<?xml version="1.0" encoding="UTF-8"?>
<testsuite xmlns:xsi="http://www.w3.org/2001/XMLSchema-instance" xsi:noNamespaceSchemaLocation="https://maven.apache.org/surefire/maven-surefire-plugin/xsd/surefire-test-report.xsd" name="org.apache.hadoop.ozone.client.rpc.TestSecureOzoneRpcClient" time="77.702" tests="82" errors="0" skipped="1" failures="1">
  <properties>
    <property name="awt.toolkit" value="sun.awt.X11.XToolkit"/>
    <property name="file.encoding.pkg" value="sun.io"/>
    <property name="java.specification.version" value="1.8"/>
    <property name="sun.cpu.isalist" value=""/>
    <property name="sun.jnu.encoding" value="ANSI_X3.4-1968"/>
    <property name="java.class.path" value="/github/workspace/mnt/ozone/hadoop-ozone/integration-test/target/test-classes:/github/workspace/mnt/ozone/hadoop-ozone/integration-test/target/classes:/home/user/.m2/repository/org/apache/hadoop/hadoop-ozone-common/1.2.0-SNAPSHOT/hadoop-ozone-common-1.2.0-SNAPSHOT.jar:/home/user/.m2/repository/org/apache/commons/commons-compress/1.20/commons-compress-1.20.jar:/home/user/.m2/repository/org/apache/hadoop/hadoop-hdds-common/1.2.0-SNAPSHOT/hadoop-hdds-common-1.2.0-SNAPSHOT.jar:/home/user/.m2/repository/org/apache/hadoop/hadoop-hdds-client/1.2.0-SNAPSHOT/hadoop-hdds-client-1.2.0-SNAPSHOT.jar:/home/user/.m2/repository/org/apache/hadoop/hadoop-ozone-interface-client/1.2.0-SNAPSHOT/hadoop-ozone-interface-client-1.2.0-SNAPSHOT.jar:/home/user/.m2/repository/org/apache/hadoop/hadoop-hdds-test-utils/1.2.0-SNAPSHOT/hadoop-hdds-test-utils-1.2.0-SNAPSHOT.jar:/home/user/.m2/repository/com/google/guava/guava/30.1.1-jre/guava-30.1.1-jre.jar:/home/user/.m2/repository/com/google/guava/failureaccess/1.0.1/failureaccess-1.0.1.jar:/home/user/.m2/repository/com/google/guava/listenablefuture/9999.0-empty-to-avoid-conflict-with-guava/listenablefuture-9999.0-empty-to-avoid-conflict-with-guava.jar:/home/user/.m2/repository/com/google/code/findbugs/jsr305/3.0.0/jsr305-3.0.0.jar:/home/user/.m2/repository/org/checkerframework/checker-qual/3.8.0/checker-qual-3.8.0.jar:/home/user/.m2/repository/com/google/errorprone/error_prone_annotations/2.2.0/error_prone_annotations-2.2.0.jar:/home/user/.m2/repository/com/google/j2objc/j2objc-annotations/1.3/j2objc-annotations-1.3.jar:/home/user/.m2/repository/commons-io/commons-io/2.5/commons-io-2.5.jar:/home/user/.m2/repository/commons-logging/commons-logging/1.2/commons-logging-1.2.jar:/home/user/.m2/repository/log4j/log4j/1.2.17/log4j-1.2.17.jar:/home/user/.m2/repository/org/slf4j/slf4j-api/1.7.30/slf4j-api-1.7.30.jar:/home/user/.m2/repository/org/apache/hadoop/hadoop-hdds-server-scm/1.2.0-SNAPSHOT/hadoop-hdds-server-scm-1.2.0-SNAPSHOT.jar:/home/user/.m2/repository/org/apache/hadoop/hadoop-hdds-container-service/1.2.0-SNAPSHOT/hadoop-hdds-container-service-1.2.0-SNAPSHOT.jar:/home/user/.m2/repository/org/apache/hadoop/hadoop-hdds-hadoop-dependency-server/1.2.0-SNAPSHOT/hadoop-hdds-hadoop-dependency-server-1.2.0-SNAPSHOT.jar:/home/user/.m2/repository/org/apache/hadoop/hadoop-hdfs/3.2.2/hadoop-hdfs-3.2.2.jar:/home/user/.m2/repository/org/apache/hadoop/hadoop-hdds-server-framework/1.2.0-SNAPSHOT/hadoop-hdds-server-framework-1.2.0-SNAPSHOT.jar:/home/user/.m2/repository/org/apache/hadoop/hadoop-hdds-interface-server/1.2.0-SNAPSHOT/hadoop-hdds-interface-server-1.2.0-SNAPSHOT.jar:/home/user/.m2/repository/org/eclipse/jetty/jetty-servlet/9.4.35.v20201120/jetty-servlet-9.4.35.v20201120.jar:/home/user/.m2/repository/org/eclipse/jetty/jetty-security/9.4.35.v20201120/jetty-security-9.4.35.v20201120.jar:/home/user/.m2/repository/org/rocksdb/rocksdbjni/6.8.1/rocksdbjni-6.8.1.jar:/home/user/.m2/repository/io/prometheus/simpleclient_dropwizard/0.7.0/simpleclient_dropwizard-0.7.0.jar:/home/user/.m2/repository/io/prometheus/simpleclient/0.7.0/simpleclient-0.7.0.jar:/home/user/.m2/repository/io/prometheus/simpleclient_common/0.7.0/simpleclient_common-0.7.0.jar:/home/user/.m2/repository/com/fasterxml/jackson/datatype/jackson-datatype-jsr310/2.12.1/jackson-datatype-jsr310-2.12.1.jar:/home/user/.m2/repository/io/dropwizard/metrics/metrics-core/3.2.4/metrics-core-3.2.4.jar:/home/user/.m2/repository/org/apache/hadoop/hadoop-hdfs-client/3.2.2/hadoop-hdfs-client-3.2.2.jar:/home/user/.m2/repository/org/bouncycastle/bcprov-jdk15on/1.67/bcprov-jdk15on-1.67.jar:/home/user/.m2/repository/com/google/protobuf/protobuf-java/2.5.0/protobuf-java-2.5.0.jar:/home/user/.m2/repository/org/apache/hadoop/hadoop-ozone-ozone-manager/1.2.0-SNAPSHOT/hadoop-ozone-ozone-manager-1.2.0-SNAPSHOT.jar:/home/user/.m2/repository/org/apache/hadoop/hadoop-hdds-interface-client/1.2.0-SNAPSHOT/hadoop-hdds-interface-client-1.2.0-SNAPSHOT.jar:/home/user/.m2/repository/org/apache/ratis/ratis-thirdparty-misc/0.7.0-a398b19-SNAPSHOT/ratis-thirdparty-misc-0.7.0-a398b19-SNAPSHOT.jar:/home/user/.m2/repository/org/apache/hadoop/hadoop-ozone-interface-storage/1.2.0-SNAPSHOT/hadoop-ozone-interface-storage-1.2.0-SNAPSHOT.jar:/home/user/.m2/repository/org/apache/hadoop/hadoop-minikdc/3.2.2/hadoop-minikdc-3.2.2.jar:/home/user/.m2/repository/org/apache/kerby/kerb-simplekdc/1.0.1/kerb-simplekdc-1.0.1.jar:/home/user/.m2/repository/org/apache/kerby/kerb-client/1.0.1/kerb-client-1.0.1.jar:/home/user/.m2/repository/org/apache/kerby/kerby-config/1.0.1/kerby-config-1.0.1.jar:/home/user/.m2/repository/org/apache/kerby/kerb-core/1.0.1/kerb-core-1.0.1.jar:/home/user/.m2/repository/org/apache/kerby/kerby-pkix/1.0.1/kerby-pkix-1.0.1.jar:/home/user/.m2/repository/org/apache/kerby/kerby-asn1/1.0.1/kerby-asn1-1.0.1.jar:/home/user/.m2/repository/org/apache/kerby/kerby-util/1.0.1/kerby-util-1.0.1.jar:/home/user/.m2/repository/org/apache/kerby/kerb-common/1.0.1/kerb-common-1.0.1.jar:/home/user/.m2/repository/org/apache/kerby/kerb-crypto/1.0.1/kerb-crypto-1.0.1.jar:/home/user/.m2/repository/org/apache/kerby/kerb-util/1.0.1/kerb-util-1.0.1.jar:/home/user/.m2/repository/org/apache/kerby/token-provider/1.0.1/token-provider-1.0.1.jar:/home/user/.m2/repository/org/apache/kerby/kerb-admin/1.0.1/kerb-admin-1.0.1.jar:/home/user/.m2/repository/org/apache/kerby/kerb-server/1.0.1/kerb-server-1.0.1.jar:/home/user/.m2/repository/org/apache/kerby/kerb-identity/1.0.1/kerb-identity-1.0.1.jar:/home/user/.m2/repository/org/apache/kerby/kerby-xdr/1.0.1/kerby-xdr-1.0.1.jar:/home/user/.m2/repository/org/slf4j/slf4j-log4j12/1.7.30/slf4j-log4j12-1.7.30.jar:/home/user/.m2/repository/org/apache/hadoop/hadoop-ozone-s3gateway/1.2.0-SNAPSHOT/hadoop-ozone-s3gateway-1.2.0-SNAPSHOT.jar:/home/user/.m2/repository/org/jboss/weld/servlet/weld-servlet/2.4.7.Final/weld-servlet-2.4.7.Final.jar:/home/user/.m2/repository/org/glassfish/jersey/containers/jersey-container-servlet-core/2.33/jersey-container-servlet-core-2.33.jar:/home/user/.m2/repository/org/glassfish/hk2/external/jakarta.inject/2.6.1/jakarta.inject-2.6.1.jar:/home/user/.m2/repository/org/glassfish/jersey/core/jersey-common/2.33/jersey-common-2.33.jar:/home/user/.m2/repository/jakarta/ws/rs/jakarta.ws.rs-api/2.1.6/jakarta.ws.rs-api-2.1.6.jar:/home/user/.m2/repository/org/glassfish/jersey/ext/cdi/jersey-cdi1x/2.33/jersey-cdi1x-2.33.jar:/home/user/.m2/repository/org/glassfish/jersey/inject/jersey-hk2/2.33/jersey-hk2-2.33.jar:/home/user/.m2/repository/org/glassfish/hk2/hk2-locator/2.6.1/hk2-locator-2.6.1.jar:/home/user/.m2/repository/org/javassist/javassist/3.25.0-GA/javassist-3.25.0-GA.jar:/home/user/.m2/repository/org/glassfish/jersey/media/jersey-media-jaxb/2.33/jersey-media-jaxb-2.33.jar:/home/user/.m2/repository/org/glassfish/hk2/osgi-resource-locator/1.0.3/osgi-resource-locator-1.0.3.jar:/home/user/.m2/repository/org/glassfish/hk2/hk2-api/2.5.0/hk2-api-2.5.0.jar:/home/user/.m2/repository/org/glassfish/hk2/hk2-utils/2.5.0/hk2-utils-2.5.0.jar:/home/user/.m2/repository/org/glassfish/hk2/external/aopalliance-repackaged/2.5.0/aopalliance-repackaged-2.5.0.jar:/home/user/.m2/repository/com/fasterxml/jackson/dataformat/jackson-dataformat-xml/2.12.1/jackson-dataformat-xml-2.12.1.jar:/home/user/.m2/repository/com/fasterxml/jackson/core/jackson-core/2.12.1/jackson-core-2.12.1.jar:/home/user/.m2/repository/com/fasterxml/jackson/module/jackson-module-jaxb-annotations/2.12.1/jackson-module-jaxb-annotations-2.12.1.jar:/home/user/.m2/repository/jakarta/xml/bind/jakarta.xml.bind-api/2.3.2/jakarta.xml.bind-api-2.3.2.jar:/home/user/.m2/repository/jakarta/activation/jakarta.activation-api/1.2.1/jakarta.activation-api-1.2.1.jar:/home/user/.m2/repository/org/codehaus/woodstox/stax2-api/3.1.4/stax2-api-3.1.4.jar:/home/user/.m2/repository/com/fasterxml/woodstox/woodstox-core/5.0.3/woodstox-core-5.0.3.jar:/home/user/.m2/repository/javax/enterprise/cdi-api/1.2/cdi-api-1.2.jar:/home/user/.m2/repository/javax/el/javax.el-api/3.0.0/javax.el-api-3.0.0.jar:/home/user/.m2/repository/javax/interceptor/javax.interceptor-api/1.2/javax.interceptor-api-1.2.jar:/home/user/.m2/repository/javax/inject/javax.inject/1/javax.inject-1.jar:/home/user/.m2/repository/javax/xml/bind/jaxb-api/2.3.0/jaxb-api-2.3.0.jar:/home/user/.m2/repository/org/glassfish/jaxb/jaxb-runtime/2.3.0.1/jaxb-runtime-2.3.0.1.jar:/home/user/.m2/repository/org/glassfish/jaxb/jaxb-core/2.3.0.1/jaxb-core-2.3.0.1.jar:/home/user/.m2/repository/org/glassfish/jaxb/txw2/2.3.0.1/txw2-2.3.0.1.jar:/home/user/.m2/repository/com/sun/istack/istack-commons-runtime/3.0.5/istack-commons-runtime-3.0.5.jar:/home/user/.m2/repository/org/jvnet/staxex/stax-ex/1.7.8/stax-ex-1.7.8.jar:/home/user/.m2/repository/com/sun/xml/fastinfoset/FastInfoset/1.2.13/FastInfoset-1.2.13.jar:/home/user/.m2/repository/javax/activation/activation/1.1.1/activation-1.1.1.jar:/home/user/.m2/repository/org/apache/hadoop/hadoop-ozone-csi/1.2.0-SNAPSHOT/hadoop-ozone-csi-1.2.0-SNAPSHOT.jar:/home/user/.m2/repository/com/google/protobuf/protobuf-java-util/3.12.0/protobuf-java-util-3.12.0.jar:/home/user/.m2/repository/com/google/code/gson/gson/2.2.4/gson-2.2.4.jar:/home/user/.m2/repository/org/apache/hadoop/hadoop-hdds-config/1.2.0-SNAPSHOT/hadoop-hdds-config-1.2.0-SNAPSHOT.jar:/home/user/.m2/repository/io/grpc/grpc-netty/1.33.0/grpc-netty-1.33.0.jar:/home/user/.m2/repository/io/grpc/grpc-core/1.33.0/grpc-core-1.33.0.jar:/home/user/.m2/repository/com/google/android/annotations/4.1.1.4/annotations-4.1.1.4.jar:/home/user/.m2/repository/io/netty/netty-codec-http2/4.1.51.Final/netty-codec-http2-4.1.51.Final.jar:/home/user/.m2/repository/io/netty/netty-codec/4.1.51.Final/netty-codec-4.1.51.Final.jar:/home/user/.m2/repository/io/netty/netty-handler/4.1.51.Final/netty-handler-4.1.51.Final.jar:/home/user/.m2/repository/io/netty/netty-codec-http/4.1.51.Final/netty-codec-http-4.1.51.Final.jar:/home/user/.m2/repository/io/netty/netty-handler-proxy/4.1.51.Final/netty-handler-proxy-4.1.51.Final.jar:/home/user/.m2/repository/io/netty/netty-codec-socks/4.1.51.Final/netty-codec-socks-4.1.51.Final.jar:/home/user/.m2/repository/io/perfmark/perfmark-api/0.19.0/perfmark-api-0.19.0.jar:/home/user/.m2/repository/org/codehaus/mojo/animal-sniffer-annotations/1.18/animal-sniffer-annotations-1.18.jar:/home/user/.m2/repository/io/netty/netty-transport-native-epoll/4.1.63.Final/netty-transport-native-epoll-4.1.63.Final.jar:/home/user/.m2/repository/io/netty/netty-common/4.1.63.Final/netty-common-4.1.63.Final.jar:/home/user/.m2/repository/io/netty/netty-buffer/4.1.63.Final/netty-buffer-4.1.63.Final.jar:/home/user/.m2/repository/io/netty/netty-transport/4.1.63.Final/netty-transport-4.1.63.Final.jar:/home/user/.m2/repository/io/netty/netty-resolver/4.1.63.Final/netty-resolver-4.1.63.Final.jar:/home/user/.m2/repository/io/netty/netty-transport-native-unix-common/4.1.63.Final/netty-transport-native-unix-common-4.1.63.Final.jar:/home/user/.m2/repository/io/grpc/grpc-protobuf/1.33.0/grpc-protobuf-1.33.0.jar:/home/user/.m2/repository/io/grpc/grpc-api/1.33.0/grpc-api-1.33.0.jar:/home/user/.m2/repository/io/grpc/grpc-context/1.33.0/grpc-context-1.33.0.jar:/home/user/.m2/repository/com/google/api/grpc/proto-google-common-protos/1.17.0/proto-google-common-protos-1.17.0.jar:/home/user/.m2/repository/io/grpc/grpc-protobuf-lite/1.33.0/grpc-protobuf-lite-1.33.0.jar:/home/user/.m2/repository/io/grpc/grpc-stub/1.33.0/grpc-stub-1.33.0.jar:/home/user/.m2/repository/org/apache/hadoop/hadoop-ozone-recon/1.2.0-SNAPSHOT/hadoop-ozone-recon-1.2.0-SNAPSHOT.jar:/home/user/.m2/repository/org/apache/hadoop/hadoop-ozone-reconcodegen/1.2.0-SNAPSHOT/hadoop-ozone-reconcodegen-1.2.0-SNAPSHOT.jar:/home/user/.m2/repository/com/google/inject/extensions/guice-multibindings/4.0/guice-multibindings-4.0.jar:/home/user/.m2/repository/com/google/inject/guice/4.0/guice-4.0.jar:/home/user/.m2/repository/aopalliance/aopalliance/1.0/aopalliance-1.0.jar:/home/user/.m2/repository/com/google/inject/extensions/guice-assistedinject/4.0/guice-assistedinject-4.0.jar:/home/user/.m2/repository/com/google/inject/extensions/guice-servlet/4.0/guice-servlet-4.0.jar:/home/user/.m2/repository/org/glassfish/jersey/containers/jersey-container-servlet/2.33/jersey-container-servlet-2.33.jar:/home/user/.m2/repository/org/glassfish/hk2/guice-bridge/2.5.0/guice-bridge-2.5.0.jar:/home/user/.m2/repository/org/glassfish/jersey/core/jersey-server/2.33/jersey-server-2.33.jar:/home/user/.m2/repository/org/glassfish/jersey/core/jersey-client/2.33/jersey-client-2.33.jar:/home/user/.m2/repository/jakarta/annotation/jakarta.annotation-api/1.3.5/jakarta.annotation-api-1.3.5.jar:/home/user/.m2/repository/jakarta/validation/jakarta.validation-api/2.0.2/jakarta.validation-api-2.0.2.jar:/home/user/.m2/repository/org/glassfish/jersey/media/jersey-media-json-jackson/2.33/jersey-media-json-jackson-2.33.jar:/home/user/.m2/repository/org/glassfish/jersey/ext/jersey-entity-filtering/2.33/jersey-entity-filtering-2.33.jar:/home/user/.m2/repository/org/jooq/jooq/3.11.10/jooq-3.11.10.jar:/home/user/.m2/repository/org/jooq/jooq-meta/3.11.10/jooq-meta-3.11.10.jar:/home/user/.m2/repository/org/jooq/jooq-codegen/3.11.10/jooq-codegen-3.11.10.jar:/home/user/.m2/repository/com/jolbox/bonecp/0.8.0.RELEASE/bonecp-0.8.0.RELEASE.jar:/home/user/.m2/repository/org/apache/derby/derby/10.14.2.0/derby-10.14.2.0.jar:/home/user/.m2/repository/org/xerial/sqlite-jdbc/3.25.2/sqlite-jdbc-3.25.2.jar:/home/user/.m2/repository/org/springframework/spring-jdbc/5.2.11.RELEASE/spring-jdbc-5.2.11.RELEASE.jar:/home/user/.m2/repository/org/springframework/spring-beans/5.2.11.RELEASE/spring-beans-5.2.11.RELEASE.jar:/home/user/.m2/repository/org/springframework/spring-core/5.2.11.RELEASE/spring-core-5.2.11.RELEASE.jar:/home/user/.m2/repository/org/springframework/spring-jcl/5.2.11.RELEASE/spring-jcl-5.2.11.RELEASE.jar:/home/user/.m2/repository/org/springframework/spring-tx/5.2.11.RELEASE/spring-tx-5.2.11.RELEASE.jar:/home/user/.m2/repository/org/apache/hadoop/hadoop-ozone-client/1.2.0-SNAPSHOT/hadoop-ozone-client-1.2.0-SNAPSHOT.jar:/home/user/.m2/repository/org/apache/hadoop/hadoop-ozone-filesystem/1.2.0-SNAPSHOT/hadoop-ozone-filesystem-1.2.0-SNAPSHOT.jar:/home/user/.m2/repository/org/apache/hadoop/hadoop-ozone-filesystem-common/1.2.0-SNAPSHOT/hadoop-ozone-filesystem-common-1.2.0-SNAPSHOT.jar:/home/user/.m2/repository/org/apache/hadoop/hadoop-ozone-tools/1.2.0-SNAPSHOT/hadoop-ozone-tools-1.2.0-SNAPSHOT.jar:/home/user/.m2/repository/org/apache/ratis/ratis-tools/2.1.0-ff8aa66-SNAPSHOT/ratis-tools-2.1.0-ff8aa66-SNAPSHOT.jar:/home/user/.m2/repository/org/apache/ratis/ratis-proto/2.1.0-ff8aa66-SNAPSHOT/ratis-proto-2.1.0-ff8aa66-SNAPSHOT.jar:/home/user/.m2/repository/org/apache/ratis/ratis-common/2.1.0-ff8aa66-SNAPSHOT/ratis-common-2.1.0-ff8aa66-SNAPSHOT.jar:/home/user/.m2/repository/com/amazonaws/aws-java-sdk-core/1.11.901/aws-java-sdk-core-1.11.901.jar:/home/user/.m2/repository/org/apache/httpcomponents/httpclient/4.5.13/httpclient-4.5.13.jar:/home/user/.m2/repository/org/apache/httpcomponents/httpcore/4.4.13/httpcore-4.4.13.jar:/home/user/.m2/repository/software/amazon/ion/ion-java/1.0.2/ion-java-1.0.2.jar:/home/user/.m2/repository/com/fasterxml/jackson/dataformat/jackson-dataformat-cbor/2.12.1/jackson-dataformat-cbor-2.12.1.jar:/home/user/.m2/repository/joda-time/joda-time/2.8.1/joda-time-2.8.1.jar:/home/user/.m2/repository/com/amazonaws/aws-java-sdk-s3/1.11.901/aws-java-sdk-s3-1.11.901.jar:/home/user/.m2/repository/com/amazonaws/aws-java-sdk-kms/1.11.901/aws-java-sdk-kms-1.11.901.jar:/home/user/.m2/repository/com/amazonaws/jmespath-java/1.11.901/jmespath-java-1.11.901.jar:/home/user/.m2/repository/org/kohsuke/metainf-services/metainf-services/1.8/metainf-services-1.8.jar:/home/user/.m2/repository/org/apache/hadoop/hadoop-hdds-tools/1.2.0-SNAPSHOT/hadoop-hdds-tools-1.2.0-SNAPSHOT.jar:/home/user/.m2/repository/commons-cli/commons-cli/1.2/commons-cli-1.2.jar:/home/user/.m2/repository/org/apache/commons/commons-lang3/3.7/commons-lang3-3.7.jar:/home/user/.m2/repository/org/apache/hadoop/hadoop-ozone-ozone-manager/1.2.0-SNAPSHOT/hadoop-ozone-ozone-manager-1.2.0-SNAPSHOT-tests.jar:/home/user/.m2/repository/org/apache/hadoop/hadoop-hdds-common/1.2.0-SNAPSHOT/hadoop-hdds-common-1.2.0-SNAPSHOT-tests.jar:/home/user/.m2/repository/org/apache/hadoop/hadoop-hdds-hadoop-dependency-client/1.2.0-SNAPSHOT/hadoop-hdds-hadoop-dependency-client-1.2.0-SNAPSHOT.jar:/home/user/.m2/repository/info/picocli/picocli/4.4.0/picocli-4.4.0.jar:/home/user/.m2/repository/com/fasterxml/jackson/core/jackson-annotations/2.12.1/jackson-annotations-2.12.1.jar:/home/user/.m2/repository/javax/annotation/javax.annotation-api/1.2/javax.annotation-api-1.2.jar:/home/user/.m2/repository/org/fusesource/leveldbjni/leveldbjni-all/1.8/leveldbjni-all-1.8.jar:/home/user/.m2/repository/org/apache/ratis/ratis-server/2.1.0-ff8aa66-SNAPSHOT/ratis-server-2.1.0-ff8aa66-SNAPSHOT.jar:/home/user/.m2/repository/org/apache/ratis/ratis-client/2.1.0-ff8aa66-SNAPSHOT/ratis-client-2.1.0-ff8aa66-SNAPSHOT.jar:/home/user/.m2/repository/org/apache/ratis/ratis-server-api/2.1.0-ff8aa66-SNAPSHOT/ratis-server-api-2.1.0-ff8aa66-SNAPSHOT.jar:/home/user/.m2/repository/org/apache/ratis/ratis-metrics/2.1.0-ff8aa66-SNAPSHOT/ratis-metrics-2.1.0-ff8aa66-SNAPSHOT.jar:/home/user/.m2/repository/org/apache/ratis/ratis-netty/2.1.0-ff8aa66-SNAPSHOT/ratis-netty-2.1.0-ff8aa66-SNAPSHOT.jar:/home/user/.m2/repository/org/apache/ratis/ratis-grpc/2.1.0-ff8aa66-SNAPSHOT/ratis-grpc-2.1.0-ff8aa66-SNAPSHOT.jar:/home/user/.m2/repository/org/apache/logging/log4j/log4j-api/2.13.3/log4j-api-2.13.3.jar:/home/user/.m2/repository/org/apache/logging/log4j/log4j-core/2.13.3/log4j-core-2.13.3.jar:/home/user/.m2/repository/com/lmax/disruptor/3.4.2/disruptor-3.4.2.jar:/home/user/.m2/repository/org/apache/commons/commons-pool2/2.6.0/commons-pool2-2.6.0.jar:/home/user/.m2/repository/org/bouncycastle/bcpkix-jdk15on/1.67/bcpkix-jdk15on-1.67.jar:/home/user/.m2/repository/commons-validator/commons-validator/1.6/commons-validator-1.6.jar:/home/user/.m2/repository/commons-beanutils/commons-beanutils/1.9.4/commons-beanutils-1.9.4.jar:/home/user/.m2/repository/commons-digester/commons-digester/1.8.1/commons-digester-1.8.1.jar:/home/user/.m2/repository/commons-collections/commons-collections/3.2.2/commons-collections-3.2.2.jar:/home/user/.m2/repository/io/jaegertracing/jaeger-client/1.6.0/jaeger-client-1.6.0.jar:/home/user/.m2/repository/io/jaegertracing/jaeger-thrift/1.6.0/jaeger-thrift-1.6.0.jar:/home/user/.m2/repository/org/apache/thrift/libthrift/0.14.1/libthrift-0.14.1.jar:/home/user/.m2/repository/com/squareup/okhttp3/okhttp/4.9.0/okhttp-4.9.0.jar:/home/user/.m2/repository/com/squareup/okio/okio/2.8.0/okio-2.8.0.jar:/home/user/.m2/repository/io/jaegertracing/jaeger-core/1.6.0/jaeger-core-1.6.0.jar:/home/user/.m2/repository/io/jaegertracing/jaeger-tracerresolver/1.6.0/jaeger-tracerresolver-1.6.0.jar:/home/user/.m2/repository/io/opentracing/contrib/opentracing-tracerresolver/0.1.8/opentracing-tracerresolver-0.1.8.jar:/home/user/.m2/repository/org/jetbrains/kotlin/kotlin-stdlib/1.4.31/kotlin-stdlib-1.4.31.jar:/home/user/.m2/repository/org/jetbrains/kotlin/kotlin-stdlib-common/1.4.31/kotlin-stdlib-common-1.4.31.jar:/home/user/.m2/repository/org/jetbrains/annotations/13.0/annotations-13.0.jar:/home/user/.m2/repository/io/opentracing/opentracing-util/0.33.0/opentracing-util-0.33.0.jar:/home/user/.m2/repository/io/opentracing/opentracing-api/0.33.0/opentracing-api-0.33.0.jar:/home/user/.m2/repository/io/opentracing/opentracing-noop/0.33.0/opentracing-noop-0.33.0.jar:/home/user/.m2/repository/org/yaml/snakeyaml/1.26/snakeyaml-1.26.jar:/home/user/.m2/repository/org/apache/hadoop/hadoop-hdds-interface-admin/1.2.0-SNAPSHOT/hadoop-hdds-interface-admin-1.2.0-SNAPSHOT.jar:/home/user/.m2/repository/junit/junit/4.13.1/junit-4.13.1.jar:/home/user/.m2/repository/org/hamcrest/hamcrest-core/1.3/hamcrest-core-1.3.jar:/home/user/.m2/repository/org/junit/jupiter/junit-jupiter-api/5.7.0/junit-jupiter-api-5.7.0.jar:/home/user/.m2/repository/org/apiguardian/apiguardian-api/1.1.0/apiguardian-api-1.1.0.jar:/home/user/.m2/repository/org/opentest4j/opentest4j/1.2.0/opentest4j-1.2.0.jar:/home/user/.m2/repository/org/junit/platform/junit-platform-commons/1.7.0/junit-platform-commons-1.7.0.jar:/home/user/.m2/repository/org/junit/jupiter/junit-jupiter-engine/5.7.0/junit-jupiter-engine-5.7.0.jar:/home/user/.m2/repository/org/junit/platform/junit-platform-engine/1.7.0/junit-platform-engine-1.7.0.jar:/home/user/.m2/repository/org/junit/vintage/junit-vintage-engine/5.7.0/junit-vintage-engine-5.7.0.jar:/home/user/.m2/repository/org/junit/platform/junit-platform-launcher/1.7.0/junit-platform-launcher-1.7.0.jar:/home/user/.m2/repository/org/openjdk/jmh/jmh-core/1.19/jmh-core-1.19.jar:/home/user/.m2/repository/net/sf/jopt-simple/jopt-simple/4.6/jopt-simple-4.6.jar:/home/user/.m2/repository/org/apache/commons/commons-math3/3.1.1/commons-math3-3.1.1.jar:/home/user/.m2/repository/org/openjdk/jmh/jmh-generator-annprocess/1.19/jmh-generator-annprocess-1.19.jar:/home/user/.m2/repository/org/mockito/mockito-all/1.8.5/mockito-all-1.8.5.jar:/home/user/.m2/repository/org/apache/hadoop/hadoop-kms/3.2.2/hadoop-kms-3.2.2.jar:/home/user/.m2/repository/org/apache/hadoop/hadoop-auth/3.2.2/hadoop-auth-3.2.2.jar:/home/user/.m2/repository/com/nimbusds/nimbus-jose-jwt/7.9/nimbus-jose-jwt-7.9.jar:/home/user/.m2/repository/com/github/stephenc/jcip/jcip-annotations/1.0-1/jcip-annotations-1.0-1.jar:/home/user/.m2/repository/net/minidev/json-smart/2.3/json-smart-2.3.jar:/home/user/.m2/repository/net/minidev/accessors-smart/1.2/accessors-smart-1.2.jar:/home/user/.m2/repository/org/ow2/asm/asm/5.0.4/asm-5.0.4.jar:/home/user/.m2/repository/org/apache/zookeeper/zookeeper/3.4.13/zookeeper-3.4.13.jar:/home/user/.m2/repository/org/apache/yetus/audience-annotations/0.5.0/audience-annotations-0.5.0.jar:/home/user/.m2/repository/org/apache/curator/curator-framework/2.13.0/curator-framework-2.13.0.jar:/home/user/.m2/repository/com/sun/jersey/jersey-core/1.19/jersey-core-1.19.jar:/home/user/.m2/repository/javax/ws/rs/jsr311-api/1.1.1/jsr311-api-1.1.1.jar:/home/user/.m2/repository/com/sun/jersey/jersey-server/1.19/jersey-server-1.19.jar:/home/user/.m2/repository/javax/servlet/javax.servlet-api/3.1.0/javax.servlet-api-3.1.0.jar:/home/user/.m2/repository/org/eclipse/jetty/jetty-server/9.4.35.v20201120/jetty-server-9.4.35.v20201120.jar:/home/user/.m2/repository/org/eclipse/jetty/jetty-http/9.4.35.v20201120/jetty-http-9.4.35.v20201120.jar:/home/user/.m2/repository/org/eclipse/jetty/jetty-io/9.4.35.v20201120/jetty-io-9.4.35.v20201120.jar:/home/user/.m2/repository/org/eclipse/jetty/jetty-webapp/9.4.35.v20201120/jetty-webapp-9.4.35.v20201120.jar:/home/user/.m2/repository/org/eclipse/jetty/jetty-xml/9.4.35.v20201120/jetty-xml-9.4.35.v20201120.jar:/home/user/.m2/repository/org/apache/hadoop/hadoop-common/3.2.2/hadoop-common-3.2.2.jar:/home/user/.m2/repository/commons-net/commons-net/3.6/commons-net-3.6.jar:/home/user/.m2/repository/javax/activation/javax.activation-api/1.2.0/javax.activation-api-1.2.0.jar:/home/user/.m2/repository/com/sun/jersey/jersey-servlet/1.19/jersey-servlet-1.19.jar:/home/user/.m2/repository/com/sun/jersey/jersey-json/1.19/jersey-json-1.19.jar:/home/user/.m2/repository/org/codehaus/jettison/jettison/1.1/jettison-1.1.jar:/home/user/.m2/repository/com/sun/xml/bind/jaxb-impl/2.2.3-1/jaxb-impl-2.2.3-1.jar:/home/user/.m2/repository/org/codehaus/jackson/jackson-jaxrs/1.9.2/jackson-jaxrs-1.9.2.jar:/home/user/.m2/repository/org/codehaus/jackson/jackson-xc/1.9.2/jackson-xc-1.9.2.jar:/home/user/.m2/repository/org/apache/commons/commons-configuration2/2.1.1/commons-configuration2-2.1.1.jar:/home/user/.m2/repository/org/apache/commons/commons-text/1.4/commons-text-1.4.jar:/home/user/.m2/repository/com/google/re2j/re2j/1.1/re2j-1.1.jar:/home/user/.m2/repository/com/jcraft/jsch/0.1.54/jsch-0.1.54.jar:/home/user/.m2/repository/org/apache/curator/curator-client/2.13.0/curator-client-2.13.0.jar:/home/user/.m2/repository/org/apache/curator/curator-recipes/2.13.0/curator-recipes-2.13.0.jar:/home/user/.m2/repository/dnsjava/dnsjava/2.1.7/dnsjava-2.1.7.jar:/home/user/.m2/repository/org/slf4j/jul-to-slf4j/1.7.30/jul-to-slf4j-1.7.30.jar:/home/user/.m2/repository/org/eclipse/jetty/jetty-util/9.4.35.v20201120/jetty-util-9.4.35.v20201120.jar:/home/user/.m2/repository/com/fasterxml/jackson/core/jackson-databind/2.12.1/jackson-databind-2.12.1.jar:/home/user/.m2/repository/org/apache/hadoop/hadoop-kms/3.2.2/hadoop-kms-3.2.2-tests.jar:/home/user/.m2/repository/org/apache/hadoop/hadoop-hdds-server-scm/1.2.0-SNAPSHOT/hadoop-hdds-server-scm-1.2.0-SNAPSHOT-tests.jar:/home/user/.m2/repository/org/apache/hadoop/hadoop-hdds-container-service/1.2.0-SNAPSHOT/hadoop-hdds-container-service-1.2.0-SNAPSHOT-tests.jar:/home/user/.m2/repository/commons-codec/commons-codec/1.11/commons-codec-1.11.jar:/home/user/.m2/repository/org/apache/hadoop/hadoop-hdds-hadoop-dependency-test/1.2.0-SNAPSHOT/hadoop-hdds-hadoop-dependency-test-1.2.0-SNAPSHOT.jar:/home/user/.m2/repository/org/apache/hadoop/hadoop-common/3.2.2/hadoop-common-3.2.2-tests.jar:/home/user/.m2/repository/org/apache/hadoop/hadoop-hdfs/3.2.2/hadoop-hdfs-3.2.2-tests.jar:/home/user/.m2/repository/org/eclipse/jetty/jetty-util-ajax/9.4.35.v20201120/jetty-util-ajax-9.4.35.v20201120.jar:/home/user/.m2/repository/commons-daemon/commons-daemon/1.0.13/commons-daemon-1.0.13.jar:/home/user/.m2/repository/io/netty/netty/3.10.6.Final/netty-3.10.6.Final.jar:/home/user/.m2/repository/io/netty/netty-all/4.1.63.Final/netty-all-4.1.63.Final.jar:/home/user/.m2/repository/org/apache/htrace/htrace-core4/4.1.0-incubating/htrace-core4-4.1.0-incubating.jar:/home/user/.m2/repository/org/apache/hadoop/hadoop-distcp/3.2.2/hadoop-distcp-3.2.2.jar:/home/user/.m2/repository/org/apache/hadoop/hadoop-mapreduce-client-jobclient/3.2.2/hadoop-mapreduce-client-jobclient-3.2.2.jar:/home/user/.m2/repository/org/apache/hadoop/hadoop-mapreduce-client-common/3.2.2/hadoop-mapreduce-client-common-3.2.2.jar:/home/user/.m2/repository/org/apache/hadoop/hadoop-yarn-common/3.2.2/hadoop-yarn-common-3.2.2.jar:/home/user/.m2/repository/org/apache/hadoop/hadoop-yarn-api/3.2.2/hadoop-yarn-api-3.2.2.jar:/home/user/.m2/repository/com/sun/jersey/jersey-client/1.19/jersey-client-1.19.jar:/home/user/.m2/repository/com/sun/jersey/contribs/jersey-guice/1.19/jersey-guice-1.19.jar:/home/user/.m2/repository/com/fasterxml/jackson/jaxrs/jackson-jaxrs-json-provider/2.12.1/jackson-jaxrs-json-provider-2.12.1.jar:/home/user/.m2/repository/com/fasterxml/jackson/jaxrs/jackson-jaxrs-base/2.12.1/jackson-jaxrs-base-2.12.1.jar:/home/user/.m2/repository/org/apache/hadoop/hadoop-yarn-client/3.2.2/hadoop-yarn-client-3.2.2.jar:/home/user/.m2/repository/org/apache/hadoop/hadoop-mapreduce-client-core/3.2.2/hadoop-mapreduce-client-core-3.2.2.jar:/home/user/.m2/repository/org/apache/avro/avro/1.7.7/avro-1.7.7.jar:/home/user/.m2/repository/org/codehaus/jackson/jackson-core-asl/1.9.13/jackson-core-asl-1.9.13.jar:/home/user/.m2/repository/org/codehaus/jackson/jackson-mapper-asl/1.9.13/jackson-mapper-asl-1.9.13.jar:/home/user/.m2/repository/com/thoughtworks/paranamer/paranamer/2.3/paranamer-2.3.jar:/home/user/.m2/repository/org/xerial/snappy/snappy-java/1.0.5/snappy-java-1.0.5.jar:/home/user/.m2/repository/org/apache/hadoop/hadoop-annotations/3.2.2/hadoop-annotations-3.2.2.jar:/usr/lib/jvm/java-1.8.0-openjdk-1.8.0.232.b09-0.el7_7.x86_64/jre/../lib/tools.jar:/home/user/.m2/repository/org/apache/hadoop/hadoop-distcp/3.2.2/hadoop-distcp-3.2.2-tests.jar:"/>
    <property name="java.vm.vendor" value="Oracle Corporation"/>
    <property name="sun.arch.data.model" value="64"/>
    <property name="test.build.dir" value="/github/workspace/mnt/ozone/hadoop-ozone/integration-test/target/test-dir"/>
    <property name="test.cache.data" value=""/>
    <property name="java.vendor.url" value="http://java.oracle.com/"/>
    <property name="user.timezone" value=""/>
    <property name="java.vm.specification.version" value="1.8"/>
    <property name="os.name" value="Linux"/>
    <property name="test.build.data" value="/github/workspace/mnt/ozone/hadoop-ozone/integration-test/target/test-dir"/>
    <property name="user.country" value="US"/>
    <property name="sun.java.launcher" value="SUN_STANDARD"/>
    <property name="sun.boot.library.path" value="/usr/lib/jvm/java-1.8.0-openjdk-1.8.0.232.b09-0.el7_7.x86_64/jre/lib/amd64"/>
    <property name="sun.java.command" value="/github/workspace/mnt/ozone/hadoop-ozone/integration-test/target/surefire/surefirebooter7226427210110696201.jar /github/workspace/mnt/ozone/hadoop-ozone/integration-test/target/surefire 2021-05-01T13-11-56_676-jvmRun1 surefire3543507674455069067tmp surefire_204400809196955664752tmp"/>
    <property name="surefire.test.class.path" value="/github/workspace/mnt/ozone/hadoop-ozone/integration-test/target/test-classes:/github/workspace/mnt/ozone/hadoop-ozone/integration-test/target/classes:/home/user/.m2/repository/org/apache/hadoop/hadoop-ozone-common/1.2.0-SNAPSHOT/hadoop-ozone-common-1.2.0-SNAPSHOT.jar:/home/user/.m2/repository/org/apache/commons/commons-compress/1.20/commons-compress-1.20.jar:/home/user/.m2/repository/org/apache/hadoop/hadoop-hdds-common/1.2.0-SNAPSHOT/hadoop-hdds-common-1.2.0-SNAPSHOT.jar:/home/user/.m2/repository/org/apache/hadoop/hadoop-hdds-client/1.2.0-SNAPSHOT/hadoop-hdds-client-1.2.0-SNAPSHOT.jar:/home/user/.m2/repository/org/apache/hadoop/hadoop-ozone-interface-client/1.2.0-SNAPSHOT/hadoop-ozone-interface-client-1.2.0-SNAPSHOT.jar:/home/user/.m2/repository/org/apache/hadoop/hadoop-hdds-test-utils/1.2.0-SNAPSHOT/hadoop-hdds-test-utils-1.2.0-SNAPSHOT.jar:/home/user/.m2/repository/com/google/guava/guava/30.1.1-jre/guava-30.1.1-jre.jar:/home/user/.m2/repository/com/google/guava/failureaccess/1.0.1/failureaccess-1.0.1.jar:/home/user/.m2/repository/com/google/guava/listenablefuture/9999.0-empty-to-avoid-conflict-with-guava/listenablefuture-9999.0-empty-to-avoid-conflict-with-guava.jar:/home/user/.m2/repository/com/google/code/findbugs/jsr305/3.0.0/jsr305-3.0.0.jar:/home/user/.m2/repository/org/checkerframework/checker-qual/3.8.0/checker-qual-3.8.0.jar:/home/user/.m2/repository/com/google/errorprone/error_prone_annotations/2.2.0/error_prone_annotations-2.2.0.jar:/home/user/.m2/repository/com/google/j2objc/j2objc-annotations/1.3/j2objc-annotations-1.3.jar:/home/user/.m2/repository/commons-io/commons-io/2.5/commons-io-2.5.jar:/home/user/.m2/repository/commons-logging/commons-logging/1.2/commons-logging-1.2.jar:/home/user/.m2/repository/log4j/log4j/1.2.17/log4j-1.2.17.jar:/home/user/.m2/repository/org/slf4j/slf4j-api/1.7.30/slf4j-api-1.7.30.jar:/home/user/.m2/repository/org/apache/hadoop/hadoop-hdds-server-scm/1.2.0-SNAPSHOT/hadoop-hdds-server-scm-1.2.0-SNAPSHOT.jar:/home/user/.m2/repository/org/apache/hadoop/hadoop-hdds-container-service/1.2.0-SNAPSHOT/hadoop-hdds-container-service-1.2.0-SNAPSHOT.jar:/home/user/.m2/repository/org/apache/hadoop/hadoop-hdds-hadoop-dependency-server/1.2.0-SNAPSHOT/hadoop-hdds-hadoop-dependency-server-1.2.0-SNAPSHOT.jar:/home/user/.m2/repository/org/apache/hadoop/hadoop-hdfs/3.2.2/hadoop-hdfs-3.2.2.jar:/home/user/.m2/repository/org/apache/hadoop/hadoop-hdds-server-framework/1.2.0-SNAPSHOT/hadoop-hdds-server-framework-1.2.0-SNAPSHOT.jar:/home/user/.m2/repository/org/apache/hadoop/hadoop-hdds-interface-server/1.2.0-SNAPSHOT/hadoop-hdds-interface-server-1.2.0-SNAPSHOT.jar:/home/user/.m2/repository/org/eclipse/jetty/jetty-servlet/9.4.35.v20201120/jetty-servlet-9.4.35.v20201120.jar:/home/user/.m2/repository/org/eclipse/jetty/jetty-security/9.4.35.v20201120/jetty-security-9.4.35.v20201120.jar:/home/user/.m2/repository/org/rocksdb/rocksdbjni/6.8.1/rocksdbjni-6.8.1.jar:/home/user/.m2/repository/io/prometheus/simpleclient_dropwizard/0.7.0/simpleclient_dropwizard-0.7.0.jar:/home/user/.m2/repository/io/prometheus/simpleclient/0.7.0/simpleclient-0.7.0.jar:/home/user/.m2/repository/io/prometheus/simpleclient_common/0.7.0/simpleclient_common-0.7.0.jar:/home/user/.m2/repository/com/fasterxml/jackson/datatype/jackson-datatype-jsr310/2.12.1/jackson-datatype-jsr310-2.12.1.jar:/home/user/.m2/repository/io/dropwizard/metrics/metrics-core/3.2.4/metrics-core-3.2.4.jar:/home/user/.m2/repository/org/apache/hadoop/hadoop-hdfs-client/3.2.2/hadoop-hdfs-client-3.2.2.jar:/home/user/.m2/repository/org/bouncycastle/bcprov-jdk15on/1.67/bcprov-jdk15on-1.67.jar:/home/user/.m2/repository/com/google/protobuf/protobuf-java/2.5.0/protobuf-java-2.5.0.jar:/home/user/.m2/repository/org/apache/hadoop/hadoop-ozone-ozone-manager/1.2.0-SNAPSHOT/hadoop-ozone-ozone-manager-1.2.0-SNAPSHOT.jar:/home/user/.m2/repository/org/apache/hadoop/hadoop-hdds-interface-client/1.2.0-SNAPSHOT/hadoop-hdds-interface-client-1.2.0-SNAPSHOT.jar:/home/user/.m2/repository/org/apache/ratis/ratis-thirdparty-misc/0.7.0-a398b19-SNAPSHOT/ratis-thirdparty-misc-0.7.0-a398b19-SNAPSHOT.jar:/home/user/.m2/repository/org/apache/hadoop/hadoop-ozone-interface-storage/1.2.0-SNAPSHOT/hadoop-ozone-interface-storage-1.2.0-SNAPSHOT.jar:/home/user/.m2/repository/org/apache/hadoop/hadoop-minikdc/3.2.2/hadoop-minikdc-3.2.2.jar:/home/user/.m2/repository/org/apache/kerby/kerb-simplekdc/1.0.1/kerb-simplekdc-1.0.1.jar:/home/user/.m2/repository/org/apache/kerby/kerb-client/1.0.1/kerb-client-1.0.1.jar:/home/user/.m2/repository/org/apache/kerby/kerby-config/1.0.1/kerby-config-1.0.1.jar:/home/user/.m2/repository/org/apache/kerby/kerb-core/1.0.1/kerb-core-1.0.1.jar:/home/user/.m2/repository/org/apache/kerby/kerby-pkix/1.0.1/kerby-pkix-1.0.1.jar:/home/user/.m2/repository/org/apache/kerby/kerby-asn1/1.0.1/kerby-asn1-1.0.1.jar:/home/user/.m2/repository/org/apache/kerby/kerby-util/1.0.1/kerby-util-1.0.1.jar:/home/user/.m2/repository/org/apache/kerby/kerb-common/1.0.1/kerb-common-1.0.1.jar:/home/user/.m2/repository/org/apache/kerby/kerb-crypto/1.0.1/kerb-crypto-1.0.1.jar:/home/user/.m2/repository/org/apache/kerby/kerb-util/1.0.1/kerb-util-1.0.1.jar:/home/user/.m2/repository/org/apache/kerby/token-provider/1.0.1/token-provider-1.0.1.jar:/home/user/.m2/repository/org/apache/kerby/kerb-admin/1.0.1/kerb-admin-1.0.1.jar:/home/user/.m2/repository/org/apache/kerby/kerb-server/1.0.1/kerb-server-1.0.1.jar:/home/user/.m2/repository/org/apache/kerby/kerb-identity/1.0.1/kerb-identity-1.0.1.jar:/home/user/.m2/repository/org/apache/kerby/kerby-xdr/1.0.1/kerby-xdr-1.0.1.jar:/home/user/.m2/repository/org/slf4j/slf4j-log4j12/1.7.30/slf4j-log4j12-1.7.30.jar:/home/user/.m2/repository/org/apache/hadoop/hadoop-ozone-s3gateway/1.2.0-SNAPSHOT/hadoop-ozone-s3gateway-1.2.0-SNAPSHOT.jar:/home/user/.m2/repository/org/jboss/weld/servlet/weld-servlet/2.4.7.Final/weld-servlet-2.4.7.Final.jar:/home/user/.m2/repository/org/glassfish/jersey/containers/jersey-container-servlet-core/2.33/jersey-container-servlet-core-2.33.jar:/home/user/.m2/repository/org/glassfish/hk2/external/jakarta.inject/2.6.1/jakarta.inject-2.6.1.jar:/home/user/.m2/repository/org/glassfish/jersey/core/jersey-common/2.33/jersey-common-2.33.jar:/home/user/.m2/repository/jakarta/ws/rs/jakarta.ws.rs-api/2.1.6/jakarta.ws.rs-api-2.1.6.jar:/home/user/.m2/repository/org/glassfish/jersey/ext/cdi/jersey-cdi1x/2.33/jersey-cdi1x-2.33.jar:/home/user/.m2/repository/org/glassfish/jersey/inject/jersey-hk2/2.33/jersey-hk2-2.33.jar:/home/user/.m2/repository/org/glassfish/hk2/hk2-locator/2.6.1/hk2-locator-2.6.1.jar:/home/user/.m2/repository/org/javassist/javassist/3.25.0-GA/javassist-3.25.0-GA.jar:/home/user/.m2/repository/org/glassfish/jersey/media/jersey-media-jaxb/2.33/jersey-media-jaxb-2.33.jar:/home/user/.m2/repository/org/glassfish/hk2/osgi-resource-locator/1.0.3/osgi-resource-locator-1.0.3.jar:/home/user/.m2/repository/org/glassfish/hk2/hk2-api/2.5.0/hk2-api-2.5.0.jar:/home/user/.m2/repository/org/glassfish/hk2/hk2-utils/2.5.0/hk2-utils-2.5.0.jar:/home/user/.m2/repository/org/glassfish/hk2/external/aopalliance-repackaged/2.5.0/aopalliance-repackaged-2.5.0.jar:/home/user/.m2/repository/com/fasterxml/jackson/dataformat/jackson-dataformat-xml/2.12.1/jackson-dataformat-xml-2.12.1.jar:/home/user/.m2/repository/com/fasterxml/jackson/core/jackson-core/2.12.1/jackson-core-2.12.1.jar:/home/user/.m2/repository/com/fasterxml/jackson/module/jackson-module-jaxb-annotations/2.12.1/jackson-module-jaxb-annotations-2.12.1.jar:/home/user/.m2/repository/jakarta/xml/bind/jakarta.xml.bind-api/2.3.2/jakarta.xml.bind-api-2.3.2.jar:/home/user/.m2/repository/jakarta/activation/jakarta.activation-api/1.2.1/jakarta.activation-api-1.2.1.jar:/home/user/.m2/repository/org/codehaus/woodstox/stax2-api/3.1.4/stax2-api-3.1.4.jar:/home/user/.m2/repository/com/fasterxml/woodstox/woodstox-core/5.0.3/woodstox-core-5.0.3.jar:/home/user/.m2/repository/javax/enterprise/cdi-api/1.2/cdi-api-1.2.jar:/home/user/.m2/repository/javax/el/javax.el-api/3.0.0/javax.el-api-3.0.0.jar:/home/user/.m2/repository/javax/interceptor/javax.interceptor-api/1.2/javax.interceptor-api-1.2.jar:/home/user/.m2/repository/javax/inject/javax.inject/1/javax.inject-1.jar:/home/user/.m2/repository/javax/xml/bind/jaxb-api/2.3.0/jaxb-api-2.3.0.jar:/home/user/.m2/repository/org/glassfish/jaxb/jaxb-runtime/2.3.0.1/jaxb-runtime-2.3.0.1.jar:/home/user/.m2/repository/org/glassfish/jaxb/jaxb-core/2.3.0.1/jaxb-core-2.3.0.1.jar:/home/user/.m2/repository/org/glassfish/jaxb/txw2/2.3.0.1/txw2-2.3.0.1.jar:/home/user/.m2/repository/com/sun/istack/istack-commons-runtime/3.0.5/istack-commons-runtime-3.0.5.jar:/home/user/.m2/repository/org/jvnet/staxex/stax-ex/1.7.8/stax-ex-1.7.8.jar:/home/user/.m2/repository/com/sun/xml/fastinfoset/FastInfoset/1.2.13/FastInfoset-1.2.13.jar:/home/user/.m2/repository/javax/activation/activation/1.1.1/activation-1.1.1.jar:/home/user/.m2/repository/org/apache/hadoop/hadoop-ozone-csi/1.2.0-SNAPSHOT/hadoop-ozone-csi-1.2.0-SNAPSHOT.jar:/home/user/.m2/repository/com/google/protobuf/protobuf-java-util/3.12.0/protobuf-java-util-3.12.0.jar:/home/user/.m2/repository/com/google/code/gson/gson/2.2.4/gson-2.2.4.jar:/home/user/.m2/repository/org/apache/hadoop/hadoop-hdds-config/1.2.0-SNAPSHOT/hadoop-hdds-config-1.2.0-SNAPSHOT.jar:/home/user/.m2/repository/io/grpc/grpc-netty/1.33.0/grpc-netty-1.33.0.jar:/home/user/.m2/repository/io/grpc/grpc-core/1.33.0/grpc-core-1.33.0.jar:/home/user/.m2/repository/com/google/android/annotations/4.1.1.4/annotations-4.1.1.4.jar:/home/user/.m2/repository/io/netty/netty-codec-http2/4.1.51.Final/netty-codec-http2-4.1.51.Final.jar:/home/user/.m2/repository/io/netty/netty-codec/4.1.51.Final/netty-codec-4.1.51.Final.jar:/home/user/.m2/repository/io/netty/netty-handler/4.1.51.Final/netty-handler-4.1.51.Final.jar:/home/user/.m2/repository/io/netty/netty-codec-http/4.1.51.Final/netty-codec-http-4.1.51.Final.jar:/home/user/.m2/repository/io/netty/netty-handler-proxy/4.1.51.Final/netty-handler-proxy-4.1.51.Final.jar:/home/user/.m2/repository/io/netty/netty-codec-socks/4.1.51.Final/netty-codec-socks-4.1.51.Final.jar:/home/user/.m2/repository/io/perfmark/perfmark-api/0.19.0/perfmark-api-0.19.0.jar:/home/user/.m2/repository/org/codehaus/mojo/animal-sniffer-annotations/1.18/animal-sniffer-annotations-1.18.jar:/home/user/.m2/repository/io/netty/netty-transport-native-epoll/4.1.63.Final/netty-transport-native-epoll-4.1.63.Final.jar:/home/user/.m2/repository/io/netty/netty-common/4.1.63.Final/netty-common-4.1.63.Final.jar:/home/user/.m2/repository/io/netty/netty-buffer/4.1.63.Final/netty-buffer-4.1.63.Final.jar:/home/user/.m2/repository/io/netty/netty-transport/4.1.63.Final/netty-transport-4.1.63.Final.jar:/home/user/.m2/repository/io/netty/netty-resolver/4.1.63.Final/netty-resolver-4.1.63.Final.jar:/home/user/.m2/repository/io/netty/netty-transport-native-unix-common/4.1.63.Final/netty-transport-native-unix-common-4.1.63.Final.jar:/home/user/.m2/repository/io/grpc/grpc-protobuf/1.33.0/grpc-protobuf-1.33.0.jar:/home/user/.m2/repository/io/grpc/grpc-api/1.33.0/grpc-api-1.33.0.jar:/home/user/.m2/repository/io/grpc/grpc-context/1.33.0/grpc-context-1.33.0.jar:/home/user/.m2/repository/com/google/api/grpc/proto-google-common-protos/1.17.0/proto-google-common-protos-1.17.0.jar:/home/user/.m2/repository/io/grpc/grpc-protobuf-lite/1.33.0/grpc-protobuf-lite-1.33.0.jar:/home/user/.m2/repository/io/grpc/grpc-stub/1.33.0/grpc-stub-1.33.0.jar:/home/user/.m2/repository/org/apache/hadoop/hadoop-ozone-recon/1.2.0-SNAPSHOT/hadoop-ozone-recon-1.2.0-SNAPSHOT.jar:/home/user/.m2/repository/org/apache/hadoop/hadoop-ozone-reconcodegen/1.2.0-SNAPSHOT/hadoop-ozone-reconcodegen-1.2.0-SNAPSHOT.jar:/home/user/.m2/repository/com/google/inject/extensions/guice-multibindings/4.0/guice-multibindings-4.0.jar:/home/user/.m2/repository/com/google/inject/guice/4.0/guice-4.0.jar:/home/user/.m2/repository/aopalliance/aopalliance/1.0/aopalliance-1.0.jar:/home/user/.m2/repository/com/google/inject/extensions/guice-assistedinject/4.0/guice-assistedinject-4.0.jar:/home/user/.m2/repository/com/google/inject/extensions/guice-servlet/4.0/guice-servlet-4.0.jar:/home/user/.m2/repository/org/glassfish/jersey/containers/jersey-container-servlet/2.33/jersey-container-servlet-2.33.jar:/home/user/.m2/repository/org/glassfish/hk2/guice-bridge/2.5.0/guice-bridge-2.5.0.jar:/home/user/.m2/repository/org/glassfish/jersey/core/jersey-server/2.33/jersey-server-2.33.jar:/home/user/.m2/repository/org/glassfish/jersey/core/jersey-client/2.33/jersey-client-2.33.jar:/home/user/.m2/repository/jakarta/annotation/jakarta.annotation-api/1.3.5/jakarta.annotation-api-1.3.5.jar:/home/user/.m2/repository/jakarta/validation/jakarta.validation-api/2.0.2/jakarta.validation-api-2.0.2.jar:/home/user/.m2/repository/org/glassfish/jersey/media/jersey-media-json-jackson/2.33/jersey-media-json-jackson-2.33.jar:/home/user/.m2/repository/org/glassfish/jersey/ext/jersey-entity-filtering/2.33/jersey-entity-filtering-2.33.jar:/home/user/.m2/repository/org/jooq/jooq/3.11.10/jooq-3.11.10.jar:/home/user/.m2/repository/org/jooq/jooq-meta/3.11.10/jooq-meta-3.11.10.jar:/home/user/.m2/repository/org/jooq/jooq-codegen/3.11.10/jooq-codegen-3.11.10.jar:/home/user/.m2/repository/com/jolbox/bonecp/0.8.0.RELEASE/bonecp-0.8.0.RELEASE.jar:/home/user/.m2/repository/org/apache/derby/derby/10.14.2.0/derby-10.14.2.0.jar:/home/user/.m2/repository/org/xerial/sqlite-jdbc/3.25.2/sqlite-jdbc-3.25.2.jar:/home/user/.m2/repository/org/springframework/spring-jdbc/5.2.11.RELEASE/spring-jdbc-5.2.11.RELEASE.jar:/home/user/.m2/repository/org/springframework/spring-beans/5.2.11.RELEASE/spring-beans-5.2.11.RELEASE.jar:/home/user/.m2/repository/org/springframework/spring-core/5.2.11.RELEASE/spring-core-5.2.11.RELEASE.jar:/home/user/.m2/repository/org/springframework/spring-jcl/5.2.11.RELEASE/spring-jcl-5.2.11.RELEASE.jar:/home/user/.m2/repository/org/springframework/spring-tx/5.2.11.RELEASE/spring-tx-5.2.11.RELEASE.jar:/home/user/.m2/repository/org/apache/hadoop/hadoop-ozone-client/1.2.0-SNAPSHOT/hadoop-ozone-client-1.2.0-SNAPSHOT.jar:/home/user/.m2/repository/org/apache/hadoop/hadoop-ozone-filesystem/1.2.0-SNAPSHOT/hadoop-ozone-filesystem-1.2.0-SNAPSHOT.jar:/home/user/.m2/repository/org/apache/hadoop/hadoop-ozone-filesystem-common/1.2.0-SNAPSHOT/hadoop-ozone-filesystem-common-1.2.0-SNAPSHOT.jar:/home/user/.m2/repository/org/apache/hadoop/hadoop-ozone-tools/1.2.0-SNAPSHOT/hadoop-ozone-tools-1.2.0-SNAPSHOT.jar:/home/user/.m2/repository/org/apache/ratis/ratis-tools/2.1.0-ff8aa66-SNAPSHOT/ratis-tools-2.1.0-ff8aa66-SNAPSHOT.jar:/home/user/.m2/repository/org/apache/ratis/ratis-proto/2.1.0-ff8aa66-SNAPSHOT/ratis-proto-2.1.0-ff8aa66-SNAPSHOT.jar:/home/user/.m2/repository/org/apache/ratis/ratis-common/2.1.0-ff8aa66-SNAPSHOT/ratis-common-2.1.0-ff8aa66-SNAPSHOT.jar:/home/user/.m2/repository/com/amazonaws/aws-java-sdk-core/1.11.901/aws-java-sdk-core-1.11.901.jar:/home/user/.m2/repository/org/apache/httpcomponents/httpclient/4.5.13/httpclient-4.5.13.jar:/home/user/.m2/repository/org/apache/httpcomponents/httpcore/4.4.13/httpcore-4.4.13.jar:/home/user/.m2/repository/software/amazon/ion/ion-java/1.0.2/ion-java-1.0.2.jar:/home/user/.m2/repository/com/fasterxml/jackson/dataformat/jackson-dataformat-cbor/2.12.1/jackson-dataformat-cbor-2.12.1.jar:/home/user/.m2/repository/joda-time/joda-time/2.8.1/joda-time-2.8.1.jar:/home/user/.m2/repository/com/amazonaws/aws-java-sdk-s3/1.11.901/aws-java-sdk-s3-1.11.901.jar:/home/user/.m2/repository/com/amazonaws/aws-java-sdk-kms/1.11.901/aws-java-sdk-kms-1.11.901.jar:/home/user/.m2/repository/com/amazonaws/jmespath-java/1.11.901/jmespath-java-1.11.901.jar:/home/user/.m2/repository/org/kohsuke/metainf-services/metainf-services/1.8/metainf-services-1.8.jar:/home/user/.m2/repository/org/apache/hadoop/hadoop-hdds-tools/1.2.0-SNAPSHOT/hadoop-hdds-tools-1.2.0-SNAPSHOT.jar:/home/user/.m2/repository/commons-cli/commons-cli/1.2/commons-cli-1.2.jar:/home/user/.m2/repository/org/apache/commons/commons-lang3/3.7/commons-lang3-3.7.jar:/home/user/.m2/repository/org/apache/hadoop/hadoop-ozone-ozone-manager/1.2.0-SNAPSHOT/hadoop-ozone-ozone-manager-1.2.0-SNAPSHOT-tests.jar:/home/user/.m2/repository/org/apache/hadoop/hadoop-hdds-common/1.2.0-SNAPSHOT/hadoop-hdds-common-1.2.0-SNAPSHOT-tests.jar:/home/user/.m2/repository/org/apache/hadoop/hadoop-hdds-hadoop-dependency-client/1.2.0-SNAPSHOT/hadoop-hdds-hadoop-dependency-client-1.2.0-SNAPSHOT.jar:/home/user/.m2/repository/info/picocli/picocli/4.4.0/picocli-4.4.0.jar:/home/user/.m2/repository/com/fasterxml/jackson/core/jackson-annotations/2.12.1/jackson-annotations-2.12.1.jar:/home/user/.m2/repository/javax/annotation/javax.annotation-api/1.2/javax.annotation-api-1.2.jar:/home/user/.m2/repository/org/fusesource/leveldbjni/leveldbjni-all/1.8/leveldbjni-all-1.8.jar:/home/user/.m2/repository/org/apache/ratis/ratis-server/2.1.0-ff8aa66-SNAPSHOT/ratis-server-2.1.0-ff8aa66-SNAPSHOT.jar:/home/user/.m2/repository/org/apache/ratis/ratis-client/2.1.0-ff8aa66-SNAPSHOT/ratis-client-2.1.0-ff8aa66-SNAPSHOT.jar:/home/user/.m2/repository/org/apache/ratis/ratis-server-api/2.1.0-ff8aa66-SNAPSHOT/ratis-server-api-2.1.0-ff8aa66-SNAPSHOT.jar:/home/user/.m2/repository/org/apache/ratis/ratis-metrics/2.1.0-ff8aa66-SNAPSHOT/ratis-metrics-2.1.0-ff8aa66-SNAPSHOT.jar:/home/user/.m2/repository/org/apache/ratis/ratis-netty/2.1.0-ff8aa66-SNAPSHOT/ratis-netty-2.1.0-ff8aa66-SNAPSHOT.jar:/home/user/.m2/repository/org/apache/ratis/ratis-grpc/2.1.0-ff8aa66-SNAPSHOT/ratis-grpc-2.1.0-ff8aa66-SNAPSHOT.jar:/home/user/.m2/repository/org/apache/logging/log4j/log4j-api/2.13.3/log4j-api-2.13.3.jar:/home/user/.m2/repository/org/apache/logging/log4j/log4j-core/2.13.3/log4j-core-2.13.3.jar:/home/user/.m2/repository/com/lmax/disruptor/3.4.2/disruptor-3.4.2.jar:/home/user/.m2/repository/org/apache/commons/commons-pool2/2.6.0/commons-pool2-2.6.0.jar:/home/user/.m2/repository/org/bouncycastle/bcpkix-jdk15on/1.67/bcpkix-jdk15on-1.67.jar:/home/user/.m2/repository/commons-validator/commons-validator/1.6/commons-validator-1.6.jar:/home/user/.m2/repository/commons-beanutils/commons-beanutils/1.9.4/commons-beanutils-1.9.4.jar:/home/user/.m2/repository/commons-digester/commons-digester/1.8.1/commons-digester-1.8.1.jar:/home/user/.m2/repository/commons-collections/commons-collections/3.2.2/commons-collections-3.2.2.jar:/home/user/.m2/repository/io/jaegertracing/jaeger-client/1.6.0/jaeger-client-1.6.0.jar:/home/user/.m2/repository/io/jaegertracing/jaeger-thrift/1.6.0/jaeger-thrift-1.6.0.jar:/home/user/.m2/repository/org/apache/thrift/libthrift/0.14.1/libthrift-0.14.1.jar:/home/user/.m2/repository/com/squareup/okhttp3/okhttp/4.9.0/okhttp-4.9.0.jar:/home/user/.m2/repository/com/squareup/okio/okio/2.8.0/okio-2.8.0.jar:/home/user/.m2/repository/io/jaegertracing/jaeger-core/1.6.0/jaeger-core-1.6.0.jar:/home/user/.m2/repository/io/jaegertracing/jaeger-tracerresolver/1.6.0/jaeger-tracerresolver-1.6.0.jar:/home/user/.m2/repository/io/opentracing/contrib/opentracing-tracerresolver/0.1.8/opentracing-tracerresolver-0.1.8.jar:/home/user/.m2/repository/org/jetbrains/kotlin/kotlin-stdlib/1.4.31/kotlin-stdlib-1.4.31.jar:/home/user/.m2/repository/org/jetbrains/kotlin/kotlin-stdlib-common/1.4.31/kotlin-stdlib-common-1.4.31.jar:/home/user/.m2/repository/org/jetbrains/annotations/13.0/annotations-13.0.jar:/home/user/.m2/repository/io/opentracing/opentracing-util/0.33.0/opentracing-util-0.33.0.jar:/home/user/.m2/repository/io/opentracing/opentracing-api/0.33.0/opentracing-api-0.33.0.jar:/home/user/.m2/repository/io/opentracing/opentracing-noop/0.33.0/opentracing-noop-0.33.0.jar:/home/user/.m2/repository/org/yaml/snakeyaml/1.26/snakeyaml-1.26.jar:/home/user/.m2/repository/org/apache/hadoop/hadoop-hdds-interface-admin/1.2.0-SNAPSHOT/hadoop-hdds-interface-admin-1.2.0-SNAPSHOT.jar:/home/user/.m2/repository/junit/junit/4.13.1/junit-4.13.1.jar:/home/user/.m2/repository/org/hamcrest/hamcrest-core/1.3/hamcrest-core-1.3.jar:/home/user/.m2/repository/org/junit/jupiter/junit-jupiter-api/5.7.0/junit-jupiter-api-5.7.0.jar:/home/user/.m2/repository/org/apiguardian/apiguardian-api/1.1.0/apiguardian-api-1.1.0.jar:/home/user/.m2/repository/org/opentest4j/opentest4j/1.2.0/opentest4j-1.2.0.jar:/home/user/.m2/repository/org/junit/platform/junit-platform-commons/1.7.0/junit-platform-commons-1.7.0.jar:/home/user/.m2/repository/org/junit/jupiter/junit-jupiter-engine/5.7.0/junit-jupiter-engine-5.7.0.jar:/home/user/.m2/repository/org/junit/platform/junit-platform-engine/1.7.0/junit-platform-engine-1.7.0.jar:/home/user/.m2/repository/org/junit/vintage/junit-vintage-engine/5.7.0/junit-vintage-engine-5.7.0.jar:/home/user/.m2/repository/org/junit/platform/junit-platform-launcher/1.7.0/junit-platform-launcher-1.7.0.jar:/home/user/.m2/repository/org/openjdk/jmh/jmh-core/1.19/jmh-core-1.19.jar:/home/user/.m2/repository/net/sf/jopt-simple/jopt-simple/4.6/jopt-simple-4.6.jar:/home/user/.m2/repository/org/apache/commons/commons-math3/3.1.1/commons-math3-3.1.1.jar:/home/user/.m2/repository/org/openjdk/jmh/jmh-generator-annprocess/1.19/jmh-generator-annprocess-1.19.jar:/home/user/.m2/repository/org/mockito/mockito-all/1.8.5/mockito-all-1.8.5.jar:/home/user/.m2/repository/org/apache/hadoop/hadoop-kms/3.2.2/hadoop-kms-3.2.2.jar:/home/user/.m2/repository/org/apache/hadoop/hadoop-auth/3.2.2/hadoop-auth-3.2.2.jar:/home/user/.m2/repository/com/nimbusds/nimbus-jose-jwt/7.9/nimbus-jose-jwt-7.9.jar:/home/user/.m2/repository/com/github/stephenc/jcip/jcip-annotations/1.0-1/jcip-annotations-1.0-1.jar:/home/user/.m2/repository/net/minidev/json-smart/2.3/json-smart-2.3.jar:/home/user/.m2/repository/net/minidev/accessors-smart/1.2/accessors-smart-1.2.jar:/home/user/.m2/repository/org/ow2/asm/asm/5.0.4/asm-5.0.4.jar:/home/user/.m2/repository/org/apache/zookeeper/zookeeper/3.4.13/zookeeper-3.4.13.jar:/home/user/.m2/repository/org/apache/yetus/audience-annotations/0.5.0/audience-annotations-0.5.0.jar:/home/user/.m2/repository/org/apache/curator/curator-framework/2.13.0/curator-framework-2.13.0.jar:/home/user/.m2/repository/com/sun/jersey/jersey-core/1.19/jersey-core-1.19.jar:/home/user/.m2/repository/javax/ws/rs/jsr311-api/1.1.1/jsr311-api-1.1.1.jar:/home/user/.m2/repository/com/sun/jersey/jersey-server/1.19/jersey-server-1.19.jar:/home/user/.m2/repository/javax/servlet/javax.servlet-api/3.1.0/javax.servlet-api-3.1.0.jar:/home/user/.m2/repository/org/eclipse/jetty/jetty-server/9.4.35.v20201120/jetty-server-9.4.35.v20201120.jar:/home/user/.m2/repository/org/eclipse/jetty/jetty-http/9.4.35.v20201120/jetty-http-9.4.35.v20201120.jar:/home/user/.m2/repository/org/eclipse/jetty/jetty-io/9.4.35.v20201120/jetty-io-9.4.35.v20201120.jar:/home/user/.m2/repository/org/eclipse/jetty/jetty-webapp/9.4.35.v20201120/jetty-webapp-9.4.35.v20201120.jar:/home/user/.m2/repository/org/eclipse/jetty/jetty-xml/9.4.35.v20201120/jetty-xml-9.4.35.v20201120.jar:/home/user/.m2/repository/org/apache/hadoop/hadoop-common/3.2.2/hadoop-common-3.2.2.jar:/home/user/.m2/repository/commons-net/commons-net/3.6/commons-net-3.6.jar:/home/user/.m2/repository/javax/activation/javax.activation-api/1.2.0/javax.activation-api-1.2.0.jar:/home/user/.m2/repository/com/sun/jersey/jersey-servlet/1.19/jersey-servlet-1.19.jar:/home/user/.m2/repository/com/sun/jersey/jersey-json/1.19/jersey-json-1.19.jar:/home/user/.m2/repository/org/codehaus/jettison/jettison/1.1/jettison-1.1.jar:/home/user/.m2/repository/com/sun/xml/bind/jaxb-impl/2.2.3-1/jaxb-impl-2.2.3-1.jar:/home/user/.m2/repository/org/codehaus/jackson/jackson-jaxrs/1.9.2/jackson-jaxrs-1.9.2.jar:/home/user/.m2/repository/org/codehaus/jackson/jackson-xc/1.9.2/jackson-xc-1.9.2.jar:/home/user/.m2/repository/org/apache/commons/commons-configuration2/2.1.1/commons-configuration2-2.1.1.jar:/home/user/.m2/repository/org/apache/commons/commons-text/1.4/commons-text-1.4.jar:/home/user/.m2/repository/com/google/re2j/re2j/1.1/re2j-1.1.jar:/home/user/.m2/repository/com/jcraft/jsch/0.1.54/jsch-0.1.54.jar:/home/user/.m2/repository/org/apache/curator/curator-client/2.13.0/curator-client-2.13.0.jar:/home/user/.m2/repository/org/apache/curator/curator-recipes/2.13.0/curator-recipes-2.13.0.jar:/home/user/.m2/repository/dnsjava/dnsjava/2.1.7/dnsjava-2.1.7.jar:/home/user/.m2/repository/org/slf4j/jul-to-slf4j/1.7.30/jul-to-slf4j-1.7.30.jar:/home/user/.m2/repository/org/eclipse/jetty/jetty-util/9.4.35.v20201120/jetty-util-9.4.35.v20201120.jar:/home/user/.m2/repository/com/fasterxml/jackson/core/jackson-databind/2.12.1/jackson-databind-2.12.1.jar:/home/user/.m2/repository/org/apache/hadoop/hadoop-kms/3.2.2/hadoop-kms-3.2.2-tests.jar:/home/user/.m2/repository/org/apache/hadoop/hadoop-hdds-server-scm/1.2.0-SNAPSHOT/hadoop-hdds-server-scm-1.2.0-SNAPSHOT-tests.jar:/home/user/.m2/repository/org/apache/hadoop/hadoop-hdds-container-service/1.2.0-SNAPSHOT/hadoop-hdds-container-service-1.2.0-SNAPSHOT-tests.jar:/home/user/.m2/repository/commons-codec/commons-codec/1.11/commons-codec-1.11.jar:/home/user/.m2/repository/org/apache/hadoop/hadoop-hdds-hadoop-dependency-test/1.2.0-SNAPSHOT/hadoop-hdds-hadoop-dependency-test-1.2.0-SNAPSHOT.jar:/home/user/.m2/repository/org/apache/hadoop/hadoop-common/3.2.2/hadoop-common-3.2.2-tests.jar:/home/user/.m2/repository/org/apache/hadoop/hadoop-hdfs/3.2.2/hadoop-hdfs-3.2.2-tests.jar:/home/user/.m2/repository/org/eclipse/jetty/jetty-util-ajax/9.4.35.v20201120/jetty-util-ajax-9.4.35.v20201120.jar:/home/user/.m2/repository/commons-daemon/commons-daemon/1.0.13/commons-daemon-1.0.13.jar:/home/user/.m2/repository/io/netty/netty/3.10.6.Final/netty-3.10.6.Final.jar:/home/user/.m2/repository/io/netty/netty-all/4.1.63.Final/netty-all-4.1.63.Final.jar:/home/user/.m2/repository/org/apache/htrace/htrace-core4/4.1.0-incubating/htrace-core4-4.1.0-incubating.jar:/home/user/.m2/repository/org/apache/hadoop/hadoop-distcp/3.2.2/hadoop-distcp-3.2.2.jar:/home/user/.m2/repository/org/apache/hadoop/hadoop-mapreduce-client-jobclient/3.2.2/hadoop-mapreduce-client-jobclient-3.2.2.jar:/home/user/.m2/repository/org/apache/hadoop/hadoop-mapreduce-client-common/3.2.2/hadoop-mapreduce-client-common-3.2.2.jar:/home/user/.m2/repository/org/apache/hadoop/hadoop-yarn-common/3.2.2/hadoop-yarn-common-3.2.2.jar:/home/user/.m2/repository/org/apache/hadoop/hadoop-yarn-api/3.2.2/hadoop-yarn-api-3.2.2.jar:/home/user/.m2/repository/com/sun/jersey/jersey-client/1.19/jersey-client-1.19.jar:/home/user/.m2/repository/com/sun/jersey/contribs/jersey-guice/1.19/jersey-guice-1.19.jar:/home/user/.m2/repository/com/fasterxml/jackson/jaxrs/jackson-jaxrs-json-provider/2.12.1/jackson-jaxrs-json-provider-2.12.1.jar:/home/user/.m2/repository/com/fasterxml/jackson/jaxrs/jackson-jaxrs-base/2.12.1/jackson-jaxrs-base-2.12.1.jar:/home/user/.m2/repository/org/apache/hadoop/hadoop-yarn-client/3.2.2/hadoop-yarn-client-3.2.2.jar:/home/user/.m2/repository/org/apache/hadoop/hadoop-mapreduce-client-core/3.2.2/hadoop-mapreduce-client-core-3.2.2.jar:/home/user/.m2/repository/org/apache/avro/avro/1.7.7/avro-1.7.7.jar:/home/user/.m2/repository/org/codehaus/jackson/jackson-core-asl/1.9.13/jackson-core-asl-1.9.13.jar:/home/user/.m2/repository/org/codehaus/jackson/jackson-mapper-asl/1.9.13/jackson-mapper-asl-1.9.13.jar:/home/user/.m2/repository/com/thoughtworks/paranamer/paranamer/2.3/paranamer-2.3.jar:/home/user/.m2/repository/org/xerial/snappy/snappy-java/1.0.5/snappy-java-1.0.5.jar:/home/user/.m2/repository/org/apache/hadoop/hadoop-annotations/3.2.2/hadoop-annotations-3.2.2.jar:/usr/lib/jvm/java-1.8.0-openjdk-1.8.0.232.b09-0.el7_7.x86_64/jre/../lib/tools.jar:/home/user/.m2/repository/org/apache/hadoop/hadoop-distcp/3.2.2/hadoop-distcp-3.2.2-tests.jar:"/>
    <property name="sun.cpu.endian" value="little"/>
    <property name="user.home" value="/home/user"/>
    <property name="user.language" value="en"/>
    <property name="java.specification.vendor" value="Oracle Corporation"/>
    <property name="java.home" value="/usr/lib/jvm/java-1.8.0-openjdk-1.8.0.232.b09-0.el7_7.x86_64/jre"/>
    <property name="java.security.krb5.conf" value="/github/workspace/mnt/ozone/hadoop-ozone/integration-test/target/test-classes/krb5.conf"/>
    <property name="basedir" value="/github/workspace/mnt/ozone/hadoop-ozone/integration-test"/>
    <property name="file.separator" value="/"/>
    <property name="line.separator" value="&#10;"/>
    <property name="java.vm.specification.vendor" value="Oracle Corporation"/>
    <property name="java.specification.name" value="Java Platform API Specification"/>
    <property name="java.awt.graphicsenv" value="sun.awt.X11GraphicsEnvironment"/>
    <property name="skip.installnpx" value="true"/>
    <property name="surefire.real.class.path" value="/github/workspace/mnt/ozone/hadoop-ozone/integration-test/target/surefire/surefirebooter7226427210110696201.jar:/home/user/.m2/repository/org/jacoco/org.jacoco.agent/0.8.5/org.jacoco.agent-0.8.5-runtime.jar"/>
    <property name="hadoop.log.dir" value="/github/workspace/mnt/ozone/hadoop-ozone/integration-test/target/log"/>
    <property name="sun.boot.class.path" value="/usr/lib/jvm/java-1.8.0-openjdk-1.8.0.232.b09-0.el7_7.x86_64/jre/lib/resources.jar:/usr/lib/jvm/java-1.8.0-openjdk-1.8.0.232.b09-0.el7_7.x86_64/jre/lib/rt.jar:/usr/lib/jvm/java-1.8.0-openjdk-1.8.0.232.b09-0.el7_7.x86_64/jre/lib/sunrsasign.jar:/usr/lib/jvm/java-1.8.0-openjdk-1.8.0.232.b09-0.el7_7.x86_64/jre/lib/jsse.jar:/usr/lib/jvm/java-1.8.0-openjdk-1.8.0.232.b09-0.el7_7.x86_64/jre/lib/jce.jar:/usr/lib/jvm/java-1.8.0-openjdk-1.8.0.232.b09-0.el7_7.x86_64/jre/lib/charsets.jar:/usr/lib/jvm/java-1.8.0-openjdk-1.8.0.232.b09-0.el7_7.x86_64/jre/lib/jfr.jar:/usr/lib/jvm/java-1.8.0-openjdk-1.8.0.232.b09-0.el7_7.x86_64/jre/classes"/>
    <property name="sun.management.compiler" value="HotSpot 64-Bit Tiered Compilers"/>
    <property name="skip.npx" value="true"/>
    <property name="java.runtime.version" value="1.8.0_232-b09"/>
    <property name="java.net.preferIPv4Stack" value="true"/>
    <property name="user.name" value="jenkins1001"/>
    <property name="path.separator" value=":"/>
    <property name="java.security.egd" value="file:///dev/urandom"/>
    <property name="os.version" value="5.4.0-1046-azure"/>
    <property name="java.endorsed.dirs" value="/usr/lib/jvm/java-1.8.0-openjdk-1.8.0.232.b09-0.el7_7.x86_64/jre/lib/endorsed"/>
    <property name="java.runtime.name" value="OpenJDK Runtime Environment"/>
    <property name="file.encoding" value="ANSI_X3.4-1968"/>
    <property name="java.vm.name" value="OpenJDK 64-Bit Server VM"/>
    <property name="test.build.webapps" value=""/>
    <property name="localRepository" value="/home/user/.m2/repository"/>
    <property name="java.vendor.url.bug" value="http://bugreport.sun.com/bugreport/"/>
    <property name="java.io.tmpdir" value="/tmp"/>
    <property name="require.test.libhadoop" value=""/>
    <property name="java.version" value="1.8.0_232"/>
    <property name="user.dir" value="/github/workspace/mnt/ozone/hadoop-ozone/integration-test"/>
    <property name="os.arch" value="amd64"/>
    <property name="java.vm.specification.name" value="Java Virtual Machine Specification"/>
    <property name="test.build.classes" value="/github/workspace/mnt/ozone/hadoop-ozone/integration-test/target/test-classes"/>
    <property name="java.awt.printerjob" value="sun.print.PSPrinterJob"/>
    <property name="sun.os.patch.level" value="unknown"/>
    <property name="hadoop.tmp.dir" value="/github/workspace/mnt/ozone/hadoop-ozone/integration-test/target/tmp"/>
    <property name="java.library.path" value="/usr/lib:/usr/java/packages/lib/amd64:/usr/lib64:/lib64:/lib:/usr/lib"/>
    <property name="java.vm.info" value="mixed mode"/>
    <property name="java.vendor" value="Oracle Corporation"/>
    <property name="java.vm.version" value="25.232-b09"/>
    <property name="java.ext.dirs" value="/usr/lib/jvm/java-1.8.0-openjdk-1.8.0.232.b09-0.el7_7.x86_64/jre/lib/ext:/usr/java/packages/lib/ext"/>
    <property name="sun.io.unicode.encoding" value="UnicodeLittle"/>
    <property name="java.class.version" value="52.0"/>
  </properties>
  <testcase name="testZReadKeyWithUnhealthyContainerReplia" classname="org.apache.hadoop.ozone.client.rpc.TestSecureOzoneRpcClient" time="0.006"/>
  <testcase name="testPutKeySuccessWithBlockToken" classname="org.apache.hadoop.ozone.client.rpc.TestSecureOzoneRpcClient" time="1.482"/>
  <testcase name="testKeyOpFailureWithoutBlockToken" classname="org.apache.hadoop.ozone.client.rpc.TestSecureOzoneRpcClient" time="0">
    <skipped message="Needs to be moved out of this class as  client setup is static"/>
  </testcase>
  <testcase name="testAbortUploadFail" classname="org.apache.hadoop.ozone.client.rpc.TestSecureOzoneRpcClient" time="0.049"/>
  <testcase name="testAbortUploadFailWithInProgressPartUpload" classname="org.apache.hadoop.ozone.client.rpc.TestSecureOzoneRpcClient" time="0.09"/>
  <testcase name="testAbortUploadSuccessWithOutAnyParts" classname="org.apache.hadoop.ozone.client.rpc.TestSecureOzoneRpcClient" time="0.02"/>
  <testcase name="testAbortUploadSuccessWithParts" classname="org.apache.hadoop.ozone.client.rpc.TestSecureOzoneRpcClient" time="0.067"/>
  <testcase name="testAclsAfterCallingSetBucketProperty" classname="org.apache.hadoop.ozone.client.rpc.TestSecureOzoneRpcClient" time="0.039"/>
  <testcase name="testAddBucketAcl" classname="org.apache.hadoop.ozone.client.rpc.TestSecureOzoneRpcClient" time="0.029"/>
  <testcase name="testBucketUsedNamespace" classname="org.apache.hadoop.ozone.client.rpc.TestSecureOzoneRpcClient" time="0.138"/>
  <testcase name="testCheckUsedBytesQuota" classname="org.apache.hadoop.ozone.client.rpc.TestSecureOzoneRpcClient" time="0.729"/>
  <testcase name="testCommitPartAfterCompleteUpload" classname="org.apache.hadoop.ozone.client.rpc.TestSecureOzoneRpcClient" time="0.282"/>
  <testcase name="testCreateBucket" classname="org.apache.hadoop.ozone.client.rpc.TestSecureOzoneRpcClient" time="0.011"/>
  <testcase name="testCreateBucketWithAcls" classname="org.apache.hadoop.ozone.client.rpc.TestSecureOzoneRpcClient" time="0.015"/>
  <testcase name="testCreateBucketWithAllArgument" classname="org.apache.hadoop.ozone.client.rpc.TestSecureOzoneRpcClient" time="0.014"/>
  <testcase name="testCreateBucketWithMetadata" classname="org.apache.hadoop.ozone.client.rpc.TestSecureOzoneRpcClient" time="0.013"/>
  <testcase name="testCreateBucketWithStorageType" classname="org.apache.hadoop.ozone.client.rpc.TestSecureOzoneRpcClient" time="0.012"/>
  <testcase name="testCreateBucketWithVersioning" classname="org.apache.hadoop.ozone.client.rpc.TestSecureOzoneRpcClient" time="0.015"/>
  <testcase name="testCreateS3Bucket" classname="org.apache.hadoop.ozone.client.rpc.TestSecureOzoneRpcClient" time="0.006"/>
  <testcase name="testCreateVolumeWithMetadata" classname="org.apache.hadoop.ozone.client.rpc.TestSecureOzoneRpcClient" time="0.006"/>
  <testcase name="testDefaultS3GVolumeExists" classname="org.apache.hadoop.ozone.client.rpc.TestSecureOzoneRpcClient" time="0.002"/>
  <testcase name="testDeleteBucket" classname="org.apache.hadoop.ozone.client.rpc.TestSecureOzoneRpcClient" time="0.017"/>
  <testcase name="testDeleteKey" classname="org.apache.hadoop.ozone.client.rpc.TestSecureOzoneRpcClient" time="0.055"/>
  <testcase name="testDeleteS3Bucket" classname="org.apache.hadoop.ozone.client.rpc.TestSecureOzoneRpcClient" time="0.022"/>
  <testcase name="testDeleteS3NonExistingBucket" classname="org.apache.hadoop.ozone.client.rpc.TestSecureOzoneRpcClient" time="0.008"/>
  <testcase name="testDeleteVolume" classname="org.apache.hadoop.ozone.client.rpc.TestSecureOzoneRpcClient" time="0.018"/>
  <testcase name="testDeletedKeyForGDPR" classname="org.apache.hadoop.ozone.client.rpc.TestSecureOzoneRpcClient" time="0.117"/>
  <testcase name="testGetKeyDetails" classname="org.apache.hadoop.ozone.client.rpc.TestSecureOzoneRpcClient" time="0.059"/>
  <testcase name="testInitiateMultipartUploadWithDefaultReplication" classname="org.apache.hadoop.ozone.client.rpc.TestSecureOzoneRpcClient" time="0.017"/>
  <testcase name="testInitiateMultipartUploadWithReplicationInformationSet" classname="org.apache.hadoop.ozone.client.rpc.TestSecureOzoneRpcClient" time="0.016"/>
  <testcase name="testInvalidBucketCreation" classname="org.apache.hadoop.ozone.client.rpc.TestSecureOzoneRpcClient" time="0.01"/>
  <testcase name="testKeyReadWriteForGDPR" classname="org.apache.hadoop.ozone.client.rpc.TestSecureOzoneRpcClient" time="0.064"/>
  <testcase name="testKeysRename" classname="org.apache.hadoop.ozone.client.rpc.TestSecureOzoneRpcClient" time="0.095"/>
  <testcase name="testKeysRenameFail" classname="org.apache.hadoop.ozone.client.rpc.TestSecureOzoneRpcClient" time="0.053"/>
  <testcase name="testListBucket" classname="org.apache.hadoop.ozone.client.rpc.TestSecureOzoneRpcClient" time="0.15"/>
  <testcase name="testListBucketsOnEmptyVolume" classname="org.apache.hadoop.ozone.client.rpc.TestSecureOzoneRpcClient" time="0.011"/>
  <testcase name="testListKey" classname="org.apache.hadoop.ozone.client.rpc.TestSecureOzoneRpcClient" time="1.752"/>
  <testcase name="testListKeyOnEmptyBucket" classname="org.apache.hadoop.ozone.client.rpc.TestSecureOzoneRpcClient" time="0.016"/>
  <testcase name="testListMultipartUploadParts" classname="org.apache.hadoop.ozone.client.rpc.TestSecureOzoneRpcClient" time="0.262"/>
  <testcase name="testListMultipartUploadPartsWithContinuation" classname="org.apache.hadoop.ozone.client.rpc.TestSecureOzoneRpcClient" time="0.24"/>
  <testcase name="testListPartsInvalidMaxParts" classname="org.apache.hadoop.ozone.client.rpc.TestSecureOzoneRpcClient" time="0.012"/>
  <testcase name="testListPartsInvalidPartMarker" classname="org.apache.hadoop.ozone.client.rpc.TestSecureOzoneRpcClient" time="0.01"/>
  <testcase name="testListPartsWithInvalidUploadID" classname="org.apache.hadoop.ozone.client.rpc.TestSecureOzoneRpcClient" time="0.009"/>
  <testcase name="testListPartsWithPartMarkerGreaterThanPartCount" classname="org.apache.hadoop.ozone.client.rpc.TestSecureOzoneRpcClient" time="0.087"/>
  <testcase name="testListVolume" classname="org.apache.hadoop.ozone.client.rpc.TestSecureOzoneRpcClient" time="0.076">
    <failure message="expected:&lt;20&gt; but was:&lt;21&gt;" type="java.lang.AssertionError"><![CDATA[java.lang.AssertionError: expected:<20> but was:<21>
	at org.junit.Assert.fail(Assert.java:89)
	at org.junit.Assert.failNotEquals(Assert.java:835)
	at org.junit.Assert.assertEquals(Assert.java:647)
	at org.junit.Assert.assertEquals(Assert.java:633)
	at org.apache.hadoop.ozone.client.rpc.TestOzoneRpcClientAbstract.testListVolume(TestOzoneRpcClientAbstract.java:1867)
	at sun.reflect.NativeMethodAccessorImpl.invoke0(Native Method)
	at sun.reflect.NativeMethodAccessorImpl.invoke(NativeMethodAccessorImpl.java:62)
	at sun.reflect.DelegatingMethodAccessorImpl.invoke(DelegatingMethodAccessorImpl.java:43)
	at java.lang.reflect.Method.invoke(Method.java:498)
	at org.junit.runners.model.FrameworkMethod$1.runReflectiveCall(FrameworkMethod.java:59)
	at org.junit.internal.runners.model.ReflectiveCallable.run(ReflectiveCallable.java:12)
	at org.junit.runners.model.FrameworkMethod.invokeExplosively(FrameworkMethod.java:56)
	at org.junit.internal.runners.statements.InvokeMethod.evaluate(InvokeMethod.java:17)
	at org.junit.internal.runners.statements.FailOnTimeout$CallableStatement.call(FailOnTimeout.java:288)
	at org.junit.internal.runners.statements.FailOnTimeout$CallableStatement.call(FailOnTimeout.java:282)
	at java.util.concurrent.FutureTask.run(FutureTask.java:266)
	at java.lang.Thread.run(Thread.java:748)
]]></failure>
    <system-out><![CDATA[2021-05-01 13:53:17,316 [Time-limited test] INFO  rpc.RpcClient (RpcClient.java:createVolume(320)) - Creating Volume: vol-733-a-0-69887, with jenkins1001 as owner and space quota set to -1 bytes, counts quota set to -1
2021-05-01 13:53:17,317 [OM StateMachine ApplyTransaction Thread - 0] INFO  volume.OMVolumeCreateRequest (OMVolumeCreateRequest.java:validateAndUpdateCache(195)) - created volume:vol-733-a-0-69887 for user:jenkins1001
2021-05-01 13:53:17,318 [Time-limited test] INFO  rpc.RpcClient (RpcClient.java:createVolume(320)) - Creating Volume: vol-733-a-1-77670, with jenkins1001 as owner and space quota set to -1 bytes, counts quota set to -1
2021-05-01 13:53:17,320 [OM StateMachine ApplyTransaction Thread - 0] INFO  volume.OMVolumeCreateRequest (OMVolumeCreateRequest.java:validateAndUpdateCache(195)) - created volume:vol-733-a-1-77670 for user:jenkins1001
2021-05-01 13:53:17,321 [Time-limited test] INFO  rpc.RpcClient (RpcClient.java:createVolume(320)) - Creating Volume: vol-733-a-2-00596, with jenkins1001 as owner and space quota set to -1 bytes, counts quota set to -1
2021-05-01 13:53:17,322 [OM StateMachine ApplyTransaction Thread - 0] INFO  volume.OMVolumeCreateRequest (OMVolumeCreateRequest.java:validateAndUpdateCache(195)) - created volume:vol-733-a-2-00596 for user:jenkins1001
2021-05-01 13:53:17,324 [Time-limited test] INFO  rpc.RpcClient (RpcClient.java:createVolume(320)) - Creating Volume: vol-733-a-3-51103, with jenkins1001 as owner and space quota set to -1 bytes, counts quota set to -1
2021-05-01 13:53:17,326 [OM StateMachine ApplyTransaction Thread - 0] INFO  volume.OMVolumeCreateRequest (OMVolumeCreateRequest.java:validateAndUpdateCache(195)) - created volume:vol-733-a-3-51103 for user:jenkins1001
2021-05-01 13:53:17,327 [Time-limited test] INFO  rpc.RpcClient (RpcClient.java:createVolume(320)) - Creating Volume: vol-733-a-4-39946, with jenkins1001 as owner and space quota set to -1 bytes, counts quota set to -1
2021-05-01 13:53:17,329 [OM StateMachine ApplyTransaction Thread - 0] INFO  volume.OMVolumeCreateRequest (OMVolumeCreateRequest.java:validateAndUpdateCache(195)) - created volume:vol-733-a-4-39946 for user:jenkins1001
2021-05-01 13:53:17,331 [Time-limited test] INFO  rpc.RpcClient (RpcClient.java:createVolume(320)) - Creating Volume: vol-733-a-5-13284, with jenkins1001 as owner and space quota set to -1 bytes, counts quota set to -1
2021-05-01 13:53:17,333 [OM StateMachine ApplyTransaction Thread - 0] INFO  volume.OMVolumeCreateRequest (OMVolumeCreateRequest.java:validateAndUpdateCache(195)) - created volume:vol-733-a-5-13284 for user:jenkins1001
2021-05-01 13:53:17,334 [Time-limited test] INFO  rpc.RpcClient (RpcClient.java:createVolume(320)) - Creating Volume: vol-733-a-6-88776, with jenkins1001 as owner and space quota set to -1 bytes, counts quota set to -1
2021-05-01 13:53:17,336 [OM StateMachine ApplyTransaction Thread - 0] INFO  volume.OMVolumeCreateRequest (OMVolumeCreateRequest.java:validateAndUpdateCache(195)) - created volume:vol-733-a-6-88776 for user:jenkins1001
2021-05-01 13:53:17,337 [Time-limited test] INFO  rpc.RpcClient (RpcClient.java:createVolume(320)) - Creating Volume: vol-733-a-7-65875, with jenkins1001 as owner and space quota set to -1 bytes, counts quota set to -1
2021-05-01 13:53:17,339 [OM StateMachine ApplyTransaction Thread - 0] INFO  volume.OMVolumeCreateRequest (OMVolumeCreateRequest.java:validateAndUpdateCache(195)) - created volume:vol-733-a-7-65875 for user:jenkins1001
2021-05-01 13:53:17,341 [Time-limited test] INFO  rpc.RpcClient (RpcClient.java:createVolume(320)) - Creating Volume: vol-733-a-8-04494, with jenkins1001 as owner and space quota set to -1 bytes, counts quota set to -1
2021-05-01 13:53:17,344 [OM StateMachine ApplyTransaction Thread - 0] INFO  volume.OMVolumeCreateRequest (OMVolumeCreateRequest.java:validateAndUpdateCache(195)) - created volume:vol-733-a-8-04494 for user:jenkins1001
2021-05-01 13:53:17,345 [Time-limited test] INFO  rpc.RpcClient (RpcClient.java:createVolume(320)) - Creating Volume: vol-733-a-9-27269, with jenkins1001 as owner and space quota set to -1 bytes, counts quota set to -1
2021-05-01 13:53:17,347 [OM StateMachine ApplyTransaction Thread - 0] INFO  volume.OMVolumeCreateRequest (OMVolumeCreateRequest.java:validateAndUpdateCache(195)) - created volume:vol-733-a-9-27269 for user:jenkins1001
2021-05-01 13:53:17,348 [Time-limited test] INFO  rpc.RpcClient (RpcClient.java:createVolume(320)) - Creating Volume: vol-733-b-0-63140, with jenkins1001 as owner and space quota set to -1 bytes, counts quota set to -1
2021-05-01 13:53:17,350 [OM StateMachine ApplyTransaction Thread - 0] INFO  volume.OMVolumeCreateRequest (OMVolumeCreateRequest.java:validateAndUpdateCache(195)) - created volume:vol-733-b-0-63140 for user:jenkins1001
2021-05-01 13:53:17,350 [Time-limited test] INFO  rpc.RpcClient (RpcClient.java:createVolume(320)) - Creating Volume: vol-733-b-1-26993, with jenkins1001 as owner and space quota set to -1 bytes, counts quota set to -1
2021-05-01 13:53:17,353 [OM StateMachine ApplyTransaction Thread - 0] INFO  volume.OMVolumeCreateRequest (OMVolumeCreateRequest.java:validateAndUpdateCache(195)) - created volume:vol-733-b-1-26993 for user:jenkins1001
2021-05-01 13:53:17,354 [Time-limited test] INFO  rpc.RpcClient (RpcClient.java:createVolume(320)) - Creating Volume: vol-733-b-2-90327, with jenkins1001 as owner and space quota set to -1 bytes, counts quota set to -1
2021-05-01 13:53:17,355 [OM StateMachine ApplyTransaction Thread - 0] INFO  volume.OMVolumeCreateRequest (OMVolumeCreateRequest.java:validateAndUpdateCache(195)) - created volume:vol-733-b-2-90327 for user:jenkins1001
2021-05-01 13:53:17,356 [Time-limited test] INFO  rpc.RpcClient (RpcClient.java:createVolume(320)) - Creating Volume: vol-733-b-3-48474, with jenkins1001 as owner and space quota set to -1 bytes, counts quota set to -1
2021-05-01 13:53:17,358 [OM StateMachine ApplyTransaction Thread - 0] INFO  volume.OMVolumeCreateRequest (OMVolumeCreateRequest.java:validateAndUpdateCache(195)) - created volume:vol-733-b-3-48474 for user:jenkins1001
2021-05-01 13:53:17,359 [Time-limited test] INFO  rpc.RpcClient (RpcClient.java:createVolume(320)) - Creating Volume: vol-733-b-4-83557, with jenkins1001 as owner and space quota set to -1 bytes, counts quota set to -1
2021-05-01 13:53:17,360 [OM StateMachine ApplyTransaction Thread - 0] INFO  volume.OMVolumeCreateRequest (OMVolumeCreateRequest.java:validateAndUpdateCache(195)) - created volume:vol-733-b-4-83557 for user:jenkins1001
2021-05-01 13:53:17,361 [Time-limited test] INFO  rpc.RpcClient (RpcClient.java:createVolume(320)) - Creating Volume: vol-733-b-5-48667, with jenkins1001 as owner and space quota set to -1 bytes, counts quota set to -1
2021-05-01 13:53:17,363 [OM StateMachine ApplyTransaction Thread - 0] INFO  volume.OMVolumeCreateRequest (OMVolumeCreateRequest.java:validateAndUpdateCache(195)) - created volume:vol-733-b-5-48667 for user:jenkins1001
2021-05-01 13:53:17,363 [Time-limited test] INFO  rpc.RpcClient (RpcClient.java:createVolume(320)) - Creating Volume: vol-733-b-6-59338, with jenkins1001 as owner and space quota set to -1 bytes, counts quota set to -1
2021-05-01 13:53:17,365 [OM StateMachine ApplyTransaction Thread - 0] INFO  volume.OMVolumeCreateRequest (OMVolumeCreateRequest.java:validateAndUpdateCache(195)) - created volume:vol-733-b-6-59338 for user:jenkins1001
2021-05-01 13:53:17,366 [Time-limited test] INFO  rpc.RpcClient (RpcClient.java:createVolume(320)) - Creating Volume: vol-733-b-7-09332, with jenkins1001 as owner and space quota set to -1 bytes, counts quota set to -1
2021-05-01 13:53:17,368 [OM StateMachine ApplyTransaction Thread - 0] INFO  volume.OMVolumeCreateRequest (OMVolumeCreateRequest.java:validateAndUpdateCache(195)) - created volume:vol-733-b-7-09332 for user:jenkins1001
2021-05-01 13:53:17,368 [Time-limited test] INFO  rpc.RpcClient (RpcClient.java:createVolume(320)) - Creating Volume: vol-733-b-8-40723, with jenkins1001 as owner and space quota set to -1 bytes, counts quota set to -1
2021-05-01 13:53:17,370 [OM StateMachine ApplyTransaction Thread - 0] INFO  volume.OMVolumeCreateRequest (OMVolumeCreateRequest.java:validateAndUpdateCache(195)) - created volume:vol-733-b-8-40723 for user:jenkins1001
2021-05-01 13:53:17,371 [Time-limited test] INFO  rpc.RpcClient (RpcClient.java:createVolume(320)) - Creating Volume: vol-733-b-9-88865, with jenkins1001 as owner and space quota set to -1 bytes, counts quota set to -1
2021-05-01 13:53:17,373 [OM StateMachine ApplyTransaction Thread - 0] INFO  volume.OMVolumeCreateRequest (OMVolumeCreateRequest.java:validateAndUpdateCache(195)) - created volume:vol-733-b-9-88865 for user:jenkins1001
]]></system-out>
  </testcase>
  <testcase name="testMultipartUploadOverride" classname="org.apache.hadoop.ozone.client.rpc.TestSecureOzoneRpcClient" time="6.696"/>
  <testcase name="testMultipartUploadWithACL" classname="org.apache.hadoop.ozone.client.rpc.TestSecureOzoneRpcClient" time="3.966"/>
  <testcase name="testMultipartUploadWithMissingParts" classname="org.apache.hadoop.ozone.client.rpc.TestSecureOzoneRpcClient" time="0.041"/>
  <testcase name="testMultipartUploadWithPartsLessThanMinSize" classname="org.apache.hadoop.ozone.client.rpc.TestSecureOzoneRpcClient" time="0.05"/>
  <testcase name="testMultipartUploadWithPartsMisMatchWithIncorrectPartName" classname="org.apache.hadoop.ozone.client.rpc.TestSecureOzoneRpcClient" time="0.046"/>
  <testcase name="testMultipartUploadWithPartsMisMatchWithListSizeDifferent" classname="org.apache.hadoop.ozone.client.rpc.TestSecureOzoneRpcClient" time="0.019"/>
  <testcase name="testNativeAclsForBucket" classname="org.apache.hadoop.ozone.client.rpc.TestSecureOzoneRpcClient" time="0.072"/>
  <testcase name="testNativeAclsForKey" classname="org.apache.hadoop.ozone.client.rpc.TestSecureOzoneRpcClient" time="0.217"/>
  <testcase name="testNativeAclsForPrefix" classname="org.apache.hadoop.ozone.client.rpc.TestSecureOzoneRpcClient" time="0.109"/>
  <testcase name="testNativeAclsForVolume" classname="org.apache.hadoop.ozone.client.rpc.TestSecureOzoneRpcClient" time="0.046"/>
  <testcase name="testNoSuchUploadError" classname="org.apache.hadoop.ozone.client.rpc.TestSecureOzoneRpcClient" time="0.017"/>
  <testcase name="testOMClientProxyProvider" classname="org.apache.hadoop.ozone.client.rpc.TestSecureOzoneRpcClient" time="0.005"/>
  <testcase name="testPutKey" classname="org.apache.hadoop.ozone.client.rpc.TestSecureOzoneRpcClient" time="0.296"/>
  <testcase name="testPutKeyRatisOneNode" classname="org.apache.hadoop.ozone.client.rpc.TestSecureOzoneRpcClient" time="0.811"/>
  <testcase name="testPutKeyRatisThreeNodes" classname="org.apache.hadoop.ozone.client.rpc.TestSecureOzoneRpcClient" time="3.063"/>
  <testcase name="testPutKeyRatisThreeNodesParallel" classname="org.apache.hadoop.ozone.client.rpc.TestSecureOzoneRpcClient" time="10.146"/>
  <testcase name="testReadKeyWithCorruptedData" classname="org.apache.hadoop.ozone.client.rpc.TestSecureOzoneRpcClient" time="0.115"/>
  <testcase name="testReadKeyWithCorruptedDataWithMutiNodes" classname="org.apache.hadoop.ozone.client.rpc.TestSecureOzoneRpcClient" time="0.102"/>
  <testcase name="testReadKeyWithVerifyChecksumFlagDisable" classname="org.apache.hadoop.ozone.client.rpc.TestSecureOzoneRpcClient" time="0.08"/>
  <testcase name="testReadKeyWithVerifyChecksumFlagEnable" classname="org.apache.hadoop.ozone.client.rpc.TestSecureOzoneRpcClient" time="0.064"/>
  <testcase name="testRemoveBucketAcl" classname="org.apache.hadoop.ozone.client.rpc.TestSecureOzoneRpcClient" time="0.015"/>
  <testcase name="testRemoveBucketAclUsingRpcClientRemoveAcl" classname="org.apache.hadoop.ozone.client.rpc.TestSecureOzoneRpcClient" time="0.018"/>
  <testcase name="testRenameKey" classname="org.apache.hadoop.ozone.client.rpc.TestSecureOzoneRpcClient" time="0.045"/>
  <testcase name="testSetAndClrQuota" classname="org.apache.hadoop.ozone.client.rpc.TestSecureOzoneRpcClient" time="0.072"/>
  <testcase name="testSetBucketQuotaIllegal" classname="org.apache.hadoop.ozone.client.rpc.TestSecureOzoneRpcClient" time="0.019"/>
  <testcase name="testSetBucketStorageType" classname="org.apache.hadoop.ozone.client.rpc.TestSecureOzoneRpcClient" time="0.013"/>
  <testcase name="testSetBucketVersioning" classname="org.apache.hadoop.ozone.client.rpc.TestSecureOzoneRpcClient" time="0.011"/>
  <testcase name="testSetS3VolumeAcl" classname="org.apache.hadoop.ozone.client.rpc.TestSecureOzoneRpcClient" time="0.008"/>
  <testcase name="testSetVolumeQuota" classname="org.apache.hadoop.ozone.client.rpc.TestSecureOzoneRpcClient" time="0.014"/>
  <testcase name="testSetVolumeQuotaIllegal" classname="org.apache.hadoop.ozone.client.rpc.TestSecureOzoneRpcClient" time="0.007"/>
  <testcase name="testUploadPartOverrideWithRatis" classname="org.apache.hadoop.ozone.client.rpc.TestSecureOzoneRpcClient" time="0.066"/>
  <testcase name="testUploadPartOverrideWithStandAlone" classname="org.apache.hadoop.ozone.client.rpc.TestSecureOzoneRpcClient" time="0.039"/>
  <testcase name="testUploadPartWithNoOverride" classname="org.apache.hadoop.ozone.client.rpc.TestSecureOzoneRpcClient" time="0.026"/>
  <testcase name="testUsedBytesWithUploadPart" classname="org.apache.hadoop.ozone.client.rpc.TestSecureOzoneRpcClient" time="0.28"/>
  <testcase name="testValidateBlockLengthWithCommitKey" classname="org.apache.hadoop.ozone.client.rpc.TestSecureOzoneRpcClient" time="0.019"/>
  <testcase name="testVolumeSetOwner" classname="org.apache.hadoop.ozone.client.rpc.TestSecureOzoneRpcClient" time="0.022"/>
  <testcase name="testVolumeUsedNamespace" classname="org.apache.hadoop.ozone.client.rpc.TestSecureOzoneRpcClient" time="0.025"/>
</testsuite>