<?xml version="1.0" encoding="UTF-8"?>
<testsuite xmlns:xsi="http://www.w3.org/2001/XMLSchema-instance" xsi:noNamespaceSchemaLocation="https://maven.apache.org/surefire/maven-surefire-plugin/xsd/surefire-test-report.xsd" name="org.apache.hadoop.ozone.client.rpc.TestBlockOutputStreamWithFailuresFlushDelay" time="736.825" tests="8" errors="1" skipped="0" failures="0">
  <properties>
    <property name="awt.toolkit" value="sun.awt.X11.XToolkit"/>
    <property name="file.encoding.pkg" value="sun.io"/>
    <property name="java.specification.version" value="1.8"/>
    <property name="sun.cpu.isalist" value=""/>
    <property name="sun.jnu.encoding" value="ANSI_X3.4-1968"/>
    <property name="java.class.path" value="/github/workspace/mnt/ozone/hadoop-ozone/integration-test/target/test-classes:/github/workspace/mnt/ozone/hadoop-ozone/integration-test/target/classes:/home/user/.m2/repository/org/apache/hadoop/hadoop-ozone-common/1.1.0-SNAPSHOT/hadoop-ozone-common-1.1.0-SNAPSHOT.jar:/home/user/.m2/repository/org/apache/commons/commons-compress/1.4.1/commons-compress-1.4.1.jar:/home/user/.m2/repository/org/tukaani/xz/1.0/xz-1.0.jar:/home/user/.m2/repository/org/apache/hadoop/hadoop-hdds-common/1.1.0-SNAPSHOT/hadoop-hdds-common-1.1.0-SNAPSHOT.jar:/home/user/.m2/repository/org/apache/hadoop/hadoop-hdds-client/1.1.0-SNAPSHOT/hadoop-hdds-client-1.1.0-SNAPSHOT.jar:/home/user/.m2/repository/org/apache/hadoop/hadoop-ozone-interface-client/1.1.0-SNAPSHOT/hadoop-ozone-interface-client-1.1.0-SNAPSHOT.jar:/home/user/.m2/repository/org/apache/hadoop/hadoop-hdds-test-utils/1.1.0-SNAPSHOT/hadoop-hdds-test-utils-1.1.0-SNAPSHOT.jar:/home/user/.m2/repository/com/google/guava/guava/28.2-jre/guava-28.2-jre.jar:/home/user/.m2/repository/com/google/guava/failureaccess/1.0.1/failureaccess-1.0.1.jar:/home/user/.m2/repository/com/google/guava/listenablefuture/9999.0-empty-to-avoid-conflict-with-guava/listenablefuture-9999.0-empty-to-avoid-conflict-with-guava.jar:/home/user/.m2/repository/com/google/code/findbugs/jsr305/3.0.0/jsr305-3.0.0.jar:/home/user/.m2/repository/org/checkerframework/checker-qual/2.10.0/checker-qual-2.10.0.jar:/home/user/.m2/repository/com/google/errorprone/error_prone_annotations/2.2.0/error_prone_annotations-2.2.0.jar:/home/user/.m2/repository/com/google/j2objc/j2objc-annotations/1.3/j2objc-annotations-1.3.jar:/home/user/.m2/repository/commons-io/commons-io/2.5/commons-io-2.5.jar:/home/user/.m2/repository/commons-logging/commons-logging/1.2/commons-logging-1.2.jar:/home/user/.m2/repository/log4j/log4j/1.2.17/log4j-1.2.17.jar:/home/user/.m2/repository/org/slf4j/slf4j-api/1.7.30/slf4j-api-1.7.30.jar:/home/user/.m2/repository/org/apache/hadoop/hadoop-hdds-server-scm/1.1.0-SNAPSHOT/hadoop-hdds-server-scm-1.1.0-SNAPSHOT.jar:/home/user/.m2/repository/org/apache/hadoop/hadoop-hdds-container-service/1.1.0-SNAPSHOT/hadoop-hdds-container-service-1.1.0-SNAPSHOT.jar:/home/user/.m2/repository/org/apache/hadoop/hadoop-hdds-hadoop-dependency-server/1.1.0-SNAPSHOT/hadoop-hdds-hadoop-dependency-server-1.1.0-SNAPSHOT.jar:/home/user/.m2/repository/org/apache/hadoop/hadoop-hdfs/3.2.1/hadoop-hdfs-3.2.1.jar:/home/user/.m2/repository/org/apache/hadoop/hadoop-hdds-server-framework/1.1.0-SNAPSHOT/hadoop-hdds-server-framework-1.1.0-SNAPSHOT.jar:/home/user/.m2/repository/org/apache/hadoop/hadoop-hdds-interface-server/1.1.0-SNAPSHOT/hadoop-hdds-interface-server-1.1.0-SNAPSHOT.jar:/home/user/.m2/repository/org/apache/hadoop/hadoop-hdds-interface-admin/1.1.0-SNAPSHOT/hadoop-hdds-interface-admin-1.1.0-SNAPSHOT.jar:/home/user/.m2/repository/org/eclipse/jetty/jetty-servlet/9.4.34.v20201102/jetty-servlet-9.4.34.v20201102.jar:/home/user/.m2/repository/org/eclipse/jetty/jetty-security/9.4.34.v20201102/jetty-security-9.4.34.v20201102.jar:/home/user/.m2/repository/org/rocksdb/rocksdbjni/6.8.1/rocksdbjni-6.8.1.jar:/home/user/.m2/repository/io/prometheus/simpleclient_dropwizard/0.7.0/simpleclient_dropwizard-0.7.0.jar:/home/user/.m2/repository/io/prometheus/simpleclient/0.7.0/simpleclient-0.7.0.jar:/home/user/.m2/repository/io/prometheus/simpleclient_common/0.7.0/simpleclient_common-0.7.0.jar:/home/user/.m2/repository/com/fasterxml/jackson/datatype/jackson-datatype-jsr310/2.10.3/jackson-datatype-jsr310-2.10.3.jar:/home/user/.m2/repository/io/dropwizard/metrics/metrics-core/3.2.4/metrics-core-3.2.4.jar:/home/user/.m2/repository/org/apache/hadoop/hadoop-hdfs-client/3.2.1/hadoop-hdfs-client-3.2.1.jar:/home/user/.m2/repository/org/bouncycastle/bcprov-jdk15on/1.67/bcprov-jdk15on-1.67.jar:/home/user/.m2/repository/org/apache/hadoop/hadoop-ozone-ozone-manager/1.1.0-SNAPSHOT/hadoop-ozone-ozone-manager-1.1.0-SNAPSHOT.jar:/home/user/.m2/repository/org/apache/hadoop/hadoop-hdds-interface-client/1.1.0-SNAPSHOT/hadoop-hdds-interface-client-1.1.0-SNAPSHOT.jar:/home/user/.m2/repository/org/apache/ratis/ratis-thirdparty-misc/0.6.0-SNAPSHOT/ratis-thirdparty-misc-0.6.0-SNAPSHOT.jar:/home/user/.m2/repository/org/apache/hadoop/hadoop-ozone-interface-storage/1.1.0-SNAPSHOT/hadoop-ozone-interface-storage-1.1.0-SNAPSHOT.jar:/home/user/.m2/repository/org/apache/hadoop/hadoop-minikdc/3.2.1/hadoop-minikdc-3.2.1.jar:/home/user/.m2/repository/org/apache/kerby/kerb-simplekdc/1.0.1/kerb-simplekdc-1.0.1.jar:/home/user/.m2/repository/org/apache/kerby/kerb-client/1.0.1/kerb-client-1.0.1.jar:/home/user/.m2/repository/org/apache/kerby/kerby-config/1.0.1/kerby-config-1.0.1.jar:/home/user/.m2/repository/org/apache/kerby/kerb-core/1.0.1/kerb-core-1.0.1.jar:/home/user/.m2/repository/org/apache/kerby/kerby-pkix/1.0.1/kerby-pkix-1.0.1.jar:/home/user/.m2/repository/org/apache/kerby/kerby-asn1/1.0.1/kerby-asn1-1.0.1.jar:/home/user/.m2/repository/org/apache/kerby/kerby-util/1.0.1/kerby-util-1.0.1.jar:/home/user/.m2/repository/org/apache/kerby/kerb-common/1.0.1/kerb-common-1.0.1.jar:/home/user/.m2/repository/org/apache/kerby/kerb-crypto/1.0.1/kerb-crypto-1.0.1.jar:/home/user/.m2/repository/org/apache/kerby/kerb-util/1.0.1/kerb-util-1.0.1.jar:/home/user/.m2/repository/org/apache/kerby/token-provider/1.0.1/token-provider-1.0.1.jar:/home/user/.m2/repository/org/apache/kerby/kerb-admin/1.0.1/kerb-admin-1.0.1.jar:/home/user/.m2/repository/org/apache/kerby/kerb-server/1.0.1/kerb-server-1.0.1.jar:/home/user/.m2/repository/org/apache/kerby/kerb-identity/1.0.1/kerb-identity-1.0.1.jar:/home/user/.m2/repository/org/apache/kerby/kerby-xdr/1.0.1/kerby-xdr-1.0.1.jar:/home/user/.m2/repository/org/slf4j/slf4j-log4j12/1.7.30/slf4j-log4j12-1.7.30.jar:/home/user/.m2/repository/org/apache/hadoop/hadoop-ozone-s3gateway/1.1.0-SNAPSHOT/hadoop-ozone-s3gateway-1.1.0-SNAPSHOT.jar:/home/user/.m2/repository/org/jboss/weld/servlet/weld-servlet/2.4.7.Final/weld-servlet-2.4.7.Final.jar:/home/user/.m2/repository/org/glassfish/jersey/containers/jersey-container-servlet-core/2.27/jersey-container-servlet-core-2.27.jar:/home/user/.m2/repository/org/glassfish/hk2/external/javax.inject/2.5.0-b42/javax.inject-2.5.0-b42.jar:/home/user/.m2/repository/org/glassfish/jersey/core/jersey-common/2.27/jersey-common-2.27.jar:/home/user/.m2/repository/org/glassfish/hk2/osgi-resource-locator/1.0.1/osgi-resource-locator-1.0.1.jar:/home/user/.m2/repository/javax/ws/rs/javax.ws.rs-api/2.1/javax.ws.rs-api-2.1.jar:/home/user/.m2/repository/org/glassfish/jersey/ext/cdi/jersey-cdi1x/2.27/jersey-cdi1x-2.27.jar:/home/user/.m2/repository/org/glassfish/jersey/inject/jersey-hk2/2.27/jersey-hk2-2.27.jar:/home/user/.m2/repository/org/glassfish/hk2/hk2-locator/2.5.0-b42/hk2-locator-2.5.0-b42.jar:/home/user/.m2/repository/org/javassist/javassist/3.22.0-CR2/javassist-3.22.0-CR2.jar:/home/user/.m2/repository/org/glassfish/hk2/hk2-api/2.5.0/hk2-api-2.5.0.jar:/home/user/.m2/repository/org/glassfish/hk2/external/jakarta.inject/2.5.0/jakarta.inject-2.5.0.jar:/home/user/.m2/repository/org/glassfish/hk2/hk2-utils/2.5.0/hk2-utils-2.5.0.jar:/home/user/.m2/repository/jakarta/annotation/jakarta.annotation-api/1.3.4/jakarta.annotation-api-1.3.4.jar:/home/user/.m2/repository/org/glassfish/hk2/external/aopalliance-repackaged/2.5.0/aopalliance-repackaged-2.5.0.jar:/home/user/.m2/repository/com/fasterxml/jackson/dataformat/jackson-dataformat-xml/2.10.3/jackson-dataformat-xml-2.10.3.jar:/home/user/.m2/repository/com/fasterxml/jackson/core/jackson-core/2.10.3/jackson-core-2.10.3.jar:/home/user/.m2/repository/com/fasterxml/jackson/module/jackson-module-jaxb-annotations/2.10.3/jackson-module-jaxb-annotations-2.10.3.jar:/home/user/.m2/repository/jakarta/xml/bind/jakarta.xml.bind-api/2.3.2/jakarta.xml.bind-api-2.3.2.jar:/home/user/.m2/repository/jakarta/activation/jakarta.activation-api/1.2.1/jakarta.activation-api-1.2.1.jar:/home/user/.m2/repository/org/codehaus/woodstox/stax2-api/3.1.4/stax2-api-3.1.4.jar:/home/user/.m2/repository/com/fasterxml/woodstox/woodstox-core/5.0.3/woodstox-core-5.0.3.jar:/home/user/.m2/repository/javax/enterprise/cdi-api/1.2/cdi-api-1.2.jar:/home/user/.m2/repository/javax/el/javax.el-api/3.0.0/javax.el-api-3.0.0.jar:/home/user/.m2/repository/javax/interceptor/javax.interceptor-api/1.2/javax.interceptor-api-1.2.jar:/home/user/.m2/repository/javax/inject/javax.inject/1/javax.inject-1.jar:/home/user/.m2/repository/com/sun/xml/bind/jaxb-impl/2.3.0.1/jaxb-impl-2.3.0.1.jar:/home/user/.m2/repository/com/sun/xml/bind/jaxb-core/2.3.0.1/jaxb-core-2.3.0.1.jar:/home/user/.m2/repository/javax/xml/bind/jaxb-api/2.3.0/jaxb-api-2.3.0.jar:/home/user/.m2/repository/javax/activation/activation/1.1.1/activation-1.1.1.jar:/home/user/.m2/repository/org/apache/hadoop/hadoop-ozone-csi/1.1.0-SNAPSHOT/hadoop-ozone-csi-1.1.0-SNAPSHOT.jar:/home/user/.m2/repository/com/google/protobuf/protobuf-java-util/3.11.0/protobuf-java-util-3.11.0.jar:/home/user/.m2/repository/com/google/code/gson/gson/2.2.4/gson-2.2.4.jar:/home/user/.m2/repository/org/apache/hadoop/hadoop-hdds-config/1.1.0-SNAPSHOT/hadoop-hdds-config-1.1.0-SNAPSHOT.jar:/home/user/.m2/repository/com/google/protobuf/protobuf-java/2.5.0/protobuf-java-2.5.0.jar:/home/user/.m2/repository/io/grpc/grpc-netty/1.29.0/grpc-netty-1.29.0.jar:/home/user/.m2/repository/io/grpc/grpc-core/1.29.0/grpc-core-1.29.0.jar:/home/user/.m2/repository/com/google/android/annotations/4.1.1.4/annotations-4.1.1.4.jar:/home/user/.m2/repository/io/perfmark/perfmark-api/0.19.0/perfmark-api-0.19.0.jar:/home/user/.m2/repository/io/netty/netty-codec-http2/4.1.48.Final/netty-codec-http2-4.1.48.Final.jar:/home/user/.m2/repository/io/netty/netty-codec/4.1.48.Final/netty-codec-4.1.48.Final.jar:/home/user/.m2/repository/io/netty/netty-handler/4.1.48.Final/netty-handler-4.1.48.Final.jar:/home/user/.m2/repository/io/netty/netty-codec-http/4.1.48.Final/netty-codec-http-4.1.48.Final.jar:/home/user/.m2/repository/io/netty/netty-handler-proxy/4.1.48.Final/netty-handler-proxy-4.1.48.Final.jar:/home/user/.m2/repository/io/netty/netty-codec-socks/4.1.48.Final/netty-codec-socks-4.1.48.Final.jar:/home/user/.m2/repository/io/netty/netty-transport-native-epoll/4.1.48.Final/netty-transport-native-epoll-4.1.48.Final.jar:/home/user/.m2/repository/io/netty/netty-common/4.1.48.Final/netty-common-4.1.48.Final.jar:/home/user/.m2/repository/io/netty/netty-buffer/4.1.48.Final/netty-buffer-4.1.48.Final.jar:/home/user/.m2/repository/io/netty/netty-transport/4.1.48.Final/netty-transport-4.1.48.Final.jar:/home/user/.m2/repository/io/netty/netty-resolver/4.1.48.Final/netty-resolver-4.1.48.Final.jar:/home/user/.m2/repository/io/netty/netty-transport-native-unix-common/4.1.48.Final/netty-transport-native-unix-common-4.1.48.Final.jar:/home/user/.m2/repository/io/grpc/grpc-protobuf/1.29.0/grpc-protobuf-1.29.0.jar:/home/user/.m2/repository/io/grpc/grpc-api/1.29.0/grpc-api-1.29.0.jar:/home/user/.m2/repository/io/grpc/grpc-context/1.29.0/grpc-context-1.29.0.jar:/home/user/.m2/repository/org/codehaus/mojo/animal-sniffer-annotations/1.18/animal-sniffer-annotations-1.18.jar:/home/user/.m2/repository/com/google/api/grpc/proto-google-common-protos/1.17.0/proto-google-common-protos-1.17.0.jar:/home/user/.m2/repository/io/grpc/grpc-protobuf-lite/1.29.0/grpc-protobuf-lite-1.29.0.jar:/home/user/.m2/repository/io/grpc/grpc-stub/1.29.0/grpc-stub-1.29.0.jar:/home/user/.m2/repository/org/apache/hadoop/hadoop-ozone-recon/1.1.0-SNAPSHOT/hadoop-ozone-recon-1.1.0-SNAPSHOT.jar:/home/user/.m2/repository/org/apache/hadoop/hadoop-ozone-reconcodegen/1.1.0-SNAPSHOT/hadoop-ozone-reconcodegen-1.1.0-SNAPSHOT.jar:/home/user/.m2/repository/com/google/inject/extensions/guice-multibindings/4.0/guice-multibindings-4.0.jar:/home/user/.m2/repository/com/google/inject/guice/4.0/guice-4.0.jar:/home/user/.m2/repository/aopalliance/aopalliance/1.0/aopalliance-1.0.jar:/home/user/.m2/repository/com/google/inject/extensions/guice-assistedinject/4.0/guice-assistedinject-4.0.jar:/home/user/.m2/repository/com/google/inject/extensions/guice-servlet/4.0/guice-servlet-4.0.jar:/home/user/.m2/repository/org/glassfish/jersey/containers/jersey-container-servlet/2.27/jersey-container-servlet-2.27.jar:/home/user/.m2/repository/org/glassfish/hk2/guice-bridge/2.5.0/guice-bridge-2.5.0.jar:/home/user/.m2/repository/org/glassfish/jersey/core/jersey-server/2.27/jersey-server-2.27.jar:/home/user/.m2/repository/org/glassfish/jersey/core/jersey-client/2.27/jersey-client-2.27.jar:/home/user/.m2/repository/org/glassfish/jersey/media/jersey-media-jaxb/2.27/jersey-media-jaxb-2.27.jar:/home/user/.m2/repository/javax/validation/validation-api/1.1.0.Final/validation-api-1.1.0.Final.jar:/home/user/.m2/repository/org/glassfish/jersey/media/jersey-media-json-jackson/2.27/jersey-media-json-jackson-2.27.jar:/home/user/.m2/repository/org/glassfish/jersey/ext/jersey-entity-filtering/2.27/jersey-entity-filtering-2.27.jar:/home/user/.m2/repository/org/jooq/jooq/3.11.10/jooq-3.11.10.jar:/home/user/.m2/repository/org/jooq/jooq-meta/3.11.10/jooq-meta-3.11.10.jar:/home/user/.m2/repository/org/jooq/jooq-codegen/3.11.10/jooq-codegen-3.11.10.jar:/home/user/.m2/repository/com/jolbox/bonecp/0.8.0.RELEASE/bonecp-0.8.0.RELEASE.jar:/home/user/.m2/repository/org/apache/derby/derby/10.14.2.0/derby-10.14.2.0.jar:/home/user/.m2/repository/org/xerial/sqlite-jdbc/3.25.2/sqlite-jdbc-3.25.2.jar:/home/user/.m2/repository/org/springframework/spring-jdbc/5.2.11.RELEASE/spring-jdbc-5.2.11.RELEASE.jar:/home/user/.m2/repository/org/springframework/spring-beans/5.2.11.RELEASE/spring-beans-5.2.11.RELEASE.jar:/home/user/.m2/repository/org/springframework/spring-core/5.2.11.RELEASE/spring-core-5.2.11.RELEASE.jar:/home/user/.m2/repository/org/springframework/spring-jcl/5.2.11.RELEASE/spring-jcl-5.2.11.RELEASE.jar:/home/user/.m2/repository/org/springframework/spring-tx/5.2.11.RELEASE/spring-tx-5.2.11.RELEASE.jar:/home/user/.m2/repository/org/apache/hadoop/hadoop-ozone-client/1.1.0-SNAPSHOT/hadoop-ozone-client-1.1.0-SNAPSHOT.jar:/home/user/.m2/repository/org/apache/hadoop/hadoop-ozone-filesystem/1.1.0-SNAPSHOT/hadoop-ozone-filesystem-1.1.0-SNAPSHOT.jar:/home/user/.m2/repository/org/apache/hadoop/hadoop-ozone-filesystem-common/1.1.0-SNAPSHOT/hadoop-ozone-filesystem-common-1.1.0-SNAPSHOT.jar:/home/user/.m2/repository/org/apache/hadoop/hadoop-ozone-tools/1.1.0-SNAPSHOT/hadoop-ozone-tools-1.1.0-SNAPSHOT.jar:/home/user/.m2/repository/org/apache/ratis/ratis-tools/1.1.0-c5eafb9-SNAPSHOT/ratis-tools-1.1.0-c5eafb9-SNAPSHOT.jar:/home/user/.m2/repository/org/apache/ratis/ratis-proto/1.1.0-c5eafb9-SNAPSHOT/ratis-proto-1.1.0-c5eafb9-SNAPSHOT.jar:/home/user/.m2/repository/org/apache/ratis/ratis-common/1.1.0-c5eafb9-SNAPSHOT/ratis-common-1.1.0-c5eafb9-SNAPSHOT.jar:/home/user/.m2/repository/com/amazonaws/aws-java-sdk-core/1.11.901/aws-java-sdk-core-1.11.901.jar:/home/user/.m2/repository/org/apache/httpcomponents/httpclient/4.5.13/httpclient-4.5.13.jar:/home/user/.m2/repository/org/apache/httpcomponents/httpcore/4.4.13/httpcore-4.4.13.jar:/home/user/.m2/repository/software/amazon/ion/ion-java/1.0.2/ion-java-1.0.2.jar:/home/user/.m2/repository/com/fasterxml/jackson/dataformat/jackson-dataformat-cbor/2.10.3/jackson-dataformat-cbor-2.10.3.jar:/home/user/.m2/repository/joda-time/joda-time/2.8.1/joda-time-2.8.1.jar:/home/user/.m2/repository/com/amazonaws/aws-java-sdk-s3/1.11.901/aws-java-sdk-s3-1.11.901.jar:/home/user/.m2/repository/com/amazonaws/aws-java-sdk-kms/1.11.901/aws-java-sdk-kms-1.11.901.jar:/home/user/.m2/repository/com/amazonaws/jmespath-java/1.11.901/jmespath-java-1.11.901.jar:/home/user/.m2/repository/org/kohsuke/metainf-services/metainf-services/1.8/metainf-services-1.8.jar:/home/user/.m2/repository/org/apache/hadoop/hadoop-hdds-tools/1.1.0-SNAPSHOT/hadoop-hdds-tools-1.1.0-SNAPSHOT.jar:/home/user/.m2/repository/commons-cli/commons-cli/1.2/commons-cli-1.2.jar:/home/user/.m2/repository/org/apache/commons/commons-lang3/3.7/commons-lang3-3.7.jar:/home/user/.m2/repository/org/apache/hadoop/hadoop-ozone-ozone-manager/1.1.0-SNAPSHOT/hadoop-ozone-ozone-manager-1.1.0-SNAPSHOT-tests.jar:/home/user/.m2/repository/org/apache/hadoop/hadoop-hdds-common/1.1.0-SNAPSHOT/hadoop-hdds-common-1.1.0-SNAPSHOT-tests.jar:/home/user/.m2/repository/org/apache/hadoop/hadoop-hdds-hadoop-dependency-client/1.1.0-SNAPSHOT/hadoop-hdds-hadoop-dependency-client-1.1.0-SNAPSHOT.jar:/home/user/.m2/repository/info/picocli/picocli/4.4.0/picocli-4.4.0.jar:/home/user/.m2/repository/com/fasterxml/jackson/core/jackson-annotations/2.10.3/jackson-annotations-2.10.3.jar:/home/user/.m2/repository/javax/annotation/javax.annotation-api/1.2/javax.annotation-api-1.2.jar:/home/user/.m2/repository/org/fusesource/leveldbjni/leveldbjni-all/1.8/leveldbjni-all-1.8.jar:/home/user/.m2/repository/org/apache/ratis/ratis-server/1.1.0-c5eafb9-SNAPSHOT/ratis-server-1.1.0-c5eafb9-SNAPSHOT.jar:/home/user/.m2/repository/org/apache/ratis/ratis-client/1.1.0-c5eafb9-SNAPSHOT/ratis-client-1.1.0-c5eafb9-SNAPSHOT.jar:/home/user/.m2/repository/org/apache/ratis/ratis-metrics/1.1.0-c5eafb9-SNAPSHOT/ratis-metrics-1.1.0-c5eafb9-SNAPSHOT.jar:/home/user/.m2/repository/org/apache/ratis/ratis-netty/1.1.0-c5eafb9-SNAPSHOT/ratis-netty-1.1.0-c5eafb9-SNAPSHOT.jar:/home/user/.m2/repository/org/apache/ratis/ratis-grpc/1.1.0-c5eafb9-SNAPSHOT/ratis-grpc-1.1.0-c5eafb9-SNAPSHOT.jar:/home/user/.m2/repository/org/apache/logging/log4j/log4j-api/2.13.3/log4j-api-2.13.3.jar:/home/user/.m2/repository/org/apache/logging/log4j/log4j-core/2.13.3/log4j-core-2.13.3.jar:/home/user/.m2/repository/com/lmax/disruptor/3.4.2/disruptor-3.4.2.jar:/home/user/.m2/repository/org/apache/commons/commons-pool2/2.6.0/commons-pool2-2.6.0.jar:/home/user/.m2/repository/org/bouncycastle/bcpkix-jdk15on/1.67/bcpkix-jdk15on-1.67.jar:/home/user/.m2/repository/commons-validator/commons-validator/1.6/commons-validator-1.6.jar:/home/user/.m2/repository/commons-beanutils/commons-beanutils/1.9.4/commons-beanutils-1.9.4.jar:/home/user/.m2/repository/commons-digester/commons-digester/1.8.1/commons-digester-1.8.1.jar:/home/user/.m2/repository/commons-collections/commons-collections/3.2.2/commons-collections-3.2.2.jar:/home/user/.m2/repository/io/jaegertracing/jaeger-client/1.2.0/jaeger-client-1.2.0.jar:/home/user/.m2/repository/io/jaegertracing/jaeger-thrift/1.2.0/jaeger-thrift-1.2.0.jar:/home/user/.m2/repository/org/apache/thrift/libthrift/0.13.0/libthrift-0.13.0.jar:/home/user/.m2/repository/com/squareup/okhttp3/okhttp/4.2.2/okhttp-4.2.2.jar:/home/user/.m2/repository/com/squareup/okio/okio/2.2.2/okio-2.2.2.jar:/home/user/.m2/repository/org/jetbrains/kotlin/kotlin-stdlib/1.3.50/kotlin-stdlib-1.3.50.jar:/home/user/.m2/repository/org/jetbrains/kotlin/kotlin-stdlib-common/1.3.50/kotlin-stdlib-common-1.3.50.jar:/home/user/.m2/repository/org/jetbrains/annotations/13.0/annotations-13.0.jar:/home/user/.m2/repository/io/jaegertracing/jaeger-core/1.2.0/jaeger-core-1.2.0.jar:/home/user/.m2/repository/io/jaegertracing/jaeger-tracerresolver/1.2.0/jaeger-tracerresolver-1.2.0.jar:/home/user/.m2/repository/io/opentracing/contrib/opentracing-tracerresolver/0.1.8/opentracing-tracerresolver-0.1.8.jar:/home/user/.m2/repository/io/opentracing/opentracing-util/0.33.0/opentracing-util-0.33.0.jar:/home/user/.m2/repository/io/opentracing/opentracing-api/0.33.0/opentracing-api-0.33.0.jar:/home/user/.m2/repository/io/opentracing/opentracing-noop/0.33.0/opentracing-noop-0.33.0.jar:/home/user/.m2/repository/org/yaml/snakeyaml/1.26/snakeyaml-1.26.jar:/home/user/.m2/repository/junit/junit/4.11/junit-4.11.jar:/home/user/.m2/repository/org/hamcrest/hamcrest-core/1.3/hamcrest-core-1.3.jar:/home/user/.m2/repository/org/openjdk/jmh/jmh-core/1.19/jmh-core-1.19.jar:/home/user/.m2/repository/net/sf/jopt-simple/jopt-simple/4.6/jopt-simple-4.6.jar:/home/user/.m2/repository/org/apache/commons/commons-math3/3.1.1/commons-math3-3.1.1.jar:/home/user/.m2/repository/org/openjdk/jmh/jmh-generator-annprocess/1.19/jmh-generator-annprocess-1.19.jar:/home/user/.m2/repository/org/mockito/mockito-all/1.8.5/mockito-all-1.8.5.jar:/home/user/.m2/repository/org/apache/hadoop/hadoop-kms/3.2.1/hadoop-kms-3.2.1.jar:/home/user/.m2/repository/org/apache/hadoop/hadoop-auth/3.2.1/hadoop-auth-3.2.1.jar:/home/user/.m2/repository/com/nimbusds/nimbus-jose-jwt/7.9/nimbus-jose-jwt-7.9.jar:/home/user/.m2/repository/com/github/stephenc/jcip/jcip-annotations/1.0-1/jcip-annotations-1.0-1.jar:/home/user/.m2/repository/net/minidev/json-smart/2.3/json-smart-2.3.jar:/home/user/.m2/repository/net/minidev/accessors-smart/1.2/accessors-smart-1.2.jar:/home/user/.m2/repository/org/ow2/asm/asm/5.0.4/asm-5.0.4.jar:/home/user/.m2/repository/org/apache/zookeeper/zookeeper/3.4.13/zookeeper-3.4.13.jar:/home/user/.m2/repository/org/apache/yetus/audience-annotations/0.5.0/audience-annotations-0.5.0.jar:/home/user/.m2/repository/org/apache/curator/curator-framework/2.13.0/curator-framework-2.13.0.jar:/home/user/.m2/repository/com/sun/jersey/jersey-core/1.19/jersey-core-1.19.jar:/home/user/.m2/repository/javax/ws/rs/jsr311-api/1.1.1/jsr311-api-1.1.1.jar:/home/user/.m2/repository/com/sun/jersey/jersey-server/1.19/jersey-server-1.19.jar:/home/user/.m2/repository/javax/servlet/javax.servlet-api/3.1.0/javax.servlet-api-3.1.0.jar:/home/user/.m2/repository/org/eclipse/jetty/jetty-server/9.4.34.v20201102/jetty-server-9.4.34.v20201102.jar:/home/user/.m2/repository/org/eclipse/jetty/jetty-http/9.4.34.v20201102/jetty-http-9.4.34.v20201102.jar:/home/user/.m2/repository/org/eclipse/jetty/jetty-io/9.4.34.v20201102/jetty-io-9.4.34.v20201102.jar:/home/user/.m2/repository/org/eclipse/jetty/jetty-webapp/9.4.34.v20201102/jetty-webapp-9.4.34.v20201102.jar:/home/user/.m2/repository/org/eclipse/jetty/jetty-xml/9.4.34.v20201102/jetty-xml-9.4.34.v20201102.jar:/home/user/.m2/repository/org/apache/hadoop/hadoop-common/3.2.1/hadoop-common-3.2.1.jar:/home/user/.m2/repository/commons-net/commons-net/3.6/commons-net-3.6.jar:/home/user/.m2/repository/com/sun/jersey/jersey-servlet/1.19/jersey-servlet-1.19.jar:/home/user/.m2/repository/com/sun/jersey/jersey-json/1.19/jersey-json-1.19.jar:/home/user/.m2/repository/org/codehaus/jettison/jettison/1.1/jettison-1.1.jar:/home/user/.m2/repository/org/codehaus/jackson/jackson-jaxrs/1.9.2/jackson-jaxrs-1.9.2.jar:/home/user/.m2/repository/org/codehaus/jackson/jackson-xc/1.9.2/jackson-xc-1.9.2.jar:/home/user/.m2/repository/org/apache/commons/commons-configuration2/2.1.1/commons-configuration2-2.1.1.jar:/home/user/.m2/repository/org/apache/commons/commons-text/1.4/commons-text-1.4.jar:/home/user/.m2/repository/com/google/re2j/re2j/1.1/re2j-1.1.jar:/home/user/.m2/repository/com/jcraft/jsch/0.1.54/jsch-0.1.54.jar:/home/user/.m2/repository/org/apache/curator/curator-client/2.13.0/curator-client-2.13.0.jar:/home/user/.m2/repository/org/apache/curator/curator-recipes/2.13.0/curator-recipes-2.13.0.jar:/home/user/.m2/repository/dnsjava/dnsjava/2.1.7/dnsjava-2.1.7.jar:/home/user/.m2/repository/org/slf4j/jul-to-slf4j/1.7.30/jul-to-slf4j-1.7.30.jar:/home/user/.m2/repository/org/eclipse/jetty/jetty-util/9.4.34.v20201102/jetty-util-9.4.34.v20201102.jar:/home/user/.m2/repository/com/fasterxml/jackson/core/jackson-databind/2.10.3/jackson-databind-2.10.3.jar:/home/user/.m2/repository/org/apache/hadoop/hadoop-kms/3.2.1/hadoop-kms-3.2.1-tests.jar:/home/user/.m2/repository/org/apache/hadoop/hadoop-hdds-server-scm/1.1.0-SNAPSHOT/hadoop-hdds-server-scm-1.1.0-SNAPSHOT-tests.jar:/home/user/.m2/repository/org/apache/hadoop/hadoop-hdds-container-service/1.1.0-SNAPSHOT/hadoop-hdds-container-service-1.1.0-SNAPSHOT-tests.jar:/home/user/.m2/repository/commons-codec/commons-codec/1.11/commons-codec-1.11.jar:/home/user/.m2/repository/org/apache/hadoop/hadoop-hdds-hadoop-dependency-test/1.1.0-SNAPSHOT/hadoop-hdds-hadoop-dependency-test-1.1.0-SNAPSHOT.jar:/home/user/.m2/repository/org/apache/hadoop/hadoop-common/3.2.1/hadoop-common-3.2.1-tests.jar:/home/user/.m2/repository/org/apache/hadoop/hadoop-hdfs/3.2.1/hadoop-hdfs-3.2.1-tests.jar:/home/user/.m2/repository/org/eclipse/jetty/jetty-util-ajax/9.4.34.v20201102/jetty-util-ajax-9.4.34.v20201102.jar:/home/user/.m2/repository/commons-daemon/commons-daemon/1.0.13/commons-daemon-1.0.13.jar:/home/user/.m2/repository/io/netty/netty/3.10.5.Final/netty-3.10.5.Final.jar:/home/user/.m2/repository/io/netty/netty-all/4.1.48.Final/netty-all-4.1.48.Final.jar:/home/user/.m2/repository/org/apache/htrace/htrace-core4/4.1.0-incubating/htrace-core4-4.1.0-incubating.jar:/home/user/.m2/repository/org/apache/hadoop/hadoop-distcp/3.2.1/hadoop-distcp-3.2.1.jar:/home/user/.m2/repository/org/apache/hadoop/hadoop-mapreduce-client-jobclient/3.2.1/hadoop-mapreduce-client-jobclient-3.2.1.jar:/home/user/.m2/repository/org/apache/hadoop/hadoop-mapreduce-client-common/3.2.1/hadoop-mapreduce-client-common-3.2.1.jar:/home/user/.m2/repository/org/apache/hadoop/hadoop-yarn-common/3.2.1/hadoop-yarn-common-3.2.1.jar:/home/user/.m2/repository/org/apache/hadoop/hadoop-yarn-api/3.2.1/hadoop-yarn-api-3.2.1.jar:/home/user/.m2/repository/com/sun/jersey/jersey-client/1.19/jersey-client-1.19.jar:/home/user/.m2/repository/com/sun/jersey/contribs/jersey-guice/1.19/jersey-guice-1.19.jar:/home/user/.m2/repository/com/fasterxml/jackson/jaxrs/jackson-jaxrs-json-provider/2.10.3/jackson-jaxrs-json-provider-2.10.3.jar:/home/user/.m2/repository/com/fasterxml/jackson/jaxrs/jackson-jaxrs-base/2.10.3/jackson-jaxrs-base-2.10.3.jar:/home/user/.m2/repository/org/apache/hadoop/hadoop-yarn-client/3.2.1/hadoop-yarn-client-3.2.1.jar:/home/user/.m2/repository/org/apache/hadoop/hadoop-mapreduce-client-core/3.2.1/hadoop-mapreduce-client-core-3.2.1.jar:/home/user/.m2/repository/org/apache/avro/avro/1.7.7/avro-1.7.7.jar:/home/user/.m2/repository/org/codehaus/jackson/jackson-core-asl/1.9.13/jackson-core-asl-1.9.13.jar:/home/user/.m2/repository/org/codehaus/jackson/jackson-mapper-asl/1.9.13/jackson-mapper-asl-1.9.13.jar:/home/user/.m2/repository/com/thoughtworks/paranamer/paranamer/2.3/paranamer-2.3.jar:/home/user/.m2/repository/org/xerial/snappy/snappy-java/1.0.5/snappy-java-1.0.5.jar:/home/user/.m2/repository/org/apache/hadoop/hadoop-annotations/3.2.1/hadoop-annotations-3.2.1.jar:/usr/lib/jvm/java-1.8.0-openjdk-1.8.0.232.b09-0.el7_7.x86_64/jre/../lib/tools.jar:/home/user/.m2/repository/org/apache/hadoop/hadoop-distcp/3.2.1/hadoop-distcp-3.2.1-tests.jar:"/>
    <property name="java.vm.vendor" value="Oracle Corporation"/>
    <property name="sun.arch.data.model" value="64"/>
    <property name="test.build.dir" value="/github/workspace/mnt/ozone/hadoop-ozone/integration-test/target/test-dir"/>
    <property name="test.cache.data" value=""/>
    <property name="java.vendor.url" value="http://java.oracle.com/"/>
    <property name="user.timezone" value=""/>
    <property name="java.vm.specification.version" value="1.8"/>
    <property name="os.name" value="Linux"/>
    <property name="test.build.data" value="/github/workspace/mnt/ozone/hadoop-ozone/integration-test/target/test-dir"/>
    <property name="user.country" value="US"/>
    <property name="sun.java.launcher" value="SUN_STANDARD"/>
    <property name="sun.boot.library.path" value="/usr/lib/jvm/java-1.8.0-openjdk-1.8.0.232.b09-0.el7_7.x86_64/jre/lib/amd64"/>
    <property name="sun.java.command" value="/github/workspace/mnt/ozone/hadoop-ozone/integration-test/target/surefire/surefirebooter4835062226080409321.jar /github/workspace/mnt/ozone/hadoop-ozone/integration-test/target/surefire 2020-12-26T01-48-15_243-jvmRun1 surefire5109862123503928778tmp surefire_68277104778698676016tmp"/>
    <property name="surefire.test.class.path" value="/github/workspace/mnt/ozone/hadoop-ozone/integration-test/target/test-classes:/github/workspace/mnt/ozone/hadoop-ozone/integration-test/target/classes:/home/user/.m2/repository/org/apache/hadoop/hadoop-ozone-common/1.1.0-SNAPSHOT/hadoop-ozone-common-1.1.0-SNAPSHOT.jar:/home/user/.m2/repository/org/apache/commons/commons-compress/1.4.1/commons-compress-1.4.1.jar:/home/user/.m2/repository/org/tukaani/xz/1.0/xz-1.0.jar:/home/user/.m2/repository/org/apache/hadoop/hadoop-hdds-common/1.1.0-SNAPSHOT/hadoop-hdds-common-1.1.0-SNAPSHOT.jar:/home/user/.m2/repository/org/apache/hadoop/hadoop-hdds-client/1.1.0-SNAPSHOT/hadoop-hdds-client-1.1.0-SNAPSHOT.jar:/home/user/.m2/repository/org/apache/hadoop/hadoop-ozone-interface-client/1.1.0-SNAPSHOT/hadoop-ozone-interface-client-1.1.0-SNAPSHOT.jar:/home/user/.m2/repository/org/apache/hadoop/hadoop-hdds-test-utils/1.1.0-SNAPSHOT/hadoop-hdds-test-utils-1.1.0-SNAPSHOT.jar:/home/user/.m2/repository/com/google/guava/guava/28.2-jre/guava-28.2-jre.jar:/home/user/.m2/repository/com/google/guava/failureaccess/1.0.1/failureaccess-1.0.1.jar:/home/user/.m2/repository/com/google/guava/listenablefuture/9999.0-empty-to-avoid-conflict-with-guava/listenablefuture-9999.0-empty-to-avoid-conflict-with-guava.jar:/home/user/.m2/repository/com/google/code/findbugs/jsr305/3.0.0/jsr305-3.0.0.jar:/home/user/.m2/repository/org/checkerframework/checker-qual/2.10.0/checker-qual-2.10.0.jar:/home/user/.m2/repository/com/google/errorprone/error_prone_annotations/2.2.0/error_prone_annotations-2.2.0.jar:/home/user/.m2/repository/com/google/j2objc/j2objc-annotations/1.3/j2objc-annotations-1.3.jar:/home/user/.m2/repository/commons-io/commons-io/2.5/commons-io-2.5.jar:/home/user/.m2/repository/commons-logging/commons-logging/1.2/commons-logging-1.2.jar:/home/user/.m2/repository/log4j/log4j/1.2.17/log4j-1.2.17.jar:/home/user/.m2/repository/org/slf4j/slf4j-api/1.7.30/slf4j-api-1.7.30.jar:/home/user/.m2/repository/org/apache/hadoop/hadoop-hdds-server-scm/1.1.0-SNAPSHOT/hadoop-hdds-server-scm-1.1.0-SNAPSHOT.jar:/home/user/.m2/repository/org/apache/hadoop/hadoop-hdds-container-service/1.1.0-SNAPSHOT/hadoop-hdds-container-service-1.1.0-SNAPSHOT.jar:/home/user/.m2/repository/org/apache/hadoop/hadoop-hdds-hadoop-dependency-server/1.1.0-SNAPSHOT/hadoop-hdds-hadoop-dependency-server-1.1.0-SNAPSHOT.jar:/home/user/.m2/repository/org/apache/hadoop/hadoop-hdfs/3.2.1/hadoop-hdfs-3.2.1.jar:/home/user/.m2/repository/org/apache/hadoop/hadoop-hdds-server-framework/1.1.0-SNAPSHOT/hadoop-hdds-server-framework-1.1.0-SNAPSHOT.jar:/home/user/.m2/repository/org/apache/hadoop/hadoop-hdds-interface-server/1.1.0-SNAPSHOT/hadoop-hdds-interface-server-1.1.0-SNAPSHOT.jar:/home/user/.m2/repository/org/apache/hadoop/hadoop-hdds-interface-admin/1.1.0-SNAPSHOT/hadoop-hdds-interface-admin-1.1.0-SNAPSHOT.jar:/home/user/.m2/repository/org/eclipse/jetty/jetty-servlet/9.4.34.v20201102/jetty-servlet-9.4.34.v20201102.jar:/home/user/.m2/repository/org/eclipse/jetty/jetty-security/9.4.34.v20201102/jetty-security-9.4.34.v20201102.jar:/home/user/.m2/repository/org/rocksdb/rocksdbjni/6.8.1/rocksdbjni-6.8.1.jar:/home/user/.m2/repository/io/prometheus/simpleclient_dropwizard/0.7.0/simpleclient_dropwizard-0.7.0.jar:/home/user/.m2/repository/io/prometheus/simpleclient/0.7.0/simpleclient-0.7.0.jar:/home/user/.m2/repository/io/prometheus/simpleclient_common/0.7.0/simpleclient_common-0.7.0.jar:/home/user/.m2/repository/com/fasterxml/jackson/datatype/jackson-datatype-jsr310/2.10.3/jackson-datatype-jsr310-2.10.3.jar:/home/user/.m2/repository/io/dropwizard/metrics/metrics-core/3.2.4/metrics-core-3.2.4.jar:/home/user/.m2/repository/org/apache/hadoop/hadoop-hdfs-client/3.2.1/hadoop-hdfs-client-3.2.1.jar:/home/user/.m2/repository/org/bouncycastle/bcprov-jdk15on/1.67/bcprov-jdk15on-1.67.jar:/home/user/.m2/repository/org/apache/hadoop/hadoop-ozone-ozone-manager/1.1.0-SNAPSHOT/hadoop-ozone-ozone-manager-1.1.0-SNAPSHOT.jar:/home/user/.m2/repository/org/apache/hadoop/hadoop-hdds-interface-client/1.1.0-SNAPSHOT/hadoop-hdds-interface-client-1.1.0-SNAPSHOT.jar:/home/user/.m2/repository/org/apache/ratis/ratis-thirdparty-misc/0.6.0-SNAPSHOT/ratis-thirdparty-misc-0.6.0-SNAPSHOT.jar:/home/user/.m2/repository/org/apache/hadoop/hadoop-ozone-interface-storage/1.1.0-SNAPSHOT/hadoop-ozone-interface-storage-1.1.0-SNAPSHOT.jar:/home/user/.m2/repository/org/apache/hadoop/hadoop-minikdc/3.2.1/hadoop-minikdc-3.2.1.jar:/home/user/.m2/repository/org/apache/kerby/kerb-simplekdc/1.0.1/kerb-simplekdc-1.0.1.jar:/home/user/.m2/repository/org/apache/kerby/kerb-client/1.0.1/kerb-client-1.0.1.jar:/home/user/.m2/repository/org/apache/kerby/kerby-config/1.0.1/kerby-config-1.0.1.jar:/home/user/.m2/repository/org/apache/kerby/kerb-core/1.0.1/kerb-core-1.0.1.jar:/home/user/.m2/repository/org/apache/kerby/kerby-pkix/1.0.1/kerby-pkix-1.0.1.jar:/home/user/.m2/repository/org/apache/kerby/kerby-asn1/1.0.1/kerby-asn1-1.0.1.jar:/home/user/.m2/repository/org/apache/kerby/kerby-util/1.0.1/kerby-util-1.0.1.jar:/home/user/.m2/repository/org/apache/kerby/kerb-common/1.0.1/kerb-common-1.0.1.jar:/home/user/.m2/repository/org/apache/kerby/kerb-crypto/1.0.1/kerb-crypto-1.0.1.jar:/home/user/.m2/repository/org/apache/kerby/kerb-util/1.0.1/kerb-util-1.0.1.jar:/home/user/.m2/repository/org/apache/kerby/token-provider/1.0.1/token-provider-1.0.1.jar:/home/user/.m2/repository/org/apache/kerby/kerb-admin/1.0.1/kerb-admin-1.0.1.jar:/home/user/.m2/repository/org/apache/kerby/kerb-server/1.0.1/kerb-server-1.0.1.jar:/home/user/.m2/repository/org/apache/kerby/kerb-identity/1.0.1/kerb-identity-1.0.1.jar:/home/user/.m2/repository/org/apache/kerby/kerby-xdr/1.0.1/kerby-xdr-1.0.1.jar:/home/user/.m2/repository/org/slf4j/slf4j-log4j12/1.7.30/slf4j-log4j12-1.7.30.jar:/home/user/.m2/repository/org/apache/hadoop/hadoop-ozone-s3gateway/1.1.0-SNAPSHOT/hadoop-ozone-s3gateway-1.1.0-SNAPSHOT.jar:/home/user/.m2/repository/org/jboss/weld/servlet/weld-servlet/2.4.7.Final/weld-servlet-2.4.7.Final.jar:/home/user/.m2/repository/org/glassfish/jersey/containers/jersey-container-servlet-core/2.27/jersey-container-servlet-core-2.27.jar:/home/user/.m2/repository/org/glassfish/hk2/external/javax.inject/2.5.0-b42/javax.inject-2.5.0-b42.jar:/home/user/.m2/repository/org/glassfish/jersey/core/jersey-common/2.27/jersey-common-2.27.jar:/home/user/.m2/repository/org/glassfish/hk2/osgi-resource-locator/1.0.1/osgi-resource-locator-1.0.1.jar:/home/user/.m2/repository/javax/ws/rs/javax.ws.rs-api/2.1/javax.ws.rs-api-2.1.jar:/home/user/.m2/repository/org/glassfish/jersey/ext/cdi/jersey-cdi1x/2.27/jersey-cdi1x-2.27.jar:/home/user/.m2/repository/org/glassfish/jersey/inject/jersey-hk2/2.27/jersey-hk2-2.27.jar:/home/user/.m2/repository/org/glassfish/hk2/hk2-locator/2.5.0-b42/hk2-locator-2.5.0-b42.jar:/home/user/.m2/repository/org/javassist/javassist/3.22.0-CR2/javassist-3.22.0-CR2.jar:/home/user/.m2/repository/org/glassfish/hk2/hk2-api/2.5.0/hk2-api-2.5.0.jar:/home/user/.m2/repository/org/glassfish/hk2/external/jakarta.inject/2.5.0/jakarta.inject-2.5.0.jar:/home/user/.m2/repository/org/glassfish/hk2/hk2-utils/2.5.0/hk2-utils-2.5.0.jar:/home/user/.m2/repository/jakarta/annotation/jakarta.annotation-api/1.3.4/jakarta.annotation-api-1.3.4.jar:/home/user/.m2/repository/org/glassfish/hk2/external/aopalliance-repackaged/2.5.0/aopalliance-repackaged-2.5.0.jar:/home/user/.m2/repository/com/fasterxml/jackson/dataformat/jackson-dataformat-xml/2.10.3/jackson-dataformat-xml-2.10.3.jar:/home/user/.m2/repository/com/fasterxml/jackson/core/jackson-core/2.10.3/jackson-core-2.10.3.jar:/home/user/.m2/repository/com/fasterxml/jackson/module/jackson-module-jaxb-annotations/2.10.3/jackson-module-jaxb-annotations-2.10.3.jar:/home/user/.m2/repository/jakarta/xml/bind/jakarta.xml.bind-api/2.3.2/jakarta.xml.bind-api-2.3.2.jar:/home/user/.m2/repository/jakarta/activation/jakarta.activation-api/1.2.1/jakarta.activation-api-1.2.1.jar:/home/user/.m2/repository/org/codehaus/woodstox/stax2-api/3.1.4/stax2-api-3.1.4.jar:/home/user/.m2/repository/com/fasterxml/woodstox/woodstox-core/5.0.3/woodstox-core-5.0.3.jar:/home/user/.m2/repository/javax/enterprise/cdi-api/1.2/cdi-api-1.2.jar:/home/user/.m2/repository/javax/el/javax.el-api/3.0.0/javax.el-api-3.0.0.jar:/home/user/.m2/repository/javax/interceptor/javax.interceptor-api/1.2/javax.interceptor-api-1.2.jar:/home/user/.m2/repository/javax/inject/javax.inject/1/javax.inject-1.jar:/home/user/.m2/repository/com/sun/xml/bind/jaxb-impl/2.3.0.1/jaxb-impl-2.3.0.1.jar:/home/user/.m2/repository/com/sun/xml/bind/jaxb-core/2.3.0.1/jaxb-core-2.3.0.1.jar:/home/user/.m2/repository/javax/xml/bind/jaxb-api/2.3.0/jaxb-api-2.3.0.jar:/home/user/.m2/repository/javax/activation/activation/1.1.1/activation-1.1.1.jar:/home/user/.m2/repository/org/apache/hadoop/hadoop-ozone-csi/1.1.0-SNAPSHOT/hadoop-ozone-csi-1.1.0-SNAPSHOT.jar:/home/user/.m2/repository/com/google/protobuf/protobuf-java-util/3.11.0/protobuf-java-util-3.11.0.jar:/home/user/.m2/repository/com/google/code/gson/gson/2.2.4/gson-2.2.4.jar:/home/user/.m2/repository/org/apache/hadoop/hadoop-hdds-config/1.1.0-SNAPSHOT/hadoop-hdds-config-1.1.0-SNAPSHOT.jar:/home/user/.m2/repository/com/google/protobuf/protobuf-java/2.5.0/protobuf-java-2.5.0.jar:/home/user/.m2/repository/io/grpc/grpc-netty/1.29.0/grpc-netty-1.29.0.jar:/home/user/.m2/repository/io/grpc/grpc-core/1.29.0/grpc-core-1.29.0.jar:/home/user/.m2/repository/com/google/android/annotations/4.1.1.4/annotations-4.1.1.4.jar:/home/user/.m2/repository/io/perfmark/perfmark-api/0.19.0/perfmark-api-0.19.0.jar:/home/user/.m2/repository/io/netty/netty-codec-http2/4.1.48.Final/netty-codec-http2-4.1.48.Final.jar:/home/user/.m2/repository/io/netty/netty-codec/4.1.48.Final/netty-codec-4.1.48.Final.jar:/home/user/.m2/repository/io/netty/netty-handler/4.1.48.Final/netty-handler-4.1.48.Final.jar:/home/user/.m2/repository/io/netty/netty-codec-http/4.1.48.Final/netty-codec-http-4.1.48.Final.jar:/home/user/.m2/repository/io/netty/netty-handler-proxy/4.1.48.Final/netty-handler-proxy-4.1.48.Final.jar:/home/user/.m2/repository/io/netty/netty-codec-socks/4.1.48.Final/netty-codec-socks-4.1.48.Final.jar:/home/user/.m2/repository/io/netty/netty-transport-native-epoll/4.1.48.Final/netty-transport-native-epoll-4.1.48.Final.jar:/home/user/.m2/repository/io/netty/netty-common/4.1.48.Final/netty-common-4.1.48.Final.jar:/home/user/.m2/repository/io/netty/netty-buffer/4.1.48.Final/netty-buffer-4.1.48.Final.jar:/home/user/.m2/repository/io/netty/netty-transport/4.1.48.Final/netty-transport-4.1.48.Final.jar:/home/user/.m2/repository/io/netty/netty-resolver/4.1.48.Final/netty-resolver-4.1.48.Final.jar:/home/user/.m2/repository/io/netty/netty-transport-native-unix-common/4.1.48.Final/netty-transport-native-unix-common-4.1.48.Final.jar:/home/user/.m2/repository/io/grpc/grpc-protobuf/1.29.0/grpc-protobuf-1.29.0.jar:/home/user/.m2/repository/io/grpc/grpc-api/1.29.0/grpc-api-1.29.0.jar:/home/user/.m2/repository/io/grpc/grpc-context/1.29.0/grpc-context-1.29.0.jar:/home/user/.m2/repository/org/codehaus/mojo/animal-sniffer-annotations/1.18/animal-sniffer-annotations-1.18.jar:/home/user/.m2/repository/com/google/api/grpc/proto-google-common-protos/1.17.0/proto-google-common-protos-1.17.0.jar:/home/user/.m2/repository/io/grpc/grpc-protobuf-lite/1.29.0/grpc-protobuf-lite-1.29.0.jar:/home/user/.m2/repository/io/grpc/grpc-stub/1.29.0/grpc-stub-1.29.0.jar:/home/user/.m2/repository/org/apache/hadoop/hadoop-ozone-recon/1.1.0-SNAPSHOT/hadoop-ozone-recon-1.1.0-SNAPSHOT.jar:/home/user/.m2/repository/org/apache/hadoop/hadoop-ozone-reconcodegen/1.1.0-SNAPSHOT/hadoop-ozone-reconcodegen-1.1.0-SNAPSHOT.jar:/home/user/.m2/repository/com/google/inject/extensions/guice-multibindings/4.0/guice-multibindings-4.0.jar:/home/user/.m2/repository/com/google/inject/guice/4.0/guice-4.0.jar:/home/user/.m2/repository/aopalliance/aopalliance/1.0/aopalliance-1.0.jar:/home/user/.m2/repository/com/google/inject/extensions/guice-assistedinject/4.0/guice-assistedinject-4.0.jar:/home/user/.m2/repository/com/google/inject/extensions/guice-servlet/4.0/guice-servlet-4.0.jar:/home/user/.m2/repository/org/glassfish/jersey/containers/jersey-container-servlet/2.27/jersey-container-servlet-2.27.jar:/home/user/.m2/repository/org/glassfish/hk2/guice-bridge/2.5.0/guice-bridge-2.5.0.jar:/home/user/.m2/repository/org/glassfish/jersey/core/jersey-server/2.27/jersey-server-2.27.jar:/home/user/.m2/repository/org/glassfish/jersey/core/jersey-client/2.27/jersey-client-2.27.jar:/home/user/.m2/repository/org/glassfish/jersey/media/jersey-media-jaxb/2.27/jersey-media-jaxb-2.27.jar:/home/user/.m2/repository/javax/validation/validation-api/1.1.0.Final/validation-api-1.1.0.Final.jar:/home/user/.m2/repository/org/glassfish/jersey/media/jersey-media-json-jackson/2.27/jersey-media-json-jackson-2.27.jar:/home/user/.m2/repository/org/glassfish/jersey/ext/jersey-entity-filtering/2.27/jersey-entity-filtering-2.27.jar:/home/user/.m2/repository/org/jooq/jooq/3.11.10/jooq-3.11.10.jar:/home/user/.m2/repository/org/jooq/jooq-meta/3.11.10/jooq-meta-3.11.10.jar:/home/user/.m2/repository/org/jooq/jooq-codegen/3.11.10/jooq-codegen-3.11.10.jar:/home/user/.m2/repository/com/jolbox/bonecp/0.8.0.RELEASE/bonecp-0.8.0.RELEASE.jar:/home/user/.m2/repository/org/apache/derby/derby/10.14.2.0/derby-10.14.2.0.jar:/home/user/.m2/repository/org/xerial/sqlite-jdbc/3.25.2/sqlite-jdbc-3.25.2.jar:/home/user/.m2/repository/org/springframework/spring-jdbc/5.2.11.RELEASE/spring-jdbc-5.2.11.RELEASE.jar:/home/user/.m2/repository/org/springframework/spring-beans/5.2.11.RELEASE/spring-beans-5.2.11.RELEASE.jar:/home/user/.m2/repository/org/springframework/spring-core/5.2.11.RELEASE/spring-core-5.2.11.RELEASE.jar:/home/user/.m2/repository/org/springframework/spring-jcl/5.2.11.RELEASE/spring-jcl-5.2.11.RELEASE.jar:/home/user/.m2/repository/org/springframework/spring-tx/5.2.11.RELEASE/spring-tx-5.2.11.RELEASE.jar:/home/user/.m2/repository/org/apache/hadoop/hadoop-ozone-client/1.1.0-SNAPSHOT/hadoop-ozone-client-1.1.0-SNAPSHOT.jar:/home/user/.m2/repository/org/apache/hadoop/hadoop-ozone-filesystem/1.1.0-SNAPSHOT/hadoop-ozone-filesystem-1.1.0-SNAPSHOT.jar:/home/user/.m2/repository/org/apache/hadoop/hadoop-ozone-filesystem-common/1.1.0-SNAPSHOT/hadoop-ozone-filesystem-common-1.1.0-SNAPSHOT.jar:/home/user/.m2/repository/org/apache/hadoop/hadoop-ozone-tools/1.1.0-SNAPSHOT/hadoop-ozone-tools-1.1.0-SNAPSHOT.jar:/home/user/.m2/repository/org/apache/ratis/ratis-tools/1.1.0-c5eafb9-SNAPSHOT/ratis-tools-1.1.0-c5eafb9-SNAPSHOT.jar:/home/user/.m2/repository/org/apache/ratis/ratis-proto/1.1.0-c5eafb9-SNAPSHOT/ratis-proto-1.1.0-c5eafb9-SNAPSHOT.jar:/home/user/.m2/repository/org/apache/ratis/ratis-common/1.1.0-c5eafb9-SNAPSHOT/ratis-common-1.1.0-c5eafb9-SNAPSHOT.jar:/home/user/.m2/repository/com/amazonaws/aws-java-sdk-core/1.11.901/aws-java-sdk-core-1.11.901.jar:/home/user/.m2/repository/org/apache/httpcomponents/httpclient/4.5.13/httpclient-4.5.13.jar:/home/user/.m2/repository/org/apache/httpcomponents/httpcore/4.4.13/httpcore-4.4.13.jar:/home/user/.m2/repository/software/amazon/ion/ion-java/1.0.2/ion-java-1.0.2.jar:/home/user/.m2/repository/com/fasterxml/jackson/dataformat/jackson-dataformat-cbor/2.10.3/jackson-dataformat-cbor-2.10.3.jar:/home/user/.m2/repository/joda-time/joda-time/2.8.1/joda-time-2.8.1.jar:/home/user/.m2/repository/com/amazonaws/aws-java-sdk-s3/1.11.901/aws-java-sdk-s3-1.11.901.jar:/home/user/.m2/repository/com/amazonaws/aws-java-sdk-kms/1.11.901/aws-java-sdk-kms-1.11.901.jar:/home/user/.m2/repository/com/amazonaws/jmespath-java/1.11.901/jmespath-java-1.11.901.jar:/home/user/.m2/repository/org/kohsuke/metainf-services/metainf-services/1.8/metainf-services-1.8.jar:/home/user/.m2/repository/org/apache/hadoop/hadoop-hdds-tools/1.1.0-SNAPSHOT/hadoop-hdds-tools-1.1.0-SNAPSHOT.jar:/home/user/.m2/repository/commons-cli/commons-cli/1.2/commons-cli-1.2.jar:/home/user/.m2/repository/org/apache/commons/commons-lang3/3.7/commons-lang3-3.7.jar:/home/user/.m2/repository/org/apache/hadoop/hadoop-ozone-ozone-manager/1.1.0-SNAPSHOT/hadoop-ozone-ozone-manager-1.1.0-SNAPSHOT-tests.jar:/home/user/.m2/repository/org/apache/hadoop/hadoop-hdds-common/1.1.0-SNAPSHOT/hadoop-hdds-common-1.1.0-SNAPSHOT-tests.jar:/home/user/.m2/repository/org/apache/hadoop/hadoop-hdds-hadoop-dependency-client/1.1.0-SNAPSHOT/hadoop-hdds-hadoop-dependency-client-1.1.0-SNAPSHOT.jar:/home/user/.m2/repository/info/picocli/picocli/4.4.0/picocli-4.4.0.jar:/home/user/.m2/repository/com/fasterxml/jackson/core/jackson-annotations/2.10.3/jackson-annotations-2.10.3.jar:/home/user/.m2/repository/javax/annotation/javax.annotation-api/1.2/javax.annotation-api-1.2.jar:/home/user/.m2/repository/org/fusesource/leveldbjni/leveldbjni-all/1.8/leveldbjni-all-1.8.jar:/home/user/.m2/repository/org/apache/ratis/ratis-server/1.1.0-c5eafb9-SNAPSHOT/ratis-server-1.1.0-c5eafb9-SNAPSHOT.jar:/home/user/.m2/repository/org/apache/ratis/ratis-client/1.1.0-c5eafb9-SNAPSHOT/ratis-client-1.1.0-c5eafb9-SNAPSHOT.jar:/home/user/.m2/repository/org/apache/ratis/ratis-metrics/1.1.0-c5eafb9-SNAPSHOT/ratis-metrics-1.1.0-c5eafb9-SNAPSHOT.jar:/home/user/.m2/repository/org/apache/ratis/ratis-netty/1.1.0-c5eafb9-SNAPSHOT/ratis-netty-1.1.0-c5eafb9-SNAPSHOT.jar:/home/user/.m2/repository/org/apache/ratis/ratis-grpc/1.1.0-c5eafb9-SNAPSHOT/ratis-grpc-1.1.0-c5eafb9-SNAPSHOT.jar:/home/user/.m2/repository/org/apache/logging/log4j/log4j-api/2.13.3/log4j-api-2.13.3.jar:/home/user/.m2/repository/org/apache/logging/log4j/log4j-core/2.13.3/log4j-core-2.13.3.jar:/home/user/.m2/repository/com/lmax/disruptor/3.4.2/disruptor-3.4.2.jar:/home/user/.m2/repository/org/apache/commons/commons-pool2/2.6.0/commons-pool2-2.6.0.jar:/home/user/.m2/repository/org/bouncycastle/bcpkix-jdk15on/1.67/bcpkix-jdk15on-1.67.jar:/home/user/.m2/repository/commons-validator/commons-validator/1.6/commons-validator-1.6.jar:/home/user/.m2/repository/commons-beanutils/commons-beanutils/1.9.4/commons-beanutils-1.9.4.jar:/home/user/.m2/repository/commons-digester/commons-digester/1.8.1/commons-digester-1.8.1.jar:/home/user/.m2/repository/commons-collections/commons-collections/3.2.2/commons-collections-3.2.2.jar:/home/user/.m2/repository/io/jaegertracing/jaeger-client/1.2.0/jaeger-client-1.2.0.jar:/home/user/.m2/repository/io/jaegertracing/jaeger-thrift/1.2.0/jaeger-thrift-1.2.0.jar:/home/user/.m2/repository/org/apache/thrift/libthrift/0.13.0/libthrift-0.13.0.jar:/home/user/.m2/repository/com/squareup/okhttp3/okhttp/4.2.2/okhttp-4.2.2.jar:/home/user/.m2/repository/com/squareup/okio/okio/2.2.2/okio-2.2.2.jar:/home/user/.m2/repository/org/jetbrains/kotlin/kotlin-stdlib/1.3.50/kotlin-stdlib-1.3.50.jar:/home/user/.m2/repository/org/jetbrains/kotlin/kotlin-stdlib-common/1.3.50/kotlin-stdlib-common-1.3.50.jar:/home/user/.m2/repository/org/jetbrains/annotations/13.0/annotations-13.0.jar:/home/user/.m2/repository/io/jaegertracing/jaeger-core/1.2.0/jaeger-core-1.2.0.jar:/home/user/.m2/repository/io/jaegertracing/jaeger-tracerresolver/1.2.0/jaeger-tracerresolver-1.2.0.jar:/home/user/.m2/repository/io/opentracing/contrib/opentracing-tracerresolver/0.1.8/opentracing-tracerresolver-0.1.8.jar:/home/user/.m2/repository/io/opentracing/opentracing-util/0.33.0/opentracing-util-0.33.0.jar:/home/user/.m2/repository/io/opentracing/opentracing-api/0.33.0/opentracing-api-0.33.0.jar:/home/user/.m2/repository/io/opentracing/opentracing-noop/0.33.0/opentracing-noop-0.33.0.jar:/home/user/.m2/repository/org/yaml/snakeyaml/1.26/snakeyaml-1.26.jar:/home/user/.m2/repository/junit/junit/4.11/junit-4.11.jar:/home/user/.m2/repository/org/hamcrest/hamcrest-core/1.3/hamcrest-core-1.3.jar:/home/user/.m2/repository/org/openjdk/jmh/jmh-core/1.19/jmh-core-1.19.jar:/home/user/.m2/repository/net/sf/jopt-simple/jopt-simple/4.6/jopt-simple-4.6.jar:/home/user/.m2/repository/org/apache/commons/commons-math3/3.1.1/commons-math3-3.1.1.jar:/home/user/.m2/repository/org/openjdk/jmh/jmh-generator-annprocess/1.19/jmh-generator-annprocess-1.19.jar:/home/user/.m2/repository/org/mockito/mockito-all/1.8.5/mockito-all-1.8.5.jar:/home/user/.m2/repository/org/apache/hadoop/hadoop-kms/3.2.1/hadoop-kms-3.2.1.jar:/home/user/.m2/repository/org/apache/hadoop/hadoop-auth/3.2.1/hadoop-auth-3.2.1.jar:/home/user/.m2/repository/com/nimbusds/nimbus-jose-jwt/7.9/nimbus-jose-jwt-7.9.jar:/home/user/.m2/repository/com/github/stephenc/jcip/jcip-annotations/1.0-1/jcip-annotations-1.0-1.jar:/home/user/.m2/repository/net/minidev/json-smart/2.3/json-smart-2.3.jar:/home/user/.m2/repository/net/minidev/accessors-smart/1.2/accessors-smart-1.2.jar:/home/user/.m2/repository/org/ow2/asm/asm/5.0.4/asm-5.0.4.jar:/home/user/.m2/repository/org/apache/zookeeper/zookeeper/3.4.13/zookeeper-3.4.13.jar:/home/user/.m2/repository/org/apache/yetus/audience-annotations/0.5.0/audience-annotations-0.5.0.jar:/home/user/.m2/repository/org/apache/curator/curator-framework/2.13.0/curator-framework-2.13.0.jar:/home/user/.m2/repository/com/sun/jersey/jersey-core/1.19/jersey-core-1.19.jar:/home/user/.m2/repository/javax/ws/rs/jsr311-api/1.1.1/jsr311-api-1.1.1.jar:/home/user/.m2/repository/com/sun/jersey/jersey-server/1.19/jersey-server-1.19.jar:/home/user/.m2/repository/javax/servlet/javax.servlet-api/3.1.0/javax.servlet-api-3.1.0.jar:/home/user/.m2/repository/org/eclipse/jetty/jetty-server/9.4.34.v20201102/jetty-server-9.4.34.v20201102.jar:/home/user/.m2/repository/org/eclipse/jetty/jetty-http/9.4.34.v20201102/jetty-http-9.4.34.v20201102.jar:/home/user/.m2/repository/org/eclipse/jetty/jetty-io/9.4.34.v20201102/jetty-io-9.4.34.v20201102.jar:/home/user/.m2/repository/org/eclipse/jetty/jetty-webapp/9.4.34.v20201102/jetty-webapp-9.4.34.v20201102.jar:/home/user/.m2/repository/org/eclipse/jetty/jetty-xml/9.4.34.v20201102/jetty-xml-9.4.34.v20201102.jar:/home/user/.m2/repository/org/apache/hadoop/hadoop-common/3.2.1/hadoop-common-3.2.1.jar:/home/user/.m2/repository/commons-net/commons-net/3.6/commons-net-3.6.jar:/home/user/.m2/repository/com/sun/jersey/jersey-servlet/1.19/jersey-servlet-1.19.jar:/home/user/.m2/repository/com/sun/jersey/jersey-json/1.19/jersey-json-1.19.jar:/home/user/.m2/repository/org/codehaus/jettison/jettison/1.1/jettison-1.1.jar:/home/user/.m2/repository/org/codehaus/jackson/jackson-jaxrs/1.9.2/jackson-jaxrs-1.9.2.jar:/home/user/.m2/repository/org/codehaus/jackson/jackson-xc/1.9.2/jackson-xc-1.9.2.jar:/home/user/.m2/repository/org/apache/commons/commons-configuration2/2.1.1/commons-configuration2-2.1.1.jar:/home/user/.m2/repository/org/apache/commons/commons-text/1.4/commons-text-1.4.jar:/home/user/.m2/repository/com/google/re2j/re2j/1.1/re2j-1.1.jar:/home/user/.m2/repository/com/jcraft/jsch/0.1.54/jsch-0.1.54.jar:/home/user/.m2/repository/org/apache/curator/curator-client/2.13.0/curator-client-2.13.0.jar:/home/user/.m2/repository/org/apache/curator/curator-recipes/2.13.0/curator-recipes-2.13.0.jar:/home/user/.m2/repository/dnsjava/dnsjava/2.1.7/dnsjava-2.1.7.jar:/home/user/.m2/repository/org/slf4j/jul-to-slf4j/1.7.30/jul-to-slf4j-1.7.30.jar:/home/user/.m2/repository/org/eclipse/jetty/jetty-util/9.4.34.v20201102/jetty-util-9.4.34.v20201102.jar:/home/user/.m2/repository/com/fasterxml/jackson/core/jackson-databind/2.10.3/jackson-databind-2.10.3.jar:/home/user/.m2/repository/org/apache/hadoop/hadoop-kms/3.2.1/hadoop-kms-3.2.1-tests.jar:/home/user/.m2/repository/org/apache/hadoop/hadoop-hdds-server-scm/1.1.0-SNAPSHOT/hadoop-hdds-server-scm-1.1.0-SNAPSHOT-tests.jar:/home/user/.m2/repository/org/apache/hadoop/hadoop-hdds-container-service/1.1.0-SNAPSHOT/hadoop-hdds-container-service-1.1.0-SNAPSHOT-tests.jar:/home/user/.m2/repository/commons-codec/commons-codec/1.11/commons-codec-1.11.jar:/home/user/.m2/repository/org/apache/hadoop/hadoop-hdds-hadoop-dependency-test/1.1.0-SNAPSHOT/hadoop-hdds-hadoop-dependency-test-1.1.0-SNAPSHOT.jar:/home/user/.m2/repository/org/apache/hadoop/hadoop-common/3.2.1/hadoop-common-3.2.1-tests.jar:/home/user/.m2/repository/org/apache/hadoop/hadoop-hdfs/3.2.1/hadoop-hdfs-3.2.1-tests.jar:/home/user/.m2/repository/org/eclipse/jetty/jetty-util-ajax/9.4.34.v20201102/jetty-util-ajax-9.4.34.v20201102.jar:/home/user/.m2/repository/commons-daemon/commons-daemon/1.0.13/commons-daemon-1.0.13.jar:/home/user/.m2/repository/io/netty/netty/3.10.5.Final/netty-3.10.5.Final.jar:/home/user/.m2/repository/io/netty/netty-all/4.1.48.Final/netty-all-4.1.48.Final.jar:/home/user/.m2/repository/org/apache/htrace/htrace-core4/4.1.0-incubating/htrace-core4-4.1.0-incubating.jar:/home/user/.m2/repository/org/apache/hadoop/hadoop-distcp/3.2.1/hadoop-distcp-3.2.1.jar:/home/user/.m2/repository/org/apache/hadoop/hadoop-mapreduce-client-jobclient/3.2.1/hadoop-mapreduce-client-jobclient-3.2.1.jar:/home/user/.m2/repository/org/apache/hadoop/hadoop-mapreduce-client-common/3.2.1/hadoop-mapreduce-client-common-3.2.1.jar:/home/user/.m2/repository/org/apache/hadoop/hadoop-yarn-common/3.2.1/hadoop-yarn-common-3.2.1.jar:/home/user/.m2/repository/org/apache/hadoop/hadoop-yarn-api/3.2.1/hadoop-yarn-api-3.2.1.jar:/home/user/.m2/repository/com/sun/jersey/jersey-client/1.19/jersey-client-1.19.jar:/home/user/.m2/repository/com/sun/jersey/contribs/jersey-guice/1.19/jersey-guice-1.19.jar:/home/user/.m2/repository/com/fasterxml/jackson/jaxrs/jackson-jaxrs-json-provider/2.10.3/jackson-jaxrs-json-provider-2.10.3.jar:/home/user/.m2/repository/com/fasterxml/jackson/jaxrs/jackson-jaxrs-base/2.10.3/jackson-jaxrs-base-2.10.3.jar:/home/user/.m2/repository/org/apache/hadoop/hadoop-yarn-client/3.2.1/hadoop-yarn-client-3.2.1.jar:/home/user/.m2/repository/org/apache/hadoop/hadoop-mapreduce-client-core/3.2.1/hadoop-mapreduce-client-core-3.2.1.jar:/home/user/.m2/repository/org/apache/avro/avro/1.7.7/avro-1.7.7.jar:/home/user/.m2/repository/org/codehaus/jackson/jackson-core-asl/1.9.13/jackson-core-asl-1.9.13.jar:/home/user/.m2/repository/org/codehaus/jackson/jackson-mapper-asl/1.9.13/jackson-mapper-asl-1.9.13.jar:/home/user/.m2/repository/com/thoughtworks/paranamer/paranamer/2.3/paranamer-2.3.jar:/home/user/.m2/repository/org/xerial/snappy/snappy-java/1.0.5/snappy-java-1.0.5.jar:/home/user/.m2/repository/org/apache/hadoop/hadoop-annotations/3.2.1/hadoop-annotations-3.2.1.jar:/usr/lib/jvm/java-1.8.0-openjdk-1.8.0.232.b09-0.el7_7.x86_64/jre/../lib/tools.jar:/home/user/.m2/repository/org/apache/hadoop/hadoop-distcp/3.2.1/hadoop-distcp-3.2.1-tests.jar:"/>
    <property name="sun.cpu.endian" value="little"/>
    <property name="user.home" value="/home/user"/>
    <property name="user.language" value="en"/>
    <property name="java.specification.vendor" value="Oracle Corporation"/>
    <property name="java.home" value="/usr/lib/jvm/java-1.8.0-openjdk-1.8.0.232.b09-0.el7_7.x86_64/jre"/>
    <property name="java.security.krb5.conf" value="/github/workspace/mnt/ozone/hadoop-ozone/integration-test/target/test-classes/krb5.conf"/>
    <property name="basedir" value="/github/workspace/mnt/ozone/hadoop-ozone/integration-test"/>
    <property name="file.separator" value="/"/>
    <property name="line.separator" value="&#10;"/>
    <property name="java.vm.specification.vendor" value="Oracle Corporation"/>
    <property name="java.specification.name" value="Java Platform API Specification"/>
    <property name="java.awt.graphicsenv" value="sun.awt.X11GraphicsEnvironment"/>
    <property name="skip.installnpx" value="true"/>
    <property name="surefire.real.class.path" value="/github/workspace/mnt/ozone/hadoop-ozone/integration-test/target/surefire/surefirebooter4835062226080409321.jar:/home/user/.m2/repository/org/jacoco/org.jacoco.agent/0.8.5/org.jacoco.agent-0.8.5-runtime.jar"/>
    <property name="hadoop.log.dir" value="/github/workspace/mnt/ozone/hadoop-ozone/integration-test/target/log"/>
    <property name="sun.boot.class.path" value="/usr/lib/jvm/java-1.8.0-openjdk-1.8.0.232.b09-0.el7_7.x86_64/jre/lib/resources.jar:/usr/lib/jvm/java-1.8.0-openjdk-1.8.0.232.b09-0.el7_7.x86_64/jre/lib/rt.jar:/usr/lib/jvm/java-1.8.0-openjdk-1.8.0.232.b09-0.el7_7.x86_64/jre/lib/sunrsasign.jar:/usr/lib/jvm/java-1.8.0-openjdk-1.8.0.232.b09-0.el7_7.x86_64/jre/lib/jsse.jar:/usr/lib/jvm/java-1.8.0-openjdk-1.8.0.232.b09-0.el7_7.x86_64/jre/lib/jce.jar:/usr/lib/jvm/java-1.8.0-openjdk-1.8.0.232.b09-0.el7_7.x86_64/jre/lib/charsets.jar:/usr/lib/jvm/java-1.8.0-openjdk-1.8.0.232.b09-0.el7_7.x86_64/jre/lib/jfr.jar:/usr/lib/jvm/java-1.8.0-openjdk-1.8.0.232.b09-0.el7_7.x86_64/jre/classes"/>
    <property name="sun.management.compiler" value="HotSpot 64-Bit Tiered Compilers"/>
    <property name="skip.npx" value="true"/>
    <property name="java.runtime.version" value="1.8.0_232-b09"/>
    <property name="java.net.preferIPv4Stack" value="true"/>
    <property name="user.name" value="jenkins1001"/>
    <property name="path.separator" value=":"/>
    <property name="java.security.egd" value="file:///dev/urandom"/>
    <property name="os.version" value="5.4.0-1032-azure"/>
    <property name="java.endorsed.dirs" value="/usr/lib/jvm/java-1.8.0-openjdk-1.8.0.232.b09-0.el7_7.x86_64/jre/lib/endorsed"/>
    <property name="java.runtime.name" value="OpenJDK Runtime Environment"/>
    <property name="file.encoding" value="ANSI_X3.4-1968"/>
    <property name="java.vm.name" value="OpenJDK 64-Bit Server VM"/>
    <property name="test.build.webapps" value=""/>
    <property name="localRepository" value="/home/user/.m2/repository"/>
    <property name="java.vendor.url.bug" value="http://bugreport.sun.com/bugreport/"/>
    <property name="java.io.tmpdir" value="/tmp"/>
    <property name="require.test.libhadoop" value=""/>
    <property name="java.version" value="1.8.0_232"/>
    <property name="user.dir" value="/github/workspace/mnt/ozone/hadoop-ozone/integration-test"/>
    <property name="os.arch" value="amd64"/>
    <property name="java.vm.specification.name" value="Java Virtual Machine Specification"/>
    <property name="test.build.classes" value="/github/workspace/mnt/ozone/hadoop-ozone/integration-test/target/test-classes"/>
    <property name="java.awt.printerjob" value="sun.print.PSPrinterJob"/>
    <property name="sun.os.patch.level" value="unknown"/>
    <property name="hadoop.tmp.dir" value="/github/workspace/mnt/ozone/hadoop-ozone/integration-test/target/tmp"/>
    <property name="java.library.path" value="/usr/lib:/usr/java/packages/lib/amd64:/usr/lib64:/lib64:/lib:/usr/lib"/>
    <property name="java.vm.info" value="mixed mode"/>
    <property name="java.vendor" value="Oracle Corporation"/>
    <property name="java.vm.version" value="25.232-b09"/>
    <property name="java.ext.dirs" value="/usr/lib/jvm/java-1.8.0-openjdk-1.8.0.232.b09-0.el7_7.x86_64/jre/lib/ext:/usr/java/packages/lib/ext"/>
    <property name="sun.io.unicode.encoding" value="UnicodeLittle"/>
    <property name="java.class.version" value="52.0"/>
  </properties>
  <testcase name="test2DatanodesFailure" classname="org.apache.hadoop.ozone.client.rpc.TestBlockOutputStreamWithFailuresFlushDelay" time="65.064"/>
  <testcase name="testDatanodeFailureWithPreAllocation" classname="org.apache.hadoop.ozone.client.rpc.TestBlockOutputStreamWithFailuresFlushDelay" time="91.687"/>
  <testcase name="testDatanodeFailureWithSingleNodeRatis" classname="org.apache.hadoop.ozone.client.rpc.TestBlockOutputStreamWithFailuresFlushDelay" time="89.069"/>
  <testcase name="testWatchForCommitWithSingleNodeRatis" classname="org.apache.hadoop.ozone.client.rpc.TestBlockOutputStreamWithFailuresFlushDelay" time="35.89"/>
  <testcase name="testWatchForCommitDatanodeFailure" classname="org.apache.hadoop.ozone.client.rpc.TestBlockOutputStreamWithFailuresFlushDelay" time="300.011">
    <error message="test timed out after 300000 milliseconds" type="java.lang.Exception">java.lang.Exception: test timed out after 300000 milliseconds
	at java.lang.Object.wait(Native Method)
	at java.util.concurrent.ForkJoinTask.externalAwaitDone(ForkJoinTask.java:334)
	at java.util.concurrent.ForkJoinTask.doInvoke(ForkJoinTask.java:405)
	at java.util.concurrent.ForkJoinTask.invoke(ForkJoinTask.java:734)
	at java.util.stream.ForEachOps$ForEachOp.evaluateParallel(ForEachOps.java:159)
	at java.util.stream.ForEachOps$ForEachOp$OfRef.evaluateParallel(ForEachOps.java:173)
	at java.util.stream.AbstractPipeline.evaluate(AbstractPipeline.java:233)
	at java.util.stream.ReferencePipeline.forEach(ReferencePipeline.java:485)
	at java.util.stream.ReferencePipeline$Head.forEach(ReferencePipeline.java:650)
	at org.apache.hadoop.ozone.MiniOzoneClusterImpl.stopDatanodes(MiniOzoneClusterImpl.java:464)
	at org.apache.hadoop.ozone.MiniOzoneClusterImpl.stop(MiniOzoneClusterImpl.java:405)
	at org.apache.hadoop.ozone.MiniOzoneClusterImpl.shutdown(MiniOzoneClusterImpl.java:392)
	at org.apache.hadoop.ozone.client.rpc.TestBlockOutputStreamWithFailuresFlushDelay.shutdown(TestBlockOutputStreamWithFailuresFlushDelay.java:159)
	at sun.reflect.NativeMethodAccessorImpl.invoke0(Native Method)
	at sun.reflect.NativeMethodAccessorImpl.invoke(NativeMethodAccessorImpl.java:62)
	at sun.reflect.DelegatingMethodAccessorImpl.invoke(DelegatingMethodAccessorImpl.java:43)
	at java.lang.reflect.Method.invoke(Method.java:498)
	at org.junit.runners.model.FrameworkMethod$1.runReflectiveCall(FrameworkMethod.java:47)
	at org.junit.internal.runners.model.ReflectiveCallable.run(ReflectiveCallable.java:12)
	at org.junit.runners.model.FrameworkMethod.invokeExplosively(FrameworkMethod.java:44)
	at org.junit.internal.runners.statements.RunAfters.evaluate(RunAfters.java:33)
	at org.junit.internal.runners.statements.FailOnTimeout$StatementThread.run(FailOnTimeout.java:74)
</error>
    <system-out><![CDATA[2020-12-26 01:57:19,968 [Thread-2269] WARN  server.ServerUtils (ServerUtils.java:getScmDbDir(148)) - ozone.scm.db.dirs is not configured. We recommend adding this setting. Falling back to ozone.metadata.dirs instead.
2020-12-26 01:57:19,970 [Thread-2269] WARN  server.ServerUtils (ServerUtils.java:getScmDbDir(148)) - ozone.scm.db.dirs is not configured. We recommend adding this setting. Falling back to ozone.metadata.dirs instead.
2020-12-26 01:57:19,971 [Thread-2269] WARN  db.DBStoreBuilder (DBStoreBuilder.java:applyDBDefinition(145)) - ozone.scm.db.dirs is not configured. We recommend adding this setting. Falling back to ozone.metadata.dirs instead.
2020-12-26 01:57:19,993 [Thread-2269] INFO  net.NodeSchemaLoader (NodeSchemaLoader.java:loadSchemaFromFile(126)) - Loading file from sun.misc.CompoundEnumeration@7334da54
2020-12-26 01:57:19,993 [Thread-2269] INFO  net.NodeSchemaLoader (NodeSchemaLoader.java:loadSchema(172)) - Loading network topology layer schema file
2020-12-26 01:57:19,995 [Thread-2269] WARN  server.ServerUtils (ServerUtils.java:sanitizeUserArgs(67)) - ozone.scm.dead.node.interval value = 10000 is smaller than min = 20000 based on the key value of ozone.scm.stale.node.interval, reset to the min value 20000.
2020-12-26 01:57:19,999 [Thread-2269] INFO  node.SCMNodeManager (SCMNodeManager.java:<init>(123)) - Entering startup safe mode.
2020-12-26 01:57:19,999 [Thread-2269] INFO  algorithms.ContainerPlacementPolicyFactory (ContainerPlacementPolicyFactory.java:getPolicy(60)) - Create container placement policy of type org.apache.hadoop.hdds.scm.container.placement.algorithms.SCMContainerPlacementRandom
2020-12-26 01:57:19,999 [Thread-2269] INFO  algorithms.LeaderChoosePolicyFactory (LeaderChoosePolicyFactory.java:getPolicy(57)) - Create leader choose policy of type org.apache.hadoop.hdds.scm.pipeline.leader.choose.algorithms.DefaultLeaderChoosePolicy
2020-12-26 01:57:19,999 [Thread-2269] INFO  pipeline.SCMPipelineManager (SCMPipelineManager.java:initializePipelineState(161)) - No pipeline exists in current db
2020-12-26 01:57:20,000 [Thread-2269] INFO  algorithms.PipelineChoosePolicyFactory (PipelineChoosePolicyFactory.java:createPipelineChoosePolicyFromClass(75)) - Create pipeline choose policy of type org.apache.hadoop.hdds.scm.pipeline.choose.algorithms.RandomPipelineChoosePolicy
2020-12-26 01:57:20,001 [Thread-2269] INFO  safemode.HealthyPipelineSafeModeRule (HealthyPipelineSafeModeRule.java:<init>(89)) - Total pipeline count is 0, healthy pipeline threshold count is 0
2020-12-26 01:57:20,001 [Thread-2269] INFO  safemode.OneReplicaPipelineSafeModeRule (OneReplicaPipelineSafeModeRule.java:<init>(84)) - Total pipeline count is 0, pipeline's with at least one datanode reported threshold count is 0
2020-12-26 01:57:20,016 [Thread-2269] INFO  ipc.CallQueueManager (CallQueueManager.java:<init>(84)) - Using callQueue: class java.util.concurrent.LinkedBlockingQueue, queueCapacity: 2000, scheduler: class org.apache.hadoop.ipc.DefaultRpcScheduler, ipcBackoff: false.
2020-12-26 01:57:20,016 [Socket Reader #1 for port 0] INFO  ipc.Server (Server.java:run(1219)) - Starting Socket Reader #1 for port 0
2020-12-26 01:57:20,017 [Listener at 0.0.0.0/46147] INFO  ipc.CallQueueManager (CallQueueManager.java:<init>(84)) - Using callQueue: class java.util.concurrent.LinkedBlockingQueue, queueCapacity: 2000, scheduler: class org.apache.hadoop.ipc.DefaultRpcScheduler, ipcBackoff: false.
2020-12-26 01:57:20,018 [Socket Reader #1 for port 0] INFO  ipc.Server (Server.java:run(1219)) - Starting Socket Reader #1 for port 0
2020-12-26 01:57:20,020 [Listener at 0.0.0.0/33925] INFO  ipc.CallQueueManager (CallQueueManager.java:<init>(84)) - Using callQueue: class java.util.concurrent.LinkedBlockingQueue, queueCapacity: 2000, scheduler: class org.apache.hadoop.ipc.DefaultRpcScheduler, ipcBackoff: false.
2020-12-26 01:57:20,021 [Socket Reader #1 for port 0] INFO  ipc.Server (Server.java:run(1219)) - Starting Socket Reader #1 for port 0
2020-12-26 01:57:20,027 [Listener at 0.0.0.0/41015] INFO  http.BaseHttpServer (BaseHttpServer.java:newHttpServer2BuilderForOzone(207)) - Starting Web-server for scm at: http://0.0.0.0:0
2020-12-26 01:57:20,027 [Listener at 0.0.0.0/41015] INFO  http.BaseHttpServer (BaseHttpServer.java:<init>(106)) - Hadoop Security Enabled: false Ozone Security Enabled: false Ozone HTTP Security Enabled: false 
2020-12-26 01:57:20,028 [Listener at 0.0.0.0/41015] INFO  server.AuthenticationFilter (AuthenticationFilter.java:constructSecretProvider(240)) - Unable to initialize FileSignerSecretProvider, falling back to use random secrets.
2020-12-26 01:57:20,031 [Listener at 0.0.0.0/41015] WARN  http.HttpRequestLog (HttpRequestLog.java:getRequestLog(103)) - Jetty request log can only be enabled using Log4j
2020-12-26 01:57:20,032 [Listener at 0.0.0.0/41015] INFO  http.HttpServer2 (HttpServer2.java:addGlobalFilter(1020)) - Added global filter 'safety' (class=org.apache.hadoop.hdds.server.http.HttpServer2$QuotingInputFilter)
2020-12-26 01:57:20,032 [Listener at 0.0.0.0/41015] INFO  http.HttpServer2 (HttpServer2.java:addFilter(996)) - Added filter static_user_filter (class=org.apache.hadoop.http.lib.StaticUserWebFilter$StaticUserFilter) to context scm
2020-12-26 01:57:20,032 [Listener at 0.0.0.0/41015] INFO  http.HttpServer2 (HttpServer2.java:addFilter(1004)) - Added filter static_user_filter (class=org.apache.hadoop.http.lib.StaticUserWebFilter$StaticUserFilter) to context logs
2020-12-26 01:57:20,032 [Listener at 0.0.0.0/41015] INFO  http.HttpServer2 (HttpServer2.java:addFilter(1004)) - Added filter static_user_filter (class=org.apache.hadoop.http.lib.StaticUserWebFilter$StaticUserFilter) to context static
2020-12-26 01:57:20,039 [Listener at 0.0.0.0/41015] INFO  server.StorageContainerManager (StorageContainerManager.java:start(789)) - StorageContainerLocationProtocol RPC server is listening at /0.0.0.0:41015
2020-12-26 01:57:20,040 [Listener at 0.0.0.0/41015] WARN  impl.MetricsConfig (MetricsConfig.java:loadFirst(134)) - Cannot locate configuration: tried hadoop-metrics2-storagecontainermanager.properties,hadoop-metrics2.properties
2020-12-26 01:57:20,041 [Listener at 0.0.0.0/41015] INFO  impl.MetricsSystemImpl (MetricsSystemImpl.java:startTimer(374)) - Scheduled Metric snapshot period at 10 second(s).
2020-12-26 01:57:20,041 [Listener at 0.0.0.0/41015] INFO  impl.MetricsSystemImpl (MetricsSystemImpl.java:start(191)) - StorageContainerManager metrics system started
2020-12-26 01:57:20,061 [Listener at 0.0.0.0/41015] WARN  impl.MetricsSystemImpl (MetricsSystemImpl.java:register(276)) - Sink prometheus already exists!
2020-12-26 01:57:20,092 [Listener at 0.0.0.0/41015] INFO  server.SCMClientProtocolServer (SCMClientProtocolServer.java:start(159)) - RPC server for Client  is listening at /0.0.0.0:41015
2020-12-26 01:57:20,095 [IPC Server Responder] INFO  ipc.Server (Server.java:run(1460)) - IPC Server Responder: starting
2020-12-26 01:57:20,099 [IPC Server listener on 0] INFO  ipc.Server (Server.java:run(1298)) - IPC Server listener on 0: starting
2020-12-26 01:57:20,107 [Listener at 0.0.0.0/41015] INFO  server.StorageContainerManager (StorageContainerManager.java:start(801)) - ScmBlockLocationProtocol RPC server is listening at /0.0.0.0:33925
2020-12-26 01:57:20,107 [Listener at 0.0.0.0/41015] INFO  server.SCMBlockProtocolServer (SCMBlockProtocolServer.java:start(150)) - RPC server for Block Protocol is listening at /0.0.0.0:33925
2020-12-26 01:57:20,108 [IPC Server Responder] INFO  ipc.Server (Server.java:run(1460)) - IPC Server Responder: starting
2020-12-26 01:57:20,108 [IPC Server listener on 0] INFO  ipc.Server (Server.java:run(1298)) - IPC Server listener on 0: starting
2020-12-26 01:57:20,111 [Listener at 0.0.0.0/41015] INFO  server.StorageContainerManager (StorageContainerManager.java:start(807)) - ScmDatanodeProtocl RPC server is listening at /0.0.0.0:46147
2020-12-26 01:57:20,111 [Listener at 0.0.0.0/41015] INFO  server.SCMDatanodeProtocolServer (SCMDatanodeProtocolServer.java:start(174)) - RPC server for DataNodes is listening at /0.0.0.0:46147
2020-12-26 01:57:20,111 [IPC Server Responder] INFO  ipc.Server (Server.java:run(1460)) - IPC Server Responder: starting
2020-12-26 01:57:20,112 [IPC Server listener on 0] INFO  ipc.Server (Server.java:run(1298)) - IPC Server listener on 0: starting
2020-12-26 01:57:20,113 [Listener at 0.0.0.0/41015] INFO  http.HttpServer2 (HttpServer2.java:bindListener(1238)) - Jetty bound to port 36807
2020-12-26 01:57:20,113 [Listener at 0.0.0.0/41015] INFO  server.Server (Server.java:doStart(375)) - jetty-9.4.34.v20201102; built: 2020-11-02T14:15:39.302Z; git: e46af88704a893fc12cb0e3bf46e2c7b48a009e7; jvm 1.8.0_232-b09
2020-12-26 01:57:20,115 [Listener at 0.0.0.0/41015] INFO  server.session (DefaultSessionIdManager.java:doStart(334)) - DefaultSessionIdManager workerName=node0
2020-12-26 01:57:20,115 [Listener at 0.0.0.0/41015] INFO  server.session (DefaultSessionIdManager.java:doStart(339)) - No SessionScavenger set, using defaults
2020-12-26 01:57:20,115 [Listener at 0.0.0.0/41015] INFO  server.session (HouseKeeper.java:startScavenging(132)) - node0 Scavenging every 600000ms
2020-12-26 01:57:20,116 [Listener at 0.0.0.0/41015] INFO  handler.ContextHandler (ContextHandler.java:doStart(916)) - Started o.e.j.s.ServletContextHandler@31a31021{logs,/logs,file:///github/workspace/mnt/ozone/hadoop-ozone/integration-test/target/log,AVAILABLE}
2020-12-26 01:57:20,116 [Listener at 0.0.0.0/41015] INFO  handler.ContextHandler (ContextHandler.java:doStart(916)) - Started o.e.j.s.ServletContextHandler@6684798e{static,/static,file:///github/workspace/mnt/ozone/hadoop-ozone/integration-test/target/test-classes/webapps/static,AVAILABLE}
2020-12-26 01:57:20,118 [Listener at 0.0.0.0/41015] INFO  handler.ContextHandler (ContextHandler.java:doStart(916)) - Started o.e.j.w.WebAppContext@21aaeb8a{scm,/,file:///github/workspace/mnt/ozone/hadoop-ozone/integration-test/target/test-classes/webapps/scm/,AVAILABLE}{file:/github/workspace/mnt/ozone/hadoop-ozone/integration-test/target/test-classes/webapps/scm}
2020-12-26 01:57:20,126 [Listener at 0.0.0.0/41015] INFO  server.AbstractConnector (AbstractConnector.java:doStart(331)) - Started ServerConnector@6af3efdf{HTTP/1.1, (http/1.1)}{0.0.0.0:36807}
2020-12-26 01:57:20,126 [Listener at 0.0.0.0/41015] INFO  server.Server (Server.java:doStart(415)) - Started @282815ms
2020-12-26 01:57:20,126 [Listener at 0.0.0.0/41015] WARN  impl.MetricsSystemImpl (MetricsSystemImpl.java:register(276)) - Sink prometheus already exists!
2020-12-26 01:57:20,131 [Listener at 0.0.0.0/41015] INFO  http.BaseHttpServer (BaseHttpServer.java:updateConnectorAddress(327)) - HTTP server of scm listening at http://0.0.0.0:36807
2020-12-26 01:57:20,132 [Listener at 0.0.0.0/41015] WARN  server.ServerUtils (ServerUtils.java:getDBPath(225)) - ozone.om.db.dirs is not configured. We recommend adding this setting. Falling back to ozone.metadata.dirs instead.
2020-12-26 01:57:20,133 [org.apache.hadoop.util.JvmPauseMonitor$Monitor@3b890807] INFO  util.JvmPauseMonitor (JvmPauseMonitor.java:run(188)) - Starting JVM pause monitor
2020-12-26 01:57:20,134 [Listener at 0.0.0.0/41015] INFO  ha.OMHANodeDetails (OMHANodeDetails.java:loadOMHAConfig(104)) - ozone.om.internal.service.id is not defined, falling back to ozone.om.service.ids to find serviceID for OzoneManager if it is HA enabled cluster
2020-12-26 01:57:20,134 [Listener at 0.0.0.0/41015] INFO  ha.OMHANodeDetails (OMHANodeDetails.java:loadOMHAConfig(213)) - Configuration either no ozone.om.address set. Falling back to the default OM address /127.0.0.1:0
2020-12-26 01:57:20,134 [Listener at 0.0.0.0/41015] INFO  ha.OMHANodeDetails (OMHANodeDetails.java:getOMNodeDetails(241)) - OM Service ID is not set. Setting it to the default ID: omServiceIdDefault
2020-12-26 01:57:20,134 [Listener at 0.0.0.0/41015] WARN  server.ServerUtils (ServerUtils.java:getDBPath(225)) - ozone.om.db.dirs is not configured. We recommend adding this setting. Falling back to ozone.metadata.dirs instead.
2020-12-26 01:57:20,135 [Listener at 0.0.0.0/41015] WARN  server.ServerUtils (ServerUtils.java:getDBPath(225)) - ozone.om.db.dirs is not configured. We recommend adding this setting. Falling back to ozone.metadata.dirs instead.
2020-12-26 01:57:20,144 [Listener at 0.0.0.0/41015] WARN  server.ServerUtils (ServerUtils.java:getDBPath(225)) - ozone.om.db.dirs is not configured. We recommend adding this setting. Falling back to ozone.metadata.dirs instead.
2020-12-26 01:57:20,144 [Listener at 0.0.0.0/41015] INFO  codec.OmKeyInfoCodec (OmKeyInfoCodec.java:<init>(41)) - OmKeyInfoCodec ignorePipeline = true
2020-12-26 01:57:20,144 [Listener at 0.0.0.0/41015] INFO  codec.RepeatedOmKeyInfoCodec (RepeatedOmKeyInfoCodec.java:<init>(40)) - RepeatedOmKeyInfoCodec ignorePipeline = true
2020-12-26 01:57:20,201 [Listener at 0.0.0.0/41015] INFO  om.OzoneManager (OzoneManager.java:addS3GVolumeToDB(3753)) - Created Volume s3v With Owner jenkins1001 required for S3Gateway operations.
2020-12-26 01:57:20,202 [Listener at 0.0.0.0/41015] INFO  ipc.CallQueueManager (CallQueueManager.java:<init>(84)) - Using callQueue: class java.util.concurrent.LinkedBlockingQueue, queueCapacity: 2000, scheduler: class org.apache.hadoop.ipc.DefaultRpcScheduler, ipcBackoff: false.
2020-12-26 01:57:20,203 [Socket Reader #1 for port 0] INFO  ipc.Server (Server.java:run(1219)) - Starting Socket Reader #1 for port 0
2020-12-26 01:57:20,217 [Listener at 127.0.0.1/40109] INFO  impl.MetricsSystemImpl (MetricsSystemImpl.java:init(158)) - OzoneManager metrics system started (again)
2020-12-26 01:57:20,218 [Listener at 127.0.0.1/40109] INFO  om.OzoneManager (OzoneManager.java:start(1161)) - OzoneManager RPC server is listening at localhost/127.0.0.1:40109
2020-12-26 01:57:20,224 [Listener at 127.0.0.1/40109] INFO  http.BaseHttpServer (BaseHttpServer.java:newHttpServer2BuilderForOzone(207)) - Starting Web-server for ozoneManager at: http://0.0.0.0:0
2020-12-26 01:57:20,224 [Listener at 127.0.0.1/40109] INFO  http.BaseHttpServer (BaseHttpServer.java:<init>(106)) - Hadoop Security Enabled: false Ozone Security Enabled: false Ozone HTTP Security Enabled: false 
2020-12-26 01:57:20,225 [Listener at 127.0.0.1/40109] INFO  server.AuthenticationFilter (AuthenticationFilter.java:constructSecretProvider(240)) - Unable to initialize FileSignerSecretProvider, falling back to use random secrets.
2020-12-26 01:57:20,225 [Listener at 127.0.0.1/40109] WARN  http.HttpRequestLog (HttpRequestLog.java:getRequestLog(103)) - Jetty request log can only be enabled using Log4j
2020-12-26 01:57:20,226 [Listener at 127.0.0.1/40109] INFO  http.HttpServer2 (HttpServer2.java:addGlobalFilter(1020)) - Added global filter 'safety' (class=org.apache.hadoop.hdds.server.http.HttpServer2$QuotingInputFilter)
2020-12-26 01:57:20,226 [Listener at 127.0.0.1/40109] INFO  http.HttpServer2 (HttpServer2.java:addFilter(996)) - Added filter static_user_filter (class=org.apache.hadoop.http.lib.StaticUserWebFilter$StaticUserFilter) to context ozoneManager
2020-12-26 01:57:20,226 [Listener at 127.0.0.1/40109] INFO  http.HttpServer2 (HttpServer2.java:addFilter(1004)) - Added filter static_user_filter (class=org.apache.hadoop.http.lib.StaticUserWebFilter$StaticUserFilter) to context static
2020-12-26 01:57:20,226 [Listener at 127.0.0.1/40109] INFO  http.HttpServer2 (HttpServer2.java:addFilter(1004)) - Added filter static_user_filter (class=org.apache.hadoop.http.lib.StaticUserWebFilter$StaticUserFilter) to context logs
2020-12-26 01:57:20,227 [Listener at 127.0.0.1/40109] INFO  http.HttpServer2 (HttpServer2.java:bindListener(1238)) - Jetty bound to port 39797
2020-12-26 01:57:20,227 [Listener at 127.0.0.1/40109] INFO  server.Server (Server.java:doStart(375)) - jetty-9.4.34.v20201102; built: 2020-11-02T14:15:39.302Z; git: e46af88704a893fc12cb0e3bf46e2c7b48a009e7; jvm 1.8.0_232-b09
2020-12-26 01:57:20,228 [Listener at 127.0.0.1/40109] INFO  server.session (DefaultSessionIdManager.java:doStart(334)) - DefaultSessionIdManager workerName=node0
2020-12-26 01:57:20,228 [Listener at 127.0.0.1/40109] INFO  server.session (DefaultSessionIdManager.java:doStart(339)) - No SessionScavenger set, using defaults
2020-12-26 01:57:20,228 [Listener at 127.0.0.1/40109] INFO  server.session (HouseKeeper.java:startScavenging(132)) - node0 Scavenging every 660000ms
2020-12-26 01:57:20,229 [Listener at 127.0.0.1/40109] INFO  handler.ContextHandler (ContextHandler.java:doStart(916)) - Started o.e.j.s.ServletContextHandler@1db5618d{logs,/logs,file:///github/workspace/mnt/ozone/hadoop-ozone/integration-test/target/log,AVAILABLE}
2020-12-26 01:57:20,229 [Listener at 127.0.0.1/40109] INFO  handler.ContextHandler (ContextHandler.java:doStart(916)) - Started o.e.j.s.ServletContextHandler@544ee1ed{static,/static,file:///github/workspace/mnt/ozone/hadoop-ozone/integration-test/target/test-classes/webapps/static,AVAILABLE}
2020-12-26 01:57:20,232 [Listener at 127.0.0.1/40109] INFO  handler.ContextHandler (ContextHandler.java:doStart(916)) - Started o.e.j.w.WebAppContext@51163415{ozoneManager,/,file:///github/workspace/mnt/ozone/hadoop-ozone/integration-test/target/test-classes/webapps/ozoneManager/,AVAILABLE}{file:/github/workspace/mnt/ozone/hadoop-ozone/integration-test/target/test-classes/webapps/ozoneManager}
2020-12-26 01:57:20,235 [Listener at 127.0.0.1/40109] INFO  server.AbstractConnector (AbstractConnector.java:doStart(331)) - Started ServerConnector@332a2989{HTTP/1.1, (http/1.1)}{0.0.0.0:39797}
2020-12-26 01:57:20,235 [Listener at 127.0.0.1/40109] INFO  server.Server (Server.java:doStart(415)) - Started @282924ms
2020-12-26 01:57:20,236 [Listener at 127.0.0.1/40109] WARN  impl.MetricsSystemImpl (MetricsSystemImpl.java:register(276)) - Sink prometheus already exists!
2020-12-26 01:57:20,242 [Listener at 127.0.0.1/40109] INFO  http.BaseHttpServer (BaseHttpServer.java:updateConnectorAddress(327)) - HTTP server of ozoneManager listening at http://0.0.0.0:39797
2020-12-26 01:57:20,243 [IPC Server Responder] INFO  ipc.Server (Server.java:run(1460)) - IPC Server Responder: starting
2020-12-26 01:57:20,248 [Listener at 127.0.0.1/40109] INFO  om.OzoneManager (OzoneManager.java:startTrashEmptier(1282)) - Trash Interval set to 0. Files deleted will not move to trash
2020-12-26 01:57:20,255 [IPC Server listener on 0] INFO  ipc.Server (Server.java:run(1298)) - IPC Server listener on 0: starting
2020-12-26 01:57:20,263 [org.apache.hadoop.util.JvmPauseMonitor$Monitor@f5c0e65] INFO  util.JvmPauseMonitor (JvmPauseMonitor.java:run(188)) - Starting JVM pause monitor
2020-12-26 01:57:20,267 [Listener at 127.0.0.1/40109] INFO  impl.MetricsSystemImpl (MetricsSystemImpl.java:init(158)) - HddsDatanode metrics system started (again)
2020-12-26 01:57:20,268 [Listener at 127.0.0.1/40109] INFO  ozone.HddsDatanodeService (HddsDatanodeService.java:start(217)) - HddsDatanodeService host:140068b710f1 ip:172.17.0.2
2020-12-26 01:57:20,270 [Listener at 127.0.0.1/40109] INFO  volume.HddsVolume (HddsVolume.java:<init>(176)) - Creating Volume: /github/workspace/mnt/ozone/hadoop-ozone/integration-test/target/test-dir/MiniOzoneClusterImpl-b0bbc67e-6e78-4c8b-9c9f-814a2ca087f9/datanode-0/data-0/containers/hdds of storage type : DISK and capacity : 9223372036854775807
2020-12-26 01:57:20,270 [Listener at 127.0.0.1/40109] INFO  volume.MutableVolumeSet (MutableVolumeSet.java:initializeVolumeSet(179)) - Added Volume : /github/workspace/mnt/ozone/hadoop-ozone/integration-test/target/test-dir/MiniOzoneClusterImpl-b0bbc67e-6e78-4c8b-9c9f-814a2ca087f9/datanode-0/data-0/containers/hdds to VolumeSet
2020-12-26 01:57:20,270 [Listener at 127.0.0.1/40109] INFO  volume.ThrottledAsyncChecker (ThrottledAsyncChecker.java:schedule(141)) - Scheduling a check for /github/workspace/mnt/ozone/hadoop-ozone/integration-test/target/test-dir/MiniOzoneClusterImpl-b0bbc67e-6e78-4c8b-9c9f-814a2ca087f9/datanode-0/data-0/containers/hdds
2020-12-26 01:57:20,271 [Listener at 127.0.0.1/40109] INFO  volume.HddsVolumeChecker (HddsVolumeChecker.java:checkAllVolumes(200)) - Scheduled health check for volume /github/workspace/mnt/ozone/hadoop-ozone/integration-test/target/test-dir/MiniOzoneClusterImpl-b0bbc67e-6e78-4c8b-9c9f-814a2ca087f9/datanode-0/data-0/containers/hdds
2020-12-26 01:57:20,285 [Thread-2392] INFO  ozoneimpl.ContainerReader (ContainerReader.java:readVolume(123)) - Start to verify containers on volume /github/workspace/mnt/ozone/hadoop-ozone/integration-test/target/test-dir/MiniOzoneClusterImpl-b0bbc67e-6e78-4c8b-9c9f-814a2ca087f9/datanode-0/data-0/containers/hdds
2020-12-26 01:57:20,285 [Thread-2392] INFO  ozoneimpl.ContainerReader (ContainerReader.java:readVolume(148)) - Finish verifying containers on volume /github/workspace/mnt/ozone/hadoop-ozone/integration-test/target/test-dir/MiniOzoneClusterImpl-b0bbc67e-6e78-4c8b-9c9f-814a2ca087f9/datanode-0/data-0/containers/hdds
2020-12-26 01:57:20,285 [Listener at 127.0.0.1/40109] INFO  ozoneimpl.OzoneContainer (OzoneContainer.java:buildContainerSet(194)) - Build ContainerSet costs 0s
2020-12-26 01:57:20,287 [Listener at 127.0.0.1/40109] INFO  server.RaftServer (ConfUtils.java:logGet(44)) - raft.rpc.type = GRPC (default)
2020-12-26 01:57:20,287 [Listener at 127.0.0.1/40109] INFO  grpc.GrpcFactory (GrpcFactory.java:checkPooledByteBufAllocatorUseCacheForAllThreads(48)) - PERFORMANCE WARNING: useCacheForAllThreads is true that may cause Netty to create a lot garbage objects and, as a result, trigger GC.
	It is recommended to disable useCacheForAllThreads by setting -Dorg.apache.ratis.thirdparty.io.netty.allocator.useCacheForAllThreads=false in command line.
2020-12-26 01:57:20,287 [Listener at 127.0.0.1/40109] INFO  grpc.GrpcConfigKeys (ConfUtils.java:logGet(44)) - raft.grpc.server.port = 0 (default)
2020-12-26 01:57:20,287 [Listener at 127.0.0.1/40109] INFO  server.GrpcService (ConfUtils.java:logGet(44)) - raft.grpc.message.size.max = 32MB (=33554432) (custom)
2020-12-26 01:57:20,287 [Listener at 127.0.0.1/40109] INFO  server.RaftServerConfigKeys (ConfUtils.java:logGet(44)) - raft.server.log.appender.buffer.byte-limit = 33554432 (custom)
2020-12-26 01:57:20,287 [Listener at 127.0.0.1/40109] INFO  server.GrpcService (ConfUtils.java:logGet(44)) - raft.grpc.flow.control.window = 5MB (=5242880) (custom)
2020-12-26 01:57:20,287 [Listener at 127.0.0.1/40109] INFO  server.RaftServerConfigKeys (ConfUtils.java:logGet(44)) - raft.server.rpc.request.timeout = 3000ms (default)
2020-12-26 01:57:20,288 [Listener at 127.0.0.1/40109] INFO  impl.DataStreamServerImpl (ConfUtils.java:logGet(44)) - raft.datastream.type = DISABLED (default)
2020-12-26 01:57:20,288 [Listener at 127.0.0.1/40109] INFO  server.RaftServerConfigKeys (ConfUtils.java:logGet(44)) - raft.server.rpc.slowness.timeout = 300000ms (custom)
2020-12-26 01:57:20,288 [Listener at 127.0.0.1/40109] INFO  server.RaftServerConfigKeys (ConfUtils.java:logGet(44)) - raft.server.leaderelection.leader.step-down.wait-time = 10s (default)
2020-12-26 01:57:20,289 [Listener at 127.0.0.1/40109] INFO  server.RaftServerConfigKeys (ConfUtils.java:logGet(44)) - raft.server.storage.dir = [/github/workspace/mnt/ozone/hadoop-ozone/integration-test/target/test-dir/MiniOzoneClusterImpl-b0bbc67e-6e78-4c8b-9c9f-814a2ca087f9/datanode-0/data/ratis] (custom)
2020-12-26 01:57:20,294 [Listener at 127.0.0.1/40109] INFO  http.BaseHttpServer (BaseHttpServer.java:newHttpServer2BuilderForOzone(207)) - Starting Web-server for hddsDatanode at: http://0.0.0.0:0
2020-12-26 01:57:20,295 [Listener at 127.0.0.1/40109] INFO  http.BaseHttpServer (BaseHttpServer.java:<init>(106)) - Hadoop Security Enabled: false Ozone Security Enabled: false Ozone HTTP Security Enabled: false 
2020-12-26 01:57:20,295 [Listener at 127.0.0.1/40109] INFO  server.AuthenticationFilter (AuthenticationFilter.java:constructSecretProvider(240)) - Unable to initialize FileSignerSecretProvider, falling back to use random secrets.
2020-12-26 01:57:20,296 [Listener at 127.0.0.1/40109] WARN  http.HttpRequestLog (HttpRequestLog.java:getRequestLog(103)) - Jetty request log can only be enabled using Log4j
2020-12-26 01:57:20,296 [Listener at 127.0.0.1/40109] INFO  http.HttpServer2 (HttpServer2.java:addGlobalFilter(1020)) - Added global filter 'safety' (class=org.apache.hadoop.hdds.server.http.HttpServer2$QuotingInputFilter)
2020-12-26 01:57:20,297 [Listener at 127.0.0.1/40109] INFO  http.HttpServer2 (HttpServer2.java:addFilter(996)) - Added filter static_user_filter (class=org.apache.hadoop.http.lib.StaticUserWebFilter$StaticUserFilter) to context hddsDatanode
2020-12-26 01:57:20,297 [Listener at 127.0.0.1/40109] INFO  http.HttpServer2 (HttpServer2.java:addFilter(1004)) - Added filter static_user_filter (class=org.apache.hadoop.http.lib.StaticUserWebFilter$StaticUserFilter) to context logs
2020-12-26 01:57:20,297 [Listener at 127.0.0.1/40109] INFO  http.HttpServer2 (HttpServer2.java:addFilter(1004)) - Added filter static_user_filter (class=org.apache.hadoop.http.lib.StaticUserWebFilter$StaticUserFilter) to context static
2020-12-26 01:57:20,297 [Listener at 127.0.0.1/40109] INFO  http.HttpServer2 (HttpServer2.java:bindListener(1238)) - Jetty bound to port 43191
2020-12-26 01:57:20,297 [Listener at 127.0.0.1/40109] INFO  server.Server (Server.java:doStart(375)) - jetty-9.4.34.v20201102; built: 2020-11-02T14:15:39.302Z; git: e46af88704a893fc12cb0e3bf46e2c7b48a009e7; jvm 1.8.0_232-b09
2020-12-26 01:57:20,303 [Listener at 127.0.0.1/40109] INFO  server.session (DefaultSessionIdManager.java:doStart(334)) - DefaultSessionIdManager workerName=node0
2020-12-26 01:57:20,303 [Listener at 127.0.0.1/40109] INFO  server.session (DefaultSessionIdManager.java:doStart(339)) - No SessionScavenger set, using defaults
2020-12-26 01:57:20,303 [Listener at 127.0.0.1/40109] INFO  server.session (HouseKeeper.java:startScavenging(132)) - node0 Scavenging every 600000ms
2020-12-26 01:57:20,304 [Listener at 127.0.0.1/40109] INFO  handler.ContextHandler (ContextHandler.java:doStart(916)) - Started o.e.j.s.ServletContextHandler@1c13db21{logs,/logs,file:///github/workspace/mnt/ozone/hadoop-ozone/integration-test/target/log,AVAILABLE}
2020-12-26 01:57:20,304 [Listener at 127.0.0.1/40109] INFO  handler.ContextHandler (ContextHandler.java:doStart(916)) - Started o.e.j.s.ServletContextHandler@4849511d{static,/static,jar:file:/home/user/.m2/repository/org/apache/hadoop/hadoop-hdds-container-service/1.1.0-SNAPSHOT/hadoop-hdds-container-service-1.1.0-SNAPSHOT.jar!/webapps/static,AVAILABLE}
2020-12-26 01:57:20,459 [Listener at 127.0.0.1/40109] INFO  handler.ContextHandler (ContextHandler.java:doStart(916)) - Started o.e.j.w.WebAppContext@65cb28e7{hddsDatanode,/,file:///tmp/jetty-0_0_0_0-43191-hadoop-hdds-container-service-1_1_0-SNAPSHOT_jar-_-any-1190625105446955828/webapp/,AVAILABLE}{jar:file:/home/user/.m2/repository/org/apache/hadoop/hadoop-hdds-container-service/1.1.0-SNAPSHOT/hadoop-hdds-container-service-1.1.0-SNAPSHOT.jar!/webapps/hddsDatanode}
2020-12-26 01:57:20,461 [Listener at 127.0.0.1/40109] INFO  server.AbstractConnector (AbstractConnector.java:doStart(331)) - Started ServerConnector@411c3313{HTTP/1.1, (http/1.1)}{0.0.0.0:43191}
2020-12-26 01:57:20,461 [Listener at 127.0.0.1/40109] INFO  server.Server (Server.java:doStart(415)) - Started @283149ms
2020-12-26 01:57:20,461 [Listener at 127.0.0.1/40109] WARN  impl.MetricsSystemImpl (MetricsSystemImpl.java:register(276)) - Sink prometheus already exists!
2020-12-26 01:57:20,465 [Listener at 127.0.0.1/40109] INFO  http.BaseHttpServer (BaseHttpServer.java:updateConnectorAddress(327)) - HTTP server of hddsDatanode listening at http://0.0.0.0:43191
2020-12-26 01:57:20,468 [Listener at 127.0.0.1/40109] INFO  impl.MetricsSystemImpl (MetricsSystemImpl.java:init(158)) - HddsDatanode metrics system started (again)
2020-12-26 01:57:20,469 [Listener at 127.0.0.1/40109] INFO  ozone.HddsDatanodeService (HddsDatanodeService.java:start(217)) - HddsDatanodeService host:140068b710f1 ip:172.17.0.2
2020-12-26 01:57:20,475 [org.apache.hadoop.util.JvmPauseMonitor$Monitor@807d9b9] INFO  util.JvmPauseMonitor (JvmPauseMonitor.java:run(188)) - Starting JVM pause monitor
2020-12-26 01:57:20,476 [Listener at 127.0.0.1/40109] INFO  volume.HddsVolume (HddsVolume.java:<init>(176)) - Creating Volume: /github/workspace/mnt/ozone/hadoop-ozone/integration-test/target/test-dir/MiniOzoneClusterImpl-b0bbc67e-6e78-4c8b-9c9f-814a2ca087f9/datanode-1/data-0/containers/hdds of storage type : DISK and capacity : 9223372036854775807
2020-12-26 01:57:20,476 [Listener at 127.0.0.1/40109] INFO  volume.MutableVolumeSet (MutableVolumeSet.java:initializeVolumeSet(179)) - Added Volume : /github/workspace/mnt/ozone/hadoop-ozone/integration-test/target/test-dir/MiniOzoneClusterImpl-b0bbc67e-6e78-4c8b-9c9f-814a2ca087f9/datanode-1/data-0/containers/hdds to VolumeSet
2020-12-26 01:57:20,476 [Listener at 127.0.0.1/40109] INFO  volume.ThrottledAsyncChecker (ThrottledAsyncChecker.java:schedule(141)) - Scheduling a check for /github/workspace/mnt/ozone/hadoop-ozone/integration-test/target/test-dir/MiniOzoneClusterImpl-b0bbc67e-6e78-4c8b-9c9f-814a2ca087f9/datanode-1/data-0/containers/hdds
2020-12-26 01:57:20,477 [Datanode State Machine Task Thread - 0] INFO  datanode.InitDatanodeState (InitDatanodeState.java:persistContainerDatanodeDetails(145)) - DatanodeDetails is persisted to /github/workspace/mnt/ozone/hadoop-ozone/integration-test/target/test-dir/MiniOzoneClusterImpl-b0bbc67e-6e78-4c8b-9c9f-814a2ca087f9/datanode-0/meta/datanode.id
2020-12-26 01:57:20,477 [Listener at 127.0.0.1/40109] INFO  volume.HddsVolumeChecker (HddsVolumeChecker.java:checkAllVolumes(200)) - Scheduled health check for volume /github/workspace/mnt/ozone/hadoop-ozone/integration-test/target/test-dir/MiniOzoneClusterImpl-b0bbc67e-6e78-4c8b-9c9f-814a2ca087f9/datanode-1/data-0/containers/hdds
2020-12-26 01:57:20,490 [Thread-2403] INFO  ozoneimpl.ContainerReader (ContainerReader.java:readVolume(123)) - Start to verify containers on volume /github/workspace/mnt/ozone/hadoop-ozone/integration-test/target/test-dir/MiniOzoneClusterImpl-b0bbc67e-6e78-4c8b-9c9f-814a2ca087f9/datanode-1/data-0/containers/hdds
2020-12-26 01:57:20,490 [Thread-2403] INFO  ozoneimpl.ContainerReader (ContainerReader.java:readVolume(148)) - Finish verifying containers on volume /github/workspace/mnt/ozone/hadoop-ozone/integration-test/target/test-dir/MiniOzoneClusterImpl-b0bbc67e-6e78-4c8b-9c9f-814a2ca087f9/datanode-1/data-0/containers/hdds
2020-12-26 01:57:20,490 [Listener at 127.0.0.1/40109] INFO  ozoneimpl.OzoneContainer (OzoneContainer.java:buildContainerSet(194)) - Build ContainerSet costs 0s
2020-12-26 01:57:20,491 [Listener at 127.0.0.1/40109] INFO  server.RaftServer (ConfUtils.java:logGet(44)) - raft.rpc.type = GRPC (default)
2020-12-26 01:57:20,492 [Listener at 127.0.0.1/40109] INFO  grpc.GrpcFactory (GrpcFactory.java:checkPooledByteBufAllocatorUseCacheForAllThreads(48)) - PERFORMANCE WARNING: useCacheForAllThreads is true that may cause Netty to create a lot garbage objects and, as a result, trigger GC.
	It is recommended to disable useCacheForAllThreads by setting -Dorg.apache.ratis.thirdparty.io.netty.allocator.useCacheForAllThreads=false in command line.
2020-12-26 01:57:20,492 [Listener at 127.0.0.1/40109] INFO  grpc.GrpcConfigKeys (ConfUtils.java:logGet(44)) - raft.grpc.server.port = 0 (default)
2020-12-26 01:57:20,492 [Listener at 127.0.0.1/40109] INFO  server.GrpcService (ConfUtils.java:logGet(44)) - raft.grpc.message.size.max = 32MB (=33554432) (custom)
2020-12-26 01:57:20,492 [Listener at 127.0.0.1/40109] INFO  server.RaftServerConfigKeys (ConfUtils.java:logGet(44)) - raft.server.log.appender.buffer.byte-limit = 33554432 (custom)
2020-12-26 01:57:20,492 [Listener at 127.0.0.1/40109] INFO  server.GrpcService (ConfUtils.java:logGet(44)) - raft.grpc.flow.control.window = 5MB (=5242880) (custom)
2020-12-26 01:57:20,492 [Listener at 127.0.0.1/40109] INFO  server.RaftServerConfigKeys (ConfUtils.java:logGet(44)) - raft.server.rpc.request.timeout = 3000ms (default)
2020-12-26 01:57:20,493 [Listener at 127.0.0.1/40109] INFO  impl.DataStreamServerImpl (ConfUtils.java:logGet(44)) - raft.datastream.type = DISABLED (default)
2020-12-26 01:57:20,493 [Listener at 127.0.0.1/40109] INFO  server.RaftServerConfigKeys (ConfUtils.java:logGet(44)) - raft.server.rpc.slowness.timeout = 300000ms (custom)
2020-12-26 01:57:20,493 [Listener at 127.0.0.1/40109] INFO  server.RaftServerConfigKeys (ConfUtils.java:logGet(44)) - raft.server.leaderelection.leader.step-down.wait-time = 10s (default)
2020-12-26 01:57:20,493 [Listener at 127.0.0.1/40109] INFO  server.RaftServerConfigKeys (ConfUtils.java:logGet(44)) - raft.server.storage.dir = [/github/workspace/mnt/ozone/hadoop-ozone/integration-test/target/test-dir/MiniOzoneClusterImpl-b0bbc67e-6e78-4c8b-9c9f-814a2ca087f9/datanode-1/data/ratis] (custom)
2020-12-26 01:57:20,499 [Listener at 127.0.0.1/40109] INFO  http.BaseHttpServer (BaseHttpServer.java:newHttpServer2BuilderForOzone(207)) - Starting Web-server for hddsDatanode at: http://0.0.0.0:0
2020-12-26 01:57:20,499 [Listener at 127.0.0.1/40109] INFO  http.BaseHttpServer (BaseHttpServer.java:<init>(106)) - Hadoop Security Enabled: false Ozone Security Enabled: false Ozone HTTP Security Enabled: false 
2020-12-26 01:57:20,500 [Listener at 127.0.0.1/40109] INFO  server.AuthenticationFilter (AuthenticationFilter.java:constructSecretProvider(240)) - Unable to initialize FileSignerSecretProvider, falling back to use random secrets.
2020-12-26 01:57:20,500 [Listener at 127.0.0.1/40109] WARN  http.HttpRequestLog (HttpRequestLog.java:getRequestLog(103)) - Jetty request log can only be enabled using Log4j
2020-12-26 01:57:20,501 [Listener at 127.0.0.1/40109] INFO  http.HttpServer2 (HttpServer2.java:addGlobalFilter(1020)) - Added global filter 'safety' (class=org.apache.hadoop.hdds.server.http.HttpServer2$QuotingInputFilter)
2020-12-26 01:57:20,501 [Listener at 127.0.0.1/40109] INFO  http.HttpServer2 (HttpServer2.java:addFilter(996)) - Added filter static_user_filter (class=org.apache.hadoop.http.lib.StaticUserWebFilter$StaticUserFilter) to context hddsDatanode
2020-12-26 01:57:20,501 [Listener at 127.0.0.1/40109] INFO  http.HttpServer2 (HttpServer2.java:addFilter(1004)) - Added filter static_user_filter (class=org.apache.hadoop.http.lib.StaticUserWebFilter$StaticUserFilter) to context static
2020-12-26 01:57:20,501 [Listener at 127.0.0.1/40109] INFO  http.HttpServer2 (HttpServer2.java:addFilter(1004)) - Added filter static_user_filter (class=org.apache.hadoop.http.lib.StaticUserWebFilter$StaticUserFilter) to context logs
2020-12-26 01:57:20,502 [Listener at 127.0.0.1/40109] INFO  http.HttpServer2 (HttpServer2.java:bindListener(1238)) - Jetty bound to port 44037
2020-12-26 01:57:20,502 [Listener at 127.0.0.1/40109] INFO  server.Server (Server.java:doStart(375)) - jetty-9.4.34.v20201102; built: 2020-11-02T14:15:39.302Z; git: e46af88704a893fc12cb0e3bf46e2c7b48a009e7; jvm 1.8.0_232-b09
2020-12-26 01:57:20,503 [Listener at 127.0.0.1/40109] INFO  server.session (DefaultSessionIdManager.java:doStart(334)) - DefaultSessionIdManager workerName=node0
2020-12-26 01:57:20,504 [Listener at 127.0.0.1/40109] INFO  server.session (DefaultSessionIdManager.java:doStart(339)) - No SessionScavenger set, using defaults
2020-12-26 01:57:20,504 [Listener at 127.0.0.1/40109] INFO  server.session (HouseKeeper.java:startScavenging(132)) - node0 Scavenging every 660000ms
2020-12-26 01:57:20,504 [Listener at 127.0.0.1/40109] INFO  handler.ContextHandler (ContextHandler.java:doStart(916)) - Started o.e.j.s.ServletContextHandler@4a9d47e4{logs,/logs,file:///github/workspace/mnt/ozone/hadoop-ozone/integration-test/target/log,AVAILABLE}
2020-12-26 01:57:20,504 [Listener at 127.0.0.1/40109] INFO  handler.ContextHandler (ContextHandler.java:doStart(916)) - Started o.e.j.s.ServletContextHandler@f289b4e{static,/static,jar:file:/home/user/.m2/repository/org/apache/hadoop/hadoop-hdds-container-service/1.1.0-SNAPSHOT/hadoop-hdds-container-service-1.1.0-SNAPSHOT.jar!/webapps/static,AVAILABLE}
2020-12-26 01:57:20,657 [Listener at 127.0.0.1/40109] INFO  handler.ContextHandler (ContextHandler.java:doStart(916)) - Started o.e.j.w.WebAppContext@3df6e6d{hddsDatanode,/,file:///tmp/jetty-0_0_0_0-44037-hadoop-hdds-container-service-1_1_0-SNAPSHOT_jar-_-any-7660065964569560630/webapp/,AVAILABLE}{jar:file:/home/user/.m2/repository/org/apache/hadoop/hadoop-hdds-container-service/1.1.0-SNAPSHOT/hadoop-hdds-container-service-1.1.0-SNAPSHOT.jar!/webapps/hddsDatanode}
2020-12-26 01:57:20,658 [Listener at 127.0.0.1/40109] INFO  server.AbstractConnector (AbstractConnector.java:doStart(331)) - Started ServerConnector@7142ef2a{HTTP/1.1, (http/1.1)}{0.0.0.0:44037}
2020-12-26 01:57:20,659 [Listener at 127.0.0.1/40109] INFO  server.Server (Server.java:doStart(415)) - Started @283347ms
2020-12-26 01:57:20,659 [Listener at 127.0.0.1/40109] WARN  impl.MetricsSystemImpl (MetricsSystemImpl.java:register(276)) - Sink prometheus already exists!
2020-12-26 01:57:20,663 [Listener at 127.0.0.1/40109] INFO  http.BaseHttpServer (BaseHttpServer.java:updateConnectorAddress(327)) - HTTP server of hddsDatanode listening at http://0.0.0.0:44037
2020-12-26 01:57:20,663 [Listener at 127.0.0.1/40109] INFO  impl.MetricsSystemImpl (MetricsSystemImpl.java:init(158)) - HddsDatanode metrics system started (again)
2020-12-26 01:57:20,665 [Listener at 127.0.0.1/40109] INFO  ozone.HddsDatanodeService (HddsDatanodeService.java:start(217)) - HddsDatanodeService host:140068b710f1 ip:172.17.0.2
2020-12-26 01:57:20,666 [Listener at 127.0.0.1/40109] INFO  volume.HddsVolume (HddsVolume.java:<init>(176)) - Creating Volume: /github/workspace/mnt/ozone/hadoop-ozone/integration-test/target/test-dir/MiniOzoneClusterImpl-b0bbc67e-6e78-4c8b-9c9f-814a2ca087f9/datanode-2/data-0/containers/hdds of storage type : DISK and capacity : 9223372036854775807
2020-12-26 01:57:20,666 [Listener at 127.0.0.1/40109] INFO  volume.MutableVolumeSet (MutableVolumeSet.java:initializeVolumeSet(179)) - Added Volume : /github/workspace/mnt/ozone/hadoop-ozone/integration-test/target/test-dir/MiniOzoneClusterImpl-b0bbc67e-6e78-4c8b-9c9f-814a2ca087f9/datanode-2/data-0/containers/hdds to VolumeSet
2020-12-26 01:57:20,666 [Listener at 127.0.0.1/40109] INFO  volume.ThrottledAsyncChecker (ThrottledAsyncChecker.java:schedule(141)) - Scheduling a check for /github/workspace/mnt/ozone/hadoop-ozone/integration-test/target/test-dir/MiniOzoneClusterImpl-b0bbc67e-6e78-4c8b-9c9f-814a2ca087f9/datanode-2/data-0/containers/hdds
2020-12-26 01:57:20,667 [Listener at 127.0.0.1/40109] INFO  volume.HddsVolumeChecker (HddsVolumeChecker.java:checkAllVolumes(200)) - Scheduled health check for volume /github/workspace/mnt/ozone/hadoop-ozone/integration-test/target/test-dir/MiniOzoneClusterImpl-b0bbc67e-6e78-4c8b-9c9f-814a2ca087f9/datanode-2/data-0/containers/hdds
2020-12-26 01:57:20,675 [org.apache.hadoop.util.JvmPauseMonitor$Monitor@3cda2bbb] INFO  util.JvmPauseMonitor (JvmPauseMonitor.java:run(188)) - Starting JVM pause monitor
2020-12-26 01:57:20,676 [Datanode State Machine Task Thread - 0] INFO  datanode.InitDatanodeState (InitDatanodeState.java:persistContainerDatanodeDetails(145)) - DatanodeDetails is persisted to /github/workspace/mnt/ozone/hadoop-ozone/integration-test/target/test-dir/MiniOzoneClusterImpl-b0bbc67e-6e78-4c8b-9c9f-814a2ca087f9/datanode-1/meta/datanode.id
2020-12-26 01:57:20,683 [Thread-2414] INFO  ozoneimpl.ContainerReader (ContainerReader.java:readVolume(123)) - Start to verify containers on volume /github/workspace/mnt/ozone/hadoop-ozone/integration-test/target/test-dir/MiniOzoneClusterImpl-b0bbc67e-6e78-4c8b-9c9f-814a2ca087f9/datanode-2/data-0/containers/hdds
2020-12-26 01:57:20,683 [Thread-2414] INFO  ozoneimpl.ContainerReader (ContainerReader.java:readVolume(148)) - Finish verifying containers on volume /github/workspace/mnt/ozone/hadoop-ozone/integration-test/target/test-dir/MiniOzoneClusterImpl-b0bbc67e-6e78-4c8b-9c9f-814a2ca087f9/datanode-2/data-0/containers/hdds
2020-12-26 01:57:20,683 [Listener at 127.0.0.1/40109] INFO  ozoneimpl.OzoneContainer (OzoneContainer.java:buildContainerSet(194)) - Build ContainerSet costs 0s
2020-12-26 01:57:20,684 [Listener at 127.0.0.1/40109] INFO  server.RaftServer (ConfUtils.java:logGet(44)) - raft.rpc.type = GRPC (default)
2020-12-26 01:57:20,684 [Listener at 127.0.0.1/40109] INFO  grpc.GrpcFactory (GrpcFactory.java:checkPooledByteBufAllocatorUseCacheForAllThreads(48)) - PERFORMANCE WARNING: useCacheForAllThreads is true that may cause Netty to create a lot garbage objects and, as a result, trigger GC.
	It is recommended to disable useCacheForAllThreads by setting -Dorg.apache.ratis.thirdparty.io.netty.allocator.useCacheForAllThreads=false in command line.
2020-12-26 01:57:20,684 [Listener at 127.0.0.1/40109] INFO  grpc.GrpcConfigKeys (ConfUtils.java:logGet(44)) - raft.grpc.server.port = 0 (default)
2020-12-26 01:57:20,684 [Listener at 127.0.0.1/40109] INFO  server.GrpcService (ConfUtils.java:logGet(44)) - raft.grpc.message.size.max = 32MB (=33554432) (custom)
2020-12-26 01:57:20,685 [Listener at 127.0.0.1/40109] INFO  server.RaftServerConfigKeys (ConfUtils.java:logGet(44)) - raft.server.log.appender.buffer.byte-limit = 33554432 (custom)
2020-12-26 01:57:20,685 [Listener at 127.0.0.1/40109] INFO  server.GrpcService (ConfUtils.java:logGet(44)) - raft.grpc.flow.control.window = 5MB (=5242880) (custom)
2020-12-26 01:57:20,685 [Listener at 127.0.0.1/40109] INFO  server.RaftServerConfigKeys (ConfUtils.java:logGet(44)) - raft.server.rpc.request.timeout = 3000ms (default)
2020-12-26 01:57:20,686 [Listener at 127.0.0.1/40109] INFO  impl.DataStreamServerImpl (ConfUtils.java:logGet(44)) - raft.datastream.type = DISABLED (default)
2020-12-26 01:57:20,686 [Listener at 127.0.0.1/40109] INFO  server.RaftServerConfigKeys (ConfUtils.java:logGet(44)) - raft.server.rpc.slowness.timeout = 300000ms (custom)
2020-12-26 01:57:20,686 [Listener at 127.0.0.1/40109] INFO  server.RaftServerConfigKeys (ConfUtils.java:logGet(44)) - raft.server.leaderelection.leader.step-down.wait-time = 10s (default)
2020-12-26 01:57:20,686 [Listener at 127.0.0.1/40109] INFO  server.RaftServerConfigKeys (ConfUtils.java:logGet(44)) - raft.server.storage.dir = [/github/workspace/mnt/ozone/hadoop-ozone/integration-test/target/test-dir/MiniOzoneClusterImpl-b0bbc67e-6e78-4c8b-9c9f-814a2ca087f9/datanode-2/data/ratis] (custom)
2020-12-26 01:57:20,692 [Listener at 127.0.0.1/40109] INFO  http.BaseHttpServer (BaseHttpServer.java:newHttpServer2BuilderForOzone(207)) - Starting Web-server for hddsDatanode at: http://0.0.0.0:0
2020-12-26 01:57:20,692 [Listener at 127.0.0.1/40109] INFO  http.BaseHttpServer (BaseHttpServer.java:<init>(106)) - Hadoop Security Enabled: false Ozone Security Enabled: false Ozone HTTP Security Enabled: false 
2020-12-26 01:57:20,692 [Listener at 127.0.0.1/40109] INFO  server.AuthenticationFilter (AuthenticationFilter.java:constructSecretProvider(240)) - Unable to initialize FileSignerSecretProvider, falling back to use random secrets.
2020-12-26 01:57:20,693 [Listener at 127.0.0.1/40109] WARN  http.HttpRequestLog (HttpRequestLog.java:getRequestLog(103)) - Jetty request log can only be enabled using Log4j
2020-12-26 01:57:20,693 [Listener at 127.0.0.1/40109] INFO  http.HttpServer2 (HttpServer2.java:addGlobalFilter(1020)) - Added global filter 'safety' (class=org.apache.hadoop.hdds.server.http.HttpServer2$QuotingInputFilter)
2020-12-26 01:57:20,694 [Listener at 127.0.0.1/40109] INFO  http.HttpServer2 (HttpServer2.java:addFilter(996)) - Added filter static_user_filter (class=org.apache.hadoop.http.lib.StaticUserWebFilter$StaticUserFilter) to context hddsDatanode
2020-12-26 01:57:20,694 [Listener at 127.0.0.1/40109] INFO  http.HttpServer2 (HttpServer2.java:addFilter(1004)) - Added filter static_user_filter (class=org.apache.hadoop.http.lib.StaticUserWebFilter$StaticUserFilter) to context static
2020-12-26 01:57:20,694 [Listener at 127.0.0.1/40109] INFO  http.HttpServer2 (HttpServer2.java:addFilter(1004)) - Added filter static_user_filter (class=org.apache.hadoop.http.lib.StaticUserWebFilter$StaticUserFilter) to context logs
2020-12-26 01:57:20,694 [Listener at 127.0.0.1/40109] INFO  http.HttpServer2 (HttpServer2.java:bindListener(1238)) - Jetty bound to port 33931
2020-12-26 01:57:20,694 [Listener at 127.0.0.1/40109] INFO  server.Server (Server.java:doStart(375)) - jetty-9.4.34.v20201102; built: 2020-11-02T14:15:39.302Z; git: e46af88704a893fc12cb0e3bf46e2c7b48a009e7; jvm 1.8.0_232-b09
2020-12-26 01:57:20,695 [Listener at 127.0.0.1/40109] INFO  server.session (DefaultSessionIdManager.java:doStart(334)) - DefaultSessionIdManager workerName=node0
2020-12-26 01:57:20,696 [Listener at 127.0.0.1/40109] INFO  server.session (DefaultSessionIdManager.java:doStart(339)) - No SessionScavenger set, using defaults
2020-12-26 01:57:20,696 [Listener at 127.0.0.1/40109] INFO  server.session (HouseKeeper.java:startScavenging(132)) - node0 Scavenging every 660000ms
2020-12-26 01:57:20,699 [Listener at 127.0.0.1/40109] INFO  handler.ContextHandler (ContextHandler.java:doStart(916)) - Started o.e.j.s.ServletContextHandler@60e62a1{logs,/logs,file:///github/workspace/mnt/ozone/hadoop-ozone/integration-test/target/log,AVAILABLE}
2020-12-26 01:57:20,700 [Listener at 127.0.0.1/40109] INFO  handler.ContextHandler (ContextHandler.java:doStart(916)) - Started o.e.j.s.ServletContextHandler@93170f6{static,/static,jar:file:/home/user/.m2/repository/org/apache/hadoop/hadoop-hdds-container-service/1.1.0-SNAPSHOT/hadoop-hdds-container-service-1.1.0-SNAPSHOT.jar!/webapps/static,AVAILABLE}
2020-12-26 01:57:20,865 [Listener at 127.0.0.1/40109] INFO  handler.ContextHandler (ContextHandler.java:doStart(916)) - Started o.e.j.w.WebAppContext@5d2484cf{hddsDatanode,/,file:///tmp/jetty-0_0_0_0-33931-hadoop-hdds-container-service-1_1_0-SNAPSHOT_jar-_-any-2797006341039507012/webapp/,AVAILABLE}{jar:file:/home/user/.m2/repository/org/apache/hadoop/hadoop-hdds-container-service/1.1.0-SNAPSHOT/hadoop-hdds-container-service-1.1.0-SNAPSHOT.jar!/webapps/hddsDatanode}
2020-12-26 01:57:20,867 [Listener at 127.0.0.1/40109] INFO  server.AbstractConnector (AbstractConnector.java:doStart(331)) - Started ServerConnector@e9aaa16{HTTP/1.1, (http/1.1)}{0.0.0.0:33931}
2020-12-26 01:57:20,867 [Listener at 127.0.0.1/40109] INFO  server.Server (Server.java:doStart(415)) - Started @283555ms
2020-12-26 01:57:20,867 [Listener at 127.0.0.1/40109] WARN  impl.MetricsSystemImpl (MetricsSystemImpl.java:register(276)) - Sink prometheus already exists!
2020-12-26 01:57:20,871 [Listener at 127.0.0.1/40109] INFO  http.BaseHttpServer (BaseHttpServer.java:updateConnectorAddress(327)) - HTTP server of hddsDatanode listening at http://0.0.0.0:33931
2020-12-26 01:57:20,876 [Listener at 127.0.0.1/40109] INFO  impl.MetricsSystemImpl (MetricsSystemImpl.java:init(158)) - HddsDatanode metrics system started (again)
2020-12-26 01:57:20,877 [org.apache.hadoop.util.JvmPauseMonitor$Monitor@2b5c0fbb] INFO  util.JvmPauseMonitor (JvmPauseMonitor.java:run(188)) - Starting JVM pause monitor
2020-12-26 01:57:20,877 [Listener at 127.0.0.1/40109] INFO  ozone.HddsDatanodeService (HddsDatanodeService.java:start(217)) - HddsDatanodeService host:140068b710f1 ip:172.17.0.2
2020-12-26 01:57:20,878 [Datanode State Machine Task Thread - 0] INFO  datanode.InitDatanodeState (InitDatanodeState.java:persistContainerDatanodeDetails(145)) - DatanodeDetails is persisted to /github/workspace/mnt/ozone/hadoop-ozone/integration-test/target/test-dir/MiniOzoneClusterImpl-b0bbc67e-6e78-4c8b-9c9f-814a2ca087f9/datanode-2/meta/datanode.id
2020-12-26 01:57:20,879 [Listener at 127.0.0.1/40109] INFO  volume.HddsVolume (HddsVolume.java:<init>(176)) - Creating Volume: /github/workspace/mnt/ozone/hadoop-ozone/integration-test/target/test-dir/MiniOzoneClusterImpl-b0bbc67e-6e78-4c8b-9c9f-814a2ca087f9/datanode-3/data-0/containers/hdds of storage type : DISK and capacity : 9223372036854775807
2020-12-26 01:57:20,880 [Listener at 127.0.0.1/40109] INFO  volume.MutableVolumeSet (MutableVolumeSet.java:initializeVolumeSet(179)) - Added Volume : /github/workspace/mnt/ozone/hadoop-ozone/integration-test/target/test-dir/MiniOzoneClusterImpl-b0bbc67e-6e78-4c8b-9c9f-814a2ca087f9/datanode-3/data-0/containers/hdds to VolumeSet
2020-12-26 01:57:20,880 [Listener at 127.0.0.1/40109] INFO  volume.ThrottledAsyncChecker (ThrottledAsyncChecker.java:schedule(141)) - Scheduling a check for /github/workspace/mnt/ozone/hadoop-ozone/integration-test/target/test-dir/MiniOzoneClusterImpl-b0bbc67e-6e78-4c8b-9c9f-814a2ca087f9/datanode-3/data-0/containers/hdds
2020-12-26 01:57:20,880 [Listener at 127.0.0.1/40109] INFO  volume.HddsVolumeChecker (HddsVolumeChecker.java:checkAllVolumes(200)) - Scheduled health check for volume /github/workspace/mnt/ozone/hadoop-ozone/integration-test/target/test-dir/MiniOzoneClusterImpl-b0bbc67e-6e78-4c8b-9c9f-814a2ca087f9/datanode-3/data-0/containers/hdds
2020-12-26 01:57:20,896 [Thread-2425] INFO  ozoneimpl.ContainerReader (ContainerReader.java:readVolume(123)) - Start to verify containers on volume /github/workspace/mnt/ozone/hadoop-ozone/integration-test/target/test-dir/MiniOzoneClusterImpl-b0bbc67e-6e78-4c8b-9c9f-814a2ca087f9/datanode-3/data-0/containers/hdds
2020-12-26 01:57:20,896 [Thread-2425] INFO  ozoneimpl.ContainerReader (ContainerReader.java:readVolume(148)) - Finish verifying containers on volume /github/workspace/mnt/ozone/hadoop-ozone/integration-test/target/test-dir/MiniOzoneClusterImpl-b0bbc67e-6e78-4c8b-9c9f-814a2ca087f9/datanode-3/data-0/containers/hdds
2020-12-26 01:57:20,896 [Listener at 127.0.0.1/40109] INFO  ozoneimpl.OzoneContainer (OzoneContainer.java:buildContainerSet(194)) - Build ContainerSet costs 0s
2020-12-26 01:57:20,897 [Listener at 127.0.0.1/40109] INFO  server.RaftServer (ConfUtils.java:logGet(44)) - raft.rpc.type = GRPC (default)
2020-12-26 01:57:20,899 [Listener at 127.0.0.1/40109] INFO  grpc.GrpcFactory (GrpcFactory.java:checkPooledByteBufAllocatorUseCacheForAllThreads(48)) - PERFORMANCE WARNING: useCacheForAllThreads is true that may cause Netty to create a lot garbage objects and, as a result, trigger GC.
	It is recommended to disable useCacheForAllThreads by setting -Dorg.apache.ratis.thirdparty.io.netty.allocator.useCacheForAllThreads=false in command line.
2020-12-26 01:57:20,899 [Listener at 127.0.0.1/40109] INFO  grpc.GrpcConfigKeys (ConfUtils.java:logGet(44)) - raft.grpc.server.port = 0 (default)
2020-12-26 01:57:20,899 [Listener at 127.0.0.1/40109] INFO  server.GrpcService (ConfUtils.java:logGet(44)) - raft.grpc.message.size.max = 32MB (=33554432) (custom)
2020-12-26 01:57:20,899 [Listener at 127.0.0.1/40109] INFO  server.RaftServerConfigKeys (ConfUtils.java:logGet(44)) - raft.server.log.appender.buffer.byte-limit = 33554432 (custom)
2020-12-26 01:57:20,899 [Listener at 127.0.0.1/40109] INFO  server.GrpcService (ConfUtils.java:logGet(44)) - raft.grpc.flow.control.window = 5MB (=5242880) (custom)
2020-12-26 01:57:20,899 [Listener at 127.0.0.1/40109] INFO  server.RaftServerConfigKeys (ConfUtils.java:logGet(44)) - raft.server.rpc.request.timeout = 3000ms (default)
2020-12-26 01:57:20,900 [Listener at 127.0.0.1/40109] INFO  impl.DataStreamServerImpl (ConfUtils.java:logGet(44)) - raft.datastream.type = DISABLED (default)
2020-12-26 01:57:20,900 [Listener at 127.0.0.1/40109] INFO  server.RaftServerConfigKeys (ConfUtils.java:logGet(44)) - raft.server.rpc.slowness.timeout = 300000ms (custom)
2020-12-26 01:57:20,900 [Listener at 127.0.0.1/40109] INFO  server.RaftServerConfigKeys (ConfUtils.java:logGet(44)) - raft.server.leaderelection.leader.step-down.wait-time = 10s (default)
2020-12-26 01:57:20,901 [Listener at 127.0.0.1/40109] INFO  server.RaftServerConfigKeys (ConfUtils.java:logGet(44)) - raft.server.storage.dir = [/github/workspace/mnt/ozone/hadoop-ozone/integration-test/target/test-dir/MiniOzoneClusterImpl-b0bbc67e-6e78-4c8b-9c9f-814a2ca087f9/datanode-3/data/ratis] (custom)
2020-12-26 01:57:20,906 [Listener at 127.0.0.1/40109] INFO  http.BaseHttpServer (BaseHttpServer.java:newHttpServer2BuilderForOzone(207)) - Starting Web-server for hddsDatanode at: http://0.0.0.0:0
2020-12-26 01:57:20,906 [Listener at 127.0.0.1/40109] INFO  http.BaseHttpServer (BaseHttpServer.java:<init>(106)) - Hadoop Security Enabled: false Ozone Security Enabled: false Ozone HTTP Security Enabled: false 
2020-12-26 01:57:20,907 [Listener at 127.0.0.1/40109] INFO  server.AuthenticationFilter (AuthenticationFilter.java:constructSecretProvider(240)) - Unable to initialize FileSignerSecretProvider, falling back to use random secrets.
2020-12-26 01:57:20,908 [Listener at 127.0.0.1/40109] WARN  http.HttpRequestLog (HttpRequestLog.java:getRequestLog(103)) - Jetty request log can only be enabled using Log4j
2020-12-26 01:57:20,908 [Listener at 127.0.0.1/40109] INFO  http.HttpServer2 (HttpServer2.java:addGlobalFilter(1020)) - Added global filter 'safety' (class=org.apache.hadoop.hdds.server.http.HttpServer2$QuotingInputFilter)
2020-12-26 01:57:20,909 [Listener at 127.0.0.1/40109] INFO  http.HttpServer2 (HttpServer2.java:addFilter(996)) - Added filter static_user_filter (class=org.apache.hadoop.http.lib.StaticUserWebFilter$StaticUserFilter) to context hddsDatanode
2020-12-26 01:57:20,909 [Listener at 127.0.0.1/40109] INFO  http.HttpServer2 (HttpServer2.java:addFilter(1004)) - Added filter static_user_filter (class=org.apache.hadoop.http.lib.StaticUserWebFilter$StaticUserFilter) to context logs
2020-12-26 01:57:20,909 [Listener at 127.0.0.1/40109] INFO  http.HttpServer2 (HttpServer2.java:addFilter(1004)) - Added filter static_user_filter (class=org.apache.hadoop.http.lib.StaticUserWebFilter$StaticUserFilter) to context static
2020-12-26 01:57:20,909 [Listener at 127.0.0.1/40109] INFO  http.HttpServer2 (HttpServer2.java:bindListener(1238)) - Jetty bound to port 42199
2020-12-26 01:57:20,909 [Listener at 127.0.0.1/40109] INFO  server.Server (Server.java:doStart(375)) - jetty-9.4.34.v20201102; built: 2020-11-02T14:15:39.302Z; git: e46af88704a893fc12cb0e3bf46e2c7b48a009e7; jvm 1.8.0_232-b09
2020-12-26 01:57:20,910 [Listener at 127.0.0.1/40109] INFO  server.session (DefaultSessionIdManager.java:doStart(334)) - DefaultSessionIdManager workerName=node0
2020-12-26 01:57:20,910 [Listener at 127.0.0.1/40109] INFO  server.session (DefaultSessionIdManager.java:doStart(339)) - No SessionScavenger set, using defaults
2020-12-26 01:57:20,910 [Listener at 127.0.0.1/40109] INFO  server.session (HouseKeeper.java:startScavenging(132)) - node0 Scavenging every 660000ms
2020-12-26 01:57:20,911 [Listener at 127.0.0.1/40109] INFO  handler.ContextHandler (ContextHandler.java:doStart(916)) - Started o.e.j.s.ServletContextHandler@7891e6f4{logs,/logs,file:///github/workspace/mnt/ozone/hadoop-ozone/integration-test/target/log,AVAILABLE}
2020-12-26 01:57:20,911 [Listener at 127.0.0.1/40109] INFO  handler.ContextHandler (ContextHandler.java:doStart(916)) - Started o.e.j.s.ServletContextHandler@1078158e{static,/static,jar:file:/home/user/.m2/repository/org/apache/hadoop/hadoop-hdds-container-service/1.1.0-SNAPSHOT/hadoop-hdds-container-service-1.1.0-SNAPSHOT.jar!/webapps/static,AVAILABLE}
2020-12-26 01:57:21,064 [Listener at 127.0.0.1/40109] INFO  handler.ContextHandler (ContextHandler.java:doStart(916)) - Started o.e.j.w.WebAppContext@333316ca{hddsDatanode,/,file:///tmp/jetty-0_0_0_0-42199-hadoop-hdds-container-service-1_1_0-SNAPSHOT_jar-_-any-8248690163529940122/webapp/,AVAILABLE}{jar:file:/home/user/.m2/repository/org/apache/hadoop/hadoop-hdds-container-service/1.1.0-SNAPSHOT/hadoop-hdds-container-service-1.1.0-SNAPSHOT.jar!/webapps/hddsDatanode}
2020-12-26 01:57:21,066 [Listener at 127.0.0.1/40109] INFO  server.AbstractConnector (AbstractConnector.java:doStart(331)) - Started ServerConnector@62c3fb2d{HTTP/1.1, (http/1.1)}{0.0.0.0:42199}
2020-12-26 01:57:21,066 [Listener at 127.0.0.1/40109] INFO  server.Server (Server.java:doStart(415)) - Started @283754ms
2020-12-26 01:57:21,066 [Listener at 127.0.0.1/40109] WARN  impl.MetricsSystemImpl (MetricsSystemImpl.java:register(276)) - Sink prometheus already exists!
2020-12-26 01:57:21,071 [Listener at 127.0.0.1/40109] INFO  http.BaseHttpServer (BaseHttpServer.java:updateConnectorAddress(327)) - HTTP server of hddsDatanode listening at http://0.0.0.0:42199
2020-12-26 01:57:21,071 [Listener at 127.0.0.1/40109] INFO  impl.MetricsSystemImpl (MetricsSystemImpl.java:init(158)) - HddsDatanode metrics system started (again)
2020-12-26 01:57:21,073 [Listener at 127.0.0.1/40109] INFO  ozone.HddsDatanodeService (HddsDatanodeService.java:start(217)) - HddsDatanodeService host:140068b710f1 ip:172.17.0.2
2020-12-26 01:57:21,073 [Listener at 127.0.0.1/40109] INFO  volume.HddsVolume (HddsVolume.java:<init>(176)) - Creating Volume: /github/workspace/mnt/ozone/hadoop-ozone/integration-test/target/test-dir/MiniOzoneClusterImpl-b0bbc67e-6e78-4c8b-9c9f-814a2ca087f9/datanode-4/data-0/containers/hdds of storage type : DISK and capacity : 9223372036854775807
2020-12-26 01:57:21,074 [Listener at 127.0.0.1/40109] INFO  volume.MutableVolumeSet (MutableVolumeSet.java:initializeVolumeSet(179)) - Added Volume : /github/workspace/mnt/ozone/hadoop-ozone/integration-test/target/test-dir/MiniOzoneClusterImpl-b0bbc67e-6e78-4c8b-9c9f-814a2ca087f9/datanode-4/data-0/containers/hdds to VolumeSet
2020-12-26 01:57:21,074 [Listener at 127.0.0.1/40109] INFO  volume.ThrottledAsyncChecker (ThrottledAsyncChecker.java:schedule(141)) - Scheduling a check for /github/workspace/mnt/ozone/hadoop-ozone/integration-test/target/test-dir/MiniOzoneClusterImpl-b0bbc67e-6e78-4c8b-9c9f-814a2ca087f9/datanode-4/data-0/containers/hdds
2020-12-26 01:57:21,084 [Listener at 127.0.0.1/40109] INFO  volume.HddsVolumeChecker (HddsVolumeChecker.java:checkAllVolumes(200)) - Scheduled health check for volume /github/workspace/mnt/ozone/hadoop-ozone/integration-test/target/test-dir/MiniOzoneClusterImpl-b0bbc67e-6e78-4c8b-9c9f-814a2ca087f9/datanode-4/data-0/containers/hdds
2020-12-26 01:57:21,103 [Thread-2434] INFO  ozoneimpl.ContainerReader (ContainerReader.java:readVolume(123)) - Start to verify containers on volume /github/workspace/mnt/ozone/hadoop-ozone/integration-test/target/test-dir/MiniOzoneClusterImpl-b0bbc67e-6e78-4c8b-9c9f-814a2ca087f9/datanode-4/data-0/containers/hdds
2020-12-26 01:57:21,103 [Thread-2434] INFO  ozoneimpl.ContainerReader (ContainerReader.java:readVolume(148)) - Finish verifying containers on volume /github/workspace/mnt/ozone/hadoop-ozone/integration-test/target/test-dir/MiniOzoneClusterImpl-b0bbc67e-6e78-4c8b-9c9f-814a2ca087f9/datanode-4/data-0/containers/hdds
2020-12-26 01:57:21,103 [Listener at 127.0.0.1/40109] INFO  ozoneimpl.OzoneContainer (OzoneContainer.java:buildContainerSet(194)) - Build ContainerSet costs 0s
2020-12-26 01:57:21,104 [Listener at 127.0.0.1/40109] INFO  server.RaftServer (ConfUtils.java:logGet(44)) - raft.rpc.type = GRPC (default)
2020-12-26 01:57:21,105 [Listener at 127.0.0.1/40109] INFO  grpc.GrpcFactory (GrpcFactory.java:checkPooledByteBufAllocatorUseCacheForAllThreads(48)) - PERFORMANCE WARNING: useCacheForAllThreads is true that may cause Netty to create a lot garbage objects and, as a result, trigger GC.
	It is recommended to disable useCacheForAllThreads by setting -Dorg.apache.ratis.thirdparty.io.netty.allocator.useCacheForAllThreads=false in command line.
2020-12-26 01:57:21,105 [Listener at 127.0.0.1/40109] INFO  grpc.GrpcConfigKeys (ConfUtils.java:logGet(44)) - raft.grpc.server.port = 0 (default)
2020-12-26 01:57:21,105 [Listener at 127.0.0.1/40109] INFO  server.GrpcService (ConfUtils.java:logGet(44)) - raft.grpc.message.size.max = 32MB (=33554432) (custom)
2020-12-26 01:57:21,105 [Listener at 127.0.0.1/40109] INFO  server.RaftServerConfigKeys (ConfUtils.java:logGet(44)) - raft.server.log.appender.buffer.byte-limit = 33554432 (custom)
2020-12-26 01:57:21,105 [Listener at 127.0.0.1/40109] INFO  server.GrpcService (ConfUtils.java:logGet(44)) - raft.grpc.flow.control.window = 5MB (=5242880) (custom)
2020-12-26 01:57:21,105 [Listener at 127.0.0.1/40109] INFO  server.RaftServerConfigKeys (ConfUtils.java:logGet(44)) - raft.server.rpc.request.timeout = 3000ms (default)
2020-12-26 01:57:21,106 [Listener at 127.0.0.1/40109] INFO  impl.DataStreamServerImpl (ConfUtils.java:logGet(44)) - raft.datastream.type = DISABLED (default)
2020-12-26 01:57:21,106 [Listener at 127.0.0.1/40109] INFO  server.RaftServerConfigKeys (ConfUtils.java:logGet(44)) - raft.server.rpc.slowness.timeout = 300000ms (custom)
2020-12-26 01:57:21,106 [Listener at 127.0.0.1/40109] INFO  server.RaftServerConfigKeys (ConfUtils.java:logGet(44)) - raft.server.leaderelection.leader.step-down.wait-time = 10s (default)
2020-12-26 01:57:21,107 [Listener at 127.0.0.1/40109] INFO  server.RaftServerConfigKeys (ConfUtils.java:logGet(44)) - raft.server.storage.dir = [/github/workspace/mnt/ozone/hadoop-ozone/integration-test/target/test-dir/MiniOzoneClusterImpl-b0bbc67e-6e78-4c8b-9c9f-814a2ca087f9/datanode-4/data/ratis] (custom)
2020-12-26 01:57:21,111 [org.apache.hadoop.util.JvmPauseMonitor$Monitor@aa42b2b] INFO  util.JvmPauseMonitor (JvmPauseMonitor.java:run(188)) - Starting JVM pause monitor
2020-12-26 01:57:21,112 [Datanode State Machine Task Thread - 0] INFO  datanode.InitDatanodeState (InitDatanodeState.java:persistContainerDatanodeDetails(145)) - DatanodeDetails is persisted to /github/workspace/mnt/ozone/hadoop-ozone/integration-test/target/test-dir/MiniOzoneClusterImpl-b0bbc67e-6e78-4c8b-9c9f-814a2ca087f9/datanode-3/meta/datanode.id
2020-12-26 01:57:21,112 [Listener at 127.0.0.1/40109] INFO  http.BaseHttpServer (BaseHttpServer.java:newHttpServer2BuilderForOzone(207)) - Starting Web-server for hddsDatanode at: http://0.0.0.0:0
2020-12-26 01:57:21,112 [Listener at 127.0.0.1/40109] INFO  http.BaseHttpServer (BaseHttpServer.java:<init>(106)) - Hadoop Security Enabled: false Ozone Security Enabled: false Ozone HTTP Security Enabled: false 
2020-12-26 01:57:21,113 [Listener at 127.0.0.1/40109] INFO  server.AuthenticationFilter (AuthenticationFilter.java:constructSecretProvider(240)) - Unable to initialize FileSignerSecretProvider, falling back to use random secrets.
2020-12-26 01:57:21,113 [Listener at 127.0.0.1/40109] WARN  http.HttpRequestLog (HttpRequestLog.java:getRequestLog(103)) - Jetty request log can only be enabled using Log4j
2020-12-26 01:57:21,114 [Listener at 127.0.0.1/40109] INFO  http.HttpServer2 (HttpServer2.java:addGlobalFilter(1020)) - Added global filter 'safety' (class=org.apache.hadoop.hdds.server.http.HttpServer2$QuotingInputFilter)
2020-12-26 01:57:21,114 [Listener at 127.0.0.1/40109] INFO  http.HttpServer2 (HttpServer2.java:addFilter(996)) - Added filter static_user_filter (class=org.apache.hadoop.http.lib.StaticUserWebFilter$StaticUserFilter) to context hddsDatanode
2020-12-26 01:57:21,114 [Listener at 127.0.0.1/40109] INFO  http.HttpServer2 (HttpServer2.java:addFilter(1004)) - Added filter static_user_filter (class=org.apache.hadoop.http.lib.StaticUserWebFilter$StaticUserFilter) to context logs
2020-12-26 01:57:21,115 [Listener at 127.0.0.1/40109] INFO  http.HttpServer2 (HttpServer2.java:addFilter(1004)) - Added filter static_user_filter (class=org.apache.hadoop.http.lib.StaticUserWebFilter$StaticUserFilter) to context static
2020-12-26 01:57:21,115 [Listener at 127.0.0.1/40109] INFO  http.HttpServer2 (HttpServer2.java:bindListener(1238)) - Jetty bound to port 41619
2020-12-26 01:57:21,115 [Listener at 127.0.0.1/40109] INFO  server.Server (Server.java:doStart(375)) - jetty-9.4.34.v20201102; built: 2020-11-02T14:15:39.302Z; git: e46af88704a893fc12cb0e3bf46e2c7b48a009e7; jvm 1.8.0_232-b09
2020-12-26 01:57:21,119 [Listener at 127.0.0.1/40109] INFO  server.session (DefaultSessionIdManager.java:doStart(334)) - DefaultSessionIdManager workerName=node0
2020-12-26 01:57:21,119 [Listener at 127.0.0.1/40109] INFO  server.session (DefaultSessionIdManager.java:doStart(339)) - No SessionScavenger set, using defaults
2020-12-26 01:57:21,120 [Listener at 127.0.0.1/40109] INFO  server.session (HouseKeeper.java:startScavenging(132)) - node0 Scavenging every 660000ms
2020-12-26 01:57:21,121 [Listener at 127.0.0.1/40109] INFO  handler.ContextHandler (ContextHandler.java:doStart(916)) - Started o.e.j.s.ServletContextHandler@749defcf{logs,/logs,file:///github/workspace/mnt/ozone/hadoop-ozone/integration-test/target/log,AVAILABLE}
2020-12-26 01:57:21,121 [Listener at 127.0.0.1/40109] INFO  handler.ContextHandler (ContextHandler.java:doStart(916)) - Started o.e.j.s.ServletContextHandler@fe134e7{static,/static,jar:file:/home/user/.m2/repository/org/apache/hadoop/hadoop-hdds-container-service/1.1.0-SNAPSHOT/hadoop-hdds-container-service-1.1.0-SNAPSHOT.jar!/webapps/static,AVAILABLE}
2020-12-26 01:57:21,275 [Listener at 127.0.0.1/40109] INFO  handler.ContextHandler (ContextHandler.java:doStart(916)) - Started o.e.j.w.WebAppContext@62e31dcd{hddsDatanode,/,file:///tmp/jetty-0_0_0_0-41619-hadoop-hdds-container-service-1_1_0-SNAPSHOT_jar-_-any-2976761214585573369/webapp/,AVAILABLE}{jar:file:/home/user/.m2/repository/org/apache/hadoop/hadoop-hdds-container-service/1.1.0-SNAPSHOT/hadoop-hdds-container-service-1.1.0-SNAPSHOT.jar!/webapps/hddsDatanode}
2020-12-26 01:57:21,276 [Listener at 127.0.0.1/40109] INFO  server.AbstractConnector (AbstractConnector.java:doStart(331)) - Started ServerConnector@6f2cdc2f{HTTP/1.1, (http/1.1)}{0.0.0.0:41619}
2020-12-26 01:57:21,276 [Listener at 127.0.0.1/40109] INFO  server.Server (Server.java:doStart(415)) - Started @283965ms
2020-12-26 01:57:21,276 [Listener at 127.0.0.1/40109] WARN  impl.MetricsSystemImpl (MetricsSystemImpl.java:register(276)) - Sink prometheus already exists!
2020-12-26 01:57:21,281 [Listener at 127.0.0.1/40109] INFO  http.BaseHttpServer (BaseHttpServer.java:updateConnectorAddress(327)) - HTTP server of hddsDatanode listening at http://0.0.0.0:41619
2020-12-26 01:57:21,282 [Listener at 127.0.0.1/40109] INFO  impl.MetricsSystemImpl (MetricsSystemImpl.java:init(158)) - HddsDatanode metrics system started (again)
2020-12-26 01:57:21,284 [Listener at 127.0.0.1/40109] INFO  ozone.HddsDatanodeService (HddsDatanodeService.java:start(217)) - HddsDatanodeService host:140068b710f1 ip:172.17.0.2
2020-12-26 01:57:21,287 [Listener at 127.0.0.1/40109] INFO  volume.HddsVolume (HddsVolume.java:<init>(176)) - Creating Volume: /github/workspace/mnt/ozone/hadoop-ozone/integration-test/target/test-dir/MiniOzoneClusterImpl-b0bbc67e-6e78-4c8b-9c9f-814a2ca087f9/datanode-5/data-0/containers/hdds of storage type : DISK and capacity : 9223372036854775807
2020-12-26 01:57:21,288 [Listener at 127.0.0.1/40109] INFO  volume.MutableVolumeSet (MutableVolumeSet.java:initializeVolumeSet(179)) - Added Volume : /github/workspace/mnt/ozone/hadoop-ozone/integration-test/target/test-dir/MiniOzoneClusterImpl-b0bbc67e-6e78-4c8b-9c9f-814a2ca087f9/datanode-5/data-0/containers/hdds to VolumeSet
2020-12-26 01:57:21,288 [Listener at 127.0.0.1/40109] INFO  volume.ThrottledAsyncChecker (ThrottledAsyncChecker.java:schedule(141)) - Scheduling a check for /github/workspace/mnt/ozone/hadoop-ozone/integration-test/target/test-dir/MiniOzoneClusterImpl-b0bbc67e-6e78-4c8b-9c9f-814a2ca087f9/datanode-5/data-0/containers/hdds
2020-12-26 01:57:21,288 [org.apache.hadoop.util.JvmPauseMonitor$Monitor@6a254af1] INFO  util.JvmPauseMonitor (JvmPauseMonitor.java:run(188)) - Starting JVM pause monitor
2020-12-26 01:57:21,288 [Listener at 127.0.0.1/40109] INFO  volume.HddsVolumeChecker (HddsVolumeChecker.java:checkAllVolumes(200)) - Scheduled health check for volume /github/workspace/mnt/ozone/hadoop-ozone/integration-test/target/test-dir/MiniOzoneClusterImpl-b0bbc67e-6e78-4c8b-9c9f-814a2ca087f9/datanode-5/data-0/containers/hdds
2020-12-26 01:57:21,292 [Datanode State Machine Task Thread - 0] INFO  datanode.InitDatanodeState (InitDatanodeState.java:persistContainerDatanodeDetails(145)) - DatanodeDetails is persisted to /github/workspace/mnt/ozone/hadoop-ozone/integration-test/target/test-dir/MiniOzoneClusterImpl-b0bbc67e-6e78-4c8b-9c9f-814a2ca087f9/datanode-4/meta/datanode.id
2020-12-26 01:57:21,303 [Thread-2447] INFO  ozoneimpl.ContainerReader (ContainerReader.java:readVolume(123)) - Start to verify containers on volume /github/workspace/mnt/ozone/hadoop-ozone/integration-test/target/test-dir/MiniOzoneClusterImpl-b0bbc67e-6e78-4c8b-9c9f-814a2ca087f9/datanode-5/data-0/containers/hdds
2020-12-26 01:57:21,303 [Thread-2447] INFO  ozoneimpl.ContainerReader (ContainerReader.java:readVolume(148)) - Finish verifying containers on volume /github/workspace/mnt/ozone/hadoop-ozone/integration-test/target/test-dir/MiniOzoneClusterImpl-b0bbc67e-6e78-4c8b-9c9f-814a2ca087f9/datanode-5/data-0/containers/hdds
2020-12-26 01:57:21,303 [Listener at 127.0.0.1/40109] INFO  ozoneimpl.OzoneContainer (OzoneContainer.java:buildContainerSet(194)) - Build ContainerSet costs 0s
2020-12-26 01:57:21,304 [Listener at 127.0.0.1/40109] INFO  server.RaftServer (ConfUtils.java:logGet(44)) - raft.rpc.type = GRPC (default)
2020-12-26 01:57:21,304 [Listener at 127.0.0.1/40109] INFO  grpc.GrpcFactory (GrpcFactory.java:checkPooledByteBufAllocatorUseCacheForAllThreads(48)) - PERFORMANCE WARNING: useCacheForAllThreads is true that may cause Netty to create a lot garbage objects and, as a result, trigger GC.
	It is recommended to disable useCacheForAllThreads by setting -Dorg.apache.ratis.thirdparty.io.netty.allocator.useCacheForAllThreads=false in command line.
2020-12-26 01:57:21,304 [Listener at 127.0.0.1/40109] INFO  grpc.GrpcConfigKeys (ConfUtils.java:logGet(44)) - raft.grpc.server.port = 0 (default)
2020-12-26 01:57:21,304 [Listener at 127.0.0.1/40109] INFO  server.GrpcService (ConfUtils.java:logGet(44)) - raft.grpc.message.size.max = 32MB (=33554432) (custom)
2020-12-26 01:57:21,305 [Listener at 127.0.0.1/40109] INFO  server.RaftServerConfigKeys (ConfUtils.java:logGet(44)) - raft.server.log.appender.buffer.byte-limit = 33554432 (custom)
2020-12-26 01:57:21,305 [Listener at 127.0.0.1/40109] INFO  server.GrpcService (ConfUtils.java:logGet(44)) - raft.grpc.flow.control.window = 5MB (=5242880) (custom)
2020-12-26 01:57:21,305 [Listener at 127.0.0.1/40109] INFO  server.RaftServerConfigKeys (ConfUtils.java:logGet(44)) - raft.server.rpc.request.timeout = 3000ms (default)
2020-12-26 01:57:21,305 [Listener at 127.0.0.1/40109] INFO  impl.DataStreamServerImpl (ConfUtils.java:logGet(44)) - raft.datastream.type = DISABLED (default)
2020-12-26 01:57:21,306 [Listener at 127.0.0.1/40109] INFO  server.RaftServerConfigKeys (ConfUtils.java:logGet(44)) - raft.server.rpc.slowness.timeout = 300000ms (custom)
2020-12-26 01:57:21,306 [Listener at 127.0.0.1/40109] INFO  server.RaftServerConfigKeys (ConfUtils.java:logGet(44)) - raft.server.leaderelection.leader.step-down.wait-time = 10s (default)
2020-12-26 01:57:21,306 [Listener at 127.0.0.1/40109] INFO  server.RaftServerConfigKeys (ConfUtils.java:logGet(44)) - raft.server.storage.dir = [/github/workspace/mnt/ozone/hadoop-ozone/integration-test/target/test-dir/MiniOzoneClusterImpl-b0bbc67e-6e78-4c8b-9c9f-814a2ca087f9/datanode-5/data/ratis] (custom)
2020-12-26 01:57:21,311 [Listener at 127.0.0.1/40109] INFO  http.BaseHttpServer (BaseHttpServer.java:newHttpServer2BuilderForOzone(207)) - Starting Web-server for hddsDatanode at: http://0.0.0.0:0
2020-12-26 01:57:21,311 [Listener at 127.0.0.1/40109] INFO  http.BaseHttpServer (BaseHttpServer.java:<init>(106)) - Hadoop Security Enabled: false Ozone Security Enabled: false Ozone HTTP Security Enabled: false 
2020-12-26 01:57:21,312 [Listener at 127.0.0.1/40109] INFO  server.AuthenticationFilter (AuthenticationFilter.java:constructSecretProvider(240)) - Unable to initialize FileSignerSecretProvider, falling back to use random secrets.
2020-12-26 01:57:21,313 [Listener at 127.0.0.1/40109] WARN  http.HttpRequestLog (HttpRequestLog.java:getRequestLog(103)) - Jetty request log can only be enabled using Log4j
2020-12-26 01:57:21,313 [Listener at 127.0.0.1/40109] INFO  http.HttpServer2 (HttpServer2.java:addGlobalFilter(1020)) - Added global filter 'safety' (class=org.apache.hadoop.hdds.server.http.HttpServer2$QuotingInputFilter)
2020-12-26 01:57:21,313 [Listener at 127.0.0.1/40109] INFO  http.HttpServer2 (HttpServer2.java:addFilter(996)) - Added filter static_user_filter (class=org.apache.hadoop.http.lib.StaticUserWebFilter$StaticUserFilter) to context hddsDatanode
2020-12-26 01:57:21,314 [Listener at 127.0.0.1/40109] INFO  http.HttpServer2 (HttpServer2.java:addFilter(1004)) - Added filter static_user_filter (class=org.apache.hadoop.http.lib.StaticUserWebFilter$StaticUserFilter) to context static
2020-12-26 01:57:21,314 [Listener at 127.0.0.1/40109] INFO  http.HttpServer2 (HttpServer2.java:addFilter(1004)) - Added filter static_user_filter (class=org.apache.hadoop.http.lib.StaticUserWebFilter$StaticUserFilter) to context logs
2020-12-26 01:57:21,314 [Listener at 127.0.0.1/40109] INFO  http.HttpServer2 (HttpServer2.java:bindListener(1238)) - Jetty bound to port 38449
2020-12-26 01:57:21,314 [Listener at 127.0.0.1/40109] INFO  server.Server (Server.java:doStart(375)) - jetty-9.4.34.v20201102; built: 2020-11-02T14:15:39.302Z; git: e46af88704a893fc12cb0e3bf46e2c7b48a009e7; jvm 1.8.0_232-b09
2020-12-26 01:57:21,315 [Listener at 127.0.0.1/40109] INFO  server.session (DefaultSessionIdManager.java:doStart(334)) - DefaultSessionIdManager workerName=node0
2020-12-26 01:57:21,315 [Listener at 127.0.0.1/40109] INFO  server.session (DefaultSessionIdManager.java:doStart(339)) - No SessionScavenger set, using defaults
2020-12-26 01:57:21,315 [Listener at 127.0.0.1/40109] INFO  server.session (HouseKeeper.java:startScavenging(132)) - node0 Scavenging every 600000ms
2020-12-26 01:57:21,316 [Listener at 127.0.0.1/40109] INFO  handler.ContextHandler (ContextHandler.java:doStart(916)) - Started o.e.j.s.ServletContextHandler@78c874bf{logs,/logs,file:///github/workspace/mnt/ozone/hadoop-ozone/integration-test/target/log,AVAILABLE}
2020-12-26 01:57:21,316 [Listener at 127.0.0.1/40109] INFO  handler.ContextHandler (ContextHandler.java:doStart(916)) - Started o.e.j.s.ServletContextHandler@5f0fae7a{static,/static,jar:file:/home/user/.m2/repository/org/apache/hadoop/hadoop-hdds-container-service/1.1.0-SNAPSHOT/hadoop-hdds-container-service-1.1.0-SNAPSHOT.jar!/webapps/static,AVAILABLE}
2020-12-26 01:57:21,465 [Listener at 127.0.0.1/40109] INFO  handler.ContextHandler (ContextHandler.java:doStart(916)) - Started o.e.j.w.WebAppContext@236e2b05{hddsDatanode,/,file:///tmp/jetty-0_0_0_0-38449-hadoop-hdds-container-service-1_1_0-SNAPSHOT_jar-_-any-3811559923128650728/webapp/,AVAILABLE}{jar:file:/home/user/.m2/repository/org/apache/hadoop/hadoop-hdds-container-service/1.1.0-SNAPSHOT/hadoop-hdds-container-service-1.1.0-SNAPSHOT.jar!/webapps/hddsDatanode}
2020-12-26 01:57:21,466 [Listener at 127.0.0.1/40109] INFO  server.AbstractConnector (AbstractConnector.java:doStart(331)) - Started ServerConnector@34929119{HTTP/1.1, (http/1.1)}{0.0.0.0:38449}
2020-12-26 01:57:21,466 [Listener at 127.0.0.1/40109] INFO  server.Server (Server.java:doStart(415)) - Started @284155ms
2020-12-26 01:57:21,466 [Listener at 127.0.0.1/40109] WARN  impl.MetricsSystemImpl (MetricsSystemImpl.java:register(276)) - Sink prometheus already exists!
2020-12-26 01:57:21,481 [Listener at 127.0.0.1/40109] INFO  http.BaseHttpServer (BaseHttpServer.java:updateConnectorAddress(327)) - HTTP server of hddsDatanode listening at http://0.0.0.0:38449
2020-12-26 01:57:21,491 [Listener at 127.0.0.1/40109] INFO  impl.MetricsSystemImpl (MetricsSystemImpl.java:init(158)) - HddsDatanode metrics system started (again)
2020-12-26 01:57:21,493 [Listener at 127.0.0.1/40109] INFO  ozone.HddsDatanodeService (HddsDatanodeService.java:start(217)) - HddsDatanodeService host:140068b710f1 ip:172.17.0.2
2020-12-26 01:57:21,494 [Listener at 127.0.0.1/40109] INFO  volume.HddsVolume (HddsVolume.java:<init>(176)) - Creating Volume: /github/workspace/mnt/ozone/hadoop-ozone/integration-test/target/test-dir/MiniOzoneClusterImpl-b0bbc67e-6e78-4c8b-9c9f-814a2ca087f9/datanode-6/data-0/containers/hdds of storage type : DISK and capacity : 9223372036854775807
2020-12-26 01:57:21,494 [Listener at 127.0.0.1/40109] INFO  volume.MutableVolumeSet (MutableVolumeSet.java:initializeVolumeSet(179)) - Added Volume : /github/workspace/mnt/ozone/hadoop-ozone/integration-test/target/test-dir/MiniOzoneClusterImpl-b0bbc67e-6e78-4c8b-9c9f-814a2ca087f9/datanode-6/data-0/containers/hdds to VolumeSet
2020-12-26 01:57:21,494 [Listener at 127.0.0.1/40109] INFO  volume.ThrottledAsyncChecker (ThrottledAsyncChecker.java:schedule(141)) - Scheduling a check for /github/workspace/mnt/ozone/hadoop-ozone/integration-test/target/test-dir/MiniOzoneClusterImpl-b0bbc67e-6e78-4c8b-9c9f-814a2ca087f9/datanode-6/data-0/containers/hdds
2020-12-26 01:57:21,494 [org.apache.hadoop.util.JvmPauseMonitor$Monitor@42c3d0cc] INFO  util.JvmPauseMonitor (JvmPauseMonitor.java:run(188)) - Starting JVM pause monitor
2020-12-26 01:57:21,495 [Listener at 127.0.0.1/40109] INFO  volume.HddsVolumeChecker (HddsVolumeChecker.java:checkAllVolumes(200)) - Scheduled health check for volume /github/workspace/mnt/ozone/hadoop-ozone/integration-test/target/test-dir/MiniOzoneClusterImpl-b0bbc67e-6e78-4c8b-9c9f-814a2ca087f9/datanode-6/data-0/containers/hdds
2020-12-26 01:57:21,495 [Datanode State Machine Task Thread - 0] INFO  datanode.InitDatanodeState (InitDatanodeState.java:persistContainerDatanodeDetails(145)) - DatanodeDetails is persisted to /github/workspace/mnt/ozone/hadoop-ozone/integration-test/target/test-dir/MiniOzoneClusterImpl-b0bbc67e-6e78-4c8b-9c9f-814a2ca087f9/datanode-5/meta/datanode.id
2020-12-26 01:57:21,508 [Thread-2458] INFO  ozoneimpl.ContainerReader (ContainerReader.java:readVolume(123)) - Start to verify containers on volume /github/workspace/mnt/ozone/hadoop-ozone/integration-test/target/test-dir/MiniOzoneClusterImpl-b0bbc67e-6e78-4c8b-9c9f-814a2ca087f9/datanode-6/data-0/containers/hdds
2020-12-26 01:57:21,508 [Thread-2458] INFO  ozoneimpl.ContainerReader (ContainerReader.java:readVolume(148)) - Finish verifying containers on volume /github/workspace/mnt/ozone/hadoop-ozone/integration-test/target/test-dir/MiniOzoneClusterImpl-b0bbc67e-6e78-4c8b-9c9f-814a2ca087f9/datanode-6/data-0/containers/hdds
2020-12-26 01:57:21,508 [Listener at 127.0.0.1/40109] INFO  ozoneimpl.OzoneContainer (OzoneContainer.java:buildContainerSet(194)) - Build ContainerSet costs 0s
2020-12-26 01:57:21,509 [Listener at 127.0.0.1/40109] INFO  server.RaftServer (ConfUtils.java:logGet(44)) - raft.rpc.type = GRPC (default)
2020-12-26 01:57:21,509 [Listener at 127.0.0.1/40109] INFO  grpc.GrpcFactory (GrpcFactory.java:checkPooledByteBufAllocatorUseCacheForAllThreads(48)) - PERFORMANCE WARNING: useCacheForAllThreads is true that may cause Netty to create a lot garbage objects and, as a result, trigger GC.
	It is recommended to disable useCacheForAllThreads by setting -Dorg.apache.ratis.thirdparty.io.netty.allocator.useCacheForAllThreads=false in command line.
2020-12-26 01:57:21,509 [Listener at 127.0.0.1/40109] INFO  grpc.GrpcConfigKeys (ConfUtils.java:logGet(44)) - raft.grpc.server.port = 0 (default)
2020-12-26 01:57:21,509 [Listener at 127.0.0.1/40109] INFO  server.GrpcService (ConfUtils.java:logGet(44)) - raft.grpc.message.size.max = 32MB (=33554432) (custom)
2020-12-26 01:57:21,509 [Listener at 127.0.0.1/40109] INFO  server.RaftServerConfigKeys (ConfUtils.java:logGet(44)) - raft.server.log.appender.buffer.byte-limit = 33554432 (custom)
2020-12-26 01:57:21,510 [Listener at 127.0.0.1/40109] INFO  server.GrpcService (ConfUtils.java:logGet(44)) - raft.grpc.flow.control.window = 5MB (=5242880) (custom)
2020-12-26 01:57:21,510 [Listener at 127.0.0.1/40109] INFO  server.RaftServerConfigKeys (ConfUtils.java:logGet(44)) - raft.server.rpc.request.timeout = 3000ms (default)
2020-12-26 01:57:21,510 [Listener at 127.0.0.1/40109] INFO  impl.DataStreamServerImpl (ConfUtils.java:logGet(44)) - raft.datastream.type = DISABLED (default)
2020-12-26 01:57:21,511 [Listener at 127.0.0.1/40109] INFO  server.RaftServerConfigKeys (ConfUtils.java:logGet(44)) - raft.server.rpc.slowness.timeout = 300000ms (custom)
2020-12-26 01:57:21,511 [Listener at 127.0.0.1/40109] INFO  server.RaftServerConfigKeys (ConfUtils.java:logGet(44)) - raft.server.leaderelection.leader.step-down.wait-time = 10s (default)
2020-12-26 01:57:21,511 [Listener at 127.0.0.1/40109] INFO  server.RaftServerConfigKeys (ConfUtils.java:logGet(44)) - raft.server.storage.dir = [/github/workspace/mnt/ozone/hadoop-ozone/integration-test/target/test-dir/MiniOzoneClusterImpl-b0bbc67e-6e78-4c8b-9c9f-814a2ca087f9/datanode-6/data/ratis] (custom)
2020-12-26 01:57:21,516 [Listener at 127.0.0.1/40109] INFO  http.BaseHttpServer (BaseHttpServer.java:newHttpServer2BuilderForOzone(207)) - Starting Web-server for hddsDatanode at: http://0.0.0.0:0
2020-12-26 01:57:21,516 [Listener at 127.0.0.1/40109] INFO  http.BaseHttpServer (BaseHttpServer.java:<init>(106)) - Hadoop Security Enabled: false Ozone Security Enabled: false Ozone HTTP Security Enabled: false 
2020-12-26 01:57:21,517 [Listener at 127.0.0.1/40109] INFO  server.AuthenticationFilter (AuthenticationFilter.java:constructSecretProvider(240)) - Unable to initialize FileSignerSecretProvider, falling back to use random secrets.
2020-12-26 01:57:21,522 [Listener at 127.0.0.1/40109] WARN  http.HttpRequestLog (HttpRequestLog.java:getRequestLog(103)) - Jetty request log can only be enabled using Log4j
2020-12-26 01:57:21,522 [Listener at 127.0.0.1/40109] INFO  http.HttpServer2 (HttpServer2.java:addGlobalFilter(1020)) - Added global filter 'safety' (class=org.apache.hadoop.hdds.server.http.HttpServer2$QuotingInputFilter)
2020-12-26 01:57:21,523 [Listener at 127.0.0.1/40109] INFO  http.HttpServer2 (HttpServer2.java:addFilter(996)) - Added filter static_user_filter (class=org.apache.hadoop.http.lib.StaticUserWebFilter$StaticUserFilter) to context hddsDatanode
2020-12-26 01:57:21,523 [Listener at 127.0.0.1/40109] INFO  http.HttpServer2 (HttpServer2.java:addFilter(1004)) - Added filter static_user_filter (class=org.apache.hadoop.http.lib.StaticUserWebFilter$StaticUserFilter) to context logs
2020-12-26 01:57:21,523 [Listener at 127.0.0.1/40109] INFO  http.HttpServer2 (HttpServer2.java:addFilter(1004)) - Added filter static_user_filter (class=org.apache.hadoop.http.lib.StaticUserWebFilter$StaticUserFilter) to context static
2020-12-26 01:57:21,523 [Listener at 127.0.0.1/40109] INFO  http.HttpServer2 (HttpServer2.java:bindListener(1238)) - Jetty bound to port 36359
2020-12-26 01:57:21,524 [Listener at 127.0.0.1/40109] INFO  server.Server (Server.java:doStart(375)) - jetty-9.4.34.v20201102; built: 2020-11-02T14:15:39.302Z; git: e46af88704a893fc12cb0e3bf46e2c7b48a009e7; jvm 1.8.0_232-b09
2020-12-26 01:57:21,527 [Listener at 127.0.0.1/40109] INFO  server.session (DefaultSessionIdManager.java:doStart(334)) - DefaultSessionIdManager workerName=node0
2020-12-26 01:57:21,527 [Listener at 127.0.0.1/40109] INFO  server.session (DefaultSessionIdManager.java:doStart(339)) - No SessionScavenger set, using defaults
2020-12-26 01:57:21,527 [Listener at 127.0.0.1/40109] INFO  server.session (HouseKeeper.java:startScavenging(132)) - node0 Scavenging every 600000ms
2020-12-26 01:57:21,528 [Listener at 127.0.0.1/40109] INFO  handler.ContextHandler (ContextHandler.java:doStart(916)) - Started o.e.j.s.ServletContextHandler@7f1a5869{logs,/logs,file:///github/workspace/mnt/ozone/hadoop-ozone/integration-test/target/log,AVAILABLE}
2020-12-26 01:57:21,528 [Listener at 127.0.0.1/40109] INFO  handler.ContextHandler (ContextHandler.java:doStart(916)) - Started o.e.j.s.ServletContextHandler@46a66592{static,/static,jar:file:/home/user/.m2/repository/org/apache/hadoop/hadoop-hdds-container-service/1.1.0-SNAPSHOT/hadoop-hdds-container-service-1.1.0-SNAPSHOT.jar!/webapps/static,AVAILABLE}
2020-12-26 01:57:21,673 [Listener at 127.0.0.1/40109] INFO  handler.ContextHandler (ContextHandler.java:doStart(916)) - Started o.e.j.w.WebAppContext@57567cc8{hddsDatanode,/,file:///tmp/jetty-0_0_0_0-36359-hadoop-hdds-container-service-1_1_0-SNAPSHOT_jar-_-any-4813279085385719266/webapp/,AVAILABLE}{jar:file:/home/user/.m2/repository/org/apache/hadoop/hadoop-hdds-container-service/1.1.0-SNAPSHOT/hadoop-hdds-container-service-1.1.0-SNAPSHOT.jar!/webapps/hddsDatanode}
2020-12-26 01:57:21,680 [Listener at 127.0.0.1/40109] INFO  server.AbstractConnector (AbstractConnector.java:doStart(331)) - Started ServerConnector@64c24d75{HTTP/1.1, (http/1.1)}{0.0.0.0:36359}
2020-12-26 01:57:21,680 [Listener at 127.0.0.1/40109] INFO  server.Server (Server.java:doStart(415)) - Started @284368ms
2020-12-26 01:57:21,680 [Listener at 127.0.0.1/40109] WARN  impl.MetricsSystemImpl (MetricsSystemImpl.java:register(276)) - Sink prometheus already exists!
2020-12-26 01:57:21,684 [Listener at 127.0.0.1/40109] INFO  http.BaseHttpServer (BaseHttpServer.java:updateConnectorAddress(327)) - HTTP server of hddsDatanode listening at http://0.0.0.0:36359
2020-12-26 01:57:21,685 [Listener at 127.0.0.1/40109] INFO  ozone.MiniOzoneClusterImpl (MiniOzoneClusterImpl.java:lambda$waitForClusterToBeReady$0(178)) - Waiting for nodes to be ready. Got 0 of 7 DN Heartbeats.
2020-12-26 01:57:21,685 [Listener at 127.0.0.1/40109] INFO  ozone.MiniOzoneClusterImpl (MiniOzoneClusterImpl.java:lambda$waitForClusterToBeReady$0(181)) - Waiting for cluster to exit safe mode
2020-12-26 01:57:21,695 [org.apache.hadoop.util.JvmPauseMonitor$Monitor@1ed4b862] INFO  util.JvmPauseMonitor (JvmPauseMonitor.java:run(188)) - Starting JVM pause monitor
2020-12-26 01:57:21,697 [Datanode State Machine Task Thread - 0] INFO  datanode.InitDatanodeState (InitDatanodeState.java:persistContainerDatanodeDetails(145)) - DatanodeDetails is persisted to /github/workspace/mnt/ozone/hadoop-ozone/integration-test/target/test-dir/MiniOzoneClusterImpl-b0bbc67e-6e78-4c8b-9c9f-814a2ca087f9/datanode-6/meta/datanode.id
2020-12-26 01:57:22,482 [EndpointStateMachine task thread for /0.0.0.0:46147 - 0 ] INFO  ozoneimpl.OzoneContainer (OzoneContainer.java:start(243)) - Attempting to start container services.
2020-12-26 01:57:22,483 [EndpointStateMachine task thread for /0.0.0.0:46147 - 0 ] INFO  ozoneimpl.OzoneContainer (OzoneContainer.java:startContainerScrub(207)) - Background container scanner has been disabled.
2020-12-26 01:57:22,483 [EndpointStateMachine task thread for /0.0.0.0:46147 - 0 ] INFO  ratis.XceiverServerRatis (XceiverServerRatis.java:start(455)) - Starting XceiverServerRatis c7c2d1d0-24bf-4086-b8ac-f9c9c7e07f42 at port 0
2020-12-26 01:57:22,483 [EndpointStateMachine task thread for /0.0.0.0:46147 - 0 ] INFO  server.RaftServer (RaftServerProxy.java:lambda$start$5(370)) - c7c2d1d0-24bf-4086-b8ac-f9c9c7e07f42: start RPC server
2020-12-26 01:57:22,484 [EndpointStateMachine task thread for /0.0.0.0:46147 - 0 ] INFO  server.GrpcService (GrpcService.java:startImpl(177)) - c7c2d1d0-24bf-4086-b8ac-f9c9c7e07f42: GrpcService started, listening on 0.0.0.0/0.0.0.0:44251
2020-12-26 01:57:22,484 [EndpointStateMachine task thread for /0.0.0.0:46147 - 0 ] INFO  ratis.XceiverServerRatis (XceiverServerRatis.java:start(467)) - XceiverServerRatis c7c2d1d0-24bf-4086-b8ac-f9c9c7e07f42 is started using port 44251
2020-12-26 01:57:22,484 [org.apache.ratis.util.JvmPauseMonitor$$Lambda$221/688841144@6b6e7fbe] INFO  util.JvmPauseMonitor (JvmPauseMonitor.java:run(103)) - JvmPauseMonitor-c7c2d1d0-24bf-4086-b8ac-f9c9c7e07f42: Started
2020-12-26 01:57:22,485 [EndpointStateMachine task thread for /0.0.0.0:46147 - 0 ] INFO  server.XceiverServerGrpc (XceiverServerGrpc.java:start(145)) - XceiverServerGrpc c7c2d1d0-24bf-4086-b8ac-f9c9c7e07f42 is started using port 34741
2020-12-26 01:57:22,679 [EndpointStateMachine task thread for /0.0.0.0:46147 - 0 ] INFO  ozoneimpl.OzoneContainer (OzoneContainer.java:start(243)) - Attempting to start container services.
2020-12-26 01:57:22,679 [EndpointStateMachine task thread for /0.0.0.0:46147 - 0 ] INFO  ozoneimpl.OzoneContainer (OzoneContainer.java:startContainerScrub(207)) - Background container scanner has been disabled.
2020-12-26 01:57:22,679 [EndpointStateMachine task thread for /0.0.0.0:46147 - 0 ] INFO  ratis.XceiverServerRatis (XceiverServerRatis.java:start(455)) - Starting XceiverServerRatis a9229adb-278c-43ef-9666-e3cbf980c0ea at port 0
2020-12-26 01:57:22,680 [EndpointStateMachine task thread for /0.0.0.0:46147 - 0 ] INFO  server.RaftServer (RaftServerProxy.java:lambda$start$5(370)) - a9229adb-278c-43ef-9666-e3cbf980c0ea: start RPC server
2020-12-26 01:57:22,680 [EndpointStateMachine task thread for /0.0.0.0:46147 - 0 ] INFO  server.GrpcService (GrpcService.java:startImpl(177)) - a9229adb-278c-43ef-9666-e3cbf980c0ea: GrpcService started, listening on 0.0.0.0/0.0.0.0:43985
2020-12-26 01:57:22,681 [EndpointStateMachine task thread for /0.0.0.0:46147 - 0 ] INFO  ratis.XceiverServerRatis (XceiverServerRatis.java:start(467)) - XceiverServerRatis a9229adb-278c-43ef-9666-e3cbf980c0ea is started using port 43985
2020-12-26 01:57:22,681 [org.apache.ratis.util.JvmPauseMonitor$$Lambda$221/688841144@5bccd1f1] INFO  util.JvmPauseMonitor (JvmPauseMonitor.java:run(103)) - JvmPauseMonitor-a9229adb-278c-43ef-9666-e3cbf980c0ea: Started
2020-12-26 01:57:22,681 [EndpointStateMachine task thread for /0.0.0.0:46147 - 0 ] INFO  server.XceiverServerGrpc (XceiverServerGrpc.java:start(145)) - XceiverServerGrpc a9229adb-278c-43ef-9666-e3cbf980c0ea is started using port 39659
2020-12-26 01:57:22,685 [Listener at 127.0.0.1/40109] INFO  ozone.MiniOzoneClusterImpl (MiniOzoneClusterImpl.java:lambda$waitForClusterToBeReady$0(178)) - Waiting for nodes to be ready. Got 0 of 7 DN Heartbeats.
2020-12-26 01:57:22,685 [Listener at 127.0.0.1/40109] INFO  ozone.MiniOzoneClusterImpl (MiniOzoneClusterImpl.java:lambda$waitForClusterToBeReady$0(181)) - Waiting for cluster to exit safe mode
2020-12-26 01:57:22,880 [EndpointStateMachine task thread for /0.0.0.0:46147 - 0 ] INFO  ozoneimpl.OzoneContainer (OzoneContainer.java:start(243)) - Attempting to start container services.
2020-12-26 01:57:22,880 [EndpointStateMachine task thread for /0.0.0.0:46147 - 0 ] INFO  ozoneimpl.OzoneContainer (OzoneContainer.java:startContainerScrub(207)) - Background container scanner has been disabled.
2020-12-26 01:57:22,880 [EndpointStateMachine task thread for /0.0.0.0:46147 - 0 ] INFO  ratis.XceiverServerRatis (XceiverServerRatis.java:start(455)) - Starting XceiverServerRatis 03a4ab30-7c3b-428c-926c-31d823ed78af at port 0
2020-12-26 01:57:22,880 [EndpointStateMachine task thread for /0.0.0.0:46147 - 0 ] INFO  server.RaftServer (RaftServerProxy.java:lambda$start$5(370)) - 03a4ab30-7c3b-428c-926c-31d823ed78af: start RPC server
2020-12-26 01:57:22,881 [EndpointStateMachine task thread for /0.0.0.0:46147 - 0 ] INFO  server.GrpcService (GrpcService.java:startImpl(177)) - 03a4ab30-7c3b-428c-926c-31d823ed78af: GrpcService started, listening on 0.0.0.0/0.0.0.0:35853
2020-12-26 01:57:22,881 [EndpointStateMachine task thread for /0.0.0.0:46147 - 0 ] INFO  ratis.XceiverServerRatis (XceiverServerRatis.java:start(467)) - XceiverServerRatis 03a4ab30-7c3b-428c-926c-31d823ed78af is started using port 35853
2020-12-26 01:57:22,881 [org.apache.ratis.util.JvmPauseMonitor$$Lambda$221/688841144@f05fd53] INFO  util.JvmPauseMonitor (JvmPauseMonitor.java:run(103)) - JvmPauseMonitor-03a4ab30-7c3b-428c-926c-31d823ed78af: Started
2020-12-26 01:57:22,882 [EndpointStateMachine task thread for /0.0.0.0:46147 - 0 ] INFO  server.XceiverServerGrpc (XceiverServerGrpc.java:start(145)) - XceiverServerGrpc 03a4ab30-7c3b-428c-926c-31d823ed78af is started using port 44299
2020-12-26 01:57:23,114 [EndpointStateMachine task thread for /0.0.0.0:46147 - 0 ] INFO  ozoneimpl.OzoneContainer (OzoneContainer.java:start(243)) - Attempting to start container services.
2020-12-26 01:57:23,114 [EndpointStateMachine task thread for /0.0.0.0:46147 - 0 ] INFO  ozoneimpl.OzoneContainer (OzoneContainer.java:startContainerScrub(207)) - Background container scanner has been disabled.
2020-12-26 01:57:23,114 [EndpointStateMachine task thread for /0.0.0.0:46147 - 0 ] INFO  ratis.XceiverServerRatis (XceiverServerRatis.java:start(455)) - Starting XceiverServerRatis 73c99ad5-410f-4ffb-8408-ddbdb29ea4d0 at port 0
2020-12-26 01:57:23,115 [EndpointStateMachine task thread for /0.0.0.0:46147 - 0 ] INFO  server.RaftServer (RaftServerProxy.java:lambda$start$5(370)) - 73c99ad5-410f-4ffb-8408-ddbdb29ea4d0: start RPC server
2020-12-26 01:57:23,118 [EndpointStateMachine task thread for /0.0.0.0:46147 - 0 ] INFO  server.GrpcService (GrpcService.java:startImpl(177)) - 73c99ad5-410f-4ffb-8408-ddbdb29ea4d0: GrpcService started, listening on 0.0.0.0/0.0.0.0:39033
2020-12-26 01:57:23,118 [EndpointStateMachine task thread for /0.0.0.0:46147 - 0 ] INFO  ratis.XceiverServerRatis (XceiverServerRatis.java:start(467)) - XceiverServerRatis 73c99ad5-410f-4ffb-8408-ddbdb29ea4d0 is started using port 39033
2020-12-26 01:57:23,118 [org.apache.ratis.util.JvmPauseMonitor$$Lambda$221/688841144@63db4cbd] INFO  util.JvmPauseMonitor (JvmPauseMonitor.java:run(103)) - JvmPauseMonitor-73c99ad5-410f-4ffb-8408-ddbdb29ea4d0: Started
2020-12-26 01:57:23,119 [EndpointStateMachine task thread for /0.0.0.0:46147 - 0 ] INFO  server.XceiverServerGrpc (XceiverServerGrpc.java:start(145)) - XceiverServerGrpc 73c99ad5-410f-4ffb-8408-ddbdb29ea4d0 is started using port 40921
2020-12-26 01:57:23,290 [EndpointStateMachine task thread for /0.0.0.0:46147 - 0 ] INFO  ozoneimpl.OzoneContainer (OzoneContainer.java:start(243)) - Attempting to start container services.
2020-12-26 01:57:23,290 [EndpointStateMachine task thread for /0.0.0.0:46147 - 0 ] INFO  ozoneimpl.OzoneContainer (OzoneContainer.java:startContainerScrub(207)) - Background container scanner has been disabled.
2020-12-26 01:57:23,290 [EndpointStateMachine task thread for /0.0.0.0:46147 - 0 ] INFO  ratis.XceiverServerRatis (XceiverServerRatis.java:start(455)) - Starting XceiverServerRatis 8e16b57b-a520-4ff3-ab9c-70e7128aded3 at port 0
2020-12-26 01:57:23,291 [EndpointStateMachine task thread for /0.0.0.0:46147 - 0 ] INFO  server.RaftServer (RaftServerProxy.java:lambda$start$5(370)) - 8e16b57b-a520-4ff3-ab9c-70e7128aded3: start RPC server
2020-12-26 01:57:23,292 [EndpointStateMachine task thread for /0.0.0.0:46147 - 0 ] INFO  server.GrpcService (GrpcService.java:startImpl(177)) - 8e16b57b-a520-4ff3-ab9c-70e7128aded3: GrpcService started, listening on 0.0.0.0/0.0.0.0:33447
2020-12-26 01:57:23,292 [EndpointStateMachine task thread for /0.0.0.0:46147 - 0 ] INFO  ratis.XceiverServerRatis (XceiverServerRatis.java:start(467)) - XceiverServerRatis 8e16b57b-a520-4ff3-ab9c-70e7128aded3 is started using port 33447
2020-12-26 01:57:23,292 [org.apache.ratis.util.JvmPauseMonitor$$Lambda$221/688841144@49d0196b] INFO  util.JvmPauseMonitor (JvmPauseMonitor.java:run(103)) - JvmPauseMonitor-8e16b57b-a520-4ff3-ab9c-70e7128aded3: Started
2020-12-26 01:57:23,293 [EndpointStateMachine task thread for /0.0.0.0:46147 - 0 ] INFO  server.XceiverServerGrpc (XceiverServerGrpc.java:start(145)) - XceiverServerGrpc 8e16b57b-a520-4ff3-ab9c-70e7128aded3 is started using port 46111
2020-12-26 01:57:23,498 [EndpointStateMachine task thread for /0.0.0.0:46147 - 0 ] INFO  ozoneimpl.OzoneContainer (OzoneContainer.java:start(243)) - Attempting to start container services.
2020-12-26 01:57:23,498 [EndpointStateMachine task thread for /0.0.0.0:46147 - 0 ] INFO  ozoneimpl.OzoneContainer (OzoneContainer.java:startContainerScrub(207)) - Background container scanner has been disabled.
2020-12-26 01:57:23,498 [EndpointStateMachine task thread for /0.0.0.0:46147 - 0 ] INFO  ratis.XceiverServerRatis (XceiverServerRatis.java:start(455)) - Starting XceiverServerRatis 43af3075-460a-422d-a924-90885968f40d at port 0
2020-12-26 01:57:23,499 [EndpointStateMachine task thread for /0.0.0.0:46147 - 0 ] INFO  server.RaftServer (RaftServerProxy.java:lambda$start$5(370)) - 43af3075-460a-422d-a924-90885968f40d: start RPC server
2020-12-26 01:57:23,500 [EndpointStateMachine task thread for /0.0.0.0:46147 - 0 ] INFO  server.GrpcService (GrpcService.java:startImpl(177)) - 43af3075-460a-422d-a924-90885968f40d: GrpcService started, listening on 0.0.0.0/0.0.0.0:44111
2020-12-26 01:57:23,500 [EndpointStateMachine task thread for /0.0.0.0:46147 - 0 ] INFO  ratis.XceiverServerRatis (XceiverServerRatis.java:start(467)) - XceiverServerRatis 43af3075-460a-422d-a924-90885968f40d is started using port 44111
2020-12-26 01:57:23,500 [org.apache.ratis.util.JvmPauseMonitor$$Lambda$221/688841144@12fdfe8] INFO  util.JvmPauseMonitor (JvmPauseMonitor.java:run(103)) - JvmPauseMonitor-43af3075-460a-422d-a924-90885968f40d: Started
2020-12-26 01:57:23,500 [EndpointStateMachine task thread for /0.0.0.0:46147 - 0 ] INFO  server.XceiverServerGrpc (XceiverServerGrpc.java:start(145)) - XceiverServerGrpc 43af3075-460a-422d-a924-90885968f40d is started using port 36237
2020-12-26 01:57:23,685 [Listener at 127.0.0.1/40109] INFO  ozone.MiniOzoneClusterImpl (MiniOzoneClusterImpl.java:lambda$waitForClusterToBeReady$0(178)) - Waiting for nodes to be ready. Got 0 of 7 DN Heartbeats.
2020-12-26 01:57:23,686 [Listener at 127.0.0.1/40109] INFO  ozone.MiniOzoneClusterImpl (MiniOzoneClusterImpl.java:lambda$waitForClusterToBeReady$0(181)) - Waiting for cluster to exit safe mode
2020-12-26 01:57:23,697 [EndpointStateMachine task thread for /0.0.0.0:46147 - 0 ] INFO  ozoneimpl.OzoneContainer (OzoneContainer.java:start(243)) - Attempting to start container services.
2020-12-26 01:57:23,698 [EndpointStateMachine task thread for /0.0.0.0:46147 - 0 ] INFO  ozoneimpl.OzoneContainer (OzoneContainer.java:startContainerScrub(207)) - Background container scanner has been disabled.
2020-12-26 01:57:23,698 [EndpointStateMachine task thread for /0.0.0.0:46147 - 0 ] INFO  ratis.XceiverServerRatis (XceiverServerRatis.java:start(455)) - Starting XceiverServerRatis 16d33d7f-de85-4153-a986-8f085dcb09ff at port 0
2020-12-26 01:57:23,698 [EndpointStateMachine task thread for /0.0.0.0:46147 - 0 ] INFO  server.RaftServer (RaftServerProxy.java:lambda$start$5(370)) - 16d33d7f-de85-4153-a986-8f085dcb09ff: start RPC server
2020-12-26 01:57:23,699 [EndpointStateMachine task thread for /0.0.0.0:46147 - 0 ] INFO  server.GrpcService (GrpcService.java:startImpl(177)) - 16d33d7f-de85-4153-a986-8f085dcb09ff: GrpcService started, listening on 0.0.0.0/0.0.0.0:35329
2020-12-26 01:57:23,701 [EndpointStateMachine task thread for /0.0.0.0:46147 - 0 ] INFO  ratis.XceiverServerRatis (XceiverServerRatis.java:start(467)) - XceiverServerRatis 16d33d7f-de85-4153-a986-8f085dcb09ff is started using port 35329
2020-12-26 01:57:23,701 [org.apache.ratis.util.JvmPauseMonitor$$Lambda$221/688841144@468a2dfe] INFO  util.JvmPauseMonitor (JvmPauseMonitor.java:run(103)) - JvmPauseMonitor-16d33d7f-de85-4153-a986-8f085dcb09ff: Started
2020-12-26 01:57:23,702 [EndpointStateMachine task thread for /0.0.0.0:46147 - 0 ] INFO  server.XceiverServerGrpc (XceiverServerGrpc.java:start(145)) - XceiverServerGrpc 16d33d7f-de85-4153-a986-8f085dcb09ff is started using port 42129
2020-12-26 01:57:24,476 [IPC Server handler 1 on default port 46147] INFO  net.NetworkTopologyImpl (NetworkTopologyImpl.java:add(111)) - Added a new node: /default-rack/c7c2d1d0-24bf-4086-b8ac-f9c9c7e07f42
2020-12-26 01:57:24,477 [IPC Server handler 1 on default port 46147] INFO  node.SCMNodeManager (SCMNodeManager.java:register(341)) - Registered Data node : c7c2d1d0-24bf-4086-b8ac-f9c9c7e07f42{ip: 172.17.0.2, host: 140068b710f1, networkLocation: /default-rack, certSerialId: null, persistedOpState: IN_SERVICE, persistedOpStateExpiryEpochSec: 0}
2020-12-26 01:57:24,478 [EventQueue-NodeRegistrationContainerReportForDataNodeSafeModeRule] INFO  safemode.SCMSafeModeManager (DataNodeSafeModeRule.java:process(71)) - SCM in safe mode. 1 DataNodes registered, 1 required.
2020-12-26 01:57:24,478 [EventQueue-NodeRegistrationContainerReportForDataNodeSafeModeRule] INFO  safemode.SCMSafeModeManager (SCMSafeModeManager.java:validateSafeModeExitRules(214)) - DataNodeSafeModeRule rule is successfully validated
2020-12-26 01:57:24,478 [EventQueue-NodeRegistrationContainerReportForDataNodeSafeModeRule] INFO  safemode.SCMSafeModeManager (SCMSafeModeManager.java:completePreCheck(242)) - All SCM safe mode pre check rules have passed
2020-12-26 01:57:24,483 [EventQueue-NodeRegistrationContainerReportForContainerSafeModeRule] INFO  safemode.SCMSafeModeManager (SCMSafeModeManager.java:validateSafeModeExitRules(214)) - ContainerSafeModeRule rule is successfully validated
2020-12-26 01:57:24,483 [EventQueue-PipelineReportForOneReplicaPipelineSafeModeRule] INFO  safemode.SCMSafeModeManager (SCMSafeModeManager.java:validateSafeModeExitRules(214)) - AtleastOneDatanodeReportedRule rule is successfully validated
2020-12-26 01:57:24,483 [RatisPipelineUtilsThread] INFO  pipeline.RatisPipelineProvider (RatisPipelineProvider.java:lambda$create$0(161)) - Sending CreatePipelineCommand for pipeline:PipelineID=7d123b2d-022e-444b-a472-b42f238e776c to datanode:c7c2d1d0-24bf-4086-b8ac-f9c9c7e07f42
2020-12-26 01:57:24,483 [RatisPipelineUtilsThread] INFO  pipeline.PipelineStateManager (PipelineStateManager.java:addPipeline(54)) - Created pipeline Pipeline[ Id: 7d123b2d-022e-444b-a472-b42f238e776c, Nodes: c7c2d1d0-24bf-4086-b8ac-f9c9c7e07f42{ip: 172.17.0.2, host: 140068b710f1, networkLocation: /default-rack, certSerialId: null, persistedOpState: IN_SERVICE, persistedOpStateExpiryEpochSec: 0}, Type:RATIS, Factor:ONE, State:ALLOCATED, leaderId:, CreationTimestamp2020-12-26T01:57:24.483Z]
2020-12-26 01:57:24,484 [RatisPipelineUtilsThread] WARN  pipeline.PipelinePlacementPolicy (PipelinePlacementPolicy.java:filterViableNodes(139)) - Pipeline creation failed due to no sufficient healthy datanodes. Required 3. Found 1.
2020-12-26 01:57:24,676 [IPC Server handler 2 on default port 46147] INFO  net.NetworkTopologyImpl (NetworkTopologyImpl.java:add(111)) - Added a new node: /default-rack/a9229adb-278c-43ef-9666-e3cbf980c0ea
2020-12-26 01:57:24,676 [IPC Server handler 2 on default port 46147] INFO  node.SCMNodeManager (SCMNodeManager.java:register(341)) - Registered Data node : a9229adb-278c-43ef-9666-e3cbf980c0ea{ip: 172.17.0.2, host: 140068b710f1, networkLocation: /default-rack, certSerialId: null, persistedOpState: IN_SERVICE, persistedOpStateExpiryEpochSec: 0}
2020-12-26 01:57:24,676 [EventQueue-NodeRegistrationContainerReportForContainerSafeModeRule] INFO  safemode.SCMSafeModeManager (SCMSafeModeManager.java:validateSafeModeExitRules(214)) - ContainerSafeModeRule rule is successfully validated
2020-12-26 01:57:24,676 [EventQueue-PipelineReportForOneReplicaPipelineSafeModeRule] INFO  safemode.SCMSafeModeManager (SCMSafeModeManager.java:validateSafeModeExitRules(214)) - AtleastOneDatanodeReportedRule rule is successfully validated
2020-12-26 01:57:24,677 [EventQueue-NodeRegistrationContainerReportForDataNodeSafeModeRule] INFO  safemode.SCMSafeModeManager (SCMSafeModeManager.java:validateSafeModeExitRules(214)) - DataNodeSafeModeRule rule is successfully validated
2020-12-26 01:57:24,677 [RatisPipelineUtilsThread] INFO  pipeline.RatisPipelineProvider (RatisPipelineProvider.java:lambda$create$0(161)) - Sending CreatePipelineCommand for pipeline:PipelineID=24ef1db4-029e-490d-b15c-a4c42016f79f to datanode:a9229adb-278c-43ef-9666-e3cbf980c0ea
2020-12-26 01:57:24,678 [RatisPipelineUtilsThread] INFO  pipeline.PipelineStateManager (PipelineStateManager.java:addPipeline(54)) - Created pipeline Pipeline[ Id: 24ef1db4-029e-490d-b15c-a4c42016f79f, Nodes: a9229adb-278c-43ef-9666-e3cbf980c0ea{ip: 172.17.0.2, host: 140068b710f1, networkLocation: /default-rack, certSerialId: null, persistedOpState: IN_SERVICE, persistedOpStateExpiryEpochSec: 0}, Type:RATIS, Factor:ONE, State:ALLOCATED, leaderId:, CreationTimestamp2020-12-26T01:57:24.677Z]
2020-12-26 01:57:24,678 [RatisPipelineUtilsThread] WARN  pipeline.PipelinePlacementPolicy (PipelinePlacementPolicy.java:filterViableNodes(139)) - Pipeline creation failed due to no sufficient healthy datanodes. Required 3. Found 2.
2020-12-26 01:57:24,686 [Listener at 127.0.0.1/40109] INFO  ozone.MiniOzoneClusterImpl (MiniOzoneClusterImpl.java:lambda$waitForClusterToBeReady$0(178)) - Waiting for nodes to be ready. Got 2 of 7 DN Heartbeats.
2020-12-26 01:57:24,686 [Listener at 127.0.0.1/40109] INFO  ozone.MiniOzoneClusterImpl (MiniOzoneClusterImpl.java:lambda$waitForClusterToBeReady$0(181)) - Waiting for cluster to exit safe mode
2020-12-26 01:57:24,878 [IPC Server handler 4 on default port 46147] INFO  net.NetworkTopologyImpl (NetworkTopologyImpl.java:add(111)) - Added a new node: /default-rack/03a4ab30-7c3b-428c-926c-31d823ed78af
2020-12-26 01:57:24,878 [IPC Server handler 4 on default port 46147] INFO  node.SCMNodeManager (SCMNodeManager.java:register(341)) - Registered Data node : 03a4ab30-7c3b-428c-926c-31d823ed78af{ip: 172.17.0.2, host: 140068b710f1, networkLocation: /default-rack, certSerialId: null, persistedOpState: IN_SERVICE, persistedOpStateExpiryEpochSec: 0}
2020-12-26 01:57:24,878 [RatisPipelineUtilsThread] INFO  pipeline.RatisPipelineProvider (RatisPipelineProvider.java:lambda$create$0(161)) - Sending CreatePipelineCommand for pipeline:PipelineID=0dbac3b6-6176-4237-9183-c86e59087e83 to datanode:03a4ab30-7c3b-428c-926c-31d823ed78af
2020-12-26 01:57:24,879 [EventQueue-PipelineReportForOneReplicaPipelineSafeModeRule] INFO  safemode.SCMSafeModeManager (SCMSafeModeManager.java:validateSafeModeExitRules(214)) - AtleastOneDatanodeReportedRule rule is successfully validated
2020-12-26 01:57:24,879 [EventQueue-NodeRegistrationContainerReportForContainerSafeModeRule] INFO  safemode.SCMSafeModeManager (SCMSafeModeManager.java:validateSafeModeExitRules(214)) - ContainerSafeModeRule rule is successfully validated
2020-12-26 01:57:24,879 [RatisPipelineUtilsThread] INFO  pipeline.PipelineStateManager (PipelineStateManager.java:addPipeline(54)) - Created pipeline Pipeline[ Id: 0dbac3b6-6176-4237-9183-c86e59087e83, Nodes: 03a4ab30-7c3b-428c-926c-31d823ed78af{ip: 172.17.0.2, host: 140068b710f1, networkLocation: /default-rack, certSerialId: null, persistedOpState: IN_SERVICE, persistedOpStateExpiryEpochSec: 0}, Type:RATIS, Factor:ONE, State:ALLOCATED, leaderId:, CreationTimestamp2020-12-26T01:57:24.878Z]
2020-12-26 01:57:24,879 [EventQueue-NodeRegistrationContainerReportForDataNodeSafeModeRule] INFO  safemode.SCMSafeModeManager (SCMSafeModeManager.java:validateSafeModeExitRules(214)) - DataNodeSafeModeRule rule is successfully validated
2020-12-26 01:57:24,879 [RatisPipelineUtilsThread] INFO  pipeline.RatisPipelineProvider (RatisPipelineProvider.java:lambda$create$0(161)) - Sending CreatePipelineCommand for pipeline:PipelineID=531cb22c-be6d-463e-b99c-be28a4447053 to datanode:03a4ab30-7c3b-428c-926c-31d823ed78af
2020-12-26 01:57:24,880 [RatisPipelineUtilsThread] INFO  pipeline.RatisPipelineProvider (RatisPipelineProvider.java:lambda$create$0(161)) - Sending CreatePipelineCommand for pipeline:PipelineID=531cb22c-be6d-463e-b99c-be28a4447053 to datanode:c7c2d1d0-24bf-4086-b8ac-f9c9c7e07f42
2020-12-26 01:57:24,880 [RatisPipelineUtilsThread] INFO  pipeline.RatisPipelineProvider (RatisPipelineProvider.java:lambda$create$0(161)) - Sending CreatePipelineCommand for pipeline:PipelineID=531cb22c-be6d-463e-b99c-be28a4447053 to datanode:a9229adb-278c-43ef-9666-e3cbf980c0ea
2020-12-26 01:57:24,881 [RatisPipelineUtilsThread] INFO  pipeline.PipelineStateManager (PipelineStateManager.java:addPipeline(54)) - Created pipeline Pipeline[ Id: 531cb22c-be6d-463e-b99c-be28a4447053, Nodes: 03a4ab30-7c3b-428c-926c-31d823ed78af{ip: 172.17.0.2, host: 140068b710f1, networkLocation: /default-rack, certSerialId: null, persistedOpState: IN_SERVICE, persistedOpStateExpiryEpochSec: 0}c7c2d1d0-24bf-4086-b8ac-f9c9c7e07f42{ip: 172.17.0.2, host: 140068b710f1, networkLocation: /default-rack, certSerialId: null, persistedOpState: IN_SERVICE, persistedOpStateExpiryEpochSec: 0}a9229adb-278c-43ef-9666-e3cbf980c0ea{ip: 172.17.0.2, host: 140068b710f1, networkLocation: /default-rack, certSerialId: null, persistedOpState: IN_SERVICE, persistedOpStateExpiryEpochSec: 0}, Type:RATIS, Factor:THREE, State:ALLOCATED, leaderId:, CreationTimestamp2020-12-26T01:57:24.879Z]
2020-12-26 01:57:24,881 [RatisPipelineUtilsThread] INFO  pipeline.RatisPipelineProvider (RatisPipelineProvider.java:lambda$create$0(161)) - Sending CreatePipelineCommand for pipeline:PipelineID=4b3ce42e-715f-4136-a2ae-cbccc18211c1 to datanode:03a4ab30-7c3b-428c-926c-31d823ed78af
2020-12-26 01:57:24,881 [RatisPipelineUtilsThread] INFO  pipeline.RatisPipelineProvider (RatisPipelineProvider.java:lambda$create$0(161)) - Sending CreatePipelineCommand for pipeline:PipelineID=4b3ce42e-715f-4136-a2ae-cbccc18211c1 to datanode:c7c2d1d0-24bf-4086-b8ac-f9c9c7e07f42
2020-12-26 01:57:24,881 [RatisPipelineUtilsThread] INFO  pipeline.RatisPipelineProvider (RatisPipelineProvider.java:lambda$create$0(161)) - Sending CreatePipelineCommand for pipeline:PipelineID=4b3ce42e-715f-4136-a2ae-cbccc18211c1 to datanode:a9229adb-278c-43ef-9666-e3cbf980c0ea
2020-12-26 01:57:24,881 [RatisPipelineUtilsThread] INFO  pipeline.PipelineStateManager (PipelineStateManager.java:addPipeline(54)) - Created pipeline Pipeline[ Id: 4b3ce42e-715f-4136-a2ae-cbccc18211c1, Nodes: 03a4ab30-7c3b-428c-926c-31d823ed78af{ip: 172.17.0.2, host: 140068b710f1, networkLocation: /default-rack, certSerialId: null, persistedOpState: IN_SERVICE, persistedOpStateExpiryEpochSec: 0}c7c2d1d0-24bf-4086-b8ac-f9c9c7e07f42{ip: 172.17.0.2, host: 140068b710f1, networkLocation: /default-rack, certSerialId: null, persistedOpState: IN_SERVICE, persistedOpStateExpiryEpochSec: 0}a9229adb-278c-43ef-9666-e3cbf980c0ea{ip: 172.17.0.2, host: 140068b710f1, networkLocation: /default-rack, certSerialId: null, persistedOpState: IN_SERVICE, persistedOpStateExpiryEpochSec: 0}, Type:RATIS, Factor:THREE, State:ALLOCATED, leaderId:, CreationTimestamp2020-12-26T01:57:24.881Z]
2020-12-26 01:57:24,881 [RatisPipelineUtilsThread] INFO  pipeline.SCMPipelineManager (SCMPipelineManager.java:recordMetricsForPipeline(243)) - Pipeline: PipelineID=4b3ce42e-715f-4136-a2ae-cbccc18211c1 contains same datanodes as previous pipelines: PipelineID=531cb22c-be6d-463e-b99c-be28a4447053 nodeIds: 03a4ab30-7c3b-428c-926c-31d823ed78af, c7c2d1d0-24bf-4086-b8ac-f9c9c7e07f42, a9229adb-278c-43ef-9666-e3cbf980c0ea
2020-12-26 01:57:25,112 [IPC Server handler 5 on default port 46147] INFO  net.NetworkTopologyImpl (NetworkTopologyImpl.java:add(111)) - Added a new node: /default-rack/73c99ad5-410f-4ffb-8408-ddbdb29ea4d0
2020-12-26 01:57:25,112 [IPC Server handler 5 on default port 46147] INFO  node.SCMNodeManager (SCMNodeManager.java:register(341)) - Registered Data node : 73c99ad5-410f-4ffb-8408-ddbdb29ea4d0{ip: 172.17.0.2, host: 140068b710f1, networkLocation: /default-rack, certSerialId: null, persistedOpState: IN_SERVICE, persistedOpStateExpiryEpochSec: 0}
2020-12-26 01:57:25,113 [RatisPipelineUtilsThread] INFO  pipeline.RatisPipelineProvider (RatisPipelineProvider.java:lambda$create$0(161)) - Sending CreatePipelineCommand for pipeline:PipelineID=26cb6a70-665f-4bfd-982c-dbcf2475e781 to datanode:73c99ad5-410f-4ffb-8408-ddbdb29ea4d0
2020-12-26 01:57:25,113 [EventQueue-NodeRegistrationContainerReportForContainerSafeModeRule] INFO  safemode.SCMSafeModeManager (SCMSafeModeManager.java:validateSafeModeExitRules(214)) - ContainerSafeModeRule rule is successfully validated
2020-12-26 01:57:25,113 [EventQueue-PipelineReportForOneReplicaPipelineSafeModeRule] INFO  safemode.SCMSafeModeManager (SCMSafeModeManager.java:validateSafeModeExitRules(214)) - AtleastOneDatanodeReportedRule rule is successfully validated
2020-12-26 01:57:25,113 [EventQueue-NodeRegistrationContainerReportForDataNodeSafeModeRule] INFO  safemode.SCMSafeModeManager (SCMSafeModeManager.java:validateSafeModeExitRules(214)) - DataNodeSafeModeRule rule is successfully validated
2020-12-26 01:57:25,113 [RatisPipelineUtilsThread] INFO  pipeline.PipelineStateManager (PipelineStateManager.java:addPipeline(54)) - Created pipeline Pipeline[ Id: 26cb6a70-665f-4bfd-982c-dbcf2475e781, Nodes: 73c99ad5-410f-4ffb-8408-ddbdb29ea4d0{ip: 172.17.0.2, host: 140068b710f1, networkLocation: /default-rack, certSerialId: null, persistedOpState: IN_SERVICE, persistedOpStateExpiryEpochSec: 0}, Type:RATIS, Factor:ONE, State:ALLOCATED, leaderId:, CreationTimestamp2020-12-26T01:57:25.112Z]
2020-12-26 01:57:25,289 [IPC Server handler 0 on default port 46147] INFO  net.NetworkTopologyImpl (NetworkTopologyImpl.java:add(111)) - Added a new node: /default-rack/8e16b57b-a520-4ff3-ab9c-70e7128aded3
2020-12-26 01:57:25,289 [IPC Server handler 0 on default port 46147] INFO  node.SCMNodeManager (SCMNodeManager.java:register(341)) - Registered Data node : 8e16b57b-a520-4ff3-ab9c-70e7128aded3{ip: 172.17.0.2, host: 140068b710f1, networkLocation: /default-rack, certSerialId: null, persistedOpState: IN_SERVICE, persistedOpStateExpiryEpochSec: 0}
2020-12-26 01:57:25,289 [EventQueue-NodeRegistrationContainerReportForDataNodeSafeModeRule] INFO  safemode.SCMSafeModeManager (SCMSafeModeManager.java:validateSafeModeExitRules(214)) - DataNodeSafeModeRule rule is successfully validated
2020-12-26 01:57:25,289 [EventQueue-PipelineReportForOneReplicaPipelineSafeModeRule] INFO  safemode.SCMSafeModeManager (SCMSafeModeManager.java:validateSafeModeExitRules(214)) - AtleastOneDatanodeReportedRule rule is successfully validated
2020-12-26 01:57:25,289 [EventQueue-NodeRegistrationContainerReportForContainerSafeModeRule] INFO  safemode.SCMSafeModeManager (SCMSafeModeManager.java:validateSafeModeExitRules(214)) - ContainerSafeModeRule rule is successfully validated
2020-12-26 01:57:25,294 [RatisPipelineUtilsThread] INFO  pipeline.RatisPipelineProvider (RatisPipelineProvider.java:lambda$create$0(161)) - Sending CreatePipelineCommand for pipeline:PipelineID=a9cf9c82-e9d9-4410-9875-0691fef5e878 to datanode:8e16b57b-a520-4ff3-ab9c-70e7128aded3
2020-12-26 01:57:25,294 [RatisPipelineUtilsThread] INFO  pipeline.PipelineStateManager (PipelineStateManager.java:addPipeline(54)) - Created pipeline Pipeline[ Id: a9cf9c82-e9d9-4410-9875-0691fef5e878, Nodes: 8e16b57b-a520-4ff3-ab9c-70e7128aded3{ip: 172.17.0.2, host: 140068b710f1, networkLocation: /default-rack, certSerialId: null, persistedOpState: IN_SERVICE, persistedOpStateExpiryEpochSec: 0}, Type:RATIS, Factor:ONE, State:ALLOCATED, leaderId:, CreationTimestamp2020-12-26T01:57:25.294Z]
2020-12-26 01:57:25,496 [IPC Server handler 2 on default port 46147] INFO  net.NetworkTopologyImpl (NetworkTopologyImpl.java:add(111)) - Added a new node: /default-rack/43af3075-460a-422d-a924-90885968f40d
2020-12-26 01:57:25,496 [IPC Server handler 2 on default port 46147] INFO  node.SCMNodeManager (SCMNodeManager.java:register(341)) - Registered Data node : 43af3075-460a-422d-a924-90885968f40d{ip: 172.17.0.2, host: 140068b710f1, networkLocation: /default-rack, certSerialId: null, persistedOpState: IN_SERVICE, persistedOpStateExpiryEpochSec: 0}
2020-12-26 01:57:25,496 [EventQueue-NodeRegistrationContainerReportForDataNodeSafeModeRule] INFO  safemode.SCMSafeModeManager (SCMSafeModeManager.java:validateSafeModeExitRules(214)) - DataNodeSafeModeRule rule is successfully validated
2020-12-26 01:57:25,497 [RatisPipelineUtilsThread] INFO  pipeline.RatisPipelineProvider (RatisPipelineProvider.java:lambda$create$0(161)) - Sending CreatePipelineCommand for pipeline:PipelineID=776186a9-b666-4a88-b910-3a59af69ed3c to datanode:43af3075-460a-422d-a924-90885968f40d
2020-12-26 01:57:25,497 [EventQueue-PipelineReportForOneReplicaPipelineSafeModeRule] INFO  safemode.SCMSafeModeManager (SCMSafeModeManager.java:validateSafeModeExitRules(214)) - AtleastOneDatanodeReportedRule rule is successfully validated
2020-12-26 01:57:25,497 [RatisPipelineUtilsThread] INFO  pipeline.PipelineStateManager (PipelineStateManager.java:addPipeline(54)) - Created pipeline Pipeline[ Id: 776186a9-b666-4a88-b910-3a59af69ed3c, Nodes: 43af3075-460a-422d-a924-90885968f40d{ip: 172.17.0.2, host: 140068b710f1, networkLocation: /default-rack, certSerialId: null, persistedOpState: IN_SERVICE, persistedOpStateExpiryEpochSec: 0}, Type:RATIS, Factor:ONE, State:ALLOCATED, leaderId:, CreationTimestamp2020-12-26T01:57:25.497Z]
2020-12-26 01:57:25,497 [RatisPipelineUtilsThread] INFO  pipeline.RatisPipelineProvider (RatisPipelineProvider.java:lambda$create$0(161)) - Sending CreatePipelineCommand for pipeline:PipelineID=5d650413-b041-4683-8cab-99f8a9162041 to datanode:73c99ad5-410f-4ffb-8408-ddbdb29ea4d0
2020-12-26 01:57:25,497 [RatisPipelineUtilsThread] INFO  pipeline.RatisPipelineProvider (RatisPipelineProvider.java:lambda$create$0(161)) - Sending CreatePipelineCommand for pipeline:PipelineID=5d650413-b041-4683-8cab-99f8a9162041 to datanode:43af3075-460a-422d-a924-90885968f40d
2020-12-26 01:57:25,497 [RatisPipelineUtilsThread] INFO  pipeline.RatisPipelineProvider (RatisPipelineProvider.java:lambda$create$0(161)) - Sending CreatePipelineCommand for pipeline:PipelineID=5d650413-b041-4683-8cab-99f8a9162041 to datanode:8e16b57b-a520-4ff3-ab9c-70e7128aded3
2020-12-26 01:57:25,497 [EventQueue-NodeRegistrationContainerReportForContainerSafeModeRule] INFO  safemode.SCMSafeModeManager (SCMSafeModeManager.java:validateSafeModeExitRules(214)) - ContainerSafeModeRule rule is successfully validated
2020-12-26 01:57:25,498 [RatisPipelineUtilsThread] INFO  pipeline.PipelineStateManager (PipelineStateManager.java:addPipeline(54)) - Created pipeline Pipeline[ Id: 5d650413-b041-4683-8cab-99f8a9162041, Nodes: 73c99ad5-410f-4ffb-8408-ddbdb29ea4d0{ip: 172.17.0.2, host: 140068b710f1, networkLocation: /default-rack, certSerialId: null, persistedOpState: IN_SERVICE, persistedOpStateExpiryEpochSec: 0}43af3075-460a-422d-a924-90885968f40d{ip: 172.17.0.2, host: 140068b710f1, networkLocation: /default-rack, certSerialId: null, persistedOpState: IN_SERVICE, persistedOpStateExpiryEpochSec: 0}8e16b57b-a520-4ff3-ab9c-70e7128aded3{ip: 172.17.0.2, host: 140068b710f1, networkLocation: /default-rack, certSerialId: null, persistedOpState: IN_SERVICE, persistedOpStateExpiryEpochSec: 0}, Type:RATIS, Factor:THREE, State:ALLOCATED, leaderId:, CreationTimestamp2020-12-26T01:57:25.497Z]
2020-12-26 01:57:25,498 [RatisPipelineUtilsThread] INFO  pipeline.RatisPipelineProvider (RatisPipelineProvider.java:lambda$create$0(161)) - Sending CreatePipelineCommand for pipeline:PipelineID=3ec49c11-b3df-4246-874d-49e6829a44b8 to datanode:73c99ad5-410f-4ffb-8408-ddbdb29ea4d0
2020-12-26 01:57:25,498 [RatisPipelineUtilsThread] INFO  pipeline.RatisPipelineProvider (RatisPipelineProvider.java:lambda$create$0(161)) - Sending CreatePipelineCommand for pipeline:PipelineID=3ec49c11-b3df-4246-874d-49e6829a44b8 to datanode:43af3075-460a-422d-a924-90885968f40d
2020-12-26 01:57:25,498 [RatisPipelineUtilsThread] INFO  pipeline.RatisPipelineProvider (RatisPipelineProvider.java:lambda$create$0(161)) - Sending CreatePipelineCommand for pipeline:PipelineID=3ec49c11-b3df-4246-874d-49e6829a44b8 to datanode:8e16b57b-a520-4ff3-ab9c-70e7128aded3
2020-12-26 01:57:25,498 [RatisPipelineUtilsThread] INFO  pipeline.PipelineStateManager (PipelineStateManager.java:addPipeline(54)) - Created pipeline Pipeline[ Id: 3ec49c11-b3df-4246-874d-49e6829a44b8, Nodes: 73c99ad5-410f-4ffb-8408-ddbdb29ea4d0{ip: 172.17.0.2, host: 140068b710f1, networkLocation: /default-rack, certSerialId: null, persistedOpState: IN_SERVICE, persistedOpStateExpiryEpochSec: 0}43af3075-460a-422d-a924-90885968f40d{ip: 172.17.0.2, host: 140068b710f1, networkLocation: /default-rack, certSerialId: null, persistedOpState: IN_SERVICE, persistedOpStateExpiryEpochSec: 0}8e16b57b-a520-4ff3-ab9c-70e7128aded3{ip: 172.17.0.2, host: 140068b710f1, networkLocation: /default-rack, certSerialId: null, persistedOpState: IN_SERVICE, persistedOpStateExpiryEpochSec: 0}, Type:RATIS, Factor:THREE, State:ALLOCATED, leaderId:, CreationTimestamp2020-12-26T01:57:25.498Z]
2020-12-26 01:57:25,499 [RatisPipelineUtilsThread] INFO  pipeline.SCMPipelineManager (SCMPipelineManager.java:recordMetricsForPipeline(243)) - Pipeline: PipelineID=3ec49c11-b3df-4246-874d-49e6829a44b8 contains same datanodes as previous pipelines: PipelineID=5d650413-b041-4683-8cab-99f8a9162041 nodeIds: 73c99ad5-410f-4ffb-8408-ddbdb29ea4d0, 43af3075-460a-422d-a924-90885968f40d, 8e16b57b-a520-4ff3-ab9c-70e7128aded3
2020-12-26 01:57:25,686 [Listener at 127.0.0.1/40109] INFO  ozone.MiniOzoneClusterImpl (MiniOzoneClusterImpl.java:lambda$waitForClusterToBeReady$0(178)) - Waiting for nodes to be ready. Got 6 of 7 DN Heartbeats.
2020-12-26 01:57:25,687 [Listener at 127.0.0.1/40109] INFO  ozone.MiniOzoneClusterImpl (MiniOzoneClusterImpl.java:lambda$waitForClusterToBeReady$0(181)) - Waiting for cluster to exit safe mode
2020-12-26 01:57:25,696 [IPC Server handler 4 on default port 46147] INFO  net.NetworkTopologyImpl (NetworkTopologyImpl.java:add(111)) - Added a new node: /default-rack/16d33d7f-de85-4153-a986-8f085dcb09ff
2020-12-26 01:57:25,696 [IPC Server handler 4 on default port 46147] INFO  node.SCMNodeManager (SCMNodeManager.java:register(341)) - Registered Data node : 16d33d7f-de85-4153-a986-8f085dcb09ff{ip: 172.17.0.2, host: 140068b710f1, networkLocation: /default-rack, certSerialId: null, persistedOpState: IN_SERVICE, persistedOpStateExpiryEpochSec: 0}
2020-12-26 01:57:25,697 [EventQueue-NodeRegistrationContainerReportForDataNodeSafeModeRule] INFO  safemode.SCMSafeModeManager (SCMSafeModeManager.java:validateSafeModeExitRules(214)) - DataNodeSafeModeRule rule is successfully validated
2020-12-26 01:57:25,697 [EventQueue-NodeRegistrationContainerReportForContainerSafeModeRule] INFO  safemode.SCMSafeModeManager (SCMSafeModeManager.java:validateSafeModeExitRules(214)) - ContainerSafeModeRule rule is successfully validated
2020-12-26 01:57:25,697 [EventQueue-PipelineReportForOneReplicaPipelineSafeModeRule] INFO  safemode.SCMSafeModeManager (SCMSafeModeManager.java:validateSafeModeExitRules(214)) - AtleastOneDatanodeReportedRule rule is successfully validated
2020-12-26 01:57:25,697 [RatisPipelineUtilsThread] INFO  pipeline.RatisPipelineProvider (RatisPipelineProvider.java:lambda$create$0(161)) - Sending CreatePipelineCommand for pipeline:PipelineID=aa2f226f-b70b-4fe1-ae63-3939299b193e to datanode:16d33d7f-de85-4153-a986-8f085dcb09ff
2020-12-26 01:57:25,698 [RatisPipelineUtilsThread] INFO  pipeline.PipelineStateManager (PipelineStateManager.java:addPipeline(54)) - Created pipeline Pipeline[ Id: aa2f226f-b70b-4fe1-ae63-3939299b193e, Nodes: 16d33d7f-de85-4153-a986-8f085dcb09ff{ip: 172.17.0.2, host: 140068b710f1, networkLocation: /default-rack, certSerialId: null, persistedOpState: IN_SERVICE, persistedOpStateExpiryEpochSec: 0}, Type:RATIS, Factor:ONE, State:ALLOCATED, leaderId:, CreationTimestamp2020-12-26T01:57:25.697Z]
2020-12-26 01:57:26,687 [Listener at 127.0.0.1/40109] INFO  ozone.MiniOzoneClusterImpl (MiniOzoneClusterImpl.java:lambda$waitForClusterToBeReady$0(178)) - Nodes are ready. Got 7 of 7 DN Heartbeats.
2020-12-26 01:57:26,687 [Listener at 127.0.0.1/40109] INFO  ozone.MiniOzoneClusterImpl (MiniOzoneClusterImpl.java:lambda$waitForClusterToBeReady$0(181)) - Waiting for cluster to exit safe mode
2020-12-26 01:57:27,477 [Command processor thread] INFO  server.RaftServer (RaftServerProxy.java:addNew(93)) - c7c2d1d0-24bf-4086-b8ac-f9c9c7e07f42: addNew group-B42F238E776C:[c7c2d1d0-24bf-4086-b8ac-f9c9c7e07f42|rpc:172.17.0.2:44251] returns group-B42F238E776C:java.util.concurrent.CompletableFuture@37f62a43[Not completed]
2020-12-26 01:57:27,478 [pool-650-thread-1] INFO  server.RaftServer$Division (RaftServerImpl.java:<init>(173)) - c7c2d1d0-24bf-4086-b8ac-f9c9c7e07f42: new RaftServerImpl for group-B42F238E776C:[c7c2d1d0-24bf-4086-b8ac-f9c9c7e07f42|rpc:172.17.0.2:44251] with ContainerStateMachine:uninitialized
2020-12-26 01:57:27,479 [pool-650-thread-1] INFO  server.RaftServerConfigKeys (ConfUtils.java:logGet(44)) - raft.server.rpc.timeout.min = 5s (custom)
2020-12-26 01:57:27,479 [pool-650-thread-1] INFO  server.RaftServerConfigKeys (ConfUtils.java:logGet(44)) - raft.server.rpc.timeout.max = 5200ms (custom)
2020-12-26 01:57:27,479 [pool-650-thread-1] INFO  server.RaftServerConfigKeys (ConfUtils.java:logGet(44)) - raft.server.rpc.sleep.time = 25ms (default)
2020-12-26 01:57:27,479 [pool-650-thread-1] INFO  server.RaftServerConfigKeys (ConfUtils.java:logGet(44)) - raft.server.rpc.slowness.timeout = 300000ms (custom)
2020-12-26 01:57:27,479 [pool-650-thread-1] INFO  server.RaftServerConfigKeys (ConfUtils.java:logGet(44)) - raft.server.leaderelection.leader.step-down.wait-time = 10s (default)
2020-12-26 01:57:27,479 [pool-650-thread-1] INFO  server.RaftServerConfigKeys (ConfUtils.java:logGet(44)) - raft.server.sleep.deviation.threshold = 300ms (default)
2020-12-26 01:57:27,479 [pool-650-thread-1] INFO  server.RaftServerConfigKeys (ConfUtils.java:logGet(44)) - raft.server.log.appender.install.snapshot.enabled = false (custom)
2020-12-26 01:57:27,479 [pool-650-thread-1] INFO  server.RaftServer$Division (ServerState.java:<init>(104)) - c7c2d1d0-24bf-4086-b8ac-f9c9c7e07f42@group-B42F238E776C: ConfigurationManager, init=-1: [c7c2d1d0-24bf-4086-b8ac-f9c9c7e07f42|rpc:172.17.0.2:44251], old=null, confs=<EMPTY_MAP>
2020-12-26 01:57:27,479 [pool-650-thread-1] INFO  server.RaftServerConfigKeys (ConfUtils.java:logGet(44)) - raft.server.storage.dir = [/github/workspace/mnt/ozone/hadoop-ozone/integration-test/target/test-dir/MiniOzoneClusterImpl-b0bbc67e-6e78-4c8b-9c9f-814a2ca087f9/datanode-0/data/ratis] (custom)
2020-12-26 01:57:27,479 [pool-650-thread-1] INFO  server.RaftServerConfigKeys (ConfUtils.java:logGet(44)) - raft.server.log.corruption.policy = EXCEPTION (default)
2020-12-26 01:57:27,480 [pool-650-thread-1] INFO  storage.RaftStorageDirectory (RaftStorageDirectory.java:analyzeStorage(260)) - The storage directory /github/workspace/mnt/ozone/hadoop-ozone/integration-test/target/test-dir/MiniOzoneClusterImpl-b0bbc67e-6e78-4c8b-9c9f-814a2ca087f9/datanode-0/data/ratis/7d123b2d-022e-444b-a472-b42f238e776c does not exist. Creating ...
2020-12-26 01:57:27,481 [pool-650-thread-1] INFO  storage.RaftStorageDirectory (RaftStorageDirectory.java:tryLock(342)) - Lock on /github/workspace/mnt/ozone/hadoop-ozone/integration-test/target/test-dir/MiniOzoneClusterImpl-b0bbc67e-6e78-4c8b-9c9f-814a2ca087f9/datanode-0/data/ratis/7d123b2d-022e-444b-a472-b42f238e776c/in_use.lock acquired by nodename 7066@140068b710f1
2020-12-26 01:57:27,481 [pool-650-thread-1] INFO  storage.RaftStorage (RaftStorage.java:format(89)) - Storage directory /github/workspace/mnt/ozone/hadoop-ozone/integration-test/target/test-dir/MiniOzoneClusterImpl-b0bbc67e-6e78-4c8b-9c9f-814a2ca087f9/datanode-0/data/ratis/7d123b2d-022e-444b-a472-b42f238e776c has been successfully formatted.
2020-12-26 01:57:27,482 [pool-650-thread-1] INFO  ratis.ContainerStateMachine (ContainerStateMachine.java:loadSnapshot(223)) - group-B42F238E776C: The snapshot info is null. Setting the last applied indexto:(t:0, i:~)
2020-12-26 01:57:27,482 [pool-650-thread-1] ERROR storage.RaftStorage (RaftStorage.java:readRaftConfiguration(152)) - Failed reading configuration from file:/github/workspace/mnt/ozone/hadoop-ozone/integration-test/target/test-dir/MiniOzoneClusterImpl-b0bbc67e-6e78-4c8b-9c9f-814a2ca087f9/datanode-0/data/ratis/7d123b2d-022e-444b-a472-b42f238e776c/current/raft-meta.conf
java.io.FileNotFoundException: /github/workspace/mnt/ozone/hadoop-ozone/integration-test/target/test-dir/MiniOzoneClusterImpl-b0bbc67e-6e78-4c8b-9c9f-814a2ca087f9/datanode-0/data/ratis/7d123b2d-022e-444b-a472-b42f238e776c/current/raft-meta.conf (No such file or directory)
	at java.io.FileInputStream.open0(Native Method)
	at java.io.FileInputStream.open(FileInputStream.java:195)
	at java.io.FileInputStream.<init>(FileInputStream.java:138)
	at org.apache.ratis.server.storage.RaftStorage.readRaftConfiguration(RaftStorage.java:148)
	at org.apache.ratis.server.impl.ServerState.initStatemachine(ServerState.java:167)
	at org.apache.ratis.server.impl.ServerState.<init>(ServerState.java:112)
	at org.apache.ratis.server.impl.RaftServerImpl.<init>(RaftServerImpl.java:186)
	at org.apache.ratis.server.impl.RaftServerProxy.lambda$newRaftServerImpl$4(RaftServerProxy.java:264)
	at java.util.concurrent.CompletableFuture$AsyncSupply.run(CompletableFuture.java:1604)
	at java.util.concurrent.ThreadPoolExecutor.runWorker(ThreadPoolExecutor.java:1149)
	at java.util.concurrent.ThreadPoolExecutor$Worker.run(ThreadPoolExecutor.java:624)
	at java.lang.Thread.run(Thread.java:748)
2020-12-26 01:57:27,482 [pool-650-thread-1] INFO  server.RaftServerConfigKeys (ConfUtils.java:logGet(44)) - raft.server.notification.no-leader.timeout = 300000ms (custom)
2020-12-26 01:57:27,482 [pool-650-thread-1] INFO  server.RaftServerConfigKeys (ConfUtils.java:logGet(44)) - raft.server.log.use.memory = false (default)
2020-12-26 01:57:27,482 [pool-650-thread-1] INFO  server.RaftServerConfigKeys (ConfUtils.java:logGet(44)) - raft.server.log.purge.gap = 1000000 (custom)
2020-12-26 01:57:27,482 [EventQueue-PipelineReportForOneReplicaPipelineSafeModeRule] INFO  safemode.SCMSafeModeManager (SCMSafeModeManager.java:validateSafeModeExitRules(214)) - AtleastOneDatanodeReportedRule rule is successfully validated
2020-12-26 01:57:27,482 [pool-650-thread-1] INFO  metrics.RatisMetrics (RatisMetrics.java:lambda$create$0(36)) - Creating Metrics Registry : ratis.log_worker.c7c2d1d0-24bf-4086-b8ac-f9c9c7e07f42@group-B42F238E776C
2020-12-26 01:57:27,483 [EventQueue-PipelineReportForPipelineReportHandler] INFO  pipeline.PipelineStateManager (PipelineStateManager.java:openPipeline(132)) - Pipeline Pipeline[ Id: 7d123b2d-022e-444b-a472-b42f238e776c, Nodes: c7c2d1d0-24bf-4086-b8ac-f9c9c7e07f42{ip: 172.17.0.2, host: 140068b710f1, networkLocation: /default-rack, certSerialId: null, persistedOpState: IN_SERVICE, persistedOpStateExpiryEpochSec: 0}, Type:RATIS, Factor:ONE, State:ALLOCATED, leaderId:c7c2d1d0-24bf-4086-b8ac-f9c9c7e07f42, CreationTimestamp2020-12-26T01:57:24.483Z] moved to OPEN state
2020-12-26 01:57:27,483 [pool-650-thread-1] INFO  server.RaftServerConfigKeys (ConfUtils.java:logGet(44)) - raft.server.log.appender.buffer.byte-limit = 33554432 (custom)
2020-12-26 01:57:27,483 [pool-650-thread-1] INFO  server.RaftServerConfigKeys (ConfUtils.java:logGet(44)) - raft.server.log.segment.size.max = 1048576 (custom)
2020-12-26 01:57:27,484 [EventQueue-OpenPipelineForHealthyPipelineSafeModeRule] INFO  safemode.SCMSafeModeManager (HealthyPipelineSafeModeRule.java:process(128)) - SCM in safe mode. Healthy pipelines reported count is 0, required healthy pipeline reported count is 1
2020-12-26 01:57:27,484 [pool-650-thread-1] INFO  server.RaftServerConfigKeys (ConfUtils.java:logGet(44)) - raft.server.log.segment.cache.num.max = 2 (custom)
2020-12-26 01:57:27,484 [pool-650-thread-1] INFO  server.RaftServerConfigKeys (ConfUtils.java:logGet(44)) - raft.server.log.segment.cache.size.max = 200MB (=209715200) (default)
2020-12-26 01:57:27,484 [pool-650-thread-1] INFO  segmented.SegmentedRaftLogWorker (SegmentedRaftLogWorker.java:<init>(181)) - new c7c2d1d0-24bf-4086-b8ac-f9c9c7e07f42@group-B42F238E776C-SegmentedRaftLogWorker for RaftStorage:Storage Directory /github/workspace/mnt/ozone/hadoop-ozone/integration-test/target/test-dir/MiniOzoneClusterImpl-b0bbc67e-6e78-4c8b-9c9f-814a2ca087f9/datanode-0/data/ratis/7d123b2d-022e-444b-a472-b42f238e776c
2020-12-26 01:57:27,484 [pool-650-thread-1] INFO  server.RaftServerConfigKeys (ConfUtils.java:logGet(44)) - raft.server.log.queue.byte-limit = 2147483647 (custom)
2020-12-26 01:57:27,484 [pool-650-thread-1] INFO  server.RaftServerConfigKeys (ConfUtils.java:logGet(44)) - raft.server.log.queue.element-limit = 1024 (custom)
2020-12-26 01:57:27,484 [pool-650-thread-1] INFO  server.RaftServerConfigKeys (ConfUtils.java:logGet(44)) - raft.server.log.segment.size.max = 1048576 (custom)
2020-12-26 01:57:27,485 [pool-650-thread-1] INFO  server.RaftServerConfigKeys (ConfUtils.java:logGet(44)) - raft.server.log.preallocated.size = 16384 (custom)
2020-12-26 01:57:27,485 [pool-650-thread-1] INFO  server.RaftServerConfigKeys (ConfUtils.java:logGet(44)) - raft.server.log.force.sync.num = 128 (default)
2020-12-26 01:57:27,485 [pool-650-thread-1] INFO  server.RaftServerConfigKeys (ConfUtils.java:logGet(44)) - raft.server.log.statemachine.data.sync = true (default)
2020-12-26 01:57:27,485 [pool-650-thread-1] INFO  server.RaftServerConfigKeys (ConfUtils.java:logGet(44)) - raft.server.log.statemachine.data.sync.timeout = 10s (default)
2020-12-26 01:57:27,485 [pool-650-thread-1] INFO  server.RaftServerConfigKeys (ConfUtils.java:logGet(44)) - raft.server.log.statemachine.data.sync.timeout.retry = -1 (default)
2020-12-26 01:57:27,487 [pool-650-thread-1] INFO  server.RaftServerConfigKeys (ConfUtils.java:logGet(44)) - raft.server.log.write.buffer.size = 1048576 (custom)
2020-12-26 01:57:27,487 [pool-650-thread-1] INFO  server.RaftServerConfigKeys (ConfUtils.java:logGet(44)) - raft.server.log.statemachine.data.caching.enabled = true (custom)
2020-12-26 01:57:27,487 [pool-650-thread-1] INFO  segmented.SegmentedRaftLogWorker (SegmentedRaftLogWorker.java:lambda$new$0(132)) - c7c2d1d0-24bf-4086-b8ac-f9c9c7e07f42@group-B42F238E776C-SegmentedRaftLogWorker: flushIndex: setUnconditionally 0 -> -1
2020-12-26 01:57:27,488 [pool-650-thread-1] INFO  segmented.SegmentedRaftLogWorker (SegmentedRaftLogWorker.java:lambda$new$0(132)) - c7c2d1d0-24bf-4086-b8ac-f9c9c7e07f42@group-B42F238E776C-SegmentedRaftLogWorker: safeCacheEvictIndex: setUnconditionally 0 -> -1
2020-12-26 01:57:27,488 [pool-650-thread-1] INFO  server.RaftServerConfigKeys (ConfUtils.java:logGet(44)) - raft.server.snapshot.auto.trigger.enabled = true (custom)
2020-12-26 01:57:27,488 [pool-650-thread-1] INFO  server.RaftServerConfigKeys (ConfUtils.java:logGet(44)) - raft.server.snapshot.auto.trigger.threshold = 10000 (custom)
2020-12-26 01:57:27,488 [pool-650-thread-1] INFO  server.RaftServerConfigKeys (ConfUtils.java:logGet(44)) - raft.server.snapshot.retention.file.num = 5 (custom)
2020-12-26 01:57:27,488 [pool-650-thread-1] INFO  server.RaftServerConfigKeys (ConfUtils.java:logGet(44)) - raft.server.log.purge.upto.snapshot.index = false (default)
2020-12-26 01:57:27,488 [pool-650-thread-1] INFO  server.RaftServerConfigKeys (ConfUtils.java:logGet(44)) - raft.server.retrycache.expirytime = 600000ms (custom)
2020-12-26 01:57:27,488 [pool-650-thread-1] INFO  server.RaftServerConfigKeys (ConfUtils.java:logGet(44)) - raft.server.retrycache.statistics.expirytime = 100?s (default)
2020-12-26 01:57:27,488 [pool-650-thread-1] INFO  metrics.RatisMetrics (RatisMetrics.java:lambda$create$0(36)) - Creating Metrics Registry : ratis.leader_election.c7c2d1d0-24bf-4086-b8ac-f9c9c7e07f42@group-B42F238E776C
2020-12-26 01:57:27,489 [pool-650-thread-1] INFO  metrics.RatisMetrics (RatisMetrics.java:lambda$create$0(36)) - Creating Metrics Registry : ratis.server.c7c2d1d0-24bf-4086-b8ac-f9c9c7e07f42@group-B42F238E776C
2020-12-26 01:57:27,490 [pool-650-thread-1] INFO  server.RaftServer$Division (RaftServerImpl.java:start(286)) - c7c2d1d0-24bf-4086-b8ac-f9c9c7e07f42@group-B42F238E776C: start as a follower, conf=-1: [c7c2d1d0-24bf-4086-b8ac-f9c9c7e07f42|rpc:172.17.0.2:44251], old=null
2020-12-26 01:57:27,490 [pool-650-thread-1] INFO  server.RaftServer$Division (RaftServerImpl.java:setRole(275)) - c7c2d1d0-24bf-4086-b8ac-f9c9c7e07f42@group-B42F238E776C: changes role from      null to FOLLOWER at term 0 for startAsFollower
2020-12-26 01:57:27,491 [pool-650-thread-1] INFO  impl.RoleInfo (RoleInfo.java:updateAndGet(130)) - c7c2d1d0-24bf-4086-b8ac-f9c9c7e07f42: start c7c2d1d0-24bf-4086-b8ac-f9c9c7e07f42@group-B42F238E776C-FollowerState
2020-12-26 01:57:27,491 [pool-650-thread-1] INFO  util.JmxRegister (JmxRegister.java:tryRegister(44)) - Successfully registered JMX Bean with object name Ratis:service=RaftServer,group=group-B42F238E776C,id=c7c2d1d0-24bf-4086-b8ac-f9c9c7e07f42
2020-12-26 01:57:27,491 [pool-650-thread-1] INFO  metrics.RatisMetrics (RatisMetrics.java:lambda$create$0(36)) - Creating Metrics Registry : ratis.state_machine.c7c2d1d0-24bf-4086-b8ac-f9c9c7e07f42@group-B42F238E776C
2020-12-26 01:57:27,492 [Command processor thread] INFO  commandhandler.CreatePipelineCommandHandler (CreatePipelineCommandHandler.java:handle(106)) - Created Pipeline RATIS ONE PipelineID=7d123b2d-022e-444b-a472-b42f238e776c.
2020-12-26 01:57:27,492 [Command processor thread] INFO  server.RaftServer (RaftServerProxy.java:addNew(93)) - c7c2d1d0-24bf-4086-b8ac-f9c9c7e07f42: addNew group-BE28A4447053:[a9229adb-278c-43ef-9666-e3cbf980c0ea|rpc:172.17.0.2:43985, 03a4ab30-7c3b-428c-926c-31d823ed78af|rpc:172.17.0.2:35853, c7c2d1d0-24bf-4086-b8ac-f9c9c7e07f42|rpc:172.17.0.2:44251] returns group-BE28A4447053:java.util.concurrent.CompletableFuture@33c9b865[Not completed]
2020-12-26 01:57:27,493 [pool-650-thread-1] INFO  server.RaftServer$Division (RaftServerImpl.java:<init>(173)) - c7c2d1d0-24bf-4086-b8ac-f9c9c7e07f42: new RaftServerImpl for group-BE28A4447053:[a9229adb-278c-43ef-9666-e3cbf980c0ea|rpc:172.17.0.2:43985, 03a4ab30-7c3b-428c-926c-31d823ed78af|rpc:172.17.0.2:35853, c7c2d1d0-24bf-4086-b8ac-f9c9c7e07f42|rpc:172.17.0.2:44251] with ContainerStateMachine:uninitialized
2020-12-26 01:57:27,493 [pool-650-thread-1] INFO  server.RaftServerConfigKeys (ConfUtils.java:logGet(44)) - raft.server.rpc.timeout.min = 5s (custom)
2020-12-26 01:57:27,493 [pool-650-thread-1] INFO  server.RaftServerConfigKeys (ConfUtils.java:logGet(44)) - raft.server.rpc.timeout.max = 5200ms (custom)
2020-12-26 01:57:27,493 [pool-650-thread-1] INFO  server.RaftServerConfigKeys (ConfUtils.java:logGet(44)) - raft.server.rpc.sleep.time = 25ms (default)
2020-12-26 01:57:27,493 [pool-650-thread-1] INFO  server.RaftServerConfigKeys (ConfUtils.java:logGet(44)) - raft.server.rpc.slowness.timeout = 300000ms (custom)
2020-12-26 01:57:27,493 [pool-650-thread-1] INFO  server.RaftServerConfigKeys (ConfUtils.java:logGet(44)) - raft.server.leaderelection.leader.step-down.wait-time = 10s (default)
2020-12-26 01:57:27,493 [pool-650-thread-1] INFO  server.RaftServerConfigKeys (ConfUtils.java:logGet(44)) - raft.server.sleep.deviation.threshold = 300ms (default)
2020-12-26 01:57:27,493 [pool-650-thread-1] INFO  server.RaftServerConfigKeys (ConfUtils.java:logGet(44)) - raft.server.log.appender.install.snapshot.enabled = false (custom)
2020-12-26 01:57:27,493 [pool-650-thread-1] INFO  server.RaftServer$Division (ServerState.java:<init>(104)) - c7c2d1d0-24bf-4086-b8ac-f9c9c7e07f42@group-BE28A4447053: ConfigurationManager, init=-1: [a9229adb-278c-43ef-9666-e3cbf980c0ea|rpc:172.17.0.2:43985, 03a4ab30-7c3b-428c-926c-31d823ed78af|rpc:172.17.0.2:35853, c7c2d1d0-24bf-4086-b8ac-f9c9c7e07f42|rpc:172.17.0.2:44251], old=null, confs=<EMPTY_MAP>
2020-12-26 01:57:27,493 [pool-650-thread-1] INFO  server.RaftServerConfigKeys (ConfUtils.java:logGet(44)) - raft.server.storage.dir = [/github/workspace/mnt/ozone/hadoop-ozone/integration-test/target/test-dir/MiniOzoneClusterImpl-b0bbc67e-6e78-4c8b-9c9f-814a2ca087f9/datanode-0/data/ratis] (custom)
2020-12-26 01:57:27,493 [pool-650-thread-1] INFO  server.RaftServerConfigKeys (ConfUtils.java:logGet(44)) - raft.server.log.corruption.policy = EXCEPTION (default)
2020-12-26 01:57:27,494 [pool-650-thread-1] INFO  storage.RaftStorageDirectory (RaftStorageDirectory.java:analyzeStorage(260)) - The storage directory /github/workspace/mnt/ozone/hadoop-ozone/integration-test/target/test-dir/MiniOzoneClusterImpl-b0bbc67e-6e78-4c8b-9c9f-814a2ca087f9/datanode-0/data/ratis/531cb22c-be6d-463e-b99c-be28a4447053 does not exist. Creating ...
2020-12-26 01:57:27,494 [pool-650-thread-1] INFO  storage.RaftStorageDirectory (RaftStorageDirectory.java:tryLock(342)) - Lock on /github/workspace/mnt/ozone/hadoop-ozone/integration-test/target/test-dir/MiniOzoneClusterImpl-b0bbc67e-6e78-4c8b-9c9f-814a2ca087f9/datanode-0/data/ratis/531cb22c-be6d-463e-b99c-be28a4447053/in_use.lock acquired by nodename 7066@140068b710f1
2020-12-26 01:57:27,495 [pool-650-thread-1] INFO  storage.RaftStorage (RaftStorage.java:format(89)) - Storage directory /github/workspace/mnt/ozone/hadoop-ozone/integration-test/target/test-dir/MiniOzoneClusterImpl-b0bbc67e-6e78-4c8b-9c9f-814a2ca087f9/datanode-0/data/ratis/531cb22c-be6d-463e-b99c-be28a4447053 has been successfully formatted.
2020-12-26 01:57:27,496 [pool-650-thread-1] INFO  ratis.ContainerStateMachine (ContainerStateMachine.java:loadSnapshot(223)) - group-BE28A4447053: The snapshot info is null. Setting the last applied indexto:(t:0, i:~)
2020-12-26 01:57:27,496 [pool-650-thread-1] ERROR storage.RaftStorage (RaftStorage.java:readRaftConfiguration(152)) - Failed reading configuration from file:/github/workspace/mnt/ozone/hadoop-ozone/integration-test/target/test-dir/MiniOzoneClusterImpl-b0bbc67e-6e78-4c8b-9c9f-814a2ca087f9/datanode-0/data/ratis/531cb22c-be6d-463e-b99c-be28a4447053/current/raft-meta.conf
java.io.FileNotFoundException: /github/workspace/mnt/ozone/hadoop-ozone/integration-test/target/test-dir/MiniOzoneClusterImpl-b0bbc67e-6e78-4c8b-9c9f-814a2ca087f9/datanode-0/data/ratis/531cb22c-be6d-463e-b99c-be28a4447053/current/raft-meta.conf (No such file or directory)
	at java.io.FileInputStream.open0(Native Method)
	at java.io.FileInputStream.open(FileInputStream.java:195)
	at java.io.FileInputStream.<init>(FileInputStream.java:138)
	at org.apache.ratis.server.storage.RaftStorage.readRaftConfiguration(RaftStorage.java:148)
	at org.apache.ratis.server.impl.ServerState.initStatemachine(ServerState.java:167)
	at org.apache.ratis.server.impl.ServerState.<init>(ServerState.java:112)
	at org.apache.ratis.server.impl.RaftServerImpl.<init>(RaftServerImpl.java:186)
	at org.apache.ratis.server.impl.RaftServerProxy.lambda$newRaftServerImpl$4(RaftServerProxy.java:264)
	at java.util.concurrent.CompletableFuture$AsyncSupply.run(CompletableFuture.java:1604)
	at java.util.concurrent.ThreadPoolExecutor.runWorker(ThreadPoolExecutor.java:1149)
	at java.util.concurrent.ThreadPoolExecutor$Worker.run(ThreadPoolExecutor.java:624)
	at java.lang.Thread.run(Thread.java:748)
2020-12-26 01:57:27,496 [pool-650-thread-1] INFO  server.RaftServerConfigKeys (ConfUtils.java:logGet(44)) - raft.server.notification.no-leader.timeout = 300000ms (custom)
2020-12-26 01:57:27,496 [pool-650-thread-1] INFO  server.RaftServerConfigKeys (ConfUtils.java:logGet(44)) - raft.server.log.use.memory = false (default)
2020-12-26 01:57:27,496 [pool-650-thread-1] INFO  server.RaftServerConfigKeys (ConfUtils.java:logGet(44)) - raft.server.log.purge.gap = 1000000 (custom)
2020-12-26 01:57:27,497 [pool-650-thread-1] INFO  metrics.RatisMetrics (RatisMetrics.java:lambda$create$0(36)) - Creating Metrics Registry : ratis.log_worker.c7c2d1d0-24bf-4086-b8ac-f9c9c7e07f42@group-BE28A4447053
2020-12-26 01:57:27,497 [pool-650-thread-1] INFO  server.RaftServerConfigKeys (ConfUtils.java:logGet(44)) - raft.server.log.appender.buffer.byte-limit = 33554432 (custom)
2020-12-26 01:57:27,497 [pool-650-thread-1] INFO  server.RaftServerConfigKeys (ConfUtils.java:logGet(44)) - raft.server.log.segment.size.max = 1048576 (custom)
2020-12-26 01:57:27,497 [EventQueue-PipelineReportForOneReplicaPipelineSafeModeRule] INFO  safemode.SCMSafeModeManager (SCMSafeModeManager.java:validateSafeModeExitRules(214)) - AtleastOneDatanodeReportedRule rule is successfully validated
2020-12-26 01:57:27,498 [EventQueue-OpenPipelineForHealthyPipelineSafeModeRule] INFO  safemode.SCMSafeModeManager (HealthyPipelineSafeModeRule.java:process(128)) - SCM in safe mode. Healthy pipelines reported count is 0, required healthy pipeline reported count is 1
2020-12-26 01:57:27,498 [pool-650-thread-1] INFO  server.RaftServerConfigKeys (ConfUtils.java:logGet(44)) - raft.server.log.segment.cache.num.max = 2 (custom)
2020-12-26 01:57:27,498 [pool-650-thread-1] INFO  server.RaftServerConfigKeys (ConfUtils.java:logGet(44)) - raft.server.log.segment.cache.size.max = 200MB (=209715200) (default)
2020-12-26 01:57:27,498 [pool-650-thread-1] INFO  segmented.SegmentedRaftLogWorker (SegmentedRaftLogWorker.java:<init>(181)) - new c7c2d1d0-24bf-4086-b8ac-f9c9c7e07f42@group-BE28A4447053-SegmentedRaftLogWorker for RaftStorage:Storage Directory /github/workspace/mnt/ozone/hadoop-ozone/integration-test/target/test-dir/MiniOzoneClusterImpl-b0bbc67e-6e78-4c8b-9c9f-814a2ca087f9/datanode-0/data/ratis/531cb22c-be6d-463e-b99c-be28a4447053
2020-12-26 01:57:27,498 [pool-650-thread-1] INFO  server.RaftServerConfigKeys (ConfUtils.java:logGet(44)) - raft.server.log.queue.byte-limit = 2147483647 (custom)
2020-12-26 01:57:27,498 [pool-650-thread-1] INFO  server.RaftServerConfigKeys (ConfUtils.java:logGet(44)) - raft.server.log.queue.element-limit = 1024 (custom)
2020-12-26 01:57:27,498 [pool-650-thread-1] INFO  server.RaftServerConfigKeys (ConfUtils.java:logGet(44)) - raft.server.log.segment.size.max = 1048576 (custom)
2020-12-26 01:57:27,498 [pool-650-thread-1] INFO  server.RaftServerConfigKeys (ConfUtils.java:logGet(44)) - raft.server.log.preallocated.size = 16384 (custom)
2020-12-26 01:57:27,498 [pool-650-thread-1] INFO  server.RaftServerConfigKeys (ConfUtils.java:logGet(44)) - raft.server.log.force.sync.num = 128 (default)
2020-12-26 01:57:27,499 [pool-650-thread-1] INFO  server.RaftServerConfigKeys (ConfUtils.java:logGet(44)) - raft.server.log.statemachine.data.sync = true (default)
2020-12-26 01:57:27,499 [pool-650-thread-1] INFO  server.RaftServerConfigKeys (ConfUtils.java:logGet(44)) - raft.server.log.statemachine.data.sync.timeout = 10s (default)
2020-12-26 01:57:27,499 [pool-650-thread-1] INFO  server.RaftServerConfigKeys (ConfUtils.java:logGet(44)) - raft.server.log.statemachine.data.sync.timeout.retry = -1 (default)
2020-12-26 01:57:27,500 [pool-650-thread-1] INFO  server.RaftServerConfigKeys (ConfUtils.java:logGet(44)) - raft.server.log.write.buffer.size = 1048576 (custom)
2020-12-26 01:57:27,501 [pool-650-thread-1] INFO  server.RaftServerConfigKeys (ConfUtils.java:logGet(44)) - raft.server.log.statemachine.data.caching.enabled = true (custom)
2020-12-26 01:57:27,501 [pool-650-thread-1] INFO  segmented.SegmentedRaftLogWorker (SegmentedRaftLogWorker.java:lambda$new$0(132)) - c7c2d1d0-24bf-4086-b8ac-f9c9c7e07f42@group-BE28A4447053-SegmentedRaftLogWorker: flushIndex: setUnconditionally 0 -> -1
2020-12-26 01:57:27,501 [pool-650-thread-1] INFO  segmented.SegmentedRaftLogWorker (SegmentedRaftLogWorker.java:lambda$new$0(132)) - c7c2d1d0-24bf-4086-b8ac-f9c9c7e07f42@group-BE28A4447053-SegmentedRaftLogWorker: safeCacheEvictIndex: setUnconditionally 0 -> -1
2020-12-26 01:57:27,503 [pool-650-thread-1] INFO  server.RaftServerConfigKeys (ConfUtils.java:logGet(44)) - raft.server.snapshot.auto.trigger.enabled = true (custom)
2020-12-26 01:57:27,503 [pool-650-thread-1] INFO  server.RaftServerConfigKeys (ConfUtils.java:logGet(44)) - raft.server.snapshot.auto.trigger.threshold = 10000 (custom)
2020-12-26 01:57:27,503 [pool-650-thread-1] INFO  server.RaftServerConfigKeys (ConfUtils.java:logGet(44)) - raft.server.snapshot.retention.file.num = 5 (custom)
2020-12-26 01:57:27,503 [pool-650-thread-1] INFO  server.RaftServerConfigKeys (ConfUtils.java:logGet(44)) - raft.server.log.purge.upto.snapshot.index = false (default)
2020-12-26 01:57:27,503 [pool-650-thread-1] INFO  server.RaftServerConfigKeys (ConfUtils.java:logGet(44)) - raft.server.retrycache.expirytime = 600000ms (custom)
2020-12-26 01:57:27,503 [pool-650-thread-1] INFO  server.RaftServerConfigKeys (ConfUtils.java:logGet(44)) - raft.server.retrycache.statistics.expirytime = 100?s (default)
2020-12-26 01:57:27,503 [pool-650-thread-1] INFO  metrics.RatisMetrics (RatisMetrics.java:lambda$create$0(36)) - Creating Metrics Registry : ratis.leader_election.c7c2d1d0-24bf-4086-b8ac-f9c9c7e07f42@group-BE28A4447053
2020-12-26 01:57:27,504 [pool-650-thread-1] INFO  metrics.RatisMetrics (RatisMetrics.java:lambda$create$0(36)) - Creating Metrics Registry : ratis.server.c7c2d1d0-24bf-4086-b8ac-f9c9c7e07f42@group-BE28A4447053
2020-12-26 01:57:27,506 [pool-650-thread-1] INFO  server.RaftServer$Division (RaftServerImpl.java:start(286)) - c7c2d1d0-24bf-4086-b8ac-f9c9c7e07f42@group-BE28A4447053: start as a follower, conf=-1: [a9229adb-278c-43ef-9666-e3cbf980c0ea|rpc:172.17.0.2:43985, 03a4ab30-7c3b-428c-926c-31d823ed78af|rpc:172.17.0.2:35853, c7c2d1d0-24bf-4086-b8ac-f9c9c7e07f42|rpc:172.17.0.2:44251], old=null
2020-12-26 01:57:27,506 [pool-650-thread-1] INFO  server.RaftServer$Division (RaftServerImpl.java:setRole(275)) - c7c2d1d0-24bf-4086-b8ac-f9c9c7e07f42@group-BE28A4447053: changes role from      null to FOLLOWER at term 0 for startAsFollower
2020-12-26 01:57:27,506 [pool-650-thread-1] INFO  impl.RoleInfo (RoleInfo.java:updateAndGet(130)) - c7c2d1d0-24bf-4086-b8ac-f9c9c7e07f42: start c7c2d1d0-24bf-4086-b8ac-f9c9c7e07f42@group-BE28A4447053-FollowerState
2020-12-26 01:57:27,506 [pool-650-thread-1] INFO  util.JmxRegister (JmxRegister.java:tryRegister(44)) - Successfully registered JMX Bean with object name Ratis:service=RaftServer,group=group-BE28A4447053,id=c7c2d1d0-24bf-4086-b8ac-f9c9c7e07f42
2020-12-26 01:57:27,506 [pool-650-thread-1] INFO  metrics.RatisMetrics (RatisMetrics.java:lambda$create$0(36)) - Creating Metrics Registry : ratis.state_machine.c7c2d1d0-24bf-4086-b8ac-f9c9c7e07f42@group-BE28A4447053
2020-12-26 01:57:27,508 [Command processor thread] INFO  metrics.RatisMetrics (RatisMetrics.java:lambda$create$0(36)) - Creating Metrics Registry : ratis.client_message_metrics.client-1F58A86BB1E4->03a4ab30-7c3b-428c-926c-31d823ed78af
2020-12-26 01:57:27,513 [grpc-default-executor-6] INFO  metrics.RatisMetrics (RatisMetrics.java:lambda$create$0(36)) - Creating Metrics Registry : ratis.server_message_metrics.03a4ab30-7c3b-428c-926c-31d823ed78af
2020-12-26 01:57:27,515 [grpc-default-executor-6] INFO  server.RaftServer (RaftServerProxy.java:addNew(93)) - 03a4ab30-7c3b-428c-926c-31d823ed78af: addNew group-BE28A4447053:[a9229adb-278c-43ef-9666-e3cbf980c0ea|rpc:172.17.0.2:43985|dataStream:, 03a4ab30-7c3b-428c-926c-31d823ed78af|rpc:172.17.0.2:35853|dataStream:, c7c2d1d0-24bf-4086-b8ac-f9c9c7e07f42|rpc:172.17.0.2:44251|dataStream:] returns group-BE28A4447053:java.util.concurrent.CompletableFuture@1af879d6[Not completed]
2020-12-26 01:57:27,515 [pool-682-thread-1] INFO  server.RaftServer$Division (RaftServerImpl.java:<init>(173)) - 03a4ab30-7c3b-428c-926c-31d823ed78af: new RaftServerImpl for group-BE28A4447053:[a9229adb-278c-43ef-9666-e3cbf980c0ea|rpc:172.17.0.2:43985|dataStream:, 03a4ab30-7c3b-428c-926c-31d823ed78af|rpc:172.17.0.2:35853|dataStream:, c7c2d1d0-24bf-4086-b8ac-f9c9c7e07f42|rpc:172.17.0.2:44251|dataStream:] with ContainerStateMachine:uninitialized
2020-12-26 01:57:27,516 [pool-682-thread-1] INFO  server.RaftServerConfigKeys (ConfUtils.java:logGet(44)) - raft.server.rpc.timeout.min = 5s (custom)
2020-12-26 01:57:27,516 [pool-682-thread-1] INFO  server.RaftServerConfigKeys (ConfUtils.java:logGet(44)) - raft.server.rpc.timeout.max = 5200ms (custom)
2020-12-26 01:57:27,516 [pool-682-thread-1] INFO  server.RaftServerConfigKeys (ConfUtils.java:logGet(44)) - raft.server.rpc.sleep.time = 25ms (default)
2020-12-26 01:57:27,516 [pool-682-thread-1] INFO  server.RaftServerConfigKeys (ConfUtils.java:logGet(44)) - raft.server.rpc.slowness.timeout = 300000ms (custom)
2020-12-26 01:57:27,516 [pool-682-thread-1] INFO  server.RaftServerConfigKeys (ConfUtils.java:logGet(44)) - raft.server.leaderelection.leader.step-down.wait-time = 10s (default)
2020-12-26 01:57:27,517 [pool-682-thread-1] INFO  server.RaftServerConfigKeys (ConfUtils.java:logGet(44)) - raft.server.sleep.deviation.threshold = 300ms (default)
2020-12-26 01:57:27,517 [pool-682-thread-1] INFO  server.RaftServerConfigKeys (ConfUtils.java:logGet(44)) - raft.server.log.appender.install.snapshot.enabled = false (custom)
2020-12-26 01:57:27,517 [pool-682-thread-1] INFO  server.RaftServer$Division (ServerState.java:<init>(104)) - 03a4ab30-7c3b-428c-926c-31d823ed78af@group-BE28A4447053: ConfigurationManager, init=-1: [a9229adb-278c-43ef-9666-e3cbf980c0ea|rpc:172.17.0.2:43985|dataStream:, 03a4ab30-7c3b-428c-926c-31d823ed78af|rpc:172.17.0.2:35853|dataStream:, c7c2d1d0-24bf-4086-b8ac-f9c9c7e07f42|rpc:172.17.0.2:44251|dataStream:], old=null, confs=<EMPTY_MAP>
2020-12-26 01:57:27,517 [pool-682-thread-1] INFO  server.RaftServerConfigKeys (ConfUtils.java:logGet(44)) - raft.server.storage.dir = [/github/workspace/mnt/ozone/hadoop-ozone/integration-test/target/test-dir/MiniOzoneClusterImpl-b0bbc67e-6e78-4c8b-9c9f-814a2ca087f9/datanode-2/data/ratis] (custom)
2020-12-26 01:57:27,517 [pool-682-thread-1] INFO  server.RaftServerConfigKeys (ConfUtils.java:logGet(44)) - raft.server.log.corruption.policy = EXCEPTION (default)
2020-12-26 01:57:27,517 [pool-682-thread-1] INFO  storage.RaftStorageDirectory (RaftStorageDirectory.java:analyzeStorage(260)) - The storage directory /github/workspace/mnt/ozone/hadoop-ozone/integration-test/target/test-dir/MiniOzoneClusterImpl-b0bbc67e-6e78-4c8b-9c9f-814a2ca087f9/datanode-2/data/ratis/531cb22c-be6d-463e-b99c-be28a4447053 does not exist. Creating ...
2020-12-26 01:57:27,518 [pool-682-thread-1] INFO  storage.RaftStorageDirectory (RaftStorageDirectory.java:tryLock(342)) - Lock on /github/workspace/mnt/ozone/hadoop-ozone/integration-test/target/test-dir/MiniOzoneClusterImpl-b0bbc67e-6e78-4c8b-9c9f-814a2ca087f9/datanode-2/data/ratis/531cb22c-be6d-463e-b99c-be28a4447053/in_use.lock acquired by nodename 7066@140068b710f1
2020-12-26 01:57:27,519 [pool-682-thread-1] INFO  storage.RaftStorage (RaftStorage.java:format(89)) - Storage directory /github/workspace/mnt/ozone/hadoop-ozone/integration-test/target/test-dir/MiniOzoneClusterImpl-b0bbc67e-6e78-4c8b-9c9f-814a2ca087f9/datanode-2/data/ratis/531cb22c-be6d-463e-b99c-be28a4447053 has been successfully formatted.
2020-12-26 01:57:27,520 [pool-682-thread-1] INFO  ratis.ContainerStateMachine (ContainerStateMachine.java:loadSnapshot(223)) - group-BE28A4447053: The snapshot info is null. Setting the last applied indexto:(t:0, i:~)
2020-12-26 01:57:27,520 [pool-682-thread-1] ERROR storage.RaftStorage (RaftStorage.java:readRaftConfiguration(152)) - Failed reading configuration from file:/github/workspace/mnt/ozone/hadoop-ozone/integration-test/target/test-dir/MiniOzoneClusterImpl-b0bbc67e-6e78-4c8b-9c9f-814a2ca087f9/datanode-2/data/ratis/531cb22c-be6d-463e-b99c-be28a4447053/current/raft-meta.conf
java.io.FileNotFoundException: /github/workspace/mnt/ozone/hadoop-ozone/integration-test/target/test-dir/MiniOzoneClusterImpl-b0bbc67e-6e78-4c8b-9c9f-814a2ca087f9/datanode-2/data/ratis/531cb22c-be6d-463e-b99c-be28a4447053/current/raft-meta.conf (No such file or directory)
	at java.io.FileInputStream.open0(Native Method)
	at java.io.FileInputStream.open(FileInputStream.java:195)
	at java.io.FileInputStream.<init>(FileInputStream.java:138)
	at org.apache.ratis.server.storage.RaftStorage.readRaftConfiguration(RaftStorage.java:148)
	at org.apache.ratis.server.impl.ServerState.initStatemachine(ServerState.java:167)
	at org.apache.ratis.server.impl.ServerState.<init>(ServerState.java:112)
	at org.apache.ratis.server.impl.RaftServerImpl.<init>(RaftServerImpl.java:186)
	at org.apache.ratis.server.impl.RaftServerProxy.lambda$newRaftServerImpl$4(RaftServerProxy.java:264)
	at java.util.concurrent.CompletableFuture$AsyncSupply.run(CompletableFuture.java:1604)
	at java.util.concurrent.ThreadPoolExecutor.runWorker(ThreadPoolExecutor.java:1149)
	at java.util.concurrent.ThreadPoolExecutor$Worker.run(ThreadPoolExecutor.java:624)
	at java.lang.Thread.run(Thread.java:748)
2020-12-26 01:57:27,520 [pool-682-thread-1] INFO  server.RaftServerConfigKeys (ConfUtils.java:logGet(44)) - raft.server.notification.no-leader.timeout = 300000ms (custom)
2020-12-26 01:57:27,520 [pool-682-thread-1] INFO  server.RaftServerConfigKeys (ConfUtils.java:logGet(44)) - raft.server.log.use.memory = false (default)
2020-12-26 01:57:27,520 [pool-682-thread-1] INFO  server.RaftServerConfigKeys (ConfUtils.java:logGet(44)) - raft.server.log.purge.gap = 1000000 (custom)
2020-12-26 01:57:27,520 [pool-682-thread-1] INFO  metrics.RatisMetrics (RatisMetrics.java:lambda$create$0(36)) - Creating Metrics Registry : ratis.log_worker.03a4ab30-7c3b-428c-926c-31d823ed78af@group-BE28A4447053
2020-12-26 01:57:27,520 [pool-682-thread-1] INFO  server.RaftServerConfigKeys (ConfUtils.java:logGet(44)) - raft.server.log.appender.buffer.byte-limit = 33554432 (custom)
2020-12-26 01:57:27,520 [EventQueue-PipelineReportForOneReplicaPipelineSafeModeRule] INFO  safemode.SCMSafeModeManager (SCMSafeModeManager.java:validateSafeModeExitRules(214)) - AtleastOneDatanodeReportedRule rule is successfully validated
2020-12-26 01:57:27,521 [pool-682-thread-1] INFO  server.RaftServerConfigKeys (ConfUtils.java:logGet(44)) - raft.server.log.segment.size.max = 1048576 (custom)
2020-12-26 01:57:27,522 [pool-682-thread-1] INFO  server.RaftServerConfigKeys (ConfUtils.java:logGet(44)) - raft.server.log.segment.cache.num.max = 2 (custom)
2020-12-26 01:57:27,522 [pool-682-thread-1] INFO  server.RaftServerConfigKeys (ConfUtils.java:logGet(44)) - raft.server.log.segment.cache.size.max = 200MB (=209715200) (default)
2020-12-26 01:57:27,522 [pool-682-thread-1] INFO  segmented.SegmentedRaftLogWorker (SegmentedRaftLogWorker.java:<init>(181)) - new 03a4ab30-7c3b-428c-926c-31d823ed78af@group-BE28A4447053-SegmentedRaftLogWorker for RaftStorage:Storage Directory /github/workspace/mnt/ozone/hadoop-ozone/integration-test/target/test-dir/MiniOzoneClusterImpl-b0bbc67e-6e78-4c8b-9c9f-814a2ca087f9/datanode-2/data/ratis/531cb22c-be6d-463e-b99c-be28a4447053
2020-12-26 01:57:27,522 [pool-682-thread-1] INFO  server.RaftServerConfigKeys (ConfUtils.java:logGet(44)) - raft.server.log.queue.byte-limit = 2147483647 (custom)
2020-12-26 01:57:27,522 [pool-682-thread-1] INFO  server.RaftServerConfigKeys (ConfUtils.java:logGet(44)) - raft.server.log.queue.element-limit = 1024 (custom)
2020-12-26 01:57:27,522 [pool-682-thread-1] INFO  server.RaftServerConfigKeys (ConfUtils.java:logGet(44)) - raft.server.log.segment.size.max = 1048576 (custom)
2020-12-26 01:57:27,522 [pool-682-thread-1] INFO  server.RaftServerConfigKeys (ConfUtils.java:logGet(44)) - raft.server.log.preallocated.size = 16384 (custom)
2020-12-26 01:57:27,522 [pool-682-thread-1] INFO  server.RaftServerConfigKeys (ConfUtils.java:logGet(44)) - raft.server.log.force.sync.num = 128 (default)
2020-12-26 01:57:27,522 [pool-682-thread-1] INFO  server.RaftServerConfigKeys (ConfUtils.java:logGet(44)) - raft.server.log.statemachine.data.sync = true (default)
2020-12-26 01:57:27,522 [pool-682-thread-1] INFO  server.RaftServerConfigKeys (ConfUtils.java:logGet(44)) - raft.server.log.statemachine.data.sync.timeout = 10s (default)
2020-12-26 01:57:27,522 [pool-682-thread-1] INFO  server.RaftServerConfigKeys (ConfUtils.java:logGet(44)) - raft.server.log.statemachine.data.sync.timeout.retry = -1 (default)
2020-12-26 01:57:27,524 [pool-682-thread-1] INFO  server.RaftServerConfigKeys (ConfUtils.java:logGet(44)) - raft.server.log.write.buffer.size = 1048576 (custom)
2020-12-26 01:57:27,525 [pool-682-thread-1] INFO  server.RaftServerConfigKeys (ConfUtils.java:logGet(44)) - raft.server.log.statemachine.data.caching.enabled = true (custom)
2020-12-26 01:57:27,525 [pool-682-thread-1] INFO  segmented.SegmentedRaftLogWorker (SegmentedRaftLogWorker.java:lambda$new$0(132)) - 03a4ab30-7c3b-428c-926c-31d823ed78af@group-BE28A4447053-SegmentedRaftLogWorker: flushIndex: setUnconditionally 0 -> -1
2020-12-26 01:57:27,525 [pool-682-thread-1] INFO  segmented.SegmentedRaftLogWorker (SegmentedRaftLogWorker.java:lambda$new$0(132)) - 03a4ab30-7c3b-428c-926c-31d823ed78af@group-BE28A4447053-SegmentedRaftLogWorker: safeCacheEvictIndex: setUnconditionally 0 -> -1
2020-12-26 01:57:27,525 [pool-682-thread-1] INFO  server.RaftServerConfigKeys (ConfUtils.java:logGet(44)) - raft.server.snapshot.auto.trigger.enabled = true (custom)
2020-12-26 01:57:27,525 [pool-682-thread-1] INFO  server.RaftServerConfigKeys (ConfUtils.java:logGet(44)) - raft.server.snapshot.auto.trigger.threshold = 10000 (custom)
2020-12-26 01:57:27,525 [pool-682-thread-1] INFO  server.RaftServerConfigKeys (ConfUtils.java:logGet(44)) - raft.server.snapshot.retention.file.num = 5 (custom)
2020-12-26 01:57:27,525 [pool-682-thread-1] INFO  server.RaftServerConfigKeys (ConfUtils.java:logGet(44)) - raft.server.log.purge.upto.snapshot.index = false (default)
2020-12-26 01:57:27,525 [pool-682-thread-1] INFO  server.RaftServerConfigKeys (ConfUtils.java:logGet(44)) - raft.server.retrycache.expirytime = 600000ms (custom)
2020-12-26 01:57:27,526 [pool-682-thread-1] INFO  server.RaftServerConfigKeys (ConfUtils.java:logGet(44)) - raft.server.retrycache.statistics.expirytime = 100?s (default)
2020-12-26 01:57:27,526 [pool-682-thread-1] INFO  metrics.RatisMetrics (RatisMetrics.java:lambda$create$0(36)) - Creating Metrics Registry : ratis.leader_election.03a4ab30-7c3b-428c-926c-31d823ed78af@group-BE28A4447053
2020-12-26 01:57:27,526 [pool-682-thread-1] INFO  metrics.RatisMetrics (RatisMetrics.java:lambda$create$0(36)) - Creating Metrics Registry : ratis.server.03a4ab30-7c3b-428c-926c-31d823ed78af@group-BE28A4447053
2020-12-26 01:57:27,528 [pool-682-thread-1] INFO  server.RaftServer$Division (RaftServerImpl.java:start(286)) - 03a4ab30-7c3b-428c-926c-31d823ed78af@group-BE28A4447053: start as a follower, conf=-1: [a9229adb-278c-43ef-9666-e3cbf980c0ea|rpc:172.17.0.2:43985|dataStream:, 03a4ab30-7c3b-428c-926c-31d823ed78af|rpc:172.17.0.2:35853|dataStream:, c7c2d1d0-24bf-4086-b8ac-f9c9c7e07f42|rpc:172.17.0.2:44251|dataStream:], old=null
2020-12-26 01:57:27,528 [pool-682-thread-1] INFO  server.RaftServer$Division (RaftServerImpl.java:setRole(275)) - 03a4ab30-7c3b-428c-926c-31d823ed78af@group-BE28A4447053: changes role from      null to FOLLOWER at term 0 for startAsFollower
2020-12-26 01:57:27,528 [pool-682-thread-1] INFO  impl.RoleInfo (RoleInfo.java:updateAndGet(130)) - 03a4ab30-7c3b-428c-926c-31d823ed78af: start 03a4ab30-7c3b-428c-926c-31d823ed78af@group-BE28A4447053-FollowerState
2020-12-26 01:57:27,529 [pool-682-thread-1] INFO  util.JmxRegister (JmxRegister.java:tryRegister(44)) - Successfully registered JMX Bean with object name Ratis:service=RaftServer,group=group-BE28A4447053,id=03a4ab30-7c3b-428c-926c-31d823ed78af
2020-12-26 01:57:27,529 [pool-682-thread-1] INFO  metrics.RatisMetrics (RatisMetrics.java:lambda$create$0(36)) - Creating Metrics Registry : ratis.state_machine.03a4ab30-7c3b-428c-926c-31d823ed78af@group-BE28A4447053
2020-12-26 01:57:27,535 [Command processor thread] INFO  metrics.RatisMetrics (RatisMetrics.java:lambda$create$0(36)) - Creating Metrics Registry : ratis.client_message_metrics.client-D29B2572D41E->a9229adb-278c-43ef-9666-e3cbf980c0ea
2020-12-26 01:57:27,539 [grpc-default-executor-6] INFO  metrics.RatisMetrics (RatisMetrics.java:lambda$create$0(36)) - Creating Metrics Registry : ratis.server_message_metrics.a9229adb-278c-43ef-9666-e3cbf980c0ea
2020-12-26 01:57:27,543 [grpc-default-executor-6] INFO  server.RaftServer (RaftServerProxy.java:addNew(93)) - a9229adb-278c-43ef-9666-e3cbf980c0ea: addNew group-BE28A4447053:[a9229adb-278c-43ef-9666-e3cbf980c0ea|rpc:172.17.0.2:43985|dataStream:, 03a4ab30-7c3b-428c-926c-31d823ed78af|rpc:172.17.0.2:35853|dataStream:, c7c2d1d0-24bf-4086-b8ac-f9c9c7e07f42|rpc:172.17.0.2:44251|dataStream:] returns group-BE28A4447053:java.util.concurrent.CompletableFuture@305bbe89[Not completed]
2020-12-26 01:57:27,544 [pool-666-thread-1] INFO  server.RaftServer$Division (RaftServerImpl.java:<init>(173)) - a9229adb-278c-43ef-9666-e3cbf980c0ea: new RaftServerImpl for group-BE28A4447053:[a9229adb-278c-43ef-9666-e3cbf980c0ea|rpc:172.17.0.2:43985|dataStream:, 03a4ab30-7c3b-428c-926c-31d823ed78af|rpc:172.17.0.2:35853|dataStream:, c7c2d1d0-24bf-4086-b8ac-f9c9c7e07f42|rpc:172.17.0.2:44251|dataStream:] with ContainerStateMachine:uninitialized
2020-12-26 01:57:27,546 [pool-666-thread-1] INFO  server.RaftServerConfigKeys (ConfUtils.java:logGet(44)) - raft.server.rpc.timeout.min = 5s (custom)
2020-12-26 01:57:27,546 [pool-666-thread-1] INFO  server.RaftServerConfigKeys (ConfUtils.java:logGet(44)) - raft.server.rpc.timeout.max = 5200ms (custom)
2020-12-26 01:57:27,547 [pool-666-thread-1] INFO  server.RaftServerConfigKeys (ConfUtils.java:logGet(44)) - raft.server.rpc.sleep.time = 25ms (default)
2020-12-26 01:57:27,547 [pool-666-thread-1] INFO  server.RaftServerConfigKeys (ConfUtils.java:logGet(44)) - raft.server.rpc.slowness.timeout = 300000ms (custom)
2020-12-26 01:57:27,547 [pool-666-thread-1] INFO  server.RaftServerConfigKeys (ConfUtils.java:logGet(44)) - raft.server.leaderelection.leader.step-down.wait-time = 10s (default)
2020-12-26 01:57:27,547 [pool-666-thread-1] INFO  server.RaftServerConfigKeys (ConfUtils.java:logGet(44)) - raft.server.sleep.deviation.threshold = 300ms (default)
2020-12-26 01:57:27,547 [pool-666-thread-1] INFO  server.RaftServerConfigKeys (ConfUtils.java:logGet(44)) - raft.server.log.appender.install.snapshot.enabled = false (custom)
2020-12-26 01:57:27,547 [pool-666-thread-1] INFO  server.RaftServer$Division (ServerState.java:<init>(104)) - a9229adb-278c-43ef-9666-e3cbf980c0ea@group-BE28A4447053: ConfigurationManager, init=-1: [a9229adb-278c-43ef-9666-e3cbf980c0ea|rpc:172.17.0.2:43985|dataStream:, 03a4ab30-7c3b-428c-926c-31d823ed78af|rpc:172.17.0.2:35853|dataStream:, c7c2d1d0-24bf-4086-b8ac-f9c9c7e07f42|rpc:172.17.0.2:44251|dataStream:], old=null, confs=<EMPTY_MAP>
2020-12-26 01:57:27,547 [pool-666-thread-1] INFO  server.RaftServerConfigKeys (ConfUtils.java:logGet(44)) - raft.server.storage.dir = [/github/workspace/mnt/ozone/hadoop-ozone/integration-test/target/test-dir/MiniOzoneClusterImpl-b0bbc67e-6e78-4c8b-9c9f-814a2ca087f9/datanode-1/data/ratis] (custom)
2020-12-26 01:57:27,547 [pool-666-thread-1] INFO  server.RaftServerConfigKeys (ConfUtils.java:logGet(44)) - raft.server.log.corruption.policy = EXCEPTION (default)
2020-12-26 01:57:27,547 [pool-666-thread-1] INFO  storage.RaftStorageDirectory (RaftStorageDirectory.java:analyzeStorage(260)) - The storage directory /github/workspace/mnt/ozone/hadoop-ozone/integration-test/target/test-dir/MiniOzoneClusterImpl-b0bbc67e-6e78-4c8b-9c9f-814a2ca087f9/datanode-1/data/ratis/531cb22c-be6d-463e-b99c-be28a4447053 does not exist. Creating ...
2020-12-26 01:57:27,548 [pool-666-thread-1] INFO  storage.RaftStorageDirectory (RaftStorageDirectory.java:tryLock(342)) - Lock on /github/workspace/mnt/ozone/hadoop-ozone/integration-test/target/test-dir/MiniOzoneClusterImpl-b0bbc67e-6e78-4c8b-9c9f-814a2ca087f9/datanode-1/data/ratis/531cb22c-be6d-463e-b99c-be28a4447053/in_use.lock acquired by nodename 7066@140068b710f1
2020-12-26 01:57:27,550 [pool-666-thread-1] INFO  storage.RaftStorage (RaftStorage.java:format(89)) - Storage directory /github/workspace/mnt/ozone/hadoop-ozone/integration-test/target/test-dir/MiniOzoneClusterImpl-b0bbc67e-6e78-4c8b-9c9f-814a2ca087f9/datanode-1/data/ratis/531cb22c-be6d-463e-b99c-be28a4447053 has been successfully formatted.
2020-12-26 01:57:27,550 [pool-666-thread-1] INFO  ratis.ContainerStateMachine (ContainerStateMachine.java:loadSnapshot(223)) - group-BE28A4447053: The snapshot info is null. Setting the last applied indexto:(t:0, i:~)
2020-12-26 01:57:27,550 [pool-666-thread-1] ERROR storage.RaftStorage (RaftStorage.java:readRaftConfiguration(152)) - Failed reading configuration from file:/github/workspace/mnt/ozone/hadoop-ozone/integration-test/target/test-dir/MiniOzoneClusterImpl-b0bbc67e-6e78-4c8b-9c9f-814a2ca087f9/datanode-1/data/ratis/531cb22c-be6d-463e-b99c-be28a4447053/current/raft-meta.conf
java.io.FileNotFoundException: /github/workspace/mnt/ozone/hadoop-ozone/integration-test/target/test-dir/MiniOzoneClusterImpl-b0bbc67e-6e78-4c8b-9c9f-814a2ca087f9/datanode-1/data/ratis/531cb22c-be6d-463e-b99c-be28a4447053/current/raft-meta.conf (No such file or directory)
	at java.io.FileInputStream.open0(Native Method)
	at java.io.FileInputStream.open(FileInputStream.java:195)
	at java.io.FileInputStream.<init>(FileInputStream.java:138)
	at org.apache.ratis.server.storage.RaftStorage.readRaftConfiguration(RaftStorage.java:148)
	at org.apache.ratis.server.impl.ServerState.initStatemachine(ServerState.java:167)
	at org.apache.ratis.server.impl.ServerState.<init>(ServerState.java:112)
	at org.apache.ratis.server.impl.RaftServerImpl.<init>(RaftServerImpl.java:186)
	at org.apache.ratis.server.impl.RaftServerProxy.lambda$newRaftServerImpl$4(RaftServerProxy.java:264)
	at java.util.concurrent.CompletableFuture$AsyncSupply.run(CompletableFuture.java:1604)
	at java.util.concurrent.ThreadPoolExecutor.runWorker(ThreadPoolExecutor.java:1149)
	at java.util.concurrent.ThreadPoolExecutor$Worker.run(ThreadPoolExecutor.java:624)
	at java.lang.Thread.run(Thread.java:748)
2020-12-26 01:57:27,551 [EventQueue-PipelineReportForOneReplicaPipelineSafeModeRule] INFO  safemode.SCMSafeModeManager (SCMSafeModeManager.java:validateSafeModeExitRules(214)) - AtleastOneDatanodeReportedRule rule is successfully validated
2020-12-26 01:57:27,551 [pool-666-thread-1] INFO  server.RaftServerConfigKeys (ConfUtils.java:logGet(44)) - raft.server.notification.no-leader.timeout = 300000ms (custom)
2020-12-26 01:57:27,551 [pool-666-thread-1] INFO  server.RaftServerConfigKeys (ConfUtils.java:logGet(44)) - raft.server.log.use.memory = false (default)
2020-12-26 01:57:27,551 [pool-666-thread-1] INFO  server.RaftServerConfigKeys (ConfUtils.java:logGet(44)) - raft.server.log.purge.gap = 1000000 (custom)
2020-12-26 01:57:27,551 [pool-666-thread-1] INFO  metrics.RatisMetrics (RatisMetrics.java:lambda$create$0(36)) - Creating Metrics Registry : ratis.log_worker.a9229adb-278c-43ef-9666-e3cbf980c0ea@group-BE28A4447053
2020-12-26 01:57:27,552 [pool-666-thread-1] INFO  server.RaftServerConfigKeys (ConfUtils.java:logGet(44)) - raft.server.log.appender.buffer.byte-limit = 33554432 (custom)
2020-12-26 01:57:27,552 [pool-666-thread-1] INFO  server.RaftServerConfigKeys (ConfUtils.java:logGet(44)) - raft.server.log.segment.size.max = 1048576 (custom)
2020-12-26 01:57:27,552 [pool-666-thread-1] INFO  server.RaftServerConfigKeys (ConfUtils.java:logGet(44)) - raft.server.log.segment.cache.num.max = 2 (custom)
2020-12-26 01:57:27,552 [pool-666-thread-1] INFO  server.RaftServerConfigKeys (ConfUtils.java:logGet(44)) - raft.server.log.segment.cache.size.max = 200MB (=209715200) (default)
2020-12-26 01:57:27,552 [pool-666-thread-1] INFO  segmented.SegmentedRaftLogWorker (SegmentedRaftLogWorker.java:<init>(181)) - new a9229adb-278c-43ef-9666-e3cbf980c0ea@group-BE28A4447053-SegmentedRaftLogWorker for RaftStorage:Storage Directory /github/workspace/mnt/ozone/hadoop-ozone/integration-test/target/test-dir/MiniOzoneClusterImpl-b0bbc67e-6e78-4c8b-9c9f-814a2ca087f9/datanode-1/data/ratis/531cb22c-be6d-463e-b99c-be28a4447053
2020-12-26 01:57:27,553 [pool-666-thread-1] INFO  server.RaftServerConfigKeys (ConfUtils.java:logGet(44)) - raft.server.log.queue.byte-limit = 2147483647 (custom)
2020-12-26 01:57:27,553 [pool-666-thread-1] INFO  server.RaftServerConfigKeys (ConfUtils.java:logGet(44)) - raft.server.log.queue.element-limit = 1024 (custom)
2020-12-26 01:57:27,553 [pool-666-thread-1] INFO  server.RaftServerConfigKeys (ConfUtils.java:logGet(44)) - raft.server.log.segment.size.max = 1048576 (custom)
2020-12-26 01:57:27,553 [pool-666-thread-1] INFO  server.RaftServerConfigKeys (ConfUtils.java:logGet(44)) - raft.server.log.preallocated.size = 16384 (custom)
2020-12-26 01:57:27,553 [pool-666-thread-1] INFO  server.RaftServerConfigKeys (ConfUtils.java:logGet(44)) - raft.server.log.force.sync.num = 128 (default)
2020-12-26 01:57:27,553 [pool-666-thread-1] INFO  server.RaftServerConfigKeys (ConfUtils.java:logGet(44)) - raft.server.log.statemachine.data.sync = true (default)
2020-12-26 01:57:27,553 [pool-666-thread-1] INFO  server.RaftServerConfigKeys (ConfUtils.java:logGet(44)) - raft.server.log.statemachine.data.sync.timeout = 10s (default)
2020-12-26 01:57:27,553 [pool-666-thread-1] INFO  server.RaftServerConfigKeys (ConfUtils.java:logGet(44)) - raft.server.log.statemachine.data.sync.timeout.retry = -1 (default)
2020-12-26 01:57:27,555 [pool-666-thread-1] INFO  server.RaftServerConfigKeys (ConfUtils.java:logGet(44)) - raft.server.log.write.buffer.size = 1048576 (custom)
2020-12-26 01:57:27,555 [pool-666-thread-1] INFO  server.RaftServerConfigKeys (ConfUtils.java:logGet(44)) - raft.server.log.statemachine.data.caching.enabled = true (custom)
2020-12-26 01:57:27,556 [pool-666-thread-1] INFO  segmented.SegmentedRaftLogWorker (SegmentedRaftLogWorker.java:lambda$new$0(132)) - a9229adb-278c-43ef-9666-e3cbf980c0ea@group-BE28A4447053-SegmentedRaftLogWorker: flushIndex: setUnconditionally 0 -> -1
2020-12-26 01:57:27,556 [pool-666-thread-1] INFO  segmented.SegmentedRaftLogWorker (SegmentedRaftLogWorker.java:lambda$new$0(132)) - a9229adb-278c-43ef-9666-e3cbf980c0ea@group-BE28A4447053-SegmentedRaftLogWorker: safeCacheEvictIndex: setUnconditionally 0 -> -1
2020-12-26 01:57:27,556 [pool-666-thread-1] INFO  server.RaftServerConfigKeys (ConfUtils.java:logGet(44)) - raft.server.snapshot.auto.trigger.enabled = true (custom)
2020-12-26 01:57:27,556 [pool-666-thread-1] INFO  server.RaftServerConfigKeys (ConfUtils.java:logGet(44)) - raft.server.snapshot.auto.trigger.threshold = 10000 (custom)
2020-12-26 01:57:27,556 [pool-666-thread-1] INFO  server.RaftServerConfigKeys (ConfUtils.java:logGet(44)) - raft.server.snapshot.retention.file.num = 5 (custom)
2020-12-26 01:57:27,556 [pool-666-thread-1] INFO  server.RaftServerConfigKeys (ConfUtils.java:logGet(44)) - raft.server.log.purge.upto.snapshot.index = false (default)
2020-12-26 01:57:27,556 [pool-666-thread-1] INFO  server.RaftServerConfigKeys (ConfUtils.java:logGet(44)) - raft.server.retrycache.expirytime = 600000ms (custom)
2020-12-26 01:57:27,556 [pool-666-thread-1] INFO  server.RaftServerConfigKeys (ConfUtils.java:logGet(44)) - raft.server.retrycache.statistics.expirytime = 100?s (default)
2020-12-26 01:57:27,556 [pool-666-thread-1] INFO  metrics.RatisMetrics (RatisMetrics.java:lambda$create$0(36)) - Creating Metrics Registry : ratis.leader_election.a9229adb-278c-43ef-9666-e3cbf980c0ea@group-BE28A4447053
2020-12-26 01:57:27,557 [pool-666-thread-1] INFO  metrics.RatisMetrics (RatisMetrics.java:lambda$create$0(36)) - Creating Metrics Registry : ratis.server.a9229adb-278c-43ef-9666-e3cbf980c0ea@group-BE28A4447053
2020-12-26 01:57:27,559 [pool-666-thread-1] INFO  server.RaftServer$Division (RaftServerImpl.java:start(286)) - a9229adb-278c-43ef-9666-e3cbf980c0ea@group-BE28A4447053: start as a follower, conf=-1: [a9229adb-278c-43ef-9666-e3cbf980c0ea|rpc:172.17.0.2:43985|dataStream:, 03a4ab30-7c3b-428c-926c-31d823ed78af|rpc:172.17.0.2:35853|dataStream:, c7c2d1d0-24bf-4086-b8ac-f9c9c7e07f42|rpc:172.17.0.2:44251|dataStream:], old=null
2020-12-26 01:57:27,559 [pool-666-thread-1] INFO  server.RaftServer$Division (RaftServerImpl.java:setRole(275)) - a9229adb-278c-43ef-9666-e3cbf980c0ea@group-BE28A4447053: changes role from      null to FOLLOWER at term 0 for startAsFollower
2020-12-26 01:57:27,559 [pool-666-thread-1] INFO  impl.RoleInfo (RoleInfo.java:updateAndGet(130)) - a9229adb-278c-43ef-9666-e3cbf980c0ea: start a9229adb-278c-43ef-9666-e3cbf980c0ea@group-BE28A4447053-FollowerState
2020-12-26 01:57:27,559 [pool-666-thread-1] INFO  util.JmxRegister (JmxRegister.java:tryRegister(44)) - Successfully registered JMX Bean with object name Ratis:service=RaftServer,group=group-BE28A4447053,id=a9229adb-278c-43ef-9666-e3cbf980c0ea
2020-12-26 01:57:27,559 [pool-666-thread-1] INFO  metrics.RatisMetrics (RatisMetrics.java:lambda$create$0(36)) - Creating Metrics Registry : ratis.state_machine.a9229adb-278c-43ef-9666-e3cbf980c0ea@group-BE28A4447053
2020-12-26 01:57:27,566 [Command processor thread] INFO  commandhandler.CreatePipelineCommandHandler (CreatePipelineCommandHandler.java:handle(106)) - Created Pipeline RATIS THREE PipelineID=531cb22c-be6d-463e-b99c-be28a4447053.
2020-12-26 01:57:27,566 [Command processor thread] INFO  server.RaftServer (RaftServerProxy.java:addNew(93)) - c7c2d1d0-24bf-4086-b8ac-f9c9c7e07f42: addNew group-CBCCC18211C1:[a9229adb-278c-43ef-9666-e3cbf980c0ea|rpc:172.17.0.2:43985, 03a4ab30-7c3b-428c-926c-31d823ed78af|rpc:172.17.0.2:35853, c7c2d1d0-24bf-4086-b8ac-f9c9c7e07f42|rpc:172.17.0.2:44251] returns group-CBCCC18211C1:java.util.concurrent.CompletableFuture@4c047a54[Not completed]
2020-12-26 01:57:27,566 [pool-650-thread-1] INFO  server.RaftServer$Division (RaftServerImpl.java:<init>(173)) - c7c2d1d0-24bf-4086-b8ac-f9c9c7e07f42: new RaftServerImpl for group-CBCCC18211C1:[a9229adb-278c-43ef-9666-e3cbf980c0ea|rpc:172.17.0.2:43985, 03a4ab30-7c3b-428c-926c-31d823ed78af|rpc:172.17.0.2:35853, c7c2d1d0-24bf-4086-b8ac-f9c9c7e07f42|rpc:172.17.0.2:44251] with ContainerStateMachine:uninitialized
2020-12-26 01:57:27,566 [pool-650-thread-1] INFO  server.RaftServerConfigKeys (ConfUtils.java:logGet(44)) - raft.server.rpc.timeout.min = 5s (custom)
2020-12-26 01:57:27,566 [pool-650-thread-1] INFO  server.RaftServerConfigKeys (ConfUtils.java:logGet(44)) - raft.server.rpc.timeout.max = 5200ms (custom)
2020-12-26 01:57:27,566 [pool-650-thread-1] INFO  server.RaftServerConfigKeys (ConfUtils.java:logGet(44)) - raft.server.rpc.sleep.time = 25ms (default)
2020-12-26 01:57:27,567 [pool-650-thread-1] INFO  server.RaftServerConfigKeys (ConfUtils.java:logGet(44)) - raft.server.rpc.slowness.timeout = 300000ms (custom)
2020-12-26 01:57:27,567 [pool-650-thread-1] INFO  server.RaftServerConfigKeys (ConfUtils.java:logGet(44)) - raft.server.leaderelection.leader.step-down.wait-time = 10s (default)
2020-12-26 01:57:27,567 [pool-650-thread-1] INFO  server.RaftServerConfigKeys (ConfUtils.java:logGet(44)) - raft.server.sleep.deviation.threshold = 300ms (default)
2020-12-26 01:57:27,567 [pool-650-thread-1] INFO  server.RaftServerConfigKeys (ConfUtils.java:logGet(44)) - raft.server.log.appender.install.snapshot.enabled = false (custom)
2020-12-26 01:57:27,567 [pool-650-thread-1] INFO  server.RaftServer$Division (ServerState.java:<init>(104)) - c7c2d1d0-24bf-4086-b8ac-f9c9c7e07f42@group-CBCCC18211C1: ConfigurationManager, init=-1: [a9229adb-278c-43ef-9666-e3cbf980c0ea|rpc:172.17.0.2:43985, 03a4ab30-7c3b-428c-926c-31d823ed78af|rpc:172.17.0.2:35853, c7c2d1d0-24bf-4086-b8ac-f9c9c7e07f42|rpc:172.17.0.2:44251], old=null, confs=<EMPTY_MAP>
2020-12-26 01:57:27,567 [pool-650-thread-1] INFO  server.RaftServerConfigKeys (ConfUtils.java:logGet(44)) - raft.server.storage.dir = [/github/workspace/mnt/ozone/hadoop-ozone/integration-test/target/test-dir/MiniOzoneClusterImpl-b0bbc67e-6e78-4c8b-9c9f-814a2ca087f9/datanode-0/data/ratis] (custom)
2020-12-26 01:57:27,567 [pool-650-thread-1] INFO  server.RaftServerConfigKeys (ConfUtils.java:logGet(44)) - raft.server.log.corruption.policy = EXCEPTION (default)
2020-12-26 01:57:27,567 [pool-650-thread-1] INFO  storage.RaftStorageDirectory (RaftStorageDirectory.java:analyzeStorage(260)) - The storage directory /github/workspace/mnt/ozone/hadoop-ozone/integration-test/target/test-dir/MiniOzoneClusterImpl-b0bbc67e-6e78-4c8b-9c9f-814a2ca087f9/datanode-0/data/ratis/4b3ce42e-715f-4136-a2ae-cbccc18211c1 does not exist. Creating ...
2020-12-26 01:57:27,568 [pool-650-thread-1] INFO  storage.RaftStorageDirectory (RaftStorageDirectory.java:tryLock(342)) - Lock on /github/workspace/mnt/ozone/hadoop-ozone/integration-test/target/test-dir/MiniOzoneClusterImpl-b0bbc67e-6e78-4c8b-9c9f-814a2ca087f9/datanode-0/data/ratis/4b3ce42e-715f-4136-a2ae-cbccc18211c1/in_use.lock acquired by nodename 7066@140068b710f1
2020-12-26 01:57:27,569 [pool-650-thread-1] INFO  storage.RaftStorage (RaftStorage.java:format(89)) - Storage directory /github/workspace/mnt/ozone/hadoop-ozone/integration-test/target/test-dir/MiniOzoneClusterImpl-b0bbc67e-6e78-4c8b-9c9f-814a2ca087f9/datanode-0/data/ratis/4b3ce42e-715f-4136-a2ae-cbccc18211c1 has been successfully formatted.
2020-12-26 01:57:27,570 [pool-650-thread-1] INFO  ratis.ContainerStateMachine (ContainerStateMachine.java:loadSnapshot(223)) - group-CBCCC18211C1: The snapshot info is null. Setting the last applied indexto:(t:0, i:~)
2020-12-26 01:57:27,570 [pool-650-thread-1] ERROR storage.RaftStorage (RaftStorage.java:readRaftConfiguration(152)) - Failed reading configuration from file:/github/workspace/mnt/ozone/hadoop-ozone/integration-test/target/test-dir/MiniOzoneClusterImpl-b0bbc67e-6e78-4c8b-9c9f-814a2ca087f9/datanode-0/data/ratis/4b3ce42e-715f-4136-a2ae-cbccc18211c1/current/raft-meta.conf
java.io.FileNotFoundException: /github/workspace/mnt/ozone/hadoop-ozone/integration-test/target/test-dir/MiniOzoneClusterImpl-b0bbc67e-6e78-4c8b-9c9f-814a2ca087f9/datanode-0/data/ratis/4b3ce42e-715f-4136-a2ae-cbccc18211c1/current/raft-meta.conf (No such file or directory)
	at java.io.FileInputStream.open0(Native Method)
	at java.io.FileInputStream.open(FileInputStream.java:195)
	at java.io.FileInputStream.<init>(FileInputStream.java:138)
	at org.apache.ratis.server.storage.RaftStorage.readRaftConfiguration(RaftStorage.java:148)
	at org.apache.ratis.server.impl.ServerState.initStatemachine(ServerState.java:167)
	at org.apache.ratis.server.impl.ServerState.<init>(ServerState.java:112)
	at org.apache.ratis.server.impl.RaftServerImpl.<init>(RaftServerImpl.java:186)
	at org.apache.ratis.server.impl.RaftServerProxy.lambda$newRaftServerImpl$4(RaftServerProxy.java:264)
	at java.util.concurrent.CompletableFuture$AsyncSupply.run(CompletableFuture.java:1604)
	at java.util.concurrent.ThreadPoolExecutor.runWorker(ThreadPoolExecutor.java:1149)
	at java.util.concurrent.ThreadPoolExecutor$Worker.run(ThreadPoolExecutor.java:624)
	at java.lang.Thread.run(Thread.java:748)
2020-12-26 01:57:27,570 [pool-650-thread-1] INFO  server.RaftServerConfigKeys (ConfUtils.java:logGet(44)) - raft.server.notification.no-leader.timeout = 300000ms (custom)
2020-12-26 01:57:27,570 [pool-650-thread-1] INFO  server.RaftServerConfigKeys (ConfUtils.java:logGet(44)) - raft.server.log.use.memory = false (default)
2020-12-26 01:57:27,570 [EventQueue-PipelineReportForOneReplicaPipelineSafeModeRule] INFO  safemode.SCMSafeModeManager (SCMSafeModeManager.java:validateSafeModeExitRules(214)) - AtleastOneDatanodeReportedRule rule is successfully validated
2020-12-26 01:57:27,570 [pool-650-thread-1] INFO  server.RaftServerConfigKeys (ConfUtils.java:logGet(44)) - raft.server.log.purge.gap = 1000000 (custom)
2020-12-26 01:57:27,570 [EventQueue-OpenPipelineForHealthyPipelineSafeModeRule] INFO  safemode.SCMSafeModeManager (HealthyPipelineSafeModeRule.java:process(128)) - SCM in safe mode. Healthy pipelines reported count is 0, required healthy pipeline reported count is 1
2020-12-26 01:57:27,570 [pool-650-thread-1] INFO  metrics.RatisMetrics (RatisMetrics.java:lambda$create$0(36)) - Creating Metrics Registry : ratis.log_worker.c7c2d1d0-24bf-4086-b8ac-f9c9c7e07f42@group-CBCCC18211C1
2020-12-26 01:57:27,571 [pool-650-thread-1] INFO  server.RaftServerConfigKeys (ConfUtils.java:logGet(44)) - raft.server.log.appender.buffer.byte-limit = 33554432 (custom)
2020-12-26 01:57:27,571 [pool-650-thread-1] INFO  server.RaftServerConfigKeys (ConfUtils.java:logGet(44)) - raft.server.log.segment.size.max = 1048576 (custom)
2020-12-26 01:57:27,571 [pool-650-thread-1] INFO  server.RaftServerConfigKeys (ConfUtils.java:logGet(44)) - raft.server.log.segment.cache.num.max = 2 (custom)
2020-12-26 01:57:27,572 [pool-650-thread-1] INFO  server.RaftServerConfigKeys (ConfUtils.java:logGet(44)) - raft.server.log.segment.cache.size.max = 200MB (=209715200) (default)
2020-12-26 01:57:27,572 [pool-650-thread-1] INFO  segmented.SegmentedRaftLogWorker (SegmentedRaftLogWorker.java:<init>(181)) - new c7c2d1d0-24bf-4086-b8ac-f9c9c7e07f42@group-CBCCC18211C1-SegmentedRaftLogWorker for RaftStorage:Storage Directory /github/workspace/mnt/ozone/hadoop-ozone/integration-test/target/test-dir/MiniOzoneClusterImpl-b0bbc67e-6e78-4c8b-9c9f-814a2ca087f9/datanode-0/data/ratis/4b3ce42e-715f-4136-a2ae-cbccc18211c1
2020-12-26 01:57:27,572 [pool-650-thread-1] INFO  server.RaftServerConfigKeys (ConfUtils.java:logGet(44)) - raft.server.log.queue.byte-limit = 2147483647 (custom)
2020-12-26 01:57:27,572 [pool-650-thread-1] INFO  server.RaftServerConfigKeys (ConfUtils.java:logGet(44)) - raft.server.log.queue.element-limit = 1024 (custom)
2020-12-26 01:57:27,572 [pool-650-thread-1] INFO  server.RaftServerConfigKeys (ConfUtils.java:logGet(44)) - raft.server.log.segment.size.max = 1048576 (custom)
2020-12-26 01:57:27,572 [pool-650-thread-1] INFO  server.RaftServerConfigKeys (ConfUtils.java:logGet(44)) - raft.server.log.preallocated.size = 16384 (custom)
2020-12-26 01:57:27,572 [pool-650-thread-1] INFO  server.RaftServerConfigKeys (ConfUtils.java:logGet(44)) - raft.server.log.force.sync.num = 128 (default)
2020-12-26 01:57:27,572 [pool-650-thread-1] INFO  server.RaftServerConfigKeys (ConfUtils.java:logGet(44)) - raft.server.log.statemachine.data.sync = true (default)
2020-12-26 01:57:27,572 [pool-650-thread-1] INFO  server.RaftServerConfigKeys (ConfUtils.java:logGet(44)) - raft.server.log.statemachine.data.sync.timeout = 10s (default)
2020-12-26 01:57:27,572 [pool-650-thread-1] INFO  server.RaftServerConfigKeys (ConfUtils.java:logGet(44)) - raft.server.log.statemachine.data.sync.timeout.retry = -1 (default)
2020-12-26 01:57:27,574 [pool-650-thread-1] INFO  server.RaftServerConfigKeys (ConfUtils.java:logGet(44)) - raft.server.log.write.buffer.size = 1048576 (custom)
2020-12-26 01:57:27,574 [pool-650-thread-1] INFO  server.RaftServerConfigKeys (ConfUtils.java:logGet(44)) - raft.server.log.statemachine.data.caching.enabled = true (custom)
2020-12-26 01:57:27,575 [pool-650-thread-1] INFO  segmented.SegmentedRaftLogWorker (SegmentedRaftLogWorker.java:lambda$new$0(132)) - c7c2d1d0-24bf-4086-b8ac-f9c9c7e07f42@group-CBCCC18211C1-SegmentedRaftLogWorker: flushIndex: setUnconditionally 0 -> -1
2020-12-26 01:57:27,575 [pool-650-thread-1] INFO  segmented.SegmentedRaftLogWorker (SegmentedRaftLogWorker.java:lambda$new$0(132)) - c7c2d1d0-24bf-4086-b8ac-f9c9c7e07f42@group-CBCCC18211C1-SegmentedRaftLogWorker: safeCacheEvictIndex: setUnconditionally 0 -> -1
2020-12-26 01:57:27,576 [pool-650-thread-1] INFO  server.RaftServerConfigKeys (ConfUtils.java:logGet(44)) - raft.server.snapshot.auto.trigger.enabled = true (custom)
2020-12-26 01:57:27,576 [pool-650-thread-1] INFO  server.RaftServerConfigKeys (ConfUtils.java:logGet(44)) - raft.server.snapshot.auto.trigger.threshold = 10000 (custom)
2020-12-26 01:57:27,576 [pool-650-thread-1] INFO  server.RaftServerConfigKeys (ConfUtils.java:logGet(44)) - raft.server.snapshot.retention.file.num = 5 (custom)
2020-12-26 01:57:27,576 [pool-650-thread-1] INFO  server.RaftServerConfigKeys (ConfUtils.java:logGet(44)) - raft.server.log.purge.upto.snapshot.index = false (default)
2020-12-26 01:57:27,576 [pool-650-thread-1] INFO  server.RaftServerConfigKeys (ConfUtils.java:logGet(44)) - raft.server.retrycache.expirytime = 600000ms (custom)
2020-12-26 01:57:27,577 [pool-650-thread-1] INFO  server.RaftServerConfigKeys (ConfUtils.java:logGet(44)) - raft.server.retrycache.statistics.expirytime = 100?s (default)
2020-12-26 01:57:27,577 [pool-650-thread-1] INFO  metrics.RatisMetrics (RatisMetrics.java:lambda$create$0(36)) - Creating Metrics Registry : ratis.leader_election.c7c2d1d0-24bf-4086-b8ac-f9c9c7e07f42@group-CBCCC18211C1
2020-12-26 01:57:27,577 [pool-650-thread-1] INFO  metrics.RatisMetrics (RatisMetrics.java:lambda$create$0(36)) - Creating Metrics Registry : ratis.server.c7c2d1d0-24bf-4086-b8ac-f9c9c7e07f42@group-CBCCC18211C1
2020-12-26 01:57:27,579 [pool-650-thread-1] INFO  server.RaftServer$Division (RaftServerImpl.java:start(286)) - c7c2d1d0-24bf-4086-b8ac-f9c9c7e07f42@group-CBCCC18211C1: start as a follower, conf=-1: [a9229adb-278c-43ef-9666-e3cbf980c0ea|rpc:172.17.0.2:43985, 03a4ab30-7c3b-428c-926c-31d823ed78af|rpc:172.17.0.2:35853, c7c2d1d0-24bf-4086-b8ac-f9c9c7e07f42|rpc:172.17.0.2:44251], old=null
2020-12-26 01:57:27,579 [pool-650-thread-1] INFO  server.RaftServer$Division (RaftServerImpl.java:setRole(275)) - c7c2d1d0-24bf-4086-b8ac-f9c9c7e07f42@group-CBCCC18211C1: changes role from      null to FOLLOWER at term 0 for startAsFollower
2020-12-26 01:57:27,579 [pool-650-thread-1] INFO  impl.RoleInfo (RoleInfo.java:updateAndGet(130)) - c7c2d1d0-24bf-4086-b8ac-f9c9c7e07f42: start c7c2d1d0-24bf-4086-b8ac-f9c9c7e07f42@group-CBCCC18211C1-FollowerState
2020-12-26 01:57:27,579 [pool-650-thread-1] INFO  util.JmxRegister (JmxRegister.java:tryRegister(44)) - Successfully registered JMX Bean with object name Ratis:service=RaftServer,group=group-CBCCC18211C1,id=c7c2d1d0-24bf-4086-b8ac-f9c9c7e07f42
2020-12-26 01:57:27,579 [pool-650-thread-1] INFO  metrics.RatisMetrics (RatisMetrics.java:lambda$create$0(36)) - Creating Metrics Registry : ratis.state_machine.c7c2d1d0-24bf-4086-b8ac-f9c9c7e07f42@group-CBCCC18211C1
2020-12-26 01:57:27,581 [Command processor thread] INFO  metrics.RatisMetrics (RatisMetrics.java:lambda$create$0(36)) - Creating Metrics Registry : ratis.client_message_metrics.client-9570255DF8D6->03a4ab30-7c3b-428c-926c-31d823ed78af
2020-12-26 01:57:27,585 [grpc-default-executor-6] INFO  server.RaftServer (RaftServerProxy.java:addNew(93)) - 03a4ab30-7c3b-428c-926c-31d823ed78af: addNew group-CBCCC18211C1:[a9229adb-278c-43ef-9666-e3cbf980c0ea|rpc:172.17.0.2:43985|dataStream:, 03a4ab30-7c3b-428c-926c-31d823ed78af|rpc:172.17.0.2:35853|dataStream:, c7c2d1d0-24bf-4086-b8ac-f9c9c7e07f42|rpc:172.17.0.2:44251|dataStream:] returns group-CBCCC18211C1:java.util.concurrent.CompletableFuture@fac6b5a[Not completed]
2020-12-26 01:57:27,586 [pool-682-thread-1] INFO  server.RaftServer$Division (RaftServerImpl.java:<init>(173)) - 03a4ab30-7c3b-428c-926c-31d823ed78af: new RaftServerImpl for group-CBCCC18211C1:[a9229adb-278c-43ef-9666-e3cbf980c0ea|rpc:172.17.0.2:43985|dataStream:, 03a4ab30-7c3b-428c-926c-31d823ed78af|rpc:172.17.0.2:35853|dataStream:, c7c2d1d0-24bf-4086-b8ac-f9c9c7e07f42|rpc:172.17.0.2:44251|dataStream:] with ContainerStateMachine:uninitialized
2020-12-26 01:57:27,586 [pool-682-thread-1] INFO  server.RaftServerConfigKeys (ConfUtils.java:logGet(44)) - raft.server.rpc.timeout.min = 5s (custom)
2020-12-26 01:57:27,586 [pool-682-thread-1] INFO  server.RaftServerConfigKeys (ConfUtils.java:logGet(44)) - raft.server.rpc.timeout.max = 5200ms (custom)
2020-12-26 01:57:27,586 [pool-682-thread-1] INFO  server.RaftServerConfigKeys (ConfUtils.java:logGet(44)) - raft.server.rpc.sleep.time = 25ms (default)
2020-12-26 01:57:27,586 [pool-682-thread-1] INFO  server.RaftServerConfigKeys (ConfUtils.java:logGet(44)) - raft.server.rpc.slowness.timeout = 300000ms (custom)
2020-12-26 01:57:27,586 [pool-682-thread-1] INFO  server.RaftServerConfigKeys (ConfUtils.java:logGet(44)) - raft.server.leaderelection.leader.step-down.wait-time = 10s (default)
2020-12-26 01:57:27,586 [pool-682-thread-1] INFO  server.RaftServerConfigKeys (ConfUtils.java:logGet(44)) - raft.server.sleep.deviation.threshold = 300ms (default)
2020-12-26 01:57:27,586 [pool-682-thread-1] INFO  server.RaftServerConfigKeys (ConfUtils.java:logGet(44)) - raft.server.log.appender.install.snapshot.enabled = false (custom)
2020-12-26 01:57:27,586 [pool-682-thread-1] INFO  server.RaftServer$Division (ServerState.java:<init>(104)) - 03a4ab30-7c3b-428c-926c-31d823ed78af@group-CBCCC18211C1: ConfigurationManager, init=-1: [a9229adb-278c-43ef-9666-e3cbf980c0ea|rpc:172.17.0.2:43985|dataStream:, 03a4ab30-7c3b-428c-926c-31d823ed78af|rpc:172.17.0.2:35853|dataStream:, c7c2d1d0-24bf-4086-b8ac-f9c9c7e07f42|rpc:172.17.0.2:44251|dataStream:], old=null, confs=<EMPTY_MAP>
2020-12-26 01:57:27,586 [pool-682-thread-1] INFO  server.RaftServerConfigKeys (ConfUtils.java:logGet(44)) - raft.server.storage.dir = [/github/workspace/mnt/ozone/hadoop-ozone/integration-test/target/test-dir/MiniOzoneClusterImpl-b0bbc67e-6e78-4c8b-9c9f-814a2ca087f9/datanode-2/data/ratis] (custom)
2020-12-26 01:57:27,586 [pool-682-thread-1] INFO  server.RaftServerConfigKeys (ConfUtils.java:logGet(44)) - raft.server.log.corruption.policy = EXCEPTION (default)
2020-12-26 01:57:27,586 [pool-682-thread-1] INFO  storage.RaftStorageDirectory (RaftStorageDirectory.java:analyzeStorage(260)) - The storage directory /github/workspace/mnt/ozone/hadoop-ozone/integration-test/target/test-dir/MiniOzoneClusterImpl-b0bbc67e-6e78-4c8b-9c9f-814a2ca087f9/datanode-2/data/ratis/4b3ce42e-715f-4136-a2ae-cbccc18211c1 does not exist. Creating ...
2020-12-26 01:57:27,587 [pool-682-thread-1] INFO  storage.RaftStorageDirectory (RaftStorageDirectory.java:tryLock(342)) - Lock on /github/workspace/mnt/ozone/hadoop-ozone/integration-test/target/test-dir/MiniOzoneClusterImpl-b0bbc67e-6e78-4c8b-9c9f-814a2ca087f9/datanode-2/data/ratis/4b3ce42e-715f-4136-a2ae-cbccc18211c1/in_use.lock acquired by nodename 7066@140068b710f1
2020-12-26 01:57:27,589 [pool-682-thread-1] INFO  storage.RaftStorage (RaftStorage.java:format(89)) - Storage directory /github/workspace/mnt/ozone/hadoop-ozone/integration-test/target/test-dir/MiniOzoneClusterImpl-b0bbc67e-6e78-4c8b-9c9f-814a2ca087f9/datanode-2/data/ratis/4b3ce42e-715f-4136-a2ae-cbccc18211c1 has been successfully formatted.
2020-12-26 01:57:27,589 [pool-682-thread-1] INFO  ratis.ContainerStateMachine (ContainerStateMachine.java:loadSnapshot(223)) - group-CBCCC18211C1: The snapshot info is null. Setting the last applied indexto:(t:0, i:~)
2020-12-26 01:57:27,589 [pool-682-thread-1] ERROR storage.RaftStorage (RaftStorage.java:readRaftConfiguration(152)) - Failed reading configuration from file:/github/workspace/mnt/ozone/hadoop-ozone/integration-test/target/test-dir/MiniOzoneClusterImpl-b0bbc67e-6e78-4c8b-9c9f-814a2ca087f9/datanode-2/data/ratis/4b3ce42e-715f-4136-a2ae-cbccc18211c1/current/raft-meta.conf
java.io.FileNotFoundException: /github/workspace/mnt/ozone/hadoop-ozone/integration-test/target/test-dir/MiniOzoneClusterImpl-b0bbc67e-6e78-4c8b-9c9f-814a2ca087f9/datanode-2/data/ratis/4b3ce42e-715f-4136-a2ae-cbccc18211c1/current/raft-meta.conf (No such file or directory)
	at java.io.FileInputStream.open0(Native Method)
	at java.io.FileInputStream.open(FileInputStream.java:195)
	at java.io.FileInputStream.<init>(FileInputStream.java:138)
	at org.apache.ratis.server.storage.RaftStorage.readRaftConfiguration(RaftStorage.java:148)
	at org.apache.ratis.server.impl.ServerState.initStatemachine(ServerState.java:167)
	at org.apache.ratis.server.impl.ServerState.<init>(ServerState.java:112)
	at org.apache.ratis.server.impl.RaftServerImpl.<init>(RaftServerImpl.java:186)
	at org.apache.ratis.server.impl.RaftServerProxy.lambda$newRaftServerImpl$4(RaftServerProxy.java:264)
	at java.util.concurrent.CompletableFuture$AsyncSupply.run(CompletableFuture.java:1604)
	at java.util.concurrent.ThreadPoolExecutor.runWorker(ThreadPoolExecutor.java:1149)
	at java.util.concurrent.ThreadPoolExecutor$Worker.run(ThreadPoolExecutor.java:624)
	at java.lang.Thread.run(Thread.java:748)
2020-12-26 01:57:27,589 [pool-682-thread-1] INFO  server.RaftServerConfigKeys (ConfUtils.java:logGet(44)) - raft.server.notification.no-leader.timeout = 300000ms (custom)
2020-12-26 01:57:27,589 [pool-682-thread-1] INFO  server.RaftServerConfigKeys (ConfUtils.java:logGet(44)) - raft.server.log.use.memory = false (default)
2020-12-26 01:57:27,589 [pool-682-thread-1] INFO  server.RaftServerConfigKeys (ConfUtils.java:logGet(44)) - raft.server.log.purge.gap = 1000000 (custom)
2020-12-26 01:57:27,589 [pool-682-thread-1] INFO  metrics.RatisMetrics (RatisMetrics.java:lambda$create$0(36)) - Creating Metrics Registry : ratis.log_worker.03a4ab30-7c3b-428c-926c-31d823ed78af@group-CBCCC18211C1
2020-12-26 01:57:27,589 [pool-682-thread-1] INFO  server.RaftServerConfigKeys (ConfUtils.java:logGet(44)) - raft.server.log.appender.buffer.byte-limit = 33554432 (custom)
2020-12-26 01:57:27,589 [pool-682-thread-1] INFO  server.RaftServerConfigKeys (ConfUtils.java:logGet(44)) - raft.server.log.segment.size.max = 1048576 (custom)
2020-12-26 01:57:27,590 [pool-682-thread-1] INFO  server.RaftServerConfigKeys (ConfUtils.java:logGet(44)) - raft.server.log.segment.cache.num.max = 2 (custom)
2020-12-26 01:57:27,590 [pool-682-thread-1] INFO  server.RaftServerConfigKeys (ConfUtils.java:logGet(44)) - raft.server.log.segment.cache.size.max = 200MB (=209715200) (default)
2020-12-26 01:57:27,590 [pool-682-thread-1] INFO  segmented.SegmentedRaftLogWorker (SegmentedRaftLogWorker.java:<init>(181)) - new 03a4ab30-7c3b-428c-926c-31d823ed78af@group-CBCCC18211C1-SegmentedRaftLogWorker for RaftStorage:Storage Directory /github/workspace/mnt/ozone/hadoop-ozone/integration-test/target/test-dir/MiniOzoneClusterImpl-b0bbc67e-6e78-4c8b-9c9f-814a2ca087f9/datanode-2/data/ratis/4b3ce42e-715f-4136-a2ae-cbccc18211c1
2020-12-26 01:57:27,590 [pool-682-thread-1] INFO  server.RaftServerConfigKeys (ConfUtils.java:logGet(44)) - raft.server.log.queue.byte-limit = 2147483647 (custom)
2020-12-26 01:57:27,590 [pool-682-thread-1] INFO  server.RaftServerConfigKeys (ConfUtils.java:logGet(44)) - raft.server.log.queue.element-limit = 1024 (custom)
2020-12-26 01:57:27,591 [pool-682-thread-1] INFO  server.RaftServerConfigKeys (ConfUtils.java:logGet(44)) - raft.server.log.segment.size.max = 1048576 (custom)
2020-12-26 01:57:27,591 [pool-682-thread-1] INFO  server.RaftServerConfigKeys (ConfUtils.java:logGet(44)) - raft.server.log.preallocated.size = 16384 (custom)
2020-12-26 01:57:27,591 [pool-682-thread-1] INFO  server.RaftServerConfigKeys (ConfUtils.java:logGet(44)) - raft.server.log.force.sync.num = 128 (default)
2020-12-26 01:57:27,591 [pool-682-thread-1] INFO  server.RaftServerConfigKeys (ConfUtils.java:logGet(44)) - raft.server.log.statemachine.data.sync = true (default)
2020-12-26 01:57:27,591 [EventQueue-PipelineReportForOneReplicaPipelineSafeModeRule] INFO  safemode.SCMSafeModeManager (SCMSafeModeManager.java:validateSafeModeExitRules(214)) - AtleastOneDatanodeReportedRule rule is successfully validated
2020-12-26 01:57:27,591 [pool-682-thread-1] INFO  server.RaftServerConfigKeys (ConfUtils.java:logGet(44)) - raft.server.log.statemachine.data.sync.timeout = 10s (default)
2020-12-26 01:57:27,591 [pool-682-thread-1] INFO  server.RaftServerConfigKeys (ConfUtils.java:logGet(44)) - raft.server.log.statemachine.data.sync.timeout.retry = -1 (default)
2020-12-26 01:57:27,593 [pool-682-thread-1] INFO  server.RaftServerConfigKeys (ConfUtils.java:logGet(44)) - raft.server.log.write.buffer.size = 1048576 (custom)
2020-12-26 01:57:27,594 [pool-682-thread-1] INFO  server.RaftServerConfigKeys (ConfUtils.java:logGet(44)) - raft.server.log.statemachine.data.caching.enabled = true (custom)
2020-12-26 01:57:27,594 [pool-682-thread-1] INFO  segmented.SegmentedRaftLogWorker (SegmentedRaftLogWorker.java:lambda$new$0(132)) - 03a4ab30-7c3b-428c-926c-31d823ed78af@group-CBCCC18211C1-SegmentedRaftLogWorker: flushIndex: setUnconditionally 0 -> -1
2020-12-26 01:57:27,594 [pool-682-thread-1] INFO  segmented.SegmentedRaftLogWorker (SegmentedRaftLogWorker.java:lambda$new$0(132)) - 03a4ab30-7c3b-428c-926c-31d823ed78af@group-CBCCC18211C1-SegmentedRaftLogWorker: safeCacheEvictIndex: setUnconditionally 0 -> -1
2020-12-26 01:57:27,594 [pool-682-thread-1] INFO  server.RaftServerConfigKeys (ConfUtils.java:logGet(44)) - raft.server.snapshot.auto.trigger.enabled = true (custom)
2020-12-26 01:57:27,594 [pool-682-thread-1] INFO  server.RaftServerConfigKeys (ConfUtils.java:logGet(44)) - raft.server.snapshot.auto.trigger.threshold = 10000 (custom)
2020-12-26 01:57:27,594 [pool-682-thread-1] INFO  server.RaftServerConfigKeys (ConfUtils.java:logGet(44)) - raft.server.snapshot.retention.file.num = 5 (custom)
2020-12-26 01:57:27,594 [pool-682-thread-1] INFO  server.RaftServerConfigKeys (ConfUtils.java:logGet(44)) - raft.server.log.purge.upto.snapshot.index = false (default)
2020-12-26 01:57:27,594 [pool-682-thread-1] INFO  server.RaftServerConfigKeys (ConfUtils.java:logGet(44)) - raft.server.retrycache.expirytime = 600000ms (custom)
2020-12-26 01:57:27,594 [pool-682-thread-1] INFO  server.RaftServerConfigKeys (ConfUtils.java:logGet(44)) - raft.server.retrycache.statistics.expirytime = 100?s (default)
2020-12-26 01:57:27,594 [pool-682-thread-1] INFO  metrics.RatisMetrics (RatisMetrics.java:lambda$create$0(36)) - Creating Metrics Registry : ratis.leader_election.03a4ab30-7c3b-428c-926c-31d823ed78af@group-CBCCC18211C1
2020-12-26 01:57:27,595 [pool-682-thread-1] INFO  metrics.RatisMetrics (RatisMetrics.java:lambda$create$0(36)) - Creating Metrics Registry : ratis.server.03a4ab30-7c3b-428c-926c-31d823ed78af@group-CBCCC18211C1
2020-12-26 01:57:27,597 [pool-682-thread-1] INFO  server.RaftServer$Division (RaftServerImpl.java:start(286)) - 03a4ab30-7c3b-428c-926c-31d823ed78af@group-CBCCC18211C1: start as a follower, conf=-1: [a9229adb-278c-43ef-9666-e3cbf980c0ea|rpc:172.17.0.2:43985|dataStream:, 03a4ab30-7c3b-428c-926c-31d823ed78af|rpc:172.17.0.2:35853|dataStream:, c7c2d1d0-24bf-4086-b8ac-f9c9c7e07f42|rpc:172.17.0.2:44251|dataStream:], old=null
2020-12-26 01:57:27,597 [pool-682-thread-1] INFO  server.RaftServer$Division (RaftServerImpl.java:setRole(275)) - 03a4ab30-7c3b-428c-926c-31d823ed78af@group-CBCCC18211C1: changes role from      null to FOLLOWER at term 0 for startAsFollower
2020-12-26 01:57:27,597 [pool-682-thread-1] INFO  impl.RoleInfo (RoleInfo.java:updateAndGet(130)) - 03a4ab30-7c3b-428c-926c-31d823ed78af: start 03a4ab30-7c3b-428c-926c-31d823ed78af@group-CBCCC18211C1-FollowerState
2020-12-26 01:57:27,597 [pool-682-thread-1] INFO  util.JmxRegister (JmxRegister.java:tryRegister(44)) - Successfully registered JMX Bean with object name Ratis:service=RaftServer,group=group-CBCCC18211C1,id=03a4ab30-7c3b-428c-926c-31d823ed78af
2020-12-26 01:57:27,597 [pool-682-thread-1] INFO  metrics.RatisMetrics (RatisMetrics.java:lambda$create$0(36)) - Creating Metrics Registry : ratis.state_machine.03a4ab30-7c3b-428c-926c-31d823ed78af@group-CBCCC18211C1
2020-12-26 01:57:27,603 [Command processor thread] INFO  metrics.RatisMetrics (RatisMetrics.java:lambda$create$0(36)) - Creating Metrics Registry : ratis.client_message_metrics.client-B96B6F0FFC2B->a9229adb-278c-43ef-9666-e3cbf980c0ea
2020-12-26 01:57:27,610 [grpc-default-executor-6] INFO  server.RaftServer (RaftServerProxy.java:addNew(93)) - a9229adb-278c-43ef-9666-e3cbf980c0ea: addNew group-CBCCC18211C1:[a9229adb-278c-43ef-9666-e3cbf980c0ea|rpc:172.17.0.2:43985|dataStream:, 03a4ab30-7c3b-428c-926c-31d823ed78af|rpc:172.17.0.2:35853|dataStream:, c7c2d1d0-24bf-4086-b8ac-f9c9c7e07f42|rpc:172.17.0.2:44251|dataStream:] returns group-CBCCC18211C1:java.util.concurrent.CompletableFuture@62d8ce3e[Not completed]
2020-12-26 01:57:27,611 [pool-666-thread-1] INFO  server.RaftServer$Division (RaftServerImpl.java:<init>(173)) - a9229adb-278c-43ef-9666-e3cbf980c0ea: new RaftServerImpl for group-CBCCC18211C1:[a9229adb-278c-43ef-9666-e3cbf980c0ea|rpc:172.17.0.2:43985|dataStream:, 03a4ab30-7c3b-428c-926c-31d823ed78af|rpc:172.17.0.2:35853|dataStream:, c7c2d1d0-24bf-4086-b8ac-f9c9c7e07f42|rpc:172.17.0.2:44251|dataStream:] with ContainerStateMachine:uninitialized
2020-12-26 01:57:27,611 [pool-666-thread-1] INFO  server.RaftServerConfigKeys (ConfUtils.java:logGet(44)) - raft.server.rpc.timeout.min = 5s (custom)
2020-12-26 01:57:27,611 [pool-666-thread-1] INFO  server.RaftServerConfigKeys (ConfUtils.java:logGet(44)) - raft.server.rpc.timeout.max = 5200ms (custom)
2020-12-26 01:57:27,611 [pool-666-thread-1] INFO  server.RaftServerConfigKeys (ConfUtils.java:logGet(44)) - raft.server.rpc.sleep.time = 25ms (default)
2020-12-26 01:57:27,611 [pool-666-thread-1] INFO  server.RaftServerConfigKeys (ConfUtils.java:logGet(44)) - raft.server.rpc.slowness.timeout = 300000ms (custom)
2020-12-26 01:57:27,611 [pool-666-thread-1] INFO  server.RaftServerConfigKeys (ConfUtils.java:logGet(44)) - raft.server.leaderelection.leader.step-down.wait-time = 10s (default)
2020-12-26 01:57:27,611 [pool-666-thread-1] INFO  server.RaftServerConfigKeys (ConfUtils.java:logGet(44)) - raft.server.sleep.deviation.threshold = 300ms (default)
2020-12-26 01:57:27,611 [pool-666-thread-1] INFO  server.RaftServerConfigKeys (ConfUtils.java:logGet(44)) - raft.server.log.appender.install.snapshot.enabled = false (custom)
2020-12-26 01:57:27,611 [pool-666-thread-1] INFO  server.RaftServer$Division (ServerState.java:<init>(104)) - a9229adb-278c-43ef-9666-e3cbf980c0ea@group-CBCCC18211C1: ConfigurationManager, init=-1: [a9229adb-278c-43ef-9666-e3cbf980c0ea|rpc:172.17.0.2:43985|dataStream:, 03a4ab30-7c3b-428c-926c-31d823ed78af|rpc:172.17.0.2:35853|dataStream:, c7c2d1d0-24bf-4086-b8ac-f9c9c7e07f42|rpc:172.17.0.2:44251|dataStream:], old=null, confs=<EMPTY_MAP>
2020-12-26 01:57:27,611 [pool-666-thread-1] INFO  server.RaftServerConfigKeys (ConfUtils.java:logGet(44)) - raft.server.storage.dir = [/github/workspace/mnt/ozone/hadoop-ozone/integration-test/target/test-dir/MiniOzoneClusterImpl-b0bbc67e-6e78-4c8b-9c9f-814a2ca087f9/datanode-1/data/ratis] (custom)
2020-12-26 01:57:27,611 [pool-666-thread-1] INFO  server.RaftServerConfigKeys (ConfUtils.java:logGet(44)) - raft.server.log.corruption.policy = EXCEPTION (default)
2020-12-26 01:57:27,611 [pool-666-thread-1] INFO  storage.RaftStorageDirectory (RaftStorageDirectory.java:analyzeStorage(260)) - The storage directory /github/workspace/mnt/ozone/hadoop-ozone/integration-test/target/test-dir/MiniOzoneClusterImpl-b0bbc67e-6e78-4c8b-9c9f-814a2ca087f9/datanode-1/data/ratis/4b3ce42e-715f-4136-a2ae-cbccc18211c1 does not exist. Creating ...
2020-12-26 01:57:27,612 [pool-666-thread-1] INFO  storage.RaftStorageDirectory (RaftStorageDirectory.java:tryLock(342)) - Lock on /github/workspace/mnt/ozone/hadoop-ozone/integration-test/target/test-dir/MiniOzoneClusterImpl-b0bbc67e-6e78-4c8b-9c9f-814a2ca087f9/datanode-1/data/ratis/4b3ce42e-715f-4136-a2ae-cbccc18211c1/in_use.lock acquired by nodename 7066@140068b710f1
2020-12-26 01:57:27,614 [pool-666-thread-1] INFO  storage.RaftStorage (RaftStorage.java:format(89)) - Storage directory /github/workspace/mnt/ozone/hadoop-ozone/integration-test/target/test-dir/MiniOzoneClusterImpl-b0bbc67e-6e78-4c8b-9c9f-814a2ca087f9/datanode-1/data/ratis/4b3ce42e-715f-4136-a2ae-cbccc18211c1 has been successfully formatted.
2020-12-26 01:57:27,614 [pool-666-thread-1] INFO  ratis.ContainerStateMachine (ContainerStateMachine.java:loadSnapshot(223)) - group-CBCCC18211C1: The snapshot info is null. Setting the last applied indexto:(t:0, i:~)
2020-12-26 01:57:27,614 [pool-666-thread-1] ERROR storage.RaftStorage (RaftStorage.java:readRaftConfiguration(152)) - Failed reading configuration from file:/github/workspace/mnt/ozone/hadoop-ozone/integration-test/target/test-dir/MiniOzoneClusterImpl-b0bbc67e-6e78-4c8b-9c9f-814a2ca087f9/datanode-1/data/ratis/4b3ce42e-715f-4136-a2ae-cbccc18211c1/current/raft-meta.conf
java.io.FileNotFoundException: /github/workspace/mnt/ozone/hadoop-ozone/integration-test/target/test-dir/MiniOzoneClusterImpl-b0bbc67e-6e78-4c8b-9c9f-814a2ca087f9/datanode-1/data/ratis/4b3ce42e-715f-4136-a2ae-cbccc18211c1/current/raft-meta.conf (No such file or directory)
	at java.io.FileInputStream.open0(Native Method)
	at java.io.FileInputStream.open(FileInputStream.java:195)
	at java.io.FileInputStream.<init>(FileInputStream.java:138)
	at org.apache.ratis.server.storage.RaftStorage.readRaftConfiguration(RaftStorage.java:148)
	at org.apache.ratis.server.impl.ServerState.initStatemachine(ServerState.java:167)
	at org.apache.ratis.server.impl.ServerState.<init>(ServerState.java:112)
	at org.apache.ratis.server.impl.RaftServerImpl.<init>(RaftServerImpl.java:186)
	at org.apache.ratis.server.impl.RaftServerProxy.lambda$newRaftServerImpl$4(RaftServerProxy.java:264)
	at java.util.concurrent.CompletableFuture$AsyncSupply.run(CompletableFuture.java:1604)
	at java.util.concurrent.ThreadPoolExecutor.runWorker(ThreadPoolExecutor.java:1149)
	at java.util.concurrent.ThreadPoolExecutor$Worker.run(ThreadPoolExecutor.java:624)
	at java.lang.Thread.run(Thread.java:748)
2020-12-26 01:57:27,615 [pool-666-thread-1] INFO  server.RaftServerConfigKeys (ConfUtils.java:logGet(44)) - raft.server.notification.no-leader.timeout = 300000ms (custom)
2020-12-26 01:57:27,615 [pool-666-thread-1] INFO  server.RaftServerConfigKeys (ConfUtils.java:logGet(44)) - raft.server.log.use.memory = false (default)
2020-12-26 01:57:27,615 [EventQueue-PipelineReportForOneReplicaPipelineSafeModeRule] INFO  safemode.SCMSafeModeManager (SCMSafeModeManager.java:validateSafeModeExitRules(214)) - AtleastOneDatanodeReportedRule rule is successfully validated
2020-12-26 01:57:27,615 [pool-666-thread-1] INFO  server.RaftServerConfigKeys (ConfUtils.java:logGet(44)) - raft.server.log.purge.gap = 1000000 (custom)
2020-12-26 01:57:27,615 [pool-666-thread-1] INFO  metrics.RatisMetrics (RatisMetrics.java:lambda$create$0(36)) - Creating Metrics Registry : ratis.log_worker.a9229adb-278c-43ef-9666-e3cbf980c0ea@group-CBCCC18211C1
2020-12-26 01:57:27,615 [pool-666-thread-1] INFO  server.RaftServerConfigKeys (ConfUtils.java:logGet(44)) - raft.server.log.appender.buffer.byte-limit = 33554432 (custom)
2020-12-26 01:57:27,615 [pool-666-thread-1] INFO  server.RaftServerConfigKeys (ConfUtils.java:logGet(44)) - raft.server.log.segment.size.max = 1048576 (custom)
2020-12-26 01:57:27,616 [pool-666-thread-1] INFO  server.RaftServerConfigKeys (ConfUtils.java:logGet(44)) - raft.server.log.segment.cache.num.max = 2 (custom)
2020-12-26 01:57:27,616 [pool-666-thread-1] INFO  server.RaftServerConfigKeys (ConfUtils.java:logGet(44)) - raft.server.log.segment.cache.size.max = 200MB (=209715200) (default)
2020-12-26 01:57:27,616 [pool-666-thread-1] INFO  segmented.SegmentedRaftLogWorker (SegmentedRaftLogWorker.java:<init>(181)) - new a9229adb-278c-43ef-9666-e3cbf980c0ea@group-CBCCC18211C1-SegmentedRaftLogWorker for RaftStorage:Storage Directory /github/workspace/mnt/ozone/hadoop-ozone/integration-test/target/test-dir/MiniOzoneClusterImpl-b0bbc67e-6e78-4c8b-9c9f-814a2ca087f9/datanode-1/data/ratis/4b3ce42e-715f-4136-a2ae-cbccc18211c1
2020-12-26 01:57:27,616 [pool-666-thread-1] INFO  server.RaftServerConfigKeys (ConfUtils.java:logGet(44)) - raft.server.log.queue.byte-limit = 2147483647 (custom)
2020-12-26 01:57:27,616 [pool-666-thread-1] INFO  server.RaftServerConfigKeys (ConfUtils.java:logGet(44)) - raft.server.log.queue.element-limit = 1024 (custom)
2020-12-26 01:57:27,619 [pool-666-thread-1] INFO  server.RaftServerConfigKeys (ConfUtils.java:logGet(44)) - raft.server.log.segment.size.max = 1048576 (custom)
2020-12-26 01:57:27,619 [pool-666-thread-1] INFO  server.RaftServerConfigKeys (ConfUtils.java:logGet(44)) - raft.server.log.preallocated.size = 16384 (custom)
2020-12-26 01:57:27,619 [pool-666-thread-1] INFO  server.RaftServerConfigKeys (ConfUtils.java:logGet(44)) - raft.server.log.force.sync.num = 128 (default)
2020-12-26 01:57:27,619 [pool-666-thread-1] INFO  server.RaftServerConfigKeys (ConfUtils.java:logGet(44)) - raft.server.log.statemachine.data.sync = true (default)
2020-12-26 01:57:27,619 [pool-666-thread-1] INFO  server.RaftServerConfigKeys (ConfUtils.java:logGet(44)) - raft.server.log.statemachine.data.sync.timeout = 10s (default)
2020-12-26 01:57:27,619 [pool-666-thread-1] INFO  server.RaftServerConfigKeys (ConfUtils.java:logGet(44)) - raft.server.log.statemachine.data.sync.timeout.retry = -1 (default)
2020-12-26 01:57:27,621 [pool-666-thread-1] INFO  server.RaftServerConfigKeys (ConfUtils.java:logGet(44)) - raft.server.log.write.buffer.size = 1048576 (custom)
2020-12-26 01:57:27,622 [pool-666-thread-1] INFO  server.RaftServerConfigKeys (ConfUtils.java:logGet(44)) - raft.server.log.statemachine.data.caching.enabled = true (custom)
2020-12-26 01:57:27,622 [pool-666-thread-1] INFO  segmented.SegmentedRaftLogWorker (SegmentedRaftLogWorker.java:lambda$new$0(132)) - a9229adb-278c-43ef-9666-e3cbf980c0ea@group-CBCCC18211C1-SegmentedRaftLogWorker: flushIndex: setUnconditionally 0 -> -1
2020-12-26 01:57:27,622 [pool-666-thread-1] INFO  segmented.SegmentedRaftLogWorker (SegmentedRaftLogWorker.java:lambda$new$0(132)) - a9229adb-278c-43ef-9666-e3cbf980c0ea@group-CBCCC18211C1-SegmentedRaftLogWorker: safeCacheEvictIndex: setUnconditionally 0 -> -1
2020-12-26 01:57:27,622 [pool-666-thread-1] INFO  server.RaftServerConfigKeys (ConfUtils.java:logGet(44)) - raft.server.snapshot.auto.trigger.enabled = true (custom)
2020-12-26 01:57:27,622 [pool-666-thread-1] INFO  server.RaftServerConfigKeys (ConfUtils.java:logGet(44)) - raft.server.snapshot.auto.trigger.threshold = 10000 (custom)
2020-12-26 01:57:27,622 [pool-666-thread-1] INFO  server.RaftServerConfigKeys (ConfUtils.java:logGet(44)) - raft.server.snapshot.retention.file.num = 5 (custom)
2020-12-26 01:57:27,622 [pool-666-thread-1] INFO  server.RaftServerConfigKeys (ConfUtils.java:logGet(44)) - raft.server.log.purge.upto.snapshot.index = false (default)
2020-12-26 01:57:27,623 [pool-666-thread-1] INFO  server.RaftServerConfigKeys (ConfUtils.java:logGet(44)) - raft.server.retrycache.expirytime = 600000ms (custom)
2020-12-26 01:57:27,623 [pool-666-thread-1] INFO  server.RaftServerConfigKeys (ConfUtils.java:logGet(44)) - raft.server.retrycache.statistics.expirytime = 100?s (default)
2020-12-26 01:57:27,623 [pool-666-thread-1] INFO  metrics.RatisMetrics (RatisMetrics.java:lambda$create$0(36)) - Creating Metrics Registry : ratis.leader_election.a9229adb-278c-43ef-9666-e3cbf980c0ea@group-CBCCC18211C1
2020-12-26 01:57:27,623 [pool-666-thread-1] INFO  metrics.RatisMetrics (RatisMetrics.java:lambda$create$0(36)) - Creating Metrics Registry : ratis.server.a9229adb-278c-43ef-9666-e3cbf980c0ea@group-CBCCC18211C1
2020-12-26 01:57:27,625 [pool-666-thread-1] INFO  server.RaftServer$Division (RaftServerImpl.java:start(286)) - a9229adb-278c-43ef-9666-e3cbf980c0ea@group-CBCCC18211C1: start as a follower, conf=-1: [a9229adb-278c-43ef-9666-e3cbf980c0ea|rpc:172.17.0.2:43985|dataStream:, 03a4ab30-7c3b-428c-926c-31d823ed78af|rpc:172.17.0.2:35853|dataStream:, c7c2d1d0-24bf-4086-b8ac-f9c9c7e07f42|rpc:172.17.0.2:44251|dataStream:], old=null
2020-12-26 01:57:27,625 [pool-666-thread-1] INFO  server.RaftServer$Division (RaftServerImpl.java:setRole(275)) - a9229adb-278c-43ef-9666-e3cbf980c0ea@group-CBCCC18211C1: changes role from      null to FOLLOWER at term 0 for startAsFollower
2020-12-26 01:57:27,625 [pool-666-thread-1] INFO  impl.RoleInfo (RoleInfo.java:updateAndGet(130)) - a9229adb-278c-43ef-9666-e3cbf980c0ea: start a9229adb-278c-43ef-9666-e3cbf980c0ea@group-CBCCC18211C1-FollowerState
2020-12-26 01:57:27,626 [pool-666-thread-1] INFO  util.JmxRegister (JmxRegister.java:tryRegister(44)) - Successfully registered JMX Bean with object name Ratis:service=RaftServer,group=group-CBCCC18211C1,id=a9229adb-278c-43ef-9666-e3cbf980c0ea
2020-12-26 01:57:27,626 [pool-666-thread-1] INFO  metrics.RatisMetrics (RatisMetrics.java:lambda$create$0(36)) - Creating Metrics Registry : ratis.state_machine.a9229adb-278c-43ef-9666-e3cbf980c0ea@group-CBCCC18211C1
2020-12-26 01:57:27,632 [Command processor thread] INFO  commandhandler.CreatePipelineCommandHandler (CreatePipelineCommandHandler.java:handle(106)) - Created Pipeline RATIS THREE PipelineID=4b3ce42e-715f-4136-a2ae-cbccc18211c1.
2020-12-26 01:57:27,675 [Command processor thread] INFO  server.RaftServer (RaftServerProxy.java:addNew(93)) - a9229adb-278c-43ef-9666-e3cbf980c0ea: addNew group-A4C42016F79F:[a9229adb-278c-43ef-9666-e3cbf980c0ea|rpc:172.17.0.2:43985] returns group-A4C42016F79F:java.util.concurrent.CompletableFuture@4b144d19[Not completed]
2020-12-26 01:57:27,676 [pool-666-thread-1] INFO  server.RaftServer$Division (RaftServerImpl.java:<init>(173)) - a9229adb-278c-43ef-9666-e3cbf980c0ea: new RaftServerImpl for group-A4C42016F79F:[a9229adb-278c-43ef-9666-e3cbf980c0ea|rpc:172.17.0.2:43985] with ContainerStateMachine:uninitialized
2020-12-26 01:57:27,676 [pool-666-thread-1] INFO  server.RaftServerConfigKeys (ConfUtils.java:logGet(44)) - raft.server.rpc.timeout.min = 5s (custom)
2020-12-26 01:57:27,676 [pool-666-thread-1] INFO  server.RaftServerConfigKeys (ConfUtils.java:logGet(44)) - raft.server.rpc.timeout.max = 5200ms (custom)
2020-12-26 01:57:27,676 [pool-666-thread-1] INFO  server.RaftServerConfigKeys (ConfUtils.java:logGet(44)) - raft.server.rpc.sleep.time = 25ms (default)
2020-12-26 01:57:27,676 [pool-666-thread-1] INFO  server.RaftServerConfigKeys (ConfUtils.java:logGet(44)) - raft.server.rpc.slowness.timeout = 300000ms (custom)
2020-12-26 01:57:27,676 [pool-666-thread-1] INFO  server.RaftServerConfigKeys (ConfUtils.java:logGet(44)) - raft.server.leaderelection.leader.step-down.wait-time = 10s (default)
2020-12-26 01:57:27,676 [pool-666-thread-1] INFO  server.RaftServerConfigKeys (ConfUtils.java:logGet(44)) - raft.server.sleep.deviation.threshold = 300ms (default)
2020-12-26 01:57:27,677 [pool-666-thread-1] INFO  server.RaftServerConfigKeys (ConfUtils.java:logGet(44)) - raft.server.log.appender.install.snapshot.enabled = false (custom)
2020-12-26 01:57:27,677 [pool-666-thread-1] INFO  server.RaftServer$Division (ServerState.java:<init>(104)) - a9229adb-278c-43ef-9666-e3cbf980c0ea@group-A4C42016F79F: ConfigurationManager, init=-1: [a9229adb-278c-43ef-9666-e3cbf980c0ea|rpc:172.17.0.2:43985], old=null, confs=<EMPTY_MAP>
2020-12-26 01:57:27,677 [pool-666-thread-1] INFO  server.RaftServerConfigKeys (ConfUtils.java:logGet(44)) - raft.server.storage.dir = [/github/workspace/mnt/ozone/hadoop-ozone/integration-test/target/test-dir/MiniOzoneClusterImpl-b0bbc67e-6e78-4c8b-9c9f-814a2ca087f9/datanode-1/data/ratis] (custom)
2020-12-26 01:57:27,677 [pool-666-thread-1] INFO  server.RaftServerConfigKeys (ConfUtils.java:logGet(44)) - raft.server.log.corruption.policy = EXCEPTION (default)
2020-12-26 01:57:27,677 [pool-666-thread-1] INFO  storage.RaftStorageDirectory (RaftStorageDirectory.java:analyzeStorage(260)) - The storage directory /github/workspace/mnt/ozone/hadoop-ozone/integration-test/target/test-dir/MiniOzoneClusterImpl-b0bbc67e-6e78-4c8b-9c9f-814a2ca087f9/datanode-1/data/ratis/24ef1db4-029e-490d-b15c-a4c42016f79f does not exist. Creating ...
2020-12-26 01:57:27,678 [pool-666-thread-1] INFO  storage.RaftStorageDirectory (RaftStorageDirectory.java:tryLock(342)) - Lock on /github/workspace/mnt/ozone/hadoop-ozone/integration-test/target/test-dir/MiniOzoneClusterImpl-b0bbc67e-6e78-4c8b-9c9f-814a2ca087f9/datanode-1/data/ratis/24ef1db4-029e-490d-b15c-a4c42016f79f/in_use.lock acquired by nodename 7066@140068b710f1
2020-12-26 01:57:27,680 [pool-666-thread-1] INFO  storage.RaftStorage (RaftStorage.java:format(89)) - Storage directory /github/workspace/mnt/ozone/hadoop-ozone/integration-test/target/test-dir/MiniOzoneClusterImpl-b0bbc67e-6e78-4c8b-9c9f-814a2ca087f9/datanode-1/data/ratis/24ef1db4-029e-490d-b15c-a4c42016f79f has been successfully formatted.
2020-12-26 01:57:27,680 [pool-666-thread-1] INFO  ratis.ContainerStateMachine (ContainerStateMachine.java:loadSnapshot(223)) - group-A4C42016F79F: The snapshot info is null. Setting the last applied indexto:(t:0, i:~)
2020-12-26 01:57:27,680 [pool-666-thread-1] ERROR storage.RaftStorage (RaftStorage.java:readRaftConfiguration(152)) - Failed reading configuration from file:/github/workspace/mnt/ozone/hadoop-ozone/integration-test/target/test-dir/MiniOzoneClusterImpl-b0bbc67e-6e78-4c8b-9c9f-814a2ca087f9/datanode-1/data/ratis/24ef1db4-029e-490d-b15c-a4c42016f79f/current/raft-meta.conf
java.io.FileNotFoundException: /github/workspace/mnt/ozone/hadoop-ozone/integration-test/target/test-dir/MiniOzoneClusterImpl-b0bbc67e-6e78-4c8b-9c9f-814a2ca087f9/datanode-1/data/ratis/24ef1db4-029e-490d-b15c-a4c42016f79f/current/raft-meta.conf (No such file or directory)
	at java.io.FileInputStream.open0(Native Method)
	at java.io.FileInputStream.open(FileInputStream.java:195)
	at java.io.FileInputStream.<init>(FileInputStream.java:138)
	at org.apache.ratis.server.storage.RaftStorage.readRaftConfiguration(RaftStorage.java:148)
	at org.apache.ratis.server.impl.ServerState.initStatemachine(ServerState.java:167)
	at org.apache.ratis.server.impl.ServerState.<init>(ServerState.java:112)
	at org.apache.ratis.server.impl.RaftServerImpl.<init>(RaftServerImpl.java:186)
	at org.apache.ratis.server.impl.RaftServerProxy.lambda$newRaftServerImpl$4(RaftServerProxy.java:264)
	at java.util.concurrent.CompletableFuture$AsyncSupply.run(CompletableFuture.java:1604)
	at java.util.concurrent.ThreadPoolExecutor.runWorker(ThreadPoolExecutor.java:1149)
	at java.util.concurrent.ThreadPoolExecutor$Worker.run(ThreadPoolExecutor.java:624)
	at java.lang.Thread.run(Thread.java:748)
2020-12-26 01:57:27,680 [EventQueue-PipelineReportForOneReplicaPipelineSafeModeRule] INFO  safemode.SCMSafeModeManager (SCMSafeModeManager.java:validateSafeModeExitRules(214)) - AtleastOneDatanodeReportedRule rule is successfully validated
2020-12-26 01:57:27,681 [EventQueue-PipelineReportForPipelineReportHandler] INFO  pipeline.PipelineStateManager (PipelineStateManager.java:openPipeline(132)) - Pipeline Pipeline[ Id: 24ef1db4-029e-490d-b15c-a4c42016f79f, Nodes: a9229adb-278c-43ef-9666-e3cbf980c0ea{ip: 172.17.0.2, host: 140068b710f1, networkLocation: /default-rack, certSerialId: null, persistedOpState: IN_SERVICE, persistedOpStateExpiryEpochSec: 0}, Type:RATIS, Factor:ONE, State:ALLOCATED, leaderId:a9229adb-278c-43ef-9666-e3cbf980c0ea, CreationTimestamp2020-12-26T01:57:24.677Z] moved to OPEN state
2020-12-26 01:57:27,681 [EventQueue-OpenPipelineForHealthyPipelineSafeModeRule] INFO  safemode.SCMSafeModeManager (HealthyPipelineSafeModeRule.java:process(128)) - SCM in safe mode. Healthy pipelines reported count is 0, required healthy pipeline reported count is 1
2020-12-26 01:57:27,681 [pool-666-thread-1] INFO  server.RaftServerConfigKeys (ConfUtils.java:logGet(44)) - raft.server.notification.no-leader.timeout = 300000ms (custom)
2020-12-26 01:57:27,686 [pool-666-thread-1] INFO  server.RaftServerConfigKeys (ConfUtils.java:logGet(44)) - raft.server.log.use.memory = false (default)
2020-12-26 01:57:27,686 [pool-666-thread-1] INFO  server.RaftServerConfigKeys (ConfUtils.java:logGet(44)) - raft.server.log.purge.gap = 1000000 (custom)
2020-12-26 01:57:27,686 [pool-666-thread-1] INFO  metrics.RatisMetrics (RatisMetrics.java:lambda$create$0(36)) - Creating Metrics Registry : ratis.log_worker.a9229adb-278c-43ef-9666-e3cbf980c0ea@group-A4C42016F79F
2020-12-26 01:57:27,686 [pool-666-thread-1] INFO  server.RaftServerConfigKeys (ConfUtils.java:logGet(44)) - raft.server.log.appender.buffer.byte-limit = 33554432 (custom)
2020-12-26 01:57:27,686 [pool-666-thread-1] INFO  server.RaftServerConfigKeys (ConfUtils.java:logGet(44)) - raft.server.log.segment.size.max = 1048576 (custom)
2020-12-26 01:57:27,687 [pool-666-thread-1] INFO  server.RaftServerConfigKeys (ConfUtils.java:logGet(44)) - raft.server.log.segment.cache.num.max = 2 (custom)
2020-12-26 01:57:27,687 [pool-666-thread-1] INFO  server.RaftServerConfigKeys (ConfUtils.java:logGet(44)) - raft.server.log.segment.cache.size.max = 200MB (=209715200) (default)
2020-12-26 01:57:27,687 [pool-666-thread-1] INFO  segmented.SegmentedRaftLogWorker (SegmentedRaftLogWorker.java:<init>(181)) - new a9229adb-278c-43ef-9666-e3cbf980c0ea@group-A4C42016F79F-SegmentedRaftLogWorker for RaftStorage:Storage Directory /github/workspace/mnt/ozone/hadoop-ozone/integration-test/target/test-dir/MiniOzoneClusterImpl-b0bbc67e-6e78-4c8b-9c9f-814a2ca087f9/datanode-1/data/ratis/24ef1db4-029e-490d-b15c-a4c42016f79f
2020-12-26 01:57:27,687 [pool-666-thread-1] INFO  server.RaftServerConfigKeys (ConfUtils.java:logGet(44)) - raft.server.log.queue.byte-limit = 2147483647 (custom)
2020-12-26 01:57:27,687 [pool-666-thread-1] INFO  server.RaftServerConfigKeys (ConfUtils.java:logGet(44)) - raft.server.log.queue.element-limit = 1024 (custom)
2020-12-26 01:57:27,687 [pool-666-thread-1] INFO  server.RaftServerConfigKeys (ConfUtils.java:logGet(44)) - raft.server.log.segment.size.max = 1048576 (custom)
2020-12-26 01:57:27,687 [pool-666-thread-1] INFO  server.RaftServerConfigKeys (ConfUtils.java:logGet(44)) - raft.server.log.preallocated.size = 16384 (custom)
2020-12-26 01:57:27,687 [pool-666-thread-1] INFO  server.RaftServerConfigKeys (ConfUtils.java:logGet(44)) - raft.server.log.force.sync.num = 128 (default)
2020-12-26 01:57:27,687 [Listener at 127.0.0.1/40109] INFO  ozone.MiniOzoneClusterImpl (MiniOzoneClusterImpl.java:lambda$waitForClusterToBeReady$0(178)) - Nodes are ready. Got 7 of 7 DN Heartbeats.
2020-12-26 01:57:27,687 [Listener at 127.0.0.1/40109] INFO  ozone.MiniOzoneClusterImpl (MiniOzoneClusterImpl.java:lambda$waitForClusterToBeReady$0(181)) - Waiting for cluster to exit safe mode
2020-12-26 01:57:27,687 [pool-666-thread-1] INFO  server.RaftServerConfigKeys (ConfUtils.java:logGet(44)) - raft.server.log.statemachine.data.sync = true (default)
2020-12-26 01:57:27,687 [pool-666-thread-1] INFO  server.RaftServerConfigKeys (ConfUtils.java:logGet(44)) - raft.server.log.statemachine.data.sync.timeout = 10s (default)
2020-12-26 01:57:27,688 [pool-666-thread-1] INFO  server.RaftServerConfigKeys (ConfUtils.java:logGet(44)) - raft.server.log.statemachine.data.sync.timeout.retry = -1 (default)
2020-12-26 01:57:27,689 [pool-666-thread-1] INFO  server.RaftServerConfigKeys (ConfUtils.java:logGet(44)) - raft.server.log.write.buffer.size = 1048576 (custom)
2020-12-26 01:57:27,690 [pool-666-thread-1] INFO  server.RaftServerConfigKeys (ConfUtils.java:logGet(44)) - raft.server.log.statemachine.data.caching.enabled = true (custom)
2020-12-26 01:57:27,690 [pool-666-thread-1] INFO  segmented.SegmentedRaftLogWorker (SegmentedRaftLogWorker.java:lambda$new$0(132)) - a9229adb-278c-43ef-9666-e3cbf980c0ea@group-A4C42016F79F-SegmentedRaftLogWorker: flushIndex: setUnconditionally 0 -> -1
2020-12-26 01:57:27,690 [pool-666-thread-1] INFO  segmented.SegmentedRaftLogWorker (SegmentedRaftLogWorker.java:lambda$new$0(132)) - a9229adb-278c-43ef-9666-e3cbf980c0ea@group-A4C42016F79F-SegmentedRaftLogWorker: safeCacheEvictIndex: setUnconditionally 0 -> -1
2020-12-26 01:57:27,690 [pool-666-thread-1] INFO  server.RaftServerConfigKeys (ConfUtils.java:logGet(44)) - raft.server.snapshot.auto.trigger.enabled = true (custom)
2020-12-26 01:57:27,691 [pool-666-thread-1] INFO  server.RaftServerConfigKeys (ConfUtils.java:logGet(44)) - raft.server.snapshot.auto.trigger.threshold = 10000 (custom)
2020-12-26 01:57:27,691 [pool-666-thread-1] INFO  server.RaftServerConfigKeys (ConfUtils.java:logGet(44)) - raft.server.snapshot.retention.file.num = 5 (custom)
2020-12-26 01:57:27,691 [pool-666-thread-1] INFO  server.RaftServerConfigKeys (ConfUtils.java:logGet(44)) - raft.server.log.purge.upto.snapshot.index = false (default)
2020-12-26 01:57:27,691 [pool-666-thread-1] INFO  server.RaftServerConfigKeys (ConfUtils.java:logGet(44)) - raft.server.retrycache.expirytime = 600000ms (custom)
2020-12-26 01:57:27,691 [pool-666-thread-1] INFO  server.RaftServerConfigKeys (ConfUtils.java:logGet(44)) - raft.server.retrycache.statistics.expirytime = 100?s (default)
2020-12-26 01:57:27,691 [pool-666-thread-1] INFO  metrics.RatisMetrics (RatisMetrics.java:lambda$create$0(36)) - Creating Metrics Registry : ratis.leader_election.a9229adb-278c-43ef-9666-e3cbf980c0ea@group-A4C42016F79F
2020-12-26 01:57:27,692 [pool-666-thread-1] INFO  metrics.RatisMetrics (RatisMetrics.java:lambda$create$0(36)) - Creating Metrics Registry : ratis.server.a9229adb-278c-43ef-9666-e3cbf980c0ea@group-A4C42016F79F
2020-12-26 01:57:27,693 [pool-666-thread-1] INFO  server.RaftServer$Division (RaftServerImpl.java:start(286)) - a9229adb-278c-43ef-9666-e3cbf980c0ea@group-A4C42016F79F: start as a follower, conf=-1: [a9229adb-278c-43ef-9666-e3cbf980c0ea|rpc:172.17.0.2:43985], old=null
2020-12-26 01:57:27,693 [pool-666-thread-1] INFO  server.RaftServer$Division (RaftServerImpl.java:setRole(275)) - a9229adb-278c-43ef-9666-e3cbf980c0ea@group-A4C42016F79F: changes role from      null to FOLLOWER at term 0 for startAsFollower
2020-12-26 01:57:27,693 [pool-666-thread-1] INFO  impl.RoleInfo (RoleInfo.java:updateAndGet(130)) - a9229adb-278c-43ef-9666-e3cbf980c0ea: start a9229adb-278c-43ef-9666-e3cbf980c0ea@group-A4C42016F79F-FollowerState
2020-12-26 01:57:27,694 [pool-666-thread-1] INFO  util.JmxRegister (JmxRegister.java:tryRegister(44)) - Successfully registered JMX Bean with object name Ratis:service=RaftServer,group=group-A4C42016F79F,id=a9229adb-278c-43ef-9666-e3cbf980c0ea
2020-12-26 01:57:27,694 [pool-666-thread-1] INFO  metrics.RatisMetrics (RatisMetrics.java:lambda$create$0(36)) - Creating Metrics Registry : ratis.state_machine.a9229adb-278c-43ef-9666-e3cbf980c0ea@group-A4C42016F79F
2020-12-26 01:57:27,695 [Command processor thread] INFO  commandhandler.CreatePipelineCommandHandler (CreatePipelineCommandHandler.java:handle(106)) - Created Pipeline RATIS ONE PipelineID=24ef1db4-029e-490d-b15c-a4c42016f79f.
2020-12-26 01:57:27,878 [Command processor thread] INFO  server.RaftServer (RaftServerProxy.java:addNew(93)) - 03a4ab30-7c3b-428c-926c-31d823ed78af: addNew group-C86E59087E83:[03a4ab30-7c3b-428c-926c-31d823ed78af|rpc:172.17.0.2:35853] returns group-C86E59087E83:java.util.concurrent.CompletableFuture@751c4a93[Not completed]
2020-12-26 01:57:27,878 [pool-682-thread-1] INFO  server.RaftServer$Division (RaftServerImpl.java:<init>(173)) - 03a4ab30-7c3b-428c-926c-31d823ed78af: new RaftServerImpl for group-C86E59087E83:[03a4ab30-7c3b-428c-926c-31d823ed78af|rpc:172.17.0.2:35853] with ContainerStateMachine:uninitialized
2020-12-26 01:57:27,878 [pool-682-thread-1] INFO  server.RaftServerConfigKeys (ConfUtils.java:logGet(44)) - raft.server.rpc.timeout.min = 5s (custom)
2020-12-26 01:57:27,878 [pool-682-thread-1] INFO  server.RaftServerConfigKeys (ConfUtils.java:logGet(44)) - raft.server.rpc.timeout.max = 5200ms (custom)
2020-12-26 01:57:27,878 [pool-682-thread-1] INFO  server.RaftServerConfigKeys (ConfUtils.java:logGet(44)) - raft.server.rpc.sleep.time = 25ms (default)
2020-12-26 01:57:27,879 [pool-682-thread-1] INFO  server.RaftServerConfigKeys (ConfUtils.java:logGet(44)) - raft.server.rpc.slowness.timeout = 300000ms (custom)
2020-12-26 01:57:27,879 [pool-682-thread-1] INFO  server.RaftServerConfigKeys (ConfUtils.java:logGet(44)) - raft.server.leaderelection.leader.step-down.wait-time = 10s (default)
2020-12-26 01:57:27,879 [pool-682-thread-1] INFO  server.RaftServerConfigKeys (ConfUtils.java:logGet(44)) - raft.server.sleep.deviation.threshold = 300ms (default)
2020-12-26 01:57:27,879 [pool-682-thread-1] INFO  server.RaftServerConfigKeys (ConfUtils.java:logGet(44)) - raft.server.log.appender.install.snapshot.enabled = false (custom)
2020-12-26 01:57:27,879 [pool-682-thread-1] INFO  server.RaftServer$Division (ServerState.java:<init>(104)) - 03a4ab30-7c3b-428c-926c-31d823ed78af@group-C86E59087E83: ConfigurationManager, init=-1: [03a4ab30-7c3b-428c-926c-31d823ed78af|rpc:172.17.0.2:35853], old=null, confs=<EMPTY_MAP>
2020-12-26 01:57:27,879 [pool-682-thread-1] INFO  server.RaftServerConfigKeys (ConfUtils.java:logGet(44)) - raft.server.storage.dir = [/github/workspace/mnt/ozone/hadoop-ozone/integration-test/target/test-dir/MiniOzoneClusterImpl-b0bbc67e-6e78-4c8b-9c9f-814a2ca087f9/datanode-2/data/ratis] (custom)
2020-12-26 01:57:27,879 [pool-682-thread-1] INFO  server.RaftServerConfigKeys (ConfUtils.java:logGet(44)) - raft.server.log.corruption.policy = EXCEPTION (default)
2020-12-26 01:57:27,879 [pool-682-thread-1] INFO  storage.RaftStorageDirectory (RaftStorageDirectory.java:analyzeStorage(260)) - The storage directory /github/workspace/mnt/ozone/hadoop-ozone/integration-test/target/test-dir/MiniOzoneClusterImpl-b0bbc67e-6e78-4c8b-9c9f-814a2ca087f9/datanode-2/data/ratis/0dbac3b6-6176-4237-9183-c86e59087e83 does not exist. Creating ...
2020-12-26 01:57:27,880 [pool-682-thread-1] INFO  storage.RaftStorageDirectory (RaftStorageDirectory.java:tryLock(342)) - Lock on /github/workspace/mnt/ozone/hadoop-ozone/integration-test/target/test-dir/MiniOzoneClusterImpl-b0bbc67e-6e78-4c8b-9c9f-814a2ca087f9/datanode-2/data/ratis/0dbac3b6-6176-4237-9183-c86e59087e83/in_use.lock acquired by nodename 7066@140068b710f1
2020-12-26 01:57:27,881 [pool-682-thread-1] INFO  storage.RaftStorage (RaftStorage.java:format(89)) - Storage directory /github/workspace/mnt/ozone/hadoop-ozone/integration-test/target/test-dir/MiniOzoneClusterImpl-b0bbc67e-6e78-4c8b-9c9f-814a2ca087f9/datanode-2/data/ratis/0dbac3b6-6176-4237-9183-c86e59087e83 has been successfully formatted.
2020-12-26 01:57:27,882 [pool-682-thread-1] INFO  ratis.ContainerStateMachine (ContainerStateMachine.java:loadSnapshot(223)) - group-C86E59087E83: The snapshot info is null. Setting the last applied indexto:(t:0, i:~)
2020-12-26 01:57:27,882 [pool-682-thread-1] ERROR storage.RaftStorage (RaftStorage.java:readRaftConfiguration(152)) - Failed reading configuration from file:/github/workspace/mnt/ozone/hadoop-ozone/integration-test/target/test-dir/MiniOzoneClusterImpl-b0bbc67e-6e78-4c8b-9c9f-814a2ca087f9/datanode-2/data/ratis/0dbac3b6-6176-4237-9183-c86e59087e83/current/raft-meta.conf
java.io.FileNotFoundException: /github/workspace/mnt/ozone/hadoop-ozone/integration-test/target/test-dir/MiniOzoneClusterImpl-b0bbc67e-6e78-4c8b-9c9f-814a2ca087f9/datanode-2/data/ratis/0dbac3b6-6176-4237-9183-c86e59087e83/current/raft-meta.conf (No such file or directory)
	at java.io.FileInputStream.open0(Native Method)
	at java.io.FileInputStream.open(FileInputStream.java:195)
	at java.io.FileInputStream.<init>(FileInputStream.java:138)
	at org.apache.ratis.server.storage.RaftStorage.readRaftConfiguration(RaftStorage.java:148)
	at org.apache.ratis.server.impl.ServerState.initStatemachine(ServerState.java:167)
	at org.apache.ratis.server.impl.ServerState.<init>(ServerState.java:112)
	at org.apache.ratis.server.impl.RaftServerImpl.<init>(RaftServerImpl.java:186)
	at org.apache.ratis.server.impl.RaftServerProxy.lambda$newRaftServerImpl$4(RaftServerProxy.java:264)
	at java.util.concurrent.CompletableFuture$AsyncSupply.run(CompletableFuture.java:1604)
	at java.util.concurrent.ThreadPoolExecutor.runWorker(ThreadPoolExecutor.java:1149)
	at java.util.concurrent.ThreadPoolExecutor$Worker.run(ThreadPoolExecutor.java:624)
	at java.lang.Thread.run(Thread.java:748)
2020-12-26 01:57:27,882 [pool-682-thread-1] INFO  server.RaftServerConfigKeys (ConfUtils.java:logGet(44)) - raft.server.notification.no-leader.timeout = 300000ms (custom)
2020-12-26 01:57:27,882 [pool-682-thread-1] INFO  server.RaftServerConfigKeys (ConfUtils.java:logGet(44)) - raft.server.log.use.memory = false (default)
2020-12-26 01:57:27,882 [pool-682-thread-1] INFO  server.RaftServerConfigKeys (ConfUtils.java:logGet(44)) - raft.server.log.purge.gap = 1000000 (custom)
2020-12-26 01:57:27,883 [pool-682-thread-1] INFO  metrics.RatisMetrics (RatisMetrics.java:lambda$create$0(36)) - Creating Metrics Registry : ratis.log_worker.03a4ab30-7c3b-428c-926c-31d823ed78af@group-C86E59087E83
2020-12-26 01:57:27,883 [EventQueue-PipelineReportForOneReplicaPipelineSafeModeRule] INFO  safemode.SCMSafeModeManager (SCMSafeModeManager.java:validateSafeModeExitRules(214)) - AtleastOneDatanodeReportedRule rule is successfully validated
2020-12-26 01:57:27,882 [EventQueue-PipelineReportForPipelineReportHandler] INFO  pipeline.PipelineStateManager (PipelineStateManager.java:openPipeline(132)) - Pipeline Pipeline[ Id: 0dbac3b6-6176-4237-9183-c86e59087e83, Nodes: 03a4ab30-7c3b-428c-926c-31d823ed78af{ip: 172.17.0.2, host: 140068b710f1, networkLocation: /default-rack, certSerialId: null, persistedOpState: IN_SERVICE, persistedOpStateExpiryEpochSec: 0}, Type:RATIS, Factor:ONE, State:ALLOCATED, leaderId:03a4ab30-7c3b-428c-926c-31d823ed78af, CreationTimestamp2020-12-26T01:57:24.878Z] moved to OPEN state
2020-12-26 01:57:27,883 [EventQueue-OpenPipelineForHealthyPipelineSafeModeRule] INFO  safemode.SCMSafeModeManager (HealthyPipelineSafeModeRule.java:process(128)) - SCM in safe mode. Healthy pipelines reported count is 0, required healthy pipeline reported count is 1
2020-12-26 01:57:27,883 [pool-682-thread-1] INFO  server.RaftServerConfigKeys (ConfUtils.java:logGet(44)) - raft.server.log.appender.buffer.byte-limit = 33554432 (custom)
2020-12-26 01:57:27,883 [pool-682-thread-1] INFO  server.RaftServerConfigKeys (ConfUtils.java:logGet(44)) - raft.server.log.segment.size.max = 1048576 (custom)
2020-12-26 01:57:27,884 [pool-682-thread-1] INFO  server.RaftServerConfigKeys (ConfUtils.java:logGet(44)) - raft.server.log.segment.cache.num.max = 2 (custom)
2020-12-26 01:57:27,884 [pool-682-thread-1] INFO  server.RaftServerConfigKeys (ConfUtils.java:logGet(44)) - raft.server.log.segment.cache.size.max = 200MB (=209715200) (default)
2020-12-26 01:57:27,884 [pool-682-thread-1] INFO  segmented.SegmentedRaftLogWorker (SegmentedRaftLogWorker.java:<init>(181)) - new 03a4ab30-7c3b-428c-926c-31d823ed78af@group-C86E59087E83-SegmentedRaftLogWorker for RaftStorage:Storage Directory /github/workspace/mnt/ozone/hadoop-ozone/integration-test/target/test-dir/MiniOzoneClusterImpl-b0bbc67e-6e78-4c8b-9c9f-814a2ca087f9/datanode-2/data/ratis/0dbac3b6-6176-4237-9183-c86e59087e83
2020-12-26 01:57:27,885 [pool-682-thread-1] INFO  server.RaftServerConfigKeys (ConfUtils.java:logGet(44)) - raft.server.log.queue.byte-limit = 2147483647 (custom)
2020-12-26 01:57:27,885 [pool-682-thread-1] INFO  server.RaftServerConfigKeys (ConfUtils.java:logGet(44)) - raft.server.log.queue.element-limit = 1024 (custom)
2020-12-26 01:57:27,885 [pool-682-thread-1] INFO  server.RaftServerConfigKeys (ConfUtils.java:logGet(44)) - raft.server.log.segment.size.max = 1048576 (custom)
2020-12-26 01:57:27,885 [pool-682-thread-1] INFO  server.RaftServerConfigKeys (ConfUtils.java:logGet(44)) - raft.server.log.preallocated.size = 16384 (custom)
2020-12-26 01:57:27,885 [pool-682-thread-1] INFO  server.RaftServerConfigKeys (ConfUtils.java:logGet(44)) - raft.server.log.force.sync.num = 128 (default)
2020-12-26 01:57:27,885 [pool-682-thread-1] INFO  server.RaftServerConfigKeys (ConfUtils.java:logGet(44)) - raft.server.log.statemachine.data.sync = true (default)
2020-12-26 01:57:27,885 [pool-682-thread-1] INFO  server.RaftServerConfigKeys (ConfUtils.java:logGet(44)) - raft.server.log.statemachine.data.sync.timeout = 10s (default)
2020-12-26 01:57:27,885 [pool-682-thread-1] INFO  server.RaftServerConfigKeys (ConfUtils.java:logGet(44)) - raft.server.log.statemachine.data.sync.timeout.retry = -1 (default)
2020-12-26 01:57:27,887 [pool-682-thread-1] INFO  server.RaftServerConfigKeys (ConfUtils.java:logGet(44)) - raft.server.log.write.buffer.size = 1048576 (custom)
2020-12-26 01:57:27,887 [pool-682-thread-1] INFO  server.RaftServerConfigKeys (ConfUtils.java:logGet(44)) - raft.server.log.statemachine.data.caching.enabled = true (custom)
2020-12-26 01:57:27,888 [pool-682-thread-1] INFO  segmented.SegmentedRaftLogWorker (SegmentedRaftLogWorker.java:lambda$new$0(132)) - 03a4ab30-7c3b-428c-926c-31d823ed78af@group-C86E59087E83-SegmentedRaftLogWorker: flushIndex: setUnconditionally 0 -> -1
2020-12-26 01:57:27,888 [pool-682-thread-1] INFO  segmented.SegmentedRaftLogWorker (SegmentedRaftLogWorker.java:lambda$new$0(132)) - 03a4ab30-7c3b-428c-926c-31d823ed78af@group-C86E59087E83-SegmentedRaftLogWorker: safeCacheEvictIndex: setUnconditionally 0 -> -1
2020-12-26 01:57:27,888 [pool-682-thread-1] INFO  server.RaftServerConfigKeys (ConfUtils.java:logGet(44)) - raft.server.snapshot.auto.trigger.enabled = true (custom)
2020-12-26 01:57:27,888 [pool-682-thread-1] INFO  server.RaftServerConfigKeys (ConfUtils.java:logGet(44)) - raft.server.snapshot.auto.trigger.threshold = 10000 (custom)
2020-12-26 01:57:27,888 [pool-682-thread-1] INFO  server.RaftServerConfigKeys (ConfUtils.java:logGet(44)) - raft.server.snapshot.retention.file.num = 5 (custom)
2020-12-26 01:57:27,888 [pool-682-thread-1] INFO  server.RaftServerConfigKeys (ConfUtils.java:logGet(44)) - raft.server.log.purge.upto.snapshot.index = false (default)
2020-12-26 01:57:27,888 [pool-682-thread-1] INFO  server.RaftServerConfigKeys (ConfUtils.java:logGet(44)) - raft.server.retrycache.expirytime = 600000ms (custom)
2020-12-26 01:57:27,888 [pool-682-thread-1] INFO  server.RaftServerConfigKeys (ConfUtils.java:logGet(44)) - raft.server.retrycache.statistics.expirytime = 100?s (default)
2020-12-26 01:57:27,888 [pool-682-thread-1] INFO  metrics.RatisMetrics (RatisMetrics.java:lambda$create$0(36)) - Creating Metrics Registry : ratis.leader_election.03a4ab30-7c3b-428c-926c-31d823ed78af@group-C86E59087E83
2020-12-26 01:57:27,889 [pool-682-thread-1] INFO  metrics.RatisMetrics (RatisMetrics.java:lambda$create$0(36)) - Creating Metrics Registry : ratis.server.03a4ab30-7c3b-428c-926c-31d823ed78af@group-C86E59087E83
2020-12-26 01:57:27,890 [pool-682-thread-1] INFO  server.RaftServer$Division (RaftServerImpl.java:start(286)) - 03a4ab30-7c3b-428c-926c-31d823ed78af@group-C86E59087E83: start as a follower, conf=-1: [03a4ab30-7c3b-428c-926c-31d823ed78af|rpc:172.17.0.2:35853], old=null
2020-12-26 01:57:27,891 [pool-682-thread-1] INFO  server.RaftServer$Division (RaftServerImpl.java:setRole(275)) - 03a4ab30-7c3b-428c-926c-31d823ed78af@group-C86E59087E83: changes role from      null to FOLLOWER at term 0 for startAsFollower
2020-12-26 01:57:27,891 [pool-682-thread-1] INFO  impl.RoleInfo (RoleInfo.java:updateAndGet(130)) - 03a4ab30-7c3b-428c-926c-31d823ed78af: start 03a4ab30-7c3b-428c-926c-31d823ed78af@group-C86E59087E83-FollowerState
2020-12-26 01:57:27,891 [pool-682-thread-1] INFO  util.JmxRegister (JmxRegister.java:tryRegister(44)) - Successfully registered JMX Bean with object name Ratis:service=RaftServer,group=group-C86E59087E83,id=03a4ab30-7c3b-428c-926c-31d823ed78af
2020-12-26 01:57:27,891 [pool-682-thread-1] INFO  metrics.RatisMetrics (RatisMetrics.java:lambda$create$0(36)) - Creating Metrics Registry : ratis.state_machine.03a4ab30-7c3b-428c-926c-31d823ed78af@group-C86E59087E83
2020-12-26 01:57:27,894 [Command processor thread] INFO  commandhandler.CreatePipelineCommandHandler (CreatePipelineCommandHandler.java:handle(106)) - Created Pipeline RATIS ONE PipelineID=0dbac3b6-6176-4237-9183-c86e59087e83.
2020-12-26 01:57:28,113 [Command processor thread] INFO  server.RaftServer (RaftServerProxy.java:addNew(93)) - 73c99ad5-410f-4ffb-8408-ddbdb29ea4d0: addNew group-DBCF2475E781:[73c99ad5-410f-4ffb-8408-ddbdb29ea4d0|rpc:172.17.0.2:39033] returns group-DBCF2475E781:java.util.concurrent.CompletableFuture@1c0f1a42[Not completed]
2020-12-26 01:57:28,114 [pool-698-thread-1] INFO  server.RaftServer$Division (RaftServerImpl.java:<init>(173)) - 73c99ad5-410f-4ffb-8408-ddbdb29ea4d0: new RaftServerImpl for group-DBCF2475E781:[73c99ad5-410f-4ffb-8408-ddbdb29ea4d0|rpc:172.17.0.2:39033] with ContainerStateMachine:uninitialized
2020-12-26 01:57:28,114 [pool-698-thread-1] INFO  server.RaftServerConfigKeys (ConfUtils.java:logGet(44)) - raft.server.rpc.timeout.min = 5s (custom)
2020-12-26 01:57:28,114 [pool-698-thread-1] INFO  server.RaftServerConfigKeys (ConfUtils.java:logGet(44)) - raft.server.rpc.timeout.max = 5200ms (custom)
2020-12-26 01:57:28,115 [pool-698-thread-1] INFO  server.RaftServerConfigKeys (ConfUtils.java:logGet(44)) - raft.server.rpc.sleep.time = 25ms (default)
2020-12-26 01:57:28,115 [pool-698-thread-1] INFO  server.RaftServerConfigKeys (ConfUtils.java:logGet(44)) - raft.server.rpc.slowness.timeout = 300000ms (custom)
2020-12-26 01:57:28,115 [pool-698-thread-1] INFO  server.RaftServerConfigKeys (ConfUtils.java:logGet(44)) - raft.server.leaderelection.leader.step-down.wait-time = 10s (default)
2020-12-26 01:57:28,115 [pool-698-thread-1] INFO  server.RaftServerConfigKeys (ConfUtils.java:logGet(44)) - raft.server.sleep.deviation.threshold = 300ms (default)
2020-12-26 01:57:28,115 [pool-698-thread-1] INFO  server.RaftServerConfigKeys (ConfUtils.java:logGet(44)) - raft.server.log.appender.install.snapshot.enabled = false (custom)
2020-12-26 01:57:28,115 [pool-698-thread-1] INFO  server.RaftServer$Division (ServerState.java:<init>(104)) - 73c99ad5-410f-4ffb-8408-ddbdb29ea4d0@group-DBCF2475E781: ConfigurationManager, init=-1: [73c99ad5-410f-4ffb-8408-ddbdb29ea4d0|rpc:172.17.0.2:39033], old=null, confs=<EMPTY_MAP>
2020-12-26 01:57:28,115 [pool-698-thread-1] INFO  server.RaftServerConfigKeys (ConfUtils.java:logGet(44)) - raft.server.storage.dir = [/github/workspace/mnt/ozone/hadoop-ozone/integration-test/target/test-dir/MiniOzoneClusterImpl-b0bbc67e-6e78-4c8b-9c9f-814a2ca087f9/datanode-3/data/ratis] (custom)
2020-12-26 01:57:28,115 [pool-698-thread-1] INFO  server.RaftServerConfigKeys (ConfUtils.java:logGet(44)) - raft.server.log.corruption.policy = EXCEPTION (default)
2020-12-26 01:57:28,115 [pool-698-thread-1] INFO  storage.RaftStorageDirectory (RaftStorageDirectory.java:analyzeStorage(260)) - The storage directory /github/workspace/mnt/ozone/hadoop-ozone/integration-test/target/test-dir/MiniOzoneClusterImpl-b0bbc67e-6e78-4c8b-9c9f-814a2ca087f9/datanode-3/data/ratis/26cb6a70-665f-4bfd-982c-dbcf2475e781 does not exist. Creating ...
2020-12-26 01:57:28,117 [pool-698-thread-1] INFO  storage.RaftStorageDirectory (RaftStorageDirectory.java:tryLock(342)) - Lock on /github/workspace/mnt/ozone/hadoop-ozone/integration-test/target/test-dir/MiniOzoneClusterImpl-b0bbc67e-6e78-4c8b-9c9f-814a2ca087f9/datanode-3/data/ratis/26cb6a70-665f-4bfd-982c-dbcf2475e781/in_use.lock acquired by nodename 7066@140068b710f1
2020-12-26 01:57:28,118 [pool-698-thread-1] INFO  storage.RaftStorage (RaftStorage.java:format(89)) - Storage directory /github/workspace/mnt/ozone/hadoop-ozone/integration-test/target/test-dir/MiniOzoneClusterImpl-b0bbc67e-6e78-4c8b-9c9f-814a2ca087f9/datanode-3/data/ratis/26cb6a70-665f-4bfd-982c-dbcf2475e781 has been successfully formatted.
2020-12-26 01:57:28,118 [pool-698-thread-1] INFO  ratis.ContainerStateMachine (ContainerStateMachine.java:loadSnapshot(223)) - group-DBCF2475E781: The snapshot info is null. Setting the last applied indexto:(t:0, i:~)
2020-12-26 01:57:28,118 [pool-698-thread-1] ERROR storage.RaftStorage (RaftStorage.java:readRaftConfiguration(152)) - Failed reading configuration from file:/github/workspace/mnt/ozone/hadoop-ozone/integration-test/target/test-dir/MiniOzoneClusterImpl-b0bbc67e-6e78-4c8b-9c9f-814a2ca087f9/datanode-3/data/ratis/26cb6a70-665f-4bfd-982c-dbcf2475e781/current/raft-meta.conf
java.io.FileNotFoundException: /github/workspace/mnt/ozone/hadoop-ozone/integration-test/target/test-dir/MiniOzoneClusterImpl-b0bbc67e-6e78-4c8b-9c9f-814a2ca087f9/datanode-3/data/ratis/26cb6a70-665f-4bfd-982c-dbcf2475e781/current/raft-meta.conf (No such file or directory)
	at java.io.FileInputStream.open0(Native Method)
	at java.io.FileInputStream.open(FileInputStream.java:195)
	at java.io.FileInputStream.<init>(FileInputStream.java:138)
	at org.apache.ratis.server.storage.RaftStorage.readRaftConfiguration(RaftStorage.java:148)
	at org.apache.ratis.server.impl.ServerState.initStatemachine(ServerState.java:167)
	at org.apache.ratis.server.impl.ServerState.<init>(ServerState.java:112)
	at org.apache.ratis.server.impl.RaftServerImpl.<init>(RaftServerImpl.java:186)
	at org.apache.ratis.server.impl.RaftServerProxy.lambda$newRaftServerImpl$4(RaftServerProxy.java:264)
	at java.util.concurrent.CompletableFuture$AsyncSupply.run(CompletableFuture.java:1604)
	at java.util.concurrent.ThreadPoolExecutor.runWorker(ThreadPoolExecutor.java:1149)
	at java.util.concurrent.ThreadPoolExecutor$Worker.run(ThreadPoolExecutor.java:624)
	at java.lang.Thread.run(Thread.java:748)
2020-12-26 01:57:28,119 [pool-698-thread-1] INFO  server.RaftServerConfigKeys (ConfUtils.java:logGet(44)) - raft.server.notification.no-leader.timeout = 300000ms (custom)
2020-12-26 01:57:28,119 [pool-698-thread-1] INFO  server.RaftServerConfigKeys (ConfUtils.java:logGet(44)) - raft.server.log.use.memory = false (default)
2020-12-26 01:57:28,119 [pool-698-thread-1] INFO  server.RaftServerConfigKeys (ConfUtils.java:logGet(44)) - raft.server.log.purge.gap = 1000000 (custom)
2020-12-26 01:57:28,119 [EventQueue-PipelineReportForOneReplicaPipelineSafeModeRule] INFO  safemode.SCMSafeModeManager (SCMSafeModeManager.java:validateSafeModeExitRules(214)) - AtleastOneDatanodeReportedRule rule is successfully validated
2020-12-26 01:57:28,119 [pool-698-thread-1] INFO  metrics.RatisMetrics (RatisMetrics.java:lambda$create$0(36)) - Creating Metrics Registry : ratis.log_worker.73c99ad5-410f-4ffb-8408-ddbdb29ea4d0@group-DBCF2475E781
2020-12-26 01:57:28,119 [EventQueue-PipelineReportForPipelineReportHandler] INFO  pipeline.PipelineStateManager (PipelineStateManager.java:openPipeline(132)) - Pipeline Pipeline[ Id: 26cb6a70-665f-4bfd-982c-dbcf2475e781, Nodes: 73c99ad5-410f-4ffb-8408-ddbdb29ea4d0{ip: 172.17.0.2, host: 140068b710f1, networkLocation: /default-rack, certSerialId: null, persistedOpState: IN_SERVICE, persistedOpStateExpiryEpochSec: 0}, Type:RATIS, Factor:ONE, State:ALLOCATED, leaderId:73c99ad5-410f-4ffb-8408-ddbdb29ea4d0, CreationTimestamp2020-12-26T01:57:25.112Z] moved to OPEN state
2020-12-26 01:57:28,119 [pool-698-thread-1] INFO  server.RaftServerConfigKeys (ConfUtils.java:logGet(44)) - raft.server.log.appender.buffer.byte-limit = 33554432 (custom)
2020-12-26 01:57:28,119 [pool-698-thread-1] INFO  server.RaftServerConfigKeys (ConfUtils.java:logGet(44)) - raft.server.log.segment.size.max = 1048576 (custom)
2020-12-26 01:57:28,119 [EventQueue-OpenPipelineForHealthyPipelineSafeModeRule] INFO  safemode.SCMSafeModeManager (HealthyPipelineSafeModeRule.java:process(128)) - SCM in safe mode. Healthy pipelines reported count is 0, required healthy pipeline reported count is 1
2020-12-26 01:57:28,120 [pool-698-thread-1] INFO  server.RaftServerConfigKeys (ConfUtils.java:logGet(44)) - raft.server.log.segment.cache.num.max = 2 (custom)
2020-12-26 01:57:28,120 [pool-698-thread-1] INFO  server.RaftServerConfigKeys (ConfUtils.java:logGet(44)) - raft.server.log.segment.cache.size.max = 200MB (=209715200) (default)
2020-12-26 01:57:28,120 [pool-698-thread-1] INFO  segmented.SegmentedRaftLogWorker (SegmentedRaftLogWorker.java:<init>(181)) - new 73c99ad5-410f-4ffb-8408-ddbdb29ea4d0@group-DBCF2475E781-SegmentedRaftLogWorker for RaftStorage:Storage Directory /github/workspace/mnt/ozone/hadoop-ozone/integration-test/target/test-dir/MiniOzoneClusterImpl-b0bbc67e-6e78-4c8b-9c9f-814a2ca087f9/datanode-3/data/ratis/26cb6a70-665f-4bfd-982c-dbcf2475e781
2020-12-26 01:57:28,120 [pool-698-thread-1] INFO  server.RaftServerConfigKeys (ConfUtils.java:logGet(44)) - raft.server.log.queue.byte-limit = 2147483647 (custom)
2020-12-26 01:57:28,120 [pool-698-thread-1] INFO  server.RaftServerConfigKeys (ConfUtils.java:logGet(44)) - raft.server.log.queue.element-limit = 1024 (custom)
2020-12-26 01:57:28,120 [pool-698-thread-1] INFO  server.RaftServerConfigKeys (ConfUtils.java:logGet(44)) - raft.server.log.segment.size.max = 1048576 (custom)
2020-12-26 01:57:28,120 [pool-698-thread-1] INFO  server.RaftServerConfigKeys (ConfUtils.java:logGet(44)) - raft.server.log.preallocated.size = 16384 (custom)
2020-12-26 01:57:28,120 [pool-698-thread-1] INFO  server.RaftServerConfigKeys (ConfUtils.java:logGet(44)) - raft.server.log.force.sync.num = 128 (default)
2020-12-26 01:57:28,120 [pool-698-thread-1] INFO  server.RaftServerConfigKeys (ConfUtils.java:logGet(44)) - raft.server.log.statemachine.data.sync = true (default)
2020-12-26 01:57:28,120 [pool-698-thread-1] INFO  server.RaftServerConfigKeys (ConfUtils.java:logGet(44)) - raft.server.log.statemachine.data.sync.timeout = 10s (default)
2020-12-26 01:57:28,120 [pool-698-thread-1] INFO  server.RaftServerConfigKeys (ConfUtils.java:logGet(44)) - raft.server.log.statemachine.data.sync.timeout.retry = -1 (default)
2020-12-26 01:57:28,122 [pool-698-thread-1] INFO  server.RaftServerConfigKeys (ConfUtils.java:logGet(44)) - raft.server.log.write.buffer.size = 1048576 (custom)
2020-12-26 01:57:28,123 [pool-698-thread-1] INFO  server.RaftServerConfigKeys (ConfUtils.java:logGet(44)) - raft.server.log.statemachine.data.caching.enabled = true (custom)
2020-12-26 01:57:28,123 [pool-698-thread-1] INFO  segmented.SegmentedRaftLogWorker (SegmentedRaftLogWorker.java:lambda$new$0(132)) - 73c99ad5-410f-4ffb-8408-ddbdb29ea4d0@group-DBCF2475E781-SegmentedRaftLogWorker: flushIndex: setUnconditionally 0 -> -1
2020-12-26 01:57:28,123 [pool-698-thread-1] INFO  segmented.SegmentedRaftLogWorker (SegmentedRaftLogWorker.java:lambda$new$0(132)) - 73c99ad5-410f-4ffb-8408-ddbdb29ea4d0@group-DBCF2475E781-SegmentedRaftLogWorker: safeCacheEvictIndex: setUnconditionally 0 -> -1
2020-12-26 01:57:28,123 [pool-698-thread-1] INFO  server.RaftServerConfigKeys (ConfUtils.java:logGet(44)) - raft.server.snapshot.auto.trigger.enabled = true (custom)
2020-12-26 01:57:28,123 [pool-698-thread-1] INFO  server.RaftServerConfigKeys (ConfUtils.java:logGet(44)) - raft.server.snapshot.auto.trigger.threshold = 10000 (custom)
2020-12-26 01:57:28,123 [pool-698-thread-1] INFO  server.RaftServerConfigKeys (ConfUtils.java:logGet(44)) - raft.server.snapshot.retention.file.num = 5 (custom)
2020-12-26 01:57:28,124 [pool-698-thread-1] INFO  server.RaftServerConfigKeys (ConfUtils.java:logGet(44)) - raft.server.log.purge.upto.snapshot.index = false (default)
2020-12-26 01:57:28,124 [pool-698-thread-1] INFO  server.RaftServerConfigKeys (ConfUtils.java:logGet(44)) - raft.server.retrycache.expirytime = 600000ms (custom)
2020-12-26 01:57:28,124 [pool-698-thread-1] INFO  server.RaftServerConfigKeys (ConfUtils.java:logGet(44)) - raft.server.retrycache.statistics.expirytime = 100?s (default)
2020-12-26 01:57:28,124 [pool-698-thread-1] INFO  metrics.RatisMetrics (RatisMetrics.java:lambda$create$0(36)) - Creating Metrics Registry : ratis.leader_election.73c99ad5-410f-4ffb-8408-ddbdb29ea4d0@group-DBCF2475E781
2020-12-26 01:57:28,124 [pool-698-thread-1] INFO  metrics.RatisMetrics (RatisMetrics.java:lambda$create$0(36)) - Creating Metrics Registry : ratis.server.73c99ad5-410f-4ffb-8408-ddbdb29ea4d0@group-DBCF2475E781
2020-12-26 01:57:28,126 [pool-698-thread-1] INFO  server.RaftServer$Division (RaftServerImpl.java:start(286)) - 73c99ad5-410f-4ffb-8408-ddbdb29ea4d0@group-DBCF2475E781: start as a follower, conf=-1: [73c99ad5-410f-4ffb-8408-ddbdb29ea4d0|rpc:172.17.0.2:39033], old=null
2020-12-26 01:57:28,126 [pool-698-thread-1] INFO  server.RaftServer$Division (RaftServerImpl.java:setRole(275)) - 73c99ad5-410f-4ffb-8408-ddbdb29ea4d0@group-DBCF2475E781: changes role from      null to FOLLOWER at term 0 for startAsFollower
2020-12-26 01:57:28,126 [pool-698-thread-1] INFO  impl.RoleInfo (RoleInfo.java:updateAndGet(130)) - 73c99ad5-410f-4ffb-8408-ddbdb29ea4d0: start 73c99ad5-410f-4ffb-8408-ddbdb29ea4d0@group-DBCF2475E781-FollowerState
2020-12-26 01:57:28,126 [pool-698-thread-1] INFO  util.JmxRegister (JmxRegister.java:tryRegister(44)) - Successfully registered JMX Bean with object name Ratis:service=RaftServer,group=group-DBCF2475E781,id=73c99ad5-410f-4ffb-8408-ddbdb29ea4d0
2020-12-26 01:57:28,126 [pool-698-thread-1] INFO  metrics.RatisMetrics (RatisMetrics.java:lambda$create$0(36)) - Creating Metrics Registry : ratis.state_machine.73c99ad5-410f-4ffb-8408-ddbdb29ea4d0@group-DBCF2475E781
2020-12-26 01:57:28,127 [Command processor thread] INFO  commandhandler.CreatePipelineCommandHandler (CreatePipelineCommandHandler.java:handle(106)) - Created Pipeline RATIS ONE PipelineID=26cb6a70-665f-4bfd-982c-dbcf2475e781.
2020-12-26 01:57:28,127 [Command processor thread] INFO  server.RaftServer (RaftServerProxy.java:addNew(93)) - 73c99ad5-410f-4ffb-8408-ddbdb29ea4d0: addNew group-99F8A9162041:[8e16b57b-a520-4ff3-ab9c-70e7128aded3|rpc:172.17.0.2:33447, 43af3075-460a-422d-a924-90885968f40d|rpc:172.17.0.2:44111, 73c99ad5-410f-4ffb-8408-ddbdb29ea4d0|rpc:172.17.0.2:39033] returns group-99F8A9162041:java.util.concurrent.CompletableFuture@18308d1b[Not completed]
2020-12-26 01:57:28,128 [pool-698-thread-1] INFO  server.RaftServer$Division (RaftServerImpl.java:<init>(173)) - 73c99ad5-410f-4ffb-8408-ddbdb29ea4d0: new RaftServerImpl for group-99F8A9162041:[8e16b57b-a520-4ff3-ab9c-70e7128aded3|rpc:172.17.0.2:33447, 43af3075-460a-422d-a924-90885968f40d|rpc:172.17.0.2:44111, 73c99ad5-410f-4ffb-8408-ddbdb29ea4d0|rpc:172.17.0.2:39033] with ContainerStateMachine:uninitialized
2020-12-26 01:57:28,128 [pool-698-thread-1] INFO  server.RaftServerConfigKeys (ConfUtils.java:logGet(44)) - raft.server.rpc.timeout.min = 5s (custom)
2020-12-26 01:57:28,128 [pool-698-thread-1] INFO  server.RaftServerConfigKeys (ConfUtils.java:logGet(44)) - raft.server.rpc.timeout.max = 5200ms (custom)
2020-12-26 01:57:28,128 [pool-698-thread-1] INFO  server.RaftServerConfigKeys (ConfUtils.java:logGet(44)) - raft.server.rpc.sleep.time = 25ms (default)
2020-12-26 01:57:28,128 [pool-698-thread-1] INFO  server.RaftServerConfigKeys (ConfUtils.java:logGet(44)) - raft.server.rpc.slowness.timeout = 300000ms (custom)
2020-12-26 01:57:28,128 [pool-698-thread-1] INFO  server.RaftServerConfigKeys (ConfUtils.java:logGet(44)) - raft.server.leaderelection.leader.step-down.wait-time = 10s (default)
2020-12-26 01:57:28,128 [pool-698-thread-1] INFO  server.RaftServerConfigKeys (ConfUtils.java:logGet(44)) - raft.server.sleep.deviation.threshold = 300ms (default)
2020-12-26 01:57:28,128 [pool-698-thread-1] INFO  server.RaftServerConfigKeys (ConfUtils.java:logGet(44)) - raft.server.log.appender.install.snapshot.enabled = false (custom)
2020-12-26 01:57:28,128 [pool-698-thread-1] INFO  server.RaftServer$Division (ServerState.java:<init>(104)) - 73c99ad5-410f-4ffb-8408-ddbdb29ea4d0@group-99F8A9162041: ConfigurationManager, init=-1: [8e16b57b-a520-4ff3-ab9c-70e7128aded3|rpc:172.17.0.2:33447, 43af3075-460a-422d-a924-90885968f40d|rpc:172.17.0.2:44111, 73c99ad5-410f-4ffb-8408-ddbdb29ea4d0|rpc:172.17.0.2:39033], old=null, confs=<EMPTY_MAP>
2020-12-26 01:57:28,128 [pool-698-thread-1] INFO  server.RaftServerConfigKeys (ConfUtils.java:logGet(44)) - raft.server.storage.dir = [/github/workspace/mnt/ozone/hadoop-ozone/integration-test/target/test-dir/MiniOzoneClusterImpl-b0bbc67e-6e78-4c8b-9c9f-814a2ca087f9/datanode-3/data/ratis] (custom)
2020-12-26 01:57:28,128 [pool-698-thread-1] INFO  server.RaftServerConfigKeys (ConfUtils.java:logGet(44)) - raft.server.log.corruption.policy = EXCEPTION (default)
2020-12-26 01:57:28,129 [pool-698-thread-1] INFO  storage.RaftStorageDirectory (RaftStorageDirectory.java:analyzeStorage(260)) - The storage directory /github/workspace/mnt/ozone/hadoop-ozone/integration-test/target/test-dir/MiniOzoneClusterImpl-b0bbc67e-6e78-4c8b-9c9f-814a2ca087f9/datanode-3/data/ratis/5d650413-b041-4683-8cab-99f8a9162041 does not exist. Creating ...
2020-12-26 01:57:28,129 [pool-698-thread-1] INFO  storage.RaftStorageDirectory (RaftStorageDirectory.java:tryLock(342)) - Lock on /github/workspace/mnt/ozone/hadoop-ozone/integration-test/target/test-dir/MiniOzoneClusterImpl-b0bbc67e-6e78-4c8b-9c9f-814a2ca087f9/datanode-3/data/ratis/5d650413-b041-4683-8cab-99f8a9162041/in_use.lock acquired by nodename 7066@140068b710f1
2020-12-26 01:57:28,130 [pool-698-thread-1] INFO  storage.RaftStorage (RaftStorage.java:format(89)) - Storage directory /github/workspace/mnt/ozone/hadoop-ozone/integration-test/target/test-dir/MiniOzoneClusterImpl-b0bbc67e-6e78-4c8b-9c9f-814a2ca087f9/datanode-3/data/ratis/5d650413-b041-4683-8cab-99f8a9162041 has been successfully formatted.
2020-12-26 01:57:28,130 [pool-698-thread-1] INFO  ratis.ContainerStateMachine (ContainerStateMachine.java:loadSnapshot(223)) - group-99F8A9162041: The snapshot info is null. Setting the last applied indexto:(t:0, i:~)
2020-12-26 01:57:28,131 [pool-698-thread-1] ERROR storage.RaftStorage (RaftStorage.java:readRaftConfiguration(152)) - Failed reading configuration from file:/github/workspace/mnt/ozone/hadoop-ozone/integration-test/target/test-dir/MiniOzoneClusterImpl-b0bbc67e-6e78-4c8b-9c9f-814a2ca087f9/datanode-3/data/ratis/5d650413-b041-4683-8cab-99f8a9162041/current/raft-meta.conf
java.io.FileNotFoundException: /github/workspace/mnt/ozone/hadoop-ozone/integration-test/target/test-dir/MiniOzoneClusterImpl-b0bbc67e-6e78-4c8b-9c9f-814a2ca087f9/datanode-3/data/ratis/5d650413-b041-4683-8cab-99f8a9162041/current/raft-meta.conf (No such file or directory)
	at java.io.FileInputStream.open0(Native Method)
	at java.io.FileInputStream.open(FileInputStream.java:195)
	at java.io.FileInputStream.<init>(FileInputStream.java:138)
	at org.apache.ratis.server.storage.RaftStorage.readRaftConfiguration(RaftStorage.java:148)
	at org.apache.ratis.server.impl.ServerState.initStatemachine(ServerState.java:167)
	at org.apache.ratis.server.impl.ServerState.<init>(ServerState.java:112)
	at org.apache.ratis.server.impl.RaftServerImpl.<init>(RaftServerImpl.java:186)
	at org.apache.ratis.server.impl.RaftServerProxy.lambda$newRaftServerImpl$4(RaftServerProxy.java:264)
	at java.util.concurrent.CompletableFuture$AsyncSupply.run(CompletableFuture.java:1604)
	at java.util.concurrent.ThreadPoolExecutor.runWorker(ThreadPoolExecutor.java:1149)
	at java.util.concurrent.ThreadPoolExecutor$Worker.run(ThreadPoolExecutor.java:624)
	at java.lang.Thread.run(Thread.java:748)
2020-12-26 01:57:28,131 [EventQueue-OpenPipelineForHealthyPipelineSafeModeRule] INFO  safemode.SCMSafeModeManager (HealthyPipelineSafeModeRule.java:process(128)) - SCM in safe mode. Healthy pipelines reported count is 0, required healthy pipeline reported count is 1
2020-12-26 01:57:28,131 [EventQueue-PipelineReportForOneReplicaPipelineSafeModeRule] INFO  safemode.SCMSafeModeManager (SCMSafeModeManager.java:validateSafeModeExitRules(214)) - AtleastOneDatanodeReportedRule rule is successfully validated
2020-12-26 01:57:28,131 [pool-698-thread-1] INFO  server.RaftServerConfigKeys (ConfUtils.java:logGet(44)) - raft.server.notification.no-leader.timeout = 300000ms (custom)
2020-12-26 01:57:28,131 [pool-698-thread-1] INFO  server.RaftServerConfigKeys (ConfUtils.java:logGet(44)) - raft.server.log.use.memory = false (default)
2020-12-26 01:57:28,131 [pool-698-thread-1] INFO  server.RaftServerConfigKeys (ConfUtils.java:logGet(44)) - raft.server.log.purge.gap = 1000000 (custom)
2020-12-26 01:57:28,131 [pool-698-thread-1] INFO  metrics.RatisMetrics (RatisMetrics.java:lambda$create$0(36)) - Creating Metrics Registry : ratis.log_worker.73c99ad5-410f-4ffb-8408-ddbdb29ea4d0@group-99F8A9162041
2020-12-26 01:57:28,131 [pool-698-thread-1] INFO  server.RaftServerConfigKeys (ConfUtils.java:logGet(44)) - raft.server.log.appender.buffer.byte-limit = 33554432 (custom)
2020-12-26 01:57:28,132 [pool-698-thread-1] INFO  server.RaftServerConfigKeys (ConfUtils.java:logGet(44)) - raft.server.log.segment.size.max = 1048576 (custom)
2020-12-26 01:57:28,132 [pool-698-thread-1] INFO  server.RaftServerConfigKeys (ConfUtils.java:logGet(44)) - raft.server.log.segment.cache.num.max = 2 (custom)
2020-12-26 01:57:28,132 [pool-698-thread-1] INFO  server.RaftServerConfigKeys (ConfUtils.java:logGet(44)) - raft.server.log.segment.cache.size.max = 200MB (=209715200) (default)
2020-12-26 01:57:28,132 [pool-698-thread-1] INFO  segmented.SegmentedRaftLogWorker (SegmentedRaftLogWorker.java:<init>(181)) - new 73c99ad5-410f-4ffb-8408-ddbdb29ea4d0@group-99F8A9162041-SegmentedRaftLogWorker for RaftStorage:Storage Directory /github/workspace/mnt/ozone/hadoop-ozone/integration-test/target/test-dir/MiniOzoneClusterImpl-b0bbc67e-6e78-4c8b-9c9f-814a2ca087f9/datanode-3/data/ratis/5d650413-b041-4683-8cab-99f8a9162041
2020-12-26 01:57:28,132 [pool-698-thread-1] INFO  server.RaftServerConfigKeys (ConfUtils.java:logGet(44)) - raft.server.log.queue.byte-limit = 2147483647 (custom)
2020-12-26 01:57:28,132 [pool-698-thread-1] INFO  server.RaftServerConfigKeys (ConfUtils.java:logGet(44)) - raft.server.log.queue.element-limit = 1024 (custom)
2020-12-26 01:57:28,132 [pool-698-thread-1] INFO  server.RaftServerConfigKeys (ConfUtils.java:logGet(44)) - raft.server.log.segment.size.max = 1048576 (custom)
2020-12-26 01:57:28,133 [pool-698-thread-1] INFO  server.RaftServerConfigKeys (ConfUtils.java:logGet(44)) - raft.server.log.preallocated.size = 16384 (custom)
2020-12-26 01:57:28,133 [pool-698-thread-1] INFO  server.RaftServerConfigKeys (ConfUtils.java:logGet(44)) - raft.server.log.force.sync.num = 128 (default)
2020-12-26 01:57:28,133 [pool-698-thread-1] INFO  server.RaftServerConfigKeys (ConfUtils.java:logGet(44)) - raft.server.log.statemachine.data.sync = true (default)
2020-12-26 01:57:28,133 [pool-698-thread-1] INFO  server.RaftServerConfigKeys (ConfUtils.java:logGet(44)) - raft.server.log.statemachine.data.sync.timeout = 10s (default)
2020-12-26 01:57:28,133 [pool-698-thread-1] INFO  server.RaftServerConfigKeys (ConfUtils.java:logGet(44)) - raft.server.log.statemachine.data.sync.timeout.retry = -1 (default)
2020-12-26 01:57:28,134 [pool-698-thread-1] INFO  server.RaftServerConfigKeys (ConfUtils.java:logGet(44)) - raft.server.log.write.buffer.size = 1048576 (custom)
2020-12-26 01:57:28,134 [pool-698-thread-1] INFO  server.RaftServerConfigKeys (ConfUtils.java:logGet(44)) - raft.server.log.statemachine.data.caching.enabled = true (custom)
2020-12-26 01:57:28,135 [pool-698-thread-1] INFO  segmented.SegmentedRaftLogWorker (SegmentedRaftLogWorker.java:lambda$new$0(132)) - 73c99ad5-410f-4ffb-8408-ddbdb29ea4d0@group-99F8A9162041-SegmentedRaftLogWorker: flushIndex: setUnconditionally 0 -> -1
2020-12-26 01:57:28,135 [pool-698-thread-1] INFO  segmented.SegmentedRaftLogWorker (SegmentedRaftLogWorker.java:lambda$new$0(132)) - 73c99ad5-410f-4ffb-8408-ddbdb29ea4d0@group-99F8A9162041-SegmentedRaftLogWorker: safeCacheEvictIndex: setUnconditionally 0 -> -1
2020-12-26 01:57:28,135 [pool-698-thread-1] INFO  server.RaftServerConfigKeys (ConfUtils.java:logGet(44)) - raft.server.snapshot.auto.trigger.enabled = true (custom)
2020-12-26 01:57:28,135 [pool-698-thread-1] INFO  server.RaftServerConfigKeys (ConfUtils.java:logGet(44)) - raft.server.snapshot.auto.trigger.threshold = 10000 (custom)
2020-12-26 01:57:28,135 [pool-698-thread-1] INFO  server.RaftServerConfigKeys (ConfUtils.java:logGet(44)) - raft.server.snapshot.retention.file.num = 5 (custom)
2020-12-26 01:57:28,135 [pool-698-thread-1] INFO  server.RaftServerConfigKeys (ConfUtils.java:logGet(44)) - raft.server.log.purge.upto.snapshot.index = false (default)
2020-12-26 01:57:28,135 [pool-698-thread-1] INFO  server.RaftServerConfigKeys (ConfUtils.java:logGet(44)) - raft.server.retrycache.expirytime = 600000ms (custom)
2020-12-26 01:57:28,135 [pool-698-thread-1] INFO  server.RaftServerConfigKeys (ConfUtils.java:logGet(44)) - raft.server.retrycache.statistics.expirytime = 100?s (default)
2020-12-26 01:57:28,135 [pool-698-thread-1] INFO  metrics.RatisMetrics (RatisMetrics.java:lambda$create$0(36)) - Creating Metrics Registry : ratis.leader_election.73c99ad5-410f-4ffb-8408-ddbdb29ea4d0@group-99F8A9162041
2020-12-26 01:57:28,136 [pool-698-thread-1] INFO  metrics.RatisMetrics (RatisMetrics.java:lambda$create$0(36)) - Creating Metrics Registry : ratis.server.73c99ad5-410f-4ffb-8408-ddbdb29ea4d0@group-99F8A9162041
2020-12-26 01:57:28,137 [pool-698-thread-1] INFO  server.RaftServer$Division (RaftServerImpl.java:start(286)) - 73c99ad5-410f-4ffb-8408-ddbdb29ea4d0@group-99F8A9162041: start as a follower, conf=-1: [8e16b57b-a520-4ff3-ab9c-70e7128aded3|rpc:172.17.0.2:33447, 43af3075-460a-422d-a924-90885968f40d|rpc:172.17.0.2:44111, 73c99ad5-410f-4ffb-8408-ddbdb29ea4d0|rpc:172.17.0.2:39033], old=null
2020-12-26 01:57:28,138 [pool-698-thread-1] INFO  server.RaftServer$Division (RaftServerImpl.java:setRole(275)) - 73c99ad5-410f-4ffb-8408-ddbdb29ea4d0@group-99F8A9162041: changes role from      null to FOLLOWER at term 0 for startAsFollower
2020-12-26 01:57:28,138 [pool-698-thread-1] INFO  impl.RoleInfo (RoleInfo.java:updateAndGet(130)) - 73c99ad5-410f-4ffb-8408-ddbdb29ea4d0: start 73c99ad5-410f-4ffb-8408-ddbdb29ea4d0@group-99F8A9162041-FollowerState
2020-12-26 01:57:28,138 [pool-698-thread-1] INFO  util.JmxRegister (JmxRegister.java:tryRegister(44)) - Successfully registered JMX Bean with object name Ratis:service=RaftServer,group=group-99F8A9162041,id=73c99ad5-410f-4ffb-8408-ddbdb29ea4d0
2020-12-26 01:57:28,138 [pool-698-thread-1] INFO  metrics.RatisMetrics (RatisMetrics.java:lambda$create$0(36)) - Creating Metrics Registry : ratis.state_machine.73c99ad5-410f-4ffb-8408-ddbdb29ea4d0@group-99F8A9162041
2020-12-26 01:57:28,139 [Command processor thread] INFO  metrics.RatisMetrics (RatisMetrics.java:lambda$create$0(36)) - Creating Metrics Registry : ratis.client_message_metrics.client-1EB7E04C436E->43af3075-460a-422d-a924-90885968f40d
2020-12-26 01:57:28,143 [grpc-default-executor-6] INFO  metrics.RatisMetrics (RatisMetrics.java:lambda$create$0(36)) - Creating Metrics Registry : ratis.server_message_metrics.43af3075-460a-422d-a924-90885968f40d
2020-12-26 01:57:28,145 [grpc-default-executor-6] INFO  server.RaftServer (RaftServerProxy.java:addNew(93)) - 43af3075-460a-422d-a924-90885968f40d: addNew group-99F8A9162041:[8e16b57b-a520-4ff3-ab9c-70e7128aded3|rpc:172.17.0.2:33447|dataStream:, 43af3075-460a-422d-a924-90885968f40d|rpc:172.17.0.2:44111|dataStream:, 73c99ad5-410f-4ffb-8408-ddbdb29ea4d0|rpc:172.17.0.2:39033|dataStream:] returns group-99F8A9162041:java.util.concurrent.CompletableFuture@853a88[Not completed]
2020-12-26 01:57:28,146 [pool-730-thread-1] INFO  server.RaftServer$Division (RaftServerImpl.java:<init>(173)) - 43af3075-460a-422d-a924-90885968f40d: new RaftServerImpl for group-99F8A9162041:[8e16b57b-a520-4ff3-ab9c-70e7128aded3|rpc:172.17.0.2:33447|dataStream:, 43af3075-460a-422d-a924-90885968f40d|rpc:172.17.0.2:44111|dataStream:, 73c99ad5-410f-4ffb-8408-ddbdb29ea4d0|rpc:172.17.0.2:39033|dataStream:] with ContainerStateMachine:uninitialized
2020-12-26 01:57:28,146 [pool-730-thread-1] INFO  server.RaftServerConfigKeys (ConfUtils.java:logGet(44)) - raft.server.rpc.timeout.min = 5s (custom)
2020-12-26 01:57:28,146 [pool-730-thread-1] INFO  server.RaftServerConfigKeys (ConfUtils.java:logGet(44)) - raft.server.rpc.timeout.max = 5200ms (custom)
2020-12-26 01:57:28,146 [pool-730-thread-1] INFO  server.RaftServerConfigKeys (ConfUtils.java:logGet(44)) - raft.server.rpc.sleep.time = 25ms (default)
2020-12-26 01:57:28,146 [pool-730-thread-1] INFO  server.RaftServerConfigKeys (ConfUtils.java:logGet(44)) - raft.server.rpc.slowness.timeout = 300000ms (custom)
2020-12-26 01:57:28,146 [pool-730-thread-1] INFO  server.RaftServerConfigKeys (ConfUtils.java:logGet(44)) - raft.server.leaderelection.leader.step-down.wait-time = 10s (default)
2020-12-26 01:57:28,146 [pool-730-thread-1] INFO  server.RaftServerConfigKeys (ConfUtils.java:logGet(44)) - raft.server.sleep.deviation.threshold = 300ms (default)
2020-12-26 01:57:28,146 [pool-730-thread-1] INFO  server.RaftServerConfigKeys (ConfUtils.java:logGet(44)) - raft.server.log.appender.install.snapshot.enabled = false (custom)
2020-12-26 01:57:28,146 [pool-730-thread-1] INFO  server.RaftServer$Division (ServerState.java:<init>(104)) - 43af3075-460a-422d-a924-90885968f40d@group-99F8A9162041: ConfigurationManager, init=-1: [8e16b57b-a520-4ff3-ab9c-70e7128aded3|rpc:172.17.0.2:33447|dataStream:, 43af3075-460a-422d-a924-90885968f40d|rpc:172.17.0.2:44111|dataStream:, 73c99ad5-410f-4ffb-8408-ddbdb29ea4d0|rpc:172.17.0.2:39033|dataStream:], old=null, confs=<EMPTY_MAP>
2020-12-26 01:57:28,146 [pool-730-thread-1] INFO  server.RaftServerConfigKeys (ConfUtils.java:logGet(44)) - raft.server.storage.dir = [/github/workspace/mnt/ozone/hadoop-ozone/integration-test/target/test-dir/MiniOzoneClusterImpl-b0bbc67e-6e78-4c8b-9c9f-814a2ca087f9/datanode-5/data/ratis] (custom)
2020-12-26 01:57:28,146 [pool-730-thread-1] INFO  server.RaftServerConfigKeys (ConfUtils.java:logGet(44)) - raft.server.log.corruption.policy = EXCEPTION (default)
2020-12-26 01:57:28,147 [pool-730-thread-1] INFO  storage.RaftStorageDirectory (RaftStorageDirectory.java:analyzeStorage(260)) - The storage directory /github/workspace/mnt/ozone/hadoop-ozone/integration-test/target/test-dir/MiniOzoneClusterImpl-b0bbc67e-6e78-4c8b-9c9f-814a2ca087f9/datanode-5/data/ratis/5d650413-b041-4683-8cab-99f8a9162041 does not exist. Creating ...
2020-12-26 01:57:28,147 [pool-730-thread-1] INFO  storage.RaftStorageDirectory (RaftStorageDirectory.java:tryLock(342)) - Lock on /github/workspace/mnt/ozone/hadoop-ozone/integration-test/target/test-dir/MiniOzoneClusterImpl-b0bbc67e-6e78-4c8b-9c9f-814a2ca087f9/datanode-5/data/ratis/5d650413-b041-4683-8cab-99f8a9162041/in_use.lock acquired by nodename 7066@140068b710f1
2020-12-26 01:57:28,148 [pool-730-thread-1] INFO  storage.RaftStorage (RaftStorage.java:format(89)) - Storage directory /github/workspace/mnt/ozone/hadoop-ozone/integration-test/target/test-dir/MiniOzoneClusterImpl-b0bbc67e-6e78-4c8b-9c9f-814a2ca087f9/datanode-5/data/ratis/5d650413-b041-4683-8cab-99f8a9162041 has been successfully formatted.
2020-12-26 01:57:28,148 [pool-730-thread-1] INFO  ratis.ContainerStateMachine (ContainerStateMachine.java:loadSnapshot(223)) - group-99F8A9162041: The snapshot info is null. Setting the last applied indexto:(t:0, i:~)
2020-12-26 01:57:28,149 [pool-730-thread-1] ERROR storage.RaftStorage (RaftStorage.java:readRaftConfiguration(152)) - Failed reading configuration from file:/github/workspace/mnt/ozone/hadoop-ozone/integration-test/target/test-dir/MiniOzoneClusterImpl-b0bbc67e-6e78-4c8b-9c9f-814a2ca087f9/datanode-5/data/ratis/5d650413-b041-4683-8cab-99f8a9162041/current/raft-meta.conf
java.io.FileNotFoundException: /github/workspace/mnt/ozone/hadoop-ozone/integration-test/target/test-dir/MiniOzoneClusterImpl-b0bbc67e-6e78-4c8b-9c9f-814a2ca087f9/datanode-5/data/ratis/5d650413-b041-4683-8cab-99f8a9162041/current/raft-meta.conf (No such file or directory)
	at java.io.FileInputStream.open0(Native Method)
	at java.io.FileInputStream.open(FileInputStream.java:195)
	at java.io.FileInputStream.<init>(FileInputStream.java:138)
	at org.apache.ratis.server.storage.RaftStorage.readRaftConfiguration(RaftStorage.java:148)
	at org.apache.ratis.server.impl.ServerState.initStatemachine(ServerState.java:167)
	at org.apache.ratis.server.impl.ServerState.<init>(ServerState.java:112)
	at org.apache.ratis.server.impl.RaftServerImpl.<init>(RaftServerImpl.java:186)
	at org.apache.ratis.server.impl.RaftServerProxy.lambda$newRaftServerImpl$4(RaftServerProxy.java:264)
	at java.util.concurrent.CompletableFuture$AsyncSupply.run(CompletableFuture.java:1604)
	at java.util.concurrent.ThreadPoolExecutor.runWorker(ThreadPoolExecutor.java:1149)
	at java.util.concurrent.ThreadPoolExecutor$Worker.run(ThreadPoolExecutor.java:624)
	at java.lang.Thread.run(Thread.java:748)
2020-12-26 01:57:28,149 [EventQueue-PipelineReportForOneReplicaPipelineSafeModeRule] INFO  safemode.SCMSafeModeManager (SCMSafeModeManager.java:validateSafeModeExitRules(214)) - AtleastOneDatanodeReportedRule rule is successfully validated
2020-12-26 01:57:28,149 [pool-730-thread-1] INFO  server.RaftServerConfigKeys (ConfUtils.java:logGet(44)) - raft.server.notification.no-leader.timeout = 300000ms (custom)
2020-12-26 01:57:28,149 [pool-730-thread-1] INFO  server.RaftServerConfigKeys (ConfUtils.java:logGet(44)) - raft.server.log.use.memory = false (default)
2020-12-26 01:57:28,149 [pool-730-thread-1] INFO  server.RaftServerConfigKeys (ConfUtils.java:logGet(44)) - raft.server.log.purge.gap = 1000000 (custom)
2020-12-26 01:57:28,149 [pool-730-thread-1] INFO  metrics.RatisMetrics (RatisMetrics.java:lambda$create$0(36)) - Creating Metrics Registry : ratis.log_worker.43af3075-460a-422d-a924-90885968f40d@group-99F8A9162041
2020-12-26 01:57:28,149 [pool-730-thread-1] INFO  server.RaftServerConfigKeys (ConfUtils.java:logGet(44)) - raft.server.log.appender.buffer.byte-limit = 33554432 (custom)
2020-12-26 01:57:28,149 [pool-730-thread-1] INFO  server.RaftServerConfigKeys (ConfUtils.java:logGet(44)) - raft.server.log.segment.size.max = 1048576 (custom)
2020-12-26 01:57:28,150 [pool-730-thread-1] INFO  server.RaftServerConfigKeys (ConfUtils.java:logGet(44)) - raft.server.log.segment.cache.num.max = 2 (custom)
2020-12-26 01:57:28,150 [pool-730-thread-1] INFO  server.RaftServerConfigKeys (ConfUtils.java:logGet(44)) - raft.server.log.segment.cache.size.max = 200MB (=209715200) (default)
2020-12-26 01:57:28,150 [pool-730-thread-1] INFO  segmented.SegmentedRaftLogWorker (SegmentedRaftLogWorker.java:<init>(181)) - new 43af3075-460a-422d-a924-90885968f40d@group-99F8A9162041-SegmentedRaftLogWorker for RaftStorage:Storage Directory /github/workspace/mnt/ozone/hadoop-ozone/integration-test/target/test-dir/MiniOzoneClusterImpl-b0bbc67e-6e78-4c8b-9c9f-814a2ca087f9/datanode-5/data/ratis/5d650413-b041-4683-8cab-99f8a9162041
2020-12-26 01:57:28,150 [pool-730-thread-1] INFO  server.RaftServerConfigKeys (ConfUtils.java:logGet(44)) - raft.server.log.queue.byte-limit = 2147483647 (custom)
2020-12-26 01:57:28,150 [pool-730-thread-1] INFO  server.RaftServerConfigKeys (ConfUtils.java:logGet(44)) - raft.server.log.queue.element-limit = 1024 (custom)
2020-12-26 01:57:28,150 [pool-730-thread-1] INFO  server.RaftServerConfigKeys (ConfUtils.java:logGet(44)) - raft.server.log.segment.size.max = 1048576 (custom)
2020-12-26 01:57:28,151 [pool-730-thread-1] INFO  server.RaftServerConfigKeys (ConfUtils.java:logGet(44)) - raft.server.log.preallocated.size = 16384 (custom)
2020-12-26 01:57:28,151 [pool-730-thread-1] INFO  server.RaftServerConfigKeys (ConfUtils.java:logGet(44)) - raft.server.log.force.sync.num = 128 (default)
2020-12-26 01:57:28,151 [pool-730-thread-1] INFO  server.RaftServerConfigKeys (ConfUtils.java:logGet(44)) - raft.server.log.statemachine.data.sync = true (default)
2020-12-26 01:57:28,151 [pool-730-thread-1] INFO  server.RaftServerConfigKeys (ConfUtils.java:logGet(44)) - raft.server.log.statemachine.data.sync.timeout = 10s (default)
2020-12-26 01:57:28,151 [pool-730-thread-1] INFO  server.RaftServerConfigKeys (ConfUtils.java:logGet(44)) - raft.server.log.statemachine.data.sync.timeout.retry = -1 (default)
2020-12-26 01:57:28,153 [pool-730-thread-1] INFO  server.RaftServerConfigKeys (ConfUtils.java:logGet(44)) - raft.server.log.write.buffer.size = 1048576 (custom)
2020-12-26 01:57:28,153 [pool-730-thread-1] INFO  server.RaftServerConfigKeys (ConfUtils.java:logGet(44)) - raft.server.log.statemachine.data.caching.enabled = true (custom)
2020-12-26 01:57:28,154 [pool-730-thread-1] INFO  segmented.SegmentedRaftLogWorker (SegmentedRaftLogWorker.java:lambda$new$0(132)) - 43af3075-460a-422d-a924-90885968f40d@group-99F8A9162041-SegmentedRaftLogWorker: flushIndex: setUnconditionally 0 -> -1
2020-12-26 01:57:28,154 [pool-730-thread-1] INFO  segmented.SegmentedRaftLogWorker (SegmentedRaftLogWorker.java:lambda$new$0(132)) - 43af3075-460a-422d-a924-90885968f40d@group-99F8A9162041-SegmentedRaftLogWorker: safeCacheEvictIndex: setUnconditionally 0 -> -1
2020-12-26 01:57:28,154 [pool-730-thread-1] INFO  server.RaftServerConfigKeys (ConfUtils.java:logGet(44)) - raft.server.snapshot.auto.trigger.enabled = true (custom)
2020-12-26 01:57:28,154 [pool-730-thread-1] INFO  server.RaftServerConfigKeys (ConfUtils.java:logGet(44)) - raft.server.snapshot.auto.trigger.threshold = 10000 (custom)
2020-12-26 01:57:28,154 [pool-730-thread-1] INFO  server.RaftServerConfigKeys (ConfUtils.java:logGet(44)) - raft.server.snapshot.retention.file.num = 5 (custom)
2020-12-26 01:57:28,154 [pool-730-thread-1] INFO  server.RaftServerConfigKeys (ConfUtils.java:logGet(44)) - raft.server.log.purge.upto.snapshot.index = false (default)
2020-12-26 01:57:28,154 [pool-730-thread-1] INFO  server.RaftServerConfigKeys (ConfUtils.java:logGet(44)) - raft.server.retrycache.expirytime = 600000ms (custom)
2020-12-26 01:57:28,154 [pool-730-thread-1] INFO  server.RaftServerConfigKeys (ConfUtils.java:logGet(44)) - raft.server.retrycache.statistics.expirytime = 100?s (default)
2020-12-26 01:57:28,154 [pool-730-thread-1] INFO  metrics.RatisMetrics (RatisMetrics.java:lambda$create$0(36)) - Creating Metrics Registry : ratis.leader_election.43af3075-460a-422d-a924-90885968f40d@group-99F8A9162041
2020-12-26 01:57:28,155 [pool-730-thread-1] INFO  metrics.RatisMetrics (RatisMetrics.java:lambda$create$0(36)) - Creating Metrics Registry : ratis.server.43af3075-460a-422d-a924-90885968f40d@group-99F8A9162041
2020-12-26 01:57:28,156 [pool-730-thread-1] INFO  server.RaftServer$Division (RaftServerImpl.java:start(286)) - 43af3075-460a-422d-a924-90885968f40d@group-99F8A9162041: start as a follower, conf=-1: [8e16b57b-a520-4ff3-ab9c-70e7128aded3|rpc:172.17.0.2:33447|dataStream:, 43af3075-460a-422d-a924-90885968f40d|rpc:172.17.0.2:44111|dataStream:, 73c99ad5-410f-4ffb-8408-ddbdb29ea4d0|rpc:172.17.0.2:39033|dataStream:], old=null
2020-12-26 01:57:28,156 [pool-730-thread-1] INFO  server.RaftServer$Division (RaftServerImpl.java:setRole(275)) - 43af3075-460a-422d-a924-90885968f40d@group-99F8A9162041: changes role from      null to FOLLOWER at term 0 for startAsFollower
2020-12-26 01:57:28,157 [pool-730-thread-1] INFO  impl.RoleInfo (RoleInfo.java:updateAndGet(130)) - 43af3075-460a-422d-a924-90885968f40d: start 43af3075-460a-422d-a924-90885968f40d@group-99F8A9162041-FollowerState
2020-12-26 01:57:28,157 [pool-730-thread-1] INFO  util.JmxRegister (JmxRegister.java:tryRegister(44)) - Successfully registered JMX Bean with object name Ratis:service=RaftServer,group=group-99F8A9162041,id=43af3075-460a-422d-a924-90885968f40d
2020-12-26 01:57:28,157 [pool-730-thread-1] INFO  metrics.RatisMetrics (RatisMetrics.java:lambda$create$0(36)) - Creating Metrics Registry : ratis.state_machine.43af3075-460a-422d-a924-90885968f40d@group-99F8A9162041
2020-12-26 01:57:28,162 [Command processor thread] INFO  metrics.RatisMetrics (RatisMetrics.java:lambda$create$0(36)) - Creating Metrics Registry : ratis.client_message_metrics.client-F88ABA3A0150->8e16b57b-a520-4ff3-ab9c-70e7128aded3
2020-12-26 01:57:28,167 [grpc-default-executor-6] INFO  metrics.RatisMetrics (RatisMetrics.java:lambda$create$0(36)) - Creating Metrics Registry : ratis.server_message_metrics.8e16b57b-a520-4ff3-ab9c-70e7128aded3
2020-12-26 01:57:28,169 [grpc-default-executor-6] INFO  server.RaftServer (RaftServerProxy.java:addNew(93)) - 8e16b57b-a520-4ff3-ab9c-70e7128aded3: addNew group-99F8A9162041:[8e16b57b-a520-4ff3-ab9c-70e7128aded3|rpc:172.17.0.2:33447|dataStream:, 43af3075-460a-422d-a924-90885968f40d|rpc:172.17.0.2:44111|dataStream:, 73c99ad5-410f-4ffb-8408-ddbdb29ea4d0|rpc:172.17.0.2:39033|dataStream:] returns group-99F8A9162041:java.util.concurrent.CompletableFuture@1bbab6e8[Not completed]
2020-12-26 01:57:28,169 [pool-713-thread-1] INFO  server.RaftServer$Division (RaftServerImpl.java:<init>(173)) - 8e16b57b-a520-4ff3-ab9c-70e7128aded3: new RaftServerImpl for group-99F8A9162041:[8e16b57b-a520-4ff3-ab9c-70e7128aded3|rpc:172.17.0.2:33447|dataStream:, 43af3075-460a-422d-a924-90885968f40d|rpc:172.17.0.2:44111|dataStream:, 73c99ad5-410f-4ffb-8408-ddbdb29ea4d0|rpc:172.17.0.2:39033|dataStream:] with ContainerStateMachine:uninitialized
2020-12-26 01:57:28,169 [pool-713-thread-1] INFO  server.RaftServerConfigKeys (ConfUtils.java:logGet(44)) - raft.server.rpc.timeout.min = 5s (custom)
2020-12-26 01:57:28,169 [pool-713-thread-1] INFO  server.RaftServerConfigKeys (ConfUtils.java:logGet(44)) - raft.server.rpc.timeout.max = 5200ms (custom)
2020-12-26 01:57:28,170 [pool-713-thread-1] INFO  server.RaftServerConfigKeys (ConfUtils.java:logGet(44)) - raft.server.rpc.sleep.time = 25ms (default)
2020-12-26 01:57:28,170 [pool-713-thread-1] INFO  server.RaftServerConfigKeys (ConfUtils.java:logGet(44)) - raft.server.rpc.slowness.timeout = 300000ms (custom)
2020-12-26 01:57:28,170 [pool-713-thread-1] INFO  server.RaftServerConfigKeys (ConfUtils.java:logGet(44)) - raft.server.leaderelection.leader.step-down.wait-time = 10s (default)
2020-12-26 01:57:28,170 [pool-713-thread-1] INFO  server.RaftServerConfigKeys (ConfUtils.java:logGet(44)) - raft.server.sleep.deviation.threshold = 300ms (default)
2020-12-26 01:57:28,170 [pool-713-thread-1] INFO  server.RaftServerConfigKeys (ConfUtils.java:logGet(44)) - raft.server.log.appender.install.snapshot.enabled = false (custom)
2020-12-26 01:57:28,170 [pool-713-thread-1] INFO  server.RaftServer$Division (ServerState.java:<init>(104)) - 8e16b57b-a520-4ff3-ab9c-70e7128aded3@group-99F8A9162041: ConfigurationManager, init=-1: [8e16b57b-a520-4ff3-ab9c-70e7128aded3|rpc:172.17.0.2:33447|dataStream:, 43af3075-460a-422d-a924-90885968f40d|rpc:172.17.0.2:44111|dataStream:, 73c99ad5-410f-4ffb-8408-ddbdb29ea4d0|rpc:172.17.0.2:39033|dataStream:], old=null, confs=<EMPTY_MAP>
2020-12-26 01:57:28,170 [pool-713-thread-1] INFO  server.RaftServerConfigKeys (ConfUtils.java:logGet(44)) - raft.server.storage.dir = [/github/workspace/mnt/ozone/hadoop-ozone/integration-test/target/test-dir/MiniOzoneClusterImpl-b0bbc67e-6e78-4c8b-9c9f-814a2ca087f9/datanode-4/data/ratis] (custom)
2020-12-26 01:57:28,170 [pool-713-thread-1] INFO  server.RaftServerConfigKeys (ConfUtils.java:logGet(44)) - raft.server.log.corruption.policy = EXCEPTION (default)
2020-12-26 01:57:28,170 [pool-713-thread-1] INFO  storage.RaftStorageDirectory (RaftStorageDirectory.java:analyzeStorage(260)) - The storage directory /github/workspace/mnt/ozone/hadoop-ozone/integration-test/target/test-dir/MiniOzoneClusterImpl-b0bbc67e-6e78-4c8b-9c9f-814a2ca087f9/datanode-4/data/ratis/5d650413-b041-4683-8cab-99f8a9162041 does not exist. Creating ...
2020-12-26 01:57:28,171 [pool-713-thread-1] INFO  storage.RaftStorageDirectory (RaftStorageDirectory.java:tryLock(342)) - Lock on /github/workspace/mnt/ozone/hadoop-ozone/integration-test/target/test-dir/MiniOzoneClusterImpl-b0bbc67e-6e78-4c8b-9c9f-814a2ca087f9/datanode-4/data/ratis/5d650413-b041-4683-8cab-99f8a9162041/in_use.lock acquired by nodename 7066@140068b710f1
2020-12-26 01:57:28,172 [pool-713-thread-1] INFO  storage.RaftStorage (RaftStorage.java:format(89)) - Storage directory /github/workspace/mnt/ozone/hadoop-ozone/integration-test/target/test-dir/MiniOzoneClusterImpl-b0bbc67e-6e78-4c8b-9c9f-814a2ca087f9/datanode-4/data/ratis/5d650413-b041-4683-8cab-99f8a9162041 has been successfully formatted.
2020-12-26 01:57:28,172 [pool-713-thread-1] INFO  ratis.ContainerStateMachine (ContainerStateMachine.java:loadSnapshot(223)) - group-99F8A9162041: The snapshot info is null. Setting the last applied indexto:(t:0, i:~)
2020-12-26 01:57:28,172 [pool-713-thread-1] ERROR storage.RaftStorage (RaftStorage.java:readRaftConfiguration(152)) - Failed reading configuration from file:/github/workspace/mnt/ozone/hadoop-ozone/integration-test/target/test-dir/MiniOzoneClusterImpl-b0bbc67e-6e78-4c8b-9c9f-814a2ca087f9/datanode-4/data/ratis/5d650413-b041-4683-8cab-99f8a9162041/current/raft-meta.conf
java.io.FileNotFoundException: /github/workspace/mnt/ozone/hadoop-ozone/integration-test/target/test-dir/MiniOzoneClusterImpl-b0bbc67e-6e78-4c8b-9c9f-814a2ca087f9/datanode-4/data/ratis/5d650413-b041-4683-8cab-99f8a9162041/current/raft-meta.conf (No such file or directory)
	at java.io.FileInputStream.open0(Native Method)
	at java.io.FileInputStream.open(FileInputStream.java:195)
	at java.io.FileInputStream.<init>(FileInputStream.java:138)
	at org.apache.ratis.server.storage.RaftStorage.readRaftConfiguration(RaftStorage.java:148)
	at org.apache.ratis.server.impl.ServerState.initStatemachine(ServerState.java:167)
	at org.apache.ratis.server.impl.ServerState.<init>(ServerState.java:112)
	at org.apache.ratis.server.impl.RaftServerImpl.<init>(RaftServerImpl.java:186)
	at org.apache.ratis.server.impl.RaftServerProxy.lambda$newRaftServerImpl$4(RaftServerProxy.java:264)
	at java.util.concurrent.CompletableFuture$AsyncSupply.run(CompletableFuture.java:1604)
	at java.util.concurrent.ThreadPoolExecutor.runWorker(ThreadPoolExecutor.java:1149)
	at java.util.concurrent.ThreadPoolExecutor$Worker.run(ThreadPoolExecutor.java:624)
	at java.lang.Thread.run(Thread.java:748)
2020-12-26 01:57:28,173 [pool-713-thread-1] INFO  server.RaftServerConfigKeys (ConfUtils.java:logGet(44)) - raft.server.notification.no-leader.timeout = 300000ms (custom)
2020-12-26 01:57:28,173 [EventQueue-PipelineReportForOneReplicaPipelineSafeModeRule] INFO  safemode.SCMSafeModeManager (SCMSafeModeManager.java:validateSafeModeExitRules(214)) - AtleastOneDatanodeReportedRule rule is successfully validated
2020-12-26 01:57:28,173 [pool-713-thread-1] INFO  server.RaftServerConfigKeys (ConfUtils.java:logGet(44)) - raft.server.log.use.memory = false (default)
2020-12-26 01:57:28,173 [pool-713-thread-1] INFO  server.RaftServerConfigKeys (ConfUtils.java:logGet(44)) - raft.server.log.purge.gap = 1000000 (custom)
2020-12-26 01:57:28,173 [pool-713-thread-1] INFO  metrics.RatisMetrics (RatisMetrics.java:lambda$create$0(36)) - Creating Metrics Registry : ratis.log_worker.8e16b57b-a520-4ff3-ab9c-70e7128aded3@group-99F8A9162041
2020-12-26 01:57:28,173 [pool-713-thread-1] INFO  server.RaftServerConfigKeys (ConfUtils.java:logGet(44)) - raft.server.log.appender.buffer.byte-limit = 33554432 (custom)
2020-12-26 01:57:28,173 [pool-713-thread-1] INFO  server.RaftServerConfigKeys (ConfUtils.java:logGet(44)) - raft.server.log.segment.size.max = 1048576 (custom)
2020-12-26 01:57:28,174 [pool-713-thread-1] INFO  server.RaftServerConfigKeys (ConfUtils.java:logGet(44)) - raft.server.log.segment.cache.num.max = 2 (custom)
2020-12-26 01:57:28,174 [pool-713-thread-1] INFO  server.RaftServerConfigKeys (ConfUtils.java:logGet(44)) - raft.server.log.segment.cache.size.max = 200MB (=209715200) (default)
2020-12-26 01:57:28,174 [pool-713-thread-1] INFO  segmented.SegmentedRaftLogWorker (SegmentedRaftLogWorker.java:<init>(181)) - new 8e16b57b-a520-4ff3-ab9c-70e7128aded3@group-99F8A9162041-SegmentedRaftLogWorker for RaftStorage:Storage Directory /github/workspace/mnt/ozone/hadoop-ozone/integration-test/target/test-dir/MiniOzoneClusterImpl-b0bbc67e-6e78-4c8b-9c9f-814a2ca087f9/datanode-4/data/ratis/5d650413-b041-4683-8cab-99f8a9162041
2020-12-26 01:57:28,174 [pool-713-thread-1] INFO  server.RaftServerConfigKeys (ConfUtils.java:logGet(44)) - raft.server.log.queue.byte-limit = 2147483647 (custom)
2020-12-26 01:57:28,174 [pool-713-thread-1] INFO  server.RaftServerConfigKeys (ConfUtils.java:logGet(44)) - raft.server.log.queue.element-limit = 1024 (custom)
2020-12-26 01:57:28,174 [pool-713-thread-1] INFO  server.RaftServerConfigKeys (ConfUtils.java:logGet(44)) - raft.server.log.segment.size.max = 1048576 (custom)
2020-12-26 01:57:28,174 [pool-713-thread-1] INFO  server.RaftServerConfigKeys (ConfUtils.java:logGet(44)) - raft.server.log.preallocated.size = 16384 (custom)
2020-12-26 01:57:28,174 [pool-713-thread-1] INFO  server.RaftServerConfigKeys (ConfUtils.java:logGet(44)) - raft.server.log.force.sync.num = 128 (default)
2020-12-26 01:57:28,174 [pool-713-thread-1] INFO  server.RaftServerConfigKeys (ConfUtils.java:logGet(44)) - raft.server.log.statemachine.data.sync = true (default)
2020-12-26 01:57:28,174 [pool-713-thread-1] INFO  server.RaftServerConfigKeys (ConfUtils.java:logGet(44)) - raft.server.log.statemachine.data.sync.timeout = 10s (default)
2020-12-26 01:57:28,174 [pool-713-thread-1] INFO  server.RaftServerConfigKeys (ConfUtils.java:logGet(44)) - raft.server.log.statemachine.data.sync.timeout.retry = -1 (default)
2020-12-26 01:57:28,176 [pool-713-thread-1] INFO  server.RaftServerConfigKeys (ConfUtils.java:logGet(44)) - raft.server.log.write.buffer.size = 1048576 (custom)
2020-12-26 01:57:28,177 [pool-713-thread-1] INFO  server.RaftServerConfigKeys (ConfUtils.java:logGet(44)) - raft.server.log.statemachine.data.caching.enabled = true (custom)
2020-12-26 01:57:28,177 [pool-713-thread-1] INFO  segmented.SegmentedRaftLogWorker (SegmentedRaftLogWorker.java:lambda$new$0(132)) - 8e16b57b-a520-4ff3-ab9c-70e7128aded3@group-99F8A9162041-SegmentedRaftLogWorker: flushIndex: setUnconditionally 0 -> -1
2020-12-26 01:57:28,177 [pool-713-thread-1] INFO  segmented.SegmentedRaftLogWorker (SegmentedRaftLogWorker.java:lambda$new$0(132)) - 8e16b57b-a520-4ff3-ab9c-70e7128aded3@group-99F8A9162041-SegmentedRaftLogWorker: safeCacheEvictIndex: setUnconditionally 0 -> -1
2020-12-26 01:57:28,177 [pool-713-thread-1] INFO  server.RaftServerConfigKeys (ConfUtils.java:logGet(44)) - raft.server.snapshot.auto.trigger.enabled = true (custom)
2020-12-26 01:57:28,178 [pool-713-thread-1] INFO  server.RaftServerConfigKeys (ConfUtils.java:logGet(44)) - raft.server.snapshot.auto.trigger.threshold = 10000 (custom)
2020-12-26 01:57:28,178 [pool-713-thread-1] INFO  server.RaftServerConfigKeys (ConfUtils.java:logGet(44)) - raft.server.snapshot.retention.file.num = 5 (custom)
2020-12-26 01:57:28,178 [pool-713-thread-1] INFO  server.RaftServerConfigKeys (ConfUtils.java:logGet(44)) - raft.server.log.purge.upto.snapshot.index = false (default)
2020-12-26 01:57:28,178 [pool-713-thread-1] INFO  server.RaftServerConfigKeys (ConfUtils.java:logGet(44)) - raft.server.retrycache.expirytime = 600000ms (custom)
2020-12-26 01:57:28,178 [pool-713-thread-1] INFO  server.RaftServerConfigKeys (ConfUtils.java:logGet(44)) - raft.server.retrycache.statistics.expirytime = 100?s (default)
2020-12-26 01:57:28,178 [pool-713-thread-1] INFO  metrics.RatisMetrics (RatisMetrics.java:lambda$create$0(36)) - Creating Metrics Registry : ratis.leader_election.8e16b57b-a520-4ff3-ab9c-70e7128aded3@group-99F8A9162041
2020-12-26 01:57:28,178 [pool-713-thread-1] INFO  metrics.RatisMetrics (RatisMetrics.java:lambda$create$0(36)) - Creating Metrics Registry : ratis.server.8e16b57b-a520-4ff3-ab9c-70e7128aded3@group-99F8A9162041
2020-12-26 01:57:28,180 [pool-713-thread-1] INFO  server.RaftServer$Division (RaftServerImpl.java:start(286)) - 8e16b57b-a520-4ff3-ab9c-70e7128aded3@group-99F8A9162041: start as a follower, conf=-1: [8e16b57b-a520-4ff3-ab9c-70e7128aded3|rpc:172.17.0.2:33447|dataStream:, 43af3075-460a-422d-a924-90885968f40d|rpc:172.17.0.2:44111|dataStream:, 73c99ad5-410f-4ffb-8408-ddbdb29ea4d0|rpc:172.17.0.2:39033|dataStream:], old=null
2020-12-26 01:57:28,180 [pool-713-thread-1] INFO  server.RaftServer$Division (RaftServerImpl.java:setRole(275)) - 8e16b57b-a520-4ff3-ab9c-70e7128aded3@group-99F8A9162041: changes role from      null to FOLLOWER at term 0 for startAsFollower
2020-12-26 01:57:28,180 [pool-713-thread-1] INFO  impl.RoleInfo (RoleInfo.java:updateAndGet(130)) - 8e16b57b-a520-4ff3-ab9c-70e7128aded3: start 8e16b57b-a520-4ff3-ab9c-70e7128aded3@group-99F8A9162041-FollowerState
2020-12-26 01:57:28,180 [pool-713-thread-1] INFO  util.JmxRegister (JmxRegister.java:tryRegister(44)) - Successfully registered JMX Bean with object name Ratis:service=RaftServer,group=group-99F8A9162041,id=8e16b57b-a520-4ff3-ab9c-70e7128aded3
2020-12-26 01:57:28,180 [pool-713-thread-1] INFO  metrics.RatisMetrics (RatisMetrics.java:lambda$create$0(36)) - Creating Metrics Registry : ratis.state_machine.8e16b57b-a520-4ff3-ab9c-70e7128aded3@group-99F8A9162041
2020-12-26 01:57:28,193 [Command processor thread] INFO  commandhandler.CreatePipelineCommandHandler (CreatePipelineCommandHandler.java:handle(106)) - Created Pipeline RATIS THREE PipelineID=5d650413-b041-4683-8cab-99f8a9162041.
2020-12-26 01:57:28,193 [Command processor thread] INFO  server.RaftServer (RaftServerProxy.java:addNew(93)) - 73c99ad5-410f-4ffb-8408-ddbdb29ea4d0: addNew group-49E6829A44B8:[8e16b57b-a520-4ff3-ab9c-70e7128aded3|rpc:172.17.0.2:33447, 43af3075-460a-422d-a924-90885968f40d|rpc:172.17.0.2:44111, 73c99ad5-410f-4ffb-8408-ddbdb29ea4d0|rpc:172.17.0.2:39033] returns group-49E6829A44B8:java.util.concurrent.CompletableFuture@348861db[Not completed]
2020-12-26 01:57:28,194 [pool-698-thread-1] INFO  server.RaftServer$Division (RaftServerImpl.java:<init>(173)) - 73c99ad5-410f-4ffb-8408-ddbdb29ea4d0: new RaftServerImpl for group-49E6829A44B8:[8e16b57b-a520-4ff3-ab9c-70e7128aded3|rpc:172.17.0.2:33447, 43af3075-460a-422d-a924-90885968f40d|rpc:172.17.0.2:44111, 73c99ad5-410f-4ffb-8408-ddbdb29ea4d0|rpc:172.17.0.2:39033] with ContainerStateMachine:uninitialized
2020-12-26 01:57:28,194 [pool-698-thread-1] INFO  server.RaftServerConfigKeys (ConfUtils.java:logGet(44)) - raft.server.rpc.timeout.min = 5s (custom)
2020-12-26 01:57:28,194 [pool-698-thread-1] INFO  server.RaftServerConfigKeys (ConfUtils.java:logGet(44)) - raft.server.rpc.timeout.max = 5200ms (custom)
2020-12-26 01:57:28,194 [pool-698-thread-1] INFO  server.RaftServerConfigKeys (ConfUtils.java:logGet(44)) - raft.server.rpc.sleep.time = 25ms (default)
2020-12-26 01:57:28,194 [pool-698-thread-1] INFO  server.RaftServerConfigKeys (ConfUtils.java:logGet(44)) - raft.server.rpc.slowness.timeout = 300000ms (custom)
2020-12-26 01:57:28,194 [pool-698-thread-1] INFO  server.RaftServerConfigKeys (ConfUtils.java:logGet(44)) - raft.server.leaderelection.leader.step-down.wait-time = 10s (default)
2020-12-26 01:57:28,194 [pool-698-thread-1] INFO  server.RaftServerConfigKeys (ConfUtils.java:logGet(44)) - raft.server.sleep.deviation.threshold = 300ms (default)
2020-12-26 01:57:28,194 [pool-698-thread-1] INFO  server.RaftServerConfigKeys (ConfUtils.java:logGet(44)) - raft.server.log.appender.install.snapshot.enabled = false (custom)
2020-12-26 01:57:28,194 [pool-698-thread-1] INFO  server.RaftServer$Division (ServerState.java:<init>(104)) - 73c99ad5-410f-4ffb-8408-ddbdb29ea4d0@group-49E6829A44B8: ConfigurationManager, init=-1: [8e16b57b-a520-4ff3-ab9c-70e7128aded3|rpc:172.17.0.2:33447, 43af3075-460a-422d-a924-90885968f40d|rpc:172.17.0.2:44111, 73c99ad5-410f-4ffb-8408-ddbdb29ea4d0|rpc:172.17.0.2:39033], old=null, confs=<EMPTY_MAP>
2020-12-26 01:57:28,194 [pool-698-thread-1] INFO  server.RaftServerConfigKeys (ConfUtils.java:logGet(44)) - raft.server.storage.dir = [/github/workspace/mnt/ozone/hadoop-ozone/integration-test/target/test-dir/MiniOzoneClusterImpl-b0bbc67e-6e78-4c8b-9c9f-814a2ca087f9/datanode-3/data/ratis] (custom)
2020-12-26 01:57:28,195 [pool-698-thread-1] INFO  server.RaftServerConfigKeys (ConfUtils.java:logGet(44)) - raft.server.log.corruption.policy = EXCEPTION (default)
2020-12-26 01:57:28,195 [pool-698-thread-1] INFO  storage.RaftStorageDirectory (RaftStorageDirectory.java:analyzeStorage(260)) - The storage directory /github/workspace/mnt/ozone/hadoop-ozone/integration-test/target/test-dir/MiniOzoneClusterImpl-b0bbc67e-6e78-4c8b-9c9f-814a2ca087f9/datanode-3/data/ratis/3ec49c11-b3df-4246-874d-49e6829a44b8 does not exist. Creating ...
2020-12-26 01:57:28,196 [pool-698-thread-1] INFO  storage.RaftStorageDirectory (RaftStorageDirectory.java:tryLock(342)) - Lock on /github/workspace/mnt/ozone/hadoop-ozone/integration-test/target/test-dir/MiniOzoneClusterImpl-b0bbc67e-6e78-4c8b-9c9f-814a2ca087f9/datanode-3/data/ratis/3ec49c11-b3df-4246-874d-49e6829a44b8/in_use.lock acquired by nodename 7066@140068b710f1
2020-12-26 01:57:28,197 [pool-698-thread-1] INFO  storage.RaftStorage (RaftStorage.java:format(89)) - Storage directory /github/workspace/mnt/ozone/hadoop-ozone/integration-test/target/test-dir/MiniOzoneClusterImpl-b0bbc67e-6e78-4c8b-9c9f-814a2ca087f9/datanode-3/data/ratis/3ec49c11-b3df-4246-874d-49e6829a44b8 has been successfully formatted.
2020-12-26 01:57:28,197 [pool-698-thread-1] INFO  ratis.ContainerStateMachine (ContainerStateMachine.java:loadSnapshot(223)) - group-49E6829A44B8: The snapshot info is null. Setting the last applied indexto:(t:0, i:~)
2020-12-26 01:57:28,197 [pool-698-thread-1] ERROR storage.RaftStorage (RaftStorage.java:readRaftConfiguration(152)) - Failed reading configuration from file:/github/workspace/mnt/ozone/hadoop-ozone/integration-test/target/test-dir/MiniOzoneClusterImpl-b0bbc67e-6e78-4c8b-9c9f-814a2ca087f9/datanode-3/data/ratis/3ec49c11-b3df-4246-874d-49e6829a44b8/current/raft-meta.conf
java.io.FileNotFoundException: /github/workspace/mnt/ozone/hadoop-ozone/integration-test/target/test-dir/MiniOzoneClusterImpl-b0bbc67e-6e78-4c8b-9c9f-814a2ca087f9/datanode-3/data/ratis/3ec49c11-b3df-4246-874d-49e6829a44b8/current/raft-meta.conf (No such file or directory)
	at java.io.FileInputStream.open0(Native Method)
	at java.io.FileInputStream.open(FileInputStream.java:195)
	at java.io.FileInputStream.<init>(FileInputStream.java:138)
	at org.apache.ratis.server.storage.RaftStorage.readRaftConfiguration(RaftStorage.java:148)
	at org.apache.ratis.server.impl.ServerState.initStatemachine(ServerState.java:167)
	at org.apache.ratis.server.impl.ServerState.<init>(ServerState.java:112)
	at org.apache.ratis.server.impl.RaftServerImpl.<init>(RaftServerImpl.java:186)
	at org.apache.ratis.server.impl.RaftServerProxy.lambda$newRaftServerImpl$4(RaftServerProxy.java:264)
	at java.util.concurrent.CompletableFuture$AsyncSupply.run(CompletableFuture.java:1604)
	at java.util.concurrent.ThreadPoolExecutor.runWorker(ThreadPoolExecutor.java:1149)
	at java.util.concurrent.ThreadPoolExecutor$Worker.run(ThreadPoolExecutor.java:624)
	at java.lang.Thread.run(Thread.java:748)
2020-12-26 01:57:28,197 [pool-698-thread-1] INFO  server.RaftServerConfigKeys (ConfUtils.java:logGet(44)) - raft.server.notification.no-leader.timeout = 300000ms (custom)
2020-12-26 01:57:28,197 [pool-698-thread-1] INFO  server.RaftServerConfigKeys (ConfUtils.java:logGet(44)) - raft.server.log.use.memory = false (default)
2020-12-26 01:57:28,197 [pool-698-thread-1] INFO  server.RaftServerConfigKeys (ConfUtils.java:logGet(44)) - raft.server.log.purge.gap = 1000000 (custom)
2020-12-26 01:57:28,197 [pool-698-thread-1] INFO  metrics.RatisMetrics (RatisMetrics.java:lambda$create$0(36)) - Creating Metrics Registry : ratis.log_worker.73c99ad5-410f-4ffb-8408-ddbdb29ea4d0@group-49E6829A44B8
2020-12-26 01:57:28,197 [pool-698-thread-1] INFO  server.RaftServerConfigKeys (ConfUtils.java:logGet(44)) - raft.server.log.appender.buffer.byte-limit = 33554432 (custom)
2020-12-26 01:57:28,197 [pool-698-thread-1] INFO  server.RaftServerConfigKeys (ConfUtils.java:logGet(44)) - raft.server.log.segment.size.max = 1048576 (custom)
2020-12-26 01:57:28,198 [pool-698-thread-1] INFO  server.RaftServerConfigKeys (ConfUtils.java:logGet(44)) - raft.server.log.segment.cache.num.max = 2 (custom)
2020-12-26 01:57:28,198 [pool-698-thread-1] INFO  server.RaftServerConfigKeys (ConfUtils.java:logGet(44)) - raft.server.log.segment.cache.size.max = 200MB (=209715200) (default)
2020-12-26 01:57:28,198 [pool-698-thread-1] INFO  segmented.SegmentedRaftLogWorker (SegmentedRaftLogWorker.java:<init>(181)) - new 73c99ad5-410f-4ffb-8408-ddbdb29ea4d0@group-49E6829A44B8-SegmentedRaftLogWorker for RaftStorage:Storage Directory /github/workspace/mnt/ozone/hadoop-ozone/integration-test/target/test-dir/MiniOzoneClusterImpl-b0bbc67e-6e78-4c8b-9c9f-814a2ca087f9/datanode-3/data/ratis/3ec49c11-b3df-4246-874d-49e6829a44b8
2020-12-26 01:57:28,198 [pool-698-thread-1] INFO  server.RaftServerConfigKeys (ConfUtils.java:logGet(44)) - raft.server.log.queue.byte-limit = 2147483647 (custom)
2020-12-26 01:57:28,198 [pool-698-thread-1] INFO  server.RaftServerConfigKeys (ConfUtils.java:logGet(44)) - raft.server.log.queue.element-limit = 1024 (custom)
2020-12-26 01:57:28,198 [pool-698-thread-1] INFO  server.RaftServerConfigKeys (ConfUtils.java:logGet(44)) - raft.server.log.segment.size.max = 1048576 (custom)
2020-12-26 01:57:28,198 [pool-698-thread-1] INFO  server.RaftServerConfigKeys (ConfUtils.java:logGet(44)) - raft.server.log.preallocated.size = 16384 (custom)
2020-12-26 01:57:28,198 [pool-698-thread-1] INFO  server.RaftServerConfigKeys (ConfUtils.java:logGet(44)) - raft.server.log.force.sync.num = 128 (default)
2020-12-26 01:57:28,198 [pool-698-thread-1] INFO  server.RaftServerConfigKeys (ConfUtils.java:logGet(44)) - raft.server.log.statemachine.data.sync = true (default)
2020-12-26 01:57:28,199 [pool-698-thread-1] INFO  server.RaftServerConfigKeys (ConfUtils.java:logGet(44)) - raft.server.log.statemachine.data.sync.timeout = 10s (default)
2020-12-26 01:57:28,199 [pool-698-thread-1] INFO  server.RaftServerConfigKeys (ConfUtils.java:logGet(44)) - raft.server.log.statemachine.data.sync.timeout.retry = -1 (default)
2020-12-26 01:57:28,200 [pool-698-thread-1] INFO  server.RaftServerConfigKeys (ConfUtils.java:logGet(44)) - raft.server.log.write.buffer.size = 1048576 (custom)
2020-12-26 01:57:28,201 [pool-698-thread-1] INFO  server.RaftServerConfigKeys (ConfUtils.java:logGet(44)) - raft.server.log.statemachine.data.caching.enabled = true (custom)
2020-12-26 01:57:28,201 [pool-698-thread-1] INFO  segmented.SegmentedRaftLogWorker (SegmentedRaftLogWorker.java:lambda$new$0(132)) - 73c99ad5-410f-4ffb-8408-ddbdb29ea4d0@group-49E6829A44B8-SegmentedRaftLogWorker: flushIndex: setUnconditionally 0 -> -1
2020-12-26 01:57:28,201 [pool-698-thread-1] INFO  segmented.SegmentedRaftLogWorker (SegmentedRaftLogWorker.java:lambda$new$0(132)) - 73c99ad5-410f-4ffb-8408-ddbdb29ea4d0@group-49E6829A44B8-SegmentedRaftLogWorker: safeCacheEvictIndex: setUnconditionally 0 -> -1
2020-12-26 01:57:28,201 [EventQueue-PipelineReportForOneReplicaPipelineSafeModeRule] INFO  safemode.SCMSafeModeManager (SCMSafeModeManager.java:validateSafeModeExitRules(214)) - AtleastOneDatanodeReportedRule rule is successfully validated
2020-12-26 01:57:28,201 [pool-698-thread-1] INFO  server.RaftServerConfigKeys (ConfUtils.java:logGet(44)) - raft.server.snapshot.auto.trigger.enabled = true (custom)
2020-12-26 01:57:28,202 [pool-698-thread-1] INFO  server.RaftServerConfigKeys (ConfUtils.java:logGet(44)) - raft.server.snapshot.auto.trigger.threshold = 10000 (custom)
2020-12-26 01:57:28,202 [pool-698-thread-1] INFO  server.RaftServerConfigKeys (ConfUtils.java:logGet(44)) - raft.server.snapshot.retention.file.num = 5 (custom)
2020-12-26 01:57:28,202 [pool-698-thread-1] INFO  server.RaftServerConfigKeys (ConfUtils.java:logGet(44)) - raft.server.log.purge.upto.snapshot.index = false (default)
2020-12-26 01:57:28,202 [pool-698-thread-1] INFO  server.RaftServerConfigKeys (ConfUtils.java:logGet(44)) - raft.server.retrycache.expirytime = 600000ms (custom)
2020-12-26 01:57:28,202 [pool-698-thread-1] INFO  server.RaftServerConfigKeys (ConfUtils.java:logGet(44)) - raft.server.retrycache.statistics.expirytime = 100?s (default)
2020-12-26 01:57:28,202 [pool-698-thread-1] INFO  metrics.RatisMetrics (RatisMetrics.java:lambda$create$0(36)) - Creating Metrics Registry : ratis.leader_election.73c99ad5-410f-4ffb-8408-ddbdb29ea4d0@group-49E6829A44B8
2020-12-26 01:57:28,202 [pool-698-thread-1] INFO  metrics.RatisMetrics (RatisMetrics.java:lambda$create$0(36)) - Creating Metrics Registry : ratis.server.73c99ad5-410f-4ffb-8408-ddbdb29ea4d0@group-49E6829A44B8
2020-12-26 01:57:28,204 [pool-698-thread-1] INFO  server.RaftServer$Division (RaftServerImpl.java:start(286)) - 73c99ad5-410f-4ffb-8408-ddbdb29ea4d0@group-49E6829A44B8: start as a follower, conf=-1: [8e16b57b-a520-4ff3-ab9c-70e7128aded3|rpc:172.17.0.2:33447, 43af3075-460a-422d-a924-90885968f40d|rpc:172.17.0.2:44111, 73c99ad5-410f-4ffb-8408-ddbdb29ea4d0|rpc:172.17.0.2:39033], old=null
2020-12-26 01:57:28,204 [pool-698-thread-1] INFO  server.RaftServer$Division (RaftServerImpl.java:setRole(275)) - 73c99ad5-410f-4ffb-8408-ddbdb29ea4d0@group-49E6829A44B8: changes role from      null to FOLLOWER at term 0 for startAsFollower
2020-12-26 01:57:28,204 [pool-698-thread-1] INFO  impl.RoleInfo (RoleInfo.java:updateAndGet(130)) - 73c99ad5-410f-4ffb-8408-ddbdb29ea4d0: start 73c99ad5-410f-4ffb-8408-ddbdb29ea4d0@group-49E6829A44B8-FollowerState
2020-12-26 01:57:28,201 [EventQueue-OpenPipelineForHealthyPipelineSafeModeRule] INFO  safemode.SCMSafeModeManager (HealthyPipelineSafeModeRule.java:process(128)) - SCM in safe mode. Healthy pipelines reported count is 0, required healthy pipeline reported count is 1
2020-12-26 01:57:28,204 [pool-698-thread-1] INFO  util.JmxRegister (JmxRegister.java:tryRegister(44)) - Successfully registered JMX Bean with object name Ratis:service=RaftServer,group=group-49E6829A44B8,id=73c99ad5-410f-4ffb-8408-ddbdb29ea4d0
2020-12-26 01:57:28,205 [pool-698-thread-1] INFO  metrics.RatisMetrics (RatisMetrics.java:lambda$create$0(36)) - Creating Metrics Registry : ratis.state_machine.73c99ad5-410f-4ffb-8408-ddbdb29ea4d0@group-49E6829A44B8
2020-12-26 01:57:28,206 [Command processor thread] INFO  metrics.RatisMetrics (RatisMetrics.java:lambda$create$0(36)) - Creating Metrics Registry : ratis.client_message_metrics.client-B80EE241EBC5->43af3075-460a-422d-a924-90885968f40d
2020-12-26 01:57:28,210 [grpc-default-executor-6] INFO  server.RaftServer (RaftServerProxy.java:addNew(93)) - 43af3075-460a-422d-a924-90885968f40d: addNew group-49E6829A44B8:[8e16b57b-a520-4ff3-ab9c-70e7128aded3|rpc:172.17.0.2:33447|dataStream:, 43af3075-460a-422d-a924-90885968f40d|rpc:172.17.0.2:44111|dataStream:, 73c99ad5-410f-4ffb-8408-ddbdb29ea4d0|rpc:172.17.0.2:39033|dataStream:] returns group-49E6829A44B8:java.util.concurrent.CompletableFuture@4ebe1f01[Not completed]
2020-12-26 01:57:28,212 [pool-730-thread-1] INFO  server.RaftServer$Division (RaftServerImpl.java:<init>(173)) - 43af3075-460a-422d-a924-90885968f40d: new RaftServerImpl for group-49E6829A44B8:[8e16b57b-a520-4ff3-ab9c-70e7128aded3|rpc:172.17.0.2:33447|dataStream:, 43af3075-460a-422d-a924-90885968f40d|rpc:172.17.0.2:44111|dataStream:, 73c99ad5-410f-4ffb-8408-ddbdb29ea4d0|rpc:172.17.0.2:39033|dataStream:] with ContainerStateMachine:uninitialized
2020-12-26 01:57:28,212 [pool-730-thread-1] INFO  server.RaftServerConfigKeys (ConfUtils.java:logGet(44)) - raft.server.rpc.timeout.min = 5s (custom)
2020-12-26 01:57:28,212 [pool-730-thread-1] INFO  server.RaftServerConfigKeys (ConfUtils.java:logGet(44)) - raft.server.rpc.timeout.max = 5200ms (custom)
2020-12-26 01:57:28,212 [pool-730-thread-1] INFO  server.RaftServerConfigKeys (ConfUtils.java:logGet(44)) - raft.server.rpc.sleep.time = 25ms (default)
2020-12-26 01:57:28,212 [pool-730-thread-1] INFO  server.RaftServerConfigKeys (ConfUtils.java:logGet(44)) - raft.server.rpc.slowness.timeout = 300000ms (custom)
2020-12-26 01:57:28,212 [pool-730-thread-1] INFO  server.RaftServerConfigKeys (ConfUtils.java:logGet(44)) - raft.server.leaderelection.leader.step-down.wait-time = 10s (default)
2020-12-26 01:57:28,212 [pool-730-thread-1] INFO  server.RaftServerConfigKeys (ConfUtils.java:logGet(44)) - raft.server.sleep.deviation.threshold = 300ms (default)
2020-12-26 01:57:28,212 [pool-730-thread-1] INFO  server.RaftServerConfigKeys (ConfUtils.java:logGet(44)) - raft.server.log.appender.install.snapshot.enabled = false (custom)
2020-12-26 01:57:28,212 [pool-730-thread-1] INFO  server.RaftServer$Division (ServerState.java:<init>(104)) - 43af3075-460a-422d-a924-90885968f40d@group-49E6829A44B8: ConfigurationManager, init=-1: [8e16b57b-a520-4ff3-ab9c-70e7128aded3|rpc:172.17.0.2:33447|dataStream:, 43af3075-460a-422d-a924-90885968f40d|rpc:172.17.0.2:44111|dataStream:, 73c99ad5-410f-4ffb-8408-ddbdb29ea4d0|rpc:172.17.0.2:39033|dataStream:], old=null, confs=<EMPTY_MAP>
2020-12-26 01:57:28,212 [pool-730-thread-1] INFO  server.RaftServerConfigKeys (ConfUtils.java:logGet(44)) - raft.server.storage.dir = [/github/workspace/mnt/ozone/hadoop-ozone/integration-test/target/test-dir/MiniOzoneClusterImpl-b0bbc67e-6e78-4c8b-9c9f-814a2ca087f9/datanode-5/data/ratis] (custom)
2020-12-26 01:57:28,212 [pool-730-thread-1] INFO  server.RaftServerConfigKeys (ConfUtils.java:logGet(44)) - raft.server.log.corruption.policy = EXCEPTION (default)
2020-12-26 01:57:28,212 [pool-730-thread-1] INFO  storage.RaftStorageDirectory (RaftStorageDirectory.java:analyzeStorage(260)) - The storage directory /github/workspace/mnt/ozone/hadoop-ozone/integration-test/target/test-dir/MiniOzoneClusterImpl-b0bbc67e-6e78-4c8b-9c9f-814a2ca087f9/datanode-5/data/ratis/3ec49c11-b3df-4246-874d-49e6829a44b8 does not exist. Creating ...
2020-12-26 01:57:28,213 [pool-730-thread-1] INFO  storage.RaftStorageDirectory (RaftStorageDirectory.java:tryLock(342)) - Lock on /github/workspace/mnt/ozone/hadoop-ozone/integration-test/target/test-dir/MiniOzoneClusterImpl-b0bbc67e-6e78-4c8b-9c9f-814a2ca087f9/datanode-5/data/ratis/3ec49c11-b3df-4246-874d-49e6829a44b8/in_use.lock acquired by nodename 7066@140068b710f1
2020-12-26 01:57:28,214 [pool-730-thread-1] INFO  storage.RaftStorage (RaftStorage.java:format(89)) - Storage directory /github/workspace/mnt/ozone/hadoop-ozone/integration-test/target/test-dir/MiniOzoneClusterImpl-b0bbc67e-6e78-4c8b-9c9f-814a2ca087f9/datanode-5/data/ratis/3ec49c11-b3df-4246-874d-49e6829a44b8 has been successfully formatted.
2020-12-26 01:57:28,215 [pool-730-thread-1] INFO  ratis.ContainerStateMachine (ContainerStateMachine.java:loadSnapshot(223)) - group-49E6829A44B8: The snapshot info is null. Setting the last applied indexto:(t:0, i:~)
2020-12-26 01:57:28,215 [pool-730-thread-1] ERROR storage.RaftStorage (RaftStorage.java:readRaftConfiguration(152)) - Failed reading configuration from file:/github/workspace/mnt/ozone/hadoop-ozone/integration-test/target/test-dir/MiniOzoneClusterImpl-b0bbc67e-6e78-4c8b-9c9f-814a2ca087f9/datanode-5/data/ratis/3ec49c11-b3df-4246-874d-49e6829a44b8/current/raft-meta.conf
java.io.FileNotFoundException: /github/workspace/mnt/ozone/hadoop-ozone/integration-test/target/test-dir/MiniOzoneClusterImpl-b0bbc67e-6e78-4c8b-9c9f-814a2ca087f9/datanode-5/data/ratis/3ec49c11-b3df-4246-874d-49e6829a44b8/current/raft-meta.conf (No such file or directory)
	at java.io.FileInputStream.open0(Native Method)
	at java.io.FileInputStream.open(FileInputStream.java:195)
	at java.io.FileInputStream.<init>(FileInputStream.java:138)
	at org.apache.ratis.server.storage.RaftStorage.readRaftConfiguration(RaftStorage.java:148)
	at org.apache.ratis.server.impl.ServerState.initStatemachine(ServerState.java:167)
	at org.apache.ratis.server.impl.ServerState.<init>(ServerState.java:112)
	at org.apache.ratis.server.impl.RaftServerImpl.<init>(RaftServerImpl.java:186)
	at org.apache.ratis.server.impl.RaftServerProxy.lambda$newRaftServerImpl$4(RaftServerProxy.java:264)
	at java.util.concurrent.CompletableFuture$AsyncSupply.run(CompletableFuture.java:1604)
	at java.util.concurrent.ThreadPoolExecutor.runWorker(ThreadPoolExecutor.java:1149)
	at java.util.concurrent.ThreadPoolExecutor$Worker.run(ThreadPoolExecutor.java:624)
	at java.lang.Thread.run(Thread.java:748)
2020-12-26 01:57:28,215 [EventQueue-PipelineReportForOneReplicaPipelineSafeModeRule] INFO  safemode.SCMSafeModeManager (SCMSafeModeManager.java:validateSafeModeExitRules(214)) - AtleastOneDatanodeReportedRule rule is successfully validated
2020-12-26 01:57:28,215 [pool-730-thread-1] INFO  server.RaftServerConfigKeys (ConfUtils.java:logGet(44)) - raft.server.notification.no-leader.timeout = 300000ms (custom)
2020-12-26 01:57:28,215 [pool-730-thread-1] INFO  server.RaftServerConfigKeys (ConfUtils.java:logGet(44)) - raft.server.log.use.memory = false (default)
2020-12-26 01:57:28,215 [pool-730-thread-1] INFO  server.RaftServerConfigKeys (ConfUtils.java:logGet(44)) - raft.server.log.purge.gap = 1000000 (custom)
2020-12-26 01:57:28,216 [pool-730-thread-1] INFO  metrics.RatisMetrics (RatisMetrics.java:lambda$create$0(36)) - Creating Metrics Registry : ratis.log_worker.43af3075-460a-422d-a924-90885968f40d@group-49E6829A44B8
2020-12-26 01:57:28,216 [pool-730-thread-1] INFO  server.RaftServerConfigKeys (ConfUtils.java:logGet(44)) - raft.server.log.appender.buffer.byte-limit = 33554432 (custom)
2020-12-26 01:57:28,216 [pool-730-thread-1] INFO  server.RaftServerConfigKeys (ConfUtils.java:logGet(44)) - raft.server.log.segment.size.max = 1048576 (custom)
2020-12-26 01:57:28,217 [pool-730-thread-1] INFO  server.RaftServerConfigKeys (ConfUtils.java:logGet(44)) - raft.server.log.segment.cache.num.max = 2 (custom)
2020-12-26 01:57:28,217 [pool-730-thread-1] INFO  server.RaftServerConfigKeys (ConfUtils.java:logGet(44)) - raft.server.log.segment.cache.size.max = 200MB (=209715200) (default)
2020-12-26 01:57:28,217 [pool-730-thread-1] INFO  segmented.SegmentedRaftLogWorker (SegmentedRaftLogWorker.java:<init>(181)) - new 43af3075-460a-422d-a924-90885968f40d@group-49E6829A44B8-SegmentedRaftLogWorker for RaftStorage:Storage Directory /github/workspace/mnt/ozone/hadoop-ozone/integration-test/target/test-dir/MiniOzoneClusterImpl-b0bbc67e-6e78-4c8b-9c9f-814a2ca087f9/datanode-5/data/ratis/3ec49c11-b3df-4246-874d-49e6829a44b8
2020-12-26 01:57:28,217 [pool-730-thread-1] INFO  server.RaftServerConfigKeys (ConfUtils.java:logGet(44)) - raft.server.log.queue.byte-limit = 2147483647 (custom)
2020-12-26 01:57:28,217 [pool-730-thread-1] INFO  server.RaftServerConfigKeys (ConfUtils.java:logGet(44)) - raft.server.log.queue.element-limit = 1024 (custom)
2020-12-26 01:57:28,217 [pool-730-thread-1] INFO  server.RaftServerConfigKeys (ConfUtils.java:logGet(44)) - raft.server.log.segment.size.max = 1048576 (custom)
2020-12-26 01:57:28,217 [pool-730-thread-1] INFO  server.RaftServerConfigKeys (ConfUtils.java:logGet(44)) - raft.server.log.preallocated.size = 16384 (custom)
2020-12-26 01:57:28,217 [pool-730-thread-1] INFO  server.RaftServerConfigKeys (ConfUtils.java:logGet(44)) - raft.server.log.force.sync.num = 128 (default)
2020-12-26 01:57:28,217 [pool-730-thread-1] INFO  server.RaftServerConfigKeys (ConfUtils.java:logGet(44)) - raft.server.log.statemachine.data.sync = true (default)
2020-12-26 01:57:28,217 [pool-730-thread-1] INFO  server.RaftServerConfigKeys (ConfUtils.java:logGet(44)) - raft.server.log.statemachine.data.sync.timeout = 10s (default)
2020-12-26 01:57:28,217 [pool-730-thread-1] INFO  server.RaftServerConfigKeys (ConfUtils.java:logGet(44)) - raft.server.log.statemachine.data.sync.timeout.retry = -1 (default)
2020-12-26 01:57:28,219 [pool-730-thread-1] INFO  server.RaftServerConfigKeys (ConfUtils.java:logGet(44)) - raft.server.log.write.buffer.size = 1048576 (custom)
2020-12-26 01:57:28,220 [pool-730-thread-1] INFO  server.RaftServerConfigKeys (ConfUtils.java:logGet(44)) - raft.server.log.statemachine.data.caching.enabled = true (custom)
2020-12-26 01:57:28,220 [pool-730-thread-1] INFO  segmented.SegmentedRaftLogWorker (SegmentedRaftLogWorker.java:lambda$new$0(132)) - 43af3075-460a-422d-a924-90885968f40d@group-49E6829A44B8-SegmentedRaftLogWorker: flushIndex: setUnconditionally 0 -> -1
2020-12-26 01:57:28,220 [pool-730-thread-1] INFO  segmented.SegmentedRaftLogWorker (SegmentedRaftLogWorker.java:lambda$new$0(132)) - 43af3075-460a-422d-a924-90885968f40d@group-49E6829A44B8-SegmentedRaftLogWorker: safeCacheEvictIndex: setUnconditionally 0 -> -1
2020-12-26 01:57:28,223 [pool-730-thread-1] INFO  server.RaftServerConfigKeys (ConfUtils.java:logGet(44)) - raft.server.snapshot.auto.trigger.enabled = true (custom)
2020-12-26 01:57:28,223 [pool-730-thread-1] INFO  server.RaftServerConfigKeys (ConfUtils.java:logGet(44)) - raft.server.snapshot.auto.trigger.threshold = 10000 (custom)
2020-12-26 01:57:28,223 [pool-730-thread-1] INFO  server.RaftServerConfigKeys (ConfUtils.java:logGet(44)) - raft.server.snapshot.retention.file.num = 5 (custom)
2020-12-26 01:57:28,223 [pool-730-thread-1] INFO  server.RaftServerConfigKeys (ConfUtils.java:logGet(44)) - raft.server.log.purge.upto.snapshot.index = false (default)
2020-12-26 01:57:28,223 [pool-730-thread-1] INFO  server.RaftServerConfigKeys (ConfUtils.java:logGet(44)) - raft.server.retrycache.expirytime = 600000ms (custom)
2020-12-26 01:57:28,223 [pool-730-thread-1] INFO  server.RaftServerConfigKeys (ConfUtils.java:logGet(44)) - raft.server.retrycache.statistics.expirytime = 100?s (default)
2020-12-26 01:57:28,223 [pool-730-thread-1] INFO  metrics.RatisMetrics (RatisMetrics.java:lambda$create$0(36)) - Creating Metrics Registry : ratis.leader_election.43af3075-460a-422d-a924-90885968f40d@group-49E6829A44B8
2020-12-26 01:57:28,224 [pool-730-thread-1] INFO  metrics.RatisMetrics (RatisMetrics.java:lambda$create$0(36)) - Creating Metrics Registry : ratis.server.43af3075-460a-422d-a924-90885968f40d@group-49E6829A44B8
2020-12-26 01:57:28,226 [pool-730-thread-1] INFO  server.RaftServer$Division (RaftServerImpl.java:start(286)) - 43af3075-460a-422d-a924-90885968f40d@group-49E6829A44B8: start as a follower, conf=-1: [8e16b57b-a520-4ff3-ab9c-70e7128aded3|rpc:172.17.0.2:33447|dataStream:, 43af3075-460a-422d-a924-90885968f40d|rpc:172.17.0.2:44111|dataStream:, 73c99ad5-410f-4ffb-8408-ddbdb29ea4d0|rpc:172.17.0.2:39033|dataStream:], old=null
2020-12-26 01:57:28,226 [pool-730-thread-1] INFO  server.RaftServer$Division (RaftServerImpl.java:setRole(275)) - 43af3075-460a-422d-a924-90885968f40d@group-49E6829A44B8: changes role from      null to FOLLOWER at term 0 for startAsFollower
2020-12-26 01:57:28,226 [pool-730-thread-1] INFO  impl.RoleInfo (RoleInfo.java:updateAndGet(130)) - 43af3075-460a-422d-a924-90885968f40d: start 43af3075-460a-422d-a924-90885968f40d@group-49E6829A44B8-FollowerState
2020-12-26 01:57:28,226 [pool-730-thread-1] INFO  util.JmxRegister (JmxRegister.java:tryRegister(44)) - Successfully registered JMX Bean with object name Ratis:service=RaftServer,group=group-49E6829A44B8,id=43af3075-460a-422d-a924-90885968f40d
2020-12-26 01:57:28,226 [pool-730-thread-1] INFO  metrics.RatisMetrics (RatisMetrics.java:lambda$create$0(36)) - Creating Metrics Registry : ratis.state_machine.43af3075-460a-422d-a924-90885968f40d@group-49E6829A44B8
2020-12-26 01:57:28,230 [Command processor thread] INFO  metrics.RatisMetrics (RatisMetrics.java:lambda$create$0(36)) - Creating Metrics Registry : ratis.client_message_metrics.client-760161579E01->8e16b57b-a520-4ff3-ab9c-70e7128aded3
2020-12-26 01:57:28,233 [grpc-default-executor-6] INFO  server.RaftServer (RaftServerProxy.java:addNew(93)) - 8e16b57b-a520-4ff3-ab9c-70e7128aded3: addNew group-49E6829A44B8:[8e16b57b-a520-4ff3-ab9c-70e7128aded3|rpc:172.17.0.2:33447|dataStream:, 43af3075-460a-422d-a924-90885968f40d|rpc:172.17.0.2:44111|dataStream:, 73c99ad5-410f-4ffb-8408-ddbdb29ea4d0|rpc:172.17.0.2:39033|dataStream:] returns group-49E6829A44B8:java.util.concurrent.CompletableFuture@451f0d93[Not completed]
2020-12-26 01:57:28,234 [pool-713-thread-1] INFO  server.RaftServer$Division (RaftServerImpl.java:<init>(173)) - 8e16b57b-a520-4ff3-ab9c-70e7128aded3: new RaftServerImpl for group-49E6829A44B8:[8e16b57b-a520-4ff3-ab9c-70e7128aded3|rpc:172.17.0.2:33447|dataStream:, 43af3075-460a-422d-a924-90885968f40d|rpc:172.17.0.2:44111|dataStream:, 73c99ad5-410f-4ffb-8408-ddbdb29ea4d0|rpc:172.17.0.2:39033|dataStream:] with ContainerStateMachine:uninitialized
2020-12-26 01:57:28,234 [pool-713-thread-1] INFO  server.RaftServerConfigKeys (ConfUtils.java:logGet(44)) - raft.server.rpc.timeout.min = 5s (custom)
2020-12-26 01:57:28,234 [pool-713-thread-1] INFO  server.RaftServerConfigKeys (ConfUtils.java:logGet(44)) - raft.server.rpc.timeout.max = 5200ms (custom)
2020-12-26 01:57:28,234 [pool-713-thread-1] INFO  server.RaftServerConfigKeys (ConfUtils.java:logGet(44)) - raft.server.rpc.sleep.time = 25ms (default)
2020-12-26 01:57:28,234 [pool-713-thread-1] INFO  server.RaftServerConfigKeys (ConfUtils.java:logGet(44)) - raft.server.rpc.slowness.timeout = 300000ms (custom)
2020-12-26 01:57:28,234 [pool-713-thread-1] INFO  server.RaftServerConfigKeys (ConfUtils.java:logGet(44)) - raft.server.leaderelection.leader.step-down.wait-time = 10s (default)
2020-12-26 01:57:28,234 [pool-713-thread-1] INFO  server.RaftServerConfigKeys (ConfUtils.java:logGet(44)) - raft.server.sleep.deviation.threshold = 300ms (default)
2020-12-26 01:57:28,234 [pool-713-thread-1] INFO  server.RaftServerConfigKeys (ConfUtils.java:logGet(44)) - raft.server.log.appender.install.snapshot.enabled = false (custom)
2020-12-26 01:57:28,234 [pool-713-thread-1] INFO  server.RaftServer$Division (ServerState.java:<init>(104)) - 8e16b57b-a520-4ff3-ab9c-70e7128aded3@group-49E6829A44B8: ConfigurationManager, init=-1: [8e16b57b-a520-4ff3-ab9c-70e7128aded3|rpc:172.17.0.2:33447|dataStream:, 43af3075-460a-422d-a924-90885968f40d|rpc:172.17.0.2:44111|dataStream:, 73c99ad5-410f-4ffb-8408-ddbdb29ea4d0|rpc:172.17.0.2:39033|dataStream:], old=null, confs=<EMPTY_MAP>
2020-12-26 01:57:28,234 [pool-713-thread-1] INFO  server.RaftServerConfigKeys (ConfUtils.java:logGet(44)) - raft.server.storage.dir = [/github/workspace/mnt/ozone/hadoop-ozone/integration-test/target/test-dir/MiniOzoneClusterImpl-b0bbc67e-6e78-4c8b-9c9f-814a2ca087f9/datanode-4/data/ratis] (custom)
2020-12-26 01:57:28,234 [pool-713-thread-1] INFO  server.RaftServerConfigKeys (ConfUtils.java:logGet(44)) - raft.server.log.corruption.policy = EXCEPTION (default)
2020-12-26 01:57:28,234 [pool-713-thread-1] INFO  storage.RaftStorageDirectory (RaftStorageDirectory.java:analyzeStorage(260)) - The storage directory /github/workspace/mnt/ozone/hadoop-ozone/integration-test/target/test-dir/MiniOzoneClusterImpl-b0bbc67e-6e78-4c8b-9c9f-814a2ca087f9/datanode-4/data/ratis/3ec49c11-b3df-4246-874d-49e6829a44b8 does not exist. Creating ...
2020-12-26 01:57:28,235 [pool-713-thread-1] INFO  storage.RaftStorageDirectory (RaftStorageDirectory.java:tryLock(342)) - Lock on /github/workspace/mnt/ozone/hadoop-ozone/integration-test/target/test-dir/MiniOzoneClusterImpl-b0bbc67e-6e78-4c8b-9c9f-814a2ca087f9/datanode-4/data/ratis/3ec49c11-b3df-4246-874d-49e6829a44b8/in_use.lock acquired by nodename 7066@140068b710f1
2020-12-26 01:57:28,236 [pool-713-thread-1] INFO  storage.RaftStorage (RaftStorage.java:format(89)) - Storage directory /github/workspace/mnt/ozone/hadoop-ozone/integration-test/target/test-dir/MiniOzoneClusterImpl-b0bbc67e-6e78-4c8b-9c9f-814a2ca087f9/datanode-4/data/ratis/3ec49c11-b3df-4246-874d-49e6829a44b8 has been successfully formatted.
2020-12-26 01:57:28,236 [pool-713-thread-1] INFO  ratis.ContainerStateMachine (ContainerStateMachine.java:loadSnapshot(223)) - group-49E6829A44B8: The snapshot info is null. Setting the last applied indexto:(t:0, i:~)
2020-12-26 01:57:28,237 [pool-713-thread-1] ERROR storage.RaftStorage (RaftStorage.java:readRaftConfiguration(152)) - Failed reading configuration from file:/github/workspace/mnt/ozone/hadoop-ozone/integration-test/target/test-dir/MiniOzoneClusterImpl-b0bbc67e-6e78-4c8b-9c9f-814a2ca087f9/datanode-4/data/ratis/3ec49c11-b3df-4246-874d-49e6829a44b8/current/raft-meta.conf
java.io.FileNotFoundException: /github/workspace/mnt/ozone/hadoop-ozone/integration-test/target/test-dir/MiniOzoneClusterImpl-b0bbc67e-6e78-4c8b-9c9f-814a2ca087f9/datanode-4/data/ratis/3ec49c11-b3df-4246-874d-49e6829a44b8/current/raft-meta.conf (No such file or directory)
	at java.io.FileInputStream.open0(Native Method)
	at java.io.FileInputStream.open(FileInputStream.java:195)
	at java.io.FileInputStream.<init>(FileInputStream.java:138)
	at org.apache.ratis.server.storage.RaftStorage.readRaftConfiguration(RaftStorage.java:148)
	at org.apache.ratis.server.impl.ServerState.initStatemachine(ServerState.java:167)
	at org.apache.ratis.server.impl.ServerState.<init>(ServerState.java:112)
	at org.apache.ratis.server.impl.RaftServerImpl.<init>(RaftServerImpl.java:186)
	at org.apache.ratis.server.impl.RaftServerProxy.lambda$newRaftServerImpl$4(RaftServerProxy.java:264)
	at java.util.concurrent.CompletableFuture$AsyncSupply.run(CompletableFuture.java:1604)
	at java.util.concurrent.ThreadPoolExecutor.runWorker(ThreadPoolExecutor.java:1149)
	at java.util.concurrent.ThreadPoolExecutor$Worker.run(ThreadPoolExecutor.java:624)
	at java.lang.Thread.run(Thread.java:748)
2020-12-26 01:57:28,237 [pool-713-thread-1] INFO  server.RaftServerConfigKeys (ConfUtils.java:logGet(44)) - raft.server.notification.no-leader.timeout = 300000ms (custom)
2020-12-26 01:57:28,237 [EventQueue-PipelineReportForOneReplicaPipelineSafeModeRule] INFO  safemode.SCMSafeModeManager (SCMSafeModeManager.java:validateSafeModeExitRules(214)) - AtleastOneDatanodeReportedRule rule is successfully validated
2020-12-26 01:57:28,237 [pool-713-thread-1] INFO  server.RaftServerConfigKeys (ConfUtils.java:logGet(44)) - raft.server.log.use.memory = false (default)
2020-12-26 01:57:28,237 [pool-713-thread-1] INFO  server.RaftServerConfigKeys (ConfUtils.java:logGet(44)) - raft.server.log.purge.gap = 1000000 (custom)
2020-12-26 01:57:28,237 [pool-713-thread-1] INFO  metrics.RatisMetrics (RatisMetrics.java:lambda$create$0(36)) - Creating Metrics Registry : ratis.log_worker.8e16b57b-a520-4ff3-ab9c-70e7128aded3@group-49E6829A44B8
2020-12-26 01:57:28,237 [pool-713-thread-1] INFO  server.RaftServerConfigKeys (ConfUtils.java:logGet(44)) - raft.server.log.appender.buffer.byte-limit = 33554432 (custom)
2020-12-26 01:57:28,237 [pool-713-thread-1] INFO  server.RaftServerConfigKeys (ConfUtils.java:logGet(44)) - raft.server.log.segment.size.max = 1048576 (custom)
2020-12-26 01:57:28,238 [pool-713-thread-1] INFO  server.RaftServerConfigKeys (ConfUtils.java:logGet(44)) - raft.server.log.segment.cache.num.max = 2 (custom)
2020-12-26 01:57:28,238 [pool-713-thread-1] INFO  server.RaftServerConfigKeys (ConfUtils.java:logGet(44)) - raft.server.log.segment.cache.size.max = 200MB (=209715200) (default)
2020-12-26 01:57:28,238 [pool-713-thread-1] INFO  segmented.SegmentedRaftLogWorker (SegmentedRaftLogWorker.java:<init>(181)) - new 8e16b57b-a520-4ff3-ab9c-70e7128aded3@group-49E6829A44B8-SegmentedRaftLogWorker for RaftStorage:Storage Directory /github/workspace/mnt/ozone/hadoop-ozone/integration-test/target/test-dir/MiniOzoneClusterImpl-b0bbc67e-6e78-4c8b-9c9f-814a2ca087f9/datanode-4/data/ratis/3ec49c11-b3df-4246-874d-49e6829a44b8
2020-12-26 01:57:28,238 [pool-713-thread-1] INFO  server.RaftServerConfigKeys (ConfUtils.java:logGet(44)) - raft.server.log.queue.byte-limit = 2147483647 (custom)
2020-12-26 01:57:28,238 [pool-713-thread-1] INFO  server.RaftServerConfigKeys (ConfUtils.java:logGet(44)) - raft.server.log.queue.element-limit = 1024 (custom)
2020-12-26 01:57:28,239 [pool-713-thread-1] INFO  server.RaftServerConfigKeys (ConfUtils.java:logGet(44)) - raft.server.log.segment.size.max = 1048576 (custom)
2020-12-26 01:57:28,239 [pool-713-thread-1] INFO  server.RaftServerConfigKeys (ConfUtils.java:logGet(44)) - raft.server.log.preallocated.size = 16384 (custom)
2020-12-26 01:57:28,239 [pool-713-thread-1] INFO  server.RaftServerConfigKeys (ConfUtils.java:logGet(44)) - raft.server.log.force.sync.num = 128 (default)
2020-12-26 01:57:28,239 [pool-713-thread-1] INFO  server.RaftServerConfigKeys (ConfUtils.java:logGet(44)) - raft.server.log.statemachine.data.sync = true (default)
2020-12-26 01:57:28,239 [pool-713-thread-1] INFO  server.RaftServerConfigKeys (ConfUtils.java:logGet(44)) - raft.server.log.statemachine.data.sync.timeout = 10s (default)
2020-12-26 01:57:28,239 [pool-713-thread-1] INFO  server.RaftServerConfigKeys (ConfUtils.java:logGet(44)) - raft.server.log.statemachine.data.sync.timeout.retry = -1 (default)
2020-12-26 01:57:28,240 [pool-713-thread-1] INFO  server.RaftServerConfigKeys (ConfUtils.java:logGet(44)) - raft.server.log.write.buffer.size = 1048576 (custom)
2020-12-26 01:57:28,241 [pool-713-thread-1] INFO  server.RaftServerConfigKeys (ConfUtils.java:logGet(44)) - raft.server.log.statemachine.data.caching.enabled = true (custom)
2020-12-26 01:57:28,241 [pool-713-thread-1] INFO  segmented.SegmentedRaftLogWorker (SegmentedRaftLogWorker.java:lambda$new$0(132)) - 8e16b57b-a520-4ff3-ab9c-70e7128aded3@group-49E6829A44B8-SegmentedRaftLogWorker: flushIndex: setUnconditionally 0 -> -1
2020-12-26 01:57:28,241 [pool-713-thread-1] INFO  segmented.SegmentedRaftLogWorker (SegmentedRaftLogWorker.java:lambda$new$0(132)) - 8e16b57b-a520-4ff3-ab9c-70e7128aded3@group-49E6829A44B8-SegmentedRaftLogWorker: safeCacheEvictIndex: setUnconditionally 0 -> -1
2020-12-26 01:57:28,241 [pool-713-thread-1] INFO  server.RaftServerConfigKeys (ConfUtils.java:logGet(44)) - raft.server.snapshot.auto.trigger.enabled = true (custom)
2020-12-26 01:57:28,242 [pool-713-thread-1] INFO  server.RaftServerConfigKeys (ConfUtils.java:logGet(44)) - raft.server.snapshot.auto.trigger.threshold = 10000 (custom)
2020-12-26 01:57:28,242 [pool-713-thread-1] INFO  server.RaftServerConfigKeys (ConfUtils.java:logGet(44)) - raft.server.snapshot.retention.file.num = 5 (custom)
2020-12-26 01:57:28,242 [pool-713-thread-1] INFO  server.RaftServerConfigKeys (ConfUtils.java:logGet(44)) - raft.server.log.purge.upto.snapshot.index = false (default)
2020-12-26 01:57:28,242 [pool-713-thread-1] INFO  server.RaftServerConfigKeys (ConfUtils.java:logGet(44)) - raft.server.retrycache.expirytime = 600000ms (custom)
2020-12-26 01:57:28,242 [pool-713-thread-1] INFO  server.RaftServerConfigKeys (ConfUtils.java:logGet(44)) - raft.server.retrycache.statistics.expirytime = 100?s (default)
2020-12-26 01:57:28,242 [pool-713-thread-1] INFO  metrics.RatisMetrics (RatisMetrics.java:lambda$create$0(36)) - Creating Metrics Registry : ratis.leader_election.8e16b57b-a520-4ff3-ab9c-70e7128aded3@group-49E6829A44B8
2020-12-26 01:57:28,242 [pool-713-thread-1] INFO  metrics.RatisMetrics (RatisMetrics.java:lambda$create$0(36)) - Creating Metrics Registry : ratis.server.8e16b57b-a520-4ff3-ab9c-70e7128aded3@group-49E6829A44B8
2020-12-26 01:57:28,244 [pool-713-thread-1] INFO  server.RaftServer$Division (RaftServerImpl.java:start(286)) - 8e16b57b-a520-4ff3-ab9c-70e7128aded3@group-49E6829A44B8: start as a follower, conf=-1: [8e16b57b-a520-4ff3-ab9c-70e7128aded3|rpc:172.17.0.2:33447|dataStream:, 43af3075-460a-422d-a924-90885968f40d|rpc:172.17.0.2:44111|dataStream:, 73c99ad5-410f-4ffb-8408-ddbdb29ea4d0|rpc:172.17.0.2:39033|dataStream:], old=null
2020-12-26 01:57:28,244 [pool-713-thread-1] INFO  server.RaftServer$Division (RaftServerImpl.java:setRole(275)) - 8e16b57b-a520-4ff3-ab9c-70e7128aded3@group-49E6829A44B8: changes role from      null to FOLLOWER at term 0 for startAsFollower
2020-12-26 01:57:28,244 [pool-713-thread-1] INFO  impl.RoleInfo (RoleInfo.java:updateAndGet(130)) - 8e16b57b-a520-4ff3-ab9c-70e7128aded3: start 8e16b57b-a520-4ff3-ab9c-70e7128aded3@group-49E6829A44B8-FollowerState
2020-12-26 01:57:28,244 [pool-713-thread-1] INFO  util.JmxRegister (JmxRegister.java:tryRegister(44)) - Successfully registered JMX Bean with object name Ratis:service=RaftServer,group=group-49E6829A44B8,id=8e16b57b-a520-4ff3-ab9c-70e7128aded3
2020-12-26 01:57:28,244 [pool-713-thread-1] INFO  metrics.RatisMetrics (RatisMetrics.java:lambda$create$0(36)) - Creating Metrics Registry : ratis.state_machine.8e16b57b-a520-4ff3-ab9c-70e7128aded3@group-49E6829A44B8
2020-12-26 01:57:28,249 [Command processor thread] INFO  commandhandler.CreatePipelineCommandHandler (CreatePipelineCommandHandler.java:handle(106)) - Created Pipeline RATIS THREE PipelineID=3ec49c11-b3df-4246-874d-49e6829a44b8.
2020-12-26 01:57:28,287 [Command processor thread] INFO  server.RaftServer (RaftServerProxy.java:addNew(93)) - 8e16b57b-a520-4ff3-ab9c-70e7128aded3: addNew group-0691FEF5E878:[8e16b57b-a520-4ff3-ab9c-70e7128aded3|rpc:172.17.0.2:33447] returns group-0691FEF5E878:java.util.concurrent.CompletableFuture@23bb6431[Not completed]
2020-12-26 01:57:28,288 [pool-713-thread-1] INFO  server.RaftServer$Division (RaftServerImpl.java:<init>(173)) - 8e16b57b-a520-4ff3-ab9c-70e7128aded3: new RaftServerImpl for group-0691FEF5E878:[8e16b57b-a520-4ff3-ab9c-70e7128aded3|rpc:172.17.0.2:33447] with ContainerStateMachine:uninitialized
2020-12-26 01:57:28,289 [pool-713-thread-1] INFO  server.RaftServerConfigKeys (ConfUtils.java:logGet(44)) - raft.server.rpc.timeout.min = 5s (custom)
2020-12-26 01:57:28,289 [pool-713-thread-1] INFO  server.RaftServerConfigKeys (ConfUtils.java:logGet(44)) - raft.server.rpc.timeout.max = 5200ms (custom)
2020-12-26 01:57:28,289 [pool-713-thread-1] INFO  server.RaftServerConfigKeys (ConfUtils.java:logGet(44)) - raft.server.rpc.sleep.time = 25ms (default)
2020-12-26 01:57:28,289 [pool-713-thread-1] INFO  server.RaftServerConfigKeys (ConfUtils.java:logGet(44)) - raft.server.rpc.slowness.timeout = 300000ms (custom)
2020-12-26 01:57:28,289 [pool-713-thread-1] INFO  server.RaftServerConfigKeys (ConfUtils.java:logGet(44)) - raft.server.leaderelection.leader.step-down.wait-time = 10s (default)
2020-12-26 01:57:28,289 [pool-713-thread-1] INFO  server.RaftServerConfigKeys (ConfUtils.java:logGet(44)) - raft.server.sleep.deviation.threshold = 300ms (default)
2020-12-26 01:57:28,289 [pool-713-thread-1] INFO  server.RaftServerConfigKeys (ConfUtils.java:logGet(44)) - raft.server.log.appender.install.snapshot.enabled = false (custom)
2020-12-26 01:57:28,289 [pool-713-thread-1] INFO  server.RaftServer$Division (ServerState.java:<init>(104)) - 8e16b57b-a520-4ff3-ab9c-70e7128aded3@group-0691FEF5E878: ConfigurationManager, init=-1: [8e16b57b-a520-4ff3-ab9c-70e7128aded3|rpc:172.17.0.2:33447], old=null, confs=<EMPTY_MAP>
2020-12-26 01:57:28,289 [pool-713-thread-1] INFO  server.RaftServerConfigKeys (ConfUtils.java:logGet(44)) - raft.server.storage.dir = [/github/workspace/mnt/ozone/hadoop-ozone/integration-test/target/test-dir/MiniOzoneClusterImpl-b0bbc67e-6e78-4c8b-9c9f-814a2ca087f9/datanode-4/data/ratis] (custom)
2020-12-26 01:57:28,289 [pool-713-thread-1] INFO  server.RaftServerConfigKeys (ConfUtils.java:logGet(44)) - raft.server.log.corruption.policy = EXCEPTION (default)
2020-12-26 01:57:28,289 [pool-713-thread-1] INFO  storage.RaftStorageDirectory (RaftStorageDirectory.java:analyzeStorage(260)) - The storage directory /github/workspace/mnt/ozone/hadoop-ozone/integration-test/target/test-dir/MiniOzoneClusterImpl-b0bbc67e-6e78-4c8b-9c9f-814a2ca087f9/datanode-4/data/ratis/a9cf9c82-e9d9-4410-9875-0691fef5e878 does not exist. Creating ...
2020-12-26 01:57:28,291 [pool-713-thread-1] INFO  storage.RaftStorageDirectory (RaftStorageDirectory.java:tryLock(342)) - Lock on /github/workspace/mnt/ozone/hadoop-ozone/integration-test/target/test-dir/MiniOzoneClusterImpl-b0bbc67e-6e78-4c8b-9c9f-814a2ca087f9/datanode-4/data/ratis/a9cf9c82-e9d9-4410-9875-0691fef5e878/in_use.lock acquired by nodename 7066@140068b710f1
2020-12-26 01:57:28,292 [pool-713-thread-1] INFO  storage.RaftStorage (RaftStorage.java:format(89)) - Storage directory /github/workspace/mnt/ozone/hadoop-ozone/integration-test/target/test-dir/MiniOzoneClusterImpl-b0bbc67e-6e78-4c8b-9c9f-814a2ca087f9/datanode-4/data/ratis/a9cf9c82-e9d9-4410-9875-0691fef5e878 has been successfully formatted.
2020-12-26 01:57:28,292 [pool-713-thread-1] INFO  ratis.ContainerStateMachine (ContainerStateMachine.java:loadSnapshot(223)) - group-0691FEF5E878: The snapshot info is null. Setting the last applied indexto:(t:0, i:~)
2020-12-26 01:57:28,292 [pool-713-thread-1] ERROR storage.RaftStorage (RaftStorage.java:readRaftConfiguration(152)) - Failed reading configuration from file:/github/workspace/mnt/ozone/hadoop-ozone/integration-test/target/test-dir/MiniOzoneClusterImpl-b0bbc67e-6e78-4c8b-9c9f-814a2ca087f9/datanode-4/data/ratis/a9cf9c82-e9d9-4410-9875-0691fef5e878/current/raft-meta.conf
java.io.FileNotFoundException: /github/workspace/mnt/ozone/hadoop-ozone/integration-test/target/test-dir/MiniOzoneClusterImpl-b0bbc67e-6e78-4c8b-9c9f-814a2ca087f9/datanode-4/data/ratis/a9cf9c82-e9d9-4410-9875-0691fef5e878/current/raft-meta.conf (No such file or directory)
	at java.io.FileInputStream.open0(Native Method)
	at java.io.FileInputStream.open(FileInputStream.java:195)
	at java.io.FileInputStream.<init>(FileInputStream.java:138)
	at org.apache.ratis.server.storage.RaftStorage.readRaftConfiguration(RaftStorage.java:148)
	at org.apache.ratis.server.impl.ServerState.initStatemachine(ServerState.java:167)
	at org.apache.ratis.server.impl.ServerState.<init>(ServerState.java:112)
	at org.apache.ratis.server.impl.RaftServerImpl.<init>(RaftServerImpl.java:186)
	at org.apache.ratis.server.impl.RaftServerProxy.lambda$newRaftServerImpl$4(RaftServerProxy.java:264)
	at java.util.concurrent.CompletableFuture$AsyncSupply.run(CompletableFuture.java:1604)
	at java.util.concurrent.ThreadPoolExecutor.runWorker(ThreadPoolExecutor.java:1149)
	at java.util.concurrent.ThreadPoolExecutor$Worker.run(ThreadPoolExecutor.java:624)
	at java.lang.Thread.run(Thread.java:748)
2020-12-26 01:57:28,293 [EventQueue-PipelineReportForPipelineReportHandler] INFO  pipeline.PipelineStateManager (PipelineStateManager.java:openPipeline(132)) - Pipeline Pipeline[ Id: a9cf9c82-e9d9-4410-9875-0691fef5e878, Nodes: 8e16b57b-a520-4ff3-ab9c-70e7128aded3{ip: 172.17.0.2, host: 140068b710f1, networkLocation: /default-rack, certSerialId: null, persistedOpState: IN_SERVICE, persistedOpStateExpiryEpochSec: 0}, Type:RATIS, Factor:ONE, State:ALLOCATED, leaderId:8e16b57b-a520-4ff3-ab9c-70e7128aded3, CreationTimestamp2020-12-26T01:57:25.294Z] moved to OPEN state
2020-12-26 01:57:28,293 [EventQueue-PipelineReportForOneReplicaPipelineSafeModeRule] INFO  safemode.SCMSafeModeManager (SCMSafeModeManager.java:validateSafeModeExitRules(214)) - AtleastOneDatanodeReportedRule rule is successfully validated
2020-12-26 01:57:28,294 [EventQueue-OpenPipelineForHealthyPipelineSafeModeRule] INFO  safemode.SCMSafeModeManager (HealthyPipelineSafeModeRule.java:process(128)) - SCM in safe mode. Healthy pipelines reported count is 0, required healthy pipeline reported count is 1
2020-12-26 01:57:28,294 [pool-713-thread-1] INFO  server.RaftServerConfigKeys (ConfUtils.java:logGet(44)) - raft.server.notification.no-leader.timeout = 300000ms (custom)
2020-12-26 01:57:28,294 [pool-713-thread-1] INFO  server.RaftServerConfigKeys (ConfUtils.java:logGet(44)) - raft.server.log.use.memory = false (default)
2020-12-26 01:57:28,294 [pool-713-thread-1] INFO  server.RaftServerConfigKeys (ConfUtils.java:logGet(44)) - raft.server.log.purge.gap = 1000000 (custom)
2020-12-26 01:57:28,294 [pool-713-thread-1] INFO  metrics.RatisMetrics (RatisMetrics.java:lambda$create$0(36)) - Creating Metrics Registry : ratis.log_worker.8e16b57b-a520-4ff3-ab9c-70e7128aded3@group-0691FEF5E878
2020-12-26 01:57:28,294 [pool-713-thread-1] INFO  server.RaftServerConfigKeys (ConfUtils.java:logGet(44)) - raft.server.log.appender.buffer.byte-limit = 33554432 (custom)
2020-12-26 01:57:28,294 [pool-713-thread-1] INFO  server.RaftServerConfigKeys (ConfUtils.java:logGet(44)) - raft.server.log.segment.size.max = 1048576 (custom)
2020-12-26 01:57:28,295 [pool-713-thread-1] INFO  server.RaftServerConfigKeys (ConfUtils.java:logGet(44)) - raft.server.log.segment.cache.num.max = 2 (custom)
2020-12-26 01:57:28,295 [pool-713-thread-1] INFO  server.RaftServerConfigKeys (ConfUtils.java:logGet(44)) - raft.server.log.segment.cache.size.max = 200MB (=209715200) (default)
2020-12-26 01:57:28,295 [pool-713-thread-1] INFO  segmented.SegmentedRaftLogWorker (SegmentedRaftLogWorker.java:<init>(181)) - new 8e16b57b-a520-4ff3-ab9c-70e7128aded3@group-0691FEF5E878-SegmentedRaftLogWorker for RaftStorage:Storage Directory /github/workspace/mnt/ozone/hadoop-ozone/integration-test/target/test-dir/MiniOzoneClusterImpl-b0bbc67e-6e78-4c8b-9c9f-814a2ca087f9/datanode-4/data/ratis/a9cf9c82-e9d9-4410-9875-0691fef5e878
2020-12-26 01:57:28,295 [pool-713-thread-1] INFO  server.RaftServerConfigKeys (ConfUtils.java:logGet(44)) - raft.server.log.queue.byte-limit = 2147483647 (custom)
2020-12-26 01:57:28,295 [pool-713-thread-1] INFO  server.RaftServerConfigKeys (ConfUtils.java:logGet(44)) - raft.server.log.queue.element-limit = 1024 (custom)
2020-12-26 01:57:28,295 [pool-713-thread-1] INFO  server.RaftServerConfigKeys (ConfUtils.java:logGet(44)) - raft.server.log.segment.size.max = 1048576 (custom)
2020-12-26 01:57:28,295 [pool-713-thread-1] INFO  server.RaftServerConfigKeys (ConfUtils.java:logGet(44)) - raft.server.log.preallocated.size = 16384 (custom)
2020-12-26 01:57:28,295 [pool-713-thread-1] INFO  server.RaftServerConfigKeys (ConfUtils.java:logGet(44)) - raft.server.log.force.sync.num = 128 (default)
2020-12-26 01:57:28,295 [pool-713-thread-1] INFO  server.RaftServerConfigKeys (ConfUtils.java:logGet(44)) - raft.server.log.statemachine.data.sync = true (default)
2020-12-26 01:57:28,295 [pool-713-thread-1] INFO  server.RaftServerConfigKeys (ConfUtils.java:logGet(44)) - raft.server.log.statemachine.data.sync.timeout = 10s (default)
2020-12-26 01:57:28,295 [pool-713-thread-1] INFO  server.RaftServerConfigKeys (ConfUtils.java:logGet(44)) - raft.server.log.statemachine.data.sync.timeout.retry = -1 (default)
2020-12-26 01:57:28,297 [pool-713-thread-1] INFO  server.RaftServerConfigKeys (ConfUtils.java:logGet(44)) - raft.server.log.write.buffer.size = 1048576 (custom)
2020-12-26 01:57:28,297 [pool-713-thread-1] INFO  server.RaftServerConfigKeys (ConfUtils.java:logGet(44)) - raft.server.log.statemachine.data.caching.enabled = true (custom)
2020-12-26 01:57:28,297 [pool-713-thread-1] INFO  segmented.SegmentedRaftLogWorker (SegmentedRaftLogWorker.java:lambda$new$0(132)) - 8e16b57b-a520-4ff3-ab9c-70e7128aded3@group-0691FEF5E878-SegmentedRaftLogWorker: flushIndex: setUnconditionally 0 -> -1
2020-12-26 01:57:28,298 [pool-713-thread-1] INFO  segmented.SegmentedRaftLogWorker (SegmentedRaftLogWorker.java:lambda$new$0(132)) - 8e16b57b-a520-4ff3-ab9c-70e7128aded3@group-0691FEF5E878-SegmentedRaftLogWorker: safeCacheEvictIndex: setUnconditionally 0 -> -1
2020-12-26 01:57:28,298 [pool-713-thread-1] INFO  server.RaftServerConfigKeys (ConfUtils.java:logGet(44)) - raft.server.snapshot.auto.trigger.enabled = true (custom)
2020-12-26 01:57:28,298 [pool-713-thread-1] INFO  server.RaftServerConfigKeys (ConfUtils.java:logGet(44)) - raft.server.snapshot.auto.trigger.threshold = 10000 (custom)
2020-12-26 01:57:28,298 [pool-713-thread-1] INFO  server.RaftServerConfigKeys (ConfUtils.java:logGet(44)) - raft.server.snapshot.retention.file.num = 5 (custom)
2020-12-26 01:57:28,298 [pool-713-thread-1] INFO  server.RaftServerConfigKeys (ConfUtils.java:logGet(44)) - raft.server.log.purge.upto.snapshot.index = false (default)
2020-12-26 01:57:28,298 [pool-713-thread-1] INFO  server.RaftServerConfigKeys (ConfUtils.java:logGet(44)) - raft.server.retrycache.expirytime = 600000ms (custom)
2020-12-26 01:57:28,298 [pool-713-thread-1] INFO  server.RaftServerConfigKeys (ConfUtils.java:logGet(44)) - raft.server.retrycache.statistics.expirytime = 100?s (default)
2020-12-26 01:57:28,298 [pool-713-thread-1] INFO  metrics.RatisMetrics (RatisMetrics.java:lambda$create$0(36)) - Creating Metrics Registry : ratis.leader_election.8e16b57b-a520-4ff3-ab9c-70e7128aded3@group-0691FEF5E878
2020-12-26 01:57:28,299 [pool-713-thread-1] INFO  metrics.RatisMetrics (RatisMetrics.java:lambda$create$0(36)) - Creating Metrics Registry : ratis.server.8e16b57b-a520-4ff3-ab9c-70e7128aded3@group-0691FEF5E878
2020-12-26 01:57:28,300 [pool-713-thread-1] INFO  server.RaftServer$Division (RaftServerImpl.java:start(286)) - 8e16b57b-a520-4ff3-ab9c-70e7128aded3@group-0691FEF5E878: start as a follower, conf=-1: [8e16b57b-a520-4ff3-ab9c-70e7128aded3|rpc:172.17.0.2:33447], old=null
2020-12-26 01:57:28,300 [pool-713-thread-1] INFO  server.RaftServer$Division (RaftServerImpl.java:setRole(275)) - 8e16b57b-a520-4ff3-ab9c-70e7128aded3@group-0691FEF5E878: changes role from      null to FOLLOWER at term 0 for startAsFollower
2020-12-26 01:57:28,300 [pool-713-thread-1] INFO  impl.RoleInfo (RoleInfo.java:updateAndGet(130)) - 8e16b57b-a520-4ff3-ab9c-70e7128aded3: start 8e16b57b-a520-4ff3-ab9c-70e7128aded3@group-0691FEF5E878-FollowerState
2020-12-26 01:57:28,301 [pool-713-thread-1] INFO  util.JmxRegister (JmxRegister.java:tryRegister(44)) - Successfully registered JMX Bean with object name Ratis:service=RaftServer,group=group-0691FEF5E878,id=8e16b57b-a520-4ff3-ab9c-70e7128aded3
2020-12-26 01:57:28,301 [pool-713-thread-1] INFO  metrics.RatisMetrics (RatisMetrics.java:lambda$create$0(36)) - Creating Metrics Registry : ratis.state_machine.8e16b57b-a520-4ff3-ab9c-70e7128aded3@group-0691FEF5E878
2020-12-26 01:57:28,301 [Command processor thread] INFO  commandhandler.CreatePipelineCommandHandler (CreatePipelineCommandHandler.java:handle(106)) - Created Pipeline RATIS ONE PipelineID=a9cf9c82-e9d9-4410-9875-0691fef5e878.
2020-12-26 01:57:28,495 [Command processor thread] INFO  server.RaftServer (RaftServerProxy.java:addNew(93)) - 43af3075-460a-422d-a924-90885968f40d: addNew group-3A59AF69ED3C:[43af3075-460a-422d-a924-90885968f40d|rpc:172.17.0.2:44111] returns group-3A59AF69ED3C:java.util.concurrent.CompletableFuture@264e8d7[Not completed]
2020-12-26 01:57:28,496 [pool-730-thread-1] INFO  server.RaftServer$Division (RaftServerImpl.java:<init>(173)) - 43af3075-460a-422d-a924-90885968f40d: new RaftServerImpl for group-3A59AF69ED3C:[43af3075-460a-422d-a924-90885968f40d|rpc:172.17.0.2:44111] with ContainerStateMachine:uninitialized
2020-12-26 01:57:28,496 [pool-730-thread-1] INFO  server.RaftServerConfigKeys (ConfUtils.java:logGet(44)) - raft.server.rpc.timeout.min = 5s (custom)
2020-12-26 01:57:28,496 [pool-730-thread-1] INFO  server.RaftServerConfigKeys (ConfUtils.java:logGet(44)) - raft.server.rpc.timeout.max = 5200ms (custom)
2020-12-26 01:57:28,496 [pool-730-thread-1] INFO  server.RaftServerConfigKeys (ConfUtils.java:logGet(44)) - raft.server.rpc.sleep.time = 25ms (default)
2020-12-26 01:57:28,496 [pool-730-thread-1] INFO  server.RaftServerConfigKeys (ConfUtils.java:logGet(44)) - raft.server.rpc.slowness.timeout = 300000ms (custom)
2020-12-26 01:57:28,496 [pool-730-thread-1] INFO  server.RaftServerConfigKeys (ConfUtils.java:logGet(44)) - raft.server.leaderelection.leader.step-down.wait-time = 10s (default)
2020-12-26 01:57:28,497 [pool-730-thread-1] INFO  server.RaftServerConfigKeys (ConfUtils.java:logGet(44)) - raft.server.sleep.deviation.threshold = 300ms (default)
2020-12-26 01:57:28,497 [pool-730-thread-1] INFO  server.RaftServerConfigKeys (ConfUtils.java:logGet(44)) - raft.server.log.appender.install.snapshot.enabled = false (custom)
2020-12-26 01:57:28,497 [pool-730-thread-1] INFO  server.RaftServer$Division (ServerState.java:<init>(104)) - 43af3075-460a-422d-a924-90885968f40d@group-3A59AF69ED3C: ConfigurationManager, init=-1: [43af3075-460a-422d-a924-90885968f40d|rpc:172.17.0.2:44111], old=null, confs=<EMPTY_MAP>
2020-12-26 01:57:28,497 [pool-730-thread-1] INFO  server.RaftServerConfigKeys (ConfUtils.java:logGet(44)) - raft.server.storage.dir = [/github/workspace/mnt/ozone/hadoop-ozone/integration-test/target/test-dir/MiniOzoneClusterImpl-b0bbc67e-6e78-4c8b-9c9f-814a2ca087f9/datanode-5/data/ratis] (custom)
2020-12-26 01:57:28,497 [pool-730-thread-1] INFO  server.RaftServerConfigKeys (ConfUtils.java:logGet(44)) - raft.server.log.corruption.policy = EXCEPTION (default)
2020-12-26 01:57:28,497 [pool-730-thread-1] INFO  storage.RaftStorageDirectory (RaftStorageDirectory.java:analyzeStorage(260)) - The storage directory /github/workspace/mnt/ozone/hadoop-ozone/integration-test/target/test-dir/MiniOzoneClusterImpl-b0bbc67e-6e78-4c8b-9c9f-814a2ca087f9/datanode-5/data/ratis/776186a9-b666-4a88-b910-3a59af69ed3c does not exist. Creating ...
2020-12-26 01:57:28,499 [pool-730-thread-1] INFO  storage.RaftStorageDirectory (RaftStorageDirectory.java:tryLock(342)) - Lock on /github/workspace/mnt/ozone/hadoop-ozone/integration-test/target/test-dir/MiniOzoneClusterImpl-b0bbc67e-6e78-4c8b-9c9f-814a2ca087f9/datanode-5/data/ratis/776186a9-b666-4a88-b910-3a59af69ed3c/in_use.lock acquired by nodename 7066@140068b710f1
2020-12-26 01:57:28,500 [pool-730-thread-1] INFO  storage.RaftStorage (RaftStorage.java:format(89)) - Storage directory /github/workspace/mnt/ozone/hadoop-ozone/integration-test/target/test-dir/MiniOzoneClusterImpl-b0bbc67e-6e78-4c8b-9c9f-814a2ca087f9/datanode-5/data/ratis/776186a9-b666-4a88-b910-3a59af69ed3c has been successfully formatted.
2020-12-26 01:57:28,500 [pool-730-thread-1] INFO  ratis.ContainerStateMachine (ContainerStateMachine.java:loadSnapshot(223)) - group-3A59AF69ED3C: The snapshot info is null. Setting the last applied indexto:(t:0, i:~)
2020-12-26 01:57:28,500 [pool-730-thread-1] ERROR storage.RaftStorage (RaftStorage.java:readRaftConfiguration(152)) - Failed reading configuration from file:/github/workspace/mnt/ozone/hadoop-ozone/integration-test/target/test-dir/MiniOzoneClusterImpl-b0bbc67e-6e78-4c8b-9c9f-814a2ca087f9/datanode-5/data/ratis/776186a9-b666-4a88-b910-3a59af69ed3c/current/raft-meta.conf
java.io.FileNotFoundException: /github/workspace/mnt/ozone/hadoop-ozone/integration-test/target/test-dir/MiniOzoneClusterImpl-b0bbc67e-6e78-4c8b-9c9f-814a2ca087f9/datanode-5/data/ratis/776186a9-b666-4a88-b910-3a59af69ed3c/current/raft-meta.conf (No such file or directory)
	at java.io.FileInputStream.open0(Native Method)
	at java.io.FileInputStream.open(FileInputStream.java:195)
	at java.io.FileInputStream.<init>(FileInputStream.java:138)
	at org.apache.ratis.server.storage.RaftStorage.readRaftConfiguration(RaftStorage.java:148)
	at org.apache.ratis.server.impl.ServerState.initStatemachine(ServerState.java:167)
	at org.apache.ratis.server.impl.ServerState.<init>(ServerState.java:112)
	at org.apache.ratis.server.impl.RaftServerImpl.<init>(RaftServerImpl.java:186)
	at org.apache.ratis.server.impl.RaftServerProxy.lambda$newRaftServerImpl$4(RaftServerProxy.java:264)
	at java.util.concurrent.CompletableFuture$AsyncSupply.run(CompletableFuture.java:1604)
	at java.util.concurrent.ThreadPoolExecutor.runWorker(ThreadPoolExecutor.java:1149)
	at java.util.concurrent.ThreadPoolExecutor$Worker.run(ThreadPoolExecutor.java:624)
	at java.lang.Thread.run(Thread.java:748)
2020-12-26 01:57:28,501 [pool-730-thread-1] INFO  server.RaftServerConfigKeys (ConfUtils.java:logGet(44)) - raft.server.notification.no-leader.timeout = 300000ms (custom)
2020-12-26 01:57:28,501 [pool-730-thread-1] INFO  server.RaftServerConfigKeys (ConfUtils.java:logGet(44)) - raft.server.log.use.memory = false (default)
2020-12-26 01:57:28,501 [pool-730-thread-1] INFO  server.RaftServerConfigKeys (ConfUtils.java:logGet(44)) - raft.server.log.purge.gap = 1000000 (custom)
2020-12-26 01:57:28,501 [pool-730-thread-1] INFO  metrics.RatisMetrics (RatisMetrics.java:lambda$create$0(36)) - Creating Metrics Registry : ratis.log_worker.43af3075-460a-422d-a924-90885968f40d@group-3A59AF69ED3C
2020-12-26 01:57:28,501 [EventQueue-PipelineReportForPipelineReportHandler] INFO  pipeline.PipelineStateManager (PipelineStateManager.java:openPipeline(132)) - Pipeline Pipeline[ Id: 776186a9-b666-4a88-b910-3a59af69ed3c, Nodes: 43af3075-460a-422d-a924-90885968f40d{ip: 172.17.0.2, host: 140068b710f1, networkLocation: /default-rack, certSerialId: null, persistedOpState: IN_SERVICE, persistedOpStateExpiryEpochSec: 0}, Type:RATIS, Factor:ONE, State:ALLOCATED, leaderId:43af3075-460a-422d-a924-90885968f40d, CreationTimestamp2020-12-26T01:57:25.497Z] moved to OPEN state
2020-12-26 01:57:28,501 [pool-730-thread-1] INFO  server.RaftServerConfigKeys (ConfUtils.java:logGet(44)) - raft.server.log.appender.buffer.byte-limit = 33554432 (custom)
2020-12-26 01:57:28,501 [pool-730-thread-1] INFO  server.RaftServerConfigKeys (ConfUtils.java:logGet(44)) - raft.server.log.segment.size.max = 1048576 (custom)
2020-12-26 01:57:28,501 [EventQueue-OpenPipelineForHealthyPipelineSafeModeRule] INFO  safemode.SCMSafeModeManager (HealthyPipelineSafeModeRule.java:process(128)) - SCM in safe mode. Healthy pipelines reported count is 0, required healthy pipeline reported count is 1
2020-12-26 01:57:28,502 [EventQueue-PipelineReportForOneReplicaPipelineSafeModeRule] INFO  safemode.SCMSafeModeManager (SCMSafeModeManager.java:validateSafeModeExitRules(214)) - AtleastOneDatanodeReportedRule rule is successfully validated
2020-12-26 01:57:28,502 [pool-730-thread-1] INFO  server.RaftServerConfigKeys (ConfUtils.java:logGet(44)) - raft.server.log.segment.cache.num.max = 2 (custom)
2020-12-26 01:57:28,502 [pool-730-thread-1] INFO  server.RaftServerConfigKeys (ConfUtils.java:logGet(44)) - raft.server.log.segment.cache.size.max = 200MB (=209715200) (default)
2020-12-26 01:57:28,503 [pool-730-thread-1] INFO  segmented.SegmentedRaftLogWorker (SegmentedRaftLogWorker.java:<init>(181)) - new 43af3075-460a-422d-a924-90885968f40d@group-3A59AF69ED3C-SegmentedRaftLogWorker for RaftStorage:Storage Directory /github/workspace/mnt/ozone/hadoop-ozone/integration-test/target/test-dir/MiniOzoneClusterImpl-b0bbc67e-6e78-4c8b-9c9f-814a2ca087f9/datanode-5/data/ratis/776186a9-b666-4a88-b910-3a59af69ed3c
2020-12-26 01:57:28,503 [pool-730-thread-1] INFO  server.RaftServerConfigKeys (ConfUtils.java:logGet(44)) - raft.server.log.queue.byte-limit = 2147483647 (custom)
2020-12-26 01:57:28,503 [pool-730-thread-1] INFO  server.RaftServerConfigKeys (ConfUtils.java:logGet(44)) - raft.server.log.queue.element-limit = 1024 (custom)
2020-12-26 01:57:28,510 [pool-730-thread-1] INFO  server.RaftServerConfigKeys (ConfUtils.java:logGet(44)) - raft.server.log.segment.size.max = 1048576 (custom)
2020-12-26 01:57:28,510 [pool-730-thread-1] INFO  server.RaftServerConfigKeys (ConfUtils.java:logGet(44)) - raft.server.log.preallocated.size = 16384 (custom)
2020-12-26 01:57:28,510 [pool-730-thread-1] INFO  server.RaftServerConfigKeys (ConfUtils.java:logGet(44)) - raft.server.log.force.sync.num = 128 (default)
2020-12-26 01:57:28,510 [pool-730-thread-1] INFO  server.RaftServerConfigKeys (ConfUtils.java:logGet(44)) - raft.server.log.statemachine.data.sync = true (default)
2020-12-26 01:57:28,510 [pool-730-thread-1] INFO  server.RaftServerConfigKeys (ConfUtils.java:logGet(44)) - raft.server.log.statemachine.data.sync.timeout = 10s (default)
2020-12-26 01:57:28,510 [pool-730-thread-1] INFO  server.RaftServerConfigKeys (ConfUtils.java:logGet(44)) - raft.server.log.statemachine.data.sync.timeout.retry = -1 (default)
2020-12-26 01:57:28,512 [pool-730-thread-1] INFO  server.RaftServerConfigKeys (ConfUtils.java:logGet(44)) - raft.server.log.write.buffer.size = 1048576 (custom)
2020-12-26 01:57:28,512 [pool-730-thread-1] INFO  server.RaftServerConfigKeys (ConfUtils.java:logGet(44)) - raft.server.log.statemachine.data.caching.enabled = true (custom)
2020-12-26 01:57:28,512 [pool-730-thread-1] INFO  segmented.SegmentedRaftLogWorker (SegmentedRaftLogWorker.java:lambda$new$0(132)) - 43af3075-460a-422d-a924-90885968f40d@group-3A59AF69ED3C-SegmentedRaftLogWorker: flushIndex: setUnconditionally 0 -> -1
2020-12-26 01:57:28,512 [pool-730-thread-1] INFO  segmented.SegmentedRaftLogWorker (SegmentedRaftLogWorker.java:lambda$new$0(132)) - 43af3075-460a-422d-a924-90885968f40d@group-3A59AF69ED3C-SegmentedRaftLogWorker: safeCacheEvictIndex: setUnconditionally 0 -> -1
2020-12-26 01:57:28,513 [pool-730-thread-1] INFO  server.RaftServerConfigKeys (ConfUtils.java:logGet(44)) - raft.server.snapshot.auto.trigger.enabled = true (custom)
2020-12-26 01:57:28,513 [pool-730-thread-1] INFO  server.RaftServerConfigKeys (ConfUtils.java:logGet(44)) - raft.server.snapshot.auto.trigger.threshold = 10000 (custom)
2020-12-26 01:57:28,513 [pool-730-thread-1] INFO  server.RaftServerConfigKeys (ConfUtils.java:logGet(44)) - raft.server.snapshot.retention.file.num = 5 (custom)
2020-12-26 01:57:28,513 [pool-730-thread-1] INFO  server.RaftServerConfigKeys (ConfUtils.java:logGet(44)) - raft.server.log.purge.upto.snapshot.index = false (default)
2020-12-26 01:57:28,513 [pool-730-thread-1] INFO  server.RaftServerConfigKeys (ConfUtils.java:logGet(44)) - raft.server.retrycache.expirytime = 600000ms (custom)
2020-12-26 01:57:28,513 [pool-730-thread-1] INFO  server.RaftServerConfigKeys (ConfUtils.java:logGet(44)) - raft.server.retrycache.statistics.expirytime = 100?s (default)
2020-12-26 01:57:28,513 [pool-730-thread-1] INFO  metrics.RatisMetrics (RatisMetrics.java:lambda$create$0(36)) - Creating Metrics Registry : ratis.leader_election.43af3075-460a-422d-a924-90885968f40d@group-3A59AF69ED3C
2020-12-26 01:57:28,514 [pool-730-thread-1] INFO  metrics.RatisMetrics (RatisMetrics.java:lambda$create$0(36)) - Creating Metrics Registry : ratis.server.43af3075-460a-422d-a924-90885968f40d@group-3A59AF69ED3C
2020-12-26 01:57:28,515 [pool-730-thread-1] INFO  server.RaftServer$Division (RaftServerImpl.java:start(286)) - 43af3075-460a-422d-a924-90885968f40d@group-3A59AF69ED3C: start as a follower, conf=-1: [43af3075-460a-422d-a924-90885968f40d|rpc:172.17.0.2:44111], old=null
2020-12-26 01:57:28,515 [pool-730-thread-1] INFO  server.RaftServer$Division (RaftServerImpl.java:setRole(275)) - 43af3075-460a-422d-a924-90885968f40d@group-3A59AF69ED3C: changes role from      null to FOLLOWER at term 0 for startAsFollower
2020-12-26 01:57:28,515 [pool-730-thread-1] INFO  impl.RoleInfo (RoleInfo.java:updateAndGet(130)) - 43af3075-460a-422d-a924-90885968f40d: start 43af3075-460a-422d-a924-90885968f40d@group-3A59AF69ED3C-FollowerState
2020-12-26 01:57:28,516 [pool-730-thread-1] INFO  util.JmxRegister (JmxRegister.java:tryRegister(44)) - Successfully registered JMX Bean with object name Ratis:service=RaftServer,group=group-3A59AF69ED3C,id=43af3075-460a-422d-a924-90885968f40d
2020-12-26 01:57:28,516 [pool-730-thread-1] INFO  metrics.RatisMetrics (RatisMetrics.java:lambda$create$0(36)) - Creating Metrics Registry : ratis.state_machine.43af3075-460a-422d-a924-90885968f40d@group-3A59AF69ED3C
2020-12-26 01:57:28,523 [Command processor thread] INFO  commandhandler.CreatePipelineCommandHandler (CreatePipelineCommandHandler.java:handle(106)) - Created Pipeline RATIS ONE PipelineID=776186a9-b666-4a88-b910-3a59af69ed3c.
2020-12-26 01:57:28,570 [EventQueue-PipelineReportForOneReplicaPipelineSafeModeRule] INFO  safemode.SCMSafeModeManager (SCMSafeModeManager.java:validateSafeModeExitRules(214)) - AtleastOneDatanodeReportedRule rule is successfully validated
2020-12-26 01:57:28,571 [EventQueue-OpenPipelineForHealthyPipelineSafeModeRule] INFO  safemode.SCMSafeModeManager (HealthyPipelineSafeModeRule.java:process(128)) - SCM in safe mode. Healthy pipelines reported count is 0, required healthy pipeline reported count is 1
2020-12-26 01:57:28,681 [EventQueue-OpenPipelineForHealthyPipelineSafeModeRule] INFO  safemode.SCMSafeModeManager (HealthyPipelineSafeModeRule.java:process(128)) - SCM in safe mode. Healthy pipelines reported count is 0, required healthy pipeline reported count is 1
2020-12-26 01:57:28,681 [EventQueue-PipelineReportForOneReplicaPipelineSafeModeRule] INFO  safemode.SCMSafeModeManager (SCMSafeModeManager.java:validateSafeModeExitRules(214)) - AtleastOneDatanodeReportedRule rule is successfully validated
2020-12-26 01:57:28,688 [Listener at 127.0.0.1/40109] INFO  ozone.MiniOzoneClusterImpl (MiniOzoneClusterImpl.java:lambda$waitForClusterToBeReady$0(178)) - Nodes are ready. Got 7 of 7 DN Heartbeats.
2020-12-26 01:57:28,688 [Listener at 127.0.0.1/40109] INFO  ozone.MiniOzoneClusterImpl (MiniOzoneClusterImpl.java:lambda$waitForClusterToBeReady$0(181)) - Waiting for cluster to exit safe mode
2020-12-26 01:57:28,696 [Command processor thread] INFO  server.RaftServer (RaftServerProxy.java:addNew(93)) - 16d33d7f-de85-4153-a986-8f085dcb09ff: addNew group-3939299B193E:[16d33d7f-de85-4153-a986-8f085dcb09ff|rpc:172.17.0.2:35329] returns group-3939299B193E:java.util.concurrent.CompletableFuture@1f488589[Not completed]
2020-12-26 01:57:28,697 [pool-746-thread-1] INFO  server.RaftServer$Division (RaftServerImpl.java:<init>(173)) - 16d33d7f-de85-4153-a986-8f085dcb09ff: new RaftServerImpl for group-3939299B193E:[16d33d7f-de85-4153-a986-8f085dcb09ff|rpc:172.17.0.2:35329] with ContainerStateMachine:uninitialized
2020-12-26 01:57:28,697 [pool-746-thread-1] INFO  server.RaftServerConfigKeys (ConfUtils.java:logGet(44)) - raft.server.rpc.timeout.min = 5s (custom)
2020-12-26 01:57:28,697 [pool-746-thread-1] INFO  server.RaftServerConfigKeys (ConfUtils.java:logGet(44)) - raft.server.rpc.timeout.max = 5200ms (custom)
2020-12-26 01:57:28,697 [pool-746-thread-1] INFO  server.RaftServerConfigKeys (ConfUtils.java:logGet(44)) - raft.server.rpc.sleep.time = 25ms (default)
2020-12-26 01:57:28,697 [pool-746-thread-1] INFO  server.RaftServerConfigKeys (ConfUtils.java:logGet(44)) - raft.server.rpc.slowness.timeout = 300000ms (custom)
2020-12-26 01:57:28,697 [pool-746-thread-1] INFO  server.RaftServerConfigKeys (ConfUtils.java:logGet(44)) - raft.server.leaderelection.leader.step-down.wait-time = 10s (default)
2020-12-26 01:57:28,697 [pool-746-thread-1] INFO  server.RaftServerConfigKeys (ConfUtils.java:logGet(44)) - raft.server.sleep.deviation.threshold = 300ms (default)
2020-12-26 01:57:28,698 [pool-746-thread-1] INFO  server.RaftServerConfigKeys (ConfUtils.java:logGet(44)) - raft.server.log.appender.install.snapshot.enabled = false (custom)
2020-12-26 01:57:28,698 [pool-746-thread-1] INFO  server.RaftServer$Division (ServerState.java:<init>(104)) - 16d33d7f-de85-4153-a986-8f085dcb09ff@group-3939299B193E: ConfigurationManager, init=-1: [16d33d7f-de85-4153-a986-8f085dcb09ff|rpc:172.17.0.2:35329], old=null, confs=<EMPTY_MAP>
2020-12-26 01:57:28,698 [pool-746-thread-1] INFO  server.RaftServerConfigKeys (ConfUtils.java:logGet(44)) - raft.server.storage.dir = [/github/workspace/mnt/ozone/hadoop-ozone/integration-test/target/test-dir/MiniOzoneClusterImpl-b0bbc67e-6e78-4c8b-9c9f-814a2ca087f9/datanode-6/data/ratis] (custom)
2020-12-26 01:57:28,698 [pool-746-thread-1] INFO  server.RaftServerConfigKeys (ConfUtils.java:logGet(44)) - raft.server.log.corruption.policy = EXCEPTION (default)
2020-12-26 01:57:28,698 [pool-746-thread-1] INFO  storage.RaftStorageDirectory (RaftStorageDirectory.java:analyzeStorage(260)) - The storage directory /github/workspace/mnt/ozone/hadoop-ozone/integration-test/target/test-dir/MiniOzoneClusterImpl-b0bbc67e-6e78-4c8b-9c9f-814a2ca087f9/datanode-6/data/ratis/aa2f226f-b70b-4fe1-ae63-3939299b193e does not exist. Creating ...
2020-12-26 01:57:28,699 [pool-746-thread-1] INFO  storage.RaftStorageDirectory (RaftStorageDirectory.java:tryLock(342)) - Lock on /github/workspace/mnt/ozone/hadoop-ozone/integration-test/target/test-dir/MiniOzoneClusterImpl-b0bbc67e-6e78-4c8b-9c9f-814a2ca087f9/datanode-6/data/ratis/aa2f226f-b70b-4fe1-ae63-3939299b193e/in_use.lock acquired by nodename 7066@140068b710f1
2020-12-26 01:57:28,700 [pool-746-thread-1] INFO  storage.RaftStorage (RaftStorage.java:format(89)) - Storage directory /github/workspace/mnt/ozone/hadoop-ozone/integration-test/target/test-dir/MiniOzoneClusterImpl-b0bbc67e-6e78-4c8b-9c9f-814a2ca087f9/datanode-6/data/ratis/aa2f226f-b70b-4fe1-ae63-3939299b193e has been successfully formatted.
2020-12-26 01:57:28,700 [pool-746-thread-1] INFO  ratis.ContainerStateMachine (ContainerStateMachine.java:loadSnapshot(223)) - group-3939299B193E: The snapshot info is null. Setting the last applied indexto:(t:0, i:~)
2020-12-26 01:57:28,700 [pool-746-thread-1] ERROR storage.RaftStorage (RaftStorage.java:readRaftConfiguration(152)) - Failed reading configuration from file:/github/workspace/mnt/ozone/hadoop-ozone/integration-test/target/test-dir/MiniOzoneClusterImpl-b0bbc67e-6e78-4c8b-9c9f-814a2ca087f9/datanode-6/data/ratis/aa2f226f-b70b-4fe1-ae63-3939299b193e/current/raft-meta.conf
java.io.FileNotFoundException: /github/workspace/mnt/ozone/hadoop-ozone/integration-test/target/test-dir/MiniOzoneClusterImpl-b0bbc67e-6e78-4c8b-9c9f-814a2ca087f9/datanode-6/data/ratis/aa2f226f-b70b-4fe1-ae63-3939299b193e/current/raft-meta.conf (No such file or directory)
	at java.io.FileInputStream.open0(Native Method)
	at java.io.FileInputStream.open(FileInputStream.java:195)
	at java.io.FileInputStream.<init>(FileInputStream.java:138)
	at org.apache.ratis.server.storage.RaftStorage.readRaftConfiguration(RaftStorage.java:148)
	at org.apache.ratis.server.impl.ServerState.initStatemachine(ServerState.java:167)
	at org.apache.ratis.server.impl.ServerState.<init>(ServerState.java:112)
	at org.apache.ratis.server.impl.RaftServerImpl.<init>(RaftServerImpl.java:186)
	at org.apache.ratis.server.impl.RaftServerProxy.lambda$newRaftServerImpl$4(RaftServerProxy.java:264)
	at java.util.concurrent.CompletableFuture$AsyncSupply.run(CompletableFuture.java:1604)
	at java.util.concurrent.ThreadPoolExecutor.runWorker(ThreadPoolExecutor.java:1149)
	at java.util.concurrent.ThreadPoolExecutor$Worker.run(ThreadPoolExecutor.java:624)
	at java.lang.Thread.run(Thread.java:748)
2020-12-26 01:57:28,700 [pool-746-thread-1] INFO  server.RaftServerConfigKeys (ConfUtils.java:logGet(44)) - raft.server.notification.no-leader.timeout = 300000ms (custom)
2020-12-26 01:57:28,700 [EventQueue-PipelineReportForOneReplicaPipelineSafeModeRule] INFO  safemode.SCMSafeModeManager (SCMSafeModeManager.java:validateSafeModeExitRules(214)) - AtleastOneDatanodeReportedRule rule is successfully validated
2020-12-26 01:57:28,701 [pool-746-thread-1] INFO  server.RaftServerConfigKeys (ConfUtils.java:logGet(44)) - raft.server.log.use.memory = false (default)
2020-12-26 01:57:28,700 [EventQueue-PipelineReportForPipelineReportHandler] INFO  pipeline.PipelineStateManager (PipelineStateManager.java:openPipeline(132)) - Pipeline Pipeline[ Id: aa2f226f-b70b-4fe1-ae63-3939299b193e, Nodes: 16d33d7f-de85-4153-a986-8f085dcb09ff{ip: 172.17.0.2, host: 140068b710f1, networkLocation: /default-rack, certSerialId: null, persistedOpState: IN_SERVICE, persistedOpStateExpiryEpochSec: 0}, Type:RATIS, Factor:ONE, State:ALLOCATED, leaderId:16d33d7f-de85-4153-a986-8f085dcb09ff, CreationTimestamp2020-12-26T01:57:25.697Z] moved to OPEN state
2020-12-26 01:57:28,701 [pool-746-thread-1] INFO  server.RaftServerConfigKeys (ConfUtils.java:logGet(44)) - raft.server.log.purge.gap = 1000000 (custom)
2020-12-26 01:57:28,701 [pool-746-thread-1] INFO  metrics.RatisMetrics (RatisMetrics.java:lambda$create$0(36)) - Creating Metrics Registry : ratis.log_worker.16d33d7f-de85-4153-a986-8f085dcb09ff@group-3939299B193E
2020-12-26 01:57:28,701 [EventQueue-OpenPipelineForHealthyPipelineSafeModeRule] INFO  safemode.SCMSafeModeManager (HealthyPipelineSafeModeRule.java:process(128)) - SCM in safe mode. Healthy pipelines reported count is 0, required healthy pipeline reported count is 1
2020-12-26 01:57:28,701 [pool-746-thread-1] INFO  server.RaftServerConfigKeys (ConfUtils.java:logGet(44)) - raft.server.log.appender.buffer.byte-limit = 33554432 (custom)
2020-12-26 01:57:28,701 [pool-746-thread-1] INFO  server.RaftServerConfigKeys (ConfUtils.java:logGet(44)) - raft.server.log.segment.size.max = 1048576 (custom)
2020-12-26 01:57:28,702 [pool-746-thread-1] INFO  server.RaftServerConfigKeys (ConfUtils.java:logGet(44)) - raft.server.log.segment.cache.num.max = 2 (custom)
2020-12-26 01:57:28,702 [pool-746-thread-1] INFO  server.RaftServerConfigKeys (ConfUtils.java:logGet(44)) - raft.server.log.segment.cache.size.max = 200MB (=209715200) (default)
2020-12-26 01:57:28,702 [pool-746-thread-1] INFO  segmented.SegmentedRaftLogWorker (SegmentedRaftLogWorker.java:<init>(181)) - new 16d33d7f-de85-4153-a986-8f085dcb09ff@group-3939299B193E-SegmentedRaftLogWorker for RaftStorage:Storage Directory /github/workspace/mnt/ozone/hadoop-ozone/integration-test/target/test-dir/MiniOzoneClusterImpl-b0bbc67e-6e78-4c8b-9c9f-814a2ca087f9/datanode-6/data/ratis/aa2f226f-b70b-4fe1-ae63-3939299b193e
2020-12-26 01:57:28,702 [pool-746-thread-1] INFO  server.RaftServerConfigKeys (ConfUtils.java:logGet(44)) - raft.server.log.queue.byte-limit = 2147483647 (custom)
2020-12-26 01:57:28,702 [pool-746-thread-1] INFO  server.RaftServerConfigKeys (ConfUtils.java:logGet(44)) - raft.server.log.queue.element-limit = 1024 (custom)
2020-12-26 01:57:28,702 [pool-746-thread-1] INFO  server.RaftServerConfigKeys (ConfUtils.java:logGet(44)) - raft.server.log.segment.size.max = 1048576 (custom)
2020-12-26 01:57:28,702 [pool-746-thread-1] INFO  server.RaftServerConfigKeys (ConfUtils.java:logGet(44)) - raft.server.log.preallocated.size = 16384 (custom)
2020-12-26 01:57:28,702 [pool-746-thread-1] INFO  server.RaftServerConfigKeys (ConfUtils.java:logGet(44)) - raft.server.log.force.sync.num = 128 (default)
2020-12-26 01:57:28,702 [pool-746-thread-1] INFO  server.RaftServerConfigKeys (ConfUtils.java:logGet(44)) - raft.server.log.statemachine.data.sync = true (default)
2020-12-26 01:57:28,702 [pool-746-thread-1] INFO  server.RaftServerConfigKeys (ConfUtils.java:logGet(44)) - raft.server.log.statemachine.data.sync.timeout = 10s (default)
2020-12-26 01:57:28,702 [pool-746-thread-1] INFO  server.RaftServerConfigKeys (ConfUtils.java:logGet(44)) - raft.server.log.statemachine.data.sync.timeout.retry = -1 (default)
2020-12-26 01:57:28,704 [pool-746-thread-1] INFO  server.RaftServerConfigKeys (ConfUtils.java:logGet(44)) - raft.server.log.write.buffer.size = 1048576 (custom)
2020-12-26 01:57:28,705 [pool-746-thread-1] INFO  server.RaftServerConfigKeys (ConfUtils.java:logGet(44)) - raft.server.log.statemachine.data.caching.enabled = true (custom)
2020-12-26 01:57:28,705 [pool-746-thread-1] INFO  segmented.SegmentedRaftLogWorker (SegmentedRaftLogWorker.java:lambda$new$0(132)) - 16d33d7f-de85-4153-a986-8f085dcb09ff@group-3939299B193E-SegmentedRaftLogWorker: flushIndex: setUnconditionally 0 -> -1
2020-12-26 01:57:28,705 [pool-746-thread-1] INFO  segmented.SegmentedRaftLogWorker (SegmentedRaftLogWorker.java:lambda$new$0(132)) - 16d33d7f-de85-4153-a986-8f085dcb09ff@group-3939299B193E-SegmentedRaftLogWorker: safeCacheEvictIndex: setUnconditionally 0 -> -1
2020-12-26 01:57:28,705 [pool-746-thread-1] INFO  server.RaftServerConfigKeys (ConfUtils.java:logGet(44)) - raft.server.snapshot.auto.trigger.enabled = true (custom)
2020-12-26 01:57:28,705 [pool-746-thread-1] INFO  server.RaftServerConfigKeys (ConfUtils.java:logGet(44)) - raft.server.snapshot.auto.trigger.threshold = 10000 (custom)
2020-12-26 01:57:28,705 [pool-746-thread-1] INFO  server.RaftServerConfigKeys (ConfUtils.java:logGet(44)) - raft.server.snapshot.retention.file.num = 5 (custom)
2020-12-26 01:57:28,705 [pool-746-thread-1] INFO  server.RaftServerConfigKeys (ConfUtils.java:logGet(44)) - raft.server.log.purge.upto.snapshot.index = false (default)
2020-12-26 01:57:28,705 [pool-746-thread-1] INFO  server.RaftServerConfigKeys (ConfUtils.java:logGet(44)) - raft.server.retrycache.expirytime = 600000ms (custom)
2020-12-26 01:57:28,705 [pool-746-thread-1] INFO  server.RaftServerConfigKeys (ConfUtils.java:logGet(44)) - raft.server.retrycache.statistics.expirytime = 100?s (default)
2020-12-26 01:57:28,706 [pool-746-thread-1] INFO  metrics.RatisMetrics (RatisMetrics.java:lambda$create$0(36)) - Creating Metrics Registry : ratis.leader_election.16d33d7f-de85-4153-a986-8f085dcb09ff@group-3939299B193E
2020-12-26 01:57:28,706 [pool-746-thread-1] INFO  metrics.RatisMetrics (RatisMetrics.java:lambda$create$0(36)) - Creating Metrics Registry : ratis.server.16d33d7f-de85-4153-a986-8f085dcb09ff@group-3939299B193E
2020-12-26 01:57:28,708 [pool-746-thread-1] INFO  server.RaftServer$Division (RaftServerImpl.java:start(286)) - 16d33d7f-de85-4153-a986-8f085dcb09ff@group-3939299B193E: start as a follower, conf=-1: [16d33d7f-de85-4153-a986-8f085dcb09ff|rpc:172.17.0.2:35329], old=null
2020-12-26 01:57:28,708 [pool-746-thread-1] INFO  server.RaftServer$Division (RaftServerImpl.java:setRole(275)) - 16d33d7f-de85-4153-a986-8f085dcb09ff@group-3939299B193E: changes role from      null to FOLLOWER at term 0 for startAsFollower
2020-12-26 01:57:28,708 [pool-746-thread-1] INFO  impl.RoleInfo (RoleInfo.java:updateAndGet(130)) - 16d33d7f-de85-4153-a986-8f085dcb09ff: start 16d33d7f-de85-4153-a986-8f085dcb09ff@group-3939299B193E-FollowerState
2020-12-26 01:57:28,708 [pool-746-thread-1] INFO  util.JmxRegister (JmxRegister.java:tryRegister(44)) - Successfully registered JMX Bean with object name Ratis:service=RaftServer,group=group-3939299B193E,id=16d33d7f-de85-4153-a986-8f085dcb09ff
2020-12-26 01:57:28,708 [pool-746-thread-1] INFO  metrics.RatisMetrics (RatisMetrics.java:lambda$create$0(36)) - Creating Metrics Registry : ratis.state_machine.16d33d7f-de85-4153-a986-8f085dcb09ff@group-3939299B193E
2020-12-26 01:57:28,709 [Command processor thread] INFO  commandhandler.CreatePipelineCommandHandler (CreatePipelineCommandHandler.java:handle(106)) - Created Pipeline RATIS ONE PipelineID=aa2f226f-b70b-4fe1-ae63-3939299b193e.
2020-12-26 01:57:28,883 [EventQueue-PipelineReportForOneReplicaPipelineSafeModeRule] INFO  safemode.SCMSafeModeManager (SCMSafeModeManager.java:validateSafeModeExitRules(214)) - AtleastOneDatanodeReportedRule rule is successfully validated
2020-12-26 01:57:28,883 [EventQueue-OpenPipelineForHealthyPipelineSafeModeRule] INFO  safemode.SCMSafeModeManager (HealthyPipelineSafeModeRule.java:process(128)) - SCM in safe mode. Healthy pipelines reported count is 0, required healthy pipeline reported count is 1
2020-12-26 01:57:29,202 [EventQueue-PipelineReportForOneReplicaPipelineSafeModeRule] INFO  safemode.SCMSafeModeManager (SCMSafeModeManager.java:validateSafeModeExitRules(214)) - AtleastOneDatanodeReportedRule rule is successfully validated
2020-12-26 01:57:29,202 [EventQueue-OpenPipelineForHealthyPipelineSafeModeRule] INFO  safemode.SCMSafeModeManager (HealthyPipelineSafeModeRule.java:process(128)) - SCM in safe mode. Healthy pipelines reported count is 0, required healthy pipeline reported count is 1
2020-12-26 01:57:29,293 [EventQueue-OpenPipelineForHealthyPipelineSafeModeRule] INFO  safemode.SCMSafeModeManager (HealthyPipelineSafeModeRule.java:process(128)) - SCM in safe mode. Healthy pipelines reported count is 0, required healthy pipeline reported count is 1
2020-12-26 01:57:29,293 [EventQueue-PipelineReportForOneReplicaPipelineSafeModeRule] INFO  safemode.SCMSafeModeManager (SCMSafeModeManager.java:validateSafeModeExitRules(214)) - AtleastOneDatanodeReportedRule rule is successfully validated
2020-12-26 01:57:29,500 [EventQueue-PipelineReportForOneReplicaPipelineSafeModeRule] INFO  safemode.SCMSafeModeManager (SCMSafeModeManager.java:validateSafeModeExitRules(214)) - AtleastOneDatanodeReportedRule rule is successfully validated
2020-12-26 01:57:29,501 [EventQueue-OpenPipelineForHealthyPipelineSafeModeRule] INFO  safemode.SCMSafeModeManager (HealthyPipelineSafeModeRule.java:process(128)) - SCM in safe mode. Healthy pipelines reported count is 0, required healthy pipeline reported count is 1
2020-12-26 01:57:29,571 [EventQueue-OpenPipelineForHealthyPipelineSafeModeRule] INFO  safemode.SCMSafeModeManager (HealthyPipelineSafeModeRule.java:process(128)) - SCM in safe mode. Healthy pipelines reported count is 0, required healthy pipeline reported count is 1
2020-12-26 01:57:29,571 [EventQueue-PipelineReportForOneReplicaPipelineSafeModeRule] INFO  safemode.SCMSafeModeManager (SCMSafeModeManager.java:validateSafeModeExitRules(214)) - AtleastOneDatanodeReportedRule rule is successfully validated
2020-12-26 01:57:29,681 [EventQueue-PipelineReportForOneReplicaPipelineSafeModeRule] INFO  safemode.SCMSafeModeManager (SCMSafeModeManager.java:validateSafeModeExitRules(214)) - AtleastOneDatanodeReportedRule rule is successfully validated
2020-12-26 01:57:29,681 [EventQueue-OpenPipelineForHealthyPipelineSafeModeRule] INFO  safemode.SCMSafeModeManager (HealthyPipelineSafeModeRule.java:process(128)) - SCM in safe mode. Healthy pipelines reported count is 0, required healthy pipeline reported count is 1
2020-12-26 01:57:29,688 [Listener at 127.0.0.1/40109] INFO  ozone.MiniOzoneClusterImpl (MiniOzoneClusterImpl.java:lambda$waitForClusterToBeReady$0(178)) - Nodes are ready. Got 7 of 7 DN Heartbeats.
2020-12-26 01:57:29,688 [Listener at 127.0.0.1/40109] INFO  ozone.MiniOzoneClusterImpl (MiniOzoneClusterImpl.java:lambda$waitForClusterToBeReady$0(181)) - Waiting for cluster to exit safe mode
2020-12-26 01:57:29,701 [EventQueue-PipelineReportForOneReplicaPipelineSafeModeRule] INFO  safemode.SCMSafeModeManager (SCMSafeModeManager.java:validateSafeModeExitRules(214)) - AtleastOneDatanodeReportedRule rule is successfully validated
2020-12-26 01:57:29,701 [EventQueue-OpenPipelineForHealthyPipelineSafeModeRule] INFO  safemode.SCMSafeModeManager (HealthyPipelineSafeModeRule.java:process(128)) - SCM in safe mode. Healthy pipelines reported count is 0, required healthy pipeline reported count is 1
2020-12-26 01:57:29,883 [EventQueue-PipelineReportForOneReplicaPipelineSafeModeRule] INFO  safemode.SCMSafeModeManager (SCMSafeModeManager.java:validateSafeModeExitRules(214)) - AtleastOneDatanodeReportedRule rule is successfully validated
2020-12-26 01:57:29,883 [EventQueue-OpenPipelineForHealthyPipelineSafeModeRule] INFO  safemode.SCMSafeModeManager (HealthyPipelineSafeModeRule.java:process(128)) - SCM in safe mode. Healthy pipelines reported count is 0, required healthy pipeline reported count is 1
2020-12-26 01:57:30,202 [EventQueue-PipelineReportForOneReplicaPipelineSafeModeRule] INFO  safemode.SCMSafeModeManager (SCMSafeModeManager.java:validateSafeModeExitRules(214)) - AtleastOneDatanodeReportedRule rule is successfully validated
2020-12-26 01:57:30,202 [EventQueue-OpenPipelineForHealthyPipelineSafeModeRule] INFO  safemode.SCMSafeModeManager (HealthyPipelineSafeModeRule.java:process(128)) - SCM in safe mode. Healthy pipelines reported count is 0, required healthy pipeline reported count is 1
2020-12-26 01:57:30,293 [EventQueue-PipelineReportForOneReplicaPipelineSafeModeRule] INFO  safemode.SCMSafeModeManager (SCMSafeModeManager.java:validateSafeModeExitRules(214)) - AtleastOneDatanodeReportedRule rule is successfully validated
2020-12-26 01:57:30,293 [EventQueue-OpenPipelineForHealthyPipelineSafeModeRule] INFO  safemode.SCMSafeModeManager (HealthyPipelineSafeModeRule.java:process(128)) - SCM in safe mode. Healthy pipelines reported count is 0, required healthy pipeline reported count is 1
2020-12-26 01:57:30,500 [EventQueue-OpenPipelineForHealthyPipelineSafeModeRule] INFO  safemode.SCMSafeModeManager (HealthyPipelineSafeModeRule.java:process(128)) - SCM in safe mode. Healthy pipelines reported count is 0, required healthy pipeline reported count is 1
2020-12-26 01:57:30,500 [EventQueue-PipelineReportForOneReplicaPipelineSafeModeRule] INFO  safemode.SCMSafeModeManager (SCMSafeModeManager.java:validateSafeModeExitRules(214)) - AtleastOneDatanodeReportedRule rule is successfully validated
2020-12-26 01:57:30,571 [EventQueue-PipelineReportForOneReplicaPipelineSafeModeRule] INFO  safemode.SCMSafeModeManager (SCMSafeModeManager.java:validateSafeModeExitRules(214)) - AtleastOneDatanodeReportedRule rule is successfully validated
2020-12-26 01:57:30,571 [EventQueue-OpenPipelineForHealthyPipelineSafeModeRule] INFO  safemode.SCMSafeModeManager (HealthyPipelineSafeModeRule.java:process(128)) - SCM in safe mode. Healthy pipelines reported count is 0, required healthy pipeline reported count is 1
2020-12-26 01:57:30,681 [EventQueue-PipelineReportForOneReplicaPipelineSafeModeRule] INFO  safemode.SCMSafeModeManager (SCMSafeModeManager.java:validateSafeModeExitRules(214)) - AtleastOneDatanodeReportedRule rule is successfully validated
2020-12-26 01:57:30,681 [EventQueue-OpenPipelineForHealthyPipelineSafeModeRule] INFO  safemode.SCMSafeModeManager (HealthyPipelineSafeModeRule.java:process(128)) - SCM in safe mode. Healthy pipelines reported count is 0, required healthy pipeline reported count is 1
2020-12-26 01:57:30,688 [Listener at 127.0.0.1/40109] INFO  ozone.MiniOzoneClusterImpl (MiniOzoneClusterImpl.java:lambda$waitForClusterToBeReady$0(178)) - Nodes are ready. Got 7 of 7 DN Heartbeats.
2020-12-26 01:57:30,689 [Listener at 127.0.0.1/40109] INFO  ozone.MiniOzoneClusterImpl (MiniOzoneClusterImpl.java:lambda$waitForClusterToBeReady$0(181)) - Waiting for cluster to exit safe mode
2020-12-26 01:57:30,701 [EventQueue-PipelineReportForOneReplicaPipelineSafeModeRule] INFO  safemode.SCMSafeModeManager (SCMSafeModeManager.java:validateSafeModeExitRules(214)) - AtleastOneDatanodeReportedRule rule is successfully validated
2020-12-26 01:57:30,701 [EventQueue-OpenPipelineForHealthyPipelineSafeModeRule] INFO  safemode.SCMSafeModeManager (HealthyPipelineSafeModeRule.java:process(128)) - SCM in safe mode. Healthy pipelines reported count is 0, required healthy pipeline reported count is 1
2020-12-26 01:57:30,882 [EventQueue-PipelineReportForOneReplicaPipelineSafeModeRule] INFO  safemode.SCMSafeModeManager (SCMSafeModeManager.java:validateSafeModeExitRules(214)) - AtleastOneDatanodeReportedRule rule is successfully validated
2020-12-26 01:57:30,882 [EventQueue-OpenPipelineForHealthyPipelineSafeModeRule] INFO  safemode.SCMSafeModeManager (HealthyPipelineSafeModeRule.java:process(128)) - SCM in safe mode. Healthy pipelines reported count is 0, required healthy pipeline reported count is 1
2020-12-26 01:57:31,201 [EventQueue-PipelineReportForOneReplicaPipelineSafeModeRule] INFO  safemode.SCMSafeModeManager (SCMSafeModeManager.java:validateSafeModeExitRules(214)) - AtleastOneDatanodeReportedRule rule is successfully validated
2020-12-26 01:57:31,201 [EventQueue-OpenPipelineForHealthyPipelineSafeModeRule] INFO  safemode.SCMSafeModeManager (HealthyPipelineSafeModeRule.java:process(128)) - SCM in safe mode. Healthy pipelines reported count is 0, required healthy pipeline reported count is 1
2020-12-26 01:57:31,292 [EventQueue-PipelineReportForOneReplicaPipelineSafeModeRule] INFO  safemode.SCMSafeModeManager (SCMSafeModeManager.java:validateSafeModeExitRules(214)) - AtleastOneDatanodeReportedRule rule is successfully validated
2020-12-26 01:57:31,293 [EventQueue-OpenPipelineForHealthyPipelineSafeModeRule] INFO  safemode.SCMSafeModeManager (HealthyPipelineSafeModeRule.java:process(128)) - SCM in safe mode. Healthy pipelines reported count is 0, required healthy pipeline reported count is 1
2020-12-26 01:57:31,501 [EventQueue-PipelineReportForOneReplicaPipelineSafeModeRule] INFO  safemode.SCMSafeModeManager (SCMSafeModeManager.java:validateSafeModeExitRules(214)) - AtleastOneDatanodeReportedRule rule is successfully validated
2020-12-26 01:57:31,501 [EventQueue-OpenPipelineForHealthyPipelineSafeModeRule] INFO  safemode.SCMSafeModeManager (HealthyPipelineSafeModeRule.java:process(128)) - SCM in safe mode. Healthy pipelines reported count is 0, required healthy pipeline reported count is 1
2020-12-26 01:57:31,571 [EventQueue-PipelineReportForOneReplicaPipelineSafeModeRule] INFO  safemode.SCMSafeModeManager (SCMSafeModeManager.java:validateSafeModeExitRules(214)) - AtleastOneDatanodeReportedRule rule is successfully validated
2020-12-26 01:57:31,571 [EventQueue-OpenPipelineForHealthyPipelineSafeModeRule] INFO  safemode.SCMSafeModeManager (HealthyPipelineSafeModeRule.java:process(128)) - SCM in safe mode. Healthy pipelines reported count is 0, required healthy pipeline reported count is 1
2020-12-26 01:57:31,681 [EventQueue-PipelineReportForOneReplicaPipelineSafeModeRule] INFO  safemode.SCMSafeModeManager (SCMSafeModeManager.java:validateSafeModeExitRules(214)) - AtleastOneDatanodeReportedRule rule is successfully validated
2020-12-26 01:57:31,682 [EventQueue-OpenPipelineForHealthyPipelineSafeModeRule] INFO  safemode.SCMSafeModeManager (HealthyPipelineSafeModeRule.java:process(128)) - SCM in safe mode. Healthy pipelines reported count is 0, required healthy pipeline reported count is 1
2020-12-26 01:57:31,689 [Listener at 127.0.0.1/40109] INFO  ozone.MiniOzoneClusterImpl (MiniOzoneClusterImpl.java:lambda$waitForClusterToBeReady$0(178)) - Nodes are ready. Got 7 of 7 DN Heartbeats.
2020-12-26 01:57:31,689 [Listener at 127.0.0.1/40109] INFO  ozone.MiniOzoneClusterImpl (MiniOzoneClusterImpl.java:lambda$waitForClusterToBeReady$0(181)) - Waiting for cluster to exit safe mode
2020-12-26 01:57:31,701 [EventQueue-PipelineReportForOneReplicaPipelineSafeModeRule] INFO  safemode.SCMSafeModeManager (SCMSafeModeManager.java:validateSafeModeExitRules(214)) - AtleastOneDatanodeReportedRule rule is successfully validated
2020-12-26 01:57:31,701 [EventQueue-OpenPipelineForHealthyPipelineSafeModeRule] INFO  safemode.SCMSafeModeManager (HealthyPipelineSafeModeRule.java:process(128)) - SCM in safe mode. Healthy pipelines reported count is 0, required healthy pipeline reported count is 1
2020-12-26 01:57:31,883 [EventQueue-PipelineReportForOneReplicaPipelineSafeModeRule] INFO  safemode.SCMSafeModeManager (SCMSafeModeManager.java:validateSafeModeExitRules(214)) - AtleastOneDatanodeReportedRule rule is successfully validated
2020-12-26 01:57:31,883 [EventQueue-OpenPipelineForHealthyPipelineSafeModeRule] INFO  safemode.SCMSafeModeManager (HealthyPipelineSafeModeRule.java:process(128)) - SCM in safe mode. Healthy pipelines reported count is 0, required healthy pipeline reported count is 1
2020-12-26 01:57:32,201 [EventQueue-PipelineReportForOneReplicaPipelineSafeModeRule] INFO  safemode.SCMSafeModeManager (SCMSafeModeManager.java:validateSafeModeExitRules(214)) - AtleastOneDatanodeReportedRule rule is successfully validated
2020-12-26 01:57:32,202 [EventQueue-OpenPipelineForHealthyPipelineSafeModeRule] INFO  safemode.SCMSafeModeManager (HealthyPipelineSafeModeRule.java:process(128)) - SCM in safe mode. Healthy pipelines reported count is 0, required healthy pipeline reported count is 1
2020-12-26 01:57:32,292 [EventQueue-PipelineReportForOneReplicaPipelineSafeModeRule] INFO  safemode.SCMSafeModeManager (SCMSafeModeManager.java:validateSafeModeExitRules(214)) - AtleastOneDatanodeReportedRule rule is successfully validated
2020-12-26 01:57:32,293 [EventQueue-OpenPipelineForHealthyPipelineSafeModeRule] INFO  safemode.SCMSafeModeManager (HealthyPipelineSafeModeRule.java:process(128)) - SCM in safe mode. Healthy pipelines reported count is 0, required healthy pipeline reported count is 1
2020-12-26 01:57:32,501 [EventQueue-PipelineReportForOneReplicaPipelineSafeModeRule] INFO  safemode.SCMSafeModeManager (SCMSafeModeManager.java:validateSafeModeExitRules(214)) - AtleastOneDatanodeReportedRule rule is successfully validated
2020-12-26 01:57:32,501 [EventQueue-OpenPipelineForHealthyPipelineSafeModeRule] INFO  safemode.SCMSafeModeManager (HealthyPipelineSafeModeRule.java:process(128)) - SCM in safe mode. Healthy pipelines reported count is 0, required healthy pipeline reported count is 1
2020-12-26 01:57:32,572 [EventQueue-OpenPipelineForHealthyPipelineSafeModeRule] INFO  safemode.SCMSafeModeManager (HealthyPipelineSafeModeRule.java:process(128)) - SCM in safe mode. Healthy pipelines reported count is 0, required healthy pipeline reported count is 1
2020-12-26 01:57:32,572 [EventQueue-PipelineReportForOneReplicaPipelineSafeModeRule] INFO  safemode.SCMSafeModeManager (SCMSafeModeManager.java:validateSafeModeExitRules(214)) - AtleastOneDatanodeReportedRule rule is successfully validated
2020-12-26 01:57:32,630 [Thread-2504] INFO  impl.FollowerState (FollowerState.java:run(133)) - 03a4ab30-7c3b-428c-926c-31d823ed78af@group-BE28A4447053-FollowerState: change to CANDIDATE, lastRpcElapsedTime:5101261368ns, electionTimeout:5100ms
2020-12-26 01:57:32,630 [Thread-2504] INFO  impl.RoleInfo (RoleInfo.java:shutdownFollowerState(108)) - 03a4ab30-7c3b-428c-926c-31d823ed78af: shutdown 03a4ab30-7c3b-428c-926c-31d823ed78af@group-BE28A4447053-FollowerState
2020-12-26 01:57:32,630 [Thread-2504] INFO  server.RaftServer$Division (RaftServerImpl.java:setRole(275)) - 03a4ab30-7c3b-428c-926c-31d823ed78af@group-BE28A4447053: changes role from  FOLLOWER to CANDIDATE at term 0 for changeToCandidate
2020-12-26 01:57:32,630 [Thread-2504] INFO  impl.RoleInfo (RoleInfo.java:updateAndGet(130)) - 03a4ab30-7c3b-428c-926c-31d823ed78af: start 03a4ab30-7c3b-428c-926c-31d823ed78af@group-BE28A4447053-LeaderElection66
2020-12-26 01:57:32,634 [03a4ab30-7c3b-428c-926c-31d823ed78af@group-BE28A4447053-LeaderElection66] INFO  impl.LeaderElection (LeaderElection.java:askForVotes(219)) - 03a4ab30-7c3b-428c-926c-31d823ed78af@group-BE28A4447053-LeaderElection66: begin an election at term 1 for -1: [a9229adb-278c-43ef-9666-e3cbf980c0ea|rpc:172.17.0.2:43985|dataStream:, 03a4ab30-7c3b-428c-926c-31d823ed78af|rpc:172.17.0.2:35853|dataStream:, c7c2d1d0-24bf-4086-b8ac-f9c9c7e07f42|rpc:172.17.0.2:44251|dataStream:], old=null
2020-12-26 01:57:32,640 [grpc-default-executor-6] INFO  server.RaftServer$Division (RaftServerImpl.java:setRole(275)) - a9229adb-278c-43ef-9666-e3cbf980c0ea@group-BE28A4447053: changes role from  FOLLOWER to FOLLOWER at term 1 for recognizeCandidate:03a4ab30-7c3b-428c-926c-31d823ed78af
2020-12-26 01:57:32,640 [grpc-default-executor-6] INFO  impl.RoleInfo (RoleInfo.java:shutdownFollowerState(108)) - a9229adb-278c-43ef-9666-e3cbf980c0ea: shutdown a9229adb-278c-43ef-9666-e3cbf980c0ea@group-BE28A4447053-FollowerState
2020-12-26 01:57:32,641 [grpc-default-executor-6] INFO  impl.RoleInfo (RoleInfo.java:updateAndGet(130)) - a9229adb-278c-43ef-9666-e3cbf980c0ea: start a9229adb-278c-43ef-9666-e3cbf980c0ea@group-BE28A4447053-FollowerState
2020-12-26 01:57:32,641 [Thread-2507] INFO  impl.FollowerState (FollowerState.java:run(142)) - a9229adb-278c-43ef-9666-e3cbf980c0ea@group-BE28A4447053-FollowerState was interrupted: {}
java.lang.InterruptedException: sleep interrupted
	at java.lang.Thread.sleep(Native Method)
	at java.lang.Thread.sleep(Thread.java:340)
	at java.util.concurrent.TimeUnit.sleep(TimeUnit.java:386)
	at org.apache.ratis.util.TimeDuration.sleep(TimeDuration.java:319)
	at org.apache.ratis.util.TimeDuration.sleep(TimeDuration.java:304)
	at org.apache.ratis.server.impl.FollowerState.run(FollowerState.java:117)
2020-12-26 01:57:32,641 [grpc-default-executor-6] INFO  server.RaftServer$Division (RaftServerImpl.java:requestVote(983)) -  FOLLOWER a9229adb-278c-43ef-9666-e3cbf980c0ea@group-BE28A4447053:t1, leader=null, voted=null, raftlog=a9229adb-278c-43ef-9666-e3cbf980c0ea@group-BE28A4447053-SegmentedRaftLog:OPENED:c-1,f-1,i0, conf=-1: [a9229adb-278c-43ef-9666-e3cbf980c0ea|rpc:172.17.0.2:43985|dataStream:, 03a4ab30-7c3b-428c-926c-31d823ed78af|rpc:172.17.0.2:35853|dataStream:, c7c2d1d0-24bf-4086-b8ac-f9c9c7e07f42|rpc:172.17.0.2:44251|dataStream:], old=null RUNNING priority:0 candidate:03a4ab30-7c3b-428c-926c-31d823ed78af|rpc:172.17.0.2:35853|dataStream: candidatePriority:0 compare:0
2020-12-26 01:57:32,645 [03a4ab30-7c3b-428c-926c-31d823ed78af@group-BE28A4447053-LeaderElection66] INFO  impl.LeaderElection (LeaderElection.java:logAndReturn(68)) - 03a4ab30-7c3b-428c-926c-31d823ed78af@group-BE28A4447053-LeaderElection66: Election PASSED; received 1 response(s) [03a4ab30-7c3b-428c-926c-31d823ed78af<-a9229adb-278c-43ef-9666-e3cbf980c0ea#0:OK-t1] and 0 exception(s); 03a4ab30-7c3b-428c-926c-31d823ed78af@group-BE28A4447053:t1, leader=null, voted=03a4ab30-7c3b-428c-926c-31d823ed78af, raftlog=03a4ab30-7c3b-428c-926c-31d823ed78af@group-BE28A4447053-SegmentedRaftLog:OPENED:c-1,f-1,i0, conf=-1: [a9229adb-278c-43ef-9666-e3cbf980c0ea|rpc:172.17.0.2:43985|dataStream:, 03a4ab30-7c3b-428c-926c-31d823ed78af|rpc:172.17.0.2:35853|dataStream:, c7c2d1d0-24bf-4086-b8ac-f9c9c7e07f42|rpc:172.17.0.2:44251|dataStream:], old=null
2020-12-26 01:57:32,645 [03a4ab30-7c3b-428c-926c-31d823ed78af@group-BE28A4447053-LeaderElection66] INFO  impl.RoleInfo (RoleInfo.java:shutdownLeaderElection(121)) - 03a4ab30-7c3b-428c-926c-31d823ed78af: shutdown 03a4ab30-7c3b-428c-926c-31d823ed78af@group-BE28A4447053-LeaderElection66
2020-12-26 01:57:32,645 [03a4ab30-7c3b-428c-926c-31d823ed78af@group-BE28A4447053-LeaderElection66] INFO  server.RaftServer$Division (RaftServerImpl.java:setRole(275)) - 03a4ab30-7c3b-428c-926c-31d823ed78af@group-BE28A4447053: changes role from CANDIDATE to LEADER at term 1 for changeToLeader
2020-12-26 01:57:32,645 [03a4ab30-7c3b-428c-926c-31d823ed78af@group-BE28A4447053-LeaderElection66] INFO  ratis.XceiverServerRatis (XceiverServerRatis.java:handleLeaderChangedNotification(862)) - Leader change notification received for group: group-BE28A4447053 with new leaderId: 03a4ab30-7c3b-428c-926c-31d823ed78af
2020-12-26 01:57:32,645 [03a4ab30-7c3b-428c-926c-31d823ed78af@group-BE28A4447053-LeaderElection66] INFO  server.RaftServer$Division (ServerState.java:setLeader(258)) - 03a4ab30-7c3b-428c-926c-31d823ed78af@group-BE28A4447053: change Leader from null to 03a4ab30-7c3b-428c-926c-31d823ed78af at term 1 for becomeLeader, leader elected after 5125ms
2020-12-26 01:57:32,645 [03a4ab30-7c3b-428c-926c-31d823ed78af@group-BE28A4447053-LeaderElection66] INFO  server.RaftServerConfigKeys (ConfUtils.java:logGet(44)) - raft.server.staging.catchup.gap = 1000 (default)
2020-12-26 01:57:32,645 [03a4ab30-7c3b-428c-926c-31d823ed78af@group-BE28A4447053-LeaderElection66] INFO  metrics.RatisMetrics (RatisMetrics.java:lambda$create$0(36)) - Creating Metrics Registry : ratis.log_appender.03a4ab30-7c3b-428c-926c-31d823ed78af@group-BE28A4447053
2020-12-26 01:57:32,646 [03a4ab30-7c3b-428c-926c-31d823ed78af@group-BE28A4447053-LeaderElection66] INFO  server.RaftServerConfigKeys (ConfUtils.java:logGet(44)) - raft.server.write.element-limit = 1024 (custom)
2020-12-26 01:57:32,646 [03a4ab30-7c3b-428c-926c-31d823ed78af@group-BE28A4447053-LeaderElection66] INFO  server.RaftServerConfigKeys (ConfUtils.java:logGet(44)) - raft.server.write.byte-limit = 1073741824 (custom)
2020-12-26 01:57:32,646 [03a4ab30-7c3b-428c-926c-31d823ed78af@group-BE28A4447053-LeaderElection66] INFO  server.RaftServerConfigKeys (ConfUtils.java:logGet(44)) - raft.server.watch.timeout = 3000ms (custom)
2020-12-26 01:57:32,646 [03a4ab30-7c3b-428c-926c-31d823ed78af@group-BE28A4447053-LeaderElection66] INFO  server.RaftServerConfigKeys (ConfUtils.java:logGet(44)) - raft.server.watch.timeout.denomination = 1s (default)
2020-12-26 01:57:32,646 [03a4ab30-7c3b-428c-926c-31d823ed78af@group-BE28A4447053-LeaderElection66] INFO  server.RaftServerConfigKeys (ConfUtils.java:logGet(44)) - raft.server.watch.element-limit = 65536 (default)
2020-12-26 01:57:32,646 [03a4ab30-7c3b-428c-926c-31d823ed78af@group-BE28A4447053-LeaderElection66] INFO  server.RaftServerConfigKeys (ConfUtils.java:logGet(44)) - raft.server.log.appender.snapshot.chunk.size.max = 16MB (=16777216) (default)
2020-12-26 01:57:32,647 [03a4ab30-7c3b-428c-926c-31d823ed78af@group-BE28A4447053-LeaderElection66] INFO  server.RaftServerConfigKeys (ConfUtils.java:logGet(44)) - raft.server.log.appender.buffer.byte-limit = 33554432 (custom)
2020-12-26 01:57:32,647 [03a4ab30-7c3b-428c-926c-31d823ed78af@group-BE28A4447053-LeaderElection66] INFO  server.RaftServerConfigKeys (ConfUtils.java:logGet(44)) - raft.server.log.appender.buffer.element-limit = 1 (custom)
2020-12-26 01:57:32,647 [03a4ab30-7c3b-428c-926c-31d823ed78af@group-BE28A4447053-LeaderElection66] INFO  grpc.GrpcConfigKeys (ConfUtils.java:logGet(44)) - raft.grpc.server.leader.outstanding.appends.max = 128 (default)
2020-12-26 01:57:32,647 [03a4ab30-7c3b-428c-926c-31d823ed78af@group-BE28A4447053-LeaderElection66] INFO  server.RaftServerConfigKeys (ConfUtils.java:logGet(44)) - raft.server.rpc.request.timeout = 3000ms (default)
2020-12-26 01:57:32,647 [03a4ab30-7c3b-428c-926c-31d823ed78af@group-BE28A4447053-LeaderElection66] INFO  server.RaftServerConfigKeys (ConfUtils.java:logGet(44)) - raft.server.log.appender.install.snapshot.enabled = false (custom)
2020-12-26 01:57:32,648 [03a4ab30-7c3b-428c-926c-31d823ed78af@group-BE28A4447053-LeaderElection66] INFO  metrics.RatisMetrics (RatisMetrics.java:lambda$create$0(36)) - Creating Metrics Registry : ratis_grpc.log_appender.03a4ab30-7c3b-428c-926c-31d823ed78af@group-BE28A4447053
2020-12-26 01:57:32,648 [EventQueue-PipelineReportForOneReplicaPipelineSafeModeRule] INFO  safemode.SCMSafeModeManager (SCMSafeModeManager.java:validateSafeModeExitRules(214)) - AtleastOneDatanodeReportedRule rule is successfully validated
2020-12-26 01:57:32,648 [EventQueue-PipelineReportForPipelineReportHandler] INFO  pipeline.PipelineStateManager (PipelineStateManager.java:openPipeline(132)) - Pipeline Pipeline[ Id: 531cb22c-be6d-463e-b99c-be28a4447053, Nodes: 03a4ab30-7c3b-428c-926c-31d823ed78af{ip: 172.17.0.2, host: 140068b710f1, networkLocation: /default-rack, certSerialId: null, persistedOpState: IN_SERVICE, persistedOpStateExpiryEpochSec: 0}c7c2d1d0-24bf-4086-b8ac-f9c9c7e07f42{ip: 172.17.0.2, host: 140068b710f1, networkLocation: /default-rack, certSerialId: null, persistedOpState: IN_SERVICE, persistedOpStateExpiryEpochSec: 0}a9229adb-278c-43ef-9666-e3cbf980c0ea{ip: 172.17.0.2, host: 140068b710f1, networkLocation: /default-rack, certSerialId: null, persistedOpState: IN_SERVICE, persistedOpStateExpiryEpochSec: 0}, Type:RATIS, Factor:THREE, State:ALLOCATED, leaderId:03a4ab30-7c3b-428c-926c-31d823ed78af, CreationTimestamp2020-12-26T01:57:24.879Z] moved to OPEN state
2020-12-26 01:57:32,649 [EventQueue-OpenPipelineForHealthyPipelineSafeModeRule] INFO  safemode.SCMSafeModeManager (HealthyPipelineSafeModeRule.java:process(128)) - SCM in safe mode. Healthy pipelines reported count is 1, required healthy pipeline reported count is 1
2020-12-26 01:57:32,649 [EventQueue-OpenPipelineForHealthyPipelineSafeModeRule] INFO  safemode.SCMSafeModeManager (SCMSafeModeManager.java:validateSafeModeExitRules(214)) - HealthyPipelineSafeModeRule rule is successfully validated
2020-12-26 01:57:32,649 [EventQueue-OpenPipelineForHealthyPipelineSafeModeRule] INFO  safemode.SCMSafeModeManager (SCMSafeModeManager.java:validateSafeModeExitRules(228)) - ScmSafeModeManager, all rules are successfully validated
2020-12-26 01:57:32,649 [EventQueue-OpenPipelineForHealthyPipelineSafeModeRule] INFO  safemode.SCMSafeModeManager (SCMSafeModeManager.java:exitSafeMode(257)) - SCM exiting safe mode.
2020-12-26 01:57:32,651 [03a4ab30-7c3b-428c-926c-31d823ed78af@group-BE28A4447053-LeaderElection66] INFO  server.RaftServerConfigKeys (ConfUtils.java:logGet(44)) - raft.server.log.appender.snapshot.chunk.size.max = 16MB (=16777216) (default)
2020-12-26 01:57:32,651 [03a4ab30-7c3b-428c-926c-31d823ed78af@group-BE28A4447053-LeaderElection66] INFO  server.RaftServerConfigKeys (ConfUtils.java:logGet(44)) - raft.server.log.appender.buffer.byte-limit = 33554432 (custom)
2020-12-26 01:57:32,651 [03a4ab30-7c3b-428c-926c-31d823ed78af@group-BE28A4447053-LeaderElection66] INFO  server.RaftServerConfigKeys (ConfUtils.java:logGet(44)) - raft.server.log.appender.buffer.element-limit = 1 (custom)
2020-12-26 01:57:32,652 [03a4ab30-7c3b-428c-926c-31d823ed78af@group-BE28A4447053-LeaderElection66] INFO  grpc.GrpcConfigKeys (ConfUtils.java:logGet(44)) - raft.grpc.server.leader.outstanding.appends.max = 128 (default)
2020-12-26 01:57:32,652 [03a4ab30-7c3b-428c-926c-31d823ed78af@group-BE28A4447053-LeaderElection66] INFO  server.RaftServerConfigKeys (ConfUtils.java:logGet(44)) - raft.server.rpc.request.timeout = 3000ms (default)
2020-12-26 01:57:32,652 [grpc-default-executor-6] INFO  metrics.RatisMetrics (RatisMetrics.java:lambda$create$0(36)) - Creating Metrics Registry : ratis.server_message_metrics.c7c2d1d0-24bf-4086-b8ac-f9c9c7e07f42
2020-12-26 01:57:32,653 [grpc-default-executor-6] INFO  server.RaftServer$Division (RaftServerImpl.java:setRole(275)) - c7c2d1d0-24bf-4086-b8ac-f9c9c7e07f42@group-BE28A4447053: changes role from  FOLLOWER to FOLLOWER at term 1 for recognizeCandidate:03a4ab30-7c3b-428c-926c-31d823ed78af
2020-12-26 01:57:32,653 [grpc-default-executor-6] INFO  impl.RoleInfo (RoleInfo.java:shutdownFollowerState(108)) - c7c2d1d0-24bf-4086-b8ac-f9c9c7e07f42: shutdown c7c2d1d0-24bf-4086-b8ac-f9c9c7e07f42@group-BE28A4447053-FollowerState
2020-12-26 01:57:32,653 [grpc-default-executor-6] INFO  impl.RoleInfo (RoleInfo.java:updateAndGet(130)) - c7c2d1d0-24bf-4086-b8ac-f9c9c7e07f42: start c7c2d1d0-24bf-4086-b8ac-f9c9c7e07f42@group-BE28A4447053-FollowerState
2020-12-26 01:57:32,653 [Thread-2502] INFO  impl.FollowerState (FollowerState.java:run(142)) - c7c2d1d0-24bf-4086-b8ac-f9c9c7e07f42@group-BE28A4447053-FollowerState was interrupted: {}
java.lang.InterruptedException: sleep interrupted
	at java.lang.Thread.sleep(Native Method)
	at java.lang.Thread.sleep(Thread.java:340)
	at java.util.concurrent.TimeUnit.sleep(TimeUnit.java:386)
	at org.apache.ratis.util.TimeDuration.sleep(TimeDuration.java:319)
	at org.apache.ratis.util.TimeDuration.sleep(TimeDuration.java:304)
	at org.apache.ratis.server.impl.FollowerState.run(FollowerState.java:117)
2020-12-26 01:57:32,653 [03a4ab30-7c3b-428c-926c-31d823ed78af@group-BE28A4447053-LeaderElection66] INFO  server.RaftServerConfigKeys (ConfUtils.java:logGet(44)) - raft.server.log.appender.install.snapshot.enabled = false (custom)
2020-12-26 01:57:32,656 [grpc-default-executor-6] INFO  server.RaftServer$Division (RaftServerImpl.java:requestVote(983)) -  FOLLOWER c7c2d1d0-24bf-4086-b8ac-f9c9c7e07f42@group-BE28A4447053:t1, leader=null, voted=null, raftlog=c7c2d1d0-24bf-4086-b8ac-f9c9c7e07f42@group-BE28A4447053-SegmentedRaftLog:OPENED:c-1,f-1,i0, conf=-1: [a9229adb-278c-43ef-9666-e3cbf980c0ea|rpc:172.17.0.2:43985, 03a4ab30-7c3b-428c-926c-31d823ed78af|rpc:172.17.0.2:35853, c7c2d1d0-24bf-4086-b8ac-f9c9c7e07f42|rpc:172.17.0.2:44251], old=null RUNNING priority:0 candidate:03a4ab30-7c3b-428c-926c-31d823ed78af|rpc:172.17.0.2:35853 candidatePriority:0 compare:0
2020-12-26 01:57:32,660 [03a4ab30-7c3b-428c-926c-31d823ed78af@group-BE28A4447053-LeaderElection66] INFO  impl.RoleInfo (RoleInfo.java:updateAndGet(130)) - 03a4ab30-7c3b-428c-926c-31d823ed78af: start 03a4ab30-7c3b-428c-926c-31d823ed78af@group-BE28A4447053-LeaderStateImpl
2020-12-26 01:57:32,660 [03a4ab30-7c3b-428c-926c-31d823ed78af@group-BE28A4447053-LeaderElection66] INFO  segmented.SegmentedRaftLogWorker (SegmentedRaftLogWorker.java:startLogSegment(392)) - 03a4ab30-7c3b-428c-926c-31d823ed78af@group-BE28A4447053-SegmentedRaftLogWorker: Starting segment from index:0
2020-12-26 01:57:32,662 [03a4ab30-7c3b-428c-926c-31d823ed78af@group-BE28A4447053-SegmentedRaftLogWorker] INFO  segmented.SegmentedRaftLogWorker (SegmentedRaftLogWorker.java:execute(599)) - 03a4ab30-7c3b-428c-926c-31d823ed78af@group-BE28A4447053-SegmentedRaftLogWorker: created new log segment /github/workspace/mnt/ozone/hadoop-ozone/integration-test/target/test-dir/MiniOzoneClusterImpl-b0bbc67e-6e78-4c8b-9c9f-814a2ca087f9/datanode-2/data/ratis/531cb22c-be6d-463e-b99c-be28a4447053/current/log_inprogress_0
2020-12-26 01:57:32,671 [Thread-2500] INFO  impl.FollowerState (FollowerState.java:run(133)) - c7c2d1d0-24bf-4086-b8ac-f9c9c7e07f42@group-B42F238E776C-FollowerState: change to CANDIDATE, lastRpcElapsedTime:5180819302ns, electionTimeout:5172ms
2020-12-26 01:57:32,672 [03a4ab30-7c3b-428c-926c-31d823ed78af@group-BE28A4447053-LeaderElection66] INFO  server.RaftServer$Division (ServerState.java:setRaftConf(374)) - 03a4ab30-7c3b-428c-926c-31d823ed78af@group-BE28A4447053: set configuration 0: [a9229adb-278c-43ef-9666-e3cbf980c0ea|rpc:172.17.0.2:43985|dataStream:, 03a4ab30-7c3b-428c-926c-31d823ed78af|rpc:172.17.0.2:35853|dataStream:, c7c2d1d0-24bf-4086-b8ac-f9c9c7e07f42|rpc:172.17.0.2:44251|dataStream:], old=null at 0
2020-12-26 01:57:32,683 [Thread-2500] INFO  impl.RoleInfo (RoleInfo.java:shutdownFollowerState(108)) - c7c2d1d0-24bf-4086-b8ac-f9c9c7e07f42: shutdown c7c2d1d0-24bf-4086-b8ac-f9c9c7e07f42@group-B42F238E776C-FollowerState
2020-12-26 01:57:32,683 [Thread-2500] INFO  server.RaftServer$Division (RaftServerImpl.java:setRole(275)) - c7c2d1d0-24bf-4086-b8ac-f9c9c7e07f42@group-B42F238E776C: changes role from  FOLLOWER to CANDIDATE at term 0 for changeToCandidate
2020-12-26 01:57:32,683 [Thread-2500] INFO  impl.RoleInfo (RoleInfo.java:updateAndGet(130)) - c7c2d1d0-24bf-4086-b8ac-f9c9c7e07f42: start c7c2d1d0-24bf-4086-b8ac-f9c9c7e07f42@group-B42F238E776C-LeaderElection67
2020-12-26 01:57:32,688 [grpc-default-executor-7] INFO  ratis.XceiverServerRatis (XceiverServerRatis.java:handleLeaderChangedNotification(862)) - Leader change notification received for group: group-BE28A4447053 with new leaderId: 03a4ab30-7c3b-428c-926c-31d823ed78af
2020-12-26 01:57:32,688 [grpc-default-executor-7] INFO  server.RaftServer$Division (ServerState.java:setLeader(258)) - a9229adb-278c-43ef-9666-e3cbf980c0ea@group-BE28A4447053: change Leader from null to 03a4ab30-7c3b-428c-926c-31d823ed78af at term 1 for appendEntries, leader elected after 5136ms
2020-12-26 01:57:32,689 [Listener at 127.0.0.1/40109] INFO  ozone.MiniOzoneClusterImpl (MiniOzoneClusterImpl.java:lambda$waitForClusterToBeReady$0(178)) - Nodes are ready. Got 7 of 7 DN Heartbeats.
2020-12-26 01:57:32,689 [Listener at 127.0.0.1/40109] INFO  ozone.MiniOzoneClusterImpl (MiniOzoneClusterImpl.java:lambda$waitForClusterToBeReady$0(181)) - Cluster exits safe mode
2020-12-26 01:57:32,698 [Listener at 127.0.0.1/40109] INFO  rpc.RpcClient (RpcClient.java:createVolume(273)) - Creating Volume: testblockoutputstream, with jenkins1001 as owner.
2020-12-26 01:57:32,700 [IPC Server handler 2 on default port 40109] INFO  volume.OMVolumeCreateRequest (OMVolumeCreateRequest.java:validateAndUpdateCache(196)) - created volume:testblockoutputstream for user:jenkins1001
2020-12-26 01:57:32,710 [grpc-default-executor-3] INFO  ratis.XceiverServerRatis (XceiverServerRatis.java:handleLeaderChangedNotification(862)) - Leader change notification received for group: group-BE28A4447053 with new leaderId: 03a4ab30-7c3b-428c-926c-31d823ed78af
2020-12-26 01:57:32,710 [grpc-default-executor-6] INFO  server.RaftServer$Division (ServerState.java:setRaftConf(374)) - a9229adb-278c-43ef-9666-e3cbf980c0ea@group-BE28A4447053: set configuration 0: [a9229adb-278c-43ef-9666-e3cbf980c0ea|rpc:172.17.0.2:43985|dataStream:, 03a4ab30-7c3b-428c-926c-31d823ed78af|rpc:172.17.0.2:35853|dataStream:, c7c2d1d0-24bf-4086-b8ac-f9c9c7e07f42|rpc:172.17.0.2:44251|dataStream:], old=null at 0
2020-12-26 01:57:32,710 [grpc-default-executor-3] INFO  server.RaftServer$Division (ServerState.java:setLeader(258)) - c7c2d1d0-24bf-4086-b8ac-f9c9c7e07f42@group-BE28A4447053: change Leader from null to 03a4ab30-7c3b-428c-926c-31d823ed78af at term 1 for appendEntries, leader elected after 5213ms
2020-12-26 01:57:32,712 [c7c2d1d0-24bf-4086-b8ac-f9c9c7e07f42@group-B42F238E776C-LeaderElection67] INFO  impl.LeaderElection (LeaderElection.java:askForVotes(219)) - c7c2d1d0-24bf-4086-b8ac-f9c9c7e07f42@group-B42F238E776C-LeaderElection67: begin an election at term 1 for -1: [c7c2d1d0-24bf-4086-b8ac-f9c9c7e07f42|rpc:172.17.0.2:44251], old=null
2020-12-26 01:57:32,712 [c7c2d1d0-24bf-4086-b8ac-f9c9c7e07f42@group-B42F238E776C-LeaderElection67] INFO  impl.RoleInfo (RoleInfo.java:shutdownLeaderElection(121)) - c7c2d1d0-24bf-4086-b8ac-f9c9c7e07f42: shutdown c7c2d1d0-24bf-4086-b8ac-f9c9c7e07f42@group-B42F238E776C-LeaderElection67
2020-12-26 01:57:32,712 [c7c2d1d0-24bf-4086-b8ac-f9c9c7e07f42@group-B42F238E776C-LeaderElection67] INFO  server.RaftServer$Division (RaftServerImpl.java:setRole(275)) - c7c2d1d0-24bf-4086-b8ac-f9c9c7e07f42@group-B42F238E776C: changes role from CANDIDATE to LEADER at term 1 for changeToLeader
2020-12-26 01:57:32,712 [c7c2d1d0-24bf-4086-b8ac-f9c9c7e07f42@group-B42F238E776C-LeaderElection67] INFO  ratis.XceiverServerRatis (XceiverServerRatis.java:handleLeaderChangedNotification(862)) - Leader change notification received for group: group-B42F238E776C with new leaderId: c7c2d1d0-24bf-4086-b8ac-f9c9c7e07f42
2020-12-26 01:57:32,713 [c7c2d1d0-24bf-4086-b8ac-f9c9c7e07f42@group-B42F238E776C-LeaderElection67] INFO  server.RaftServer$Division (ServerState.java:setLeader(258)) - c7c2d1d0-24bf-4086-b8ac-f9c9c7e07f42@group-B42F238E776C: change Leader from null to c7c2d1d0-24bf-4086-b8ac-f9c9c7e07f42 at term 1 for becomeLeader, leader elected after 5230ms
2020-12-26 01:57:32,713 [c7c2d1d0-24bf-4086-b8ac-f9c9c7e07f42@group-B42F238E776C-LeaderElection67] INFO  server.RaftServerConfigKeys (ConfUtils.java:logGet(44)) - raft.server.staging.catchup.gap = 1000 (default)
2020-12-26 01:57:32,713 [c7c2d1d0-24bf-4086-b8ac-f9c9c7e07f42@group-B42F238E776C-LeaderElection67] INFO  metrics.RatisMetrics (RatisMetrics.java:lambda$create$0(36)) - Creating Metrics Registry : ratis.log_appender.c7c2d1d0-24bf-4086-b8ac-f9c9c7e07f42@group-B42F238E776C
2020-12-26 01:57:32,714 [grpc-default-executor-3] INFO  server.RaftServer$Division (ServerState.java:setRaftConf(374)) - c7c2d1d0-24bf-4086-b8ac-f9c9c7e07f42@group-BE28A4447053: set configuration 0: [a9229adb-278c-43ef-9666-e3cbf980c0ea|rpc:172.17.0.2:43985|dataStream:, 03a4ab30-7c3b-428c-926c-31d823ed78af|rpc:172.17.0.2:35853|dataStream:, c7c2d1d0-24bf-4086-b8ac-f9c9c7e07f42|rpc:172.17.0.2:44251|dataStream:], old=null at 0
2020-12-26 01:57:32,715 [grpc-default-executor-3] INFO  segmented.SegmentedRaftLogWorker (SegmentedRaftLogWorker.java:startLogSegment(392)) - c7c2d1d0-24bf-4086-b8ac-f9c9c7e07f42@group-BE28A4447053-SegmentedRaftLogWorker: Starting segment from index:0
2020-12-26 01:57:32,713 [grpc-default-executor-6] INFO  segmented.SegmentedRaftLogWorker (SegmentedRaftLogWorker.java:startLogSegment(392)) - a9229adb-278c-43ef-9666-e3cbf980c0ea@group-BE28A4447053-SegmentedRaftLogWorker: Starting segment from index:0
2020-12-26 01:57:32,714 [c7c2d1d0-24bf-4086-b8ac-f9c9c7e07f42@group-B42F238E776C-LeaderElection67] INFO  server.RaftServerConfigKeys (ConfUtils.java:logGet(44)) - raft.server.write.element-limit = 1024 (custom)
2020-12-26 01:57:32,715 [Thread-2510] INFO  impl.FollowerState (FollowerState.java:run(133)) - c7c2d1d0-24bf-4086-b8ac-f9c9c7e07f42@group-CBCCC18211C1-FollowerState: change to CANDIDATE, lastRpcElapsedTime:5136365787ns, electionTimeout:5136ms
2020-12-26 01:57:32,716 [c7c2d1d0-24bf-4086-b8ac-f9c9c7e07f42@group-BE28A4447053-SegmentedRaftLogWorker] INFO  segmented.SegmentedRaftLogWorker (SegmentedRaftLogWorker.java:execute(599)) - c7c2d1d0-24bf-4086-b8ac-f9c9c7e07f42@group-BE28A4447053-SegmentedRaftLogWorker: created new log segment /github/workspace/mnt/ozone/hadoop-ozone/integration-test/target/test-dir/MiniOzoneClusterImpl-b0bbc67e-6e78-4c8b-9c9f-814a2ca087f9/datanode-0/data/ratis/531cb22c-be6d-463e-b99c-be28a4447053/current/log_inprogress_0
2020-12-26 01:57:32,715 [c7c2d1d0-24bf-4086-b8ac-f9c9c7e07f42@group-B42F238E776C-LeaderElection67] INFO  server.RaftServerConfigKeys (ConfUtils.java:logGet(44)) - raft.server.write.byte-limit = 1073741824 (custom)
2020-12-26 01:57:32,717 [a9229adb-278c-43ef-9666-e3cbf980c0ea@group-BE28A4447053-SegmentedRaftLogWorker] INFO  segmented.SegmentedRaftLogWorker (SegmentedRaftLogWorker.java:execute(599)) - a9229adb-278c-43ef-9666-e3cbf980c0ea@group-BE28A4447053-SegmentedRaftLogWorker: created new log segment /github/workspace/mnt/ozone/hadoop-ozone/integration-test/target/test-dir/MiniOzoneClusterImpl-b0bbc67e-6e78-4c8b-9c9f-814a2ca087f9/datanode-1/data/ratis/531cb22c-be6d-463e-b99c-be28a4447053/current/log_inprogress_0
2020-12-26 01:57:32,719 [Listener at 127.0.0.1/40109] INFO  rpc.RpcClient (RpcClient.java:createBucket(429)) - Creating Bucket: testblockoutputstream/testblockoutputstream, with Versioning false and Storage Type set to DISK and Encryption set to false 
2020-12-26 01:57:32,723 [Thread-2512] INFO  impl.FollowerState (FollowerState.java:run(133)) - 03a4ab30-7c3b-428c-926c-31d823ed78af@group-CBCCC18211C1-FollowerState: change to CANDIDATE, lastRpcElapsedTime:5126352581ns, electionTimeout:5126ms
2020-12-26 01:57:32,734 [Listener at 127.0.0.1/40109] INFO  metrics.RatisMetrics (RatisMetrics.java:lambda$create$0(36)) - Creating Metrics Registry : ratis.client_message_metrics.client-ECBFEBFABF03->03a4ab30-7c3b-428c-926c-31d823ed78af
2020-12-26 01:57:32,734 [Thread-2510] INFO  impl.RoleInfo (RoleInfo.java:shutdownFollowerState(108)) - c7c2d1d0-24bf-4086-b8ac-f9c9c7e07f42: shutdown c7c2d1d0-24bf-4086-b8ac-f9c9c7e07f42@group-CBCCC18211C1-FollowerState
2020-12-26 01:57:32,735 [Thread-2510] INFO  server.RaftServer$Division (RaftServerImpl.java:setRole(275)) - c7c2d1d0-24bf-4086-b8ac-f9c9c7e07f42@group-CBCCC18211C1: changes role from  FOLLOWER to CANDIDATE at term 0 for changeToCandidate
2020-12-26 01:57:32,735 [Thread-2510] INFO  impl.RoleInfo (RoleInfo.java:updateAndGet(130)) - c7c2d1d0-24bf-4086-b8ac-f9c9c7e07f42: start c7c2d1d0-24bf-4086-b8ac-f9c9c7e07f42@group-CBCCC18211C1-LeaderElection68
2020-12-26 01:57:32,736 [Thread-2512] INFO  impl.RoleInfo (RoleInfo.java:shutdownFollowerState(108)) - 03a4ab30-7c3b-428c-926c-31d823ed78af: shutdown 03a4ab30-7c3b-428c-926c-31d823ed78af@group-CBCCC18211C1-FollowerState
2020-12-26 01:57:32,736 [Thread-2512] INFO  server.RaftServer$Division (RaftServerImpl.java:setRole(275)) - 03a4ab30-7c3b-428c-926c-31d823ed78af@group-CBCCC18211C1: changes role from  FOLLOWER to CANDIDATE at term 0 for changeToCandidate
2020-12-26 01:57:32,736 [Thread-2512] INFO  impl.RoleInfo (RoleInfo.java:updateAndGet(130)) - 03a4ab30-7c3b-428c-926c-31d823ed78af: start 03a4ab30-7c3b-428c-926c-31d823ed78af@group-CBCCC18211C1-LeaderElection69
2020-12-26 01:57:32,742 [c7c2d1d0-24bf-4086-b8ac-f9c9c7e07f42@group-B42F238E776C-LeaderElection67] INFO  server.RaftServerConfigKeys (ConfUtils.java:logGet(44)) - raft.server.watch.timeout = 3000ms (custom)
2020-12-26 01:57:32,742 [c7c2d1d0-24bf-4086-b8ac-f9c9c7e07f42@group-B42F238E776C-LeaderElection67] INFO  server.RaftServerConfigKeys (ConfUtils.java:logGet(44)) - raft.server.watch.timeout.denomination = 1s (default)
2020-12-26 01:57:32,742 [c7c2d1d0-24bf-4086-b8ac-f9c9c7e07f42@group-B42F238E776C-LeaderElection67] INFO  server.RaftServerConfigKeys (ConfUtils.java:logGet(44)) - raft.server.watch.element-limit = 65536 (default)
2020-12-26 01:57:32,742 [c7c2d1d0-24bf-4086-b8ac-f9c9c7e07f42@group-B42F238E776C-LeaderElection67] INFO  impl.RoleInfo (RoleInfo.java:updateAndGet(130)) - c7c2d1d0-24bf-4086-b8ac-f9c9c7e07f42: start c7c2d1d0-24bf-4086-b8ac-f9c9c7e07f42@group-B42F238E776C-LeaderStateImpl
2020-12-26 01:57:32,745 [Thread-2518] INFO  impl.FollowerState (FollowerState.java:run(133)) - a9229adb-278c-43ef-9666-e3cbf980c0ea@group-A4C42016F79F-FollowerState: change to CANDIDATE, lastRpcElapsedTime:5052120055ns, electionTimeout:5050ms
2020-12-26 01:57:32,753 [03a4ab30-7c3b-428c-926c-31d823ed78af@group-CBCCC18211C1-LeaderElection69] INFO  impl.LeaderElection (LeaderElection.java:askForVotes(219)) - 03a4ab30-7c3b-428c-926c-31d823ed78af@group-CBCCC18211C1-LeaderElection69: begin an election at term 1 for -1: [a9229adb-278c-43ef-9666-e3cbf980c0ea|rpc:172.17.0.2:43985|dataStream:, 03a4ab30-7c3b-428c-926c-31d823ed78af|rpc:172.17.0.2:35853|dataStream:, c7c2d1d0-24bf-4086-b8ac-f9c9c7e07f42|rpc:172.17.0.2:44251|dataStream:], old=null
2020-12-26 01:57:32,754 [c7c2d1d0-24bf-4086-b8ac-f9c9c7e07f42@group-B42F238E776C-LeaderElection67] INFO  segmented.SegmentedRaftLogWorker (SegmentedRaftLogWorker.java:startLogSegment(392)) - c7c2d1d0-24bf-4086-b8ac-f9c9c7e07f42@group-B42F238E776C-SegmentedRaftLogWorker: Starting segment from index:0
2020-12-26 01:57:32,754 [Thread-2518] INFO  impl.RoleInfo (RoleInfo.java:shutdownFollowerState(108)) - a9229adb-278c-43ef-9666-e3cbf980c0ea: shutdown a9229adb-278c-43ef-9666-e3cbf980c0ea@group-A4C42016F79F-FollowerState
2020-12-26 01:57:32,755 [Thread-2518] INFO  server.RaftServer$Division (RaftServerImpl.java:setRole(275)) - a9229adb-278c-43ef-9666-e3cbf980c0ea@group-A4C42016F79F: changes role from  FOLLOWER to CANDIDATE at term 0 for changeToCandidate
2020-12-26 01:57:32,759 [Thread-2518] INFO  impl.RoleInfo (RoleInfo.java:updateAndGet(130)) - a9229adb-278c-43ef-9666-e3cbf980c0ea: start a9229adb-278c-43ef-9666-e3cbf980c0ea@group-A4C42016F79F-LeaderElection70
2020-12-26 01:57:32,771 [c7c2d1d0-24bf-4086-b8ac-f9c9c7e07f42@group-CBCCC18211C1-LeaderElection68] INFO  impl.LeaderElection (LeaderElection.java:askForVotes(219)) - c7c2d1d0-24bf-4086-b8ac-f9c9c7e07f42@group-CBCCC18211C1-LeaderElection68: begin an election at term 1 for -1: [a9229adb-278c-43ef-9666-e3cbf980c0ea|rpc:172.17.0.2:43985, 03a4ab30-7c3b-428c-926c-31d823ed78af|rpc:172.17.0.2:35853, c7c2d1d0-24bf-4086-b8ac-f9c9c7e07f42|rpc:172.17.0.2:44251], old=null
2020-12-26 01:57:32,772 [a9229adb-278c-43ef-9666-e3cbf980c0ea@group-A4C42016F79F-LeaderElection70] INFO  impl.LeaderElection (LeaderElection.java:askForVotes(219)) - a9229adb-278c-43ef-9666-e3cbf980c0ea@group-A4C42016F79F-LeaderElection70: begin an election at term 1 for -1: [a9229adb-278c-43ef-9666-e3cbf980c0ea|rpc:172.17.0.2:43985], old=null
2020-12-26 01:57:32,772 [a9229adb-278c-43ef-9666-e3cbf980c0ea@group-A4C42016F79F-LeaderElection70] INFO  impl.RoleInfo (RoleInfo.java:shutdownLeaderElection(121)) - a9229adb-278c-43ef-9666-e3cbf980c0ea: shutdown a9229adb-278c-43ef-9666-e3cbf980c0ea@group-A4C42016F79F-LeaderElection70
2020-12-26 01:57:32,772 [a9229adb-278c-43ef-9666-e3cbf980c0ea@group-A4C42016F79F-LeaderElection70] INFO  server.RaftServer$Division (RaftServerImpl.java:setRole(275)) - a9229adb-278c-43ef-9666-e3cbf980c0ea@group-A4C42016F79F: changes role from CANDIDATE to LEADER at term 1 for changeToLeader
2020-12-26 01:57:32,772 [a9229adb-278c-43ef-9666-e3cbf980c0ea@group-A4C42016F79F-LeaderElection70] INFO  ratis.XceiverServerRatis (XceiverServerRatis.java:handleLeaderChangedNotification(862)) - Leader change notification received for group: group-A4C42016F79F with new leaderId: a9229adb-278c-43ef-9666-e3cbf980c0ea
2020-12-26 01:57:32,774 [c7c2d1d0-24bf-4086-b8ac-f9c9c7e07f42@group-B42F238E776C-SegmentedRaftLogWorker] INFO  segmented.SegmentedRaftLogWorker (SegmentedRaftLogWorker.java:execute(599)) - c7c2d1d0-24bf-4086-b8ac-f9c9c7e07f42@group-B42F238E776C-SegmentedRaftLogWorker: created new log segment /github/workspace/mnt/ozone/hadoop-ozone/integration-test/target/test-dir/MiniOzoneClusterImpl-b0bbc67e-6e78-4c8b-9c9f-814a2ca087f9/datanode-0/data/ratis/7d123b2d-022e-444b-a472-b42f238e776c/current/log_inprogress_0
2020-12-26 01:57:32,775 [grpc-default-executor-3] INFO  server.RaftServer$Division (RaftServerImpl.java:setRole(275)) - a9229adb-278c-43ef-9666-e3cbf980c0ea@group-CBCCC18211C1: changes role from  FOLLOWER to FOLLOWER at term 1 for recognizeCandidate:03a4ab30-7c3b-428c-926c-31d823ed78af
2020-12-26 01:57:32,775 [grpc-default-executor-3] INFO  impl.RoleInfo (RoleInfo.java:shutdownFollowerState(108)) - a9229adb-278c-43ef-9666-e3cbf980c0ea: shutdown a9229adb-278c-43ef-9666-e3cbf980c0ea@group-CBCCC18211C1-FollowerState
2020-12-26 01:57:32,775 [grpc-default-executor-3] INFO  impl.RoleInfo (RoleInfo.java:updateAndGet(130)) - a9229adb-278c-43ef-9666-e3cbf980c0ea: start a9229adb-278c-43ef-9666-e3cbf980c0ea@group-CBCCC18211C1-FollowerState
2020-12-26 01:57:32,775 [Thread-2515] INFO  impl.FollowerState (FollowerState.java:run(142)) - a9229adb-278c-43ef-9666-e3cbf980c0ea@group-CBCCC18211C1-FollowerState was interrupted: {}
java.lang.InterruptedException: sleep interrupted
	at java.lang.Thread.sleep(Native Method)
	at java.lang.Thread.sleep(Thread.java:340)
	at java.util.concurrent.TimeUnit.sleep(TimeUnit.java:386)
	at org.apache.ratis.util.TimeDuration.sleep(TimeDuration.java:319)
	at org.apache.ratis.util.TimeDuration.sleep(TimeDuration.java:304)
	at org.apache.ratis.server.impl.FollowerState.run(FollowerState.java:117)
2020-12-26 01:57:32,775 [grpc-default-executor-3] INFO  server.RaftServer$Division (RaftServerImpl.java:requestVote(983)) -  FOLLOWER a9229adb-278c-43ef-9666-e3cbf980c0ea@group-CBCCC18211C1:t1, leader=null, voted=null, raftlog=a9229adb-278c-43ef-9666-e3cbf980c0ea@group-CBCCC18211C1-SegmentedRaftLog:OPENED:c-1,f-1,i0, conf=-1: [a9229adb-278c-43ef-9666-e3cbf980c0ea|rpc:172.17.0.2:43985|dataStream:, 03a4ab30-7c3b-428c-926c-31d823ed78af|rpc:172.17.0.2:35853|dataStream:, c7c2d1d0-24bf-4086-b8ac-f9c9c7e07f42|rpc:172.17.0.2:44251|dataStream:], old=null RUNNING priority:0 candidate:03a4ab30-7c3b-428c-926c-31d823ed78af|rpc:172.17.0.2:35853|dataStream: candidatePriority:0 compare:0
2020-12-26 01:57:32,775 [c7c2d1d0-24bf-4086-b8ac-f9c9c7e07f42@group-B42F238E776C-LeaderElection67] INFO  server.RaftServer$Division (ServerState.java:setRaftConf(374)) - c7c2d1d0-24bf-4086-b8ac-f9c9c7e07f42@group-B42F238E776C: set configuration 0: [c7c2d1d0-24bf-4086-b8ac-f9c9c7e07f42|rpc:172.17.0.2:44251|dataStream:], old=null at 0
2020-12-26 01:57:32,778 [a9229adb-278c-43ef-9666-e3cbf980c0ea@group-A4C42016F79F-LeaderElection70] INFO  server.RaftServer$Division (ServerState.java:setLeader(258)) - a9229adb-278c-43ef-9666-e3cbf980c0ea@group-A4C42016F79F: change Leader from null to a9229adb-278c-43ef-9666-e3cbf980c0ea at term 1 for becomeLeader, leader elected after 5091ms
2020-12-26 01:57:32,780 [03a4ab30-7c3b-428c-926c-31d823ed78af@group-CBCCC18211C1-LeaderElection69] INFO  impl.LeaderElection (LeaderElection.java:logAndReturn(68)) - 03a4ab30-7c3b-428c-926c-31d823ed78af@group-CBCCC18211C1-LeaderElection69: Election PASSED; received 1 response(s) [03a4ab30-7c3b-428c-926c-31d823ed78af<-a9229adb-278c-43ef-9666-e3cbf980c0ea#0:OK-t1] and 0 exception(s); 03a4ab30-7c3b-428c-926c-31d823ed78af@group-CBCCC18211C1:t1, leader=null, voted=03a4ab30-7c3b-428c-926c-31d823ed78af, raftlog=03a4ab30-7c3b-428c-926c-31d823ed78af@group-CBCCC18211C1-SegmentedRaftLog:OPENED:c-1,f-1,i0, conf=-1: [a9229adb-278c-43ef-9666-e3cbf980c0ea|rpc:172.17.0.2:43985|dataStream:, 03a4ab30-7c3b-428c-926c-31d823ed78af|rpc:172.17.0.2:35853|dataStream:, c7c2d1d0-24bf-4086-b8ac-f9c9c7e07f42|rpc:172.17.0.2:44251|dataStream:], old=null
2020-12-26 01:57:32,780 [03a4ab30-7c3b-428c-926c-31d823ed78af@group-CBCCC18211C1-LeaderElection69] INFO  impl.RoleInfo (RoleInfo.java:shutdownLeaderElection(121)) - 03a4ab30-7c3b-428c-926c-31d823ed78af: shutdown 03a4ab30-7c3b-428c-926c-31d823ed78af@group-CBCCC18211C1-LeaderElection69
2020-12-26 01:57:32,780 [03a4ab30-7c3b-428c-926c-31d823ed78af@group-CBCCC18211C1-LeaderElection69] INFO  server.RaftServer$Division (RaftServerImpl.java:setRole(275)) - 03a4ab30-7c3b-428c-926c-31d823ed78af@group-CBCCC18211C1: changes role from CANDIDATE to LEADER at term 1 for changeToLeader
2020-12-26 01:57:32,780 [03a4ab30-7c3b-428c-926c-31d823ed78af@group-CBCCC18211C1-LeaderElection69] INFO  ratis.XceiverServerRatis (XceiverServerRatis.java:handleLeaderChangedNotification(862)) - Leader change notification received for group: group-CBCCC18211C1 with new leaderId: 03a4ab30-7c3b-428c-926c-31d823ed78af
2020-12-26 01:57:32,780 [03a4ab30-7c3b-428c-926c-31d823ed78af@group-CBCCC18211C1-LeaderElection69] INFO  server.RaftServer$Division (ServerState.java:setLeader(258)) - 03a4ab30-7c3b-428c-926c-31d823ed78af@group-CBCCC18211C1: change Leader from null to 03a4ab30-7c3b-428c-926c-31d823ed78af at term 1 for becomeLeader, leader elected after 5190ms
2020-12-26 01:57:32,780 [03a4ab30-7c3b-428c-926c-31d823ed78af@group-CBCCC18211C1-LeaderElection69] INFO  server.RaftServerConfigKeys (ConfUtils.java:logGet(44)) - raft.server.staging.catchup.gap = 1000 (default)
2020-12-26 01:57:32,780 [03a4ab30-7c3b-428c-926c-31d823ed78af@group-CBCCC18211C1-LeaderElection69] INFO  metrics.RatisMetrics (RatisMetrics.java:lambda$create$0(36)) - Creating Metrics Registry : ratis.log_appender.03a4ab30-7c3b-428c-926c-31d823ed78af@group-CBCCC18211C1
2020-12-26 01:57:32,780 [03a4ab30-7c3b-428c-926c-31d823ed78af@group-CBCCC18211C1-LeaderElection69] INFO  server.RaftServerConfigKeys (ConfUtils.java:logGet(44)) - raft.server.write.element-limit = 1024 (custom)
2020-12-26 01:57:32,780 [03a4ab30-7c3b-428c-926c-31d823ed78af@group-CBCCC18211C1-LeaderElection69] INFO  server.RaftServerConfigKeys (ConfUtils.java:logGet(44)) - raft.server.write.byte-limit = 1073741824 (custom)
2020-12-26 01:57:32,783 [03a4ab30-7c3b-428c-926c-31d823ed78af@group-CBCCC18211C1-LeaderElection69] INFO  server.RaftServerConfigKeys (ConfUtils.java:logGet(44)) - raft.server.watch.timeout = 3000ms (custom)
2020-12-26 01:57:32,783 [03a4ab30-7c3b-428c-926c-31d823ed78af@group-CBCCC18211C1-LeaderElection69] INFO  server.RaftServerConfigKeys (ConfUtils.java:logGet(44)) - raft.server.watch.timeout.denomination = 1s (default)
2020-12-26 01:57:32,783 [03a4ab30-7c3b-428c-926c-31d823ed78af@group-CBCCC18211C1-LeaderElection69] INFO  server.RaftServerConfigKeys (ConfUtils.java:logGet(44)) - raft.server.watch.element-limit = 65536 (default)
2020-12-26 01:57:32,783 [03a4ab30-7c3b-428c-926c-31d823ed78af@group-CBCCC18211C1-LeaderElection69] INFO  server.RaftServerConfigKeys (ConfUtils.java:logGet(44)) - raft.server.log.appender.snapshot.chunk.size.max = 16MB (=16777216) (default)
2020-12-26 01:57:32,783 [03a4ab30-7c3b-428c-926c-31d823ed78af@group-CBCCC18211C1-LeaderElection69] INFO  server.RaftServerConfigKeys (ConfUtils.java:logGet(44)) - raft.server.log.appender.buffer.byte-limit = 33554432 (custom)
2020-12-26 01:57:32,783 [03a4ab30-7c3b-428c-926c-31d823ed78af@group-CBCCC18211C1-LeaderElection69] INFO  server.RaftServerConfigKeys (ConfUtils.java:logGet(44)) - raft.server.log.appender.buffer.element-limit = 1 (custom)
2020-12-26 01:57:32,783 [03a4ab30-7c3b-428c-926c-31d823ed78af@group-CBCCC18211C1-LeaderElection69] INFO  grpc.GrpcConfigKeys (ConfUtils.java:logGet(44)) - raft.grpc.server.leader.outstanding.appends.max = 128 (default)
2020-12-26 01:57:32,783 [03a4ab30-7c3b-428c-926c-31d823ed78af@group-CBCCC18211C1-LeaderElection69] INFO  server.RaftServerConfigKeys (ConfUtils.java:logGet(44)) - raft.server.rpc.request.timeout = 3000ms (default)
2020-12-26 01:57:32,784 [03a4ab30-7c3b-428c-926c-31d823ed78af@group-CBCCC18211C1-LeaderElection69] INFO  server.RaftServerConfigKeys (ConfUtils.java:logGet(44)) - raft.server.log.appender.install.snapshot.enabled = false (custom)
2020-12-26 01:57:32,784 [03a4ab30-7c3b-428c-926c-31d823ed78af@group-CBCCC18211C1-LeaderElection69] INFO  metrics.RatisMetrics (RatisMetrics.java:lambda$create$0(36)) - Creating Metrics Registry : ratis_grpc.log_appender.03a4ab30-7c3b-428c-926c-31d823ed78af@group-CBCCC18211C1
2020-12-26 01:57:32,785 [EventQueue-PipelineReportForPipelineReportHandler] INFO  pipeline.PipelineStateManager (PipelineStateManager.java:openPipeline(132)) - Pipeline Pipeline[ Id: 4b3ce42e-715f-4136-a2ae-cbccc18211c1, Nodes: 03a4ab30-7c3b-428c-926c-31d823ed78af{ip: 172.17.0.2, host: 140068b710f1, networkLocation: /default-rack, certSerialId: null, persistedOpState: IN_SERVICE, persistedOpStateExpiryEpochSec: 0}c7c2d1d0-24bf-4086-b8ac-f9c9c7e07f42{ip: 172.17.0.2, host: 140068b710f1, networkLocation: /default-rack, certSerialId: null, persistedOpState: IN_SERVICE, persistedOpStateExpiryEpochSec: 0}a9229adb-278c-43ef-9666-e3cbf980c0ea{ip: 172.17.0.2, host: 140068b710f1, networkLocation: /default-rack, certSerialId: null, persistedOpState: IN_SERVICE, persistedOpStateExpiryEpochSec: 0}, Type:RATIS, Factor:THREE, State:ALLOCATED, leaderId:03a4ab30-7c3b-428c-926c-31d823ed78af, CreationTimestamp2020-12-26T01:57:24.881Z] moved to OPEN state
2020-12-26 01:57:32,786 [03a4ab30-7c3b-428c-926c-31d823ed78af@group-CBCCC18211C1-LeaderElection69] INFO  server.RaftServerConfigKeys (ConfUtils.java:logGet(44)) - raft.server.log.appender.snapshot.chunk.size.max = 16MB (=16777216) (default)
2020-12-26 01:57:32,786 [03a4ab30-7c3b-428c-926c-31d823ed78af@group-CBCCC18211C1-LeaderElection69] INFO  server.RaftServerConfigKeys (ConfUtils.java:logGet(44)) - raft.server.log.appender.buffer.byte-limit = 33554432 (custom)
2020-12-26 01:57:32,786 [03a4ab30-7c3b-428c-926c-31d823ed78af@group-CBCCC18211C1-LeaderElection69] INFO  server.RaftServerConfigKeys (ConfUtils.java:logGet(44)) - raft.server.log.appender.buffer.element-limit = 1 (custom)
2020-12-26 01:57:32,786 [03a4ab30-7c3b-428c-926c-31d823ed78af@group-CBCCC18211C1-LeaderElection69] INFO  grpc.GrpcConfigKeys (ConfUtils.java:logGet(44)) - raft.grpc.server.leader.outstanding.appends.max = 128 (default)
2020-12-26 01:57:32,787 [03a4ab30-7c3b-428c-926c-31d823ed78af@group-CBCCC18211C1-LeaderElection69] INFO  server.RaftServerConfigKeys (ConfUtils.java:logGet(44)) - raft.server.rpc.request.timeout = 3000ms (default)
2020-12-26 01:57:32,787 [03a4ab30-7c3b-428c-926c-31d823ed78af@group-CBCCC18211C1-LeaderElection69] INFO  server.RaftServerConfigKeys (ConfUtils.java:logGet(44)) - raft.server.log.appender.install.snapshot.enabled = false (custom)
2020-12-26 01:57:32,788 [03a4ab30-7c3b-428c-926c-31d823ed78af@group-CBCCC18211C1-LeaderElection69] INFO  impl.RoleInfo (RoleInfo.java:updateAndGet(130)) - 03a4ab30-7c3b-428c-926c-31d823ed78af: start 03a4ab30-7c3b-428c-926c-31d823ed78af@group-CBCCC18211C1-LeaderStateImpl
2020-12-26 01:57:32,790 [a9229adb-278c-43ef-9666-e3cbf980c0ea@group-A4C42016F79F-LeaderElection70] INFO  server.RaftServerConfigKeys (ConfUtils.java:logGet(44)) - raft.server.staging.catchup.gap = 1000 (default)
2020-12-26 01:57:32,795 [a9229adb-278c-43ef-9666-e3cbf980c0ea@group-A4C42016F79F-LeaderElection70] INFO  metrics.RatisMetrics (RatisMetrics.java:lambda$create$0(36)) - Creating Metrics Registry : ratis.log_appender.a9229adb-278c-43ef-9666-e3cbf980c0ea@group-A4C42016F79F
2020-12-26 01:57:32,795 [03a4ab30-7c3b-428c-926c-31d823ed78af@group-CBCCC18211C1-LeaderElection69] INFO  segmented.SegmentedRaftLogWorker (SegmentedRaftLogWorker.java:startLogSegment(392)) - 03a4ab30-7c3b-428c-926c-31d823ed78af@group-CBCCC18211C1-SegmentedRaftLogWorker: Starting segment from index:0
2020-12-26 01:57:32,795 [a9229adb-278c-43ef-9666-e3cbf980c0ea@group-A4C42016F79F-LeaderElection70] INFO  server.RaftServerConfigKeys (ConfUtils.java:logGet(44)) - raft.server.write.element-limit = 1024 (custom)
2020-12-26 01:57:32,799 [a9229adb-278c-43ef-9666-e3cbf980c0ea@group-A4C42016F79F-LeaderElection70] INFO  server.RaftServerConfigKeys (ConfUtils.java:logGet(44)) - raft.server.write.byte-limit = 1073741824 (custom)
2020-12-26 01:57:32,800 [a9229adb-278c-43ef-9666-e3cbf980c0ea@group-A4C42016F79F-LeaderElection70] INFO  server.RaftServerConfigKeys (ConfUtils.java:logGet(44)) - raft.server.watch.timeout = 3000ms (custom)
2020-12-26 01:57:32,800 [a9229adb-278c-43ef-9666-e3cbf980c0ea@group-A4C42016F79F-LeaderElection70] INFO  server.RaftServerConfigKeys (ConfUtils.java:logGet(44)) - raft.server.watch.timeout.denomination = 1s (default)
2020-12-26 01:57:32,800 [a9229adb-278c-43ef-9666-e3cbf980c0ea@group-A4C42016F79F-LeaderElection70] INFO  server.RaftServerConfigKeys (ConfUtils.java:logGet(44)) - raft.server.watch.element-limit = 65536 (default)
2020-12-26 01:57:32,800 [a9229adb-278c-43ef-9666-e3cbf980c0ea@group-A4C42016F79F-LeaderElection70] INFO  impl.RoleInfo (RoleInfo.java:updateAndGet(130)) - a9229adb-278c-43ef-9666-e3cbf980c0ea: start a9229adb-278c-43ef-9666-e3cbf980c0ea@group-A4C42016F79F-LeaderStateImpl
2020-12-26 01:57:32,801 [a9229adb-278c-43ef-9666-e3cbf980c0ea@group-A4C42016F79F-LeaderElection70] INFO  segmented.SegmentedRaftLogWorker (SegmentedRaftLogWorker.java:startLogSegment(392)) - a9229adb-278c-43ef-9666-e3cbf980c0ea@group-A4C42016F79F-SegmentedRaftLogWorker: Starting segment from index:0
2020-12-26 01:57:32,804 [a9229adb-278c-43ef-9666-e3cbf980c0ea@group-A4C42016F79F-LeaderElection70] INFO  server.RaftServer$Division (ServerState.java:setRaftConf(374)) - a9229adb-278c-43ef-9666-e3cbf980c0ea@group-A4C42016F79F: set configuration 0: [a9229adb-278c-43ef-9666-e3cbf980c0ea|rpc:172.17.0.2:43985|dataStream:], old=null at 0
2020-12-26 01:57:32,805 [a9229adb-278c-43ef-9666-e3cbf980c0ea@group-A4C42016F79F-SegmentedRaftLogWorker] INFO  segmented.SegmentedRaftLogWorker (SegmentedRaftLogWorker.java:execute(599)) - a9229adb-278c-43ef-9666-e3cbf980c0ea@group-A4C42016F79F-SegmentedRaftLogWorker: created new log segment /github/workspace/mnt/ozone/hadoop-ozone/integration-test/target/test-dir/MiniOzoneClusterImpl-b0bbc67e-6e78-4c8b-9c9f-814a2ca087f9/datanode-1/data/ratis/24ef1db4-029e-490d-b15c-a4c42016f79f/current/log_inprogress_0
2020-12-26 01:57:32,812 [03a4ab30-7c3b-428c-926c-31d823ed78af@group-CBCCC18211C1-SegmentedRaftLogWorker] INFO  segmented.SegmentedRaftLogWorker (SegmentedRaftLogWorker.java:execute(599)) - 03a4ab30-7c3b-428c-926c-31d823ed78af@group-CBCCC18211C1-SegmentedRaftLogWorker: created new log segment /github/workspace/mnt/ozone/hadoop-ozone/integration-test/target/test-dir/MiniOzoneClusterImpl-b0bbc67e-6e78-4c8b-9c9f-814a2ca087f9/datanode-2/data/ratis/4b3ce42e-715f-4136-a2ae-cbccc18211c1/current/log_inprogress_0
2020-12-26 01:57:32,824 [03a4ab30-7c3b-428c-926c-31d823ed78af@group-CBCCC18211C1-LeaderElection69] INFO  server.RaftServer$Division (ServerState.java:setRaftConf(374)) - 03a4ab30-7c3b-428c-926c-31d823ed78af@group-CBCCC18211C1: set configuration 0: [a9229adb-278c-43ef-9666-e3cbf980c0ea|rpc:172.17.0.2:43985|dataStream:, 03a4ab30-7c3b-428c-926c-31d823ed78af|rpc:172.17.0.2:35853|dataStream:, c7c2d1d0-24bf-4086-b8ac-f9c9c7e07f42|rpc:172.17.0.2:44251|dataStream:], old=null at 0
2020-12-26 01:57:32,826 [grpc-default-executor-6] INFO  server.RaftServer$Division (RaftServerImpl.java:setRole(275)) - c7c2d1d0-24bf-4086-b8ac-f9c9c7e07f42@group-CBCCC18211C1: changes role from CANDIDATE to FOLLOWER at term 1 for appendEntries
2020-12-26 01:57:32,826 [grpc-default-executor-6] INFO  impl.RoleInfo (RoleInfo.java:shutdownLeaderElection(121)) - c7c2d1d0-24bf-4086-b8ac-f9c9c7e07f42: shutdown c7c2d1d0-24bf-4086-b8ac-f9c9c7e07f42@group-CBCCC18211C1-LeaderElection68
2020-12-26 01:57:32,826 [grpc-default-executor-6] INFO  impl.RoleInfo (RoleInfo.java:updateAndGet(130)) - c7c2d1d0-24bf-4086-b8ac-f9c9c7e07f42: start c7c2d1d0-24bf-4086-b8ac-f9c9c7e07f42@group-CBCCC18211C1-FollowerState
2020-12-26 01:57:32,830 [grpc-default-executor-3] INFO  server.RaftServer$Division (RaftServerImpl.java:requestVote(973)) - 03a4ab30-7c3b-428c-926c-31d823ed78af@group-CBCCC18211C1-   LEADER: Withhold vote from candidate c7c2d1d0-24bf-4086-b8ac-f9c9c7e07f42 with term 1. State: leader=03a4ab30-7c3b-428c-926c-31d823ed78af, term=1, lastRpcElapsed=null
2020-12-26 01:57:32,831 [c7c2d1d0-24bf-4086-b8ac-f9c9c7e07f42@group-CBCCC18211C1-LeaderElection68] INFO  impl.LeaderElection (LeaderElection.java:logAndReturn(68)) - c7c2d1d0-24bf-4086-b8ac-f9c9c7e07f42@group-CBCCC18211C1-LeaderElection68: Election REJECTED; received 2 response(s) [c7c2d1d0-24bf-4086-b8ac-f9c9c7e07f42<-a9229adb-278c-43ef-9666-e3cbf980c0ea#0:FAIL-t1, c7c2d1d0-24bf-4086-b8ac-f9c9c7e07f42<-03a4ab30-7c3b-428c-926c-31d823ed78af#0:FAIL-t1] and 0 exception(s); c7c2d1d0-24bf-4086-b8ac-f9c9c7e07f42@group-CBCCC18211C1:t1, leader=null, voted=c7c2d1d0-24bf-4086-b8ac-f9c9c7e07f42, raftlog=c7c2d1d0-24bf-4086-b8ac-f9c9c7e07f42@group-CBCCC18211C1-SegmentedRaftLog:OPENED:c-1,f-1,i0, conf=-1: [a9229adb-278c-43ef-9666-e3cbf980c0ea|rpc:172.17.0.2:43985, 03a4ab30-7c3b-428c-926c-31d823ed78af|rpc:172.17.0.2:35853, c7c2d1d0-24bf-4086-b8ac-f9c9c7e07f42|rpc:172.17.0.2:44251], old=null
2020-12-26 01:57:32,832 [grpc-default-executor-0] INFO  ratis.XceiverServerRatis (XceiverServerRatis.java:handleLeaderChangedNotification(862)) - Leader change notification received for group: group-CBCCC18211C1 with new leaderId: 03a4ab30-7c3b-428c-926c-31d823ed78af
2020-12-26 01:57:32,832 [grpc-default-executor-0] INFO  server.RaftServer$Division (ServerState.java:setLeader(258)) - a9229adb-278c-43ef-9666-e3cbf980c0ea@group-CBCCC18211C1: change Leader from null to 03a4ab30-7c3b-428c-926c-31d823ed78af at term 1 for appendEntries, leader elected after 5217ms
2020-12-26 01:57:32,839 [grpc-default-executor-6] INFO  ratis.XceiverServerRatis (XceiverServerRatis.java:handleLeaderChangedNotification(862)) - Leader change notification received for group: group-CBCCC18211C1 with new leaderId: 03a4ab30-7c3b-428c-926c-31d823ed78af
2020-12-26 01:57:32,839 [grpc-default-executor-6] INFO  server.RaftServer$Division (ServerState.java:setLeader(258)) - c7c2d1d0-24bf-4086-b8ac-f9c9c7e07f42@group-CBCCC18211C1: change Leader from null to 03a4ab30-7c3b-428c-926c-31d823ed78af at term 1 for appendEntries, leader elected after 5268ms
2020-12-26 01:57:32,888 [grpc-default-executor-6] INFO  server.RaftServer$Division (ServerState.java:setRaftConf(374)) - c7c2d1d0-24bf-4086-b8ac-f9c9c7e07f42@group-CBCCC18211C1: set configuration 0: [a9229adb-278c-43ef-9666-e3cbf980c0ea|rpc:172.17.0.2:43985|dataStream:, 03a4ab30-7c3b-428c-926c-31d823ed78af|rpc:172.17.0.2:35853|dataStream:, c7c2d1d0-24bf-4086-b8ac-f9c9c7e07f42|rpc:172.17.0.2:44251|dataStream:], old=null at 0
2020-12-26 01:57:32,889 [grpc-default-executor-6] INFO  segmented.SegmentedRaftLogWorker (SegmentedRaftLogWorker.java:startLogSegment(392)) - c7c2d1d0-24bf-4086-b8ac-f9c9c7e07f42@group-CBCCC18211C1-SegmentedRaftLogWorker: Starting segment from index:0
2020-12-26 01:57:32,889 [grpc-default-executor-0] INFO  server.RaftServer$Division (ServerState.java:setRaftConf(374)) - a9229adb-278c-43ef-9666-e3cbf980c0ea@group-CBCCC18211C1: set configuration 0: [a9229adb-278c-43ef-9666-e3cbf980c0ea|rpc:172.17.0.2:43985|dataStream:, 03a4ab30-7c3b-428c-926c-31d823ed78af|rpc:172.17.0.2:35853|dataStream:, c7c2d1d0-24bf-4086-b8ac-f9c9c7e07f42|rpc:172.17.0.2:44251|dataStream:], old=null at 0
2020-12-26 01:57:32,905 [grpc-default-executor-0] INFO  segmented.SegmentedRaftLogWorker (SegmentedRaftLogWorker.java:startLogSegment(392)) - a9229adb-278c-43ef-9666-e3cbf980c0ea@group-CBCCC18211C1-SegmentedRaftLogWorker: Starting segment from index:0
2020-12-26 01:57:32,906 [c7c2d1d0-24bf-4086-b8ac-f9c9c7e07f42@group-CBCCC18211C1-SegmentedRaftLogWorker] INFO  segmented.SegmentedRaftLogWorker (SegmentedRaftLogWorker.java:execute(599)) - c7c2d1d0-24bf-4086-b8ac-f9c9c7e07f42@group-CBCCC18211C1-SegmentedRaftLogWorker: created new log segment /github/workspace/mnt/ozone/hadoop-ozone/integration-test/target/test-dir/MiniOzoneClusterImpl-b0bbc67e-6e78-4c8b-9c9f-814a2ca087f9/datanode-0/data/ratis/4b3ce42e-715f-4136-a2ae-cbccc18211c1/current/log_inprogress_0
2020-12-26 01:57:32,910 [a9229adb-278c-43ef-9666-e3cbf980c0ea@group-CBCCC18211C1-SegmentedRaftLogWorker] INFO  segmented.SegmentedRaftLogWorker (SegmentedRaftLogWorker.java:execute(599)) - a9229adb-278c-43ef-9666-e3cbf980c0ea@group-CBCCC18211C1-SegmentedRaftLogWorker: created new log segment /github/workspace/mnt/ozone/hadoop-ozone/integration-test/target/test-dir/MiniOzoneClusterImpl-b0bbc67e-6e78-4c8b-9c9f-814a2ca087f9/datanode-1/data/ratis/4b3ce42e-715f-4136-a2ae-cbccc18211c1/current/log_inprogress_0
2020-12-26 01:57:33,017 [Thread-2520] INFO  impl.FollowerState (FollowerState.java:run(133)) - 03a4ab30-7c3b-428c-926c-31d823ed78af@group-C86E59087E83-FollowerState: change to CANDIDATE, lastRpcElapsedTime:5126347774ns, electionTimeout:5126ms
2020-12-26 01:57:33,017 [Thread-2520] INFO  impl.RoleInfo (RoleInfo.java:shutdownFollowerState(108)) - 03a4ab30-7c3b-428c-926c-31d823ed78af: shutdown 03a4ab30-7c3b-428c-926c-31d823ed78af@group-C86E59087E83-FollowerState
2020-12-26 01:57:33,018 [Thread-2520] INFO  server.RaftServer$Division (RaftServerImpl.java:setRole(275)) - 03a4ab30-7c3b-428c-926c-31d823ed78af@group-C86E59087E83: changes role from  FOLLOWER to CANDIDATE at term 0 for changeToCandidate
2020-12-26 01:57:33,018 [Thread-2520] INFO  impl.RoleInfo (RoleInfo.java:updateAndGet(130)) - 03a4ab30-7c3b-428c-926c-31d823ed78af: start 03a4ab30-7c3b-428c-926c-31d823ed78af@group-C86E59087E83-LeaderElection71
2020-12-26 01:57:33,022 [03a4ab30-7c3b-428c-926c-31d823ed78af@group-C86E59087E83-LeaderElection71] INFO  impl.LeaderElection (LeaderElection.java:askForVotes(219)) - 03a4ab30-7c3b-428c-926c-31d823ed78af@group-C86E59087E83-LeaderElection71: begin an election at term 1 for -1: [03a4ab30-7c3b-428c-926c-31d823ed78af|rpc:172.17.0.2:35853], old=null
2020-12-26 01:57:33,022 [03a4ab30-7c3b-428c-926c-31d823ed78af@group-C86E59087E83-LeaderElection71] INFO  impl.RoleInfo (RoleInfo.java:shutdownLeaderElection(121)) - 03a4ab30-7c3b-428c-926c-31d823ed78af: shutdown 03a4ab30-7c3b-428c-926c-31d823ed78af@group-C86E59087E83-LeaderElection71
2020-12-26 01:57:33,023 [03a4ab30-7c3b-428c-926c-31d823ed78af@group-C86E59087E83-LeaderElection71] INFO  server.RaftServer$Division (RaftServerImpl.java:setRole(275)) - 03a4ab30-7c3b-428c-926c-31d823ed78af@group-C86E59087E83: changes role from CANDIDATE to LEADER at term 1 for changeToLeader
2020-12-26 01:57:33,023 [03a4ab30-7c3b-428c-926c-31d823ed78af@group-C86E59087E83-LeaderElection71] INFO  ratis.XceiverServerRatis (XceiverServerRatis.java:handleLeaderChangedNotification(862)) - Leader change notification received for group: group-C86E59087E83 with new leaderId: 03a4ab30-7c3b-428c-926c-31d823ed78af
2020-12-26 01:57:33,023 [03a4ab30-7c3b-428c-926c-31d823ed78af@group-C86E59087E83-LeaderElection71] INFO  server.RaftServer$Division (ServerState.java:setLeader(258)) - 03a4ab30-7c3b-428c-926c-31d823ed78af@group-C86E59087E83: change Leader from null to 03a4ab30-7c3b-428c-926c-31d823ed78af at term 1 for becomeLeader, leader elected after 5140ms
2020-12-26 01:57:33,023 [Datanode State Machine Thread - 0] INFO  statemachine.DatanodeStateMachine (DatanodeStateMachine.java:lambda$startDaemon$0(408)) - Ozone container server started.
2020-12-26 01:57:33,023 [03a4ab30-7c3b-428c-926c-31d823ed78af@group-C86E59087E83-LeaderElection71] INFO  server.RaftServerConfigKeys (ConfUtils.java:logGet(44)) - raft.server.staging.catchup.gap = 1000 (default)
2020-12-26 01:57:33,023 [03a4ab30-7c3b-428c-926c-31d823ed78af@group-C86E59087E83-LeaderElection71] INFO  metrics.RatisMetrics (RatisMetrics.java:lambda$create$0(36)) - Creating Metrics Registry : ratis.log_appender.03a4ab30-7c3b-428c-926c-31d823ed78af@group-C86E59087E83
2020-12-26 01:57:33,024 [03a4ab30-7c3b-428c-926c-31d823ed78af@group-C86E59087E83-LeaderElection71] INFO  server.RaftServerConfigKeys (ConfUtils.java:logGet(44)) - raft.server.write.element-limit = 1024 (custom)
2020-12-26 01:57:33,024 [03a4ab30-7c3b-428c-926c-31d823ed78af@group-C86E59087E83-LeaderElection71] INFO  server.RaftServerConfigKeys (ConfUtils.java:logGet(44)) - raft.server.write.byte-limit = 1073741824 (custom)
2020-12-26 01:57:33,024 [03a4ab30-7c3b-428c-926c-31d823ed78af@group-C86E59087E83-LeaderElection71] INFO  server.RaftServerConfigKeys (ConfUtils.java:logGet(44)) - raft.server.watch.timeout = 3000ms (custom)
2020-12-26 01:57:33,024 [03a4ab30-7c3b-428c-926c-31d823ed78af@group-C86E59087E83-LeaderElection71] INFO  server.RaftServerConfigKeys (ConfUtils.java:logGet(44)) - raft.server.watch.timeout.denomination = 1s (default)
2020-12-26 01:57:33,024 [03a4ab30-7c3b-428c-926c-31d823ed78af@group-C86E59087E83-LeaderElection71] INFO  server.RaftServerConfigKeys (ConfUtils.java:logGet(44)) - raft.server.watch.element-limit = 65536 (default)
2020-12-26 01:57:33,024 [03a4ab30-7c3b-428c-926c-31d823ed78af@group-C86E59087E83-LeaderElection71] INFO  impl.RoleInfo (RoleInfo.java:updateAndGet(130)) - 03a4ab30-7c3b-428c-926c-31d823ed78af: start 03a4ab30-7c3b-428c-926c-31d823ed78af@group-C86E59087E83-LeaderStateImpl
2020-12-26 01:57:33,025 [03a4ab30-7c3b-428c-926c-31d823ed78af@group-C86E59087E83-LeaderElection71] INFO  segmented.SegmentedRaftLogWorker (SegmentedRaftLogWorker.java:startLogSegment(392)) - 03a4ab30-7c3b-428c-926c-31d823ed78af@group-C86E59087E83-SegmentedRaftLogWorker: Starting segment from index:0
2020-12-26 01:57:33,026 [03a4ab30-7c3b-428c-926c-31d823ed78af@group-C86E59087E83-SegmentedRaftLogWorker] INFO  segmented.SegmentedRaftLogWorker (SegmentedRaftLogWorker.java:execute(599)) - 03a4ab30-7c3b-428c-926c-31d823ed78af@group-C86E59087E83-SegmentedRaftLogWorker: created new log segment /github/workspace/mnt/ozone/hadoop-ozone/integration-test/target/test-dir/MiniOzoneClusterImpl-b0bbc67e-6e78-4c8b-9c9f-814a2ca087f9/datanode-2/data/ratis/0dbac3b6-6176-4237-9183-c86e59087e83/current/log_inprogress_0
2020-12-26 01:57:33,027 [03a4ab30-7c3b-428c-926c-31d823ed78af@group-C86E59087E83-LeaderElection71] INFO  server.RaftServer$Division (ServerState.java:setRaftConf(374)) - 03a4ab30-7c3b-428c-926c-31d823ed78af@group-C86E59087E83: set configuration 0: [03a4ab30-7c3b-428c-926c-31d823ed78af|rpc:172.17.0.2:35853|dataStream:], old=null at 0
2020-12-26 01:57:33,131 [Thread-2522] INFO  impl.FollowerState (FollowerState.java:run(133)) - 73c99ad5-410f-4ffb-8408-ddbdb29ea4d0@group-DBCF2475E781-FollowerState: change to CANDIDATE, lastRpcElapsedTime:5005533289ns, electionTimeout:5004ms
2020-12-26 01:57:33,132 [Thread-2522] INFO  impl.RoleInfo (RoleInfo.java:shutdownFollowerState(108)) - 73c99ad5-410f-4ffb-8408-ddbdb29ea4d0: shutdown 73c99ad5-410f-4ffb-8408-ddbdb29ea4d0@group-DBCF2475E781-FollowerState
2020-12-26 01:57:33,132 [Thread-2522] INFO  server.RaftServer$Division (RaftServerImpl.java:setRole(275)) - 73c99ad5-410f-4ffb-8408-ddbdb29ea4d0@group-DBCF2475E781: changes role from  FOLLOWER to CANDIDATE at term 0 for changeToCandidate
2020-12-26 01:57:33,132 [Thread-2522] INFO  impl.RoleInfo (RoleInfo.java:updateAndGet(130)) - 73c99ad5-410f-4ffb-8408-ddbdb29ea4d0: start 73c99ad5-410f-4ffb-8408-ddbdb29ea4d0@group-DBCF2475E781-LeaderElection72
2020-12-26 01:57:33,139 [73c99ad5-410f-4ffb-8408-ddbdb29ea4d0@group-DBCF2475E781-LeaderElection72] INFO  impl.LeaderElection (LeaderElection.java:askForVotes(219)) - 73c99ad5-410f-4ffb-8408-ddbdb29ea4d0@group-DBCF2475E781-LeaderElection72: begin an election at term 1 for -1: [73c99ad5-410f-4ffb-8408-ddbdb29ea4d0|rpc:172.17.0.2:39033], old=null
2020-12-26 01:57:33,139 [73c99ad5-410f-4ffb-8408-ddbdb29ea4d0@group-DBCF2475E781-LeaderElection72] INFO  impl.RoleInfo (RoleInfo.java:shutdownLeaderElection(121)) - 73c99ad5-410f-4ffb-8408-ddbdb29ea4d0: shutdown 73c99ad5-410f-4ffb-8408-ddbdb29ea4d0@group-DBCF2475E781-LeaderElection72
2020-12-26 01:57:33,139 [73c99ad5-410f-4ffb-8408-ddbdb29ea4d0@group-DBCF2475E781-LeaderElection72] INFO  server.RaftServer$Division (RaftServerImpl.java:setRole(275)) - 73c99ad5-410f-4ffb-8408-ddbdb29ea4d0@group-DBCF2475E781: changes role from CANDIDATE to LEADER at term 1 for changeToLeader
2020-12-26 01:57:33,139 [73c99ad5-410f-4ffb-8408-ddbdb29ea4d0@group-DBCF2475E781-LeaderElection72] INFO  ratis.XceiverServerRatis (XceiverServerRatis.java:handleLeaderChangedNotification(862)) - Leader change notification received for group: group-DBCF2475E781 with new leaderId: 73c99ad5-410f-4ffb-8408-ddbdb29ea4d0
2020-12-26 01:57:33,139 [73c99ad5-410f-4ffb-8408-ddbdb29ea4d0@group-DBCF2475E781-LeaderElection72] INFO  server.RaftServer$Division (ServerState.java:setLeader(258)) - 73c99ad5-410f-4ffb-8408-ddbdb29ea4d0@group-DBCF2475E781: change Leader from null to 73c99ad5-410f-4ffb-8408-ddbdb29ea4d0 at term 1 for becomeLeader, leader elected after 5020ms
2020-12-26 01:57:33,141 [73c99ad5-410f-4ffb-8408-ddbdb29ea4d0@group-DBCF2475E781-LeaderElection72] INFO  server.RaftServerConfigKeys (ConfUtils.java:logGet(44)) - raft.server.staging.catchup.gap = 1000 (default)
2020-12-26 01:57:33,142 [73c99ad5-410f-4ffb-8408-ddbdb29ea4d0@group-DBCF2475E781-LeaderElection72] INFO  metrics.RatisMetrics (RatisMetrics.java:lambda$create$0(36)) - Creating Metrics Registry : ratis.log_appender.73c99ad5-410f-4ffb-8408-ddbdb29ea4d0@group-DBCF2475E781
2020-12-26 01:57:33,142 [73c99ad5-410f-4ffb-8408-ddbdb29ea4d0@group-DBCF2475E781-LeaderElection72] INFO  server.RaftServerConfigKeys (ConfUtils.java:logGet(44)) - raft.server.write.element-limit = 1024 (custom)
2020-12-26 01:57:33,142 [73c99ad5-410f-4ffb-8408-ddbdb29ea4d0@group-DBCF2475E781-LeaderElection72] INFO  server.RaftServerConfigKeys (ConfUtils.java:logGet(44)) - raft.server.write.byte-limit = 1073741824 (custom)
2020-12-26 01:57:33,142 [73c99ad5-410f-4ffb-8408-ddbdb29ea4d0@group-DBCF2475E781-LeaderElection72] INFO  server.RaftServerConfigKeys (ConfUtils.java:logGet(44)) - raft.server.watch.timeout = 3000ms (custom)
2020-12-26 01:57:33,143 [73c99ad5-410f-4ffb-8408-ddbdb29ea4d0@group-DBCF2475E781-LeaderElection72] INFO  server.RaftServerConfigKeys (ConfUtils.java:logGet(44)) - raft.server.watch.timeout.denomination = 1s (default)
2020-12-26 01:57:33,143 [73c99ad5-410f-4ffb-8408-ddbdb29ea4d0@group-DBCF2475E781-LeaderElection72] INFO  server.RaftServerConfigKeys (ConfUtils.java:logGet(44)) - raft.server.watch.element-limit = 65536 (default)
2020-12-26 01:57:33,143 [73c99ad5-410f-4ffb-8408-ddbdb29ea4d0@group-DBCF2475E781-LeaderElection72] INFO  impl.RoleInfo (RoleInfo.java:updateAndGet(130)) - 73c99ad5-410f-4ffb-8408-ddbdb29ea4d0: start 73c99ad5-410f-4ffb-8408-ddbdb29ea4d0@group-DBCF2475E781-LeaderStateImpl
2020-12-26 01:57:33,143 [73c99ad5-410f-4ffb-8408-ddbdb29ea4d0@group-DBCF2475E781-LeaderElection72] INFO  segmented.SegmentedRaftLogWorker (SegmentedRaftLogWorker.java:startLogSegment(392)) - 73c99ad5-410f-4ffb-8408-ddbdb29ea4d0@group-DBCF2475E781-SegmentedRaftLogWorker: Starting segment from index:0
2020-12-26 01:57:33,145 [73c99ad5-410f-4ffb-8408-ddbdb29ea4d0@group-DBCF2475E781-SegmentedRaftLogWorker] INFO  segmented.SegmentedRaftLogWorker (SegmentedRaftLogWorker.java:execute(599)) - 73c99ad5-410f-4ffb-8408-ddbdb29ea4d0@group-DBCF2475E781-SegmentedRaftLogWorker: created new log segment /github/workspace/mnt/ozone/hadoop-ozone/integration-test/target/test-dir/MiniOzoneClusterImpl-b0bbc67e-6e78-4c8b-9c9f-814a2ca087f9/datanode-3/data/ratis/26cb6a70-665f-4bfd-982c-dbcf2475e781/current/log_inprogress_0
2020-12-26 01:57:33,145 [73c99ad5-410f-4ffb-8408-ddbdb29ea4d0@group-DBCF2475E781-LeaderElection72] INFO  server.RaftServer$Division (ServerState.java:setRaftConf(374)) - 73c99ad5-410f-4ffb-8408-ddbdb29ea4d0@group-DBCF2475E781: set configuration 0: [73c99ad5-410f-4ffb-8408-ddbdb29ea4d0|rpc:172.17.0.2:39033|dataStream:], old=null at 0
2020-12-26 01:57:33,191 [Thread-2524] INFO  impl.FollowerState (FollowerState.java:run(133)) - 73c99ad5-410f-4ffb-8408-ddbdb29ea4d0@group-99F8A9162041-FollowerState: change to CANDIDATE, lastRpcElapsedTime:5053436872ns, electionTimeout:5053ms
2020-12-26 01:57:33,192 [Thread-2524] INFO  impl.RoleInfo (RoleInfo.java:shutdownFollowerState(108)) - 73c99ad5-410f-4ffb-8408-ddbdb29ea4d0: shutdown 73c99ad5-410f-4ffb-8408-ddbdb29ea4d0@group-99F8A9162041-FollowerState
2020-12-26 01:57:33,192 [Thread-2524] INFO  server.RaftServer$Division (RaftServerImpl.java:setRole(275)) - 73c99ad5-410f-4ffb-8408-ddbdb29ea4d0@group-99F8A9162041: changes role from  FOLLOWER to CANDIDATE at term 0 for changeToCandidate
2020-12-26 01:57:33,192 [Thread-2524] INFO  impl.RoleInfo (RoleInfo.java:updateAndGet(130)) - 73c99ad5-410f-4ffb-8408-ddbdb29ea4d0: start 73c99ad5-410f-4ffb-8408-ddbdb29ea4d0@group-99F8A9162041-LeaderElection73
2020-12-26 01:57:33,194 [73c99ad5-410f-4ffb-8408-ddbdb29ea4d0@group-99F8A9162041-LeaderElection73] INFO  impl.LeaderElection (LeaderElection.java:askForVotes(219)) - 73c99ad5-410f-4ffb-8408-ddbdb29ea4d0@group-99F8A9162041-LeaderElection73: begin an election at term 1 for -1: [8e16b57b-a520-4ff3-ab9c-70e7128aded3|rpc:172.17.0.2:33447, 43af3075-460a-422d-a924-90885968f40d|rpc:172.17.0.2:44111, 73c99ad5-410f-4ffb-8408-ddbdb29ea4d0|rpc:172.17.0.2:39033], old=null
2020-12-26 01:57:33,201 [grpc-default-executor-0] INFO  server.RaftServer$Division (RaftServerImpl.java:setRole(275)) - 8e16b57b-a520-4ff3-ab9c-70e7128aded3@group-99F8A9162041: changes role from  FOLLOWER to FOLLOWER at term 1 for recognizeCandidate:73c99ad5-410f-4ffb-8408-ddbdb29ea4d0
2020-12-26 01:57:33,201 [grpc-default-executor-0] INFO  impl.RoleInfo (RoleInfo.java:shutdownFollowerState(108)) - 8e16b57b-a520-4ff3-ab9c-70e7128aded3: shutdown 8e16b57b-a520-4ff3-ab9c-70e7128aded3@group-99F8A9162041-FollowerState
2020-12-26 01:57:33,201 [grpc-default-executor-0] INFO  impl.RoleInfo (RoleInfo.java:updateAndGet(130)) - 8e16b57b-a520-4ff3-ab9c-70e7128aded3: start 8e16b57b-a520-4ff3-ab9c-70e7128aded3@group-99F8A9162041-FollowerState
2020-12-26 01:57:33,201 [Thread-2529] INFO  impl.FollowerState (FollowerState.java:run(142)) - 8e16b57b-a520-4ff3-ab9c-70e7128aded3@group-99F8A9162041-FollowerState was interrupted: {}
java.lang.InterruptedException: sleep interrupted
	at java.lang.Thread.sleep(Native Method)
	at java.lang.Thread.sleep(Thread.java:340)
	at java.util.concurrent.TimeUnit.sleep(TimeUnit.java:386)
	at org.apache.ratis.util.TimeDuration.sleep(TimeDuration.java:319)
	at org.apache.ratis.util.TimeDuration.sleep(TimeDuration.java:304)
	at org.apache.ratis.server.impl.FollowerState.run(FollowerState.java:117)
2020-12-26 01:57:33,201 [grpc-default-executor-0] INFO  server.RaftServer$Division (RaftServerImpl.java:requestVote(983)) -  FOLLOWER 8e16b57b-a520-4ff3-ab9c-70e7128aded3@group-99F8A9162041:t1, leader=null, voted=null, raftlog=8e16b57b-a520-4ff3-ab9c-70e7128aded3@group-99F8A9162041-SegmentedRaftLog:OPENED:c-1,f-1,i0, conf=-1: [8e16b57b-a520-4ff3-ab9c-70e7128aded3|rpc:172.17.0.2:33447|dataStream:, 43af3075-460a-422d-a924-90885968f40d|rpc:172.17.0.2:44111|dataStream:, 73c99ad5-410f-4ffb-8408-ddbdb29ea4d0|rpc:172.17.0.2:39033|dataStream:], old=null RUNNING priority:0 candidate:73c99ad5-410f-4ffb-8408-ddbdb29ea4d0|rpc:172.17.0.2:39033|dataStream: candidatePriority:0 compare:0
2020-12-26 01:57:33,202 [grpc-default-executor-5] INFO  server.RaftServer$Division (RaftServerImpl.java:setRole(275)) - 43af3075-460a-422d-a924-90885968f40d@group-99F8A9162041: changes role from  FOLLOWER to FOLLOWER at term 1 for recognizeCandidate:73c99ad5-410f-4ffb-8408-ddbdb29ea4d0
2020-12-26 01:57:33,202 [grpc-default-executor-5] INFO  impl.RoleInfo (RoleInfo.java:shutdownFollowerState(108)) - 43af3075-460a-422d-a924-90885968f40d: shutdown 43af3075-460a-422d-a924-90885968f40d@group-99F8A9162041-FollowerState
2020-12-26 01:57:33,202 [grpc-default-executor-5] INFO  impl.RoleInfo (RoleInfo.java:updateAndGet(130)) - 43af3075-460a-422d-a924-90885968f40d: start 43af3075-460a-422d-a924-90885968f40d@group-99F8A9162041-FollowerState
2020-12-26 01:57:33,203 [Thread-2526] INFO  impl.FollowerState (FollowerState.java:run(142)) - 43af3075-460a-422d-a924-90885968f40d@group-99F8A9162041-FollowerState was interrupted: {}
java.lang.InterruptedException: sleep interrupted
	at java.lang.Thread.sleep(Native Method)
	at java.lang.Thread.sleep(Thread.java:340)
	at java.util.concurrent.TimeUnit.sleep(TimeUnit.java:386)
	at org.apache.ratis.util.TimeDuration.sleep(TimeDuration.java:319)
	at org.apache.ratis.util.TimeDuration.sleep(TimeDuration.java:304)
	at org.apache.ratis.server.impl.FollowerState.run(FollowerState.java:117)
2020-12-26 01:57:33,203 [grpc-default-executor-5] INFO  server.RaftServer$Division (RaftServerImpl.java:requestVote(983)) -  FOLLOWER 43af3075-460a-422d-a924-90885968f40d@group-99F8A9162041:t1, leader=null, voted=null, raftlog=43af3075-460a-422d-a924-90885968f40d@group-99F8A9162041-SegmentedRaftLog:OPENED:c-1,f-1,i0, conf=-1: [8e16b57b-a520-4ff3-ab9c-70e7128aded3|rpc:172.17.0.2:33447|dataStream:, 43af3075-460a-422d-a924-90885968f40d|rpc:172.17.0.2:44111|dataStream:, 73c99ad5-410f-4ffb-8408-ddbdb29ea4d0|rpc:172.17.0.2:39033|dataStream:], old=null RUNNING priority:0 candidate:73c99ad5-410f-4ffb-8408-ddbdb29ea4d0|rpc:172.17.0.2:39033|dataStream: candidatePriority:0 compare:0
2020-12-26 01:57:33,205 [73c99ad5-410f-4ffb-8408-ddbdb29ea4d0@group-99F8A9162041-LeaderElection73] INFO  impl.LeaderElection (LeaderElection.java:logAndReturn(68)) - 73c99ad5-410f-4ffb-8408-ddbdb29ea4d0@group-99F8A9162041-LeaderElection73: Election PASSED; received 1 response(s) [73c99ad5-410f-4ffb-8408-ddbdb29ea4d0<-8e16b57b-a520-4ff3-ab9c-70e7128aded3#0:OK-t1] and 0 exception(s); 73c99ad5-410f-4ffb-8408-ddbdb29ea4d0@group-99F8A9162041:t1, leader=null, voted=73c99ad5-410f-4ffb-8408-ddbdb29ea4d0, raftlog=73c99ad5-410f-4ffb-8408-ddbdb29ea4d0@group-99F8A9162041-SegmentedRaftLog:OPENED:c-1,f-1,i0, conf=-1: [8e16b57b-a520-4ff3-ab9c-70e7128aded3|rpc:172.17.0.2:33447, 43af3075-460a-422d-a924-90885968f40d|rpc:172.17.0.2:44111, 73c99ad5-410f-4ffb-8408-ddbdb29ea4d0|rpc:172.17.0.2:39033], old=null
2020-12-26 01:57:33,205 [73c99ad5-410f-4ffb-8408-ddbdb29ea4d0@group-99F8A9162041-LeaderElection73] INFO  impl.RoleInfo (RoleInfo.java:shutdownLeaderElection(121)) - 73c99ad5-410f-4ffb-8408-ddbdb29ea4d0: shutdown 73c99ad5-410f-4ffb-8408-ddbdb29ea4d0@group-99F8A9162041-LeaderElection73
2020-12-26 01:57:33,205 [73c99ad5-410f-4ffb-8408-ddbdb29ea4d0@group-99F8A9162041-LeaderElection73] INFO  server.RaftServer$Division (RaftServerImpl.java:setRole(275)) - 73c99ad5-410f-4ffb-8408-ddbdb29ea4d0@group-99F8A9162041: changes role from CANDIDATE to LEADER at term 1 for changeToLeader
2020-12-26 01:57:33,205 [73c99ad5-410f-4ffb-8408-ddbdb29ea4d0@group-99F8A9162041-LeaderElection73] INFO  ratis.XceiverServerRatis (XceiverServerRatis.java:handleLeaderChangedNotification(862)) - Leader change notification received for group: group-99F8A9162041 with new leaderId: 73c99ad5-410f-4ffb-8408-ddbdb29ea4d0
2020-12-26 01:57:33,205 [73c99ad5-410f-4ffb-8408-ddbdb29ea4d0@group-99F8A9162041-LeaderElection73] INFO  server.RaftServer$Division (ServerState.java:setLeader(258)) - 73c99ad5-410f-4ffb-8408-ddbdb29ea4d0@group-99F8A9162041: change Leader from null to 73c99ad5-410f-4ffb-8408-ddbdb29ea4d0 at term 1 for becomeLeader, leader elected after 5074ms
2020-12-26 01:57:33,205 [73c99ad5-410f-4ffb-8408-ddbdb29ea4d0@group-99F8A9162041-LeaderElection73] INFO  server.RaftServerConfigKeys (ConfUtils.java:logGet(44)) - raft.server.staging.catchup.gap = 1000 (default)
2020-12-26 01:57:33,205 [73c99ad5-410f-4ffb-8408-ddbdb29ea4d0@group-99F8A9162041-LeaderElection73] INFO  metrics.RatisMetrics (RatisMetrics.java:lambda$create$0(36)) - Creating Metrics Registry : ratis.log_appender.73c99ad5-410f-4ffb-8408-ddbdb29ea4d0@group-99F8A9162041
2020-12-26 01:57:33,206 [73c99ad5-410f-4ffb-8408-ddbdb29ea4d0@group-99F8A9162041-LeaderElection73] INFO  server.RaftServerConfigKeys (ConfUtils.java:logGet(44)) - raft.server.write.element-limit = 1024 (custom)
2020-12-26 01:57:33,206 [73c99ad5-410f-4ffb-8408-ddbdb29ea4d0@group-99F8A9162041-LeaderElection73] INFO  server.RaftServerConfigKeys (ConfUtils.java:logGet(44)) - raft.server.write.byte-limit = 1073741824 (custom)
2020-12-26 01:57:33,206 [73c99ad5-410f-4ffb-8408-ddbdb29ea4d0@group-99F8A9162041-LeaderElection73] INFO  server.RaftServerConfigKeys (ConfUtils.java:logGet(44)) - raft.server.watch.timeout = 3000ms (custom)
2020-12-26 01:57:33,206 [73c99ad5-410f-4ffb-8408-ddbdb29ea4d0@group-99F8A9162041-LeaderElection73] INFO  server.RaftServerConfigKeys (ConfUtils.java:logGet(44)) - raft.server.watch.timeout.denomination = 1s (default)
2020-12-26 01:57:33,206 [73c99ad5-410f-4ffb-8408-ddbdb29ea4d0@group-99F8A9162041-LeaderElection73] INFO  server.RaftServerConfigKeys (ConfUtils.java:logGet(44)) - raft.server.watch.element-limit = 65536 (default)
2020-12-26 01:57:33,206 [73c99ad5-410f-4ffb-8408-ddbdb29ea4d0@group-99F8A9162041-LeaderElection73] INFO  server.RaftServerConfigKeys (ConfUtils.java:logGet(44)) - raft.server.log.appender.snapshot.chunk.size.max = 16MB (=16777216) (default)
2020-12-26 01:57:33,206 [73c99ad5-410f-4ffb-8408-ddbdb29ea4d0@group-99F8A9162041-LeaderElection73] INFO  server.RaftServerConfigKeys (ConfUtils.java:logGet(44)) - raft.server.log.appender.buffer.byte-limit = 33554432 (custom)
2020-12-26 01:57:33,207 [73c99ad5-410f-4ffb-8408-ddbdb29ea4d0@group-99F8A9162041-LeaderElection73] INFO  server.RaftServerConfigKeys (ConfUtils.java:logGet(44)) - raft.server.log.appender.buffer.element-limit = 1 (custom)
2020-12-26 01:57:33,207 [73c99ad5-410f-4ffb-8408-ddbdb29ea4d0@group-99F8A9162041-LeaderElection73] INFO  grpc.GrpcConfigKeys (ConfUtils.java:logGet(44)) - raft.grpc.server.leader.outstanding.appends.max = 128 (default)
2020-12-26 01:57:33,207 [73c99ad5-410f-4ffb-8408-ddbdb29ea4d0@group-99F8A9162041-LeaderElection73] INFO  server.RaftServerConfigKeys (ConfUtils.java:logGet(44)) - raft.server.rpc.request.timeout = 3000ms (default)
2020-12-26 01:57:33,207 [73c99ad5-410f-4ffb-8408-ddbdb29ea4d0@group-99F8A9162041-LeaderElection73] INFO  server.RaftServerConfigKeys (ConfUtils.java:logGet(44)) - raft.server.log.appender.install.snapshot.enabled = false (custom)
2020-12-26 01:57:33,207 [73c99ad5-410f-4ffb-8408-ddbdb29ea4d0@group-99F8A9162041-LeaderElection73] INFO  metrics.RatisMetrics (RatisMetrics.java:lambda$create$0(36)) - Creating Metrics Registry : ratis_grpc.log_appender.73c99ad5-410f-4ffb-8408-ddbdb29ea4d0@group-99F8A9162041
2020-12-26 01:57:33,208 [EventQueue-PipelineReportForPipelineReportHandler] INFO  pipeline.PipelineStateManager (PipelineStateManager.java:openPipeline(132)) - Pipeline Pipeline[ Id: 5d650413-b041-4683-8cab-99f8a9162041, Nodes: 73c99ad5-410f-4ffb-8408-ddbdb29ea4d0{ip: 172.17.0.2, host: 140068b710f1, networkLocation: /default-rack, certSerialId: null, persistedOpState: IN_SERVICE, persistedOpStateExpiryEpochSec: 0}43af3075-460a-422d-a924-90885968f40d{ip: 172.17.0.2, host: 140068b710f1, networkLocation: /default-rack, certSerialId: null, persistedOpState: IN_SERVICE, persistedOpStateExpiryEpochSec: 0}8e16b57b-a520-4ff3-ab9c-70e7128aded3{ip: 172.17.0.2, host: 140068b710f1, networkLocation: /default-rack, certSerialId: null, persistedOpState: IN_SERVICE, persistedOpStateExpiryEpochSec: 0}, Type:RATIS, Factor:THREE, State:ALLOCATED, leaderId:73c99ad5-410f-4ffb-8408-ddbdb29ea4d0, CreationTimestamp2020-12-26T01:57:25.497Z] moved to OPEN state
2020-12-26 01:57:33,213 [73c99ad5-410f-4ffb-8408-ddbdb29ea4d0@group-99F8A9162041-LeaderElection73] INFO  server.RaftServerConfigKeys (ConfUtils.java:logGet(44)) - raft.server.log.appender.snapshot.chunk.size.max = 16MB (=16777216) (default)
2020-12-26 01:57:33,213 [73c99ad5-410f-4ffb-8408-ddbdb29ea4d0@group-99F8A9162041-LeaderElection73] INFO  server.RaftServerConfigKeys (ConfUtils.java:logGet(44)) - raft.server.log.appender.buffer.byte-limit = 33554432 (custom)
2020-12-26 01:57:33,213 [73c99ad5-410f-4ffb-8408-ddbdb29ea4d0@group-99F8A9162041-LeaderElection73] INFO  server.RaftServerConfigKeys (ConfUtils.java:logGet(44)) - raft.server.log.appender.buffer.element-limit = 1 (custom)
2020-12-26 01:57:33,214 [73c99ad5-410f-4ffb-8408-ddbdb29ea4d0@group-99F8A9162041-LeaderElection73] INFO  grpc.GrpcConfigKeys (ConfUtils.java:logGet(44)) - raft.grpc.server.leader.outstanding.appends.max = 128 (default)
2020-12-26 01:57:33,214 [73c99ad5-410f-4ffb-8408-ddbdb29ea4d0@group-99F8A9162041-LeaderElection73] INFO  server.RaftServerConfigKeys (ConfUtils.java:logGet(44)) - raft.server.rpc.request.timeout = 3000ms (default)
2020-12-26 01:57:33,214 [73c99ad5-410f-4ffb-8408-ddbdb29ea4d0@group-99F8A9162041-LeaderElection73] INFO  server.RaftServerConfigKeys (ConfUtils.java:logGet(44)) - raft.server.log.appender.install.snapshot.enabled = false (custom)
2020-12-26 01:57:33,217 [73c99ad5-410f-4ffb-8408-ddbdb29ea4d0@group-99F8A9162041-LeaderElection73] INFO  impl.RoleInfo (RoleInfo.java:updateAndGet(130)) - 73c99ad5-410f-4ffb-8408-ddbdb29ea4d0: start 73c99ad5-410f-4ffb-8408-ddbdb29ea4d0@group-99F8A9162041-LeaderStateImpl
2020-12-26 01:57:33,218 [73c99ad5-410f-4ffb-8408-ddbdb29ea4d0@group-99F8A9162041-LeaderElection73] INFO  segmented.SegmentedRaftLogWorker (SegmentedRaftLogWorker.java:startLogSegment(392)) - 73c99ad5-410f-4ffb-8408-ddbdb29ea4d0@group-99F8A9162041-SegmentedRaftLogWorker: Starting segment from index:0
2020-12-26 01:57:33,219 [73c99ad5-410f-4ffb-8408-ddbdb29ea4d0@group-99F8A9162041-SegmentedRaftLogWorker] INFO  segmented.SegmentedRaftLogWorker (SegmentedRaftLogWorker.java:execute(599)) - 73c99ad5-410f-4ffb-8408-ddbdb29ea4d0@group-99F8A9162041-SegmentedRaftLogWorker: created new log segment /github/workspace/mnt/ozone/hadoop-ozone/integration-test/target/test-dir/MiniOzoneClusterImpl-b0bbc67e-6e78-4c8b-9c9f-814a2ca087f9/datanode-3/data/ratis/5d650413-b041-4683-8cab-99f8a9162041/current/log_inprogress_0
2020-12-26 01:57:33,223 [73c99ad5-410f-4ffb-8408-ddbdb29ea4d0@group-99F8A9162041-LeaderElection73] INFO  server.RaftServer$Division (ServerState.java:setRaftConf(374)) - 73c99ad5-410f-4ffb-8408-ddbdb29ea4d0@group-99F8A9162041: set configuration 0: [8e16b57b-a520-4ff3-ab9c-70e7128aded3|rpc:172.17.0.2:33447|dataStream:, 43af3075-460a-422d-a924-90885968f40d|rpc:172.17.0.2:44111|dataStream:, 73c99ad5-410f-4ffb-8408-ddbdb29ea4d0|rpc:172.17.0.2:39033|dataStream:], old=null at 0
2020-12-26 01:57:33,230 [grpc-default-executor-5] INFO  ratis.XceiverServerRatis (XceiverServerRatis.java:handleLeaderChangedNotification(862)) - Leader change notification received for group: group-99F8A9162041 with new leaderId: 73c99ad5-410f-4ffb-8408-ddbdb29ea4d0
2020-12-26 01:57:33,230 [grpc-default-executor-5] INFO  server.RaftServer$Division (ServerState.java:setLeader(258)) - 8e16b57b-a520-4ff3-ab9c-70e7128aded3@group-99F8A9162041: change Leader from null to 73c99ad5-410f-4ffb-8408-ddbdb29ea4d0 at term 1 for appendEntries, leader elected after 5057ms
2020-12-26 01:57:33,235 [grpc-default-executor-6] INFO  ratis.XceiverServerRatis (XceiverServerRatis.java:handleLeaderChangedNotification(862)) - Leader change notification received for group: group-99F8A9162041 with new leaderId: 73c99ad5-410f-4ffb-8408-ddbdb29ea4d0
2020-12-26 01:57:33,236 [grpc-default-executor-6] INFO  server.RaftServer$Division (ServerState.java:setLeader(258)) - 43af3075-460a-422d-a924-90885968f40d@group-99F8A9162041: change Leader from null to 73c99ad5-410f-4ffb-8408-ddbdb29ea4d0 at term 1 for appendEntries, leader elected after 5086ms
2020-12-26 01:57:33,250 [grpc-default-executor-6] INFO  server.RaftServer$Division (ServerState.java:setRaftConf(374)) - 8e16b57b-a520-4ff3-ab9c-70e7128aded3@group-99F8A9162041: set configuration 0: [8e16b57b-a520-4ff3-ab9c-70e7128aded3|rpc:172.17.0.2:33447|dataStream:, 43af3075-460a-422d-a924-90885968f40d|rpc:172.17.0.2:44111|dataStream:, 73c99ad5-410f-4ffb-8408-ddbdb29ea4d0|rpc:172.17.0.2:39033|dataStream:], old=null at 0
2020-12-26 01:57:33,250 [grpc-default-executor-4] INFO  server.RaftServer$Division (ServerState.java:setRaftConf(374)) - 43af3075-460a-422d-a924-90885968f40d@group-99F8A9162041: set configuration 0: [8e16b57b-a520-4ff3-ab9c-70e7128aded3|rpc:172.17.0.2:33447|dataStream:, 43af3075-460a-422d-a924-90885968f40d|rpc:172.17.0.2:44111|dataStream:, 73c99ad5-410f-4ffb-8408-ddbdb29ea4d0|rpc:172.17.0.2:39033|dataStream:], old=null at 0
2020-12-26 01:57:33,252 [grpc-default-executor-6] INFO  segmented.SegmentedRaftLogWorker (SegmentedRaftLogWorker.java:startLogSegment(392)) - 8e16b57b-a520-4ff3-ab9c-70e7128aded3@group-99F8A9162041-SegmentedRaftLogWorker: Starting segment from index:0
2020-12-26 01:57:33,252 [grpc-default-executor-4] INFO  segmented.SegmentedRaftLogWorker (SegmentedRaftLogWorker.java:startLogSegment(392)) - 43af3075-460a-422d-a924-90885968f40d@group-99F8A9162041-SegmentedRaftLogWorker: Starting segment from index:0
2020-12-26 01:57:33,253 [8e16b57b-a520-4ff3-ab9c-70e7128aded3@group-99F8A9162041-SegmentedRaftLogWorker] INFO  segmented.SegmentedRaftLogWorker (SegmentedRaftLogWorker.java:execute(599)) - 8e16b57b-a520-4ff3-ab9c-70e7128aded3@group-99F8A9162041-SegmentedRaftLogWorker: created new log segment /github/workspace/mnt/ozone/hadoop-ozone/integration-test/target/test-dir/MiniOzoneClusterImpl-b0bbc67e-6e78-4c8b-9c9f-814a2ca087f9/datanode-4/data/ratis/5d650413-b041-4683-8cab-99f8a9162041/current/log_inprogress_0
2020-12-26 01:57:33,259 [43af3075-460a-422d-a924-90885968f40d@group-99F8A9162041-SegmentedRaftLogWorker] INFO  segmented.SegmentedRaftLogWorker (SegmentedRaftLogWorker.java:execute(599)) - 43af3075-460a-422d-a924-90885968f40d@group-99F8A9162041-SegmentedRaftLogWorker: created new log segment /github/workspace/mnt/ozone/hadoop-ozone/integration-test/target/test-dir/MiniOzoneClusterImpl-b0bbc67e-6e78-4c8b-9c9f-814a2ca087f9/datanode-5/data/ratis/5d650413-b041-4683-8cab-99f8a9162041/current/log_inprogress_0
2020-12-26 01:57:33,264 [Thread-2534] INFO  impl.FollowerState (FollowerState.java:run(133)) - 43af3075-460a-422d-a924-90885968f40d@group-49E6829A44B8-FollowerState: change to CANDIDATE, lastRpcElapsedTime:5038351860ns, electionTimeout:5036ms
2020-12-26 01:57:33,264 [Thread-2534] INFO  impl.RoleInfo (RoleInfo.java:shutdownFollowerState(108)) - 43af3075-460a-422d-a924-90885968f40d: shutdown 43af3075-460a-422d-a924-90885968f40d@group-49E6829A44B8-FollowerState
2020-12-26 01:57:33,264 [Thread-2534] INFO  server.RaftServer$Division (RaftServerImpl.java:setRole(275)) - 43af3075-460a-422d-a924-90885968f40d@group-49E6829A44B8: changes role from  FOLLOWER to CANDIDATE at term 0 for changeToCandidate
2020-12-26 01:57:33,271 [Thread-2534] INFO  impl.RoleInfo (RoleInfo.java:updateAndGet(130)) - 43af3075-460a-422d-a924-90885968f40d: start 43af3075-460a-422d-a924-90885968f40d@group-49E6829A44B8-LeaderElection74
2020-12-26 01:57:33,273 [43af3075-460a-422d-a924-90885968f40d@group-49E6829A44B8-LeaderElection74] INFO  impl.LeaderElection (LeaderElection.java:askForVotes(219)) - 43af3075-460a-422d-a924-90885968f40d@group-49E6829A44B8-LeaderElection74: begin an election at term 1 for -1: [8e16b57b-a520-4ff3-ab9c-70e7128aded3|rpc:172.17.0.2:33447|dataStream:, 43af3075-460a-422d-a924-90885968f40d|rpc:172.17.0.2:44111|dataStream:, 73c99ad5-410f-4ffb-8408-ddbdb29ea4d0|rpc:172.17.0.2:39033|dataStream:], old=null
2020-12-26 01:57:33,279 [Thread-2532] INFO  impl.FollowerState (FollowerState.java:run(133)) - 73c99ad5-410f-4ffb-8408-ddbdb29ea4d0@group-49E6829A44B8-FollowerState: change to CANDIDATE, lastRpcElapsedTime:5075237118ns, electionTimeout:5074ms
2020-12-26 01:57:33,280 [Thread-2532] INFO  impl.RoleInfo (RoleInfo.java:shutdownFollowerState(108)) - 73c99ad5-410f-4ffb-8408-ddbdb29ea4d0: shutdown 73c99ad5-410f-4ffb-8408-ddbdb29ea4d0@group-49E6829A44B8-FollowerState
2020-12-26 01:57:33,280 [Thread-2532] INFO  server.RaftServer$Division (RaftServerImpl.java:setRole(275)) - 73c99ad5-410f-4ffb-8408-ddbdb29ea4d0@group-49E6829A44B8: changes role from  FOLLOWER to CANDIDATE at term 0 for changeToCandidate
2020-12-26 01:57:33,283 [Thread-2532] INFO  impl.RoleInfo (RoleInfo.java:updateAndGet(130)) - 73c99ad5-410f-4ffb-8408-ddbdb29ea4d0: start 73c99ad5-410f-4ffb-8408-ddbdb29ea4d0@group-49E6829A44B8-LeaderElection75
2020-12-26 01:57:33,288 [73c99ad5-410f-4ffb-8408-ddbdb29ea4d0@group-49E6829A44B8-LeaderElection75] INFO  impl.LeaderElection (LeaderElection.java:askForVotes(219)) - 73c99ad5-410f-4ffb-8408-ddbdb29ea4d0@group-49E6829A44B8-LeaderElection75: begin an election at term 1 for -1: [8e16b57b-a520-4ff3-ab9c-70e7128aded3|rpc:172.17.0.2:33447, 43af3075-460a-422d-a924-90885968f40d|rpc:172.17.0.2:44111, 73c99ad5-410f-4ffb-8408-ddbdb29ea4d0|rpc:172.17.0.2:39033], old=null
2020-12-26 01:57:33,290 [grpc-default-executor-6] INFO  server.RaftServer$Division (RaftServerImpl.java:setRole(275)) - 8e16b57b-a520-4ff3-ab9c-70e7128aded3@group-49E6829A44B8: changes role from  FOLLOWER to FOLLOWER at term 1 for recognizeCandidate:73c99ad5-410f-4ffb-8408-ddbdb29ea4d0
2020-12-26 01:57:33,290 [grpc-default-executor-6] INFO  impl.RoleInfo (RoleInfo.java:shutdownFollowerState(108)) - 8e16b57b-a520-4ff3-ab9c-70e7128aded3: shutdown 8e16b57b-a520-4ff3-ab9c-70e7128aded3@group-49E6829A44B8-FollowerState
2020-12-26 01:57:33,290 [grpc-default-executor-6] INFO  impl.RoleInfo (RoleInfo.java:updateAndGet(130)) - 8e16b57b-a520-4ff3-ab9c-70e7128aded3: start 8e16b57b-a520-4ff3-ab9c-70e7128aded3@group-49E6829A44B8-FollowerState
2020-12-26 01:57:33,290 [Thread-2537] INFO  impl.FollowerState (FollowerState.java:run(142)) - 8e16b57b-a520-4ff3-ab9c-70e7128aded3@group-49E6829A44B8-FollowerState was interrupted: {}
java.lang.InterruptedException: sleep interrupted
	at java.lang.Thread.sleep(Native Method)
	at java.lang.Thread.sleep(Thread.java:340)
	at java.util.concurrent.TimeUnit.sleep(TimeUnit.java:386)
	at org.apache.ratis.util.TimeDuration.sleep(TimeDuration.java:319)
	at org.apache.ratis.util.TimeDuration.sleep(TimeDuration.java:304)
	at org.apache.ratis.server.impl.FollowerState.run(FollowerState.java:117)
2020-12-26 01:57:33,297 [grpc-default-executor-6] INFO  server.RaftServer$Division (RaftServerImpl.java:requestVote(983)) -  FOLLOWER 8e16b57b-a520-4ff3-ab9c-70e7128aded3@group-49E6829A44B8:t1, leader=null, voted=null, raftlog=8e16b57b-a520-4ff3-ab9c-70e7128aded3@group-49E6829A44B8-SegmentedRaftLog:OPENED:c-1,f-1,i0, conf=-1: [8e16b57b-a520-4ff3-ab9c-70e7128aded3|rpc:172.17.0.2:33447|dataStream:, 43af3075-460a-422d-a924-90885968f40d|rpc:172.17.0.2:44111|dataStream:, 73c99ad5-410f-4ffb-8408-ddbdb29ea4d0|rpc:172.17.0.2:39033|dataStream:], old=null RUNNING priority:0 candidate:73c99ad5-410f-4ffb-8408-ddbdb29ea4d0|rpc:172.17.0.2:39033|dataStream: candidatePriority:0 compare:0
2020-12-26 01:57:33,305 [73c99ad5-410f-4ffb-8408-ddbdb29ea4d0@group-49E6829A44B8-LeaderElection75] INFO  impl.LeaderElection (LeaderElection.java:logAndReturn(68)) - 73c99ad5-410f-4ffb-8408-ddbdb29ea4d0@group-49E6829A44B8-LeaderElection75: Election PASSED; received 1 response(s) [73c99ad5-410f-4ffb-8408-ddbdb29ea4d0<-8e16b57b-a520-4ff3-ab9c-70e7128aded3#0:OK-t1] and 0 exception(s); 73c99ad5-410f-4ffb-8408-ddbdb29ea4d0@group-49E6829A44B8:t1, leader=null, voted=73c99ad5-410f-4ffb-8408-ddbdb29ea4d0, raftlog=73c99ad5-410f-4ffb-8408-ddbdb29ea4d0@group-49E6829A44B8-SegmentedRaftLog:OPENED:c-1,f-1,i0, conf=-1: [8e16b57b-a520-4ff3-ab9c-70e7128aded3|rpc:172.17.0.2:33447, 43af3075-460a-422d-a924-90885968f40d|rpc:172.17.0.2:44111, 73c99ad5-410f-4ffb-8408-ddbdb29ea4d0|rpc:172.17.0.2:39033], old=null
2020-12-26 01:57:33,305 [73c99ad5-410f-4ffb-8408-ddbdb29ea4d0@group-49E6829A44B8-LeaderElection75] INFO  impl.RoleInfo (RoleInfo.java:shutdownLeaderElection(121)) - 73c99ad5-410f-4ffb-8408-ddbdb29ea4d0: shutdown 73c99ad5-410f-4ffb-8408-ddbdb29ea4d0@group-49E6829A44B8-LeaderElection75
2020-12-26 01:57:33,305 [73c99ad5-410f-4ffb-8408-ddbdb29ea4d0@group-49E6829A44B8-LeaderElection75] INFO  server.RaftServer$Division (RaftServerImpl.java:setRole(275)) - 73c99ad5-410f-4ffb-8408-ddbdb29ea4d0@group-49E6829A44B8: changes role from CANDIDATE to LEADER at term 1 for changeToLeader
2020-12-26 01:57:33,305 [73c99ad5-410f-4ffb-8408-ddbdb29ea4d0@group-49E6829A44B8-LeaderElection75] INFO  ratis.XceiverServerRatis (XceiverServerRatis.java:handleLeaderChangedNotification(862)) - Leader change notification received for group: group-49E6829A44B8 with new leaderId: 73c99ad5-410f-4ffb-8408-ddbdb29ea4d0
2020-12-26 01:57:33,305 [73c99ad5-410f-4ffb-8408-ddbdb29ea4d0@group-49E6829A44B8-LeaderElection75] INFO  server.RaftServer$Division (ServerState.java:setLeader(258)) - 73c99ad5-410f-4ffb-8408-ddbdb29ea4d0@group-49E6829A44B8: change Leader from null to 73c99ad5-410f-4ffb-8408-ddbdb29ea4d0 at term 1 for becomeLeader, leader elected after 5107ms
2020-12-26 01:57:33,305 [73c99ad5-410f-4ffb-8408-ddbdb29ea4d0@group-49E6829A44B8-LeaderElection75] INFO  server.RaftServerConfigKeys (ConfUtils.java:logGet(44)) - raft.server.staging.catchup.gap = 1000 (default)
2020-12-26 01:57:33,305 [73c99ad5-410f-4ffb-8408-ddbdb29ea4d0@group-49E6829A44B8-LeaderElection75] INFO  metrics.RatisMetrics (RatisMetrics.java:lambda$create$0(36)) - Creating Metrics Registry : ratis.log_appender.73c99ad5-410f-4ffb-8408-ddbdb29ea4d0@group-49E6829A44B8
2020-12-26 01:57:33,305 [73c99ad5-410f-4ffb-8408-ddbdb29ea4d0@group-49E6829A44B8-LeaderElection75] INFO  server.RaftServerConfigKeys (ConfUtils.java:logGet(44)) - raft.server.write.element-limit = 1024 (custom)
2020-12-26 01:57:33,305 [73c99ad5-410f-4ffb-8408-ddbdb29ea4d0@group-49E6829A44B8-LeaderElection75] INFO  server.RaftServerConfigKeys (ConfUtils.java:logGet(44)) - raft.server.write.byte-limit = 1073741824 (custom)
2020-12-26 01:57:33,305 [EventQueue-PipelineReportForPipelineReportHandler] INFO  pipeline.PipelineStateManager (PipelineStateManager.java:openPipeline(132)) - Pipeline Pipeline[ Id: 3ec49c11-b3df-4246-874d-49e6829a44b8, Nodes: 73c99ad5-410f-4ffb-8408-ddbdb29ea4d0{ip: 172.17.0.2, host: 140068b710f1, networkLocation: /default-rack, certSerialId: null, persistedOpState: IN_SERVICE, persistedOpStateExpiryEpochSec: 0}43af3075-460a-422d-a924-90885968f40d{ip: 172.17.0.2, host: 140068b710f1, networkLocation: /default-rack, certSerialId: null, persistedOpState: IN_SERVICE, persistedOpStateExpiryEpochSec: 0}8e16b57b-a520-4ff3-ab9c-70e7128aded3{ip: 172.17.0.2, host: 140068b710f1, networkLocation: /default-rack, certSerialId: null, persistedOpState: IN_SERVICE, persistedOpStateExpiryEpochSec: 0}, Type:RATIS, Factor:THREE, State:ALLOCATED, leaderId:73c99ad5-410f-4ffb-8408-ddbdb29ea4d0, CreationTimestamp2020-12-26T01:57:25.498Z] moved to OPEN state
2020-12-26 01:57:33,306 [73c99ad5-410f-4ffb-8408-ddbdb29ea4d0@group-49E6829A44B8-LeaderElection75] INFO  server.RaftServerConfigKeys (ConfUtils.java:logGet(44)) - raft.server.watch.timeout = 3000ms (custom)
2020-12-26 01:57:33,306 [73c99ad5-410f-4ffb-8408-ddbdb29ea4d0@group-49E6829A44B8-LeaderElection75] INFO  server.RaftServerConfigKeys (ConfUtils.java:logGet(44)) - raft.server.watch.timeout.denomination = 1s (default)
2020-12-26 01:57:33,306 [73c99ad5-410f-4ffb-8408-ddbdb29ea4d0@group-49E6829A44B8-LeaderElection75] INFO  server.RaftServerConfigKeys (ConfUtils.java:logGet(44)) - raft.server.watch.element-limit = 65536 (default)
2020-12-26 01:57:33,306 [73c99ad5-410f-4ffb-8408-ddbdb29ea4d0@group-49E6829A44B8-LeaderElection75] INFO  server.RaftServerConfigKeys (ConfUtils.java:logGet(44)) - raft.server.log.appender.snapshot.chunk.size.max = 16MB (=16777216) (default)
2020-12-26 01:57:33,306 [73c99ad5-410f-4ffb-8408-ddbdb29ea4d0@group-49E6829A44B8-LeaderElection75] INFO  server.RaftServerConfigKeys (ConfUtils.java:logGet(44)) - raft.server.log.appender.buffer.byte-limit = 33554432 (custom)
2020-12-26 01:57:33,306 [73c99ad5-410f-4ffb-8408-ddbdb29ea4d0@group-49E6829A44B8-LeaderElection75] INFO  server.RaftServerConfigKeys (ConfUtils.java:logGet(44)) - raft.server.log.appender.buffer.element-limit = 1 (custom)
2020-12-26 01:57:33,306 [73c99ad5-410f-4ffb-8408-ddbdb29ea4d0@group-49E6829A44B8-LeaderElection75] INFO  grpc.GrpcConfigKeys (ConfUtils.java:logGet(44)) - raft.grpc.server.leader.outstanding.appends.max = 128 (default)
2020-12-26 01:57:33,306 [73c99ad5-410f-4ffb-8408-ddbdb29ea4d0@group-49E6829A44B8-LeaderElection75] INFO  server.RaftServerConfigKeys (ConfUtils.java:logGet(44)) - raft.server.rpc.request.timeout = 3000ms (default)
2020-12-26 01:57:33,306 [73c99ad5-410f-4ffb-8408-ddbdb29ea4d0@group-49E6829A44B8-LeaderElection75] INFO  server.RaftServerConfigKeys (ConfUtils.java:logGet(44)) - raft.server.log.appender.install.snapshot.enabled = false (custom)
2020-12-26 01:57:33,306 [73c99ad5-410f-4ffb-8408-ddbdb29ea4d0@group-49E6829A44B8-LeaderElection75] INFO  metrics.RatisMetrics (RatisMetrics.java:lambda$create$0(36)) - Creating Metrics Registry : ratis_grpc.log_appender.73c99ad5-410f-4ffb-8408-ddbdb29ea4d0@group-49E6829A44B8
2020-12-26 01:57:33,307 [grpc-default-executor-4] INFO  metrics.RatisMetrics (RatisMetrics.java:lambda$create$0(36)) - Creating Metrics Registry : ratis.server_message_metrics.73c99ad5-410f-4ffb-8408-ddbdb29ea4d0
2020-12-26 01:57:33,309 [73c99ad5-410f-4ffb-8408-ddbdb29ea4d0@group-49E6829A44B8-LeaderElection75] INFO  server.RaftServerConfigKeys (ConfUtils.java:logGet(44)) - raft.server.log.appender.snapshot.chunk.size.max = 16MB (=16777216) (default)
2020-12-26 01:57:33,309 [73c99ad5-410f-4ffb-8408-ddbdb29ea4d0@group-49E6829A44B8-LeaderElection75] INFO  server.RaftServerConfigKeys (ConfUtils.java:logGet(44)) - raft.server.log.appender.buffer.byte-limit = 33554432 (custom)
2020-12-26 01:57:33,310 [73c99ad5-410f-4ffb-8408-ddbdb29ea4d0@group-49E6829A44B8-LeaderElection75] INFO  server.RaftServerConfigKeys (ConfUtils.java:logGet(44)) - raft.server.log.appender.buffer.element-limit = 1 (custom)
2020-12-26 01:57:33,310 [73c99ad5-410f-4ffb-8408-ddbdb29ea4d0@group-49E6829A44B8-LeaderElection75] INFO  grpc.GrpcConfigKeys (ConfUtils.java:logGet(44)) - raft.grpc.server.leader.outstanding.appends.max = 128 (default)
2020-12-26 01:57:33,310 [73c99ad5-410f-4ffb-8408-ddbdb29ea4d0@group-49E6829A44B8-LeaderElection75] INFO  server.RaftServerConfigKeys (ConfUtils.java:logGet(44)) - raft.server.rpc.request.timeout = 3000ms (default)
2020-12-26 01:57:33,310 [73c99ad5-410f-4ffb-8408-ddbdb29ea4d0@group-49E6829A44B8-LeaderElection75] INFO  server.RaftServerConfigKeys (ConfUtils.java:logGet(44)) - raft.server.log.appender.install.snapshot.enabled = false (custom)
2020-12-26 01:57:33,311 [73c99ad5-410f-4ffb-8408-ddbdb29ea4d0@group-49E6829A44B8-LeaderElection75] INFO  impl.RoleInfo (RoleInfo.java:updateAndGet(130)) - 73c99ad5-410f-4ffb-8408-ddbdb29ea4d0: start 73c99ad5-410f-4ffb-8408-ddbdb29ea4d0@group-49E6829A44B8-LeaderStateImpl
2020-12-26 01:57:33,312 [73c99ad5-410f-4ffb-8408-ddbdb29ea4d0@group-49E6829A44B8-LeaderElection75] INFO  segmented.SegmentedRaftLogWorker (SegmentedRaftLogWorker.java:startLogSegment(392)) - 73c99ad5-410f-4ffb-8408-ddbdb29ea4d0@group-49E6829A44B8-SegmentedRaftLogWorker: Starting segment from index:0
2020-12-26 01:57:33,313 [73c99ad5-410f-4ffb-8408-ddbdb29ea4d0@group-49E6829A44B8-SegmentedRaftLogWorker] INFO  segmented.SegmentedRaftLogWorker (SegmentedRaftLogWorker.java:execute(599)) - 73c99ad5-410f-4ffb-8408-ddbdb29ea4d0@group-49E6829A44B8-SegmentedRaftLogWorker: created new log segment /github/workspace/mnt/ozone/hadoop-ozone/integration-test/target/test-dir/MiniOzoneClusterImpl-b0bbc67e-6e78-4c8b-9c9f-814a2ca087f9/datanode-3/data/ratis/3ec49c11-b3df-4246-874d-49e6829a44b8/current/log_inprogress_0
2020-12-26 01:57:33,316 [73c99ad5-410f-4ffb-8408-ddbdb29ea4d0@group-49E6829A44B8-LeaderElection75] INFO  server.RaftServer$Division (ServerState.java:setRaftConf(374)) - 73c99ad5-410f-4ffb-8408-ddbdb29ea4d0@group-49E6829A44B8: set configuration 0: [8e16b57b-a520-4ff3-ab9c-70e7128aded3|rpc:172.17.0.2:33447|dataStream:, 43af3075-460a-422d-a924-90885968f40d|rpc:172.17.0.2:44111|dataStream:, 73c99ad5-410f-4ffb-8408-ddbdb29ea4d0|rpc:172.17.0.2:39033|dataStream:], old=null at 0
2020-12-26 01:57:33,319 [grpc-default-executor-5] INFO  ratis.XceiverServerRatis (XceiverServerRatis.java:handleLeaderChangedNotification(862)) - Leader change notification received for group: group-49E6829A44B8 with new leaderId: 73c99ad5-410f-4ffb-8408-ddbdb29ea4d0
2020-12-26 01:57:33,319 [grpc-default-executor-5] INFO  server.RaftServer$Division (ServerState.java:setLeader(258)) - 8e16b57b-a520-4ff3-ab9c-70e7128aded3@group-49E6829A44B8: change Leader from null to 73c99ad5-410f-4ffb-8408-ddbdb29ea4d0 at term 1 for appendEntries, leader elected after 5081ms
2020-12-26 01:57:33,320 [grpc-default-executor-6] INFO  server.RaftServer$Division (RaftServerImpl.java:setRole(275)) - 43af3075-460a-422d-a924-90885968f40d@group-49E6829A44B8: changes role from CANDIDATE to FOLLOWER at term 1 for appendEntries
2020-12-26 01:57:33,320 [grpc-default-executor-6] INFO  impl.RoleInfo (RoleInfo.java:shutdownLeaderElection(121)) - 43af3075-460a-422d-a924-90885968f40d: shutdown 43af3075-460a-422d-a924-90885968f40d@group-49E6829A44B8-LeaderElection74
2020-12-26 01:57:33,320 [grpc-default-executor-6] INFO  impl.RoleInfo (RoleInfo.java:updateAndGet(130)) - 43af3075-460a-422d-a924-90885968f40d: start 43af3075-460a-422d-a924-90885968f40d@group-49E6829A44B8-FollowerState
2020-12-26 01:57:33,321 [grpc-default-executor-6] INFO  ratis.XceiverServerRatis (XceiverServerRatis.java:handleLeaderChangedNotification(862)) - Leader change notification received for group: group-49E6829A44B8 with new leaderId: 73c99ad5-410f-4ffb-8408-ddbdb29ea4d0
2020-12-26 01:57:33,321 [grpc-default-executor-6] INFO  server.RaftServer$Division (ServerState.java:setLeader(258)) - 43af3075-460a-422d-a924-90885968f40d@group-49E6829A44B8: change Leader from null to 73c99ad5-410f-4ffb-8408-ddbdb29ea4d0 at term 1 for appendEntries, leader elected after 5105ms
2020-12-26 01:57:33,321 [grpc-default-executor-4] INFO  server.RaftServer$Division (RaftServerImpl.java:requestVote(973)) - 73c99ad5-410f-4ffb-8408-ddbdb29ea4d0@group-49E6829A44B8-   LEADER: Withhold vote from candidate 43af3075-460a-422d-a924-90885968f40d with term 1. State: leader=73c99ad5-410f-4ffb-8408-ddbdb29ea4d0, term=1, lastRpcElapsed=null
2020-12-26 01:57:33,323 [grpc-default-executor-5] INFO  server.RaftServer$Division (ServerState.java:setRaftConf(374)) - 8e16b57b-a520-4ff3-ab9c-70e7128aded3@group-49E6829A44B8: set configuration 0: [8e16b57b-a520-4ff3-ab9c-70e7128aded3|rpc:172.17.0.2:33447|dataStream:, 43af3075-460a-422d-a924-90885968f40d|rpc:172.17.0.2:44111|dataStream:, 73c99ad5-410f-4ffb-8408-ddbdb29ea4d0|rpc:172.17.0.2:39033|dataStream:], old=null at 0
2020-12-26 01:57:33,324 [grpc-default-executor-5] INFO  segmented.SegmentedRaftLogWorker (SegmentedRaftLogWorker.java:startLogSegment(392)) - 8e16b57b-a520-4ff3-ab9c-70e7128aded3@group-49E6829A44B8-SegmentedRaftLogWorker: Starting segment from index:0
2020-12-26 01:57:33,324 [43af3075-460a-422d-a924-90885968f40d@group-49E6829A44B8-LeaderElection74] INFO  impl.LeaderElection (LeaderElection.java:logAndReturn(68)) - 43af3075-460a-422d-a924-90885968f40d@group-49E6829A44B8-LeaderElection74: Election REJECTED; received 2 response(s) [43af3075-460a-422d-a924-90885968f40d<-8e16b57b-a520-4ff3-ab9c-70e7128aded3#0:FAIL-t1, 43af3075-460a-422d-a924-90885968f40d<-73c99ad5-410f-4ffb-8408-ddbdb29ea4d0#0:FAIL-t1] and 0 exception(s); 43af3075-460a-422d-a924-90885968f40d@group-49E6829A44B8:t1, leader=73c99ad5-410f-4ffb-8408-ddbdb29ea4d0, voted=43af3075-460a-422d-a924-90885968f40d, raftlog=43af3075-460a-422d-a924-90885968f40d@group-49E6829A44B8-SegmentedRaftLog:OPENED:c-1,f-1,i0, conf=-1: [8e16b57b-a520-4ff3-ab9c-70e7128aded3|rpc:172.17.0.2:33447|dataStream:, 43af3075-460a-422d-a924-90885968f40d|rpc:172.17.0.2:44111|dataStream:, 73c99ad5-410f-4ffb-8408-ddbdb29ea4d0|rpc:172.17.0.2:39033|dataStream:], old=null
2020-12-26 01:57:33,326 [8e16b57b-a520-4ff3-ab9c-70e7128aded3@group-49E6829A44B8-SegmentedRaftLogWorker] INFO  segmented.SegmentedRaftLogWorker (SegmentedRaftLogWorker.java:execute(599)) - 8e16b57b-a520-4ff3-ab9c-70e7128aded3@group-49E6829A44B8-SegmentedRaftLogWorker: created new log segment /github/workspace/mnt/ozone/hadoop-ozone/integration-test/target/test-dir/MiniOzoneClusterImpl-b0bbc67e-6e78-4c8b-9c9f-814a2ca087f9/datanode-4/data/ratis/3ec49c11-b3df-4246-874d-49e6829a44b8/current/log_inprogress_0
2020-12-26 01:57:33,328 [grpc-default-executor-6] INFO  server.RaftServer$Division (ServerState.java:setRaftConf(374)) - 43af3075-460a-422d-a924-90885968f40d@group-49E6829A44B8: set configuration 0: [8e16b57b-a520-4ff3-ab9c-70e7128aded3|rpc:172.17.0.2:33447|dataStream:, 43af3075-460a-422d-a924-90885968f40d|rpc:172.17.0.2:44111|dataStream:, 73c99ad5-410f-4ffb-8408-ddbdb29ea4d0|rpc:172.17.0.2:39033|dataStream:], old=null at 0
2020-12-26 01:57:33,329 [grpc-default-executor-6] INFO  segmented.SegmentedRaftLogWorker (SegmentedRaftLogWorker.java:startLogSegment(392)) - 43af3075-460a-422d-a924-90885968f40d@group-49E6829A44B8-SegmentedRaftLogWorker: Starting segment from index:0
2020-12-26 01:57:33,331 [43af3075-460a-422d-a924-90885968f40d@group-49E6829A44B8-SegmentedRaftLogWorker] INFO  segmented.SegmentedRaftLogWorker (SegmentedRaftLogWorker.java:execute(599)) - 43af3075-460a-422d-a924-90885968f40d@group-49E6829A44B8-SegmentedRaftLogWorker: created new log segment /github/workspace/mnt/ozone/hadoop-ozone/integration-test/target/test-dir/MiniOzoneClusterImpl-b0bbc67e-6e78-4c8b-9c9f-814a2ca087f9/datanode-5/data/ratis/3ec49c11-b3df-4246-874d-49e6829a44b8/current/log_inprogress_0
2020-12-26 01:57:33,397 [Thread-2540] INFO  impl.FollowerState (FollowerState.java:run(133)) - 8e16b57b-a520-4ff3-ab9c-70e7128aded3@group-0691FEF5E878-FollowerState: change to CANDIDATE, lastRpcElapsedTime:5096403150ns, electionTimeout:5096ms
2020-12-26 01:57:33,397 [Thread-2540] INFO  impl.RoleInfo (RoleInfo.java:shutdownFollowerState(108)) - 8e16b57b-a520-4ff3-ab9c-70e7128aded3: shutdown 8e16b57b-a520-4ff3-ab9c-70e7128aded3@group-0691FEF5E878-FollowerState
2020-12-26 01:57:33,397 [Thread-2540] INFO  server.RaftServer$Division (RaftServerImpl.java:setRole(275)) - 8e16b57b-a520-4ff3-ab9c-70e7128aded3@group-0691FEF5E878: changes role from  FOLLOWER to CANDIDATE at term 0 for changeToCandidate
2020-12-26 01:57:33,397 [Thread-2540] INFO  impl.RoleInfo (RoleInfo.java:updateAndGet(130)) - 8e16b57b-a520-4ff3-ab9c-70e7128aded3: start 8e16b57b-a520-4ff3-ab9c-70e7128aded3@group-0691FEF5E878-LeaderElection76
2020-12-26 01:57:33,401 [8e16b57b-a520-4ff3-ab9c-70e7128aded3@group-0691FEF5E878-LeaderElection76] INFO  impl.LeaderElection (LeaderElection.java:askForVotes(219)) - 8e16b57b-a520-4ff3-ab9c-70e7128aded3@group-0691FEF5E878-LeaderElection76: begin an election at term 1 for -1: [8e16b57b-a520-4ff3-ab9c-70e7128aded3|rpc:172.17.0.2:33447], old=null
2020-12-26 01:57:33,401 [8e16b57b-a520-4ff3-ab9c-70e7128aded3@group-0691FEF5E878-LeaderElection76] INFO  impl.RoleInfo (RoleInfo.java:shutdownLeaderElection(121)) - 8e16b57b-a520-4ff3-ab9c-70e7128aded3: shutdown 8e16b57b-a520-4ff3-ab9c-70e7128aded3@group-0691FEF5E878-LeaderElection76
2020-12-26 01:57:33,401 [8e16b57b-a520-4ff3-ab9c-70e7128aded3@group-0691FEF5E878-LeaderElection76] INFO  server.RaftServer$Division (RaftServerImpl.java:setRole(275)) - 8e16b57b-a520-4ff3-ab9c-70e7128aded3@group-0691FEF5E878: changes role from CANDIDATE to LEADER at term 1 for changeToLeader
2020-12-26 01:57:33,401 [8e16b57b-a520-4ff3-ab9c-70e7128aded3@group-0691FEF5E878-LeaderElection76] INFO  ratis.XceiverServerRatis (XceiverServerRatis.java:handleLeaderChangedNotification(862)) - Leader change notification received for group: group-0691FEF5E878 with new leaderId: 8e16b57b-a520-4ff3-ab9c-70e7128aded3
2020-12-26 01:57:33,401 [8e16b57b-a520-4ff3-ab9c-70e7128aded3@group-0691FEF5E878-LeaderElection76] INFO  server.RaftServer$Division (ServerState.java:setLeader(258)) - 8e16b57b-a520-4ff3-ab9c-70e7128aded3@group-0691FEF5E878: change Leader from null to 8e16b57b-a520-4ff3-ab9c-70e7128aded3 at term 1 for becomeLeader, leader elected after 5107ms
2020-12-26 01:57:33,402 [8e16b57b-a520-4ff3-ab9c-70e7128aded3@group-0691FEF5E878-LeaderElection76] INFO  server.RaftServerConfigKeys (ConfUtils.java:logGet(44)) - raft.server.staging.catchup.gap = 1000 (default)
2020-12-26 01:57:33,403 [8e16b57b-a520-4ff3-ab9c-70e7128aded3@group-0691FEF5E878-LeaderElection76] INFO  metrics.RatisMetrics (RatisMetrics.java:lambda$create$0(36)) - Creating Metrics Registry : ratis.log_appender.8e16b57b-a520-4ff3-ab9c-70e7128aded3@group-0691FEF5E878
2020-12-26 01:57:33,404 [8e16b57b-a520-4ff3-ab9c-70e7128aded3@group-0691FEF5E878-LeaderElection76] INFO  server.RaftServerConfigKeys (ConfUtils.java:logGet(44)) - raft.server.write.element-limit = 1024 (custom)
2020-12-26 01:57:33,404 [8e16b57b-a520-4ff3-ab9c-70e7128aded3@group-0691FEF5E878-LeaderElection76] INFO  server.RaftServerConfigKeys (ConfUtils.java:logGet(44)) - raft.server.write.byte-limit = 1073741824 (custom)
2020-12-26 01:57:33,404 [8e16b57b-a520-4ff3-ab9c-70e7128aded3@group-0691FEF5E878-LeaderElection76] INFO  server.RaftServerConfigKeys (ConfUtils.java:logGet(44)) - raft.server.watch.timeout = 3000ms (custom)
2020-12-26 01:57:33,404 [8e16b57b-a520-4ff3-ab9c-70e7128aded3@group-0691FEF5E878-LeaderElection76] INFO  server.RaftServerConfigKeys (ConfUtils.java:logGet(44)) - raft.server.watch.timeout.denomination = 1s (default)
2020-12-26 01:57:33,405 [8e16b57b-a520-4ff3-ab9c-70e7128aded3@group-0691FEF5E878-LeaderElection76] INFO  server.RaftServerConfigKeys (ConfUtils.java:logGet(44)) - raft.server.watch.element-limit = 65536 (default)
2020-12-26 01:57:33,405 [8e16b57b-a520-4ff3-ab9c-70e7128aded3@group-0691FEF5E878-LeaderElection76] INFO  impl.RoleInfo (RoleInfo.java:updateAndGet(130)) - 8e16b57b-a520-4ff3-ab9c-70e7128aded3: start 8e16b57b-a520-4ff3-ab9c-70e7128aded3@group-0691FEF5E878-LeaderStateImpl
2020-12-26 01:57:33,405 [8e16b57b-a520-4ff3-ab9c-70e7128aded3@group-0691FEF5E878-LeaderElection76] INFO  segmented.SegmentedRaftLogWorker (SegmentedRaftLogWorker.java:startLogSegment(392)) - 8e16b57b-a520-4ff3-ab9c-70e7128aded3@group-0691FEF5E878-SegmentedRaftLogWorker: Starting segment from index:0
2020-12-26 01:57:33,410 [8e16b57b-a520-4ff3-ab9c-70e7128aded3@group-0691FEF5E878-LeaderElection76] INFO  server.RaftServer$Division (ServerState.java:setRaftConf(374)) - 8e16b57b-a520-4ff3-ab9c-70e7128aded3@group-0691FEF5E878: set configuration 0: [8e16b57b-a520-4ff3-ab9c-70e7128aded3|rpc:172.17.0.2:33447|dataStream:], old=null at 0
2020-12-26 01:57:33,411 [8e16b57b-a520-4ff3-ab9c-70e7128aded3@group-0691FEF5E878-SegmentedRaftLogWorker] INFO  segmented.SegmentedRaftLogWorker (SegmentedRaftLogWorker.java:execute(599)) - 8e16b57b-a520-4ff3-ab9c-70e7128aded3@group-0691FEF5E878-SegmentedRaftLogWorker: created new log segment /github/workspace/mnt/ozone/hadoop-ozone/integration-test/target/test-dir/MiniOzoneClusterImpl-b0bbc67e-6e78-4c8b-9c9f-814a2ca087f9/datanode-4/data/ratis/a9cf9c82-e9d9-4410-9875-0691fef5e878/current/log_inprogress_0
2020-12-26 01:57:33,523 [Thread-2542] INFO  impl.FollowerState (FollowerState.java:run(133)) - 43af3075-460a-422d-a924-90885968f40d@group-3A59AF69ED3C-FollowerState: change to CANDIDATE, lastRpcElapsedTime:5007916029ns, electionTimeout:5000ms
2020-12-26 01:57:33,524 [Thread-2542] INFO  impl.RoleInfo (RoleInfo.java:shutdownFollowerState(108)) - 43af3075-460a-422d-a924-90885968f40d: shutdown 43af3075-460a-422d-a924-90885968f40d@group-3A59AF69ED3C-FollowerState
2020-12-26 01:57:33,524 [Thread-2542] INFO  server.RaftServer$Division (RaftServerImpl.java:setRole(275)) - 43af3075-460a-422d-a924-90885968f40d@group-3A59AF69ED3C: changes role from  FOLLOWER to CANDIDATE at term 0 for changeToCandidate
2020-12-26 01:57:33,524 [Thread-2542] INFO  impl.RoleInfo (RoleInfo.java:updateAndGet(130)) - 43af3075-460a-422d-a924-90885968f40d: start 43af3075-460a-422d-a924-90885968f40d@group-3A59AF69ED3C-LeaderElection77
2020-12-26 01:57:33,527 [43af3075-460a-422d-a924-90885968f40d@group-3A59AF69ED3C-LeaderElection77] INFO  impl.LeaderElection (LeaderElection.java:askForVotes(219)) - 43af3075-460a-422d-a924-90885968f40d@group-3A59AF69ED3C-LeaderElection77: begin an election at term 1 for -1: [43af3075-460a-422d-a924-90885968f40d|rpc:172.17.0.2:44111], old=null
2020-12-26 01:57:33,527 [43af3075-460a-422d-a924-90885968f40d@group-3A59AF69ED3C-LeaderElection77] INFO  impl.RoleInfo (RoleInfo.java:shutdownLeaderElection(121)) - 43af3075-460a-422d-a924-90885968f40d: shutdown 43af3075-460a-422d-a924-90885968f40d@group-3A59AF69ED3C-LeaderElection77
2020-12-26 01:57:33,527 [43af3075-460a-422d-a924-90885968f40d@group-3A59AF69ED3C-LeaderElection77] INFO  server.RaftServer$Division (RaftServerImpl.java:setRole(275)) - 43af3075-460a-422d-a924-90885968f40d@group-3A59AF69ED3C: changes role from CANDIDATE to LEADER at term 1 for changeToLeader
2020-12-26 01:57:33,528 [43af3075-460a-422d-a924-90885968f40d@group-3A59AF69ED3C-LeaderElection77] INFO  ratis.XceiverServerRatis (XceiverServerRatis.java:handleLeaderChangedNotification(862)) - Leader change notification received for group: group-3A59AF69ED3C with new leaderId: 43af3075-460a-422d-a924-90885968f40d
2020-12-26 01:57:33,528 [43af3075-460a-422d-a924-90885968f40d@group-3A59AF69ED3C-LeaderElection77] INFO  server.RaftServer$Division (ServerState.java:setLeader(258)) - 43af3075-460a-422d-a924-90885968f40d@group-3A59AF69ED3C: change Leader from null to 43af3075-460a-422d-a924-90885968f40d at term 1 for becomeLeader, leader elected after 5026ms
2020-12-26 01:57:33,529 [43af3075-460a-422d-a924-90885968f40d@group-3A59AF69ED3C-LeaderElection77] INFO  server.RaftServerConfigKeys (ConfUtils.java:logGet(44)) - raft.server.staging.catchup.gap = 1000 (default)
2020-12-26 01:57:33,529 [43af3075-460a-422d-a924-90885968f40d@group-3A59AF69ED3C-LeaderElection77] INFO  metrics.RatisMetrics (RatisMetrics.java:lambda$create$0(36)) - Creating Metrics Registry : ratis.log_appender.43af3075-460a-422d-a924-90885968f40d@group-3A59AF69ED3C
2020-12-26 01:57:33,530 [43af3075-460a-422d-a924-90885968f40d@group-3A59AF69ED3C-LeaderElection77] INFO  server.RaftServerConfigKeys (ConfUtils.java:logGet(44)) - raft.server.write.element-limit = 1024 (custom)
2020-12-26 01:57:33,530 [43af3075-460a-422d-a924-90885968f40d@group-3A59AF69ED3C-LeaderElection77] INFO  server.RaftServerConfigKeys (ConfUtils.java:logGet(44)) - raft.server.write.byte-limit = 1073741824 (custom)
2020-12-26 01:57:33,531 [43af3075-460a-422d-a924-90885968f40d@group-3A59AF69ED3C-LeaderElection77] INFO  server.RaftServerConfigKeys (ConfUtils.java:logGet(44)) - raft.server.watch.timeout = 3000ms (custom)
2020-12-26 01:57:33,531 [43af3075-460a-422d-a924-90885968f40d@group-3A59AF69ED3C-LeaderElection77] INFO  server.RaftServerConfigKeys (ConfUtils.java:logGet(44)) - raft.server.watch.timeout.denomination = 1s (default)
2020-12-26 01:57:33,531 [43af3075-460a-422d-a924-90885968f40d@group-3A59AF69ED3C-LeaderElection77] INFO  server.RaftServerConfigKeys (ConfUtils.java:logGet(44)) - raft.server.watch.element-limit = 65536 (default)
2020-12-26 01:57:33,531 [43af3075-460a-422d-a924-90885968f40d@group-3A59AF69ED3C-LeaderElection77] INFO  impl.RoleInfo (RoleInfo.java:updateAndGet(130)) - 43af3075-460a-422d-a924-90885968f40d: start 43af3075-460a-422d-a924-90885968f40d@group-3A59AF69ED3C-LeaderStateImpl
2020-12-26 01:57:33,532 [43af3075-460a-422d-a924-90885968f40d@group-3A59AF69ED3C-LeaderElection77] INFO  segmented.SegmentedRaftLogWorker (SegmentedRaftLogWorker.java:startLogSegment(392)) - 43af3075-460a-422d-a924-90885968f40d@group-3A59AF69ED3C-SegmentedRaftLogWorker: Starting segment from index:0
2020-12-26 01:57:33,535 [43af3075-460a-422d-a924-90885968f40d@group-3A59AF69ED3C-LeaderElection77] INFO  server.RaftServer$Division (ServerState.java:setRaftConf(374)) - 43af3075-460a-422d-a924-90885968f40d@group-3A59AF69ED3C: set configuration 0: [43af3075-460a-422d-a924-90885968f40d|rpc:172.17.0.2:44111|dataStream:], old=null at 0
2020-12-26 01:57:33,536 [43af3075-460a-422d-a924-90885968f40d@group-3A59AF69ED3C-SegmentedRaftLogWorker] INFO  segmented.SegmentedRaftLogWorker (SegmentedRaftLogWorker.java:execute(599)) - 43af3075-460a-422d-a924-90885968f40d@group-3A59AF69ED3C-SegmentedRaftLogWorker: created new log segment /github/workspace/mnt/ozone/hadoop-ozone/integration-test/target/test-dir/MiniOzoneClusterImpl-b0bbc67e-6e78-4c8b-9c9f-814a2ca087f9/datanode-5/data/ratis/776186a9-b666-4a88-b910-3a59af69ed3c/current/log_inprogress_0
2020-12-26 01:57:33,775 [Thread-2544] INFO  impl.FollowerState (FollowerState.java:run(133)) - 16d33d7f-de85-4153-a986-8f085dcb09ff@group-3939299B193E-FollowerState: change to CANDIDATE, lastRpcElapsedTime:5066710332ns, electionTimeout:5066ms
2020-12-26 01:57:33,775 [Thread-2544] INFO  impl.RoleInfo (RoleInfo.java:shutdownFollowerState(108)) - 16d33d7f-de85-4153-a986-8f085dcb09ff: shutdown 16d33d7f-de85-4153-a986-8f085dcb09ff@group-3939299B193E-FollowerState
2020-12-26 01:57:33,775 [Thread-2544] INFO  server.RaftServer$Division (RaftServerImpl.java:setRole(275)) - 16d33d7f-de85-4153-a986-8f085dcb09ff@group-3939299B193E: changes role from  FOLLOWER to CANDIDATE at term 0 for changeToCandidate
2020-12-26 01:57:33,775 [Thread-2544] INFO  impl.RoleInfo (RoleInfo.java:updateAndGet(130)) - 16d33d7f-de85-4153-a986-8f085dcb09ff: start 16d33d7f-de85-4153-a986-8f085dcb09ff@group-3939299B193E-LeaderElection78
2020-12-26 01:57:33,778 [16d33d7f-de85-4153-a986-8f085dcb09ff@group-3939299B193E-LeaderElection78] INFO  impl.LeaderElection (LeaderElection.java:askForVotes(219)) - 16d33d7f-de85-4153-a986-8f085dcb09ff@group-3939299B193E-LeaderElection78: begin an election at term 1 for -1: [16d33d7f-de85-4153-a986-8f085dcb09ff|rpc:172.17.0.2:35329], old=null
2020-12-26 01:57:33,778 [16d33d7f-de85-4153-a986-8f085dcb09ff@group-3939299B193E-LeaderElection78] INFO  impl.RoleInfo (RoleInfo.java:shutdownLeaderElection(121)) - 16d33d7f-de85-4153-a986-8f085dcb09ff: shutdown 16d33d7f-de85-4153-a986-8f085dcb09ff@group-3939299B193E-LeaderElection78
2020-12-26 01:57:33,778 [16d33d7f-de85-4153-a986-8f085dcb09ff@group-3939299B193E-LeaderElection78] INFO  server.RaftServer$Division (RaftServerImpl.java:setRole(275)) - 16d33d7f-de85-4153-a986-8f085dcb09ff@group-3939299B193E: changes role from CANDIDATE to LEADER at term 1 for changeToLeader
2020-12-26 01:57:33,778 [16d33d7f-de85-4153-a986-8f085dcb09ff@group-3939299B193E-LeaderElection78] INFO  ratis.XceiverServerRatis (XceiverServerRatis.java:handleLeaderChangedNotification(862)) - Leader change notification received for group: group-3939299B193E with new leaderId: 16d33d7f-de85-4153-a986-8f085dcb09ff
2020-12-26 01:57:33,778 [16d33d7f-de85-4153-a986-8f085dcb09ff@group-3939299B193E-LeaderElection78] INFO  server.RaftServer$Division (ServerState.java:setLeader(258)) - 16d33d7f-de85-4153-a986-8f085dcb09ff@group-3939299B193E: change Leader from null to 16d33d7f-de85-4153-a986-8f085dcb09ff at term 1 for becomeLeader, leader elected after 5077ms
2020-12-26 01:57:33,779 [16d33d7f-de85-4153-a986-8f085dcb09ff@group-3939299B193E-LeaderElection78] INFO  server.RaftServerConfigKeys (ConfUtils.java:logGet(44)) - raft.server.staging.catchup.gap = 1000 (default)
2020-12-26 01:57:33,779 [16d33d7f-de85-4153-a986-8f085dcb09ff@group-3939299B193E-LeaderElection78] INFO  metrics.RatisMetrics (RatisMetrics.java:lambda$create$0(36)) - Creating Metrics Registry : ratis.log_appender.16d33d7f-de85-4153-a986-8f085dcb09ff@group-3939299B193E
2020-12-26 01:57:33,780 [16d33d7f-de85-4153-a986-8f085dcb09ff@group-3939299B193E-LeaderElection78] INFO  server.RaftServerConfigKeys (ConfUtils.java:logGet(44)) - raft.server.write.element-limit = 1024 (custom)
2020-12-26 01:57:33,780 [16d33d7f-de85-4153-a986-8f085dcb09ff@group-3939299B193E-LeaderElection78] INFO  server.RaftServerConfigKeys (ConfUtils.java:logGet(44)) - raft.server.write.byte-limit = 1073741824 (custom)
2020-12-26 01:57:33,780 [16d33d7f-de85-4153-a986-8f085dcb09ff@group-3939299B193E-LeaderElection78] INFO  server.RaftServerConfigKeys (ConfUtils.java:logGet(44)) - raft.server.watch.timeout = 3000ms (custom)
2020-12-26 01:57:33,780 [16d33d7f-de85-4153-a986-8f085dcb09ff@group-3939299B193E-LeaderElection78] INFO  server.RaftServerConfigKeys (ConfUtils.java:logGet(44)) - raft.server.watch.timeout.denomination = 1s (default)
2020-12-26 01:57:33,780 [16d33d7f-de85-4153-a986-8f085dcb09ff@group-3939299B193E-LeaderElection78] INFO  server.RaftServerConfigKeys (ConfUtils.java:logGet(44)) - raft.server.watch.element-limit = 65536 (default)
2020-12-26 01:57:33,780 [16d33d7f-de85-4153-a986-8f085dcb09ff@group-3939299B193E-LeaderElection78] INFO  impl.RoleInfo (RoleInfo.java:updateAndGet(130)) - 16d33d7f-de85-4153-a986-8f085dcb09ff: start 16d33d7f-de85-4153-a986-8f085dcb09ff@group-3939299B193E-LeaderStateImpl
2020-12-26 01:57:33,781 [16d33d7f-de85-4153-a986-8f085dcb09ff@group-3939299B193E-LeaderElection78] INFO  segmented.SegmentedRaftLogWorker (SegmentedRaftLogWorker.java:startLogSegment(392)) - 16d33d7f-de85-4153-a986-8f085dcb09ff@group-3939299B193E-SegmentedRaftLogWorker: Starting segment from index:0
2020-12-26 01:57:33,782 [16d33d7f-de85-4153-a986-8f085dcb09ff@group-3939299B193E-SegmentedRaftLogWorker] INFO  segmented.SegmentedRaftLogWorker (SegmentedRaftLogWorker.java:execute(599)) - 16d33d7f-de85-4153-a986-8f085dcb09ff@group-3939299B193E-SegmentedRaftLogWorker: created new log segment /github/workspace/mnt/ozone/hadoop-ozone/integration-test/target/test-dir/MiniOzoneClusterImpl-b0bbc67e-6e78-4c8b-9c9f-814a2ca087f9/datanode-6/data/ratis/aa2f226f-b70b-4fe1-ae63-3939299b193e/current/log_inprogress_0
2020-12-26 01:57:33,782 [16d33d7f-de85-4153-a986-8f085dcb09ff@group-3939299B193E-LeaderElection78] INFO  server.RaftServer$Division (ServerState.java:setRaftConf(374)) - 16d33d7f-de85-4153-a986-8f085dcb09ff@group-3939299B193E: set configuration 0: [16d33d7f-de85-4153-a986-8f085dcb09ff|rpc:172.17.0.2:35329|dataStream:], old=null at 0
2020-12-26 01:57:35,662 [EventQueue-Delayed safe mode statusForReplicationManager] INFO  container.ReplicationManager (ReplicationManager.java:start(186)) - Starting Replication Monitor Thread.
2020-12-26 01:57:35,664 [ReplicationMonitor] INFO  container.ReplicationManager (ReplicationManager.java:run(250)) - Replication Monitor Thread took 0 milliseconds for processing 1 containers.
2020-12-26 01:57:37,975 [Listener at 127.0.0.1/40109] INFO  ozoneimpl.OzoneContainer (OzoneContainer.java:stop(257)) - Attempting to stop container services.
2020-12-26 01:57:37,976 [Listener at 127.0.0.1/40109] INFO  server.RaftServer (RaftServerProxy.java:lambda$close$6(387)) - 03a4ab30-7c3b-428c-926c-31d823ed78af: close
2020-12-26 01:57:37,976 [Listener at 127.0.0.1/40109] INFO  server.RaftServer$Division (RaftServerImpl.java:lambda$close$4(397)) - 03a4ab30-7c3b-428c-926c-31d823ed78af@group-BE28A4447053: shutdown
2020-12-26 01:57:37,976 [Listener at 127.0.0.1/40109] INFO  util.JmxRegister (JmxRegister.java:unregister(73)) - Successfully un-registered JMX Bean with object name Ratis:service=RaftServer,group=group-BE28A4447053,id=03a4ab30-7c3b-428c-926c-31d823ed78af
2020-12-26 01:57:37,976 [Listener at 127.0.0.1/40109] INFO  impl.RoleInfo (RoleInfo.java:shutdownLeaderState(91)) - 03a4ab30-7c3b-428c-926c-31d823ed78af: shutdown 03a4ab30-7c3b-428c-926c-31d823ed78af@group-BE28A4447053-LeaderStateImpl
2020-12-26 01:57:37,977 [Listener at 127.0.0.1/40109] INFO  metrics.RatisMetrics (RatisMetrics.java:unregister(43)) - Unregistering Metrics Registry : ratis_grpc.log_appender.03a4ab30-7c3b-428c-926c-31d823ed78af@group-BE28A4447053
2020-12-26 01:57:37,977 [Listener at 127.0.0.1/40109] INFO  metrics.RatisMetrics (RatisMetrics.java:unregister(43)) - Unregistering Metrics Registry : ratis_grpc.log_appender.03a4ab30-7c3b-428c-926c-31d823ed78af@group-BE28A4447053
2020-12-26 01:57:37,977 [03a4ab30-7c3b-428c-926c-31d823ed78af@group-BE28A4447053->c7c2d1d0-24bf-4086-b8ac-f9c9c7e07f42-GrpcLogAppender-LogAppenderDaemon] WARN  server.GrpcLogAppender (GrpcLogAppender.java:mayWait(174)) - 03a4ab30-7c3b-428c-926c-31d823ed78af@group-BE28A4447053->c7c2d1d0-24bf-4086-b8ac-f9c9c7e07f42-GrpcLogAppender: Wait interrupted by java.lang.InterruptedException
2020-12-26 01:57:37,976 [ForkJoinPool.commonPool-worker-0] INFO  server.RaftServer$Division (RaftServerImpl.java:lambda$close$4(397)) - 03a4ab30-7c3b-428c-926c-31d823ed78af@group-CBCCC18211C1: shutdown
2020-12-26 01:57:37,977 [Listener at 127.0.0.1/40109] INFO  impl.PendingRequests (PendingRequests.java:sendNotLeaderResponses(249)) - 03a4ab30-7c3b-428c-926c-31d823ed78af@group-BE28A4447053-PendingRequests: sendNotLeaderResponses
2020-12-26 01:57:37,977 [03a4ab30-7c3b-428c-926c-31d823ed78af@group-BE28A4447053->a9229adb-278c-43ef-9666-e3cbf980c0ea-GrpcLogAppender-LogAppenderDaemon] WARN  server.GrpcLogAppender (GrpcLogAppender.java:mayWait(174)) - 03a4ab30-7c3b-428c-926c-31d823ed78af@group-BE28A4447053->a9229adb-278c-43ef-9666-e3cbf980c0ea-GrpcLogAppender: Wait interrupted by java.lang.InterruptedException
2020-12-26 01:57:37,977 [grpc-default-executor-6] INFO  server.GrpcServerProtocolService (GrpcServerProtocolService.java:onCompleted(138)) - c7c2d1d0-24bf-4086-b8ac-f9c9c7e07f42: Completed APPEND_ENTRIES, lastRequest: 03a4ab30-7c3b-428c-926c-31d823ed78af->c7c2d1d0-24bf-4086-b8ac-f9c9c7e07f42#39-t1,previous=(t:1, i:13),leaderCommit=12,initializing? true,entries: size=1, first=(t:1, i:14), METADATAENTRY(c:12)
2020-12-26 01:57:37,980 [grpc-default-executor-4] INFO  server.GrpcServerProtocolService (GrpcServerProtocolService.java:onCompleted(138)) - a9229adb-278c-43ef-9666-e3cbf980c0ea: Completed APPEND_ENTRIES, lastRequest: 03a4ab30-7c3b-428c-926c-31d823ed78af->a9229adb-278c-43ef-9666-e3cbf980c0ea#46-t1,previous=(t:1, i:13),leaderCommit=12,initializing? true,entries: size=1, first=(t:1, i:14), METADATAENTRY(c:12)
2020-12-26 01:57:37,980 [Listener at 127.0.0.1/40109] INFO  metrics.RatisMetrics (RatisMetrics.java:unregister(43)) - Unregistering Metrics Registry : ratis.log_appender.03a4ab30-7c3b-428c-926c-31d823ed78af@group-BE28A4447053
2020-12-26 01:57:37,979 [ForkJoinPool.commonPool-worker-0] INFO  util.JmxRegister (JmxRegister.java:unregister(73)) - Successfully un-registered JMX Bean with object name Ratis:service=RaftServer,group=group-CBCCC18211C1,id=03a4ab30-7c3b-428c-926c-31d823ed78af
2020-12-26 01:57:37,981 [ForkJoinPool.commonPool-worker-0] INFO  impl.RoleInfo (RoleInfo.java:shutdownLeaderState(91)) - 03a4ab30-7c3b-428c-926c-31d823ed78af: shutdown 03a4ab30-7c3b-428c-926c-31d823ed78af@group-CBCCC18211C1-LeaderStateImpl
2020-12-26 01:57:37,981 [ForkJoinPool.commonPool-worker-0] INFO  metrics.RatisMetrics (RatisMetrics.java:unregister(43)) - Unregistering Metrics Registry : ratis_grpc.log_appender.03a4ab30-7c3b-428c-926c-31d823ed78af@group-CBCCC18211C1
2020-12-26 01:57:37,981 [Listener at 127.0.0.1/40109] INFO  metrics.RatisMetrics (RatisMetrics.java:unregister(43)) - Unregistering Metrics Registry : ratis.server.03a4ab30-7c3b-428c-926c-31d823ed78af@group-BE28A4447053
2020-12-26 01:57:37,981 [ForkJoinPool.commonPool-worker-0] INFO  metrics.RatisMetrics (RatisMetrics.java:unregister(43)) - Unregistering Metrics Registry : ratis_grpc.log_appender.03a4ab30-7c3b-428c-926c-31d823ed78af@group-CBCCC18211C1
2020-12-26 01:57:37,981 [03a4ab30-7c3b-428c-926c-31d823ed78af@group-CBCCC18211C1->c7c2d1d0-24bf-4086-b8ac-f9c9c7e07f42-GrpcLogAppender-LogAppenderDaemon] WARN  server.GrpcLogAppender (GrpcLogAppender.java:mayWait(174)) - 03a4ab30-7c3b-428c-926c-31d823ed78af@group-CBCCC18211C1->c7c2d1d0-24bf-4086-b8ac-f9c9c7e07f42-GrpcLogAppender: Wait interrupted by java.lang.InterruptedException
2020-12-26 01:57:37,981 [03a4ab30-7c3b-428c-926c-31d823ed78af@group-CBCCC18211C1->a9229adb-278c-43ef-9666-e3cbf980c0ea-GrpcLogAppender-LogAppenderDaemon] WARN  server.GrpcLogAppender (GrpcLogAppender.java:mayWait(174)) - 03a4ab30-7c3b-428c-926c-31d823ed78af@group-CBCCC18211C1->a9229adb-278c-43ef-9666-e3cbf980c0ea-GrpcLogAppender: Wait interrupted by java.lang.InterruptedException
2020-12-26 01:57:37,982 [ForkJoinPool.commonPool-worker-0] INFO  impl.PendingRequests (PendingRequests.java:sendNotLeaderResponses(249)) - 03a4ab30-7c3b-428c-926c-31d823ed78af@group-CBCCC18211C1-PendingRequests: sendNotLeaderResponses
2020-12-26 01:57:37,982 [ForkJoinPool.commonPool-worker-0] INFO  metrics.RatisMetrics (RatisMetrics.java:unregister(43)) - Unregistering Metrics Registry : ratis.log_appender.03a4ab30-7c3b-428c-926c-31d823ed78af@group-CBCCC18211C1
2020-12-26 01:57:37,982 [ForkJoinPool.commonPool-worker-0] INFO  metrics.RatisMetrics (RatisMetrics.java:unregister(43)) - Unregistering Metrics Registry : ratis.server.03a4ab30-7c3b-428c-926c-31d823ed78af@group-CBCCC18211C1
2020-12-26 01:57:37,982 [grpc-default-executor-5] INFO  server.GrpcServerProtocolService (GrpcServerProtocolService.java:onCompleted(138)) - c7c2d1d0-24bf-4086-b8ac-f9c9c7e07f42: Completed APPEND_ENTRIES, lastRequest: 03a4ab30-7c3b-428c-926c-31d823ed78af->c7c2d1d0-24bf-4086-b8ac-f9c9c7e07f42#1-t1,previous=(t:0, i:0),leaderCommit=-1,initializing? true,entries: size=1, first=(t:1, i:0), CONFIGURATIONENTRY
2020-12-26 01:57:37,982 [grpc-default-executor-5] INFO  server.GrpcServerProtocolService (GrpcServerProtocolService.java:onCompleted(138)) - a9229adb-278c-43ef-9666-e3cbf980c0ea: Completed APPEND_ENTRIES, lastRequest: 03a4ab30-7c3b-428c-926c-31d823ed78af->a9229adb-278c-43ef-9666-e3cbf980c0ea#1-t1,previous=(t:0, i:0),leaderCommit=-1,initializing? true,entries: size=1, first=(t:1, i:0), CONFIGURATIONENTRY
2020-12-26 01:57:37,983 [grpc-default-executor-5] INFO  server.GrpcLogAppender (GrpcLogAppender.java:onCompleted(343)) - 03a4ab30-7c3b-428c-926c-31d823ed78af@group-CBCCC18211C1->a9229adb-278c-43ef-9666-e3cbf980c0ea-AppendLogResponseHandler: follower responses appendEntries COMPLETED
2020-12-26 01:57:37,984 [grpc-default-executor-5] INFO  leader.FollowerInfo (FollowerInfoImpl.java:lambda$new$0(46)) - 03a4ab30-7c3b-428c-926c-31d823ed78af@group-CBCCC18211C1->a9229adb-278c-43ef-9666-e3cbf980c0ea: nextIndex: updateUnconditionally 1 -> 0
2020-12-26 01:57:37,984 [grpc-default-executor-3] INFO  server.GrpcLogAppender (GrpcLogAppender.java:onCompleted(343)) - 03a4ab30-7c3b-428c-926c-31d823ed78af@group-CBCCC18211C1->c7c2d1d0-24bf-4086-b8ac-f9c9c7e07f42-AppendLogResponseHandler: follower responses appendEntries COMPLETED
2020-12-26 01:57:37,984 [grpc-default-executor-3] INFO  leader.FollowerInfo (FollowerInfoImpl.java:lambda$new$0(46)) - 03a4ab30-7c3b-428c-926c-31d823ed78af@group-CBCCC18211C1->c7c2d1d0-24bf-4086-b8ac-f9c9c7e07f42: nextIndex: updateUnconditionally 1 -> 0
2020-12-26 01:57:37,988 [grpc-default-executor-3] INFO  server.GrpcLogAppender (GrpcLogAppender.java:onCompleted(343)) - 03a4ab30-7c3b-428c-926c-31d823ed78af@group-BE28A4447053->c7c2d1d0-24bf-4086-b8ac-f9c9c7e07f42-AppendLogResponseHandler: follower responses appendEntries COMPLETED
2020-12-26 01:57:37,988 [grpc-default-executor-3] INFO  leader.FollowerInfo (FollowerInfoImpl.java:lambda$new$0(46)) - 03a4ab30-7c3b-428c-926c-31d823ed78af@group-BE28A4447053->c7c2d1d0-24bf-4086-b8ac-f9c9c7e07f42: nextIndex: updateUnconditionally 15 -> 14
2020-12-26 01:57:37,990 [grpc-default-executor-0] INFO  server.GrpcLogAppender (GrpcLogAppender.java:onCompleted(343)) - 03a4ab30-7c3b-428c-926c-31d823ed78af@group-BE28A4447053->a9229adb-278c-43ef-9666-e3cbf980c0ea-AppendLogResponseHandler: follower responses appendEntries COMPLETED
2020-12-26 01:57:37,990 [grpc-default-executor-0] INFO  leader.FollowerInfo (FollowerInfoImpl.java:lambda$new$0(46)) - 03a4ab30-7c3b-428c-926c-31d823ed78af@group-BE28A4447053->a9229adb-278c-43ef-9666-e3cbf980c0ea: nextIndex: updateUnconditionally 15 -> 14
2020-12-26 01:57:37,990 [Listener at 127.0.0.1/40109] INFO  impl.StateMachineUpdater (StateMachineUpdater.java:stopAndJoin(148)) - 03a4ab30-7c3b-428c-926c-31d823ed78af@group-BE28A4447053-StateMachineUpdater: set stopIndex = 14
2020-12-26 01:57:37,991 [03a4ab30-7c3b-428c-926c-31d823ed78af@group-BE28A4447053-StateMachineUpdater] INFO  ratis.ContainerStateMachine (ContainerStateMachine.java:takeSnapshot(291)) - group-BE28A4447053: Taking a snapshot at:(t:1, i:14) file /github/workspace/mnt/ozone/hadoop-ozone/integration-test/target/test-dir/MiniOzoneClusterImpl-b0bbc67e-6e78-4c8b-9c9f-814a2ca087f9/datanode-2/data/ratis/531cb22c-be6d-463e-b99c-be28a4447053/sm/snapshot.1_14
2020-12-26 01:57:37,991 [03a4ab30-7c3b-428c-926c-31d823ed78af@group-CBCCC18211C1-StateMachineUpdater] INFO  ratis.ContainerStateMachine (ContainerStateMachine.java:takeSnapshot(291)) - group-CBCCC18211C1: Taking a snapshot at:(t:1, i:0) file /github/workspace/mnt/ozone/hadoop-ozone/integration-test/target/test-dir/MiniOzoneClusterImpl-b0bbc67e-6e78-4c8b-9c9f-814a2ca087f9/datanode-2/data/ratis/4b3ce42e-715f-4136-a2ae-cbccc18211c1/sm/snapshot.1_0
2020-12-26 01:57:37,992 [ForkJoinPool.commonPool-worker-0] INFO  impl.StateMachineUpdater (StateMachineUpdater.java:stopAndJoin(148)) - 03a4ab30-7c3b-428c-926c-31d823ed78af@group-CBCCC18211C1-StateMachineUpdater: set stopIndex = 0
2020-12-26 01:57:37,992 [03a4ab30-7c3b-428c-926c-31d823ed78af@group-BE28A4447053-StateMachineUpdater] INFO  ratis.ContainerStateMachine (ContainerStateMachine.java:takeSnapshot(302)) - group-BE28A4447053: Finished taking a snapshot at:(t:1, i:14) file:/github/workspace/mnt/ozone/hadoop-ozone/integration-test/target/test-dir/MiniOzoneClusterImpl-b0bbc67e-6e78-4c8b-9c9f-814a2ca087f9/datanode-2/data/ratis/531cb22c-be6d-463e-b99c-be28a4447053/sm/snapshot.1_14 time:1
2020-12-26 01:57:37,992 [03a4ab30-7c3b-428c-926c-31d823ed78af@group-CBCCC18211C1-StateMachineUpdater] INFO  ratis.ContainerStateMachine (ContainerStateMachine.java:takeSnapshot(302)) - group-CBCCC18211C1: Finished taking a snapshot at:(t:1, i:0) file:/github/workspace/mnt/ozone/hadoop-ozone/integration-test/target/test-dir/MiniOzoneClusterImpl-b0bbc67e-6e78-4c8b-9c9f-814a2ca087f9/datanode-2/data/ratis/4b3ce42e-715f-4136-a2ae-cbccc18211c1/sm/snapshot.1_0 time:0
2020-12-26 01:57:37,992 [03a4ab30-7c3b-428c-926c-31d823ed78af@group-BE28A4447053-StateMachineUpdater] INFO  impl.StateMachineUpdater (StateMachineUpdater.java:takeSnapshot(279)) - 03a4ab30-7c3b-428c-926c-31d823ed78af@group-BE28A4447053-StateMachineUpdater: Took a snapshot at index 14
2020-12-26 01:57:37,992 [03a4ab30-7c3b-428c-926c-31d823ed78af@group-BE28A4447053-StateMachineUpdater] INFO  impl.StateMachineUpdater (StateMachineUpdater.java:lambda$new$0(88)) - 03a4ab30-7c3b-428c-926c-31d823ed78af@group-BE28A4447053-StateMachineUpdater: snapshotIndex: updateIncreasingly -1 -> 14
2020-12-26 01:57:37,992 [03a4ab30-7c3b-428c-926c-31d823ed78af@group-CBCCC18211C1-StateMachineUpdater] INFO  impl.StateMachineUpdater (StateMachineUpdater.java:takeSnapshot(279)) - 03a4ab30-7c3b-428c-926c-31d823ed78af@group-CBCCC18211C1-StateMachineUpdater: Took a snapshot at index 0
2020-12-26 01:57:37,992 [03a4ab30-7c3b-428c-926c-31d823ed78af@group-CBCCC18211C1-StateMachineUpdater] INFO  impl.StateMachineUpdater (StateMachineUpdater.java:lambda$new$0(88)) - 03a4ab30-7c3b-428c-926c-31d823ed78af@group-CBCCC18211C1-StateMachineUpdater: snapshotIndex: updateIncreasingly -1 -> 0
2020-12-26 01:57:37,992 [03a4ab30-7c3b-428c-926c-31d823ed78af@group-BE28A4447053-StateMachineUpdater] INFO  metrics.RatisMetrics (RatisMetrics.java:unregister(43)) - Unregistering Metrics Registry : ratis.state_machine.03a4ab30-7c3b-428c-926c-31d823ed78af@group-BE28A4447053
2020-12-26 01:57:37,992 [03a4ab30-7c3b-428c-926c-31d823ed78af@group-CBCCC18211C1-StateMachineUpdater] INFO  metrics.RatisMetrics (RatisMetrics.java:unregister(43)) - Unregistering Metrics Registry : ratis.state_machine.03a4ab30-7c3b-428c-926c-31d823ed78af@group-CBCCC18211C1
2020-12-26 01:57:37,993 [Listener at 127.0.0.1/40109] INFO  server.RaftServer$Division (ServerState.java:close(406)) - 03a4ab30-7c3b-428c-926c-31d823ed78af@group-BE28A4447053: closes. applyIndex: 14
2020-12-26 01:57:37,993 [ForkJoinPool.commonPool-worker-0] INFO  server.RaftServer$Division (ServerState.java:close(406)) - 03a4ab30-7c3b-428c-926c-31d823ed78af@group-CBCCC18211C1: closes. applyIndex: 0
2020-12-26 01:57:37,993 [03a4ab30-7c3b-428c-926c-31d823ed78af@group-BE28A4447053-SegmentedRaftLogWorker] INFO  segmented.SegmentedRaftLogWorker (SegmentedRaftLogWorker.java:run(326)) - 03a4ab30-7c3b-428c-926c-31d823ed78af@group-BE28A4447053-SegmentedRaftLogWorker was interrupted, exiting. There are 0 tasks remaining in the queue.
2020-12-26 01:57:37,993 [03a4ab30-7c3b-428c-926c-31d823ed78af@group-CBCCC18211C1-SegmentedRaftLogWorker] INFO  segmented.SegmentedRaftLogWorker (SegmentedRaftLogWorker.java:run(326)) - 03a4ab30-7c3b-428c-926c-31d823ed78af@group-CBCCC18211C1-SegmentedRaftLogWorker was interrupted, exiting. There are 0 tasks remaining in the queue.
2020-12-26 01:57:37,994 [Listener at 127.0.0.1/40109] INFO  segmented.SegmentedRaftLogWorker (SegmentedRaftLogWorker.java:close(236)) - 03a4ab30-7c3b-428c-926c-31d823ed78af@group-BE28A4447053-SegmentedRaftLogWorker close()
2020-12-26 01:57:37,994 [ForkJoinPool.commonPool-worker-0] INFO  segmented.SegmentedRaftLogWorker (SegmentedRaftLogWorker.java:close(236)) - 03a4ab30-7c3b-428c-926c-31d823ed78af@group-CBCCC18211C1-SegmentedRaftLogWorker close()
2020-12-26 01:57:37,998 [Listener at 127.0.0.1/40109] INFO  metrics.RatisMetrics (RatisMetrics.java:unregister(43)) - Unregistering Metrics Registry : ratis.log_worker.03a4ab30-7c3b-428c-926c-31d823ed78af@group-BE28A4447053
2020-12-26 01:57:37,999 [Listener at 127.0.0.1/40109] INFO  metrics.RatisMetrics (RatisMetrics.java:unregister(43)) - Unregistering Metrics Registry : ratis.leader_election.03a4ab30-7c3b-428c-926c-31d823ed78af@group-BE28A4447053
2020-12-26 01:57:37,999 [Listener at 127.0.0.1/40109] INFO  metrics.RatisMetrics (RatisMetrics.java:unregister(43)) - Unregistering Metrics Registry : ratis.server.03a4ab30-7c3b-428c-926c-31d823ed78af@group-BE28A4447053
2020-12-26 01:57:38,000 [ForkJoinPool.commonPool-worker-0] INFO  metrics.RatisMetrics (RatisMetrics.java:unregister(43)) - Unregistering Metrics Registry : ratis.log_worker.03a4ab30-7c3b-428c-926c-31d823ed78af@group-CBCCC18211C1
2020-12-26 01:57:38,000 [ForkJoinPool.commonPool-worker-0] INFO  metrics.RatisMetrics (RatisMetrics.java:unregister(43)) - Unregistering Metrics Registry : ratis.leader_election.03a4ab30-7c3b-428c-926c-31d823ed78af@group-CBCCC18211C1
2020-12-26 01:57:38,000 [ForkJoinPool.commonPool-worker-0] INFO  metrics.RatisMetrics (RatisMetrics.java:unregister(43)) - Unregistering Metrics Registry : ratis.server.03a4ab30-7c3b-428c-926c-31d823ed78af@group-CBCCC18211C1
2020-12-26 01:57:38,000 [ForkJoinPool.commonPool-worker-0] INFO  server.RaftServer$Division (RaftServerImpl.java:lambda$close$4(397)) - 03a4ab30-7c3b-428c-926c-31d823ed78af@group-C86E59087E83: shutdown
2020-12-26 01:57:38,000 [ForkJoinPool.commonPool-worker-0] INFO  util.JmxRegister (JmxRegister.java:unregister(73)) - Successfully un-registered JMX Bean with object name Ratis:service=RaftServer,group=group-C86E59087E83,id=03a4ab30-7c3b-428c-926c-31d823ed78af
2020-12-26 01:57:38,000 [ForkJoinPool.commonPool-worker-0] INFO  impl.RoleInfo (RoleInfo.java:shutdownLeaderState(91)) - 03a4ab30-7c3b-428c-926c-31d823ed78af: shutdown 03a4ab30-7c3b-428c-926c-31d823ed78af@group-C86E59087E83-LeaderStateImpl
2020-12-26 01:57:38,000 [ForkJoinPool.commonPool-worker-0] INFO  impl.PendingRequests (PendingRequests.java:sendNotLeaderResponses(249)) - 03a4ab30-7c3b-428c-926c-31d823ed78af@group-C86E59087E83-PendingRequests: sendNotLeaderResponses
2020-12-26 01:57:38,000 [ForkJoinPool.commonPool-worker-0] INFO  metrics.RatisMetrics (RatisMetrics.java:unregister(43)) - Unregistering Metrics Registry : ratis.log_appender.03a4ab30-7c3b-428c-926c-31d823ed78af@group-C86E59087E83
2020-12-26 01:57:38,000 [ForkJoinPool.commonPool-worker-0] INFO  metrics.RatisMetrics (RatisMetrics.java:unregister(43)) - Unregistering Metrics Registry : ratis.server.03a4ab30-7c3b-428c-926c-31d823ed78af@group-C86E59087E83
2020-12-26 01:57:38,001 [ForkJoinPool.commonPool-worker-0] INFO  impl.StateMachineUpdater (StateMachineUpdater.java:stopAndJoin(148)) - 03a4ab30-7c3b-428c-926c-31d823ed78af@group-C86E59087E83-StateMachineUpdater: set stopIndex = 0
2020-12-26 01:57:38,001 [03a4ab30-7c3b-428c-926c-31d823ed78af@group-C86E59087E83-StateMachineUpdater] INFO  ratis.ContainerStateMachine (ContainerStateMachine.java:takeSnapshot(291)) - group-C86E59087E83: Taking a snapshot at:(t:1, i:0) file /github/workspace/mnt/ozone/hadoop-ozone/integration-test/target/test-dir/MiniOzoneClusterImpl-b0bbc67e-6e78-4c8b-9c9f-814a2ca087f9/datanode-2/data/ratis/0dbac3b6-6176-4237-9183-c86e59087e83/sm/snapshot.1_0
2020-12-26 01:57:38,002 [03a4ab30-7c3b-428c-926c-31d823ed78af@group-C86E59087E83-StateMachineUpdater] INFO  ratis.ContainerStateMachine (ContainerStateMachine.java:takeSnapshot(302)) - group-C86E59087E83: Finished taking a snapshot at:(t:1, i:0) file:/github/workspace/mnt/ozone/hadoop-ozone/integration-test/target/test-dir/MiniOzoneClusterImpl-b0bbc67e-6e78-4c8b-9c9f-814a2ca087f9/datanode-2/data/ratis/0dbac3b6-6176-4237-9183-c86e59087e83/sm/snapshot.1_0 time:0
2020-12-26 01:57:38,002 [03a4ab30-7c3b-428c-926c-31d823ed78af@group-C86E59087E83-StateMachineUpdater] INFO  impl.StateMachineUpdater (StateMachineUpdater.java:takeSnapshot(279)) - 03a4ab30-7c3b-428c-926c-31d823ed78af@group-C86E59087E83-StateMachineUpdater: Took a snapshot at index 0
2020-12-26 01:57:38,002 [03a4ab30-7c3b-428c-926c-31d823ed78af@group-C86E59087E83-StateMachineUpdater] INFO  impl.StateMachineUpdater (StateMachineUpdater.java:lambda$new$0(88)) - 03a4ab30-7c3b-428c-926c-31d823ed78af@group-C86E59087E83-StateMachineUpdater: snapshotIndex: updateIncreasingly -1 -> 0
2020-12-26 01:57:38,002 [03a4ab30-7c3b-428c-926c-31d823ed78af@group-C86E59087E83-StateMachineUpdater] INFO  metrics.RatisMetrics (RatisMetrics.java:unregister(43)) - Unregistering Metrics Registry : ratis.state_machine.03a4ab30-7c3b-428c-926c-31d823ed78af@group-C86E59087E83
2020-12-26 01:57:38,002 [ForkJoinPool.commonPool-worker-0] INFO  server.RaftServer$Division (ServerState.java:close(406)) - 03a4ab30-7c3b-428c-926c-31d823ed78af@group-C86E59087E83: closes. applyIndex: 0
2020-12-26 01:57:38,003 [03a4ab30-7c3b-428c-926c-31d823ed78af@group-C86E59087E83-SegmentedRaftLogWorker] INFO  segmented.SegmentedRaftLogWorker (SegmentedRaftLogWorker.java:run(326)) - 03a4ab30-7c3b-428c-926c-31d823ed78af@group-C86E59087E83-SegmentedRaftLogWorker was interrupted, exiting. There are 0 tasks remaining in the queue.
2020-12-26 01:57:38,004 [ForkJoinPool.commonPool-worker-0] INFO  segmented.SegmentedRaftLogWorker (SegmentedRaftLogWorker.java:close(236)) - 03a4ab30-7c3b-428c-926c-31d823ed78af@group-C86E59087E83-SegmentedRaftLogWorker close()
2020-12-26 01:57:38,005 [ForkJoinPool.commonPool-worker-0] INFO  metrics.RatisMetrics (RatisMetrics.java:unregister(43)) - Unregistering Metrics Registry : ratis.log_worker.03a4ab30-7c3b-428c-926c-31d823ed78af@group-C86E59087E83
2020-12-26 01:57:38,005 [ForkJoinPool.commonPool-worker-0] INFO  metrics.RatisMetrics (RatisMetrics.java:unregister(43)) - Unregistering Metrics Registry : ratis.leader_election.03a4ab30-7c3b-428c-926c-31d823ed78af@group-C86E59087E83
2020-12-26 01:57:38,005 [ForkJoinPool.commonPool-worker-0] INFO  metrics.RatisMetrics (RatisMetrics.java:unregister(43)) - Unregistering Metrics Registry : ratis.server.03a4ab30-7c3b-428c-926c-31d823ed78af@group-C86E59087E83
2020-12-26 01:57:38,005 [Listener at 127.0.0.1/40109] INFO  server.GrpcService (GrpcService.java:closeImpl(184)) - 03a4ab30-7c3b-428c-926c-31d823ed78af: shutdown server with port 35853 now
2020-12-26 01:57:38,006 [grpc-default-executor-4] WARN  client.GrpcClientProtocolService (LogUtils.java:warn(122)) - 1-UnorderedRequestStreamObserver1: onError: org.apache.ratis.thirdparty.io.grpc.StatusRuntimeException: CANCELLED: cancelled before receiving half close
2020-12-26 01:57:38,011 [Listener at 127.0.0.1/40109] INFO  server.GrpcService (GrpcService.java:closeImpl(193)) - 03a4ab30-7c3b-428c-926c-31d823ed78af: shutdown server with port 35853 successfully
2020-12-26 01:57:38,011 [org.apache.ratis.util.JvmPauseMonitor$$Lambda$221/688841144@f05fd53] INFO  util.JvmPauseMonitor (JvmPauseMonitor.java:run(109)) - JvmPauseMonitor-03a4ab30-7c3b-428c-926c-31d823ed78af: Stopped
2020-12-26 01:57:38,013 [Listener at 127.0.0.1/40109] INFO  utils.BackgroundService (BackgroundService.java:shutdown(132)) - Shutting down service BlockDeletingService
2020-12-26 01:57:38,015 [Listener at 127.0.0.1/40109] INFO  statemachine.DatanodeStateMachine (DatanodeStateMachine.java:stopDaemon(461)) - Ozone container server stopped.
2020-12-26 01:57:38,023 [Listener at 127.0.0.1/40109] INFO  handler.ContextHandler (ContextHandler.java:doStop(1154)) - Stopped o.e.j.w.WebAppContext@5d2484cf{hddsDatanode,/,null,STOPPED}{jar:file:/home/user/.m2/repository/org/apache/hadoop/hadoop-hdds-container-service/1.1.0-SNAPSHOT/hadoop-hdds-container-service-1.1.0-SNAPSHOT.jar!/webapps/hddsDatanode}
2020-12-26 01:57:38,023 [Listener at 127.0.0.1/40109] INFO  server.AbstractConnector (AbstractConnector.java:doStop(381)) - Stopped ServerConnector@e9aaa16{HTTP/1.1, (http/1.1)}{0.0.0.0:0}
2020-12-26 01:57:38,024 [Listener at 127.0.0.1/40109] INFO  server.session (HouseKeeper.java:stopScavenging(149)) - node0 Stopped scavenging
2020-12-26 01:57:38,024 [Listener at 127.0.0.1/40109] INFO  handler.ContextHandler (ContextHandler.java:doStop(1154)) - Stopped o.e.j.s.ServletContextHandler@93170f6{static,/static,jar:file:/home/user/.m2/repository/org/apache/hadoop/hadoop-hdds-container-service/1.1.0-SNAPSHOT/hadoop-hdds-container-service-1.1.0-SNAPSHOT.jar!/webapps/static,STOPPED}
2020-12-26 01:57:38,024 [Listener at 127.0.0.1/40109] INFO  handler.ContextHandler (ContextHandler.java:doStop(1154)) - Stopped o.e.j.s.ServletContextHandler@60e62a1{logs,/logs,file:///github/workspace/mnt/ozone/hadoop-ozone/integration-test/target/log,STOPPED}
2020-12-26 01:57:41,404 [java.util.concurrent.ThreadPoolExecutor$Worker@8b7a492[State = -1, empty queue]] INFO  metrics.RatisMetrics (RatisMetrics.java:lambda$create$0(36)) - Creating Metrics Registry : ratis.client_message_metrics.client-ECBFEBFABF03->c7c2d1d0-24bf-4086-b8ac-f9c9c7e07f42
2020-12-26 01:57:42,940 [EventQueue-StaleNodeForStaleNodeHandler] INFO  node.StaleNodeHandler (StaleNodeHandler.java:onMessage(58)) - Datanode 03a4ab30-7c3b-428c-926c-31d823ed78af{ip: 172.17.0.2, host: 140068b710f1, networkLocation: /default-rack, certSerialId: null, persistedOpState: IN_SERVICE, persistedOpStateExpiryEpochSec: 0} moved to stale state. Finalizing its pipelines [PipelineID=531cb22c-be6d-463e-b99c-be28a4447053, PipelineID=4b3ce42e-715f-4136-a2ae-cbccc18211c1, PipelineID=0dbac3b6-6176-4237-9183-c86e59087e83]
2020-12-26 01:57:42,940 [EventQueue-StaleNodeForStaleNodeHandler] INFO  pipeline.SCMPipelineManager (SCMPipelineManager.java:finalizeAndDestroyPipeline(482)) - Destroying pipeline:Pipeline[ Id: 531cb22c-be6d-463e-b99c-be28a4447053, Nodes: 03a4ab30-7c3b-428c-926c-31d823ed78af{ip: 172.17.0.2, host: 140068b710f1, networkLocation: /default-rack, certSerialId: null, persistedOpState: IN_SERVICE, persistedOpStateExpiryEpochSec: 0}c7c2d1d0-24bf-4086-b8ac-f9c9c7e07f42{ip: 172.17.0.2, host: 140068b710f1, networkLocation: /default-rack, certSerialId: null, persistedOpState: IN_SERVICE, persistedOpStateExpiryEpochSec: 0}a9229adb-278c-43ef-9666-e3cbf980c0ea{ip: 172.17.0.2, host: 140068b710f1, networkLocation: /default-rack, certSerialId: null, persistedOpState: IN_SERVICE, persistedOpStateExpiryEpochSec: 0}, Type:RATIS, Factor:THREE, State:OPEN, leaderId:03a4ab30-7c3b-428c-926c-31d823ed78af, CreationTimestamp2020-12-26T01:57:24.879Z]
2020-12-26 01:57:42,940 [EventQueue-StaleNodeForStaleNodeHandler] INFO  pipeline.PipelineStateManager (PipelineStateManager.java:finalizePipeline(121)) - Pipeline Pipeline[ Id: 531cb22c-be6d-463e-b99c-be28a4447053, Nodes: 03a4ab30-7c3b-428c-926c-31d823ed78af{ip: 172.17.0.2, host: 140068b710f1, networkLocation: /default-rack, certSerialId: null, persistedOpState: IN_SERVICE, persistedOpStateExpiryEpochSec: 0}c7c2d1d0-24bf-4086-b8ac-f9c9c7e07f42{ip: 172.17.0.2, host: 140068b710f1, networkLocation: /default-rack, certSerialId: null, persistedOpState: IN_SERVICE, persistedOpStateExpiryEpochSec: 0}a9229adb-278c-43ef-9666-e3cbf980c0ea{ip: 172.17.0.2, host: 140068b710f1, networkLocation: /default-rack, certSerialId: null, persistedOpState: IN_SERVICE, persistedOpStateExpiryEpochSec: 0}, Type:RATIS, Factor:THREE, State:CLOSED, leaderId:03a4ab30-7c3b-428c-926c-31d823ed78af, CreationTimestamp2020-12-26T01:57:24.879Z] moved to CLOSED state
2020-12-26 01:57:42,941 [EventQueue-CloseContainerForCloseContainerEventHandler] INFO  container.CloseContainerEventHandler (CloseContainerEventHandler.java:onMessage(61)) - Close container Event triggered for container : #1
2020-12-26 01:57:42,941 [EventQueue-StaleNodeForStaleNodeHandler] INFO  pipeline.SCMPipelineManager (SCMPipelineManager.java:finalizeAndDestroyPipeline(482)) - Destroying pipeline:Pipeline[ Id: 4b3ce42e-715f-4136-a2ae-cbccc18211c1, Nodes: 03a4ab30-7c3b-428c-926c-31d823ed78af{ip: 172.17.0.2, host: 140068b710f1, networkLocation: /default-rack, certSerialId: null, persistedOpState: IN_SERVICE, persistedOpStateExpiryEpochSec: 0}c7c2d1d0-24bf-4086-b8ac-f9c9c7e07f42{ip: 172.17.0.2, host: 140068b710f1, networkLocation: /default-rack, certSerialId: null, persistedOpState: IN_SERVICE, persistedOpStateExpiryEpochSec: 0}a9229adb-278c-43ef-9666-e3cbf980c0ea{ip: 172.17.0.2, host: 140068b710f1, networkLocation: /default-rack, certSerialId: null, persistedOpState: IN_SERVICE, persistedOpStateExpiryEpochSec: 0}, Type:RATIS, Factor:THREE, State:OPEN, leaderId:03a4ab30-7c3b-428c-926c-31d823ed78af, CreationTimestamp2020-12-26T01:57:24.881Z]
2020-12-26 01:57:42,941 [EventQueue-StaleNodeForStaleNodeHandler] INFO  pipeline.PipelineStateManager (PipelineStateManager.java:finalizePipeline(121)) - Pipeline Pipeline[ Id: 4b3ce42e-715f-4136-a2ae-cbccc18211c1, Nodes: 03a4ab30-7c3b-428c-926c-31d823ed78af{ip: 172.17.0.2, host: 140068b710f1, networkLocation: /default-rack, certSerialId: null, persistedOpState: IN_SERVICE, persistedOpStateExpiryEpochSec: 0}c7c2d1d0-24bf-4086-b8ac-f9c9c7e07f42{ip: 172.17.0.2, host: 140068b710f1, networkLocation: /default-rack, certSerialId: null, persistedOpState: IN_SERVICE, persistedOpStateExpiryEpochSec: 0}a9229adb-278c-43ef-9666-e3cbf980c0ea{ip: 172.17.0.2, host: 140068b710f1, networkLocation: /default-rack, certSerialId: null, persistedOpState: IN_SERVICE, persistedOpStateExpiryEpochSec: 0}, Type:RATIS, Factor:THREE, State:CLOSED, leaderId:03a4ab30-7c3b-428c-926c-31d823ed78af, CreationTimestamp2020-12-26T01:57:24.881Z] moved to CLOSED state
2020-12-26 01:57:42,942 [EventQueue-StaleNodeForStaleNodeHandler] INFO  pipeline.SCMPipelineManager (SCMPipelineManager.java:finalizeAndDestroyPipeline(482)) - Destroying pipeline:Pipeline[ Id: 0dbac3b6-6176-4237-9183-c86e59087e83, Nodes: 03a4ab30-7c3b-428c-926c-31d823ed78af{ip: 172.17.0.2, host: 140068b710f1, networkLocation: /default-rack, certSerialId: null, persistedOpState: IN_SERVICE, persistedOpStateExpiryEpochSec: 0}, Type:RATIS, Factor:ONE, State:OPEN, leaderId:03a4ab30-7c3b-428c-926c-31d823ed78af, CreationTimestamp2020-12-26T01:57:24.878Z]
2020-12-26 01:57:42,942 [EventQueue-StaleNodeForStaleNodeHandler] INFO  pipeline.PipelineStateManager (PipelineStateManager.java:finalizePipeline(121)) - Pipeline Pipeline[ Id: 0dbac3b6-6176-4237-9183-c86e59087e83, Nodes: 03a4ab30-7c3b-428c-926c-31d823ed78af{ip: 172.17.0.2, host: 140068b710f1, networkLocation: /default-rack, certSerialId: null, persistedOpState: IN_SERVICE, persistedOpStateExpiryEpochSec: 0}, Type:RATIS, Factor:ONE, State:CLOSED, leaderId:03a4ab30-7c3b-428c-926c-31d823ed78af, CreationTimestamp2020-12-26T01:57:24.878Z] moved to CLOSED state
2020-12-26 01:57:43,052 [Thread-2576] INFO  impl.FollowerState (FollowerState.java:run(133)) - c7c2d1d0-24bf-4086-b8ac-f9c9c7e07f42@group-CBCCC18211C1-FollowerState: change to CANDIDATE, lastRpcElapsedTime:5133626096ns, electionTimeout:5073ms
2020-12-26 01:57:43,052 [Thread-2576] INFO  impl.RoleInfo (RoleInfo.java:shutdownFollowerState(108)) - c7c2d1d0-24bf-4086-b8ac-f9c9c7e07f42: shutdown c7c2d1d0-24bf-4086-b8ac-f9c9c7e07f42@group-CBCCC18211C1-FollowerState
2020-12-26 01:57:43,052 [Thread-2576] INFO  server.RaftServer$Division (RaftServerImpl.java:setRole(275)) - c7c2d1d0-24bf-4086-b8ac-f9c9c7e07f42@group-CBCCC18211C1: changes role from  FOLLOWER to CANDIDATE at term 1 for changeToCandidate
2020-12-26 01:57:43,052 [Thread-2576] INFO  impl.RoleInfo (RoleInfo.java:updateAndGet(130)) - c7c2d1d0-24bf-4086-b8ac-f9c9c7e07f42: start c7c2d1d0-24bf-4086-b8ac-f9c9c7e07f42@group-CBCCC18211C1-LeaderElection79
2020-12-26 01:57:43,052 [c7c2d1d0-24bf-4086-b8ac-f9c9c7e07f42@group-CBCCC18211C1-LeaderElection79] INFO  server.RaftServer$Division (ServerState.java:setLeader(258)) - c7c2d1d0-24bf-4086-b8ac-f9c9c7e07f42@group-CBCCC18211C1: change Leader from 03a4ab30-7c3b-428c-926c-31d823ed78af to null at term 1 for initElection
2020-12-26 01:57:43,054 [c7c2d1d0-24bf-4086-b8ac-f9c9c7e07f42@group-CBCCC18211C1-LeaderElection79] INFO  impl.LeaderElection (LeaderElection.java:askForVotes(219)) - c7c2d1d0-24bf-4086-b8ac-f9c9c7e07f42@group-CBCCC18211C1-LeaderElection79: begin an election at term 2 for 0: [a9229adb-278c-43ef-9666-e3cbf980c0ea|rpc:172.17.0.2:43985|dataStream:, 03a4ab30-7c3b-428c-926c-31d823ed78af|rpc:172.17.0.2:35853|dataStream:, c7c2d1d0-24bf-4086-b8ac-f9c9c7e07f42|rpc:172.17.0.2:44251|dataStream:], old=null
2020-12-26 01:57:43,059 [grpc-default-executor-6] INFO  server.RaftServer$Division (ServerState.java:setLeader(258)) - a9229adb-278c-43ef-9666-e3cbf980c0ea@group-CBCCC18211C1: change Leader from 03a4ab30-7c3b-428c-926c-31d823ed78af to null at term 2 for updateCurrentTerm
2020-12-26 01:57:43,059 [grpc-default-executor-6] INFO  server.RaftServer$Division (RaftServerImpl.java:setRole(275)) - a9229adb-278c-43ef-9666-e3cbf980c0ea@group-CBCCC18211C1: changes role from  FOLLOWER to FOLLOWER at term 2 for recognizeCandidate:c7c2d1d0-24bf-4086-b8ac-f9c9c7e07f42
2020-12-26 01:57:43,059 [grpc-default-executor-6] INFO  impl.RoleInfo (RoleInfo.java:shutdownFollowerState(108)) - a9229adb-278c-43ef-9666-e3cbf980c0ea: shutdown a9229adb-278c-43ef-9666-e3cbf980c0ea@group-CBCCC18211C1-FollowerState
2020-12-26 01:57:43,060 [grpc-default-executor-6] INFO  impl.RoleInfo (RoleInfo.java:updateAndGet(130)) - a9229adb-278c-43ef-9666-e3cbf980c0ea: start a9229adb-278c-43ef-9666-e3cbf980c0ea@group-CBCCC18211C1-FollowerState
2020-12-26 01:57:43,060 [Thread-2571] INFO  impl.FollowerState (FollowerState.java:run(142)) - a9229adb-278c-43ef-9666-e3cbf980c0ea@group-CBCCC18211C1-FollowerState was interrupted: {}
java.lang.InterruptedException: sleep interrupted
	at java.lang.Thread.sleep(Native Method)
	at java.lang.Thread.sleep(Thread.java:340)
	at java.util.concurrent.TimeUnit.sleep(TimeUnit.java:386)
	at org.apache.ratis.util.TimeDuration.sleep(TimeDuration.java:319)
	at org.apache.ratis.util.TimeDuration.sleep(TimeDuration.java:304)
	at org.apache.ratis.server.impl.FollowerState.run(FollowerState.java:117)
2020-12-26 01:57:43,064 [grpc-default-executor-6] INFO  server.RaftServer$Division (RaftServerImpl.java:requestVote(983)) -  FOLLOWER a9229adb-278c-43ef-9666-e3cbf980c0ea@group-CBCCC18211C1:t2, leader=null, voted=null, raftlog=a9229adb-278c-43ef-9666-e3cbf980c0ea@group-CBCCC18211C1-SegmentedRaftLog:OPENED:c0,f0,i0, conf=0: [a9229adb-278c-43ef-9666-e3cbf980c0ea|rpc:172.17.0.2:43985|dataStream:, 03a4ab30-7c3b-428c-926c-31d823ed78af|rpc:172.17.0.2:35853|dataStream:, c7c2d1d0-24bf-4086-b8ac-f9c9c7e07f42|rpc:172.17.0.2:44251|dataStream:], old=null RUNNING priority:0 candidate:c7c2d1d0-24bf-4086-b8ac-f9c9c7e07f42|rpc:172.17.0.2:44251|dataStream: candidatePriority:0 compare:0
2020-12-26 01:57:43,064 [c7c2d1d0-24bf-4086-b8ac-f9c9c7e07f42@group-CBCCC18211C1-LeaderElection79] INFO  impl.LeaderElection (LogUtils.java:infoOrTrace(137)) - c7c2d1d0-24bf-4086-b8ac-f9c9c7e07f42@group-CBCCC18211C1-LeaderElection79 got exception when requesting votes: java.util.concurrent.ExecutionException: org.apache.ratis.thirdparty.io.grpc.StatusRuntimeException: UNAVAILABLE: io exception
2020-12-26 01:57:43,065 [c7c2d1d0-24bf-4086-b8ac-f9c9c7e07f42@group-CBCCC18211C1-LeaderElection79] INFO  impl.LeaderElection (LeaderElection.java:logAndReturn(68)) - c7c2d1d0-24bf-4086-b8ac-f9c9c7e07f42@group-CBCCC18211C1-LeaderElection79: Election PASSED; received 1 response(s) [c7c2d1d0-24bf-4086-b8ac-f9c9c7e07f42<-a9229adb-278c-43ef-9666-e3cbf980c0ea#0:OK-t2] and 1 exception(s); c7c2d1d0-24bf-4086-b8ac-f9c9c7e07f42@group-CBCCC18211C1:t2, leader=null, voted=c7c2d1d0-24bf-4086-b8ac-f9c9c7e07f42, raftlog=c7c2d1d0-24bf-4086-b8ac-f9c9c7e07f42@group-CBCCC18211C1-SegmentedRaftLog:OPENED:c0,f0,i0, conf=0: [a9229adb-278c-43ef-9666-e3cbf980c0ea|rpc:172.17.0.2:43985|dataStream:, 03a4ab30-7c3b-428c-926c-31d823ed78af|rpc:172.17.0.2:35853|dataStream:, c7c2d1d0-24bf-4086-b8ac-f9c9c7e07f42|rpc:172.17.0.2:44251|dataStream:], old=null
2020-12-26 01:57:43,066 [c7c2d1d0-24bf-4086-b8ac-f9c9c7e07f42@group-CBCCC18211C1-LeaderElection79] INFO  impl.LeaderElection (LogUtils.java:infoOrTrace(137)) -   Exception 0: java.util.concurrent.ExecutionException: org.apache.ratis.thirdparty.io.grpc.StatusRuntimeException: UNAVAILABLE: io exception
2020-12-26 01:57:43,066 [c7c2d1d0-24bf-4086-b8ac-f9c9c7e07f42@group-CBCCC18211C1-LeaderElection79] INFO  impl.RoleInfo (RoleInfo.java:shutdownLeaderElection(121)) - c7c2d1d0-24bf-4086-b8ac-f9c9c7e07f42: shutdown c7c2d1d0-24bf-4086-b8ac-f9c9c7e07f42@group-CBCCC18211C1-LeaderElection79
2020-12-26 01:57:43,066 [c7c2d1d0-24bf-4086-b8ac-f9c9c7e07f42@group-CBCCC18211C1-LeaderElection79] INFO  server.RaftServer$Division (RaftServerImpl.java:setRole(275)) - c7c2d1d0-24bf-4086-b8ac-f9c9c7e07f42@group-CBCCC18211C1: changes role from CANDIDATE to LEADER at term 2 for changeToLeader
2020-12-26 01:57:43,066 [c7c2d1d0-24bf-4086-b8ac-f9c9c7e07f42@group-CBCCC18211C1-LeaderElection79] INFO  ratis.XceiverServerRatis (XceiverServerRatis.java:handleLeaderChangedNotification(862)) - Leader change notification received for group: group-CBCCC18211C1 with new leaderId: c7c2d1d0-24bf-4086-b8ac-f9c9c7e07f42
2020-12-26 01:57:43,066 [c7c2d1d0-24bf-4086-b8ac-f9c9c7e07f42@group-CBCCC18211C1-LeaderElection79] INFO  server.RaftServer$Division (ServerState.java:setLeader(258)) - c7c2d1d0-24bf-4086-b8ac-f9c9c7e07f42@group-CBCCC18211C1: change Leader from null to c7c2d1d0-24bf-4086-b8ac-f9c9c7e07f42 at term 2 for becomeLeader, leader elected after 13ms
2020-12-26 01:57:43,066 [c7c2d1d0-24bf-4086-b8ac-f9c9c7e07f42@group-CBCCC18211C1-LeaderElection79] INFO  server.RaftServerConfigKeys (ConfUtils.java:logGet(44)) - raft.server.staging.catchup.gap = 1000 (default)
2020-12-26 01:57:43,066 [c7c2d1d0-24bf-4086-b8ac-f9c9c7e07f42@group-CBCCC18211C1-LeaderElection79] INFO  metrics.RatisMetrics (RatisMetrics.java:lambda$create$0(36)) - Creating Metrics Registry : ratis.log_appender.c7c2d1d0-24bf-4086-b8ac-f9c9c7e07f42@group-CBCCC18211C1
2020-12-26 01:57:43,066 [c7c2d1d0-24bf-4086-b8ac-f9c9c7e07f42@group-CBCCC18211C1-LeaderElection79] INFO  server.RaftServerConfigKeys (ConfUtils.java:logGet(44)) - raft.server.write.element-limit = 1024 (custom)
2020-12-26 01:57:43,066 [c7c2d1d0-24bf-4086-b8ac-f9c9c7e07f42@group-CBCCC18211C1-LeaderElection79] INFO  server.RaftServerConfigKeys (ConfUtils.java:logGet(44)) - raft.server.write.byte-limit = 1073741824 (custom)
2020-12-26 01:57:43,067 [c7c2d1d0-24bf-4086-b8ac-f9c9c7e07f42@group-CBCCC18211C1-LeaderElection79] INFO  server.RaftServerConfigKeys (ConfUtils.java:logGet(44)) - raft.server.watch.timeout = 3000ms (custom)
2020-12-26 01:57:43,067 [c7c2d1d0-24bf-4086-b8ac-f9c9c7e07f42@group-CBCCC18211C1-LeaderElection79] INFO  server.RaftServerConfigKeys (ConfUtils.java:logGet(44)) - raft.server.watch.timeout.denomination = 1s (default)
2020-12-26 01:57:43,067 [c7c2d1d0-24bf-4086-b8ac-f9c9c7e07f42@group-CBCCC18211C1-LeaderElection79] INFO  server.RaftServerConfigKeys (ConfUtils.java:logGet(44)) - raft.server.watch.element-limit = 65536 (default)
2020-12-26 01:57:43,067 [c7c2d1d0-24bf-4086-b8ac-f9c9c7e07f42@group-CBCCC18211C1-LeaderElection79] INFO  server.RaftServerConfigKeys (ConfUtils.java:logGet(44)) - raft.server.log.appender.snapshot.chunk.size.max = 16MB (=16777216) (default)
2020-12-26 01:57:43,068 [c7c2d1d0-24bf-4086-b8ac-f9c9c7e07f42@group-CBCCC18211C1-LeaderElection79] INFO  server.RaftServerConfigKeys (ConfUtils.java:logGet(44)) - raft.server.log.appender.buffer.byte-limit = 33554432 (custom)
2020-12-26 01:57:43,068 [c7c2d1d0-24bf-4086-b8ac-f9c9c7e07f42@group-CBCCC18211C1-LeaderElection79] INFO  server.RaftServerConfigKeys (ConfUtils.java:logGet(44)) - raft.server.log.appender.buffer.element-limit = 1 (custom)
2020-12-26 01:57:43,068 [c7c2d1d0-24bf-4086-b8ac-f9c9c7e07f42@group-CBCCC18211C1-LeaderElection79] INFO  grpc.GrpcConfigKeys (ConfUtils.java:logGet(44)) - raft.grpc.server.leader.outstanding.appends.max = 128 (default)
2020-12-26 01:57:43,068 [c7c2d1d0-24bf-4086-b8ac-f9c9c7e07f42@group-CBCCC18211C1-LeaderElection79] INFO  server.RaftServerConfigKeys (ConfUtils.java:logGet(44)) - raft.server.rpc.request.timeout = 3000ms (default)
2020-12-26 01:57:43,068 [c7c2d1d0-24bf-4086-b8ac-f9c9c7e07f42@group-CBCCC18211C1-LeaderElection79] INFO  server.RaftServerConfigKeys (ConfUtils.java:logGet(44)) - raft.server.log.appender.install.snapshot.enabled = false (custom)
2020-12-26 01:57:43,068 [c7c2d1d0-24bf-4086-b8ac-f9c9c7e07f42@group-CBCCC18211C1-LeaderElection79] INFO  metrics.RatisMetrics (RatisMetrics.java:lambda$create$0(36)) - Creating Metrics Registry : ratis_grpc.log_appender.c7c2d1d0-24bf-4086-b8ac-f9c9c7e07f42@group-CBCCC18211C1
2020-12-26 01:57:43,070 [c7c2d1d0-24bf-4086-b8ac-f9c9c7e07f42@group-CBCCC18211C1-LeaderElection79] INFO  server.RaftServerConfigKeys (ConfUtils.java:logGet(44)) - raft.server.log.appender.snapshot.chunk.size.max = 16MB (=16777216) (default)
2020-12-26 01:57:43,070 [c7c2d1d0-24bf-4086-b8ac-f9c9c7e07f42@group-CBCCC18211C1-LeaderElection79] INFO  server.RaftServerConfigKeys (ConfUtils.java:logGet(44)) - raft.server.log.appender.buffer.byte-limit = 33554432 (custom)
2020-12-26 01:57:43,070 [c7c2d1d0-24bf-4086-b8ac-f9c9c7e07f42@group-CBCCC18211C1-LeaderElection79] INFO  server.RaftServerConfigKeys (ConfUtils.java:logGet(44)) - raft.server.log.appender.buffer.element-limit = 1 (custom)
2020-12-26 01:57:43,070 [c7c2d1d0-24bf-4086-b8ac-f9c9c7e07f42@group-CBCCC18211C1-LeaderElection79] INFO  grpc.GrpcConfigKeys (ConfUtils.java:logGet(44)) - raft.grpc.server.leader.outstanding.appends.max = 128 (default)
2020-12-26 01:57:43,070 [c7c2d1d0-24bf-4086-b8ac-f9c9c7e07f42@group-CBCCC18211C1-LeaderElection79] INFO  server.RaftServerConfigKeys (ConfUtils.java:logGet(44)) - raft.server.rpc.request.timeout = 3000ms (default)
2020-12-26 01:57:43,070 [c7c2d1d0-24bf-4086-b8ac-f9c9c7e07f42@group-CBCCC18211C1-LeaderElection79] INFO  server.RaftServerConfigKeys (ConfUtils.java:logGet(44)) - raft.server.log.appender.install.snapshot.enabled = false (custom)
2020-12-26 01:57:43,073 [c7c2d1d0-24bf-4086-b8ac-f9c9c7e07f42@group-CBCCC18211C1-LeaderElection79] INFO  impl.RoleInfo (RoleInfo.java:updateAndGet(130)) - c7c2d1d0-24bf-4086-b8ac-f9c9c7e07f42: start c7c2d1d0-24bf-4086-b8ac-f9c9c7e07f42@group-CBCCC18211C1-LeaderStateImpl
2020-12-26 01:57:43,073 [c7c2d1d0-24bf-4086-b8ac-f9c9c7e07f42@group-CBCCC18211C1-LeaderElection79] INFO  segmented.SegmentedRaftLogWorker (SegmentedRaftLogWorker.java:rollLogSegment(397)) - c7c2d1d0-24bf-4086-b8ac-f9c9c7e07f42@group-CBCCC18211C1-SegmentedRaftLogWorker: Rolling segment log-0_0 to index:0
2020-12-26 01:57:43,074 [c7c2d1d0-24bf-4086-b8ac-f9c9c7e07f42@group-CBCCC18211C1-SegmentedRaftLogWorker] INFO  segmented.SegmentedRaftLogWorker (SegmentedRaftLogWorker.java:execute(556)) - c7c2d1d0-24bf-4086-b8ac-f9c9c7e07f42@group-CBCCC18211C1-SegmentedRaftLogWorker: Rolled log segment from /github/workspace/mnt/ozone/hadoop-ozone/integration-test/target/test-dir/MiniOzoneClusterImpl-b0bbc67e-6e78-4c8b-9c9f-814a2ca087f9/datanode-0/data/ratis/4b3ce42e-715f-4136-a2ae-cbccc18211c1/current/log_inprogress_0 to /github/workspace/mnt/ozone/hadoop-ozone/integration-test/target/test-dir/MiniOzoneClusterImpl-b0bbc67e-6e78-4c8b-9c9f-814a2ca087f9/datanode-0/data/ratis/4b3ce42e-715f-4136-a2ae-cbccc18211c1/current/log_0-0
2020-12-26 01:57:43,074 [c7c2d1d0-24bf-4086-b8ac-f9c9c7e07f42@group-CBCCC18211C1-SegmentedRaftLogWorker] INFO  segmented.SegmentedRaftLogWorker (SegmentedRaftLogWorker.java:execute(599)) - c7c2d1d0-24bf-4086-b8ac-f9c9c7e07f42@group-CBCCC18211C1-SegmentedRaftLogWorker: created new log segment /github/workspace/mnt/ozone/hadoop-ozone/integration-test/target/test-dir/MiniOzoneClusterImpl-b0bbc67e-6e78-4c8b-9c9f-814a2ca087f9/datanode-0/data/ratis/4b3ce42e-715f-4136-a2ae-cbccc18211c1/current/log_inprogress_1
2020-12-26 01:57:43,081 [grpc-default-executor-0] INFO  ratis.XceiverServerRatis (XceiverServerRatis.java:handleLeaderChangedNotification(862)) - Leader change notification received for group: group-CBCCC18211C1 with new leaderId: c7c2d1d0-24bf-4086-b8ac-f9c9c7e07f42
2020-12-26 01:57:43,081 [grpc-default-executor-0] INFO  server.RaftServer$Division (ServerState.java:setLeader(258)) - a9229adb-278c-43ef-9666-e3cbf980c0ea@group-CBCCC18211C1: change Leader from null to c7c2d1d0-24bf-4086-b8ac-f9c9c7e07f42 at term 2 for appendEntries, leader elected after 21ms
2020-12-26 01:57:43,081 [c7c2d1d0-24bf-4086-b8ac-f9c9c7e07f42@group-CBCCC18211C1-LeaderElection79] INFO  server.RaftServer$Division (ServerState.java:setRaftConf(374)) - c7c2d1d0-24bf-4086-b8ac-f9c9c7e07f42@group-CBCCC18211C1: set configuration 1: [a9229adb-278c-43ef-9666-e3cbf980c0ea|rpc:172.17.0.2:43985|dataStream:, 03a4ab30-7c3b-428c-926c-31d823ed78af|rpc:172.17.0.2:35853|dataStream:, c7c2d1d0-24bf-4086-b8ac-f9c9c7e07f42|rpc:172.17.0.2:44251|dataStream:], old=null at 1
2020-12-26 01:57:43,081 [grpc-default-executor-6] WARN  server.GrpcLogAppender (LogUtils.java:warn(122)) - c7c2d1d0-24bf-4086-b8ac-f9c9c7e07f42@group-CBCCC18211C1->03a4ab30-7c3b-428c-926c-31d823ed78af-AppendLogResponseHandler: Failed appendEntries: org.apache.ratis.thirdparty.io.grpc.StatusRuntimeException: UNAVAILABLE: io exception
2020-12-26 01:57:43,088 [grpc-default-executor-6] WARN  server.GrpcLogAppender (GrpcLogAppender.java:resetClient(110)) - c7c2d1d0-24bf-4086-b8ac-f9c9c7e07f42@group-CBCCC18211C1->03a4ab30-7c3b-428c-926c-31d823ed78af-GrpcLogAppender: Leader has not got in touch with Follower c7c2d1d0-24bf-4086-b8ac-f9c9c7e07f42@group-CBCCC18211C1->03a4ab30-7c3b-428c-926c-31d823ed78af(c-1,m0,n1, attendVote=true, lastRpcSendTime=5220, lastRpcResponseTime=5220) yet, just keep nextIndex unchanged and retry.
2020-12-26 01:57:43,088 [grpc-default-executor-6] WARN  server.GrpcLogAppender (LogUtils.java:warn(122)) - c7c2d1d0-24bf-4086-b8ac-f9c9c7e07f42@group-CBCCC18211C1->03a4ab30-7c3b-428c-926c-31d823ed78af-AppendLogResponseHandler: Failed appendEntries: org.apache.ratis.thirdparty.io.grpc.StatusRuntimeException: UNAVAILABLE: io exception
2020-12-26 01:57:43,089 [grpc-default-executor-0] INFO  server.RaftServer$Division (ServerState.java:setRaftConf(374)) - a9229adb-278c-43ef-9666-e3cbf980c0ea@group-CBCCC18211C1: set configuration 1: [a9229adb-278c-43ef-9666-e3cbf980c0ea|rpc:172.17.0.2:43985|dataStream:, 03a4ab30-7c3b-428c-926c-31d823ed78af|rpc:172.17.0.2:35853|dataStream:, c7c2d1d0-24bf-4086-b8ac-f9c9c7e07f42|rpc:172.17.0.2:44251|dataStream:], old=null at 1
2020-12-26 01:57:43,089 [grpc-default-executor-0] INFO  segmented.SegmentedRaftLogWorker (SegmentedRaftLogWorker.java:rollLogSegment(397)) - a9229adb-278c-43ef-9666-e3cbf980c0ea@group-CBCCC18211C1-SegmentedRaftLogWorker: Rolling segment log-0_0 to index:0
2020-12-26 01:57:43,089 [grpc-default-executor-6] WARN  server.GrpcLogAppender (GrpcLogAppender.java:resetClient(110)) - c7c2d1d0-24bf-4086-b8ac-f9c9c7e07f42@group-CBCCC18211C1->03a4ab30-7c3b-428c-926c-31d823ed78af-GrpcLogAppender: Leader has not got in touch with Follower c7c2d1d0-24bf-4086-b8ac-f9c9c7e07f42@group-CBCCC18211C1->03a4ab30-7c3b-428c-926c-31d823ed78af(c-1,m0,n2, attendVote=true, lastRpcSendTime=0, lastRpcResponseTime=5221) yet, just keep nextIndex unchanged and retry.
2020-12-26 01:57:43,089 [a9229adb-278c-43ef-9666-e3cbf980c0ea@group-CBCCC18211C1-SegmentedRaftLogWorker] INFO  segmented.SegmentedRaftLogWorker (SegmentedRaftLogWorker.java:execute(556)) - a9229adb-278c-43ef-9666-e3cbf980c0ea@group-CBCCC18211C1-SegmentedRaftLogWorker: Rolled log segment from /github/workspace/mnt/ozone/hadoop-ozone/integration-test/target/test-dir/MiniOzoneClusterImpl-b0bbc67e-6e78-4c8b-9c9f-814a2ca087f9/datanode-1/data/ratis/4b3ce42e-715f-4136-a2ae-cbccc18211c1/current/log_inprogress_0 to /github/workspace/mnt/ozone/hadoop-ozone/integration-test/target/test-dir/MiniOzoneClusterImpl-b0bbc67e-6e78-4c8b-9c9f-814a2ca087f9/datanode-1/data/ratis/4b3ce42e-715f-4136-a2ae-cbccc18211c1/current/log_0-0
2020-12-26 01:57:43,090 [a9229adb-278c-43ef-9666-e3cbf980c0ea@group-CBCCC18211C1-SegmentedRaftLogWorker] INFO  segmented.SegmentedRaftLogWorker (SegmentedRaftLogWorker.java:execute(599)) - a9229adb-278c-43ef-9666-e3cbf980c0ea@group-CBCCC18211C1-SegmentedRaftLogWorker: created new log segment /github/workspace/mnt/ozone/hadoop-ozone/integration-test/target/test-dir/MiniOzoneClusterImpl-b0bbc67e-6e78-4c8b-9c9f-814a2ca087f9/datanode-1/data/ratis/4b3ce42e-715f-4136-a2ae-cbccc18211c1/current/log_inprogress_1
2020-12-26 01:57:43,100 [grpc-default-executor-0] WARN  server.GrpcLogAppender (LogUtils.java:warn(122)) - c7c2d1d0-24bf-4086-b8ac-f9c9c7e07f42@group-CBCCC18211C1->03a4ab30-7c3b-428c-926c-31d823ed78af-AppendLogResponseHandler: Failed appendEntries: org.apache.ratis.thirdparty.io.grpc.StatusRuntimeException: UNAVAILABLE: io exception
2020-12-26 01:57:43,100 [grpc-default-executor-0] WARN  server.GrpcLogAppender (GrpcLogAppender.java:resetClient(110)) - c7c2d1d0-24bf-4086-b8ac-f9c9c7e07f42@group-CBCCC18211C1->03a4ab30-7c3b-428c-926c-31d823ed78af-GrpcLogAppender: Leader has not got in touch with Follower c7c2d1d0-24bf-4086-b8ac-f9c9c7e07f42@group-CBCCC18211C1->03a4ab30-7c3b-428c-926c-31d823ed78af(c-1,m0,n3, attendVote=true, lastRpcSendTime=9, lastRpcResponseTime=5233) yet, just keep nextIndex unchanged and retry.
2020-12-26 01:57:45,601 [grpc-default-executor-0] WARN  server.GrpcLogAppender (LogUtils.java:warn(122)) - c7c2d1d0-24bf-4086-b8ac-f9c9c7e07f42@group-CBCCC18211C1->03a4ab30-7c3b-428c-926c-31d823ed78af-AppendLogResponseHandler: Failed appendEntries: org.apache.ratis.thirdparty.io.grpc.StatusRuntimeException: UNAVAILABLE: io exception
2020-12-26 01:57:45,602 [grpc-default-executor-0] WARN  server.GrpcLogAppender (GrpcLogAppender.java:resetClient(110)) - c7c2d1d0-24bf-4086-b8ac-f9c9c7e07f42@group-CBCCC18211C1->03a4ab30-7c3b-428c-926c-31d823ed78af-GrpcLogAppender: Leader has not got in touch with Follower c7c2d1d0-24bf-4086-b8ac-f9c9c7e07f42@group-CBCCC18211C1->03a4ab30-7c3b-428c-926c-31d823ed78af(c-1,m0,n3, attendVote=true, lastRpcSendTime=0, lastRpcResponseTime=7734) yet, just keep nextIndex unchanged and retry.
2020-12-26 01:57:47,996 [Thread-2553] INFO  impl.FollowerState (FollowerState.java:run(133)) - c7c2d1d0-24bf-4086-b8ac-f9c9c7e07f42@group-BE28A4447053-FollowerState: change to CANDIDATE, lastRpcElapsedTime:10023769194ns, electionTimeout:5091ms
2020-12-26 01:57:47,997 [Thread-2553] INFO  impl.RoleInfo (RoleInfo.java:shutdownFollowerState(108)) - c7c2d1d0-24bf-4086-b8ac-f9c9c7e07f42: shutdown c7c2d1d0-24bf-4086-b8ac-f9c9c7e07f42@group-BE28A4447053-FollowerState
2020-12-26 01:57:47,997 [Thread-2553] INFO  server.RaftServer$Division (RaftServerImpl.java:setRole(275)) - c7c2d1d0-24bf-4086-b8ac-f9c9c7e07f42@group-BE28A4447053: changes role from  FOLLOWER to CANDIDATE at term 1 for changeToCandidate
2020-12-26 01:57:47,998 [Thread-2553] INFO  impl.RoleInfo (RoleInfo.java:updateAndGet(130)) - c7c2d1d0-24bf-4086-b8ac-f9c9c7e07f42: start c7c2d1d0-24bf-4086-b8ac-f9c9c7e07f42@group-BE28A4447053-LeaderElection80
2020-12-26 01:57:47,999 [c7c2d1d0-24bf-4086-b8ac-f9c9c7e07f42@group-BE28A4447053-LeaderElection80] INFO  server.RaftServer$Division (ServerState.java:setLeader(258)) - c7c2d1d0-24bf-4086-b8ac-f9c9c7e07f42@group-BE28A4447053: change Leader from 03a4ab30-7c3b-428c-926c-31d823ed78af to null at term 1 for initElection
2020-12-26 01:57:48,000 [c7c2d1d0-24bf-4086-b8ac-f9c9c7e07f42@group-BE28A4447053-LeaderElection80] INFO  impl.LeaderElection (LeaderElection.java:askForVotes(219)) - c7c2d1d0-24bf-4086-b8ac-f9c9c7e07f42@group-BE28A4447053-LeaderElection80: begin an election at term 2 for 0: [a9229adb-278c-43ef-9666-e3cbf980c0ea|rpc:172.17.0.2:43985|dataStream:, 03a4ab30-7c3b-428c-926c-31d823ed78af|rpc:172.17.0.2:35853|dataStream:, c7c2d1d0-24bf-4086-b8ac-f9c9c7e07f42|rpc:172.17.0.2:44251|dataStream:], old=null
2020-12-26 01:57:48,006 [grpc-default-executor-0] INFO  server.RaftServer$Division (ServerState.java:setLeader(258)) - a9229adb-278c-43ef-9666-e3cbf980c0ea@group-BE28A4447053: change Leader from 03a4ab30-7c3b-428c-926c-31d823ed78af to null at term 2 for updateCurrentTerm
2020-12-26 01:57:48,006 [grpc-default-executor-0] INFO  server.RaftServer$Division (RaftServerImpl.java:setRole(275)) - a9229adb-278c-43ef-9666-e3cbf980c0ea@group-BE28A4447053: changes role from  FOLLOWER to FOLLOWER at term 2 for recognizeCandidate:c7c2d1d0-24bf-4086-b8ac-f9c9c7e07f42
2020-12-26 01:57:48,006 [grpc-default-executor-0] INFO  impl.RoleInfo (RoleInfo.java:shutdownFollowerState(108)) - a9229adb-278c-43ef-9666-e3cbf980c0ea: shutdown a9229adb-278c-43ef-9666-e3cbf980c0ea@group-BE28A4447053-FollowerState
2020-12-26 01:57:48,006 [grpc-default-executor-0] INFO  impl.RoleInfo (RoleInfo.java:updateAndGet(130)) - a9229adb-278c-43ef-9666-e3cbf980c0ea: start a9229adb-278c-43ef-9666-e3cbf980c0ea@group-BE28A4447053-FollowerState
2020-12-26 01:57:48,006 [Thread-2548] INFO  impl.FollowerState (FollowerState.java:run(142)) - a9229adb-278c-43ef-9666-e3cbf980c0ea@group-BE28A4447053-FollowerState was interrupted: {}
java.lang.InterruptedException: sleep interrupted
	at java.lang.Thread.sleep(Native Method)
	at java.lang.Thread.sleep(Thread.java:340)
	at java.util.concurrent.TimeUnit.sleep(TimeUnit.java:386)
	at org.apache.ratis.util.TimeDuration.sleep(TimeDuration.java:319)
	at org.apache.ratis.util.TimeDuration.sleep(TimeDuration.java:304)
	at org.apache.ratis.server.impl.FollowerState.run(FollowerState.java:117)
2020-12-26 01:57:48,007 [grpc-default-executor-0] INFO  server.RaftServer$Division (RaftServerImpl.java:requestVote(983)) -  FOLLOWER a9229adb-278c-43ef-9666-e3cbf980c0ea@group-BE28A4447053:t2, leader=null, voted=null, raftlog=a9229adb-278c-43ef-9666-e3cbf980c0ea@group-BE28A4447053-SegmentedRaftLog:OPENED:c14,f14,i14, conf=0: [a9229adb-278c-43ef-9666-e3cbf980c0ea|rpc:172.17.0.2:43985|dataStream:, 03a4ab30-7c3b-428c-926c-31d823ed78af|rpc:172.17.0.2:35853|dataStream:, c7c2d1d0-24bf-4086-b8ac-f9c9c7e07f42|rpc:172.17.0.2:44251|dataStream:], old=null RUNNING priority:0 candidate:c7c2d1d0-24bf-4086-b8ac-f9c9c7e07f42|rpc:172.17.0.2:44251|dataStream: candidatePriority:0 compare:0
2020-12-26 01:57:48,007 [c7c2d1d0-24bf-4086-b8ac-f9c9c7e07f42@group-BE28A4447053-LeaderElection80] INFO  impl.LeaderElection (LogUtils.java:infoOrTrace(137)) - c7c2d1d0-24bf-4086-b8ac-f9c9c7e07f42@group-BE28A4447053-LeaderElection80 got exception when requesting votes: java.util.concurrent.ExecutionException: org.apache.ratis.thirdparty.io.grpc.StatusRuntimeException: UNAVAILABLE: io exception
2020-12-26 01:57:48,009 [c7c2d1d0-24bf-4086-b8ac-f9c9c7e07f42@group-BE28A4447053-LeaderElection80] INFO  impl.LeaderElection (LeaderElection.java:logAndReturn(68)) - c7c2d1d0-24bf-4086-b8ac-f9c9c7e07f42@group-BE28A4447053-LeaderElection80: Election PASSED; received 1 response(s) [c7c2d1d0-24bf-4086-b8ac-f9c9c7e07f42<-a9229adb-278c-43ef-9666-e3cbf980c0ea#0:OK-t2] and 1 exception(s); c7c2d1d0-24bf-4086-b8ac-f9c9c7e07f42@group-BE28A4447053:t2, leader=null, voted=c7c2d1d0-24bf-4086-b8ac-f9c9c7e07f42, raftlog=c7c2d1d0-24bf-4086-b8ac-f9c9c7e07f42@group-BE28A4447053-SegmentedRaftLog:OPENED:c14,f14,i14, conf=0: [a9229adb-278c-43ef-9666-e3cbf980c0ea|rpc:172.17.0.2:43985|dataStream:, 03a4ab30-7c3b-428c-926c-31d823ed78af|rpc:172.17.0.2:35853|dataStream:, c7c2d1d0-24bf-4086-b8ac-f9c9c7e07f42|rpc:172.17.0.2:44251|dataStream:], old=null
2020-12-26 01:57:48,009 [c7c2d1d0-24bf-4086-b8ac-f9c9c7e07f42@group-BE28A4447053-LeaderElection80] INFO  impl.LeaderElection (LogUtils.java:infoOrTrace(137)) -   Exception 0: java.util.concurrent.ExecutionException: org.apache.ratis.thirdparty.io.grpc.StatusRuntimeException: UNAVAILABLE: io exception
2020-12-26 01:57:48,009 [c7c2d1d0-24bf-4086-b8ac-f9c9c7e07f42@group-BE28A4447053-LeaderElection80] INFO  impl.RoleInfo (RoleInfo.java:shutdownLeaderElection(121)) - c7c2d1d0-24bf-4086-b8ac-f9c9c7e07f42: shutdown c7c2d1d0-24bf-4086-b8ac-f9c9c7e07f42@group-BE28A4447053-LeaderElection80
2020-12-26 01:57:48,009 [c7c2d1d0-24bf-4086-b8ac-f9c9c7e07f42@group-BE28A4447053-LeaderElection80] INFO  server.RaftServer$Division (RaftServerImpl.java:setRole(275)) - c7c2d1d0-24bf-4086-b8ac-f9c9c7e07f42@group-BE28A4447053: changes role from CANDIDATE to LEADER at term 2 for changeToLeader
2020-12-26 01:57:48,009 [c7c2d1d0-24bf-4086-b8ac-f9c9c7e07f42@group-BE28A4447053-LeaderElection80] INFO  ratis.XceiverServerRatis (XceiverServerRatis.java:handleLeaderChangedNotification(862)) - Leader change notification received for group: group-BE28A4447053 with new leaderId: c7c2d1d0-24bf-4086-b8ac-f9c9c7e07f42
2020-12-26 01:57:48,009 [c7c2d1d0-24bf-4086-b8ac-f9c9c7e07f42@group-BE28A4447053-LeaderElection80] INFO  server.RaftServer$Division (ServerState.java:setLeader(258)) - c7c2d1d0-24bf-4086-b8ac-f9c9c7e07f42@group-BE28A4447053: change Leader from null to c7c2d1d0-24bf-4086-b8ac-f9c9c7e07f42 at term 2 for becomeLeader, leader elected after 10ms
2020-12-26 01:57:48,009 [c7c2d1d0-24bf-4086-b8ac-f9c9c7e07f42@group-BE28A4447053-LeaderElection80] INFO  server.RaftServerConfigKeys (ConfUtils.java:logGet(44)) - raft.server.staging.catchup.gap = 1000 (default)
2020-12-26 01:57:48,009 [c7c2d1d0-24bf-4086-b8ac-f9c9c7e07f42@group-BE28A4447053-LeaderElection80] INFO  metrics.RatisMetrics (RatisMetrics.java:lambda$create$0(36)) - Creating Metrics Registry : ratis.log_appender.c7c2d1d0-24bf-4086-b8ac-f9c9c7e07f42@group-BE28A4447053
2020-12-26 01:57:48,009 [c7c2d1d0-24bf-4086-b8ac-f9c9c7e07f42@group-BE28A4447053-LeaderElection80] INFO  server.RaftServerConfigKeys (ConfUtils.java:logGet(44)) - raft.server.write.element-limit = 1024 (custom)
2020-12-26 01:57:48,009 [c7c2d1d0-24bf-4086-b8ac-f9c9c7e07f42@group-BE28A4447053-LeaderElection80] INFO  server.RaftServerConfigKeys (ConfUtils.java:logGet(44)) - raft.server.write.byte-limit = 1073741824 (custom)
2020-12-26 01:57:48,010 [c7c2d1d0-24bf-4086-b8ac-f9c9c7e07f42@group-BE28A4447053-LeaderElection80] INFO  server.RaftServerConfigKeys (ConfUtils.java:logGet(44)) - raft.server.watch.timeout = 3000ms (custom)
2020-12-26 01:57:48,010 [c7c2d1d0-24bf-4086-b8ac-f9c9c7e07f42@group-BE28A4447053-LeaderElection80] INFO  server.RaftServerConfigKeys (ConfUtils.java:logGet(44)) - raft.server.watch.timeout.denomination = 1s (default)
2020-12-26 01:57:48,010 [c7c2d1d0-24bf-4086-b8ac-f9c9c7e07f42@group-BE28A4447053-LeaderElection80] INFO  server.RaftServerConfigKeys (ConfUtils.java:logGet(44)) - raft.server.watch.element-limit = 65536 (default)
2020-12-26 01:57:48,010 [c7c2d1d0-24bf-4086-b8ac-f9c9c7e07f42@group-BE28A4447053-LeaderElection80] INFO  server.RaftServerConfigKeys (ConfUtils.java:logGet(44)) - raft.server.log.appender.snapshot.chunk.size.max = 16MB (=16777216) (default)
2020-12-26 01:57:48,010 [c7c2d1d0-24bf-4086-b8ac-f9c9c7e07f42@group-BE28A4447053-LeaderElection80] INFO  server.RaftServerConfigKeys (ConfUtils.java:logGet(44)) - raft.server.log.appender.buffer.byte-limit = 33554432 (custom)
2020-12-26 01:57:48,010 [c7c2d1d0-24bf-4086-b8ac-f9c9c7e07f42@group-BE28A4447053-LeaderElection80] INFO  server.RaftServerConfigKeys (ConfUtils.java:logGet(44)) - raft.server.log.appender.buffer.element-limit = 1 (custom)
2020-12-26 01:57:48,010 [c7c2d1d0-24bf-4086-b8ac-f9c9c7e07f42@group-BE28A4447053-LeaderElection80] INFO  grpc.GrpcConfigKeys (ConfUtils.java:logGet(44)) - raft.grpc.server.leader.outstanding.appends.max = 128 (default)
2020-12-26 01:57:48,010 [c7c2d1d0-24bf-4086-b8ac-f9c9c7e07f42@group-BE28A4447053-LeaderElection80] INFO  server.RaftServerConfigKeys (ConfUtils.java:logGet(44)) - raft.server.rpc.request.timeout = 3000ms (default)
2020-12-26 01:57:48,010 [c7c2d1d0-24bf-4086-b8ac-f9c9c7e07f42@group-BE28A4447053-LeaderElection80] INFO  server.RaftServerConfigKeys (ConfUtils.java:logGet(44)) - raft.server.log.appender.install.snapshot.enabled = false (custom)
2020-12-26 01:57:48,011 [c7c2d1d0-24bf-4086-b8ac-f9c9c7e07f42@group-BE28A4447053-LeaderElection80] INFO  metrics.RatisMetrics (RatisMetrics.java:lambda$create$0(36)) - Creating Metrics Registry : ratis_grpc.log_appender.c7c2d1d0-24bf-4086-b8ac-f9c9c7e07f42@group-BE28A4447053
2020-12-26 01:57:48,017 [c7c2d1d0-24bf-4086-b8ac-f9c9c7e07f42@group-BE28A4447053-LeaderElection80] INFO  server.RaftServerConfigKeys (ConfUtils.java:logGet(44)) - raft.server.log.appender.snapshot.chunk.size.max = 16MB (=16777216) (default)
2020-12-26 01:57:48,017 [c7c2d1d0-24bf-4086-b8ac-f9c9c7e07f42@group-BE28A4447053-LeaderElection80] INFO  server.RaftServerConfigKeys (ConfUtils.java:logGet(44)) - raft.server.log.appender.buffer.byte-limit = 33554432 (custom)
2020-12-26 01:57:48,017 [c7c2d1d0-24bf-4086-b8ac-f9c9c7e07f42@group-BE28A4447053-LeaderElection80] INFO  server.RaftServerConfigKeys (ConfUtils.java:logGet(44)) - raft.server.log.appender.buffer.element-limit = 1 (custom)
2020-12-26 01:57:48,017 [c7c2d1d0-24bf-4086-b8ac-f9c9c7e07f42@group-BE28A4447053-LeaderElection80] INFO  grpc.GrpcConfigKeys (ConfUtils.java:logGet(44)) - raft.grpc.server.leader.outstanding.appends.max = 128 (default)
2020-12-26 01:57:48,017 [c7c2d1d0-24bf-4086-b8ac-f9c9c7e07f42@group-BE28A4447053-LeaderElection80] INFO  server.RaftServerConfigKeys (ConfUtils.java:logGet(44)) - raft.server.rpc.request.timeout = 3000ms (default)
2020-12-26 01:57:48,017 [c7c2d1d0-24bf-4086-b8ac-f9c9c7e07f42@group-BE28A4447053-LeaderElection80] INFO  server.RaftServerConfigKeys (ConfUtils.java:logGet(44)) - raft.server.log.appender.install.snapshot.enabled = false (custom)
2020-12-26 01:57:48,021 [c7c2d1d0-24bf-4086-b8ac-f9c9c7e07f42@group-BE28A4447053-LeaderElection80] INFO  impl.RoleInfo (RoleInfo.java:updateAndGet(130)) - c7c2d1d0-24bf-4086-b8ac-f9c9c7e07f42: start c7c2d1d0-24bf-4086-b8ac-f9c9c7e07f42@group-BE28A4447053-LeaderStateImpl
2020-12-26 01:57:48,021 [c7c2d1d0-24bf-4086-b8ac-f9c9c7e07f42@group-BE28A4447053-LeaderElection80] INFO  segmented.SegmentedRaftLogWorker (SegmentedRaftLogWorker.java:rollLogSegment(397)) - c7c2d1d0-24bf-4086-b8ac-f9c9c7e07f42@group-BE28A4447053-SegmentedRaftLogWorker: Rolling segment log-0_14 to index:14
2020-12-26 01:57:48,022 [c7c2d1d0-24bf-4086-b8ac-f9c9c7e07f42@group-BE28A4447053-SegmentedRaftLogWorker] INFO  segmented.SegmentedRaftLogWorker (SegmentedRaftLogWorker.java:execute(556)) - c7c2d1d0-24bf-4086-b8ac-f9c9c7e07f42@group-BE28A4447053-SegmentedRaftLogWorker: Rolled log segment from /github/workspace/mnt/ozone/hadoop-ozone/integration-test/target/test-dir/MiniOzoneClusterImpl-b0bbc67e-6e78-4c8b-9c9f-814a2ca087f9/datanode-0/data/ratis/531cb22c-be6d-463e-b99c-be28a4447053/current/log_inprogress_0 to /github/workspace/mnt/ozone/hadoop-ozone/integration-test/target/test-dir/MiniOzoneClusterImpl-b0bbc67e-6e78-4c8b-9c9f-814a2ca087f9/datanode-0/data/ratis/531cb22c-be6d-463e-b99c-be28a4447053/current/log_0-14
2020-12-26 01:57:48,023 [c7c2d1d0-24bf-4086-b8ac-f9c9c7e07f42@group-BE28A4447053-SegmentedRaftLogWorker] INFO  segmented.SegmentedRaftLogWorker (SegmentedRaftLogWorker.java:execute(599)) - c7c2d1d0-24bf-4086-b8ac-f9c9c7e07f42@group-BE28A4447053-SegmentedRaftLogWorker: created new log segment /github/workspace/mnt/ozone/hadoop-ozone/integration-test/target/test-dir/MiniOzoneClusterImpl-b0bbc67e-6e78-4c8b-9c9f-814a2ca087f9/datanode-0/data/ratis/531cb22c-be6d-463e-b99c-be28a4447053/current/log_inprogress_15
2020-12-26 01:57:48,026 [grpc-default-executor-6] INFO  ratis.XceiverServerRatis (XceiverServerRatis.java:handleLeaderChangedNotification(862)) - Leader change notification received for group: group-BE28A4447053 with new leaderId: c7c2d1d0-24bf-4086-b8ac-f9c9c7e07f42
2020-12-26 01:57:48,026 [grpc-default-executor-6] INFO  server.RaftServer$Division (ServerState.java:setLeader(258)) - a9229adb-278c-43ef-9666-e3cbf980c0ea@group-BE28A4447053: change Leader from null to c7c2d1d0-24bf-4086-b8ac-f9c9c7e07f42 at term 2 for appendEntries, leader elected after 20ms
2020-12-26 01:57:48,027 [c7c2d1d0-24bf-4086-b8ac-f9c9c7e07f42@group-BE28A4447053-LeaderElection80] INFO  server.RaftServer$Division (ServerState.java:setRaftConf(374)) - c7c2d1d0-24bf-4086-b8ac-f9c9c7e07f42@group-BE28A4447053: set configuration 15: [a9229adb-278c-43ef-9666-e3cbf980c0ea|rpc:172.17.0.2:43985|dataStream:, 03a4ab30-7c3b-428c-926c-31d823ed78af|rpc:172.17.0.2:35853|dataStream:, c7c2d1d0-24bf-4086-b8ac-f9c9c7e07f42|rpc:172.17.0.2:44251|dataStream:], old=null at 15
2020-12-26 01:57:48,028 [grpc-default-executor-0] WARN  server.GrpcLogAppender (LogUtils.java:warn(122)) - c7c2d1d0-24bf-4086-b8ac-f9c9c7e07f42@group-BE28A4447053->03a4ab30-7c3b-428c-926c-31d823ed78af-AppendLogResponseHandler: Failed appendEntries: org.apache.ratis.thirdparty.io.grpc.StatusRuntimeException: UNAVAILABLE: io exception
2020-12-26 01:57:48,032 [grpc-default-executor-0] WARN  server.GrpcLogAppender (GrpcLogAppender.java:resetClient(110)) - c7c2d1d0-24bf-4086-b8ac-f9c9c7e07f42@group-BE28A4447053->03a4ab30-7c3b-428c-926c-31d823ed78af-GrpcLogAppender: Leader has not got in touch with Follower c7c2d1d0-24bf-4086-b8ac-f9c9c7e07f42@group-BE28A4447053->03a4ab30-7c3b-428c-926c-31d823ed78af(c-1,m0,n16, attendVote=true, lastRpcSendTime=2, lastRpcResponseTime=5221) yet, just keep nextIndex unchanged and retry.
2020-12-26 01:57:48,033 [grpc-default-executor-0] INFO  server.RaftServer$Division (ServerState.java:setRaftConf(374)) - a9229adb-278c-43ef-9666-e3cbf980c0ea@group-BE28A4447053: set configuration 15: [a9229adb-278c-43ef-9666-e3cbf980c0ea|rpc:172.17.0.2:43985|dataStream:, 03a4ab30-7c3b-428c-926c-31d823ed78af|rpc:172.17.0.2:35853|dataStream:, c7c2d1d0-24bf-4086-b8ac-f9c9c7e07f42|rpc:172.17.0.2:44251|dataStream:], old=null at 15
2020-12-26 01:57:48,033 [grpc-default-executor-0] INFO  segmented.SegmentedRaftLogWorker (SegmentedRaftLogWorker.java:rollLogSegment(397)) - a9229adb-278c-43ef-9666-e3cbf980c0ea@group-BE28A4447053-SegmentedRaftLogWorker: Rolling segment log-0_14 to index:14
2020-12-26 01:57:48,034 [a9229adb-278c-43ef-9666-e3cbf980c0ea@group-BE28A4447053-SegmentedRaftLogWorker] INFO  segmented.SegmentedRaftLogWorker (SegmentedRaftLogWorker.java:execute(556)) - a9229adb-278c-43ef-9666-e3cbf980c0ea@group-BE28A4447053-SegmentedRaftLogWorker: Rolled log segment from /github/workspace/mnt/ozone/hadoop-ozone/integration-test/target/test-dir/MiniOzoneClusterImpl-b0bbc67e-6e78-4c8b-9c9f-814a2ca087f9/datanode-1/data/ratis/531cb22c-be6d-463e-b99c-be28a4447053/current/log_inprogress_0 to /github/workspace/mnt/ozone/hadoop-ozone/integration-test/target/test-dir/MiniOzoneClusterImpl-b0bbc67e-6e78-4c8b-9c9f-814a2ca087f9/datanode-1/data/ratis/531cb22c-be6d-463e-b99c-be28a4447053/current/log_0-14
2020-12-26 01:57:48,037 [a9229adb-278c-43ef-9666-e3cbf980c0ea@group-BE28A4447053-SegmentedRaftLogWorker] INFO  segmented.SegmentedRaftLogWorker (SegmentedRaftLogWorker.java:execute(599)) - a9229adb-278c-43ef-9666-e3cbf980c0ea@group-BE28A4447053-SegmentedRaftLogWorker: created new log segment /github/workspace/mnt/ozone/hadoop-ozone/integration-test/target/test-dir/MiniOzoneClusterImpl-b0bbc67e-6e78-4c8b-9c9f-814a2ca087f9/datanode-1/data/ratis/531cb22c-be6d-463e-b99c-be28a4447053/current/log_inprogress_15
2020-12-26 01:57:48,057 [grpc-default-executor-0] WARN  server.GrpcLogAppender (LogUtils.java:warn(122)) - c7c2d1d0-24bf-4086-b8ac-f9c9c7e07f42@group-BE28A4447053->03a4ab30-7c3b-428c-926c-31d823ed78af-AppendLogResponseHandler: Failed appendEntries: org.apache.ratis.thirdparty.io.grpc.StatusRuntimeException: UNAVAILABLE: io exception
2020-12-26 01:57:48,057 [grpc-default-executor-0] WARN  server.GrpcLogAppender (GrpcLogAppender.java:resetClient(110)) - c7c2d1d0-24bf-4086-b8ac-f9c9c7e07f42@group-BE28A4447053->03a4ab30-7c3b-428c-926c-31d823ed78af-GrpcLogAppender: Leader has not got in touch with Follower c7c2d1d0-24bf-4086-b8ac-f9c9c7e07f42@group-BE28A4447053->03a4ab30-7c3b-428c-926c-31d823ed78af(c-1,m0,n17, attendVote=true, lastRpcSendTime=28, lastRpcResponseTime=5247) yet, just keep nextIndex unchanged and retry.
2020-12-26 01:57:48,101 [grpc-default-executor-0] WARN  server.GrpcLogAppender (LogUtils.java:warn(122)) - c7c2d1d0-24bf-4086-b8ac-f9c9c7e07f42@group-CBCCC18211C1->03a4ab30-7c3b-428c-926c-31d823ed78af-AppendLogResponseHandler: Failed appendEntries: org.apache.ratis.thirdparty.io.grpc.StatusRuntimeException: UNAVAILABLE: io exception
2020-12-26 01:57:48,102 [grpc-default-executor-0] WARN  server.GrpcLogAppender (GrpcLogAppender.java:resetClient(110)) - c7c2d1d0-24bf-4086-b8ac-f9c9c7e07f42@group-CBCCC18211C1->03a4ab30-7c3b-428c-926c-31d823ed78af-GrpcLogAppender: Leader has not got in touch with Follower c7c2d1d0-24bf-4086-b8ac-f9c9c7e07f42@group-CBCCC18211C1->03a4ab30-7c3b-428c-926c-31d823ed78af(c-1,m0,n3, attendVote=true, lastRpcSendTime=0, lastRpcResponseTime=10234) yet, just keep nextIndex unchanged and retry.
2020-12-26 01:57:48,834 [java.util.concurrent.ThreadPoolExecutor$Worker@4a420e84[State = -1, empty queue]] INFO  metrics.RatisMetrics (RatisMetrics.java:lambda$create$0(36)) - Creating Metrics Registry : ratis.client_message_metrics.client-ECBFEBFABF03->a9229adb-278c-43ef-9666-e3cbf980c0ea
01:57:48.914 [grpc-default-executor-6] ERROR DNAudit - user=null | ip=null | op=WRITE_CHUNK {blockData=conID: 1 locID: 105444006476447757 bcsId: 12} | ret=FAILURE
org.apache.hadoop.hdds.scm.container.common.helpers.ContainerNotOpenException: Container 1 in CLOSING state
	at org.apache.hadoop.ozone.container.common.impl.HddsDispatcher.validateContainerCommand(HddsDispatcher.java:484) ~[hadoop-hdds-container-service-1.1.0-SNAPSHOT.jar:?]
	at org.apache.hadoop.ozone.container.common.transport.server.ratis.ContainerStateMachine.startTransaction(ContainerStateMachine.java:317) ~[hadoop-hdds-container-service-1.1.0-SNAPSHOT.jar:?]
	at org.apache.ratis.server.impl.RaftServerImpl.submitClientRequestAsync(RaftServerImpl.java:758) ~[ratis-server-1.1.0-c5eafb9-SNAPSHOT.jar:1.1.0-c5eafb9-SNAPSHOT]
	at org.apache.ratis.server.impl.RaftServerProxy.lambda$submitClientRequestAsync$9(RaftServerProxy.java:413) ~[ratis-server-1.1.0-c5eafb9-SNAPSHOT.jar:1.1.0-c5eafb9-SNAPSHOT]
	at org.apache.ratis.server.impl.RaftServerProxy.lambda$null$7(RaftServerProxy.java:408) ~[ratis-server-1.1.0-c5eafb9-SNAPSHOT.jar:1.1.0-c5eafb9-SNAPSHOT]
	at org.apache.ratis.util.JavaUtils.callAsUnchecked(JavaUtils.java:117) ~[ratis-common-1.1.0-c5eafb9-SNAPSHOT.jar:1.1.0-c5eafb9-SNAPSHOT]
	at org.apache.ratis.server.impl.RaftServerProxy.lambda$submitRequest$8(RaftServerProxy.java:408) ~[ratis-server-1.1.0-c5eafb9-SNAPSHOT.jar:1.1.0-c5eafb9-SNAPSHOT]
	at java.util.concurrent.CompletableFuture.uniComposeStage(CompletableFuture.java:995) ~[?:1.8.0_232]
	at java.util.concurrent.CompletableFuture.thenCompose(CompletableFuture.java:2137) ~[?:1.8.0_232]
	at org.apache.ratis.server.impl.RaftServerProxy.submitRequest(RaftServerProxy.java:407) ~[ratis-server-1.1.0-c5eafb9-SNAPSHOT.jar:1.1.0-c5eafb9-SNAPSHOT]
	at org.apache.ratis.server.impl.RaftServerProxy.submitClientRequestAsync(RaftServerProxy.java:413) ~[ratis-server-1.1.0-c5eafb9-SNAPSHOT.jar:1.1.0-c5eafb9-SNAPSHOT]
	at org.apache.ratis.grpc.client.GrpcClientProtocolService$RequestStreamObserver.processClientRequest(GrpcClientProtocolService.java:231) ~[ratis-grpc-1.1.0-c5eafb9-SNAPSHOT.jar:1.1.0-c5eafb9-SNAPSHOT]
	at org.apache.ratis.grpc.client.GrpcClientProtocolService$OrderedRequestStreamObserver.processClientRequest(GrpcClientProtocolService.java:337) ~[ratis-grpc-1.1.0-c5eafb9-SNAPSHOT.jar:1.1.0-c5eafb9-SNAPSHOT]
	at org.apache.ratis.util.SlidingWindow$Server.processRequestsFromHead(SlidingWindow.java:429) [ratis-common-1.1.0-c5eafb9-SNAPSHOT.jar:1.1.0-c5eafb9-SNAPSHOT]
	at org.apache.ratis.util.SlidingWindow$Server.receivedRequest(SlidingWindow.java:421) [ratis-common-1.1.0-c5eafb9-SNAPSHOT.jar:1.1.0-c5eafb9-SNAPSHOT]
	at org.apache.ratis.grpc.client.GrpcClientProtocolService$OrderedRequestStreamObserver.processClientRequest(GrpcClientProtocolService.java:361) [ratis-grpc-1.1.0-c5eafb9-SNAPSHOT.jar:1.1.0-c5eafb9-SNAPSHOT]
	at org.apache.ratis.grpc.client.GrpcClientProtocolService$RequestStreamObserver.onNext(GrpcClientProtocolService.java:251) [ratis-grpc-1.1.0-c5eafb9-SNAPSHOT.jar:1.1.0-c5eafb9-SNAPSHOT]
	at org.apache.ratis.grpc.client.GrpcClientProtocolService$RequestStreamObserver.onNext(GrpcClientProtocolService.java:174) [ratis-grpc-1.1.0-c5eafb9-SNAPSHOT.jar:1.1.0-c5eafb9-SNAPSHOT]
	at org.apache.ratis.thirdparty.io.grpc.stub.ServerCalls$StreamingServerCallHandler$StreamingServerCallListener.onMessage(ServerCalls.java:251) [ratis-thirdparty-misc-0.6.0-SNAPSHOT.jar:0.6.0-SNAPSHOT]
	at org.apache.ratis.thirdparty.io.grpc.ForwardingServerCallListener.onMessage(ForwardingServerCallListener.java:33) [ratis-thirdparty-misc-0.6.0-SNAPSHOT.jar:0.6.0-SNAPSHOT]
	at org.apache.ratis.thirdparty.io.grpc.internal.ServerCallImpl$ServerStreamListenerImpl.messagesAvailableInternal(ServerCallImpl.java:309) [ratis-thirdparty-misc-0.6.0-SNAPSHOT.jar:0.6.0-SNAPSHOT]
	at org.apache.ratis.thirdparty.io.grpc.internal.ServerCallImpl$ServerStreamListenerImpl.messagesAvailable(ServerCallImpl.java:292) [ratis-thirdparty-misc-0.6.0-SNAPSHOT.jar:0.6.0-SNAPSHOT]
	at org.apache.ratis.thirdparty.io.grpc.internal.ServerImpl$JumpToApplicationThreadServerStreamListener$1MessagesAvailable.runInContext(ServerImpl.java:783) [ratis-thirdparty-misc-0.6.0-SNAPSHOT.jar:0.6.0-SNAPSHOT]
	at org.apache.ratis.thirdparty.io.grpc.internal.ContextRunnable.run(ContextRunnable.java:37) [ratis-thirdparty-misc-0.6.0-SNAPSHOT.jar:0.6.0-SNAPSHOT]
	at org.apache.ratis.thirdparty.io.grpc.internal.SerializingExecutor.run(SerializingExecutor.java:123) [ratis-thirdparty-misc-0.6.0-SNAPSHOT.jar:0.6.0-SNAPSHOT]
	at java.util.concurrent.ThreadPoolExecutor.runWorker(ThreadPoolExecutor.java:1149) [?:1.8.0_232]
	at java.util.concurrent.ThreadPoolExecutor$Worker.run(ThreadPoolExecutor.java:624) [?:1.8.0_232]
	at java.lang.Thread.run(Thread.java:748) [?:1.8.0_232]
2020-12-26 01:57:48,948 [grpc-default-executor-6] ERROR storage.BlockOutputStream (BlockOutputStream.java:lambda$writeChunkToContainer$3(677)) - writing chunk failed 105444006476447757_chunk_6 blockID conID: 1 locID: 105444006476447757 bcsId: 12 with exception org.apache.ratis.protocol.exceptions.StateMachineException: org.apache.hadoop.hdds.scm.container.common.helpers.ContainerNotOpenException from Server c7c2d1d0-24bf-4086-b8ac-f9c9c7e07f42@group-BE28A4447053: Container 1 in CLOSING state
01:57:48.959 [grpc-default-executor-6] ERROR DNAudit - user=null | ip=null | op=WRITE_CHUNK {blockData=conID: 1 locID: 105444006476447757 bcsId: 12} | ret=FAILURE
org.apache.hadoop.hdds.scm.container.common.helpers.ContainerNotOpenException: Container 1 in CLOSING state
	at org.apache.hadoop.ozone.container.common.impl.HddsDispatcher.validateContainerCommand(HddsDispatcher.java:484) ~[hadoop-hdds-container-service-1.1.0-SNAPSHOT.jar:?]
	at org.apache.hadoop.ozone.container.common.transport.server.ratis.ContainerStateMachine.startTransaction(ContainerStateMachine.java:317) ~[hadoop-hdds-container-service-1.1.0-SNAPSHOT.jar:?]
	at org.apache.ratis.server.impl.RaftServerImpl.submitClientRequestAsync(RaftServerImpl.java:758) ~[ratis-server-1.1.0-c5eafb9-SNAPSHOT.jar:1.1.0-c5eafb9-SNAPSHOT]
	at org.apache.ratis.server.impl.RaftServerProxy.lambda$submitClientRequestAsync$9(RaftServerProxy.java:413) ~[ratis-server-1.1.0-c5eafb9-SNAPSHOT.jar:1.1.0-c5eafb9-SNAPSHOT]
	at org.apache.ratis.server.impl.RaftServerProxy.lambda$null$7(RaftServerProxy.java:408) ~[ratis-server-1.1.0-c5eafb9-SNAPSHOT.jar:1.1.0-c5eafb9-SNAPSHOT]
	at org.apache.ratis.util.JavaUtils.callAsUnchecked(JavaUtils.java:117) ~[ratis-common-1.1.0-c5eafb9-SNAPSHOT.jar:1.1.0-c5eafb9-SNAPSHOT]
	at org.apache.ratis.server.impl.RaftServerProxy.lambda$submitRequest$8(RaftServerProxy.java:408) ~[ratis-server-1.1.0-c5eafb9-SNAPSHOT.jar:1.1.0-c5eafb9-SNAPSHOT]
	at java.util.concurrent.CompletableFuture.uniComposeStage(CompletableFuture.java:995) ~[?:1.8.0_232]
	at java.util.concurrent.CompletableFuture.thenCompose(CompletableFuture.java:2137) ~[?:1.8.0_232]
	at org.apache.ratis.server.impl.RaftServerProxy.submitRequest(RaftServerProxy.java:407) ~[ratis-server-1.1.0-c5eafb9-SNAPSHOT.jar:1.1.0-c5eafb9-SNAPSHOT]
	at org.apache.ratis.server.impl.RaftServerProxy.submitClientRequestAsync(RaftServerProxy.java:413) ~[ratis-server-1.1.0-c5eafb9-SNAPSHOT.jar:1.1.0-c5eafb9-SNAPSHOT]
	at org.apache.ratis.grpc.client.GrpcClientProtocolService$RequestStreamObserver.processClientRequest(GrpcClientProtocolService.java:231) ~[ratis-grpc-1.1.0-c5eafb9-SNAPSHOT.jar:1.1.0-c5eafb9-SNAPSHOT]
	at org.apache.ratis.grpc.client.GrpcClientProtocolService$OrderedRequestStreamObserver.processClientRequest(GrpcClientProtocolService.java:337) ~[ratis-grpc-1.1.0-c5eafb9-SNAPSHOT.jar:1.1.0-c5eafb9-SNAPSHOT]
	at org.apache.ratis.util.SlidingWindow$Server.processRequestsFromHead(SlidingWindow.java:429) [ratis-common-1.1.0-c5eafb9-SNAPSHOT.jar:1.1.0-c5eafb9-SNAPSHOT]
	at org.apache.ratis.util.SlidingWindow$Server.receivedRequest(SlidingWindow.java:421) [ratis-common-1.1.0-c5eafb9-SNAPSHOT.jar:1.1.0-c5eafb9-SNAPSHOT]
	at org.apache.ratis.grpc.client.GrpcClientProtocolService$OrderedRequestStreamObserver.processClientRequest(GrpcClientProtocolService.java:361) [ratis-grpc-1.1.0-c5eafb9-SNAPSHOT.jar:1.1.0-c5eafb9-SNAPSHOT]
	at org.apache.ratis.grpc.client.GrpcClientProtocolService$RequestStreamObserver.onNext(GrpcClientProtocolService.java:251) [ratis-grpc-1.1.0-c5eafb9-SNAPSHOT.jar:1.1.0-c5eafb9-SNAPSHOT]
	at org.apache.ratis.grpc.client.GrpcClientProtocolService$RequestStreamObserver.onNext(GrpcClientProtocolService.java:174) [ratis-grpc-1.1.0-c5eafb9-SNAPSHOT.jar:1.1.0-c5eafb9-SNAPSHOT]
	at org.apache.ratis.thirdparty.io.grpc.stub.ServerCalls$StreamingServerCallHandler$StreamingServerCallListener.onMessage(ServerCalls.java:251) [ratis-thirdparty-misc-0.6.0-SNAPSHOT.jar:0.6.0-SNAPSHOT]
	at org.apache.ratis.thirdparty.io.grpc.ForwardingServerCallListener.onMessage(ForwardingServerCallListener.java:33) [ratis-thirdparty-misc-0.6.0-SNAPSHOT.jar:0.6.0-SNAPSHOT]
	at org.apache.ratis.thirdparty.io.grpc.internal.ServerCallImpl$ServerStreamListenerImpl.messagesAvailableInternal(ServerCallImpl.java:309) [ratis-thirdparty-misc-0.6.0-SNAPSHOT.jar:0.6.0-SNAPSHOT]
	at org.apache.ratis.thirdparty.io.grpc.internal.ServerCallImpl$ServerStreamListenerImpl.messagesAvailable(ServerCallImpl.java:292) [ratis-thirdparty-misc-0.6.0-SNAPSHOT.jar:0.6.0-SNAPSHOT]
	at org.apache.ratis.thirdparty.io.grpc.internal.ServerImpl$JumpToApplicationThreadServerStreamListener$1MessagesAvailable.runInContext(ServerImpl.java:783) [ratis-thirdparty-misc-0.6.0-SNAPSHOT.jar:0.6.0-SNAPSHOT]
	at org.apache.ratis.thirdparty.io.grpc.internal.ContextRunnable.run(ContextRunnable.java:37) [ratis-thirdparty-misc-0.6.0-SNAPSHOT.jar:0.6.0-SNAPSHOT]
	at org.apache.ratis.thirdparty.io.grpc.internal.SerializingExecutor.run(SerializingExecutor.java:123) [ratis-thirdparty-misc-0.6.0-SNAPSHOT.jar:0.6.0-SNAPSHOT]
	at java.util.concurrent.ThreadPoolExecutor.runWorker(ThreadPoolExecutor.java:1149) [?:1.8.0_232]
	at java.util.concurrent.ThreadPoolExecutor$Worker.run(ThreadPoolExecutor.java:624) [?:1.8.0_232]
	at java.lang.Thread.run(Thread.java:748) [?:1.8.0_232]
01:57:48.978 [grpc-default-executor-6] ERROR DNAudit - user=null | ip=null | op=PUT_BLOCK {blockData=[blockId=conID: 1 locID: 105444006476447757 bcsId: 0,size=700]} | ret=FAILURE
org.apache.hadoop.hdds.scm.container.common.helpers.ContainerNotOpenException: Container 1 in CLOSING state
	at org.apache.hadoop.ozone.container.common.impl.HddsDispatcher.validateContainerCommand(HddsDispatcher.java:484) ~[hadoop-hdds-container-service-1.1.0-SNAPSHOT.jar:?]
	at org.apache.hadoop.ozone.container.common.transport.server.ratis.ContainerStateMachine.startTransaction(ContainerStateMachine.java:317) ~[hadoop-hdds-container-service-1.1.0-SNAPSHOT.jar:?]
	at org.apache.ratis.server.impl.RaftServerImpl.submitClientRequestAsync(RaftServerImpl.java:758) ~[ratis-server-1.1.0-c5eafb9-SNAPSHOT.jar:1.1.0-c5eafb9-SNAPSHOT]
	at org.apache.ratis.server.impl.RaftServerProxy.lambda$submitClientRequestAsync$9(RaftServerProxy.java:413) ~[ratis-server-1.1.0-c5eafb9-SNAPSHOT.jar:1.1.0-c5eafb9-SNAPSHOT]
	at org.apache.ratis.server.impl.RaftServerProxy.lambda$null$7(RaftServerProxy.java:408) ~[ratis-server-1.1.0-c5eafb9-SNAPSHOT.jar:1.1.0-c5eafb9-SNAPSHOT]
	at org.apache.ratis.util.JavaUtils.callAsUnchecked(JavaUtils.java:117) ~[ratis-common-1.1.0-c5eafb9-SNAPSHOT.jar:1.1.0-c5eafb9-SNAPSHOT]
	at org.apache.ratis.server.impl.RaftServerProxy.lambda$submitRequest$8(RaftServerProxy.java:408) ~[ratis-server-1.1.0-c5eafb9-SNAPSHOT.jar:1.1.0-c5eafb9-SNAPSHOT]
	at java.util.concurrent.CompletableFuture.uniComposeStage(CompletableFuture.java:995) ~[?:1.8.0_232]
	at java.util.concurrent.CompletableFuture.thenCompose(CompletableFuture.java:2137) ~[?:1.8.0_232]
	at org.apache.ratis.server.impl.RaftServerProxy.submitRequest(RaftServerProxy.java:407) ~[ratis-server-1.1.0-c5eafb9-SNAPSHOT.jar:1.1.0-c5eafb9-SNAPSHOT]
	at org.apache.ratis.server.impl.RaftServerProxy.submitClientRequestAsync(RaftServerProxy.java:413) ~[ratis-server-1.1.0-c5eafb9-SNAPSHOT.jar:1.1.0-c5eafb9-SNAPSHOT]
	at org.apache.ratis.grpc.client.GrpcClientProtocolService$RequestStreamObserver.processClientRequest(GrpcClientProtocolService.java:231) ~[ratis-grpc-1.1.0-c5eafb9-SNAPSHOT.jar:1.1.0-c5eafb9-SNAPSHOT]
	at org.apache.ratis.grpc.client.GrpcClientProtocolService$OrderedRequestStreamObserver.processClientRequest(GrpcClientProtocolService.java:337) ~[ratis-grpc-1.1.0-c5eafb9-SNAPSHOT.jar:1.1.0-c5eafb9-SNAPSHOT]
	at org.apache.ratis.util.SlidingWindow$Server.processRequestsFromHead(SlidingWindow.java:429) [ratis-common-1.1.0-c5eafb9-SNAPSHOT.jar:1.1.0-c5eafb9-SNAPSHOT]
	at org.apache.ratis.util.SlidingWindow$Server.receivedRequest(SlidingWindow.java:421) [ratis-common-1.1.0-c5eafb9-SNAPSHOT.jar:1.1.0-c5eafb9-SNAPSHOT]
	at org.apache.ratis.grpc.client.GrpcClientProtocolService$OrderedRequestStreamObserver.processClientRequest(GrpcClientProtocolService.java:361) [ratis-grpc-1.1.0-c5eafb9-SNAPSHOT.jar:1.1.0-c5eafb9-SNAPSHOT]
	at org.apache.ratis.grpc.client.GrpcClientProtocolService$RequestStreamObserver.onNext(GrpcClientProtocolService.java:251) [ratis-grpc-1.1.0-c5eafb9-SNAPSHOT.jar:1.1.0-c5eafb9-SNAPSHOT]
	at org.apache.ratis.grpc.client.GrpcClientProtocolService$RequestStreamObserver.onNext(GrpcClientProtocolService.java:174) [ratis-grpc-1.1.0-c5eafb9-SNAPSHOT.jar:1.1.0-c5eafb9-SNAPSHOT]
	at org.apache.ratis.thirdparty.io.grpc.stub.ServerCalls$StreamingServerCallHandler$StreamingServerCallListener.onMessage(ServerCalls.java:251) [ratis-thirdparty-misc-0.6.0-SNAPSHOT.jar:0.6.0-SNAPSHOT]
	at org.apache.ratis.thirdparty.io.grpc.ForwardingServerCallListener.onMessage(ForwardingServerCallListener.java:33) [ratis-thirdparty-misc-0.6.0-SNAPSHOT.jar:0.6.0-SNAPSHOT]
	at org.apache.ratis.thirdparty.io.grpc.internal.ServerCallImpl$ServerStreamListenerImpl.messagesAvailableInternal(ServerCallImpl.java:309) [ratis-thirdparty-misc-0.6.0-SNAPSHOT.jar:0.6.0-SNAPSHOT]
	at org.apache.ratis.thirdparty.io.grpc.internal.ServerCallImpl$ServerStreamListenerImpl.messagesAvailable(ServerCallImpl.java:292) [ratis-thirdparty-misc-0.6.0-SNAPSHOT.jar:0.6.0-SNAPSHOT]
	at org.apache.ratis.thirdparty.io.grpc.internal.ServerImpl$JumpToApplicationThreadServerStreamListener$1MessagesAvailable.runInContext(ServerImpl.java:783) [ratis-thirdparty-misc-0.6.0-SNAPSHOT.jar:0.6.0-SNAPSHOT]
	at org.apache.ratis.thirdparty.io.grpc.internal.ContextRunnable.run(ContextRunnable.java:37) [ratis-thirdparty-misc-0.6.0-SNAPSHOT.jar:0.6.0-SNAPSHOT]
	at org.apache.ratis.thirdparty.io.grpc.internal.SerializingExecutor.run(SerializingExecutor.java:123) [ratis-thirdparty-misc-0.6.0-SNAPSHOT.jar:0.6.0-SNAPSHOT]
	at java.util.concurrent.ThreadPoolExecutor.runWorker(ThreadPoolExecutor.java:1149) [?:1.8.0_232]
	at java.util.concurrent.ThreadPoolExecutor$Worker.run(ThreadPoolExecutor.java:624) [?:1.8.0_232]
	at java.lang.Thread.run(Thread.java:748) [?:1.8.0_232]
01:57:48.994 [grpc-default-executor-6] ERROR DNAudit - user=null | ip=null | op=WRITE_CHUNK {blockData=conID: 1 locID: 105444006476447757 bcsId: 12} | ret=FAILURE
org.apache.hadoop.hdds.scm.container.common.helpers.ContainerNotOpenException: Container 1 in CLOSING state
	at org.apache.hadoop.ozone.container.common.impl.HddsDispatcher.validateContainerCommand(HddsDispatcher.java:484) ~[hadoop-hdds-container-service-1.1.0-SNAPSHOT.jar:?]
	at org.apache.hadoop.ozone.container.common.transport.server.ratis.ContainerStateMachine.startTransaction(ContainerStateMachine.java:317) ~[hadoop-hdds-container-service-1.1.0-SNAPSHOT.jar:?]
	at org.apache.ratis.server.impl.RaftServerImpl.submitClientRequestAsync(RaftServerImpl.java:758) ~[ratis-server-1.1.0-c5eafb9-SNAPSHOT.jar:1.1.0-c5eafb9-SNAPSHOT]
	at org.apache.ratis.server.impl.RaftServerProxy.lambda$submitClientRequestAsync$9(RaftServerProxy.java:413) ~[ratis-server-1.1.0-c5eafb9-SNAPSHOT.jar:1.1.0-c5eafb9-SNAPSHOT]
	at org.apache.ratis.server.impl.RaftServerProxy.lambda$null$7(RaftServerProxy.java:408) ~[ratis-server-1.1.0-c5eafb9-SNAPSHOT.jar:1.1.0-c5eafb9-SNAPSHOT]
	at org.apache.ratis.util.JavaUtils.callAsUnchecked(JavaUtils.java:117) ~[ratis-common-1.1.0-c5eafb9-SNAPSHOT.jar:1.1.0-c5eafb9-SNAPSHOT]
	at org.apache.ratis.server.impl.RaftServerProxy.lambda$submitRequest$8(RaftServerProxy.java:408) ~[ratis-server-1.1.0-c5eafb9-SNAPSHOT.jar:1.1.0-c5eafb9-SNAPSHOT]
	at java.util.concurrent.CompletableFuture.uniComposeStage(CompletableFuture.java:995) ~[?:1.8.0_232]
	at java.util.concurrent.CompletableFuture.thenCompose(CompletableFuture.java:2137) ~[?:1.8.0_232]
	at org.apache.ratis.server.impl.RaftServerProxy.submitRequest(RaftServerProxy.java:407) ~[ratis-server-1.1.0-c5eafb9-SNAPSHOT.jar:1.1.0-c5eafb9-SNAPSHOT]
	at org.apache.ratis.server.impl.RaftServerProxy.submitClientRequestAsync(RaftServerProxy.java:413) ~[ratis-server-1.1.0-c5eafb9-SNAPSHOT.jar:1.1.0-c5eafb9-SNAPSHOT]
	at org.apache.ratis.grpc.client.GrpcClientProtocolService$RequestStreamObserver.processClientRequest(GrpcClientProtocolService.java:231) ~[ratis-grpc-1.1.0-c5eafb9-SNAPSHOT.jar:1.1.0-c5eafb9-SNAPSHOT]
	at org.apache.ratis.grpc.client.GrpcClientProtocolService$OrderedRequestStreamObserver.processClientRequest(GrpcClientProtocolService.java:337) ~[ratis-grpc-1.1.0-c5eafb9-SNAPSHOT.jar:1.1.0-c5eafb9-SNAPSHOT]
	at org.apache.ratis.util.SlidingWindow$Server.processRequestsFromHead(SlidingWindow.java:429) [ratis-common-1.1.0-c5eafb9-SNAPSHOT.jar:1.1.0-c5eafb9-SNAPSHOT]
	at org.apache.ratis.util.SlidingWindow$Server.receivedRequest(SlidingWindow.java:421) [ratis-common-1.1.0-c5eafb9-SNAPSHOT.jar:1.1.0-c5eafb9-SNAPSHOT]
	at org.apache.ratis.grpc.client.GrpcClientProtocolService$OrderedRequestStreamObserver.processClientRequest(GrpcClientProtocolService.java:361) [ratis-grpc-1.1.0-c5eafb9-SNAPSHOT.jar:1.1.0-c5eafb9-SNAPSHOT]
	at org.apache.ratis.grpc.client.GrpcClientProtocolService$RequestStreamObserver.onNext(GrpcClientProtocolService.java:251) [ratis-grpc-1.1.0-c5eafb9-SNAPSHOT.jar:1.1.0-c5eafb9-SNAPSHOT]
	at org.apache.ratis.grpc.client.GrpcClientProtocolService$RequestStreamObserver.onNext(GrpcClientProtocolService.java:174) [ratis-grpc-1.1.0-c5eafb9-SNAPSHOT.jar:1.1.0-c5eafb9-SNAPSHOT]
	at org.apache.ratis.thirdparty.io.grpc.stub.ServerCalls$StreamingServerCallHandler$StreamingServerCallListener.onMessage(ServerCalls.java:251) [ratis-thirdparty-misc-0.6.0-SNAPSHOT.jar:0.6.0-SNAPSHOT]
	at org.apache.ratis.thirdparty.io.grpc.ForwardingServerCallListener.onMessage(ForwardingServerCallListener.java:33) [ratis-thirdparty-misc-0.6.0-SNAPSHOT.jar:0.6.0-SNAPSHOT]
	at org.apache.ratis.thirdparty.io.grpc.internal.ServerCallImpl$ServerStreamListenerImpl.messagesAvailableInternal(ServerCallImpl.java:309) [ratis-thirdparty-misc-0.6.0-SNAPSHOT.jar:0.6.0-SNAPSHOT]
	at org.apache.ratis.thirdparty.io.grpc.internal.ServerCallImpl$ServerStreamListenerImpl.messagesAvailable(ServerCallImpl.java:292) [ratis-thirdparty-misc-0.6.0-SNAPSHOT.jar:0.6.0-SNAPSHOT]
	at org.apache.ratis.thirdparty.io.grpc.internal.ServerImpl$JumpToApplicationThreadServerStreamListener$1MessagesAvailable.runInContext(ServerImpl.java:783) [ratis-thirdparty-misc-0.6.0-SNAPSHOT.jar:0.6.0-SNAPSHOT]
	at org.apache.ratis.thirdparty.io.grpc.internal.ContextRunnable.run(ContextRunnable.java:37) [ratis-thirdparty-misc-0.6.0-SNAPSHOT.jar:0.6.0-SNAPSHOT]
	at org.apache.ratis.thirdparty.io.grpc.internal.SerializingExecutor.run(SerializingExecutor.java:123) [ratis-thirdparty-misc-0.6.0-SNAPSHOT.jar:0.6.0-SNAPSHOT]
	at java.util.concurrent.ThreadPoolExecutor.runWorker(ThreadPoolExecutor.java:1149) [?:1.8.0_232]
	at java.util.concurrent.ThreadPoolExecutor$Worker.run(ThreadPoolExecutor.java:624) [?:1.8.0_232]
	at java.lang.Thread.run(Thread.java:748) [?:1.8.0_232]
2020-12-26 01:57:48,995 [grpc-default-executor-0] ERROR storage.BlockOutputStream (BlockOutputStream.java:lambda$writeChunkToContainer$3(677)) - writing chunk failed 105444006476447757_chunk_7 blockID conID: 1 locID: 105444006476447757 bcsId: 12 with exception org.apache.ratis.protocol.exceptions.StateMachineException: org.apache.hadoop.hdds.scm.container.common.helpers.ContainerNotOpenException from Server c7c2d1d0-24bf-4086-b8ac-f9c9c7e07f42@group-BE28A4447053: Container 1 in CLOSING state
01:57:49.023 [grpc-default-executor-6] ERROR DNAudit - user=null | ip=null | op=PUT_BLOCK {blockData=[blockId=conID: 1 locID: 105444006476447757 bcsId: 0,size=800]} | ret=FAILURE
org.apache.hadoop.hdds.scm.container.common.helpers.ContainerNotOpenException: Container 1 in CLOSING state
	at org.apache.hadoop.ozone.container.common.impl.HddsDispatcher.validateContainerCommand(HddsDispatcher.java:484) ~[hadoop-hdds-container-service-1.1.0-SNAPSHOT.jar:?]
	at org.apache.hadoop.ozone.container.common.transport.server.ratis.ContainerStateMachine.startTransaction(ContainerStateMachine.java:317) ~[hadoop-hdds-container-service-1.1.0-SNAPSHOT.jar:?]
	at org.apache.ratis.server.impl.RaftServerImpl.submitClientRequestAsync(RaftServerImpl.java:758) ~[ratis-server-1.1.0-c5eafb9-SNAPSHOT.jar:1.1.0-c5eafb9-SNAPSHOT]
	at org.apache.ratis.server.impl.RaftServerProxy.lambda$submitClientRequestAsync$9(RaftServerProxy.java:413) ~[ratis-server-1.1.0-c5eafb9-SNAPSHOT.jar:1.1.0-c5eafb9-SNAPSHOT]
	at org.apache.ratis.server.impl.RaftServerProxy.lambda$null$7(RaftServerProxy.java:408) ~[ratis-server-1.1.0-c5eafb9-SNAPSHOT.jar:1.1.0-c5eafb9-SNAPSHOT]
	at org.apache.ratis.util.JavaUtils.callAsUnchecked(JavaUtils.java:117) ~[ratis-common-1.1.0-c5eafb9-SNAPSHOT.jar:1.1.0-c5eafb9-SNAPSHOT]
	at org.apache.ratis.server.impl.RaftServerProxy.lambda$submitRequest$8(RaftServerProxy.java:408) ~[ratis-server-1.1.0-c5eafb9-SNAPSHOT.jar:1.1.0-c5eafb9-SNAPSHOT]
	at java.util.concurrent.CompletableFuture.uniComposeStage(CompletableFuture.java:995) ~[?:1.8.0_232]
	at java.util.concurrent.CompletableFuture.thenCompose(CompletableFuture.java:2137) ~[?:1.8.0_232]
	at org.apache.ratis.server.impl.RaftServerProxy.submitRequest(RaftServerProxy.java:407) ~[ratis-server-1.1.0-c5eafb9-SNAPSHOT.jar:1.1.0-c5eafb9-SNAPSHOT]
	at org.apache.ratis.server.impl.RaftServerProxy.submitClientRequestAsync(RaftServerProxy.java:413) ~[ratis-server-1.1.0-c5eafb9-SNAPSHOT.jar:1.1.0-c5eafb9-SNAPSHOT]
	at org.apache.ratis.grpc.client.GrpcClientProtocolService$RequestStreamObserver.processClientRequest(GrpcClientProtocolService.java:231) ~[ratis-grpc-1.1.0-c5eafb9-SNAPSHOT.jar:1.1.0-c5eafb9-SNAPSHOT]
	at org.apache.ratis.grpc.client.GrpcClientProtocolService$OrderedRequestStreamObserver.processClientRequest(GrpcClientProtocolService.java:337) ~[ratis-grpc-1.1.0-c5eafb9-SNAPSHOT.jar:1.1.0-c5eafb9-SNAPSHOT]
	at org.apache.ratis.util.SlidingWindow$Server.processRequestsFromHead(SlidingWindow.java:429) [ratis-common-1.1.0-c5eafb9-SNAPSHOT.jar:1.1.0-c5eafb9-SNAPSHOT]
	at org.apache.ratis.util.SlidingWindow$Server.receivedRequest(SlidingWindow.java:421) [ratis-common-1.1.0-c5eafb9-SNAPSHOT.jar:1.1.0-c5eafb9-SNAPSHOT]
	at org.apache.ratis.grpc.client.GrpcClientProtocolService$OrderedRequestStreamObserver.processClientRequest(GrpcClientProtocolService.java:361) [ratis-grpc-1.1.0-c5eafb9-SNAPSHOT.jar:1.1.0-c5eafb9-SNAPSHOT]
	at org.apache.ratis.grpc.client.GrpcClientProtocolService$RequestStreamObserver.onNext(GrpcClientProtocolService.java:251) [ratis-grpc-1.1.0-c5eafb9-SNAPSHOT.jar:1.1.0-c5eafb9-SNAPSHOT]
	at org.apache.ratis.grpc.client.GrpcClientProtocolService$RequestStreamObserver.onNext(GrpcClientProtocolService.java:174) [ratis-grpc-1.1.0-c5eafb9-SNAPSHOT.jar:1.1.0-c5eafb9-SNAPSHOT]
	at org.apache.ratis.thirdparty.io.grpc.stub.ServerCalls$StreamingServerCallHandler$StreamingServerCallListener.onMessage(ServerCalls.java:251) [ratis-thirdparty-misc-0.6.0-SNAPSHOT.jar:0.6.0-SNAPSHOT]
	at org.apache.ratis.thirdparty.io.grpc.ForwardingServerCallListener.onMessage(ForwardingServerCallListener.java:33) [ratis-thirdparty-misc-0.6.0-SNAPSHOT.jar:0.6.0-SNAPSHOT]
	at org.apache.ratis.thirdparty.io.grpc.internal.ServerCallImpl$ServerStreamListenerImpl.messagesAvailableInternal(ServerCallImpl.java:309) [ratis-thirdparty-misc-0.6.0-SNAPSHOT.jar:0.6.0-SNAPSHOT]
	at org.apache.ratis.thirdparty.io.grpc.internal.ServerCallImpl$ServerStreamListenerImpl.messagesAvailable(ServerCallImpl.java:292) [ratis-thirdparty-misc-0.6.0-SNAPSHOT.jar:0.6.0-SNAPSHOT]
	at org.apache.ratis.thirdparty.io.grpc.internal.ServerImpl$JumpToApplicationThreadServerStreamListener$1MessagesAvailable.runInContext(ServerImpl.java:783) [ratis-thirdparty-misc-0.6.0-SNAPSHOT.jar:0.6.0-SNAPSHOT]
	at org.apache.ratis.thirdparty.io.grpc.internal.ContextRunnable.run(ContextRunnable.java:37) [ratis-thirdparty-misc-0.6.0-SNAPSHOT.jar:0.6.0-SNAPSHOT]
	at org.apache.ratis.thirdparty.io.grpc.internal.SerializingExecutor.run(SerializingExecutor.java:123) [ratis-thirdparty-misc-0.6.0-SNAPSHOT.jar:0.6.0-SNAPSHOT]
	at java.util.concurrent.ThreadPoolExecutor.runWorker(ThreadPoolExecutor.java:1149) [?:1.8.0_232]
	at java.util.concurrent.ThreadPoolExecutor$Worker.run(ThreadPoolExecutor.java:624) [?:1.8.0_232]
	at java.lang.Thread.run(Thread.java:748) [?:1.8.0_232]
2020-12-26 01:57:49,025 [grpc-default-executor-0] ERROR storage.BlockOutputStream (BlockOutputStream.java:lambda$writeChunkToContainer$3(677)) - writing chunk failed 105444006476447757_chunk_8 blockID conID: 1 locID: 105444006476447757 bcsId: 12 with exception org.apache.ratis.protocol.exceptions.StateMachineException: org.apache.hadoop.hdds.scm.container.common.helpers.ContainerNotOpenException from Server c7c2d1d0-24bf-4086-b8ac-f9c9c7e07f42@group-BE28A4447053: Container 1 in CLOSING state
2020-12-26 01:57:49,044 [Listener at 127.0.0.1/40109] INFO  io.BlockOutputStreamEntryPool (BlockOutputStreamEntryPool.java:allocateNewBlock(241)) - Allocating block with ExcludeList {datanodes = [], containerIds = [#1], pipelineIds = []}
2020-12-26 01:57:49,096 [Listener at 127.0.0.1/40109] INFO  metrics.RatisMetrics (RatisMetrics.java:lambda$create$0(36)) - Creating Metrics Registry : ratis.client_message_metrics.client-D653DDD30F8E->73c99ad5-410f-4ffb-8408-ddbdb29ea4d0
2020-12-26 01:57:49,684 [Listener at 127.0.0.1/40109] INFO  ozone.MiniOzoneClusterImpl (MiniOzoneClusterImpl.java:shutdown(388)) - Shutting down the Mini Ozone Cluster
2020-12-26 01:57:49,684 [Listener at 127.0.0.1/40109] INFO  ozone.MiniOzoneClusterImpl (MiniOzoneClusterImpl.java:stop(403)) - Stopping the Mini Ozone Cluster
2020-12-26 01:57:49,684 [Listener at 127.0.0.1/40109] INFO  ozone.MiniOzoneClusterImpl (MiniOzoneClusterImpl.java:stopOM(485)) - Stopping the OzoneManager
2020-12-26 01:57:49,684 [Listener at 127.0.0.1/40109] INFO  ipc.Server (Server.java:stop(3359)) - Stopping server on 40109
2020-12-26 01:57:49,707 [Listener at 127.0.0.1/40109] INFO  ratis.OzoneManagerDoubleBuffer (OzoneManagerDoubleBuffer.java:stop(457)) - Stopping OMDoubleBuffer flush thread
2020-12-26 01:57:49,707 [IPC Server listener on 0] INFO  ipc.Server (Server.java:run(1330)) - Stopping IPC Server listener on 0
2020-12-26 01:57:49,707 [IPC Server Responder] INFO  ipc.Server (Server.java:run(1465)) - Stopping IPC Server Responder
2020-12-26 01:57:49,707 [OMDoubleBufferFlushThread] INFO  ratis.OzoneManagerDoubleBuffer (OzoneManagerDoubleBuffer.java:flushTransactions(356)) - OMDoubleBuffer flush thread OMDoubleBufferFlushThread is interrupted and will exit. OMDoubleBufferFlushThread
2020-12-26 01:57:49,708 [Listener at 127.0.0.1/40109] INFO  utils.BackgroundService (BackgroundService.java:shutdown(132)) - Shutting down service KeyDeletingService
2020-12-26 01:57:49,708 [Listener at 127.0.0.1/40109] INFO  handler.ContextHandler (ContextHandler.java:doStop(1154)) - Stopped o.e.j.w.WebAppContext@51163415{ozoneManager,/,null,STOPPED}{file:/github/workspace/mnt/ozone/hadoop-ozone/integration-test/target/test-classes/webapps/ozoneManager}
2020-12-26 01:57:49,709 [Listener at 127.0.0.1/40109] INFO  server.AbstractConnector (AbstractConnector.java:doStop(381)) - Stopped ServerConnector@332a2989{HTTP/1.1, (http/1.1)}{0.0.0.0:0}
2020-12-26 01:57:49,709 [Listener at 127.0.0.1/40109] INFO  server.session (HouseKeeper.java:stopScavenging(149)) - node0 Stopped scavenging
2020-12-26 01:57:49,709 [Listener at 127.0.0.1/40109] INFO  handler.ContextHandler (ContextHandler.java:doStop(1154)) - Stopped o.e.j.s.ServletContextHandler@544ee1ed{static,/static,file:///github/workspace/mnt/ozone/hadoop-ozone/integration-test/target/test-classes/webapps/static,STOPPED}
2020-12-26 01:57:49,710 [Listener at 127.0.0.1/40109] INFO  handler.ContextHandler (ContextHandler.java:doStop(1154)) - Stopped o.e.j.s.ServletContextHandler@1db5618d{logs,/logs,file:///github/workspace/mnt/ozone/hadoop-ozone/integration-test/target/log,STOPPED}
2020-12-26 01:57:49,711 [Listener at 127.0.0.1/40109] INFO  ozone.MiniOzoneClusterImpl (MiniOzoneClusterImpl.java:stopDatanodes(462)) - Stopping the HddsDatanodes
2020-12-26 01:57:49,896 [Datanode State Machine Thread - 0] INFO  statemachine.DatanodeStateMachine (DatanodeStateMachine.java:lambda$startDaemon$0(408)) - Ozone container server started.
2020-12-26 01:57:50,235 [Datanode State Machine Thread - 0] INFO  statemachine.DatanodeStateMachine (DatanodeStateMachine.java:lambda$startDaemon$0(408)) - Ozone container server started.
2020-12-26 01:57:50,559 [grpc-default-executor-0] WARN  server.GrpcLogAppender (LogUtils.java:warn(122)) - c7c2d1d0-24bf-4086-b8ac-f9c9c7e07f42@group-BE28A4447053->03a4ab30-7c3b-428c-926c-31d823ed78af-AppendLogResponseHandler: Failed appendEntries: org.apache.ratis.thirdparty.io.grpc.StatusRuntimeException: UNAVAILABLE: io exception
2020-12-26 01:57:50,559 [grpc-default-executor-0] WARN  server.GrpcLogAppender (GrpcLogAppender.java:resetClient(110)) - c7c2d1d0-24bf-4086-b8ac-f9c9c7e07f42@group-BE28A4447053->03a4ab30-7c3b-428c-926c-31d823ed78af-GrpcLogAppender: Leader has not got in touch with Follower c7c2d1d0-24bf-4086-b8ac-f9c9c7e07f42@group-BE28A4447053->03a4ab30-7c3b-428c-926c-31d823ed78af(c-1,m0,n17, attendVote=true, lastRpcSendTime=0, lastRpcResponseTime=7749) yet, just keep nextIndex unchanged and retry.
2020-12-26 01:57:50,601 [grpc-default-executor-0] WARN  server.GrpcLogAppender (LogUtils.java:warn(122)) - c7c2d1d0-24bf-4086-b8ac-f9c9c7e07f42@group-CBCCC18211C1->03a4ab30-7c3b-428c-926c-31d823ed78af-AppendLogResponseHandler: Failed appendEntries: org.apache.ratis.thirdparty.io.grpc.StatusRuntimeException: UNAVAILABLE: io exception
2020-12-26 01:57:50,602 [grpc-default-executor-0] WARN  server.GrpcLogAppender (GrpcLogAppender.java:resetClient(110)) - c7c2d1d0-24bf-4086-b8ac-f9c9c7e07f42@group-CBCCC18211C1->03a4ab30-7c3b-428c-926c-31d823ed78af-GrpcLogAppender: Leader has not got in touch with Follower c7c2d1d0-24bf-4086-b8ac-f9c9c7e07f42@group-CBCCC18211C1->03a4ab30-7c3b-428c-926c-31d823ed78af(c-1,m0,n3, attendVote=true, lastRpcSendTime=0, lastRpcResponseTime=12734) yet, just keep nextIndex unchanged and retry.
2020-12-26 01:57:52,094 [org.apache.ratis.util.JvmPauseMonitor$$Lambda$221/688841144@49d0196b] WARN  util.JvmPauseMonitor (JvmPauseMonitor.java:detectPause(124)) - JvmPauseMonitor-8e16b57b-a520-4ff3-ab9c-70e7128aded3: Detected pause in JVM or host machine (eg GC): pause of approximately 259058917ns

GC pool 'PS MarkSweep' had collection(s): count=1 time=283ms
GC pool 'PS Scavenge' had collection(s): count=1 time=28ms
2020-12-26 01:57:52,907 [EventQueue-DeadNodeForDeadNodeHandler] INFO  node.DeadNodeHandler (DeadNodeHandler.java:onMessage(77)) - A dead datanode is detected. 03a4ab30-7c3b-428c-926c-31d823ed78af{ip: 172.17.0.2, host: 140068b710f1, networkLocation: /default-rack, certSerialId: null, persistedOpState: IN_SERVICE, persistedOpStateExpiryEpochSec: 0}
2020-12-26 01:57:52,907 [EventQueue-DeadNodeForDeadNodeHandler] INFO  pipeline.SCMPipelineManager (SCMPipelineManager.java:finalizeAndDestroyPipeline(482)) - Destroying pipeline:Pipeline[ Id: 531cb22c-be6d-463e-b99c-be28a4447053, Nodes: 03a4ab30-7c3b-428c-926c-31d823ed78af{ip: 172.17.0.2, host: 140068b710f1, networkLocation: /default-rack, certSerialId: null, persistedOpState: IN_SERVICE, persistedOpStateExpiryEpochSec: 0}c7c2d1d0-24bf-4086-b8ac-f9c9c7e07f42{ip: 172.17.0.2, host: 140068b710f1, networkLocation: /default-rack, certSerialId: null, persistedOpState: IN_SERVICE, persistedOpStateExpiryEpochSec: 0}a9229adb-278c-43ef-9666-e3cbf980c0ea{ip: 172.17.0.2, host: 140068b710f1, networkLocation: /default-rack, certSerialId: null, persistedOpState: IN_SERVICE, persistedOpStateExpiryEpochSec: 0}, Type:RATIS, Factor:THREE, State:CLOSED, leaderId:c7c2d1d0-24bf-4086-b8ac-f9c9c7e07f42, CreationTimestamp2020-12-26T01:57:24.879Z]
2020-12-26 01:57:52,918 [EventQueue-DeadNodeForDeadNodeHandler] INFO  pipeline.RatisPipelineProvider (RatisPipelineProvider.java:lambda$close$1(199)) - Send pipeline:PipelineID=531cb22c-be6d-463e-b99c-be28a4447053 close command to datanode 03a4ab30-7c3b-428c-926c-31d823ed78af
2020-12-26 01:57:52,918 [EventQueue-DeadNodeForDeadNodeHandler] INFO  pipeline.RatisPipelineProvider (RatisPipelineProvider.java:lambda$close$1(199)) - Send pipeline:PipelineID=531cb22c-be6d-463e-b99c-be28a4447053 close command to datanode c7c2d1d0-24bf-4086-b8ac-f9c9c7e07f42
2020-12-26 01:57:52,919 [EventQueue-DeadNodeForDeadNodeHandler] INFO  pipeline.RatisPipelineProvider (RatisPipelineProvider.java:lambda$close$1(199)) - Send pipeline:PipelineID=531cb22c-be6d-463e-b99c-be28a4447053 close command to datanode a9229adb-278c-43ef-9666-e3cbf980c0ea
2020-12-26 01:57:52,919 [EventQueue-DeadNodeForDeadNodeHandler] INFO  pipeline.PipelineStateManager (PipelineStateManager.java:removePipeline(106)) - Pipeline Pipeline[ Id: 531cb22c-be6d-463e-b99c-be28a4447053, Nodes: 03a4ab30-7c3b-428c-926c-31d823ed78af{ip: 172.17.0.2, host: 140068b710f1, networkLocation: /default-rack, certSerialId: null, persistedOpState: IN_SERVICE, persistedOpStateExpiryEpochSec: 0}c7c2d1d0-24bf-4086-b8ac-f9c9c7e07f42{ip: 172.17.0.2, host: 140068b710f1, networkLocation: /default-rack, certSerialId: null, persistedOpState: IN_SERVICE, persistedOpStateExpiryEpochSec: 0}a9229adb-278c-43ef-9666-e3cbf980c0ea{ip: 172.17.0.2, host: 140068b710f1, networkLocation: /default-rack, certSerialId: null, persistedOpState: IN_SERVICE, persistedOpStateExpiryEpochSec: 0}, Type:RATIS, Factor:THREE, State:CLOSED, leaderId:c7c2d1d0-24bf-4086-b8ac-f9c9c7e07f42, CreationTimestamp2020-12-26T01:57:24.879Z] removed from db
2020-12-26 01:57:52,946 [EventQueue-DeadNodeForDeadNodeHandler] INFO  pipeline.SCMPipelineManager (SCMPipelineManager.java:finalizeAndDestroyPipeline(482)) - Destroying pipeline:Pipeline[ Id: 4b3ce42e-715f-4136-a2ae-cbccc18211c1, Nodes: 03a4ab30-7c3b-428c-926c-31d823ed78af{ip: 172.17.0.2, host: 140068b710f1, networkLocation: /default-rack, certSerialId: null, persistedOpState: IN_SERVICE, persistedOpStateExpiryEpochSec: 0}c7c2d1d0-24bf-4086-b8ac-f9c9c7e07f42{ip: 172.17.0.2, host: 140068b710f1, networkLocation: /default-rack, certSerialId: null, persistedOpState: IN_SERVICE, persistedOpStateExpiryEpochSec: 0}a9229adb-278c-43ef-9666-e3cbf980c0ea{ip: 172.17.0.2, host: 140068b710f1, networkLocation: /default-rack, certSerialId: null, persistedOpState: IN_SERVICE, persistedOpStateExpiryEpochSec: 0}, Type:RATIS, Factor:THREE, State:CLOSED, leaderId:c7c2d1d0-24bf-4086-b8ac-f9c9c7e07f42, CreationTimestamp2020-12-26T01:57:24.881Z]
2020-12-26 01:57:52,947 [EventQueue-DeadNodeForDeadNodeHandler] INFO  pipeline.RatisPipelineProvider (RatisPipelineProvider.java:lambda$close$1(199)) - Send pipeline:PipelineID=4b3ce42e-715f-4136-a2ae-cbccc18211c1 close command to datanode 03a4ab30-7c3b-428c-926c-31d823ed78af
2020-12-26 01:57:52,947 [EventQueue-DeadNodeForDeadNodeHandler] INFO  pipeline.RatisPipelineProvider (RatisPipelineProvider.java:lambda$close$1(199)) - Send pipeline:PipelineID=4b3ce42e-715f-4136-a2ae-cbccc18211c1 close command to datanode c7c2d1d0-24bf-4086-b8ac-f9c9c7e07f42
2020-12-26 01:57:52,947 [EventQueue-DeadNodeForDeadNodeHandler] INFO  pipeline.RatisPipelineProvider (RatisPipelineProvider.java:lambda$close$1(199)) - Send pipeline:PipelineID=4b3ce42e-715f-4136-a2ae-cbccc18211c1 close command to datanode a9229adb-278c-43ef-9666-e3cbf980c0ea
2020-12-26 01:57:52,947 [EventQueue-DeadNodeForDeadNodeHandler] INFO  pipeline.PipelineStateManager (PipelineStateManager.java:removePipeline(106)) - Pipeline Pipeline[ Id: 4b3ce42e-715f-4136-a2ae-cbccc18211c1, Nodes: 03a4ab30-7c3b-428c-926c-31d823ed78af{ip: 172.17.0.2, host: 140068b710f1, networkLocation: /default-rack, certSerialId: null, persistedOpState: IN_SERVICE, persistedOpStateExpiryEpochSec: 0}c7c2d1d0-24bf-4086-b8ac-f9c9c7e07f42{ip: 172.17.0.2, host: 140068b710f1, networkLocation: /default-rack, certSerialId: null, persistedOpState: IN_SERVICE, persistedOpStateExpiryEpochSec: 0}a9229adb-278c-43ef-9666-e3cbf980c0ea{ip: 172.17.0.2, host: 140068b710f1, networkLocation: /default-rack, certSerialId: null, persistedOpState: IN_SERVICE, persistedOpStateExpiryEpochSec: 0}, Type:RATIS, Factor:THREE, State:CLOSED, leaderId:c7c2d1d0-24bf-4086-b8ac-f9c9c7e07f42, CreationTimestamp2020-12-26T01:57:24.881Z] removed from db
2020-12-26 01:57:52,947 [EventQueue-DeadNodeForDeadNodeHandler] INFO  pipeline.SCMPipelineManager (SCMPipelineManager.java:finalizeAndDestroyPipeline(482)) - Destroying pipeline:Pipeline[ Id: 0dbac3b6-6176-4237-9183-c86e59087e83, Nodes: 03a4ab30-7c3b-428c-926c-31d823ed78af{ip: 172.17.0.2, host: 140068b710f1, networkLocation: /default-rack, certSerialId: null, persistedOpState: IN_SERVICE, persistedOpStateExpiryEpochSec: 0}, Type:RATIS, Factor:ONE, State:CLOSED, leaderId:03a4ab30-7c3b-428c-926c-31d823ed78af, CreationTimestamp2020-12-26T01:57:24.878Z]
2020-12-26 01:57:52,947 [EventQueue-DeadNodeForDeadNodeHandler] INFO  pipeline.RatisPipelineProvider (RatisPipelineProvider.java:lambda$close$1(199)) - Send pipeline:PipelineID=0dbac3b6-6176-4237-9183-c86e59087e83 close command to datanode 03a4ab30-7c3b-428c-926c-31d823ed78af
2020-12-26 01:57:52,947 [EventQueue-DeadNodeForDeadNodeHandler] INFO  pipeline.PipelineStateManager (PipelineStateManager.java:removePipeline(106)) - Pipeline Pipeline[ Id: 0dbac3b6-6176-4237-9183-c86e59087e83, Nodes: 03a4ab30-7c3b-428c-926c-31d823ed78af{ip: 172.17.0.2, host: 140068b710f1, networkLocation: /default-rack, certSerialId: null, persistedOpState: IN_SERVICE, persistedOpStateExpiryEpochSec: 0}, Type:RATIS, Factor:ONE, State:CLOSED, leaderId:03a4ab30-7c3b-428c-926c-31d823ed78af, CreationTimestamp2020-12-26T01:57:24.878Z] removed from db
2020-12-26 01:57:52,948 [RatisPipelineUtilsThread] INFO  pipeline.RatisPipelineProvider (RatisPipelineProvider.java:lambda$create$0(161)) - Sending CreatePipelineCommand for pipeline:PipelineID=573e7393-093f-4e60-978a-cfb692a00539 to datanode:16d33d7f-de85-4153-a986-8f085dcb09ff
2020-12-26 01:57:52,948 [RatisPipelineUtilsThread] INFO  pipeline.RatisPipelineProvider (RatisPipelineProvider.java:lambda$create$0(161)) - Sending CreatePipelineCommand for pipeline:PipelineID=573e7393-093f-4e60-978a-cfb692a00539 to datanode:c7c2d1d0-24bf-4086-b8ac-f9c9c7e07f42
2020-12-26 01:57:52,948 [RatisPipelineUtilsThread] INFO  pipeline.RatisPipelineProvider (RatisPipelineProvider.java:lambda$create$0(161)) - Sending CreatePipelineCommand for pipeline:PipelineID=573e7393-093f-4e60-978a-cfb692a00539 to datanode:a9229adb-278c-43ef-9666-e3cbf980c0ea
2020-12-26 01:57:52,948 [RatisPipelineUtilsThread] INFO  pipeline.PipelineStateManager (PipelineStateManager.java:addPipeline(54)) - Created pipeline Pipeline[ Id: 573e7393-093f-4e60-978a-cfb692a00539, Nodes: 16d33d7f-de85-4153-a986-8f085dcb09ff{ip: 172.17.0.2, host: 140068b710f1, networkLocation: /default-rack, certSerialId: null, persistedOpState: IN_SERVICE, persistedOpStateExpiryEpochSec: 0}c7c2d1d0-24bf-4086-b8ac-f9c9c7e07f42{ip: 172.17.0.2, host: 140068b710f1, networkLocation: /default-rack, certSerialId: null, persistedOpState: IN_SERVICE, persistedOpStateExpiryEpochSec: 0}a9229adb-278c-43ef-9666-e3cbf980c0ea{ip: 172.17.0.2, host: 140068b710f1, networkLocation: /default-rack, certSerialId: null, persistedOpState: IN_SERVICE, persistedOpStateExpiryEpochSec: 0}, Type:RATIS, Factor:THREE, State:ALLOCATED, leaderId:, CreationTimestamp2020-12-26T01:57:52.948Z]
2020-12-26 01:57:52,948 [RatisPipelineUtilsThread] INFO  pipeline.RatisPipelineProvider (RatisPipelineProvider.java:lambda$create$0(161)) - Sending CreatePipelineCommand for pipeline:PipelineID=76484d9c-c345-4865-b768-6696eb7b60af to datanode:16d33d7f-de85-4153-a986-8f085dcb09ff
2020-12-26 01:57:52,948 [RatisPipelineUtilsThread] INFO  pipeline.RatisPipelineProvider (RatisPipelineProvider.java:lambda$create$0(161)) - Sending CreatePipelineCommand for pipeline:PipelineID=76484d9c-c345-4865-b768-6696eb7b60af to datanode:c7c2d1d0-24bf-4086-b8ac-f9c9c7e07f42
2020-12-26 01:57:52,948 [RatisPipelineUtilsThread] INFO  pipeline.RatisPipelineProvider (RatisPipelineProvider.java:lambda$create$0(161)) - Sending CreatePipelineCommand for pipeline:PipelineID=76484d9c-c345-4865-b768-6696eb7b60af to datanode:a9229adb-278c-43ef-9666-e3cbf980c0ea
2020-12-26 01:57:52,949 [RatisPipelineUtilsThread] INFO  pipeline.PipelineStateManager (PipelineStateManager.java:addPipeline(54)) - Created pipeline Pipeline[ Id: 76484d9c-c345-4865-b768-6696eb7b60af, Nodes: 16d33d7f-de85-4153-a986-8f085dcb09ff{ip: 172.17.0.2, host: 140068b710f1, networkLocation: /default-rack, certSerialId: null, persistedOpState: IN_SERVICE, persistedOpStateExpiryEpochSec: 0}c7c2d1d0-24bf-4086-b8ac-f9c9c7e07f42{ip: 172.17.0.2, host: 140068b710f1, networkLocation: /default-rack, certSerialId: null, persistedOpState: IN_SERVICE, persistedOpStateExpiryEpochSec: 0}a9229adb-278c-43ef-9666-e3cbf980c0ea{ip: 172.17.0.2, host: 140068b710f1, networkLocation: /default-rack, certSerialId: null, persistedOpState: IN_SERVICE, persistedOpStateExpiryEpochSec: 0}, Type:RATIS, Factor:THREE, State:ALLOCATED, leaderId:, CreationTimestamp2020-12-26T01:57:52.948Z]
2020-12-26 01:57:52,949 [RatisPipelineUtilsThread] INFO  pipeline.SCMPipelineManager (SCMPipelineManager.java:recordMetricsForPipeline(243)) - Pipeline: PipelineID=76484d9c-c345-4865-b768-6696eb7b60af contains same datanodes as previous pipelines: PipelineID=573e7393-093f-4e60-978a-cfb692a00539 nodeIds: 16d33d7f-de85-4153-a986-8f085dcb09ff, c7c2d1d0-24bf-4086-b8ac-f9c9c7e07f42, a9229adb-278c-43ef-9666-e3cbf980c0ea
2020-12-26 01:57:53,058 [grpc-default-executor-4] WARN  server.GrpcLogAppender (LogUtils.java:warn(122)) - c7c2d1d0-24bf-4086-b8ac-f9c9c7e07f42@group-BE28A4447053->03a4ab30-7c3b-428c-926c-31d823ed78af-AppendLogResponseHandler: Failed appendEntries: org.apache.ratis.thirdparty.io.grpc.StatusRuntimeException: UNAVAILABLE: io exception
2020-12-26 01:57:53,059 [grpc-default-executor-4] WARN  server.GrpcLogAppender (GrpcLogAppender.java:resetClient(110)) - c7c2d1d0-24bf-4086-b8ac-f9c9c7e07f42@group-BE28A4447053->03a4ab30-7c3b-428c-926c-31d823ed78af-GrpcLogAppender: Leader has not got in touch with Follower c7c2d1d0-24bf-4086-b8ac-f9c9c7e07f42@group-BE28A4447053->03a4ab30-7c3b-428c-926c-31d823ed78af(c-1,m0,n17, attendVote=true, lastRpcSendTime=0, lastRpcResponseTime=10248) yet, just keep nextIndex unchanged and retry.
2020-12-26 01:57:53,101 [grpc-default-executor-4] WARN  server.GrpcLogAppender (LogUtils.java:warn(122)) - c7c2d1d0-24bf-4086-b8ac-f9c9c7e07f42@group-CBCCC18211C1->03a4ab30-7c3b-428c-926c-31d823ed78af-AppendLogResponseHandler: Failed appendEntries: org.apache.ratis.thirdparty.io.grpc.StatusRuntimeException: UNAVAILABLE: io exception
2020-12-26 01:57:53,102 [grpc-default-executor-4] WARN  server.GrpcLogAppender (GrpcLogAppender.java:resetClient(110)) - c7c2d1d0-24bf-4086-b8ac-f9c9c7e07f42@group-CBCCC18211C1->03a4ab30-7c3b-428c-926c-31d823ed78af-GrpcLogAppender: Leader has not got in touch with Follower c7c2d1d0-24bf-4086-b8ac-f9c9c7e07f42@group-CBCCC18211C1->03a4ab30-7c3b-428c-926c-31d823ed78af(c-1,m0,n3, attendVote=true, lastRpcSendTime=2500, lastRpcResponseTime=15234) yet, just keep nextIndex unchanged and retry.
2020-12-26 01:57:54,091 [Command processor thread] INFO  server.RaftServer (RaftServerProxy.java:remove(104)) - c7c2d1d0-24bf-4086-b8ac-f9c9c7e07f42: remove    LEADER c7c2d1d0-24bf-4086-b8ac-f9c9c7e07f42@group-BE28A4447053:t2, leader=c7c2d1d0-24bf-4086-b8ac-f9c9c7e07f42, voted=c7c2d1d0-24bf-4086-b8ac-f9c9c7e07f42, raftlog=c7c2d1d0-24bf-4086-b8ac-f9c9c7e07f42@group-BE28A4447053-SegmentedRaftLog:OPENED:c16,f16,i16, conf=15: [a9229adb-278c-43ef-9666-e3cbf980c0ea|rpc:172.17.0.2:43985|dataStream:, 03a4ab30-7c3b-428c-926c-31d823ed78af|rpc:172.17.0.2:35853|dataStream:, c7c2d1d0-24bf-4086-b8ac-f9c9c7e07f42|rpc:172.17.0.2:44251|dataStream:], old=null RUNNING
2020-12-26 01:57:54,091 [Command processor thread] INFO  server.RaftServer$Division (RaftServerImpl.java:lambda$close$4(397)) - c7c2d1d0-24bf-4086-b8ac-f9c9c7e07f42@group-BE28A4447053: shutdown
2020-12-26 01:57:54,092 [Command processor thread] INFO  util.JmxRegister (JmxRegister.java:unregister(73)) - Successfully un-registered JMX Bean with object name Ratis:service=RaftServer,group=group-BE28A4447053,id=c7c2d1d0-24bf-4086-b8ac-f9c9c7e07f42
2020-12-26 01:57:54,092 [Command processor thread] INFO  impl.RoleInfo (RoleInfo.java:shutdownLeaderState(91)) - c7c2d1d0-24bf-4086-b8ac-f9c9c7e07f42: shutdown c7c2d1d0-24bf-4086-b8ac-f9c9c7e07f42@group-BE28A4447053-LeaderStateImpl
2020-12-26 01:57:54,092 [Command processor thread] INFO  metrics.RatisMetrics (RatisMetrics.java:unregister(43)) - Unregistering Metrics Registry : ratis_grpc.log_appender.c7c2d1d0-24bf-4086-b8ac-f9c9c7e07f42@group-BE28A4447053
2020-12-26 01:57:54,092 [Command processor thread] INFO  metrics.RatisMetrics (RatisMetrics.java:unregister(43)) - Unregistering Metrics Registry : ratis_grpc.log_appender.c7c2d1d0-24bf-4086-b8ac-f9c9c7e07f42@group-BE28A4447053
2020-12-26 01:57:54,092 [Command processor thread] INFO  impl.PendingRequests (PendingRequests.java:sendNotLeaderResponses(249)) - c7c2d1d0-24bf-4086-b8ac-f9c9c7e07f42@group-BE28A4447053-PendingRequests: sendNotLeaderResponses
2020-12-26 01:57:54,092 [Command processor thread] INFO  metrics.RatisMetrics (RatisMetrics.java:unregister(43)) - Unregistering Metrics Registry : ratis.log_appender.c7c2d1d0-24bf-4086-b8ac-f9c9c7e07f42@group-BE28A4447053
2020-12-26 01:57:54,092 [Command processor thread] INFO  metrics.RatisMetrics (RatisMetrics.java:unregister(43)) - Unregistering Metrics Registry : ratis.server.c7c2d1d0-24bf-4086-b8ac-f9c9c7e07f42@group-BE28A4447053
2020-12-26 01:57:54,093 [Command processor thread] INFO  impl.StateMachineUpdater (StateMachineUpdater.java:stopAndJoin(148)) - c7c2d1d0-24bf-4086-b8ac-f9c9c7e07f42@group-BE28A4447053-StateMachineUpdater: set stopIndex = 16
2020-12-26 01:57:54,093 [c7c2d1d0-24bf-4086-b8ac-f9c9c7e07f42@group-BE28A4447053-StateMachineUpdater] INFO  ratis.ContainerStateMachine (ContainerStateMachine.java:takeSnapshot(291)) - group-BE28A4447053: Taking a snapshot at:(t:2, i:16) file /github/workspace/mnt/ozone/hadoop-ozone/integration-test/target/test-dir/MiniOzoneClusterImpl-b0bbc67e-6e78-4c8b-9c9f-814a2ca087f9/datanode-0/data/ratis/531cb22c-be6d-463e-b99c-be28a4447053/sm/snapshot.2_16
2020-12-26 01:57:54,093 [c7c2d1d0-24bf-4086-b8ac-f9c9c7e07f42@group-BE28A4447053->a9229adb-278c-43ef-9666-e3cbf980c0ea-GrpcLogAppender-LogAppenderDaemon] WARN  server.GrpcLogAppender (GrpcLogAppender.java:mayWait(174)) - c7c2d1d0-24bf-4086-b8ac-f9c9c7e07f42@group-BE28A4447053->a9229adb-278c-43ef-9666-e3cbf980c0ea-GrpcLogAppender: Wait interrupted by java.lang.InterruptedException
2020-12-26 01:57:54,094 [grpc-default-executor-0] INFO  server.GrpcServerProtocolService (GrpcServerProtocolService.java:onCompleted(138)) - a9229adb-278c-43ef-9666-e3cbf980c0ea: Completed APPEND_ENTRIES, lastRequest: c7c2d1d0-24bf-4086-b8ac-f9c9c7e07f42->a9229adb-278c-43ef-9666-e3cbf980c0ea#2-t2,previous=(t:2, i:15),leaderCommit=15,initializing? true,entries: size=1, first=(t:2, i:16), METADATAENTRY(c:15)
2020-12-26 01:57:54,094 [c7c2d1d0-24bf-4086-b8ac-f9c9c7e07f42@group-BE28A4447053-StateMachineUpdater] INFO  ratis.ContainerStateMachine (ContainerStateMachine.java:takeSnapshot(302)) - group-BE28A4447053: Finished taking a snapshot at:(t:2, i:16) file:/github/workspace/mnt/ozone/hadoop-ozone/integration-test/target/test-dir/MiniOzoneClusterImpl-b0bbc67e-6e78-4c8b-9c9f-814a2ca087f9/datanode-0/data/ratis/531cb22c-be6d-463e-b99c-be28a4447053/sm/snapshot.2_16 time:2
2020-12-26 01:57:54,095 [c7c2d1d0-24bf-4086-b8ac-f9c9c7e07f42@group-BE28A4447053-StateMachineUpdater] INFO  impl.StateMachineUpdater (StateMachineUpdater.java:takeSnapshot(279)) - c7c2d1d0-24bf-4086-b8ac-f9c9c7e07f42@group-BE28A4447053-StateMachineUpdater: Took a snapshot at index 16
2020-12-26 01:57:54,095 [c7c2d1d0-24bf-4086-b8ac-f9c9c7e07f42@group-BE28A4447053-StateMachineUpdater] INFO  impl.StateMachineUpdater (StateMachineUpdater.java:lambda$new$0(88)) - c7c2d1d0-24bf-4086-b8ac-f9c9c7e07f42@group-BE28A4447053-StateMachineUpdater: snapshotIndex: updateIncreasingly -1 -> 16
2020-12-26 01:57:54,095 [c7c2d1d0-24bf-4086-b8ac-f9c9c7e07f42@group-BE28A4447053-StateMachineUpdater] INFO  metrics.RatisMetrics (RatisMetrics.java:unregister(43)) - Unregistering Metrics Registry : ratis.state_machine.c7c2d1d0-24bf-4086-b8ac-f9c9c7e07f42@group-BE28A4447053
2020-12-26 01:57:54,095 [Command processor thread] INFO  server.RaftServer$Division (ServerState.java:close(406)) - c7c2d1d0-24bf-4086-b8ac-f9c9c7e07f42@group-BE28A4447053: closes. applyIndex: 16
2020-12-26 01:57:54,095 [c7c2d1d0-24bf-4086-b8ac-f9c9c7e07f42@group-BE28A4447053-SegmentedRaftLogWorker] INFO  segmented.SegmentedRaftLogWorker (SegmentedRaftLogWorker.java:run(326)) - c7c2d1d0-24bf-4086-b8ac-f9c9c7e07f42@group-BE28A4447053-SegmentedRaftLogWorker was interrupted, exiting. There are 0 tasks remaining in the queue.
2020-12-26 01:57:54,097 [Command processor thread] INFO  segmented.SegmentedRaftLogWorker (SegmentedRaftLogWorker.java:close(236)) - c7c2d1d0-24bf-4086-b8ac-f9c9c7e07f42@group-BE28A4447053-SegmentedRaftLogWorker close()
2020-12-26 01:57:54,097 [Command processor thread] INFO  metrics.RatisMetrics (RatisMetrics.java:unregister(43)) - Unregistering Metrics Registry : ratis.log_worker.c7c2d1d0-24bf-4086-b8ac-f9c9c7e07f42@group-BE28A4447053
2020-12-26 01:57:54,098 [Command processor thread] INFO  metrics.RatisMetrics (RatisMetrics.java:unregister(43)) - Unregistering Metrics Registry : ratis.leader_election.c7c2d1d0-24bf-4086-b8ac-f9c9c7e07f42@group-BE28A4447053
2020-12-26 01:57:54,098 [Command processor thread] INFO  metrics.RatisMetrics (RatisMetrics.java:unregister(43)) - Unregistering Metrics Registry : ratis.server.c7c2d1d0-24bf-4086-b8ac-f9c9c7e07f42@group-BE28A4447053
2020-12-26 01:57:54,098 [grpc-default-executor-4] INFO  server.GrpcLogAppender (GrpcLogAppender.java:onCompleted(343)) - c7c2d1d0-24bf-4086-b8ac-f9c9c7e07f42@group-BE28A4447053->a9229adb-278c-43ef-9666-e3cbf980c0ea-AppendLogResponseHandler: follower responses appendEntries COMPLETED
2020-12-26 01:57:54,098 [grpc-default-executor-4] INFO  leader.FollowerInfo (FollowerInfoImpl.java:lambda$new$0(46)) - c7c2d1d0-24bf-4086-b8ac-f9c9c7e07f42@group-BE28A4447053->a9229adb-278c-43ef-9666-e3cbf980c0ea: nextIndex: updateUnconditionally 17 -> 16
2020-12-26 01:57:54,099 [Command processor thread] INFO  keyvalue.KeyValueContainer (KeyValueContainer.java:flushAndSyncDB(388)) - Container 1 is synced with bcsId 12.
2020-12-26 01:57:54,099 [Command processor thread] INFO  keyvalue.KeyValueContainer (KeyValueContainer.java:flushAndSyncDB(388)) - Container 1 is synced with bcsId 12.
2020-12-26 01:57:54,102 [EventQueue-IncrementalContainerReportForIncrementalContainerReportHandler] INFO  container.IncrementalContainerReportHandler (AbstractContainerReportHandler.java:updateContainerState(208)) - Moving container #1 to QUASI_CLOSED state, datanode c7c2d1d0-24bf-4086-b8ac-f9c9c7e07f42{ip: 172.17.0.2, host: 140068b710f1, networkLocation: /default-rack, certSerialId: null, persistedOpState: IN_SERVICE, persistedOpStateExpiryEpochSec: 0} reported QUASI_CLOSED replica.
2020-12-26 01:57:54,102 [Command processor thread] INFO  server.RaftServer$Division (RaftServerImpl.java:groupRemove(367)) - c7c2d1d0-24bf-4086-b8ac-f9c9c7e07f42@group-BE28A4447053: Succeed to remove RaftStorageDirectory Storage Directory /github/workspace/mnt/ozone/hadoop-ozone/integration-test/target/test-dir/MiniOzoneClusterImpl-b0bbc67e-6e78-4c8b-9c9f-814a2ca087f9/datanode-0/data/ratis/531cb22c-be6d-463e-b99c-be28a4447053
2020-12-26 01:57:54,103 [Command processor thread] INFO  commandhandler.ClosePipelineCommandHandler (ClosePipelineCommandHandler.java:handle(75)) - Close Pipeline PipelineID=531cb22c-be6d-463e-b99c-be28a4447053 command on datanode c7c2d1d0-24bf-4086-b8ac-f9c9c7e07f42.
2020-12-26 01:57:54,103 [Command processor thread] INFO  server.RaftServer (RaftServerProxy.java:remove(104)) - c7c2d1d0-24bf-4086-b8ac-f9c9c7e07f42: remove    LEADER c7c2d1d0-24bf-4086-b8ac-f9c9c7e07f42@group-CBCCC18211C1:t2, leader=c7c2d1d0-24bf-4086-b8ac-f9c9c7e07f42, voted=c7c2d1d0-24bf-4086-b8ac-f9c9c7e07f42, raftlog=c7c2d1d0-24bf-4086-b8ac-f9c9c7e07f42@group-CBCCC18211C1-SegmentedRaftLog:OPENED:c2,f2,i2, conf=1: [a9229adb-278c-43ef-9666-e3cbf980c0ea|rpc:172.17.0.2:43985|dataStream:, 03a4ab30-7c3b-428c-926c-31d823ed78af|rpc:172.17.0.2:35853|dataStream:, c7c2d1d0-24bf-4086-b8ac-f9c9c7e07f42|rpc:172.17.0.2:44251|dataStream:], old=null RUNNING
2020-12-26 01:57:54,103 [Command processor thread] INFO  server.RaftServer$Division (RaftServerImpl.java:lambda$close$4(397)) - c7c2d1d0-24bf-4086-b8ac-f9c9c7e07f42@group-CBCCC18211C1: shutdown
2020-12-26 01:57:54,103 [Command processor thread] INFO  util.JmxRegister (JmxRegister.java:unregister(73)) - Successfully un-registered JMX Bean with object name Ratis:service=RaftServer,group=group-CBCCC18211C1,id=c7c2d1d0-24bf-4086-b8ac-f9c9c7e07f42
2020-12-26 01:57:54,103 [Command processor thread] INFO  impl.RoleInfo (RoleInfo.java:shutdownLeaderState(91)) - c7c2d1d0-24bf-4086-b8ac-f9c9c7e07f42: shutdown c7c2d1d0-24bf-4086-b8ac-f9c9c7e07f42@group-CBCCC18211C1-LeaderStateImpl
2020-12-26 01:57:54,103 [Command processor thread] INFO  metrics.RatisMetrics (RatisMetrics.java:unregister(43)) - Unregistering Metrics Registry : ratis_grpc.log_appender.c7c2d1d0-24bf-4086-b8ac-f9c9c7e07f42@group-CBCCC18211C1
2020-12-26 01:57:54,103 [Command processor thread] INFO  metrics.RatisMetrics (RatisMetrics.java:unregister(43)) - Unregistering Metrics Registry : ratis_grpc.log_appender.c7c2d1d0-24bf-4086-b8ac-f9c9c7e07f42@group-CBCCC18211C1
2020-12-26 01:57:54,103 [c7c2d1d0-24bf-4086-b8ac-f9c9c7e07f42@group-CBCCC18211C1->a9229adb-278c-43ef-9666-e3cbf980c0ea-GrpcLogAppender-LogAppenderDaemon] WARN  server.GrpcLogAppender (GrpcLogAppender.java:mayWait(174)) - c7c2d1d0-24bf-4086-b8ac-f9c9c7e07f42@group-CBCCC18211C1->a9229adb-278c-43ef-9666-e3cbf980c0ea-GrpcLogAppender: Wait interrupted by java.lang.InterruptedException
2020-12-26 01:57:54,103 [Command processor thread] INFO  impl.PendingRequests (PendingRequests.java:sendNotLeaderResponses(249)) - c7c2d1d0-24bf-4086-b8ac-f9c9c7e07f42@group-CBCCC18211C1-PendingRequests: sendNotLeaderResponses
2020-12-26 01:57:54,104 [Command processor thread] INFO  metrics.RatisMetrics (RatisMetrics.java:unregister(43)) - Unregistering Metrics Registry : ratis.log_appender.c7c2d1d0-24bf-4086-b8ac-f9c9c7e07f42@group-CBCCC18211C1
2020-12-26 01:57:54,104 [grpc-default-executor-4] INFO  server.GrpcServerProtocolService (GrpcServerProtocolService.java:onCompleted(138)) - a9229adb-278c-43ef-9666-e3cbf980c0ea: Completed APPEND_ENTRIES, lastRequest: c7c2d1d0-24bf-4086-b8ac-f9c9c7e07f42->a9229adb-278c-43ef-9666-e3cbf980c0ea#2-t2,previous=(t:2, i:1),leaderCommit=1,initializing? true,entries: size=1, first=(t:2, i:2), METADATAENTRY(c:1)
2020-12-26 01:57:54,104 [grpc-default-executor-4] INFO  server.GrpcLogAppender (GrpcLogAppender.java:onCompleted(343)) - c7c2d1d0-24bf-4086-b8ac-f9c9c7e07f42@group-CBCCC18211C1->a9229adb-278c-43ef-9666-e3cbf980c0ea-AppendLogResponseHandler: follower responses appendEntries COMPLETED
2020-12-26 01:57:54,104 [grpc-default-executor-4] INFO  leader.FollowerInfo (FollowerInfoImpl.java:lambda$new$0(46)) - c7c2d1d0-24bf-4086-b8ac-f9c9c7e07f42@group-CBCCC18211C1->a9229adb-278c-43ef-9666-e3cbf980c0ea: nextIndex: updateUnconditionally 3 -> 2
2020-12-26 01:57:54,104 [Command processor thread] INFO  metrics.RatisMetrics (RatisMetrics.java:unregister(43)) - Unregistering Metrics Registry : ratis.server.c7c2d1d0-24bf-4086-b8ac-f9c9c7e07f42@group-CBCCC18211C1
2020-12-26 01:57:54,105 [c7c2d1d0-24bf-4086-b8ac-f9c9c7e07f42@group-CBCCC18211C1-StateMachineUpdater] INFO  ratis.ContainerStateMachine (ContainerStateMachine.java:takeSnapshot(291)) - group-CBCCC18211C1: Taking a snapshot at:(t:2, i:2) file /github/workspace/mnt/ozone/hadoop-ozone/integration-test/target/test-dir/MiniOzoneClusterImpl-b0bbc67e-6e78-4c8b-9c9f-814a2ca087f9/datanode-0/data/ratis/4b3ce42e-715f-4136-a2ae-cbccc18211c1/sm/snapshot.2_2
2020-12-26 01:57:54,106 [Command processor thread] INFO  impl.StateMachineUpdater (StateMachineUpdater.java:stopAndJoin(148)) - c7c2d1d0-24bf-4086-b8ac-f9c9c7e07f42@group-CBCCC18211C1-StateMachineUpdater: set stopIndex = 2
2020-12-26 01:57:54,106 [c7c2d1d0-24bf-4086-b8ac-f9c9c7e07f42@group-CBCCC18211C1-StateMachineUpdater] INFO  ratis.ContainerStateMachine (ContainerStateMachine.java:takeSnapshot(302)) - group-CBCCC18211C1: Finished taking a snapshot at:(t:2, i:2) file:/github/workspace/mnt/ozone/hadoop-ozone/integration-test/target/test-dir/MiniOzoneClusterImpl-b0bbc67e-6e78-4c8b-9c9f-814a2ca087f9/datanode-0/data/ratis/4b3ce42e-715f-4136-a2ae-cbccc18211c1/sm/snapshot.2_2 time:0
2020-12-26 01:57:54,106 [c7c2d1d0-24bf-4086-b8ac-f9c9c7e07f42@group-CBCCC18211C1-StateMachineUpdater] INFO  impl.StateMachineUpdater (StateMachineUpdater.java:takeSnapshot(279)) - c7c2d1d0-24bf-4086-b8ac-f9c9c7e07f42@group-CBCCC18211C1-StateMachineUpdater: Took a snapshot at index 2
2020-12-26 01:57:54,106 [c7c2d1d0-24bf-4086-b8ac-f9c9c7e07f42@group-CBCCC18211C1-StateMachineUpdater] INFO  impl.StateMachineUpdater (StateMachineUpdater.java:lambda$new$0(88)) - c7c2d1d0-24bf-4086-b8ac-f9c9c7e07f42@group-CBCCC18211C1-StateMachineUpdater: snapshotIndex: updateIncreasingly -1 -> 2
2020-12-26 01:57:54,106 [c7c2d1d0-24bf-4086-b8ac-f9c9c7e07f42@group-CBCCC18211C1-StateMachineUpdater] INFO  metrics.RatisMetrics (RatisMetrics.java:unregister(43)) - Unregistering Metrics Registry : ratis.state_machine.c7c2d1d0-24bf-4086-b8ac-f9c9c7e07f42@group-CBCCC18211C1
2020-12-26 01:57:54,107 [Command processor thread] INFO  server.RaftServer$Division (ServerState.java:close(406)) - c7c2d1d0-24bf-4086-b8ac-f9c9c7e07f42@group-CBCCC18211C1: closes. applyIndex: 2
2020-12-26 01:57:54,107 [Command processor thread] INFO  server.RaftServer (RaftServerProxy.java:addNew(93)) - 16d33d7f-de85-4153-a986-8f085dcb09ff: addNew group-CFB692A00539:[a9229adb-278c-43ef-9666-e3cbf980c0ea|rpc:172.17.0.2:43985, 16d33d7f-de85-4153-a986-8f085dcb09ff|rpc:172.17.0.2:35329, c7c2d1d0-24bf-4086-b8ac-f9c9c7e07f42|rpc:172.17.0.2:44251] returns group-CFB692A00539:java.util.concurrent.CompletableFuture@1b7702b8[Not completed]
2020-12-26 01:57:54,107 [pool-746-thread-1] INFO  server.RaftServer$Division (RaftServerImpl.java:<init>(173)) - 16d33d7f-de85-4153-a986-8f085dcb09ff: new RaftServerImpl for group-CFB692A00539:[a9229adb-278c-43ef-9666-e3cbf980c0ea|rpc:172.17.0.2:43985, 16d33d7f-de85-4153-a986-8f085dcb09ff|rpc:172.17.0.2:35329, c7c2d1d0-24bf-4086-b8ac-f9c9c7e07f42|rpc:172.17.0.2:44251] with ContainerStateMachine:uninitialized
2020-12-26 01:57:54,108 [pool-746-thread-1] INFO  server.RaftServerConfigKeys (ConfUtils.java:logGet(44)) - raft.server.rpc.timeout.min = 5s (custom)
2020-12-26 01:57:54,108 [pool-746-thread-1] INFO  server.RaftServerConfigKeys (ConfUtils.java:logGet(44)) - raft.server.rpc.timeout.max = 5200ms (custom)
2020-12-26 01:57:54,108 [pool-746-thread-1] INFO  server.RaftServerConfigKeys (ConfUtils.java:logGet(44)) - raft.server.rpc.sleep.time = 25ms (default)
2020-12-26 01:57:54,108 [pool-746-thread-1] INFO  server.RaftServerConfigKeys (ConfUtils.java:logGet(44)) - raft.server.rpc.slowness.timeout = 300000ms (custom)
2020-12-26 01:57:54,108 [pool-746-thread-1] INFO  server.RaftServerConfigKeys (ConfUtils.java:logGet(44)) - raft.server.leaderelection.leader.step-down.wait-time = 10s (default)
2020-12-26 01:57:54,108 [pool-746-thread-1] INFO  server.RaftServerConfigKeys (ConfUtils.java:logGet(44)) - raft.server.sleep.deviation.threshold = 300ms (default)
2020-12-26 01:57:54,108 [pool-746-thread-1] INFO  server.RaftServerConfigKeys (ConfUtils.java:logGet(44)) - raft.server.log.appender.install.snapshot.enabled = false (custom)
2020-12-26 01:57:54,108 [pool-746-thread-1] INFO  server.RaftServer$Division (ServerState.java:<init>(104)) - 16d33d7f-de85-4153-a986-8f085dcb09ff@group-CFB692A00539: ConfigurationManager, init=-1: [a9229adb-278c-43ef-9666-e3cbf980c0ea|rpc:172.17.0.2:43985, 16d33d7f-de85-4153-a986-8f085dcb09ff|rpc:172.17.0.2:35329, c7c2d1d0-24bf-4086-b8ac-f9c9c7e07f42|rpc:172.17.0.2:44251], old=null, confs=<EMPTY_MAP>
2020-12-26 01:57:54,108 [pool-746-thread-1] INFO  server.RaftServerConfigKeys (ConfUtils.java:logGet(44)) - raft.server.storage.dir = [/github/workspace/mnt/ozone/hadoop-ozone/integration-test/target/test-dir/MiniOzoneClusterImpl-b0bbc67e-6e78-4c8b-9c9f-814a2ca087f9/datanode-6/data/ratis] (custom)
2020-12-26 01:57:54,109 [pool-746-thread-1] INFO  server.RaftServerConfigKeys (ConfUtils.java:logGet(44)) - raft.server.log.corruption.policy = EXCEPTION (default)
2020-12-26 01:57:54,109 [pool-746-thread-1] INFO  storage.RaftStorageDirectory (RaftStorageDirectory.java:analyzeStorage(260)) - The storage directory /github/workspace/mnt/ozone/hadoop-ozone/integration-test/target/test-dir/MiniOzoneClusterImpl-b0bbc67e-6e78-4c8b-9c9f-814a2ca087f9/datanode-6/data/ratis/573e7393-093f-4e60-978a-cfb692a00539 does not exist. Creating ...
2020-12-26 01:57:54,109 [c7c2d1d0-24bf-4086-b8ac-f9c9c7e07f42@group-CBCCC18211C1-SegmentedRaftLogWorker] INFO  segmented.SegmentedRaftLogWorker (SegmentedRaftLogWorker.java:run(326)) - c7c2d1d0-24bf-4086-b8ac-f9c9c7e07f42@group-CBCCC18211C1-SegmentedRaftLogWorker was interrupted, exiting. There are 0 tasks remaining in the queue.
2020-12-26 01:57:54,110 [pool-746-thread-1] INFO  storage.RaftStorageDirectory (RaftStorageDirectory.java:tryLock(342)) - Lock on /github/workspace/mnt/ozone/hadoop-ozone/integration-test/target/test-dir/MiniOzoneClusterImpl-b0bbc67e-6e78-4c8b-9c9f-814a2ca087f9/datanode-6/data/ratis/573e7393-093f-4e60-978a-cfb692a00539/in_use.lock acquired by nodename 7066@140068b710f1
2020-12-26 01:57:54,111 [Command processor thread] INFO  segmented.SegmentedRaftLogWorker (SegmentedRaftLogWorker.java:close(236)) - c7c2d1d0-24bf-4086-b8ac-f9c9c7e07f42@group-CBCCC18211C1-SegmentedRaftLogWorker close()
2020-12-26 01:57:54,111 [pool-746-thread-1] INFO  storage.RaftStorage (RaftStorage.java:format(89)) - Storage directory /github/workspace/mnt/ozone/hadoop-ozone/integration-test/target/test-dir/MiniOzoneClusterImpl-b0bbc67e-6e78-4c8b-9c9f-814a2ca087f9/datanode-6/data/ratis/573e7393-093f-4e60-978a-cfb692a00539 has been successfully formatted.
2020-12-26 01:57:54,112 [pool-746-thread-1] INFO  ratis.ContainerStateMachine (ContainerStateMachine.java:loadSnapshot(223)) - group-CFB692A00539: The snapshot info is null. Setting the last applied indexto:(t:0, i:~)
2020-12-26 01:57:54,112 [pool-746-thread-1] ERROR storage.RaftStorage (RaftStorage.java:readRaftConfiguration(152)) - Failed reading configuration from file:/github/workspace/mnt/ozone/hadoop-ozone/integration-test/target/test-dir/MiniOzoneClusterImpl-b0bbc67e-6e78-4c8b-9c9f-814a2ca087f9/datanode-6/data/ratis/573e7393-093f-4e60-978a-cfb692a00539/current/raft-meta.conf
java.io.FileNotFoundException: /github/workspace/mnt/ozone/hadoop-ozone/integration-test/target/test-dir/MiniOzoneClusterImpl-b0bbc67e-6e78-4c8b-9c9f-814a2ca087f9/datanode-6/data/ratis/573e7393-093f-4e60-978a-cfb692a00539/current/raft-meta.conf (No such file or directory)
	at java.io.FileInputStream.open0(Native Method)
	at java.io.FileInputStream.open(FileInputStream.java:195)
	at java.io.FileInputStream.<init>(FileInputStream.java:138)
	at org.apache.ratis.server.storage.RaftStorage.readRaftConfiguration(RaftStorage.java:148)
	at org.apache.ratis.server.impl.ServerState.initStatemachine(ServerState.java:167)
	at org.apache.ratis.server.impl.ServerState.<init>(ServerState.java:112)
	at org.apache.ratis.server.impl.RaftServerImpl.<init>(RaftServerImpl.java:186)
	at org.apache.ratis.server.impl.RaftServerProxy.lambda$newRaftServerImpl$4(RaftServerProxy.java:264)
	at java.util.concurrent.CompletableFuture$AsyncSupply.run(CompletableFuture.java:1604)
	at java.util.concurrent.ThreadPoolExecutor.runWorker(ThreadPoolExecutor.java:1149)
	at java.util.concurrent.ThreadPoolExecutor$Worker.run(ThreadPoolExecutor.java:624)
	at java.lang.Thread.run(Thread.java:748)
2020-12-26 01:57:54,122 [pool-746-thread-1] INFO  server.RaftServerConfigKeys (ConfUtils.java:logGet(44)) - raft.server.notification.no-leader.timeout = 300000ms (custom)
2020-12-26 01:57:54,122 [pool-746-thread-1] INFO  server.RaftServerConfigKeys (ConfUtils.java:logGet(44)) - raft.server.log.use.memory = false (default)
2020-12-26 01:57:54,122 [pool-746-thread-1] INFO  server.RaftServerConfigKeys (ConfUtils.java:logGet(44)) - raft.server.log.purge.gap = 1000000 (custom)
2020-12-26 01:57:54,122 [pool-746-thread-1] INFO  metrics.RatisMetrics (RatisMetrics.java:lambda$create$0(36)) - Creating Metrics Registry : ratis.log_worker.16d33d7f-de85-4153-a986-8f085dcb09ff@group-CFB692A00539
2020-12-26 01:57:54,122 [pool-746-thread-1] INFO  server.RaftServerConfigKeys (ConfUtils.java:logGet(44)) - raft.server.log.appender.buffer.byte-limit = 33554432 (custom)
2020-12-26 01:57:54,122 [pool-746-thread-1] INFO  server.RaftServerConfigKeys (ConfUtils.java:logGet(44)) - raft.server.log.segment.size.max = 1048576 (custom)
2020-12-26 01:57:54,123 [pool-746-thread-1] INFO  server.RaftServerConfigKeys (ConfUtils.java:logGet(44)) - raft.server.log.segment.cache.num.max = 2 (custom)
2020-12-26 01:57:54,123 [pool-746-thread-1] INFO  server.RaftServerConfigKeys (ConfUtils.java:logGet(44)) - raft.server.log.segment.cache.size.max = 200MB (=209715200) (default)
2020-12-26 01:57:54,123 [pool-746-thread-1] INFO  segmented.SegmentedRaftLogWorker (SegmentedRaftLogWorker.java:<init>(181)) - new 16d33d7f-de85-4153-a986-8f085dcb09ff@group-CFB692A00539-SegmentedRaftLogWorker for RaftStorage:Storage Directory /github/workspace/mnt/ozone/hadoop-ozone/integration-test/target/test-dir/MiniOzoneClusterImpl-b0bbc67e-6e78-4c8b-9c9f-814a2ca087f9/datanode-6/data/ratis/573e7393-093f-4e60-978a-cfb692a00539
2020-12-26 01:57:54,123 [pool-746-thread-1] INFO  server.RaftServerConfigKeys (ConfUtils.java:logGet(44)) - raft.server.log.queue.byte-limit = 2147483647 (custom)
2020-12-26 01:57:54,123 [pool-746-thread-1] INFO  server.RaftServerConfigKeys (ConfUtils.java:logGet(44)) - raft.server.log.queue.element-limit = 1024 (custom)
2020-12-26 01:57:54,123 [pool-746-thread-1] INFO  server.RaftServerConfigKeys (ConfUtils.java:logGet(44)) - raft.server.log.segment.size.max = 1048576 (custom)
2020-12-26 01:57:54,123 [pool-746-thread-1] INFO  server.RaftServerConfigKeys (ConfUtils.java:logGet(44)) - raft.server.log.preallocated.size = 16384 (custom)
2020-12-26 01:57:54,123 [pool-746-thread-1] INFO  server.RaftServerConfigKeys (ConfUtils.java:logGet(44)) - raft.server.log.force.sync.num = 128 (default)
2020-12-26 01:57:54,123 [pool-746-thread-1] INFO  server.RaftServerConfigKeys (ConfUtils.java:logGet(44)) - raft.server.log.statemachine.data.sync = true (default)
2020-12-26 01:57:54,123 [pool-746-thread-1] INFO  server.RaftServerConfigKeys (ConfUtils.java:logGet(44)) - raft.server.log.statemachine.data.sync.timeout = 10s (default)
2020-12-26 01:57:54,123 [pool-746-thread-1] INFO  server.RaftServerConfigKeys (ConfUtils.java:logGet(44)) - raft.server.log.statemachine.data.sync.timeout.retry = -1 (default)
2020-12-26 01:57:54,125 [pool-746-thread-1] INFO  server.RaftServerConfigKeys (ConfUtils.java:logGet(44)) - raft.server.log.write.buffer.size = 1048576 (custom)
2020-12-26 01:57:54,126 [pool-746-thread-1] INFO  server.RaftServerConfigKeys (ConfUtils.java:logGet(44)) - raft.server.log.statemachine.data.caching.enabled = true (custom)
2020-12-26 01:57:54,126 [pool-746-thread-1] INFO  segmented.SegmentedRaftLogWorker (SegmentedRaftLogWorker.java:lambda$new$0(132)) - 16d33d7f-de85-4153-a986-8f085dcb09ff@group-CFB692A00539-SegmentedRaftLogWorker: flushIndex: setUnconditionally 0 -> -1
2020-12-26 01:57:54,126 [pool-746-thread-1] INFO  segmented.SegmentedRaftLogWorker (SegmentedRaftLogWorker.java:lambda$new$0(132)) - 16d33d7f-de85-4153-a986-8f085dcb09ff@group-CFB692A00539-SegmentedRaftLogWorker: safeCacheEvictIndex: setUnconditionally 0 -> -1
2020-12-26 01:57:54,131 [pool-746-thread-1] INFO  server.RaftServerConfigKeys (ConfUtils.java:logGet(44)) - raft.server.snapshot.auto.trigger.enabled = true (custom)
2020-12-26 01:57:54,131 [pool-746-thread-1] INFO  server.RaftServerConfigKeys (ConfUtils.java:logGet(44)) - raft.server.snapshot.auto.trigger.threshold = 10000 (custom)
2020-12-26 01:57:54,131 [pool-746-thread-1] INFO  server.RaftServerConfigKeys (ConfUtils.java:logGet(44)) - raft.server.snapshot.retention.file.num = 5 (custom)
2020-12-26 01:57:54,131 [pool-746-thread-1] INFO  server.RaftServerConfigKeys (ConfUtils.java:logGet(44)) - raft.server.log.purge.upto.snapshot.index = false (default)
2020-12-26 01:57:54,131 [pool-746-thread-1] INFO  server.RaftServerConfigKeys (ConfUtils.java:logGet(44)) - raft.server.retrycache.expirytime = 600000ms (custom)
2020-12-26 01:57:54,131 [pool-746-thread-1] INFO  server.RaftServerConfigKeys (ConfUtils.java:logGet(44)) - raft.server.retrycache.statistics.expirytime = 100?s (default)
2020-12-26 01:57:54,131 [pool-746-thread-1] INFO  metrics.RatisMetrics (RatisMetrics.java:lambda$create$0(36)) - Creating Metrics Registry : ratis.leader_election.16d33d7f-de85-4153-a986-8f085dcb09ff@group-CFB692A00539
2020-12-26 01:57:54,132 [pool-746-thread-1] INFO  metrics.RatisMetrics (RatisMetrics.java:lambda$create$0(36)) - Creating Metrics Registry : ratis.server.16d33d7f-de85-4153-a986-8f085dcb09ff@group-CFB692A00539
2020-12-26 01:57:54,134 [pool-746-thread-1] INFO  server.RaftServer$Division (RaftServerImpl.java:start(286)) - 16d33d7f-de85-4153-a986-8f085dcb09ff@group-CFB692A00539: start as a follower, conf=-1: [a9229adb-278c-43ef-9666-e3cbf980c0ea|rpc:172.17.0.2:43985, 16d33d7f-de85-4153-a986-8f085dcb09ff|rpc:172.17.0.2:35329, c7c2d1d0-24bf-4086-b8ac-f9c9c7e07f42|rpc:172.17.0.2:44251], old=null
2020-12-26 01:57:54,139 [pool-746-thread-1] INFO  server.RaftServer$Division (RaftServerImpl.java:setRole(275)) - 16d33d7f-de85-4153-a986-8f085dcb09ff@group-CFB692A00539: changes role from      null to FOLLOWER at term 0 for startAsFollower
2020-12-26 01:57:54,139 [pool-746-thread-1] INFO  impl.RoleInfo (RoleInfo.java:updateAndGet(130)) - 16d33d7f-de85-4153-a986-8f085dcb09ff: start 16d33d7f-de85-4153-a986-8f085dcb09ff@group-CFB692A00539-FollowerState
2020-12-26 01:57:54,140 [Command processor thread] INFO  metrics.RatisMetrics (RatisMetrics.java:unregister(43)) - Unregistering Metrics Registry : ratis.log_worker.c7c2d1d0-24bf-4086-b8ac-f9c9c7e07f42@group-CBCCC18211C1
2020-12-26 01:57:54,140 [Command processor thread] INFO  metrics.RatisMetrics (RatisMetrics.java:unregister(43)) - Unregistering Metrics Registry : ratis.leader_election.c7c2d1d0-24bf-4086-b8ac-f9c9c7e07f42@group-CBCCC18211C1
2020-12-26 01:57:54,145 [pool-746-thread-1] INFO  util.JmxRegister (JmxRegister.java:tryRegister(44)) - Successfully registered JMX Bean with object name Ratis:service=RaftServer,group=group-CFB692A00539,id=16d33d7f-de85-4153-a986-8f085dcb09ff
2020-12-26 01:57:54,145 [pool-746-thread-1] INFO  metrics.RatisMetrics (RatisMetrics.java:lambda$create$0(36)) - Creating Metrics Registry : ratis.state_machine.16d33d7f-de85-4153-a986-8f085dcb09ff@group-CFB692A00539
2020-12-26 01:57:54,145 [Command processor thread] INFO  metrics.RatisMetrics (RatisMetrics.java:unregister(43)) - Unregistering Metrics Registry : ratis.server.c7c2d1d0-24bf-4086-b8ac-f9c9c7e07f42@group-CBCCC18211C1
2020-12-26 01:57:54,146 [Command processor thread] INFO  server.RaftServer$Division (RaftServerImpl.java:groupRemove(367)) - c7c2d1d0-24bf-4086-b8ac-f9c9c7e07f42@group-CBCCC18211C1: Succeed to remove RaftStorageDirectory Storage Directory /github/workspace/mnt/ozone/hadoop-ozone/integration-test/target/test-dir/MiniOzoneClusterImpl-b0bbc67e-6e78-4c8b-9c9f-814a2ca087f9/datanode-0/data/ratis/4b3ce42e-715f-4136-a2ae-cbccc18211c1
2020-12-26 01:57:54,146 [Command processor thread] INFO  commandhandler.ClosePipelineCommandHandler (ClosePipelineCommandHandler.java:handle(75)) - Close Pipeline PipelineID=4b3ce42e-715f-4136-a2ae-cbccc18211c1 command on datanode c7c2d1d0-24bf-4086-b8ac-f9c9c7e07f42.
2020-12-26 01:57:54,146 [Command processor thread] INFO  server.RaftServer (RaftServerProxy.java:addNew(93)) - c7c2d1d0-24bf-4086-b8ac-f9c9c7e07f42: addNew group-CFB692A00539:[a9229adb-278c-43ef-9666-e3cbf980c0ea|rpc:172.17.0.2:43985, 16d33d7f-de85-4153-a986-8f085dcb09ff|rpc:172.17.0.2:35329, c7c2d1d0-24bf-4086-b8ac-f9c9c7e07f42|rpc:172.17.0.2:44251] returns group-CFB692A00539:java.util.concurrent.CompletableFuture@23990729[Not completed]
2020-12-26 01:57:54,147 [pool-650-thread-1] INFO  server.RaftServer$Division (RaftServerImpl.java:<init>(173)) - c7c2d1d0-24bf-4086-b8ac-f9c9c7e07f42: new RaftServerImpl for group-CFB692A00539:[a9229adb-278c-43ef-9666-e3cbf980c0ea|rpc:172.17.0.2:43985, 16d33d7f-de85-4153-a986-8f085dcb09ff|rpc:172.17.0.2:35329, c7c2d1d0-24bf-4086-b8ac-f9c9c7e07f42|rpc:172.17.0.2:44251] with ContainerStateMachine:uninitialized
2020-12-26 01:57:54,147 [pool-650-thread-1] INFO  server.RaftServerConfigKeys (ConfUtils.java:logGet(44)) - raft.server.rpc.timeout.min = 5s (custom)
2020-12-26 01:57:54,147 [pool-650-thread-1] INFO  server.RaftServerConfigKeys (ConfUtils.java:logGet(44)) - raft.server.rpc.timeout.max = 5200ms (custom)
2020-12-26 01:57:54,147 [pool-650-thread-1] INFO  server.RaftServerConfigKeys (ConfUtils.java:logGet(44)) - raft.server.rpc.sleep.time = 25ms (default)
2020-12-26 01:57:54,147 [pool-650-thread-1] INFO  server.RaftServerConfigKeys (ConfUtils.java:logGet(44)) - raft.server.rpc.slowness.timeout = 300000ms (custom)
2020-12-26 01:57:54,147 [pool-650-thread-1] INFO  server.RaftServerConfigKeys (ConfUtils.java:logGet(44)) - raft.server.leaderelection.leader.step-down.wait-time = 10s (default)
2020-12-26 01:57:54,147 [pool-650-thread-1] INFO  server.RaftServerConfigKeys (ConfUtils.java:logGet(44)) - raft.server.sleep.deviation.threshold = 300ms (default)
2020-12-26 01:57:54,147 [pool-650-thread-1] INFO  server.RaftServerConfigKeys (ConfUtils.java:logGet(44)) - raft.server.log.appender.install.snapshot.enabled = false (custom)
2020-12-26 01:57:54,147 [Command processor thread] INFO  metrics.RatisMetrics (RatisMetrics.java:lambda$create$0(36)) - Creating Metrics Registry : ratis.client_message_metrics.client-C2AEF5D135D9->c7c2d1d0-24bf-4086-b8ac-f9c9c7e07f42
2020-12-26 01:57:54,147 [pool-650-thread-1] INFO  server.RaftServer$Division (ServerState.java:<init>(104)) - c7c2d1d0-24bf-4086-b8ac-f9c9c7e07f42@group-CFB692A00539: ConfigurationManager, init=-1: [a9229adb-278c-43ef-9666-e3cbf980c0ea|rpc:172.17.0.2:43985, 16d33d7f-de85-4153-a986-8f085dcb09ff|rpc:172.17.0.2:35329, c7c2d1d0-24bf-4086-b8ac-f9c9c7e07f42|rpc:172.17.0.2:44251], old=null, confs=<EMPTY_MAP>
2020-12-26 01:57:54,147 [pool-650-thread-1] INFO  server.RaftServerConfigKeys (ConfUtils.java:logGet(44)) - raft.server.storage.dir = [/github/workspace/mnt/ozone/hadoop-ozone/integration-test/target/test-dir/MiniOzoneClusterImpl-b0bbc67e-6e78-4c8b-9c9f-814a2ca087f9/datanode-0/data/ratis] (custom)
2020-12-26 01:57:54,148 [pool-650-thread-1] INFO  server.RaftServerConfigKeys (ConfUtils.java:logGet(44)) - raft.server.log.corruption.policy = EXCEPTION (default)
2020-12-26 01:57:54,148 [pool-650-thread-1] INFO  storage.RaftStorageDirectory (RaftStorageDirectory.java:analyzeStorage(260)) - The storage directory /github/workspace/mnt/ozone/hadoop-ozone/integration-test/target/test-dir/MiniOzoneClusterImpl-b0bbc67e-6e78-4c8b-9c9f-814a2ca087f9/datanode-0/data/ratis/573e7393-093f-4e60-978a-cfb692a00539 does not exist. Creating ...
2020-12-26 01:57:54,149 [pool-650-thread-1] INFO  storage.RaftStorageDirectory (RaftStorageDirectory.java:tryLock(342)) - Lock on /github/workspace/mnt/ozone/hadoop-ozone/integration-test/target/test-dir/MiniOzoneClusterImpl-b0bbc67e-6e78-4c8b-9c9f-814a2ca087f9/datanode-0/data/ratis/573e7393-093f-4e60-978a-cfb692a00539/in_use.lock acquired by nodename 7066@140068b710f1
2020-12-26 01:57:54,151 [pool-650-thread-1] INFO  storage.RaftStorage (RaftStorage.java:format(89)) - Storage directory /github/workspace/mnt/ozone/hadoop-ozone/integration-test/target/test-dir/MiniOzoneClusterImpl-b0bbc67e-6e78-4c8b-9c9f-814a2ca087f9/datanode-0/data/ratis/573e7393-093f-4e60-978a-cfb692a00539 has been successfully formatted.
2020-12-26 01:57:54,152 [pool-650-thread-1] INFO  ratis.ContainerStateMachine (ContainerStateMachine.java:loadSnapshot(223)) - group-CFB692A00539: The snapshot info is null. Setting the last applied indexto:(t:0, i:~)
2020-12-26 01:57:54,152 [pool-650-thread-1] ERROR storage.RaftStorage (RaftStorage.java:readRaftConfiguration(152)) - Failed reading configuration from file:/github/workspace/mnt/ozone/hadoop-ozone/integration-test/target/test-dir/MiniOzoneClusterImpl-b0bbc67e-6e78-4c8b-9c9f-814a2ca087f9/datanode-0/data/ratis/573e7393-093f-4e60-978a-cfb692a00539/current/raft-meta.conf
java.io.FileNotFoundException: /github/workspace/mnt/ozone/hadoop-ozone/integration-test/target/test-dir/MiniOzoneClusterImpl-b0bbc67e-6e78-4c8b-9c9f-814a2ca087f9/datanode-0/data/ratis/573e7393-093f-4e60-978a-cfb692a00539/current/raft-meta.conf (No such file or directory)
	at java.io.FileInputStream.open0(Native Method)
	at java.io.FileInputStream.open(FileInputStream.java:195)
	at java.io.FileInputStream.<init>(FileInputStream.java:138)
	at org.apache.ratis.server.storage.RaftStorage.readRaftConfiguration(RaftStorage.java:148)
	at org.apache.ratis.server.impl.ServerState.initStatemachine(ServerState.java:167)
	at org.apache.ratis.server.impl.ServerState.<init>(ServerState.java:112)
	at org.apache.ratis.server.impl.RaftServerImpl.<init>(RaftServerImpl.java:186)
	at org.apache.ratis.server.impl.RaftServerProxy.lambda$newRaftServerImpl$4(RaftServerProxy.java:264)
	at java.util.concurrent.CompletableFuture$AsyncSupply.run(CompletableFuture.java:1604)
	at java.util.concurrent.ThreadPoolExecutor.runWorker(ThreadPoolExecutor.java:1149)
	at java.util.concurrent.ThreadPoolExecutor$Worker.run(ThreadPoolExecutor.java:624)
	at java.lang.Thread.run(Thread.java:748)
2020-12-26 01:57:54,152 [pool-650-thread-1] INFO  server.RaftServerConfigKeys (ConfUtils.java:logGet(44)) - raft.server.notification.no-leader.timeout = 300000ms (custom)
2020-12-26 01:57:54,152 [pool-650-thread-1] INFO  server.RaftServerConfigKeys (ConfUtils.java:logGet(44)) - raft.server.log.use.memory = false (default)
2020-12-26 01:57:54,152 [pool-650-thread-1] INFO  server.RaftServerConfigKeys (ConfUtils.java:logGet(44)) - raft.server.log.purge.gap = 1000000 (custom)
2020-12-26 01:57:54,152 [pool-650-thread-1] INFO  metrics.RatisMetrics (RatisMetrics.java:lambda$create$0(36)) - Creating Metrics Registry : ratis.log_worker.c7c2d1d0-24bf-4086-b8ac-f9c9c7e07f42@group-CFB692A00539
2020-12-26 01:57:54,153 [pool-650-thread-1] INFO  server.RaftServerConfigKeys (ConfUtils.java:logGet(44)) - raft.server.log.appender.buffer.byte-limit = 33554432 (custom)
2020-12-26 01:57:54,153 [pool-650-thread-1] INFO  server.RaftServerConfigKeys (ConfUtils.java:logGet(44)) - raft.server.log.segment.size.max = 1048576 (custom)
2020-12-26 01:57:54,154 [pool-650-thread-1] INFO  server.RaftServerConfigKeys (ConfUtils.java:logGet(44)) - raft.server.log.segment.cache.num.max = 2 (custom)
2020-12-26 01:57:54,154 [pool-650-thread-1] INFO  server.RaftServerConfigKeys (ConfUtils.java:logGet(44)) - raft.server.log.segment.cache.size.max = 200MB (=209715200) (default)
2020-12-26 01:57:54,154 [pool-650-thread-1] INFO  segmented.SegmentedRaftLogWorker (SegmentedRaftLogWorker.java:<init>(181)) - new c7c2d1d0-24bf-4086-b8ac-f9c9c7e07f42@group-CFB692A00539-SegmentedRaftLogWorker for RaftStorage:Storage Directory /github/workspace/mnt/ozone/hadoop-ozone/integration-test/target/test-dir/MiniOzoneClusterImpl-b0bbc67e-6e78-4c8b-9c9f-814a2ca087f9/datanode-0/data/ratis/573e7393-093f-4e60-978a-cfb692a00539
2020-12-26 01:57:54,154 [pool-650-thread-1] INFO  server.RaftServerConfigKeys (ConfUtils.java:logGet(44)) - raft.server.log.queue.byte-limit = 2147483647 (custom)
2020-12-26 01:57:54,155 [pool-650-thread-1] INFO  server.RaftServerConfigKeys (ConfUtils.java:logGet(44)) - raft.server.log.queue.element-limit = 1024 (custom)
2020-12-26 01:57:54,155 [pool-650-thread-1] INFO  server.RaftServerConfigKeys (ConfUtils.java:logGet(44)) - raft.server.log.segment.size.max = 1048576 (custom)
2020-12-26 01:57:54,155 [pool-650-thread-1] INFO  server.RaftServerConfigKeys (ConfUtils.java:logGet(44)) - raft.server.log.preallocated.size = 16384 (custom)
2020-12-26 01:57:54,155 [pool-650-thread-1] INFO  server.RaftServerConfigKeys (ConfUtils.java:logGet(44)) - raft.server.log.force.sync.num = 128 (default)
2020-12-26 01:57:54,155 [pool-650-thread-1] INFO  server.RaftServerConfigKeys (ConfUtils.java:logGet(44)) - raft.server.log.statemachine.data.sync = true (default)
2020-12-26 01:57:54,156 [pool-650-thread-1] INFO  server.RaftServerConfigKeys (ConfUtils.java:logGet(44)) - raft.server.log.statemachine.data.sync.timeout = 10s (default)
2020-12-26 01:57:54,156 [pool-650-thread-1] INFO  server.RaftServerConfigKeys (ConfUtils.java:logGet(44)) - raft.server.log.statemachine.data.sync.timeout.retry = -1 (default)
2020-12-26 01:57:54,163 [pool-650-thread-1] INFO  server.RaftServerConfigKeys (ConfUtils.java:logGet(44)) - raft.server.log.write.buffer.size = 1048576 (custom)
2020-12-26 01:57:54,165 [pool-650-thread-1] INFO  server.RaftServerConfigKeys (ConfUtils.java:logGet(44)) - raft.server.log.statemachine.data.caching.enabled = true (custom)
2020-12-26 01:57:54,166 [pool-650-thread-1] INFO  segmented.SegmentedRaftLogWorker (SegmentedRaftLogWorker.java:lambda$new$0(132)) - c7c2d1d0-24bf-4086-b8ac-f9c9c7e07f42@group-CFB692A00539-SegmentedRaftLogWorker: flushIndex: setUnconditionally 0 -> -1
2020-12-26 01:57:54,167 [pool-650-thread-1] INFO  segmented.SegmentedRaftLogWorker (SegmentedRaftLogWorker.java:lambda$new$0(132)) - c7c2d1d0-24bf-4086-b8ac-f9c9c7e07f42@group-CFB692A00539-SegmentedRaftLogWorker: safeCacheEvictIndex: setUnconditionally 0 -> -1
2020-12-26 01:57:54,167 [pool-650-thread-1] INFO  server.RaftServerConfigKeys (ConfUtils.java:logGet(44)) - raft.server.snapshot.auto.trigger.enabled = true (custom)
2020-12-26 01:57:54,167 [pool-650-thread-1] INFO  server.RaftServerConfigKeys (ConfUtils.java:logGet(44)) - raft.server.snapshot.auto.trigger.threshold = 10000 (custom)
2020-12-26 01:57:54,167 [pool-650-thread-1] INFO  server.RaftServerConfigKeys (ConfUtils.java:logGet(44)) - raft.server.snapshot.retention.file.num = 5 (custom)
2020-12-26 01:57:54,167 [pool-650-thread-1] INFO  server.RaftServerConfigKeys (ConfUtils.java:logGet(44)) - raft.server.log.purge.upto.snapshot.index = false (default)
2020-12-26 01:57:54,167 [pool-650-thread-1] INFO  server.RaftServerConfigKeys (ConfUtils.java:logGet(44)) - raft.server.retrycache.expirytime = 600000ms (custom)
2020-12-26 01:57:54,167 [pool-650-thread-1] INFO  server.RaftServerConfigKeys (ConfUtils.java:logGet(44)) - raft.server.retrycache.statistics.expirytime = 100?s (default)
2020-12-26 01:57:54,167 [pool-650-thread-1] INFO  metrics.RatisMetrics (RatisMetrics.java:lambda$create$0(36)) - Creating Metrics Registry : ratis.leader_election.c7c2d1d0-24bf-4086-b8ac-f9c9c7e07f42@group-CFB692A00539
2020-12-26 01:57:54,168 [pool-650-thread-1] INFO  metrics.RatisMetrics (RatisMetrics.java:lambda$create$0(36)) - Creating Metrics Registry : ratis.server.c7c2d1d0-24bf-4086-b8ac-f9c9c7e07f42@group-CFB692A00539
2020-12-26 01:57:54,169 [pool-650-thread-1] INFO  server.RaftServer$Division (RaftServerImpl.java:start(286)) - c7c2d1d0-24bf-4086-b8ac-f9c9c7e07f42@group-CFB692A00539: start as a follower, conf=-1: [a9229adb-278c-43ef-9666-e3cbf980c0ea|rpc:172.17.0.2:43985, 16d33d7f-de85-4153-a986-8f085dcb09ff|rpc:172.17.0.2:35329, c7c2d1d0-24bf-4086-b8ac-f9c9c7e07f42|rpc:172.17.0.2:44251], old=null
2020-12-26 01:57:54,169 [pool-650-thread-1] INFO  server.RaftServer$Division (RaftServerImpl.java:setRole(275)) - c7c2d1d0-24bf-4086-b8ac-f9c9c7e07f42@group-CFB692A00539: changes role from      null to FOLLOWER at term 0 for startAsFollower
2020-12-26 01:57:54,169 [pool-650-thread-1] INFO  impl.RoleInfo (RoleInfo.java:updateAndGet(130)) - c7c2d1d0-24bf-4086-b8ac-f9c9c7e07f42: start c7c2d1d0-24bf-4086-b8ac-f9c9c7e07f42@group-CFB692A00539-FollowerState
2020-12-26 01:57:54,170 [pool-650-thread-1] INFO  util.JmxRegister (JmxRegister.java:tryRegister(44)) - Successfully registered JMX Bean with object name Ratis:service=RaftServer,group=group-CFB692A00539,id=c7c2d1d0-24bf-4086-b8ac-f9c9c7e07f42
2020-12-26 01:57:54,170 [pool-650-thread-1] INFO  metrics.RatisMetrics (RatisMetrics.java:lambda$create$0(36)) - Creating Metrics Registry : ratis.state_machine.c7c2d1d0-24bf-4086-b8ac-f9c9c7e07f42@group-CFB692A00539
2020-12-26 01:57:54,177 [Command processor thread] INFO  metrics.RatisMetrics (RatisMetrics.java:lambda$create$0(36)) - Creating Metrics Registry : ratis.client_message_metrics.client-92869FC605AD->16d33d7f-de85-4153-a986-8f085dcb09ff
2020-12-26 01:57:54,182 [grpc-default-executor-4] INFO  metrics.RatisMetrics (RatisMetrics.java:lambda$create$0(36)) - Creating Metrics Registry : ratis.server_message_metrics.16d33d7f-de85-4153-a986-8f085dcb09ff
2020-12-26 01:57:54,185 [Command processor thread] INFO  metrics.RatisMetrics (RatisMetrics.java:lambda$create$0(36)) - Creating Metrics Registry : ratis.client_message_metrics.client-9242BD60E96B->a9229adb-278c-43ef-9666-e3cbf980c0ea
2020-12-26 01:57:54,189 [grpc-default-executor-0] INFO  server.RaftServer (RaftServerProxy.java:addNew(93)) - a9229adb-278c-43ef-9666-e3cbf980c0ea: addNew group-CFB692A00539:[a9229adb-278c-43ef-9666-e3cbf980c0ea|rpc:172.17.0.2:43985|dataStream:, 16d33d7f-de85-4153-a986-8f085dcb09ff|rpc:172.17.0.2:35329|dataStream:, c7c2d1d0-24bf-4086-b8ac-f9c9c7e07f42|rpc:172.17.0.2:44251|dataStream:] returns group-CFB692A00539:java.util.concurrent.CompletableFuture@6136c8b6[Not completed]
2020-12-26 01:57:54,200 [pool-666-thread-1] INFO  server.RaftServer$Division (RaftServerImpl.java:<init>(173)) - a9229adb-278c-43ef-9666-e3cbf980c0ea: new RaftServerImpl for group-CFB692A00539:[a9229adb-278c-43ef-9666-e3cbf980c0ea|rpc:172.17.0.2:43985|dataStream:, 16d33d7f-de85-4153-a986-8f085dcb09ff|rpc:172.17.0.2:35329|dataStream:, c7c2d1d0-24bf-4086-b8ac-f9c9c7e07f42|rpc:172.17.0.2:44251|dataStream:] with ContainerStateMachine:uninitialized
2020-12-26 01:57:54,200 [pool-666-thread-1] INFO  server.RaftServerConfigKeys (ConfUtils.java:logGet(44)) - raft.server.rpc.timeout.min = 5s (custom)
2020-12-26 01:57:54,200 [pool-666-thread-1] INFO  server.RaftServerConfigKeys (ConfUtils.java:logGet(44)) - raft.server.rpc.timeout.max = 5200ms (custom)
2020-12-26 01:57:54,200 [pool-666-thread-1] INFO  server.RaftServerConfigKeys (ConfUtils.java:logGet(44)) - raft.server.rpc.sleep.time = 25ms (default)
2020-12-26 01:57:54,200 [pool-666-thread-1] INFO  server.RaftServerConfigKeys (ConfUtils.java:logGet(44)) - raft.server.rpc.slowness.timeout = 300000ms (custom)
2020-12-26 01:57:54,200 [pool-666-thread-1] INFO  server.RaftServerConfigKeys (ConfUtils.java:logGet(44)) - raft.server.leaderelection.leader.step-down.wait-time = 10s (default)
2020-12-26 01:57:54,200 [pool-666-thread-1] INFO  server.RaftServerConfigKeys (ConfUtils.java:logGet(44)) - raft.server.sleep.deviation.threshold = 300ms (default)
2020-12-26 01:57:54,200 [pool-666-thread-1] INFO  server.RaftServerConfigKeys (ConfUtils.java:logGet(44)) - raft.server.log.appender.install.snapshot.enabled = false (custom)
2020-12-26 01:57:54,200 [pool-666-thread-1] INFO  server.RaftServer$Division (ServerState.java:<init>(104)) - a9229adb-278c-43ef-9666-e3cbf980c0ea@group-CFB692A00539: ConfigurationManager, init=-1: [a9229adb-278c-43ef-9666-e3cbf980c0ea|rpc:172.17.0.2:43985|dataStream:, 16d33d7f-de85-4153-a986-8f085dcb09ff|rpc:172.17.0.2:35329|dataStream:, c7c2d1d0-24bf-4086-b8ac-f9c9c7e07f42|rpc:172.17.0.2:44251|dataStream:], old=null, confs=<EMPTY_MAP>
2020-12-26 01:57:54,200 [pool-666-thread-1] INFO  server.RaftServerConfigKeys (ConfUtils.java:logGet(44)) - raft.server.storage.dir = [/github/workspace/mnt/ozone/hadoop-ozone/integration-test/target/test-dir/MiniOzoneClusterImpl-b0bbc67e-6e78-4c8b-9c9f-814a2ca087f9/datanode-1/data/ratis] (custom)
2020-12-26 01:57:54,201 [pool-666-thread-1] INFO  server.RaftServerConfigKeys (ConfUtils.java:logGet(44)) - raft.server.log.corruption.policy = EXCEPTION (default)
2020-12-26 01:57:54,201 [pool-666-thread-1] INFO  storage.RaftStorageDirectory (RaftStorageDirectory.java:analyzeStorage(260)) - The storage directory /github/workspace/mnt/ozone/hadoop-ozone/integration-test/target/test-dir/MiniOzoneClusterImpl-b0bbc67e-6e78-4c8b-9c9f-814a2ca087f9/datanode-1/data/ratis/573e7393-093f-4e60-978a-cfb692a00539 does not exist. Creating ...
2020-12-26 01:57:54,202 [pool-666-thread-1] INFO  storage.RaftStorageDirectory (RaftStorageDirectory.java:tryLock(342)) - Lock on /github/workspace/mnt/ozone/hadoop-ozone/integration-test/target/test-dir/MiniOzoneClusterImpl-b0bbc67e-6e78-4c8b-9c9f-814a2ca087f9/datanode-1/data/ratis/573e7393-093f-4e60-978a-cfb692a00539/in_use.lock acquired by nodename 7066@140068b710f1
2020-12-26 01:57:54,203 [pool-666-thread-1] INFO  storage.RaftStorage (RaftStorage.java:format(89)) - Storage directory /github/workspace/mnt/ozone/hadoop-ozone/integration-test/target/test-dir/MiniOzoneClusterImpl-b0bbc67e-6e78-4c8b-9c9f-814a2ca087f9/datanode-1/data/ratis/573e7393-093f-4e60-978a-cfb692a00539 has been successfully formatted.
2020-12-26 01:57:54,204 [pool-666-thread-1] INFO  ratis.ContainerStateMachine (ContainerStateMachine.java:loadSnapshot(223)) - group-CFB692A00539: The snapshot info is null. Setting the last applied indexto:(t:0, i:~)
2020-12-26 01:57:54,204 [pool-666-thread-1] ERROR storage.RaftStorage (RaftStorage.java:readRaftConfiguration(152)) - Failed reading configuration from file:/github/workspace/mnt/ozone/hadoop-ozone/integration-test/target/test-dir/MiniOzoneClusterImpl-b0bbc67e-6e78-4c8b-9c9f-814a2ca087f9/datanode-1/data/ratis/573e7393-093f-4e60-978a-cfb692a00539/current/raft-meta.conf
java.io.FileNotFoundException: /github/workspace/mnt/ozone/hadoop-ozone/integration-test/target/test-dir/MiniOzoneClusterImpl-b0bbc67e-6e78-4c8b-9c9f-814a2ca087f9/datanode-1/data/ratis/573e7393-093f-4e60-978a-cfb692a00539/current/raft-meta.conf (No such file or directory)
	at java.io.FileInputStream.open0(Native Method)
	at java.io.FileInputStream.open(FileInputStream.java:195)
	at java.io.FileInputStream.<init>(FileInputStream.java:138)
	at org.apache.ratis.server.storage.RaftStorage.readRaftConfiguration(RaftStorage.java:148)
	at org.apache.ratis.server.impl.ServerState.initStatemachine(ServerState.java:167)
	at org.apache.ratis.server.impl.ServerState.<init>(ServerState.java:112)
	at org.apache.ratis.server.impl.RaftServerImpl.<init>(RaftServerImpl.java:186)
	at org.apache.ratis.server.impl.RaftServerProxy.lambda$newRaftServerImpl$4(RaftServerProxy.java:264)
	at java.util.concurrent.CompletableFuture$AsyncSupply.run(CompletableFuture.java:1604)
	at java.util.concurrent.ThreadPoolExecutor.runWorker(ThreadPoolExecutor.java:1149)
	at java.util.concurrent.ThreadPoolExecutor$Worker.run(ThreadPoolExecutor.java:624)
	at java.lang.Thread.run(Thread.java:748)
2020-12-26 01:57:54,204 [pool-666-thread-1] INFO  server.RaftServerConfigKeys (ConfUtils.java:logGet(44)) - raft.server.notification.no-leader.timeout = 300000ms (custom)
2020-12-26 01:57:54,204 [pool-666-thread-1] INFO  server.RaftServerConfigKeys (ConfUtils.java:logGet(44)) - raft.server.log.use.memory = false (default)
2020-12-26 01:57:54,204 [pool-666-thread-1] INFO  server.RaftServerConfigKeys (ConfUtils.java:logGet(44)) - raft.server.log.purge.gap = 1000000 (custom)
2020-12-26 01:57:54,204 [pool-666-thread-1] INFO  metrics.RatisMetrics (RatisMetrics.java:lambda$create$0(36)) - Creating Metrics Registry : ratis.log_worker.a9229adb-278c-43ef-9666-e3cbf980c0ea@group-CFB692A00539
2020-12-26 01:57:54,204 [pool-666-thread-1] INFO  server.RaftServerConfigKeys (ConfUtils.java:logGet(44)) - raft.server.log.appender.buffer.byte-limit = 33554432 (custom)
2020-12-26 01:57:54,204 [pool-666-thread-1] INFO  server.RaftServerConfigKeys (ConfUtils.java:logGet(44)) - raft.server.log.segment.size.max = 1048576 (custom)
2020-12-26 01:57:54,205 [pool-666-thread-1] INFO  server.RaftServerConfigKeys (ConfUtils.java:logGet(44)) - raft.server.log.segment.cache.num.max = 2 (custom)
2020-12-26 01:57:54,205 [pool-666-thread-1] INFO  server.RaftServerConfigKeys (ConfUtils.java:logGet(44)) - raft.server.log.segment.cache.size.max = 200MB (=209715200) (default)
2020-12-26 01:57:54,205 [pool-666-thread-1] INFO  segmented.SegmentedRaftLogWorker (SegmentedRaftLogWorker.java:<init>(181)) - new a9229adb-278c-43ef-9666-e3cbf980c0ea@group-CFB692A00539-SegmentedRaftLogWorker for RaftStorage:Storage Directory /github/workspace/mnt/ozone/hadoop-ozone/integration-test/target/test-dir/MiniOzoneClusterImpl-b0bbc67e-6e78-4c8b-9c9f-814a2ca087f9/datanode-1/data/ratis/573e7393-093f-4e60-978a-cfb692a00539
2020-12-26 01:57:54,205 [pool-666-thread-1] INFO  server.RaftServerConfigKeys (ConfUtils.java:logGet(44)) - raft.server.log.queue.byte-limit = 2147483647 (custom)
2020-12-26 01:57:54,206 [pool-666-thread-1] INFO  server.RaftServerConfigKeys (ConfUtils.java:logGet(44)) - raft.server.log.queue.element-limit = 1024 (custom)
2020-12-26 01:57:54,206 [pool-666-thread-1] INFO  server.RaftServerConfigKeys (ConfUtils.java:logGet(44)) - raft.server.log.segment.size.max = 1048576 (custom)
2020-12-26 01:57:54,206 [pool-666-thread-1] INFO  server.RaftServerConfigKeys (ConfUtils.java:logGet(44)) - raft.server.log.preallocated.size = 16384 (custom)
2020-12-26 01:57:54,206 [pool-666-thread-1] INFO  server.RaftServerConfigKeys (ConfUtils.java:logGet(44)) - raft.server.log.force.sync.num = 128 (default)
2020-12-26 01:57:54,206 [pool-666-thread-1] INFO  server.RaftServerConfigKeys (ConfUtils.java:logGet(44)) - raft.server.log.statemachine.data.sync = true (default)
2020-12-26 01:57:54,206 [pool-666-thread-1] INFO  server.RaftServerConfigKeys (ConfUtils.java:logGet(44)) - raft.server.log.statemachine.data.sync.timeout = 10s (default)
2020-12-26 01:57:54,206 [pool-666-thread-1] INFO  server.RaftServerConfigKeys (ConfUtils.java:logGet(44)) - raft.server.log.statemachine.data.sync.timeout.retry = -1 (default)
2020-12-26 01:57:54,212 [pool-666-thread-1] INFO  server.RaftServerConfigKeys (ConfUtils.java:logGet(44)) - raft.server.log.write.buffer.size = 1048576 (custom)
2020-12-26 01:57:54,213 [pool-666-thread-1] INFO  server.RaftServerConfigKeys (ConfUtils.java:logGet(44)) - raft.server.log.statemachine.data.caching.enabled = true (custom)
2020-12-26 01:57:54,213 [pool-666-thread-1] INFO  segmented.SegmentedRaftLogWorker (SegmentedRaftLogWorker.java:lambda$new$0(132)) - a9229adb-278c-43ef-9666-e3cbf980c0ea@group-CFB692A00539-SegmentedRaftLogWorker: flushIndex: setUnconditionally 0 -> -1
2020-12-26 01:57:54,213 [pool-666-thread-1] INFO  segmented.SegmentedRaftLogWorker (SegmentedRaftLogWorker.java:lambda$new$0(132)) - a9229adb-278c-43ef-9666-e3cbf980c0ea@group-CFB692A00539-SegmentedRaftLogWorker: safeCacheEvictIndex: setUnconditionally 0 -> -1
2020-12-26 01:57:54,213 [pool-666-thread-1] INFO  server.RaftServerConfigKeys (ConfUtils.java:logGet(44)) - raft.server.snapshot.auto.trigger.enabled = true (custom)
2020-12-26 01:57:54,213 [pool-666-thread-1] INFO  server.RaftServerConfigKeys (ConfUtils.java:logGet(44)) - raft.server.snapshot.auto.trigger.threshold = 10000 (custom)
2020-12-26 01:57:54,213 [pool-666-thread-1] INFO  server.RaftServerConfigKeys (ConfUtils.java:logGet(44)) - raft.server.snapshot.retention.file.num = 5 (custom)
2020-12-26 01:57:54,214 [pool-666-thread-1] INFO  server.RaftServerConfigKeys (ConfUtils.java:logGet(44)) - raft.server.log.purge.upto.snapshot.index = false (default)
2020-12-26 01:57:54,214 [pool-666-thread-1] INFO  server.RaftServerConfigKeys (ConfUtils.java:logGet(44)) - raft.server.retrycache.expirytime = 600000ms (custom)
2020-12-26 01:57:54,214 [pool-666-thread-1] INFO  server.RaftServerConfigKeys (ConfUtils.java:logGet(44)) - raft.server.retrycache.statistics.expirytime = 100?s (default)
2020-12-26 01:57:54,214 [pool-666-thread-1] INFO  metrics.RatisMetrics (RatisMetrics.java:lambda$create$0(36)) - Creating Metrics Registry : ratis.leader_election.a9229adb-278c-43ef-9666-e3cbf980c0ea@group-CFB692A00539
2020-12-26 01:57:54,215 [Command processor thread] INFO  metrics.RatisMetrics (RatisMetrics.java:lambda$create$0(36)) - Creating Metrics Registry : ratis.client_message_metrics.client-32EC11D86272->a9229adb-278c-43ef-9666-e3cbf980c0ea
2020-12-26 01:57:54,215 [pool-666-thread-1] INFO  metrics.RatisMetrics (RatisMetrics.java:lambda$create$0(36)) - Creating Metrics Registry : ratis.server.a9229adb-278c-43ef-9666-e3cbf980c0ea@group-CFB692A00539
2020-12-26 01:57:54,216 [pool-666-thread-1] INFO  server.RaftServer$Division (RaftServerImpl.java:start(286)) - a9229adb-278c-43ef-9666-e3cbf980c0ea@group-CFB692A00539: start as a follower, conf=-1: [a9229adb-278c-43ef-9666-e3cbf980c0ea|rpc:172.17.0.2:43985|dataStream:, 16d33d7f-de85-4153-a986-8f085dcb09ff|rpc:172.17.0.2:35329|dataStream:, c7c2d1d0-24bf-4086-b8ac-f9c9c7e07f42|rpc:172.17.0.2:44251|dataStream:], old=null
2020-12-26 01:57:54,216 [pool-666-thread-1] INFO  server.RaftServer$Division (RaftServerImpl.java:setRole(275)) - a9229adb-278c-43ef-9666-e3cbf980c0ea@group-CFB692A00539: changes role from      null to FOLLOWER at term 0 for startAsFollower
2020-12-26 01:57:54,217 [pool-666-thread-1] INFO  impl.RoleInfo (RoleInfo.java:updateAndGet(130)) - a9229adb-278c-43ef-9666-e3cbf980c0ea: start a9229adb-278c-43ef-9666-e3cbf980c0ea@group-CFB692A00539-FollowerState
2020-12-26 01:57:54,217 [pool-666-thread-1] INFO  util.JmxRegister (JmxRegister.java:tryRegister(44)) - Successfully registered JMX Bean with object name Ratis:service=RaftServer,group=group-CFB692A00539,id=a9229adb-278c-43ef-9666-e3cbf980c0ea
2020-12-26 01:57:54,217 [pool-666-thread-1] INFO  metrics.RatisMetrics (RatisMetrics.java:lambda$create$0(36)) - Creating Metrics Registry : ratis.state_machine.a9229adb-278c-43ef-9666-e3cbf980c0ea@group-CFB692A00539
2020-12-26 01:57:54,237 [Command processor thread] INFO  commandhandler.CreatePipelineCommandHandler (CreatePipelineCommandHandler.java:handle(106)) - Created Pipeline RATIS THREE PipelineID=573e7393-093f-4e60-978a-cfb692a00539.
2020-12-26 01:57:54,237 [Command processor thread] INFO  server.RaftServer (RaftServerProxy.java:addNew(93)) - c7c2d1d0-24bf-4086-b8ac-f9c9c7e07f42: addNew group-6696EB7B60AF:[a9229adb-278c-43ef-9666-e3cbf980c0ea|rpc:172.17.0.2:43985, 16d33d7f-de85-4153-a986-8f085dcb09ff|rpc:172.17.0.2:35329, c7c2d1d0-24bf-4086-b8ac-f9c9c7e07f42|rpc:172.17.0.2:44251] returns group-6696EB7B60AF:java.util.concurrent.CompletableFuture@51a4b143[Not completed]
2020-12-26 01:57:54,237 [pool-650-thread-1] INFO  server.RaftServer$Division (RaftServerImpl.java:<init>(173)) - c7c2d1d0-24bf-4086-b8ac-f9c9c7e07f42: new RaftServerImpl for group-6696EB7B60AF:[a9229adb-278c-43ef-9666-e3cbf980c0ea|rpc:172.17.0.2:43985, 16d33d7f-de85-4153-a986-8f085dcb09ff|rpc:172.17.0.2:35329, c7c2d1d0-24bf-4086-b8ac-f9c9c7e07f42|rpc:172.17.0.2:44251] with ContainerStateMachine:uninitialized
2020-12-26 01:57:54,238 [pool-650-thread-1] INFO  server.RaftServerConfigKeys (ConfUtils.java:logGet(44)) - raft.server.rpc.timeout.min = 5s (custom)
2020-12-26 01:57:54,238 [pool-650-thread-1] INFO  server.RaftServerConfigKeys (ConfUtils.java:logGet(44)) - raft.server.rpc.timeout.max = 5200ms (custom)
2020-12-26 01:57:54,238 [pool-650-thread-1] INFO  server.RaftServerConfigKeys (ConfUtils.java:logGet(44)) - raft.server.rpc.sleep.time = 25ms (default)
2020-12-26 01:57:54,238 [pool-650-thread-1] INFO  server.RaftServerConfigKeys (ConfUtils.java:logGet(44)) - raft.server.rpc.slowness.timeout = 300000ms (custom)
2020-12-26 01:57:54,238 [pool-650-thread-1] INFO  server.RaftServerConfigKeys (ConfUtils.java:logGet(44)) - raft.server.leaderelection.leader.step-down.wait-time = 10s (default)
2020-12-26 01:57:54,238 [pool-650-thread-1] INFO  server.RaftServerConfigKeys (ConfUtils.java:logGet(44)) - raft.server.sleep.deviation.threshold = 300ms (default)
2020-12-26 01:57:54,238 [pool-650-thread-1] INFO  server.RaftServerConfigKeys (ConfUtils.java:logGet(44)) - raft.server.log.appender.install.snapshot.enabled = false (custom)
2020-12-26 01:57:54,238 [pool-650-thread-1] INFO  server.RaftServer$Division (ServerState.java:<init>(104)) - c7c2d1d0-24bf-4086-b8ac-f9c9c7e07f42@group-6696EB7B60AF: ConfigurationManager, init=-1: [a9229adb-278c-43ef-9666-e3cbf980c0ea|rpc:172.17.0.2:43985, 16d33d7f-de85-4153-a986-8f085dcb09ff|rpc:172.17.0.2:35329, c7c2d1d0-24bf-4086-b8ac-f9c9c7e07f42|rpc:172.17.0.2:44251], old=null, confs=<EMPTY_MAP>
2020-12-26 01:57:54,238 [pool-650-thread-1] INFO  server.RaftServerConfigKeys (ConfUtils.java:logGet(44)) - raft.server.storage.dir = [/github/workspace/mnt/ozone/hadoop-ozone/integration-test/target/test-dir/MiniOzoneClusterImpl-b0bbc67e-6e78-4c8b-9c9f-814a2ca087f9/datanode-0/data/ratis] (custom)
2020-12-26 01:57:54,238 [pool-650-thread-1] INFO  server.RaftServerConfigKeys (ConfUtils.java:logGet(44)) - raft.server.log.corruption.policy = EXCEPTION (default)
2020-12-26 01:57:54,238 [pool-650-thread-1] INFO  storage.RaftStorageDirectory (RaftStorageDirectory.java:analyzeStorage(260)) - The storage directory /github/workspace/mnt/ozone/hadoop-ozone/integration-test/target/test-dir/MiniOzoneClusterImpl-b0bbc67e-6e78-4c8b-9c9f-814a2ca087f9/datanode-0/data/ratis/76484d9c-c345-4865-b768-6696eb7b60af does not exist. Creating ...
2020-12-26 01:57:54,239 [pool-650-thread-1] INFO  storage.RaftStorageDirectory (RaftStorageDirectory.java:tryLock(342)) - Lock on /github/workspace/mnt/ozone/hadoop-ozone/integration-test/target/test-dir/MiniOzoneClusterImpl-b0bbc67e-6e78-4c8b-9c9f-814a2ca087f9/datanode-0/data/ratis/76484d9c-c345-4865-b768-6696eb7b60af/in_use.lock acquired by nodename 7066@140068b710f1
2020-12-26 01:57:54,240 [pool-650-thread-1] INFO  storage.RaftStorage (RaftStorage.java:format(89)) - Storage directory /github/workspace/mnt/ozone/hadoop-ozone/integration-test/target/test-dir/MiniOzoneClusterImpl-b0bbc67e-6e78-4c8b-9c9f-814a2ca087f9/datanode-0/data/ratis/76484d9c-c345-4865-b768-6696eb7b60af has been successfully formatted.
2020-12-26 01:57:54,240 [pool-650-thread-1] INFO  ratis.ContainerStateMachine (ContainerStateMachine.java:loadSnapshot(223)) - group-6696EB7B60AF: The snapshot info is null. Setting the last applied indexto:(t:0, i:~)
2020-12-26 01:57:54,240 [pool-650-thread-1] ERROR storage.RaftStorage (RaftStorage.java:readRaftConfiguration(152)) - Failed reading configuration from file:/github/workspace/mnt/ozone/hadoop-ozone/integration-test/target/test-dir/MiniOzoneClusterImpl-b0bbc67e-6e78-4c8b-9c9f-814a2ca087f9/datanode-0/data/ratis/76484d9c-c345-4865-b768-6696eb7b60af/current/raft-meta.conf
java.io.FileNotFoundException: /github/workspace/mnt/ozone/hadoop-ozone/integration-test/target/test-dir/MiniOzoneClusterImpl-b0bbc67e-6e78-4c8b-9c9f-814a2ca087f9/datanode-0/data/ratis/76484d9c-c345-4865-b768-6696eb7b60af/current/raft-meta.conf (No such file or directory)
	at java.io.FileInputStream.open0(Native Method)
	at java.io.FileInputStream.open(FileInputStream.java:195)
	at java.io.FileInputStream.<init>(FileInputStream.java:138)
	at org.apache.ratis.server.storage.RaftStorage.readRaftConfiguration(RaftStorage.java:148)
	at org.apache.ratis.server.impl.ServerState.initStatemachine(ServerState.java:167)
	at org.apache.ratis.server.impl.ServerState.<init>(ServerState.java:112)
	at org.apache.ratis.server.impl.RaftServerImpl.<init>(RaftServerImpl.java:186)
	at org.apache.ratis.server.impl.RaftServerProxy.lambda$newRaftServerImpl$4(RaftServerProxy.java:264)
	at java.util.concurrent.CompletableFuture$AsyncSupply.run(CompletableFuture.java:1604)
	at java.util.concurrent.ThreadPoolExecutor.runWorker(ThreadPoolExecutor.java:1149)
	at java.util.concurrent.ThreadPoolExecutor$Worker.run(ThreadPoolExecutor.java:624)
	at java.lang.Thread.run(Thread.java:748)
2020-12-26 01:57:54,241 [pool-650-thread-1] INFO  server.RaftServerConfigKeys (ConfUtils.java:logGet(44)) - raft.server.notification.no-leader.timeout = 300000ms (custom)
2020-12-26 01:57:54,241 [pool-650-thread-1] INFO  server.RaftServerConfigKeys (ConfUtils.java:logGet(44)) - raft.server.log.use.memory = false (default)
2020-12-26 01:57:54,241 [pool-650-thread-1] INFO  server.RaftServerConfigKeys (ConfUtils.java:logGet(44)) - raft.server.log.purge.gap = 1000000 (custom)
2020-12-26 01:57:54,241 [pool-650-thread-1] INFO  metrics.RatisMetrics (RatisMetrics.java:lambda$create$0(36)) - Creating Metrics Registry : ratis.log_worker.c7c2d1d0-24bf-4086-b8ac-f9c9c7e07f42@group-6696EB7B60AF
2020-12-26 01:57:54,241 [pool-650-thread-1] INFO  server.RaftServerConfigKeys (ConfUtils.java:logGet(44)) - raft.server.log.appender.buffer.byte-limit = 33554432 (custom)
2020-12-26 01:57:54,241 [pool-650-thread-1] INFO  server.RaftServerConfigKeys (ConfUtils.java:logGet(44)) - raft.server.log.segment.size.max = 1048576 (custom)
2020-12-26 01:57:54,242 [pool-650-thread-1] INFO  server.RaftServerConfigKeys (ConfUtils.java:logGet(44)) - raft.server.log.segment.cache.num.max = 2 (custom)
2020-12-26 01:57:54,242 [pool-650-thread-1] INFO  server.RaftServerConfigKeys (ConfUtils.java:logGet(44)) - raft.server.log.segment.cache.size.max = 200MB (=209715200) (default)
2020-12-26 01:57:54,242 [pool-650-thread-1] INFO  segmented.SegmentedRaftLogWorker (SegmentedRaftLogWorker.java:<init>(181)) - new c7c2d1d0-24bf-4086-b8ac-f9c9c7e07f42@group-6696EB7B60AF-SegmentedRaftLogWorker for RaftStorage:Storage Directory /github/workspace/mnt/ozone/hadoop-ozone/integration-test/target/test-dir/MiniOzoneClusterImpl-b0bbc67e-6e78-4c8b-9c9f-814a2ca087f9/datanode-0/data/ratis/76484d9c-c345-4865-b768-6696eb7b60af
2020-12-26 01:57:54,242 [pool-650-thread-1] INFO  server.RaftServerConfigKeys (ConfUtils.java:logGet(44)) - raft.server.log.queue.byte-limit = 2147483647 (custom)
2020-12-26 01:57:54,242 [pool-650-thread-1] INFO  server.RaftServerConfigKeys (ConfUtils.java:logGet(44)) - raft.server.log.queue.element-limit = 1024 (custom)
2020-12-26 01:57:54,242 [pool-650-thread-1] INFO  server.RaftServerConfigKeys (ConfUtils.java:logGet(44)) - raft.server.log.segment.size.max = 1048576 (custom)
2020-12-26 01:57:54,242 [pool-650-thread-1] INFO  server.RaftServerConfigKeys (ConfUtils.java:logGet(44)) - raft.server.log.preallocated.size = 16384 (custom)
2020-12-26 01:57:54,242 [pool-650-thread-1] INFO  server.RaftServerConfigKeys (ConfUtils.java:logGet(44)) - raft.server.log.force.sync.num = 128 (default)
2020-12-26 01:57:54,242 [pool-650-thread-1] INFO  server.RaftServerConfigKeys (ConfUtils.java:logGet(44)) - raft.server.log.statemachine.data.sync = true (default)
2020-12-26 01:57:54,242 [pool-650-thread-1] INFO  server.RaftServerConfigKeys (ConfUtils.java:logGet(44)) - raft.server.log.statemachine.data.sync.timeout = 10s (default)
2020-12-26 01:57:54,243 [pool-650-thread-1] INFO  server.RaftServerConfigKeys (ConfUtils.java:logGet(44)) - raft.server.log.statemachine.data.sync.timeout.retry = -1 (default)
2020-12-26 01:57:54,244 [pool-650-thread-1] INFO  server.RaftServerConfigKeys (ConfUtils.java:logGet(44)) - raft.server.log.write.buffer.size = 1048576 (custom)
2020-12-26 01:57:54,245 [pool-650-thread-1] INFO  server.RaftServerConfigKeys (ConfUtils.java:logGet(44)) - raft.server.log.statemachine.data.caching.enabled = true (custom)
2020-12-26 01:57:54,245 [pool-650-thread-1] INFO  segmented.SegmentedRaftLogWorker (SegmentedRaftLogWorker.java:lambda$new$0(132)) - c7c2d1d0-24bf-4086-b8ac-f9c9c7e07f42@group-6696EB7B60AF-SegmentedRaftLogWorker: flushIndex: setUnconditionally 0 -> -1
2020-12-26 01:57:54,245 [pool-650-thread-1] INFO  segmented.SegmentedRaftLogWorker (SegmentedRaftLogWorker.java:lambda$new$0(132)) - c7c2d1d0-24bf-4086-b8ac-f9c9c7e07f42@group-6696EB7B60AF-SegmentedRaftLogWorker: safeCacheEvictIndex: setUnconditionally 0 -> -1
2020-12-26 01:57:54,245 [pool-650-thread-1] INFO  server.RaftServerConfigKeys (ConfUtils.java:logGet(44)) - raft.server.snapshot.auto.trigger.enabled = true (custom)
2020-12-26 01:57:54,245 [pool-650-thread-1] INFO  server.RaftServerConfigKeys (ConfUtils.java:logGet(44)) - raft.server.snapshot.auto.trigger.threshold = 10000 (custom)
2020-12-26 01:57:54,245 [pool-650-thread-1] INFO  server.RaftServerConfigKeys (ConfUtils.java:logGet(44)) - raft.server.snapshot.retention.file.num = 5 (custom)
2020-12-26 01:57:54,246 [pool-650-thread-1] INFO  server.RaftServerConfigKeys (ConfUtils.java:logGet(44)) - raft.server.log.purge.upto.snapshot.index = false (default)
2020-12-26 01:57:54,246 [pool-650-thread-1] INFO  server.RaftServerConfigKeys (ConfUtils.java:logGet(44)) - raft.server.retrycache.expirytime = 600000ms (custom)
2020-12-26 01:57:54,246 [pool-650-thread-1] INFO  server.RaftServerConfigKeys (ConfUtils.java:logGet(44)) - raft.server.retrycache.statistics.expirytime = 100?s (default)
2020-12-26 01:57:54,246 [pool-650-thread-1] INFO  metrics.RatisMetrics (RatisMetrics.java:lambda$create$0(36)) - Creating Metrics Registry : ratis.leader_election.c7c2d1d0-24bf-4086-b8ac-f9c9c7e07f42@group-6696EB7B60AF
2020-12-26 01:57:54,246 [pool-650-thread-1] INFO  metrics.RatisMetrics (RatisMetrics.java:lambda$create$0(36)) - Creating Metrics Registry : ratis.server.c7c2d1d0-24bf-4086-b8ac-f9c9c7e07f42@group-6696EB7B60AF
2020-12-26 01:57:54,248 [pool-650-thread-1] INFO  server.RaftServer$Division (RaftServerImpl.java:start(286)) - c7c2d1d0-24bf-4086-b8ac-f9c9c7e07f42@group-6696EB7B60AF: start as a follower, conf=-1: [a9229adb-278c-43ef-9666-e3cbf980c0ea|rpc:172.17.0.2:43985, 16d33d7f-de85-4153-a986-8f085dcb09ff|rpc:172.17.0.2:35329, c7c2d1d0-24bf-4086-b8ac-f9c9c7e07f42|rpc:172.17.0.2:44251], old=null
2020-12-26 01:57:54,248 [pool-650-thread-1] INFO  server.RaftServer$Division (RaftServerImpl.java:setRole(275)) - c7c2d1d0-24bf-4086-b8ac-f9c9c7e07f42@group-6696EB7B60AF: changes role from      null to FOLLOWER at term 0 for startAsFollower
2020-12-26 01:57:54,248 [pool-650-thread-1] INFO  impl.RoleInfo (RoleInfo.java:updateAndGet(130)) - c7c2d1d0-24bf-4086-b8ac-f9c9c7e07f42: start c7c2d1d0-24bf-4086-b8ac-f9c9c7e07f42@group-6696EB7B60AF-FollowerState
2020-12-26 01:57:54,248 [pool-650-thread-1] INFO  util.JmxRegister (JmxRegister.java:tryRegister(44)) - Successfully registered JMX Bean with object name Ratis:service=RaftServer,group=group-6696EB7B60AF,id=c7c2d1d0-24bf-4086-b8ac-f9c9c7e07f42
2020-12-26 01:57:54,248 [pool-650-thread-1] INFO  metrics.RatisMetrics (RatisMetrics.java:lambda$create$0(36)) - Creating Metrics Registry : ratis.state_machine.c7c2d1d0-24bf-4086-b8ac-f9c9c7e07f42@group-6696EB7B60AF
2020-12-26 01:57:54,250 [Command processor thread] INFO  metrics.RatisMetrics (RatisMetrics.java:lambda$create$0(36)) - Creating Metrics Registry : ratis.client_message_metrics.client-225D0F9B2C8A->16d33d7f-de85-4153-a986-8f085dcb09ff
2020-12-26 01:57:54,254 [grpc-default-executor-4] INFO  server.RaftServer (RaftServerProxy.java:addNew(93)) - 16d33d7f-de85-4153-a986-8f085dcb09ff: addNew group-6696EB7B60AF:[a9229adb-278c-43ef-9666-e3cbf980c0ea|rpc:172.17.0.2:43985|dataStream:, 16d33d7f-de85-4153-a986-8f085dcb09ff|rpc:172.17.0.2:35329|dataStream:, c7c2d1d0-24bf-4086-b8ac-f9c9c7e07f42|rpc:172.17.0.2:44251|dataStream:] returns group-6696EB7B60AF:java.util.concurrent.CompletableFuture@21d6764[Not completed]
2020-12-26 01:57:54,255 [pool-746-thread-1] INFO  server.RaftServer$Division (RaftServerImpl.java:<init>(173)) - 16d33d7f-de85-4153-a986-8f085dcb09ff: new RaftServerImpl for group-6696EB7B60AF:[a9229adb-278c-43ef-9666-e3cbf980c0ea|rpc:172.17.0.2:43985|dataStream:, 16d33d7f-de85-4153-a986-8f085dcb09ff|rpc:172.17.0.2:35329|dataStream:, c7c2d1d0-24bf-4086-b8ac-f9c9c7e07f42|rpc:172.17.0.2:44251|dataStream:] with ContainerStateMachine:uninitialized
2020-12-26 01:57:54,255 [pool-746-thread-1] INFO  server.RaftServerConfigKeys (ConfUtils.java:logGet(44)) - raft.server.rpc.timeout.min = 5s (custom)
2020-12-26 01:57:54,255 [pool-746-thread-1] INFO  server.RaftServerConfigKeys (ConfUtils.java:logGet(44)) - raft.server.rpc.timeout.max = 5200ms (custom)
2020-12-26 01:57:54,255 [pool-746-thread-1] INFO  server.RaftServerConfigKeys (ConfUtils.java:logGet(44)) - raft.server.rpc.sleep.time = 25ms (default)
2020-12-26 01:57:54,255 [pool-746-thread-1] INFO  server.RaftServerConfigKeys (ConfUtils.java:logGet(44)) - raft.server.rpc.slowness.timeout = 300000ms (custom)
2020-12-26 01:57:54,255 [pool-746-thread-1] INFO  server.RaftServerConfigKeys (ConfUtils.java:logGet(44)) - raft.server.leaderelection.leader.step-down.wait-time = 10s (default)
2020-12-26 01:57:54,255 [pool-746-thread-1] INFO  server.RaftServerConfigKeys (ConfUtils.java:logGet(44)) - raft.server.sleep.deviation.threshold = 300ms (default)
2020-12-26 01:57:54,255 [pool-746-thread-1] INFO  server.RaftServerConfigKeys (ConfUtils.java:logGet(44)) - raft.server.log.appender.install.snapshot.enabled = false (custom)
2020-12-26 01:57:54,255 [pool-746-thread-1] INFO  server.RaftServer$Division (ServerState.java:<init>(104)) - 16d33d7f-de85-4153-a986-8f085dcb09ff@group-6696EB7B60AF: ConfigurationManager, init=-1: [a9229adb-278c-43ef-9666-e3cbf980c0ea|rpc:172.17.0.2:43985|dataStream:, 16d33d7f-de85-4153-a986-8f085dcb09ff|rpc:172.17.0.2:35329|dataStream:, c7c2d1d0-24bf-4086-b8ac-f9c9c7e07f42|rpc:172.17.0.2:44251|dataStream:], old=null, confs=<EMPTY_MAP>
2020-12-26 01:57:54,255 [pool-746-thread-1] INFO  server.RaftServerConfigKeys (ConfUtils.java:logGet(44)) - raft.server.storage.dir = [/github/workspace/mnt/ozone/hadoop-ozone/integration-test/target/test-dir/MiniOzoneClusterImpl-b0bbc67e-6e78-4c8b-9c9f-814a2ca087f9/datanode-6/data/ratis] (custom)
2020-12-26 01:57:54,255 [pool-746-thread-1] INFO  server.RaftServerConfigKeys (ConfUtils.java:logGet(44)) - raft.server.log.corruption.policy = EXCEPTION (default)
2020-12-26 01:57:54,255 [pool-746-thread-1] INFO  storage.RaftStorageDirectory (RaftStorageDirectory.java:analyzeStorage(260)) - The storage directory /github/workspace/mnt/ozone/hadoop-ozone/integration-test/target/test-dir/MiniOzoneClusterImpl-b0bbc67e-6e78-4c8b-9c9f-814a2ca087f9/datanode-6/data/ratis/76484d9c-c345-4865-b768-6696eb7b60af does not exist. Creating ...
2020-12-26 01:57:54,256 [pool-746-thread-1] INFO  storage.RaftStorageDirectory (RaftStorageDirectory.java:tryLock(342)) - Lock on /github/workspace/mnt/ozone/hadoop-ozone/integration-test/target/test-dir/MiniOzoneClusterImpl-b0bbc67e-6e78-4c8b-9c9f-814a2ca087f9/datanode-6/data/ratis/76484d9c-c345-4865-b768-6696eb7b60af/in_use.lock acquired by nodename 7066@140068b710f1
2020-12-26 01:57:54,257 [pool-746-thread-1] INFO  storage.RaftStorage (RaftStorage.java:format(89)) - Storage directory /github/workspace/mnt/ozone/hadoop-ozone/integration-test/target/test-dir/MiniOzoneClusterImpl-b0bbc67e-6e78-4c8b-9c9f-814a2ca087f9/datanode-6/data/ratis/76484d9c-c345-4865-b768-6696eb7b60af has been successfully formatted.
2020-12-26 01:57:54,257 [pool-746-thread-1] INFO  ratis.ContainerStateMachine (ContainerStateMachine.java:loadSnapshot(223)) - group-6696EB7B60AF: The snapshot info is null. Setting the last applied indexto:(t:0, i:~)
2020-12-26 01:57:54,258 [pool-746-thread-1] ERROR storage.RaftStorage (RaftStorage.java:readRaftConfiguration(152)) - Failed reading configuration from file:/github/workspace/mnt/ozone/hadoop-ozone/integration-test/target/test-dir/MiniOzoneClusterImpl-b0bbc67e-6e78-4c8b-9c9f-814a2ca087f9/datanode-6/data/ratis/76484d9c-c345-4865-b768-6696eb7b60af/current/raft-meta.conf
java.io.FileNotFoundException: /github/workspace/mnt/ozone/hadoop-ozone/integration-test/target/test-dir/MiniOzoneClusterImpl-b0bbc67e-6e78-4c8b-9c9f-814a2ca087f9/datanode-6/data/ratis/76484d9c-c345-4865-b768-6696eb7b60af/current/raft-meta.conf (No such file or directory)
	at java.io.FileInputStream.open0(Native Method)
	at java.io.FileInputStream.open(FileInputStream.java:195)
	at java.io.FileInputStream.<init>(FileInputStream.java:138)
	at org.apache.ratis.server.storage.RaftStorage.readRaftConfiguration(RaftStorage.java:148)
	at org.apache.ratis.server.impl.ServerState.initStatemachine(ServerState.java:167)
	at org.apache.ratis.server.impl.ServerState.<init>(ServerState.java:112)
	at org.apache.ratis.server.impl.RaftServerImpl.<init>(RaftServerImpl.java:186)
	at org.apache.ratis.server.impl.RaftServerProxy.lambda$newRaftServerImpl$4(RaftServerProxy.java:264)
	at java.util.concurrent.CompletableFuture$AsyncSupply.run(CompletableFuture.java:1604)
	at java.util.concurrent.ThreadPoolExecutor.runWorker(ThreadPoolExecutor.java:1149)
	at java.util.concurrent.ThreadPoolExecutor$Worker.run(ThreadPoolExecutor.java:624)
	at java.lang.Thread.run(Thread.java:748)
2020-12-26 01:57:54,258 [pool-746-thread-1] INFO  server.RaftServerConfigKeys (ConfUtils.java:logGet(44)) - raft.server.notification.no-leader.timeout = 300000ms (custom)
2020-12-26 01:57:54,258 [pool-746-thread-1] INFO  server.RaftServerConfigKeys (ConfUtils.java:logGet(44)) - raft.server.log.use.memory = false (default)
2020-12-26 01:57:54,258 [pool-746-thread-1] INFO  server.RaftServerConfigKeys (ConfUtils.java:logGet(44)) - raft.server.log.purge.gap = 1000000 (custom)
2020-12-26 01:57:54,258 [pool-746-thread-1] INFO  metrics.RatisMetrics (RatisMetrics.java:lambda$create$0(36)) - Creating Metrics Registry : ratis.log_worker.16d33d7f-de85-4153-a986-8f085dcb09ff@group-6696EB7B60AF
2020-12-26 01:57:54,258 [pool-746-thread-1] INFO  server.RaftServerConfigKeys (ConfUtils.java:logGet(44)) - raft.server.log.appender.buffer.byte-limit = 33554432 (custom)
2020-12-26 01:57:54,259 [pool-746-thread-1] INFO  server.RaftServerConfigKeys (ConfUtils.java:logGet(44)) - raft.server.log.segment.size.max = 1048576 (custom)
2020-12-26 01:57:54,259 [pool-746-thread-1] INFO  server.RaftServerConfigKeys (ConfUtils.java:logGet(44)) - raft.server.log.segment.cache.num.max = 2 (custom)
2020-12-26 01:57:54,259 [pool-746-thread-1] INFO  server.RaftServerConfigKeys (ConfUtils.java:logGet(44)) - raft.server.log.segment.cache.size.max = 200MB (=209715200) (default)
2020-12-26 01:57:54,259 [pool-746-thread-1] INFO  segmented.SegmentedRaftLogWorker (SegmentedRaftLogWorker.java:<init>(181)) - new 16d33d7f-de85-4153-a986-8f085dcb09ff@group-6696EB7B60AF-SegmentedRaftLogWorker for RaftStorage:Storage Directory /github/workspace/mnt/ozone/hadoop-ozone/integration-test/target/test-dir/MiniOzoneClusterImpl-b0bbc67e-6e78-4c8b-9c9f-814a2ca087f9/datanode-6/data/ratis/76484d9c-c345-4865-b768-6696eb7b60af
2020-12-26 01:57:54,260 [pool-746-thread-1] INFO  server.RaftServerConfigKeys (ConfUtils.java:logGet(44)) - raft.server.log.queue.byte-limit = 2147483647 (custom)
2020-12-26 01:57:54,260 [pool-746-thread-1] INFO  server.RaftServerConfigKeys (ConfUtils.java:logGet(44)) - raft.server.log.queue.element-limit = 1024 (custom)
2020-12-26 01:57:54,260 [pool-746-thread-1] INFO  server.RaftServerConfigKeys (ConfUtils.java:logGet(44)) - raft.server.log.segment.size.max = 1048576 (custom)
2020-12-26 01:57:54,260 [pool-746-thread-1] INFO  server.RaftServerConfigKeys (ConfUtils.java:logGet(44)) - raft.server.log.preallocated.size = 16384 (custom)
2020-12-26 01:57:54,260 [pool-746-thread-1] INFO  server.RaftServerConfigKeys (ConfUtils.java:logGet(44)) - raft.server.log.force.sync.num = 128 (default)
2020-12-26 01:57:54,260 [pool-746-thread-1] INFO  server.RaftServerConfigKeys (ConfUtils.java:logGet(44)) - raft.server.log.statemachine.data.sync = true (default)
2020-12-26 01:57:54,260 [pool-746-thread-1] INFO  server.RaftServerConfigKeys (ConfUtils.java:logGet(44)) - raft.server.log.statemachine.data.sync.timeout = 10s (default)
2020-12-26 01:57:54,260 [pool-746-thread-1] INFO  server.RaftServerConfigKeys (ConfUtils.java:logGet(44)) - raft.server.log.statemachine.data.sync.timeout.retry = -1 (default)
2020-12-26 01:57:54,262 [pool-746-thread-1] INFO  server.RaftServerConfigKeys (ConfUtils.java:logGet(44)) - raft.server.log.write.buffer.size = 1048576 (custom)
2020-12-26 01:57:54,262 [pool-746-thread-1] INFO  server.RaftServerConfigKeys (ConfUtils.java:logGet(44)) - raft.server.log.statemachine.data.caching.enabled = true (custom)
2020-12-26 01:57:54,263 [pool-746-thread-1] INFO  segmented.SegmentedRaftLogWorker (SegmentedRaftLogWorker.java:lambda$new$0(132)) - 16d33d7f-de85-4153-a986-8f085dcb09ff@group-6696EB7B60AF-SegmentedRaftLogWorker: flushIndex: setUnconditionally 0 -> -1
2020-12-26 01:57:54,263 [pool-746-thread-1] INFO  segmented.SegmentedRaftLogWorker (SegmentedRaftLogWorker.java:lambda$new$0(132)) - 16d33d7f-de85-4153-a986-8f085dcb09ff@group-6696EB7B60AF-SegmentedRaftLogWorker: safeCacheEvictIndex: setUnconditionally 0 -> -1
2020-12-26 01:57:54,263 [pool-746-thread-1] INFO  server.RaftServerConfigKeys (ConfUtils.java:logGet(44)) - raft.server.snapshot.auto.trigger.enabled = true (custom)
2020-12-26 01:57:54,263 [pool-746-thread-1] INFO  server.RaftServerConfigKeys (ConfUtils.java:logGet(44)) - raft.server.snapshot.auto.trigger.threshold = 10000 (custom)
2020-12-26 01:57:54,263 [pool-746-thread-1] INFO  server.RaftServerConfigKeys (ConfUtils.java:logGet(44)) - raft.server.snapshot.retention.file.num = 5 (custom)
2020-12-26 01:57:54,263 [pool-746-thread-1] INFO  server.RaftServerConfigKeys (ConfUtils.java:logGet(44)) - raft.server.log.purge.upto.snapshot.index = false (default)
2020-12-26 01:57:54,263 [pool-746-thread-1] INFO  server.RaftServerConfigKeys (ConfUtils.java:logGet(44)) - raft.server.retrycache.expirytime = 600000ms (custom)
2020-12-26 01:57:54,263 [pool-746-thread-1] INFO  server.RaftServerConfigKeys (ConfUtils.java:logGet(44)) - raft.server.retrycache.statistics.expirytime = 100?s (default)
2020-12-26 01:57:54,263 [pool-746-thread-1] INFO  metrics.RatisMetrics (RatisMetrics.java:lambda$create$0(36)) - Creating Metrics Registry : ratis.leader_election.16d33d7f-de85-4153-a986-8f085dcb09ff@group-6696EB7B60AF
2020-12-26 01:57:54,264 [pool-746-thread-1] INFO  metrics.RatisMetrics (RatisMetrics.java:lambda$create$0(36)) - Creating Metrics Registry : ratis.server.16d33d7f-de85-4153-a986-8f085dcb09ff@group-6696EB7B60AF
2020-12-26 01:57:54,265 [pool-746-thread-1] INFO  server.RaftServer$Division (RaftServerImpl.java:start(286)) - 16d33d7f-de85-4153-a986-8f085dcb09ff@group-6696EB7B60AF: start as a follower, conf=-1: [a9229adb-278c-43ef-9666-e3cbf980c0ea|rpc:172.17.0.2:43985|dataStream:, 16d33d7f-de85-4153-a986-8f085dcb09ff|rpc:172.17.0.2:35329|dataStream:, c7c2d1d0-24bf-4086-b8ac-f9c9c7e07f42|rpc:172.17.0.2:44251|dataStream:], old=null
2020-12-26 01:57:54,266 [pool-746-thread-1] INFO  server.RaftServer$Division (RaftServerImpl.java:setRole(275)) - 16d33d7f-de85-4153-a986-8f085dcb09ff@group-6696EB7B60AF: changes role from      null to FOLLOWER at term 0 for startAsFollower
2020-12-26 01:57:54,266 [pool-746-thread-1] INFO  impl.RoleInfo (RoleInfo.java:updateAndGet(130)) - 16d33d7f-de85-4153-a986-8f085dcb09ff: start 16d33d7f-de85-4153-a986-8f085dcb09ff@group-6696EB7B60AF-FollowerState
2020-12-26 01:57:54,266 [pool-746-thread-1] INFO  util.JmxRegister (JmxRegister.java:tryRegister(44)) - Successfully registered JMX Bean with object name Ratis:service=RaftServer,group=group-6696EB7B60AF,id=16d33d7f-de85-4153-a986-8f085dcb09ff
2020-12-26 01:57:54,266 [pool-746-thread-1] INFO  metrics.RatisMetrics (RatisMetrics.java:lambda$create$0(36)) - Creating Metrics Registry : ratis.state_machine.16d33d7f-de85-4153-a986-8f085dcb09ff@group-6696EB7B60AF
2020-12-26 01:57:54,275 [Command processor thread] INFO  metrics.RatisMetrics (RatisMetrics.java:lambda$create$0(36)) - Creating Metrics Registry : ratis.client_message_metrics.client-DC6846DF2E4F->a9229adb-278c-43ef-9666-e3cbf980c0ea
2020-12-26 01:57:54,278 [grpc-default-executor-4] INFO  server.RaftServer (RaftServerProxy.java:addNew(93)) - a9229adb-278c-43ef-9666-e3cbf980c0ea: addNew group-6696EB7B60AF:[a9229adb-278c-43ef-9666-e3cbf980c0ea|rpc:172.17.0.2:43985|dataStream:, 16d33d7f-de85-4153-a986-8f085dcb09ff|rpc:172.17.0.2:35329|dataStream:, c7c2d1d0-24bf-4086-b8ac-f9c9c7e07f42|rpc:172.17.0.2:44251|dataStream:] returns group-6696EB7B60AF:java.util.concurrent.CompletableFuture@7a188deb[Not completed]
2020-12-26 01:57:54,278 [pool-666-thread-1] INFO  server.RaftServer$Division (RaftServerImpl.java:<init>(173)) - a9229adb-278c-43ef-9666-e3cbf980c0ea: new RaftServerImpl for group-6696EB7B60AF:[a9229adb-278c-43ef-9666-e3cbf980c0ea|rpc:172.17.0.2:43985|dataStream:, 16d33d7f-de85-4153-a986-8f085dcb09ff|rpc:172.17.0.2:35329|dataStream:, c7c2d1d0-24bf-4086-b8ac-f9c9c7e07f42|rpc:172.17.0.2:44251|dataStream:] with ContainerStateMachine:uninitialized
2020-12-26 01:57:54,279 [pool-666-thread-1] INFO  server.RaftServerConfigKeys (ConfUtils.java:logGet(44)) - raft.server.rpc.timeout.min = 5s (custom)
2020-12-26 01:57:54,279 [pool-666-thread-1] INFO  server.RaftServerConfigKeys (ConfUtils.java:logGet(44)) - raft.server.rpc.timeout.max = 5200ms (custom)
2020-12-26 01:57:54,279 [pool-666-thread-1] INFO  server.RaftServerConfigKeys (ConfUtils.java:logGet(44)) - raft.server.rpc.sleep.time = 25ms (default)
2020-12-26 01:57:54,279 [pool-666-thread-1] INFO  server.RaftServerConfigKeys (ConfUtils.java:logGet(44)) - raft.server.rpc.slowness.timeout = 300000ms (custom)
2020-12-26 01:57:54,279 [pool-666-thread-1] INFO  server.RaftServerConfigKeys (ConfUtils.java:logGet(44)) - raft.server.leaderelection.leader.step-down.wait-time = 10s (default)
2020-12-26 01:57:54,279 [pool-666-thread-1] INFO  server.RaftServerConfigKeys (ConfUtils.java:logGet(44)) - raft.server.sleep.deviation.threshold = 300ms (default)
2020-12-26 01:57:54,279 [pool-666-thread-1] INFO  server.RaftServerConfigKeys (ConfUtils.java:logGet(44)) - raft.server.log.appender.install.snapshot.enabled = false (custom)
2020-12-26 01:57:54,279 [pool-666-thread-1] INFO  server.RaftServer$Division (ServerState.java:<init>(104)) - a9229adb-278c-43ef-9666-e3cbf980c0ea@group-6696EB7B60AF: ConfigurationManager, init=-1: [a9229adb-278c-43ef-9666-e3cbf980c0ea|rpc:172.17.0.2:43985|dataStream:, 16d33d7f-de85-4153-a986-8f085dcb09ff|rpc:172.17.0.2:35329|dataStream:, c7c2d1d0-24bf-4086-b8ac-f9c9c7e07f42|rpc:172.17.0.2:44251|dataStream:], old=null, confs=<EMPTY_MAP>
2020-12-26 01:57:54,279 [pool-666-thread-1] INFO  server.RaftServerConfigKeys (ConfUtils.java:logGet(44)) - raft.server.storage.dir = [/github/workspace/mnt/ozone/hadoop-ozone/integration-test/target/test-dir/MiniOzoneClusterImpl-b0bbc67e-6e78-4c8b-9c9f-814a2ca087f9/datanode-1/data/ratis] (custom)
2020-12-26 01:57:54,279 [pool-666-thread-1] INFO  server.RaftServerConfigKeys (ConfUtils.java:logGet(44)) - raft.server.log.corruption.policy = EXCEPTION (default)
2020-12-26 01:57:54,279 [pool-666-thread-1] INFO  storage.RaftStorageDirectory (RaftStorageDirectory.java:analyzeStorage(260)) - The storage directory /github/workspace/mnt/ozone/hadoop-ozone/integration-test/target/test-dir/MiniOzoneClusterImpl-b0bbc67e-6e78-4c8b-9c9f-814a2ca087f9/datanode-1/data/ratis/76484d9c-c345-4865-b768-6696eb7b60af does not exist. Creating ...
2020-12-26 01:57:54,280 [pool-666-thread-1] INFO  storage.RaftStorageDirectory (RaftStorageDirectory.java:tryLock(342)) - Lock on /github/workspace/mnt/ozone/hadoop-ozone/integration-test/target/test-dir/MiniOzoneClusterImpl-b0bbc67e-6e78-4c8b-9c9f-814a2ca087f9/datanode-1/data/ratis/76484d9c-c345-4865-b768-6696eb7b60af/in_use.lock acquired by nodename 7066@140068b710f1
2020-12-26 01:57:54,281 [pool-666-thread-1] INFO  storage.RaftStorage (RaftStorage.java:format(89)) - Storage directory /github/workspace/mnt/ozone/hadoop-ozone/integration-test/target/test-dir/MiniOzoneClusterImpl-b0bbc67e-6e78-4c8b-9c9f-814a2ca087f9/datanode-1/data/ratis/76484d9c-c345-4865-b768-6696eb7b60af has been successfully formatted.
2020-12-26 01:57:54,281 [pool-666-thread-1] INFO  ratis.ContainerStateMachine (ContainerStateMachine.java:loadSnapshot(223)) - group-6696EB7B60AF: The snapshot info is null. Setting the last applied indexto:(t:0, i:~)
2020-12-26 01:57:54,281 [pool-666-thread-1] ERROR storage.RaftStorage (RaftStorage.java:readRaftConfiguration(152)) - Failed reading configuration from file:/github/workspace/mnt/ozone/hadoop-ozone/integration-test/target/test-dir/MiniOzoneClusterImpl-b0bbc67e-6e78-4c8b-9c9f-814a2ca087f9/datanode-1/data/ratis/76484d9c-c345-4865-b768-6696eb7b60af/current/raft-meta.conf
java.io.FileNotFoundException: /github/workspace/mnt/ozone/hadoop-ozone/integration-test/target/test-dir/MiniOzoneClusterImpl-b0bbc67e-6e78-4c8b-9c9f-814a2ca087f9/datanode-1/data/ratis/76484d9c-c345-4865-b768-6696eb7b60af/current/raft-meta.conf (No such file or directory)
	at java.io.FileInputStream.open0(Native Method)
	at java.io.FileInputStream.open(FileInputStream.java:195)
	at java.io.FileInputStream.<init>(FileInputStream.java:138)
	at org.apache.ratis.server.storage.RaftStorage.readRaftConfiguration(RaftStorage.java:148)
	at org.apache.ratis.server.impl.ServerState.initStatemachine(ServerState.java:167)
	at org.apache.ratis.server.impl.ServerState.<init>(ServerState.java:112)
	at org.apache.ratis.server.impl.RaftServerImpl.<init>(RaftServerImpl.java:186)
	at org.apache.ratis.server.impl.RaftServerProxy.lambda$newRaftServerImpl$4(RaftServerProxy.java:264)
	at java.util.concurrent.CompletableFuture$AsyncSupply.run(CompletableFuture.java:1604)
	at java.util.concurrent.ThreadPoolExecutor.runWorker(ThreadPoolExecutor.java:1149)
	at java.util.concurrent.ThreadPoolExecutor$Worker.run(ThreadPoolExecutor.java:624)
	at java.lang.Thread.run(Thread.java:748)
2020-12-26 01:57:54,281 [pool-666-thread-1] INFO  server.RaftServerConfigKeys (ConfUtils.java:logGet(44)) - raft.server.notification.no-leader.timeout = 300000ms (custom)
2020-12-26 01:57:54,281 [pool-666-thread-1] INFO  server.RaftServerConfigKeys (ConfUtils.java:logGet(44)) - raft.server.log.use.memory = false (default)
2020-12-26 01:57:54,281 [pool-666-thread-1] INFO  server.RaftServerConfigKeys (ConfUtils.java:logGet(44)) - raft.server.log.purge.gap = 1000000 (custom)
2020-12-26 01:57:54,281 [pool-666-thread-1] INFO  metrics.RatisMetrics (RatisMetrics.java:lambda$create$0(36)) - Creating Metrics Registry : ratis.log_worker.a9229adb-278c-43ef-9666-e3cbf980c0ea@group-6696EB7B60AF
2020-12-26 01:57:54,282 [pool-666-thread-1] INFO  server.RaftServerConfigKeys (ConfUtils.java:logGet(44)) - raft.server.log.appender.buffer.byte-limit = 33554432 (custom)
2020-12-26 01:57:54,282 [pool-666-thread-1] INFO  server.RaftServerConfigKeys (ConfUtils.java:logGet(44)) - raft.server.log.segment.size.max = 1048576 (custom)
2020-12-26 01:57:54,282 [pool-666-thread-1] INFO  server.RaftServerConfigKeys (ConfUtils.java:logGet(44)) - raft.server.log.segment.cache.num.max = 2 (custom)
2020-12-26 01:57:54,283 [pool-666-thread-1] INFO  server.RaftServerConfigKeys (ConfUtils.java:logGet(44)) - raft.server.log.segment.cache.size.max = 200MB (=209715200) (default)
2020-12-26 01:57:54,283 [pool-666-thread-1] INFO  segmented.SegmentedRaftLogWorker (SegmentedRaftLogWorker.java:<init>(181)) - new a9229adb-278c-43ef-9666-e3cbf980c0ea@group-6696EB7B60AF-SegmentedRaftLogWorker for RaftStorage:Storage Directory /github/workspace/mnt/ozone/hadoop-ozone/integration-test/target/test-dir/MiniOzoneClusterImpl-b0bbc67e-6e78-4c8b-9c9f-814a2ca087f9/datanode-1/data/ratis/76484d9c-c345-4865-b768-6696eb7b60af
2020-12-26 01:57:54,283 [pool-666-thread-1] INFO  server.RaftServerConfigKeys (ConfUtils.java:logGet(44)) - raft.server.log.queue.byte-limit = 2147483647 (custom)
2020-12-26 01:57:54,283 [pool-666-thread-1] INFO  server.RaftServerConfigKeys (ConfUtils.java:logGet(44)) - raft.server.log.queue.element-limit = 1024 (custom)
2020-12-26 01:57:54,283 [pool-666-thread-1] INFO  server.RaftServerConfigKeys (ConfUtils.java:logGet(44)) - raft.server.log.segment.size.max = 1048576 (custom)
2020-12-26 01:57:54,283 [pool-666-thread-1] INFO  server.RaftServerConfigKeys (ConfUtils.java:logGet(44)) - raft.server.log.preallocated.size = 16384 (custom)
2020-12-26 01:57:54,283 [pool-666-thread-1] INFO  server.RaftServerConfigKeys (ConfUtils.java:logGet(44)) - raft.server.log.force.sync.num = 128 (default)
2020-12-26 01:57:54,283 [pool-666-thread-1] INFO  server.RaftServerConfigKeys (ConfUtils.java:logGet(44)) - raft.server.log.statemachine.data.sync = true (default)
2020-12-26 01:57:54,283 [pool-666-thread-1] INFO  server.RaftServerConfigKeys (ConfUtils.java:logGet(44)) - raft.server.log.statemachine.data.sync.timeout = 10s (default)
2020-12-26 01:57:54,283 [pool-666-thread-1] INFO  server.RaftServerConfigKeys (ConfUtils.java:logGet(44)) - raft.server.log.statemachine.data.sync.timeout.retry = -1 (default)
2020-12-26 01:57:54,285 [pool-666-thread-1] INFO  server.RaftServerConfigKeys (ConfUtils.java:logGet(44)) - raft.server.log.write.buffer.size = 1048576 (custom)
2020-12-26 01:57:54,285 [pool-666-thread-1] INFO  server.RaftServerConfigKeys (ConfUtils.java:logGet(44)) - raft.server.log.statemachine.data.caching.enabled = true (custom)
2020-12-26 01:57:54,286 [pool-666-thread-1] INFO  segmented.SegmentedRaftLogWorker (SegmentedRaftLogWorker.java:lambda$new$0(132)) - a9229adb-278c-43ef-9666-e3cbf980c0ea@group-6696EB7B60AF-SegmentedRaftLogWorker: flushIndex: setUnconditionally 0 -> -1
2020-12-26 01:57:54,286 [pool-666-thread-1] INFO  segmented.SegmentedRaftLogWorker (SegmentedRaftLogWorker.java:lambda$new$0(132)) - a9229adb-278c-43ef-9666-e3cbf980c0ea@group-6696EB7B60AF-SegmentedRaftLogWorker: safeCacheEvictIndex: setUnconditionally 0 -> -1
2020-12-26 01:57:54,287 [pool-666-thread-1] INFO  server.RaftServerConfigKeys (ConfUtils.java:logGet(44)) - raft.server.snapshot.auto.trigger.enabled = true (custom)
2020-12-26 01:57:54,287 [pool-666-thread-1] INFO  server.RaftServerConfigKeys (ConfUtils.java:logGet(44)) - raft.server.snapshot.auto.trigger.threshold = 10000 (custom)
2020-12-26 01:57:54,287 [pool-666-thread-1] INFO  server.RaftServerConfigKeys (ConfUtils.java:logGet(44)) - raft.server.snapshot.retention.file.num = 5 (custom)
2020-12-26 01:57:54,287 [pool-666-thread-1] INFO  server.RaftServerConfigKeys (ConfUtils.java:logGet(44)) - raft.server.log.purge.upto.snapshot.index = false (default)
2020-12-26 01:57:54,287 [pool-666-thread-1] INFO  server.RaftServerConfigKeys (ConfUtils.java:logGet(44)) - raft.server.retrycache.expirytime = 600000ms (custom)
2020-12-26 01:57:54,287 [pool-666-thread-1] INFO  server.RaftServerConfigKeys (ConfUtils.java:logGet(44)) - raft.server.retrycache.statistics.expirytime = 100?s (default)
2020-12-26 01:57:54,287 [pool-666-thread-1] INFO  metrics.RatisMetrics (RatisMetrics.java:lambda$create$0(36)) - Creating Metrics Registry : ratis.leader_election.a9229adb-278c-43ef-9666-e3cbf980c0ea@group-6696EB7B60AF
2020-12-26 01:57:54,288 [pool-666-thread-1] INFO  metrics.RatisMetrics (RatisMetrics.java:lambda$create$0(36)) - Creating Metrics Registry : ratis.server.a9229adb-278c-43ef-9666-e3cbf980c0ea@group-6696EB7B60AF
2020-12-26 01:57:54,289 [pool-666-thread-1] INFO  server.RaftServer$Division (RaftServerImpl.java:start(286)) - a9229adb-278c-43ef-9666-e3cbf980c0ea@group-6696EB7B60AF: start as a follower, conf=-1: [a9229adb-278c-43ef-9666-e3cbf980c0ea|rpc:172.17.0.2:43985|dataStream:, 16d33d7f-de85-4153-a986-8f085dcb09ff|rpc:172.17.0.2:35329|dataStream:, c7c2d1d0-24bf-4086-b8ac-f9c9c7e07f42|rpc:172.17.0.2:44251|dataStream:], old=null
2020-12-26 01:57:54,289 [pool-666-thread-1] INFO  server.RaftServer$Division (RaftServerImpl.java:setRole(275)) - a9229adb-278c-43ef-9666-e3cbf980c0ea@group-6696EB7B60AF: changes role from      null to FOLLOWER at term 0 for startAsFollower
2020-12-26 01:57:54,289 [pool-666-thread-1] INFO  impl.RoleInfo (RoleInfo.java:updateAndGet(130)) - a9229adb-278c-43ef-9666-e3cbf980c0ea: start a9229adb-278c-43ef-9666-e3cbf980c0ea@group-6696EB7B60AF-FollowerState
2020-12-26 01:57:54,290 [pool-666-thread-1] INFO  util.JmxRegister (JmxRegister.java:tryRegister(44)) - Successfully registered JMX Bean with object name Ratis:service=RaftServer,group=group-6696EB7B60AF,id=a9229adb-278c-43ef-9666-e3cbf980c0ea
2020-12-26 01:57:54,290 [pool-666-thread-1] INFO  metrics.RatisMetrics (RatisMetrics.java:lambda$create$0(36)) - Creating Metrics Registry : ratis.state_machine.a9229adb-278c-43ef-9666-e3cbf980c0ea@group-6696EB7B60AF
2020-12-26 01:57:54,295 [Command processor thread] INFO  commandhandler.CreatePipelineCommandHandler (CreatePipelineCommandHandler.java:handle(106)) - Created Pipeline RATIS THREE PipelineID=76484d9c-c345-4865-b768-6696eb7b60af.
2020-12-26 01:57:54,295 [Command processor thread] WARN  server.RaftServer (RaftServerProxy.java:remove(99)) - c7c2d1d0-24bf-4086-b8ac-f9c9c7e07f42: does not contain group: group-BE28A4447053
2020-12-26 01:57:54,295 [Command processor thread] ERROR commandhandler.ClosePipelineCommandHandler (ClosePipelineCommandHandler.java:handle(78)) - Can't close pipeline PipelineID=531cb22c-be6d-463e-b99c-be28a4447053
java.io.IOException: c7c2d1d0-24bf-4086-b8ac-f9c9c7e07f42: Group group-BE28A4447053 not found.
	at org.apache.hadoop.ozone.container.common.transport.server.ratis.XceiverServerRatis.removeGroup(XceiverServerRatis.java:782)
	at org.apache.hadoop.ozone.container.common.statemachine.commandhandler.ClosePipelineCommandHandler.handle(ClosePipelineCommandHandler.java:74)
	at org.apache.hadoop.ozone.container.common.statemachine.commandhandler.CommandDispatcher.handle(CommandDispatcher.java:99)
	at org.apache.hadoop.ozone.container.common.statemachine.DatanodeStateMachine.lambda$initCommandHandlerThread$2(DatanodeStateMachine.java:498)
	at java.lang.Thread.run(Thread.java:748)
Caused by: org.apache.ratis.protocol.exceptions.GroupMismatchException: c7c2d1d0-24bf-4086-b8ac-f9c9c7e07f42: Group group-BE28A4447053 not found.
	at org.apache.ratis.server.impl.RaftServerProxy.groupRemoveAsync(RaftServerProxy.java:494)
	at org.apache.ratis.server.impl.RaftServerProxy.groupManagementAsync(RaftServerProxy.java:450)
	at org.apache.ratis.server.impl.RaftServerProxy.groupManagement(RaftServerProxy.java:430)
	at org.apache.hadoop.ozone.container.common.transport.server.ratis.XceiverServerRatis.removeGroup(XceiverServerRatis.java:780)
	... 4 more
2020-12-26 01:57:54,295 [Command processor thread] WARN  server.RaftServer (RaftServerProxy.java:remove(99)) - c7c2d1d0-24bf-4086-b8ac-f9c9c7e07f42: does not contain group: group-CBCCC18211C1
2020-12-26 01:57:54,295 [Command processor thread] ERROR commandhandler.ClosePipelineCommandHandler (ClosePipelineCommandHandler.java:handle(78)) - Can't close pipeline PipelineID=4b3ce42e-715f-4136-a2ae-cbccc18211c1
java.io.IOException: c7c2d1d0-24bf-4086-b8ac-f9c9c7e07f42: Group group-CBCCC18211C1 not found.
	at org.apache.hadoop.ozone.container.common.transport.server.ratis.XceiverServerRatis.removeGroup(XceiverServerRatis.java:782)
	at org.apache.hadoop.ozone.container.common.statemachine.commandhandler.ClosePipelineCommandHandler.handle(ClosePipelineCommandHandler.java:74)
	at org.apache.hadoop.ozone.container.common.statemachine.commandhandler.CommandDispatcher.handle(CommandDispatcher.java:99)
	at org.apache.hadoop.ozone.container.common.statemachine.DatanodeStateMachine.lambda$initCommandHandlerThread$2(DatanodeStateMachine.java:498)
	at java.lang.Thread.run(Thread.java:748)
Caused by: org.apache.ratis.protocol.exceptions.GroupMismatchException: c7c2d1d0-24bf-4086-b8ac-f9c9c7e07f42: Group group-CBCCC18211C1 not found.
	at org.apache.ratis.server.impl.RaftServerProxy.groupRemoveAsync(RaftServerProxy.java:494)
	at org.apache.ratis.server.impl.RaftServerProxy.groupManagementAsync(RaftServerProxy.java:450)
	at org.apache.ratis.server.impl.RaftServerProxy.groupManagement(RaftServerProxy.java:430)
	at org.apache.hadoop.ozone.container.common.transport.server.ratis.XceiverServerRatis.removeGroup(XceiverServerRatis.java:780)
	... 4 more
2020-12-26 01:57:54,295 [Command processor thread] WARN  server.RaftServer (RaftServerProxy.java:remove(99)) - c7c2d1d0-24bf-4086-b8ac-f9c9c7e07f42: does not contain group: group-BE28A4447053
2020-12-26 01:57:54,295 [Command processor thread] ERROR commandhandler.ClosePipelineCommandHandler (ClosePipelineCommandHandler.java:handle(78)) - Can't close pipeline PipelineID=531cb22c-be6d-463e-b99c-be28a4447053
java.io.IOException: c7c2d1d0-24bf-4086-b8ac-f9c9c7e07f42: Group group-BE28A4447053 not found.
	at org.apache.hadoop.ozone.container.common.transport.server.ratis.XceiverServerRatis.removeGroup(XceiverServerRatis.java:782)
	at org.apache.hadoop.ozone.container.common.statemachine.commandhandler.ClosePipelineCommandHandler.handle(ClosePipelineCommandHandler.java:74)
	at org.apache.hadoop.ozone.container.common.statemachine.commandhandler.CommandDispatcher.handle(CommandDispatcher.java:99)
	at org.apache.hadoop.ozone.container.common.statemachine.DatanodeStateMachine.lambda$initCommandHandlerThread$2(DatanodeStateMachine.java:498)
	at java.lang.Thread.run(Thread.java:748)
Caused by: org.apache.ratis.protocol.exceptions.GroupMismatchException: c7c2d1d0-24bf-4086-b8ac-f9c9c7e07f42: Group group-BE28A4447053 not found.
	at org.apache.ratis.server.impl.RaftServerProxy.groupRemoveAsync(RaftServerProxy.java:494)
	at org.apache.ratis.server.impl.RaftServerProxy.groupManagementAsync(RaftServerProxy.java:450)
	at org.apache.ratis.server.impl.RaftServerProxy.groupManagement(RaftServerProxy.java:430)
	at org.apache.hadoop.ozone.container.common.transport.server.ratis.XceiverServerRatis.removeGroup(XceiverServerRatis.java:780)
	... 4 more
2020-12-26 01:57:54,295 [Command processor thread] WARN  server.RaftServer (RaftServerProxy.java:remove(99)) - c7c2d1d0-24bf-4086-b8ac-f9c9c7e07f42: does not contain group: group-CBCCC18211C1
2020-12-26 01:57:54,295 [Command processor thread] ERROR commandhandler.ClosePipelineCommandHandler (ClosePipelineCommandHandler.java:handle(78)) - Can't close pipeline PipelineID=4b3ce42e-715f-4136-a2ae-cbccc18211c1
java.io.IOException: c7c2d1d0-24bf-4086-b8ac-f9c9c7e07f42: Group group-CBCCC18211C1 not found.
	at org.apache.hadoop.ozone.container.common.transport.server.ratis.XceiverServerRatis.removeGroup(XceiverServerRatis.java:782)
	at org.apache.hadoop.ozone.container.common.statemachine.commandhandler.ClosePipelineCommandHandler.handle(ClosePipelineCommandHandler.java:74)
	at org.apache.hadoop.ozone.container.common.statemachine.commandhandler.CommandDispatcher.handle(CommandDispatcher.java:99)
	at org.apache.hadoop.ozone.container.common.statemachine.DatanodeStateMachine.lambda$initCommandHandlerThread$2(DatanodeStateMachine.java:498)
	at java.lang.Thread.run(Thread.java:748)
Caused by: org.apache.ratis.protocol.exceptions.GroupMismatchException: c7c2d1d0-24bf-4086-b8ac-f9c9c7e07f42: Group group-CBCCC18211C1 not found.
	at org.apache.ratis.server.impl.RaftServerProxy.groupRemoveAsync(RaftServerProxy.java:494)
	at org.apache.ratis.server.impl.RaftServerProxy.groupManagementAsync(RaftServerProxy.java:450)
	at org.apache.ratis.server.impl.RaftServerProxy.groupManagement(RaftServerProxy.java:430)
	at org.apache.hadoop.ozone.container.common.transport.server.ratis.XceiverServerRatis.removeGroup(XceiverServerRatis.java:780)
	... 4 more
2020-12-26 01:57:54,295 [Command processor thread] WARN  server.RaftServer (RaftServerProxy.java:remove(99)) - c7c2d1d0-24bf-4086-b8ac-f9c9c7e07f42: does not contain group: group-BE28A4447053
2020-12-26 01:57:54,295 [Command processor thread] ERROR commandhandler.ClosePipelineCommandHandler (ClosePipelineCommandHandler.java:handle(78)) - Can't close pipeline PipelineID=531cb22c-be6d-463e-b99c-be28a4447053
java.io.IOException: c7c2d1d0-24bf-4086-b8ac-f9c9c7e07f42: Group group-BE28A4447053 not found.
	at org.apache.hadoop.ozone.container.common.transport.server.ratis.XceiverServerRatis.removeGroup(XceiverServerRatis.java:782)
	at org.apache.hadoop.ozone.container.common.statemachine.commandhandler.ClosePipelineCommandHandler.handle(ClosePipelineCommandHandler.java:74)
	at org.apache.hadoop.ozone.container.common.statemachine.commandhandler.CommandDispatcher.handle(CommandDispatcher.java:99)
	at org.apache.hadoop.ozone.container.common.statemachine.DatanodeStateMachine.lambda$initCommandHandlerThread$2(DatanodeStateMachine.java:498)
	at java.lang.Thread.run(Thread.java:748)
Caused by: org.apache.ratis.protocol.exceptions.GroupMismatchException: c7c2d1d0-24bf-4086-b8ac-f9c9c7e07f42: Group group-BE28A4447053 not found.
	at org.apache.ratis.server.impl.RaftServerProxy.groupRemoveAsync(RaftServerProxy.java:494)
	at org.apache.ratis.server.impl.RaftServerProxy.groupManagementAsync(RaftServerProxy.java:450)
	at org.apache.ratis.server.impl.RaftServerProxy.groupManagement(RaftServerProxy.java:430)
	at org.apache.hadoop.ozone.container.common.transport.server.ratis.XceiverServerRatis.removeGroup(XceiverServerRatis.java:780)
	... 4 more
2020-12-26 01:57:54,296 [Command processor thread] WARN  server.RaftServer (RaftServerProxy.java:remove(99)) - c7c2d1d0-24bf-4086-b8ac-f9c9c7e07f42: does not contain group: group-CBCCC18211C1
2020-12-26 01:57:54,296 [Command processor thread] ERROR commandhandler.ClosePipelineCommandHandler (ClosePipelineCommandHandler.java:handle(78)) - Can't close pipeline PipelineID=4b3ce42e-715f-4136-a2ae-cbccc18211c1
java.io.IOException: c7c2d1d0-24bf-4086-b8ac-f9c9c7e07f42: Group group-CBCCC18211C1 not found.
	at org.apache.hadoop.ozone.container.common.transport.server.ratis.XceiverServerRatis.removeGroup(XceiverServerRatis.java:782)
	at org.apache.hadoop.ozone.container.common.statemachine.commandhandler.ClosePipelineCommandHandler.handle(ClosePipelineCommandHandler.java:74)
	at org.apache.hadoop.ozone.container.common.statemachine.commandhandler.CommandDispatcher.handle(CommandDispatcher.java:99)
	at org.apache.hadoop.ozone.container.common.statemachine.DatanodeStateMachine.lambda$initCommandHandlerThread$2(DatanodeStateMachine.java:498)
	at java.lang.Thread.run(Thread.java:748)
Caused by: org.apache.ratis.protocol.exceptions.GroupMismatchException: c7c2d1d0-24bf-4086-b8ac-f9c9c7e07f42: Group group-CBCCC18211C1 not found.
	at org.apache.ratis.server.impl.RaftServerProxy.groupRemoveAsync(RaftServerProxy.java:494)
	at org.apache.ratis.server.impl.RaftServerProxy.groupManagementAsync(RaftServerProxy.java:450)
	at org.apache.ratis.server.impl.RaftServerProxy.groupManagement(RaftServerProxy.java:430)
	at org.apache.hadoop.ozone.container.common.transport.server.ratis.XceiverServerRatis.removeGroup(XceiverServerRatis.java:780)
	... 4 more
2020-12-26 01:57:54,712 [Listener at 127.0.0.1/40109] INFO  ozoneimpl.OzoneContainer (OzoneContainer.java:stop(257)) - Attempting to stop container services.
2020-12-26 01:57:54,712 [Listener at 127.0.0.1/40109] INFO  server.RaftServer (RaftServerProxy.java:lambda$close$6(387)) - 8e16b57b-a520-4ff3-ab9c-70e7128aded3: close
2020-12-26 01:57:54,712 [ForkJoinPool.commonPool-worker-1] INFO  ozoneimpl.OzoneContainer (OzoneContainer.java:stop(257)) - Attempting to stop container services.
2020-12-26 01:57:54,713 [ForkJoinPool.commonPool-worker-1] INFO  server.RaftServer (RaftServerProxy.java:lambda$close$6(387)) - a9229adb-278c-43ef-9666-e3cbf980c0ea: close
2020-12-26 01:57:54,712 [Listener at 127.0.0.1/40109] INFO  server.RaftServer$Division (RaftServerImpl.java:lambda$close$4(397)) - 8e16b57b-a520-4ff3-ab9c-70e7128aded3@group-99F8A9162041: shutdown
2020-12-26 01:57:54,713 [Listener at 127.0.0.1/40109] INFO  util.JmxRegister (JmxRegister.java:unregister(73)) - Successfully un-registered JMX Bean with object name Ratis:service=RaftServer,group=group-99F8A9162041,id=8e16b57b-a520-4ff3-ab9c-70e7128aded3
2020-12-26 01:57:54,713 [Listener at 127.0.0.1/40109] INFO  impl.RoleInfo (RoleInfo.java:shutdownFollowerState(108)) - 8e16b57b-a520-4ff3-ab9c-70e7128aded3: shutdown 8e16b57b-a520-4ff3-ab9c-70e7128aded3@group-99F8A9162041-FollowerState
2020-12-26 01:57:54,713 [Listener at 127.0.0.1/40109] INFO  impl.StateMachineUpdater (StateMachineUpdater.java:stopAndJoin(148)) - 8e16b57b-a520-4ff3-ab9c-70e7128aded3@group-99F8A9162041-StateMachineUpdater: set stopIndex = 0
2020-12-26 01:57:54,713 [Thread-2632] INFO  impl.FollowerState (FollowerState.java:run(142)) - 8e16b57b-a520-4ff3-ab9c-70e7128aded3@group-99F8A9162041-FollowerState was interrupted: {}
java.lang.InterruptedException: sleep interrupted
	at java.lang.Thread.sleep(Native Method)
	at java.lang.Thread.sleep(Thread.java:340)
	at java.util.concurrent.TimeUnit.sleep(TimeUnit.java:386)
	at org.apache.ratis.util.TimeDuration.sleep(TimeDuration.java:319)
	at org.apache.ratis.util.TimeDuration.sleep(TimeDuration.java:304)
	at org.apache.ratis.server.impl.FollowerState.run(FollowerState.java:117)
2020-12-26 01:57:54,714 [8e16b57b-a520-4ff3-ab9c-70e7128aded3@group-99F8A9162041-StateMachineUpdater] INFO  ratis.ContainerStateMachine (ContainerStateMachine.java:takeSnapshot(291)) - group-99F8A9162041: Taking a snapshot at:(t:1, i:0) file /github/workspace/mnt/ozone/hadoop-ozone/integration-test/target/test-dir/MiniOzoneClusterImpl-b0bbc67e-6e78-4c8b-9c9f-814a2ca087f9/datanode-4/data/ratis/5d650413-b041-4683-8cab-99f8a9162041/sm/snapshot.1_0
2020-12-26 01:57:54,713 [ForkJoinPool.commonPool-worker-1] INFO  server.RaftServer$Division (RaftServerImpl.java:lambda$close$4(397)) - a9229adb-278c-43ef-9666-e3cbf980c0ea@group-CFB692A00539: shutdown
2020-12-26 01:57:54,714 [ForkJoinPool.commonPool-worker-1] INFO  util.JmxRegister (JmxRegister.java:unregister(73)) - Successfully un-registered JMX Bean with object name Ratis:service=RaftServer,group=group-CFB692A00539,id=a9229adb-278c-43ef-9666-e3cbf980c0ea
2020-12-26 01:57:54,714 [ForkJoinPool.commonPool-worker-1] INFO  impl.RoleInfo (RoleInfo.java:shutdownFollowerState(108)) - a9229adb-278c-43ef-9666-e3cbf980c0ea: shutdown a9229adb-278c-43ef-9666-e3cbf980c0ea@group-CFB692A00539-FollowerState
2020-12-26 01:57:54,716 [ForkJoinPool.commonPool-worker-1] INFO  impl.StateMachineUpdater (StateMachineUpdater.java:stopAndJoin(148)) - a9229adb-278c-43ef-9666-e3cbf980c0ea@group-CFB692A00539-StateMachineUpdater: set stopIndex = -1
2020-12-26 01:57:54,714 [8e16b57b-a520-4ff3-ab9c-70e7128aded3@group-99F8A9162041-StateMachineUpdater] INFO  ratis.ContainerStateMachine (ContainerStateMachine.java:takeSnapshot(302)) - group-99F8A9162041: Finished taking a snapshot at:(t:1, i:0) file:/github/workspace/mnt/ozone/hadoop-ozone/integration-test/target/test-dir/MiniOzoneClusterImpl-b0bbc67e-6e78-4c8b-9c9f-814a2ca087f9/datanode-4/data/ratis/5d650413-b041-4683-8cab-99f8a9162041/sm/snapshot.1_0 time:1
2020-12-26 01:57:54,716 [Thread-2803] INFO  impl.FollowerState (FollowerState.java:run(142)) - a9229adb-278c-43ef-9666-e3cbf980c0ea@group-CFB692A00539-FollowerState was interrupted: {}
java.lang.InterruptedException: sleep interrupted
	at java.lang.Thread.sleep(Native Method)
	at java.lang.Thread.sleep(Thread.java:340)
	at java.util.concurrent.TimeUnit.sleep(TimeUnit.java:386)
	at org.apache.ratis.util.TimeDuration.sleep(TimeDuration.java:319)
	at org.apache.ratis.util.TimeDuration.sleep(TimeDuration.java:304)
	at org.apache.ratis.server.impl.FollowerState.run(FollowerState.java:117)
2020-12-26 01:57:54,716 [8e16b57b-a520-4ff3-ab9c-70e7128aded3@group-99F8A9162041-StateMachineUpdater] INFO  impl.StateMachineUpdater (StateMachineUpdater.java:takeSnapshot(279)) - 8e16b57b-a520-4ff3-ab9c-70e7128aded3@group-99F8A9162041-StateMachineUpdater: Took a snapshot at index 0
2020-12-26 01:57:54,716 [8e16b57b-a520-4ff3-ab9c-70e7128aded3@group-99F8A9162041-StateMachineUpdater] INFO  impl.StateMachineUpdater (StateMachineUpdater.java:lambda$new$0(88)) - 8e16b57b-a520-4ff3-ab9c-70e7128aded3@group-99F8A9162041-StateMachineUpdater: snapshotIndex: updateIncreasingly -1 -> 0
2020-12-26 01:57:54,716 [a9229adb-278c-43ef-9666-e3cbf980c0ea@group-CFB692A00539-StateMachineUpdater] INFO  metrics.RatisMetrics (RatisMetrics.java:unregister(43)) - Unregistering Metrics Registry : ratis.state_machine.a9229adb-278c-43ef-9666-e3cbf980c0ea@group-CFB692A00539
2020-12-26 01:57:54,716 [8e16b57b-a520-4ff3-ab9c-70e7128aded3@group-99F8A9162041-StateMachineUpdater] INFO  metrics.RatisMetrics (RatisMetrics.java:unregister(43)) - Unregistering Metrics Registry : ratis.state_machine.8e16b57b-a520-4ff3-ab9c-70e7128aded3@group-99F8A9162041
2020-12-26 01:57:54,717 [Listener at 127.0.0.1/40109] INFO  server.RaftServer$Division (ServerState.java:close(406)) - 8e16b57b-a520-4ff3-ab9c-70e7128aded3@group-99F8A9162041: closes. applyIndex: 0
2020-12-26 01:57:54,718 [ForkJoinPool.commonPool-worker-1] INFO  server.RaftServer$Division (ServerState.java:close(406)) - a9229adb-278c-43ef-9666-e3cbf980c0ea@group-CFB692A00539: closes. applyIndex: -1
2020-12-26 01:57:54,718 [8e16b57b-a520-4ff3-ab9c-70e7128aded3@group-99F8A9162041-SegmentedRaftLogWorker] INFO  segmented.SegmentedRaftLogWorker (SegmentedRaftLogWorker.java:run(326)) - 8e16b57b-a520-4ff3-ab9c-70e7128aded3@group-99F8A9162041-SegmentedRaftLogWorker was interrupted, exiting. There are 0 tasks remaining in the queue.
2020-12-26 01:57:54,718 [a9229adb-278c-43ef-9666-e3cbf980c0ea@group-CFB692A00539-SegmentedRaftLogWorker] INFO  segmented.SegmentedRaftLogWorker (SegmentedRaftLogWorker.java:run(326)) - a9229adb-278c-43ef-9666-e3cbf980c0ea@group-CFB692A00539-SegmentedRaftLogWorker was interrupted, exiting. There are 0 tasks remaining in the queue.
2020-12-26 01:57:54,718 [ForkJoinPool.commonPool-worker-1] INFO  segmented.SegmentedRaftLogWorker (SegmentedRaftLogWorker.java:close(236)) - a9229adb-278c-43ef-9666-e3cbf980c0ea@group-CFB692A00539-SegmentedRaftLogWorker close()
2020-12-26 01:57:54,719 [Listener at 127.0.0.1/40109] INFO  segmented.SegmentedRaftLogWorker (SegmentedRaftLogWorker.java:close(236)) - 8e16b57b-a520-4ff3-ab9c-70e7128aded3@group-99F8A9162041-SegmentedRaftLogWorker close()
2020-12-26 01:57:54,721 [Listener at 127.0.0.1/40109] INFO  metrics.RatisMetrics (RatisMetrics.java:unregister(43)) - Unregistering Metrics Registry : ratis.log_worker.8e16b57b-a520-4ff3-ab9c-70e7128aded3@group-99F8A9162041
2020-12-26 01:57:54,722 [Listener at 127.0.0.1/40109] INFO  metrics.RatisMetrics (RatisMetrics.java:unregister(43)) - Unregistering Metrics Registry : ratis.leader_election.8e16b57b-a520-4ff3-ab9c-70e7128aded3@group-99F8A9162041
2020-12-26 01:57:54,722 [Listener at 127.0.0.1/40109] INFO  metrics.RatisMetrics (RatisMetrics.java:unregister(43)) - Unregistering Metrics Registry : ratis.server.8e16b57b-a520-4ff3-ab9c-70e7128aded3@group-99F8A9162041
2020-12-26 01:57:54,722 [Listener at 127.0.0.1/40109] INFO  server.RaftServer$Division (RaftServerImpl.java:lambda$close$4(397)) - 8e16b57b-a520-4ff3-ab9c-70e7128aded3@group-49E6829A44B8: shutdown
2020-12-26 01:57:54,722 [Listener at 127.0.0.1/40109] INFO  util.JmxRegister (JmxRegister.java:unregister(73)) - Successfully un-registered JMX Bean with object name Ratis:service=RaftServer,group=group-49E6829A44B8,id=8e16b57b-a520-4ff3-ab9c-70e7128aded3
2020-12-26 01:57:54,722 [Listener at 127.0.0.1/40109] INFO  impl.RoleInfo (RoleInfo.java:shutdownFollowerState(108)) - 8e16b57b-a520-4ff3-ab9c-70e7128aded3: shutdown 8e16b57b-a520-4ff3-ab9c-70e7128aded3@group-49E6829A44B8-FollowerState
2020-12-26 01:57:54,721 [ForkJoinPool.commonPool-worker-1] INFO  metrics.RatisMetrics (RatisMetrics.java:unregister(43)) - Unregistering Metrics Registry : ratis.log_worker.a9229adb-278c-43ef-9666-e3cbf980c0ea@group-CFB692A00539
2020-12-26 01:57:54,723 [8e16b57b-a520-4ff3-ab9c-70e7128aded3@group-49E6829A44B8-StateMachineUpdater] INFO  ratis.ContainerStateMachine (ContainerStateMachine.java:takeSnapshot(291)) - group-49E6829A44B8: Taking a snapshot at:(t:1, i:15) file /github/workspace/mnt/ozone/hadoop-ozone/integration-test/target/test-dir/MiniOzoneClusterImpl-b0bbc67e-6e78-4c8b-9c9f-814a2ca087f9/datanode-4/data/ratis/3ec49c11-b3df-4246-874d-49e6829a44b8/sm/snapshot.1_15
2020-12-26 01:57:54,722 [Listener at 127.0.0.1/40109] INFO  impl.StateMachineUpdater (StateMachineUpdater.java:stopAndJoin(148)) - 8e16b57b-a520-4ff3-ab9c-70e7128aded3@group-49E6829A44B8-StateMachineUpdater: set stopIndex = 15
2020-12-26 01:57:54,722 [Thread-2647] INFO  impl.FollowerState (FollowerState.java:run(142)) - 8e16b57b-a520-4ff3-ab9c-70e7128aded3@group-49E6829A44B8-FollowerState was interrupted: {}
java.lang.InterruptedException: sleep interrupted
	at java.lang.Thread.sleep(Native Method)
	at java.lang.Thread.sleep(Thread.java:340)
	at java.util.concurrent.TimeUnit.sleep(TimeUnit.java:386)
	at org.apache.ratis.util.TimeDuration.sleep(TimeDuration.java:319)
	at org.apache.ratis.util.TimeDuration.sleep(TimeDuration.java:304)
	at org.apache.ratis.server.impl.FollowerState.run(FollowerState.java:117)
2020-12-26 01:57:54,723 [ForkJoinPool.commonPool-worker-1] INFO  metrics.RatisMetrics (RatisMetrics.java:unregister(43)) - Unregistering Metrics Registry : ratis.leader_election.a9229adb-278c-43ef-9666-e3cbf980c0ea@group-CFB692A00539
2020-12-26 01:57:54,723 [ForkJoinPool.commonPool-worker-1] INFO  metrics.RatisMetrics (RatisMetrics.java:unregister(43)) - Unregistering Metrics Registry : ratis.server.a9229adb-278c-43ef-9666-e3cbf980c0ea@group-CFB692A00539
2020-12-26 01:57:54,723 [ForkJoinPool.commonPool-worker-1] INFO  server.RaftServer$Division (RaftServerImpl.java:lambda$close$4(397)) - a9229adb-278c-43ef-9666-e3cbf980c0ea@group-BE28A4447053: shutdown
2020-12-26 01:57:54,724 [8e16b57b-a520-4ff3-ab9c-70e7128aded3@group-49E6829A44B8-StateMachineUpdater] INFO  ratis.ContainerStateMachine (ContainerStateMachine.java:takeSnapshot(302)) - group-49E6829A44B8: Finished taking a snapshot at:(t:1, i:15) file:/github/workspace/mnt/ozone/hadoop-ozone/integration-test/target/test-dir/MiniOzoneClusterImpl-b0bbc67e-6e78-4c8b-9c9f-814a2ca087f9/datanode-4/data/ratis/3ec49c11-b3df-4246-874d-49e6829a44b8/sm/snapshot.1_15 time:1
2020-12-26 01:57:54,724 [8e16b57b-a520-4ff3-ab9c-70e7128aded3@group-49E6829A44B8-StateMachineUpdater] INFO  impl.StateMachineUpdater (StateMachineUpdater.java:takeSnapshot(279)) - 8e16b57b-a520-4ff3-ab9c-70e7128aded3@group-49E6829A44B8-StateMachineUpdater: Took a snapshot at index 15
2020-12-26 01:57:54,724 [8e16b57b-a520-4ff3-ab9c-70e7128aded3@group-49E6829A44B8-StateMachineUpdater] INFO  impl.StateMachineUpdater (StateMachineUpdater.java:lambda$new$0(88)) - 8e16b57b-a520-4ff3-ab9c-70e7128aded3@group-49E6829A44B8-StateMachineUpdater: snapshotIndex: updateIncreasingly -1 -> 15
2020-12-26 01:57:54,724 [8e16b57b-a520-4ff3-ab9c-70e7128aded3@group-49E6829A44B8-StateMachineUpdater] INFO  metrics.RatisMetrics (RatisMetrics.java:unregister(43)) - Unregistering Metrics Registry : ratis.state_machine.8e16b57b-a520-4ff3-ab9c-70e7128aded3@group-49E6829A44B8
2020-12-26 01:57:54,724 [Listener at 127.0.0.1/40109] INFO  server.RaftServer$Division (ServerState.java:close(406)) - 8e16b57b-a520-4ff3-ab9c-70e7128aded3@group-49E6829A44B8: closes. applyIndex: 15
2020-12-26 01:57:54,725 [8e16b57b-a520-4ff3-ab9c-70e7128aded3@group-49E6829A44B8-SegmentedRaftLogWorker] INFO  segmented.SegmentedRaftLogWorker (SegmentedRaftLogWorker.java:run(326)) - 8e16b57b-a520-4ff3-ab9c-70e7128aded3@group-49E6829A44B8-SegmentedRaftLogWorker was interrupted, exiting. There are 0 tasks remaining in the queue.
2020-12-26 01:57:54,724 [ForkJoinPool.commonPool-worker-1] INFO  util.JmxRegister (JmxRegister.java:unregister(73)) - Successfully un-registered JMX Bean with object name Ratis:service=RaftServer,group=group-BE28A4447053,id=a9229adb-278c-43ef-9666-e3cbf980c0ea
2020-12-26 01:57:54,725 [ForkJoinPool.commonPool-worker-1] INFO  impl.RoleInfo (RoleInfo.java:shutdownFollowerState(108)) - a9229adb-278c-43ef-9666-e3cbf980c0ea: shutdown a9229adb-278c-43ef-9666-e3cbf980c0ea@group-BE28A4447053-FollowerState
2020-12-26 01:57:54,725 [Thread-2715] INFO  impl.FollowerState (FollowerState.java:run(142)) - a9229adb-278c-43ef-9666-e3cbf980c0ea@group-BE28A4447053-FollowerState was interrupted: {}
java.lang.InterruptedException: sleep interrupted
	at java.lang.Thread.sleep(Native Method)
	at java.lang.Thread.sleep(Thread.java:340)
	at java.util.concurrent.TimeUnit.sleep(TimeUnit.java:386)
	at org.apache.ratis.util.TimeDuration.sleep(TimeDuration.java:319)
	at org.apache.ratis.util.TimeDuration.sleep(TimeDuration.java:304)
	at org.apache.ratis.server.impl.FollowerState.run(FollowerState.java:117)
2020-12-26 01:57:54,725 [ForkJoinPool.commonPool-worker-1] INFO  impl.StateMachineUpdater (StateMachineUpdater.java:stopAndJoin(148)) - a9229adb-278c-43ef-9666-e3cbf980c0ea@group-BE28A4447053-StateMachineUpdater: set stopIndex = 16
2020-12-26 01:57:54,726 [a9229adb-278c-43ef-9666-e3cbf980c0ea@group-BE28A4447053-StateMachineUpdater] INFO  ratis.ContainerStateMachine (ContainerStateMachine.java:takeSnapshot(291)) - group-BE28A4447053: Taking a snapshot at:(t:2, i:16) file /github/workspace/mnt/ozone/hadoop-ozone/integration-test/target/test-dir/MiniOzoneClusterImpl-b0bbc67e-6e78-4c8b-9c9f-814a2ca087f9/datanode-1/data/ratis/531cb22c-be6d-463e-b99c-be28a4447053/sm/snapshot.2_16
2020-12-26 01:57:54,726 [Listener at 127.0.0.1/40109] INFO  segmented.SegmentedRaftLogWorker (SegmentedRaftLogWorker.java:close(236)) - 8e16b57b-a520-4ff3-ab9c-70e7128aded3@group-49E6829A44B8-SegmentedRaftLogWorker close()
2020-12-26 01:57:54,727 [a9229adb-278c-43ef-9666-e3cbf980c0ea@group-BE28A4447053-StateMachineUpdater] INFO  ratis.ContainerStateMachine (ContainerStateMachine.java:takeSnapshot(302)) - group-BE28A4447053: Finished taking a snapshot at:(t:2, i:16) file:/github/workspace/mnt/ozone/hadoop-ozone/integration-test/target/test-dir/MiniOzoneClusterImpl-b0bbc67e-6e78-4c8b-9c9f-814a2ca087f9/datanode-1/data/ratis/531cb22c-be6d-463e-b99c-be28a4447053/sm/snapshot.2_16 time:1
2020-12-26 01:57:54,727 [a9229adb-278c-43ef-9666-e3cbf980c0ea@group-BE28A4447053-StateMachineUpdater] INFO  impl.StateMachineUpdater (StateMachineUpdater.java:takeSnapshot(279)) - a9229adb-278c-43ef-9666-e3cbf980c0ea@group-BE28A4447053-StateMachineUpdater: Took a snapshot at index 16
2020-12-26 01:57:54,727 [a9229adb-278c-43ef-9666-e3cbf980c0ea@group-BE28A4447053-StateMachineUpdater] INFO  impl.StateMachineUpdater (StateMachineUpdater.java:lambda$new$0(88)) - a9229adb-278c-43ef-9666-e3cbf980c0ea@group-BE28A4447053-StateMachineUpdater: snapshotIndex: updateIncreasingly -1 -> 16
2020-12-26 01:57:54,727 [a9229adb-278c-43ef-9666-e3cbf980c0ea@group-BE28A4447053-StateMachineUpdater] INFO  metrics.RatisMetrics (RatisMetrics.java:unregister(43)) - Unregistering Metrics Registry : ratis.state_machine.a9229adb-278c-43ef-9666-e3cbf980c0ea@group-BE28A4447053
2020-12-26 01:57:54,727 [ForkJoinPool.commonPool-worker-1] INFO  server.RaftServer$Division (ServerState.java:close(406)) - a9229adb-278c-43ef-9666-e3cbf980c0ea@group-BE28A4447053: closes. applyIndex: 16
2020-12-26 01:57:54,728 [Listener at 127.0.0.1/40109] INFO  metrics.RatisMetrics (RatisMetrics.java:unregister(43)) - Unregistering Metrics Registry : ratis.log_worker.8e16b57b-a520-4ff3-ab9c-70e7128aded3@group-49E6829A44B8
2020-12-26 01:57:54,728 [a9229adb-278c-43ef-9666-e3cbf980c0ea@group-BE28A4447053-SegmentedRaftLogWorker] INFO  segmented.SegmentedRaftLogWorker (SegmentedRaftLogWorker.java:run(326)) - a9229adb-278c-43ef-9666-e3cbf980c0ea@group-BE28A4447053-SegmentedRaftLogWorker was interrupted, exiting. There are 0 tasks remaining in the queue.
2020-12-26 01:57:54,729 [Listener at 127.0.0.1/40109] INFO  metrics.RatisMetrics (RatisMetrics.java:unregister(43)) - Unregistering Metrics Registry : ratis.leader_election.8e16b57b-a520-4ff3-ab9c-70e7128aded3@group-49E6829A44B8
2020-12-26 01:57:54,729 [Listener at 127.0.0.1/40109] INFO  metrics.RatisMetrics (RatisMetrics.java:unregister(43)) - Unregistering Metrics Registry : ratis.server.8e16b57b-a520-4ff3-ab9c-70e7128aded3@group-49E6829A44B8
2020-12-26 01:57:54,729 [ForkJoinPool.commonPool-worker-1] INFO  segmented.SegmentedRaftLogWorker (SegmentedRaftLogWorker.java:close(236)) - a9229adb-278c-43ef-9666-e3cbf980c0ea@group-BE28A4447053-SegmentedRaftLogWorker close()
2020-12-26 01:57:54,729 [Listener at 127.0.0.1/40109] INFO  server.RaftServer$Division (RaftServerImpl.java:lambda$close$4(397)) - 8e16b57b-a520-4ff3-ab9c-70e7128aded3@group-0691FEF5E878: shutdown
2020-12-26 01:57:54,731 [ForkJoinPool.commonPool-worker-1] INFO  metrics.RatisMetrics (RatisMetrics.java:unregister(43)) - Unregistering Metrics Registry : ratis.log_worker.a9229adb-278c-43ef-9666-e3cbf980c0ea@group-BE28A4447053
2020-12-26 01:57:54,732 [ForkJoinPool.commonPool-worker-1] INFO  metrics.RatisMetrics (RatisMetrics.java:unregister(43)) - Unregistering Metrics Registry : ratis.leader_election.a9229adb-278c-43ef-9666-e3cbf980c0ea@group-BE28A4447053
2020-12-26 01:57:54,732 [ForkJoinPool.commonPool-worker-1] INFO  metrics.RatisMetrics (RatisMetrics.java:unregister(43)) - Unregistering Metrics Registry : ratis.server.a9229adb-278c-43ef-9666-e3cbf980c0ea@group-BE28A4447053
2020-12-26 01:57:54,731 [Listener at 127.0.0.1/40109] INFO  util.JmxRegister (JmxRegister.java:unregister(73)) - Successfully un-registered JMX Bean with object name Ratis:service=RaftServer,group=group-0691FEF5E878,id=8e16b57b-a520-4ff3-ab9c-70e7128aded3
2020-12-26 01:57:54,732 [Listener at 127.0.0.1/40109] INFO  impl.RoleInfo (RoleInfo.java:shutdownLeaderState(91)) - 8e16b57b-a520-4ff3-ab9c-70e7128aded3: shutdown 8e16b57b-a520-4ff3-ab9c-70e7128aded3@group-0691FEF5E878-LeaderStateImpl
2020-12-26 01:57:54,732 [Listener at 127.0.0.1/40109] INFO  impl.PendingRequests (PendingRequests.java:sendNotLeaderResponses(249)) - 8e16b57b-a520-4ff3-ab9c-70e7128aded3@group-0691FEF5E878-PendingRequests: sendNotLeaderResponses
2020-12-26 01:57:54,732 [ForkJoinPool.commonPool-worker-1] INFO  server.RaftServer$Division (RaftServerImpl.java:lambda$close$4(397)) - a9229adb-278c-43ef-9666-e3cbf980c0ea@group-A4C42016F79F: shutdown
2020-12-26 01:57:54,733 [ForkJoinPool.commonPool-worker-1] INFO  util.JmxRegister (JmxRegister.java:unregister(73)) - Successfully un-registered JMX Bean with object name Ratis:service=RaftServer,group=group-A4C42016F79F,id=a9229adb-278c-43ef-9666-e3cbf980c0ea
2020-12-26 01:57:54,733 [ForkJoinPool.commonPool-worker-1] INFO  impl.RoleInfo (RoleInfo.java:shutdownLeaderState(91)) - a9229adb-278c-43ef-9666-e3cbf980c0ea: shutdown a9229adb-278c-43ef-9666-e3cbf980c0ea@group-A4C42016F79F-LeaderStateImpl
2020-12-26 01:57:54,733 [Listener at 127.0.0.1/40109] INFO  metrics.RatisMetrics (RatisMetrics.java:unregister(43)) - Unregistering Metrics Registry : ratis.log_appender.8e16b57b-a520-4ff3-ab9c-70e7128aded3@group-0691FEF5E878
2020-12-26 01:57:54,733 [ForkJoinPool.commonPool-worker-1] INFO  impl.PendingRequests (PendingRequests.java:sendNotLeaderResponses(249)) - a9229adb-278c-43ef-9666-e3cbf980c0ea@group-A4C42016F79F-PendingRequests: sendNotLeaderResponses
2020-12-26 01:57:54,733 [ForkJoinPool.commonPool-worker-1] INFO  metrics.RatisMetrics (RatisMetrics.java:unregister(43)) - Unregistering Metrics Registry : ratis.log_appender.a9229adb-278c-43ef-9666-e3cbf980c0ea@group-A4C42016F79F
2020-12-26 01:57:54,733 [Listener at 127.0.0.1/40109] INFO  metrics.RatisMetrics (RatisMetrics.java:unregister(43)) - Unregistering Metrics Registry : ratis.server.8e16b57b-a520-4ff3-ab9c-70e7128aded3@group-0691FEF5E878
2020-12-26 01:57:54,733 [ForkJoinPool.commonPool-worker-1] INFO  metrics.RatisMetrics (RatisMetrics.java:unregister(43)) - Unregistering Metrics Registry : ratis.server.a9229adb-278c-43ef-9666-e3cbf980c0ea@group-A4C42016F79F
2020-12-26 01:57:54,735 [ForkJoinPool.commonPool-worker-1] INFO  impl.StateMachineUpdater (StateMachineUpdater.java:stopAndJoin(148)) - a9229adb-278c-43ef-9666-e3cbf980c0ea@group-A4C42016F79F-StateMachineUpdater: set stopIndex = 0
2020-12-26 01:57:54,735 [a9229adb-278c-43ef-9666-e3cbf980c0ea@group-A4C42016F79F-StateMachineUpdater] INFO  ratis.ContainerStateMachine (ContainerStateMachine.java:takeSnapshot(291)) - group-A4C42016F79F: Taking a snapshot at:(t:1, i:0) file /github/workspace/mnt/ozone/hadoop-ozone/integration-test/target/test-dir/MiniOzoneClusterImpl-b0bbc67e-6e78-4c8b-9c9f-814a2ca087f9/datanode-1/data/ratis/24ef1db4-029e-490d-b15c-a4c42016f79f/sm/snapshot.1_0
2020-12-26 01:57:54,736 [a9229adb-278c-43ef-9666-e3cbf980c0ea@group-A4C42016F79F-StateMachineUpdater] INFO  ratis.ContainerStateMachine (ContainerStateMachine.java:takeSnapshot(302)) - group-A4C42016F79F: Finished taking a snapshot at:(t:1, i:0) file:/github/workspace/mnt/ozone/hadoop-ozone/integration-test/target/test-dir/MiniOzoneClusterImpl-b0bbc67e-6e78-4c8b-9c9f-814a2ca087f9/datanode-1/data/ratis/24ef1db4-029e-490d-b15c-a4c42016f79f/sm/snapshot.1_0 time:1
2020-12-26 01:57:54,736 [a9229adb-278c-43ef-9666-e3cbf980c0ea@group-A4C42016F79F-StateMachineUpdater] INFO  impl.StateMachineUpdater (StateMachineUpdater.java:takeSnapshot(279)) - a9229adb-278c-43ef-9666-e3cbf980c0ea@group-A4C42016F79F-StateMachineUpdater: Took a snapshot at index 0
2020-12-26 01:57:54,736 [a9229adb-278c-43ef-9666-e3cbf980c0ea@group-A4C42016F79F-StateMachineUpdater] INFO  impl.StateMachineUpdater (StateMachineUpdater.java:lambda$new$0(88)) - a9229adb-278c-43ef-9666-e3cbf980c0ea@group-A4C42016F79F-StateMachineUpdater: snapshotIndex: updateIncreasingly -1 -> 0
2020-12-26 01:57:54,736 [a9229adb-278c-43ef-9666-e3cbf980c0ea@group-A4C42016F79F-StateMachineUpdater] INFO  metrics.RatisMetrics (RatisMetrics.java:unregister(43)) - Unregistering Metrics Registry : ratis.state_machine.a9229adb-278c-43ef-9666-e3cbf980c0ea@group-A4C42016F79F
2020-12-26 01:57:54,737 [ForkJoinPool.commonPool-worker-1] INFO  server.RaftServer$Division (ServerState.java:close(406)) - a9229adb-278c-43ef-9666-e3cbf980c0ea@group-A4C42016F79F: closes. applyIndex: 0
2020-12-26 01:57:54,737 [a9229adb-278c-43ef-9666-e3cbf980c0ea@group-A4C42016F79F-SegmentedRaftLogWorker] INFO  segmented.SegmentedRaftLogWorker (SegmentedRaftLogWorker.java:run(326)) - a9229adb-278c-43ef-9666-e3cbf980c0ea@group-A4C42016F79F-SegmentedRaftLogWorker was interrupted, exiting. There are 0 tasks remaining in the queue.
2020-12-26 01:57:54,738 [ForkJoinPool.commonPool-worker-1] INFO  segmented.SegmentedRaftLogWorker (SegmentedRaftLogWorker.java:close(236)) - a9229adb-278c-43ef-9666-e3cbf980c0ea@group-A4C42016F79F-SegmentedRaftLogWorker close()
2020-12-26 01:57:54,738 [ForkJoinPool.commonPool-worker-1] INFO  metrics.RatisMetrics (RatisMetrics.java:unregister(43)) - Unregistering Metrics Registry : ratis.log_worker.a9229adb-278c-43ef-9666-e3cbf980c0ea@group-A4C42016F79F
2020-12-26 01:57:54,738 [ForkJoinPool.commonPool-worker-1] INFO  metrics.RatisMetrics (RatisMetrics.java:unregister(43)) - Unregistering Metrics Registry : ratis.leader_election.a9229adb-278c-43ef-9666-e3cbf980c0ea@group-A4C42016F79F
2020-12-26 01:57:54,738 [ForkJoinPool.commonPool-worker-1] INFO  metrics.RatisMetrics (RatisMetrics.java:unregister(43)) - Unregistering Metrics Registry : ratis.server.a9229adb-278c-43ef-9666-e3cbf980c0ea@group-A4C42016F79F
2020-12-26 01:57:54,738 [ForkJoinPool.commonPool-worker-1] INFO  server.RaftServer$Division (RaftServerImpl.java:lambda$close$4(397)) - a9229adb-278c-43ef-9666-e3cbf980c0ea@group-CBCCC18211C1: shutdown
2020-12-26 01:57:54,738 [ForkJoinPool.commonPool-worker-1] INFO  util.JmxRegister (JmxRegister.java:unregister(73)) - Successfully un-registered JMX Bean with object name Ratis:service=RaftServer,group=group-CBCCC18211C1,id=a9229adb-278c-43ef-9666-e3cbf980c0ea
2020-12-26 01:57:54,738 [ForkJoinPool.commonPool-worker-1] INFO  impl.RoleInfo (RoleInfo.java:shutdownFollowerState(108)) - a9229adb-278c-43ef-9666-e3cbf980c0ea: shutdown a9229adb-278c-43ef-9666-e3cbf980c0ea@group-CBCCC18211C1-FollowerState
2020-12-26 01:57:54,738 [Listener at 127.0.0.1/40109] INFO  impl.StateMachineUpdater (StateMachineUpdater.java:stopAndJoin(148)) - 8e16b57b-a520-4ff3-ab9c-70e7128aded3@group-0691FEF5E878-StateMachineUpdater: set stopIndex = 0
2020-12-26 01:57:54,738 [8e16b57b-a520-4ff3-ab9c-70e7128aded3@group-0691FEF5E878-StateMachineUpdater] INFO  ratis.ContainerStateMachine (ContainerStateMachine.java:takeSnapshot(291)) - group-0691FEF5E878: Taking a snapshot at:(t:1, i:0) file /github/workspace/mnt/ozone/hadoop-ozone/integration-test/target/test-dir/MiniOzoneClusterImpl-b0bbc67e-6e78-4c8b-9c9f-814a2ca087f9/datanode-4/data/ratis/a9cf9c82-e9d9-4410-9875-0691fef5e878/sm/snapshot.1_0
2020-12-26 01:57:54,739 [Thread-2693] INFO  impl.FollowerState (FollowerState.java:run(142)) - a9229adb-278c-43ef-9666-e3cbf980c0ea@group-CBCCC18211C1-FollowerState was interrupted: {}
java.lang.InterruptedException: sleep interrupted
	at java.lang.Thread.sleep(Native Method)
	at java.lang.Thread.sleep(Thread.java:340)
	at java.util.concurrent.TimeUnit.sleep(TimeUnit.java:386)
	at org.apache.ratis.util.TimeDuration.sleep(TimeDuration.java:319)
	at org.apache.ratis.util.TimeDuration.sleep(TimeDuration.java:304)
	at org.apache.ratis.server.impl.FollowerState.run(FollowerState.java:117)
2020-12-26 01:57:54,740 [8e16b57b-a520-4ff3-ab9c-70e7128aded3@group-0691FEF5E878-StateMachineUpdater] INFO  ratis.ContainerStateMachine (ContainerStateMachine.java:takeSnapshot(302)) - group-0691FEF5E878: Finished taking a snapshot at:(t:1, i:0) file:/github/workspace/mnt/ozone/hadoop-ozone/integration-test/target/test-dir/MiniOzoneClusterImpl-b0bbc67e-6e78-4c8b-9c9f-814a2ca087f9/datanode-4/data/ratis/a9cf9c82-e9d9-4410-9875-0691fef5e878/sm/snapshot.1_0 time:2
2020-12-26 01:57:54,740 [8e16b57b-a520-4ff3-ab9c-70e7128aded3@group-0691FEF5E878-StateMachineUpdater] INFO  impl.StateMachineUpdater (StateMachineUpdater.java:takeSnapshot(279)) - 8e16b57b-a520-4ff3-ab9c-70e7128aded3@group-0691FEF5E878-StateMachineUpdater: Took a snapshot at index 0
2020-12-26 01:57:54,740 [8e16b57b-a520-4ff3-ab9c-70e7128aded3@group-0691FEF5E878-StateMachineUpdater] INFO  impl.StateMachineUpdater (StateMachineUpdater.java:lambda$new$0(88)) - 8e16b57b-a520-4ff3-ab9c-70e7128aded3@group-0691FEF5E878-StateMachineUpdater: snapshotIndex: updateIncreasingly -1 -> 0
2020-12-26 01:57:54,740 [8e16b57b-a520-4ff3-ab9c-70e7128aded3@group-0691FEF5E878-StateMachineUpdater] INFO  metrics.RatisMetrics (RatisMetrics.java:unregister(43)) - Unregistering Metrics Registry : ratis.state_machine.8e16b57b-a520-4ff3-ab9c-70e7128aded3@group-0691FEF5E878
2020-12-26 01:57:54,740 [a9229adb-278c-43ef-9666-e3cbf980c0ea@group-CBCCC18211C1-StateMachineUpdater] INFO  ratis.ContainerStateMachine (ContainerStateMachine.java:takeSnapshot(291)) - group-CBCCC18211C1: Taking a snapshot at:(t:2, i:2) file /github/workspace/mnt/ozone/hadoop-ozone/integration-test/target/test-dir/MiniOzoneClusterImpl-b0bbc67e-6e78-4c8b-9c9f-814a2ca087f9/datanode-1/data/ratis/4b3ce42e-715f-4136-a2ae-cbccc18211c1/sm/snapshot.2_2
2020-12-26 01:57:54,740 [Listener at 127.0.0.1/40109] INFO  server.RaftServer$Division (ServerState.java:close(406)) - 8e16b57b-a520-4ff3-ab9c-70e7128aded3@group-0691FEF5E878: closes. applyIndex: 0
2020-12-26 01:57:54,741 [8e16b57b-a520-4ff3-ab9c-70e7128aded3@group-0691FEF5E878-SegmentedRaftLogWorker] INFO  segmented.SegmentedRaftLogWorker (SegmentedRaftLogWorker.java:run(326)) - 8e16b57b-a520-4ff3-ab9c-70e7128aded3@group-0691FEF5E878-SegmentedRaftLogWorker was interrupted, exiting. There are 0 tasks remaining in the queue.
2020-12-26 01:57:54,741 [a9229adb-278c-43ef-9666-e3cbf980c0ea@group-CBCCC18211C1-StateMachineUpdater] INFO  ratis.ContainerStateMachine (ContainerStateMachine.java:takeSnapshot(302)) - group-CBCCC18211C1: Finished taking a snapshot at:(t:2, i:2) file:/github/workspace/mnt/ozone/hadoop-ozone/integration-test/target/test-dir/MiniOzoneClusterImpl-b0bbc67e-6e78-4c8b-9c9f-814a2ca087f9/datanode-1/data/ratis/4b3ce42e-715f-4136-a2ae-cbccc18211c1/sm/snapshot.2_2 time:1
2020-12-26 01:57:54,741 [a9229adb-278c-43ef-9666-e3cbf980c0ea@group-CBCCC18211C1-StateMachineUpdater] INFO  impl.StateMachineUpdater (StateMachineUpdater.java:takeSnapshot(279)) - a9229adb-278c-43ef-9666-e3cbf980c0ea@group-CBCCC18211C1-StateMachineUpdater: Took a snapshot at index 2
2020-12-26 01:57:54,741 [a9229adb-278c-43ef-9666-e3cbf980c0ea@group-CBCCC18211C1-StateMachineUpdater] INFO  impl.StateMachineUpdater (StateMachineUpdater.java:lambda$new$0(88)) - a9229adb-278c-43ef-9666-e3cbf980c0ea@group-CBCCC18211C1-StateMachineUpdater: snapshotIndex: updateIncreasingly -1 -> 2
2020-12-26 01:57:54,741 [a9229adb-278c-43ef-9666-e3cbf980c0ea@group-CBCCC18211C1-StateMachineUpdater] INFO  metrics.RatisMetrics (RatisMetrics.java:unregister(43)) - Unregistering Metrics Registry : ratis.state_machine.a9229adb-278c-43ef-9666-e3cbf980c0ea@group-CBCCC18211C1
2020-12-26 01:57:54,741 [Listener at 127.0.0.1/40109] INFO  segmented.SegmentedRaftLogWorker (SegmentedRaftLogWorker.java:close(236)) - 8e16b57b-a520-4ff3-ab9c-70e7128aded3@group-0691FEF5E878-SegmentedRaftLogWorker close()
2020-12-26 01:57:54,741 [Listener at 127.0.0.1/40109] INFO  metrics.RatisMetrics (RatisMetrics.java:unregister(43)) - Unregistering Metrics Registry : ratis.log_worker.8e16b57b-a520-4ff3-ab9c-70e7128aded3@group-0691FEF5E878
2020-12-26 01:57:54,742 [Listener at 127.0.0.1/40109] INFO  metrics.RatisMetrics (RatisMetrics.java:unregister(43)) - Unregistering Metrics Registry : ratis.leader_election.8e16b57b-a520-4ff3-ab9c-70e7128aded3@group-0691FEF5E878
2020-12-26 01:57:54,742 [Listener at 127.0.0.1/40109] INFO  metrics.RatisMetrics (RatisMetrics.java:unregister(43)) - Unregistering Metrics Registry : ratis.server.8e16b57b-a520-4ff3-ab9c-70e7128aded3@group-0691FEF5E878
2020-12-26 01:57:54,742 [ForkJoinPool.commonPool-worker-1] INFO  impl.StateMachineUpdater (StateMachineUpdater.java:stopAndJoin(148)) - a9229adb-278c-43ef-9666-e3cbf980c0ea@group-CBCCC18211C1-StateMachineUpdater: set stopIndex = 2
2020-12-26 01:57:54,742 [ForkJoinPool.commonPool-worker-1] INFO  server.RaftServer$Division (ServerState.java:close(406)) - a9229adb-278c-43ef-9666-e3cbf980c0ea@group-CBCCC18211C1: closes. applyIndex: 2
2020-12-26 01:57:54,742 [Listener at 127.0.0.1/40109] INFO  server.GrpcService (GrpcService.java:closeImpl(184)) - 8e16b57b-a520-4ff3-ab9c-70e7128aded3: shutdown server with port 33447 now
2020-12-26 01:57:54,742 [a9229adb-278c-43ef-9666-e3cbf980c0ea@group-CBCCC18211C1-SegmentedRaftLogWorker] INFO  segmented.SegmentedRaftLogWorker (SegmentedRaftLogWorker.java:run(326)) - a9229adb-278c-43ef-9666-e3cbf980c0ea@group-CBCCC18211C1-SegmentedRaftLogWorker was interrupted, exiting. There are 0 tasks remaining in the queue.
2020-12-26 01:57:54,743 [ForkJoinPool.commonPool-worker-1] INFO  segmented.SegmentedRaftLogWorker (SegmentedRaftLogWorker.java:close(236)) - a9229adb-278c-43ef-9666-e3cbf980c0ea@group-CBCCC18211C1-SegmentedRaftLogWorker close()
2020-12-26 01:57:54,743 [ForkJoinPool.commonPool-worker-1] INFO  metrics.RatisMetrics (RatisMetrics.java:unregister(43)) - Unregistering Metrics Registry : ratis.log_worker.a9229adb-278c-43ef-9666-e3cbf980c0ea@group-CBCCC18211C1
2020-12-26 01:57:54,743 [ForkJoinPool.commonPool-worker-1] INFO  metrics.RatisMetrics (RatisMetrics.java:unregister(43)) - Unregistering Metrics Registry : ratis.leader_election.a9229adb-278c-43ef-9666-e3cbf980c0ea@group-CBCCC18211C1
2020-12-26 01:57:54,743 [ForkJoinPool.commonPool-worker-1] INFO  metrics.RatisMetrics (RatisMetrics.java:unregister(43)) - Unregistering Metrics Registry : ratis.server.a9229adb-278c-43ef-9666-e3cbf980c0ea@group-CBCCC18211C1
2020-12-26 01:57:54,743 [ForkJoinPool.commonPool-worker-1] INFO  server.RaftServer$Division (RaftServerImpl.java:lambda$close$4(397)) - a9229adb-278c-43ef-9666-e3cbf980c0ea@group-6696EB7B60AF: shutdown
2020-12-26 01:57:54,743 [ForkJoinPool.commonPool-worker-1] INFO  util.JmxRegister (JmxRegister.java:unregister(73)) - Successfully un-registered JMX Bean with object name Ratis:service=RaftServer,group=group-6696EB7B60AF,id=a9229adb-278c-43ef-9666-e3cbf980c0ea
2020-12-26 01:57:54,743 [ForkJoinPool.commonPool-worker-1] INFO  impl.RoleInfo (RoleInfo.java:shutdownFollowerState(108)) - a9229adb-278c-43ef-9666-e3cbf980c0ea: shutdown a9229adb-278c-43ef-9666-e3cbf980c0ea@group-6696EB7B60AF-FollowerState
2020-12-26 01:57:54,743 [a9229adb-278c-43ef-9666-e3cbf980c0ea@group-6696EB7B60AF-StateMachineUpdater] INFO  metrics.RatisMetrics (RatisMetrics.java:unregister(43)) - Unregistering Metrics Registry : ratis.state_machine.a9229adb-278c-43ef-9666-e3cbf980c0ea@group-6696EB7B60AF
2020-12-26 01:57:54,744 [ForkJoinPool.commonPool-worker-1] INFO  impl.StateMachineUpdater (StateMachineUpdater.java:stopAndJoin(148)) - a9229adb-278c-43ef-9666-e3cbf980c0ea@group-6696EB7B60AF-StateMachineUpdater: set stopIndex = -1
2020-12-26 01:57:54,744 [ForkJoinPool.commonPool-worker-1] INFO  server.RaftServer$Division (ServerState.java:close(406)) - a9229adb-278c-43ef-9666-e3cbf980c0ea@group-6696EB7B60AF: closes. applyIndex: -1
2020-12-26 01:57:54,744 [Thread-2812] INFO  impl.FollowerState (FollowerState.java:run(142)) - a9229adb-278c-43ef-9666-e3cbf980c0ea@group-6696EB7B60AF-FollowerState was interrupted: {}
java.lang.InterruptedException: sleep interrupted
	at java.lang.Thread.sleep(Native Method)
	at java.lang.Thread.sleep(Thread.java:340)
	at java.util.concurrent.TimeUnit.sleep(TimeUnit.java:386)
	at org.apache.ratis.util.TimeDuration.sleep(TimeDuration.java:319)
	at org.apache.ratis.util.TimeDuration.sleep(TimeDuration.java:304)
	at org.apache.ratis.server.impl.FollowerState.run(FollowerState.java:117)
2020-12-26 01:57:54,744 [a9229adb-278c-43ef-9666-e3cbf980c0ea@group-6696EB7B60AF-SegmentedRaftLogWorker] INFO  segmented.SegmentedRaftLogWorker (SegmentedRaftLogWorker.java:run(326)) - a9229adb-278c-43ef-9666-e3cbf980c0ea@group-6696EB7B60AF-SegmentedRaftLogWorker was interrupted, exiting. There are 0 tasks remaining in the queue.
2020-12-26 01:57:54,744 [ForkJoinPool.commonPool-worker-1] INFO  segmented.SegmentedRaftLogWorker (SegmentedRaftLogWorker.java:close(236)) - a9229adb-278c-43ef-9666-e3cbf980c0ea@group-6696EB7B60AF-SegmentedRaftLogWorker close()
2020-12-26 01:57:54,744 [grpc-default-executor-3] WARN  server.GrpcServerProtocolService (LogUtils.java:warn(122)) - 8e16b57b-a520-4ff3-ab9c-70e7128aded3: installSnapshot onError, lastRequest: 73c99ad5-410f-4ffb-8408-ddbdb29ea4d0->8e16b57b-a520-4ff3-ab9c-70e7128aded3#294-t1,previous=(t:1, i:14),leaderCommit=14,initializing? true,entries: size=1, first=(t:1, i:15), METADATAENTRY(c:14): org.apache.ratis.thirdparty.io.grpc.StatusRuntimeException: CANCELLED: cancelled before receiving half close
2020-12-26 01:57:54,744 [grpc-default-executor-0] WARN  server.GrpcServerProtocolService (LogUtils.java:warn(122)) - 8e16b57b-a520-4ff3-ab9c-70e7128aded3: installSnapshot onError, lastRequest: 73c99ad5-410f-4ffb-8408-ddbdb29ea4d0->8e16b57b-a520-4ff3-ab9c-70e7128aded3#1-t1,previous=(t:0, i:0),leaderCommit=0,initializing? true,entries: size=1, first=(t:1, i:0), CONFIGURATIONENTRY: org.apache.ratis.thirdparty.io.grpc.StatusRuntimeException: CANCELLED: cancelled before receiving half close
2020-12-26 01:57:54,745 [grpc-default-executor-3] WARN  server.GrpcLogAppender (LogUtils.java:warn(122)) - 73c99ad5-410f-4ffb-8408-ddbdb29ea4d0@group-49E6829A44B8->8e16b57b-a520-4ff3-ab9c-70e7128aded3-AppendLogResponseHandler: Failed appendEntries: org.apache.ratis.thirdparty.io.grpc.StatusRuntimeException: CANCELLED: HTTP/2 error code: CANCEL
Received Rst Stream
2020-12-26 01:57:54,745 [grpc-default-executor-3] INFO  leader.FollowerInfo (FollowerInfoImpl.java:lambda$new$0(46)) - 73c99ad5-410f-4ffb-8408-ddbdb29ea4d0@group-49E6829A44B8->8e16b57b-a520-4ff3-ab9c-70e7128aded3: nextIndex: updateUnconditionally 16 -> 15
2020-12-26 01:57:54,745 [grpc-default-executor-0] WARN  server.GrpcLogAppender (LogUtils.java:warn(122)) - 73c99ad5-410f-4ffb-8408-ddbdb29ea4d0@group-99F8A9162041->8e16b57b-a520-4ff3-ab9c-70e7128aded3-AppendLogResponseHandler: Failed appendEntries: org.apache.ratis.thirdparty.io.grpc.StatusRuntimeException: CANCELLED: HTTP/2 error code: CANCEL
Received Rst Stream
2020-12-26 01:57:54,746 [grpc-default-executor-0] WARN  server.GrpcLogAppender (GrpcLogAppender.java:resetClient(110)) - 73c99ad5-410f-4ffb-8408-ddbdb29ea4d0@group-99F8A9162041->8e16b57b-a520-4ff3-ab9c-70e7128aded3-GrpcLogAppender: Leader has not got in touch with Follower 73c99ad5-410f-4ffb-8408-ddbdb29ea4d0@group-99F8A9162041->8e16b57b-a520-4ff3-ab9c-70e7128aded3(c0,m0,n1, attendVote=true, lastRpcSendTime=1441, lastRpcResponseTime=1420) yet, just keep nextIndex unchanged and retry.
2020-12-26 01:57:54,751 [grpc-default-executor-3] WARN  server.GrpcLogAppender (LogUtils.java:warn(122)) - 73c99ad5-410f-4ffb-8408-ddbdb29ea4d0@group-49E6829A44B8->8e16b57b-a520-4ff3-ab9c-70e7128aded3-AppendLogResponseHandler: Failed appendEntries: org.apache.ratis.thirdparty.io.grpc.StatusRuntimeException: UNAVAILABLE: io exception
2020-12-26 01:57:54,752 [grpc-default-executor-3] INFO  leader.FollowerInfo (FollowerInfoImpl.java:lambda$new$0(46)) - 73c99ad5-410f-4ffb-8408-ddbdb29ea4d0@group-49E6829A44B8->8e16b57b-a520-4ff3-ab9c-70e7128aded3: nextIndex: updateUnconditionally 16 -> 15
2020-12-26 01:57:54,755 [Listener at 127.0.0.1/40109] INFO  server.GrpcService (GrpcService.java:closeImpl(193)) - 8e16b57b-a520-4ff3-ab9c-70e7128aded3: shutdown server with port 33447 successfully
2020-12-26 01:57:54,755 [org.apache.ratis.util.JvmPauseMonitor$$Lambda$221/688841144@49d0196b] INFO  util.JvmPauseMonitor (JvmPauseMonitor.java:run(109)) - JvmPauseMonitor-8e16b57b-a520-4ff3-ab9c-70e7128aded3: Stopped
2020-12-26 01:57:54,756 [Listener at 127.0.0.1/40109] INFO  utils.BackgroundService (BackgroundService.java:shutdown(132)) - Shutting down service BlockDeletingService
2020-12-26 01:57:54,764 [ForkJoinPool.commonPool-worker-1] INFO  metrics.RatisMetrics (RatisMetrics.java:unregister(43)) - Unregistering Metrics Registry : ratis.log_worker.a9229adb-278c-43ef-9666-e3cbf980c0ea@group-6696EB7B60AF
2020-12-26 01:57:54,771 [ForkJoinPool.commonPool-worker-1] INFO  metrics.RatisMetrics (RatisMetrics.java:unregister(43)) - Unregistering Metrics Registry : ratis.leader_election.a9229adb-278c-43ef-9666-e3cbf980c0ea@group-6696EB7B60AF
2020-12-26 01:57:54,772 [ForkJoinPool.commonPool-worker-1] INFO  metrics.RatisMetrics (RatisMetrics.java:unregister(43)) - Unregistering Metrics Registry : ratis.server.a9229adb-278c-43ef-9666-e3cbf980c0ea@group-6696EB7B60AF
2020-12-26 01:57:54,772 [Listener at 127.0.0.1/40109] INFO  statemachine.DatanodeStateMachine (DatanodeStateMachine.java:stopDaemon(461)) - Ozone container server stopped.
2020-12-26 01:57:54,772 [ForkJoinPool.commonPool-worker-1] INFO  server.GrpcService (GrpcService.java:closeImpl(184)) - a9229adb-278c-43ef-9666-e3cbf980c0ea: shutdown server with port 43985 now
2020-12-26 01:57:54,773 [ForkJoinPool.commonPool-worker-1] INFO  server.GrpcService (GrpcService.java:closeImpl(193)) - a9229adb-278c-43ef-9666-e3cbf980c0ea: shutdown server with port 43985 successfully
2020-12-26 01:57:54,773 [org.apache.ratis.util.JvmPauseMonitor$$Lambda$221/688841144@5bccd1f1] INFO  util.JvmPauseMonitor (JvmPauseMonitor.java:run(109)) - JvmPauseMonitor-a9229adb-278c-43ef-9666-e3cbf980c0ea: Stopped
2020-12-26 01:57:54,781 [ForkJoinPool.commonPool-worker-1] INFO  utils.BackgroundService (BackgroundService.java:shutdown(132)) - Shutting down service BlockDeletingService
2020-12-26 01:57:54,789 [ForkJoinPool.commonPool-worker-1] INFO  statemachine.DatanodeStateMachine (DatanodeStateMachine.java:stopDaemon(461)) - Ozone container server stopped.
2020-12-26 01:57:54,793 [Listener at 127.0.0.1/40109] INFO  handler.ContextHandler (ContextHandler.java:doStop(1154)) - Stopped o.e.j.w.WebAppContext@62e31dcd{hddsDatanode,/,null,STOPPED}{jar:file:/home/user/.m2/repository/org/apache/hadoop/hadoop-hdds-container-service/1.1.0-SNAPSHOT/hadoop-hdds-container-service-1.1.0-SNAPSHOT.jar!/webapps/hddsDatanode}
2020-12-26 01:57:54,799 [Listener at 127.0.0.1/40109] INFO  server.AbstractConnector (AbstractConnector.java:doStop(381)) - Stopped ServerConnector@6f2cdc2f{HTTP/1.1, (http/1.1)}{0.0.0.0:0}
2020-12-26 01:57:54,799 [Listener at 127.0.0.1/40109] INFO  server.session (HouseKeeper.java:stopScavenging(149)) - node0 Stopped scavenging
2020-12-26 01:57:54,800 [Listener at 127.0.0.1/40109] INFO  handler.ContextHandler (ContextHandler.java:doStop(1154)) - Stopped o.e.j.s.ServletContextHandler@fe134e7{static,/static,jar:file:/home/user/.m2/repository/org/apache/hadoop/hadoop-hdds-container-service/1.1.0-SNAPSHOT/hadoop-hdds-container-service-1.1.0-SNAPSHOT.jar!/webapps/static,STOPPED}
2020-12-26 01:57:54,800 [Listener at 127.0.0.1/40109] INFO  handler.ContextHandler (ContextHandler.java:doStop(1154)) - Stopped o.e.j.s.ServletContextHandler@749defcf{logs,/logs,file:///github/workspace/mnt/ozone/hadoop-ozone/integration-test/target/log,STOPPED}
2020-12-26 01:57:54,805 [ForkJoinPool.commonPool-worker-1] INFO  handler.ContextHandler (ContextHandler.java:doStop(1154)) - Stopped o.e.j.w.WebAppContext@3df6e6d{hddsDatanode,/,null,STOPPED}{jar:file:/home/user/.m2/repository/org/apache/hadoop/hadoop-hdds-container-service/1.1.0-SNAPSHOT/hadoop-hdds-container-service-1.1.0-SNAPSHOT.jar!/webapps/hddsDatanode}
2020-12-26 01:57:54,811 [ForkJoinPool.commonPool-worker-1] INFO  server.AbstractConnector (AbstractConnector.java:doStop(381)) - Stopped ServerConnector@7142ef2a{HTTP/1.1, (http/1.1)}{0.0.0.0:0}
2020-12-26 01:57:54,811 [ForkJoinPool.commonPool-worker-1] INFO  server.session (HouseKeeper.java:stopScavenging(149)) - node0 Stopped scavenging
2020-12-26 01:57:54,813 [ForkJoinPool.commonPool-worker-1] INFO  handler.ContextHandler (ContextHandler.java:doStop(1154)) - Stopped o.e.j.s.ServletContextHandler@f289b4e{static,/static,jar:file:/home/user/.m2/repository/org/apache/hadoop/hadoop-hdds-container-service/1.1.0-SNAPSHOT/hadoop-hdds-container-service-1.1.0-SNAPSHOT.jar!/webapps/static,STOPPED}
2020-12-26 01:57:54,813 [ForkJoinPool.commonPool-worker-1] INFO  handler.ContextHandler (ContextHandler.java:doStop(1154)) - Stopped o.e.j.s.ServletContextHandler@4a9d47e4{logs,/logs,file:///github/workspace/mnt/ozone/hadoop-ozone/integration-test/target/log,STOPPED}
2020-12-26 01:57:55,241 [Datanode State Machine Thread - 0] INFO  statemachine.DatanodeStateMachine (DatanodeStateMachine.java:lambda$startDaemon$0(408)) - Ozone container server started.
2020-12-26 01:57:55,258 [Datanode State Machine Thread - 0] INFO  statemachine.DatanodeStateMachine (DatanodeStateMachine.java:lambda$startDaemon$0(408)) - Ozone container server started.
2020-12-26 01:57:55,826 [grpc-default-executor-3] WARN  server.GrpcLogAppender (LogUtils.java:warn(122)) - 73c99ad5-410f-4ffb-8408-ddbdb29ea4d0@group-99F8A9162041->8e16b57b-a520-4ff3-ab9c-70e7128aded3-AppendLogResponseHandler: Failed appendEntries: org.apache.ratis.thirdparty.io.grpc.StatusRuntimeException: UNAVAILABLE: io exception
2020-12-26 01:57:55,826 [grpc-default-executor-3] WARN  server.GrpcLogAppender (GrpcLogAppender.java:resetClient(110)) - 73c99ad5-410f-4ffb-8408-ddbdb29ea4d0@group-99F8A9162041->8e16b57b-a520-4ff3-ab9c-70e7128aded3-GrpcLogAppender: Leader has not got in touch with Follower 73c99ad5-410f-4ffb-8408-ddbdb29ea4d0@group-99F8A9162041->8e16b57b-a520-4ff3-ab9c-70e7128aded3(c0,m0,n1, attendVote=true, lastRpcSendTime=0, lastRpcResponseTime=2500) yet, just keep nextIndex unchanged and retry.
2020-12-26 01:57:57,248 [grpc-default-executor-3] WARN  server.GrpcLogAppender (LogUtils.java:warn(122)) - 73c99ad5-410f-4ffb-8408-ddbdb29ea4d0@group-49E6829A44B8->8e16b57b-a520-4ff3-ab9c-70e7128aded3-AppendLogResponseHandler: Failed appendEntries: org.apache.ratis.thirdparty.io.grpc.StatusRuntimeException: UNAVAILABLE: io exception
2020-12-26 01:57:57,248 [grpc-default-executor-3] INFO  leader.FollowerInfo (FollowerInfoImpl.java:lambda$new$0(46)) - 73c99ad5-410f-4ffb-8408-ddbdb29ea4d0@group-49E6829A44B8->8e16b57b-a520-4ff3-ab9c-70e7128aded3: nextIndex: updateUnconditionally 16 -> 15
2020-12-26 01:57:58,326 [grpc-default-executor-3] WARN  server.GrpcLogAppender (LogUtils.java:warn(122)) - 73c99ad5-410f-4ffb-8408-ddbdb29ea4d0@group-99F8A9162041->8e16b57b-a520-4ff3-ab9c-70e7128aded3-AppendLogResponseHandler: Failed appendEntries: org.apache.ratis.thirdparty.io.grpc.StatusRuntimeException: UNAVAILABLE: io exception
2020-12-26 01:57:58,326 [grpc-default-executor-3] WARN  server.GrpcLogAppender (GrpcLogAppender.java:resetClient(110)) - 73c99ad5-410f-4ffb-8408-ddbdb29ea4d0@group-99F8A9162041->8e16b57b-a520-4ff3-ab9c-70e7128aded3-GrpcLogAppender: Leader has not got in touch with Follower 73c99ad5-410f-4ffb-8408-ddbdb29ea4d0@group-99F8A9162041->8e16b57b-a520-4ff3-ab9c-70e7128aded3(c0,m0,n1, attendVote=true, lastRpcSendTime=0, lastRpcResponseTime=5000) yet, just keep nextIndex unchanged and retry.
2020-12-26 01:57:58,920 [EventQueue-StaleNodeForStaleNodeHandler] INFO  node.StaleNodeHandler (StaleNodeHandler.java:onMessage(58)) - Datanode a9229adb-278c-43ef-9666-e3cbf980c0ea{ip: 172.17.0.2, host: 140068b710f1, networkLocation: /default-rack, certSerialId: null, persistedOpState: IN_SERVICE, persistedOpStateExpiryEpochSec: 0} moved to stale state. Finalizing its pipelines [PipelineID=573e7393-093f-4e60-978a-cfb692a00539, PipelineID=24ef1db4-029e-490d-b15c-a4c42016f79f, PipelineID=76484d9c-c345-4865-b768-6696eb7b60af]
2020-12-26 01:57:58,920 [EventQueue-StaleNodeForStaleNodeHandler] INFO  pipeline.SCMPipelineManager (SCMPipelineManager.java:finalizeAndDestroyPipeline(482)) - Destroying pipeline:Pipeline[ Id: 573e7393-093f-4e60-978a-cfb692a00539, Nodes: 16d33d7f-de85-4153-a986-8f085dcb09ff{ip: 172.17.0.2, host: 140068b710f1, networkLocation: /default-rack, certSerialId: null, persistedOpState: IN_SERVICE, persistedOpStateExpiryEpochSec: 0}c7c2d1d0-24bf-4086-b8ac-f9c9c7e07f42{ip: 172.17.0.2, host: 140068b710f1, networkLocation: /default-rack, certSerialId: null, persistedOpState: IN_SERVICE, persistedOpStateExpiryEpochSec: 0}a9229adb-278c-43ef-9666-e3cbf980c0ea{ip: 172.17.0.2, host: 140068b710f1, networkLocation: /default-rack, certSerialId: null, persistedOpState: IN_SERVICE, persistedOpStateExpiryEpochSec: 0}, Type:RATIS, Factor:THREE, State:ALLOCATED, leaderId:, CreationTimestamp2020-12-26T01:57:52.948Z]
2020-12-26 01:57:58,920 [EventQueue-StaleNodeForStaleNodeHandler] INFO  pipeline.PipelineStateManager (PipelineStateManager.java:finalizePipeline(121)) - Pipeline Pipeline[ Id: 573e7393-093f-4e60-978a-cfb692a00539, Nodes: 16d33d7f-de85-4153-a986-8f085dcb09ff{ip: 172.17.0.2, host: 140068b710f1, networkLocation: /default-rack, certSerialId: null, persistedOpState: IN_SERVICE, persistedOpStateExpiryEpochSec: 0}c7c2d1d0-24bf-4086-b8ac-f9c9c7e07f42{ip: 172.17.0.2, host: 140068b710f1, networkLocation: /default-rack, certSerialId: null, persistedOpState: IN_SERVICE, persistedOpStateExpiryEpochSec: 0}a9229adb-278c-43ef-9666-e3cbf980c0ea{ip: 172.17.0.2, host: 140068b710f1, networkLocation: /default-rack, certSerialId: null, persistedOpState: IN_SERVICE, persistedOpStateExpiryEpochSec: 0}, Type:RATIS, Factor:THREE, State:CLOSED, leaderId:, CreationTimestamp2020-12-26T01:57:52.948Z] moved to CLOSED state
2020-12-26 01:57:58,921 [EventQueue-StaleNodeForStaleNodeHandler] INFO  pipeline.SCMPipelineManager (SCMPipelineManager.java:finalizeAndDestroyPipeline(482)) - Destroying pipeline:Pipeline[ Id: 24ef1db4-029e-490d-b15c-a4c42016f79f, Nodes: a9229adb-278c-43ef-9666-e3cbf980c0ea{ip: 172.17.0.2, host: 140068b710f1, networkLocation: /default-rack, certSerialId: null, persistedOpState: IN_SERVICE, persistedOpStateExpiryEpochSec: 0}, Type:RATIS, Factor:ONE, State:OPEN, leaderId:a9229adb-278c-43ef-9666-e3cbf980c0ea, CreationTimestamp2020-12-26T01:57:24.677Z]
2020-12-26 01:57:58,921 [EventQueue-StaleNodeForStaleNodeHandler] INFO  pipeline.PipelineStateManager (PipelineStateManager.java:finalizePipeline(121)) - Pipeline Pipeline[ Id: 24ef1db4-029e-490d-b15c-a4c42016f79f, Nodes: a9229adb-278c-43ef-9666-e3cbf980c0ea{ip: 172.17.0.2, host: 140068b710f1, networkLocation: /default-rack, certSerialId: null, persistedOpState: IN_SERVICE, persistedOpStateExpiryEpochSec: 0}, Type:RATIS, Factor:ONE, State:CLOSED, leaderId:a9229adb-278c-43ef-9666-e3cbf980c0ea, CreationTimestamp2020-12-26T01:57:24.677Z] moved to CLOSED state
2020-12-26 01:57:58,921 [EventQueue-StaleNodeForStaleNodeHandler] INFO  pipeline.SCMPipelineManager (SCMPipelineManager.java:finalizeAndDestroyPipeline(482)) - Destroying pipeline:Pipeline[ Id: 76484d9c-c345-4865-b768-6696eb7b60af, Nodes: 16d33d7f-de85-4153-a986-8f085dcb09ff{ip: 172.17.0.2, host: 140068b710f1, networkLocation: /default-rack, certSerialId: null, persistedOpState: IN_SERVICE, persistedOpStateExpiryEpochSec: 0}c7c2d1d0-24bf-4086-b8ac-f9c9c7e07f42{ip: 172.17.0.2, host: 140068b710f1, networkLocation: /default-rack, certSerialId: null, persistedOpState: IN_SERVICE, persistedOpStateExpiryEpochSec: 0}a9229adb-278c-43ef-9666-e3cbf980c0ea{ip: 172.17.0.2, host: 140068b710f1, networkLocation: /default-rack, certSerialId: null, persistedOpState: IN_SERVICE, persistedOpStateExpiryEpochSec: 0}, Type:RATIS, Factor:THREE, State:ALLOCATED, leaderId:, CreationTimestamp2020-12-26T01:57:52.948Z]
2020-12-26 01:57:58,921 [EventQueue-StaleNodeForStaleNodeHandler] INFO  pipeline.PipelineStateManager (PipelineStateManager.java:finalizePipeline(121)) - Pipeline Pipeline[ Id: 76484d9c-c345-4865-b768-6696eb7b60af, Nodes: 16d33d7f-de85-4153-a986-8f085dcb09ff{ip: 172.17.0.2, host: 140068b710f1, networkLocation: /default-rack, certSerialId: null, persistedOpState: IN_SERVICE, persistedOpStateExpiryEpochSec: 0}c7c2d1d0-24bf-4086-b8ac-f9c9c7e07f42{ip: 172.17.0.2, host: 140068b710f1, networkLocation: /default-rack, certSerialId: null, persistedOpState: IN_SERVICE, persistedOpStateExpiryEpochSec: 0}a9229adb-278c-43ef-9666-e3cbf980c0ea{ip: 172.17.0.2, host: 140068b710f1, networkLocation: /default-rack, certSerialId: null, persistedOpState: IN_SERVICE, persistedOpStateExpiryEpochSec: 0}, Type:RATIS, Factor:THREE, State:CLOSED, leaderId:, CreationTimestamp2020-12-26T01:57:52.948Z] moved to CLOSED state
2020-12-26 01:57:59,290 [Thread-2800] INFO  impl.FollowerState (FollowerState.java:run(133)) - c7c2d1d0-24bf-4086-b8ac-f9c9c7e07f42@group-CFB692A00539-FollowerState: change to CANDIDATE, lastRpcElapsedTime:5120338065ns, electionTimeout:5119ms
2020-12-26 01:57:59,290 [Thread-2800] INFO  impl.RoleInfo (RoleInfo.java:shutdownFollowerState(108)) - c7c2d1d0-24bf-4086-b8ac-f9c9c7e07f42: shutdown c7c2d1d0-24bf-4086-b8ac-f9c9c7e07f42@group-CFB692A00539-FollowerState
2020-12-26 01:57:59,290 [Thread-2800] INFO  server.RaftServer$Division (RaftServerImpl.java:setRole(275)) - c7c2d1d0-24bf-4086-b8ac-f9c9c7e07f42@group-CFB692A00539: changes role from  FOLLOWER to CANDIDATE at term 0 for changeToCandidate
2020-12-26 01:57:59,291 [Thread-2800] INFO  impl.RoleInfo (RoleInfo.java:updateAndGet(130)) - c7c2d1d0-24bf-4086-b8ac-f9c9c7e07f42: start c7c2d1d0-24bf-4086-b8ac-f9c9c7e07f42@group-CFB692A00539-LeaderElection81
2020-12-26 01:57:59,301 [c7c2d1d0-24bf-4086-b8ac-f9c9c7e07f42@group-CFB692A00539-LeaderElection81] INFO  impl.LeaderElection (LeaderElection.java:askForVotes(219)) - c7c2d1d0-24bf-4086-b8ac-f9c9c7e07f42@group-CFB692A00539-LeaderElection81: begin an election at term 1 for -1: [a9229adb-278c-43ef-9666-e3cbf980c0ea|rpc:172.17.0.2:43985, 16d33d7f-de85-4153-a986-8f085dcb09ff|rpc:172.17.0.2:35329, c7c2d1d0-24bf-4086-b8ac-f9c9c7e07f42|rpc:172.17.0.2:44251], old=null
2020-12-26 01:57:59,301 [Thread-2807] INFO  impl.FollowerState (FollowerState.java:run(133)) - c7c2d1d0-24bf-4086-b8ac-f9c9c7e07f42@group-6696EB7B60AF-FollowerState: change to CANDIDATE, lastRpcElapsedTime:5053287295ns, electionTimeout:5053ms
2020-12-26 01:57:59,302 [Thread-2807] INFO  impl.RoleInfo (RoleInfo.java:shutdownFollowerState(108)) - c7c2d1d0-24bf-4086-b8ac-f9c9c7e07f42: shutdown c7c2d1d0-24bf-4086-b8ac-f9c9c7e07f42@group-6696EB7B60AF-FollowerState
2020-12-26 01:57:59,302 [Thread-2807] INFO  server.RaftServer$Division (RaftServerImpl.java:setRole(275)) - c7c2d1d0-24bf-4086-b8ac-f9c9c7e07f42@group-6696EB7B60AF: changes role from  FOLLOWER to CANDIDATE at term 0 for changeToCandidate
2020-12-26 01:57:59,303 [c7c2d1d0-24bf-4086-b8ac-f9c9c7e07f42@group-CFB692A00539-LeaderElection81] INFO  impl.LeaderElection (LogUtils.java:infoOrTrace(137)) - c7c2d1d0-24bf-4086-b8ac-f9c9c7e07f42@group-CFB692A00539-LeaderElection81 got exception when requesting votes: java.util.concurrent.ExecutionException: org.apache.ratis.thirdparty.io.grpc.StatusRuntimeException: UNAVAILABLE: io exception
2020-12-26 01:57:59,303 [Thread-2807] INFO  impl.RoleInfo (RoleInfo.java:updateAndGet(130)) - c7c2d1d0-24bf-4086-b8ac-f9c9c7e07f42: start c7c2d1d0-24bf-4086-b8ac-f9c9c7e07f42@group-6696EB7B60AF-LeaderElection82
2020-12-26 01:57:59,307 [grpc-default-executor-3] INFO  server.RaftServer$Division (RaftServerImpl.java:setRole(275)) - 16d33d7f-de85-4153-a986-8f085dcb09ff@group-CFB692A00539: changes role from  FOLLOWER to FOLLOWER at term 1 for recognizeCandidate:c7c2d1d0-24bf-4086-b8ac-f9c9c7e07f42
2020-12-26 01:57:59,307 [grpc-default-executor-3] INFO  impl.RoleInfo (RoleInfo.java:shutdownFollowerState(108)) - 16d33d7f-de85-4153-a986-8f085dcb09ff: shutdown 16d33d7f-de85-4153-a986-8f085dcb09ff@group-CFB692A00539-FollowerState
2020-12-26 01:57:59,310 [grpc-default-executor-3] INFO  impl.RoleInfo (RoleInfo.java:updateAndGet(130)) - 16d33d7f-de85-4153-a986-8f085dcb09ff: start 16d33d7f-de85-4153-a986-8f085dcb09ff@group-CFB692A00539-FollowerState
2020-12-26 01:57:59,310 [Thread-2797] INFO  impl.FollowerState (FollowerState.java:run(142)) - 16d33d7f-de85-4153-a986-8f085dcb09ff@group-CFB692A00539-FollowerState was interrupted: {}
java.lang.InterruptedException: sleep interrupted
	at java.lang.Thread.sleep(Native Method)
	at java.lang.Thread.sleep(Thread.java:340)
	at java.util.concurrent.TimeUnit.sleep(TimeUnit.java:386)
	at org.apache.ratis.util.TimeDuration.sleep(TimeDuration.java:319)
	at org.apache.ratis.util.TimeDuration.sleep(TimeDuration.java:304)
	at org.apache.ratis.server.impl.FollowerState.run(FollowerState.java:117)
2020-12-26 01:57:59,310 [grpc-default-executor-3] INFO  server.RaftServer$Division (RaftServerImpl.java:requestVote(983)) -  FOLLOWER 16d33d7f-de85-4153-a986-8f085dcb09ff@group-CFB692A00539:t1, leader=null, voted=null, raftlog=16d33d7f-de85-4153-a986-8f085dcb09ff@group-CFB692A00539-SegmentedRaftLog:OPENED:c-1,f-1,i0, conf=-1: [a9229adb-278c-43ef-9666-e3cbf980c0ea|rpc:172.17.0.2:43985, 16d33d7f-de85-4153-a986-8f085dcb09ff|rpc:172.17.0.2:35329, c7c2d1d0-24bf-4086-b8ac-f9c9c7e07f42|rpc:172.17.0.2:44251], old=null RUNNING priority:0 candidate:c7c2d1d0-24bf-4086-b8ac-f9c9c7e07f42|rpc:172.17.0.2:44251 candidatePriority:0 compare:0
2020-12-26 01:57:59,317 [c7c2d1d0-24bf-4086-b8ac-f9c9c7e07f42@group-CFB692A00539-LeaderElection81] INFO  impl.LeaderElection (LeaderElection.java:logAndReturn(68)) - c7c2d1d0-24bf-4086-b8ac-f9c9c7e07f42@group-CFB692A00539-LeaderElection81: Election PASSED; received 1 response(s) [c7c2d1d0-24bf-4086-b8ac-f9c9c7e07f42<-16d33d7f-de85-4153-a986-8f085dcb09ff#0:OK-t1] and 1 exception(s); c7c2d1d0-24bf-4086-b8ac-f9c9c7e07f42@group-CFB692A00539:t1, leader=null, voted=c7c2d1d0-24bf-4086-b8ac-f9c9c7e07f42, raftlog=c7c2d1d0-24bf-4086-b8ac-f9c9c7e07f42@group-CFB692A00539-SegmentedRaftLog:OPENED:c-1,f-1,i0, conf=-1: [a9229adb-278c-43ef-9666-e3cbf980c0ea|rpc:172.17.0.2:43985, 16d33d7f-de85-4153-a986-8f085dcb09ff|rpc:172.17.0.2:35329, c7c2d1d0-24bf-4086-b8ac-f9c9c7e07f42|rpc:172.17.0.2:44251], old=null
2020-12-26 01:57:59,317 [c7c2d1d0-24bf-4086-b8ac-f9c9c7e07f42@group-CFB692A00539-LeaderElection81] INFO  impl.LeaderElection (LogUtils.java:infoOrTrace(137)) -   Exception 0: java.util.concurrent.ExecutionException: org.apache.ratis.thirdparty.io.grpc.StatusRuntimeException: UNAVAILABLE: io exception
2020-12-26 01:57:59,317 [c7c2d1d0-24bf-4086-b8ac-f9c9c7e07f42@group-CFB692A00539-LeaderElection81] INFO  impl.RoleInfo (RoleInfo.java:shutdownLeaderElection(121)) - c7c2d1d0-24bf-4086-b8ac-f9c9c7e07f42: shutdown c7c2d1d0-24bf-4086-b8ac-f9c9c7e07f42@group-CFB692A00539-LeaderElection81
2020-12-26 01:57:59,317 [c7c2d1d0-24bf-4086-b8ac-f9c9c7e07f42@group-CFB692A00539-LeaderElection81] INFO  server.RaftServer$Division (RaftServerImpl.java:setRole(275)) - c7c2d1d0-24bf-4086-b8ac-f9c9c7e07f42@group-CFB692A00539: changes role from CANDIDATE to LEADER at term 1 for changeToLeader
2020-12-26 01:57:59,317 [c7c2d1d0-24bf-4086-b8ac-f9c9c7e07f42@group-CFB692A00539-LeaderElection81] INFO  ratis.XceiverServerRatis (XceiverServerRatis.java:handleLeaderChangedNotification(862)) - Leader change notification received for group: group-CFB692A00539 with new leaderId: c7c2d1d0-24bf-4086-b8ac-f9c9c7e07f42
2020-12-26 01:57:59,317 [c7c2d1d0-24bf-4086-b8ac-f9c9c7e07f42@group-CFB692A00539-LeaderElection81] INFO  server.RaftServer$Division (ServerState.java:setLeader(258)) - c7c2d1d0-24bf-4086-b8ac-f9c9c7e07f42@group-CFB692A00539: change Leader from null to c7c2d1d0-24bf-4086-b8ac-f9c9c7e07f42 at term 1 for becomeLeader, leader elected after 5165ms
2020-12-26 01:57:59,317 [c7c2d1d0-24bf-4086-b8ac-f9c9c7e07f42@group-CFB692A00539-LeaderElection81] INFO  server.RaftServerConfigKeys (ConfUtils.java:logGet(44)) - raft.server.staging.catchup.gap = 1000 (default)
2020-12-26 01:57:59,317 [c7c2d1d0-24bf-4086-b8ac-f9c9c7e07f42@group-CFB692A00539-LeaderElection81] INFO  metrics.RatisMetrics (RatisMetrics.java:lambda$create$0(36)) - Creating Metrics Registry : ratis.log_appender.c7c2d1d0-24bf-4086-b8ac-f9c9c7e07f42@group-CFB692A00539
2020-12-26 01:57:59,317 [c7c2d1d0-24bf-4086-b8ac-f9c9c7e07f42@group-CFB692A00539-LeaderElection81] INFO  server.RaftServerConfigKeys (ConfUtils.java:logGet(44)) - raft.server.write.element-limit = 1024 (custom)
2020-12-26 01:57:59,317 [c7c2d1d0-24bf-4086-b8ac-f9c9c7e07f42@group-CFB692A00539-LeaderElection81] INFO  server.RaftServerConfigKeys (ConfUtils.java:logGet(44)) - raft.server.write.byte-limit = 1073741824 (custom)
2020-12-26 01:57:59,318 [c7c2d1d0-24bf-4086-b8ac-f9c9c7e07f42@group-CFB692A00539-LeaderElection81] INFO  server.RaftServerConfigKeys (ConfUtils.java:logGet(44)) - raft.server.watch.timeout = 3000ms (custom)
2020-12-26 01:57:59,318 [c7c2d1d0-24bf-4086-b8ac-f9c9c7e07f42@group-CFB692A00539-LeaderElection81] INFO  server.RaftServerConfigKeys (ConfUtils.java:logGet(44)) - raft.server.watch.timeout.denomination = 1s (default)
2020-12-26 01:57:59,318 [c7c2d1d0-24bf-4086-b8ac-f9c9c7e07f42@group-CFB692A00539-LeaderElection81] INFO  server.RaftServerConfigKeys (ConfUtils.java:logGet(44)) - raft.server.watch.element-limit = 65536 (default)
2020-12-26 01:57:59,318 [c7c2d1d0-24bf-4086-b8ac-f9c9c7e07f42@group-CFB692A00539-LeaderElection81] INFO  server.RaftServerConfigKeys (ConfUtils.java:logGet(44)) - raft.server.log.appender.snapshot.chunk.size.max = 16MB (=16777216) (default)
2020-12-26 01:57:59,318 [c7c2d1d0-24bf-4086-b8ac-f9c9c7e07f42@group-CFB692A00539-LeaderElection81] INFO  server.RaftServerConfigKeys (ConfUtils.java:logGet(44)) - raft.server.log.appender.buffer.byte-limit = 33554432 (custom)
2020-12-26 01:57:59,318 [c7c2d1d0-24bf-4086-b8ac-f9c9c7e07f42@group-CFB692A00539-LeaderElection81] INFO  server.RaftServerConfigKeys (ConfUtils.java:logGet(44)) - raft.server.log.appender.buffer.element-limit = 1 (custom)
2020-12-26 01:57:59,318 [c7c2d1d0-24bf-4086-b8ac-f9c9c7e07f42@group-CFB692A00539-LeaderElection81] INFO  grpc.GrpcConfigKeys (ConfUtils.java:logGet(44)) - raft.grpc.server.leader.outstanding.appends.max = 128 (default)
2020-12-26 01:57:59,318 [c7c2d1d0-24bf-4086-b8ac-f9c9c7e07f42@group-CFB692A00539-LeaderElection81] INFO  server.RaftServerConfigKeys (ConfUtils.java:logGet(44)) - raft.server.rpc.request.timeout = 3000ms (default)
2020-12-26 01:57:59,318 [c7c2d1d0-24bf-4086-b8ac-f9c9c7e07f42@group-CFB692A00539-LeaderElection81] INFO  server.RaftServerConfigKeys (ConfUtils.java:logGet(44)) - raft.server.log.appender.install.snapshot.enabled = false (custom)
2020-12-26 01:57:59,318 [c7c2d1d0-24bf-4086-b8ac-f9c9c7e07f42@group-CFB692A00539-LeaderElection81] INFO  metrics.RatisMetrics (RatisMetrics.java:lambda$create$0(36)) - Creating Metrics Registry : ratis_grpc.log_appender.c7c2d1d0-24bf-4086-b8ac-f9c9c7e07f42@group-CFB692A00539
2020-12-26 01:57:59,320 [EventQueue-StaleNodeForStaleNodeHandler] INFO  node.StaleNodeHandler (StaleNodeHandler.java:onMessage(58)) - Datanode 8e16b57b-a520-4ff3-ab9c-70e7128aded3{ip: 172.17.0.2, host: 140068b710f1, networkLocation: /default-rack, certSerialId: null, persistedOpState: IN_SERVICE, persistedOpStateExpiryEpochSec: 0} moved to stale state. Finalizing its pipelines [PipelineID=5d650413-b041-4683-8cab-99f8a9162041, PipelineID=3ec49c11-b3df-4246-874d-49e6829a44b8, PipelineID=a9cf9c82-e9d9-4410-9875-0691fef5e878]
2020-12-26 01:57:59,321 [EventQueue-StaleNodeForStaleNodeHandler] INFO  pipeline.SCMPipelineManager (SCMPipelineManager.java:finalizeAndDestroyPipeline(482)) - Destroying pipeline:Pipeline[ Id: 5d650413-b041-4683-8cab-99f8a9162041, Nodes: 73c99ad5-410f-4ffb-8408-ddbdb29ea4d0{ip: 172.17.0.2, host: 140068b710f1, networkLocation: /default-rack, certSerialId: null, persistedOpState: IN_SERVICE, persistedOpStateExpiryEpochSec: 0}43af3075-460a-422d-a924-90885968f40d{ip: 172.17.0.2, host: 140068b710f1, networkLocation: /default-rack, certSerialId: null, persistedOpState: IN_SERVICE, persistedOpStateExpiryEpochSec: 0}8e16b57b-a520-4ff3-ab9c-70e7128aded3{ip: 172.17.0.2, host: 140068b710f1, networkLocation: /default-rack, certSerialId: null, persistedOpState: IN_SERVICE, persistedOpStateExpiryEpochSec: 0}, Type:RATIS, Factor:THREE, State:OPEN, leaderId:73c99ad5-410f-4ffb-8408-ddbdb29ea4d0, CreationTimestamp2020-12-26T01:57:25.497Z]
2020-12-26 01:57:59,321 [c7c2d1d0-24bf-4086-b8ac-f9c9c7e07f42@group-CFB692A00539-LeaderElection81] INFO  server.RaftServerConfigKeys (ConfUtils.java:logGet(44)) - raft.server.log.appender.snapshot.chunk.size.max = 16MB (=16777216) (default)
2020-12-26 01:57:59,321 [EventQueue-StaleNodeForStaleNodeHandler] INFO  pipeline.PipelineStateManager (PipelineStateManager.java:finalizePipeline(121)) - Pipeline Pipeline[ Id: 5d650413-b041-4683-8cab-99f8a9162041, Nodes: 73c99ad5-410f-4ffb-8408-ddbdb29ea4d0{ip: 172.17.0.2, host: 140068b710f1, networkLocation: /default-rack, certSerialId: null, persistedOpState: IN_SERVICE, persistedOpStateExpiryEpochSec: 0}43af3075-460a-422d-a924-90885968f40d{ip: 172.17.0.2, host: 140068b710f1, networkLocation: /default-rack, certSerialId: null, persistedOpState: IN_SERVICE, persistedOpStateExpiryEpochSec: 0}8e16b57b-a520-4ff3-ab9c-70e7128aded3{ip: 172.17.0.2, host: 140068b710f1, networkLocation: /default-rack, certSerialId: null, persistedOpState: IN_SERVICE, persistedOpStateExpiryEpochSec: 0}, Type:RATIS, Factor:THREE, State:CLOSED, leaderId:73c99ad5-410f-4ffb-8408-ddbdb29ea4d0, CreationTimestamp2020-12-26T01:57:25.497Z] moved to CLOSED state
2020-12-26 01:57:59,321 [c7c2d1d0-24bf-4086-b8ac-f9c9c7e07f42@group-CFB692A00539-LeaderElection81] INFO  server.RaftServerConfigKeys (ConfUtils.java:logGet(44)) - raft.server.log.appender.buffer.byte-limit = 33554432 (custom)
2020-12-26 01:57:59,321 [c7c2d1d0-24bf-4086-b8ac-f9c9c7e07f42@group-CFB692A00539-LeaderElection81] INFO  server.RaftServerConfigKeys (ConfUtils.java:logGet(44)) - raft.server.log.appender.buffer.element-limit = 1 (custom)
2020-12-26 01:57:59,321 [c7c2d1d0-24bf-4086-b8ac-f9c9c7e07f42@group-CFB692A00539-LeaderElection81] INFO  grpc.GrpcConfigKeys (ConfUtils.java:logGet(44)) - raft.grpc.server.leader.outstanding.appends.max = 128 (default)
2020-12-26 01:57:59,321 [EventQueue-StaleNodeForStaleNodeHandler] INFO  pipeline.SCMPipelineManager (SCMPipelineManager.java:finalizeAndDestroyPipeline(482)) - Destroying pipeline:Pipeline[ Id: 3ec49c11-b3df-4246-874d-49e6829a44b8, Nodes: 73c99ad5-410f-4ffb-8408-ddbdb29ea4d0{ip: 172.17.0.2, host: 140068b710f1, networkLocation: /default-rack, certSerialId: null, persistedOpState: IN_SERVICE, persistedOpStateExpiryEpochSec: 0}43af3075-460a-422d-a924-90885968f40d{ip: 172.17.0.2, host: 140068b710f1, networkLocation: /default-rack, certSerialId: null, persistedOpState: IN_SERVICE, persistedOpStateExpiryEpochSec: 0}8e16b57b-a520-4ff3-ab9c-70e7128aded3{ip: 172.17.0.2, host: 140068b710f1, networkLocation: /default-rack, certSerialId: null, persistedOpState: IN_SERVICE, persistedOpStateExpiryEpochSec: 0}, Type:RATIS, Factor:THREE, State:OPEN, leaderId:73c99ad5-410f-4ffb-8408-ddbdb29ea4d0, CreationTimestamp2020-12-26T01:57:25.498Z]
2020-12-26 01:57:59,321 [c7c2d1d0-24bf-4086-b8ac-f9c9c7e07f42@group-CFB692A00539-LeaderElection81] INFO  server.RaftServerConfigKeys (ConfUtils.java:logGet(44)) - raft.server.rpc.request.timeout = 3000ms (default)
2020-12-26 01:57:59,321 [EventQueue-StaleNodeForStaleNodeHandler] INFO  pipeline.PipelineStateManager (PipelineStateManager.java:finalizePipeline(121)) - Pipeline Pipeline[ Id: 3ec49c11-b3df-4246-874d-49e6829a44b8, Nodes: 73c99ad5-410f-4ffb-8408-ddbdb29ea4d0{ip: 172.17.0.2, host: 140068b710f1, networkLocation: /default-rack, certSerialId: null, persistedOpState: IN_SERVICE, persistedOpStateExpiryEpochSec: 0}43af3075-460a-422d-a924-90885968f40d{ip: 172.17.0.2, host: 140068b710f1, networkLocation: /default-rack, certSerialId: null, persistedOpState: IN_SERVICE, persistedOpStateExpiryEpochSec: 0}8e16b57b-a520-4ff3-ab9c-70e7128aded3{ip: 172.17.0.2, host: 140068b710f1, networkLocation: /default-rack, certSerialId: null, persistedOpState: IN_SERVICE, persistedOpStateExpiryEpochSec: 0}, Type:RATIS, Factor:THREE, State:CLOSED, leaderId:73c99ad5-410f-4ffb-8408-ddbdb29ea4d0, CreationTimestamp2020-12-26T01:57:25.498Z] moved to CLOSED state
2020-12-26 01:57:59,321 [c7c2d1d0-24bf-4086-b8ac-f9c9c7e07f42@group-6696EB7B60AF-LeaderElection82] INFO  impl.LeaderElection (LeaderElection.java:askForVotes(219)) - c7c2d1d0-24bf-4086-b8ac-f9c9c7e07f42@group-6696EB7B60AF-LeaderElection82: begin an election at term 1 for -1: [a9229adb-278c-43ef-9666-e3cbf980c0ea|rpc:172.17.0.2:43985, 16d33d7f-de85-4153-a986-8f085dcb09ff|rpc:172.17.0.2:35329, c7c2d1d0-24bf-4086-b8ac-f9c9c7e07f42|rpc:172.17.0.2:44251], old=null
2020-12-26 01:57:59,322 [EventQueue-StaleNodeForStaleNodeHandler] INFO  pipeline.SCMPipelineManager (SCMPipelineManager.java:finalizeAndDestroyPipeline(482)) - Destroying pipeline:Pipeline[ Id: a9cf9c82-e9d9-4410-9875-0691fef5e878, Nodes: 8e16b57b-a520-4ff3-ab9c-70e7128aded3{ip: 172.17.0.2, host: 140068b710f1, networkLocation: /default-rack, certSerialId: null, persistedOpState: IN_SERVICE, persistedOpStateExpiryEpochSec: 0}, Type:RATIS, Factor:ONE, State:OPEN, leaderId:8e16b57b-a520-4ff3-ab9c-70e7128aded3, CreationTimestamp2020-12-26T01:57:25.294Z]
2020-12-26 01:57:59,321 [c7c2d1d0-24bf-4086-b8ac-f9c9c7e07f42@group-CFB692A00539-LeaderElection81] INFO  server.RaftServerConfigKeys (ConfUtils.java:logGet(44)) - raft.server.log.appender.install.snapshot.enabled = false (custom)
2020-12-26 01:57:59,322 [EventQueue-CloseContainerForCloseContainerEventHandler] INFO  container.CloseContainerEventHandler (CloseContainerEventHandler.java:onMessage(61)) - Close container Event triggered for container : #2
2020-12-26 01:57:59,322 [EventQueue-StaleNodeForStaleNodeHandler] INFO  pipeline.PipelineStateManager (PipelineStateManager.java:finalizePipeline(121)) - Pipeline Pipeline[ Id: a9cf9c82-e9d9-4410-9875-0691fef5e878, Nodes: 8e16b57b-a520-4ff3-ab9c-70e7128aded3{ip: 172.17.0.2, host: 140068b710f1, networkLocation: /default-rack, certSerialId: null, persistedOpState: IN_SERVICE, persistedOpStateExpiryEpochSec: 0}, Type:RATIS, Factor:ONE, State:CLOSED, leaderId:8e16b57b-a520-4ff3-ab9c-70e7128aded3, CreationTimestamp2020-12-26T01:57:25.294Z] moved to CLOSED state
2020-12-26 01:57:59,324 [c7c2d1d0-24bf-4086-b8ac-f9c9c7e07f42@group-CFB692A00539-LeaderElection81] INFO  impl.RoleInfo (RoleInfo.java:updateAndGet(130)) - c7c2d1d0-24bf-4086-b8ac-f9c9c7e07f42: start c7c2d1d0-24bf-4086-b8ac-f9c9c7e07f42@group-CFB692A00539-LeaderStateImpl
2020-12-26 01:57:59,324 [c7c2d1d0-24bf-4086-b8ac-f9c9c7e07f42@group-CFB692A00539-LeaderElection81] INFO  segmented.SegmentedRaftLogWorker (SegmentedRaftLogWorker.java:startLogSegment(392)) - c7c2d1d0-24bf-4086-b8ac-f9c9c7e07f42@group-CFB692A00539-SegmentedRaftLogWorker: Starting segment from index:0
2020-12-26 01:57:59,327 [c7c2d1d0-24bf-4086-b8ac-f9c9c7e07f42@group-6696EB7B60AF-LeaderElection82] INFO  impl.LeaderElection (LogUtils.java:infoOrTrace(137)) - c7c2d1d0-24bf-4086-b8ac-f9c9c7e07f42@group-6696EB7B60AF-LeaderElection82 got exception when requesting votes: java.util.concurrent.ExecutionException: org.apache.ratis.thirdparty.io.grpc.StatusRuntimeException: UNAVAILABLE: io exception
2020-12-26 01:57:59,328 [grpc-default-executor-3] INFO  server.RaftServer$Division (RaftServerImpl.java:setRole(275)) - 16d33d7f-de85-4153-a986-8f085dcb09ff@group-6696EB7B60AF: changes role from  FOLLOWER to FOLLOWER at term 1 for recognizeCandidate:c7c2d1d0-24bf-4086-b8ac-f9c9c7e07f42
2020-12-26 01:57:59,328 [grpc-default-executor-3] INFO  impl.RoleInfo (RoleInfo.java:shutdownFollowerState(108)) - 16d33d7f-de85-4153-a986-8f085dcb09ff: shutdown 16d33d7f-de85-4153-a986-8f085dcb09ff@group-6696EB7B60AF-FollowerState
2020-12-26 01:57:59,329 [c7c2d1d0-24bf-4086-b8ac-f9c9c7e07f42@group-CFB692A00539-SegmentedRaftLogWorker] INFO  segmented.SegmentedRaftLogWorker (SegmentedRaftLogWorker.java:execute(599)) - c7c2d1d0-24bf-4086-b8ac-f9c9c7e07f42@group-CFB692A00539-SegmentedRaftLogWorker: created new log segment /github/workspace/mnt/ozone/hadoop-ozone/integration-test/target/test-dir/MiniOzoneClusterImpl-b0bbc67e-6e78-4c8b-9c9f-814a2ca087f9/datanode-0/data/ratis/573e7393-093f-4e60-978a-cfb692a00539/current/log_inprogress_0
2020-12-26 01:57:59,330 [grpc-default-executor-0] WARN  server.GrpcLogAppender (LogUtils.java:warn(122)) - c7c2d1d0-24bf-4086-b8ac-f9c9c7e07f42@group-CFB692A00539->a9229adb-278c-43ef-9666-e3cbf980c0ea-AppendLogResponseHandler: Failed appendEntries: org.apache.ratis.thirdparty.io.grpc.StatusRuntimeException: UNAVAILABLE: io exception
2020-12-26 01:57:59,341 [grpc-default-executor-3] INFO  impl.RoleInfo (RoleInfo.java:updateAndGet(130)) - 16d33d7f-de85-4153-a986-8f085dcb09ff: start 16d33d7f-de85-4153-a986-8f085dcb09ff@group-6696EB7B60AF-FollowerState
2020-12-26 01:57:59,341 [c7c2d1d0-24bf-4086-b8ac-f9c9c7e07f42@group-CFB692A00539-LeaderElection81] INFO  server.RaftServer$Division (ServerState.java:setRaftConf(374)) - c7c2d1d0-24bf-4086-b8ac-f9c9c7e07f42@group-CFB692A00539: set configuration 0: [a9229adb-278c-43ef-9666-e3cbf980c0ea|rpc:172.17.0.2:43985|dataStream:, 16d33d7f-de85-4153-a986-8f085dcb09ff|rpc:172.17.0.2:35329|dataStream:, c7c2d1d0-24bf-4086-b8ac-f9c9c7e07f42|rpc:172.17.0.2:44251|dataStream:], old=null at 0
2020-12-26 01:57:59,341 [Thread-2809] INFO  impl.FollowerState (FollowerState.java:run(142)) - 16d33d7f-de85-4153-a986-8f085dcb09ff@group-6696EB7B60AF-FollowerState was interrupted: {}
java.lang.InterruptedException: sleep interrupted
	at java.lang.Thread.sleep(Native Method)
	at java.lang.Thread.sleep(Thread.java:340)
	at java.util.concurrent.TimeUnit.sleep(TimeUnit.java:386)
	at org.apache.ratis.util.TimeDuration.sleep(TimeDuration.java:319)
	at org.apache.ratis.util.TimeDuration.sleep(TimeDuration.java:304)
	at org.apache.ratis.server.impl.FollowerState.run(FollowerState.java:117)
2020-12-26 01:57:59,341 [grpc-default-executor-3] INFO  server.RaftServer$Division (RaftServerImpl.java:requestVote(983)) -  FOLLOWER 16d33d7f-de85-4153-a986-8f085dcb09ff@group-6696EB7B60AF:t1, leader=null, voted=null, raftlog=16d33d7f-de85-4153-a986-8f085dcb09ff@group-6696EB7B60AF-SegmentedRaftLog:OPENED:c-1,f-1,i0, conf=-1: [a9229adb-278c-43ef-9666-e3cbf980c0ea|rpc:172.17.0.2:43985|dataStream:, 16d33d7f-de85-4153-a986-8f085dcb09ff|rpc:172.17.0.2:35329|dataStream:, c7c2d1d0-24bf-4086-b8ac-f9c9c7e07f42|rpc:172.17.0.2:44251|dataStream:], old=null RUNNING priority:0 candidate:c7c2d1d0-24bf-4086-b8ac-f9c9c7e07f42|rpc:172.17.0.2:44251|dataStream: candidatePriority:0 compare:0
2020-12-26 01:57:59,344 [c7c2d1d0-24bf-4086-b8ac-f9c9c7e07f42@group-6696EB7B60AF-LeaderElection82] INFO  impl.LeaderElection (LeaderElection.java:logAndReturn(68)) - c7c2d1d0-24bf-4086-b8ac-f9c9c7e07f42@group-6696EB7B60AF-LeaderElection82: Election PASSED; received 1 response(s) [c7c2d1d0-24bf-4086-b8ac-f9c9c7e07f42<-16d33d7f-de85-4153-a986-8f085dcb09ff#0:OK-t1] and 1 exception(s); c7c2d1d0-24bf-4086-b8ac-f9c9c7e07f42@group-6696EB7B60AF:t1, leader=null, voted=c7c2d1d0-24bf-4086-b8ac-f9c9c7e07f42, raftlog=c7c2d1d0-24bf-4086-b8ac-f9c9c7e07f42@group-6696EB7B60AF-SegmentedRaftLog:OPENED:c-1,f-1,i0, conf=-1: [a9229adb-278c-43ef-9666-e3cbf980c0ea|rpc:172.17.0.2:43985, 16d33d7f-de85-4153-a986-8f085dcb09ff|rpc:172.17.0.2:35329, c7c2d1d0-24bf-4086-b8ac-f9c9c7e07f42|rpc:172.17.0.2:44251], old=null
2020-12-26 01:57:59,344 [c7c2d1d0-24bf-4086-b8ac-f9c9c7e07f42@group-6696EB7B60AF-LeaderElection82] INFO  impl.LeaderElection (LogUtils.java:infoOrTrace(137)) -   Exception 0: java.util.concurrent.ExecutionException: org.apache.ratis.thirdparty.io.grpc.StatusRuntimeException: UNAVAILABLE: io exception
2020-12-26 01:57:59,344 [c7c2d1d0-24bf-4086-b8ac-f9c9c7e07f42@group-6696EB7B60AF-LeaderElection82] INFO  impl.RoleInfo (RoleInfo.java:shutdownLeaderElection(121)) - c7c2d1d0-24bf-4086-b8ac-f9c9c7e07f42: shutdown c7c2d1d0-24bf-4086-b8ac-f9c9c7e07f42@group-6696EB7B60AF-LeaderElection82
2020-12-26 01:57:59,344 [c7c2d1d0-24bf-4086-b8ac-f9c9c7e07f42@group-6696EB7B60AF-LeaderElection82] INFO  server.RaftServer$Division (RaftServerImpl.java:setRole(275)) - c7c2d1d0-24bf-4086-b8ac-f9c9c7e07f42@group-6696EB7B60AF: changes role from CANDIDATE to LEADER at term 1 for changeToLeader
2020-12-26 01:57:59,344 [c7c2d1d0-24bf-4086-b8ac-f9c9c7e07f42@group-6696EB7B60AF-LeaderElection82] INFO  ratis.XceiverServerRatis (XceiverServerRatis.java:handleLeaderChangedNotification(862)) - Leader change notification received for group: group-6696EB7B60AF with new leaderId: c7c2d1d0-24bf-4086-b8ac-f9c9c7e07f42
2020-12-26 01:57:59,344 [c7c2d1d0-24bf-4086-b8ac-f9c9c7e07f42@group-6696EB7B60AF-LeaderElection82] INFO  server.RaftServer$Division (ServerState.java:setLeader(258)) - c7c2d1d0-24bf-4086-b8ac-f9c9c7e07f42@group-6696EB7B60AF: change Leader from null to c7c2d1d0-24bf-4086-b8ac-f9c9c7e07f42 at term 1 for becomeLeader, leader elected after 5103ms
2020-12-26 01:57:59,344 [c7c2d1d0-24bf-4086-b8ac-f9c9c7e07f42@group-6696EB7B60AF-LeaderElection82] INFO  server.RaftServerConfigKeys (ConfUtils.java:logGet(44)) - raft.server.staging.catchup.gap = 1000 (default)
2020-12-26 01:57:59,344 [c7c2d1d0-24bf-4086-b8ac-f9c9c7e07f42@group-6696EB7B60AF-LeaderElection82] INFO  metrics.RatisMetrics (RatisMetrics.java:lambda$create$0(36)) - Creating Metrics Registry : ratis.log_appender.c7c2d1d0-24bf-4086-b8ac-f9c9c7e07f42@group-6696EB7B60AF
2020-12-26 01:57:59,344 [c7c2d1d0-24bf-4086-b8ac-f9c9c7e07f42@group-6696EB7B60AF-LeaderElection82] INFO  server.RaftServerConfigKeys (ConfUtils.java:logGet(44)) - raft.server.write.element-limit = 1024 (custom)
2020-12-26 01:57:59,344 [c7c2d1d0-24bf-4086-b8ac-f9c9c7e07f42@group-6696EB7B60AF-LeaderElection82] INFO  server.RaftServerConfigKeys (ConfUtils.java:logGet(44)) - raft.server.write.byte-limit = 1073741824 (custom)
2020-12-26 01:57:59,349 [c7c2d1d0-24bf-4086-b8ac-f9c9c7e07f42@group-6696EB7B60AF-LeaderElection82] INFO  server.RaftServerConfigKeys (ConfUtils.java:logGet(44)) - raft.server.watch.timeout = 3000ms (custom)
2020-12-26 01:57:59,349 [c7c2d1d0-24bf-4086-b8ac-f9c9c7e07f42@group-6696EB7B60AF-LeaderElection82] INFO  server.RaftServerConfigKeys (ConfUtils.java:logGet(44)) - raft.server.watch.timeout.denomination = 1s (default)
2020-12-26 01:57:59,349 [c7c2d1d0-24bf-4086-b8ac-f9c9c7e07f42@group-6696EB7B60AF-LeaderElection82] INFO  server.RaftServerConfigKeys (ConfUtils.java:logGet(44)) - raft.server.watch.element-limit = 65536 (default)
2020-12-26 01:57:59,349 [c7c2d1d0-24bf-4086-b8ac-f9c9c7e07f42@group-6696EB7B60AF-LeaderElection82] INFO  server.RaftServerConfigKeys (ConfUtils.java:logGet(44)) - raft.server.log.appender.snapshot.chunk.size.max = 16MB (=16777216) (default)
2020-12-26 01:57:59,349 [c7c2d1d0-24bf-4086-b8ac-f9c9c7e07f42@group-6696EB7B60AF-LeaderElection82] INFO  server.RaftServerConfigKeys (ConfUtils.java:logGet(44)) - raft.server.log.appender.buffer.byte-limit = 33554432 (custom)
2020-12-26 01:57:59,349 [c7c2d1d0-24bf-4086-b8ac-f9c9c7e07f42@group-6696EB7B60AF-LeaderElection82] INFO  server.RaftServerConfigKeys (ConfUtils.java:logGet(44)) - raft.server.log.appender.buffer.element-limit = 1 (custom)
2020-12-26 01:57:59,349 [c7c2d1d0-24bf-4086-b8ac-f9c9c7e07f42@group-6696EB7B60AF-LeaderElection82] INFO  grpc.GrpcConfigKeys (ConfUtils.java:logGet(44)) - raft.grpc.server.leader.outstanding.appends.max = 128 (default)
2020-12-26 01:57:59,349 [c7c2d1d0-24bf-4086-b8ac-f9c9c7e07f42@group-6696EB7B60AF-LeaderElection82] INFO  server.RaftServerConfigKeys (ConfUtils.java:logGet(44)) - raft.server.rpc.request.timeout = 3000ms (default)
2020-12-26 01:57:59,349 [c7c2d1d0-24bf-4086-b8ac-f9c9c7e07f42@group-6696EB7B60AF-LeaderElection82] INFO  server.RaftServerConfigKeys (ConfUtils.java:logGet(44)) - raft.server.log.appender.install.snapshot.enabled = false (custom)
2020-12-26 01:57:59,349 [c7c2d1d0-24bf-4086-b8ac-f9c9c7e07f42@group-6696EB7B60AF-LeaderElection82] INFO  metrics.RatisMetrics (RatisMetrics.java:lambda$create$0(36)) - Creating Metrics Registry : ratis_grpc.log_appender.c7c2d1d0-24bf-4086-b8ac-f9c9c7e07f42@group-6696EB7B60AF
2020-12-26 01:57:59,351 [grpc-default-executor-0] WARN  server.GrpcLogAppender (GrpcLogAppender.java:resetClient(110)) - c7c2d1d0-24bf-4086-b8ac-f9c9c7e07f42@group-CFB692A00539->a9229adb-278c-43ef-9666-e3cbf980c0ea-GrpcLogAppender: Leader has not got in touch with Follower c7c2d1d0-24bf-4086-b8ac-f9c9c7e07f42@group-CFB692A00539->a9229adb-278c-43ef-9666-e3cbf980c0ea(c-1,m0,n1, attendVote=true, lastRpcSendTime=0, lastRpcResponseTime=5233) yet, just keep nextIndex unchanged and retry.
2020-12-26 01:57:59,370 [c7c2d1d0-24bf-4086-b8ac-f9c9c7e07f42@group-6696EB7B60AF-LeaderElection82] INFO  server.RaftServerConfigKeys (ConfUtils.java:logGet(44)) - raft.server.log.appender.snapshot.chunk.size.max = 16MB (=16777216) (default)
2020-12-26 01:57:59,370 [c7c2d1d0-24bf-4086-b8ac-f9c9c7e07f42@group-6696EB7B60AF-LeaderElection82] INFO  server.RaftServerConfigKeys (ConfUtils.java:logGet(44)) - raft.server.log.appender.buffer.byte-limit = 33554432 (custom)
2020-12-26 01:57:59,370 [c7c2d1d0-24bf-4086-b8ac-f9c9c7e07f42@group-6696EB7B60AF-LeaderElection82] INFO  server.RaftServerConfigKeys (ConfUtils.java:logGet(44)) - raft.server.log.appender.buffer.element-limit = 1 (custom)
2020-12-26 01:57:59,370 [c7c2d1d0-24bf-4086-b8ac-f9c9c7e07f42@group-6696EB7B60AF-LeaderElection82] INFO  grpc.GrpcConfigKeys (ConfUtils.java:logGet(44)) - raft.grpc.server.leader.outstanding.appends.max = 128 (default)
2020-12-26 01:57:59,370 [c7c2d1d0-24bf-4086-b8ac-f9c9c7e07f42@group-6696EB7B60AF-LeaderElection82] INFO  server.RaftServerConfigKeys (ConfUtils.java:logGet(44)) - raft.server.rpc.request.timeout = 3000ms (default)
2020-12-26 01:57:59,370 [c7c2d1d0-24bf-4086-b8ac-f9c9c7e07f42@group-6696EB7B60AF-LeaderElection82] INFO  server.RaftServerConfigKeys (ConfUtils.java:logGet(44)) - raft.server.log.appender.install.snapshot.enabled = false (custom)
2020-12-26 01:57:59,372 [c7c2d1d0-24bf-4086-b8ac-f9c9c7e07f42@group-6696EB7B60AF-LeaderElection82] INFO  impl.RoleInfo (RoleInfo.java:updateAndGet(130)) - c7c2d1d0-24bf-4086-b8ac-f9c9c7e07f42: start c7c2d1d0-24bf-4086-b8ac-f9c9c7e07f42@group-6696EB7B60AF-LeaderStateImpl
2020-12-26 01:57:59,372 [c7c2d1d0-24bf-4086-b8ac-f9c9c7e07f42@group-6696EB7B60AF-LeaderElection82] INFO  segmented.SegmentedRaftLogWorker (SegmentedRaftLogWorker.java:startLogSegment(392)) - c7c2d1d0-24bf-4086-b8ac-f9c9c7e07f42@group-6696EB7B60AF-SegmentedRaftLogWorker: Starting segment from index:0
2020-12-26 01:57:59,374 [c7c2d1d0-24bf-4086-b8ac-f9c9c7e07f42@group-6696EB7B60AF-SegmentedRaftLogWorker] INFO  segmented.SegmentedRaftLogWorker (SegmentedRaftLogWorker.java:execute(599)) - c7c2d1d0-24bf-4086-b8ac-f9c9c7e07f42@group-6696EB7B60AF-SegmentedRaftLogWorker: created new log segment /github/workspace/mnt/ozone/hadoop-ozone/integration-test/target/test-dir/MiniOzoneClusterImpl-b0bbc67e-6e78-4c8b-9c9f-814a2ca087f9/datanode-0/data/ratis/76484d9c-c345-4865-b768-6696eb7b60af/current/log_inprogress_0
2020-12-26 01:57:59,383 [grpc-default-executor-4] INFO  ratis.XceiverServerRatis (XceiverServerRatis.java:handleLeaderChangedNotification(862)) - Leader change notification received for group: group-CFB692A00539 with new leaderId: c7c2d1d0-24bf-4086-b8ac-f9c9c7e07f42
2020-12-26 01:57:59,383 [grpc-default-executor-4] INFO  server.RaftServer$Division (ServerState.java:setLeader(258)) - 16d33d7f-de85-4153-a986-8f085dcb09ff@group-CFB692A00539: change Leader from null to c7c2d1d0-24bf-4086-b8ac-f9c9c7e07f42 at term 1 for appendEntries, leader elected after 5261ms
2020-12-26 01:57:59,391 [grpc-default-executor-4] INFO  server.RaftServer$Division (ServerState.java:setRaftConf(374)) - 16d33d7f-de85-4153-a986-8f085dcb09ff@group-CFB692A00539: set configuration 0: [a9229adb-278c-43ef-9666-e3cbf980c0ea|rpc:172.17.0.2:43985|dataStream:, 16d33d7f-de85-4153-a986-8f085dcb09ff|rpc:172.17.0.2:35329|dataStream:, c7c2d1d0-24bf-4086-b8ac-f9c9c7e07f42|rpc:172.17.0.2:44251|dataStream:], old=null at 0
2020-12-26 01:57:59,393 [grpc-default-executor-4] INFO  segmented.SegmentedRaftLogWorker (SegmentedRaftLogWorker.java:startLogSegment(392)) - 16d33d7f-de85-4153-a986-8f085dcb09ff@group-CFB692A00539-SegmentedRaftLogWorker: Starting segment from index:0
2020-12-26 01:57:59,400 [grpc-default-executor-0] WARN  server.GrpcLogAppender (LogUtils.java:warn(122)) - c7c2d1d0-24bf-4086-b8ac-f9c9c7e07f42@group-6696EB7B60AF->a9229adb-278c-43ef-9666-e3cbf980c0ea-AppendLogResponseHandler: Failed appendEntries: org.apache.ratis.thirdparty.io.grpc.StatusRuntimeException: UNAVAILABLE: io exception
2020-12-26 01:57:59,401 [16d33d7f-de85-4153-a986-8f085dcb09ff@group-CFB692A00539-SegmentedRaftLogWorker] INFO  segmented.SegmentedRaftLogWorker (SegmentedRaftLogWorker.java:execute(599)) - 16d33d7f-de85-4153-a986-8f085dcb09ff@group-CFB692A00539-SegmentedRaftLogWorker: created new log segment /github/workspace/mnt/ozone/hadoop-ozone/integration-test/target/test-dir/MiniOzoneClusterImpl-b0bbc67e-6e78-4c8b-9c9f-814a2ca087f9/datanode-6/data/ratis/573e7393-093f-4e60-978a-cfb692a00539/current/log_inprogress_0
2020-12-26 01:57:59,411 [c7c2d1d0-24bf-4086-b8ac-f9c9c7e07f42@group-6696EB7B60AF-LeaderElection82] INFO  server.RaftServer$Division (ServerState.java:setRaftConf(374)) - c7c2d1d0-24bf-4086-b8ac-f9c9c7e07f42@group-6696EB7B60AF: set configuration 0: [a9229adb-278c-43ef-9666-e3cbf980c0ea|rpc:172.17.0.2:43985|dataStream:, 16d33d7f-de85-4153-a986-8f085dcb09ff|rpc:172.17.0.2:35329|dataStream:, c7c2d1d0-24bf-4086-b8ac-f9c9c7e07f42|rpc:172.17.0.2:44251|dataStream:], old=null at 0
2020-12-26 01:57:59,419 [grpc-default-executor-6] INFO  ratis.XceiverServerRatis (XceiverServerRatis.java:handleLeaderChangedNotification(862)) - Leader change notification received for group: group-6696EB7B60AF with new leaderId: c7c2d1d0-24bf-4086-b8ac-f9c9c7e07f42
2020-12-26 01:57:59,420 [grpc-default-executor-6] INFO  server.RaftServer$Division (ServerState.java:setLeader(258)) - 16d33d7f-de85-4153-a986-8f085dcb09ff@group-6696EB7B60AF: change Leader from null to c7c2d1d0-24bf-4086-b8ac-f9c9c7e07f42 at term 1 for appendEntries, leader elected after 5161ms
2020-12-26 01:57:59,420 [grpc-default-executor-0] WARN  server.GrpcLogAppender (GrpcLogAppender.java:resetClient(110)) - c7c2d1d0-24bf-4086-b8ac-f9c9c7e07f42@group-6696EB7B60AF->a9229adb-278c-43ef-9666-e3cbf980c0ea-GrpcLogAppender: Leader has not got in touch with Follower c7c2d1d0-24bf-4086-b8ac-f9c9c7e07f42@group-6696EB7B60AF->a9229adb-278c-43ef-9666-e3cbf980c0ea(c-1,m0,n1, attendVote=true, lastRpcSendTime=8, lastRpcResponseTime=5270) yet, just keep nextIndex unchanged and retry.
2020-12-26 01:57:59,439 [grpc-default-executor-4] INFO  server.RaftServer$Division (ServerState.java:setRaftConf(374)) - 16d33d7f-de85-4153-a986-8f085dcb09ff@group-6696EB7B60AF: set configuration 0: [a9229adb-278c-43ef-9666-e3cbf980c0ea|rpc:172.17.0.2:43985|dataStream:, 16d33d7f-de85-4153-a986-8f085dcb09ff|rpc:172.17.0.2:35329|dataStream:, c7c2d1d0-24bf-4086-b8ac-f9c9c7e07f42|rpc:172.17.0.2:44251|dataStream:], old=null at 0
2020-12-26 01:57:59,440 [grpc-default-executor-4] INFO  segmented.SegmentedRaftLogWorker (SegmentedRaftLogWorker.java:startLogSegment(392)) - 16d33d7f-de85-4153-a986-8f085dcb09ff@group-6696EB7B60AF-SegmentedRaftLogWorker: Starting segment from index:0
2020-12-26 01:57:59,441 [16d33d7f-de85-4153-a986-8f085dcb09ff@group-6696EB7B60AF-SegmentedRaftLogWorker] INFO  segmented.SegmentedRaftLogWorker (SegmentedRaftLogWorker.java:execute(599)) - 16d33d7f-de85-4153-a986-8f085dcb09ff@group-6696EB7B60AF-SegmentedRaftLogWorker: created new log segment /github/workspace/mnt/ozone/hadoop-ozone/integration-test/target/test-dir/MiniOzoneClusterImpl-b0bbc67e-6e78-4c8b-9c9f-814a2ca087f9/datanode-6/data/ratis/76484d9c-c345-4865-b768-6696eb7b60af/current/log_inprogress_0
2020-12-26 01:57:59,748 [grpc-default-executor-4] WARN  server.GrpcLogAppender (LogUtils.java:warn(122)) - 73c99ad5-410f-4ffb-8408-ddbdb29ea4d0@group-49E6829A44B8->8e16b57b-a520-4ff3-ab9c-70e7128aded3-AppendLogResponseHandler: Failed appendEntries: org.apache.ratis.thirdparty.io.grpc.StatusRuntimeException: UNAVAILABLE: io exception
2020-12-26 01:57:59,748 [grpc-default-executor-4] INFO  leader.FollowerInfo (FollowerInfoImpl.java:lambda$new$0(46)) - 73c99ad5-410f-4ffb-8408-ddbdb29ea4d0@group-49E6829A44B8->8e16b57b-a520-4ff3-ab9c-70e7128aded3: nextIndex: updateUnconditionally 16 -> 15
2020-12-26 01:57:59,806 [Listener at 127.0.0.1/40109] INFO  ozoneimpl.OzoneContainer (OzoneContainer.java:stop(257)) - Attempting to stop container services.
2020-12-26 01:57:59,807 [Listener at 127.0.0.1/40109] INFO  server.RaftServer (RaftServerProxy.java:lambda$close$6(387)) - c7c2d1d0-24bf-4086-b8ac-f9c9c7e07f42: close
2020-12-26 01:57:59,807 [Listener at 127.0.0.1/40109] INFO  server.RaftServer$Division (RaftServerImpl.java:lambda$close$4(397)) - c7c2d1d0-24bf-4086-b8ac-f9c9c7e07f42@group-B42F238E776C: shutdown
2020-12-26 01:57:59,807 [Listener at 127.0.0.1/40109] INFO  util.JmxRegister (JmxRegister.java:unregister(73)) - Successfully un-registered JMX Bean with object name Ratis:service=RaftServer,group=group-B42F238E776C,id=c7c2d1d0-24bf-4086-b8ac-f9c9c7e07f42
2020-12-26 01:57:59,807 [Listener at 127.0.0.1/40109] INFO  impl.RoleInfo (RoleInfo.java:shutdownLeaderState(91)) - c7c2d1d0-24bf-4086-b8ac-f9c9c7e07f42: shutdown c7c2d1d0-24bf-4086-b8ac-f9c9c7e07f42@group-B42F238E776C-LeaderStateImpl
2020-12-26 01:57:59,807 [Listener at 127.0.0.1/40109] INFO  impl.PendingRequests (PendingRequests.java:sendNotLeaderResponses(249)) - c7c2d1d0-24bf-4086-b8ac-f9c9c7e07f42@group-B42F238E776C-PendingRequests: sendNotLeaderResponses
2020-12-26 01:57:59,807 [Listener at 127.0.0.1/40109] INFO  metrics.RatisMetrics (RatisMetrics.java:unregister(43)) - Unregistering Metrics Registry : ratis.log_appender.c7c2d1d0-24bf-4086-b8ac-f9c9c7e07f42@group-B42F238E776C
2020-12-26 01:57:59,807 [Listener at 127.0.0.1/40109] INFO  metrics.RatisMetrics (RatisMetrics.java:unregister(43)) - Unregistering Metrics Registry : ratis.server.c7c2d1d0-24bf-4086-b8ac-f9c9c7e07f42@group-B42F238E776C
2020-12-26 01:57:59,809 [c7c2d1d0-24bf-4086-b8ac-f9c9c7e07f42@group-B42F238E776C-StateMachineUpdater] INFO  ratis.ContainerStateMachine (ContainerStateMachine.java:takeSnapshot(291)) - group-B42F238E776C: Taking a snapshot at:(t:1, i:0) file /github/workspace/mnt/ozone/hadoop-ozone/integration-test/target/test-dir/MiniOzoneClusterImpl-b0bbc67e-6e78-4c8b-9c9f-814a2ca087f9/datanode-0/data/ratis/7d123b2d-022e-444b-a472-b42f238e776c/sm/snapshot.1_0
2020-12-26 01:57:59,809 [Listener at 127.0.0.1/40109] INFO  impl.StateMachineUpdater (StateMachineUpdater.java:stopAndJoin(148)) - c7c2d1d0-24bf-4086-b8ac-f9c9c7e07f42@group-B42F238E776C-StateMachineUpdater: set stopIndex = 0
2020-12-26 01:57:59,810 [c7c2d1d0-24bf-4086-b8ac-f9c9c7e07f42@group-B42F238E776C-StateMachineUpdater] INFO  ratis.ContainerStateMachine (ContainerStateMachine.java:takeSnapshot(302)) - group-B42F238E776C: Finished taking a snapshot at:(t:1, i:0) file:/github/workspace/mnt/ozone/hadoop-ozone/integration-test/target/test-dir/MiniOzoneClusterImpl-b0bbc67e-6e78-4c8b-9c9f-814a2ca087f9/datanode-0/data/ratis/7d123b2d-022e-444b-a472-b42f238e776c/sm/snapshot.1_0 time:1
2020-12-26 01:57:59,810 [c7c2d1d0-24bf-4086-b8ac-f9c9c7e07f42@group-B42F238E776C-StateMachineUpdater] INFO  impl.StateMachineUpdater (StateMachineUpdater.java:takeSnapshot(279)) - c7c2d1d0-24bf-4086-b8ac-f9c9c7e07f42@group-B42F238E776C-StateMachineUpdater: Took a snapshot at index 0
2020-12-26 01:57:59,810 [c7c2d1d0-24bf-4086-b8ac-f9c9c7e07f42@group-B42F238E776C-StateMachineUpdater] INFO  impl.StateMachineUpdater (StateMachineUpdater.java:lambda$new$0(88)) - c7c2d1d0-24bf-4086-b8ac-f9c9c7e07f42@group-B42F238E776C-StateMachineUpdater: snapshotIndex: updateIncreasingly -1 -> 0
2020-12-26 01:57:59,811 [c7c2d1d0-24bf-4086-b8ac-f9c9c7e07f42@group-B42F238E776C-StateMachineUpdater] INFO  metrics.RatisMetrics (RatisMetrics.java:unregister(43)) - Unregistering Metrics Registry : ratis.state_machine.c7c2d1d0-24bf-4086-b8ac-f9c9c7e07f42@group-B42F238E776C
2020-12-26 01:57:59,811 [Listener at 127.0.0.1/40109] INFO  server.RaftServer$Division (ServerState.java:close(406)) - c7c2d1d0-24bf-4086-b8ac-f9c9c7e07f42@group-B42F238E776C: closes. applyIndex: 0
2020-12-26 01:57:59,811 [c7c2d1d0-24bf-4086-b8ac-f9c9c7e07f42@group-B42F238E776C-SegmentedRaftLogWorker] INFO  segmented.SegmentedRaftLogWorker (SegmentedRaftLogWorker.java:run(326)) - c7c2d1d0-24bf-4086-b8ac-f9c9c7e07f42@group-B42F238E776C-SegmentedRaftLogWorker was interrupted, exiting. There are 0 tasks remaining in the queue.
2020-12-26 01:57:59,811 [Listener at 127.0.0.1/40109] INFO  segmented.SegmentedRaftLogWorker (SegmentedRaftLogWorker.java:close(236)) - c7c2d1d0-24bf-4086-b8ac-f9c9c7e07f42@group-B42F238E776C-SegmentedRaftLogWorker close()
2020-12-26 01:57:59,811 [Listener at 127.0.0.1/40109] INFO  metrics.RatisMetrics (RatisMetrics.java:unregister(43)) - Unregistering Metrics Registry : ratis.log_worker.c7c2d1d0-24bf-4086-b8ac-f9c9c7e07f42@group-B42F238E776C
2020-12-26 01:57:59,812 [Listener at 127.0.0.1/40109] INFO  metrics.RatisMetrics (RatisMetrics.java:unregister(43)) - Unregistering Metrics Registry : ratis.leader_election.c7c2d1d0-24bf-4086-b8ac-f9c9c7e07f42@group-B42F238E776C
2020-12-26 01:57:59,812 [Listener at 127.0.0.1/40109] INFO  metrics.RatisMetrics (RatisMetrics.java:unregister(43)) - Unregistering Metrics Registry : ratis.server.c7c2d1d0-24bf-4086-b8ac-f9c9c7e07f42@group-B42F238E776C
2020-12-26 01:57:59,812 [Listener at 127.0.0.1/40109] INFO  server.RaftServer$Division (RaftServerImpl.java:lambda$close$4(397)) - c7c2d1d0-24bf-4086-b8ac-f9c9c7e07f42@group-CFB692A00539: shutdown
2020-12-26 01:57:59,812 [Listener at 127.0.0.1/40109] INFO  util.JmxRegister (JmxRegister.java:unregister(73)) - Successfully un-registered JMX Bean with object name Ratis:service=RaftServer,group=group-CFB692A00539,id=c7c2d1d0-24bf-4086-b8ac-f9c9c7e07f42
2020-12-26 01:57:59,812 [Listener at 127.0.0.1/40109] INFO  impl.RoleInfo (RoleInfo.java:shutdownLeaderState(91)) - c7c2d1d0-24bf-4086-b8ac-f9c9c7e07f42: shutdown c7c2d1d0-24bf-4086-b8ac-f9c9c7e07f42@group-CFB692A00539-LeaderStateImpl
2020-12-26 01:57:59,812 [Listener at 127.0.0.1/40109] INFO  metrics.RatisMetrics (RatisMetrics.java:unregister(43)) - Unregistering Metrics Registry : ratis_grpc.log_appender.c7c2d1d0-24bf-4086-b8ac-f9c9c7e07f42@group-CFB692A00539
2020-12-26 01:57:59,812 [Listener at 127.0.0.1/40109] INFO  metrics.RatisMetrics (RatisMetrics.java:unregister(43)) - Unregistering Metrics Registry : ratis_grpc.log_appender.c7c2d1d0-24bf-4086-b8ac-f9c9c7e07f42@group-CFB692A00539
2020-12-26 01:57:59,813 [c7c2d1d0-24bf-4086-b8ac-f9c9c7e07f42@group-CFB692A00539->16d33d7f-de85-4153-a986-8f085dcb09ff-GrpcLogAppender-LogAppenderDaemon] WARN  server.GrpcLogAppender (GrpcLogAppender.java:mayWait(174)) - c7c2d1d0-24bf-4086-b8ac-f9c9c7e07f42@group-CFB692A00539->16d33d7f-de85-4153-a986-8f085dcb09ff-GrpcLogAppender: Wait interrupted by java.lang.InterruptedException
2020-12-26 01:57:59,813 [Listener at 127.0.0.1/40109] INFO  impl.PendingRequests (PendingRequests.java:sendNotLeaderResponses(249)) - c7c2d1d0-24bf-4086-b8ac-f9c9c7e07f42@group-CFB692A00539-PendingRequests: sendNotLeaderResponses
2020-12-26 01:57:59,813 [grpc-default-executor-4] INFO  server.GrpcServerProtocolService (GrpcServerProtocolService.java:onCompleted(138)) - 16d33d7f-de85-4153-a986-8f085dcb09ff: Completed APPEND_ENTRIES, lastRequest: c7c2d1d0-24bf-4086-b8ac-f9c9c7e07f42->16d33d7f-de85-4153-a986-8f085dcb09ff#1-t1,previous=(t:0, i:0),leaderCommit=0,initializing? true,entries: size=1, first=(t:1, i:0), CONFIGURATIONENTRY
2020-12-26 01:57:59,814 [Listener at 127.0.0.1/40109] INFO  metrics.RatisMetrics (RatisMetrics.java:unregister(43)) - Unregistering Metrics Registry : ratis.log_appender.c7c2d1d0-24bf-4086-b8ac-f9c9c7e07f42@group-CFB692A00539
2020-12-26 01:57:59,814 [Listener at 127.0.0.1/40109] INFO  metrics.RatisMetrics (RatisMetrics.java:unregister(43)) - Unregistering Metrics Registry : ratis.server.c7c2d1d0-24bf-4086-b8ac-f9c9c7e07f42@group-CFB692A00539
2020-12-26 01:57:59,814 [ForkJoinPool.commonPool-worker-1] INFO  ozoneimpl.OzoneContainer (OzoneContainer.java:stop(257)) - Attempting to stop container services.
2020-12-26 01:57:59,814 [grpc-default-executor-6] INFO  server.GrpcLogAppender (GrpcLogAppender.java:onCompleted(343)) - c7c2d1d0-24bf-4086-b8ac-f9c9c7e07f42@group-CFB692A00539->16d33d7f-de85-4153-a986-8f085dcb09ff-AppendLogResponseHandler: follower responses appendEntries COMPLETED
2020-12-26 01:57:59,815 [grpc-default-executor-6] INFO  leader.FollowerInfo (FollowerInfoImpl.java:lambda$new$0(46)) - c7c2d1d0-24bf-4086-b8ac-f9c9c7e07f42@group-CFB692A00539->16d33d7f-de85-4153-a986-8f085dcb09ff: nextIndex: updateUnconditionally 1 -> 0
2020-12-26 01:57:59,815 [ForkJoinPool.commonPool-worker-1] INFO  server.RaftServer (RaftServerProxy.java:lambda$close$6(387)) - 16d33d7f-de85-4153-a986-8f085dcb09ff: close
2020-12-26 01:57:59,815 [ForkJoinPool.commonPool-worker-1] INFO  server.RaftServer$Division (RaftServerImpl.java:lambda$close$4(397)) - 16d33d7f-de85-4153-a986-8f085dcb09ff@group-3939299B193E: shutdown
2020-12-26 01:57:59,815 [ForkJoinPool.commonPool-worker-1] INFO  util.JmxRegister (JmxRegister.java:unregister(73)) - Successfully un-registered JMX Bean with object name Ratis:service=RaftServer,group=group-3939299B193E,id=16d33d7f-de85-4153-a986-8f085dcb09ff
2020-12-26 01:57:59,815 [ForkJoinPool.commonPool-worker-1] INFO  impl.RoleInfo (RoleInfo.java:shutdownLeaderState(91)) - 16d33d7f-de85-4153-a986-8f085dcb09ff: shutdown 16d33d7f-de85-4153-a986-8f085dcb09ff@group-3939299B193E-LeaderStateImpl
2020-12-26 01:57:59,815 [ForkJoinPool.commonPool-worker-1] INFO  impl.PendingRequests (PendingRequests.java:sendNotLeaderResponses(249)) - 16d33d7f-de85-4153-a986-8f085dcb09ff@group-3939299B193E-PendingRequests: sendNotLeaderResponses
2020-12-26 01:57:59,816 [ForkJoinPool.commonPool-worker-1] INFO  metrics.RatisMetrics (RatisMetrics.java:unregister(43)) - Unregistering Metrics Registry : ratis.log_appender.16d33d7f-de85-4153-a986-8f085dcb09ff@group-3939299B193E
2020-12-26 01:57:59,816 [ForkJoinPool.commonPool-worker-1] INFO  metrics.RatisMetrics (RatisMetrics.java:unregister(43)) - Unregistering Metrics Registry : ratis.server.16d33d7f-de85-4153-a986-8f085dcb09ff@group-3939299B193E
2020-12-26 01:57:59,816 [ForkJoinPool.commonPool-worker-1] INFO  impl.StateMachineUpdater (StateMachineUpdater.java:stopAndJoin(148)) - 16d33d7f-de85-4153-a986-8f085dcb09ff@group-3939299B193E-StateMachineUpdater: set stopIndex = 0
2020-12-26 01:57:59,817 [16d33d7f-de85-4153-a986-8f085dcb09ff@group-3939299B193E-StateMachineUpdater] INFO  ratis.ContainerStateMachine (ContainerStateMachine.java:takeSnapshot(291)) - group-3939299B193E: Taking a snapshot at:(t:1, i:0) file /github/workspace/mnt/ozone/hadoop-ozone/integration-test/target/test-dir/MiniOzoneClusterImpl-b0bbc67e-6e78-4c8b-9c9f-814a2ca087f9/datanode-6/data/ratis/aa2f226f-b70b-4fe1-ae63-3939299b193e/sm/snapshot.1_0
2020-12-26 01:57:59,817 [16d33d7f-de85-4153-a986-8f085dcb09ff@group-3939299B193E-StateMachineUpdater] INFO  ratis.ContainerStateMachine (ContainerStateMachine.java:takeSnapshot(302)) - group-3939299B193E: Finished taking a snapshot at:(t:1, i:0) file:/github/workspace/mnt/ozone/hadoop-ozone/integration-test/target/test-dir/MiniOzoneClusterImpl-b0bbc67e-6e78-4c8b-9c9f-814a2ca087f9/datanode-6/data/ratis/aa2f226f-b70b-4fe1-ae63-3939299b193e/sm/snapshot.1_0 time:1
2020-12-26 01:57:59,818 [16d33d7f-de85-4153-a986-8f085dcb09ff@group-3939299B193E-StateMachineUpdater] INFO  impl.StateMachineUpdater (StateMachineUpdater.java:takeSnapshot(279)) - 16d33d7f-de85-4153-a986-8f085dcb09ff@group-3939299B193E-StateMachineUpdater: Took a snapshot at index 0
2020-12-26 01:57:59,818 [16d33d7f-de85-4153-a986-8f085dcb09ff@group-3939299B193E-StateMachineUpdater] INFO  impl.StateMachineUpdater (StateMachineUpdater.java:lambda$new$0(88)) - 16d33d7f-de85-4153-a986-8f085dcb09ff@group-3939299B193E-StateMachineUpdater: snapshotIndex: updateIncreasingly -1 -> 0
2020-12-26 01:57:59,818 [16d33d7f-de85-4153-a986-8f085dcb09ff@group-3939299B193E-StateMachineUpdater] INFO  metrics.RatisMetrics (RatisMetrics.java:unregister(43)) - Unregistering Metrics Registry : ratis.state_machine.16d33d7f-de85-4153-a986-8f085dcb09ff@group-3939299B193E
2020-12-26 01:57:59,818 [ForkJoinPool.commonPool-worker-1] INFO  server.RaftServer$Division (ServerState.java:close(406)) - 16d33d7f-de85-4153-a986-8f085dcb09ff@group-3939299B193E: closes. applyIndex: 0
2020-12-26 01:57:59,818 [16d33d7f-de85-4153-a986-8f085dcb09ff@group-3939299B193E-SegmentedRaftLogWorker] INFO  segmented.SegmentedRaftLogWorker (SegmentedRaftLogWorker.java:run(326)) - 16d33d7f-de85-4153-a986-8f085dcb09ff@group-3939299B193E-SegmentedRaftLogWorker was interrupted, exiting. There are 0 tasks remaining in the queue.
2020-12-26 01:57:59,818 [ForkJoinPool.commonPool-worker-1] INFO  segmented.SegmentedRaftLogWorker (SegmentedRaftLogWorker.java:close(236)) - 16d33d7f-de85-4153-a986-8f085dcb09ff@group-3939299B193E-SegmentedRaftLogWorker close()
2020-12-26 01:57:59,818 [ForkJoinPool.commonPool-worker-1] INFO  metrics.RatisMetrics (RatisMetrics.java:unregister(43)) - Unregistering Metrics Registry : ratis.log_worker.16d33d7f-de85-4153-a986-8f085dcb09ff@group-3939299B193E
2020-12-26 01:57:59,818 [ForkJoinPool.commonPool-worker-1] INFO  metrics.RatisMetrics (RatisMetrics.java:unregister(43)) - Unregistering Metrics Registry : ratis.leader_election.16d33d7f-de85-4153-a986-8f085dcb09ff@group-3939299B193E
2020-12-26 01:57:59,819 [ForkJoinPool.commonPool-worker-1] INFO  metrics.RatisMetrics (RatisMetrics.java:unregister(43)) - Unregistering Metrics Registry : ratis.server.16d33d7f-de85-4153-a986-8f085dcb09ff@group-3939299B193E
2020-12-26 01:57:59,819 [ForkJoinPool.commonPool-worker-1] INFO  server.RaftServer$Division (RaftServerImpl.java:lambda$close$4(397)) - 16d33d7f-de85-4153-a986-8f085dcb09ff@group-CFB692A00539: shutdown
2020-12-26 01:57:59,819 [ForkJoinPool.commonPool-worker-1] INFO  util.JmxRegister (JmxRegister.java:unregister(73)) - Successfully un-registered JMX Bean with object name Ratis:service=RaftServer,group=group-CFB692A00539,id=16d33d7f-de85-4153-a986-8f085dcb09ff
2020-12-26 01:57:59,819 [ForkJoinPool.commonPool-worker-1] INFO  impl.RoleInfo (RoleInfo.java:shutdownFollowerState(108)) - 16d33d7f-de85-4153-a986-8f085dcb09ff: shutdown 16d33d7f-de85-4153-a986-8f085dcb09ff@group-CFB692A00539-FollowerState
2020-12-26 01:57:59,819 [16d33d7f-de85-4153-a986-8f085dcb09ff@group-CFB692A00539-StateMachineUpdater] INFO  ratis.ContainerStateMachine (ContainerStateMachine.java:takeSnapshot(291)) - group-CFB692A00539: Taking a snapshot at:(t:1, i:0) file /github/workspace/mnt/ozone/hadoop-ozone/integration-test/target/test-dir/MiniOzoneClusterImpl-b0bbc67e-6e78-4c8b-9c9f-814a2ca087f9/datanode-6/data/ratis/573e7393-093f-4e60-978a-cfb692a00539/sm/snapshot.1_0
2020-12-26 01:57:59,820 [ForkJoinPool.commonPool-worker-1] INFO  impl.StateMachineUpdater (StateMachineUpdater.java:stopAndJoin(148)) - 16d33d7f-de85-4153-a986-8f085dcb09ff@group-CFB692A00539-StateMachineUpdater: set stopIndex = 0
2020-12-26 01:57:59,820 [Thread-2824] INFO  impl.FollowerState (FollowerState.java:run(142)) - 16d33d7f-de85-4153-a986-8f085dcb09ff@group-CFB692A00539-FollowerState was interrupted: {}
java.lang.InterruptedException: sleep interrupted
	at java.lang.Thread.sleep(Native Method)
	at java.lang.Thread.sleep(Thread.java:340)
	at java.util.concurrent.TimeUnit.sleep(TimeUnit.java:386)
	at org.apache.ratis.util.TimeDuration.sleep(TimeDuration.java:319)
	at org.apache.ratis.util.TimeDuration.sleep(TimeDuration.java:304)
	at org.apache.ratis.server.impl.FollowerState.run(FollowerState.java:117)
2020-12-26 01:57:59,820 [16d33d7f-de85-4153-a986-8f085dcb09ff@group-CFB692A00539-StateMachineUpdater] INFO  ratis.ContainerStateMachine (ContainerStateMachine.java:takeSnapshot(302)) - group-CFB692A00539: Finished taking a snapshot at:(t:1, i:0) file:/github/workspace/mnt/ozone/hadoop-ozone/integration-test/target/test-dir/MiniOzoneClusterImpl-b0bbc67e-6e78-4c8b-9c9f-814a2ca087f9/datanode-6/data/ratis/573e7393-093f-4e60-978a-cfb692a00539/sm/snapshot.1_0 time:0
2020-12-26 01:57:59,823 [16d33d7f-de85-4153-a986-8f085dcb09ff@group-CFB692A00539-StateMachineUpdater] INFO  impl.StateMachineUpdater (StateMachineUpdater.java:takeSnapshot(279)) - 16d33d7f-de85-4153-a986-8f085dcb09ff@group-CFB692A00539-StateMachineUpdater: Took a snapshot at index 0
2020-12-26 01:57:59,823 [16d33d7f-de85-4153-a986-8f085dcb09ff@group-CFB692A00539-StateMachineUpdater] INFO  impl.StateMachineUpdater (StateMachineUpdater.java:lambda$new$0(88)) - 16d33d7f-de85-4153-a986-8f085dcb09ff@group-CFB692A00539-StateMachineUpdater: snapshotIndex: updateIncreasingly -1 -> 0
2020-12-26 01:57:59,823 [16d33d7f-de85-4153-a986-8f085dcb09ff@group-CFB692A00539-StateMachineUpdater] INFO  metrics.RatisMetrics (RatisMetrics.java:unregister(43)) - Unregistering Metrics Registry : ratis.state_machine.16d33d7f-de85-4153-a986-8f085dcb09ff@group-CFB692A00539
2020-12-26 01:57:59,822 [c7c2d1d0-24bf-4086-b8ac-f9c9c7e07f42@group-CFB692A00539-StateMachineUpdater] INFO  ratis.ContainerStateMachine (ContainerStateMachine.java:takeSnapshot(291)) - group-CFB692A00539: Taking a snapshot at:(t:1, i:0) file /github/workspace/mnt/ozone/hadoop-ozone/integration-test/target/test-dir/MiniOzoneClusterImpl-b0bbc67e-6e78-4c8b-9c9f-814a2ca087f9/datanode-0/data/ratis/573e7393-093f-4e60-978a-cfb692a00539/sm/snapshot.1_0
2020-12-26 01:57:59,823 [ForkJoinPool.commonPool-worker-1] INFO  server.RaftServer$Division (ServerState.java:close(406)) - 16d33d7f-de85-4153-a986-8f085dcb09ff@group-CFB692A00539: closes. applyIndex: 0
2020-12-26 01:57:59,823 [16d33d7f-de85-4153-a986-8f085dcb09ff@group-CFB692A00539-SegmentedRaftLogWorker] INFO  segmented.SegmentedRaftLogWorker (SegmentedRaftLogWorker.java:run(326)) - 16d33d7f-de85-4153-a986-8f085dcb09ff@group-CFB692A00539-SegmentedRaftLogWorker was interrupted, exiting. There are 0 tasks remaining in the queue.
2020-12-26 01:57:59,824 [c7c2d1d0-24bf-4086-b8ac-f9c9c7e07f42@group-CFB692A00539-StateMachineUpdater] INFO  ratis.ContainerStateMachine (ContainerStateMachine.java:takeSnapshot(302)) - group-CFB692A00539: Finished taking a snapshot at:(t:1, i:0) file:/github/workspace/mnt/ozone/hadoop-ozone/integration-test/target/test-dir/MiniOzoneClusterImpl-b0bbc67e-6e78-4c8b-9c9f-814a2ca087f9/datanode-0/data/ratis/573e7393-093f-4e60-978a-cfb692a00539/sm/snapshot.1_0 time:2
2020-12-26 01:57:59,824 [c7c2d1d0-24bf-4086-b8ac-f9c9c7e07f42@group-CFB692A00539-StateMachineUpdater] INFO  impl.StateMachineUpdater (StateMachineUpdater.java:takeSnapshot(279)) - c7c2d1d0-24bf-4086-b8ac-f9c9c7e07f42@group-CFB692A00539-StateMachineUpdater: Took a snapshot at index 0
2020-12-26 01:57:59,824 [c7c2d1d0-24bf-4086-b8ac-f9c9c7e07f42@group-CFB692A00539-StateMachineUpdater] INFO  impl.StateMachineUpdater (StateMachineUpdater.java:lambda$new$0(88)) - c7c2d1d0-24bf-4086-b8ac-f9c9c7e07f42@group-CFB692A00539-StateMachineUpdater: snapshotIndex: updateIncreasingly -1 -> 0
2020-12-26 01:57:59,824 [c7c2d1d0-24bf-4086-b8ac-f9c9c7e07f42@group-CFB692A00539-StateMachineUpdater] INFO  metrics.RatisMetrics (RatisMetrics.java:unregister(43)) - Unregistering Metrics Registry : ratis.state_machine.c7c2d1d0-24bf-4086-b8ac-f9c9c7e07f42@group-CFB692A00539
2020-12-26 01:57:59,822 [Listener at 127.0.0.1/40109] INFO  impl.StateMachineUpdater (StateMachineUpdater.java:stopAndJoin(148)) - c7c2d1d0-24bf-4086-b8ac-f9c9c7e07f42@group-CFB692A00539-StateMachineUpdater: set stopIndex = 0
2020-12-26 01:57:59,826 [Listener at 127.0.0.1/40109] INFO  server.RaftServer$Division (ServerState.java:close(406)) - c7c2d1d0-24bf-4086-b8ac-f9c9c7e07f42@group-CFB692A00539: closes. applyIndex: 0
2020-12-26 01:57:59,826 [c7c2d1d0-24bf-4086-b8ac-f9c9c7e07f42@group-CFB692A00539-SegmentedRaftLogWorker] INFO  segmented.SegmentedRaftLogWorker (SegmentedRaftLogWorker.java:run(326)) - c7c2d1d0-24bf-4086-b8ac-f9c9c7e07f42@group-CFB692A00539-SegmentedRaftLogWorker was interrupted, exiting. There are 0 tasks remaining in the queue.
2020-12-26 01:57:59,825 [ForkJoinPool.commonPool-worker-1] INFO  segmented.SegmentedRaftLogWorker (SegmentedRaftLogWorker.java:close(236)) - 16d33d7f-de85-4153-a986-8f085dcb09ff@group-CFB692A00539-SegmentedRaftLogWorker close()
2020-12-26 01:57:59,831 [Listener at 127.0.0.1/40109] INFO  segmented.SegmentedRaftLogWorker (SegmentedRaftLogWorker.java:close(236)) - c7c2d1d0-24bf-4086-b8ac-f9c9c7e07f42@group-CFB692A00539-SegmentedRaftLogWorker close()
2020-12-26 01:57:59,833 [ForkJoinPool.commonPool-worker-1] INFO  metrics.RatisMetrics (RatisMetrics.java:unregister(43)) - Unregistering Metrics Registry : ratis.log_worker.16d33d7f-de85-4153-a986-8f085dcb09ff@group-CFB692A00539
2020-12-26 01:57:59,833 [ForkJoinPool.commonPool-worker-1] INFO  metrics.RatisMetrics (RatisMetrics.java:unregister(43)) - Unregistering Metrics Registry : ratis.leader_election.16d33d7f-de85-4153-a986-8f085dcb09ff@group-CFB692A00539
2020-12-26 01:57:59,833 [ForkJoinPool.commonPool-worker-1] INFO  metrics.RatisMetrics (RatisMetrics.java:unregister(43)) - Unregistering Metrics Registry : ratis.server.16d33d7f-de85-4153-a986-8f085dcb09ff@group-CFB692A00539
2020-12-26 01:57:59,834 [ForkJoinPool.commonPool-worker-1] INFO  server.RaftServer$Division (RaftServerImpl.java:lambda$close$4(397)) - 16d33d7f-de85-4153-a986-8f085dcb09ff@group-6696EB7B60AF: shutdown
2020-12-26 01:57:59,834 [ForkJoinPool.commonPool-worker-1] INFO  util.JmxRegister (JmxRegister.java:unregister(73)) - Successfully un-registered JMX Bean with object name Ratis:service=RaftServer,group=group-6696EB7B60AF,id=16d33d7f-de85-4153-a986-8f085dcb09ff
2020-12-26 01:57:59,834 [ForkJoinPool.commonPool-worker-1] INFO  impl.RoleInfo (RoleInfo.java:shutdownFollowerState(108)) - 16d33d7f-de85-4153-a986-8f085dcb09ff: shutdown 16d33d7f-de85-4153-a986-8f085dcb09ff@group-6696EB7B60AF-FollowerState
2020-12-26 01:57:59,834 [Thread-2830] INFO  impl.FollowerState (FollowerState.java:run(142)) - 16d33d7f-de85-4153-a986-8f085dcb09ff@group-6696EB7B60AF-FollowerState was interrupted: {}
java.lang.InterruptedException: sleep interrupted
	at java.lang.Thread.sleep(Native Method)
	at java.lang.Thread.sleep(Thread.java:340)
	at java.util.concurrent.TimeUnit.sleep(TimeUnit.java:386)
	at org.apache.ratis.util.TimeDuration.sleep(TimeDuration.java:319)
	at org.apache.ratis.util.TimeDuration.sleep(TimeDuration.java:304)
	at org.apache.ratis.server.impl.FollowerState.run(FollowerState.java:117)
2020-12-26 01:57:59,834 [ForkJoinPool.commonPool-worker-1] INFO  impl.StateMachineUpdater (StateMachineUpdater.java:stopAndJoin(148)) - 16d33d7f-de85-4153-a986-8f085dcb09ff@group-6696EB7B60AF-StateMachineUpdater: set stopIndex = 0
2020-12-26 01:57:59,834 [16d33d7f-de85-4153-a986-8f085dcb09ff@group-6696EB7B60AF-StateMachineUpdater] INFO  ratis.ContainerStateMachine (ContainerStateMachine.java:takeSnapshot(291)) - group-6696EB7B60AF: Taking a snapshot at:(t:1, i:0) file /github/workspace/mnt/ozone/hadoop-ozone/integration-test/target/test-dir/MiniOzoneClusterImpl-b0bbc67e-6e78-4c8b-9c9f-814a2ca087f9/datanode-6/data/ratis/76484d9c-c345-4865-b768-6696eb7b60af/sm/snapshot.1_0
2020-12-26 01:57:59,843 [Listener at 127.0.0.1/40109] INFO  metrics.RatisMetrics (RatisMetrics.java:unregister(43)) - Unregistering Metrics Registry : ratis.log_worker.c7c2d1d0-24bf-4086-b8ac-f9c9c7e07f42@group-CFB692A00539
2020-12-26 01:57:59,844 [16d33d7f-de85-4153-a986-8f085dcb09ff@group-6696EB7B60AF-StateMachineUpdater] INFO  ratis.ContainerStateMachine (ContainerStateMachine.java:takeSnapshot(302)) - group-6696EB7B60AF: Finished taking a snapshot at:(t:1, i:0) file:/github/workspace/mnt/ozone/hadoop-ozone/integration-test/target/test-dir/MiniOzoneClusterImpl-b0bbc67e-6e78-4c8b-9c9f-814a2ca087f9/datanode-6/data/ratis/76484d9c-c345-4865-b768-6696eb7b60af/sm/snapshot.1_0 time:10
2020-12-26 01:57:59,844 [16d33d7f-de85-4153-a986-8f085dcb09ff@group-6696EB7B60AF-StateMachineUpdater] INFO  impl.StateMachineUpdater (StateMachineUpdater.java:takeSnapshot(279)) - 16d33d7f-de85-4153-a986-8f085dcb09ff@group-6696EB7B60AF-StateMachineUpdater: Took a snapshot at index 0
2020-12-26 01:57:59,844 [16d33d7f-de85-4153-a986-8f085dcb09ff@group-6696EB7B60AF-StateMachineUpdater] INFO  impl.StateMachineUpdater (StateMachineUpdater.java:lambda$new$0(88)) - 16d33d7f-de85-4153-a986-8f085dcb09ff@group-6696EB7B60AF-StateMachineUpdater: snapshotIndex: updateIncreasingly -1 -> 0
2020-12-26 01:57:59,844 [16d33d7f-de85-4153-a986-8f085dcb09ff@group-6696EB7B60AF-StateMachineUpdater] INFO  metrics.RatisMetrics (RatisMetrics.java:unregister(43)) - Unregistering Metrics Registry : ratis.state_machine.16d33d7f-de85-4153-a986-8f085dcb09ff@group-6696EB7B60AF
2020-12-26 01:57:59,848 [Listener at 127.0.0.1/40109] INFO  metrics.RatisMetrics (RatisMetrics.java:unregister(43)) - Unregistering Metrics Registry : ratis.leader_election.c7c2d1d0-24bf-4086-b8ac-f9c9c7e07f42@group-CFB692A00539
2020-12-26 01:57:59,848 [Listener at 127.0.0.1/40109] INFO  metrics.RatisMetrics (RatisMetrics.java:unregister(43)) - Unregistering Metrics Registry : ratis.server.c7c2d1d0-24bf-4086-b8ac-f9c9c7e07f42@group-CFB692A00539
2020-12-26 01:57:59,848 [Listener at 127.0.0.1/40109] INFO  server.RaftServer$Division (RaftServerImpl.java:lambda$close$4(397)) - c7c2d1d0-24bf-4086-b8ac-f9c9c7e07f42@group-6696EB7B60AF: shutdown
2020-12-26 01:57:59,848 [Listener at 127.0.0.1/40109] INFO  util.JmxRegister (JmxRegister.java:unregister(73)) - Successfully un-registered JMX Bean with object name Ratis:service=RaftServer,group=group-6696EB7B60AF,id=c7c2d1d0-24bf-4086-b8ac-f9c9c7e07f42
2020-12-26 01:57:59,848 [Listener at 127.0.0.1/40109] INFO  impl.RoleInfo (RoleInfo.java:shutdownLeaderState(91)) - c7c2d1d0-24bf-4086-b8ac-f9c9c7e07f42: shutdown c7c2d1d0-24bf-4086-b8ac-f9c9c7e07f42@group-6696EB7B60AF-LeaderStateImpl
2020-12-26 01:57:59,848 [Listener at 127.0.0.1/40109] INFO  metrics.RatisMetrics (RatisMetrics.java:unregister(43)) - Unregistering Metrics Registry : ratis_grpc.log_appender.c7c2d1d0-24bf-4086-b8ac-f9c9c7e07f42@group-6696EB7B60AF
2020-12-26 01:57:59,849 [Listener at 127.0.0.1/40109] INFO  metrics.RatisMetrics (RatisMetrics.java:unregister(43)) - Unregistering Metrics Registry : ratis_grpc.log_appender.c7c2d1d0-24bf-4086-b8ac-f9c9c7e07f42@group-6696EB7B60AF
2020-12-26 01:57:59,849 [ForkJoinPool.commonPool-worker-1] INFO  server.RaftServer$Division (ServerState.java:close(406)) - 16d33d7f-de85-4153-a986-8f085dcb09ff@group-6696EB7B60AF: closes. applyIndex: 0
2020-12-26 01:57:59,849 [c7c2d1d0-24bf-4086-b8ac-f9c9c7e07f42@group-6696EB7B60AF->16d33d7f-de85-4153-a986-8f085dcb09ff-GrpcLogAppender-LogAppenderDaemon] WARN  server.GrpcLogAppender (GrpcLogAppender.java:mayWait(174)) - c7c2d1d0-24bf-4086-b8ac-f9c9c7e07f42@group-6696EB7B60AF->16d33d7f-de85-4153-a986-8f085dcb09ff-GrpcLogAppender: Wait interrupted by java.lang.InterruptedException
2020-12-26 01:57:59,849 [grpc-default-executor-6] INFO  server.GrpcServerProtocolService (GrpcServerProtocolService.java:onCompleted(138)) - 16d33d7f-de85-4153-a986-8f085dcb09ff: Completed APPEND_ENTRIES, lastRequest: c7c2d1d0-24bf-4086-b8ac-f9c9c7e07f42->16d33d7f-de85-4153-a986-8f085dcb09ff#1-t1,previous=(t:0, i:0),leaderCommit=0,initializing? true,entries: size=1, first=(t:1, i:0), CONFIGURATIONENTRY
2020-12-26 01:57:59,849 [16d33d7f-de85-4153-a986-8f085dcb09ff@group-6696EB7B60AF-SegmentedRaftLogWorker] INFO  segmented.SegmentedRaftLogWorker (SegmentedRaftLogWorker.java:run(326)) - 16d33d7f-de85-4153-a986-8f085dcb09ff@group-6696EB7B60AF-SegmentedRaftLogWorker was interrupted, exiting. There are 0 tasks remaining in the queue.
2020-12-26 01:57:59,850 [grpc-default-executor-6] INFO  server.GrpcLogAppender (GrpcLogAppender.java:onCompleted(343)) - c7c2d1d0-24bf-4086-b8ac-f9c9c7e07f42@group-6696EB7B60AF->16d33d7f-de85-4153-a986-8f085dcb09ff-AppendLogResponseHandler: follower responses appendEntries COMPLETED
2020-12-26 01:57:59,850 [grpc-default-executor-6] INFO  leader.FollowerInfo (FollowerInfoImpl.java:lambda$new$0(46)) - c7c2d1d0-24bf-4086-b8ac-f9c9c7e07f42@group-6696EB7B60AF->16d33d7f-de85-4153-a986-8f085dcb09ff: nextIndex: updateUnconditionally 1 -> 0
2020-12-26 01:57:59,855 [ForkJoinPool.commonPool-worker-1] INFO  segmented.SegmentedRaftLogWorker (SegmentedRaftLogWorker.java:close(236)) - 16d33d7f-de85-4153-a986-8f085dcb09ff@group-6696EB7B60AF-SegmentedRaftLogWorker close()
2020-12-26 01:57:59,855 [Listener at 127.0.0.1/40109] INFO  impl.PendingRequests (PendingRequests.java:sendNotLeaderResponses(249)) - c7c2d1d0-24bf-4086-b8ac-f9c9c7e07f42@group-6696EB7B60AF-PendingRequests: sendNotLeaderResponses
2020-12-26 01:57:59,855 [Listener at 127.0.0.1/40109] INFO  metrics.RatisMetrics (RatisMetrics.java:unregister(43)) - Unregistering Metrics Registry : ratis.log_appender.c7c2d1d0-24bf-4086-b8ac-f9c9c7e07f42@group-6696EB7B60AF
2020-12-26 01:57:59,855 [Listener at 127.0.0.1/40109] INFO  metrics.RatisMetrics (RatisMetrics.java:unregister(43)) - Unregistering Metrics Registry : ratis.server.c7c2d1d0-24bf-4086-b8ac-f9c9c7e07f42@group-6696EB7B60AF
2020-12-26 01:57:59,856 [Listener at 127.0.0.1/40109] INFO  impl.StateMachineUpdater (StateMachineUpdater.java:stopAndJoin(148)) - c7c2d1d0-24bf-4086-b8ac-f9c9c7e07f42@group-6696EB7B60AF-StateMachineUpdater: set stopIndex = 0
2020-12-26 01:57:59,857 [ForkJoinPool.commonPool-worker-1] INFO  metrics.RatisMetrics (RatisMetrics.java:unregister(43)) - Unregistering Metrics Registry : ratis.log_worker.16d33d7f-de85-4153-a986-8f085dcb09ff@group-6696EB7B60AF
2020-12-26 01:57:59,857 [ForkJoinPool.commonPool-worker-1] INFO  metrics.RatisMetrics (RatisMetrics.java:unregister(43)) - Unregistering Metrics Registry : ratis.leader_election.16d33d7f-de85-4153-a986-8f085dcb09ff@group-6696EB7B60AF
2020-12-26 01:57:59,857 [ForkJoinPool.commonPool-worker-1] INFO  metrics.RatisMetrics (RatisMetrics.java:unregister(43)) - Unregistering Metrics Registry : ratis.server.16d33d7f-de85-4153-a986-8f085dcb09ff@group-6696EB7B60AF
2020-12-26 01:57:59,858 [ForkJoinPool.commonPool-worker-1] INFO  server.GrpcService (GrpcService.java:closeImpl(184)) - 16d33d7f-de85-4153-a986-8f085dcb09ff: shutdown server with port 35329 now
2020-12-26 01:57:59,858 [c7c2d1d0-24bf-4086-b8ac-f9c9c7e07f42@group-6696EB7B60AF-StateMachineUpdater] INFO  ratis.ContainerStateMachine (ContainerStateMachine.java:takeSnapshot(291)) - group-6696EB7B60AF: Taking a snapshot at:(t:1, i:0) file /github/workspace/mnt/ozone/hadoop-ozone/integration-test/target/test-dir/MiniOzoneClusterImpl-b0bbc67e-6e78-4c8b-9c9f-814a2ca087f9/datanode-0/data/ratis/76484d9c-c345-4865-b768-6696eb7b60af/sm/snapshot.1_0
2020-12-26 01:57:59,859 [c7c2d1d0-24bf-4086-b8ac-f9c9c7e07f42@group-6696EB7B60AF-StateMachineUpdater] INFO  ratis.ContainerStateMachine (ContainerStateMachine.java:takeSnapshot(302)) - group-6696EB7B60AF: Finished taking a snapshot at:(t:1, i:0) file:/github/workspace/mnt/ozone/hadoop-ozone/integration-test/target/test-dir/MiniOzoneClusterImpl-b0bbc67e-6e78-4c8b-9c9f-814a2ca087f9/datanode-0/data/ratis/76484d9c-c345-4865-b768-6696eb7b60af/sm/snapshot.1_0 time:1
2020-12-26 01:57:59,859 [c7c2d1d0-24bf-4086-b8ac-f9c9c7e07f42@group-6696EB7B60AF-StateMachineUpdater] INFO  impl.StateMachineUpdater (StateMachineUpdater.java:takeSnapshot(279)) - c7c2d1d0-24bf-4086-b8ac-f9c9c7e07f42@group-6696EB7B60AF-StateMachineUpdater: Took a snapshot at index 0
2020-12-26 01:57:59,859 [c7c2d1d0-24bf-4086-b8ac-f9c9c7e07f42@group-6696EB7B60AF-StateMachineUpdater] INFO  impl.StateMachineUpdater (StateMachineUpdater.java:lambda$new$0(88)) - c7c2d1d0-24bf-4086-b8ac-f9c9c7e07f42@group-6696EB7B60AF-StateMachineUpdater: snapshotIndex: updateIncreasingly -1 -> 0
2020-12-26 01:57:59,859 [c7c2d1d0-24bf-4086-b8ac-f9c9c7e07f42@group-6696EB7B60AF-StateMachineUpdater] INFO  metrics.RatisMetrics (RatisMetrics.java:unregister(43)) - Unregistering Metrics Registry : ratis.state_machine.c7c2d1d0-24bf-4086-b8ac-f9c9c7e07f42@group-6696EB7B60AF
2020-12-26 01:57:59,859 [ForkJoinPool.commonPool-worker-1] INFO  server.GrpcService (GrpcService.java:closeImpl(193)) - 16d33d7f-de85-4153-a986-8f085dcb09ff: shutdown server with port 35329 successfully
2020-12-26 01:57:59,859 [org.apache.ratis.util.JvmPauseMonitor$$Lambda$221/688841144@468a2dfe] INFO  util.JvmPauseMonitor (JvmPauseMonitor.java:run(109)) - JvmPauseMonitor-16d33d7f-de85-4153-a986-8f085dcb09ff: Stopped
2020-12-26 01:57:59,860 [Listener at 127.0.0.1/40109] INFO  server.RaftServer$Division (ServerState.java:close(406)) - c7c2d1d0-24bf-4086-b8ac-f9c9c7e07f42@group-6696EB7B60AF: closes. applyIndex: 0
2020-12-26 01:57:59,861 [c7c2d1d0-24bf-4086-b8ac-f9c9c7e07f42@group-6696EB7B60AF-SegmentedRaftLogWorker] INFO  segmented.SegmentedRaftLogWorker (SegmentedRaftLogWorker.java:run(326)) - c7c2d1d0-24bf-4086-b8ac-f9c9c7e07f42@group-6696EB7B60AF-SegmentedRaftLogWorker was interrupted, exiting. There are 0 tasks remaining in the queue.
2020-12-26 01:57:59,861 [ForkJoinPool.commonPool-worker-1] INFO  utils.BackgroundService (BackgroundService.java:shutdown(132)) - Shutting down service BlockDeletingService
2020-12-26 01:57:59,862 [Listener at 127.0.0.1/40109] INFO  segmented.SegmentedRaftLogWorker (SegmentedRaftLogWorker.java:close(236)) - c7c2d1d0-24bf-4086-b8ac-f9c9c7e07f42@group-6696EB7B60AF-SegmentedRaftLogWorker close()
2020-12-26 01:57:59,863 [Listener at 127.0.0.1/40109] INFO  metrics.RatisMetrics (RatisMetrics.java:unregister(43)) - Unregistering Metrics Registry : ratis.log_worker.c7c2d1d0-24bf-4086-b8ac-f9c9c7e07f42@group-6696EB7B60AF
2020-12-26 01:57:59,863 [Listener at 127.0.0.1/40109] INFO  metrics.RatisMetrics (RatisMetrics.java:unregister(43)) - Unregistering Metrics Registry : ratis.leader_election.c7c2d1d0-24bf-4086-b8ac-f9c9c7e07f42@group-6696EB7B60AF
2020-12-26 01:57:59,863 [Listener at 127.0.0.1/40109] INFO  metrics.RatisMetrics (RatisMetrics.java:unregister(43)) - Unregistering Metrics Registry : ratis.server.c7c2d1d0-24bf-4086-b8ac-f9c9c7e07f42@group-6696EB7B60AF
2020-12-26 01:57:59,864 [Listener at 127.0.0.1/40109] INFO  server.GrpcService (GrpcService.java:closeImpl(184)) - c7c2d1d0-24bf-4086-b8ac-f9c9c7e07f42: shutdown server with port 44251 now
2020-12-26 01:57:59,864 [ForkJoinPool.commonPool-worker-1] INFO  statemachine.DatanodeStateMachine (DatanodeStateMachine.java:stopDaemon(461)) - Ozone container server stopped.
2020-12-26 01:57:59,874 [ForkJoinPool.commonPool-worker-1] INFO  handler.ContextHandler (ContextHandler.java:doStop(1154)) - Stopped o.e.j.w.WebAppContext@57567cc8{hddsDatanode,/,null,STOPPED}{jar:file:/home/user/.m2/repository/org/apache/hadoop/hadoop-hdds-container-service/1.1.0-SNAPSHOT/hadoop-hdds-container-service-1.1.0-SNAPSHOT.jar!/webapps/hddsDatanode}
2020-12-26 01:57:59,878 [Listener at 127.0.0.1/40109] INFO  server.GrpcService (GrpcService.java:closeImpl(193)) - c7c2d1d0-24bf-4086-b8ac-f9c9c7e07f42: shutdown server with port 44251 successfully
2020-12-26 01:57:59,878 [org.apache.ratis.util.JvmPauseMonitor$$Lambda$221/688841144@6b6e7fbe] INFO  util.JvmPauseMonitor (JvmPauseMonitor.java:run(109)) - JvmPauseMonitor-c7c2d1d0-24bf-4086-b8ac-f9c9c7e07f42: Stopped
2020-12-26 01:57:59,883 [Listener at 127.0.0.1/40109] INFO  utils.BackgroundService (BackgroundService.java:shutdown(132)) - Shutting down service BlockDeletingService
2020-12-26 01:57:59,884 [ForkJoinPool.commonPool-worker-1] INFO  server.AbstractConnector (AbstractConnector.java:doStop(381)) - Stopped ServerConnector@64c24d75{HTTP/1.1, (http/1.1)}{0.0.0.0:0}
2020-12-26 01:57:59,884 [ForkJoinPool.commonPool-worker-1] INFO  server.session (HouseKeeper.java:stopScavenging(149)) - node0 Stopped scavenging
2020-12-26 01:57:59,884 [ForkJoinPool.commonPool-worker-1] INFO  handler.ContextHandler (ContextHandler.java:doStop(1154)) - Stopped o.e.j.s.ServletContextHandler@46a66592{static,/static,jar:file:/home/user/.m2/repository/org/apache/hadoop/hadoop-hdds-container-service/1.1.0-SNAPSHOT/hadoop-hdds-container-service-1.1.0-SNAPSHOT.jar!/webapps/static,STOPPED}
2020-12-26 01:57:59,884 [ForkJoinPool.commonPool-worker-1] INFO  handler.ContextHandler (ContextHandler.java:doStop(1154)) - Stopped o.e.j.s.ServletContextHandler@7f1a5869{logs,/logs,file:///github/workspace/mnt/ozone/hadoop-ozone/integration-test/target/log,STOPPED}
2020-12-26 01:57:59,887 [Listener at 127.0.0.1/40109] INFO  statemachine.DatanodeStateMachine (DatanodeStateMachine.java:stopDaemon(461)) - Ozone container server stopped.
2020-12-26 01:57:59,896 [Listener at 127.0.0.1/40109] INFO  handler.ContextHandler (ContextHandler.java:doStop(1154)) - Stopped o.e.j.w.WebAppContext@65cb28e7{hddsDatanode,/,null,STOPPED}{jar:file:/home/user/.m2/repository/org/apache/hadoop/hadoop-hdds-container-service/1.1.0-SNAPSHOT/hadoop-hdds-container-service-1.1.0-SNAPSHOT.jar!/webapps/hddsDatanode}
2020-12-26 01:57:59,896 [Listener at 127.0.0.1/40109] INFO  server.AbstractConnector (AbstractConnector.java:doStop(381)) - Stopped ServerConnector@411c3313{HTTP/1.1, (http/1.1)}{0.0.0.0:0}
2020-12-26 01:57:59,896 [Listener at 127.0.0.1/40109] INFO  server.session (HouseKeeper.java:stopScavenging(149)) - node0 Stopped scavenging
2020-12-26 01:57:59,897 [Listener at 127.0.0.1/40109] INFO  handler.ContextHandler (ContextHandler.java:doStop(1154)) - Stopped o.e.j.s.ServletContextHandler@4849511d{static,/static,jar:file:/home/user/.m2/repository/org/apache/hadoop/hadoop-hdds-container-service/1.1.0-SNAPSHOT/hadoop-hdds-container-service-1.1.0-SNAPSHOT.jar!/webapps/static,STOPPED}
2020-12-26 01:57:59,897 [Listener at 127.0.0.1/40109] INFO  handler.ContextHandler (ContextHandler.java:doStop(1154)) - Stopped o.e.j.s.ServletContextHandler@1c13db21{logs,/logs,file:///github/workspace/mnt/ozone/hadoop-ozone/integration-test/target/log,STOPPED}
2020-12-26 01:58:00,296 [Datanode State Machine Thread - 0] INFO  statemachine.DatanodeStateMachine (DatanodeStateMachine.java:lambda$startDaemon$0(408)) - Ozone container server started.
2020-12-26 01:58:00,826 [grpc-default-executor-6] WARN  server.GrpcLogAppender (LogUtils.java:warn(122)) - 73c99ad5-410f-4ffb-8408-ddbdb29ea4d0@group-99F8A9162041->8e16b57b-a520-4ff3-ab9c-70e7128aded3-AppendLogResponseHandler: Failed appendEntries: org.apache.ratis.thirdparty.io.grpc.StatusRuntimeException: UNAVAILABLE: io exception
2020-12-26 01:58:00,827 [grpc-default-executor-6] WARN  server.GrpcLogAppender (GrpcLogAppender.java:resetClient(110)) - 73c99ad5-410f-4ffb-8408-ddbdb29ea4d0@group-99F8A9162041->8e16b57b-a520-4ff3-ab9c-70e7128aded3-GrpcLogAppender: Leader has not got in touch with Follower 73c99ad5-410f-4ffb-8408-ddbdb29ea4d0@group-99F8A9162041->8e16b57b-a520-4ff3-ab9c-70e7128aded3(c0,m0,n1, attendVote=true, lastRpcSendTime=0, lastRpcResponseTime=7501) yet, just keep nextIndex unchanged and retry.
2020-12-26 01:58:01,306 [grpc-default-executor-6] WARN  server.GrpcLogAppender (LogUtils.java:warn(122)) - 73c99ad5-410f-4ffb-8408-ddbdb29ea4d0@group-49E6829A44B8->8e16b57b-a520-4ff3-ab9c-70e7128aded3-AppendLogResponseHandler: Failed appendEntries: org.apache.ratis.thirdparty.io.grpc.StatusRuntimeException: UNAVAILABLE: io exception
2020-12-26 01:58:01,306 [grpc-default-executor-6] INFO  leader.FollowerInfo (FollowerInfoImpl.java:lambda$new$0(46)) - 73c99ad5-410f-4ffb-8408-ddbdb29ea4d0@group-49E6829A44B8->8e16b57b-a520-4ff3-ab9c-70e7128aded3: nextIndex: updateUnconditionally 16 -> 15
2020-12-26 01:58:01,311 [grpc-default-executor-4] WARN  server.GrpcLogAppender (LogUtils.java:warn(122)) - 73c99ad5-410f-4ffb-8408-ddbdb29ea4d0@group-49E6829A44B8->8e16b57b-a520-4ff3-ab9c-70e7128aded3-AppendLogResponseHandler: Failed appendEntries: org.apache.ratis.thirdparty.io.grpc.StatusRuntimeException: UNAVAILABLE: io exception
2020-12-26 01:58:01,311 [grpc-default-executor-4] INFO  leader.FollowerInfo (FollowerInfoImpl.java:lambda$new$0(46)) - 73c99ad5-410f-4ffb-8408-ddbdb29ea4d0@group-49E6829A44B8->8e16b57b-a520-4ff3-ab9c-70e7128aded3: nextIndex: updateUnconditionally 16 -> 15
2020-12-26 01:58:01,313 [RatisApplyTransactionExecutor 2] INFO  keyvalue.KeyValueContainer (KeyValueContainer.java:flushAndSyncDB(388)) - Container 2 is synced with bcsId 14.
2020-12-26 01:58:01,313 [RatisApplyTransactionExecutor 2] INFO  keyvalue.KeyValueContainer (KeyValueContainer.java:flushAndSyncDB(388)) - Container 2 is synced with bcsId 14.
2020-12-26 01:58:01,315 [RatisApplyTransactionExecutor 2] INFO  keyvalue.KeyValueContainer (KeyValueContainer.java:close(326)) - Container 2 is closed with bcsId 14.
2020-12-26 01:58:01,319 [EventQueue-IncrementalContainerReportForIncrementalContainerReportHandler] INFO  container.IncrementalContainerReportHandler (AbstractContainerReportHandler.java:updateContainerState(215)) - Moving container #2 to CLOSED state, datanode 73c99ad5-410f-4ffb-8408-ddbdb29ea4d0{ip: 172.17.0.2, host: 140068b710f1, networkLocation: /default-rack, certSerialId: null, persistedOpState: IN_SERVICE, persistedOpStateExpiryEpochSec: 0} reported CLOSED replica.
2020-12-26 01:58:01,322 [grpc-default-executor-4] WARN  server.GrpcLogAppender (LogUtils.java:warn(122)) - 73c99ad5-410f-4ffb-8408-ddbdb29ea4d0@group-49E6829A44B8->8e16b57b-a520-4ff3-ab9c-70e7128aded3-AppendLogResponseHandler: Failed appendEntries: org.apache.ratis.thirdparty.io.grpc.StatusRuntimeException: UNAVAILABLE: io exception
2020-12-26 01:58:01,322 [grpc-default-executor-4] INFO  leader.FollowerInfo (FollowerInfoImpl.java:lambda$new$0(46)) - 73c99ad5-410f-4ffb-8408-ddbdb29ea4d0@group-49E6829A44B8->8e16b57b-a520-4ff3-ab9c-70e7128aded3: nextIndex: updateUnconditionally 16 -> 15
2020-12-26 01:58:01,323 [RatisApplyTransactionExecutor 2] INFO  keyvalue.KeyValueContainer (KeyValueContainer.java:flushAndSyncDB(388)) - Container 2 is synced with bcsId 14.
2020-12-26 01:58:01,323 [RatisApplyTransactionExecutor 2] INFO  keyvalue.KeyValueContainer (KeyValueContainer.java:flushAndSyncDB(388)) - Container 2 is synced with bcsId 14.
2020-12-26 01:58:01,331 [RatisApplyTransactionExecutor 2] INFO  keyvalue.KeyValueContainer (KeyValueContainer.java:close(326)) - Container 2 is closed with bcsId 14.
2020-12-26 01:58:03,326 [grpc-default-executor-4] WARN  server.GrpcLogAppender (LogUtils.java:warn(122)) - 73c99ad5-410f-4ffb-8408-ddbdb29ea4d0@group-99F8A9162041->8e16b57b-a520-4ff3-ab9c-70e7128aded3-AppendLogResponseHandler: Failed appendEntries: org.apache.ratis.thirdparty.io.grpc.StatusRuntimeException: UNAVAILABLE: io exception
2020-12-26 01:58:03,327 [grpc-default-executor-4] WARN  server.GrpcLogAppender (GrpcLogAppender.java:resetClient(110)) - 73c99ad5-410f-4ffb-8408-ddbdb29ea4d0@group-99F8A9162041->8e16b57b-a520-4ff3-ab9c-70e7128aded3-GrpcLogAppender: Leader has not got in touch with Follower 73c99ad5-410f-4ffb-8408-ddbdb29ea4d0@group-99F8A9162041->8e16b57b-a520-4ff3-ab9c-70e7128aded3(c0,m0,n1, attendVote=true, lastRpcSendTime=0, lastRpcResponseTime=10001) yet, just keep nextIndex unchanged and retry.
2020-12-26 01:58:03,822 [grpc-default-executor-4] WARN  server.GrpcLogAppender (LogUtils.java:warn(122)) - 73c99ad5-410f-4ffb-8408-ddbdb29ea4d0@group-49E6829A44B8->8e16b57b-a520-4ff3-ab9c-70e7128aded3-AppendLogResponseHandler: Failed appendEntries: org.apache.ratis.thirdparty.io.grpc.StatusRuntimeException: UNAVAILABLE: io exception
2020-12-26 01:58:03,823 [grpc-default-executor-4] INFO  leader.FollowerInfo (FollowerInfoImpl.java:lambda$new$0(46)) - 73c99ad5-410f-4ffb-8408-ddbdb29ea4d0@group-49E6829A44B8->8e16b57b-a520-4ff3-ab9c-70e7128aded3: nextIndex: updateUnconditionally 16 -> 15
2020-12-26 01:58:03,826 [grpc-default-executor-4] WARN  server.GrpcLogAppender (LogUtils.java:warn(122)) - 73c99ad5-410f-4ffb-8408-ddbdb29ea4d0@group-49E6829A44B8->8e16b57b-a520-4ff3-ab9c-70e7128aded3-AppendLogResponseHandler: Failed appendEntries: org.apache.ratis.thirdparty.io.grpc.StatusRuntimeException: UNAVAILABLE: io exception
2020-12-26 01:58:03,826 [grpc-default-executor-4] INFO  leader.FollowerInfo (FollowerInfoImpl.java:lambda$new$0(46)) - 73c99ad5-410f-4ffb-8408-ddbdb29ea4d0@group-49E6829A44B8->8e16b57b-a520-4ff3-ab9c-70e7128aded3: nextIndex: updateUnconditionally 16 -> 15
2020-12-26 01:58:04,328 [EventQueue-StaleNodeForStaleNodeHandler] INFO  node.StaleNodeHandler (StaleNodeHandler.java:onMessage(58)) - Datanode 16d33d7f-de85-4153-a986-8f085dcb09ff{ip: 172.17.0.2, host: 140068b710f1, networkLocation: /default-rack, certSerialId: null, persistedOpState: IN_SERVICE, persistedOpStateExpiryEpochSec: 0} moved to stale state. Finalizing its pipelines [PipelineID=aa2f226f-b70b-4fe1-ae63-3939299b193e, PipelineID=573e7393-093f-4e60-978a-cfb692a00539, PipelineID=76484d9c-c345-4865-b768-6696eb7b60af]
2020-12-26 01:58:04,328 [EventQueue-StaleNodeForStaleNodeHandler] INFO  pipeline.SCMPipelineManager (SCMPipelineManager.java:finalizeAndDestroyPipeline(482)) - Destroying pipeline:Pipeline[ Id: aa2f226f-b70b-4fe1-ae63-3939299b193e, Nodes: 16d33d7f-de85-4153-a986-8f085dcb09ff{ip: 172.17.0.2, host: 140068b710f1, networkLocation: /default-rack, certSerialId: null, persistedOpState: IN_SERVICE, persistedOpStateExpiryEpochSec: 0}, Type:RATIS, Factor:ONE, State:OPEN, leaderId:16d33d7f-de85-4153-a986-8f085dcb09ff, CreationTimestamp2020-12-26T01:57:25.697Z]
2020-12-26 01:58:04,328 [EventQueue-StaleNodeForStaleNodeHandler] INFO  pipeline.PipelineStateManager (PipelineStateManager.java:finalizePipeline(121)) - Pipeline Pipeline[ Id: aa2f226f-b70b-4fe1-ae63-3939299b193e, Nodes: 16d33d7f-de85-4153-a986-8f085dcb09ff{ip: 172.17.0.2, host: 140068b710f1, networkLocation: /default-rack, certSerialId: null, persistedOpState: IN_SERVICE, persistedOpStateExpiryEpochSec: 0}, Type:RATIS, Factor:ONE, State:CLOSED, leaderId:16d33d7f-de85-4153-a986-8f085dcb09ff, CreationTimestamp2020-12-26T01:57:25.697Z] moved to CLOSED state
2020-12-26 01:58:04,328 [EventQueue-StaleNodeForStaleNodeHandler] INFO  pipeline.SCMPipelineManager (SCMPipelineManager.java:finalizeAndDestroyPipeline(482)) - Destroying pipeline:Pipeline[ Id: 573e7393-093f-4e60-978a-cfb692a00539, Nodes: 16d33d7f-de85-4153-a986-8f085dcb09ff{ip: 172.17.0.2, host: 140068b710f1, networkLocation: /default-rack, certSerialId: null, persistedOpState: IN_SERVICE, persistedOpStateExpiryEpochSec: 0}c7c2d1d0-24bf-4086-b8ac-f9c9c7e07f42{ip: 172.17.0.2, host: 140068b710f1, networkLocation: /default-rack, certSerialId: null, persistedOpState: IN_SERVICE, persistedOpStateExpiryEpochSec: 0}a9229adb-278c-43ef-9666-e3cbf980c0ea{ip: 172.17.0.2, host: 140068b710f1, networkLocation: /default-rack, certSerialId: null, persistedOpState: IN_SERVICE, persistedOpStateExpiryEpochSec: 0}, Type:RATIS, Factor:THREE, State:CLOSED, leaderId:, CreationTimestamp2020-12-26T01:57:52.948Z]
2020-12-26 01:58:04,329 [EventQueue-StaleNodeForStaleNodeHandler] INFO  pipeline.SCMPipelineManager (SCMPipelineManager.java:finalizeAndDestroyPipeline(482)) - Destroying pipeline:Pipeline[ Id: 76484d9c-c345-4865-b768-6696eb7b60af, Nodes: 16d33d7f-de85-4153-a986-8f085dcb09ff{ip: 172.17.0.2, host: 140068b710f1, networkLocation: /default-rack, certSerialId: null, persistedOpState: IN_SERVICE, persistedOpStateExpiryEpochSec: 0}c7c2d1d0-24bf-4086-b8ac-f9c9c7e07f42{ip: 172.17.0.2, host: 140068b710f1, networkLocation: /default-rack, certSerialId: null, persistedOpState: IN_SERVICE, persistedOpStateExpiryEpochSec: 0}a9229adb-278c-43ef-9666-e3cbf980c0ea{ip: 172.17.0.2, host: 140068b710f1, networkLocation: /default-rack, certSerialId: null, persistedOpState: IN_SERVICE, persistedOpStateExpiryEpochSec: 0}, Type:RATIS, Factor:THREE, State:CLOSED, leaderId:, CreationTimestamp2020-12-26T01:57:52.948Z]
2020-12-26 01:58:04,329 [EventQueue-StaleNodeForStaleNodeHandler] INFO  node.StaleNodeHandler (StaleNodeHandler.java:onMessage(58)) - Datanode c7c2d1d0-24bf-4086-b8ac-f9c9c7e07f42{ip: 172.17.0.2, host: 140068b710f1, networkLocation: /default-rack, certSerialId: null, persistedOpState: IN_SERVICE, persistedOpStateExpiryEpochSec: 0} moved to stale state. Finalizing its pipelines [PipelineID=7d123b2d-022e-444b-a472-b42f238e776c, PipelineID=573e7393-093f-4e60-978a-cfb692a00539, PipelineID=76484d9c-c345-4865-b768-6696eb7b60af]
2020-12-26 01:58:04,329 [EventQueue-StaleNodeForStaleNodeHandler] INFO  pipeline.SCMPipelineManager (SCMPipelineManager.java:finalizeAndDestroyPipeline(482)) - Destroying pipeline:Pipeline[ Id: 7d123b2d-022e-444b-a472-b42f238e776c, Nodes: c7c2d1d0-24bf-4086-b8ac-f9c9c7e07f42{ip: 172.17.0.2, host: 140068b710f1, networkLocation: /default-rack, certSerialId: null, persistedOpState: IN_SERVICE, persistedOpStateExpiryEpochSec: 0}, Type:RATIS, Factor:ONE, State:OPEN, leaderId:c7c2d1d0-24bf-4086-b8ac-f9c9c7e07f42, CreationTimestamp2020-12-26T01:57:24.483Z]
2020-12-26 01:58:04,329 [EventQueue-StaleNodeForStaleNodeHandler] INFO  pipeline.PipelineStateManager (PipelineStateManager.java:finalizePipeline(121)) - Pipeline Pipeline[ Id: 7d123b2d-022e-444b-a472-b42f238e776c, Nodes: c7c2d1d0-24bf-4086-b8ac-f9c9c7e07f42{ip: 172.17.0.2, host: 140068b710f1, networkLocation: /default-rack, certSerialId: null, persistedOpState: IN_SERVICE, persistedOpStateExpiryEpochSec: 0}, Type:RATIS, Factor:ONE, State:CLOSED, leaderId:c7c2d1d0-24bf-4086-b8ac-f9c9c7e07f42, CreationTimestamp2020-12-26T01:57:24.483Z] moved to CLOSED state
2020-12-26 01:58:04,329 [EventQueue-StaleNodeForStaleNodeHandler] INFO  pipeline.SCMPipelineManager (SCMPipelineManager.java:finalizeAndDestroyPipeline(482)) - Destroying pipeline:Pipeline[ Id: 573e7393-093f-4e60-978a-cfb692a00539, Nodes: 16d33d7f-de85-4153-a986-8f085dcb09ff{ip: 172.17.0.2, host: 140068b710f1, networkLocation: /default-rack, certSerialId: null, persistedOpState: IN_SERVICE, persistedOpStateExpiryEpochSec: 0}c7c2d1d0-24bf-4086-b8ac-f9c9c7e07f42{ip: 172.17.0.2, host: 140068b710f1, networkLocation: /default-rack, certSerialId: null, persistedOpState: IN_SERVICE, persistedOpStateExpiryEpochSec: 0}a9229adb-278c-43ef-9666-e3cbf980c0ea{ip: 172.17.0.2, host: 140068b710f1, networkLocation: /default-rack, certSerialId: null, persistedOpState: IN_SERVICE, persistedOpStateExpiryEpochSec: 0}, Type:RATIS, Factor:THREE, State:CLOSED, leaderId:, CreationTimestamp2020-12-26T01:57:52.948Z]
2020-12-26 01:58:04,329 [EventQueue-StaleNodeForStaleNodeHandler] INFO  pipeline.SCMPipelineManager (SCMPipelineManager.java:finalizeAndDestroyPipeline(482)) - Destroying pipeline:Pipeline[ Id: 76484d9c-c345-4865-b768-6696eb7b60af, Nodes: 16d33d7f-de85-4153-a986-8f085dcb09ff{ip: 172.17.0.2, host: 140068b710f1, networkLocation: /default-rack, certSerialId: null, persistedOpState: IN_SERVICE, persistedOpStateExpiryEpochSec: 0}c7c2d1d0-24bf-4086-b8ac-f9c9c7e07f42{ip: 172.17.0.2, host: 140068b710f1, networkLocation: /default-rack, certSerialId: null, persistedOpState: IN_SERVICE, persistedOpStateExpiryEpochSec: 0}a9229adb-278c-43ef-9666-e3cbf980c0ea{ip: 172.17.0.2, host: 140068b710f1, networkLocation: /default-rack, certSerialId: null, persistedOpState: IN_SERVICE, persistedOpStateExpiryEpochSec: 0}, Type:RATIS, Factor:THREE, State:CLOSED, leaderId:, CreationTimestamp2020-12-26T01:57:52.948Z]
2020-12-26 01:58:04,898 [Listener at 127.0.0.1/40109] INFO  ozoneimpl.OzoneContainer (OzoneContainer.java:stop(257)) - Attempting to stop container services.
2020-12-26 01:58:04,898 [Listener at 127.0.0.1/40109] INFO  server.RaftServer (RaftServerProxy.java:lambda$close$6(387)) - 43af3075-460a-422d-a924-90885968f40d: close
2020-12-26 01:58:04,899 [Listener at 127.0.0.1/40109] INFO  server.RaftServer$Division (RaftServerImpl.java:lambda$close$4(397)) - 43af3075-460a-422d-a924-90885968f40d@group-99F8A9162041: shutdown
2020-12-26 01:58:04,899 [Listener at 127.0.0.1/40109] INFO  util.JmxRegister (JmxRegister.java:unregister(73)) - Successfully un-registered JMX Bean with object name Ratis:service=RaftServer,group=group-99F8A9162041,id=43af3075-460a-422d-a924-90885968f40d
2020-12-26 01:58:04,899 [Listener at 127.0.0.1/40109] INFO  impl.RoleInfo (RoleInfo.java:shutdownFollowerState(108)) - 43af3075-460a-422d-a924-90885968f40d: shutdown 43af3075-460a-422d-a924-90885968f40d@group-99F8A9162041-FollowerState
2020-12-26 01:58:04,899 [Listener at 127.0.0.1/40109] INFO  impl.StateMachineUpdater (StateMachineUpdater.java:stopAndJoin(148)) - 43af3075-460a-422d-a924-90885968f40d@group-99F8A9162041-StateMachineUpdater: set stopIndex = 0
2020-12-26 01:58:04,899 [Thread-2633] INFO  impl.FollowerState (FollowerState.java:run(142)) - 43af3075-460a-422d-a924-90885968f40d@group-99F8A9162041-FollowerState was interrupted: {}
java.lang.InterruptedException: sleep interrupted
	at java.lang.Thread.sleep(Native Method)
	at java.lang.Thread.sleep(Thread.java:340)
	at java.util.concurrent.TimeUnit.sleep(TimeUnit.java:386)
	at org.apache.ratis.util.TimeDuration.sleep(TimeDuration.java:319)
	at org.apache.ratis.util.TimeDuration.sleep(TimeDuration.java:304)
	at org.apache.ratis.server.impl.FollowerState.run(FollowerState.java:117)
2020-12-26 01:58:04,899 [43af3075-460a-422d-a924-90885968f40d@group-99F8A9162041-StateMachineUpdater] INFO  ratis.ContainerStateMachine (ContainerStateMachine.java:takeSnapshot(291)) - group-99F8A9162041: Taking a snapshot at:(t:1, i:0) file /github/workspace/mnt/ozone/hadoop-ozone/integration-test/target/test-dir/MiniOzoneClusterImpl-b0bbc67e-6e78-4c8b-9c9f-814a2ca087f9/datanode-5/data/ratis/5d650413-b041-4683-8cab-99f8a9162041/sm/snapshot.1_0
2020-12-26 01:58:04,901 [43af3075-460a-422d-a924-90885968f40d@group-99F8A9162041-StateMachineUpdater] INFO  ratis.ContainerStateMachine (ContainerStateMachine.java:takeSnapshot(302)) - group-99F8A9162041: Finished taking a snapshot at:(t:1, i:0) file:/github/workspace/mnt/ozone/hadoop-ozone/integration-test/target/test-dir/MiniOzoneClusterImpl-b0bbc67e-6e78-4c8b-9c9f-814a2ca087f9/datanode-5/data/ratis/5d650413-b041-4683-8cab-99f8a9162041/sm/snapshot.1_0 time:1
2020-12-26 01:58:04,901 [43af3075-460a-422d-a924-90885968f40d@group-99F8A9162041-StateMachineUpdater] INFO  impl.StateMachineUpdater (StateMachineUpdater.java:takeSnapshot(279)) - 43af3075-460a-422d-a924-90885968f40d@group-99F8A9162041-StateMachineUpdater: Took a snapshot at index 0
2020-12-26 01:58:04,901 [43af3075-460a-422d-a924-90885968f40d@group-99F8A9162041-StateMachineUpdater] INFO  impl.StateMachineUpdater (StateMachineUpdater.java:lambda$new$0(88)) - 43af3075-460a-422d-a924-90885968f40d@group-99F8A9162041-StateMachineUpdater: snapshotIndex: updateIncreasingly -1 -> 0
2020-12-26 01:58:04,901 [43af3075-460a-422d-a924-90885968f40d@group-99F8A9162041-StateMachineUpdater] INFO  metrics.RatisMetrics (RatisMetrics.java:unregister(43)) - Unregistering Metrics Registry : ratis.state_machine.43af3075-460a-422d-a924-90885968f40d@group-99F8A9162041
2020-12-26 01:58:04,901 [Listener at 127.0.0.1/40109] INFO  server.RaftServer$Division (ServerState.java:close(406)) - 43af3075-460a-422d-a924-90885968f40d@group-99F8A9162041: closes. applyIndex: 0
2020-12-26 01:58:04,901 [43af3075-460a-422d-a924-90885968f40d@group-99F8A9162041-SegmentedRaftLogWorker] INFO  segmented.SegmentedRaftLogWorker (SegmentedRaftLogWorker.java:run(326)) - 43af3075-460a-422d-a924-90885968f40d@group-99F8A9162041-SegmentedRaftLogWorker was interrupted, exiting. There are 0 tasks remaining in the queue.
2020-12-26 01:58:04,902 [Listener at 127.0.0.1/40109] INFO  segmented.SegmentedRaftLogWorker (SegmentedRaftLogWorker.java:close(236)) - 43af3075-460a-422d-a924-90885968f40d@group-99F8A9162041-SegmentedRaftLogWorker close()
2020-12-26 01:58:04,902 [Listener at 127.0.0.1/40109] INFO  metrics.RatisMetrics (RatisMetrics.java:unregister(43)) - Unregistering Metrics Registry : ratis.log_worker.43af3075-460a-422d-a924-90885968f40d@group-99F8A9162041
2020-12-26 01:58:04,902 [Listener at 127.0.0.1/40109] INFO  metrics.RatisMetrics (RatisMetrics.java:unregister(43)) - Unregistering Metrics Registry : ratis.leader_election.43af3075-460a-422d-a924-90885968f40d@group-99F8A9162041
2020-12-26 01:58:04,902 [Listener at 127.0.0.1/40109] INFO  metrics.RatisMetrics (RatisMetrics.java:unregister(43)) - Unregistering Metrics Registry : ratis.server.43af3075-460a-422d-a924-90885968f40d@group-99F8A9162041
2020-12-26 01:58:04,902 [Listener at 127.0.0.1/40109] INFO  server.RaftServer$Division (RaftServerImpl.java:lambda$close$4(397)) - 43af3075-460a-422d-a924-90885968f40d@group-49E6829A44B8: shutdown
2020-12-26 01:58:04,902 [Listener at 127.0.0.1/40109] INFO  util.JmxRegister (JmxRegister.java:unregister(73)) - Successfully un-registered JMX Bean with object name Ratis:service=RaftServer,group=group-49E6829A44B8,id=43af3075-460a-422d-a924-90885968f40d
2020-12-26 01:58:04,902 [Listener at 127.0.0.1/40109] INFO  impl.RoleInfo (RoleInfo.java:shutdownFollowerState(108)) - 43af3075-460a-422d-a924-90885968f40d: shutdown 43af3075-460a-422d-a924-90885968f40d@group-49E6829A44B8-FollowerState
2020-12-26 01:58:04,902 [Thread-2652] INFO  impl.FollowerState (FollowerState.java:run(142)) - 43af3075-460a-422d-a924-90885968f40d@group-49E6829A44B8-FollowerState was interrupted: {}
java.lang.InterruptedException: sleep interrupted
	at java.lang.Thread.sleep(Native Method)
	at java.lang.Thread.sleep(Thread.java:340)
	at java.util.concurrent.TimeUnit.sleep(TimeUnit.java:386)
	at org.apache.ratis.util.TimeDuration.sleep(TimeDuration.java:319)
	at org.apache.ratis.util.TimeDuration.sleep(TimeDuration.java:304)
	at org.apache.ratis.server.impl.FollowerState.run(FollowerState.java:117)
2020-12-26 01:58:04,903 [Listener at 127.0.0.1/40109] INFO  impl.StateMachineUpdater (StateMachineUpdater.java:stopAndJoin(148)) - 43af3075-460a-422d-a924-90885968f40d@group-49E6829A44B8-StateMachineUpdater: set stopIndex = 17
2020-12-26 01:58:04,905 [43af3075-460a-422d-a924-90885968f40d@group-49E6829A44B8-StateMachineUpdater] INFO  ratis.ContainerStateMachine (ContainerStateMachine.java:takeSnapshot(291)) - group-49E6829A44B8: Taking a snapshot at:(t:1, i:17) file /github/workspace/mnt/ozone/hadoop-ozone/integration-test/target/test-dir/MiniOzoneClusterImpl-b0bbc67e-6e78-4c8b-9c9f-814a2ca087f9/datanode-5/data/ratis/3ec49c11-b3df-4246-874d-49e6829a44b8/sm/snapshot.1_17
2020-12-26 01:58:04,906 [43af3075-460a-422d-a924-90885968f40d@group-49E6829A44B8-StateMachineUpdater] INFO  ratis.ContainerStateMachine (ContainerStateMachine.java:takeSnapshot(302)) - group-49E6829A44B8: Finished taking a snapshot at:(t:1, i:17) file:/github/workspace/mnt/ozone/hadoop-ozone/integration-test/target/test-dir/MiniOzoneClusterImpl-b0bbc67e-6e78-4c8b-9c9f-814a2ca087f9/datanode-5/data/ratis/3ec49c11-b3df-4246-874d-49e6829a44b8/sm/snapshot.1_17 time:1
2020-12-26 01:58:04,906 [43af3075-460a-422d-a924-90885968f40d@group-49E6829A44B8-StateMachineUpdater] INFO  impl.StateMachineUpdater (StateMachineUpdater.java:takeSnapshot(279)) - 43af3075-460a-422d-a924-90885968f40d@group-49E6829A44B8-StateMachineUpdater: Took a snapshot at index 17
2020-12-26 01:58:04,906 [43af3075-460a-422d-a924-90885968f40d@group-49E6829A44B8-StateMachineUpdater] INFO  impl.StateMachineUpdater (StateMachineUpdater.java:lambda$new$0(88)) - 43af3075-460a-422d-a924-90885968f40d@group-49E6829A44B8-StateMachineUpdater: snapshotIndex: updateIncreasingly -1 -> 17
2020-12-26 01:58:04,906 [43af3075-460a-422d-a924-90885968f40d@group-49E6829A44B8-StateMachineUpdater] INFO  metrics.RatisMetrics (RatisMetrics.java:unregister(43)) - Unregistering Metrics Registry : ratis.state_machine.43af3075-460a-422d-a924-90885968f40d@group-49E6829A44B8
2020-12-26 01:58:04,907 [Listener at 127.0.0.1/40109] INFO  server.RaftServer$Division (ServerState.java:close(406)) - 43af3075-460a-422d-a924-90885968f40d@group-49E6829A44B8: closes. applyIndex: 17
2020-12-26 01:58:04,907 [43af3075-460a-422d-a924-90885968f40d@group-49E6829A44B8-SegmentedRaftLogWorker] INFO  segmented.SegmentedRaftLogWorker (SegmentedRaftLogWorker.java:run(326)) - 43af3075-460a-422d-a924-90885968f40d@group-49E6829A44B8-SegmentedRaftLogWorker was interrupted, exiting. There are 0 tasks remaining in the queue.
2020-12-26 01:58:04,908 [Listener at 127.0.0.1/40109] INFO  segmented.SegmentedRaftLogWorker (SegmentedRaftLogWorker.java:close(236)) - 43af3075-460a-422d-a924-90885968f40d@group-49E6829A44B8-SegmentedRaftLogWorker close()
2020-12-26 01:58:04,908 [Listener at 127.0.0.1/40109] INFO  metrics.RatisMetrics (RatisMetrics.java:unregister(43)) - Unregistering Metrics Registry : ratis.log_worker.43af3075-460a-422d-a924-90885968f40d@group-49E6829A44B8
2020-12-26 01:58:04,908 [Listener at 127.0.0.1/40109] INFO  metrics.RatisMetrics (RatisMetrics.java:unregister(43)) - Unregistering Metrics Registry : ratis.leader_election.43af3075-460a-422d-a924-90885968f40d@group-49E6829A44B8
2020-12-26 01:58:04,908 [Listener at 127.0.0.1/40109] INFO  metrics.RatisMetrics (RatisMetrics.java:unregister(43)) - Unregistering Metrics Registry : ratis.server.43af3075-460a-422d-a924-90885968f40d@group-49E6829A44B8
2020-12-26 01:58:04,908 [Listener at 127.0.0.1/40109] INFO  server.RaftServer$Division (RaftServerImpl.java:lambda$close$4(397)) - 43af3075-460a-422d-a924-90885968f40d@group-3A59AF69ED3C: shutdown
2020-12-26 01:58:04,908 [Listener at 127.0.0.1/40109] INFO  util.JmxRegister (JmxRegister.java:unregister(73)) - Successfully un-registered JMX Bean with object name Ratis:service=RaftServer,group=group-3A59AF69ED3C,id=43af3075-460a-422d-a924-90885968f40d
2020-12-26 01:58:04,909 [Listener at 127.0.0.1/40109] INFO  impl.RoleInfo (RoleInfo.java:shutdownLeaderState(91)) - 43af3075-460a-422d-a924-90885968f40d: shutdown 43af3075-460a-422d-a924-90885968f40d@group-3A59AF69ED3C-LeaderStateImpl
2020-12-26 01:58:04,909 [Listener at 127.0.0.1/40109] INFO  impl.PendingRequests (PendingRequests.java:sendNotLeaderResponses(249)) - 43af3075-460a-422d-a924-90885968f40d@group-3A59AF69ED3C-PendingRequests: sendNotLeaderResponses
2020-12-26 01:58:04,909 [Listener at 127.0.0.1/40109] INFO  metrics.RatisMetrics (RatisMetrics.java:unregister(43)) - Unregistering Metrics Registry : ratis.log_appender.43af3075-460a-422d-a924-90885968f40d@group-3A59AF69ED3C
2020-12-26 01:58:04,909 [Listener at 127.0.0.1/40109] INFO  metrics.RatisMetrics (RatisMetrics.java:unregister(43)) - Unregistering Metrics Registry : ratis.server.43af3075-460a-422d-a924-90885968f40d@group-3A59AF69ED3C
2020-12-26 01:58:04,910 [43af3075-460a-422d-a924-90885968f40d@group-3A59AF69ED3C-StateMachineUpdater] INFO  ratis.ContainerStateMachine (ContainerStateMachine.java:takeSnapshot(291)) - group-3A59AF69ED3C: Taking a snapshot at:(t:1, i:0) file /github/workspace/mnt/ozone/hadoop-ozone/integration-test/target/test-dir/MiniOzoneClusterImpl-b0bbc67e-6e78-4c8b-9c9f-814a2ca087f9/datanode-5/data/ratis/776186a9-b666-4a88-b910-3a59af69ed3c/sm/snapshot.1_0
2020-12-26 01:58:04,910 [Listener at 127.0.0.1/40109] INFO  impl.StateMachineUpdater (StateMachineUpdater.java:stopAndJoin(148)) - 43af3075-460a-422d-a924-90885968f40d@group-3A59AF69ED3C-StateMachineUpdater: set stopIndex = 0
2020-12-26 01:58:04,911 [43af3075-460a-422d-a924-90885968f40d@group-3A59AF69ED3C-StateMachineUpdater] INFO  ratis.ContainerStateMachine (ContainerStateMachine.java:takeSnapshot(302)) - group-3A59AF69ED3C: Finished taking a snapshot at:(t:1, i:0) file:/github/workspace/mnt/ozone/hadoop-ozone/integration-test/target/test-dir/MiniOzoneClusterImpl-b0bbc67e-6e78-4c8b-9c9f-814a2ca087f9/datanode-5/data/ratis/776186a9-b666-4a88-b910-3a59af69ed3c/sm/snapshot.1_0 time:0
2020-12-26 01:58:04,911 [43af3075-460a-422d-a924-90885968f40d@group-3A59AF69ED3C-StateMachineUpdater] INFO  impl.StateMachineUpdater (StateMachineUpdater.java:takeSnapshot(279)) - 43af3075-460a-422d-a924-90885968f40d@group-3A59AF69ED3C-StateMachineUpdater: Took a snapshot at index 0
2020-12-26 01:58:04,911 [43af3075-460a-422d-a924-90885968f40d@group-3A59AF69ED3C-StateMachineUpdater] INFO  impl.StateMachineUpdater (StateMachineUpdater.java:lambda$new$0(88)) - 43af3075-460a-422d-a924-90885968f40d@group-3A59AF69ED3C-StateMachineUpdater: snapshotIndex: updateIncreasingly -1 -> 0
2020-12-26 01:58:04,911 [43af3075-460a-422d-a924-90885968f40d@group-3A59AF69ED3C-StateMachineUpdater] INFO  metrics.RatisMetrics (RatisMetrics.java:unregister(43)) - Unregistering Metrics Registry : ratis.state_machine.43af3075-460a-422d-a924-90885968f40d@group-3A59AF69ED3C
2020-12-26 01:58:04,912 [Listener at 127.0.0.1/40109] INFO  server.RaftServer$Division (ServerState.java:close(406)) - 43af3075-460a-422d-a924-90885968f40d@group-3A59AF69ED3C: closes. applyIndex: 0
2020-12-26 01:58:04,912 [43af3075-460a-422d-a924-90885968f40d@group-3A59AF69ED3C-SegmentedRaftLogWorker] INFO  segmented.SegmentedRaftLogWorker (SegmentedRaftLogWorker.java:run(326)) - 43af3075-460a-422d-a924-90885968f40d@group-3A59AF69ED3C-SegmentedRaftLogWorker was interrupted, exiting. There are 0 tasks remaining in the queue.
2020-12-26 01:58:04,912 [Listener at 127.0.0.1/40109] INFO  segmented.SegmentedRaftLogWorker (SegmentedRaftLogWorker.java:close(236)) - 43af3075-460a-422d-a924-90885968f40d@group-3A59AF69ED3C-SegmentedRaftLogWorker close()
2020-12-26 01:58:04,912 [Listener at 127.0.0.1/40109] INFO  metrics.RatisMetrics (RatisMetrics.java:unregister(43)) - Unregistering Metrics Registry : ratis.log_worker.43af3075-460a-422d-a924-90885968f40d@group-3A59AF69ED3C
2020-12-26 01:58:04,912 [Listener at 127.0.0.1/40109] INFO  metrics.RatisMetrics (RatisMetrics.java:unregister(43)) - Unregistering Metrics Registry : ratis.leader_election.43af3075-460a-422d-a924-90885968f40d@group-3A59AF69ED3C
2020-12-26 01:58:04,912 [Listener at 127.0.0.1/40109] INFO  metrics.RatisMetrics (RatisMetrics.java:unregister(43)) - Unregistering Metrics Registry : ratis.server.43af3075-460a-422d-a924-90885968f40d@group-3A59AF69ED3C
2020-12-26 01:58:04,913 [Listener at 127.0.0.1/40109] INFO  server.GrpcService (GrpcService.java:closeImpl(184)) - 43af3075-460a-422d-a924-90885968f40d: shutdown server with port 44111 now
2020-12-26 01:58:04,920 [grpc-default-executor-6] WARN  server.GrpcServerProtocolService (LogUtils.java:warn(122)) - 43af3075-460a-422d-a924-90885968f40d: installSnapshot onError, lastRequest: 73c99ad5-410f-4ffb-8408-ddbdb29ea4d0->43af3075-460a-422d-a924-90885968f40d#1-t1,previous=(t:0, i:0),leaderCommit=0,initializing? true,entries: size=1, first=(t:1, i:0), CONFIGURATIONENTRY: org.apache.ratis.thirdparty.io.grpc.StatusRuntimeException: CANCELLED: cancelled before receiving half close
2020-12-26 01:58:04,920 [grpc-default-executor-3] WARN  server.GrpcServerProtocolService (LogUtils.java:warn(122)) - 43af3075-460a-422d-a924-90885968f40d: installSnapshot onError, lastRequest: 73c99ad5-410f-4ffb-8408-ddbdb29ea4d0->43af3075-460a-422d-a924-90885968f40d#263-t1,previous=(t:1, i:16),leaderCommit=16,initializing? true,entries: size=1, first=(t:1, i:17), METADATAENTRY(c:16): org.apache.ratis.thirdparty.io.grpc.StatusRuntimeException: CANCELLED: cancelled before receiving half close
2020-12-26 01:58:04,923 [grpc-default-executor-3] WARN  server.GrpcLogAppender (LogUtils.java:warn(122)) - 73c99ad5-410f-4ffb-8408-ddbdb29ea4d0@group-99F8A9162041->43af3075-460a-422d-a924-90885968f40d-AppendLogResponseHandler: Failed appendEntries: org.apache.ratis.thirdparty.io.grpc.StatusRuntimeException: CANCELLED: HTTP/2 error code: CANCEL
Received Rst Stream
2020-12-26 01:58:04,923 [grpc-default-executor-3] WARN  server.GrpcLogAppender (GrpcLogAppender.java:resetClient(110)) - 73c99ad5-410f-4ffb-8408-ddbdb29ea4d0@group-99F8A9162041->43af3075-460a-422d-a924-90885968f40d-GrpcLogAppender: Leader has not got in touch with Follower 73c99ad5-410f-4ffb-8408-ddbdb29ea4d0@group-99F8A9162041->43af3075-460a-422d-a924-90885968f40d(c0,m0,n1, attendVote=true, lastRpcSendTime=1594, lastRpcResponseTime=1593) yet, just keep nextIndex unchanged and retry.
2020-12-26 01:58:04,923 [grpc-default-executor-0] WARN  server.GrpcLogAppender (LogUtils.java:warn(122)) - 73c99ad5-410f-4ffb-8408-ddbdb29ea4d0@group-49E6829A44B8->43af3075-460a-422d-a924-90885968f40d-AppendLogResponseHandler: Failed appendEntries: org.apache.ratis.thirdparty.io.grpc.StatusRuntimeException: CANCELLED: HTTP/2 error code: CANCEL
Received Rst Stream
2020-12-26 01:58:04,924 [grpc-default-executor-0] INFO  leader.FollowerInfo (FollowerInfoImpl.java:lambda$new$0(46)) - 73c99ad5-410f-4ffb-8408-ddbdb29ea4d0@group-49E6829A44B8->43af3075-460a-422d-a924-90885968f40d: nextIndex: updateUnconditionally 18 -> 17
2020-12-26 01:58:04,926 [Listener at 127.0.0.1/40109] INFO  server.GrpcService (GrpcService.java:closeImpl(193)) - 43af3075-460a-422d-a924-90885968f40d: shutdown server with port 44111 successfully
2020-12-26 01:58:04,926 [org.apache.ratis.util.JvmPauseMonitor$$Lambda$221/688841144@12fdfe8] INFO  util.JvmPauseMonitor (JvmPauseMonitor.java:run(109)) - JvmPauseMonitor-43af3075-460a-422d-a924-90885968f40d: Stopped
2020-12-26 01:58:04,928 [Listener at 127.0.0.1/40109] INFO  utils.BackgroundService (BackgroundService.java:shutdown(132)) - Shutting down service BlockDeletingService
2020-12-26 01:58:04,930 [Listener at 127.0.0.1/40109] INFO  statemachine.DatanodeStateMachine (DatanodeStateMachine.java:stopDaemon(461)) - Ozone container server stopped.
2020-12-26 01:58:04,935 [grpc-default-executor-3] WARN  server.GrpcLogAppender (LogUtils.java:warn(122)) - 73c99ad5-410f-4ffb-8408-ddbdb29ea4d0@group-49E6829A44B8->43af3075-460a-422d-a924-90885968f40d-AppendLogResponseHandler: Failed appendEntries: org.apache.ratis.thirdparty.io.grpc.StatusRuntimeException: UNAVAILABLE: io exception
2020-12-26 01:58:04,936 [grpc-default-executor-3] INFO  leader.FollowerInfo (FollowerInfoImpl.java:lambda$new$0(46)) - 73c99ad5-410f-4ffb-8408-ddbdb29ea4d0@group-49E6829A44B8->43af3075-460a-422d-a924-90885968f40d: nextIndex: updateUnconditionally 18 -> 17
2020-12-26 01:58:04,939 [Listener at 127.0.0.1/40109] INFO  handler.ContextHandler (ContextHandler.java:doStop(1154)) - Stopped o.e.j.w.WebAppContext@236e2b05{hddsDatanode,/,null,STOPPED}{jar:file:/home/user/.m2/repository/org/apache/hadoop/hadoop-hdds-container-service/1.1.0-SNAPSHOT/hadoop-hdds-container-service-1.1.0-SNAPSHOT.jar!/webapps/hddsDatanode}
2020-12-26 01:58:04,940 [Listener at 127.0.0.1/40109] INFO  server.AbstractConnector (AbstractConnector.java:doStop(381)) - Stopped ServerConnector@34929119{HTTP/1.1, (http/1.1)}{0.0.0.0:0}
2020-12-26 01:58:04,941 [Listener at 127.0.0.1/40109] INFO  server.session (HouseKeeper.java:stopScavenging(149)) - node0 Stopped scavenging
2020-12-26 01:58:04,941 [Listener at 127.0.0.1/40109] INFO  handler.ContextHandler (ContextHandler.java:doStop(1154)) - Stopped o.e.j.s.ServletContextHandler@5f0fae7a{static,/static,jar:file:/home/user/.m2/repository/org/apache/hadoop/hadoop-hdds-container-service/1.1.0-SNAPSHOT/hadoop-hdds-container-service-1.1.0-SNAPSHOT.jar!/webapps/static,STOPPED}
2020-12-26 01:58:04,941 [Listener at 127.0.0.1/40109] INFO  handler.ContextHandler (ContextHandler.java:doStop(1154)) - Stopped o.e.j.s.ServletContextHandler@78c874bf{logs,/logs,file:///github/workspace/mnt/ozone/hadoop-ozone/integration-test/target/log,STOPPED}
2020-12-26 01:58:05,316 [Datanode State Machine Thread - 0] INFO  statemachine.DatanodeStateMachine (DatanodeStateMachine.java:lambda$startDaemon$0(408)) - Ozone container server started.
2020-12-26 01:58:05,827 [grpc-default-executor-3] WARN  server.GrpcLogAppender (LogUtils.java:warn(122)) - 73c99ad5-410f-4ffb-8408-ddbdb29ea4d0@group-99F8A9162041->8e16b57b-a520-4ff3-ab9c-70e7128aded3-AppendLogResponseHandler: Failed appendEntries: org.apache.ratis.thirdparty.io.grpc.StatusRuntimeException: UNAVAILABLE: io exception
2020-12-26 01:58:05,827 [grpc-default-executor-3] WARN  server.GrpcLogAppender (GrpcLogAppender.java:resetClient(110)) - 73c99ad5-410f-4ffb-8408-ddbdb29ea4d0@group-99F8A9162041->8e16b57b-a520-4ff3-ab9c-70e7128aded3-GrpcLogAppender: Leader has not got in touch with Follower 73c99ad5-410f-4ffb-8408-ddbdb29ea4d0@group-99F8A9162041->8e16b57b-a520-4ff3-ab9c-70e7128aded3(c0,m0,n1, attendVote=true, lastRpcSendTime=0, lastRpcResponseTime=12501) yet, just keep nextIndex unchanged and retry.
2020-12-26 01:58:05,831 [grpc-default-executor-3] WARN  server.GrpcLogAppender (LogUtils.java:warn(122)) - 73c99ad5-410f-4ffb-8408-ddbdb29ea4d0@group-99F8A9162041->43af3075-460a-422d-a924-90885968f40d-AppendLogResponseHandler: Failed appendEntries: org.apache.ratis.thirdparty.io.grpc.StatusRuntimeException: UNAVAILABLE: io exception
2020-12-26 01:58:05,831 [grpc-default-executor-3] WARN  server.GrpcLogAppender (GrpcLogAppender.java:resetClient(110)) - 73c99ad5-410f-4ffb-8408-ddbdb29ea4d0@group-99F8A9162041->43af3075-460a-422d-a924-90885968f40d-GrpcLogAppender: Leader has not got in touch with Follower 73c99ad5-410f-4ffb-8408-ddbdb29ea4d0@group-99F8A9162041->43af3075-460a-422d-a924-90885968f40d(c0,m0,n1, attendVote=true, lastRpcSendTime=2501, lastRpcResponseTime=2501) yet, just keep nextIndex unchanged and retry.
2020-12-26 01:58:06,326 [grpc-default-executor-3] WARN  server.GrpcLogAppender (LogUtils.java:warn(122)) - 73c99ad5-410f-4ffb-8408-ddbdb29ea4d0@group-49E6829A44B8->8e16b57b-a520-4ff3-ab9c-70e7128aded3-AppendLogResponseHandler: Failed appendEntries: org.apache.ratis.thirdparty.io.grpc.StatusRuntimeException: UNAVAILABLE: io exception
2020-12-26 01:58:06,326 [grpc-default-executor-3] INFO  leader.FollowerInfo (FollowerInfoImpl.java:lambda$new$0(46)) - 73c99ad5-410f-4ffb-8408-ddbdb29ea4d0@group-49E6829A44B8->8e16b57b-a520-4ff3-ab9c-70e7128aded3: nextIndex: updateUnconditionally 16 -> 15
2020-12-26 01:58:07,430 [grpc-default-executor-3] WARN  server.GrpcLogAppender (LogUtils.java:warn(122)) - 73c99ad5-410f-4ffb-8408-ddbdb29ea4d0@group-49E6829A44B8->43af3075-460a-422d-a924-90885968f40d-AppendLogResponseHandler: Failed appendEntries: org.apache.ratis.thirdparty.io.grpc.StatusRuntimeException: UNAVAILABLE: io exception
2020-12-26 01:58:07,431 [grpc-default-executor-3] INFO  leader.FollowerInfo (FollowerInfoImpl.java:lambda$new$0(46)) - 73c99ad5-410f-4ffb-8408-ddbdb29ea4d0@group-49E6829A44B8->43af3075-460a-422d-a924-90885968f40d: nextIndex: updateUnconditionally 18 -> 17
2020-12-26 01:58:08,327 [grpc-default-executor-3] WARN  server.GrpcLogAppender (LogUtils.java:warn(122)) - 73c99ad5-410f-4ffb-8408-ddbdb29ea4d0@group-99F8A9162041->8e16b57b-a520-4ff3-ab9c-70e7128aded3-AppendLogResponseHandler: Failed appendEntries: org.apache.ratis.thirdparty.io.grpc.StatusRuntimeException: UNAVAILABLE: io exception
2020-12-26 01:58:08,327 [grpc-default-executor-3] WARN  server.GrpcLogAppender (GrpcLogAppender.java:resetClient(110)) - 73c99ad5-410f-4ffb-8408-ddbdb29ea4d0@group-99F8A9162041->8e16b57b-a520-4ff3-ab9c-70e7128aded3-GrpcLogAppender: Leader has not got in touch with Follower 73c99ad5-410f-4ffb-8408-ddbdb29ea4d0@group-99F8A9162041->8e16b57b-a520-4ff3-ab9c-70e7128aded3(c0,m0,n1, attendVote=true, lastRpcSendTime=0, lastRpcResponseTime=15001) yet, just keep nextIndex unchanged and retry.
2020-12-26 01:58:08,332 [grpc-default-executor-3] WARN  server.GrpcLogAppender (LogUtils.java:warn(122)) - 73c99ad5-410f-4ffb-8408-ddbdb29ea4d0@group-99F8A9162041->43af3075-460a-422d-a924-90885968f40d-AppendLogResponseHandler: Failed appendEntries: org.apache.ratis.thirdparty.io.grpc.StatusRuntimeException: UNAVAILABLE: io exception
2020-12-26 01:58:08,332 [grpc-default-executor-3] WARN  server.GrpcLogAppender (GrpcLogAppender.java:resetClient(110)) - 73c99ad5-410f-4ffb-8408-ddbdb29ea4d0@group-99F8A9162041->43af3075-460a-422d-a924-90885968f40d-GrpcLogAppender: Leader has not got in touch with Follower 73c99ad5-410f-4ffb-8408-ddbdb29ea4d0@group-99F8A9162041->43af3075-460a-422d-a924-90885968f40d(c0,m0,n1, attendVote=true, lastRpcSendTime=0, lastRpcResponseTime=5001) yet, just keep nextIndex unchanged and retry.
2020-12-26 01:58:08,826 [grpc-default-executor-3] WARN  server.GrpcLogAppender (LogUtils.java:warn(122)) - 73c99ad5-410f-4ffb-8408-ddbdb29ea4d0@group-49E6829A44B8->8e16b57b-a520-4ff3-ab9c-70e7128aded3-AppendLogResponseHandler: Failed appendEntries: org.apache.ratis.thirdparty.io.grpc.StatusRuntimeException: UNAVAILABLE: io exception
2020-12-26 01:58:08,827 [grpc-default-executor-3] INFO  leader.FollowerInfo (FollowerInfoImpl.java:lambda$new$0(46)) - 73c99ad5-410f-4ffb-8408-ddbdb29ea4d0@group-49E6829A44B8->8e16b57b-a520-4ff3-ab9c-70e7128aded3: nextIndex: updateUnconditionally 16 -> 15
2020-12-26 01:58:08,933 [EventQueue-DeadNodeForDeadNodeHandler] INFO  node.DeadNodeHandler (DeadNodeHandler.java:onMessage(77)) - A dead datanode is detected. a9229adb-278c-43ef-9666-e3cbf980c0ea{ip: 172.17.0.2, host: 140068b710f1, networkLocation: /default-rack, certSerialId: null, persistedOpState: IN_SERVICE, persistedOpStateExpiryEpochSec: 0}
2020-12-26 01:58:08,933 [EventQueue-DeadNodeForDeadNodeHandler] INFO  pipeline.SCMPipelineManager (SCMPipelineManager.java:finalizeAndDestroyPipeline(482)) - Destroying pipeline:Pipeline[ Id: 573e7393-093f-4e60-978a-cfb692a00539, Nodes: 16d33d7f-de85-4153-a986-8f085dcb09ff{ip: 172.17.0.2, host: 140068b710f1, networkLocation: /default-rack, certSerialId: null, persistedOpState: IN_SERVICE, persistedOpStateExpiryEpochSec: 0}c7c2d1d0-24bf-4086-b8ac-f9c9c7e07f42{ip: 172.17.0.2, host: 140068b710f1, networkLocation: /default-rack, certSerialId: null, persistedOpState: IN_SERVICE, persistedOpStateExpiryEpochSec: 0}a9229adb-278c-43ef-9666-e3cbf980c0ea{ip: 172.17.0.2, host: 140068b710f1, networkLocation: /default-rack, certSerialId: null, persistedOpState: IN_SERVICE, persistedOpStateExpiryEpochSec: 0}, Type:RATIS, Factor:THREE, State:CLOSED, leaderId:, CreationTimestamp2020-12-26T01:57:52.948Z]
2020-12-26 01:58:08,934 [EventQueue-DeadNodeForDeadNodeHandler] INFO  pipeline.RatisPipelineProvider (RatisPipelineProvider.java:lambda$close$1(199)) - Send pipeline:PipelineID=573e7393-093f-4e60-978a-cfb692a00539 close command to datanode 16d33d7f-de85-4153-a986-8f085dcb09ff
2020-12-26 01:58:08,934 [EventQueue-DeadNodeForDeadNodeHandler] INFO  pipeline.RatisPipelineProvider (RatisPipelineProvider.java:lambda$close$1(199)) - Send pipeline:PipelineID=573e7393-093f-4e60-978a-cfb692a00539 close command to datanode c7c2d1d0-24bf-4086-b8ac-f9c9c7e07f42
2020-12-26 01:58:08,935 [EventQueue-DeadNodeForDeadNodeHandler] INFO  pipeline.RatisPipelineProvider (RatisPipelineProvider.java:lambda$close$1(199)) - Send pipeline:PipelineID=573e7393-093f-4e60-978a-cfb692a00539 close command to datanode a9229adb-278c-43ef-9666-e3cbf980c0ea
2020-12-26 01:58:08,935 [EventQueue-DeadNodeForDeadNodeHandler] INFO  pipeline.PipelineStateManager (PipelineStateManager.java:removePipeline(106)) - Pipeline Pipeline[ Id: 573e7393-093f-4e60-978a-cfb692a00539, Nodes: 16d33d7f-de85-4153-a986-8f085dcb09ff{ip: 172.17.0.2, host: 140068b710f1, networkLocation: /default-rack, certSerialId: null, persistedOpState: IN_SERVICE, persistedOpStateExpiryEpochSec: 0}c7c2d1d0-24bf-4086-b8ac-f9c9c7e07f42{ip: 172.17.0.2, host: 140068b710f1, networkLocation: /default-rack, certSerialId: null, persistedOpState: IN_SERVICE, persistedOpStateExpiryEpochSec: 0}a9229adb-278c-43ef-9666-e3cbf980c0ea{ip: 172.17.0.2, host: 140068b710f1, networkLocation: /default-rack, certSerialId: null, persistedOpState: IN_SERVICE, persistedOpStateExpiryEpochSec: 0}, Type:RATIS, Factor:THREE, State:CLOSED, leaderId:, CreationTimestamp2020-12-26T01:57:52.948Z] removed from db
2020-12-26 01:58:08,936 [EventQueue-DeadNodeForDeadNodeHandler] INFO  pipeline.SCMPipelineManager (SCMPipelineManager.java:finalizeAndDestroyPipeline(482)) - Destroying pipeline:Pipeline[ Id: 24ef1db4-029e-490d-b15c-a4c42016f79f, Nodes: a9229adb-278c-43ef-9666-e3cbf980c0ea{ip: 172.17.0.2, host: 140068b710f1, networkLocation: /default-rack, certSerialId: null, persistedOpState: IN_SERVICE, persistedOpStateExpiryEpochSec: 0}, Type:RATIS, Factor:ONE, State:CLOSED, leaderId:a9229adb-278c-43ef-9666-e3cbf980c0ea, CreationTimestamp2020-12-26T01:57:24.677Z]
2020-12-26 01:58:08,937 [RatisPipelineUtilsThread] WARN  pipeline.PipelinePlacementPolicy (PipelinePlacementPolicy.java:filterViableNodes(139)) - Pipeline creation failed due to no sufficient healthy datanodes. Required 3. Found 2.
2020-12-26 01:58:08,941 [EventQueue-DeadNodeForDeadNodeHandler] INFO  pipeline.RatisPipelineProvider (RatisPipelineProvider.java:lambda$close$1(199)) - Send pipeline:PipelineID=24ef1db4-029e-490d-b15c-a4c42016f79f close command to datanode a9229adb-278c-43ef-9666-e3cbf980c0ea
2020-12-26 01:58:08,941 [EventQueue-DeadNodeForDeadNodeHandler] INFO  pipeline.PipelineStateManager (PipelineStateManager.java:removePipeline(106)) - Pipeline Pipeline[ Id: 24ef1db4-029e-490d-b15c-a4c42016f79f, Nodes: a9229adb-278c-43ef-9666-e3cbf980c0ea{ip: 172.17.0.2, host: 140068b710f1, networkLocation: /default-rack, certSerialId: null, persistedOpState: IN_SERVICE, persistedOpStateExpiryEpochSec: 0}, Type:RATIS, Factor:ONE, State:CLOSED, leaderId:a9229adb-278c-43ef-9666-e3cbf980c0ea, CreationTimestamp2020-12-26T01:57:24.677Z] removed from db
2020-12-26 01:58:08,942 [RatisPipelineUtilsThread] WARN  pipeline.PipelinePlacementPolicy (PipelinePlacementPolicy.java:filterViableNodes(139)) - Pipeline creation failed due to no sufficient healthy datanodes. Required 3. Found 2.
2020-12-26 01:58:08,943 [EventQueue-DeadNodeForDeadNodeHandler] INFO  pipeline.SCMPipelineManager (SCMPipelineManager.java:finalizeAndDestroyPipeline(482)) - Destroying pipeline:Pipeline[ Id: 76484d9c-c345-4865-b768-6696eb7b60af, Nodes: 16d33d7f-de85-4153-a986-8f085dcb09ff{ip: 172.17.0.2, host: 140068b710f1, networkLocation: /default-rack, certSerialId: null, persistedOpState: IN_SERVICE, persistedOpStateExpiryEpochSec: 0}c7c2d1d0-24bf-4086-b8ac-f9c9c7e07f42{ip: 172.17.0.2, host: 140068b710f1, networkLocation: /default-rack, certSerialId: null, persistedOpState: IN_SERVICE, persistedOpStateExpiryEpochSec: 0}a9229adb-278c-43ef-9666-e3cbf980c0ea{ip: 172.17.0.2, host: 140068b710f1, networkLocation: /default-rack, certSerialId: null, persistedOpState: IN_SERVICE, persistedOpStateExpiryEpochSec: 0}, Type:RATIS, Factor:THREE, State:CLOSED, leaderId:, CreationTimestamp2020-12-26T01:57:52.948Z]
2020-12-26 01:58:08,944 [EventQueue-DeadNodeForDeadNodeHandler] INFO  pipeline.RatisPipelineProvider (RatisPipelineProvider.java:lambda$close$1(199)) - Send pipeline:PipelineID=76484d9c-c345-4865-b768-6696eb7b60af close command to datanode 16d33d7f-de85-4153-a986-8f085dcb09ff
2020-12-26 01:58:08,944 [EventQueue-DeadNodeForDeadNodeHandler] INFO  pipeline.RatisPipelineProvider (RatisPipelineProvider.java:lambda$close$1(199)) - Send pipeline:PipelineID=76484d9c-c345-4865-b768-6696eb7b60af close command to datanode c7c2d1d0-24bf-4086-b8ac-f9c9c7e07f42
2020-12-26 01:58:08,944 [EventQueue-DeadNodeForDeadNodeHandler] INFO  pipeline.RatisPipelineProvider (RatisPipelineProvider.java:lambda$close$1(199)) - Send pipeline:PipelineID=76484d9c-c345-4865-b768-6696eb7b60af close command to datanode a9229adb-278c-43ef-9666-e3cbf980c0ea
2020-12-26 01:58:08,945 [EventQueue-DeadNodeForDeadNodeHandler] INFO  pipeline.PipelineStateManager (PipelineStateManager.java:removePipeline(106)) - Pipeline Pipeline[ Id: 76484d9c-c345-4865-b768-6696eb7b60af, Nodes: 16d33d7f-de85-4153-a986-8f085dcb09ff{ip: 172.17.0.2, host: 140068b710f1, networkLocation: /default-rack, certSerialId: null, persistedOpState: IN_SERVICE, persistedOpStateExpiryEpochSec: 0}c7c2d1d0-24bf-4086-b8ac-f9c9c7e07f42{ip: 172.17.0.2, host: 140068b710f1, networkLocation: /default-rack, certSerialId: null, persistedOpState: IN_SERVICE, persistedOpStateExpiryEpochSec: 0}a9229adb-278c-43ef-9666-e3cbf980c0ea{ip: 172.17.0.2, host: 140068b710f1, networkLocation: /default-rack, certSerialId: null, persistedOpState: IN_SERVICE, persistedOpStateExpiryEpochSec: 0}, Type:RATIS, Factor:THREE, State:CLOSED, leaderId:, CreationTimestamp2020-12-26T01:57:52.948Z] removed from db
2020-12-26 01:58:08,946 [RatisPipelineUtilsThread] WARN  pipeline.PipelinePlacementPolicy (PipelinePlacementPolicy.java:filterViableNodes(139)) - Pipeline creation failed due to no sufficient healthy datanodes. Required 3. Found 2.
2020-12-26 01:58:09,333 [EventQueue-StaleNodeForStaleNodeHandler] INFO  node.StaleNodeHandler (StaleNodeHandler.java:onMessage(58)) - Datanode 43af3075-460a-422d-a924-90885968f40d{ip: 172.17.0.2, host: 140068b710f1, networkLocation: /default-rack, certSerialId: null, persistedOpState: IN_SERVICE, persistedOpStateExpiryEpochSec: 0} moved to stale state. Finalizing its pipelines [PipelineID=5d650413-b041-4683-8cab-99f8a9162041, PipelineID=3ec49c11-b3df-4246-874d-49e6829a44b8, PipelineID=776186a9-b666-4a88-b910-3a59af69ed3c]
2020-12-26 01:58:09,333 [EventQueue-StaleNodeForStaleNodeHandler] INFO  pipeline.SCMPipelineManager (SCMPipelineManager.java:finalizeAndDestroyPipeline(482)) - Destroying pipeline:Pipeline[ Id: 5d650413-b041-4683-8cab-99f8a9162041, Nodes: 73c99ad5-410f-4ffb-8408-ddbdb29ea4d0{ip: 172.17.0.2, host: 140068b710f1, networkLocation: /default-rack, certSerialId: null, persistedOpState: IN_SERVICE, persistedOpStateExpiryEpochSec: 0}43af3075-460a-422d-a924-90885968f40d{ip: 172.17.0.2, host: 140068b710f1, networkLocation: /default-rack, certSerialId: null, persistedOpState: IN_SERVICE, persistedOpStateExpiryEpochSec: 0}8e16b57b-a520-4ff3-ab9c-70e7128aded3{ip: 172.17.0.2, host: 140068b710f1, networkLocation: /default-rack, certSerialId: null, persistedOpState: IN_SERVICE, persistedOpStateExpiryEpochSec: 0}, Type:RATIS, Factor:THREE, State:CLOSED, leaderId:73c99ad5-410f-4ffb-8408-ddbdb29ea4d0, CreationTimestamp2020-12-26T01:57:25.497Z]
2020-12-26 01:58:09,334 [EventQueue-StaleNodeForStaleNodeHandler] INFO  pipeline.SCMPipelineManager (SCMPipelineManager.java:finalizeAndDestroyPipeline(482)) - Destroying pipeline:Pipeline[ Id: 3ec49c11-b3df-4246-874d-49e6829a44b8, Nodes: 73c99ad5-410f-4ffb-8408-ddbdb29ea4d0{ip: 172.17.0.2, host: 140068b710f1, networkLocation: /default-rack, certSerialId: null, persistedOpState: IN_SERVICE, persistedOpStateExpiryEpochSec: 0}43af3075-460a-422d-a924-90885968f40d{ip: 172.17.0.2, host: 140068b710f1, networkLocation: /default-rack, certSerialId: null, persistedOpState: IN_SERVICE, persistedOpStateExpiryEpochSec: 0}8e16b57b-a520-4ff3-ab9c-70e7128aded3{ip: 172.17.0.2, host: 140068b710f1, networkLocation: /default-rack, certSerialId: null, persistedOpState: IN_SERVICE, persistedOpStateExpiryEpochSec: 0}, Type:RATIS, Factor:THREE, State:CLOSED, leaderId:73c99ad5-410f-4ffb-8408-ddbdb29ea4d0, CreationTimestamp2020-12-26T01:57:25.498Z]
2020-12-26 01:58:09,334 [EventQueue-StaleNodeForStaleNodeHandler] INFO  pipeline.SCMPipelineManager (SCMPipelineManager.java:finalizeAndDestroyPipeline(482)) - Destroying pipeline:Pipeline[ Id: 776186a9-b666-4a88-b910-3a59af69ed3c, Nodes: 43af3075-460a-422d-a924-90885968f40d{ip: 172.17.0.2, host: 140068b710f1, networkLocation: /default-rack, certSerialId: null, persistedOpState: IN_SERVICE, persistedOpStateExpiryEpochSec: 0}, Type:RATIS, Factor:ONE, State:OPEN, leaderId:43af3075-460a-422d-a924-90885968f40d, CreationTimestamp2020-12-26T01:57:25.497Z]
2020-12-26 01:58:09,334 [EventQueue-StaleNodeForStaleNodeHandler] INFO  pipeline.PipelineStateManager (PipelineStateManager.java:finalizePipeline(121)) - Pipeline Pipeline[ Id: 776186a9-b666-4a88-b910-3a59af69ed3c, Nodes: 43af3075-460a-422d-a924-90885968f40d{ip: 172.17.0.2, host: 140068b710f1, networkLocation: /default-rack, certSerialId: null, persistedOpState: IN_SERVICE, persistedOpStateExpiryEpochSec: 0}, Type:RATIS, Factor:ONE, State:CLOSED, leaderId:43af3075-460a-422d-a924-90885968f40d, CreationTimestamp2020-12-26T01:57:25.497Z] moved to CLOSED state
2020-12-26 01:58:09,334 [EventQueue-DeadNodeForDeadNodeHandler] INFO  node.DeadNodeHandler (DeadNodeHandler.java:onMessage(77)) - A dead datanode is detected. 8e16b57b-a520-4ff3-ab9c-70e7128aded3{ip: 172.17.0.2, host: 140068b710f1, networkLocation: /default-rack, certSerialId: null, persistedOpState: IN_SERVICE, persistedOpStateExpiryEpochSec: 0}
2020-12-26 01:58:09,334 [EventQueue-DeadNodeForDeadNodeHandler] INFO  pipeline.SCMPipelineManager (SCMPipelineManager.java:finalizeAndDestroyPipeline(482)) - Destroying pipeline:Pipeline[ Id: 5d650413-b041-4683-8cab-99f8a9162041, Nodes: 73c99ad5-410f-4ffb-8408-ddbdb29ea4d0{ip: 172.17.0.2, host: 140068b710f1, networkLocation: /default-rack, certSerialId: null, persistedOpState: IN_SERVICE, persistedOpStateExpiryEpochSec: 0}43af3075-460a-422d-a924-90885968f40d{ip: 172.17.0.2, host: 140068b710f1, networkLocation: /default-rack, certSerialId: null, persistedOpState: IN_SERVICE, persistedOpStateExpiryEpochSec: 0}8e16b57b-a520-4ff3-ab9c-70e7128aded3{ip: 172.17.0.2, host: 140068b710f1, networkLocation: /default-rack, certSerialId: null, persistedOpState: IN_SERVICE, persistedOpStateExpiryEpochSec: 0}, Type:RATIS, Factor:THREE, State:CLOSED, leaderId:73c99ad5-410f-4ffb-8408-ddbdb29ea4d0, CreationTimestamp2020-12-26T01:57:25.497Z]
2020-12-26 01:58:09,334 [EventQueue-DeadNodeForDeadNodeHandler] INFO  pipeline.RatisPipelineProvider (RatisPipelineProvider.java:lambda$close$1(199)) - Send pipeline:PipelineID=5d650413-b041-4683-8cab-99f8a9162041 close command to datanode 73c99ad5-410f-4ffb-8408-ddbdb29ea4d0
2020-12-26 01:58:09,334 [EventQueue-DeadNodeForDeadNodeHandler] INFO  pipeline.RatisPipelineProvider (RatisPipelineProvider.java:lambda$close$1(199)) - Send pipeline:PipelineID=5d650413-b041-4683-8cab-99f8a9162041 close command to datanode 43af3075-460a-422d-a924-90885968f40d
2020-12-26 01:58:09,334 [EventQueue-DeadNodeForDeadNodeHandler] INFO  pipeline.RatisPipelineProvider (RatisPipelineProvider.java:lambda$close$1(199)) - Send pipeline:PipelineID=5d650413-b041-4683-8cab-99f8a9162041 close command to datanode 8e16b57b-a520-4ff3-ab9c-70e7128aded3
2020-12-26 01:58:09,335 [EventQueue-DeadNodeForDeadNodeHandler] INFO  pipeline.PipelineStateManager (PipelineStateManager.java:removePipeline(106)) - Pipeline Pipeline[ Id: 5d650413-b041-4683-8cab-99f8a9162041, Nodes: 73c99ad5-410f-4ffb-8408-ddbdb29ea4d0{ip: 172.17.0.2, host: 140068b710f1, networkLocation: /default-rack, certSerialId: null, persistedOpState: IN_SERVICE, persistedOpStateExpiryEpochSec: 0}43af3075-460a-422d-a924-90885968f40d{ip: 172.17.0.2, host: 140068b710f1, networkLocation: /default-rack, certSerialId: null, persistedOpState: IN_SERVICE, persistedOpStateExpiryEpochSec: 0}8e16b57b-a520-4ff3-ab9c-70e7128aded3{ip: 172.17.0.2, host: 140068b710f1, networkLocation: /default-rack, certSerialId: null, persistedOpState: IN_SERVICE, persistedOpStateExpiryEpochSec: 0}, Type:RATIS, Factor:THREE, State:CLOSED, leaderId:73c99ad5-410f-4ffb-8408-ddbdb29ea4d0, CreationTimestamp2020-12-26T01:57:25.497Z] removed from db
2020-12-26 01:58:09,335 [EventQueue-DeadNodeForDeadNodeHandler] INFO  pipeline.SCMPipelineManager (SCMPipelineManager.java:finalizeAndDestroyPipeline(482)) - Destroying pipeline:Pipeline[ Id: 3ec49c11-b3df-4246-874d-49e6829a44b8, Nodes: 73c99ad5-410f-4ffb-8408-ddbdb29ea4d0{ip: 172.17.0.2, host: 140068b710f1, networkLocation: /default-rack, certSerialId: null, persistedOpState: IN_SERVICE, persistedOpStateExpiryEpochSec: 0}43af3075-460a-422d-a924-90885968f40d{ip: 172.17.0.2, host: 140068b710f1, networkLocation: /default-rack, certSerialId: null, persistedOpState: IN_SERVICE, persistedOpStateExpiryEpochSec: 0}8e16b57b-a520-4ff3-ab9c-70e7128aded3{ip: 172.17.0.2, host: 140068b710f1, networkLocation: /default-rack, certSerialId: null, persistedOpState: IN_SERVICE, persistedOpStateExpiryEpochSec: 0}, Type:RATIS, Factor:THREE, State:CLOSED, leaderId:73c99ad5-410f-4ffb-8408-ddbdb29ea4d0, CreationTimestamp2020-12-26T01:57:25.498Z]
2020-12-26 01:58:09,335 [EventQueue-DeadNodeForDeadNodeHandler] INFO  pipeline.RatisPipelineProvider (RatisPipelineProvider.java:lambda$close$1(199)) - Send pipeline:PipelineID=3ec49c11-b3df-4246-874d-49e6829a44b8 close command to datanode 73c99ad5-410f-4ffb-8408-ddbdb29ea4d0
2020-12-26 01:58:09,335 [EventQueue-DeadNodeForDeadNodeHandler] INFO  pipeline.RatisPipelineProvider (RatisPipelineProvider.java:lambda$close$1(199)) - Send pipeline:PipelineID=3ec49c11-b3df-4246-874d-49e6829a44b8 close command to datanode 43af3075-460a-422d-a924-90885968f40d
2020-12-26 01:58:09,335 [EventQueue-DeadNodeForDeadNodeHandler] INFO  pipeline.RatisPipelineProvider (RatisPipelineProvider.java:lambda$close$1(199)) - Send pipeline:PipelineID=3ec49c11-b3df-4246-874d-49e6829a44b8 close command to datanode 8e16b57b-a520-4ff3-ab9c-70e7128aded3
2020-12-26 01:58:09,335 [EventQueue-DeadNodeForDeadNodeHandler] INFO  pipeline.PipelineStateManager (PipelineStateManager.java:removePipeline(106)) - Pipeline Pipeline[ Id: 3ec49c11-b3df-4246-874d-49e6829a44b8, Nodes: 73c99ad5-410f-4ffb-8408-ddbdb29ea4d0{ip: 172.17.0.2, host: 140068b710f1, networkLocation: /default-rack, certSerialId: null, persistedOpState: IN_SERVICE, persistedOpStateExpiryEpochSec: 0}43af3075-460a-422d-a924-90885968f40d{ip: 172.17.0.2, host: 140068b710f1, networkLocation: /default-rack, certSerialId: null, persistedOpState: IN_SERVICE, persistedOpStateExpiryEpochSec: 0}8e16b57b-a520-4ff3-ab9c-70e7128aded3{ip: 172.17.0.2, host: 140068b710f1, networkLocation: /default-rack, certSerialId: null, persistedOpState: IN_SERVICE, persistedOpStateExpiryEpochSec: 0}, Type:RATIS, Factor:THREE, State:CLOSED, leaderId:73c99ad5-410f-4ffb-8408-ddbdb29ea4d0, CreationTimestamp2020-12-26T01:57:25.498Z] removed from db
2020-12-26 01:58:09,335 [EventQueue-DeadNodeForDeadNodeHandler] INFO  pipeline.SCMPipelineManager (SCMPipelineManager.java:finalizeAndDestroyPipeline(482)) - Destroying pipeline:Pipeline[ Id: a9cf9c82-e9d9-4410-9875-0691fef5e878, Nodes: 8e16b57b-a520-4ff3-ab9c-70e7128aded3{ip: 172.17.0.2, host: 140068b710f1, networkLocation: /default-rack, certSerialId: null, persistedOpState: IN_SERVICE, persistedOpStateExpiryEpochSec: 0}, Type:RATIS, Factor:ONE, State:CLOSED, leaderId:8e16b57b-a520-4ff3-ab9c-70e7128aded3, CreationTimestamp2020-12-26T01:57:25.294Z]
2020-12-26 01:58:09,335 [EventQueue-DeadNodeForDeadNodeHandler] INFO  pipeline.RatisPipelineProvider (RatisPipelineProvider.java:lambda$close$1(199)) - Send pipeline:PipelineID=a9cf9c82-e9d9-4410-9875-0691fef5e878 close command to datanode 8e16b57b-a520-4ff3-ab9c-70e7128aded3
2020-12-26 01:58:09,335 [EventQueue-DeadNodeForDeadNodeHandler] INFO  pipeline.PipelineStateManager (PipelineStateManager.java:removePipeline(106)) - Pipeline Pipeline[ Id: a9cf9c82-e9d9-4410-9875-0691fef5e878, Nodes: 8e16b57b-a520-4ff3-ab9c-70e7128aded3{ip: 172.17.0.2, host: 140068b710f1, networkLocation: /default-rack, certSerialId: null, persistedOpState: IN_SERVICE, persistedOpStateExpiryEpochSec: 0}, Type:RATIS, Factor:ONE, State:CLOSED, leaderId:8e16b57b-a520-4ff3-ab9c-70e7128aded3, CreationTimestamp2020-12-26T01:57:25.294Z] removed from db
2020-12-26 01:58:09,339 [RatisPipelineUtilsThread] WARN  pipeline.PipelinePlacementPolicy (PipelinePlacementPolicy.java:filterViableNodes(139)) - Pipeline creation failed due to no sufficient healthy datanodes. Required 3. Found 1.
2020-12-26 01:58:09,651 [Thread-2634] WARN  server.RaftServer$Division (LeaderStateImpl.java:checkLeadership(937)) - 73c99ad5-410f-4ffb-8408-ddbdb29ea4d0@group-99F8A9162041-LeaderStateImpl: Lost leadership on term: 1. Election timeout: 5200ms. In charge for: 36445ms. Conf: 0: [8e16b57b-a520-4ff3-ab9c-70e7128aded3|rpc:172.17.0.2:33447|dataStream:, 43af3075-460a-422d-a924-90885968f40d|rpc:172.17.0.2:44111|dataStream:, 73c99ad5-410f-4ffb-8408-ddbdb29ea4d0|rpc:172.17.0.2:39033|dataStream:], old=null
2020-12-26 01:58:09,651 [Thread-2634] WARN  server.RaftServer$Division (LeaderStateImpl.java:lambda$checkLeadership$14(941)) - Follower 73c99ad5-410f-4ffb-8408-ddbdb29ea4d0@group-99F8A9162041->8e16b57b-a520-4ff3-ab9c-70e7128aded3(c0,m0,n1, attendVote=true, lastRpcSendTime=1324, lastRpcResponseTime=16325)
2020-12-26 01:58:09,651 [Thread-2634] WARN  server.RaftServer$Division (LeaderStateImpl.java:lambda$checkLeadership$14(941)) - Follower 73c99ad5-410f-4ffb-8408-ddbdb29ea4d0@group-99F8A9162041->43af3075-460a-422d-a924-90885968f40d(c0,m0,n1, attendVote=true, lastRpcSendTime=1319, lastRpcResponseTime=6320)
2020-12-26 01:58:09,651 [Thread-2634] INFO  server.RaftServer$Division (RaftServerImpl.java:setRole(275)) - 73c99ad5-410f-4ffb-8408-ddbdb29ea4d0@group-99F8A9162041: changes role from    LEADER to FOLLOWER at term 1 for StepDownReason:LOST_MAJORITY_HEARTBEATS
2020-12-26 01:58:09,651 [Thread-2634] INFO  impl.RoleInfo (RoleInfo.java:shutdownLeaderState(91)) - 73c99ad5-410f-4ffb-8408-ddbdb29ea4d0: shutdown 73c99ad5-410f-4ffb-8408-ddbdb29ea4d0@group-99F8A9162041-LeaderStateImpl
2020-12-26 01:58:09,651 [Thread-2634] INFO  metrics.RatisMetrics (RatisMetrics.java:unregister(43)) - Unregistering Metrics Registry : ratis_grpc.log_appender.73c99ad5-410f-4ffb-8408-ddbdb29ea4d0@group-99F8A9162041
2020-12-26 01:58:09,651 [Thread-2634] INFO  metrics.RatisMetrics (RatisMetrics.java:unregister(43)) - Unregistering Metrics Registry : ratis_grpc.log_appender.73c99ad5-410f-4ffb-8408-ddbdb29ea4d0@group-99F8A9162041
2020-12-26 01:58:09,651 [Thread-2634] INFO  impl.PendingRequests (PendingRequests.java:sendNotLeaderResponses(249)) - 73c99ad5-410f-4ffb-8408-ddbdb29ea4d0@group-99F8A9162041-PendingRequests: sendNotLeaderResponses
2020-12-26 01:58:09,651 [Thread-2634] INFO  metrics.RatisMetrics (RatisMetrics.java:unregister(43)) - Unregistering Metrics Registry : ratis.log_appender.73c99ad5-410f-4ffb-8408-ddbdb29ea4d0@group-99F8A9162041
2020-12-26 01:58:09,652 [Thread-2634] INFO  metrics.RatisMetrics (RatisMetrics.java:unregister(43)) - Unregistering Metrics Registry : ratis.server.73c99ad5-410f-4ffb-8408-ddbdb29ea4d0@group-99F8A9162041
2020-12-26 01:58:09,652 [Thread-2634] INFO  impl.RoleInfo (RoleInfo.java:updateAndGet(130)) - 73c99ad5-410f-4ffb-8408-ddbdb29ea4d0: start 73c99ad5-410f-4ffb-8408-ddbdb29ea4d0@group-99F8A9162041-FollowerState
2020-12-26 01:58:09,931 [grpc-default-executor-3] WARN  server.GrpcLogAppender (LogUtils.java:warn(122)) - 73c99ad5-410f-4ffb-8408-ddbdb29ea4d0@group-49E6829A44B8->43af3075-460a-422d-a924-90885968f40d-AppendLogResponseHandler: Failed appendEntries: org.apache.ratis.thirdparty.io.grpc.StatusRuntimeException: UNAVAILABLE: io exception
2020-12-26 01:58:09,931 [grpc-default-executor-3] INFO  leader.FollowerInfo (FollowerInfoImpl.java:lambda$new$0(46)) - 73c99ad5-410f-4ffb-8408-ddbdb29ea4d0@group-49E6829A44B8->43af3075-460a-422d-a924-90885968f40d: nextIndex: updateUnconditionally 18 -> 17
2020-12-26 01:58:09,944 [Listener at 127.0.0.1/40109] INFO  ozoneimpl.OzoneContainer (OzoneContainer.java:stop(257)) - Attempting to stop container services.
2020-12-26 01:58:09,945 [Listener at 127.0.0.1/40109] INFO  server.RaftServer (RaftServerProxy.java:lambda$close$6(387)) - 73c99ad5-410f-4ffb-8408-ddbdb29ea4d0: close
2020-12-26 01:58:09,945 [Listener at 127.0.0.1/40109] INFO  server.RaftServer$Division (RaftServerImpl.java:lambda$close$4(397)) - 73c99ad5-410f-4ffb-8408-ddbdb29ea4d0@group-99F8A9162041: shutdown
2020-12-26 01:58:09,945 [Listener at 127.0.0.1/40109] INFO  util.JmxRegister (JmxRegister.java:unregister(73)) - Successfully un-registered JMX Bean with object name Ratis:service=RaftServer,group=group-99F8A9162041,id=73c99ad5-410f-4ffb-8408-ddbdb29ea4d0
2020-12-26 01:58:09,945 [Listener at 127.0.0.1/40109] INFO  impl.RoleInfo (RoleInfo.java:shutdownFollowerState(108)) - 73c99ad5-410f-4ffb-8408-ddbdb29ea4d0: shutdown 73c99ad5-410f-4ffb-8408-ddbdb29ea4d0@group-99F8A9162041-FollowerState
2020-12-26 01:58:09,945 [Listener at 127.0.0.1/40109] INFO  impl.StateMachineUpdater (StateMachineUpdater.java:stopAndJoin(148)) - 73c99ad5-410f-4ffb-8408-ddbdb29ea4d0@group-99F8A9162041-StateMachineUpdater: set stopIndex = 0
2020-12-26 01:58:09,945 [Thread-2845] INFO  impl.FollowerState (FollowerState.java:run(142)) - 73c99ad5-410f-4ffb-8408-ddbdb29ea4d0@group-99F8A9162041-FollowerState was interrupted: {}
java.lang.InterruptedException: sleep interrupted
	at java.lang.Thread.sleep(Native Method)
	at java.lang.Thread.sleep(Thread.java:340)
	at java.util.concurrent.TimeUnit.sleep(TimeUnit.java:386)
	at org.apache.ratis.util.TimeDuration.sleep(TimeDuration.java:319)
	at org.apache.ratis.util.TimeDuration.sleep(TimeDuration.java:304)
	at org.apache.ratis.server.impl.FollowerState.run(FollowerState.java:117)
2020-12-26 01:58:09,946 [73c99ad5-410f-4ffb-8408-ddbdb29ea4d0@group-99F8A9162041-StateMachineUpdater] INFO  ratis.ContainerStateMachine (ContainerStateMachine.java:takeSnapshot(291)) - group-99F8A9162041: Taking a snapshot at:(t:1, i:0) file /github/workspace/mnt/ozone/hadoop-ozone/integration-test/target/test-dir/MiniOzoneClusterImpl-b0bbc67e-6e78-4c8b-9c9f-814a2ca087f9/datanode-3/data/ratis/5d650413-b041-4683-8cab-99f8a9162041/sm/snapshot.1_0
2020-12-26 01:58:09,947 [73c99ad5-410f-4ffb-8408-ddbdb29ea4d0@group-99F8A9162041-StateMachineUpdater] INFO  ratis.ContainerStateMachine (ContainerStateMachine.java:takeSnapshot(302)) - group-99F8A9162041: Finished taking a snapshot at:(t:1, i:0) file:/github/workspace/mnt/ozone/hadoop-ozone/integration-test/target/test-dir/MiniOzoneClusterImpl-b0bbc67e-6e78-4c8b-9c9f-814a2ca087f9/datanode-3/data/ratis/5d650413-b041-4683-8cab-99f8a9162041/sm/snapshot.1_0 time:1
2020-12-26 01:58:09,947 [73c99ad5-410f-4ffb-8408-ddbdb29ea4d0@group-99F8A9162041-StateMachineUpdater] INFO  impl.StateMachineUpdater (StateMachineUpdater.java:takeSnapshot(279)) - 73c99ad5-410f-4ffb-8408-ddbdb29ea4d0@group-99F8A9162041-StateMachineUpdater: Took a snapshot at index 0
2020-12-26 01:58:09,947 [73c99ad5-410f-4ffb-8408-ddbdb29ea4d0@group-99F8A9162041-StateMachineUpdater] INFO  impl.StateMachineUpdater (StateMachineUpdater.java:lambda$new$0(88)) - 73c99ad5-410f-4ffb-8408-ddbdb29ea4d0@group-99F8A9162041-StateMachineUpdater: snapshotIndex: updateIncreasingly -1 -> 0
2020-12-26 01:58:09,947 [73c99ad5-410f-4ffb-8408-ddbdb29ea4d0@group-99F8A9162041-StateMachineUpdater] INFO  metrics.RatisMetrics (RatisMetrics.java:unregister(43)) - Unregistering Metrics Registry : ratis.state_machine.73c99ad5-410f-4ffb-8408-ddbdb29ea4d0@group-99F8A9162041
2020-12-26 01:58:09,947 [Listener at 127.0.0.1/40109] INFO  server.RaftServer$Division (ServerState.java:close(406)) - 73c99ad5-410f-4ffb-8408-ddbdb29ea4d0@group-99F8A9162041: closes. applyIndex: 0
2020-12-26 01:58:09,948 [73c99ad5-410f-4ffb-8408-ddbdb29ea4d0@group-99F8A9162041-SegmentedRaftLogWorker] INFO  segmented.SegmentedRaftLogWorker (SegmentedRaftLogWorker.java:run(326)) - 73c99ad5-410f-4ffb-8408-ddbdb29ea4d0@group-99F8A9162041-SegmentedRaftLogWorker was interrupted, exiting. There are 0 tasks remaining in the queue.
2020-12-26 01:58:09,948 [Listener at 127.0.0.1/40109] INFO  segmented.SegmentedRaftLogWorker (SegmentedRaftLogWorker.java:close(236)) - 73c99ad5-410f-4ffb-8408-ddbdb29ea4d0@group-99F8A9162041-SegmentedRaftLogWorker close()
2020-12-26 01:58:09,948 [Listener at 127.0.0.1/40109] INFO  metrics.RatisMetrics (RatisMetrics.java:unregister(43)) - Unregistering Metrics Registry : ratis.log_worker.73c99ad5-410f-4ffb-8408-ddbdb29ea4d0@group-99F8A9162041
2020-12-26 01:58:09,948 [Listener at 127.0.0.1/40109] INFO  metrics.RatisMetrics (RatisMetrics.java:unregister(43)) - Unregistering Metrics Registry : ratis.leader_election.73c99ad5-410f-4ffb-8408-ddbdb29ea4d0@group-99F8A9162041
2020-12-26 01:58:09,948 [Listener at 127.0.0.1/40109] INFO  metrics.RatisMetrics (RatisMetrics.java:unregister(43)) - Unregistering Metrics Registry : ratis.server.73c99ad5-410f-4ffb-8408-ddbdb29ea4d0@group-99F8A9162041
2020-12-26 01:58:09,949 [Listener at 127.0.0.1/40109] INFO  server.RaftServer$Division (RaftServerImpl.java:lambda$close$4(397)) - 73c99ad5-410f-4ffb-8408-ddbdb29ea4d0@group-49E6829A44B8: shutdown
2020-12-26 01:58:09,949 [Listener at 127.0.0.1/40109] INFO  util.JmxRegister (JmxRegister.java:unregister(73)) - Successfully un-registered JMX Bean with object name Ratis:service=RaftServer,group=group-49E6829A44B8,id=73c99ad5-410f-4ffb-8408-ddbdb29ea4d0
2020-12-26 01:58:09,949 [Listener at 127.0.0.1/40109] INFO  impl.RoleInfo (RoleInfo.java:shutdownLeaderState(91)) - 73c99ad5-410f-4ffb-8408-ddbdb29ea4d0: shutdown 73c99ad5-410f-4ffb-8408-ddbdb29ea4d0@group-49E6829A44B8-LeaderStateImpl
2020-12-26 01:58:09,949 [Listener at 127.0.0.1/40109] INFO  metrics.RatisMetrics (RatisMetrics.java:unregister(43)) - Unregistering Metrics Registry : ratis_grpc.log_appender.73c99ad5-410f-4ffb-8408-ddbdb29ea4d0@group-49E6829A44B8
2020-12-26 01:58:09,949 [Listener at 127.0.0.1/40109] INFO  metrics.RatisMetrics (RatisMetrics.java:unregister(43)) - Unregistering Metrics Registry : ratis_grpc.log_appender.73c99ad5-410f-4ffb-8408-ddbdb29ea4d0@group-49E6829A44B8
2020-12-26 01:58:09,949 [73c99ad5-410f-4ffb-8408-ddbdb29ea4d0@group-49E6829A44B8->8e16b57b-a520-4ff3-ab9c-70e7128aded3-GrpcLogAppender-LogAppenderDaemon] WARN  server.GrpcLogAppender (GrpcLogAppender.java:mayWait(174)) - 73c99ad5-410f-4ffb-8408-ddbdb29ea4d0@group-49E6829A44B8->8e16b57b-a520-4ff3-ab9c-70e7128aded3-GrpcLogAppender: Wait interrupted by java.lang.InterruptedException
2020-12-26 01:58:09,949 [Listener at 127.0.0.1/40109] INFO  impl.PendingRequests (PendingRequests.java:sendNotLeaderResponses(249)) - 73c99ad5-410f-4ffb-8408-ddbdb29ea4d0@group-49E6829A44B8-PendingRequests: sendNotLeaderResponses
2020-12-26 01:58:09,950 [73c99ad5-410f-4ffb-8408-ddbdb29ea4d0@group-49E6829A44B8->43af3075-460a-422d-a924-90885968f40d-GrpcLogAppender-LogAppenderDaemon] WARN  server.GrpcLogAppender (GrpcLogAppender.java:mayWait(174)) - 73c99ad5-410f-4ffb-8408-ddbdb29ea4d0@group-49E6829A44B8->43af3075-460a-422d-a924-90885968f40d-GrpcLogAppender: Wait interrupted by java.lang.InterruptedException
2020-12-26 01:58:09,952 [Listener at 127.0.0.1/40109] INFO  metrics.RatisMetrics (RatisMetrics.java:unregister(43)) - Unregistering Metrics Registry : ratis.log_appender.73c99ad5-410f-4ffb-8408-ddbdb29ea4d0@group-49E6829A44B8
2020-12-26 01:58:09,952 [Listener at 127.0.0.1/40109] INFO  metrics.RatisMetrics (RatisMetrics.java:unregister(43)) - Unregistering Metrics Registry : ratis.server.73c99ad5-410f-4ffb-8408-ddbdb29ea4d0@group-49E6829A44B8
2020-12-26 01:58:09,954 [Listener at 127.0.0.1/40109] INFO  impl.StateMachineUpdater (StateMachineUpdater.java:stopAndJoin(148)) - 73c99ad5-410f-4ffb-8408-ddbdb29ea4d0@group-49E6829A44B8-StateMachineUpdater: set stopIndex = 17
2020-12-26 01:58:09,954 [73c99ad5-410f-4ffb-8408-ddbdb29ea4d0@group-49E6829A44B8-StateMachineUpdater] INFO  ratis.ContainerStateMachine (ContainerStateMachine.java:takeSnapshot(291)) - group-49E6829A44B8: Taking a snapshot at:(t:1, i:17) file /github/workspace/mnt/ozone/hadoop-ozone/integration-test/target/test-dir/MiniOzoneClusterImpl-b0bbc67e-6e78-4c8b-9c9f-814a2ca087f9/datanode-3/data/ratis/3ec49c11-b3df-4246-874d-49e6829a44b8/sm/snapshot.1_17
2020-12-26 01:58:09,955 [73c99ad5-410f-4ffb-8408-ddbdb29ea4d0@group-49E6829A44B8-StateMachineUpdater] INFO  ratis.ContainerStateMachine (ContainerStateMachine.java:takeSnapshot(302)) - group-49E6829A44B8: Finished taking a snapshot at:(t:1, i:17) file:/github/workspace/mnt/ozone/hadoop-ozone/integration-test/target/test-dir/MiniOzoneClusterImpl-b0bbc67e-6e78-4c8b-9c9f-814a2ca087f9/datanode-3/data/ratis/3ec49c11-b3df-4246-874d-49e6829a44b8/sm/snapshot.1_17 time:1
2020-12-26 01:58:09,955 [73c99ad5-410f-4ffb-8408-ddbdb29ea4d0@group-49E6829A44B8-StateMachineUpdater] INFO  impl.StateMachineUpdater (StateMachineUpdater.java:takeSnapshot(279)) - 73c99ad5-410f-4ffb-8408-ddbdb29ea4d0@group-49E6829A44B8-StateMachineUpdater: Took a snapshot at index 17
2020-12-26 01:58:09,955 [73c99ad5-410f-4ffb-8408-ddbdb29ea4d0@group-49E6829A44B8-StateMachineUpdater] INFO  impl.StateMachineUpdater (StateMachineUpdater.java:lambda$new$0(88)) - 73c99ad5-410f-4ffb-8408-ddbdb29ea4d0@group-49E6829A44B8-StateMachineUpdater: snapshotIndex: updateIncreasingly -1 -> 17
2020-12-26 01:58:09,955 [73c99ad5-410f-4ffb-8408-ddbdb29ea4d0@group-49E6829A44B8-StateMachineUpdater] INFO  metrics.RatisMetrics (RatisMetrics.java:unregister(43)) - Unregistering Metrics Registry : ratis.state_machine.73c99ad5-410f-4ffb-8408-ddbdb29ea4d0@group-49E6829A44B8
2020-12-26 01:58:09,958 [Listener at 127.0.0.1/40109] INFO  server.RaftServer$Division (ServerState.java:close(406)) - 73c99ad5-410f-4ffb-8408-ddbdb29ea4d0@group-49E6829A44B8: closes. applyIndex: 17
2020-12-26 01:58:09,958 [73c99ad5-410f-4ffb-8408-ddbdb29ea4d0@group-49E6829A44B8-SegmentedRaftLogWorker] INFO  segmented.SegmentedRaftLogWorker (SegmentedRaftLogWorker.java:run(326)) - 73c99ad5-410f-4ffb-8408-ddbdb29ea4d0@group-49E6829A44B8-SegmentedRaftLogWorker was interrupted, exiting. There are 0 tasks remaining in the queue.
2020-12-26 01:58:09,959 [Listener at 127.0.0.1/40109] INFO  segmented.SegmentedRaftLogWorker (SegmentedRaftLogWorker.java:close(236)) - 73c99ad5-410f-4ffb-8408-ddbdb29ea4d0@group-49E6829A44B8-SegmentedRaftLogWorker close()
2020-12-26 01:58:09,959 [Listener at 127.0.0.1/40109] INFO  metrics.RatisMetrics (RatisMetrics.java:unregister(43)) - Unregistering Metrics Registry : ratis.log_worker.73c99ad5-410f-4ffb-8408-ddbdb29ea4d0@group-49E6829A44B8
2020-12-26 01:58:09,959 [Listener at 127.0.0.1/40109] INFO  metrics.RatisMetrics (RatisMetrics.java:unregister(43)) - Unregistering Metrics Registry : ratis.leader_election.73c99ad5-410f-4ffb-8408-ddbdb29ea4d0@group-49E6829A44B8
2020-12-26 01:58:09,959 [Listener at 127.0.0.1/40109] INFO  metrics.RatisMetrics (RatisMetrics.java:unregister(43)) - Unregistering Metrics Registry : ratis.server.73c99ad5-410f-4ffb-8408-ddbdb29ea4d0@group-49E6829A44B8
2020-12-26 01:58:09,959 [Listener at 127.0.0.1/40109] INFO  server.RaftServer$Division (RaftServerImpl.java:lambda$close$4(397)) - 73c99ad5-410f-4ffb-8408-ddbdb29ea4d0@group-DBCF2475E781: shutdown
2020-12-26 01:58:09,959 [Listener at 127.0.0.1/40109] INFO  util.JmxRegister (JmxRegister.java:unregister(73)) - Successfully un-registered JMX Bean with object name Ratis:service=RaftServer,group=group-DBCF2475E781,id=73c99ad5-410f-4ffb-8408-ddbdb29ea4d0
2020-12-26 01:58:09,959 [Listener at 127.0.0.1/40109] INFO  impl.RoleInfo (RoleInfo.java:shutdownLeaderState(91)) - 73c99ad5-410f-4ffb-8408-ddbdb29ea4d0: shutdown 73c99ad5-410f-4ffb-8408-ddbdb29ea4d0@group-DBCF2475E781-LeaderStateImpl
2020-12-26 01:58:09,960 [Listener at 127.0.0.1/40109] INFO  impl.PendingRequests (PendingRequests.java:sendNotLeaderResponses(249)) - 73c99ad5-410f-4ffb-8408-ddbdb29ea4d0@group-DBCF2475E781-PendingRequests: sendNotLeaderResponses
2020-12-26 01:58:09,960 [Listener at 127.0.0.1/40109] INFO  metrics.RatisMetrics (RatisMetrics.java:unregister(43)) - Unregistering Metrics Registry : ratis.log_appender.73c99ad5-410f-4ffb-8408-ddbdb29ea4d0@group-DBCF2475E781
2020-12-26 01:58:09,960 [Listener at 127.0.0.1/40109] INFO  metrics.RatisMetrics (RatisMetrics.java:unregister(43)) - Unregistering Metrics Registry : ratis.server.73c99ad5-410f-4ffb-8408-ddbdb29ea4d0@group-DBCF2475E781
2020-12-26 01:58:09,961 [Listener at 127.0.0.1/40109] INFO  impl.StateMachineUpdater (StateMachineUpdater.java:stopAndJoin(148)) - 73c99ad5-410f-4ffb-8408-ddbdb29ea4d0@group-DBCF2475E781-StateMachineUpdater: set stopIndex = 0
2020-12-26 01:58:09,961 [73c99ad5-410f-4ffb-8408-ddbdb29ea4d0@group-DBCF2475E781-StateMachineUpdater] INFO  ratis.ContainerStateMachine (ContainerStateMachine.java:takeSnapshot(291)) - group-DBCF2475E781: Taking a snapshot at:(t:1, i:0) file /github/workspace/mnt/ozone/hadoop-ozone/integration-test/target/test-dir/MiniOzoneClusterImpl-b0bbc67e-6e78-4c8b-9c9f-814a2ca087f9/datanode-3/data/ratis/26cb6a70-665f-4bfd-982c-dbcf2475e781/sm/snapshot.1_0
2020-12-26 01:58:09,962 [73c99ad5-410f-4ffb-8408-ddbdb29ea4d0@group-DBCF2475E781-StateMachineUpdater] INFO  ratis.ContainerStateMachine (ContainerStateMachine.java:takeSnapshot(302)) - group-DBCF2475E781: Finished taking a snapshot at:(t:1, i:0) file:/github/workspace/mnt/ozone/hadoop-ozone/integration-test/target/test-dir/MiniOzoneClusterImpl-b0bbc67e-6e78-4c8b-9c9f-814a2ca087f9/datanode-3/data/ratis/26cb6a70-665f-4bfd-982c-dbcf2475e781/sm/snapshot.1_0 time:1
2020-12-26 01:58:09,962 [73c99ad5-410f-4ffb-8408-ddbdb29ea4d0@group-DBCF2475E781-StateMachineUpdater] INFO  impl.StateMachineUpdater (StateMachineUpdater.java:takeSnapshot(279)) - 73c99ad5-410f-4ffb-8408-ddbdb29ea4d0@group-DBCF2475E781-StateMachineUpdater: Took a snapshot at index 0
2020-12-26 01:58:09,962 [73c99ad5-410f-4ffb-8408-ddbdb29ea4d0@group-DBCF2475E781-StateMachineUpdater] INFO  impl.StateMachineUpdater (StateMachineUpdater.java:lambda$new$0(88)) - 73c99ad5-410f-4ffb-8408-ddbdb29ea4d0@group-DBCF2475E781-StateMachineUpdater: snapshotIndex: updateIncreasingly -1 -> 0
2020-12-26 01:58:09,962 [73c99ad5-410f-4ffb-8408-ddbdb29ea4d0@group-DBCF2475E781-StateMachineUpdater] INFO  metrics.RatisMetrics (RatisMetrics.java:unregister(43)) - Unregistering Metrics Registry : ratis.state_machine.73c99ad5-410f-4ffb-8408-ddbdb29ea4d0@group-DBCF2475E781
2020-12-26 01:58:09,962 [Listener at 127.0.0.1/40109] INFO  server.RaftServer$Division (ServerState.java:close(406)) - 73c99ad5-410f-4ffb-8408-ddbdb29ea4d0@group-DBCF2475E781: closes. applyIndex: 0
2020-12-26 01:58:09,963 [73c99ad5-410f-4ffb-8408-ddbdb29ea4d0@group-DBCF2475E781-SegmentedRaftLogWorker] INFO  segmented.SegmentedRaftLogWorker (SegmentedRaftLogWorker.java:run(326)) - 73c99ad5-410f-4ffb-8408-ddbdb29ea4d0@group-DBCF2475E781-SegmentedRaftLogWorker was interrupted, exiting. There are 0 tasks remaining in the queue.
2020-12-26 01:58:09,963 [Listener at 127.0.0.1/40109] INFO  segmented.SegmentedRaftLogWorker (SegmentedRaftLogWorker.java:close(236)) - 73c99ad5-410f-4ffb-8408-ddbdb29ea4d0@group-DBCF2475E781-SegmentedRaftLogWorker close()
2020-12-26 01:58:09,963 [Listener at 127.0.0.1/40109] INFO  metrics.RatisMetrics (RatisMetrics.java:unregister(43)) - Unregistering Metrics Registry : ratis.log_worker.73c99ad5-410f-4ffb-8408-ddbdb29ea4d0@group-DBCF2475E781
2020-12-26 01:58:09,963 [Listener at 127.0.0.1/40109] INFO  metrics.RatisMetrics (RatisMetrics.java:unregister(43)) - Unregistering Metrics Registry : ratis.leader_election.73c99ad5-410f-4ffb-8408-ddbdb29ea4d0@group-DBCF2475E781
2020-12-26 01:58:09,963 [Listener at 127.0.0.1/40109] INFO  metrics.RatisMetrics (RatisMetrics.java:unregister(43)) - Unregistering Metrics Registry : ratis.server.73c99ad5-410f-4ffb-8408-ddbdb29ea4d0@group-DBCF2475E781
2020-12-26 01:58:09,964 [Listener at 127.0.0.1/40109] INFO  server.GrpcService (GrpcService.java:closeImpl(184)) - 73c99ad5-410f-4ffb-8408-ddbdb29ea4d0: shutdown server with port 39033 now
2020-12-26 01:58:09,965 [grpc-default-executor-3] WARN  client.GrpcClientProtocolService (LogUtils.java:warn(122)) - 1-UnorderedRequestStreamObserver1: onError: org.apache.ratis.thirdparty.io.grpc.StatusRuntimeException: CANCELLED: cancelled before receiving half close
2020-12-26 01:58:09,966 [Listener at 127.0.0.1/40109] INFO  server.GrpcService (GrpcService.java:closeImpl(193)) - 73c99ad5-410f-4ffb-8408-ddbdb29ea4d0: shutdown server with port 39033 successfully
2020-12-26 01:58:09,966 [org.apache.ratis.util.JvmPauseMonitor$$Lambda$221/688841144@63db4cbd] INFO  util.JvmPauseMonitor (JvmPauseMonitor.java:run(109)) - JvmPauseMonitor-73c99ad5-410f-4ffb-8408-ddbdb29ea4d0: Stopped
2020-12-26 01:58:09,967 [Listener at 127.0.0.1/40109] INFO  utils.BackgroundService (BackgroundService.java:shutdown(132)) - Shutting down service BlockDeletingService
2020-12-26 01:58:09,969 [Listener at 127.0.0.1/40109] INFO  statemachine.DatanodeStateMachine (DatanodeStateMachine.java:stopDaemon(461)) - Ozone container server stopped.
2020-12-26 01:58:09,977 [Listener at 127.0.0.1/40109] INFO  handler.ContextHandler (ContextHandler.java:doStop(1154)) - Stopped o.e.j.w.WebAppContext@333316ca{hddsDatanode,/,null,STOPPED}{jar:file:/home/user/.m2/repository/org/apache/hadoop/hadoop-hdds-container-service/1.1.0-SNAPSHOT/hadoop-hdds-container-service-1.1.0-SNAPSHOT.jar!/webapps/hddsDatanode}
2020-12-26 01:58:09,978 [Listener at 127.0.0.1/40109] INFO  server.AbstractConnector (AbstractConnector.java:doStop(381)) - Stopped ServerConnector@62c3fb2d{HTTP/1.1, (http/1.1)}{0.0.0.0:0}
2020-12-26 01:58:09,978 [Listener at 127.0.0.1/40109] INFO  server.session (HouseKeeper.java:stopScavenging(149)) - node0 Stopped scavenging
2020-12-26 01:58:09,978 [Listener at 127.0.0.1/40109] INFO  handler.ContextHandler (ContextHandler.java:doStop(1154)) - Stopped o.e.j.s.ServletContextHandler@1078158e{static,/static,jar:file:/home/user/.m2/repository/org/apache/hadoop/hadoop-hdds-container-service/1.1.0-SNAPSHOT/hadoop-hdds-container-service-1.1.0-SNAPSHOT.jar!/webapps/static,STOPPED}
2020-12-26 01:58:09,979 [Listener at 127.0.0.1/40109] INFO  handler.ContextHandler (ContextHandler.java:doStop(1154)) - Stopped o.e.j.s.ServletContextHandler@7891e6f4{logs,/logs,file:///github/workspace/mnt/ozone/hadoop-ozone/integration-test/target/log,STOPPED}
2020-12-26 01:58:14,341 [EventQueue-DeadNodeForDeadNodeHandler] INFO  node.DeadNodeHandler (DeadNodeHandler.java:onMessage(77)) - A dead datanode is detected. 16d33d7f-de85-4153-a986-8f085dcb09ff{ip: 172.17.0.2, host: 140068b710f1, networkLocation: /default-rack, certSerialId: null, persistedOpState: IN_SERVICE, persistedOpStateExpiryEpochSec: 0}
2020-12-26 01:58:14,341 [EventQueue-StaleNodeForStaleNodeHandler] INFO  node.StaleNodeHandler (StaleNodeHandler.java:onMessage(58)) - Datanode 73c99ad5-410f-4ffb-8408-ddbdb29ea4d0{ip: 172.17.0.2, host: 140068b710f1, networkLocation: /default-rack, certSerialId: null, persistedOpState: IN_SERVICE, persistedOpStateExpiryEpochSec: 0} moved to stale state. Finalizing its pipelines [PipelineID=26cb6a70-665f-4bfd-982c-dbcf2475e781]
2020-12-26 01:58:14,342 [EventQueue-DeadNodeForDeadNodeHandler] INFO  pipeline.SCMPipelineManager (SCMPipelineManager.java:finalizeAndDestroyPipeline(482)) - Destroying pipeline:Pipeline[ Id: aa2f226f-b70b-4fe1-ae63-3939299b193e, Nodes: 16d33d7f-de85-4153-a986-8f085dcb09ff{ip: 172.17.0.2, host: 140068b710f1, networkLocation: /default-rack, certSerialId: null, persistedOpState: IN_SERVICE, persistedOpStateExpiryEpochSec: 0}, Type:RATIS, Factor:ONE, State:CLOSED, leaderId:16d33d7f-de85-4153-a986-8f085dcb09ff, CreationTimestamp2020-12-26T01:57:25.697Z]
2020-12-26 01:58:14,342 [EventQueue-StaleNodeForStaleNodeHandler] INFO  pipeline.SCMPipelineManager (SCMPipelineManager.java:finalizeAndDestroyPipeline(482)) - Destroying pipeline:Pipeline[ Id: 26cb6a70-665f-4bfd-982c-dbcf2475e781, Nodes: 73c99ad5-410f-4ffb-8408-ddbdb29ea4d0{ip: 172.17.0.2, host: 140068b710f1, networkLocation: /default-rack, certSerialId: null, persistedOpState: IN_SERVICE, persistedOpStateExpiryEpochSec: 0}, Type:RATIS, Factor:ONE, State:OPEN, leaderId:73c99ad5-410f-4ffb-8408-ddbdb29ea4d0, CreationTimestamp2020-12-26T01:57:25.112Z]
2020-12-26 01:58:14,342 [EventQueue-DeadNodeForDeadNodeHandler] INFO  pipeline.RatisPipelineProvider (RatisPipelineProvider.java:lambda$close$1(199)) - Send pipeline:PipelineID=aa2f226f-b70b-4fe1-ae63-3939299b193e close command to datanode 16d33d7f-de85-4153-a986-8f085dcb09ff
2020-12-26 01:58:14,342 [EventQueue-StaleNodeForStaleNodeHandler] INFO  pipeline.PipelineStateManager (PipelineStateManager.java:finalizePipeline(121)) - Pipeline Pipeline[ Id: 26cb6a70-665f-4bfd-982c-dbcf2475e781, Nodes: 73c99ad5-410f-4ffb-8408-ddbdb29ea4d0{ip: 172.17.0.2, host: 140068b710f1, networkLocation: /default-rack, certSerialId: null, persistedOpState: IN_SERVICE, persistedOpStateExpiryEpochSec: 0}, Type:RATIS, Factor:ONE, State:CLOSED, leaderId:73c99ad5-410f-4ffb-8408-ddbdb29ea4d0, CreationTimestamp2020-12-26T01:57:25.112Z] moved to CLOSED state
2020-12-26 01:58:14,343 [EventQueue-DeadNodeForDeadNodeHandler] INFO  pipeline.PipelineStateManager (PipelineStateManager.java:removePipeline(106)) - Pipeline Pipeline[ Id: aa2f226f-b70b-4fe1-ae63-3939299b193e, Nodes: 16d33d7f-de85-4153-a986-8f085dcb09ff{ip: 172.17.0.2, host: 140068b710f1, networkLocation: /default-rack, certSerialId: null, persistedOpState: IN_SERVICE, persistedOpStateExpiryEpochSec: 0}, Type:RATIS, Factor:ONE, State:CLOSED, leaderId:16d33d7f-de85-4153-a986-8f085dcb09ff, CreationTimestamp2020-12-26T01:57:25.697Z] removed from db
2020-12-26 01:58:14,343 [EventQueue-DeadNodeForDeadNodeHandler] INFO  node.DeadNodeHandler (DeadNodeHandler.java:onMessage(77)) - A dead datanode is detected. c7c2d1d0-24bf-4086-b8ac-f9c9c7e07f42{ip: 172.17.0.2, host: 140068b710f1, networkLocation: /default-rack, certSerialId: null, persistedOpState: IN_SERVICE, persistedOpStateExpiryEpochSec: 0}
2020-12-26 01:58:14,343 [EventQueue-DeadNodeForDeadNodeHandler] INFO  pipeline.SCMPipelineManager (SCMPipelineManager.java:finalizeAndDestroyPipeline(482)) - Destroying pipeline:Pipeline[ Id: 7d123b2d-022e-444b-a472-b42f238e776c, Nodes: c7c2d1d0-24bf-4086-b8ac-f9c9c7e07f42{ip: 172.17.0.2, host: 140068b710f1, networkLocation: /default-rack, certSerialId: null, persistedOpState: IN_SERVICE, persistedOpStateExpiryEpochSec: 0}, Type:RATIS, Factor:ONE, State:CLOSED, leaderId:c7c2d1d0-24bf-4086-b8ac-f9c9c7e07f42, CreationTimestamp2020-12-26T01:57:24.483Z]
2020-12-26 01:58:14,343 [RatisPipelineUtilsThread] WARN  pipeline.PipelinePlacementPolicy (PipelinePlacementPolicy.java:filterViableNodes(139)) - Pipeline creation failed due to no sufficient healthy datanodes. Required 3. Found 0.
2020-12-26 01:58:14,343 [EventQueue-DeadNodeForDeadNodeHandler] INFO  pipeline.RatisPipelineProvider (RatisPipelineProvider.java:lambda$close$1(199)) - Send pipeline:PipelineID=7d123b2d-022e-444b-a472-b42f238e776c close command to datanode c7c2d1d0-24bf-4086-b8ac-f9c9c7e07f42
2020-12-26 01:58:14,344 [EventQueue-DeadNodeForDeadNodeHandler] INFO  pipeline.PipelineStateManager (PipelineStateManager.java:removePipeline(106)) - Pipeline Pipeline[ Id: 7d123b2d-022e-444b-a472-b42f238e776c, Nodes: c7c2d1d0-24bf-4086-b8ac-f9c9c7e07f42{ip: 172.17.0.2, host: 140068b710f1, networkLocation: /default-rack, certSerialId: null, persistedOpState: IN_SERVICE, persistedOpStateExpiryEpochSec: 0}, Type:RATIS, Factor:ONE, State:CLOSED, leaderId:c7c2d1d0-24bf-4086-b8ac-f9c9c7e07f42, CreationTimestamp2020-12-26T01:57:24.483Z] removed from db
2020-12-26 01:58:14,344 [RatisPipelineUtilsThread] WARN  pipeline.PipelinePlacementPolicy (PipelinePlacementPolicy.java:filterViableNodes(139)) - Pipeline creation failed due to no sufficient healthy datanodes. Required 3. Found 0.
2020-12-26 01:58:19,350 [EventQueue-DeadNodeForDeadNodeHandler] INFO  node.DeadNodeHandler (DeadNodeHandler.java:onMessage(77)) - A dead datanode is detected. 43af3075-460a-422d-a924-90885968f40d{ip: 172.17.0.2, host: 140068b710f1, networkLocation: /default-rack, certSerialId: null, persistedOpState: IN_SERVICE, persistedOpStateExpiryEpochSec: 0}
2020-12-26 01:58:19,350 [EventQueue-DeadNodeForDeadNodeHandler] INFO  pipeline.SCMPipelineManager (SCMPipelineManager.java:finalizeAndDestroyPipeline(482)) - Destroying pipeline:Pipeline[ Id: 776186a9-b666-4a88-b910-3a59af69ed3c, Nodes: 43af3075-460a-422d-a924-90885968f40d{ip: 172.17.0.2, host: 140068b710f1, networkLocation: /default-rack, certSerialId: null, persistedOpState: IN_SERVICE, persistedOpStateExpiryEpochSec: 0}, Type:RATIS, Factor:ONE, State:CLOSED, leaderId:43af3075-460a-422d-a924-90885968f40d, CreationTimestamp2020-12-26T01:57:25.497Z]
2020-12-26 01:58:19,351 [EventQueue-DeadNodeForDeadNodeHandler] INFO  pipeline.RatisPipelineProvider (RatisPipelineProvider.java:lambda$close$1(199)) - Send pipeline:PipelineID=776186a9-b666-4a88-b910-3a59af69ed3c close command to datanode 43af3075-460a-422d-a924-90885968f40d
2020-12-26 01:58:19,351 [EventQueue-DeadNodeForDeadNodeHandler] INFO  pipeline.PipelineStateManager (PipelineStateManager.java:removePipeline(106)) - Pipeline Pipeline[ Id: 776186a9-b666-4a88-b910-3a59af69ed3c, Nodes: 43af3075-460a-422d-a924-90885968f40d{ip: 172.17.0.2, host: 140068b710f1, networkLocation: /default-rack, certSerialId: null, persistedOpState: IN_SERVICE, persistedOpStateExpiryEpochSec: 0}, Type:RATIS, Factor:ONE, State:CLOSED, leaderId:43af3075-460a-422d-a924-90885968f40d, CreationTimestamp2020-12-26T01:57:25.497Z] removed from db
2020-12-26 01:58:19,351 [RatisPipelineUtilsThread] WARN  pipeline.PipelinePlacementPolicy (PipelinePlacementPolicy.java:filterViableNodes(139)) - Pipeline creation failed due to no sufficient healthy datanodes. Required 3. Found 0.
2020-12-26 01:58:24,358 [EventQueue-DeadNodeForDeadNodeHandler] INFO  node.DeadNodeHandler (DeadNodeHandler.java:onMessage(77)) - A dead datanode is detected. 73c99ad5-410f-4ffb-8408-ddbdb29ea4d0{ip: 172.17.0.2, host: 140068b710f1, networkLocation: /default-rack, certSerialId: null, persistedOpState: IN_SERVICE, persistedOpStateExpiryEpochSec: 0}
2020-12-26 01:58:24,359 [EventQueue-DeadNodeForDeadNodeHandler] INFO  pipeline.SCMPipelineManager (SCMPipelineManager.java:finalizeAndDestroyPipeline(482)) - Destroying pipeline:Pipeline[ Id: 26cb6a70-665f-4bfd-982c-dbcf2475e781, Nodes: 73c99ad5-410f-4ffb-8408-ddbdb29ea4d0{ip: 172.17.0.2, host: 140068b710f1, networkLocation: /default-rack, certSerialId: null, persistedOpState: IN_SERVICE, persistedOpStateExpiryEpochSec: 0}, Type:RATIS, Factor:ONE, State:CLOSED, leaderId:73c99ad5-410f-4ffb-8408-ddbdb29ea4d0, CreationTimestamp2020-12-26T01:57:25.112Z]
2020-12-26 01:58:24,359 [EventQueue-DeadNodeForDeadNodeHandler] INFO  pipeline.RatisPipelineProvider (RatisPipelineProvider.java:lambda$close$1(199)) - Send pipeline:PipelineID=26cb6a70-665f-4bfd-982c-dbcf2475e781 close command to datanode 73c99ad5-410f-4ffb-8408-ddbdb29ea4d0
2020-12-26 01:58:24,359 [EventQueue-DeadNodeForDeadNodeHandler] INFO  pipeline.PipelineStateManager (PipelineStateManager.java:removePipeline(106)) - Pipeline Pipeline[ Id: 26cb6a70-665f-4bfd-982c-dbcf2475e781, Nodes: 73c99ad5-410f-4ffb-8408-ddbdb29ea4d0{ip: 172.17.0.2, host: 140068b710f1, networkLocation: /default-rack, certSerialId: null, persistedOpState: IN_SERVICE, persistedOpStateExpiryEpochSec: 0}, Type:RATIS, Factor:ONE, State:CLOSED, leaderId:73c99ad5-410f-4ffb-8408-ddbdb29ea4d0, CreationTimestamp2020-12-26T01:57:25.112Z] removed from db
2020-12-26 01:58:24,360 [RatisPipelineUtilsThread] WARN  pipeline.PipelinePlacementPolicy (PipelinePlacementPolicy.java:filterViableNodes(139)) - Pipeline creation failed due to no sufficient healthy datanodes. Required 3. Found 0.
2020-12-26 01:58:48,941 [RatisPipelineUtilsThread] INFO  pipeline.RatisPipelineProvider (RatisPipelineProvider.java:lambda$close$1(199)) - Send pipeline:PipelineID=531cb22c-be6d-463e-b99c-be28a4447053 close command to datanode 03a4ab30-7c3b-428c-926c-31d823ed78af
2020-12-26 01:58:48,941 [RatisPipelineUtilsThread] INFO  pipeline.RatisPipelineProvider (RatisPipelineProvider.java:lambda$close$1(199)) - Send pipeline:PipelineID=531cb22c-be6d-463e-b99c-be28a4447053 close command to datanode c7c2d1d0-24bf-4086-b8ac-f9c9c7e07f42
2020-12-26 01:58:48,941 [RatisPipelineUtilsThread] INFO  pipeline.RatisPipelineProvider (RatisPipelineProvider.java:lambda$close$1(199)) - Send pipeline:PipelineID=531cb22c-be6d-463e-b99c-be28a4447053 close command to datanode a9229adb-278c-43ef-9666-e3cbf980c0ea
2020-12-26 01:58:48,942 [RatisPipelineUtilsThread] ERROR pipeline.SCMPipelineManager (Scheduler.java:lambda$schedule$1(72)) - Destroy pipeline failed for pipeline:Pipeline[ Id: 531cb22c-be6d-463e-b99c-be28a4447053, Nodes: 03a4ab30-7c3b-428c-926c-31d823ed78af{ip: 172.17.0.2, host: 140068b710f1, networkLocation: /default-rack, certSerialId: null, persistedOpState: IN_SERVICE, persistedOpStateExpiryEpochSec: 0}c7c2d1d0-24bf-4086-b8ac-f9c9c7e07f42{ip: 172.17.0.2, host: 140068b710f1, networkLocation: /default-rack, certSerialId: null, persistedOpState: IN_SERVICE, persistedOpStateExpiryEpochSec: 0}a9229adb-278c-43ef-9666-e3cbf980c0ea{ip: 172.17.0.2, host: 140068b710f1, networkLocation: /default-rack, certSerialId: null, persistedOpState: IN_SERVICE, persistedOpStateExpiryEpochSec: 0}, Type:RATIS, Factor:THREE, State:OPEN, leaderId:03a4ab30-7c3b-428c-926c-31d823ed78af, CreationTimestamp2020-12-26T01:57:24.879Z]
org.apache.hadoop.hdds.scm.pipeline.PipelineNotFoundException: PipelineID=531cb22c-be6d-463e-b99c-be28a4447053 not found
	at org.apache.hadoop.hdds.scm.pipeline.PipelineStateMap.getPipeline(PipelineStateMap.java:131)
	at org.apache.hadoop.hdds.scm.pipeline.PipelineStateMap.removePipeline(PipelineStateMap.java:343)
	at org.apache.hadoop.hdds.scm.pipeline.PipelineStateManager.removePipeline(PipelineStateManager.java:105)
	at org.apache.hadoop.hdds.scm.pipeline.SCMPipelineManager.removePipeline(SCMPipelineManager.java:670)
	at org.apache.hadoop.hdds.scm.pipeline.SCMPipelineManager.destroyPipeline(SCMPipelineManager.java:655)
	at org.apache.hadoop.hdds.scm.pipeline.SCMPipelineManager.lambda$finalizeAndDestroyPipeline$0(SCMPipelineManager.java:489)
	at org.apache.hadoop.hdds.utils.Scheduler.lambda$schedule$1(Scheduler.java:70)
	at java.util.concurrent.Executors$RunnableAdapter.call(Executors.java:511)
	at java.util.concurrent.FutureTask.run(FutureTask.java:266)
	at java.util.concurrent.ScheduledThreadPoolExecutor$ScheduledFutureTask.access$201(ScheduledThreadPoolExecutor.java:180)
	at java.util.concurrent.ScheduledThreadPoolExecutor$ScheduledFutureTask.run(ScheduledThreadPoolExecutor.java:293)
	at java.util.concurrent.ThreadPoolExecutor.runWorker(ThreadPoolExecutor.java:1149)
	at java.util.concurrent.ThreadPoolExecutor$Worker.run(ThreadPoolExecutor.java:624)
	at java.lang.Thread.run(Thread.java:748)
2020-12-26 01:58:48,942 [RatisPipelineUtilsThread] INFO  pipeline.RatisPipelineProvider (RatisPipelineProvider.java:lambda$close$1(199)) - Send pipeline:PipelineID=4b3ce42e-715f-4136-a2ae-cbccc18211c1 close command to datanode 03a4ab30-7c3b-428c-926c-31d823ed78af
2020-12-26 01:58:48,942 [RatisPipelineUtilsThread] INFO  pipeline.RatisPipelineProvider (RatisPipelineProvider.java:lambda$close$1(199)) - Send pipeline:PipelineID=4b3ce42e-715f-4136-a2ae-cbccc18211c1 close command to datanode c7c2d1d0-24bf-4086-b8ac-f9c9c7e07f42
2020-12-26 01:58:48,942 [RatisPipelineUtilsThread] INFO  pipeline.RatisPipelineProvider (RatisPipelineProvider.java:lambda$close$1(199)) - Send pipeline:PipelineID=4b3ce42e-715f-4136-a2ae-cbccc18211c1 close command to datanode a9229adb-278c-43ef-9666-e3cbf980c0ea
2020-12-26 01:58:48,942 [RatisPipelineUtilsThread] ERROR pipeline.SCMPipelineManager (Scheduler.java:lambda$schedule$1(72)) - Destroy pipeline failed for pipeline:Pipeline[ Id: 4b3ce42e-715f-4136-a2ae-cbccc18211c1, Nodes: 03a4ab30-7c3b-428c-926c-31d823ed78af{ip: 172.17.0.2, host: 140068b710f1, networkLocation: /default-rack, certSerialId: null, persistedOpState: IN_SERVICE, persistedOpStateExpiryEpochSec: 0}c7c2d1d0-24bf-4086-b8ac-f9c9c7e07f42{ip: 172.17.0.2, host: 140068b710f1, networkLocation: /default-rack, certSerialId: null, persistedOpState: IN_SERVICE, persistedOpStateExpiryEpochSec: 0}a9229adb-278c-43ef-9666-e3cbf980c0ea{ip: 172.17.0.2, host: 140068b710f1, networkLocation: /default-rack, certSerialId: null, persistedOpState: IN_SERVICE, persistedOpStateExpiryEpochSec: 0}, Type:RATIS, Factor:THREE, State:OPEN, leaderId:03a4ab30-7c3b-428c-926c-31d823ed78af, CreationTimestamp2020-12-26T01:57:24.881Z]
org.apache.hadoop.hdds.scm.pipeline.PipelineNotFoundException: PipelineID=4b3ce42e-715f-4136-a2ae-cbccc18211c1 not found
	at org.apache.hadoop.hdds.scm.pipeline.PipelineStateMap.getPipeline(PipelineStateMap.java:131)
	at org.apache.hadoop.hdds.scm.pipeline.PipelineStateMap.removePipeline(PipelineStateMap.java:343)
	at org.apache.hadoop.hdds.scm.pipeline.PipelineStateManager.removePipeline(PipelineStateManager.java:105)
	at org.apache.hadoop.hdds.scm.pipeline.SCMPipelineManager.removePipeline(SCMPipelineManager.java:670)
	at org.apache.hadoop.hdds.scm.pipeline.SCMPipelineManager.destroyPipeline(SCMPipelineManager.java:655)
	at org.apache.hadoop.hdds.scm.pipeline.SCMPipelineManager.lambda$finalizeAndDestroyPipeline$0(SCMPipelineManager.java:489)
	at org.apache.hadoop.hdds.utils.Scheduler.lambda$schedule$1(Scheduler.java:70)
	at java.util.concurrent.Executors$RunnableAdapter.call(Executors.java:511)
	at java.util.concurrent.FutureTask.run(FutureTask.java:266)
	at java.util.concurrent.ScheduledThreadPoolExecutor$ScheduledFutureTask.access$201(ScheduledThreadPoolExecutor.java:180)
	at java.util.concurrent.ScheduledThreadPoolExecutor$ScheduledFutureTask.run(ScheduledThreadPoolExecutor.java:293)
	at java.util.concurrent.ThreadPoolExecutor.runWorker(ThreadPoolExecutor.java:1149)
	at java.util.concurrent.ThreadPoolExecutor$Worker.run(ThreadPoolExecutor.java:624)
	at java.lang.Thread.run(Thread.java:748)
2020-12-26 01:58:48,942 [RatisPipelineUtilsThread] INFO  pipeline.RatisPipelineProvider (RatisPipelineProvider.java:lambda$close$1(199)) - Send pipeline:PipelineID=0dbac3b6-6176-4237-9183-c86e59087e83 close command to datanode 03a4ab30-7c3b-428c-926c-31d823ed78af
2020-12-26 01:58:48,942 [RatisPipelineUtilsThread] ERROR pipeline.SCMPipelineManager (Scheduler.java:lambda$schedule$1(72)) - Destroy pipeline failed for pipeline:Pipeline[ Id: 0dbac3b6-6176-4237-9183-c86e59087e83, Nodes: 03a4ab30-7c3b-428c-926c-31d823ed78af{ip: 172.17.0.2, host: 140068b710f1, networkLocation: /default-rack, certSerialId: null, persistedOpState: IN_SERVICE, persistedOpStateExpiryEpochSec: 0}, Type:RATIS, Factor:ONE, State:OPEN, leaderId:03a4ab30-7c3b-428c-926c-31d823ed78af, CreationTimestamp2020-12-26T01:57:24.878Z]
org.apache.hadoop.hdds.scm.pipeline.PipelineNotFoundException: PipelineID=0dbac3b6-6176-4237-9183-c86e59087e83 not found
	at org.apache.hadoop.hdds.scm.pipeline.PipelineStateMap.getPipeline(PipelineStateMap.java:131)
	at org.apache.hadoop.hdds.scm.pipeline.PipelineStateMap.removePipeline(PipelineStateMap.java:343)
	at org.apache.hadoop.hdds.scm.pipeline.PipelineStateManager.removePipeline(PipelineStateManager.java:105)
	at org.apache.hadoop.hdds.scm.pipeline.SCMPipelineManager.removePipeline(SCMPipelineManager.java:670)
	at org.apache.hadoop.hdds.scm.pipeline.SCMPipelineManager.destroyPipeline(SCMPipelineManager.java:655)
	at org.apache.hadoop.hdds.scm.pipeline.SCMPipelineManager.lambda$finalizeAndDestroyPipeline$0(SCMPipelineManager.java:489)
	at org.apache.hadoop.hdds.utils.Scheduler.lambda$schedule$1(Scheduler.java:70)
	at java.util.concurrent.Executors$RunnableAdapter.call(Executors.java:511)
	at java.util.concurrent.FutureTask.run(FutureTask.java:266)
	at java.util.concurrent.ScheduledThreadPoolExecutor$ScheduledFutureTask.access$201(ScheduledThreadPoolExecutor.java:180)
	at java.util.concurrent.ScheduledThreadPoolExecutor$ScheduledFutureTask.run(ScheduledThreadPoolExecutor.java:293)
	at java.util.concurrent.ThreadPoolExecutor.runWorker(ThreadPoolExecutor.java:1149)
	at java.util.concurrent.ThreadPoolExecutor$Worker.run(ThreadPoolExecutor.java:624)
	at java.lang.Thread.run(Thread.java:748)
2020-12-26 01:59:04,921 [RatisPipelineUtilsThread] INFO  pipeline.RatisPipelineProvider (RatisPipelineProvider.java:lambda$close$1(199)) - Send pipeline:PipelineID=573e7393-093f-4e60-978a-cfb692a00539 close command to datanode 16d33d7f-de85-4153-a986-8f085dcb09ff
2020-12-26 01:59:04,921 [RatisPipelineUtilsThread] INFO  pipeline.RatisPipelineProvider (RatisPipelineProvider.java:lambda$close$1(199)) - Send pipeline:PipelineID=573e7393-093f-4e60-978a-cfb692a00539 close command to datanode c7c2d1d0-24bf-4086-b8ac-f9c9c7e07f42
2020-12-26 01:59:04,921 [RatisPipelineUtilsThread] INFO  pipeline.RatisPipelineProvider (RatisPipelineProvider.java:lambda$close$1(199)) - Send pipeline:PipelineID=573e7393-093f-4e60-978a-cfb692a00539 close command to datanode a9229adb-278c-43ef-9666-e3cbf980c0ea
2020-12-26 01:59:04,921 [RatisPipelineUtilsThread] ERROR pipeline.SCMPipelineManager (Scheduler.java:lambda$schedule$1(72)) - Destroy pipeline failed for pipeline:Pipeline[ Id: 573e7393-093f-4e60-978a-cfb692a00539, Nodes: 16d33d7f-de85-4153-a986-8f085dcb09ff{ip: 172.17.0.2, host: 140068b710f1, networkLocation: /default-rack, certSerialId: null, persistedOpState: IN_SERVICE, persistedOpStateExpiryEpochSec: 0}c7c2d1d0-24bf-4086-b8ac-f9c9c7e07f42{ip: 172.17.0.2, host: 140068b710f1, networkLocation: /default-rack, certSerialId: null, persistedOpState: IN_SERVICE, persistedOpStateExpiryEpochSec: 0}a9229adb-278c-43ef-9666-e3cbf980c0ea{ip: 172.17.0.2, host: 140068b710f1, networkLocation: /default-rack, certSerialId: null, persistedOpState: IN_SERVICE, persistedOpStateExpiryEpochSec: 0}, Type:RATIS, Factor:THREE, State:ALLOCATED, leaderId:, CreationTimestamp2020-12-26T01:57:52.948Z]
org.apache.hadoop.hdds.scm.pipeline.PipelineNotFoundException: PipelineID=573e7393-093f-4e60-978a-cfb692a00539 not found
	at org.apache.hadoop.hdds.scm.pipeline.PipelineStateMap.getPipeline(PipelineStateMap.java:131)
	at org.apache.hadoop.hdds.scm.pipeline.PipelineStateMap.removePipeline(PipelineStateMap.java:343)
	at org.apache.hadoop.hdds.scm.pipeline.PipelineStateManager.removePipeline(PipelineStateManager.java:105)
	at org.apache.hadoop.hdds.scm.pipeline.SCMPipelineManager.removePipeline(SCMPipelineManager.java:670)
	at org.apache.hadoop.hdds.scm.pipeline.SCMPipelineManager.destroyPipeline(SCMPipelineManager.java:655)
	at org.apache.hadoop.hdds.scm.pipeline.SCMPipelineManager.lambda$finalizeAndDestroyPipeline$0(SCMPipelineManager.java:489)
	at org.apache.hadoop.hdds.utils.Scheduler.lambda$schedule$1(Scheduler.java:70)
	at java.util.concurrent.Executors$RunnableAdapter.call(Executors.java:511)
	at java.util.concurrent.FutureTask.run(FutureTask.java:266)
	at java.util.concurrent.ScheduledThreadPoolExecutor$ScheduledFutureTask.access$201(ScheduledThreadPoolExecutor.java:180)
	at java.util.concurrent.ScheduledThreadPoolExecutor$ScheduledFutureTask.run(ScheduledThreadPoolExecutor.java:293)
	at java.util.concurrent.ThreadPoolExecutor.runWorker(ThreadPoolExecutor.java:1149)
	at java.util.concurrent.ThreadPoolExecutor$Worker.run(ThreadPoolExecutor.java:624)
	at java.lang.Thread.run(Thread.java:748)
2020-12-26 01:59:04,921 [RatisPipelineUtilsThread] INFO  pipeline.RatisPipelineProvider (RatisPipelineProvider.java:lambda$close$1(199)) - Send pipeline:PipelineID=24ef1db4-029e-490d-b15c-a4c42016f79f close command to datanode a9229adb-278c-43ef-9666-e3cbf980c0ea
2020-12-26 01:59:04,922 [RatisPipelineUtilsThread] ERROR pipeline.SCMPipelineManager (Scheduler.java:lambda$schedule$1(72)) - Destroy pipeline failed for pipeline:Pipeline[ Id: 24ef1db4-029e-490d-b15c-a4c42016f79f, Nodes: a9229adb-278c-43ef-9666-e3cbf980c0ea{ip: 172.17.0.2, host: 140068b710f1, networkLocation: /default-rack, certSerialId: null, persistedOpState: IN_SERVICE, persistedOpStateExpiryEpochSec: 0}, Type:RATIS, Factor:ONE, State:OPEN, leaderId:a9229adb-278c-43ef-9666-e3cbf980c0ea, CreationTimestamp2020-12-26T01:57:24.677Z]
org.apache.hadoop.hdds.scm.pipeline.PipelineNotFoundException: PipelineID=24ef1db4-029e-490d-b15c-a4c42016f79f not found
	at org.apache.hadoop.hdds.scm.pipeline.PipelineStateMap.getPipeline(PipelineStateMap.java:131)
	at org.apache.hadoop.hdds.scm.pipeline.PipelineStateMap.removePipeline(PipelineStateMap.java:343)
	at org.apache.hadoop.hdds.scm.pipeline.PipelineStateManager.removePipeline(PipelineStateManager.java:105)
	at org.apache.hadoop.hdds.scm.pipeline.SCMPipelineManager.removePipeline(SCMPipelineManager.java:670)
	at org.apache.hadoop.hdds.scm.pipeline.SCMPipelineManager.destroyPipeline(SCMPipelineManager.java:655)
	at org.apache.hadoop.hdds.scm.pipeline.SCMPipelineManager.lambda$finalizeAndDestroyPipeline$0(SCMPipelineManager.java:489)
	at org.apache.hadoop.hdds.utils.Scheduler.lambda$schedule$1(Scheduler.java:70)
	at java.util.concurrent.Executors$RunnableAdapter.call(Executors.java:511)
	at java.util.concurrent.FutureTask.run(FutureTask.java:266)
	at java.util.concurrent.ScheduledThreadPoolExecutor$ScheduledFutureTask.access$201(ScheduledThreadPoolExecutor.java:180)
	at java.util.concurrent.ScheduledThreadPoolExecutor$ScheduledFutureTask.run(ScheduledThreadPoolExecutor.java:293)
	at java.util.concurrent.ThreadPoolExecutor.runWorker(ThreadPoolExecutor.java:1149)
	at java.util.concurrent.ThreadPoolExecutor$Worker.run(ThreadPoolExecutor.java:624)
	at java.lang.Thread.run(Thread.java:748)
2020-12-26 01:59:04,922 [RatisPipelineUtilsThread] INFO  pipeline.RatisPipelineProvider (RatisPipelineProvider.java:lambda$close$1(199)) - Send pipeline:PipelineID=76484d9c-c345-4865-b768-6696eb7b60af close command to datanode 16d33d7f-de85-4153-a986-8f085dcb09ff
2020-12-26 01:59:04,922 [RatisPipelineUtilsThread] INFO  pipeline.RatisPipelineProvider (RatisPipelineProvider.java:lambda$close$1(199)) - Send pipeline:PipelineID=76484d9c-c345-4865-b768-6696eb7b60af close command to datanode c7c2d1d0-24bf-4086-b8ac-f9c9c7e07f42
2020-12-26 01:59:04,922 [RatisPipelineUtilsThread] INFO  pipeline.RatisPipelineProvider (RatisPipelineProvider.java:lambda$close$1(199)) - Send pipeline:PipelineID=76484d9c-c345-4865-b768-6696eb7b60af close command to datanode a9229adb-278c-43ef-9666-e3cbf980c0ea
2020-12-26 01:59:04,922 [RatisPipelineUtilsThread] ERROR pipeline.SCMPipelineManager (Scheduler.java:lambda$schedule$1(72)) - Destroy pipeline failed for pipeline:Pipeline[ Id: 76484d9c-c345-4865-b768-6696eb7b60af, Nodes: 16d33d7f-de85-4153-a986-8f085dcb09ff{ip: 172.17.0.2, host: 140068b710f1, networkLocation: /default-rack, certSerialId: null, persistedOpState: IN_SERVICE, persistedOpStateExpiryEpochSec: 0}c7c2d1d0-24bf-4086-b8ac-f9c9c7e07f42{ip: 172.17.0.2, host: 140068b710f1, networkLocation: /default-rack, certSerialId: null, persistedOpState: IN_SERVICE, persistedOpStateExpiryEpochSec: 0}a9229adb-278c-43ef-9666-e3cbf980c0ea{ip: 172.17.0.2, host: 140068b710f1, networkLocation: /default-rack, certSerialId: null, persistedOpState: IN_SERVICE, persistedOpStateExpiryEpochSec: 0}, Type:RATIS, Factor:THREE, State:ALLOCATED, leaderId:, CreationTimestamp2020-12-26T01:57:52.948Z]
org.apache.hadoop.hdds.scm.pipeline.PipelineNotFoundException: PipelineID=76484d9c-c345-4865-b768-6696eb7b60af not found
	at org.apache.hadoop.hdds.scm.pipeline.PipelineStateMap.getPipeline(PipelineStateMap.java:131)
	at org.apache.hadoop.hdds.scm.pipeline.PipelineStateMap.removePipeline(PipelineStateMap.java:343)
	at org.apache.hadoop.hdds.scm.pipeline.PipelineStateManager.removePipeline(PipelineStateManager.java:105)
	at org.apache.hadoop.hdds.scm.pipeline.SCMPipelineManager.removePipeline(SCMPipelineManager.java:670)
	at org.apache.hadoop.hdds.scm.pipeline.SCMPipelineManager.destroyPipeline(SCMPipelineManager.java:655)
	at org.apache.hadoop.hdds.scm.pipeline.SCMPipelineManager.lambda$finalizeAndDestroyPipeline$0(SCMPipelineManager.java:489)
	at org.apache.hadoop.hdds.utils.Scheduler.lambda$schedule$1(Scheduler.java:70)
	at java.util.concurrent.Executors$RunnableAdapter.call(Executors.java:511)
	at java.util.concurrent.FutureTask.run(FutureTask.java:266)
	at java.util.concurrent.ScheduledThreadPoolExecutor$ScheduledFutureTask.access$201(ScheduledThreadPoolExecutor.java:180)
	at java.util.concurrent.ScheduledThreadPoolExecutor$ScheduledFutureTask.run(ScheduledThreadPoolExecutor.java:293)
	at java.util.concurrent.ThreadPoolExecutor.runWorker(ThreadPoolExecutor.java:1149)
	at java.util.concurrent.ThreadPoolExecutor$Worker.run(ThreadPoolExecutor.java:624)
	at java.lang.Thread.run(Thread.java:748)
2020-12-26 01:59:05,321 [RatisPipelineUtilsThread] INFO  pipeline.RatisPipelineProvider (RatisPipelineProvider.java:lambda$close$1(199)) - Send pipeline:PipelineID=5d650413-b041-4683-8cab-99f8a9162041 close command to datanode 73c99ad5-410f-4ffb-8408-ddbdb29ea4d0
2020-12-26 01:59:05,322 [RatisPipelineUtilsThread] INFO  pipeline.RatisPipelineProvider (RatisPipelineProvider.java:lambda$close$1(199)) - Send pipeline:PipelineID=5d650413-b041-4683-8cab-99f8a9162041 close command to datanode 43af3075-460a-422d-a924-90885968f40d
2020-12-26 01:59:05,322 [RatisPipelineUtilsThread] INFO  pipeline.RatisPipelineProvider (RatisPipelineProvider.java:lambda$close$1(199)) - Send pipeline:PipelineID=5d650413-b041-4683-8cab-99f8a9162041 close command to datanode 8e16b57b-a520-4ff3-ab9c-70e7128aded3
2020-12-26 01:59:05,322 [RatisPipelineUtilsThread] ERROR pipeline.SCMPipelineManager (Scheduler.java:lambda$schedule$1(72)) - Destroy pipeline failed for pipeline:Pipeline[ Id: 5d650413-b041-4683-8cab-99f8a9162041, Nodes: 73c99ad5-410f-4ffb-8408-ddbdb29ea4d0{ip: 172.17.0.2, host: 140068b710f1, networkLocation: /default-rack, certSerialId: null, persistedOpState: IN_SERVICE, persistedOpStateExpiryEpochSec: 0}43af3075-460a-422d-a924-90885968f40d{ip: 172.17.0.2, host: 140068b710f1, networkLocation: /default-rack, certSerialId: null, persistedOpState: IN_SERVICE, persistedOpStateExpiryEpochSec: 0}8e16b57b-a520-4ff3-ab9c-70e7128aded3{ip: 172.17.0.2, host: 140068b710f1, networkLocation: /default-rack, certSerialId: null, persistedOpState: IN_SERVICE, persistedOpStateExpiryEpochSec: 0}, Type:RATIS, Factor:THREE, State:OPEN, leaderId:73c99ad5-410f-4ffb-8408-ddbdb29ea4d0, CreationTimestamp2020-12-26T01:57:25.497Z]
org.apache.hadoop.hdds.scm.pipeline.PipelineNotFoundException: PipelineID=5d650413-b041-4683-8cab-99f8a9162041 not found
	at org.apache.hadoop.hdds.scm.pipeline.PipelineStateMap.getPipeline(PipelineStateMap.java:131)
	at org.apache.hadoop.hdds.scm.pipeline.PipelineStateMap.removePipeline(PipelineStateMap.java:343)
	at org.apache.hadoop.hdds.scm.pipeline.PipelineStateManager.removePipeline(PipelineStateManager.java:105)
	at org.apache.hadoop.hdds.scm.pipeline.SCMPipelineManager.removePipeline(SCMPipelineManager.java:670)
	at org.apache.hadoop.hdds.scm.pipeline.SCMPipelineManager.destroyPipeline(SCMPipelineManager.java:655)
	at org.apache.hadoop.hdds.scm.pipeline.SCMPipelineManager.lambda$finalizeAndDestroyPipeline$0(SCMPipelineManager.java:489)
	at org.apache.hadoop.hdds.utils.Scheduler.lambda$schedule$1(Scheduler.java:70)
	at java.util.concurrent.Executors$RunnableAdapter.call(Executors.java:511)
	at java.util.concurrent.FutureTask.run(FutureTask.java:266)
	at java.util.concurrent.ScheduledThreadPoolExecutor$ScheduledFutureTask.access$201(ScheduledThreadPoolExecutor.java:180)
	at java.util.concurrent.ScheduledThreadPoolExecutor$ScheduledFutureTask.run(ScheduledThreadPoolExecutor.java:293)
	at java.util.concurrent.ThreadPoolExecutor.runWorker(ThreadPoolExecutor.java:1149)
	at java.util.concurrent.ThreadPoolExecutor$Worker.run(ThreadPoolExecutor.java:624)
	at java.lang.Thread.run(Thread.java:748)
2020-12-26 01:59:05,322 [RatisPipelineUtilsThread] INFO  pipeline.RatisPipelineProvider (RatisPipelineProvider.java:lambda$close$1(199)) - Send pipeline:PipelineID=3ec49c11-b3df-4246-874d-49e6829a44b8 close command to datanode 73c99ad5-410f-4ffb-8408-ddbdb29ea4d0
2020-12-26 01:59:05,322 [RatisPipelineUtilsThread] INFO  pipeline.RatisPipelineProvider (RatisPipelineProvider.java:lambda$close$1(199)) - Send pipeline:PipelineID=3ec49c11-b3df-4246-874d-49e6829a44b8 close command to datanode 43af3075-460a-422d-a924-90885968f40d
2020-12-26 01:59:05,322 [RatisPipelineUtilsThread] INFO  pipeline.RatisPipelineProvider (RatisPipelineProvider.java:lambda$close$1(199)) - Send pipeline:PipelineID=3ec49c11-b3df-4246-874d-49e6829a44b8 close command to datanode 8e16b57b-a520-4ff3-ab9c-70e7128aded3
2020-12-26 01:59:05,323 [RatisPipelineUtilsThread] ERROR pipeline.SCMPipelineManager (Scheduler.java:lambda$schedule$1(72)) - Destroy pipeline failed for pipeline:Pipeline[ Id: 3ec49c11-b3df-4246-874d-49e6829a44b8, Nodes: 73c99ad5-410f-4ffb-8408-ddbdb29ea4d0{ip: 172.17.0.2, host: 140068b710f1, networkLocation: /default-rack, certSerialId: null, persistedOpState: IN_SERVICE, persistedOpStateExpiryEpochSec: 0}43af3075-460a-422d-a924-90885968f40d{ip: 172.17.0.2, host: 140068b710f1, networkLocation: /default-rack, certSerialId: null, persistedOpState: IN_SERVICE, persistedOpStateExpiryEpochSec: 0}8e16b57b-a520-4ff3-ab9c-70e7128aded3{ip: 172.17.0.2, host: 140068b710f1, networkLocation: /default-rack, certSerialId: null, persistedOpState: IN_SERVICE, persistedOpStateExpiryEpochSec: 0}, Type:RATIS, Factor:THREE, State:OPEN, leaderId:73c99ad5-410f-4ffb-8408-ddbdb29ea4d0, CreationTimestamp2020-12-26T01:57:25.498Z]
org.apache.hadoop.hdds.scm.pipeline.PipelineNotFoundException: PipelineID=3ec49c11-b3df-4246-874d-49e6829a44b8 not found
	at org.apache.hadoop.hdds.scm.pipeline.PipelineStateMap.getPipeline(PipelineStateMap.java:131)
	at org.apache.hadoop.hdds.scm.pipeline.PipelineStateMap.removePipeline(PipelineStateMap.java:343)
	at org.apache.hadoop.hdds.scm.pipeline.PipelineStateManager.removePipeline(PipelineStateManager.java:105)
	at org.apache.hadoop.hdds.scm.pipeline.SCMPipelineManager.removePipeline(SCMPipelineManager.java:670)
	at org.apache.hadoop.hdds.scm.pipeline.SCMPipelineManager.destroyPipeline(SCMPipelineManager.java:655)
	at org.apache.hadoop.hdds.scm.pipeline.SCMPipelineManager.lambda$finalizeAndDestroyPipeline$0(SCMPipelineManager.java:489)
	at org.apache.hadoop.hdds.utils.Scheduler.lambda$schedule$1(Scheduler.java:70)
	at java.util.concurrent.Executors$RunnableAdapter.call(Executors.java:511)
	at java.util.concurrent.FutureTask.run(FutureTask.java:266)
	at java.util.concurrent.ScheduledThreadPoolExecutor$ScheduledFutureTask.access$201(ScheduledThreadPoolExecutor.java:180)
	at java.util.concurrent.ScheduledThreadPoolExecutor$ScheduledFutureTask.run(ScheduledThreadPoolExecutor.java:293)
	at java.util.concurrent.ThreadPoolExecutor.runWorker(ThreadPoolExecutor.java:1149)
	at java.util.concurrent.ThreadPoolExecutor$Worker.run(ThreadPoolExecutor.java:624)
	at java.lang.Thread.run(Thread.java:748)
2020-12-26 01:59:05,323 [RatisPipelineUtilsThread] INFO  pipeline.RatisPipelineProvider (RatisPipelineProvider.java:lambda$close$1(199)) - Send pipeline:PipelineID=a9cf9c82-e9d9-4410-9875-0691fef5e878 close command to datanode 8e16b57b-a520-4ff3-ab9c-70e7128aded3
2020-12-26 01:59:05,323 [RatisPipelineUtilsThread] ERROR pipeline.SCMPipelineManager (Scheduler.java:lambda$schedule$1(72)) - Destroy pipeline failed for pipeline:Pipeline[ Id: a9cf9c82-e9d9-4410-9875-0691fef5e878, Nodes: 8e16b57b-a520-4ff3-ab9c-70e7128aded3{ip: 172.17.0.2, host: 140068b710f1, networkLocation: /default-rack, certSerialId: null, persistedOpState: IN_SERVICE, persistedOpStateExpiryEpochSec: 0}, Type:RATIS, Factor:ONE, State:OPEN, leaderId:8e16b57b-a520-4ff3-ab9c-70e7128aded3, CreationTimestamp2020-12-26T01:57:25.294Z]
org.apache.hadoop.hdds.scm.pipeline.PipelineNotFoundException: PipelineID=a9cf9c82-e9d9-4410-9875-0691fef5e878 not found
	at org.apache.hadoop.hdds.scm.pipeline.PipelineStateMap.getPipeline(PipelineStateMap.java:131)
	at org.apache.hadoop.hdds.scm.pipeline.PipelineStateMap.removePipeline(PipelineStateMap.java:343)
	at org.apache.hadoop.hdds.scm.pipeline.PipelineStateManager.removePipeline(PipelineStateManager.java:105)
	at org.apache.hadoop.hdds.scm.pipeline.SCMPipelineManager.removePipeline(SCMPipelineManager.java:670)
	at org.apache.hadoop.hdds.scm.pipeline.SCMPipelineManager.destroyPipeline(SCMPipelineManager.java:655)
	at org.apache.hadoop.hdds.scm.pipeline.SCMPipelineManager.lambda$finalizeAndDestroyPipeline$0(SCMPipelineManager.java:489)
	at org.apache.hadoop.hdds.utils.Scheduler.lambda$schedule$1(Scheduler.java:70)
	at java.util.concurrent.Executors$RunnableAdapter.call(Executors.java:511)
	at java.util.concurrent.FutureTask.run(FutureTask.java:266)
	at java.util.concurrent.ScheduledThreadPoolExecutor$ScheduledFutureTask.access$201(ScheduledThreadPoolExecutor.java:180)
	at java.util.concurrent.ScheduledThreadPoolExecutor$ScheduledFutureTask.run(ScheduledThreadPoolExecutor.java:293)
	at java.util.concurrent.ThreadPoolExecutor.runWorker(ThreadPoolExecutor.java:1149)
	at java.util.concurrent.ThreadPoolExecutor$Worker.run(ThreadPoolExecutor.java:624)
	at java.lang.Thread.run(Thread.java:748)
2020-12-26 01:59:10,328 [RatisPipelineUtilsThread] INFO  pipeline.RatisPipelineProvider (RatisPipelineProvider.java:lambda$close$1(199)) - Send pipeline:PipelineID=aa2f226f-b70b-4fe1-ae63-3939299b193e close command to datanode 16d33d7f-de85-4153-a986-8f085dcb09ff
2020-12-26 01:59:10,329 [RatisPipelineUtilsThread] ERROR pipeline.SCMPipelineManager (Scheduler.java:lambda$schedule$1(72)) - Destroy pipeline failed for pipeline:Pipeline[ Id: aa2f226f-b70b-4fe1-ae63-3939299b193e, Nodes: 16d33d7f-de85-4153-a986-8f085dcb09ff{ip: 172.17.0.2, host: 140068b710f1, networkLocation: /default-rack, certSerialId: null, persistedOpState: IN_SERVICE, persistedOpStateExpiryEpochSec: 0}, Type:RATIS, Factor:ONE, State:OPEN, leaderId:16d33d7f-de85-4153-a986-8f085dcb09ff, CreationTimestamp2020-12-26T01:57:25.697Z]
org.apache.hadoop.hdds.scm.pipeline.PipelineNotFoundException: PipelineID=aa2f226f-b70b-4fe1-ae63-3939299b193e not found
	at org.apache.hadoop.hdds.scm.pipeline.PipelineStateMap.getPipeline(PipelineStateMap.java:131)
	at org.apache.hadoop.hdds.scm.pipeline.PipelineStateMap.removePipeline(PipelineStateMap.java:343)
	at org.apache.hadoop.hdds.scm.pipeline.PipelineStateManager.removePipeline(PipelineStateManager.java:105)
	at org.apache.hadoop.hdds.scm.pipeline.SCMPipelineManager.removePipeline(SCMPipelineManager.java:670)
	at org.apache.hadoop.hdds.scm.pipeline.SCMPipelineManager.destroyPipeline(SCMPipelineManager.java:655)
	at org.apache.hadoop.hdds.scm.pipeline.SCMPipelineManager.lambda$finalizeAndDestroyPipeline$0(SCMPipelineManager.java:489)
	at org.apache.hadoop.hdds.utils.Scheduler.lambda$schedule$1(Scheduler.java:70)
	at java.util.concurrent.Executors$RunnableAdapter.call(Executors.java:511)
	at java.util.concurrent.FutureTask.run(FutureTask.java:266)
	at java.util.concurrent.ScheduledThreadPoolExecutor$ScheduledFutureTask.access$201(ScheduledThreadPoolExecutor.java:180)
	at java.util.concurrent.ScheduledThreadPoolExecutor$ScheduledFutureTask.run(ScheduledThreadPoolExecutor.java:293)
	at java.util.concurrent.ThreadPoolExecutor.runWorker(ThreadPoolExecutor.java:1149)
	at java.util.concurrent.ThreadPoolExecutor$Worker.run(ThreadPoolExecutor.java:624)
	at java.lang.Thread.run(Thread.java:748)
2020-12-26 01:59:10,329 [RatisPipelineUtilsThread] INFO  pipeline.RatisPipelineProvider (RatisPipelineProvider.java:lambda$close$1(199)) - Send pipeline:PipelineID=573e7393-093f-4e60-978a-cfb692a00539 close command to datanode 16d33d7f-de85-4153-a986-8f085dcb09ff
2020-12-26 01:59:10,329 [RatisPipelineUtilsThread] INFO  pipeline.RatisPipelineProvider (RatisPipelineProvider.java:lambda$close$1(199)) - Send pipeline:PipelineID=573e7393-093f-4e60-978a-cfb692a00539 close command to datanode c7c2d1d0-24bf-4086-b8ac-f9c9c7e07f42
2020-12-26 01:59:10,329 [RatisPipelineUtilsThread] INFO  pipeline.RatisPipelineProvider (RatisPipelineProvider.java:lambda$close$1(199)) - Send pipeline:PipelineID=573e7393-093f-4e60-978a-cfb692a00539 close command to datanode a9229adb-278c-43ef-9666-e3cbf980c0ea
2020-12-26 01:59:10,330 [RatisPipelineUtilsThread] ERROR pipeline.SCMPipelineManager (Scheduler.java:lambda$schedule$1(72)) - Destroy pipeline failed for pipeline:Pipeline[ Id: 573e7393-093f-4e60-978a-cfb692a00539, Nodes: 16d33d7f-de85-4153-a986-8f085dcb09ff{ip: 172.17.0.2, host: 140068b710f1, networkLocation: /default-rack, certSerialId: null, persistedOpState: IN_SERVICE, persistedOpStateExpiryEpochSec: 0}c7c2d1d0-24bf-4086-b8ac-f9c9c7e07f42{ip: 172.17.0.2, host: 140068b710f1, networkLocation: /default-rack, certSerialId: null, persistedOpState: IN_SERVICE, persistedOpStateExpiryEpochSec: 0}a9229adb-278c-43ef-9666-e3cbf980c0ea{ip: 172.17.0.2, host: 140068b710f1, networkLocation: /default-rack, certSerialId: null, persistedOpState: IN_SERVICE, persistedOpStateExpiryEpochSec: 0}, Type:RATIS, Factor:THREE, State:CLOSED, leaderId:, CreationTimestamp2020-12-26T01:57:52.948Z]
org.apache.hadoop.hdds.scm.pipeline.PipelineNotFoundException: PipelineID=573e7393-093f-4e60-978a-cfb692a00539 not found
	at org.apache.hadoop.hdds.scm.pipeline.PipelineStateMap.getPipeline(PipelineStateMap.java:131)
	at org.apache.hadoop.hdds.scm.pipeline.PipelineStateMap.removePipeline(PipelineStateMap.java:343)
	at org.apache.hadoop.hdds.scm.pipeline.PipelineStateManager.removePipeline(PipelineStateManager.java:105)
	at org.apache.hadoop.hdds.scm.pipeline.SCMPipelineManager.removePipeline(SCMPipelineManager.java:670)
	at org.apache.hadoop.hdds.scm.pipeline.SCMPipelineManager.destroyPipeline(SCMPipelineManager.java:655)
	at org.apache.hadoop.hdds.scm.pipeline.SCMPipelineManager.lambda$finalizeAndDestroyPipeline$0(SCMPipelineManager.java:489)
	at org.apache.hadoop.hdds.utils.Scheduler.lambda$schedule$1(Scheduler.java:70)
	at java.util.concurrent.Executors$RunnableAdapter.call(Executors.java:511)
	at java.util.concurrent.FutureTask.run(FutureTask.java:266)
	at java.util.concurrent.ScheduledThreadPoolExecutor$ScheduledFutureTask.access$201(ScheduledThreadPoolExecutor.java:180)
	at java.util.concurrent.ScheduledThreadPoolExecutor$ScheduledFutureTask.run(ScheduledThreadPoolExecutor.java:293)
	at java.util.concurrent.ThreadPoolExecutor.runWorker(ThreadPoolExecutor.java:1149)
	at java.util.concurrent.ThreadPoolExecutor$Worker.run(ThreadPoolExecutor.java:624)
	at java.lang.Thread.run(Thread.java:748)
2020-12-26 01:59:10,330 [RatisPipelineUtilsThread] INFO  pipeline.RatisPipelineProvider (RatisPipelineProvider.java:lambda$close$1(199)) - Send pipeline:PipelineID=76484d9c-c345-4865-b768-6696eb7b60af close command to datanode 16d33d7f-de85-4153-a986-8f085dcb09ff
2020-12-26 01:59:10,330 [RatisPipelineUtilsThread] INFO  pipeline.RatisPipelineProvider (RatisPipelineProvider.java:lambda$close$1(199)) - Send pipeline:PipelineID=76484d9c-c345-4865-b768-6696eb7b60af close command to datanode c7c2d1d0-24bf-4086-b8ac-f9c9c7e07f42
2020-12-26 01:59:10,330 [RatisPipelineUtilsThread] INFO  pipeline.RatisPipelineProvider (RatisPipelineProvider.java:lambda$close$1(199)) - Send pipeline:PipelineID=76484d9c-c345-4865-b768-6696eb7b60af close command to datanode a9229adb-278c-43ef-9666-e3cbf980c0ea
2020-12-26 01:59:10,330 [RatisPipelineUtilsThread] ERROR pipeline.SCMPipelineManager (Scheduler.java:lambda$schedule$1(72)) - Destroy pipeline failed for pipeline:Pipeline[ Id: 76484d9c-c345-4865-b768-6696eb7b60af, Nodes: 16d33d7f-de85-4153-a986-8f085dcb09ff{ip: 172.17.0.2, host: 140068b710f1, networkLocation: /default-rack, certSerialId: null, persistedOpState: IN_SERVICE, persistedOpStateExpiryEpochSec: 0}c7c2d1d0-24bf-4086-b8ac-f9c9c7e07f42{ip: 172.17.0.2, host: 140068b710f1, networkLocation: /default-rack, certSerialId: null, persistedOpState: IN_SERVICE, persistedOpStateExpiryEpochSec: 0}a9229adb-278c-43ef-9666-e3cbf980c0ea{ip: 172.17.0.2, host: 140068b710f1, networkLocation: /default-rack, certSerialId: null, persistedOpState: IN_SERVICE, persistedOpStateExpiryEpochSec: 0}, Type:RATIS, Factor:THREE, State:CLOSED, leaderId:, CreationTimestamp2020-12-26T01:57:52.948Z]
org.apache.hadoop.hdds.scm.pipeline.PipelineNotFoundException: PipelineID=76484d9c-c345-4865-b768-6696eb7b60af not found
	at org.apache.hadoop.hdds.scm.pipeline.PipelineStateMap.getPipeline(PipelineStateMap.java:131)
	at org.apache.hadoop.hdds.scm.pipeline.PipelineStateMap.removePipeline(PipelineStateMap.java:343)
	at org.apache.hadoop.hdds.scm.pipeline.PipelineStateManager.removePipeline(PipelineStateManager.java:105)
	at org.apache.hadoop.hdds.scm.pipeline.SCMPipelineManager.removePipeline(SCMPipelineManager.java:670)
	at org.apache.hadoop.hdds.scm.pipeline.SCMPipelineManager.destroyPipeline(SCMPipelineManager.java:655)
	at org.apache.hadoop.hdds.scm.pipeline.SCMPipelineManager.lambda$finalizeAndDestroyPipeline$0(SCMPipelineManager.java:489)
	at org.apache.hadoop.hdds.utils.Scheduler.lambda$schedule$1(Scheduler.java:70)
	at java.util.concurrent.Executors$RunnableAdapter.call(Executors.java:511)
	at java.util.concurrent.FutureTask.run(FutureTask.java:266)
	at java.util.concurrent.ScheduledThreadPoolExecutor$ScheduledFutureTask.access$201(ScheduledThreadPoolExecutor.java:180)
	at java.util.concurrent.ScheduledThreadPoolExecutor$ScheduledFutureTask.run(ScheduledThreadPoolExecutor.java:293)
	at java.util.concurrent.ThreadPoolExecutor.runWorker(ThreadPoolExecutor.java:1149)
	at java.util.concurrent.ThreadPoolExecutor$Worker.run(ThreadPoolExecutor.java:624)
	at java.lang.Thread.run(Thread.java:748)
2020-12-26 01:59:10,330 [RatisPipelineUtilsThread] INFO  pipeline.RatisPipelineProvider (RatisPipelineProvider.java:lambda$close$1(199)) - Send pipeline:PipelineID=7d123b2d-022e-444b-a472-b42f238e776c close command to datanode c7c2d1d0-24bf-4086-b8ac-f9c9c7e07f42
2020-12-26 01:59:10,330 [RatisPipelineUtilsThread] ERROR pipeline.SCMPipelineManager (Scheduler.java:lambda$schedule$1(72)) - Destroy pipeline failed for pipeline:Pipeline[ Id: 7d123b2d-022e-444b-a472-b42f238e776c, Nodes: c7c2d1d0-24bf-4086-b8ac-f9c9c7e07f42{ip: 172.17.0.2, host: 140068b710f1, networkLocation: /default-rack, certSerialId: null, persistedOpState: IN_SERVICE, persistedOpStateExpiryEpochSec: 0}, Type:RATIS, Factor:ONE, State:OPEN, leaderId:c7c2d1d0-24bf-4086-b8ac-f9c9c7e07f42, CreationTimestamp2020-12-26T01:57:24.483Z]
org.apache.hadoop.hdds.scm.pipeline.PipelineNotFoundException: PipelineID=7d123b2d-022e-444b-a472-b42f238e776c not found
	at org.apache.hadoop.hdds.scm.pipeline.PipelineStateMap.getPipeline(PipelineStateMap.java:131)
	at org.apache.hadoop.hdds.scm.pipeline.PipelineStateMap.removePipeline(PipelineStateMap.java:343)
	at org.apache.hadoop.hdds.scm.pipeline.PipelineStateManager.removePipeline(PipelineStateManager.java:105)
	at org.apache.hadoop.hdds.scm.pipeline.SCMPipelineManager.removePipeline(SCMPipelineManager.java:670)
	at org.apache.hadoop.hdds.scm.pipeline.SCMPipelineManager.destroyPipeline(SCMPipelineManager.java:655)
	at org.apache.hadoop.hdds.scm.pipeline.SCMPipelineManager.lambda$finalizeAndDestroyPipeline$0(SCMPipelineManager.java:489)
	at org.apache.hadoop.hdds.utils.Scheduler.lambda$schedule$1(Scheduler.java:70)
	at java.util.concurrent.Executors$RunnableAdapter.call(Executors.java:511)
	at java.util.concurrent.FutureTask.run(FutureTask.java:266)
	at java.util.concurrent.ScheduledThreadPoolExecutor$ScheduledFutureTask.access$201(ScheduledThreadPoolExecutor.java:180)
	at java.util.concurrent.ScheduledThreadPoolExecutor$ScheduledFutureTask.run(ScheduledThreadPoolExecutor.java:293)
	at java.util.concurrent.ThreadPoolExecutor.runWorker(ThreadPoolExecutor.java:1149)
	at java.util.concurrent.ThreadPoolExecutor$Worker.run(ThreadPoolExecutor.java:624)
	at java.lang.Thread.run(Thread.java:748)
2020-12-26 01:59:10,331 [RatisPipelineUtilsThread] INFO  pipeline.RatisPipelineProvider (RatisPipelineProvider.java:lambda$close$1(199)) - Send pipeline:PipelineID=573e7393-093f-4e60-978a-cfb692a00539 close command to datanode 16d33d7f-de85-4153-a986-8f085dcb09ff
2020-12-26 01:59:10,331 [RatisPipelineUtilsThread] INFO  pipeline.RatisPipelineProvider (RatisPipelineProvider.java:lambda$close$1(199)) - Send pipeline:PipelineID=573e7393-093f-4e60-978a-cfb692a00539 close command to datanode c7c2d1d0-24bf-4086-b8ac-f9c9c7e07f42
2020-12-26 01:59:10,331 [RatisPipelineUtilsThread] INFO  pipeline.RatisPipelineProvider (RatisPipelineProvider.java:lambda$close$1(199)) - Send pipeline:PipelineID=573e7393-093f-4e60-978a-cfb692a00539 close command to datanode a9229adb-278c-43ef-9666-e3cbf980c0ea
2020-12-26 01:59:10,331 [RatisPipelineUtilsThread] ERROR pipeline.SCMPipelineManager (Scheduler.java:lambda$schedule$1(72)) - Destroy pipeline failed for pipeline:Pipeline[ Id: 573e7393-093f-4e60-978a-cfb692a00539, Nodes: 16d33d7f-de85-4153-a986-8f085dcb09ff{ip: 172.17.0.2, host: 140068b710f1, networkLocation: /default-rack, certSerialId: null, persistedOpState: IN_SERVICE, persistedOpStateExpiryEpochSec: 0}c7c2d1d0-24bf-4086-b8ac-f9c9c7e07f42{ip: 172.17.0.2, host: 140068b710f1, networkLocation: /default-rack, certSerialId: null, persistedOpState: IN_SERVICE, persistedOpStateExpiryEpochSec: 0}a9229adb-278c-43ef-9666-e3cbf980c0ea{ip: 172.17.0.2, host: 140068b710f1, networkLocation: /default-rack, certSerialId: null, persistedOpState: IN_SERVICE, persistedOpStateExpiryEpochSec: 0}, Type:RATIS, Factor:THREE, State:CLOSED, leaderId:, CreationTimestamp2020-12-26T01:57:52.948Z]
org.apache.hadoop.hdds.scm.pipeline.PipelineNotFoundException: PipelineID=573e7393-093f-4e60-978a-cfb692a00539 not found
	at org.apache.hadoop.hdds.scm.pipeline.PipelineStateMap.getPipeline(PipelineStateMap.java:131)
	at org.apache.hadoop.hdds.scm.pipeline.PipelineStateMap.removePipeline(PipelineStateMap.java:343)
	at org.apache.hadoop.hdds.scm.pipeline.PipelineStateManager.removePipeline(PipelineStateManager.java:105)
	at org.apache.hadoop.hdds.scm.pipeline.SCMPipelineManager.removePipeline(SCMPipelineManager.java:670)
	at org.apache.hadoop.hdds.scm.pipeline.SCMPipelineManager.destroyPipeline(SCMPipelineManager.java:655)
	at org.apache.hadoop.hdds.scm.pipeline.SCMPipelineManager.lambda$finalizeAndDestroyPipeline$0(SCMPipelineManager.java:489)
	at org.apache.hadoop.hdds.utils.Scheduler.lambda$schedule$1(Scheduler.java:70)
	at java.util.concurrent.Executors$RunnableAdapter.call(Executors.java:511)
	at java.util.concurrent.FutureTask.run(FutureTask.java:266)
	at java.util.concurrent.ScheduledThreadPoolExecutor$ScheduledFutureTask.access$201(ScheduledThreadPoolExecutor.java:180)
	at java.util.concurrent.ScheduledThreadPoolExecutor$ScheduledFutureTask.run(ScheduledThreadPoolExecutor.java:293)
	at java.util.concurrent.ThreadPoolExecutor.runWorker(ThreadPoolExecutor.java:1149)
	at java.util.concurrent.ThreadPoolExecutor$Worker.run(ThreadPoolExecutor.java:624)
	at java.lang.Thread.run(Thread.java:748)
2020-12-26 01:59:10,331 [RatisPipelineUtilsThread] INFO  pipeline.RatisPipelineProvider (RatisPipelineProvider.java:lambda$close$1(199)) - Send pipeline:PipelineID=76484d9c-c345-4865-b768-6696eb7b60af close command to datanode 16d33d7f-de85-4153-a986-8f085dcb09ff
2020-12-26 01:59:10,331 [RatisPipelineUtilsThread] INFO  pipeline.RatisPipelineProvider (RatisPipelineProvider.java:lambda$close$1(199)) - Send pipeline:PipelineID=76484d9c-c345-4865-b768-6696eb7b60af close command to datanode c7c2d1d0-24bf-4086-b8ac-f9c9c7e07f42
2020-12-26 01:59:10,331 [RatisPipelineUtilsThread] INFO  pipeline.RatisPipelineProvider (RatisPipelineProvider.java:lambda$close$1(199)) - Send pipeline:PipelineID=76484d9c-c345-4865-b768-6696eb7b60af close command to datanode a9229adb-278c-43ef-9666-e3cbf980c0ea
2020-12-26 01:59:10,331 [RatisPipelineUtilsThread] ERROR pipeline.SCMPipelineManager (Scheduler.java:lambda$schedule$1(72)) - Destroy pipeline failed for pipeline:Pipeline[ Id: 76484d9c-c345-4865-b768-6696eb7b60af, Nodes: 16d33d7f-de85-4153-a986-8f085dcb09ff{ip: 172.17.0.2, host: 140068b710f1, networkLocation: /default-rack, certSerialId: null, persistedOpState: IN_SERVICE, persistedOpStateExpiryEpochSec: 0}c7c2d1d0-24bf-4086-b8ac-f9c9c7e07f42{ip: 172.17.0.2, host: 140068b710f1, networkLocation: /default-rack, certSerialId: null, persistedOpState: IN_SERVICE, persistedOpStateExpiryEpochSec: 0}a9229adb-278c-43ef-9666-e3cbf980c0ea{ip: 172.17.0.2, host: 140068b710f1, networkLocation: /default-rack, certSerialId: null, persistedOpState: IN_SERVICE, persistedOpStateExpiryEpochSec: 0}, Type:RATIS, Factor:THREE, State:CLOSED, leaderId:, CreationTimestamp2020-12-26T01:57:52.948Z]
org.apache.hadoop.hdds.scm.pipeline.PipelineNotFoundException: PipelineID=76484d9c-c345-4865-b768-6696eb7b60af not found
	at org.apache.hadoop.hdds.scm.pipeline.PipelineStateMap.getPipeline(PipelineStateMap.java:131)
	at org.apache.hadoop.hdds.scm.pipeline.PipelineStateMap.removePipeline(PipelineStateMap.java:343)
	at org.apache.hadoop.hdds.scm.pipeline.PipelineStateManager.removePipeline(PipelineStateManager.java:105)
	at org.apache.hadoop.hdds.scm.pipeline.SCMPipelineManager.removePipeline(SCMPipelineManager.java:670)
	at org.apache.hadoop.hdds.scm.pipeline.SCMPipelineManager.destroyPipeline(SCMPipelineManager.java:655)
	at org.apache.hadoop.hdds.scm.pipeline.SCMPipelineManager.lambda$finalizeAndDestroyPipeline$0(SCMPipelineManager.java:489)
	at org.apache.hadoop.hdds.utils.Scheduler.lambda$schedule$1(Scheduler.java:70)
	at java.util.concurrent.Executors$RunnableAdapter.call(Executors.java:511)
	at java.util.concurrent.FutureTask.run(FutureTask.java:266)
	at java.util.concurrent.ScheduledThreadPoolExecutor$ScheduledFutureTask.access$201(ScheduledThreadPoolExecutor.java:180)
	at java.util.concurrent.ScheduledThreadPoolExecutor$ScheduledFutureTask.run(ScheduledThreadPoolExecutor.java:293)
	at java.util.concurrent.ThreadPoolExecutor.runWorker(ThreadPoolExecutor.java:1149)
	at java.util.concurrent.ThreadPoolExecutor$Worker.run(ThreadPoolExecutor.java:624)
	at java.lang.Thread.run(Thread.java:748)
2020-12-26 01:59:15,334 [RatisPipelineUtilsThread] INFO  pipeline.RatisPipelineProvider (RatisPipelineProvider.java:lambda$close$1(199)) - Send pipeline:PipelineID=5d650413-b041-4683-8cab-99f8a9162041 close command to datanode 73c99ad5-410f-4ffb-8408-ddbdb29ea4d0
2020-12-26 01:59:15,334 [RatisPipelineUtilsThread] INFO  pipeline.RatisPipelineProvider (RatisPipelineProvider.java:lambda$close$1(199)) - Send pipeline:PipelineID=5d650413-b041-4683-8cab-99f8a9162041 close command to datanode 43af3075-460a-422d-a924-90885968f40d
2020-12-26 01:59:15,334 [RatisPipelineUtilsThread] INFO  pipeline.RatisPipelineProvider (RatisPipelineProvider.java:lambda$close$1(199)) - Send pipeline:PipelineID=5d650413-b041-4683-8cab-99f8a9162041 close command to datanode 8e16b57b-a520-4ff3-ab9c-70e7128aded3
2020-12-26 01:59:15,334 [RatisPipelineUtilsThread] ERROR pipeline.SCMPipelineManager (Scheduler.java:lambda$schedule$1(72)) - Destroy pipeline failed for pipeline:Pipeline[ Id: 5d650413-b041-4683-8cab-99f8a9162041, Nodes: 73c99ad5-410f-4ffb-8408-ddbdb29ea4d0{ip: 172.17.0.2, host: 140068b710f1, networkLocation: /default-rack, certSerialId: null, persistedOpState: IN_SERVICE, persistedOpStateExpiryEpochSec: 0}43af3075-460a-422d-a924-90885968f40d{ip: 172.17.0.2, host: 140068b710f1, networkLocation: /default-rack, certSerialId: null, persistedOpState: IN_SERVICE, persistedOpStateExpiryEpochSec: 0}8e16b57b-a520-4ff3-ab9c-70e7128aded3{ip: 172.17.0.2, host: 140068b710f1, networkLocation: /default-rack, certSerialId: null, persistedOpState: IN_SERVICE, persistedOpStateExpiryEpochSec: 0}, Type:RATIS, Factor:THREE, State:CLOSED, leaderId:73c99ad5-410f-4ffb-8408-ddbdb29ea4d0, CreationTimestamp2020-12-26T01:57:25.497Z]
org.apache.hadoop.hdds.scm.pipeline.PipelineNotFoundException: PipelineID=5d650413-b041-4683-8cab-99f8a9162041 not found
	at org.apache.hadoop.hdds.scm.pipeline.PipelineStateMap.getPipeline(PipelineStateMap.java:131)
	at org.apache.hadoop.hdds.scm.pipeline.PipelineStateMap.removePipeline(PipelineStateMap.java:343)
	at org.apache.hadoop.hdds.scm.pipeline.PipelineStateManager.removePipeline(PipelineStateManager.java:105)
	at org.apache.hadoop.hdds.scm.pipeline.SCMPipelineManager.removePipeline(SCMPipelineManager.java:670)
	at org.apache.hadoop.hdds.scm.pipeline.SCMPipelineManager.destroyPipeline(SCMPipelineManager.java:655)
	at org.apache.hadoop.hdds.scm.pipeline.SCMPipelineManager.lambda$finalizeAndDestroyPipeline$0(SCMPipelineManager.java:489)
	at org.apache.hadoop.hdds.utils.Scheduler.lambda$schedule$1(Scheduler.java:70)
	at java.util.concurrent.Executors$RunnableAdapter.call(Executors.java:511)
	at java.util.concurrent.FutureTask.run(FutureTask.java:266)
	at java.util.concurrent.ScheduledThreadPoolExecutor$ScheduledFutureTask.access$201(ScheduledThreadPoolExecutor.java:180)
	at java.util.concurrent.ScheduledThreadPoolExecutor$ScheduledFutureTask.run(ScheduledThreadPoolExecutor.java:293)
	at java.util.concurrent.ThreadPoolExecutor.runWorker(ThreadPoolExecutor.java:1149)
	at java.util.concurrent.ThreadPoolExecutor$Worker.run(ThreadPoolExecutor.java:624)
	at java.lang.Thread.run(Thread.java:748)
2020-12-26 01:59:15,335 [RatisPipelineUtilsThread] INFO  pipeline.RatisPipelineProvider (RatisPipelineProvider.java:lambda$close$1(199)) - Send pipeline:PipelineID=3ec49c11-b3df-4246-874d-49e6829a44b8 close command to datanode 73c99ad5-410f-4ffb-8408-ddbdb29ea4d0
2020-12-26 01:59:15,335 [RatisPipelineUtilsThread] INFO  pipeline.RatisPipelineProvider (RatisPipelineProvider.java:lambda$close$1(199)) - Send pipeline:PipelineID=3ec49c11-b3df-4246-874d-49e6829a44b8 close command to datanode 43af3075-460a-422d-a924-90885968f40d
2020-12-26 01:59:15,335 [RatisPipelineUtilsThread] INFO  pipeline.RatisPipelineProvider (RatisPipelineProvider.java:lambda$close$1(199)) - Send pipeline:PipelineID=3ec49c11-b3df-4246-874d-49e6829a44b8 close command to datanode 8e16b57b-a520-4ff3-ab9c-70e7128aded3
2020-12-26 01:59:15,335 [RatisPipelineUtilsThread] ERROR pipeline.SCMPipelineManager (Scheduler.java:lambda$schedule$1(72)) - Destroy pipeline failed for pipeline:Pipeline[ Id: 3ec49c11-b3df-4246-874d-49e6829a44b8, Nodes: 73c99ad5-410f-4ffb-8408-ddbdb29ea4d0{ip: 172.17.0.2, host: 140068b710f1, networkLocation: /default-rack, certSerialId: null, persistedOpState: IN_SERVICE, persistedOpStateExpiryEpochSec: 0}43af3075-460a-422d-a924-90885968f40d{ip: 172.17.0.2, host: 140068b710f1, networkLocation: /default-rack, certSerialId: null, persistedOpState: IN_SERVICE, persistedOpStateExpiryEpochSec: 0}8e16b57b-a520-4ff3-ab9c-70e7128aded3{ip: 172.17.0.2, host: 140068b710f1, networkLocation: /default-rack, certSerialId: null, persistedOpState: IN_SERVICE, persistedOpStateExpiryEpochSec: 0}, Type:RATIS, Factor:THREE, State:CLOSED, leaderId:73c99ad5-410f-4ffb-8408-ddbdb29ea4d0, CreationTimestamp2020-12-26T01:57:25.498Z]
org.apache.hadoop.hdds.scm.pipeline.PipelineNotFoundException: PipelineID=3ec49c11-b3df-4246-874d-49e6829a44b8 not found
	at org.apache.hadoop.hdds.scm.pipeline.PipelineStateMap.getPipeline(PipelineStateMap.java:131)
	at org.apache.hadoop.hdds.scm.pipeline.PipelineStateMap.removePipeline(PipelineStateMap.java:343)
	at org.apache.hadoop.hdds.scm.pipeline.PipelineStateManager.removePipeline(PipelineStateManager.java:105)
	at org.apache.hadoop.hdds.scm.pipeline.SCMPipelineManager.removePipeline(SCMPipelineManager.java:670)
	at org.apache.hadoop.hdds.scm.pipeline.SCMPipelineManager.destroyPipeline(SCMPipelineManager.java:655)
	at org.apache.hadoop.hdds.scm.pipeline.SCMPipelineManager.lambda$finalizeAndDestroyPipeline$0(SCMPipelineManager.java:489)
	at org.apache.hadoop.hdds.utils.Scheduler.lambda$schedule$1(Scheduler.java:70)
	at java.util.concurrent.Executors$RunnableAdapter.call(Executors.java:511)
	at java.util.concurrent.FutureTask.run(FutureTask.java:266)
	at java.util.concurrent.ScheduledThreadPoolExecutor$ScheduledFutureTask.access$201(ScheduledThreadPoolExecutor.java:180)
	at java.util.concurrent.ScheduledThreadPoolExecutor$ScheduledFutureTask.run(ScheduledThreadPoolExecutor.java:293)
	at java.util.concurrent.ThreadPoolExecutor.runWorker(ThreadPoolExecutor.java:1149)
	at java.util.concurrent.ThreadPoolExecutor$Worker.run(ThreadPoolExecutor.java:624)
	at java.lang.Thread.run(Thread.java:748)
2020-12-26 01:59:15,335 [RatisPipelineUtilsThread] INFO  pipeline.RatisPipelineProvider (RatisPipelineProvider.java:lambda$close$1(199)) - Send pipeline:PipelineID=776186a9-b666-4a88-b910-3a59af69ed3c close command to datanode 43af3075-460a-422d-a924-90885968f40d
2020-12-26 01:59:15,336 [RatisPipelineUtilsThread] ERROR pipeline.SCMPipelineManager (Scheduler.java:lambda$schedule$1(72)) - Destroy pipeline failed for pipeline:Pipeline[ Id: 776186a9-b666-4a88-b910-3a59af69ed3c, Nodes: 43af3075-460a-422d-a924-90885968f40d{ip: 172.17.0.2, host: 140068b710f1, networkLocation: /default-rack, certSerialId: null, persistedOpState: IN_SERVICE, persistedOpStateExpiryEpochSec: 0}, Type:RATIS, Factor:ONE, State:OPEN, leaderId:43af3075-460a-422d-a924-90885968f40d, CreationTimestamp2020-12-26T01:57:25.497Z]
org.apache.hadoop.hdds.scm.pipeline.PipelineNotFoundException: PipelineID=776186a9-b666-4a88-b910-3a59af69ed3c not found
	at org.apache.hadoop.hdds.scm.pipeline.PipelineStateMap.getPipeline(PipelineStateMap.java:131)
	at org.apache.hadoop.hdds.scm.pipeline.PipelineStateMap.removePipeline(PipelineStateMap.java:343)
	at org.apache.hadoop.hdds.scm.pipeline.PipelineStateManager.removePipeline(PipelineStateManager.java:105)
	at org.apache.hadoop.hdds.scm.pipeline.SCMPipelineManager.removePipeline(SCMPipelineManager.java:670)
	at org.apache.hadoop.hdds.scm.pipeline.SCMPipelineManager.destroyPipeline(SCMPipelineManager.java:655)
	at org.apache.hadoop.hdds.scm.pipeline.SCMPipelineManager.lambda$finalizeAndDestroyPipeline$0(SCMPipelineManager.java:489)
	at org.apache.hadoop.hdds.utils.Scheduler.lambda$schedule$1(Scheduler.java:70)
	at java.util.concurrent.Executors$RunnableAdapter.call(Executors.java:511)
	at java.util.concurrent.FutureTask.run(FutureTask.java:266)
	at java.util.concurrent.ScheduledThreadPoolExecutor$ScheduledFutureTask.access$201(ScheduledThreadPoolExecutor.java:180)
	at java.util.concurrent.ScheduledThreadPoolExecutor$ScheduledFutureTask.run(ScheduledThreadPoolExecutor.java:293)
	at java.util.concurrent.ThreadPoolExecutor.runWorker(ThreadPoolExecutor.java:1149)
	at java.util.concurrent.ThreadPoolExecutor$Worker.run(ThreadPoolExecutor.java:624)
	at java.lang.Thread.run(Thread.java:748)
2020-12-26 01:59:20,016 [RatisPipelineUtilsThread] WARN  pipeline.PipelinePlacementPolicy (PipelinePlacementPolicy.java:filterViableNodes(139)) - Pipeline creation failed due to no sufficient healthy datanodes. Required 3. Found 0.
2020-12-26 01:59:20,343 [RatisPipelineUtilsThread] INFO  pipeline.RatisPipelineProvider (RatisPipelineProvider.java:lambda$close$1(199)) - Send pipeline:PipelineID=26cb6a70-665f-4bfd-982c-dbcf2475e781 close command to datanode 73c99ad5-410f-4ffb-8408-ddbdb29ea4d0
2020-12-26 01:59:20,343 [RatisPipelineUtilsThread] ERROR pipeline.SCMPipelineManager (Scheduler.java:lambda$schedule$1(72)) - Destroy pipeline failed for pipeline:Pipeline[ Id: 26cb6a70-665f-4bfd-982c-dbcf2475e781, Nodes: 73c99ad5-410f-4ffb-8408-ddbdb29ea4d0{ip: 172.17.0.2, host: 140068b710f1, networkLocation: /default-rack, certSerialId: null, persistedOpState: IN_SERVICE, persistedOpStateExpiryEpochSec: 0}, Type:RATIS, Factor:ONE, State:OPEN, leaderId:73c99ad5-410f-4ffb-8408-ddbdb29ea4d0, CreationTimestamp2020-12-26T01:57:25.112Z]
org.apache.hadoop.hdds.scm.pipeline.PipelineNotFoundException: PipelineID=26cb6a70-665f-4bfd-982c-dbcf2475e781 not found
	at org.apache.hadoop.hdds.scm.pipeline.PipelineStateMap.getPipeline(PipelineStateMap.java:131)
	at org.apache.hadoop.hdds.scm.pipeline.PipelineStateMap.removePipeline(PipelineStateMap.java:343)
	at org.apache.hadoop.hdds.scm.pipeline.PipelineStateManager.removePipeline(PipelineStateManager.java:105)
	at org.apache.hadoop.hdds.scm.pipeline.SCMPipelineManager.removePipeline(SCMPipelineManager.java:670)
	at org.apache.hadoop.hdds.scm.pipeline.SCMPipelineManager.destroyPipeline(SCMPipelineManager.java:655)
	at org.apache.hadoop.hdds.scm.pipeline.SCMPipelineManager.lambda$finalizeAndDestroyPipeline$0(SCMPipelineManager.java:489)
	at org.apache.hadoop.hdds.utils.Scheduler.lambda$schedule$1(Scheduler.java:70)
	at java.util.concurrent.Executors$RunnableAdapter.call(Executors.java:511)
	at java.util.concurrent.FutureTask.run(FutureTask.java:266)
	at java.util.concurrent.ScheduledThreadPoolExecutor$ScheduledFutureTask.access$201(ScheduledThreadPoolExecutor.java:180)
	at java.util.concurrent.ScheduledThreadPoolExecutor$ScheduledFutureTask.run(ScheduledThreadPoolExecutor.java:293)
	at java.util.concurrent.ThreadPoolExecutor.runWorker(ThreadPoolExecutor.java:1149)
	at java.util.concurrent.ThreadPoolExecutor$Worker.run(ThreadPoolExecutor.java:624)
	at java.lang.Thread.run(Thread.java:748)
2020-12-26 02:01:20,017 [RatisPipelineUtilsThread] WARN  pipeline.PipelinePlacementPolicy (PipelinePlacementPolicy.java:filterViableNodes(139)) - Pipeline creation failed due to no sufficient healthy datanodes. Required 3. Found 0.
]]></system-out>
    <system-err><![CDATA[Dec 26, 2020 1:57:54 AM org.apache.ratis.thirdparty.io.grpc.internal.ManagedChannelOrphanWrapper$ManagedChannelReference cleanQueue
SEVERE: *~*~*~ Channel ManagedChannelImpl{logId=791, target=172.17.0.2:37007} was not shutdown properly!!! ~*~*~*
    Make sure to call shutdown()/shutdownNow() and wait until awaitTermination() returns true.
java.lang.RuntimeException: ManagedChannel allocation site
	at org.apache.ratis.thirdparty.io.grpc.internal.ManagedChannelOrphanWrapper$ManagedChannelReference.<init>(ManagedChannelOrphanWrapper.java:93)
	at org.apache.ratis.thirdparty.io.grpc.internal.ManagedChannelOrphanWrapper.<init>(ManagedChannelOrphanWrapper.java:53)
	at org.apache.ratis.thirdparty.io.grpc.internal.ManagedChannelOrphanWrapper.<init>(ManagedChannelOrphanWrapper.java:44)
	at org.apache.ratis.thirdparty.io.grpc.internal.AbstractManagedChannelImplBuilder.build(AbstractManagedChannelImplBuilder.java:518)
	at org.apache.hadoop.hdds.scm.XceiverClientGrpc.connectToDatanode(XceiverClientGrpc.java:193)
	at org.apache.hadoop.hdds.scm.XceiverClientGrpc.connect(XceiverClientGrpc.java:142)
	at org.apache.hadoop.hdds.scm.XceiverClientManager$2.call(XceiverClientManager.java:240)
	at org.apache.hadoop.hdds.scm.XceiverClientManager$2.call(XceiverClientManager.java:224)
	at com.google.common.cache.LocalCache$LocalManualCache$1.load(LocalCache.java:4876)
	at com.google.common.cache.LocalCache$LoadingValueReference.loadFuture(LocalCache.java:3529)
	at com.google.common.cache.LocalCache$Segment.loadSync(LocalCache.java:2278)
	at com.google.common.cache.LocalCache$Segment.lockedGetOrLoad(LocalCache.java:2155)
	at com.google.common.cache.LocalCache$Segment.get(LocalCache.java:2045)
	at com.google.common.cache.LocalCache.get(LocalCache.java:3951)
	at com.google.common.cache.LocalCache$LocalManualCache.get(LocalCache.java:4871)
	at org.apache.hadoop.hdds.scm.XceiverClientManager.getClient(XceiverClientManager.java:224)
	at org.apache.hadoop.hdds.scm.XceiverClientManager.acquireClient(XceiverClientManager.java:170)
	at org.apache.hadoop.hdds.scm.XceiverClientManager.acquireClientForReadData(XceiverClientManager.java:159)
	at org.apache.hadoop.hdds.scm.storage.BlockInputStream.acquireClient(BlockInputStream.java:220)
	at org.apache.hadoop.hdds.scm.storage.BlockInputStream.getChunkInfos(BlockInputStream.java:194)
	at org.apache.hadoop.hdds.scm.storage.BlockInputStream.initialize(BlockInputStream.java:135)
	at org.apache.hadoop.hdds.scm.storage.BlockInputStream.read(BlockInputStream.java:269)
	at org.apache.hadoop.ozone.client.io.KeyInputStream.read(KeyInputStream.java:199)
	at org.apache.hadoop.ozone.client.io.OzoneInputStream.read(OzoneInputStream.java:49)
	at java.io.InputStream.read(InputStream.java:101)
	at org.apache.hadoop.ozone.container.TestHelper.validateData(TestHelper.java:146)
	at org.apache.hadoop.ozone.client.rpc.TestBlockOutputStreamWithFailuresFlushDelay.validateData(TestBlockOutputStreamWithFailuresFlushDelay.java:871)
	at org.apache.hadoop.ozone.client.rpc.TestBlockOutputStreamWithFailuresFlushDelay.testDatanodeFailureWithSingleNodeRatis(TestBlockOutputStreamWithFailuresFlushDelay.java:761)
	at sun.reflect.NativeMethodAccessorImpl.invoke0(Native Method)
	at sun.reflect.NativeMethodAccessorImpl.invoke(NativeMethodAccessorImpl.java:62)
	at sun.reflect.DelegatingMethodAccessorImpl.invoke(DelegatingMethodAccessorImpl.java:43)
	at java.lang.reflect.Method.invoke(Method.java:498)
	at org.junit.runners.model.FrameworkMethod$1.runReflectiveCall(FrameworkMethod.java:47)
	at org.junit.internal.runners.model.ReflectiveCallable.run(ReflectiveCallable.java:12)
	at org.junit.runners.model.FrameworkMethod.invokeExplosively(FrameworkMethod.java:44)
	at org.junit.internal.runners.statements.InvokeMethod.evaluate(InvokeMethod.java:17)
	at org.junit.internal.runners.statements.RunBefores.evaluate(RunBefores.java:26)
	at org.junit.internal.runners.statements.RunAfters.evaluate(RunAfters.java:27)
	at org.junit.internal.runners.statements.FailOnTimeout$StatementThread.run(FailOnTimeout.java:74)

Dec 26, 2020 1:57:54 AM org.apache.ratis.thirdparty.io.grpc.internal.ManagedChannelOrphanWrapper$ManagedChannelReference cleanQueue
SEVERE: *~*~*~ Channel ManagedChannelImpl{logId=951, target=172.17.0.2:36943} was not shutdown properly!!! ~*~*~*
    Make sure to call shutdown()/shutdownNow() and wait until awaitTermination() returns true.
java.lang.RuntimeException: ManagedChannel allocation site
	at org.apache.ratis.thirdparty.io.grpc.internal.ManagedChannelOrphanWrapper$ManagedChannelReference.<init>(ManagedChannelOrphanWrapper.java:93)
	at org.apache.ratis.thirdparty.io.grpc.internal.ManagedChannelOrphanWrapper.<init>(ManagedChannelOrphanWrapper.java:53)
	at org.apache.ratis.thirdparty.io.grpc.internal.ManagedChannelOrphanWrapper.<init>(ManagedChannelOrphanWrapper.java:44)
	at org.apache.ratis.thirdparty.io.grpc.internal.AbstractManagedChannelImplBuilder.build(AbstractManagedChannelImplBuilder.java:518)
	at org.apache.hadoop.hdds.scm.XceiverClientGrpc.connectToDatanode(XceiverClientGrpc.java:193)
	at org.apache.hadoop.hdds.scm.XceiverClientGrpc.connect(XceiverClientGrpc.java:142)
	at org.apache.hadoop.hdds.scm.XceiverClientManager$2.call(XceiverClientManager.java:240)
	at org.apache.hadoop.hdds.scm.XceiverClientManager$2.call(XceiverClientManager.java:224)
	at com.google.common.cache.LocalCache$LocalManualCache$1.load(LocalCache.java:4876)
	at com.google.common.cache.LocalCache$LoadingValueReference.loadFuture(LocalCache.java:3529)
	at com.google.common.cache.LocalCache$Segment.loadSync(LocalCache.java:2278)
	at com.google.common.cache.LocalCache$Segment.lockedGetOrLoad(LocalCache.java:2155)
	at com.google.common.cache.LocalCache$Segment.get(LocalCache.java:2045)
	at com.google.common.cache.LocalCache.get(LocalCache.java:3951)
	at com.google.common.cache.LocalCache$LocalManualCache.get(LocalCache.java:4871)
	at org.apache.hadoop.hdds.scm.XceiverClientManager.getClient(XceiverClientManager.java:224)
	at org.apache.hadoop.hdds.scm.XceiverClientManager.acquireClient(XceiverClientManager.java:170)
	at org.apache.hadoop.hdds.scm.XceiverClientManager.acquireClientForReadData(XceiverClientManager.java:159)
	at org.apache.hadoop.hdds.scm.storage.BlockInputStream.acquireClient(BlockInputStream.java:220)
	at org.apache.hadoop.hdds.scm.storage.BlockInputStream.getChunkInfos(BlockInputStream.java:194)
	at org.apache.hadoop.hdds.scm.storage.BlockInputStream.initialize(BlockInputStream.java:135)
	at org.apache.hadoop.hdds.scm.storage.BlockInputStream.read(BlockInputStream.java:269)
	at org.apache.hadoop.ozone.client.io.KeyInputStream.read(KeyInputStream.java:199)
	at org.apache.hadoop.ozone.client.io.OzoneInputStream.read(OzoneInputStream.java:49)
	at java.io.InputStream.read(InputStream.java:101)
	at org.apache.hadoop.ozone.container.TestHelper.validateData(TestHelper.java:146)
	at org.apache.hadoop.ozone.client.rpc.TestBlockOutputStreamWithFailuresFlushDelay.validateData(TestBlockOutputStreamWithFailuresFlushDelay.java:871)
	at org.apache.hadoop.ozone.client.rpc.TestBlockOutputStreamWithFailuresFlushDelay.testWatchForCommitWithSingleNodeRatis(TestBlockOutputStreamWithFailuresFlushDelay.java:668)
	at sun.reflect.NativeMethodAccessorImpl.invoke0(Native Method)
	at sun.reflect.NativeMethodAccessorImpl.invoke(NativeMethodAccessorImpl.java:62)
	at sun.reflect.DelegatingMethodAccessorImpl.invoke(DelegatingMethodAccessorImpl.java:43)
	at java.lang.reflect.Method.invoke(Method.java:498)
	at org.junit.runners.model.FrameworkMethod$1.runReflectiveCall(FrameworkMethod.java:47)
	at org.junit.internal.runners.model.ReflectiveCallable.run(ReflectiveCallable.java:12)
	at org.junit.runners.model.FrameworkMethod.invokeExplosively(FrameworkMethod.java:44)
	at org.junit.internal.runners.statements.InvokeMethod.evaluate(InvokeMethod.java:17)
	at org.junit.internal.runners.statements.RunBefores.evaluate(RunBefores.java:26)
	at org.junit.internal.runners.statements.RunAfters.evaluate(RunAfters.java:27)
	at org.junit.internal.runners.statements.FailOnTimeout$StatementThread.run(FailOnTimeout.java:74)

Dec 26, 2020 1:57:54 AM org.apache.ratis.thirdparty.io.grpc.internal.ManagedChannelOrphanWrapper$ManagedChannelReference cleanQueue
SEVERE: *~*~*~ Channel ManagedChannelImpl{logId=773, target=172.17.0.2:39467} was not shutdown properly!!! ~*~*~*
    Make sure to call shutdown()/shutdownNow() and wait until awaitTermination() returns true.
java.lang.RuntimeException: ManagedChannel allocation site
	at org.apache.ratis.thirdparty.io.grpc.internal.ManagedChannelOrphanWrapper$ManagedChannelReference.<init>(ManagedChannelOrphanWrapper.java:93)
	at org.apache.ratis.thirdparty.io.grpc.internal.ManagedChannelOrphanWrapper.<init>(ManagedChannelOrphanWrapper.java:53)
	at org.apache.ratis.thirdparty.io.grpc.internal.ManagedChannelOrphanWrapper.<init>(ManagedChannelOrphanWrapper.java:44)
	at org.apache.ratis.thirdparty.io.grpc.internal.AbstractManagedChannelImplBuilder.build(AbstractManagedChannelImplBuilder.java:518)
	at org.apache.ratis.grpc.client.GrpcClientProtocolClient.<init>(GrpcClientProtocolClient.java:133)
	at org.apache.ratis.grpc.client.GrpcClientRpc.lambda$new$0(GrpcClientRpc.java:56)
	at org.apache.ratis.util.PeerProxyMap$PeerAndProxy.lambda$getProxy$0(PeerProxyMap.java:63)
	at org.apache.ratis.util.LifeCycle.startAndTransition(LifeCycle.java:270)
	at org.apache.ratis.util.PeerProxyMap$PeerAndProxy.getProxy(PeerProxyMap.java:62)
	at org.apache.ratis.util.PeerProxyMap.getProxy(PeerProxyMap.java:114)
	at org.apache.ratis.grpc.client.GrpcClientRpc.sendRequestAsync(GrpcClientRpc.java:67)
	at org.apache.ratis.client.impl.OrderedAsync.sendRequest(OrderedAsync.java:235)
	at org.apache.ratis.client.impl.OrderedAsync.sendRequestWithRetry(OrderedAsync.java:189)
	at org.apache.ratis.util.SlidingWindow$Client.sendOrDelayRequest(SlidingWindow.java:278)
	at org.apache.ratis.util.SlidingWindow$Client.submitNewRequest(SlidingWindow.java:257)
	at org.apache.ratis.client.impl.OrderedAsync.send(OrderedAsync.java:170)
	at org.apache.ratis.client.impl.OrderedAsync.newInstance(OrderedAsync.java:118)
	at org.apache.ratis.client.impl.RaftClientImpl.lambda$new$0(RaftClientImpl.java:148)
	at org.apache.ratis.util.MemoizedSupplier.get(MemoizedSupplier.java:62)
	at org.apache.ratis.client.impl.RaftClientImpl.getOrderedAsync(RaftClientImpl.java:200)
	at org.apache.ratis.client.impl.AsyncImpl.send(AsyncImpl.java:41)
	at org.apache.ratis.client.impl.AsyncImpl.send(AsyncImpl.java:46)
	at org.apache.hadoop.hdds.scm.XceiverClientRatis.lambda$sendRequestAsync$3(XceiverClientRatis.java:225)
	at org.apache.hadoop.hdds.tracing.TracingUtil.executeInNewSpan(TracingUtil.java:159)
	at org.apache.hadoop.hdds.scm.XceiverClientRatis.sendRequestAsync(XceiverClientRatis.java:210)
	at org.apache.hadoop.hdds.scm.XceiverClientRatis.sendCommandAsync(XceiverClientRatis.java:306)
	at org.apache.hadoop.hdds.scm.storage.ContainerProtocolCalls.writeChunkAsync(ContainerProtocolCalls.java:304)
	at org.apache.hadoop.hdds.scm.storage.BlockOutputStream.writeChunkToContainer(BlockOutputStream.java:665)
	at org.apache.hadoop.hdds.scm.storage.BlockOutputStream.writeChunk(BlockOutputStream.java:507)
	at org.apache.hadoop.hdds.scm.storage.BlockOutputStream.writeOnRetry(BlockOutputStream.java:318)
	at org.apache.hadoop.ozone.client.io.BlockOutputStreamEntry.writeOnRetry(BlockOutputStreamEntry.java:186)
	at org.apache.hadoop.ozone.client.io.KeyOutputStream.writeToOutputStream(KeyOutputStream.java:254)
	at org.apache.hadoop.ozone.client.io.KeyOutputStream.handleWrite(KeyOutputStream.java:234)
	at org.apache.hadoop.ozone.client.io.KeyOutputStream.handleRetry(KeyOutputStream.java:417)
	at org.apache.hadoop.ozone.client.io.KeyOutputStream.handleException(KeyOutputStream.java:362)
	at org.apache.hadoop.ozone.client.io.KeyOutputStream.handleFlushOrClose(KeyOutputStream.java:473)
	at org.apache.hadoop.ozone.client.io.KeyOutputStream.handleWrite(KeyOutputStream.java:238)
	at org.apache.hadoop.ozone.client.io.KeyOutputStream.write(KeyOutputStream.java:214)
	at org.apache.hadoop.ozone.client.io.OzoneOutputStream.write(OzoneOutputStream.java:49)
	at java.io.OutputStream.write(OutputStream.java:75)
	at org.apache.hadoop.ozone.client.rpc.TestBlockOutputStreamWithFailuresFlushDelay.testDatanodeFailureWithSingleNodeRatis(TestBlockOutputStreamWithFailuresFlushDelay.java:739)
	at sun.reflect.NativeMethodAccessorImpl.invoke0(Native Method)
	at sun.reflect.NativeMethodAccessorImpl.invoke(NativeMethodAccessorImpl.java:62)
	at sun.reflect.DelegatingMethodAccessorImpl.invoke(DelegatingMethodAccessorImpl.java:43)
	at java.lang.reflect.Method.invoke(Method.java:498)
	at org.junit.runners.model.FrameworkMethod$1.runReflectiveCall(FrameworkMethod.java:47)
	at org.junit.internal.runners.model.ReflectiveCallable.run(ReflectiveCallable.java:12)
	at org.junit.runners.model.FrameworkMethod.invokeExplosively(FrameworkMethod.java:44)
	at org.junit.internal.runners.statements.InvokeMethod.evaluate(InvokeMethod.java:17)
	at org.junit.internal.runners.statements.RunBefores.evaluate(RunBefores.java:26)
	at org.junit.internal.runners.statements.RunAfters.evaluate(RunAfters.java:27)
	at org.junit.internal.runners.statements.FailOnTimeout$StatementThread.run(FailOnTimeout.java:74)

Dec 26, 2020 1:57:54 AM org.apache.ratis.thirdparty.io.grpc.internal.ManagedChannelOrphanWrapper$ManagedChannelReference cleanQueue
SEVERE: *~*~*~ Channel ManagedChannelImpl{logId=946, target=172.17.0.2:33067} was not shutdown properly!!! ~*~*~*
    Make sure to call shutdown()/shutdownNow() and wait until awaitTermination() returns true.
java.lang.RuntimeException: ManagedChannel allocation site
	at org.apache.ratis.thirdparty.io.grpc.internal.ManagedChannelOrphanWrapper$ManagedChannelReference.<init>(ManagedChannelOrphanWrapper.java:93)
	at org.apache.ratis.thirdparty.io.grpc.internal.ManagedChannelOrphanWrapper.<init>(ManagedChannelOrphanWrapper.java:53)
	at org.apache.ratis.thirdparty.io.grpc.internal.ManagedChannelOrphanWrapper.<init>(ManagedChannelOrphanWrapper.java:44)
	at org.apache.ratis.thirdparty.io.grpc.internal.AbstractManagedChannelImplBuilder.build(AbstractManagedChannelImplBuilder.java:518)
	at org.apache.ratis.grpc.client.GrpcClientProtocolClient.<init>(GrpcClientProtocolClient.java:133)
	at org.apache.ratis.grpc.client.GrpcClientRpc.lambda$new$0(GrpcClientRpc.java:56)
	at org.apache.ratis.util.PeerProxyMap$PeerAndProxy.lambda$getProxy$0(PeerProxyMap.java:63)
	at org.apache.ratis.util.LifeCycle.startAndTransition(LifeCycle.java:270)
	at org.apache.ratis.util.PeerProxyMap$PeerAndProxy.getProxy(PeerProxyMap.java:62)
	at org.apache.ratis.util.PeerProxyMap.getProxy(PeerProxyMap.java:114)
	at org.apache.ratis.grpc.client.GrpcClientRpc.sendRequestAsync(GrpcClientRpc.java:67)
	at org.apache.ratis.client.impl.OrderedAsync.sendRequest(OrderedAsync.java:235)
	at org.apache.ratis.client.impl.OrderedAsync.sendRequestWithRetry(OrderedAsync.java:189)
	at org.apache.ratis.util.SlidingWindow$Client.sendOrDelayRequest(SlidingWindow.java:278)
	at org.apache.ratis.util.SlidingWindow$Client.submitNewRequest(SlidingWindow.java:257)
	at org.apache.ratis.client.impl.OrderedAsync.send(OrderedAsync.java:170)
	at org.apache.ratis.client.impl.OrderedAsync.newInstance(OrderedAsync.java:118)
	at org.apache.ratis.client.impl.RaftClientImpl.lambda$new$0(RaftClientImpl.java:148)
	at org.apache.ratis.util.MemoizedSupplier.get(MemoizedSupplier.java:62)
	at org.apache.ratis.client.impl.RaftClientImpl.getOrderedAsync(RaftClientImpl.java:200)
	at org.apache.ratis.client.impl.AsyncImpl.send(AsyncImpl.java:41)
	at org.apache.ratis.client.impl.AsyncImpl.send(AsyncImpl.java:46)
	at org.apache.hadoop.hdds.scm.XceiverClientRatis.lambda$sendRequestAsync$3(XceiverClientRatis.java:225)
	at org.apache.hadoop.hdds.tracing.TracingUtil.executeInNewSpan(TracingUtil.java:159)
	at org.apache.hadoop.hdds.scm.XceiverClientRatis.sendRequestAsync(XceiverClientRatis.java:210)
	at org.apache.hadoop.hdds.scm.XceiverClientRatis.sendCommandAsync(XceiverClientRatis.java:306)
	at org.apache.hadoop.hdds.scm.storage.ContainerProtocolCalls.writeChunkAsync(ContainerProtocolCalls.java:304)
	at org.apache.hadoop.hdds.scm.storage.BlockOutputStream.writeChunkToContainer(BlockOutputStream.java:665)
	at org.apache.hadoop.hdds.scm.storage.BlockOutputStream.writeChunk(BlockOutputStream.java:507)
	at org.apache.hadoop.hdds.scm.storage.BlockOutputStream.writeOnRetry(BlockOutputStream.java:318)
	at org.apache.hadoop.ozone.client.io.BlockOutputStreamEntry.writeOnRetry(BlockOutputStreamEntry.java:186)
	at org.apache.hadoop.ozone.client.io.KeyOutputStream.writeToOutputStream(KeyOutputStream.java:254)
	at org.apache.hadoop.ozone.client.io.KeyOutputStream.handleWrite(KeyOutputStream.java:234)
	at org.apache.hadoop.ozone.client.io.KeyOutputStream.handleRetry(KeyOutputStream.java:417)
	at org.apache.hadoop.ozone.client.io.KeyOutputStream.handleException(KeyOutputStream.java:362)
	at org.apache.hadoop.ozone.client.io.KeyOutputStream.handleFlushOrClose(KeyOutputStream.java:473)
	at org.apache.hadoop.ozone.client.io.KeyOutputStream.handleWrite(KeyOutputStream.java:238)
	at org.apache.hadoop.ozone.client.io.KeyOutputStream.write(KeyOutputStream.java:214)
	at org.apache.hadoop.ozone.client.io.OzoneOutputStream.write(OzoneOutputStream.java:49)
	at java.io.OutputStream.write(OutputStream.java:75)
	at org.apache.hadoop.ozone.client.rpc.TestBlockOutputStreamWithFailuresFlushDelay.testWatchForCommitWithSingleNodeRatis(TestBlockOutputStreamWithFailuresFlushDelay.java:644)
	at sun.reflect.NativeMethodAccessorImpl.invoke0(Native Method)
	at sun.reflect.NativeMethodAccessorImpl.invoke(NativeMethodAccessorImpl.java:62)
	at sun.reflect.DelegatingMethodAccessorImpl.invoke(DelegatingMethodAccessorImpl.java:43)
	at java.lang.reflect.Method.invoke(Method.java:498)
	at org.junit.runners.model.FrameworkMethod$1.runReflectiveCall(FrameworkMethod.java:47)
	at org.junit.internal.runners.model.ReflectiveCallable.run(ReflectiveCallable.java:12)
	at org.junit.runners.model.FrameworkMethod.invokeExplosively(FrameworkMethod.java:44)
	at org.junit.internal.runners.statements.InvokeMethod.evaluate(InvokeMethod.java:17)
	at org.junit.internal.runners.statements.RunBefores.evaluate(RunBefores.java:26)
	at org.junit.internal.runners.statements.RunAfters.evaluate(RunAfters.java:27)
	at org.junit.internal.runners.statements.FailOnTimeout$StatementThread.run(FailOnTimeout.java:74)

Dec 26, 2020 1:57:54 AM org.apache.ratis.thirdparty.io.grpc.internal.ManagedChannelOrphanWrapper$ManagedChannelReference cleanQueue
SEVERE: *~*~*~ Channel ManagedChannelImpl{logId=956, target=172.17.0.2:41837} was not shutdown properly!!! ~*~*~*
    Make sure to call shutdown()/shutdownNow() and wait until awaitTermination() returns true.
java.lang.RuntimeException: ManagedChannel allocation site
	at org.apache.ratis.thirdparty.io.grpc.internal.ManagedChannelOrphanWrapper$ManagedChannelReference.<init>(ManagedChannelOrphanWrapper.java:93)
	at org.apache.ratis.thirdparty.io.grpc.internal.ManagedChannelOrphanWrapper.<init>(ManagedChannelOrphanWrapper.java:53)
	at org.apache.ratis.thirdparty.io.grpc.internal.ManagedChannelOrphanWrapper.<init>(ManagedChannelOrphanWrapper.java:44)
	at org.apache.ratis.thirdparty.io.grpc.internal.AbstractManagedChannelImplBuilder.build(AbstractManagedChannelImplBuilder.java:518)
	at org.apache.hadoop.hdds.scm.XceiverClientGrpc.connectToDatanode(XceiverClientGrpc.java:193)
	at org.apache.hadoop.hdds.scm.XceiverClientGrpc.connect(XceiverClientGrpc.java:142)
	at org.apache.hadoop.hdds.scm.XceiverClientManager$2.call(XceiverClientManager.java:240)
	at org.apache.hadoop.hdds.scm.XceiverClientManager$2.call(XceiverClientManager.java:224)
	at com.google.common.cache.LocalCache$LocalManualCache$1.load(LocalCache.java:4876)
	at com.google.common.cache.LocalCache$LoadingValueReference.loadFuture(LocalCache.java:3529)
	at com.google.common.cache.LocalCache$Segment.loadSync(LocalCache.java:2278)
	at com.google.common.cache.LocalCache$Segment.lockedGetOrLoad(LocalCache.java:2155)
	at com.google.common.cache.LocalCache$Segment.get(LocalCache.java:2045)
	at com.google.common.cache.LocalCache.get(LocalCache.java:3951)
	at com.google.common.cache.LocalCache$LocalManualCache.get(LocalCache.java:4871)
	at org.apache.hadoop.hdds.scm.XceiverClientManager.getClient(XceiverClientManager.java:224)
	at org.apache.hadoop.hdds.scm.XceiverClientManager.acquireClient(XceiverClientManager.java:170)
	at org.apache.hadoop.hdds.scm.XceiverClientManager.acquireClientForReadData(XceiverClientManager.java:159)
	at org.apache.hadoop.hdds.scm.storage.BlockInputStream.acquireClient(BlockInputStream.java:220)
	at org.apache.hadoop.hdds.scm.storage.BlockInputStream.getChunkInfos(BlockInputStream.java:194)
	at org.apache.hadoop.hdds.scm.storage.BlockInputStream.initialize(BlockInputStream.java:135)
	at org.apache.hadoop.hdds.scm.storage.BlockInputStream.read(BlockInputStream.java:269)
	at org.apache.hadoop.ozone.client.io.KeyInputStream.read(KeyInputStream.java:199)
	at org.apache.hadoop.ozone.client.io.OzoneInputStream.read(OzoneInputStream.java:49)
	at java.io.InputStream.read(InputStream.java:101)
	at org.apache.hadoop.ozone.container.TestHelper.validateData(TestHelper.java:146)
	at org.apache.hadoop.ozone.client.rpc.TestBlockOutputStreamWithFailuresFlushDelay.validateData(TestBlockOutputStreamWithFailuresFlushDelay.java:871)
	at org.apache.hadoop.ozone.client.rpc.TestBlockOutputStreamWithFailuresFlushDelay.testWatchForCommitWithSingleNodeRatis(TestBlockOutputStreamWithFailuresFlushDelay.java:668)
	at sun.reflect.NativeMethodAccessorImpl.invoke0(Native Method)
	at sun.reflect.NativeMethodAccessorImpl.invoke(NativeMethodAccessorImpl.java:62)
	at sun.reflect.DelegatingMethodAccessorImpl.invoke(DelegatingMethodAccessorImpl.java:43)
	at java.lang.reflect.Method.invoke(Method.java:498)
	at org.junit.runners.model.FrameworkMethod$1.runReflectiveCall(FrameworkMethod.java:47)
	at org.junit.internal.runners.model.ReflectiveCallable.run(ReflectiveCallable.java:12)
	at org.junit.runners.model.FrameworkMethod.invokeExplosively(FrameworkMethod.java:44)
	at org.junit.internal.runners.statements.InvokeMethod.evaluate(InvokeMethod.java:17)
	at org.junit.internal.runners.statements.RunBefores.evaluate(RunBefores.java:26)
	at org.junit.internal.runners.statements.RunAfters.evaluate(RunAfters.java:27)
	at org.junit.internal.runners.statements.FailOnTimeout$StatementThread.run(FailOnTimeout.java:74)

Dec 26, 2020 1:57:54 AM org.apache.ratis.thirdparty.io.grpc.internal.ManagedChannelOrphanWrapper$ManagedChannelReference cleanQueue
SEVERE: *~*~*~ Channel ManagedChannelImpl{logId=931, target=172.17.0.2:36835} was not shutdown properly!!! ~*~*~*
    Make sure to call shutdown()/shutdownNow() and wait until awaitTermination() returns true.
java.lang.RuntimeException: ManagedChannel allocation site
	at org.apache.ratis.thirdparty.io.grpc.internal.ManagedChannelOrphanWrapper$ManagedChannelReference.<init>(ManagedChannelOrphanWrapper.java:93)
	at org.apache.ratis.thirdparty.io.grpc.internal.ManagedChannelOrphanWrapper.<init>(ManagedChannelOrphanWrapper.java:53)
	at org.apache.ratis.thirdparty.io.grpc.internal.ManagedChannelOrphanWrapper.<init>(ManagedChannelOrphanWrapper.java:44)
	at org.apache.ratis.thirdparty.io.grpc.internal.AbstractManagedChannelImplBuilder.build(AbstractManagedChannelImplBuilder.java:518)
	at org.apache.ratis.grpc.client.GrpcClientProtocolClient.<init>(GrpcClientProtocolClient.java:133)
	at org.apache.ratis.grpc.client.GrpcClientRpc.lambda$new$0(GrpcClientRpc.java:56)
	at org.apache.ratis.util.PeerProxyMap$PeerAndProxy.lambda$getProxy$0(PeerProxyMap.java:63)
	at org.apache.ratis.util.LifeCycle.startAndTransition(LifeCycle.java:270)
	at org.apache.ratis.util.PeerProxyMap$PeerAndProxy.getProxy(PeerProxyMap.java:62)
	at org.apache.ratis.util.PeerProxyMap.getProxy(PeerProxyMap.java:114)
	at org.apache.ratis.grpc.client.GrpcClientRpc.sendRequestAsync(GrpcClientRpc.java:67)
	at org.apache.ratis.client.impl.OrderedAsync.sendRequest(OrderedAsync.java:235)
	at org.apache.ratis.client.impl.OrderedAsync.sendRequestWithRetry(OrderedAsync.java:189)
	at org.apache.ratis.util.SlidingWindow$Client.sendOrDelayRequest(SlidingWindow.java:278)
	at org.apache.ratis.util.SlidingWindow$Client.submitNewRequest(SlidingWindow.java:257)
	at org.apache.ratis.client.impl.OrderedAsync.send(OrderedAsync.java:170)
	at org.apache.ratis.client.impl.OrderedAsync.newInstance(OrderedAsync.java:118)
	at org.apache.ratis.client.impl.RaftClientImpl.lambda$new$0(RaftClientImpl.java:148)
	at org.apache.ratis.util.MemoizedSupplier.get(MemoizedSupplier.java:62)
	at org.apache.ratis.client.impl.RaftClientImpl.getOrderedAsync(RaftClientImpl.java:200)
	at org.apache.ratis.client.impl.AsyncImpl.send(AsyncImpl.java:41)
	at org.apache.ratis.client.impl.AsyncImpl.send(AsyncImpl.java:46)
	at org.apache.hadoop.hdds.scm.XceiverClientRatis.lambda$sendRequestAsync$3(XceiverClientRatis.java:225)
	at org.apache.hadoop.hdds.tracing.TracingUtil.executeInNewSpan(TracingUtil.java:159)
	at org.apache.hadoop.hdds.scm.XceiverClientRatis.sendRequestAsync(XceiverClientRatis.java:210)
	at org.apache.hadoop.hdds.scm.XceiverClientRatis.sendCommandAsync(XceiverClientRatis.java:306)
	at org.apache.hadoop.hdds.scm.storage.ContainerProtocolCalls.writeChunkAsync(ContainerProtocolCalls.java:304)
	at org.apache.hadoop.hdds.scm.storage.BlockOutputStream.writeChunkToContainer(BlockOutputStream.java:665)
	at org.apache.hadoop.hdds.scm.storage.BlockOutputStream.writeChunk(BlockOutputStream.java:507)
	at org.apache.hadoop.hdds.scm.storage.BlockOutputStream.writeChunkIfNeeded(BlockOutputStream.java:238)
	at org.apache.hadoop.hdds.scm.storage.BlockOutputStream.write(BlockOutputStream.java:261)
	at org.apache.hadoop.ozone.client.io.BlockOutputStreamEntry.write(BlockOutputStreamEntry.java:115)
	at org.apache.hadoop.ozone.client.io.KeyOutputStream.writeToOutputStream(KeyOutputStream.java:256)
	at org.apache.hadoop.ozone.client.io.KeyOutputStream.handleWrite(KeyOutputStream.java:234)
	at org.apache.hadoop.ozone.client.io.KeyOutputStream.write(KeyOutputStream.java:214)
	at org.apache.hadoop.ozone.client.io.OzoneOutputStream.write(OzoneOutputStream.java:49)
	at java.io.OutputStream.write(OutputStream.java:75)
	at org.apache.hadoop.ozone.client.rpc.TestBlockOutputStreamWithFailuresFlushDelay.testWatchForCommitWithSingleNodeRatis(TestBlockOutputStreamWithFailuresFlushDelay.java:590)
	at sun.reflect.NativeMethodAccessorImpl.invoke0(Native Method)
	at sun.reflect.NativeMethodAccessorImpl.invoke(NativeMethodAccessorImpl.java:62)
	at sun.reflect.DelegatingMethodAccessorImpl.invoke(DelegatingMethodAccessorImpl.java:43)
	at java.lang.reflect.Method.invoke(Method.java:498)
	at org.junit.runners.model.FrameworkMethod$1.runReflectiveCall(FrameworkMethod.java:47)
	at org.junit.internal.runners.model.ReflectiveCallable.run(ReflectiveCallable.java:12)
	at org.junit.runners.model.FrameworkMethod.invokeExplosively(FrameworkMethod.java:44)
	at org.junit.internal.runners.statements.InvokeMethod.evaluate(InvokeMethod.java:17)
	at org.junit.internal.runners.statements.RunBefores.evaluate(RunBefores.java:26)
	at org.junit.internal.runners.statements.RunAfters.evaluate(RunAfters.java:27)
	at org.junit.internal.runners.statements.FailOnTimeout$StatementThread.run(FailOnTimeout.java:74)

Dec 26, 2020 1:57:54 AM org.apache.ratis.thirdparty.io.grpc.internal.ManagedChannelOrphanWrapper$ManagedChannelReference cleanQueue
SEVERE: *~*~*~ Channel ManagedChannelImpl{logId=786, target=172.17.0.2:41567} was not shutdown properly!!! ~*~*~*
    Make sure to call shutdown()/shutdownNow() and wait until awaitTermination() returns true.
java.lang.RuntimeException: ManagedChannel allocation site
	at org.apache.ratis.thirdparty.io.grpc.internal.ManagedChannelOrphanWrapper$ManagedChannelReference.<init>(ManagedChannelOrphanWrapper.java:93)
	at org.apache.ratis.thirdparty.io.grpc.internal.ManagedChannelOrphanWrapper.<init>(ManagedChannelOrphanWrapper.java:53)
	at org.apache.ratis.thirdparty.io.grpc.internal.ManagedChannelOrphanWrapper.<init>(ManagedChannelOrphanWrapper.java:44)
	at org.apache.ratis.thirdparty.io.grpc.internal.AbstractManagedChannelImplBuilder.build(AbstractManagedChannelImplBuilder.java:518)
	at org.apache.hadoop.hdds.scm.XceiverClientGrpc.connectToDatanode(XceiverClientGrpc.java:193)
	at org.apache.hadoop.hdds.scm.XceiverClientGrpc.connect(XceiverClientGrpc.java:142)
	at org.apache.hadoop.hdds.scm.XceiverClientManager$2.call(XceiverClientManager.java:240)
	at org.apache.hadoop.hdds.scm.XceiverClientManager$2.call(XceiverClientManager.java:224)
	at com.google.common.cache.LocalCache$LocalManualCache$1.load(LocalCache.java:4876)
	at com.google.common.cache.LocalCache$LoadingValueReference.loadFuture(LocalCache.java:3529)
	at com.google.common.cache.LocalCache$Segment.loadSync(LocalCache.java:2278)
	at com.google.common.cache.LocalCache$Segment.lockedGetOrLoad(LocalCache.java:2155)
	at com.google.common.cache.LocalCache$Segment.get(LocalCache.java:2045)
	at com.google.common.cache.LocalCache.get(LocalCache.java:3951)
	at com.google.common.cache.LocalCache$LocalManualCache.get(LocalCache.java:4871)
	at org.apache.hadoop.hdds.scm.XceiverClientManager.getClient(XceiverClientManager.java:224)
	at org.apache.hadoop.hdds.scm.XceiverClientManager.acquireClient(XceiverClientManager.java:170)
	at org.apache.hadoop.hdds.scm.XceiverClientManager.acquireClientForReadData(XceiverClientManager.java:159)
	at org.apache.hadoop.hdds.scm.storage.BlockInputStream.acquireClient(BlockInputStream.java:220)
	at org.apache.hadoop.hdds.scm.storage.BlockInputStream.getChunkInfos(BlockInputStream.java:194)
	at org.apache.hadoop.hdds.scm.storage.BlockInputStream.initialize(BlockInputStream.java:135)
	at org.apache.hadoop.hdds.scm.storage.BlockInputStream.read(BlockInputStream.java:269)
	at org.apache.hadoop.ozone.client.io.KeyInputStream.read(KeyInputStream.java:199)
	at org.apache.hadoop.ozone.client.io.OzoneInputStream.read(OzoneInputStream.java:49)
	at java.io.InputStream.read(InputStream.java:101)
	at org.apache.hadoop.ozone.container.TestHelper.validateData(TestHelper.java:146)
	at org.apache.hadoop.ozone.client.rpc.TestBlockOutputStreamWithFailuresFlushDelay.validateData(TestBlockOutputStreamWithFailuresFlushDelay.java:871)
	at org.apache.hadoop.ozone.client.rpc.TestBlockOutputStreamWithFailuresFlushDelay.testDatanodeFailureWithSingleNodeRatis(TestBlockOutputStreamWithFailuresFlushDelay.java:761)
	at sun.reflect.NativeMethodAccessorImpl.invoke0(Native Method)
	at sun.reflect.NativeMethodAccessorImpl.invoke(NativeMethodAccessorImpl.java:62)
	at sun.reflect.DelegatingMethodAccessorImpl.invoke(DelegatingMethodAccessorImpl.java:43)
	at java.lang.reflect.Method.invoke(Method.java:498)
	at org.junit.runners.model.FrameworkMethod$1.runReflectiveCall(FrameworkMethod.java:47)
	at org.junit.internal.runners.model.ReflectiveCallable.run(ReflectiveCallable.java:12)
	at org.junit.runners.model.FrameworkMethod.invokeExplosively(FrameworkMethod.java:44)
	at org.junit.internal.runners.statements.InvokeMethod.evaluate(InvokeMethod.java:17)
	at org.junit.internal.runners.statements.RunBefores.evaluate(RunBefores.java:26)
	at org.junit.internal.runners.statements.RunAfters.evaluate(RunAfters.java:27)
	at org.junit.internal.runners.statements.FailOnTimeout$StatementThread.run(FailOnTimeout.java:74)

]]></system-err>
  </testcase>
  <testcase name="testFailureWithPrimeSizedData" classname="org.apache.hadoop.ozone.client.rpc.TestBlockOutputStreamWithFailuresFlushDelay" time="53.239"/>
  <testcase name="testWatchForCommitWithCloseContainerException" classname="org.apache.hadoop.ozone.client.rpc.TestBlockOutputStreamWithFailuresFlushDelay" time="50.83"/>
  <testcase name="testExceptionDuringClose" classname="org.apache.hadoop.ozone.client.rpc.TestBlockOutputStreamWithFailuresFlushDelay" time="50.771"/>
</testsuite>