<?xml version="1.0" encoding="UTF-8"?>
<testsuite xmlns:xsi="http://www.w3.org/2001/XMLSchema-instance" xsi:noNamespaceSchemaLocation="https://maven.apache.org/surefire/maven-surefire-plugin/xsd/surefire-test-report-3.0.xsd" version="3.0" name="org.apache.hadoop.ozone.shell.TestResetDeletedBlockRetryCountShell" time="20.074" tests="1" errors="1" skipped="0" failures="0">
  <properties>
    <property name="awt.toolkit" value="sun.awt.X11.XToolkit"/>
    <property name="file.encoding.pkg" value="sun.io"/>
    <property name="java.specification.version" value="1.8"/>
    <property name="sun.cpu.isalist" value=""/>
    <property name="sun.jnu.encoding" value="UTF-8"/>
    <property name="java.class.path" value="/home/runner/work/ozone/ozone/hadoop-ozone/integration-test/target/test-classes:/home/runner/work/ozone/ozone/hadoop-ozone/integration-test/target/classes:/home/runner/.m2/repository/org/apache/ozone/ozone-common/1.4.0-SNAPSHOT/ozone-common-1.4.0-SNAPSHOT.jar:/home/runner/.m2/repository/io/grpc/grpc-netty/1.48.1/grpc-netty-1.48.1.jar:/home/runner/.m2/repository/io/grpc/grpc-core/1.48.1/grpc-core-1.48.1.jar:/home/runner/.m2/repository/com/google/android/annotations/4.1.1.4/annotations-4.1.1.4.jar:/home/runner/.m2/repository/org/codehaus/mojo/animal-sniffer-annotations/1.21/animal-sniffer-annotations-1.21.jar:/home/runner/.m2/repository/com/google/errorprone/error_prone_annotations/2.2.0/error_prone_annotations-2.2.0.jar:/home/runner/.m2/repository/io/perfmark/perfmark-api/0.25.0/perfmark-api-0.25.0.jar:/home/runner/.m2/repository/io/netty/netty-codec-http2/4.1.77.Final/netty-codec-http2-4.1.77.Final.jar:/home/runner/.m2/repository/io/netty/netty-common/4.1.77.Final/netty-common-4.1.77.Final.jar:/home/runner/.m2/repository/io/netty/netty-buffer/4.1.77.Final/netty-buffer-4.1.77.Final.jar:/home/runner/.m2/repository/io/netty/netty-codec-http/4.1.77.Final/netty-codec-http-4.1.77.Final.jar:/home/runner/.m2/repository/io/netty/netty-handler-proxy/4.1.77.Final/netty-handler-proxy-4.1.77.Final.jar:/home/runner/.m2/repository/io/netty/netty-codec-socks/4.1.77.Final/netty-codec-socks-4.1.77.Final.jar:/home/runner/.m2/repository/io/netty/netty-tcnative-boringssl-static/2.0.52.Final/netty-tcnative-boringssl-static-2.0.52.Final.jar:/home/runner/.m2/repository/io/netty/netty-tcnative-classes/2.0.52.Final/netty-tcnative-classes-2.0.52.Final.jar:/home/runner/.m2/repository/io/netty/netty-tcnative-boringssl-static/2.0.52.Final/netty-tcnative-boringssl-static-2.0.52.Final-linux-x86_64.jar:/home/runner/.m2/repository/io/netty/netty-tcnative-boringssl-static/2.0.52.Final/netty-tcnative-boringssl-static-2.0.52.Final-linux-aarch_64.jar:/home/runner/.m2/repository/io/netty/netty-tcnative-boringssl-static/2.0.52.Final/netty-tcnative-boringssl-static-2.0.52.Final-osx-x86_64.jar:/home/runner/.m2/repository/io/netty/netty-tcnative-boringssl-static/2.0.52.Final/netty-tcnative-boringssl-static-2.0.52.Final-osx-aarch_64.jar:/home/runner/.m2/repository/io/netty/netty-tcnative-boringssl-static/2.0.52.Final/netty-tcnative-boringssl-static-2.0.52.Final-windows-x86_64.jar:/home/runner/.m2/repository/org/apache/commons/commons-compress/1.21/commons-compress-1.21.jar:/home/runner/.m2/repository/org/apache/ozone/hdds-common/1.4.0-SNAPSHOT/hdds-common-1.4.0-SNAPSHOT.jar:/home/runner/.m2/repository/org/apache/ozone/hdds-client/1.4.0-SNAPSHOT/hdds-client-1.4.0-SNAPSHOT.jar:/home/runner/.m2/repository/org/apache/ozone/ozone-interface-client/1.4.0-SNAPSHOT/ozone-interface-client-1.4.0-SNAPSHOT.jar:/home/runner/.m2/repository/org/apache/ozone/hdds-test-utils/1.4.0-SNAPSHOT/hdds-test-utils-1.4.0-SNAPSHOT.jar:/home/runner/.m2/repository/com/google/guava/guava/31.1-jre/guava-31.1-jre.jar:/home/runner/.m2/repository/com/google/guava/failureaccess/1.0.1/failureaccess-1.0.1.jar:/home/runner/.m2/repository/com/google/guava/listenablefuture/9999.0-empty-to-avoid-conflict-with-guava/listenablefuture-9999.0-empty-to-avoid-conflict-with-guava.jar:/home/runner/.m2/repository/com/google/code/findbugs/jsr305/3.0.0/jsr305-3.0.0.jar:/home/runner/.m2/repository/org/checkerframework/checker-qual/3.12.0/checker-qual-3.12.0.jar:/home/runner/.m2/repository/com/google/j2objc/j2objc-annotations/1.3/j2objc-annotations-1.3.jar:/home/runner/.m2/repository/commons-io/commons-io/2.11.0/commons-io-2.11.0.jar:/home/runner/.m2/repository/commons-logging/commons-logging/1.2/commons-logging-1.2.jar:/home/runner/.m2/repository/ch/qos/reload4j/reload4j/1.2.22/reload4j-1.2.22.jar:/home/runner/.m2/repository/org/slf4j/slf4j-api/1.7.36/slf4j-api-1.7.36.jar:/home/runner/.m2/repository/org/apache/ozone/hdds-server-scm/1.4.0-SNAPSHOT/hdds-server-scm-1.4.0-SNAPSHOT.jar:/home/runner/.m2/repository/org/apache/ozone/hdds-container-service/1.4.0-SNAPSHOT/hdds-container-service-1.4.0-SNAPSHOT.jar:/home/runner/.m2/repository/org/apache/ozone/hdds-hadoop-dependency-server/1.4.0-SNAPSHOT/hdds-hadoop-dependency-server-1.4.0-SNAPSHOT.jar:/home/runner/.m2/repository/org/apache/hadoop/hadoop-hdfs/3.3.4/hadoop-hdfs-3.3.4.jar:/home/runner/.m2/repository/org/eclipse/jetty/jetty-util-ajax/9.4.49.v20220914/jetty-util-ajax-9.4.49.v20220914.jar:/home/runner/.m2/repository/commons-daemon/commons-daemon/1.0.13/commons-daemon-1.0.13.jar:/home/runner/.m2/repository/org/apache/ozone/hdds-server-framework/1.4.0-SNAPSHOT/hdds-server-framework-1.4.0-SNAPSHOT.jar:/home/runner/.m2/repository/org/apache/ozone/hdds-interface-server/1.4.0-SNAPSHOT/hdds-interface-server-1.4.0-SNAPSHOT.jar:/home/runner/.m2/repository/org/apache/commons/commons-configuration2/2.1.1/commons-configuration2-2.1.1.jar:/home/runner/.m2/repository/org/apache/logging/log4j/log4j-core/2.17.1/log4j-core-2.17.1.jar:/home/runner/.m2/repository/com/lmax/disruptor/3.4.2/disruptor-3.4.2.jar:/home/runner/.m2/repository/org/eclipse/jetty/jetty-servlet/9.4.49.v20220914/jetty-servlet-9.4.49.v20220914.jar:/home/runner/.m2/repository/org/eclipse/jetty/jetty-security/9.4.49.v20220914/jetty-security-9.4.49.v20220914.jar:/home/runner/.m2/repository/org/rocksdb/rocksdbjni/7.7.3/rocksdbjni-7.7.3.jar:/home/runner/.m2/repository/io/prometheus/simpleclient_dropwizard/0.7.0/simpleclient_dropwizard-0.7.0.jar:/home/runner/.m2/repository/io/prometheus/simpleclient/0.7.0/simpleclient-0.7.0.jar:/home/runner/.m2/repository/io/prometheus/simpleclient_common/0.7.0/simpleclient_common-0.7.0.jar:/home/runner/.m2/repository/com/github/spotbugs/spotbugs-annotations/3.1.12/spotbugs-annotations-3.1.12.jar:/home/runner/.m2/repository/io/dropwizard/metrics/metrics-core/3.2.4/metrics-core-3.2.4.jar:/home/runner/.m2/repository/org/apache/commons/commons-text/1.4/commons-text-1.4.jar:/home/runner/.m2/repository/org/apache/hadoop/hadoop-hdfs-client/3.3.4/hadoop-hdfs-client-3.3.4.jar:/home/runner/.m2/repository/com/squareup/okhttp3/okhttp/4.9.3/okhttp-4.9.3.jar:/home/runner/.m2/repository/com/squareup/okio/okio/2.8.0/okio-2.8.0.jar:/home/runner/.m2/repository/org/jetbrains/kotlin/kotlin-stdlib-common/1.4.10/kotlin-stdlib-common-1.4.10.jar:/home/runner/.m2/repository/org/bouncycastle/bcprov-jdk15on/1.67/bcprov-jdk15on-1.67.jar:/home/runner/.m2/repository/com/google/protobuf/protobuf-java/2.5.0/protobuf-java-2.5.0.jar:/home/runner/.m2/repository/org/apache/ozone/ozone-manager/1.4.0-SNAPSHOT/ozone-manager-1.4.0-SNAPSHOT.jar:/home/runner/.m2/repository/org/aspectj/aspectjrt/1.9.7/aspectjrt-1.9.7.jar:/home/runner/.m2/repository/org/aspectj/aspectjweaver/1.9.7/aspectjweaver-1.9.7.jar:/home/runner/.m2/repository/org/apache/ozone/hdds-interface-client/1.4.0-SNAPSHOT/hdds-interface-client-1.4.0-SNAPSHOT.jar:/home/runner/.m2/repository/org/apache/hadoop/thirdparty/hadoop-shaded-protobuf_3_7/1.1.1/hadoop-shaded-protobuf_3_7-1.1.1.jar:/home/runner/.m2/repository/org/apache/ozone/ozone-interface-storage/1.4.0-SNAPSHOT/ozone-interface-storage-1.4.0-SNAPSHOT.jar:/home/runner/.m2/repository/org/reflections/reflections/0.9.11/reflections-0.9.11.jar:/home/runner/.m2/repository/com/sun/jersey/jersey-client/1.19/jersey-client-1.19.jar:/home/runner/.m2/repository/org/apache/ranger/ranger-intg/2.3.0/ranger-intg-2.3.0.jar:/home/runner/.m2/repository/org/apache/ranger/ranger-plugins-common/2.3.0/ranger-plugins-common-2.3.0.jar:/home/runner/.m2/repository/commons-lang/commons-lang/2.6/commons-lang-2.6.jar:/home/runner/.m2/repository/org/codehaus/jackson/jackson-jaxrs/1.9.13/jackson-jaxrs-1.9.13.jar:/home/runner/.m2/repository/org/apache/ranger/ranger-plugins-cred/2.3.0/ranger-plugins-cred-2.3.0.jar:/home/runner/.m2/repository/org/apache/ranger/ranger-plugins-audit/2.3.0/ranger-plugins-audit-2.3.0.jar:/home/runner/.m2/repository/org/eclipse/jetty/jetty-client/9.4.31.v20200723/jetty-client-9.4.31.v20200723.jar:/home/runner/.m2/repository/org/apache/httpcomponents/httpmime/4.5.6/httpmime-4.5.6.jar:/home/runner/.m2/repository/org/apache/httpcomponents/httpcore-nio/4.4.6/httpcore-nio-4.4.6.jar:/home/runner/.m2/repository/org/apache/httpcomponents/httpasyncclient/4.1.3/httpasyncclient-4.1.3.jar:/home/runner/.m2/repository/com/carrotsearch/hppc/0.8.0/hppc-0.8.0.jar:/home/runner/.m2/repository/org/apache/orc/orc-core/1.5.8/orc-core-1.5.8.jar:/home/runner/.m2/repository/net/java/dev/jna/jna/5.2.0/jna-5.2.0.jar:/home/runner/.m2/repository/net/java/dev/jna/jna-platform/5.2.0/jna-platform-5.2.0.jar:/home/runner/.m2/repository/com/kstruct/gethostname4j/0.0.2/gethostname4j-0.0.2.jar:/home/runner/.m2/repository/org/apache/ranger/ranger-plugin-classloader/2.3.0/ranger-plugin-classloader-2.3.0.jar:/home/runner/.m2/repository/org/apache/hadoop/hadoop-minikdc/3.3.4/hadoop-minikdc-3.3.4.jar:/home/runner/.m2/repository/org/apache/kerby/kerb-simplekdc/1.0.1/kerb-simplekdc-1.0.1.jar:/home/runner/.m2/repository/org/apache/kerby/kerb-client/1.0.1/kerb-client-1.0.1.jar:/home/runner/.m2/repository/org/apache/kerby/kerby-config/1.0.1/kerby-config-1.0.1.jar:/home/runner/.m2/repository/org/apache/kerby/kerb-common/1.0.1/kerb-common-1.0.1.jar:/home/runner/.m2/repository/org/apache/kerby/kerb-crypto/1.0.1/kerb-crypto-1.0.1.jar:/home/runner/.m2/repository/org/apache/kerby/kerb-util/1.0.1/kerb-util-1.0.1.jar:/home/runner/.m2/repository/org/apache/kerby/token-provider/1.0.1/token-provider-1.0.1.jar:/home/runner/.m2/repository/org/apache/kerby/kerb-admin/1.0.1/kerb-admin-1.0.1.jar:/home/runner/.m2/repository/org/apache/kerby/kerb-server/1.0.1/kerb-server-1.0.1.jar:/home/runner/.m2/repository/org/apache/kerby/kerb-identity/1.0.1/kerb-identity-1.0.1.jar:/home/runner/.m2/repository/org/apache/kerby/kerby-xdr/1.0.1/kerby-xdr-1.0.1.jar:/home/runner/.m2/repository/org/apache/ozone/ozone-s3gateway/1.4.0-SNAPSHOT/ozone-s3gateway-1.4.0-SNAPSHOT.jar:/home/runner/.m2/repository/org/javassist/javassist/3.21.0-GA/javassist-3.21.0-GA.jar:/home/runner/.m2/repository/org/jboss/weld/servlet/weld-servlet/2.4.7.Final/weld-servlet-2.4.7.Final.jar:/home/runner/.m2/repository/org/glassfish/jersey/containers/jersey-container-servlet-core/2.34/jersey-container-servlet-core-2.34.jar:/home/runner/.m2/repository/org/glassfish/hk2/external/jakarta.inject/2.6.1/jakarta.inject-2.6.1.jar:/home/runner/.m2/repository/org/glassfish/jersey/core/jersey-common/2.34/jersey-common-2.34.jar:/home/runner/.m2/repository/jakarta/ws/rs/jakarta.ws.rs-api/2.1.6/jakarta.ws.rs-api-2.1.6.jar:/home/runner/.m2/repository/org/glassfish/jersey/ext/cdi/jersey-cdi1x/2.34/jersey-cdi1x-2.34.jar:/home/runner/.m2/repository/org/glassfish/jersey/inject/jersey-hk2/2.34/jersey-hk2-2.34.jar:/home/runner/.m2/repository/org/glassfish/hk2/hk2-locator/2.6.1/hk2-locator-2.6.1.jar:/home/runner/.m2/repository/org/glassfish/jersey/media/jersey-media-jaxb/2.34/jersey-media-jaxb-2.34.jar:/home/runner/.m2/repository/org/glassfish/hk2/osgi-resource-locator/1.0.3/osgi-resource-locator-1.0.3.jar:/home/runner/.m2/repository/org/glassfish/hk2/hk2-api/2.5.0/hk2-api-2.5.0.jar:/home/runner/.m2/repository/org/glassfish/hk2/hk2-utils/2.5.0/hk2-utils-2.5.0.jar:/home/runner/.m2/repository/org/glassfish/hk2/external/aopalliance-repackaged/2.5.0/aopalliance-repackaged-2.5.0.jar:/home/runner/.m2/repository/com/fasterxml/jackson/dataformat/jackson-dataformat-xml/2.13.4/jackson-dataformat-xml-2.13.4.jar:/home/runner/.m2/repository/com/fasterxml/jackson/core/jackson-core/2.13.4/jackson-core-2.13.4.jar:/home/runner/.m2/repository/org/codehaus/woodstox/stax2-api/4.2.1/stax2-api-4.2.1.jar:/home/runner/.m2/repository/com/fasterxml/woodstox/woodstox-core/5.4.0/woodstox-core-5.4.0.jar:/home/runner/.m2/repository/com/fasterxml/jackson/module/jackson-module-jaxb-annotations/2.13.4/jackson-module-jaxb-annotations-2.13.4.jar:/home/runner/.m2/repository/jakarta/xml/bind/jakarta.xml.bind-api/2.3.3/jakarta.xml.bind-api-2.3.3.jar:/home/runner/.m2/repository/jakarta/activation/jakarta.activation-api/1.2.1/jakarta.activation-api-1.2.1.jar:/home/runner/.m2/repository/javax/enterprise/cdi-api/1.2/cdi-api-1.2.jar:/home/runner/.m2/repository/javax/el/javax.el-api/3.0.0/javax.el-api-3.0.0.jar:/home/runner/.m2/repository/javax/interceptor/javax.interceptor-api/1.2/javax.interceptor-api-1.2.jar:/home/runner/.m2/repository/javax/inject/javax.inject/1/javax.inject-1.jar:/home/runner/.m2/repository/javax/xml/bind/jaxb-api/2.3.0/jaxb-api-2.3.0.jar:/home/runner/.m2/repository/org/glassfish/jaxb/jaxb-runtime/2.3.0.1/jaxb-runtime-2.3.0.1.jar:/home/runner/.m2/repository/org/glassfish/jaxb/jaxb-core/2.3.0.1/jaxb-core-2.3.0.1.jar:/home/runner/.m2/repository/org/glassfish/jaxb/txw2/2.3.0.1/txw2-2.3.0.1.jar:/home/runner/.m2/repository/com/sun/istack/istack-commons-runtime/3.0.5/istack-commons-runtime-3.0.5.jar:/home/runner/.m2/repository/org/jvnet/staxex/stax-ex/1.7.8/stax-ex-1.7.8.jar:/home/runner/.m2/repository/com/sun/xml/fastinfoset/FastInfoset/1.2.13/FastInfoset-1.2.13.jar:/home/runner/.m2/repository/javax/activation/activation/1.1.1/activation-1.1.1.jar:/home/runner/.m2/repository/io/grpc/grpc-protobuf/1.48.1/grpc-protobuf-1.48.1.jar:/home/runner/.m2/repository/io/grpc/grpc-api/1.48.1/grpc-api-1.48.1.jar:/home/runner/.m2/repository/io/grpc/grpc-context/1.48.1/grpc-context-1.48.1.jar:/home/runner/.m2/repository/com/google/api/grpc/proto-google-common-protos/2.9.0/proto-google-common-protos-2.9.0.jar:/home/runner/.m2/repository/io/grpc/grpc-protobuf-lite/1.48.1/grpc-protobuf-lite-1.48.1.jar:/home/runner/.m2/repository/io/grpc/grpc-stub/1.48.1/grpc-stub-1.48.1.jar:/home/runner/.m2/repository/io/netty/netty-transport/4.1.77.Final/netty-transport-4.1.77.Final.jar:/home/runner/.m2/repository/io/netty/netty-resolver/4.1.77.Final/netty-resolver-4.1.77.Final.jar:/home/runner/.m2/repository/org/apache/ozone/ozone-csi/1.4.0-SNAPSHOT/ozone-csi-1.4.0-SNAPSHOT.jar:/home/runner/.m2/repository/com/google/protobuf/protobuf-java-util/3.19.6/protobuf-java-util-3.19.6.jar:/home/runner/.m2/repository/com/google/code/gson/gson/2.9.0/gson-2.9.0.jar:/home/runner/.m2/repository/org/apache/ozone/hdds-config/1.4.0-SNAPSHOT/hdds-config-1.4.0-SNAPSHOT.jar:/home/runner/.m2/repository/io/netty/netty-transport-native-epoll/4.1.77.Final/netty-transport-native-epoll-4.1.77.Final-linux-x86_64.jar:/home/runner/.m2/repository/io/netty/netty-transport-classes-epoll/4.1.77.Final/netty-transport-classes-epoll-4.1.77.Final.jar:/home/runner/.m2/repository/io/netty/netty-transport-native-unix-common/4.1.77.Final/netty-transport-native-unix-common-4.1.77.Final.jar:/home/runner/.m2/repository/org/slf4j/slf4j-reload4j/1.7.36/slf4j-reload4j-1.7.36.jar:/home/runner/.m2/repository/org/apache/ozone/ozone-recon/1.4.0-SNAPSHOT/ozone-recon-1.4.0-SNAPSHOT.jar:/home/runner/.m2/repository/org/apache/ozone/ozone-reconcodegen/1.4.0-SNAPSHOT/ozone-reconcodegen-1.4.0-SNAPSHOT.jar:/home/runner/.m2/repository/com/google/inject/extensions/guice-multibindings/4.0/guice-multibindings-4.0.jar:/home/runner/.m2/repository/com/google/inject/guice/4.0/guice-4.0.jar:/home/runner/.m2/repository/aopalliance/aopalliance/1.0/aopalliance-1.0.jar:/home/runner/.m2/repository/com/google/inject/extensions/guice-assistedinject/4.0/guice-assistedinject-4.0.jar:/home/runner/.m2/repository/com/google/inject/extensions/guice-servlet/4.0/guice-servlet-4.0.jar:/home/runner/.m2/repository/org/glassfish/jersey/containers/jersey-container-servlet/2.34/jersey-container-servlet-2.34.jar:/home/runner/.m2/repository/org/glassfish/hk2/guice-bridge/2.5.0/guice-bridge-2.5.0.jar:/home/runner/.m2/repository/org/glassfish/jersey/core/jersey-server/2.34/jersey-server-2.34.jar:/home/runner/.m2/repository/org/glassfish/jersey/core/jersey-client/2.34/jersey-client-2.34.jar:/home/runner/.m2/repository/jakarta/annotation/jakarta.annotation-api/1.3.5/jakarta.annotation-api-1.3.5.jar:/home/runner/.m2/repository/jakarta/validation/jakarta.validation-api/2.0.2/jakarta.validation-api-2.0.2.jar:/home/runner/.m2/repository/org/glassfish/jersey/media/jersey-media-json-jackson/2.34/jersey-media-json-jackson-2.34.jar:/home/runner/.m2/repository/org/glassfish/jersey/ext/jersey-entity-filtering/2.34/jersey-entity-filtering-2.34.jar:/home/runner/.m2/repository/org/jooq/jooq/3.11.10/jooq-3.11.10.jar:/home/runner/.m2/repository/org/jooq/jooq-meta/3.11.10/jooq-meta-3.11.10.jar:/home/runner/.m2/repository/org/jooq/jooq-codegen/3.11.10/jooq-codegen-3.11.10.jar:/home/runner/.m2/repository/com/jolbox/bonecp/0.8.0.RELEASE/bonecp-0.8.0.RELEASE.jar:/home/runner/.m2/repository/org/apache/derby/derby/10.14.2.0/derby-10.14.2.0.jar:/home/runner/.m2/repository/org/xerial/sqlite-jdbc/3.25.2/sqlite-jdbc-3.25.2.jar:/home/runner/.m2/repository/org/springframework/spring-jdbc/5.3.23/spring-jdbc-5.3.23.jar:/home/runner/.m2/repository/org/springframework/spring-beans/5.3.23/spring-beans-5.3.23.jar:/home/runner/.m2/repository/org/springframework/spring-core/5.3.23/spring-core-5.3.23.jar:/home/runner/.m2/repository/org/springframework/spring-jcl/5.3.23/spring-jcl-5.3.23.jar:/home/runner/.m2/repository/org/springframework/spring-tx/5.3.23/spring-tx-5.3.23.jar:/home/runner/.m2/repository/org/apache/ozone/ozone-client/1.4.0-SNAPSHOT/ozone-client-1.4.0-SNAPSHOT.jar:/home/runner/.m2/repository/org/apache/ozone/hdds-erasurecode/1.4.0-SNAPSHOT/hdds-erasurecode-1.4.0-SNAPSHOT.jar:/home/runner/.m2/repository/org/apache/ozone/ozone-filesystem/1.4.0-SNAPSHOT/ozone-filesystem-1.4.0-SNAPSHOT.jar:/home/runner/.m2/repository/org/apache/ozone/ozone-filesystem-common/1.4.0-SNAPSHOT/ozone-filesystem-common-1.4.0-SNAPSHOT.jar:/home/runner/.m2/repository/org/apache/ozone/ozone-tools/1.4.0-SNAPSHOT/ozone-tools-1.4.0-SNAPSHOT.jar:/home/runner/.m2/repository/org/apache/ratis/ratis-tools/2.4.2-8b8bdda-SNAPSHOT/ratis-tools-2.4.2-8b8bdda-SNAPSHOT.jar:/home/runner/.m2/repository/com/amazonaws/aws-java-sdk-core/1.12.261/aws-java-sdk-core-1.12.261.jar:/home/runner/.m2/repository/org/apache/httpcomponents/httpclient/4.5.13/httpclient-4.5.13.jar:/home/runner/.m2/repository/org/apache/httpcomponents/httpcore/4.4.13/httpcore-4.4.13.jar:/home/runner/.m2/repository/software/amazon/ion/ion-java/1.0.2/ion-java-1.0.2.jar:/home/runner/.m2/repository/com/fasterxml/jackson/dataformat/jackson-dataformat-cbor/2.13.4/jackson-dataformat-cbor-2.13.4.jar:/home/runner/.m2/repository/joda-time/joda-time/2.8.1/joda-time-2.8.1.jar:/home/runner/.m2/repository/com/amazonaws/aws-java-sdk-s3/1.12.261/aws-java-sdk-s3-1.12.261.jar:/home/runner/.m2/repository/com/amazonaws/aws-java-sdk-kms/1.12.261/aws-java-sdk-kms-1.12.261.jar:/home/runner/.m2/repository/com/amazonaws/jmespath-java/1.12.261/jmespath-java-1.12.261.jar:/home/runner/.m2/repository/org/kohsuke/metainf-services/metainf-services/1.8/metainf-services-1.8.jar:/home/runner/.m2/repository/org/apache/ozone/hdds-tools/1.4.0-SNAPSHOT/hdds-tools-1.4.0-SNAPSHOT.jar:/home/runner/.m2/repository/commons-cli/commons-cli/1.2/commons-cli-1.2.jar:/home/runner/.m2/repository/org/apache/commons/commons-lang3/3.7/commons-lang3-3.7.jar:/home/runner/.m2/repository/org/apache/ozone/ozone-manager/1.4.0-SNAPSHOT/ozone-manager-1.4.0-SNAPSHOT-tests.jar:/home/runner/.m2/repository/org/apache/ozone/hdds-common/1.4.0-SNAPSHOT/hdds-common-1.4.0-SNAPSHOT-tests.jar:/home/runner/.m2/repository/org/apache/ozone/hdds-hadoop-dependency-client/1.4.0-SNAPSHOT/hdds-hadoop-dependency-client-1.4.0-SNAPSHOT.jar:/home/runner/.m2/repository/info/picocli/picocli/4.6.1/picocli-4.6.1.jar:/home/runner/.m2/repository/com/fasterxml/jackson/core/jackson-annotations/2.13.4/jackson-annotations-2.13.4.jar:/home/runner/.m2/repository/com/fasterxml/jackson/datatype/jackson-datatype-jsr310/2.13.4/jackson-datatype-jsr310-2.13.4.jar:/home/runner/.m2/repository/org/apache/ozone/hdds-annotation-processing/1.4.0-SNAPSHOT/hdds-annotation-processing-1.4.0-SNAPSHOT.jar:/home/runner/.m2/repository/javax/annotation/javax.annotation-api/1.2/javax.annotation-api-1.2.jar:/home/runner/.m2/repository/org/apache/ratis/ratis-server/2.4.2-8b8bdda-SNAPSHOT/ratis-server-2.4.2-8b8bdda-SNAPSHOT.jar:/home/runner/.m2/repository/org/apache/ratis/ratis-client/2.4.2-8b8bdda-SNAPSHOT/ratis-client-2.4.2-8b8bdda-SNAPSHOT.jar:/home/runner/.m2/repository/org/apache/ratis/ratis-server-api/2.4.2-8b8bdda-SNAPSHOT/ratis-server-api-2.4.2-8b8bdda-SNAPSHOT.jar:/home/runner/.m2/repository/org/apache/ratis/ratis-metrics/2.4.2-8b8bdda-SNAPSHOT/ratis-metrics-2.4.2-8b8bdda-SNAPSHOT.jar:/home/runner/.m2/repository/org/apache/ratis/ratis-netty/2.4.2-8b8bdda-SNAPSHOT/ratis-netty-2.4.2-8b8bdda-SNAPSHOT.jar:/home/runner/.m2/repository/org/apache/ratis/ratis-grpc/2.4.2-8b8bdda-SNAPSHOT/ratis-grpc-2.4.2-8b8bdda-SNAPSHOT.jar:/home/runner/.m2/repository/org/apache/logging/log4j/log4j-api/2.17.1/log4j-api-2.17.1.jar:/home/runner/.m2/repository/org/apache/commons/commons-pool2/2.6.0/commons-pool2-2.6.0.jar:/home/runner/.m2/repository/org/bouncycastle/bcpkix-jdk15on/1.67/bcpkix-jdk15on-1.67.jar:/home/runner/.m2/repository/commons-validator/commons-validator/1.6/commons-validator-1.6.jar:/home/runner/.m2/repository/commons-beanutils/commons-beanutils/1.9.4/commons-beanutils-1.9.4.jar:/home/runner/.m2/repository/commons-digester/commons-digester/1.8.1/commons-digester-1.8.1.jar:/home/runner/.m2/repository/commons-collections/commons-collections/3.2.2/commons-collections-3.2.2.jar:/home/runner/.m2/repository/io/jaegertracing/jaeger-client/1.6.0/jaeger-client-1.6.0.jar:/home/runner/.m2/repository/io/jaegertracing/jaeger-thrift/1.6.0/jaeger-thrift-1.6.0.jar:/home/runner/.m2/repository/org/apache/thrift/libthrift/0.14.1/libthrift-0.14.1.jar:/home/runner/.m2/repository/io/jaegertracing/jaeger-core/1.6.0/jaeger-core-1.6.0.jar:/home/runner/.m2/repository/io/jaegertracing/jaeger-tracerresolver/1.6.0/jaeger-tracerresolver-1.6.0.jar:/home/runner/.m2/repository/io/opentracing/contrib/opentracing-tracerresolver/0.1.8/opentracing-tracerresolver-0.1.8.jar:/home/runner/.m2/repository/org/jetbrains/kotlin/kotlin-stdlib/1.6.21/kotlin-stdlib-1.6.21.jar:/home/runner/.m2/repository/org/jetbrains/annotations/13.0/annotations-13.0.jar:/home/runner/.m2/repository/io/opentracing/opentracing-util/0.33.0/opentracing-util-0.33.0.jar:/home/runner/.m2/repository/io/opentracing/opentracing-api/0.33.0/opentracing-api-0.33.0.jar:/home/runner/.m2/repository/io/opentracing/opentracing-noop/0.33.0/opentracing-noop-0.33.0.jar:/home/runner/.m2/repository/org/yaml/snakeyaml/1.33/snakeyaml-1.33.jar:/home/runner/.m2/repository/org/apache/ozone/hdds-interface-admin/1.4.0-SNAPSHOT/hdds-interface-admin-1.4.0-SNAPSHOT.jar:/home/runner/.m2/repository/junit/junit/4.13.1/junit-4.13.1.jar:/home/runner/.m2/repository/org/hamcrest/hamcrest-core/1.3/hamcrest-core-1.3.jar:/home/runner/.m2/repository/org/junit/jupiter/junit-jupiter-api/5.8.2/junit-jupiter-api-5.8.2.jar:/home/runner/.m2/repository/org/opentest4j/opentest4j/1.2.0/opentest4j-1.2.0.jar:/home/runner/.m2/repository/org/junit/platform/junit-platform-commons/1.8.2/junit-platform-commons-1.8.2.jar:/home/runner/.m2/repository/org/apiguardian/apiguardian-api/1.1.2/apiguardian-api-1.1.2.jar:/home/runner/.m2/repository/org/junit/jupiter/junit-jupiter-params/5.8.2/junit-jupiter-params-5.8.2.jar:/home/runner/.m2/repository/org/junit/jupiter/junit-jupiter-migrationsupport/5.8.2/junit-jupiter-migrationsupport-5.8.2.jar:/home/runner/.m2/repository/org/junit/jupiter/junit-jupiter-engine/5.8.2/junit-jupiter-engine-5.8.2.jar:/home/runner/.m2/repository/org/junit/platform/junit-platform-engine/1.8.2/junit-platform-engine-1.8.2.jar:/home/runner/.m2/repository/org/junit/vintage/junit-vintage-engine/5.8.2/junit-vintage-engine-5.8.2.jar:/home/runner/.m2/repository/org/junit/platform/junit-platform-launcher/1.8.2/junit-platform-launcher-1.8.2.jar:/home/runner/.m2/repository/org/mockito/mockito-core/2.28.2/mockito-core-2.28.2.jar:/home/runner/.m2/repository/net/bytebuddy/byte-buddy/1.9.10/byte-buddy-1.9.10.jar:/home/runner/.m2/repository/net/bytebuddy/byte-buddy-agent/1.9.10/byte-buddy-agent-1.9.10.jar:/home/runner/.m2/repository/org/objenesis/objenesis/1.0/objenesis-1.0.jar:/home/runner/.m2/repository/org/apache/hadoop/hadoop-kms/3.3.4/hadoop-kms-3.3.4.jar:/home/runner/.m2/repository/org/apache/hadoop/hadoop-auth/3.3.4/hadoop-auth-3.3.4.jar:/home/runner/.m2/repository/com/nimbusds/nimbus-jose-jwt/9.8.1/nimbus-jose-jwt-9.8.1.jar:/home/runner/.m2/repository/com/github/stephenc/jcip/jcip-annotations/1.0-1/jcip-annotations-1.0-1.jar:/home/runner/.m2/repository/net/minidev/json-smart/2.4.7/json-smart-2.4.7.jar:/home/runner/.m2/repository/net/minidev/accessors-smart/2.4.7/accessors-smart-2.4.7.jar:/home/runner/.m2/repository/org/ow2/asm/asm/5.0.4/asm-5.0.4.jar:/home/runner/.m2/repository/org/apache/zookeeper/zookeeper/3.5.6/zookeeper-3.5.6.jar:/home/runner/.m2/repository/org/apache/zookeeper/zookeeper-jute/3.5.6/zookeeper-jute-3.5.6.jar:/home/runner/.m2/repository/org/apache/yetus/audience-annotations/0.5.0/audience-annotations-0.5.0.jar:/home/runner/.m2/repository/org/apache/curator/curator-framework/4.2.0/curator-framework-4.2.0.jar:/home/runner/.m2/repository/org/apache/hadoop/thirdparty/hadoop-shaded-guava/1.1.1/hadoop-shaded-guava-1.1.1.jar:/home/runner/.m2/repository/com/sun/jersey/jersey-core/1.19/jersey-core-1.19.jar:/home/runner/.m2/repository/javax/ws/rs/jsr311-api/1.1.1/jsr311-api-1.1.1.jar:/home/runner/.m2/repository/com/sun/jersey/jersey-server/1.19/jersey-server-1.19.jar:/home/runner/.m2/repository/javax/servlet/javax.servlet-api/3.1.0/javax.servlet-api-3.1.0.jar:/home/runner/.m2/repository/org/eclipse/jetty/jetty-server/9.4.49.v20220914/jetty-server-9.4.49.v20220914.jar:/home/runner/.m2/repository/org/eclipse/jetty/jetty-http/9.4.49.v20220914/jetty-http-9.4.49.v20220914.jar:/home/runner/.m2/repository/org/eclipse/jetty/jetty-io/9.4.49.v20220914/jetty-io-9.4.49.v20220914.jar:/home/runner/.m2/repository/org/eclipse/jetty/jetty-webapp/9.4.49.v20220914/jetty-webapp-9.4.49.v20220914.jar:/home/runner/.m2/repository/org/eclipse/jetty/jetty-xml/9.4.49.v20220914/jetty-xml-9.4.49.v20220914.jar:/home/runner/.m2/repository/org/apache/hadoop/hadoop-common/3.3.4/hadoop-common-3.3.4.jar:/home/runner/.m2/repository/org/apache/commons/commons-math3/3.1.1/commons-math3-3.1.1.jar:/home/runner/.m2/repository/commons-net/commons-net/3.9.0/commons-net-3.9.0.jar:/home/runner/.m2/repository/com/sun/jersey/jersey-servlet/1.19/jersey-servlet-1.19.jar:/home/runner/.m2/repository/com/sun/jersey/jersey-json/1.19/jersey-json-1.19.jar:/home/runner/.m2/repository/org/codehaus/jettison/jettison/1.1/jettison-1.1.jar:/home/runner/.m2/repository/com/sun/xml/bind/jaxb-impl/2.2.3-1/jaxb-impl-2.2.3-1.jar:/home/runner/.m2/repository/org/codehaus/jackson/jackson-xc/1.9.2/jackson-xc-1.9.2.jar:/home/runner/.m2/repository/com/google/re2j/re2j/1.1/re2j-1.1.jar:/home/runner/.m2/repository/com/jcraft/jsch/0.1.54/jsch-0.1.54.jar:/home/runner/.m2/repository/org/apache/curator/curator-client/4.2.0/curator-client-4.2.0.jar:/home/runner/.m2/repository/org/apache/curator/curator-recipes/4.2.0/curator-recipes-4.2.0.jar:/home/runner/.m2/repository/org/apache/kerby/kerb-core/1.0.1/kerb-core-1.0.1.jar:/home/runner/.m2/repository/org/apache/kerby/kerby-pkix/1.0.1/kerby-pkix-1.0.1.jar:/home/runner/.m2/repository/org/apache/kerby/kerby-asn1/1.0.1/kerby-asn1-1.0.1.jar:/home/runner/.m2/repository/org/apache/kerby/kerby-util/1.0.1/kerby-util-1.0.1.jar:/home/runner/.m2/repository/dnsjava/dnsjava/2.1.7/dnsjava-2.1.7.jar:/home/runner/.m2/repository/org/xerial/snappy/snappy-java/1.1.8.2/snappy-java-1.1.8.2.jar:/home/runner/.m2/repository/org/eclipse/jetty/jetty-util/9.4.49.v20220914/jetty-util-9.4.49.v20220914.jar:/home/runner/.m2/repository/com/fasterxml/jackson/core/jackson-databind/2.13.4.2/jackson-databind-2.13.4.2.jar:/home/runner/.m2/repository/org/apache/hadoop/hadoop-kms/3.3.4/hadoop-kms-3.3.4-tests.jar:/home/runner/.m2/repository/org/apache/ozone/hdds-server-scm/1.4.0-SNAPSHOT/hdds-server-scm-1.4.0-SNAPSHOT-tests.jar:/home/runner/.m2/repository/org/apache/ozone/hdds-container-service/1.4.0-SNAPSHOT/hdds-container-service-1.4.0-SNAPSHOT-tests.jar:/home/runner/.m2/repository/com/github/luben/zstd-jni/1.5.2-5/zstd-jni-1.5.2-5.jar:/home/runner/.m2/repository/commons-codec/commons-codec/1.15/commons-codec-1.15.jar:/home/runner/.m2/repository/io/netty/netty-codec/4.1.77.Final/netty-codec-4.1.77.Final.jar:/home/runner/.m2/repository/io/netty/netty-handler/4.1.77.Final/netty-handler-4.1.77.Final.jar:/home/runner/.m2/repository/org/apache/ozone/hdds-hadoop-dependency-test/1.4.0-SNAPSHOT/hdds-hadoop-dependency-test-1.4.0-SNAPSHOT.jar:/home/runner/.m2/repository/org/apache/hadoop/hadoop-common/3.3.4/hadoop-common-3.3.4-tests.jar:/home/runner/.m2/repository/org/apache/hadoop/hadoop-hdfs/3.3.4/hadoop-hdfs-3.3.4-tests.jar:/home/runner/.m2/repository/org/assertj/assertj-core/3.12.2/assertj-core-3.12.2.jar:/home/runner/.m2/repository/org/apache/hadoop/hadoop-distcp/3.3.4/hadoop-distcp-3.3.4.jar:/home/runner/.m2/repository/org/apache/hadoop/hadoop-mapreduce-client-jobclient/3.3.4/hadoop-mapreduce-client-jobclient-3.3.4.jar:/home/runner/.m2/repository/org/apache/hadoop/hadoop-mapreduce-client-common/3.3.4/hadoop-mapreduce-client-common-3.3.4.jar:/home/runner/.m2/repository/org/apache/hadoop/hadoop-yarn-common/3.3.4/hadoop-yarn-common-3.3.4.jar:/home/runner/.m2/repository/org/apache/hadoop/hadoop-yarn-api/3.3.4/hadoop-yarn-api-3.3.4.jar:/home/runner/.m2/repository/com/sun/jersey/contribs/jersey-guice/1.19/jersey-guice-1.19.jar:/home/runner/.m2/repository/com/fasterxml/jackson/jaxrs/jackson-jaxrs-json-provider/2.13.4/jackson-jaxrs-json-provider-2.13.4.jar:/home/runner/.m2/repository/com/fasterxml/jackson/jaxrs/jackson-jaxrs-base/2.13.4/jackson-jaxrs-base-2.13.4.jar:/home/runner/.m2/repository/org/apache/hadoop/hadoop-yarn-client/3.3.4/hadoop-yarn-client-3.3.4.jar:/home/runner/.m2/repository/org/eclipse/jetty/websocket/websocket-client/9.4.43.v20210629/websocket-client-9.4.43.v20210629.jar:/home/runner/.m2/repository/org/eclipse/jetty/websocket/websocket-common/9.4.43.v20210629/websocket-common-9.4.43.v20210629.jar:/home/runner/.m2/repository/org/eclipse/jetty/websocket/websocket-api/9.4.43.v20210629/websocket-api-9.4.43.v20210629.jar:/home/runner/.m2/repository/org/jline/jline/3.9.0/jline-3.9.0.jar:/home/runner/.m2/repository/org/apache/hadoop/hadoop-mapreduce-client-core/3.3.4/hadoop-mapreduce-client-core-3.3.4.jar:/home/runner/.m2/repository/org/apache/avro/avro/1.7.7/avro-1.7.7.jar:/home/runner/.m2/repository/org/codehaus/jackson/jackson-core-asl/1.9.13/jackson-core-asl-1.9.13.jar:/home/runner/.m2/repository/org/codehaus/jackson/jackson-mapper-asl/1.9.13/jackson-mapper-asl-1.9.13.jar:/home/runner/.m2/repository/com/thoughtworks/paranamer/paranamer/2.3/paranamer-2.3.jar:/home/runner/.m2/repository/org/apache/hadoop/hadoop-annotations/3.3.4/hadoop-annotations-3.3.4.jar:/usr/lib/jvm/temurin-8-jdk-amd64/jre/../lib/tools.jar:/home/runner/.m2/repository/io/netty/netty/3.10.6.Final/netty-3.10.6.Final.jar:/home/runner/.m2/repository/org/apache/hadoop/hadoop-distcp/3.3.4/hadoop-distcp-3.3.4-tests.jar:/home/runner/.m2/repository/org/slf4j/jul-to-slf4j/1.7.36/jul-to-slf4j-1.7.36.jar:/home/runner/.m2/repository/org/apache/ratis/ratis-common/2.4.2-8b8bdda-SNAPSHOT/ratis-common-2.4.2-8b8bdda-SNAPSHOT.jar:/home/runner/.m2/repository/org/apache/ratis/ratis-thirdparty-misc/1.0.3/ratis-thirdparty-misc-1.0.3.jar:/home/runner/.m2/repository/org/apache/ratis/ratis-proto/2.4.2-8b8bdda-SNAPSHOT/ratis-proto-2.4.2-8b8bdda-SNAPSHOT.jar:"/>
    <property name="java.vm.vendor" value="Temurin"/>
    <property name="sun.arch.data.model" value="64"/>
    <property name="test.build.dir" value="/home/runner/work/ozone/ozone/hadoop-ozone/integration-test/target/test-dir"/>
    <property name="test.cache.data" value=""/>
    <property name="java.vendor.url" value="https://adoptium.net/"/>
    <property name="user.timezone" value="Etc/UTC"/>
    <property name="java.vm.specification.version" value="1.8"/>
    <property name="os.name" value="Linux"/>
    <property name="test.build.data" value="/home/runner/work/ozone/ozone/hadoop-ozone/integration-test/target/test-dir"/>
    <property name="sun.java.launcher" value="SUN_STANDARD"/>
    <property name="sun.boot.library.path" value="/usr/lib/jvm/temurin-8-jdk-amd64/jre/lib/amd64"/>
    <property name="sun.java.command" value="/home/runner/work/ozone/ozone/hadoop-ozone/integration-test/target/surefire/surefirebooter2210377090369633313.jar /home/runner/work/ozone/ozone/hadoop-ozone/integration-test/target/surefire 2023-01-03T20-10-32_608-jvmRun1 surefire7159760088984860673tmp surefire_21296581222987546734tmp"/>
    <property name="surefire.test.class.path" value="/home/runner/work/ozone/ozone/hadoop-ozone/integration-test/target/test-classes:/home/runner/work/ozone/ozone/hadoop-ozone/integration-test/target/classes:/home/runner/.m2/repository/org/apache/ozone/ozone-common/1.4.0-SNAPSHOT/ozone-common-1.4.0-SNAPSHOT.jar:/home/runner/.m2/repository/io/grpc/grpc-netty/1.48.1/grpc-netty-1.48.1.jar:/home/runner/.m2/repository/io/grpc/grpc-core/1.48.1/grpc-core-1.48.1.jar:/home/runner/.m2/repository/com/google/android/annotations/4.1.1.4/annotations-4.1.1.4.jar:/home/runner/.m2/repository/org/codehaus/mojo/animal-sniffer-annotations/1.21/animal-sniffer-annotations-1.21.jar:/home/runner/.m2/repository/com/google/errorprone/error_prone_annotations/2.2.0/error_prone_annotations-2.2.0.jar:/home/runner/.m2/repository/io/perfmark/perfmark-api/0.25.0/perfmark-api-0.25.0.jar:/home/runner/.m2/repository/io/netty/netty-codec-http2/4.1.77.Final/netty-codec-http2-4.1.77.Final.jar:/home/runner/.m2/repository/io/netty/netty-common/4.1.77.Final/netty-common-4.1.77.Final.jar:/home/runner/.m2/repository/io/netty/netty-buffer/4.1.77.Final/netty-buffer-4.1.77.Final.jar:/home/runner/.m2/repository/io/netty/netty-codec-http/4.1.77.Final/netty-codec-http-4.1.77.Final.jar:/home/runner/.m2/repository/io/netty/netty-handler-proxy/4.1.77.Final/netty-handler-proxy-4.1.77.Final.jar:/home/runner/.m2/repository/io/netty/netty-codec-socks/4.1.77.Final/netty-codec-socks-4.1.77.Final.jar:/home/runner/.m2/repository/io/netty/netty-tcnative-boringssl-static/2.0.52.Final/netty-tcnative-boringssl-static-2.0.52.Final.jar:/home/runner/.m2/repository/io/netty/netty-tcnative-classes/2.0.52.Final/netty-tcnative-classes-2.0.52.Final.jar:/home/runner/.m2/repository/io/netty/netty-tcnative-boringssl-static/2.0.52.Final/netty-tcnative-boringssl-static-2.0.52.Final-linux-x86_64.jar:/home/runner/.m2/repository/io/netty/netty-tcnative-boringssl-static/2.0.52.Final/netty-tcnative-boringssl-static-2.0.52.Final-linux-aarch_64.jar:/home/runner/.m2/repository/io/netty/netty-tcnative-boringssl-static/2.0.52.Final/netty-tcnative-boringssl-static-2.0.52.Final-osx-x86_64.jar:/home/runner/.m2/repository/io/netty/netty-tcnative-boringssl-static/2.0.52.Final/netty-tcnative-boringssl-static-2.0.52.Final-osx-aarch_64.jar:/home/runner/.m2/repository/io/netty/netty-tcnative-boringssl-static/2.0.52.Final/netty-tcnative-boringssl-static-2.0.52.Final-windows-x86_64.jar:/home/runner/.m2/repository/org/apache/commons/commons-compress/1.21/commons-compress-1.21.jar:/home/runner/.m2/repository/org/apache/ozone/hdds-common/1.4.0-SNAPSHOT/hdds-common-1.4.0-SNAPSHOT.jar:/home/runner/.m2/repository/org/apache/ozone/hdds-client/1.4.0-SNAPSHOT/hdds-client-1.4.0-SNAPSHOT.jar:/home/runner/.m2/repository/org/apache/ozone/ozone-interface-client/1.4.0-SNAPSHOT/ozone-interface-client-1.4.0-SNAPSHOT.jar:/home/runner/.m2/repository/org/apache/ozone/hdds-test-utils/1.4.0-SNAPSHOT/hdds-test-utils-1.4.0-SNAPSHOT.jar:/home/runner/.m2/repository/com/google/guava/guava/31.1-jre/guava-31.1-jre.jar:/home/runner/.m2/repository/com/google/guava/failureaccess/1.0.1/failureaccess-1.0.1.jar:/home/runner/.m2/repository/com/google/guava/listenablefuture/9999.0-empty-to-avoid-conflict-with-guava/listenablefuture-9999.0-empty-to-avoid-conflict-with-guava.jar:/home/runner/.m2/repository/com/google/code/findbugs/jsr305/3.0.0/jsr305-3.0.0.jar:/home/runner/.m2/repository/org/checkerframework/checker-qual/3.12.0/checker-qual-3.12.0.jar:/home/runner/.m2/repository/com/google/j2objc/j2objc-annotations/1.3/j2objc-annotations-1.3.jar:/home/runner/.m2/repository/commons-io/commons-io/2.11.0/commons-io-2.11.0.jar:/home/runner/.m2/repository/commons-logging/commons-logging/1.2/commons-logging-1.2.jar:/home/runner/.m2/repository/ch/qos/reload4j/reload4j/1.2.22/reload4j-1.2.22.jar:/home/runner/.m2/repository/org/slf4j/slf4j-api/1.7.36/slf4j-api-1.7.36.jar:/home/runner/.m2/repository/org/apache/ozone/hdds-server-scm/1.4.0-SNAPSHOT/hdds-server-scm-1.4.0-SNAPSHOT.jar:/home/runner/.m2/repository/org/apache/ozone/hdds-container-service/1.4.0-SNAPSHOT/hdds-container-service-1.4.0-SNAPSHOT.jar:/home/runner/.m2/repository/org/apache/ozone/hdds-hadoop-dependency-server/1.4.0-SNAPSHOT/hdds-hadoop-dependency-server-1.4.0-SNAPSHOT.jar:/home/runner/.m2/repository/org/apache/hadoop/hadoop-hdfs/3.3.4/hadoop-hdfs-3.3.4.jar:/home/runner/.m2/repository/org/eclipse/jetty/jetty-util-ajax/9.4.49.v20220914/jetty-util-ajax-9.4.49.v20220914.jar:/home/runner/.m2/repository/commons-daemon/commons-daemon/1.0.13/commons-daemon-1.0.13.jar:/home/runner/.m2/repository/org/apache/ozone/hdds-server-framework/1.4.0-SNAPSHOT/hdds-server-framework-1.4.0-SNAPSHOT.jar:/home/runner/.m2/repository/org/apache/ozone/hdds-interface-server/1.4.0-SNAPSHOT/hdds-interface-server-1.4.0-SNAPSHOT.jar:/home/runner/.m2/repository/org/apache/commons/commons-configuration2/2.1.1/commons-configuration2-2.1.1.jar:/home/runner/.m2/repository/org/apache/logging/log4j/log4j-core/2.17.1/log4j-core-2.17.1.jar:/home/runner/.m2/repository/com/lmax/disruptor/3.4.2/disruptor-3.4.2.jar:/home/runner/.m2/repository/org/eclipse/jetty/jetty-servlet/9.4.49.v20220914/jetty-servlet-9.4.49.v20220914.jar:/home/runner/.m2/repository/org/eclipse/jetty/jetty-security/9.4.49.v20220914/jetty-security-9.4.49.v20220914.jar:/home/runner/.m2/repository/org/rocksdb/rocksdbjni/7.7.3/rocksdbjni-7.7.3.jar:/home/runner/.m2/repository/io/prometheus/simpleclient_dropwizard/0.7.0/simpleclient_dropwizard-0.7.0.jar:/home/runner/.m2/repository/io/prometheus/simpleclient/0.7.0/simpleclient-0.7.0.jar:/home/runner/.m2/repository/io/prometheus/simpleclient_common/0.7.0/simpleclient_common-0.7.0.jar:/home/runner/.m2/repository/com/github/spotbugs/spotbugs-annotations/3.1.12/spotbugs-annotations-3.1.12.jar:/home/runner/.m2/repository/io/dropwizard/metrics/metrics-core/3.2.4/metrics-core-3.2.4.jar:/home/runner/.m2/repository/org/apache/commons/commons-text/1.4/commons-text-1.4.jar:/home/runner/.m2/repository/org/apache/hadoop/hadoop-hdfs-client/3.3.4/hadoop-hdfs-client-3.3.4.jar:/home/runner/.m2/repository/com/squareup/okhttp3/okhttp/4.9.3/okhttp-4.9.3.jar:/home/runner/.m2/repository/com/squareup/okio/okio/2.8.0/okio-2.8.0.jar:/home/runner/.m2/repository/org/jetbrains/kotlin/kotlin-stdlib-common/1.4.10/kotlin-stdlib-common-1.4.10.jar:/home/runner/.m2/repository/org/bouncycastle/bcprov-jdk15on/1.67/bcprov-jdk15on-1.67.jar:/home/runner/.m2/repository/com/google/protobuf/protobuf-java/2.5.0/protobuf-java-2.5.0.jar:/home/runner/.m2/repository/org/apache/ozone/ozone-manager/1.4.0-SNAPSHOT/ozone-manager-1.4.0-SNAPSHOT.jar:/home/runner/.m2/repository/org/aspectj/aspectjrt/1.9.7/aspectjrt-1.9.7.jar:/home/runner/.m2/repository/org/aspectj/aspectjweaver/1.9.7/aspectjweaver-1.9.7.jar:/home/runner/.m2/repository/org/apache/ozone/hdds-interface-client/1.4.0-SNAPSHOT/hdds-interface-client-1.4.0-SNAPSHOT.jar:/home/runner/.m2/repository/org/apache/hadoop/thirdparty/hadoop-shaded-protobuf_3_7/1.1.1/hadoop-shaded-protobuf_3_7-1.1.1.jar:/home/runner/.m2/repository/org/apache/ozone/ozone-interface-storage/1.4.0-SNAPSHOT/ozone-interface-storage-1.4.0-SNAPSHOT.jar:/home/runner/.m2/repository/org/reflections/reflections/0.9.11/reflections-0.9.11.jar:/home/runner/.m2/repository/com/sun/jersey/jersey-client/1.19/jersey-client-1.19.jar:/home/runner/.m2/repository/org/apache/ranger/ranger-intg/2.3.0/ranger-intg-2.3.0.jar:/home/runner/.m2/repository/org/apache/ranger/ranger-plugins-common/2.3.0/ranger-plugins-common-2.3.0.jar:/home/runner/.m2/repository/commons-lang/commons-lang/2.6/commons-lang-2.6.jar:/home/runner/.m2/repository/org/codehaus/jackson/jackson-jaxrs/1.9.13/jackson-jaxrs-1.9.13.jar:/home/runner/.m2/repository/org/apache/ranger/ranger-plugins-cred/2.3.0/ranger-plugins-cred-2.3.0.jar:/home/runner/.m2/repository/org/apache/ranger/ranger-plugins-audit/2.3.0/ranger-plugins-audit-2.3.0.jar:/home/runner/.m2/repository/org/eclipse/jetty/jetty-client/9.4.31.v20200723/jetty-client-9.4.31.v20200723.jar:/home/runner/.m2/repository/org/apache/httpcomponents/httpmime/4.5.6/httpmime-4.5.6.jar:/home/runner/.m2/repository/org/apache/httpcomponents/httpcore-nio/4.4.6/httpcore-nio-4.4.6.jar:/home/runner/.m2/repository/org/apache/httpcomponents/httpasyncclient/4.1.3/httpasyncclient-4.1.3.jar:/home/runner/.m2/repository/com/carrotsearch/hppc/0.8.0/hppc-0.8.0.jar:/home/runner/.m2/repository/org/apache/orc/orc-core/1.5.8/orc-core-1.5.8.jar:/home/runner/.m2/repository/net/java/dev/jna/jna/5.2.0/jna-5.2.0.jar:/home/runner/.m2/repository/net/java/dev/jna/jna-platform/5.2.0/jna-platform-5.2.0.jar:/home/runner/.m2/repository/com/kstruct/gethostname4j/0.0.2/gethostname4j-0.0.2.jar:/home/runner/.m2/repository/org/apache/ranger/ranger-plugin-classloader/2.3.0/ranger-plugin-classloader-2.3.0.jar:/home/runner/.m2/repository/org/apache/hadoop/hadoop-minikdc/3.3.4/hadoop-minikdc-3.3.4.jar:/home/runner/.m2/repository/org/apache/kerby/kerb-simplekdc/1.0.1/kerb-simplekdc-1.0.1.jar:/home/runner/.m2/repository/org/apache/kerby/kerb-client/1.0.1/kerb-client-1.0.1.jar:/home/runner/.m2/repository/org/apache/kerby/kerby-config/1.0.1/kerby-config-1.0.1.jar:/home/runner/.m2/repository/org/apache/kerby/kerb-common/1.0.1/kerb-common-1.0.1.jar:/home/runner/.m2/repository/org/apache/kerby/kerb-crypto/1.0.1/kerb-crypto-1.0.1.jar:/home/runner/.m2/repository/org/apache/kerby/kerb-util/1.0.1/kerb-util-1.0.1.jar:/home/runner/.m2/repository/org/apache/kerby/token-provider/1.0.1/token-provider-1.0.1.jar:/home/runner/.m2/repository/org/apache/kerby/kerb-admin/1.0.1/kerb-admin-1.0.1.jar:/home/runner/.m2/repository/org/apache/kerby/kerb-server/1.0.1/kerb-server-1.0.1.jar:/home/runner/.m2/repository/org/apache/kerby/kerb-identity/1.0.1/kerb-identity-1.0.1.jar:/home/runner/.m2/repository/org/apache/kerby/kerby-xdr/1.0.1/kerby-xdr-1.0.1.jar:/home/runner/.m2/repository/org/apache/ozone/ozone-s3gateway/1.4.0-SNAPSHOT/ozone-s3gateway-1.4.0-SNAPSHOT.jar:/home/runner/.m2/repository/org/javassist/javassist/3.21.0-GA/javassist-3.21.0-GA.jar:/home/runner/.m2/repository/org/jboss/weld/servlet/weld-servlet/2.4.7.Final/weld-servlet-2.4.7.Final.jar:/home/runner/.m2/repository/org/glassfish/jersey/containers/jersey-container-servlet-core/2.34/jersey-container-servlet-core-2.34.jar:/home/runner/.m2/repository/org/glassfish/hk2/external/jakarta.inject/2.6.1/jakarta.inject-2.6.1.jar:/home/runner/.m2/repository/org/glassfish/jersey/core/jersey-common/2.34/jersey-common-2.34.jar:/home/runner/.m2/repository/jakarta/ws/rs/jakarta.ws.rs-api/2.1.6/jakarta.ws.rs-api-2.1.6.jar:/home/runner/.m2/repository/org/glassfish/jersey/ext/cdi/jersey-cdi1x/2.34/jersey-cdi1x-2.34.jar:/home/runner/.m2/repository/org/glassfish/jersey/inject/jersey-hk2/2.34/jersey-hk2-2.34.jar:/home/runner/.m2/repository/org/glassfish/hk2/hk2-locator/2.6.1/hk2-locator-2.6.1.jar:/home/runner/.m2/repository/org/glassfish/jersey/media/jersey-media-jaxb/2.34/jersey-media-jaxb-2.34.jar:/home/runner/.m2/repository/org/glassfish/hk2/osgi-resource-locator/1.0.3/osgi-resource-locator-1.0.3.jar:/home/runner/.m2/repository/org/glassfish/hk2/hk2-api/2.5.0/hk2-api-2.5.0.jar:/home/runner/.m2/repository/org/glassfish/hk2/hk2-utils/2.5.0/hk2-utils-2.5.0.jar:/home/runner/.m2/repository/org/glassfish/hk2/external/aopalliance-repackaged/2.5.0/aopalliance-repackaged-2.5.0.jar:/home/runner/.m2/repository/com/fasterxml/jackson/dataformat/jackson-dataformat-xml/2.13.4/jackson-dataformat-xml-2.13.4.jar:/home/runner/.m2/repository/com/fasterxml/jackson/core/jackson-core/2.13.4/jackson-core-2.13.4.jar:/home/runner/.m2/repository/org/codehaus/woodstox/stax2-api/4.2.1/stax2-api-4.2.1.jar:/home/runner/.m2/repository/com/fasterxml/woodstox/woodstox-core/5.4.0/woodstox-core-5.4.0.jar:/home/runner/.m2/repository/com/fasterxml/jackson/module/jackson-module-jaxb-annotations/2.13.4/jackson-module-jaxb-annotations-2.13.4.jar:/home/runner/.m2/repository/jakarta/xml/bind/jakarta.xml.bind-api/2.3.3/jakarta.xml.bind-api-2.3.3.jar:/home/runner/.m2/repository/jakarta/activation/jakarta.activation-api/1.2.1/jakarta.activation-api-1.2.1.jar:/home/runner/.m2/repository/javax/enterprise/cdi-api/1.2/cdi-api-1.2.jar:/home/runner/.m2/repository/javax/el/javax.el-api/3.0.0/javax.el-api-3.0.0.jar:/home/runner/.m2/repository/javax/interceptor/javax.interceptor-api/1.2/javax.interceptor-api-1.2.jar:/home/runner/.m2/repository/javax/inject/javax.inject/1/javax.inject-1.jar:/home/runner/.m2/repository/javax/xml/bind/jaxb-api/2.3.0/jaxb-api-2.3.0.jar:/home/runner/.m2/repository/org/glassfish/jaxb/jaxb-runtime/2.3.0.1/jaxb-runtime-2.3.0.1.jar:/home/runner/.m2/repository/org/glassfish/jaxb/jaxb-core/2.3.0.1/jaxb-core-2.3.0.1.jar:/home/runner/.m2/repository/org/glassfish/jaxb/txw2/2.3.0.1/txw2-2.3.0.1.jar:/home/runner/.m2/repository/com/sun/istack/istack-commons-runtime/3.0.5/istack-commons-runtime-3.0.5.jar:/home/runner/.m2/repository/org/jvnet/staxex/stax-ex/1.7.8/stax-ex-1.7.8.jar:/home/runner/.m2/repository/com/sun/xml/fastinfoset/FastInfoset/1.2.13/FastInfoset-1.2.13.jar:/home/runner/.m2/repository/javax/activation/activation/1.1.1/activation-1.1.1.jar:/home/runner/.m2/repository/io/grpc/grpc-protobuf/1.48.1/grpc-protobuf-1.48.1.jar:/home/runner/.m2/repository/io/grpc/grpc-api/1.48.1/grpc-api-1.48.1.jar:/home/runner/.m2/repository/io/grpc/grpc-context/1.48.1/grpc-context-1.48.1.jar:/home/runner/.m2/repository/com/google/api/grpc/proto-google-common-protos/2.9.0/proto-google-common-protos-2.9.0.jar:/home/runner/.m2/repository/io/grpc/grpc-protobuf-lite/1.48.1/grpc-protobuf-lite-1.48.1.jar:/home/runner/.m2/repository/io/grpc/grpc-stub/1.48.1/grpc-stub-1.48.1.jar:/home/runner/.m2/repository/io/netty/netty-transport/4.1.77.Final/netty-transport-4.1.77.Final.jar:/home/runner/.m2/repository/io/netty/netty-resolver/4.1.77.Final/netty-resolver-4.1.77.Final.jar:/home/runner/.m2/repository/org/apache/ozone/ozone-csi/1.4.0-SNAPSHOT/ozone-csi-1.4.0-SNAPSHOT.jar:/home/runner/.m2/repository/com/google/protobuf/protobuf-java-util/3.19.6/protobuf-java-util-3.19.6.jar:/home/runner/.m2/repository/com/google/code/gson/gson/2.9.0/gson-2.9.0.jar:/home/runner/.m2/repository/org/apache/ozone/hdds-config/1.4.0-SNAPSHOT/hdds-config-1.4.0-SNAPSHOT.jar:/home/runner/.m2/repository/io/netty/netty-transport-native-epoll/4.1.77.Final/netty-transport-native-epoll-4.1.77.Final-linux-x86_64.jar:/home/runner/.m2/repository/io/netty/netty-transport-classes-epoll/4.1.77.Final/netty-transport-classes-epoll-4.1.77.Final.jar:/home/runner/.m2/repository/io/netty/netty-transport-native-unix-common/4.1.77.Final/netty-transport-native-unix-common-4.1.77.Final.jar:/home/runner/.m2/repository/org/slf4j/slf4j-reload4j/1.7.36/slf4j-reload4j-1.7.36.jar:/home/runner/.m2/repository/org/apache/ozone/ozone-recon/1.4.0-SNAPSHOT/ozone-recon-1.4.0-SNAPSHOT.jar:/home/runner/.m2/repository/org/apache/ozone/ozone-reconcodegen/1.4.0-SNAPSHOT/ozone-reconcodegen-1.4.0-SNAPSHOT.jar:/home/runner/.m2/repository/com/google/inject/extensions/guice-multibindings/4.0/guice-multibindings-4.0.jar:/home/runner/.m2/repository/com/google/inject/guice/4.0/guice-4.0.jar:/home/runner/.m2/repository/aopalliance/aopalliance/1.0/aopalliance-1.0.jar:/home/runner/.m2/repository/com/google/inject/extensions/guice-assistedinject/4.0/guice-assistedinject-4.0.jar:/home/runner/.m2/repository/com/google/inject/extensions/guice-servlet/4.0/guice-servlet-4.0.jar:/home/runner/.m2/repository/org/glassfish/jersey/containers/jersey-container-servlet/2.34/jersey-container-servlet-2.34.jar:/home/runner/.m2/repository/org/glassfish/hk2/guice-bridge/2.5.0/guice-bridge-2.5.0.jar:/home/runner/.m2/repository/org/glassfish/jersey/core/jersey-server/2.34/jersey-server-2.34.jar:/home/runner/.m2/repository/org/glassfish/jersey/core/jersey-client/2.34/jersey-client-2.34.jar:/home/runner/.m2/repository/jakarta/annotation/jakarta.annotation-api/1.3.5/jakarta.annotation-api-1.3.5.jar:/home/runner/.m2/repository/jakarta/validation/jakarta.validation-api/2.0.2/jakarta.validation-api-2.0.2.jar:/home/runner/.m2/repository/org/glassfish/jersey/media/jersey-media-json-jackson/2.34/jersey-media-json-jackson-2.34.jar:/home/runner/.m2/repository/org/glassfish/jersey/ext/jersey-entity-filtering/2.34/jersey-entity-filtering-2.34.jar:/home/runner/.m2/repository/org/jooq/jooq/3.11.10/jooq-3.11.10.jar:/home/runner/.m2/repository/org/jooq/jooq-meta/3.11.10/jooq-meta-3.11.10.jar:/home/runner/.m2/repository/org/jooq/jooq-codegen/3.11.10/jooq-codegen-3.11.10.jar:/home/runner/.m2/repository/com/jolbox/bonecp/0.8.0.RELEASE/bonecp-0.8.0.RELEASE.jar:/home/runner/.m2/repository/org/apache/derby/derby/10.14.2.0/derby-10.14.2.0.jar:/home/runner/.m2/repository/org/xerial/sqlite-jdbc/3.25.2/sqlite-jdbc-3.25.2.jar:/home/runner/.m2/repository/org/springframework/spring-jdbc/5.3.23/spring-jdbc-5.3.23.jar:/home/runner/.m2/repository/org/springframework/spring-beans/5.3.23/spring-beans-5.3.23.jar:/home/runner/.m2/repository/org/springframework/spring-core/5.3.23/spring-core-5.3.23.jar:/home/runner/.m2/repository/org/springframework/spring-jcl/5.3.23/spring-jcl-5.3.23.jar:/home/runner/.m2/repository/org/springframework/spring-tx/5.3.23/spring-tx-5.3.23.jar:/home/runner/.m2/repository/org/apache/ozone/ozone-client/1.4.0-SNAPSHOT/ozone-client-1.4.0-SNAPSHOT.jar:/home/runner/.m2/repository/org/apache/ozone/hdds-erasurecode/1.4.0-SNAPSHOT/hdds-erasurecode-1.4.0-SNAPSHOT.jar:/home/runner/.m2/repository/org/apache/ozone/ozone-filesystem/1.4.0-SNAPSHOT/ozone-filesystem-1.4.0-SNAPSHOT.jar:/home/runner/.m2/repository/org/apache/ozone/ozone-filesystem-common/1.4.0-SNAPSHOT/ozone-filesystem-common-1.4.0-SNAPSHOT.jar:/home/runner/.m2/repository/org/apache/ozone/ozone-tools/1.4.0-SNAPSHOT/ozone-tools-1.4.0-SNAPSHOT.jar:/home/runner/.m2/repository/org/apache/ratis/ratis-tools/2.4.2-8b8bdda-SNAPSHOT/ratis-tools-2.4.2-8b8bdda-SNAPSHOT.jar:/home/runner/.m2/repository/com/amazonaws/aws-java-sdk-core/1.12.261/aws-java-sdk-core-1.12.261.jar:/home/runner/.m2/repository/org/apache/httpcomponents/httpclient/4.5.13/httpclient-4.5.13.jar:/home/runner/.m2/repository/org/apache/httpcomponents/httpcore/4.4.13/httpcore-4.4.13.jar:/home/runner/.m2/repository/software/amazon/ion/ion-java/1.0.2/ion-java-1.0.2.jar:/home/runner/.m2/repository/com/fasterxml/jackson/dataformat/jackson-dataformat-cbor/2.13.4/jackson-dataformat-cbor-2.13.4.jar:/home/runner/.m2/repository/joda-time/joda-time/2.8.1/joda-time-2.8.1.jar:/home/runner/.m2/repository/com/amazonaws/aws-java-sdk-s3/1.12.261/aws-java-sdk-s3-1.12.261.jar:/home/runner/.m2/repository/com/amazonaws/aws-java-sdk-kms/1.12.261/aws-java-sdk-kms-1.12.261.jar:/home/runner/.m2/repository/com/amazonaws/jmespath-java/1.12.261/jmespath-java-1.12.261.jar:/home/runner/.m2/repository/org/kohsuke/metainf-services/metainf-services/1.8/metainf-services-1.8.jar:/home/runner/.m2/repository/org/apache/ozone/hdds-tools/1.4.0-SNAPSHOT/hdds-tools-1.4.0-SNAPSHOT.jar:/home/runner/.m2/repository/commons-cli/commons-cli/1.2/commons-cli-1.2.jar:/home/runner/.m2/repository/org/apache/commons/commons-lang3/3.7/commons-lang3-3.7.jar:/home/runner/.m2/repository/org/apache/ozone/ozone-manager/1.4.0-SNAPSHOT/ozone-manager-1.4.0-SNAPSHOT-tests.jar:/home/runner/.m2/repository/org/apache/ozone/hdds-common/1.4.0-SNAPSHOT/hdds-common-1.4.0-SNAPSHOT-tests.jar:/home/runner/.m2/repository/org/apache/ozone/hdds-hadoop-dependency-client/1.4.0-SNAPSHOT/hdds-hadoop-dependency-client-1.4.0-SNAPSHOT.jar:/home/runner/.m2/repository/info/picocli/picocli/4.6.1/picocli-4.6.1.jar:/home/runner/.m2/repository/com/fasterxml/jackson/core/jackson-annotations/2.13.4/jackson-annotations-2.13.4.jar:/home/runner/.m2/repository/com/fasterxml/jackson/datatype/jackson-datatype-jsr310/2.13.4/jackson-datatype-jsr310-2.13.4.jar:/home/runner/.m2/repository/org/apache/ozone/hdds-annotation-processing/1.4.0-SNAPSHOT/hdds-annotation-processing-1.4.0-SNAPSHOT.jar:/home/runner/.m2/repository/javax/annotation/javax.annotation-api/1.2/javax.annotation-api-1.2.jar:/home/runner/.m2/repository/org/apache/ratis/ratis-server/2.4.2-8b8bdda-SNAPSHOT/ratis-server-2.4.2-8b8bdda-SNAPSHOT.jar:/home/runner/.m2/repository/org/apache/ratis/ratis-client/2.4.2-8b8bdda-SNAPSHOT/ratis-client-2.4.2-8b8bdda-SNAPSHOT.jar:/home/runner/.m2/repository/org/apache/ratis/ratis-server-api/2.4.2-8b8bdda-SNAPSHOT/ratis-server-api-2.4.2-8b8bdda-SNAPSHOT.jar:/home/runner/.m2/repository/org/apache/ratis/ratis-metrics/2.4.2-8b8bdda-SNAPSHOT/ratis-metrics-2.4.2-8b8bdda-SNAPSHOT.jar:/home/runner/.m2/repository/org/apache/ratis/ratis-netty/2.4.2-8b8bdda-SNAPSHOT/ratis-netty-2.4.2-8b8bdda-SNAPSHOT.jar:/home/runner/.m2/repository/org/apache/ratis/ratis-grpc/2.4.2-8b8bdda-SNAPSHOT/ratis-grpc-2.4.2-8b8bdda-SNAPSHOT.jar:/home/runner/.m2/repository/org/apache/logging/log4j/log4j-api/2.17.1/log4j-api-2.17.1.jar:/home/runner/.m2/repository/org/apache/commons/commons-pool2/2.6.0/commons-pool2-2.6.0.jar:/home/runner/.m2/repository/org/bouncycastle/bcpkix-jdk15on/1.67/bcpkix-jdk15on-1.67.jar:/home/runner/.m2/repository/commons-validator/commons-validator/1.6/commons-validator-1.6.jar:/home/runner/.m2/repository/commons-beanutils/commons-beanutils/1.9.4/commons-beanutils-1.9.4.jar:/home/runner/.m2/repository/commons-digester/commons-digester/1.8.1/commons-digester-1.8.1.jar:/home/runner/.m2/repository/commons-collections/commons-collections/3.2.2/commons-collections-3.2.2.jar:/home/runner/.m2/repository/io/jaegertracing/jaeger-client/1.6.0/jaeger-client-1.6.0.jar:/home/runner/.m2/repository/io/jaegertracing/jaeger-thrift/1.6.0/jaeger-thrift-1.6.0.jar:/home/runner/.m2/repository/org/apache/thrift/libthrift/0.14.1/libthrift-0.14.1.jar:/home/runner/.m2/repository/io/jaegertracing/jaeger-core/1.6.0/jaeger-core-1.6.0.jar:/home/runner/.m2/repository/io/jaegertracing/jaeger-tracerresolver/1.6.0/jaeger-tracerresolver-1.6.0.jar:/home/runner/.m2/repository/io/opentracing/contrib/opentracing-tracerresolver/0.1.8/opentracing-tracerresolver-0.1.8.jar:/home/runner/.m2/repository/org/jetbrains/kotlin/kotlin-stdlib/1.6.21/kotlin-stdlib-1.6.21.jar:/home/runner/.m2/repository/org/jetbrains/annotations/13.0/annotations-13.0.jar:/home/runner/.m2/repository/io/opentracing/opentracing-util/0.33.0/opentracing-util-0.33.0.jar:/home/runner/.m2/repository/io/opentracing/opentracing-api/0.33.0/opentracing-api-0.33.0.jar:/home/runner/.m2/repository/io/opentracing/opentracing-noop/0.33.0/opentracing-noop-0.33.0.jar:/home/runner/.m2/repository/org/yaml/snakeyaml/1.33/snakeyaml-1.33.jar:/home/runner/.m2/repository/org/apache/ozone/hdds-interface-admin/1.4.0-SNAPSHOT/hdds-interface-admin-1.4.0-SNAPSHOT.jar:/home/runner/.m2/repository/junit/junit/4.13.1/junit-4.13.1.jar:/home/runner/.m2/repository/org/hamcrest/hamcrest-core/1.3/hamcrest-core-1.3.jar:/home/runner/.m2/repository/org/junit/jupiter/junit-jupiter-api/5.8.2/junit-jupiter-api-5.8.2.jar:/home/runner/.m2/repository/org/opentest4j/opentest4j/1.2.0/opentest4j-1.2.0.jar:/home/runner/.m2/repository/org/junit/platform/junit-platform-commons/1.8.2/junit-platform-commons-1.8.2.jar:/home/runner/.m2/repository/org/apiguardian/apiguardian-api/1.1.2/apiguardian-api-1.1.2.jar:/home/runner/.m2/repository/org/junit/jupiter/junit-jupiter-params/5.8.2/junit-jupiter-params-5.8.2.jar:/home/runner/.m2/repository/org/junit/jupiter/junit-jupiter-migrationsupport/5.8.2/junit-jupiter-migrationsupport-5.8.2.jar:/home/runner/.m2/repository/org/junit/jupiter/junit-jupiter-engine/5.8.2/junit-jupiter-engine-5.8.2.jar:/home/runner/.m2/repository/org/junit/platform/junit-platform-engine/1.8.2/junit-platform-engine-1.8.2.jar:/home/runner/.m2/repository/org/junit/vintage/junit-vintage-engine/5.8.2/junit-vintage-engine-5.8.2.jar:/home/runner/.m2/repository/org/junit/platform/junit-platform-launcher/1.8.2/junit-platform-launcher-1.8.2.jar:/home/runner/.m2/repository/org/mockito/mockito-core/2.28.2/mockito-core-2.28.2.jar:/home/runner/.m2/repository/net/bytebuddy/byte-buddy/1.9.10/byte-buddy-1.9.10.jar:/home/runner/.m2/repository/net/bytebuddy/byte-buddy-agent/1.9.10/byte-buddy-agent-1.9.10.jar:/home/runner/.m2/repository/org/objenesis/objenesis/1.0/objenesis-1.0.jar:/home/runner/.m2/repository/org/apache/hadoop/hadoop-kms/3.3.4/hadoop-kms-3.3.4.jar:/home/runner/.m2/repository/org/apache/hadoop/hadoop-auth/3.3.4/hadoop-auth-3.3.4.jar:/home/runner/.m2/repository/com/nimbusds/nimbus-jose-jwt/9.8.1/nimbus-jose-jwt-9.8.1.jar:/home/runner/.m2/repository/com/github/stephenc/jcip/jcip-annotations/1.0-1/jcip-annotations-1.0-1.jar:/home/runner/.m2/repository/net/minidev/json-smart/2.4.7/json-smart-2.4.7.jar:/home/runner/.m2/repository/net/minidev/accessors-smart/2.4.7/accessors-smart-2.4.7.jar:/home/runner/.m2/repository/org/ow2/asm/asm/5.0.4/asm-5.0.4.jar:/home/runner/.m2/repository/org/apache/zookeeper/zookeeper/3.5.6/zookeeper-3.5.6.jar:/home/runner/.m2/repository/org/apache/zookeeper/zookeeper-jute/3.5.6/zookeeper-jute-3.5.6.jar:/home/runner/.m2/repository/org/apache/yetus/audience-annotations/0.5.0/audience-annotations-0.5.0.jar:/home/runner/.m2/repository/org/apache/curator/curator-framework/4.2.0/curator-framework-4.2.0.jar:/home/runner/.m2/repository/org/apache/hadoop/thirdparty/hadoop-shaded-guava/1.1.1/hadoop-shaded-guava-1.1.1.jar:/home/runner/.m2/repository/com/sun/jersey/jersey-core/1.19/jersey-core-1.19.jar:/home/runner/.m2/repository/javax/ws/rs/jsr311-api/1.1.1/jsr311-api-1.1.1.jar:/home/runner/.m2/repository/com/sun/jersey/jersey-server/1.19/jersey-server-1.19.jar:/home/runner/.m2/repository/javax/servlet/javax.servlet-api/3.1.0/javax.servlet-api-3.1.0.jar:/home/runner/.m2/repository/org/eclipse/jetty/jetty-server/9.4.49.v20220914/jetty-server-9.4.49.v20220914.jar:/home/runner/.m2/repository/org/eclipse/jetty/jetty-http/9.4.49.v20220914/jetty-http-9.4.49.v20220914.jar:/home/runner/.m2/repository/org/eclipse/jetty/jetty-io/9.4.49.v20220914/jetty-io-9.4.49.v20220914.jar:/home/runner/.m2/repository/org/eclipse/jetty/jetty-webapp/9.4.49.v20220914/jetty-webapp-9.4.49.v20220914.jar:/home/runner/.m2/repository/org/eclipse/jetty/jetty-xml/9.4.49.v20220914/jetty-xml-9.4.49.v20220914.jar:/home/runner/.m2/repository/org/apache/hadoop/hadoop-common/3.3.4/hadoop-common-3.3.4.jar:/home/runner/.m2/repository/org/apache/commons/commons-math3/3.1.1/commons-math3-3.1.1.jar:/home/runner/.m2/repository/commons-net/commons-net/3.9.0/commons-net-3.9.0.jar:/home/runner/.m2/repository/com/sun/jersey/jersey-servlet/1.19/jersey-servlet-1.19.jar:/home/runner/.m2/repository/com/sun/jersey/jersey-json/1.19/jersey-json-1.19.jar:/home/runner/.m2/repository/org/codehaus/jettison/jettison/1.1/jettison-1.1.jar:/home/runner/.m2/repository/com/sun/xml/bind/jaxb-impl/2.2.3-1/jaxb-impl-2.2.3-1.jar:/home/runner/.m2/repository/org/codehaus/jackson/jackson-xc/1.9.2/jackson-xc-1.9.2.jar:/home/runner/.m2/repository/com/google/re2j/re2j/1.1/re2j-1.1.jar:/home/runner/.m2/repository/com/jcraft/jsch/0.1.54/jsch-0.1.54.jar:/home/runner/.m2/repository/org/apache/curator/curator-client/4.2.0/curator-client-4.2.0.jar:/home/runner/.m2/repository/org/apache/curator/curator-recipes/4.2.0/curator-recipes-4.2.0.jar:/home/runner/.m2/repository/org/apache/kerby/kerb-core/1.0.1/kerb-core-1.0.1.jar:/home/runner/.m2/repository/org/apache/kerby/kerby-pkix/1.0.1/kerby-pkix-1.0.1.jar:/home/runner/.m2/repository/org/apache/kerby/kerby-asn1/1.0.1/kerby-asn1-1.0.1.jar:/home/runner/.m2/repository/org/apache/kerby/kerby-util/1.0.1/kerby-util-1.0.1.jar:/home/runner/.m2/repository/dnsjava/dnsjava/2.1.7/dnsjava-2.1.7.jar:/home/runner/.m2/repository/org/xerial/snappy/snappy-java/1.1.8.2/snappy-java-1.1.8.2.jar:/home/runner/.m2/repository/org/eclipse/jetty/jetty-util/9.4.49.v20220914/jetty-util-9.4.49.v20220914.jar:/home/runner/.m2/repository/com/fasterxml/jackson/core/jackson-databind/2.13.4.2/jackson-databind-2.13.4.2.jar:/home/runner/.m2/repository/org/apache/hadoop/hadoop-kms/3.3.4/hadoop-kms-3.3.4-tests.jar:/home/runner/.m2/repository/org/apache/ozone/hdds-server-scm/1.4.0-SNAPSHOT/hdds-server-scm-1.4.0-SNAPSHOT-tests.jar:/home/runner/.m2/repository/org/apache/ozone/hdds-container-service/1.4.0-SNAPSHOT/hdds-container-service-1.4.0-SNAPSHOT-tests.jar:/home/runner/.m2/repository/com/github/luben/zstd-jni/1.5.2-5/zstd-jni-1.5.2-5.jar:/home/runner/.m2/repository/commons-codec/commons-codec/1.15/commons-codec-1.15.jar:/home/runner/.m2/repository/io/netty/netty-codec/4.1.77.Final/netty-codec-4.1.77.Final.jar:/home/runner/.m2/repository/io/netty/netty-handler/4.1.77.Final/netty-handler-4.1.77.Final.jar:/home/runner/.m2/repository/org/apache/ozone/hdds-hadoop-dependency-test/1.4.0-SNAPSHOT/hdds-hadoop-dependency-test-1.4.0-SNAPSHOT.jar:/home/runner/.m2/repository/org/apache/hadoop/hadoop-common/3.3.4/hadoop-common-3.3.4-tests.jar:/home/runner/.m2/repository/org/apache/hadoop/hadoop-hdfs/3.3.4/hadoop-hdfs-3.3.4-tests.jar:/home/runner/.m2/repository/org/assertj/assertj-core/3.12.2/assertj-core-3.12.2.jar:/home/runner/.m2/repository/org/apache/hadoop/hadoop-distcp/3.3.4/hadoop-distcp-3.3.4.jar:/home/runner/.m2/repository/org/apache/hadoop/hadoop-mapreduce-client-jobclient/3.3.4/hadoop-mapreduce-client-jobclient-3.3.4.jar:/home/runner/.m2/repository/org/apache/hadoop/hadoop-mapreduce-client-common/3.3.4/hadoop-mapreduce-client-common-3.3.4.jar:/home/runner/.m2/repository/org/apache/hadoop/hadoop-yarn-common/3.3.4/hadoop-yarn-common-3.3.4.jar:/home/runner/.m2/repository/org/apache/hadoop/hadoop-yarn-api/3.3.4/hadoop-yarn-api-3.3.4.jar:/home/runner/.m2/repository/com/sun/jersey/contribs/jersey-guice/1.19/jersey-guice-1.19.jar:/home/runner/.m2/repository/com/fasterxml/jackson/jaxrs/jackson-jaxrs-json-provider/2.13.4/jackson-jaxrs-json-provider-2.13.4.jar:/home/runner/.m2/repository/com/fasterxml/jackson/jaxrs/jackson-jaxrs-base/2.13.4/jackson-jaxrs-base-2.13.4.jar:/home/runner/.m2/repository/org/apache/hadoop/hadoop-yarn-client/3.3.4/hadoop-yarn-client-3.3.4.jar:/home/runner/.m2/repository/org/eclipse/jetty/websocket/websocket-client/9.4.43.v20210629/websocket-client-9.4.43.v20210629.jar:/home/runner/.m2/repository/org/eclipse/jetty/websocket/websocket-common/9.4.43.v20210629/websocket-common-9.4.43.v20210629.jar:/home/runner/.m2/repository/org/eclipse/jetty/websocket/websocket-api/9.4.43.v20210629/websocket-api-9.4.43.v20210629.jar:/home/runner/.m2/repository/org/jline/jline/3.9.0/jline-3.9.0.jar:/home/runner/.m2/repository/org/apache/hadoop/hadoop-mapreduce-client-core/3.3.4/hadoop-mapreduce-client-core-3.3.4.jar:/home/runner/.m2/repository/org/apache/avro/avro/1.7.7/avro-1.7.7.jar:/home/runner/.m2/repository/org/codehaus/jackson/jackson-core-asl/1.9.13/jackson-core-asl-1.9.13.jar:/home/runner/.m2/repository/org/codehaus/jackson/jackson-mapper-asl/1.9.13/jackson-mapper-asl-1.9.13.jar:/home/runner/.m2/repository/com/thoughtworks/paranamer/paranamer/2.3/paranamer-2.3.jar:/home/runner/.m2/repository/org/apache/hadoop/hadoop-annotations/3.3.4/hadoop-annotations-3.3.4.jar:/usr/lib/jvm/temurin-8-jdk-amd64/jre/../lib/tools.jar:/home/runner/.m2/repository/io/netty/netty/3.10.6.Final/netty-3.10.6.Final.jar:/home/runner/.m2/repository/org/apache/hadoop/hadoop-distcp/3.3.4/hadoop-distcp-3.3.4-tests.jar:/home/runner/.m2/repository/org/slf4j/jul-to-slf4j/1.7.36/jul-to-slf4j-1.7.36.jar:/home/runner/.m2/repository/org/apache/ratis/ratis-common/2.4.2-8b8bdda-SNAPSHOT/ratis-common-2.4.2-8b8bdda-SNAPSHOT.jar:/home/runner/.m2/repository/org/apache/ratis/ratis-thirdparty-misc/1.0.3/ratis-thirdparty-misc-1.0.3.jar:/home/runner/.m2/repository/org/apache/ratis/ratis-proto/2.4.2-8b8bdda-SNAPSHOT/ratis-proto-2.4.2-8b8bdda-SNAPSHOT.jar:"/>
    <property name="sun.cpu.endian" value="little"/>
    <property name="user.home" value="/home/runner"/>
    <property name="user.language" value="en"/>
    <property name="java.specification.vendor" value="Oracle Corporation"/>
    <property name="java.home" value="/usr/lib/jvm/temurin-8-jdk-amd64/jre"/>
    <property name="java.security.krb5.conf" value="/home/runner/work/ozone/ozone/hadoop-ozone/integration-test/target/test-classes/krb5.conf"/>
    <property name="basedir" value="/home/runner/work/ozone/ozone/hadoop-ozone/integration-test"/>
    <property name="file.separator" value="/"/>
    <property name="line.separator" value="&#10;"/>
    <property name="java.vm.specification.vendor" value="Oracle Corporation"/>
    <property name="java.specification.name" value="Java Platform API Specification"/>
    <property name="java.awt.graphicsenv" value="sun.awt.X11GraphicsEnvironment"/>
    <property name="skip.installnpx" value="true"/>
    <property name="surefire.real.class.path" value="/home/runner/work/ozone/ozone/hadoop-ozone/integration-test/target/surefire/surefirebooter2210377090369633313.jar:/home/runner/.m2/repository/org/jacoco/org.jacoco.agent/0.8.5/org.jacoco.agent-0.8.5-runtime.jar"/>
    <property name="hadoop.log.dir" value="/home/runner/work/ozone/ozone/hadoop-ozone/integration-test/target/log"/>
    <property name="sun.boot.class.path" value="/usr/lib/jvm/temurin-8-jdk-amd64/jre/lib/resources.jar:/usr/lib/jvm/temurin-8-jdk-amd64/jre/lib/rt.jar:/usr/lib/jvm/temurin-8-jdk-amd64/jre/lib/sunrsasign.jar:/usr/lib/jvm/temurin-8-jdk-amd64/jre/lib/jsse.jar:/usr/lib/jvm/temurin-8-jdk-amd64/jre/lib/jce.jar:/usr/lib/jvm/temurin-8-jdk-amd64/jre/lib/charsets.jar:/usr/lib/jvm/temurin-8-jdk-amd64/jre/lib/jfr.jar:/usr/lib/jvm/temurin-8-jdk-amd64/jre/classes"/>
    <property name="sun.management.compiler" value="HotSpot 64-Bit Tiered Compilers"/>
    <property name="skip.npx" value="true"/>
    <property name="java.runtime.version" value="1.8.0_352-b08"/>
    <property name="java.net.preferIPv4Stack" value="true"/>
    <property name="user.name" value="runner"/>
    <property name="path.separator" value=":"/>
    <property name="java.security.egd" value="file:///dev/urandom"/>
    <property name="os.version" value="5.15.0-1023-azure"/>
    <property name="java.endorsed.dirs" value="/usr/lib/jvm/temurin-8-jdk-amd64/jre/lib/endorsed"/>
    <property name="java.runtime.name" value="OpenJDK Runtime Environment"/>
    <property name="file.encoding" value="UTF-8"/>
    <property name="java.vm.name" value="OpenJDK 64-Bit Server VM"/>
    <property name="test.build.webapps" value=""/>
    <property name="localRepository" value="/home/runner/.m2/repository"/>
    <property name="jetty.git.hash" value="4231a3b2e4cb8548a412a789936d640a97b1aa0a"/>
    <property name="java.vendor.url.bug" value="https://github.com/adoptium/adoptium-support/issues"/>
    <property name="java.io.tmpdir" value="/tmp"/>
    <property name="require.test.libhadoop" value=""/>
    <property name="java.version" value="1.8.0_352"/>
    <property name="user.dir" value="/home/runner/work/ozone/ozone/hadoop-ozone/integration-test"/>
    <property name="os.arch" value="amd64"/>
    <property name="java.vm.specification.name" value="Java Virtual Machine Specification"/>
    <property name="test.build.classes" value="/home/runner/work/ozone/ozone/hadoop-ozone/integration-test/target/test-classes"/>
    <property name="java.awt.printerjob" value="sun.print.PSPrinterJob"/>
    <property name="sun.os.patch.level" value="unknown"/>
    <property name="org.apache.ratis.thirdparty.io.netty.allocator.useCacheForAllThreads" value="false"/>
    <property name="hadoop.tmp.dir" value="/home/runner/work/ozone/ozone/hadoop-ozone/integration-test/target/tmp"/>
    <property name="java.library.path" value="/usr/java/packages/lib/amd64:/usr/lib64:/lib64:/lib:/usr/lib"/>
    <property name="java.vm.info" value="mixed mode"/>
    <property name="java.vendor" value="Temurin"/>
    <property name="java.vm.version" value="25.352-b08"/>
    <property name="java.specification.maintenance.version" value="4"/>
    <property name="java.ext.dirs" value="/usr/lib/jvm/temurin-8-jdk-amd64/jre/lib/ext:/usr/java/packages/lib/ext"/>
    <property name="sun.io.unicode.encoding" value="UnicodeLittle"/>
    <property name="java.class.version" value="52.0"/>
  </properties>
  <testcase name="testResetCmd" classname="org.apache.hadoop.ozone.shell.TestResetDeletedBlockRetryCountShell" time="19.995">
    <error type="java.io.IOException"><![CDATA[java.io.IOException: Failed to bind to address 0.0.0.0/0.0.0.0:45779
	at org.apache.ratis.thirdparty.io.grpc.netty.NettyServer.start(NettyServer.java:328)
	at org.apache.ratis.thirdparty.io.grpc.internal.ServerImpl.start(ServerImpl.java:183)
	at org.apache.ratis.thirdparty.io.grpc.internal.ServerImpl.start(ServerImpl.java:92)
	at org.apache.hadoop.hdds.scm.ha.InterSCMGrpcProtocolService.start(InterSCMGrpcProtocolService.java:95)
	at org.apache.hadoop.hdds.scm.ha.SCMHAManagerImpl.start(SCMHAManagerImpl.java:125)
	at org.apache.hadoop.hdds.scm.server.StorageContainerManager.start(StorageContainerManager.java:1428)
	at org.apache.hadoop.ozone.MiniOzoneHAClusterImpl$Builder.createSCMService(MiniOzoneHAClusterImpl.java:604)
	at org.apache.hadoop.ozone.MiniOzoneHAClusterImpl$Builder.build(MiniOzoneHAClusterImpl.java:425)
	at org.apache.hadoop.ozone.shell.TestResetDeletedBlockRetryCountShell.init(TestResetDeletedBlockRetryCountShell.java:83)
	at sun.reflect.NativeMethodAccessorImpl.invoke0(Native Method)
	at sun.reflect.NativeMethodAccessorImpl.invoke(NativeMethodAccessorImpl.java:62)
	at sun.reflect.DelegatingMethodAccessorImpl.invoke(DelegatingMethodAccessorImpl.java:43)
	at java.lang.reflect.Method.invoke(Method.java:498)
	at org.junit.platform.commons.util.ReflectionUtils.invokeMethod(ReflectionUtils.java:725)
	at org.junit.jupiter.engine.execution.MethodInvocation.proceed(MethodInvocation.java:60)
	at org.junit.jupiter.engine.execution.InvocationInterceptorChain$ValidatingInvocation.proceed(InvocationInterceptorChain.java:131)
	at org.junit.jupiter.engine.extension.TimeoutExtension.intercept(TimeoutExtension.java:149)
	at org.junit.jupiter.engine.extension.TimeoutExtension.interceptLifecycleMethod(TimeoutExtension.java:126)
	at org.junit.jupiter.engine.extension.TimeoutExtension.interceptBeforeEachMethod(TimeoutExtension.java:76)
	at org.junit.jupiter.engine.execution.ExecutableInvoker$ReflectiveInterceptorCall.lambda$ofVoidMethod$0(ExecutableInvoker.java:115)
	at org.junit.jupiter.engine.execution.ExecutableInvoker.lambda$invoke$0(ExecutableInvoker.java:105)
	at org.junit.jupiter.engine.execution.InvocationInterceptorChain$InterceptedInvocation.proceed(InvocationInterceptorChain.java:106)
	at org.junit.jupiter.engine.execution.InvocationInterceptorChain.proceed(InvocationInterceptorChain.java:64)
	at org.junit.jupiter.engine.execution.InvocationInterceptorChain.chainAndInvoke(InvocationInterceptorChain.java:45)
	at org.junit.jupiter.engine.execution.InvocationInterceptorChain.invoke(InvocationInterceptorChain.java:37)
	at org.junit.jupiter.engine.execution.ExecutableInvoker.invoke(ExecutableInvoker.java:104)
	at org.junit.jupiter.engine.execution.ExecutableInvoker.invoke(ExecutableInvoker.java:98)
	at org.junit.jupiter.engine.descriptor.ClassBasedTestDescriptor.invokeMethodInExtensionContext(ClassBasedTestDescriptor.java:506)
	at org.junit.jupiter.engine.descriptor.ClassBasedTestDescriptor.lambda$synthesizeBeforeEachMethodAdapter$21(ClassBasedTestDescriptor.java:491)
	at org.junit.jupiter.engine.descriptor.TestMethodTestDescriptor.lambda$invokeBeforeEachMethods$3(TestMethodTestDescriptor.java:171)
	at org.junit.jupiter.engine.descriptor.TestMethodTestDescriptor.lambda$invokeBeforeMethodsOrCallbacksUntilExceptionOccurs$6(TestMethodTestDescriptor.java:199)
	at org.junit.platform.engine.support.hierarchical.ThrowableCollector.execute(ThrowableCollector.java:73)
	at org.junit.jupiter.engine.descriptor.TestMethodTestDescriptor.invokeBeforeMethodsOrCallbacksUntilExceptionOccurs(TestMethodTestDescriptor.java:199)
	at org.junit.jupiter.engine.descriptor.TestMethodTestDescriptor.invokeBeforeEachMethods(TestMethodTestDescriptor.java:168)
	at org.junit.jupiter.engine.descriptor.TestMethodTestDescriptor.execute(TestMethodTestDescriptor.java:131)
	at org.junit.jupiter.engine.descriptor.TestMethodTestDescriptor.execute(TestMethodTestDescriptor.java:66)
	at org.junit.platform.engine.support.hierarchical.NodeTestTask.lambda$executeRecursively$6(NodeTestTask.java:151)
	at org.junit.platform.engine.support.hierarchical.ThrowableCollector.execute(ThrowableCollector.java:73)
	at org.junit.platform.engine.support.hierarchical.NodeTestTask.lambda$executeRecursively$8(NodeTestTask.java:141)
	at org.junit.platform.engine.support.hierarchical.Node.around(Node.java:137)
	at org.junit.platform.engine.support.hierarchical.NodeTestTask.lambda$executeRecursively$9(NodeTestTask.java:139)
	at org.junit.platform.engine.support.hierarchical.ThrowableCollector.execute(ThrowableCollector.java:73)
	at org.junit.platform.engine.support.hierarchical.NodeTestTask.executeRecursively(NodeTestTask.java:138)
	at org.junit.platform.engine.support.hierarchical.NodeTestTask.execute(NodeTestTask.java:95)
	at java.util.ArrayList.forEach(ArrayList.java:1259)
	at org.junit.platform.engine.support.hierarchical.SameThreadHierarchicalTestExecutorService.invokeAll(SameThreadHierarchicalTestExecutorService.java:41)
	at org.junit.platform.engine.support.hierarchical.NodeTestTask.lambda$executeRecursively$6(NodeTestTask.java:155)
	at org.junit.platform.engine.support.hierarchical.ThrowableCollector.execute(ThrowableCollector.java:73)
	at org.junit.platform.engine.support.hierarchical.NodeTestTask.lambda$executeRecursively$8(NodeTestTask.java:141)
	at org.junit.platform.engine.support.hierarchical.Node.around(Node.java:137)
	at org.junit.platform.engine.support.hierarchical.NodeTestTask.lambda$executeRecursively$9(NodeTestTask.java:139)
	at org.junit.platform.engine.support.hierarchical.ThrowableCollector.execute(ThrowableCollector.java:73)
	at org.junit.platform.engine.support.hierarchical.NodeTestTask.executeRecursively(NodeTestTask.java:138)
	at org.junit.platform.engine.support.hierarchical.NodeTestTask.execute(NodeTestTask.java:95)
	at java.util.ArrayList.forEach(ArrayList.java:1259)
	at org.junit.platform.engine.support.hierarchical.SameThreadHierarchicalTestExecutorService.invokeAll(SameThreadHierarchicalTestExecutorService.java:41)
	at org.junit.platform.engine.support.hierarchical.NodeTestTask.lambda$executeRecursively$6(NodeTestTask.java:155)
	at org.junit.platform.engine.support.hierarchical.ThrowableCollector.execute(ThrowableCollector.java:73)
	at org.junit.platform.engine.support.hierarchical.NodeTestTask.lambda$executeRecursively$8(NodeTestTask.java:141)
	at org.junit.platform.engine.support.hierarchical.Node.around(Node.java:137)
	at org.junit.platform.engine.support.hierarchical.NodeTestTask.lambda$executeRecursively$9(NodeTestTask.java:139)
	at org.junit.platform.engine.support.hierarchical.ThrowableCollector.execute(ThrowableCollector.java:73)
	at org.junit.platform.engine.support.hierarchical.NodeTestTask.executeRecursively(NodeTestTask.java:138)
	at org.junit.platform.engine.support.hierarchical.NodeTestTask.execute(NodeTestTask.java:95)
	at org.junit.platform.engine.support.hierarchical.SameThreadHierarchicalTestExecutorService.submit(SameThreadHierarchicalTestExecutorService.java:35)
	at org.junit.platform.engine.support.hierarchical.HierarchicalTestExecutor.execute(HierarchicalTestExecutor.java:57)
	at org.junit.platform.engine.support.hierarchical.HierarchicalTestEngine.execute(HierarchicalTestEngine.java:54)
	at org.junit.platform.launcher.core.EngineExecutionOrchestrator.execute(EngineExecutionOrchestrator.java:107)
	at org.junit.platform.launcher.core.EngineExecutionOrchestrator.execute(EngineExecutionOrchestrator.java:88)
	at org.junit.platform.launcher.core.EngineExecutionOrchestrator.lambda$execute$0(EngineExecutionOrchestrator.java:54)
	at org.junit.platform.launcher.core.EngineExecutionOrchestrator.withInterceptedStreams(EngineExecutionOrchestrator.java:67)
	at org.junit.platform.launcher.core.EngineExecutionOrchestrator.execute(EngineExecutionOrchestrator.java:52)
	at org.junit.platform.launcher.core.DefaultLauncher.execute(DefaultLauncher.java:114)
	at org.junit.platform.launcher.core.DefaultLauncher.execute(DefaultLauncher.java:86)
	at org.junit.platform.launcher.core.DefaultLauncherSession$DelegatingLauncher.execute(DefaultLauncherSession.java:86)
	at org.junit.platform.launcher.core.SessionPerRequestLauncher.execute(SessionPerRequestLauncher.java:53)
	at org.apache.maven.surefire.junitplatform.JUnitPlatformProvider.execute(JUnitPlatformProvider.java:188)
	at org.apache.maven.surefire.junitplatform.JUnitPlatformProvider.invokeAllTests(JUnitPlatformProvider.java:154)
	at org.apache.maven.surefire.junitplatform.JUnitPlatformProvider.invoke(JUnitPlatformProvider.java:124)
	at org.apache.maven.surefire.booter.ForkedBooter.runSuitesInProcess(ForkedBooter.java:428)
	at org.apache.maven.surefire.booter.ForkedBooter.execute(ForkedBooter.java:162)
	at org.apache.maven.surefire.booter.ForkedBooter.run(ForkedBooter.java:562)
	at org.apache.maven.surefire.booter.ForkedBooter.main(ForkedBooter.java:548)
Caused by: org.apache.ratis.thirdparty.io.netty.channel.unix.Errors$NativeIoException: bind(..) failed: Address already in use
]]></error>
    <system-out><![CDATA[2023-01-03 20:11:38,910 [main] WARN  server.ServerUtils (ServerUtils.java:getScmDbDir(148)) - ozone.scm.db.dirs is not configured. We recommend adding this setting. Falling back to ozone.metadata.dirs instead.
2023-01-03 20:11:38,936 [main] INFO  ha.SCMHANodeDetails (SCMHANodeDetails.java:loadSCMHAConfig(209)) - ServiceID for StorageContainerManager is scm-service-test1
2023-01-03 20:11:38,946 [main] INFO  ha.SCMHANodeDetails (SCMHANodeDetails.java:loadSCMHAConfig(220)) - ServiceID for StorageContainerManager is scm-service-test1
2023-01-03 20:11:39,018 [main] WARN  scm.ScmUtils (ScmUtils.java:logWarn(190)) - ConfigKey ozone.scm.block.client.address is deprecated, For configuring different ports for each SCM use PortConfigKey ozone.scm.block.client.port appended with serviceId and nodeId. If want to configure same port configure ozone.scm.block.client.port
2023-01-03 20:11:39,019 [main] WARN  scm.ScmUtils (ScmUtils.java:logWarn(190)) - ConfigKey ozone.scm.client.address is deprecated, For configuring different ports for each SCM use PortConfigKey ozone.scm.client.port appended with serviceId and nodeId. If want to configure same port configure ozone.scm.client.port
2023-01-03 20:11:39,019 [main] WARN  scm.ScmUtils (ScmUtils.java:logWarn(190)) - ConfigKey ozone.scm.datanode.address is deprecated, For configuring different ports for each SCM use PortConfigKey ozone.scm.datanode.port appended with serviceId and nodeId. If want to configure same port configure ozone.scm.datanode.port
2023-01-03 20:11:39,022 [main] WARN  scm.ScmUtils (ScmUtils.java:logWarn(190)) - ConfigKey ozone.scm.block.client.address is deprecated, For configuring different ports for each SCM use PortConfigKey ozone.scm.block.client.port appended with serviceId and nodeId. If want to configure same port configure ozone.scm.block.client.port
2023-01-03 20:11:39,023 [main] WARN  scm.ScmUtils (ScmUtils.java:logWarn(190)) - ConfigKey ozone.scm.client.address is deprecated, For configuring different ports for each SCM use PortConfigKey ozone.scm.client.port appended with serviceId and nodeId. If want to configure same port configure ozone.scm.client.port
2023-01-03 20:11:39,023 [main] WARN  scm.ScmUtils (ScmUtils.java:logWarn(190)) - ConfigKey ozone.scm.datanode.address is deprecated, For configuring different ports for each SCM use PortConfigKey ozone.scm.datanode.port appended with serviceId and nodeId. If want to configure same port configure ozone.scm.datanode.port
2023-01-03 20:11:39,024 [main] INFO  ha.SCMHANodeDetails (SCMHANodeDetails.java:loadSCMHAConfig(307)) - Found matching SCM address with SCMServiceId: scm-service-test1, SCMNodeId: scmNode-1, RPC Address: localhost:45543 and Ratis port: 45543
2023-01-03 20:11:39,024 [main] INFO  ha.SCMHANodeDetails (ConfUtils.java:setNodeSpecificConfigs(97)) - Setting configuration key ozone.scm.datanode.address with value of key ozone.scm.datanode.address.scm-service-test1.scmNode-1: 127.0.0.1:37577
2023-01-03 20:11:39,024 [main] INFO  ha.SCMHANodeDetails (ConfUtils.java:setNodeSpecificConfigs(97)) - Setting configuration key ozone.scm.block.client.address with value of key ozone.scm.block.client.address.scm-service-test1.scmNode-1: 127.0.0.1:37675
2023-01-03 20:11:39,024 [main] INFO  ha.SCMHANodeDetails (ConfUtils.java:setNodeSpecificConfigs(97)) - Setting configuration key ozone.scm.client.address with value of key ozone.scm.client.address.scm-service-test1.scmNode-1: 127.0.0.1:38855
2023-01-03 20:11:39,025 [main] INFO  ha.SCMHANodeDetails (ConfUtils.java:setNodeSpecificConfigs(97)) - Setting configuration key ozone.scm.ratis.port with value of key ozone.scm.ratis.port.scm-service-test1.scmNode-1: 45543
2023-01-03 20:11:39,025 [main] INFO  ha.SCMHANodeDetails (ConfUtils.java:setNodeSpecificConfigs(97)) - Setting configuration key ozone.scm.grpc.port with value of key ozone.scm.grpc.port.scm-service-test1.scmNode-1: 42831
2023-01-03 20:11:39,026 [main] INFO  ha.SCMHANodeDetails (ConfUtils.java:setNodeSpecificConfigs(97)) - Setting configuration key ozone.scm.http-address with value of key ozone.scm.http-address.scm-service-test1.scmNode-1: 127.0.0.1:37557
2023-01-03 20:11:39,027 [main] INFO  ha.SCMHANodeDetails (ConfUtils.java:setNodeSpecificConfigs(97)) - Setting configuration key ozone.scm.https-address with value of key ozone.scm.https-address.scm-service-test1.scmNode-1: 127.0.0.1:39077
2023-01-03 20:11:39,027 [main] INFO  ha.SCMHANodeDetails (ConfUtils.java:setNodeSpecificConfigs(97)) - Setting configuration key ozone.scm.address with value of key ozone.scm.address.scm-service-test1.scmNode-1: 127.0.0.1
2023-01-03 20:11:39,027 [main] WARN  scm.ScmUtils (ScmUtils.java:logWarn(190)) - ConfigKey ozone.scm.block.client.address is deprecated, For configuring different ports for each SCM use PortConfigKey ozone.scm.block.client.port appended with serviceId and nodeId. If want to configure same port configure ozone.scm.block.client.port
2023-01-03 20:11:39,028 [main] WARN  scm.ScmUtils (ScmUtils.java:logWarn(190)) - ConfigKey ozone.scm.client.address is deprecated, For configuring different ports for each SCM use PortConfigKey ozone.scm.client.port appended with serviceId and nodeId. If want to configure same port configure ozone.scm.client.port
2023-01-03 20:11:39,029 [main] WARN  scm.ScmUtils (ScmUtils.java:logWarn(190)) - ConfigKey ozone.scm.datanode.address is deprecated, For configuring different ports for each SCM use PortConfigKey ozone.scm.datanode.port appended with serviceId and nodeId. If want to configure same port configure ozone.scm.datanode.port
2023-01-03 20:11:39,155 [main] INFO  server.RaftServer (ConfUtils.java:logGet(46)) - raft.rpc.type = GRPC (default)
2023-01-03 20:11:39,255 [main] INFO  grpc.GrpcConfigKeys (ConfUtils.java:logFallback(53)) - raft.grpc.admin.host = null (fallback to raft.grpc.server.host)
2023-01-03 20:11:39,257 [main] INFO  grpc.GrpcConfigKeys (ConfUtils.java:logFallback(53)) - raft.grpc.admin.port = 45543 (fallback to raft.grpc.server.port)
2023-01-03 20:11:39,258 [main] INFO  grpc.GrpcConfigKeys (ConfUtils.java:logFallback(53)) - raft.grpc.client.host = null (fallback to raft.grpc.server.host)
2023-01-03 20:11:39,259 [main] INFO  grpc.GrpcConfigKeys (ConfUtils.java:logFallback(53)) - raft.grpc.client.port = 45543 (fallback to raft.grpc.server.port)
2023-01-03 20:11:39,260 [main] INFO  grpc.GrpcConfigKeys (ConfUtils.java:logGet(46)) - raft.grpc.server.host = null (default)
2023-01-03 20:11:39,260 [main] INFO  grpc.GrpcConfigKeys (ConfUtils.java:logGet(46)) - raft.grpc.server.port = 45543 (custom)
2023-01-03 20:11:39,262 [main] INFO  server.GrpcService (ConfUtils.java:logGet(46)) - raft.grpc.message.size.max = 32m (=33554432) (custom)
2023-01-03 20:11:39,264 [main] INFO  server.RaftServerConfigKeys (ConfUtils.java:logGet(46)) - raft.server.log.appender.buffer.byte-limit = 33554432 (custom)
2023-01-03 20:11:39,265 [main] INFO  server.GrpcService (ConfUtils.java:logGet(46)) - raft.grpc.flow.control.window = 1MB (=1048576) (default)
2023-01-03 20:11:39,265 [main] INFO  server.RaftServerConfigKeys (ConfUtils.java:logGet(46)) - raft.server.rpc.request.timeout = 30000ms (custom)
2023-01-03 20:11:39,288 [main] INFO  grpc.GrpcConfigKeys (ConfUtils.java:logGet(46)) - raft.grpc.server.heartbeat.channel = true (default)
2023-01-03 20:11:39,291 [main] INFO  grpc.GrpcConfigKeys (ConfUtils.java:logGet(46)) - raft.grpc.server.async.request.thread.pool.cached = true (default)
2023-01-03 20:11:39,292 [main] INFO  grpc.GrpcConfigKeys (ConfUtils.java:logGet(46)) - raft.grpc.server.async.request.thread.pool.size = 32 (default)
2023-01-03 20:11:39,587 [main] INFO  impl.DataStreamServerImpl (ConfUtils.java:logGet(46)) - raft.datastream.type = NETTY (custom)
2023-01-03 20:11:39,600 [main] INFO  metrics.MetricRegistries (MetricRegistriesLoader.java:load(64)) - Loaded MetricRegistries class org.apache.ratis.metrics.impl.MetricRegistriesImpl
2023-01-03 20:11:39,667 [main] INFO  server.RaftServerConfigKeys (ConfUtils.java:logGet(46)) - raft.server.data-stream.async.request.thread.pool.cached = false (default)
2023-01-03 20:11:39,667 [main] INFO  server.RaftServerConfigKeys (ConfUtils.java:logGet(46)) - raft.server.data-stream.async.request.thread.pool.size = 32 (default)
2023-01-03 20:11:39,668 [main] INFO  server.RaftServerConfigKeys (ConfUtils.java:logGet(46)) - raft.server.data-stream.async.write.thread.pool.size = 16 (default)
2023-01-03 20:11:39,669 [main] INFO  server.RaftServerConfigKeys (ConfUtils.java:logGet(46)) - raft.server.data-stream.client.pool.size = 10 (default)
2023-01-03 20:11:39,673 [main] INFO  netty.NettyConfigKeys$DataStream (ConfUtils.java:logGet(46)) - raft.netty.dataStream.server.use-epoll = false (default)
2023-01-03 20:11:39,673 [main] INFO  netty.NettyConfigKeys$DataStream (ConfUtils.java:logGet(46)) - raft.netty.dataStream.server.boss-group.size = 0 (default)
2023-01-03 20:11:39,684 [main] INFO  netty.NettyConfigKeys$DataStream (ConfUtils.java:logGet(46)) - raft.netty.dataStream.server.worker-group.size = 0 (default)
2023-01-03 20:11:39,685 [main] INFO  netty.NettyConfigKeys$DataStream (ConfUtils.java:logGet(46)) - raft.netty.dataStream.server.tls.conf = null (default)
2023-01-03 20:11:39,687 [main] INFO  netty.NettyConfigKeys$DataStream (ConfUtils.java:logGet(46)) - raft.netty.dataStream.host = null (default)
2023-01-03 20:11:39,687 [main] INFO  netty.NettyConfigKeys$DataStream (ConfUtils.java:logGet(46)) - raft.netty.dataStream.port = 0 (default)
2023-01-03 20:11:39,731 [main] INFO  server.RaftServerConfigKeys (ConfUtils.java:logGet(46)) - raft.server.threadpool.proxy.cached = true (default)
2023-01-03 20:11:39,732 [main] INFO  server.RaftServerConfigKeys (ConfUtils.java:logGet(46)) - raft.server.threadpool.proxy.size = 0 (default)
2023-01-03 20:11:39,732 [main] INFO  server.RaftServerConfigKeys (ConfUtils.java:logGet(46)) - raft.server.rpc.slowness.timeout = 120000ms (custom)
2023-01-03 20:11:39,733 [main] INFO  server.RaftServerConfigKeys (ConfUtils.java:logGet(46)) - raft.server.leaderelection.leader.step-down.wait-time = 10s (default)
2023-01-03 20:11:39,735 [main] INFO  server.RaftServerConfigKeys (ConfUtils.java:logGet(46)) - raft.server.storage.dir = [/home/runner/work/ozone/ozone/hadoop-ozone/integration-test/target/test-dir/MiniOzoneClusterImpl-5d377863-1a9b-4461-8352-60989f5f43d2/scmNode-1/scm-ha] (custom)
2023-01-03 20:11:39,743 [main] INFO  server.RaftServer (RaftServerProxy.java:addNew(96)) - 6e9a3325-03ae-4586-9a67-d6ae8fc8cb50: addNew group-60989F5F43D2:[6e9a3325-03ae-4586-9a67-d6ae8fc8cb50|rpc:localhost:45543|priority:0|startupRole:FOLLOWER] returns group-60989F5F43D2:java.util.concurrent.CompletableFuture@3ae0b770[Not completed]
2023-01-03 20:11:39,759 [pool-2-thread-1] INFO  server.RaftServer$Division (RaftServerImpl.java:<init>(195)) - 6e9a3325-03ae-4586-9a67-d6ae8fc8cb50: new RaftServerImpl for group-60989F5F43D2:[6e9a3325-03ae-4586-9a67-d6ae8fc8cb50|rpc:localhost:45543|priority:0|startupRole:FOLLOWER] with SCMStateMachine:uninitialized
2023-01-03 20:11:39,761 [pool-2-thread-1] INFO  server.RaftServerConfigKeys (ConfUtils.java:logGet(46)) - raft.server.rpc.timeout.min = 5000ms (custom)
2023-01-03 20:11:39,761 [pool-2-thread-1] INFO  server.RaftServerConfigKeys (ConfUtils.java:logGet(46)) - raft.server.rpc.timeout.max = 5200ms (custom)
2023-01-03 20:11:39,761 [pool-2-thread-1] INFO  server.RaftServerConfigKeys (ConfUtils.java:logGet(46)) - raft.server.rpc.sleep.time = 25ms (default)
2023-01-03 20:11:39,761 [pool-2-thread-1] INFO  server.RaftServerConfigKeys (ConfUtils.java:logGet(46)) - raft.server.rpc.slowness.timeout = 120000ms (custom)
2023-01-03 20:11:39,762 [pool-2-thread-1] INFO  server.RaftServerConfigKeys (ConfUtils.java:logGet(46)) - raft.server.leaderelection.leader.step-down.wait-time = 10s (default)
2023-01-03 20:11:39,762 [pool-2-thread-1] INFO  server.RaftServerConfigKeys (ConfUtils.java:logGet(46)) - raft.server.sleep.deviation.threshold = 300ms (default)
2023-01-03 20:11:39,765 [6e9a3325-03ae-4586-9a67-d6ae8fc8cb50-NettyServerStreamRpc-bossGroup--thread1] INFO  logging.LoggingHandler (AbstractInternalLogger.java:log(148)) - [id: 0xfaf367cc] REGISTERED
2023-01-03 20:11:39,767 [6e9a3325-03ae-4586-9a67-d6ae8fc8cb50-NettyServerStreamRpc-bossGroup--thread1] INFO  logging.LoggingHandler (AbstractInternalLogger.java:log(148)) - [id: 0xfaf367cc] BIND: 0.0.0.0/0.0.0.0:0
2023-01-03 20:11:39,768 [pool-2-thread-1] INFO  server.RaftServer$Division (ServerState.java:<init>(118)) - 6e9a3325-03ae-4586-9a67-d6ae8fc8cb50@group-60989F5F43D2: ConfigurationManager, init=-1: peers:[6e9a3325-03ae-4586-9a67-d6ae8fc8cb50|rpc:localhost:45543|priority:0|startupRole:FOLLOWER]|listeners:[], old=null, confs=<EMPTY_MAP>
2023-01-03 20:11:39,768 [pool-2-thread-1] INFO  server.RaftServerConfigKeys (ConfUtils.java:logGet(46)) - raft.server.storage.dir = [/home/runner/work/ozone/ozone/hadoop-ozone/integration-test/target/test-dir/MiniOzoneClusterImpl-5d377863-1a9b-4461-8352-60989f5f43d2/scmNode-1/scm-ha] (custom)
2023-01-03 20:11:39,769 [6e9a3325-03ae-4586-9a67-d6ae8fc8cb50-NettyServerStreamRpc-bossGroup--thread1] INFO  logging.LoggingHandler (AbstractInternalLogger.java:log(148)) - [id: 0xfaf367cc, L:/0:0:0:0:0:0:0:0:34251] ACTIVE
2023-01-03 20:11:39,776 [pool-2-thread-1] INFO  server.RaftServerConfigKeys (ConfUtils.java:logGet(46)) - raft.server.log.corruption.policy = EXCEPTION (default)
2023-01-03 20:11:39,776 [pool-2-thread-1] INFO  server.RaftServerConfigKeys (ConfUtils.java:logGet(46)) - raft.server.storage.free-space.min = 0MB (=0) (default)
2023-01-03 20:11:39,787 [pool-2-thread-1] INFO  server.RaftServerConfigKeys (ConfUtils.java:logGet(46)) - raft.server.notification.no-leader.timeout = 60s (default)
2023-01-03 20:11:39,789 [pool-2-thread-1] INFO  server.RaftServerConfigKeys (ConfUtils.java:logGet(46)) - raft.server.retrycache.expirytime = 60000ms (default)
2023-01-03 20:11:39,789 [pool-2-thread-1] INFO  server.RaftServerConfigKeys (ConfUtils.java:logGet(46)) - raft.server.retrycache.statistics.expirytime = 100μs (default)
2023-01-03 20:11:39,828 [pool-2-thread-1] INFO  server.RaftServerConfigKeys (ConfUtils.java:logGet(46)) - raft.server.log.appender.install.snapshot.enabled = false (custom)
2023-01-03 20:11:39,828 [pool-2-thread-1] INFO  server.RaftServerConfigKeys (ConfUtils.java:logGet(46)) - raft.server.threadpool.server.cached = true (default)
2023-01-03 20:11:39,829 [pool-2-thread-1] INFO  server.RaftServerConfigKeys (ConfUtils.java:logGet(46)) - raft.server.threadpool.server.size = 0 (default)
2023-01-03 20:11:39,829 [pool-2-thread-1] INFO  server.RaftServerConfigKeys (ConfUtils.java:logGet(46)) - raft.server.threadpool.client.cached = true (default)
2023-01-03 20:11:39,829 [pool-2-thread-1] INFO  server.RaftServerConfigKeys (ConfUtils.java:logGet(46)) - raft.server.threadpool.client.size = 0 (default)
2023-01-03 20:11:39,830 [6e9a3325-03ae-4586-9a67-d6ae8fc8cb50-impl-thread1] INFO  storage.RaftStorageDirectory (RaftStorageDirectoryImpl.java:analyzeStorage(137)) - The storage directory /home/runner/work/ozone/ozone/hadoop-ozone/integration-test/target/test-dir/MiniOzoneClusterImpl-5d377863-1a9b-4461-8352-60989f5f43d2/scmNode-1/scm-ha/5d377863-1a9b-4461-8352-60989f5f43d2 does not exist. Creating ...
2023-01-03 20:11:39,833 [6e9a3325-03ae-4586-9a67-d6ae8fc8cb50-impl-thread1] INFO  storage.RaftStorageDirectory (RaftStorageDirectoryImpl.java:tryLock(231)) - Lock on /home/runner/work/ozone/ozone/hadoop-ozone/integration-test/target/test-dir/MiniOzoneClusterImpl-5d377863-1a9b-4461-8352-60989f5f43d2/scmNode-1/scm-ha/5d377863-1a9b-4461-8352-60989f5f43d2/in_use.lock acquired by nodename 4388@fv-az426-728
2023-01-03 20:11:39,838 [6e9a3325-03ae-4586-9a67-d6ae8fc8cb50-impl-thread1] INFO  storage.RaftStorage (RaftStorageImpl.java:format(96)) - Storage directory /home/runner/work/ozone/ozone/hadoop-ozone/integration-test/target/test-dir/MiniOzoneClusterImpl-5d377863-1a9b-4461-8352-60989f5f43d2/scmNode-1/scm-ha/5d377863-1a9b-4461-8352-60989f5f43d2 has been successfully formatted.
2023-01-03 20:11:39,840 [6e9a3325-03ae-4586-9a67-d6ae8fc8cb50-impl-thread1] INFO  server.RaftServerConfigKeys (ConfUtils.java:logGet(46)) - raft.server.log.use.memory = false (default)
2023-01-03 20:11:39,846 [6e9a3325-03ae-4586-9a67-d6ae8fc8cb50-impl-thread1] INFO  server.RaftServerConfigKeys (ConfUtils.java:logGet(46)) - raft.server.log.purge.gap = 1000000 (custom)
2023-01-03 20:11:39,847 [6e9a3325-03ae-4586-9a67-d6ae8fc8cb50-impl-thread1] INFO  server.RaftServerConfigKeys (ConfUtils.java:logGet(46)) - raft.server.log.appender.buffer.byte-limit = 33554432 (custom)
2023-01-03 20:11:39,848 [6e9a3325-03ae-4586-9a67-d6ae8fc8cb50-impl-thread1] INFO  server.RaftServerConfigKeys (ConfUtils.java:logGet(46)) - raft.server.log.statemachine.data.read.timeout = 1000ms (default)
2023-01-03 20:11:39,849 [6e9a3325-03ae-4586-9a67-d6ae8fc8cb50-impl-thread1] INFO  server.RaftServerConfigKeys (ConfUtils.java:logGet(46)) - raft.server.log.purge.preservation.log.num = 0 (default)
2023-01-03 20:11:39,851 [6e9a3325-03ae-4586-9a67-d6ae8fc8cb50-impl-thread1] INFO  server.RaftServerConfigKeys (ConfUtils.java:logGet(46)) - raft.server.log.segment.size.max = 4194304 (custom)
2023-01-03 20:11:39,855 [6e9a3325-03ae-4586-9a67-d6ae8fc8cb50-impl-thread1] INFO  server.RaftServerConfigKeys (ConfUtils.java:logGet(46)) - raft.server.log.segment.cache.num.max = 2 (custom)
2023-01-03 20:11:39,855 [6e9a3325-03ae-4586-9a67-d6ae8fc8cb50-impl-thread1] INFO  server.RaftServerConfigKeys (ConfUtils.java:logGet(46)) - raft.server.log.segment.cache.size.max = 200MB (=209715200) (default)
2023-01-03 20:11:39,860 [6e9a3325-03ae-4586-9a67-d6ae8fc8cb50-impl-thread1] INFO  segmented.SegmentedRaftLogWorker (SegmentedRaftLogWorker.java:<init>(189)) - new 6e9a3325-03ae-4586-9a67-d6ae8fc8cb50@group-60989F5F43D2-SegmentedRaftLogWorker for RaftStorageImpl:Storage Directory /home/runner/work/ozone/ozone/hadoop-ozone/integration-test/target/test-dir/MiniOzoneClusterImpl-5d377863-1a9b-4461-8352-60989f5f43d2/scmNode-1/scm-ha/5d377863-1a9b-4461-8352-60989f5f43d2
2023-01-03 20:11:39,861 [6e9a3325-03ae-4586-9a67-d6ae8fc8cb50-impl-thread1] INFO  server.RaftServerConfigKeys (ConfUtils.java:logGet(46)) - raft.server.log.queue.byte-limit = 64MB (=67108864) (default)
2023-01-03 20:11:39,861 [6e9a3325-03ae-4586-9a67-d6ae8fc8cb50-impl-thread1] INFO  server.RaftServerConfigKeys (ConfUtils.java:logGet(46)) - raft.server.log.queue.element-limit = 4096 (default)
2023-01-03 20:11:39,862 [6e9a3325-03ae-4586-9a67-d6ae8fc8cb50-impl-thread1] INFO  server.RaftServerConfigKeys (ConfUtils.java:logGet(46)) - raft.server.log.segment.size.max = 4194304 (custom)
2023-01-03 20:11:39,862 [6e9a3325-03ae-4586-9a67-d6ae8fc8cb50-impl-thread1] INFO  server.RaftServerConfigKeys (ConfUtils.java:logGet(46)) - raft.server.log.preallocated.size = 4194304 (custom)
2023-01-03 20:11:39,863 [6e9a3325-03ae-4586-9a67-d6ae8fc8cb50-impl-thread1] INFO  server.RaftServerConfigKeys (ConfUtils.java:logGet(46)) - raft.server.log.force.sync.num = 128 (default)
2023-01-03 20:11:39,863 [6e9a3325-03ae-4586-9a67-d6ae8fc8cb50-impl-thread1] INFO  server.RaftServerConfigKeys (ConfUtils.java:logGet(46)) - raft.server.log.statemachine.data.sync = true (default)
2023-01-03 20:11:39,864 [6e9a3325-03ae-4586-9a67-d6ae8fc8cb50-impl-thread1] INFO  server.RaftServerConfigKeys (ConfUtils.java:logGet(46)) - raft.server.log.statemachine.data.sync.timeout = 10s (default)
2023-01-03 20:11:39,864 [6e9a3325-03ae-4586-9a67-d6ae8fc8cb50-impl-thread1] INFO  server.RaftServerConfigKeys (ConfUtils.java:logGet(46)) - raft.server.log.statemachine.data.sync.timeout.retry = -1 (default)
2023-01-03 20:11:39,870 [6e9a3325-03ae-4586-9a67-d6ae8fc8cb50-impl-thread1] INFO  server.RaftServerConfigKeys (ConfUtils.java:logGet(46)) - raft.server.log.write.buffer.size = 64KB (=65536) (default)
2023-01-03 20:11:39,871 [6e9a3325-03ae-4586-9a67-d6ae8fc8cb50-impl-thread1] INFO  server.RaftServerConfigKeys (ConfUtils.java:logGet(46)) - raft.server.log.appender.buffer.byte-limit = 33554432 (custom)
2023-01-03 20:11:39,874 [6e9a3325-03ae-4586-9a67-d6ae8fc8cb50-impl-thread1] INFO  server.RaftServerConfigKeys (ConfUtils.java:logGet(46)) - raft.server.log.unsafe-flush.enabled = false (default)
2023-01-03 20:11:39,874 [6e9a3325-03ae-4586-9a67-d6ae8fc8cb50-impl-thread1] INFO  server.RaftServerConfigKeys (ConfUtils.java:logGet(46)) - raft.server.log.async-flush.enabled = false (default)
2023-01-03 20:11:39,874 [6e9a3325-03ae-4586-9a67-d6ae8fc8cb50-impl-thread1] INFO  server.RaftServerConfigKeys (ConfUtils.java:logGet(46)) - raft.server.log.statemachine.data.caching.enabled = false (default)
2023-01-03 20:11:39,879 [6e9a3325-03ae-4586-9a67-d6ae8fc8cb50-impl-thread1] INFO  segmented.SegmentedRaftLogWorker (SegmentedRaftLogWorker.java:lambda$new$0(135)) - 6e9a3325-03ae-4586-9a67-d6ae8fc8cb50@group-60989F5F43D2-SegmentedRaftLogWorker: flushIndex: setUnconditionally 0 -> -1
2023-01-03 20:11:39,879 [6e9a3325-03ae-4586-9a67-d6ae8fc8cb50-impl-thread1] INFO  segmented.SegmentedRaftLogWorker (SegmentedRaftLogWorker.java:lambda$new$0(135)) - 6e9a3325-03ae-4586-9a67-d6ae8fc8cb50@group-60989F5F43D2-SegmentedRaftLogWorker: safeCacheEvictIndex: setUnconditionally 0 -> -1
2023-01-03 20:11:39,881 [6e9a3325-03ae-4586-9a67-d6ae8fc8cb50-impl-thread1] INFO  server.RaftServer$Division (RaftServerImpl.java:start(334)) - 6e9a3325-03ae-4586-9a67-d6ae8fc8cb50@group-60989F5F43D2: start as a follower, conf=-1: peers:[6e9a3325-03ae-4586-9a67-d6ae8fc8cb50|rpc:localhost:45543|priority:0|startupRole:FOLLOWER]|listeners:[], old=null
2023-01-03 20:11:39,881 [6e9a3325-03ae-4586-9a67-d6ae8fc8cb50-impl-thread1] INFO  server.RaftServer$Division (RaftServerImpl.java:setRole(321)) - 6e9a3325-03ae-4586-9a67-d6ae8fc8cb50@group-60989F5F43D2: changes role from      null to FOLLOWER at term 0 for startAsFollower
2023-01-03 20:11:39,882 [6e9a3325-03ae-4586-9a67-d6ae8fc8cb50-impl-thread1] INFO  impl.RoleInfo (RoleInfo.java:updateAndGet(139)) - 6e9a3325-03ae-4586-9a67-d6ae8fc8cb50: start 6e9a3325-03ae-4586-9a67-d6ae8fc8cb50@group-60989F5F43D2-FollowerState
2023-01-03 20:11:39,886 [6e9a3325-03ae-4586-9a67-d6ae8fc8cb50-impl-thread1] INFO  util.JmxRegister (JmxRegister.java:tryRegister(44)) - Successfully registered JMX Bean with object name Ratis:service=RaftServer,group=group-60989F5F43D2,id=6e9a3325-03ae-4586-9a67-d6ae8fc8cb50
2023-01-03 20:11:39,888 [6e9a3325-03ae-4586-9a67-d6ae8fc8cb50-impl-thread1] INFO  server.RaftServerConfigKeys (ConfUtils.java:logGet(46)) - raft.server.snapshot.auto.trigger.enabled = true (custom)
2023-01-03 20:11:39,888 [6e9a3325-03ae-4586-9a67-d6ae8fc8cb50-impl-thread1] INFO  server.RaftServerConfigKeys (ConfUtils.java:logGet(46)) - raft.server.snapshot.auto.trigger.threshold = 1000 (custom)
2023-01-03 20:11:39,888 [6e9a3325-03ae-4586-9a67-d6ae8fc8cb50-impl-thread1] INFO  server.RaftServerConfigKeys (ConfUtils.java:logGet(46)) - raft.server.snapshot.retention.file.num = -1 (default)
2023-01-03 20:11:39,889 [6e9a3325-03ae-4586-9a67-d6ae8fc8cb50-impl-thread1] INFO  server.RaftServerConfigKeys (ConfUtils.java:logGet(46)) - raft.server.log.purge.upto.snapshot.index = false (default)
2023-01-03 20:11:39,891 [6e9a3325-03ae-4586-9a67-d6ae8fc8cb50@group-60989F5F43D2-FollowerState] INFO  server.RaftServerConfigKeys (ConfUtils.java:logFallback(53)) - raft.server.rpc.first-election.timeout.min = 5000ms (fallback to raft.server.rpc.timeout.min)
2023-01-03 20:11:39,891 [6e9a3325-03ae-4586-9a67-d6ae8fc8cb50@group-60989F5F43D2-FollowerState] INFO  server.RaftServerConfigKeys (ConfUtils.java:logFallback(53)) - raft.server.rpc.first-election.timeout.max = 5200ms (fallback to raft.server.rpc.timeout.max)
2023-01-03 20:11:39,892 [main] INFO  server.RaftServer (RaftServerProxy.java:startImpl(393)) - 6e9a3325-03ae-4586-9a67-d6ae8fc8cb50: start RPC server
2023-01-03 20:11:39,905 [main] INFO  server.GrpcService (GrpcService.java:startImpl(262)) - 6e9a3325-03ae-4586-9a67-d6ae8fc8cb50: GrpcService started, listening on 45543
2023-01-03 20:11:39,907 [JvmPauseMonitor0] INFO  util.JvmPauseMonitor (JvmPauseMonitor.java:run(105)) - JvmPauseMonitor-6e9a3325-03ae-4586-9a67-d6ae8fc8cb50: Started
2023-01-03 20:11:45,058 [6e9a3325-03ae-4586-9a67-d6ae8fc8cb50@group-60989F5F43D2-FollowerState] INFO  impl.FollowerState (FollowerState.java:run(143)) - 6e9a3325-03ae-4586-9a67-d6ae8fc8cb50@group-60989F5F43D2-FollowerState: change to CANDIDATE, lastRpcElapsedTime:5175808707ns, electionTimeout:5165ms
2023-01-03 20:11:45,059 [6e9a3325-03ae-4586-9a67-d6ae8fc8cb50@group-60989F5F43D2-FollowerState] INFO  impl.RoleInfo (RoleInfo.java:shutdownFollowerState(110)) - 6e9a3325-03ae-4586-9a67-d6ae8fc8cb50: shutdown 6e9a3325-03ae-4586-9a67-d6ae8fc8cb50@group-60989F5F43D2-FollowerState
2023-01-03 20:11:45,059 [6e9a3325-03ae-4586-9a67-d6ae8fc8cb50@group-60989F5F43D2-FollowerState] INFO  server.RaftServer$Division (RaftServerImpl.java:setRole(321)) - 6e9a3325-03ae-4586-9a67-d6ae8fc8cb50@group-60989F5F43D2: changes role from  FOLLOWER to CANDIDATE at term 0 for changeToCandidate
2023-01-03 20:11:45,063 [6e9a3325-03ae-4586-9a67-d6ae8fc8cb50@group-60989F5F43D2-FollowerState] INFO  server.RaftServerConfigKeys (ConfUtils.java:logGet(46)) - raft.server.leaderelection.pre-vote = false (custom)
2023-01-03 20:11:45,064 [6e9a3325-03ae-4586-9a67-d6ae8fc8cb50@group-60989F5F43D2-FollowerState] INFO  impl.RoleInfo (RoleInfo.java:updateAndGet(139)) - 6e9a3325-03ae-4586-9a67-d6ae8fc8cb50: start 6e9a3325-03ae-4586-9a67-d6ae8fc8cb50@group-60989F5F43D2-LeaderElection1
2023-01-03 20:11:45,067 [6e9a3325-03ae-4586-9a67-d6ae8fc8cb50@group-60989F5F43D2-LeaderElection1] INFO  impl.LeaderElection (LeaderElection.java:askForVotes(312)) - 6e9a3325-03ae-4586-9a67-d6ae8fc8cb50@group-60989F5F43D2-LeaderElection1 ELECTION round 0: submit vote requests at term 1 for -1: peers:[6e9a3325-03ae-4586-9a67-d6ae8fc8cb50|rpc:localhost:45543|priority:0|startupRole:FOLLOWER]|listeners:[], old=null
2023-01-03 20:11:45,068 [6e9a3325-03ae-4586-9a67-d6ae8fc8cb50@group-60989F5F43D2-LeaderElection1] INFO  impl.LeaderElection (LeaderElection.java:askForVotes(314)) - 6e9a3325-03ae-4586-9a67-d6ae8fc8cb50@group-60989F5F43D2-LeaderElection1 ELECTION round 0: result PASSED (term=1)
2023-01-03 20:11:45,068 [6e9a3325-03ae-4586-9a67-d6ae8fc8cb50@group-60989F5F43D2-LeaderElection1] INFO  impl.RoleInfo (RoleInfo.java:shutdownLeaderElection(130)) - 6e9a3325-03ae-4586-9a67-d6ae8fc8cb50: shutdown 6e9a3325-03ae-4586-9a67-d6ae8fc8cb50@group-60989F5F43D2-LeaderElection1
2023-01-03 20:11:45,068 [6e9a3325-03ae-4586-9a67-d6ae8fc8cb50@group-60989F5F43D2-LeaderElection1] INFO  server.RaftServer$Division (RaftServerImpl.java:setRole(321)) - 6e9a3325-03ae-4586-9a67-d6ae8fc8cb50@group-60989F5F43D2: changes role from CANDIDATE to LEADER at term 1 for changeToLeader
2023-01-03 20:11:45,068 [6e9a3325-03ae-4586-9a67-d6ae8fc8cb50@group-60989F5F43D2-LeaderElection1] INFO  server.RaftServer$Division (ServerState.java:setLeader(313)) - 6e9a3325-03ae-4586-9a67-d6ae8fc8cb50@group-60989F5F43D2: change Leader from null to 6e9a3325-03ae-4586-9a67-d6ae8fc8cb50 at term 1 for becomeLeader, leader elected after 5281ms
2023-01-03 20:11:45,073 [6e9a3325-03ae-4586-9a67-d6ae8fc8cb50@group-60989F5F43D2-LeaderElection1] INFO  server.RaftServerConfigKeys (ConfUtils.java:logGet(46)) - raft.server.staging.catchup.gap = 1000 (default)
2023-01-03 20:11:45,077 [6e9a3325-03ae-4586-9a67-d6ae8fc8cb50@group-60989F5F43D2-LeaderElection1] INFO  server.RaftServerConfigKeys (ConfUtils.java:logGet(46)) - raft.server.write.element-limit = 4096 (default)
2023-01-03 20:11:45,078 [6e9a3325-03ae-4586-9a67-d6ae8fc8cb50@group-60989F5F43D2-LeaderElection1] INFO  server.RaftServerConfigKeys (ConfUtils.java:logGet(46)) - raft.server.write.byte-limit = 64MB (=67108864) (default)
2023-01-03 20:11:45,083 [6e9a3325-03ae-4586-9a67-d6ae8fc8cb50@group-60989F5F43D2-LeaderElection1] INFO  server.RaftServerConfigKeys (ConfUtils.java:logGet(46)) - raft.server.watch.timeout = 10s (default)
2023-01-03 20:11:45,084 [6e9a3325-03ae-4586-9a67-d6ae8fc8cb50@group-60989F5F43D2-LeaderElection1] INFO  server.RaftServerConfigKeys (ConfUtils.java:logGet(46)) - raft.server.watch.timeout.denomination = 1s (default)
2023-01-03 20:11:45,084 [6e9a3325-03ae-4586-9a67-d6ae8fc8cb50@group-60989F5F43D2-LeaderElection1] INFO  server.RaftServerConfigKeys (ConfUtils.java:logGet(46)) - raft.server.watch.element-limit = 65536 (default)
2023-01-03 20:11:45,093 [6e9a3325-03ae-4586-9a67-d6ae8fc8cb50@group-60989F5F43D2-LeaderElection1] INFO  server.RaftServerConfigKeys (ConfUtils.java:logGet(46)) - raft.server.write.element-limit = 4096 (default)
2023-01-03 20:11:45,095 [6e9a3325-03ae-4586-9a67-d6ae8fc8cb50@group-60989F5F43D2-LeaderElection1] INFO  server.RaftServerConfigKeys (ConfUtils.java:logGet(46)) - raft.server.write.follower.gap.ratio.max = -1.0 (default)
2023-01-03 20:11:45,098 [6e9a3325-03ae-4586-9a67-d6ae8fc8cb50@group-60989F5F43D2-LeaderElection1] INFO  impl.RoleInfo (RoleInfo.java:updateAndGet(139)) - 6e9a3325-03ae-4586-9a67-d6ae8fc8cb50: start 6e9a3325-03ae-4586-9a67-d6ae8fc8cb50@group-60989F5F43D2-LeaderStateImpl
2023-01-03 20:11:45,119 [6e9a3325-03ae-4586-9a67-d6ae8fc8cb50@group-60989F5F43D2-LeaderElection1] INFO  segmented.SegmentedRaftLogWorker (SegmentedRaftLogWorker.java:startLogSegment(452)) - 6e9a3325-03ae-4586-9a67-d6ae8fc8cb50@group-60989F5F43D2-SegmentedRaftLogWorker: Starting segment from index:0
2023-01-03 20:11:45,166 [6e9a3325-03ae-4586-9a67-d6ae8fc8cb50@group-60989F5F43D2-LeaderElection1] INFO  server.RaftServer$Division (ServerState.java:setRaftConf(430)) - 6e9a3325-03ae-4586-9a67-d6ae8fc8cb50@group-60989F5F43D2: set configuration 0: peers:[6e9a3325-03ae-4586-9a67-d6ae8fc8cb50|rpc:localhost:45543|admin:|client:|dataStream:|priority:0|startupRole:FOLLOWER]|listeners:[], old=null
2023-01-03 20:11:45,196 [6e9a3325-03ae-4586-9a67-d6ae8fc8cb50@group-60989F5F43D2-SegmentedRaftLogWorker] INFO  segmented.SegmentedRaftLogWorker (SegmentedRaftLogWorker.java:execute(656)) - 6e9a3325-03ae-4586-9a67-d6ae8fc8cb50@group-60989F5F43D2-SegmentedRaftLogWorker: created new log segment /home/runner/work/ozone/ozone/hadoop-ozone/integration-test/target/test-dir/MiniOzoneClusterImpl-5d377863-1a9b-4461-8352-60989f5f43d2/scmNode-1/scm-ha/5d377863-1a9b-4461-8352-60989f5f43d2/current/log_inprogress_0
2023-01-03 20:11:45,908 [main] INFO  server.RaftServer (RaftServerProxy.java:lambda$close$6(409)) - 6e9a3325-03ae-4586-9a67-d6ae8fc8cb50: close
2023-01-03 20:11:45,909 [main] INFO  server.GrpcService (GrpcService.java:closeImpl(271)) - 6e9a3325-03ae-4586-9a67-d6ae8fc8cb50: shutdown server GrpcServerProtocolService now
2023-01-03 20:11:45,909 [6e9a3325-03ae-4586-9a67-d6ae8fc8cb50-impl-thread1] INFO  server.RaftServer$Division (RaftServerImpl.java:lambda$close$4(458)) - 6e9a3325-03ae-4586-9a67-d6ae8fc8cb50@group-60989F5F43D2: shutdown
2023-01-03 20:11:45,909 [6e9a3325-03ae-4586-9a67-d6ae8fc8cb50-impl-thread1] INFO  util.JmxRegister (JmxRegister.java:unregister(73)) - Successfully un-registered JMX Bean with object name Ratis:service=RaftServer,group=group-60989F5F43D2,id=6e9a3325-03ae-4586-9a67-d6ae8fc8cb50
2023-01-03 20:11:45,910 [6e9a3325-03ae-4586-9a67-d6ae8fc8cb50-impl-thread1] INFO  impl.RoleInfo (RoleInfo.java:shutdownLeaderState(93)) - 6e9a3325-03ae-4586-9a67-d6ae8fc8cb50: shutdown 6e9a3325-03ae-4586-9a67-d6ae8fc8cb50@group-60989F5F43D2-LeaderStateImpl
2023-01-03 20:11:45,916 [6e9a3325-03ae-4586-9a67-d6ae8fc8cb50-impl-thread1] INFO  impl.PendingRequests (PendingRequests.java:sendNotLeaderResponses(282)) - 6e9a3325-03ae-4586-9a67-d6ae8fc8cb50@group-60989F5F43D2-PendingRequests: sendNotLeaderResponses
2023-01-03 20:11:45,918 [6e9a3325-03ae-4586-9a67-d6ae8fc8cb50@group-60989F5F43D2-StateMachineUpdater] INFO  impl.StateMachineUpdater (StateMachineUpdater.java:takeSnapshot(287)) - 6e9a3325-03ae-4586-9a67-d6ae8fc8cb50@group-60989F5F43D2-StateMachineUpdater: Took a snapshot at index 0
2023-01-03 20:11:45,919 [6e9a3325-03ae-4586-9a67-d6ae8fc8cb50@group-60989F5F43D2-StateMachineUpdater] INFO  impl.StateMachineUpdater (StateMachineUpdater.java:lambda$new$0(92)) - 6e9a3325-03ae-4586-9a67-d6ae8fc8cb50@group-60989F5F43D2-StateMachineUpdater: snapshotIndex: updateIncreasingly -1 -> 0
2023-01-03 20:11:45,923 [6e9a3325-03ae-4586-9a67-d6ae8fc8cb50-impl-thread1] INFO  impl.StateMachineUpdater (StateMachineUpdater.java:stopAndJoin(153)) - 6e9a3325-03ae-4586-9a67-d6ae8fc8cb50@group-60989F5F43D2-StateMachineUpdater: set stopIndex = 0
2023-01-03 20:11:45,923 [6e9a3325-03ae-4586-9a67-d6ae8fc8cb50-impl-thread1] INFO  server.RaftServer$Division (ServerState.java:close(466)) - 6e9a3325-03ae-4586-9a67-d6ae8fc8cb50@group-60989F5F43D2: closes. applyIndex: 0
2023-01-03 20:11:45,927 [main] INFO  server.GrpcService (GrpcService.java:closeImpl(280)) - 6e9a3325-03ae-4586-9a67-d6ae8fc8cb50: shutdown server GrpcServerProtocolService successfully
2023-01-03 20:11:45,928 [6e9a3325-03ae-4586-9a67-d6ae8fc8cb50-NettyServerStreamRpc-bossGroup--thread1] INFO  logging.LoggingHandler (AbstractInternalLogger.java:log(148)) - [id: 0xfaf367cc, L:/0:0:0:0:0:0:0:0:34251] CLOSE
2023-01-03 20:11:45,928 [6e9a3325-03ae-4586-9a67-d6ae8fc8cb50-NettyServerStreamRpc-bossGroup--thread1] INFO  logging.LoggingHandler (AbstractInternalLogger.java:log(148)) - [id: 0xfaf367cc, L:/0:0:0:0:0:0:0:0:34251] INACTIVE
2023-01-03 20:11:45,928 [6e9a3325-03ae-4586-9a67-d6ae8fc8cb50-NettyServerStreamRpc-bossGroup--thread1] INFO  logging.LoggingHandler (AbstractInternalLogger.java:log(148)) - [id: 0xfaf367cc, L:/0:0:0:0:0:0:0:0:34251] UNREGISTERED
2023-01-03 20:11:45,928 [6e9a3325-03ae-4586-9a67-d6ae8fc8cb50@group-60989F5F43D2-SegmentedRaftLogWorker] INFO  segmented.SegmentedRaftLogWorker (SegmentedRaftLogWorker.java:run(347)) - 6e9a3325-03ae-4586-9a67-d6ae8fc8cb50@group-60989F5F43D2-SegmentedRaftLogWorker was interrupted, exiting. There are 0 tasks remaining in the queue.
2023-01-03 20:11:45,937 [6e9a3325-03ae-4586-9a67-d6ae8fc8cb50-impl-thread1] INFO  segmented.SegmentedRaftLogWorker (SegmentedRaftLogWorker.java:close(257)) - 6e9a3325-03ae-4586-9a67-d6ae8fc8cb50@group-60989F5F43D2-SegmentedRaftLogWorker close()
2023-01-03 20:11:45,948 [JvmPauseMonitor0] INFO  util.JvmPauseMonitor (JvmPauseMonitor.java:run(111)) - JvmPauseMonitor-6e9a3325-03ae-4586-9a67-d6ae8fc8cb50: Stopped
2023-01-03 20:11:45,948 [main] WARN  server.ServerUtils (ServerUtils.java:getScmDbDir(148)) - ozone.scm.db.dirs is not configured. We recommend adding this setting. Falling back to ozone.metadata.dirs instead.
2023-01-03 20:11:45,950 [main] INFO  server.StorageContainerManager (StorageContainerManager.java:scmInit(1230)) - SCM initialization succeeded. Current cluster id for sd=/home/runner/work/ozone/ozone/hadoop-ozone/integration-test/target/test-dir/MiniOzoneClusterImpl-5d377863-1a9b-4461-8352-60989f5f43d2/scmNode-1/scm; cid=5d377863-1a9b-4461-8352-60989f5f43d2; layoutVersion=4; scmId=6e9a3325-03ae-4586-9a67-d6ae8fc8cb50
2023-01-03 20:11:45,959 [main] WARN  server.ServerUtils (ServerUtils.java:getScmDbDir(148)) - ozone.scm.db.dirs is not configured. We recommend adding this setting. Falling back to ozone.metadata.dirs instead.
2023-01-03 20:11:45,960 [main] INFO  ha.SCMHANodeDetails (SCMHANodeDetails.java:loadSCMHAConfig(209)) - ServiceID for StorageContainerManager is scm-service-test1
2023-01-03 20:11:45,960 [main] INFO  ha.SCMHANodeDetails (SCMHANodeDetails.java:loadSCMHAConfig(220)) - ServiceID for StorageContainerManager is scm-service-test1
2023-01-03 20:11:45,960 [main] WARN  scm.ScmUtils (ScmUtils.java:logWarn(190)) - ConfigKey ozone.scm.block.client.address is deprecated, For configuring different ports for each SCM use PortConfigKey ozone.scm.block.client.port appended with serviceId and nodeId. If want to configure same port configure ozone.scm.block.client.port
2023-01-03 20:11:45,960 [main] WARN  scm.ScmUtils (ScmUtils.java:logWarn(190)) - ConfigKey ozone.scm.client.address is deprecated, For configuring different ports for each SCM use PortConfigKey ozone.scm.client.port appended with serviceId and nodeId. If want to configure same port configure ozone.scm.client.port
2023-01-03 20:11:45,961 [main] WARN  scm.ScmUtils (ScmUtils.java:logWarn(190)) - ConfigKey ozone.scm.datanode.address is deprecated, For configuring different ports for each SCM use PortConfigKey ozone.scm.datanode.port appended with serviceId and nodeId. If want to configure same port configure ozone.scm.datanode.port
2023-01-03 20:11:45,961 [main] WARN  scm.ScmUtils (ScmUtils.java:logWarn(190)) - ConfigKey ozone.scm.block.client.address is deprecated, For configuring different ports for each SCM use PortConfigKey ozone.scm.block.client.port appended with serviceId and nodeId. If want to configure same port configure ozone.scm.block.client.port
2023-01-03 20:11:45,961 [main] WARN  scm.ScmUtils (ScmUtils.java:logWarn(190)) - ConfigKey ozone.scm.client.address is deprecated, For configuring different ports for each SCM use PortConfigKey ozone.scm.client.port appended with serviceId and nodeId. If want to configure same port configure ozone.scm.client.port
2023-01-03 20:11:45,961 [main] WARN  scm.ScmUtils (ScmUtils.java:logWarn(190)) - ConfigKey ozone.scm.datanode.address is deprecated, For configuring different ports for each SCM use PortConfigKey ozone.scm.datanode.port appended with serviceId and nodeId. If want to configure same port configure ozone.scm.datanode.port
2023-01-03 20:11:45,962 [main] INFO  ha.SCMHANodeDetails (SCMHANodeDetails.java:loadSCMHAConfig(307)) - Found matching SCM address with SCMServiceId: scm-service-test1, SCMNodeId: scmNode-1, RPC Address: localhost:45543 and Ratis port: 45543
2023-01-03 20:11:45,962 [main] INFO  ha.SCMHANodeDetails (ConfUtils.java:setNodeSpecificConfigs(97)) - Setting configuration key ozone.scm.datanode.address with value of key ozone.scm.datanode.address.scm-service-test1.scmNode-1: 127.0.0.1:37577
2023-01-03 20:11:45,962 [main] INFO  ha.SCMHANodeDetails (ConfUtils.java:setNodeSpecificConfigs(97)) - Setting configuration key ozone.scm.block.client.address with value of key ozone.scm.block.client.address.scm-service-test1.scmNode-1: 127.0.0.1:37675
2023-01-03 20:11:45,962 [main] INFO  ha.SCMHANodeDetails (ConfUtils.java:setNodeSpecificConfigs(97)) - Setting configuration key ozone.scm.client.address with value of key ozone.scm.client.address.scm-service-test1.scmNode-1: 127.0.0.1:38855
2023-01-03 20:11:45,962 [main] INFO  ha.SCMHANodeDetails (ConfUtils.java:setNodeSpecificConfigs(97)) - Setting configuration key ozone.scm.ratis.port with value of key ozone.scm.ratis.port.scm-service-test1.scmNode-1: 45543
2023-01-03 20:11:45,962 [main] INFO  ha.SCMHANodeDetails (ConfUtils.java:setNodeSpecificConfigs(97)) - Setting configuration key ozone.scm.grpc.port with value of key ozone.scm.grpc.port.scm-service-test1.scmNode-1: 42831
2023-01-03 20:11:45,963 [main] INFO  ha.SCMHANodeDetails (ConfUtils.java:setNodeSpecificConfigs(97)) - Setting configuration key ozone.scm.http-address with value of key ozone.scm.http-address.scm-service-test1.scmNode-1: 127.0.0.1:37557
2023-01-03 20:11:45,963 [main] INFO  ha.SCMHANodeDetails (ConfUtils.java:setNodeSpecificConfigs(97)) - Setting configuration key ozone.scm.https-address with value of key ozone.scm.https-address.scm-service-test1.scmNode-1: 127.0.0.1:39077
2023-01-03 20:11:45,963 [main] INFO  ha.SCMHANodeDetails (ConfUtils.java:setNodeSpecificConfigs(97)) - Setting configuration key ozone.scm.address with value of key ozone.scm.address.scm-service-test1.scmNode-1: 127.0.0.1
2023-01-03 20:11:45,963 [main] WARN  scm.ScmUtils (ScmUtils.java:logWarn(190)) - ConfigKey ozone.scm.block.client.address is deprecated, For configuring different ports for each SCM use PortConfigKey ozone.scm.block.client.port appended with serviceId and nodeId. If want to configure same port configure ozone.scm.block.client.port
2023-01-03 20:11:45,963 [main] WARN  scm.ScmUtils (ScmUtils.java:logWarn(190)) - ConfigKey ozone.scm.client.address is deprecated, For configuring different ports for each SCM use PortConfigKey ozone.scm.client.port appended with serviceId and nodeId. If want to configure same port configure ozone.scm.client.port
2023-01-03 20:11:45,963 [main] WARN  scm.ScmUtils (ScmUtils.java:logWarn(190)) - ConfigKey ozone.scm.datanode.address is deprecated, For configuring different ports for each SCM use PortConfigKey ozone.scm.datanode.port appended with serviceId and nodeId. If want to configure same port configure ozone.scm.datanode.port
2023-01-03 20:11:46,300 [main] WARN  utils.HAUtils (HAUtils.java:getMetaDir(342)) - ozone.scm.db.dirs is not configured. We recommend adding this setting. Falling back to ozone.metadata.dirs instead.
2023-01-03 20:11:46,434 [main] WARN  db.DBStoreBuilder (DBStoreBuilder.java:applyDBDefinition(144)) - ozone.scm.db.dirs is not configured. We recommend adding this setting. Falling back to ozone.metadata.dirs instead.
2023-01-03 20:11:46,602 [main] INFO  net.NodeSchemaLoader (NodeSchemaLoader.java:loadSchemaFromFile(129)) - Loading schema from [jar:file:/home/runner/.m2/repository/org/apache/ozone/hdds-common/1.4.0-SNAPSHOT/hdds-common-1.4.0-SNAPSHOT.jar!/network-topology-default.xml]
2023-01-03 20:11:46,604 [main] INFO  net.NodeSchemaLoader (NodeSchemaLoader.java:loadSchema(176)) - Loading network topology layer schema file
2023-01-03 20:11:46,700 [main] WARN  impl.MetricRegistriesImpl (MetricRegistriesImpl.java:addReporterRegistration(111)) - New reporters are added after registries were created. Some metrics will be missing from the reporter. Please add reporter before adding any new registry.
2023-01-03 20:11:46,700 [main] WARN  impl.MetricRegistriesImpl (MetricRegistriesImpl.java:addReporterRegistration(111)) - New reporters are added after registries were created. Some metrics will be missing from the reporter. Please add reporter before adding any new registry.
2023-01-03 20:11:46,709 [main] INFO  ha.SCMRatisServerImpl (SCMRatisServerImpl.java:<init>(87)) - starting Raft server for scm:6e9a3325-03ae-4586-9a67-d6ae8fc8cb50
2023-01-03 20:11:46,712 [main] INFO  server.RaftServer (ConfUtils.java:logGet(46)) - raft.rpc.type = GRPC (default)
2023-01-03 20:11:46,713 [main] INFO  grpc.GrpcConfigKeys (ConfUtils.java:logFallback(53)) - raft.grpc.admin.host = null (fallback to raft.grpc.server.host)
2023-01-03 20:11:46,713 [main] INFO  grpc.GrpcConfigKeys (ConfUtils.java:logFallback(53)) - raft.grpc.admin.port = 45543 (fallback to raft.grpc.server.port)
2023-01-03 20:11:46,713 [main] INFO  grpc.GrpcConfigKeys (ConfUtils.java:logFallback(53)) - raft.grpc.client.host = null (fallback to raft.grpc.server.host)
2023-01-03 20:11:46,713 [main] INFO  grpc.GrpcConfigKeys (ConfUtils.java:logFallback(53)) - raft.grpc.client.port = 45543 (fallback to raft.grpc.server.port)
2023-01-03 20:11:46,713 [main] INFO  grpc.GrpcConfigKeys (ConfUtils.java:logGet(46)) - raft.grpc.server.host = null (default)
2023-01-03 20:11:46,713 [main] INFO  grpc.GrpcConfigKeys (ConfUtils.java:logGet(46)) - raft.grpc.server.port = 45543 (custom)
2023-01-03 20:11:46,714 [main] INFO  server.GrpcService (ConfUtils.java:logGet(46)) - raft.grpc.message.size.max = 32m (=33554432) (custom)
2023-01-03 20:11:46,714 [main] INFO  server.RaftServerConfigKeys (ConfUtils.java:logGet(46)) - raft.server.log.appender.buffer.byte-limit = 33554432 (custom)
2023-01-03 20:11:46,714 [main] INFO  server.GrpcService (ConfUtils.java:logGet(46)) - raft.grpc.flow.control.window = 1MB (=1048576) (default)
2023-01-03 20:11:46,714 [main] INFO  server.RaftServerConfigKeys (ConfUtils.java:logGet(46)) - raft.server.rpc.request.timeout = 30000ms (custom)
2023-01-03 20:11:46,714 [main] INFO  grpc.GrpcConfigKeys (ConfUtils.java:logGet(46)) - raft.grpc.server.heartbeat.channel = true (default)
2023-01-03 20:11:46,714 [main] INFO  grpc.GrpcConfigKeys (ConfUtils.java:logGet(46)) - raft.grpc.server.async.request.thread.pool.cached = true (default)
2023-01-03 20:11:46,715 [main] INFO  grpc.GrpcConfigKeys (ConfUtils.java:logGet(46)) - raft.grpc.server.async.request.thread.pool.size = 32 (default)
2023-01-03 20:11:46,716 [main] INFO  impl.DataStreamServerImpl (ConfUtils.java:logGet(46)) - raft.datastream.type = NETTY (custom)
2023-01-03 20:11:46,716 [main] INFO  server.RaftServerConfigKeys (ConfUtils.java:logGet(46)) - raft.server.data-stream.async.request.thread.pool.cached = false (default)
2023-01-03 20:11:46,716 [main] INFO  server.RaftServerConfigKeys (ConfUtils.java:logGet(46)) - raft.server.data-stream.async.request.thread.pool.size = 32 (default)
2023-01-03 20:11:46,716 [main] INFO  server.RaftServerConfigKeys (ConfUtils.java:logGet(46)) - raft.server.data-stream.async.write.thread.pool.size = 16 (default)
2023-01-03 20:11:46,716 [main] INFO  server.RaftServerConfigKeys (ConfUtils.java:logGet(46)) - raft.server.data-stream.client.pool.size = 10 (default)
2023-01-03 20:11:46,717 [main] INFO  netty.NettyConfigKeys$DataStream (ConfUtils.java:logGet(46)) - raft.netty.dataStream.server.use-epoll = false (default)
2023-01-03 20:11:46,717 [main] INFO  netty.NettyConfigKeys$DataStream (ConfUtils.java:logGet(46)) - raft.netty.dataStream.server.boss-group.size = 0 (default)
2023-01-03 20:11:46,717 [main] INFO  netty.NettyConfigKeys$DataStream (ConfUtils.java:logGet(46)) - raft.netty.dataStream.server.worker-group.size = 0 (default)
2023-01-03 20:11:46,718 [main] INFO  netty.NettyConfigKeys$DataStream (ConfUtils.java:logGet(46)) - raft.netty.dataStream.server.tls.conf = null (default)
2023-01-03 20:11:46,718 [main] INFO  netty.NettyConfigKeys$DataStream (ConfUtils.java:logGet(46)) - raft.netty.dataStream.host = null (default)
2023-01-03 20:11:46,718 [main] INFO  netty.NettyConfigKeys$DataStream (ConfUtils.java:logGet(46)) - raft.netty.dataStream.port = 0 (default)
2023-01-03 20:11:46,718 [main] INFO  server.RaftServerConfigKeys (ConfUtils.java:logGet(46)) - raft.server.threadpool.proxy.cached = true (default)
2023-01-03 20:11:46,719 [main] INFO  server.RaftServerConfigKeys (ConfUtils.java:logGet(46)) - raft.server.threadpool.proxy.size = 0 (default)
2023-01-03 20:11:46,719 [main] INFO  server.RaftServerConfigKeys (ConfUtils.java:logGet(46)) - raft.server.rpc.slowness.timeout = 120000ms (custom)
2023-01-03 20:11:46,719 [main] INFO  server.RaftServerConfigKeys (ConfUtils.java:logGet(46)) - raft.server.leaderelection.leader.step-down.wait-time = 10s (default)
2023-01-03 20:11:46,719 [main] INFO  server.RaftServerConfigKeys (ConfUtils.java:logGet(46)) - raft.server.storage.dir = [/home/runner/work/ozone/ozone/hadoop-ozone/integration-test/target/test-dir/MiniOzoneClusterImpl-5d377863-1a9b-4461-8352-60989f5f43d2/scmNode-1/scm-ha] (custom)
2023-01-03 20:11:46,720 [6e9a3325-03ae-4586-9a67-d6ae8fc8cb50-impl-thread1] INFO  server.RaftServer (RaftServerProxy.java:initGroupDir(251)) - 6e9a3325-03ae-4586-9a67-d6ae8fc8cb50: found a subdirectory /home/runner/work/ozone/ozone/hadoop-ozone/integration-test/target/test-dir/MiniOzoneClusterImpl-5d377863-1a9b-4461-8352-60989f5f43d2/scmNode-1/scm-ha/5d377863-1a9b-4461-8352-60989f5f43d2
2023-01-03 20:11:46,721 [main] INFO  server.RaftServer (RaftServerProxy.java:addNew(96)) - 6e9a3325-03ae-4586-9a67-d6ae8fc8cb50: addNew group-60989F5F43D2:[] returns group-60989F5F43D2:java.util.concurrent.CompletableFuture@7f85217c[Not completed]
2023-01-03 20:11:46,724 [pool-19-thread-1] INFO  server.RaftServer$Division (RaftServerImpl.java:<init>(195)) - 6e9a3325-03ae-4586-9a67-d6ae8fc8cb50: new RaftServerImpl for group-60989F5F43D2:[] with SCMStateMachine:uninitialized
2023-01-03 20:11:46,724 [pool-19-thread-1] INFO  server.RaftServerConfigKeys (ConfUtils.java:logGet(46)) - raft.server.rpc.timeout.min = 5000ms (custom)
2023-01-03 20:11:46,724 [6e9a3325-03ae-4586-9a67-d6ae8fc8cb50-NettyServerStreamRpc-bossGroup--thread1] INFO  logging.LoggingHandler (AbstractInternalLogger.java:log(148)) - [id: 0x6e3ca1dd] REGISTERED
2023-01-03 20:11:46,725 [6e9a3325-03ae-4586-9a67-d6ae8fc8cb50-NettyServerStreamRpc-bossGroup--thread1] INFO  logging.LoggingHandler (AbstractInternalLogger.java:log(148)) - [id: 0x6e3ca1dd] BIND: 0.0.0.0/0.0.0.0:0
2023-01-03 20:11:46,725 [6e9a3325-03ae-4586-9a67-d6ae8fc8cb50-NettyServerStreamRpc-bossGroup--thread1] INFO  logging.LoggingHandler (AbstractInternalLogger.java:log(148)) - [id: 0x6e3ca1dd, L:/0:0:0:0:0:0:0:0:38299] ACTIVE
2023-01-03 20:11:46,725 [pool-19-thread-1] INFO  server.RaftServerConfigKeys (ConfUtils.java:logGet(46)) - raft.server.rpc.timeout.max = 5200ms (custom)
2023-01-03 20:11:46,726 [pool-19-thread-1] INFO  server.RaftServerConfigKeys (ConfUtils.java:logGet(46)) - raft.server.rpc.sleep.time = 25ms (default)
2023-01-03 20:11:46,726 [pool-19-thread-1] INFO  server.RaftServerConfigKeys (ConfUtils.java:logGet(46)) - raft.server.rpc.slowness.timeout = 120000ms (custom)
2023-01-03 20:11:46,727 [pool-19-thread-1] INFO  server.RaftServerConfigKeys (ConfUtils.java:logGet(46)) - raft.server.leaderelection.leader.step-down.wait-time = 10s (default)
2023-01-03 20:11:46,727 [pool-19-thread-1] INFO  server.RaftServerConfigKeys (ConfUtils.java:logGet(46)) - raft.server.sleep.deviation.threshold = 300ms (default)
2023-01-03 20:11:46,728 [pool-19-thread-1] INFO  server.RaftServer$Division (ServerState.java:<init>(118)) - 6e9a3325-03ae-4586-9a67-d6ae8fc8cb50@group-60989F5F43D2: ConfigurationManager, init=-1: peers:[]|listeners:[], old=null, confs=<EMPTY_MAP>
2023-01-03 20:11:46,728 [pool-19-thread-1] INFO  server.RaftServerConfigKeys (ConfUtils.java:logGet(46)) - raft.server.storage.dir = [/home/runner/work/ozone/ozone/hadoop-ozone/integration-test/target/test-dir/MiniOzoneClusterImpl-5d377863-1a9b-4461-8352-60989f5f43d2/scmNode-1/scm-ha] (custom)
2023-01-03 20:11:46,729 [pool-19-thread-1] INFO  server.RaftServerConfigKeys (ConfUtils.java:logGet(46)) - raft.server.log.corruption.policy = EXCEPTION (default)
2023-01-03 20:11:46,729 [pool-19-thread-1] INFO  server.RaftServerConfigKeys (ConfUtils.java:logGet(46)) - raft.server.storage.free-space.min = 0MB (=0) (default)
2023-01-03 20:11:46,729 [pool-19-thread-1] INFO  server.RaftServerConfigKeys (ConfUtils.java:logGet(46)) - raft.server.notification.no-leader.timeout = 60s (default)
2023-01-03 20:11:46,729 [pool-19-thread-1] INFO  server.RaftServerConfigKeys (ConfUtils.java:logGet(46)) - raft.server.retrycache.expirytime = 60000ms (default)
2023-01-03 20:11:46,730 [pool-19-thread-1] INFO  server.RaftServerConfigKeys (ConfUtils.java:logGet(46)) - raft.server.retrycache.statistics.expirytime = 100μs (default)
2023-01-03 20:11:46,736 [pool-19-thread-1] INFO  server.RaftServerConfigKeys (ConfUtils.java:logGet(46)) - raft.server.log.appender.install.snapshot.enabled = false (custom)
2023-01-03 20:11:46,736 [pool-19-thread-1] INFO  server.RaftServerConfigKeys (ConfUtils.java:logGet(46)) - raft.server.threadpool.server.cached = true (default)
2023-01-03 20:11:46,736 [pool-19-thread-1] INFO  server.RaftServerConfigKeys (ConfUtils.java:logGet(46)) - raft.server.threadpool.server.size = 0 (default)
2023-01-03 20:11:46,736 [pool-19-thread-1] INFO  server.RaftServerConfigKeys (ConfUtils.java:logGet(46)) - raft.server.threadpool.client.cached = true (default)
2023-01-03 20:11:46,736 [pool-19-thread-1] INFO  server.RaftServerConfigKeys (ConfUtils.java:logGet(46)) - raft.server.threadpool.client.size = 0 (default)
2023-01-03 20:11:46,738 [main] INFO  ha.SCMSnapshotProvider (SCMSnapshotProvider.java:<init>(66)) - Initializing SCM Snapshot Provider
2023-01-03 20:11:46,738 [main] WARN  server.ServerUtils (ServerUtils.java:getDefaultRatisDirectory(237)) - Storage directory for Ratis is not configured. It is a good idea to map this to an SSD disk. Falling back to ozone.metadata.dirs
2023-01-03 20:11:46,739 [main] WARN  ha.SCMHAUtils (SCMHAUtils.java:getSCMRatisSnapshotDirectory(153)) - SCM snapshot dir is not configured. Falling back to ozone.metadata.dirs config
2023-01-03 20:11:46,762 [main] INFO  upgrade.AbstractLayoutVersionManager (AbstractLayoutVersionManager.java:init(83)) - Initializing Layout version manager with metadata layout = DATANODE_SCHEMA_V3 (version = 4), software layout = DATANODE_SCHEMA_V3 (version = 4)
2023-01-03 20:11:46,918 [main] INFO  reflections.Reflections (Reflections.java:scan(232)) - Reflections took 131 ms to scan 7 urls, producing 146 keys and 350 values 
2023-01-03 20:11:47,004 [main] INFO  ha.SequenceIdGenerator (SequenceIdGenerator.java:upgradeToSequenceId(349)) - upgrade localId to 111677748019200000
2023-01-03 20:11:47,005 [main] INFO  ha.SequenceIdGenerator (SequenceIdGenerator.java:upgradeToSequenceId(359)) - upgrade delTxnId to 0
2023-01-03 20:11:47,008 [main] INFO  ha.SequenceIdGenerator (SequenceIdGenerator.java:upgradeToSequenceId(376)) - upgrade containerId to 0
2023-01-03 20:11:47,009 [main] INFO  ha.SequenceIdGenerator (SequenceIdGenerator.java:<init>(220)) - Init the HA SequenceIdGenerator.
2023-01-03 20:11:47,066 [main] INFO  node.SCMNodeManager (SCMNodeManager.java:<init>(149)) - Entering startup safe mode.
2023-01-03 20:11:47,129 [main] INFO  algorithms.ContainerPlacementPolicyFactory (ContainerPlacementPolicyFactory.java:getPolicyInternal(86)) - Create container placement policy of type org.apache.hadoop.hdds.scm.container.placement.algorithms.SCMContainerPlacementRandom
2023-01-03 20:11:47,131 [main] INFO  algorithms.ContainerPlacementPolicyFactory (ContainerPlacementPolicyFactory.java:getPolicyInternal(86)) - Create container placement policy of type org.apache.hadoop.hdds.scm.container.placement.algorithms.SCMContainerPlacementRackScatter
2023-01-03 20:11:47,140 [main] INFO  pipeline.PipelineStateManagerImpl (PipelineStateManagerImpl.java:initialize(78)) - No pipeline exists in current db
2023-01-03 20:11:47,172 [main] INFO  algorithms.LeaderChoosePolicyFactory (LeaderChoosePolicyFactory.java:getPolicy(57)) - Create leader choose policy of type org.apache.hadoop.hdds.scm.pipeline.leader.choose.algorithms.MinLeaderCountChoosePolicy
2023-01-03 20:11:47,173 [main] INFO  algorithms.ContainerPlacementPolicyFactory (ContainerPlacementPolicyFactory.java:getPolicyInternal(86)) - Create container placement policy of type org.apache.hadoop.hdds.scm.container.placement.algorithms.SCMContainerPlacementRackScatter
2023-01-03 20:11:47,183 [main] INFO  ha.SCMServiceManager (SCMServiceManager.java:register(42)) - Registering service BackgroundPipelineCreator.
2023-01-03 20:11:47,185 [main] INFO  pipeline.BackgroundPipelineCreator (BackgroundPipelineCreator.java:start(124)) - Starting RatisPipelineUtilsThread.
2023-01-03 20:11:47,192 [main] INFO  BackgroundPipelineScrubber (BackgroundSCMService.java:start(68)) - Starting BackgroundPipelineScrubber Service.
2023-01-03 20:11:47,198 [main] INFO  ha.SCMServiceManager (SCMServiceManager.java:register(42)) - Registering service BackgroundPipelineScrubber.
2023-01-03 20:11:47,204 [main] INFO  ExpiredContainerReplicaOpScrubber (BackgroundSCMService.java:start(68)) - Starting ExpiredContainerReplicaOpScrubber Service.
2023-01-03 20:11:47,213 [main] INFO  ha.SCMServiceManager (SCMServiceManager.java:register(42)) - Registering service ExpiredContainerReplicaOpScrubber.
2023-01-03 20:11:47,258 [main] INFO  algorithms.PipelineChoosePolicyFactory (PipelineChoosePolicyFactory.java:createPipelineChoosePolicyFromClass(73)) - Create pipeline choose policy of type org.apache.hadoop.hdds.scm.pipeline.choose.algorithms.RandomPipelineChoosePolicy
2023-01-03 20:11:47,275 [main] INFO  ha.SCMServiceManager (SCMServiceManager.java:register(42)) - Registering service SCMBlockDeletingService.
2023-01-03 20:11:47,330 [main] INFO  replication.ReplicationManager (ReplicationManager.java:start(261)) - Starting Replication Monitor Thread.
2023-01-03 20:11:47,339 [main] INFO  ha.SCMServiceManager (SCMServiceManager.java:register(42)) - Registering service ReplicationManager.
2023-01-03 20:11:47,341 [ReplicationMonitor] INFO  replication.ReplicationManager (ReplicationManager.java:processAll(330)) - Replication Manager is not ready to run until 300000ms after safemode exit
2023-01-03 20:11:47,351 [main] INFO  safemode.ContainerSafeModeRule (ContainerSafeModeRule.java:<init>(89)) - containers with one replica threshold count 0
2023-01-03 20:11:47,358 [main] INFO  safemode.HealthyPipelineSafeModeRule (HealthyPipelineSafeModeRule.java:initializeRule(169)) - Total pipeline count is 0, healthy pipeline threshold count is 1
2023-01-03 20:11:47,360 [main] INFO  safemode.OneReplicaPipelineSafeModeRule (OneReplicaPipelineSafeModeRule.java:initializeRule(180)) - Total pipeline count is 0, pipeline's with at least one datanode reported threshold count is 0
2023-01-03 20:11:47,620 [main] INFO  audit.AuditLogger (AuditLogger.java:refreshDebugCmdSet(126)) - Refresh DebugCmdSet for SCMAudit to [].
2023-01-03 20:11:47,647 [main] INFO  ipc.CallQueueManager (CallQueueManager.java:<init>(90)) - Using callQueue: class java.util.concurrent.LinkedBlockingQueue, queueCapacity: 10000, scheduler: class org.apache.hadoop.ipc.DefaultRpcScheduler, ipcBackoff: false.
2023-01-03 20:11:47,709 [Socket Reader #1 for port 37577] INFO  ipc.Server (Server.java:run(1273)) - Starting Socket Reader #1 for port 37577
2023-01-03 20:11:47,755 [Listener at 0.0.0.0/37577] INFO  audit.AuditLogger (AuditLogger.java:refreshDebugCmdSet(126)) - Refresh DebugCmdSet for SCMAudit to [].
2023-01-03 20:11:47,760 [Listener at 0.0.0.0/37577] INFO  ipc.CallQueueManager (CallQueueManager.java:<init>(90)) - Using callQueue: class java.util.concurrent.LinkedBlockingQueue, queueCapacity: 10000, scheduler: class org.apache.hadoop.ipc.DefaultRpcScheduler, ipcBackoff: false.
2023-01-03 20:11:47,761 [Socket Reader #1 for port 37675] INFO  ipc.Server (Server.java:run(1273)) - Starting Socket Reader #1 for port 37675
2023-01-03 20:11:47,796 [Listener at 0.0.0.0/37675] INFO  audit.AuditLogger (AuditLogger.java:refreshDebugCmdSet(126)) - Refresh DebugCmdSet for SCMAudit to [].
2023-01-03 20:11:47,806 [Listener at 0.0.0.0/37675] INFO  ipc.CallQueueManager (CallQueueManager.java:<init>(90)) - Using callQueue: class java.util.concurrent.LinkedBlockingQueue, queueCapacity: 10000, scheduler: class org.apache.hadoop.ipc.DefaultRpcScheduler, ipcBackoff: false.
2023-01-03 20:11:47,807 [Socket Reader #1 for port 38855] INFO  ipc.Server (Server.java:run(1273)) - Starting Socket Reader #1 for port 38855
2023-01-03 20:11:47,848 [Listener at 0.0.0.0/38855] INFO  ha.SCMServiceManager (SCMServiceManager.java:register(42)) - Registering service ContainerBalancer.
2023-01-03 20:11:47,849 [Listener at 0.0.0.0/38855] INFO  server.StorageContainerManager (StorageContainerManager.java:<init>(398)) - 
Container Balancer status:
Key                            Value
Running                        true
Container Balancer Configuration values:
Key                                                Value
Threshold                                          10
Max Datanodes to Involve per Iteration(percent)    20
Max Size to Move per Iteration                     500GB
Max Size Entering Target per Iteration             26GB
Max Size Leaving Source per Iteration              26GB

2023-01-03 20:11:47,850 [Listener at 0.0.0.0/38855] INFO  ha.SCMContext (SCMContext.java:updateSafeModeStatus(228)) - Update SafeModeStatus from SafeModeStatus{safeModeStatus=true, preCheckPassed=false} to SafeModeStatus{safeModeStatus=true, preCheckPassed=false}.
2023-01-03 20:11:47,852 [Listener at 0.0.0.0/38855] INFO  server.StorageContainerManager (StorageContainerManager.java:start(1423)) - StorageContainerLocationProtocol RPC server is listening at /0.0.0.0:38855
2023-01-03 20:11:47,853 [Listener at 0.0.0.0/38855] INFO  ha.SCMRatisServerImpl (SCMRatisServerImpl.java:start(178)) - starting ratis server 0.0.0.0:45543
2023-01-03 20:11:47,855 [6e9a3325-03ae-4586-9a67-d6ae8fc8cb50-impl-thread1] INFO  storage.RaftStorageDirectory (RaftStorageDirectoryImpl.java:tryLock(231)) - Lock on /home/runner/work/ozone/ozone/hadoop-ozone/integration-test/target/test-dir/MiniOzoneClusterImpl-5d377863-1a9b-4461-8352-60989f5f43d2/scmNode-1/scm-ha/5d377863-1a9b-4461-8352-60989f5f43d2/in_use.lock acquired by nodename 4388@fv-az426-728
2023-01-03 20:11:47,856 [6e9a3325-03ae-4586-9a67-d6ae8fc8cb50-impl-thread1] INFO  storage.RaftStorage (RaftStorageImpl.java:analyzeAndRecoverStorage(117)) - Read RaftStorageMetadata{term=1, votedFor=6e9a3325-03ae-4586-9a67-d6ae8fc8cb50} from /home/runner/work/ozone/ozone/hadoop-ozone/integration-test/target/test-dir/MiniOzoneClusterImpl-5d377863-1a9b-4461-8352-60989f5f43d2/scmNode-1/scm-ha/5d377863-1a9b-4461-8352-60989f5f43d2/current/raft-meta
2023-01-03 20:11:47,859 [6e9a3325-03ae-4586-9a67-d6ae8fc8cb50-impl-thread1] INFO  server.RaftServer$Division (ServerState.java:setRaftConf(430)) - 6e9a3325-03ae-4586-9a67-d6ae8fc8cb50@group-60989F5F43D2: set configuration 0: peers:[6e9a3325-03ae-4586-9a67-d6ae8fc8cb50|rpc:localhost:45543|admin:|client:|dataStream:|priority:0|startupRole:FOLLOWER]|listeners:[], old=null
2023-01-03 20:11:47,859 [6e9a3325-03ae-4586-9a67-d6ae8fc8cb50-impl-thread1] INFO  server.RaftServerConfigKeys (ConfUtils.java:logGet(46)) - raft.server.log.use.memory = false (default)
2023-01-03 20:11:47,859 [6e9a3325-03ae-4586-9a67-d6ae8fc8cb50-impl-thread1] INFO  server.RaftServerConfigKeys (ConfUtils.java:logGet(46)) - raft.server.log.purge.gap = 1000000 (custom)
2023-01-03 20:11:47,859 [6e9a3325-03ae-4586-9a67-d6ae8fc8cb50-impl-thread1] INFO  server.RaftServerConfigKeys (ConfUtils.java:logGet(46)) - raft.server.log.appender.buffer.byte-limit = 33554432 (custom)
2023-01-03 20:11:47,860 [6e9a3325-03ae-4586-9a67-d6ae8fc8cb50-impl-thread1] INFO  server.RaftServerConfigKeys (ConfUtils.java:logGet(46)) - raft.server.log.statemachine.data.read.timeout = 1000ms (default)
2023-01-03 20:11:47,860 [6e9a3325-03ae-4586-9a67-d6ae8fc8cb50-impl-thread1] INFO  server.RaftServerConfigKeys (ConfUtils.java:logGet(46)) - raft.server.log.purge.preservation.log.num = 0 (default)
2023-01-03 20:11:47,860 [6e9a3325-03ae-4586-9a67-d6ae8fc8cb50-impl-thread1] INFO  server.RaftServerConfigKeys (ConfUtils.java:logGet(46)) - raft.server.log.segment.size.max = 4194304 (custom)
2023-01-03 20:11:47,860 [6e9a3325-03ae-4586-9a67-d6ae8fc8cb50-impl-thread1] INFO  server.RaftServerConfigKeys (ConfUtils.java:logGet(46)) - raft.server.log.segment.cache.num.max = 2 (custom)
2023-01-03 20:11:47,860 [6e9a3325-03ae-4586-9a67-d6ae8fc8cb50-impl-thread1] INFO  server.RaftServerConfigKeys (ConfUtils.java:logGet(46)) - raft.server.log.segment.cache.size.max = 200MB (=209715200) (default)
2023-01-03 20:11:47,860 [6e9a3325-03ae-4586-9a67-d6ae8fc8cb50-impl-thread1] INFO  segmented.SegmentedRaftLogWorker (SegmentedRaftLogWorker.java:<init>(189)) - new 6e9a3325-03ae-4586-9a67-d6ae8fc8cb50@group-60989F5F43D2-SegmentedRaftLogWorker for RaftStorageImpl:Storage Directory /home/runner/work/ozone/ozone/hadoop-ozone/integration-test/target/test-dir/MiniOzoneClusterImpl-5d377863-1a9b-4461-8352-60989f5f43d2/scmNode-1/scm-ha/5d377863-1a9b-4461-8352-60989f5f43d2
2023-01-03 20:11:47,861 [6e9a3325-03ae-4586-9a67-d6ae8fc8cb50-impl-thread1] INFO  server.RaftServerConfigKeys (ConfUtils.java:logGet(46)) - raft.server.log.queue.byte-limit = 64MB (=67108864) (default)
2023-01-03 20:11:47,861 [6e9a3325-03ae-4586-9a67-d6ae8fc8cb50-impl-thread1] INFO  server.RaftServerConfigKeys (ConfUtils.java:logGet(46)) - raft.server.log.queue.element-limit = 4096 (default)
2023-01-03 20:11:47,861 [6e9a3325-03ae-4586-9a67-d6ae8fc8cb50-impl-thread1] INFO  server.RaftServerConfigKeys (ConfUtils.java:logGet(46)) - raft.server.log.segment.size.max = 4194304 (custom)
2023-01-03 20:11:47,861 [6e9a3325-03ae-4586-9a67-d6ae8fc8cb50-impl-thread1] INFO  server.RaftServerConfigKeys (ConfUtils.java:logGet(46)) - raft.server.log.preallocated.size = 4194304 (custom)
2023-01-03 20:11:47,861 [6e9a3325-03ae-4586-9a67-d6ae8fc8cb50-impl-thread1] INFO  server.RaftServerConfigKeys (ConfUtils.java:logGet(46)) - raft.server.log.force.sync.num = 128 (default)
2023-01-03 20:11:47,861 [6e9a3325-03ae-4586-9a67-d6ae8fc8cb50-impl-thread1] INFO  server.RaftServerConfigKeys (ConfUtils.java:logGet(46)) - raft.server.log.statemachine.data.sync = true (default)
2023-01-03 20:11:47,861 [6e9a3325-03ae-4586-9a67-d6ae8fc8cb50-impl-thread1] INFO  server.RaftServerConfigKeys (ConfUtils.java:logGet(46)) - raft.server.log.statemachine.data.sync.timeout = 10s (default)
2023-01-03 20:11:47,861 [6e9a3325-03ae-4586-9a67-d6ae8fc8cb50-impl-thread1] INFO  server.RaftServerConfigKeys (ConfUtils.java:logGet(46)) - raft.server.log.statemachine.data.sync.timeout.retry = -1 (default)
2023-01-03 20:11:47,862 [6e9a3325-03ae-4586-9a67-d6ae8fc8cb50-impl-thread1] INFO  server.RaftServerConfigKeys (ConfUtils.java:logGet(46)) - raft.server.log.write.buffer.size = 64KB (=65536) (default)
2023-01-03 20:11:47,862 [6e9a3325-03ae-4586-9a67-d6ae8fc8cb50-impl-thread1] INFO  server.RaftServerConfigKeys (ConfUtils.java:logGet(46)) - raft.server.log.appender.buffer.byte-limit = 33554432 (custom)
2023-01-03 20:11:47,865 [6e9a3325-03ae-4586-9a67-d6ae8fc8cb50-impl-thread1] INFO  server.RaftServerConfigKeys (ConfUtils.java:logGet(46)) - raft.server.log.unsafe-flush.enabled = false (default)
2023-01-03 20:11:47,865 [6e9a3325-03ae-4586-9a67-d6ae8fc8cb50-impl-thread1] INFO  server.RaftServerConfigKeys (ConfUtils.java:logGet(46)) - raft.server.log.async-flush.enabled = false (default)
2023-01-03 20:11:47,865 [6e9a3325-03ae-4586-9a67-d6ae8fc8cb50-impl-thread1] INFO  server.RaftServerConfigKeys (ConfUtils.java:logGet(46)) - raft.server.log.statemachine.data.caching.enabled = false (default)
2023-01-03 20:11:47,872 [6e9a3325-03ae-4586-9a67-d6ae8fc8cb50-impl-thread1] INFO  server.RaftServer$Division (ServerState.java:setRaftConf(430)) - 6e9a3325-03ae-4586-9a67-d6ae8fc8cb50@group-60989F5F43D2: set configuration 0: peers:[6e9a3325-03ae-4586-9a67-d6ae8fc8cb50|rpc:localhost:45543|admin:|client:|dataStream:|priority:0|startupRole:FOLLOWER]|listeners:[], old=null
2023-01-03 20:11:47,872 [6e9a3325-03ae-4586-9a67-d6ae8fc8cb50-impl-thread1] INFO  segmented.LogSegment (LogSegment.java:loadSegment(173)) - Successfully read 1 entries from segment file /home/runner/work/ozone/ozone/hadoop-ozone/integration-test/target/test-dir/MiniOzoneClusterImpl-5d377863-1a9b-4461-8352-60989f5f43d2/scmNode-1/scm-ha/5d377863-1a9b-4461-8352-60989f5f43d2/current/log_inprogress_0
2023-01-03 20:11:47,873 [6e9a3325-03ae-4586-9a67-d6ae8fc8cb50-impl-thread1] INFO  segmented.SegmentedRaftLogWorker (SegmentedRaftLogWorker.java:lambda$new$0(135)) - 6e9a3325-03ae-4586-9a67-d6ae8fc8cb50@group-60989F5F43D2-SegmentedRaftLogWorker: flushIndex: setUnconditionally 0 -> 0
2023-01-03 20:11:47,873 [6e9a3325-03ae-4586-9a67-d6ae8fc8cb50-impl-thread1] INFO  segmented.SegmentedRaftLogWorker (SegmentedRaftLogWorker.java:lambda$new$0(135)) - 6e9a3325-03ae-4586-9a67-d6ae8fc8cb50@group-60989F5F43D2-SegmentedRaftLogWorker: safeCacheEvictIndex: setUnconditionally 0 -> -1
2023-01-03 20:11:47,873 [6e9a3325-03ae-4586-9a67-d6ae8fc8cb50-impl-thread1] INFO  server.RaftServer$Division (RaftServerImpl.java:start(334)) - 6e9a3325-03ae-4586-9a67-d6ae8fc8cb50@group-60989F5F43D2: start as a follower, conf=0: peers:[6e9a3325-03ae-4586-9a67-d6ae8fc8cb50|rpc:localhost:45543|admin:|client:|dataStream:|priority:0|startupRole:FOLLOWER]|listeners:[], old=null
2023-01-03 20:11:47,873 [6e9a3325-03ae-4586-9a67-d6ae8fc8cb50-impl-thread1] INFO  server.RaftServer$Division (RaftServerImpl.java:setRole(321)) - 6e9a3325-03ae-4586-9a67-d6ae8fc8cb50@group-60989F5F43D2: changes role from      null to FOLLOWER at term 1 for startAsFollower
2023-01-03 20:11:47,873 [6e9a3325-03ae-4586-9a67-d6ae8fc8cb50-impl-thread1] INFO  impl.RoleInfo (RoleInfo.java:updateAndGet(139)) - 6e9a3325-03ae-4586-9a67-d6ae8fc8cb50: start 6e9a3325-03ae-4586-9a67-d6ae8fc8cb50@group-60989F5F43D2-FollowerState
2023-01-03 20:11:47,878 [6e9a3325-03ae-4586-9a67-d6ae8fc8cb50-impl-thread1] INFO  util.JmxRegister (JmxRegister.java:tryRegister(44)) - Successfully registered JMX Bean with object name Ratis:service=RaftServer,group=group-60989F5F43D2,id=6e9a3325-03ae-4586-9a67-d6ae8fc8cb50
2023-01-03 20:11:47,878 [6e9a3325-03ae-4586-9a67-d6ae8fc8cb50-impl-thread1] INFO  server.RaftServerConfigKeys (ConfUtils.java:logGet(46)) - raft.server.snapshot.auto.trigger.enabled = true (custom)
2023-01-03 20:11:47,878 [6e9a3325-03ae-4586-9a67-d6ae8fc8cb50-impl-thread1] INFO  server.RaftServerConfigKeys (ConfUtils.java:logGet(46)) - raft.server.snapshot.auto.trigger.threshold = 1000 (custom)
2023-01-03 20:11:47,878 [6e9a3325-03ae-4586-9a67-d6ae8fc8cb50-impl-thread1] INFO  server.RaftServerConfigKeys (ConfUtils.java:logGet(46)) - raft.server.snapshot.retention.file.num = -1 (default)
2023-01-03 20:11:47,878 [6e9a3325-03ae-4586-9a67-d6ae8fc8cb50-impl-thread1] INFO  server.RaftServerConfigKeys (ConfUtils.java:logGet(46)) - raft.server.log.purge.upto.snapshot.index = false (default)
2023-01-03 20:11:47,879 [6e9a3325-03ae-4586-9a67-d6ae8fc8cb50@group-60989F5F43D2-FollowerState] INFO  server.RaftServerConfigKeys (ConfUtils.java:logFallback(53)) - raft.server.rpc.first-election.timeout.min = 5000ms (fallback to raft.server.rpc.timeout.min)
2023-01-03 20:11:47,879 [6e9a3325-03ae-4586-9a67-d6ae8fc8cb50@group-60989F5F43D2-FollowerState] INFO  server.RaftServerConfigKeys (ConfUtils.java:logFallback(53)) - raft.server.rpc.first-election.timeout.max = 5200ms (fallback to raft.server.rpc.timeout.max)
2023-01-03 20:11:47,880 [Listener at 0.0.0.0/38855] INFO  server.RaftServer (RaftServerProxy.java:startImpl(393)) - 6e9a3325-03ae-4586-9a67-d6ae8fc8cb50: start RPC server
2023-01-03 20:11:47,882 [Listener at 0.0.0.0/38855] INFO  server.GrpcService (GrpcService.java:startImpl(262)) - 6e9a3325-03ae-4586-9a67-d6ae8fc8cb50: GrpcService started, listening on 45543
2023-01-03 20:11:47,885 [JvmPauseMonitor1] INFO  util.JvmPauseMonitor (JvmPauseMonitor.java:run(105)) - JvmPauseMonitor-6e9a3325-03ae-4586-9a67-d6ae8fc8cb50: Started
2023-01-03 20:11:47,896 [Listener at 0.0.0.0/38855] INFO  ha.SCMHAManagerImpl (SCMHAManagerImpl.java:start(121)) -  scm role is FOLLOWER peers [6e9a3325-03ae-4586-9a67-d6ae8fc8cb50|rpc:localhost:45543|admin:|client:|dataStream:|priority:0|startupRole:FOLLOWER]
2023-01-03 20:11:47,896 [Listener at 0.0.0.0/38855] INFO  ha.InterSCMGrpcService (InterSCMGrpcProtocolService.java:start(94)) - Starting SCM Grpc Service at port 42831
2023-01-03 20:11:47,949 [Listener at 0.0.0.0/38855] WARN  impl.MetricsConfig (MetricsConfig.java:loadFirst(136)) - Cannot locate configuration: tried hadoop-metrics2-storagecontainermanager.properties,hadoop-metrics2.properties
2023-01-03 20:11:47,959 [Listener at 0.0.0.0/38855] INFO  impl.MetricsSystemImpl (MetricsSystemImpl.java:startTimer(378)) - Scheduled Metric snapshot period at 10 second(s).
2023-01-03 20:11:47,960 [Listener at 0.0.0.0/38855] INFO  impl.MetricsSystemImpl (MetricsSystemImpl.java:start(191)) - StorageContainerManager metrics system started
2023-01-03 20:11:48,171 [Listener at 0.0.0.0/38855] INFO  server.SCMClientProtocolServer (SCMClientProtocolServer.java:start(170)) - RPC server for Client  is listening at /0.0.0.0:38855
2023-01-03 20:11:48,172 [IPC Server Responder] INFO  ipc.Server (Server.java:run(1512)) - IPC Server Responder: starting
2023-01-03 20:11:48,174 [IPC Server listener on 38855] INFO  ipc.Server (Server.java:run(1352)) - IPC Server listener on 38855: starting
2023-01-03 20:11:48,210 [Listener at 0.0.0.0/38855] INFO  server.StorageContainerManager (StorageContainerManager.java:start(1437)) - ScmBlockLocationProtocol RPC server is listening at /0.0.0.0:37675
2023-01-03 20:11:48,210 [Listener at 0.0.0.0/38855] INFO  server.SCMBlockProtocolServer (SCMBlockProtocolServer.java:start(152)) - RPC server for Block Protocol is listening at /0.0.0.0:37675
2023-01-03 20:11:48,211 [IPC Server listener on 37675] INFO  ipc.Server (Server.java:run(1352)) - IPC Server listener on 37675: starting
2023-01-03 20:11:48,211 [IPC Server Responder] INFO  ipc.Server (Server.java:run(1512)) - IPC Server Responder: starting
2023-01-03 20:11:48,264 [org.apache.hadoop.util.JvmPauseMonitor$Monitor@c950fd] INFO  util.JvmPauseMonitor (JvmPauseMonitor.java:run(188)) - Starting JVM pause monitor
2023-01-03 20:11:48,282 [Listener at 0.0.0.0/38855] INFO  http.BaseHttpServer (BaseHttpServer.java:newHttpServer2BuilderForOzone(213)) - Starting Web-server for scm at: http://0.0.0.0:37557
2023-01-03 20:11:48,282 [Listener at 0.0.0.0/38855] INFO  http.BaseHttpServer (BaseHttpServer.java:<init>(108)) - Hadoop Security Enabled: false Ozone Security Enabled: false Ozone HTTP Security Enabled: false 
2023-01-03 20:11:48,309 [Listener at 0.0.0.0/38855] INFO  util.log (Log.java:initialized(170)) - Logging initialized @10713ms to org.eclipse.jetty.util.log.Slf4jLog
2023-01-03 20:11:48,412 [Listener at 0.0.0.0/38855] WARN  server.AuthenticationFilter (AuthenticationFilter.java:constructSecretProvider(240)) - Unable to initialize FileSignerSecretProvider, falling back to use random secrets. Reason: Could not read signature secret file: /home/runner/hadoop-http-auth-signature-secret
2023-01-03 20:11:48,425 [Listener at 0.0.0.0/38855] WARN  http.HttpRequestLog (HttpRequestLog.java:getRequestLog(103)) - Jetty request log can only be enabled using Log4j
2023-01-03 20:11:48,432 [Listener at 0.0.0.0/38855] INFO  http.HttpServer2 (HttpServer2.java:addGlobalFilter(1031)) - Added global filter 'safety' (class=org.apache.hadoop.hdds.server.http.HttpServer2$QuotingInputFilter)
2023-01-03 20:11:48,437 [Listener at 0.0.0.0/38855] INFO  http.HttpServer2 (HttpServer2.java:addFilter(1007)) - Added filter static_user_filter (class=org.apache.hadoop.http.lib.StaticUserWebFilter$StaticUserFilter) to context scm
2023-01-03 20:11:48,437 [Listener at 0.0.0.0/38855] INFO  http.HttpServer2 (HttpServer2.java:addFilter(1015)) - Added filter static_user_filter (class=org.apache.hadoop.http.lib.StaticUserWebFilter$StaticUserFilter) to context logs
2023-01-03 20:11:48,437 [Listener at 0.0.0.0/38855] INFO  http.HttpServer2 (HttpServer2.java:addFilter(1015)) - Added filter static_user_filter (class=org.apache.hadoop.http.lib.StaticUserWebFilter$StaticUserFilter) to context static
2023-01-03 20:11:48,477 [Listener at 0.0.0.0/38855] INFO  http.HttpServer2 (HttpServer2.java:bindListener(1250)) - Jetty bound to port 37557
2023-01-03 20:11:48,479 [Listener at 0.0.0.0/38855] INFO  server.Server (Server.java:doStart(375)) - jetty-9.4.49.v20220914; built: 2022-09-14T01:07:36.601Z; git: 4231a3b2e4cb8548a412a789936d640a97b1aa0a; jvm 1.8.0_352-b08
2023-01-03 20:11:48,506 [Listener at 0.0.0.0/38855] INFO  server.session (DefaultSessionIdManager.java:doStart(334)) - DefaultSessionIdManager workerName=node0
2023-01-03 20:11:48,507 [Listener at 0.0.0.0/38855] INFO  server.session (DefaultSessionIdManager.java:doStart(339)) - No SessionScavenger set, using defaults
2023-01-03 20:11:48,509 [Listener at 0.0.0.0/38855] INFO  server.session (HouseKeeper.java:startScavenging(132)) - node0 Scavenging every 660000ms
2023-01-03 20:11:48,520 [Listener at 0.0.0.0/38855] INFO  handler.ContextHandler (ContextHandler.java:doStart(921)) - Started o.e.j.s.ServletContextHandler@4dfe56dc{logs,/logs,file:///home/runner/work/ozone/ozone/hadoop-ozone/integration-test/target/log,AVAILABLE}
2023-01-03 20:11:48,521 [Listener at 0.0.0.0/38855] INFO  handler.ContextHandler (ContextHandler.java:doStart(921)) - Started o.e.j.s.ServletContextHandler@14f1545c{static,/static,file:///home/runner/work/ozone/ozone/hadoop-ozone/integration-test/target/test-classes/webapps/static,AVAILABLE}
2023-01-03 20:11:48,562 [Listener at 0.0.0.0/38855] INFO  handler.ContextHandler (ContextHandler.java:doStart(921)) - Started o.e.j.w.WebAppContext@4f5ad6b7{scm,/,file:///home/runner/work/ozone/ozone/hadoop-ozone/integration-test/target/test-classes/webapps/scm/,AVAILABLE}{file:/home/runner/work/ozone/ozone/hadoop-ozone/integration-test/target/test-classes/webapps/scm}
2023-01-03 20:11:48,572 [Listener at 0.0.0.0/38855] INFO  server.AbstractConnector (AbstractConnector.java:doStart(333)) - Started ServerConnector@3e356ed6{HTTP/1.1, (http/1.1)}{0.0.0.0:37557}
2023-01-03 20:11:48,573 [Listener at 0.0.0.0/38855] INFO  server.Server (Server.java:doStart(415)) - Started @10976ms
2023-01-03 20:11:48,578 [Listener at 0.0.0.0/38855] INFO  impl.MetricsSinkAdapter (MetricsSinkAdapter.java:start(204)) - Sink prometheus started
2023-01-03 20:11:48,578 [Listener at 0.0.0.0/38855] INFO  impl.MetricsSystemImpl (MetricsSystemImpl.java:registerSink(305)) - Registered sink prometheus
2023-01-03 20:11:48,579 [Listener at 0.0.0.0/38855] INFO  http.BaseHttpServer (BaseHttpServer.java:updateConnectorAddress(333)) - HTTP server of scm listening at http://0.0.0.0:37557
2023-01-03 20:11:48,579 [Listener at 0.0.0.0/38855] INFO  ozone.MiniOzoneHAClusterImpl (MiniOzoneHAClusterImpl.java:createSCMService(606)) - Started SCM RPC server at /0.0.0.0:38855
2023-01-03 20:11:48,605 [Listener at 0.0.0.0/38855] WARN  server.ServerUtils (ServerUtils.java:getScmDbDir(148)) - ozone.scm.db.dirs is not configured. We recommend adding this setting. Falling back to ozone.metadata.dirs instead.
2023-01-03 20:11:48,606 [Listener at 0.0.0.0/38855] INFO  ha.SCMHANodeDetails (SCMHANodeDetails.java:loadSCMHAConfig(209)) - ServiceID for StorageContainerManager is scm-service-test1
2023-01-03 20:11:48,606 [Listener at 0.0.0.0/38855] INFO  ha.SCMHANodeDetails (SCMHANodeDetails.java:loadSCMHAConfig(220)) - ServiceID for StorageContainerManager is scm-service-test1
2023-01-03 20:11:48,606 [Listener at 0.0.0.0/38855] WARN  scm.ScmUtils (ScmUtils.java:logWarn(190)) - ConfigKey ozone.scm.block.client.address is deprecated, For configuring different ports for each SCM use PortConfigKey ozone.scm.block.client.port appended with serviceId and nodeId. If want to configure same port configure ozone.scm.block.client.port
2023-01-03 20:11:48,607 [Listener at 0.0.0.0/38855] WARN  scm.ScmUtils (ScmUtils.java:logWarn(190)) - ConfigKey ozone.scm.client.address is deprecated, For configuring different ports for each SCM use PortConfigKey ozone.scm.client.port appended with serviceId and nodeId. If want to configure same port configure ozone.scm.client.port
2023-01-03 20:11:48,607 [Listener at 0.0.0.0/38855] WARN  scm.ScmUtils (ScmUtils.java:logWarn(190)) - ConfigKey ozone.scm.datanode.address is deprecated, For configuring different ports for each SCM use PortConfigKey ozone.scm.datanode.port appended with serviceId and nodeId. If want to configure same port configure ozone.scm.datanode.port
2023-01-03 20:11:48,608 [Listener at 0.0.0.0/38855] WARN  scm.ScmUtils (ScmUtils.java:logWarn(190)) - ConfigKey ozone.scm.block.client.address is deprecated, For configuring different ports for each SCM use PortConfigKey ozone.scm.block.client.port appended with serviceId and nodeId. If want to configure same port configure ozone.scm.block.client.port
2023-01-03 20:11:48,608 [Listener at 0.0.0.0/38855] WARN  scm.ScmUtils (ScmUtils.java:logWarn(190)) - ConfigKey ozone.scm.client.address is deprecated, For configuring different ports for each SCM use PortConfigKey ozone.scm.client.port appended with serviceId and nodeId. If want to configure same port configure ozone.scm.client.port
2023-01-03 20:11:48,608 [Listener at 0.0.0.0/38855] WARN  scm.ScmUtils (ScmUtils.java:logWarn(190)) - ConfigKey ozone.scm.datanode.address is deprecated, For configuring different ports for each SCM use PortConfigKey ozone.scm.datanode.port appended with serviceId and nodeId. If want to configure same port configure ozone.scm.datanode.port
2023-01-03 20:11:48,609 [Listener at 0.0.0.0/38855] INFO  ha.SCMHANodeDetails (SCMHANodeDetails.java:loadSCMHAConfig(307)) - Found matching SCM address with SCMServiceId: scm-service-test1, SCMNodeId: scmNode-2, RPC Address: localhost:42685 and Ratis port: 42685
2023-01-03 20:11:48,609 [Listener at 0.0.0.0/38855] INFO  ha.SCMHANodeDetails (ConfUtils.java:setNodeSpecificConfigs(97)) - Setting configuration key ozone.scm.datanode.address with value of key ozone.scm.datanode.address.scm-service-test1.scmNode-2: 127.0.0.1:46471
2023-01-03 20:11:48,609 [Listener at 0.0.0.0/38855] INFO  ha.SCMHANodeDetails (ConfUtils.java:setNodeSpecificConfigs(97)) - Setting configuration key ozone.scm.block.client.address with value of key ozone.scm.block.client.address.scm-service-test1.scmNode-2: 127.0.0.1:42349
2023-01-03 20:11:48,609 [Listener at 0.0.0.0/38855] INFO  ha.SCMHANodeDetails (ConfUtils.java:setNodeSpecificConfigs(97)) - Setting configuration key ozone.scm.client.address with value of key ozone.scm.client.address.scm-service-test1.scmNode-2: 127.0.0.1:38079
2023-01-03 20:11:48,609 [Listener at 0.0.0.0/38855] INFO  ha.SCMHANodeDetails (ConfUtils.java:setNodeSpecificConfigs(97)) - Setting configuration key ozone.scm.ratis.port with value of key ozone.scm.ratis.port.scm-service-test1.scmNode-2: 42685
2023-01-03 20:11:48,610 [Listener at 0.0.0.0/38855] INFO  ha.SCMHANodeDetails (ConfUtils.java:setNodeSpecificConfigs(97)) - Setting configuration key ozone.scm.grpc.port with value of key ozone.scm.grpc.port.scm-service-test1.scmNode-2: 39539
2023-01-03 20:11:48,610 [Listener at 0.0.0.0/38855] INFO  ha.SCMHANodeDetails (ConfUtils.java:setNodeSpecificConfigs(97)) - Setting configuration key ozone.scm.http-address with value of key ozone.scm.http-address.scm-service-test1.scmNode-2: 127.0.0.1:40329
2023-01-03 20:11:48,610 [Listener at 0.0.0.0/38855] INFO  ha.SCMHANodeDetails (ConfUtils.java:setNodeSpecificConfigs(97)) - Setting configuration key ozone.scm.https-address with value of key ozone.scm.https-address.scm-service-test1.scmNode-2: 127.0.0.1:33093
2023-01-03 20:11:48,610 [Listener at 0.0.0.0/38855] INFO  ha.SCMHANodeDetails (ConfUtils.java:setNodeSpecificConfigs(97)) - Setting configuration key ozone.scm.address with value of key ozone.scm.address.scm-service-test1.scmNode-2: 127.0.0.1
2023-01-03 20:11:48,611 [Listener at 0.0.0.0/38855] WARN  scm.ScmUtils (ScmUtils.java:logWarn(190)) - ConfigKey ozone.scm.block.client.address is deprecated, For configuring different ports for each SCM use PortConfigKey ozone.scm.block.client.port appended with serviceId and nodeId. If want to configure same port configure ozone.scm.block.client.port
2023-01-03 20:11:48,613 [Listener at 0.0.0.0/38855] WARN  scm.ScmUtils (ScmUtils.java:logWarn(190)) - ConfigKey ozone.scm.client.address is deprecated, For configuring different ports for each SCM use PortConfigKey ozone.scm.client.port appended with serviceId and nodeId. If want to configure same port configure ozone.scm.client.port
2023-01-03 20:11:48,614 [Listener at 0.0.0.0/38855] WARN  scm.ScmUtils (ScmUtils.java:logWarn(190)) - ConfigKey ozone.scm.datanode.address is deprecated, For configuring different ports for each SCM use PortConfigKey ozone.scm.datanode.port appended with serviceId and nodeId. If want to configure same port configure ozone.scm.datanode.port
2023-01-03 20:11:48,622 [Listener at 0.0.0.0/38855] INFO  ha.SCMNodeInfo (SCMNodeInfo.java:getPort(197)) - ConfigKey ozone.scm.client.address is deprecated, For configuring different ports for each SCM use PortConfigKey ozone.scm.client.port appended with serviceId and nodeId
2023-01-03 20:11:48,624 [Listener at 0.0.0.0/38855] INFO  ha.SCMNodeInfo (SCMNodeInfo.java:getPort(197)) - ConfigKey ozone.scm.block.client.address is deprecated, For configuring different ports for each SCM use PortConfigKey ozone.scm.block.client.port appended with serviceId and nodeId
2023-01-03 20:11:48,624 [Listener at 0.0.0.0/38855] INFO  ha.SCMNodeInfo (SCMNodeInfo.java:getPort(197)) - ConfigKey ozone.scm.datanode.address is deprecated, For configuring different ports for each SCM use PortConfigKey ozone.scm.datanode.port appended with serviceId and nodeId
2023-01-03 20:11:48,624 [Listener at 0.0.0.0/38855] INFO  ha.SCMNodeInfo (SCMNodeInfo.java:getPort(197)) - ConfigKey ozone.scm.client.address is deprecated, For configuring different ports for each SCM use PortConfigKey ozone.scm.client.port appended with serviceId and nodeId
2023-01-03 20:11:48,624 [Listener at 0.0.0.0/38855] INFO  ha.SCMNodeInfo (SCMNodeInfo.java:getPort(197)) - ConfigKey ozone.scm.block.client.address is deprecated, For configuring different ports for each SCM use PortConfigKey ozone.scm.block.client.port appended with serviceId and nodeId
2023-01-03 20:11:48,624 [Listener at 0.0.0.0/38855] INFO  ha.SCMNodeInfo (SCMNodeInfo.java:getPort(197)) - ConfigKey ozone.scm.datanode.address is deprecated, For configuring different ports for each SCM use PortConfigKey ozone.scm.datanode.port appended with serviceId and nodeId
2023-01-03 20:11:48,630 [Listener at 0.0.0.0/38855] INFO  proxy.SCMBlockLocationFailoverProxyProvider (SCMBlockLocationFailoverProxyProvider.java:<init>(114)) - Created block location fail-over proxy with 2 nodes: [nodeId=scmNode-3,nodeAddress=/127.0.0.1:46621, nodeId=scmNode-1,nodeAddress=/127.0.0.1:37675]
2023-01-03 20:11:50,845 [Listener at 0.0.0.0/38855] INFO  retry.RetryInvocationHandler (RetryInvocationHandler.java:log(411)) - com.google.protobuf.ServiceException: java.net.ConnectException: Call From fv-az426-728/10.1.0.20 to localhost:46621 failed on connection exception: java.net.ConnectException: Connection refused; For more details see:  http://wiki.apache.org/hadoop/ConnectionRefused, while invoking $Proxy41.send over nodeId=scmNode-3,nodeAddress=/127.0.0.1:46621 after 1 failover attempts. Trying to failover after sleeping for 2000ms.
2023-01-03 20:11:52,849 [Listener at 0.0.0.0/38855] INFO  retry.RetryInvocationHandler (RetryInvocationHandler.java:log(411)) - com.google.protobuf.ServiceException: org.apache.hadoop.ipc.RemoteException(org.apache.hadoop.hdds.ratis.ServerNotLeaderException): Server:6e9a3325-03ae-4586-9a67-d6ae8fc8cb50 is not the leader. Could not determine the leader node.
	at org.apache.hadoop.hdds.ratis.ServerNotLeaderException.convertToNotLeaderException(ServerNotLeaderException.java:109)
	at org.apache.hadoop.hdds.scm.ha.RatisUtil.checkRatisException(RatisUtil.java:246)
	at org.apache.hadoop.hdds.scm.protocol.ScmBlockLocationProtocolServerSideTranslatorPB.send(ScmBlockLocationProtocolServerSideTranslatorPB.java:109)
	at org.apache.hadoop.hdds.protocol.proto.ScmBlockLocationProtocolProtos$ScmBlockLocationProtocolService$2.callBlockingMethod(ScmBlockLocationProtocolProtos.java:14202)
	at org.apache.hadoop.ipc.ProtobufRpcEngine$Server.processCall(ProtobufRpcEngine.java:465)
	at org.apache.hadoop.ipc.ProtobufRpcEngine2$Server$ProtoBufRpcInvoker.call(ProtobufRpcEngine2.java:578)
	at org.apache.hadoop.ipc.ProtobufRpcEngine2$Server$ProtoBufRpcInvoker.call(ProtobufRpcEngine2.java:556)
	at org.apache.hadoop.ipc.RPC$Server.call(RPC.java:1093)
	at org.apache.hadoop.ipc.Server$RpcCall.run(Server.java:1043)
	at org.apache.hadoop.ipc.Server$RpcCall.run(Server.java:971)
	at java.security.AccessController.doPrivileged(Native Method)
	at javax.security.auth.Subject.doAs(Subject.java:422)
	at org.apache.hadoop.security.UserGroupInformation.doAs(UserGroupInformation.java:1878)
	at org.apache.hadoop.ipc.Server$Handler.run(Server.java:2976)
, while invoking $Proxy41.send over nodeId=scmNode-1,nodeAddress=/127.0.0.1:37675 after 2 failover attempts. Trying to failover after sleeping for 2000ms.
2023-01-03 20:11:53,037 [6e9a3325-03ae-4586-9a67-d6ae8fc8cb50@group-60989F5F43D2-FollowerState] INFO  impl.FollowerState (FollowerState.java:run(143)) - 6e9a3325-03ae-4586-9a67-d6ae8fc8cb50@group-60989F5F43D2-FollowerState: change to CANDIDATE, lastRpcElapsedTime:5163679237ns, electionTimeout:5158ms
2023-01-03 20:11:53,038 [6e9a3325-03ae-4586-9a67-d6ae8fc8cb50@group-60989F5F43D2-FollowerState] INFO  impl.RoleInfo (RoleInfo.java:shutdownFollowerState(110)) - 6e9a3325-03ae-4586-9a67-d6ae8fc8cb50: shutdown 6e9a3325-03ae-4586-9a67-d6ae8fc8cb50@group-60989F5F43D2-FollowerState
2023-01-03 20:11:53,038 [6e9a3325-03ae-4586-9a67-d6ae8fc8cb50@group-60989F5F43D2-FollowerState] INFO  server.RaftServer$Division (RaftServerImpl.java:setRole(321)) - 6e9a3325-03ae-4586-9a67-d6ae8fc8cb50@group-60989F5F43D2: changes role from  FOLLOWER to CANDIDATE at term 1 for changeToCandidate
2023-01-03 20:11:53,038 [6e9a3325-03ae-4586-9a67-d6ae8fc8cb50@group-60989F5F43D2-FollowerState] INFO  server.RaftServerConfigKeys (ConfUtils.java:logGet(46)) - raft.server.leaderelection.pre-vote = false (custom)
2023-01-03 20:11:53,038 [6e9a3325-03ae-4586-9a67-d6ae8fc8cb50@group-60989F5F43D2-FollowerState] INFO  impl.RoleInfo (RoleInfo.java:updateAndGet(139)) - 6e9a3325-03ae-4586-9a67-d6ae8fc8cb50: start 6e9a3325-03ae-4586-9a67-d6ae8fc8cb50@group-60989F5F43D2-LeaderElection2
2023-01-03 20:11:53,040 [6e9a3325-03ae-4586-9a67-d6ae8fc8cb50@group-60989F5F43D2-LeaderElection2] INFO  impl.LeaderElection (LeaderElection.java:askForVotes(312)) - 6e9a3325-03ae-4586-9a67-d6ae8fc8cb50@group-60989F5F43D2-LeaderElection2 ELECTION round 0: submit vote requests at term 2 for 0: peers:[6e9a3325-03ae-4586-9a67-d6ae8fc8cb50|rpc:localhost:45543|admin:|client:|dataStream:|priority:0|startupRole:FOLLOWER]|listeners:[], old=null
2023-01-03 20:11:53,042 [6e9a3325-03ae-4586-9a67-d6ae8fc8cb50@group-60989F5F43D2-LeaderElection2] INFO  impl.LeaderElection (LeaderElection.java:askForVotes(314)) - 6e9a3325-03ae-4586-9a67-d6ae8fc8cb50@group-60989F5F43D2-LeaderElection2 ELECTION round 0: result PASSED (term=2)
2023-01-03 20:11:53,042 [6e9a3325-03ae-4586-9a67-d6ae8fc8cb50@group-60989F5F43D2-LeaderElection2] INFO  impl.RoleInfo (RoleInfo.java:shutdownLeaderElection(130)) - 6e9a3325-03ae-4586-9a67-d6ae8fc8cb50: shutdown 6e9a3325-03ae-4586-9a67-d6ae8fc8cb50@group-60989F5F43D2-LeaderElection2
2023-01-03 20:11:53,042 [6e9a3325-03ae-4586-9a67-d6ae8fc8cb50@group-60989F5F43D2-LeaderElection2] INFO  server.RaftServer$Division (RaftServerImpl.java:setRole(321)) - 6e9a3325-03ae-4586-9a67-d6ae8fc8cb50@group-60989F5F43D2: changes role from CANDIDATE to LEADER at term 2 for changeToLeader
2023-01-03 20:11:53,042 [6e9a3325-03ae-4586-9a67-d6ae8fc8cb50@group-60989F5F43D2-LeaderElection2] INFO  ha.SCMStateMachine (SCMStateMachine.java:notifyLeaderChanged(259)) - current SCM becomes leader of term 2.
2023-01-03 20:11:53,042 [6e9a3325-03ae-4586-9a67-d6ae8fc8cb50@group-60989F5F43D2-LeaderElection2] INFO  ha.SCMContext (SCMContext.java:updateLeaderAndTerm(99)) - update <isLeader,term> from <false,0> to <true,2>
2023-01-03 20:11:53,044 [6e9a3325-03ae-4586-9a67-d6ae8fc8cb50@group-60989F5F43D2-LeaderElection2] INFO  server.RaftServer$Division (ServerState.java:setLeader(313)) - 6e9a3325-03ae-4586-9a67-d6ae8fc8cb50@group-60989F5F43D2: change Leader from null to 6e9a3325-03ae-4586-9a67-d6ae8fc8cb50 at term 2 for becomeLeader, leader elected after 6312ms
2023-01-03 20:11:53,044 [6e9a3325-03ae-4586-9a67-d6ae8fc8cb50@group-60989F5F43D2-LeaderElection2] INFO  server.RaftServerConfigKeys (ConfUtils.java:logGet(46)) - raft.server.staging.catchup.gap = 1000 (default)
2023-01-03 20:11:53,044 [6e9a3325-03ae-4586-9a67-d6ae8fc8cb50@group-60989F5F43D2-LeaderElection2] INFO  server.RaftServerConfigKeys (ConfUtils.java:logGet(46)) - raft.server.write.element-limit = 4096 (default)
2023-01-03 20:11:53,044 [6e9a3325-03ae-4586-9a67-d6ae8fc8cb50@group-60989F5F43D2-LeaderElection2] INFO  server.RaftServerConfigKeys (ConfUtils.java:logGet(46)) - raft.server.write.byte-limit = 64MB (=67108864) (default)
2023-01-03 20:11:53,044 [6e9a3325-03ae-4586-9a67-d6ae8fc8cb50@group-60989F5F43D2-LeaderElection2] INFO  server.RaftServerConfigKeys (ConfUtils.java:logGet(46)) - raft.server.watch.timeout = 10s (default)
2023-01-03 20:11:53,044 [6e9a3325-03ae-4586-9a67-d6ae8fc8cb50@group-60989F5F43D2-LeaderElection2] INFO  server.RaftServerConfigKeys (ConfUtils.java:logGet(46)) - raft.server.watch.timeout.denomination = 1s (default)
2023-01-03 20:11:53,044 [6e9a3325-03ae-4586-9a67-d6ae8fc8cb50@group-60989F5F43D2-LeaderElection2] INFO  server.RaftServerConfigKeys (ConfUtils.java:logGet(46)) - raft.server.watch.element-limit = 65536 (default)
2023-01-03 20:11:53,045 [6e9a3325-03ae-4586-9a67-d6ae8fc8cb50@group-60989F5F43D2-LeaderElection2] INFO  server.RaftServerConfigKeys (ConfUtils.java:logGet(46)) - raft.server.write.element-limit = 4096 (default)
2023-01-03 20:11:53,045 [6e9a3325-03ae-4586-9a67-d6ae8fc8cb50@group-60989F5F43D2-LeaderElection2] INFO  server.RaftServerConfigKeys (ConfUtils.java:logGet(46)) - raft.server.write.follower.gap.ratio.max = -1.0 (default)
2023-01-03 20:11:53,045 [6e9a3325-03ae-4586-9a67-d6ae8fc8cb50@group-60989F5F43D2-LeaderElection2] INFO  impl.RoleInfo (RoleInfo.java:updateAndGet(139)) - 6e9a3325-03ae-4586-9a67-d6ae8fc8cb50: start 6e9a3325-03ae-4586-9a67-d6ae8fc8cb50@group-60989F5F43D2-LeaderStateImpl
2023-01-03 20:11:53,046 [6e9a3325-03ae-4586-9a67-d6ae8fc8cb50@group-60989F5F43D2-LeaderElection2] INFO  segmented.SegmentedRaftLogWorker (SegmentedRaftLogWorker.java:rollLogSegment(457)) - 6e9a3325-03ae-4586-9a67-d6ae8fc8cb50@group-60989F5F43D2-SegmentedRaftLogWorker: Rolling segment log-0_0 to index:0
2023-01-03 20:11:53,046 [6e9a3325-03ae-4586-9a67-d6ae8fc8cb50@group-60989F5F43D2-LeaderElection2] INFO  server.RaftServer$Division (ServerState.java:setRaftConf(430)) - 6e9a3325-03ae-4586-9a67-d6ae8fc8cb50@group-60989F5F43D2: set configuration 1: peers:[6e9a3325-03ae-4586-9a67-d6ae8fc8cb50|rpc:localhost:45543|admin:|client:|dataStream:|priority:0|startupRole:FOLLOWER]|listeners:[], old=null
2023-01-03 20:11:53,049 [6e9a3325-03ae-4586-9a67-d6ae8fc8cb50@group-60989F5F43D2-SegmentedRaftLogWorker] INFO  segmented.SegmentedRaftLogWorker (SegmentedRaftLogWorker.java:execute(613)) - 6e9a3325-03ae-4586-9a67-d6ae8fc8cb50@group-60989F5F43D2-SegmentedRaftLogWorker: Rolled log segment from /home/runner/work/ozone/ozone/hadoop-ozone/integration-test/target/test-dir/MiniOzoneClusterImpl-5d377863-1a9b-4461-8352-60989f5f43d2/scmNode-1/scm-ha/5d377863-1a9b-4461-8352-60989f5f43d2/current/log_inprogress_0 to /home/runner/work/ozone/ozone/hadoop-ozone/integration-test/target/test-dir/MiniOzoneClusterImpl-5d377863-1a9b-4461-8352-60989f5f43d2/scmNode-1/scm-ha/5d377863-1a9b-4461-8352-60989f5f43d2/current/log_0-0
2023-01-03 20:11:53,058 [6e9a3325-03ae-4586-9a67-d6ae8fc8cb50@group-60989F5F43D2-SegmentedRaftLogWorker] INFO  segmented.SegmentedRaftLogWorker (SegmentedRaftLogWorker.java:execute(656)) - 6e9a3325-03ae-4586-9a67-d6ae8fc8cb50@group-60989F5F43D2-SegmentedRaftLogWorker: created new log segment /home/runner/work/ozone/ozone/hadoop-ozone/integration-test/target/test-dir/MiniOzoneClusterImpl-5d377863-1a9b-4461-8352-60989f5f43d2/scmNode-1/scm-ha/5d377863-1a9b-4461-8352-60989f5f43d2/current/log_inprogress_1
2023-01-03 20:11:53,063 [6e9a3325-03ae-4586-9a67-d6ae8fc8cb50@group-60989F5F43D2-StateMachineUpdater] INFO  ha.SCMContext (SCMContext.java:setLeaderReady(126)) - update <isLeaderReady> from <false> to <true>
2023-01-03 20:11:53,064 [6e9a3325-03ae-4586-9a67-d6ae8fc8cb50@group-60989F5F43D2-StateMachineUpdater] INFO  pipeline.BackgroundPipelineCreator (BackgroundPipelineCreator.java:notifyStatusChanged(254)) - Service BackgroundPipelineCreator transitions to RUNNING.
2023-01-03 20:11:53,066 [6e9a3325-03ae-4586-9a67-d6ae8fc8cb50@group-60989F5F43D2-StateMachineUpdater] INFO  safemode.HealthyPipelineSafeModeRule (HealthyPipelineSafeModeRule.java:initializeRule(165)) - Refreshed total pipeline count is 0, healthy pipeline threshold count is 1
2023-01-03 20:11:53,066 [6e9a3325-03ae-4586-9a67-d6ae8fc8cb50@group-60989F5F43D2-StateMachineUpdater] INFO  safemode.ContainerSafeModeRule (ContainerSafeModeRule.java:reInitializeRule(177)) - Refreshed one replica container threshold 0, currentThreshold 0
2023-01-03 20:11:53,066 [6e9a3325-03ae-4586-9a67-d6ae8fc8cb50@group-60989F5F43D2-StateMachineUpdater] INFO  safemode.OneReplicaPipelineSafeModeRule (OneReplicaPipelineSafeModeRule.java:initializeRule(176)) - Refreshed Total pipeline count is 0, pipeline's with at least one datanode reported threshold count is 0
2023-01-03 20:11:53,067 [6e9a3325-03ae-4586-9a67-d6ae8fc8cb50@group-60989F5F43D2-StateMachineUpdater] INFO  server.SCMDatanodeProtocolServer (SCMDatanodeProtocolServer.java:start(194)) - ScmDatanodeProtocol RPC server for DataNodes is listening at /0.0.0.0:37577
2023-01-03 20:11:53,070 [IPC Server listener on 37577] INFO  ipc.Server (Server.java:run(1352)) - IPC Server listener on 37577: starting
2023-01-03 20:11:53,082 [IPC Server Responder] INFO  ipc.Server (Server.java:run(1512)) - IPC Server Responder: starting
2023-01-03 20:11:54,850 [Listener at 0.0.0.0/38855] INFO  retry.RetryInvocationHandler (RetryInvocationHandler.java:log(411)) - com.google.protobuf.ServiceException: java.net.ConnectException: Call From fv-az426-728/10.1.0.20 to localhost:46621 failed on connection exception: java.net.ConnectException: Connection refused; For more details see:  http://wiki.apache.org/hadoop/ConnectionRefused, while invoking $Proxy41.send over nodeId=scmNode-3,nodeAddress=/127.0.0.1:46621 after 3 failover attempts. Trying to failover after sleeping for 2000ms.
2023-01-03 20:11:56,878 [Listener at 0.0.0.0/38855] INFO  server.StorageContainerManager (StorageContainerManager.java:scmBootstrap(1132)) - SCM BootStrap  is successful for ClusterID 5d377863-1a9b-4461-8352-60989f5f43d2, SCMID 9be5aa81-696f-4a58-a2b4-17a23e6ff6a1
2023-01-03 20:11:56,879 [Listener at 0.0.0.0/38855] INFO  server.StorageContainerManager (StorageContainerManager.java:scmBootstrap(1134)) - Primary SCM Node ID 6e9a3325-03ae-4586-9a67-d6ae8fc8cb50
2023-01-03 20:11:56,879 [Listener at 0.0.0.0/38855] WARN  server.ServerUtils (ServerUtils.java:getScmDbDir(148)) - ozone.scm.db.dirs is not configured. We recommend adding this setting. Falling back to ozone.metadata.dirs instead.
2023-01-03 20:11:56,879 [Listener at 0.0.0.0/38855] INFO  ha.SCMHANodeDetails (SCMHANodeDetails.java:loadSCMHAConfig(209)) - ServiceID for StorageContainerManager is scm-service-test1
2023-01-03 20:11:56,879 [Listener at 0.0.0.0/38855] INFO  ha.SCMHANodeDetails (SCMHANodeDetails.java:loadSCMHAConfig(220)) - ServiceID for StorageContainerManager is scm-service-test1
2023-01-03 20:11:56,880 [Listener at 0.0.0.0/38855] WARN  scm.ScmUtils (ScmUtils.java:logWarn(190)) - ConfigKey ozone.scm.block.client.address is deprecated, For configuring different ports for each SCM use PortConfigKey ozone.scm.block.client.port appended with serviceId and nodeId. If want to configure same port configure ozone.scm.block.client.port
2023-01-03 20:11:56,880 [Listener at 0.0.0.0/38855] WARN  scm.ScmUtils (ScmUtils.java:logWarn(190)) - ConfigKey ozone.scm.client.address is deprecated, For configuring different ports for each SCM use PortConfigKey ozone.scm.client.port appended with serviceId and nodeId. If want to configure same port configure ozone.scm.client.port
2023-01-03 20:11:56,880 [Listener at 0.0.0.0/38855] WARN  scm.ScmUtils (ScmUtils.java:logWarn(190)) - ConfigKey ozone.scm.datanode.address is deprecated, For configuring different ports for each SCM use PortConfigKey ozone.scm.datanode.port appended with serviceId and nodeId. If want to configure same port configure ozone.scm.datanode.port
2023-01-03 20:11:56,880 [Listener at 0.0.0.0/38855] WARN  scm.ScmUtils (ScmUtils.java:logWarn(190)) - ConfigKey ozone.scm.block.client.address is deprecated, For configuring different ports for each SCM use PortConfigKey ozone.scm.block.client.port appended with serviceId and nodeId. If want to configure same port configure ozone.scm.block.client.port
2023-01-03 20:11:56,880 [Listener at 0.0.0.0/38855] WARN  scm.ScmUtils (ScmUtils.java:logWarn(190)) - ConfigKey ozone.scm.client.address is deprecated, For configuring different ports for each SCM use PortConfigKey ozone.scm.client.port appended with serviceId and nodeId. If want to configure same port configure ozone.scm.client.port
2023-01-03 20:11:56,880 [Listener at 0.0.0.0/38855] WARN  scm.ScmUtils (ScmUtils.java:logWarn(190)) - ConfigKey ozone.scm.datanode.address is deprecated, For configuring different ports for each SCM use PortConfigKey ozone.scm.datanode.port appended with serviceId and nodeId. If want to configure same port configure ozone.scm.datanode.port
2023-01-03 20:11:56,881 [Listener at 0.0.0.0/38855] INFO  ha.SCMHANodeDetails (SCMHANodeDetails.java:loadSCMHAConfig(307)) - Found matching SCM address with SCMServiceId: scm-service-test1, SCMNodeId: scmNode-2, RPC Address: localhost:42685 and Ratis port: 42685
2023-01-03 20:11:56,881 [Listener at 0.0.0.0/38855] INFO  ha.SCMHANodeDetails (ConfUtils.java:setNodeSpecificConfigs(97)) - Setting configuration key ozone.scm.datanode.address with value of key ozone.scm.datanode.address.scm-service-test1.scmNode-2: 127.0.0.1:46471
2023-01-03 20:11:56,881 [Listener at 0.0.0.0/38855] INFO  ha.SCMHANodeDetails (ConfUtils.java:setNodeSpecificConfigs(97)) - Setting configuration key ozone.scm.block.client.address with value of key ozone.scm.block.client.address.scm-service-test1.scmNode-2: 127.0.0.1:42349
2023-01-03 20:11:56,881 [Listener at 0.0.0.0/38855] INFO  ha.SCMHANodeDetails (ConfUtils.java:setNodeSpecificConfigs(97)) - Setting configuration key ozone.scm.client.address with value of key ozone.scm.client.address.scm-service-test1.scmNode-2: 127.0.0.1:38079
2023-01-03 20:11:56,881 [Listener at 0.0.0.0/38855] INFO  ha.SCMHANodeDetails (ConfUtils.java:setNodeSpecificConfigs(97)) - Setting configuration key ozone.scm.ratis.port with value of key ozone.scm.ratis.port.scm-service-test1.scmNode-2: 42685
2023-01-03 20:11:56,881 [Listener at 0.0.0.0/38855] INFO  ha.SCMHANodeDetails (ConfUtils.java:setNodeSpecificConfigs(97)) - Setting configuration key ozone.scm.grpc.port with value of key ozone.scm.grpc.port.scm-service-test1.scmNode-2: 39539
2023-01-03 20:11:56,881 [Listener at 0.0.0.0/38855] INFO  ha.SCMHANodeDetails (ConfUtils.java:setNodeSpecificConfigs(97)) - Setting configuration key ozone.scm.http-address with value of key ozone.scm.http-address.scm-service-test1.scmNode-2: 127.0.0.1:40329
2023-01-03 20:11:56,881 [Listener at 0.0.0.0/38855] INFO  ha.SCMHANodeDetails (ConfUtils.java:setNodeSpecificConfigs(97)) - Setting configuration key ozone.scm.https-address with value of key ozone.scm.https-address.scm-service-test1.scmNode-2: 127.0.0.1:33093
2023-01-03 20:11:56,881 [Listener at 0.0.0.0/38855] INFO  ha.SCMHANodeDetails (ConfUtils.java:setNodeSpecificConfigs(97)) - Setting configuration key ozone.scm.address with value of key ozone.scm.address.scm-service-test1.scmNode-2: 127.0.0.1
2023-01-03 20:11:56,882 [Listener at 0.0.0.0/38855] WARN  scm.ScmUtils (ScmUtils.java:logWarn(190)) - ConfigKey ozone.scm.block.client.address is deprecated, For configuring different ports for each SCM use PortConfigKey ozone.scm.block.client.port appended with serviceId and nodeId. If want to configure same port configure ozone.scm.block.client.port
2023-01-03 20:11:56,882 [Listener at 0.0.0.0/38855] WARN  scm.ScmUtils (ScmUtils.java:logWarn(190)) - ConfigKey ozone.scm.client.address is deprecated, For configuring different ports for each SCM use PortConfigKey ozone.scm.client.port appended with serviceId and nodeId. If want to configure same port configure ozone.scm.client.port
2023-01-03 20:11:56,882 [Listener at 0.0.0.0/38855] WARN  scm.ScmUtils (ScmUtils.java:logWarn(190)) - ConfigKey ozone.scm.datanode.address is deprecated, For configuring different ports for each SCM use PortConfigKey ozone.scm.datanode.port appended with serviceId and nodeId. If want to configure same port configure ozone.scm.datanode.port
2023-01-03 20:11:56,884 [Listener at 0.0.0.0/38855] WARN  utils.HAUtils (HAUtils.java:getMetaDir(342)) - ozone.scm.db.dirs is not configured. We recommend adding this setting. Falling back to ozone.metadata.dirs instead.
2023-01-03 20:11:56,884 [Listener at 0.0.0.0/38855] WARN  db.DBStoreBuilder (DBStoreBuilder.java:applyDBDefinition(144)) - ozone.scm.db.dirs is not configured. We recommend adding this setting. Falling back to ozone.metadata.dirs instead.
2023-01-03 20:11:56,965 [Listener at 0.0.0.0/38855] INFO  net.NodeSchemaLoader (NodeSchemaLoader.java:loadSchemaFromFile(129)) - Loading schema from [jar:file:/home/runner/.m2/repository/org/apache/ozone/hdds-common/1.4.0-SNAPSHOT/hdds-common-1.4.0-SNAPSHOT.jar!/network-topology-default.xml]
2023-01-03 20:11:56,965 [Listener at 0.0.0.0/38855] INFO  net.NodeSchemaLoader (NodeSchemaLoader.java:loadSchema(176)) - Loading network topology layer schema file
2023-01-03 20:11:56,967 [Listener at 0.0.0.0/38855] WARN  impl.MetricRegistriesImpl (MetricRegistriesImpl.java:addReporterRegistration(111)) - New reporters are added after registries were created. Some metrics will be missing from the reporter. Please add reporter before adding any new registry.
2023-01-03 20:11:56,967 [Listener at 0.0.0.0/38855] WARN  impl.MetricRegistriesImpl (MetricRegistriesImpl.java:addReporterRegistration(111)) - New reporters are added after registries were created. Some metrics will be missing from the reporter. Please add reporter before adding any new registry.
2023-01-03 20:11:56,968 [Listener at 0.0.0.0/38855] INFO  ha.SCMRatisServerImpl (SCMRatisServerImpl.java:<init>(87)) - starting Raft server for scm:9be5aa81-696f-4a58-a2b4-17a23e6ff6a1
2023-01-03 20:11:56,969 [Listener at 0.0.0.0/38855] INFO  server.RaftServer (ConfUtils.java:logGet(46)) - raft.rpc.type = GRPC (default)
2023-01-03 20:11:56,969 [Listener at 0.0.0.0/38855] INFO  grpc.GrpcConfigKeys (ConfUtils.java:logFallback(53)) - raft.grpc.admin.host = null (fallback to raft.grpc.server.host)
2023-01-03 20:11:56,969 [Listener at 0.0.0.0/38855] INFO  grpc.GrpcConfigKeys (ConfUtils.java:logFallback(53)) - raft.grpc.admin.port = 42685 (fallback to raft.grpc.server.port)
2023-01-03 20:11:56,969 [Listener at 0.0.0.0/38855] INFO  grpc.GrpcConfigKeys (ConfUtils.java:logFallback(53)) - raft.grpc.client.host = null (fallback to raft.grpc.server.host)
2023-01-03 20:11:56,970 [Listener at 0.0.0.0/38855] INFO  grpc.GrpcConfigKeys (ConfUtils.java:logFallback(53)) - raft.grpc.client.port = 42685 (fallback to raft.grpc.server.port)
2023-01-03 20:11:56,970 [Listener at 0.0.0.0/38855] INFO  grpc.GrpcConfigKeys (ConfUtils.java:logGet(46)) - raft.grpc.server.host = null (default)
2023-01-03 20:11:56,970 [Listener at 0.0.0.0/38855] INFO  grpc.GrpcConfigKeys (ConfUtils.java:logGet(46)) - raft.grpc.server.port = 42685 (custom)
2023-01-03 20:11:56,970 [Listener at 0.0.0.0/38855] INFO  server.GrpcService (ConfUtils.java:logGet(46)) - raft.grpc.message.size.max = 32m (=33554432) (custom)
2023-01-03 20:11:56,970 [Listener at 0.0.0.0/38855] INFO  server.RaftServerConfigKeys (ConfUtils.java:logGet(46)) - raft.server.log.appender.buffer.byte-limit = 33554432 (custom)
2023-01-03 20:11:56,970 [Listener at 0.0.0.0/38855] INFO  server.GrpcService (ConfUtils.java:logGet(46)) - raft.grpc.flow.control.window = 1MB (=1048576) (default)
2023-01-03 20:11:56,970 [Listener at 0.0.0.0/38855] INFO  server.RaftServerConfigKeys (ConfUtils.java:logGet(46)) - raft.server.rpc.request.timeout = 30000ms (custom)
2023-01-03 20:11:56,970 [Listener at 0.0.0.0/38855] INFO  grpc.GrpcConfigKeys (ConfUtils.java:logGet(46)) - raft.grpc.server.heartbeat.channel = true (default)
2023-01-03 20:11:56,971 [Listener at 0.0.0.0/38855] INFO  grpc.GrpcConfigKeys (ConfUtils.java:logGet(46)) - raft.grpc.server.async.request.thread.pool.cached = true (default)
2023-01-03 20:11:56,971 [Listener at 0.0.0.0/38855] INFO  grpc.GrpcConfigKeys (ConfUtils.java:logGet(46)) - raft.grpc.server.async.request.thread.pool.size = 32 (default)
2023-01-03 20:11:56,972 [Listener at 0.0.0.0/38855] INFO  impl.DataStreamServerImpl (ConfUtils.java:logGet(46)) - raft.datastream.type = NETTY (custom)
2023-01-03 20:11:56,972 [Listener at 0.0.0.0/38855] INFO  server.RaftServerConfigKeys (ConfUtils.java:logGet(46)) - raft.server.data-stream.async.request.thread.pool.cached = false (default)
2023-01-03 20:11:56,972 [Listener at 0.0.0.0/38855] INFO  server.RaftServerConfigKeys (ConfUtils.java:logGet(46)) - raft.server.data-stream.async.request.thread.pool.size = 32 (default)
2023-01-03 20:11:56,972 [Listener at 0.0.0.0/38855] INFO  server.RaftServerConfigKeys (ConfUtils.java:logGet(46)) - raft.server.data-stream.async.write.thread.pool.size = 16 (default)
2023-01-03 20:11:56,972 [Listener at 0.0.0.0/38855] INFO  server.RaftServerConfigKeys (ConfUtils.java:logGet(46)) - raft.server.data-stream.client.pool.size = 10 (default)
2023-01-03 20:11:56,973 [Listener at 0.0.0.0/38855] INFO  netty.NettyConfigKeys$DataStream (ConfUtils.java:logGet(46)) - raft.netty.dataStream.server.use-epoll = false (default)
2023-01-03 20:11:56,973 [Listener at 0.0.0.0/38855] INFO  netty.NettyConfigKeys$DataStream (ConfUtils.java:logGet(46)) - raft.netty.dataStream.server.boss-group.size = 0 (default)
2023-01-03 20:11:56,973 [Listener at 0.0.0.0/38855] INFO  netty.NettyConfigKeys$DataStream (ConfUtils.java:logGet(46)) - raft.netty.dataStream.server.worker-group.size = 0 (default)
2023-01-03 20:11:56,973 [Listener at 0.0.0.0/38855] INFO  netty.NettyConfigKeys$DataStream (ConfUtils.java:logGet(46)) - raft.netty.dataStream.server.tls.conf = null (default)
2023-01-03 20:11:56,974 [Listener at 0.0.0.0/38855] INFO  netty.NettyConfigKeys$DataStream (ConfUtils.java:logGet(46)) - raft.netty.dataStream.host = null (default)
2023-01-03 20:11:56,974 [Listener at 0.0.0.0/38855] INFO  netty.NettyConfigKeys$DataStream (ConfUtils.java:logGet(46)) - raft.netty.dataStream.port = 0 (default)
2023-01-03 20:11:56,975 [Listener at 0.0.0.0/38855] INFO  server.RaftServerConfigKeys (ConfUtils.java:logGet(46)) - raft.server.threadpool.proxy.cached = true (default)
2023-01-03 20:11:56,975 [Listener at 0.0.0.0/38855] INFO  server.RaftServerConfigKeys (ConfUtils.java:logGet(46)) - raft.server.threadpool.proxy.size = 0 (default)
2023-01-03 20:11:56,975 [Listener at 0.0.0.0/38855] INFO  server.RaftServerConfigKeys (ConfUtils.java:logGet(46)) - raft.server.rpc.slowness.timeout = 120000ms (custom)
2023-01-03 20:11:56,975 [Listener at 0.0.0.0/38855] INFO  server.RaftServerConfigKeys (ConfUtils.java:logGet(46)) - raft.server.leaderelection.leader.step-down.wait-time = 10s (default)
2023-01-03 20:11:56,975 [Listener at 0.0.0.0/38855] INFO  server.RaftServerConfigKeys (ConfUtils.java:logGet(46)) - raft.server.storage.dir = [/home/runner/work/ozone/ozone/hadoop-ozone/integration-test/target/test-dir/MiniOzoneClusterImpl-5d377863-1a9b-4461-8352-60989f5f43d2/scmNode-2/scm-ha] (custom)
2023-01-03 20:11:56,983 [9be5aa81-696f-4a58-a2b4-17a23e6ff6a1-NettyServerStreamRpc-bossGroup--thread1] INFO  logging.LoggingHandler (AbstractInternalLogger.java:log(148)) - [id: 0x0300ce0e] REGISTERED
2023-01-03 20:11:56,984 [9be5aa81-696f-4a58-a2b4-17a23e6ff6a1-NettyServerStreamRpc-bossGroup--thread1] INFO  logging.LoggingHandler (AbstractInternalLogger.java:log(148)) - [id: 0x0300ce0e] BIND: 0.0.0.0/0.0.0.0:0
2023-01-03 20:11:56,984 [9be5aa81-696f-4a58-a2b4-17a23e6ff6a1-NettyServerStreamRpc-bossGroup--thread1] INFO  logging.LoggingHandler (AbstractInternalLogger.java:log(148)) - [id: 0x0300ce0e, L:/0:0:0:0:0:0:0:0:33867] ACTIVE
2023-01-03 20:11:56,984 [Listener at 0.0.0.0/38855] INFO  server.RaftServer (RaftServerProxy.java:addNew(96)) - 9be5aa81-696f-4a58-a2b4-17a23e6ff6a1: addNew group-60989F5F43D2:[] returns group-60989F5F43D2:java.util.concurrent.CompletableFuture@51aa8c0f[Not completed]
2023-01-03 20:11:56,985 [pool-53-thread-1] INFO  server.RaftServer$Division (RaftServerImpl.java:<init>(195)) - 9be5aa81-696f-4a58-a2b4-17a23e6ff6a1: new RaftServerImpl for group-60989F5F43D2:[] with SCMStateMachine:uninitialized
2023-01-03 20:11:56,985 [pool-53-thread-1] INFO  server.RaftServerConfigKeys (ConfUtils.java:logGet(46)) - raft.server.rpc.timeout.min = 5000ms (custom)
2023-01-03 20:11:56,985 [pool-53-thread-1] INFO  server.RaftServerConfigKeys (ConfUtils.java:logGet(46)) - raft.server.rpc.timeout.max = 5200ms (custom)
2023-01-03 20:11:56,985 [pool-53-thread-1] INFO  server.RaftServerConfigKeys (ConfUtils.java:logGet(46)) - raft.server.rpc.sleep.time = 25ms (default)
2023-01-03 20:11:56,985 [pool-53-thread-1] INFO  server.RaftServerConfigKeys (ConfUtils.java:logGet(46)) - raft.server.rpc.slowness.timeout = 120000ms (custom)
2023-01-03 20:11:56,985 [pool-53-thread-1] INFO  server.RaftServerConfigKeys (ConfUtils.java:logGet(46)) - raft.server.leaderelection.leader.step-down.wait-time = 10s (default)
2023-01-03 20:11:56,985 [pool-53-thread-1] INFO  server.RaftServerConfigKeys (ConfUtils.java:logGet(46)) - raft.server.sleep.deviation.threshold = 300ms (default)
2023-01-03 20:11:56,985 [pool-53-thread-1] INFO  server.RaftServer$Division (ServerState.java:<init>(118)) - 9be5aa81-696f-4a58-a2b4-17a23e6ff6a1@group-60989F5F43D2: ConfigurationManager, init=-1: peers:[]|listeners:[], old=null, confs=<EMPTY_MAP>
2023-01-03 20:11:56,985 [pool-53-thread-1] INFO  server.RaftServerConfigKeys (ConfUtils.java:logGet(46)) - raft.server.storage.dir = [/home/runner/work/ozone/ozone/hadoop-ozone/integration-test/target/test-dir/MiniOzoneClusterImpl-5d377863-1a9b-4461-8352-60989f5f43d2/scmNode-2/scm-ha] (custom)
2023-01-03 20:11:56,985 [pool-53-thread-1] INFO  server.RaftServerConfigKeys (ConfUtils.java:logGet(46)) - raft.server.log.corruption.policy = EXCEPTION (default)
2023-01-03 20:11:56,985 [pool-53-thread-1] INFO  server.RaftServerConfigKeys (ConfUtils.java:logGet(46)) - raft.server.storage.free-space.min = 0MB (=0) (default)
2023-01-03 20:11:56,985 [pool-53-thread-1] INFO  server.RaftServerConfigKeys (ConfUtils.java:logGet(46)) - raft.server.notification.no-leader.timeout = 60s (default)
2023-01-03 20:11:56,985 [pool-53-thread-1] INFO  server.RaftServerConfigKeys (ConfUtils.java:logGet(46)) - raft.server.retrycache.expirytime = 60000ms (default)
2023-01-03 20:11:56,985 [pool-53-thread-1] INFO  server.RaftServerConfigKeys (ConfUtils.java:logGet(46)) - raft.server.retrycache.statistics.expirytime = 100μs (default)
2023-01-03 20:11:56,987 [pool-53-thread-1] INFO  server.RaftServerConfigKeys (ConfUtils.java:logGet(46)) - raft.server.log.appender.install.snapshot.enabled = false (custom)
2023-01-03 20:11:56,987 [pool-53-thread-1] INFO  server.RaftServerConfigKeys (ConfUtils.java:logGet(46)) - raft.server.threadpool.server.cached = true (default)
2023-01-03 20:11:56,987 [pool-53-thread-1] INFO  server.RaftServerConfigKeys (ConfUtils.java:logGet(46)) - raft.server.threadpool.server.size = 0 (default)
2023-01-03 20:11:56,988 [pool-53-thread-1] INFO  server.RaftServerConfigKeys (ConfUtils.java:logGet(46)) - raft.server.threadpool.client.cached = true (default)
2023-01-03 20:11:56,988 [pool-53-thread-1] INFO  server.RaftServerConfigKeys (ConfUtils.java:logGet(46)) - raft.server.threadpool.client.size = 0 (default)
2023-01-03 20:11:56,988 [Listener at 0.0.0.0/38855] INFO  ha.SCMSnapshotProvider (SCMSnapshotProvider.java:<init>(66)) - Initializing SCM Snapshot Provider
2023-01-03 20:11:56,988 [Listener at 0.0.0.0/38855] WARN  server.ServerUtils (ServerUtils.java:getDefaultRatisDirectory(237)) - Storage directory for Ratis is not configured. It is a good idea to map this to an SSD disk. Falling back to ozone.metadata.dirs
2023-01-03 20:11:56,988 [Listener at 0.0.0.0/38855] WARN  ha.SCMHAUtils (SCMHAUtils.java:getSCMRatisSnapshotDirectory(153)) - SCM snapshot dir is not configured. Falling back to ozone.metadata.dirs config
2023-01-03 20:11:56,989 [Listener at 0.0.0.0/38855] INFO  upgrade.AbstractLayoutVersionManager (AbstractLayoutVersionManager.java:init(83)) - Initializing Layout version manager with metadata layout = DATANODE_SCHEMA_V3 (version = 4), software layout = DATANODE_SCHEMA_V3 (version = 4)
2023-01-03 20:11:57,045 [Listener at 0.0.0.0/38855] INFO  reflections.Reflections (Reflections.java:scan(232)) - Reflections took 55 ms to scan 7 urls, producing 146 keys and 350 values 
2023-01-03 20:11:57,047 [Listener at 0.0.0.0/38855] INFO  ha.SequenceIdGenerator (SequenceIdGenerator.java:upgradeToSequenceId(349)) - upgrade localId to 111677748019200000
2023-01-03 20:11:57,048 [Listener at 0.0.0.0/38855] INFO  ha.SequenceIdGenerator (SequenceIdGenerator.java:upgradeToSequenceId(359)) - upgrade delTxnId to 0
2023-01-03 20:11:57,048 [Listener at 0.0.0.0/38855] INFO  ha.SequenceIdGenerator (SequenceIdGenerator.java:upgradeToSequenceId(376)) - upgrade containerId to 0
2023-01-03 20:11:57,048 [Listener at 0.0.0.0/38855] INFO  ha.SequenceIdGenerator (SequenceIdGenerator.java:<init>(220)) - Init the HA SequenceIdGenerator.
2023-01-03 20:11:57,049 [Listener at 0.0.0.0/38855] WARN  server.ServerUtils (ServerUtils.java:sanitizeUserArgs(73)) - ozone.scm.stale.node.interval value = 300000 is larger than max = 100000 based on the key value of ozone.scm.heartbeat.thread.interval, reset to the max value 100000.
2023-01-03 20:11:57,049 [Listener at 0.0.0.0/38855] WARN  server.ServerUtils (ServerUtils.java:sanitizeUserArgs(73)) - ozone.scm.stale.node.interval value = 300000 is larger than max = 100000 based on the key value of ozone.scm.heartbeat.thread.interval, reset to the max value 100000.
2023-01-03 20:11:57,049 [Listener at 0.0.0.0/38855] INFO  node.SCMNodeManager (SCMNodeManager.java:<init>(149)) - Entering startup safe mode.
2023-01-03 20:11:57,050 [Listener at 0.0.0.0/38855] INFO  algorithms.ContainerPlacementPolicyFactory (ContainerPlacementPolicyFactory.java:getPolicyInternal(86)) - Create container placement policy of type org.apache.hadoop.hdds.scm.container.placement.algorithms.SCMContainerPlacementRandom
2023-01-03 20:11:57,050 [Listener at 0.0.0.0/38855] INFO  algorithms.ContainerPlacementPolicyFactory (ContainerPlacementPolicyFactory.java:getPolicyInternal(86)) - Create container placement policy of type org.apache.hadoop.hdds.scm.container.placement.algorithms.SCMContainerPlacementRackScatter
2023-01-03 20:11:57,051 [Listener at 0.0.0.0/38855] INFO  pipeline.PipelineStateManagerImpl (PipelineStateManagerImpl.java:initialize(78)) - No pipeline exists in current db
2023-01-03 20:11:57,051 [Listener at 0.0.0.0/38855] INFO  algorithms.LeaderChoosePolicyFactory (LeaderChoosePolicyFactory.java:getPolicy(57)) - Create leader choose policy of type org.apache.hadoop.hdds.scm.pipeline.leader.choose.algorithms.MinLeaderCountChoosePolicy
2023-01-03 20:11:57,051 [Listener at 0.0.0.0/38855] INFO  algorithms.ContainerPlacementPolicyFactory (ContainerPlacementPolicyFactory.java:getPolicyInternal(86)) - Create container placement policy of type org.apache.hadoop.hdds.scm.container.placement.algorithms.SCMContainerPlacementRackScatter
2023-01-03 20:11:57,051 [Listener at 0.0.0.0/38855] INFO  ha.SCMServiceManager (SCMServiceManager.java:register(42)) - Registering service BackgroundPipelineCreator.
2023-01-03 20:11:57,051 [Listener at 0.0.0.0/38855] INFO  pipeline.BackgroundPipelineCreator (BackgroundPipelineCreator.java:start(124)) - Starting RatisPipelineUtilsThread.
2023-01-03 20:11:57,053 [Listener at 0.0.0.0/38855] INFO  BackgroundPipelineScrubber (BackgroundSCMService.java:start(68)) - Starting BackgroundPipelineScrubber Service.
2023-01-03 20:11:57,057 [Listener at 0.0.0.0/38855] INFO  ha.SCMServiceManager (SCMServiceManager.java:register(42)) - Registering service BackgroundPipelineScrubber.
2023-01-03 20:11:57,057 [Listener at 0.0.0.0/38855] INFO  ExpiredContainerReplicaOpScrubber (BackgroundSCMService.java:start(68)) - Starting ExpiredContainerReplicaOpScrubber Service.
2023-01-03 20:11:57,058 [Listener at 0.0.0.0/38855] INFO  ha.SCMServiceManager (SCMServiceManager.java:register(42)) - Registering service ExpiredContainerReplicaOpScrubber.
2023-01-03 20:11:57,059 [Listener at 0.0.0.0/38855] INFO  algorithms.PipelineChoosePolicyFactory (PipelineChoosePolicyFactory.java:createPipelineChoosePolicyFromClass(73)) - Create pipeline choose policy of type org.apache.hadoop.hdds.scm.pipeline.choose.algorithms.RandomPipelineChoosePolicy
2023-01-03 20:11:57,060 [Listener at 0.0.0.0/38855] INFO  ha.SCMServiceManager (SCMServiceManager.java:register(42)) - Registering service SCMBlockDeletingService.
2023-01-03 20:11:57,060 [Listener at 0.0.0.0/38855] INFO  replication.ReplicationManager (ReplicationManager.java:start(261)) - Starting Replication Monitor Thread.
2023-01-03 20:11:57,066 [Listener at 0.0.0.0/38855] INFO  ha.SCMServiceManager (SCMServiceManager.java:register(42)) - Registering service ReplicationManager.
2023-01-03 20:11:57,067 [Listener at 0.0.0.0/38855] INFO  safemode.ContainerSafeModeRule (ContainerSafeModeRule.java:<init>(89)) - containers with one replica threshold count 0
2023-01-03 20:11:57,067 [Listener at 0.0.0.0/38855] INFO  safemode.HealthyPipelineSafeModeRule (HealthyPipelineSafeModeRule.java:initializeRule(169)) - Total pipeline count is 0, healthy pipeline threshold count is 1
2023-01-03 20:11:57,068 [Listener at 0.0.0.0/38855] INFO  safemode.OneReplicaPipelineSafeModeRule (OneReplicaPipelineSafeModeRule.java:initializeRule(180)) - Total pipeline count is 0, pipeline's with at least one datanode reported threshold count is 0
2023-01-03 20:11:57,068 [ReplicationMonitor] INFO  replication.ReplicationManager (ReplicationManager.java:processAll(330)) - Replication Manager is not ready to run until 3000ms after safemode exit
2023-01-03 20:11:57,069 [Listener at 0.0.0.0/38855] INFO  ipc.CallQueueManager (CallQueueManager.java:<init>(90)) - Using callQueue: class java.util.concurrent.LinkedBlockingQueue, queueCapacity: 2000, scheduler: class org.apache.hadoop.ipc.DefaultRpcScheduler, ipcBackoff: false.
2023-01-03 20:11:57,069 [Socket Reader #1 for port 46471] INFO  ipc.Server (Server.java:run(1273)) - Starting Socket Reader #1 for port 46471
2023-01-03 20:11:57,071 [Listener at 0.0.0.0/46471] INFO  ipc.CallQueueManager (CallQueueManager.java:<init>(90)) - Using callQueue: class java.util.concurrent.LinkedBlockingQueue, queueCapacity: 2000, scheduler: class org.apache.hadoop.ipc.DefaultRpcScheduler, ipcBackoff: false.
2023-01-03 20:11:57,071 [Socket Reader #1 for port 42349] INFO  ipc.Server (Server.java:run(1273)) - Starting Socket Reader #1 for port 42349
2023-01-03 20:11:57,085 [Listener at 0.0.0.0/42349] INFO  ipc.CallQueueManager (CallQueueManager.java:<init>(90)) - Using callQueue: class java.util.concurrent.LinkedBlockingQueue, queueCapacity: 2000, scheduler: class org.apache.hadoop.ipc.DefaultRpcScheduler, ipcBackoff: false.
2023-01-03 20:11:57,086 [Socket Reader #1 for port 38079] INFO  ipc.Server (Server.java:run(1273)) - Starting Socket Reader #1 for port 38079
2023-01-03 20:11:57,097 [Listener at 0.0.0.0/38079] INFO  ha.SCMServiceManager (SCMServiceManager.java:register(42)) - Registering service ContainerBalancer.
2023-01-03 20:11:57,102 [Listener at 0.0.0.0/38079] INFO  server.StorageContainerManager (StorageContainerManager.java:<init>(398)) - 
Container Balancer status:
Key                            Value
Running                        true
Container Balancer Configuration values:
Key                                                Value
Threshold                                          10
Max Datanodes to Involve per Iteration(percent)    20
Max Size to Move per Iteration                     500GB
Max Size Entering Target per Iteration             26GB
Max Size Leaving Source per Iteration              26GB

2023-01-03 20:11:57,102 [Listener at 0.0.0.0/38079] INFO  ha.SCMContext (SCMContext.java:updateSafeModeStatus(228)) - Update SafeModeStatus from SafeModeStatus{safeModeStatus=true, preCheckPassed=false} to SafeModeStatus{safeModeStatus=true, preCheckPassed=false}.
2023-01-03 20:11:57,103 [Listener at 0.0.0.0/38079] INFO  server.StorageContainerManager (StorageContainerManager.java:start(1423)) - StorageContainerLocationProtocol RPC server is listening at /0.0.0.0:38079
2023-01-03 20:11:57,103 [Listener at 0.0.0.0/38079] INFO  ha.SCMRatisServerImpl (SCMRatisServerImpl.java:start(178)) - starting ratis server 0.0.0.0:42685
2023-01-03 20:11:57,103 [9be5aa81-696f-4a58-a2b4-17a23e6ff6a1-impl-thread1] INFO  storage.RaftStorageDirectory (RaftStorageDirectoryImpl.java:analyzeStorage(137)) - The storage directory /home/runner/work/ozone/ozone/hadoop-ozone/integration-test/target/test-dir/MiniOzoneClusterImpl-5d377863-1a9b-4461-8352-60989f5f43d2/scmNode-2/scm-ha/5d377863-1a9b-4461-8352-60989f5f43d2 does not exist. Creating ...
2023-01-03 20:11:57,107 [9be5aa81-696f-4a58-a2b4-17a23e6ff6a1-impl-thread1] INFO  storage.RaftStorageDirectory (RaftStorageDirectoryImpl.java:tryLock(231)) - Lock on /home/runner/work/ozone/ozone/hadoop-ozone/integration-test/target/test-dir/MiniOzoneClusterImpl-5d377863-1a9b-4461-8352-60989f5f43d2/scmNode-2/scm-ha/5d377863-1a9b-4461-8352-60989f5f43d2/in_use.lock acquired by nodename 4388@fv-az426-728
2023-01-03 20:11:57,108 [9be5aa81-696f-4a58-a2b4-17a23e6ff6a1-impl-thread1] INFO  storage.RaftStorage (RaftStorageImpl.java:format(96)) - Storage directory /home/runner/work/ozone/ozone/hadoop-ozone/integration-test/target/test-dir/MiniOzoneClusterImpl-5d377863-1a9b-4461-8352-60989f5f43d2/scmNode-2/scm-ha/5d377863-1a9b-4461-8352-60989f5f43d2 has been successfully formatted.
2023-01-03 20:11:57,108 [9be5aa81-696f-4a58-a2b4-17a23e6ff6a1-impl-thread1] INFO  server.RaftServerConfigKeys (ConfUtils.java:logGet(46)) - raft.server.log.use.memory = false (default)
2023-01-03 20:11:57,108 [9be5aa81-696f-4a58-a2b4-17a23e6ff6a1-impl-thread1] INFO  server.RaftServerConfigKeys (ConfUtils.java:logGet(46)) - raft.server.log.purge.gap = 1000000 (custom)
2023-01-03 20:11:57,108 [9be5aa81-696f-4a58-a2b4-17a23e6ff6a1-impl-thread1] INFO  server.RaftServerConfigKeys (ConfUtils.java:logGet(46)) - raft.server.log.appender.buffer.byte-limit = 33554432 (custom)
2023-01-03 20:11:57,108 [9be5aa81-696f-4a58-a2b4-17a23e6ff6a1-impl-thread1] INFO  server.RaftServerConfigKeys (ConfUtils.java:logGet(46)) - raft.server.log.statemachine.data.read.timeout = 1000ms (default)
2023-01-03 20:11:57,108 [9be5aa81-696f-4a58-a2b4-17a23e6ff6a1-impl-thread1] INFO  server.RaftServerConfigKeys (ConfUtils.java:logGet(46)) - raft.server.log.purge.preservation.log.num = 0 (default)
2023-01-03 20:11:57,109 [9be5aa81-696f-4a58-a2b4-17a23e6ff6a1-impl-thread1] INFO  server.RaftServerConfigKeys (ConfUtils.java:logGet(46)) - raft.server.log.segment.size.max = 4194304 (custom)
2023-01-03 20:11:57,109 [9be5aa81-696f-4a58-a2b4-17a23e6ff6a1-impl-thread1] INFO  server.RaftServerConfigKeys (ConfUtils.java:logGet(46)) - raft.server.log.segment.cache.num.max = 2 (custom)
2023-01-03 20:11:57,109 [9be5aa81-696f-4a58-a2b4-17a23e6ff6a1-impl-thread1] INFO  server.RaftServerConfigKeys (ConfUtils.java:logGet(46)) - raft.server.log.segment.cache.size.max = 200MB (=209715200) (default)
2023-01-03 20:11:57,109 [9be5aa81-696f-4a58-a2b4-17a23e6ff6a1-impl-thread1] INFO  segmented.SegmentedRaftLogWorker (SegmentedRaftLogWorker.java:<init>(189)) - new 9be5aa81-696f-4a58-a2b4-17a23e6ff6a1@group-60989F5F43D2-SegmentedRaftLogWorker for RaftStorageImpl:Storage Directory /home/runner/work/ozone/ozone/hadoop-ozone/integration-test/target/test-dir/MiniOzoneClusterImpl-5d377863-1a9b-4461-8352-60989f5f43d2/scmNode-2/scm-ha/5d377863-1a9b-4461-8352-60989f5f43d2
2023-01-03 20:11:57,109 [9be5aa81-696f-4a58-a2b4-17a23e6ff6a1-impl-thread1] INFO  server.RaftServerConfigKeys (ConfUtils.java:logGet(46)) - raft.server.log.queue.byte-limit = 64MB (=67108864) (default)
2023-01-03 20:11:57,109 [9be5aa81-696f-4a58-a2b4-17a23e6ff6a1-impl-thread1] INFO  server.RaftServerConfigKeys (ConfUtils.java:logGet(46)) - raft.server.log.queue.element-limit = 4096 (default)
2023-01-03 20:11:57,109 [9be5aa81-696f-4a58-a2b4-17a23e6ff6a1-impl-thread1] INFO  server.RaftServerConfigKeys (ConfUtils.java:logGet(46)) - raft.server.log.segment.size.max = 4194304 (custom)
2023-01-03 20:11:57,109 [9be5aa81-696f-4a58-a2b4-17a23e6ff6a1-impl-thread1] INFO  server.RaftServerConfigKeys (ConfUtils.java:logGet(46)) - raft.server.log.preallocated.size = 4194304 (custom)
2023-01-03 20:11:57,109 [9be5aa81-696f-4a58-a2b4-17a23e6ff6a1-impl-thread1] INFO  server.RaftServerConfigKeys (ConfUtils.java:logGet(46)) - raft.server.log.force.sync.num = 128 (default)
2023-01-03 20:11:57,110 [9be5aa81-696f-4a58-a2b4-17a23e6ff6a1-impl-thread1] INFO  server.RaftServerConfigKeys (ConfUtils.java:logGet(46)) - raft.server.log.statemachine.data.sync = true (default)
2023-01-03 20:11:57,110 [9be5aa81-696f-4a58-a2b4-17a23e6ff6a1-impl-thread1] INFO  server.RaftServerConfigKeys (ConfUtils.java:logGet(46)) - raft.server.log.statemachine.data.sync.timeout = 10s (default)
2023-01-03 20:11:57,110 [9be5aa81-696f-4a58-a2b4-17a23e6ff6a1-impl-thread1] INFO  server.RaftServerConfigKeys (ConfUtils.java:logGet(46)) - raft.server.log.statemachine.data.sync.timeout.retry = -1 (default)
2023-01-03 20:11:57,111 [9be5aa81-696f-4a58-a2b4-17a23e6ff6a1-impl-thread1] INFO  server.RaftServerConfigKeys (ConfUtils.java:logGet(46)) - raft.server.log.write.buffer.size = 64KB (=65536) (default)
2023-01-03 20:11:57,111 [9be5aa81-696f-4a58-a2b4-17a23e6ff6a1-impl-thread1] INFO  server.RaftServerConfigKeys (ConfUtils.java:logGet(46)) - raft.server.log.appender.buffer.byte-limit = 33554432 (custom)
2023-01-03 20:11:57,247 [9be5aa81-696f-4a58-a2b4-17a23e6ff6a1-impl-thread1] INFO  server.RaftServerConfigKeys (ConfUtils.java:logGet(46)) - raft.server.log.unsafe-flush.enabled = false (default)
2023-01-03 20:11:57,247 [9be5aa81-696f-4a58-a2b4-17a23e6ff6a1-impl-thread1] INFO  server.RaftServerConfigKeys (ConfUtils.java:logGet(46)) - raft.server.log.async-flush.enabled = false (default)
2023-01-03 20:11:57,247 [9be5aa81-696f-4a58-a2b4-17a23e6ff6a1-impl-thread1] INFO  server.RaftServerConfigKeys (ConfUtils.java:logGet(46)) - raft.server.log.statemachine.data.caching.enabled = false (default)
2023-01-03 20:11:57,248 [9be5aa81-696f-4a58-a2b4-17a23e6ff6a1-impl-thread1] INFO  segmented.SegmentedRaftLogWorker (SegmentedRaftLogWorker.java:lambda$new$0(135)) - 9be5aa81-696f-4a58-a2b4-17a23e6ff6a1@group-60989F5F43D2-SegmentedRaftLogWorker: flushIndex: setUnconditionally 0 -> -1
2023-01-03 20:11:57,248 [9be5aa81-696f-4a58-a2b4-17a23e6ff6a1-impl-thread1] INFO  segmented.SegmentedRaftLogWorker (SegmentedRaftLogWorker.java:lambda$new$0(135)) - 9be5aa81-696f-4a58-a2b4-17a23e6ff6a1@group-60989F5F43D2-SegmentedRaftLogWorker: safeCacheEvictIndex: setUnconditionally 0 -> -1
2023-01-03 20:11:57,249 [9be5aa81-696f-4a58-a2b4-17a23e6ff6a1-impl-thread1] INFO  server.RaftServer$Division (RaftServerImpl.java:start(340)) - 9be5aa81-696f-4a58-a2b4-17a23e6ff6a1@group-60989F5F43D2: start with initializing state, conf=-1: peers:[]|listeners:[], old=null
2023-01-03 20:11:57,249 [9be5aa81-696f-4a58-a2b4-17a23e6ff6a1-impl-thread1] INFO  server.RaftServer$Division (RaftServerImpl.java:setRole(321)) - 9be5aa81-696f-4a58-a2b4-17a23e6ff6a1@group-60989F5F43D2: changes role from      null to FOLLOWER at term 0 for startInitializing
2023-01-03 20:11:57,250 [9be5aa81-696f-4a58-a2b4-17a23e6ff6a1-impl-thread1] INFO  util.JmxRegister (JmxRegister.java:tryRegister(44)) - Successfully registered JMX Bean with object name Ratis:service=RaftServer,group=group-60989F5F43D2,id=9be5aa81-696f-4a58-a2b4-17a23e6ff6a1
2023-01-03 20:11:57,250 [9be5aa81-696f-4a58-a2b4-17a23e6ff6a1-impl-thread1] INFO  server.RaftServerConfigKeys (ConfUtils.java:logGet(46)) - raft.server.snapshot.auto.trigger.enabled = true (custom)
2023-01-03 20:11:57,250 [9be5aa81-696f-4a58-a2b4-17a23e6ff6a1-impl-thread1] INFO  server.RaftServerConfigKeys (ConfUtils.java:logGet(46)) - raft.server.snapshot.auto.trigger.threshold = 1000 (custom)
2023-01-03 20:11:57,250 [9be5aa81-696f-4a58-a2b4-17a23e6ff6a1-impl-thread1] INFO  server.RaftServerConfigKeys (ConfUtils.java:logGet(46)) - raft.server.snapshot.retention.file.num = -1 (default)
2023-01-03 20:11:57,250 [9be5aa81-696f-4a58-a2b4-17a23e6ff6a1-impl-thread1] INFO  server.RaftServerConfigKeys (ConfUtils.java:logGet(46)) - raft.server.log.purge.upto.snapshot.index = false (default)
2023-01-03 20:11:57,253 [Listener at 0.0.0.0/38079] INFO  server.RaftServer (RaftServerProxy.java:startImpl(393)) - 9be5aa81-696f-4a58-a2b4-17a23e6ff6a1: start RPC server
2023-01-03 20:11:57,255 [Listener at 0.0.0.0/38079] INFO  server.GrpcService (GrpcService.java:startImpl(262)) - 9be5aa81-696f-4a58-a2b4-17a23e6ff6a1: GrpcService started, listening on 42685
2023-01-03 20:11:57,262 [Listener at 0.0.0.0/38079] INFO  ha.SCMNodeInfo (SCMNodeInfo.java:getPort(197)) - ConfigKey ozone.scm.client.address is deprecated, For configuring different ports for each SCM use PortConfigKey ozone.scm.client.port appended with serviceId and nodeId
2023-01-03 20:11:57,263 [Listener at 0.0.0.0/38079] INFO  ha.SCMNodeInfo (SCMNodeInfo.java:getPort(197)) - ConfigKey ozone.scm.block.client.address is deprecated, For configuring different ports for each SCM use PortConfigKey ozone.scm.block.client.port appended with serviceId and nodeId
2023-01-03 20:11:57,263 [Listener at 0.0.0.0/38079] INFO  ha.SCMNodeInfo (SCMNodeInfo.java:getPort(197)) - ConfigKey ozone.scm.datanode.address is deprecated, For configuring different ports for each SCM use PortConfigKey ozone.scm.datanode.port appended with serviceId and nodeId
2023-01-03 20:11:57,263 [Listener at 0.0.0.0/38079] INFO  ha.SCMNodeInfo (SCMNodeInfo.java:getPort(197)) - ConfigKey ozone.scm.client.address is deprecated, For configuring different ports for each SCM use PortConfigKey ozone.scm.client.port appended with serviceId and nodeId
2023-01-03 20:11:57,263 [Listener at 0.0.0.0/38079] INFO  ha.SCMNodeInfo (SCMNodeInfo.java:getPort(197)) - ConfigKey ozone.scm.block.client.address is deprecated, For configuring different ports for each SCM use PortConfigKey ozone.scm.block.client.port appended with serviceId and nodeId
2023-01-03 20:11:57,263 [Listener at 0.0.0.0/38079] INFO  ha.SCMNodeInfo (SCMNodeInfo.java:getPort(197)) - ConfigKey ozone.scm.datanode.address is deprecated, For configuring different ports for each SCM use PortConfigKey ozone.scm.datanode.port appended with serviceId and nodeId
2023-01-03 20:11:57,263 [Listener at 0.0.0.0/38079] INFO  proxy.SCMBlockLocationFailoverProxyProvider (SCMBlockLocationFailoverProxyProvider.java:<init>(114)) - Created block location fail-over proxy with 2 nodes: [nodeId=scmNode-3,nodeAddress=/127.0.0.1:46621, nodeId=scmNode-1,nodeAddress=/127.0.0.1:37675]
2023-01-03 20:11:57,265 [JvmPauseMonitor2] INFO  util.JvmPauseMonitor (JvmPauseMonitor.java:run(105)) - JvmPauseMonitor-9be5aa81-696f-4a58-a2b4-17a23e6ff6a1: Started
2023-01-03 20:11:57,271 [IPC Server handler 0 on default port 37675] INFO  ha.SCMRatisServerImpl (SCMRatisServerImpl.java:addSCM(298)) - 6e9a3325-03ae-4586-9a67-d6ae8fc8cb50: Submitting SetConfiguration request to Ratis server with new SCM peers list: [6e9a3325-03ae-4586-9a67-d6ae8fc8cb50|rpc:localhost:45543|admin:|client:|dataStream:|priority:0|startupRole:FOLLOWER, 9be5aa81-696f-4a58-a2b4-17a23e6ff6a1|rpc:localhost:42685|priority:0|startupRole:FOLLOWER]
2023-01-03 20:11:57,288 [IPC Server handler 0 on default port 37675] INFO  server.RaftServer$Division (RaftServerImpl.java:setConfigurationAsync(1112)) - 6e9a3325-03ae-4586-9a67-d6ae8fc8cb50@group-60989F5F43D2: receive setConfiguration SetConfigurationRequest:client-61FB837ABFA7->6e9a3325-03ae-4586-9a67-d6ae8fc8cb50@group-60989F5F43D2, cid=0, seq=0, RW, null, SET_UNCONDITIONALLY, servers:[6e9a3325-03ae-4586-9a67-d6ae8fc8cb50|rpc:localhost:45543|admin:|client:|dataStream:|priority:0|startupRole:FOLLOWER, 9be5aa81-696f-4a58-a2b4-17a23e6ff6a1|rpc:localhost:42685|priority:0|startupRole:FOLLOWER], listeners:[]
2023-01-03 20:11:57,289 [IPC Server handler 0 on default port 37675] INFO  server.RaftServer$Division (LeaderStateImpl.java:startSetConfiguration(368)) - 6e9a3325-03ae-4586-9a67-d6ae8fc8cb50@group-60989F5F43D2-LeaderStateImpl: startSetConfiguration SetConfigurationRequest:client-61FB837ABFA7->6e9a3325-03ae-4586-9a67-d6ae8fc8cb50@group-60989F5F43D2, cid=0, seq=0, RW, null, SET_UNCONDITIONALLY, servers:[6e9a3325-03ae-4586-9a67-d6ae8fc8cb50|rpc:localhost:45543|admin:|client:|dataStream:|priority:0|startupRole:FOLLOWER, 9be5aa81-696f-4a58-a2b4-17a23e6ff6a1|rpc:localhost:42685|priority:0|startupRole:FOLLOWER], listeners:[]
2023-01-03 20:11:57,298 [IPC Server handler 0 on default port 37675] INFO  server.RaftServerConfigKeys (ConfUtils.java:logGet(46)) - raft.server.log.appender.snapshot.chunk.size.max = 16MB (=16777216) (default)
2023-01-03 20:11:57,299 [IPC Server handler 0 on default port 37675] INFO  server.RaftServerConfigKeys (ConfUtils.java:logGet(46)) - raft.server.log.appender.buffer.byte-limit = 33554432 (custom)
2023-01-03 20:11:57,299 [IPC Server handler 0 on default port 37675] INFO  server.RaftServerConfigKeys (ConfUtils.java:logGet(46)) - raft.server.log.appender.buffer.element-limit = 1024 (custom)
2023-01-03 20:11:57,303 [IPC Server handler 0 on default port 37675] INFO  grpc.GrpcConfigKeys (ConfUtils.java:logGet(46)) - raft.grpc.server.leader.outstanding.appends.max = 128 (default)
2023-01-03 20:11:57,305 [IPC Server handler 0 on default port 37675] INFO  server.RaftServerConfigKeys (ConfUtils.java:logGet(46)) - raft.server.rpc.request.timeout = 30000ms (custom)
2023-01-03 20:11:57,306 [IPC Server handler 0 on default port 37675] INFO  server.RaftServerConfigKeys (ConfUtils.java:logGet(46)) - raft.server.log.appender.install.snapshot.enabled = false (custom)
2023-01-03 20:11:57,306 [IPC Server handler 0 on default port 37675] INFO  grpc.GrpcConfigKeys (ConfUtils.java:logGet(46)) - raft.grpc.server.heartbeat.channel = true (default)
2023-01-03 20:11:57,306 [IPC Server handler 0 on default port 37675] INFO  server.RaftServerConfigKeys (ConfUtils.java:logGet(46)) - raft.server.log.appender.wait-time.min = 10ms (default)
2023-01-03 20:11:57,314 [6e9a3325-03ae-4586-9a67-d6ae8fc8cb50@group-60989F5F43D2->9be5aa81-696f-4a58-a2b4-17a23e6ff6a1-GrpcLogAppender-LogAppenderDaemon] INFO  server.GrpcLogAppender (GrpcLogAppender.java:installSnapshot(635)) - 6e9a3325-03ae-4586-9a67-d6ae8fc8cb50@group-60989F5F43D2->9be5aa81-696f-4a58-a2b4-17a23e6ff6a1-GrpcLogAppender: followerNextIndex = 0 but logStartIndex = 0, notify follower to install snapshot-(t:1, i:0)
2023-01-03 20:11:57,336 [6e9a3325-03ae-4586-9a67-d6ae8fc8cb50@group-60989F5F43D2->9be5aa81-696f-4a58-a2b4-17a23e6ff6a1-GrpcLogAppender-LogAppenderDaemon] INFO  server.GrpcLogAppender (GrpcLogAppender.java:installSnapshot(643)) - 6e9a3325-03ae-4586-9a67-d6ae8fc8cb50@group-60989F5F43D2->9be5aa81-696f-4a58-a2b4-17a23e6ff6a1-GrpcLogAppender: send 6e9a3325-03ae-4586-9a67-d6ae8fc8cb50->9be5aa81-696f-4a58-a2b4-17a23e6ff6a1#0-t2,notify:(t:1, i:0)
2023-01-03 20:11:57,337 [6e9a3325-03ae-4586-9a67-d6ae8fc8cb50@group-60989F5F43D2->9be5aa81-696f-4a58-a2b4-17a23e6ff6a1-GrpcLogAppender-LogAppenderDaemon] INFO  server.GrpcServerProtocolClient (GrpcServerProtocolClient.java:<init>(63)) - Build channel for 9be5aa81-696f-4a58-a2b4-17a23e6ff6a1
2023-01-03 20:11:57,738 [grpc-default-executor-0] INFO  impl.SnapshotInstallationHandler (SnapshotInstallationHandler.java:installSnapshot(89)) - 9be5aa81-696f-4a58-a2b4-17a23e6ff6a1@group-60989F5F43D2: receive installSnapshot: 6e9a3325-03ae-4586-9a67-d6ae8fc8cb50->9be5aa81-696f-4a58-a2b4-17a23e6ff6a1#0-t2,notify:(t:1, i:0)
2023-01-03 20:11:57,740 [grpc-default-executor-0] INFO  ha.SCMStateMachine (SCMStateMachine.java:notifyLeaderChanged(255)) - leader changed, yet current SCM is still follower.
2023-01-03 20:11:57,740 [grpc-default-executor-0] INFO  server.RaftServer$Division (ServerState.java:setLeader(313)) - 9be5aa81-696f-4a58-a2b4-17a23e6ff6a1@group-60989F5F43D2: change Leader from null to 6e9a3325-03ae-4586-9a67-d6ae8fc8cb50 at term 2 for installSnapshot, leader elected after 754ms
2023-01-03 20:11:57,741 [grpc-default-executor-0] INFO  impl.SnapshotInstallationHandler (SnapshotInstallationHandler.java:notifyStateMachineToInstallSnapshot(220)) - 9be5aa81-696f-4a58-a2b4-17a23e6ff6a1@group-60989F5F43D2: Received notification to install snapshot at index 0
2023-01-03 20:11:57,742 [grpc-default-executor-0] INFO  impl.SnapshotInstallationHandler (SnapshotInstallationHandler.java:notifyStateMachineToInstallSnapshot(229)) - 9be5aa81-696f-4a58-a2b4-17a23e6ff6a1@group-60989F5F43D2: InstallSnapshot notification result: ALREADY_INSTALLED, current snapshot index: -1
2023-01-03 20:11:57,853 [grpc-default-executor-0] INFO  impl.SnapshotInstallationHandler (SnapshotInstallationHandler.java:installSnapshotImpl(134)) - 9be5aa81-696f-4a58-a2b4-17a23e6ff6a1@group-60989F5F43D2: set new configuration index: 1
configurationEntry {
  peers {
    id: "6e9a3325-03ae-4586-9a67-d6ae8fc8cb50"
    address: "localhost:45543"
    startupRole: FOLLOWER
  }
}
 from snapshot
2023-01-03 20:11:57,854 [grpc-default-executor-0] INFO  server.RaftServer$Division (ServerState.java:setRaftConf(430)) - 9be5aa81-696f-4a58-a2b4-17a23e6ff6a1@group-60989F5F43D2: set configuration 1: peers:[6e9a3325-03ae-4586-9a67-d6ae8fc8cb50|rpc:localhost:45543|admin:|client:|dataStream:|priority:0|startupRole:FOLLOWER]|listeners:[], old=null
2023-01-03 20:11:57,855 [grpc-default-executor-0] INFO  impl.SnapshotInstallationHandler (SnapshotInstallationHandler.java:installSnapshot(100)) - 9be5aa81-696f-4a58-a2b4-17a23e6ff6a1@group-60989F5F43D2: reply installSnapshot: 6e9a3325-03ae-4586-9a67-d6ae8fc8cb50<-9be5aa81-696f-4a58-a2b4-17a23e6ff6a1#0:OK-t0,ALREADY_INSTALLED
2023-01-03 20:11:57,863 [grpc-default-executor-2] INFO  server.GrpcLogAppender (GrpcLogAppender.java:onNext(494)) - 6e9a3325-03ae-4586-9a67-d6ae8fc8cb50@group-60989F5F43D2->9be5aa81-696f-4a58-a2b4-17a23e6ff6a1-InstallSnapshotResponseHandler: received the first reply 6e9a3325-03ae-4586-9a67-d6ae8fc8cb50<-9be5aa81-696f-4a58-a2b4-17a23e6ff6a1#0:OK-t0,ALREADY_INSTALLED
2023-01-03 20:11:57,864 [grpc-default-executor-0] INFO  server.GrpcServerProtocolService (GrpcServerProtocolService.java:onCompleted(143)) - 9be5aa81-696f-4a58-a2b4-17a23e6ff6a1: Completed INSTALL_SNAPSHOT, lastRequest: 6e9a3325-03ae-4586-9a67-d6ae8fc8cb50->9be5aa81-696f-4a58-a2b4-17a23e6ff6a1#0-t2,notify:(t:1, i:0)
2023-01-03 20:11:57,868 [grpc-default-executor-2] INFO  server.GrpcLogAppender (GrpcLogAppender.java:onNext(517)) - 6e9a3325-03ae-4586-9a67-d6ae8fc8cb50@group-60989F5F43D2->9be5aa81-696f-4a58-a2b4-17a23e6ff6a1-InstallSnapshotResponseHandler: Follower snapshot is already at index 0.
2023-01-03 20:11:57,869 [grpc-default-executor-2] INFO  leader.FollowerInfo (FollowerInfoImpl.java:lambda$new$0(48)) - 6e9a3325-03ae-4586-9a67-d6ae8fc8cb50@group-60989F5F43D2->9be5aa81-696f-4a58-a2b4-17a23e6ff6a1: snapshotIndex: setUnconditionally 0 -> 0
2023-01-03 20:11:57,869 [grpc-default-executor-2] INFO  leader.FollowerInfo (FollowerInfoImpl.java:lambda$new$0(48)) - 6e9a3325-03ae-4586-9a67-d6ae8fc8cb50@group-60989F5F43D2->9be5aa81-696f-4a58-a2b4-17a23e6ff6a1: matchIndex: setUnconditionally 0 -> 0
2023-01-03 20:11:57,869 [grpc-default-executor-2] INFO  leader.FollowerInfo (FollowerInfoImpl.java:lambda$new$0(48)) - 6e9a3325-03ae-4586-9a67-d6ae8fc8cb50@group-60989F5F43D2->9be5aa81-696f-4a58-a2b4-17a23e6ff6a1: nextIndex: setUnconditionally 0 -> 1
2023-01-03 20:11:57,869 [grpc-default-executor-2] INFO  leader.FollowerInfo (FollowerInfoImpl.java:setAttemptedToInstallSnapshot(118)) - Follower 6e9a3325-03ae-4586-9a67-d6ae8fc8cb50@group-60989F5F43D2->9be5aa81-696f-4a58-a2b4-17a23e6ff6a1 acknowledged installing snapshot
2023-01-03 20:11:57,869 [grpc-default-executor-2] INFO  leader.FollowerInfo (FollowerInfoImpl.java:lambda$new$0(48)) - 6e9a3325-03ae-4586-9a67-d6ae8fc8cb50@group-60989F5F43D2->9be5aa81-696f-4a58-a2b4-17a23e6ff6a1: nextIndex: updateToMax old=1, new=1, updated? false
2023-01-03 20:11:57,918 [9be5aa81-696f-4a58-a2b4-17a23e6ff6a1-server-thread1] INFO  impl.RoleInfo (RoleInfo.java:updateAndGet(139)) - 9be5aa81-696f-4a58-a2b4-17a23e6ff6a1: start 9be5aa81-696f-4a58-a2b4-17a23e6ff6a1@group-60989F5F43D2-FollowerState
2023-01-03 20:11:57,919 [9be5aa81-696f-4a58-a2b4-17a23e6ff6a1-server-thread1] INFO  server.RaftServer$Division (RaftServerImpl.java:checkInconsistentAppendEntries(1508)) - 9be5aa81-696f-4a58-a2b4-17a23e6ff6a1@group-60989F5F43D2: Failed appendEntries as previous log entry ((t:1, i:0)) is not found
2023-01-03 20:11:57,921 [9be5aa81-696f-4a58-a2b4-17a23e6ff6a1-server-thread1] INFO  server.RaftServer$Division (RaftServerImpl.java:checkInconsistentAppendEntries(1478)) - 9be5aa81-696f-4a58-a2b4-17a23e6ff6a1@group-60989F5F43D2: inconsistency entries. Reply:6e9a3325-03ae-4586-9a67-d6ae8fc8cb50<-9be5aa81-696f-4a58-a2b4-17a23e6ff6a1#0:FAIL-t2,INCONSISTENCY,nextIndex=0,followerCommit=-1,matchIndex=-1
2023-01-03 20:11:57,922 [9be5aa81-696f-4a58-a2b4-17a23e6ff6a1-server-thread2] INFO  server.RaftServer$Division (RaftServerImpl.java:checkInconsistentAppendEntries(1508)) - 9be5aa81-696f-4a58-a2b4-17a23e6ff6a1@group-60989F5F43D2: Failed appendEntries as previous log entry ((t:1, i:0)) is not found
2023-01-03 20:11:57,922 [9be5aa81-696f-4a58-a2b4-17a23e6ff6a1-server-thread2] INFO  server.RaftServer$Division (RaftServerImpl.java:checkInconsistentAppendEntries(1478)) - 9be5aa81-696f-4a58-a2b4-17a23e6ff6a1@group-60989F5F43D2: inconsistency entries. Reply:6e9a3325-03ae-4586-9a67-d6ae8fc8cb50<-9be5aa81-696f-4a58-a2b4-17a23e6ff6a1#1:FAIL-t2,INCONSISTENCY,nextIndex=0,followerCommit=-1,matchIndex=-1
2023-01-03 20:11:57,925 [grpc-default-executor-2] INFO  leader.FollowerInfo (FollowerInfoImpl.java:lambda$new$0(48)) - 6e9a3325-03ae-4586-9a67-d6ae8fc8cb50@group-60989F5F43D2->9be5aa81-696f-4a58-a2b4-17a23e6ff6a1: nextIndex: updateUnconditionally 3 -> 0
2023-01-03 20:11:57,925 [grpc-default-executor-2] INFO  leader.FollowerInfo (FollowerInfoImpl.java:lambda$new$0(48)) - 6e9a3325-03ae-4586-9a67-d6ae8fc8cb50@group-60989F5F43D2->9be5aa81-696f-4a58-a2b4-17a23e6ff6a1: nextIndex: updateUnconditionally 3 -> 0
2023-01-03 20:11:57,935 [9be5aa81-696f-4a58-a2b4-17a23e6ff6a1-server-thread1] INFO  server.RaftServer$Division (ServerState.java:setRaftConf(430)) - 9be5aa81-696f-4a58-a2b4-17a23e6ff6a1@group-60989F5F43D2: set configuration 0: peers:[6e9a3325-03ae-4586-9a67-d6ae8fc8cb50|rpc:localhost:45543|admin:|client:|dataStream:|priority:0|startupRole:FOLLOWER]|listeners:[], old=null
2023-01-03 20:11:57,935 [9be5aa81-696f-4a58-a2b4-17a23e6ff6a1-server-thread1] INFO  server.RaftServer$Division (ServerState.java:setRaftConf(430)) - 9be5aa81-696f-4a58-a2b4-17a23e6ff6a1@group-60989F5F43D2: set configuration 1: peers:[6e9a3325-03ae-4586-9a67-d6ae8fc8cb50|rpc:localhost:45543|admin:|client:|dataStream:|priority:0|startupRole:FOLLOWER]|listeners:[], old=null
2023-01-03 20:11:57,937 [9be5aa81-696f-4a58-a2b4-17a23e6ff6a1-server-thread1] INFO  segmented.SegmentedRaftLogWorker (SegmentedRaftLogWorker.java:startLogSegment(452)) - 9be5aa81-696f-4a58-a2b4-17a23e6ff6a1@group-60989F5F43D2-SegmentedRaftLogWorker: Starting segment from index:0
2023-01-03 20:11:57,945 [9be5aa81-696f-4a58-a2b4-17a23e6ff6a1-server-thread1] INFO  segmented.SegmentedRaftLogWorker (SegmentedRaftLogWorker.java:rollLogSegment(457)) - 9be5aa81-696f-4a58-a2b4-17a23e6ff6a1@group-60989F5F43D2-SegmentedRaftLogWorker: Rolling segment log-0_0 to index:0
2023-01-03 20:11:57,948 [9be5aa81-696f-4a58-a2b4-17a23e6ff6a1@group-60989F5F43D2-SegmentedRaftLogWorker] INFO  segmented.SegmentedRaftLogWorker (SegmentedRaftLogWorker.java:execute(656)) - 9be5aa81-696f-4a58-a2b4-17a23e6ff6a1@group-60989F5F43D2-SegmentedRaftLogWorker: created new log segment /home/runner/work/ozone/ozone/hadoop-ozone/integration-test/target/test-dir/MiniOzoneClusterImpl-5d377863-1a9b-4461-8352-60989f5f43d2/scmNode-2/scm-ha/5d377863-1a9b-4461-8352-60989f5f43d2/current/log_inprogress_0
2023-01-03 20:11:57,948 [9be5aa81-696f-4a58-a2b4-17a23e6ff6a1-server-thread2] INFO  server.RaftServer$Division (ServerState.java:setRaftConf(430)) - 9be5aa81-696f-4a58-a2b4-17a23e6ff6a1@group-60989F5F43D2: set configuration 0: peers:[6e9a3325-03ae-4586-9a67-d6ae8fc8cb50|rpc:localhost:45543|admin:|client:|dataStream:|priority:0|startupRole:FOLLOWER]|listeners:[], old=null
2023-01-03 20:11:57,948 [9be5aa81-696f-4a58-a2b4-17a23e6ff6a1-server-thread2] INFO  server.RaftServer$Division (ServerState.java:setRaftConf(430)) - 9be5aa81-696f-4a58-a2b4-17a23e6ff6a1@group-60989F5F43D2: set configuration 1: peers:[6e9a3325-03ae-4586-9a67-d6ae8fc8cb50|rpc:localhost:45543|admin:|client:|dataStream:|priority:0|startupRole:FOLLOWER]|listeners:[], old=null
2023-01-03 20:11:57,951 [9be5aa81-696f-4a58-a2b4-17a23e6ff6a1@group-60989F5F43D2-SegmentedRaftLogWorker] INFO  segmented.SegmentedRaftLogWorker (SegmentedRaftLogWorker.java:execute(613)) - 9be5aa81-696f-4a58-a2b4-17a23e6ff6a1@group-60989F5F43D2-SegmentedRaftLogWorker: Rolled log segment from /home/runner/work/ozone/ozone/hadoop-ozone/integration-test/target/test-dir/MiniOzoneClusterImpl-5d377863-1a9b-4461-8352-60989f5f43d2/scmNode-2/scm-ha/5d377863-1a9b-4461-8352-60989f5f43d2/current/log_inprogress_0 to /home/runner/work/ozone/ozone/hadoop-ozone/integration-test/target/test-dir/MiniOzoneClusterImpl-5d377863-1a9b-4461-8352-60989f5f43d2/scmNode-2/scm-ha/5d377863-1a9b-4461-8352-60989f5f43d2/current/log_0-0
2023-01-03 20:11:57,959 [9be5aa81-696f-4a58-a2b4-17a23e6ff6a1@group-60989F5F43D2-SegmentedRaftLogWorker] INFO  segmented.SegmentedRaftLogWorker (SegmentedRaftLogWorker.java:execute(656)) - 9be5aa81-696f-4a58-a2b4-17a23e6ff6a1@group-60989F5F43D2-SegmentedRaftLogWorker: created new log segment /home/runner/work/ozone/ozone/hadoop-ozone/integration-test/target/test-dir/MiniOzoneClusterImpl-5d377863-1a9b-4461-8352-60989f5f43d2/scmNode-2/scm-ha/5d377863-1a9b-4461-8352-60989f5f43d2/current/log_inprogress_1
2023-01-03 20:11:57,982 [9be5aa81-696f-4a58-a2b4-17a23e6ff6a1@group-60989F5F43D2-StateMachineUpdater] INFO  safemode.HealthyPipelineSafeModeRule (HealthyPipelineSafeModeRule.java:initializeRule(165)) - Refreshed total pipeline count is 0, healthy pipeline threshold count is 1
2023-01-03 20:11:58,005 [9be5aa81-696f-4a58-a2b4-17a23e6ff6a1@group-60989F5F43D2-StateMachineUpdater] INFO  safemode.ContainerSafeModeRule (ContainerSafeModeRule.java:reInitializeRule(177)) - Refreshed one replica container threshold 0, currentThreshold 0
2023-01-03 20:11:58,005 [9be5aa81-696f-4a58-a2b4-17a23e6ff6a1@group-60989F5F43D2-StateMachineUpdater] INFO  safemode.OneReplicaPipelineSafeModeRule (OneReplicaPipelineSafeModeRule.java:initializeRule(176)) - Refreshed Total pipeline count is 0, pipeline's with at least one datanode reported threshold count is 0
2023-01-03 20:11:58,009 [6e9a3325-03ae-4586-9a67-d6ae8fc8cb50@group-60989F5F43D2-LeaderStateImpl] INFO  server.RaftServer$Division (ServerState.java:setRaftConf(430)) - 6e9a3325-03ae-4586-9a67-d6ae8fc8cb50@group-60989F5F43D2: set configuration 3: peers:[9be5aa81-696f-4a58-a2b4-17a23e6ff6a1|rpc:localhost:42685|priority:0|startupRole:FOLLOWER, 6e9a3325-03ae-4586-9a67-d6ae8fc8cb50|rpc:localhost:45543|admin:|client:|dataStream:|priority:0|startupRole:FOLLOWER]|listeners:[], old=peers:[6e9a3325-03ae-4586-9a67-d6ae8fc8cb50|rpc:localhost:45543|admin:|client:|dataStream:|priority:0|startupRole:FOLLOWER]|listeners:[]
2023-01-03 20:11:58,020 [9be5aa81-696f-4a58-a2b4-17a23e6ff6a1-server-thread3] INFO  server.RaftServer$Division (ServerState.java:setRaftConf(430)) - 9be5aa81-696f-4a58-a2b4-17a23e6ff6a1@group-60989F5F43D2: set configuration 3: peers:[9be5aa81-696f-4a58-a2b4-17a23e6ff6a1|rpc:localhost:42685|admin:|client:|dataStream:|priority:0|startupRole:FOLLOWER, 6e9a3325-03ae-4586-9a67-d6ae8fc8cb50|rpc:localhost:45543|admin:|client:|dataStream:|priority:0|startupRole:FOLLOWER]|listeners:[], old=peers:[6e9a3325-03ae-4586-9a67-d6ae8fc8cb50|rpc:localhost:45543|admin:|client:|dataStream:|priority:0|startupRole:FOLLOWER]|listeners:[]
2023-01-03 20:11:58,007 [9be5aa81-696f-4a58-a2b4-17a23e6ff6a1@group-60989F5F43D2-StateMachineUpdater] INFO  server.SCMDatanodeProtocolServer (SCMDatanodeProtocolServer.java:start(194)) - ScmDatanodeProtocol RPC server for DataNodes is listening at /0.0.0.0:46471
2023-01-03 20:11:58,026 [6e9a3325-03ae-4586-9a67-d6ae8fc8cb50@group-60989F5F43D2-LeaderStateImpl] INFO  server.RaftServer$Division (ServerState.java:setRaftConf(430)) - 6e9a3325-03ae-4586-9a67-d6ae8fc8cb50@group-60989F5F43D2: set configuration 5: peers:[9be5aa81-696f-4a58-a2b4-17a23e6ff6a1|rpc:localhost:42685|priority:0|startupRole:FOLLOWER, 6e9a3325-03ae-4586-9a67-d6ae8fc8cb50|rpc:localhost:45543|admin:|client:|dataStream:|priority:0|startupRole:FOLLOWER]|listeners:[], old=null
2023-01-03 20:11:58,036 [9be5aa81-696f-4a58-a2b4-17a23e6ff6a1-server-thread2] INFO  server.RaftServer$Division (ServerState.java:setRaftConf(430)) - 9be5aa81-696f-4a58-a2b4-17a23e6ff6a1@group-60989F5F43D2: set configuration 5: peers:[9be5aa81-696f-4a58-a2b4-17a23e6ff6a1|rpc:localhost:42685|admin:|client:|dataStream:|priority:0|startupRole:FOLLOWER, 6e9a3325-03ae-4586-9a67-d6ae8fc8cb50|rpc:localhost:45543|admin:|client:|dataStream:|priority:0|startupRole:FOLLOWER]|listeners:[], old=null
2023-01-03 20:11:58,049 [IPC Server listener on 46471] INFO  ipc.Server (Server.java:run(1352)) - IPC Server listener on 46471: starting
2023-01-03 20:11:58,062 [IPC Server Responder] INFO  ipc.Server (Server.java:run(1512)) - IPC Server Responder: starting
2023-01-03 20:11:58,066 [IPC Server handler 0 on default port 37675] INFO  ha.SCMRatisServerImpl (SCMRatisServerImpl.java:addSCM(309)) - Successfully added new SCM: 9be5aa81-696f-4a58-a2b4-17a23e6ff6a1.
2023-01-03 20:11:58,068 [Listener at 0.0.0.0/38079] INFO  ha.SCMHAManagerImpl (SCMHAManagerImpl.java:start(117)) - Successfully added SCM scmNode-2 to group group-60989F5F43D2:[9be5aa81-696f-4a58-a2b4-17a23e6ff6a1|rpc:localhost:42685|admin:|client:|dataStream:|priority:0|startupRole:FOLLOWER, 6e9a3325-03ae-4586-9a67-d6ae8fc8cb50|rpc:localhost:45543|admin:|client:|dataStream:|priority:0|startupRole:FOLLOWER]
2023-01-03 20:11:58,068 [Listener at 0.0.0.0/38079] INFO  ha.InterSCMGrpcService (InterSCMGrpcProtocolService.java:start(94)) - Starting SCM Grpc Service at port 39539
2023-01-03 20:11:58,070 [Listener at 0.0.0.0/38079] INFO  impl.MetricsSystemImpl (MetricsSystemImpl.java:init(158)) - StorageContainerManager metrics system started (again)
2023-01-03 20:11:58,099 [Listener at 0.0.0.0/38079] INFO  server.SCMClientProtocolServer (SCMClientProtocolServer.java:start(170)) - RPC server for Client  is listening at /0.0.0.0:38079
2023-01-03 20:11:58,104 [IPC Server Responder] INFO  ipc.Server (Server.java:run(1512)) - IPC Server Responder: starting
2023-01-03 20:11:58,104 [IPC Server listener on 38079] INFO  ipc.Server (Server.java:run(1352)) - IPC Server listener on 38079: starting
2023-01-03 20:11:58,135 [Listener at 0.0.0.0/38079] INFO  server.StorageContainerManager (StorageContainerManager.java:start(1437)) - ScmBlockLocationProtocol RPC server is listening at /0.0.0.0:42349
2023-01-03 20:11:58,135 [Listener at 0.0.0.0/38079] INFO  server.SCMBlockProtocolServer (SCMBlockProtocolServer.java:start(152)) - RPC server for Block Protocol is listening at /0.0.0.0:42349
2023-01-03 20:11:58,136 [IPC Server Responder] INFO  ipc.Server (Server.java:run(1512)) - IPC Server Responder: starting
2023-01-03 20:11:58,136 [IPC Server listener on 42349] INFO  ipc.Server (Server.java:run(1352)) - IPC Server listener on 42349: starting
2023-01-03 20:11:58,150 [Listener at 0.0.0.0/38079] INFO  http.BaseHttpServer (BaseHttpServer.java:newHttpServer2BuilderForOzone(213)) - Starting Web-server for scm at: http://0.0.0.0:40329
2023-01-03 20:11:58,151 [Listener at 0.0.0.0/38079] INFO  http.BaseHttpServer (BaseHttpServer.java:<init>(108)) - Hadoop Security Enabled: false Ozone Security Enabled: false Ozone HTTP Security Enabled: false 
2023-01-03 20:11:58,152 [Listener at 0.0.0.0/38079] WARN  server.AuthenticationFilter (AuthenticationFilter.java:constructSecretProvider(240)) - Unable to initialize FileSignerSecretProvider, falling back to use random secrets. Reason: Could not read signature secret file: /home/runner/hadoop-http-auth-signature-secret
2023-01-03 20:11:58,153 [Listener at 0.0.0.0/38079] WARN  http.HttpRequestLog (HttpRequestLog.java:getRequestLog(103)) - Jetty request log can only be enabled using Log4j
2023-01-03 20:11:58,155 [Listener at 0.0.0.0/38079] INFO  http.HttpServer2 (HttpServer2.java:addGlobalFilter(1031)) - Added global filter 'safety' (class=org.apache.hadoop.hdds.server.http.HttpServer2$QuotingInputFilter)
2023-01-03 20:11:58,156 [Listener at 0.0.0.0/38079] INFO  http.HttpServer2 (HttpServer2.java:addFilter(1007)) - Added filter static_user_filter (class=org.apache.hadoop.http.lib.StaticUserWebFilter$StaticUserFilter) to context scm
2023-01-03 20:11:58,156 [Listener at 0.0.0.0/38079] INFO  http.HttpServer2 (HttpServer2.java:addFilter(1015)) - Added filter static_user_filter (class=org.apache.hadoop.http.lib.StaticUserWebFilter$StaticUserFilter) to context static
2023-01-03 20:11:58,157 [Listener at 0.0.0.0/38079] INFO  http.HttpServer2 (HttpServer2.java:addFilter(1015)) - Added filter static_user_filter (class=org.apache.hadoop.http.lib.StaticUserWebFilter$StaticUserFilter) to context logs
2023-01-03 20:11:58,157 [Listener at 0.0.0.0/38079] INFO  http.HttpServer2 (HttpServer2.java:bindListener(1250)) - Jetty bound to port 40329
2023-01-03 20:11:58,149 [org.apache.hadoop.util.JvmPauseMonitor$Monitor@57f31caf] INFO  util.JvmPauseMonitor (JvmPauseMonitor.java:run(188)) - Starting JVM pause monitor
2023-01-03 20:11:58,159 [Listener at 0.0.0.0/38079] INFO  server.Server (Server.java:doStart(375)) - jetty-9.4.49.v20220914; built: 2022-09-14T01:07:36.601Z; git: 4231a3b2e4cb8548a412a789936d640a97b1aa0a; jvm 1.8.0_352-b08
2023-01-03 20:11:58,168 [Listener at 0.0.0.0/38079] INFO  server.session (DefaultSessionIdManager.java:doStart(334)) - DefaultSessionIdManager workerName=node0
2023-01-03 20:11:58,168 [Listener at 0.0.0.0/38079] INFO  server.session (DefaultSessionIdManager.java:doStart(339)) - No SessionScavenger set, using defaults
2023-01-03 20:11:58,168 [Listener at 0.0.0.0/38079] INFO  server.session (HouseKeeper.java:startScavenging(132)) - node0 Scavenging every 660000ms
2023-01-03 20:11:58,170 [Listener at 0.0.0.0/38079] INFO  handler.ContextHandler (ContextHandler.java:doStart(921)) - Started o.e.j.s.ServletContextHandler@121fe002{logs,/logs,file:///home/runner/work/ozone/ozone/hadoop-ozone/integration-test/target/log,AVAILABLE}
2023-01-03 20:11:58,170 [Listener at 0.0.0.0/38079] INFO  handler.ContextHandler (ContextHandler.java:doStart(921)) - Started o.e.j.s.ServletContextHandler@2778a7c3{static,/static,file:///home/runner/work/ozone/ozone/hadoop-ozone/integration-test/target/test-classes/webapps/static,AVAILABLE}
2023-01-03 20:11:58,175 [Listener at 0.0.0.0/38079] INFO  handler.ContextHandler (ContextHandler.java:doStart(921)) - Started o.e.j.w.WebAppContext@b257072{scm,/,file:///home/runner/work/ozone/ozone/hadoop-ozone/integration-test/target/test-classes/webapps/scm/,AVAILABLE}{file:/home/runner/work/ozone/ozone/hadoop-ozone/integration-test/target/test-classes/webapps/scm}
2023-01-03 20:11:58,176 [Listener at 0.0.0.0/38079] INFO  server.AbstractConnector (AbstractConnector.java:doStart(333)) - Started ServerConnector@5ce34685{HTTP/1.1, (http/1.1)}{0.0.0.0:40329}
2023-01-03 20:11:58,176 [Listener at 0.0.0.0/38079] INFO  server.Server (Server.java:doStart(415)) - Started @20579ms
2023-01-03 20:11:58,176 [Listener at 0.0.0.0/38079] WARN  impl.MetricsSystemImpl (MetricsSystemImpl.java:register(279)) - Sink prometheus already exists!
2023-01-03 20:11:58,177 [Listener at 0.0.0.0/38079] INFO  http.BaseHttpServer (BaseHttpServer.java:updateConnectorAddress(333)) - HTTP server of scm listening at http://0.0.0.0:40329
2023-01-03 20:11:58,177 [Listener at 0.0.0.0/38079] INFO  ozone.MiniOzoneHAClusterImpl (MiniOzoneHAClusterImpl.java:createSCMService(606)) - Started SCM RPC server at /0.0.0.0:38079
2023-01-03 20:11:58,178 [Listener at 0.0.0.0/38079] WARN  server.ServerUtils (ServerUtils.java:getScmDbDir(148)) - ozone.scm.db.dirs is not configured. We recommend adding this setting. Falling back to ozone.metadata.dirs instead.
2023-01-03 20:11:58,178 [Listener at 0.0.0.0/38079] INFO  ha.SCMHANodeDetails (SCMHANodeDetails.java:loadSCMHAConfig(209)) - ServiceID for StorageContainerManager is scm-service-test1
2023-01-03 20:11:58,178 [Listener at 0.0.0.0/38079] INFO  ha.SCMHANodeDetails (SCMHANodeDetails.java:loadSCMHAConfig(220)) - ServiceID for StorageContainerManager is scm-service-test1
2023-01-03 20:11:58,179 [Listener at 0.0.0.0/38079] WARN  scm.ScmUtils (ScmUtils.java:logWarn(190)) - ConfigKey ozone.scm.block.client.address is deprecated, For configuring different ports for each SCM use PortConfigKey ozone.scm.block.client.port appended with serviceId and nodeId. If want to configure same port configure ozone.scm.block.client.port
2023-01-03 20:11:58,179 [Listener at 0.0.0.0/38079] WARN  scm.ScmUtils (ScmUtils.java:logWarn(190)) - ConfigKey ozone.scm.client.address is deprecated, For configuring different ports for each SCM use PortConfigKey ozone.scm.client.port appended with serviceId and nodeId. If want to configure same port configure ozone.scm.client.port
2023-01-03 20:11:58,180 [Listener at 0.0.0.0/38079] WARN  scm.ScmUtils (ScmUtils.java:logWarn(190)) - ConfigKey ozone.scm.datanode.address is deprecated, For configuring different ports for each SCM use PortConfigKey ozone.scm.datanode.port appended with serviceId and nodeId. If want to configure same port configure ozone.scm.datanode.port
2023-01-03 20:11:58,180 [Listener at 0.0.0.0/38079] WARN  scm.ScmUtils (ScmUtils.java:logWarn(190)) - ConfigKey ozone.scm.block.client.address is deprecated, For configuring different ports for each SCM use PortConfigKey ozone.scm.block.client.port appended with serviceId and nodeId. If want to configure same port configure ozone.scm.block.client.port
2023-01-03 20:11:58,180 [Listener at 0.0.0.0/38079] WARN  scm.ScmUtils (ScmUtils.java:logWarn(190)) - ConfigKey ozone.scm.client.address is deprecated, For configuring different ports for each SCM use PortConfigKey ozone.scm.client.port appended with serviceId and nodeId. If want to configure same port configure ozone.scm.client.port
2023-01-03 20:11:58,180 [Listener at 0.0.0.0/38079] WARN  scm.ScmUtils (ScmUtils.java:logWarn(190)) - ConfigKey ozone.scm.datanode.address is deprecated, For configuring different ports for each SCM use PortConfigKey ozone.scm.datanode.port appended with serviceId and nodeId. If want to configure same port configure ozone.scm.datanode.port
2023-01-03 20:11:58,181 [Listener at 0.0.0.0/38079] INFO  ha.SCMHANodeDetails (SCMHANodeDetails.java:loadSCMHAConfig(307)) - Found matching SCM address with SCMServiceId: scm-service-test1, SCMNodeId: scmNode-3, RPC Address: localhost:34327 and Ratis port: 34327
2023-01-03 20:11:58,181 [Listener at 0.0.0.0/38079] INFO  ha.SCMHANodeDetails (ConfUtils.java:setNodeSpecificConfigs(97)) - Setting configuration key ozone.scm.datanode.address with value of key ozone.scm.datanode.address.scm-service-test1.scmNode-3: 127.0.0.1:37883
2023-01-03 20:11:58,181 [Listener at 0.0.0.0/38079] INFO  ha.SCMHANodeDetails (ConfUtils.java:setNodeSpecificConfigs(97)) - Setting configuration key ozone.scm.block.client.address with value of key ozone.scm.block.client.address.scm-service-test1.scmNode-3: 127.0.0.1:46621
2023-01-03 20:11:58,183 [Listener at 0.0.0.0/38079] INFO  ha.SCMHANodeDetails (ConfUtils.java:setNodeSpecificConfigs(97)) - Setting configuration key ozone.scm.client.address with value of key ozone.scm.client.address.scm-service-test1.scmNode-3: 127.0.0.1:41231
2023-01-03 20:11:58,183 [Listener at 0.0.0.0/38079] INFO  ha.SCMHANodeDetails (ConfUtils.java:setNodeSpecificConfigs(97)) - Setting configuration key ozone.scm.ratis.port with value of key ozone.scm.ratis.port.scm-service-test1.scmNode-3: 34327
2023-01-03 20:11:58,183 [Listener at 0.0.0.0/38079] INFO  ha.SCMHANodeDetails (ConfUtils.java:setNodeSpecificConfigs(97)) - Setting configuration key ozone.scm.grpc.port with value of key ozone.scm.grpc.port.scm-service-test1.scmNode-3: 45779
2023-01-03 20:11:58,183 [Listener at 0.0.0.0/38079] INFO  ha.SCMHANodeDetails (ConfUtils.java:setNodeSpecificConfigs(97)) - Setting configuration key ozone.scm.http-address with value of key ozone.scm.http-address.scm-service-test1.scmNode-3: 127.0.0.1:34865
2023-01-03 20:11:58,183 [Listener at 0.0.0.0/38079] INFO  ha.SCMHANodeDetails (ConfUtils.java:setNodeSpecificConfigs(97)) - Setting configuration key ozone.scm.https-address with value of key ozone.scm.https-address.scm-service-test1.scmNode-3: 127.0.0.1:41571
2023-01-03 20:11:58,183 [Listener at 0.0.0.0/38079] INFO  ha.SCMHANodeDetails (ConfUtils.java:setNodeSpecificConfigs(97)) - Setting configuration key ozone.scm.address with value of key ozone.scm.address.scm-service-test1.scmNode-3: 127.0.0.1
2023-01-03 20:11:58,183 [Listener at 0.0.0.0/38079] WARN  scm.ScmUtils (ScmUtils.java:logWarn(190)) - ConfigKey ozone.scm.block.client.address is deprecated, For configuring different ports for each SCM use PortConfigKey ozone.scm.block.client.port appended with serviceId and nodeId. If want to configure same port configure ozone.scm.block.client.port
2023-01-03 20:11:58,186 [Listener at 0.0.0.0/38079] WARN  scm.ScmUtils (ScmUtils.java:logWarn(190)) - ConfigKey ozone.scm.client.address is deprecated, For configuring different ports for each SCM use PortConfigKey ozone.scm.client.port appended with serviceId and nodeId. If want to configure same port configure ozone.scm.client.port
2023-01-03 20:11:58,186 [Listener at 0.0.0.0/38079] WARN  scm.ScmUtils (ScmUtils.java:logWarn(190)) - ConfigKey ozone.scm.datanode.address is deprecated, For configuring different ports for each SCM use PortConfigKey ozone.scm.datanode.port appended with serviceId and nodeId. If want to configure same port configure ozone.scm.datanode.port
2023-01-03 20:11:58,188 [Listener at 0.0.0.0/38079] INFO  ha.SCMNodeInfo (SCMNodeInfo.java:getPort(197)) - ConfigKey ozone.scm.client.address is deprecated, For configuring different ports for each SCM use PortConfigKey ozone.scm.client.port appended with serviceId and nodeId
2023-01-03 20:11:58,189 [Listener at 0.0.0.0/38079] INFO  ha.SCMNodeInfo (SCMNodeInfo.java:getPort(197)) - ConfigKey ozone.scm.block.client.address is deprecated, For configuring different ports for each SCM use PortConfigKey ozone.scm.block.client.port appended with serviceId and nodeId
2023-01-03 20:11:58,189 [Listener at 0.0.0.0/38079] INFO  ha.SCMNodeInfo (SCMNodeInfo.java:getPort(197)) - ConfigKey ozone.scm.datanode.address is deprecated, For configuring different ports for each SCM use PortConfigKey ozone.scm.datanode.port appended with serviceId and nodeId
2023-01-03 20:11:58,189 [Listener at 0.0.0.0/38079] INFO  ha.SCMNodeInfo (SCMNodeInfo.java:getPort(197)) - ConfigKey ozone.scm.client.address is deprecated, For configuring different ports for each SCM use PortConfigKey ozone.scm.client.port appended with serviceId and nodeId
2023-01-03 20:11:58,190 [Listener at 0.0.0.0/38079] INFO  ha.SCMNodeInfo (SCMNodeInfo.java:getPort(197)) - ConfigKey ozone.scm.block.client.address is deprecated, For configuring different ports for each SCM use PortConfigKey ozone.scm.block.client.port appended with serviceId and nodeId
2023-01-03 20:11:58,190 [Listener at 0.0.0.0/38079] INFO  ha.SCMNodeInfo (SCMNodeInfo.java:getPort(197)) - ConfigKey ozone.scm.datanode.address is deprecated, For configuring different ports for each SCM use PortConfigKey ozone.scm.datanode.port appended with serviceId and nodeId
2023-01-03 20:11:58,190 [Listener at 0.0.0.0/38079] INFO  proxy.SCMBlockLocationFailoverProxyProvider (SCMBlockLocationFailoverProxyProvider.java:<init>(114)) - Created block location fail-over proxy with 2 nodes: [nodeId=scmNode-2,nodeAddress=/127.0.0.1:42349, nodeId=scmNode-1,nodeAddress=/127.0.0.1:37675]
2023-01-03 20:11:58,200 [Listener at 0.0.0.0/38079] INFO  server.StorageContainerManager (StorageContainerManager.java:scmBootstrap(1132)) - SCM BootStrap  is successful for ClusterID 5d377863-1a9b-4461-8352-60989f5f43d2, SCMID 764b532c-75ef-4a94-a8cf-477c5db65ad8
2023-01-03 20:11:58,200 [Listener at 0.0.0.0/38079] INFO  server.StorageContainerManager (StorageContainerManager.java:scmBootstrap(1134)) - Primary SCM Node ID 6e9a3325-03ae-4586-9a67-d6ae8fc8cb50
2023-01-03 20:11:58,200 [Listener at 0.0.0.0/38079] WARN  server.ServerUtils (ServerUtils.java:getScmDbDir(148)) - ozone.scm.db.dirs is not configured. We recommend adding this setting. Falling back to ozone.metadata.dirs instead.
2023-01-03 20:11:58,201 [Listener at 0.0.0.0/38079] INFO  ha.SCMHANodeDetails (SCMHANodeDetails.java:loadSCMHAConfig(209)) - ServiceID for StorageContainerManager is scm-service-test1
2023-01-03 20:11:58,201 [Listener at 0.0.0.0/38079] INFO  ha.SCMHANodeDetails (SCMHANodeDetails.java:loadSCMHAConfig(220)) - ServiceID for StorageContainerManager is scm-service-test1
2023-01-03 20:11:58,202 [Listener at 0.0.0.0/38079] WARN  scm.ScmUtils (ScmUtils.java:logWarn(190)) - ConfigKey ozone.scm.block.client.address is deprecated, For configuring different ports for each SCM use PortConfigKey ozone.scm.block.client.port appended with serviceId and nodeId. If want to configure same port configure ozone.scm.block.client.port
2023-01-03 20:11:58,202 [Listener at 0.0.0.0/38079] WARN  scm.ScmUtils (ScmUtils.java:logWarn(190)) - ConfigKey ozone.scm.client.address is deprecated, For configuring different ports for each SCM use PortConfigKey ozone.scm.client.port appended with serviceId and nodeId. If want to configure same port configure ozone.scm.client.port
2023-01-03 20:11:58,202 [Listener at 0.0.0.0/38079] WARN  scm.ScmUtils (ScmUtils.java:logWarn(190)) - ConfigKey ozone.scm.datanode.address is deprecated, For configuring different ports for each SCM use PortConfigKey ozone.scm.datanode.port appended with serviceId and nodeId. If want to configure same port configure ozone.scm.datanode.port
2023-01-03 20:11:58,202 [Listener at 0.0.0.0/38079] WARN  scm.ScmUtils (ScmUtils.java:logWarn(190)) - ConfigKey ozone.scm.block.client.address is deprecated, For configuring different ports for each SCM use PortConfigKey ozone.scm.block.client.port appended with serviceId and nodeId. If want to configure same port configure ozone.scm.block.client.port
2023-01-03 20:11:58,202 [Listener at 0.0.0.0/38079] WARN  scm.ScmUtils (ScmUtils.java:logWarn(190)) - ConfigKey ozone.scm.client.address is deprecated, For configuring different ports for each SCM use PortConfigKey ozone.scm.client.port appended with serviceId and nodeId. If want to configure same port configure ozone.scm.client.port
2023-01-03 20:11:58,202 [Listener at 0.0.0.0/38079] WARN  scm.ScmUtils (ScmUtils.java:logWarn(190)) - ConfigKey ozone.scm.datanode.address is deprecated, For configuring different ports for each SCM use PortConfigKey ozone.scm.datanode.port appended with serviceId and nodeId. If want to configure same port configure ozone.scm.datanode.port
2023-01-03 20:11:58,203 [Listener at 0.0.0.0/38079] INFO  ha.SCMHANodeDetails (SCMHANodeDetails.java:loadSCMHAConfig(307)) - Found matching SCM address with SCMServiceId: scm-service-test1, SCMNodeId: scmNode-3, RPC Address: localhost:34327 and Ratis port: 34327
2023-01-03 20:11:58,203 [Listener at 0.0.0.0/38079] INFO  ha.SCMHANodeDetails (ConfUtils.java:setNodeSpecificConfigs(97)) - Setting configuration key ozone.scm.datanode.address with value of key ozone.scm.datanode.address.scm-service-test1.scmNode-3: 127.0.0.1:37883
2023-01-03 20:11:58,203 [Listener at 0.0.0.0/38079] INFO  ha.SCMHANodeDetails (ConfUtils.java:setNodeSpecificConfigs(97)) - Setting configuration key ozone.scm.block.client.address with value of key ozone.scm.block.client.address.scm-service-test1.scmNode-3: 127.0.0.1:46621
2023-01-03 20:11:58,203 [Listener at 0.0.0.0/38079] INFO  ha.SCMHANodeDetails (ConfUtils.java:setNodeSpecificConfigs(97)) - Setting configuration key ozone.scm.client.address with value of key ozone.scm.client.address.scm-service-test1.scmNode-3: 127.0.0.1:41231
2023-01-03 20:11:58,203 [Listener at 0.0.0.0/38079] INFO  ha.SCMHANodeDetails (ConfUtils.java:setNodeSpecificConfigs(97)) - Setting configuration key ozone.scm.ratis.port with value of key ozone.scm.ratis.port.scm-service-test1.scmNode-3: 34327
2023-01-03 20:11:58,203 [Listener at 0.0.0.0/38079] INFO  ha.SCMHANodeDetails (ConfUtils.java:setNodeSpecificConfigs(97)) - Setting configuration key ozone.scm.grpc.port with value of key ozone.scm.grpc.port.scm-service-test1.scmNode-3: 45779
2023-01-03 20:11:58,203 [Listener at 0.0.0.0/38079] INFO  ha.SCMHANodeDetails (ConfUtils.java:setNodeSpecificConfigs(97)) - Setting configuration key ozone.scm.http-address with value of key ozone.scm.http-address.scm-service-test1.scmNode-3: 127.0.0.1:34865
2023-01-03 20:11:58,203 [Listener at 0.0.0.0/38079] INFO  ha.SCMHANodeDetails (ConfUtils.java:setNodeSpecificConfigs(97)) - Setting configuration key ozone.scm.https-address with value of key ozone.scm.https-address.scm-service-test1.scmNode-3: 127.0.0.1:41571
2023-01-03 20:11:58,203 [Listener at 0.0.0.0/38079] INFO  ha.SCMHANodeDetails (ConfUtils.java:setNodeSpecificConfigs(97)) - Setting configuration key ozone.scm.address with value of key ozone.scm.address.scm-service-test1.scmNode-3: 127.0.0.1
2023-01-03 20:11:58,203 [Listener at 0.0.0.0/38079] WARN  scm.ScmUtils (ScmUtils.java:logWarn(190)) - ConfigKey ozone.scm.block.client.address is deprecated, For configuring different ports for each SCM use PortConfigKey ozone.scm.block.client.port appended with serviceId and nodeId. If want to configure same port configure ozone.scm.block.client.port
2023-01-03 20:11:58,204 [Listener at 0.0.0.0/38079] WARN  scm.ScmUtils (ScmUtils.java:logWarn(190)) - ConfigKey ozone.scm.client.address is deprecated, For configuring different ports for each SCM use PortConfigKey ozone.scm.client.port appended with serviceId and nodeId. If want to configure same port configure ozone.scm.client.port
2023-01-03 20:11:58,204 [Listener at 0.0.0.0/38079] WARN  scm.ScmUtils (ScmUtils.java:logWarn(190)) - ConfigKey ozone.scm.datanode.address is deprecated, For configuring different ports for each SCM use PortConfigKey ozone.scm.datanode.port appended with serviceId and nodeId. If want to configure same port configure ozone.scm.datanode.port
2023-01-03 20:11:58,205 [Listener at 0.0.0.0/38079] WARN  utils.HAUtils (HAUtils.java:getMetaDir(342)) - ozone.scm.db.dirs is not configured. We recommend adding this setting. Falling back to ozone.metadata.dirs instead.
2023-01-03 20:11:58,205 [Listener at 0.0.0.0/38079] WARN  db.DBStoreBuilder (DBStoreBuilder.java:applyDBDefinition(144)) - ozone.scm.db.dirs is not configured. We recommend adding this setting. Falling back to ozone.metadata.dirs instead.
2023-01-03 20:11:58,301 [Listener at 0.0.0.0/38079] INFO  net.NodeSchemaLoader (NodeSchemaLoader.java:loadSchemaFromFile(129)) - Loading schema from [jar:file:/home/runner/.m2/repository/org/apache/ozone/hdds-common/1.4.0-SNAPSHOT/hdds-common-1.4.0-SNAPSHOT.jar!/network-topology-default.xml]
2023-01-03 20:11:58,301 [Listener at 0.0.0.0/38079] INFO  net.NodeSchemaLoader (NodeSchemaLoader.java:loadSchema(176)) - Loading network topology layer schema file
2023-01-03 20:11:58,311 [Listener at 0.0.0.0/38079] WARN  impl.MetricRegistriesImpl (MetricRegistriesImpl.java:addReporterRegistration(111)) - New reporters are added after registries were created. Some metrics will be missing from the reporter. Please add reporter before adding any new registry.
2023-01-03 20:11:58,311 [Listener at 0.0.0.0/38079] WARN  impl.MetricRegistriesImpl (MetricRegistriesImpl.java:addReporterRegistration(111)) - New reporters are added after registries were created. Some metrics will be missing from the reporter. Please add reporter before adding any new registry.
2023-01-03 20:11:58,312 [Listener at 0.0.0.0/38079] INFO  ha.SCMRatisServerImpl (SCMRatisServerImpl.java:<init>(87)) - starting Raft server for scm:764b532c-75ef-4a94-a8cf-477c5db65ad8
2023-01-03 20:11:58,313 [Listener at 0.0.0.0/38079] INFO  server.RaftServer (ConfUtils.java:logGet(46)) - raft.rpc.type = GRPC (default)
2023-01-03 20:11:58,313 [Listener at 0.0.0.0/38079] INFO  grpc.GrpcConfigKeys (ConfUtils.java:logFallback(53)) - raft.grpc.admin.host = null (fallback to raft.grpc.server.host)
2023-01-03 20:11:58,313 [Listener at 0.0.0.0/38079] INFO  grpc.GrpcConfigKeys (ConfUtils.java:logFallback(53)) - raft.grpc.admin.port = 34327 (fallback to raft.grpc.server.port)
2023-01-03 20:11:58,314 [Listener at 0.0.0.0/38079] INFO  grpc.GrpcConfigKeys (ConfUtils.java:logFallback(53)) - raft.grpc.client.host = null (fallback to raft.grpc.server.host)
2023-01-03 20:11:58,314 [Listener at 0.0.0.0/38079] INFO  grpc.GrpcConfigKeys (ConfUtils.java:logFallback(53)) - raft.grpc.client.port = 34327 (fallback to raft.grpc.server.port)
2023-01-03 20:11:58,314 [Listener at 0.0.0.0/38079] INFO  grpc.GrpcConfigKeys (ConfUtils.java:logGet(46)) - raft.grpc.server.host = null (default)
2023-01-03 20:11:58,314 [Listener at 0.0.0.0/38079] INFO  grpc.GrpcConfigKeys (ConfUtils.java:logGet(46)) - raft.grpc.server.port = 34327 (custom)
2023-01-03 20:11:58,314 [Listener at 0.0.0.0/38079] INFO  server.GrpcService (ConfUtils.java:logGet(46)) - raft.grpc.message.size.max = 32m (=33554432) (custom)
2023-01-03 20:11:58,314 [Listener at 0.0.0.0/38079] INFO  server.RaftServerConfigKeys (ConfUtils.java:logGet(46)) - raft.server.log.appender.buffer.byte-limit = 33554432 (custom)
2023-01-03 20:11:58,314 [Listener at 0.0.0.0/38079] INFO  server.GrpcService (ConfUtils.java:logGet(46)) - raft.grpc.flow.control.window = 1MB (=1048576) (default)
2023-01-03 20:11:58,314 [Listener at 0.0.0.0/38079] INFO  server.RaftServerConfigKeys (ConfUtils.java:logGet(46)) - raft.server.rpc.request.timeout = 30000ms (custom)
2023-01-03 20:11:58,315 [Listener at 0.0.0.0/38079] INFO  grpc.GrpcConfigKeys (ConfUtils.java:logGet(46)) - raft.grpc.server.heartbeat.channel = true (default)
2023-01-03 20:11:58,315 [Listener at 0.0.0.0/38079] INFO  grpc.GrpcConfigKeys (ConfUtils.java:logGet(46)) - raft.grpc.server.async.request.thread.pool.cached = true (default)
2023-01-03 20:11:58,315 [Listener at 0.0.0.0/38079] INFO  grpc.GrpcConfigKeys (ConfUtils.java:logGet(46)) - raft.grpc.server.async.request.thread.pool.size = 32 (default)
2023-01-03 20:11:58,316 [Listener at 0.0.0.0/38079] INFO  impl.DataStreamServerImpl (ConfUtils.java:logGet(46)) - raft.datastream.type = NETTY (custom)
2023-01-03 20:11:58,316 [Listener at 0.0.0.0/38079] INFO  server.RaftServerConfigKeys (ConfUtils.java:logGet(46)) - raft.server.data-stream.async.request.thread.pool.cached = false (default)
2023-01-03 20:11:58,316 [Listener at 0.0.0.0/38079] INFO  server.RaftServerConfigKeys (ConfUtils.java:logGet(46)) - raft.server.data-stream.async.request.thread.pool.size = 32 (default)
2023-01-03 20:11:58,316 [Listener at 0.0.0.0/38079] INFO  server.RaftServerConfigKeys (ConfUtils.java:logGet(46)) - raft.server.data-stream.async.write.thread.pool.size = 16 (default)
2023-01-03 20:11:58,316 [Listener at 0.0.0.0/38079] INFO  server.RaftServerConfigKeys (ConfUtils.java:logGet(46)) - raft.server.data-stream.client.pool.size = 10 (default)
2023-01-03 20:11:58,317 [Listener at 0.0.0.0/38079] INFO  netty.NettyConfigKeys$DataStream (ConfUtils.java:logGet(46)) - raft.netty.dataStream.server.use-epoll = false (default)
2023-01-03 20:11:58,317 [Listener at 0.0.0.0/38079] INFO  netty.NettyConfigKeys$DataStream (ConfUtils.java:logGet(46)) - raft.netty.dataStream.server.boss-group.size = 0 (default)
2023-01-03 20:11:58,317 [Listener at 0.0.0.0/38079] INFO  netty.NettyConfigKeys$DataStream (ConfUtils.java:logGet(46)) - raft.netty.dataStream.server.worker-group.size = 0 (default)
2023-01-03 20:11:58,319 [Listener at 0.0.0.0/38079] INFO  netty.NettyConfigKeys$DataStream (ConfUtils.java:logGet(46)) - raft.netty.dataStream.server.tls.conf = null (default)
2023-01-03 20:11:58,319 [Listener at 0.0.0.0/38079] INFO  netty.NettyConfigKeys$DataStream (ConfUtils.java:logGet(46)) - raft.netty.dataStream.host = null (default)
2023-01-03 20:11:58,319 [Listener at 0.0.0.0/38079] INFO  netty.NettyConfigKeys$DataStream (ConfUtils.java:logGet(46)) - raft.netty.dataStream.port = 0 (default)
2023-01-03 20:11:58,319 [Listener at 0.0.0.0/38079] INFO  server.RaftServerConfigKeys (ConfUtils.java:logGet(46)) - raft.server.threadpool.proxy.cached = true (default)
2023-01-03 20:11:58,320 [Listener at 0.0.0.0/38079] INFO  server.RaftServerConfigKeys (ConfUtils.java:logGet(46)) - raft.server.threadpool.proxy.size = 0 (default)
2023-01-03 20:11:58,320 [Listener at 0.0.0.0/38079] INFO  server.RaftServerConfigKeys (ConfUtils.java:logGet(46)) - raft.server.rpc.slowness.timeout = 120000ms (custom)
2023-01-03 20:11:58,320 [Listener at 0.0.0.0/38079] INFO  server.RaftServerConfigKeys (ConfUtils.java:logGet(46)) - raft.server.leaderelection.leader.step-down.wait-time = 10s (default)
2023-01-03 20:11:58,320 [Listener at 0.0.0.0/38079] INFO  server.RaftServerConfigKeys (ConfUtils.java:logGet(46)) - raft.server.storage.dir = [/home/runner/work/ozone/ozone/hadoop-ozone/integration-test/target/test-dir/MiniOzoneClusterImpl-5d377863-1a9b-4461-8352-60989f5f43d2/scmNode-3/scm-ha] (custom)
2023-01-03 20:11:58,322 [Listener at 0.0.0.0/38079] INFO  server.RaftServer (RaftServerProxy.java:addNew(96)) - 764b532c-75ef-4a94-a8cf-477c5db65ad8: addNew group-60989F5F43D2:[] returns group-60989F5F43D2:java.util.concurrent.CompletableFuture@46a5aff[Not completed]
2023-01-03 20:11:58,322 [pool-83-thread-1] INFO  server.RaftServer$Division (RaftServerImpl.java:<init>(195)) - 764b532c-75ef-4a94-a8cf-477c5db65ad8: new RaftServerImpl for group-60989F5F43D2:[] with SCMStateMachine:uninitialized
2023-01-03 20:11:58,322 [pool-83-thread-1] INFO  server.RaftServerConfigKeys (ConfUtils.java:logGet(46)) - raft.server.rpc.timeout.min = 5000ms (custom)
2023-01-03 20:11:58,324 [pool-83-thread-1] INFO  server.RaftServerConfigKeys (ConfUtils.java:logGet(46)) - raft.server.rpc.timeout.max = 5200ms (custom)
2023-01-03 20:11:58,324 [764b532c-75ef-4a94-a8cf-477c5db65ad8-NettyServerStreamRpc-bossGroup--thread1] INFO  logging.LoggingHandler (AbstractInternalLogger.java:log(148)) - [id: 0x120179a0] REGISTERED
2023-01-03 20:11:58,324 [764b532c-75ef-4a94-a8cf-477c5db65ad8-NettyServerStreamRpc-bossGroup--thread1] INFO  logging.LoggingHandler (AbstractInternalLogger.java:log(148)) - [id: 0x120179a0] BIND: 0.0.0.0/0.0.0.0:0
2023-01-03 20:11:58,324 [pool-83-thread-1] INFO  server.RaftServerConfigKeys (ConfUtils.java:logGet(46)) - raft.server.rpc.sleep.time = 25ms (default)
2023-01-03 20:11:58,324 [764b532c-75ef-4a94-a8cf-477c5db65ad8-NettyServerStreamRpc-bossGroup--thread1] INFO  logging.LoggingHandler (AbstractInternalLogger.java:log(148)) - [id: 0x120179a0, L:/0:0:0:0:0:0:0:0:45779] ACTIVE
2023-01-03 20:11:58,325 [pool-83-thread-1] INFO  server.RaftServerConfigKeys (ConfUtils.java:logGet(46)) - raft.server.rpc.slowness.timeout = 120000ms (custom)
2023-01-03 20:11:58,325 [pool-83-thread-1] INFO  server.RaftServerConfigKeys (ConfUtils.java:logGet(46)) - raft.server.leaderelection.leader.step-down.wait-time = 10s (default)
2023-01-03 20:11:58,325 [pool-83-thread-1] INFO  server.RaftServerConfigKeys (ConfUtils.java:logGet(46)) - raft.server.sleep.deviation.threshold = 300ms (default)
2023-01-03 20:11:58,325 [pool-83-thread-1] INFO  server.RaftServer$Division (ServerState.java:<init>(118)) - 764b532c-75ef-4a94-a8cf-477c5db65ad8@group-60989F5F43D2: ConfigurationManager, init=-1: peers:[]|listeners:[], old=null, confs=<EMPTY_MAP>
2023-01-03 20:11:58,325 [pool-83-thread-1] INFO  server.RaftServerConfigKeys (ConfUtils.java:logGet(46)) - raft.server.storage.dir = [/home/runner/work/ozone/ozone/hadoop-ozone/integration-test/target/test-dir/MiniOzoneClusterImpl-5d377863-1a9b-4461-8352-60989f5f43d2/scmNode-3/scm-ha] (custom)
2023-01-03 20:11:58,325 [pool-83-thread-1] INFO  server.RaftServerConfigKeys (ConfUtils.java:logGet(46)) - raft.server.log.corruption.policy = EXCEPTION (default)
2023-01-03 20:11:58,325 [pool-83-thread-1] INFO  server.RaftServerConfigKeys (ConfUtils.java:logGet(46)) - raft.server.storage.free-space.min = 0MB (=0) (default)
2023-01-03 20:11:58,325 [pool-83-thread-1] INFO  server.RaftServerConfigKeys (ConfUtils.java:logGet(46)) - raft.server.notification.no-leader.timeout = 60s (default)
2023-01-03 20:11:58,326 [pool-83-thread-1] INFO  server.RaftServerConfigKeys (ConfUtils.java:logGet(46)) - raft.server.retrycache.expirytime = 60000ms (default)
2023-01-03 20:11:58,326 [pool-83-thread-1] INFO  server.RaftServerConfigKeys (ConfUtils.java:logGet(46)) - raft.server.retrycache.statistics.expirytime = 100μs (default)
2023-01-03 20:11:58,334 [pool-83-thread-1] INFO  server.RaftServerConfigKeys (ConfUtils.java:logGet(46)) - raft.server.log.appender.install.snapshot.enabled = false (custom)
2023-01-03 20:11:58,334 [pool-83-thread-1] INFO  server.RaftServerConfigKeys (ConfUtils.java:logGet(46)) - raft.server.threadpool.server.cached = true (default)
2023-01-03 20:11:58,334 [pool-83-thread-1] INFO  server.RaftServerConfigKeys (ConfUtils.java:logGet(46)) - raft.server.threadpool.server.size = 0 (default)
2023-01-03 20:11:58,334 [pool-83-thread-1] INFO  server.RaftServerConfigKeys (ConfUtils.java:logGet(46)) - raft.server.threadpool.client.cached = true (default)
2023-01-03 20:11:58,334 [pool-83-thread-1] INFO  server.RaftServerConfigKeys (ConfUtils.java:logGet(46)) - raft.server.threadpool.client.size = 0 (default)
2023-01-03 20:11:58,336 [Listener at 0.0.0.0/38079] INFO  ha.SCMSnapshotProvider (SCMSnapshotProvider.java:<init>(66)) - Initializing SCM Snapshot Provider
2023-01-03 20:11:58,336 [Listener at 0.0.0.0/38079] WARN  server.ServerUtils (ServerUtils.java:getDefaultRatisDirectory(237)) - Storage directory for Ratis is not configured. It is a good idea to map this to an SSD disk. Falling back to ozone.metadata.dirs
2023-01-03 20:11:58,337 [Listener at 0.0.0.0/38079] WARN  ha.SCMHAUtils (SCMHAUtils.java:getSCMRatisSnapshotDirectory(153)) - SCM snapshot dir is not configured. Falling back to ozone.metadata.dirs config
2023-01-03 20:11:58,338 [Listener at 0.0.0.0/38079] INFO  upgrade.AbstractLayoutVersionManager (AbstractLayoutVersionManager.java:init(83)) - Initializing Layout version manager with metadata layout = DATANODE_SCHEMA_V3 (version = 4), software layout = DATANODE_SCHEMA_V3 (version = 4)
2023-01-03 20:11:58,389 [Listener at 0.0.0.0/38079] INFO  reflections.Reflections (Reflections.java:scan(232)) - Reflections took 50 ms to scan 7 urls, producing 146 keys and 350 values 
2023-01-03 20:11:58,398 [Listener at 0.0.0.0/38079] INFO  ha.SequenceIdGenerator (SequenceIdGenerator.java:upgradeToSequenceId(349)) - upgrade localId to 111677748019200000
2023-01-03 20:11:58,398 [Listener at 0.0.0.0/38079] INFO  ha.SequenceIdGenerator (SequenceIdGenerator.java:upgradeToSequenceId(359)) - upgrade delTxnId to 0
2023-01-03 20:11:58,398 [Listener at 0.0.0.0/38079] INFO  ha.SequenceIdGenerator (SequenceIdGenerator.java:upgradeToSequenceId(376)) - upgrade containerId to 0
2023-01-03 20:11:58,399 [Listener at 0.0.0.0/38079] INFO  ha.SequenceIdGenerator (SequenceIdGenerator.java:<init>(220)) - Init the HA SequenceIdGenerator.
2023-01-03 20:11:58,399 [Listener at 0.0.0.0/38079] WARN  server.ServerUtils (ServerUtils.java:sanitizeUserArgs(73)) - ozone.scm.stale.node.interval value = 300000 is larger than max = 100000 based on the key value of ozone.scm.heartbeat.thread.interval, reset to the max value 100000.
2023-01-03 20:11:58,399 [Listener at 0.0.0.0/38079] WARN  server.ServerUtils (ServerUtils.java:sanitizeUserArgs(73)) - ozone.scm.stale.node.interval value = 300000 is larger than max = 100000 based on the key value of ozone.scm.heartbeat.thread.interval, reset to the max value 100000.
2023-01-03 20:11:58,400 [Listener at 0.0.0.0/38079] INFO  node.SCMNodeManager (SCMNodeManager.java:<init>(149)) - Entering startup safe mode.
2023-01-03 20:11:58,402 [Listener at 0.0.0.0/38079] INFO  algorithms.ContainerPlacementPolicyFactory (ContainerPlacementPolicyFactory.java:getPolicyInternal(86)) - Create container placement policy of type org.apache.hadoop.hdds.scm.container.placement.algorithms.SCMContainerPlacementRandom
2023-01-03 20:11:58,402 [Listener at 0.0.0.0/38079] INFO  algorithms.ContainerPlacementPolicyFactory (ContainerPlacementPolicyFactory.java:getPolicyInternal(86)) - Create container placement policy of type org.apache.hadoop.hdds.scm.container.placement.algorithms.SCMContainerPlacementRackScatter
2023-01-03 20:11:58,403 [Listener at 0.0.0.0/38079] INFO  pipeline.PipelineStateManagerImpl (PipelineStateManagerImpl.java:initialize(78)) - No pipeline exists in current db
2023-01-03 20:11:58,403 [Listener at 0.0.0.0/38079] INFO  algorithms.LeaderChoosePolicyFactory (LeaderChoosePolicyFactory.java:getPolicy(57)) - Create leader choose policy of type org.apache.hadoop.hdds.scm.pipeline.leader.choose.algorithms.MinLeaderCountChoosePolicy
2023-01-03 20:11:58,403 [Listener at 0.0.0.0/38079] INFO  algorithms.ContainerPlacementPolicyFactory (ContainerPlacementPolicyFactory.java:getPolicyInternal(86)) - Create container placement policy of type org.apache.hadoop.hdds.scm.container.placement.algorithms.SCMContainerPlacementRackScatter
2023-01-03 20:11:58,403 [Listener at 0.0.0.0/38079] INFO  ha.SCMServiceManager (SCMServiceManager.java:register(42)) - Registering service BackgroundPipelineCreator.
2023-01-03 20:11:58,403 [Listener at 0.0.0.0/38079] INFO  pipeline.BackgroundPipelineCreator (BackgroundPipelineCreator.java:start(124)) - Starting RatisPipelineUtilsThread.
2023-01-03 20:11:58,405 [Listener at 0.0.0.0/38079] INFO  BackgroundPipelineScrubber (BackgroundSCMService.java:start(68)) - Starting BackgroundPipelineScrubber Service.
2023-01-03 20:11:58,407 [Listener at 0.0.0.0/38079] INFO  ha.SCMServiceManager (SCMServiceManager.java:register(42)) - Registering service BackgroundPipelineScrubber.
2023-01-03 20:11:58,408 [Listener at 0.0.0.0/38079] INFO  ExpiredContainerReplicaOpScrubber (BackgroundSCMService.java:start(68)) - Starting ExpiredContainerReplicaOpScrubber Service.
2023-01-03 20:11:58,408 [Listener at 0.0.0.0/38079] INFO  ha.SCMServiceManager (SCMServiceManager.java:register(42)) - Registering service ExpiredContainerReplicaOpScrubber.
2023-01-03 20:11:58,412 [Listener at 0.0.0.0/38079] INFO  algorithms.PipelineChoosePolicyFactory (PipelineChoosePolicyFactory.java:createPipelineChoosePolicyFromClass(73)) - Create pipeline choose policy of type org.apache.hadoop.hdds.scm.pipeline.choose.algorithms.RandomPipelineChoosePolicy
2023-01-03 20:11:58,413 [Listener at 0.0.0.0/38079] INFO  ha.SCMServiceManager (SCMServiceManager.java:register(42)) - Registering service SCMBlockDeletingService.
2023-01-03 20:11:58,414 [Listener at 0.0.0.0/38079] INFO  replication.ReplicationManager (ReplicationManager.java:start(261)) - Starting Replication Monitor Thread.
2023-01-03 20:11:58,417 [Listener at 0.0.0.0/38079] INFO  ha.SCMServiceManager (SCMServiceManager.java:register(42)) - Registering service ReplicationManager.
2023-01-03 20:11:58,418 [Listener at 0.0.0.0/38079] INFO  safemode.ContainerSafeModeRule (ContainerSafeModeRule.java:<init>(89)) - containers with one replica threshold count 0
2023-01-03 20:11:58,419 [Listener at 0.0.0.0/38079] INFO  safemode.HealthyPipelineSafeModeRule (HealthyPipelineSafeModeRule.java:initializeRule(169)) - Total pipeline count is 0, healthy pipeline threshold count is 1
2023-01-03 20:11:58,419 [Listener at 0.0.0.0/38079] INFO  safemode.OneReplicaPipelineSafeModeRule (OneReplicaPipelineSafeModeRule.java:initializeRule(180)) - Total pipeline count is 0, pipeline's with at least one datanode reported threshold count is 0
2023-01-03 20:11:58,426 [ReplicationMonitor] INFO  replication.ReplicationManager (ReplicationManager.java:processAll(330)) - Replication Manager is not ready to run until 3000ms after safemode exit
2023-01-03 20:11:58,426 [Listener at 0.0.0.0/38079] INFO  ipc.CallQueueManager (CallQueueManager.java:<init>(90)) - Using callQueue: class java.util.concurrent.LinkedBlockingQueue, queueCapacity: 2000, scheduler: class org.apache.hadoop.ipc.DefaultRpcScheduler, ipcBackoff: false.
2023-01-03 20:11:58,428 [Socket Reader #1 for port 37883] INFO  ipc.Server (Server.java:run(1273)) - Starting Socket Reader #1 for port 37883
2023-01-03 20:11:58,430 [Listener at 0.0.0.0/37883] INFO  ipc.CallQueueManager (CallQueueManager.java:<init>(90)) - Using callQueue: class java.util.concurrent.LinkedBlockingQueue, queueCapacity: 2000, scheduler: class org.apache.hadoop.ipc.DefaultRpcScheduler, ipcBackoff: false.
2023-01-03 20:11:58,430 [Socket Reader #1 for port 46621] INFO  ipc.Server (Server.java:run(1273)) - Starting Socket Reader #1 for port 46621
2023-01-03 20:11:58,434 [Listener at 0.0.0.0/46621] INFO  ipc.CallQueueManager (CallQueueManager.java:<init>(90)) - Using callQueue: class java.util.concurrent.LinkedBlockingQueue, queueCapacity: 2000, scheduler: class org.apache.hadoop.ipc.DefaultRpcScheduler, ipcBackoff: false.
2023-01-03 20:11:58,434 [Socket Reader #1 for port 41231] INFO  ipc.Server (Server.java:run(1273)) - Starting Socket Reader #1 for port 41231
2023-01-03 20:11:58,448 [Listener at 0.0.0.0/41231] INFO  ha.SCMServiceManager (SCMServiceManager.java:register(42)) - Registering service ContainerBalancer.
2023-01-03 20:11:58,448 [Listener at 0.0.0.0/41231] INFO  server.StorageContainerManager (StorageContainerManager.java:<init>(398)) - 
Container Balancer status:
Key                            Value
Running                        true
Container Balancer Configuration values:
Key                                                Value
Threshold                                          10
Max Datanodes to Involve per Iteration(percent)    20
Max Size to Move per Iteration                     500GB
Max Size Entering Target per Iteration             26GB
Max Size Leaving Source per Iteration              26GB

2023-01-03 20:11:58,448 [Listener at 0.0.0.0/41231] INFO  ha.SCMContext (SCMContext.java:updateSafeModeStatus(228)) - Update SafeModeStatus from SafeModeStatus{safeModeStatus=true, preCheckPassed=false} to SafeModeStatus{safeModeStatus=true, preCheckPassed=false}.
2023-01-03 20:11:58,449 [Listener at 0.0.0.0/41231] INFO  server.StorageContainerManager (StorageContainerManager.java:start(1423)) - StorageContainerLocationProtocol RPC server is listening at /0.0.0.0:41231
2023-01-03 20:11:58,450 [Listener at 0.0.0.0/41231] INFO  ha.SCMRatisServerImpl (SCMRatisServerImpl.java:start(178)) - starting ratis server 0.0.0.0:34327
2023-01-03 20:11:58,451 [764b532c-75ef-4a94-a8cf-477c5db65ad8-impl-thread1] INFO  storage.RaftStorageDirectory (RaftStorageDirectoryImpl.java:analyzeStorage(137)) - The storage directory /home/runner/work/ozone/ozone/hadoop-ozone/integration-test/target/test-dir/MiniOzoneClusterImpl-5d377863-1a9b-4461-8352-60989f5f43d2/scmNode-3/scm-ha/5d377863-1a9b-4461-8352-60989f5f43d2 does not exist. Creating ...
2023-01-03 20:11:58,452 [764b532c-75ef-4a94-a8cf-477c5db65ad8-impl-thread1] INFO  storage.RaftStorageDirectory (RaftStorageDirectoryImpl.java:tryLock(231)) - Lock on /home/runner/work/ozone/ozone/hadoop-ozone/integration-test/target/test-dir/MiniOzoneClusterImpl-5d377863-1a9b-4461-8352-60989f5f43d2/scmNode-3/scm-ha/5d377863-1a9b-4461-8352-60989f5f43d2/in_use.lock acquired by nodename 4388@fv-az426-728
2023-01-03 20:11:58,453 [764b532c-75ef-4a94-a8cf-477c5db65ad8-impl-thread1] INFO  storage.RaftStorage (RaftStorageImpl.java:format(96)) - Storage directory /home/runner/work/ozone/ozone/hadoop-ozone/integration-test/target/test-dir/MiniOzoneClusterImpl-5d377863-1a9b-4461-8352-60989f5f43d2/scmNode-3/scm-ha/5d377863-1a9b-4461-8352-60989f5f43d2 has been successfully formatted.
2023-01-03 20:11:58,454 [764b532c-75ef-4a94-a8cf-477c5db65ad8-impl-thread1] INFO  server.RaftServerConfigKeys (ConfUtils.java:logGet(46)) - raft.server.log.use.memory = false (default)
2023-01-03 20:11:58,454 [764b532c-75ef-4a94-a8cf-477c5db65ad8-impl-thread1] INFO  server.RaftServerConfigKeys (ConfUtils.java:logGet(46)) - raft.server.log.purge.gap = 1000000 (custom)
2023-01-03 20:11:58,454 [764b532c-75ef-4a94-a8cf-477c5db65ad8-impl-thread1] INFO  server.RaftServerConfigKeys (ConfUtils.java:logGet(46)) - raft.server.log.appender.buffer.byte-limit = 33554432 (custom)
2023-01-03 20:11:58,454 [764b532c-75ef-4a94-a8cf-477c5db65ad8-impl-thread1] INFO  server.RaftServerConfigKeys (ConfUtils.java:logGet(46)) - raft.server.log.statemachine.data.read.timeout = 1000ms (default)
2023-01-03 20:11:58,454 [764b532c-75ef-4a94-a8cf-477c5db65ad8-impl-thread1] INFO  server.RaftServerConfigKeys (ConfUtils.java:logGet(46)) - raft.server.log.purge.preservation.log.num = 0 (default)
2023-01-03 20:11:58,454 [764b532c-75ef-4a94-a8cf-477c5db65ad8-impl-thread1] INFO  server.RaftServerConfigKeys (ConfUtils.java:logGet(46)) - raft.server.log.segment.size.max = 4194304 (custom)
2023-01-03 20:11:58,454 [764b532c-75ef-4a94-a8cf-477c5db65ad8-impl-thread1] INFO  server.RaftServerConfigKeys (ConfUtils.java:logGet(46)) - raft.server.log.segment.cache.num.max = 2 (custom)
2023-01-03 20:11:58,454 [764b532c-75ef-4a94-a8cf-477c5db65ad8-impl-thread1] INFO  server.RaftServerConfigKeys (ConfUtils.java:logGet(46)) - raft.server.log.segment.cache.size.max = 200MB (=209715200) (default)
2023-01-03 20:11:58,455 [764b532c-75ef-4a94-a8cf-477c5db65ad8-impl-thread1] INFO  segmented.SegmentedRaftLogWorker (SegmentedRaftLogWorker.java:<init>(189)) - new 764b532c-75ef-4a94-a8cf-477c5db65ad8@group-60989F5F43D2-SegmentedRaftLogWorker for RaftStorageImpl:Storage Directory /home/runner/work/ozone/ozone/hadoop-ozone/integration-test/target/test-dir/MiniOzoneClusterImpl-5d377863-1a9b-4461-8352-60989f5f43d2/scmNode-3/scm-ha/5d377863-1a9b-4461-8352-60989f5f43d2
2023-01-03 20:11:58,455 [764b532c-75ef-4a94-a8cf-477c5db65ad8-impl-thread1] INFO  server.RaftServerConfigKeys (ConfUtils.java:logGet(46)) - raft.server.log.queue.byte-limit = 64MB (=67108864) (default)
2023-01-03 20:11:58,455 [764b532c-75ef-4a94-a8cf-477c5db65ad8-impl-thread1] INFO  server.RaftServerConfigKeys (ConfUtils.java:logGet(46)) - raft.server.log.queue.element-limit = 4096 (default)
2023-01-03 20:11:58,455 [764b532c-75ef-4a94-a8cf-477c5db65ad8-impl-thread1] INFO  server.RaftServerConfigKeys (ConfUtils.java:logGet(46)) - raft.server.log.segment.size.max = 4194304 (custom)
2023-01-03 20:11:58,455 [764b532c-75ef-4a94-a8cf-477c5db65ad8-impl-thread1] INFO  server.RaftServerConfigKeys (ConfUtils.java:logGet(46)) - raft.server.log.preallocated.size = 4194304 (custom)
2023-01-03 20:11:58,455 [764b532c-75ef-4a94-a8cf-477c5db65ad8-impl-thread1] INFO  server.RaftServerConfigKeys (ConfUtils.java:logGet(46)) - raft.server.log.force.sync.num = 128 (default)
2023-01-03 20:11:58,455 [764b532c-75ef-4a94-a8cf-477c5db65ad8-impl-thread1] INFO  server.RaftServerConfigKeys (ConfUtils.java:logGet(46)) - raft.server.log.statemachine.data.sync = true (default)
2023-01-03 20:11:58,455 [764b532c-75ef-4a94-a8cf-477c5db65ad8-impl-thread1] INFO  server.RaftServerConfigKeys (ConfUtils.java:logGet(46)) - raft.server.log.statemachine.data.sync.timeout = 10s (default)
2023-01-03 20:11:58,455 [764b532c-75ef-4a94-a8cf-477c5db65ad8-impl-thread1] INFO  server.RaftServerConfigKeys (ConfUtils.java:logGet(46)) - raft.server.log.statemachine.data.sync.timeout.retry = -1 (default)
2023-01-03 20:11:58,456 [764b532c-75ef-4a94-a8cf-477c5db65ad8-impl-thread1] INFO  server.RaftServerConfigKeys (ConfUtils.java:logGet(46)) - raft.server.log.write.buffer.size = 64KB (=65536) (default)
2023-01-03 20:11:58,456 [764b532c-75ef-4a94-a8cf-477c5db65ad8-impl-thread1] INFO  server.RaftServerConfigKeys (ConfUtils.java:logGet(46)) - raft.server.log.appender.buffer.byte-limit = 33554432 (custom)
2023-01-03 20:11:58,459 [764b532c-75ef-4a94-a8cf-477c5db65ad8-impl-thread1] INFO  server.RaftServerConfigKeys (ConfUtils.java:logGet(46)) - raft.server.log.unsafe-flush.enabled = false (default)
2023-01-03 20:11:58,459 [764b532c-75ef-4a94-a8cf-477c5db65ad8-impl-thread1] INFO  server.RaftServerConfigKeys (ConfUtils.java:logGet(46)) - raft.server.log.async-flush.enabled = false (default)
2023-01-03 20:11:58,459 [764b532c-75ef-4a94-a8cf-477c5db65ad8-impl-thread1] INFO  server.RaftServerConfigKeys (ConfUtils.java:logGet(46)) - raft.server.log.statemachine.data.caching.enabled = false (default)
2023-01-03 20:11:58,459 [764b532c-75ef-4a94-a8cf-477c5db65ad8-impl-thread1] INFO  segmented.SegmentedRaftLogWorker (SegmentedRaftLogWorker.java:lambda$new$0(135)) - 764b532c-75ef-4a94-a8cf-477c5db65ad8@group-60989F5F43D2-SegmentedRaftLogWorker: flushIndex: setUnconditionally 0 -> -1
2023-01-03 20:11:58,459 [764b532c-75ef-4a94-a8cf-477c5db65ad8-impl-thread1] INFO  segmented.SegmentedRaftLogWorker (SegmentedRaftLogWorker.java:lambda$new$0(135)) - 764b532c-75ef-4a94-a8cf-477c5db65ad8@group-60989F5F43D2-SegmentedRaftLogWorker: safeCacheEvictIndex: setUnconditionally 0 -> -1
2023-01-03 20:11:58,459 [764b532c-75ef-4a94-a8cf-477c5db65ad8-impl-thread1] INFO  server.RaftServer$Division (RaftServerImpl.java:start(340)) - 764b532c-75ef-4a94-a8cf-477c5db65ad8@group-60989F5F43D2: start with initializing state, conf=-1: peers:[]|listeners:[], old=null
2023-01-03 20:11:58,459 [764b532c-75ef-4a94-a8cf-477c5db65ad8-impl-thread1] INFO  server.RaftServer$Division (RaftServerImpl.java:setRole(321)) - 764b532c-75ef-4a94-a8cf-477c5db65ad8@group-60989F5F43D2: changes role from      null to FOLLOWER at term 0 for startInitializing
2023-01-03 20:11:58,460 [764b532c-75ef-4a94-a8cf-477c5db65ad8-impl-thread1] INFO  util.JmxRegister (JmxRegister.java:tryRegister(44)) - Successfully registered JMX Bean with object name Ratis:service=RaftServer,group=group-60989F5F43D2,id=764b532c-75ef-4a94-a8cf-477c5db65ad8
2023-01-03 20:11:58,460 [764b532c-75ef-4a94-a8cf-477c5db65ad8-impl-thread1] INFO  server.RaftServerConfigKeys (ConfUtils.java:logGet(46)) - raft.server.snapshot.auto.trigger.enabled = true (custom)
2023-01-03 20:11:58,460 [764b532c-75ef-4a94-a8cf-477c5db65ad8-impl-thread1] INFO  server.RaftServerConfigKeys (ConfUtils.java:logGet(46)) - raft.server.snapshot.auto.trigger.threshold = 1000 (custom)
2023-01-03 20:11:58,460 [764b532c-75ef-4a94-a8cf-477c5db65ad8-impl-thread1] INFO  server.RaftServerConfigKeys (ConfUtils.java:logGet(46)) - raft.server.snapshot.retention.file.num = -1 (default)
2023-01-03 20:11:58,460 [764b532c-75ef-4a94-a8cf-477c5db65ad8-impl-thread1] INFO  server.RaftServerConfigKeys (ConfUtils.java:logGet(46)) - raft.server.log.purge.upto.snapshot.index = false (default)
2023-01-03 20:11:58,462 [Listener at 0.0.0.0/41231] INFO  server.RaftServer (RaftServerProxy.java:startImpl(393)) - 764b532c-75ef-4a94-a8cf-477c5db65ad8: start RPC server
2023-01-03 20:11:58,464 [Listener at 0.0.0.0/41231] INFO  server.GrpcService (GrpcService.java:startImpl(262)) - 764b532c-75ef-4a94-a8cf-477c5db65ad8: GrpcService started, listening on 34327
2023-01-03 20:11:58,466 [JvmPauseMonitor3] INFO  util.JvmPauseMonitor (JvmPauseMonitor.java:run(105)) - JvmPauseMonitor-764b532c-75ef-4a94-a8cf-477c5db65ad8: Started
2023-01-03 20:11:58,466 [Listener at 0.0.0.0/41231] INFO  ha.SCMNodeInfo (SCMNodeInfo.java:getPort(197)) - ConfigKey ozone.scm.client.address is deprecated, For configuring different ports for each SCM use PortConfigKey ozone.scm.client.port appended with serviceId and nodeId
2023-01-03 20:11:58,467 [Listener at 0.0.0.0/41231] INFO  ha.SCMNodeInfo (SCMNodeInfo.java:getPort(197)) - ConfigKey ozone.scm.block.client.address is deprecated, For configuring different ports for each SCM use PortConfigKey ozone.scm.block.client.port appended with serviceId and nodeId
2023-01-03 20:11:58,467 [Listener at 0.0.0.0/41231] INFO  ha.SCMNodeInfo (SCMNodeInfo.java:getPort(197)) - ConfigKey ozone.scm.datanode.address is deprecated, For configuring different ports for each SCM use PortConfigKey ozone.scm.datanode.port appended with serviceId and nodeId
2023-01-03 20:11:58,467 [Listener at 0.0.0.0/41231] INFO  ha.SCMNodeInfo (SCMNodeInfo.java:getPort(197)) - ConfigKey ozone.scm.client.address is deprecated, For configuring different ports for each SCM use PortConfigKey ozone.scm.client.port appended with serviceId and nodeId
2023-01-03 20:11:58,467 [Listener at 0.0.0.0/41231] INFO  ha.SCMNodeInfo (SCMNodeInfo.java:getPort(197)) - ConfigKey ozone.scm.block.client.address is deprecated, For configuring different ports for each SCM use PortConfigKey ozone.scm.block.client.port appended with serviceId and nodeId
2023-01-03 20:11:58,467 [Listener at 0.0.0.0/41231] INFO  ha.SCMNodeInfo (SCMNodeInfo.java:getPort(197)) - ConfigKey ozone.scm.datanode.address is deprecated, For configuring different ports for each SCM use PortConfigKey ozone.scm.datanode.port appended with serviceId and nodeId
2023-01-03 20:11:58,467 [Listener at 0.0.0.0/41231] INFO  proxy.SCMBlockLocationFailoverProxyProvider (SCMBlockLocationFailoverProxyProvider.java:<init>(114)) - Created block location fail-over proxy with 2 nodes: [nodeId=scmNode-2,nodeAddress=/127.0.0.1:42349, nodeId=scmNode-1,nodeAddress=/127.0.0.1:37675]
2023-01-03 20:11:58,472 [IPC Server handler 1 on default port 37675] INFO  ha.SCMRatisServerImpl (SCMRatisServerImpl.java:addSCM(298)) - 6e9a3325-03ae-4586-9a67-d6ae8fc8cb50: Submitting SetConfiguration request to Ratis server with new SCM peers list: [9be5aa81-696f-4a58-a2b4-17a23e6ff6a1|rpc:localhost:42685|priority:0|startupRole:FOLLOWER, 6e9a3325-03ae-4586-9a67-d6ae8fc8cb50|rpc:localhost:45543|admin:|client:|dataStream:|priority:0|startupRole:FOLLOWER, 764b532c-75ef-4a94-a8cf-477c5db65ad8|rpc:localhost:34327|priority:0|startupRole:FOLLOWER]
2023-01-03 20:11:58,472 [IPC Server handler 1 on default port 37675] INFO  server.RaftServer$Division (RaftServerImpl.java:setConfigurationAsync(1112)) - 6e9a3325-03ae-4586-9a67-d6ae8fc8cb50@group-60989F5F43D2: receive setConfiguration SetConfigurationRequest:client-61FB837ABFA7->6e9a3325-03ae-4586-9a67-d6ae8fc8cb50@group-60989F5F43D2, cid=1, seq=0, RW, null, SET_UNCONDITIONALLY, servers:[9be5aa81-696f-4a58-a2b4-17a23e6ff6a1|rpc:localhost:42685|priority:0|startupRole:FOLLOWER, 6e9a3325-03ae-4586-9a67-d6ae8fc8cb50|rpc:localhost:45543|admin:|client:|dataStream:|priority:0|startupRole:FOLLOWER, 764b532c-75ef-4a94-a8cf-477c5db65ad8|rpc:localhost:34327|priority:0|startupRole:FOLLOWER], listeners:[]
2023-01-03 20:11:58,473 [IPC Server handler 1 on default port 37675] INFO  server.RaftServer$Division (LeaderStateImpl.java:startSetConfiguration(368)) - 6e9a3325-03ae-4586-9a67-d6ae8fc8cb50@group-60989F5F43D2-LeaderStateImpl: startSetConfiguration SetConfigurationRequest:client-61FB837ABFA7->6e9a3325-03ae-4586-9a67-d6ae8fc8cb50@group-60989F5F43D2, cid=1, seq=0, RW, null, SET_UNCONDITIONALLY, servers:[9be5aa81-696f-4a58-a2b4-17a23e6ff6a1|rpc:localhost:42685|priority:0|startupRole:FOLLOWER, 6e9a3325-03ae-4586-9a67-d6ae8fc8cb50|rpc:localhost:45543|admin:|client:|dataStream:|priority:0|startupRole:FOLLOWER, 764b532c-75ef-4a94-a8cf-477c5db65ad8|rpc:localhost:34327|priority:0|startupRole:FOLLOWER], listeners:[]
2023-01-03 20:11:58,473 [IPC Server handler 1 on default port 37675] INFO  server.RaftServerConfigKeys (ConfUtils.java:logGet(46)) - raft.server.log.appender.snapshot.chunk.size.max = 16MB (=16777216) (default)
2023-01-03 20:11:58,473 [IPC Server handler 1 on default port 37675] INFO  server.RaftServerConfigKeys (ConfUtils.java:logGet(46)) - raft.server.log.appender.buffer.byte-limit = 33554432 (custom)
2023-01-03 20:11:58,474 [IPC Server handler 1 on default port 37675] INFO  server.RaftServerConfigKeys (ConfUtils.java:logGet(46)) - raft.server.log.appender.buffer.element-limit = 1024 (custom)
2023-01-03 20:11:58,476 [IPC Server handler 1 on default port 37675] INFO  grpc.GrpcConfigKeys (ConfUtils.java:logGet(46)) - raft.grpc.server.leader.outstanding.appends.max = 128 (default)
2023-01-03 20:11:58,477 [IPC Server handler 1 on default port 37675] INFO  server.RaftServerConfigKeys (ConfUtils.java:logGet(46)) - raft.server.rpc.request.timeout = 30000ms (custom)
2023-01-03 20:11:58,477 [IPC Server handler 1 on default port 37675] INFO  server.RaftServerConfigKeys (ConfUtils.java:logGet(46)) - raft.server.log.appender.install.snapshot.enabled = false (custom)
2023-01-03 20:11:58,477 [IPC Server handler 1 on default port 37675] INFO  grpc.GrpcConfigKeys (ConfUtils.java:logGet(46)) - raft.grpc.server.heartbeat.channel = true (default)
2023-01-03 20:11:58,477 [IPC Server handler 1 on default port 37675] INFO  server.RaftServerConfigKeys (ConfUtils.java:logGet(46)) - raft.server.log.appender.wait-time.min = 10ms (default)
2023-01-03 20:11:58,480 [6e9a3325-03ae-4586-9a67-d6ae8fc8cb50@group-60989F5F43D2->764b532c-75ef-4a94-a8cf-477c5db65ad8-GrpcLogAppender-LogAppenderDaemon] INFO  server.GrpcLogAppender (GrpcLogAppender.java:installSnapshot(635)) - 6e9a3325-03ae-4586-9a67-d6ae8fc8cb50@group-60989F5F43D2->764b532c-75ef-4a94-a8cf-477c5db65ad8-GrpcLogAppender: followerNextIndex = 0 but logStartIndex = 0, notify follower to install snapshot-(t:1, i:0)
2023-01-03 20:11:58,481 [6e9a3325-03ae-4586-9a67-d6ae8fc8cb50@group-60989F5F43D2->764b532c-75ef-4a94-a8cf-477c5db65ad8-GrpcLogAppender-LogAppenderDaemon] INFO  server.GrpcLogAppender (GrpcLogAppender.java:installSnapshot(643)) - 6e9a3325-03ae-4586-9a67-d6ae8fc8cb50@group-60989F5F43D2->764b532c-75ef-4a94-a8cf-477c5db65ad8-GrpcLogAppender: send 6e9a3325-03ae-4586-9a67-d6ae8fc8cb50->764b532c-75ef-4a94-a8cf-477c5db65ad8#0-t2,notify:(t:1, i:0)
2023-01-03 20:11:58,481 [6e9a3325-03ae-4586-9a67-d6ae8fc8cb50@group-60989F5F43D2->764b532c-75ef-4a94-a8cf-477c5db65ad8-GrpcLogAppender-LogAppenderDaemon] INFO  server.GrpcServerProtocolClient (GrpcServerProtocolClient.java:<init>(63)) - Build channel for 764b532c-75ef-4a94-a8cf-477c5db65ad8
2023-01-03 20:11:58,495 [grpc-default-executor-2] INFO  impl.SnapshotInstallationHandler (SnapshotInstallationHandler.java:installSnapshot(89)) - 764b532c-75ef-4a94-a8cf-477c5db65ad8@group-60989F5F43D2: receive installSnapshot: 6e9a3325-03ae-4586-9a67-d6ae8fc8cb50->764b532c-75ef-4a94-a8cf-477c5db65ad8#0-t2,notify:(t:1, i:0)
2023-01-03 20:11:58,496 [grpc-default-executor-2] INFO  ha.SCMStateMachine (SCMStateMachine.java:notifyLeaderChanged(255)) - leader changed, yet current SCM is still follower.
2023-01-03 20:11:58,496 [grpc-default-executor-2] INFO  server.RaftServer$Division (ServerState.java:setLeader(313)) - 764b532c-75ef-4a94-a8cf-477c5db65ad8@group-60989F5F43D2: change Leader from null to 6e9a3325-03ae-4586-9a67-d6ae8fc8cb50 at term 2 for installSnapshot, leader elected after 170ms
2023-01-03 20:11:58,496 [grpc-default-executor-2] INFO  impl.SnapshotInstallationHandler (SnapshotInstallationHandler.java:notifyStateMachineToInstallSnapshot(220)) - 764b532c-75ef-4a94-a8cf-477c5db65ad8@group-60989F5F43D2: Received notification to install snapshot at index 0
2023-01-03 20:11:58,496 [grpc-default-executor-2] INFO  impl.SnapshotInstallationHandler (SnapshotInstallationHandler.java:notifyStateMachineToInstallSnapshot(229)) - 764b532c-75ef-4a94-a8cf-477c5db65ad8@group-60989F5F43D2: InstallSnapshot notification result: ALREADY_INSTALLED, current snapshot index: -1
2023-01-03 20:11:58,496 [grpc-default-executor-2] INFO  impl.SnapshotInstallationHandler (SnapshotInstallationHandler.java:installSnapshotImpl(134)) - 764b532c-75ef-4a94-a8cf-477c5db65ad8@group-60989F5F43D2: set new configuration index: 5
configurationEntry {
  peers {
    id: "9be5aa81-696f-4a58-a2b4-17a23e6ff6a1"
    address: "localhost:42685"
    startupRole: FOLLOWER
  }
  peers {
    id: "6e9a3325-03ae-4586-9a67-d6ae8fc8cb50"
    address: "localhost:45543"
    startupRole: FOLLOWER
  }
}
 from snapshot
2023-01-03 20:11:58,497 [grpc-default-executor-2] INFO  server.RaftServer$Division (ServerState.java:setRaftConf(430)) - 764b532c-75ef-4a94-a8cf-477c5db65ad8@group-60989F5F43D2: set configuration 5: peers:[9be5aa81-696f-4a58-a2b4-17a23e6ff6a1|rpc:localhost:42685|admin:|client:|dataStream:|priority:0|startupRole:FOLLOWER, 6e9a3325-03ae-4586-9a67-d6ae8fc8cb50|rpc:localhost:45543|admin:|client:|dataStream:|priority:0|startupRole:FOLLOWER]|listeners:[], old=null
2023-01-03 20:11:58,498 [grpc-default-executor-2] INFO  impl.SnapshotInstallationHandler (SnapshotInstallationHandler.java:installSnapshot(100)) - 764b532c-75ef-4a94-a8cf-477c5db65ad8@group-60989F5F43D2: reply installSnapshot: 6e9a3325-03ae-4586-9a67-d6ae8fc8cb50<-764b532c-75ef-4a94-a8cf-477c5db65ad8#0:OK-t0,ALREADY_INSTALLED
2023-01-03 20:11:58,498 [grpc-default-executor-2] INFO  server.GrpcServerProtocolService (GrpcServerProtocolService.java:onCompleted(143)) - 764b532c-75ef-4a94-a8cf-477c5db65ad8: Completed INSTALL_SNAPSHOT, lastRequest: 6e9a3325-03ae-4586-9a67-d6ae8fc8cb50->764b532c-75ef-4a94-a8cf-477c5db65ad8#0-t2,notify:(t:1, i:0)
2023-01-03 20:11:58,500 [grpc-default-executor-1] INFO  server.GrpcLogAppender (GrpcLogAppender.java:onNext(494)) - 6e9a3325-03ae-4586-9a67-d6ae8fc8cb50@group-60989F5F43D2->764b532c-75ef-4a94-a8cf-477c5db65ad8-InstallSnapshotResponseHandler: received the first reply 6e9a3325-03ae-4586-9a67-d6ae8fc8cb50<-764b532c-75ef-4a94-a8cf-477c5db65ad8#0:OK-t0,ALREADY_INSTALLED
2023-01-03 20:11:58,500 [grpc-default-executor-1] INFO  server.GrpcLogAppender (GrpcLogAppender.java:onNext(517)) - 6e9a3325-03ae-4586-9a67-d6ae8fc8cb50@group-60989F5F43D2->764b532c-75ef-4a94-a8cf-477c5db65ad8-InstallSnapshotResponseHandler: Follower snapshot is already at index 0.
2023-01-03 20:11:58,500 [grpc-default-executor-1] INFO  leader.FollowerInfo (FollowerInfoImpl.java:lambda$new$0(48)) - 6e9a3325-03ae-4586-9a67-d6ae8fc8cb50@group-60989F5F43D2->764b532c-75ef-4a94-a8cf-477c5db65ad8: snapshotIndex: setUnconditionally 0 -> 0
2023-01-03 20:11:58,502 [grpc-default-executor-1] INFO  leader.FollowerInfo (FollowerInfoImpl.java:lambda$new$0(48)) - 6e9a3325-03ae-4586-9a67-d6ae8fc8cb50@group-60989F5F43D2->764b532c-75ef-4a94-a8cf-477c5db65ad8: matchIndex: setUnconditionally 0 -> 0
2023-01-03 20:11:58,502 [grpc-default-executor-1] INFO  leader.FollowerInfo (FollowerInfoImpl.java:lambda$new$0(48)) - 6e9a3325-03ae-4586-9a67-d6ae8fc8cb50@group-60989F5F43D2->764b532c-75ef-4a94-a8cf-477c5db65ad8: nextIndex: setUnconditionally 0 -> 1
2023-01-03 20:11:58,502 [grpc-default-executor-1] INFO  leader.FollowerInfo (FollowerInfoImpl.java:setAttemptedToInstallSnapshot(118)) - Follower 6e9a3325-03ae-4586-9a67-d6ae8fc8cb50@group-60989F5F43D2->764b532c-75ef-4a94-a8cf-477c5db65ad8 acknowledged installing snapshot
2023-01-03 20:11:58,502 [grpc-default-executor-1] INFO  leader.FollowerInfo (FollowerInfoImpl.java:lambda$new$0(48)) - 6e9a3325-03ae-4586-9a67-d6ae8fc8cb50@group-60989F5F43D2->764b532c-75ef-4a94-a8cf-477c5db65ad8: nextIndex: updateToMax old=1, new=1, updated? false
2023-01-03 20:11:58,514 [764b532c-75ef-4a94-a8cf-477c5db65ad8-server-thread1] INFO  impl.RoleInfo (RoleInfo.java:updateAndGet(139)) - 764b532c-75ef-4a94-a8cf-477c5db65ad8: start 764b532c-75ef-4a94-a8cf-477c5db65ad8@group-60989F5F43D2-FollowerState
2023-01-03 20:11:58,515 [764b532c-75ef-4a94-a8cf-477c5db65ad8-server-thread1] INFO  server.RaftServer$Division (RaftServerImpl.java:checkInconsistentAppendEntries(1508)) - 764b532c-75ef-4a94-a8cf-477c5db65ad8@group-60989F5F43D2: Failed appendEntries as previous log entry ((t:1, i:0)) is not found
2023-01-03 20:11:58,515 [764b532c-75ef-4a94-a8cf-477c5db65ad8-server-thread1] INFO  server.RaftServer$Division (RaftServerImpl.java:checkInconsistentAppendEntries(1478)) - 764b532c-75ef-4a94-a8cf-477c5db65ad8@group-60989F5F43D2: inconsistency entries. Reply:6e9a3325-03ae-4586-9a67-d6ae8fc8cb50<-764b532c-75ef-4a94-a8cf-477c5db65ad8#0:FAIL-t2,INCONSISTENCY,nextIndex=0,followerCommit=-1,matchIndex=-1
2023-01-03 20:11:58,517 [grpc-default-executor-2] INFO  leader.FollowerInfo (FollowerInfoImpl.java:lambda$new$0(48)) - 6e9a3325-03ae-4586-9a67-d6ae8fc8cb50@group-60989F5F43D2->764b532c-75ef-4a94-a8cf-477c5db65ad8: nextIndex: updateUnconditionally 1 -> 0
2023-01-03 20:11:58,522 [764b532c-75ef-4a94-a8cf-477c5db65ad8-server-thread1] INFO  server.RaftServer$Division (ServerState.java:setRaftConf(430)) - 764b532c-75ef-4a94-a8cf-477c5db65ad8@group-60989F5F43D2: set configuration 0: peers:[6e9a3325-03ae-4586-9a67-d6ae8fc8cb50|rpc:localhost:45543|admin:|client:|dataStream:|priority:0|startupRole:FOLLOWER]|listeners:[], old=null
2023-01-03 20:11:58,522 [764b532c-75ef-4a94-a8cf-477c5db65ad8-server-thread1] INFO  server.RaftServer$Division (ServerState.java:setRaftConf(430)) - 764b532c-75ef-4a94-a8cf-477c5db65ad8@group-60989F5F43D2: set configuration 1: peers:[6e9a3325-03ae-4586-9a67-d6ae8fc8cb50|rpc:localhost:45543|admin:|client:|dataStream:|priority:0|startupRole:FOLLOWER]|listeners:[], old=null
2023-01-03 20:11:58,522 [764b532c-75ef-4a94-a8cf-477c5db65ad8-server-thread1] INFO  server.RaftServer$Division (ServerState.java:setRaftConf(430)) - 764b532c-75ef-4a94-a8cf-477c5db65ad8@group-60989F5F43D2: set configuration 3: peers:[9be5aa81-696f-4a58-a2b4-17a23e6ff6a1|rpc:localhost:42685|admin:|client:|dataStream:|priority:0|startupRole:FOLLOWER, 6e9a3325-03ae-4586-9a67-d6ae8fc8cb50|rpc:localhost:45543|admin:|client:|dataStream:|priority:0|startupRole:FOLLOWER]|listeners:[], old=peers:[6e9a3325-03ae-4586-9a67-d6ae8fc8cb50|rpc:localhost:45543|admin:|client:|dataStream:|priority:0|startupRole:FOLLOWER]|listeners:[]
2023-01-03 20:11:58,522 [764b532c-75ef-4a94-a8cf-477c5db65ad8-server-thread1] INFO  server.RaftServer$Division (ServerState.java:setRaftConf(430)) - 764b532c-75ef-4a94-a8cf-477c5db65ad8@group-60989F5F43D2: set configuration 5: peers:[9be5aa81-696f-4a58-a2b4-17a23e6ff6a1|rpc:localhost:42685|admin:|client:|dataStream:|priority:0|startupRole:FOLLOWER, 6e9a3325-03ae-4586-9a67-d6ae8fc8cb50|rpc:localhost:45543|admin:|client:|dataStream:|priority:0|startupRole:FOLLOWER]|listeners:[], old=null
2023-01-03 20:11:58,523 [764b532c-75ef-4a94-a8cf-477c5db65ad8-server-thread1] INFO  segmented.SegmentedRaftLogWorker (SegmentedRaftLogWorker.java:startLogSegment(452)) - 764b532c-75ef-4a94-a8cf-477c5db65ad8@group-60989F5F43D2-SegmentedRaftLogWorker: Starting segment from index:0
2023-01-03 20:11:58,527 [764b532c-75ef-4a94-a8cf-477c5db65ad8-server-thread1] INFO  segmented.SegmentedRaftLogWorker (SegmentedRaftLogWorker.java:rollLogSegment(457)) - 764b532c-75ef-4a94-a8cf-477c5db65ad8@group-60989F5F43D2-SegmentedRaftLogWorker: Rolling segment log-0_0 to index:0
2023-01-03 20:11:58,531 [764b532c-75ef-4a94-a8cf-477c5db65ad8@group-60989F5F43D2-SegmentedRaftLogWorker] INFO  segmented.SegmentedRaftLogWorker (SegmentedRaftLogWorker.java:execute(656)) - 764b532c-75ef-4a94-a8cf-477c5db65ad8@group-60989F5F43D2-SegmentedRaftLogWorker: created new log segment /home/runner/work/ozone/ozone/hadoop-ozone/integration-test/target/test-dir/MiniOzoneClusterImpl-5d377863-1a9b-4461-8352-60989f5f43d2/scmNode-3/scm-ha/5d377863-1a9b-4461-8352-60989f5f43d2/current/log_inprogress_0
2023-01-03 20:11:58,533 [764b532c-75ef-4a94-a8cf-477c5db65ad8@group-60989F5F43D2-SegmentedRaftLogWorker] INFO  segmented.SegmentedRaftLogWorker (SegmentedRaftLogWorker.java:execute(613)) - 764b532c-75ef-4a94-a8cf-477c5db65ad8@group-60989F5F43D2-SegmentedRaftLogWorker: Rolled log segment from /home/runner/work/ozone/ozone/hadoop-ozone/integration-test/target/test-dir/MiniOzoneClusterImpl-5d377863-1a9b-4461-8352-60989f5f43d2/scmNode-3/scm-ha/5d377863-1a9b-4461-8352-60989f5f43d2/current/log_inprogress_0 to /home/runner/work/ozone/ozone/hadoop-ozone/integration-test/target/test-dir/MiniOzoneClusterImpl-5d377863-1a9b-4461-8352-60989f5f43d2/scmNode-3/scm-ha/5d377863-1a9b-4461-8352-60989f5f43d2/current/log_0-0
2023-01-03 20:11:58,542 [764b532c-75ef-4a94-a8cf-477c5db65ad8@group-60989F5F43D2-SegmentedRaftLogWorker] INFO  segmented.SegmentedRaftLogWorker (SegmentedRaftLogWorker.java:execute(656)) - 764b532c-75ef-4a94-a8cf-477c5db65ad8@group-60989F5F43D2-SegmentedRaftLogWorker: created new log segment /home/runner/work/ozone/ozone/hadoop-ozone/integration-test/target/test-dir/MiniOzoneClusterImpl-5d377863-1a9b-4461-8352-60989f5f43d2/scmNode-3/scm-ha/5d377863-1a9b-4461-8352-60989f5f43d2/current/log_inprogress_1
2023-01-03 20:11:58,547 [764b532c-75ef-4a94-a8cf-477c5db65ad8@group-60989F5F43D2-StateMachineUpdater] INFO  safemode.HealthyPipelineSafeModeRule (HealthyPipelineSafeModeRule.java:initializeRule(165)) - Refreshed total pipeline count is 0, healthy pipeline threshold count is 1
2023-01-03 20:11:58,548 [764b532c-75ef-4a94-a8cf-477c5db65ad8@group-60989F5F43D2-StateMachineUpdater] INFO  safemode.ContainerSafeModeRule (ContainerSafeModeRule.java:reInitializeRule(177)) - Refreshed one replica container threshold 0, currentThreshold 0
2023-01-03 20:11:58,548 [764b532c-75ef-4a94-a8cf-477c5db65ad8@group-60989F5F43D2-StateMachineUpdater] INFO  safemode.OneReplicaPipelineSafeModeRule (OneReplicaPipelineSafeModeRule.java:initializeRule(176)) - Refreshed Total pipeline count is 0, pipeline's with at least one datanode reported threshold count is 0
2023-01-03 20:11:58,548 [764b532c-75ef-4a94-a8cf-477c5db65ad8@group-60989F5F43D2-StateMachineUpdater] INFO  server.SCMDatanodeProtocolServer (SCMDatanodeProtocolServer.java:start(194)) - ScmDatanodeProtocol RPC server for DataNodes is listening at /0.0.0.0:37883
2023-01-03 20:11:58,550 [IPC Server listener on 37883] INFO  ipc.Server (Server.java:run(1352)) - IPC Server listener on 37883: starting
2023-01-03 20:11:58,554 [IPC Server Responder] INFO  ipc.Server (Server.java:run(1512)) - IPC Server Responder: starting
2023-01-03 20:11:58,554 [6e9a3325-03ae-4586-9a67-d6ae8fc8cb50@group-60989F5F43D2-LeaderStateImpl] INFO  server.RaftServer$Division (ServerState.java:setRaftConf(430)) - 6e9a3325-03ae-4586-9a67-d6ae8fc8cb50@group-60989F5F43D2: set configuration 7: peers:[764b532c-75ef-4a94-a8cf-477c5db65ad8|rpc:localhost:34327|priority:0|startupRole:FOLLOWER, 9be5aa81-696f-4a58-a2b4-17a23e6ff6a1|rpc:localhost:42685|priority:0|startupRole:FOLLOWER, 6e9a3325-03ae-4586-9a67-d6ae8fc8cb50|rpc:localhost:45543|admin:|client:|dataStream:|priority:0|startupRole:FOLLOWER]|listeners:[], old=peers:[9be5aa81-696f-4a58-a2b4-17a23e6ff6a1|rpc:localhost:42685|priority:0|startupRole:FOLLOWER, 6e9a3325-03ae-4586-9a67-d6ae8fc8cb50|rpc:localhost:45543|admin:|client:|dataStream:|priority:0|startupRole:FOLLOWER]|listeners:[]
2023-01-03 20:11:58,557 [9be5aa81-696f-4a58-a2b4-17a23e6ff6a1-server-thread3] INFO  server.RaftServer$Division (ServerState.java:setRaftConf(430)) - 9be5aa81-696f-4a58-a2b4-17a23e6ff6a1@group-60989F5F43D2: set configuration 7: peers:[764b532c-75ef-4a94-a8cf-477c5db65ad8|rpc:localhost:34327|admin:|client:|dataStream:|priority:0|startupRole:FOLLOWER, 9be5aa81-696f-4a58-a2b4-17a23e6ff6a1|rpc:localhost:42685|admin:|client:|dataStream:|priority:0|startupRole:FOLLOWER, 6e9a3325-03ae-4586-9a67-d6ae8fc8cb50|rpc:localhost:45543|admin:|client:|dataStream:|priority:0|startupRole:FOLLOWER]|listeners:[], old=peers:[9be5aa81-696f-4a58-a2b4-17a23e6ff6a1|rpc:localhost:42685|admin:|client:|dataStream:|priority:0|startupRole:FOLLOWER, 6e9a3325-03ae-4586-9a67-d6ae8fc8cb50|rpc:localhost:45543|admin:|client:|dataStream:|priority:0|startupRole:FOLLOWER]|listeners:[]
2023-01-03 20:11:58,557 [764b532c-75ef-4a94-a8cf-477c5db65ad8-server-thread1] INFO  server.RaftServer$Division (ServerState.java:setRaftConf(430)) - 764b532c-75ef-4a94-a8cf-477c5db65ad8@group-60989F5F43D2: set configuration 7: peers:[764b532c-75ef-4a94-a8cf-477c5db65ad8|rpc:localhost:34327|admin:|client:|dataStream:|priority:0|startupRole:FOLLOWER, 9be5aa81-696f-4a58-a2b4-17a23e6ff6a1|rpc:localhost:42685|admin:|client:|dataStream:|priority:0|startupRole:FOLLOWER, 6e9a3325-03ae-4586-9a67-d6ae8fc8cb50|rpc:localhost:45543|admin:|client:|dataStream:|priority:0|startupRole:FOLLOWER]|listeners:[], old=peers:[9be5aa81-696f-4a58-a2b4-17a23e6ff6a1|rpc:localhost:42685|admin:|client:|dataStream:|priority:0|startupRole:FOLLOWER, 6e9a3325-03ae-4586-9a67-d6ae8fc8cb50|rpc:localhost:45543|admin:|client:|dataStream:|priority:0|startupRole:FOLLOWER]|listeners:[]
2023-01-03 20:11:58,562 [6e9a3325-03ae-4586-9a67-d6ae8fc8cb50@group-60989F5F43D2-LeaderStateImpl] INFO  server.RaftServer$Division (ServerState.java:setRaftConf(430)) - 6e9a3325-03ae-4586-9a67-d6ae8fc8cb50@group-60989F5F43D2: set configuration 9: peers:[764b532c-75ef-4a94-a8cf-477c5db65ad8|rpc:localhost:34327|priority:0|startupRole:FOLLOWER, 9be5aa81-696f-4a58-a2b4-17a23e6ff6a1|rpc:localhost:42685|priority:0|startupRole:FOLLOWER, 6e9a3325-03ae-4586-9a67-d6ae8fc8cb50|rpc:localhost:45543|admin:|client:|dataStream:|priority:0|startupRole:FOLLOWER]|listeners:[], old=null
2023-01-03 20:11:58,565 [9be5aa81-696f-4a58-a2b4-17a23e6ff6a1-server-thread3] INFO  server.RaftServer$Division (ServerState.java:setRaftConf(430)) - 9be5aa81-696f-4a58-a2b4-17a23e6ff6a1@group-60989F5F43D2: set configuration 9: peers:[764b532c-75ef-4a94-a8cf-477c5db65ad8|rpc:localhost:34327|admin:|client:|dataStream:|priority:0|startupRole:FOLLOWER, 9be5aa81-696f-4a58-a2b4-17a23e6ff6a1|rpc:localhost:42685|admin:|client:|dataStream:|priority:0|startupRole:FOLLOWER, 6e9a3325-03ae-4586-9a67-d6ae8fc8cb50|rpc:localhost:45543|admin:|client:|dataStream:|priority:0|startupRole:FOLLOWER]|listeners:[], old=null
2023-01-03 20:11:58,564 [764b532c-75ef-4a94-a8cf-477c5db65ad8-server-thread1] INFO  server.RaftServer$Division (ServerState.java:setRaftConf(430)) - 764b532c-75ef-4a94-a8cf-477c5db65ad8@group-60989F5F43D2: set configuration 9: peers:[764b532c-75ef-4a94-a8cf-477c5db65ad8|rpc:localhost:34327|admin:|client:|dataStream:|priority:0|startupRole:FOLLOWER, 9be5aa81-696f-4a58-a2b4-17a23e6ff6a1|rpc:localhost:42685|admin:|client:|dataStream:|priority:0|startupRole:FOLLOWER, 6e9a3325-03ae-4586-9a67-d6ae8fc8cb50|rpc:localhost:45543|admin:|client:|dataStream:|priority:0|startupRole:FOLLOWER]|listeners:[], old=null
2023-01-03 20:11:58,569 [IPC Server handler 1 on default port 37675] INFO  ha.SCMRatisServerImpl (SCMRatisServerImpl.java:addSCM(309)) - Successfully added new SCM: 764b532c-75ef-4a94-a8cf-477c5db65ad8.
2023-01-03 20:11:58,575 [Listener at 0.0.0.0/41231] INFO  ha.SCMHAManagerImpl (SCMHAManagerImpl.java:start(117)) - Successfully added SCM scmNode-3 to group group-60989F5F43D2:[764b532c-75ef-4a94-a8cf-477c5db65ad8|rpc:localhost:34327|admin:|client:|dataStream:|priority:0|startupRole:FOLLOWER, 9be5aa81-696f-4a58-a2b4-17a23e6ff6a1|rpc:localhost:42685|admin:|client:|dataStream:|priority:0|startupRole:FOLLOWER, 6e9a3325-03ae-4586-9a67-d6ae8fc8cb50|rpc:localhost:45543|admin:|client:|dataStream:|priority:0|startupRole:FOLLOWER]
2023-01-03 20:11:58,579 [Listener at 0.0.0.0/41231] INFO  ha.InterSCMGrpcService (InterSCMGrpcProtocolService.java:start(94)) - Starting SCM Grpc Service at port 45779
]]></system-out>
  </testcase>
</testsuite>