<?xml version="1.0" encoding="UTF-8"?>
<testsuite xmlns:xsi="http://www.w3.org/2001/XMLSchema-instance" xsi:noNamespaceSchemaLocation="https://maven.apache.org/surefire/maven-surefire-plugin/xsd/surefire-test-report.xsd" version="3.0.2" name="org.apache.hadoop.ozone.recon.TestReconAndAdminContainerCLI" time="81.317" tests="1" errors="1" skipped="0" failures="0">
  <properties>
    <property name="org.jooq.no-logo" value="true"/>
    <property name="java.specification.version" value="21"/>
    <property name="sun.jnu.encoding" value="UTF-8"/>
    <property name="java.class.path" value="/home/runner/work/ozone/ozone/hadoop-ozone/integration-test-recon/target/test-classes:/home/runner/work/ozone/ozone/hadoop-ozone/integration-test-recon/target/classes:/home/runner/.m2/repository/com/fasterxml/jackson/core/jackson-core/2.16.2/jackson-core-2.16.2.jar:/home/runner/.m2/repository/com/fasterxml/jackson/core/jackson-databind/2.16.2/jackson-databind-2.16.2.jar:/home/runner/.m2/repository/com/fasterxml/jackson/core/jackson-annotations/2.16.2/jackson-annotations-2.16.2.jar:/home/runner/.m2/repository/com/google/guava/guava/33.5.0-jre/guava-33.5.0-jre.jar:/home/runner/.m2/repository/com/google/guava/failureaccess/1.0.3/failureaccess-1.0.3.jar:/home/runner/.m2/repository/com/google/guava/listenablefuture/9999.0-empty-to-avoid-conflict-with-guava/listenablefuture-9999.0-empty-to-avoid-conflict-with-guava.jar:/home/runner/.m2/repository/org/jspecify/jspecify/1.0.0/jspecify-1.0.0.jar:/home/runner/.m2/repository/com/google/errorprone/error_prone_annotations/2.29.2/error_prone_annotations-2.29.2.jar:/home/runner/.m2/repository/com/google/j2objc/j2objc-annotations/3.1/j2objc-annotations-3.1.jar:/home/runner/.m2/repository/commons-io/commons-io/2.18.0/commons-io-2.18.0.jar:/home/runner/.m2/repository/jakarta/ws/rs/jakarta.ws.rs-api/2.1.6/jakarta.ws.rs-api-2.1.6.jar:/home/runner/.m2/repository/org/apache/hadoop/hadoop-common/3.4.2/hadoop-common-3.4.2.jar:/home/runner/.m2/repository/org/apache/hadoop/thirdparty/hadoop-shaded-protobuf_3_25/1.4.0/hadoop-shaded-protobuf_3_25-1.4.0.jar:/home/runner/.m2/repository/org/apache/hadoop/hadoop-annotations/3.4.2/hadoop-annotations-3.4.2.jar:/home/runner/.m2/repository/org/apache/hadoop/thirdparty/hadoop-shaded-guava/1.4.0/hadoop-shaded-guava-1.4.0.jar:/home/runner/.m2/repository/commons-cli/commons-cli/1.8.0/commons-cli-1.8.0.jar:/home/runner/.m2/repository/commons-codec/commons-codec/1.18.0/commons-codec-1.18.0.jar:/home/runner/.m2/repository/commons-net/commons-net/3.11.1/commons-net-3.11.1.jar:/home/runner/.m2/repository/org/apache/commons/commons-collections4/4.4/commons-collections4-4.4.jar:/home/runner/.m2/repository/javax/servlet/javax.servlet-api/3.1.0/javax.servlet-api-3.1.0.jar:/home/runner/.m2/repository/jakarta/activation/jakarta.activation-api/1.2.2/jakarta.activation-api-1.2.2.jar:/home/runner/.m2/repository/org/eclipse/jetty/jetty-server/9.4.58.v20250814/jetty-server-9.4.58.v20250814.jar:/home/runner/.m2/repository/org/eclipse/jetty/jetty-io/9.4.58.v20250814/jetty-io-9.4.58.v20250814.jar:/home/runner/.m2/repository/org/eclipse/jetty/jetty-util/9.4.58.v20250814/jetty-util-9.4.58.v20250814.jar:/home/runner/.m2/repository/org/eclipse/jetty/jetty-servlet/9.4.58.v20250814/jetty-servlet-9.4.58.v20250814.jar:/home/runner/.m2/repository/org/eclipse/jetty/jetty-security/9.4.58.v20250814/jetty-security-9.4.58.v20250814.jar:/home/runner/.m2/repository/org/eclipse/jetty/jetty-util-ajax/9.4.58.v20250814/jetty-util-ajax-9.4.58.v20250814.jar:/home/runner/.m2/repository/org/eclipse/jetty/jetty-webapp/9.4.58.v20250814/jetty-webapp-9.4.58.v20250814.jar:/home/runner/.m2/repository/org/eclipse/jetty/jetty-xml/9.4.58.v20250814/jetty-xml-9.4.58.v20250814.jar:/home/runner/.m2/repository/javax/servlet/jsp/jsp-api/2.1/jsp-api-2.1.jar:/home/runner/.m2/repository/org/codehaus/jettison/jettison/1.5.4/jettison-1.5.4.jar:/home/runner/.m2/repository/org/apache/commons/commons-configuration2/2.12.0/commons-configuration2-2.12.0.jar:/home/runner/.m2/repository/org/apache/commons/commons-lang3/3.18.0/commons-lang3-3.18.0.jar:/home/runner/.m2/repository/org/apache/commons/commons-text/1.13.1/commons-text-1.13.1.jar:/home/runner/.m2/repository/com/google/re2j/re2j/1.7/re2j-1.7.jar:/home/runner/.m2/repository/com/google/code/gson/gson/2.13.1/gson-2.13.1.jar:/home/runner/.m2/repository/org/apache/hadoop/hadoop-auth/3.4.2/hadoop-auth-3.4.2.jar:/home/runner/.m2/repository/com/jcraft/jsch/0.1.55/jsch-0.1.55.jar:/home/runner/.m2/repository/io/netty/netty-handler/4.1.119.Final/netty-handler-4.1.119.Final.jar:/home/runner/.m2/repository/io/netty/netty-resolver/4.1.119.Final/netty-resolver-4.1.119.Final.jar:/home/runner/.m2/repository/io/netty/netty-buffer/4.1.119.Final/netty-buffer-4.1.119.Final.jar:/home/runner/.m2/repository/io/netty/netty-transport-native-unix-common/4.1.119.Final/netty-transport-native-unix-common-4.1.119.Final.jar:/home/runner/.m2/repository/io/netty/netty-codec/4.1.119.Final/netty-codec-4.1.119.Final.jar:/home/runner/.m2/repository/io/netty/netty-transport-native-epoll/4.1.119.Final/netty-transport-native-epoll-4.1.119.Final.jar:/home/runner/.m2/repository/io/netty/netty-transport-classes-epoll/4.1.119.Final/netty-transport-classes-epoll-4.1.119.Final.jar:/home/runner/.m2/repository/io/dropwizard/metrics/metrics-core/3.2.6/metrics-core-3.2.6.jar:/home/runner/.m2/repository/org/apache/commons/commons-compress/1.27.1/commons-compress-1.27.1.jar:/home/runner/.m2/repository/org/bouncycastle/bcprov-jdk18on/1.81/bcprov-jdk18on-1.81.jar:/home/runner/.m2/repository/org/apache/kerby/kerb-core/1.0.1/kerb-core-1.0.1.jar:/home/runner/.m2/repository/org/apache/kerby/kerby-pkix/1.0.1/kerby-pkix-1.0.1.jar:/home/runner/.m2/repository/org/apache/kerby/kerby-asn1/1.0.1/kerby-asn1-1.0.1.jar:/home/runner/.m2/repository/org/codehaus/woodstox/stax2-api/4.2.1/stax2-api-4.2.1.jar:/home/runner/.m2/repository/com/fasterxml/woodstox/woodstox-core/5.4.0/woodstox-core-5.4.0.jar:/home/runner/.m2/repository/dnsjava/dnsjava/3.6.1/dnsjava-3.6.1.jar:/home/runner/.m2/repository/org/apache/hadoop/hadoop-hdfs-client/3.4.2/hadoop-hdfs-client-3.4.2.jar:/home/runner/.m2/repository/org/apache/httpcomponents/httpclient/4.5.14/httpclient-4.5.14.jar:/home/runner/.m2/repository/org/apache/httpcomponents/httpcore/4.4.16/httpcore-4.4.16.jar:/home/runner/work/ozone/ozone/hadoop-hdds/client/target/hdds-client-2.1.0-SNAPSHOT.jar:/home/runner/.m2/repository/jakarta/annotation/jakarta.annotation-api/2.1.1/jakarta.annotation-api-2.1.1.jar:/home/runner/work/ozone/ozone/hadoop-hdds/erasurecode/target/hdds-erasurecode-2.1.0-SNAPSHOT.jar:/home/runner/.m2/repository/org/apache/ratis/ratis-client/3.2.0/ratis-client-3.2.0.jar:/home/runner/.m2/repository/org/apache/ratis/ratis-grpc/3.2.0/ratis-grpc-3.2.0.jar:/home/runner/.m2/repository/org/apache/ratis/ratis-proto/3.2.0/ratis-proto-3.2.0.jar:/home/runner/.m2/repository/org/apache/ratis/ratis-thirdparty-misc/1.0.9/ratis-thirdparty-misc-1.0.9.jar:/home/runner/work/ozone/ozone/hadoop-hdds/common/target/hdds-common-2.1.0-SNAPSHOT.jar:/home/runner/.m2/repository/com/fasterxml/jackson/datatype/jackson-datatype-jsr310/2.16.2/jackson-datatype-jsr310-2.16.2.jar:/home/runner/.m2/repository/com/github/stephenc/jcip/jcip-annotations/1.0-1/jcip-annotations-1.0-1.jar:/home/runner/.m2/repository/com/google/protobuf/protobuf-java/2.5.0/protobuf-java-2.5.0.jar:/home/runner/.m2/repository/commons-validator/commons-validator/1.10.0/commons-validator-1.10.0.jar:/home/runner/.m2/repository/commons-beanutils/commons-beanutils/1.11.0/commons-beanutils-1.11.0.jar:/home/runner/.m2/repository/commons-digester/commons-digester/2.1/commons-digester-2.1.jar:/home/runner/.m2/repository/commons-collections/commons-collections/3.2.2/commons-collections-3.2.2.jar:/home/runner/.m2/repository/info/picocli/picocli/4.7.7/picocli-4.7.7.jar:/home/runner/.m2/repository/io/opentelemetry/opentelemetry-api/1.54.1/opentelemetry-api-1.54.1.jar:/home/runner/.m2/repository/io/opentelemetry/opentelemetry-context/1.54.1/opentelemetry-context-1.54.1.jar:/home/runner/.m2/repository/io/opentelemetry/opentelemetry-common/1.54.1/opentelemetry-common-1.54.1.jar:/home/runner/.m2/repository/io/opentelemetry/opentelemetry-exporter-otlp/1.54.1/opentelemetry-exporter-otlp-1.54.1.jar:/home/runner/.m2/repository/io/opentelemetry/opentelemetry-sdk-metrics/1.54.1/opentelemetry-sdk-metrics-1.54.1.jar:/home/runner/.m2/repository/io/opentelemetry/opentelemetry-sdk-logs/1.54.1/opentelemetry-sdk-logs-1.54.1.jar:/home/runner/.m2/repository/io/opentelemetry/opentelemetry-exporter-otlp-common/1.54.1/opentelemetry-exporter-otlp-common-1.54.1.jar:/home/runner/.m2/repository/io/opentelemetry/opentelemetry-exporter-common/1.54.1/opentelemetry-exporter-common-1.54.1.jar:/home/runner/.m2/repository/io/opentelemetry/opentelemetry-exporter-sender-okhttp/1.54.1/opentelemetry-exporter-sender-okhttp-1.54.1.jar:/home/runner/.m2/repository/com/squareup/okhttp3/okhttp-jvm/5.1.0/okhttp-jvm-5.1.0.jar:/home/runner/.m2/repository/com/squareup/okio/okio-jvm/3.15.0/okio-jvm-3.15.0.jar:/home/runner/.m2/repository/org/jetbrains/kotlin/kotlin-stdlib/1.9.25/kotlin-stdlib-1.9.25.jar:/home/runner/.m2/repository/org/jetbrains/annotations/13.0/annotations-13.0.jar:/home/runner/.m2/repository/io/opentelemetry/opentelemetry-sdk-extension-autoconfigure-spi/1.54.1/opentelemetry-sdk-extension-autoconfigure-spi-1.54.1.jar:/home/runner/.m2/repository/io/opentelemetry/opentelemetry-sdk/1.54.1/opentelemetry-sdk-1.54.1.jar:/home/runner/.m2/repository/io/opentelemetry/opentelemetry-sdk-common/1.54.1/opentelemetry-sdk-common-1.54.1.jar:/home/runner/.m2/repository/io/opentelemetry/opentelemetry-sdk-trace/1.54.1/opentelemetry-sdk-trace-1.54.1.jar:/home/runner/.m2/repository/jakarta/xml/bind/jakarta.xml.bind-api/2.3.3/jakarta.xml.bind-api-2.3.3.jar:/home/runner/work/ozone/ozone/hadoop-hdds/interface-admin/target/hdds-interface-admin-2.1.0-SNAPSHOT.jar:/home/runner/.m2/repository/org/apache/ratis/ratis-netty/3.2.0/ratis-netty-3.2.0.jar:/home/runner/.m2/repository/org/apache/ratis/ratis-server-api/3.2.0/ratis-server-api-3.2.0.jar:/home/runner/.m2/repository/org/bouncycastle/bcpkix-jdk18on/1.81/bcpkix-jdk18on-1.81.jar:/home/runner/.m2/repository/org/bouncycastle/bcutil-jdk18on/1.81/bcutil-jdk18on-1.81.jar:/home/runner/.m2/repository/org/yaml/snakeyaml/2.0/snakeyaml-2.0.jar:/home/runner/.m2/repository/org/apache/ratis/ratis-metrics-dropwizard3/3.2.0/ratis-metrics-dropwizard3-3.2.0.jar:/home/runner/.m2/repository/org/slf4j/jcl-over-slf4j/2.0.17/jcl-over-slf4j-2.0.17.jar:/home/runner/.m2/repository/org/slf4j/slf4j-reload4j/2.0.17/slf4j-reload4j-2.0.17.jar:/home/runner/work/ozone/ozone/hadoop-hdds/common/target/hdds-common-2.1.0-SNAPSHOT-tests.jar:/home/runner/work/ozone/ozone/hadoop-hdds/config/target/hdds-config-2.1.0-SNAPSHOT.jar:/home/runner/work/ozone/ozone/hadoop-hdds/interface-client/target/hdds-interface-client-2.1.0-SNAPSHOT.jar:/home/runner/work/ozone/ozone/hadoop-hdds/framework/target/hdds-server-framework-2.1.0-SNAPSHOT.jar:/home/runner/.m2/repository/ch/qos/reload4j/reload4j/1.2.26/reload4j-1.2.26.jar:/home/runner/.m2/repository/com/github/jnr/jnr-constants/0.10.4/jnr-constants-0.10.4.jar:/home/runner/.m2/repository/com/github/jnr/jnr-posix/3.1.20/jnr-posix-3.1.20.jar:/home/runner/.m2/repository/com/github/jnr/jnr-ffi/2.2.17/jnr-ffi-2.2.17.jar:/home/runner/.m2/repository/com/github/jnr/jffi/1.3.13/jffi-1.3.13.jar:/home/runner/.m2/repository/com/github/jnr/jffi/1.3.13/jffi-1.3.13-native.jar:/home/runner/.m2/repository/org/ow2/asm/asm/9.7.1/asm-9.7.1.jar:/home/runner/.m2/repository/org/ow2/asm/asm-commons/9.7.1/asm-commons-9.7.1.jar:/home/runner/.m2/repository/org/ow2/asm/asm-analysis/9.7.1/asm-analysis-9.7.1.jar:/home/runner/.m2/repository/org/ow2/asm/asm-tree/9.7.1/asm-tree-9.7.1.jar:/home/runner/.m2/repository/org/ow2/asm/asm-util/9.7.1/asm-util-9.7.1.jar:/home/runner/.m2/repository/com/github/jnr/jnr-a64asm/1.0.0/jnr-a64asm-1.0.0.jar:/home/runner/.m2/repository/com/github/jnr/jnr-x86asm/1.0.2/jnr-x86asm-1.0.2.jar:/home/runner/.m2/repository/commons-fileupload/commons-fileupload/1.6.0/commons-fileupload-1.6.0.jar:/home/runner/.m2/repository/io/grpc/grpc-api/1.71.0/grpc-api-1.71.0.jar:/home/runner/.m2/repository/io/prometheus/simpleclient/0.16.0/simpleclient-0.16.0.jar:/home/runner/.m2/repository/io/prometheus/simpleclient_common/0.16.0/simpleclient_common-0.16.0.jar:/home/runner/.m2/repository/io/prometheus/simpleclient_dropwizard/0.16.0/simpleclient_dropwizard-0.16.0.jar:/home/runner/.m2/repository/org/apache/logging/log4j/log4j-api/2.25.0/log4j-api-2.25.0.jar:/home/runner/work/ozone/ozone/hadoop-hdds/interface-server/target/hdds-interface-server-2.1.0-SNAPSHOT.jar:/home/runner/work/ozone/ozone/hadoop-hdds/managed-rocksdb/target/hdds-managed-rocksdb-2.1.0-SNAPSHOT.jar:/home/runner/work/ozone/ozone/hadoop-hdds/rocksdb-checkpoint-differ/target/rocksdb-checkpoint-differ-2.1.0-SNAPSHOT.jar:/home/runner/.m2/repository/org/apache/ratis/ratis-metrics-api/3.2.0/ratis-metrics-api-3.2.0.jar:/home/runner/.m2/repository/org/eclipse/jetty/jetty-http/9.4.58.v20250814/jetty-http-9.4.58.v20250814.jar:/home/runner/.m2/repository/org/glassfish/jersey/containers/jersey-container-servlet-core/2.47/jersey-container-servlet-core-2.47.jar:/home/runner/.m2/repository/org/glassfish/jersey/core/jersey-server/2.47/jersey-server-2.47.jar:/home/runner/.m2/repository/org/glassfish/jersey/core/jersey-client/2.47/jersey-client-2.47.jar:/home/runner/.m2/repository/org/reflections/reflections/0.10.2/reflections-0.10.2.jar:/home/runner/.m2/repository/org/javassist/javassist/3.30.2-GA/javassist-3.30.2-GA.jar:/home/runner/.m2/repository/org/rocksdb/rocksdbjni/7.7.3/rocksdbjni-7.7.3.jar:/home/runner/.m2/repository/com/lmax/disruptor/3.4.4/disruptor-3.4.4.jar:/home/runner/.m2/repository/com/nimbusds/nimbus-jose-jwt/10.4/nimbus-jose-jwt-10.4.jar:/home/runner/.m2/repository/log4j/apache-log4j-extras/1.2.17/apache-log4j-extras-1.2.17.jar:/home/runner/.m2/repository/org/apache/kerby/kerb-util/1.0.1/kerb-util-1.0.1.jar:/home/runner/.m2/repository/org/apache/kerby/kerby-config/1.0.1/kerby-config-1.0.1.jar:/home/runner/.m2/repository/org/apache/kerby/kerb-crypto/1.0.1/kerb-crypto-1.0.1.jar:/home/runner/.m2/repository/org/apache/logging/log4j/log4j-core/2.25.0/log4j-core-2.25.0.jar:/home/runner/.m2/repository/org/xerial/snappy/snappy-java/1.1.10.8/snappy-java-1.1.10.8.jar:/home/runner/work/ozone/ozone/hadoop-hdds/server-scm/target/hdds-server-scm-2.1.0-SNAPSHOT.jar:/home/runner/work/ozone/ozone/hadoop-hdds/container-service/target/hdds-container-service-2.1.0-SNAPSHOT.jar:/home/runner/.m2/repository/org/apache/hadoop/hadoop-hdfs/3.4.2/hadoop-hdfs-3.4.2.jar:/home/runner/.m2/repository/commons-daemon/commons-daemon/1.4.0/commons-daemon-1.4.0.jar:/home/runner/.m2/repository/com/github/luben/zstd-jni/1.5.7-5/zstd-jni-1.5.7-5.jar:/home/runner/.m2/repository/org/glassfish/jaxb/jaxb-runtime/2.3.9/jaxb-runtime-2.3.9.jar:/home/runner/.m2/repository/org/glassfish/jaxb/txw2/2.3.9/txw2-2.3.9.jar:/home/runner/.m2/repository/com/sun/istack/istack-commons-runtime/3.0.12/istack-commons-runtime-3.0.12.jar:/home/runner/.m2/repository/com/sun/activation/jakarta.activation/1.2.2/jakarta.activation-1.2.2.jar:/home/runner/.m2/repository/org/apache/ratis/ratis-server/3.2.0/ratis-server-3.2.0.jar:/home/runner/work/ozone/ozone/hadoop-hdds/server-scm/target/hdds-server-scm-2.1.0-SNAPSHOT-tests.jar:/home/runner/work/ozone/ozone/hadoop-hdds/test-utils/target/hdds-test-utils-2.1.0-SNAPSHOT-tests.jar:/home/runner/work/ozone/ozone/hadoop-ozone/cli-admin/target/ozone-cli-admin-2.1.0-SNAPSHOT.jar:/home/runner/work/ozone/ozone/hadoop-ozone/cli-shell/target/ozone-cli-shell-2.1.0-SNAPSHOT.jar:/home/runner/.m2/repository/info/picocli/picocli-shell-jline3/4.7.7/picocli-shell-jline3-4.7.7.jar:/home/runner/.m2/repository/org/jline/jline/3.30.6/jline-3.30.6.jar:/home/runner/work/ozone/ozone/hadoop-ozone/ozonefs/target/ozone-filesystem-2.1.0-SNAPSHOT.jar:/home/runner/work/ozone/ozone/hadoop-ozone/ozonefs-common/target/ozone-filesystem-common-2.1.0-SNAPSHOT.jar:/home/runner/work/ozone/ozone/hadoop-ozone/interface-client/target/ozone-interface-client-2.1.0-SNAPSHOT.jar:/home/runner/.m2/repository/io/grpc/grpc-protobuf/1.71.0/grpc-protobuf-1.71.0.jar:/home/runner/.m2/repository/com/google/api/grpc/proto-google-common-protos/2.51.0/proto-google-common-protos-2.51.0.jar:/home/runner/.m2/repository/io/grpc/grpc-protobuf-lite/1.71.0/grpc-protobuf-lite-1.71.0.jar:/home/runner/work/ozone/ozone/hadoop-ozone/client/target/ozone-client-2.1.0-SNAPSHOT.jar:/home/runner/work/ozone/ozone/hadoop-ozone/common/target/ozone-common-2.1.0-SNAPSHOT.jar:/home/runner/.m2/repository/io/grpc/grpc-netty/1.71.0/grpc-netty-1.71.0.jar:/home/runner/.m2/repository/org/codehaus/mojo/animal-sniffer-annotations/1.24/animal-sniffer-annotations-1.24.jar:/home/runner/.m2/repository/io/grpc/grpc-core/1.71.0/grpc-core-1.71.0.jar:/home/runner/.m2/repository/com/google/android/annotations/4.1.1.4/annotations-4.1.1.4.jar:/home/runner/.m2/repository/io/grpc/grpc-context/1.71.0/grpc-context-1.71.0.jar:/home/runner/.m2/repository/io/perfmark/perfmark-api/0.27.0/perfmark-api-0.27.0.jar:/home/runner/.m2/repository/io/grpc/grpc-util/1.71.0/grpc-util-1.71.0.jar:/home/runner/.m2/repository/io/netty/netty-common/4.1.119.Final/netty-common-4.1.119.Final.jar:/home/runner/.m2/repository/io/netty/netty-codec-http2/4.1.119.Final/netty-codec-http2-4.1.119.Final.jar:/home/runner/.m2/repository/io/netty/netty-codec-http/4.1.119.Final/netty-codec-http-4.1.119.Final.jar:/home/runner/.m2/repository/io/netty/netty-handler-proxy/4.1.119.Final/netty-handler-proxy-4.1.119.Final.jar:/home/runner/.m2/repository/io/netty/netty-codec-socks/4.1.119.Final/netty-codec-socks-4.1.119.Final.jar:/home/runner/.m2/repository/io/netty/netty-tcnative-boringssl-static/2.0.70.Final/netty-tcnative-boringssl-static-2.0.70.Final.jar:/home/runner/.m2/repository/io/netty/netty-tcnative-classes/2.0.70.Final/netty-tcnative-classes-2.0.70.Final.jar:/home/runner/.m2/repository/io/netty/netty-tcnative-boringssl-static/2.0.70.Final/netty-tcnative-boringssl-static-2.0.70.Final-linux-x86_64.jar:/home/runner/.m2/repository/io/netty/netty-tcnative-boringssl-static/2.0.70.Final/netty-tcnative-boringssl-static-2.0.70.Final-linux-aarch_64.jar:/home/runner/.m2/repository/io/netty/netty-tcnative-boringssl-static/2.0.70.Final/netty-tcnative-boringssl-static-2.0.70.Final-osx-x86_64.jar:/home/runner/.m2/repository/io/netty/netty-tcnative-boringssl-static/2.0.70.Final/netty-tcnative-boringssl-static-2.0.70.Final-osx-aarch_64.jar:/home/runner/.m2/repository/io/netty/netty-tcnative-boringssl-static/2.0.70.Final/netty-tcnative-boringssl-static-2.0.70.Final-windows-x86_64.jar:/home/runner/work/ozone/ozone/hadoop-ozone/integration-test/target/ozone-integration-test-2.1.0-SNAPSHOT-tests.jar:/home/runner/work/ozone/ozone/hadoop-ozone/interface-storage/target/ozone-interface-storage-2.1.0-SNAPSHOT.jar:/home/runner/work/ozone/ozone/hadoop-ozone/ozone-manager/target/ozone-manager-2.1.0-SNAPSHOT.jar:/home/runner/.m2/repository/io/grpc/grpc-stub/1.71.0/grpc-stub-1.71.0.jar:/home/runner/.m2/repository/io/netty/netty-transport/4.1.119.Final/netty-transport-4.1.119.Final.jar:/home/runner/.m2/repository/org/apache/commons/commons-pool2/2.12.1/commons-pool2-2.12.1.jar:/home/runner/.m2/repository/org/apache/kerby/kerby-util/1.0.1/kerby-util-1.0.1.jar:/home/runner/work/ozone/ozone/hadoop-hdds/rocks-native/target/hdds-rocks-native-2.1.0-SNAPSHOT.jar:/home/runner/.m2/repository/org/aspectj/aspectjrt/1.9.24/aspectjrt-1.9.24.jar:/home/runner/work/ozone/ozone/hadoop-ozone/ozone-manager/target/ozone-manager-2.1.0-SNAPSHOT-tests.jar:/home/runner/work/ozone/ozone/hadoop-ozone/mini-cluster/target/ozone-mini-cluster-2.1.0-SNAPSHOT.jar:/home/runner/work/ozone/ozone/hadoop-ozone/recon/target/ozone-recon-2.1.0-SNAPSHOT.jar:/home/runner/.m2/repository/aopalliance/aopalliance/1.0/aopalliance-1.0.jar:/home/runner/.m2/repository/com/google/inject/guice/6.0.0/guice-6.0.0.jar:/home/runner/.m2/repository/jakarta/inject/jakarta.inject-api/2.0.1/jakarta.inject-api-2.0.1.jar:/home/runner/.m2/repository/com/google/inject/extensions/guice-servlet/6.0.0/guice-servlet-6.0.0.jar:/home/runner/.m2/repository/com/jolbox/bonecp/0.8.0.RELEASE/bonecp-0.8.0.RELEASE.jar:/home/runner/.m2/repository/jakarta/validation/jakarta.validation-api/2.0.2/jakarta.validation-api-2.0.2.jar:/home/runner/.m2/repository/javax/annotation/javax.annotation-api/1.3.2/javax.annotation-api-1.3.2.jar:/home/runner/.m2/repository/javax/inject/javax.inject/1/javax.inject-1.jar:/home/runner/.m2/repository/org/apache/derby/derby/10.14.2.0/derby-10.14.2.0.jar:/home/runner/.m2/repository/org/glassfish/hk2/guice-bridge/2.6.1/guice-bridge-2.6.1.jar:/home/runner/.m2/repository/org/glassfish/hk2/hk2-api/2.6.1/hk2-api-2.6.1.jar:/home/runner/.m2/repository/org/glassfish/hk2/hk2-utils/2.6.1/hk2-utils-2.6.1.jar:/home/runner/.m2/repository/org/glassfish/hk2/external/aopalliance-repackaged/2.6.1/aopalliance-repackaged-2.6.1.jar:/home/runner/.m2/repository/org/glassfish/jersey/core/jersey-common/2.47/jersey-common-2.47.jar:/home/runner/.m2/repository/org/glassfish/hk2/osgi-resource-locator/1.0.3/osgi-resource-locator-1.0.3.jar:/home/runner/.m2/repository/org/jooq/jooq/3.11.10/jooq-3.11.10.jar:/home/runner/.m2/repository/org/springframework/spring-core/5.3.39/spring-core-5.3.39.jar:/home/runner/.m2/repository/org/springframework/spring-jdbc/5.3.39/spring-jdbc-5.3.39.jar:/home/runner/.m2/repository/org/springframework/spring-beans/5.3.39/spring-beans-5.3.39.jar:/home/runner/.m2/repository/org/springframework/spring-tx/5.3.39/spring-tx-5.3.39.jar:/home/runner/.m2/repository/org/xerial/sqlite-jdbc/3.50.3.0/sqlite-jdbc-3.50.3.0.jar:/home/runner/.m2/repository/com/google/inject/extensions/guice-assistedinject/6.0.0/guice-assistedinject-6.0.0.jar:/home/runner/.m2/repository/org/glassfish/hk2/external/jakarta.inject/2.6.1/jakarta.inject-2.6.1.jar:/home/runner/.m2/repository/org/glassfish/jersey/inject/jersey-hk2/2.47/jersey-hk2-2.47.jar:/home/runner/.m2/repository/org/glassfish/hk2/hk2-locator/2.6.1/hk2-locator-2.6.1.jar:/home/runner/.m2/repository/org/glassfish/jersey/media/jersey-media-jaxb/2.47/jersey-media-jaxb-2.47.jar:/home/runner/.m2/repository/org/glassfish/jersey/media/jersey-media-json-jackson/2.47/jersey-media-json-jackson-2.47.jar:/home/runner/.m2/repository/org/glassfish/jersey/ext/jersey-entity-filtering/2.47/jersey-entity-filtering-2.47.jar:/home/runner/.m2/repository/com/fasterxml/jackson/module/jackson-module-jaxb-annotations/2.16.2/jackson-module-jaxb-annotations-2.16.2.jar:/home/runner/work/ozone/ozone/hadoop-ozone/recon-codegen/target/ozone-reconcodegen-2.1.0-SNAPSHOT.jar:/home/runner/.m2/repository/org/jooq/jooq-codegen/3.11.10/jooq-codegen-3.11.10.jar:/home/runner/.m2/repository/org/jooq/jooq-meta/3.11.10/jooq-meta-3.11.10.jar:/home/runner/.m2/repository/org/apache/ratis/ratis-common/3.2.0/ratis-common-3.2.0.jar:/home/runner/.m2/repository/org/apache/ratis/ratis-server/3.2.0/ratis-server-3.2.0-tests.jar:/home/runner/.m2/repository/org/slf4j/slf4j-api/2.0.17/slf4j-api-2.0.17.jar:/home/runner/.m2/repository/org/assertj/assertj-core/3.27.6/assertj-core-3.27.6.jar:/home/runner/.m2/repository/net/bytebuddy/byte-buddy/1.17.7/byte-buddy-1.17.7.jar:/home/runner/.m2/repository/org/junit/jupiter/junit-jupiter-api/5.14.0/junit-jupiter-api-5.14.0.jar:/home/runner/.m2/repository/org/opentest4j/opentest4j/1.3.0/opentest4j-1.3.0.jar:/home/runner/.m2/repository/org/junit/platform/junit-platform-commons/1.14.0/junit-platform-commons-1.14.0.jar:/home/runner/.m2/repository/org/apiguardian/apiguardian-api/1.1.2/apiguardian-api-1.1.2.jar:/home/runner/.m2/repository/org/junit/jupiter/junit-jupiter-params/5.14.0/junit-jupiter-params-5.14.0.jar:/home/runner/.m2/repository/org/mockito/mockito-core/4.11.0/mockito-core-4.11.0.jar:/home/runner/.m2/repository/net/bytebuddy/byte-buddy-agent/1.12.19/byte-buddy-agent-1.12.19.jar:/home/runner/.m2/repository/org/objenesis/objenesis/3.3/objenesis-3.3.jar:/home/runner/.m2/repository/org/mockito/mockito-inline/4.11.0/mockito-inline-4.11.0.jar:/home/runner/.m2/repository/org/mockito/mockito-junit-jupiter/4.11.0/mockito-junit-jupiter-4.11.0.jar:/home/runner/work/ozone/ozone/hadoop-ozone/integration-test-recon/target/gradle-enterprise/test-listeners.jar:"/>
    <property name="java.vm.vendor" value="Eclipse Adoptium"/>
    <property name="sun.arch.data.model" value="64"/>
    <property name="test.build.dir" value="/home/runner/work/ozone/ozone/hadoop-ozone/integration-test-recon/target/test-dir"/>
    <property name="test.cache.data" value=""/>
    <property name="java.vendor.url" value="https://adoptium.net/"/>
    <property name="user.timezone" value="Etc/UTC"/>
    <property name="maven-surefire-plugin.argLineAccessArgs" value=" --add-opens java.management/com.sun.jmx.mbeanserver=ALL-UNNAMED --add-exports java.management/com.sun.jmx.mbeanserver=ALL-UNNAMED --add-opens java.base/java.nio=ALL-UNNAMED --add-opens java.base/java.lang=ALL-UNNAMED --add-opens java.base/java.lang.reflect=ALL-UNNAMED"/>
    <property name="java.vm.specification.version" value="21"/>
    <property name="os.name" value="Linux"/>
    <property name="test.build.data" value="/home/runner/work/ozone/ozone/hadoop-ozone/integration-test-recon/target/test-dir"/>
    <property name="sun.java.launcher" value="SUN_STANDARD"/>
    <property name="sun.boot.library.path" value="/usr/lib/jvm/temurin-21-jdk-amd64/lib"/>
    <property name="derby.stream.error.method" value="org.apache.ozone.recon.schema.SqlDbUtils.disableDerbyLogFile"/>
    <property name="sun.java.command" value="/home/runner/work/ozone/ozone/hadoop-ozone/integration-test-recon/target/surefire/surefirebooter-20251007204503110_682.jar /home/runner/work/ozone/ozone/hadoop-ozone/integration-test-recon/target/surefire 2025-10-07T20-33-00_592-jvmRun1 surefire-20251007204503110_680tmp surefire_69-20251007204503110_681tmp"/>
    <property name="jdk.debug" value="release"/>
    <property name="native.lib.tmp.dir" value="/tmp"/>
    <property name="surefire.test.class.path" value="/home/runner/work/ozone/ozone/hadoop-ozone/integration-test-recon/target/test-classes:/home/runner/work/ozone/ozone/hadoop-ozone/integration-test-recon/target/classes:/home/runner/.m2/repository/com/fasterxml/jackson/core/jackson-core/2.16.2/jackson-core-2.16.2.jar:/home/runner/.m2/repository/com/fasterxml/jackson/core/jackson-databind/2.16.2/jackson-databind-2.16.2.jar:/home/runner/.m2/repository/com/fasterxml/jackson/core/jackson-annotations/2.16.2/jackson-annotations-2.16.2.jar:/home/runner/.m2/repository/com/google/guava/guava/33.5.0-jre/guava-33.5.0-jre.jar:/home/runner/.m2/repository/com/google/guava/failureaccess/1.0.3/failureaccess-1.0.3.jar:/home/runner/.m2/repository/com/google/guava/listenablefuture/9999.0-empty-to-avoid-conflict-with-guava/listenablefuture-9999.0-empty-to-avoid-conflict-with-guava.jar:/home/runner/.m2/repository/org/jspecify/jspecify/1.0.0/jspecify-1.0.0.jar:/home/runner/.m2/repository/com/google/errorprone/error_prone_annotations/2.29.2/error_prone_annotations-2.29.2.jar:/home/runner/.m2/repository/com/google/j2objc/j2objc-annotations/3.1/j2objc-annotations-3.1.jar:/home/runner/.m2/repository/commons-io/commons-io/2.18.0/commons-io-2.18.0.jar:/home/runner/.m2/repository/jakarta/ws/rs/jakarta.ws.rs-api/2.1.6/jakarta.ws.rs-api-2.1.6.jar:/home/runner/.m2/repository/org/apache/hadoop/hadoop-common/3.4.2/hadoop-common-3.4.2.jar:/home/runner/.m2/repository/org/apache/hadoop/thirdparty/hadoop-shaded-protobuf_3_25/1.4.0/hadoop-shaded-protobuf_3_25-1.4.0.jar:/home/runner/.m2/repository/org/apache/hadoop/hadoop-annotations/3.4.2/hadoop-annotations-3.4.2.jar:/home/runner/.m2/repository/org/apache/hadoop/thirdparty/hadoop-shaded-guava/1.4.0/hadoop-shaded-guava-1.4.0.jar:/home/runner/.m2/repository/commons-cli/commons-cli/1.8.0/commons-cli-1.8.0.jar:/home/runner/.m2/repository/commons-codec/commons-codec/1.18.0/commons-codec-1.18.0.jar:/home/runner/.m2/repository/commons-net/commons-net/3.11.1/commons-net-3.11.1.jar:/home/runner/.m2/repository/org/apache/commons/commons-collections4/4.4/commons-collections4-4.4.jar:/home/runner/.m2/repository/javax/servlet/javax.servlet-api/3.1.0/javax.servlet-api-3.1.0.jar:/home/runner/.m2/repository/jakarta/activation/jakarta.activation-api/1.2.2/jakarta.activation-api-1.2.2.jar:/home/runner/.m2/repository/org/eclipse/jetty/jetty-server/9.4.58.v20250814/jetty-server-9.4.58.v20250814.jar:/home/runner/.m2/repository/org/eclipse/jetty/jetty-io/9.4.58.v20250814/jetty-io-9.4.58.v20250814.jar:/home/runner/.m2/repository/org/eclipse/jetty/jetty-util/9.4.58.v20250814/jetty-util-9.4.58.v20250814.jar:/home/runner/.m2/repository/org/eclipse/jetty/jetty-servlet/9.4.58.v20250814/jetty-servlet-9.4.58.v20250814.jar:/home/runner/.m2/repository/org/eclipse/jetty/jetty-security/9.4.58.v20250814/jetty-security-9.4.58.v20250814.jar:/home/runner/.m2/repository/org/eclipse/jetty/jetty-util-ajax/9.4.58.v20250814/jetty-util-ajax-9.4.58.v20250814.jar:/home/runner/.m2/repository/org/eclipse/jetty/jetty-webapp/9.4.58.v20250814/jetty-webapp-9.4.58.v20250814.jar:/home/runner/.m2/repository/org/eclipse/jetty/jetty-xml/9.4.58.v20250814/jetty-xml-9.4.58.v20250814.jar:/home/runner/.m2/repository/javax/servlet/jsp/jsp-api/2.1/jsp-api-2.1.jar:/home/runner/.m2/repository/org/codehaus/jettison/jettison/1.5.4/jettison-1.5.4.jar:/home/runner/.m2/repository/org/apache/commons/commons-configuration2/2.12.0/commons-configuration2-2.12.0.jar:/home/runner/.m2/repository/org/apache/commons/commons-lang3/3.18.0/commons-lang3-3.18.0.jar:/home/runner/.m2/repository/org/apache/commons/commons-text/1.13.1/commons-text-1.13.1.jar:/home/runner/.m2/repository/com/google/re2j/re2j/1.7/re2j-1.7.jar:/home/runner/.m2/repository/com/google/code/gson/gson/2.13.1/gson-2.13.1.jar:/home/runner/.m2/repository/org/apache/hadoop/hadoop-auth/3.4.2/hadoop-auth-3.4.2.jar:/home/runner/.m2/repository/com/jcraft/jsch/0.1.55/jsch-0.1.55.jar:/home/runner/.m2/repository/io/netty/netty-handler/4.1.119.Final/netty-handler-4.1.119.Final.jar:/home/runner/.m2/repository/io/netty/netty-resolver/4.1.119.Final/netty-resolver-4.1.119.Final.jar:/home/runner/.m2/repository/io/netty/netty-buffer/4.1.119.Final/netty-buffer-4.1.119.Final.jar:/home/runner/.m2/repository/io/netty/netty-transport-native-unix-common/4.1.119.Final/netty-transport-native-unix-common-4.1.119.Final.jar:/home/runner/.m2/repository/io/netty/netty-codec/4.1.119.Final/netty-codec-4.1.119.Final.jar:/home/runner/.m2/repository/io/netty/netty-transport-native-epoll/4.1.119.Final/netty-transport-native-epoll-4.1.119.Final.jar:/home/runner/.m2/repository/io/netty/netty-transport-classes-epoll/4.1.119.Final/netty-transport-classes-epoll-4.1.119.Final.jar:/home/runner/.m2/repository/io/dropwizard/metrics/metrics-core/3.2.6/metrics-core-3.2.6.jar:/home/runner/.m2/repository/org/apache/commons/commons-compress/1.27.1/commons-compress-1.27.1.jar:/home/runner/.m2/repository/org/bouncycastle/bcprov-jdk18on/1.81/bcprov-jdk18on-1.81.jar:/home/runner/.m2/repository/org/apache/kerby/kerb-core/1.0.1/kerb-core-1.0.1.jar:/home/runner/.m2/repository/org/apache/kerby/kerby-pkix/1.0.1/kerby-pkix-1.0.1.jar:/home/runner/.m2/repository/org/apache/kerby/kerby-asn1/1.0.1/kerby-asn1-1.0.1.jar:/home/runner/.m2/repository/org/codehaus/woodstox/stax2-api/4.2.1/stax2-api-4.2.1.jar:/home/runner/.m2/repository/com/fasterxml/woodstox/woodstox-core/5.4.0/woodstox-core-5.4.0.jar:/home/runner/.m2/repository/dnsjava/dnsjava/3.6.1/dnsjava-3.6.1.jar:/home/runner/.m2/repository/org/apache/hadoop/hadoop-hdfs-client/3.4.2/hadoop-hdfs-client-3.4.2.jar:/home/runner/.m2/repository/org/apache/httpcomponents/httpclient/4.5.14/httpclient-4.5.14.jar:/home/runner/.m2/repository/org/apache/httpcomponents/httpcore/4.4.16/httpcore-4.4.16.jar:/home/runner/work/ozone/ozone/hadoop-hdds/client/target/hdds-client-2.1.0-SNAPSHOT.jar:/home/runner/.m2/repository/jakarta/annotation/jakarta.annotation-api/2.1.1/jakarta.annotation-api-2.1.1.jar:/home/runner/work/ozone/ozone/hadoop-hdds/erasurecode/target/hdds-erasurecode-2.1.0-SNAPSHOT.jar:/home/runner/.m2/repository/org/apache/ratis/ratis-client/3.2.0/ratis-client-3.2.0.jar:/home/runner/.m2/repository/org/apache/ratis/ratis-grpc/3.2.0/ratis-grpc-3.2.0.jar:/home/runner/.m2/repository/org/apache/ratis/ratis-proto/3.2.0/ratis-proto-3.2.0.jar:/home/runner/.m2/repository/org/apache/ratis/ratis-thirdparty-misc/1.0.9/ratis-thirdparty-misc-1.0.9.jar:/home/runner/work/ozone/ozone/hadoop-hdds/common/target/hdds-common-2.1.0-SNAPSHOT.jar:/home/runner/.m2/repository/com/fasterxml/jackson/datatype/jackson-datatype-jsr310/2.16.2/jackson-datatype-jsr310-2.16.2.jar:/home/runner/.m2/repository/com/github/stephenc/jcip/jcip-annotations/1.0-1/jcip-annotations-1.0-1.jar:/home/runner/.m2/repository/com/google/protobuf/protobuf-java/2.5.0/protobuf-java-2.5.0.jar:/home/runner/.m2/repository/commons-validator/commons-validator/1.10.0/commons-validator-1.10.0.jar:/home/runner/.m2/repository/commons-beanutils/commons-beanutils/1.11.0/commons-beanutils-1.11.0.jar:/home/runner/.m2/repository/commons-digester/commons-digester/2.1/commons-digester-2.1.jar:/home/runner/.m2/repository/commons-collections/commons-collections/3.2.2/commons-collections-3.2.2.jar:/home/runner/.m2/repository/info/picocli/picocli/4.7.7/picocli-4.7.7.jar:/home/runner/.m2/repository/io/opentelemetry/opentelemetry-api/1.54.1/opentelemetry-api-1.54.1.jar:/home/runner/.m2/repository/io/opentelemetry/opentelemetry-context/1.54.1/opentelemetry-context-1.54.1.jar:/home/runner/.m2/repository/io/opentelemetry/opentelemetry-common/1.54.1/opentelemetry-common-1.54.1.jar:/home/runner/.m2/repository/io/opentelemetry/opentelemetry-exporter-otlp/1.54.1/opentelemetry-exporter-otlp-1.54.1.jar:/home/runner/.m2/repository/io/opentelemetry/opentelemetry-sdk-metrics/1.54.1/opentelemetry-sdk-metrics-1.54.1.jar:/home/runner/.m2/repository/io/opentelemetry/opentelemetry-sdk-logs/1.54.1/opentelemetry-sdk-logs-1.54.1.jar:/home/runner/.m2/repository/io/opentelemetry/opentelemetry-exporter-otlp-common/1.54.1/opentelemetry-exporter-otlp-common-1.54.1.jar:/home/runner/.m2/repository/io/opentelemetry/opentelemetry-exporter-common/1.54.1/opentelemetry-exporter-common-1.54.1.jar:/home/runner/.m2/repository/io/opentelemetry/opentelemetry-exporter-sender-okhttp/1.54.1/opentelemetry-exporter-sender-okhttp-1.54.1.jar:/home/runner/.m2/repository/com/squareup/okhttp3/okhttp-jvm/5.1.0/okhttp-jvm-5.1.0.jar:/home/runner/.m2/repository/com/squareup/okio/okio-jvm/3.15.0/okio-jvm-3.15.0.jar:/home/runner/.m2/repository/org/jetbrains/kotlin/kotlin-stdlib/1.9.25/kotlin-stdlib-1.9.25.jar:/home/runner/.m2/repository/org/jetbrains/annotations/13.0/annotations-13.0.jar:/home/runner/.m2/repository/io/opentelemetry/opentelemetry-sdk-extension-autoconfigure-spi/1.54.1/opentelemetry-sdk-extension-autoconfigure-spi-1.54.1.jar:/home/runner/.m2/repository/io/opentelemetry/opentelemetry-sdk/1.54.1/opentelemetry-sdk-1.54.1.jar:/home/runner/.m2/repository/io/opentelemetry/opentelemetry-sdk-common/1.54.1/opentelemetry-sdk-common-1.54.1.jar:/home/runner/.m2/repository/io/opentelemetry/opentelemetry-sdk-trace/1.54.1/opentelemetry-sdk-trace-1.54.1.jar:/home/runner/.m2/repository/jakarta/xml/bind/jakarta.xml.bind-api/2.3.3/jakarta.xml.bind-api-2.3.3.jar:/home/runner/work/ozone/ozone/hadoop-hdds/interface-admin/target/hdds-interface-admin-2.1.0-SNAPSHOT.jar:/home/runner/.m2/repository/org/apache/ratis/ratis-netty/3.2.0/ratis-netty-3.2.0.jar:/home/runner/.m2/repository/org/apache/ratis/ratis-server-api/3.2.0/ratis-server-api-3.2.0.jar:/home/runner/.m2/repository/org/bouncycastle/bcpkix-jdk18on/1.81/bcpkix-jdk18on-1.81.jar:/home/runner/.m2/repository/org/bouncycastle/bcutil-jdk18on/1.81/bcutil-jdk18on-1.81.jar:/home/runner/.m2/repository/org/yaml/snakeyaml/2.0/snakeyaml-2.0.jar:/home/runner/.m2/repository/org/apache/ratis/ratis-metrics-dropwizard3/3.2.0/ratis-metrics-dropwizard3-3.2.0.jar:/home/runner/.m2/repository/org/slf4j/jcl-over-slf4j/2.0.17/jcl-over-slf4j-2.0.17.jar:/home/runner/.m2/repository/org/slf4j/slf4j-reload4j/2.0.17/slf4j-reload4j-2.0.17.jar:/home/runner/work/ozone/ozone/hadoop-hdds/common/target/hdds-common-2.1.0-SNAPSHOT-tests.jar:/home/runner/work/ozone/ozone/hadoop-hdds/config/target/hdds-config-2.1.0-SNAPSHOT.jar:/home/runner/work/ozone/ozone/hadoop-hdds/interface-client/target/hdds-interface-client-2.1.0-SNAPSHOT.jar:/home/runner/work/ozone/ozone/hadoop-hdds/framework/target/hdds-server-framework-2.1.0-SNAPSHOT.jar:/home/runner/.m2/repository/ch/qos/reload4j/reload4j/1.2.26/reload4j-1.2.26.jar:/home/runner/.m2/repository/com/github/jnr/jnr-constants/0.10.4/jnr-constants-0.10.4.jar:/home/runner/.m2/repository/com/github/jnr/jnr-posix/3.1.20/jnr-posix-3.1.20.jar:/home/runner/.m2/repository/com/github/jnr/jnr-ffi/2.2.17/jnr-ffi-2.2.17.jar:/home/runner/.m2/repository/com/github/jnr/jffi/1.3.13/jffi-1.3.13.jar:/home/runner/.m2/repository/com/github/jnr/jffi/1.3.13/jffi-1.3.13-native.jar:/home/runner/.m2/repository/org/ow2/asm/asm/9.7.1/asm-9.7.1.jar:/home/runner/.m2/repository/org/ow2/asm/asm-commons/9.7.1/asm-commons-9.7.1.jar:/home/runner/.m2/repository/org/ow2/asm/asm-analysis/9.7.1/asm-analysis-9.7.1.jar:/home/runner/.m2/repository/org/ow2/asm/asm-tree/9.7.1/asm-tree-9.7.1.jar:/home/runner/.m2/repository/org/ow2/asm/asm-util/9.7.1/asm-util-9.7.1.jar:/home/runner/.m2/repository/com/github/jnr/jnr-a64asm/1.0.0/jnr-a64asm-1.0.0.jar:/home/runner/.m2/repository/com/github/jnr/jnr-x86asm/1.0.2/jnr-x86asm-1.0.2.jar:/home/runner/.m2/repository/commons-fileupload/commons-fileupload/1.6.0/commons-fileupload-1.6.0.jar:/home/runner/.m2/repository/io/grpc/grpc-api/1.71.0/grpc-api-1.71.0.jar:/home/runner/.m2/repository/io/prometheus/simpleclient/0.16.0/simpleclient-0.16.0.jar:/home/runner/.m2/repository/io/prometheus/simpleclient_common/0.16.0/simpleclient_common-0.16.0.jar:/home/runner/.m2/repository/io/prometheus/simpleclient_dropwizard/0.16.0/simpleclient_dropwizard-0.16.0.jar:/home/runner/.m2/repository/org/apache/logging/log4j/log4j-api/2.25.0/log4j-api-2.25.0.jar:/home/runner/work/ozone/ozone/hadoop-hdds/interface-server/target/hdds-interface-server-2.1.0-SNAPSHOT.jar:/home/runner/work/ozone/ozone/hadoop-hdds/managed-rocksdb/target/hdds-managed-rocksdb-2.1.0-SNAPSHOT.jar:/home/runner/work/ozone/ozone/hadoop-hdds/rocksdb-checkpoint-differ/target/rocksdb-checkpoint-differ-2.1.0-SNAPSHOT.jar:/home/runner/.m2/repository/org/apache/ratis/ratis-metrics-api/3.2.0/ratis-metrics-api-3.2.0.jar:/home/runner/.m2/repository/org/eclipse/jetty/jetty-http/9.4.58.v20250814/jetty-http-9.4.58.v20250814.jar:/home/runner/.m2/repository/org/glassfish/jersey/containers/jersey-container-servlet-core/2.47/jersey-container-servlet-core-2.47.jar:/home/runner/.m2/repository/org/glassfish/jersey/core/jersey-server/2.47/jersey-server-2.47.jar:/home/runner/.m2/repository/org/glassfish/jersey/core/jersey-client/2.47/jersey-client-2.47.jar:/home/runner/.m2/repository/org/reflections/reflections/0.10.2/reflections-0.10.2.jar:/home/runner/.m2/repository/org/javassist/javassist/3.30.2-GA/javassist-3.30.2-GA.jar:/home/runner/.m2/repository/org/rocksdb/rocksdbjni/7.7.3/rocksdbjni-7.7.3.jar:/home/runner/.m2/repository/com/lmax/disruptor/3.4.4/disruptor-3.4.4.jar:/home/runner/.m2/repository/com/nimbusds/nimbus-jose-jwt/10.4/nimbus-jose-jwt-10.4.jar:/home/runner/.m2/repository/log4j/apache-log4j-extras/1.2.17/apache-log4j-extras-1.2.17.jar:/home/runner/.m2/repository/org/apache/kerby/kerb-util/1.0.1/kerb-util-1.0.1.jar:/home/runner/.m2/repository/org/apache/kerby/kerby-config/1.0.1/kerby-config-1.0.1.jar:/home/runner/.m2/repository/org/apache/kerby/kerb-crypto/1.0.1/kerb-crypto-1.0.1.jar:/home/runner/.m2/repository/org/apache/logging/log4j/log4j-core/2.25.0/log4j-core-2.25.0.jar:/home/runner/.m2/repository/org/xerial/snappy/snappy-java/1.1.10.8/snappy-java-1.1.10.8.jar:/home/runner/work/ozone/ozone/hadoop-hdds/server-scm/target/hdds-server-scm-2.1.0-SNAPSHOT.jar:/home/runner/work/ozone/ozone/hadoop-hdds/container-service/target/hdds-container-service-2.1.0-SNAPSHOT.jar:/home/runner/.m2/repository/org/apache/hadoop/hadoop-hdfs/3.4.2/hadoop-hdfs-3.4.2.jar:/home/runner/.m2/repository/commons-daemon/commons-daemon/1.4.0/commons-daemon-1.4.0.jar:/home/runner/.m2/repository/com/github/luben/zstd-jni/1.5.7-5/zstd-jni-1.5.7-5.jar:/home/runner/.m2/repository/org/glassfish/jaxb/jaxb-runtime/2.3.9/jaxb-runtime-2.3.9.jar:/home/runner/.m2/repository/org/glassfish/jaxb/txw2/2.3.9/txw2-2.3.9.jar:/home/runner/.m2/repository/com/sun/istack/istack-commons-runtime/3.0.12/istack-commons-runtime-3.0.12.jar:/home/runner/.m2/repository/com/sun/activation/jakarta.activation/1.2.2/jakarta.activation-1.2.2.jar:/home/runner/.m2/repository/org/apache/ratis/ratis-server/3.2.0/ratis-server-3.2.0.jar:/home/runner/work/ozone/ozone/hadoop-hdds/server-scm/target/hdds-server-scm-2.1.0-SNAPSHOT-tests.jar:/home/runner/work/ozone/ozone/hadoop-hdds/test-utils/target/hdds-test-utils-2.1.0-SNAPSHOT-tests.jar:/home/runner/work/ozone/ozone/hadoop-ozone/cli-admin/target/ozone-cli-admin-2.1.0-SNAPSHOT.jar:/home/runner/work/ozone/ozone/hadoop-ozone/cli-shell/target/ozone-cli-shell-2.1.0-SNAPSHOT.jar:/home/runner/.m2/repository/info/picocli/picocli-shell-jline3/4.7.7/picocli-shell-jline3-4.7.7.jar:/home/runner/.m2/repository/org/jline/jline/3.30.6/jline-3.30.6.jar:/home/runner/work/ozone/ozone/hadoop-ozone/ozonefs/target/ozone-filesystem-2.1.0-SNAPSHOT.jar:/home/runner/work/ozone/ozone/hadoop-ozone/ozonefs-common/target/ozone-filesystem-common-2.1.0-SNAPSHOT.jar:/home/runner/work/ozone/ozone/hadoop-ozone/interface-client/target/ozone-interface-client-2.1.0-SNAPSHOT.jar:/home/runner/.m2/repository/io/grpc/grpc-protobuf/1.71.0/grpc-protobuf-1.71.0.jar:/home/runner/.m2/repository/com/google/api/grpc/proto-google-common-protos/2.51.0/proto-google-common-protos-2.51.0.jar:/home/runner/.m2/repository/io/grpc/grpc-protobuf-lite/1.71.0/grpc-protobuf-lite-1.71.0.jar:/home/runner/work/ozone/ozone/hadoop-ozone/client/target/ozone-client-2.1.0-SNAPSHOT.jar:/home/runner/work/ozone/ozone/hadoop-ozone/common/target/ozone-common-2.1.0-SNAPSHOT.jar:/home/runner/.m2/repository/io/grpc/grpc-netty/1.71.0/grpc-netty-1.71.0.jar:/home/runner/.m2/repository/org/codehaus/mojo/animal-sniffer-annotations/1.24/animal-sniffer-annotations-1.24.jar:/home/runner/.m2/repository/io/grpc/grpc-core/1.71.0/grpc-core-1.71.0.jar:/home/runner/.m2/repository/com/google/android/annotations/4.1.1.4/annotations-4.1.1.4.jar:/home/runner/.m2/repository/io/grpc/grpc-context/1.71.0/grpc-context-1.71.0.jar:/home/runner/.m2/repository/io/perfmark/perfmark-api/0.27.0/perfmark-api-0.27.0.jar:/home/runner/.m2/repository/io/grpc/grpc-util/1.71.0/grpc-util-1.71.0.jar:/home/runner/.m2/repository/io/netty/netty-common/4.1.119.Final/netty-common-4.1.119.Final.jar:/home/runner/.m2/repository/io/netty/netty-codec-http2/4.1.119.Final/netty-codec-http2-4.1.119.Final.jar:/home/runner/.m2/repository/io/netty/netty-codec-http/4.1.119.Final/netty-codec-http-4.1.119.Final.jar:/home/runner/.m2/repository/io/netty/netty-handler-proxy/4.1.119.Final/netty-handler-proxy-4.1.119.Final.jar:/home/runner/.m2/repository/io/netty/netty-codec-socks/4.1.119.Final/netty-codec-socks-4.1.119.Final.jar:/home/runner/.m2/repository/io/netty/netty-tcnative-boringssl-static/2.0.70.Final/netty-tcnative-boringssl-static-2.0.70.Final.jar:/home/runner/.m2/repository/io/netty/netty-tcnative-classes/2.0.70.Final/netty-tcnative-classes-2.0.70.Final.jar:/home/runner/.m2/repository/io/netty/netty-tcnative-boringssl-static/2.0.70.Final/netty-tcnative-boringssl-static-2.0.70.Final-linux-x86_64.jar:/home/runner/.m2/repository/io/netty/netty-tcnative-boringssl-static/2.0.70.Final/netty-tcnative-boringssl-static-2.0.70.Final-linux-aarch_64.jar:/home/runner/.m2/repository/io/netty/netty-tcnative-boringssl-static/2.0.70.Final/netty-tcnative-boringssl-static-2.0.70.Final-osx-x86_64.jar:/home/runner/.m2/repository/io/netty/netty-tcnative-boringssl-static/2.0.70.Final/netty-tcnative-boringssl-static-2.0.70.Final-osx-aarch_64.jar:/home/runner/.m2/repository/io/netty/netty-tcnative-boringssl-static/2.0.70.Final/netty-tcnative-boringssl-static-2.0.70.Final-windows-x86_64.jar:/home/runner/work/ozone/ozone/hadoop-ozone/integration-test/target/ozone-integration-test-2.1.0-SNAPSHOT-tests.jar:/home/runner/work/ozone/ozone/hadoop-ozone/interface-storage/target/ozone-interface-storage-2.1.0-SNAPSHOT.jar:/home/runner/work/ozone/ozone/hadoop-ozone/ozone-manager/target/ozone-manager-2.1.0-SNAPSHOT.jar:/home/runner/.m2/repository/io/grpc/grpc-stub/1.71.0/grpc-stub-1.71.0.jar:/home/runner/.m2/repository/io/netty/netty-transport/4.1.119.Final/netty-transport-4.1.119.Final.jar:/home/runner/.m2/repository/org/apache/commons/commons-pool2/2.12.1/commons-pool2-2.12.1.jar:/home/runner/.m2/repository/org/apache/kerby/kerby-util/1.0.1/kerby-util-1.0.1.jar:/home/runner/work/ozone/ozone/hadoop-hdds/rocks-native/target/hdds-rocks-native-2.1.0-SNAPSHOT.jar:/home/runner/.m2/repository/org/aspectj/aspectjrt/1.9.24/aspectjrt-1.9.24.jar:/home/runner/work/ozone/ozone/hadoop-ozone/ozone-manager/target/ozone-manager-2.1.0-SNAPSHOT-tests.jar:/home/runner/work/ozone/ozone/hadoop-ozone/mini-cluster/target/ozone-mini-cluster-2.1.0-SNAPSHOT.jar:/home/runner/work/ozone/ozone/hadoop-ozone/recon/target/ozone-recon-2.1.0-SNAPSHOT.jar:/home/runner/.m2/repository/aopalliance/aopalliance/1.0/aopalliance-1.0.jar:/home/runner/.m2/repository/com/google/inject/guice/6.0.0/guice-6.0.0.jar:/home/runner/.m2/repository/jakarta/inject/jakarta.inject-api/2.0.1/jakarta.inject-api-2.0.1.jar:/home/runner/.m2/repository/com/google/inject/extensions/guice-servlet/6.0.0/guice-servlet-6.0.0.jar:/home/runner/.m2/repository/com/jolbox/bonecp/0.8.0.RELEASE/bonecp-0.8.0.RELEASE.jar:/home/runner/.m2/repository/jakarta/validation/jakarta.validation-api/2.0.2/jakarta.validation-api-2.0.2.jar:/home/runner/.m2/repository/javax/annotation/javax.annotation-api/1.3.2/javax.annotation-api-1.3.2.jar:/home/runner/.m2/repository/javax/inject/javax.inject/1/javax.inject-1.jar:/home/runner/.m2/repository/org/apache/derby/derby/10.14.2.0/derby-10.14.2.0.jar:/home/runner/.m2/repository/org/glassfish/hk2/guice-bridge/2.6.1/guice-bridge-2.6.1.jar:/home/runner/.m2/repository/org/glassfish/hk2/hk2-api/2.6.1/hk2-api-2.6.1.jar:/home/runner/.m2/repository/org/glassfish/hk2/hk2-utils/2.6.1/hk2-utils-2.6.1.jar:/home/runner/.m2/repository/org/glassfish/hk2/external/aopalliance-repackaged/2.6.1/aopalliance-repackaged-2.6.1.jar:/home/runner/.m2/repository/org/glassfish/jersey/core/jersey-common/2.47/jersey-common-2.47.jar:/home/runner/.m2/repository/org/glassfish/hk2/osgi-resource-locator/1.0.3/osgi-resource-locator-1.0.3.jar:/home/runner/.m2/repository/org/jooq/jooq/3.11.10/jooq-3.11.10.jar:/home/runner/.m2/repository/org/springframework/spring-core/5.3.39/spring-core-5.3.39.jar:/home/runner/.m2/repository/org/springframework/spring-jdbc/5.3.39/spring-jdbc-5.3.39.jar:/home/runner/.m2/repository/org/springframework/spring-beans/5.3.39/spring-beans-5.3.39.jar:/home/runner/.m2/repository/org/springframework/spring-tx/5.3.39/spring-tx-5.3.39.jar:/home/runner/.m2/repository/org/xerial/sqlite-jdbc/3.50.3.0/sqlite-jdbc-3.50.3.0.jar:/home/runner/.m2/repository/com/google/inject/extensions/guice-assistedinject/6.0.0/guice-assistedinject-6.0.0.jar:/home/runner/.m2/repository/org/glassfish/hk2/external/jakarta.inject/2.6.1/jakarta.inject-2.6.1.jar:/home/runner/.m2/repository/org/glassfish/jersey/inject/jersey-hk2/2.47/jersey-hk2-2.47.jar:/home/runner/.m2/repository/org/glassfish/hk2/hk2-locator/2.6.1/hk2-locator-2.6.1.jar:/home/runner/.m2/repository/org/glassfish/jersey/media/jersey-media-jaxb/2.47/jersey-media-jaxb-2.47.jar:/home/runner/.m2/repository/org/glassfish/jersey/media/jersey-media-json-jackson/2.47/jersey-media-json-jackson-2.47.jar:/home/runner/.m2/repository/org/glassfish/jersey/ext/jersey-entity-filtering/2.47/jersey-entity-filtering-2.47.jar:/home/runner/.m2/repository/com/fasterxml/jackson/module/jackson-module-jaxb-annotations/2.16.2/jackson-module-jaxb-annotations-2.16.2.jar:/home/runner/work/ozone/ozone/hadoop-ozone/recon-codegen/target/ozone-reconcodegen-2.1.0-SNAPSHOT.jar:/home/runner/.m2/repository/org/jooq/jooq-codegen/3.11.10/jooq-codegen-3.11.10.jar:/home/runner/.m2/repository/org/jooq/jooq-meta/3.11.10/jooq-meta-3.11.10.jar:/home/runner/.m2/repository/org/apache/ratis/ratis-common/3.2.0/ratis-common-3.2.0.jar:/home/runner/.m2/repository/org/apache/ratis/ratis-server/3.2.0/ratis-server-3.2.0-tests.jar:/home/runner/.m2/repository/org/slf4j/slf4j-api/2.0.17/slf4j-api-2.0.17.jar:/home/runner/.m2/repository/org/assertj/assertj-core/3.27.6/assertj-core-3.27.6.jar:/home/runner/.m2/repository/net/bytebuddy/byte-buddy/1.17.7/byte-buddy-1.17.7.jar:/home/runner/.m2/repository/org/junit/jupiter/junit-jupiter-api/5.14.0/junit-jupiter-api-5.14.0.jar:/home/runner/.m2/repository/org/opentest4j/opentest4j/1.3.0/opentest4j-1.3.0.jar:/home/runner/.m2/repository/org/junit/platform/junit-platform-commons/1.14.0/junit-platform-commons-1.14.0.jar:/home/runner/.m2/repository/org/apiguardian/apiguardian-api/1.1.2/apiguardian-api-1.1.2.jar:/home/runner/.m2/repository/org/junit/jupiter/junit-jupiter-params/5.14.0/junit-jupiter-params-5.14.0.jar:/home/runner/.m2/repository/org/mockito/mockito-core/4.11.0/mockito-core-4.11.0.jar:/home/runner/.m2/repository/net/bytebuddy/byte-buddy-agent/1.12.19/byte-buddy-agent-1.12.19.jar:/home/runner/.m2/repository/org/objenesis/objenesis/3.3/objenesis-3.3.jar:/home/runner/.m2/repository/org/mockito/mockito-inline/4.11.0/mockito-inline-4.11.0.jar:/home/runner/.m2/repository/org/mockito/mockito-junit-jupiter/4.11.0/mockito-junit-jupiter-4.11.0.jar:/home/runner/work/ozone/ozone/hadoop-ozone/integration-test-recon/target/gradle-enterprise/test-listeners.jar:"/>
    <property name="sun.cpu.endian" value="little"/>
    <property name="user.home" value="/home/runner"/>
    <property name="user.language" value="en"/>
    <property name="java.specification.vendor" value="Oracle Corporation"/>
    <property name="skipRecon" value="true"/>
    <property name="java.version.date" value="2025-07-15"/>
    <property name="java.home" value="/usr/lib/jvm/temurin-21-jdk-amd64"/>
    <property name="java.security.krb5.conf" value="/home/runner/work/ozone/ozone/hadoop-ozone/integration-test-recon/target/test-classes/krb5.conf"/>
    <property name="file.separator" value="/"/>
    <property name="basedir" value="/home/runner/work/ozone/ozone/hadoop-ozone/integration-test-recon"/>
    <property name="java.vm.compressedOopsMode" value="Zero based"/>
    <property name="line.separator" value="&#10;"/>
    <property name="java.vm.specification.vendor" value="Oracle Corporation"/>
    <property name="java.specification.name" value="Java Platform API Specification"/>
    <property name="surefire.real.class.path" value="/home/runner/work/ozone/ozone/hadoop-ozone/integration-test-recon/target/surefire/surefirebooter-20251007204503110_682.jar"/>
    <property name="hadoop.log.dir" value="/home/runner/work/ozone/ozone/hadoop-ozone/integration-test-recon/target/log"/>
    <property name="sun.management.compiler" value="HotSpot 64-Bit Tiered Compilers"/>
    <property name="skipShade" value="true"/>
    <property name="java.runtime.version" value="21.0.8+9-LTS"/>
    <property name="user.name" value="runner"/>
    <property name="java.net.preferIPv4Stack" value="true"/>
    <property name="stdout.encoding" value="UTF-8"/>
    <property name="path.separator" value=":"/>
    <property name="java.security.egd" value="file:///dev/urandom"/>
    <property name="os.version" value="6.11.0-1018-azure"/>
    <property name="java.runtime.name" value="OpenJDK Runtime Environment"/>
    <property name="com.gradle.maven.scan.extension.test.listener.junitplatform.NestedExecutionSafeDelegatingTestExecutionListener" value="7d9d0818"/>
    <property name="file.encoding" value="UTF-8"/>
    <property name="java.vm.name" value="OpenJDK 64-Bit Server VM"/>
    <property name="rocks_tools_native" value="true"/>
    <property name="java.vendor.version" value="Temurin-21.0.8+9"/>
    <property name="test.build.webapps" value=""/>
    <property name="develocity.listener.surefire.forkId" value="1"/>
    <property name="localRepository" value="/home/runner/.m2/repository"/>
    <property name="java.vendor.url.bug" value="https://github.com/adoptium/adoptium-support/issues"/>
    <property name="jetty.git.hash" value="8f1440587e9e4ae7db3d74cf205643f3d707148d"/>
    <property name="java.io.tmpdir" value="/tmp"/>
    <property name="require.test.libhadoop" value=""/>
    <property name="java.version" value="21.0.8"/>
    <property name="user.dir" value="/home/runner/work/ozone/ozone/hadoop-ozone/integration-test-recon"/>
    <property name="os.arch" value="amd64"/>
    <property name="java.vm.specification.name" value="Java Virtual Machine Specification"/>
    <property name="test.build.classes" value="/home/runner/work/ozone/ozone/hadoop-ozone/integration-test-recon/target/test-classes"/>
    <property name="org.apache.ratis.thirdparty.io.netty.allocator.useCacheForAllThreads" value="false"/>
    <property name="native.encoding" value="UTF-8"/>
    <property name="hadoop.tmp.dir" value="/home/runner/work/ozone/ozone/hadoop-ozone/integration-test-recon/target/tmp"/>
    <property name="java.library.path" value="/usr/java/packages/lib:/usr/lib64:/lib64:/lib:/usr/lib"/>
    <property name="java.vm.info" value="mixed mode, sharing"/>
    <property name="stderr.encoding" value="UTF-8"/>
    <property name="java.vendor" value="Eclipse Adoptium"/>
    <property name="java.vm.version" value="21.0.8+9-LTS"/>
    <property name="sun.io.unicode.encoding" value="UnicodeLittle"/>
    <property name="develocity.listener.port" value="42881"/>
    <property name="java.class.version" value="65.0"/>
  </properties>
  <testcase name="testMissingContainer" classname="org.apache.hadoop.ozone.recon.TestReconAndAdminContainerCLI" time="47.548">
    <error message="Timed out waiting for condition. Thread diagnostics:&#10;Timestamp: 2025-10-07 08:52:52,773&#10;&#10;&quot;IPC Client (962379034) connection to 0.0.0.0/0.0.0.0:15002 from runner&quot; daemon prio=5 tid=1242 timed_waiting&#10;java.lang.Thread.State: TIMED_WAITING&#10;        at java.base@21.0.8/java.lang.Object.wait0(Native Method)&#10;        at java.base@21.0.8/java.lang.Object.wait(Object.java:366)&#10;        at app//org.apache.hadoop.ipc.Client$Connection.waitForWork(Client.java:1042)&#10;        at app//org.apache.hadoop.ipc.Client$Connection.run(Client.java:1093)&#10;&quot;SSL Certificates Store Monitor&quot; daemon prio=5 tid=1371 in Object.wait()&#10;java.lang.Thread.State: WAITING (on object monitor)&#10;        at java.base@21.0.8/java.lang.Object.wait0(Native Method)&#10;        at java.base@21.0.8/java.lang.Object.wait(Object.java:366)&#10;        at java.base@21.0.8/java.lang.Object.wait(Object.java:339)&#10;        at java.base@21.0.8/java.util.TimerThread.mainLoop(Timer.java:537)&#10;        at java.base@21.0.8/java.util.TimerThread.run(Timer.java:516)&#10;&quot;7d2db622-5327-4122-ba03-be97b5575303-BlockDeletingService#1&quot; daemon prio=5 tid=977 in Object.wait()&#10;java.lang.Thread.State: WAITING (on object monitor)&#10;        at java.base@21.0.8/jdk.internal.misc.Unsafe.park(Native Method)&#10;        at java.base@21.0.8/java.util.concurrent.locks.LockSupport.park(LockSupport.java:371)&#10;        at java.base@21.0.8/java.util.concurrent.locks.AbstractQueuedSynchronizer$ConditionNode.block(AbstractQueuedSynchronizer.java:519)&#10;        at java.base@21.0.8/java.util.concurrent.ForkJoinPool.unmanagedBlock(ForkJoinPool.java:3780)&#10;        at java.base@21.0.8/java.util.concurrent.ForkJoinPool.managedBlock(ForkJoinPool.java:3725)&#10;        at java.base@21.0.8/java.util.concurrent.locks.AbstractQueuedSynchronizer$ConditionObject.await(AbstractQueuedSynchronizer.java:1712)&#10;        at java.base@21.0.8/java.util.concurrent.ScheduledThreadPoolExecutor$DelayedWorkQueue.take(ScheduledThreadPoolExecutor.java:1177)&#10;        at java.base@21.0.8/java.util.concurrent.ScheduledThreadPoolExecutor$DelayedWorkQueue.take(ScheduledThreadPoolExecutor.java:899)&#10;        at java.base@21.0.8/java.util.concurrent.ThreadPoolExecutor.getTask(ThreadPoolExecutor.java:1070)&#10;        at java.base@21.0.8/java.util.concurrent.ThreadPoolExecutor.runWorker(ThreadPoolExecutor.java:1130)&#10;        at java.base@21.0.8/java.util.concurrent.ThreadPoolExecutor$Worker.run(ThreadPoolExecutor.java:642)&#10;        at java.base@21.0.8/java.lang.Thread.runWith(Thread.java:1596)&#10;        at java.base@21.0.8/java.lang.Thread.run(Thread.java:1583)&#10;&quot;IPC Server handler 89 on default port 15002&quot; daemon prio=5 tid=209 timed_waiting&#10;java.lang.Thread.State: TIMED_WAITING&#10;        at java.base@21.0.8/jdk.internal.misc.Unsafe.park(Native Method)&#10;        at java.base@21.0.8/java.util.concurrent.locks.LockSupport.parkNanos(LockSupport.java:269)&#10;        at java.base@21.0.8/java.util.concurrent.locks.AbstractQueuedSynchronizer$ConditionObject.awaitNanos(AbstractQueuedSynchronizer.java:1763)&#10;        at java.base@21.0.8/java.util.concurrent.LinkedBlockingQueue.poll(LinkedBlockingQueue.java:460)&#10;        at app//org.apache.hadoop.ipc.CallQueueManager.take(CallQueueManager.java:370)&#10;        at app//org.apache.hadoop.ipc.Server$Handler.run(Server.java:3165)&#10;&quot;IPC Server handler 15 on default port 15008&quot; daemon prio=5 tid=507 timed_waiting&#10;java.lang.Thread.State: TIMED_WAITING&#10;        at java.base@21.0.8/jdk.internal.misc.Unsafe.park(Native Method)&#10;        at java.base@21.0.8/java.util.concurrent.locks.LockSupport.parkNanos(LockSupport.java:269)&#10;        at java.base@21.0.8/java.util.concurrent.locks.AbstractQueuedSynchronizer$ConditionObject.awaitNanos(AbstractQueuedSynchronizer.java:1763)&#10;        at java.base@21.0.8/java.util.concurrent.LinkedBlockingQueue.poll(LinkedBlockingQueue.java:460)&#10;        at app//org.apache.hadoop.ipc.CallQueueManager.take(CallQueueManager.java:370)&#10;        at app//org.apache.hadoop.ipc.Server$Handler.run(Server.java:3165)&#10;&quot;fc0351b7-0c71-4a2a-a0ca-337e5c0b1c14-DatanodeReportManager-1&quot; daemon prio=5 tid=876 in Object.wait()&#10;java.lang.Thread.State: WAITING (on object monitor)&#10;        at java.base@21.0.8/jdk.internal.misc.Unsafe.park(Native Method)&#10;        at java.base@21.0.8/java.util.concurrent.locks.LockSupport.park(LockSupport.java:371)&#10;        at java.base@21.0.8/java.util.concurrent.locks.AbstractQueuedSynchronizer$ConditionNode.block(AbstractQueuedSynchronizer.java:519)&#10;        at java.base@21.0.8/java.util.concurrent.ForkJoinPool.unmanagedBlock(ForkJoinPool.java:3780)&#10;        at java.base@21.0.8/java.util.concurrent.ForkJoinPool.managedBlock(ForkJoinPool.java:3725)&#10;        at java.base@21.0.8/java.util.concurrent.locks.AbstractQueuedSynchronizer$ConditionObject.await(AbstractQueuedSynchronizer.java:1712)&#10;        at java.base@21.0.8/java.util.concurrent.ScheduledThreadPoolExecutor$DelayedWorkQueue.take(ScheduledThreadPoolExecutor.java:1177)&#10;        at java.base@21.0.8/java.util.concurrent.ScheduledThreadPoolExecutor$DelayedWorkQueue.take(ScheduledThreadPoolExecutor.java:899)&#10;        at java.base@21.0.8/java.util.concurrent.ThreadPoolExecutor.getTask(ThreadPoolExecutor.java:1070)&#10;        at java.base@21.0.8/java.util.concurrent.ThreadPoolExecutor.runWorker(ThreadPoolExecutor.java:1130)&#10;        at java.base@21.0.8/java.util.concurrent.ThreadPoolExecutor$Worker.run(ThreadPoolExecutor.java:642)&#10;        at java.base@21.0.8/java.lang.Thread.runWith(Thread.java:1596)&#10;        at java.base@21.0.8/java.lang.Thread.run(Thread.java:1583)&#10;&quot;IPC Server handler 42 on default port 15004&quot; daemon prio=5 tid=380 timed_waiting&#10;java.lang.Thread.State: TIMED_WAITING&#10;        at java.base@21.0.8/jdk.internal.misc.Unsafe.park(Native Method)&#10;        at java.base@21.0.8/java.util.concurrent.locks.LockSupport.parkNanos(LockSupport.java:269)&#10;        at java.base@21.0.8/java.util.concurrent.locks.AbstractQueuedSynchronizer$ConditionObject.awaitNanos(AbstractQueuedSynchronizer.java:1763)&#10;        at java.base@21.0.8/java.util.concurrent.LinkedBlockingQueue.poll(LinkedBlockingQueue.java:460)&#10;        at app//org.apache.hadoop.ipc.CallQueueManager.take(CallQueueManager.java:370)&#10;        at app//org.apache.hadoop.ipc.Server$Handler.run(Server.java:3165)&#10;&quot;IPC Server handler 48 on default port 15001&quot; daemon prio=5 tid=606 timed_waiting&#10;java.lang.Thread.State: TIMED_WAITING&#10;        at java.base@21.0.8/jdk.internal.misc.Unsafe.park(Native Method)&#10;        at java.base@21.0.8/java.util.concurrent.locks.LockSupport.parkNanos(LockSupport.java:269)&#10;        at java.base@21.0.8/java.util.concurrent.locks.AbstractQueuedSynchronizer$ConditionObject.awaitNanos(AbstractQueuedSynchronizer.java:1763)&#10;        at java.base@21.0.8/java.util.concurrent.LinkedBlockingQueue.poll(LinkedBlockingQueue.java:460)&#10;        at app//org.apache.hadoop.ipc.CallQueueManager.take(CallQueueManager.java:370)&#10;        at app//org.apache.hadoop.ipc.Server$Handler.run(Server.java:3165)&#10;&quot;IPC Server handler 87 on default port 15002&quot; daemon prio=5 tid=207 timed_waiting&#10;java.lang.Thread.State: TIMED_WAITING&#10;        at java.base@21.0.8/jdk.internal.misc.Unsafe.park(Native Method)&#10;        at java.base@21.0.8/java.util.concurrent.locks.LockSupport.parkNanos(LockSupport.java:269)&#10;        at java.base@21.0.8/java.util.concurrent.locks.AbstractQueuedSynchronizer$ConditionObject.awaitNanos(AbstractQueuedSynchronizer.java:1763)&#10;        at java.base@21.0.8/java.util.concurrent.LinkedBlockingQueue.poll(LinkedBlockingQueue.java:460)&#10;        at app//org.apache.hadoop.ipc.CallQueueManager.take(CallQueueManager.java:370)&#10;        at app//org.apache.hadoop.ipc.Server$Handler.run(Server.java:3165)&#10;&quot;IPC Server handler 16 on default port 15001&quot; daemon prio=5 tid=574 timed_waiting&#10;java.lang.Thread.State: TIMED_WAITING&#10;        at java.base@21.0.8/jdk.internal.misc.Unsafe.park(Native Method)&#10;        at java.base@21.0.8/java.util.concurrent.locks.LockSupport.parkNanos(LockSupport.java:269)&#10;        at java.base@21.0.8/java.util.concurrent.locks.AbstractQueuedSynchronizer$ConditionObject.awaitNanos(AbstractQueuedSynchronizer.java:1763)&#10;        at java.base@21.0.8/java.util.concurrent.LinkedBlockingQueue.poll(LinkedBlockingQueue.java:460)&#10;        at app//org.apache.hadoop.ipc.CallQueueManager.take(CallQueueManager.java:370)&#10;        at app//org.apache.hadoop.ipc.Server$Handler.run(Server.java:3165)&#10;&quot;Recon-EventQueue-StaleNodeForReconStaleNodeHandler&quot; daemon prio=5 tid=1288 in Object.wait()&#10;java.lang.Thread.State: WAITING (on object monitor)&#10;        at java.base@21.0.8/jdk.internal.misc.Unsafe.park(Native Method)&#10;        at java.base@21.0.8/java.util.concurrent.locks.LockSupport.park(LockSupport.java:371)&#10;        at java.base@21.0.8/java.util.concurrent.locks.AbstractQueuedSynchronizer$ConditionNode.block(AbstractQueuedSynchronizer.java:519)&#10;        at java.base@21.0.8/java.util.concurrent.ForkJoinPool.unmanagedBlock(ForkJoinPool.java:3780)&#10;        at java.base@21.0.8/java.util.concurrent.ForkJoinPool.managedBlock(ForkJoinPool.java:3725)&#10;        at java.base@21.0.8/java.util.concurrent.locks.AbstractQueuedSynchronizer$ConditionObject.await(AbstractQueuedSynchronizer.java:1712)&#10;        at java.base@21.0.8/java.util.concurrent.LinkedBlockingQueue.take(LinkedBlockingQueue.java:435)&#10;        at java.base@21.0.8/java.util.concurrent.ThreadPoolExecutor.getTask(ThreadPoolExecutor.java:1070)&#10;        at java.base@21.0.8/java.util.concurrent.ThreadPoolExecutor.runWorker(ThreadPoolExecutor.java:1130)&#10;        at java.base@21.0.8/java.util.concurrent.ThreadPoolExecutor$Worker.run(ThreadPoolExecutor.java:642)&#10;        at java.base@21.0.8/java.lang.Thread.runWith(Thread.java:1596)&#10;        at java.base@21.0.8/java.lang.Thread.run(Thread.java:1583)&#10;&quot;74afb32b-8e70-4799-b16c-dc9602d9dbb6-ChunkWriter-0-0&quot; daemon prio=5 tid=1019 in Object.wait()&#10;java.lang.Thread.State: WAITING (on object monitor)&#10;        at java.base@21.0.8/jdk.internal.misc.Unsafe.park(Native Method)&#10;        at java.base@21.0.8/java.util.concurrent.locks.LockSupport.park(LockSupport.java:371)&#10;        at java.base@21.0.8/java.util.concurrent.locks.AbstractQueuedSynchronizer$ConditionNode.block(AbstractQueuedSynchronizer.java:519)&#10;        at java.base@21.0.8/java.util.concurrent.ForkJoinPool.unmanagedBlock(ForkJoinPool.java:3780)&#10;        at java.base@21.0.8/java.util.concurrent.ForkJoinPool.managedBlock(ForkJoinPool.java:3725)&#10;        at java.base@21.0.8/java.util.concurrent.locks.AbstractQueuedSynchronizer$ConditionObject.await(AbstractQueuedSynchronizer.java:1712)&#10;        at java.base@21.0.8/java.util.concurrent.LinkedBlockingDeque.takeFirst(LinkedBlockingDeque.java:485)&#10;        at java.base@21.0.8/java.util.concurrent.LinkedBlockingDeque.take(LinkedBlockingDeque.java:673)&#10;        at java.base@21.0.8/java.util.concurrent.ThreadPoolExecutor.getTask(ThreadPoolExecutor.java:1070)&#10;        at java.base@21.0.8/java.util.concurrent.ThreadPoolExecutor.runWorker(ThreadPoolExecutor.java:1130)&#10;        at java.base@21.0.8/java.util.concurrent.ThreadPoolExecutor$Worker.run(ThreadPoolExecutor.java:642)&#10;        at java.base@21.0.8/java.lang.Thread.runWith(Thread.java:1596)&#10;        at java.base@21.0.8/java.lang.Thread.run(Thread.java:1583)&#10;&quot;IPC Server handler 46 on default port 15001&quot; daemon prio=5 tid=604 timed_waiting&#10;java.lang.Thread.State: TIMED_WAITING&#10;        at java.base@21.0.8/jdk.internal.misc.Unsafe.park(Native Method)&#10;        at java.base@21.0.8/java.util.concurrent.locks.LockSupport.parkNanos(LockSupport.java:269)&#10;        at java.base@21.0.8/java.util.concurrent.locks.AbstractQueuedSynchronizer$ConditionObject.awaitNanos(AbstractQueuedSynchronizer.java:1763)&#10;        at java.base@21.0.8/java.util.concurrent.LinkedBlockingQueue.poll(LinkedBlockingQueue.java:460)&#10;        at app//org.apache.hadoop.ipc.CallQueueManager.take(CallQueueManager.java:370)&#10;        at app//org.apache.hadoop.ipc.Server$Handler.run(Server.java:3165)&#10;&quot;SSL Certificates Store Monitor&quot; daemon prio=5 tid=1376 in Object.wait()&#10;java.lang.Thread.State: WAITING (on object monitor)&#10;        at java.base@21.0.8/java.lang.Object.wait0(Native Method)&#10;        at java.base@21.0.8/java.lang.Object.wait(Object.java:366)&#10;        at java.base@21.0.8/java.lang.Object.wait(Object.java:339)&#10;        at java.base@21.0.8/java.util.TimerThread.mainLoop(Timer.java:537)&#10;        at java.base@21.0.8/java.util.TimerThread.run(Timer.java:516)&#10;&quot;StaleRecoveringContainerScrubbingService#1&quot; daemon prio=5 tid=1002 in Object.wait()&#10;java.lang.Thread.State: WAITING (on object monitor)&#10;        at java.base@21.0.8/jdk.internal.misc.Unsafe.park(Native Method)&#10;        at java.base@21.0.8/java.util.concurrent.locks.LockSupport.park(LockSupport.java:371)&#10;        at java.base@21.0.8/java.util.concurrent.locks.AbstractQueuedSynchronizer$ConditionNode.block(AbstractQueuedSynchronizer.java:519)&#10;        at java.base@21.0.8/java.util.concurrent.ForkJoinPool.unmanagedBlock(ForkJoinPool.java:3780)&#10;        at java.base@21.0.8/java.util.concurrent.ForkJoinPool.managedBlock(ForkJoinPool.java:3725)&#10;        at java.base@21.0.8/java.util.concurrent.locks.AbstractQueuedSynchronizer$ConditionObject.await(AbstractQueuedSynchronizer.java:1712)&#10;        at java.base@21.0.8/java.util.concurrent.ScheduledThreadPoolExecutor$DelayedWorkQueue.take(ScheduledThreadPoolExecutor.java:1177)&#10;        at java.base@21.0.8/java.util.concurrent.ScheduledThreadPoolExecutor$DelayedWorkQueue.take(ScheduledThreadPoolExecutor.java:899)&#10;        at java.base@21.0.8/java.util.concurrent.ThreadPoolExecutor.getTask(ThreadPoolExecutor.java:1070)&#10;        at java.base@21.0.8/java.util.concurrent.ThreadPoolExecutor.runWorker(ThreadPoolExecutor.java:1130)&#10;        at java.base@21.0.8/java.util.concurrent.ThreadPoolExecutor$Worker.run(ThreadPoolExecutor.java:642)&#10;        at java.base@21.0.8/java.lang.Thread.runWith(Thread.java:1596)&#10;        at java.base@21.0.8/java.lang.Thread.run(Thread.java:1583)&#10;&quot;IPC Server handler 91 on default port 15002&quot; daemon prio=5 tid=211 timed_waiting&#10;java.lang.Thread.State: TIMED_WAITING&#10;        at java.base@21.0.8/jdk.internal.misc.Unsafe.park(Native Method)&#10;        at java.base@21.0.8/java.util.concurrent.locks.LockSupport.parkNanos(LockSupport.java:269)&#10;        at java.base@21.0.8/java.util.concurrent.locks.AbstractQueuedSynchronizer$ConditionObject.awaitNanos(AbstractQueuedSynchronizer.java:1763)&#10;        at java.base@21.0.8/java.util.concurrent.LinkedBlockingQueue.poll(LinkedBlockingQueue.java:460)&#10;        at app//org.apache.hadoop.ipc.CallQueueManager.take(CallQueueManager.java:370)&#10;        at app//org.apache.hadoop.ipc.Server$Handler.run(Server.java:3165)&#10;&quot;IPC Server handler 28 on default port 15003&quot; daemon prio=5 tid=248 timed_waiting&#10;java.lang.Thread.State: TIMED_WAITING&#10;        at java.base@21.0.8/jdk.internal.misc.Unsafe.park(Native Method)&#10;        at java.base@21.0.8/java.util.concurrent.locks.LockSupport.parkNanos(LockSupport.java:269)&#10;        at java.base@21.0.8/java.util.concurrent.locks.AbstractQueuedSynchronizer$ConditionObject.awaitNanos(AbstractQueuedSynchronizer.java:1763)&#10;        at java.base@21.0.8/java.util.concurrent.LinkedBlockingQueue.poll(LinkedBlockingQueue.java:460)&#10;        at app//org.apache.hadoop.ipc.CallQueueManager.take(CallQueueManager.java:370)&#10;        at app//org.apache.hadoop.ipc.Server$Handler.run(Server.java:3165)&#10;&quot;Recon-FixedThreadPoolWithAffinityExecutor-6-0&quot; daemon prio=5 tid=540 timed_waiting&#10;java.lang.Thread.State: TIMED_WAITING&#10;        at java.base@21.0.8/jdk.internal.misc.Unsafe.park(Native Method)&#10;        at java.base@21.0.8/java.util.concurrent.locks.LockSupport.parkNanos(LockSupport.java:269)&#10;        at java.base@21.0.8/java.util.concurrent.locks.AbstractQueuedSynchronizer$ConditionObject.awaitNanos(AbstractQueuedSynchronizer.java:1763)&#10;        at java.base@21.0.8/java.util.concurrent.LinkedBlockingQueue.poll(LinkedBlockingQueue.java:460)&#10;        at app//org.apache.hadoop.hdds.scm.server.ContainerReportQueue.poll(ContainerReportQueue.java:269)&#10;        at app//org.apache.hadoop.hdds.scm.server.ContainerReportQueue.poll(ContainerReportQueue.java:42)&#10;        at app//org.apache.hadoop.hdds.server.events.FixedThreadPoolWithAffinityExecutor$ContainerReportProcessTask.run(FixedThreadPoolWithAffinityExecutor.java:228)&#10;        at java.base@21.0.8/java.util.concurrent.Executors$RunnableAdapter.call(Executors.java:572)&#10;        at java.base@21.0.8/java.util.concurrent.FutureTask.run(FutureTask.java:317)&#10;        at java.base@21.0.8/java.util.concurrent.ThreadPoolExecutor.runWorker(ThreadPoolExecutor.java:1144)&#10;        at java.base@21.0.8/java.util.concurrent.ThreadPoolExecutor$Worker.run(ThreadPoolExecutor.java:642)&#10;        at java.base@21.0.8/java.lang.Thread.runWith(Thread.java:1596)&#10;        at java.base@21.0.8/java.lang.Thread.run(Thread.java:1583)&#10;&quot;IPC Server handler 13 on default port 15008&quot; daemon prio=5 tid=505 timed_waiting&#10;java.lang.Thread.State: TIMED_WAITING&#10;        at java.base@21.0.8/jdk.internal.misc.Unsafe.park(Native Method)&#10;        at java.base@21.0.8/java.util.concurrent.locks.LockSupport.parkNanos(LockSupport.java:269)&#10;        at java.base@21.0.8/java.util.concurrent.locks.AbstractQueuedSynchronizer$ConditionObject.awaitNanos(AbstractQueuedSynchronizer.java:1763)&#10;        at java.base@21.0.8/java.util.concurrent.LinkedBlockingQueue.poll(LinkedBlockingQueue.java:460)&#10;        at app//org.apache.hadoop.ipc.CallQueueManager.take(CallQueueManager.java:370)&#10;        at app//org.apache.hadoop.ipc.Server$Handler.run(Server.java:3165)&#10;&quot;7d2db622-5327-4122-ba03-be97b5575303-RocksDBCompactionThread-0&quot;  prio=5 tid=759 timed_waiting&#10;java.lang.Thread.State: TIMED_WAITING&#10;        at java.base@21.0.8/jdk.internal.misc.Unsafe.park(Native Method)&#10;        at java.base@21.0.8/java.util.concurrent.locks.LockSupport.parkNanos(LockSupport.java:269)&#10;        at java.base@21.0.8/java.util.concurrent.locks.AbstractQueuedSynchronizer$ConditionObject.awaitNanos(AbstractQueuedSynchronizer.java:1763)&#10;        at java.base@21.0.8/java.util.concurrent.ScheduledThreadPoolExecutor$DelayedWorkQueue.take(ScheduledThreadPoolExecutor.java:1182)&#10;        at java.base@21.0.8/java.util.concurrent.ScheduledThreadPoolExecutor$DelayedWorkQueue.take(ScheduledThreadPoolExecutor.java:899)&#10;        at java.base@21.0.8/java.util.concurrent.ThreadPoolExecutor.getTask(ThreadPoolExecutor.java:1070)&#10;        at java.base@21.0.8/java.util.concurrent.ThreadPoolExecutor.runWorker(ThreadPoolExecutor.java:1130)&#10;        at java.base@21.0.8/java.util.concurrent.ThreadPoolExecutor$Worker.run(ThreadPoolExecutor.java:642)&#10;        at java.base@21.0.8/java.lang.Thread.runWith(Thread.java:1596)&#10;        at java.base@21.0.8/java.lang.Thread.run(Thread.java:1583)&#10;&quot;org.apache.hadoop.ozone.container.common.statemachine.commandhandler.DeleteBlocksCommandHandler$DeleteCmdWorker@51d7d16f&quot; daemon prio=5 tid=762 timed_waiting&#10;java.lang.Thread.State: TIMED_WAITING&#10;        at java.base@21.0.8/java.lang.Thread.sleep0(Native Method)&#10;        at java.base@21.0.8/java.lang.Thread.sleep(Thread.java:509)&#10;        at app//org.apache.hadoop.ozone.container.common.statemachine.commandhandler.DeleteBlocksCommandHandler$DeleteCmdWorker.run(DeleteBlocksCommandHandler.java:260)&#10;        at java.base@21.0.8/java.lang.Thread.runWith(Thread.java:1596)&#10;        at java.base@21.0.8/java.lang.Thread.run(Thread.java:1583)&#10;&quot;EventQueue-PipelineReportForPipelineReportHandler&quot; daemon prio=5 tid=963 in Object.wait()&#10;java.lang.Thread.State: WAITING (on object monitor)&#10;        at java.base@21.0.8/jdk.internal.misc.Unsafe.park(Native Method)&#10;        at java.base@21.0.8/java.util.concurrent.locks.LockSupport.park(LockSupport.java:371)&#10;        at java.base@21.0.8/java.util.concurrent.locks.AbstractQueuedSynchronizer$ConditionNode.block(AbstractQueuedSynchronizer.java:519)&#10;        at java.base@21.0.8/java.util.concurrent.ForkJoinPool.unmanagedBlock(ForkJoinPool.java:3780)&#10;        at java.base@21.0.8/java.util.concurrent.ForkJoinPool.managedBlock(ForkJoinPool.java:3725)&#10;        at java.base@21.0.8/java.util.concurrent.locks.AbstractQueuedSynchronizer$ConditionObject.await(AbstractQueuedSynchronizer.java:1712)&#10;        at java.base@21.0.8/java.util.concurrent.LinkedBlockingQueue.take(LinkedBlockingQueue.java:435)&#10;        at java.base@21.0.8/java.util.concurrent.ThreadPoolExecutor.getTask(ThreadPoolExecutor.java:1070)&#10;        at java.base@21.0.8/java.util.concurrent.ThreadPoolExecutor.runWorker(ThreadPoolExecutor.java:1130)&#10;        at java.base@21.0.8/java.util.concurrent.ThreadPoolExecutor$Worker.run(ThreadPoolExecutor.java:642)&#10;        at java.base@21.0.8/java.lang.Thread.runWith(Thread.java:1596)&#10;        at java.base@21.0.8/java.lang.Thread.run(Thread.java:1583)&#10;&quot;7d2db622-5327-4122-ba03-be97b5575303-ChunkWriter-2-0&quot; daemon prio=5 tid=971 in Object.wait()&#10;java.lang.Thread.State: WAITING (on object monitor)&#10;        at java.base@21.0.8/jdk.internal.misc.Unsafe.park(Native Method)&#10;        at java.base@21.0.8/java.util.concurrent.locks.LockSupport.park(LockSupport.java:371)&#10;        at java.base@21.0.8/java.util.concurrent.locks.AbstractQueuedSynchronizer$ConditionNode.block(AbstractQueuedSynchronizer.java:519)&#10;        at java.base@21.0.8/java.util.concurrent.ForkJoinPool.unmanagedBlock(ForkJoinPool.java:3780)&#10;        at java.base@21.0.8/java.util.concurrent.ForkJoinPool.managedBlock(ForkJoinPool.java:3725)&#10;        at java.base@21.0.8/java.util.concurrent.locks.AbstractQueuedSynchronizer$ConditionObject.await(AbstractQueuedSynchronizer.java:1712)&#10;        at java.base@21.0.8/java.util.concurrent.LinkedBlockingDeque.takeFirst(LinkedBlockingDeque.java:485)&#10;        at java.base@21.0.8/java.util.concurrent.LinkedBlockingDeque.take(LinkedBlockingDeque.java:673)&#10;        at java.base@21.0.8/java.util.concurrent.ThreadPoolExecutor.getTask(ThreadPoolExecutor.java:1070)&#10;        at java.base@21.0.8/java.util.concurrent.ThreadPoolExecutor.runWorker(ThreadPoolExecutor.java:1130)&#10;        at java.base@21.0.8/java.util.concurrent.ThreadPoolExecutor$Worker.run(ThreadPoolExecutor.java:642)&#10;        at java.base@21.0.8/java.lang.Thread.runWith(Thread.java:1596)&#10;        at java.base@21.0.8/java.lang.Thread.run(Thread.java:1583)&#10;&quot;IPC Server handler 17 on default port 15003&quot; daemon prio=5 tid=237 timed_waiting&#10;java.lang.Thread.State: TIMED_WAITING&#10;        at java.base@21.0.8/jdk.internal.misc.Unsafe.park(Native Method)&#10;        at java.base@21.0.8/java.util.concurrent.locks.LockSupport.parkNanos(LockSupport.java:269)&#10;        at java.base@21.0.8/java.util.concurrent.locks.AbstractQueuedSynchronizer$ConditionObject.awaitNanos(AbstractQueuedSynchronizer.java:1763)&#10;        at java.base@21.0.8/java.util.concurrent.LinkedBlockingQueue.poll(LinkedBlockingQueue.java:460)&#10;        at app//org.apache.hadoop.ipc.CallQueueManager.take(CallQueueManager.java:370)&#10;        at app//org.apache.hadoop.ipc.Server$Handler.run(Server.java:3165)&#10;&quot;IPC Server handler 69 on default port 15001&quot; daemon prio=5 tid=627 timed_waiting&#10;java.lang.Thread.State: TIMED_WAITING&#10;        at java.base@21.0.8/jdk.internal.misc.Unsafe.park(Native Method)&#10;        at java.base@21.0.8/java.util.concurrent.locks.LockSupport.parkNanos(LockSupport.java:269)&#10;        at java.base@21.0.8/java.util.concurrent.locks.AbstractQueuedSynchronizer$ConditionObject.awaitNanos(AbstractQueuedSynchronizer.java:1763)&#10;        at java.base@21.0.8/java.util.concurrent.LinkedBlockingQueue.poll(LinkedBlockingQueue.java:460)&#10;        at app//org.apache.hadoop.ipc.CallQueueManager.take(CallQueueManager.java:370)&#10;        at app//org.apache.hadoop.ipc.Server$Handler.run(Server.java:3165)&#10;&quot;fc0351b7-0c71-4a2a-a0ca-337e5c0b1c14-CreatePipelineCommandHandlerThread-0&quot;  prio=5 tid=1086 in Object.wait()&#10;java.lang.Thread.State: WAITING (on object monitor)&#10;        at java.base@21.0.8/jdk.internal.misc.Unsafe.park(Native Method)&#10;        at java.base@21.0.8/java.util.concurrent.locks.LockSupport.park(LockSupport.java:371)&#10;        at java.base@21.0.8/java.util.concurrent.locks.AbstractQueuedSynchronizer$ConditionNode.block(AbstractQueuedSynchronizer.java:519)&#10;        at java.base@21.0.8/java.util.concurrent.ForkJoinPool.unmanagedBlock(ForkJoinPool.java:3780)&#10;        at java.base@21.0.8/java.util.concurrent.ForkJoinPool.managedBlock(ForkJoinPool.java:3725)&#10;        at java.base@21.0.8/java.util.concurrent.locks.AbstractQueuedSynchronizer$ConditionObject.await(AbstractQueuedSynchronizer.java:1712)&#10;        at java.base@21.0.8/java.util.concurrent.LinkedBlockingQueue.take(LinkedBlockingQueue.java:435)&#10;        at java.base@21.0.8/java.util.concurrent.ThreadPoolExecutor.getTask(ThreadPoolExecutor.java:1070)&#10;        at java.base@21.0.8/java.util.concurrent.ThreadPoolExecutor.runWorker(ThreadPoolExecutor.java:1130)&#10;        at java.base@21.0.8/java.util.concurrent.ThreadPoolExecutor$Worker.run(ThreadPoolExecutor.java:642)&#10;        at java.base@21.0.8/java.lang.Thread.runWith(Thread.java:1596)&#10;        at java.base@21.0.8/java.lang.Thread.run(Thread.java:1583)&#10;&quot;EventQueue-DeadNodeForDeadNodeHandler&quot; daemon prio=5 tid=1297 in Object.wait()&#10;java.lang.Thread.State: WAITING (on object monitor)&#10;        at java.base@21.0.8/jdk.internal.misc.Unsafe.park(Native Method)&#10;        at java.base@21.0.8/java.util.concurrent.locks.LockSupport.park(LockSupport.java:371)&#10;        at java.base@21.0.8/java.util.concurrent.locks.AbstractQueuedSynchronizer$ConditionNode.block(AbstractQueuedSynchronizer.java:519)&#10;        at java.base@21.0.8/java.util.concurrent.ForkJoinPool.unmanagedBlock(ForkJoinPool.java:3780)&#10;        at java.base@21.0.8/java.util.concurrent.ForkJoinPool.managedBlock(ForkJoinPool.java:3725)&#10;        at java.base@21.0.8/java.util.concurrent.locks.AbstractQueuedSynchronizer$ConditionObject.await(AbstractQueuedSynchronizer.java:1712)&#10;        at java.base@21.0.8/java.util.concurrent.LinkedBlockingQueue.take(LinkedBlockingQueue.java:435)&#10;        at java.base@21.0.8/java.util.concurrent.ThreadPoolExecutor.getTask(ThreadPoolExecutor.java:1070)&#10;        at java.base@21.0.8/java.util.concurrent.ThreadPoolExecutor.runWorker(ThreadPoolExecutor.java:1130)&#10;        at java.base@21.0.8/java.util.concurrent.ThreadPoolExecutor$Worker.run(ThreadPoolExecutor.java:642)&#10;        at java.base@21.0.8/java.lang.Thread.runWith(Thread.java:1596)&#10;        at java.base@21.0.8/java.lang.Thread.run(Thread.java:1583)&#10;&quot;IPC Server listener on 15045&quot; daemon prio=5 tid=919 runnable&#10;java.lang.Thread.State: RUNNABLE&#10;        at java.base@21.0.8/sun.nio.ch.EPoll.wait(Native Method)&#10;        at java.base@21.0.8/sun.nio.ch.EPollSelectorImpl.doSelect(EPollSelectorImpl.java:121)&#10;        at java.base@21.0.8/sun.nio.ch.SelectorImpl.lockAndDoSelect(SelectorImpl.java:130)&#10;        at java.base@21.0.8/sun.nio.ch.SelectorImpl.select(SelectorImpl.java:147)&#10;        at app//org.apache.hadoop.ipc.Server$Listener.run(Server.java:1559)&#10;&quot;IPC Server handler 51 on default port 15002&quot; daemon prio=5 tid=171 timed_waiting&#10;java.lang.Thread.State: TIMED_WAITING&#10;        at java.base@21.0.8/jdk.internal.misc.Unsafe.park(Native Method)&#10;        at java.base@21.0.8/java.util.concurrent.locks.LockSupport.parkNanos(LockSupport.java:269)&#10;        at java.base@21.0.8/java.util.concurrent.locks.AbstractQueuedSynchronizer$ConditionObject.awaitNanos(AbstractQueuedSynchronizer.java:1763)&#10;        at java.base@21.0.8/java.util.concurrent.LinkedBlockingQueue.poll(LinkedBlockingQueue.java:460)&#10;        at app//org.apache.hadoop.ipc.CallQueueManager.take(CallQueueManager.java:370)&#10;        at app//org.apache.hadoop.ipc.Server$Handler.run(Server.java:3165)&#10;&quot;SSL Certificates Store Monitor&quot; daemon prio=5 tid=1368 in Object.wait()&#10;java.lang.Thread.State: WAITING (on object monitor)&#10;        at java.base@21.0.8/java.lang.Object.wait0(Native Method)&#10;        at java.base@21.0.8/java.lang.Object.wait(Object.java:366)&#10;        at java.base@21.0.8/java.lang.Object.wait(Object.java:339)&#10;        at java.base@21.0.8/java.util.TimerThread.mainLoop(Timer.java:537)&#10;        at java.base@21.0.8/java.util.TimerThread.run(Timer.java:516)&#10;&quot;Recon-EventQueue-CloseContainerForCloseContainerEventHandler&quot; daemon prio=5 tid=1289 in Object.wait()&#10;java.lang.Thread.State: WAITING (on object monitor)&#10;        at java.base@21.0.8/jdk.internal.misc.Unsafe.park(Native Method)&#10;        at java.base@21.0.8/java.util.concurrent.locks.LockSupport.park(LockSupport.java:371)&#10;        at java.base@21.0.8/java.util.concurrent.locks.AbstractQueuedSynchronizer$ConditionNode.block(AbstractQueuedSynchronizer.java:519)&#10;        at java.base@21.0.8/java.util.concurrent.ForkJoinPool.unmanagedBlock(ForkJoinPool.java:3780)&#10;        at java.base@21.0.8/java.util.concurrent.ForkJoinPool.managedBlock(ForkJoinPool.java:3725)&#10;        at java.base@21.0.8/java.util.concurrent.locks.AbstractQueuedSynchronizer$ConditionObject.await(AbstractQueuedSynchronizer.java:1712)&#10;        at java.base@21.0.8/java.util.concurrent.LinkedBlockingQueue.take(LinkedBlockingQueue.java:435)&#10;        at java.base@21.0.8/java.util.concurrent.ThreadPoolExecutor.getTask(ThreadPoolExecutor.java:1070)&#10;        at java.base@21.0.8/java.util.concurrent.ThreadPoolExecutor.runWorker(ThreadPoolExecutor.java:1130)&#10;        at java.base@21.0.8/java.util.concurrent.ThreadPoolExecutor$Worker.run(ThreadPoolExecutor.java:642)&#10;        at java.base@21.0.8/java.lang.Thread.runWith(Thread.java:1596)&#10;        at java.base@21.0.8/java.lang.Thread.run(Thread.java:1583)&#10;&quot;74afb32b-8e70-4799-b16c-dc9602d9dbb6-DataNodeDiskCheckerThread-0&quot; daemon prio=5 tid=1011 timed_waiting&#10;java.lang.Thread.State: TIMED_WAITING&#10;        at java.base@21.0.8/jdk.internal.misc.Unsafe.park(Native Method)&#10;        at java.base@21.0.8/java.util.concurrent.locks.LockSupport.parkNanos(LockSupport.java:410)&#10;        at java.base@21.0.8/java.util.concurrent.LinkedTransferQueue$DualNode.await(LinkedTransferQueue.java:452)&#10;        at java.base@21.0.8/java.util.concurrent.SynchronousQueue$Transferer.xferLifo(SynchronousQueue.java:194)&#10;        at java.base@21.0.8/java.util.concurrent.SynchronousQueue.xfer(SynchronousQueue.java:235)&#10;        at java.base@21.0.8/java.util.concurrent.SynchronousQueue.poll(SynchronousQueue.java:338)&#10;        at java.base@21.0.8/java.util.concurrent.ThreadPoolExecutor.getTask(ThreadPoolExecutor.java:1069)&#10;        at java.base@21.0.8/java.util.concurrent.ThreadPoolExecutor.runWorker(ThreadPoolExecutor.java:1130)&#10;        at java.base@21.0.8/java.util.concurrent.ThreadPoolExecutor$Worker.run(ThreadPoolExecutor.java:642)&#10;        at java.base@21.0.8/java.lang.Thread.runWith(Thread.java:1596)&#10;        at java.base@21.0.8/java.lang.Thread.run(Thread.java:1583)&#10;&quot;IPC Server handler 47 on default port 15001&quot; daemon prio=5 tid=605 timed_waiting&#10;java.lang.Thread.State: TIMED_WAITING&#10;        at java.base@21.0.8/jdk.internal.misc.Unsafe.park(Native Method)&#10;        at java.base@21.0.8/java.util.concurrent.locks.LockSupport.parkNanos(LockSupport.java:269)&#10;        at java.base@21.0.8/java.util.concurrent.locks.AbstractQueuedSynchronizer$ConditionObject.awaitNanos(AbstractQueuedSynchronizer.java:1763)&#10;        at java.base@21.0.8/java.util.concurrent.LinkedBlockingQueue.poll(LinkedBlockingQueue.java:460)&#10;        at app//org.apache.hadoop.ipc.CallQueueManager.take(CallQueueManager.java:370)&#10;        at app//org.apache.hadoop.ipc.Server$Handler.run(Server.java:3165)&#10;&quot;Connector-Scheduler-3b1a041c-1&quot;  prio=5 tid=1152 timed_waiting&#10;java.lang.Thread.State: TIMED_WAITING&#10;        at java.base@21.0.8/jdk.internal.misc.Unsafe.park(Native Method)&#10;        at java.base@21.0.8/java.util.concurrent.locks.LockSupport.parkNanos(LockSupport.java:269)&#10;        at java.base@21.0.8/java.util.concurrent.locks.AbstractQueuedSynchronizer$ConditionObject.awaitNanos(AbstractQueuedSynchronizer.java:1763)&#10;        at java.base@21.0.8/java.util.concurrent.ScheduledThreadPoolExecutor$DelayedWorkQueue.take(ScheduledThreadPoolExecutor.java:1182)&#10;        at java.base@21.0.8/java.util.concurrent.ScheduledThreadPoolExecutor$DelayedWorkQueue.take(ScheduledThreadPoolExecutor.java:899)&#10;        at java.base@21.0.8/java.util.concurrent.ThreadPoolExecutor.getTask(ThreadPoolExecutor.java:1070)&#10;        at java.base@21.0.8/java.util.concurrent.ThreadPoolExecutor.runWorker(ThreadPoolExecutor.java:1130)&#10;        at java.base@21.0.8/java.util.concurrent.ThreadPoolExecutor$Worker.run(ThreadPoolExecutor.java:642)&#10;        at java.base@21.0.8/java.lang.Thread.runWith(Thread.java:1596)&#10;        at java.base@21.0.8/java.lang.Thread.run(Thread.java:1583)&#10;&quot;IPC Server handler 94 on default port 15001&quot; daemon prio=5 tid=652 timed_waiting&#10;java.lang.Thread.State: TIMED_WAITING&#10;        at java.base@21.0.8/jdk.internal.misc.Unsafe.park(Native Method)&#10;        at java.base@21.0.8/java.util.concurrent.locks.LockSupport.parkNanos(LockSupport.java:269)&#10;        at java.base@21.0.8/java.util.concurrent.locks.AbstractQueuedSynchronizer$ConditionObject.awaitNanos(AbstractQueuedSynchronizer.java:1763)&#10;        at java.base@21.0.8/java.util.concurrent.LinkedBlockingQueue.poll(LinkedBlockingQueue.java:460)&#10;        at app//org.apache.hadoop.ipc.CallQueueManager.take(CallQueueManager.java:370)&#10;        at app//org.apache.hadoop.ipc.Server$Handler.run(Server.java:3165)&#10;&quot;IPC Server handler 37 on default port 15004&quot; daemon prio=5 tid=375 timed_waiting&#10;java.lang.Thread.State: TIMED_WAITING&#10;        at java.base@21.0.8/jdk.internal.misc.Unsafe.park(Native Method)&#10;        at java.base@21.0.8/java.util.concurrent.locks.LockSupport.parkNanos(LockSupport.java:269)&#10;        at java.base@21.0.8/java.util.concurrent.locks.AbstractQueuedSynchronizer$ConditionObject.awaitNanos(AbstractQueuedSynchronizer.java:1763)&#10;        at java.base@21.0.8/java.util.concurrent.LinkedBlockingQueue.poll(LinkedBlockingQueue.java:460)&#10;        at app//org.apache.hadoop.ipc.CallQueueManager.take(CallQueueManager.java:370)&#10;        at app//org.apache.hadoop.ipc.Server$Handler.run(Server.java:3165)&#10;&quot;IPC Server handler 14 on default port 15004&quot; daemon prio=5 tid=352 timed_waiting&#10;java.lang.Thread.State: TIMED_WAITING&#10;        at java.base@21.0.8/jdk.internal.misc.Unsafe.park(Native Method)&#10;        at java.base@21.0.8/java.util.concurrent.locks.LockSupport.parkNanos(LockSupport.java:269)&#10;        at java.base@21.0.8/java.util.concurrent.locks.AbstractQueuedSynchronizer$ConditionObject.awaitNanos(AbstractQueuedSynchronizer.java:1763)&#10;        at java.base@21.0.8/java.util.concurrent.LinkedBlockingQueue.poll(LinkedBlockingQueue.java:460)&#10;        at app//org.apache.hadoop.ipc.CallQueueManager.take(CallQueueManager.java:370)&#10;        at app//org.apache.hadoop.ipc.Server$Handler.run(Server.java:3165)&#10;&quot;om1-KeyDeletingService#4&quot; daemon prio=5 tid=1364 in Object.wait()&#10;java.lang.Thread.State: WAITING (on object monitor)&#10;        at java.base@21.0.8/jdk.internal.misc.Unsafe.park(Native Method)&#10;        at java.base@21.0.8/java.util.concurrent.locks.LockSupport.park(LockSupport.java:371)&#10;        at java.base@21.0.8/java.util.concurrent.locks.AbstractQueuedSynchronizer$ConditionNode.block(AbstractQueuedSynchronizer.java:519)&#10;        at java.base@21.0.8/java.util.concurrent.ForkJoinPool.unmanagedBlock(ForkJoinPool.java:3780)&#10;        at java.base@21.0.8/java.util.concurrent.ForkJoinPool.managedBlock(ForkJoinPool.java:3725)&#10;        at java.base@21.0.8/java.util.concurrent.locks.AbstractQueuedSynchronizer$ConditionObject.await(AbstractQueuedSynchronizer.java:1712)&#10;        at java.base@21.0.8/java.util.concurrent.ScheduledThreadPoolExecutor$DelayedWorkQueue.take(ScheduledThreadPoolExecutor.java:1177)&#10;        at java.base@21.0.8/java.util.concurrent.ScheduledThreadPoolExecutor$DelayedWorkQueue.take(ScheduledThreadPoolExecutor.java:899)&#10;        at java.base@21.0.8/java.util.concurrent.ThreadPoolExecutor.getTask(ThreadPoolExecutor.java:1070)&#10;        at java.base@21.0.8/java.util.concurrent.ThreadPoolExecutor.runWorker(ThreadPoolExecutor.java:1130)&#10;        at java.base@21.0.8/java.util.concurrent.ThreadPoolExecutor$Worker.run(ThreadPoolExecutor.java:642)&#10;        at java.base@21.0.8/java.lang.Thread.runWith(Thread.java:1596)&#10;        at java.base@21.0.8/java.lang.Thread.run(Thread.java:1583)&#10;&quot;fc0351b7-0c71-4a2a-a0ca-337e5c0b1c14-ChunkWriter-0-0&quot; daemon prio=5 tid=992 in Object.wait()&#10;java.lang.Thread.State: WAITING (on object monitor)&#10;        at java.base@21.0.8/jdk.internal.misc.Unsafe.park(Native Method)&#10;        at java.base@21.0.8/java.util.concurrent.locks.LockSupport.park(LockSupport.java:371)&#10;        at java.base@21.0.8/java.util.concurrent.locks.AbstractQueuedSynchronizer$ConditionNode.block(AbstractQueuedSynchronizer.java:519)&#10;        at java.base@21.0.8/java.util.concurrent.ForkJoinPool.unmanagedBlock(ForkJoinPool.java:3780)&#10;        at java.base@21.0.8/java.util.concurrent.ForkJoinPool.managedBlock(ForkJoinPool.java:3725)&#10;        at java.base@21.0.8/java.util.concurrent.locks.AbstractQueuedSynchronizer$ConditionObject.await(AbstractQueuedSynchronizer.java:1712)&#10;        at java.base@21.0.8/java.util.concurrent.LinkedBlockingDeque.takeFirst(LinkedBlockingDeque.java:485)&#10;        at java.base@21.0.8/java.util.concurrent.LinkedBlockingDeque.take(LinkedBlockingDeque.java:673)&#10;        at java.base@21.0.8/java.util.concurrent.ThreadPoolExecutor.getTask(ThreadPoolExecutor.java:1070)&#10;        at java.base@21.0.8/java.util.concurrent.ThreadPoolExecutor.runWorker(ThreadPoolExecutor.java:1130)&#10;        at java.base@21.0.8/java.util.concurrent.ThreadPoolExecutor$Worker.run(ThreadPoolExecutor.java:642)&#10;        at java.base@21.0.8/java.lang.Thread.runWith(Thread.java:1596)&#10;        at java.base@21.0.8/java.lang.Thread.run(Thread.java:1583)&#10;&quot;Finalizer&quot; daemon prio=8 tid=10 in Object.wait()&#10;java.lang.Thread.State: WAITING (on object monitor)&#10;        at java.base@21.0.8/java.lang.Object.wait0(Native Method)&#10;        at java.base@21.0.8/java.lang.Object.wait(Object.java:366)&#10;        at java.base@21.0.8/java.lang.Object.wait(Object.java:339)&#10;        at java.base@21.0.8/java.lang.ref.NativeReferenceQueue.await(NativeReferenceQueue.java:48)&#10;        at java.base@21.0.8/java.lang.ref.ReferenceQueue.remove0(ReferenceQueue.java:158)&#10;        at java.base@21.0.8/java.lang.ref.NativeReferenceQueue.remove(NativeReferenceQueue.java:89)&#10;        at java.base@21.0.8/java.lang.ref.Finalizer$FinalizerThread.run(Finalizer.java:173)&#10;&quot;IPC Server handler 67 on default port 15002&quot; daemon prio=5 tid=187 timed_waiting&#10;java.lang.Thread.State: TIMED_WAITING&#10;        at java.base@21.0.8/jdk.internal.misc.Unsafe.park(Native Method)&#10;        at java.base@21.0.8/java.util.concurrent.locks.LockSupport.parkNanos(LockSupport.java:269)&#10;        at java.base@21.0.8/java.util.concurrent.locks.AbstractQueuedSynchronizer$ConditionObject.awaitNanos(AbstractQueuedSynchronizer.java:1763)&#10;        at java.base@21.0.8/java.util.concurrent.LinkedBlockingQueue.poll(LinkedBlockingQueue.java:460)&#10;        at app//org.apache.hadoop.ipc.CallQueueManager.take(CallQueueManager.java:370)&#10;        at app//org.apache.hadoop.ipc.Server$Handler.run(Server.java:3165)&#10;&quot;IPC Server handler 7 on default port 15008&quot; daemon prio=5 tid=499 timed_waiting&#10;java.lang.Thread.State: TIMED_WAITING&#10;        at java.base@21.0.8/jdk.internal.misc.Unsafe.park(Native Method)&#10;        at java.base@21.0.8/java.util.concurrent.locks.LockSupport.parkNanos(LockSupport.java:269)&#10;        at java.base@21.0.8/java.util.concurrent.locks.AbstractQueuedSynchronizer$ConditionObject.awaitNanos(AbstractQueuedSynchronizer.java:1763)&#10;        at java.base@21.0.8/java.util.concurrent.LinkedBlockingQueue.poll(LinkedBlockingQueue.java:460)&#10;        at app//org.apache.hadoop.ipc.CallQueueManager.take(CallQueueManager.java:370)&#10;        at app//org.apache.hadoop.ipc.Server$Handler.run(Server.java:3165)&#10;&quot;process reaper&quot; daemon prio=10 tid=29 timed_waiting&#10;java.lang.Thread.State: TIMED_WAITING&#10;        at java.base@21.0.8/jdk.internal.misc.Unsafe.park(Native Method)&#10;        at java.base@21.0.8/java.util.concurrent.locks.LockSupport.parkNanos(LockSupport.java:410)&#10;        at java.base@21.0.8/java.util.concurrent.LinkedTransferQueue$DualNode.await(LinkedTransferQueue.java:452)&#10;        at java.base@21.0.8/java.util.concurrent.SynchronousQueue$Transferer.xferLifo(SynchronousQueue.java:194)&#10;        at java.base@21.0.8/java.util.concurrent.SynchronousQueue.xfer(SynchronousQueue.java:235)&#10;        at java.base@21.0.8/java.util.concurrent.SynchronousQueue.poll(SynchronousQueue.java:338)&#10;        at java.base@21.0.8/java.util.concurrent.ThreadPoolExecutor.getTask(ThreadPoolExecutor.java:1069)&#10;        at java.base@21.0.8/java.util.concurrent.ThreadPoolExecutor.runWorker(ThreadPoolExecutor.java:1130)&#10;        at java.base@21.0.8/java.util.concurrent.ThreadPoolExecutor$Worker.run(ThreadPoolExecutor.java:642)&#10;        at java.base@21.0.8/java.lang.Thread.runWith(Thread.java:1596)&#10;        at java.base@21.0.8/java.lang.Thread.run(Thread.java:1583)&#10;        at java.base@21.0.8/jdk.internal.misc.InnocuousThread.run(InnocuousThread.java:186)&#10;&quot;Socket Reader #3 for port 15002&quot; daemon prio=5 tid=92 runnable&#10;java.lang.Thread.State: RUNNABLE&#10;        at java.base@21.0.8/sun.nio.ch.EPoll.wait(Native Method)&#10;        at java.base@21.0.8/sun.nio.ch.EPollSelectorImpl.doSelect(EPollSelectorImpl.java:121)&#10;        at java.base@21.0.8/sun.nio.ch.SelectorImpl.lockAndDoSelect(SelectorImpl.java:130)&#10;        at java.base@21.0.8/sun.nio.ch.SelectorImpl.select(SelectorImpl.java:147)&#10;        at app//org.apache.hadoop.ipc.Server$Listener$Reader.doRunLoop(Server.java:1497)&#10;        at app//org.apache.hadoop.ipc.Server$Listener$Reader.run(Server.java:1476)&#10;&quot;IPC Server handler 10 on default port 15008&quot; daemon prio=5 tid=502 timed_waiting&#10;java.lang.Thread.State: TIMED_WAITING&#10;        at java.base@21.0.8/jdk.internal.misc.Unsafe.park(Native Method)&#10;        at java.base@21.0.8/java.util.concurrent.locks.LockSupport.parkNanos(LockSupport.java:269)&#10;        at java.base@21.0.8/java.util.concurrent.locks.AbstractQueuedSynchronizer$ConditionObject.awaitNanos(AbstractQueuedSynchronizer.java:1763)&#10;        at java.base@21.0.8/java.util.concurrent.LinkedBlockingQueue.poll(LinkedBlockingQueue.java:460)&#10;        at app//org.apache.hadoop.ipc.CallQueueManager.take(CallQueueManager.java:370)&#10;        at app//org.apache.hadoop.ipc.Server$Handler.run(Server.java:3165)&#10;&quot;IPC Server handler 68 on default port 15004&quot; daemon prio=5 tid=406 timed_waiting&#10;java.lang.Thread.State: TIMED_WAITING&#10;        at java.base@21.0.8/jdk.internal.misc.Unsafe.park(Native Method)&#10;        at java.base@21.0.8/java.util.concurrent.locks.LockSupport.parkNanos(LockSupport.java:269)&#10;        at java.base@21.0.8/java.util.concurrent.locks.AbstractQueuedSynchronizer$ConditionObject.awaitNanos(AbstractQueuedSynchronizer.java:1763)&#10;        at java.base@21.0.8/java.util.concurrent.LinkedBlockingQueue.poll(LinkedBlockingQueue.java:460)&#10;        at app//org.apache.hadoop.ipc.CallQueueManager.take(CallQueueManager.java:370)&#10;        at app//org.apache.hadoop.ipc.Server$Handler.run(Server.java:3165)&#10;&quot;IPC Server listener on 15008&quot; daemon prio=5 tid=449 runnable&#10;java.lang.Thread.State: RUNNABLE&#10;        at java.base@21.0.8/sun.nio.ch.EPoll.wait(Native Method)&#10;        at java.base@21.0.8/sun.nio.ch.EPollSelectorImpl.doSelect(EPollSelectorImpl.java:121)&#10;        at java.base@21.0.8/sun.nio.ch.SelectorImpl.lockAndDoSelect(SelectorImpl.java:130)&#10;        at java.base@21.0.8/sun.nio.ch.SelectorImpl.select(SelectorImpl.java:147)&#10;        at app//org.apache.hadoop.ipc.Server$Listener.run(Server.java:1559)&#10;&quot;qtp1181622455-549&quot; daemon prio=5 tid=549 timed_waiting&#10;java.lang.Thread.State: TIMED_WAITING&#10;        at java.base@21.0.8/jdk.internal.misc.Unsafe.park(Native Method)&#10;        at java.base@21.0.8/java.util.concurrent.locks.LockSupport.parkNanos(LockSupport.java:410)&#10;        at java.base@21.0.8/java.util.concurrent.LinkedTransferQueue$DualNode.await(LinkedTransferQueue.java:452)&#10;        at java.base@21.0.8/java.util.concurrent.SynchronousQueue$Transferer.xferLifo(SynchronousQueue.java:194)&#10;        at java.base@21.0.8/java.util.concurrent.SynchronousQueue.xfer(SynchronousQueue.java:235)&#10;        at java.base@21.0.8/java.util.concurrent.SynchronousQueue.poll(SynchronousQueue.java:338)&#10;        at app//org.eclipse.jetty.util.thread.ReservedThreadExecutor$ReservedThread.reservedWait(ReservedThreadExecutor.java:324)&#10;        at app//org.eclipse.jetty.util.thread.ReservedThreadExecutor$ReservedThread.run(ReservedThreadExecutor.java:399)&#10;        at app//org.eclipse.jetty.util.thread.QueuedThreadPool.runJob(QueuedThreadPool.java:883)&#10;        at app//org.eclipse.jetty.util.thread.QueuedThreadPool$Runner.run(QueuedThreadPool.java:1034)&#10;        at java.base@21.0.8/java.lang.Thread.runWith(Thread.java:1596)&#10;        at java.base@21.0.8/java.lang.Thread.run(Thread.java:1583)&#10;&quot;Socket Reader #6 for port 15001&quot; daemon prio=5 tid=526 runnable&#10;java.lang.Thread.State: RUNNABLE&#10;        at java.base@21.0.8/sun.nio.ch.EPoll.wait(Native Method)&#10;        at java.base@21.0.8/sun.nio.ch.EPollSelectorImpl.doSelect(EPollSelectorImpl.java:121)&#10;        at java.base@21.0.8/sun.nio.ch.SelectorImpl.lockAndDoSelect(SelectorImpl.java:130)&#10;        at java.base@21.0.8/sun.nio.ch.SelectorImpl.select(SelectorImpl.java:147)&#10;        at app//org.apache.hadoop.ipc.Server$Listener$Reader.doRunLoop(Server.java:1497)&#10;        at app//org.apache.hadoop.ipc.Server$Listener$Reader.run(Server.java:1476)&#10;&quot;prometheus&quot; daemon prio=5 tid=332 in Object.wait()&#10;java.lang.Thread.State: WAITING (on object monitor)&#10;        at java.base@21.0.8/java.lang.Object.wait0(Native Method)&#10;        at java.base@21.0.8/java.lang.Object.wait(Object.java:366)&#10;        at java.base@21.0.8/java.lang.Object.wait(Object.java:339)&#10;        at app//org.apache.hadoop.metrics2.impl.SinkQueue.waitForData(SinkQueue.java:114)&#10;        at app//org.apache.hadoop.metrics2.impl.SinkQueue.consumeAll(SinkQueue.java:83)&#10;        at app//org.apache.hadoop.metrics2.impl.MetricsSinkAdapter.publishMetricsFromQueue(MetricsSinkAdapter.java:135)&#10;        at app//org.apache.hadoop.metrics2.impl.MetricsSinkAdapter$1.run(MetricsSinkAdapter.java:89)&#10;&quot;IPC Server handler 47 on default port 15002&quot; daemon prio=5 tid=167 timed_waiting&#10;java.lang.Thread.State: TIMED_WAITING&#10;        at java.base@21.0.8/jdk.internal.misc.Unsafe.park(Native Method)&#10;        at java.base@21.0.8/java.util.concurrent.locks.LockSupport.parkNanos(LockSupport.java:269)&#10;        at java.base@21.0.8/java.util.concurrent.locks.AbstractQueuedSynchronizer$ConditionObject.awaitNanos(AbstractQueuedSynchronizer.java:1763)&#10;        at java.base@21.0.8/java.util.concurrent.LinkedBlockingQueue.poll(LinkedBlockingQueue.java:460)&#10;        at app//org.apache.hadoop.ipc.CallQueueManager.take(CallQueueManager.java:370)&#10;        at app//org.apache.hadoop.ipc.Server$Handler.run(Server.java:3165)&#10;&quot;IPC Server handler 10 on default port 15003&quot; daemon prio=5 tid=230 timed_waiting&#10;java.lang.Thread.State: TIMED_WAITING&#10;        at java.base@21.0.8/jdk.internal.misc.Unsafe.park(Native Method)&#10;        at java.base@21.0.8/java.util.concurrent.locks.LockSupport.parkNanos(LockSupport.java:269)&#10;        at java.base@21.0.8/java.util.concurrent.locks.AbstractQueuedSynchronizer$ConditionObject.awaitNanos(AbstractQueuedSynchronizer.java:1763)&#10;        at java.base@21.0.8/java.util.concurrent.LinkedBlockingQueue.poll(LinkedBlockingQueue.java:460)&#10;        at app//org.apache.hadoop.ipc.CallQueueManager.take(CallQueueManager.java:370)&#10;        at app//org.apache.hadoop.ipc.Server$Handler.run(Server.java:3165)&#10;&quot;fc0351b7-0c71-4a2a-a0ca-337e5c0b1c14-ChunkWriter-2-0&quot; daemon prio=5 tid=995 in Object.wait()&#10;java.lang.Thread.State: WAITING (on object monitor)&#10;        at java.base@21.0.8/jdk.internal.misc.Unsafe.park(Native Method)&#10;        at java.base@21.0.8/java.util.concurrent.locks.LockSupport.park(LockSupport.java:371)&#10;        at java.base@21.0.8/java.util.concurrent.locks.AbstractQueuedSynchronizer$ConditionNode.block(AbstractQueuedSynchronizer.java:519)&#10;        at java.base@21.0.8/java.util.concurrent.ForkJoinPool.unmanagedBlock(ForkJoinPool.java:3780)&#10;        at java.base@21.0.8/java.util.concurrent.ForkJoinPool.managedBlock(ForkJoinPool.java:3725)&#10;        at java.base@21.0.8/java.util.concurrent.locks.AbstractQueuedSynchronizer$ConditionObject.await(AbstractQueuedSynchronizer.java:1712)&#10;        at java.base@21.0.8/java.util.concurrent.LinkedBlockingDeque.takeFirst(LinkedBlockingDeque.java:485)&#10;        at java.base@21.0.8/java.util.concurrent.LinkedBlockingDeque.take(LinkedBlockingDeque.java:673)&#10;        at java.base@21.0.8/java.util.concurrent.ThreadPoolExecutor.getTask(ThreadPoolExecutor.java:1070)&#10;        at java.base@21.0.8/java.util.concurrent.ThreadPoolExecutor.runWorker(ThreadPoolExecutor.java:1130)&#10;        at java.base@21.0.8/java.util.concurrent.ThreadPoolExecutor$Worker.run(ThreadPoolExecutor.java:642)&#10;        at java.base@21.0.8/java.lang.Thread.runWith(Thread.java:1596)&#10;        at java.base@21.0.8/java.lang.Thread.run(Thread.java:1583)&#10;&quot;IPC Server handler 31 on default port 15001&quot; daemon prio=5 tid=589 timed_waiting&#10;java.lang.Thread.State: TIMED_WAITING&#10;        at java.base@21.0.8/jdk.internal.misc.Unsafe.park(Native Method)&#10;        at java.base@21.0.8/java.util.concurrent.locks.LockSupport.parkNanos(LockSupport.java:269)&#10;        at java.base@21.0.8/java.util.concurrent.locks.AbstractQueuedSynchronizer$ConditionObject.awaitNanos(AbstractQueuedSynchronizer.java:1763)&#10;        at java.base@21.0.8/java.util.concurrent.LinkedBlockingQueue.poll(LinkedBlockingQueue.java:460)&#10;        at app//org.apache.hadoop.ipc.CallQueueManager.take(CallQueueManager.java:370)&#10;        at app//org.apache.hadoop.ipc.Server$Handler.run(Server.java:3165)&#10;&quot;IPC Server handler 3 on default port 15001&quot; daemon prio=5 tid=561 timed_waiting&#10;java.lang.Thread.State: TIMED_WAITING&#10;        at java.base@21.0.8/jdk.internal.misc.Unsafe.park(Native Method)&#10;        at java.base@21.0.8/java.util.concurrent.locks.LockSupport.parkNanos(LockSupport.java:269)&#10;        at java.base@21.0.8/java.util.concurrent.locks.AbstractQueuedSynchronizer$ConditionObject.awaitNanos(AbstractQueuedSynchronizer.java:1763)&#10;        at java.base@21.0.8/java.util.concurrent.LinkedBlockingQueue.poll(LinkedBlockingQueue.java:460)&#10;        at app//org.apache.hadoop.ipc.CallQueueManager.take(CallQueueManager.java:370)&#10;        at app//org.apache.hadoop.ipc.Server$Handler.run(Server.java:3165)&#10;&quot;FixedThreadPoolWithAffinityExecutor-4-0&quot; daemon prio=5 tid=107 timed_waiting&#10;java.lang.Thread.State: TIMED_WAITING&#10;        at java.base@21.0.8/java.util.concurrent.locks.AbstractQueuedSynchronizer$ConditionObject.awaitNanos(AbstractQueuedSynchronizer.java:1766)&#10;        at java.base@21.0.8/java.util.concurrent.LinkedBlockingQueue.poll(LinkedBlockingQueue.java:460)&#10;        at app//org.apache.hadoop.hdds.scm.server.ContainerReportQueue.poll(ContainerReportQueue.java:269)&#10;        at app//org.apache.hadoop.hdds.scm.server.ContainerReportQueue.poll(ContainerReportQueue.java:42)&#10;        at app//org.apache.hadoop.hdds.server.events.FixedThreadPoolWithAffinityExecutor$ContainerReportProcessTask.run(FixedThreadPoolWithAffinityExecutor.java:228)&#10;        at java.base@21.0.8/java.util.concurrent.Executors$RunnableAdapter.call(Executors.java:572)&#10;        at java.base@21.0.8/java.util.concurrent.FutureTask.run(FutureTask.java:317)&#10;        at java.base@21.0.8/java.util.concurrent.ThreadPoolExecutor.runWorker(ThreadPoolExecutor.java:1144)&#10;        at java.base@21.0.8/java.util.concurrent.ThreadPoolExecutor$Worker.run(ThreadPoolExecutor.java:642)&#10;        at java.base@21.0.8/java.lang.Thread.runWith(Thread.java:1596)&#10;        at java.base@21.0.8/java.lang.Thread.run(Thread.java:1583)&#10;&quot;IPC Server handler 93 on default port 15003&quot; daemon prio=5 tid=313 timed_waiting&#10;java.lang.Thread.State: TIMED_WAITING&#10;        at java.base@21.0.8/jdk.internal.misc.Unsafe.park(Native Method)&#10;        at java.base@21.0.8/java.util.concurrent.locks.LockSupport.parkNanos(LockSupport.java:269)&#10;        at java.base@21.0.8/java.util.concurrent.locks.AbstractQueuedSynchronizer$ConditionObject.awaitNanos(AbstractQueuedSynchronizer.java:1763)&#10;        at java.base@21.0.8/java.util.concurrent.LinkedBlockingQueue.poll(LinkedBlockingQueue.java:460)&#10;        at app//org.apache.hadoop.ipc.CallQueueManager.take(CallQueueManager.java:370)&#10;        at app//org.apache.hadoop.ipc.Server$Handler.run(Server.java:3165)&#10;&quot;IPC Server handler 19 on default port 15004&quot; daemon prio=5 tid=357 timed_waiting&#10;java.lang.Thread.State: TIMED_WAITING&#10;        at java.base@21.0.8/jdk.internal.misc.Unsafe.park(Native Method)&#10;        at java.base@21.0.8/java.util.concurrent.locks.LockSupport.parkNanos(LockSupport.java:269)&#10;        at java.base@21.0.8/java.util.concurrent.locks.AbstractQueuedSynchronizer$ConditionObject.awaitNanos(AbstractQueuedSynchronizer.java:1763)&#10;        at java.base@21.0.8/java.util.concurrent.LinkedBlockingQueue.poll(LinkedBlockingQueue.java:460)&#10;        at app//org.apache.hadoop.ipc.CallQueueManager.take(CallQueueManager.java:370)&#10;        at app//org.apache.hadoop.ipc.Server$Handler.run(Server.java:3165)&#10;&quot;StaleRecoveringContainerScrubbingService#0&quot; daemon prio=5 tid=1026 timed_waiting&#10;java.lang.Thread.State: TIMED_WAITING&#10;        at java.base@21.0.8/jdk.internal.misc.Unsafe.park(Native Method)&#10;        at java.base@21.0.8/java.util.concurrent.locks.LockSupport.parkNanos(LockSupport.java:269)&#10;        at java.base@21.0.8/java.util.concurrent.locks.AbstractQueuedSynchronizer$ConditionObject.awaitNanos(AbstractQueuedSynchronizer.java:1763)&#10;        at java.base@21.0.8/java.util.concurrent.ScheduledThreadPoolExecutor$DelayedWorkQueue.take(ScheduledThreadPoolExecutor.java:1182)&#10;        at java.base@21.0.8/java.util.concurrent.ScheduledThreadPoolExecutor$DelayedWorkQueue.take(ScheduledThreadPoolExecutor.java:899)&#10;        at java.base@21.0.8/java.util.concurrent.ThreadPoolExecutor.getTask(ThreadPoolExecutor.java:1070)&#10;        at java.base@21.0.8/java.util.concurrent.ThreadPoolExecutor.runWorker(ThreadPoolExecutor.java:1130)&#10;        at java.base@21.0.8/java.util.concurrent.ThreadPoolExecutor$Worker.run(ThreadPoolExecutor.java:642)&#10;        at java.base@21.0.8/java.lang.Thread.runWith(Thread.java:1596)&#10;        at java.base@21.0.8/java.lang.Thread.run(Thread.java:1583)&#10;&quot;Socket Reader #7 for port 15021&quot; daemon prio=5 tid=734 runnable&#10;java.lang.Thread.State: RUNNABLE&#10;        at java.base@21.0.8/sun.nio.ch.EPoll.wait(Native Method)&#10;        at java.base@21.0.8/sun.nio.ch.EPollSelectorImpl.doSelect(EPollSelectorImpl.java:121)&#10;        at java.base@21.0.8/sun.nio.ch.SelectorImpl.lockAndDoSelect(SelectorImpl.java:130)&#10;        at java.base@21.0.8/sun.nio.ch.SelectorImpl.select(SelectorImpl.java:147)&#10;        at app//org.apache.hadoop.ipc.Server$Listener$Reader.doRunLoop(Server.java:1497)&#10;        at app//org.apache.hadoop.ipc.Server$Listener$Reader.run(Server.java:1476)&#10;&quot;om1-OMStateMachineApplyTransactionThread - 0&quot; daemon prio=5 tid=1128 in Object.wait()&#10;java.lang.Thread.State: WAITING (on object monitor)&#10;        at java.base@21.0.8/jdk.internal.misc.Unsafe.park(Native Method)&#10;        at java.base@21.0.8/java.util.concurrent.locks.LockSupport.park(LockSupport.java:371)&#10;        at java.base@21.0.8/java.util.concurrent.locks.AbstractQueuedSynchronizer$ConditionNode.block(AbstractQueuedSynchronizer.java:519)&#10;        at java.base@21.0.8/java.util.concurrent.ForkJoinPool.unmanagedBlock(ForkJoinPool.java:3780)&#10;        at java.base@21.0.8/java.util.concurrent.ForkJoinPool.managedBlock(ForkJoinPool.java:3725)&#10;        at java.base@21.0.8/java.util.concurrent.locks.AbstractQueuedSynchronizer$ConditionObject.await(AbstractQueuedSynchronizer.java:1712)&#10;        at java.base@21.0.8/java.util.concurrent.LinkedBlockingQueue.take(LinkedBlockingQueue.java:435)&#10;        at java.base@21.0.8/java.util.concurrent.ThreadPoolExecutor.getTask(ThreadPoolExecutor.java:1070)&#10;        at java.base@21.0.8/java.util.concurrent.ThreadPoolExecutor.runWorker(ThreadPoolExecutor.java:1130)&#10;        at java.base@21.0.8/java.util.concurrent.ThreadPoolExecutor$Worker.run(ThreadPoolExecutor.java:642)&#10;        at java.base@21.0.8/java.lang.Thread.runWith(Thread.java:1596)&#10;        at java.base@21.0.8/java.lang.Thread.run(Thread.java:1583)&#10;&quot;grpc-default-executor-0&quot; daemon prio=5 tid=1049 timed_waiting&#10;java.lang.Thread.State: TIMED_WAITING&#10;        at java.base@21.0.8/jdk.internal.misc.Unsafe.park(Native Method)&#10;        at java.base@21.0.8/java.util.concurrent.locks.LockSupport.parkNanos(LockSupport.java:410)&#10;        at java.base@21.0.8/java.util.concurrent.LinkedTransferQueue$DualNode.await(LinkedTransferQueue.java:452)&#10;        at java.base@21.0.8/java.util.concurrent.SynchronousQueue$Transferer.xferLifo(SynchronousQueue.java:194)&#10;        at java.base@21.0.8/java.util.concurrent.SynchronousQueue.xfer(SynchronousQueue.java:235)&#10;        at java.base@21.0.8/java.util.concurrent.SynchronousQueue.poll(SynchronousQueue.java:338)&#10;        at java.base@21.0.8/java.util.concurrent.ThreadPoolExecutor.getTask(ThreadPoolExecutor.java:1069)&#10;        at java.base@21.0.8/java.util.concurrent.ThreadPoolExecutor.runWorker(ThreadPoolExecutor.java:1130)&#10;        at java.base@21.0.8/java.util.concurrent.ThreadPoolExecutor$Worker.run(ThreadPoolExecutor.java:642)&#10;        at java.base@21.0.8/java.lang.Thread.runWith(Thread.java:1596)&#10;        at java.base@21.0.8/java.lang.Thread.run(Thread.java:1583)&#10;&quot;IPC Server handler 30 on default port 15002&quot; daemon prio=5 tid=150 timed_waiting&#10;java.lang.Thread.State: TIMED_WAITING&#10;        at java.base@21.0.8/jdk.internal.misc.Unsafe.park(Native Method)&#10;        at java.base@21.0.8/java.util.concurrent.locks.LockSupport.parkNanos(LockSupport.java:269)&#10;        at java.base@21.0.8/java.util.concurrent.locks.AbstractQueuedSynchronizer$ConditionObject.awaitNanos(AbstractQueuedSynchronizer.java:1763)&#10;        at java.base@21.0.8/java.util.concurrent.LinkedBlockingQueue.poll(LinkedBlockingQueue.java:460)&#10;        at app//org.apache.hadoop.ipc.CallQueueManager.take(CallQueueManager.java:370)&#10;        at app//org.apache.hadoop.ipc.Server$Handler.run(Server.java:3165)&#10;&quot;EventQueue-ReplicationManagerNotifyForReplicationManagerEventHandler&quot; daemon prio=5 tid=1298 in Object.wait()&#10;java.lang.Thread.State: WAITING (on object monitor)&#10;        at java.base@21.0.8/jdk.internal.misc.Unsafe.park(Native Method)&#10;        at java.base@21.0.8/java.util.concurrent.locks.LockSupport.park(LockSupport.java:371)&#10;        at java.base@21.0.8/java.util.concurrent.locks.AbstractQueuedSynchronizer$ConditionNode.block(AbstractQueuedSynchronizer.java:519)&#10;        at java.base@21.0.8/java.util.concurrent.ForkJoinPool.unmanagedBlock(ForkJoinPool.java:3780)&#10;        at java.base@21.0.8/java.util.concurrent.ForkJoinPool.managedBlock(ForkJoinPool.java:3725)&#10;        at java.base@21.0.8/java.util.concurrent.locks.AbstractQueuedSynchronizer$ConditionObject.await(AbstractQueuedSynchronizer.java:1712)&#10;        at java.base@21.0.8/java.util.concurrent.LinkedBlockingQueue.take(LinkedBlockingQueue.java:435)&#10;        at java.base@21.0.8/java.util.concurrent.ThreadPoolExecutor.getTask(ThreadPoolExecutor.java:1070)&#10;        at java.base@21.0.8/java.util.concurrent.ThreadPoolExecutor.runWorker(ThreadPoolExecutor.java:1130)&#10;        at java.base@21.0.8/java.util.concurrent.ThreadPoolExecutor$Worker.run(ThreadPoolExecutor.java:642)&#10;        at java.base@21.0.8/java.lang.Thread.runWith(Thread.java:1596)&#10;        at java.base@21.0.8/java.lang.Thread.run(Thread.java:1583)&#10;&quot;Socket Reader #7 for port 15003&quot; daemon prio=5 tid=82 runnable&#10;java.lang.Thread.State: RUNNABLE&#10;        at java.base@21.0.8/sun.nio.ch.EPoll.wait(Native Method)&#10;        at java.base@21.0.8/sun.nio.ch.EPollSelectorImpl.doSelect(EPollSelectorImpl.java:121)&#10;        at java.base@21.0.8/sun.nio.ch.SelectorImpl.lockAndDoSelect(SelectorImpl.java:130)&#10;        at java.base@21.0.8/sun.nio.ch.SelectorImpl.select(SelectorImpl.java:147)&#10;        at app//org.apache.hadoop.ipc.Server$Listener$Reader.doRunLoop(Server.java:1497)&#10;        at app//org.apache.hadoop.ipc.Server$Listener$Reader.run(Server.java:1476)&#10;&quot;IPC Server handler 35 on default port 15001&quot; daemon prio=5 tid=593 timed_waiting&#10;java.lang.Thread.State: TIMED_WAITING&#10;        at java.base@21.0.8/jdk.internal.misc.Unsafe.park(Native Method)&#10;        at java.base@21.0.8/java.util.concurrent.locks.LockSupport.parkNanos(LockSupport.java:269)&#10;        at java.base@21.0.8/java.util.concurrent.locks.AbstractQueuedSynchronizer$ConditionObject.awaitNanos(AbstractQueuedSynchronizer.java:1763)&#10;        at java.base@21.0.8/java.util.concurrent.LinkedBlockingQueue.poll(LinkedBlockingQueue.java:460)&#10;        at app//org.apache.hadoop.ipc.CallQueueManager.take(CallQueueManager.java:370)&#10;        at app//org.apache.hadoop.ipc.Server$Handler.run(Server.java:3165)&#10;&quot;74afb32b-8e70-4799-b16c-dc9602d9dbb6-ReplicationContainerReader-2&quot; daemon prio=5 tid=1336 in Object.wait()&#10;java.lang.Thread.State: WAITING (on object monitor)&#10;        at java.base@21.0.8/jdk.internal.misc.Unsafe.park(Native Method)&#10;        at java.base@21.0.8/java.util.concurrent.locks.LockSupport.park(LockSupport.java:371)&#10;        at java.base@21.0.8/java.util.concurrent.locks.AbstractQueuedSynchronizer$ConditionNode.block(AbstractQueuedSynchronizer.java:519)&#10;        at java.base@21.0.8/java.util.concurrent.ForkJoinPool.unmanagedBlock(ForkJoinPool.java:3780)&#10;        at java.base@21.0.8/java.util.concurrent.ForkJoinPool.managedBlock(ForkJoinPool.java:3725)&#10;        at java.base@21.0.8/java.util.concurrent.locks.AbstractQueuedSynchronizer$ConditionObject.await(AbstractQueuedSynchronizer.java:1712)&#10;        at java.base@21.0.8/java.util.concurrent.LinkedBlockingQueue.take(LinkedBlockingQueue.java:435)&#10;        at java.base@21.0.8/java.util.concurrent.ThreadPoolExecutor.getTask(ThreadPoolExecutor.java:1070)&#10;        at java.base@21.0.8/java.util.concurrent.ThreadPoolExecutor.runWorker(ThreadPoolExecutor.java:1130)&#10;        at java.base@21.0.8/java.util.concurrent.ThreadPoolExecutor$Worker.run(ThreadPoolExecutor.java:642)&#10;        at java.base@21.0.8/java.lang.Thread.runWith(Thread.java:1596)&#10;        at java.base@21.0.8/java.lang.Thread.run(Thread.java:1583)&#10;&quot;IPC Server handler 82 on default port 15003&quot; daemon prio=5 tid=302 timed_waiting&#10;java.lang.Thread.State: TIMED_WAITING&#10;        at java.base@21.0.8/jdk.internal.misc.Unsafe.park(Native Method)&#10;        at java.base@21.0.8/java.util.concurrent.locks.LockSupport.parkNanos(LockSupport.java:269)&#10;        at java.base@21.0.8/java.util.concurrent.locks.AbstractQueuedSynchronizer$ConditionObject.awaitNanos(AbstractQueuedSynchronizer.java:1763)&#10;        at java.base@21.0.8/java.util.concurrent.LinkedBlockingQueue.poll(LinkedBlockingQueue.java:460)&#10;        at app//org.apache.hadoop.ipc.CallQueueManager.take(CallQueueManager.java:370)&#10;        at app//org.apache.hadoop.ipc.Server$Handler.run(Server.java:3165)&#10;&quot;qtp1213220498-769&quot; daemon prio=5 tid=769 timed_waiting&#10;java.lang.Thread.State: TIMED_WAITING&#10;        at java.base@21.0.8/jdk.internal.misc.Unsafe.park(Native Method)&#10;        at java.base@21.0.8/java.util.concurrent.locks.LockSupport.parkNanos(LockSupport.java:269)&#10;        at java.base@21.0.8/java.util.concurrent.locks.AbstractQueuedSynchronizer$ConditionObject.awaitNanos(AbstractQueuedSynchronizer.java:1763)&#10;        at app//org.eclipse.jetty.util.BlockingArrayQueue.poll(BlockingArrayQueue.java:382)&#10;        at app//org.eclipse.jetty.util.thread.QueuedThreadPool$Runner.idleJobPoll(QueuedThreadPool.java:974)&#10;        at app//org.eclipse.jetty.util.thread.QueuedThreadPool$Runner.run(QueuedThreadPool.java:1018)&#10;        at java.base@21.0.8/java.lang.Thread.runWith(Thread.java:1596)&#10;        at java.base@21.0.8/java.lang.Thread.run(Thread.java:1583)&#10;&quot;Socket Reader #1 for port 15045&quot; daemon prio=5 tid=920 runnable&#10;java.lang.Thread.State: RUNNABLE&#10;        at java.base@21.0.8/sun.nio.ch.EPoll.wait(Native Method)&#10;        at java.base@21.0.8/sun.nio.ch.EPollSelectorImpl.doSelect(EPollSelectorImpl.java:121)&#10;        at java.base@21.0.8/sun.nio.ch.SelectorImpl.lockAndDoSelect(SelectorImpl.java:130)&#10;        at java.base@21.0.8/sun.nio.ch.SelectorImpl.select(SelectorImpl.java:147)&#10;        at app//org.apache.hadoop.ipc.Server$Listener$Reader.doRunLoop(Server.java:1497)&#10;        at app//org.apache.hadoop.ipc.Server$Listener$Reader.run(Server.java:1476)&#10;&quot;IPC Server handler 49 on default port 15003&quot; daemon prio=5 tid=269 timed_waiting&#10;java.lang.Thread.State: TIMED_WAITING&#10;        at java.base@21.0.8/jdk.internal.misc.Unsafe.park(Native Method)&#10;        at java.base@21.0.8/java.util.concurrent.locks.LockSupport.parkNanos(LockSupport.java:269)&#10;        at java.base@21.0.8/java.util.concurrent.locks.AbstractQueuedSynchronizer$ConditionObject.awaitNanos(AbstractQueuedSynchronizer.java:1763)&#10;        at java.base@21.0.8/java.util.concurrent.LinkedBlockingQueue.poll(LinkedBlockingQueue.java:460)&#10;        at app//org.apache.hadoop.ipc.CallQueueManager.take(CallQueueManager.java:370)&#10;        at app//org.apache.hadoop.ipc.Server$Handler.run(Server.java:3165)&#10;&quot;IPC Server handler 16 on default port 15002&quot; daemon prio=5 tid=136 timed_waiting&#10;java.lang.Thread.State: TIMED_WAITING&#10;        at java.base@21.0.8/jdk.internal.misc.Unsafe.park(Native Method)&#10;        at java.base@21.0.8/java.util.concurrent.locks.LockSupport.parkNanos(LockSupport.java:269)&#10;        at java.base@21.0.8/java.util.concurrent.locks.AbstractQueuedSynchronizer$ConditionObject.awaitNanos(AbstractQueuedSynchronizer.java:1763)&#10;        at java.base@21.0.8/java.util.concurrent.LinkedBlockingQueue.poll(LinkedBlockingQueue.java:460)&#10;        at app//org.apache.hadoop.ipc.CallQueueManager.take(CallQueueManager.java:370)&#10;        at app//org.apache.hadoop.ipc.Server$Handler.run(Server.java:3165)&#10;&quot;IPC Server handler 6 on default port 15045&quot; daemon prio=5 tid=944 timed_waiting&#10;java.lang.Thread.State: TIMED_WAITING&#10;        at java.base@21.0.8/jdk.internal.misc.Unsafe.park(Native Method)&#10;        at java.base@21.0.8/java.util.concurrent.locks.LockSupport.parkNanos(LockSupport.java:269)&#10;        at java.base@21.0.8/java.util.concurrent.locks.AbstractQueuedSynchronizer$ConditionObject.awaitNanos(AbstractQueuedSynchronizer.java:1763)&#10;        at java.base@21.0.8/java.util.concurrent.LinkedBlockingQueue.poll(LinkedBlockingQueue.java:460)&#10;        at app//org.apache.hadoop.ipc.CallQueueManager.take(CallQueueManager.java:370)&#10;        at app//org.apache.hadoop.ipc.Server$Handler.run(Server.java:3165)&#10;&quot;IPC Server handler 75 on default port 15004&quot; daemon prio=5 tid=413 timed_waiting&#10;java.lang.Thread.State: TIMED_WAITING&#10;        at java.base@21.0.8/jdk.internal.misc.Unsafe.park(Native Method)&#10;        at java.base@21.0.8/java.util.concurrent.locks.LockSupport.parkNanos(LockSupport.java:269)&#10;        at java.base@21.0.8/java.util.concurrent.locks.AbstractQueuedSynchronizer$ConditionObject.awaitNanos(AbstractQueuedSynchronizer.java:1763)&#10;        at java.base@21.0.8/java.util.concurrent.LinkedBlockingQueue.poll(LinkedBlockingQueue.java:460)&#10;        at app//org.apache.hadoop.ipc.CallQueueManager.take(CallQueueManager.java:370)&#10;        at app//org.apache.hadoop.ipc.Server$Handler.run(Server.java:3165)&#10;&quot;IPC Server handler 39 on default port 15003&quot; daemon prio=5 tid=259 timed_waiting&#10;java.lang.Thread.State: TIMED_WAITING&#10;        at java.base@21.0.8/jdk.internal.misc.Unsafe.park(Native Method)&#10;        at java.base@21.0.8/java.util.concurrent.locks.LockSupport.parkNanos(LockSupport.java:269)&#10;        at java.base@21.0.8/java.util.concurrent.locks.AbstractQueuedSynchronizer$ConditionObject.awaitNanos(AbstractQueuedSynchronizer.java:1763)&#10;        at java.base@21.0.8/java.util.concurrent.LinkedBlockingQueue.poll(LinkedBlockingQueue.java:460)&#10;        at app//org.apache.hadoop.ipc.CallQueueManager.take(CallQueueManager.java:370)&#10;        at app//org.apache.hadoop.ipc.Server$Handler.run(Server.java:3165)&#10;&quot;74afb32b-8e70-4799-b16c-dc9602d9dbb6-BlockDeletingService#0&quot; daemon prio=5 tid=1025 timed_waiting&#10;java.lang.Thread.State: TIMED_WAITING&#10;        at java.base@21.0.8/jdk.internal.misc.Unsafe.park(Native Method)&#10;        at java.base@21.0.8/java.util.concurrent.locks.LockSupport.parkNanos(LockSupport.java:269)&#10;        at java.base@21.0.8/java.util.concurrent.locks.AbstractQueuedSynchronizer$ConditionObject.awaitNanos(AbstractQueuedSynchronizer.java:1763)&#10;        at java.base@21.0.8/java.util.concurrent.ScheduledThreadPoolExecutor$DelayedWorkQueue.take(ScheduledThreadPoolExecutor.java:1182)&#10;        at java.base@21.0.8/java.util.concurrent.ScheduledThreadPoolExecutor$DelayedWorkQueue.take(ScheduledThreadPoolExecutor.java:899)&#10;        at java.base@21.0.8/java.util.concurrent.ThreadPoolExecutor.getTask(ThreadPoolExecutor.java:1070)&#10;        at java.base@21.0.8/java.util.concurrent.ThreadPoolExecutor.runWorker(ThreadPoolExecutor.java:1130)&#10;        at java.base@21.0.8/java.util.concurrent.ThreadPoolExecutor$Worker.run(ThreadPoolExecutor.java:642)&#10;        at java.base@21.0.8/java.lang.Thread.runWith(Thread.java:1596)&#10;        at java.base@21.0.8/java.lang.Thread.run(Thread.java:1583)&#10;&quot;IPC Server idle connection scanner for port 15029&quot; daemon prio=5 tid=784 timed_waiting&#10;java.lang.Thread.State: TIMED_WAITING&#10;        at java.base@21.0.8/java.lang.Object.wait0(Native Method)&#10;        at java.base@21.0.8/java.lang.Object.wait(Object.java:366)&#10;        at java.base@21.0.8/java.util.TimerThread.mainLoop(Timer.java:563)&#10;        at java.base@21.0.8/java.util.TimerThread.run(Timer.java:516)&#10;&quot;grpc-default-executor-7&quot; daemon prio=5 tid=1113 timed_waiting&#10;java.lang.Thread.State: TIMED_WAITING&#10;        at java.base@21.0.8/jdk.internal.misc.Unsafe.park(Native Method)&#10;        at java.base@21.0.8/java.util.concurrent.locks.LockSupport.parkNanos(LockSupport.java:410)&#10;        at java.base@21.0.8/java.util.concurrent.LinkedTransferQueue$DualNode.await(LinkedTransferQueue.java:452)&#10;        at java.base@21.0.8/java.util.concurrent.SynchronousQueue$Transferer.xferLifo(SynchronousQueue.java:194)&#10;        at java.base@21.0.8/java.util.concurrent.SynchronousQueue.xfer(SynchronousQueue.java:235)&#10;        at java.base@21.0.8/java.util.concurrent.SynchronousQueue.poll(SynchronousQueue.java:338)&#10;        at java.base@21.0.8/java.util.concurrent.ThreadPoolExecutor.getTask(ThreadPoolExecutor.java:1069)&#10;        at java.base@21.0.8/java.util.concurrent.ThreadPoolExecutor.runWorker(ThreadPoolExecutor.java:1130)&#10;        at java.base@21.0.8/java.util.concurrent.ThreadPoolExecutor$Worker.run(ThreadPoolExecutor.java:642)&#10;        at java.base@21.0.8/java.lang.Thread.runWith(Thread.java:1596)&#10;        at java.base@21.0.8/java.lang.Thread.run(Thread.java:1583)&#10;&quot;JvmPauseMonitor1&quot; daemon prio=5 tid=117 timed_waiting&#10;java.lang.Thread.State: TIMED_WAITING&#10;        at java.base@21.0.8/java.lang.Thread.sleep0(Native Method)&#10;        at java.base@21.0.8/java.lang.Thread.sleep(Thread.java:558)&#10;        at java.base@21.0.8/java.util.concurrent.TimeUnit.sleep(TimeUnit.java:446)&#10;        at app//org.apache.ratis.util.TimeDuration.sleep(TimeDuration.java:353)&#10;        at app//org.apache.ratis.util.TimeDuration.sleep(TimeDuration.java:338)&#10;        at app//org.apache.ratis.util.JvmPauseMonitor.detectPause(JvmPauseMonitor.java:160)&#10;        at app//org.apache.ratis.util.JvmPauseMonitor.run(JvmPauseMonitor.java:149)&#10;        at app//org.apache.ratis.util.JvmPauseMonitor$$Lambda/0x00007f9d6c3ae540.run(Unknown Source)&#10;        at java.base@21.0.8/java.lang.Thread.runWith(Thread.java:1596)&#10;        at java.base@21.0.8/java.lang.Thread.run(Thread.java:1583)&#10;&quot;Socket Reader #9 for port 15045&quot; daemon prio=5 tid=929 runnable&#10;java.lang.Thread.State: RUNNABLE&#10;        at java.base@21.0.8/sun.nio.ch.EPoll.wait(Native Method)&#10;        at java.base@21.0.8/sun.nio.ch.EPollSelectorImpl.doSelect(EPollSelectorImpl.java:121)&#10;        at java.base@21.0.8/sun.nio.ch.SelectorImpl.lockAndDoSelect(SelectorImpl.java:130)&#10;        at java.base@21.0.8/sun.nio.ch.SelectorImpl.select(SelectorImpl.java:147)&#10;        at app//org.apache.hadoop.ipc.Server$Listener$Reader.doRunLoop(Server.java:1497)&#10;        at app//org.apache.hadoop.ipc.Server$Listener$Reader.run(Server.java:1476)&#10;&quot;IPC Client (962379034) connection to localhost/127.0.0.1:15001 from runner&quot; daemon prio=5 tid=810 timed_waiting&#10;java.lang.Thread.State: TIMED_WAITING&#10;        at java.base@21.0.8/java.lang.Object.wait0(Native Method)&#10;        at java.base@21.0.8/java.lang.Object.wait(Object.java:366)&#10;        at app//org.apache.hadoop.ipc.Client$Connection.waitForWork(Client.java:1042)&#10;        at app//org.apache.hadoop.ipc.Client$Connection.run(Client.java:1093)&#10;&quot;IPC Server handler 12 on default port 15008&quot; daemon prio=5 tid=504 timed_waiting&#10;java.lang.Thread.State: TIMED_WAITING&#10;        at java.base@21.0.8/jdk.internal.misc.Unsafe.park(Native Method)&#10;        at java.base@21.0.8/java.util.concurrent.locks.LockSupport.parkNanos(LockSupport.java:269)&#10;        at java.base@21.0.8/java.util.concurrent.locks.AbstractQueuedSynchronizer$ConditionObject.awaitNanos(AbstractQueuedSynchronizer.java:1763)&#10;        at java.base@21.0.8/java.util.concurrent.LinkedBlockingQueue.poll(LinkedBlockingQueue.java:460)&#10;        at app//org.apache.hadoop.ipc.CallQueueManager.take(CallQueueManager.java:370)&#10;        at app//org.apache.hadoop.ipc.Server$Handler.run(Server.java:3165)&#10;&quot;IPC Server handler 55 on default port 15003&quot; daemon prio=5 tid=275 timed_waiting&#10;java.lang.Thread.State: TIMED_WAITING&#10;        at java.base@21.0.8/jdk.internal.misc.Unsafe.park(Native Method)&#10;        at java.base@21.0.8/java.util.concurrent.locks.LockSupport.parkNanos(LockSupport.java:269)&#10;        at java.base@21.0.8/java.util.concurrent.locks.AbstractQueuedSynchronizer$ConditionObject.awaitNanos(AbstractQueuedSynchronizer.java:1763)&#10;        at java.base@21.0.8/java.util.concurrent.LinkedBlockingQueue.poll(LinkedBlockingQueue.java:460)&#10;        at app//org.apache.hadoop.ipc.CallQueueManager.take(CallQueueManager.java:370)&#10;        at app//org.apache.hadoop.ipc.Server$Handler.run(Server.java:3165)&#10;&quot;IPC Server handler 8 on default port 15037&quot; daemon prio=5 tid=872 timed_waiting&#10;java.lang.Thread.State: TIMED_WAITING&#10;        at java.base@21.0.8/jdk.internal.misc.Unsafe.park(Native Method)&#10;        at java.base@21.0.8/java.util.concurrent.locks.LockSupport.parkNanos(LockSupport.java:269)&#10;        at java.base@21.0.8/java.util.concurrent.locks.AbstractQueuedSynchronizer$ConditionObject.awaitNanos(AbstractQueuedSynchronizer.java:1763)&#10;        at java.base@21.0.8/java.util.concurrent.LinkedBlockingQueue.poll(LinkedBlockingQueue.java:460)&#10;        at app//org.apache.hadoop.ipc.CallQueueManager.take(CallQueueManager.java:370)&#10;        at app//org.apache.hadoop.ipc.Server$Handler.run(Server.java:3165)&#10;&quot;fc0351b7-0c71-4a2a-a0ca-337e5c0b1c14-ChunkReader-ELG-0&quot; daemon prio=5 tid=998 runnable&#10;java.lang.Thread.State: RUNNABLE&#10;        at app//org.apache.ratis.thirdparty.io.netty.channel.epoll.Native.epollWait(Native Method)&#10;        at app//org.apache.ratis.thirdparty.io.netty.channel.epoll.Native.epollWait(Native.java:220)&#10;        at app//org.apache.ratis.thirdparty.io.netty.channel.epoll.Native.epollWait(Native.java:213)&#10;        at app//org.apache.ratis.thirdparty.io.netty.channel.epoll.EpollEventLoop.epollWaitNoTimerChange(EpollEventLoop.java:308)&#10;        at app//org.apache.ratis.thirdparty.io.netty.channel.epoll.EpollEventLoop.run(EpollEventLoop.java:365)&#10;        at app//org.apache.ratis.thirdparty.io.netty.util.concurrent.SingleThreadEventExecutor$4.run(SingleThreadEventExecutor.java:998)&#10;        at app//org.apache.ratis.thirdparty.io.netty.util.internal.ThreadExecutorMap$2.run(ThreadExecutorMap.java:74)&#10;        at java.base@21.0.8/java.lang.Thread.runWith(Thread.java:1596)&#10;        at java.base@21.0.8/java.lang.Thread.run(Thread.java:1583)&#10;&quot;7d2db622-5327-4122-ba03-be97b5575303-ContainerReplicationThread-0&quot; daemon prio=5 tid=1332 in Object.wait()&#10;java.lang.Thread.State: WAITING (on object monitor)&#10;        at java.base@21.0.8/jdk.internal.misc.Unsafe.park(Native Method)&#10;        at java.base@21.0.8/java.util.concurrent.locks.LockSupport.park(LockSupport.java:371)&#10;        at java.base@21.0.8/java.util.concurrent.locks.AbstractQueuedSynchronizer$ConditionNode.block(AbstractQueuedSynchronizer.java:519)&#10;        at java.base@21.0.8/java.util.concurrent.ForkJoinPool.unmanagedBlock(ForkJoinPool.java:3780)&#10;        at java.base@21.0.8/java.util.concurrent.ForkJoinPool.managedBlock(ForkJoinPool.java:3725)&#10;        at java.base@21.0.8/java.util.concurrent.locks.AbstractQueuedSynchronizer$ConditionObject.await(AbstractQueuedSynchronizer.java:1712)&#10;        at java.base@21.0.8/java.util.concurrent.PriorityBlockingQueue.take(PriorityBlockingQueue.java:535)&#10;        at java.base@21.0.8/java.util.concurrent.ThreadPoolExecutor.getTask(ThreadPoolExecutor.java:1070)&#10;        at java.base@21.0.8/java.util.concurrent.ThreadPoolExecutor.runWorker(ThreadPoolExecutor.java:1130)&#10;        at java.base@21.0.8/java.util.concurrent.ThreadPoolExecutor$Worker.run(ThreadPoolExecutor.java:642)&#10;        at java.base@21.0.8/java.lang.Thread.runWith(Thread.java:1596)&#10;        at java.base@21.0.8/java.lang.Thread.run(Thread.java:1583)&#10;&quot;IPC Server handler 29 on default port 15002&quot; daemon prio=5 tid=149 timed_waiting&#10;java.lang.Thread.State: TIMED_WAITING&#10;        at java.base@21.0.8/jdk.internal.misc.Unsafe.park(Native Method)&#10;        at java.base@21.0.8/java.util.concurrent.locks.LockSupport.parkNanos(LockSupport.java:269)&#10;        at java.base@21.0.8/java.util.concurrent.locks.AbstractQueuedSynchronizer$ConditionObject.awaitNanos(AbstractQueuedSynchronizer.java:1763)&#10;        at java.base@21.0.8/java.util.concurrent.LinkedBlockingQueue.poll(LinkedBlockingQueue.java:460)&#10;        at app//org.apache.hadoop.ipc.CallQueueManager.take(CallQueueManager.java:370)&#10;        at app//org.apache.hadoop.ipc.Server$Handler.run(Server.java:3165)&#10;&quot;fc0351b7-0c71-4a2a-a0ca-337e5c0b1c14-DataNodeDiskCheckerThread-0&quot; daemon prio=5 tid=985 timed_waiting&#10;java.lang.Thread.State: TIMED_WAITING&#10;        at java.base@21.0.8/jdk.internal.misc.Unsafe.park(Native Method)&#10;        at java.base@21.0.8/java.util.concurrent.locks.LockSupport.parkNanos(LockSupport.java:410)&#10;        at java.base@21.0.8/java.util.concurrent.LinkedTransferQueue$DualNode.await(LinkedTransferQueue.java:452)&#10;        at java.base@21.0.8/java.util.concurrent.SynchronousQueue$Transferer.xferLifo(SynchronousQueue.java:194)&#10;        at java.base@21.0.8/java.util.concurrent.SynchronousQueue.xfer(SynchronousQueue.java:235)&#10;        at java.base@21.0.8/java.util.concurrent.SynchronousQueue.poll(SynchronousQueue.java:338)&#10;        at java.base@21.0.8/java.util.concurrent.ThreadPoolExecutor.getTask(ThreadPoolExecutor.java:1069)&#10;        at java.base@21.0.8/java.util.concurrent.ThreadPoolExecutor.runWorker(ThreadPoolExecutor.java:1130)&#10;        at java.base@21.0.8/java.util.concurrent.ThreadPoolExecutor$Worker.run(ThreadPoolExecutor.java:642)&#10;        at java.base@21.0.8/java.lang.Thread.runWith(Thread.java:1596)&#10;        at java.base@21.0.8/java.lang.Thread.run(Thread.java:1583)&#10;&quot;IPC Server handler 47 on default port 15004&quot; daemon prio=5 tid=385 timed_waiting&#10;java.lang.Thread.State: TIMED_WAITING&#10;        at java.base@21.0.8/jdk.internal.misc.Unsafe.park(Native Method)&#10;        at java.base@21.0.8/java.util.concurrent.locks.LockSupport.parkNanos(LockSupport.java:269)&#10;        at java.base@21.0.8/java.util.concurrent.locks.AbstractQueuedSynchronizer$ConditionObject.awaitNanos(AbstractQueuedSynchronizer.java:1763)&#10;        at java.base@21.0.8/java.util.concurrent.LinkedBlockingQueue.poll(LinkedBlockingQueue.java:460)&#10;        at app//org.apache.hadoop.ipc.CallQueueManager.take(CallQueueManager.java:370)&#10;        at app//org.apache.hadoop.ipc.Server$Handler.run(Server.java:3165)&#10;&quot;SSL Certificates Store Monitor&quot; daemon prio=5 tid=1362 in Object.wait()&#10;java.lang.Thread.State: WAITING (on object monitor)&#10;        at java.base@21.0.8/java.lang.Object.wait0(Native Method)&#10;        at java.base@21.0.8/java.lang.Object.wait(Object.java:366)&#10;        at java.base@21.0.8/java.lang.Object.wait(Object.java:339)&#10;        at java.base@21.0.8/java.util.TimerThread.mainLoop(Timer.java:537)&#10;        at java.base@21.0.8/java.util.TimerThread.run(Timer.java:516)&#10;&quot;IPC Server handler 77 on default port 15001&quot; daemon prio=5 tid=635 timed_waiting&#10;java.lang.Thread.State: TIMED_WAITING&#10;        at java.base@21.0.8/jdk.internal.misc.Unsafe.park(Native Method)&#10;        at java.base@21.0.8/java.util.concurrent.locks.LockSupport.parkNanos(LockSupport.java:269)&#10;        at java.base@21.0.8/java.util.concurrent.locks.AbstractQueuedSynchronizer$ConditionObject.awaitNanos(AbstractQueuedSynchronizer.java:1763)&#10;        at java.base@21.0.8/java.util.concurrent.LinkedBlockingQueue.poll(LinkedBlockingQueue.java:460)&#10;        at app//org.apache.hadoop.ipc.CallQueueManager.take(CallQueueManager.java:370)&#10;        at app//org.apache.hadoop.ipc.Server$Handler.run(Server.java:3165)&#10;&quot;ForkJoinPool.commonPool-worker-2&quot; daemon prio=5 tid=1029 in Object.wait()&#10;java.lang.Thread.State: WAITING (on object monitor)&#10;        at java.base@21.0.8/jdk.internal.misc.Unsafe.park(Native Method)&#10;        at java.base@21.0.8/java.util.concurrent.locks.LockSupport.park(LockSupport.java:371)&#10;        at java.base@21.0.8/java.util.concurrent.ForkJoinPool.awaitWork(ForkJoinPool.java:1893)&#10;        at java.base@21.0.8/java.util.concurrent.ForkJoinPool.runWorker(ForkJoinPool.java:1809)&#10;        at java.base@21.0.8/java.util.concurrent.ForkJoinWorkerThread.run(ForkJoinWorkerThread.java:188)&#10;&quot;pool-36-thread-1&quot;  prio=5 tid=322 timed_waiting&#10;java.lang.Thread.State: TIMED_WAITING&#10;        at java.base@21.0.8/jdk.internal.misc.Unsafe.park(Native Method)&#10;        at java.base@21.0.8/java.util.concurrent.locks.LockSupport.parkNanos(LockSupport.java:269)&#10;        at java.base@21.0.8/java.util.concurrent.locks.AbstractQueuedSynchronizer$ConditionObject.awaitNanos(AbstractQueuedSynchronizer.java:1763)&#10;        at java.base@21.0.8/java.util.concurrent.ScheduledThreadPoolExecutor$DelayedWorkQueue.take(ScheduledThreadPoolExecutor.java:1182)&#10;        at java.base@21.0.8/java.util.concurrent.ScheduledThreadPoolExecutor$DelayedWorkQueue.take(ScheduledThreadPoolExecutor.java:899)&#10;        at java.base@21.0.8/java.util.concurrent.ThreadPoolExecutor.getTask(ThreadPoolExecutor.java:1070)&#10;        at java.base@21.0.8/java.util.concurrent.ThreadPoolExecutor.runWorker(ThreadPoolExecutor.java:1130)&#10;        at java.base@21.0.8/java.util.concurrent.ThreadPoolExecutor$Worker.run(ThreadPoolExecutor.java:642)&#10;        at java.base@21.0.8/java.lang.Thread.runWith(Thread.java:1596)&#10;        at java.base@21.0.8/java.lang.Thread.run(Thread.java:1583)&#10;&quot;Socket Reader #5 for port 15021&quot; daemon prio=5 tid=732 runnable&#10;java.lang.Thread.State: RUNNABLE&#10;        at java.base@21.0.8/sun.nio.ch.EPoll.wait(Native Method)&#10;        at java.base@21.0.8/sun.nio.ch.EPollSelectorImpl.doSelect(EPollSelectorImpl.java:121)&#10;        at java.base@21.0.8/sun.nio.ch.SelectorImpl.lockAndDoSelect(SelectorImpl.java:130)&#10;        at java.base@21.0.8/sun.nio.ch.SelectorImpl.select(SelectorImpl.java:147)&#10;        at app//org.apache.hadoop.ipc.Server$Listener$Reader.doRunLoop(Server.java:1497)&#10;        at app//org.apache.hadoop.ipc.Server$Listener$Reader.run(Server.java:1476)&#10;&quot;IPC Server handler 85 on default port 15003&quot; daemon prio=5 tid=305 timed_waiting&#10;java.lang.Thread.State: TIMED_WAITING&#10;        at java.base@21.0.8/jdk.internal.misc.Unsafe.park(Native Method)&#10;        at java.base@21.0.8/java.util.concurrent.locks.LockSupport.parkNanos(LockSupport.java:269)&#10;        at java.base@21.0.8/java.util.concurrent.locks.AbstractQueuedSynchronizer$ConditionObject.awaitNanos(AbstractQueuedSynchronizer.java:1763)&#10;        at java.base@21.0.8/java.util.concurrent.LinkedBlockingQueue.poll(LinkedBlockingQueue.java:460)&#10;        at app//org.apache.hadoop.ipc.CallQueueManager.take(CallQueueManager.java:370)&#10;        at app//org.apache.hadoop.ipc.Server$Handler.run(Server.java:3165)&#10;&quot;IPC Server handler 94 on default port 15003&quot; daemon prio=5 tid=314 timed_waiting&#10;java.lang.Thread.State: TIMED_WAITING&#10;        at java.base@21.0.8/jdk.internal.misc.Unsafe.park(Native Method)&#10;        at java.base@21.0.8/java.util.concurrent.locks.LockSupport.parkNanos(LockSupport.java:269)&#10;        at java.base@21.0.8/java.util.concurrent.locks.AbstractQueuedSynchronizer$ConditionObject.awaitNanos(AbstractQueuedSynchronizer.java:1763)&#10;        at java.base@21.0.8/java.util.concurrent.LinkedBlockingQueue.poll(LinkedBlockingQueue.java:460)&#10;        at app//org.apache.hadoop.ipc.CallQueueManager.take(CallQueueManager.java:370)&#10;        at app//org.apache.hadoop.ipc.Server$Handler.run(Server.java:3165)&#10;&quot;IPC Server handler 0 on default port 15045&quot; daemon prio=5 tid=937 timed_waiting&#10;java.lang.Thread.State: TIMED_WAITING&#10;        at java.base@21.0.8/jdk.internal.misc.Unsafe.park(Native Method)&#10;        at java.base@21.0.8/java.util.concurrent.locks.LockSupport.parkNanos(LockSupport.java:269)&#10;        at java.base@21.0.8/java.util.concurrent.locks.AbstractQueuedSynchronizer$ConditionObject.awaitNanos(AbstractQueuedSynchronizer.java:1763)&#10;        at java.base@21.0.8/java.util.concurrent.LinkedBlockingQueue.poll(LinkedBlockingQueue.java:460)&#10;        at app//org.apache.hadoop.ipc.CallQueueManager.take(CallQueueManager.java:370)&#10;        at app//org.apache.hadoop.ipc.Server$Handler.run(Server.java:3165)&#10;&quot;om1-DirectoryDeletingService#3&quot; daemon prio=5 tid=1365 in Object.wait()&#10;java.lang.Thread.State: WAITING (on object monitor)&#10;        at java.base@21.0.8/jdk.internal.misc.Unsafe.park(Native Method)&#10;        at java.base@21.0.8/java.util.concurrent.locks.LockSupport.park(LockSupport.java:371)&#10;        at java.base@21.0.8/java.util.concurrent.locks.AbstractQueuedSynchronizer$ConditionNode.block(AbstractQueuedSynchronizer.java:519)&#10;        at java.base@21.0.8/java.util.concurrent.ForkJoinPool.unmanagedBlock(ForkJoinPool.java:3780)&#10;        at java.base@21.0.8/java.util.concurrent.ForkJoinPool.managedBlock(ForkJoinPool.java:3725)&#10;        at java.base@21.0.8/java.util.concurrent.locks.AbstractQueuedSynchronizer$ConditionObject.await(AbstractQueuedSynchronizer.java:1712)&#10;        at java.base@21.0.8/java.util.concurrent.ScheduledThreadPoolExecutor$DelayedWorkQueue.take(ScheduledThreadPoolExecutor.java:1177)&#10;        at java.base@21.0.8/java.util.concurrent.ScheduledThreadPoolExecutor$DelayedWorkQueue.take(ScheduledThreadPoolExecutor.java:899)&#10;        at java.base@21.0.8/java.util.concurrent.ThreadPoolExecutor.getTask(ThreadPoolExecutor.java:1070)&#10;        at java.base@21.0.8/java.util.concurrent.ThreadPoolExecutor.runWorker(ThreadPoolExecutor.java:1130)&#10;        at java.base@21.0.8/java.util.concurrent.ThreadPoolExecutor$Worker.run(ThreadPoolExecutor.java:642)&#10;        at java.base@21.0.8/java.lang.Thread.runWith(Thread.java:1596)&#10;        at java.base@21.0.8/java.lang.Thread.run(Thread.java:1583)&#10;&quot;IPC Server handler 23 on default port 15004&quot; daemon prio=5 tid=361 timed_waiting&#10;java.lang.Thread.State: TIMED_WAITING&#10;        at java.base@21.0.8/jdk.internal.misc.Unsafe.park(Native Method)&#10;        at java.base@21.0.8/java.util.concurrent.locks.LockSupport.parkNanos(LockSupport.java:269)&#10;        at java.base@21.0.8/java.util.concurrent.locks.AbstractQueuedSynchronizer$ConditionObject.awaitNanos(AbstractQueuedSynchronizer.java:1763)&#10;        at java.base@21.0.8/java.util.concurrent.LinkedBlockingQueue.poll(LinkedBlockingQueue.java:460)&#10;        at app//org.apache.hadoop.ipc.CallQueueManager.take(CallQueueManager.java:370)&#10;        at app//org.apache.hadoop.ipc.Server$Handler.run(Server.java:3165)&#10;&quot;EventQueue-NodeReportForNodeReportHandler&quot; daemon prio=5 tid=1004 in Object.wait()&#10;java.lang.Thread.State: WAITING (on object monitor)&#10;        at java.base@21.0.8/jdk.internal.misc.Unsafe.park(Native Method)&#10;        at java.base@21.0.8/java.util.concurrent.locks.LockSupport.park(LockSupport.java:371)&#10;        at java.base@21.0.8/java.util.concurrent.locks.AbstractQueuedSynchronizer$ConditionNode.block(AbstractQueuedSynchronizer.java:519)&#10;        at java.base@21.0.8/java.util.concurrent.ForkJoinPool.unmanagedBlock(ForkJoinPool.java:3780)&#10;        at java.base@21.0.8/java.util.concurrent.ForkJoinPool.managedBlock(ForkJoinPool.java:3725)&#10;        at java.base@21.0.8/java.util.concurrent.locks.AbstractQueuedSynchronizer$ConditionObject.await(AbstractQueuedSynchronizer.java:1712)&#10;        at java.base@21.0.8/java.util.concurrent.LinkedBlockingQueue.take(LinkedBlockingQueue.java:435)&#10;        at java.base@21.0.8/java.util.concurrent.ThreadPoolExecutor.getTask(ThreadPoolExecutor.java:1070)&#10;        at java.base@21.0.8/java.util.concurrent.ThreadPoolExecutor.runWorker(ThreadPoolExecutor.java:1130)&#10;        at java.base@21.0.8/java.util.concurrent.ThreadPoolExecutor$Worker.run(ThreadPoolExecutor.java:642)&#10;        at java.base@21.0.8/java.lang.Thread.runWith(Thread.java:1596)&#10;        at java.base@21.0.8/java.lang.Thread.run(Thread.java:1583)&#10;&quot;pool-158-thread-1&quot; daemon prio=5 tid=934 timed_waiting&#10;java.lang.Thread.State: TIMED_WAITING&#10;        at java.base@21.0.8/jdk.internal.misc.Unsafe.park(Native Method)&#10;        at java.base@21.0.8/java.util.concurrent.locks.LockSupport.parkNanos(LockSupport.java:269)&#10;        at java.base@21.0.8/java.util.concurrent.locks.AbstractQueuedSynchronizer$ConditionObject.awaitNanos(AbstractQueuedSynchronizer.java:1763)&#10;        at java.base@21.0.8/java.util.concurrent.ScheduledThreadPoolExecutor$DelayedWorkQueue.take(ScheduledThreadPoolExecutor.java:1182)&#10;        at java.base@21.0.8/java.util.concurrent.ScheduledThreadPoolExecutor$DelayedWorkQueue.take(ScheduledThreadPoolExecutor.java:899)&#10;        at java.base@21.0.8/java.util.concurrent.ThreadPoolExecutor.getTask(ThreadPoolExecutor.java:1070)&#10;        at java.base@21.0.8/java.util.concurrent.ThreadPoolExecutor.runWorker(ThreadPoolExecutor.java:1130)&#10;        at java.base@21.0.8/java.util.concurrent.ThreadPoolExecutor$Worker.run(ThreadPoolExecutor.java:642)&#10;        at java.base@21.0.8/java.lang.Thread.runWith(Thread.java:1596)&#10;        at java.base@21.0.8/java.lang.Thread.run(Thread.java:1583)&#10;&quot;IPC Server handler 98 on default port 15004&quot; daemon prio=5 tid=436 timed_waiting&#10;java.lang.Thread.State: TIMED_WAITING&#10;        at java.base@21.0.8/jdk.internal.misc.Unsafe.park(Native Method)&#10;        at java.base@21.0.8/java.util.concurrent.locks.LockSupport.parkNanos(LockSupport.java:269)&#10;        at java.base@21.0.8/java.util.concurrent.locks.AbstractQueuedSynchronizer$ConditionObject.awaitNanos(AbstractQueuedSynchronizer.java:1763)&#10;        at java.base@21.0.8/java.util.concurrent.LinkedBlockingQueue.poll(LinkedBlockingQueue.java:460)&#10;        at app//org.apache.hadoop.ipc.CallQueueManager.take(CallQueueManager.java:370)&#10;        at app//org.apache.hadoop.ipc.Server$Handler.run(Server.java:3165)&#10;&quot;EventQueue-PipelineReportForOneReplicaPipelineSafeModeRule&quot; daemon prio=5 tid=964 in Object.wait()&#10;java.lang.Thread.State: WAITING (on object monitor)&#10;        at java.base@21.0.8/jdk.internal.misc.Unsafe.park(Native Method)&#10;        at java.base@21.0.8/java.util.concurrent.locks.LockSupport.park(LockSupport.java:371)&#10;        at java.base@21.0.8/java.util.concurrent.locks.AbstractQueuedSynchronizer$ConditionNode.block(AbstractQueuedSynchronizer.java:519)&#10;        at java.base@21.0.8/java.util.concurrent.ForkJoinPool.unmanagedBlock(ForkJoinPool.java:3780)&#10;        at java.base@21.0.8/java.util.concurrent.ForkJoinPool.managedBlock(ForkJoinPool.java:3725)&#10;        at java.base@21.0.8/java.util.concurrent.locks.AbstractQueuedSynchronizer$ConditionObject.await(AbstractQueuedSynchronizer.java:1712)&#10;        at java.base@21.0.8/java.util.concurrent.LinkedBlockingQueue.take(LinkedBlockingQueue.java:435)&#10;        at java.base@21.0.8/java.util.concurrent.ThreadPoolExecutor.getTask(ThreadPoolExecutor.java:1070)&#10;        at java.base@21.0.8/java.util.concurrent.ThreadPoolExecutor.runWorker(ThreadPoolExecutor.java:1130)&#10;        at java.base@21.0.8/java.util.concurrent.ThreadPoolExecutor$Worker.run(ThreadPoolExecutor.java:642)&#10;        at java.base@21.0.8/java.lang.Thread.runWith(Thread.java:1596)&#10;        at java.base@21.0.8/java.lang.Thread.run(Thread.java:1583)&#10;&quot;UnderReplicatedProcessor&quot; daemon prio=5 tid=58 timed_waiting&#10;java.lang.Thread.State: TIMED_WAITING&#10;        at java.base@21.0.8/java.lang.Object.wait0(Native Method)&#10;        at java.base@21.0.8/java.lang.Object.wait(Object.java:366)&#10;        at app//org.apache.hadoop.hdds.scm.container.replication.UnhealthyReplicationProcessor.run(UnhealthyReplicationProcessor.java:172)&#10;        at java.base@21.0.8/java.lang.Thread.runWith(Thread.java:1596)&#10;        at java.base@21.0.8/java.lang.Thread.run(Thread.java:1583)&#10;&quot;pool-129-thread-1&quot; daemon prio=5 tid=886 timed_waiting&#10;java.lang.Thread.State: TIMED_WAITING&#10;        at java.base@21.0.8/jdk.internal.misc.Unsafe.park(Native Method)&#10;        at java.base@21.0.8/java.util.concurrent.locks.LockSupport.parkNanos(LockSupport.java:269)&#10;        at java.base@21.0.8/java.util.concurrent.locks.AbstractQueuedSynchronizer$ConditionObject.awaitNanos(AbstractQueuedSynchronizer.java:1763)&#10;        at java.base@21.0.8/java.util.concurrent.ScheduledThreadPoolExecutor$DelayedWorkQueue.take(ScheduledThreadPoolExecutor.java:1182)&#10;        at java.base@21.0.8/java.util.concurrent.ScheduledThreadPoolExecutor$DelayedWorkQueue.take(ScheduledThreadPoolExecutor.java:899)&#10;        at java.base@21.0.8/java.util.concurrent.ThreadPoolExecutor.getTask(ThreadPoolExecutor.java:1070)&#10;        at java.base@21.0.8/java.util.concurrent.ThreadPoolExecutor.runWorker(ThreadPoolExecutor.java:1130)&#10;        at java.base@21.0.8/java.util.concurrent.ThreadPoolExecutor$Worker.run(ThreadPoolExecutor.java:642)&#10;        at java.base@21.0.8/java.lang.Thread.runWith(Thread.java:1596)&#10;        at java.base@21.0.8/java.lang.Thread.run(Thread.java:1583)&#10;&quot;IPC Server Responder&quot; daemon prio=5 tid=87 runnable&#10;java.lang.Thread.State: RUNNABLE&#10;        at java.base@21.0.8/sun.nio.ch.EPoll.wait(Native Method)&#10;        at java.base@21.0.8/sun.nio.ch.EPollSelectorImpl.doSelect(EPollSelectorImpl.java:121)&#10;        at java.base@21.0.8/sun.nio.ch.SelectorImpl.lockAndDoSelect(SelectorImpl.java:130)&#10;        at java.base@21.0.8/sun.nio.ch.SelectorImpl.select(SelectorImpl.java:142)&#10;        at app//org.apache.hadoop.ipc.Server$Responder.doRunLoop(Server.java:1733)&#10;        at app//org.apache.hadoop.ipc.Server$Responder.run(Server.java:1716)&#10;&quot;IPC Server handler 5 on default port 15045&quot; daemon prio=5 tid=942 timed_waiting&#10;java.lang.Thread.State: TIMED_WAITING&#10;        at java.base@21.0.8/jdk.internal.misc.Unsafe.park(Native Method)&#10;        at java.base@21.0.8/java.util.concurrent.locks.LockSupport.parkNanos(LockSupport.java:269)&#10;        at java.base@21.0.8/java.util.concurrent.locks.AbstractQueuedSynchronizer$ConditionObject.awaitNanos(AbstractQueuedSynchronizer.java:1763)&#10;        at java.base@21.0.8/java.util.concurrent.LinkedBlockingQueue.poll(LinkedBlockingQueue.java:460)&#10;        at app//org.apache.hadoop.ipc.CallQueueManager.take(CallQueueManager.java:370)&#10;        at app//org.apache.hadoop.ipc.Server$Handler.run(Server.java:3165)&#10;&quot;74afb32b-8e70-4799-b16c-dc9602d9dbb6-BlockDeletingService#1&quot; daemon prio=5 tid=1027 in Object.wait()&#10;java.lang.Thread.State: WAITING (on object monitor)&#10;        at java.base@21.0.8/jdk.internal.misc.Unsafe.park(Native Method)&#10;        at java.base@21.0.8/java.util.concurrent.locks.LockSupport.park(LockSupport.java:371)&#10;        at java.base@21.0.8/java.util.concurrent.locks.AbstractQueuedSynchronizer$ConditionNode.block(AbstractQueuedSynchronizer.java:519)&#10;        at java.base@21.0.8/java.util.concurrent.ForkJoinPool.unmanagedBlock(ForkJoinPool.java:3780)&#10;        at java.base@21.0.8/java.util.concurrent.ForkJoinPool.managedBlock(ForkJoinPool.java:3725)&#10;        at java.base@21.0.8/java.util.concurrent.locks.AbstractQueuedSynchronizer$ConditionObject.await(AbstractQueuedSynchronizer.java:1712)&#10;        at java.base@21.0.8/java.util.concurrent.ScheduledThreadPoolExecutor$DelayedWorkQueue.take(ScheduledThreadPoolExecutor.java:1177)&#10;        at java.base@21.0.8/java.util.concurrent.ScheduledThreadPoolExecutor$DelayedWorkQueue.take(ScheduledThreadPoolExecutor.java:899)&#10;        at java.base@21.0.8/java.util.concurrent.ThreadPoolExecutor.getTask(ThreadPoolExecutor.java:1070)&#10;        at java.base@21.0.8/java.util.concurrent.ThreadPoolExecutor.runWorker(ThreadPoolExecutor.java:1130)&#10;        at java.base@21.0.8/java.util.concurrent.ThreadPoolExecutor$Worker.run(ThreadPoolExecutor.java:642)&#10;        at java.base@21.0.8/java.lang.Thread.runWith(Thread.java:1596)&#10;        at java.base@21.0.8/java.lang.Thread.run(Thread.java:1583)&#10;&quot;fc0351b7-0c71-4a2a-a0ca-337e5c0b1c14-ChunkWriter-1-0&quot; daemon prio=5 tid=993 in Object.wait()&#10;java.lang.Thread.State: WAITING (on object monitor)&#10;        at java.base@21.0.8/jdk.internal.misc.Unsafe.park(Native Method)&#10;        at java.base@21.0.8/java.util.concurrent.locks.LockSupport.park(LockSupport.java:371)&#10;        at java.base@21.0.8/java.util.concurrent.locks.AbstractQueuedSynchronizer$ConditionNode.block(AbstractQueuedSynchronizer.java:519)&#10;        at java.base@21.0.8/java.util.concurrent.ForkJoinPool.unmanagedBlock(ForkJoinPool.java:3780)&#10;        at java.base@21.0.8/java.util.concurrent.ForkJoinPool.managedBlock(ForkJoinPool.java:3725)&#10;        at java.base@21.0.8/java.util.concurrent.locks.AbstractQueuedSynchronizer$ConditionObject.await(AbstractQueuedSynchronizer.java:1712)&#10;        at java.base@21.0.8/java.util.concurrent.LinkedBlockingDeque.takeFirst(LinkedBlockingDeque.java:485)&#10;        at java.base@21.0.8/java.util.concurrent.LinkedBlockingDeque.take(LinkedBlockingDeque.java:673)&#10;        at java.base@21.0.8/java.util.concurrent.ThreadPoolExecutor.getTask(ThreadPoolExecutor.java:1070)&#10;        at java.base@21.0.8/java.util.concurrent.ThreadPoolExecutor.runWorker(ThreadPoolExecutor.java:1130)&#10;        at java.base@21.0.8/java.util.concurrent.ThreadPoolExecutor$Worker.run(ThreadPoolExecutor.java:642)&#10;        at java.base@21.0.8/java.lang.Thread.runWith(Thread.java:1596)&#10;        at java.base@21.0.8/java.lang.Thread.run(Thread.java:1583)&#10;&quot;74afb32b-8e70-4799-b16c-dc9602d9dbb6-ChunkWriter-3-0&quot; daemon prio=5 tid=1022 in Object.wait()&#10;java.lang.Thread.State: WAITING (on object monitor)&#10;        at java.base@21.0.8/jdk.internal.misc.Unsafe.park(Native Method)&#10;        at java.base@21.0.8/java.util.concurrent.locks.LockSupport.park(LockSupport.java:371)&#10;        at java.base@21.0.8/java.util.concurrent.locks.AbstractQueuedSynchronizer$ConditionNode.block(AbstractQueuedSynchronizer.java:519)&#10;        at java.base@21.0.8/java.util.concurrent.ForkJoinPool.unmanagedBlock(ForkJoinPool.java:3780)&#10;        at java.base@21.0.8/java.util.concurrent.ForkJoinPool.managedBlock(ForkJoinPool.java:3725)&#10;        at java.base@21.0.8/java.util.concurrent.locks.AbstractQueuedSynchronizer$ConditionObject.await(AbstractQueuedSynchronizer.java:1712)&#10;        at java.base@21.0.8/java.util.concurrent.LinkedBlockingDeque.takeFirst(LinkedBlockingDeque.java:485)&#10;        at java.base@21.0.8/java.util.concurrent.LinkedBlockingDeque.take(LinkedBlockingDeque.java:673)&#10;        at java.base@21.0.8/java.util.concurrent.ThreadPoolExecutor.getTask(ThreadPoolExecutor.java:1070)&#10;        at java.base@21.0.8/java.util.concurrent.ThreadPoolExecutor.runWorker(ThreadPoolExecutor.java:1130)&#10;        at java.base@21.0.8/java.util.concurrent.ThreadPoolExecutor$Worker.run(ThreadPoolExecutor.java:642)&#10;        at java.base@21.0.8/java.lang.Thread.runWith(Thread.java:1596)&#10;        at java.base@21.0.8/java.lang.Thread.run(Thread.java:1583)&#10;&quot;IPC Server handler 1 on default port 15004&quot; daemon prio=5 tid=339 timed_waiting&#10;java.lang.Thread.State: TIMED_WAITING&#10;        at java.base@21.0.8/jdk.internal.misc.Unsafe.park(Native Method)&#10;        at java.base@21.0.8/java.util.concurrent.locks.LockSupport.parkNanos(LockSupport.java:269)&#10;        at java.base@21.0.8/java.util.concurrent.locks.AbstractQueuedSynchronizer$ConditionObject.awaitNanos(AbstractQueuedSynchronizer.java:1763)&#10;        at java.base@21.0.8/java.util.concurrent.LinkedBlockingQueue.poll(LinkedBlockingQueue.java:460)&#10;        at app//org.apache.hadoop.ipc.CallQueueManager.take(CallQueueManager.java:370)&#10;        at app//org.apache.hadoop.ipc.Server$Handler.run(Server.java:3165)&#10;&quot;IPC Server handler 23 on default port 15001&quot; daemon prio=5 tid=581 timed_waiting&#10;java.lang.Thread.State: TIMED_WAITING&#10;        at java.base@21.0.8/jdk.internal.misc.Unsafe.park(Native Method)&#10;        at java.base@21.0.8/java.util.concurrent.locks.LockSupport.parkNanos(LockSupport.java:269)&#10;        at java.base@21.0.8/java.util.concurrent.locks.AbstractQueuedSynchronizer$ConditionObject.awaitNanos(AbstractQueuedSynchronizer.java:1763)&#10;        at java.base@21.0.8/java.util.concurrent.LinkedBlockingQueue.poll(LinkedBlockingQueue.java:460)&#10;        at app//org.apache.hadoop.ipc.CallQueueManager.take(CallQueueManager.java:370)&#10;        at app//org.apache.hadoop.ipc.Server$Handler.run(Server.java:3165)&#10;&quot;Reference Handler&quot; daemon prio=10 tid=9 runnable&#10;java.lang.Thread.State: RUNNABLE&#10;        at java.base@21.0.8/java.lang.ref.Reference.waitForReferencePendingList(Native Method)&#10;        at java.base@21.0.8/java.lang.ref.Reference.processPendingReferences(Reference.java:246)&#10;        at java.base@21.0.8/java.lang.ref.Reference$ReferenceHandler.run(Reference.java:208)&#10;&quot;pool-151-thread-1&quot;  prio=5 tid=717 timed_waiting&#10;java.lang.Thread.State: TIMED_WAITING&#10;        at java.base@21.0.8/jdk.internal.misc.Unsafe.park(Native Method)&#10;        at java.base@21.0.8/java.util.concurrent.locks.LockSupport.parkNanos(LockSupport.java:269)&#10;        at java.base@21.0.8/java.util.concurrent.locks.AbstractQueuedSynchronizer$ConditionObject.awaitNanos(AbstractQueuedSynchronizer.java:1763)&#10;        at java.base@21.0.8/java.util.concurrent.ScheduledThreadPoolExecutor$DelayedWorkQueue.take(ScheduledThreadPoolExecutor.java:1182)&#10;        at java.base@21.0.8/java.util.concurrent.ScheduledThreadPoolExecutor$DelayedWorkQueue.take(ScheduledThreadPoolExecutor.java:899)&#10;        at java.base@21.0.8/java.util.concurrent.ThreadPoolExecutor.getTask(ThreadPoolExecutor.java:1070)&#10;        at java.base@21.0.8/java.util.concurrent.ThreadPoolExecutor.runWorker(ThreadPoolExecutor.java:1130)&#10;        at java.base@21.0.8/java.util.concurrent.ThreadPoolExecutor$Worker.run(ThreadPoolExecutor.java:642)&#10;        at java.base@21.0.8/java.lang.Thread.runWith(Thread.java:1596)&#10;        at java.base@21.0.8/java.lang.Thread.run(Thread.java:1583)&#10;&quot;surefire-forkedjvm-ping-30s&quot; daemon prio=5 tid=27 timed_waiting&#10;java.lang.Thread.State: TIMED_WAITING&#10;        at java.base@21.0.8/jdk.internal.misc.Unsafe.park(Native Method)&#10;        at java.base@21.0.8/java.util.concurrent.locks.LockSupport.parkNanos(LockSupport.java:269)&#10;        at java.base@21.0.8/java.util.concurrent.locks.AbstractQueuedSynchronizer$ConditionObject.awaitNanos(AbstractQueuedSynchronizer.java:1763)&#10;        at java.base@21.0.8/java.util.concurrent.ScheduledThreadPoolExecutor$DelayedWorkQueue.take(ScheduledThreadPoolExecutor.java:1182)&#10;        at java.base@21.0.8/java.util.concurrent.ScheduledThreadPoolExecutor$DelayedWorkQueue.take(ScheduledThreadPoolExecutor.java:899)&#10;        at java.base@21.0.8/java.util.concurrent.ThreadPoolExecutor.getTask(ThreadPoolExecutor.java:1070)&#10;        at java.base@21.0.8/java.util.concurrent.ThreadPoolExecutor.runWorker(ThreadPoolExecutor.java:1130)&#10;        at java.base@21.0.8/java.util.concurrent.ThreadPoolExecutor$Worker.run(ThreadPoolExecutor.java:642)&#10;        at java.base@21.0.8/java.lang.Thread.runWith(Thread.java:1596)&#10;        at java.base@21.0.8/java.lang.Thread.run(Thread.java:1583)&#10;&quot;IPC Server handler 28 on default port 15001&quot; daemon prio=5 tid=586 timed_waiting&#10;java.lang.Thread.State: TIMED_WAITING&#10;        at java.base@21.0.8/jdk.internal.misc.Unsafe.park(Native Method)&#10;        at java.base@21.0.8/java.util.concurrent.locks.LockSupport.parkNanos(LockSupport.java:269)&#10;        at java.base@21.0.8/java.util.concurrent.locks.AbstractQueuedSynchronizer$ConditionObject.awaitNanos(AbstractQueuedSynchronizer.java:1763)&#10;        at java.base@21.0.8/java.util.concurrent.LinkedBlockingQueue.poll(LinkedBlockingQueue.java:460)&#10;        at app//org.apache.hadoop.ipc.CallQueueManager.take(CallQueueManager.java:370)&#10;        at app//org.apache.hadoop.ipc.Server$Handler.run(Server.java:3165)&#10;&quot;qtp1181622455-548&quot; daemon prio=5 tid=548 runnable&#10;java.lang.Thread.State: RUNNABLE&#10;        at java.base@21.0.8/sun.nio.ch.EPoll.wait(Native Method)&#10;        at java.base@21.0.8/sun.nio.ch.EPollSelectorImpl.doSelect(EPollSelectorImpl.java:121)&#10;        at java.base@21.0.8/sun.nio.ch.SelectorImpl.lockAndDoSelect(SelectorImpl.java:130)&#10;        at java.base@21.0.8/sun.nio.ch.SelectorImpl.select(SelectorImpl.java:147)&#10;        at app//org.eclipse.jetty.io.ManagedSelector.nioSelect(ManagedSelector.java:183)&#10;        at app//org.eclipse.jetty.io.ManagedSelector.select(ManagedSelector.java:190)&#10;        at app//org.eclipse.jetty.io.ManagedSelector$SelectorProducer.select(ManagedSelector.java:606)&#10;        at app//org.eclipse.jetty.io.ManagedSelector$SelectorProducer.produce(ManagedSelector.java:543)&#10;        at app//org.eclipse.jetty.util.thread.strategy.EatWhatYouKill.produceTask(EatWhatYouKill.java:362)&#10;        at app//org.eclipse.jetty.util.thread.strategy.EatWhatYouKill.doProduce(EatWhatYouKill.java:186)&#10;        at app//org.eclipse.jetty.util.thread.strategy.EatWhatYouKill.tryProduce(EatWhatYouKill.java:173)&#10;        at app//org.eclipse.jetty.util.thread.strategy.EatWhatYouKill.run(EatWhatYouKill.java:131)&#10;        at app//org.eclipse.jetty.util.thread.ReservedThreadExecutor$ReservedThread.run(ReservedThreadExecutor.java:409)&#10;        at app//org.eclipse.jetty.util.thread.QueuedThreadPool.runJob(QueuedThreadPool.java:883)&#10;        at app//org.eclipse.jetty.util.thread.QueuedThreadPool$Runner.run(QueuedThreadPool.java:1034)&#10;        at java.base@21.0.8/java.lang.Thread.runWith(Thread.java:1596)&#10;        at java.base@21.0.8/java.lang.Thread.run(Thread.java:1583)&#10;&quot;IPC Server handler 2 on default port 15008&quot; daemon prio=5 tid=494 timed_waiting&#10;java.lang.Thread.State: TIMED_WAITING&#10;        at java.base@21.0.8/jdk.internal.misc.Unsafe.park(Native Method)&#10;        at java.base@21.0.8/java.util.concurrent.locks.LockSupport.parkNanos(LockSupport.java:269)&#10;        at java.base@21.0.8/java.util.concurrent.locks.AbstractQueuedSynchronizer$ConditionObject.awaitNanos(AbstractQueuedSynchronizer.java:1763)&#10;        at java.base@21.0.8/java.util.concurrent.LinkedBlockingQueue.poll(LinkedBlockingQueue.java:460)&#10;        at app//org.apache.hadoop.ipc.CallQueueManager.take(CallQueueManager.java:370)&#10;        at app//org.apache.hadoop.ipc.Server$Handler.run(Server.java:3165)&#10;&quot;Socket Reader #2 for port 15004&quot; daemon prio=5 tid=63 runnable&#10;java.lang.Thread.State: RUNNABLE&#10;        at java.base@21.0.8/sun.nio.ch.EPoll.wait(Native Method)&#10;        at java.base@21.0.8/sun.nio.ch.EPollSelectorImpl.doSelect(EPollSelectorImpl.java:121)&#10;        at java.base@21.0.8/sun.nio.ch.SelectorImpl.lockAndDoSelect(SelectorImpl.java:130)&#10;        at java.base@21.0.8/sun.nio.ch.SelectorImpl.select(SelectorImpl.java:147)&#10;        at app//org.apache.hadoop.ipc.Server$Listener$Reader.doRunLoop(Server.java:1497)&#10;        at app//org.apache.hadoop.ipc.Server$Listener$Reader.run(Server.java:1476)&#10;&quot;SCMHeartbeatProcessor-0&quot; daemon prio=5 tid=53 timed_waiting&#10;java.lang.Thread.State: TIMED_WAITING&#10;        at java.base@21.0.8/jdk.internal.misc.Unsafe.park(Native Method)&#10;        at java.base@21.0.8/java.util.concurrent.locks.LockSupport.parkNanos(LockSupport.java:269)&#10;        at java.base@21.0.8/java.util.concurrent.locks.AbstractQueuedSynchronizer$ConditionObject.awaitNanos(AbstractQueuedSynchronizer.java:1763)&#10;        at java.base@21.0.8/java.util.concurrent.ScheduledThreadPoolExecutor$DelayedWorkQueue.take(ScheduledThreadPoolExecutor.java:1182)&#10;        at java.base@21.0.8/java.util.concurrent.ScheduledThreadPoolExecutor$DelayedWorkQueue.take(ScheduledThreadPoolExecutor.java:899)&#10;        at java.base@21.0.8/java.util.concurrent.ThreadPoolExecutor.getTask(ThreadPoolExecutor.java:1070)&#10;        at java.base@21.0.8/java.util.concurrent.ThreadPoolExecutor.runWorker(ThreadPoolExecutor.java:1130)&#10;        at java.base@21.0.8/java.util.concurrent.ThreadPoolExecutor$Worker.run(ThreadPoolExecutor.java:642)&#10;        at java.base@21.0.8/java.lang.Thread.runWith(Thread.java:1596)&#10;        at java.base@21.0.8/java.lang.Thread.run(Thread.java:1583)&#10;&quot;JvmPauseMonitor6&quot; daemon prio=5 tid=973 timed_waiting&#10;java.lang.Thread.State: TIMED_WAITING&#10;        at java.base@21.0.8/java.lang.Thread.sleep0(Native Method)&#10;        at java.base@21.0.8/java.lang.Thread.sleep(Thread.java:558)&#10;        at java.base@21.0.8/java.util.concurrent.TimeUnit.sleep(TimeUnit.java:446)&#10;        at app//org.apache.ratis.util.TimeDuration.sleep(TimeDuration.java:353)&#10;        at app//org.apache.ratis.util.TimeDuration.sleep(TimeDuration.java:338)&#10;        at app//org.apache.ratis.util.JvmPauseMonitor.detectPause(JvmPauseMonitor.java:160)&#10;        at app//org.apache.ratis.util.JvmPauseMonitor.run(JvmPauseMonitor.java:149)&#10;        at app//org.apache.ratis.util.JvmPauseMonitor$$Lambda/0x00007f9d6c3ae540.run(Unknown Source)&#10;        at java.base@21.0.8/java.lang.Thread.runWith(Thread.java:1596)&#10;        at java.base@21.0.8/java.lang.Thread.run(Thread.java:1583)&#10;&quot;ContainerMetadataScanner&quot; daemon prio=5 tid=989 timed_waiting&#10;java.lang.Thread.State: TIMED_WAITING&#10;        at java.base@21.0.8/java.lang.Thread.sleep0(Native Method)&#10;        at java.base@21.0.8/java.lang.Thread.sleep(Thread.java:509)&#10;        at app//org.apache.hadoop.ozone.container.ozoneimpl.AbstractBackgroundContainerScanner.handleRemainingSleep(AbstractBackgroundContainerScanner.java:133)&#10;        at app//org.apache.hadoop.ozone.container.ozoneimpl.AbstractBackgroundContainerScanner.runIteration(AbstractBackgroundContainerScanner.java:100)&#10;        at app//org.apache.hadoop.ozone.container.ozoneimpl.AbstractBackgroundContainerScanner.run(AbstractBackgroundContainerScanner.java:59)&#10;        at java.base@21.0.8/java.lang.Thread.runWith(Thread.java:1596)&#10;        at java.base@21.0.8/java.lang.Thread.run(Thread.java:1583)&#10;&quot;IPC Server handler 54 on default port 15002&quot; daemon prio=5 tid=174 timed_waiting&#10;java.lang.Thread.State: TIMED_WAITING&#10;        at java.base@21.0.8/jdk.internal.misc.Unsafe.park(Native Method)&#10;        at java.base@21.0.8/java.util.concurrent.locks.LockSupport.parkNanos(LockSupport.java:269)&#10;        at java.base@21.0.8/java.util.concurrent.locks.AbstractQueuedSynchronizer$ConditionObject.awaitNanos(AbstractQueuedSynchronizer.java:1763)&#10;        at java.base@21.0.8/java.util.concurrent.LinkedBlockingQueue.poll(LinkedBlockingQueue.java:460)&#10;        at app//org.apache.hadoop.ipc.CallQueueManager.take(CallQueueManager.java:370)&#10;        at app//org.apache.hadoop.ipc.Server$Handler.run(Server.java:3165)&#10;&quot;IPC Server handler 2 on default port 15004&quot; daemon prio=5 tid=340 timed_waiting&#10;java.lang.Thread.State: TIMED_WAITING&#10;        at java.base@21.0.8/jdk.internal.misc.Unsafe.park(Native Method)&#10;        at java.base@21.0.8/java.util.concurrent.locks.LockSupport.parkNanos(LockSupport.java:269)&#10;        at java.base@21.0.8/java.util.concurrent.locks.AbstractQueuedSynchronizer$ConditionObject.awaitNanos(AbstractQueuedSynchronizer.java:1763)&#10;        at java.base@21.0.8/java.util.concurrent.LinkedBlockingQueue.poll(LinkedBlockingQueue.java:460)&#10;        at app//org.apache.hadoop.ipc.CallQueueManager.take(CallQueueManager.java:370)&#10;        at app//org.apache.hadoop.ipc.Server$Handler.run(Server.java:3165)&#10;&quot;fc0351b7-0c71-4a2a-a0ca-337e5c0b1c14@group-B7EF3C0ABF3A-SegmentedRaftLogWorker&quot;  prio=5 tid=1089 timed_waiting&#10;java.lang.Thread.State: TIMED_WAITING&#10;        at java.base@21.0.8/jdk.internal.misc.Unsafe.park(Native Method)&#10;        at java.base@21.0.8/java.util.concurrent.locks.LockSupport.parkNanos(LockSupport.java:269)&#10;        at java.base@21.0.8/java.util.concurrent.locks.AbstractQueuedSynchronizer$ConditionObject.awaitNanos(AbstractQueuedSynchronizer.java:1763)&#10;        at app//org.apache.ratis.util.DataBlockingQueue.poll(DataBlockingQueue.java:148)&#10;        at app//org.apache.ratis.server.raftlog.segmented.SegmentedRaftLogWorker.run(SegmentedRaftLogWorker.java:309)&#10;        at app//org.apache.ratis.server.raftlog.segmented.SegmentedRaftLogWorker$$Lambda/0x00007f9d6c3946c0.run(Unknown Source)&#10;        at java.base@21.0.8/java.util.concurrent.Executors$RunnableAdapter.call(Executors.java:572)&#10;        at java.base@21.0.8/java.util.concurrent.FutureTask.run(FutureTask.java:317)&#10;        at java.base@21.0.8/java.util.concurrent.ThreadPoolExecutor.runWorker(ThreadPoolExecutor.java:1144)&#10;        at java.base@21.0.8/java.util.concurrent.ThreadPoolExecutor$Worker.run(ThreadPoolExecutor.java:642)&#10;        at java.base@21.0.8/java.lang.Thread.runWith(Thread.java:1596)&#10;        at java.base@21.0.8/java.lang.Thread.run(Thread.java:1583)&#10;&quot;fc0351b7-0c71-4a2a-a0ca-337e5c0b1c14-DatanodeReportManager-0&quot; daemon prio=5 tid=875 in Object.wait()&#10;java.lang.Thread.State: WAITING (on object monitor)&#10;        at java.base@21.0.8/jdk.internal.misc.Unsafe.park(Native Method)&#10;        at java.base@21.0.8/java.util.concurrent.locks.LockSupport.park(LockSupport.java:371)&#10;        at java.base@21.0.8/java.util.concurrent.locks.AbstractQueuedSynchronizer$ConditionNode.block(AbstractQueuedSynchronizer.java:519)&#10;        at java.base@21.0.8/java.util.concurrent.ForkJoinPool.unmanagedBlock(ForkJoinPool.java:3780)&#10;        at java.base@21.0.8/java.util.concurrent.ForkJoinPool.managedBlock(ForkJoinPool.java:3725)&#10;        at java.base@21.0.8/java.util.concurrent.locks.AbstractQueuedSynchronizer$ConditionObject.await(AbstractQueuedSynchronizer.java:1712)&#10;        at java.base@21.0.8/java.util.concurrent.ScheduledThreadPoolExecutor$DelayedWorkQueue.take(ScheduledThreadPoolExecutor.java:1177)&#10;        at java.base@21.0.8/java.util.concurrent.ScheduledThreadPoolExecutor$DelayedWorkQueue.take(ScheduledThreadPoolExecutor.java:899)&#10;        at java.base@21.0.8/java.util.concurrent.ThreadPoolExecutor.getTask(ThreadPoolExecutor.java:1070)&#10;        at java.base@21.0.8/java.util.concurrent.ThreadPoolExecutor.runWorker(ThreadPoolExecutor.java:1130)&#10;        at java.base@21.0.8/java.util.concurrent.ThreadPoolExecutor$Worker.run(ThreadPoolExecutor.java:642)&#10;        at java.base@21.0.8/java.lang.Thread.runWith(Thread.java:1596)&#10;        at java.base@21.0.8/java.lang.Thread.run(Thread.java:1583)&#10;&quot;IPC Server handler 12 on default port 15003&quot; daemon prio=5 tid=232 timed_waiting&#10;java.lang.Thread.State: TIMED_WAITING&#10;        at java.base@21.0.8/jdk.internal.misc.Unsafe.park(Native Method)&#10;        at java.base@21.0.8/java.util.concurrent.locks.LockSupport.parkNanos(LockSupport.java:269)&#10;        at java.base@21.0.8/java.util.concurrent.locks.AbstractQueuedSynchronizer$ConditionObject.awaitNanos(AbstractQueuedSynchronizer.java:1763)&#10;        at java.base@21.0.8/java.util.concurrent.LinkedBlockingQueue.poll(LinkedBlockingQueue.java:460)&#10;        at app//org.apache.hadoop.ipc.CallQueueManager.take(CallQueueManager.java:370)&#10;        at app//org.apache.hadoop.ipc.Server$Handler.run(Server.java:3165)&#10;&quot;IPC Server Responder&quot; daemon prio=5 tid=532 runnable&#10;java.lang.Thread.State: RUNNABLE&#10;        at java.base@21.0.8/sun.nio.ch.EPoll.wait(Native Method)&#10;        at java.base@21.0.8/sun.nio.ch.EPollSelectorImpl.doSelect(EPollSelectorImpl.java:121)&#10;        at java.base@21.0.8/sun.nio.ch.SelectorImpl.lockAndDoSelect(SelectorImpl.java:130)&#10;        at java.base@21.0.8/sun.nio.ch.SelectorImpl.select(SelectorImpl.java:142)&#10;        at app//org.apache.hadoop.ipc.Server$Responder.doRunLoop(Server.java:1733)&#10;        at app//org.apache.hadoop.ipc.Server$Responder.run(Server.java:1716)&#10;&quot;ContainerSizeCountTask&quot; daemon prio=5 tid=660 timed_waiting&#10;java.lang.Thread.State: TIMED_WAITING&#10;        at java.base@21.0.8/java.lang.Object.wait0(Native Method)&#10;        at java.base@21.0.8/java.lang.Object.wait(Object.java:366)&#10;        at app//org.apache.hadoop.ozone.recon.tasks.ContainerSizeCountTask.run(ContainerSizeCountTask.java:87)&#10;        at app//org.apache.hadoop.ozone.recon.scm.ReconScmTask$$Lambda/0x00007f9d6cc57bd0.run(Unknown Source)&#10;        at java.base@21.0.8/java.lang.Thread.runWith(Thread.java:1596)&#10;        at java.base@21.0.8/java.lang.Thread.run(Thread.java:1583)&#10;&quot;IPC Server handler 75 on default port 15003&quot; daemon prio=5 tid=295 timed_waiting&#10;java.lang.Thread.State: TIMED_WAITING&#10;        at java.base@21.0.8/jdk.internal.misc.Unsafe.park(Native Method)&#10;        at java.base@21.0.8/java.util.concurrent.locks.LockSupport.parkNanos(LockSupport.java:269)&#10;        at java.base@21.0.8/java.util.concurrent.locks.AbstractQueuedSynchronizer$ConditionObject.awaitNanos(AbstractQueuedSynchronizer.java:1763)&#10;        at java.base@21.0.8/java.util.concurrent.LinkedBlockingQueue.poll(LinkedBlockingQueue.java:460)&#10;        at app//org.apache.hadoop.ipc.CallQueueManager.take(CallQueueManager.java:370)&#10;        at app//org.apache.hadoop.ipc.Server$Handler.run(Server.java:3165)&#10;&quot;Socket Reader #10 for port 15001&quot; daemon prio=5 tid=530 runnable&#10;java.lang.Thread.State: RUNNABLE&#10;        at java.base@21.0.8/sun.nio.ch.EPoll.wait(Native Method)&#10;        at java.base@21.0.8/sun.nio.ch.EPollSelectorImpl.doSelect(EPollSelectorImpl.java:121)&#10;        at java.base@21.0.8/sun.nio.ch.SelectorImpl.lockAndDoSelect(SelectorImpl.java:130)&#10;        at java.base@21.0.8/sun.nio.ch.SelectorImpl.select(SelectorImpl.java:147)&#10;        at app//org.apache.hadoop.ipc.Server$Listener$Reader.doRunLoop(Server.java:1497)&#10;        at app//org.apache.hadoop.ipc.Server$Listener$Reader.run(Server.java:1476)&#10;&quot;SSL Certificates Store Monitor&quot; daemon prio=5 tid=1361 in Object.wait()&#10;java.lang.Thread.State: WAITING (on object monitor)&#10;        at java.base@21.0.8/java.lang.Object.wait0(Native Method)&#10;        at java.base@21.0.8/java.lang.Object.wait(Object.java:366)&#10;        at java.base@21.0.8/java.lang.Object.wait(Object.java:339)&#10;        at java.base@21.0.8/java.util.TimerThread.mainLoop(Timer.java:537)&#10;        at java.base@21.0.8/java.util.TimerThread.run(Timer.java:516)&#10;&quot;om1-SnapshotDeletingService#0&quot; daemon prio=5 tid=480 timed_waiting&#10;java.lang.Thread.State: TIMED_WAITING&#10;        at java.base@21.0.8/jdk.internal.misc.Unsafe.park(Native Method)&#10;        at java.base@21.0.8/java.util.concurrent.locks.LockSupport.parkNanos(LockSupport.java:269)&#10;        at java.base@21.0.8/java.util.concurrent.locks.AbstractQueuedSynchronizer$ConditionObject.awaitNanos(AbstractQueuedSynchronizer.java:1763)&#10;        at java.base@21.0.8/java.util.concurrent.ScheduledThreadPoolExecutor$DelayedWorkQueue.take(ScheduledThreadPoolExecutor.java:1182)&#10;        at java.base@21.0.8/java.util.concurrent.ScheduledThreadPoolExecutor$DelayedWorkQueue.take(ScheduledThreadPoolExecutor.java:899)&#10;        at java.base@21.0.8/java.util.concurrent.ThreadPoolExecutor.getTask(ThreadPoolExecutor.java:1070)&#10;        at java.base@21.0.8/java.util.concurrent.ThreadPoolExecutor.runWorker(ThreadPoolExecutor.java:1130)&#10;        at java.base@21.0.8/java.util.concurrent.ThreadPoolExecutor$Worker.run(ThreadPoolExecutor.java:642)&#10;        at java.base@21.0.8/java.lang.Thread.runWith(Thread.java:1596)&#10;        at java.base@21.0.8/java.lang.Thread.run(Thread.java:1583)&#10;&quot;IPC Server listener on 15037&quot; daemon prio=5 tid=850 runnable&#10;java.lang.Thread.State: RUNNABLE&#10;        at java.base@21.0.8/sun.nio.ch.EPoll.wait(Native Method)&#10;        at java.base@21.0.8/sun.nio.ch.EPollSelectorImpl.doSelect(EPollSelectorImpl.java:121)&#10;        at java.base@21.0.8/sun.nio.ch.SelectorImpl.lockAndDoSelect(SelectorImpl.java:130)&#10;        at java.base@21.0.8/sun.nio.ch.SelectorImpl.select(SelectorImpl.java:147)&#10;        at app//org.apache.hadoop.ipc.Server$Listener.run(Server.java:1559)&#10;&quot;IPC Server idle connection scanner for port 15045&quot; daemon prio=5 tid=932 timed_waiting&#10;java.lang.Thread.State: TIMED_WAITING&#10;        at java.base@21.0.8/java.lang.Object.wait0(Native Method)&#10;        at java.base@21.0.8/java.lang.Object.wait(Object.java:366)&#10;        at java.base@21.0.8/java.util.TimerThread.mainLoop(Timer.java:563)&#10;        at java.base@21.0.8/java.util.TimerThread.run(Timer.java:516)&#10;&quot;fc0351b7-0c71-4a2a-a0ca-337e5c0b1c14-NettyServerStreamRpc-bossGroup--thread1&quot; daemon prio=5 tid=809 runnable&#10;java.lang.Thread.State: RUNNABLE&#10;        at app//org.apache.ratis.thirdparty.io.netty.channel.epoll.Native.epollWait(Native Method)&#10;        at app//org.apache.ratis.thirdparty.io.netty.channel.epoll.Native.epollWait(Native.java:220)&#10;        at app//org.apache.ratis.thirdparty.io.netty.channel.epoll.Native.epollWait(Native.java:213)&#10;        at app//org.apache.ratis.thirdparty.io.netty.channel.epoll.EpollEventLoop.epollWaitNoTimerChange(EpollEventLoop.java:308)&#10;        at app//org.apache.ratis.thirdparty.io.netty.channel.epoll.EpollEventLoop.run(EpollEventLoop.java:365)&#10;        at app//org.apache.ratis.thirdparty.io.netty.util.concurrent.SingleThreadEventExecutor$4.run(SingleThreadEventExecutor.java:998)&#10;        at app//org.apache.ratis.thirdparty.io.netty.util.internal.ThreadExecutorMap$2.run(ThreadExecutorMap.java:74)&#10;        at java.base@21.0.8/java.lang.Thread.runWith(Thread.java:1596)&#10;        at java.base@21.0.8/java.lang.Thread.run(Thread.java:1583)&#10;&quot;IPC Server handler 6 on default port 15001&quot; daemon prio=5 tid=564 timed_waiting&#10;java.lang.Thread.State: TIMED_WAITING&#10;        at java.base@21.0.8/jdk.internal.misc.Unsafe.park(Native Method)&#10;        at java.base@21.0.8/java.util.concurrent.locks.LockSupport.parkNanos(LockSupport.java:269)&#10;        at java.base@21.0.8/java.util.concurrent.locks.AbstractQueuedSynchronizer$ConditionObject.awaitNanos(AbstractQueuedSynchronizer.java:1763)&#10;        at java.base@21.0.8/java.util.concurrent.LinkedBlockingQueue.poll(LinkedBlockingQueue.java:460)&#10;        at app//org.apache.hadoop.ipc.CallQueueManager.take(CallQueueManager.java:370)&#10;        at app//org.apache.hadoop.ipc.Server$Handler.run(Server.java:3165)&#10;&quot;IPC Server handler 46 on default port 15004&quot; daemon prio=5 tid=384 timed_waiting&#10;java.lang.Thread.State: TIMED_WAITING&#10;        at java.base@21.0.8/jdk.internal.misc.Unsafe.park(Native Method)&#10;        at java.base@21.0.8/java.util.concurrent.locks.LockSupport.parkNanos(LockSupport.java:269)&#10;        at java.base@21.0.8/java.util.concurrent.locks.AbstractQueuedSynchronizer$ConditionObject.awaitNanos(AbstractQueuedSynchronizer.java:1763)&#10;        at java.base@21.0.8/java.util.concurrent.LinkedBlockingQueue.poll(LinkedBlockingQueue.java:460)&#10;        at app//org.apache.hadoop.ipc.CallQueueManager.take(CallQueueManager.java:370)&#10;        at app//org.apache.hadoop.ipc.Server$Handler.run(Server.java:3165)&#10;&quot;Recon-FixedThreadPoolWithAffinityExecutor-1-0&quot; daemon prio=5 tid=535 timed_waiting&#10;java.lang.Thread.State: TIMED_WAITING&#10;        at java.base@21.0.8/jdk.internal.misc.Unsafe.park(Native Method)&#10;        at java.base@21.0.8/java.util.concurrent.locks.LockSupport.parkNanos(LockSupport.java:269)&#10;        at java.base@21.0.8/java.util.concurrent.locks.AbstractQueuedSynchronizer$ConditionObject.awaitNanos(AbstractQueuedSynchronizer.java:1763)&#10;        at java.base@21.0.8/java.util.concurrent.LinkedBlockingQueue.poll(LinkedBlockingQueue.java:460)&#10;        at app//org.apache.hadoop.hdds.scm.server.ContainerReportQueue.poll(ContainerReportQueue.java:269)&#10;        at app//org.apache.hadoop.hdds.scm.server.ContainerReportQueue.poll(ContainerReportQueue.java:42)&#10;        at app//org.apache.hadoop.hdds.server.events.FixedThreadPoolWithAffinityExecutor$ContainerReportProcessTask.run(FixedThreadPoolWithAffinityExecutor.java:228)&#10;        at java.base@21.0.8/java.util.concurrent.Executors$RunnableAdapter.call(Executors.java:572)&#10;        at java.base@21.0.8/java.util.concurrent.FutureTask.run(FutureTask.java:317)&#10;        at java.base@21.0.8/java.util.concurrent.ThreadPoolExecutor.runWorker(ThreadPoolExecutor.java:1144)&#10;        at java.base@21.0.8/java.util.concurrent.ThreadPoolExecutor$Worker.run(ThreadPoolExecutor.java:642)&#10;        at java.base@21.0.8/java.lang.Thread.runWith(Thread.java:1596)&#10;        at java.base@21.0.8/java.lang.Thread.run(Thread.java:1583)&#10;&quot;EventQueue-ContainerRegistrationReportForECContainerSafeModeRule&quot; daemon prio=5 tid=955 in Object.wait()&#10;java.lang.Thread.State: WAITING (on object monitor)&#10;        at java.base@21.0.8/jdk.internal.misc.Unsafe.park(Native Method)&#10;        at java.base@21.0.8/java.util.concurrent.locks.LockSupport.park(LockSupport.java:371)&#10;        at java.base@21.0.8/java.util.concurrent.locks.AbstractQueuedSynchronizer$ConditionNode.block(AbstractQueuedSynchronizer.java:519)&#10;        at java.base@21.0.8/java.util.concurrent.ForkJoinPool.unmanagedBlock(ForkJoinPool.java:3780)&#10;        at java.base@21.0.8/java.util.concurrent.ForkJoinPool.managedBlock(ForkJoinPool.java:3725)&#10;        at java.base@21.0.8/java.util.concurrent.locks.AbstractQueuedSynchronizer$ConditionObject.await(AbstractQueuedSynchronizer.java:1712)&#10;        at java.base@21.0.8/java.util.concurrent.LinkedBlockingQueue.take(LinkedBlockingQueue.java:435)&#10;        at java.base@21.0.8/java.util.concurrent.ThreadPoolExecutor.getTask(ThreadPoolExecutor.java:1070)&#10;        at java.base@21.0.8/java.util.concurrent.ThreadPoolExecutor.runWorker(ThreadPoolExecutor.java:1130)&#10;        at java.base@21.0.8/java.util.concurrent.ThreadPoolExecutor$Worker.run(ThreadPoolExecutor.java:642)&#10;        at java.base@21.0.8/java.lang.Thread.runWith(Thread.java:1596)&#10;        at java.base@21.0.8/java.lang.Thread.run(Thread.java:1583)&#10;&quot;grpc-default-worker-ELG-3-3&quot; daemon prio=5 tid=1051 runnable&#10;java.lang.Thread.State: RUNNABLE&#10;        at app//org.apache.ratis.thirdparty.io.netty.channel.epoll.Native.epollWait0(Native Method)&#10;        at app//org.apache.ratis.thirdparty.io.netty.channel.epoll.Native.epollWait(Native.java:193)&#10;        at app//org.apache.ratis.thirdparty.io.netty.channel.epoll.EpollEventLoop.epollWait(EpollEventLoop.java:304)&#10;        at app//org.apache.ratis.thirdparty.io.netty.channel.epoll.EpollEventLoop.run(EpollEventLoop.java:368)&#10;        at app//org.apache.ratis.thirdparty.io.netty.util.concurrent.SingleThreadEventExecutor$4.run(SingleThreadEventExecutor.java:998)&#10;        at app//org.apache.ratis.thirdparty.io.netty.util.internal.ThreadExecutorMap$2.run(ThreadExecutorMap.java:74)&#10;        at app//org.apache.ratis.thirdparty.io.netty.util.concurrent.FastThreadLocalRunnable.run(FastThreadLocalRunnable.java:30)&#10;        at java.base@21.0.8/java.lang.Thread.runWith(Thread.java:1596)&#10;        at java.base@21.0.8/java.lang.Thread.run(Thread.java:1583)&#10;&quot;FixedThreadPoolWithAffinityExecutor-6-0&quot; daemon prio=5 tid=109 timed_waiting&#10;java.lang.Thread.State: TIMED_WAITING&#10;        at java.base@21.0.8/jdk.internal.misc.Unsafe.park(Native Method)&#10;        at java.base@21.0.8/java.util.concurrent.locks.LockSupport.parkNanos(LockSupport.java:269)&#10;        at java.base@21.0.8/java.util.concurrent.locks.AbstractQueuedSynchronizer$ConditionObject.awaitNanos(AbstractQueuedSynchronizer.java:1763)&#10;        at java.base@21.0.8/java.util.concurrent.LinkedBlockingQueue.poll(LinkedBlockingQueue.java:460)&#10;        at app//org.apache.hadoop.hdds.scm.server.ContainerReportQueue.poll(ContainerReportQueue.java:269)&#10;        at app//org.apache.hadoop.hdds.scm.server.ContainerReportQueue.poll(ContainerReportQueue.java:42)&#10;        at app//org.apache.hadoop.hdds.server.events.FixedThreadPoolWithAffinityExecutor$ContainerReportProcessTask.run(FixedThreadPoolWithAffinityExecutor.java:228)&#10;        at java.base@21.0.8/java.util.concurrent.Executors$RunnableAdapter.call(Executors.java:572)&#10;        at java.base@21.0.8/java.util.concurrent.FutureTask.run(FutureTask.java:317)&#10;        at java.base@21.0.8/java.util.concurrent.ThreadPoolExecutor.runWorker(ThreadPoolExecutor.java:1144)&#10;        at java.base@21.0.8/java.util.concurrent.ThreadPoolExecutor$Worker.run(ThreadPoolExecutor.java:642)&#10;        at java.base@21.0.8/java.lang.Thread.runWith(Thread.java:1596)&#10;        at java.base@21.0.8/java.lang.Thread.run(Thread.java:1583)&#10;&quot;ContainerDataScanner(/home/runner/work/ozone/ozone/hadoop-ozone/integration-test-recon/target/test-dir/MiniOzoneClusterImpl-b15909b8-03a8-4b15-aaa3-a668c086c089/ozone-metadata/datanode-5/data-0/hdds)&quot; daemon prio=5 tid=1016 timed_waiting&#10;java.lang.Thread.State: TIMED_WAITING&#10;        at java.base@21.0.8/java.lang.Thread.sleep0(Native Method)&#10;        at java.base@21.0.8/java.lang.Thread.sleep(Thread.java:509)&#10;        at app//org.apache.hadoop.ozone.container.ozoneimpl.AbstractBackgroundContainerScanner.handleRemainingSleep(AbstractBackgroundContainerScanner.java:133)&#10;        at app//org.apache.hadoop.ozone.container.ozoneimpl.AbstractBackgroundContainerScanner.runIteration(AbstractBackgroundContainerScanner.java:100)&#10;        at app//org.apache.hadoop.ozone.container.ozoneimpl.AbstractBackgroundContainerScanner.run(AbstractBackgroundContainerScanner.java:59)&#10;        at java.base@21.0.8/java.lang.Thread.runWith(Thread.java:1596)&#10;        at java.base@21.0.8/java.lang.Thread.run(Thread.java:1583)&#10;&quot;IPC Server handler 9 on default port 15008&quot; daemon prio=5 tid=501 timed_waiting&#10;java.lang.Thread.State: TIMED_WAITING&#10;        at java.base@21.0.8/jdk.internal.misc.Unsafe.park(Native Method)&#10;        at java.base@21.0.8/java.util.concurrent.locks.LockSupport.parkNanos(LockSupport.java:269)&#10;        at java.base@21.0.8/java.util.concurrent.locks.AbstractQueuedSynchronizer$ConditionObject.awaitNanos(AbstractQueuedSynchronizer.java:1763)&#10;        at java.base@21.0.8/java.util.concurrent.LinkedBlockingQueue.poll(LinkedBlockingQueue.java:460)&#10;        at app//org.apache.hadoop.ipc.CallQueueManager.take(CallQueueManager.java:370)&#10;        at app//org.apache.hadoop.ipc.Server$Handler.run(Server.java:3165)&#10;&quot;IPC Server handler 19 on default port 15008&quot; daemon prio=5 tid=511 timed_waiting&#10;java.lang.Thread.State: TIMED_WAITING&#10;        at java.base@21.0.8/jdk.internal.misc.Unsafe.park(Native Method)&#10;        at java.base@21.0.8/java.util.concurrent.locks.LockSupport.parkNanos(LockSupport.java:269)&#10;        at java.base@21.0.8/java.util.concurrent.locks.AbstractQueuedSynchronizer$ConditionObject.awaitNanos(AbstractQueuedSynchronizer.java:1763)&#10;        at java.base@21.0.8/java.util.concurrent.LinkedBlockingQueue.poll(LinkedBlockingQueue.java:460)&#10;        at app//org.apache.hadoop.ipc.CallQueueManager.take(CallQueueManager.java:370)&#10;        at app//org.apache.hadoop.ipc.Server$Handler.run(Server.java:3165)&#10;&quot;IPC Server handler 68 on default port 15001&quot; daemon prio=5 tid=626 timed_waiting&#10;java.lang.Thread.State: TIMED_WAITING&#10;        at java.base@21.0.8/jdk.internal.misc.Unsafe.park(Native Method)&#10;        at java.base@21.0.8/java.util.concurrent.locks.LockSupport.parkNanos(LockSupport.java:269)&#10;        at java.base@21.0.8/java.util.concurrent.locks.AbstractQueuedSynchronizer$ConditionObject.awaitNanos(AbstractQueuedSynchronizer.java:1763)&#10;        at java.base@21.0.8/java.util.concurrent.LinkedBlockingQueue.poll(LinkedBlockingQueue.java:460)&#10;        at app//org.apache.hadoop.ipc.CallQueueManager.take(CallQueueManager.java:370)&#10;        at app//org.apache.hadoop.ipc.Server$Handler.run(Server.java:3165)&#10;&quot;IPC Server handler 76 on default port 15001&quot; daemon prio=5 tid=634 timed_waiting&#10;java.lang.Thread.State: TIMED_WAITING&#10;        at java.base@21.0.8/jdk.internal.misc.Unsafe.park(Native Method)&#10;        at java.base@21.0.8/java.util.concurrent.locks.LockSupport.parkNanos(LockSupport.java:269)&#10;        at java.base@21.0.8/java.util.concurrent.locks.AbstractQueuedSynchronizer$ConditionObject.awaitNanos(AbstractQueuedSynchronizer.java:1763)&#10;        at java.base@21.0.8/java.util.concurrent.LinkedBlockingQueue.poll(LinkedBlockingQueue.java:460)&#10;        at app//org.apache.hadoop.ipc.CallQueueManager.take(CallQueueManager.java:370)&#10;        at app//org.apache.hadoop.ipc.Server$Handler.run(Server.java:3165)&#10;&quot;qtp249078499-719&quot; daemon prio=5 tid=719 runnable&#10;java.lang.Thread.State: RUNNABLE&#10;        at java.base@21.0.8/sun.nio.ch.EPoll.wait(Native Method)&#10;        at java.base@21.0.8/sun.nio.ch.EPollSelectorImpl.doSelect(EPollSelectorImpl.java:121)&#10;        at java.base@21.0.8/sun.nio.ch.SelectorImpl.lockAndDoSelect(SelectorImpl.java:130)&#10;        at java.base@21.0.8/sun.nio.ch.SelectorImpl.select(SelectorImpl.java:147)&#10;        at app//org.eclipse.jetty.io.ManagedSelector.nioSelect(ManagedSelector.java:183)&#10;        at app//org.eclipse.jetty.io.ManagedSelector.select(ManagedSelector.java:190)&#10;        at app//org.eclipse.jetty.io.ManagedSelector$SelectorProducer.select(ManagedSelector.java:606)&#10;        at app//org.eclipse.jetty.io.ManagedSelector$SelectorProducer.produce(ManagedSelector.java:543)&#10;        at app//org.eclipse.jetty.util.thread.strategy.EatWhatYouKill.produceTask(EatWhatYouKill.java:362)&#10;        at app//org.eclipse.jetty.util.thread.strategy.EatWhatYouKill.doProduce(EatWhatYouKill.java:186)&#10;        at app//org.eclipse.jetty.util.thread.strategy.EatWhatYouKill.tryProduce(EatWhatYouKill.java:173)&#10;        at app//org.eclipse.jetty.util.thread.strategy.EatWhatYouKill.produce(EatWhatYouKill.java:137)&#10;        at app//org.eclipse.jetty.io.ManagedSelector$$Lambda/0x00007f9d6c6e5f08.run(Unknown Source)&#10;        at app//org.eclipse.jetty.util.thread.QueuedThreadPool.runJob(QueuedThreadPool.java:883)&#10;        at app//org.eclipse.jetty.util.thread.QueuedThreadPool$Runner.run(QueuedThreadPool.java:1034)&#10;        at java.base@21.0.8/java.lang.Thread.runWith(Thread.java:1596)&#10;        at java.base@21.0.8/java.lang.Thread.run(Thread.java:1583)&#10;&quot;c11f8a16-55ee-4f22-a5a5-7daf2dffa753-NettyServerStreamRpc-bossGroup--thread1&quot; daemon prio=5 tid=714 runnable&#10;java.lang.Thread.State: RUNNABLE&#10;        at app//org.apache.ratis.thirdparty.io.netty.channel.epoll.Native.epollWait(Native Method)&#10;        at app//org.apache.ratis.thirdparty.io.netty.channel.epoll.Native.epollWait(Native.java:220)&#10;        at app//org.apache.ratis.thirdparty.io.netty.channel.epoll.Native.epollWait(Native.java:213)&#10;        at app//org.apache.ratis.thirdparty.io.netty.channel.epoll.EpollEventLoop.epollWaitNoTimerChange(EpollEventLoop.java:308)&#10;        at app//org.apache.ratis.thirdparty.io.netty.channel.epoll.EpollEventLoop.run(EpollEventLoop.java:365)&#10;        at app//org.apache.ratis.thirdparty.io.netty.util.concurrent.SingleThreadEventExecutor$4.run(SingleThreadEventExecutor.java:998)&#10;        at app//org.apache.ratis.thirdparty.io.netty.util.internal.ThreadExecutorMap$2.run(ThreadExecutorMap.java:74)&#10;        at java.base@21.0.8/java.lang.Thread.runWith(Thread.java:1596)&#10;        at java.base@21.0.8/java.lang.Thread.run(Thread.java:1583)&#10;&quot;pool-277-thread-1&quot;  prio=5 tid=1335 in Object.wait()&#10;java.lang.Thread.State: WAITING (on object monitor)&#10;        at java.base@21.0.8/jdk.internal.misc.Unsafe.park(Native Method)&#10;        at java.base@21.0.8/java.util.concurrent.locks.LockSupport.park(LockSupport.java:371)&#10;        at java.base@21.0.8/java.util.concurrent.locks.AbstractQueuedSynchronizer$ConditionNode.block(AbstractQueuedSynchronizer.java:519)&#10;        at java.base@21.0.8/java.util.concurrent.ForkJoinPool.unmanagedBlock(ForkJoinPool.java:3780)&#10;        at java.base@21.0.8/java.util.concurrent.ForkJoinPool.managedBlock(ForkJoinPool.java:3725)&#10;        at java.base@21.0.8/java.util.concurrent.locks.AbstractQueuedSynchronizer$ConditionObject.await(AbstractQueuedSynchronizer.java:1712)&#10;        at java.base@21.0.8/java.util.concurrent.LinkedBlockingQueue.take(LinkedBlockingQueue.java:435)&#10;        at java.base@21.0.8/java.util.concurrent.ThreadPoolExecutor.getTask(ThreadPoolExecutor.java:1070)&#10;        at java.base@21.0.8/java.util.concurrent.ThreadPoolExecutor.runWorker(ThreadPoolExecutor.java:1130)&#10;        at java.base@21.0.8/java.util.concurrent.ThreadPoolExecutor$Worker.run(ThreadPoolExecutor.java:642)&#10;        at java.base@21.0.8/java.lang.Thread.runWith(Thread.java:1596)&#10;        at java.base@21.0.8/java.lang.Thread.run(Thread.java:1583)&#10;&quot;IPC Server handler 8 on default port 15021&quot; daemon prio=5 tid=749 timed_waiting&#10;java.lang.Thread.State: TIMED_WAITING&#10;        at java.base@21.0.8/jdk.internal.misc.Unsafe.park(Native Method)&#10;        at java.base@21.0.8/java.util.concurrent.locks.LockSupport.parkNanos(LockSupport.java:269)&#10;        at java.base@21.0.8/java.util.concurrent.locks.AbstractQueuedSynchronizer$ConditionObject.awaitNanos(AbstractQueuedSynchronizer.java:1763)&#10;        at java.base@21.0.8/java.util.concurrent.LinkedBlockingQueue.poll(LinkedBlockingQueue.java:460)&#10;        at app//org.apache.hadoop.ipc.CallQueueManager.take(CallQueueManager.java:370)&#10;        at app//org.apache.hadoop.ipc.Server$Handler.run(Server.java:3165)&#10;&quot;IPC Server handler 3 on default port 15003&quot; daemon prio=5 tid=223 timed_waiting&#10;java.lang.Thread.State: TIMED_WAITING&#10;        at java.base@21.0.8/jdk.internal.misc.Unsafe.park(Native Method)&#10;        at java.base@21.0.8/java.util.concurrent.locks.LockSupport.parkNanos(LockSupport.java:269)&#10;        at java.base@21.0.8/java.util.concurrent.locks.AbstractQueuedSynchronizer$ConditionObject.awaitNanos(AbstractQueuedSynchronizer.java:1763)&#10;        at java.base@21.0.8/java.util.concurrent.LinkedBlockingQueue.poll(LinkedBlockingQueue.java:460)&#10;        at app//org.apache.hadoop.ipc.CallQueueManager.take(CallQueueManager.java:370)&#10;        at app//org.apache.hadoop.ipc.Server$Handler.run(Server.java:3165)&#10;&quot;IPC Server handler 1 on default port 15001&quot; daemon prio=5 tid=559 timed_waiting&#10;java.lang.Thread.State: TIMED_WAITING&#10;        at java.base@21.0.8/jdk.internal.misc.Unsafe.park(Native Method)&#10;        at java.base@21.0.8/java.util.concurrent.locks.LockSupport.parkNanos(LockSupport.java:269)&#10;        at java.base@21.0.8/java.util.concurrent.locks.AbstractQueuedSynchronizer$ConditionObject.awaitNanos(AbstractQueuedSynchronizer.java:1763)&#10;        at java.base@21.0.8/java.util.concurrent.LinkedBlockingQueue.poll(LinkedBlockingQueue.java:460)&#10;        at app//org.apache.hadoop.ipc.CallQueueManager.take(CallQueueManager.java:370)&#10;        at app//org.apache.hadoop.ipc.Server$Handler.run(Server.java:3165)&#10;&quot;qtp1782170617-818&quot; daemon prio=5 tid=818 runnable&#10;java.lang.Thread.State: RUNNABLE&#10;        at java.base@21.0.8/sun.nio.ch.EPoll.wait(Native Method)&#10;        at java.base@21.0.8/sun.nio.ch.EPollSelectorImpl.doSelect(EPollSelectorImpl.java:121)&#10;        at java.base@21.0.8/sun.nio.ch.SelectorImpl.lockAndDoSelect(SelectorImpl.java:130)&#10;        at java.base@21.0.8/sun.nio.ch.SelectorImpl.select(SelectorImpl.java:147)&#10;        at app//org.eclipse.jetty.io.ManagedSelector.nioSelect(ManagedSelector.java:183)&#10;        at app//org.eclipse.jetty.io.ManagedSelector.select(ManagedSelector.java:190)&#10;        at app//org.eclipse.jetty.io.ManagedSelector$SelectorProducer.select(ManagedSelector.java:606)&#10;        at app//org.eclipse.jetty.io.ManagedSelector$SelectorProducer.produce(ManagedSelector.java:543)&#10;        at app//org.eclipse.jetty.util.thread.strategy.EatWhatYouKill.produceTask(EatWhatYouKill.java:362)&#10;        at app//org.eclipse.jetty.util.thread.strategy.EatWhatYouKill.doProduce(EatWhatYouKill.java:186)&#10;        at app//org.eclipse.jetty.util.thread.strategy.EatWhatYouKill.tryProduce(EatWhatYouKill.java:173)&#10;        at app//org.eclipse.jetty.util.thread.strategy.EatWhatYouKill.produce(EatWhatYouKill.java:137)&#10;        at app//org.eclipse.jetty.io.ManagedSelector$$Lambda/0x00007f9d6c6e5f08.run(Unknown Source)&#10;        at app//org.eclipse.jetty.util.thread.QueuedThreadPool.runJob(QueuedThreadPool.java:883)&#10;        at app//org.eclipse.jetty.util.thread.QueuedThreadPool$Runner.run(QueuedThreadPool.java:1034)&#10;        at java.base@21.0.8/java.lang.Thread.runWith(Thread.java:1596)&#10;        at java.base@21.0.8/java.lang.Thread.run(Thread.java:1583)&#10;&quot;qtp1597424614-329&quot; daemon prio=5 tid=329 timed_waiting&#10;java.lang.Thread.State: TIMED_WAITING&#10;        at java.base@21.0.8/jdk.internal.misc.Unsafe.park(Native Method)&#10;        at java.base@21.0.8/java.util.concurrent.locks.LockSupport.parkNanos(LockSupport.java:269)&#10;        at java.base@21.0.8/java.util.concurrent.locks.AbstractQueuedSynchronizer$ConditionObject.awaitNanos(AbstractQueuedSynchronizer.java:1763)&#10;        at app//org.eclipse.jetty.util.BlockingArrayQueue.poll(BlockingArrayQueue.java:382)&#10;        at app//org.eclipse.jetty.util.thread.QueuedThreadPool$Runner.idleJobPoll(QueuedThreadPool.java:974)&#10;        at app//org.eclipse.jetty.util.thread.QueuedThreadPool$Runner.run(QueuedThreadPool.java:1018)&#10;        at java.base@21.0.8/java.lang.Thread.runWith(Thread.java:1596)&#10;        at java.base@21.0.8/java.lang.Thread.run(Thread.java:1583)&#10;&quot;IPC Server handler 55 on default port 15001&quot; daemon prio=5 tid=613 timed_waiting&#10;java.lang.Thread.State: TIMED_WAITING&#10;        at java.base@21.0.8/jdk.internal.misc.Unsafe.park(Native Method)&#10;        at java.base@21.0.8/java.util.concurrent.locks.LockSupport.parkNanos(LockSupport.java:269)&#10;        at java.base@21.0.8/java.util.concurrent.locks.AbstractQueuedSynchronizer$ConditionObject.awaitNanos(AbstractQueuedSynchronizer.java:1763)&#10;        at java.base@21.0.8/java.util.concurrent.LinkedBlockingQueue.poll(LinkedBlockingQueue.java:460)&#10;        at app//org.apache.hadoop.ipc.CallQueueManager.take(CallQueueManager.java:370)&#10;        at app//org.apache.hadoop.ipc.Server$Handler.run(Server.java:3165)&#10;&quot;process reaper&quot; daemon prio=10 tid=834 timed_waiting&#10;java.lang.Thread.State: TIMED_WAITING&#10;        at java.base@21.0.8/jdk.internal.misc.Unsafe.park(Native Method)&#10;        at java.base@21.0.8/java.util.concurrent.locks.LockSupport.parkNanos(LockSupport.java:410)&#10;        at java.base@21.0.8/java.util.concurrent.LinkedTransferQueue$DualNode.await(LinkedTransferQueue.java:452)&#10;        at java.base@21.0.8/java.util.concurrent.SynchronousQueue$Transferer.xferLifo(SynchronousQueue.java:194)&#10;        at java.base@21.0.8/java.util.concurrent.SynchronousQueue.xfer(SynchronousQueue.java:235)&#10;        at java.base@21.0.8/java.util.concurrent.SynchronousQueue.poll(SynchronousQueue.java:338)&#10;        at java.base@21.0.8/java.util.concurrent.ThreadPoolExecutor.getTask(ThreadPoolExecutor.java:1069)&#10;        at java.base@21.0.8/java.util.concurrent.ThreadPoolExecutor.runWorker(ThreadPoolExecutor.java:1130)&#10;        at java.base@21.0.8/java.util.concurrent.ThreadPoolExecutor$Worker.run(ThreadPoolExecutor.java:642)&#10;        at java.base@21.0.8/java.lang.Thread.runWith(Thread.java:1596)&#10;        at java.base@21.0.8/java.lang.Thread.run(Thread.java:1583)&#10;        at java.base@21.0.8/jdk.internal.misc.InnocuousThread.run(InnocuousThread.java:186)&#10;&quot;IPC Server handler 60 on default port 15003&quot; daemon prio=5 tid=280 timed_waiting&#10;java.lang.Thread.State: TIMED_WAITING&#10;        at java.base@21.0.8/jdk.internal.misc.Unsafe.park(Native Method)&#10;        at java.base@21.0.8/java.util.concurrent.locks.LockSupport.parkNanos(LockSupport.java:269)&#10;        at java.base@21.0.8/java.util.concurrent.locks.AbstractQueuedSynchronizer$ConditionObject.awaitNanos(AbstractQueuedSynchronizer.java:1763)&#10;        at java.base@21.0.8/java.util.concurrent.LinkedBlockingQueue.poll(LinkedBlockingQueue.java:460)&#10;        at app//org.apache.hadoop.ipc.CallQueueManager.take(CallQueueManager.java:370)&#10;        at app//org.apache.hadoop.ipc.Server$Handler.run(Server.java:3165)&#10;&quot;fc0351b7-0c71-4a2a-a0ca-337e5c0b1c14-BlockDeletingService#1&quot; daemon prio=5 tid=1001 timed_waiting&#10;java.lang.Thread.State: TIMED_WAITING&#10;        at java.base@21.0.8/jdk.internal.misc.Unsafe.park(Native Method)&#10;        at java.base@21.0.8/java.util.concurrent.locks.LockSupport.parkNanos(LockSupport.java:269)&#10;        at java.base@21.0.8/java.util.concurrent.locks.AbstractQueuedSynchronizer$ConditionObject.awaitNanos(AbstractQueuedSynchronizer.java:1763)&#10;        at java.base@21.0.8/java.util.concurrent.ScheduledThreadPoolExecutor$DelayedWorkQueue.take(ScheduledThreadPoolExecutor.java:1182)&#10;        at java.base@21.0.8/java.util.concurrent.ScheduledThreadPoolExecutor$DelayedWorkQueue.take(ScheduledThreadPoolExecutor.java:899)&#10;        at java.base@21.0.8/java.util.concurrent.ThreadPoolExecutor.getTask(ThreadPoolExecutor.java:1070)&#10;        at java.base@21.0.8/java.util.concurrent.ThreadPoolExecutor.runWorker(ThreadPoolExecutor.java:1130)&#10;        at java.base@21.0.8/java.util.concurrent.ThreadPoolExecutor$Worker.run(ThreadPoolExecutor.java:642)&#10;        at java.base@21.0.8/java.lang.Thread.runWith(Thread.java:1596)&#10;        at java.base@21.0.8/java.lang.Thread.run(Thread.java:1583)&#10;&quot;SSL Certificates Store Monitor&quot; daemon prio=5 tid=1359 in Object.wait()&#10;java.lang.Thread.State: WAITING (on object monitor)&#10;        at java.base@21.0.8/java.lang.Object.wait0(Native Method)&#10;        at java.base@21.0.8/java.lang.Object.wait(Object.java:366)&#10;        at java.base@21.0.8/java.lang.Object.wait(Object.java:339)&#10;        at java.base@21.0.8/java.util.TimerThread.mainLoop(Timer.java:537)&#10;        at java.base@21.0.8/java.util.TimerThread.run(Timer.java:516)&#10;&quot;IPC Server handler 4 on default port 15045&quot; daemon prio=5 tid=941 timed_waiting&#10;java.lang.Thread.State: TIMED_WAITING&#10;        at java.base@21.0.8/jdk.internal.misc.Unsafe.park(Native Method)&#10;        at java.base@21.0.8/java.util.concurrent.locks.LockSupport.parkNanos(LockSupport.java:269)&#10;        at java.base@21.0.8/java.util.concurrent.locks.AbstractQueuedSynchronizer$ConditionObject.awaitNanos(AbstractQueuedSynchronizer.java:1763)&#10;        at java.base@21.0.8/java.util.concurrent.LinkedBlockingQueue.poll(LinkedBlockingQueue.java:460)&#10;        at app//org.apache.hadoop.ipc.CallQueueManager.take(CallQueueManager.java:370)&#10;        at app//org.apache.hadoop.ipc.Server$Handler.run(Server.java:3165)&#10;&quot;Socket Reader #10 for port 15037&quot; daemon prio=5 tid=860 runnable&#10;java.lang.Thread.State: RUNNABLE&#10;        at java.base@21.0.8/sun.nio.ch.EPoll.wait(Native Method)&#10;        at java.base@21.0.8/sun.nio.ch.EPollSelectorImpl.doSelect(EPollSelectorImpl.java:121)&#10;        at java.base@21.0.8/sun.nio.ch.SelectorImpl.lockAndDoSelect(SelectorImpl.java:130)&#10;        at java.base@21.0.8/sun.nio.ch.SelectorImpl.select(SelectorImpl.java:147)&#10;        at app//org.apache.hadoop.ipc.Server$Listener$Reader.doRunLoop(Server.java:1497)&#10;        at app//org.apache.hadoop.ipc.Server$Listener$Reader.run(Server.java:1476)&#10;&quot;fc0351b7-0c71-4a2a-a0ca-337e5c0b1c14-EndpointStateMachineTaskThread-/0.0.0.0:15004-0 &quot;  prio=5 tid=981 in Object.wait()&#10;java.lang.Thread.State: WAITING (on object monitor)&#10;        at java.base@21.0.8/jdk.internal.misc.Unsafe.park(Native Method)&#10;        at java.base@21.0.8/java.util.concurrent.locks.LockSupport.park(LockSupport.java:371)&#10;        at java.base@21.0.8/java.util.concurrent.locks.AbstractQueuedSynchronizer$ConditionNode.block(AbstractQueuedSynchronizer.java:519)&#10;        at java.base@21.0.8/java.util.concurrent.ForkJoinPool.unmanagedBlock(ForkJoinPool.java:3780)&#10;        at java.base@21.0.8/java.util.concurrent.ForkJoinPool.managedBlock(ForkJoinPool.java:3725)&#10;        at java.base@21.0.8/java.util.concurrent.locks.AbstractQueuedSynchronizer$ConditionObject.await(AbstractQueuedSynchronizer.java:1712)&#10;        at java.base@21.0.8/java.util.concurrent.LinkedBlockingQueue.take(LinkedBlockingQueue.java:435)&#10;        at java.base@21.0.8/java.util.concurrent.ThreadPoolExecutor.getTask(ThreadPoolExecutor.java:1070)&#10;        at java.base@21.0.8/java.util.concurrent.ThreadPoolExecutor.runWorker(ThreadPoolExecutor.java:1130)&#10;        at java.base@21.0.8/java.util.concurrent.ThreadPoolExecutor$Worker.run(ThreadPoolExecutor.java:642)&#10;        at java.base@21.0.8/java.lang.Thread.runWith(Thread.java:1596)&#10;        at java.base@21.0.8/java.lang.Thread.run(Thread.java:1583)&#10;&quot;IPC Server handler 67 on default port 15004&quot; daemon prio=5 tid=405 timed_waiting&#10;java.lang.Thread.State: TIMED_WAITING&#10;        at java.base@21.0.8/jdk.internal.misc.Unsafe.park(Native Method)&#10;        at java.base@21.0.8/java.util.concurrent.locks.LockSupport.parkNanos(LockSupport.java:269)&#10;        at java.base@21.0.8/java.util.concurrent.locks.AbstractQueuedSynchronizer$ConditionObject.awaitNanos(AbstractQueuedSynchronizer.java:1763)&#10;        at java.base@21.0.8/java.util.concurrent.LinkedBlockingQueue.poll(LinkedBlockingQueue.java:460)&#10;        at app//org.apache.hadoop.ipc.CallQueueManager.take(CallQueueManager.java:370)&#10;        at app//org.apache.hadoop.ipc.Server$Handler.run(Server.java:3165)&#10;&quot;EventQueue-StaleNodeForStaleNodeHandler&quot; daemon prio=5 tid=1286 in Object.wait()&#10;java.lang.Thread.State: WAITING (on object monitor)&#10;        at java.base@21.0.8/jdk.internal.misc.Unsafe.park(Native Method)&#10;        at java.base@21.0.8/java.util.concurrent.locks.LockSupport.park(LockSupport.java:371)&#10;        at java.base@21.0.8/java.util.concurrent.locks.AbstractQueuedSynchronizer$ConditionNode.block(AbstractQueuedSynchronizer.java:519)&#10;        at java.base@21.0.8/java.util.concurrent.ForkJoinPool.unmanagedBlock(ForkJoinPool.java:3780)&#10;        at java.base@21.0.8/java.util.concurrent.ForkJoinPool.managedBlock(ForkJoinPool.java:3725)&#10;        at java.base@21.0.8/java.util.concurrent.locks.AbstractQueuedSynchronizer$ConditionObject.await(AbstractQueuedSynchronizer.java:1712)&#10;        at java.base@21.0.8/java.util.concurrent.LinkedBlockingQueue.take(LinkedBlockingQueue.java:435)&#10;        at java.base@21.0.8/java.util.concurrent.ThreadPoolExecutor.getTask(ThreadPoolExecutor.java:1070)&#10;        at java.base@21.0.8/java.util.concurrent.ThreadPoolExecutor.runWorker(ThreadPoolExecutor.java:1130)&#10;        at java.base@21.0.8/java.util.concurrent.ThreadPoolExecutor$Worker.run(ThreadPoolExecutor.java:642)&#10;        at java.base@21.0.8/java.lang.Thread.runWith(Thread.java:1596)&#10;        at java.base@21.0.8/java.lang.Thread.run(Thread.java:1583)&#10;&quot;Socket Reader #6 for port 15002&quot; daemon prio=5 tid=95 runnable&#10;java.lang.Thread.State: RUNNABLE&#10;        at java.base@21.0.8/sun.nio.ch.EPoll.wait(Native Method)&#10;        at java.base@21.0.8/sun.nio.ch.EPollSelectorImpl.doSelect(EPollSelectorImpl.java:121)&#10;        at java.base@21.0.8/sun.nio.ch.SelectorImpl.lockAndDoSelect(SelectorImpl.java:130)&#10;        at java.base@21.0.8/sun.nio.ch.SelectorImpl.select(SelectorImpl.java:147)&#10;        at app//org.apache.hadoop.ipc.Server$Listener$Reader.doRunLoop(Server.java:1497)&#10;        at app//org.apache.hadoop.ipc.Server$Listener$Reader.run(Server.java:1476)&#10;&quot;pool-209-thread-1&quot;  prio=5 tid=816 timed_waiting&#10;java.lang.Thread.State: TIMED_WAITING&#10;        at java.base@21.0.8/jdk.internal.misc.Unsafe.park(Native Method)&#10;        at java.base@21.0.8/java.util.concurrent.locks.LockSupport.parkNanos(LockSupport.java:269)&#10;        at java.base@21.0.8/java.util.concurrent.locks.AbstractQueuedSynchronizer$ConditionObject.awaitNanos(AbstractQueuedSynchronizer.java:1763)&#10;        at java.base@21.0.8/java.util.concurrent.ScheduledThreadPoolExecutor$DelayedWorkQueue.take(ScheduledThreadPoolExecutor.java:1182)&#10;        at java.base@21.0.8/java.util.concurrent.ScheduledThreadPoolExecutor$DelayedWorkQueue.take(ScheduledThreadPoolExecutor.java:899)&#10;        at java.base@21.0.8/java.util.concurrent.ThreadPoolExecutor.getTask(ThreadPoolExecutor.java:1070)&#10;        at java.base@21.0.8/java.util.concurrent.ThreadPoolExecutor.runWorker(ThreadPoolExecutor.java:1130)&#10;        at java.base@21.0.8/java.util.concurrent.ThreadPoolExecutor$Worker.run(ThreadPoolExecutor.java:642)&#10;        at java.base@21.0.8/java.lang.Thread.runWith(Thread.java:1596)&#10;        at java.base@21.0.8/java.lang.Thread.run(Thread.java:1583)&#10;&quot;Socket Reader #9 for port 15004&quot; daemon prio=5 tid=70 runnable&#10;java.lang.Thread.State: RUNNABLE&#10;        at java.base@21.0.8/sun.nio.ch.EPoll.wait(Native Method)&#10;        at java.base@21.0.8/sun.nio.ch.EPollSelectorImpl.doSelect(EPollSelectorImpl.java:121)&#10;        at java.base@21.0.8/sun.nio.ch.SelectorImpl.lockAndDoSelect(SelectorImpl.java:130)&#10;        at java.base@21.0.8/sun.nio.ch.SelectorImpl.select(SelectorImpl.java:147)&#10;        at app//org.apache.hadoop.ipc.Server$Listener$Reader.doRunLoop(Server.java:1497)&#10;        at app//org.apache.hadoop.ipc.Server$Listener$Reader.run(Server.java:1476)&#10;&quot;74afb32b-8e70-4799-b16c-dc9602d9dbb6@group-F9E79CCFDB91-cacheEviction-AwaitToRun&quot; daemon prio=5 tid=1040 in Object.wait()&#10;java.lang.Thread.State: WAITING (on object monitor)&#10;        at java.base@21.0.8/jdk.internal.misc.Unsafe.park(Native Method)&#10;        at java.base@21.0.8/java.util.concurrent.locks.LockSupport.park(LockSupport.java:371)&#10;        at java.base@21.0.8/java.util.concurrent.locks.AbstractQueuedSynchronizer$ConditionNode.block(AbstractQueuedSynchronizer.java:519)&#10;        at java.base@21.0.8/java.util.concurrent.ForkJoinPool.unmanagedBlock(ForkJoinPool.java:3780)&#10;        at java.base@21.0.8/java.util.concurrent.ForkJoinPool.managedBlock(ForkJoinPool.java:3725)&#10;        at java.base@21.0.8/java.util.concurrent.locks.AbstractQueuedSynchronizer$ConditionObject.await(AbstractQueuedSynchronizer.java:1712)&#10;        at app//org.apache.ratis.util.AwaitForSignal.await(AwaitForSignal.java:48)&#10;        at app//org.apache.ratis.util.AwaitToRun$RunnableImpl.run(AwaitToRun.java:47)&#10;        at java.base@21.0.8/java.lang.Thread.runWith(Thread.java:1596)&#10;        at java.base@21.0.8/java.lang.Thread.run(Thread.java:1583)&#10;&quot;74afb32b-8e70-4799-b16c-dc9602d9dbb6@group-F9E79CCFDB91-LeaderStateImpl&quot; daemon prio=5 tid=1093 timed_waiting&#10;java.lang.Thread.State: TIMED_WAITING&#10;        at java.base@21.0.8/jdk.internal.misc.Unsafe.park(Native Method)&#10;        at java.base@21.0.8/java.util.concurrent.locks.LockSupport.parkNanos(LockSupport.java:269)&#10;        at java.base@21.0.8/java.util.concurrent.locks.AbstractQueuedSynchronizer$ConditionObject.awaitNanos(AbstractQueuedSynchronizer.java:1763)&#10;        at java.base@21.0.8/java.util.concurrent.ArrayBlockingQueue.poll(ArrayBlockingQueue.java:435)&#10;        at app//org.apache.ratis.server.impl.LeaderStateImpl$EventQueue.poll(LeaderStateImpl.java:168)&#10;        at app//org.apache.ratis.server.impl.LeaderStateImpl$EventProcessor.run(LeaderStateImpl.java:761)&#10;&quot;IPC Server handler 85 on default port 15002&quot; daemon prio=5 tid=205 timed_waiting&#10;java.lang.Thread.State: TIMED_WAITING&#10;        at java.base@21.0.8/jdk.internal.misc.Unsafe.park(Native Method)&#10;        at java.base@21.0.8/java.util.concurrent.locks.LockSupport.parkNanos(LockSupport.java:269)&#10;        at java.base@21.0.8/java.util.concurrent.locks.AbstractQueuedSynchronizer$ConditionObject.awaitNanos(AbstractQueuedSynchronizer.java:1763)&#10;        at java.base@21.0.8/java.util.concurrent.LinkedBlockingQueue.poll(LinkedBlockingQueue.java:460)&#10;        at app//org.apache.hadoop.ipc.CallQueueManager.take(CallQueueManager.java:370)&#10;        at app//org.apache.hadoop.ipc.Server$Handler.run(Server.java:3165)&#10;&quot;IPC Server handler 44 on default port 15004&quot; daemon prio=5 tid=382 timed_waiting&#10;java.lang.Thread.State: TIMED_WAITING&#10;        at java.base@21.0.8/jdk.internal.misc.Unsafe.park(Native Method)&#10;        at java.base@21.0.8/java.util.concurrent.locks.LockSupport.parkNanos(LockSupport.java:269)&#10;        at java.base@21.0.8/java.util.concurrent.locks.AbstractQueuedSynchronizer$ConditionObject.awaitNanos(AbstractQueuedSynchronizer.java:1763)&#10;        at java.base@21.0.8/java.util.concurrent.LinkedBlockingQueue.poll(LinkedBlockingQueue.java:460)&#10;        at app//org.apache.hadoop.ipc.CallQueueManager.take(CallQueueManager.java:370)&#10;        at app//org.apache.hadoop.ipc.Server$Handler.run(Server.java:3165)&#10;&quot;IPC Server handler 81 on default port 15004&quot; daemon prio=5 tid=419 timed_waiting&#10;java.lang.Thread.State: TIMED_WAITING&#10;        at java.base@21.0.8/jdk.internal.misc.Unsafe.park(Native Method)&#10;        at java.base@21.0.8/java.util.concurrent.locks.LockSupport.parkNanos(LockSupport.java:269)&#10;        at java.base@21.0.8/java.util.concurrent.locks.AbstractQueuedSynchronizer$ConditionObject.awaitNanos(AbstractQueuedSynchronizer.java:1763)&#10;        at java.base@21.0.8/java.util.concurrent.LinkedBlockingQueue.poll(LinkedBlockingQueue.java:460)&#10;        at app//org.apache.hadoop.ipc.CallQueueManager.take(CallQueueManager.java:370)&#10;        at app//org.apache.hadoop.ipc.Server$Handler.run(Server.java:3165)&#10;&quot;IPC Server handler 19 on default port 15002&quot; daemon prio=5 tid=139 timed_waiting&#10;java.lang.Thread.State: TIMED_WAITING&#10;        at java.base@21.0.8/jdk.internal.misc.Unsafe.park(Native Method)&#10;        at java.base@21.0.8/java.util.concurrent.locks.LockSupport.parkNanos(LockSupport.java:269)&#10;        at java.base@21.0.8/java.util.concurrent.locks.AbstractQueuedSynchronizer$ConditionObject.awaitNanos(AbstractQueuedSynchronizer.java:1763)&#10;        at java.base@21.0.8/java.util.concurrent.LinkedBlockingQueue.poll(LinkedBlockingQueue.java:460)&#10;        at app//org.apache.hadoop.ipc.CallQueueManager.take(CallQueueManager.java:370)&#10;        at app//org.apache.hadoop.ipc.Server$Handler.run(Server.java:3165)&#10;&quot;IPC Server handler 22 on default port 15002&quot; daemon prio=5 tid=142 timed_waiting&#10;java.lang.Thread.State: TIMED_WAITING&#10;        at java.base@21.0.8/jdk.internal.misc.Unsafe.park(Native Method)&#10;        at java.base@21.0.8/java.util.concurrent.locks.LockSupport.parkNanos(LockSupport.java:269)&#10;        at java.base@21.0.8/java.util.concurrent.locks.AbstractQueuedSynchronizer$ConditionObject.awaitNanos(AbstractQueuedSynchronizer.java:1763)&#10;        at java.base@21.0.8/java.util.concurrent.LinkedBlockingQueue.poll(LinkedBlockingQueue.java:460)&#10;        at app//org.apache.hadoop.ipc.CallQueueManager.take(CallQueueManager.java:370)&#10;        at app//org.apache.hadoop.ipc.Server$Handler.run(Server.java:3165)&#10;&quot;IPC Server handler 10 on default port 15004&quot; daemon prio=5 tid=348 timed_waiting&#10;java.lang.Thread.State: TIMED_WAITING&#10;        at java.base@21.0.8/jdk.internal.misc.Unsafe.park(Native Method)&#10;        at java.base@21.0.8/java.util.concurrent.locks.LockSupport.parkNanos(LockSupport.java:269)&#10;        at java.base@21.0.8/java.util.concurrent.locks.AbstractQueuedSynchronizer$ConditionObject.awaitNanos(AbstractQueuedSynchronizer.java:1763)&#10;        at java.base@21.0.8/java.util.concurrent.LinkedBlockingQueue.poll(LinkedBlockingQueue.java:460)&#10;        at app//org.apache.hadoop.ipc.CallQueueManager.take(CallQueueManager.java:370)&#10;        at app//org.apache.hadoop.ipc.Server$Handler.run(Server.java:3165)&#10;&quot;fc0351b7-0c71-4a2a-a0ca-337e5c0b1c14-DatanodeStateMachineTaskThread-0&quot;  prio=5 tid=880 in Object.wait()&#10;java.lang.Thread.State: WAITING (on object monitor)&#10;        at java.base@21.0.8/jdk.internal.misc.Unsafe.park(Native Method)&#10;        at java.base@21.0.8/java.util.concurrent.locks.LockSupport.park(LockSupport.java:371)&#10;        at java.base@21.0.8/java.util.concurrent.locks.AbstractQueuedSynchronizer$ConditionNode.block(AbstractQueuedSynchronizer.java:519)&#10;        at java.base@21.0.8/java.util.concurrent.ForkJoinPool.unmanagedBlock(ForkJoinPool.java:3780)&#10;        at java.base@21.0.8/java.util.concurrent.ForkJoinPool.managedBlock(ForkJoinPool.java:3725)&#10;        at java.base@21.0.8/java.util.concurrent.locks.AbstractQueuedSynchronizer$ConditionObject.await(AbstractQueuedSynchronizer.java:1712)&#10;        at java.base@21.0.8/java.util.concurrent.LinkedBlockingQueue.take(LinkedBlockingQueue.java:435)&#10;        at java.base@21.0.8/java.util.concurrent.ThreadPoolExecutor.getTask(ThreadPoolExecutor.java:1070)&#10;        at java.base@21.0.8/java.util.concurrent.ThreadPoolExecutor.runWorker(ThreadPoolExecutor.java:1130)&#10;        at java.base@21.0.8/java.util.concurrent.ThreadPoolExecutor$Worker.run(ThreadPoolExecutor.java:642)&#10;        at java.base@21.0.8/java.lang.Thread.runWith(Thread.java:1596)&#10;        at java.base@21.0.8/java.lang.Thread.run(Thread.java:1583)&#10;&quot;EventQueue-ContainerRegistrationReportForRatisContainerSafeModeRule&quot; daemon prio=5 tid=960 in Object.wait()&#10;java.lang.Thread.State: WAITING (on object monitor)&#10;        at java.base@21.0.8/jdk.internal.misc.Unsafe.park(Native Method)&#10;        at java.base@21.0.8/java.util.concurrent.locks.LockSupport.park(LockSupport.java:371)&#10;        at java.base@21.0.8/java.util.concurrent.locks.AbstractQueuedSynchronizer$ConditionNode.block(AbstractQueuedSynchronizer.java:519)&#10;        at java.base@21.0.8/java.util.concurrent.ForkJoinPool.unmanagedBlock(ForkJoinPool.java:3780)&#10;        at java.base@21.0.8/java.util.concurrent.ForkJoinPool.managedBlock(ForkJoinPool.java:3725)&#10;        at java.base@21.0.8/java.util.concurrent.locks.AbstractQueuedSynchronizer$ConditionObject.await(AbstractQueuedSynchronizer.java:1712)&#10;        at java.base@21.0.8/java.util.concurrent.LinkedBlockingQueue.take(LinkedBlockingQueue.java:435)&#10;        at java.base@21.0.8/java.util.concurrent.ThreadPoolExecutor.getTask(ThreadPoolExecutor.java:1070)&#10;        at java.base@21.0.8/java.util.concurrent.ThreadPoolExecutor.runWorker(ThreadPoolExecutor.java:1130)&#10;        at java.base@21.0.8/java.util.concurrent.ThreadPoolExecutor$Worker.run(ThreadPoolExecutor.java:642)&#10;        at java.base@21.0.8/java.lang.Thread.runWith(Thread.java:1596)&#10;        at java.base@21.0.8/java.lang.Thread.run(Thread.java:1583)&#10;&quot;qtp249078499-724&quot; daemon prio=5 tid=724 timed_waiting&#10;java.lang.Thread.State: TIMED_WAITING&#10;        at java.base@21.0.8/jdk.internal.misc.Unsafe.park(Native Method)&#10;        at java.base@21.0.8/java.util.concurrent.locks.LockSupport.parkNanos(LockSupport.java:269)&#10;        at java.base@21.0.8/java.util.concurrent.locks.AbstractQueuedSynchronizer$ConditionObject.awaitNanos(AbstractQueuedSynchronizer.java:1763)&#10;        at app//org.eclipse.jetty.util.BlockingArrayQueue.poll(BlockingArrayQueue.java:382)&#10;        at app//org.eclipse.jetty.util.thread.QueuedThreadPool$Runner.idleJobPoll(QueuedThreadPool.java:974)&#10;        at app//org.eclipse.jetty.util.thread.QueuedThreadPool$Runner.run(QueuedThreadPool.java:1018)&#10;        at java.base@21.0.8/java.lang.Thread.runWith(Thread.java:1596)&#10;        at java.base@21.0.8/java.lang.Thread.run(Thread.java:1583)&#10;&quot;qtp1782170617-817&quot; daemon prio=5 tid=817 runnable&#10;java.lang.Thread.State: RUNNABLE&#10;        at java.base@21.0.8/sun.nio.ch.EPoll.wait(Native Method)&#10;        at java.base@21.0.8/sun.nio.ch.EPollSelectorImpl.doSelect(EPollSelectorImpl.java:121)&#10;        at java.base@21.0.8/sun.nio.ch.SelectorImpl.lockAndDoSelect(SelectorImpl.java:130)&#10;        at java.base@21.0.8/sun.nio.ch.SelectorImpl.select(SelectorImpl.java:147)&#10;        at app//org.eclipse.jetty.io.ManagedSelector.nioSelect(ManagedSelector.java:183)&#10;        at app//org.eclipse.jetty.io.ManagedSelector.select(ManagedSelector.java:190)&#10;        at app//org.eclipse.jetty.io.ManagedSelector$SelectorProducer.select(ManagedSelector.java:606)&#10;        at app//org.eclipse.jetty.io.ManagedSelector$SelectorProducer.produce(ManagedSelector.java:543)&#10;        at app//org.eclipse.jetty.util.thread.strategy.EatWhatYouKill.produceTask(EatWhatYouKill.java:362)&#10;        at app//org.eclipse.jetty.util.thread.strategy.EatWhatYouKill.doProduce(EatWhatYouKill.java:186)&#10;        at app//org.eclipse.jetty.util.thread.strategy.EatWhatYouKill.tryProduce(EatWhatYouKill.java:173)&#10;        at app//org.eclipse.jetty.util.thread.strategy.EatWhatYouKill.produce(EatWhatYouKill.java:137)&#10;        at app//org.eclipse.jetty.io.ManagedSelector$$Lambda/0x00007f9d6c6e5f08.run(Unknown Source)&#10;        at app//org.eclipse.jetty.util.thread.QueuedThreadPool.runJob(QueuedThreadPool.java:883)&#10;        at app//org.eclipse.jetty.util.thread.QueuedThreadPool$Runner.run(QueuedThreadPool.java:1034)&#10;        at java.base@21.0.8/java.lang.Thread.runWith(Thread.java:1596)&#10;        at java.base@21.0.8/java.lang.Thread.run(Thread.java:1583)&#10;&quot;Socket Reader #3 for port 15004&quot; daemon prio=5 tid=64 runnable&#10;java.lang.Thread.State: RUNNABLE&#10;        at java.base@21.0.8/sun.nio.ch.EPoll.wait(Native Method)&#10;        at java.base@21.0.8/sun.nio.ch.EPollSelectorImpl.doSelect(EPollSelectorImpl.java:121)&#10;        at java.base@21.0.8/sun.nio.ch.SelectorImpl.lockAndDoSelect(SelectorImpl.java:130)&#10;        at java.base@21.0.8/sun.nio.ch.SelectorImpl.select(SelectorImpl.java:147)&#10;        at app//org.apache.hadoop.ipc.Server$Listener$Reader.doRunLoop(Server.java:1497)&#10;        at app//org.apache.hadoop.ipc.Server$Listener$Reader.run(Server.java:1476)&#10;&quot;Socket Reader #8 for port 15001&quot; daemon prio=5 tid=528 runnable&#10;java.lang.Thread.State: RUNNABLE&#10;        at java.base@21.0.8/sun.nio.ch.EPoll.wait(Native Method)&#10;        at java.base@21.0.8/sun.nio.ch.EPollSelectorImpl.doSelect(EPollSelectorImpl.java:121)&#10;        at java.base@21.0.8/sun.nio.ch.SelectorImpl.lockAndDoSelect(SelectorImpl.java:130)&#10;        at java.base@21.0.8/sun.nio.ch.SelectorImpl.select(SelectorImpl.java:147)&#10;        at app//org.apache.hadoop.ipc.Server$Listener$Reader.doRunLoop(Server.java:1497)&#10;        at app//org.apache.hadoop.ipc.Server$Listener$Reader.run(Server.java:1476)&#10;&quot;openFileTable_PartialTableCache-Cleanup-0&quot; daemon prio=5 tid=1133 in Object.wait()&#10;java.lang.Thread.State: WAITING (on object monitor)&#10;        at java.base@21.0.8/jdk.internal.misc.Unsafe.park(Native Method)&#10;        at java.base@21.0.8/java.util.concurrent.locks.LockSupport.park(LockSupport.java:371)&#10;        at java.base@21.0.8/java.util.concurrent.locks.AbstractQueuedSynchronizer$ConditionNode.block(AbstractQueuedSynchronizer.java:519)&#10;        at java.base@21.0.8/java.util.concurrent.ForkJoinPool.unmanagedBlock(ForkJoinPool.java:3780)&#10;        at java.base@21.0.8/java.util.concurrent.ForkJoinPool.managedBlock(ForkJoinPool.java:3725)&#10;        at java.base@21.0.8/java.util.concurrent.locks.AbstractQueuedSynchronizer$ConditionObject.await(AbstractQueuedSynchronizer.java:1712)&#10;        at java.base@21.0.8/java.util.concurrent.LinkedBlockingQueue.take(LinkedBlockingQueue.java:435)&#10;        at java.base@21.0.8/java.util.concurrent.ThreadPoolExecutor.getTask(ThreadPoolExecutor.java:1070)&#10;        at java.base@21.0.8/java.util.concurrent.ThreadPoolExecutor.runWorker(ThreadPoolExecutor.java:1130)&#10;        at java.base@21.0.8/java.util.concurrent.ThreadPoolExecutor$Worker.run(ThreadPoolExecutor.java:642)&#10;        at java.base@21.0.8/java.lang.Thread.runWith(Thread.java:1596)&#10;        at java.base@21.0.8/java.lang.Thread.run(Thread.java:1583)&#10;&quot;junit-jupiter-timeout-watcher&quot; daemon prio=10 tid=34 timed_waiting&#10;java.lang.Thread.State: TIMED_WAITING&#10;        at java.base@21.0.8/jdk.internal.misc.Unsafe.park(Native Method)&#10;        at java.base@21.0.8/java.util.concurrent.locks.LockSupport.parkNanos(LockSupport.java:269)&#10;        at java.base@21.0.8/java.util.concurrent.locks.AbstractQueuedSynchronizer$ConditionObject.awaitNanos(AbstractQueuedSynchronizer.java:1763)&#10;        at java.base@21.0.8/java.util.concurrent.ScheduledThreadPoolExecutor$DelayedWorkQueue.take(ScheduledThreadPoolExecutor.java:1182)&#10;        at java.base@21.0.8/java.util.concurrent.ScheduledThreadPoolExecutor$DelayedWorkQueue.take(ScheduledThreadPoolExecutor.java:899)&#10;        at java.base@21.0.8/java.util.concurrent.ThreadPoolExecutor.getTask(ThreadPoolExecutor.java:1070)&#10;        at java.base@21.0.8/java.util.concurrent.ThreadPoolExecutor.runWorker(ThreadPoolExecutor.java:1130)&#10;        at java.base@21.0.8/java.util.concurrent.ThreadPoolExecutor$Worker.run(ThreadPoolExecutor.java:642)&#10;        at java.base@21.0.8/java.lang.Thread.runWith(Thread.java:1596)&#10;        at java.base@21.0.8/java.lang.Thread.run(Thread.java:1583)&#10;&quot;IPC Server listener on 15004&quot; daemon prio=5 tid=61 runnable&#10;java.lang.Thread.State: RUNNABLE&#10;        at java.base@21.0.8/sun.nio.ch.EPoll.wait(Native Method)&#10;        at java.base@21.0.8/sun.nio.ch.EPollSelectorImpl.doSelect(EPollSelectorImpl.java:121)&#10;        at java.base@21.0.8/sun.nio.ch.SelectorImpl.lockAndDoSelect(SelectorImpl.java:130)&#10;        at java.base@21.0.8/sun.nio.ch.SelectorImpl.select(SelectorImpl.java:147)&#10;        at app//org.apache.hadoop.ipc.Server$Listener.run(Server.java:1559)&#10;&quot;SCMHeartbeatProcessor-0&quot; daemon prio=5 tid=519 timed_waiting&#10;java.lang.Thread.State: TIMED_WAITING&#10;        at java.base@21.0.8/jdk.internal.misc.Unsafe.park(Native Method)&#10;        at java.base@21.0.8/java.util.concurrent.locks.LockSupport.parkNanos(LockSupport.java:269)&#10;        at java.base@21.0.8/java.util.concurrent.locks.AbstractQueuedSynchronizer$ConditionObject.awaitNanos(AbstractQueuedSynchronizer.java:1763)&#10;        at java.base@21.0.8/java.util.concurrent.ScheduledThreadPoolExecutor$DelayedWorkQueue.take(ScheduledThreadPoolExecutor.java:1182)&#10;        at java.base@21.0.8/java.util.concurrent.ScheduledThreadPoolExecutor$DelayedWorkQueue.take(ScheduledThreadPoolExecutor.java:899)&#10;        at java.base@21.0.8/java.util.concurrent.ThreadPoolExecutor.getTask(ThreadPoolExecutor.java:1070)&#10;        at java.base@21.0.8/java.util.concurrent.ThreadPoolExecutor.runWorker(ThreadPoolExecutor.java:1130)&#10;        at java.base@21.0.8/java.util.concurrent.ThreadPoolExecutor$Worker.run(ThreadPoolExecutor.java:642)&#10;        at java.base@21.0.8/java.lang.Thread.runWith(Thread.java:1596)&#10;        at java.base@21.0.8/java.lang.Thread.run(Thread.java:1583)&#10;&quot;IPC Server handler 21 on default port 15001&quot; daemon prio=5 tid=579 timed_waiting&#10;java.lang.Thread.State: TIMED_WAITING&#10;        at java.base@21.0.8/jdk.internal.misc.Unsafe.park(Native Method)&#10;        at java.base@21.0.8/java.util.concurrent.locks.LockSupport.parkNanos(LockSupport.java:269)&#10;        at java.base@21.0.8/java.util.concurrent.locks.AbstractQueuedSynchronizer$ConditionObject.awaitNanos(AbstractQueuedSynchronizer.java:1763)&#10;        at java.base@21.0.8/java.util.concurrent.LinkedBlockingQueue.poll(LinkedBlockingQueue.java:460)&#10;        at app//org.apache.hadoop.ipc.CallQueueManager.take(CallQueueManager.java:370)&#10;        at app//org.apache.hadoop.ipc.Server$Handler.run(Server.java:3165)&#10;&quot;Socket Reader #5 for port 15045&quot; daemon prio=5 tid=925 runnable&#10;java.lang.Thread.State: RUNNABLE&#10;        at java.base@21.0.8/sun.nio.ch.EPoll.wait(Native Method)&#10;        at java.base@21.0.8/sun.nio.ch.EPollSelectorImpl.doSelect(EPollSelectorImpl.java:121)&#10;        at java.base@21.0.8/sun.nio.ch.SelectorImpl.lockAndDoSelect(SelectorImpl.java:130)&#10;        at java.base@21.0.8/sun.nio.ch.SelectorImpl.select(SelectorImpl.java:147)&#10;        at app//org.apache.hadoop.ipc.Server$Listener$Reader.doRunLoop(Server.java:1497)&#10;        at app//org.apache.hadoop.ipc.Server$Listener$Reader.run(Server.java:1476)&#10;&quot;qtp473358662-914&quot; daemon prio=5 tid=914 timed_waiting&#10;java.lang.Thread.State: TIMED_WAITING&#10;        at java.base@21.0.8/jdk.internal.misc.Unsafe.park(Native Method)&#10;        at java.base@21.0.8/java.util.concurrent.locks.LockSupport.parkNanos(LockSupport.java:269)&#10;        at java.base@21.0.8/java.util.concurrent.locks.AbstractQueuedSynchronizer$ConditionObject.awaitNanos(AbstractQueuedSynchronizer.java:1763)&#10;        at app//org.eclipse.jetty.util.BlockingArrayQueue.poll(BlockingArrayQueue.java:382)&#10;        at app//org.eclipse.jetty.util.thread.QueuedThreadPool$Runner.idleJobPoll(QueuedThreadPool.java:974)&#10;        at app//org.eclipse.jetty.util.thread.QueuedThreadPool$Runner.run(QueuedThreadPool.java:1018)&#10;        at java.base@21.0.8/java.lang.Thread.runWith(Thread.java:1596)&#10;        at java.base@21.0.8/java.lang.Thread.run(Thread.java:1583)&#10;&quot;qtp1597424614-323&quot; daemon prio=5 tid=323 runnable&#10;java.lang.Thread.State: RUNNABLE&#10;        at java.base@21.0.8/sun.nio.ch.EPoll.wait(Native Method)&#10;        at java.base@21.0.8/sun.nio.ch.EPollSelectorImpl.doSelect(EPollSelectorImpl.java:121)&#10;        at java.base@21.0.8/sun.nio.ch.SelectorImpl.lockAndDoSelect(SelectorImpl.java:130)&#10;        at java.base@21.0.8/sun.nio.ch.SelectorImpl.select(SelectorImpl.java:147)&#10;        at app//org.eclipse.jetty.io.ManagedSelector.nioSelect(ManagedSelector.java:183)&#10;        at app//org.eclipse.jetty.io.ManagedSelector.select(ManagedSelector.java:190)&#10;        at app//org.eclipse.jetty.io.ManagedSelector$SelectorProducer.select(ManagedSelector.java:606)&#10;        at app//org.eclipse.jetty.io.ManagedSelector$SelectorProducer.produce(ManagedSelector.java:543)&#10;        at app//org.eclipse.jetty.util.thread.strategy.EatWhatYouKill.produceTask(EatWhatYouKill.java:362)&#10;        at app//org.eclipse.jetty.util.thread.strategy.EatWhatYouKill.doProduce(EatWhatYouKill.java:186)&#10;        at app//org.eclipse.jetty.util.thread.strategy.EatWhatYouKill.tryProduce(EatWhatYouKill.java:173)&#10;        at app//org.eclipse.jetty.util.thread.strategy.EatWhatYouKill.produce(EatWhatYouKill.java:137)&#10;        at app//org.eclipse.jetty.io.ManagedSelector$$Lambda/0x00007f9d6c6e5f08.run(Unknown Source)&#10;        at app//org.eclipse.jetty.util.thread.QueuedThreadPool.runJob(QueuedThreadPool.java:883)&#10;        at app//org.eclipse.jetty.util.thread.QueuedThreadPool$Runner.run(QueuedThreadPool.java:1034)&#10;        at java.base@21.0.8/java.lang.Thread.runWith(Thread.java:1596)&#10;        at java.base@21.0.8/java.lang.Thread.run(Thread.java:1583)&#10;&quot;IPC Server handler 31 on default port 15002&quot; daemon prio=5 tid=151 timed_waiting&#10;java.lang.Thread.State: TIMED_WAITING&#10;        at java.base@21.0.8/jdk.internal.misc.Unsafe.park(Native Method)&#10;        at java.base@21.0.8/java.util.concurrent.locks.LockSupport.parkNanos(LockSupport.java:269)&#10;        at java.base@21.0.8/java.util.concurrent.locks.AbstractQueuedSynchronizer$ConditionObject.awaitNanos(AbstractQueuedSynchronizer.java:1763)&#10;        at java.base@21.0.8/java.util.concurrent.LinkedBlockingQueue.poll(LinkedBlockingQueue.java:460)&#10;        at app//org.apache.hadoop.ipc.CallQueueManager.take(CallQueueManager.java:370)&#10;        at app//org.apache.hadoop.ipc.Server$Handler.run(Server.java:3165)&#10;&quot;IPC Server handler 7 on default port 15029&quot; daemon prio=5 tid=794 timed_waiting&#10;java.lang.Thread.State: TIMED_WAITING&#10;        at java.base@21.0.8/jdk.internal.misc.Unsafe.park(Native Method)&#10;        at java.base@21.0.8/java.util.concurrent.locks.LockSupport.parkNanos(LockSupport.java:269)&#10;        at java.base@21.0.8/java.util.concurrent.locks.AbstractQueuedSynchronizer$ConditionObject.awaitNanos(AbstractQueuedSynchronizer.java:1763)&#10;        at java.base@21.0.8/java.util.concurrent.LinkedBlockingQueue.poll(LinkedBlockingQueue.java:460)&#10;        at app//org.apache.hadoop.ipc.CallQueueManager.take(CallQueueManager.java:370)&#10;        at app//org.apache.hadoop.ipc.Server$Handler.run(Server.java:3165)&#10;&quot;grpc-default-executor-6&quot; daemon prio=5 tid=1112 timed_waiting&#10;java.lang.Thread.State: TIMED_WAITING&#10;        at java.base@21.0.8/jdk.internal.misc.Unsafe.park(Native Method)&#10;        at java.base@21.0.8/java.util.concurrent.locks.LockSupport.parkNanos(LockSupport.java:410)&#10;        at java.base@21.0.8/java.util.concurrent.LinkedTransferQueue$DualNode.await(LinkedTransferQueue.java:452)&#10;        at java.base@21.0.8/java.util.concurrent.SynchronousQueue$Transferer.xferLifo(SynchronousQueue.java:194)&#10;        at java.base@21.0.8/java.util.concurrent.SynchronousQueue.xfer(SynchronousQueue.java:235)&#10;        at java.base@21.0.8/java.util.concurrent.SynchronousQueue.poll(SynchronousQueue.java:338)&#10;        at java.base@21.0.8/java.util.concurrent.ThreadPoolExecutor.getTask(ThreadPoolExecutor.java:1069)&#10;        at java.base@21.0.8/java.util.concurrent.ThreadPoolExecutor.runWorker(ThreadPoolExecutor.java:1130)&#10;        at java.base@21.0.8/java.util.concurrent.ThreadPoolExecutor$Worker.run(ThreadPoolExecutor.java:642)&#10;        at java.base@21.0.8/java.lang.Thread.runWith(Thread.java:1596)&#10;        at java.base@21.0.8/java.lang.Thread.run(Thread.java:1583)&#10;&quot;IPC Server handler 14 on default port 15002&quot; daemon prio=5 tid=134 timed_waiting&#10;java.lang.Thread.State: TIMED_WAITING&#10;        at java.base@21.0.8/jdk.internal.misc.Unsafe.park(Native Method)&#10;        at java.base@21.0.8/java.util.concurrent.locks.LockSupport.parkNanos(LockSupport.java:269)&#10;        at java.base@21.0.8/java.util.concurrent.locks.AbstractQueuedSynchronizer$ConditionObject.awaitNanos(AbstractQueuedSynchronizer.java:1763)&#10;        at java.base@21.0.8/java.util.concurrent.LinkedBlockingQueue.poll(LinkedBlockingQueue.java:460)&#10;        at app//org.apache.hadoop.ipc.CallQueueManager.take(CallQueueManager.java:370)&#10;        at app//org.apache.hadoop.ipc.Server$Handler.run(Server.java:3165)&#10;&quot;IPC Server handler 56 on default port 15003&quot; daemon prio=5 tid=276 timed_waiting&#10;java.lang.Thread.State: TIMED_WAITING&#10;        at java.base@21.0.8/jdk.internal.misc.Unsafe.park(Native Method)&#10;        at java.base@21.0.8/java.util.concurrent.locks.LockSupport.parkNanos(LockSupport.java:269)&#10;        at java.base@21.0.8/java.util.concurrent.locks.AbstractQueuedSynchronizer$ConditionObject.awaitNanos(AbstractQueuedSynchronizer.java:1763)&#10;        at java.base@21.0.8/java.util.concurrent.LinkedBlockingQueue.poll(LinkedBlockingQueue.java:460)&#10;        at app//org.apache.hadoop.ipc.CallQueueManager.take(CallQueueManager.java:370)&#10;        at app//org.apache.hadoop.ipc.Server$Handler.run(Server.java:3165)&#10;&quot;IPC Server handler 56 on default port 15001&quot; daemon prio=5 tid=614 timed_waiting&#10;java.lang.Thread.State: TIMED_WAITING&#10;        at java.base@21.0.8/jdk.internal.misc.Unsafe.park(Native Method)&#10;        at java.base@21.0.8/java.util.concurrent.locks.LockSupport.parkNanos(LockSupport.java:269)&#10;        at java.base@21.0.8/java.util.concurrent.locks.AbstractQueuedSynchronizer$ConditionObject.awaitNanos(AbstractQueuedSynchronizer.java:1763)&#10;        at java.base@21.0.8/java.util.concurrent.LinkedBlockingQueue.poll(LinkedBlockingQueue.java:460)&#10;        at app//org.apache.hadoop.ipc.CallQueueManager.take(CallQueueManager.java:370)&#10;        at app//org.apache.hadoop.ipc.Server$Handler.run(Server.java:3165)&#10;&quot;ExpiredContainerReplicaOpScrubber&quot; daemon prio=5 tid=56 timed_waiting&#10;java.lang.Thread.State: TIMED_WAITING&#10;        at java.base@21.0.8/java.lang.Object.wait0(Native Method)&#10;        at java.base@21.0.8/java.lang.Object.wait(Object.java:366)&#10;        at app//org.apache.hadoop.hdds.scm.ha.BackgroundSCMService.run(BackgroundSCMService.java:106)&#10;        at app//org.apache.hadoop.hdds.scm.ha.BackgroundSCMService$$Lambda/0x00007f9d6c505440.run(Unknown Source)&#10;        at java.base@21.0.8/java.lang.Thread.runWith(Thread.java:1596)&#10;        at java.base@21.0.8/java.lang.Thread.run(Thread.java:1583)&#10;&quot;Timer for &apos;StorageContainerManager&apos; metrics system&quot; daemon prio=5 tid=119 timed_waiting&#10;java.lang.Thread.State: TIMED_WAITING&#10;        at java.base@21.0.8/java.lang.Object.wait0(Native Method)&#10;        at java.base@21.0.8/java.lang.Object.wait(Object.java:366)&#10;        at java.base@21.0.8/java.util.TimerThread.mainLoop(Timer.java:563)&#10;        at java.base@21.0.8/java.util.TimerThread.run(Timer.java:516)&#10;&quot;om1-KeyDeletingService#1&quot; daemon prio=5 tid=473 in Object.wait()&#10;java.lang.Thread.State: WAITING (on object monitor)&#10;        at java.base@21.0.8/jdk.internal.misc.Unsafe.park(Native Method)&#10;        at java.base@21.0.8/java.util.concurrent.locks.LockSupport.park(LockSupport.java:371)&#10;        at java.base@21.0.8/java.util.concurrent.locks.AbstractQueuedSynchronizer$ConditionNode.block(AbstractQueuedSynchronizer.java:519)&#10;        at java.base@21.0.8/java.util.concurrent.ForkJoinPool.unmanagedBlock(ForkJoinPool.java:3780)&#10;        at java.base@21.0.8/java.util.concurrent.ForkJoinPool.managedBlock(ForkJoinPool.java:3725)&#10;        at java.base@21.0.8/java.util.concurrent.locks.AbstractQueuedSynchronizer$ConditionObject.await(AbstractQueuedSynchronizer.java:1712)&#10;        at java.base@21.0.8/java.util.concurrent.ScheduledThreadPoolExecutor$DelayedWorkQueue.take(ScheduledThreadPoolExecutor.java:1177)&#10;        at java.base@21.0.8/java.util.concurrent.ScheduledThreadPoolExecutor$DelayedWorkQueue.take(ScheduledThreadPoolExecutor.java:899)&#10;        at java.base@21.0.8/java.util.concurrent.ThreadPoolExecutor.getTask(ThreadPoolExecutor.java:1070)&#10;        at java.base@21.0.8/java.util.concurrent.ThreadPoolExecutor.runWorker(ThreadPoolExecutor.java:1130)&#10;        at java.base@21.0.8/java.util.concurrent.ThreadPoolExecutor$Worker.run(ThreadPoolExecutor.java:642)&#10;        at java.base@21.0.8/java.lang.Thread.runWith(Thread.java:1596)&#10;        at java.base@21.0.8/java.lang.Thread.run(Thread.java:1583)&#10;&quot;StaleRecoveringContainerScrubbingService#1&quot; daemon prio=5 tid=1028 in Object.wait()&#10;java.lang.Thread.State: WAITING (on object monitor)&#10;        at java.base@21.0.8/jdk.internal.misc.Unsafe.park(Native Method)&#10;        at java.base@21.0.8/java.util.concurrent.locks.LockSupport.park(LockSupport.java:371)&#10;        at java.base@21.0.8/java.util.concurrent.locks.AbstractQueuedSynchronizer$ConditionNode.block(AbstractQueuedSynchronizer.java:519)&#10;        at java.base@21.0.8/java.util.concurrent.ForkJoinPool.unmanagedBlock(ForkJoinPool.java:3780)&#10;        at java.base@21.0.8/java.util.concurrent.ForkJoinPool.managedBlock(ForkJoinPool.java:3725)&#10;        at java.base@21.0.8/java.util.concurrent.locks.AbstractQueuedSynchronizer$ConditionObject.await(AbstractQueuedSynchronizer.java:1712)&#10;        at java.base@21.0.8/java.util.concurrent.ScheduledThreadPoolExecutor$DelayedWorkQueue.take(ScheduledThreadPoolExecutor.java:1177)&#10;        at java.base@21.0.8/java.util.concurrent.ScheduledThreadPoolExecutor$DelayedWorkQueue.take(ScheduledThreadPoolExecutor.java:899)&#10;        at java.base@21.0.8/java.util.concurrent.ThreadPoolExecutor.getTask(ThreadPoolExecutor.java:1070)&#10;        at java.base@21.0.8/java.util.concurrent.ThreadPoolExecutor.runWorker(ThreadPoolExecutor.java:1130)&#10;        at java.base@21.0.8/java.util.concurrent.ThreadPoolExecutor$Worker.run(ThreadPoolExecutor.java:642)&#10;        at java.base@21.0.8/java.lang.Thread.runWith(Thread.java:1596)&#10;        at java.base@21.0.8/java.lang.Thread.run(Thread.java:1583)&#10;&quot;IPC Server handler 89 on default port 15004&quot; daemon prio=5 tid=427 timed_waiting&#10;java.lang.Thread.State: TIMED_WAITING&#10;        at java.base@21.0.8/jdk.internal.misc.Unsafe.park(Native Method)&#10;        at java.base@21.0.8/java.util.concurrent.locks.LockSupport.parkNanos(LockSupport.java:269)&#10;        at java.base@21.0.8/java.util.concurrent.locks.AbstractQueuedSynchronizer$ConditionObject.awaitNanos(AbstractQueuedSynchronizer.java:1763)&#10;        at java.base@21.0.8/java.util.concurrent.LinkedBlockingQueue.poll(LinkedBlockingQueue.java:460)&#10;        at app//org.apache.hadoop.ipc.CallQueueManager.take(CallQueueManager.java:370)&#10;        at app//org.apache.hadoop.ipc.Server$Handler.run(Server.java:3165)&#10;&quot;Recon-EventQueue-PipelineReportForReconPipelineReportHandler&quot; daemon prio=5 tid=953 in Object.wait()&#10;java.lang.Thread.State: WAITING (on object monitor)&#10;        at java.base@21.0.8/jdk.internal.misc.Unsafe.park(Native Method)&#10;        at java.base@21.0.8/java.util.concurrent.locks.LockSupport.park(LockSupport.java:371)&#10;        at java.base@21.0.8/java.util.concurrent.locks.AbstractQueuedSynchronizer$ConditionNode.block(AbstractQueuedSynchronizer.java:519)&#10;        at java.base@21.0.8/java.util.concurrent.ForkJoinPool.unmanagedBlock(ForkJoinPool.java:3780)&#10;        at java.base@21.0.8/java.util.concurrent.ForkJoinPool.managedBlock(ForkJoinPool.java:3725)&#10;        at java.base@21.0.8/java.util.concurrent.locks.AbstractQueuedSynchronizer$ConditionObject.await(AbstractQueuedSynchronizer.java:1712)&#10;        at java.base@21.0.8/java.util.concurrent.LinkedBlockingQueue.take(LinkedBlockingQueue.java:435)&#10;        at java.base@21.0.8/java.util.concurrent.ThreadPoolExecutor.getTask(ThreadPoolExecutor.java:1070)&#10;        at java.base@21.0.8/java.util.concurrent.ThreadPoolExecutor.runWorker(ThreadPoolExecutor.java:1130)&#10;        at java.base@21.0.8/java.util.concurrent.ThreadPoolExecutor$Worker.run(ThreadPoolExecutor.java:642)&#10;        at java.base@21.0.8/java.lang.Thread.runWith(Thread.java:1596)&#10;        at java.base@21.0.8/java.lang.Thread.run(Thread.java:1583)&#10;&quot;7d2db622-5327-4122-ba03-be97b5575303-DatanodeReportManager-3&quot; daemon prio=5 tid=801 in Object.wait()&#10;java.lang.Thread.State: WAITING (on object monitor)&#10;        at java.base@21.0.8/jdk.internal.misc.Unsafe.park(Native Method)&#10;        at java.base@21.0.8/java.util.concurrent.locks.LockSupport.park(LockSupport.java:371)&#10;        at java.base@21.0.8/java.util.concurrent.locks.AbstractQueuedSynchronizer$ConditionNode.block(AbstractQueuedSynchronizer.java:519)&#10;        at java.base@21.0.8/java.util.concurrent.ForkJoinPool.unmanagedBlock(ForkJoinPool.java:3780)&#10;        at java.base@21.0.8/java.util.concurrent.ForkJoinPool.managedBlock(ForkJoinPool.java:3725)&#10;        at java.base@21.0.8/java.util.concurrent.locks.AbstractQueuedSynchronizer$ConditionObject.await(AbstractQueuedSynchronizer.java:1712)&#10;        at java.base@21.0.8/java.util.concurrent.ScheduledThreadPoolExecutor$DelayedWorkQueue.take(ScheduledThreadPoolExecutor.java:1177)&#10;        at java.base@21.0.8/java.util.concurrent.ScheduledThreadPoolExecutor$DelayedWorkQueue.take(ScheduledThreadPoolExecutor.java:899)&#10;        at java.base@21.0.8/java.util.concurrent.ThreadPoolExecutor.getTask(ThreadPoolExecutor.java:1070)&#10;        at java.base@21.0.8/java.util.concurrent.ThreadPoolExecutor.runWorker(ThreadPoolExecutor.java:1130)&#10;        at java.base@21.0.8/java.util.concurrent.ThreadPoolExecutor$Worker.run(ThreadPoolExecutor.java:642)&#10;        at java.base@21.0.8/java.lang.Thread.runWith(Thread.java:1596)&#10;        at java.base@21.0.8/java.lang.Thread.run(Thread.java:1583)&#10;&quot;IPC Server handler 70 on default port 15004&quot; daemon prio=5 tid=408 timed_waiting&#10;java.lang.Thread.State: TIMED_WAITING&#10;        at java.base@21.0.8/jdk.internal.misc.Unsafe.park(Native Method)&#10;        at java.base@21.0.8/java.util.concurrent.locks.LockSupport.parkNanos(LockSupport.java:269)&#10;        at java.base@21.0.8/java.util.concurrent.locks.AbstractQueuedSynchronizer$ConditionObject.awaitNanos(AbstractQueuedSynchronizer.java:1763)&#10;        at java.base@21.0.8/java.util.concurrent.LinkedBlockingQueue.poll(LinkedBlockingQueue.java:460)&#10;        at app//org.apache.hadoop.ipc.CallQueueManager.take(CallQueueManager.java:370)&#10;        at app//org.apache.hadoop.ipc.Server$Handler.run(Server.java:3165)&#10;&quot;Socket Reader #5 for port 15003&quot; daemon prio=5 tid=80 runnable&#10;java.lang.Thread.State: RUNNABLE&#10;        at java.base@21.0.8/sun.nio.ch.EPoll.wait(Native Method)&#10;        at java.base@21.0.8/sun.nio.ch.EPollSelectorImpl.doSelect(EPollSelectorImpl.java:121)&#10;        at java.base@21.0.8/sun.nio.ch.SelectorImpl.lockAndDoSelect(SelectorImpl.java:130)&#10;        at java.base@21.0.8/sun.nio.ch.SelectorImpl.select(SelectorImpl.java:147)&#10;        at app//org.apache.hadoop.ipc.Server$Listener$Reader.doRunLoop(Server.java:1497)&#10;        at app//org.apache.hadoop.ipc.Server$Listener$Reader.run(Server.java:1476)&#10;&quot;FixedThreadPoolWithAffinityExecutor-0-0&quot; daemon prio=5 tid=103 timed_waiting&#10;java.lang.Thread.State: TIMED_WAITING&#10;        at java.base@21.0.8/jdk.internal.misc.Unsafe.park(Native Method)&#10;        at java.base@21.0.8/java.util.concurrent.locks.LockSupport.parkNanos(LockSupport.java:269)&#10;        at java.base@21.0.8/java.util.concurrent.locks.AbstractQueuedSynchronizer$ConditionObject.awaitNanos(AbstractQueuedSynchronizer.java:1763)&#10;        at java.base@21.0.8/java.util.concurrent.LinkedBlockingQueue.poll(LinkedBlockingQueue.java:460)&#10;        at app//org.apache.hadoop.hdds.scm.server.ContainerReportQueue.poll(ContainerReportQueue.java:269)&#10;        at app//org.apache.hadoop.hdds.scm.server.ContainerReportQueue.poll(ContainerReportQueue.java:42)&#10;        at app//org.apache.hadoop.hdds.server.events.FixedThreadPoolWithAffinityExecutor$ContainerReportProcessTask.run(FixedThreadPoolWithAffinityExecutor.java:228)&#10;        at java.base@21.0.8/java.util.concurrent.Executors$RunnableAdapter.call(Executors.java:572)&#10;        at java.base@21.0.8/java.util.concurrent.FutureTask.run(FutureTask.java:317)&#10;        at java.base@21.0.8/java.util.concurrent.ThreadPoolExecutor.runWorker(ThreadPoolExecutor.java:1144)&#10;        at java.base@21.0.8/java.util.concurrent.ThreadPoolExecutor$Worker.run(ThreadPoolExecutor.java:642)&#10;        at java.base@21.0.8/java.lang.Thread.runWith(Thread.java:1596)&#10;        at java.base@21.0.8/java.lang.Thread.run(Thread.java:1583)&#10;&quot;IPC Server handler 84 on default port 15003&quot; daemon prio=5 tid=304 timed_waiting&#10;java.lang.Thread.State: TIMED_WAITING&#10;        at java.base@21.0.8/jdk.internal.misc.Unsafe.park(Native Method)&#10;        at java.base@21.0.8/java.util.concurrent.locks.LockSupport.parkNanos(LockSupport.java:269)&#10;        at java.base@21.0.8/java.util.concurrent.locks.AbstractQueuedSynchronizer$ConditionObject.awaitNanos(AbstractQueuedSynchronizer.java:1763)&#10;        at java.base@21.0.8/java.util.concurrent.LinkedBlockingQueue.poll(LinkedBlockingQueue.java:460)&#10;        at app//org.apache.hadoop.ipc.CallQueueManager.take(CallQueueManager.java:370)&#10;        at app//org.apache.hadoop.ipc.Server$Handler.run(Server.java:3165)&#10;&quot;EventQueue-NewNodeForNewNodeHandler&quot; daemon prio=5 tid=946 in Object.wait()&#10;java.lang.Thread.State: WAITING (on object monitor)&#10;        at java.base@21.0.8/jdk.internal.misc.Unsafe.park(Native Method)&#10;        at java.base@21.0.8/java.util.concurrent.locks.LockSupport.park(LockSupport.java:371)&#10;        at java.base@21.0.8/java.util.concurrent.locks.AbstractQueuedSynchronizer$ConditionNode.block(AbstractQueuedSynchronizer.java:519)&#10;        at java.base@21.0.8/java.util.concurrent.ForkJoinPool.unmanagedBlock(ForkJoinPool.java:3780)&#10;        at java.base@21.0.8/java.util.concurrent.ForkJoinPool.managedBlock(ForkJoinPool.java:3725)&#10;        at java.base@21.0.8/java.util.concurrent.locks.AbstractQueuedSynchronizer$ConditionObject.await(AbstractQueuedSynchronizer.java:1712)&#10;        at java.base@21.0.8/java.util.concurrent.LinkedBlockingQueue.take(LinkedBlockingQueue.java:435)&#10;        at java.base@21.0.8/java.util.concurrent.ThreadPoolExecutor.getTask(ThreadPoolExecutor.java:1070)&#10;        at java.base@21.0.8/java.util.concurrent.ThreadPoolExecutor.runWorker(ThreadPoolExecutor.java:1130)&#10;        at java.base@21.0.8/java.util.concurrent.ThreadPoolExecutor$Worker.run(ThreadPoolExecutor.java:642)&#10;        at java.base@21.0.8/java.lang.Thread.runWith(Thread.java:1596)&#10;        at java.base@21.0.8/java.lang.Thread.run(Thread.java:1583)&#10;&quot;Timer-0&quot;  prio=5 tid=468 timed_waiting&#10;java.lang.Thread.State: TIMED_WAITING&#10;        at java.base@21.0.8/java.lang.Object.wait0(Native Method)&#10;        at java.base@21.0.8/java.lang.Object.wait(Object.java:366)&#10;        at java.base@21.0.8/java.util.TimerThread.mainLoop(Timer.java:563)&#10;        at java.base@21.0.8/java.util.TimerThread.run(Timer.java:516)&#10;&quot;Connector-Scheduler-101279c9-1&quot;  prio=5 tid=1156 timed_waiting&#10;java.lang.Thread.State: TIMED_WAITING&#10;        at java.base@21.0.8/jdk.internal.misc.Unsafe.park(Native Method)&#10;        at java.base@21.0.8/java.util.concurrent.locks.LockSupport.parkNanos(LockSupport.java:269)&#10;        at java.base@21.0.8/java.util.concurrent.locks.AbstractQueuedSynchronizer$ConditionObject.awaitNanos(AbstractQueuedSynchronizer.java:1763)&#10;        at java.base@21.0.8/java.util.concurrent.ScheduledThreadPoolExecutor$DelayedWorkQueue.take(ScheduledThreadPoolExecutor.java:1182)&#10;        at java.base@21.0.8/java.util.concurrent.ScheduledThreadPoolExecutor$DelayedWorkQueue.take(ScheduledThreadPoolExecutor.java:899)&#10;        at java.base@21.0.8/java.util.concurrent.ThreadPoolExecutor.getTask(ThreadPoolExecutor.java:1070)&#10;        at java.base@21.0.8/java.util.concurrent.ThreadPoolExecutor.runWorker(ThreadPoolExecutor.java:1130)&#10;        at java.base@21.0.8/java.util.concurrent.ThreadPoolExecutor$Worker.run(ThreadPoolExecutor.java:642)&#10;        at java.base@21.0.8/java.lang.Thread.runWith(Thread.java:1596)&#10;        at java.base@21.0.8/java.lang.Thread.run(Thread.java:1583)&#10;&quot;IPC Server handler 61 on default port 15004&quot; daemon prio=5 tid=399 timed_waiting&#10;java.lang.Thread.State: TIMED_WAITING&#10;        at java.base@21.0.8/jdk.internal.misc.Unsafe.park(Native Method)&#10;        at java.base@21.0.8/java.util.concurrent.locks.LockSupport.parkNanos(LockSupport.java:269)&#10;        at java.base@21.0.8/java.util.concurrent.locks.AbstractQueuedSynchronizer$ConditionObject.awaitNanos(AbstractQueuedSynchronizer.java:1763)&#10;        at java.base@21.0.8/java.util.concurrent.LinkedBlockingQueue.poll(LinkedBlockingQueue.java:460)&#10;        at app//org.apache.hadoop.ipc.CallQueueManager.take(CallQueueManager.java:370)&#10;        at app//org.apache.hadoop.ipc.Server$Handler.run(Server.java:3165)&#10;&quot;7d2db622-5327-4122-ba03-be97b5575303-ClosePipelineCommandHandlerThread-0&quot;  prio=5 tid=1317 in Object.wait()&#10;java.lang.Thread.State: WAITING (on object monitor)&#10;        at java.base@21.0.8/jdk.internal.misc.Unsafe.park(Native Method)&#10;        at java.base@21.0.8/java.util.concurrent.locks.LockSupport.park(LockSupport.java:371)&#10;        at java.base@21.0.8/java.util.concurrent.locks.AbstractQueuedSynchronizer$ConditionNode.block(AbstractQueuedSynchronizer.java:519)&#10;        at java.base@21.0.8/java.util.concurrent.ForkJoinPool.unmanagedBlock(ForkJoinPool.java:3780)&#10;        at java.base@21.0.8/java.util.concurrent.ForkJoinPool.managedBlock(ForkJoinPool.java:3725)&#10;        at java.base@21.0.8/java.util.concurrent.locks.AbstractQueuedSynchronizer$ConditionObject.await(AbstractQueuedSynchronizer.java:1712)&#10;        at java.base@21.0.8/java.util.concurrent.LinkedBlockingQueue.take(LinkedBlockingQueue.java:435)&#10;        at java.base@21.0.8/java.util.concurrent.ThreadPoolExecutor.getTask(ThreadPoolExecutor.java:1070)&#10;        at java.base@21.0.8/java.util.concurrent.ThreadPoolExecutor.runWorker(ThreadPoolExecutor.java:1130)&#10;        at java.base@21.0.8/java.util.concurrent.ThreadPoolExecutor$Worker.run(ThreadPoolExecutor.java:642)&#10;        at java.base@21.0.8/java.lang.Thread.runWith(Thread.java:1596)&#10;        at java.base@21.0.8/java.lang.Thread.run(Thread.java:1583)&#10;&quot;qtp1213220498-766-acceptor-0@597180da-ServerConnector@6fa10286{HTTP/1.1, (http/1.1)}{0.0.0.0:15028}&quot; daemon prio=3 tid=766 runnable&#10;java.lang.Thread.State: RUNNABLE&#10;        at java.base@21.0.8/sun.nio.ch.Net.accept(Native Method)&#10;        at java.base@21.0.8/sun.nio.ch.ServerSocketChannelImpl.implAccept(ServerSocketChannelImpl.java:433)&#10;        at java.base@21.0.8/sun.nio.ch.ServerSocketChannelImpl.accept(ServerSocketChannelImpl.java:399)&#10;        at app//org.eclipse.jetty.server.ServerConnector.accept(ServerConnector.java:388)&#10;        at app//org.eclipse.jetty.server.AbstractConnector$Acceptor.run(AbstractConnector.java:704)&#10;        at app//org.eclipse.jetty.util.thread.QueuedThreadPool.runJob(QueuedThreadPool.java:883)&#10;        at app//org.eclipse.jetty.util.thread.QueuedThreadPool$Runner.run(QueuedThreadPool.java:1034)&#10;        at java.base@21.0.8/java.lang.Thread.runWith(Thread.java:1596)&#10;        at java.base@21.0.8/java.lang.Thread.run(Thread.java:1583)&#10;&quot;Socket Reader #10 for port 15029&quot; daemon prio=5 tid=783 runnable&#10;java.lang.Thread.State: RUNNABLE&#10;        at java.base@21.0.8/sun.nio.ch.EPoll.wait(Native Method)&#10;        at java.base@21.0.8/sun.nio.ch.EPollSelectorImpl.doSelect(EPollSelectorImpl.java:121)&#10;        at java.base@21.0.8/sun.nio.ch.SelectorImpl.lockAndDoSelect(SelectorImpl.java:130)&#10;        at java.base@21.0.8/sun.nio.ch.SelectorImpl.select(SelectorImpl.java:147)&#10;        at app//org.apache.hadoop.ipc.Server$Listener$Reader.doRunLoop(Server.java:1497)&#10;        at app//org.apache.hadoop.ipc.Server$Listener$Reader.run(Server.java:1476)&#10;&quot;Socket Reader #4 for port 15037&quot; daemon prio=5 tid=854 runnable&#10;java.lang.Thread.State: RUNNABLE&#10;        at java.base@21.0.8/sun.nio.ch.EPoll.wait(Native Method)&#10;        at java.base@21.0.8/sun.nio.ch.EPollSelectorImpl.doSelect(EPollSelectorImpl.java:121)&#10;        at java.base@21.0.8/sun.nio.ch.SelectorImpl.lockAndDoSelect(SelectorImpl.java:130)&#10;        at java.base@21.0.8/sun.nio.ch.SelectorImpl.select(SelectorImpl.java:147)&#10;        at app//org.apache.hadoop.ipc.Server$Listener$Reader.doRunLoop(Server.java:1497)&#10;        at app//org.apache.hadoop.ipc.Server$Listener$Reader.run(Server.java:1476)&#10;&quot;IPC Server handler 59 on default port 15003&quot; daemon prio=5 tid=279 timed_waiting&#10;java.lang.Thread.State: TIMED_WAITING&#10;        at java.base@21.0.8/jdk.internal.misc.Unsafe.park(Native Method)&#10;        at java.base@21.0.8/java.util.concurrent.locks.LockSupport.parkNanos(LockSupport.java:269)&#10;        at java.base@21.0.8/java.util.concurrent.locks.AbstractQueuedSynchronizer$ConditionObject.awaitNanos(AbstractQueuedSynchronizer.java:1763)&#10;        at java.base@21.0.8/java.util.concurrent.LinkedBlockingQueue.poll(LinkedBlockingQueue.java:460)&#10;        at app//org.apache.hadoop.ipc.CallQueueManager.take(CallQueueManager.java:370)&#10;        at app//org.apache.hadoop.ipc.Server$Handler.run(Server.java:3165)&#10;&quot;DiskUsage-/home/runner/work/ozone/ozone/hadoop-ozone/integration-test-recon/target/test-dir/MiniOzoneClusterImpl-b15909b8-03a8-4b15-aaa3-a668c086c089/ozone-metadata/datanode-2/data-0-&#10;&quot; daemon prio=5 tid=887 timed_waiting&#10;java.lang.Thread.State: TIMED_WAITING&#10;        at java.base@21.0.8/jdk.internal.misc.Unsafe.park(Native Method)&#10;        at java.base@21.0.8/java.util.concurrent.locks.LockSupport.parkNanos(LockSupport.java:269)&#10;        at java.base@21.0.8/java.util.concurrent.locks.AbstractQueuedSynchronizer$ConditionObject.awaitNanos(AbstractQueuedSynchronizer.java:1763)&#10;        at java.base@21.0.8/java.util.concurrent.ScheduledThreadPoolExecutor$DelayedWorkQueue.take(ScheduledThreadPoolExecutor.java:1182)&#10;        at java.base@21.0.8/java.util.concurrent.ScheduledThreadPoolExecutor$DelayedWorkQueue.take(ScheduledThreadPoolExecutor.java:899)&#10;        at java.base@21.0.8/java.util.concurrent.ThreadPoolExecutor.getTask(ThreadPoolExecutor.java:1070)&#10;        at java.base@21.0.8/java.util.concurrent.ThreadPoolExecutor.runWorker(ThreadPoolExecutor.java:1130)&#10;        at java.base@21.0.8/java.util.concurrent.ThreadPoolExecutor$Worker.run(ThreadPoolExecutor.java:642)&#10;        at java.base@21.0.8/java.lang.Thread.runWith(Thread.java:1596)&#10;        at java.base@21.0.8/java.lang.Thread.run(Thread.java:1583)&#10;&quot;IPC Server handler 9 on default port 15003&quot; daemon prio=5 tid=229 timed_waiting&#10;java.lang.Thread.State: TIMED_WAITING&#10;        at java.base@21.0.8/jdk.internal.misc.Unsafe.park(Native Method)&#10;        at java.base@21.0.8/java.util.concurrent.locks.LockSupport.parkNanos(LockSupport.java:269)&#10;        at java.base@21.0.8/java.util.concurrent.locks.AbstractQueuedSynchronizer$ConditionObject.awaitNanos(AbstractQueuedSynchronizer.java:1763)&#10;        at java.base@21.0.8/java.util.concurrent.LinkedBlockingQueue.poll(LinkedBlockingQueue.java:460)&#10;        at app//org.apache.hadoop.ipc.CallQueueManager.take(CallQueueManager.java:370)&#10;        at app//org.apache.hadoop.ipc.Server$Handler.run(Server.java:3165)&#10;&quot;IPC Server handler 18 on default port 15003&quot; daemon prio=5 tid=238 timed_waiting&#10;java.lang.Thread.State: TIMED_WAITING&#10;        at java.base@21.0.8/jdk.internal.misc.Unsafe.park(Native Method)&#10;        at java.base@21.0.8/java.util.concurrent.locks.LockSupport.parkNanos(LockSupport.java:269)&#10;        at java.base@21.0.8/java.util.concurrent.locks.AbstractQueuedSynchronizer$ConditionObject.awaitNanos(AbstractQueuedSynchronizer.java:1763)&#10;        at java.base@21.0.8/java.util.concurrent.LinkedBlockingQueue.poll(LinkedBlockingQueue.java:460)&#10;        at app//org.apache.hadoop.ipc.CallQueueManager.take(CallQueueManager.java:370)&#10;        at app//org.apache.hadoop.ipc.Server$Handler.run(Server.java:3165)&#10;&quot;74afb32b-8e70-4799-b16c-dc9602d9dbb6-ReplicationContainerReader-0&quot; daemon prio=5 tid=1333 in Object.wait()&#10;java.lang.Thread.State: WAITING (on object monitor)&#10;        at java.base@21.0.8/jdk.internal.misc.Unsafe.park(Native Method)&#10;        at java.base@21.0.8/java.util.concurrent.locks.LockSupport.park(LockSupport.java:371)&#10;        at java.base@21.0.8/java.util.concurrent.locks.AbstractQueuedSynchronizer$ConditionNode.block(AbstractQueuedSynchronizer.java:519)&#10;        at java.base@21.0.8/java.util.concurrent.ForkJoinPool.unmanagedBlock(ForkJoinPool.java:3780)&#10;        at java.base@21.0.8/java.util.concurrent.ForkJoinPool.managedBlock(ForkJoinPool.java:3725)&#10;        at java.base@21.0.8/java.util.concurrent.locks.AbstractQueuedSynchronizer$ConditionObject.await(AbstractQueuedSynchronizer.java:1712)&#10;        at java.base@21.0.8/java.util.concurrent.LinkedBlockingQueue.take(LinkedBlockingQueue.java:435)&#10;        at java.base@21.0.8/java.util.concurrent.ThreadPoolExecutor.getTask(ThreadPoolExecutor.java:1070)&#10;        at java.base@21.0.8/java.util.concurrent.ThreadPoolExecutor.runWorker(ThreadPoolExecutor.java:1130)&#10;        at java.base@21.0.8/java.util.concurrent.ThreadPoolExecutor$Worker.run(ThreadPoolExecutor.java:642)&#10;        at java.base@21.0.8/java.lang.Thread.runWith(Thread.java:1596)&#10;        at java.base@21.0.8/java.lang.Thread.run(Thread.java:1583)&#10;&quot;Hadoop-Metrics-Updater-0&quot; daemon prio=5 tid=74 timed_waiting&#10;java.lang.Thread.State: TIMED_WAITING&#10;        at java.base@21.0.8/jdk.internal.misc.Unsafe.park(Native Method)&#10;        at java.base@21.0.8/java.util.concurrent.locks.LockSupport.parkNanos(LockSupport.java:269)&#10;        at java.base@21.0.8/java.util.concurrent.locks.AbstractQueuedSynchronizer$ConditionObject.awaitNanos(AbstractQueuedSynchronizer.java:1763)&#10;        at java.base@21.0.8/java.util.concurrent.ScheduledThreadPoolExecutor$DelayedWorkQueue.take(ScheduledThreadPoolExecutor.java:1182)&#10;        at java.base@21.0.8/java.util.concurrent.ScheduledThreadPoolExecutor$DelayedWorkQueue.take(ScheduledThreadPoolExecutor.java:899)&#10;        at java.base@21.0.8/java.util.concurrent.ThreadPoolExecutor.getTask(ThreadPoolExecutor.java:1070)&#10;        at java.base@21.0.8/java.util.concurrent.ThreadPoolExecutor.runWorker(ThreadPoolExecutor.java:1130)&#10;        at java.base@21.0.8/java.util.concurrent.ThreadPoolExecutor$Worker.run(ThreadPoolExecutor.java:642)&#10;        at java.base@21.0.8/java.lang.Thread.runWith(Thread.java:1596)&#10;        at java.base@21.0.8/java.lang.Thread.run(Thread.java:1583)&#10;&quot;IPC Server handler 46 on default port 15002&quot; daemon prio=5 tid=166 timed_waiting&#10;java.lang.Thread.State: TIMED_WAITING&#10;        at java.base@21.0.8/jdk.internal.misc.Unsafe.park(Native Method)&#10;        at java.base@21.0.8/java.util.concurrent.locks.LockSupport.parkNanos(LockSupport.java:269)&#10;        at java.base@21.0.8/java.util.concurrent.locks.AbstractQueuedSynchronizer$ConditionObject.awaitNanos(AbstractQueuedSynchronizer.java:1763)&#10;        at java.base@21.0.8/java.util.concurrent.LinkedBlockingQueue.poll(LinkedBlockingQueue.java:460)&#10;        at app//org.apache.hadoop.ipc.CallQueueManager.take(CallQueueManager.java:370)&#10;        at app//org.apache.hadoop.ipc.Server$Handler.run(Server.java:3165)&#10;&quot;volumeTable_FullTableCache-Cleanup-0&quot; daemon prio=5 tid=1231 timed_waiting&#10;java.lang.Thread.State: TIMED_WAITING&#10;        at java.base@21.0.8/jdk.internal.misc.Unsafe.park(Native Method)&#10;        at java.base@21.0.8/java.util.concurrent.locks.LockSupport.parkNanos(LockSupport.java:269)&#10;        at java.base@21.0.8/java.util.concurrent.locks.AbstractQueuedSynchronizer$ConditionObject.awaitNanos(AbstractQueuedSynchronizer.java:1763)&#10;        at java.base@21.0.8/java.util.concurrent.ScheduledThreadPoolExecutor$DelayedWorkQueue.take(ScheduledThreadPoolExecutor.java:1182)&#10;        at java.base@21.0.8/java.util.concurrent.ScheduledThreadPoolExecutor$DelayedWorkQueue.take(ScheduledThreadPoolExecutor.java:899)&#10;        at java.base@21.0.8/java.util.concurrent.ThreadPoolExecutor.getTask(ThreadPoolExecutor.java:1070)&#10;        at java.base@21.0.8/java.util.concurrent.ThreadPoolExecutor.runWorker(ThreadPoolExecutor.java:1130)&#10;        at java.base@21.0.8/java.util.concurrent.ThreadPoolExecutor$Worker.run(ThreadPoolExecutor.java:642)&#10;        at java.base@21.0.8/java.lang.Thread.runWith(Thread.java:1596)&#10;        at java.base@21.0.8/java.lang.Thread.run(Thread.java:1583)&#10;&quot;IPC Server handler 24 on default port 15002&quot; daemon prio=5 tid=144 timed_waiting&#10;java.lang.Thread.State: TIMED_WAITING&#10;        at java.base@21.0.8/jdk.internal.misc.Unsafe.park(Native Method)&#10;        at java.base@21.0.8/java.util.concurrent.locks.LockSupport.parkNanos(LockSupport.java:269)&#10;        at java.base@21.0.8/java.util.concurrent.locks.AbstractQueuedSynchronizer$ConditionObject.awaitNanos(AbstractQueuedSynchronizer.java:1763)&#10;        at java.base@21.0.8/java.util.concurrent.LinkedBlockingQueue.poll(LinkedBlockingQueue.java:460)&#10;        at app//org.apache.hadoop.ipc.CallQueueManager.take(CallQueueManager.java:370)&#10;        at app//org.apache.hadoop.ipc.Server$Handler.run(Server.java:3165)&#10;&quot;IPC Server handler 63 on default port 15002&quot; daemon prio=5 tid=183 timed_waiting&#10;java.lang.Thread.State: TIMED_WAITING&#10;        at java.base@21.0.8/jdk.internal.misc.Unsafe.park(Native Method)&#10;        at java.base@21.0.8/java.util.concurrent.locks.LockSupport.parkNanos(LockSupport.java:269)&#10;        at java.base@21.0.8/java.util.concurrent.locks.AbstractQueuedSynchronizer$ConditionObject.awaitNanos(AbstractQueuedSynchronizer.java:1763)&#10;        at java.base@21.0.8/java.util.concurrent.LinkedBlockingQueue.poll(LinkedBlockingQueue.java:460)&#10;        at app//org.apache.hadoop.ipc.CallQueueManager.take(CallQueueManager.java:370)&#10;        at app//org.apache.hadoop.ipc.Server$Handler.run(Server.java:3165)&#10;&quot;IPC Server handler 25 on default port 15001&quot; daemon prio=5 tid=583 timed_waiting&#10;java.lang.Thread.State: TIMED_WAITING&#10;        at java.base@21.0.8/jdk.internal.misc.Unsafe.park(Native Method)&#10;        at java.base@21.0.8/java.util.concurrent.locks.LockSupport.parkNanos(LockSupport.java:269)&#10;        at java.base@21.0.8/java.util.concurrent.locks.AbstractQueuedSynchronizer$ConditionObject.awaitNanos(AbstractQueuedSynchronizer.java:1763)&#10;        at java.base@21.0.8/java.util.concurrent.LinkedBlockingQueue.poll(LinkedBlockingQueue.java:460)&#10;        at app//org.apache.hadoop.ipc.CallQueueManager.take(CallQueueManager.java:370)&#10;        at app//org.apache.hadoop.ipc.Server$Handler.run(Server.java:3165)&#10;&quot;IPC Server handler 13 on default port 15004&quot; daemon prio=5 tid=351 timed_waiting&#10;java.lang.Thread.State: TIMED_WAITING&#10;        at java.base@21.0.8/jdk.internal.misc.Unsafe.park(Native Method)&#10;        at java.base@21.0.8/java.util.concurrent.locks.LockSupport.parkNanos(LockSupport.java:269)&#10;        at java.base@21.0.8/java.util.concurrent.locks.AbstractQueuedSynchronizer$ConditionObject.awaitNanos(AbstractQueuedSynchronizer.java:1763)&#10;        at java.base@21.0.8/java.util.concurrent.LinkedBlockingQueue.poll(LinkedBlockingQueue.java:460)&#10;        at app//org.apache.hadoop.ipc.CallQueueManager.take(CallQueueManager.java:370)&#10;        at app//org.apache.hadoop.ipc.Server$Handler.run(Server.java:3165)&#10;&quot;74afb32b-8e70-4799-b16c-dc9602d9dbb6-CommandProcessorThread&quot; daemon prio=5 tid=968 timed_waiting&#10;java.lang.Thread.State: TIMED_WAITING&#10;        at java.base@21.0.8/java.lang.Thread.sleep0(Native Method)&#10;        at java.base@21.0.8/java.lang.Thread.sleep(Thread.java:509)&#10;        at app//org.apache.hadoop.ozone.container.common.statemachine.DatanodeStateMachine.lambda$initCommandHandlerThread$4(DatanodeStateMachine.java:698)&#10;        at app//org.apache.hadoop.ozone.container.common.statemachine.DatanodeStateMachine$$Lambda/0x00007f9d6ccbae88.run(Unknown Source)&#10;        at java.base@21.0.8/java.lang.Thread.runWith(Thread.java:1596)&#10;        at java.base@21.0.8/java.lang.Thread.run(Thread.java:1583)&#10;&quot;IPC Server handler 32 on default port 15002&quot; daemon prio=5 tid=152 timed_waiting&#10;java.lang.Thread.State: TIMED_WAITING&#10;        at java.base@21.0.8/jdk.internal.misc.Unsafe.park(Native Method)&#10;        at java.base@21.0.8/java.util.concurrent.locks.LockSupport.parkNanos(LockSupport.java:269)&#10;        at java.base@21.0.8/java.util.concurrent.locks.AbstractQueuedSynchronizer$ConditionObject.awaitNanos(AbstractQueuedSynchronizer.java:1763)&#10;        at java.base@21.0.8/java.util.concurrent.LinkedBlockingQueue.poll(LinkedBlockingQueue.java:460)&#10;        at app//org.apache.hadoop.ipc.CallQueueManager.take(CallQueueManager.java:370)&#10;        at app//org.apache.hadoop.ipc.Server$Handler.run(Server.java:3165)&#10;&quot;IPC Server handler 94 on default port 15002&quot; daemon prio=5 tid=214 timed_waiting&#10;java.lang.Thread.State: TIMED_WAITING&#10;        at java.base@21.0.8/jdk.internal.misc.Unsafe.park(Native Method)&#10;        at java.base@21.0.8/java.util.concurrent.locks.LockSupport.parkNanos(LockSupport.java:269)&#10;        at java.base@21.0.8/java.util.concurrent.locks.AbstractQueuedSynchronizer$ConditionObject.awaitNanos(AbstractQueuedSynchronizer.java:1763)&#10;        at java.base@21.0.8/java.util.concurrent.LinkedBlockingQueue.poll(LinkedBlockingQueue.java:460)&#10;        at app//org.apache.hadoop.ipc.CallQueueManager.take(CallQueueManager.java:370)&#10;        at app//org.apache.hadoop.ipc.Server$Handler.run(Server.java:3165)&#10;&quot;IPC Server handler 65 on default port 15003&quot; daemon prio=5 tid=285 timed_waiting&#10;java.lang.Thread.State: TIMED_WAITING&#10;        at java.base@21.0.8/jdk.internal.misc.Unsafe.park(Native Method)&#10;        at java.base@21.0.8/java.util.concurrent.locks.LockSupport.parkNanos(LockSupport.java:269)&#10;        at java.base@21.0.8/java.util.concurrent.locks.AbstractQueuedSynchronizer$ConditionObject.awaitNanos(AbstractQueuedSynchronizer.java:1763)&#10;        at java.base@21.0.8/java.util.concurrent.LinkedBlockingQueue.poll(LinkedBlockingQueue.java:460)&#10;        at app//org.apache.hadoop.ipc.CallQueueManager.take(CallQueueManager.java:370)&#10;        at app//org.apache.hadoop.ipc.Server$Handler.run(Server.java:3165)&#10;&quot;IPC Server listener on 15021&quot; daemon prio=5 tid=727 runnable&#10;java.lang.Thread.State: RUNNABLE&#10;        at java.base@21.0.8/sun.nio.ch.EPoll.wait(Native Method)&#10;        at java.base@21.0.8/sun.nio.ch.EPollSelectorImpl.doSelect(EPollSelectorImpl.java:121)&#10;        at java.base@21.0.8/sun.nio.ch.SelectorImpl.lockAndDoSelect(SelectorImpl.java:130)&#10;        at java.base@21.0.8/sun.nio.ch.SelectorImpl.select(SelectorImpl.java:147)&#10;        at app//org.apache.hadoop.ipc.Server$Listener.run(Server.java:1559)&#10;&quot;DiskUsage-/home/runner/work/ozone/ozone/hadoop-ozone/integration-test-recon/target/test-dir/MiniOzoneClusterImpl-b15909b8-03a8-4b15-aaa3-a668c086c089/ozone-metadata/datanode-3/ratis-&#10;&quot; daemon prio=5 tid=951 timed_waiting&#10;java.lang.Thread.State: TIMED_WAITING&#10;        at java.base@21.0.8/jdk.internal.misc.Unsafe.park(Native Method)&#10;        at java.base@21.0.8/java.util.concurrent.locks.LockSupport.parkNanos(LockSupport.java:269)&#10;        at java.base@21.0.8/java.util.concurrent.locks.AbstractQueuedSynchronizer$ConditionObject.awaitNanos(AbstractQueuedSynchronizer.java:1763)&#10;        at java.base@21.0.8/java.util.concurrent.ScheduledThreadPoolExecutor$DelayedWorkQueue.take(ScheduledThreadPoolExecutor.java:1182)&#10;        at java.base@21.0.8/java.util.concurrent.ScheduledThreadPoolExecutor$DelayedWorkQueue.take(ScheduledThreadPoolExecutor.java:899)&#10;        at java.base@21.0.8/java.util.concurrent.ThreadPoolExecutor.getTask(ThreadPoolExecutor.java:1070)&#10;        at java.base@21.0.8/java.util.concurrent.ThreadPoolExecutor.runWorker(ThreadPoolExecutor.java:1130)&#10;        at java.base@21.0.8/java.util.concurrent.ThreadPoolExecutor$Worker.run(ThreadPoolExecutor.java:642)&#10;        at java.base@21.0.8/java.lang.Thread.runWith(Thread.java:1596)&#10;        at java.base@21.0.8/java.lang.Thread.run(Thread.java:1583)&#10;&quot;IPC Server handler 78 on default port 15002&quot; daemon prio=5 tid=198 timed_waiting&#10;java.lang.Thread.State: TIMED_WAITING&#10;        at java.base@21.0.8/jdk.internal.misc.Unsafe.park(Native Method)&#10;        at java.base@21.0.8/java.util.concurrent.locks.LockSupport.parkNanos(LockSupport.java:269)&#10;        at java.base@21.0.8/java.util.concurrent.locks.AbstractQueuedSynchronizer$ConditionObject.awaitNanos(AbstractQueuedSynchronizer.java:1763)&#10;        at java.base@21.0.8/java.util.concurrent.LinkedBlockingQueue.poll(LinkedBlockingQueue.java:460)&#10;        at app//org.apache.hadoop.ipc.CallQueueManager.take(CallQueueManager.java:370)&#10;        at app//org.apache.hadoop.ipc.Server$Handler.run(Server.java:3165)&#10;&quot;qtp249078499-721&quot; daemon prio=5 tid=721 timed_waiting&#10;java.lang.Thread.State: TIMED_WAITING&#10;        at java.base@21.0.8/jdk.internal.misc.Unsafe.park(Native Method)&#10;        at java.base@21.0.8/java.util.concurrent.locks.LockSupport.parkNanos(LockSupport.java:269)&#10;        at java.base@21.0.8/java.util.concurrent.locks.AbstractQueuedSynchronizer$ConditionObject.awaitNanos(AbstractQueuedSynchronizer.java:1763)&#10;        at app//org.eclipse.jetty.util.BlockingArrayQueue.poll(BlockingArrayQueue.java:382)&#10;        at app//org.eclipse.jetty.util.thread.QueuedThreadPool$Runner.idleJobPoll(QueuedThreadPool.java:974)&#10;        at app//org.eclipse.jetty.util.thread.QueuedThreadPool$Runner.run(QueuedThreadPool.java:1018)&#10;        at java.base@21.0.8/java.lang.Thread.runWith(Thread.java:1596)&#10;        at java.base@21.0.8/java.lang.Thread.run(Thread.java:1583)&#10;&quot;IPC Server handler 77 on default port 15002&quot; daemon prio=5 tid=197 timed_waiting&#10;java.lang.Thread.State: TIMED_WAITING&#10;        at java.base@21.0.8/jdk.internal.misc.Unsafe.park(Native Method)&#10;        at java.base@21.0.8/java.util.concurrent.locks.LockSupport.parkNanos(LockSupport.java:269)&#10;        at java.base@21.0.8/java.util.concurrent.locks.AbstractQueuedSynchronizer$ConditionObject.awaitNanos(AbstractQueuedSynchronizer.java:1763)&#10;        at java.base@21.0.8/java.util.concurrent.LinkedBlockingQueue.poll(LinkedBlockingQueue.java:460)&#10;        at app//org.apache.hadoop.ipc.CallQueueManager.take(CallQueueManager.java:370)&#10;        at app//org.apache.hadoop.ipc.Server$Handler.run(Server.java:3165)&#10;&quot;qtp249078499-723&quot; daemon prio=5 tid=723 timed_waiting&#10;java.lang.Thread.State: TIMED_WAITING&#10;        at java.base@21.0.8/jdk.internal.misc.Unsafe.park(Native Method)&#10;        at java.base@21.0.8/java.util.concurrent.locks.LockSupport.parkNanos(LockSupport.java:269)&#10;        at java.base@21.0.8/java.util.concurrent.locks.AbstractQueuedSynchronizer$ConditionObject.awaitNanos(AbstractQueuedSynchronizer.java:1763)&#10;        at app//org.eclipse.jetty.util.BlockingArrayQueue.poll(BlockingArrayQueue.java:382)&#10;        at app//org.eclipse.jetty.util.thread.QueuedThreadPool$Runner.idleJobPoll(QueuedThreadPool.java:974)&#10;        at app//org.eclipse.jetty.util.thread.QueuedThreadPool$Runner.run(QueuedThreadPool.java:1018)&#10;        at java.base@21.0.8/java.lang.Thread.runWith(Thread.java:1596)&#10;        at java.base@21.0.8/java.lang.Thread.run(Thread.java:1583)&#10;&quot;IPC Server handler 17 on default port 15004&quot; daemon prio=5 tid=355 timed_waiting&#10;java.lang.Thread.State: TIMED_WAITING&#10;        at java.base@21.0.8/jdk.internal.misc.Unsafe.park(Native Method)&#10;        at java.base@21.0.8/java.util.concurrent.locks.LockSupport.parkNanos(LockSupport.java:269)&#10;        at java.base@21.0.8/java.util.concurrent.locks.AbstractQueuedSynchronizer$ConditionObject.awaitNanos(AbstractQueuedSynchronizer.java:1763)&#10;        at java.base@21.0.8/java.util.concurrent.LinkedBlockingQueue.poll(LinkedBlockingQueue.java:460)&#10;        at app//org.apache.hadoop.ipc.CallQueueManager.take(CallQueueManager.java:370)&#10;        at app//org.apache.hadoop.ipc.Server$Handler.run(Server.java:3165)&#10;&quot;IPC Server handler 72 on default port 15002&quot; daemon prio=5 tid=192 timed_waiting&#10;java.lang.Thread.State: TIMED_WAITING&#10;        at java.base@21.0.8/jdk.internal.misc.Unsafe.park(Native Method)&#10;        at java.base@21.0.8/java.util.concurrent.locks.LockSupport.parkNanos(LockSupport.java:269)&#10;        at java.base@21.0.8/java.util.concurrent.locks.AbstractQueuedSynchronizer$ConditionObject.awaitNanos(AbstractQueuedSynchronizer.java:1763)&#10;        at java.base@21.0.8/java.util.concurrent.LinkedBlockingQueue.poll(LinkedBlockingQueue.java:460)&#10;        at app//org.apache.hadoop.ipc.CallQueueManager.take(CallQueueManager.java:370)&#10;        at app//org.apache.hadoop.ipc.Server$Handler.run(Server.java:3165)&#10;&quot;IPC Server handler 30 on default port 15003&quot; daemon prio=5 tid=250 timed_waiting&#10;java.lang.Thread.State: TIMED_WAITING&#10;        at java.base@21.0.8/jdk.internal.misc.Unsafe.park(Native Method)&#10;        at java.base@21.0.8/java.util.concurrent.locks.LockSupport.parkNanos(LockSupport.java:269)&#10;        at java.base@21.0.8/java.util.concurrent.locks.AbstractQueuedSynchronizer$ConditionObject.awaitNanos(AbstractQueuedSynchronizer.java:1763)&#10;        at java.base@21.0.8/java.util.concurrent.LinkedBlockingQueue.poll(LinkedBlockingQueue.java:460)&#10;        at app//org.apache.hadoop.ipc.CallQueueManager.take(CallQueueManager.java:370)&#10;        at app//org.apache.hadoop.ipc.Server$Handler.run(Server.java:3165)&#10;&quot;IPC Server handler 62 on default port 15004&quot; daemon prio=5 tid=400 timed_waiting&#10;java.lang.Thread.State: TIMED_WAITING&#10;        at java.base@21.0.8/jdk.internal.misc.Unsafe.park(Native Method)&#10;        at java.base@21.0.8/java.util.concurrent.locks.LockSupport.parkNanos(LockSupport.java:269)&#10;        at java.base@21.0.8/java.util.concurrent.locks.AbstractQueuedSynchronizer$ConditionObject.awaitNanos(AbstractQueuedSynchronizer.java:1763)&#10;        at java.base@21.0.8/java.util.concurrent.LinkedBlockingQueue.poll(LinkedBlockingQueue.java:460)&#10;        at app//org.apache.hadoop.ipc.CallQueueManager.take(CallQueueManager.java:370)&#10;        at app//org.apache.hadoop.ipc.Server$Handler.run(Server.java:3165)&#10;&quot;SnapshotCacheCleanupService&quot; daemon prio=5 tid=442 timed_waiting&#10;java.lang.Thread.State: TIMED_WAITING&#10;        at java.base@21.0.8/jdk.internal.misc.Unsafe.park(Native Method)&#10;        at java.base@21.0.8/java.util.concurrent.locks.LockSupport.parkNanos(LockSupport.java:269)&#10;        at java.base@21.0.8/java.util.concurrent.locks.AbstractQueuedSynchronizer$ConditionObject.awaitNanos(AbstractQueuedSynchronizer.java:1763)&#10;        at java.base@21.0.8/java.util.concurrent.ScheduledThreadPoolExecutor$DelayedWorkQueue.take(ScheduledThreadPoolExecutor.java:1182)&#10;        at java.base@21.0.8/java.util.concurrent.ScheduledThreadPoolExecutor$DelayedWorkQueue.take(ScheduledThreadPoolExecutor.java:899)&#10;        at java.base@21.0.8/java.util.concurrent.ThreadPoolExecutor.getTask(ThreadPoolExecutor.java:1070)&#10;        at java.base@21.0.8/java.util.concurrent.ThreadPoolExecutor.runWorker(ThreadPoolExecutor.java:1130)&#10;        at java.base@21.0.8/java.util.concurrent.ThreadPoolExecutor$Worker.run(ThreadPoolExecutor.java:642)&#10;        at java.base@21.0.8/java.lang.Thread.runWith(Thread.java:1596)&#10;        at java.base@21.0.8/java.lang.Thread.run(Thread.java:1583)&#10;&quot;IPC Server handler 65 on default port 15004&quot; daemon prio=5 tid=403 timed_waiting&#10;java.lang.Thread.State: TIMED_WAITING&#10;        at java.base@21.0.8/jdk.internal.misc.Unsafe.park(Native Method)&#10;        at java.base@21.0.8/java.util.concurrent.locks.LockSupport.parkNanos(LockSupport.java:269)&#10;        at java.base@21.0.8/java.util.concurrent.locks.AbstractQueuedSynchronizer$ConditionObject.awaitNanos(AbstractQueuedSynchronizer.java:1763)&#10;        at java.base@21.0.8/java.util.concurrent.LinkedBlockingQueue.poll(LinkedBlockingQueue.java:460)&#10;        at app//org.apache.hadoop.ipc.CallQueueManager.take(CallQueueManager.java:370)&#10;        at app//org.apache.hadoop.ipc.Server$Handler.run(Server.java:3165)&#10;&quot;IPC Server handler 8 on default port 15029&quot; daemon prio=5 tid=795 timed_waiting&#10;java.lang.Thread.State: TIMED_WAITING&#10;        at java.base@21.0.8/jdk.internal.misc.Unsafe.park(Native Method)&#10;        at java.base@21.0.8/java.util.concurrent.locks.LockSupport.parkNanos(LockSupport.java:269)&#10;        at java.base@21.0.8/java.util.concurrent.locks.AbstractQueuedSynchronizer$ConditionObject.awaitNanos(AbstractQueuedSynchronizer.java:1763)&#10;        at java.base@21.0.8/java.util.concurrent.LinkedBlockingQueue.poll(LinkedBlockingQueue.java:460)&#10;        at app//org.apache.hadoop.ipc.CallQueueManager.take(CallQueueManager.java:370)&#10;        at app//org.apache.hadoop.ipc.Server$Handler.run(Server.java:3165)&#10;&quot;Socket Reader #8 for port 15003&quot; daemon prio=5 tid=83 runnable&#10;java.lang.Thread.State: RUNNABLE&#10;        at java.base@21.0.8/sun.nio.ch.EPoll.wait(Native Method)&#10;        at java.base@21.0.8/sun.nio.ch.EPollSelectorImpl.doSelect(EPollSelectorImpl.java:121)&#10;        at java.base@21.0.8/sun.nio.ch.SelectorImpl.lockAndDoSelect(SelectorImpl.java:130)&#10;        at java.base@21.0.8/sun.nio.ch.SelectorImpl.select(SelectorImpl.java:147)&#10;        at app//org.apache.hadoop.ipc.Server$Listener$Reader.doRunLoop(Server.java:1497)&#10;        at app//org.apache.hadoop.ipc.Server$Listener$Reader.run(Server.java:1476)&#10;&quot;IPC Server handler 42 on default port 15001&quot; daemon prio=5 tid=600 timed_waiting&#10;java.lang.Thread.State: TIMED_WAITING&#10;        at java.base@21.0.8/jdk.internal.misc.Unsafe.park(Native Method)&#10;        at java.base@21.0.8/java.util.concurrent.locks.LockSupport.parkNanos(LockSupport.java:269)&#10;        at java.base@21.0.8/java.util.concurrent.locks.AbstractQueuedSynchronizer$ConditionObject.awaitNanos(AbstractQueuedSynchronizer.java:1763)&#10;        at java.base@21.0.8/java.util.concurrent.LinkedBlockingQueue.poll(LinkedBlockingQueue.java:460)&#10;        at app//org.apache.hadoop.ipc.CallQueueManager.take(CallQueueManager.java:370)&#10;        at app//org.apache.hadoop.ipc.Server$Handler.run(Server.java:3165)&#10;&quot;qtp1213220498-770&quot; daemon prio=5 tid=770 timed_waiting&#10;java.lang.Thread.State: TIMED_WAITING&#10;        at java.base@21.0.8/jdk.internal.misc.Unsafe.park(Native Method)&#10;        at java.base@21.0.8/java.util.concurrent.locks.LockSupport.parkNanos(LockSupport.java:269)&#10;        at java.base@21.0.8/java.util.concurrent.locks.AbstractQueuedSynchronizer$ConditionObject.awaitNanos(AbstractQueuedSynchronizer.java:1763)&#10;        at app//org.eclipse.jetty.util.BlockingArrayQueue.poll(BlockingArrayQueue.java:382)&#10;        at app//org.eclipse.jetty.util.thread.QueuedThreadPool$Runner.idleJobPoll(QueuedThreadPool.java:974)&#10;        at app//org.eclipse.jetty.util.thread.QueuedThreadPool$Runner.run(QueuedThreadPool.java:1018)&#10;        at java.base@21.0.8/java.lang.Thread.runWith(Thread.java:1596)&#10;        at java.base@21.0.8/java.lang.Thread.run(Thread.java:1583)&#10;&quot;IPC Server handler 9 on default port 15021&quot; daemon prio=5 tid=750 timed_waiting&#10;java.lang.Thread.State: TIMED_WAITING&#10;        at java.base@21.0.8/jdk.internal.misc.Unsafe.park(Native Method)&#10;        at java.base@21.0.8/java.util.concurrent.locks.LockSupport.parkNanos(LockSupport.java:269)&#10;        at java.base@21.0.8/java.util.concurrent.locks.AbstractQueuedSynchronizer$ConditionObject.awaitNanos(AbstractQueuedSynchronizer.java:1763)&#10;        at java.base@21.0.8/java.util.concurrent.LinkedBlockingQueue.poll(LinkedBlockingQueue.java:460)&#10;        at app//org.apache.hadoop.ipc.CallQueueManager.take(CallQueueManager.java:370)&#10;        at app//org.apache.hadoop.ipc.Server$Handler.run(Server.java:3165)&#10;&quot;fc0351b7-0c71-4a2a-a0ca-337e5c0b1c14-ReplicationContainerReader-2&quot; daemon prio=5 tid=1330 in Object.wait()&#10;java.lang.Thread.State: WAITING (on object monitor)&#10;        at java.base@21.0.8/jdk.internal.misc.Unsafe.park(Native Method)&#10;        at java.base@21.0.8/java.util.concurrent.locks.LockSupport.park(LockSupport.java:371)&#10;        at java.base@21.0.8/java.util.concurrent.locks.AbstractQueuedSynchronizer$ConditionNode.block(AbstractQueuedSynchronizer.java:519)&#10;        at java.base@21.0.8/java.util.concurrent.ForkJoinPool.unmanagedBlock(ForkJoinPool.java:3780)&#10;        at java.base@21.0.8/java.util.concurrent.ForkJoinPool.managedBlock(ForkJoinPool.java:3725)&#10;        at java.base@21.0.8/java.util.concurrent.locks.AbstractQueuedSynchronizer$ConditionObject.await(AbstractQueuedSynchronizer.java:1712)&#10;        at java.base@21.0.8/java.util.concurrent.LinkedBlockingQueue.take(LinkedBlockingQueue.java:435)&#10;        at java.base@21.0.8/java.util.concurrent.ThreadPoolExecutor.getTask(ThreadPoolExecutor.java:1070)&#10;        at java.base@21.0.8/java.util.concurrent.ThreadPoolExecutor.runWorker(ThreadPoolExecutor.java:1130)&#10;        at java.base@21.0.8/java.util.concurrent.ThreadPoolExecutor$Worker.run(ThreadPoolExecutor.java:642)&#10;        at java.base@21.0.8/java.lang.Thread.runWith(Thread.java:1596)&#10;        at java.base@21.0.8/java.lang.Thread.run(Thread.java:1583)&#10;&quot;Socket Reader #1 for port 15001&quot; daemon prio=5 tid=521 runnable&#10;java.lang.Thread.State: RUNNABLE&#10;        at java.base@21.0.8/sun.nio.ch.EPoll.wait(Native Method)&#10;        at java.base@21.0.8/sun.nio.ch.EPollSelectorImpl.doSelect(EPollSelectorImpl.java:121)&#10;        at java.base@21.0.8/sun.nio.ch.SelectorImpl.lockAndDoSelect(SelectorImpl.java:130)&#10;        at java.base@21.0.8/sun.nio.ch.SelectorImpl.select(SelectorImpl.java:147)&#10;        at app//org.apache.hadoop.ipc.Server$Listener$Reader.doRunLoop(Server.java:1497)&#10;        at app//org.apache.hadoop.ipc.Server$Listener$Reader.run(Server.java:1476)&#10;&quot;IPC Server handler 68 on default port 15002&quot; daemon prio=5 tid=188 timed_waiting&#10;java.lang.Thread.State: TIMED_WAITING&#10;        at java.base@21.0.8/jdk.internal.misc.Unsafe.park(Native Method)&#10;        at java.base@21.0.8/java.util.concurrent.locks.LockSupport.parkNanos(LockSupport.java:269)&#10;        at java.base@21.0.8/java.util.concurrent.locks.AbstractQueuedSynchronizer$ConditionObject.awaitNanos(AbstractQueuedSynchronizer.java:1763)&#10;        at java.base@21.0.8/java.util.concurrent.LinkedBlockingQueue.poll(LinkedBlockingQueue.java:460)&#10;        at app//org.apache.hadoop.ipc.CallQueueManager.take(CallQueueManager.java:370)&#10;        at app//org.apache.hadoop.ipc.Server$Handler.run(Server.java:3165)&#10;&quot;IPC Parameter Sending Thread for 0.0.0.0/0.0.0.0:15002&quot; daemon prio=5 tid=1243 timed_waiting&#10;java.lang.Thread.State: TIMED_WAITING&#10;        at java.base@21.0.8/jdk.internal.misc.Unsafe.park(Native Method)&#10;        at java.base@21.0.8/java.util.concurrent.locks.LockSupport.parkNanos(LockSupport.java:410)&#10;        at java.base@21.0.8/java.util.concurrent.LinkedTransferQueue$DualNode.await(LinkedTransferQueue.java:452)&#10;        at java.base@21.0.8/java.util.concurrent.LinkedTransferQueue.xfer(LinkedTransferQueue.java:613)&#10;        at java.base@21.0.8/java.util.concurrent.SynchronousQueue.xfer(SynchronousQueue.java:235)&#10;        at java.base@21.0.8/java.util.concurrent.SynchronousQueue.poll(SynchronousQueue.java:338)&#10;        at app//org.apache.hadoop.ipc.Client$Connection$RpcRequestSender.run(Client.java:1121)&#10;        at java.base@21.0.8/java.lang.Thread.runWith(Thread.java:1596)&#10;        at java.base@21.0.8/java.lang.Thread.run(Thread.java:1583)&#10;&quot;Hadoop-Metrics-Updater-0&quot; daemon prio=5 tid=863 timed_waiting&#10;java.lang.Thread.State: TIMED_WAITING&#10;        at java.base@21.0.8/jdk.internal.misc.Unsafe.park(Native Method)&#10;        at java.base@21.0.8/java.util.concurrent.locks.LockSupport.parkNanos(LockSupport.java:269)&#10;        at java.base@21.0.8/java.util.concurrent.locks.AbstractQueuedSynchronizer$ConditionObject.awaitNanos(AbstractQueuedSynchronizer.java:1763)&#10;        at java.base@21.0.8/java.util.concurrent.ScheduledThreadPoolExecutor$DelayedWorkQueue.take(ScheduledThreadPoolExecutor.java:1182)&#10;        at java.base@21.0.8/java.util.concurrent.ScheduledThreadPoolExecutor$DelayedWorkQueue.take(ScheduledThreadPoolExecutor.java:899)&#10;        at java.base@21.0.8/java.util.concurrent.ThreadPoolExecutor.getTask(ThreadPoolExecutor.java:1070)&#10;        at java.base@21.0.8/java.util.concurrent.ThreadPoolExecutor.runWorker(ThreadPoolExecutor.java:1130)&#10;        at java.base@21.0.8/java.util.concurrent.ThreadPoolExecutor$Worker.run(ThreadPoolExecutor.java:642)&#10;        at java.base@21.0.8/java.lang.Thread.runWith(Thread.java:1596)&#10;        at java.base@21.0.8/java.lang.Thread.run(Thread.java:1583)&#10;&quot;FixedThreadPoolWithAffinityExecutor-3-0&quot; daemon prio=5 tid=106 timed_waiting&#10;java.lang.Thread.State: TIMED_WAITING&#10;        at java.base@21.0.8/jdk.internal.misc.Unsafe.park(Native Method)&#10;        at java.base@21.0.8/java.util.concurrent.locks.LockSupport.parkNanos(LockSupport.java:269)&#10;        at java.base@21.0.8/java.util.concurrent.locks.AbstractQueuedSynchronizer$ConditionObject.awaitNanos(AbstractQueuedSynchronizer.java:1763)&#10;        at java.base@21.0.8/java.util.concurrent.LinkedBlockingQueue.poll(LinkedBlockingQueue.java:460)&#10;        at app//org.apache.hadoop.hdds.scm.server.ContainerReportQueue.poll(ContainerReportQueue.java:269)&#10;        at app//org.apache.hadoop.hdds.scm.server.ContainerReportQueue.poll(ContainerReportQueue.java:42)&#10;        at app//org.apache.hadoop.hdds.server.events.FixedThreadPoolWithAffinityExecutor$ContainerReportProcessTask.run(FixedThreadPoolWithAffinityExecutor.java:228)&#10;        at java.base@21.0.8/java.util.concurrent.Executors$RunnableAdapter.call(Executors.java:572)&#10;        at java.base@21.0.8/java.util.concurrent.FutureTask.run(FutureTask.java:317)&#10;        at java.base@21.0.8/java.util.concurrent.ThreadPoolExecutor.runWorker(ThreadPoolExecutor.java:1144)&#10;        at java.base@21.0.8/java.util.concurrent.ThreadPoolExecutor$Worker.run(ThreadPoolExecutor.java:642)&#10;        at java.base@21.0.8/java.lang.Thread.runWith(Thread.java:1596)&#10;        at java.base@21.0.8/java.lang.Thread.run(Thread.java:1583)&#10;&quot;qtp1597424614-326&quot; daemon prio=5 tid=326 timed_waiting&#10;java.lang.Thread.State: TIMED_WAITING&#10;        at java.base@21.0.8/jdk.internal.misc.Unsafe.park(Native Method)&#10;        at java.base@21.0.8/java.util.concurrent.locks.LockSupport.parkNanos(LockSupport.java:269)&#10;        at java.base@21.0.8/java.util.concurrent.locks.AbstractQueuedSynchronizer$ConditionObject.awaitNanos(AbstractQueuedSynchronizer.java:1763)&#10;        at app//org.eclipse.jetty.util.BlockingArrayQueue.poll(BlockingArrayQueue.java:382)&#10;        at app//org.eclipse.jetty.util.thread.QueuedThreadPool$Runner.idleJobPoll(QueuedThreadPool.java:974)&#10;        at app//org.eclipse.jetty.util.thread.QueuedThreadPool$Runner.run(QueuedThreadPool.java:1018)&#10;        at java.base@21.0.8/java.lang.Thread.runWith(Thread.java:1596)&#10;        at java.base@21.0.8/java.lang.Thread.run(Thread.java:1583)&#10;&quot;pool-270-thread-1&quot;  prio=5 tid=1329 in Object.wait()&#10;java.lang.Thread.State: WAITING (on object monitor)&#10;        at java.base@21.0.8/jdk.internal.misc.Unsafe.park(Native Method)&#10;        at java.base@21.0.8/java.util.concurrent.locks.LockSupport.park(LockSupport.java:371)&#10;        at java.base@21.0.8/java.util.concurrent.locks.AbstractQueuedSynchronizer$ConditionNode.block(AbstractQueuedSynchronizer.java:519)&#10;        at java.base@21.0.8/java.util.concurrent.ForkJoinPool.unmanagedBlock(ForkJoinPool.java:3780)&#10;        at java.base@21.0.8/java.util.concurrent.ForkJoinPool.managedBlock(ForkJoinPool.java:3725)&#10;        at java.base@21.0.8/java.util.concurrent.locks.AbstractQueuedSynchronizer$ConditionObject.await(AbstractQueuedSynchronizer.java:1712)&#10;        at java.base@21.0.8/java.util.concurrent.LinkedBlockingQueue.take(LinkedBlockingQueue.java:435)&#10;        at java.base@21.0.8/java.util.concurrent.ThreadPoolExecutor.getTask(ThreadPoolExecutor.java:1070)&#10;        at java.base@21.0.8/java.util.concurrent.ThreadPoolExecutor.runWorker(ThreadPoolExecutor.java:1130)&#10;        at java.base@21.0.8/java.util.concurrent.ThreadPoolExecutor$Worker.run(ThreadPoolExecutor.java:642)&#10;        at java.base@21.0.8/java.lang.Thread.runWith(Thread.java:1596)&#10;        at java.base@21.0.8/java.lang.Thread.run(Thread.java:1583)&#10;&quot;FixedThreadPoolWithAffinityExecutor-9-0&quot; daemon prio=5 tid=112 timed_waiting&#10;java.lang.Thread.State: TIMED_WAITING&#10;        at java.base@21.0.8/java.util.concurrent.locks.AbstractQueuedSynchronizer$ConditionObject.unlinkCancelledWaiters(AbstractQueuedSynchronizer.java:1615)&#10;        at java.base@21.0.8/java.util.concurrent.locks.AbstractQueuedSynchronizer$ConditionObject.awaitNanos(AbstractQueuedSynchronizer.java:1768)&#10;        at java.base@21.0.8/java.util.concurrent.LinkedBlockingQueue.poll(LinkedBlockingQueue.java:460)&#10;        at app//org.apache.hadoop.hdds.scm.server.ContainerReportQueue.poll(ContainerReportQueue.java:269)&#10;        at app//org.apache.hadoop.hdds.scm.server.ContainerReportQueue.poll(ContainerReportQueue.java:42)&#10;        at app//org.apache.hadoop.hdds.server.events.FixedThreadPoolWithAffinityExecutor$ContainerReportProcessTask.run(FixedThreadPoolWithAffinityExecutor.java:228)&#10;        at java.base@21.0.8/java.util.concurrent.Executors$RunnableAdapter.call(Executors.java:572)&#10;        at java.base@21.0.8/java.util.concurrent.FutureTask.run(FutureTask.java:317)&#10;        at java.base@21.0.8/java.util.concurrent.ThreadPoolExecutor.runWorker(ThreadPoolExecutor.java:1144)&#10;        at java.base@21.0.8/java.util.concurrent.ThreadPoolExecutor$Worker.run(ThreadPoolExecutor.java:642)&#10;        at java.base@21.0.8/java.lang.Thread.runWith(Thread.java:1596)&#10;        at java.base@21.0.8/java.lang.Thread.run(Thread.java:1583)&#10;&quot;main&quot;  prio=5 tid=1 in Object.wait()&#10;java.lang.Thread.State: WAITING (on object monitor)&#10;        at java.base@21.0.8/jdk.internal.misc.Unsafe.park(Native Method)&#10;        at java.base@21.0.8/java.util.concurrent.locks.LockSupport.park(LockSupport.java:371)&#10;        at java.base@21.0.8/java.util.concurrent.ForkJoinTask.awaitDone(ForkJoinTask.java:461)&#10;        at java.base@21.0.8/java.util.concurrent.ForkJoinTask.get(ForkJoinTask.java:991)&#10;        at app//org.junit.platform.engine.support.hierarchical.HierarchicalTestEngine.execute(HierarchicalTestEngine.java:54)&#10;        at app//org.junit.platform.launcher.core.EngineExecutionOrchestrator.executeEngine(EngineExecutionOrchestrator.java:230)&#10;        at app//org.junit.platform.launcher.core.EngineExecutionOrchestrator.failOrExecuteEngine(EngineExecutionOrchestrator.java:204)&#10;        at app//org.junit.platform.launcher.core.EngineExecutionOrchestrator.execute(EngineExecutionOrchestrator.java:172)&#10;        at app//org.junit.platform.launcher.core.EngineExecutionOrchestrator.execute(EngineExecutionOrchestrator.java:101)&#10;        at app//org.junit.platform.launcher.core.EngineExecutionOrchestrator.lambda$execute$0(EngineExecutionOrchestrator.java:64)&#10;        at app//org.junit.platform.launcher.core.EngineExecutionOrchestrator$$Lambda/0x00007f9d6c12f480.accept(Unknown Source)&#10;        at app//org.junit.platform.launcher.core.EngineExecutionOrchestrator.withInterceptedStreams(EngineExecutionOrchestrator.java:150)&#10;        at app//org.junit.platform.launcher.core.EngineExecutionOrchestrator.execute(EngineExecutionOrchestrator.java:63)&#10;        at app//org.junit.platform.launcher.core.DefaultLauncher.execute(DefaultLauncher.java:109)&#10;        at app//org.junit.platform.launcher.core.DefaultLauncher.execute(DefaultLauncher.java:91)&#10;        at app//org.junit.platform.launcher.core.DelegatingLauncher.execute(DelegatingLauncher.java:47)&#10;        at app//org.junit.platform.launcher.core.InterceptingLauncher.lambda$execute$1(InterceptingLauncher.java:39)&#10;        at app//org.junit.platform.launcher.core.InterceptingLauncher$$Lambda/0x00007f9d6c099000.proceed(Unknown Source)&#10;        at app//org.junit.platform.launcher.core.ClasspathAlignmentCheckingLauncherInterceptor.intercept(ClasspathAlignmentCheckingLauncherInterceptor.java:25)&#10;        at app//org.junit.platform.launcher.core.InterceptingLauncher.execute(InterceptingLauncher.java:38)&#10;        at app//org.junit.platform.launcher.core.DelegatingLauncher.execute(DelegatingLauncher.java:47)&#10;        at app//org.apache.maven.surefire.junitplatform.LazyLauncher.execute(LazyLauncher.java:56)&#10;        at app//org.apache.maven.surefire.junitplatform.JUnitPlatformProvider.execute(JUnitPlatformProvider.java:184)&#10;        at app//org.apache.maven.surefire.junitplatform.JUnitPlatformProvider.invokeAllTests(JUnitPlatformProvider.java:148)&#10;        at app//org.apache.maven.surefire.junitplatform.JUnitPlatformProvider.invoke(JUnitPlatformProvider.java:120)&#10;        at app//org.apache.maven.surefire.booter.ForkedBooter.runSuitesInProcess(ForkedBooter.java:385)&#10;        at app//org.apache.maven.surefire.booter.ForkedBooter.execute(ForkedBooter.java:162)&#10;        at app//org.apache.maven.surefire.booter.ForkedBooter.run(ForkedBooter.java:507)&#10;        at app//org.apache.maven.surefire.booter.ForkedBooter.main(ForkedBooter.java:495)&#10;&quot;IPC Server handler 33 on default port 15004&quot; daemon prio=5 tid=371 timed_waiting&#10;java.lang.Thread.State: TIMED_WAITING&#10;        at java.base@21.0.8/jdk.internal.misc.Unsafe.park(Native Method)&#10;        at java.base@21.0.8/java.util.concurrent.locks.LockSupport.parkNanos(LockSupport.java:269)&#10;        at java.base@21.0.8/java.util.concurrent.locks.AbstractQueuedSynchronizer$ConditionObject.awaitNanos(AbstractQueuedSynchronizer.java:1763)&#10;        at java.base@21.0.8/java.util.concurrent.LinkedBlockingQueue.poll(LinkedBlockingQueue.java:460)&#10;        at app//org.apache.hadoop.ipc.CallQueueManager.take(CallQueueManager.java:370)&#10;        at app//org.apache.hadoop.ipc.Server$Handler.run(Server.java:3165)&#10;&quot;Socket Reader #10 for port 15004&quot; daemon prio=5 tid=71 runnable&#10;java.lang.Thread.State: RUNNABLE&#10;        at java.base@21.0.8/sun.nio.ch.EPoll.wait(Native Method)&#10;        at java.base@21.0.8/sun.nio.ch.EPollSelectorImpl.doSelect(EPollSelectorImpl.java:121)&#10;        at java.base@21.0.8/sun.nio.ch.SelectorImpl.lockAndDoSelect(SelectorImpl.java:130)&#10;        at java.base@21.0.8/sun.nio.ch.SelectorImpl.select(SelectorImpl.java:147)&#10;        at app//org.apache.hadoop.ipc.Server$Listener$Reader.doRunLoop(Server.java:1497)&#10;        at app//org.apache.hadoop.ipc.Server$Listener$Reader.run(Server.java:1476)&#10;&quot;StaleRecoveringContainerScrubbingService#0&quot; daemon prio=5 tid=976 timed_waiting&#10;java.lang.Thread.State: TIMED_WAITING&#10;        at java.base@21.0.8/jdk.internal.misc.Unsafe.park(Native Method)&#10;        at java.base@21.0.8/java.util.concurrent.locks.LockSupport.parkNanos(LockSupport.java:269)&#10;        at java.base@21.0.8/java.util.concurrent.locks.AbstractQueuedSynchronizer$ConditionObject.awaitNanos(AbstractQueuedSynchronizer.java:1763)&#10;        at java.base@21.0.8/java.util.concurrent.ScheduledThreadPoolExecutor$DelayedWorkQueue.take(ScheduledThreadPoolExecutor.java:1182)&#10;        at java.base@21.0.8/java.util.concurrent.ScheduledThreadPoolExecutor$DelayedWorkQueue.take(ScheduledThreadPoolExecutor.java:899)&#10;        at java.base@21.0.8/java.util.concurrent.ThreadPoolExecutor.getTask(ThreadPoolExecutor.java:1070)&#10;        at java.base@21.0.8/java.util.concurrent.ThreadPoolExecutor.runWorker(ThreadPoolExecutor.java:1130)&#10;        at java.base@21.0.8/java.util.concurrent.ThreadPoolExecutor$Worker.run(ThreadPoolExecutor.java:642)&#10;        at java.base@21.0.8/java.lang.Thread.runWith(Thread.java:1596)&#10;        at java.base@21.0.8/java.lang.Thread.run(Thread.java:1583)&#10;&quot;qtp1181622455-545&quot; daemon prio=5 tid=545 timed_waiting&#10;java.lang.Thread.State: TIMED_WAITING&#10;        at java.base@21.0.8/jdk.internal.misc.Unsafe.park(Native Method)&#10;        at java.base@21.0.8/java.util.concurrent.locks.LockSupport.parkNanos(LockSupport.java:269)&#10;        at java.base@21.0.8/java.util.concurrent.locks.AbstractQueuedSynchronizer$ConditionObject.awaitNanos(AbstractQueuedSynchronizer.java:1763)&#10;        at app//org.eclipse.jetty.util.BlockingArrayQueue.poll(BlockingArrayQueue.java:382)&#10;        at app//org.eclipse.jetty.util.thread.QueuedThreadPool$Runner.idleJobPoll(QueuedThreadPool.java:974)&#10;        at app//org.eclipse.jetty.util.thread.QueuedThreadPool$Runner.run(QueuedThreadPool.java:1018)&#10;        at java.base@21.0.8/java.lang.Thread.runWith(Thread.java:1596)&#10;        at java.base@21.0.8/java.lang.Thread.run(Thread.java:1583)&#10;&quot;IPC Server handler 30 on default port 15001&quot; daemon prio=5 tid=588 timed_waiting&#10;java.lang.Thread.State: TIMED_WAITING&#10;        at java.base@21.0.8/jdk.internal.misc.Unsafe.park(Native Method)&#10;        at java.base@21.0.8/java.util.concurrent.locks.LockSupport.parkNanos(LockSupport.java:269)&#10;        at java.base@21.0.8/java.util.concurrent.locks.AbstractQueuedSynchronizer$ConditionObject.awaitNanos(AbstractQueuedSynchronizer.java:1763)&#10;        at java.base@21.0.8/java.util.concurrent.LinkedBlockingQueue.poll(LinkedBlockingQueue.java:460)&#10;        at app//org.apache.hadoop.ipc.CallQueueManager.take(CallQueueManager.java:370)&#10;        at app//org.apache.hadoop.ipc.Server$Handler.run(Server.java:3165)&#10;&quot;IPC Server handler 2 on default port 15021&quot; daemon prio=5 tid=743 timed_waiting&#10;java.lang.Thread.State: TIMED_WAITING&#10;        at java.base@21.0.8/jdk.internal.misc.Unsafe.park(Native Method)&#10;        at java.base@21.0.8/java.util.concurrent.locks.LockSupport.parkNanos(LockSupport.java:269)&#10;        at java.base@21.0.8/java.util.concurrent.locks.AbstractQueuedSynchronizer$ConditionObject.awaitNanos(AbstractQueuedSynchronizer.java:1763)&#10;        at java.base@21.0.8/java.util.concurrent.LinkedBlockingQueue.poll(LinkedBlockingQueue.java:460)&#10;        at app//org.apache.hadoop.ipc.CallQueueManager.take(CallQueueManager.java:370)&#10;        at app//org.apache.hadoop.ipc.Server$Handler.run(Server.java:3165)&#10;&quot;IPC Parameter Sending Thread for localhost/127.0.0.1:15008&quot; daemon prio=5 tid=1155 timed_waiting&#10;java.lang.Thread.State: TIMED_WAITING&#10;        at java.base@21.0.8/jdk.internal.misc.Unsafe.park(Native Method)&#10;        at java.base@21.0.8/java.util.concurrent.locks.LockSupport.parkNanos(LockSupport.java:410)&#10;        at java.base@21.0.8/java.util.concurrent.LinkedTransferQueue$DualNode.await(LinkedTransferQueue.java:452)&#10;        at java.base@21.0.8/java.util.concurrent.LinkedTransferQueue.xfer(LinkedTransferQueue.java:613)&#10;        at java.base@21.0.8/java.util.concurrent.SynchronousQueue.xfer(SynchronousQueue.java:235)&#10;        at java.base@21.0.8/java.util.concurrent.SynchronousQueue.poll(SynchronousQueue.java:338)&#10;        at app//org.apache.hadoop.ipc.Client$Connection$RpcRequestSender.run(Client.java:1121)&#10;        at java.base@21.0.8/java.lang.Thread.runWith(Thread.java:1596)&#10;        at java.base@21.0.8/java.lang.Thread.run(Thread.java:1583)&#10;&quot;Socket Reader #5 for port 15008&quot; daemon prio=5 tid=454 runnable&#10;java.lang.Thread.State: RUNNABLE&#10;        at java.base@21.0.8/sun.nio.ch.EPoll.wait(Native Method)&#10;        at java.base@21.0.8/sun.nio.ch.EPollSelectorImpl.doSelect(EPollSelectorImpl.java:121)&#10;        at java.base@21.0.8/sun.nio.ch.SelectorImpl.lockAndDoSelect(SelectorImpl.java:130)&#10;        at java.base@21.0.8/sun.nio.ch.SelectorImpl.select(SelectorImpl.java:147)&#10;        at app//org.apache.hadoop.ipc.Server$Listener$Reader.doRunLoop(Server.java:1497)&#10;        at app//org.apache.hadoop.ipc.Server$Listener$Reader.run(Server.java:1476)&#10;&quot;qtp133286137-486&quot; daemon prio=5 tid=486 timed_waiting&#10;java.lang.Thread.State: TIMED_WAITING&#10;        at java.base@21.0.8/jdk.internal.misc.Unsafe.park(Native Method)&#10;        at java.base@21.0.8/java.util.concurrent.locks.LockSupport.parkNanos(LockSupport.java:269)&#10;        at java.base@21.0.8/java.util.concurrent.locks.AbstractQueuedSynchronizer$ConditionObject.awaitNanos(AbstractQueuedSynchronizer.java:1763)&#10;        at app//org.eclipse.jetty.util.BlockingArrayQueue.poll(BlockingArrayQueue.java:382)&#10;        at app//org.eclipse.jetty.util.thread.QueuedThreadPool$Runner.idleJobPoll(QueuedThreadPool.java:974)&#10;        at app//org.eclipse.jetty.util.thread.QueuedThreadPool$Runner.run(QueuedThreadPool.java:1018)&#10;        at java.base@21.0.8/java.lang.Thread.runWith(Thread.java:1596)&#10;        at java.base@21.0.8/java.lang.Thread.run(Thread.java:1583)&#10;&quot;c11f8a16-55ee-4f22-a5a5-7daf2dffa753-BlockDeletingService#1&quot; daemon prio=5 tid=902 in Object.wait()&#10;java.lang.Thread.State: WAITING (on object monitor)&#10;        at java.base@21.0.8/jdk.internal.misc.Unsafe.park(Native Method)&#10;        at java.base@21.0.8/java.util.concurrent.locks.LockSupport.park(LockSupport.java:371)&#10;        at java.base@21.0.8/java.util.concurrent.locks.AbstractQueuedSynchronizer$ConditionNode.block(AbstractQueuedSynchronizer.java:519)&#10;        at java.base@21.0.8/java.util.concurrent.ForkJoinPool.unmanagedBlock(ForkJoinPool.java:3780)&#10;        at java.base@21.0.8/java.util.concurrent.ForkJoinPool.managedBlock(ForkJoinPool.java:3725)&#10;        at java.base@21.0.8/java.util.concurrent.locks.AbstractQueuedSynchronizer$ConditionObject.await(AbstractQueuedSynchronizer.java:1712)&#10;        at java.base@21.0.8/java.util.concurrent.ScheduledThreadPoolExecutor$DelayedWorkQueue.take(ScheduledThreadPoolExecutor.java:1177)&#10;        at java.base@21.0.8/java.util.concurrent.ScheduledThreadPoolExecutor$DelayedWorkQueue.take(ScheduledThreadPoolExecutor.java:899)&#10;        at java.base@21.0.8/java.util.concurrent.ThreadPoolExecutor.getTask(ThreadPoolExecutor.java:1070)&#10;        at java.base@21.0.8/java.util.concurrent.ThreadPoolExecutor.runWorker(ThreadPoolExecutor.java:1130)&#10;        at java.base@21.0.8/java.util.concurrent.ThreadPoolExecutor$Worker.run(ThreadPoolExecutor.java:642)&#10;        at java.base@21.0.8/java.lang.Thread.runWith(Thread.java:1596)&#10;        at java.base@21.0.8/java.lang.Thread.run(Thread.java:1583)&#10;&quot;c11f8a16-55ee-4f22-a5a5-7daf2dffa753-CloseContainerThread-1&quot;  prio=5 tid=1301 in Object.wait()&#10;java.lang.Thread.State: WAITING (on object monitor)&#10;        at java.base@21.0.8/jdk.internal.misc.Unsafe.park(Native Method)&#10;        at java.base@21.0.8/java.util.concurrent.locks.LockSupport.park(LockSupport.java:371)&#10;        at java.base@21.0.8/java.util.concurrent.locks.AbstractQueuedSynchronizer$ConditionNode.block(AbstractQueuedSynchronizer.java:519)&#10;        at java.base@21.0.8/java.util.concurrent.ForkJoinPool.unmanagedBlock(ForkJoinPool.java:3780)&#10;        at java.base@21.0.8/java.util.concurrent.ForkJoinPool.managedBlock(ForkJoinPool.java:3725)&#10;        at java.base@21.0.8/java.util.concurrent.locks.AbstractQueuedSynchronizer$ConditionObject.await(AbstractQueuedSynchronizer.java:1712)&#10;        at java.base@21.0.8/java.util.concurrent.LinkedBlockingQueue.take(LinkedBlockingQueue.java:435)&#10;        at java.base@21.0.8/java.util.concurrent.ThreadPoolExecutor.getTask(ThreadPoolExecutor.java:1070)&#10;        at java.base@21.0.8/java.util.concurrent.ThreadPoolExecutor.runWorker(ThreadPoolExecutor.java:1130)&#10;        at java.base@21.0.8/java.util.concurrent.ThreadPoolExecutor$Worker.run(ThreadPoolExecutor.java:642)&#10;        at java.base@21.0.8/java.lang.Thread.runWith(Thread.java:1596)&#10;        at java.base@21.0.8/java.lang.Thread.run(Thread.java:1583)&#10;&quot;c11f8a16-55ee-4f22-a5a5-7daf2dffa753-CloseContainerThread-2&quot;  prio=5 tid=1302 in Object.wait()&#10;java.lang.Thread.State: WAITING (on object monitor)&#10;        at java.base@21.0.8/jdk.internal.misc.Unsafe.park(Native Method)&#10;        at java.base@21.0.8/java.util.concurrent.locks.LockSupport.park(LockSupport.java:371)&#10;        at java.base@21.0.8/java.util.concurrent.locks.AbstractQueuedSynchronizer$ConditionNode.block(AbstractQueuedSynchronizer.java:519)&#10;        at java.base@21.0.8/java.util.concurrent.ForkJoinPool.unmanagedBlock(ForkJoinPool.java:3780)&#10;        at java.base@21.0.8/java.util.concurrent.ForkJoinPool.managedBlock(ForkJoinPool.java:3725)&#10;        at java.base@21.0.8/java.util.concurrent.locks.AbstractQueuedSynchronizer$ConditionObject.await(AbstractQueuedSynchronizer.java:1712)&#10;        at java.base@21.0.8/java.util.concurrent.LinkedBlockingQueue.take(LinkedBlockingQueue.java:435)&#10;        at java.base@21.0.8/java.util.concurrent.ThreadPoolExecutor.getTask(ThreadPoolExecutor.java:1070)&#10;        at java.base@21.0.8/java.util.concurrent.ThreadPoolExecutor.runWorker(ThreadPoolExecutor.java:1130)&#10;        at java.base@21.0.8/java.util.concurrent.ThreadPoolExecutor$Worker.run(ThreadPoolExecutor.java:642)&#10;        at java.base@21.0.8/java.lang.Thread.runWith(Thread.java:1596)&#10;        at java.base@21.0.8/java.lang.Thread.run(Thread.java:1583)&#10;&quot;ReplicationMonitor&quot; daemon prio=5 tid=57 timed_waiting&#10;java.lang.Thread.State: TIMED_WAITING&#10;        at java.base@21.0.8/java.lang.Object.wait0(Native Method)&#10;        at java.base@21.0.8/java.lang.Object.wait(Object.java:366)&#10;        at app//org.apache.hadoop.hdds.scm.container.replication.ReplicationManager.run(ReplicationManager.java:934)&#10;        at app//org.apache.hadoop.hdds.scm.container.replication.ReplicationManager$$Lambda/0x00007f9d6c51fdc0.run(Unknown Source)&#10;        at java.base@21.0.8/java.lang.Thread.runWith(Thread.java:1596)&#10;        at java.base@21.0.8/java.lang.Thread.run(Thread.java:1583)&#10;&quot;IPC Server handler 3 on default port 15029&quot; daemon prio=5 tid=790 timed_waiting&#10;java.lang.Thread.State: TIMED_WAITING&#10;        at java.base@21.0.8/jdk.internal.misc.Unsafe.park(Native Method)&#10;        at java.base@21.0.8/java.util.concurrent.locks.LockSupport.parkNanos(LockSupport.java:269)&#10;        at java.base@21.0.8/java.util.concurrent.locks.AbstractQueuedSynchronizer$ConditionObject.awaitNanos(AbstractQueuedSynchronizer.java:1763)&#10;        at java.base@21.0.8/java.util.concurrent.LinkedBlockingQueue.poll(LinkedBlockingQueue.java:460)&#10;        at app//org.apache.hadoop.ipc.CallQueueManager.take(CallQueueManager.java:370)&#10;        at app//org.apache.hadoop.ipc.Server$Handler.run(Server.java:3165)&#10;&quot;IPC Server handler 40 on default port 15004&quot; daemon prio=5 tid=378 timed_waiting&#10;java.lang.Thread.State: TIMED_WAITING&#10;        at java.base@21.0.8/jdk.internal.misc.Unsafe.park(Native Method)&#10;        at java.base@21.0.8/java.util.concurrent.locks.LockSupport.parkNanos(LockSupport.java:269)&#10;        at java.base@21.0.8/java.util.concurrent.locks.AbstractQueuedSynchronizer$ConditionObject.awaitNanos(AbstractQueuedSynchronizer.java:1763)&#10;        at java.base@21.0.8/java.util.concurrent.LinkedBlockingQueue.poll(LinkedBlockingQueue.java:460)&#10;        at app//org.apache.hadoop.ipc.CallQueueManager.take(CallQueueManager.java:370)&#10;        at app//org.apache.hadoop.ipc.Server$Handler.run(Server.java:3165)&#10;&quot;fc0351b7-0c71-4a2a-a0ca-337e5c0b1c14-BlockDeletingService#0&quot; daemon prio=5 tid=999 in Object.wait()&#10;java.lang.Thread.State: WAITING (on object monitor)&#10;        at java.base@21.0.8/jdk.internal.misc.Unsafe.park(Native Method)&#10;        at java.base@21.0.8/java.util.concurrent.locks.LockSupport.park(LockSupport.java:371)&#10;        at java.base@21.0.8/java.util.concurrent.locks.AbstractQueuedSynchronizer$ConditionNode.block(AbstractQueuedSynchronizer.java:519)&#10;        at java.base@21.0.8/java.util.concurrent.ForkJoinPool.unmanagedBlock(ForkJoinPool.java:3780)&#10;        at java.base@21.0.8/java.util.concurrent.ForkJoinPool.managedBlock(ForkJoinPool.java:3725)&#10;        at java.base@21.0.8/java.util.concurrent.locks.AbstractQueuedSynchronizer$ConditionObject.await(AbstractQueuedSynchronizer.java:1712)&#10;        at java.base@21.0.8/java.util.concurrent.ScheduledThreadPoolExecutor$DelayedWorkQueue.take(ScheduledThreadPoolExecutor.java:1177)&#10;        at java.base@21.0.8/java.util.concurrent.ScheduledThreadPoolExecutor$DelayedWorkQueue.take(ScheduledThreadPoolExecutor.java:899)&#10;        at java.base@21.0.8/java.util.concurrent.ThreadPoolExecutor.getTask(ThreadPoolExecutor.java:1070)&#10;        at java.base@21.0.8/java.util.concurrent.ThreadPoolExecutor.runWorker(ThreadPoolExecutor.java:1130)&#10;        at java.base@21.0.8/java.util.concurrent.ThreadPoolExecutor$Worker.run(ThreadPoolExecutor.java:642)&#10;        at java.base@21.0.8/java.lang.Thread.runWith(Thread.java:1596)&#10;        at java.base@21.0.8/java.lang.Thread.run(Thread.java:1583)&#10;&quot;qtp249078499-725&quot; daemon prio=5 tid=725 timed_waiting&#10;java.lang.Thread.State: TIMED_WAITING&#10;        at java.base@21.0.8/jdk.internal.misc.Unsafe.park(Native Method)&#10;        at java.base@21.0.8/java.util.concurrent.locks.LockSupport.parkNanos(LockSupport.java:269)&#10;        at java.base@21.0.8/java.util.concurrent.locks.AbstractQueuedSynchronizer$ConditionObject.awaitNanos(AbstractQueuedSynchronizer.java:1763)&#10;        at app//org.eclipse.jetty.util.BlockingArrayQueue.poll(BlockingArrayQueue.java:382)&#10;        at app//org.eclipse.jetty.util.thread.QueuedThreadPool$Runner.idleJobPoll(QueuedThreadPool.java:974)&#10;        at app//org.eclipse.jetty.util.thread.QueuedThreadPool$Runner.run(QueuedThreadPool.java:1018)&#10;        at java.base@21.0.8/java.lang.Thread.runWith(Thread.java:1596)&#10;        at java.base@21.0.8/java.lang.Thread.run(Thread.java:1583)&#10;&quot;ContainerMetadataScanner&quot; daemon prio=5 tid=1015 timed_waiting&#10;java.lang.Thread.State: TIMED_WAITING&#10;        at java.base@21.0.8/java.lang.Thread.sleep0(Native Method)&#10;        at java.base@21.0.8/java.lang.Thread.sleep(Thread.java:509)&#10;        at app//org.apache.hadoop.ozone.container.ozoneimpl.AbstractBackgroundContainerScanner.handleRemainingSleep(AbstractBackgroundContainerScanner.java:133)&#10;        at app//org.apache.hadoop.ozone.container.ozoneimpl.AbstractBackgroundContainerScanner.runIteration(AbstractBackgroundContainerScanner.java:100)&#10;        at app//org.apache.hadoop.ozone.container.ozoneimpl.AbstractBackgroundContainerScanner.run(AbstractBackgroundContainerScanner.java:59)&#10;        at java.base@21.0.8/java.lang.Thread.runWith(Thread.java:1596)&#10;        at java.base@21.0.8/java.lang.Thread.run(Thread.java:1583)&#10;&quot;IPC Server listener on 15001&quot; daemon prio=5 tid=520 runnable&#10;java.lang.Thread.State: RUNNABLE&#10;        at java.base@21.0.8/sun.nio.ch.EPoll.wait(Native Method)&#10;        at java.base@21.0.8/sun.nio.ch.EPollSelectorImpl.doSelect(EPollSelectorImpl.java:121)&#10;        at java.base@21.0.8/sun.nio.ch.SelectorImpl.lockAndDoSelect(SelectorImpl.java:130)&#10;        at java.base@21.0.8/sun.nio.ch.SelectorImpl.select(SelectorImpl.java:147)&#10;        at app//org.apache.hadoop.ipc.Server$Listener.run(Server.java:1559)&#10;&quot;Socket Reader #6 for port 15004&quot; daemon prio=5 tid=67 runnable&#10;java.lang.Thread.State: RUNNABLE&#10;        at java.base@21.0.8/sun.nio.ch.EPoll.wait(Native Method)&#10;        at java.base@21.0.8/sun.nio.ch.EPollSelectorImpl.doSelect(EPollSelectorImpl.java:121)&#10;        at java.base@21.0.8/sun.nio.ch.SelectorImpl.lockAndDoSelect(SelectorImpl.java:130)&#10;        at java.base@21.0.8/sun.nio.ch.SelectorImpl.select(SelectorImpl.java:147)&#10;        at app//org.apache.hadoop.ipc.Server$Listener$Reader.doRunLoop(Server.java:1497)&#10;        at app//org.apache.hadoop.ipc.Server$Listener$Reader.run(Server.java:1476)&#10;&quot;IPC Server handler 1 on default port 15037&quot; daemon prio=5 tid=865 timed_waiting&#10;java.lang.Thread.State: TIMED_WAITING&#10;        at java.base@21.0.8/jdk.internal.misc.Unsafe.park(Native Method)&#10;        at java.base@21.0.8/java.util.concurrent.locks.LockSupport.parkNanos(LockSupport.java:269)&#10;        at java.base@21.0.8/java.util.concurrent.locks.AbstractQueuedSynchronizer$ConditionObject.awaitNanos(AbstractQueuedSynchronizer.java:1763)&#10;        at java.base@21.0.8/java.util.concurrent.LinkedBlockingQueue.poll(LinkedBlockingQueue.java:460)&#10;        at app//org.apache.hadoop.ipc.CallQueueManager.take(CallQueueManager.java:370)&#10;        at app//org.apache.hadoop.ipc.Server$Handler.run(Server.java:3165)&#10;&quot;IPC Server handler 64 on default port 15003&quot; daemon prio=5 tid=284 timed_waiting&#10;java.lang.Thread.State: TIMED_WAITING&#10;        at java.base@21.0.8/jdk.internal.misc.Unsafe.park(Native Method)&#10;        at java.base@21.0.8/java.util.concurrent.locks.LockSupport.parkNanos(LockSupport.java:269)&#10;        at java.base@21.0.8/java.util.concurrent.locks.AbstractQueuedSynchronizer$ConditionObject.awaitNanos(AbstractQueuedSynchronizer.java:1763)&#10;        at java.base@21.0.8/java.util.concurrent.LinkedBlockingQueue.poll(LinkedBlockingQueue.java:460)&#10;        at app//org.apache.hadoop.ipc.CallQueueManager.take(CallQueueManager.java:370)&#10;        at app//org.apache.hadoop.ipc.Server$Handler.run(Server.java:3165)&#10;&quot;Hadoop-Metrics-Updater-0&quot; daemon prio=5 tid=936 timed_waiting&#10;java.lang.Thread.State: TIMED_WAITING&#10;        at java.base@21.0.8/jdk.internal.misc.Unsafe.park(Native Method)&#10;        at java.base@21.0.8/java.util.concurrent.locks.LockSupport.parkNanos(LockSupport.java:269)&#10;        at java.base@21.0.8/java.util.concurrent.locks.AbstractQueuedSynchronizer$ConditionObject.awaitNanos(AbstractQueuedSynchronizer.java:1763)&#10;        at java.base@21.0.8/java.util.concurrent.ScheduledThreadPoolExecutor$DelayedWorkQueue.take(ScheduledThreadPoolExecutor.java:1182)&#10;        at java.base@21.0.8/java.util.concurrent.ScheduledThreadPoolExecutor$DelayedWorkQueue.take(ScheduledThreadPoolExecutor.java:899)&#10;        at java.base@21.0.8/java.util.concurrent.ThreadPoolExecutor.getTask(ThreadPoolExecutor.java:1070)&#10;        at java.base@21.0.8/java.util.concurrent.ThreadPoolExecutor.runWorker(ThreadPoolExecutor.java:1130)&#10;        at java.base@21.0.8/java.util.concurrent.ThreadPoolExecutor$Worker.run(ThreadPoolExecutor.java:642)&#10;        at java.base@21.0.8/java.lang.Thread.runWith(Thread.java:1596)&#10;        at java.base@21.0.8/java.lang.Thread.run(Thread.java:1583)&#10;&quot;IPC Server handler 19 on default port 15001&quot; daemon prio=5 tid=577 timed_waiting&#10;java.lang.Thread.State: TIMED_WAITING&#10;        at java.base@21.0.8/jdk.internal.misc.Unsafe.park(Native Method)&#10;        at java.base@21.0.8/java.util.concurrent.locks.LockSupport.parkNanos(LockSupport.java:269)&#10;        at java.base@21.0.8/java.util.concurrent.locks.AbstractQueuedSynchronizer$ConditionObject.awaitNanos(AbstractQueuedSynchronizer.java:1763)&#10;        at java.base@21.0.8/java.util.concurrent.LinkedBlockingQueue.poll(LinkedBlockingQueue.java:460)&#10;        at app//org.apache.hadoop.ipc.CallQueueManager.take(CallQueueManager.java:370)&#10;        at app//org.apache.hadoop.ipc.Server$Handler.run(Server.java:3165)&#10;&quot;SSL Certificates Store Monitor&quot; daemon prio=5 tid=1357 in Object.wait()&#10;java.lang.Thread.State: WAITING (on object monitor)&#10;        at java.base@21.0.8/java.lang.Object.wait0(Native Method)&#10;        at java.base@21.0.8/java.lang.Object.wait(Object.java:366)&#10;        at java.base@21.0.8/java.lang.Object.wait(Object.java:339)&#10;        at java.base@21.0.8/java.util.TimerThread.mainLoop(Timer.java:537)&#10;        at java.base@21.0.8/java.util.TimerThread.run(Timer.java:516)&#10;&quot;qtp1597424614-328&quot; daemon prio=5 tid=328 timed_waiting&#10;java.lang.Thread.State: TIMED_WAITING&#10;        at java.base@21.0.8/jdk.internal.misc.Unsafe.park(Native Method)&#10;        at java.base@21.0.8/java.util.concurrent.locks.LockSupport.parkNanos(LockSupport.java:269)&#10;        at java.base@21.0.8/java.util.concurrent.locks.AbstractQueuedSynchronizer$ConditionObject.awaitNanos(AbstractQueuedSynchronizer.java:1763)&#10;        at app//org.eclipse.jetty.util.BlockingArrayQueue.poll(BlockingArrayQueue.java:382)&#10;        at app//org.eclipse.jetty.util.thread.QueuedThreadPool$Runner.idleJobPoll(QueuedThreadPool.java:974)&#10;        at app//org.eclipse.jetty.util.thread.QueuedThreadPool$Runner.run(QueuedThreadPool.java:1018)&#10;        at java.base@21.0.8/java.lang.Thread.runWith(Thread.java:1596)&#10;        at java.base@21.0.8/java.lang.Thread.run(Thread.java:1583)&#10;&quot;Session-HouseKeeper-1d0adcec-1&quot;  prio=5 tid=331 timed_waiting&#10;java.lang.Thread.State: TIMED_WAITING&#10;        at java.base@21.0.8/jdk.internal.misc.Unsafe.park(Native Method)&#10;        at java.base@21.0.8/java.util.concurrent.locks.LockSupport.parkNanos(LockSupport.java:269)&#10;        at java.base@21.0.8/java.util.concurrent.locks.AbstractQueuedSynchronizer$ConditionObject.awaitNanos(AbstractQueuedSynchronizer.java:1763)&#10;        at java.base@21.0.8/java.util.concurrent.ScheduledThreadPoolExecutor$DelayedWorkQueue.take(ScheduledThreadPoolExecutor.java:1182)&#10;        at java.base@21.0.8/java.util.concurrent.ScheduledThreadPoolExecutor$DelayedWorkQueue.take(ScheduledThreadPoolExecutor.java:899)&#10;        at java.base@21.0.8/java.util.concurrent.ThreadPoolExecutor.getTask(ThreadPoolExecutor.java:1070)&#10;        at java.base@21.0.8/java.util.concurrent.ThreadPoolExecutor.runWorker(ThreadPoolExecutor.java:1130)&#10;        at java.base@21.0.8/java.util.concurrent.ThreadPoolExecutor$Worker.run(ThreadPoolExecutor.java:642)&#10;        at java.base@21.0.8/java.lang.Thread.runWith(Thread.java:1596)&#10;        at java.base@21.0.8/java.lang.Thread.run(Thread.java:1583)&#10;&quot;IPC Server handler 22 on default port 15003&quot; daemon prio=5 tid=242 timed_waiting&#10;java.lang.Thread.State: TIMED_WAITING&#10;        at java.base@21.0.8/jdk.internal.misc.Unsafe.park(Native Method)&#10;        at java.base@21.0.8/java.util.concurrent.locks.LockSupport.parkNanos(LockSupport.java:269)&#10;        at java.base@21.0.8/java.util.concurrent.locks.AbstractQueuedSynchronizer$ConditionObject.awaitNanos(AbstractQueuedSynchronizer.java:1763)&#10;        at java.base@21.0.8/java.util.concurrent.LinkedBlockingQueue.poll(LinkedBlockingQueue.java:460)&#10;        at app//org.apache.hadoop.ipc.CallQueueManager.take(CallQueueManager.java:370)&#10;        at app//org.apache.hadoop.ipc.Server$Handler.run(Server.java:3165)&#10;&quot;c11f8a16-55ee-4f22-a5a5-7daf2dffa753-DatanodeReportManager-0&quot; daemon prio=5 tid=752 in Object.wait()&#10;java.lang.Thread.State: WAITING (on object monitor)&#10;        at java.base@21.0.8/jdk.internal.misc.Unsafe.park(Native Method)&#10;        at java.base@21.0.8/java.util.concurrent.locks.LockSupport.park(LockSupport.java:371)&#10;        at java.base@21.0.8/java.util.concurrent.locks.AbstractQueuedSynchronizer$ConditionNode.block(AbstractQueuedSynchronizer.java:519)&#10;        at java.base@21.0.8/java.util.concurrent.ForkJoinPool.unmanagedBlock(ForkJoinPool.java:3780)&#10;        at java.base@21.0.8/java.util.concurrent.ForkJoinPool.managedBlock(ForkJoinPool.java:3725)&#10;        at java.base@21.0.8/java.util.concurrent.locks.AbstractQueuedSynchronizer$ConditionObject.await(AbstractQueuedSynchronizer.java:1712)&#10;        at java.base@21.0.8/java.util.concurrent.ScheduledThreadPoolExecutor$DelayedWorkQueue.take(ScheduledThreadPoolExecutor.java:1177)&#10;        at java.base@21.0.8/java.util.concurrent.ScheduledThreadPoolExecutor$DelayedWorkQueue.take(ScheduledThreadPoolExecutor.java:899)&#10;        at java.base@21.0.8/java.util.concurrent.ThreadPoolExecutor.getTask(ThreadPoolExecutor.java:1070)&#10;        at java.base@21.0.8/java.util.concurrent.ThreadPoolExecutor.runWorker(ThreadPoolExecutor.java:1130)&#10;        at java.base@21.0.8/java.util.concurrent.ThreadPoolExecutor$Worker.run(ThreadPoolExecutor.java:642)&#10;        at java.base@21.0.8/java.lang.Thread.runWith(Thread.java:1596)&#10;        at java.base@21.0.8/java.lang.Thread.run(Thread.java:1583)&#10;&quot;fc0351b7-0c71-4a2a-a0ca-337e5c0b1c14-ReplicationContainerReader-0&quot; daemon prio=5 tid=1327 in Object.wait()&#10;java.lang.Thread.State: WAITING (on object monitor)&#10;        at java.base@21.0.8/jdk.internal.misc.Unsafe.park(Native Method)&#10;        at java.base@21.0.8/java.util.concurrent.locks.LockSupport.park(LockSupport.java:371)&#10;        at java.base@21.0.8/java.util.concurrent.locks.AbstractQueuedSynchronizer$ConditionNode.block(AbstractQueuedSynchronizer.java:519)&#10;        at java.base@21.0.8/java.util.concurrent.ForkJoinPool.unmanagedBlock(ForkJoinPool.java:3780)&#10;        at java.base@21.0.8/java.util.concurrent.ForkJoinPool.managedBlock(ForkJoinPool.java:3725)&#10;        at java.base@21.0.8/java.util.concurrent.locks.AbstractQueuedSynchronizer$ConditionObject.await(AbstractQueuedSynchronizer.java:1712)&#10;        at java.base@21.0.8/java.util.concurrent.LinkedBlockingQueue.take(LinkedBlockingQueue.java:435)&#10;        at java.base@21.0.8/java.util.concurrent.ThreadPoolExecutor.getTask(ThreadPoolExecutor.java:1070)&#10;        at java.base@21.0.8/java.util.concurrent.ThreadPoolExecutor.runWorker(ThreadPoolExecutor.java:1130)&#10;        at java.base@21.0.8/java.util.concurrent.ThreadPoolExecutor$Worker.run(ThreadPoolExecutor.java:642)&#10;        at java.base@21.0.8/java.lang.Thread.runWith(Thread.java:1596)&#10;        at java.base@21.0.8/java.lang.Thread.run(Thread.java:1583)&#10;&quot;pool-187-thread-1&quot; daemon prio=5 tid=986 timed_waiting&#10;java.lang.Thread.State: TIMED_WAITING&#10;        at java.base@21.0.8/jdk.internal.misc.Unsafe.park(Native Method)&#10;        at java.base@21.0.8/java.util.concurrent.locks.LockSupport.parkNanos(LockSupport.java:269)&#10;        at java.base@21.0.8/java.util.concurrent.locks.AbstractQueuedSynchronizer$ConditionObject.awaitNanos(AbstractQueuedSynchronizer.java:1763)&#10;        at java.base@21.0.8/java.util.concurrent.ScheduledThreadPoolExecutor$DelayedWorkQueue.take(ScheduledThreadPoolExecutor.java:1182)&#10;        at java.base@21.0.8/java.util.concurrent.ScheduledThreadPoolExecutor$DelayedWorkQueue.take(ScheduledThreadPoolExecutor.java:899)&#10;        at java.base@21.0.8/java.util.concurrent.ThreadPoolExecutor.getTask(ThreadPoolExecutor.java:1070)&#10;        at java.base@21.0.8/java.util.concurrent.ThreadPoolExecutor.runWorker(ThreadPoolExecutor.java:1130)&#10;        at java.base@21.0.8/java.util.concurrent.ThreadPoolExecutor$Worker.run(ThreadPoolExecutor.java:642)&#10;        at java.base@21.0.8/java.lang.Thread.runWith(Thread.java:1596)&#10;        at java.base@21.0.8/java.lang.Thread.run(Thread.java:1583)&#10;&quot;IPC Server handler 91 on default port 15001&quot; daemon prio=5 tid=649 timed_waiting&#10;java.lang.Thread.State: TIMED_WAITING&#10;        at java.base@21.0.8/jdk.internal.misc.Unsafe.park(Native Method)&#10;        at java.base@21.0.8/java.util.concurrent.locks.LockSupport.parkNanos(LockSupport.java:269)&#10;        at java.base@21.0.8/java.util.concurrent.locks.AbstractQueuedSynchronizer$ConditionObject.awaitNanos(AbstractQueuedSynchronizer.java:1763)&#10;        at java.base@21.0.8/java.util.concurrent.LinkedBlockingQueue.poll(LinkedBlockingQueue.java:460)&#10;        at app//org.apache.hadoop.ipc.CallQueueManager.take(CallQueueManager.java:370)&#10;        at app//org.apache.hadoop.ipc.Server$Handler.run(Server.java:3165)&#10;&quot;om1-DirectoryDeletingService#1&quot; daemon prio=5 tid=477 timed_waiting&#10;java.lang.Thread.State: TIMED_WAITING&#10;        at java.base@21.0.8/jdk.internal.misc.Unsafe.park(Native Method)&#10;        at java.base@21.0.8/java.util.concurrent.locks.LockSupport.parkNanos(LockSupport.java:269)&#10;        at java.base@21.0.8/java.util.concurrent.locks.AbstractQueuedSynchronizer$ConditionObject.awaitNanos(AbstractQueuedSynchronizer.java:1763)&#10;        at java.base@21.0.8/java.util.concurrent.ScheduledThreadPoolExecutor$DelayedWorkQueue.take(ScheduledThreadPoolExecutor.java:1182)&#10;        at java.base@21.0.8/java.util.concurrent.ScheduledThreadPoolExecutor$DelayedWorkQueue.take(ScheduledThreadPoolExecutor.java:899)&#10;        at java.base@21.0.8/java.util.concurrent.ThreadPoolExecutor.getTask(ThreadPoolExecutor.java:1070)&#10;        at java.base@21.0.8/java.util.concurrent.ThreadPoolExecutor.runWorker(ThreadPoolExecutor.java:1130)&#10;        at java.base@21.0.8/java.util.concurrent.ThreadPoolExecutor$Worker.run(ThreadPoolExecutor.java:642)&#10;        at java.base@21.0.8/java.lang.Thread.runWith(Thread.java:1596)&#10;        at java.base@21.0.8/java.lang.Thread.run(Thread.java:1583)&#10;&quot;deletedTable_PartialTableCache-Cleanup-0&quot; daemon prio=5 tid=1148 in Object.wait()&#10;java.lang.Thread.State: WAITING (on object monitor)&#10;        at java.base@21.0.8/jdk.internal.misc.Unsafe.park(Native Method)&#10;        at java.base@21.0.8/java.util.concurrent.locks.LockSupport.park(LockSupport.java:371)&#10;        at java.base@21.0.8/java.util.concurrent.locks.AbstractQueuedSynchronizer$ConditionNode.block(AbstractQueuedSynchronizer.java:519)&#10;        at java.base@21.0.8/java.util.concurrent.ForkJoinPool.unmanagedBlock(ForkJoinPool.java:3780)&#10;        at java.base@21.0.8/java.util.concurrent.ForkJoinPool.managedBlock(ForkJoinPool.java:3725)&#10;        at java.base@21.0.8/java.util.concurrent.locks.AbstractQueuedSynchronizer$ConditionObject.await(AbstractQueuedSynchronizer.java:1712)&#10;        at java.base@21.0.8/java.util.concurrent.LinkedBlockingQueue.take(LinkedBlockingQueue.java:435)&#10;        at java.base@21.0.8/java.util.concurrent.ThreadPoolExecutor.getTask(ThreadPoolExecutor.java:1070)&#10;        at java.base@21.0.8/java.util.concurrent.ThreadPoolExecutor.runWorker(ThreadPoolExecutor.java:1130)&#10;        at java.base@21.0.8/java.util.concurrent.ThreadPoolExecutor$Worker.run(ThreadPoolExecutor.java:642)&#10;        at java.base@21.0.8/java.lang.Thread.runWith(Thread.java:1596)&#10;        at java.base@21.0.8/java.lang.Thread.run(Thread.java:1583)&#10;&quot;SSL Certificates Store Monitor&quot; daemon prio=5 tid=1369 in Object.wait()&#10;java.lang.Thread.State: WAITING (on object monitor)&#10;        at java.base@21.0.8/java.lang.Object.wait0(Native Method)&#10;        at java.base@21.0.8/java.lang.Object.wait(Object.java:366)&#10;        at java.base@21.0.8/java.lang.Object.wait(Object.java:339)&#10;        at java.base@21.0.8/java.util.TimerThread.mainLoop(Timer.java:537)&#10;        at java.base@21.0.8/java.util.TimerThread.run(Timer.java:516)&#10;&quot;IPC Server handler 98 on default port 15003&quot; daemon prio=5 tid=318 timed_waiting&#10;java.lang.Thread.State: TIMED_WAITING&#10;        at java.base@21.0.8/jdk.internal.misc.Unsafe.park(Native Method)&#10;        at java.base@21.0.8/java.util.concurrent.locks.LockSupport.parkNanos(LockSupport.java:269)&#10;        at java.base@21.0.8/java.util.concurrent.locks.AbstractQueuedSynchronizer$ConditionObject.awaitNanos(AbstractQueuedSynchronizer.java:1763)&#10;        at java.base@21.0.8/java.util.concurrent.LinkedBlockingQueue.poll(LinkedBlockingQueue.java:460)&#10;        at app//org.apache.hadoop.ipc.CallQueueManager.take(CallQueueManager.java:370)&#10;        at app//org.apache.hadoop.ipc.Server$Handler.run(Server.java:3165)&#10;&quot;fc0351b7-0c71-4a2a-a0ca-337e5c0b1c14-CommandProcessorThread&quot; daemon prio=5 tid=879 timed_waiting&#10;java.lang.Thread.State: TIMED_WAITING&#10;        at java.base@21.0.8/java.lang.Thread.sleep0(Native Method)&#10;        at java.base@21.0.8/java.lang.Thread.sleep(Thread.java:509)&#10;        at app//org.apache.hadoop.ozone.container.common.statemachine.DatanodeStateMachine.lambda$initCommandHandlerThread$4(DatanodeStateMachine.java:698)&#10;        at app//org.apache.hadoop.ozone.container.common.statemachine.DatanodeStateMachine$$Lambda/0x00007f9d6ccbae88.run(Unknown Source)&#10;        at java.base@21.0.8/java.lang.Thread.runWith(Thread.java:1596)&#10;        at java.base@21.0.8/java.lang.Thread.run(Thread.java:1583)&#10;&quot;IPC Server handler 95 on default port 15003&quot; daemon prio=5 tid=315 timed_waiting&#10;java.lang.Thread.State: TIMED_WAITING&#10;        at java.base@21.0.8/jdk.internal.misc.Unsafe.park(Native Method)&#10;        at java.base@21.0.8/java.util.concurrent.locks.LockSupport.parkNanos(LockSupport.java:269)&#10;        at java.base@21.0.8/java.util.concurrent.locks.AbstractQueuedSynchronizer$ConditionObject.awaitNanos(AbstractQueuedSynchronizer.java:1763)&#10;        at java.base@21.0.8/java.util.concurrent.LinkedBlockingQueue.poll(LinkedBlockingQueue.java:460)&#10;        at app//org.apache.hadoop.ipc.CallQueueManager.take(CallQueueManager.java:370)&#10;        at app//org.apache.hadoop.ipc.Server$Handler.run(Server.java:3165)&#10;&quot;Recon-EventQueue-DeadNodeForReconDeadNodeHandler&quot; daemon prio=5 tid=1300 in Object.wait()&#10;java.lang.Thread.State: WAITING (on object monitor)&#10;        at java.base@21.0.8/jdk.internal.misc.Unsafe.park(Native Method)&#10;        at java.base@21.0.8/java.util.concurrent.locks.LockSupport.park(LockSupport.java:371)&#10;        at java.base@21.0.8/java.util.concurrent.locks.AbstractQueuedSynchronizer$ConditionNode.block(AbstractQueuedSynchronizer.java:519)&#10;        at java.base@21.0.8/java.util.concurrent.ForkJoinPool.unmanagedBlock(ForkJoinPool.java:3780)&#10;        at java.base@21.0.8/java.util.concurrent.ForkJoinPool.managedBlock(ForkJoinPool.java:3725)&#10;        at java.base@21.0.8/java.util.concurrent.locks.AbstractQueuedSynchronizer$ConditionObject.await(AbstractQueuedSynchronizer.java:1712)&#10;        at java.base@21.0.8/java.util.concurrent.LinkedBlockingQueue.take(LinkedBlockingQueue.java:435)&#10;        at java.base@21.0.8/java.util.concurrent.ThreadPoolExecutor.getTask(ThreadPoolExecutor.java:1070)&#10;        at java.base@21.0.8/java.util.concurrent.ThreadPoolExecutor.runWorker(ThreadPoolExecutor.java:1130)&#10;        at java.base@21.0.8/java.util.concurrent.ThreadPoolExecutor$Worker.run(ThreadPoolExecutor.java:642)&#10;        at java.base@21.0.8/java.lang.Thread.runWith(Thread.java:1596)&#10;        at java.base@21.0.8/java.lang.Thread.run(Thread.java:1583)&#10;&quot;IPC Server handler 11 on default port 15003&quot; daemon prio=5 tid=231 timed_waiting&#10;java.lang.Thread.State: TIMED_WAITING&#10;        at java.base@21.0.8/jdk.internal.misc.Unsafe.park(Native Method)&#10;        at java.base@21.0.8/java.util.concurrent.locks.LockSupport.parkNanos(LockSupport.java:269)&#10;        at java.base@21.0.8/java.util.concurrent.locks.AbstractQueuedSynchronizer$ConditionObject.awaitNanos(AbstractQueuedSynchronizer.java:1763)&#10;        at java.base@21.0.8/java.util.concurrent.LinkedBlockingQueue.poll(LinkedBlockingQueue.java:460)&#10;        at app//org.apache.hadoop.ipc.CallQueueManager.take(CallQueueManager.java:370)&#10;        at app//org.apache.hadoop.ipc.Server$Handler.run(Server.java:3165)&#10;&quot;IPC Server handler 92 on default port 15001&quot; daemon prio=5 tid=650 timed_waiting&#10;java.lang.Thread.State: TIMED_WAITING&#10;        at java.base@21.0.8/jdk.internal.misc.Unsafe.park(Native Method)&#10;        at java.base@21.0.8/java.util.concurrent.locks.LockSupport.parkNanos(LockSupport.java:269)&#10;        at java.base@21.0.8/java.util.concurrent.locks.AbstractQueuedSynchronizer$ConditionObject.awaitNanos(AbstractQueuedSynchronizer.java:1763)&#10;        at java.base@21.0.8/java.util.concurrent.LinkedBlockingQueue.poll(LinkedBlockingQueue.java:460)&#10;        at app//org.apache.hadoop.ipc.CallQueueManager.take(CallQueueManager.java:370)&#10;        at app//org.apache.hadoop.ipc.Server$Handler.run(Server.java:3165)&#10;&quot;om1@group-C5BA1605619E-SegmentedRaftLogWorker&quot; daemon prio=5 tid=464 timed_waiting&#10;java.lang.Thread.State: TIMED_WAITING&#10;        at java.base@21.0.8/jdk.internal.misc.Unsafe.park(Native Method)&#10;        at java.base@21.0.8/java.util.concurrent.locks.LockSupport.parkNanos(LockSupport.java:269)&#10;        at java.base@21.0.8/java.util.concurrent.locks.AbstractQueuedSynchronizer$ConditionObject.awaitNanos(AbstractQueuedSynchronizer.java:1763)&#10;        at app//org.apache.ratis.util.DataBlockingQueue.poll(DataBlockingQueue.java:148)&#10;        at app//org.apache.ratis.server.raftlog.segmented.SegmentedRaftLogWorker.run(SegmentedRaftLogWorker.java:309)&#10;        at app//org.apache.ratis.server.raftlog.segmented.SegmentedRaftLogWorker$$Lambda/0x00007f9d6c3946c0.run(Unknown Source)&#10;        at java.base@21.0.8/java.util.concurrent.Executors$RunnableAdapter.call(Executors.java:572)&#10;        at java.base@21.0.8/java.util.concurrent.FutureTask.run(FutureTask.java:317)&#10;        at java.base@21.0.8/java.util.concurrent.ThreadPoolExecutor.runWorker(ThreadPoolExecutor.java:1144)&#10;        at java.base@21.0.8/java.util.concurrent.ThreadPoolExecutor$Worker.run(ThreadPoolExecutor.java:642)&#10;        at java.base@21.0.8/java.lang.Thread.runWith(Thread.java:1596)&#10;        at java.base@21.0.8/java.lang.Thread.run(Thread.java:1583)&#10;&quot;IPC Server handler 26 on default port 15001&quot; daemon prio=5 tid=584 timed_waiting&#10;java.lang.Thread.State: TIMED_WAITING&#10;        at java.base@21.0.8/jdk.internal.misc.Unsafe.park(Native Method)&#10;        at java.base@21.0.8/java.util.concurrent.locks.LockSupport.parkNanos(LockSupport.java:269)&#10;        at java.base@21.0.8/java.util.concurrent.locks.AbstractQueuedSynchronizer$ConditionObject.awaitNanos(AbstractQueuedSynchronizer.java:1763)&#10;        at java.base@21.0.8/java.util.concurrent.LinkedBlockingQueue.poll(LinkedBlockingQueue.java:460)&#10;        at app//org.apache.hadoop.ipc.CallQueueManager.take(CallQueueManager.java:370)&#10;        at app//org.apache.hadoop.ipc.Server$Handler.run(Server.java:3165)&#10;&quot;IPC Server handler 94 on default port 15004&quot; daemon prio=5 tid=432 timed_waiting&#10;java.lang.Thread.State: TIMED_WAITING&#10;        at java.base@21.0.8/jdk.internal.misc.Unsafe.park(Native Method)&#10;        at java.base@21.0.8/java.util.concurrent.locks.LockSupport.parkNanos(LockSupport.java:269)&#10;        at java.base@21.0.8/java.util.concurrent.locks.AbstractQueuedSynchronizer$ConditionObject.awaitNanos(AbstractQueuedSynchronizer.java:1763)&#10;        at java.base@21.0.8/java.util.concurrent.LinkedBlockingQueue.poll(LinkedBlockingQueue.java:460)&#10;        at app//org.apache.hadoop.ipc.CallQueueManager.take(CallQueueManager.java:370)&#10;        at app//org.apache.hadoop.ipc.Server$Handler.run(Server.java:3165)&#10;&quot;IPC Server handler 7 on default port 15045&quot; daemon prio=5 tid=947 timed_waiting&#10;java.lang.Thread.State: TIMED_WAITING&#10;        at java.base@21.0.8/jdk.internal.misc.Unsafe.park(Native Method)&#10;        at java.base@21.0.8/java.util.concurrent.locks.LockSupport.parkNanos(LockSupport.java:269)&#10;        at java.base@21.0.8/java.util.concurrent.locks.AbstractQueuedSynchronizer$ConditionObject.awaitNanos(AbstractQueuedSynchronizer.java:1763)&#10;        at java.base@21.0.8/java.util.concurrent.LinkedBlockingQueue.poll(LinkedBlockingQueue.java:460)&#10;        at app//org.apache.hadoop.ipc.CallQueueManager.take(CallQueueManager.java:370)&#10;        at app//org.apache.hadoop.ipc.Server$Handler.run(Server.java:3165)&#10;&quot;IPC Server handler 83 on default port 15002&quot; daemon prio=5 tid=203 timed_waiting&#10;java.lang.Thread.State: TIMED_WAITING&#10;        at java.base@21.0.8/jdk.internal.misc.Unsafe.park(Native Method)&#10;        at java.base@21.0.8/java.util.concurrent.locks.LockSupport.parkNanos(LockSupport.java:269)&#10;        at java.base@21.0.8/java.util.concurrent.locks.AbstractQueuedSynchronizer$ConditionObject.awaitNanos(AbstractQueuedSynchronizer.java:1763)&#10;        at java.base@21.0.8/java.util.concurrent.LinkedBlockingQueue.poll(LinkedBlockingQueue.java:460)&#10;        at app//org.apache.hadoop.ipc.CallQueueManager.take(CallQueueManager.java:370)&#10;        at app//org.apache.hadoop.ipc.Server$Handler.run(Server.java:3165)&#10;&quot;IPC Server handler 80 on default port 15002&quot; daemon prio=5 tid=200 timed_waiting&#10;java.lang.Thread.State: TIMED_WAITING&#10;        at java.base@21.0.8/jdk.internal.misc.Unsafe.park(Native Method)&#10;        at java.base@21.0.8/java.util.concurrent.locks.LockSupport.parkNanos(LockSupport.java:269)&#10;        at java.base@21.0.8/java.util.concurrent.locks.AbstractQueuedSynchronizer$ConditionObject.awaitNanos(AbstractQueuedSynchronizer.java:1763)&#10;        at java.base@21.0.8/java.util.concurrent.LinkedBlockingQueue.poll(LinkedBlockingQueue.java:460)&#10;        at app//org.apache.hadoop.ipc.CallQueueManager.take(CallQueueManager.java:370)&#10;        at app//org.apache.hadoop.ipc.Server$Handler.run(Server.java:3165)&#10;&quot;IPC Server handler 9 on default port 15004&quot; daemon prio=5 tid=347 timed_waiting&#10;java.lang.Thread.State: TIMED_WAITING&#10;        at java.base@21.0.8/jdk.internal.misc.Unsafe.park(Native Method)&#10;        at java.base@21.0.8/java.util.concurrent.locks.LockSupport.parkNanos(LockSupport.java:269)&#10;        at java.base@21.0.8/java.util.concurrent.locks.AbstractQueuedSynchronizer$ConditionObject.awaitNanos(AbstractQueuedSynchronizer.java:1763)&#10;        at java.base@21.0.8/java.util.concurrent.LinkedBlockingQueue.poll(LinkedBlockingQueue.java:460)&#10;        at app//org.apache.hadoop.ipc.CallQueueManager.take(CallQueueManager.java:370)&#10;        at app//org.apache.hadoop.ipc.Server$Handler.run(Server.java:3165)&#10;&quot;ReconTaskThread-0&quot;  prio=5 tid=1233 in Object.wait()&#10;java.lang.Thread.State: WAITING (on object monitor)&#10;        at java.base@21.0.8/jdk.internal.misc.Unsafe.park(Native Method)&#10;        at java.base@21.0.8/java.util.concurrent.locks.LockSupport.park(LockSupport.java:371)&#10;        at java.base@21.0.8/java.util.concurrent.locks.AbstractQueuedSynchronizer$ConditionNode.block(AbstractQueuedSynchronizer.java:519)&#10;        at java.base@21.0.8/java.util.concurrent.ForkJoinPool.unmanagedBlock(ForkJoinPool.java:3780)&#10;        at java.base@21.0.8/java.util.concurrent.ForkJoinPool.managedBlock(ForkJoinPool.java:3725)&#10;        at java.base@21.0.8/java.util.concurrent.locks.AbstractQueuedSynchronizer$ConditionObject.await(AbstractQueuedSynchronizer.java:1712)&#10;        at java.base@21.0.8/java.util.concurrent.LinkedBlockingQueue.take(LinkedBlockingQueue.java:435)&#10;        at java.base@21.0.8/java.util.concurrent.ThreadPoolExecutor.getTask(ThreadPoolExecutor.java:1070)&#10;        at java.base@21.0.8/java.util.concurrent.ThreadPoolExecutor.runWorker(ThreadPoolExecutor.java:1130)&#10;        at java.base@21.0.8/java.util.concurrent.ThreadPoolExecutor$Worker.run(ThreadPoolExecutor.java:642)&#10;        at java.base@21.0.8/java.lang.Thread.runWith(Thread.java:1596)&#10;        at java.base@21.0.8/java.lang.Thread.run(Thread.java:1583)&#10;&quot;IPC Server handler 71 on default port 15001&quot; daemon prio=5 tid=629 timed_waiting&#10;java.lang.Thread.State: TIMED_WAITING&#10;        at java.base@21.0.8/jdk.internal.misc.Unsafe.park(Native Method)&#10;        at java.base@21.0.8/java.util.concurrent.locks.LockSupport.parkNanos(LockSupport.java:269)&#10;        at java.base@21.0.8/java.util.concurrent.locks.AbstractQueuedSynchronizer$ConditionObject.awaitNanos(AbstractQueuedSynchronizer.java:1763)&#10;        at java.base@21.0.8/java.util.concurrent.LinkedBlockingQueue.poll(LinkedBlockingQueue.java:460)&#10;        at app//org.apache.hadoop.ipc.CallQueueManager.take(CallQueueManager.java:370)&#10;        at app//org.apache.hadoop.ipc.Server$Handler.run(Server.java:3165)&#10;&quot;c11f8a16-55ee-4f22-a5a5-7daf2dffa753-EndpointStateMachineTaskThread-/127.0.0.1:15001-0 &quot;  prio=5 tid=849 in Object.wait()&#10;java.lang.Thread.State: WAITING (on object monitor)&#10;        at java.base@21.0.8/jdk.internal.misc.Unsafe.park(Native Method)&#10;        at java.base@21.0.8/java.util.concurrent.locks.LockSupport.park(LockSupport.java:371)&#10;        at java.base@21.0.8/java.util.concurrent.locks.AbstractQueuedSynchronizer$ConditionNode.block(AbstractQueuedSynchronizer.java:519)&#10;        at java.base@21.0.8/java.util.concurrent.ForkJoinPool.unmanagedBlock(ForkJoinPool.java:3780)&#10;        at java.base@21.0.8/java.util.concurrent.ForkJoinPool.managedBlock(ForkJoinPool.java:3725)&#10;        at java.base@21.0.8/java.util.concurrent.locks.AbstractQueuedSynchronizer$ConditionObject.await(AbstractQueuedSynchronizer.java:1712)&#10;        at java.base@21.0.8/java.util.concurrent.LinkedBlockingQueue.take(LinkedBlockingQueue.java:435)&#10;        at java.base@21.0.8/java.util.concurrent.ThreadPoolExecutor.getTask(ThreadPoolExecutor.java:1070)&#10;        at java.base@21.0.8/java.util.concurrent.ThreadPoolExecutor.runWorker(ThreadPoolExecutor.java:1130)&#10;        at java.base@21.0.8/java.util.concurrent.ThreadPoolExecutor$Worker.run(ThreadPoolExecutor.java:642)&#10;        at java.base@21.0.8/java.lang.Thread.runWith(Thread.java:1596)&#10;        at java.base@21.0.8/java.lang.Thread.run(Thread.java:1583)&#10;&quot;c11f8a16-55ee-4f22-a5a5-7daf2dffa753-ClosePipelineCommandHandlerThread-0&quot;  prio=5 tid=1318 in Object.wait()&#10;java.lang.Thread.State: WAITING (on object monitor)&#10;        at java.base@21.0.8/jdk.internal.misc.Unsafe.park(Native Method)&#10;        at java.base@21.0.8/java.util.concurrent.locks.LockSupport.park(LockSupport.java:371)&#10;        at java.base@21.0.8/java.util.concurrent.locks.AbstractQueuedSynchronizer$ConditionNode.block(AbstractQueuedSynchronizer.java:519)&#10;        at java.base@21.0.8/java.util.concurrent.ForkJoinPool.unmanagedBlock(ForkJoinPool.java:3780)&#10;        at java.base@21.0.8/java.util.concurrent.ForkJoinPool.managedBlock(ForkJoinPool.java:3725)&#10;        at java.base@21.0.8/java.util.concurrent.locks.AbstractQueuedSynchronizer$ConditionObject.await(AbstractQueuedSynchronizer.java:1712)&#10;        at java.base@21.0.8/java.util.concurrent.LinkedBlockingQueue.take(LinkedBlockingQueue.java:435)&#10;        at java.base@21.0.8/java.util.concurrent.ThreadPoolExecutor.getTask(ThreadPoolExecutor.java:1070)&#10;        at java.base@21.0.8/java.util.concurrent.ThreadPoolExecutor.runWorker(ThreadPoolExecutor.java:1130)&#10;        at java.base@21.0.8/java.util.concurrent.ThreadPoolExecutor$Worker.run(ThreadPoolExecutor.java:642)&#10;        at java.base@21.0.8/java.lang.Thread.runWith(Thread.java:1596)&#10;        at java.base@21.0.8/java.lang.Thread.run(Thread.java:1583)&#10;&quot;om1-MultipartUploadCleanupService#0&quot; daemon prio=5 tid=481 timed_waiting&#10;java.lang.Thread.State: TIMED_WAITING&#10;        at java.base@21.0.8/jdk.internal.misc.Unsafe.park(Native Method)&#10;        at java.base@21.0.8/java.util.concurrent.locks.LockSupport.parkNanos(LockSupport.java:269)&#10;        at java.base@21.0.8/java.util.concurrent.locks.AbstractQueuedSynchronizer$ConditionObject.awaitNanos(AbstractQueuedSynchronizer.java:1763)&#10;        at java.base@21.0.8/java.util.concurrent.ScheduledThreadPoolExecutor$DelayedWorkQueue.take(ScheduledThreadPoolExecutor.java:1182)&#10;        at java.base@21.0.8/java.util.concurrent.ScheduledThreadPoolExecutor$DelayedWorkQueue.take(ScheduledThreadPoolExecutor.java:899)&#10;        at java.base@21.0.8/java.util.concurrent.ThreadPoolExecutor.getTask(ThreadPoolExecutor.java:1070)&#10;        at java.base@21.0.8/java.util.concurrent.ThreadPoolExecutor.runWorker(ThreadPoolExecutor.java:1130)&#10;        at java.base@21.0.8/java.util.concurrent.ThreadPoolExecutor$Worker.run(ThreadPoolExecutor.java:642)&#10;        at java.base@21.0.8/java.lang.Thread.runWith(Thread.java:1596)&#10;        at java.base@21.0.8/java.lang.Thread.run(Thread.java:1583)&#10;&quot;IPC Server handler 20 on default port 15004&quot; daemon prio=5 tid=358 timed_waiting&#10;java.lang.Thread.State: TIMED_WAITING&#10;        at java.base@21.0.8/jdk.internal.misc.Unsafe.park(Native Method)&#10;        at java.base@21.0.8/java.util.concurrent.locks.LockSupport.parkNanos(LockSupport.java:269)&#10;        at java.base@21.0.8/java.util.concurrent.locks.AbstractQueuedSynchronizer$ConditionObject.awaitNanos(AbstractQueuedSynchronizer.java:1763)&#10;        at java.base@21.0.8/java.util.concurrent.LinkedBlockingQueue.poll(LinkedBlockingQueue.java:460)&#10;        at app//org.apache.hadoop.ipc.CallQueueManager.take(CallQueueManager.java:370)&#10;        at app//org.apache.hadoop.ipc.Server$Handler.run(Server.java:3165)&#10;&quot;74afb32b-8e70-4799-b16c-dc9602d9dbb6-impl-thread1&quot; daemon prio=5 tid=904 timed_waiting&#10;java.lang.Thread.State: TIMED_WAITING&#10;        at java.base@21.0.8/jdk.internal.misc.Unsafe.park(Native Method)&#10;        at java.base@21.0.8/java.util.concurrent.locks.LockSupport.parkNanos(LockSupport.java:410)&#10;        at java.base@21.0.8/java.util.concurrent.LinkedTransferQueue$DualNode.await(LinkedTransferQueue.java:452)&#10;        at java.base@21.0.8/java.util.concurrent.SynchronousQueue$Transferer.xferLifo(SynchronousQueue.java:194)&#10;        at java.base@21.0.8/java.util.concurrent.SynchronousQueue.xfer(SynchronousQueue.java:235)&#10;        at java.base@21.0.8/java.util.concurrent.SynchronousQueue.poll(SynchronousQueue.java:338)&#10;        at java.base@21.0.8/java.util.concurrent.ThreadPoolExecutor.getTask(ThreadPoolExecutor.java:1069)&#10;        at java.base@21.0.8/java.util.concurrent.ThreadPoolExecutor.runWorker(ThreadPoolExecutor.java:1130)&#10;        at java.base@21.0.8/java.util.concurrent.ThreadPoolExecutor$Worker.run(ThreadPoolExecutor.java:642)&#10;        at java.base@21.0.8/java.lang.Thread.runWith(Thread.java:1596)&#10;        at java.base@21.0.8/java.lang.Thread.run(Thread.java:1583)&#10;&quot;IPC Parameter Sending Thread for 0.0.0.0/0.0.0.0:15004&quot; daemon prio=5 tid=813 timed_waiting&#10;java.lang.Thread.State: TIMED_WAITING&#10;        at java.base@21.0.8/jdk.internal.misc.Unsafe.park(Native Method)&#10;        at java.base@21.0.8/java.util.concurrent.locks.LockSupport.parkNanos(LockSupport.java:410)&#10;        at java.base@21.0.8/java.util.concurrent.LinkedTransferQueue$DualNode.await(LinkedTransferQueue.java:452)&#10;        at java.base@21.0.8/java.util.concurrent.LinkedTransferQueue.xfer(LinkedTransferQueue.java:613)&#10;        at java.base@21.0.8/java.util.concurrent.SynchronousQueue.xfer(SynchronousQueue.java:235)&#10;        at java.base@21.0.8/java.util.concurrent.SynchronousQueue.poll(SynchronousQueue.java:338)&#10;        at app//org.apache.hadoop.ipc.Client$Connection$RpcRequestSender.run(Client.java:1121)&#10;        at java.base@21.0.8/java.lang.Thread.runWith(Thread.java:1596)&#10;        at java.base@21.0.8/java.lang.Thread.run(Thread.java:1583)&#10;&quot;IPC Server handler 10 on default port 15001&quot; daemon prio=5 tid=568 timed_waiting&#10;java.lang.Thread.State: TIMED_WAITING&#10;        at java.base@21.0.8/jdk.internal.misc.Unsafe.park(Native Method)&#10;        at java.base@21.0.8/java.util.concurrent.locks.LockSupport.parkNanos(LockSupport.java:269)&#10;        at java.base@21.0.8/java.util.concurrent.locks.AbstractQueuedSynchronizer$ConditionObject.awaitNanos(AbstractQueuedSynchronizer.java:1763)&#10;        at java.base@21.0.8/java.util.concurrent.LinkedBlockingQueue.poll(LinkedBlockingQueue.java:460)&#10;        at app//org.apache.hadoop.ipc.CallQueueManager.take(CallQueueManager.java:370)&#10;        at app//org.apache.hadoop.ipc.Server$Handler.run(Server.java:3165)&#10;&quot;IPC Server handler 7 on default port 15001&quot; daemon prio=5 tid=565 timed_waiting&#10;java.lang.Thread.State: TIMED_WAITING&#10;        at java.base@21.0.8/jdk.internal.misc.Unsafe.park(Native Method)&#10;        at java.base@21.0.8/java.util.concurrent.locks.LockSupport.parkNanos(LockSupport.java:269)&#10;        at java.base@21.0.8/java.util.concurrent.locks.AbstractQueuedSynchronizer$ConditionObject.awaitNanos(AbstractQueuedSynchronizer.java:1763)&#10;        at java.base@21.0.8/java.util.concurrent.LinkedBlockingQueue.poll(LinkedBlockingQueue.java:460)&#10;        at app//org.apache.hadoop.ipc.CallQueueManager.take(CallQueueManager.java:370)&#10;        at app//org.apache.hadoop.ipc.Server$Handler.run(Server.java:3165)&#10;&quot;7d2db622-5327-4122-ba03-be97b5575303-ChunkReader-ELG-0&quot; daemon prio=5 tid=974 runnable&#10;java.lang.Thread.State: RUNNABLE&#10;        at app//org.apache.ratis.thirdparty.io.netty.channel.epoll.Native.epollWait(Native Method)&#10;        at app//org.apache.ratis.thirdparty.io.netty.channel.epoll.Native.epollWait(Native.java:220)&#10;        at app//org.apache.ratis.thirdparty.io.netty.channel.epoll.Native.epollWait(Native.java:213)&#10;        at app//org.apache.ratis.thirdparty.io.netty.channel.epoll.EpollEventLoop.epollWaitNoTimerChange(EpollEventLoop.java:308)&#10;        at app//org.apache.ratis.thirdparty.io.netty.channel.epoll.EpollEventLoop.run(EpollEventLoop.java:365)&#10;        at app//org.apache.ratis.thirdparty.io.netty.util.concurrent.SingleThreadEventExecutor$4.run(SingleThreadEventExecutor.java:998)&#10;        at app//org.apache.ratis.thirdparty.io.netty.util.internal.ThreadExecutorMap$2.run(ThreadExecutorMap.java:74)&#10;        at java.base@21.0.8/java.lang.Thread.runWith(Thread.java:1596)&#10;        at java.base@21.0.8/java.lang.Thread.run(Thread.java:1583)&#10;&quot;ContainerDataScanner(/home/runner/work/ozone/ozone/hadoop-ozone/integration-test-recon/target/test-dir/MiniOzoneClusterImpl-b15909b8-03a8-4b15-aaa3-a668c086c089/ozone-metadata/datanode-3/data-0/hdds)&quot; daemon prio=5 tid=961 timed_waiting&#10;java.lang.Thread.State: TIMED_WAITING&#10;        at java.base@21.0.8/java.lang.Thread.sleep0(Native Method)&#10;        at java.base@21.0.8/java.lang.Thread.sleep(Thread.java:509)&#10;        at app//org.apache.hadoop.ozone.container.ozoneimpl.AbstractBackgroundContainerScanner.handleRemainingSleep(AbstractBackgroundContainerScanner.java:133)&#10;        at app//org.apache.hadoop.ozone.container.ozoneimpl.AbstractBackgroundContainerScanner.runIteration(AbstractBackgroundContainerScanner.java:100)&#10;        at app//org.apache.hadoop.ozone.container.ozoneimpl.AbstractBackgroundContainerScanner.run(AbstractBackgroundContainerScanner.java:59)&#10;        at java.base@21.0.8/java.lang.Thread.runWith(Thread.java:1596)&#10;        at java.base@21.0.8/java.lang.Thread.run(Thread.java:1583)&#10;&quot;Recon-FixedThreadPoolWithAffinityExecutor-0-0&quot; daemon prio=5 tid=534 timed_waiting&#10;java.lang.Thread.State: TIMED_WAITING&#10;        at java.base@21.0.8/jdk.internal.misc.Unsafe.park(Native Method)&#10;        at java.base@21.0.8/java.util.concurrent.locks.LockSupport.parkNanos(LockSupport.java:269)&#10;        at java.base@21.0.8/java.util.concurrent.locks.AbstractQueuedSynchronizer$ConditionObject.awaitNanos(AbstractQueuedSynchronizer.java:1763)&#10;        at java.base@21.0.8/java.util.concurrent.LinkedBlockingQueue.poll(LinkedBlockingQueue.java:460)&#10;        at app//org.apache.hadoop.hdds.scm.server.ContainerReportQueue.poll(ContainerReportQueue.java:269)&#10;        at app//org.apache.hadoop.hdds.scm.server.ContainerReportQueue.poll(ContainerReportQueue.java:42)&#10;        at app//org.apache.hadoop.hdds.server.events.FixedThreadPoolWithAffinityExecutor$ContainerReportProcessTask.run(FixedThreadPoolWithAffinityExecutor.java:228)&#10;        at java.base@21.0.8/java.util.concurrent.Executors$RunnableAdapter.call(Executors.java:572)&#10;        at java.base@21.0.8/java.util.concurrent.FutureTask.run(FutureTask.java:317)&#10;        at java.base@21.0.8/java.util.concurrent.ThreadPoolExecutor.runWorker(ThreadPoolExecutor.java:1144)&#10;        at java.base@21.0.8/java.util.concurrent.ThreadPoolExecutor$Worker.run(ThreadPoolExecutor.java:642)&#10;        at java.base@21.0.8/java.lang.Thread.runWith(Thread.java:1596)&#10;        at java.base@21.0.8/java.lang.Thread.run(Thread.java:1583)&#10;&quot;SSL Certificates Store Monitor&quot; daemon prio=5 tid=1375 in Object.wait()&#10;java.lang.Thread.State: WAITING (on object monitor)&#10;        at java.base@21.0.8/java.lang.Object.wait0(Native Method)&#10;        at java.base@21.0.8/java.lang.Object.wait(Object.java:366)&#10;        at java.base@21.0.8/java.lang.Object.wait(Object.java:339)&#10;        at java.base@21.0.8/java.util.TimerThread.mainLoop(Timer.java:537)&#10;        at java.base@21.0.8/java.util.TimerThread.run(Timer.java:516)&#10;&quot;IPC Server handler 11 on default port 15008&quot; daemon prio=5 tid=503 timed_waiting&#10;java.lang.Thread.State: TIMED_WAITING&#10;        at java.base@21.0.8/jdk.internal.misc.Unsafe.park(Native Method)&#10;        at java.base@21.0.8/java.util.concurrent.locks.LockSupport.parkNanos(LockSupport.java:269)&#10;        at java.base@21.0.8/java.util.concurrent.locks.AbstractQueuedSynchronizer$ConditionObject.awaitNanos(AbstractQueuedSynchronizer.java:1763)&#10;        at java.base@21.0.8/java.util.concurrent.LinkedBlockingQueue.poll(LinkedBlockingQueue.java:460)&#10;        at app//org.apache.hadoop.ipc.CallQueueManager.take(CallQueueManager.java:370)&#10;        at app//org.apache.hadoop.ipc.Server$Handler.run(Server.java:3165)&#10;&quot;IPC Server handler 34 on default port 15002&quot; daemon prio=5 tid=154 timed_waiting&#10;java.lang.Thread.State: TIMED_WAITING&#10;        at java.base@21.0.8/jdk.internal.misc.Unsafe.park(Native Method)&#10;        at java.base@21.0.8/java.util.concurrent.locks.LockSupport.parkNanos(LockSupport.java:269)&#10;        at java.base@21.0.8/java.util.concurrent.locks.AbstractQueuedSynchronizer$ConditionObject.awaitNanos(AbstractQueuedSynchronizer.java:1763)&#10;        at java.base@21.0.8/java.util.concurrent.LinkedBlockingQueue.poll(LinkedBlockingQueue.java:460)&#10;        at app//org.apache.hadoop.ipc.CallQueueManager.take(CallQueueManager.java:370)&#10;        at app//org.apache.hadoop.ipc.Server$Handler.run(Server.java:3165)&#10;&quot;IPC Server handler 96 on default port 15004&quot; daemon prio=5 tid=434 timed_waiting&#10;java.lang.Thread.State: TIMED_WAITING&#10;        at java.base@21.0.8/jdk.internal.misc.Unsafe.park(Native Method)&#10;        at java.base@21.0.8/java.util.concurrent.locks.LockSupport.parkNanos(LockSupport.java:269)&#10;        at java.base@21.0.8/java.util.concurrent.locks.AbstractQueuedSynchronizer$ConditionObject.awaitNanos(AbstractQueuedSynchronizer.java:1763)&#10;        at java.base@21.0.8/java.util.concurrent.LinkedBlockingQueue.poll(LinkedBlockingQueue.java:460)&#10;        at app//org.apache.hadoop.ipc.CallQueueManager.take(CallQueueManager.java:370)&#10;        at app//org.apache.hadoop.ipc.Server$Handler.run(Server.java:3165)&#10;&quot;Session-HouseKeeper-53e06656-1&quot;  prio=5 tid=825 timed_waiting&#10;java.lang.Thread.State: TIMED_WAITING&#10;        at java.base@21.0.8/jdk.internal.misc.Unsafe.park(Native Method)&#10;        at java.base@21.0.8/java.util.concurrent.locks.LockSupport.parkNanos(LockSupport.java:269)&#10;        at java.base@21.0.8/java.util.concurrent.locks.AbstractQueuedSynchronizer$ConditionObject.awaitNanos(AbstractQueuedSynchronizer.java:1763)&#10;        at java.base@21.0.8/java.util.concurrent.ScheduledThreadPoolExecutor$DelayedWorkQueue.take(ScheduledThreadPoolExecutor.java:1182)&#10;        at java.base@21.0.8/java.util.concurrent.ScheduledThreadPoolExecutor$DelayedWorkQueue.take(ScheduledThreadPoolExecutor.java:899)&#10;        at java.base@21.0.8/java.util.concurrent.ThreadPoolExecutor.getTask(ThreadPoolExecutor.java:1070)&#10;        at java.base@21.0.8/java.util.concurrent.ThreadPoolExecutor.runWorker(ThreadPoolExecutor.java:1130)&#10;        at java.base@21.0.8/java.util.concurrent.ThreadPoolExecutor$Worker.run(ThreadPoolExecutor.java:642)&#10;        at java.base@21.0.8/java.lang.Thread.runWith(Thread.java:1596)&#10;        at java.base@21.0.8/java.lang.Thread.run(Thread.java:1583)&#10;&quot;Socket Reader #5 for port 15002&quot; daemon prio=5 tid=94 runnable&#10;java.lang.Thread.State: RUNNABLE&#10;        at java.base@21.0.8/sun.nio.ch.EPoll.wait(Native Method)&#10;        at java.base@21.0.8/sun.nio.ch.EPollSelectorImpl.doSelect(EPollSelectorImpl.java:121)&#10;        at java.base@21.0.8/sun.nio.ch.SelectorImpl.lockAndDoSelect(SelectorImpl.java:130)&#10;        at java.base@21.0.8/sun.nio.ch.SelectorImpl.select(SelectorImpl.java:147)&#10;        at app//org.apache.hadoop.ipc.Server$Listener$Reader.doRunLoop(Server.java:1497)&#10;        at app//org.apache.hadoop.ipc.Server$Listener$Reader.run(Server.java:1476)&#10;&quot;SSL Certificates Store Monitor&quot; daemon prio=5 tid=518 in Object.wait()&#10;java.lang.Thread.State: WAITING (on object monitor)&#10;        at java.base@21.0.8/java.lang.Object.wait0(Native Method)&#10;        at java.base@21.0.8/java.lang.Object.wait(Object.java:366)&#10;        at java.base@21.0.8/java.lang.Object.wait(Object.java:339)&#10;        at java.base@21.0.8/java.util.TimerThread.mainLoop(Timer.java:537)&#10;        at java.base@21.0.8/java.util.TimerThread.run(Timer.java:516)&#10;&quot;IPC Server listener on 15029&quot; daemon prio=5 tid=773 runnable&#10;java.lang.Thread.State: RUNNABLE&#10;        at java.base@21.0.8/sun.nio.ch.EPoll.wait(Native Method)&#10;        at java.base@21.0.8/sun.nio.ch.EPollSelectorImpl.doSelect(EPollSelectorImpl.java:121)&#10;        at java.base@21.0.8/sun.nio.ch.SelectorImpl.lockAndDoSelect(SelectorImpl.java:130)&#10;        at java.base@21.0.8/sun.nio.ch.SelectorImpl.select(SelectorImpl.java:147)&#10;        at app//org.apache.hadoop.ipc.Server$Listener.run(Server.java:1559)&#10;&quot;IPC Server handler 5 on default port 15029&quot; daemon prio=5 tid=792 timed_waiting&#10;java.lang.Thread.State: TIMED_WAITING&#10;        at java.base@21.0.8/jdk.internal.misc.Unsafe.park(Native Method)&#10;        at java.base@21.0.8/java.util.concurrent.locks.LockSupport.parkNanos(LockSupport.java:269)&#10;        at java.base@21.0.8/java.util.concurrent.locks.AbstractQueuedSynchronizer$ConditionObject.awaitNanos(AbstractQueuedSynchronizer.java:1763)&#10;        at java.base@21.0.8/java.util.concurrent.LinkedBlockingQueue.poll(LinkedBlockingQueue.java:460)&#10;        at app//org.apache.hadoop.ipc.CallQueueManager.take(CallQueueManager.java:370)&#10;        at app//org.apache.hadoop.ipc.Server$Handler.run(Server.java:3165)&#10;&quot;74afb32b-8e70-4799-b16c-dc9602d9dbb6-PeriodicHDDSVolumeChecker&quot; daemon prio=5 tid=1010 timed_waiting&#10;java.lang.Thread.State: TIMED_WAITING&#10;        at java.base@21.0.8/jdk.internal.misc.Unsafe.park(Native Method)&#10;        at java.base@21.0.8/java.util.concurrent.locks.LockSupport.parkNanos(LockSupport.java:269)&#10;        at java.base@21.0.8/java.util.concurrent.locks.AbstractQueuedSynchronizer$ConditionObject.awaitNanos(AbstractQueuedSynchronizer.java:1763)&#10;        at java.base@21.0.8/java.util.concurrent.ScheduledThreadPoolExecutor$DelayedWorkQueue.take(ScheduledThreadPoolExecutor.java:1182)&#10;        at java.base@21.0.8/java.util.concurrent.ScheduledThreadPoolExecutor$DelayedWorkQueue.take(ScheduledThreadPoolExecutor.java:899)&#10;        at java.base@21.0.8/java.util.concurrent.ThreadPoolExecutor.getTask(ThreadPoolExecutor.java:1070)&#10;        at java.base@21.0.8/java.util.concurrent.ThreadPoolExecutor.runWorker(ThreadPoolExecutor.java:1130)&#10;        at java.base@21.0.8/java.util.concurrent.ThreadPoolExecutor$Worker.run(ThreadPoolExecutor.java:642)&#10;        at java.base@21.0.8/java.lang.Thread.runWith(Thread.java:1596)&#10;        at java.base@21.0.8/java.lang.Thread.run(Thread.java:1583)&#10;&quot;IPC Server handler 49 on default port 15001&quot; daemon prio=5 tid=607 timed_waiting&#10;java.lang.Thread.State: TIMED_WAITING&#10;        at java.base@21.0.8/jdk.internal.misc.Unsafe.park(Native Method)&#10;        at java.base@21.0.8/java.util.concurrent.locks.LockSupport.parkNanos(LockSupport.java:269)&#10;        at java.base@21.0.8/java.util.concurrent.locks.AbstractQueuedSynchronizer$ConditionObject.awaitNanos(AbstractQueuedSynchronizer.java:1763)&#10;        at java.base@21.0.8/java.util.concurrent.LinkedBlockingQueue.poll(LinkedBlockingQueue.java:460)&#10;        at app//org.apache.hadoop.ipc.CallQueueManager.take(CallQueueManager.java:370)&#10;        at app//org.apache.hadoop.ipc.Server$Handler.run(Server.java:3165)&#10;&quot;7d2db622-5327-4122-ba03-be97b5575303-CloseContainerThread-1&quot;  prio=5 tid=1295 in Object.wait()&#10;java.lang.Thread.State: WAITING (on object monitor)&#10;        at java.base@21.0.8/jdk.internal.misc.Unsafe.park(Native Method)&#10;        at java.base@21.0.8/java.util.concurrent.locks.LockSupport.park(LockSupport.java:371)&#10;        at java.base@21.0.8/java.util.concurrent.locks.AbstractQueuedSynchronizer$ConditionNode.block(AbstractQueuedSynchronizer.java:519)&#10;        at java.base@21.0.8/java.util.concurrent.ForkJoinPool.unmanagedBlock(ForkJoinPool.java:3780)&#10;        at java.base@21.0.8/java.util.concurrent.ForkJoinPool.managedBlock(ForkJoinPool.java:3725)&#10;        at java.base@21.0.8/java.util.concurrent.locks.AbstractQueuedSynchronizer$ConditionObject.await(AbstractQueuedSynchronizer.java:1712)&#10;        at java.base@21.0.8/java.util.concurrent.LinkedBlockingQueue.take(LinkedBlockingQueue.java:435)&#10;        at java.base@21.0.8/java.util.concurrent.ThreadPoolExecutor.getTask(ThreadPoolExecutor.java:1070)&#10;        at java.base@21.0.8/java.util.concurrent.ThreadPoolExecutor.runWorker(ThreadPoolExecutor.java:1130)&#10;        at java.base@21.0.8/java.util.concurrent.ThreadPoolExecutor$Worker.run(ThreadPoolExecutor.java:642)&#10;        at java.base@21.0.8/java.lang.Thread.runWith(Thread.java:1596)&#10;        at java.base@21.0.8/java.lang.Thread.run(Thread.java:1583)&#10;&quot;IPC Server handler 24 on default port 15004&quot; daemon prio=5 tid=362 timed_waiting&#10;java.lang.Thread.State: TIMED_WAITING&#10;        at java.base@21.0.8/jdk.internal.misc.Unsafe.park(Native Method)&#10;        at java.base@21.0.8/java.util.concurrent.locks.LockSupport.parkNanos(LockSupport.java:269)&#10;        at java.base@21.0.8/java.util.concurrent.locks.AbstractQueuedSynchronizer$ConditionObject.awaitNanos(AbstractQueuedSynchronizer.java:1763)&#10;        at java.base@21.0.8/java.util.concurrent.LinkedBlockingQueue.poll(LinkedBlockingQueue.java:460)&#10;        at app//org.apache.hadoop.ipc.CallQueueManager.take(CallQueueManager.java:370)&#10;        at app//org.apache.hadoop.ipc.Server$Handler.run(Server.java:3165)&#10;&quot;IPC Server handler 44 on default port 15001&quot; daemon prio=5 tid=602 timed_waiting&#10;java.lang.Thread.State: TIMED_WAITING&#10;        at java.base@21.0.8/jdk.internal.misc.Unsafe.park(Native Method)&#10;        at java.base@21.0.8/java.util.concurrent.locks.LockSupport.parkNanos(LockSupport.java:269)&#10;        at java.base@21.0.8/java.util.concurrent.locks.AbstractQueuedSynchronizer$ConditionObject.awaitNanos(AbstractQueuedSynchronizer.java:1763)&#10;        at java.base@21.0.8/java.util.concurrent.LinkedBlockingQueue.poll(LinkedBlockingQueue.java:460)&#10;        at app//org.apache.hadoop.ipc.CallQueueManager.take(CallQueueManager.java:370)&#10;        at app//org.apache.hadoop.ipc.Server$Handler.run(Server.java:3165)&#10;&quot;IPC Server handler 34 on default port 15003&quot; daemon prio=5 tid=254 timed_waiting&#10;java.lang.Thread.State: TIMED_WAITING&#10;        at java.base@21.0.8/jdk.internal.misc.Unsafe.park(Native Method)&#10;        at java.base@21.0.8/java.util.concurrent.locks.LockSupport.parkNanos(LockSupport.java:269)&#10;        at java.base@21.0.8/java.util.concurrent.locks.AbstractQueuedSynchronizer$ConditionObject.awaitNanos(AbstractQueuedSynchronizer.java:1763)&#10;        at java.base@21.0.8/java.util.concurrent.LinkedBlockingQueue.poll(LinkedBlockingQueue.java:460)&#10;        at app//org.apache.hadoop.ipc.CallQueueManager.take(CallQueueManager.java:370)&#10;        at app//org.apache.hadoop.ipc.Server$Handler.run(Server.java:3165)&#10;&quot;EventQueue-DatanodeCommandQueueUpdatedForDatanodeCommandCountUpdatedHandler&quot; daemon prio=5 tid=1003 in Object.wait()&#10;java.lang.Thread.State: WAITING (on object monitor)&#10;        at java.base@21.0.8/jdk.internal.misc.Unsafe.park(Native Method)&#10;        at java.base@21.0.8/java.util.concurrent.locks.LockSupport.park(LockSupport.java:371)&#10;        at java.base@21.0.8/java.util.concurrent.locks.AbstractQueuedSynchronizer$ConditionNode.block(AbstractQueuedSynchronizer.java:519)&#10;        at java.base@21.0.8/java.util.concurrent.ForkJoinPool.unmanagedBlock(ForkJoinPool.java:3780)&#10;        at java.base@21.0.8/java.util.concurrent.ForkJoinPool.managedBlock(ForkJoinPool.java:3725)&#10;        at java.base@21.0.8/java.util.concurrent.locks.AbstractQueuedSynchronizer$ConditionObject.await(AbstractQueuedSynchronizer.java:1712)&#10;        at java.base@21.0.8/java.util.concurrent.LinkedBlockingQueue.take(LinkedBlockingQueue.java:435)&#10;        at java.base@21.0.8/java.util.concurrent.ThreadPoolExecutor.getTask(ThreadPoolExecutor.java:1070)&#10;        at java.base@21.0.8/java.util.concurrent.ThreadPoolExecutor.runWorker(ThreadPoolExecutor.java:1130)&#10;        at java.base@21.0.8/java.util.concurrent.ThreadPoolExecutor$Worker.run(ThreadPoolExecutor.java:642)&#10;        at java.base@21.0.8/java.lang.Thread.runWith(Thread.java:1596)&#10;        at java.base@21.0.8/java.lang.Thread.run(Thread.java:1583)&#10;&quot;IPC Server handler 71 on default port 15002&quot; daemon prio=5 tid=191 timed_waiting&#10;java.lang.Thread.State: TIMED_WAITING&#10;        at java.base@21.0.8/jdk.internal.misc.Unsafe.park(Native Method)&#10;        at java.base@21.0.8/java.util.concurrent.locks.LockSupport.parkNanos(LockSupport.java:269)&#10;        at java.base@21.0.8/java.util.concurrent.locks.AbstractQueuedSynchronizer$ConditionObject.awaitNanos(AbstractQueuedSynchronizer.java:1763)&#10;        at java.base@21.0.8/java.util.concurrent.LinkedBlockingQueue.poll(LinkedBlockingQueue.java:460)&#10;        at app//org.apache.hadoop.ipc.CallQueueManager.take(CallQueueManager.java:370)&#10;        at app//org.apache.hadoop.ipc.Server$Handler.run(Server.java:3165)&#10;&quot;74afb32b-8e70-4799-b16c-dc9602d9dbb6-CreatePipelineCommandHandlerThread-0&quot;  prio=5 tid=1034 in Object.wait()&#10;java.lang.Thread.State: WAITING (on object monitor)&#10;        at java.base@21.0.8/jdk.internal.misc.Unsafe.park(Native Method)&#10;        at java.base@21.0.8/java.util.concurrent.locks.LockSupport.park(LockSupport.java:371)&#10;        at java.base@21.0.8/java.util.concurrent.locks.AbstractQueuedSynchronizer$ConditionNode.block(AbstractQueuedSynchronizer.java:519)&#10;        at java.base@21.0.8/java.util.concurrent.ForkJoinPool.unmanagedBlock(ForkJoinPool.java:3780)&#10;        at java.base@21.0.8/java.util.concurrent.ForkJoinPool.managedBlock(ForkJoinPool.java:3725)&#10;        at java.base@21.0.8/java.util.concurrent.locks.AbstractQueuedSynchronizer$ConditionObject.await(AbstractQueuedSynchronizer.java:1712)&#10;        at java.base@21.0.8/java.util.concurrent.LinkedBlockingQueue.take(LinkedBlockingQueue.java:435)&#10;        at java.base@21.0.8/java.util.concurrent.ThreadPoolExecutor.getTask(ThreadPoolExecutor.java:1070)&#10;        at java.base@21.0.8/java.util.concurrent.ThreadPoolExecutor.runWorker(ThreadPoolExecutor.java:1130)&#10;        at java.base@21.0.8/java.util.concurrent.ThreadPoolExecutor$Worker.run(ThreadPoolExecutor.java:642)&#10;        at java.base@21.0.8/java.lang.Thread.runWith(Thread.java:1596)&#10;        at java.base@21.0.8/java.lang.Thread.run(Thread.java:1583)&#10;&quot;IPC Server handler 20 on default port 15002&quot; daemon prio=5 tid=140 timed_waiting&#10;java.lang.Thread.State: TIMED_WAITING&#10;        at java.base@21.0.8/jdk.internal.misc.Unsafe.park(Native Method)&#10;        at java.base@21.0.8/java.util.concurrent.locks.LockSupport.parkNanos(LockSupport.java:269)&#10;        at java.base@21.0.8/java.util.concurrent.locks.AbstractQueuedSynchronizer$ConditionObject.awaitNanos(AbstractQueuedSynchronizer.java:1763)&#10;        at java.base@21.0.8/java.util.concurrent.LinkedBlockingQueue.poll(LinkedBlockingQueue.java:460)&#10;        at app//org.apache.hadoop.ipc.CallQueueManager.take(CallQueueManager.java:370)&#10;        at app//org.apache.hadoop.ipc.Server$Handler.run(Server.java:3165)&#10;&quot;IPC Server handler 44 on default port 15002&quot; daemon prio=5 tid=164 timed_waiting&#10;java.lang.Thread.State: TIMED_WAITING&#10;        at java.base@21.0.8/jdk.internal.misc.Unsafe.park(Native Method)&#10;        at java.base@21.0.8/java.util.concurrent.locks.LockSupport.parkNanos(LockSupport.java:269)&#10;        at java.base@21.0.8/java.util.concurrent.locks.AbstractQueuedSynchronizer$ConditionObject.awaitNanos(AbstractQueuedSynchronizer.java:1763)&#10;        at java.base@21.0.8/java.util.concurrent.LinkedBlockingQueue.poll(LinkedBlockingQueue.java:460)&#10;        at app//org.apache.hadoop.ipc.CallQueueManager.take(CallQueueManager.java:370)&#10;        at app//org.apache.hadoop.ipc.Server$Handler.run(Server.java:3165)&#10;&quot;IPC Server handler 53 on default port 15004&quot; daemon prio=5 tid=391 timed_waiting&#10;java.lang.Thread.State: TIMED_WAITING&#10;        at java.base@21.0.8/jdk.internal.misc.Unsafe.park(Native Method)&#10;        at java.base@21.0.8/java.util.concurrent.locks.LockSupport.parkNanos(LockSupport.java:269)&#10;        at java.base@21.0.8/java.util.concurrent.locks.AbstractQueuedSynchronizer$ConditionObject.awaitNanos(AbstractQueuedSynchronizer.java:1763)&#10;        at java.base@21.0.8/java.util.concurrent.LinkedBlockingQueue.poll(LinkedBlockingQueue.java:460)&#10;        at app//org.apache.hadoop.ipc.CallQueueManager.take(CallQueueManager.java:370)&#10;        at app//org.apache.hadoop.ipc.Server$Handler.run(Server.java:3165)&#10;&quot;grpc-default-worker-ELG-3-2&quot; daemon prio=5 tid=1050 runnable&#10;java.lang.Thread.State: RUNNABLE&#10;        at app//org.apache.ratis.thirdparty.io.netty.channel.epoll.Native.epollWait0(Native Method)&#10;        at app//org.apache.ratis.thirdparty.io.netty.channel.epoll.Native.epollWait(Native.java:193)&#10;        at app//org.apache.ratis.thirdparty.io.netty.channel.epoll.EpollEventLoop.epollWait(EpollEventLoop.java:304)&#10;        at app//org.apache.ratis.thirdparty.io.netty.channel.epoll.EpollEventLoop.run(EpollEventLoop.java:368)&#10;        at app//org.apache.ratis.thirdparty.io.netty.util.concurrent.SingleThreadEventExecutor$4.run(SingleThreadEventExecutor.java:998)&#10;        at app//org.apache.ratis.thirdparty.io.netty.util.internal.ThreadExecutorMap$2.run(ThreadExecutorMap.java:74)&#10;        at app//org.apache.ratis.thirdparty.io.netty.util.concurrent.FastThreadLocalRunnable.run(FastThreadLocalRunnable.java:30)&#10;        at java.base@21.0.8/java.lang.Thread.runWith(Thread.java:1596)&#10;        at java.base@21.0.8/java.lang.Thread.run(Thread.java:1583)&#10;&quot;IPC Server handler 82 on default port 15002&quot; daemon prio=5 tid=202 timed_waiting&#10;java.lang.Thread.State: TIMED_WAITING&#10;        at java.base@21.0.8/jdk.internal.misc.Unsafe.park(Native Method)&#10;        at java.base@21.0.8/java.util.concurrent.locks.LockSupport.parkNanos(LockSupport.java:269)&#10;        at java.base@21.0.8/java.util.concurrent.locks.AbstractQueuedSynchronizer$ConditionObject.awaitNanos(AbstractQueuedSynchronizer.java:1763)&#10;        at java.base@21.0.8/java.util.concurrent.LinkedBlockingQueue.poll(LinkedBlockingQueue.java:460)&#10;        at app//org.apache.hadoop.ipc.CallQueueManager.take(CallQueueManager.java:370)&#10;        at app//org.apache.hadoop.ipc.Server$Handler.run(Server.java:3165)&#10;&quot;IPC Server handler 50 on default port 15002&quot; daemon prio=5 tid=170 timed_waiting&#10;java.lang.Thread.State: TIMED_WAITING&#10;        at java.base@21.0.8/jdk.internal.misc.Unsafe.park(Native Method)&#10;        at java.base@21.0.8/java.util.concurrent.locks.LockSupport.parkNanos(LockSupport.java:269)&#10;        at java.base@21.0.8/java.util.concurrent.locks.AbstractQueuedSynchronizer$ConditionObject.awaitNanos(AbstractQueuedSynchronizer.java:1763)&#10;        at java.base@21.0.8/java.util.concurrent.LinkedBlockingQueue.poll(LinkedBlockingQueue.java:460)&#10;        at app//org.apache.hadoop.ipc.CallQueueManager.take(CallQueueManager.java:370)&#10;        at app//org.apache.hadoop.ipc.Server$Handler.run(Server.java:3165)&#10;&quot;IPC Server handler 35 on default port 15004&quot; daemon prio=5 tid=373 timed_waiting&#10;java.lang.Thread.State: TIMED_WAITING&#10;        at java.base@21.0.8/jdk.internal.misc.Unsafe.park(Native Method)&#10;        at java.base@21.0.8/java.util.concurrent.locks.LockSupport.parkNanos(LockSupport.java:269)&#10;        at java.base@21.0.8/java.util.concurrent.locks.AbstractQueuedSynchronizer$ConditionObject.awaitNanos(AbstractQueuedSynchronizer.java:1763)&#10;        at java.base@21.0.8/java.util.concurrent.LinkedBlockingQueue.poll(LinkedBlockingQueue.java:460)&#10;        at app//org.apache.hadoop.ipc.CallQueueManager.take(CallQueueManager.java:370)&#10;        at app//org.apache.hadoop.ipc.Server$Handler.run(Server.java:3165)&#10;&quot;IPC Server idle connection scanner for port 15008&quot; daemon prio=5 tid=460 timed_waiting&#10;java.lang.Thread.State: TIMED_WAITING&#10;        at java.base@21.0.8/java.lang.Object.wait0(Native Method)&#10;        at java.base@21.0.8/java.lang.Object.wait(Object.java:366)&#10;        at java.base@21.0.8/java.util.TimerThread.mainLoop(Timer.java:563)&#10;        at java.base@21.0.8/java.util.TimerThread.run(Timer.java:516)&#10;&quot;qtp249078499-718&quot; daemon prio=5 tid=718 runnable&#10;java.lang.Thread.State: RUNNABLE&#10;        at java.base@21.0.8/sun.nio.ch.EPoll.wait(Native Method)&#10;        at java.base@21.0.8/sun.nio.ch.EPollSelectorImpl.doSelect(EPollSelectorImpl.java:121)&#10;        at java.base@21.0.8/sun.nio.ch.SelectorImpl.lockAndDoSelect(SelectorImpl.java:130)&#10;        at java.base@21.0.8/sun.nio.ch.SelectorImpl.select(SelectorImpl.java:147)&#10;        at app//org.eclipse.jetty.io.ManagedSelector.nioSelect(ManagedSelector.java:183)&#10;        at app//org.eclipse.jetty.io.ManagedSelector.select(ManagedSelector.java:190)&#10;        at app//org.eclipse.jetty.io.ManagedSelector$SelectorProducer.select(ManagedSelector.java:606)&#10;        at app//org.eclipse.jetty.io.ManagedSelector$SelectorProducer.produce(ManagedSelector.java:543)&#10;        at app//org.eclipse.jetty.util.thread.strategy.EatWhatYouKill.produceTask(EatWhatYouKill.java:362)&#10;        at app//org.eclipse.jetty.util.thread.strategy.EatWhatYouKill.doProduce(EatWhatYouKill.java:186)&#10;        at app//org.eclipse.jetty.util.thread.strategy.EatWhatYouKill.tryProduce(EatWhatYouKill.java:173)&#10;        at app//org.eclipse.jetty.util.thread.strategy.EatWhatYouKill.produce(EatWhatYouKill.java:137)&#10;        at app//org.eclipse.jetty.io.ManagedSelector$$Lambda/0x00007f9d6c6e5f08.run(Unknown Source)&#10;        at app//org.eclipse.jetty.util.thread.QueuedThreadPool.runJob(QueuedThreadPool.java:883)&#10;        at app//org.eclipse.jetty.util.thread.QueuedThreadPool$Runner.run(QueuedThreadPool.java:1034)&#10;        at java.base@21.0.8/java.lang.Thread.runWith(Thread.java:1596)&#10;        at java.base@21.0.8/java.lang.Thread.run(Thread.java:1583)&#10;&quot;org.apache.hadoop.ozone.container.common.statemachine.commandhandler.DeleteBlocksCommandHandler$DeleteCmdWorker@664de797&quot; daemon prio=5 tid=905 timed_waiting&#10;java.lang.Thread.State: TIMED_WAITING&#10;        at java.base@21.0.8/java.lang.Thread.sleep0(Native Method)&#10;        at java.base@21.0.8/java.lang.Thread.sleep(Thread.java:509)&#10;        at app//org.apache.hadoop.ozone.container.common.statemachine.commandhandler.DeleteBlocksCommandHandler$DeleteCmdWorker.run(DeleteBlocksCommandHandler.java:260)&#10;        at java.base@21.0.8/java.lang.Thread.runWith(Thread.java:1596)&#10;        at java.base@21.0.8/java.lang.Thread.run(Thread.java:1583)&#10;&quot;IPC Server handler 12 on default port 15002&quot; daemon prio=5 tid=132 timed_waiting&#10;java.lang.Thread.State: TIMED_WAITING&#10;        at java.base@21.0.8/jdk.internal.misc.Unsafe.park(Native Method)&#10;        at java.base@21.0.8/java.util.concurrent.locks.LockSupport.parkNanos(LockSupport.java:269)&#10;        at java.base@21.0.8/java.util.concurrent.locks.AbstractQueuedSynchronizer$ConditionObject.awaitNanos(AbstractQueuedSynchronizer.java:1763)&#10;        at java.base@21.0.8/java.util.concurrent.LinkedBlockingQueue.poll(LinkedBlockingQueue.java:460)&#10;        at app//org.apache.hadoop.ipc.CallQueueManager.take(CallQueueManager.java:370)&#10;        at app//org.apache.hadoop.ipc.Server$Handler.run(Server.java:3165)&#10;&quot;IPC Client (962379034) connection to 0.0.0.0/0.0.0.0:15004 from runner&quot; daemon prio=5 tid=812 timed_waiting&#10;java.lang.Thread.State: TIMED_WAITING&#10;        at java.base@21.0.8/java.lang.Object.wait0(Native Method)&#10;        at java.base@21.0.8/java.lang.Object.wait(Object.java:366)&#10;        at app//org.apache.hadoop.ipc.Client$Connection.waitForWork(Client.java:1042)&#10;        at app//org.apache.hadoop.ipc.Client$Connection.run(Client.java:1093)&#10;&quot;Recon-EventQueue-NewNodeForReconNewNodeHandler&quot; daemon prio=5 tid=945 in Object.wait()&#10;java.lang.Thread.State: WAITING (on object monitor)&#10;        at java.base@21.0.8/jdk.internal.misc.Unsafe.park(Native Method)&#10;        at java.base@21.0.8/java.util.concurrent.locks.LockSupport.park(LockSupport.java:371)&#10;        at java.base@21.0.8/java.util.concurrent.locks.AbstractQueuedSynchronizer$ConditionNode.block(AbstractQueuedSynchronizer.java:519)&#10;        at java.base@21.0.8/java.util.concurrent.ForkJoinPool.unmanagedBlock(ForkJoinPool.java:3780)&#10;        at java.base@21.0.8/java.util.concurrent.ForkJoinPool.managedBlock(ForkJoinPool.java:3725)&#10;        at java.base@21.0.8/java.util.concurrent.locks.AbstractQueuedSynchronizer$ConditionObject.await(AbstractQueuedSynchronizer.java:1712)&#10;        at java.base@21.0.8/java.util.concurrent.LinkedBlockingQueue.take(LinkedBlockingQueue.java:435)&#10;        at java.base@21.0.8/java.util.concurrent.ThreadPoolExecutor.getTask(ThreadPoolExecutor.java:1070)&#10;        at java.base@21.0.8/java.util.concurrent.ThreadPoolExecutor.runWorker(ThreadPoolExecutor.java:1130)&#10;        at java.base@21.0.8/java.util.concurrent.ThreadPoolExecutor$Worker.run(ThreadPoolExecutor.java:642)&#10;        at java.base@21.0.8/java.lang.Thread.runWith(Thread.java:1596)&#10;        at java.base@21.0.8/java.lang.Thread.run(Thread.java:1583)&#10;&quot;fc0351b7-0c71-4a2a-a0ca-337e5c0b1c14@group-B7EF3C0ABF3A-StateMachineUpdater&quot; daemon prio=5 tid=1091 timed_waiting&#10;java.lang.Thread.State: TIMED_WAITING&#10;        at java.base@21.0.8/jdk.internal.misc.Unsafe.park(Native Method)&#10;        at java.base@21.0.8/java.util.concurrent.locks.LockSupport.parkNanos(LockSupport.java:269)&#10;        at java.base@21.0.8/java.util.concurrent.locks.AbstractQueuedSynchronizer$ConditionObject.await(AbstractQueuedSynchronizer.java:1852)&#10;        at app//org.apache.ratis.util.AwaitForSignal.await(AwaitForSignal.java:65)&#10;        at app//org.apache.ratis.server.impl.StateMachineUpdater.waitForCommit(StateMachineUpdater.java:222)&#10;        at app//org.apache.ratis.server.impl.StateMachineUpdater.run(StateMachineUpdater.java:187)&#10;        at java.base@21.0.8/java.lang.Thread.runWith(Thread.java:1596)&#10;        at java.base@21.0.8/java.lang.Thread.run(Thread.java:1583)&#10;&quot;c11f8a16-55ee-4f22-a5a5-7daf2dffa753-EndpointStateMachineTaskThread-/0.0.0.0:15004-0 &quot;  prio=5 tid=848 in Object.wait()&#10;java.lang.Thread.State: WAITING (on object monitor)&#10;        at java.base@21.0.8/jdk.internal.misc.Unsafe.park(Native Method)&#10;        at java.base@21.0.8/java.util.concurrent.locks.LockSupport.park(LockSupport.java:371)&#10;        at java.base@21.0.8/java.util.concurrent.locks.AbstractQueuedSynchronizer$ConditionNode.block(AbstractQueuedSynchronizer.java:519)&#10;        at java.base@21.0.8/java.util.concurrent.ForkJoinPool.unmanagedBlock(ForkJoinPool.java:3780)&#10;        at java.base@21.0.8/java.util.concurrent.ForkJoinPool.managedBlock(ForkJoinPool.java:3725)&#10;        at java.base@21.0.8/java.util.concurrent.locks.AbstractQueuedSynchronizer$ConditionObject.await(AbstractQueuedSynchronizer.java:1712)&#10;        at java.base@21.0.8/java.util.concurrent.LinkedBlockingQueue.take(LinkedBlockingQueue.java:435)&#10;        at java.base@21.0.8/java.util.concurrent.ThreadPoolExecutor.getTask(ThreadPoolExecutor.java:1070)&#10;        at java.base@21.0.8/java.util.concurrent.ThreadPoolExecutor.runWorker(ThreadPoolExecutor.java:1130)&#10;        at java.base@21.0.8/java.util.concurrent.ThreadPoolExecutor$Worker.run(ThreadPoolExecutor.java:642)&#10;        at java.base@21.0.8/java.lang.Thread.runWith(Thread.java:1596)&#10;        at java.base@21.0.8/java.lang.Thread.run(Thread.java:1583)&#10;&quot;IPC Server handler 83 on default port 15001&quot; daemon prio=5 tid=641 timed_waiting&#10;java.lang.Thread.State: TIMED_WAITING&#10;        at java.base@21.0.8/jdk.internal.misc.Unsafe.park(Native Method)&#10;        at java.base@21.0.8/java.util.concurrent.locks.LockSupport.parkNanos(LockSupport.java:269)&#10;        at java.base@21.0.8/java.util.concurrent.locks.AbstractQueuedSynchronizer$ConditionObject.awaitNanos(AbstractQueuedSynchronizer.java:1763)&#10;        at java.base@21.0.8/java.util.concurrent.LinkedBlockingQueue.poll(LinkedBlockingQueue.java:460)&#10;        at app//org.apache.hadoop.ipc.CallQueueManager.take(CallQueueManager.java:370)&#10;        at app//org.apache.hadoop.ipc.Server$Handler.run(Server.java:3165)&#10;&quot;IPC Server handler 19 on default port 15003&quot; daemon prio=5 tid=239 timed_waiting&#10;java.lang.Thread.State: TIMED_WAITING&#10;        at java.base@21.0.8/jdk.internal.misc.Unsafe.park(Native Method)&#10;        at java.base@21.0.8/java.util.concurrent.locks.LockSupport.parkNanos(LockSupport.java:269)&#10;        at java.base@21.0.8/java.util.concurrent.locks.AbstractQueuedSynchronizer$ConditionObject.awaitNanos(AbstractQueuedSynchronizer.java:1763)&#10;        at java.base@21.0.8/java.util.concurrent.LinkedBlockingQueue.poll(LinkedBlockingQueue.java:460)&#10;        at app//org.apache.hadoop.ipc.CallQueueManager.take(CallQueueManager.java:370)&#10;        at app//org.apache.hadoop.ipc.Server$Handler.run(Server.java:3165)&#10;&quot;IPC Server handler 38 on default port 15001&quot; daemon prio=5 tid=596 timed_waiting&#10;java.lang.Thread.State: TIMED_WAITING&#10;        at java.base@21.0.8/jdk.internal.misc.Unsafe.park(Native Method)&#10;        at java.base@21.0.8/java.util.concurrent.locks.LockSupport.parkNanos(LockSupport.java:269)&#10;        at java.base@21.0.8/java.util.concurrent.locks.AbstractQueuedSynchronizer$ConditionObject.awaitNanos(AbstractQueuedSynchronizer.java:1763)&#10;        at java.base@21.0.8/java.util.concurrent.LinkedBlockingQueue.poll(LinkedBlockingQueue.java:460)&#10;        at app//org.apache.hadoop.ipc.CallQueueManager.take(CallQueueManager.java:370)&#10;        at app//org.apache.hadoop.ipc.Server$Handler.run(Server.java:3165)&#10;&quot;SSL Certificates Store Monitor&quot; daemon prio=5 tid=1358 terminated&#10;java.lang.Thread.State: TERMINATED&#10;        at java.base@21.0.8/java.lang.Object.wait0(Native Method)&#10;        at java.base@21.0.8/java.lang.Object.wait(Object.java:366)&#10;        at java.base@21.0.8/java.lang.Object.wait(Object.java:339)&#10;        at java.base@21.0.8/java.util.TimerThread.mainLoop(Timer.java:537)&#10;        at java.base@21.0.8/java.util.TimerThread.run(Timer.java:516)&#10;&quot;Socket Reader #6 for port 15003&quot; daemon prio=5 tid=81 runnable&#10;java.lang.Thread.State: RUNNABLE&#10;        at java.base@21.0.8/sun.nio.ch.EPoll.wait(Native Method)&#10;        at java.base@21.0.8/sun.nio.ch.EPollSelectorImpl.doSelect(EPollSelectorImpl.java:121)&#10;        at java.base@21.0.8/sun.nio.ch.SelectorImpl.lockAndDoSelect(SelectorImpl.java:130)&#10;        at java.base@21.0.8/sun.nio.ch.SelectorImpl.select(SelectorImpl.java:147)&#10;        at app//org.apache.hadoop.ipc.Server$Listener$Reader.doRunLoop(Server.java:1497)&#10;        at app//org.apache.hadoop.ipc.Server$Listener$Reader.run(Server.java:1476)&#10;&quot;EventQueue-DatanodeCommandForSCMNodeManager&quot;  prio=5 tid=966 in Object.wait()&#10;java.lang.Thread.State: WAITING (on object monitor)&#10;        at java.base@21.0.8/jdk.internal.misc.Unsafe.park(Native Method)&#10;        at java.base@21.0.8/java.util.concurrent.locks.LockSupport.park(LockSupport.java:371)&#10;        at java.base@21.0.8/java.util.concurrent.locks.AbstractQueuedSynchronizer$ConditionNode.block(AbstractQueuedSynchronizer.java:519)&#10;        at java.base@21.0.8/java.util.concurrent.ForkJoinPool.unmanagedBlock(ForkJoinPool.java:3780)&#10;        at java.base@21.0.8/java.util.concurrent.ForkJoinPool.managedBlock(ForkJoinPool.java:3725)&#10;        at java.base@21.0.8/java.util.concurrent.locks.AbstractQueuedSynchronizer$ConditionObject.await(AbstractQueuedSynchronizer.java:1712)&#10;        at java.base@21.0.8/java.util.concurrent.LinkedBlockingQueue.take(LinkedBlockingQueue.java:435)&#10;        at java.base@21.0.8/java.util.concurrent.ThreadPoolExecutor.getTask(ThreadPoolExecutor.java:1070)&#10;        at java.base@21.0.8/java.util.concurrent.ThreadPoolExecutor.runWorker(ThreadPoolExecutor.java:1130)&#10;        at java.base@21.0.8/java.util.concurrent.ThreadPoolExecutor$Worker.run(ThreadPoolExecutor.java:642)&#10;        at java.base@21.0.8/java.lang.Thread.runWith(Thread.java:1596)&#10;        at java.base@21.0.8/java.lang.Thread.run(Thread.java:1583)&#10;&quot;IPC Server handler 17 on default port 15008&quot; daemon prio=5 tid=509 timed_waiting&#10;java.lang.Thread.State: TIMED_WAITING&#10;        at java.base@21.0.8/jdk.internal.misc.Unsafe.park(Native Method)&#10;        at java.base@21.0.8/java.util.concurrent.locks.LockSupport.parkNanos(LockSupport.java:269)&#10;        at java.base@21.0.8/java.util.concurrent.locks.AbstractQueuedSynchronizer$ConditionObject.awaitNanos(AbstractQueuedSynchronizer.java:1763)&#10;        at java.base@21.0.8/java.util.concurrent.LinkedBlockingQueue.poll(LinkedBlockingQueue.java:460)&#10;        at app//org.apache.hadoop.ipc.CallQueueManager.take(CallQueueManager.java:370)&#10;        at app//org.apache.hadoop.ipc.Server$Handler.run(Server.java:3165)&#10;&quot;Socket Reader #10 for port 15021&quot; daemon prio=5 tid=737 runnable&#10;java.lang.Thread.State: RUNNABLE&#10;        at java.base@21.0.8/sun.nio.ch.EPoll.wait(Native Method)&#10;        at java.base@21.0.8/sun.nio.ch.EPollSelectorImpl.doSelect(EPollSelectorImpl.java:121)&#10;        at java.base@21.0.8/sun.nio.ch.SelectorImpl.lockAndDoSelect(SelectorImpl.java:130)&#10;        at java.base@21.0.8/sun.nio.ch.SelectorImpl.select(SelectorImpl.java:147)&#10;        at app//org.apache.hadoop.ipc.Server$Listener$Reader.doRunLoop(Server.java:1497)&#10;        at app//org.apache.hadoop.ipc.Server$Listener$Reader.run(Server.java:1476)&#10;&quot;IPC Server handler 6 on default port 15021&quot; daemon prio=5 tid=747 timed_waiting&#10;java.lang.Thread.State: TIMED_WAITING&#10;        at java.base@21.0.8/jdk.internal.misc.Unsafe.park(Native Method)&#10;        at java.base@21.0.8/java.util.concurrent.locks.LockSupport.parkNanos(LockSupport.java:269)&#10;        at java.base@21.0.8/java.util.concurrent.locks.AbstractQueuedSynchronizer$ConditionObject.awaitNanos(AbstractQueuedSynchronizer.java:1763)&#10;        at java.base@21.0.8/java.util.concurrent.LinkedBlockingQueue.poll(LinkedBlockingQueue.java:460)&#10;        at app//org.apache.hadoop.ipc.CallQueueManager.take(CallQueueManager.java:370)&#10;        at app//org.apache.hadoop.ipc.Server$Handler.run(Server.java:3165)&#10;&quot;IPC Server handler 41 on default port 15003&quot; daemon prio=5 tid=261 timed_waiting&#10;java.lang.Thread.State: TIMED_WAITING&#10;        at java.base@21.0.8/jdk.internal.misc.Unsafe.park(Native Method)&#10;        at java.base@21.0.8/java.util.concurrent.locks.LockSupport.parkNanos(LockSupport.java:269)&#10;        at java.base@21.0.8/java.util.concurrent.locks.AbstractQueuedSynchronizer$ConditionObject.awaitNanos(AbstractQueuedSynchronizer.java:1763)&#10;        at java.base@21.0.8/java.util.concurrent.LinkedBlockingQueue.poll(LinkedBlockingQueue.java:460)&#10;        at app//org.apache.hadoop.ipc.CallQueueManager.take(CallQueueManager.java:370)&#10;        at app//org.apache.hadoop.ipc.Server$Handler.run(Server.java:3165)&#10;&quot;IPC Server handler 72 on default port 15001&quot; daemon prio=5 tid=630 timed_waiting&#10;java.lang.Thread.State: TIMED_WAITING&#10;        at java.base@21.0.8/jdk.internal.misc.Unsafe.park(Native Method)&#10;        at java.base@21.0.8/java.util.concurrent.locks.LockSupport.parkNanos(LockSupport.java:269)&#10;        at java.base@21.0.8/java.util.concurrent.locks.AbstractQueuedSynchronizer$ConditionObject.awaitNanos(AbstractQueuedSynchronizer.java:1763)&#10;        at java.base@21.0.8/java.util.concurrent.LinkedBlockingQueue.poll(LinkedBlockingQueue.java:460)&#10;        at app//org.apache.hadoop.ipc.CallQueueManager.take(CallQueueManager.java:370)&#10;        at app//org.apache.hadoop.ipc.Server$Handler.run(Server.java:3165)&#10;&quot;DiskUsage-/home/runner/work/ozone/ozone/hadoop-ozone/integration-test-recon/target/test-dir/MiniOzoneClusterImpl-b15909b8-03a8-4b15-aaa3-a668c086c089/ozone-metadata/datanode-5/ratis-&#10;&quot; daemon prio=5 tid=1014 timed_waiting&#10;java.lang.Thread.State: TIMED_WAITING&#10;        at java.base@21.0.8/jdk.internal.misc.Unsafe.park(Native Method)&#10;        at java.base@21.0.8/java.util.concurrent.locks.LockSupport.parkNanos(LockSupport.java:269)&#10;        at java.base@21.0.8/java.util.concurrent.locks.AbstractQueuedSynchronizer$ConditionObject.awaitNanos(AbstractQueuedSynchronizer.java:1763)&#10;        at java.base@21.0.8/java.util.concurrent.ScheduledThreadPoolExecutor$DelayedWorkQueue.take(ScheduledThreadPoolExecutor.java:1182)&#10;        at java.base@21.0.8/java.util.concurrent.ScheduledThreadPoolExecutor$DelayedWorkQueue.take(ScheduledThreadPoolExecutor.java:899)&#10;        at java.base@21.0.8/java.util.concurrent.ThreadPoolExecutor.getTask(ThreadPoolExecutor.java:1070)&#10;        at java.base@21.0.8/java.util.concurrent.ThreadPoolExecutor.runWorker(ThreadPoolExecutor.java:1130)&#10;        at java.base@21.0.8/java.util.concurrent.ThreadPoolExecutor$Worker.run(ThreadPoolExecutor.java:642)&#10;        at java.base@21.0.8/java.lang.Thread.runWith(Thread.java:1596)&#10;        at java.base@21.0.8/java.lang.Thread.run(Thread.java:1583)&#10;&quot;Recon-FixedThreadPoolWithAffinityExecutor-7-0&quot; daemon prio=5 tid=541 timed_waiting&#10;java.lang.Thread.State: TIMED_WAITING&#10;        at java.base@21.0.8/jdk.internal.misc.Unsafe.park(Native Method)&#10;        at java.base@21.0.8/java.util.concurrent.locks.LockSupport.parkNanos(LockSupport.java:269)&#10;        at java.base@21.0.8/java.util.concurrent.locks.AbstractQueuedSynchronizer$ConditionObject.awaitNanos(AbstractQueuedSynchronizer.java:1763)&#10;        at java.base@21.0.8/java.util.concurrent.LinkedBlockingQueue.poll(LinkedBlockingQueue.java:460)&#10;        at app//org.apache.hadoop.hdds.scm.server.ContainerReportQueue.poll(ContainerReportQueue.java:269)&#10;        at app//org.apache.hadoop.hdds.scm.server.ContainerReportQueue.poll(ContainerReportQueue.java:42)&#10;        at app//org.apache.hadoop.hdds.server.events.FixedThreadPoolWithAffinityExecutor$ContainerReportProcessTask.run(FixedThreadPoolWithAffinityExecutor.java:228)&#10;        at java.base@21.0.8/java.util.concurrent.Executors$RunnableAdapter.call(Executors.java:572)&#10;        at java.base@21.0.8/java.util.concurrent.FutureTask.run(FutureTask.java:317)&#10;        at java.base@21.0.8/java.util.concurrent.ThreadPoolExecutor.runWorker(ThreadPoolExecutor.java:1144)&#10;        at java.base@21.0.8/java.util.concurrent.ThreadPoolExecutor$Worker.run(ThreadPoolExecutor.java:642)&#10;        at java.base@21.0.8/java.lang.Thread.runWith(Thread.java:1596)&#10;        at java.base@21.0.8/java.lang.Thread.run(Thread.java:1583)&#10;&quot;surefire-process-checker&quot; daemon prio=5 tid=26 timed_waiting&#10;java.lang.Thread.State: TIMED_WAITING&#10;        at java.base@21.0.8/jdk.internal.misc.Unsafe.park(Native Method)&#10;        at java.base@21.0.8/java.util.concurrent.locks.LockSupport.parkNanos(LockSupport.java:269)&#10;        at java.base@21.0.8/java.util.concurrent.locks.AbstractQueuedSynchronizer$ConditionObject.awaitNanos(AbstractQueuedSynchronizer.java:1763)&#10;        at java.base@21.0.8/java.util.concurrent.ScheduledThreadPoolExecutor$DelayedWorkQueue.take(ScheduledThreadPoolExecutor.java:1182)&#10;        at java.base@21.0.8/java.util.concurrent.ScheduledThreadPoolExecutor$DelayedWorkQueue.take(ScheduledThreadPoolExecutor.java:899)&#10;        at java.base@21.0.8/java.util.concurrent.ThreadPoolExecutor.getTask(ThreadPoolExecutor.java:1070)&#10;        at java.base@21.0.8/java.util.concurrent.ThreadPoolExecutor.runWorker(ThreadPoolExecutor.java:1130)&#10;        at java.base@21.0.8/java.util.concurrent.ThreadPoolExecutor$Worker.run(ThreadPoolExecutor.java:642)&#10;        at java.base@21.0.8/java.lang.Thread.runWith(Thread.java:1596)&#10;        at java.base@21.0.8/java.lang.Thread.run(Thread.java:1583)&#10;&quot;IPC Server handler 1 on default port 15008&quot; daemon prio=5 tid=493 timed_waiting&#10;java.lang.Thread.State: TIMED_WAITING&#10;        at java.base@21.0.8/jdk.internal.misc.Unsafe.park(Native Method)&#10;        at java.base@21.0.8/java.util.concurrent.locks.LockSupport.parkNanos(LockSupport.java:269)&#10;        at java.base@21.0.8/java.util.concurrent.locks.AbstractQueuedSynchronizer$ConditionObject.awaitNanos(AbstractQueuedSynchronizer.java:1763)&#10;        at java.base@21.0.8/java.util.concurrent.LinkedBlockingQueue.poll(LinkedBlockingQueue.java:460)&#10;        at app//org.apache.hadoop.ipc.CallQueueManager.take(CallQueueManager.java:370)&#10;        at app//org.apache.hadoop.ipc.Server$Handler.run(Server.java:3165)&#10;&quot;74afb32b-8e70-4799-b16c-dc9602d9dbb6-NettyServerStreamRpc-bossGroup--thread1&quot; daemon prio=5 tid=901 runnable&#10;java.lang.Thread.State: RUNNABLE&#10;        at app//org.apache.ratis.thirdparty.io.netty.channel.epoll.Native.epollWait(Native Method)&#10;        at app//org.apache.ratis.thirdparty.io.netty.channel.epoll.Native.epollWait(Native.java:220)&#10;        at app//org.apache.ratis.thirdparty.io.netty.channel.epoll.Native.epollWait(Native.java:213)&#10;        at app//org.apache.ratis.thirdparty.io.netty.channel.epoll.EpollEventLoop.epollWaitNoTimerChange(EpollEventLoop.java:308)&#10;        at app//org.apache.ratis.thirdparty.io.netty.channel.epoll.EpollEventLoop.run(EpollEventLoop.java:365)&#10;        at app//org.apache.ratis.thirdparty.io.netty.util.concurrent.SingleThreadEventExecutor$4.run(SingleThreadEventExecutor.java:998)&#10;        at app//org.apache.ratis.thirdparty.io.netty.util.internal.ThreadExecutorMap$2.run(ThreadExecutorMap.java:74)&#10;        at java.base@21.0.8/java.lang.Thread.runWith(Thread.java:1596)&#10;        at java.base@21.0.8/java.lang.Thread.run(Thread.java:1583)&#10;&quot;c11f8a16-55ee-4f22-a5a5-7daf2dffa753-DatanodeReportManager-2&quot; daemon prio=5 tid=754 in Object.wait()&#10;java.lang.Thread.State: WAITING (on object monitor)&#10;        at java.base@21.0.8/jdk.internal.misc.Unsafe.park(Native Method)&#10;        at java.base@21.0.8/java.util.concurrent.locks.LockSupport.parkNanos(LockSupport.java:269)&#10;        at java.base@21.0.8/java.util.concurrent.locks.AbstractQueuedSynchronizer$ConditionObject.awaitNanos(AbstractQueuedSynchronizer.java:1763)&#10;        at java.base@21.0.8/java.util.concurrent.ScheduledThreadPoolExecutor$DelayedWorkQueue.take(ScheduledThreadPoolExecutor.java:1182)&#10;        at java.base@21.0.8/java.util.concurrent.ScheduledThreadPoolExecutor$DelayedWorkQueue.take(ScheduledThreadPoolExecutor.java:899)&#10;        at java.base@21.0.8/java.util.concurrent.ThreadPoolExecutor.getTask(ThreadPoolExecutor.java:1070)&#10;        at java.base@21.0.8/java.util.concurrent.ThreadPoolExecutor.runWorker(ThreadPoolExecutor.java:1130)&#10;        at java.base@21.0.8/java.util.concurrent.ThreadPoolExecutor$Worker.run(ThreadPoolExecutor.java:642)&#10;        at java.base@21.0.8/java.lang.Thread.runWith(Thread.java:1596)&#10;        at java.base@21.0.8/java.lang.Thread.run(Thread.java:1583)&#10;&quot;IPC Server handler 54 on default port 15003&quot; daemon prio=5 tid=274 timed_waiting&#10;java.lang.Thread.State: TIMED_WAITING&#10;        at java.base@21.0.8/jdk.internal.misc.Unsafe.park(Native Method)&#10;        at java.base@21.0.8/java.util.concurrent.locks.LockSupport.parkNanos(LockSupport.java:269)&#10;        at java.base@21.0.8/java.util.concurrent.locks.AbstractQueuedSynchronizer$ConditionObject.awaitNanos(AbstractQueuedSynchronizer.java:1763)&#10;        at java.base@21.0.8/java.util.concurrent.LinkedBlockingQueue.poll(LinkedBlockingQueue.java:460)&#10;        at app//org.apache.hadoop.ipc.CallQueueManager.take(CallQueueManager.java:370)&#10;        at app//org.apache.hadoop.ipc.Server$Handler.run(Server.java:3165)&#10;&quot;IPC Server handler 79 on default port 15003&quot; daemon prio=5 tid=299 timed_waiting&#10;java.lang.Thread.State: TIMED_WAITING&#10;        at java.base@21.0.8/jdk.internal.misc.Unsafe.park(Native Method)&#10;        at java.base@21.0.8/java.util.concurrent.locks.LockSupport.parkNanos(LockSupport.java:269)&#10;        at java.base@21.0.8/java.util.concurrent.locks.AbstractQueuedSynchronizer$ConditionObject.awaitNanos(AbstractQueuedSynchronizer.java:1763)&#10;        at java.base@21.0.8/java.util.concurrent.LinkedBlockingQueue.poll(LinkedBlockingQueue.java:460)&#10;        at app//org.apache.hadoop.ipc.CallQueueManager.take(CallQueueManager.java:370)&#10;        at app//org.apache.hadoop.ipc.Server$Handler.run(Server.java:3165)&#10;&quot;Socket Reader #1 for port 15021&quot; daemon prio=5 tid=728 runnable&#10;java.lang.Thread.State: RUNNABLE&#10;        at java.base@21.0.8/sun.nio.ch.EPoll.wait(Native Method)&#10;        at java.base@21.0.8/sun.nio.ch.EPollSelectorImpl.doSelect(EPollSelectorImpl.java:121)&#10;        at java.base@21.0.8/sun.nio.ch.SelectorImpl.lockAndDoSelect(SelectorImpl.java:130)&#10;        at java.base@21.0.8/sun.nio.ch.SelectorImpl.select(SelectorImpl.java:147)&#10;        at app//org.apache.hadoop.ipc.Server$Listener$Reader.doRunLoop(Server.java:1497)&#10;        at app//org.apache.hadoop.ipc.Server$Listener$Reader.run(Server.java:1476)&#10;&quot;IPC Server handler 0 on default port 15003&quot; daemon prio=5 tid=220 timed_waiting&#10;java.lang.Thread.State: TIMED_WAITING&#10;        at java.base@21.0.8/jdk.internal.misc.Unsafe.park(Native Method)&#10;        at java.base@21.0.8/java.util.concurrent.locks.LockSupport.parkNanos(LockSupport.java:269)&#10;        at java.base@21.0.8/java.util.concurrent.locks.AbstractQueuedSynchronizer$ConditionObject.awaitNanos(AbstractQueuedSynchronizer.java:1763)&#10;        at java.base@21.0.8/java.util.concurrent.LinkedBlockingQueue.poll(LinkedBlockingQueue.java:460)&#10;        at app//org.apache.hadoop.ipc.CallQueueManager.take(CallQueueManager.java:370)&#10;        at app//org.apache.hadoop.ipc.Server$Handler.run(Server.java:3165)&#10;&quot;IPC Server handler 76 on default port 15003&quot; daemon prio=5 tid=296 timed_waiting&#10;java.lang.Thread.State: TIMED_WAITING&#10;        at java.base@21.0.8/jdk.internal.misc.Unsafe.park(Native Method)&#10;        at java.base@21.0.8/java.util.concurrent.locks.LockSupport.parkNanos(LockSupport.java:269)&#10;        at java.base@21.0.8/java.util.concurrent.locks.AbstractQueuedSynchronizer$ConditionObject.awaitNanos(AbstractQueuedSynchronizer.java:1763)&#10;        at java.base@21.0.8/java.util.concurrent.LinkedBlockingQueue.poll(LinkedBlockingQueue.java:460)&#10;        at app//org.apache.hadoop.ipc.CallQueueManager.take(CallQueueManager.java:370)&#10;        at app//org.apache.hadoop.ipc.Server$Handler.run(Server.java:3165)&#10;&quot;grpc-default-executor-3&quot; daemon prio=5 tid=1109 timed_waiting&#10;java.lang.Thread.State: TIMED_WAITING&#10;        at java.base@21.0.8/jdk.internal.misc.Unsafe.park(Native Method)&#10;        at java.base@21.0.8/java.util.concurrent.locks.LockSupport.parkNanos(LockSupport.java:410)&#10;        at java.base@21.0.8/java.util.concurrent.LinkedTransferQueue$DualNode.await(LinkedTransferQueue.java:452)&#10;        at java.base@21.0.8/java.util.concurrent.SynchronousQueue$Transferer.xferLifo(SynchronousQueue.java:194)&#10;        at java.base@21.0.8/java.util.concurrent.SynchronousQueue.xfer(SynchronousQueue.java:235)&#10;        at java.base@21.0.8/java.util.concurrent.SynchronousQueue.poll(SynchronousQueue.java:338)&#10;        at java.base@21.0.8/java.util.concurrent.ThreadPoolExecutor.getTask(ThreadPoolExecutor.java:1069)&#10;        at java.base@21.0.8/java.util.concurrent.ThreadPoolExecutor.runWorker(ThreadPoolExecutor.java:1130)&#10;        at java.base@21.0.8/java.util.concurrent.ThreadPoolExecutor$Worker.run(ThreadPoolExecutor.java:642)&#10;        at java.base@21.0.8/java.lang.Thread.runWith(Thread.java:1596)&#10;        at java.base@21.0.8/java.lang.Thread.run(Thread.java:1583)&#10;&quot;IPC Server handler 85 on default port 15001&quot; daemon prio=5 tid=643 timed_waiting&#10;java.lang.Thread.State: TIMED_WAITING&#10;        at java.base@21.0.8/jdk.internal.misc.Unsafe.park(Native Method)&#10;        at java.base@21.0.8/java.util.concurrent.locks.LockSupport.parkNanos(LockSupport.java:269)&#10;        at java.base@21.0.8/java.util.concurrent.locks.AbstractQueuedSynchronizer$ConditionObject.awaitNanos(AbstractQueuedSynchronizer.java:1763)&#10;        at java.base@21.0.8/java.util.concurrent.LinkedBlockingQueue.poll(LinkedBlockingQueue.java:460)&#10;        at app//org.apache.hadoop.ipc.CallQueueManager.take(CallQueueManager.java:370)&#10;        at app//org.apache.hadoop.ipc.Server$Handler.run(Server.java:3165)&#10;&quot;timer2&quot; daemon prio=5 tid=1115 timed_waiting&#10;java.lang.Thread.State: TIMED_WAITING&#10;        at java.base@21.0.8/java.lang.Object.wait0(Native Method)&#10;        at java.base@21.0.8/java.lang.Object.wait(Object.java:366)&#10;        at java.base@21.0.8/java.util.TimerThread.mainLoop(Timer.java:563)&#10;        at java.base@21.0.8/java.util.TimerThread.run(Timer.java:516)&#10;&quot;IPC Server handler 32 on default port 15001&quot; daemon prio=5 tid=590 timed_waiting&#10;java.lang.Thread.State: TIMED_WAITING&#10;        at java.base@21.0.8/jdk.internal.misc.Unsafe.park(Native Method)&#10;        at java.base@21.0.8/java.util.concurrent.locks.LockSupport.parkNanos(LockSupport.java:269)&#10;        at java.base@21.0.8/java.util.concurrent.locks.AbstractQueuedSynchronizer$ConditionObject.awaitNanos(AbstractQueuedSynchronizer.java:1763)&#10;        at java.base@21.0.8/java.util.concurrent.LinkedBlockingQueue.poll(LinkedBlockingQueue.java:460)&#10;        at app//org.apache.hadoop.ipc.CallQueueManager.take(CallQueueManager.java:370)&#10;        at app//org.apache.hadoop.ipc.Server$Handler.run(Server.java:3165)&#10;&quot;NetworkTopologyPoller&quot; daemon prio=5 tid=471 timed_waiting&#10;java.lang.Thread.State: TIMED_WAITING&#10;        at java.base@21.0.8/jdk.internal.misc.Unsafe.park(Native Method)&#10;        at java.base@21.0.8/java.util.concurrent.locks.LockSupport.parkNanos(LockSupport.java:269)&#10;        at java.base@21.0.8/java.util.concurrent.locks.AbstractQueuedSynchronizer$ConditionObject.awaitNanos(AbstractQueuedSynchronizer.java:1763)&#10;        at java.base@21.0.8/java.util.concurrent.ScheduledThreadPoolExecutor$DelayedWorkQueue.take(ScheduledThreadPoolExecutor.java:1182)&#10;        at java.base@21.0.8/java.util.concurrent.ScheduledThreadPoolExecutor$DelayedWorkQueue.take(ScheduledThreadPoolExecutor.java:899)&#10;        at java.base@21.0.8/java.util.concurrent.ThreadPoolExecutor.getTask(ThreadPoolExecutor.java:1070)&#10;        at java.base@21.0.8/java.util.concurrent.ThreadPoolExecutor.runWorker(ThreadPoolExecutor.java:1130)&#10;        at java.base@21.0.8/java.util.concurrent.ThreadPoolExecutor$Worker.run(ThreadPoolExecutor.java:642)&#10;        at java.base@21.0.8/java.lang.Thread.runWith(Thread.java:1596)&#10;        at java.base@21.0.8/java.lang.Thread.run(Thread.java:1583)&#10;&quot;org.apache.hadoop.ozone.container.common.statemachine.commandhandler.DeleteBlocksCommandHandler$DeleteCmdWorker@4b9010cf&quot; daemon prio=5 tid=716 timed_waiting&#10;java.lang.Thread.State: TIMED_WAITING&#10;        at java.base@21.0.8/java.lang.Thread.sleep0(Native Method)&#10;        at java.base@21.0.8/java.lang.Thread.sleep(Thread.java:509)&#10;        at app//org.apache.hadoop.ozone.container.common.statemachine.commandhandler.DeleteBlocksCommandHandler$DeleteCmdWorker.run(DeleteBlocksCommandHandler.java:260)&#10;        at java.base@21.0.8/java.lang.Thread.runWith(Thread.java:1596)&#10;        at java.base@21.0.8/java.lang.Thread.run(Thread.java:1583)&#10;&quot;ContainerMetadataScanner&quot; daemon prio=5 tid=952 timed_waiting&#10;java.lang.Thread.State: TIMED_WAITING&#10;        at java.base@21.0.8/java.lang.Thread.sleep0(Native Method)&#10;        at java.base@21.0.8/java.lang.Thread.sleep(Thread.java:509)&#10;        at app//org.apache.hadoop.ozone.container.ozoneimpl.AbstractBackgroundContainerScanner.handleRemainingSleep(AbstractBackgroundContainerScanner.java:133)&#10;        at app//org.apache.hadoop.ozone.container.ozoneimpl.AbstractBackgroundContainerScanner.runIteration(AbstractBackgroundContainerScanner.java:100)&#10;        at app//org.apache.hadoop.ozone.container.ozoneimpl.AbstractBackgroundContainerScanner.run(AbstractBackgroundContainerScanner.java:59)&#10;        at java.base@21.0.8/java.lang.Thread.runWith(Thread.java:1596)&#10;        at java.base@21.0.8/java.lang.Thread.run(Thread.java:1583)&#10;&quot;Timer-1&quot; daemon prio=5 tid=513 in Object.wait()&#10;java.lang.Thread.State: WAITING (on object monitor)&#10;        at java.base@21.0.8/java.lang.Object.wait0(Native Method)&#10;        at java.base@21.0.8/java.lang.Object.wait(Object.java:366)&#10;        at java.base@21.0.8/java.lang.Object.wait(Object.java:339)&#10;        at java.base@21.0.8/java.util.TimerThread.mainLoop(Timer.java:537)&#10;        at java.base@21.0.8/java.util.TimerThread.run(Timer.java:516)&#10;&quot;c11f8a16-55ee-4f22-a5a5-7daf2dffa753@group-5472C7309C8C-cacheEviction-AwaitToRun&quot; daemon prio=5 tid=1054 in Object.wait()&#10;java.lang.Thread.State: WAITING (on object monitor)&#10;        at java.base@21.0.8/jdk.internal.misc.Unsafe.park(Native Method)&#10;        at java.base@21.0.8/java.util.concurrent.locks.LockSupport.park(LockSupport.java:371)&#10;        at java.base@21.0.8/java.util.concurrent.locks.AbstractQueuedSynchronizer$ConditionNode.block(AbstractQueuedSynchronizer.java:519)&#10;        at java.base@21.0.8/java.util.concurrent.ForkJoinPool.unmanagedBlock(ForkJoinPool.java:3780)&#10;        at java.base@21.0.8/java.util.concurrent.ForkJoinPool.managedBlock(ForkJoinPool.java:3725)&#10;        at java.base@21.0.8/java.util.concurrent.locks.AbstractQueuedSynchronizer$ConditionObject.await(AbstractQueuedSynchronizer.java:1712)&#10;        at app//org.apache.ratis.util.AwaitForSignal.await(AwaitForSignal.java:48)&#10;        at app//org.apache.ratis.util.AwaitToRun$RunnableImpl.run(AwaitToRun.java:47)&#10;        at java.base@21.0.8/java.lang.Thread.runWith(Thread.java:1596)&#10;        at java.base@21.0.8/java.lang.Thread.run(Thread.java:1583)&#10;&quot;EventQueue-CloseContainerForCloseContainerEventHandler&quot; daemon prio=5 tid=1287 in Object.wait()&#10;java.lang.Thread.State: WAITING (on object monitor)&#10;        at java.base@21.0.8/jdk.internal.misc.Unsafe.park(Native Method)&#10;        at java.base@21.0.8/java.util.concurrent.locks.LockSupport.park(LockSupport.java:371)&#10;        at java.base@21.0.8/java.util.concurrent.locks.AbstractQueuedSynchronizer$ConditionNode.block(AbstractQueuedSynchronizer.java:519)&#10;        at java.base@21.0.8/java.util.concurrent.ForkJoinPool.unmanagedBlock(ForkJoinPool.java:3780)&#10;        at java.base@21.0.8/java.util.concurrent.ForkJoinPool.managedBlock(ForkJoinPool.java:3725)&#10;        at java.base@21.0.8/java.util.concurrent.locks.AbstractQueuedSynchronizer$ConditionObject.await(AbstractQueuedSynchronizer.java:1712)&#10;        at java.base@21.0.8/java.util.concurrent.LinkedBlockingQueue.take(LinkedBlockingQueue.java:435)&#10;        at java.base@21.0.8/java.util.concurrent.ThreadPoolExecutor.getTask(ThreadPoolExecutor.java:1070)&#10;        at java.base@21.0.8/java.util.concurrent.ThreadPoolExecutor.runWorker(ThreadPoolExecutor.java:1130)&#10;        at java.base@21.0.8/java.util.concurrent.ThreadPoolExecutor$Worker.run(ThreadPoolExecutor.java:642)&#10;        at java.base@21.0.8/java.lang.Thread.runWith(Thread.java:1596)&#10;        at java.base@21.0.8/java.lang.Thread.run(Thread.java:1583)&#10;&quot;JvmPauseMonitor5&quot; daemon prio=5 tid=897 timed_waiting&#10;java.lang.Thread.State: TIMED_WAITING&#10;        at java.base@21.0.8/java.lang.Thread.sleep0(Native Method)&#10;        at java.base@21.0.8/java.lang.Thread.sleep(Thread.java:558)&#10;        at java.base@21.0.8/java.util.concurrent.TimeUnit.sleep(TimeUnit.java:446)&#10;        at app//org.apache.ratis.util.TimeDuration.sleep(TimeDuration.java:353)&#10;        at app//org.apache.ratis.util.TimeDuration.sleep(TimeDuration.java:338)&#10;        at app//org.apache.ratis.util.JvmPauseMonitor.detectPause(JvmPauseMonitor.java:160)&#10;        at app//org.apache.ratis.util.JvmPauseMonitor.run(JvmPauseMonitor.java:149)&#10;        at app//org.apache.ratis.util.JvmPauseMonitor$$Lambda/0x00007f9d6c3ae540.run(Unknown Source)&#10;        at java.base@21.0.8/java.lang.Thread.runWith(Thread.java:1596)&#10;        at java.base@21.0.8/java.lang.Thread.run(Thread.java:1583)&#10;&quot;IPC Server handler 35 on default port 15003&quot; daemon prio=5 tid=255 timed_waiting&#10;java.lang.Thread.State: TIMED_WAITING&#10;        at java.base@21.0.8/jdk.internal.misc.Unsafe.park(Native Method)&#10;        at java.base@21.0.8/java.util.concurrent.locks.LockSupport.parkNanos(LockSupport.java:269)&#10;        at java.base@21.0.8/java.util.concurrent.locks.AbstractQueuedSynchronizer$ConditionObject.awaitNanos(AbstractQueuedSynchronizer.java:1763)&#10;        at java.base@21.0.8/java.util.concurrent.LinkedBlockingQueue.poll(LinkedBlockingQueue.java:460)&#10;        at app//org.apache.hadoop.ipc.CallQueueManager.take(CallQueueManager.java:370)&#10;        at app//org.apache.hadoop.ipc.Server$Handler.run(Server.java:3165)&#10;&quot;IPC Server handler 67 on default port 15001&quot; daemon prio=5 tid=625 timed_waiting&#10;java.lang.Thread.State: TIMED_WAITING&#10;        at java.base@21.0.8/jdk.internal.misc.Unsafe.park(Native Method)&#10;        at java.base@21.0.8/java.util.concurrent.locks.LockSupport.parkNanos(LockSupport.java:269)&#10;        at java.base@21.0.8/java.util.concurrent.locks.AbstractQueuedSynchronizer$ConditionObject.awaitNanos(AbstractQueuedSynchronizer.java:1763)&#10;        at java.base@21.0.8/java.util.concurrent.LinkedBlockingQueue.poll(LinkedBlockingQueue.java:460)&#10;        at app//org.apache.hadoop.ipc.CallQueueManager.take(CallQueueManager.java:370)&#10;        at app//org.apache.hadoop.ipc.Server$Handler.run(Server.java:3165)&#10;&quot;c11f8a16-55ee-4f22-a5a5-7daf2dffa753-ChunkReader-ELG-0&quot; daemon prio=5 tid=898 runnable&#10;java.lang.Thread.State: RUNNABLE&#10;        at app//org.apache.ratis.thirdparty.io.netty.channel.epoll.Native.epollWait(Native Method)&#10;        at app//org.apache.ratis.thirdparty.io.netty.channel.epoll.Native.epollWait(Native.java:220)&#10;        at app//org.apache.ratis.thirdparty.io.netty.channel.epoll.Native.epollWait(Native.java:213)&#10;        at app//org.apache.ratis.thirdparty.io.netty.channel.epoll.EpollEventLoop.epollWaitNoTimerChange(EpollEventLoop.java:308)&#10;        at app//org.apache.ratis.thirdparty.io.netty.channel.epoll.EpollEventLoop.run(EpollEventLoop.java:365)&#10;        at app//org.apache.ratis.thirdparty.io.netty.util.concurrent.SingleThreadEventExecutor$4.run(SingleThreadEventExecutor.java:998)&#10;        at app//org.apache.ratis.thirdparty.io.netty.util.internal.ThreadExecutorMap$2.run(ThreadExecutorMap.java:74)&#10;        at java.base@21.0.8/java.lang.Thread.runWith(Thread.java:1596)&#10;        at java.base@21.0.8/java.lang.Thread.run(Thread.java:1583)&#10;&quot;Socket Reader #7 for port 15045&quot; daemon prio=5 tid=927 runnable&#10;java.lang.Thread.State: RUNNABLE&#10;        at java.base@21.0.8/sun.nio.ch.EPoll.wait(Native Method)&#10;        at java.base@21.0.8/sun.nio.ch.EPollSelectorImpl.doSelect(EPollSelectorImpl.java:121)&#10;        at java.base@21.0.8/sun.nio.ch.SelectorImpl.lockAndDoSelect(SelectorImpl.java:130)&#10;        at java.base@21.0.8/sun.nio.ch.SelectorImpl.select(SelectorImpl.java:147)&#10;        at app//org.apache.hadoop.ipc.Server$Listener$Reader.doRunLoop(Server.java:1497)&#10;        at app//org.apache.hadoop.ipc.Server$Listener$Reader.run(Server.java:1476)&#10;&quot;IPC Server handler 74 on default port 15003&quot; daemon prio=5 tid=294 timed_waiting&#10;java.lang.Thread.State: TIMED_WAITING&#10;        at java.base@21.0.8/jdk.internal.misc.Unsafe.park(Native Method)&#10;        at java.base@21.0.8/java.util.concurrent.locks.LockSupport.parkNanos(LockSupport.java:269)&#10;        at java.base@21.0.8/java.util.concurrent.locks.AbstractQueuedSynchronizer$ConditionObject.awaitNanos(AbstractQueuedSynchronizer.java:1763)&#10;        at java.base@21.0.8/java.util.concurrent.LinkedBlockingQueue.poll(LinkedBlockingQueue.java:460)&#10;        at app//org.apache.hadoop.ipc.CallQueueManager.take(CallQueueManager.java:370)&#10;        at app//org.apache.hadoop.ipc.Server$Handler.run(Server.java:3165)&#10;&quot;IPC Server handler 86 on default port 15003&quot; daemon prio=5 tid=306 timed_waiting&#10;java.lang.Thread.State: TIMED_WAITING&#10;        at java.base@21.0.8/jdk.internal.misc.Unsafe.park(Native Method)&#10;        at java.base@21.0.8/java.util.concurrent.locks.LockSupport.parkNanos(LockSupport.java:269)&#10;        at java.base@21.0.8/java.util.concurrent.locks.AbstractQueuedSynchronizer$ConditionObject.awaitNanos(AbstractQueuedSynchronizer.java:1763)&#10;        at java.base@21.0.8/java.util.concurrent.LinkedBlockingQueue.poll(LinkedBlockingQueue.java:460)&#10;        at app//org.apache.hadoop.ipc.CallQueueManager.take(CallQueueManager.java:370)&#10;        at app//org.apache.hadoop.ipc.Server$Handler.run(Server.java:3165)&#10;&quot;7d2db622-5327-4122-ba03-be97b5575303-ChunkWriter-0-0&quot; daemon prio=5 tid=965 in Object.wait()&#10;java.lang.Thread.State: WAITING (on object monitor)&#10;        at java.base@21.0.8/jdk.internal.misc.Unsafe.park(Native Method)&#10;        at java.base@21.0.8/java.util.concurrent.locks.LockSupport.park(LockSupport.java:371)&#10;        at java.base@21.0.8/java.util.concurrent.locks.AbstractQueuedSynchronizer$ConditionNode.block(AbstractQueuedSynchronizer.java:519)&#10;        at java.base@21.0.8/java.util.concurrent.ForkJoinPool.unmanagedBlock(ForkJoinPool.java:3780)&#10;        at java.base@21.0.8/java.util.concurrent.ForkJoinPool.managedBlock(ForkJoinPool.java:3725)&#10;        at java.base@21.0.8/java.util.concurrent.locks.AbstractQueuedSynchronizer$ConditionObject.await(AbstractQueuedSynchronizer.java:1712)&#10;        at java.base@21.0.8/java.util.concurrent.LinkedBlockingDeque.takeFirst(LinkedBlockingDeque.java:485)&#10;        at java.base@21.0.8/java.util.concurrent.LinkedBlockingDeque.take(LinkedBlockingDeque.java:673)&#10;        at java.base@21.0.8/java.util.concurrent.ThreadPoolExecutor.getTask(ThreadPoolExecutor.java:1070)&#10;        at java.base@21.0.8/java.util.concurrent.ThreadPoolExecutor.runWorker(ThreadPoolExecutor.java:1130)&#10;        at java.base@21.0.8/java.util.concurrent.ThreadPoolExecutor$Worker.run(ThreadPoolExecutor.java:642)&#10;        at java.base@21.0.8/java.lang.Thread.runWith(Thread.java:1596)&#10;        at java.base@21.0.8/java.lang.Thread.run(Thread.java:1583)&#10;&quot;IPC Server handler 21 on default port 15004&quot; daemon prio=5 tid=359 timed_waiting&#10;java.lang.Thread.State: TIMED_WAITING&#10;        at java.base@21.0.8/jdk.internal.misc.Unsafe.park(Native Method)&#10;        at java.base@21.0.8/java.util.concurrent.locks.LockSupport.parkNanos(LockSupport.java:269)&#10;        at java.base@21.0.8/java.util.concurrent.locks.AbstractQueuedSynchronizer$ConditionObject.awaitNanos(AbstractQueuedSynchronizer.java:1763)&#10;        at java.base@21.0.8/java.util.concurrent.LinkedBlockingQueue.poll(LinkedBlockingQueue.java:460)&#10;        at app//org.apache.hadoop.ipc.CallQueueManager.take(CallQueueManager.java:370)&#10;        at app//org.apache.hadoop.ipc.Server$Handler.run(Server.java:3165)&#10;&quot;IPC Server handler 33 on default port 15001&quot; daemon prio=5 tid=591 timed_waiting&#10;java.lang.Thread.State: TIMED_WAITING&#10;        at java.base@21.0.8/jdk.internal.misc.Unsafe.park(Native Method)&#10;        at java.base@21.0.8/java.util.concurrent.locks.LockSupport.parkNanos(LockSupport.java:269)&#10;        at java.base@21.0.8/java.util.concurrent.locks.AbstractQueuedSynchronizer$ConditionObject.awaitNanos(AbstractQueuedSynchronizer.java:1763)&#10;        at java.base@21.0.8/java.util.concurrent.LinkedBlockingQueue.poll(LinkedBlockingQueue.java:460)&#10;        at app//org.apache.hadoop.ipc.CallQueueManager.take(CallQueueManager.java:370)&#10;        at app//org.apache.hadoop.ipc.Server$Handler.run(Server.java:3165)&#10;&quot;RatisPipelineUtilsThread-0&quot;  prio=5 tid=54 timed_waiting&#10;java.lang.Thread.State: TIMED_WAITING&#10;        at java.base@21.0.8/java.lang.Object.wait0(Native Method)&#10;        at java.base@21.0.8/java.lang.Object.wait(Object.java:366)&#10;        at app//org.apache.hadoop.hdds.scm.pipeline.BackgroundPipelineCreator.run(BackgroundPipelineCreator.java:181)&#10;        at app//org.apache.hadoop.hdds.scm.pipeline.BackgroundPipelineCreator$$Lambda/0x00007f9d6c504920.run(Unknown Source)&#10;        at java.base@21.0.8/java.lang.Thread.runWith(Thread.java:1596)&#10;        at java.base@21.0.8/java.lang.Thread.run(Thread.java:1583)&#10;&quot;Recon-FixedThreadPoolWithAffinityExecutor-3-0&quot; daemon prio=5 tid=537 timed_waiting&#10;java.lang.Thread.State: TIMED_WAITING&#10;        at java.base@21.0.8/jdk.internal.misc.Unsafe.park(Native Method)&#10;        at java.base@21.0.8/java.util.concurrent.locks.LockSupport.parkNanos(LockSupport.java:269)&#10;        at java.base@21.0.8/java.util.concurrent.locks.AbstractQueuedSynchronizer$ConditionObject.awaitNanos(AbstractQueuedSynchronizer.java:1763)&#10;        at java.base@21.0.8/java.util.concurrent.LinkedBlockingQueue.poll(LinkedBlockingQueue.java:460)&#10;        at app//org.apache.hadoop.hdds.scm.server.ContainerReportQueue.poll(ContainerReportQueue.java:269)&#10;        at app//org.apache.hadoop.hdds.scm.server.ContainerReportQueue.poll(ContainerReportQueue.java:42)&#10;        at app//org.apache.hadoop.hdds.server.events.FixedThreadPoolWithAffinityExecutor$ContainerReportProcessTask.run(FixedThreadPoolWithAffinityExecutor.java:228)&#10;        at java.base@21.0.8/java.util.concurrent.Executors$RunnableAdapter.call(Executors.java:572)&#10;        at java.base@21.0.8/java.util.concurrent.FutureTask.run(FutureTask.java:317)&#10;        at java.base@21.0.8/java.util.concurrent.ThreadPoolExecutor.runWorker(ThreadPoolExecutor.java:1144)&#10;        at java.base@21.0.8/java.util.concurrent.ThreadPoolExecutor$Worker.run(ThreadPoolExecutor.java:642)&#10;        at java.base@21.0.8/java.lang.Thread.runWith(Thread.java:1596)&#10;        at java.base@21.0.8/java.lang.Thread.run(Thread.java:1583)&#10;&quot;IPC Server handler 34 on default port 15001&quot; daemon prio=5 tid=592 timed_waiting&#10;java.lang.Thread.State: TIMED_WAITING&#10;        at java.base@21.0.8/jdk.internal.misc.Unsafe.park(Native Method)&#10;        at java.base@21.0.8/java.util.concurrent.locks.LockSupport.parkNanos(LockSupport.java:269)&#10;        at java.base@21.0.8/java.util.concurrent.locks.AbstractQueuedSynchronizer$ConditionObject.awaitNanos(AbstractQueuedSynchronizer.java:1763)&#10;        at java.base@21.0.8/java.util.concurrent.LinkedBlockingQueue.poll(LinkedBlockingQueue.java:460)&#10;        at app//org.apache.hadoop.ipc.CallQueueManager.take(CallQueueManager.java:370)&#10;        at app//org.apache.hadoop.ipc.Server$Handler.run(Server.java:3165)&#10;&quot;om1-SnapshotDiffCleanupService#0&quot; daemon prio=5 tid=443 timed_waiting&#10;java.lang.Thread.State: TIMED_WAITING&#10;        at java.base@21.0.8/jdk.internal.misc.Unsafe.park(Native Method)&#10;        at java.base@21.0.8/java.util.concurrent.locks.LockSupport.parkNanos(LockSupport.java:269)&#10;        at java.base@21.0.8/java.util.concurrent.locks.AbstractQueuedSynchronizer$ConditionObject.awaitNanos(AbstractQueuedSynchronizer.java:1763)&#10;        at java.base@21.0.8/java.util.concurrent.ScheduledThreadPoolExecutor$DelayedWorkQueue.take(ScheduledThreadPoolExecutor.java:1182)&#10;        at java.base@21.0.8/java.util.concurrent.ScheduledThreadPoolExecutor$DelayedWorkQueue.take(ScheduledThreadPoolExecutor.java:899)&#10;        at java.base@21.0.8/java.util.concurrent.ThreadPoolExecutor.getTask(ThreadPoolExecutor.java:1070)&#10;        at java.base@21.0.8/java.util.concurrent.ThreadPoolExecutor.runWorker(ThreadPoolExecutor.java:1130)&#10;        at java.base@21.0.8/java.util.concurrent.ThreadPoolExecutor$Worker.run(ThreadPoolExecutor.java:642)&#10;        at java.base@21.0.8/java.lang.Thread.runWith(Thread.java:1596)&#10;        at java.base@21.0.8/java.lang.Thread.run(Thread.java:1583)&#10;&quot;LeakDetector-OzoneClientObject1&quot; daemon prio=5 tid=1122 in Object.wait()&#10;java.lang.Thread.State: WAITING (on object monitor)&#10;        at java.base@21.0.8/jdk.internal.misc.Unsafe.park(Native Method)&#10;        at java.base@21.0.8/java.util.concurrent.locks.LockSupport.park(LockSupport.java:371)&#10;        at java.base@21.0.8/java.util.concurrent.locks.AbstractQueuedSynchronizer$ConditionNode.block(AbstractQueuedSynchronizer.java:519)&#10;        at java.base@21.0.8/java.util.concurrent.ForkJoinPool.unmanagedBlock(ForkJoinPool.java:3780)&#10;        at java.base@21.0.8/java.util.concurrent.ForkJoinPool.managedBlock(ForkJoinPool.java:3725)&#10;        at java.base@21.0.8/java.util.concurrent.locks.AbstractQueuedSynchronizer$ConditionObject.await(AbstractQueuedSynchronizer.java:1712)&#10;        at java.base@21.0.8/java.lang.ref.ReferenceQueue.await(ReferenceQueue.java:67)&#10;        at java.base@21.0.8/java.lang.ref.ReferenceQueue.remove0(ReferenceQueue.java:158)&#10;        at java.base@21.0.8/java.lang.ref.ReferenceQueue.remove(ReferenceQueue.java:234)&#10;        at app//org.apache.hadoop.hdds.utils.LeakDetector.run(LeakDetector.java:79)&#10;        at app//org.apache.hadoop.hdds.utils.LeakDetector$$Lambda/0x00007f9d6c495708.run(Unknown Source)&#10;        at java.base@21.0.8/java.lang.Thread.runWith(Thread.java:1596)&#10;        at java.base@21.0.8/java.lang.Thread.run(Thread.java:1583)&#10;&quot;IPC Server handler 7 on default port 15003&quot; daemon prio=5 tid=227 timed_waiting&#10;java.lang.Thread.State: TIMED_WAITING&#10;        at java.base@21.0.8/jdk.internal.misc.Unsafe.park(Native Method)&#10;        at java.base@21.0.8/java.util.concurrent.locks.LockSupport.parkNanos(LockSupport.java:269)&#10;        at java.base@21.0.8/java.util.concurrent.locks.AbstractQueuedSynchronizer$ConditionObject.awaitNanos(AbstractQueuedSynchronizer.java:1763)&#10;        at java.base@21.0.8/java.util.concurrent.LinkedBlockingQueue.poll(LinkedBlockingQueue.java:460)&#10;        at app//org.apache.hadoop.ipc.CallQueueManager.take(CallQueueManager.java:370)&#10;        at app//org.apache.hadoop.ipc.Server$Handler.run(Server.java:3165)&#10;&quot;FixedThreadPoolWithAffinityExecutor-2-0&quot; daemon prio=5 tid=105 timed_waiting&#10;java.lang.Thread.State: TIMED_WAITING&#10;        at java.base@21.0.8/jdk.internal.misc.Unsafe.park(Native Method)&#10;        at java.base@21.0.8/java.util.concurrent.locks.LockSupport.parkNanos(LockSupport.java:269)&#10;        at java.base@21.0.8/java.util.concurrent.locks.AbstractQueuedSynchronizer$ConditionObject.awaitNanos(AbstractQueuedSynchronizer.java:1763)&#10;        at java.base@21.0.8/java.util.concurrent.LinkedBlockingQueue.poll(LinkedBlockingQueue.java:460)&#10;        at app//org.apache.hadoop.hdds.scm.server.ContainerReportQueue.poll(ContainerReportQueue.java:269)&#10;        at app//org.apache.hadoop.hdds.scm.server.ContainerReportQueue.poll(ContainerReportQueue.java:42)&#10;        at app//org.apache.hadoop.hdds.server.events.FixedThreadPoolWithAffinityExecutor$ContainerReportProcessTask.run(FixedThreadPoolWithAffinityExecutor.java:228)&#10;        at java.base@21.0.8/java.util.concurrent.Executors$RunnableAdapter.call(Executors.java:572)&#10;        at java.base@21.0.8/java.util.concurrent.FutureTask.run(FutureTask.java:317)&#10;        at java.base@21.0.8/java.util.concurrent.ThreadPoolExecutor.runWorker(ThreadPoolExecutor.java:1144)&#10;        at java.base@21.0.8/java.util.concurrent.ThreadPoolExecutor$Worker.run(ThreadPoolExecutor.java:642)&#10;        at java.base@21.0.8/java.lang.Thread.runWith(Thread.java:1596)&#10;        at java.base@21.0.8/java.lang.Thread.run(Thread.java:1583)&#10;&quot;IPC Server handler 55 on default port 15002&quot; daemon prio=5 tid=175 timed_waiting&#10;java.lang.Thread.State: TIMED_WAITING&#10;        at java.base@21.0.8/jdk.internal.misc.Unsafe.park(Native Method)&#10;        at java.base@21.0.8/java.util.concurrent.locks.LockSupport.parkNanos(LockSupport.java:269)&#10;        at java.base@21.0.8/java.util.concurrent.locks.AbstractQueuedSynchronizer$ConditionObject.awaitNanos(AbstractQueuedSynchronizer.java:1763)&#10;        at java.base@21.0.8/java.util.concurrent.LinkedBlockingQueue.poll(LinkedBlockingQueue.java:460)&#10;        at app//org.apache.hadoop.ipc.CallQueueManager.take(CallQueueManager.java:370)&#10;        at app//org.apache.hadoop.ipc.Server$Handler.run(Server.java:3165)&#10;&quot;IPC Server handler 84 on default port 15004&quot; daemon prio=5 tid=422 timed_waiting&#10;java.lang.Thread.State: TIMED_WAITING&#10;        at java.base@21.0.8/jdk.internal.misc.Unsafe.park(Native Method)&#10;        at java.base@21.0.8/java.util.concurrent.locks.LockSupport.parkNanos(LockSupport.java:269)&#10;        at java.base@21.0.8/java.util.concurrent.locks.AbstractQueuedSynchronizer$ConditionObject.awaitNanos(AbstractQueuedSynchronizer.java:1763)&#10;        at java.base@21.0.8/java.util.concurrent.LinkedBlockingQueue.poll(LinkedBlockingQueue.java:460)&#10;        at app//org.apache.hadoop.ipc.CallQueueManager.take(CallQueueManager.java:370)&#10;        at app//org.apache.hadoop.ipc.Server$Handler.run(Server.java:3165)&#10;&quot;Socket Reader #4 for port 15004&quot; daemon prio=5 tid=65 runnable&#10;java.lang.Thread.State: RUNNABLE&#10;        at java.base@21.0.8/sun.nio.ch.EPoll.wait(Native Method)&#10;        at java.base@21.0.8/sun.nio.ch.EPollSelectorImpl.doSelect(EPollSelectorImpl.java:121)&#10;        at java.base@21.0.8/sun.nio.ch.SelectorImpl.lockAndDoSelect(SelectorImpl.java:130)&#10;        at java.base@21.0.8/sun.nio.ch.SelectorImpl.select(SelectorImpl.java:147)&#10;        at app//org.apache.hadoop.ipc.Server$Listener$Reader.doRunLoop(Server.java:1497)&#10;        at app//org.apache.hadoop.ipc.Server$Listener$Reader.run(Server.java:1476)&#10;&quot;IPC Server handler 58 on default port 15001&quot; daemon prio=5 tid=616 timed_waiting&#10;java.lang.Thread.State: TIMED_WAITING&#10;        at java.base@21.0.8/jdk.internal.misc.Unsafe.park(Native Method)&#10;        at java.base@21.0.8/java.util.concurrent.locks.LockSupport.parkNanos(LockSupport.java:269)&#10;        at java.base@21.0.8/java.util.concurrent.locks.AbstractQueuedSynchronizer$ConditionObject.awaitNanos(AbstractQueuedSynchronizer.java:1763)&#10;        at java.base@21.0.8/java.util.concurrent.LinkedBlockingQueue.poll(LinkedBlockingQueue.java:460)&#10;        at app//org.apache.hadoop.ipc.CallQueueManager.take(CallQueueManager.java:370)&#10;        at app//org.apache.hadoop.ipc.Server$Handler.run(Server.java:3165)&#10;&quot;IPC Server handler 26 on default port 15004&quot; daemon prio=5 tid=364 timed_waiting&#10;java.lang.Thread.State: TIMED_WAITING&#10;        at java.base@21.0.8/jdk.internal.misc.Unsafe.park(Native Method)&#10;        at java.base@21.0.8/java.util.concurrent.locks.LockSupport.parkNanos(LockSupport.java:269)&#10;        at java.base@21.0.8/java.util.concurrent.locks.AbstractQueuedSynchronizer$ConditionObject.awaitNanos(AbstractQueuedSynchronizer.java:1763)&#10;        at java.base@21.0.8/java.util.concurrent.LinkedBlockingQueue.poll(LinkedBlockingQueue.java:460)&#10;        at app//org.apache.hadoop.ipc.CallQueueManager.take(CallQueueManager.java:370)&#10;        at app//org.apache.hadoop.ipc.Server$Handler.run(Server.java:3165)&#10;&quot;IPC Server handler 57 on default port 15003&quot; daemon prio=5 tid=277 timed_waiting&#10;java.lang.Thread.State: TIMED_WAITING&#10;        at java.base@21.0.8/jdk.internal.misc.Unsafe.park(Native Method)&#10;        at java.base@21.0.8/java.util.concurrent.locks.LockSupport.parkNanos(LockSupport.java:269)&#10;        at java.base@21.0.8/java.util.concurrent.locks.AbstractQueuedSynchronizer$ConditionObject.awaitNanos(AbstractQueuedSynchronizer.java:1763)&#10;        at java.base@21.0.8/java.util.concurrent.LinkedBlockingQueue.poll(LinkedBlockingQueue.java:460)&#10;        at app//org.apache.hadoop.ipc.CallQueueManager.take(CallQueueManager.java:370)&#10;        at app//org.apache.hadoop.ipc.Server$Handler.run(Server.java:3165)&#10;&quot;c11f8a16-55ee-4f22-a5a5-7daf2dffa753-DatanodeReportManager-1&quot; daemon prio=5 tid=753 in Object.wait()&#10;java.lang.Thread.State: WAITING (on object monitor)&#10;        at java.base@21.0.8/jdk.internal.misc.Unsafe.park(Native Method)&#10;        at java.base@21.0.8/java.util.concurrent.locks.LockSupport.park(LockSupport.java:371)&#10;        at java.base@21.0.8/java.util.concurrent.locks.AbstractQueuedSynchronizer$ConditionNode.block(AbstractQueuedSynchronizer.java:519)&#10;        at java.base@21.0.8/java.util.concurrent.ForkJoinPool.unmanagedBlock(ForkJoinPool.java:3780)&#10;        at java.base@21.0.8/java.util.concurrent.ForkJoinPool.managedBlock(ForkJoinPool.java:3725)&#10;        at java.base@21.0.8/java.util.concurrent.locks.AbstractQueuedSynchronizer$ConditionObject.await(AbstractQueuedSynchronizer.java:1712)&#10;        at java.base@21.0.8/java.util.concurrent.ScheduledThreadPoolExecutor$DelayedWorkQueue.take(ScheduledThreadPoolExecutor.java:1177)&#10;        at java.base@21.0.8/java.util.concurrent.ScheduledThreadPoolExecutor$DelayedWorkQueue.take(ScheduledThreadPoolExecutor.java:899)&#10;        at java.base@21.0.8/java.util.concurrent.ThreadPoolExecutor.getTask(ThreadPoolExecutor.java:1070)&#10;        at java.base@21.0.8/java.util.concurrent.ThreadPoolExecutor.runWorker(ThreadPoolExecutor.java:1130)&#10;        at java.base@21.0.8/java.util.concurrent.ThreadPoolExecutor$Worker.run(ThreadPoolExecutor.java:642)&#10;        at java.base@21.0.8/java.lang.Thread.runWith(Thread.java:1596)&#10;        at java.base@21.0.8/java.lang.Thread.run(Thread.java:1583)&#10;&quot;IPC Server handler 15 on default port 15003&quot; daemon prio=5 tid=235 timed_waiting&#10;java.lang.Thread.State: TIMED_WAITING&#10;        at java.base@21.0.8/jdk.internal.misc.Unsafe.park(Native Method)&#10;        at java.base@21.0.8/java.util.concurrent.locks.LockSupport.parkNanos(LockSupport.java:269)&#10;        at java.base@21.0.8/java.util.concurrent.locks.AbstractQueuedSynchronizer$ConditionObject.awaitNanos(AbstractQueuedSynchronizer.java:1763)&#10;        at java.base@21.0.8/java.util.concurrent.LinkedBlockingQueue.poll(LinkedBlockingQueue.java:460)&#10;        at app//org.apache.hadoop.ipc.CallQueueManager.take(CallQueueManager.java:370)&#10;        at app//org.apache.hadoop.ipc.Server$Handler.run(Server.java:3165)&#10;&quot;IPC Server handler 96 on default port 15001&quot; daemon prio=5 tid=654 timed_waiting&#10;java.lang.Thread.State: TIMED_WAITING&#10;        at java.base@21.0.8/jdk.internal.misc.Unsafe.park(Native Method)&#10;        at java.base@21.0.8/java.util.concurrent.locks.LockSupport.parkNanos(LockSupport.java:269)&#10;        at java.base@21.0.8/java.util.concurrent.locks.AbstractQueuedSynchronizer$ConditionObject.awaitNanos(AbstractQueuedSynchronizer.java:1763)&#10;        at java.base@21.0.8/java.util.concurrent.LinkedBlockingQueue.poll(LinkedBlockingQueue.java:460)&#10;        at app//org.apache.hadoop.ipc.CallQueueManager.take(CallQueueManager.java:370)&#10;        at app//org.apache.hadoop.ipc.Server$Handler.run(Server.java:3165)&#10;&quot;c11f8a16-55ee-4f22-a5a5-7daf2dffa753-DatanodeStateMachineDaemonThread&quot; daemon prio=10 tid=751 timed_waiting&#10;java.lang.Thread.State: TIMED_WAITING&#10;        at java.base@21.0.8/java.lang.Thread.sleep0(Native Method)&#10;        at java.base@21.0.8/java.lang.Thread.sleep(Thread.java:509)&#10;        at app//org.apache.hadoop.ozone.container.common.statemachine.DatanodeStateMachine.startStateMachineThread(DatanodeStateMachine.java:384)&#10;        at app//org.apache.hadoop.ozone.container.common.statemachine.DatanodeStateMachine.lambda$startDaemon$1(DatanodeStateMachine.java:571)&#10;        at app//org.apache.hadoop.ozone.container.common.statemachine.DatanodeStateMachine$$Lambda/0x00007f9d6ccb9cf8.run(Unknown Source)&#10;        at java.base@21.0.8/java.lang.Thread.runWith(Thread.java:1596)&#10;        at java.base@21.0.8/java.lang.Thread.run(Thread.java:1583)&#10;&quot;IPC Server handler 1 on default port 15002&quot; daemon prio=5 tid=121 timed_waiting&#10;java.lang.Thread.State: TIMED_WAITING&#10;        at java.base@21.0.8/jdk.internal.misc.Unsafe.park(Native Method)&#10;        at java.base@21.0.8/java.util.concurrent.locks.LockSupport.parkNanos(LockSupport.java:269)&#10;        at java.base@21.0.8/java.util.concurrent.locks.AbstractQueuedSynchronizer$ConditionObject.awaitNanos(AbstractQueuedSynchronizer.java:1763)&#10;        at java.base@21.0.8/java.util.concurrent.LinkedBlockingQueue.poll(LinkedBlockingQueue.java:460)&#10;        at app//org.apache.hadoop.ipc.CallQueueManager.take(CallQueueManager.java:370)&#10;        at app//org.apache.hadoop.ipc.Server$Handler.run(Server.java:3165)&#10;&quot;Socket Reader #7 for port 15001&quot; daemon prio=5 tid=527 runnable&#10;java.lang.Thread.State: RUNNABLE&#10;        at java.base@21.0.8/sun.nio.ch.EPoll.wait(Native Method)&#10;        at java.base@21.0.8/sun.nio.ch.EPollSelectorImpl.doSelect(EPollSelectorImpl.java:121)&#10;        at java.base@21.0.8/sun.nio.ch.SelectorImpl.lockAndDoSelect(SelectorImpl.java:130)&#10;        at java.base@21.0.8/sun.nio.ch.SelectorImpl.select(SelectorImpl.java:147)&#10;        at app//org.apache.hadoop.ipc.Server$Listener$Reader.doRunLoop(Server.java:1497)&#10;        at app//org.apache.hadoop.ipc.Server$Listener$Reader.run(Server.java:1476)&#10;&quot;IPC Server handler 86 on default port 15004&quot; daemon prio=5 tid=424 timed_waiting&#10;java.lang.Thread.State: TIMED_WAITING&#10;        at java.base@21.0.8/jdk.internal.misc.Unsafe.park(Native Method)&#10;        at java.base@21.0.8/java.util.concurrent.locks.LockSupport.parkNanos(LockSupport.java:269)&#10;        at java.base@21.0.8/java.util.concurrent.locks.AbstractQueuedSynchronizer$ConditionObject.awaitNanos(AbstractQueuedSynchronizer.java:1763)&#10;        at java.base@21.0.8/java.util.concurrent.LinkedBlockingQueue.poll(LinkedBlockingQueue.java:460)&#10;        at app//org.apache.hadoop.ipc.CallQueueManager.take(CallQueueManager.java:370)&#10;        at app//org.apache.hadoop.ipc.Server$Handler.run(Server.java:3165)&#10;&quot;IPC Server handler 93 on default port 15001&quot; daemon prio=5 tid=651 timed_waiting&#10;java.lang.Thread.State: TIMED_WAITING&#10;        at java.base@21.0.8/jdk.internal.misc.Unsafe.park(Native Method)&#10;        at java.base@21.0.8/java.util.concurrent.locks.LockSupport.parkNanos(LockSupport.java:269)&#10;        at java.base@21.0.8/java.util.concurrent.locks.AbstractQueuedSynchronizer$ConditionObject.awaitNanos(AbstractQueuedSynchronizer.java:1763)&#10;        at java.base@21.0.8/java.util.concurrent.LinkedBlockingQueue.poll(LinkedBlockingQueue.java:460)&#10;        at app//org.apache.hadoop.ipc.CallQueueManager.take(CallQueueManager.java:370)&#10;        at app//org.apache.hadoop.ipc.Server$Handler.run(Server.java:3165)&#10;&quot;ReconEventProcessor-0&quot;  prio=5 tid=553 timed_waiting&#10;java.lang.Thread.State: TIMED_WAITING&#10;        at java.base@21.0.8/jdk.internal.misc.Unsafe.park(Native Method)&#10;        at java.base@21.0.8/java.util.concurrent.locks.LockSupport.parkNanos(LockSupport.java:269)&#10;        at java.base@21.0.8/java.util.concurrent.locks.AbstractQueuedSynchronizer$ConditionObject.awaitNanos(AbstractQueuedSynchronizer.java:1763)&#10;        at java.base@21.0.8/java.util.concurrent.LinkedBlockingQueue.poll(LinkedBlockingQueue.java:460)&#10;        at app//org.apache.hadoop.ozone.recon.tasks.OMUpdateEventBuffer.poll(OMUpdateEventBuffer.java:74)&#10;        at app//org.apache.hadoop.ozone.recon.tasks.ReconTaskControllerImpl.processBufferedEventsAsync(ReconTaskControllerImpl.java:383)&#10;        at app//org.apache.hadoop.ozone.recon.tasks.ReconTaskControllerImpl$$Lambda/0x00007f9d6cc0a718.run(Unknown Source)&#10;        at java.base@21.0.8/java.util.concurrent.Executors$RunnableAdapter.call(Executors.java:572)&#10;        at java.base@21.0.8/java.util.concurrent.FutureTask.run(FutureTask.java:317)&#10;        at java.base@21.0.8/java.util.concurrent.ThreadPoolExecutor.runWorker(ThreadPoolExecutor.java:1144)&#10;        at java.base@21.0.8/java.util.concurrent.ThreadPoolExecutor$Worker.run(ThreadPoolExecutor.java:642)&#10;        at java.base@21.0.8/java.lang.Thread.runWith(Thread.java:1596)&#10;        at java.base@21.0.8/java.lang.Thread.run(Thread.java:1583)&#10;&quot;IPC Server handler 27 on default port 15003&quot; daemon prio=5 tid=247 timed_waiting&#10;java.lang.Thread.State: TIMED_WAITING&#10;        at java.base@21.0.8/jdk.internal.misc.Unsafe.park(Native Method)&#10;        at java.base@21.0.8/java.util.concurrent.locks.LockSupport.parkNanos(LockSupport.java:269)&#10;        at java.base@21.0.8/java.util.concurrent.locks.AbstractQueuedSynchronizer$ConditionObject.awaitNanos(AbstractQueuedSynchronizer.java:1763)&#10;        at java.base@21.0.8/java.util.concurrent.LinkedBlockingQueue.poll(LinkedBlockingQueue.java:460)&#10;        at app//org.apache.hadoop.ipc.CallQueueManager.take(CallQueueManager.java:370)&#10;        at app//org.apache.hadoop.ipc.Server$Handler.run(Server.java:3165)&#10;&quot;fc0351b7-0c71-4a2a-a0ca-337e5c0b1c14-DatanodeStateMachineDaemonThread&quot; daemon prio=10 tid=874 timed_waiting&#10;java.lang.Thread.State: TIMED_WAITING&#10;        at java.base@21.0.8/java.lang.Thread.sleep0(Native Method)&#10;        at java.base@21.0.8/java.lang.Thread.sleep(Thread.java:509)&#10;        at app//org.apache.hadoop.ozone.container.common.statemachine.DatanodeStateMachine.startStateMachineThread(DatanodeStateMachine.java:384)&#10;        at app//org.apache.hadoop.ozone.container.common.statemachine.DatanodeStateMachine.lambda$startDaemon$1(DatanodeStateMachine.java:571)&#10;        at app//org.apache.hadoop.ozone.container.common.statemachine.DatanodeStateMachine$$Lambda/0x00007f9d6ccb9cf8.run(Unknown Source)&#10;        at java.base@21.0.8/java.lang.Thread.runWith(Thread.java:1596)&#10;        at java.base@21.0.8/java.lang.Thread.run(Thread.java:1583)&#10;&quot;IPC Server handler 24 on default port 15003&quot; daemon prio=5 tid=244 timed_waiting&#10;java.lang.Thread.State: TIMED_WAITING&#10;        at java.base@21.0.8/jdk.internal.misc.Unsafe.park(Native Method)&#10;        at java.base@21.0.8/java.util.concurrent.locks.LockSupport.parkNanos(LockSupport.java:269)&#10;        at java.base@21.0.8/java.util.concurrent.locks.AbstractQueuedSynchronizer$ConditionObject.awaitNanos(AbstractQueuedSynchronizer.java:1763)&#10;        at java.base@21.0.8/java.util.concurrent.LinkedBlockingQueue.poll(LinkedBlockingQueue.java:460)&#10;        at app//org.apache.hadoop.ipc.CallQueueManager.take(CallQueueManager.java:370)&#10;        at app//org.apache.hadoop.ipc.Server$Handler.run(Server.java:3165)&#10;&quot;om1-client-thread1&quot; daemon prio=5 tid=1127 timed_waiting&#10;java.lang.Thread.State: TIMED_WAITING&#10;        at java.base@21.0.8/jdk.internal.misc.Unsafe.park(Native Method)&#10;        at java.base@21.0.8/java.util.concurrent.locks.LockSupport.parkNanos(LockSupport.java:410)&#10;        at java.base@21.0.8/java.util.concurrent.LinkedTransferQueue$DualNode.await(LinkedTransferQueue.java:452)&#10;        at java.base@21.0.8/java.util.concurrent.SynchronousQueue$Transferer.xferLifo(SynchronousQueue.java:194)&#10;        at java.base@21.0.8/java.util.concurrent.SynchronousQueue.xfer(SynchronousQueue.java:235)&#10;        at java.base@21.0.8/java.util.concurrent.SynchronousQueue.poll(SynchronousQueue.java:338)&#10;        at java.base@21.0.8/java.util.concurrent.ThreadPoolExecutor.getTask(ThreadPoolExecutor.java:1069)&#10;        at java.base@21.0.8/java.util.concurrent.ThreadPoolExecutor.runWorker(ThreadPoolExecutor.java:1130)&#10;        at java.base@21.0.8/java.util.concurrent.ThreadPoolExecutor$Worker.run(ThreadPoolExecutor.java:642)&#10;        at java.base@21.0.8/java.lang.Thread.runWith(Thread.java:1596)&#10;        at java.base@21.0.8/java.lang.Thread.run(Thread.java:1583)&#10;&quot;IPC Server handler 43 on default port 15003&quot; daemon prio=5 tid=263 timed_waiting&#10;java.lang.Thread.State: TIMED_WAITING&#10;        at java.base@21.0.8/jdk.internal.misc.Unsafe.park(Native Method)&#10;        at java.base@21.0.8/java.util.concurrent.locks.LockSupport.parkNanos(LockSupport.java:269)&#10;        at java.base@21.0.8/java.util.concurrent.locks.AbstractQueuedSynchronizer$ConditionObject.awaitNanos(AbstractQueuedSynchronizer.java:1763)&#10;        at java.base@21.0.8/java.util.concurrent.LinkedBlockingQueue.poll(LinkedBlockingQueue.java:460)&#10;        at app//org.apache.hadoop.ipc.CallQueueManager.take(CallQueueManager.java:370)&#10;        at app//org.apache.hadoop.ipc.Server$Handler.run(Server.java:3165)&#10;&quot;IPC Server handler 72 on default port 15004&quot; daemon prio=5 tid=410 timed_waiting&#10;java.lang.Thread.State: TIMED_WAITING&#10;        at java.base@21.0.8/jdk.internal.misc.Unsafe.park(Native Method)&#10;        at java.base@21.0.8/java.util.concurrent.locks.LockSupport.parkNanos(LockSupport.java:269)&#10;        at java.base@21.0.8/java.util.concurrent.locks.AbstractQueuedSynchronizer$ConditionObject.awaitNanos(AbstractQueuedSynchronizer.java:1763)&#10;        at java.base@21.0.8/java.util.concurrent.LinkedBlockingQueue.poll(LinkedBlockingQueue.java:460)&#10;        at app//org.apache.hadoop.ipc.CallQueueManager.take(CallQueueManager.java:370)&#10;        at app//org.apache.hadoop.ipc.Server$Handler.run(Server.java:3165)&#10;&quot;JvmPauseMonitor8&quot; daemon prio=5 tid=1023 timed_waiting&#10;java.lang.Thread.State: TIMED_WAITING&#10;        at java.base@21.0.8/java.lang.Thread.sleep0(Native Method)&#10;        at java.base@21.0.8/java.lang.Thread.sleep(Thread.java:558)&#10;        at java.base@21.0.8/java.util.concurrent.TimeUnit.sleep(TimeUnit.java:446)&#10;        at app//org.apache.ratis.util.TimeDuration.sleep(TimeDuration.java:353)&#10;        at app//org.apache.ratis.util.TimeDuration.sleep(TimeDuration.java:338)&#10;        at app//org.apache.ratis.util.JvmPauseMonitor.detectPause(JvmPauseMonitor.java:160)&#10;        at app//org.apache.ratis.util.JvmPauseMonitor.run(JvmPauseMonitor.java:149)&#10;        at app//org.apache.ratis.util.JvmPauseMonitor$$Lambda/0x00007f9d6c3ae540.run(Unknown Source)&#10;        at java.base@21.0.8/java.lang.Thread.runWith(Thread.java:1596)&#10;        at java.base@21.0.8/java.lang.Thread.run(Thread.java:1583)&#10;&quot;Socket Reader #4 for port 15045&quot; daemon prio=5 tid=924 runnable&#10;java.lang.Thread.State: RUNNABLE&#10;        at java.base@21.0.8/sun.nio.ch.EPoll.wait(Native Method)&#10;        at java.base@21.0.8/sun.nio.ch.EPollSelectorImpl.doSelect(EPollSelectorImpl.java:121)&#10;        at java.base@21.0.8/sun.nio.ch.SelectorImpl.lockAndDoSelect(SelectorImpl.java:130)&#10;        at java.base@21.0.8/sun.nio.ch.SelectorImpl.select(SelectorImpl.java:147)&#10;        at app//org.apache.hadoop.ipc.Server$Listener$Reader.doRunLoop(Server.java:1497)&#10;        at app//org.apache.hadoop.ipc.Server$Listener$Reader.run(Server.java:1476)&#10;&quot;IPC Server handler 99 on default port 15004&quot; daemon prio=5 tid=437 timed_waiting&#10;java.lang.Thread.State: TIMED_WAITING&#10;        at java.base@21.0.8/jdk.internal.misc.Unsafe.park(Native Method)&#10;        at java.base@21.0.8/java.util.concurrent.locks.LockSupport.parkNanos(LockSupport.java:269)&#10;        at java.base@21.0.8/java.util.concurrent.locks.AbstractQueuedSynchronizer$ConditionObject.awaitNanos(AbstractQueuedSynchronizer.java:1763)&#10;        at java.base@21.0.8/java.util.concurrent.LinkedBlockingQueue.poll(LinkedBlockingQueue.java:460)&#10;        at app//org.apache.hadoop.ipc.CallQueueManager.take(CallQueueManager.java:370)&#10;        at app//org.apache.hadoop.ipc.Server$Handler.run(Server.java:3165)&#10;&quot;om1-KeyDeletingService#3&quot; daemon prio=5 tid=1363 timed_waiting&#10;java.lang.Thread.State: TIMED_WAITING&#10;        at java.base@21.0.8/jdk.internal.misc.Unsafe.park(Native Method)&#10;        at java.base@21.0.8/java.util.concurrent.locks.LockSupport.parkNanos(LockSupport.java:269)&#10;        at java.base@21.0.8/java.util.concurrent.locks.AbstractQueuedSynchronizer$ConditionObject.awaitNanos(AbstractQueuedSynchronizer.java:1763)&#10;        at java.base@21.0.8/java.util.concurrent.ScheduledThreadPoolExecutor$DelayedWorkQueue.take(ScheduledThreadPoolExecutor.java:1182)&#10;        at java.base@21.0.8/java.util.concurrent.ScheduledThreadPoolExecutor$DelayedWorkQueue.take(ScheduledThreadPoolExecutor.java:899)&#10;        at java.base@21.0.8/java.util.concurrent.ThreadPoolExecutor.getTask(ThreadPoolExecutor.java:1070)&#10;        at java.base@21.0.8/java.util.concurrent.ThreadPoolExecutor.runWorker(ThreadPoolExecutor.java:1130)&#10;        at java.base@21.0.8/java.util.concurrent.ThreadPoolExecutor$Worker.run(ThreadPoolExecutor.java:642)&#10;        at java.base@21.0.8/java.lang.Thread.runWith(Thread.java:1596)&#10;        at java.base@21.0.8/java.lang.Thread.run(Thread.java:1583)&#10;&quot;IPC Server handler 47 on default port 15003&quot; daemon prio=5 tid=267 timed_waiting&#10;java.lang.Thread.State: TIMED_WAITING&#10;        at java.base@21.0.8/jdk.internal.misc.Unsafe.park(Native Method)&#10;        at java.base@21.0.8/java.util.concurrent.locks.LockSupport.parkNanos(LockSupport.java:269)&#10;        at java.base@21.0.8/java.util.concurrent.locks.AbstractQueuedSynchronizer$ConditionObject.awaitNanos(AbstractQueuedSynchronizer.java:1763)&#10;        at java.base@21.0.8/java.util.concurrent.LinkedBlockingQueue.poll(LinkedBlockingQueue.java:460)&#10;        at app//org.apache.hadoop.ipc.CallQueueManager.take(CallQueueManager.java:370)&#10;        at app//org.apache.hadoop.ipc.Server$Handler.run(Server.java:3165)&#10;&quot;IPC Server handler 13 on default port 15002&quot; daemon prio=5 tid=133 timed_waiting&#10;java.lang.Thread.State: TIMED_WAITING&#10;        at java.base@21.0.8/jdk.internal.misc.Unsafe.park(Native Method)&#10;        at java.base@21.0.8/java.util.concurrent.locks.LockSupport.parkNanos(LockSupport.java:269)&#10;        at java.base@21.0.8/java.util.concurrent.locks.AbstractQueuedSynchronizer$ConditionObject.awaitNanos(AbstractQueuedSynchronizer.java:1763)&#10;        at java.base@21.0.8/java.util.concurrent.LinkedBlockingQueue.poll(LinkedBlockingQueue.java:460)&#10;        at app//org.apache.hadoop.ipc.CallQueueManager.take(CallQueueManager.java:370)&#10;        at app//org.apache.hadoop.ipc.Server$Handler.run(Server.java:3165)&#10;&quot;IPC Server handler 0 on default port 15008&quot; daemon prio=5 tid=492 timed_waiting&#10;java.lang.Thread.State: TIMED_WAITING&#10;        at java.base@21.0.8/jdk.internal.misc.Unsafe.park(Native Method)&#10;        at java.base@21.0.8/java.util.concurrent.locks.LockSupport.parkNanos(LockSupport.java:269)&#10;        at java.base@21.0.8/java.util.concurrent.locks.AbstractQueuedSynchronizer$ConditionObject.awaitNanos(AbstractQueuedSynchronizer.java:1763)&#10;        at java.base@21.0.8/java.util.concurrent.LinkedBlockingQueue.poll(LinkedBlockingQueue.java:460)&#10;        at app//org.apache.hadoop.ipc.CallQueueManager.take(CallQueueManager.java:370)&#10;        at app//org.apache.hadoop.ipc.Server$Handler.run(Server.java:3165)&#10;&quot;OverReplicatedProcessor&quot; daemon prio=5 tid=59 timed_waiting&#10;java.lang.Thread.State: TIMED_WAITING&#10;        at java.base@21.0.8/java.lang.Object.wait0(Native Method)&#10;        at java.base@21.0.8/java.lang.Object.wait(Object.java:366)&#10;        at app//org.apache.hadoop.hdds.scm.container.replication.UnhealthyReplicationProcessor.run(UnhealthyReplicationProcessor.java:172)&#10;        at java.base@21.0.8/java.lang.Thread.runWith(Thread.java:1596)&#10;        at java.base@21.0.8/java.lang.Thread.run(Thread.java:1583)&#10;&quot;7d2db622-5327-4122-ba03-be97b5575303-DatanodeReportManager-2&quot; daemon prio=5 tid=800 timed_waiting&#10;java.lang.Thread.State: TIMED_WAITING&#10;        at java.base@21.0.8/jdk.internal.misc.Unsafe.park(Native Method)&#10;        at java.base@21.0.8/java.util.concurrent.locks.LockSupport.parkNanos(LockSupport.java:269)&#10;        at java.base@21.0.8/java.util.concurrent.locks.AbstractQueuedSynchronizer$ConditionObject.awaitNanos(AbstractQueuedSynchronizer.java:1763)&#10;        at java.base@21.0.8/java.util.concurrent.ScheduledThreadPoolExecutor$DelayedWorkQueue.take(ScheduledThreadPoolExecutor.java:1182)&#10;        at java.base@21.0.8/java.util.concurrent.ScheduledThreadPoolExecutor$DelayedWorkQueue.take(ScheduledThreadPoolExecutor.java:899)&#10;        at java.base@21.0.8/java.util.concurrent.ThreadPoolExecutor.getTask(ThreadPoolExecutor.java:1070)&#10;        at java.base@21.0.8/java.util.concurrent.ThreadPoolExecutor.runWorker(ThreadPoolExecutor.java:1130)&#10;        at java.base@21.0.8/java.util.concurrent.ThreadPoolExecutor$Worker.run(ThreadPoolExecutor.java:642)&#10;        at java.base@21.0.8/java.lang.Thread.runWith(Thread.java:1596)&#10;        at java.base@21.0.8/java.lang.Thread.run(Thread.java:1583)&#10;&quot;c11f8a16-55ee-4f22-a5a5-7daf2dffa753-ChunkWriter-2-0&quot; daemon prio=5 tid=895 in Object.wait()&#10;java.lang.Thread.State: WAITING (on object monitor)&#10;        at java.base@21.0.8/jdk.internal.misc.Unsafe.park(Native Method)&#10;        at java.base@21.0.8/java.util.concurrent.locks.LockSupport.park(LockSupport.java:371)&#10;        at java.base@21.0.8/java.util.concurrent.locks.AbstractQueuedSynchronizer$ConditionNode.block(AbstractQueuedSynchronizer.java:519)&#10;        at java.base@21.0.8/java.util.concurrent.ForkJoinPool.unmanagedBlock(ForkJoinPool.java:3780)&#10;        at java.base@21.0.8/java.util.concurrent.ForkJoinPool.managedBlock(ForkJoinPool.java:3725)&#10;        at java.base@21.0.8/java.util.concurrent.locks.AbstractQueuedSynchronizer$ConditionObject.await(AbstractQueuedSynchronizer.java:1712)&#10;        at java.base@21.0.8/java.util.concurrent.LinkedBlockingDeque.takeFirst(LinkedBlockingDeque.java:485)&#10;        at java.base@21.0.8/java.util.concurrent.LinkedBlockingDeque.take(LinkedBlockingDeque.java:673)&#10;        at java.base@21.0.8/java.util.concurrent.ThreadPoolExecutor.getTask(ThreadPoolExecutor.java:1070)&#10;        at java.base@21.0.8/java.util.concurrent.ThreadPoolExecutor.runWorker(ThreadPoolExecutor.java:1130)&#10;        at java.base@21.0.8/java.util.concurrent.ThreadPoolExecutor$Worker.run(ThreadPoolExecutor.java:642)&#10;        at java.base@21.0.8/java.lang.Thread.runWith(Thread.java:1596)&#10;        at java.base@21.0.8/java.lang.Thread.run(Thread.java:1583)&#10;&quot;Socket Reader #2 for port 15021&quot; daemon prio=5 tid=729 runnable&#10;java.lang.Thread.State: RUNNABLE&#10;        at java.base@21.0.8/sun.nio.ch.EPoll.wait(Native Method)&#10;        at java.base@21.0.8/sun.nio.ch.EPollSelectorImpl.doSelect(EPollSelectorImpl.java:121)&#10;        at java.base@21.0.8/sun.nio.ch.SelectorImpl.lockAndDoSelect(SelectorImpl.java:130)&#10;        at java.base@21.0.8/sun.nio.ch.SelectorImpl.select(SelectorImpl.java:147)&#10;        at app//org.apache.hadoop.ipc.Server$Listener$Reader.doRunLoop(Server.java:1497)&#10;        at app//org.apache.hadoop.ipc.Server$Listener$Reader.run(Server.java:1476)&#10;&quot;IPC Server handler 62 on default port 15001&quot; daemon prio=5 tid=620 timed_waiting&#10;java.lang.Thread.State: TIMED_WAITING&#10;        at java.base@21.0.8/jdk.internal.misc.Unsafe.park(Native Method)&#10;        at java.base@21.0.8/java.util.concurrent.locks.LockSupport.parkNanos(LockSupport.java:269)&#10;        at java.base@21.0.8/java.util.concurrent.locks.AbstractQueuedSynchronizer$ConditionObject.awaitNanos(AbstractQueuedSynchronizer.java:1763)&#10;        at java.base@21.0.8/java.util.concurrent.LinkedBlockingQueue.poll(LinkedBlockingQueue.java:460)&#10;        at app//org.apache.hadoop.ipc.CallQueueManager.take(CallQueueManager.java:370)&#10;        at app//org.apache.hadoop.ipc.Server$Handler.run(Server.java:3165)&#10;&quot;pool-65-thread-1&quot;  prio=5 tid=1367 timed_waiting&#10;java.lang.Thread.State: TIMED_WAITING&#10;        at java.base@21.0.8/jdk.internal.misc.Unsafe.park(Native Method)&#10;        at java.base@21.0.8/java.util.concurrent.locks.LockSupport.parkNanos(LockSupport.java:269)&#10;        at java.base@21.0.8/java.util.concurrent.locks.AbstractQueuedSynchronizer$ConditionObject.awaitNanos(AbstractQueuedSynchronizer.java:1763)&#10;        at java.base@21.0.8/java.util.concurrent.LinkedBlockingDeque.pollFirst(LinkedBlockingDeque.java:515)&#10;        at java.base@21.0.8/java.util.concurrent.LinkedBlockingDeque.poll(LinkedBlockingDeque.java:677)&#10;        at java.base@21.0.8/java.util.concurrent.ThreadPoolExecutor.getTask(ThreadPoolExecutor.java:1069)&#10;        at java.base@21.0.8/java.util.concurrent.ThreadPoolExecutor.runWorker(ThreadPoolExecutor.java:1130)&#10;        at java.base@21.0.8/java.util.concurrent.ThreadPoolExecutor$Worker.run(ThreadPoolExecutor.java:642)&#10;        at java.base@21.0.8/java.lang.Thread.runWith(Thread.java:1596)&#10;        at java.base@21.0.8/java.lang.Thread.run(Thread.java:1583)&#10;&quot;pool-180-thread-1&quot;  prio=5 tid=763 timed_waiting&#10;java.lang.Thread.State: TIMED_WAITING&#10;        at java.base@21.0.8/jdk.internal.misc.Unsafe.park(Native Method)&#10;        at java.base@21.0.8/java.util.concurrent.locks.LockSupport.parkNanos(LockSupport.java:269)&#10;        at java.base@21.0.8/java.util.concurrent.locks.AbstractQueuedSynchronizer$ConditionObject.awaitNanos(AbstractQueuedSynchronizer.java:1763)&#10;        at java.base@21.0.8/java.util.concurrent.ScheduledThreadPoolExecutor$DelayedWorkQueue.take(ScheduledThreadPoolExecutor.java:1182)&#10;        at java.base@21.0.8/java.util.concurrent.ScheduledThreadPoolExecutor$DelayedWorkQueue.take(ScheduledThreadPoolExecutor.java:899)&#10;        at java.base@21.0.8/java.util.concurrent.ThreadPoolExecutor.getTask(ThreadPoolExecutor.java:1070)&#10;        at java.base@21.0.8/java.util.concurrent.ThreadPoolExecutor.runWorker(ThreadPoolExecutor.java:1130)&#10;        at java.base@21.0.8/java.util.concurrent.ThreadPoolExecutor$Worker.run(ThreadPoolExecutor.java:642)&#10;        at java.base@21.0.8/java.lang.Thread.runWith(Thread.java:1596)&#10;        at java.base@21.0.8/java.lang.Thread.run(Thread.java:1583)&#10;&quot;IPC Server handler 15 on default port 15004&quot; daemon prio=5 tid=353 timed_waiting&#10;java.lang.Thread.State: TIMED_WAITING&#10;        at java.base@21.0.8/jdk.internal.misc.Unsafe.park(Native Method)&#10;        at java.base@21.0.8/java.util.concurrent.locks.LockSupport.parkNanos(LockSupport.java:269)&#10;        at java.base@21.0.8/java.util.concurrent.locks.AbstractQueuedSynchronizer$ConditionObject.awaitNanos(AbstractQueuedSynchronizer.java:1763)&#10;        at java.base@21.0.8/java.util.concurrent.LinkedBlockingQueue.poll(LinkedBlockingQueue.java:460)&#10;        at app//org.apache.hadoop.ipc.CallQueueManager.take(CallQueueManager.java:370)&#10;        at app//org.apache.hadoop.ipc.Server$Handler.run(Server.java:3165)&#10;&quot;IPC Server handler 63 on default port 15004&quot; daemon prio=5 tid=401 timed_waiting&#10;java.lang.Thread.State: TIMED_WAITING&#10;        at java.base@21.0.8/jdk.internal.misc.Unsafe.park(Native Method)&#10;        at java.base@21.0.8/java.util.concurrent.locks.LockSupport.parkNanos(LockSupport.java:269)&#10;        at java.base@21.0.8/java.util.concurrent.locks.AbstractQueuedSynchronizer$ConditionObject.awaitNanos(AbstractQueuedSynchronizer.java:1763)&#10;        at java.base@21.0.8/java.util.concurrent.LinkedBlockingQueue.poll(LinkedBlockingQueue.java:460)&#10;        at app//org.apache.hadoop.ipc.CallQueueManager.take(CallQueueManager.java:370)&#10;        at app//org.apache.hadoop.ipc.Server$Handler.run(Server.java:3165)&#10;&quot;qtp249078499-722&quot; daemon prio=5 tid=722 timed_waiting&#10;java.lang.Thread.State: TIMED_WAITING&#10;        at java.base@21.0.8/jdk.internal.misc.Unsafe.park(Native Method)&#10;        at java.base@21.0.8/java.util.concurrent.locks.LockSupport.parkNanos(LockSupport.java:269)&#10;        at java.base@21.0.8/java.util.concurrent.locks.AbstractQueuedSynchronizer$ConditionObject.awaitNanos(AbstractQueuedSynchronizer.java:1763)&#10;        at app//org.eclipse.jetty.util.BlockingArrayQueue.poll(BlockingArrayQueue.java:382)&#10;        at app//org.eclipse.jetty.util.thread.QueuedThreadPool$Runner.idleJobPoll(QueuedThreadPool.java:974)&#10;        at app//org.eclipse.jetty.util.thread.QueuedThreadPool$Runner.run(QueuedThreadPool.java:1018)&#10;        at java.base@21.0.8/java.lang.Thread.runWith(Thread.java:1596)&#10;        at java.base@21.0.8/java.lang.Thread.run(Thread.java:1583)&#10;&quot;IPC Server handler 97 on default port 15002&quot; daemon prio=5 tid=217 timed_waiting&#10;java.lang.Thread.State: TIMED_WAITING&#10;        at java.base@21.0.8/jdk.internal.misc.Unsafe.park(Native Method)&#10;        at java.base@21.0.8/java.util.concurrent.locks.LockSupport.parkNanos(LockSupport.java:269)&#10;        at java.base@21.0.8/java.util.concurrent.locks.AbstractQueuedSynchronizer$ConditionObject.awaitNanos(AbstractQueuedSynchronizer.java:1763)&#10;        at java.base@21.0.8/java.util.concurrent.LinkedBlockingQueue.poll(LinkedBlockingQueue.java:460)&#10;        at app//org.apache.hadoop.ipc.CallQueueManager.take(CallQueueManager.java:370)&#10;        at app//org.apache.hadoop.ipc.Server$Handler.run(Server.java:3165)&#10;&quot;SSL Certificates Store Monitor&quot; daemon prio=5 tid=1372 terminated&#10;java.lang.Thread.State: TERMINATED&#10;        at java.base@21.0.8/java.lang.Object.wait0(Native Method)&#10;        at java.base@21.0.8/java.lang.Object.wait(Object.java:366)&#10;        at java.base@21.0.8/java.lang.Object.wait(Object.java:339)&#10;        at java.base@21.0.8/java.util.TimerThread.mainLoop(Timer.java:537)&#10;        at java.base@21.0.8/java.util.TimerThread.run(Timer.java:516)&#10;&quot;IPC Server handler 52 on default port 15003&quot; daemon prio=5 tid=272 timed_waiting&#10;java.lang.Thread.State: TIMED_WAITING&#10;        at java.base@21.0.8/jdk.internal.misc.Unsafe.park(Native Method)&#10;        at java.base@21.0.8/java.util.concurrent.locks.LockSupport.parkNanos(LockSupport.java:269)&#10;        at java.base@21.0.8/java.util.concurrent.locks.AbstractQueuedSynchronizer$ConditionObject.awaitNanos(AbstractQueuedSynchronizer.java:1763)&#10;        at java.base@21.0.8/java.util.concurrent.LinkedBlockingQueue.poll(LinkedBlockingQueue.java:460)&#10;        at app//org.apache.hadoop.ipc.CallQueueManager.take(CallQueueManager.java:370)&#10;        at app//org.apache.hadoop.ipc.Server$Handler.run(Server.java:3165)&#10;&quot;IPC Server handler 77 on default port 15004&quot; daemon prio=5 tid=415 timed_waiting&#10;java.lang.Thread.State: TIMED_WAITING&#10;        at java.base@21.0.8/jdk.internal.misc.Unsafe.park(Native Method)&#10;        at java.base@21.0.8/java.util.concurrent.locks.LockSupport.parkNanos(LockSupport.java:269)&#10;        at java.base@21.0.8/java.util.concurrent.locks.AbstractQueuedSynchronizer$ConditionObject.awaitNanos(AbstractQueuedSynchronizer.java:1763)&#10;        at java.base@21.0.8/java.util.concurrent.LinkedBlockingQueue.poll(LinkedBlockingQueue.java:460)&#10;        at app//org.apache.hadoop.ipc.CallQueueManager.take(CallQueueManager.java:370)&#10;        at app//org.apache.hadoop.ipc.Server$Handler.run(Server.java:3165)&#10;&quot;IPC Server handler 61 on default port 15001&quot; daemon prio=5 tid=619 timed_waiting&#10;java.lang.Thread.State: TIMED_WAITING&#10;        at java.base@21.0.8/jdk.internal.misc.Unsafe.park(Native Method)&#10;        at java.base@21.0.8/java.util.concurrent.locks.LockSupport.parkNanos(LockSupport.java:269)&#10;        at java.base@21.0.8/java.util.concurrent.locks.AbstractQueuedSynchronizer$ConditionObject.awaitNanos(AbstractQueuedSynchronizer.java:1763)&#10;        at java.base@21.0.8/java.util.concurrent.LinkedBlockingQueue.poll(LinkedBlockingQueue.java:460)&#10;        at app//org.apache.hadoop.ipc.CallQueueManager.take(CallQueueManager.java:370)&#10;        at app//org.apache.hadoop.ipc.Server$Handler.run(Server.java:3165)&#10;&quot;timer0&quot; daemon prio=5 tid=1139 timed_waiting&#10;java.lang.Thread.State: TIMED_WAITING&#10;        at java.base@21.0.8/java.lang.Object.wait0(Native Method)&#10;        at java.base@21.0.8/java.lang.Object.wait(Object.java:366)&#10;        at java.base@21.0.8/java.util.TimerThread.mainLoop(Timer.java:563)&#10;        at java.base@21.0.8/java.util.TimerThread.run(Timer.java:516)&#10;&quot;qtp133286137-484&quot; daemon prio=5 tid=484 timed_waiting&#10;java.lang.Thread.State: TIMED_WAITING&#10;        at java.base@21.0.8/jdk.internal.misc.Unsafe.park(Native Method)&#10;        at java.base@21.0.8/java.util.concurrent.locks.LockSupport.parkNanos(LockSupport.java:269)&#10;        at java.base@21.0.8/java.util.concurrent.locks.AbstractQueuedSynchronizer$ConditionObject.awaitNanos(AbstractQueuedSynchronizer.java:1763)&#10;        at app//org.eclipse.jetty.util.BlockingArrayQueue.poll(BlockingArrayQueue.java:382)&#10;        at app//org.eclipse.jetty.util.thread.QueuedThreadPool$Runner.idleJobPoll(QueuedThreadPool.java:974)&#10;        at app//org.eclipse.jetty.util.thread.QueuedThreadPool$Runner.run(QueuedThreadPool.java:1018)&#10;        at java.base@21.0.8/java.lang.Thread.runWith(Thread.java:1596)&#10;        at java.base@21.0.8/java.lang.Thread.run(Thread.java:1583)&#10;&quot;Socket Reader #5 for port 15029&quot; daemon prio=5 tid=778 runnable&#10;java.lang.Thread.State: RUNNABLE&#10;        at java.base@21.0.8/sun.nio.ch.EPoll.wait(Native Method)&#10;        at java.base@21.0.8/sun.nio.ch.EPollSelectorImpl.doSelect(EPollSelectorImpl.java:121)&#10;        at java.base@21.0.8/sun.nio.ch.SelectorImpl.lockAndDoSelect(SelectorImpl.java:130)&#10;        at java.base@21.0.8/sun.nio.ch.SelectorImpl.select(SelectorImpl.java:147)&#10;        at app//org.apache.hadoop.ipc.Server$Listener$Reader.doRunLoop(Server.java:1497)&#10;        at app//org.apache.hadoop.ipc.Server$Listener$Reader.run(Server.java:1476)&#10;&quot;Socket Reader #3 for port 15008&quot; daemon prio=5 tid=452 runnable&#10;java.lang.Thread.State: RUNNABLE&#10;        at java.base@21.0.8/sun.nio.ch.EPoll.wait(Native Method)&#10;        at java.base@21.0.8/sun.nio.ch.EPollSelectorImpl.doSelect(EPollSelectorImpl.java:121)&#10;        at java.base@21.0.8/sun.nio.ch.SelectorImpl.lockAndDoSelect(SelectorImpl.java:130)&#10;        at java.base@21.0.8/sun.nio.ch.SelectorImpl.select(SelectorImpl.java:147)&#10;        at app//org.apache.hadoop.ipc.Server$Listener$Reader.doRunLoop(Server.java:1497)&#10;        at app//org.apache.hadoop.ipc.Server$Listener$Reader.run(Server.java:1476)&#10;&quot;Hadoop-Metrics-Updater-0&quot; daemon prio=5 tid=786 timed_waiting&#10;java.lang.Thread.State: TIMED_WAITING&#10;        at java.base@21.0.8/jdk.internal.misc.Unsafe.park(Native Method)&#10;        at java.base@21.0.8/java.util.concurrent.locks.LockSupport.parkNanos(LockSupport.java:269)&#10;        at java.base@21.0.8/java.util.concurrent.locks.AbstractQueuedSynchronizer$ConditionObject.awaitNanos(AbstractQueuedSynchronizer.java:1763)&#10;        at java.base@21.0.8/java.util.concurrent.ScheduledThreadPoolExecutor$DelayedWorkQueue.take(ScheduledThreadPoolExecutor.java:1182)&#10;        at java.base@21.0.8/java.util.concurrent.ScheduledThreadPoolExecutor$DelayedWorkQueue.take(ScheduledThreadPoolExecutor.java:899)&#10;        at java.base@21.0.8/java.util.concurrent.ThreadPoolExecutor.getTask(ThreadPoolExecutor.java:1070)&#10;        at java.base@21.0.8/java.util.concurrent.ThreadPoolExecutor.runWorker(ThreadPoolExecutor.java:1130)&#10;        at java.base@21.0.8/java.util.concurrent.ThreadPoolExecutor$Worker.run(ThreadPoolExecutor.java:642)&#10;        at java.base@21.0.8/java.lang.Thread.runWith(Thread.java:1596)&#10;        at java.base@21.0.8/java.lang.Thread.run(Thread.java:1583)&#10;&quot;IPC Server idle connection scanner for port 15021&quot; daemon prio=5 tid=738 timed_waiting&#10;java.lang.Thread.State: TIMED_WAITING&#10;        at java.base@21.0.8/java.lang.Object.wait0(Native Method)&#10;        at java.base@21.0.8/java.lang.Object.wait(Object.java:366)&#10;        at java.base@21.0.8/java.util.TimerThread.mainLoop(Timer.java:563)&#10;        at java.base@21.0.8/java.util.TimerThread.run(Timer.java:516)&#10;&quot;fc0351b7-0c71-4a2a-a0ca-337e5c0b1c14-DatanodeStateMachineTaskThread-1&quot;  prio=5 tid=980 in Object.wait()&#10;java.lang.Thread.State: WAITING (on object monitor)&#10;        at java.base@21.0.8/jdk.internal.misc.Unsafe.park(Native Method)&#10;        at java.base@21.0.8/java.util.concurrent.locks.LockSupport.park(LockSupport.java:371)&#10;        at java.base@21.0.8/java.util.concurrent.locks.AbstractQueuedSynchronizer$ConditionNode.block(AbstractQueuedSynchronizer.java:519)&#10;        at java.base@21.0.8/java.util.concurrent.ForkJoinPool.unmanagedBlock(ForkJoinPool.java:3780)&#10;        at java.base@21.0.8/java.util.concurrent.ForkJoinPool.managedBlock(ForkJoinPool.java:3725)&#10;        at java.base@21.0.8/java.util.concurrent.locks.AbstractQueuedSynchronizer$ConditionObject.await(AbstractQueuedSynchronizer.java:1712)&#10;        at java.base@21.0.8/java.util.concurrent.LinkedBlockingQueue.take(LinkedBlockingQueue.java:435)&#10;        at java.base@21.0.8/java.util.concurrent.ThreadPoolExecutor.getTask(ThreadPoolExecutor.java:1070)&#10;        at java.base@21.0.8/java.util.concurrent.ThreadPoolExecutor.runWorker(ThreadPoolExecutor.java:1130)&#10;        at java.base@21.0.8/java.util.concurrent.ThreadPoolExecutor$Worker.run(ThreadPoolExecutor.java:642)&#10;        at java.base@21.0.8/java.lang.Thread.runWith(Thread.java:1596)&#10;        at java.base@21.0.8/java.lang.Thread.run(Thread.java:1583)&#10;&quot;LeakDetector-ManagedRocksObject0&quot; daemon prio=5 tid=50 in Object.wait()&#10;java.lang.Thread.State: WAITING (on object monitor)&#10;        at java.base@21.0.8/jdk.internal.misc.Unsafe.park(Native Method)&#10;        at java.base@21.0.8/java.util.concurrent.locks.LockSupport.park(LockSupport.java:371)&#10;        at java.base@21.0.8/java.util.concurrent.locks.AbstractQueuedSynchronizer$ConditionNode.block(AbstractQueuedSynchronizer.java:519)&#10;        at java.base@21.0.8/java.util.concurrent.ForkJoinPool.unmanagedBlock(ForkJoinPool.java:3780)&#10;        at java.base@21.0.8/java.util.concurrent.ForkJoinPool.managedBlock(ForkJoinPool.java:3725)&#10;        at java.base@21.0.8/java.util.concurrent.locks.AbstractQueuedSynchronizer$ConditionObject.await(AbstractQueuedSynchronizer.java:1712)&#10;        at java.base@21.0.8/java.lang.ref.ReferenceQueue.await(ReferenceQueue.java:67)&#10;        at java.base@21.0.8/java.lang.ref.ReferenceQueue.remove0(ReferenceQueue.java:158)&#10;        at java.base@21.0.8/java.lang.ref.ReferenceQueue.remove(ReferenceQueue.java:234)&#10;        at app//org.apache.hadoop.hdds.utils.LeakDetector.run(LeakDetector.java:79)&#10;        at app//org.apache.hadoop.hdds.utils.LeakDetector$$Lambda/0x00007f9d6c495708.run(Unknown Source)&#10;        at java.base@21.0.8/java.lang.Thread.runWith(Thread.java:1596)&#10;        at java.base@21.0.8/java.lang.Thread.run(Thread.java:1583)&#10;&quot;Hadoop-Metrics-Updater-0&quot; daemon prio=5 tid=88 timed_waiting&#10;java.lang.Thread.State: TIMED_WAITING&#10;        at java.base@21.0.8/jdk.internal.misc.Unsafe.park(Native Method)&#10;        at java.base@21.0.8/java.util.concurrent.locks.LockSupport.parkNanos(LockSupport.java:269)&#10;        at java.base@21.0.8/java.util.concurrent.locks.AbstractQueuedSynchronizer$ConditionObject.awaitNanos(AbstractQueuedSynchronizer.java:1763)&#10;        at java.base@21.0.8/java.util.concurrent.ScheduledThreadPoolExecutor$DelayedWorkQueue.take(ScheduledThreadPoolExecutor.java:1182)&#10;        at java.base@21.0.8/java.util.concurrent.ScheduledThreadPoolExecutor$DelayedWorkQueue.take(ScheduledThreadPoolExecutor.java:899)&#10;        at java.base@21.0.8/java.util.concurrent.ThreadPoolExecutor.getTask(ThreadPoolExecutor.java:1070)&#10;        at java.base@21.0.8/java.util.concurrent.ThreadPoolExecutor.runWorker(ThreadPoolExecutor.java:1130)&#10;        at java.base@21.0.8/java.util.concurrent.ThreadPoolExecutor$Worker.run(ThreadPoolExecutor.java:642)&#10;        at java.base@21.0.8/java.lang.Thread.runWith(Thread.java:1596)&#10;        at java.base@21.0.8/java.lang.Thread.run(Thread.java:1583)&#10;&quot;c11f8a16-55ee-4f22-a5a5-7daf2dffa753-DataNodeDiskCheckerThread-0&quot; daemon prio=5 tid=885 timed_waiting&#10;java.lang.Thread.State: TIMED_WAITING&#10;        at java.base@21.0.8/jdk.internal.misc.Unsafe.park(Native Method)&#10;        at java.base@21.0.8/java.util.concurrent.locks.LockSupport.parkNanos(LockSupport.java:410)&#10;        at java.base@21.0.8/java.util.concurrent.LinkedTransferQueue$DualNode.await(LinkedTransferQueue.java:452)&#10;        at java.base@21.0.8/java.util.concurrent.SynchronousQueue$Transferer.xferLifo(SynchronousQueue.java:194)&#10;        at java.base@21.0.8/java.util.concurrent.SynchronousQueue.xfer(SynchronousQueue.java:235)&#10;        at java.base@21.0.8/java.util.concurrent.SynchronousQueue.poll(SynchronousQueue.java:338)&#10;        at java.base@21.0.8/java.util.concurrent.ThreadPoolExecutor.getTask(ThreadPoolExecutor.java:1069)&#10;        at java.base@21.0.8/java.util.concurrent.ThreadPoolExecutor.runWorker(ThreadPoolExecutor.java:1130)&#10;        at java.base@21.0.8/java.util.concurrent.ThreadPoolExecutor$Worker.run(ThreadPoolExecutor.java:642)&#10;        at java.base@21.0.8/java.lang.Thread.runWith(Thread.java:1596)&#10;        at java.base@21.0.8/java.lang.Thread.run(Thread.java:1583)&#10;&quot;IPC Server handler 89 on default port 15003&quot; daemon prio=5 tid=309 timed_waiting&#10;java.lang.Thread.State: TIMED_WAITING&#10;        at java.base@21.0.8/jdk.internal.misc.Unsafe.park(Native Method)&#10;        at java.base@21.0.8/java.util.concurrent.locks.LockSupport.parkNanos(LockSupport.java:269)&#10;        at java.base@21.0.8/java.util.concurrent.locks.AbstractQueuedSynchronizer$ConditionObject.awaitNanos(AbstractQueuedSynchronizer.java:1763)&#10;        at java.base@21.0.8/java.util.concurrent.LinkedBlockingQueue.poll(LinkedBlockingQueue.java:460)&#10;        at app//org.apache.hadoop.ipc.CallQueueManager.take(CallQueueManager.java:370)&#10;        at app//org.apache.hadoop.ipc.Server$Handler.run(Server.java:3165)&#10;&quot;qtp1782170617-819-acceptor-0@cf064e5-ServerConnector@5b411843{HTTP/1.1, (http/1.1)}{0.0.0.0:15036}&quot; daemon prio=3 tid=819 runnable&#10;java.lang.Thread.State: RUNNABLE&#10;        at java.base@21.0.8/sun.nio.ch.Net.accept(Native Method)&#10;        at java.base@21.0.8/sun.nio.ch.ServerSocketChannelImpl.implAccept(ServerSocketChannelImpl.java:433)&#10;        at java.base@21.0.8/sun.nio.ch.ServerSocketChannelImpl.accept(ServerSocketChannelImpl.java:399)&#10;        at app//org.eclipse.jetty.server.ServerConnector.accept(ServerConnector.java:388)&#10;        at app//org.eclipse.jetty.server.AbstractConnector$Acceptor.run(AbstractConnector.java:704)&#10;        at app//org.eclipse.jetty.util.thread.QueuedThreadPool.runJob(QueuedThreadPool.java:883)&#10;        at app//org.eclipse.jetty.util.thread.QueuedThreadPool$Runner.run(QueuedThreadPool.java:1034)&#10;        at java.base@21.0.8/java.lang.Thread.runWith(Thread.java:1596)&#10;        at java.base@21.0.8/java.lang.Thread.run(Thread.java:1583)&#10;&quot;IPC Server handler 11 on default port 15004&quot; daemon prio=5 tid=349 timed_waiting&#10;java.lang.Thread.State: TIMED_WAITING&#10;        at java.base@21.0.8/jdk.internal.misc.Unsafe.park(Native Method)&#10;        at java.base@21.0.8/java.util.concurrent.locks.LockSupport.parkNanos(LockSupport.java:269)&#10;        at java.base@21.0.8/java.util.concurrent.locks.AbstractQueuedSynchronizer$ConditionObject.awaitNanos(AbstractQueuedSynchronizer.java:1763)&#10;        at java.base@21.0.8/java.util.concurrent.LinkedBlockingQueue.poll(LinkedBlockingQueue.java:460)&#10;        at app//org.apache.hadoop.ipc.CallQueueManager.take(CallQueueManager.java:370)&#10;        at app//org.apache.hadoop.ipc.Server$Handler.run(Server.java:3165)&#10;&quot;Socket Reader #4 for port 15002&quot; daemon prio=5 tid=93 runnable&#10;java.lang.Thread.State: RUNNABLE&#10;        at java.base@21.0.8/sun.nio.ch.EPoll.wait(Native Method)&#10;        at java.base@21.0.8/sun.nio.ch.EPollSelectorImpl.doSelect(EPollSelectorImpl.java:121)&#10;        at java.base@21.0.8/sun.nio.ch.SelectorImpl.lockAndDoSelect(SelectorImpl.java:130)&#10;        at java.base@21.0.8/sun.nio.ch.SelectorImpl.select(SelectorImpl.java:147)&#10;        at app//org.apache.hadoop.ipc.Server$Listener$Reader.doRunLoop(Server.java:1497)&#10;        at app//org.apache.hadoop.ipc.Server$Listener$Reader.run(Server.java:1476)&#10;&quot;IPC Server handler 50 on default port 15003&quot; daemon prio=5 tid=270 timed_waiting&#10;java.lang.Thread.State: TIMED_WAITING&#10;        at java.base@21.0.8/jdk.internal.misc.Unsafe.park(Native Method)&#10;        at java.base@21.0.8/java.util.concurrent.locks.LockSupport.parkNanos(LockSupport.java:269)&#10;        at java.base@21.0.8/java.util.concurrent.locks.AbstractQueuedSynchronizer$ConditionObject.awaitNanos(AbstractQueuedSynchronizer.java:1763)&#10;        at java.base@21.0.8/java.util.concurrent.LinkedBlockingQueue.poll(LinkedBlockingQueue.java:460)&#10;        at app//org.apache.hadoop.ipc.CallQueueManager.take(CallQueueManager.java:370)&#10;        at app//org.apache.hadoop.ipc.Server$Handler.run(Server.java:3165)&#10;&quot;04372c61-9371-4ab6-9533-e94413dada7c@group-A668C086C089-SegmentedRaftLogWorker&quot; daemon prio=5 tid=114 timed_waiting&#10;java.lang.Thread.State: TIMED_WAITING&#10;        at java.base@21.0.8/jdk.internal.misc.Unsafe.park(Native Method)&#10;        at java.base@21.0.8/java.util.concurrent.locks.LockSupport.parkNanos(LockSupport.java:269)&#10;        at java.base@21.0.8/java.util.concurrent.locks.AbstractQueuedSynchronizer$ConditionObject.awaitNanos(AbstractQueuedSynchronizer.java:1763)&#10;        at app//org.apache.ratis.util.DataBlockingQueue.poll(DataBlockingQueue.java:148)&#10;        at app//org.apache.ratis.server.raftlog.segmented.SegmentedRaftLogWorker.run(SegmentedRaftLogWorker.java:309)&#10;        at app//org.apache.ratis.server.raftlog.segmented.SegmentedRaftLogWorker$$Lambda/0x00007f9d6c3946c0.run(Unknown Source)&#10;        at java.base@21.0.8/java.util.concurrent.Executors$RunnableAdapter.call(Executors.java:572)&#10;        at java.base@21.0.8/java.util.concurrent.FutureTask.run(FutureTask.java:317)&#10;        at java.base@21.0.8/java.util.concurrent.ThreadPoolExecutor.runWorker(ThreadPoolExecutor.java:1144)&#10;        at java.base@21.0.8/java.util.concurrent.ThreadPoolExecutor$Worker.run(ThreadPoolExecutor.java:642)&#10;        at java.base@21.0.8/java.lang.Thread.runWith(Thread.java:1596)&#10;        at java.base@21.0.8/java.lang.Thread.run(Thread.java:1583)&#10;&quot;qtp1181622455-550&quot; daemon prio=5 tid=550 runnable&#10;java.lang.Thread.State: RUNNABLE&#10;        at java.base@21.0.8/sun.nio.ch.EPoll.wait(Native Method)&#10;        at java.base@21.0.8/sun.nio.ch.EPollSelectorImpl.doSelect(EPollSelectorImpl.java:121)&#10;        at java.base@21.0.8/sun.nio.ch.SelectorImpl.lockAndDoSelect(SelectorImpl.java:130)&#10;        at java.base@21.0.8/sun.nio.ch.SelectorImpl.select(SelectorImpl.java:147)&#10;        at app//org.eclipse.jetty.io.ManagedSelector.nioSelect(ManagedSelector.java:183)&#10;        at app//org.eclipse.jetty.io.ManagedSelector.select(ManagedSelector.java:190)&#10;        at app//org.eclipse.jetty.io.ManagedSelector$SelectorProducer.select(ManagedSelector.java:606)&#10;        at app//org.eclipse.jetty.io.ManagedSelector$SelectorProducer.produce(ManagedSelector.java:543)&#10;        at app//org.eclipse.jetty.util.thread.strategy.EatWhatYouKill.produceTask(EatWhatYouKill.java:362)&#10;        at app//org.eclipse.jetty.util.thread.strategy.EatWhatYouKill.doProduce(EatWhatYouKill.java:186)&#10;        at app//org.eclipse.jetty.util.thread.strategy.EatWhatYouKill.tryProduce(EatWhatYouKill.java:173)&#10;        at app//org.eclipse.jetty.util.thread.strategy.EatWhatYouKill.run(EatWhatYouKill.java:131)&#10;        at app//org.eclipse.jetty.util.thread.ReservedThreadExecutor$ReservedThread.run(ReservedThreadExecutor.java:409)&#10;        at app//org.eclipse.jetty.util.thread.QueuedThreadPool.runJob(QueuedThreadPool.java:883)&#10;        at app//org.eclipse.jetty.util.thread.QueuedThreadPool$Runner.run(QueuedThreadPool.java:1034)&#10;        at java.base@21.0.8/java.lang.Thread.runWith(Thread.java:1596)&#10;        at java.base@21.0.8/java.lang.Thread.run(Thread.java:1583)&#10;&quot;SSL Certificates Store Monitor&quot; daemon prio=5 tid=1370 terminated&#10;java.lang.Thread.State: TERMINATED&#10;        at java.base@21.0.8/java.lang.Object.wait0(Native Method)&#10;        at java.base@21.0.8/java.lang.Object.wait(Object.java:366)&#10;        at java.base@21.0.8/java.lang.Object.wait(Object.java:339)&#10;        at java.base@21.0.8/java.util.TimerThread.mainLoop(Timer.java:537)&#10;        at java.base@21.0.8/java.util.TimerThread.run(Timer.java:516)&#10;&quot;ContainerDataScanner(/home/runner/work/ozone/ozone/hadoop-ozone/integration-test-recon/target/test-dir/MiniOzoneClusterImpl-b15909b8-03a8-4b15-aaa3-a668c086c089/ozone-metadata/datanode-2/data-0/hdds)&quot; daemon prio=5 tid=890 timed_waiting&#10;java.lang.Thread.State: TIMED_WAITING&#10;        at java.base@21.0.8/java.lang.Thread.sleep0(Native Method)&#10;        at java.base@21.0.8/java.lang.Thread.sleep(Thread.java:509)&#10;        at app//org.apache.hadoop.ozone.container.ozoneimpl.AbstractBackgroundContainerScanner.handleRemainingSleep(AbstractBackgroundContainerScanner.java:133)&#10;        at app//org.apache.hadoop.ozone.container.ozoneimpl.AbstractBackgroundContainerScanner.runIteration(AbstractBackgroundContainerScanner.java:100)&#10;        at app//org.apache.hadoop.ozone.container.ozoneimpl.AbstractBackgroundContainerScanner.run(AbstractBackgroundContainerScanner.java:59)&#10;        at java.base@21.0.8/java.lang.Thread.runWith(Thread.java:1596)&#10;        at java.base@21.0.8/java.lang.Thread.run(Thread.java:1583)&#10;&quot;IPC Server handler 86 on default port 15002&quot; daemon prio=5 tid=206 timed_waiting&#10;java.lang.Thread.State: TIMED_WAITING&#10;        at java.base@21.0.8/jdk.internal.misc.Unsafe.park(Native Method)&#10;        at java.base@21.0.8/java.util.concurrent.locks.LockSupport.parkNanos(LockSupport.java:269)&#10;        at java.base@21.0.8/java.util.concurrent.locks.AbstractQueuedSynchronizer$ConditionObject.awaitNanos(AbstractQueuedSynchronizer.java:1763)&#10;        at java.base@21.0.8/java.util.concurrent.LinkedBlockingQueue.poll(LinkedBlockingQueue.java:460)&#10;        at app//org.apache.hadoop.ipc.CallQueueManager.take(CallQueueManager.java:370)&#10;        at app//org.apache.hadoop.ipc.Server$Handler.run(Server.java:3165)&#10;&quot;IPC Server handler 70 on default port 15003&quot; daemon prio=5 tid=290 timed_waiting&#10;java.lang.Thread.State: TIMED_WAITING&#10;        at java.base@21.0.8/jdk.internal.misc.Unsafe.park(Native Method)&#10;        at java.base@21.0.8/java.util.concurrent.locks.LockSupport.parkNanos(LockSupport.java:269)&#10;        at java.base@21.0.8/java.util.concurrent.locks.AbstractQueuedSynchronizer$ConditionObject.awaitNanos(AbstractQueuedSynchronizer.java:1763)&#10;        at java.base@21.0.8/java.util.concurrent.LinkedBlockingQueue.poll(LinkedBlockingQueue.java:460)&#10;        at app//org.apache.hadoop.ipc.CallQueueManager.take(CallQueueManager.java:370)&#10;        at app//org.apache.hadoop.ipc.Server$Handler.run(Server.java:3165)&#10;&quot;directoryTable_PartialTableCache-Cleanup-0&quot; daemon prio=5 tid=1132 in Object.wait()&#10;java.lang.Thread.State: WAITING (on object monitor)&#10;        at java.base@21.0.8/jdk.internal.misc.Unsafe.park(Native Method)&#10;        at java.base@21.0.8/java.util.concurrent.locks.LockSupport.park(LockSupport.java:371)&#10;        at java.base@21.0.8/java.util.concurrent.locks.AbstractQueuedSynchronizer$ConditionNode.block(AbstractQueuedSynchronizer.java:519)&#10;        at java.base@21.0.8/java.util.concurrent.ForkJoinPool.unmanagedBlock(ForkJoinPool.java:3780)&#10;        at java.base@21.0.8/java.util.concurrent.ForkJoinPool.managedBlock(ForkJoinPool.java:3725)&#10;        at java.base@21.0.8/java.util.concurrent.locks.AbstractQueuedSynchronizer$ConditionObject.await(AbstractQueuedSynchronizer.java:1712)&#10;        at java.base@21.0.8/java.util.concurrent.LinkedBlockingQueue.take(LinkedBlockingQueue.java:435)&#10;        at java.base@21.0.8/java.util.concurrent.ThreadPoolExecutor.getTask(ThreadPoolExecutor.java:1070)&#10;        at java.base@21.0.8/java.util.concurrent.ThreadPoolExecutor.runWorker(ThreadPoolExecutor.java:1130)&#10;        at java.base@21.0.8/java.util.concurrent.ThreadPoolExecutor$Worker.run(ThreadPoolExecutor.java:642)&#10;        at java.base@21.0.8/java.lang.Thread.runWith(Thread.java:1596)&#10;        at java.base@21.0.8/java.lang.Thread.run(Thread.java:1583)&#10;&quot;IPC Server handler 50 on default port 15004&quot; daemon prio=5 tid=388 timed_waiting&#10;java.lang.Thread.State: TIMED_WAITING&#10;        at java.base@21.0.8/jdk.internal.misc.Unsafe.park(Native Method)&#10;        at java.base@21.0.8/java.util.concurrent.locks.LockSupport.parkNanos(LockSupport.java:269)&#10;        at java.base@21.0.8/java.util.concurrent.locks.AbstractQueuedSynchronizer$ConditionObject.awaitNanos(AbstractQueuedSynchronizer.java:1763)&#10;        at java.base@21.0.8/java.util.concurrent.LinkedBlockingQueue.poll(LinkedBlockingQueue.java:460)&#10;        at app//org.apache.hadoop.ipc.CallQueueManager.take(CallQueueManager.java:370)&#10;        at app//org.apache.hadoop.ipc.Server$Handler.run(Server.java:3165)&#10;&quot;qtp1181622455-546-acceptor-0@6ba30e74-ServerConnector@3b1a041c{HTTP/1.1, (http/1.1)}{0.0.0.0:15000}&quot; daemon prio=3 tid=546 runnable&#10;java.lang.Thread.State: RUNNABLE&#10;        at java.base@21.0.8/sun.nio.ch.Net.accept(Native Method)&#10;        at java.base@21.0.8/sun.nio.ch.ServerSocketChannelImpl.implAccept(ServerSocketChannelImpl.java:433)&#10;        at java.base@21.0.8/sun.nio.ch.ServerSocketChannelImpl.accept(ServerSocketChannelImpl.java:399)&#10;        at app//org.eclipse.jetty.server.ServerConnector.accept(ServerConnector.java:388)&#10;        at app//org.eclipse.jetty.server.AbstractConnector$Acceptor.run(AbstractConnector.java:704)&#10;        at app//org.eclipse.jetty.util.thread.QueuedThreadPool.runJob(QueuedThreadPool.java:883)&#10;        at app//org.eclipse.jetty.util.thread.QueuedThreadPool$Runner.run(QueuedThreadPool.java:1034)&#10;        at java.base@21.0.8/java.lang.Thread.runWith(Thread.java:1596)&#10;        at java.base@21.0.8/java.lang.Thread.run(Thread.java:1583)&#10;&quot;IPC Server handler 92 on default port 15003&quot; daemon prio=5 tid=312 timed_waiting&#10;java.lang.Thread.State: TIMED_WAITING&#10;        at java.base@21.0.8/jdk.internal.misc.Unsafe.park(Native Method)&#10;        at java.base@21.0.8/java.util.concurrent.locks.LockSupport.parkNanos(LockSupport.java:269)&#10;        at java.base@21.0.8/java.util.concurrent.locks.AbstractQueuedSynchronizer$ConditionObject.awaitNanos(AbstractQueuedSynchronizer.java:1763)&#10;        at java.base@21.0.8/java.util.concurrent.LinkedBlockingQueue.poll(LinkedBlockingQueue.java:460)&#10;        at app//org.apache.hadoop.ipc.CallQueueManager.take(CallQueueManager.java:370)&#10;        at app//org.apache.hadoop.ipc.Server$Handler.run(Server.java:3165)&#10;&quot;IPC Server handler 13 on default port 15003&quot; daemon prio=5 tid=233 timed_waiting&#10;java.lang.Thread.State: TIMED_WAITING&#10;        at java.base@21.0.8/jdk.internal.misc.Unsafe.park(Native Method)&#10;        at java.base@21.0.8/java.util.concurrent.locks.LockSupport.parkNanos(LockSupport.java:269)&#10;        at java.base@21.0.8/java.util.concurrent.locks.AbstractQueuedSynchronizer$ConditionObject.awaitNanos(AbstractQueuedSynchronizer.java:1763)&#10;        at java.base@21.0.8/java.util.concurrent.LinkedBlockingQueue.poll(LinkedBlockingQueue.java:460)&#10;        at app//org.apache.hadoop.ipc.CallQueueManager.take(CallQueueManager.java:370)&#10;        at app//org.apache.hadoop.ipc.Server$Handler.run(Server.java:3165)&#10;&quot;04372c61-9371-4ab6-9533-e94413dada7c@group-A668C086C089-cacheEviction-AwaitToRun&quot; daemon prio=5 tid=113 in Object.wait()&#10;java.lang.Thread.State: WAITING (on object monitor)&#10;        at java.base@21.0.8/jdk.internal.misc.Unsafe.park(Native Method)&#10;        at java.base@21.0.8/java.util.concurrent.locks.LockSupport.park(LockSupport.java:371)&#10;        at java.base@21.0.8/java.util.concurrent.locks.AbstractQueuedSynchronizer$ConditionNode.block(AbstractQueuedSynchronizer.java:519)&#10;        at java.base@21.0.8/java.util.concurrent.ForkJoinPool.unmanagedBlock(ForkJoinPool.java:3780)&#10;        at java.base@21.0.8/java.util.concurrent.ForkJoinPool.managedBlock(ForkJoinPool.java:3725)&#10;        at java.base@21.0.8/java.util.concurrent.locks.AbstractQueuedSynchronizer$ConditionObject.await(AbstractQueuedSynchronizer.java:1712)&#10;        at app//org.apache.ratis.util.AwaitForSignal.await(AwaitForSignal.java:48)&#10;        at app//org.apache.ratis.util.AwaitToRun$RunnableImpl.run(AwaitToRun.java:47)&#10;        at java.base@21.0.8/java.lang.Thread.runWith(Thread.java:1596)&#10;        at java.base@21.0.8/java.lang.Thread.run(Thread.java:1583)&#10;&quot;pool-73-thread-1&quot;  prio=5 tid=517 timed_waiting&#10;java.lang.Thread.State: TIMED_WAITING&#10;        at java.base@21.0.8/jdk.internal.misc.Unsafe.park(Native Method)&#10;        at java.base@21.0.8/java.util.concurrent.locks.LockSupport.parkNanos(LockSupport.java:269)&#10;        at java.base@21.0.8/java.util.concurrent.locks.AbstractQueuedSynchronizer$ConditionObject.awaitNanos(AbstractQueuedSynchronizer.java:1763)&#10;        at java.base@21.0.8/java.util.concurrent.ScheduledThreadPoolExecutor$DelayedWorkQueue.take(ScheduledThreadPoolExecutor.java:1182)&#10;        at java.base@21.0.8/java.util.concurrent.ScheduledThreadPoolExecutor$DelayedWorkQueue.take(ScheduledThreadPoolExecutor.java:899)&#10;        at java.base@21.0.8/java.util.concurrent.ThreadPoolExecutor.getTask(ThreadPoolExecutor.java:1070)&#10;        at java.base@21.0.8/java.util.concurrent.ThreadPoolExecutor.runWorker(ThreadPoolExecutor.java:1130)&#10;        at java.base@21.0.8/java.util.concurrent.ThreadPoolExecutor$Worker.run(ThreadPoolExecutor.java:642)&#10;        at java.base@21.0.8/java.lang.Thread.runWith(Thread.java:1596)&#10;        at java.base@21.0.8/java.lang.Thread.run(Thread.java:1583)&#10;&quot;IPC Server Responder&quot; daemon prio=5 tid=461 runnable&#10;java.lang.Thread.State: RUNNABLE&#10;        at java.base@21.0.8/sun.nio.ch.EPoll.wait(Native Method)&#10;        at java.base@21.0.8/sun.nio.ch.EPollSelectorImpl.doSelect(EPollSelectorImpl.java:121)&#10;        at java.base@21.0.8/sun.nio.ch.SelectorImpl.lockAndDoSelect(SelectorImpl.java:130)&#10;        at java.base@21.0.8/sun.nio.ch.SelectorImpl.select(SelectorImpl.java:142)&#10;        at app//org.apache.hadoop.ipc.Server$Responder.doRunLoop(Server.java:1733)&#10;        at app//org.apache.hadoop.ipc.Server$Responder.run(Server.java:1716)&#10;&quot;IPC Server handler 20 on default port 15001&quot; daemon prio=5 tid=578 timed_waiting&#10;java.lang.Thread.State: TIMED_WAITING&#10;        at java.base@21.0.8/jdk.internal.misc.Unsafe.park(Native Method)&#10;        at java.base@21.0.8/java.util.concurrent.locks.LockSupport.parkNanos(LockSupport.java:269)&#10;        at java.base@21.0.8/java.util.concurrent.locks.AbstractQueuedSynchronizer$ConditionObject.awaitNanos(AbstractQueuedSynchronizer.java:1763)&#10;        at java.base@21.0.8/java.util.concurrent.LinkedBlockingQueue.poll(LinkedBlockingQueue.java:460)&#10;        at app//org.apache.hadoop.ipc.CallQueueManager.take(CallQueueManager.java:370)&#10;        at app//org.apache.hadoop.ipc.Server$Handler.run(Server.java:3165)&#10;&quot;IPC Server handler 91 on default port 15003&quot; daemon prio=5 tid=311 timed_waiting&#10;java.lang.Thread.State: TIMED_WAITING&#10;        at java.base@21.0.8/jdk.internal.misc.Unsafe.park(Native Method)&#10;        at java.base@21.0.8/java.util.concurrent.locks.LockSupport.parkNanos(LockSupport.java:269)&#10;        at java.base@21.0.8/java.util.concurrent.locks.AbstractQueuedSynchronizer$ConditionObject.awaitNanos(AbstractQueuedSynchronizer.java:1763)&#10;        at java.base@21.0.8/java.util.concurrent.LinkedBlockingQueue.poll(LinkedBlockingQueue.java:460)&#10;        at app//org.apache.hadoop.ipc.CallQueueManager.take(CallQueueManager.java:370)&#10;        at app//org.apache.hadoop.ipc.Server$Handler.run(Server.java:3165)&#10;&quot;IPC Server handler 52 on default port 15002&quot; daemon prio=5 tid=172 timed_waiting&#10;java.lang.Thread.State: TIMED_WAITING&#10;        at java.base@21.0.8/jdk.internal.misc.Unsafe.park(Native Method)&#10;        at java.base@21.0.8/java.util.concurrent.locks.LockSupport.parkNanos(LockSupport.java:269)&#10;        at java.base@21.0.8/java.util.concurrent.locks.AbstractQueuedSynchronizer$ConditionObject.awaitNanos(AbstractQueuedSynchronizer.java:1763)&#10;        at java.base@21.0.8/java.util.concurrent.LinkedBlockingQueue.poll(LinkedBlockingQueue.java:460)&#10;        at app//org.apache.hadoop.ipc.CallQueueManager.take(CallQueueManager.java:370)&#10;        at app//org.apache.hadoop.ipc.Server$Handler.run(Server.java:3165)&#10;&quot;Socket Reader #8 for port 15037&quot; daemon prio=5 tid=858 runnable&#10;java.lang.Thread.State: RUNNABLE&#10;        at java.base@21.0.8/sun.nio.ch.EPoll.wait(Native Method)&#10;        at java.base@21.0.8/sun.nio.ch.EPollSelectorImpl.doSelect(EPollSelectorImpl.java:121)&#10;        at java.base@21.0.8/sun.nio.ch.SelectorImpl.lockAndDoSelect(SelectorImpl.java:130)&#10;        at java.base@21.0.8/sun.nio.ch.SelectorImpl.select(SelectorImpl.java:147)&#10;        at app//org.apache.hadoop.ipc.Server$Listener$Reader.doRunLoop(Server.java:1497)&#10;        at app//org.apache.hadoop.ipc.Server$Listener$Reader.run(Server.java:1476)&#10;&quot;grpc-default-executor-4&quot; daemon prio=5 tid=1110 timed_waiting&#10;java.lang.Thread.State: TIMED_WAITING&#10;        at java.base@21.0.8/jdk.internal.misc.Unsafe.park(Native Method)&#10;        at java.base@21.0.8/java.util.concurrent.locks.LockSupport.parkNanos(LockSupport.java:410)&#10;        at java.base@21.0.8/java.util.concurrent.LinkedTransferQueue$DualNode.await(LinkedTransferQueue.java:452)&#10;        at java.base@21.0.8/java.util.concurrent.SynchronousQueue$Transferer.xferLifo(SynchronousQueue.java:194)&#10;        at java.base@21.0.8/java.util.concurrent.SynchronousQueue.xfer(SynchronousQueue.java:235)&#10;        at java.base@21.0.8/java.util.concurrent.SynchronousQueue.poll(SynchronousQueue.java:338)&#10;        at java.base@21.0.8/java.util.concurrent.ThreadPoolExecutor.getTask(ThreadPoolExecutor.java:1069)&#10;        at java.base@21.0.8/java.util.concurrent.ThreadPoolExecutor.runWorker(ThreadPoolExecutor.java:1130)&#10;        at java.base@21.0.8/java.util.concurrent.ThreadPoolExecutor$Worker.run(ThreadPoolExecutor.java:642)&#10;        at java.base@21.0.8/java.lang.Thread.runWith(Thread.java:1596)&#10;        at java.base@21.0.8/java.lang.Thread.run(Thread.java:1583)&#10;&quot;IPC Server handler 4 on default port 15003&quot; daemon prio=5 tid=224 timed_waiting&#10;java.lang.Thread.State: TIMED_WAITING&#10;        at java.base@21.0.8/jdk.internal.misc.Unsafe.park(Native Method)&#10;        at java.base@21.0.8/java.util.concurrent.locks.LockSupport.parkNanos(LockSupport.java:269)&#10;        at java.base@21.0.8/java.util.concurrent.locks.AbstractQueuedSynchronizer$ConditionObject.awaitNanos(AbstractQueuedSynchronizer.java:1763)&#10;        at java.base@21.0.8/java.util.concurrent.LinkedBlockingQueue.poll(LinkedBlockingQueue.java:460)&#10;        at app//org.apache.hadoop.ipc.CallQueueManager.take(CallQueueManager.java:370)&#10;        at app//org.apache.hadoop.ipc.Server$Handler.run(Server.java:3165)&#10;&quot;c11f8a16-55ee-4f22-a5a5-7daf2dffa753-ContainerReplicationThread-0&quot; daemon prio=5 tid=1326 in Object.wait()&#10;java.lang.Thread.State: WAITING (on object monitor)&#10;        at java.base@21.0.8/jdk.internal.misc.Unsafe.park(Native Method)&#10;        at java.base@21.0.8/java.util.concurrent.locks.LockSupport.park(LockSupport.java:371)&#10;        at java.base@21.0.8/java.util.concurrent.locks.AbstractQueuedSynchronizer$ConditionNode.block(AbstractQueuedSynchronizer.java:519)&#10;        at java.base@21.0.8/java.util.concurrent.ForkJoinPool.unmanagedBlock(ForkJoinPool.java:3780)&#10;        at java.base@21.0.8/java.util.concurrent.ForkJoinPool.managedBlock(ForkJoinPool.java:3725)&#10;        at java.base@21.0.8/java.util.concurrent.locks.AbstractQueuedSynchronizer$ConditionObject.await(AbstractQueuedSynchronizer.java:1712)&#10;        at java.base@21.0.8/java.util.concurrent.PriorityBlockingQueue.take(PriorityBlockingQueue.java:535)&#10;        at java.base@21.0.8/java.util.concurrent.ThreadPoolExecutor.getTask(ThreadPoolExecutor.java:1070)&#10;        at java.base@21.0.8/java.util.concurrent.ThreadPoolExecutor.runWorker(ThreadPoolExecutor.java:1130)&#10;        at java.base@21.0.8/java.util.concurrent.ThreadPoolExecutor$Worker.run(ThreadPoolExecutor.java:642)&#10;        at java.base@21.0.8/java.lang.Thread.runWith(Thread.java:1596)&#10;        at java.base@21.0.8/java.lang.Thread.run(Thread.java:1583)&#10;&quot;IPC Server handler 40 on default port 15002&quot; daemon prio=5 tid=160 timed_waiting&#10;java.lang.Thread.State: TIMED_WAITING&#10;        at java.base@21.0.8/jdk.internal.misc.Unsafe.park(Native Method)&#10;        at java.base@21.0.8/java.util.concurrent.locks.LockSupport.parkNanos(LockSupport.java:269)&#10;        at java.base@21.0.8/java.util.concurrent.locks.AbstractQueuedSynchronizer$ConditionObject.awaitNanos(AbstractQueuedSynchronizer.java:1763)&#10;        at java.base@21.0.8/java.util.concurrent.LinkedBlockingQueue.poll(LinkedBlockingQueue.java:460)&#10;        at app//org.apache.hadoop.ipc.CallQueueManager.take(CallQueueManager.java:370)&#10;        at app//org.apache.hadoop.ipc.Server$Handler.run(Server.java:3165)&#10;&quot;timer1&quot; daemon prio=5 tid=1114 timed_waiting&#10;java.lang.Thread.State: TIMED_WAITING&#10;        at java.base@21.0.8/java.lang.Object.wait0(Native Method)&#10;        at java.base@21.0.8/java.lang.Object.wait(Object.java:366)&#10;        at java.base@21.0.8/java.util.TimerThread.mainLoop(Timer.java:563)&#10;        at java.base@21.0.8/java.util.TimerThread.run(Timer.java:516)&#10;&quot;Recon-SyncOM-2&quot;  prio=5 tid=1241 timed_waiting&#10;java.lang.Thread.State: TIMED_WAITING&#10;        at java.base@21.0.8/jdk.internal.misc.Unsafe.park(Native Method)&#10;        at java.base@21.0.8/java.util.concurrent.locks.LockSupport.parkNanos(LockSupport.java:269)&#10;        at java.base@21.0.8/java.util.concurrent.locks.AbstractQueuedSynchronizer$ConditionObject.awaitNanos(AbstractQueuedSynchronizer.java:1763)&#10;        at java.base@21.0.8/java.util.concurrent.ScheduledThreadPoolExecutor$DelayedWorkQueue.take(ScheduledThreadPoolExecutor.java:1182)&#10;        at java.base@21.0.8/java.util.concurrent.ScheduledThreadPoolExecutor$DelayedWorkQueue.take(ScheduledThreadPoolExecutor.java:899)&#10;        at java.base@21.0.8/java.util.concurrent.ThreadPoolExecutor.getTask(ThreadPoolExecutor.java:1070)&#10;        at java.base@21.0.8/java.util.concurrent.ThreadPoolExecutor.runWorker(ThreadPoolExecutor.java:1130)&#10;        at java.base@21.0.8/java.util.concurrent.ThreadPoolExecutor$Worker.run(ThreadPoolExecutor.java:642)&#10;        at java.base@21.0.8/java.lang.Thread.runWith(Thread.java:1596)&#10;        at java.base@21.0.8/java.lang.Thread.run(Thread.java:1583)&#10;&quot;SSL Certificates Store Monitor&quot; daemon prio=5 tid=1373 terminated&#10;java.lang.Thread.State: TERMINATED&#10;        at java.base@21.0.8/java.lang.Object.wait0(Native Method)&#10;        at java.base@21.0.8/java.lang.Object.wait(Object.java:366)&#10;        at java.base@21.0.8/java.lang.Object.wait(Object.java:339)&#10;        at java.base@21.0.8/java.util.TimerThread.mainLoop(Timer.java:537)&#10;        at java.base@21.0.8/java.util.TimerThread.run(Timer.java:516)&#10;&quot;Socket Reader #8 for port 15002&quot; daemon prio=5 tid=97 runnable&#10;java.lang.Thread.State: RUNNABLE&#10;        at java.base@21.0.8/sun.nio.ch.EPoll.wait(Native Method)&#10;        at java.base@21.0.8/sun.nio.ch.EPollSelectorImpl.doSelect(EPollSelectorImpl.java:121)&#10;        at java.base@21.0.8/sun.nio.ch.SelectorImpl.lockAndDoSelect(SelectorImpl.java:130)&#10;        at java.base@21.0.8/sun.nio.ch.SelectorImpl.select(SelectorImpl.java:147)&#10;        at app//org.apache.hadoop.ipc.Server$Listener$Reader.doRunLoop(Server.java:1497)&#10;        at app//org.apache.hadoop.ipc.Server$Listener$Reader.run(Server.java:1476)&#10;&quot;IPC Server handler 11 on default port 15002&quot; daemon prio=5 tid=131 timed_waiting&#10;java.lang.Thread.State: TIMED_WAITING&#10;        at java.base@21.0.8/jdk.internal.misc.Unsafe.park(Native Method)&#10;        at java.base@21.0.8/java.util.concurrent.locks.LockSupport.parkNanos(LockSupport.java:269)&#10;        at java.base@21.0.8/java.util.concurrent.locks.AbstractQueuedSynchronizer$ConditionObject.awaitNanos(AbstractQueuedSynchronizer.java:1763)&#10;        at java.base@21.0.8/java.util.concurrent.LinkedBlockingQueue.poll(LinkedBlockingQueue.java:460)&#10;        at app//org.apache.hadoop.ipc.CallQueueManager.take(CallQueueManager.java:370)&#10;        at app//org.apache.hadoop.ipc.Server$Handler.run(Server.java:3165)&#10;&quot;IPC Server handler 50 on default port 15001&quot; daemon prio=5 tid=608 timed_waiting&#10;java.lang.Thread.State: TIMED_WAITING&#10;        at java.base@21.0.8/jdk.internal.misc.Unsafe.park(Native Method)&#10;        at java.base@21.0.8/java.util.concurrent.locks.LockSupport.parkNanos(LockSupport.java:269)&#10;        at java.base@21.0.8/java.util.concurrent.locks.AbstractQueuedSynchronizer$ConditionObject.awaitNanos(AbstractQueuedSynchronizer.java:1763)&#10;        at java.base@21.0.8/java.util.concurrent.LinkedBlockingQueue.poll(LinkedBlockingQueue.java:460)&#10;        at app//org.apache.hadoop.ipc.CallQueueManager.take(CallQueueManager.java:370)&#10;        at app//org.apache.hadoop.ipc.Server$Handler.run(Server.java:3165)&#10;&quot;IPC Server handler 76 on default port 15004&quot; daemon prio=5 tid=414 timed_waiting&#10;java.lang.Thread.State: TIMED_WAITING&#10;        at java.base@21.0.8/jdk.internal.misc.Unsafe.park(Native Method)&#10;        at java.base@21.0.8/java.util.concurrent.locks.LockSupport.parkNanos(LockSupport.java:269)&#10;        at java.base@21.0.8/java.util.concurrent.locks.AbstractQueuedSynchronizer$ConditionObject.awaitNanos(AbstractQueuedSynchronizer.java:1763)&#10;        at java.base@21.0.8/java.util.concurrent.LinkedBlockingQueue.poll(LinkedBlockingQueue.java:460)&#10;        at app//org.apache.hadoop.ipc.CallQueueManager.take(CallQueueManager.java:370)&#10;        at app//org.apache.hadoop.ipc.Server$Handler.run(Server.java:3165)&#10;&quot;EventQueue-OpenPipelineForHealthyPipelineSafeModeRule&quot; daemon prio=5 tid=1035 in Object.wait()&#10;java.lang.Thread.State: WAITING (on object monitor)&#10;        at java.base@21.0.8/jdk.internal.misc.Unsafe.park(Native Method)&#10;        at java.base@21.0.8/java.util.concurrent.locks.LockSupport.park(LockSupport.java:371)&#10;        at java.base@21.0.8/java.util.concurrent.locks.AbstractQueuedSynchronizer$ConditionNode.block(AbstractQueuedSynchronizer.java:519)&#10;        at java.base@21.0.8/java.util.concurrent.ForkJoinPool.unmanagedBlock(ForkJoinPool.java:3780)&#10;        at java.base@21.0.8/java.util.concurrent.ForkJoinPool.managedBlock(ForkJoinPool.java:3725)&#10;        at java.base@21.0.8/java.util.concurrent.locks.AbstractQueuedSynchronizer$ConditionObject.await(AbstractQueuedSynchronizer.java:1712)&#10;        at java.base@21.0.8/java.util.concurrent.LinkedBlockingQueue.take(LinkedBlockingQueue.java:435)&#10;        at java.base@21.0.8/java.util.concurrent.ThreadPoolExecutor.getTask(ThreadPoolExecutor.java:1070)&#10;        at java.base@21.0.8/java.util.concurrent.ThreadPoolExecutor.runWorker(ThreadPoolExecutor.java:1130)&#10;        at java.base@21.0.8/java.util.concurrent.ThreadPoolExecutor$Worker.run(ThreadPoolExecutor.java:642)&#10;        at java.base@21.0.8/java.lang.Thread.runWith(Thread.java:1596)&#10;        at java.base@21.0.8/java.lang.Thread.run(Thread.java:1583)&#10;&quot;7d2db622-5327-4122-ba03-be97b5575303-NettyServerStreamRpc-bossGroup--thread1&quot; daemon prio=5 tid=760 runnable&#10;java.lang.Thread.State: RUNNABLE&#10;        at app//org.apache.ratis.thirdparty.io.netty.channel.epoll.Native.epollWait(Native Method)&#10;        at app//org.apache.ratis.thirdparty.io.netty.channel.epoll.Native.epollWait(Native.java:220)&#10;        at app//org.apache.ratis.thirdparty.io.netty.channel.epoll.Native.epollWait(Native.java:213)&#10;        at app//org.apache.ratis.thirdparty.io.netty.channel.epoll.EpollEventLoop.epollWaitNoTimerChange(EpollEventLoop.java:308)&#10;        at app//org.apache.ratis.thirdparty.io.netty.channel.epoll.EpollEventLoop.run(EpollEventLoop.java:365)&#10;        at app//org.apache.ratis.thirdparty.io.netty.util.concurrent.SingleThreadEventExecutor$4.run(SingleThreadEventExecutor.java:998)&#10;        at app//org.apache.ratis.thirdparty.io.netty.util.internal.ThreadExecutorMap$2.run(ThreadExecutorMap.java:74)&#10;        at java.base@21.0.8/java.lang.Thread.runWith(Thread.java:1596)&#10;        at java.base@21.0.8/java.lang.Thread.run(Thread.java:1583)&#10;&quot;IPC Server handler 65 on default port 15002&quot; daemon prio=5 tid=185 timed_waiting&#10;java.lang.Thread.State: TIMED_WAITING&#10;        at java.base@21.0.8/jdk.internal.misc.Unsafe.park(Native Method)&#10;        at java.base@21.0.8/java.util.concurrent.locks.LockSupport.parkNanos(LockSupport.java:269)&#10;        at java.base@21.0.8/java.util.concurrent.locks.AbstractQueuedSynchronizer$ConditionObject.awaitNanos(AbstractQueuedSynchronizer.java:1763)&#10;        at java.base@21.0.8/java.util.concurrent.LinkedBlockingQueue.poll(LinkedBlockingQueue.java:460)&#10;        at app//org.apache.hadoop.ipc.CallQueueManager.take(CallQueueManager.java:370)&#10;        at app//org.apache.hadoop.ipc.Server$Handler.run(Server.java:3165)&#10;&quot;qtp1181622455-547&quot; daemon prio=5 tid=547 timed_waiting&#10;java.lang.Thread.State: TIMED_WAITING&#10;        at java.base@21.0.8/jdk.internal.misc.Unsafe.park(Native Method)&#10;        at java.base@21.0.8/java.util.concurrent.locks.LockSupport.parkNanos(LockSupport.java:410)&#10;        at java.base@21.0.8/java.util.concurrent.LinkedTransferQueue$DualNode.await(LinkedTransferQueue.java:452)&#10;        at java.base@21.0.8/java.util.concurrent.SynchronousQueue$Transferer.xferLifo(SynchronousQueue.java:194)&#10;        at java.base@21.0.8/java.util.concurrent.SynchronousQueue.xfer(SynchronousQueue.java:235)&#10;        at java.base@21.0.8/java.util.concurrent.SynchronousQueue.poll(SynchronousQueue.java:338)&#10;        at app//org.eclipse.jetty.util.thread.ReservedThreadExecutor$ReservedThread.reservedWait(ReservedThreadExecutor.java:324)&#10;        at app//org.eclipse.jetty.util.thread.ReservedThreadExecutor$ReservedThread.run(ReservedThreadExecutor.java:399)&#10;        at app//org.eclipse.jetty.util.thread.QueuedThreadPool.runJob(QueuedThreadPool.java:883)&#10;        at app//org.eclipse.jetty.util.thread.QueuedThreadPool$Runner.run(QueuedThreadPool.java:1034)&#10;        at java.base@21.0.8/java.lang.Thread.runWith(Thread.java:1596)&#10;        at java.base@21.0.8/java.lang.Thread.run(Thread.java:1583)&#10;&quot;IPC Server handler 76 on default port 15002&quot; daemon prio=5 tid=196 timed_waiting&#10;java.lang.Thread.State: TIMED_WAITING&#10;        at java.base@21.0.8/jdk.internal.misc.Unsafe.park(Native Method)&#10;        at java.base@21.0.8/java.util.concurrent.locks.LockSupport.parkNanos(LockSupport.java:269)&#10;        at java.base@21.0.8/java.util.concurrent.locks.AbstractQueuedSynchronizer$ConditionObject.awaitNanos(AbstractQueuedSynchronizer.java:1763)&#10;        at java.base@21.0.8/java.util.concurrent.LinkedBlockingQueue.poll(LinkedBlockingQueue.java:460)&#10;        at app//org.apache.hadoop.ipc.CallQueueManager.take(CallQueueManager.java:370)&#10;        at app//org.apache.hadoop.ipc.Server$Handler.run(Server.java:3165)&#10;&quot;IPC Server handler 25 on default port 15003&quot; daemon prio=5 tid=245 timed_waiting&#10;java.lang.Thread.State: TIMED_WAITING&#10;        at java.base@21.0.8/jdk.internal.misc.Unsafe.park(Native Method)&#10;        at java.base@21.0.8/java.util.concurrent.locks.LockSupport.parkNanos(LockSupport.java:269)&#10;        at java.base@21.0.8/java.util.concurrent.locks.AbstractQueuedSynchronizer$ConditionObject.awaitNanos(AbstractQueuedSynchronizer.java:1763)&#10;        at java.base@21.0.8/java.util.concurrent.LinkedBlockingQueue.poll(LinkedBlockingQueue.java:460)&#10;        at app//org.apache.hadoop.ipc.CallQueueManager.take(CallQueueManager.java:370)&#10;        at app//org.apache.hadoop.ipc.Server$Handler.run(Server.java:3165)&#10;&quot;IPC Server handler 80 on default port 15003&quot; daemon prio=5 tid=300 timed_waiting&#10;java.lang.Thread.State: TIMED_WAITING&#10;        at java.base@21.0.8/jdk.internal.misc.Unsafe.park(Native Method)&#10;        at java.base@21.0.8/java.util.concurrent.locks.LockSupport.parkNanos(LockSupport.java:269)&#10;        at java.base@21.0.8/java.util.concurrent.locks.AbstractQueuedSynchronizer$ConditionObject.awaitNanos(AbstractQueuedSynchronizer.java:1763)&#10;        at java.base@21.0.8/java.util.concurrent.LinkedBlockingQueue.poll(LinkedBlockingQueue.java:460)&#10;        at app//org.apache.hadoop.ipc.CallQueueManager.take(CallQueueManager.java:370)&#10;        at app//org.apache.hadoop.ipc.Server$Handler.run(Server.java:3165)&#10;&quot;74afb32b-8e70-4799-b16c-dc9602d9dbb6@group-F9E79CCFDB91-SegmentedRaftLogWorker&quot;  prio=5 tid=1042 timed_waiting&#10;java.lang.Thread.State: TIMED_WAITING&#10;        at java.base@21.0.8/jdk.internal.misc.Unsafe.park(Native Method)&#10;        at java.base@21.0.8/java.util.concurrent.locks.LockSupport.parkNanos(LockSupport.java:269)&#10;        at java.base@21.0.8/java.util.concurrent.locks.AbstractQueuedSynchronizer$ConditionObject.awaitNanos(AbstractQueuedSynchronizer.java:1763)&#10;        at app//org.apache.ratis.util.DataBlockingQueue.poll(DataBlockingQueue.java:148)&#10;        at app//org.apache.ratis.server.raftlog.segmented.SegmentedRaftLogWorker.run(SegmentedRaftLogWorker.java:309)&#10;        at app//org.apache.ratis.server.raftlog.segmented.SegmentedRaftLogWorker$$Lambda/0x00007f9d6c3946c0.run(Unknown Source)&#10;        at java.base@21.0.8/java.util.concurrent.Executors$RunnableAdapter.call(Executors.java:572)&#10;        at java.base@21.0.8/java.util.concurrent.FutureTask.run(FutureTask.java:317)&#10;        at java.base@21.0.8/java.util.concurrent.ThreadPoolExecutor.runWorker(ThreadPoolExecutor.java:1144)&#10;        at java.base@21.0.8/java.util.concurrent.ThreadPoolExecutor$Worker.run(ThreadPoolExecutor.java:642)&#10;        at java.base@21.0.8/java.lang.Thread.runWith(Thread.java:1596)&#10;        at java.base@21.0.8/java.lang.Thread.run(Thread.java:1583)&#10;&quot;qtp133286137-483&quot; daemon prio=5 tid=483 runnable&#10;java.lang.Thread.State: RUNNABLE&#10;        at java.base@21.0.8/sun.nio.ch.EPoll.wait(Native Method)&#10;        at java.base@21.0.8/sun.nio.ch.EPollSelectorImpl.doSelect(EPollSelectorImpl.java:121)&#10;        at java.base@21.0.8/sun.nio.ch.SelectorImpl.lockAndDoSelect(SelectorImpl.java:130)&#10;        at java.base@21.0.8/sun.nio.ch.SelectorImpl.select(SelectorImpl.java:147)&#10;        at app//org.eclipse.jetty.io.ManagedSelector.nioSelect(ManagedSelector.java:183)&#10;        at app//org.eclipse.jetty.io.ManagedSelector.select(ManagedSelector.java:190)&#10;        at app//org.eclipse.jetty.io.ManagedSelector$SelectorProducer.select(ManagedSelector.java:606)&#10;        at app//org.eclipse.jetty.io.ManagedSelector$SelectorProducer.produce(ManagedSelector.java:543)&#10;        at app//org.eclipse.jetty.util.thread.strategy.EatWhatYouKill.produceTask(EatWhatYouKill.java:362)&#10;        at app//org.eclipse.jetty.util.thread.strategy.EatWhatYouKill.doProduce(EatWhatYouKill.java:186)&#10;        at app//org.eclipse.jetty.util.thread.strategy.EatWhatYouKill.tryProduce(EatWhatYouKill.java:173)&#10;        at app//org.eclipse.jetty.util.thread.strategy.EatWhatYouKill.produce(EatWhatYouKill.java:137)&#10;        at app//org.eclipse.jetty.io.ManagedSelector$$Lambda/0x00007f9d6c6e5f08.run(Unknown Source)&#10;        at app//org.eclipse.jetty.util.thread.QueuedThreadPool.runJob(QueuedThreadPool.java:883)&#10;        at app//org.eclipse.jetty.util.thread.QueuedThreadPool$Runner.run(QueuedThreadPool.java:1034)&#10;        at java.base@21.0.8/java.lang.Thread.runWith(Thread.java:1596)&#10;        at java.base@21.0.8/java.lang.Thread.run(Thread.java:1583)&#10;&quot;IPC Server handler 90 on default port 15003&quot; daemon prio=5 tid=310 timed_waiting&#10;java.lang.Thread.State: TIMED_WAITING&#10;        at java.base@21.0.8/jdk.internal.misc.Unsafe.park(Native Method)&#10;        at java.base@21.0.8/java.util.concurrent.locks.LockSupport.parkNanos(LockSupport.java:269)&#10;        at java.base@21.0.8/java.util.concurrent.locks.AbstractQueuedSynchronizer$ConditionObject.awaitNanos(AbstractQueuedSynchronizer.java:1763)&#10;        at java.base@21.0.8/java.util.concurrent.LinkedBlockingQueue.poll(LinkedBlockingQueue.java:460)&#10;        at app//org.apache.hadoop.ipc.CallQueueManager.take(CallQueueManager.java:370)&#10;        at app//org.apache.hadoop.ipc.Server$Handler.run(Server.java:3165)&#10;&quot;DiskUsage-/home/runner/work/ozone/ozone/hadoop-ozone/integration-test-recon/target/test-dir/MiniOzoneClusterImpl-b15909b8-03a8-4b15-aaa3-a668c086c089/ozone-metadata/datanode-2/ratis-&#10;&quot; daemon prio=5 tid=888 timed_waiting&#10;java.lang.Thread.State: TIMED_WAITING&#10;        at java.base@21.0.8/jdk.internal.misc.Unsafe.park(Native Method)&#10;        at java.base@21.0.8/java.util.concurrent.locks.LockSupport.parkNanos(LockSupport.java:269)&#10;        at java.base@21.0.8/java.util.concurrent.locks.AbstractQueuedSynchronizer$ConditionObject.awaitNanos(AbstractQueuedSynchronizer.java:1763)&#10;        at java.base@21.0.8/java.util.concurrent.ScheduledThreadPoolExecutor$DelayedWorkQueue.take(ScheduledThreadPoolExecutor.java:1182)&#10;        at java.base@21.0.8/java.util.concurrent.ScheduledThreadPoolExecutor$DelayedWorkQueue.take(ScheduledThreadPoolExecutor.java:899)&#10;        at java.base@21.0.8/java.util.concurrent.ThreadPoolExecutor.getTask(ThreadPoolExecutor.java:1070)&#10;        at java.base@21.0.8/java.util.concurrent.ThreadPoolExecutor.runWorker(ThreadPoolExecutor.java:1130)&#10;        at java.base@21.0.8/java.util.concurrent.ThreadPoolExecutor$Worker.run(ThreadPoolExecutor.java:642)&#10;        at java.base@21.0.8/java.lang.Thread.runWith(Thread.java:1596)&#10;        at java.base@21.0.8/java.lang.Thread.run(Thread.java:1583)&#10;&quot;qtp473358662-912&quot; daemon prio=5 tid=912 timed_waiting&#10;java.lang.Thread.State: TIMED_WAITING&#10;        at java.base@21.0.8/jdk.internal.misc.Unsafe.park(Native Method)&#10;        at java.base@21.0.8/java.util.concurrent.locks.LockSupport.parkNanos(LockSupport.java:269)&#10;        at java.base@21.0.8/java.util.concurrent.locks.AbstractQueuedSynchronizer$ConditionObject.awaitNanos(AbstractQueuedSynchronizer.java:1763)&#10;        at app//org.eclipse.jetty.util.BlockingArrayQueue.poll(BlockingArrayQueue.java:382)&#10;        at app//org.eclipse.jetty.util.thread.QueuedThreadPool$Runner.idleJobPoll(QueuedThreadPool.java:974)&#10;        at app//org.eclipse.jetty.util.thread.QueuedThreadPool$Runner.run(QueuedThreadPool.java:1018)&#10;        at java.base@21.0.8/java.lang.Thread.runWith(Thread.java:1596)&#10;        at java.base@21.0.8/java.lang.Thread.run(Thread.java:1583)&#10;&quot;Socket Reader #1 for port 15002&quot; daemon prio=5 tid=90 runnable&#10;java.lang.Thread.State: RUNNABLE&#10;        at java.base@21.0.8/sun.nio.ch.EPoll.wait(Native Method)&#10;        at java.base@21.0.8/sun.nio.ch.EPollSelectorImpl.doSelect(EPollSelectorImpl.java:121)&#10;        at java.base@21.0.8/sun.nio.ch.SelectorImpl.lockAndDoSelect(SelectorImpl.java:130)&#10;        at java.base@21.0.8/sun.nio.ch.SelectorImpl.select(SelectorImpl.java:147)&#10;        at app//org.apache.hadoop.ipc.Server$Listener$Reader.doRunLoop(Server.java:1497)&#10;        at app//org.apache.hadoop.ipc.Server$Listener$Reader.run(Server.java:1476)&#10;&quot;qtp473358662-909-acceptor-0@57125c1-ServerConnector@5ac1074b{HTTP/1.1, (http/1.1)}{0.0.0.0:15044}&quot; daemon prio=3 tid=909 runnable&#10;java.lang.Thread.State: RUNNABLE&#10;        at java.base@21.0.8/sun.nio.ch.Net.accept(Native Method)&#10;        at java.base@21.0.8/sun.nio.ch.ServerSocketChannelImpl.implAccept(ServerSocketChannelImpl.java:433)&#10;        at java.base@21.0.8/sun.nio.ch.ServerSocketChannelImpl.accept(ServerSocketChannelImpl.java:399)&#10;        at app//org.eclipse.jetty.server.ServerConnector.accept(ServerConnector.java:388)&#10;        at app//org.eclipse.jetty.server.AbstractConnector$Acceptor.run(AbstractConnector.java:704)&#10;        at app//org.eclipse.jetty.util.thread.QueuedThreadPool.runJob(QueuedThreadPool.java:883)&#10;        at app//org.eclipse.jetty.util.thread.QueuedThreadPool$Runner.run(QueuedThreadPool.java:1034)&#10;        at java.base@21.0.8/java.lang.Thread.runWith(Thread.java:1596)&#10;        at java.base@21.0.8/java.lang.Thread.run(Thread.java:1583)&#10;&quot;IPC Server handler 5 on default port 15004&quot; daemon prio=5 tid=343 timed_waiting&#10;java.lang.Thread.State: TIMED_WAITING&#10;        at java.base@21.0.8/jdk.internal.misc.Unsafe.park(Native Method)&#10;        at java.base@21.0.8/java.util.concurrent.locks.LockSupport.parkNanos(LockSupport.java:269)&#10;        at java.base@21.0.8/java.util.concurrent.locks.AbstractQueuedSynchronizer$ConditionObject.awaitNanos(AbstractQueuedSynchronizer.java:1763)&#10;        at java.base@21.0.8/java.util.concurrent.LinkedBlockingQueue.poll(LinkedBlockingQueue.java:460)&#10;        at app//org.apache.hadoop.ipc.CallQueueManager.take(CallQueueManager.java:370)&#10;        at app//org.apache.hadoop.ipc.Server$Handler.run(Server.java:3165)&#10;&quot;IPC Server handler 36 on default port 15004&quot; daemon prio=5 tid=374 timed_waiting&#10;java.lang.Thread.State: TIMED_WAITING&#10;        at java.base@21.0.8/jdk.internal.misc.Unsafe.park(Native Method)&#10;        at java.base@21.0.8/java.util.concurrent.locks.LockSupport.parkNanos(LockSupport.java:269)&#10;        at java.base@21.0.8/java.util.concurrent.locks.AbstractQueuedSynchronizer$ConditionObject.awaitNanos(AbstractQueuedSynchronizer.java:1763)&#10;        at java.base@21.0.8/java.util.concurrent.LinkedBlockingQueue.poll(LinkedBlockingQueue.java:460)&#10;        at app//org.apache.hadoop.ipc.CallQueueManager.take(CallQueueManager.java:370)&#10;        at app//org.apache.hadoop.ipc.Server$Handler.run(Server.java:3165)&#10;&quot;IPC Server handler 58 on default port 15002&quot; daemon prio=5 tid=178 timed_waiting&#10;java.lang.Thread.State: TIMED_WAITING&#10;        at java.base@21.0.8/jdk.internal.misc.Unsafe.park(Native Method)&#10;        at java.base@21.0.8/java.util.concurrent.locks.LockSupport.parkNanos(LockSupport.java:269)&#10;        at java.base@21.0.8/java.util.concurrent.locks.AbstractQueuedSynchronizer$ConditionObject.awaitNanos(AbstractQueuedSynchronizer.java:1763)&#10;        at java.base@21.0.8/java.util.concurrent.LinkedBlockingQueue.poll(LinkedBlockingQueue.java:460)&#10;        at app//org.apache.hadoop.ipc.CallQueueManager.take(CallQueueManager.java:370)&#10;        at app//org.apache.hadoop.ipc.Server$Handler.run(Server.java:3165)&#10;&quot;7d2db622-5327-4122-ba03-be97b5575303-ChunkWriter-3-0&quot; daemon prio=5 tid=972 in Object.wait()&#10;java.lang.Thread.State: WAITING (on object monitor)&#10;        at java.base@21.0.8/jdk.internal.misc.Unsafe.park(Native Method)&#10;        at java.base@21.0.8/java.util.concurrent.locks.LockSupport.park(LockSupport.java:371)&#10;        at java.base@21.0.8/java.util.concurrent.locks.AbstractQueuedSynchronizer$ConditionNode.block(AbstractQueuedSynchronizer.java:519)&#10;        at java.base@21.0.8/java.util.concurrent.ForkJoinPool.unmanagedBlock(ForkJoinPool.java:3780)&#10;        at java.base@21.0.8/java.util.concurrent.ForkJoinPool.managedBlock(ForkJoinPool.java:3725)&#10;        at java.base@21.0.8/java.util.concurrent.locks.AbstractQueuedSynchronizer$ConditionObject.await(AbstractQueuedSynchronizer.java:1712)&#10;        at java.base@21.0.8/java.util.concurrent.LinkedBlockingDeque.takeFirst(LinkedBlockingDeque.java:485)&#10;        at java.base@21.0.8/java.util.concurrent.LinkedBlockingDeque.take(LinkedBlockingDeque.java:673)&#10;        at java.base@21.0.8/java.util.concurrent.ThreadPoolExecutor.getTask(ThreadPoolExecutor.java:1070)&#10;        at java.base@21.0.8/java.util.concurrent.ThreadPoolExecutor.runWorker(ThreadPoolExecutor.java:1130)&#10;        at java.base@21.0.8/java.util.concurrent.ThreadPoolExecutor$Worker.run(ThreadPoolExecutor.java:642)&#10;        at java.base@21.0.8/java.lang.Thread.runWith(Thread.java:1596)&#10;        at java.base@21.0.8/java.lang.Thread.run(Thread.java:1583)&#10;&quot;IPC Server handler 97 on default port 15001&quot; daemon prio=5 tid=655 timed_waiting&#10;java.lang.Thread.State: TIMED_WAITING&#10;        at java.base@21.0.8/jdk.internal.misc.Unsafe.park(Native Method)&#10;        at java.base@21.0.8/java.util.concurrent.locks.LockSupport.parkNanos(LockSupport.java:269)&#10;        at java.base@21.0.8/java.util.concurrent.locks.AbstractQueuedSynchronizer$ConditionObject.awaitNanos(AbstractQueuedSynchronizer.java:1763)&#10;        at java.base@21.0.8/java.util.concurrent.LinkedBlockingQueue.poll(LinkedBlockingQueue.java:460)&#10;        at app//org.apache.hadoop.ipc.CallQueueManager.take(CallQueueManager.java:370)&#10;        at app//org.apache.hadoop.ipc.Server$Handler.run(Server.java:3165)&#10;&quot;derby.rawStoreDaemon&quot; daemon prio=5 tid=514 timed_waiting&#10;java.lang.Thread.State: TIMED_WAITING&#10;        at java.base@21.0.8/java.lang.Object.wait0(Native Method)&#10;        at java.base@21.0.8/java.lang.Object.wait(Object.java:366)&#10;        at app//org.apache.derby.impl.services.daemon.BasicDaemon.rest(Unknown Source)&#10;        at app//org.apache.derby.impl.services.daemon.BasicDaemon.run(Unknown Source)&#10;        at java.base@21.0.8/java.lang.Thread.runWith(Thread.java:1596)&#10;        at java.base@21.0.8/java.lang.Thread.run(Thread.java:1583)&#10;&quot;Session-HouseKeeper-62841436-1&quot;  prio=5 tid=915 timed_waiting&#10;java.lang.Thread.State: TIMED_WAITING&#10;        at java.base@21.0.8/jdk.internal.misc.Unsafe.park(Native Method)&#10;        at java.base@21.0.8/java.util.concurrent.locks.LockSupport.parkNanos(LockSupport.java:269)&#10;        at java.base@21.0.8/java.util.concurrent.locks.AbstractQueuedSynchronizer$ConditionObject.awaitNanos(AbstractQueuedSynchronizer.java:1763)&#10;        at java.base@21.0.8/java.util.concurrent.ScheduledThreadPoolExecutor$DelayedWorkQueue.take(ScheduledThreadPoolExecutor.java:1182)&#10;        at java.base@21.0.8/java.util.concurrent.ScheduledThreadPoolExecutor$DelayedWorkQueue.take(ScheduledThreadPoolExecutor.java:899)&#10;        at java.base@21.0.8/java.util.concurrent.ThreadPoolExecutor.getTask(ThreadPoolExecutor.java:1070)&#10;        at java.base@21.0.8/java.util.concurrent.ThreadPoolExecutor.runWorker(ThreadPoolExecutor.java:1130)&#10;        at java.base@21.0.8/java.util.concurrent.ThreadPoolExecutor$Worker.run(ThreadPoolExecutor.java:642)&#10;        at java.base@21.0.8/java.lang.Thread.runWith(Thread.java:1596)&#10;        at java.base@21.0.8/java.lang.Thread.run(Thread.java:1583)&#10;&quot;IPC Server handler 59 on default port 15002&quot; daemon prio=5 tid=179 timed_waiting&#10;java.lang.Thread.State: TIMED_WAITING&#10;        at java.base@21.0.8/jdk.internal.misc.Unsafe.park(Native Method)&#10;        at java.base@21.0.8/java.util.concurrent.locks.LockSupport.parkNanos(LockSupport.java:269)&#10;        at java.base@21.0.8/java.util.concurrent.locks.AbstractQueuedSynchronizer$ConditionObject.awaitNanos(AbstractQueuedSynchronizer.java:1763)&#10;        at java.base@21.0.8/java.util.concurrent.LinkedBlockingQueue.poll(LinkedBlockingQueue.java:460)&#10;        at app//org.apache.hadoop.ipc.CallQueueManager.take(CallQueueManager.java:370)&#10;        at app//org.apache.hadoop.ipc.Server$Handler.run(Server.java:3165)&#10;&quot;IPC Server handler 22 on default port 15004&quot; daemon prio=5 tid=360 timed_waiting&#10;java.lang.Thread.State: TIMED_WAITING&#10;        at java.base@21.0.8/jdk.internal.misc.Unsafe.park(Native Method)&#10;        at java.base@21.0.8/java.util.concurrent.locks.LockSupport.parkNanos(LockSupport.java:269)&#10;        at java.base@21.0.8/java.util.concurrent.locks.AbstractQueuedSynchronizer$ConditionObject.awaitNanos(AbstractQueuedSynchronizer.java:1763)&#10;        at java.base@21.0.8/java.util.concurrent.LinkedBlockingQueue.poll(LinkedBlockingQueue.java:460)&#10;        at app//org.apache.hadoop.ipc.CallQueueManager.take(CallQueueManager.java:370)&#10;        at app//org.apache.hadoop.ipc.Server$Handler.run(Server.java:3165)&#10;&quot;IPC Server Responder&quot; daemon prio=5 tid=785 runnable&#10;java.lang.Thread.State: RUNNABLE&#10;        at java.base@21.0.8/sun.nio.ch.EPoll.wait(Native Method)&#10;        at java.base@21.0.8/sun.nio.ch.EPollSelectorImpl.doSelect(EPollSelectorImpl.java:121)&#10;        at java.base@21.0.8/sun.nio.ch.SelectorImpl.lockAndDoSelect(SelectorImpl.java:130)&#10;        at java.base@21.0.8/sun.nio.ch.SelectorImpl.select(SelectorImpl.java:142)&#10;        at app//org.apache.hadoop.ipc.Server$Responder.doRunLoop(Server.java:1733)&#10;        at app//org.apache.hadoop.ipc.Server$Responder.run(Server.java:1716)&#10;&quot;7d2db622-5327-4122-ba03-be97b5575303@group-79D92D5C683F-LeaderStateImpl&quot; daemon prio=5 tid=1121 timed_waiting&#10;java.lang.Thread.State: TIMED_WAITING&#10;        at java.base@21.0.8/jdk.internal.misc.Unsafe.park(Native Method)&#10;        at java.base@21.0.8/java.util.concurrent.locks.LockSupport.parkNanos(LockSupport.java:269)&#10;        at java.base@21.0.8/java.util.concurrent.locks.AbstractQueuedSynchronizer$ConditionObject.awaitNanos(AbstractQueuedSynchronizer.java:1763)&#10;        at java.base@21.0.8/java.util.concurrent.ArrayBlockingQueue.poll(ArrayBlockingQueue.java:435)&#10;        at app//org.apache.ratis.server.impl.LeaderStateImpl$EventQueue.poll(LeaderStateImpl.java:168)&#10;        at app//org.apache.ratis.server.impl.LeaderStateImpl$EventProcessor.run(LeaderStateImpl.java:761)&#10;&quot;7d2db622-5327-4122-ba03-be97b5575303-groupManagement&quot; daemon prio=5 tid=1064 in Object.wait()&#10;java.lang.Thread.State: WAITING (on object monitor)&#10;        at java.base@21.0.8/jdk.internal.misc.Unsafe.park(Native Method)&#10;        at java.base@21.0.8/java.util.concurrent.locks.LockSupport.park(LockSupport.java:371)&#10;        at java.base@21.0.8/java.util.concurrent.locks.AbstractQueuedSynchronizer$ConditionNode.block(AbstractQueuedSynchronizer.java:519)&#10;        at java.base@21.0.8/java.util.concurrent.ForkJoinPool.unmanagedBlock(ForkJoinPool.java:3780)&#10;        at java.base@21.0.8/java.util.concurrent.ForkJoinPool.managedBlock(ForkJoinPool.java:3725)&#10;        at java.base@21.0.8/java.util.concurrent.locks.AbstractQueuedSynchronizer$ConditionObject.await(AbstractQueuedSynchronizer.java:1712)&#10;        at java.base@21.0.8/java.util.concurrent.LinkedBlockingQueue.take(LinkedBlockingQueue.java:435)&#10;        at java.base@21.0.8/java.util.concurrent.ThreadPoolExecutor.getTask(ThreadPoolExecutor.java:1070)&#10;        at java.base@21.0.8/java.util.concurrent.ThreadPoolExecutor.runWorker(ThreadPoolExecutor.java:1130)&#10;        at java.base@21.0.8/java.util.concurrent.ThreadPoolExecutor$Worker.run(ThreadPoolExecutor.java:642)&#10;        at java.base@21.0.8/java.lang.Thread.runWith(Thread.java:1596)&#10;        at java.base@21.0.8/java.lang.Thread.run(Thread.java:1583)&#10;&quot;IPC Server handler 57 on default port 15001&quot; daemon prio=5 tid=615 timed_waiting&#10;java.lang.Thread.State: TIMED_WAITING&#10;        at java.base@21.0.8/jdk.internal.misc.Unsafe.park(Native Method)&#10;        at java.base@21.0.8/java.util.concurrent.locks.LockSupport.parkNanos(LockSupport.java:269)&#10;        at java.base@21.0.8/java.util.concurrent.locks.AbstractQueuedSynchronizer$ConditionObject.awaitNanos(AbstractQueuedSynchronizer.java:1763)&#10;        at java.base@21.0.8/java.util.concurrent.LinkedBlockingQueue.poll(LinkedBlockingQueue.java:460)&#10;        at app//org.apache.hadoop.ipc.CallQueueManager.take(CallQueueManager.java:370)&#10;        at app//org.apache.hadoop.ipc.Server$Handler.run(Server.java:3165)&#10;&quot;IPC Server handler 6 on default port 15003&quot; daemon prio=5 tid=226 timed_waiting&#10;java.lang.Thread.State: TIMED_WAITING&#10;        at java.base@21.0.8/jdk.internal.misc.Unsafe.park(Native Method)&#10;        at java.base@21.0.8/java.util.concurrent.locks.LockSupport.parkNanos(LockSupport.java:269)&#10;        at java.base@21.0.8/java.util.concurrent.locks.AbstractQueuedSynchronizer$ConditionObject.awaitNanos(AbstractQueuedSynchronizer.java:1763)&#10;        at java.base@21.0.8/java.util.concurrent.LinkedBlockingQueue.poll(LinkedBlockingQueue.java:460)&#10;        at app//org.apache.hadoop.ipc.CallQueueManager.take(CallQueueManager.java:370)&#10;        at app//org.apache.hadoop.ipc.Server$Handler.run(Server.java:3165)&#10;&quot;om1-OMDoubleBufferFlushThread&quot; daemon prio=5 tid=445 timed_waiting&#10;java.lang.Thread.State: TIMED_WAITING&#10;        at java.base@21.0.8/java.lang.Object.wait0(Native Method)&#10;        at java.base@21.0.8/java.lang.Object.wait(Object.java:366)&#10;        at app//org.apache.hadoop.ozone.om.ratis.OzoneManagerDoubleBuffer.canFlush(OzoneManagerDoubleBuffer.java:547)&#10;        at app//org.apache.hadoop.ozone.om.ratis.OzoneManagerDoubleBuffer.flushTransactions(OzoneManagerDoubleBuffer.java:279)&#10;        at app//org.apache.hadoop.ozone.om.ratis.OzoneManagerDoubleBuffer$$Lambda/0x00007f9d6c7bf260.run(Unknown Source)&#10;        at java.base@21.0.8/java.lang.Thread.runWith(Thread.java:1596)&#10;        at java.base@21.0.8/java.lang.Thread.run(Thread.java:1583)&#10;&quot;IPC Server handler 38 on default port 15002&quot; daemon prio=5 tid=158 timed_waiting&#10;java.lang.Thread.State: TIMED_WAITING&#10;        at java.base@21.0.8/jdk.internal.misc.Unsafe.park(Native Method)&#10;        at java.base@21.0.8/java.util.concurrent.locks.LockSupport.parkNanos(LockSupport.java:269)&#10;        at java.base@21.0.8/java.util.concurrent.locks.AbstractQueuedSynchronizer$ConditionObject.awaitNanos(AbstractQueuedSynchronizer.java:1763)&#10;        at java.base@21.0.8/java.util.concurrent.LinkedBlockingQueue.poll(LinkedBlockingQueue.java:460)&#10;        at app//org.apache.hadoop.ipc.CallQueueManager.take(CallQueueManager.java:370)&#10;        at app//org.apache.hadoop.ipc.Server$Handler.run(Server.java:3165)&#10;&quot;IPC Server handler 53 on default port 15001&quot; daemon prio=5 tid=611 timed_waiting&#10;java.lang.Thread.State: TIMED_WAITING&#10;        at java.base@21.0.8/jdk.internal.misc.Unsafe.park(Native Method)&#10;        at java.base@21.0.8/java.util.concurrent.locks.LockSupport.parkNanos(LockSupport.java:269)&#10;        at java.base@21.0.8/java.util.concurrent.locks.AbstractQueuedSynchronizer$ConditionObject.awaitNanos(AbstractQueuedSynchronizer.java:1763)&#10;        at java.base@21.0.8/java.util.concurrent.LinkedBlockingQueue.poll(LinkedBlockingQueue.java:460)&#10;        at app//org.apache.hadoop.ipc.CallQueueManager.take(CallQueueManager.java:370)&#10;        at app//org.apache.hadoop.ipc.Server$Handler.run(Server.java:3165)&#10;&quot;IPC Server handler 5 on default port 15002&quot; daemon prio=5 tid=125 timed_waiting&#10;java.lang.Thread.State: TIMED_WAITING&#10;        at java.base@21.0.8/jdk.internal.misc.Unsafe.park(Native Method)&#10;        at java.base@21.0.8/java.util.concurrent.locks.LockSupport.parkNanos(LockSupport.java:269)&#10;        at java.base@21.0.8/java.util.concurrent.locks.AbstractQueuedSynchronizer$ConditionObject.awaitNanos(AbstractQueuedSynchronizer.java:1763)&#10;        at java.base@21.0.8/java.util.concurrent.LinkedBlockingQueue.poll(LinkedBlockingQueue.java:460)&#10;        at app//org.apache.hadoop.ipc.CallQueueManager.take(CallQueueManager.java:370)&#10;        at app//org.apache.hadoop.ipc.Server$Handler.run(Server.java:3165)&#10;&quot;IPC Server handler 43 on default port 15001&quot; daemon prio=5 tid=601 timed_waiting&#10;java.lang.Thread.State: TIMED_WAITING&#10;        at java.base@21.0.8/jdk.internal.misc.Unsafe.park(Native Method)&#10;        at java.base@21.0.8/java.util.concurrent.locks.LockSupport.parkNanos(LockSupport.java:269)&#10;        at java.base@21.0.8/java.util.concurrent.locks.AbstractQueuedSynchronizer$ConditionObject.awaitNanos(AbstractQueuedSynchronizer.java:1763)&#10;        at java.base@21.0.8/java.util.concurrent.LinkedBlockingQueue.poll(LinkedBlockingQueue.java:460)&#10;        at app//org.apache.hadoop.ipc.CallQueueManager.take(CallQueueManager.java:370)&#10;        at app//org.apache.hadoop.ipc.Server$Handler.run(Server.java:3165)&#10;&quot;IPC Server handler 36 on default port 15002&quot; daemon prio=5 tid=156 timed_waiting&#10;java.lang.Thread.State: TIMED_WAITING&#10;        at java.base@21.0.8/jdk.internal.misc.Unsafe.park(Native Method)&#10;        at java.base@21.0.8/java.util.concurrent.locks.LockSupport.parkNanos(LockSupport.java:269)&#10;        at java.base@21.0.8/java.util.concurrent.locks.AbstractQueuedSynchronizer$ConditionObject.awaitNanos(AbstractQueuedSynchronizer.java:1763)&#10;        at java.base@21.0.8/java.util.concurrent.LinkedBlockingQueue.poll(LinkedBlockingQueue.java:460)&#10;        at app//org.apache.hadoop.ipc.CallQueueManager.take(CallQueueManager.java:370)&#10;        at app//org.apache.hadoop.ipc.Server$Handler.run(Server.java:3165)&#10;&quot;IPC Server handler 49 on default port 15004&quot; daemon prio=5 tid=387 timed_waiting&#10;java.lang.Thread.State: TIMED_WAITING&#10;        at java.base@21.0.8/jdk.internal.misc.Unsafe.park(Native Method)&#10;        at java.base@21.0.8/java.util.concurrent.locks.LockSupport.parkNanos(LockSupport.java:269)&#10;        at java.base@21.0.8/java.util.concurrent.locks.AbstractQueuedSynchronizer$ConditionObject.awaitNanos(AbstractQueuedSynchronizer.java:1763)&#10;        at java.base@21.0.8/java.util.concurrent.LinkedBlockingQueue.poll(LinkedBlockingQueue.java:460)&#10;        at app//org.apache.hadoop.ipc.CallQueueManager.take(CallQueueManager.java:370)&#10;        at app//org.apache.hadoop.ipc.Server$Handler.run(Server.java:3165)&#10;&quot;Socket Reader #9 for port 15001&quot; daemon prio=5 tid=529 runnable&#10;java.lang.Thread.State: RUNNABLE&#10;        at java.base@21.0.8/sun.nio.ch.EPoll.wait(Native Method)&#10;        at java.base@21.0.8/sun.nio.ch.EPollSelectorImpl.doSelect(EPollSelectorImpl.java:121)&#10;        at java.base@21.0.8/sun.nio.ch.SelectorImpl.lockAndDoSelect(SelectorImpl.java:130)&#10;        at java.base@21.0.8/sun.nio.ch.SelectorImpl.select(SelectorImpl.java:147)&#10;        at app//org.apache.hadoop.ipc.Server$Listener$Reader.doRunLoop(Server.java:1497)&#10;        at app//org.apache.hadoop.ipc.Server$Listener$Reader.run(Server.java:1476)&#10;&quot;IPC Server handler 79 on default port 15002&quot; daemon prio=5 tid=199 timed_waiting&#10;java.lang.Thread.State: TIMED_WAITING&#10;        at java.base@21.0.8/jdk.internal.misc.Unsafe.park(Native Method)&#10;        at java.base@21.0.8/java.util.concurrent.locks.LockSupport.parkNanos(LockSupport.java:269)&#10;        at java.base@21.0.8/java.util.concurrent.locks.AbstractQueuedSynchronizer$ConditionObject.awaitNanos(AbstractQueuedSynchronizer.java:1763)&#10;        at java.base@21.0.8/java.util.concurrent.LinkedBlockingQueue.poll(LinkedBlockingQueue.java:460)&#10;        at app//org.apache.hadoop.ipc.CallQueueManager.take(CallQueueManager.java:370)&#10;        at app//org.apache.hadoop.ipc.Server$Handler.run(Server.java:3165)&#10;&quot;ForkJoinPool-1-worker-1&quot; daemon prio=5 tid=33 runnable&#10;java.lang.Thread.State: RUNNABLE&#10;        at java.base@21.0.8/java.lang.Thread.dumpThreads(Native Method)&#10;        at java.base@21.0.8/java.lang.Thread.getAllStackTraces(Thread.java:2522)&#10;        at app//org.apache.ozone.test.TimedOutTestsListener.buildThreadDump(TimedOutTestsListener.java:81)&#10;        at app//org.apache.ozone.test.TimedOutTestsListener.buildThreadDiagnosticString(TimedOutTestsListener.java:67)&#10;        at app//org.apache.ozone.test.GenericTestUtils.waitFor(GenericTestUtils.java:116)&#10;        at app//org.apache.hadoop.ozone.recon.TestReconAndAdminContainerCLI.compareRMReportToReconResponse(TestReconAndAdminContainerCLI.java:323)&#10;        at app//org.apache.hadoop.ozone.recon.TestReconAndAdminContainerCLI.testMissingContainer(TestReconAndAdminContainerCLI.java:213)&#10;        at java.base@21.0.8/java.lang.invoke.LambdaForm$DMH/0x00007f9d6c15c400.invokeVirtual(LambdaForm$DMH)&#10;        at java.base@21.0.8/java.lang.invoke.LambdaForm$MH/0x00007f9d6c1bd800.invoke(LambdaForm$MH)&#10;        at java.base@21.0.8/java.lang.invoke.Invokers$Holder.invokeExact_MT(Invokers$Holder)&#10;        at java.base@21.0.8/jdk.internal.reflect.DirectMethodHandleAccessor.invokeImpl(DirectMethodHandleAccessor.java:153)&#10;        at java.base@21.0.8/jdk.internal.reflect.DirectMethodHandleAccessor.invoke(DirectMethodHandleAccessor.java:103)&#10;        at java.base@21.0.8/java.lang.reflect.Method.invoke(Method.java:580)&#10;        at app//org.junit.platform.commons.util.ReflectionUtils.invokeMethod(ReflectionUtils.java:786)&#10;        at app//org.junit.platform.commons.support.ReflectionSupport.invokeMethod(ReflectionSupport.java:514)&#10;        at app//org.junit.jupiter.engine.execution.MethodInvocation.proceed(MethodInvocation.java:60)&#10;        at app//org.junit.jupiter.engine.execution.InvocationInterceptorChain$ValidatingInvocation.proceed(InvocationInterceptorChain.java:131)&#10;        at app//org.junit.jupiter.engine.extension.SameThreadTimeoutInvocation.proceed(SameThreadTimeoutInvocation.java:49)&#10;        at app//org.junit.jupiter.engine.extension.TimeoutExtension.intercept(TimeoutExtension.java:161)&#10;        at app//org.junit.jupiter.engine.extension.TimeoutExtension.interceptTestableMethod(TimeoutExtension.java:152)&#10;        at app//org.junit.jupiter.engine.extension.TimeoutExtension.interceptTestMethod(TimeoutExtension.java:91)&#10;        at app//org.junit.jupiter.engine.descriptor.TestMethodTestDescriptor$$Lambda/0x00007f9d6c11fad8.apply(Unknown Source)&#10;        at app//org.junit.jupiter.engine.execution.InterceptingExecutableInvoker$ReflectiveInterceptorCall.lambda$ofVoidMethod$0(InterceptingExecutableInvoker.java:112)&#10;        at app//org.junit.jupiter.engine.execution.InterceptingExecutableInvoker$ReflectiveInterceptorCall$$Lambda/0x00007f9d6c11d000.apply(Unknown Source)&#10;        at app//org.junit.jupiter.engine.execution.InterceptingExecutableInvoker.lambda$invoke$0(InterceptingExecutableInvoker.java:94)&#10;        at app//org.junit.jupiter.engine.execution.InterceptingExecutableInvoker$$Lambda/0x00007f9d6c176488.apply(Unknown Source)&#10;        at app//org.junit.jupiter.engine.execution.InvocationInterceptorChain$InterceptedInvocation.proceed(InvocationInterceptorChain.java:106)&#10;        at app//org.junit.jupiter.engine.execution.InvocationInterceptorChain.proceed(InvocationInterceptorChain.java:64)&#10;        at app//org.junit.jupiter.engine.execution.InvocationInterceptorChain.chainAndInvoke(InvocationInterceptorChain.java:45)&#10;        at app//org.junit.jupiter.engine.execution.InvocationInterceptorChain.invoke(InvocationInterceptorChain.java:37)&#10;        at app//org.junit.jupiter.engine.execution.InterceptingExecutableInvoker.invoke(InterceptingExecutableInvoker.java:93)&#10;        at app//org.junit.jupiter.engine.execution.InterceptingExecutableInvoker.invoke(InterceptingExecutableInvoker.java:87)&#10;        at app//org.junit.jupiter.engine.descriptor.TestMethodTestDescriptor.lambda$invokeTestMethod$4(TestMethodTestDescriptor.java:221)&#10;        at app//org.junit.jupiter.engine.descriptor.TestMethodTestDescriptor$$Lambda/0x00007f9d6cfba220.execute(Unknown Source)&#10;        at app//org.junit.platform.engine.support.hierarchical.ThrowableCollector.execute(ThrowableCollector.java:73)&#10;        at app//org.junit.jupiter.engine.descriptor.TestMethodTestDescriptor.invokeTestMethod(TestMethodTestDescriptor.java:217)&#10;        at app//org.junit.jupiter.engine.descriptor.TestMethodTestDescriptor.execute(TestMethodTestDescriptor.java:159)&#10;        at app//org.junit.jupiter.engine.descriptor.TestMethodTestDescriptor.execute(TestMethodTestDescriptor.java:70)&#10;        at app//org.junit.platform.engine.support.hierarchical.NodeTestTask.lambda$executeRecursively$6(NodeTestTask.java:157)&#10;        at app//org.junit.platform.engine.support.hierarchical.NodeTestTask$$Lambda/0x00007f9d6c161800.execute(Unknown Source)&#10;        at app//org.junit.platform.engine.support.hierarchical.ThrowableCollector.execute(ThrowableCollector.java:73)&#10;        at app//org.junit.platform.engine.support.hierarchical.NodeTestTask.lambda$executeRecursively$8(NodeTestTask.java:147)&#10;        at app//org.junit.platform.engine.support.hierarchical.NodeTestTask$$Lambda/0x00007f9d6c1615d8.invoke(Unknown Source)&#10;        at app//org.junit.platform.engine.support.hierarchical.Node.around(Node.java:137)&#10;        at app//org.junit.platform.engine.support.hierarchical.NodeTestTask.lambda$executeRecursively$9(NodeTestTask.java:145)&#10;        at app//org.junit.platform.engine.support.hierarchical.NodeTestTask$$Lambda/0x00007f9d6c1611b0.execute(Unknown Source)&#10;        at app//org.junit.platform.engine.support.hierarchical.ThrowableCollector.execute(ThrowableCollector.java:73)&#10;        at app//org.junit.platform.engine.support.hierarchical.NodeTestTask.executeRecursively(NodeTestTask.java:144)&#10;        at app//org.junit.platform.engine.support.hierarchical.NodeTestTask.execute(NodeTestTask.java:101)&#10;        at app//org.junit.platform.engine.support.hierarchical.ForkJoinPoolHierarchicalTestExecutorService$ExclusiveTask.exec(ForkJoinPoolHierarchicalTestExecutorService.java:274)&#10;        at app//org.junit.platform.engine.support.hierarchical.ForkJoinPoolHierarchicalTestExecutorService$ExclusiveTask.execSync(ForkJoinPoolHierarchicalTestExecutorService.java:247)&#10;        at app//org.junit.platform.engine.support.hierarchical.ForkJoinPoolHierarchicalTestExecutorService.invokeAll(ForkJoinPoolHierarchicalTestExecutorService.java:159)&#10;        at app//org.junit.platform.engine.support.hierarchical.NodeTestTask.lambda$executeRecursively$6(NodeTestTask.java:161)&#10;        at app//org.junit.platform.engine.support.hierarchical.NodeTestTask$$Lambda/0x00007f9d6c161800.execute(Unknown Source)&#10;        at app//org.junit.platform.engine.support.hierarchical.ThrowableCollector.execute(ThrowableCollector.java:73)&#10;        at app//org.junit.platform.engine.support.hierarchical.NodeTestTask.lambda$executeRecursively$8(NodeTestTask.java:147)&#10;        at app//org.junit.platform.engine.support.hierarchical.NodeTestTask$$Lambda/0x00007f9d6c1615d8.invoke(Unknown Source)&#10;        at app//org.junit.platform.engine.support.hierarchical.Node.around(Node.java:137)&#10;        at app//org.junit.platform.engine.support.hierarchical.NodeTestTask.lambda$executeRecursively$9(NodeTestTask.java:145)&#10;        at app//org.junit.platform.engine.support.hierarchical.NodeTestTask$$Lambda/0x00007f9d6c1611b0.execute(Unknown Source)&#10;        at app//org.junit.platform.engine.support.hierarchical.ThrowableCollector.execute(ThrowableCollector.java:73)&#10;        at app//org.junit.platform.engine.support.hierarchical.NodeTestTask.executeRecursively(NodeTestTask.java:144)&#10;        at app//org.junit.platform.engine.support.hierarchical.NodeTestTask.execute(NodeTestTask.java:101)&#10;        at app//org.junit.platform.engine.support.hierarchical.ForkJoinPoolHierarchicalTestExecutorService$ExclusiveTask.exec(ForkJoinPoolHierarchicalTestExecutorService.java:274)&#10;        at app//org.junit.platform.engine.support.hierarchical.ForkJoinPoolHierarchicalTestExecutorService$ExclusiveTask.execSync(ForkJoinPoolHierarchicalTestExecutorService.java:247)&#10;        at app//org.junit.platform.engine.support.hierarchical.ForkJoinPoolHierarchicalTestExecutorService.invokeAll(ForkJoinPoolHierarchicalTestExecutorService.java:159)&#10;        at app//org.junit.platform.engine.support.hierarchical.NodeTestTask.lambda$executeRecursively$6(NodeTestTask.java:161)&#10;        at app//org.junit.platform.engine.support.hierarchical.NodeTestTask$$Lambda/0x00007f9d6c161800.execute(Unknown Source)&#10;        at app//org.junit.platform.engine.support.hierarchical.ThrowableCollector.execute(ThrowableCollector.java:73)&#10;        at app//org.junit.platform.engine.support.hierarchical.NodeTestTask.lambda$executeRecursively$8(NodeTestTask.java:147)&#10;        at app//org.junit.platform.engine.support.hierarchical.NodeTestTask$$Lambda/0x00007f9d6c1615d8.invoke(Unknown Source)&#10;        at app//org.junit.platform.engine.support.hierarchical.Node.around(Node.java:137)&#10;        at app//org.junit.platform.engine.support.hierarchical.NodeTestTask.lambda$executeRecursively$9(NodeTestTask.java:145)&#10;        at app//org.junit.platform.engine.support.hierarchical.NodeTestTask$$Lambda/0x00007f9d6c1611b0.execute(Unknown Source)&#10;        at app//org.junit.platform.engine.support.hierarchical.ThrowableCollector.execute(ThrowableCollector.java:73)&#10;        at app//org.junit.platform.engine.support.hierarchical.NodeTestTask.executeRecursively(NodeTestTask.java:144)&#10;        at app//org.junit.platform.engine.support.hierarchical.NodeTestTask.execute(NodeTestTask.java:101)&#10;        at app//org.junit.platform.engine.support.hierarchical.ForkJoinPoolHierarchicalTestExecutorService$ExclusiveTask.exec(ForkJoinPoolHierarchicalTestExecutorService.java:274)&#10;        at java.base@21.0.8/java.util.concurrent.ForkJoinTask.doExec(ForkJoinTask.java:387)&#10;        at java.base@21.0.8/java.util.concurrent.ForkJoinPool$WorkQueue.topLevelExec(ForkJoinPool.java:1312)&#10;        at java.base@21.0.8/java.util.concurrent.ForkJoinPool.scan(ForkJoinPool.java:1843)&#10;        at java.base@21.0.8/java.util.concurrent.ForkJoinPool.runWorker(ForkJoinPool.java:1808)&#10;        at java.base@21.0.8/java.util.concurrent.ForkJoinWorkerThread.run(ForkJoinWorkerThread.java:188)&#10;&quot;IPC Server handler 41 on default port 15002&quot; daemon prio=5 tid=161 timed_waiting&#10;java.lang.Thread.State: TIMED_WAITING&#10;        at java.base@21.0.8/jdk.internal.misc.Unsafe.park(Native Method)&#10;        at java.base@21.0.8/java.util.concurrent.locks.LockSupport.parkNanos(LockSupport.java:269)&#10;        at java.base@21.0.8/java.util.concurrent.locks.AbstractQueuedSynchronizer$ConditionObject.awaitNanos(AbstractQueuedSynchronizer.java:1763)&#10;        at java.base@21.0.8/java.util.concurrent.LinkedBlockingQueue.poll(LinkedBlockingQueue.java:460)&#10;        at app//org.apache.hadoop.ipc.CallQueueManager.take(CallQueueManager.java:370)&#10;        at app//org.apache.hadoop.ipc.Server$Handler.run(Server.java:3165)&#10;&quot;IPC Server handler 96 on default port 15003&quot; daemon prio=5 tid=316 timed_waiting&#10;java.lang.Thread.State: TIMED_WAITING&#10;        at java.base@21.0.8/jdk.internal.misc.Unsafe.park(Native Method)&#10;        at java.base@21.0.8/java.util.concurrent.locks.LockSupport.parkNanos(LockSupport.java:269)&#10;        at java.base@21.0.8/java.util.concurrent.locks.AbstractQueuedSynchronizer$ConditionObject.awaitNanos(AbstractQueuedSynchronizer.java:1763)&#10;        at java.base@21.0.8/java.util.concurrent.LinkedBlockingQueue.poll(LinkedBlockingQueue.java:460)&#10;        at app//org.apache.hadoop.ipc.CallQueueManager.take(CallQueueManager.java:370)&#10;        at app//org.apache.hadoop.ipc.Server$Handler.run(Server.java:3165)&#10;&quot;IPC Server Responder&quot; daemon prio=5 tid=935 runnable&#10;java.lang.Thread.State: RUNNABLE&#10;        at java.base@21.0.8/sun.nio.ch.EPoll.wait(Native Method)&#10;        at java.base@21.0.8/sun.nio.ch.EPollSelectorImpl.doSelect(EPollSelectorImpl.java:121)&#10;        at java.base@21.0.8/sun.nio.ch.SelectorImpl.lockAndDoSelect(SelectorImpl.java:130)&#10;        at java.base@21.0.8/sun.nio.ch.SelectorImpl.select(SelectorImpl.java:142)&#10;        at app//org.apache.hadoop.ipc.Server$Responder.doRunLoop(Server.java:1733)&#10;        at app//org.apache.hadoop.ipc.Server$Responder.run(Server.java:1716)&#10;&quot;Socket Reader #8 for port 15004&quot; daemon prio=5 tid=69 runnable&#10;java.lang.Thread.State: RUNNABLE&#10;        at java.base@21.0.8/sun.nio.ch.EPoll.wait(Native Method)&#10;        at java.base@21.0.8/sun.nio.ch.EPollSelectorImpl.doSelect(EPollSelectorImpl.java:121)&#10;        at java.base@21.0.8/sun.nio.ch.SelectorImpl.lockAndDoSelect(SelectorImpl.java:130)&#10;        at java.base@21.0.8/sun.nio.ch.SelectorImpl.select(SelectorImpl.java:147)&#10;        at app//org.apache.hadoop.ipc.Server$Listener$Reader.doRunLoop(Server.java:1497)&#10;        at app//org.apache.hadoop.ipc.Server$Listener$Reader.run(Server.java:1476)&#10;&quot;IPC Server handler 95 on default port 15001&quot; daemon prio=5 tid=653 timed_waiting&#10;java.lang.Thread.State: TIMED_WAITING&#10;        at java.base@21.0.8/jdk.internal.misc.Unsafe.park(Native Method)&#10;        at java.base@21.0.8/java.util.concurrent.locks.LockSupport.parkNanos(LockSupport.java:269)&#10;        at java.base@21.0.8/java.util.concurrent.locks.AbstractQueuedSynchronizer$ConditionObject.awaitNanos(AbstractQueuedSynchronizer.java:1763)&#10;        at java.base@21.0.8/java.util.concurrent.LinkedBlockingQueue.poll(LinkedBlockingQueue.java:460)&#10;        at app//org.apache.hadoop.ipc.CallQueueManager.take(CallQueueManager.java:370)&#10;        at app//org.apache.hadoop.ipc.Server$Handler.run(Server.java:3165)&#10;&quot;IPC Server handler 18 on default port 15004&quot; daemon prio=5 tid=356 timed_waiting&#10;java.lang.Thread.State: TIMED_WAITING&#10;        at java.base@21.0.8/jdk.internal.misc.Unsafe.park(Native Method)&#10;        at java.base@21.0.8/java.util.concurrent.locks.LockSupport.parkNanos(LockSupport.java:269)&#10;        at java.base@21.0.8/java.util.concurrent.locks.AbstractQueuedSynchronizer$ConditionObject.awaitNanos(AbstractQueuedSynchronizer.java:1763)&#10;        at java.base@21.0.8/java.util.concurrent.LinkedBlockingQueue.poll(LinkedBlockingQueue.java:460)&#10;        at app//org.apache.hadoop.ipc.CallQueueManager.take(CallQueueManager.java:370)&#10;        at app//org.apache.hadoop.ipc.Server$Handler.run(Server.java:3165)&#10;&quot;IPC Server handler 39 on default port 15002&quot; daemon prio=5 tid=159 timed_waiting&#10;java.lang.Thread.State: TIMED_WAITING&#10;        at java.base@21.0.8/jdk.internal.misc.Unsafe.park(Native Method)&#10;        at java.base@21.0.8/java.util.concurrent.locks.LockSupport.parkNanos(LockSupport.java:269)&#10;        at java.base@21.0.8/java.util.concurrent.locks.AbstractQueuedSynchronizer$ConditionObject.awaitNanos(AbstractQueuedSynchronizer.java:1763)&#10;        at java.base@21.0.8/java.util.concurrent.LinkedBlockingQueue.poll(LinkedBlockingQueue.java:460)&#10;        at app//org.apache.hadoop.ipc.CallQueueManager.take(CallQueueManager.java:370)&#10;        at app//org.apache.hadoop.ipc.Server$Handler.run(Server.java:3165)&#10;&quot;DiskUsage-/home/runner/work/ozone/ozone/hadoop-ozone/integration-test-recon/target/test-dir/MiniOzoneClusterImpl-b15909b8-03a8-4b15-aaa3-a668c086c089/ozone-metadata/datanode-4/data-0-&#10;&quot; daemon prio=5 tid=987 timed_waiting&#10;java.lang.Thread.State: TIMED_WAITING&#10;        at java.base@21.0.8/jdk.internal.misc.Unsafe.park(Native Method)&#10;        at java.base@21.0.8/java.util.concurrent.locks.LockSupport.parkNanos(LockSupport.java:269)&#10;        at java.base@21.0.8/java.util.concurrent.locks.AbstractQueuedSynchronizer$ConditionObject.awaitNanos(AbstractQueuedSynchronizer.java:1763)&#10;        at java.base@21.0.8/java.util.concurrent.ScheduledThreadPoolExecutor$DelayedWorkQueue.take(ScheduledThreadPoolExecutor.java:1182)&#10;        at java.base@21.0.8/java.util.concurrent.ScheduledThreadPoolExecutor$DelayedWorkQueue.take(ScheduledThreadPoolExecutor.java:899)&#10;        at java.base@21.0.8/java.util.concurrent.ThreadPoolExecutor.getTask(ThreadPoolExecutor.java:1070)&#10;        at java.base@21.0.8/java.util.concurrent.ThreadPoolExecutor.runWorker(ThreadPoolExecutor.java:1130)&#10;        at java.base@21.0.8/java.util.concurrent.ThreadPoolExecutor$Worker.run(ThreadPoolExecutor.java:642)&#10;        at java.base@21.0.8/java.lang.Thread.runWith(Thread.java:1596)&#10;        at java.base@21.0.8/java.lang.Thread.run(Thread.java:1583)&#10;&quot;c11f8a16-55ee-4f22-a5a5-7daf2dffa753-groupManagement&quot;  prio=5 tid=1053 in Object.wait()&#10;java.lang.Thread.State: WAITING (on object monitor)&#10;        at java.base@21.0.8/jdk.internal.misc.Unsafe.park(Native Method)&#10;        at java.base@21.0.8/java.util.concurrent.locks.LockSupport.park(LockSupport.java:371)&#10;        at java.base@21.0.8/java.util.concurrent.locks.AbstractQueuedSynchronizer$ConditionNode.block(AbstractQueuedSynchronizer.java:519)&#10;        at java.base@21.0.8/java.util.concurrent.ForkJoinPool.unmanagedBlock(ForkJoinPool.java:3780)&#10;        at java.base@21.0.8/java.util.concurrent.ForkJoinPool.managedBlock(ForkJoinPool.java:3725)&#10;        at java.base@21.0.8/java.util.concurrent.locks.AbstractQueuedSynchronizer$ConditionObject.await(AbstractQueuedSynchronizer.java:1712)&#10;        at java.base@21.0.8/java.util.concurrent.LinkedBlockingQueue.take(LinkedBlockingQueue.java:435)&#10;        at java.base@21.0.8/java.util.concurrent.ThreadPoolExecutor.getTask(ThreadPoolExecutor.java:1070)&#10;        at java.base@21.0.8/java.util.concurrent.ThreadPoolExecutor.runWorker(ThreadPoolExecutor.java:1130)&#10;        at java.base@21.0.8/java.util.concurrent.ThreadPoolExecutor$Worker.run(ThreadPoolExecutor.java:642)&#10;        at java.base@21.0.8/java.lang.Thread.runWith(Thread.java:1596)&#10;        at java.base@21.0.8/java.lang.Thread.run(Thread.java:1583)&#10;&quot;IPC Server handler 98 on default port 15001&quot; daemon prio=5 tid=656 timed_waiting&#10;java.lang.Thread.State: TIMED_WAITING&#10;        at java.base@21.0.8/jdk.internal.misc.Unsafe.park(Native Method)&#10;        at java.base@21.0.8/java.util.concurrent.locks.LockSupport.parkNanos(LockSupport.java:269)&#10;        at java.base@21.0.8/java.util.concurrent.locks.AbstractQueuedSynchronizer$ConditionObject.awaitNanos(AbstractQueuedSynchronizer.java:1763)&#10;        at java.base@21.0.8/java.util.concurrent.LinkedBlockingQueue.poll(LinkedBlockingQueue.java:460)&#10;        at app//org.apache.hadoop.ipc.CallQueueManager.take(CallQueueManager.java:370)&#10;        at app//org.apache.hadoop.ipc.Server$Handler.run(Server.java:3165)&#10;&quot;client-write-TID-0&quot; daemon prio=5 tid=1146 in Object.wait()&#10;java.lang.Thread.State: WAITING (on object monitor)&#10;        at java.base@21.0.8/jdk.internal.misc.Unsafe.park(Native Method)&#10;        at java.base@21.0.8/java.util.concurrent.locks.LockSupport.park(LockSupport.java:371)&#10;        at java.base@21.0.8/java.util.concurrent.LinkedTransferQueue$DualNode.await(LinkedTransferQueue.java:458)&#10;        at java.base@21.0.8/java.util.concurrent.SynchronousQueue$Transferer.xferLifo(SynchronousQueue.java:194)&#10;        at java.base@21.0.8/java.util.concurrent.SynchronousQueue.xfer(SynchronousQueue.java:235)&#10;        at java.base@21.0.8/java.util.concurrent.SynchronousQueue.take(SynchronousQueue.java:318)&#10;        at java.base@21.0.8/java.util.concurrent.ThreadPoolExecutor.getTask(ThreadPoolExecutor.java:1070)&#10;        at java.base@21.0.8/java.util.concurrent.ThreadPoolExecutor.runWorker(ThreadPoolExecutor.java:1130)&#10;        at java.base@21.0.8/java.util.concurrent.ThreadPoolExecutor$Worker.run(ThreadPoolExecutor.java:642)&#10;        at java.base@21.0.8/java.lang.Thread.runWith(Thread.java:1596)&#10;        at java.base@21.0.8/java.lang.Thread.run(Thread.java:1583)&#10;&quot;Socket Reader #4 for port 15001&quot; daemon prio=5 tid=524 runnable&#10;java.lang.Thread.State: RUNNABLE&#10;        at java.base@21.0.8/sun.nio.ch.EPoll.wait(Native Method)&#10;        at java.base@21.0.8/sun.nio.ch.EPollSelectorImpl.doSelect(EPollSelectorImpl.java:121)&#10;        at java.base@21.0.8/sun.nio.ch.SelectorImpl.lockAndDoSelect(SelectorImpl.java:130)&#10;        at java.base@21.0.8/sun.nio.ch.SelectorImpl.select(SelectorImpl.java:147)&#10;        at app//org.apache.hadoop.ipc.Server$Listener$Reader.doRunLoop(Server.java:1497)&#10;        at app//org.apache.hadoop.ipc.Server$Listener$Reader.run(Server.java:1476)&#10;&quot;7d2db622-5327-4122-ba03-be97b5575303-DatanodeReportManager-0&quot; daemon prio=5 tid=798 in Object.wait()&#10;java.lang.Thread.State: WAITING (on object monitor)&#10;        at java.base@21.0.8/jdk.internal.misc.Unsafe.park(Native Method)&#10;        at java.base@21.0.8/java.util.concurrent.locks.LockSupport.park(LockSupport.java:371)&#10;        at java.base@21.0.8/java.util.concurrent.locks.AbstractQueuedSynchronizer$ConditionNode.block(AbstractQueuedSynchronizer.java:519)&#10;        at java.base@21.0.8/java.util.concurrent.ForkJoinPool.unmanagedBlock(ForkJoinPool.java:3780)&#10;        at java.base@21.0.8/java.util.concurrent.ForkJoinPool.managedBlock(ForkJoinPool.java:3725)&#10;        at java.base@21.0.8/java.util.concurrent.locks.AbstractQueuedSynchronizer$ConditionObject.await(AbstractQueuedSynchronizer.java:1712)&#10;        at java.base@21.0.8/java.util.concurrent.ScheduledThreadPoolExecutor$DelayedWorkQueue.take(ScheduledThreadPoolExecutor.java:1177)&#10;        at java.base@21.0.8/java.util.concurrent.ScheduledThreadPoolExecutor$DelayedWorkQueue.take(ScheduledThreadPoolExecutor.java:899)&#10;        at java.base@21.0.8/java.util.concurrent.ThreadPoolExecutor.getTask(ThreadPoolExecutor.java:1070)&#10;        at java.base@21.0.8/java.util.concurrent.ThreadPoolExecutor.runWorker(ThreadPoolExecutor.java:1130)&#10;        at java.base@21.0.8/java.util.concurrent.ThreadPoolExecutor$Worker.run(ThreadPoolExecutor.java:642)&#10;        at java.base@21.0.8/java.lang.Thread.runWith(Thread.java:1596)&#10;        at java.base@21.0.8/java.lang.Thread.run(Thread.java:1583)&#10;&quot;IPC Server handler 7 on default port 15004&quot; daemon prio=5 tid=345 timed_waiting&#10;java.lang.Thread.State: TIMED_WAITING&#10;        at java.base@21.0.8/jdk.internal.misc.Unsafe.park(Native Method)&#10;        at java.base@21.0.8/java.util.concurrent.locks.LockSupport.parkNanos(LockSupport.java:269)&#10;        at java.base@21.0.8/java.util.concurrent.locks.AbstractQueuedSynchronizer$ConditionObject.awaitNanos(AbstractQueuedSynchronizer.java:1763)&#10;        at java.base@21.0.8/java.util.concurrent.LinkedBlockingQueue.poll(LinkedBlockingQueue.java:460)&#10;        at app//org.apache.hadoop.ipc.CallQueueManager.take(CallQueueManager.java:370)&#10;        at app//org.apache.hadoop.ipc.Server$Handler.run(Server.java:3165)&#10;&quot;EventQueue-NodeRegistrationContainerReportForDataNodeSafeModeRule&quot; daemon prio=5 tid=956 in Object.wait()&#10;java.lang.Thread.State: WAITING (on object monitor)&#10;        at java.base@21.0.8/jdk.internal.misc.Unsafe.park(Native Method)&#10;        at java.base@21.0.8/java.util.concurrent.locks.LockSupport.park(LockSupport.java:371)&#10;        at java.base@21.0.8/java.util.concurrent.locks.AbstractQueuedSynchronizer$ConditionNode.block(AbstractQueuedSynchronizer.java:519)&#10;        at java.base@21.0.8/java.util.concurrent.ForkJoinPool.unmanagedBlock(ForkJoinPool.java:3780)&#10;        at java.base@21.0.8/java.util.concurrent.ForkJoinPool.managedBlock(ForkJoinPool.java:3725)&#10;        at java.base@21.0.8/java.util.concurrent.locks.AbstractQueuedSynchronizer$ConditionObject.await(AbstractQueuedSynchronizer.java:1712)&#10;        at java.base@21.0.8/java.util.concurrent.LinkedBlockingQueue.take(LinkedBlockingQueue.java:435)&#10;        at java.base@21.0.8/java.util.concurrent.ThreadPoolExecutor.getTask(ThreadPoolExecutor.java:1070)&#10;        at java.base@21.0.8/java.util.concurrent.ThreadPoolExecutor.runWorker(ThreadPoolExecutor.java:1130)&#10;        at java.base@21.0.8/java.util.concurrent.ThreadPoolExecutor$Worker.run(ThreadPoolExecutor.java:642)&#10;        at java.base@21.0.8/java.lang.Thread.runWith(Thread.java:1596)&#10;        at java.base@21.0.8/java.lang.Thread.run(Thread.java:1583)&#10;&quot;IPC Server idle connection scanner for port 15002&quot; daemon prio=5 tid=100 timed_waiting&#10;java.lang.Thread.State: TIMED_WAITING&#10;        at java.base@21.0.8/java.lang.Object.wait0(Native Method)&#10;        at java.base@21.0.8/java.lang.Object.wait(Object.java:366)&#10;        at java.base@21.0.8/java.util.TimerThread.mainLoop(Timer.java:563)&#10;        at java.base@21.0.8/java.util.TimerThread.run(Timer.java:516)&#10;&quot;IPC Server handler 88 on default port 15001&quot; daemon prio=5 tid=646 timed_waiting&#10;java.lang.Thread.State: TIMED_WAITING&#10;        at java.base@21.0.8/jdk.internal.misc.Unsafe.park(Native Method)&#10;        at java.base@21.0.8/java.util.concurrent.locks.LockSupport.parkNanos(LockSupport.java:269)&#10;        at java.base@21.0.8/java.util.concurrent.locks.AbstractQueuedSynchronizer$ConditionObject.awaitNanos(AbstractQueuedSynchronizer.java:1763)&#10;        at java.base@21.0.8/java.util.concurrent.LinkedBlockingQueue.poll(LinkedBlockingQueue.java:460)&#10;        at app//org.apache.hadoop.ipc.CallQueueManager.take(CallQueueManager.java:370)&#10;        at app//org.apache.hadoop.ipc.Server$Handler.run(Server.java:3165)&#10;&quot;Socket Reader #7 for port 15008&quot; daemon prio=5 tid=456 runnable&#10;java.lang.Thread.State: RUNNABLE&#10;        at java.base@21.0.8/sun.nio.ch.EPoll.wait(Native Method)&#10;        at java.base@21.0.8/sun.nio.ch.EPollSelectorImpl.doSelect(EPollSelectorImpl.java:121)&#10;        at java.base@21.0.8/sun.nio.ch.SelectorImpl.lockAndDoSelect(SelectorImpl.java:130)&#10;        at java.base@21.0.8/sun.nio.ch.SelectorImpl.select(SelectorImpl.java:147)&#10;        at app//org.apache.hadoop.ipc.Server$Listener$Reader.doRunLoop(Server.java:1497)&#10;        at app//org.apache.hadoop.ipc.Server$Listener$Reader.run(Server.java:1476)&#10;&quot;om1@group-C5BA1605619E-LeaderStateImpl&quot; daemon prio=5 tid=516 timed_waiting&#10;java.lang.Thread.State: TIMED_WAITING&#10;        at java.base@21.0.8/jdk.internal.misc.Unsafe.park(Native Method)&#10;        at java.base@21.0.8/java.util.concurrent.locks.LockSupport.parkNanos(LockSupport.java:269)&#10;        at java.base@21.0.8/java.util.concurrent.locks.AbstractQueuedSynchronizer$ConditionObject.awaitNanos(AbstractQueuedSynchronizer.java:1763)&#10;        at java.base@21.0.8/java.util.concurrent.ArrayBlockingQueue.poll(ArrayBlockingQueue.java:435)&#10;        at app//org.apache.ratis.server.impl.LeaderStateImpl$EventQueue.poll(LeaderStateImpl.java:168)&#10;        at app//org.apache.ratis.server.impl.LeaderStateImpl$EventProcessor.run(LeaderStateImpl.java:761)&#10;&quot;IPC Server Responder&quot; daemon prio=5 tid=739 runnable&#10;java.lang.Thread.State: RUNNABLE&#10;        at java.base@21.0.8/sun.nio.ch.EPoll.wait(Native Method)&#10;        at java.base@21.0.8/sun.nio.ch.EPollSelectorImpl.doSelect(EPollSelectorImpl.java:121)&#10;        at java.base@21.0.8/sun.nio.ch.SelectorImpl.lockAndDoSelect(SelectorImpl.java:130)&#10;        at java.base@21.0.8/sun.nio.ch.SelectorImpl.select(SelectorImpl.java:142)&#10;        at app//org.apache.hadoop.ipc.Server$Responder.doRunLoop(Server.java:1733)&#10;        at app//org.apache.hadoop.ipc.Server$Responder.run(Server.java:1716)&#10;&quot;IPC Server handler 6 on default port 15037&quot; daemon prio=5 tid=870 timed_waiting&#10;java.lang.Thread.State: TIMED_WAITING&#10;        at java.base@21.0.8/jdk.internal.misc.Unsafe.park(Native Method)&#10;        at java.base@21.0.8/java.util.concurrent.locks.LockSupport.parkNanos(LockSupport.java:269)&#10;        at java.base@21.0.8/java.util.concurrent.locks.AbstractQueuedSynchronizer$ConditionObject.awaitNanos(AbstractQueuedSynchronizer.java:1763)&#10;        at java.base@21.0.8/java.util.concurrent.LinkedBlockingQueue.poll(LinkedBlockingQueue.java:460)&#10;        at app//org.apache.hadoop.ipc.CallQueueManager.take(CallQueueManager.java:370)&#10;        at app//org.apache.hadoop.ipc.Server$Handler.run(Server.java:3165)&#10;&quot;timer4&quot; daemon prio=5 tid=1119 timed_waiting&#10;java.lang.Thread.State: TIMED_WAITING&#10;        at java.base@21.0.8/java.lang.Object.wait0(Native Method)&#10;        at java.base@21.0.8/java.lang.Object.wait(Object.java:366)&#10;        at java.base@21.0.8/java.util.TimerThread.mainLoop(Timer.java:563)&#10;        at java.base@21.0.8/java.util.TimerThread.run(Timer.java:516)&#10;&quot;Socket Reader #10 for port 15003&quot; daemon prio=5 tid=85 runnable&#10;java.lang.Thread.State: RUNNABLE&#10;        at java.base@21.0.8/sun.nio.ch.EPoll.wait(Native Method)&#10;        at java.base@21.0.8/sun.nio.ch.EPollSelectorImpl.doSelect(EPollSelectorImpl.java:121)&#10;        at java.base@21.0.8/sun.nio.ch.SelectorImpl.lockAndDoSelect(SelectorImpl.java:130)&#10;        at java.base@21.0.8/sun.nio.ch.SelectorImpl.select(SelectorImpl.java:147)&#10;        at app//org.apache.hadoop.ipc.Server$Listener$Reader.doRunLoop(Server.java:1497)&#10;        at app//org.apache.hadoop.ipc.Server$Listener$Reader.run(Server.java:1476)&#10;&quot;om1-DirectoryDeletingService#0&quot; daemon prio=5 tid=475 in Object.wait()&#10;java.lang.Thread.State: WAITING (on object monitor)&#10;        at java.base@21.0.8/jdk.internal.misc.Unsafe.park(Native Method)&#10;        at java.base@21.0.8/java.util.concurrent.locks.LockSupport.park(LockSupport.java:371)&#10;        at java.base@21.0.8/java.util.concurrent.locks.AbstractQueuedSynchronizer$ConditionNode.block(AbstractQueuedSynchronizer.java:519)&#10;        at java.base@21.0.8/java.util.concurrent.ForkJoinPool.unmanagedBlock(ForkJoinPool.java:3780)&#10;        at java.base@21.0.8/java.util.concurrent.ForkJoinPool.managedBlock(ForkJoinPool.java:3725)&#10;        at java.base@21.0.8/java.util.concurrent.locks.AbstractQueuedSynchronizer$ConditionObject.await(AbstractQueuedSynchronizer.java:1712)&#10;        at java.base@21.0.8/java.util.concurrent.ScheduledThreadPoolExecutor$DelayedWorkQueue.take(ScheduledThreadPoolExecutor.java:1177)&#10;        at java.base@21.0.8/java.util.concurrent.ScheduledThreadPoolExecutor$DelayedWorkQueue.take(ScheduledThreadPoolExecutor.java:899)&#10;        at java.base@21.0.8/java.util.concurrent.ThreadPoolExecutor.getTask(ThreadPoolExecutor.java:1070)&#10;        at java.base@21.0.8/java.util.concurrent.ThreadPoolExecutor.runWorker(ThreadPoolExecutor.java:1130)&#10;        at java.base@21.0.8/java.util.concurrent.ThreadPoolExecutor$Worker.run(ThreadPoolExecutor.java:642)&#10;        at java.base@21.0.8/java.lang.Thread.runWith(Thread.java:1596)&#10;        at java.base@21.0.8/java.lang.Thread.run(Thread.java:1583)&#10;&quot;Session-HouseKeeper-6933fae3-1&quot;  prio=5 tid=772 timed_waiting&#10;java.lang.Thread.State: TIMED_WAITING&#10;        at java.base@21.0.8/jdk.internal.misc.Unsafe.park(Native Method)&#10;        at java.base@21.0.8/java.util.concurrent.locks.LockSupport.parkNanos(LockSupport.java:269)&#10;        at java.base@21.0.8/java.util.concurrent.locks.AbstractQueuedSynchronizer$ConditionObject.awaitNanos(AbstractQueuedSynchronizer.java:1763)&#10;        at java.base@21.0.8/java.util.concurrent.ScheduledThreadPoolExecutor$DelayedWorkQueue.take(ScheduledThreadPoolExecutor.java:1182)&#10;        at java.base@21.0.8/java.util.concurrent.ScheduledThreadPoolExecutor$DelayedWorkQueue.take(ScheduledThreadPoolExecutor.java:899)&#10;        at java.base@21.0.8/java.util.concurrent.ThreadPoolExecutor.getTask(ThreadPoolExecutor.java:1070)&#10;        at java.base@21.0.8/java.util.concurrent.ThreadPoolExecutor.runWorker(ThreadPoolExecutor.java:1130)&#10;        at java.base@21.0.8/java.util.concurrent.ThreadPoolExecutor$Worker.run(ThreadPoolExecutor.java:642)&#10;        at java.base@21.0.8/java.lang.Thread.runWith(Thread.java:1596)&#10;        at java.base@21.0.8/java.lang.Thread.run(Thread.java:1583)&#10;&quot;IPC Server handler 97 on default port 15004&quot; daemon prio=5 tid=435 timed_waiting&#10;java.lang.Thread.State: TIMED_WAITING&#10;        at java.base@21.0.8/jdk.internal.misc.Unsafe.park(Native Method)&#10;        at java.base@21.0.8/java.util.concurrent.locks.LockSupport.parkNanos(LockSupport.java:269)&#10;        at java.base@21.0.8/java.util.concurrent.locks.AbstractQueuedSynchronizer$ConditionObject.awaitNanos(AbstractQueuedSynchronizer.java:1763)&#10;        at java.base@21.0.8/java.util.concurrent.LinkedBlockingQueue.poll(LinkedBlockingQueue.java:460)&#10;        at app//org.apache.hadoop.ipc.CallQueueManager.take(CallQueueManager.java:370)&#10;        at app//org.apache.hadoop.ipc.Server$Handler.run(Server.java:3165)&#10;&quot;IPC Server handler 8 on default port 15008&quot; daemon prio=5 tid=500 timed_waiting&#10;java.lang.Thread.State: TIMED_WAITING&#10;        at java.base@21.0.8/jdk.internal.misc.Unsafe.park(Native Method)&#10;        at java.base@21.0.8/java.util.concurrent.locks.LockSupport.parkNanos(LockSupport.java:269)&#10;        at java.base@21.0.8/java.util.concurrent.locks.AbstractQueuedSynchronizer$ConditionObject.awaitNanos(AbstractQueuedSynchronizer.java:1763)&#10;        at java.base@21.0.8/java.util.concurrent.LinkedBlockingQueue.poll(LinkedBlockingQueue.java:460)&#10;        at app//org.apache.hadoop.ipc.CallQueueManager.take(CallQueueManager.java:370)&#10;        at app//org.apache.hadoop.ipc.Server$Handler.run(Server.java:3165)&#10;&quot;IPC Server handler 30 on default port 15004&quot; daemon prio=5 tid=368 timed_waiting&#10;java.lang.Thread.State: TIMED_WAITING&#10;        at java.base@21.0.8/jdk.internal.misc.Unsafe.park(Native Method)&#10;        at java.base@21.0.8/java.util.concurrent.locks.LockSupport.parkNanos(LockSupport.java:269)&#10;        at java.base@21.0.8/java.util.concurrent.locks.AbstractQueuedSynchronizer$ConditionObject.awaitNanos(AbstractQueuedSynchronizer.java:1763)&#10;        at java.base@21.0.8/java.util.concurrent.LinkedBlockingQueue.poll(LinkedBlockingQueue.java:460)&#10;        at app//org.apache.hadoop.ipc.CallQueueManager.take(CallQueueManager.java:370)&#10;        at app//org.apache.hadoop.ipc.Server$Handler.run(Server.java:3165)&#10;&quot;IPC Server handler 2 on default port 15029&quot; daemon prio=5 tid=789 timed_waiting&#10;java.lang.Thread.State: TIMED_WAITING&#10;        at java.base@21.0.8/jdk.internal.misc.Unsafe.park(Native Method)&#10;        at java.base@21.0.8/java.util.concurrent.locks.LockSupport.parkNanos(LockSupport.java:269)&#10;        at java.base@21.0.8/java.util.concurrent.locks.AbstractQueuedSynchronizer$ConditionObject.awaitNanos(AbstractQueuedSynchronizer.java:1763)&#10;        at java.base@21.0.8/java.util.concurrent.LinkedBlockingQueue.poll(LinkedBlockingQueue.java:460)&#10;        at app//org.apache.hadoop.ipc.CallQueueManager.take(CallQueueManager.java:370)&#10;        at app//org.apache.hadoop.ipc.Server$Handler.run(Server.java:3165)&#10;&quot;7d2db622-5327-4122-ba03-be97b5575303-PeriodicHDDSVolumeChecker&quot; daemon prio=5 tid=931 timed_waiting&#10;java.lang.Thread.State: TIMED_WAITING&#10;        at java.base@21.0.8/jdk.internal.misc.Unsafe.park(Native Method)&#10;        at java.base@21.0.8/java.util.concurrent.locks.LockSupport.parkNanos(LockSupport.java:269)&#10;        at java.base@21.0.8/java.util.concurrent.locks.AbstractQueuedSynchronizer$ConditionObject.awaitNanos(AbstractQueuedSynchronizer.java:1763)&#10;        at java.base@21.0.8/java.util.concurrent.ScheduledThreadPoolExecutor$DelayedWorkQueue.take(ScheduledThreadPoolExecutor.java:1182)&#10;        at java.base@21.0.8/java.util.concurrent.ScheduledThreadPoolExecutor$DelayedWorkQueue.take(ScheduledThreadPoolExecutor.java:899)&#10;        at java.base@21.0.8/java.util.concurrent.ThreadPoolExecutor.getTask(ThreadPoolExecutor.java:1070)&#10;        at java.base@21.0.8/java.util.concurrent.ThreadPoolExecutor.runWorker(ThreadPoolExecutor.java:1130)&#10;        at java.base@21.0.8/java.util.concurrent.ThreadPoolExecutor$Worker.run(ThreadPoolExecutor.java:642)&#10;        at java.base@21.0.8/java.lang.Thread.runWith(Thread.java:1596)&#10;        at java.base@21.0.8/java.lang.Thread.run(Thread.java:1583)&#10;&quot;IPC Server handler 78 on default port 15003&quot; daemon prio=5 tid=298 timed_waiting&#10;java.lang.Thread.State: TIMED_WAITING&#10;        at java.base@21.0.8/jdk.internal.misc.Unsafe.park(Native Method)&#10;        at java.base@21.0.8/java.util.concurrent.locks.LockSupport.parkNanos(LockSupport.java:269)&#10;        at java.base@21.0.8/java.util.concurrent.locks.AbstractQueuedSynchronizer$ConditionObject.awaitNanos(AbstractQueuedSynchronizer.java:1763)&#10;        at java.base@21.0.8/java.util.concurrent.LinkedBlockingQueue.poll(LinkedBlockingQueue.java:460)&#10;        at app//org.apache.hadoop.ipc.CallQueueManager.take(CallQueueManager.java:370)&#10;        at app//org.apache.hadoop.ipc.Server$Handler.run(Server.java:3165)&#10;&quot;IPC Server handler 80 on default port 15004&quot; daemon prio=5 tid=418 timed_waiting&#10;java.lang.Thread.State: TIMED_WAITING&#10;        at java.base@21.0.8/jdk.internal.misc.Unsafe.park(Native Method)&#10;        at java.base@21.0.8/java.util.concurrent.locks.LockSupport.parkNanos(LockSupport.java:269)&#10;        at java.base@21.0.8/java.util.concurrent.locks.AbstractQueuedSynchronizer$ConditionObject.awaitNanos(AbstractQueuedSynchronizer.java:1763)&#10;        at java.base@21.0.8/java.util.concurrent.LinkedBlockingQueue.poll(LinkedBlockingQueue.java:460)&#10;        at app//org.apache.hadoop.ipc.CallQueueManager.take(CallQueueManager.java:370)&#10;        at app//org.apache.hadoop.ipc.Server$Handler.run(Server.java:3165)&#10;&quot;IPC Server handler 18 on default port 15001&quot; daemon prio=5 tid=576 timed_waiting&#10;java.lang.Thread.State: TIMED_WAITING&#10;        at java.base@21.0.8/jdk.internal.misc.Unsafe.park(Native Method)&#10;        at java.base@21.0.8/java.util.concurrent.locks.LockSupport.parkNanos(LockSupport.java:269)&#10;        at java.base@21.0.8/java.util.concurrent.locks.AbstractQueuedSynchronizer$ConditionObject.awaitNanos(AbstractQueuedSynchronizer.java:1763)&#10;        at java.base@21.0.8/java.util.concurrent.LinkedBlockingQueue.poll(LinkedBlockingQueue.java:460)&#10;        at app//org.apache.hadoop.ipc.CallQueueManager.take(CallQueueManager.java:370)&#10;        at app//org.apache.hadoop.ipc.Server$Handler.run(Server.java:3165)&#10;&quot;IPC Server handler 2 on default port 15003&quot; daemon prio=5 tid=222 timed_waiting&#10;java.lang.Thread.State: TIMED_WAITING&#10;        at java.base@21.0.8/jdk.internal.misc.Unsafe.park(Native Method)&#10;        at java.base@21.0.8/java.util.concurrent.locks.LockSupport.parkNanos(LockSupport.java:269)&#10;        at java.base@21.0.8/java.util.concurrent.locks.AbstractQueuedSynchronizer$ConditionObject.awaitNanos(AbstractQueuedSynchronizer.java:1763)&#10;        at java.base@21.0.8/java.util.concurrent.LinkedBlockingQueue.poll(LinkedBlockingQueue.java:460)&#10;        at app//org.apache.hadoop.ipc.CallQueueManager.take(CallQueueManager.java:370)&#10;        at app//org.apache.hadoop.ipc.Server$Handler.run(Server.java:3165)&#10;&quot;IPC Server handler 27 on default port 15004&quot; daemon prio=5 tid=365 timed_waiting&#10;java.lang.Thread.State: TIMED_WAITING&#10;        at java.base@21.0.8/jdk.internal.misc.Unsafe.park(Native Method)&#10;        at java.base@21.0.8/java.util.concurrent.locks.LockSupport.parkNanos(LockSupport.java:269)&#10;        at java.base@21.0.8/java.util.concurrent.locks.AbstractQueuedSynchronizer$ConditionObject.awaitNanos(AbstractQueuedSynchronizer.java:1763)&#10;        at java.base@21.0.8/java.util.concurrent.LinkedBlockingQueue.poll(LinkedBlockingQueue.java:460)&#10;        at app//org.apache.hadoop.ipc.CallQueueManager.take(CallQueueManager.java:370)&#10;        at app//org.apache.hadoop.ipc.Server$Handler.run(Server.java:3165)&#10;&quot;IPC Server handler 7 on default port 15002&quot; daemon prio=5 tid=127 timed_waiting&#10;java.lang.Thread.State: TIMED_WAITING&#10;        at java.base@21.0.8/jdk.internal.misc.Unsafe.park(Native Method)&#10;        at java.base@21.0.8/java.util.concurrent.locks.LockSupport.parkNanos(LockSupport.java:269)&#10;        at java.base@21.0.8/java.util.concurrent.locks.AbstractQueuedSynchronizer$ConditionObject.awaitNanos(AbstractQueuedSynchronizer.java:1763)&#10;        at java.base@21.0.8/java.util.concurrent.LinkedBlockingQueue.poll(LinkedBlockingQueue.java:460)&#10;        at app//org.apache.hadoop.ipc.CallQueueManager.take(CallQueueManager.java:370)&#10;        at app//org.apache.hadoop.ipc.Server$Handler.run(Server.java:3165)&#10;&quot;IPC Server handler 0 on default port 15004&quot; daemon prio=5 tid=338 timed_waiting&#10;java.lang.Thread.State: TIMED_WAITING&#10;        at java.base@21.0.8/jdk.internal.misc.Unsafe.park(Native Method)&#10;        at java.base@21.0.8/java.util.concurrent.locks.LockSupport.parkNanos(LockSupport.java:269)&#10;        at java.base@21.0.8/java.util.concurrent.locks.AbstractQueuedSynchronizer$ConditionObject.awaitNanos(AbstractQueuedSynchronizer.java:1763)&#10;        at java.base@21.0.8/java.util.concurrent.LinkedBlockingQueue.poll(LinkedBlockingQueue.java:460)&#10;        at app//org.apache.hadoop.ipc.CallQueueManager.take(CallQueueManager.java:370)&#10;        at app//org.apache.hadoop.ipc.Server$Handler.run(Server.java:3165)&#10;&quot;Socket Reader #8 for port 15008&quot; daemon prio=5 tid=457 runnable&#10;java.lang.Thread.State: RUNNABLE&#10;        at java.base@21.0.8/sun.nio.ch.EPoll.wait(Native Method)&#10;        at java.base@21.0.8/sun.nio.ch.EPollSelectorImpl.doSelect(EPollSelectorImpl.java:121)&#10;        at java.base@21.0.8/sun.nio.ch.SelectorImpl.lockAndDoSelect(SelectorImpl.java:130)&#10;        at java.base@21.0.8/sun.nio.ch.SelectorImpl.select(SelectorImpl.java:147)&#10;        at app//org.apache.hadoop.ipc.Server$Listener$Reader.doRunLoop(Server.java:1497)&#10;        at app//org.apache.hadoop.ipc.Server$Listener$Reader.run(Server.java:1476)&#10;&quot;74afb32b-8e70-4799-b16c-dc9602d9dbb6-ChunkReader-ELG-0&quot; daemon prio=5 tid=1024 runnable&#10;java.lang.Thread.State: RUNNABLE&#10;        at app//org.apache.ratis.thirdparty.io.netty.channel.epoll.Native.epollWait(Native Method)&#10;        at app//org.apache.ratis.thirdparty.io.netty.channel.epoll.Native.epollWait(Native.java:220)&#10;        at app//org.apache.ratis.thirdparty.io.netty.channel.epoll.Native.epollWait(Native.java:213)&#10;        at app//org.apache.ratis.thirdparty.io.netty.channel.epoll.EpollEventLoop.epollWaitNoTimerChange(EpollEventLoop.java:308)&#10;        at app//org.apache.ratis.thirdparty.io.netty.channel.epoll.EpollEventLoop.run(EpollEventLoop.java:365)&#10;        at app//org.apache.ratis.thirdparty.io.netty.util.concurrent.SingleThreadEventExecutor$4.run(SingleThreadEventExecutor.java:998)&#10;        at app//org.apache.ratis.thirdparty.io.netty.util.internal.ThreadExecutorMap$2.run(ThreadExecutorMap.java:74)&#10;        at java.base@21.0.8/java.lang.Thread.runWith(Thread.java:1596)&#10;        at java.base@21.0.8/java.lang.Thread.run(Thread.java:1583)&#10;&quot;IPC Server handler 57 on default port 15004&quot; daemon prio=5 tid=395 timed_waiting&#10;java.lang.Thread.State: TIMED_WAITING&#10;        at java.base@21.0.8/jdk.internal.misc.Unsafe.park(Native Method)&#10;        at java.base@21.0.8/java.util.concurrent.locks.LockSupport.parkNanos(LockSupport.java:269)&#10;        at java.base@21.0.8/java.util.concurrent.locks.AbstractQueuedSynchronizer$ConditionObject.awaitNanos(AbstractQueuedSynchronizer.java:1763)&#10;        at java.base@21.0.8/java.util.concurrent.LinkedBlockingQueue.poll(LinkedBlockingQueue.java:460)&#10;        at app//org.apache.hadoop.ipc.CallQueueManager.take(CallQueueManager.java:370)&#10;        at app//org.apache.hadoop.ipc.Server$Handler.run(Server.java:3165)&#10;&quot;qtp473358662-908&quot; daemon prio=5 tid=908 runnable&#10;java.lang.Thread.State: RUNNABLE&#10;        at java.base@21.0.8/sun.nio.ch.EPoll.wait(Native Method)&#10;        at java.base@21.0.8/sun.nio.ch.EPollSelectorImpl.doSelect(EPollSelectorImpl.java:121)&#10;        at java.base@21.0.8/sun.nio.ch.SelectorImpl.lockAndDoSelect(SelectorImpl.java:130)&#10;        at java.base@21.0.8/sun.nio.ch.SelectorImpl.select(SelectorImpl.java:147)&#10;        at app//org.eclipse.jetty.io.ManagedSelector.nioSelect(ManagedSelector.java:183)&#10;        at app//org.eclipse.jetty.io.ManagedSelector.select(ManagedSelector.java:190)&#10;        at app//org.eclipse.jetty.io.ManagedSelector$SelectorProducer.select(ManagedSelector.java:606)&#10;        at app//org.eclipse.jetty.io.ManagedSelector$SelectorProducer.produce(ManagedSelector.java:543)&#10;        at app//org.eclipse.jetty.util.thread.strategy.EatWhatYouKill.produceTask(EatWhatYouKill.java:362)&#10;        at app//org.eclipse.jetty.util.thread.strategy.EatWhatYouKill.doProduce(EatWhatYouKill.java:186)&#10;        at app//org.eclipse.jetty.util.thread.strategy.EatWhatYouKill.tryProduce(EatWhatYouKill.java:173)&#10;        at app//org.eclipse.jetty.util.thread.strategy.EatWhatYouKill.produce(EatWhatYouKill.java:137)&#10;        at app//org.eclipse.jetty.io.ManagedSelector$$Lambda/0x00007f9d6c6e5f08.run(Unknown Source)&#10;        at app//org.eclipse.jetty.util.thread.QueuedThreadPool.runJob(QueuedThreadPool.java:883)&#10;        at app//org.eclipse.jetty.util.thread.QueuedThreadPool$Runner.run(QueuedThreadPool.java:1034)&#10;        at java.base@21.0.8/java.lang.Thread.runWith(Thread.java:1596)&#10;        at java.base@21.0.8/java.lang.Thread.run(Thread.java:1583)&#10;&quot;qtp473358662-913&quot; daemon prio=5 tid=913 timed_waiting&#10;java.lang.Thread.State: TIMED_WAITING&#10;        at java.base@21.0.8/jdk.internal.misc.Unsafe.park(Native Method)&#10;        at java.base@21.0.8/java.util.concurrent.locks.LockSupport.parkNanos(LockSupport.java:269)&#10;        at java.base@21.0.8/java.util.concurrent.locks.AbstractQueuedSynchronizer$ConditionObject.awaitNanos(AbstractQueuedSynchronizer.java:1763)&#10;        at app//org.eclipse.jetty.util.BlockingArrayQueue.poll(BlockingArrayQueue.java:382)&#10;        at app//org.eclipse.jetty.util.thread.QueuedThreadPool$Runner.idleJobPoll(QueuedThreadPool.java:974)&#10;        at app//org.eclipse.jetty.util.thread.QueuedThreadPool$Runner.run(QueuedThreadPool.java:1018)&#10;        at java.base@21.0.8/java.lang.Thread.runWith(Thread.java:1596)&#10;        at java.base@21.0.8/java.lang.Thread.run(Thread.java:1583)&#10;&quot;IPC Server handler 88 on default port 15002&quot; daemon prio=5 tid=208 timed_waiting&#10;java.lang.Thread.State: TIMED_WAITING&#10;        at java.base@21.0.8/jdk.internal.misc.Unsafe.park(Native Method)&#10;        at java.base@21.0.8/java.util.concurrent.locks.LockSupport.parkNanos(LockSupport.java:269)&#10;        at java.base@21.0.8/java.util.concurrent.locks.AbstractQueuedSynchronizer$ConditionObject.awaitNanos(AbstractQueuedSynchronizer.java:1763)&#10;        at java.base@21.0.8/java.util.concurrent.LinkedBlockingQueue.poll(LinkedBlockingQueue.java:460)&#10;        at app//org.apache.hadoop.ipc.CallQueueManager.take(CallQueueManager.java:370)&#10;        at app//org.apache.hadoop.ipc.Server$Handler.run(Server.java:3165)&#10;&quot;Socket Reader #6 for port 15008&quot; daemon prio=5 tid=455 runnable&#10;java.lang.Thread.State: RUNNABLE&#10;        at java.base@21.0.8/sun.nio.ch.EPoll.wait(Native Method)&#10;        at java.base@21.0.8/sun.nio.ch.EPollSelectorImpl.doSelect(EPollSelectorImpl.java:121)&#10;        at java.base@21.0.8/sun.nio.ch.SelectorImpl.lockAndDoSelect(SelectorImpl.java:130)&#10;        at java.base@21.0.8/sun.nio.ch.SelectorImpl.select(SelectorImpl.java:147)&#10;        at app//org.apache.hadoop.ipc.Server$Listener$Reader.doRunLoop(Server.java:1497)&#10;        at app//org.apache.hadoop.ipc.Server$Listener$Reader.run(Server.java:1476)&#10;&quot;Recon-EventQueue-NodeReportForNodeReportHandler&quot; daemon prio=5 tid=1005 in Object.wait()&#10;java.lang.Thread.State: WAITING (on object monitor)&#10;        at java.base@21.0.8/jdk.internal.misc.Unsafe.park(Native Method)&#10;        at java.base@21.0.8/java.util.concurrent.locks.LockSupport.park(LockSupport.java:371)&#10;        at java.base@21.0.8/java.util.concurrent.locks.AbstractQueuedSynchronizer$ConditionNode.block(AbstractQueuedSynchronizer.java:519)&#10;        at java.base@21.0.8/java.util.concurrent.ForkJoinPool.unmanagedBlock(ForkJoinPool.java:3780)&#10;        at java.base@21.0.8/java.util.concurrent.ForkJoinPool.managedBlock(ForkJoinPool.java:3725)&#10;        at java.base@21.0.8/java.util.concurrent.locks.AbstractQueuedSynchronizer$ConditionObject.await(AbstractQueuedSynchronizer.java:1712)&#10;        at java.base@21.0.8/java.util.concurrent.LinkedBlockingQueue.take(LinkedBlockingQueue.java:435)&#10;        at java.base@21.0.8/java.util.concurrent.ThreadPoolExecutor.getTask(ThreadPoolExecutor.java:1070)&#10;        at java.base@21.0.8/java.util.concurrent.ThreadPoolExecutor.runWorker(ThreadPoolExecutor.java:1130)&#10;        at java.base@21.0.8/java.util.concurrent.ThreadPoolExecutor$Worker.run(ThreadPoolExecutor.java:642)&#10;        at java.base@21.0.8/java.lang.Thread.runWith(Thread.java:1596)&#10;        at java.base@21.0.8/java.lang.Thread.run(Thread.java:1583)&#10;&quot;c11f8a16-55ee-4f22-a5a5-7daf2dffa753-CloseContainerThread-0&quot;  prio=5 tid=1291 in Object.wait()&#10;java.lang.Thread.State: WAITING (on object monitor)&#10;        at java.base@21.0.8/jdk.internal.misc.Unsafe.park(Native Method)&#10;        at java.base@21.0.8/java.util.concurrent.locks.LockSupport.park(LockSupport.java:371)&#10;        at java.base@21.0.8/java.util.concurrent.locks.AbstractQueuedSynchronizer$ConditionNode.block(AbstractQueuedSynchronizer.java:519)&#10;        at java.base@21.0.8/java.util.concurrent.ForkJoinPool.unmanagedBlock(ForkJoinPool.java:3780)&#10;        at java.base@21.0.8/java.util.concurrent.ForkJoinPool.managedBlock(ForkJoinPool.java:3725)&#10;        at java.base@21.0.8/java.util.concurrent.locks.AbstractQueuedSynchronizer$ConditionObject.await(AbstractQueuedSynchronizer.java:1712)&#10;        at java.base@21.0.8/java.util.concurrent.LinkedBlockingQueue.take(LinkedBlockingQueue.java:435)&#10;        at java.base@21.0.8/java.util.concurrent.ThreadPoolExecutor.getTask(ThreadPoolExecutor.java:1070)&#10;        at java.base@21.0.8/java.util.concurrent.ThreadPoolExecutor.runWorker(ThreadPoolExecutor.java:1130)&#10;        at java.base@21.0.8/java.util.concurrent.ThreadPoolExecutor$Worker.run(ThreadPoolExecutor.java:642)&#10;        at java.base@21.0.8/java.lang.Thread.runWith(Thread.java:1596)&#10;        at java.base@21.0.8/java.lang.Thread.run(Thread.java:1583)&#10;&quot;IPC Server handler 40 on default port 15003&quot; daemon prio=5 tid=260 timed_waiting&#10;java.lang.Thread.State: TIMED_WAITING&#10;        at java.base@21.0.8/jdk.internal.misc.Unsafe.park(Native Method)&#10;        at java.base@21.0.8/java.util.concurrent.locks.LockSupport.parkNanos(LockSupport.java:269)&#10;        at java.base@21.0.8/java.util.concurrent.locks.AbstractQueuedSynchronizer$ConditionObject.awaitNanos(AbstractQueuedSynchronizer.java:1763)&#10;        at java.base@21.0.8/java.util.concurrent.LinkedBlockingQueue.poll(LinkedBlockingQueue.java:460)&#10;        at app//org.apache.hadoop.ipc.CallQueueManager.take(CallQueueManager.java:370)&#10;        at app//org.apache.hadoop.ipc.Server$Handler.run(Server.java:3165)&#10;&quot;IPC Server handler 69 on default port 15003&quot; daemon prio=5 tid=289 timed_waiting&#10;java.lang.Thread.State: TIMED_WAITING&#10;        at java.base@21.0.8/jdk.internal.misc.Unsafe.park(Native Method)&#10;        at java.base@21.0.8/java.util.concurrent.locks.LockSupport.parkNanos(LockSupport.java:269)&#10;        at java.base@21.0.8/java.util.concurrent.locks.AbstractQueuedSynchronizer$ConditionObject.awaitNanos(AbstractQueuedSynchronizer.java:1763)&#10;        at java.base@21.0.8/java.util.concurrent.LinkedBlockingQueue.poll(LinkedBlockingQueue.java:460)&#10;        at app//org.apache.hadoop.ipc.CallQueueManager.take(CallQueueManager.java:370)&#10;        at app//org.apache.hadoop.ipc.Server$Handler.run(Server.java:3165)&#10;&quot;SCMHATransactionMonitor&quot; daemon prio=5 tid=118 timed_waiting&#10;java.lang.Thread.State: TIMED_WAITING&#10;        at java.base@21.0.8/java.lang.Object.wait0(Native Method)&#10;        at java.base@21.0.8/java.lang.Object.wait(Object.java:366)&#10;        at app//org.apache.hadoop.hdds.scm.ha.BackgroundSCMService.run(BackgroundSCMService.java:106)&#10;        at app//org.apache.hadoop.hdds.scm.ha.BackgroundSCMService$$Lambda/0x00007f9d6c505440.run(Unknown Source)&#10;        at java.base@21.0.8/java.lang.Thread.runWith(Thread.java:1596)&#10;        at java.base@21.0.8/java.lang.Thread.run(Thread.java:1583)&#10;&quot;JvmPauseMonitor2&quot; daemon prio=5 tid=467 timed_waiting&#10;java.lang.Thread.State: TIMED_WAITING&#10;        at java.base@21.0.8/java.lang.Thread.sleep0(Native Method)&#10;        at java.base@21.0.8/java.lang.Thread.sleep(Thread.java:558)&#10;        at java.base@21.0.8/java.util.concurrent.TimeUnit.sleep(TimeUnit.java:446)&#10;        at app//org.apache.ratis.util.TimeDuration.sleep(TimeDuration.java:353)&#10;        at app//org.apache.ratis.util.TimeDuration.sleep(TimeDuration.java:338)&#10;        at app//org.apache.ratis.util.JvmPauseMonitor.detectPause(JvmPauseMonitor.java:160)&#10;        at app//org.apache.ratis.util.JvmPauseMonitor.run(JvmPauseMonitor.java:149)&#10;        at app//org.apache.ratis.util.JvmPauseMonitor$$Lambda/0x00007f9d6c3ae540.run(Unknown Source)&#10;        at java.base@21.0.8/java.lang.Thread.runWith(Thread.java:1596)&#10;        at java.base@21.0.8/java.lang.Thread.run(Thread.java:1583)&#10;&quot;Socket Reader #1 for port 15008&quot; daemon prio=5 tid=450 runnable&#10;java.lang.Thread.State: RUNNABLE&#10;        at java.base@21.0.8/sun.nio.ch.EPoll.wait(Native Method)&#10;        at java.base@21.0.8/sun.nio.ch.EPollSelectorImpl.doSelect(EPollSelectorImpl.java:121)&#10;        at java.base@21.0.8/sun.nio.ch.SelectorImpl.lockAndDoSelect(SelectorImpl.java:130)&#10;        at java.base@21.0.8/sun.nio.ch.SelectorImpl.select(SelectorImpl.java:147)&#10;        at app//org.apache.hadoop.ipc.Server$Listener$Reader.doRunLoop(Server.java:1497)&#10;        at app//org.apache.hadoop.ipc.Server$Listener$Reader.run(Server.java:1476)&#10;&quot;IPC Client (962379034) connection to localhost/127.0.0.1:15008 from runner&quot; daemon prio=5 tid=1154 timed_waiting&#10;java.lang.Thread.State: TIMED_WAITING&#10;        at java.base@21.0.8/java.lang.Object.wait0(Native Method)&#10;        at java.base@21.0.8/java.lang.Object.wait(Object.java:366)&#10;        at app//org.apache.hadoop.ipc.Client$Connection.waitForWork(Client.java:1042)&#10;        at app//org.apache.hadoop.ipc.Client$Connection.run(Client.java:1093)&#10;&quot;IPC Server handler 24 on default port 15001&quot; daemon prio=5 tid=582 timed_waiting&#10;java.lang.Thread.State: TIMED_WAITING&#10;        at java.base@21.0.8/jdk.internal.misc.Unsafe.park(Native Method)&#10;        at java.base@21.0.8/java.util.concurrent.locks.LockSupport.parkNanos(LockSupport.java:269)&#10;        at java.base@21.0.8/java.util.concurrent.locks.AbstractQueuedSynchronizer$ConditionObject.awaitNanos(AbstractQueuedSynchronizer.java:1763)&#10;        at java.base@21.0.8/java.util.concurrent.LinkedBlockingQueue.poll(LinkedBlockingQueue.java:460)&#10;        at app//org.apache.hadoop.ipc.CallQueueManager.take(CallQueueManager.java:370)&#10;        at app//org.apache.hadoop.ipc.Server$Handler.run(Server.java:3165)&#10;&quot;IPC Server handler 0 on default port 15029&quot; daemon prio=5 tid=787 timed_waiting&#10;java.lang.Thread.State: TIMED_WAITING&#10;        at java.base@21.0.8/jdk.internal.misc.Unsafe.park(Native Method)&#10;        at java.base@21.0.8/java.util.concurrent.locks.LockSupport.parkNanos(LockSupport.java:269)&#10;        at java.base@21.0.8/java.util.concurrent.locks.AbstractQueuedSynchronizer$ConditionObject.awaitNanos(AbstractQueuedSynchronizer.java:1763)&#10;        at java.base@21.0.8/java.util.concurrent.LinkedBlockingQueue.poll(LinkedBlockingQueue.java:460)&#10;        at app//org.apache.hadoop.ipc.CallQueueManager.take(CallQueueManager.java:370)&#10;        at app//org.apache.hadoop.ipc.Server$Handler.run(Server.java:3165)&#10;&quot;Socket Reader #2 for port 15001&quot; daemon prio=5 tid=522 runnable&#10;java.lang.Thread.State: RUNNABLE&#10;        at java.base@21.0.8/sun.nio.ch.EPoll.wait(Native Method)&#10;        at java.base@21.0.8/sun.nio.ch.EPollSelectorImpl.doSelect(EPollSelectorImpl.java:121)&#10;        at java.base@21.0.8/sun.nio.ch.SelectorImpl.lockAndDoSelect(SelectorImpl.java:130)&#10;        at java.base@21.0.8/sun.nio.ch.SelectorImpl.select(SelectorImpl.java:147)&#10;        at app//org.apache.hadoop.ipc.Server$Listener$Reader.doRunLoop(Server.java:1497)&#10;        at app//org.apache.hadoop.ipc.Server$Listener$Reader.run(Server.java:1476)&#10;&quot;Socket Reader #3 for port 15037&quot; daemon prio=5 tid=853 runnable&#10;java.lang.Thread.State: RUNNABLE&#10;        at java.base@21.0.8/sun.nio.ch.EPoll.wait(Native Method)&#10;        at java.base@21.0.8/sun.nio.ch.EPollSelectorImpl.doSelect(EPollSelectorImpl.java:121)&#10;        at java.base@21.0.8/sun.nio.ch.SelectorImpl.lockAndDoSelect(SelectorImpl.java:130)&#10;        at java.base@21.0.8/sun.nio.ch.SelectorImpl.select(SelectorImpl.java:147)&#10;        at app//org.apache.hadoop.ipc.Server$Listener$Reader.doRunLoop(Server.java:1497)&#10;        at app//org.apache.hadoop.ipc.Server$Listener$Reader.run(Server.java:1476)&#10;&quot;IPC Server handler 3 on default port 15037&quot; daemon prio=5 tid=867 timed_waiting&#10;java.lang.Thread.State: TIMED_WAITING&#10;        at java.base@21.0.8/jdk.internal.misc.Unsafe.park(Native Method)&#10;        at java.base@21.0.8/java.util.concurrent.locks.LockSupport.parkNanos(LockSupport.java:269)&#10;        at java.base@21.0.8/java.util.concurrent.locks.AbstractQueuedSynchronizer$ConditionObject.awaitNanos(AbstractQueuedSynchronizer.java:1763)&#10;        at java.base@21.0.8/java.util.concurrent.LinkedBlockingQueue.poll(LinkedBlockingQueue.java:460)&#10;        at app//org.apache.hadoop.ipc.CallQueueManager.take(CallQueueManager.java:370)&#10;        at app//org.apache.hadoop.ipc.Server$Handler.run(Server.java:3165)&#10;&quot;IPC Server Responder&quot; daemon prio=5 tid=73 runnable&#10;java.lang.Thread.State: RUNNABLE&#10;        at java.base@21.0.8/sun.nio.ch.EPoll.wait(Native Method)&#10;        at java.base@21.0.8/sun.nio.ch.EPollSelectorImpl.doSelect(EPollSelectorImpl.java:121)&#10;        at java.base@21.0.8/sun.nio.ch.SelectorImpl.lockAndDoSelect(SelectorImpl.java:130)&#10;        at java.base@21.0.8/sun.nio.ch.SelectorImpl.select(SelectorImpl.java:142)&#10;        at app//org.apache.hadoop.ipc.Server$Responder.doRunLoop(Server.java:1733)&#10;        at app//org.apache.hadoop.ipc.Server$Responder.run(Server.java:1716)&#10;&quot;fc0351b7-0c71-4a2a-a0ca-337e5c0b1c14-RocksDBCompactionThread-0&quot;  prio=5 tid=805 timed_waiting&#10;java.lang.Thread.State: TIMED_WAITING&#10;        at java.base@21.0.8/jdk.internal.misc.Unsafe.park(Native Method)&#10;        at java.base@21.0.8/java.util.concurrent.locks.LockSupport.parkNanos(LockSupport.java:269)&#10;        at java.base@21.0.8/java.util.concurrent.locks.AbstractQueuedSynchronizer$ConditionObject.awaitNanos(AbstractQueuedSynchronizer.java:1763)&#10;        at java.base@21.0.8/java.util.concurrent.ScheduledThreadPoolExecutor$DelayedWorkQueue.take(ScheduledThreadPoolExecutor.java:1182)&#10;        at java.base@21.0.8/java.util.concurrent.ScheduledThreadPoolExecutor$DelayedWorkQueue.take(ScheduledThreadPoolExecutor.java:899)&#10;        at java.base@21.0.8/java.util.concurrent.ThreadPoolExecutor.getTask(ThreadPoolExecutor.java:1070)&#10;        at java.base@21.0.8/java.util.concurrent.ThreadPoolExecutor.runWorker(ThreadPoolExecutor.java:1130)&#10;        at java.base@21.0.8/java.util.concurrent.ThreadPoolExecutor$Worker.run(ThreadPoolExecutor.java:642)&#10;        at java.base@21.0.8/java.lang.Thread.runWith(Thread.java:1596)&#10;        at java.base@21.0.8/java.lang.Thread.run(Thread.java:1583)&#10;&quot;IPC Server handler 2 on default port 15045&quot; daemon prio=5 tid=939 timed_waiting&#10;java.lang.Thread.State: TIMED_WAITING&#10;        at java.base@21.0.8/jdk.internal.misc.Unsafe.park(Native Method)&#10;        at java.base@21.0.8/java.util.concurrent.locks.LockSupport.parkNanos(LockSupport.java:269)&#10;        at java.base@21.0.8/java.util.concurrent.locks.AbstractQueuedSynchronizer$ConditionObject.awaitNanos(AbstractQueuedSynchronizer.java:1763)&#10;        at java.base@21.0.8/java.util.concurrent.LinkedBlockingQueue.poll(LinkedBlockingQueue.java:460)&#10;        at app//org.apache.hadoop.ipc.CallQueueManager.take(CallQueueManager.java:370)&#10;        at app//org.apache.hadoop.ipc.Server$Handler.run(Server.java:3165)&#10;&quot;74afb32b-8e70-4799-b16c-dc9602d9dbb6-groupManagement&quot;  prio=5 tid=1036 in Object.wait()&#10;java.lang.Thread.State: WAITING (on object monitor)&#10;        at java.base@21.0.8/jdk.internal.misc.Unsafe.park(Native Method)&#10;        at java.base@21.0.8/java.util.concurrent.locks.LockSupport.park(LockSupport.java:371)&#10;        at java.base@21.0.8/java.util.concurrent.locks.AbstractQueuedSynchronizer$ConditionNode.block(AbstractQueuedSynchronizer.java:519)&#10;        at java.base@21.0.8/java.util.concurrent.ForkJoinPool.unmanagedBlock(ForkJoinPool.java:3780)&#10;        at java.base@21.0.8/java.util.concurrent.ForkJoinPool.managedBlock(ForkJoinPool.java:3725)&#10;        at java.base@21.0.8/java.util.concurrent.locks.AbstractQueuedSynchronizer$ConditionObject.await(AbstractQueuedSynchronizer.java:1712)&#10;        at java.base@21.0.8/java.util.concurrent.LinkedBlockingQueue.take(LinkedBlockingQueue.java:435)&#10;        at java.base@21.0.8/java.util.concurrent.ThreadPoolExecutor.getTask(ThreadPoolExecutor.java:1070)&#10;        at java.base@21.0.8/java.util.concurrent.ThreadPoolExecutor.runWorker(ThreadPoolExecutor.java:1130)&#10;        at java.base@21.0.8/java.util.concurrent.ThreadPoolExecutor$Worker.run(ThreadPoolExecutor.java:642)&#10;        at java.base@21.0.8/java.lang.Thread.runWith(Thread.java:1596)&#10;        at java.base@21.0.8/java.lang.Thread.run(Thread.java:1583)&#10;&quot;IPC Server handler 41 on default port 15001&quot; daemon prio=5 tid=599 timed_waiting&#10;java.lang.Thread.State: TIMED_WAITING&#10;        at java.base@21.0.8/jdk.internal.misc.Unsafe.park(Native Method)&#10;        at java.base@21.0.8/java.util.concurrent.locks.LockSupport.parkNanos(LockSupport.java:269)&#10;        at java.base@21.0.8/java.util.concurrent.locks.AbstractQueuedSynchronizer$ConditionObject.awaitNanos(AbstractQueuedSynchronizer.java:1763)&#10;        at java.base@21.0.8/java.util.concurrent.LinkedBlockingQueue.poll(LinkedBlockingQueue.java:460)&#10;        at app//org.apache.hadoop.ipc.CallQueueManager.take(CallQueueManager.java:370)&#10;        at app//org.apache.hadoop.ipc.Server$Handler.run(Server.java:3165)&#10;&quot;IPC Server handler 45 on default port 15001&quot; daemon prio=5 tid=603 timed_waiting&#10;java.lang.Thread.State: TIMED_WAITING&#10;        at java.base@21.0.8/jdk.internal.misc.Unsafe.park(Native Method)&#10;        at java.base@21.0.8/java.util.concurrent.locks.LockSupport.parkNanos(LockSupport.java:269)&#10;        at java.base@21.0.8/java.util.concurrent.locks.AbstractQueuedSynchronizer$ConditionObject.awaitNanos(AbstractQueuedSynchronizer.java:1763)&#10;        at java.base@21.0.8/java.util.concurrent.LinkedBlockingQueue.poll(LinkedBlockingQueue.java:460)&#10;        at app//org.apache.hadoop.ipc.CallQueueManager.take(CallQueueManager.java:370)&#10;        at app//org.apache.hadoop.ipc.Server$Handler.run(Server.java:3165)&#10;&quot;IPC Server handler 73 on default port 15003&quot; daemon prio=5 tid=293 timed_waiting&#10;java.lang.Thread.State: TIMED_WAITING&#10;        at java.base@21.0.8/jdk.internal.misc.Unsafe.park(Native Method)&#10;        at java.base@21.0.8/java.util.concurrent.locks.LockSupport.parkNanos(LockSupport.java:269)&#10;        at java.base@21.0.8/java.util.concurrent.locks.AbstractQueuedSynchronizer$ConditionObject.awaitNanos(AbstractQueuedSynchronizer.java:1763)&#10;        at java.base@21.0.8/java.util.concurrent.LinkedBlockingQueue.poll(LinkedBlockingQueue.java:460)&#10;        at app//org.apache.hadoop.ipc.CallQueueManager.take(CallQueueManager.java:370)&#10;        at app//org.apache.hadoop.ipc.Server$Handler.run(Server.java:3165)&#10;&quot;IPC Server handler 69 on default port 15002&quot; daemon prio=5 tid=189 timed_waiting&#10;java.lang.Thread.State: TIMED_WAITING&#10;        at java.base@21.0.8/jdk.internal.misc.Unsafe.park(Native Method)&#10;        at java.base@21.0.8/java.util.concurrent.locks.LockSupport.parkNanos(LockSupport.java:269)&#10;        at java.base@21.0.8/java.util.concurrent.locks.AbstractQueuedSynchronizer$ConditionObject.awaitNanos(AbstractQueuedSynchronizer.java:1763)&#10;        at java.base@21.0.8/java.util.concurrent.LinkedBlockingQueue.poll(LinkedBlockingQueue.java:460)&#10;        at app//org.apache.hadoop.ipc.CallQueueManager.take(CallQueueManager.java:370)&#10;        at app//org.apache.hadoop.ipc.Server$Handler.run(Server.java:3165)&#10;&quot;IPC Server handler 2 on default port 15037&quot; daemon prio=5 tid=866 timed_waiting&#10;java.lang.Thread.State: TIMED_WAITING&#10;        at java.base@21.0.8/jdk.internal.misc.Unsafe.park(Native Method)&#10;        at java.base@21.0.8/java.util.concurrent.locks.LockSupport.parkNanos(LockSupport.java:269)&#10;        at java.base@21.0.8/java.util.concurrent.locks.AbstractQueuedSynchronizer$ConditionObject.awaitNanos(AbstractQueuedSynchronizer.java:1763)&#10;        at java.base@21.0.8/java.util.concurrent.LinkedBlockingQueue.poll(LinkedBlockingQueue.java:460)&#10;        at app//org.apache.hadoop.ipc.CallQueueManager.take(CallQueueManager.java:370)&#10;        at app//org.apache.hadoop.ipc.Server$Handler.run(Server.java:3165)&#10;&quot;IPC Server handler 63 on default port 15003&quot; daemon prio=5 tid=283 timed_waiting&#10;java.lang.Thread.State: TIMED_WAITING&#10;        at java.base@21.0.8/jdk.internal.misc.Unsafe.park(Native Method)&#10;        at java.base@21.0.8/java.util.concurrent.locks.LockSupport.parkNanos(LockSupport.java:269)&#10;        at java.base@21.0.8/java.util.concurrent.locks.AbstractQueuedSynchronizer$ConditionObject.awaitNanos(AbstractQueuedSynchronizer.java:1763)&#10;        at java.base@21.0.8/java.util.concurrent.LinkedBlockingQueue.poll(LinkedBlockingQueue.java:460)&#10;        at app//org.apache.hadoop.ipc.CallQueueManager.take(CallQueueManager.java:370)&#10;        at app//org.apache.hadoop.ipc.Server$Handler.run(Server.java:3165)&#10;&quot;IPC Server handler 71 on default port 15004&quot; daemon prio=5 tid=409 timed_waiting&#10;java.lang.Thread.State: TIMED_WAITING&#10;        at java.base@21.0.8/jdk.internal.misc.Unsafe.park(Native Method)&#10;        at java.base@21.0.8/java.util.concurrent.locks.LockSupport.parkNanos(LockSupport.java:269)&#10;        at java.base@21.0.8/java.util.concurrent.locks.AbstractQueuedSynchronizer$ConditionObject.awaitNanos(AbstractQueuedSynchronizer.java:1763)&#10;        at java.base@21.0.8/java.util.concurrent.LinkedBlockingQueue.poll(LinkedBlockingQueue.java:460)&#10;        at app//org.apache.hadoop.ipc.CallQueueManager.take(CallQueueManager.java:370)&#10;        at app//org.apache.hadoop.ipc.Server$Handler.run(Server.java:3165)&#10;&quot;om1-KeyDeletingService#0&quot; daemon prio=5 tid=472 in Object.wait()&#10;java.lang.Thread.State: WAITING (on object monitor)&#10;        at java.base@21.0.8/jdk.internal.misc.Unsafe.park(Native Method)&#10;        at java.base@21.0.8/java.util.concurrent.locks.LockSupport.park(LockSupport.java:371)&#10;        at java.base@21.0.8/java.util.concurrent.locks.AbstractQueuedSynchronizer$ConditionNode.block(AbstractQueuedSynchronizer.java:519)&#10;        at java.base@21.0.8/java.util.concurrent.ForkJoinPool.unmanagedBlock(ForkJoinPool.java:3780)&#10;        at java.base@21.0.8/java.util.concurrent.ForkJoinPool.managedBlock(ForkJoinPool.java:3725)&#10;        at java.base@21.0.8/java.util.concurrent.locks.AbstractQueuedSynchronizer$ConditionObject.await(AbstractQueuedSynchronizer.java:1712)&#10;        at java.base@21.0.8/java.util.concurrent.ScheduledThreadPoolExecutor$DelayedWorkQueue.take(ScheduledThreadPoolExecutor.java:1177)&#10;        at java.base@21.0.8/java.util.concurrent.ScheduledThreadPoolExecutor$DelayedWorkQueue.take(ScheduledThreadPoolExecutor.java:899)&#10;        at java.base@21.0.8/java.util.concurrent.ThreadPoolExecutor.getTask(ThreadPoolExecutor.java:1070)&#10;        at java.base@21.0.8/java.util.concurrent.ThreadPoolExecutor.runWorker(ThreadPoolExecutor.java:1130)&#10;        at java.base@21.0.8/java.util.concurrent.ThreadPoolExecutor$Worker.run(ThreadPoolExecutor.java:642)&#10;        at java.base@21.0.8/java.lang.Thread.runWith(Thread.java:1596)&#10;        at java.base@21.0.8/java.lang.Thread.run(Thread.java:1583)&#10;&quot;IPC Server handler 26 on default port 15002&quot; daemon prio=5 tid=146 timed_waiting&#10;java.lang.Thread.State: TIMED_WAITING&#10;        at java.base@21.0.8/jdk.internal.misc.Unsafe.park(Native Method)&#10;        at java.base@21.0.8/java.util.concurrent.locks.LockSupport.parkNanos(LockSupport.java:269)&#10;        at java.base@21.0.8/java.util.concurrent.locks.AbstractQueuedSynchronizer$ConditionObject.awaitNanos(AbstractQueuedSynchronizer.java:1763)&#10;        at java.base@21.0.8/java.util.concurrent.LinkedBlockingQueue.poll(LinkedBlockingQueue.java:460)&#10;        at app//org.apache.hadoop.ipc.CallQueueManager.take(CallQueueManager.java:370)&#10;        at app//org.apache.hadoop.ipc.Server$Handler.run(Server.java:3165)&#10;&quot;IPC Server idle connection scanner for port 15037&quot; daemon prio=5 tid=861 timed_waiting&#10;java.lang.Thread.State: TIMED_WAITING&#10;        at java.base@21.0.8/java.lang.Object.wait0(Native Method)&#10;        at java.base@21.0.8/java.lang.Object.wait(Object.java:366)&#10;        at java.base@21.0.8/java.util.TimerThread.mainLoop(Timer.java:563)&#10;        at java.base@21.0.8/java.util.TimerThread.run(Timer.java:516)&#10;&quot;IPC Server handler 8 on default port 15002&quot; daemon prio=5 tid=128 timed_waiting&#10;java.lang.Thread.State: TIMED_WAITING&#10;        at java.base@21.0.8/jdk.internal.misc.Unsafe.park(Native Method)&#10;        at java.base@21.0.8/java.util.concurrent.locks.LockSupport.parkNanos(LockSupport.java:269)&#10;        at java.base@21.0.8/java.util.concurrent.locks.AbstractQueuedSynchronizer$ConditionObject.awaitNanos(AbstractQueuedSynchronizer.java:1763)&#10;        at java.base@21.0.8/java.util.concurrent.LinkedBlockingQueue.poll(LinkedBlockingQueue.java:460)&#10;        at app//org.apache.hadoop.ipc.CallQueueManager.take(CallQueueManager.java:370)&#10;        at app//org.apache.hadoop.ipc.Server$Handler.run(Server.java:3165)&#10;&quot;IPC Server handler 0 on default port 15001&quot; daemon prio=5 tid=558 timed_waiting&#10;java.lang.Thread.State: TIMED_WAITING&#10;        at java.base@21.0.8/jdk.internal.misc.Unsafe.park(Native Method)&#10;        at java.base@21.0.8/java.util.concurrent.locks.LockSupport.parkNanos(LockSupport.java:269)&#10;        at java.base@21.0.8/java.util.concurrent.locks.AbstractQueuedSynchronizer$ConditionObject.awaitNanos(AbstractQueuedSynchronizer.java:1763)&#10;        at java.base@21.0.8/java.util.concurrent.LinkedBlockingQueue.poll(LinkedBlockingQueue.java:460)&#10;        at app//org.apache.hadoop.ipc.CallQueueManager.take(CallQueueManager.java:370)&#10;        at app//org.apache.hadoop.ipc.Server$Handler.run(Server.java:3165)&#10;&quot;IPC Parameter Sending Thread for 0.0.0.0/0.0.0.0:15002&quot; daemon prio=5 tid=663 timed_waiting&#10;java.lang.Thread.State: TIMED_WAITING&#10;        at java.base@21.0.8/jdk.internal.misc.Unsafe.park(Native Method)&#10;        at java.base@21.0.8/java.util.concurrent.locks.LockSupport.parkNanos(LockSupport.java:410)&#10;        at java.base@21.0.8/java.util.concurrent.LinkedTransferQueue$DualNode.await(LinkedTransferQueue.java:452)&#10;        at java.base@21.0.8/java.util.concurrent.LinkedTransferQueue.xfer(LinkedTransferQueue.java:613)&#10;        at java.base@21.0.8/java.util.concurrent.SynchronousQueue.xfer(SynchronousQueue.java:235)&#10;        at java.base@21.0.8/java.util.concurrent.SynchronousQueue.poll(SynchronousQueue.java:338)&#10;        at app//org.apache.hadoop.ipc.Client$Connection$RpcRequestSender.run(Client.java:1121)&#10;        at java.base@21.0.8/java.lang.Thread.runWith(Thread.java:1596)&#10;        at java.base@21.0.8/java.lang.Thread.run(Thread.java:1583)&#10;&quot;c11f8a16-55ee-4f22-a5a5-7daf2dffa753-ChunkWriter-0-0&quot; daemon prio=5 tid=891 in Object.wait()&#10;java.lang.Thread.State: WAITING (on object monitor)&#10;        at java.base@21.0.8/jdk.internal.misc.Unsafe.park(Native Method)&#10;        at java.base@21.0.8/java.util.concurrent.locks.LockSupport.park(LockSupport.java:371)&#10;        at java.base@21.0.8/java.util.concurrent.locks.AbstractQueuedSynchronizer$ConditionNode.block(AbstractQueuedSynchronizer.java:519)&#10;        at java.base@21.0.8/java.util.concurrent.ForkJoinPool.unmanagedBlock(ForkJoinPool.java:3780)&#10;        at java.base@21.0.8/java.util.concurrent.ForkJoinPool.managedBlock(ForkJoinPool.java:3725)&#10;        at java.base@21.0.8/java.util.concurrent.locks.AbstractQueuedSynchronizer$ConditionObject.await(AbstractQueuedSynchronizer.java:1712)&#10;        at java.base@21.0.8/java.util.concurrent.LinkedBlockingDeque.takeFirst(LinkedBlockingDeque.java:485)&#10;        at java.base@21.0.8/java.util.concurrent.LinkedBlockingDeque.take(LinkedBlockingDeque.java:673)&#10;        at java.base@21.0.8/java.util.concurrent.ThreadPoolExecutor.getTask(ThreadPoolExecutor.java:1070)&#10;        at java.base@21.0.8/java.util.concurrent.ThreadPoolExecutor.runWorker(ThreadPoolExecutor.java:1130)&#10;        at java.base@21.0.8/java.util.concurrent.ThreadPoolExecutor$Worker.run(ThreadPoolExecutor.java:642)&#10;        at java.base@21.0.8/java.lang.Thread.runWith(Thread.java:1596)&#10;        at java.base@21.0.8/java.lang.Thread.run(Thread.java:1583)&#10;&quot;qtp1213220498-767&quot; daemon prio=5 tid=767 timed_waiting&#10;java.lang.Thread.State: TIMED_WAITING&#10;        at java.base@21.0.8/jdk.internal.misc.Unsafe.park(Native Method)&#10;        at java.base@21.0.8/java.util.concurrent.locks.LockSupport.parkNanos(LockSupport.java:269)&#10;        at java.base@21.0.8/java.util.concurrent.locks.AbstractQueuedSynchronizer$ConditionObject.awaitNanos(AbstractQueuedSynchronizer.java:1763)&#10;        at app//org.eclipse.jetty.util.BlockingArrayQueue.poll(BlockingArrayQueue.java:382)&#10;        at app//org.eclipse.jetty.util.thread.QueuedThreadPool$Runner.idleJobPoll(QueuedThreadPool.java:974)&#10;        at app//org.eclipse.jetty.util.thread.QueuedThreadPool$Runner.run(QueuedThreadPool.java:1018)&#10;        at java.base@21.0.8/java.lang.Thread.runWith(Thread.java:1596)&#10;        at java.base@21.0.8/java.lang.Thread.run(Thread.java:1583)&#10;&quot;qtp1782170617-820&quot; daemon prio=5 tid=820 timed_waiting&#10;java.lang.Thread.State: TIMED_WAITING&#10;        at java.base@21.0.8/jdk.internal.misc.Unsafe.park(Native Method)&#10;        at java.base@21.0.8/java.util.concurrent.locks.LockSupport.parkNanos(LockSupport.java:269)&#10;        at java.base@21.0.8/java.util.concurrent.locks.AbstractQueuedSynchronizer$ConditionObject.awaitNanos(AbstractQueuedSynchronizer.java:1763)&#10;        at app//org.eclipse.jetty.util.BlockingArrayQueue.poll(BlockingArrayQueue.java:382)&#10;        at app//org.eclipse.jetty.util.thread.QueuedThreadPool$Runner.idleJobPoll(QueuedThreadPool.java:974)&#10;        at app//org.eclipse.jetty.util.thread.QueuedThreadPool$Runner.run(QueuedThreadPool.java:1018)&#10;        at java.base@21.0.8/java.lang.Thread.runWith(Thread.java:1596)&#10;        at java.base@21.0.8/java.lang.Thread.run(Thread.java:1583)&#10;&quot;IPC Server handler 61 on default port 15003&quot; daemon prio=5 tid=281 timed_waiting&#10;java.lang.Thread.State: TIMED_WAITING&#10;        at java.base@21.0.8/jdk.internal.misc.Unsafe.park(Native Method)&#10;        at java.base@21.0.8/java.util.concurrent.locks.LockSupport.parkNanos(LockSupport.java:269)&#10;        at java.base@21.0.8/java.util.concurrent.locks.AbstractQueuedSynchronizer$ConditionObject.awaitNanos(AbstractQueuedSynchronizer.java:1763)&#10;        at java.base@21.0.8/java.util.concurrent.LinkedBlockingQueue.poll(LinkedBlockingQueue.java:460)&#10;        at app//org.apache.hadoop.ipc.CallQueueManager.take(CallQueueManager.java:370)&#10;        at app//org.apache.hadoop.ipc.Server$Handler.run(Server.java:3165)&#10;&quot;IPC Server handler 2 on default port 15002&quot; daemon prio=5 tid=122 timed_waiting&#10;java.lang.Thread.State: TIMED_WAITING&#10;        at java.base@21.0.8/jdk.internal.misc.Unsafe.park(Native Method)&#10;        at java.base@21.0.8/java.util.concurrent.locks.LockSupport.parkNanos(LockSupport.java:269)&#10;        at java.base@21.0.8/java.util.concurrent.locks.AbstractQueuedSynchronizer$ConditionObject.awaitNanos(AbstractQueuedSynchronizer.java:1763)&#10;        at java.base@21.0.8/java.util.concurrent.LinkedBlockingQueue.poll(LinkedBlockingQueue.java:460)&#10;        at app//org.apache.hadoop.ipc.CallQueueManager.take(CallQueueManager.java:370)&#10;        at app//org.apache.hadoop.ipc.Server$Handler.run(Server.java:3165)&#10;&quot;IPC Server handler 54 on default port 15001&quot; daemon prio=5 tid=612 timed_waiting&#10;java.lang.Thread.State: TIMED_WAITING&#10;        at java.base@21.0.8/jdk.internal.misc.Unsafe.park(Native Method)&#10;        at java.base@21.0.8/java.util.concurrent.locks.LockSupport.parkNanos(LockSupport.java:269)&#10;        at java.base@21.0.8/java.util.concurrent.locks.AbstractQueuedSynchronizer$ConditionObject.awaitNanos(AbstractQueuedSynchronizer.java:1763)&#10;        at java.base@21.0.8/java.util.concurrent.LinkedBlockingQueue.poll(LinkedBlockingQueue.java:460)&#10;        at app//org.apache.hadoop.ipc.CallQueueManager.take(CallQueueManager.java:370)&#10;        at app//org.apache.hadoop.ipc.Server$Handler.run(Server.java:3165)&#10;&quot;IPC Server handler 62 on default port 15003&quot; daemon prio=5 tid=282 timed_waiting&#10;java.lang.Thread.State: TIMED_WAITING&#10;        at java.base@21.0.8/jdk.internal.misc.Unsafe.park(Native Method)&#10;        at java.base@21.0.8/java.util.concurrent.locks.LockSupport.parkNanos(LockSupport.java:269)&#10;        at java.base@21.0.8/java.util.concurrent.locks.AbstractQueuedSynchronizer$ConditionObject.awaitNanos(AbstractQueuedSynchronizer.java:1763)&#10;        at java.base@21.0.8/java.util.concurrent.LinkedBlockingQueue.poll(LinkedBlockingQueue.java:460)&#10;        at app//org.apache.hadoop.ipc.CallQueueManager.take(CallQueueManager.java:370)&#10;        at app//org.apache.hadoop.ipc.Server$Handler.run(Server.java:3165)&#10;&quot;74afb32b-8e70-4799-b16c-dc9602d9dbb6-ReplicationContainerReader-1&quot; daemon prio=5 tid=1334 in Object.wait()&#10;java.lang.Thread.State: WAITING (on object monitor)&#10;        at java.base@21.0.8/jdk.internal.misc.Unsafe.park(Native Method)&#10;        at java.base@21.0.8/java.util.concurrent.locks.LockSupport.park(LockSupport.java:371)&#10;        at java.base@21.0.8/java.util.concurrent.locks.AbstractQueuedSynchronizer$ConditionNode.block(AbstractQueuedSynchronizer.java:519)&#10;        at java.base@21.0.8/java.util.concurrent.ForkJoinPool.unmanagedBlock(ForkJoinPool.java:3780)&#10;        at java.base@21.0.8/java.util.concurrent.ForkJoinPool.managedBlock(ForkJoinPool.java:3725)&#10;        at java.base@21.0.8/java.util.concurrent.locks.AbstractQueuedSynchronizer$ConditionObject.await(AbstractQueuedSynchronizer.java:1712)&#10;        at java.base@21.0.8/java.util.concurrent.LinkedBlockingQueue.take(LinkedBlockingQueue.java:435)&#10;        at java.base@21.0.8/java.util.concurrent.ThreadPoolExecutor.getTask(ThreadPoolExecutor.java:1070)&#10;        at java.base@21.0.8/java.util.concurrent.ThreadPoolExecutor.runWorker(ThreadPoolExecutor.java:1130)&#10;        at java.base@21.0.8/java.util.concurrent.ThreadPoolExecutor$Worker.run(ThreadPoolExecutor.java:642)&#10;        at java.base@21.0.8/java.lang.Thread.runWith(Thread.java:1596)&#10;        at java.base@21.0.8/java.lang.Thread.run(Thread.java:1583)&#10;&quot;IPC Server handler 52 on default port 15004&quot; daemon prio=5 tid=390 timed_waiting&#10;java.lang.Thread.State: TIMED_WAITING&#10;        at java.base@21.0.8/jdk.internal.misc.Unsafe.park(Native Method)&#10;        at java.base@21.0.8/java.util.concurrent.locks.LockSupport.parkNanos(LockSupport.java:269)&#10;        at java.base@21.0.8/java.util.concurrent.locks.AbstractQueuedSynchronizer$ConditionObject.awaitNanos(AbstractQueuedSynchronizer.java:1763)&#10;        at java.base@21.0.8/java.util.concurrent.LinkedBlockingQueue.poll(LinkedBlockingQueue.java:460)&#10;        at app//org.apache.hadoop.ipc.CallQueueManager.take(CallQueueManager.java:370)&#10;        at app//org.apache.hadoop.ipc.Server$Handler.run(Server.java:3165)&#10;&quot;74afb32b-8e70-4799-b16c-dc9602d9dbb6-DatanodeReportManager-2&quot; daemon prio=5 tid=962 timed_waiting&#10;java.lang.Thread.State: TIMED_WAITING&#10;        at java.base@21.0.8/jdk.internal.misc.Unsafe.park(Native Method)&#10;        at java.base@21.0.8/java.util.concurrent.locks.LockSupport.parkNanos(LockSupport.java:269)&#10;        at java.base@21.0.8/java.util.concurrent.locks.AbstractQueuedSynchronizer$ConditionObject.awaitNanos(AbstractQueuedSynchronizer.java:1763)&#10;        at java.base@21.0.8/java.util.concurrent.ScheduledThreadPoolExecutor$DelayedWorkQueue.take(ScheduledThreadPoolExecutor.java:1182)&#10;        at java.base@21.0.8/java.util.concurrent.ScheduledThreadPoolExecutor$DelayedWorkQueue.take(ScheduledThreadPoolExecutor.java:899)&#10;        at java.base@21.0.8/java.util.concurrent.ThreadPoolExecutor.getTask(ThreadPoolExecutor.java:1070)&#10;        at java.base@21.0.8/java.util.concurrent.ThreadPoolExecutor.runWorker(ThreadPoolExecutor.java:1130)&#10;        at java.base@21.0.8/java.util.concurrent.ThreadPoolExecutor$Worker.run(ThreadPoolExecutor.java:642)&#10;        at java.base@21.0.8/java.lang.Thread.runWith(Thread.java:1596)&#10;        at java.base@21.0.8/java.lang.Thread.run(Thread.java:1583)&#10;&quot;IPC Server handler 25 on default port 15004&quot; daemon prio=5 tid=363 timed_waiting&#10;java.lang.Thread.State: TIMED_WAITING&#10;        at java.base@21.0.8/jdk.internal.misc.Unsafe.park(Native Method)&#10;        at java.base@21.0.8/java.util.concurrent.locks.LockSupport.parkNanos(LockSupport.java:269)&#10;        at java.base@21.0.8/java.util.concurrent.locks.AbstractQueuedSynchronizer$ConditionObject.awaitNanos(AbstractQueuedSynchronizer.java:1763)&#10;        at java.base@21.0.8/java.util.concurrent.LinkedBlockingQueue.poll(LinkedBlockingQueue.java:460)&#10;        at app//org.apache.hadoop.ipc.CallQueueManager.take(CallQueueManager.java:370)&#10;        at app//org.apache.hadoop.ipc.Server$Handler.run(Server.java:3165)&#10;&quot;IPC Server handler 92 on default port 15002&quot; daemon prio=5 tid=212 timed_waiting&#10;java.lang.Thread.State: TIMED_WAITING&#10;        at java.base@21.0.8/jdk.internal.misc.Unsafe.park(Native Method)&#10;        at java.base@21.0.8/java.util.concurrent.locks.LockSupport.parkNanos(LockSupport.java:269)&#10;        at java.base@21.0.8/java.util.concurrent.locks.AbstractQueuedSynchronizer$ConditionObject.awaitNanos(AbstractQueuedSynchronizer.java:1763)&#10;        at java.base@21.0.8/java.util.concurrent.LinkedBlockingQueue.poll(LinkedBlockingQueue.java:460)&#10;        at app//org.apache.hadoop.ipc.CallQueueManager.take(CallQueueManager.java:370)&#10;        at app//org.apache.hadoop.ipc.Server$Handler.run(Server.java:3165)&#10;&quot;IPC Server handler 90 on default port 15004&quot; daemon prio=5 tid=428 timed_waiting&#10;java.lang.Thread.State: TIMED_WAITING&#10;        at java.base@21.0.8/jdk.internal.misc.Unsafe.park(Native Method)&#10;        at java.base@21.0.8/java.util.concurrent.locks.LockSupport.parkNanos(LockSupport.java:269)&#10;        at java.base@21.0.8/java.util.concurrent.locks.AbstractQueuedSynchronizer$ConditionObject.awaitNanos(AbstractQueuedSynchronizer.java:1763)&#10;        at java.base@21.0.8/java.util.concurrent.LinkedBlockingQueue.poll(LinkedBlockingQueue.java:460)&#10;        at app//org.apache.hadoop.ipc.CallQueueManager.take(CallQueueManager.java:370)&#10;        at app//org.apache.hadoop.ipc.Server$Handler.run(Server.java:3165)&#10;&quot;IPC Server handler 99 on default port 15003&quot; daemon prio=5 tid=319 timed_waiting&#10;java.lang.Thread.State: TIMED_WAITING&#10;        at java.base@21.0.8/jdk.internal.misc.Unsafe.park(Native Method)&#10;        at java.base@21.0.8/java.util.concurrent.locks.LockSupport.parkNanos(LockSupport.java:269)&#10;        at java.base@21.0.8/java.util.concurrent.locks.AbstractQueuedSynchronizer$ConditionObject.awaitNanos(AbstractQueuedSynchronizer.java:1763)&#10;        at java.base@21.0.8/java.util.concurrent.LinkedBlockingQueue.poll(LinkedBlockingQueue.java:460)&#10;        at app//org.apache.hadoop.ipc.CallQueueManager.take(CallQueueManager.java:370)&#10;        at app//org.apache.hadoop.ipc.Server$Handler.run(Server.java:3165)&#10;&quot;qtp133286137-488&quot; daemon prio=5 tid=488 timed_waiting&#10;java.lang.Thread.State: TIMED_WAITING&#10;        at java.base@21.0.8/jdk.internal.misc.Unsafe.park(Native Method)&#10;        at java.base@21.0.8/java.util.concurrent.locks.LockSupport.parkNanos(LockSupport.java:269)&#10;        at java.base@21.0.8/java.util.concurrent.locks.AbstractQueuedSynchronizer$ConditionObject.awaitNanos(AbstractQueuedSynchronizer.java:1763)&#10;        at app//org.eclipse.jetty.util.BlockingArrayQueue.poll(BlockingArrayQueue.java:382)&#10;        at app//org.eclipse.jetty.util.thread.QueuedThreadPool$Runner.idleJobPoll(QueuedThreadPool.java:974)&#10;        at app//org.eclipse.jetty.util.thread.QueuedThreadPool$Runner.run(QueuedThreadPool.java:1018)&#10;        at java.base@21.0.8/java.lang.Thread.runWith(Thread.java:1596)&#10;        at java.base@21.0.8/java.lang.Thread.run(Thread.java:1583)&#10;&quot;fc0351b7-0c71-4a2a-a0ca-337e5c0b1c14-EndpointStateMachineTaskThread-/127.0.0.1:15001-0 &quot;  prio=5 tid=982 in Object.wait()&#10;java.lang.Thread.State: WAITING (on object monitor)&#10;        at java.base@21.0.8/jdk.internal.misc.Unsafe.park(Native Method)&#10;        at java.base@21.0.8/java.util.concurrent.locks.LockSupport.park(LockSupport.java:371)&#10;        at java.base@21.0.8/java.util.concurrent.locks.AbstractQueuedSynchronizer$ConditionNode.block(AbstractQueuedSynchronizer.java:519)&#10;        at java.base@21.0.8/java.util.concurrent.ForkJoinPool.unmanagedBlock(ForkJoinPool.java:3780)&#10;        at java.base@21.0.8/java.util.concurrent.ForkJoinPool.managedBlock(ForkJoinPool.java:3725)&#10;        at java.base@21.0.8/java.util.concurrent.locks.AbstractQueuedSynchronizer$ConditionObject.await(AbstractQueuedSynchronizer.java:1712)&#10;        at java.base@21.0.8/java.util.concurrent.LinkedBlockingQueue.take(LinkedBlockingQueue.java:435)&#10;        at java.base@21.0.8/java.util.concurrent.ThreadPoolExecutor.getTask(ThreadPoolExecutor.java:1070)&#10;        at java.base@21.0.8/java.util.concurrent.ThreadPoolExecutor.runWorker(ThreadPoolExecutor.java:1130)&#10;        at java.base@21.0.8/java.util.concurrent.ThreadPoolExecutor$Worker.run(ThreadPoolExecutor.java:642)&#10;        at java.base@21.0.8/java.lang.Thread.runWith(Thread.java:1596)&#10;        at java.base@21.0.8/java.lang.Thread.run(Thread.java:1583)&#10;&quot;Recon-FixedThreadPoolWithAffinityExecutor-5-0&quot; daemon prio=5 tid=539 timed_waiting&#10;java.lang.Thread.State: TIMED_WAITING&#10;        at java.base@21.0.8/jdk.internal.misc.Unsafe.park(Native Method)&#10;        at java.base@21.0.8/java.util.concurrent.locks.LockSupport.parkNanos(LockSupport.java:269)&#10;        at java.base@21.0.8/java.util.concurrent.locks.AbstractQueuedSynchronizer$ConditionObject.awaitNanos(AbstractQueuedSynchronizer.java:1763)&#10;        at java.base@21.0.8/java.util.concurrent.LinkedBlockingQueue.poll(LinkedBlockingQueue.java:460)&#10;        at app//org.apache.hadoop.hdds.scm.server.ContainerReportQueue.poll(ContainerReportQueue.java:269)&#10;        at app//org.apache.hadoop.hdds.scm.server.ContainerReportQueue.poll(ContainerReportQueue.java:42)&#10;        at app//org.apache.hadoop.hdds.server.events.FixedThreadPoolWithAffinityExecutor$ContainerReportProcessTask.run(FixedThreadPoolWithAffinityExecutor.java:228)&#10;        at java.base@21.0.8/java.util.concurrent.Executors$RunnableAdapter.call(Executors.java:572)&#10;        at java.base@21.0.8/java.util.concurrent.FutureTask.run(FutureTask.java:317)&#10;        at java.base@21.0.8/java.util.concurrent.ThreadPoolExecutor.runWorker(ThreadPoolExecutor.java:1144)&#10;        at java.base@21.0.8/java.util.concurrent.ThreadPoolExecutor$Worker.run(ThreadPoolExecutor.java:642)&#10;        at java.base@21.0.8/java.lang.Thread.runWith(Thread.java:1596)&#10;        at java.base@21.0.8/java.lang.Thread.run(Thread.java:1583)&#10;&quot;IPC Server handler 93 on default port 15004&quot; daemon prio=5 tid=431 timed_waiting&#10;java.lang.Thread.State: TIMED_WAITING&#10;        at java.base@21.0.8/jdk.internal.misc.Unsafe.park(Native Method)&#10;        at java.base@21.0.8/java.util.concurrent.locks.LockSupport.parkNanos(LockSupport.java:269)&#10;        at java.base@21.0.8/java.util.concurrent.locks.AbstractQueuedSynchronizer$ConditionObject.awaitNanos(AbstractQueuedSynchronizer.java:1763)&#10;        at java.base@21.0.8/java.util.concurrent.LinkedBlockingQueue.poll(LinkedBlockingQueue.java:460)&#10;        at app//org.apache.hadoop.ipc.CallQueueManager.take(CallQueueManager.java:370)&#10;        at app//org.apache.hadoop.ipc.Server$Handler.run(Server.java:3165)&#10;&quot;IPC Server handler 16 on default port 15004&quot; daemon prio=5 tid=354 timed_waiting&#10;java.lang.Thread.State: TIMED_WAITING&#10;        at java.base@21.0.8/jdk.internal.misc.Unsafe.park(Native Method)&#10;        at java.base@21.0.8/java.util.concurrent.locks.LockSupport.parkNanos(LockSupport.java:269)&#10;        at java.base@21.0.8/java.util.concurrent.locks.AbstractQueuedSynchronizer$ConditionObject.awaitNanos(AbstractQueuedSynchronizer.java:1763)&#10;        at java.base@21.0.8/java.util.concurrent.LinkedBlockingQueue.poll(LinkedBlockingQueue.java:460)&#10;        at app//org.apache.hadoop.ipc.CallQueueManager.take(CallQueueManager.java:370)&#10;        at app//org.apache.hadoop.ipc.Server$Handler.run(Server.java:3165)&#10;&quot;IPC Server handler 1 on default port 15045&quot; daemon prio=5 tid=938 timed_waiting&#10;java.lang.Thread.State: TIMED_WAITING&#10;        at java.base@21.0.8/jdk.internal.misc.Unsafe.park(Native Method)&#10;        at java.base@21.0.8/java.util.concurrent.locks.LockSupport.parkNanos(LockSupport.java:269)&#10;        at java.base@21.0.8/java.util.concurrent.locks.AbstractQueuedSynchronizer$ConditionObject.awaitNanos(AbstractQueuedSynchronizer.java:1763)&#10;        at java.base@21.0.8/java.util.concurrent.LinkedBlockingQueue.poll(LinkedBlockingQueue.java:460)&#10;        at app//org.apache.hadoop.ipc.CallQueueManager.take(CallQueueManager.java:370)&#10;        at app//org.apache.hadoop.ipc.Server$Handler.run(Server.java:3165)&#10;&quot;IPC Server handler 45 on default port 15004&quot; daemon prio=5 tid=383 timed_waiting&#10;java.lang.Thread.State: TIMED_WAITING&#10;        at java.base@21.0.8/jdk.internal.misc.Unsafe.park(Native Method)&#10;        at java.base@21.0.8/java.util.concurrent.locks.LockSupport.parkNanos(LockSupport.java:269)&#10;        at java.base@21.0.8/java.util.concurrent.locks.AbstractQueuedSynchronizer$ConditionObject.awaitNanos(AbstractQueuedSynchronizer.java:1763)&#10;        at java.base@21.0.8/java.util.concurrent.LinkedBlockingQueue.poll(LinkedBlockingQueue.java:460)&#10;        at app//org.apache.hadoop.ipc.CallQueueManager.take(CallQueueManager.java:370)&#10;        at app//org.apache.hadoop.ipc.Server$Handler.run(Server.java:3165)&#10;&quot;qtp1782170617-824&quot; daemon prio=5 tid=824 timed_waiting&#10;java.lang.Thread.State: TIMED_WAITING&#10;        at java.base@21.0.8/jdk.internal.misc.Unsafe.park(Native Method)&#10;        at java.base@21.0.8/java.util.concurrent.locks.LockSupport.parkNanos(LockSupport.java:269)&#10;        at java.base@21.0.8/java.util.concurrent.locks.AbstractQueuedSynchronizer$ConditionObject.awaitNanos(AbstractQueuedSynchronizer.java:1763)&#10;        at app//org.eclipse.jetty.util.BlockingArrayQueue.poll(BlockingArrayQueue.java:382)&#10;        at app//org.eclipse.jetty.util.thread.QueuedThreadPool$Runner.idleJobPoll(QueuedThreadPool.java:974)&#10;        at app//org.eclipse.jetty.util.thread.QueuedThreadPool$Runner.run(QueuedThreadPool.java:1018)&#10;        at java.base@21.0.8/java.lang.Thread.runWith(Thread.java:1596)&#10;        at java.base@21.0.8/java.lang.Thread.run(Thread.java:1583)&#10;&quot;IPC Server handler 29 on default port 15003&quot; daemon prio=5 tid=249 timed_waiting&#10;java.lang.Thread.State: TIMED_WAITING&#10;        at java.base@21.0.8/jdk.internal.misc.Unsafe.park(Native Method)&#10;        at java.base@21.0.8/java.util.concurrent.locks.LockSupport.parkNanos(LockSupport.java:269)&#10;        at java.base@21.0.8/java.util.concurrent.locks.AbstractQueuedSynchronizer$ConditionObject.awaitNanos(AbstractQueuedSynchronizer.java:1763)&#10;        at java.base@21.0.8/java.util.concurrent.LinkedBlockingQueue.poll(LinkedBlockingQueue.java:460)&#10;        at app//org.apache.hadoop.ipc.CallQueueManager.take(CallQueueManager.java:370)&#10;        at app//org.apache.hadoop.ipc.Server$Handler.run(Server.java:3165)&#10;&quot;IPC Server handler 6 on default port 15029&quot; daemon prio=5 tid=793 timed_waiting&#10;java.lang.Thread.State: TIMED_WAITING&#10;        at java.base@21.0.8/jdk.internal.misc.Unsafe.park(Native Method)&#10;        at java.base@21.0.8/java.util.concurrent.locks.LockSupport.parkNanos(LockSupport.java:269)&#10;        at java.base@21.0.8/java.util.concurrent.locks.AbstractQueuedSynchronizer$ConditionObject.awaitNanos(AbstractQueuedSynchronizer.java:1763)&#10;        at java.base@21.0.8/java.util.concurrent.LinkedBlockingQueue.poll(LinkedBlockingQueue.java:460)&#10;        at app//org.apache.hadoop.ipc.CallQueueManager.take(CallQueueManager.java:370)&#10;        at app//org.apache.hadoop.ipc.Server$Handler.run(Server.java:3165)&#10;&quot;Socket Reader #6 for port 15021&quot; daemon prio=5 tid=733 runnable&#10;java.lang.Thread.State: RUNNABLE&#10;        at java.base@21.0.8/sun.nio.ch.EPoll.wait(Native Method)&#10;        at java.base@21.0.8/sun.nio.ch.EPollSelectorImpl.doSelect(EPollSelectorImpl.java:121)&#10;        at java.base@21.0.8/sun.nio.ch.SelectorImpl.lockAndDoSelect(SelectorImpl.java:130)&#10;        at java.base@21.0.8/sun.nio.ch.SelectorImpl.select(SelectorImpl.java:147)&#10;        at app//org.apache.hadoop.ipc.Server$Listener$Reader.doRunLoop(Server.java:1497)&#10;        at app//org.apache.hadoop.ipc.Server$Listener$Reader.run(Server.java:1476)&#10;&quot;7d2db622-5327-4122-ba03-be97b5575303-DatanodeStateMachineDaemonThread&quot; daemon prio=10 tid=797 timed_waiting&#10;java.lang.Thread.State: TIMED_WAITING&#10;        at java.base@21.0.8/java.lang.Thread.sleep0(Native Method)&#10;        at java.base@21.0.8/java.lang.Thread.sleep(Thread.java:509)&#10;        at app//org.apache.hadoop.ozone.container.common.statemachine.DatanodeStateMachine.startStateMachineThread(DatanodeStateMachine.java:384)&#10;        at app//org.apache.hadoop.ozone.container.common.statemachine.DatanodeStateMachine.lambda$startDaemon$1(DatanodeStateMachine.java:571)&#10;        at app//org.apache.hadoop.ozone.container.common.statemachine.DatanodeStateMachine$$Lambda/0x00007f9d6ccb9cf8.run(Unknown Source)&#10;        at java.base@21.0.8/java.lang.Thread.runWith(Thread.java:1596)&#10;        at java.base@21.0.8/java.lang.Thread.run(Thread.java:1583)&#10;&quot;74afb32b-8e70-4799-b16c-dc9602d9dbb6-ChunkWriter-1-0&quot; daemon prio=5 tid=1020 in Object.wait()&#10;java.lang.Thread.State: WAITING (on object monitor)&#10;        at java.base@21.0.8/jdk.internal.misc.Unsafe.park(Native Method)&#10;        at java.base@21.0.8/java.util.concurrent.locks.LockSupport.park(LockSupport.java:371)&#10;        at java.base@21.0.8/java.util.concurrent.locks.AbstractQueuedSynchronizer$ConditionNode.block(AbstractQueuedSynchronizer.java:519)&#10;        at java.base@21.0.8/java.util.concurrent.ForkJoinPool.unmanagedBlock(ForkJoinPool.java:3780)&#10;        at java.base@21.0.8/java.util.concurrent.ForkJoinPool.managedBlock(ForkJoinPool.java:3725)&#10;        at java.base@21.0.8/java.util.concurrent.locks.AbstractQueuedSynchronizer$ConditionObject.await(AbstractQueuedSynchronizer.java:1712)&#10;        at java.base@21.0.8/java.util.concurrent.LinkedBlockingDeque.takeFirst(LinkedBlockingDeque.java:485)&#10;        at java.base@21.0.8/java.util.concurrent.LinkedBlockingDeque.take(LinkedBlockingDeque.java:673)&#10;        at java.base@21.0.8/java.util.concurrent.ThreadPoolExecutor.getTask(ThreadPoolExecutor.java:1070)&#10;        at java.base@21.0.8/java.util.concurrent.ThreadPoolExecutor.runWorker(ThreadPoolExecutor.java:1130)&#10;        at java.base@21.0.8/java.util.concurrent.ThreadPoolExecutor$Worker.run(ThreadPoolExecutor.java:642)&#10;        at java.base@21.0.8/java.lang.Thread.runWith(Thread.java:1596)&#10;        at java.base@21.0.8/java.lang.Thread.run(Thread.java:1583)&#10;&quot;74afb32b-8e70-4799-b16c-dc9602d9dbb6-DatanodeStateMachineTaskThread-1&quot;  prio=5 tid=1006 in Object.wait()&#10;java.lang.Thread.State: WAITING (on object monitor)&#10;        at java.base@21.0.8/jdk.internal.misc.Unsafe.park(Native Method)&#10;        at java.base@21.0.8/java.util.concurrent.locks.LockSupport.park(LockSupport.java:371)&#10;        at java.base@21.0.8/java.util.concurrent.locks.AbstractQueuedSynchronizer$ConditionNode.block(AbstractQueuedSynchronizer.java:519)&#10;        at java.base@21.0.8/java.util.concurrent.ForkJoinPool.unmanagedBlock(ForkJoinPool.java:3780)&#10;        at java.base@21.0.8/java.util.concurrent.ForkJoinPool.managedBlock(ForkJoinPool.java:3725)&#10;        at java.base@21.0.8/java.util.concurrent.locks.AbstractQueuedSynchronizer$ConditionObject.await(AbstractQueuedSynchronizer.java:1712)&#10;        at java.base@21.0.8/java.util.concurrent.LinkedBlockingQueue.take(LinkedBlockingQueue.java:435)&#10;        at java.base@21.0.8/java.util.concurrent.ThreadPoolExecutor.getTask(ThreadPoolExecutor.java:1070)&#10;        at java.base@21.0.8/java.util.concurrent.ThreadPoolExecutor.runWorker(ThreadPoolExecutor.java:1130)&#10;        at java.base@21.0.8/java.util.concurrent.ThreadPoolExecutor$Worker.run(ThreadPoolExecutor.java:642)&#10;        at java.base@21.0.8/java.lang.Thread.runWith(Thread.java:1596)&#10;        at java.base@21.0.8/java.lang.Thread.run(Thread.java:1583)&#10;&quot;Socket Reader #10 for port 15002&quot; daemon prio=5 tid=99 runnable&#10;java.lang.Thread.State: RUNNABLE&#10;        at java.base@21.0.8/sun.nio.ch.EPoll.wait(Native Method)&#10;        at java.base@21.0.8/sun.nio.ch.EPollSelectorImpl.doSelect(EPollSelectorImpl.java:121)&#10;        at java.base@21.0.8/sun.nio.ch.SelectorImpl.lockAndDoSelect(SelectorImpl.java:130)&#10;        at java.base@21.0.8/sun.nio.ch.SelectorImpl.select(SelectorImpl.java:147)&#10;        at app//org.apache.hadoop.ipc.Server$Listener$Reader.doRunLoop(Server.java:1497)&#10;        at app//org.apache.hadoop.ipc.Server$Listener$Reader.run(Server.java:1476)&#10;&quot;IPC Server handler 4 on default port 15002&quot; daemon prio=5 tid=124 timed_waiting&#10;java.lang.Thread.State: TIMED_WAITING&#10;        at java.base@21.0.8/jdk.internal.misc.Unsafe.park(Native Method)&#10;        at java.base@21.0.8/java.util.concurrent.locks.LockSupport.parkNanos(LockSupport.java:269)&#10;        at java.base@21.0.8/java.util.concurrent.locks.AbstractQueuedSynchronizer$ConditionObject.awaitNanos(AbstractQueuedSynchronizer.java:1763)&#10;        at java.base@21.0.8/java.util.concurrent.LinkedBlockingQueue.poll(LinkedBlockingQueue.java:460)&#10;        at app//org.apache.hadoop.ipc.CallQueueManager.take(CallQueueManager.java:370)&#10;        at app//org.apache.hadoop.ipc.Server$Handler.run(Server.java:3165)&#10;&quot;IPC Server handler 15 on default port 15001&quot; daemon prio=5 tid=573 timed_waiting&#10;java.lang.Thread.State: TIMED_WAITING&#10;        at java.base@21.0.8/jdk.internal.misc.Unsafe.park(Native Method)&#10;        at java.base@21.0.8/java.util.concurrent.locks.LockSupport.parkNanos(LockSupport.java:269)&#10;        at java.base@21.0.8/java.util.concurrent.locks.AbstractQueuedSynchronizer$ConditionObject.awaitNanos(AbstractQueuedSynchronizer.java:1763)&#10;        at java.base@21.0.8/java.util.concurrent.LinkedBlockingQueue.poll(LinkedBlockingQueue.java:460)&#10;        at app//org.apache.hadoop.ipc.CallQueueManager.take(CallQueueManager.java:370)&#10;        at app//org.apache.hadoop.ipc.Server$Handler.run(Server.java:3165)&#10;&quot;7d2db622-5327-4122-ba03-be97b5575303-CreatePipelineCommandHandlerThread-0&quot;  prio=5 tid=1081 in Object.wait()&#10;java.lang.Thread.State: WAITING (on object monitor)&#10;        at java.base@21.0.8/jdk.internal.misc.Unsafe.park(Native Method)&#10;        at java.base@21.0.8/java.util.concurrent.locks.LockSupport.park(LockSupport.java:371)&#10;        at java.base@21.0.8/java.util.concurrent.locks.AbstractQueuedSynchronizer$ConditionNode.block(AbstractQueuedSynchronizer.java:519)&#10;        at java.base@21.0.8/java.util.concurrent.ForkJoinPool.unmanagedBlock(ForkJoinPool.java:3780)&#10;        at java.base@21.0.8/java.util.concurrent.ForkJoinPool.managedBlock(ForkJoinPool.java:3725)&#10;        at java.base@21.0.8/java.util.concurrent.locks.AbstractQueuedSynchronizer$ConditionObject.await(AbstractQueuedSynchronizer.java:1712)&#10;        at java.base@21.0.8/java.util.concurrent.LinkedBlockingQueue.take(LinkedBlockingQueue.java:435)&#10;        at java.base@21.0.8/java.util.concurrent.ThreadPoolExecutor.getTask(ThreadPoolExecutor.java:1070)&#10;        at java.base@21.0.8/java.util.concurrent.ThreadPoolExecutor.runWorker(ThreadPoolExecutor.java:1130)&#10;        at java.base@21.0.8/java.util.concurrent.ThreadPoolExecutor$Worker.run(ThreadPoolExecutor.java:642)&#10;        at java.base@21.0.8/java.lang.Thread.runWith(Thread.java:1596)&#10;        at java.base@21.0.8/java.lang.Thread.run(Thread.java:1583)&#10;&quot;IPC Server handler 41 on default port 15004&quot; daemon prio=5 tid=379 timed_waiting&#10;java.lang.Thread.State: TIMED_WAITING&#10;        at java.base@21.0.8/jdk.internal.misc.Unsafe.park(Native Method)&#10;        at java.base@21.0.8/java.util.concurrent.locks.LockSupport.parkNanos(LockSupport.java:269)&#10;        at java.base@21.0.8/java.util.concurrent.locks.AbstractQueuedSynchronizer$ConditionObject.awaitNanos(AbstractQueuedSynchronizer.java:1763)&#10;        at java.base@21.0.8/java.util.concurrent.LinkedBlockingQueue.poll(LinkedBlockingQueue.java:460)&#10;        at app//org.apache.hadoop.ipc.CallQueueManager.take(CallQueueManager.java:370)&#10;        at app//org.apache.hadoop.ipc.Server$Handler.run(Server.java:3165)&#10;&quot;Recon-FixedThreadPoolWithAffinityExecutor-8-0&quot; daemon prio=5 tid=542 timed_waiting&#10;java.lang.Thread.State: TIMED_WAITING&#10;        at java.base@21.0.8/jdk.internal.misc.Unsafe.park(Native Method)&#10;        at java.base@21.0.8/java.util.concurrent.locks.LockSupport.parkNanos(LockSupport.java:269)&#10;        at java.base@21.0.8/java.util.concurrent.locks.AbstractQueuedSynchronizer$ConditionObject.awaitNanos(AbstractQueuedSynchronizer.java:1763)&#10;        at java.base@21.0.8/java.util.concurrent.LinkedBlockingQueue.poll(LinkedBlockingQueue.java:460)&#10;        at app//org.apache.hadoop.hdds.scm.server.ContainerReportQueue.poll(ContainerReportQueue.java:269)&#10;        at app//org.apache.hadoop.hdds.scm.server.ContainerReportQueue.poll(ContainerReportQueue.java:42)&#10;        at app//org.apache.hadoop.hdds.server.events.FixedThreadPoolWithAffinityExecutor$ContainerReportProcessTask.run(FixedThreadPoolWithAffinityExecutor.java:228)&#10;        at java.base@21.0.8/java.util.concurrent.Executors$RunnableAdapter.call(Executors.java:572)&#10;        at java.base@21.0.8/java.util.concurrent.FutureTask.run(FutureTask.java:317)&#10;        at java.base@21.0.8/java.util.concurrent.ThreadPoolExecutor.runWorker(ThreadPoolExecutor.java:1144)&#10;        at java.base@21.0.8/java.util.concurrent.ThreadPoolExecutor$Worker.run(ThreadPoolExecutor.java:642)&#10;        at java.base@21.0.8/java.lang.Thread.runWith(Thread.java:1596)&#10;        at java.base@21.0.8/java.lang.Thread.run(Thread.java:1583)&#10;&quot;IPC Server handler 85 on default port 15004&quot; daemon prio=5 tid=423 timed_waiting&#10;java.lang.Thread.State: TIMED_WAITING&#10;        at java.base@21.0.8/jdk.internal.misc.Unsafe.park(Native Method)&#10;        at java.base@21.0.8/java.util.concurrent.locks.LockSupport.parkNanos(LockSupport.java:269)&#10;        at java.base@21.0.8/java.util.concurrent.locks.AbstractQueuedSynchronizer$ConditionObject.awaitNanos(AbstractQueuedSynchronizer.java:1763)&#10;        at java.base@21.0.8/java.util.concurrent.LinkedBlockingQueue.poll(LinkedBlockingQueue.java:460)&#10;        at app//org.apache.hadoop.ipc.CallQueueManager.take(CallQueueManager.java:370)&#10;        at app//org.apache.hadoop.ipc.Server$Handler.run(Server.java:3165)&#10;&quot;IPC Server handler 6 on default port 15008&quot; daemon prio=5 tid=498 timed_waiting&#10;java.lang.Thread.State: TIMED_WAITING&#10;        at java.base@21.0.8/jdk.internal.misc.Unsafe.park(Native Method)&#10;        at java.base@21.0.8/java.util.concurrent.locks.LockSupport.parkNanos(LockSupport.java:269)&#10;        at java.base@21.0.8/java.util.concurrent.locks.AbstractQueuedSynchronizer$ConditionObject.awaitNanos(AbstractQueuedSynchronizer.java:1763)&#10;        at java.base@21.0.8/java.util.concurrent.LinkedBlockingQueue.poll(LinkedBlockingQueue.java:460)&#10;        at app//org.apache.hadoop.ipc.CallQueueManager.take(CallQueueManager.java:370)&#10;        at app//org.apache.hadoop.ipc.Server$Handler.run(Server.java:3165)&#10;&quot;IPC Server handler 54 on default port 15004&quot; daemon prio=5 tid=392 timed_waiting&#10;java.lang.Thread.State: TIMED_WAITING&#10;        at java.base@21.0.8/jdk.internal.misc.Unsafe.park(Native Method)&#10;        at java.base@21.0.8/java.util.concurrent.locks.LockSupport.parkNanos(LockSupport.java:269)&#10;        at java.base@21.0.8/java.util.concurrent.locks.AbstractQueuedSynchronizer$ConditionObject.awaitNanos(AbstractQueuedSynchronizer.java:1763)&#10;        at java.base@21.0.8/java.util.concurrent.LinkedBlockingQueue.poll(LinkedBlockingQueue.java:460)&#10;        at app//org.apache.hadoop.ipc.CallQueueManager.take(CallQueueManager.java:370)&#10;        at app//org.apache.hadoop.ipc.Server$Handler.run(Server.java:3165)&#10;&quot;IPC Server handler 36 on default port 15001&quot; daemon prio=5 tid=594 timed_waiting&#10;java.lang.Thread.State: TIMED_WAITING&#10;        at java.base@21.0.8/jdk.internal.misc.Unsafe.park(Native Method)&#10;        at java.base@21.0.8/java.util.concurrent.locks.LockSupport.parkNanos(LockSupport.java:269)&#10;        at java.base@21.0.8/java.util.concurrent.locks.AbstractQueuedSynchronizer$ConditionObject.awaitNanos(AbstractQueuedSynchronizer.java:1763)&#10;        at java.base@21.0.8/java.util.concurrent.LinkedBlockingQueue.poll(LinkedBlockingQueue.java:460)&#10;        at app//org.apache.hadoop.ipc.CallQueueManager.take(CallQueueManager.java:370)&#10;        at app//org.apache.hadoop.ipc.Server$Handler.run(Server.java:3165)&#10;&quot;IPC Server handler 10 on default port 15002&quot; daemon prio=5 tid=130 timed_waiting&#10;java.lang.Thread.State: TIMED_WAITING&#10;        at java.base@21.0.8/jdk.internal.misc.Unsafe.park(Native Method)&#10;        at java.base@21.0.8/java.util.concurrent.locks.LockSupport.parkNanos(LockSupport.java:269)&#10;        at java.base@21.0.8/java.util.concurrent.locks.AbstractQueuedSynchronizer$ConditionObject.awaitNanos(AbstractQueuedSynchronizer.java:1763)&#10;        at java.base@21.0.8/java.util.concurrent.LinkedBlockingQueue.poll(LinkedBlockingQueue.java:460)&#10;        at app//org.apache.hadoop.ipc.CallQueueManager.take(CallQueueManager.java:370)&#10;        at app//org.apache.hadoop.ipc.Server$Handler.run(Server.java:3165)&#10;&quot;Socket Reader #4 for port 15003&quot; daemon prio=5 tid=79 runnable&#10;java.lang.Thread.State: RUNNABLE&#10;        at java.base@21.0.8/sun.nio.ch.EPoll.wait(Native Method)&#10;        at java.base@21.0.8/sun.nio.ch.EPollSelectorImpl.doSelect(EPollSelectorImpl.java:121)&#10;        at java.base@21.0.8/sun.nio.ch.SelectorImpl.lockAndDoSelect(SelectorImpl.java:130)&#10;        at java.base@21.0.8/sun.nio.ch.SelectorImpl.select(SelectorImpl.java:147)&#10;        at app//org.apache.hadoop.ipc.Server$Listener$Reader.doRunLoop(Server.java:1497)&#10;        at app//org.apache.hadoop.ipc.Server$Listener$Reader.run(Server.java:1476)&#10;&quot;IPC Server handler 58 on default port 15004&quot; daemon prio=5 tid=396 timed_waiting&#10;java.lang.Thread.State: TIMED_WAITING&#10;        at java.base@21.0.8/jdk.internal.misc.Unsafe.park(Native Method)&#10;        at java.base@21.0.8/java.util.concurrent.locks.LockSupport.parkNanos(LockSupport.java:269)&#10;        at java.base@21.0.8/java.util.concurrent.locks.AbstractQueuedSynchronizer$ConditionObject.awaitNanos(AbstractQueuedSynchronizer.java:1763)&#10;        at java.base@21.0.8/java.util.concurrent.LinkedBlockingQueue.poll(LinkedBlockingQueue.java:460)&#10;        at app//org.apache.hadoop.ipc.CallQueueManager.take(CallQueueManager.java:370)&#10;        at app//org.apache.hadoop.ipc.Server$Handler.run(Server.java:3165)&#10;&quot;IPC Server handler 4 on default port 15021&quot; daemon prio=5 tid=745 timed_waiting&#10;java.lang.Thread.State: TIMED_WAITING&#10;        at java.base@21.0.8/jdk.internal.misc.Unsafe.park(Native Method)&#10;        at java.base@21.0.8/java.util.concurrent.locks.LockSupport.parkNanos(LockSupport.java:269)&#10;        at java.base@21.0.8/java.util.concurrent.locks.AbstractQueuedSynchronizer$ConditionObject.awaitNanos(AbstractQueuedSynchronizer.java:1763)&#10;        at java.base@21.0.8/java.util.concurrent.LinkedBlockingQueue.poll(LinkedBlockingQueue.java:460)&#10;        at app//org.apache.hadoop.ipc.CallQueueManager.take(CallQueueManager.java:370)&#10;        at app//org.apache.hadoop.ipc.Server$Handler.run(Server.java:3165)&#10;&quot;IPC Server handler 4 on default port 15037&quot; daemon prio=5 tid=868 timed_waiting&#10;java.lang.Thread.State: TIMED_WAITING&#10;        at java.base@21.0.8/jdk.internal.misc.Unsafe.park(Native Method)&#10;        at java.base@21.0.8/java.util.concurrent.locks.LockSupport.parkNanos(LockSupport.java:269)&#10;        at java.base@21.0.8/java.util.concurrent.locks.AbstractQueuedSynchronizer$ConditionObject.awaitNanos(AbstractQueuedSynchronizer.java:1763)&#10;        at java.base@21.0.8/java.util.concurrent.LinkedBlockingQueue.poll(LinkedBlockingQueue.java:460)&#10;        at app//org.apache.hadoop.ipc.CallQueueManager.take(CallQueueManager.java:370)&#10;        at app//org.apache.hadoop.ipc.Server$Handler.run(Server.java:3165)&#10;&quot;qtp133286137-485-acceptor-0@45bbbc23-ServerConnector@101279c9{HTTP/1.1, (http/1.1)}{0.0.0.0:15009}&quot; daemon prio=3 tid=485 runnable&#10;java.lang.Thread.State: RUNNABLE&#10;        at java.base@21.0.8/sun.nio.ch.Net.accept(Native Method)&#10;        at java.base@21.0.8/sun.nio.ch.ServerSocketChannelImpl.implAccept(ServerSocketChannelImpl.java:433)&#10;        at java.base@21.0.8/sun.nio.ch.ServerSocketChannelImpl.accept(ServerSocketChannelImpl.java:399)&#10;        at app//org.eclipse.jetty.server.ServerConnector.accept(ServerConnector.java:388)&#10;        at app//org.eclipse.jetty.server.AbstractConnector$Acceptor.run(AbstractConnector.java:704)&#10;        at app//org.eclipse.jetty.util.thread.QueuedThreadPool.runJob(QueuedThreadPool.java:883)&#10;        at app//org.eclipse.jetty.util.thread.QueuedThreadPool$Runner.run(QueuedThreadPool.java:1034)&#10;        at java.base@21.0.8/java.lang.Thread.runWith(Thread.java:1596)&#10;        at java.base@21.0.8/java.lang.Thread.run(Thread.java:1583)&#10;&quot;StaleRecoveringContainerScrubbingService#0&quot; daemon prio=5 tid=900 in Object.wait()&#10;java.lang.Thread.State: WAITING (on object monitor)&#10;        at java.base@21.0.8/jdk.internal.misc.Unsafe.park(Native Method)&#10;        at java.base@21.0.8/java.util.concurrent.locks.LockSupport.park(LockSupport.java:371)&#10;        at java.base@21.0.8/java.util.concurrent.locks.AbstractQueuedSynchronizer$ConditionNode.block(AbstractQueuedSynchronizer.java:519)&#10;        at java.base@21.0.8/java.util.concurrent.ForkJoinPool.unmanagedBlock(ForkJoinPool.java:3780)&#10;        at java.base@21.0.8/java.util.concurrent.ForkJoinPool.managedBlock(ForkJoinPool.java:3725)&#10;        at java.base@21.0.8/java.util.concurrent.locks.AbstractQueuedSynchronizer$ConditionObject.await(AbstractQueuedSynchronizer.java:1712)&#10;        at java.base@21.0.8/java.util.concurrent.ScheduledThreadPoolExecutor$DelayedWorkQueue.take(ScheduledThreadPoolExecutor.java:1177)&#10;        at java.base@21.0.8/java.util.concurrent.ScheduledThreadPoolExecutor$DelayedWorkQueue.take(ScheduledThreadPoolExecutor.java:899)&#10;        at java.base@21.0.8/java.util.concurrent.ThreadPoolExecutor.getTask(ThreadPoolExecutor.java:1070)&#10;        at java.base@21.0.8/java.util.concurrent.ThreadPoolExecutor.runWorker(ThreadPoolExecutor.java:1130)&#10;        at java.base@21.0.8/java.util.concurrent.ThreadPoolExecutor$Worker.run(ThreadPoolExecutor.java:642)&#10;        at java.base@21.0.8/java.lang.Thread.runWith(Thread.java:1596)&#10;        at java.base@21.0.8/java.lang.Thread.run(Thread.java:1583)&#10;&quot;7d2db622-5327-4122-ba03-be97b5575303-CloseContainerThread-0&quot;  prio=5 tid=1294 in Object.wait()&#10;java.lang.Thread.State: WAITING (on object monitor)&#10;        at java.base@21.0.8/jdk.internal.misc.Unsafe.park(Native Method)&#10;        at java.base@21.0.8/java.util.concurrent.locks.LockSupport.park(LockSupport.java:371)&#10;        at java.base@21.0.8/java.util.concurrent.locks.AbstractQueuedSynchronizer$ConditionNode.block(AbstractQueuedSynchronizer.java:519)&#10;        at java.base@21.0.8/java.util.concurrent.ForkJoinPool.unmanagedBlock(ForkJoinPool.java:3780)&#10;        at java.base@21.0.8/java.util.concurrent.ForkJoinPool.managedBlock(ForkJoinPool.java:3725)&#10;        at java.base@21.0.8/java.util.concurrent.locks.AbstractQueuedSynchronizer$ConditionObject.await(AbstractQueuedSynchronizer.java:1712)&#10;        at java.base@21.0.8/java.util.concurrent.LinkedBlockingQueue.take(LinkedBlockingQueue.java:435)&#10;        at java.base@21.0.8/java.util.concurrent.ThreadPoolExecutor.getTask(ThreadPoolExecutor.java:1070)&#10;        at java.base@21.0.8/java.util.concurrent.ThreadPoolExecutor.runWorker(ThreadPoolExecutor.java:1130)&#10;        at java.base@21.0.8/java.util.concurrent.ThreadPoolExecutor$Worker.run(ThreadPoolExecutor.java:642)&#10;        at java.base@21.0.8/java.lang.Thread.runWith(Thread.java:1596)&#10;        at java.base@21.0.8/java.lang.Thread.run(Thread.java:1583)&#10;&quot;qtp1597424614-324&quot; daemon prio=5 tid=324 runnable&#10;java.lang.Thread.State: RUNNABLE&#10;        at java.base@21.0.8/sun.nio.ch.EPoll.wait(Native Method)&#10;        at java.base@21.0.8/sun.nio.ch.EPollSelectorImpl.doSelect(EPollSelectorImpl.java:121)&#10;        at java.base@21.0.8/sun.nio.ch.SelectorImpl.lockAndDoSelect(SelectorImpl.java:130)&#10;        at java.base@21.0.8/sun.nio.ch.SelectorImpl.select(SelectorImpl.java:147)&#10;        at app//org.eclipse.jetty.io.ManagedSelector.nioSelect(ManagedSelector.java:183)&#10;        at app//org.eclipse.jetty.io.ManagedSelector.select(ManagedSelector.java:190)&#10;        at app//org.eclipse.jetty.io.ManagedSelector$SelectorProducer.select(ManagedSelector.java:606)&#10;        at app//org.eclipse.jetty.io.ManagedSelector$SelectorProducer.produce(ManagedSelector.java:543)&#10;        at app//org.eclipse.jetty.util.thread.strategy.EatWhatYouKill.produceTask(EatWhatYouKill.java:362)&#10;        at app//org.eclipse.jetty.util.thread.strategy.EatWhatYouKill.doProduce(EatWhatYouKill.java:186)&#10;        at app//org.eclipse.jetty.util.thread.strategy.EatWhatYouKill.tryProduce(EatWhatYouKill.java:173)&#10;        at app//org.eclipse.jetty.util.thread.strategy.EatWhatYouKill.produce(EatWhatYouKill.java:137)&#10;        at app//org.eclipse.jetty.io.ManagedSelector$$Lambda/0x00007f9d6c6e5f08.run(Unknown Source)&#10;        at app//org.eclipse.jetty.util.thread.QueuedThreadPool.runJob(QueuedThreadPool.java:883)&#10;        at app//org.eclipse.jetty.util.thread.QueuedThreadPool$Runner.run(QueuedThreadPool.java:1034)&#10;        at java.base@21.0.8/java.lang.Thread.runWith(Thread.java:1596)&#10;        at java.base@21.0.8/java.lang.Thread.run(Thread.java:1583)&#10;&quot;IPC Server handler 13 on default port 15001&quot; daemon prio=5 tid=571 timed_waiting&#10;java.lang.Thread.State: TIMED_WAITING&#10;        at java.base@21.0.8/jdk.internal.misc.Unsafe.park(Native Method)&#10;        at java.base@21.0.8/java.util.concurrent.locks.LockSupport.parkNanos(LockSupport.java:269)&#10;        at java.base@21.0.8/java.util.concurrent.locks.AbstractQueuedSynchronizer$ConditionObject.awaitNanos(AbstractQueuedSynchronizer.java:1763)&#10;        at java.base@21.0.8/java.util.concurrent.LinkedBlockingQueue.poll(LinkedBlockingQueue.java:460)&#10;        at app//org.apache.hadoop.ipc.CallQueueManager.take(CallQueueManager.java:370)&#10;        at app//org.apache.hadoop.ipc.Server$Handler.run(Server.java:3165)&#10;&quot;om1-groupManagement&quot; daemon prio=5 tid=447 in Object.wait()&#10;java.lang.Thread.State: WAITING (on object monitor)&#10;        at java.base@21.0.8/jdk.internal.misc.Unsafe.park(Native Method)&#10;        at java.base@21.0.8/java.util.concurrent.locks.LockSupport.park(LockSupport.java:371)&#10;        at java.base@21.0.8/java.util.concurrent.locks.AbstractQueuedSynchronizer$ConditionNode.block(AbstractQueuedSynchronizer.java:519)&#10;        at java.base@21.0.8/java.util.concurrent.ForkJoinPool.unmanagedBlock(ForkJoinPool.java:3780)&#10;        at java.base@21.0.8/java.util.concurrent.ForkJoinPool.managedBlock(ForkJoinPool.java:3725)&#10;        at java.base@21.0.8/java.util.concurrent.locks.AbstractQueuedSynchronizer$ConditionObject.await(AbstractQueuedSynchronizer.java:1712)&#10;        at java.base@21.0.8/java.util.concurrent.LinkedBlockingQueue.take(LinkedBlockingQueue.java:435)&#10;        at java.base@21.0.8/java.util.concurrent.ThreadPoolExecutor.getTask(ThreadPoolExecutor.java:1070)&#10;        at java.base@21.0.8/java.util.concurrent.ThreadPoolExecutor.runWorker(ThreadPoolExecutor.java:1130)&#10;        at java.base@21.0.8/java.util.concurrent.ThreadPoolExecutor$Worker.run(ThreadPoolExecutor.java:642)&#10;        at java.base@21.0.8/java.lang.Thread.runWith(Thread.java:1596)&#10;        at java.base@21.0.8/java.lang.Thread.run(Thread.java:1583)&#10;&quot;Socket Reader #8 for port 15045&quot; daemon prio=5 tid=928 runnable&#10;java.lang.Thread.State: RUNNABLE&#10;        at java.base@21.0.8/sun.nio.ch.EPoll.wait(Native Method)&#10;        at java.base@21.0.8/sun.nio.ch.EPollSelectorImpl.doSelect(EPollSelectorImpl.java:121)&#10;        at java.base@21.0.8/sun.nio.ch.SelectorImpl.lockAndDoSelect(SelectorImpl.java:130)&#10;        at java.base@21.0.8/sun.nio.ch.SelectorImpl.select(SelectorImpl.java:147)&#10;        at app//org.apache.hadoop.ipc.Server$Listener$Reader.doRunLoop(Server.java:1497)&#10;        at app//org.apache.hadoop.ipc.Server$Listener$Reader.run(Server.java:1476)&#10;&quot;04372c61-9371-4ab6-9533-e94413dada7c@group-A668C086C089-LeaderStateImpl&quot; daemon prio=5 tid=336 timed_waiting&#10;java.lang.Thread.State: TIMED_WAITING&#10;        at java.base@21.0.8/jdk.internal.misc.Unsafe.park(Native Method)&#10;        at java.base@21.0.8/java.util.concurrent.locks.LockSupport.parkNanos(LockSupport.java:269)&#10;        at java.base@21.0.8/java.util.concurrent.locks.AbstractQueuedSynchronizer$ConditionObject.awaitNanos(AbstractQueuedSynchronizer.java:1763)&#10;        at java.base@21.0.8/java.util.concurrent.ArrayBlockingQueue.poll(ArrayBlockingQueue.java:435)&#10;        at app//org.apache.ratis.server.impl.LeaderStateImpl$EventQueue.poll(LeaderStateImpl.java:168)&#10;        at app//org.apache.ratis.server.impl.LeaderStateImpl$EventProcessor.run(LeaderStateImpl.java:761)&#10;&quot;IPC Server handler 99 on default port 15001&quot; daemon prio=5 tid=657 timed_waiting&#10;java.lang.Thread.State: TIMED_WAITING&#10;        at java.base@21.0.8/jdk.internal.misc.Unsafe.park(Native Method)&#10;        at java.base@21.0.8/java.util.concurrent.locks.LockSupport.parkNanos(LockSupport.java:269)&#10;        at java.base@21.0.8/java.util.concurrent.locks.AbstractQueuedSynchronizer$ConditionObject.awaitNanos(AbstractQueuedSynchronizer.java:1763)&#10;        at java.base@21.0.8/java.util.concurrent.LinkedBlockingQueue.poll(LinkedBlockingQueue.java:460)&#10;        at app//org.apache.hadoop.ipc.CallQueueManager.take(CallQueueManager.java:370)&#10;        at app//org.apache.hadoop.ipc.Server$Handler.run(Server.java:3165)&#10;&quot;Socket Reader #3 for port 15001&quot; daemon prio=5 tid=523 runnable&#10;java.lang.Thread.State: RUNNABLE&#10;        at java.base@21.0.8/sun.nio.ch.EPoll.wait(Native Method)&#10;        at java.base@21.0.8/sun.nio.ch.EPollSelectorImpl.doSelect(EPollSelectorImpl.java:121)&#10;        at java.base@21.0.8/sun.nio.ch.SelectorImpl.lockAndDoSelect(SelectorImpl.java:130)&#10;        at java.base@21.0.8/sun.nio.ch.SelectorImpl.select(SelectorImpl.java:147)&#10;        at app//org.apache.hadoop.ipc.Server$Listener$Reader.doRunLoop(Server.java:1497)&#10;        at app//org.apache.hadoop.ipc.Server$Listener$Reader.run(Server.java:1476)&#10;&quot;IPC Server handler 21 on default port 15002&quot; daemon prio=5 tid=141 timed_waiting&#10;java.lang.Thread.State: TIMED_WAITING&#10;        at java.base@21.0.8/jdk.internal.misc.Unsafe.park(Native Method)&#10;        at java.base@21.0.8/java.util.concurrent.locks.LockSupport.parkNanos(LockSupport.java:269)&#10;        at java.base@21.0.8/java.util.concurrent.locks.AbstractQueuedSynchronizer$ConditionObject.awaitNanos(AbstractQueuedSynchronizer.java:1763)&#10;        at java.base@21.0.8/java.util.concurrent.LinkedBlockingQueue.poll(LinkedBlockingQueue.java:460)&#10;        at app//org.apache.hadoop.ipc.CallQueueManager.take(CallQueueManager.java:370)&#10;        at app//org.apache.hadoop.ipc.Server$Handler.run(Server.java:3165)&#10;&quot;IPC Server handler 79 on default port 15004&quot; daemon prio=5 tid=417 timed_waiting&#10;java.lang.Thread.State: TIMED_WAITING&#10;        at java.base@21.0.8/jdk.internal.misc.Unsafe.park(Native Method)&#10;        at java.base@21.0.8/java.util.concurrent.locks.LockSupport.parkNanos(LockSupport.java:269)&#10;        at java.base@21.0.8/java.util.concurrent.locks.AbstractQueuedSynchronizer$ConditionObject.awaitNanos(AbstractQueuedSynchronizer.java:1763)&#10;        at java.base@21.0.8/java.util.concurrent.LinkedBlockingQueue.poll(LinkedBlockingQueue.java:460)&#10;        at app//org.apache.hadoop.ipc.CallQueueManager.take(CallQueueManager.java:370)&#10;        at app//org.apache.hadoop.ipc.Server$Handler.run(Server.java:3165)&#10;&quot;Socket Reader #5 for port 15004&quot; daemon prio=5 tid=66 runnable&#10;java.lang.Thread.State: RUNNABLE&#10;        at java.base@21.0.8/sun.nio.ch.EPoll.wait(Native Method)&#10;        at java.base@21.0.8/sun.nio.ch.EPollSelectorImpl.doSelect(EPollSelectorImpl.java:121)&#10;        at java.base@21.0.8/sun.nio.ch.SelectorImpl.lockAndDoSelect(SelectorImpl.java:130)&#10;        at java.base@21.0.8/sun.nio.ch.SelectorImpl.select(SelectorImpl.java:147)&#10;        at app//org.apache.hadoop.ipc.Server$Listener$Reader.doRunLoop(Server.java:1497)&#10;        at app//org.apache.hadoop.ipc.Server$Listener$Reader.run(Server.java:1476)&#10;&quot;IPC Server handler 15 on default port 15002&quot; daemon prio=5 tid=135 timed_waiting&#10;java.lang.Thread.State: TIMED_WAITING&#10;        at java.base@21.0.8/jdk.internal.misc.Unsafe.park(Native Method)&#10;        at java.base@21.0.8/java.util.concurrent.locks.LockSupport.parkNanos(LockSupport.java:269)&#10;        at java.base@21.0.8/java.util.concurrent.locks.AbstractQueuedSynchronizer$ConditionObject.awaitNanos(AbstractQueuedSynchronizer.java:1763)&#10;        at java.base@21.0.8/java.util.concurrent.LinkedBlockingQueue.poll(LinkedBlockingQueue.java:460)&#10;        at app//org.apache.hadoop.ipc.CallQueueManager.take(CallQueueManager.java:370)&#10;        at app//org.apache.hadoop.ipc.Server$Handler.run(Server.java:3165)&#10;&quot;IPC Server handler 91 on default port 15004&quot; daemon prio=5 tid=429 timed_waiting&#10;java.lang.Thread.State: TIMED_WAITING&#10;        at java.base@21.0.8/jdk.internal.misc.Unsafe.park(Native Method)&#10;        at java.base@21.0.8/java.util.concurrent.locks.LockSupport.parkNanos(LockSupport.java:269)&#10;        at java.base@21.0.8/java.util.concurrent.locks.AbstractQueuedSynchronizer$ConditionObject.awaitNanos(AbstractQueuedSynchronizer.java:1763)&#10;        at java.base@21.0.8/java.util.concurrent.LinkedBlockingQueue.poll(LinkedBlockingQueue.java:460)&#10;        at app//org.apache.hadoop.ipc.CallQueueManager.take(CallQueueManager.java:370)&#10;        at app//org.apache.hadoop.ipc.Server$Handler.run(Server.java:3165)&#10;&quot;IPC Server Responder&quot; daemon prio=5 tid=862 runnable&#10;java.lang.Thread.State: RUNNABLE&#10;        at java.base@21.0.8/sun.nio.ch.EPoll.wait(Native Method)&#10;        at java.base@21.0.8/sun.nio.ch.EPollSelectorImpl.doSelect(EPollSelectorImpl.java:121)&#10;        at java.base@21.0.8/sun.nio.ch.SelectorImpl.lockAndDoSelect(SelectorImpl.java:130)&#10;        at java.base@21.0.8/sun.nio.ch.SelectorImpl.select(SelectorImpl.java:142)&#10;        at app//org.apache.hadoop.ipc.Server$Responder.doRunLoop(Server.java:1733)&#10;        at app//org.apache.hadoop.ipc.Server$Responder.run(Server.java:1716)&#10;&quot;IPC Server handler 56 on default port 15002&quot; daemon prio=5 tid=176 timed_waiting&#10;java.lang.Thread.State: TIMED_WAITING&#10;        at java.base@21.0.8/jdk.internal.misc.Unsafe.park(Native Method)&#10;        at java.base@21.0.8/java.util.concurrent.locks.LockSupport.parkNanos(LockSupport.java:269)&#10;        at java.base@21.0.8/java.util.concurrent.locks.AbstractQueuedSynchronizer$ConditionObject.awaitNanos(AbstractQueuedSynchronizer.java:1763)&#10;        at java.base@21.0.8/java.util.concurrent.LinkedBlockingQueue.poll(LinkedBlockingQueue.java:460)&#10;        at app//org.apache.hadoop.ipc.CallQueueManager.take(CallQueueManager.java:370)&#10;        at app//org.apache.hadoop.ipc.Server$Handler.run(Server.java:3165)&#10;&quot;IPC Server handler 60 on default port 15001&quot; daemon prio=5 tid=618 timed_waiting&#10;java.lang.Thread.State: TIMED_WAITING&#10;        at java.base@21.0.8/jdk.internal.misc.Unsafe.park(Native Method)&#10;        at java.base@21.0.8/java.util.concurrent.locks.LockSupport.parkNanos(LockSupport.java:269)&#10;        at java.base@21.0.8/java.util.concurrent.locks.AbstractQueuedSynchronizer$ConditionObject.awaitNanos(AbstractQueuedSynchronizer.java:1763)&#10;        at java.base@21.0.8/java.util.concurrent.LinkedBlockingQueue.poll(LinkedBlockingQueue.java:460)&#10;        at app//org.apache.hadoop.ipc.CallQueueManager.take(CallQueueManager.java:370)&#10;        at app//org.apache.hadoop.ipc.Server$Handler.run(Server.java:3165)&#10;&quot;timer7&quot; daemon prio=5 tid=1138 timed_waiting&#10;java.lang.Thread.State: TIMED_WAITING&#10;        at java.base@21.0.8/java.lang.Object.wait0(Native Method)&#10;        at java.base@21.0.8/java.lang.Object.wait(Object.java:366)&#10;        at java.base@21.0.8/java.util.TimerThread.mainLoop(Timer.java:563)&#10;        at java.base@21.0.8/java.util.TimerThread.run(Timer.java:516)&#10;&quot;IPC Server handler 34 on default port 15004&quot; daemon prio=5 tid=372 timed_waiting&#10;java.lang.Thread.State: TIMED_WAITING&#10;        at java.base@21.0.8/jdk.internal.misc.Unsafe.park(Native Method)&#10;        at java.base@21.0.8/java.util.concurrent.locks.LockSupport.parkNanos(LockSupport.java:269)&#10;        at java.base@21.0.8/java.util.concurrent.locks.AbstractQueuedSynchronizer$ConditionObject.awaitNanos(AbstractQueuedSynchronizer.java:1763)&#10;        at java.base@21.0.8/java.util.concurrent.LinkedBlockingQueue.poll(LinkedBlockingQueue.java:460)&#10;        at app//org.apache.hadoop.ipc.CallQueueManager.take(CallQueueManager.java:370)&#10;        at app//org.apache.hadoop.ipc.Server$Handler.run(Server.java:3165)&#10;&quot;IPC Server handler 71 on default port 15003&quot; daemon prio=5 tid=291 timed_waiting&#10;java.lang.Thread.State: TIMED_WAITING&#10;        at java.base@21.0.8/jdk.internal.misc.Unsafe.park(Native Method)&#10;        at java.base@21.0.8/java.util.concurrent.locks.LockSupport.parkNanos(LockSupport.java:269)&#10;        at java.base@21.0.8/java.util.concurrent.locks.AbstractQueuedSynchronizer$ConditionObject.awaitNanos(AbstractQueuedSynchronizer.java:1763)&#10;        at java.base@21.0.8/java.util.concurrent.LinkedBlockingQueue.poll(LinkedBlockingQueue.java:460)&#10;        at app//org.apache.hadoop.ipc.CallQueueManager.take(CallQueueManager.java:370)&#10;        at app//org.apache.hadoop.ipc.Server$Handler.run(Server.java:3165)&#10;&quot;7d2db622-5327-4122-ba03-be97b5575303-DatanodeStateMachineTaskThread-0&quot;  prio=5 tid=803 in Object.wait()&#10;java.lang.Thread.State: WAITING (on object monitor)&#10;        at java.base@21.0.8/jdk.internal.misc.Unsafe.park(Native Method)&#10;        at java.base@21.0.8/java.util.concurrent.locks.LockSupport.park(LockSupport.java:371)&#10;        at java.base@21.0.8/java.util.concurrent.locks.AbstractQueuedSynchronizer$ConditionNode.block(AbstractQueuedSynchronizer.java:519)&#10;        at java.base@21.0.8/java.util.concurrent.ForkJoinPool.unmanagedBlock(ForkJoinPool.java:3780)&#10;        at java.base@21.0.8/java.util.concurrent.ForkJoinPool.managedBlock(ForkJoinPool.java:3725)&#10;        at java.base@21.0.8/java.util.concurrent.locks.AbstractQueuedSynchronizer$ConditionObject.await(AbstractQueuedSynchronizer.java:1712)&#10;        at java.base@21.0.8/java.util.concurrent.LinkedBlockingQueue.take(LinkedBlockingQueue.java:435)&#10;        at java.base@21.0.8/java.util.concurrent.ThreadPoolExecutor.getTask(ThreadPoolExecutor.java:1070)&#10;        at java.base@21.0.8/java.util.concurrent.ThreadPoolExecutor.runWorker(ThreadPoolExecutor.java:1130)&#10;        at java.base@21.0.8/java.util.concurrent.ThreadPoolExecutor$Worker.run(ThreadPoolExecutor.java:642)&#10;        at java.base@21.0.8/java.lang.Thread.runWith(Thread.java:1596)&#10;        at java.base@21.0.8/java.lang.Thread.run(Thread.java:1583)&#10;&quot;Socket Reader #9 for port 15002&quot; daemon prio=5 tid=98 runnable&#10;java.lang.Thread.State: RUNNABLE&#10;        at java.base@21.0.8/sun.nio.ch.EPoll.wait(Native Method)&#10;        at java.base@21.0.8/sun.nio.ch.EPollSelectorImpl.doSelect(EPollSelectorImpl.java:121)&#10;        at java.base@21.0.8/sun.nio.ch.SelectorImpl.lockAndDoSelect(SelectorImpl.java:130)&#10;        at java.base@21.0.8/sun.nio.ch.SelectorImpl.select(SelectorImpl.java:147)&#10;        at app//org.apache.hadoop.ipc.Server$Listener$Reader.doRunLoop(Server.java:1497)&#10;        at app//org.apache.hadoop.ipc.Server$Listener$Reader.run(Server.java:1476)&#10;&quot;Socket Reader #5 for port 15037&quot; daemon prio=5 tid=855 runnable&#10;java.lang.Thread.State: RUNNABLE&#10;        at java.base@21.0.8/sun.nio.ch.EPoll.wait(Native Method)&#10;        at java.base@21.0.8/sun.nio.ch.EPollSelectorImpl.doSelect(EPollSelectorImpl.java:121)&#10;        at java.base@21.0.8/sun.nio.ch.SelectorImpl.lockAndDoSelect(SelectorImpl.java:130)&#10;        at java.base@21.0.8/sun.nio.ch.SelectorImpl.select(SelectorImpl.java:147)&#10;        at app//org.apache.hadoop.ipc.Server$Listener$Reader.doRunLoop(Server.java:1497)&#10;        at app//org.apache.hadoop.ipc.Server$Listener$Reader.run(Server.java:1476)&#10;&quot;Socket Reader #2 for port 15029&quot; daemon prio=5 tid=775 runnable&#10;java.lang.Thread.State: RUNNABLE&#10;        at java.base@21.0.8/sun.nio.ch.EPoll.wait(Native Method)&#10;        at java.base@21.0.8/sun.nio.ch.EPollSelectorImpl.doSelect(EPollSelectorImpl.java:121)&#10;        at java.base@21.0.8/sun.nio.ch.SelectorImpl.lockAndDoSelect(SelectorImpl.java:130)&#10;        at java.base@21.0.8/sun.nio.ch.SelectorImpl.select(SelectorImpl.java:147)&#10;        at app//org.apache.hadoop.ipc.Server$Listener$Reader.doRunLoop(Server.java:1497)&#10;        at app//org.apache.hadoop.ipc.Server$Listener$Reader.run(Server.java:1476)&#10;&quot;IPC Server handler 42 on default port 15003&quot; daemon prio=5 tid=262 timed_waiting&#10;java.lang.Thread.State: TIMED_WAITING&#10;        at java.base@21.0.8/jdk.internal.misc.Unsafe.park(Native Method)&#10;        at java.base@21.0.8/java.util.concurrent.locks.LockSupport.parkNanos(LockSupport.java:269)&#10;        at java.base@21.0.8/java.util.concurrent.locks.AbstractQueuedSynchronizer$ConditionObject.awaitNanos(AbstractQueuedSynchronizer.java:1763)&#10;        at java.base@21.0.8/java.util.concurrent.LinkedBlockingQueue.poll(LinkedBlockingQueue.java:460)&#10;        at app//org.apache.hadoop.ipc.CallQueueManager.take(CallQueueManager.java:370)&#10;        at app//org.apache.hadoop.ipc.Server$Handler.run(Server.java:3165)&#10;&quot;IPC Server handler 88 on default port 15004&quot; daemon prio=5 tid=426 timed_waiting&#10;java.lang.Thread.State: TIMED_WAITING&#10;        at java.base@21.0.8/jdk.internal.misc.Unsafe.park(Native Method)&#10;        at java.base@21.0.8/java.util.concurrent.locks.LockSupport.parkNanos(LockSupport.java:269)&#10;        at java.base@21.0.8/java.util.concurrent.locks.AbstractQueuedSynchronizer$ConditionObject.awaitNanos(AbstractQueuedSynchronizer.java:1763)&#10;        at java.base@21.0.8/java.util.concurrent.LinkedBlockingQueue.poll(LinkedBlockingQueue.java:460)&#10;        at app//org.apache.hadoop.ipc.CallQueueManager.take(CallQueueManager.java:370)&#10;        at app//org.apache.hadoop.ipc.Server$Handler.run(Server.java:3165)&#10;&quot;7d2db622-5327-4122-ba03-be97b5575303-DataNodeDiskCheckerThread-0&quot; daemon prio=5 tid=933 timed_waiting&#10;java.lang.Thread.State: TIMED_WAITING&#10;        at java.base@21.0.8/jdk.internal.misc.Unsafe.park(Native Method)&#10;        at java.base@21.0.8/java.util.concurrent.locks.LockSupport.parkNanos(LockSupport.java:410)&#10;        at java.base@21.0.8/java.util.concurrent.LinkedTransferQueue$DualNode.await(LinkedTransferQueue.java:452)&#10;        at java.base@21.0.8/java.util.concurrent.SynchronousQueue$Transferer.xferLifo(SynchronousQueue.java:194)&#10;        at java.base@21.0.8/java.util.concurrent.SynchronousQueue.xfer(SynchronousQueue.java:235)&#10;        at java.base@21.0.8/java.util.concurrent.SynchronousQueue.poll(SynchronousQueue.java:338)&#10;        at java.base@21.0.8/java.util.concurrent.ThreadPoolExecutor.getTask(ThreadPoolExecutor.java:1069)&#10;        at java.base@21.0.8/java.util.concurrent.ThreadPoolExecutor.runWorker(ThreadPoolExecutor.java:1130)&#10;        at java.base@21.0.8/java.util.concurrent.ThreadPoolExecutor$Worker.run(ThreadPoolExecutor.java:642)&#10;        at java.base@21.0.8/java.lang.Thread.runWith(Thread.java:1596)&#10;        at java.base@21.0.8/java.lang.Thread.run(Thread.java:1583)&#10;&quot;IPC Server handler 37 on default port 15001&quot; daemon prio=5 tid=595 timed_waiting&#10;java.lang.Thread.State: TIMED_WAITING&#10;        at java.base@21.0.8/jdk.internal.misc.Unsafe.park(Native Method)&#10;        at java.base@21.0.8/java.util.concurrent.locks.LockSupport.parkNanos(LockSupport.java:269)&#10;        at java.base@21.0.8/java.util.concurrent.locks.AbstractQueuedSynchronizer$ConditionObject.awaitNanos(AbstractQueuedSynchronizer.java:1763)&#10;        at java.base@21.0.8/java.util.concurrent.LinkedBlockingQueue.poll(LinkedBlockingQueue.java:460)&#10;        at app//org.apache.hadoop.ipc.CallQueueManager.take(CallQueueManager.java:370)&#10;        at app//org.apache.hadoop.ipc.Server$Handler.run(Server.java:3165)&#10;&quot;IPC Server handler 63 on default port 15001&quot; daemon prio=5 tid=621 timed_waiting&#10;java.lang.Thread.State: TIMED_WAITING&#10;        at java.base@21.0.8/jdk.internal.misc.Unsafe.park(Native Method)&#10;        at java.base@21.0.8/java.util.concurrent.locks.LockSupport.parkNanos(LockSupport.java:269)&#10;        at java.base@21.0.8/java.util.concurrent.locks.AbstractQueuedSynchronizer$ConditionObject.awaitNanos(AbstractQueuedSynchronizer.java:1763)&#10;        at java.base@21.0.8/java.util.concurrent.LinkedBlockingQueue.poll(LinkedBlockingQueue.java:460)&#10;        at app//org.apache.hadoop.ipc.CallQueueManager.take(CallQueueManager.java:370)&#10;        at app//org.apache.hadoop.ipc.Server$Handler.run(Server.java:3165)&#10;&quot;74afb32b-8e70-4799-b16c-dc9602d9dbb6-RocksDBCompactionThread-0&quot;  prio=5 tid=882 timed_waiting&#10;java.lang.Thread.State: TIMED_WAITING&#10;        at java.base@21.0.8/jdk.internal.misc.Unsafe.park(Native Method)&#10;        at java.base@21.0.8/java.util.concurrent.locks.LockSupport.parkNanos(LockSupport.java:269)&#10;        at java.base@21.0.8/java.util.concurrent.locks.AbstractQueuedSynchronizer$ConditionObject.awaitNanos(AbstractQueuedSynchronizer.java:1763)&#10;        at java.base@21.0.8/java.util.concurrent.ScheduledThreadPoolExecutor$DelayedWorkQueue.take(ScheduledThreadPoolExecutor.java:1182)&#10;        at java.base@21.0.8/java.util.concurrent.ScheduledThreadPoolExecutor$DelayedWorkQueue.take(ScheduledThreadPoolExecutor.java:899)&#10;        at java.base@21.0.8/java.util.concurrent.ThreadPoolExecutor.getTask(ThreadPoolExecutor.java:1070)&#10;        at java.base@21.0.8/java.util.concurrent.ThreadPoolExecutor.runWorker(ThreadPoolExecutor.java:1130)&#10;        at java.base@21.0.8/java.util.concurrent.ThreadPoolExecutor$Worker.run(ThreadPoolExecutor.java:642)&#10;        at java.base@21.0.8/java.lang.Thread.runWith(Thread.java:1596)&#10;        at java.base@21.0.8/java.lang.Thread.run(Thread.java:1583)&#10;&quot;fc0351b7-0c71-4a2a-a0ca-337e5c0b1c14-groupManagement&quot;  prio=5 tid=1087 in Object.wait()&#10;java.lang.Thread.State: WAITING (on object monitor)&#10;        at java.base@21.0.8/jdk.internal.misc.Unsafe.park(Native Method)&#10;        at java.base@21.0.8/java.util.concurrent.locks.LockSupport.park(LockSupport.java:371)&#10;        at java.base@21.0.8/java.util.concurrent.locks.AbstractQueuedSynchronizer$ConditionNode.block(AbstractQueuedSynchronizer.java:519)&#10;        at java.base@21.0.8/java.util.concurrent.ForkJoinPool.unmanagedBlock(ForkJoinPool.java:3780)&#10;        at java.base@21.0.8/java.util.concurrent.ForkJoinPool.managedBlock(ForkJoinPool.java:3725)&#10;        at java.base@21.0.8/java.util.concurrent.locks.AbstractQueuedSynchronizer$ConditionObject.await(AbstractQueuedSynchronizer.java:1712)&#10;        at java.base@21.0.8/java.util.concurrent.LinkedBlockingQueue.take(LinkedBlockingQueue.java:435)&#10;        at java.base@21.0.8/java.util.concurrent.ThreadPoolExecutor.getTask(ThreadPoolExecutor.java:1070)&#10;        at java.base@21.0.8/java.util.concurrent.ThreadPoolExecutor.runWorker(ThreadPoolExecutor.java:1130)&#10;        at java.base@21.0.8/java.util.concurrent.ThreadPoolExecutor$Worker.run(ThreadPoolExecutor.java:642)&#10;        at java.base@21.0.8/java.lang.Thread.runWith(Thread.java:1596)&#10;        at java.base@21.0.8/java.lang.Thread.run(Thread.java:1583)&#10;&quot;IPC Server handler 4 on default port 15001&quot; daemon prio=5 tid=562 timed_waiting&#10;java.lang.Thread.State: TIMED_WAITING&#10;        at java.base@21.0.8/jdk.internal.misc.Unsafe.park(Native Method)&#10;        at java.base@21.0.8/java.util.concurrent.locks.LockSupport.parkNanos(LockSupport.java:269)&#10;        at java.base@21.0.8/java.util.concurrent.locks.AbstractQueuedSynchronizer$ConditionObject.awaitNanos(AbstractQueuedSynchronizer.java:1763)&#10;        at java.base@21.0.8/java.util.concurrent.LinkedBlockingQueue.poll(LinkedBlockingQueue.java:460)&#10;        at app//org.apache.hadoop.ipc.CallQueueManager.take(CallQueueManager.java:370)&#10;        at app//org.apache.hadoop.ipc.Server$Handler.run(Server.java:3165)&#10;&quot;IPC Server handler 82 on default port 15001&quot; daemon prio=5 tid=640 timed_waiting&#10;java.lang.Thread.State: TIMED_WAITING&#10;        at java.base@21.0.8/jdk.internal.misc.Unsafe.park(Native Method)&#10;        at java.base@21.0.8/java.util.concurrent.locks.LockSupport.parkNanos(LockSupport.java:269)&#10;        at java.base@21.0.8/java.util.concurrent.locks.AbstractQueuedSynchronizer$ConditionObject.awaitNanos(AbstractQueuedSynchronizer.java:1763)&#10;        at java.base@21.0.8/java.util.concurrent.LinkedBlockingQueue.poll(LinkedBlockingQueue.java:460)&#10;        at app//org.apache.hadoop.ipc.CallQueueManager.take(CallQueueManager.java:370)&#10;        at app//org.apache.hadoop.ipc.Server$Handler.run(Server.java:3165)&#10;&quot;fc0351b7-0c71-4a2a-a0ca-337e5c0b1c14-DatanodeReportManager-3&quot; daemon prio=5 tid=878 in Object.wait()&#10;java.lang.Thread.State: WAITING (on object monitor)&#10;        at java.base@21.0.8/jdk.internal.misc.Unsafe.park(Native Method)&#10;        at java.base@21.0.8/java.util.concurrent.locks.LockSupport.parkNanos(LockSupport.java:269)&#10;        at java.base@21.0.8/java.util.concurrent.locks.AbstractQueuedSynchronizer$ConditionObject.awaitNanos(AbstractQueuedSynchronizer.java:1763)&#10;        at java.base@21.0.8/java.util.concurrent.ScheduledThreadPoolExecutor$DelayedWorkQueue.take(ScheduledThreadPoolExecutor.java:1182)&#10;        at java.base@21.0.8/java.util.concurrent.ScheduledThreadPoolExecutor$DelayedWorkQueue.take(ScheduledThreadPoolExecutor.java:899)&#10;        at java.base@21.0.8/java.util.concurrent.ThreadPoolExecutor.getTask(ThreadPoolExecutor.java:1070)&#10;        at java.base@21.0.8/java.util.concurrent.ThreadPoolExecutor.runWorker(ThreadPoolExecutor.java:1130)&#10;        at java.base@21.0.8/java.util.concurrent.ThreadPoolExecutor$Worker.run(ThreadPoolExecutor.java:642)&#10;        at java.base@21.0.8/java.lang.Thread.runWith(Thread.java:1596)&#10;        at java.base@21.0.8/java.lang.Thread.run(Thread.java:1583)&#10;&quot;BackgroundPipelineScrubber&quot; daemon prio=5 tid=55 timed_waiting&#10;java.lang.Thread.State: TIMED_WAITING&#10;        at java.base@21.0.8/java.lang.Object.wait0(Native Method)&#10;        at java.base@21.0.8/java.lang.Object.wait(Object.java:366)&#10;        at app//org.apache.hadoop.hdds.scm.ha.BackgroundSCMService.run(BackgroundSCMService.java:106)&#10;        at app//org.apache.hadoop.hdds.scm.ha.BackgroundSCMService$$Lambda/0x00007f9d6c505440.run(Unknown Source)&#10;        at java.base@21.0.8/java.lang.Thread.runWith(Thread.java:1596)&#10;        at java.base@21.0.8/java.lang.Thread.run(Thread.java:1583)&#10;&quot;7d2db622-5327-4122-ba03-be97b5575303@group-79D92D5C683F-cacheEviction-AwaitToRun&quot; daemon prio=5 tid=1082 in Object.wait()&#10;java.lang.Thread.State: WAITING (on object monitor)&#10;        at java.base@21.0.8/jdk.internal.misc.Unsafe.park(Native Method)&#10;        at java.base@21.0.8/java.util.concurrent.locks.LockSupport.park(LockSupport.java:371)&#10;        at java.base@21.0.8/java.util.concurrent.locks.AbstractQueuedSynchronizer$ConditionNode.block(AbstractQueuedSynchronizer.java:519)&#10;        at java.base@21.0.8/java.util.concurrent.ForkJoinPool.unmanagedBlock(ForkJoinPool.java:3780)&#10;        at java.base@21.0.8/java.util.concurrent.ForkJoinPool.managedBlock(ForkJoinPool.java:3725)&#10;        at java.base@21.0.8/java.util.concurrent.locks.AbstractQueuedSynchronizer$ConditionObject.await(AbstractQueuedSynchronizer.java:1712)&#10;        at app//org.apache.ratis.util.AwaitForSignal.await(AwaitForSignal.java:48)&#10;        at app//org.apache.ratis.util.AwaitToRun$RunnableImpl.run(AwaitToRun.java:47)&#10;        at java.base@21.0.8/java.lang.Thread.runWith(Thread.java:1596)&#10;        at java.base@21.0.8/java.lang.Thread.run(Thread.java:1583)&#10;&quot;IPC Server handler 21 on default port 15003&quot; daemon prio=5 tid=241 timed_waiting&#10;java.lang.Thread.State: TIMED_WAITING&#10;        at java.base@21.0.8/jdk.internal.misc.Unsafe.park(Native Method)&#10;        at java.base@21.0.8/java.util.concurrent.locks.LockSupport.parkNanos(LockSupport.java:269)&#10;        at java.base@21.0.8/java.util.concurrent.locks.AbstractQueuedSynchronizer$ConditionObject.awaitNanos(AbstractQueuedSynchronizer.java:1763)&#10;        at java.base@21.0.8/java.util.concurrent.LinkedBlockingQueue.poll(LinkedBlockingQueue.java:460)&#10;        at app//org.apache.hadoop.ipc.CallQueueManager.take(CallQueueManager.java:370)&#10;        at app//org.apache.hadoop.ipc.Server$Handler.run(Server.java:3165)&#10;&quot;IPC Server handler 3 on default port 15045&quot; daemon prio=5 tid=940 timed_waiting&#10;java.lang.Thread.State: TIMED_WAITING&#10;        at java.base@21.0.8/jdk.internal.misc.Unsafe.park(Native Method)&#10;        at java.base@21.0.8/java.util.concurrent.locks.LockSupport.parkNanos(LockSupport.java:269)&#10;        at java.base@21.0.8/java.util.concurrent.locks.AbstractQueuedSynchronizer$ConditionObject.awaitNanos(AbstractQueuedSynchronizer.java:1763)&#10;        at java.base@21.0.8/java.util.concurrent.LinkedBlockingQueue.poll(LinkedBlockingQueue.java:460)&#10;        at app//org.apache.hadoop.ipc.CallQueueManager.take(CallQueueManager.java:370)&#10;        at app//org.apache.hadoop.ipc.Server$Handler.run(Server.java:3165)&#10;&quot;IPC Server handler 9 on default port 15002&quot; daemon prio=5 tid=129 timed_waiting&#10;java.lang.Thread.State: TIMED_WAITING&#10;        at java.base@21.0.8/jdk.internal.misc.Unsafe.park(Native Method)&#10;        at java.base@21.0.8/java.util.concurrent.locks.LockSupport.parkNanos(LockSupport.java:269)&#10;        at java.base@21.0.8/java.util.concurrent.locks.AbstractQueuedSynchronizer$ConditionObject.awaitNanos(AbstractQueuedSynchronizer.java:1763)&#10;        at java.base@21.0.8/java.util.concurrent.LinkedBlockingQueue.poll(LinkedBlockingQueue.java:460)&#10;        at app//org.apache.hadoop.ipc.CallQueueManager.take(CallQueueManager.java:370)&#10;        at app//org.apache.hadoop.ipc.Server$Handler.run(Server.java:3165)&#10;&quot;Socket Reader #8 for port 15029&quot; daemon prio=5 tid=781 runnable&#10;java.lang.Thread.State: RUNNABLE&#10;        at java.base@21.0.8/sun.nio.ch.EPoll.wait(Native Method)&#10;        at java.base@21.0.8/sun.nio.ch.EPollSelectorImpl.doSelect(EPollSelectorImpl.java:121)&#10;        at java.base@21.0.8/sun.nio.ch.SelectorImpl.lockAndDoSelect(SelectorImpl.java:130)&#10;        at java.base@21.0.8/sun.nio.ch.SelectorImpl.select(SelectorImpl.java:147)&#10;        at app//org.apache.hadoop.ipc.Server$Listener$Reader.doRunLoop(Server.java:1497)&#10;        at app//org.apache.hadoop.ipc.Server$Listener$Reader.run(Server.java:1476)&#10;&quot;JvmPauseMonitor3&quot; daemon prio=5 tid=661 timed_waiting&#10;java.lang.Thread.State: TIMED_WAITING&#10;        at java.base@21.0.8/java.lang.Thread.sleep0(Native Method)&#10;        at java.base@21.0.8/java.lang.Thread.sleep(Thread.java:558)&#10;        at java.base@21.0.8/java.util.concurrent.TimeUnit.sleep(TimeUnit.java:446)&#10;        at app//org.apache.ratis.util.TimeDuration.sleep(TimeDuration.java:353)&#10;        at app//org.apache.ratis.util.TimeDuration.sleep(TimeDuration.java:338)&#10;        at app//org.apache.ratis.util.JvmPauseMonitor.detectPause(JvmPauseMonitor.java:160)&#10;        at app//org.apache.ratis.util.JvmPauseMonitor.run(JvmPauseMonitor.java:149)&#10;        at app//org.apache.ratis.util.JvmPauseMonitor$$Lambda/0x00007f9d6c3ae540.run(Unknown Source)&#10;        at java.base@21.0.8/java.lang.Thread.runWith(Thread.java:1596)&#10;        at java.base@21.0.8/java.lang.Thread.run(Thread.java:1583)&#10;&quot;grpc-default-worker-ELG-3-4&quot; daemon prio=5 tid=1058 runnable&#10;java.lang.Thread.State: RUNNABLE&#10;        at app//org.apache.ratis.thirdparty.io.netty.channel.epoll.Native.epollWait0(Native Method)&#10;        at app//org.apache.ratis.thirdparty.io.netty.channel.epoll.Native.epollWait(Native.java:193)&#10;        at app//org.apache.ratis.thirdparty.io.netty.channel.epoll.EpollEventLoop.epollWait(EpollEventLoop.java:304)&#10;        at app//org.apache.ratis.thirdparty.io.netty.channel.epoll.EpollEventLoop.run(EpollEventLoop.java:368)&#10;        at app//org.apache.ratis.thirdparty.io.netty.util.concurrent.SingleThreadEventExecutor$4.run(SingleThreadEventExecutor.java:998)&#10;        at app//org.apache.ratis.thirdparty.io.netty.util.internal.ThreadExecutorMap$2.run(ThreadExecutorMap.java:74)&#10;        at app//org.apache.ratis.thirdparty.io.netty.util.concurrent.FastThreadLocalRunnable.run(FastThreadLocalRunnable.java:30)&#10;        at java.base@21.0.8/java.lang.Thread.runWith(Thread.java:1596)&#10;        at java.base@21.0.8/java.lang.Thread.run(Thread.java:1583)&#10;&quot;IPC Server handler 60 on default port 15002&quot; daemon prio=5 tid=180 timed_waiting&#10;java.lang.Thread.State: TIMED_WAITING&#10;        at java.base@21.0.8/jdk.internal.misc.Unsafe.park(Native Method)&#10;        at java.base@21.0.8/java.util.concurrent.locks.LockSupport.parkNanos(LockSupport.java:269)&#10;        at java.base@21.0.8/java.util.concurrent.locks.AbstractQueuedSynchronizer$ConditionObject.awaitNanos(AbstractQueuedSynchronizer.java:1763)&#10;        at java.base@21.0.8/java.util.concurrent.LinkedBlockingQueue.poll(LinkedBlockingQueue.java:460)&#10;        at app//org.apache.hadoop.ipc.CallQueueManager.take(CallQueueManager.java:370)&#10;        at app//org.apache.hadoop.ipc.Server$Handler.run(Server.java:3165)&#10;&quot;FixedThreadPoolWithAffinityExecutor-1-0&quot; daemon prio=5 tid=104 timed_waiting&#10;java.lang.Thread.State: TIMED_WAITING&#10;        at java.base@21.0.8/jdk.internal.misc.Unsafe.park(Native Method)&#10;        at java.base@21.0.8/java.util.concurrent.locks.LockSupport.parkNanos(LockSupport.java:269)&#10;        at java.base@21.0.8/java.util.concurrent.locks.AbstractQueuedSynchronizer$ConditionObject.awaitNanos(AbstractQueuedSynchronizer.java:1763)&#10;        at java.base@21.0.8/java.util.concurrent.LinkedBlockingQueue.poll(LinkedBlockingQueue.java:460)&#10;        at app//org.apache.hadoop.hdds.scm.server.ContainerReportQueue.poll(ContainerReportQueue.java:269)&#10;        at app//org.apache.hadoop.hdds.scm.server.ContainerReportQueue.poll(ContainerReportQueue.java:42)&#10;        at app//org.apache.hadoop.hdds.server.events.FixedThreadPoolWithAffinityExecutor$ContainerReportProcessTask.run(FixedThreadPoolWithAffinityExecutor.java:228)&#10;        at java.base@21.0.8/java.util.concurrent.Executors$RunnableAdapter.call(Executors.java:572)&#10;        at java.base@21.0.8/java.util.concurrent.FutureTask.run(FutureTask.java:317)&#10;        at java.base@21.0.8/java.util.concurrent.ThreadPoolExecutor.runWorker(ThreadPoolExecutor.java:1144)&#10;        at java.base@21.0.8/java.util.concurrent.ThreadPoolExecutor$Worker.run(ThreadPoolExecutor.java:642)&#10;        at java.base@21.0.8/java.lang.Thread.runWith(Thread.java:1596)&#10;        at java.base@21.0.8/java.lang.Thread.run(Thread.java:1583)&#10;&quot;LeaseManager#LeaseMonitor&quot; daemon prio=5 tid=321 timed_waiting&#10;java.lang.Thread.State: TIMED_WAITING&#10;        at java.base@21.0.8/jdk.internal.misc.Unsafe.park(Native Method)&#10;        at java.base@21.0.8/java.util.concurrent.locks.LockSupport.parkNanos(LockSupport.java:269)&#10;        at java.base@21.0.8/java.util.concurrent.locks.AbstractQueuedSynchronizer.acquire(AbstractQueuedSynchronizer.java:756)&#10;        at java.base@21.0.8/java.util.concurrent.locks.AbstractQueuedSynchronizer.tryAcquireSharedNanos(AbstractQueuedSynchronizer.java:1126)&#10;        at java.base@21.0.8/java.util.concurrent.Semaphore.tryAcquire(Semaphore.java:415)&#10;        at app//org.apache.hadoop.ozone.lease.LeaseManager$LeaseMonitor.run(LeaseManager.java:283)&#10;        at java.base@21.0.8/java.lang.Thread.runWith(Thread.java:1596)&#10;        at java.base@21.0.8/java.lang.Thread.run(Thread.java:1583)&#10;&quot;Socket Reader #6 for port 15045&quot; daemon prio=5 tid=926 runnable&#10;java.lang.Thread.State: RUNNABLE&#10;        at java.base@21.0.8/sun.nio.ch.EPoll.wait(Native Method)&#10;        at java.base@21.0.8/sun.nio.ch.EPollSelectorImpl.doSelect(EPollSelectorImpl.java:121)&#10;        at java.base@21.0.8/sun.nio.ch.SelectorImpl.lockAndDoSelect(SelectorImpl.java:130)&#10;        at java.base@21.0.8/sun.nio.ch.SelectorImpl.select(SelectorImpl.java:147)&#10;        at app//org.apache.hadoop.ipc.Server$Listener$Reader.doRunLoop(Server.java:1497)&#10;        at app//org.apache.hadoop.ipc.Server$Listener$Reader.run(Server.java:1476)&#10;&quot;IPC Server handler 52 on default port 15001&quot; daemon prio=5 tid=610 timed_waiting&#10;java.lang.Thread.State: TIMED_WAITING&#10;        at java.base@21.0.8/jdk.internal.misc.Unsafe.park(Native Method)&#10;        at java.base@21.0.8/java.util.concurrent.locks.LockSupport.parkNanos(LockSupport.java:269)&#10;        at java.base@21.0.8/java.util.concurrent.locks.AbstractQueuedSynchronizer$ConditionObject.awaitNanos(AbstractQueuedSynchronizer.java:1763)&#10;        at java.base@21.0.8/java.util.concurrent.LinkedBlockingQueue.poll(LinkedBlockingQueue.java:460)&#10;        at app//org.apache.hadoop.ipc.CallQueueManager.take(CallQueueManager.java:370)&#10;        at app//org.apache.hadoop.ipc.Server$Handler.run(Server.java:3165)&#10;&quot;IPC Server handler 29 on default port 15004&quot; daemon prio=5 tid=367 timed_waiting&#10;java.lang.Thread.State: TIMED_WAITING&#10;        at java.base@21.0.8/jdk.internal.misc.Unsafe.park(Native Method)&#10;        at java.base@21.0.8/java.util.concurrent.locks.LockSupport.parkNanos(LockSupport.java:269)&#10;        at java.base@21.0.8/java.util.concurrent.locks.AbstractQueuedSynchronizer$ConditionObject.awaitNanos(AbstractQueuedSynchronizer.java:1763)&#10;        at java.base@21.0.8/java.util.concurrent.LinkedBlockingQueue.poll(LinkedBlockingQueue.java:460)&#10;        at app//org.apache.hadoop.ipc.CallQueueManager.take(CallQueueManager.java:370)&#10;        at app//org.apache.hadoop.ipc.Server$Handler.run(Server.java:3165)&#10;&quot;IPC Server handler 4 on default port 15029&quot; daemon prio=5 tid=791 timed_waiting&#10;java.lang.Thread.State: TIMED_WAITING&#10;        at java.base@21.0.8/jdk.internal.misc.Unsafe.park(Native Method)&#10;        at java.base@21.0.8/java.util.concurrent.locks.LockSupport.parkNanos(LockSupport.java:269)&#10;        at java.base@21.0.8/java.util.concurrent.locks.AbstractQueuedSynchronizer$ConditionObject.awaitNanos(AbstractQueuedSynchronizer.java:1763)&#10;        at java.base@21.0.8/java.util.concurrent.LinkedBlockingQueue.poll(LinkedBlockingQueue.java:460)&#10;        at app//org.apache.hadoop.ipc.CallQueueManager.take(CallQueueManager.java:370)&#10;        at app//org.apache.hadoop.ipc.Server$Handler.run(Server.java:3165)&#10;&quot;pool-35-thread-1&quot;  prio=5 tid=1293 timed_waiting&#10;java.lang.Thread.State: TIMED_WAITING&#10;        at java.base@21.0.8/jdk.internal.misc.Unsafe.park(Native Method)&#10;        at java.base@21.0.8/java.util.concurrent.locks.LockSupport.parkNanos(LockSupport.java:410)&#10;        at java.base@21.0.8/java.util.concurrent.LinkedTransferQueue$DualNode.await(LinkedTransferQueue.java:452)&#10;        at java.base@21.0.8/java.util.concurrent.SynchronousQueue$Transferer.xferLifo(SynchronousQueue.java:194)&#10;        at java.base@21.0.8/java.util.concurrent.SynchronousQueue.xfer(SynchronousQueue.java:235)&#10;        at java.base@21.0.8/java.util.concurrent.SynchronousQueue.poll(SynchronousQueue.java:338)&#10;        at java.base@21.0.8/java.util.concurrent.ThreadPoolExecutor.getTask(ThreadPoolExecutor.java:1069)&#10;        at java.base@21.0.8/java.util.concurrent.ThreadPoolExecutor.runWorker(ThreadPoolExecutor.java:1130)&#10;        at java.base@21.0.8/java.util.concurrent.ThreadPoolExecutor$Worker.run(ThreadPoolExecutor.java:642)&#10;        at java.base@21.0.8/java.lang.Thread.runWith(Thread.java:1596)&#10;        at java.base@21.0.8/java.lang.Thread.run(Thread.java:1583)&#10;&quot;IPC Server handler 14 on default port 15003&quot; daemon prio=5 tid=234 timed_waiting&#10;java.lang.Thread.State: TIMED_WAITING&#10;        at java.base@21.0.8/jdk.internal.misc.Unsafe.park(Native Method)&#10;        at java.base@21.0.8/java.util.concurrent.locks.LockSupport.parkNanos(LockSupport.java:269)&#10;        at java.base@21.0.8/java.util.concurrent.locks.AbstractQueuedSynchronizer$ConditionObject.awaitNanos(AbstractQueuedSynchronizer.java:1763)&#10;        at java.base@21.0.8/java.util.concurrent.LinkedBlockingQueue.poll(LinkedBlockingQueue.java:460)&#10;        at app//org.apache.hadoop.ipc.CallQueueManager.take(CallQueueManager.java:370)&#10;        at app//org.apache.hadoop.ipc.Server$Handler.run(Server.java:3165)&#10;&quot;IPC Server handler 6 on default port 15002&quot; daemon prio=5 tid=126 timed_waiting&#10;java.lang.Thread.State: TIMED_WAITING&#10;        at java.base@21.0.8/jdk.internal.misc.Unsafe.park(Native Method)&#10;        at java.base@21.0.8/java.util.concurrent.locks.LockSupport.parkNanos(LockSupport.java:269)&#10;        at java.base@21.0.8/java.util.concurrent.locks.AbstractQueuedSynchronizer$ConditionObject.awaitNanos(AbstractQueuedSynchronizer.java:1763)&#10;        at java.base@21.0.8/java.util.concurrent.LinkedBlockingQueue.poll(LinkedBlockingQueue.java:460)&#10;        at app//org.apache.hadoop.ipc.CallQueueManager.take(CallQueueManager.java:370)&#10;        at app//org.apache.hadoop.ipc.Server$Handler.run(Server.java:3165)&#10;&quot;IPC Server handler 66 on default port 15004&quot; daemon prio=5 tid=404 timed_waiting&#10;java.lang.Thread.State: TIMED_WAITING&#10;        at java.base@21.0.8/jdk.internal.misc.Unsafe.park(Native Method)&#10;        at java.base@21.0.8/java.util.concurrent.locks.LockSupport.parkNanos(LockSupport.java:269)&#10;        at java.base@21.0.8/java.util.concurrent.locks.AbstractQueuedSynchronizer$ConditionObject.awaitNanos(AbstractQueuedSynchronizer.java:1763)&#10;        at java.base@21.0.8/java.util.concurrent.LinkedBlockingQueue.poll(LinkedBlockingQueue.java:460)&#10;        at app//org.apache.hadoop.ipc.CallQueueManager.take(CallQueueManager.java:370)&#10;        at app//org.apache.hadoop.ipc.Server$Handler.run(Server.java:3165)&#10;&quot;7d2db622-5327-4122-ba03-be97b5575303-EndpointStateMachineTaskThread-/127.0.0.1:15001-0 &quot;  prio=5 tid=918 in Object.wait()&#10;java.lang.Thread.State: WAITING (on object monitor)&#10;        at java.base@21.0.8/jdk.internal.misc.Unsafe.park(Native Method)&#10;        at java.base@21.0.8/java.util.concurrent.locks.LockSupport.park(LockSupport.java:371)&#10;        at java.base@21.0.8/java.util.concurrent.locks.AbstractQueuedSynchronizer$ConditionNode.block(AbstractQueuedSynchronizer.java:519)&#10;        at java.base@21.0.8/java.util.concurrent.ForkJoinPool.unmanagedBlock(ForkJoinPool.java:3780)&#10;        at java.base@21.0.8/java.util.concurrent.ForkJoinPool.managedBlock(ForkJoinPool.java:3725)&#10;        at java.base@21.0.8/java.util.concurrent.locks.AbstractQueuedSynchronizer$ConditionObject.await(AbstractQueuedSynchronizer.java:1712)&#10;        at java.base@21.0.8/java.util.concurrent.LinkedBlockingQueue.take(LinkedBlockingQueue.java:435)&#10;        at java.base@21.0.8/java.util.concurrent.ThreadPoolExecutor.getTask(ThreadPoolExecutor.java:1070)&#10;        at java.base@21.0.8/java.util.concurrent.ThreadPoolExecutor.runWorker(ThreadPoolExecutor.java:1130)&#10;        at java.base@21.0.8/java.util.concurrent.ThreadPoolExecutor$Worker.run(ThreadPoolExecutor.java:642)&#10;        at java.base@21.0.8/java.lang.Thread.runWith(Thread.java:1596)&#10;        at java.base@21.0.8/java.lang.Thread.run(Thread.java:1583)&#10;&quot;IPC Server handler 12 on default port 15001&quot; daemon prio=5 tid=570 timed_waiting&#10;java.lang.Thread.State: TIMED_WAITING&#10;        at java.base@21.0.8/jdk.internal.misc.Unsafe.park(Native Method)&#10;        at java.base@21.0.8/java.util.concurrent.locks.LockSupport.parkNanos(LockSupport.java:269)&#10;        at java.base@21.0.8/java.util.concurrent.locks.AbstractQueuedSynchronizer$ConditionObject.awaitNanos(AbstractQueuedSynchronizer.java:1763)&#10;        at java.base@21.0.8/java.util.concurrent.LinkedBlockingQueue.poll(LinkedBlockingQueue.java:460)&#10;        at app//org.apache.hadoop.ipc.CallQueueManager.take(CallQueueManager.java:370)&#10;        at app//org.apache.hadoop.ipc.Server$Handler.run(Server.java:3165)&#10;&quot;ForkJoinPool-1-worker-4&quot; daemon prio=5 tid=448 in Object.wait()&#10;java.lang.Thread.State: WAITING (on object monitor)&#10;        at java.base@21.0.8/jdk.internal.misc.Unsafe.park(Native Method)&#10;        at java.base@21.0.8/java.util.concurrent.locks.LockSupport.park(LockSupport.java:371)&#10;        at java.base@21.0.8/java.util.concurrent.ForkJoinPool.awaitWork(ForkJoinPool.java:1893)&#10;        at java.base@21.0.8/java.util.concurrent.ForkJoinPool.runWorker(ForkJoinPool.java:1809)&#10;        at java.base@21.0.8/java.util.concurrent.ForkJoinWorkerThread.run(ForkJoinWorkerThread.java:188)&#10;&quot;IPC Server handler 78 on default port 15004&quot; daemon prio=5 tid=416 timed_waiting&#10;java.lang.Thread.State: TIMED_WAITING&#10;        at java.base@21.0.8/jdk.internal.misc.Unsafe.park(Native Method)&#10;        at java.base@21.0.8/java.util.concurrent.locks.LockSupport.parkNanos(LockSupport.java:269)&#10;        at java.base@21.0.8/java.util.concurrent.locks.AbstractQueuedSynchronizer$ConditionObject.awaitNanos(AbstractQueuedSynchronizer.java:1763)&#10;        at java.base@21.0.8/java.util.concurrent.LinkedBlockingQueue.poll(LinkedBlockingQueue.java:460)&#10;        at app//org.apache.hadoop.ipc.CallQueueManager.take(CallQueueManager.java:370)&#10;        at app//org.apache.hadoop.ipc.Server$Handler.run(Server.java:3165)&#10;&quot;c11f8a16-55ee-4f22-a5a5-7daf2dffa753-RocksDBCompactionThread-0&quot;  prio=5 tid=713 timed_waiting&#10;java.lang.Thread.State: TIMED_WAITING&#10;        at java.base@21.0.8/jdk.internal.misc.Unsafe.park(Native Method)&#10;        at java.base@21.0.8/java.util.concurrent.locks.LockSupport.parkNanos(LockSupport.java:269)&#10;        at java.base@21.0.8/java.util.concurrent.locks.AbstractQueuedSynchronizer$ConditionObject.awaitNanos(AbstractQueuedSynchronizer.java:1763)&#10;        at java.base@21.0.8/java.util.concurrent.ScheduledThreadPoolExecutor$DelayedWorkQueue.take(ScheduledThreadPoolExecutor.java:1182)&#10;        at java.base@21.0.8/java.util.concurrent.ScheduledThreadPoolExecutor$DelayedWorkQueue.take(ScheduledThreadPoolExecutor.java:899)&#10;        at java.base@21.0.8/java.util.concurrent.ThreadPoolExecutor.getTask(ThreadPoolExecutor.java:1070)&#10;        at java.base@21.0.8/java.util.concurrent.ThreadPoolExecutor.runWorker(ThreadPoolExecutor.java:1130)&#10;        at java.base@21.0.8/java.util.concurrent.ThreadPoolExecutor$Worker.run(ThreadPoolExecutor.java:642)&#10;        at java.base@21.0.8/java.lang.Thread.runWith(Thread.java:1596)&#10;        at java.base@21.0.8/java.lang.Thread.run(Thread.java:1583)&#10;&quot;IPC Server handler 70 on default port 15002&quot; daemon prio=5 tid=190 timed_waiting&#10;java.lang.Thread.State: TIMED_WAITING&#10;        at java.base@21.0.8/jdk.internal.misc.Unsafe.park(Native Method)&#10;        at java.base@21.0.8/java.util.concurrent.locks.LockSupport.parkNanos(LockSupport.java:269)&#10;        at java.base@21.0.8/java.util.concurrent.locks.AbstractQueuedSynchronizer$ConditionObject.awaitNanos(AbstractQueuedSynchronizer.java:1763)&#10;        at java.base@21.0.8/java.util.concurrent.LinkedBlockingQueue.poll(LinkedBlockingQueue.java:460)&#10;        at app//org.apache.hadoop.ipc.CallQueueManager.take(CallQueueManager.java:370)&#10;        at app//org.apache.hadoop.ipc.Server$Handler.run(Server.java:3165)&#10;&quot;grpc-default-boss-ELG-1-1&quot; daemon prio=5 tid=44 runnable&#10;java.lang.Thread.State: RUNNABLE&#10;        at app//org.apache.ratis.thirdparty.io.netty.channel.epoll.Native.epollWait(Native Method)&#10;        at app//org.apache.ratis.thirdparty.io.netty.channel.epoll.Native.epollWait(Native.java:220)&#10;        at app//org.apache.ratis.thirdparty.io.netty.channel.epoll.Native.epollWait(Native.java:213)&#10;        at app//org.apache.ratis.thirdparty.io.netty.channel.epoll.EpollEventLoop.epollWaitNoTimerChange(EpollEventLoop.java:308)&#10;        at app//org.apache.ratis.thirdparty.io.netty.channel.epoll.EpollEventLoop.run(EpollEventLoop.java:365)&#10;        at app//org.apache.ratis.thirdparty.io.netty.util.concurrent.SingleThreadEventExecutor$4.run(SingleThreadEventExecutor.java:998)&#10;        at app//org.apache.ratis.thirdparty.io.netty.util.internal.ThreadExecutorMap$2.run(ThreadExecutorMap.java:74)&#10;        at app//org.apache.ratis.thirdparty.io.netty.util.concurrent.FastThreadLocalRunnable.run(FastThreadLocalRunnable.java:30)&#10;        at java.base@21.0.8/java.lang.Thread.runWith(Thread.java:1596)&#10;        at java.base@21.0.8/java.lang.Thread.run(Thread.java:1583)&#10;&quot;IPC Server handler 37 on default port 15003&quot; daemon prio=5 tid=257 timed_waiting&#10;java.lang.Thread.State: TIMED_WAITING&#10;        at java.base@21.0.8/jdk.internal.misc.Unsafe.park(Native Method)&#10;        at java.base@21.0.8/java.util.concurrent.locks.LockSupport.parkNanos(LockSupport.java:269)&#10;        at java.base@21.0.8/java.util.concurrent.locks.AbstractQueuedSynchronizer$ConditionObject.awaitNanos(AbstractQueuedSynchronizer.java:1763)&#10;        at java.base@21.0.8/java.util.concurrent.LinkedBlockingQueue.poll(LinkedBlockingQueue.java:460)&#10;        at app//org.apache.hadoop.ipc.CallQueueManager.take(CallQueueManager.java:370)&#10;        at app//org.apache.hadoop.ipc.Server$Handler.run(Server.java:3165)&#10;&quot;IPC Server handler 48 on default port 15004&quot; daemon prio=5 tid=386 timed_waiting&#10;java.lang.Thread.State: TIMED_WAITING&#10;        at java.base@21.0.8/jdk.internal.misc.Unsafe.park(Native Method)&#10;        at java.base@21.0.8/java.util.concurrent.locks.LockSupport.parkNanos(LockSupport.java:269)&#10;        at java.base@21.0.8/java.util.concurrent.locks.AbstractQueuedSynchronizer$ConditionObject.awaitNanos(AbstractQueuedSynchronizer.java:1763)&#10;        at java.base@21.0.8/java.util.concurrent.LinkedBlockingQueue.poll(LinkedBlockingQueue.java:460)&#10;        at app//org.apache.hadoop.ipc.CallQueueManager.take(CallQueueManager.java:370)&#10;        at app//org.apache.hadoop.ipc.Server$Handler.run(Server.java:3165)&#10;&quot;IPC Server handler 67 on default port 15003&quot; daemon prio=5 tid=287 timed_waiting&#10;java.lang.Thread.State: TIMED_WAITING&#10;        at java.base@21.0.8/jdk.internal.misc.Unsafe.park(Native Method)&#10;        at java.base@21.0.8/java.util.concurrent.locks.LockSupport.parkNanos(LockSupport.java:269)&#10;        at java.base@21.0.8/java.util.concurrent.locks.AbstractQueuedSynchronizer$ConditionObject.awaitNanos(AbstractQueuedSynchronizer.java:1763)&#10;        at java.base@21.0.8/java.util.concurrent.LinkedBlockingQueue.poll(LinkedBlockingQueue.java:460)&#10;        at app//org.apache.hadoop.ipc.CallQueueManager.take(CallQueueManager.java:370)&#10;        at app//org.apache.hadoop.ipc.Server$Handler.run(Server.java:3165)&#10;&quot;SSL Certificates Store Monitor&quot; daemon prio=5 tid=1355 terminated&#10;java.lang.Thread.State: TERMINATED&#10;        at java.base@21.0.8/java.lang.Object.wait0(Native Method)&#10;        at java.base@21.0.8/java.lang.Object.wait(Object.java:366)&#10;        at java.base@21.0.8/java.lang.Object.wait(Object.java:339)&#10;        at java.base@21.0.8/java.util.TimerThread.mainLoop(Timer.java:537)&#10;        at java.base@21.0.8/java.util.TimerThread.run(Timer.java:516)&#10;&quot;Hadoop-Metrics-Updater-0&quot; daemon prio=5 tid=533 timed_waiting&#10;java.lang.Thread.State: TIMED_WAITING&#10;        at java.base@21.0.8/jdk.internal.misc.Unsafe.park(Native Method)&#10;        at java.base@21.0.8/java.util.concurrent.locks.LockSupport.parkNanos(LockSupport.java:269)&#10;        at java.base@21.0.8/java.util.concurrent.locks.AbstractQueuedSynchronizer$ConditionObject.awaitNanos(AbstractQueuedSynchronizer.java:1763)&#10;        at java.base@21.0.8/java.util.concurrent.ScheduledThreadPoolExecutor$DelayedWorkQueue.take(ScheduledThreadPoolExecutor.java:1182)&#10;        at java.base@21.0.8/java.util.concurrent.ScheduledThreadPoolExecutor$DelayedWorkQueue.take(ScheduledThreadPoolExecutor.java:899)&#10;        at java.base@21.0.8/java.util.concurrent.ThreadPoolExecutor.getTask(ThreadPoolExecutor.java:1070)&#10;        at java.base@21.0.8/java.util.concurrent.ThreadPoolExecutor.runWorker(ThreadPoolExecutor.java:1130)&#10;        at java.base@21.0.8/java.util.concurrent.ThreadPoolExecutor$Worker.run(ThreadPoolExecutor.java:642)&#10;        at java.base@21.0.8/java.lang.Thread.runWith(Thread.java:1596)&#10;        at java.base@21.0.8/java.lang.Thread.run(Thread.java:1583)&#10;&quot;MutableQuantiles-0&quot; daemon prio=5 tid=665 timed_waiting&#10;java.lang.Thread.State: TIMED_WAITING&#10;        at java.base@21.0.8/jdk.internal.misc.Unsafe.park(Native Method)&#10;        at java.base@21.0.8/java.util.concurrent.locks.LockSupport.parkNanos(LockSupport.java:269)&#10;        at java.base@21.0.8/java.util.concurrent.locks.AbstractQueuedSynchronizer$ConditionObject.awaitNanos(AbstractQueuedSynchronizer.java:1763)&#10;        at java.base@21.0.8/java.util.concurrent.ScheduledThreadPoolExecutor$DelayedWorkQueue.take(ScheduledThreadPoolExecutor.java:1182)&#10;        at java.base@21.0.8/java.util.concurrent.ScheduledThreadPoolExecutor$DelayedWorkQueue.take(ScheduledThreadPoolExecutor.java:899)&#10;        at java.base@21.0.8/java.util.concurrent.ThreadPoolExecutor.getTask(ThreadPoolExecutor.java:1070)&#10;        at java.base@21.0.8/java.util.concurrent.ThreadPoolExecutor.runWorker(ThreadPoolExecutor.java:1130)&#10;        at java.base@21.0.8/java.util.concurrent.ThreadPoolExecutor$Worker.run(ThreadPoolExecutor.java:642)&#10;        at java.base@21.0.8/java.lang.Thread.runWith(Thread.java:1596)&#10;        at java.base@21.0.8/java.lang.Thread.run(Thread.java:1583)&#10;&quot;IPC Server handler 51 on default port 15003&quot; daemon prio=5 tid=271 timed_waiting&#10;java.lang.Thread.State: TIMED_WAITING&#10;        at java.base@21.0.8/jdk.internal.misc.Unsafe.park(Native Method)&#10;        at java.base@21.0.8/java.util.concurrent.locks.LockSupport.parkNanos(LockSupport.java:269)&#10;        at java.base@21.0.8/java.util.concurrent.locks.AbstractQueuedSynchronizer$ConditionObject.awaitNanos(AbstractQueuedSynchronizer.java:1763)&#10;        at java.base@21.0.8/java.util.concurrent.LinkedBlockingQueue.poll(LinkedBlockingQueue.java:460)&#10;        at app//org.apache.hadoop.ipc.CallQueueManager.take(CallQueueManager.java:370)&#10;        at app//org.apache.hadoop.ipc.Server$Handler.run(Server.java:3165)&#10;&quot;IPC Server handler 88 on default port 15003&quot; daemon prio=5 tid=308 timed_waiting&#10;java.lang.Thread.State: TIMED_WAITING&#10;        at java.base@21.0.8/jdk.internal.misc.Unsafe.park(Native Method)&#10;        at java.base@21.0.8/java.util.concurrent.locks.LockSupport.parkNanos(LockSupport.java:269)&#10;        at java.base@21.0.8/java.util.concurrent.locks.AbstractQueuedSynchronizer$ConditionObject.awaitNanos(AbstractQueuedSynchronizer.java:1763)&#10;        at java.base@21.0.8/java.util.concurrent.LinkedBlockingQueue.poll(LinkedBlockingQueue.java:460)&#10;        at app//org.apache.hadoop.ipc.CallQueueManager.take(CallQueueManager.java:370)&#10;        at app//org.apache.hadoop.ipc.Server$Handler.run(Server.java:3165)&#10;&quot;Socket Reader #2 for port 15002&quot; daemon prio=5 tid=91 runnable&#10;java.lang.Thread.State: RUNNABLE&#10;        at java.base@21.0.8/sun.nio.ch.EPoll.wait(Native Method)&#10;        at java.base@21.0.8/sun.nio.ch.EPollSelectorImpl.doSelect(EPollSelectorImpl.java:121)&#10;        at java.base@21.0.8/sun.nio.ch.SelectorImpl.lockAndDoSelect(SelectorImpl.java:130)&#10;        at java.base@21.0.8/sun.nio.ch.SelectorImpl.select(SelectorImpl.java:147)&#10;        at app//org.apache.hadoop.ipc.Server$Listener$Reader.doRunLoop(Server.java:1497)&#10;        at app//org.apache.hadoop.ipc.Server$Listener$Reader.run(Server.java:1476)&#10;&quot;IPC Server handler 0 on default port 15037&quot; daemon prio=5 tid=864 timed_waiting&#10;java.lang.Thread.State: TIMED_WAITING&#10;        at java.base@21.0.8/jdk.internal.misc.Unsafe.park(Native Method)&#10;        at java.base@21.0.8/java.util.concurrent.locks.LockSupport.parkNanos(LockSupport.java:269)&#10;        at java.base@21.0.8/java.util.concurrent.locks.AbstractQueuedSynchronizer$ConditionObject.awaitNanos(AbstractQueuedSynchronizer.java:1763)&#10;        at java.base@21.0.8/java.util.concurrent.LinkedBlockingQueue.poll(LinkedBlockingQueue.java:460)&#10;        at app//org.apache.hadoop.ipc.CallQueueManager.take(CallQueueManager.java:370)&#10;        at app//org.apache.hadoop.ipc.Server$Handler.run(Server.java:3165)&#10;&quot;7d2db622-5327-4122-ba03-be97b5575303@group-79D92D5C683F-StateMachineUpdater&quot; daemon prio=5 tid=1085 timed_waiting&#10;java.lang.Thread.State: TIMED_WAITING&#10;        at java.base@21.0.8/jdk.internal.misc.Unsafe.park(Native Method)&#10;        at java.base@21.0.8/java.util.concurrent.locks.LockSupport.parkNanos(LockSupport.java:269)&#10;        at java.base@21.0.8/java.util.concurrent.locks.AbstractQueuedSynchronizer$ConditionObject.await(AbstractQueuedSynchronizer.java:1852)&#10;        at app//org.apache.ratis.util.AwaitForSignal.await(AwaitForSignal.java:65)&#10;        at app//org.apache.ratis.server.impl.StateMachineUpdater.waitForCommit(StateMachineUpdater.java:222)&#10;        at app//org.apache.ratis.server.impl.StateMachineUpdater.run(StateMachineUpdater.java:187)&#10;        at java.base@21.0.8/java.lang.Thread.runWith(Thread.java:1596)&#10;        at java.base@21.0.8/java.lang.Thread.run(Thread.java:1583)&#10;&quot;IPC Server handler 60 on default port 15004&quot; daemon prio=5 tid=398 timed_waiting&#10;java.lang.Thread.State: TIMED_WAITING&#10;        at java.base@21.0.8/jdk.internal.misc.Unsafe.park(Native Method)&#10;        at java.base@21.0.8/java.util.concurrent.locks.LockSupport.parkNanos(LockSupport.java:269)&#10;        at java.base@21.0.8/java.util.concurrent.locks.AbstractQueuedSynchronizer$ConditionObject.awaitNanos(AbstractQueuedSynchronizer.java:1763)&#10;        at java.base@21.0.8/java.util.concurrent.LinkedBlockingQueue.poll(LinkedBlockingQueue.java:460)&#10;        at app//org.apache.hadoop.ipc.CallQueueManager.take(CallQueueManager.java:370)&#10;        at app//org.apache.hadoop.ipc.Server$Handler.run(Server.java:3165)&#10;&quot;fc0351b7-0c71-4a2a-a0ca-337e5c0b1c14-ChunkWriter-3-0&quot; daemon prio=5 tid=996 in Object.wait()&#10;java.lang.Thread.State: WAITING (on object monitor)&#10;        at java.base@21.0.8/jdk.internal.misc.Unsafe.park(Native Method)&#10;        at java.base@21.0.8/java.util.concurrent.locks.LockSupport.park(LockSupport.java:371)&#10;        at java.base@21.0.8/java.util.concurrent.locks.AbstractQueuedSynchronizer$ConditionNode.block(AbstractQueuedSynchronizer.java:519)&#10;        at java.base@21.0.8/java.util.concurrent.ForkJoinPool.unmanagedBlock(ForkJoinPool.java:3780)&#10;        at java.base@21.0.8/java.util.concurrent.ForkJoinPool.managedBlock(ForkJoinPool.java:3725)&#10;        at java.base@21.0.8/java.util.concurrent.locks.AbstractQueuedSynchronizer$ConditionObject.await(AbstractQueuedSynchronizer.java:1712)&#10;        at java.base@21.0.8/java.util.concurrent.LinkedBlockingDeque.takeFirst(LinkedBlockingDeque.java:485)&#10;        at java.base@21.0.8/java.util.concurrent.LinkedBlockingDeque.take(LinkedBlockingDeque.java:673)&#10;        at java.base@21.0.8/java.util.concurrent.ThreadPoolExecutor.getTask(ThreadPoolExecutor.java:1070)&#10;        at java.base@21.0.8/java.util.concurrent.ThreadPoolExecutor.runWorker(ThreadPoolExecutor.java:1130)&#10;        at java.base@21.0.8/java.util.concurrent.ThreadPoolExecutor$Worker.run(ThreadPoolExecutor.java:642)&#10;        at java.base@21.0.8/java.lang.Thread.runWith(Thread.java:1596)&#10;        at java.base@21.0.8/java.lang.Thread.run(Thread.java:1583)&#10;&quot;Socket Reader #4 for port 15008&quot; daemon prio=5 tid=453 runnable&#10;java.lang.Thread.State: RUNNABLE&#10;        at java.base@21.0.8/sun.nio.ch.EPoll.wait(Native Method)&#10;        at java.base@21.0.8/sun.nio.ch.EPollSelectorImpl.doSelect(EPollSelectorImpl.java:121)&#10;        at java.base@21.0.8/sun.nio.ch.SelectorImpl.lockAndDoSelect(SelectorImpl.java:130)&#10;        at java.base@21.0.8/sun.nio.ch.SelectorImpl.select(SelectorImpl.java:147)&#10;        at app//org.apache.hadoop.ipc.Server$Listener$Reader.doRunLoop(Server.java:1497)&#10;        at app//org.apache.hadoop.ipc.Server$Listener$Reader.run(Server.java:1476)&#10;&quot;qtp1597424614-330&quot; daemon prio=5 tid=330 timed_waiting&#10;java.lang.Thread.State: TIMED_WAITING&#10;        at java.base@21.0.8/jdk.internal.misc.Unsafe.park(Native Method)&#10;        at java.base@21.0.8/java.util.concurrent.locks.LockSupport.parkNanos(LockSupport.java:269)&#10;        at java.base@21.0.8/java.util.concurrent.locks.AbstractQueuedSynchronizer$ConditionObject.awaitNanos(AbstractQueuedSynchronizer.java:1763)&#10;        at app//org.eclipse.jetty.util.BlockingArrayQueue.poll(BlockingArrayQueue.java:382)&#10;        at app//org.eclipse.jetty.util.thread.QueuedThreadPool$Runner.idleJobPoll(QueuedThreadPool.java:974)&#10;        at app//org.eclipse.jetty.util.thread.QueuedThreadPool$Runner.run(QueuedThreadPool.java:1018)&#10;        at java.base@21.0.8/java.lang.Thread.runWith(Thread.java:1596)&#10;        at java.base@21.0.8/java.lang.Thread.run(Thread.java:1583)&#10;&quot;IPC Server handler 14 on default port 15001&quot; daemon prio=5 tid=572 timed_waiting&#10;java.lang.Thread.State: TIMED_WAITING&#10;        at java.base@21.0.8/jdk.internal.misc.Unsafe.park(Native Method)&#10;        at java.base@21.0.8/java.util.concurrent.locks.LockSupport.parkNanos(LockSupport.java:269)&#10;        at java.base@21.0.8/java.util.concurrent.locks.AbstractQueuedSynchronizer$ConditionObject.awaitNanos(AbstractQueuedSynchronizer.java:1763)&#10;        at java.base@21.0.8/java.util.concurrent.LinkedBlockingQueue.poll(LinkedBlockingQueue.java:460)&#10;        at app//org.apache.hadoop.ipc.CallQueueManager.take(CallQueueManager.java:370)&#10;        at app//org.apache.hadoop.ipc.Server$Handler.run(Server.java:3165)&#10;&quot;qtp1213220498-765&quot; daemon prio=5 tid=765 runnable&#10;java.lang.Thread.State: RUNNABLE&#10;        at java.base@21.0.8/sun.nio.ch.EPoll.wait(Native Method)&#10;        at java.base@21.0.8/sun.nio.ch.EPollSelectorImpl.doSelect(EPollSelectorImpl.java:121)&#10;        at java.base@21.0.8/sun.nio.ch.SelectorImpl.lockAndDoSelect(SelectorImpl.java:130)&#10;        at java.base@21.0.8/sun.nio.ch.SelectorImpl.select(SelectorImpl.java:147)&#10;        at app//org.eclipse.jetty.io.ManagedSelector.nioSelect(ManagedSelector.java:183)&#10;        at app//org.eclipse.jetty.io.ManagedSelector.select(ManagedSelector.java:190)&#10;        at app//org.eclipse.jetty.io.ManagedSelector$SelectorProducer.select(ManagedSelector.java:606)&#10;        at app//org.eclipse.jetty.io.ManagedSelector$SelectorProducer.produce(ManagedSelector.java:543)&#10;        at app//org.eclipse.jetty.util.thread.strategy.EatWhatYouKill.produceTask(EatWhatYouKill.java:362)&#10;        at app//org.eclipse.jetty.util.thread.strategy.EatWhatYouKill.doProduce(EatWhatYouKill.java:186)&#10;        at app//org.eclipse.jetty.util.thread.strategy.EatWhatYouKill.tryProduce(EatWhatYouKill.java:173)&#10;        at app//org.eclipse.jetty.util.thread.strategy.EatWhatYouKill.produce(EatWhatYouKill.java:137)&#10;        at app//org.eclipse.jetty.io.ManagedSelector$$Lambda/0x00007f9d6c6e5f08.run(Unknown Source)&#10;        at app//org.eclipse.jetty.util.thread.QueuedThreadPool.runJob(QueuedThreadPool.java:883)&#10;        at app//org.eclipse.jetty.util.thread.QueuedThreadPool$Runner.run(QueuedThreadPool.java:1034)&#10;        at java.base@21.0.8/java.lang.Thread.runWith(Thread.java:1596)&#10;        at java.base@21.0.8/java.lang.Thread.run(Thread.java:1583)&#10;&quot;IPC Server handler 57 on default port 15002&quot; daemon prio=5 tid=177 timed_waiting&#10;java.lang.Thread.State: TIMED_WAITING&#10;        at java.base@21.0.8/jdk.internal.misc.Unsafe.park(Native Method)&#10;        at java.base@21.0.8/java.util.concurrent.locks.LockSupport.parkNanos(LockSupport.java:269)&#10;        at java.base@21.0.8/java.util.concurrent.locks.AbstractQueuedSynchronizer$ConditionObject.awaitNanos(AbstractQueuedSynchronizer.java:1763)&#10;        at java.base@21.0.8/java.util.concurrent.LinkedBlockingQueue.poll(LinkedBlockingQueue.java:460)&#10;        at app//org.apache.hadoop.ipc.CallQueueManager.take(CallQueueManager.java:370)&#10;        at app//org.apache.hadoop.ipc.Server$Handler.run(Server.java:3165)&#10;&quot;c11f8a16-55ee-4f22-a5a5-7daf2dffa753-DatanodeReportManager-3&quot; daemon prio=5 tid=755 in Object.wait()&#10;java.lang.Thread.State: WAITING (on object monitor)&#10;        at java.base@21.0.8/jdk.internal.misc.Unsafe.park(Native Method)&#10;        at java.base@21.0.8/java.util.concurrent.locks.LockSupport.park(LockSupport.java:371)&#10;        at java.base@21.0.8/java.util.concurrent.locks.AbstractQueuedSynchronizer$ConditionNode.block(AbstractQueuedSynchronizer.java:519)&#10;        at java.base@21.0.8/java.util.concurrent.ForkJoinPool.unmanagedBlock(ForkJoinPool.java:3780)&#10;        at java.base@21.0.8/java.util.concurrent.ForkJoinPool.managedBlock(ForkJoinPool.java:3725)&#10;        at java.base@21.0.8/java.util.concurrent.locks.AbstractQueuedSynchronizer$ConditionObject.await(AbstractQueuedSynchronizer.java:1712)&#10;        at java.base@21.0.8/java.util.concurrent.ScheduledThreadPoolExecutor$DelayedWorkQueue.take(ScheduledThreadPoolExecutor.java:1177)&#10;        at java.base@21.0.8/java.util.concurrent.ScheduledThreadPoolExecutor$DelayedWorkQueue.take(ScheduledThreadPoolExecutor.java:899)&#10;        at java.base@21.0.8/java.util.concurrent.ThreadPoolExecutor.getTask(ThreadPoolExecutor.java:1070)&#10;        at java.base@21.0.8/java.util.concurrent.ThreadPoolExecutor.runWorker(ThreadPoolExecutor.java:1130)&#10;        at java.base@21.0.8/java.util.concurrent.ThreadPoolExecutor$Worker.run(ThreadPoolExecutor.java:642)&#10;        at java.base@21.0.8/java.lang.Thread.runWith(Thread.java:1596)&#10;        at java.base@21.0.8/java.lang.Thread.run(Thread.java:1583)&#10;&quot;qtp133286137-489&quot; daemon prio=5 tid=489 timed_waiting&#10;java.lang.Thread.State: TIMED_WAITING&#10;        at java.base@21.0.8/jdk.internal.misc.Unsafe.park(Native Method)&#10;        at java.base@21.0.8/java.util.concurrent.locks.LockSupport.parkNanos(LockSupport.java:410)&#10;        at java.base@21.0.8/java.util.concurrent.LinkedTransferQueue$DualNode.await(LinkedTransferQueue.java:452)&#10;        at java.base@21.0.8/java.util.concurrent.SynchronousQueue$Transferer.xferLifo(SynchronousQueue.java:194)&#10;        at java.base@21.0.8/java.util.concurrent.SynchronousQueue.xfer(SynchronousQueue.java:235)&#10;        at java.base@21.0.8/java.util.concurrent.SynchronousQueue.poll(SynchronousQueue.java:338)&#10;        at app//org.eclipse.jetty.util.thread.ReservedThreadExecutor$ReservedThread.reservedWait(ReservedThreadExecutor.java:324)&#10;        at app//org.eclipse.jetty.util.thread.ReservedThreadExecutor$ReservedThread.run(ReservedThreadExecutor.java:399)&#10;        at app//org.eclipse.jetty.util.thread.QueuedThreadPool.runJob(QueuedThreadPool.java:883)&#10;        at app//org.eclipse.jetty.util.thread.QueuedThreadPool$Runner.run(QueuedThreadPool.java:1034)&#10;        at java.base@21.0.8/java.lang.Thread.runWith(Thread.java:1596)&#10;        at java.base@21.0.8/java.lang.Thread.run(Thread.java:1583)&#10;&quot;IPC Server handler 18 on default port 15008&quot; daemon prio=5 tid=510 timed_waiting&#10;java.lang.Thread.State: TIMED_WAITING&#10;        at java.base@21.0.8/jdk.internal.misc.Unsafe.park(Native Method)&#10;        at java.base@21.0.8/java.util.concurrent.locks.LockSupport.parkNanos(LockSupport.java:269)&#10;        at java.base@21.0.8/java.util.concurrent.locks.AbstractQueuedSynchronizer$ConditionObject.awaitNanos(AbstractQueuedSynchronizer.java:1763)&#10;        at java.base@21.0.8/java.util.concurrent.LinkedBlockingQueue.poll(LinkedBlockingQueue.java:460)&#10;        at app//org.apache.hadoop.ipc.CallQueueManager.take(CallQueueManager.java:370)&#10;        at app//org.apache.hadoop.ipc.Server$Handler.run(Server.java:3165)&#10;&quot;IPC Server handler 32 on default port 15003&quot; daemon prio=5 tid=252 timed_waiting&#10;java.lang.Thread.State: TIMED_WAITING&#10;        at java.base@21.0.8/jdk.internal.misc.Unsafe.park(Native Method)&#10;        at java.base@21.0.8/java.util.concurrent.locks.LockSupport.parkNanos(LockSupport.java:269)&#10;        at java.base@21.0.8/java.util.concurrent.locks.AbstractQueuedSynchronizer$ConditionObject.awaitNanos(AbstractQueuedSynchronizer.java:1763)&#10;        at java.base@21.0.8/java.util.concurrent.LinkedBlockingQueue.poll(LinkedBlockingQueue.java:460)&#10;        at app//org.apache.hadoop.ipc.CallQueueManager.take(CallQueueManager.java:370)&#10;        at app//org.apache.hadoop.ipc.Server$Handler.run(Server.java:3165)&#10;&quot;grpc-default-executor-5&quot; daemon prio=5 tid=1111 timed_waiting&#10;java.lang.Thread.State: TIMED_WAITING&#10;        at java.base@21.0.8/jdk.internal.misc.Unsafe.park(Native Method)&#10;        at java.base@21.0.8/java.util.concurrent.locks.LockSupport.parkNanos(LockSupport.java:410)&#10;        at java.base@21.0.8/java.util.concurrent.LinkedTransferQueue$DualNode.await(LinkedTransferQueue.java:452)&#10;        at java.base@21.0.8/java.util.concurrent.SynchronousQueue$Transferer.xferLifo(SynchronousQueue.java:194)&#10;        at java.base@21.0.8/java.util.concurrent.SynchronousQueue.xfer(SynchronousQueue.java:235)&#10;        at java.base@21.0.8/java.util.concurrent.SynchronousQueue.poll(SynchronousQueue.java:338)&#10;        at java.base@21.0.8/java.util.concurrent.ThreadPoolExecutor.getTask(ThreadPoolExecutor.java:1069)&#10;        at java.base@21.0.8/java.util.concurrent.ThreadPoolExecutor.runWorker(ThreadPoolExecutor.java:1130)&#10;        at java.base@21.0.8/java.util.concurrent.ThreadPoolExecutor$Worker.run(ThreadPoolExecutor.java:642)&#10;        at java.base@21.0.8/java.lang.Thread.runWith(Thread.java:1596)&#10;        at java.base@21.0.8/java.lang.Thread.run(Thread.java:1583)&#10;&quot;IPC Client (962379034) connection to 0.0.0.0/0.0.0.0:15002 from runner&quot; daemon prio=5 tid=662 timed_waiting&#10;java.lang.Thread.State: TIMED_WAITING&#10;        at java.base@21.0.8/java.lang.Object.wait0(Native Method)&#10;        at java.base@21.0.8/java.lang.Object.wait(Object.java:366)&#10;        at app//org.apache.hadoop.ipc.Client$Connection.waitForWork(Client.java:1042)&#10;        at app//org.apache.hadoop.ipc.Client$Connection.run(Client.java:1093)&#10;&quot;qtp473358662-907&quot; daemon prio=5 tid=907 runnable&#10;java.lang.Thread.State: RUNNABLE&#10;        at java.base@21.0.8/sun.nio.ch.EPoll.wait(Native Method)&#10;        at java.base@21.0.8/sun.nio.ch.EPollSelectorImpl.doSelect(EPollSelectorImpl.java:121)&#10;        at java.base@21.0.8/sun.nio.ch.SelectorImpl.lockAndDoSelect(SelectorImpl.java:130)&#10;        at java.base@21.0.8/sun.nio.ch.SelectorImpl.select(SelectorImpl.java:147)&#10;        at app//org.eclipse.jetty.io.ManagedSelector.nioSelect(ManagedSelector.java:183)&#10;        at app//org.eclipse.jetty.io.ManagedSelector.select(ManagedSelector.java:190)&#10;        at app//org.eclipse.jetty.io.ManagedSelector$SelectorProducer.select(ManagedSelector.java:606)&#10;        at app//org.eclipse.jetty.io.ManagedSelector$SelectorProducer.produce(ManagedSelector.java:543)&#10;        at app//org.eclipse.jetty.util.thread.strategy.EatWhatYouKill.produceTask(EatWhatYouKill.java:362)&#10;        at app//org.eclipse.jetty.util.thread.strategy.EatWhatYouKill.doProduce(EatWhatYouKill.java:186)&#10;        at app//org.eclipse.jetty.util.thread.strategy.EatWhatYouKill.tryProduce(EatWhatYouKill.java:173)&#10;        at app//org.eclipse.jetty.util.thread.strategy.EatWhatYouKill.produce(EatWhatYouKill.java:137)&#10;        at app//org.eclipse.jetty.io.ManagedSelector$$Lambda/0x00007f9d6c6e5f08.run(Unknown Source)&#10;        at app//org.eclipse.jetty.util.thread.QueuedThreadPool.runJob(QueuedThreadPool.java:883)&#10;        at app//org.eclipse.jetty.util.thread.QueuedThreadPool$Runner.run(QueuedThreadPool.java:1034)&#10;        at java.base@21.0.8/java.lang.Thread.runWith(Thread.java:1596)&#10;        at java.base@21.0.8/java.lang.Thread.run(Thread.java:1583)&#10;&quot;04372c61-9371-4ab6-9533-e94413dada7c@group-A668C086C089-StateMachineUpdater&quot; daemon prio=5 tid=116 timed_waiting&#10;java.lang.Thread.State: TIMED_WAITING&#10;        at java.base@21.0.8/jdk.internal.misc.Unsafe.park(Native Method)&#10;        at java.base@21.0.8/java.util.concurrent.locks.LockSupport.parkNanos(LockSupport.java:269)&#10;        at java.base@21.0.8/java.util.concurrent.locks.AbstractQueuedSynchronizer$ConditionObject.await(AbstractQueuedSynchronizer.java:1852)&#10;        at app//org.apache.ratis.util.AwaitForSignal.await(AwaitForSignal.java:65)&#10;        at app//org.apache.ratis.server.impl.StateMachineUpdater.waitForCommit(StateMachineUpdater.java:222)&#10;        at app//org.apache.ratis.server.impl.StateMachineUpdater.run(StateMachineUpdater.java:187)&#10;        at java.base@21.0.8/java.lang.Thread.runWith(Thread.java:1596)&#10;        at java.base@21.0.8/java.lang.Thread.run(Thread.java:1583)&#10;&quot;DiskUsage-/home/runner/work/ozone/ozone/hadoop-ozone/integration-test-recon/target/test-dir/MiniOzoneClusterImpl-b15909b8-03a8-4b15-aaa3-a668c086c089/ozone-metadata/datanode-4/ratis-&#10;&quot; daemon prio=5 tid=988 timed_waiting&#10;java.lang.Thread.State: TIMED_WAITING&#10;        at java.base@21.0.8/jdk.internal.misc.Unsafe.park(Native Method)&#10;        at java.base@21.0.8/java.util.concurrent.locks.LockSupport.parkNanos(LockSupport.java:269)&#10;        at java.base@21.0.8/java.util.concurrent.locks.AbstractQueuedSynchronizer$ConditionObject.awaitNanos(AbstractQueuedSynchronizer.java:1763)&#10;        at java.base@21.0.8/java.util.concurrent.ScheduledThreadPoolExecutor$DelayedWorkQueue.take(ScheduledThreadPoolExecutor.java:1182)&#10;        at java.base@21.0.8/java.util.concurrent.ScheduledThreadPoolExecutor$DelayedWorkQueue.take(ScheduledThreadPoolExecutor.java:899)&#10;        at java.base@21.0.8/java.util.concurrent.ThreadPoolExecutor.getTask(ThreadPoolExecutor.java:1070)&#10;        at java.base@21.0.8/java.util.concurrent.ThreadPoolExecutor.runWorker(ThreadPoolExecutor.java:1130)&#10;        at java.base@21.0.8/java.util.concurrent.ThreadPoolExecutor$Worker.run(ThreadPoolExecutor.java:642)&#10;        at java.base@21.0.8/java.lang.Thread.runWith(Thread.java:1596)&#10;        at java.base@21.0.8/java.lang.Thread.run(Thread.java:1583)&#10;&quot;Recon-SyncSCMContainerInfo-0&quot;  prio=5 tid=557 timed_waiting&#10;java.lang.Thread.State: TIMED_WAITING&#10;        at java.base@21.0.8/jdk.internal.misc.Unsafe.park(Native Method)&#10;        at java.base@21.0.8/java.util.concurrent.locks.LockSupport.parkNanos(LockSupport.java:269)&#10;        at java.base@21.0.8/java.util.concurrent.locks.AbstractQueuedSynchronizer$ConditionObject.awaitNanos(AbstractQueuedSynchronizer.java:1763)&#10;        at java.base@21.0.8/java.util.concurrent.ScheduledThreadPoolExecutor$DelayedWorkQueue.take(ScheduledThreadPoolExecutor.java:1182)&#10;        at java.base@21.0.8/java.util.concurrent.ScheduledThreadPoolExecutor$DelayedWorkQueue.take(ScheduledThreadPoolExecutor.java:899)&#10;        at java.base@21.0.8/java.util.concurrent.ThreadPoolExecutor.getTask(ThreadPoolExecutor.java:1070)&#10;        at java.base@21.0.8/java.util.concurrent.ThreadPoolExecutor.runWorker(ThreadPoolExecutor.java:1130)&#10;        at java.base@21.0.8/java.util.concurrent.ThreadPoolExecutor$Worker.run(ThreadPoolExecutor.java:642)&#10;        at java.base@21.0.8/java.lang.Thread.runWith(Thread.java:1596)&#10;        at java.base@21.0.8/java.lang.Thread.run(Thread.java:1583)&#10;&quot;74afb32b-8e70-4799-b16c-dc9602d9dbb6-ChunkWriter-2-0&quot; daemon prio=5 tid=1021 in Object.wait()&#10;java.lang.Thread.State: WAITING (on object monitor)&#10;        at java.base@21.0.8/jdk.internal.misc.Unsafe.park(Native Method)&#10;        at java.base@21.0.8/java.util.concurrent.locks.LockSupport.park(LockSupport.java:371)&#10;        at java.base@21.0.8/java.util.concurrent.locks.AbstractQueuedSynchronizer$ConditionNode.block(AbstractQueuedSynchronizer.java:519)&#10;        at java.base@21.0.8/java.util.concurrent.ForkJoinPool.unmanagedBlock(ForkJoinPool.java:3780)&#10;        at java.base@21.0.8/java.util.concurrent.ForkJoinPool.managedBlock(ForkJoinPool.java:3725)&#10;        at java.base@21.0.8/java.util.concurrent.locks.AbstractQueuedSynchronizer$ConditionObject.await(AbstractQueuedSynchronizer.java:1712)&#10;        at java.base@21.0.8/java.util.concurrent.LinkedBlockingDeque.takeFirst(LinkedBlockingDeque.java:485)&#10;        at java.base@21.0.8/java.util.concurrent.LinkedBlockingDeque.take(LinkedBlockingDeque.java:673)&#10;        at java.base@21.0.8/java.util.concurrent.ThreadPoolExecutor.getTask(ThreadPoolExecutor.java:1070)&#10;        at java.base@21.0.8/java.util.concurrent.ThreadPoolExecutor.runWorker(ThreadPoolExecutor.java:1130)&#10;        at java.base@21.0.8/java.util.concurrent.ThreadPoolExecutor$Worker.run(ThreadPoolExecutor.java:642)&#10;        at java.base@21.0.8/java.lang.Thread.runWith(Thread.java:1596)&#10;        at java.base@21.0.8/java.lang.Thread.run(Thread.java:1583)&#10;&quot;StaleRecoveringContainerScrubbingService#1&quot; daemon prio=5 tid=978 in Object.wait()&#10;java.lang.Thread.State: WAITING (on object monitor)&#10;        at java.base@21.0.8/jdk.internal.misc.Unsafe.park(Native Method)&#10;        at java.base@21.0.8/java.util.concurrent.locks.LockSupport.park(LockSupport.java:371)&#10;        at java.base@21.0.8/java.util.concurrent.locks.AbstractQueuedSynchronizer$ConditionNode.block(AbstractQueuedSynchronizer.java:519)&#10;        at java.base@21.0.8/java.util.concurrent.ForkJoinPool.unmanagedBlock(ForkJoinPool.java:3780)&#10;        at java.base@21.0.8/java.util.concurrent.ForkJoinPool.managedBlock(ForkJoinPool.java:3725)&#10;        at java.base@21.0.8/java.util.concurrent.locks.AbstractQueuedSynchronizer$ConditionObject.await(AbstractQueuedSynchronizer.java:1712)&#10;        at java.base@21.0.8/java.util.concurrent.ScheduledThreadPoolExecutor$DelayedWorkQueue.take(ScheduledThreadPoolExecutor.java:1177)&#10;        at java.base@21.0.8/java.util.concurrent.ScheduledThreadPoolExecutor$DelayedWorkQueue.take(ScheduledThreadPoolExecutor.java:899)&#10;        at java.base@21.0.8/java.util.concurrent.ThreadPoolExecutor.getTask(ThreadPoolExecutor.java:1070)&#10;        at java.base@21.0.8/java.util.concurrent.ThreadPoolExecutor.runWorker(ThreadPoolExecutor.java:1130)&#10;        at java.base@21.0.8/java.util.concurrent.ThreadPoolExecutor$Worker.run(ThreadPoolExecutor.java:642)&#10;        at java.base@21.0.8/java.lang.Thread.runWith(Thread.java:1596)&#10;        at java.base@21.0.8/java.lang.Thread.run(Thread.java:1583)&#10;&quot;ForkJoinPool.commonPool-worker-3&quot; daemon prio=5 tid=1030 timed_waiting&#10;java.lang.Thread.State: TIMED_WAITING&#10;        at java.base@21.0.8/jdk.internal.misc.Unsafe.park(Native Method)&#10;        at java.base@21.0.8/java.util.concurrent.locks.LockSupport.parkUntil(LockSupport.java:449)&#10;        at java.base@21.0.8/java.util.concurrent.ForkJoinPool.awaitWork(ForkJoinPool.java:1891)&#10;        at java.base@21.0.8/java.util.concurrent.ForkJoinPool.runWorker(ForkJoinPool.java:1809)&#10;        at java.base@21.0.8/java.util.concurrent.ForkJoinWorkerThread.run(ForkJoinWorkerThread.java:188)&#10;&quot;74afb32b-8e70-4799-b16c-dc9602d9dbb6-EndpointStateMachineTaskThread-/127.0.0.1:15001-0 &quot;  prio=5 tid=1007 in Object.wait()&#10;java.lang.Thread.State: WAITING (on object monitor)&#10;        at java.base@21.0.8/jdk.internal.misc.Unsafe.park(Native Method)&#10;        at java.base@21.0.8/java.util.concurrent.locks.LockSupport.park(LockSupport.java:371)&#10;        at java.base@21.0.8/java.util.concurrent.locks.AbstractQueuedSynchronizer$ConditionNode.block(AbstractQueuedSynchronizer.java:519)&#10;        at java.base@21.0.8/java.util.concurrent.ForkJoinPool.unmanagedBlock(ForkJoinPool.java:3780)&#10;        at java.base@21.0.8/java.util.concurrent.ForkJoinPool.managedBlock(ForkJoinPool.java:3725)&#10;        at java.base@21.0.8/java.util.concurrent.locks.AbstractQueuedSynchronizer$ConditionObject.await(AbstractQueuedSynchronizer.java:1712)&#10;        at java.base@21.0.8/java.util.concurrent.LinkedBlockingQueue.take(LinkedBlockingQueue.java:435)&#10;        at java.base@21.0.8/java.util.concurrent.ThreadPoolExecutor.getTask(ThreadPoolExecutor.java:1070)&#10;        at java.base@21.0.8/java.util.concurrent.ThreadPoolExecutor.runWorker(ThreadPoolExecutor.java:1130)&#10;        at java.base@21.0.8/java.util.concurrent.ThreadPoolExecutor$Worker.run(ThreadPoolExecutor.java:642)&#10;        at java.base@21.0.8/java.lang.Thread.runWith(Thread.java:1596)&#10;        at java.base@21.0.8/java.lang.Thread.run(Thread.java:1583)&#10;&quot;grpc-default-executor-1&quot; daemon prio=5 tid=1063 timed_waiting&#10;java.lang.Thread.State: TIMED_WAITING&#10;        at java.base@21.0.8/jdk.internal.misc.Unsafe.park(Native Method)&#10;        at java.base@21.0.8/java.util.concurrent.locks.LockSupport.parkNanos(LockSupport.java:410)&#10;        at java.base@21.0.8/java.util.concurrent.LinkedTransferQueue$DualNode.await(LinkedTransferQueue.java:452)&#10;        at java.base@21.0.8/java.util.concurrent.SynchronousQueue$Transferer.xferLifo(SynchronousQueue.java:194)&#10;        at java.base@21.0.8/java.util.concurrent.SynchronousQueue.xfer(SynchronousQueue.java:235)&#10;        at java.base@21.0.8/java.util.concurrent.SynchronousQueue.poll(SynchronousQueue.java:338)&#10;        at java.base@21.0.8/java.util.concurrent.ThreadPoolExecutor.getTask(ThreadPoolExecutor.java:1069)&#10;        at java.base@21.0.8/java.util.concurrent.ThreadPoolExecutor.runWorker(ThreadPoolExecutor.java:1130)&#10;        at java.base@21.0.8/java.util.concurrent.ThreadPoolExecutor$Worker.run(ThreadPoolExecutor.java:642)&#10;        at java.base@21.0.8/java.lang.Thread.runWith(Thread.java:1596)&#10;        at java.base@21.0.8/java.lang.Thread.run(Thread.java:1583)&#10;&quot;Notification Thread&quot; daemon prio=9 tid=22 runnable&#10;java.lang.Thread.State: RUNNABLE&#10;&quot;IPC Server handler 72 on default port 15003&quot; daemon prio=5 tid=292 timed_waiting&#10;java.lang.Thread.State: TIMED_WAITING&#10;        at java.base@21.0.8/jdk.internal.misc.Unsafe.park(Native Method)&#10;        at java.base@21.0.8/java.util.concurrent.locks.LockSupport.parkNanos(LockSupport.java:269)&#10;        at java.base@21.0.8/java.util.concurrent.locks.AbstractQueuedSynchronizer$ConditionObject.awaitNanos(AbstractQueuedSynchronizer.java:1763)&#10;        at java.base@21.0.8/java.util.concurrent.LinkedBlockingQueue.poll(LinkedBlockingQueue.java:460)&#10;        at app//org.apache.hadoop.ipc.CallQueueManager.take(CallQueueManager.java:370)&#10;        at app//org.apache.hadoop.ipc.Server$Handler.run(Server.java:3165)&#10;&quot;ContainerHealthTask&quot; daemon prio=5 tid=658 timed_waiting&#10;java.lang.Thread.State: TIMED_WAITING&#10;        at java.base@21.0.8/java.lang.Thread.sleep0(Native Method)&#10;        at java.base@21.0.8/java.lang.Thread.sleep(Thread.java:509)&#10;        at app//org.apache.hadoop.ozone.recon.fsck.ContainerHealthTask.run(ContainerHealthTask.java:120)&#10;        at app//org.apache.hadoop.ozone.recon.scm.ReconScmTask$$Lambda/0x00007f9d6cc57bd0.run(Unknown Source)&#10;        at java.base@21.0.8/java.lang.Thread.runWith(Thread.java:1596)&#10;        at java.base@21.0.8/java.lang.Thread.run(Thread.java:1583)&#10;&quot;fc0351b7-0c71-4a2a-a0ca-337e5c0b1c14-ReplicationContainerReader-1&quot; daemon prio=5 tid=1328 in Object.wait()&#10;java.lang.Thread.State: WAITING (on object monitor)&#10;        at java.base@21.0.8/jdk.internal.misc.Unsafe.park(Native Method)&#10;        at java.base@21.0.8/java.util.concurrent.locks.LockSupport.park(LockSupport.java:371)&#10;        at java.base@21.0.8/java.util.concurrent.locks.AbstractQueuedSynchronizer$ConditionNode.block(AbstractQueuedSynchronizer.java:519)&#10;        at java.base@21.0.8/java.util.concurrent.ForkJoinPool.unmanagedBlock(ForkJoinPool.java:3780)&#10;        at java.base@21.0.8/java.util.concurrent.ForkJoinPool.managedBlock(ForkJoinPool.java:3725)&#10;        at java.base@21.0.8/java.util.concurrent.locks.AbstractQueuedSynchronizer$ConditionObject.await(AbstractQueuedSynchronizer.java:1712)&#10;        at java.base@21.0.8/java.util.concurrent.LinkedBlockingQueue.take(LinkedBlockingQueue.java:435)&#10;        at java.base@21.0.8/java.util.concurrent.ThreadPoolExecutor.getTask(ThreadPoolExecutor.java:1070)&#10;        at java.base@21.0.8/java.util.concurrent.ThreadPoolExecutor.runWorker(ThreadPoolExecutor.java:1130)&#10;        at java.base@21.0.8/java.util.concurrent.ThreadPoolExecutor$Worker.run(ThreadPoolExecutor.java:642)&#10;        at java.base@21.0.8/java.lang.Thread.runWith(Thread.java:1596)&#10;        at java.base@21.0.8/java.lang.Thread.run(Thread.java:1583)&#10;&quot;CompactionDagPruningService&quot; daemon prio=5 tid=439 timed_waiting&#10;java.lang.Thread.State: TIMED_WAITING&#10;        at java.base@21.0.8/jdk.internal.misc.Unsafe.park(Native Method)&#10;        at java.base@21.0.8/java.util.concurrent.locks.LockSupport.parkNanos(LockSupport.java:269)&#10;        at java.base@21.0.8/java.util.concurrent.locks.AbstractQueuedSynchronizer$ConditionObject.awaitNanos(AbstractQueuedSynchronizer.java:1763)&#10;        at java.base@21.0.8/java.util.concurrent.ScheduledThreadPoolExecutor$DelayedWorkQueue.take(ScheduledThreadPoolExecutor.java:1182)&#10;        at java.base@21.0.8/java.util.concurrent.ScheduledThreadPoolExecutor$DelayedWorkQueue.take(ScheduledThreadPoolExecutor.java:899)&#10;        at java.base@21.0.8/java.util.concurrent.ThreadPoolExecutor.getTask(ThreadPoolExecutor.java:1070)&#10;        at java.base@21.0.8/java.util.concurrent.ThreadPoolExecutor.runWorker(ThreadPoolExecutor.java:1130)&#10;        at java.base@21.0.8/java.util.concurrent.ThreadPoolExecutor$Worker.run(ThreadPoolExecutor.java:642)&#10;        at java.base@21.0.8/java.lang.Thread.runWith(Thread.java:1596)&#10;        at java.base@21.0.8/java.lang.Thread.run(Thread.java:1583)&#10;&quot;gradle-enterprise-test-client-gradle-enterprise-test-listener&quot;  prio=5 tid=31 in Object.wait()&#10;java.lang.Thread.State: WAITING (on object monitor)&#10;        at java.base@21.0.8/jdk.internal.misc.Unsafe.park(Native Method)&#10;        at java.base@21.0.8/java.util.concurrent.locks.LockSupport.park(LockSupport.java:371)&#10;        at java.base@21.0.8/java.util.concurrent.locks.AbstractQueuedSynchronizer$ConditionNode.block(AbstractQueuedSynchronizer.java:519)&#10;        at java.base@21.0.8/java.util.concurrent.ForkJoinPool.unmanagedBlock(ForkJoinPool.java:3780)&#10;        at java.base@21.0.8/java.util.concurrent.ForkJoinPool.managedBlock(ForkJoinPool.java:3725)&#10;        at java.base@21.0.8/java.util.concurrent.locks.AbstractQueuedSynchronizer$ConditionObject.await(AbstractQueuedSynchronizer.java:1712)&#10;        at java.base@21.0.8/java.util.concurrent.ArrayBlockingQueue.take(ArrayBlockingQueue.java:420)&#10;        at app//com.gradle.maven.scan.extension.test.listener.obfuscated.k.a.a(SourceFile:130)&#10;        at app//com.gradle.maven.scan.extension.test.listener.obfuscated.k.a.b(SourceFile:93)&#10;        at app//com.gradle.maven.scan.extension.test.listener.obfuscated.k.a$$Lambda/0x00007f9d6c13ae88.run(Unknown Source)&#10;        at java.base@21.0.8/java.util.concurrent.Executors$RunnableAdapter.call(Executors.java:572)&#10;        at java.base@21.0.8/java.util.concurrent.FutureTask.run(FutureTask.java:317)&#10;        at java.base@21.0.8/java.util.concurrent.ThreadPoolExecutor.runWorker(ThreadPoolExecutor.java:1144)&#10;        at java.base@21.0.8/java.util.concurrent.ThreadPoolExecutor$Worker.run(ThreadPoolExecutor.java:642)&#10;        at java.base@21.0.8/java.lang.Thread.runWith(Thread.java:1596)&#10;        at java.base@21.0.8/java.lang.Thread.run(Thread.java:1583)&#10;&quot;IPC Server handler 87 on default port 15001&quot; daemon prio=5 tid=645 timed_waiting&#10;java.lang.Thread.State: TIMED_WAITING&#10;        at java.base@21.0.8/jdk.internal.misc.Unsafe.park(Native Method)&#10;        at java.base@21.0.8/java.util.concurrent.locks.LockSupport.parkNanos(LockSupport.java:269)&#10;        at java.base@21.0.8/java.util.concurrent.locks.AbstractQueuedSynchronizer$ConditionObject.awaitNanos(AbstractQueuedSynchronizer.java:1763)&#10;        at java.base@21.0.8/java.util.concurrent.LinkedBlockingQueue.poll(LinkedBlockingQueue.java:460)&#10;        at app//org.apache.hadoop.ipc.CallQueueManager.take(CallQueueManager.java:370)&#10;        at app//org.apache.hadoop.ipc.Server$Handler.run(Server.java:3165)&#10;&quot;IPC Server handler 64 on default port 15002&quot; daemon prio=5 tid=184 timed_waiting&#10;java.lang.Thread.State: TIMED_WAITING&#10;        at java.base@21.0.8/jdk.internal.misc.Unsafe.park(Native Method)&#10;        at java.base@21.0.8/java.util.concurrent.locks.LockSupport.parkNanos(LockSupport.java:269)&#10;        at java.base@21.0.8/java.util.concurrent.locks.AbstractQueuedSynchronizer$ConditionObject.awaitNanos(AbstractQueuedSynchronizer.java:1763)&#10;        at java.base@21.0.8/java.util.concurrent.LinkedBlockingQueue.poll(LinkedBlockingQueue.java:460)&#10;        at app//org.apache.hadoop.ipc.CallQueueManager.take(CallQueueManager.java:370)&#10;        at app//org.apache.hadoop.ipc.Server$Handler.run(Server.java:3165)&#10;&quot;7d2db622-5327-4122-ba03-be97b5575303-CommandProcessorThread&quot; daemon prio=5 tid=802 timed_waiting&#10;java.lang.Thread.State: TIMED_WAITING&#10;        at java.base@21.0.8/java.lang.Thread.sleep0(Native Method)&#10;        at java.base@21.0.8/java.lang.Thread.sleep(Thread.java:509)&#10;        at app//org.apache.hadoop.ozone.container.common.statemachine.DatanodeStateMachine.lambda$initCommandHandlerThread$4(DatanodeStateMachine.java:698)&#10;        at app//org.apache.hadoop.ozone.container.common.statemachine.DatanodeStateMachine$$Lambda/0x00007f9d6ccbae88.run(Unknown Source)&#10;        at java.base@21.0.8/java.lang.Thread.runWith(Thread.java:1596)&#10;        at java.base@21.0.8/java.lang.Thread.run(Thread.java:1583)&#10;&quot;74afb32b-8e70-4799-b16c-dc9602d9dbb6-DatanodeStateMachineDaemonThread&quot; daemon prio=10 tid=950 timed_waiting&#10;java.lang.Thread.State: TIMED_WAITING&#10;        at java.base@21.0.8/java.lang.Thread.sleep0(Native Method)&#10;        at java.base@21.0.8/java.lang.Thread.sleep(Thread.java:509)&#10;        at app//org.apache.hadoop.ozone.container.common.statemachine.DatanodeStateMachine.startStateMachineThread(DatanodeStateMachine.java:384)&#10;        at app//org.apache.hadoop.ozone.container.common.statemachine.DatanodeStateMachine.lambda$startDaemon$1(DatanodeStateMachine.java:571)&#10;        at app//org.apache.hadoop.ozone.container.common.statemachine.DatanodeStateMachine$$Lambda/0x00007f9d6ccb9cf8.run(Unknown Source)&#10;        at java.base@21.0.8/java.lang.Thread.runWith(Thread.java:1596)&#10;        at java.base@21.0.8/java.lang.Thread.run(Thread.java:1583)&#10;&quot;IPC Server listener on 15002&quot; daemon prio=5 tid=89 runnable&#10;java.lang.Thread.State: RUNNABLE&#10;        at java.base@21.0.8/sun.nio.ch.EPoll.wait(Native Method)&#10;        at java.base@21.0.8/sun.nio.ch.EPollSelectorImpl.doSelect(EPollSelectorImpl.java:121)&#10;        at java.base@21.0.8/sun.nio.ch.SelectorImpl.lockAndDoSelect(SelectorImpl.java:130)&#10;        at java.base@21.0.8/sun.nio.ch.SelectorImpl.select(SelectorImpl.java:147)&#10;        at app//org.apache.hadoop.ipc.Server$Listener.run(Server.java:1559)&#10;&quot;Socket Reader #7 for port 15002&quot; daemon prio=5 tid=96 runnable&#10;java.lang.Thread.State: RUNNABLE&#10;        at java.base@21.0.8/sun.nio.ch.EPoll.wait(Native Method)&#10;        at java.base@21.0.8/sun.nio.ch.EPollSelectorImpl.doSelect(EPollSelectorImpl.java:121)&#10;        at java.base@21.0.8/sun.nio.ch.SelectorImpl.lockAndDoSelect(SelectorImpl.java:130)&#10;        at java.base@21.0.8/sun.nio.ch.SelectorImpl.select(SelectorImpl.java:147)&#10;        at app//org.apache.hadoop.ipc.Server$Listener$Reader.doRunLoop(Server.java:1497)&#10;        at app//org.apache.hadoop.ipc.Server$Listener$Reader.run(Server.java:1476)&#10;&quot;qtp473358662-910&quot; daemon prio=5 tid=910 timed_waiting&#10;java.lang.Thread.State: TIMED_WAITING&#10;        at java.base@21.0.8/jdk.internal.misc.Unsafe.park(Native Method)&#10;        at java.base@21.0.8/java.util.concurrent.locks.LockSupport.parkNanos(LockSupport.java:269)&#10;        at java.base@21.0.8/java.util.concurrent.locks.AbstractQueuedSynchronizer$ConditionObject.awaitNanos(AbstractQueuedSynchronizer.java:1763)&#10;        at app//org.eclipse.jetty.util.BlockingArrayQueue.poll(BlockingArrayQueue.java:382)&#10;        at app//org.eclipse.jetty.util.thread.QueuedThreadPool$Runner.idleJobPoll(QueuedThreadPool.java:974)&#10;        at app//org.eclipse.jetty.util.thread.QueuedThreadPool$Runner.run(QueuedThreadPool.java:1018)&#10;        at java.base@21.0.8/java.lang.Thread.runWith(Thread.java:1596)&#10;        at java.base@21.0.8/java.lang.Thread.run(Thread.java:1583)&#10;&quot;IPC Server handler 17 on default port 15001&quot; daemon prio=5 tid=575 timed_waiting&#10;java.lang.Thread.State: TIMED_WAITING&#10;        at java.base@21.0.8/jdk.internal.misc.Unsafe.park(Native Method)&#10;        at java.base@21.0.8/java.util.concurrent.locks.LockSupport.parkNanos(LockSupport.java:269)&#10;        at java.base@21.0.8/java.util.concurrent.locks.AbstractQueuedSynchronizer$ConditionObject.awaitNanos(AbstractQueuedSynchronizer.java:1763)&#10;        at java.base@21.0.8/java.util.concurrent.LinkedBlockingQueue.poll(LinkedBlockingQueue.java:460)&#10;        at app//org.apache.hadoop.ipc.CallQueueManager.take(CallQueueManager.java:370)&#10;        at app//org.apache.hadoop.ipc.Server$Handler.run(Server.java:3165)&#10;&quot;ContainerMetadataScanner&quot; daemon prio=5 tid=889 timed_waiting&#10;java.lang.Thread.State: TIMED_WAITING&#10;        at java.base@21.0.8/java.lang.Thread.sleep0(Native Method)&#10;        at java.base@21.0.8/java.lang.Thread.sleep(Thread.java:509)&#10;        at app//org.apache.hadoop.ozone.container.ozoneimpl.AbstractBackgroundContainerScanner.handleRemainingSleep(AbstractBackgroundContainerScanner.java:133)&#10;        at app//org.apache.hadoop.ozone.container.ozoneimpl.AbstractBackgroundContainerScanner.runIteration(AbstractBackgroundContainerScanner.java:100)&#10;        at app//org.apache.hadoop.ozone.container.ozoneimpl.AbstractBackgroundContainerScanner.run(AbstractBackgroundContainerScanner.java:59)&#10;        at java.base@21.0.8/java.lang.Thread.runWith(Thread.java:1596)&#10;        at java.base@21.0.8/java.lang.Thread.run(Thread.java:1583)&#10;&quot;IPC Server handler 43 on default port 15004&quot; daemon prio=5 tid=381 timed_waiting&#10;java.lang.Thread.State: TIMED_WAITING&#10;        at java.base@21.0.8/jdk.internal.misc.Unsafe.park(Native Method)&#10;        at java.base@21.0.8/java.util.concurrent.locks.LockSupport.parkNanos(LockSupport.java:269)&#10;        at java.base@21.0.8/java.util.concurrent.locks.AbstractQueuedSynchronizer$ConditionObject.awaitNanos(AbstractQueuedSynchronizer.java:1763)&#10;        at java.base@21.0.8/java.util.concurrent.LinkedBlockingQueue.poll(LinkedBlockingQueue.java:460)&#10;        at app//org.apache.hadoop.ipc.CallQueueManager.take(CallQueueManager.java:370)&#10;        at app//org.apache.hadoop.ipc.Server$Handler.run(Server.java:3165)&#10;&quot;IPC Server handler 73 on default port 15004&quot; daemon prio=5 tid=411 timed_waiting&#10;java.lang.Thread.State: TIMED_WAITING&#10;        at java.base@21.0.8/jdk.internal.misc.Unsafe.park(Native Method)&#10;        at java.base@21.0.8/java.util.concurrent.locks.LockSupport.parkNanos(LockSupport.java:269)&#10;        at java.base@21.0.8/java.util.concurrent.locks.AbstractQueuedSynchronizer$ConditionObject.awaitNanos(AbstractQueuedSynchronizer.java:1763)&#10;        at java.base@21.0.8/java.util.concurrent.LinkedBlockingQueue.poll(LinkedBlockingQueue.java:460)&#10;        at app//org.apache.hadoop.ipc.CallQueueManager.take(CallQueueManager.java:370)&#10;        at app//org.apache.hadoop.ipc.Server$Handler.run(Server.java:3165)&#10;&quot;qtp1782170617-822&quot; daemon prio=5 tid=822 timed_waiting&#10;java.lang.Thread.State: TIMED_WAITING&#10;        at java.base@21.0.8/jdk.internal.misc.Unsafe.park(Native Method)&#10;        at java.base@21.0.8/java.util.concurrent.locks.LockSupport.parkNanos(LockSupport.java:269)&#10;        at java.base@21.0.8/java.util.concurrent.locks.AbstractQueuedSynchronizer$ConditionObject.awaitNanos(AbstractQueuedSynchronizer.java:1763)&#10;        at app//org.eclipse.jetty.util.BlockingArrayQueue.poll(BlockingArrayQueue.java:382)&#10;        at app//org.eclipse.jetty.util.thread.QueuedThreadPool$Runner.idleJobPoll(QueuedThreadPool.java:974)&#10;        at app//org.eclipse.jetty.util.thread.QueuedThreadPool$Runner.run(QueuedThreadPool.java:1018)&#10;        at java.base@21.0.8/java.lang.Thread.runWith(Thread.java:1596)&#10;        at java.base@21.0.8/java.lang.Thread.run(Thread.java:1583)&#10;&quot;IPC Server handler 89 on default port 15001&quot; daemon prio=5 tid=647 timed_waiting&#10;java.lang.Thread.State: TIMED_WAITING&#10;        at java.base@21.0.8/jdk.internal.misc.Unsafe.park(Native Method)&#10;        at java.base@21.0.8/java.util.concurrent.locks.LockSupport.parkNanos(LockSupport.java:269)&#10;        at java.base@21.0.8/java.util.concurrent.locks.AbstractQueuedSynchronizer$ConditionObject.awaitNanos(AbstractQueuedSynchronizer.java:1763)&#10;        at java.base@21.0.8/java.util.concurrent.LinkedBlockingQueue.poll(LinkedBlockingQueue.java:460)&#10;        at app//org.apache.hadoop.ipc.CallQueueManager.take(CallQueueManager.java:370)&#10;        at app//org.apache.hadoop.ipc.Server$Handler.run(Server.java:3165)&#10;&quot;volumeTable_FullTableCache-Cleanup-0&quot; daemon prio=5 tid=440 timed_waiting&#10;java.lang.Thread.State: TIMED_WAITING&#10;        at java.base@21.0.8/jdk.internal.misc.Unsafe.park(Native Method)&#10;        at java.base@21.0.8/java.util.concurrent.locks.LockSupport.parkNanos(LockSupport.java:269)&#10;        at java.base@21.0.8/java.util.concurrent.locks.AbstractQueuedSynchronizer$ConditionObject.awaitNanos(AbstractQueuedSynchronizer.java:1763)&#10;        at java.base@21.0.8/java.util.concurrent.ScheduledThreadPoolExecutor$DelayedWorkQueue.take(ScheduledThreadPoolExecutor.java:1182)&#10;        at java.base@21.0.8/java.util.concurrent.ScheduledThreadPoolExecutor$DelayedWorkQueue.take(ScheduledThreadPoolExecutor.java:899)&#10;        at java.base@21.0.8/java.util.concurrent.ThreadPoolExecutor.getTask(ThreadPoolExecutor.java:1070)&#10;        at java.base@21.0.8/java.util.concurrent.ThreadPoolExecutor.runWorker(ThreadPoolExecutor.java:1130)&#10;        at java.base@21.0.8/java.util.concurrent.ThreadPoolExecutor$Worker.run(ThreadPoolExecutor.java:642)&#10;        at java.base@21.0.8/java.lang.Thread.runWith(Thread.java:1596)&#10;        at java.base@21.0.8/java.lang.Thread.run(Thread.java:1583)&#10;&quot;IPC Server handler 3 on default port 15008&quot; daemon prio=5 tid=495 timed_waiting&#10;java.lang.Thread.State: TIMED_WAITING&#10;        at java.base@21.0.8/jdk.internal.misc.Unsafe.park(Native Method)&#10;        at java.base@21.0.8/java.util.concurrent.locks.LockSupport.parkNanos(LockSupport.java:269)&#10;        at java.base@21.0.8/java.util.concurrent.locks.AbstractQueuedSynchronizer$ConditionObject.awaitNanos(AbstractQueuedSynchronizer.java:1763)&#10;        at java.base@21.0.8/java.util.concurrent.LinkedBlockingQueue.poll(LinkedBlockingQueue.java:460)&#10;        at app//org.apache.hadoop.ipc.CallQueueManager.take(CallQueueManager.java:370)&#10;        at app//org.apache.hadoop.ipc.Server$Handler.run(Server.java:3165)&#10;&quot;qtp1181622455-544&quot; daemon prio=5 tid=544 timed_waiting&#10;java.lang.Thread.State: TIMED_WAITING&#10;        at java.base@21.0.8/jdk.internal.misc.Unsafe.park(Native Method)&#10;        at java.base@21.0.8/java.util.concurrent.locks.LockSupport.parkNanos(LockSupport.java:269)&#10;        at java.base@21.0.8/java.util.concurrent.locks.AbstractQueuedSynchronizer$ConditionObject.awaitNanos(AbstractQueuedSynchronizer.java:1763)&#10;        at app//org.eclipse.jetty.util.BlockingArrayQueue.poll(BlockingArrayQueue.java:382)&#10;        at app//org.eclipse.jetty.util.thread.QueuedThreadPool$Runner.idleJobPoll(QueuedThreadPool.java:974)&#10;        at app//org.eclipse.jetty.util.thread.QueuedThreadPool$Runner.run(QueuedThreadPool.java:1018)&#10;        at java.base@21.0.8/java.lang.Thread.runWith(Thread.java:1596)&#10;        at java.base@21.0.8/java.lang.Thread.run(Thread.java:1583)&#10;&quot;Session-HouseKeeper-4e10b2ca-1&quot;  prio=5 tid=726 timed_waiting&#10;java.lang.Thread.State: TIMED_WAITING&#10;        at java.base@21.0.8/jdk.internal.misc.Unsafe.park(Native Method)&#10;        at java.base@21.0.8/java.util.concurrent.locks.LockSupport.parkNanos(LockSupport.java:269)&#10;        at java.base@21.0.8/java.util.concurrent.locks.AbstractQueuedSynchronizer$ConditionObject.awaitNanos(AbstractQueuedSynchronizer.java:1763)&#10;        at java.base@21.0.8/java.util.concurrent.ScheduledThreadPoolExecutor$DelayedWorkQueue.take(ScheduledThreadPoolExecutor.java:1182)&#10;        at java.base@21.0.8/java.util.concurrent.ScheduledThreadPoolExecutor$DelayedWorkQueue.take(ScheduledThreadPoolExecutor.java:899)&#10;        at java.base@21.0.8/java.util.concurrent.ThreadPoolExecutor.getTask(ThreadPoolExecutor.java:1070)&#10;        at java.base@21.0.8/java.util.concurrent.ThreadPoolExecutor.runWorker(ThreadPoolExecutor.java:1130)&#10;        at java.base@21.0.8/java.util.concurrent.ThreadPoolExecutor$Worker.run(ThreadPoolExecutor.java:642)&#10;        at java.base@21.0.8/java.lang.Thread.runWith(Thread.java:1596)&#10;        at java.base@21.0.8/java.lang.Thread.run(Thread.java:1583)&#10;&quot;Socket Reader #6 for port 15037&quot; daemon prio=5 tid=856 runnable&#10;java.lang.Thread.State: RUNNABLE&#10;        at java.base@21.0.8/sun.nio.ch.EPoll.wait(Native Method)&#10;        at java.base@21.0.8/sun.nio.ch.EPollSelectorImpl.doSelect(EPollSelectorImpl.java:121)&#10;        at java.base@21.0.8/sun.nio.ch.SelectorImpl.lockAndDoSelect(SelectorImpl.java:130)&#10;        at java.base@21.0.8/sun.nio.ch.SelectorImpl.select(SelectorImpl.java:147)&#10;        at app//org.apache.hadoop.ipc.Server$Listener$Reader.doRunLoop(Server.java:1497)&#10;        at app//org.apache.hadoop.ipc.Server$Listener$Reader.run(Server.java:1476)&#10;&quot;IPC Server handler 96 on default port 15002&quot; daemon prio=5 tid=216 timed_waiting&#10;java.lang.Thread.State: TIMED_WAITING&#10;        at java.base@21.0.8/jdk.internal.misc.Unsafe.park(Native Method)&#10;        at java.base@21.0.8/java.util.concurrent.locks.LockSupport.parkNanos(LockSupport.java:269)&#10;        at java.base@21.0.8/java.util.concurrent.locks.AbstractQueuedSynchronizer$ConditionObject.awaitNanos(AbstractQueuedSynchronizer.java:1763)&#10;        at java.base@21.0.8/java.util.concurrent.LinkedBlockingQueue.poll(LinkedBlockingQueue.java:460)&#10;        at app//org.apache.hadoop.ipc.CallQueueManager.take(CallQueueManager.java:370)&#10;        at app//org.apache.hadoop.ipc.Server$Handler.run(Server.java:3165)&#10;&quot;IPC Server handler 4 on default port 15004&quot; daemon prio=5 tid=342 timed_waiting&#10;java.lang.Thread.State: TIMED_WAITING&#10;        at java.base@21.0.8/jdk.internal.misc.Unsafe.park(Native Method)&#10;        at java.base@21.0.8/java.util.concurrent.locks.LockSupport.parkNanos(LockSupport.java:269)&#10;        at java.base@21.0.8/java.util.concurrent.locks.AbstractQueuedSynchronizer$ConditionObject.awaitNanos(AbstractQueuedSynchronizer.java:1763)&#10;        at java.base@21.0.8/java.util.concurrent.LinkedBlockingQueue.poll(LinkedBlockingQueue.java:460)&#10;        at app//org.apache.hadoop.ipc.CallQueueManager.take(CallQueueManager.java:370)&#10;        at app//org.apache.hadoop.ipc.Server$Handler.run(Server.java:3165)&#10;&quot;74afb32b-8e70-4799-b16c-dc9602d9dbb6-DatanodeStateMachineTaskThread-0&quot;  prio=5 tid=969 in Object.wait()&#10;java.lang.Thread.State: WAITING (on object monitor)&#10;        at java.base@21.0.8/jdk.internal.misc.Unsafe.park(Native Method)&#10;        at java.base@21.0.8/java.util.concurrent.locks.LockSupport.park(LockSupport.java:371)&#10;        at java.base@21.0.8/java.util.concurrent.locks.AbstractQueuedSynchronizer$ConditionNode.block(AbstractQueuedSynchronizer.java:519)&#10;        at java.base@21.0.8/java.util.concurrent.ForkJoinPool.unmanagedBlock(ForkJoinPool.java:3780)&#10;        at java.base@21.0.8/java.util.concurrent.ForkJoinPool.managedBlock(ForkJoinPool.java:3725)&#10;        at java.base@21.0.8/java.util.concurrent.locks.AbstractQueuedSynchronizer$ConditionObject.await(AbstractQueuedSynchronizer.java:1712)&#10;        at java.base@21.0.8/java.util.concurrent.LinkedBlockingQueue.take(LinkedBlockingQueue.java:435)&#10;        at java.base@21.0.8/java.util.concurrent.ThreadPoolExecutor.getTask(ThreadPoolExecutor.java:1070)&#10;        at java.base@21.0.8/java.util.concurrent.ThreadPoolExecutor.runWorker(ThreadPoolExecutor.java:1130)&#10;        at java.base@21.0.8/java.util.concurrent.ThreadPoolExecutor$Worker.run(ThreadPoolExecutor.java:642)&#10;        at java.base@21.0.8/java.lang.Thread.runWith(Thread.java:1596)&#10;        at java.base@21.0.8/java.lang.Thread.run(Thread.java:1583)&#10;&quot;IPC Server handler 79 on default port 15001&quot; daemon prio=5 tid=637 timed_waiting&#10;java.lang.Thread.State: TIMED_WAITING&#10;        at java.base@21.0.8/jdk.internal.misc.Unsafe.park(Native Method)&#10;        at java.base@21.0.8/java.util.concurrent.locks.LockSupport.parkNanos(LockSupport.java:269)&#10;        at java.base@21.0.8/java.util.concurrent.locks.AbstractQueuedSynchronizer$ConditionObject.awaitNanos(AbstractQueuedSynchronizer.java:1763)&#10;        at java.base@21.0.8/java.util.concurrent.LinkedBlockingQueue.poll(LinkedBlockingQueue.java:460)&#10;        at app//org.apache.hadoop.ipc.CallQueueManager.take(CallQueueManager.java:370)&#10;        at app//org.apache.hadoop.ipc.Server$Handler.run(Server.java:3165)&#10;&quot;IPC Server handler 7 on default port 15021&quot; daemon prio=5 tid=748 timed_waiting&#10;java.lang.Thread.State: TIMED_WAITING&#10;        at java.base@21.0.8/jdk.internal.misc.Unsafe.park(Native Method)&#10;        at java.base@21.0.8/java.util.concurrent.locks.LockSupport.parkNanos(LockSupport.java:269)&#10;        at java.base@21.0.8/java.util.concurrent.locks.AbstractQueuedSynchronizer$ConditionObject.awaitNanos(AbstractQueuedSynchronizer.java:1763)&#10;        at java.base@21.0.8/java.util.concurrent.LinkedBlockingQueue.poll(LinkedBlockingQueue.java:460)&#10;        at app//org.apache.hadoop.ipc.CallQueueManager.take(CallQueueManager.java:370)&#10;        at app//org.apache.hadoop.ipc.Server$Handler.run(Server.java:3165)&#10;&quot;IPC Server handler 95 on default port 15002&quot; daemon prio=5 tid=215 timed_waiting&#10;java.lang.Thread.State: TIMED_WAITING&#10;        at java.base@21.0.8/jdk.internal.misc.Unsafe.park(Native Method)&#10;        at java.base@21.0.8/java.util.concurrent.locks.LockSupport.parkNanos(LockSupport.java:269)&#10;        at java.base@21.0.8/java.util.concurrent.locks.AbstractQueuedSynchronizer$ConditionObject.awaitNanos(AbstractQueuedSynchronizer.java:1763)&#10;        at java.base@21.0.8/java.util.concurrent.LinkedBlockingQueue.poll(LinkedBlockingQueue.java:460)&#10;        at app//org.apache.hadoop.ipc.CallQueueManager.take(CallQueueManager.java:370)&#10;        at app//org.apache.hadoop.ipc.Server$Handler.run(Server.java:3165)&#10;&quot;IPC Server handler 33 on default port 15003&quot; daemon prio=5 tid=253 timed_waiting&#10;java.lang.Thread.State: TIMED_WAITING&#10;        at java.base@21.0.8/jdk.internal.misc.Unsafe.park(Native Method)&#10;        at java.base@21.0.8/java.util.concurrent.locks.LockSupport.parkNanos(LockSupport.java:269)&#10;        at java.base@21.0.8/java.util.concurrent.locks.AbstractQueuedSynchronizer$ConditionObject.awaitNanos(AbstractQueuedSynchronizer.java:1763)&#10;        at java.base@21.0.8/java.util.concurrent.LinkedBlockingQueue.poll(LinkedBlockingQueue.java:460)&#10;        at app//org.apache.hadoop.ipc.CallQueueManager.take(CallQueueManager.java:370)&#10;        at app//org.apache.hadoop.ipc.Server$Handler.run(Server.java:3165)&#10;&quot;IPC Server handler 29 on default port 15001&quot; daemon prio=5 tid=587 timed_waiting&#10;java.lang.Thread.State: TIMED_WAITING&#10;        at java.base@21.0.8/jdk.internal.misc.Unsafe.park(Native Method)&#10;        at java.base@21.0.8/java.util.concurrent.locks.LockSupport.parkNanos(LockSupport.java:269)&#10;        at java.base@21.0.8/java.util.concurrent.locks.AbstractQueuedSynchronizer$ConditionObject.awaitNanos(AbstractQueuedSynchronizer.java:1763)&#10;        at java.base@21.0.8/java.util.concurrent.LinkedBlockingQueue.poll(LinkedBlockingQueue.java:460)&#10;        at app//org.apache.hadoop.ipc.CallQueueManager.take(CallQueueManager.java:370)&#10;        at app//org.apache.hadoop.ipc.Server$Handler.run(Server.java:3165)&#10;&quot;IPC Server handler 84 on default port 15001&quot; daemon prio=5 tid=642 timed_waiting&#10;java.lang.Thread.State: TIMED_WAITING&#10;        at java.base@21.0.8/jdk.internal.misc.Unsafe.park(Native Method)&#10;        at java.base@21.0.8/java.util.concurrent.locks.LockSupport.parkNanos(LockSupport.java:269)&#10;        at java.base@21.0.8/java.util.concurrent.locks.AbstractQueuedSynchronizer$ConditionObject.awaitNanos(AbstractQueuedSynchronizer.java:1763)&#10;        at java.base@21.0.8/java.util.concurrent.LinkedBlockingQueue.poll(LinkedBlockingQueue.java:460)&#10;        at app//org.apache.hadoop.ipc.CallQueueManager.take(CallQueueManager.java:370)&#10;        at app//org.apache.hadoop.ipc.Server$Handler.run(Server.java:3165)&#10;&quot;IPC Server handler 25 on default port 15002&quot; daemon prio=5 tid=145 timed_waiting&#10;java.lang.Thread.State: TIMED_WAITING&#10;        at java.base@21.0.8/jdk.internal.misc.Unsafe.park(Native Method)&#10;        at java.base@21.0.8/java.util.concurrent.locks.LockSupport.parkNanos(LockSupport.java:269)&#10;        at java.base@21.0.8/java.util.concurrent.locks.AbstractQueuedSynchronizer$ConditionObject.awaitNanos(AbstractQueuedSynchronizer.java:1763)&#10;        at java.base@21.0.8/java.util.concurrent.LinkedBlockingQueue.poll(LinkedBlockingQueue.java:460)&#10;        at app//org.apache.hadoop.ipc.CallQueueManager.take(CallQueueManager.java:370)&#10;        at app//org.apache.hadoop.ipc.Server$Handler.run(Server.java:3165)&#10;&quot;IPC Server handler 70 on default port 15001&quot; daemon prio=5 tid=628 timed_waiting&#10;java.lang.Thread.State: TIMED_WAITING&#10;        at java.base@21.0.8/jdk.internal.misc.Unsafe.park(Native Method)&#10;        at java.base@21.0.8/java.util.concurrent.locks.LockSupport.parkNanos(LockSupport.java:269)&#10;        at java.base@21.0.8/java.util.concurrent.locks.AbstractQueuedSynchronizer$ConditionObject.awaitNanos(AbstractQueuedSynchronizer.java:1763)&#10;        at java.base@21.0.8/java.util.concurrent.LinkedBlockingQueue.poll(LinkedBlockingQueue.java:460)&#10;        at app//org.apache.hadoop.ipc.CallQueueManager.take(CallQueueManager.java:370)&#10;        at app//org.apache.hadoop.ipc.Server$Handler.run(Server.java:3165)&#10;&quot;IPC Server handler 59 on default port 15001&quot; daemon prio=5 tid=617 timed_waiting&#10;java.lang.Thread.State: TIMED_WAITING&#10;        at java.base@21.0.8/jdk.internal.misc.Unsafe.park(Native Method)&#10;        at java.base@21.0.8/java.util.concurrent.locks.LockSupport.parkNanos(LockSupport.java:269)&#10;        at java.base@21.0.8/java.util.concurrent.locks.AbstractQueuedSynchronizer$ConditionObject.awaitNanos(AbstractQueuedSynchronizer.java:1763)&#10;        at java.base@21.0.8/java.util.concurrent.LinkedBlockingQueue.poll(LinkedBlockingQueue.java:460)&#10;        at app//org.apache.hadoop.ipc.CallQueueManager.take(CallQueueManager.java:370)&#10;        at app//org.apache.hadoop.ipc.Server$Handler.run(Server.java:3165)&#10;&quot;IPC Server handler 74 on default port 15002&quot; daemon prio=5 tid=194 timed_waiting&#10;java.lang.Thread.State: TIMED_WAITING&#10;        at java.base@21.0.8/jdk.internal.misc.Unsafe.park(Native Method)&#10;        at java.base@21.0.8/java.util.concurrent.locks.LockSupport.parkNanos(LockSupport.java:269)&#10;        at java.base@21.0.8/java.util.concurrent.locks.AbstractQueuedSynchronizer$ConditionObject.awaitNanos(AbstractQueuedSynchronizer.java:1763)&#10;        at java.base@21.0.8/java.util.concurrent.LinkedBlockingQueue.poll(LinkedBlockingQueue.java:460)&#10;        at app//org.apache.hadoop.ipc.CallQueueManager.take(CallQueueManager.java:370)&#10;        at app//org.apache.hadoop.ipc.Server$Handler.run(Server.java:3165)&#10;&quot;IPC Server handler 97 on default port 15003&quot; daemon prio=5 tid=317 timed_waiting&#10;java.lang.Thread.State: TIMED_WAITING&#10;        at java.base@21.0.8/jdk.internal.misc.Unsafe.park(Native Method)&#10;        at java.base@21.0.8/java.util.concurrent.locks.LockSupport.parkNanos(LockSupport.java:269)&#10;        at java.base@21.0.8/java.util.concurrent.locks.AbstractQueuedSynchronizer$ConditionObject.awaitNanos(AbstractQueuedSynchronizer.java:1763)&#10;        at java.base@21.0.8/java.util.concurrent.LinkedBlockingQueue.poll(LinkedBlockingQueue.java:460)&#10;        at app//org.apache.hadoop.ipc.CallQueueManager.take(CallQueueManager.java:370)&#10;        at app//org.apache.hadoop.ipc.Server$Handler.run(Server.java:3165)&#10;&quot;Recon-FixedThreadPoolWithAffinityExecutor-2-0&quot; daemon prio=5 tid=536 timed_waiting&#10;java.lang.Thread.State: TIMED_WAITING&#10;        at java.base@21.0.8/jdk.internal.misc.Unsafe.park(Native Method)&#10;        at java.base@21.0.8/java.util.concurrent.locks.LockSupport.parkNanos(LockSupport.java:269)&#10;        at java.base@21.0.8/java.util.concurrent.locks.AbstractQueuedSynchronizer$ConditionObject.awaitNanos(AbstractQueuedSynchronizer.java:1763)&#10;        at java.base@21.0.8/java.util.concurrent.LinkedBlockingQueue.poll(LinkedBlockingQueue.java:460)&#10;        at app//org.apache.hadoop.hdds.scm.server.ContainerReportQueue.poll(ContainerReportQueue.java:269)&#10;        at app//org.apache.hadoop.hdds.scm.server.ContainerReportQueue.poll(ContainerReportQueue.java:42)&#10;        at app//org.apache.hadoop.hdds.server.events.FixedThreadPoolWithAffinityExecutor$ContainerReportProcessTask.run(FixedThreadPoolWithAffinityExecutor.java:228)&#10;        at java.base@21.0.8/java.util.concurrent.Executors$RunnableAdapter.call(Executors.java:572)&#10;        at java.base@21.0.8/java.util.concurrent.FutureTask.run(FutureTask.java:317)&#10;        at java.base@21.0.8/java.util.concurrent.ThreadPoolExecutor.runWorker(ThreadPoolExecutor.java:1144)&#10;        at java.base@21.0.8/java.util.concurrent.ThreadPoolExecutor$Worker.run(ThreadPoolExecutor.java:642)&#10;        at java.base@21.0.8/java.lang.Thread.runWith(Thread.java:1596)&#10;        at java.base@21.0.8/java.lang.Thread.run(Thread.java:1583)&#10;&quot;IPC Server handler 6 on default port 15004&quot; daemon prio=5 tid=344 timed_waiting&#10;java.lang.Thread.State: TIMED_WAITING&#10;        at java.base@21.0.8/jdk.internal.misc.Unsafe.park(Native Method)&#10;        at java.base@21.0.8/java.util.concurrent.locks.LockSupport.parkNanos(LockSupport.java:269)&#10;        at java.base@21.0.8/java.util.concurrent.locks.AbstractQueuedSynchronizer$ConditionObject.awaitNanos(AbstractQueuedSynchronizer.java:1763)&#10;        at java.base@21.0.8/java.util.concurrent.LinkedBlockingQueue.poll(LinkedBlockingQueue.java:460)&#10;        at app//org.apache.hadoop.ipc.CallQueueManager.take(CallQueueManager.java:370)&#10;        at app//org.apache.hadoop.ipc.Server$Handler.run(Server.java:3165)&#10;&quot;c11f8a16-55ee-4f22-a5a5-7daf2dffa753@group-5472C7309C8C-LeaderStateImpl&quot; daemon prio=5 tid=1100 timed_waiting&#10;java.lang.Thread.State: TIMED_WAITING&#10;        at java.base@21.0.8/jdk.internal.misc.Unsafe.park(Native Method)&#10;        at java.base@21.0.8/java.util.concurrent.locks.LockSupport.parkNanos(LockSupport.java:269)&#10;        at java.base@21.0.8/java.util.concurrent.locks.AbstractQueuedSynchronizer$ConditionObject.awaitNanos(AbstractQueuedSynchronizer.java:1763)&#10;        at java.base@21.0.8/java.util.concurrent.ArrayBlockingQueue.poll(ArrayBlockingQueue.java:435)&#10;        at app//org.apache.ratis.server.impl.LeaderStateImpl$EventQueue.poll(LeaderStateImpl.java:168)&#10;        at app//org.apache.ratis.server.impl.LeaderStateImpl$EventProcessor.run(LeaderStateImpl.java:761)&#10;&quot;fc0351b7-0c71-4a2a-a0ca-337e5c0b1c14-DatanodeReportManager-2&quot; daemon prio=5 tid=877 timed_waiting&#10;java.lang.Thread.State: TIMED_WAITING&#10;        at java.base@21.0.8/jdk.internal.misc.Unsafe.park(Native Method)&#10;        at java.base@21.0.8/java.util.concurrent.locks.LockSupport.park(LockSupport.java:371)&#10;        at java.base@21.0.8/java.util.concurrent.locks.AbstractQueuedSynchronizer$ConditionNode.block(AbstractQueuedSynchronizer.java:519)&#10;        at java.base@21.0.8/java.util.concurrent.ForkJoinPool.unmanagedBlock(ForkJoinPool.java:3780)&#10;        at java.base@21.0.8/java.util.concurrent.ForkJoinPool.managedBlock(ForkJoinPool.java:3725)&#10;        at java.base@21.0.8/java.util.concurrent.locks.AbstractQueuedSynchronizer$ConditionObject.await(AbstractQueuedSynchronizer.java:1712)&#10;        at java.base@21.0.8/java.util.concurrent.ScheduledThreadPoolExecutor$DelayedWorkQueue.take(ScheduledThreadPoolExecutor.java:1177)&#10;        at java.base@21.0.8/java.util.concurrent.ScheduledThreadPoolExecutor$DelayedWorkQueue.take(ScheduledThreadPoolExecutor.java:899)&#10;        at java.base@21.0.8/java.util.concurrent.ThreadPoolExecutor.getTask(ThreadPoolExecutor.java:1070)&#10;        at java.base@21.0.8/java.util.concurrent.ThreadPoolExecutor.runWorker(ThreadPoolExecutor.java:1130)&#10;        at java.base@21.0.8/java.util.concurrent.ThreadPoolExecutor$Worker.run(ThreadPoolExecutor.java:642)&#10;        at java.base@21.0.8/java.lang.Thread.runWith(Thread.java:1596)&#10;        at java.base@21.0.8/java.lang.Thread.run(Thread.java:1583)&#10;&quot;IPC Server handler 9 on default port 15001&quot; daemon prio=5 tid=567 timed_waiting&#10;java.lang.Thread.State: TIMED_WAITING&#10;        at java.base@21.0.8/jdk.internal.misc.Unsafe.park(Native Method)&#10;        at java.base@21.0.8/java.util.concurrent.locks.LockSupport.parkNanos(LockSupport.java:269)&#10;        at java.base@21.0.8/java.util.concurrent.locks.AbstractQueuedSynchronizer$ConditionObject.awaitNanos(AbstractQueuedSynchronizer.java:1763)&#10;        at java.base@21.0.8/java.util.concurrent.LinkedBlockingQueue.poll(LinkedBlockingQueue.java:460)&#10;        at app//org.apache.hadoop.ipc.CallQueueManager.take(CallQueueManager.java:370)&#10;        at app//org.apache.hadoop.ipc.Server$Handler.run(Server.java:3165)&#10;&quot;Socket Reader #7 for port 15029&quot; daemon prio=5 tid=780 runnable&#10;java.lang.Thread.State: RUNNABLE&#10;        at java.base@21.0.8/sun.nio.ch.EPoll.wait(Native Method)&#10;        at java.base@21.0.8/sun.nio.ch.EPollSelectorImpl.doSelect(EPollSelectorImpl.java:121)&#10;        at java.base@21.0.8/sun.nio.ch.SelectorImpl.lockAndDoSelect(SelectorImpl.java:130)&#10;        at java.base@21.0.8/sun.nio.ch.SelectorImpl.select(SelectorImpl.java:147)&#10;        at app//org.apache.hadoop.ipc.Server$Listener$Reader.doRunLoop(Server.java:1497)&#10;        at app//org.apache.hadoop.ipc.Server$Listener$Reader.run(Server.java:1476)&#10;&quot;timer3&quot; daemon prio=5 tid=1118 timed_waiting&#10;java.lang.Thread.State: TIMED_WAITING&#10;        at java.base@21.0.8/java.lang.Object.wait0(Native Method)&#10;        at java.base@21.0.8/java.lang.Object.wait(Object.java:366)&#10;        at java.base@21.0.8/java.util.TimerThread.mainLoop(Timer.java:563)&#10;        at java.base@21.0.8/java.util.TimerThread.run(Timer.java:516)&#10;&quot;pool-252-thread-1&quot;  prio=5 tid=906 timed_waiting&#10;java.lang.Thread.State: TIMED_WAITING&#10;        at java.base@21.0.8/jdk.internal.misc.Unsafe.park(Native Method)&#10;        at java.base@21.0.8/java.util.concurrent.locks.LockSupport.parkNanos(LockSupport.java:269)&#10;        at java.base@21.0.8/java.util.concurrent.locks.AbstractQueuedSynchronizer$ConditionObject.awaitNanos(AbstractQueuedSynchronizer.java:1763)&#10;        at java.base@21.0.8/java.util.concurrent.ScheduledThreadPoolExecutor$DelayedWorkQueue.take(ScheduledThreadPoolExecutor.java:1182)&#10;        at java.base@21.0.8/java.util.concurrent.ScheduledThreadPoolExecutor$DelayedWorkQueue.take(ScheduledThreadPoolExecutor.java:899)&#10;        at java.base@21.0.8/java.util.concurrent.ThreadPoolExecutor.getTask(ThreadPoolExecutor.java:1070)&#10;        at java.base@21.0.8/java.util.concurrent.ThreadPoolExecutor.runWorker(ThreadPoolExecutor.java:1130)&#10;        at java.base@21.0.8/java.util.concurrent.ThreadPoolExecutor$Worker.run(ThreadPoolExecutor.java:642)&#10;        at java.base@21.0.8/java.lang.Thread.runWith(Thread.java:1596)&#10;        at java.base@21.0.8/java.lang.Thread.run(Thread.java:1583)&#10;&quot;IPC Server handler 5 on default port 15003&quot; daemon prio=5 tid=225 timed_waiting&#10;java.lang.Thread.State: TIMED_WAITING&#10;        at java.base@21.0.8/jdk.internal.misc.Unsafe.park(Native Method)&#10;        at java.base@21.0.8/java.util.concurrent.locks.LockSupport.parkNanos(LockSupport.java:269)&#10;        at java.base@21.0.8/java.util.concurrent.locks.AbstractQueuedSynchronizer$ConditionObject.awaitNanos(AbstractQueuedSynchronizer.java:1763)&#10;        at java.base@21.0.8/java.util.concurrent.LinkedBlockingQueue.poll(LinkedBlockingQueue.java:460)&#10;        at app//org.apache.hadoop.ipc.CallQueueManager.take(CallQueueManager.java:370)&#10;        at app//org.apache.hadoop.ipc.Server$Handler.run(Server.java:3165)&#10;&quot;ContainerDataScanner(/home/runner/work/ozone/ozone/hadoop-ozone/integration-test-recon/target/test-dir/MiniOzoneClusterImpl-b15909b8-03a8-4b15-aaa3-a668c086c089/ozone-metadata/datanode-4/data-0/hdds)&quot; daemon prio=5 tid=990 timed_waiting&#10;java.lang.Thread.State: TIMED_WAITING&#10;        at java.base@21.0.8/java.lang.Thread.sleep0(Native Method)&#10;        at java.base@21.0.8/java.lang.Thread.sleep(Thread.java:509)&#10;        at app//org.apache.hadoop.ozone.container.ozoneimpl.AbstractBackgroundContainerScanner.handleRemainingSleep(AbstractBackgroundContainerScanner.java:133)&#10;        at app//org.apache.hadoop.ozone.container.ozoneimpl.AbstractBackgroundContainerScanner.runIteration(AbstractBackgroundContainerScanner.java:100)&#10;        at app//org.apache.hadoop.ozone.container.ozoneimpl.AbstractBackgroundContainerScanner.run(AbstractBackgroundContainerScanner.java:59)&#10;        at java.base@21.0.8/java.lang.Thread.runWith(Thread.java:1596)&#10;        at java.base@21.0.8/java.lang.Thread.run(Thread.java:1583)&#10;&quot;qtp133286137-487&quot; daemon prio=5 tid=487 runnable&#10;java.lang.Thread.State: RUNNABLE&#10;        at java.base@21.0.8/sun.nio.ch.EPoll.wait(Native Method)&#10;        at java.base@21.0.8/sun.nio.ch.EPollSelectorImpl.doSelect(EPollSelectorImpl.java:121)&#10;        at java.base@21.0.8/sun.nio.ch.SelectorImpl.lockAndDoSelect(SelectorImpl.java:130)&#10;        at java.base@21.0.8/sun.nio.ch.SelectorImpl.select(SelectorImpl.java:147)&#10;        at app//org.eclipse.jetty.io.ManagedSelector.nioSelect(ManagedSelector.java:183)&#10;        at app//org.eclipse.jetty.io.ManagedSelector.select(ManagedSelector.java:190)&#10;        at app//org.eclipse.jetty.io.ManagedSelector$SelectorProducer.select(ManagedSelector.java:606)&#10;        at app//org.eclipse.jetty.io.ManagedSelector$SelectorProducer.produce(ManagedSelector.java:543)&#10;        at app//org.eclipse.jetty.util.thread.strategy.EatWhatYouKill.produceTask(EatWhatYouKill.java:362)&#10;        at app//org.eclipse.jetty.util.thread.strategy.EatWhatYouKill.doProduce(EatWhatYouKill.java:186)&#10;        at app//org.eclipse.jetty.util.thread.strategy.EatWhatYouKill.tryProduce(EatWhatYouKill.java:173)&#10;        at app//org.eclipse.jetty.util.thread.strategy.EatWhatYouKill.run(EatWhatYouKill.java:131)&#10;        at app//org.eclipse.jetty.util.thread.ReservedThreadExecutor$ReservedThread.run(ReservedThreadExecutor.java:409)&#10;        at app//org.eclipse.jetty.util.thread.QueuedThreadPool.runJob(QueuedThreadPool.java:883)&#10;        at app//org.eclipse.jetty.util.thread.QueuedThreadPool$Runner.run(QueuedThreadPool.java:1034)&#10;        at java.base@21.0.8/java.lang.Thread.runWith(Thread.java:1596)&#10;        at java.base@21.0.8/java.lang.Thread.run(Thread.java:1583)&#10;&quot;grpc-default-worker-ELG-3-1&quot; daemon prio=5 tid=1048 runnable&#10;java.lang.Thread.State: RUNNABLE&#10;        at app//org.apache.ratis.thirdparty.io.netty.channel.epoll.Native.epollWait0(Native Method)&#10;        at app//org.apache.ratis.thirdparty.io.netty.channel.epoll.Native.epollWait(Native.java:193)&#10;        at app//org.apache.ratis.thirdparty.io.netty.channel.epoll.EpollEventLoop.epollWait(EpollEventLoop.java:304)&#10;        at app//org.apache.ratis.thirdparty.io.netty.channel.epoll.EpollEventLoop.run(EpollEventLoop.java:368)&#10;        at app//org.apache.ratis.thirdparty.io.netty.util.concurrent.SingleThreadEventExecutor$4.run(SingleThreadEventExecutor.java:998)&#10;        at app//org.apache.ratis.thirdparty.io.netty.util.internal.ThreadExecutorMap$2.run(ThreadExecutorMap.java:74)&#10;        at app//org.apache.ratis.thirdparty.io.netty.util.concurrent.FastThreadLocalRunnable.run(FastThreadLocalRunnable.java:30)&#10;        at java.base@21.0.8/java.lang.Thread.runWith(Thread.java:1596)&#10;        at java.base@21.0.8/java.lang.Thread.run(Thread.java:1583)&#10;&quot;SSL Certificates Store Monitor&quot; daemon prio=5 tid=1356 terminated&#10;java.lang.Thread.State: TERMINATED&#10;        at java.base@21.0.8/java.lang.Object.wait0(Native Method)&#10;        at java.base@21.0.8/java.lang.Object.wait(Object.java:366)&#10;        at java.base@21.0.8/java.lang.Object.wait(Object.java:339)&#10;        at java.base@21.0.8/java.util.TimerThread.mainLoop(Timer.java:537)&#10;        at java.base@21.0.8/java.util.TimerThread.run(Timer.java:516)&#10;&quot;IPC Server handler 83 on default port 15003&quot; daemon prio=5 tid=303 timed_waiting&#10;java.lang.Thread.State: TIMED_WAITING&#10;        at java.base@21.0.8/jdk.internal.misc.Unsafe.park(Native Method)&#10;        at java.base@21.0.8/java.util.concurrent.locks.LockSupport.parkNanos(LockSupport.java:269)&#10;        at java.base@21.0.8/java.util.concurrent.locks.AbstractQueuedSynchronizer$ConditionObject.awaitNanos(AbstractQueuedSynchronizer.java:1763)&#10;        at java.base@21.0.8/java.util.concurrent.LinkedBlockingQueue.poll(LinkedBlockingQueue.java:460)&#10;        at app//org.apache.hadoop.ipc.CallQueueManager.take(CallQueueManager.java:370)&#10;        at app//org.apache.hadoop.ipc.Server$Handler.run(Server.java:3165)&#10;&quot;pool-66-thread-1&quot;  prio=5 tid=482 timed_waiting&#10;java.lang.Thread.State: TIMED_WAITING&#10;        at java.base@21.0.8/jdk.internal.misc.Unsafe.park(Native Method)&#10;        at java.base@21.0.8/java.util.concurrent.locks.LockSupport.parkNanos(LockSupport.java:269)&#10;        at java.base@21.0.8/java.util.concurrent.locks.AbstractQueuedSynchronizer$ConditionObject.awaitNanos(AbstractQueuedSynchronizer.java:1763)&#10;        at java.base@21.0.8/java.util.concurrent.ScheduledThreadPoolExecutor$DelayedWorkQueue.take(ScheduledThreadPoolExecutor.java:1182)&#10;        at java.base@21.0.8/java.util.concurrent.ScheduledThreadPoolExecutor$DelayedWorkQueue.take(ScheduledThreadPoolExecutor.java:899)&#10;        at java.base@21.0.8/java.util.concurrent.ThreadPoolExecutor.getTask(ThreadPoolExecutor.java:1070)&#10;        at java.base@21.0.8/java.util.concurrent.ThreadPoolExecutor.runWorker(ThreadPoolExecutor.java:1130)&#10;        at java.base@21.0.8/java.util.concurrent.ThreadPoolExecutor$Worker.run(ThreadPoolExecutor.java:642)&#10;        at java.base@21.0.8/java.lang.Thread.runWith(Thread.java:1596)&#10;        at java.base@21.0.8/java.lang.Thread.run(Thread.java:1583)&#10;&quot;Signal Dispatcher&quot; daemon prio=9 tid=11 runnable&#10;java.lang.Thread.State: RUNNABLE&#10;&quot;IPC Server handler 75 on default port 15001&quot; daemon prio=5 tid=633 timed_waiting&#10;java.lang.Thread.State: TIMED_WAITING&#10;        at java.base@21.0.8/jdk.internal.misc.Unsafe.park(Native Method)&#10;        at java.base@21.0.8/java.util.concurrent.locks.LockSupport.parkNanos(LockSupport.java:269)&#10;        at java.base@21.0.8/java.util.concurrent.locks.AbstractQueuedSynchronizer$ConditionObject.awaitNanos(AbstractQueuedSynchronizer.java:1763)&#10;        at java.base@21.0.8/java.util.concurrent.LinkedBlockingQueue.poll(LinkedBlockingQueue.java:460)&#10;        at app//org.apache.hadoop.ipc.CallQueueManager.take(CallQueueManager.java:370)&#10;        at app//org.apache.hadoop.ipc.Server$Handler.run(Server.java:3165)&#10;&quot;IPC Server handler 74 on default port 15004&quot; daemon prio=5 tid=412 timed_waiting&#10;java.lang.Thread.State: TIMED_WAITING&#10;        at java.base@21.0.8/jdk.internal.misc.Unsafe.park(Native Method)&#10;        at java.base@21.0.8/java.util.concurrent.locks.LockSupport.parkNanos(LockSupport.java:269)&#10;        at java.base@21.0.8/java.util.concurrent.locks.AbstractQueuedSynchronizer$ConditionObject.awaitNanos(AbstractQueuedSynchronizer.java:1763)&#10;        at java.base@21.0.8/java.util.concurrent.LinkedBlockingQueue.poll(LinkedBlockingQueue.java:460)&#10;        at app//org.apache.hadoop.ipc.CallQueueManager.take(CallQueueManager.java:370)&#10;        at app//org.apache.hadoop.ipc.Server$Handler.run(Server.java:3165)&#10;&quot;c11f8a16-55ee-4f22-a5a5-7daf2dffa753-ChunkWriter-1-0&quot; daemon prio=5 tid=894 in Object.wait()&#10;java.lang.Thread.State: WAITING (on object monitor)&#10;        at java.base@21.0.8/jdk.internal.misc.Unsafe.park(Native Method)&#10;        at java.base@21.0.8/java.util.concurrent.locks.LockSupport.park(LockSupport.java:371)&#10;        at java.base@21.0.8/java.util.concurrent.locks.AbstractQueuedSynchronizer$ConditionNode.block(AbstractQueuedSynchronizer.java:519)&#10;        at java.base@21.0.8/java.util.concurrent.ForkJoinPool.unmanagedBlock(ForkJoinPool.java:3780)&#10;        at java.base@21.0.8/java.util.concurrent.ForkJoinPool.managedBlock(ForkJoinPool.java:3725)&#10;        at java.base@21.0.8/java.util.concurrent.locks.AbstractQueuedSynchronizer$ConditionObject.await(AbstractQueuedSynchronizer.java:1712)&#10;        at java.base@21.0.8/java.util.concurrent.LinkedBlockingDeque.takeFirst(LinkedBlockingDeque.java:485)&#10;        at java.base@21.0.8/java.util.concurrent.LinkedBlockingDeque.take(LinkedBlockingDeque.java:673)&#10;        at java.base@21.0.8/java.util.concurrent.ThreadPoolExecutor.getTask(ThreadPoolExecutor.java:1070)&#10;        at java.base@21.0.8/java.util.concurrent.ThreadPoolExecutor.runWorker(ThreadPoolExecutor.java:1130)&#10;        at java.base@21.0.8/java.util.concurrent.ThreadPoolExecutor$Worker.run(ThreadPoolExecutor.java:642)&#10;        at java.base@21.0.8/java.lang.Thread.runWith(Thread.java:1596)&#10;        at java.base@21.0.8/java.lang.Thread.run(Thread.java:1583)&#10;&quot;IPC Server handler 81 on default port 15001&quot; daemon prio=5 tid=639 timed_waiting&#10;java.lang.Thread.State: TIMED_WAITING&#10;        at java.base@21.0.8/jdk.internal.misc.Unsafe.park(Native Method)&#10;        at java.base@21.0.8/java.util.concurrent.locks.LockSupport.parkNanos(LockSupport.java:269)&#10;        at java.base@21.0.8/java.util.concurrent.locks.AbstractQueuedSynchronizer$ConditionObject.awaitNanos(AbstractQueuedSynchronizer.java:1763)&#10;        at java.base@21.0.8/java.util.concurrent.LinkedBlockingQueue.poll(LinkedBlockingQueue.java:460)&#10;        at app//org.apache.hadoop.ipc.CallQueueManager.take(CallQueueManager.java:370)&#10;        at app//org.apache.hadoop.ipc.Server$Handler.run(Server.java:3165)&#10;&quot;IPC Server handler 20 on default port 15003&quot; daemon prio=5 tid=240 timed_waiting&#10;java.lang.Thread.State: TIMED_WAITING&#10;        at java.base@21.0.8/jdk.internal.misc.Unsafe.park(Native Method)&#10;        at java.base@21.0.8/java.util.concurrent.locks.LockSupport.parkNanos(LockSupport.java:269)&#10;        at java.base@21.0.8/java.util.concurrent.locks.AbstractQueuedSynchronizer$ConditionObject.awaitNanos(AbstractQueuedSynchronizer.java:1763)&#10;        at java.base@21.0.8/java.util.concurrent.LinkedBlockingQueue.poll(LinkedBlockingQueue.java:460)&#10;        at app//org.apache.hadoop.ipc.CallQueueManager.take(CallQueueManager.java:370)&#10;        at app//org.apache.hadoop.ipc.Server$Handler.run(Server.java:3165)&#10;&quot;IPC Server handler 58 on default port 15003&quot; daemon prio=5 tid=278 timed_waiting&#10;java.lang.Thread.State: TIMED_WAITING&#10;        at java.base@21.0.8/jdk.internal.misc.Unsafe.park(Native Method)&#10;        at java.base@21.0.8/java.util.concurrent.locks.LockSupport.parkNanos(LockSupport.java:269)&#10;        at java.base@21.0.8/java.util.concurrent.locks.AbstractQueuedSynchronizer$ConditionObject.awaitNanos(AbstractQueuedSynchronizer.java:1763)&#10;        at java.base@21.0.8/java.util.concurrent.LinkedBlockingQueue.poll(LinkedBlockingQueue.java:460)&#10;        at app//org.apache.hadoop.ipc.CallQueueManager.take(CallQueueManager.java:370)&#10;        at app//org.apache.hadoop.ipc.Server$Handler.run(Server.java:3165)&#10;&quot;Hadoop-Metrics-Updater-0&quot; daemon prio=5 tid=740 timed_waiting&#10;java.lang.Thread.State: TIMED_WAITING&#10;        at java.base@21.0.8/jdk.internal.misc.Unsafe.park(Native Method)&#10;        at java.base@21.0.8/java.util.concurrent.locks.LockSupport.parkNanos(LockSupport.java:269)&#10;        at java.base@21.0.8/java.util.concurrent.locks.AbstractQueuedSynchronizer$ConditionObject.awaitNanos(AbstractQueuedSynchronizer.java:1763)&#10;        at java.base@21.0.8/java.util.concurrent.ScheduledThreadPoolExecutor$DelayedWorkQueue.take(ScheduledThreadPoolExecutor.java:1182)&#10;        at java.base@21.0.8/java.util.concurrent.ScheduledThreadPoolExecutor$DelayedWorkQueue.take(ScheduledThreadPoolExecutor.java:899)&#10;        at java.base@21.0.8/java.util.concurrent.ThreadPoolExecutor.getTask(ThreadPoolExecutor.java:1070)&#10;        at java.base@21.0.8/java.util.concurrent.ThreadPoolExecutor.runWorker(ThreadPoolExecutor.java:1130)&#10;        at java.base@21.0.8/java.util.concurrent.ThreadPoolExecutor$Worker.run(ThreadPoolExecutor.java:642)&#10;        at java.base@21.0.8/java.lang.Thread.runWith(Thread.java:1596)&#10;        at java.base@21.0.8/java.lang.Thread.run(Thread.java:1583)&#10;&quot;IPC Server handler 42 on default port 15002&quot; daemon prio=5 tid=162 timed_waiting&#10;java.lang.Thread.State: TIMED_WAITING&#10;        at java.base@21.0.8/jdk.internal.misc.Unsafe.park(Native Method)&#10;        at java.base@21.0.8/java.util.concurrent.locks.LockSupport.parkNanos(LockSupport.java:269)&#10;        at java.base@21.0.8/java.util.concurrent.locks.AbstractQueuedSynchronizer$ConditionObject.awaitNanos(AbstractQueuedSynchronizer.java:1763)&#10;        at java.base@21.0.8/java.util.concurrent.LinkedBlockingQueue.poll(LinkedBlockingQueue.java:460)&#10;        at app//org.apache.hadoop.ipc.CallQueueManager.take(CallQueueManager.java:370)&#10;        at app//org.apache.hadoop.ipc.Server$Handler.run(Server.java:3165)&#10;&quot;IPC Server handler 43 on default port 15002&quot; daemon prio=5 tid=163 timed_waiting&#10;java.lang.Thread.State: TIMED_WAITING&#10;        at java.base@21.0.8/jdk.internal.misc.Unsafe.park(Native Method)&#10;        at java.base@21.0.8/java.util.concurrent.locks.LockSupport.parkNanos(LockSupport.java:269)&#10;        at java.base@21.0.8/java.util.concurrent.locks.AbstractQueuedSynchronizer$ConditionObject.awaitNanos(AbstractQueuedSynchronizer.java:1763)&#10;        at java.base@21.0.8/java.util.concurrent.LinkedBlockingQueue.poll(LinkedBlockingQueue.java:460)&#10;        at app//org.apache.hadoop.ipc.CallQueueManager.take(CallQueueManager.java:370)&#10;        at app//org.apache.hadoop.ipc.Server$Handler.run(Server.java:3165)&#10;&quot;PipelineSyncTask&quot; daemon prio=5 tid=659 timed_waiting&#10;java.lang.Thread.State: TIMED_WAITING&#10;        at java.base@21.0.8/java.lang.Thread.sleep0(Native Method)&#10;        at java.base@21.0.8/java.lang.Thread.sleep(Thread.java:509)&#10;        at app//org.apache.hadoop.ozone.recon.scm.PipelineSyncTask.run(PipelineSyncTask.java:76)&#10;        at app//org.apache.hadoop.ozone.recon.scm.ReconScmTask$$Lambda/0x00007f9d6cc57bd0.run(Unknown Source)&#10;        at java.base@21.0.8/java.lang.Thread.runWith(Thread.java:1596)&#10;        at java.base@21.0.8/java.lang.Thread.run(Thread.java:1583)&#10;&quot;IPC Server handler 39 on default port 15004&quot; daemon prio=5 tid=377 timed_waiting&#10;java.lang.Thread.State: TIMED_WAITING&#10;        at java.base@21.0.8/jdk.internal.misc.Unsafe.park(Native Method)&#10;        at java.base@21.0.8/java.util.concurrent.locks.LockSupport.parkNanos(LockSupport.java:269)&#10;        at java.base@21.0.8/java.util.concurrent.locks.AbstractQueuedSynchronizer$ConditionObject.awaitNanos(AbstractQueuedSynchronizer.java:1763)&#10;        at java.base@21.0.8/java.util.concurrent.LinkedBlockingQueue.poll(LinkedBlockingQueue.java:460)&#10;        at app//org.apache.hadoop.ipc.CallQueueManager.take(CallQueueManager.java:370)&#10;        at app//org.apache.hadoop.ipc.Server$Handler.run(Server.java:3165)&#10;&quot;om1-DirectoryDeletingService#4&quot; daemon prio=5 tid=1366 in Object.wait()&#10;java.lang.Thread.State: WAITING (on object monitor)&#10;        at java.base@21.0.8/jdk.internal.misc.Unsafe.park(Native Method)&#10;        at java.base@21.0.8/java.util.concurrent.locks.LockSupport.park(LockSupport.java:371)&#10;        at java.base@21.0.8/java.util.concurrent.locks.AbstractQueuedSynchronizer$ConditionNode.block(AbstractQueuedSynchronizer.java:519)&#10;        at java.base@21.0.8/java.util.concurrent.ForkJoinPool.unmanagedBlock(ForkJoinPool.java:3780)&#10;        at java.base@21.0.8/java.util.concurrent.ForkJoinPool.managedBlock(ForkJoinPool.java:3725)&#10;        at java.base@21.0.8/java.util.concurrent.locks.AbstractQueuedSynchronizer$ConditionObject.await(AbstractQueuedSynchronizer.java:1712)&#10;        at java.base@21.0.8/java.util.concurrent.ScheduledThreadPoolExecutor$DelayedWorkQueue.take(ScheduledThreadPoolExecutor.java:1177)&#10;        at java.base@21.0.8/java.util.concurrent.ScheduledThreadPoolExecutor$DelayedWorkQueue.take(ScheduledThreadPoolExecutor.java:899)&#10;        at java.base@21.0.8/java.util.concurrent.ThreadPoolExecutor.getTask(ThreadPoolExecutor.java:1070)&#10;        at java.base@21.0.8/java.util.concurrent.ThreadPoolExecutor.runWorker(ThreadPoolExecutor.java:1130)&#10;        at java.base@21.0.8/java.util.concurrent.ThreadPoolExecutor$Worker.run(ThreadPoolExecutor.java:642)&#10;        at java.base@21.0.8/java.lang.Thread.runWith(Thread.java:1596)&#10;        at java.base@21.0.8/java.lang.Thread.run(Thread.java:1583)&#10;&quot;om1@group-C5BA1605619E-StateMachineUpdater&quot; daemon prio=5 tid=466 timed_waiting&#10;java.lang.Thread.State: TIMED_WAITING&#10;        at java.base@21.0.8/jdk.internal.misc.Unsafe.park(Native Method)&#10;        at java.base@21.0.8/java.util.concurrent.locks.LockSupport.parkNanos(LockSupport.java:269)&#10;        at java.base@21.0.8/java.util.concurrent.locks.AbstractQueuedSynchronizer$ConditionObject.await(AbstractQueuedSynchronizer.java:1852)&#10;        at app//org.apache.ratis.util.AwaitForSignal.await(AwaitForSignal.java:65)&#10;        at app//org.apache.ratis.server.impl.StateMachineUpdater.waitForCommit(StateMachineUpdater.java:222)&#10;        at app//org.apache.ratis.server.impl.StateMachineUpdater.run(StateMachineUpdater.java:187)&#10;        at java.base@21.0.8/java.lang.Thread.runWith(Thread.java:1596)&#10;        at java.base@21.0.8/java.lang.Thread.run(Thread.java:1583)&#10;&quot;qtp1597424614-327&quot; daemon prio=5 tid=327 timed_waiting&#10;java.lang.Thread.State: TIMED_WAITING&#10;        at java.base@21.0.8/jdk.internal.misc.Unsafe.park(Native Method)&#10;        at java.base@21.0.8/java.util.concurrent.locks.LockSupport.parkNanos(LockSupport.java:269)&#10;        at java.base@21.0.8/java.util.concurrent.locks.AbstractQueuedSynchronizer$ConditionObject.awaitNanos(AbstractQueuedSynchronizer.java:1763)&#10;        at app//org.eclipse.jetty.util.BlockingArrayQueue.poll(BlockingArrayQueue.java:382)&#10;        at app//org.eclipse.jetty.util.thread.QueuedThreadPool$Runner.idleJobPoll(QueuedThreadPool.java:974)&#10;        at app//org.eclipse.jetty.util.thread.QueuedThreadPool$Runner.run(QueuedThreadPool.java:1018)&#10;        at java.base@21.0.8/java.lang.Thread.runWith(Thread.java:1596)&#10;        at java.base@21.0.8/java.lang.Thread.run(Thread.java:1583)&#10;&quot;IPC Server handler 17 on default port 15002&quot; daemon prio=5 tid=137 timed_waiting&#10;java.lang.Thread.State: TIMED_WAITING&#10;        at java.base@21.0.8/jdk.internal.misc.Unsafe.park(Native Method)&#10;        at java.base@21.0.8/java.util.concurrent.locks.LockSupport.parkNanos(LockSupport.java:269)&#10;        at java.base@21.0.8/java.util.concurrent.locks.AbstractQueuedSynchronizer$ConditionObject.awaitNanos(AbstractQueuedSynchronizer.java:1763)&#10;        at java.base@21.0.8/java.util.concurrent.LinkedBlockingQueue.poll(LinkedBlockingQueue.java:460)&#10;        at app//org.apache.hadoop.ipc.CallQueueManager.take(CallQueueManager.java:370)&#10;        at app//org.apache.hadoop.ipc.Server$Handler.run(Server.java:3165)&#10;&quot;DiskUsage-/home/runner/work/ozone/ozone/hadoop-ozone/integration-test-recon/target/test-dir/MiniOzoneClusterImpl-b15909b8-03a8-4b15-aaa3-a668c086c089/ozone-metadata/datanode-5/data-0-&#10;&quot; daemon prio=5 tid=1013 timed_waiting&#10;java.lang.Thread.State: TIMED_WAITING&#10;        at java.base@21.0.8/jdk.internal.misc.Unsafe.park(Native Method)&#10;        at java.base@21.0.8/java.util.concurrent.locks.LockSupport.parkNanos(LockSupport.java:269)&#10;        at java.base@21.0.8/java.util.concurrent.locks.AbstractQueuedSynchronizer$ConditionObject.awaitNanos(AbstractQueuedSynchronizer.java:1763)&#10;        at java.base@21.0.8/java.util.concurrent.ScheduledThreadPoolExecutor$DelayedWorkQueue.take(ScheduledThreadPoolExecutor.java:1182)&#10;        at java.base@21.0.8/java.util.concurrent.ScheduledThreadPoolExecutor$DelayedWorkQueue.take(ScheduledThreadPoolExecutor.java:899)&#10;        at java.base@21.0.8/java.util.concurrent.ThreadPoolExecutor.getTask(ThreadPoolExecutor.java:1070)&#10;        at java.base@21.0.8/java.util.concurrent.ThreadPoolExecutor.runWorker(ThreadPoolExecutor.java:1130)&#10;        at java.base@21.0.8/java.util.concurrent.ThreadPoolExecutor$Worker.run(ThreadPoolExecutor.java:642)&#10;        at java.base@21.0.8/java.lang.Thread.runWith(Thread.java:1596)&#10;        at java.base@21.0.8/java.lang.Thread.run(Thread.java:1583)&#10;&quot;IPC Server handler 81 on default port 15003&quot; daemon prio=5 tid=301 timed_waiting&#10;java.lang.Thread.State: TIMED_WAITING&#10;        at java.base@21.0.8/jdk.internal.misc.Unsafe.park(Native Method)&#10;        at java.base@21.0.8/java.util.concurrent.locks.LockSupport.parkNanos(LockSupport.java:269)&#10;        at java.base@21.0.8/java.util.concurrent.locks.AbstractQueuedSynchronizer$ConditionObject.awaitNanos(AbstractQueuedSynchronizer.java:1763)&#10;        at java.base@21.0.8/java.util.concurrent.LinkedBlockingQueue.poll(LinkedBlockingQueue.java:460)&#10;        at app//org.apache.hadoop.ipc.CallQueueManager.take(CallQueueManager.java:370)&#10;        at app//org.apache.hadoop.ipc.Server$Handler.run(Server.java:3165)&#10;&quot;Socket Reader #7 for port 15004&quot; daemon prio=5 tid=68 runnable&#10;java.lang.Thread.State: RUNNABLE&#10;        at java.base@21.0.8/sun.nio.ch.EPoll.wait(Native Method)&#10;        at java.base@21.0.8/sun.nio.ch.EPollSelectorImpl.doSelect(EPollSelectorImpl.java:121)&#10;        at java.base@21.0.8/sun.nio.ch.SelectorImpl.lockAndDoSelect(SelectorImpl.java:130)&#10;        at java.base@21.0.8/sun.nio.ch.SelectorImpl.select(SelectorImpl.java:147)&#10;        at app//org.apache.hadoop.ipc.Server$Listener$Reader.doRunLoop(Server.java:1497)&#10;        at app//org.apache.hadoop.ipc.Server$Listener$Reader.run(Server.java:1476)&#10;&quot;c11f8a16-55ee-4f22-a5a5-7daf2dffa753@group-5472C7309C8C-SegmentedRaftLogWorker&quot;  prio=5 tid=1055 timed_waiting&#10;java.lang.Thread.State: TIMED_WAITING&#10;        at java.base@21.0.8/jdk.internal.misc.Unsafe.park(Native Method)&#10;        at java.base@21.0.8/java.util.concurrent.locks.LockSupport.parkNanos(LockSupport.java:269)&#10;        at java.base@21.0.8/java.util.concurrent.locks.AbstractQueuedSynchronizer$ConditionObject.awaitNanos(AbstractQueuedSynchronizer.java:1763)&#10;        at app//org.apache.ratis.util.DataBlockingQueue.poll(DataBlockingQueue.java:148)&#10;        at app//org.apache.ratis.server.raftlog.segmented.SegmentedRaftLogWorker.run(SegmentedRaftLogWorker.java:309)&#10;        at app//org.apache.ratis.server.raftlog.segmented.SegmentedRaftLogWorker$$Lambda/0x00007f9d6c3946c0.run(Unknown Source)&#10;        at java.base@21.0.8/java.util.concurrent.Executors$RunnableAdapter.call(Executors.java:572)&#10;        at java.base@21.0.8/java.util.concurrent.FutureTask.run(FutureTask.java:317)&#10;        at java.base@21.0.8/java.util.concurrent.ThreadPoolExecutor.runWorker(ThreadPoolExecutor.java:1144)&#10;        at java.base@21.0.8/java.util.concurrent.ThreadPoolExecutor$Worker.run(ThreadPoolExecutor.java:642)&#10;        at java.base@21.0.8/java.lang.Thread.runWith(Thread.java:1596)&#10;        at java.base@21.0.8/java.lang.Thread.run(Thread.java:1583)&#10;&quot;grpc-default-executor-2&quot; daemon prio=5 tid=1108 timed_waiting&#10;java.lang.Thread.State: TIMED_WAITING&#10;        at java.base@21.0.8/jdk.internal.misc.Unsafe.park(Native Method)&#10;        at java.base@21.0.8/java.util.concurrent.locks.LockSupport.parkNanos(LockSupport.java:410)&#10;        at java.base@21.0.8/java.util.concurrent.LinkedTransferQueue$DualNode.await(LinkedTransferQueue.java:452)&#10;        at java.base@21.0.8/java.util.concurrent.SynchronousQueue$Transferer.xferLifo(SynchronousQueue.java:194)&#10;        at java.base@21.0.8/java.util.concurrent.SynchronousQueue.xfer(SynchronousQueue.java:235)&#10;        at java.base@21.0.8/java.util.concurrent.SynchronousQueue.poll(SynchronousQueue.java:338)&#10;        at java.base@21.0.8/java.util.concurrent.ThreadPoolExecutor.getTask(ThreadPoolExecutor.java:1069)&#10;        at java.base@21.0.8/java.util.concurrent.ThreadPoolExecutor.runWorker(ThreadPoolExecutor.java:1130)&#10;        at java.base@21.0.8/java.util.concurrent.ThreadPoolExecutor$Worker.run(ThreadPoolExecutor.java:642)&#10;        at java.base@21.0.8/java.lang.Thread.runWith(Thread.java:1596)&#10;        at java.base@21.0.8/java.lang.Thread.run(Thread.java:1583)&#10;&quot;IPC Server handler 23 on default port 15003&quot; daemon prio=5 tid=243 timed_waiting&#10;java.lang.Thread.State: TIMED_WAITING&#10;        at java.base@21.0.8/jdk.internal.misc.Unsafe.park(Native Method)&#10;        at java.base@21.0.8/java.util.concurrent.locks.LockSupport.parkNanos(LockSupport.java:269)&#10;        at java.base@21.0.8/java.util.concurrent.locks.AbstractQueuedSynchronizer$ConditionObject.awaitNanos(AbstractQueuedSynchronizer.java:1763)&#10;        at java.base@21.0.8/java.util.concurrent.LinkedBlockingQueue.poll(LinkedBlockingQueue.java:460)&#10;        at app//org.apache.hadoop.ipc.CallQueueManager.take(CallQueueManager.java:370)&#10;        at app//org.apache.hadoop.ipc.Server$Handler.run(Server.java:3165)&#10;&quot;IPC Server handler 73 on default port 15001&quot; daemon prio=5 tid=631 timed_waiting&#10;java.lang.Thread.State: TIMED_WAITING&#10;        at java.base@21.0.8/jdk.internal.misc.Unsafe.park(Native Method)&#10;        at java.base@21.0.8/java.util.concurrent.locks.LockSupport.parkNanos(LockSupport.java:269)&#10;        at java.base@21.0.8/java.util.concurrent.locks.AbstractQueuedSynchronizer$ConditionObject.awaitNanos(AbstractQueuedSynchronizer.java:1763)&#10;        at java.base@21.0.8/java.util.concurrent.LinkedBlockingQueue.poll(LinkedBlockingQueue.java:460)&#10;        at app//org.apache.hadoop.ipc.CallQueueManager.take(CallQueueManager.java:370)&#10;        at app//org.apache.hadoop.ipc.Server$Handler.run(Server.java:3165)&#10;&quot;IPC Server idle connection scanner for port 15004&quot; daemon prio=5 tid=72 timed_waiting&#10;java.lang.Thread.State: TIMED_WAITING&#10;        at java.base@21.0.8/java.lang.Object.wait0(Native Method)&#10;        at java.base@21.0.8/java.lang.Object.wait(Object.java:366)&#10;        at java.base@21.0.8/java.util.TimerThread.mainLoop(Timer.java:563)&#10;        at java.base@21.0.8/java.util.TimerThread.run(Timer.java:516)&#10;&quot;timer5&quot; daemon prio=5 tid=1134 timed_waiting&#10;java.lang.Thread.State: TIMED_WAITING&#10;        at java.base@21.0.8/java.lang.Object.wait0(Native Method)&#10;        at java.base@21.0.8/java.lang.Object.wait(Object.java:366)&#10;        at java.base@21.0.8/java.util.TimerThread.mainLoop(Timer.java:563)&#10;        at java.base@21.0.8/java.util.TimerThread.run(Timer.java:516)&#10;&quot;IPC Server handler 48 on default port 15002&quot; daemon prio=5 tid=168 timed_waiting&#10;java.lang.Thread.State: TIMED_WAITING&#10;        at java.base@21.0.8/jdk.internal.misc.Unsafe.park(Native Method)&#10;        at java.base@21.0.8/java.util.concurrent.locks.LockSupport.parkNanos(LockSupport.java:269)&#10;        at java.base@21.0.8/java.util.concurrent.locks.AbstractQueuedSynchronizer$ConditionObject.awaitNanos(AbstractQueuedSynchronizer.java:1763)&#10;        at java.base@21.0.8/java.util.concurrent.LinkedBlockingQueue.poll(LinkedBlockingQueue.java:460)&#10;        at app//org.apache.hadoop.ipc.CallQueueManager.take(CallQueueManager.java:370)&#10;        at app//org.apache.hadoop.ipc.Server$Handler.run(Server.java:3165)&#10;&quot;IPC Server handler 44 on default port 15003&quot; daemon prio=5 tid=264 timed_waiting&#10;java.lang.Thread.State: TIMED_WAITING&#10;        at java.base@21.0.8/jdk.internal.misc.Unsafe.park(Native Method)&#10;        at java.base@21.0.8/java.util.concurrent.locks.LockSupport.parkNanos(LockSupport.java:269)&#10;        at java.base@21.0.8/java.util.concurrent.locks.AbstractQueuedSynchronizer$ConditionObject.awaitNanos(AbstractQueuedSynchronizer.java:1763)&#10;        at java.base@21.0.8/java.util.concurrent.LinkedBlockingQueue.poll(LinkedBlockingQueue.java:460)&#10;        at app//org.apache.hadoop.ipc.CallQueueManager.take(CallQueueManager.java:370)&#10;        at app//org.apache.hadoop.ipc.Server$Handler.run(Server.java:3165)&#10;&quot;DatanodeAdminManager-0&quot; daemon prio=5 tid=60 timed_waiting&#10;java.lang.Thread.State: TIMED_WAITING&#10;        at java.base@21.0.8/jdk.internal.misc.Unsafe.park(Native Method)&#10;        at java.base@21.0.8/java.util.concurrent.locks.LockSupport.parkNanos(LockSupport.java:269)&#10;        at java.base@21.0.8/java.util.concurrent.locks.AbstractQueuedSynchronizer$ConditionObject.awaitNanos(AbstractQueuedSynchronizer.java:1763)&#10;        at java.base@21.0.8/java.util.concurrent.ScheduledThreadPoolExecutor$DelayedWorkQueue.take(ScheduledThreadPoolExecutor.java:1182)&#10;        at java.base@21.0.8/java.util.concurrent.ScheduledThreadPoolExecutor$DelayedWorkQueue.take(ScheduledThreadPoolExecutor.java:899)&#10;        at java.base@21.0.8/java.util.concurrent.ThreadPoolExecutor.getTask(ThreadPoolExecutor.java:1070)&#10;        at java.base@21.0.8/java.util.concurrent.ThreadPoolExecutor.runWorker(ThreadPoolExecutor.java:1130)&#10;        at java.base@21.0.8/java.util.concurrent.ThreadPoolExecutor$Worker.run(ThreadPoolExecutor.java:642)&#10;        at java.base@21.0.8/java.lang.Thread.runWith(Thread.java:1596)&#10;        at java.base@21.0.8/java.lang.Thread.run(Thread.java:1583)&#10;&quot;IPC Server handler 64 on default port 15004&quot; daemon prio=5 tid=402 timed_waiting&#10;java.lang.Thread.State: TIMED_WAITING&#10;        at java.base@21.0.8/jdk.internal.misc.Unsafe.park(Native Method)&#10;        at java.base@21.0.8/java.util.concurrent.locks.LockSupport.parkNanos(LockSupport.java:269)&#10;        at java.base@21.0.8/java.util.concurrent.locks.AbstractQueuedSynchronizer$ConditionObject.awaitNanos(AbstractQueuedSynchronizer.java:1763)&#10;        at java.base@21.0.8/java.util.concurrent.LinkedBlockingQueue.poll(LinkedBlockingQueue.java:460)&#10;        at app//org.apache.hadoop.ipc.CallQueueManager.take(CallQueueManager.java:370)&#10;        at app//org.apache.hadoop.ipc.Server$Handler.run(Server.java:3165)&#10;&quot;IPC Server handler 40 on default port 15001&quot; daemon prio=5 tid=598 timed_waiting&#10;java.lang.Thread.State: TIMED_WAITING&#10;        at java.base@21.0.8/jdk.internal.misc.Unsafe.park(Native Method)&#10;        at java.base@21.0.8/java.util.concurrent.locks.LockSupport.parkNanos(LockSupport.java:269)&#10;        at java.base@21.0.8/java.util.concurrent.locks.AbstractQueuedSynchronizer$ConditionObject.awaitNanos(AbstractQueuedSynchronizer.java:1763)&#10;        at java.base@21.0.8/java.util.concurrent.LinkedBlockingQueue.poll(LinkedBlockingQueue.java:460)&#10;        at app//org.apache.hadoop.ipc.CallQueueManager.take(CallQueueManager.java:370)&#10;        at app//org.apache.hadoop.ipc.Server$Handler.run(Server.java:3165)&#10;&quot;Socket Reader #2 for port 15045&quot; daemon prio=5 tid=921 runnable&#10;java.lang.Thread.State: RUNNABLE&#10;        at java.base@21.0.8/sun.nio.ch.EPoll.wait(Native Method)&#10;        at java.base@21.0.8/sun.nio.ch.EPollSelectorImpl.doSelect(EPollSelectorImpl.java:121)&#10;        at java.base@21.0.8/sun.nio.ch.SelectorImpl.lockAndDoSelect(SelectorImpl.java:130)&#10;        at java.base@21.0.8/sun.nio.ch.SelectorImpl.select(SelectorImpl.java:147)&#10;        at app//org.apache.hadoop.ipc.Server$Listener$Reader.doRunLoop(Server.java:1497)&#10;        at app//org.apache.hadoop.ipc.Server$Listener$Reader.run(Server.java:1476)&#10;&quot;IPC Server handler 59 on default port 15004&quot; daemon prio=5 tid=397 timed_waiting&#10;java.lang.Thread.State: TIMED_WAITING&#10;        at java.base@21.0.8/jdk.internal.misc.Unsafe.park(Native Method)&#10;        at java.base@21.0.8/java.util.concurrent.locks.LockSupport.parkNanos(LockSupport.java:269)&#10;        at java.base@21.0.8/java.util.concurrent.locks.AbstractQueuedSynchronizer$ConditionObject.awaitNanos(AbstractQueuedSynchronizer.java:1763)&#10;        at java.base@21.0.8/java.util.concurrent.LinkedBlockingQueue.poll(LinkedBlockingQueue.java:460)&#10;        at app//org.apache.hadoop.ipc.CallQueueManager.take(CallQueueManager.java:370)&#10;        at app//org.apache.hadoop.ipc.Server$Handler.run(Server.java:3165)&#10;&quot;IPC Server handler 5 on default port 15021&quot; daemon prio=5 tid=746 timed_waiting&#10;java.lang.Thread.State: TIMED_WAITING&#10;        at java.base@21.0.8/jdk.internal.misc.Unsafe.park(Native Method)&#10;        at java.base@21.0.8/java.util.concurrent.locks.LockSupport.parkNanos(LockSupport.java:269)&#10;        at java.base@21.0.8/java.util.concurrent.locks.AbstractQueuedSynchronizer$ConditionObject.awaitNanos(AbstractQueuedSynchronizer.java:1763)&#10;        at java.base@21.0.8/java.util.concurrent.LinkedBlockingQueue.poll(LinkedBlockingQueue.java:460)&#10;        at app//org.apache.hadoop.ipc.CallQueueManager.take(CallQueueManager.java:370)&#10;        at app//org.apache.hadoop.ipc.Server$Handler.run(Server.java:3165)&#10;&quot;IPC Server handler 80 on default port 15001&quot; daemon prio=5 tid=638 timed_waiting&#10;java.lang.Thread.State: TIMED_WAITING&#10;        at java.base@21.0.8/jdk.internal.misc.Unsafe.park(Native Method)&#10;        at java.base@21.0.8/java.util.concurrent.locks.LockSupport.parkNanos(LockSupport.java:269)&#10;        at java.base@21.0.8/java.util.concurrent.locks.AbstractQueuedSynchronizer$ConditionObject.awaitNanos(AbstractQueuedSynchronizer.java:1763)&#10;        at java.base@21.0.8/java.util.concurrent.LinkedBlockingQueue.poll(LinkedBlockingQueue.java:460)&#10;        at app//org.apache.hadoop.ipc.CallQueueManager.take(CallQueueManager.java:370)&#10;        at app//org.apache.hadoop.ipc.Server$Handler.run(Server.java:3165)&#10;&quot;pool-223-thread-1&quot; daemon prio=5 tid=1012 timed_waiting&#10;java.lang.Thread.State: TIMED_WAITING&#10;        at java.base@21.0.8/jdk.internal.misc.Unsafe.park(Native Method)&#10;        at java.base@21.0.8/java.util.concurrent.locks.LockSupport.parkNanos(LockSupport.java:269)&#10;        at java.base@21.0.8/java.util.concurrent.locks.AbstractQueuedSynchronizer$ConditionObject.awaitNanos(AbstractQueuedSynchronizer.java:1763)&#10;        at java.base@21.0.8/java.util.concurrent.ScheduledThreadPoolExecutor$DelayedWorkQueue.take(ScheduledThreadPoolExecutor.java:1182)&#10;        at java.base@21.0.8/java.util.concurrent.ScheduledThreadPoolExecutor$DelayedWorkQueue.take(ScheduledThreadPoolExecutor.java:899)&#10;        at java.base@21.0.8/java.util.concurrent.ThreadPoolExecutor.getTask(ThreadPoolExecutor.java:1070)&#10;        at java.base@21.0.8/java.util.concurrent.ThreadPoolExecutor.runWorker(ThreadPoolExecutor.java:1130)&#10;        at java.base@21.0.8/java.util.concurrent.ThreadPoolExecutor$Worker.run(ThreadPoolExecutor.java:642)&#10;        at java.base@21.0.8/java.lang.Thread.runWith(Thread.java:1596)&#10;        at java.base@21.0.8/java.lang.Thread.run(Thread.java:1583)&#10;&quot;qtp473358662-911&quot; daemon prio=5 tid=911 timed_waiting&#10;java.lang.Thread.State: TIMED_WAITING&#10;        at java.base@21.0.8/jdk.internal.misc.Unsafe.park(Native Method)&#10;        at java.base@21.0.8/java.util.concurrent.locks.LockSupport.parkNanos(LockSupport.java:269)&#10;        at java.base@21.0.8/java.util.concurrent.locks.AbstractQueuedSynchronizer$ConditionObject.awaitNanos(AbstractQueuedSynchronizer.java:1763)&#10;        at app//org.eclipse.jetty.util.BlockingArrayQueue.poll(BlockingArrayQueue.java:382)&#10;        at app//org.eclipse.jetty.util.thread.QueuedThreadPool$Runner.idleJobPoll(QueuedThreadPool.java:974)&#10;        at app//org.eclipse.jetty.util.thread.QueuedThreadPool$Runner.run(QueuedThreadPool.java:1018)&#10;        at java.base@21.0.8/java.lang.Thread.runWith(Thread.java:1596)&#10;        at java.base@21.0.8/java.lang.Thread.run(Thread.java:1583)&#10;&quot;IPC Server handler 66 on default port 15002&quot; daemon prio=5 tid=186 timed_waiting&#10;java.lang.Thread.State: TIMED_WAITING&#10;        at java.base@21.0.8/jdk.internal.misc.Unsafe.park(Native Method)&#10;        at java.base@21.0.8/java.util.concurrent.locks.LockSupport.parkNanos(LockSupport.java:269)&#10;        at java.base@21.0.8/java.util.concurrent.locks.AbstractQueuedSynchronizer$ConditionObject.awaitNanos(AbstractQueuedSynchronizer.java:1763)&#10;        at java.base@21.0.8/java.util.concurrent.LinkedBlockingQueue.poll(LinkedBlockingQueue.java:460)&#10;        at app//org.apache.hadoop.ipc.CallQueueManager.take(CallQueueManager.java:370)&#10;        at app//org.apache.hadoop.ipc.Server$Handler.run(Server.java:3165)&#10;&quot;IPC Server handler 78 on default port 15001&quot; daemon prio=5 tid=636 timed_waiting&#10;java.lang.Thread.State: TIMED_WAITING&#10;        at java.base@21.0.8/jdk.internal.misc.Unsafe.park(Native Method)&#10;        at java.base@21.0.8/java.util.concurrent.locks.LockSupport.parkNanos(LockSupport.java:269)&#10;        at java.base@21.0.8/java.util.concurrent.locks.AbstractQueuedSynchronizer$ConditionObject.awaitNanos(AbstractQueuedSynchronizer.java:1763)&#10;        at java.base@21.0.8/java.util.concurrent.LinkedBlockingQueue.poll(LinkedBlockingQueue.java:460)&#10;        at app//org.apache.hadoop.ipc.CallQueueManager.take(CallQueueManager.java:370)&#10;        at app//org.apache.hadoop.ipc.Server$Handler.run(Server.java:3165)&#10;&quot;IPC Server handler 81 on default port 15002&quot; daemon prio=5 tid=201 timed_waiting&#10;java.lang.Thread.State: TIMED_WAITING&#10;        at java.base@21.0.8/jdk.internal.misc.Unsafe.park(Native Method)&#10;        at java.base@21.0.8/java.util.concurrent.locks.LockSupport.parkNanos(LockSupport.java:269)&#10;        at java.base@21.0.8/java.util.concurrent.locks.AbstractQueuedSynchronizer$ConditionObject.awaitNanos(AbstractQueuedSynchronizer.java:1763)&#10;        at java.base@21.0.8/java.util.concurrent.LinkedBlockingQueue.poll(LinkedBlockingQueue.java:460)&#10;        at app//org.apache.hadoop.ipc.CallQueueManager.take(CallQueueManager.java:370)&#10;        at app//org.apache.hadoop.ipc.Server$Handler.run(Server.java:3165)&#10;&quot;c11f8a16-55ee-4f22-a5a5-7daf2dffa753-CreatePipelineCommandHandlerThread-0&quot;  prio=5 tid=1052 in Object.wait()&#10;java.lang.Thread.State: WAITING (on object monitor)&#10;        at java.base@21.0.8/jdk.internal.misc.Unsafe.park(Native Method)&#10;        at java.base@21.0.8/java.util.concurrent.locks.LockSupport.park(LockSupport.java:371)&#10;        at java.base@21.0.8/java.util.concurrent.locks.AbstractQueuedSynchronizer$ConditionNode.block(AbstractQueuedSynchronizer.java:519)&#10;        at java.base@21.0.8/java.util.concurrent.ForkJoinPool.unmanagedBlock(ForkJoinPool.java:3780)&#10;        at java.base@21.0.8/java.util.concurrent.ForkJoinPool.managedBlock(ForkJoinPool.java:3725)&#10;        at java.base@21.0.8/java.util.concurrent.locks.AbstractQueuedSynchronizer$ConditionObject.await(AbstractQueuedSynchronizer.java:1712)&#10;        at java.base@21.0.8/java.util.concurrent.LinkedBlockingQueue.take(LinkedBlockingQueue.java:435)&#10;        at java.base@21.0.8/java.util.concurrent.ThreadPoolExecutor.getTask(ThreadPoolExecutor.java:1070)&#10;        at java.base@21.0.8/java.util.concurrent.ThreadPoolExecutor.runWorker(ThreadPoolExecutor.java:1130)&#10;        at java.base@21.0.8/java.util.concurrent.ThreadPoolExecutor$Worker.run(ThreadPoolExecutor.java:642)&#10;        at java.base@21.0.8/java.lang.Thread.runWith(Thread.java:1596)&#10;        at java.base@21.0.8/java.lang.Thread.run(Thread.java:1583)&#10;&quot;IPC Server idle connection scanner for port 15003&quot; daemon prio=5 tid=86 timed_waiting&#10;java.lang.Thread.State: TIMED_WAITING&#10;        at java.base@21.0.8/java.lang.Object.wait0(Native Method)&#10;        at java.base@21.0.8/java.lang.Object.wait(Object.java:366)&#10;        at java.base@21.0.8/java.util.TimerThread.mainLoop(Timer.java:563)&#10;        at java.base@21.0.8/java.util.TimerThread.run(Timer.java:516)&#10;&quot;IPC Server handler 8 on default port 15004&quot; daemon prio=5 tid=346 timed_waiting&#10;java.lang.Thread.State: TIMED_WAITING&#10;        at java.base@21.0.8/jdk.internal.misc.Unsafe.park(Native Method)&#10;        at java.base@21.0.8/java.util.concurrent.locks.LockSupport.parkNanos(LockSupport.java:269)&#10;        at java.base@21.0.8/java.util.concurrent.locks.AbstractQueuedSynchronizer$ConditionObject.awaitNanos(AbstractQueuedSynchronizer.java:1763)&#10;        at java.base@21.0.8/java.util.concurrent.LinkedBlockingQueue.poll(LinkedBlockingQueue.java:460)&#10;        at app//org.apache.hadoop.ipc.CallQueueManager.take(CallQueueManager.java:370)&#10;        at app//org.apache.hadoop.ipc.Server$Handler.run(Server.java:3165)&#10;&quot;Socket Reader #3 for port 15029&quot; daemon prio=5 tid=776 runnable&#10;java.lang.Thread.State: RUNNABLE&#10;        at java.base@21.0.8/sun.nio.ch.EPoll.wait(Native Method)&#10;        at java.base@21.0.8/sun.nio.ch.EPollSelectorImpl.doSelect(EPollSelectorImpl.java:121)&#10;        at java.base@21.0.8/sun.nio.ch.SelectorImpl.lockAndDoSelect(SelectorImpl.java:130)&#10;        at java.base@21.0.8/sun.nio.ch.SelectorImpl.select(SelectorImpl.java:147)&#10;        at app//org.apache.hadoop.ipc.Server$Listener$Reader.doRunLoop(Server.java:1497)&#10;        at app//org.apache.hadoop.ipc.Server$Listener$Reader.run(Server.java:1476)&#10;&quot;Socket Reader #9 for port 15003&quot; daemon prio=5 tid=84 runnable&#10;java.lang.Thread.State: RUNNABLE&#10;        at java.base@21.0.8/sun.nio.ch.EPoll.wait(Native Method)&#10;        at java.base@21.0.8/sun.nio.ch.EPollSelectorImpl.doSelect(EPollSelectorImpl.java:121)&#10;        at java.base@21.0.8/sun.nio.ch.SelectorImpl.lockAndDoSelect(SelectorImpl.java:130)&#10;        at java.base@21.0.8/sun.nio.ch.SelectorImpl.select(SelectorImpl.java:147)&#10;        at app//org.apache.hadoop.ipc.Server$Listener$Reader.doRunLoop(Server.java:1497)&#10;        at app//org.apache.hadoop.ipc.Server$Listener$Reader.run(Server.java:1476)&#10;&quot;c11f8a16-55ee-4f22-a5a5-7daf2dffa753-CommandProcessorThread&quot; daemon prio=5 tid=756 timed_waiting&#10;java.lang.Thread.State: TIMED_WAITING&#10;        at java.base@21.0.8/java.lang.Thread.sleep0(Native Method)&#10;        at java.base@21.0.8/java.lang.Thread.sleep(Thread.java:509)&#10;        at app//org.apache.hadoop.ozone.container.common.statemachine.DatanodeStateMachine.lambda$initCommandHandlerThread$4(DatanodeStateMachine.java:698)&#10;        at app//org.apache.hadoop.ozone.container.common.statemachine.DatanodeStateMachine$$Lambda/0x00007f9d6ccbae88.run(Unknown Source)&#10;        at java.base@21.0.8/java.lang.Thread.runWith(Thread.java:1596)&#10;        at java.base@21.0.8/java.lang.Thread.run(Thread.java:1583)&#10;&quot;fc0351b7-0c71-4a2a-a0ca-337e5c0b1c14-PeriodicHDDSVolumeChecker&quot; daemon prio=5 tid=984 timed_waiting&#10;java.lang.Thread.State: TIMED_WAITING&#10;        at java.base@21.0.8/jdk.internal.misc.Unsafe.park(Native Method)&#10;        at java.base@21.0.8/java.util.concurrent.locks.LockSupport.parkNanos(LockSupport.java:269)&#10;        at java.base@21.0.8/java.util.concurrent.locks.AbstractQueuedSynchronizer$ConditionObject.awaitNanos(AbstractQueuedSynchronizer.java:1763)&#10;        at java.base@21.0.8/java.util.concurrent.ScheduledThreadPoolExecutor$DelayedWorkQueue.take(ScheduledThreadPoolExecutor.java:1182)&#10;        at java.base@21.0.8/java.util.concurrent.ScheduledThreadPoolExecutor$DelayedWorkQueue.take(ScheduledThreadPoolExecutor.java:899)&#10;        at java.base@21.0.8/java.util.concurrent.ThreadPoolExecutor.getTask(ThreadPoolExecutor.java:1070)&#10;        at java.base@21.0.8/java.util.concurrent.ThreadPoolExecutor.runWorker(ThreadPoolExecutor.java:1130)&#10;        at java.base@21.0.8/java.util.concurrent.ThreadPoolExecutor$Worker.run(ThreadPoolExecutor.java:642)&#10;        at java.base@21.0.8/java.lang.Thread.runWith(Thread.java:1596)&#10;        at java.base@21.0.8/java.lang.Thread.run(Thread.java:1583)&#10;&quot;FixedThreadPoolWithAffinityExecutor-7-0&quot; daemon prio=5 tid=110 timed_waiting&#10;java.lang.Thread.State: TIMED_WAITING&#10;        at java.base@21.0.8/jdk.internal.misc.Unsafe.park(Native Method)&#10;        at java.base@21.0.8/java.util.concurrent.locks.LockSupport.parkNanos(LockSupport.java:269)&#10;        at java.base@21.0.8/java.util.concurrent.locks.AbstractQueuedSynchronizer$ConditionObject.awaitNanos(AbstractQueuedSynchronizer.java:1763)&#10;        at java.base@21.0.8/java.util.concurrent.LinkedBlockingQueue.poll(LinkedBlockingQueue.java:460)&#10;        at app//org.apache.hadoop.hdds.scm.server.ContainerReportQueue.poll(ContainerReportQueue.java:269)&#10;        at app//org.apache.hadoop.hdds.scm.server.ContainerReportQueue.poll(ContainerReportQueue.java:42)&#10;        at app//org.apache.hadoop.hdds.server.events.FixedThreadPoolWithAffinityExecutor$ContainerReportProcessTask.run(FixedThreadPoolWithAffinityExecutor.java:228)&#10;        at java.base@21.0.8/java.util.concurrent.Executors$RunnableAdapter.call(Executors.java:572)&#10;        at java.base@21.0.8/java.util.concurrent.FutureTask.run(FutureTask.java:317)&#10;        at java.base@21.0.8/java.util.concurrent.ThreadPoolExecutor.runWorker(ThreadPoolExecutor.java:1144)&#10;        at java.base@21.0.8/java.util.concurrent.ThreadPoolExecutor$Worker.run(ThreadPoolExecutor.java:642)&#10;        at java.base@21.0.8/java.lang.Thread.runWith(Thread.java:1596)&#10;        at java.base@21.0.8/java.lang.Thread.run(Thread.java:1583)&#10;&quot;IPC Server handler 37 on default port 15002&quot; daemon prio=5 tid=157 timed_waiting&#10;java.lang.Thread.State: TIMED_WAITING&#10;        at java.base@21.0.8/jdk.internal.misc.Unsafe.park(Native Method)&#10;        at java.base@21.0.8/java.util.concurrent.locks.LockSupport.parkNanos(LockSupport.java:269)&#10;        at java.base@21.0.8/java.util.concurrent.locks.AbstractQueuedSynchronizer$ConditionObject.awaitNanos(AbstractQueuedSynchronizer.java:1763)&#10;        at java.base@21.0.8/java.util.concurrent.LinkedBlockingQueue.poll(LinkedBlockingQueue.java:460)&#10;        at app//org.apache.hadoop.ipc.CallQueueManager.take(CallQueueManager.java:370)&#10;        at app//org.apache.hadoop.ipc.Server$Handler.run(Server.java:3165)&#10;&quot;StaleRecoveringContainerScrubbingService#1&quot; daemon prio=5 tid=903 timed_waiting&#10;java.lang.Thread.State: TIMED_WAITING&#10;        at java.base@21.0.8/jdk.internal.misc.Unsafe.park(Native Method)&#10;        at java.base@21.0.8/java.util.concurrent.locks.LockSupport.parkNanos(LockSupport.java:269)&#10;        at java.base@21.0.8/java.util.concurrent.locks.AbstractQueuedSynchronizer$ConditionObject.awaitNanos(AbstractQueuedSynchronizer.java:1763)&#10;        at java.base@21.0.8/java.util.concurrent.ScheduledThreadPoolExecutor$DelayedWorkQueue.take(ScheduledThreadPoolExecutor.java:1182)&#10;        at java.base@21.0.8/java.util.concurrent.ScheduledThreadPoolExecutor$DelayedWorkQueue.take(ScheduledThreadPoolExecutor.java:899)&#10;        at java.base@21.0.8/java.util.concurrent.ThreadPoolExecutor.getTask(ThreadPoolExecutor.java:1070)&#10;        at java.base@21.0.8/java.util.concurrent.ThreadPoolExecutor.runWorker(ThreadPoolExecutor.java:1130)&#10;        at java.base@21.0.8/java.util.concurrent.ThreadPoolExecutor$Worker.run(ThreadPoolExecutor.java:642)&#10;        at java.base@21.0.8/java.lang.Thread.runWith(Thread.java:1596)&#10;        at java.base@21.0.8/java.lang.Thread.run(Thread.java:1583)&#10;&quot;IPC Server handler 74 on default port 15001&quot; daemon prio=5 tid=632 timed_waiting&#10;java.lang.Thread.State: TIMED_WAITING&#10;        at java.base@21.0.8/jdk.internal.misc.Unsafe.park(Native Method)&#10;        at java.base@21.0.8/java.util.concurrent.locks.LockSupport.parkNanos(LockSupport.java:269)&#10;        at java.base@21.0.8/java.util.concurrent.locks.AbstractQueuedSynchronizer$ConditionObject.awaitNanos(AbstractQueuedSynchronizer.java:1763)&#10;        at java.base@21.0.8/java.util.concurrent.LinkedBlockingQueue.poll(LinkedBlockingQueue.java:460)&#10;        at app//org.apache.hadoop.ipc.CallQueueManager.take(CallQueueManager.java:370)&#10;        at app//org.apache.hadoop.ipc.Server$Handler.run(Server.java:3165)&#10;&quot;74afb32b-8e70-4799-b16c-dc9602d9dbb6-DatanodeReportManager-1&quot; daemon prio=5 tid=957 in Object.wait()&#10;java.lang.Thread.State: WAITING (on object monitor)&#10;        at java.base@21.0.8/jdk.internal.misc.Unsafe.park(Native Method)&#10;        at java.base@21.0.8/java.util.concurrent.locks.LockSupport.park(LockSupport.java:371)&#10;        at java.base@21.0.8/java.util.concurrent.locks.AbstractQueuedSynchronizer$ConditionNode.block(AbstractQueuedSynchronizer.java:519)&#10;        at java.base@21.0.8/java.util.concurrent.ForkJoinPool.unmanagedBlock(ForkJoinPool.java:3780)&#10;        at java.base@21.0.8/java.util.concurrent.ForkJoinPool.managedBlock(ForkJoinPool.java:3725)&#10;        at java.base@21.0.8/java.util.concurrent.locks.AbstractQueuedSynchronizer$ConditionObject.await(AbstractQueuedSynchronizer.java:1712)&#10;        at java.base@21.0.8/java.util.concurrent.ScheduledThreadPoolExecutor$DelayedWorkQueue.take(ScheduledThreadPoolExecutor.java:1177)&#10;        at java.base@21.0.8/java.util.concurrent.ScheduledThreadPoolExecutor$DelayedWorkQueue.take(ScheduledThreadPoolExecutor.java:899)&#10;        at java.base@21.0.8/java.util.concurrent.ThreadPoolExecutor.getTask(ThreadPoolExecutor.java:1070)&#10;        at java.base@21.0.8/java.util.concurrent.ThreadPoolExecutor.runWorker(ThreadPoolExecutor.java:1130)&#10;        at java.base@21.0.8/java.util.concurrent.ThreadPoolExecutor$Worker.run(ThreadPoolExecutor.java:642)&#10;        at java.base@21.0.8/java.lang.Thread.runWith(Thread.java:1596)&#10;        at java.base@21.0.8/java.lang.Thread.run(Thread.java:1583)&#10;&quot;IPC Server handler 36 on default port 15003&quot; daemon prio=5 tid=256 timed_waiting&#10;java.lang.Thread.State: TIMED_WAITING&#10;        at java.base@21.0.8/jdk.internal.misc.Unsafe.park(Native Method)&#10;        at java.base@21.0.8/java.util.concurrent.locks.LockSupport.parkNanos(LockSupport.java:269)&#10;        at java.base@21.0.8/java.util.concurrent.locks.AbstractQueuedSynchronizer$ConditionObject.awaitNanos(AbstractQueuedSynchronizer.java:1763)&#10;        at java.base@21.0.8/java.util.concurrent.LinkedBlockingQueue.poll(LinkedBlockingQueue.java:460)&#10;        at app//org.apache.hadoop.ipc.CallQueueManager.take(CallQueueManager.java:370)&#10;        at app//org.apache.hadoop.ipc.Server$Handler.run(Server.java:3165)&#10;&quot;IPC Server handler 99 on default port 15002&quot; daemon prio=5 tid=219 timed_waiting&#10;java.lang.Thread.State: TIMED_WAITING&#10;        at java.base@21.0.8/jdk.internal.misc.Unsafe.park(Native Method)&#10;        at java.base@21.0.8/java.util.concurrent.locks.LockSupport.parkNanos(LockSupport.java:269)&#10;        at java.base@21.0.8/java.util.concurrent.locks.AbstractQueuedSynchronizer$ConditionObject.awaitNanos(AbstractQueuedSynchronizer.java:1763)&#10;        at java.base@21.0.8/java.util.concurrent.LinkedBlockingQueue.poll(LinkedBlockingQueue.java:460)&#10;        at app//org.apache.hadoop.ipc.CallQueueManager.take(CallQueueManager.java:370)&#10;        at app//org.apache.hadoop.ipc.Server$Handler.run(Server.java:3165)&#10;&quot;Session-HouseKeeper-b3340a-1&quot;  prio=5 tid=491 timed_waiting&#10;java.lang.Thread.State: TIMED_WAITING&#10;        at java.base@21.0.8/jdk.internal.misc.Unsafe.park(Native Method)&#10;        at java.base@21.0.8/java.util.concurrent.locks.LockSupport.parkNanos(LockSupport.java:269)&#10;        at java.base@21.0.8/java.util.concurrent.locks.AbstractQueuedSynchronizer$ConditionObject.awaitNanos(AbstractQueuedSynchronizer.java:1763)&#10;        at java.base@21.0.8/java.util.concurrent.ScheduledThreadPoolExecutor$DelayedWorkQueue.take(ScheduledThreadPoolExecutor.java:1182)&#10;        at java.base@21.0.8/java.util.concurrent.ScheduledThreadPoolExecutor$DelayedWorkQueue.take(ScheduledThreadPoolExecutor.java:899)&#10;        at java.base@21.0.8/java.util.concurrent.ThreadPoolExecutor.getTask(ThreadPoolExecutor.java:1070)&#10;        at java.base@21.0.8/java.util.concurrent.ThreadPoolExecutor.runWorker(ThreadPoolExecutor.java:1130)&#10;        at java.base@21.0.8/java.util.concurrent.ThreadPoolExecutor$Worker.run(ThreadPoolExecutor.java:642)&#10;        at java.base@21.0.8/java.lang.Thread.runWith(Thread.java:1596)&#10;        at java.base@21.0.8/java.lang.Thread.run(Thread.java:1583)&#10;&quot;IPC Server handler 77 on default port 15003&quot; daemon prio=5 tid=297 timed_waiting&#10;java.lang.Thread.State: TIMED_WAITING&#10;        at java.base@21.0.8/jdk.internal.misc.Unsafe.park(Native Method)&#10;        at java.base@21.0.8/java.util.concurrent.locks.LockSupport.parkNanos(LockSupport.java:269)&#10;        at java.base@21.0.8/java.util.concurrent.locks.AbstractQueuedSynchronizer$ConditionObject.awaitNanos(AbstractQueuedSynchronizer.java:1763)&#10;        at java.base@21.0.8/java.util.concurrent.LinkedBlockingQueue.poll(LinkedBlockingQueue.java:460)&#10;        at app//org.apache.hadoop.ipc.CallQueueManager.take(CallQueueManager.java:370)&#10;        at app//org.apache.hadoop.ipc.Server$Handler.run(Server.java:3165)&#10;&quot;timer6&quot; daemon prio=5 tid=1137 timed_waiting&#10;java.lang.Thread.State: TIMED_WAITING&#10;        at java.base@21.0.8/java.lang.Object.wait0(Native Method)&#10;        at java.base@21.0.8/java.lang.Object.wait(Object.java:366)&#10;        at java.base@21.0.8/java.util.TimerThread.mainLoop(Timer.java:563)&#10;        at java.base@21.0.8/java.util.TimerThread.run(Timer.java:516)&#10;&quot;IPC Server handler 84 on default port 15002&quot; daemon prio=5 tid=204 timed_waiting&#10;java.lang.Thread.State: TIMED_WAITING&#10;        at java.base@21.0.8/jdk.internal.misc.Unsafe.park(Native Method)&#10;        at java.base@21.0.8/java.util.concurrent.locks.LockSupport.parkNanos(LockSupport.java:269)&#10;        at java.base@21.0.8/java.util.concurrent.locks.AbstractQueuedSynchronizer$ConditionObject.awaitNanos(AbstractQueuedSynchronizer.java:1763)&#10;        at java.base@21.0.8/java.util.concurrent.LinkedBlockingQueue.poll(LinkedBlockingQueue.java:460)&#10;        at app//org.apache.hadoop.ipc.CallQueueManager.take(CallQueueManager.java:370)&#10;        at app//org.apache.hadoop.ipc.Server$Handler.run(Server.java:3165)&#10;&quot;SSL Certificates Store Monitor&quot; daemon prio=5 tid=1374 terminated&#10;java.lang.Thread.State: TERMINATED&#10;        at java.base@21.0.8/java.lang.Object.wait0(Native Method)&#10;        at java.base@21.0.8/java.lang.Object.wait(Object.java:366)&#10;        at java.base@21.0.8/java.lang.Object.wait(Object.java:339)&#10;        at java.base@21.0.8/java.util.TimerThread.mainLoop(Timer.java:537)&#10;        at java.base@21.0.8/java.util.TimerThread.run(Timer.java:516)&#10;&quot;Socket Reader #3 for port 15003&quot; daemon prio=5 tid=78 runnable&#10;java.lang.Thread.State: RUNNABLE&#10;        at java.base@21.0.8/sun.nio.ch.EPoll.wait(Native Method)&#10;        at java.base@21.0.8/sun.nio.ch.EPollSelectorImpl.doSelect(EPollSelectorImpl.java:121)&#10;        at java.base@21.0.8/sun.nio.ch.SelectorImpl.lockAndDoSelect(SelectorImpl.java:130)&#10;        at java.base@21.0.8/sun.nio.ch.SelectorImpl.select(SelectorImpl.java:147)&#10;        at app//org.apache.hadoop.ipc.Server$Listener$Reader.doRunLoop(Server.java:1497)&#10;        at app//org.apache.hadoop.ipc.Server$Listener$Reader.run(Server.java:1476)&#10;&quot;IPC Server handler 23 on default port 15002&quot; daemon prio=5 tid=143 timed_waiting&#10;java.lang.Thread.State: TIMED_WAITING&#10;        at java.base@21.0.8/jdk.internal.misc.Unsafe.park(Native Method)&#10;        at java.base@21.0.8/java.util.concurrent.locks.LockSupport.parkNanos(LockSupport.java:269)&#10;        at java.base@21.0.8/java.util.concurrent.locks.AbstractQueuedSynchronizer$ConditionObject.awaitNanos(AbstractQueuedSynchronizer.java:1763)&#10;        at java.base@21.0.8/java.util.concurrent.LinkedBlockingQueue.poll(LinkedBlockingQueue.java:460)&#10;        at app//org.apache.hadoop.ipc.CallQueueManager.take(CallQueueManager.java:370)&#10;        at app//org.apache.hadoop.ipc.Server$Handler.run(Server.java:3165)&#10;&quot;Socket Reader #5 for port 15001&quot; daemon prio=5 tid=525 runnable&#10;java.lang.Thread.State: RUNNABLE&#10;        at java.base@21.0.8/sun.nio.ch.EPoll.wait(Native Method)&#10;        at java.base@21.0.8/sun.nio.ch.EPollSelectorImpl.doSelect(EPollSelectorImpl.java:121)&#10;        at java.base@21.0.8/sun.nio.ch.SelectorImpl.lockAndDoSelect(SelectorImpl.java:130)&#10;        at java.base@21.0.8/sun.nio.ch.SelectorImpl.select(SelectorImpl.java:147)&#10;        at app//org.apache.hadoop.ipc.Server$Listener$Reader.doRunLoop(Server.java:1497)&#10;        at app//org.apache.hadoop.ipc.Server$Listener$Reader.run(Server.java:1476)&#10;&quot;7d2db622-5327-4122-ba03-be97b5575303-DatanodeReportManager-1&quot; daemon prio=5 tid=799 in Object.wait()&#10;java.lang.Thread.State: WAITING (on object monitor)&#10;        at java.base@21.0.8/jdk.internal.misc.Unsafe.park(Native Method)&#10;        at java.base@21.0.8/java.util.concurrent.locks.LockSupport.park(LockSupport.java:371)&#10;        at java.base@21.0.8/java.util.concurrent.locks.AbstractQueuedSynchronizer$ConditionNode.block(AbstractQueuedSynchronizer.java:519)&#10;        at java.base@21.0.8/java.util.concurrent.ForkJoinPool.unmanagedBlock(ForkJoinPool.java:3780)&#10;        at java.base@21.0.8/java.util.concurrent.ForkJoinPool.managedBlock(ForkJoinPool.java:3725)&#10;        at java.base@21.0.8/java.util.concurrent.locks.AbstractQueuedSynchronizer$ConditionObject.await(AbstractQueuedSynchronizer.java:1712)&#10;        at java.base@21.0.8/java.util.concurrent.ScheduledThreadPoolExecutor$DelayedWorkQueue.take(ScheduledThreadPoolExecutor.java:1177)&#10;        at java.base@21.0.8/java.util.concurrent.ScheduledThreadPoolExecutor$DelayedWorkQueue.take(ScheduledThreadPoolExecutor.java:899)&#10;        at java.base@21.0.8/java.util.concurrent.ThreadPoolExecutor.getTask(ThreadPoolExecutor.java:1070)&#10;        at java.base@21.0.8/java.util.concurrent.ThreadPoolExecutor.runWorker(ThreadPoolExecutor.java:1130)&#10;        at java.base@21.0.8/java.util.concurrent.ThreadPoolExecutor$Worker.run(ThreadPoolExecutor.java:642)&#10;        at java.base@21.0.8/java.lang.Thread.runWith(Thread.java:1596)&#10;        at java.base@21.0.8/java.lang.Thread.run(Thread.java:1583)&#10;&quot;IPC Server handler 87 on default port 15004&quot; daemon prio=5 tid=425 timed_waiting&#10;java.lang.Thread.State: TIMED_WAITING&#10;        at java.base@21.0.8/jdk.internal.misc.Unsafe.park(Native Method)&#10;        at java.base@21.0.8/java.util.concurrent.locks.LockSupport.parkNanos(LockSupport.java:269)&#10;        at java.base@21.0.8/java.util.concurrent.locks.AbstractQueuedSynchronizer$ConditionObject.awaitNanos(AbstractQueuedSynchronizer.java:1763)&#10;        at java.base@21.0.8/java.util.concurrent.LinkedBlockingQueue.poll(LinkedBlockingQueue.java:460)&#10;        at app//org.apache.hadoop.ipc.CallQueueManager.take(CallQueueManager.java:370)&#10;        at app//org.apache.hadoop.ipc.Server$Handler.run(Server.java:3165)&#10;&quot;IPC Server handler 86 on default port 15001&quot; daemon prio=5 tid=644 timed_waiting&#10;java.lang.Thread.State: TIMED_WAITING&#10;        at java.base@21.0.8/jdk.internal.misc.Unsafe.park(Native Method)&#10;        at java.base@21.0.8/java.util.concurrent.locks.LockSupport.parkNanos(LockSupport.java:269)&#10;        at java.base@21.0.8/java.util.concurrent.locks.AbstractQueuedSynchronizer$ConditionObject.awaitNanos(AbstractQueuedSynchronizer.java:1763)&#10;        at java.base@21.0.8/java.util.concurrent.LinkedBlockingQueue.poll(LinkedBlockingQueue.java:460)&#10;        at app//org.apache.hadoop.ipc.CallQueueManager.take(CallQueueManager.java:370)&#10;        at app//org.apache.hadoop.ipc.Server$Handler.run(Server.java:3165)&#10;&quot;IPC Server handler 27 on default port 15002&quot; daemon prio=5 tid=147 timed_waiting&#10;java.lang.Thread.State: TIMED_WAITING&#10;        at java.base@21.0.8/jdk.internal.misc.Unsafe.park(Native Method)&#10;        at java.base@21.0.8/java.util.concurrent.locks.LockSupport.parkNanos(LockSupport.java:269)&#10;        at java.base@21.0.8/java.util.concurrent.locks.AbstractQueuedSynchronizer$ConditionObject.awaitNanos(AbstractQueuedSynchronizer.java:1763)&#10;        at java.base@21.0.8/java.util.concurrent.LinkedBlockingQueue.poll(LinkedBlockingQueue.java:460)&#10;        at app//org.apache.hadoop.ipc.CallQueueManager.take(CallQueueManager.java:370)&#10;        at app//org.apache.hadoop.ipc.Server$Handler.run(Server.java:3165)&#10;&quot;Socket Reader #10 for port 15008&quot; daemon prio=5 tid=459 runnable&#10;java.lang.Thread.State: RUNNABLE&#10;        at java.base@21.0.8/sun.nio.ch.EPoll.wait(Native Method)&#10;        at java.base@21.0.8/sun.nio.ch.EPollSelectorImpl.doSelect(EPollSelectorImpl.java:121)&#10;        at java.base@21.0.8/sun.nio.ch.SelectorImpl.lockAndDoSelect(SelectorImpl.java:130)&#10;        at java.base@21.0.8/sun.nio.ch.SelectorImpl.select(SelectorImpl.java:147)&#10;        at app//org.apache.hadoop.ipc.Server$Listener$Reader.doRunLoop(Server.java:1497)&#10;        at app//org.apache.hadoop.ipc.Server$Listener$Reader.run(Server.java:1476)&#10;&quot;7d2db622-5327-4122-ba03-be97b5575303-ChunkWriter-1-0&quot; daemon prio=5 tid=970 in Object.wait()&#10;java.lang.Thread.State: WAITING (on object monitor)&#10;        at java.base@21.0.8/jdk.internal.misc.Unsafe.park(Native Method)&#10;        at java.base@21.0.8/java.util.concurrent.locks.LockSupport.park(LockSupport.java:371)&#10;        at java.base@21.0.8/java.util.concurrent.locks.AbstractQueuedSynchronizer$ConditionNode.block(AbstractQueuedSynchronizer.java:519)&#10;        at java.base@21.0.8/java.util.concurrent.ForkJoinPool.unmanagedBlock(ForkJoinPool.java:3780)&#10;        at java.base@21.0.8/java.util.concurrent.ForkJoinPool.managedBlock(ForkJoinPool.java:3725)&#10;        at java.base@21.0.8/java.util.concurrent.locks.AbstractQueuedSynchronizer$ConditionObject.await(AbstractQueuedSynchronizer.java:1712)&#10;        at java.base@21.0.8/java.util.concurrent.LinkedBlockingDeque.takeFirst(LinkedBlockingDeque.java:485)&#10;        at java.base@21.0.8/java.util.concurrent.LinkedBlockingDeque.take(LinkedBlockingDeque.java:673)&#10;        at java.base@21.0.8/java.util.concurrent.ThreadPoolExecutor.getTask(ThreadPoolExecutor.java:1070)&#10;        at java.base@21.0.8/java.util.concurrent.ThreadPoolExecutor.runWorker(ThreadPoolExecutor.java:1130)&#10;        at java.base@21.0.8/java.util.concurrent.ThreadPoolExecutor$Worker.run(ThreadPoolExecutor.java:642)&#10;        at java.base@21.0.8/java.lang.Thread.runWith(Thread.java:1596)&#10;        at java.base@21.0.8/java.lang.Thread.run(Thread.java:1583)&#10;&quot;IPC Server handler 16 on default port 15003&quot; daemon prio=5 tid=236 timed_waiting&#10;java.lang.Thread.State: TIMED_WAITING&#10;        at java.base@21.0.8/jdk.internal.misc.Unsafe.park(Native Method)&#10;        at java.base@21.0.8/java.util.concurrent.locks.LockSupport.parkNanos(LockSupport.java:269)&#10;        at java.base@21.0.8/java.util.concurrent.locks.AbstractQueuedSynchronizer$ConditionObject.awaitNanos(AbstractQueuedSynchronizer.java:1763)&#10;        at java.base@21.0.8/java.util.concurrent.LinkedBlockingQueue.poll(LinkedBlockingQueue.java:460)&#10;        at app//org.apache.hadoop.ipc.CallQueueManager.take(CallQueueManager.java:370)&#10;        at app//org.apache.hadoop.ipc.Server$Handler.run(Server.java:3165)&#10;&quot;Socket Reader #4 for port 15021&quot; daemon prio=5 tid=731 runnable&#10;java.lang.Thread.State: RUNNABLE&#10;        at java.base@21.0.8/sun.nio.ch.EPoll.wait(Native Method)&#10;        at java.base@21.0.8/sun.nio.ch.EPollSelectorImpl.doSelect(EPollSelectorImpl.java:121)&#10;        at java.base@21.0.8/sun.nio.ch.SelectorImpl.lockAndDoSelect(SelectorImpl.java:130)&#10;        at java.base@21.0.8/sun.nio.ch.SelectorImpl.select(SelectorImpl.java:147)&#10;        at app//org.apache.hadoop.ipc.Server$Listener$Reader.doRunLoop(Server.java:1497)&#10;        at app//org.apache.hadoop.ipc.Server$Listener$Reader.run(Server.java:1476)&#10;&quot;surefire-forkedjvm-command-thread&quot; daemon prio=5 tid=25 runnable&#10;java.lang.Thread.State: RUNNABLE&#10;        at java.base@21.0.8/java.io.FileInputStream.readBytes(Native Method)&#10;        at java.base@21.0.8/java.io.FileInputStream.read(FileInputStream.java:287)&#10;        at java.base@21.0.8/java.io.BufferedInputStream.read1(BufferedInputStream.java:345)&#10;        at java.base@21.0.8/java.io.BufferedInputStream.implRead(BufferedInputStream.java:420)&#10;        at java.base@21.0.8/java.io.BufferedInputStream.read(BufferedInputStream.java:399)&#10;        at java.base@21.0.8/java.io.BufferedInputStream.fill(BufferedInputStream.java:291)&#10;        at java.base@21.0.8/java.io.BufferedInputStream.read1(BufferedInputStream.java:347)&#10;        at java.base@21.0.8/java.io.BufferedInputStream.implRead(BufferedInputStream.java:420)&#10;        at java.base@21.0.8/java.io.BufferedInputStream.read(BufferedInputStream.java:399)&#10;        at app//org.apache.maven.surefire.api.util.internal.Channels$3.readImpl(Channels.java:169)&#10;        at app//org.apache.maven.surefire.api.util.internal.AbstractNoninterruptibleReadableChannel.read(AbstractNoninterruptibleReadableChannel.java:50)&#10;        at app//org.apache.maven.surefire.api.stream.AbstractStreamDecoder.read(AbstractStreamDecoder.java:430)&#10;        at app//org.apache.maven.surefire.api.stream.AbstractStreamDecoder.read(AbstractStreamDecoder.java:419)&#10;        at app//org.apache.maven.surefire.api.stream.AbstractStreamDecoder.readMessageType(AbstractStreamDecoder.java:116)&#10;        at app//org.apache.maven.surefire.booter.stream.CommandDecoder.decode(CommandDecoder.java:77)&#10;        at app//org.apache.maven.surefire.booter.spi.CommandChannelDecoder.decode(CommandChannelDecoder.java:60)&#10;        at app//org.apache.maven.surefire.booter.CommandReader$CommandRunnable.run(CommandReader.java:290)&#10;        at java.base@21.0.8/java.lang.Thread.runWith(Thread.java:1596)&#10;        at java.base@21.0.8/java.lang.Thread.run(Thread.java:1583)&#10;&quot;7d2db622-5327-4122-ba03-be97b5575303-DatanodeStateMachineTaskThread-1&quot;  prio=5 tid=916 in Object.wait()&#10;java.lang.Thread.State: WAITING (on object monitor)&#10;        at java.base@21.0.8/jdk.internal.misc.Unsafe.park(Native Method)&#10;        at java.base@21.0.8/java.util.concurrent.locks.LockSupport.park(LockSupport.java:371)&#10;        at java.base@21.0.8/java.util.concurrent.locks.AbstractQueuedSynchronizer$ConditionNode.block(AbstractQueuedSynchronizer.java:519)&#10;        at java.base@21.0.8/java.util.concurrent.ForkJoinPool.unmanagedBlock(ForkJoinPool.java:3780)&#10;        at java.base@21.0.8/java.util.concurrent.ForkJoinPool.managedBlock(ForkJoinPool.java:3725)&#10;        at java.base@21.0.8/java.util.concurrent.locks.AbstractQueuedSynchronizer$ConditionObject.await(AbstractQueuedSynchronizer.java:1712)&#10;        at java.base@21.0.8/java.util.concurrent.LinkedBlockingQueue.take(LinkedBlockingQueue.java:435)&#10;        at java.base@21.0.8/java.util.concurrent.ThreadPoolExecutor.getTask(ThreadPoolExecutor.java:1070)&#10;        at java.base@21.0.8/java.util.concurrent.ThreadPoolExecutor.runWorker(ThreadPoolExecutor.java:1130)&#10;        at java.base@21.0.8/java.util.concurrent.ThreadPoolExecutor$Worker.run(ThreadPoolExecutor.java:642)&#10;        at java.base@21.0.8/java.lang.Thread.runWith(Thread.java:1596)&#10;        at java.base@21.0.8/java.lang.Thread.run(Thread.java:1583)&#10;&quot;qtp1597424614-325-acceptor-0@3164748a-ServerConnector@2b504da0{HTTP/1.1, (http/1.1)}{0.0.0.0:15005}&quot; daemon prio=3 tid=325 runnable&#10;java.lang.Thread.State: RUNNABLE&#10;        at java.base@21.0.8/sun.nio.ch.Net.accept(Native Method)&#10;        at java.base@21.0.8/sun.nio.ch.ServerSocketChannelImpl.implAccept(ServerSocketChannelImpl.java:433)&#10;        at java.base@21.0.8/sun.nio.ch.ServerSocketChannelImpl.accept(ServerSocketChannelImpl.java:399)&#10;        at app//org.eclipse.jetty.server.ServerConnector.accept(ServerConnector.java:388)&#10;        at app//org.eclipse.jetty.server.AbstractConnector$Acceptor.run(AbstractConnector.java:704)&#10;        at app//org.eclipse.jetty.util.thread.QueuedThreadPool.runJob(QueuedThreadPool.java:883)&#10;        at app//org.eclipse.jetty.util.thread.QueuedThreadPool$Runner.run(QueuedThreadPool.java:1034)&#10;        at java.base@21.0.8/java.lang.Thread.runWith(Thread.java:1596)&#10;        at java.base@21.0.8/java.lang.Thread.run(Thread.java:1583)&#10;&quot;IPC Server handler 22 on default port 15001&quot; daemon prio=5 tid=580 timed_waiting&#10;java.lang.Thread.State: TIMED_WAITING&#10;        at java.base@21.0.8/jdk.internal.misc.Unsafe.park(Native Method)&#10;        at java.base@21.0.8/java.util.concurrent.locks.LockSupport.parkNanos(LockSupport.java:269)&#10;        at java.base@21.0.8/java.util.concurrent.locks.AbstractQueuedSynchronizer$ConditionObject.awaitNanos(AbstractQueuedSynchronizer.java:1763)&#10;        at java.base@21.0.8/java.util.concurrent.LinkedBlockingQueue.poll(LinkedBlockingQueue.java:460)&#10;        at app//org.apache.hadoop.ipc.CallQueueManager.take(CallQueueManager.java:370)&#10;        at app//org.apache.hadoop.ipc.Server$Handler.run(Server.java:3165)&#10;&quot;IPC Server handler 83 on default port 15004&quot; daemon prio=5 tid=421 timed_waiting&#10;java.lang.Thread.State: TIMED_WAITING&#10;        at java.base@21.0.8/jdk.internal.misc.Unsafe.park(Native Method)&#10;        at java.base@21.0.8/java.util.concurrent.locks.LockSupport.parkNanos(LockSupport.java:269)&#10;        at java.base@21.0.8/java.util.concurrent.locks.AbstractQueuedSynchronizer$ConditionObject.awaitNanos(AbstractQueuedSynchronizer.java:1763)&#10;        at java.base@21.0.8/java.util.concurrent.LinkedBlockingQueue.poll(LinkedBlockingQueue.java:460)&#10;        at app//org.apache.hadoop.ipc.CallQueueManager.take(CallQueueManager.java:370)&#10;        at app//org.apache.hadoop.ipc.Server$Handler.run(Server.java:3165)&#10;&quot;IPC Server handler 27 on default port 15001&quot; daemon prio=5 tid=585 timed_waiting&#10;java.lang.Thread.State: TIMED_WAITING&#10;        at java.base@21.0.8/jdk.internal.misc.Unsafe.park(Native Method)&#10;        at java.base@21.0.8/java.util.concurrent.locks.LockSupport.parkNanos(LockSupport.java:269)&#10;        at java.base@21.0.8/java.util.concurrent.locks.AbstractQueuedSynchronizer$ConditionObject.awaitNanos(AbstractQueuedSynchronizer.java:1763)&#10;        at java.base@21.0.8/java.util.concurrent.LinkedBlockingQueue.poll(LinkedBlockingQueue.java:460)&#10;        at app//org.apache.hadoop.ipc.CallQueueManager.take(CallQueueManager.java:370)&#10;        at app//org.apache.hadoop.ipc.Server$Handler.run(Server.java:3165)&#10;&quot;Socket Reader #9 for port 15037&quot; daemon prio=5 tid=859 runnable&#10;java.lang.Thread.State: RUNNABLE&#10;        at java.base@21.0.8/sun.nio.ch.EPoll.wait(Native Method)&#10;        at java.base@21.0.8/sun.nio.ch.EPollSelectorImpl.doSelect(EPollSelectorImpl.java:121)&#10;        at java.base@21.0.8/sun.nio.ch.SelectorImpl.lockAndDoSelect(SelectorImpl.java:130)&#10;        at java.base@21.0.8/sun.nio.ch.SelectorImpl.select(SelectorImpl.java:147)&#10;        at app//org.apache.hadoop.ipc.Server$Listener$Reader.doRunLoop(Server.java:1497)&#10;        at app//org.apache.hadoop.ipc.Server$Listener$Reader.run(Server.java:1476)&#10;&quot;IPC Server handler 26 on default port 15003&quot; daemon prio=5 tid=246 timed_waiting&#10;java.lang.Thread.State: TIMED_WAITING&#10;        at java.base@21.0.8/jdk.internal.misc.Unsafe.park(Native Method)&#10;        at java.base@21.0.8/java.util.concurrent.locks.LockSupport.parkNanos(LockSupport.java:269)&#10;        at java.base@21.0.8/java.util.concurrent.locks.AbstractQueuedSynchronizer$ConditionObject.awaitNanos(AbstractQueuedSynchronizer.java:1763)&#10;        at java.base@21.0.8/java.util.concurrent.LinkedBlockingQueue.poll(LinkedBlockingQueue.java:460)&#10;        at app//org.apache.hadoop.ipc.CallQueueManager.take(CallQueueManager.java:370)&#10;        at app//org.apache.hadoop.ipc.Server$Handler.run(Server.java:3165)&#10;&quot;IPC Server handler 5 on default port 15008&quot; daemon prio=5 tid=497 timed_waiting&#10;java.lang.Thread.State: TIMED_WAITING&#10;        at java.base@21.0.8/jdk.internal.misc.Unsafe.park(Native Method)&#10;        at java.base@21.0.8/java.util.concurrent.locks.LockSupport.parkNanos(LockSupport.java:269)&#10;        at java.base@21.0.8/java.util.concurrent.locks.AbstractQueuedSynchronizer$ConditionObject.awaitNanos(AbstractQueuedSynchronizer.java:1763)&#10;        at java.base@21.0.8/java.util.concurrent.LinkedBlockingQueue.poll(LinkedBlockingQueue.java:460)&#10;        at app//org.apache.hadoop.ipc.CallQueueManager.take(CallQueueManager.java:370)&#10;        at app//org.apache.hadoop.ipc.Server$Handler.run(Server.java:3165)&#10;&quot;c11f8a16-55ee-4f22-a5a5-7daf2dffa753-PeriodicHDDSVolumeChecker&quot; daemon prio=5 tid=884 timed_waiting&#10;java.lang.Thread.State: TIMED_WAITING&#10;        at java.base@21.0.8/jdk.internal.misc.Unsafe.park(Native Method)&#10;        at java.base@21.0.8/java.util.concurrent.locks.LockSupport.parkNanos(LockSupport.java:269)&#10;        at java.base@21.0.8/java.util.concurrent.locks.AbstractQueuedSynchronizer$ConditionObject.awaitNanos(AbstractQueuedSynchronizer.java:1763)&#10;        at java.base@21.0.8/java.util.concurrent.ScheduledThreadPoolExecutor$DelayedWorkQueue.take(ScheduledThreadPoolExecutor.java:1182)&#10;        at java.base@21.0.8/java.util.concurrent.ScheduledThreadPoolExecutor$DelayedWorkQueue.take(ScheduledThreadPoolExecutor.java:899)&#10;        at java.base@21.0.8/java.util.concurrent.ThreadPoolExecutor.getTask(ThreadPoolExecutor.java:1070)&#10;        at java.base@21.0.8/java.util.concurrent.ThreadPoolExecutor.runWorker(ThreadPoolExecutor.java:1130)&#10;        at java.base@21.0.8/java.util.concurrent.ThreadPoolExecutor$Worker.run(ThreadPoolExecutor.java:642)&#10;        at java.base@21.0.8/java.lang.Thread.runWith(Thread.java:1596)&#10;        at java.base@21.0.8/java.lang.Thread.run(Thread.java:1583)&#10;&quot;IPC Server handler 18 on default port 15002&quot; daemon prio=5 tid=138 timed_waiting&#10;java.lang.Thread.State: TIMED_WAITING&#10;        at java.base@21.0.8/jdk.internal.misc.Unsafe.park(Native Method)&#10;        at java.base@21.0.8/java.util.concurrent.locks.LockSupport.parkNanos(LockSupport.java:269)&#10;        at java.base@21.0.8/java.util.concurrent.locks.AbstractQueuedSynchronizer$ConditionObject.awaitNanos(AbstractQueuedSynchronizer.java:1763)&#10;        at java.base@21.0.8/java.util.concurrent.LinkedBlockingQueue.poll(LinkedBlockingQueue.java:460)&#10;        at app//org.apache.hadoop.ipc.CallQueueManager.take(CallQueueManager.java:370)&#10;        at app//org.apache.hadoop.ipc.Server$Handler.run(Server.java:3165)&#10;&quot;IPC Server handler 11 on default port 15001&quot; daemon prio=5 tid=569 timed_waiting&#10;java.lang.Thread.State: TIMED_WAITING&#10;        at java.base@21.0.8/jdk.internal.misc.Unsafe.park(Native Method)&#10;        at java.base@21.0.8/java.util.concurrent.locks.LockSupport.parkNanos(LockSupport.java:269)&#10;        at java.base@21.0.8/java.util.concurrent.locks.AbstractQueuedSynchronizer$ConditionObject.awaitNanos(AbstractQueuedSynchronizer.java:1763)&#10;        at java.base@21.0.8/java.util.concurrent.LinkedBlockingQueue.poll(LinkedBlockingQueue.java:460)&#10;        at app//org.apache.hadoop.ipc.CallQueueManager.take(CallQueueManager.java:370)&#10;        at app//org.apache.hadoop.ipc.Server$Handler.run(Server.java:3165)&#10;&quot;Hadoop-Metrics-Updater-0&quot; daemon prio=5 tid=102 timed_waiting&#10;java.lang.Thread.State: TIMED_WAITING&#10;        at java.base@21.0.8/jdk.internal.misc.Unsafe.park(Native Method)&#10;        at java.base@21.0.8/java.util.concurrent.locks.LockSupport.parkNanos(LockSupport.java:269)&#10;        at java.base@21.0.8/java.util.concurrent.locks.AbstractQueuedSynchronizer$ConditionObject.awaitNanos(AbstractQueuedSynchronizer.java:1763)&#10;        at java.base@21.0.8/java.util.concurrent.ScheduledThreadPoolExecutor$DelayedWorkQueue.take(ScheduledThreadPoolExecutor.java:1182)&#10;        at java.base@21.0.8/java.util.concurrent.ScheduledThreadPoolExecutor$DelayedWorkQueue.take(ScheduledThreadPoolExecutor.java:899)&#10;        at java.base@21.0.8/java.util.concurrent.ThreadPoolExecutor.getTask(ThreadPoolExecutor.java:1070)&#10;        at java.base@21.0.8/java.util.concurrent.ThreadPoolExecutor.runWorker(ThreadPoolExecutor.java:1130)&#10;        at java.base@21.0.8/java.util.concurrent.ThreadPoolExecutor$Worker.run(ThreadPoolExecutor.java:642)&#10;        at java.base@21.0.8/java.lang.Thread.runWith(Thread.java:1596)&#10;        at java.base@21.0.8/java.lang.Thread.run(Thread.java:1583)&#10;&quot;IPC Server handler 65 on default port 15001&quot; daemon prio=5 tid=623 timed_waiting&#10;java.lang.Thread.State: TIMED_WAITING&#10;        at java.base@21.0.8/jdk.internal.misc.Unsafe.park(Native Method)&#10;        at java.base@21.0.8/java.util.concurrent.locks.LockSupport.parkNanos(LockSupport.java:269)&#10;        at java.base@21.0.8/java.util.concurrent.locks.AbstractQueuedSynchronizer$ConditionObject.awaitNanos(AbstractQueuedSynchronizer.java:1763)&#10;        at java.base@21.0.8/java.util.concurrent.LinkedBlockingQueue.poll(LinkedBlockingQueue.java:460)&#10;        at app//org.apache.hadoop.ipc.CallQueueManager.take(CallQueueManager.java:370)&#10;        at app//org.apache.hadoop.ipc.Server$Handler.run(Server.java:3165)&#10;&quot;Recon-FixedThreadPoolWithAffinityExecutor-9-0&quot; daemon prio=5 tid=543 timed_waiting&#10;java.lang.Thread.State: TIMED_WAITING&#10;        at java.base@21.0.8/jdk.internal.misc.Unsafe.park(Native Method)&#10;        at java.base@21.0.8/java.util.concurrent.locks.LockSupport.parkNanos(LockSupport.java:269)&#10;        at java.base@21.0.8/java.util.concurrent.locks.AbstractQueuedSynchronizer$ConditionObject.awaitNanos(AbstractQueuedSynchronizer.java:1763)&#10;        at java.base@21.0.8/java.util.concurrent.LinkedBlockingQueue.poll(LinkedBlockingQueue.java:460)&#10;        at app//org.apache.hadoop.hdds.scm.server.ContainerReportQueue.poll(ContainerReportQueue.java:269)&#10;        at app//org.apache.hadoop.hdds.scm.server.ContainerReportQueue.poll(ContainerReportQueue.java:42)&#10;        at app//org.apache.hadoop.hdds.server.events.FixedThreadPoolWithAffinityExecutor$ContainerReportProcessTask.run(FixedThreadPoolWithAffinityExecutor.java:228)&#10;        at java.base@21.0.8/java.util.concurrent.Executors$RunnableAdapter.call(Executors.java:572)&#10;        at java.base@21.0.8/java.util.concurrent.FutureTask.run(FutureTask.java:317)&#10;        at java.base@21.0.8/java.util.concurrent.ThreadPoolExecutor.runWorker(ThreadPoolExecutor.java:1144)&#10;        at java.base@21.0.8/java.util.concurrent.ThreadPoolExecutor$Worker.run(ThreadPoolExecutor.java:642)&#10;        at java.base@21.0.8/java.lang.Thread.runWith(Thread.java:1596)&#10;        at java.base@21.0.8/java.lang.Thread.run(Thread.java:1583)&#10;&quot;Recon-FixedThreadPoolWithAffinityExecutor-4-0&quot; daemon prio=5 tid=538 timed_waiting&#10;java.lang.Thread.State: TIMED_WAITING&#10;        at java.base@21.0.8/jdk.internal.misc.Unsafe.park(Native Method)&#10;        at java.base@21.0.8/java.util.concurrent.locks.LockSupport.parkNanos(LockSupport.java:269)&#10;        at java.base@21.0.8/java.util.concurrent.locks.AbstractQueuedSynchronizer$ConditionObject.awaitNanos(AbstractQueuedSynchronizer.java:1763)&#10;        at java.base@21.0.8/java.util.concurrent.LinkedBlockingQueue.poll(LinkedBlockingQueue.java:460)&#10;        at app//org.apache.hadoop.hdds.scm.server.ContainerReportQueue.poll(ContainerReportQueue.java:269)&#10;        at app//org.apache.hadoop.hdds.scm.server.ContainerReportQueue.poll(ContainerReportQueue.java:42)&#10;        at app//org.apache.hadoop.hdds.server.events.FixedThreadPoolWithAffinityExecutor$ContainerReportProcessTask.run(FixedThreadPoolWithAffinityExecutor.java:228)&#10;        at java.base@21.0.8/java.util.concurrent.Executors$RunnableAdapter.call(Executors.java:572)&#10;        at java.base@21.0.8/java.util.concurrent.FutureTask.run(FutureTask.java:317)&#10;        at java.base@21.0.8/java.util.concurrent.ThreadPoolExecutor.runWorker(ThreadPoolExecutor.java:1144)&#10;        at java.base@21.0.8/java.util.concurrent.ThreadPoolExecutor$Worker.run(ThreadPoolExecutor.java:642)&#10;        at java.base@21.0.8/java.lang.Thread.runWith(Thread.java:1596)&#10;        at java.base@21.0.8/java.lang.Thread.run(Thread.java:1583)&#10;&quot;Common-Cleaner&quot; daemon prio=8 tid=17 timed_waiting&#10;java.lang.Thread.State: TIMED_WAITING&#10;        at java.base@21.0.8/jdk.internal.misc.Unsafe.park(Native Method)&#10;        at java.base@21.0.8/java.util.concurrent.locks.LockSupport.parkNanos(LockSupport.java:269)&#10;        at java.base@21.0.8/java.util.concurrent.locks.AbstractQueuedSynchronizer$ConditionObject.await(AbstractQueuedSynchronizer.java:1852)&#10;        at java.base@21.0.8/java.lang.ref.ReferenceQueue.await(ReferenceQueue.java:71)&#10;        at java.base@21.0.8/java.lang.ref.ReferenceQueue.remove0(ReferenceQueue.java:143)&#10;        at java.base@21.0.8/java.lang.ref.ReferenceQueue.remove(ReferenceQueue.java:218)&#10;        at java.base@21.0.8/jdk.internal.ref.CleanerImpl.run(CleanerImpl.java:140)&#10;        at java.base@21.0.8/java.lang.Thread.runWith(Thread.java:1596)&#10;        at java.base@21.0.8/java.lang.Thread.run(Thread.java:1583)&#10;        at java.base@21.0.8/jdk.internal.misc.InnocuousThread.run(InnocuousThread.java:186)&#10;&quot;Socket Reader #7 for port 15037&quot; daemon prio=5 tid=857 runnable&#10;java.lang.Thread.State: RUNNABLE&#10;        at java.base@21.0.8/sun.nio.ch.EPoll.wait(Native Method)&#10;        at java.base@21.0.8/sun.nio.ch.EPollSelectorImpl.doSelect(EPollSelectorImpl.java:121)&#10;        at java.base@21.0.8/sun.nio.ch.SelectorImpl.lockAndDoSelect(SelectorImpl.java:130)&#10;        at java.base@21.0.8/sun.nio.ch.SelectorImpl.select(SelectorImpl.java:147)&#10;        at app//org.apache.hadoop.ipc.Server$Listener$Reader.doRunLoop(Server.java:1497)&#10;        at app//org.apache.hadoop.ipc.Server$Listener$Reader.run(Server.java:1476)&#10;&quot;IPC Server handler 3 on default port 15002&quot; daemon prio=5 tid=123 timed_waiting&#10;java.lang.Thread.State: TIMED_WAITING&#10;        at java.base@21.0.8/jdk.internal.misc.Unsafe.park(Native Method)&#10;        at java.base@21.0.8/java.util.concurrent.locks.LockSupport.parkNanos(LockSupport.java:269)&#10;        at java.base@21.0.8/java.util.concurrent.locks.AbstractQueuedSynchronizer$ConditionObject.awaitNanos(AbstractQueuedSynchronizer.java:1763)&#10;        at java.base@21.0.8/java.util.concurrent.LinkedBlockingQueue.poll(LinkedBlockingQueue.java:460)&#10;        at app//org.apache.hadoop.ipc.CallQueueManager.take(CallQueueManager.java:370)&#10;        at app//org.apache.hadoop.ipc.Server$Handler.run(Server.java:3165)&#10;&quot;IPC Server handler 45 on default port 15002&quot; daemon prio=5 tid=165 timed_waiting&#10;java.lang.Thread.State: TIMED_WAITING&#10;        at java.base@21.0.8/jdk.internal.misc.Unsafe.park(Native Method)&#10;        at java.base@21.0.8/java.util.concurrent.locks.LockSupport.parkNanos(LockSupport.java:269)&#10;        at java.base@21.0.8/java.util.concurrent.locks.AbstractQueuedSynchronizer$ConditionObject.awaitNanos(AbstractQueuedSynchronizer.java:1763)&#10;        at java.base@21.0.8/java.util.concurrent.LinkedBlockingQueue.poll(LinkedBlockingQueue.java:460)&#10;        at app//org.apache.hadoop.ipc.CallQueueManager.take(CallQueueManager.java:370)&#10;        at app//org.apache.hadoop.ipc.Server$Handler.run(Server.java:3165)&#10;&quot;bucketTable_FullTableCache-Cleanup-0&quot; daemon prio=5 tid=441 timed_waiting&#10;java.lang.Thread.State: TIMED_WAITING&#10;        at java.base@21.0.8/jdk.internal.misc.Unsafe.park(Native Method)&#10;        at java.base@21.0.8/java.util.concurrent.locks.LockSupport.parkNanos(LockSupport.java:269)&#10;        at java.base@21.0.8/java.util.concurrent.locks.AbstractQueuedSynchronizer$ConditionObject.awaitNanos(AbstractQueuedSynchronizer.java:1763)&#10;        at java.base@21.0.8/java.util.concurrent.ScheduledThreadPoolExecutor$DelayedWorkQueue.take(ScheduledThreadPoolExecutor.java:1182)&#10;        at java.base@21.0.8/java.util.concurrent.ScheduledThreadPoolExecutor$DelayedWorkQueue.take(ScheduledThreadPoolExecutor.java:899)&#10;        at java.base@21.0.8/java.util.concurrent.ThreadPoolExecutor.getTask(ThreadPoolExecutor.java:1070)&#10;        at java.base@21.0.8/java.util.concurrent.ThreadPoolExecutor.runWorker(ThreadPoolExecutor.java:1130)&#10;        at java.base@21.0.8/java.util.concurrent.ThreadPoolExecutor$Worker.run(ThreadPoolExecutor.java:642)&#10;        at java.base@21.0.8/java.lang.Thread.runWith(Thread.java:1596)&#10;        at java.base@21.0.8/java.lang.Thread.run(Thread.java:1583)&#10;&quot;c11f8a16-55ee-4f22-a5a5-7daf2dffa753-DatanodeStateMachineTaskThread-0&quot;  prio=5 tid=757 in Object.wait()&#10;java.lang.Thread.State: WAITING (on object monitor)&#10;        at java.base@21.0.8/jdk.internal.misc.Unsafe.park(Native Method)&#10;        at java.base@21.0.8/java.util.concurrent.locks.LockSupport.park(LockSupport.java:371)&#10;        at java.base@21.0.8/java.util.concurrent.locks.AbstractQueuedSynchronizer$ConditionNode.block(AbstractQueuedSynchronizer.java:519)&#10;        at java.base@21.0.8/java.util.concurrent.ForkJoinPool.unmanagedBlock(ForkJoinPool.java:3780)&#10;        at java.base@21.0.8/java.util.concurrent.ForkJoinPool.managedBlock(ForkJoinPool.java:3725)&#10;        at java.base@21.0.8/java.util.concurrent.locks.AbstractQueuedSynchronizer$ConditionObject.await(AbstractQueuedSynchronizer.java:1712)&#10;        at java.base@21.0.8/java.util.concurrent.LinkedBlockingQueue.take(LinkedBlockingQueue.java:435)&#10;        at java.base@21.0.8/java.util.concurrent.ThreadPoolExecutor.getTask(ThreadPoolExecutor.java:1070)&#10;        at java.base@21.0.8/java.util.concurrent.ThreadPoolExecutor.runWorker(ThreadPoolExecutor.java:1130)&#10;        at java.base@21.0.8/java.util.concurrent.ThreadPoolExecutor$Worker.run(ThreadPoolExecutor.java:642)&#10;        at java.base@21.0.8/java.lang.Thread.runWith(Thread.java:1596)&#10;        at java.base@21.0.8/java.lang.Thread.run(Thread.java:1583)&#10;&quot;bucketTable_FullTableCache-Cleanup-0&quot; daemon prio=5 tid=1232 timed_waiting&#10;java.lang.Thread.State: TIMED_WAITING&#10;        at java.base@21.0.8/jdk.internal.misc.Unsafe.park(Native Method)&#10;        at java.base@21.0.8/java.util.concurrent.locks.LockSupport.parkNanos(LockSupport.java:269)&#10;        at java.base@21.0.8/java.util.concurrent.locks.AbstractQueuedSynchronizer$ConditionObject.awaitNanos(AbstractQueuedSynchronizer.java:1763)&#10;        at java.base@21.0.8/java.util.concurrent.ScheduledThreadPoolExecutor$DelayedWorkQueue.take(ScheduledThreadPoolExecutor.java:1182)&#10;        at java.base@21.0.8/java.util.concurrent.ScheduledThreadPoolExecutor$DelayedWorkQueue.take(ScheduledThreadPoolExecutor.java:899)&#10;        at java.base@21.0.8/java.util.concurrent.ThreadPoolExecutor.getTask(ThreadPoolExecutor.java:1070)&#10;        at java.base@21.0.8/java.util.concurrent.ThreadPoolExecutor.runWorker(ThreadPoolExecutor.java:1130)&#10;        at java.base@21.0.8/java.util.concurrent.ThreadPoolExecutor$Worker.run(ThreadPoolExecutor.java:642)&#10;        at java.base@21.0.8/java.lang.Thread.runWith(Thread.java:1596)&#10;        at java.base@21.0.8/java.lang.Thread.run(Thread.java:1583)&#10;&quot;IPC Server handler 69 on default port 15004&quot; daemon prio=5 tid=407 timed_waiting&#10;java.lang.Thread.State: TIMED_WAITING&#10;        at java.base@21.0.8/jdk.internal.misc.Unsafe.park(Native Method)&#10;        at java.base@21.0.8/java.util.concurrent.locks.LockSupport.parkNanos(LockSupport.java:269)&#10;        at java.base@21.0.8/java.util.concurrent.locks.AbstractQueuedSynchronizer$ConditionObject.awaitNanos(AbstractQueuedSynchronizer.java:1763)&#10;        at java.base@21.0.8/java.util.concurrent.LinkedBlockingQueue.poll(LinkedBlockingQueue.java:460)&#10;        at app//org.apache.hadoop.ipc.CallQueueManager.take(CallQueueManager.java:370)&#10;        at app//org.apache.hadoop.ipc.Server$Handler.run(Server.java:3165)&#10;&quot;74afb32b-8e70-4799-b16c-dc9602d9dbb6-EndpointStateMachineTaskThread-/0.0.0.0:15004-0 &quot;  prio=5 tid=1008 in Object.wait()&#10;java.lang.Thread.State: WAITING (on object monitor)&#10;        at java.base@21.0.8/jdk.internal.misc.Unsafe.park(Native Method)&#10;        at java.base@21.0.8/java.util.concurrent.locks.LockSupport.park(LockSupport.java:371)&#10;        at java.base@21.0.8/java.util.concurrent.locks.AbstractQueuedSynchronizer$ConditionNode.block(AbstractQueuedSynchronizer.java:519)&#10;        at java.base@21.0.8/java.util.concurrent.ForkJoinPool.unmanagedBlock(ForkJoinPool.java:3780)&#10;        at java.base@21.0.8/java.util.concurrent.ForkJoinPool.managedBlock(ForkJoinPool.java:3725)&#10;        at java.base@21.0.8/java.util.concurrent.locks.AbstractQueuedSynchronizer$ConditionObject.await(AbstractQueuedSynchronizer.java:1712)&#10;        at java.base@21.0.8/java.util.concurrent.LinkedBlockingQueue.take(LinkedBlockingQueue.java:435)&#10;        at java.base@21.0.8/java.util.concurrent.ThreadPoolExecutor.getTask(ThreadPoolExecutor.java:1070)&#10;        at java.base@21.0.8/java.util.concurrent.ThreadPoolExecutor.runWorker(ThreadPoolExecutor.java:1130)&#10;        at java.base@21.0.8/java.util.concurrent.ThreadPoolExecutor$Worker.run(ThreadPoolExecutor.java:642)&#10;        at java.base@21.0.8/java.lang.Thread.runWith(Thread.java:1596)&#10;        at java.base@21.0.8/java.lang.Thread.run(Thread.java:1583)&#10;&quot;surefire-forkedjvm-stream-flusher&quot; daemon prio=5 tid=23 timed_waiting&#10;java.lang.Thread.State: TIMED_WAITING&#10;        at java.base@21.0.8/jdk.internal.misc.Unsafe.park(Native Method)&#10;        at java.base@21.0.8/java.util.concurrent.locks.LockSupport.parkNanos(LockSupport.java:269)&#10;        at java.base@21.0.8/java.util.concurrent.locks.AbstractQueuedSynchronizer$ConditionObject.awaitNanos(AbstractQueuedSynchronizer.java:1763)&#10;        at java.base@21.0.8/java.util.concurrent.ScheduledThreadPoolExecutor$DelayedWorkQueue.take(ScheduledThreadPoolExecutor.java:1182)&#10;        at java.base@21.0.8/java.util.concurrent.ScheduledThreadPoolExecutor$DelayedWorkQueue.take(ScheduledThreadPoolExecutor.java:899)&#10;        at java.base@21.0.8/java.util.concurrent.ThreadPoolExecutor.getTask(ThreadPoolExecutor.java:1070)&#10;        at java.base@21.0.8/java.util.concurrent.ThreadPoolExecutor.runWorker(ThreadPoolExecutor.java:1130)&#10;        at java.base@21.0.8/java.util.concurrent.ThreadPoolExecutor$Worker.run(ThreadPoolExecutor.java:642)&#10;        at java.base@21.0.8/java.lang.Thread.runWith(Thread.java:1596)&#10;        at java.base@21.0.8/java.lang.Thread.run(Thread.java:1583)&#10;&quot;7d2db622-5327-4122-ba03-be97b5575303-CloseContainerThread-2&quot;  prio=5 tid=1315 in Object.wait()&#10;java.lang.Thread.State: WAITING (on object monitor)&#10;        at java.base@21.0.8/jdk.internal.misc.Unsafe.park(Native Method)&#10;        at java.base@21.0.8/java.util.concurrent.locks.LockSupport.park(LockSupport.java:371)&#10;        at java.base@21.0.8/java.util.concurrent.locks.AbstractQueuedSynchronizer$ConditionNode.block(AbstractQueuedSynchronizer.java:519)&#10;        at java.base@21.0.8/java.util.concurrent.ForkJoinPool.unmanagedBlock(ForkJoinPool.java:3780)&#10;        at java.base@21.0.8/java.util.concurrent.ForkJoinPool.managedBlock(ForkJoinPool.java:3725)&#10;        at java.base@21.0.8/java.util.concurrent.locks.AbstractQueuedSynchronizer$ConditionObject.await(AbstractQueuedSynchronizer.java:1712)&#10;        at java.base@21.0.8/java.util.concurrent.LinkedBlockingQueue.take(LinkedBlockingQueue.java:435)&#10;        at java.base@21.0.8/java.util.concurrent.ThreadPoolExecutor.getTask(ThreadPoolExecutor.java:1070)&#10;        at java.base@21.0.8/java.util.concurrent.ThreadPoolExecutor.runWorker(ThreadPoolExecutor.java:1130)&#10;        at java.base@21.0.8/java.util.concurrent.ThreadPoolExecutor$Worker.run(ThreadPoolExecutor.java:642)&#10;        at java.base@21.0.8/java.lang.Thread.runWith(Thread.java:1596)&#10;        at java.base@21.0.8/java.lang.Thread.run(Thread.java:1583)&#10;&quot;Socket Reader #1 for port 15004&quot; daemon prio=5 tid=62 runnable&#10;java.lang.Thread.State: RUNNABLE&#10;        at java.base@21.0.8/sun.nio.ch.EPoll.wait(Native Method)&#10;        at java.base@21.0.8/sun.nio.ch.EPollSelectorImpl.doSelect(EPollSelectorImpl.java:121)&#10;        at java.base@21.0.8/sun.nio.ch.SelectorImpl.lockAndDoSelect(SelectorImpl.java:130)&#10;        at java.base@21.0.8/sun.nio.ch.SelectorImpl.select(SelectorImpl.java:147)&#10;        at app//org.apache.hadoop.ipc.Server$Listener$Reader.doRunLoop(Server.java:1497)&#10;        at app//org.apache.hadoop.ipc.Server$Listener$Reader.run(Server.java:1476)&#10;&quot;Socket Reader #1 for port 15037&quot; daemon prio=5 tid=851 runnable&#10;java.lang.Thread.State: RUNNABLE&#10;        at java.base@21.0.8/sun.nio.ch.EPoll.wait(Native Method)&#10;        at java.base@21.0.8/sun.nio.ch.EPollSelectorImpl.doSelect(EPollSelectorImpl.java:121)&#10;        at java.base@21.0.8/sun.nio.ch.SelectorImpl.lockAndDoSelect(SelectorImpl.java:130)&#10;        at java.base@21.0.8/sun.nio.ch.SelectorImpl.select(SelectorImpl.java:147)&#10;        at app//org.apache.hadoop.ipc.Server$Listener$Reader.doRunLoop(Server.java:1497)&#10;        at app//org.apache.hadoop.ipc.Server$Listener$Reader.run(Server.java:1476)&#10;&quot;om1-DirectoryDeletingService#2&quot; daemon prio=5 tid=479 in Object.wait()&#10;java.lang.Thread.State: WAITING (on object monitor)&#10;        at java.base@21.0.8/jdk.internal.misc.Unsafe.park(Native Method)&#10;        at java.base@21.0.8/java.util.concurrent.locks.LockSupport.park(LockSupport.java:371)&#10;        at java.base@21.0.8/java.util.concurrent.locks.AbstractQueuedSynchronizer$ConditionNode.block(AbstractQueuedSynchronizer.java:519)&#10;        at java.base@21.0.8/java.util.concurrent.ForkJoinPool.unmanagedBlock(ForkJoinPool.java:3780)&#10;        at java.base@21.0.8/java.util.concurrent.ForkJoinPool.managedBlock(ForkJoinPool.java:3725)&#10;        at java.base@21.0.8/java.util.concurrent.locks.AbstractQueuedSynchronizer$ConditionObject.await(AbstractQueuedSynchronizer.java:1712)&#10;        at java.base@21.0.8/java.util.concurrent.ScheduledThreadPoolExecutor$DelayedWorkQueue.take(ScheduledThreadPoolExecutor.java:1177)&#10;        at java.base@21.0.8/java.util.concurrent.ScheduledThreadPoolExecutor$DelayedWorkQueue.take(ScheduledThreadPoolExecutor.java:899)&#10;        at java.base@21.0.8/java.util.concurrent.ThreadPoolExecutor.getTask(ThreadPoolExecutor.java:1070)&#10;        at java.base@21.0.8/java.util.concurrent.ThreadPoolExecutor.runWorker(ThreadPoolExecutor.java:1130)&#10;        at java.base@21.0.8/java.util.concurrent.ThreadPoolExecutor$Worker.run(ThreadPoolExecutor.java:642)&#10;        at java.base@21.0.8/java.lang.Thread.runWith(Thread.java:1596)&#10;        at java.base@21.0.8/java.lang.Thread.run(Thread.java:1583)&#10;&quot;74afb32b-8e70-4799-b16c-dc9602d9dbb6@group-F9E79CCFDB91-StateMachineUpdater&quot; daemon prio=5 tid=1044 timed_waiting&#10;java.lang.Thread.State: TIMED_WAITING&#10;        at java.base@21.0.8/jdk.internal.misc.Unsafe.park(Native Method)&#10;        at java.base@21.0.8/java.util.concurrent.locks.LockSupport.parkNanos(LockSupport.java:269)&#10;        at java.base@21.0.8/java.util.concurrent.locks.AbstractQueuedSynchronizer$ConditionObject.await(AbstractQueuedSynchronizer.java:1852)&#10;        at app//org.apache.ratis.util.AwaitForSignal.await(AwaitForSignal.java:65)&#10;        at app//org.apache.ratis.server.impl.StateMachineUpdater.waitForCommit(StateMachineUpdater.java:222)&#10;        at app//org.apache.ratis.server.impl.StateMachineUpdater.run(StateMachineUpdater.java:187)&#10;        at java.base@21.0.8/java.lang.Thread.runWith(Thread.java:1596)&#10;        at java.base@21.0.8/java.lang.Thread.run(Thread.java:1583)&#10;&quot;Socket Reader #9 for port 15029&quot; daemon prio=5 tid=782 runnable&#10;java.lang.Thread.State: RUNNABLE&#10;        at java.base@21.0.8/sun.nio.ch.EPoll.wait(Native Method)&#10;        at java.base@21.0.8/sun.nio.ch.EPollSelectorImpl.doSelect(EPollSelectorImpl.java:121)&#10;        at java.base@21.0.8/sun.nio.ch.SelectorImpl.lockAndDoSelect(SelectorImpl.java:130)&#10;        at java.base@21.0.8/sun.nio.ch.SelectorImpl.select(SelectorImpl.java:147)&#10;        at app//org.apache.hadoop.ipc.Server$Listener$Reader.doRunLoop(Server.java:1497)&#10;        at app//org.apache.hadoop.ipc.Server$Listener$Reader.run(Server.java:1476)&#10;&quot;IPC Server handler 32 on default port 15004&quot; daemon prio=5 tid=370 timed_waiting&#10;java.lang.Thread.State: TIMED_WAITING&#10;        at java.base@21.0.8/jdk.internal.misc.Unsafe.park(Native Method)&#10;        at java.base@21.0.8/java.util.concurrent.locks.LockSupport.parkNanos(LockSupport.java:269)&#10;        at java.base@21.0.8/java.util.concurrent.locks.AbstractQueuedSynchronizer$ConditionObject.awaitNanos(AbstractQueuedSynchronizer.java:1763)&#10;        at java.base@21.0.8/java.util.concurrent.LinkedBlockingQueue.poll(LinkedBlockingQueue.java:460)&#10;        at app//org.apache.hadoop.ipc.CallQueueManager.take(CallQueueManager.java:370)&#10;        at app//org.apache.hadoop.ipc.Server$Handler.run(Server.java:3165)&#10;&quot;IPC Server handler 16 on default port 15008&quot; daemon prio=5 tid=508 timed_waiting&#10;java.lang.Thread.State: TIMED_WAITING&#10;        at java.base@21.0.8/jdk.internal.misc.Unsafe.park(Native Method)&#10;        at java.base@21.0.8/java.util.concurrent.locks.LockSupport.parkNanos(LockSupport.java:269)&#10;        at java.base@21.0.8/java.util.concurrent.locks.AbstractQueuedSynchronizer$ConditionObject.awaitNanos(AbstractQueuedSynchronizer.java:1763)&#10;        at java.base@21.0.8/java.util.concurrent.LinkedBlockingQueue.poll(LinkedBlockingQueue.java:460)&#10;        at app//org.apache.hadoop.ipc.CallQueueManager.take(CallQueueManager.java:370)&#10;        at app//org.apache.hadoop.ipc.Server$Handler.run(Server.java:3165)&#10;&quot;org.apache.hadoop.ozone.container.common.statemachine.commandhandler.DeleteBlocksCommandHandler$DeleteCmdWorker@1041f176&quot; daemon prio=5 tid=815 timed_waiting&#10;java.lang.Thread.State: TIMED_WAITING&#10;        at java.base@21.0.8/java.lang.Thread.sleep0(Native Method)&#10;        at java.base@21.0.8/java.lang.Thread.sleep(Thread.java:509)&#10;        at app//org.apache.hadoop.ozone.container.common.statemachine.commandhandler.DeleteBlocksCommandHandler$DeleteCmdWorker.run(DeleteBlocksCommandHandler.java:260)&#10;        at java.base@21.0.8/java.lang.Thread.runWith(Thread.java:1596)&#10;        at java.base@21.0.8/java.lang.Thread.run(Thread.java:1583)&#10;&quot;IPC Server handler 98 on default port 15002&quot; daemon prio=5 tid=218 timed_waiting&#10;java.lang.Thread.State: TIMED_WAITING&#10;        at java.base@21.0.8/jdk.internal.misc.Unsafe.park(Native Method)&#10;        at java.base@21.0.8/java.util.concurrent.locks.LockSupport.parkNanos(LockSupport.java:269)&#10;        at java.base@21.0.8/java.util.concurrent.locks.AbstractQueuedSynchronizer$ConditionObject.awaitNanos(AbstractQueuedSynchronizer.java:1763)&#10;        at java.base@21.0.8/java.util.concurrent.LinkedBlockingQueue.poll(LinkedBlockingQueue.java:460)&#10;        at app//org.apache.hadoop.ipc.CallQueueManager.take(CallQueueManager.java:370)&#10;        at app//org.apache.hadoop.ipc.Server$Handler.run(Server.java:3165)&#10;&quot;IPC Server handler 55 on default port 15004&quot; daemon prio=5 tid=393 timed_waiting&#10;java.lang.Thread.State: TIMED_WAITING&#10;        at java.base@21.0.8/jdk.internal.misc.Unsafe.park(Native Method)&#10;        at java.base@21.0.8/java.util.concurrent.locks.LockSupport.parkNanos(LockSupport.java:269)&#10;        at java.base@21.0.8/java.util.concurrent.locks.AbstractQueuedSynchronizer$ConditionObject.awaitNanos(AbstractQueuedSynchronizer.java:1763)&#10;        at java.base@21.0.8/java.util.concurrent.LinkedBlockingQueue.poll(LinkedBlockingQueue.java:460)&#10;        at app//org.apache.hadoop.ipc.CallQueueManager.take(CallQueueManager.java:370)&#10;        at app//org.apache.hadoop.ipc.Server$Handler.run(Server.java:3165)&#10;&quot;IPC Server handler 33 on default port 15002&quot; daemon prio=5 tid=153 timed_waiting&#10;java.lang.Thread.State: TIMED_WAITING&#10;        at java.base@21.0.8/jdk.internal.misc.Unsafe.park(Native Method)&#10;        at java.base@21.0.8/java.util.concurrent.locks.LockSupport.parkNanos(LockSupport.java:269)&#10;        at java.base@21.0.8/java.util.concurrent.locks.AbstractQueuedSynchronizer$ConditionObject.awaitNanos(AbstractQueuedSynchronizer.java:1763)&#10;        at java.base@21.0.8/java.util.concurrent.LinkedBlockingQueue.poll(LinkedBlockingQueue.java:460)&#10;        at app//org.apache.hadoop.ipc.CallQueueManager.take(CallQueueManager.java:370)&#10;        at app//org.apache.hadoop.ipc.Server$Handler.run(Server.java:3165)&#10;&quot;IPC Server handler 38 on default port 15003&quot; daemon prio=5 tid=258 timed_waiting&#10;java.lang.Thread.State: TIMED_WAITING&#10;        at java.base@21.0.8/jdk.internal.misc.Unsafe.park(Native Method)&#10;        at java.base@21.0.8/java.util.concurrent.locks.LockSupport.parkNanos(LockSupport.java:269)&#10;        at java.base@21.0.8/java.util.concurrent.locks.AbstractQueuedSynchronizer$ConditionObject.awaitNanos(AbstractQueuedSynchronizer.java:1763)&#10;        at java.base@21.0.8/java.util.concurrent.LinkedBlockingQueue.poll(LinkedBlockingQueue.java:460)&#10;        at app//org.apache.hadoop.ipc.CallQueueManager.take(CallQueueManager.java:370)&#10;        at app//org.apache.hadoop.ipc.Server$Handler.run(Server.java:3165)&#10;&quot;IPC Server handler 9 on default port 15029&quot; daemon prio=5 tid=796 timed_waiting&#10;java.lang.Thread.State: TIMED_WAITING&#10;        at java.base@21.0.8/jdk.internal.misc.Unsafe.park(Native Method)&#10;        at java.base@21.0.8/java.util.concurrent.locks.LockSupport.parkNanos(LockSupport.java:269)&#10;        at java.base@21.0.8/java.util.concurrent.locks.AbstractQueuedSynchronizer$ConditionObject.awaitNanos(AbstractQueuedSynchronizer.java:1763)&#10;        at java.base@21.0.8/java.util.concurrent.LinkedBlockingQueue.poll(LinkedBlockingQueue.java:460)&#10;        at app//org.apache.hadoop.ipc.CallQueueManager.take(CallQueueManager.java:370)&#10;        at app//org.apache.hadoop.ipc.Server$Handler.run(Server.java:3165)&#10;&quot;Session-HouseKeeper-6be2983b-1&quot;  prio=5 tid=552 timed_waiting&#10;java.lang.Thread.State: TIMED_WAITING&#10;        at java.base@21.0.8/jdk.internal.misc.Unsafe.park(Native Method)&#10;        at java.base@21.0.8/java.util.concurrent.locks.LockSupport.parkNanos(LockSupport.java:269)&#10;        at java.base@21.0.8/java.util.concurrent.locks.AbstractQueuedSynchronizer$ConditionObject.awaitNanos(AbstractQueuedSynchronizer.java:1763)&#10;        at java.base@21.0.8/java.util.concurrent.ScheduledThreadPoolExecutor$DelayedWorkQueue.take(ScheduledThreadPoolExecutor.java:1182)&#10;        at java.base@21.0.8/java.util.concurrent.ScheduledThreadPoolExecutor$DelayedWorkQueue.take(ScheduledThreadPoolExecutor.java:899)&#10;        at java.base@21.0.8/java.util.concurrent.ThreadPoolExecutor.getTask(ThreadPoolExecutor.java:1070)&#10;        at java.base@21.0.8/java.util.concurrent.ThreadPoolExecutor.runWorker(ThreadPoolExecutor.java:1130)&#10;        at java.base@21.0.8/java.util.concurrent.ThreadPoolExecutor$Worker.run(ThreadPoolExecutor.java:642)&#10;        at java.base@21.0.8/java.lang.Thread.runWith(Thread.java:1596)&#10;        at java.base@21.0.8/java.lang.Thread.run(Thread.java:1583)&#10;&quot;c11f8a16-55ee-4f22-a5a5-7daf2dffa753-BlockDeletingService#0&quot; daemon prio=5 tid=899 timed_waiting&#10;java.lang.Thread.State: TIMED_WAITING&#10;        at java.base@21.0.8/jdk.internal.misc.Unsafe.park(Native Method)&#10;        at java.base@21.0.8/java.util.concurrent.locks.LockSupport.parkNanos(LockSupport.java:269)&#10;        at java.base@21.0.8/java.util.concurrent.locks.AbstractQueuedSynchronizer$ConditionObject.awaitNanos(AbstractQueuedSynchronizer.java:1763)&#10;        at java.base@21.0.8/java.util.concurrent.ScheduledThreadPoolExecutor$DelayedWorkQueue.take(ScheduledThreadPoolExecutor.java:1182)&#10;        at java.base@21.0.8/java.util.concurrent.ScheduledThreadPoolExecutor$DelayedWorkQueue.take(ScheduledThreadPoolExecutor.java:899)&#10;        at java.base@21.0.8/java.util.concurrent.ThreadPoolExecutor.getTask(ThreadPoolExecutor.java:1070)&#10;        at java.base@21.0.8/java.util.concurrent.ThreadPoolExecutor.runWorker(ThreadPoolExecutor.java:1130)&#10;        at java.base@21.0.8/java.util.concurrent.ThreadPoolExecutor$Worker.run(ThreadPoolExecutor.java:642)&#10;        at java.base@21.0.8/java.lang.Thread.runWith(Thread.java:1596)&#10;        at java.base@21.0.8/java.lang.Thread.run(Thread.java:1583)&#10;&quot;Socket Reader #2 for port 15037&quot; daemon prio=5 tid=852 runnable&#10;java.lang.Thread.State: RUNNABLE&#10;        at java.base@21.0.8/sun.nio.ch.EPoll.wait(Native Method)&#10;        at java.base@21.0.8/sun.nio.ch.EPollSelectorImpl.doSelect(EPollSelectorImpl.java:121)&#10;        at java.base@21.0.8/sun.nio.ch.SelectorImpl.lockAndDoSelect(SelectorImpl.java:130)&#10;        at java.base@21.0.8/sun.nio.ch.SelectorImpl.select(SelectorImpl.java:147)&#10;        at app//org.apache.hadoop.ipc.Server$Listener$Reader.doRunLoop(Server.java:1497)&#10;        at app//org.apache.hadoop.ipc.Server$Listener$Reader.run(Server.java:1476)&#10;&quot;04372c61-9371-4ab6-9533-e94413dada7c-client-thread1&quot;  prio=5 tid=979 timed_waiting&#10;java.lang.Thread.State: TIMED_WAITING&#10;        at java.base@21.0.8/jdk.internal.misc.Unsafe.park(Native Method)&#10;        at java.base@21.0.8/java.util.concurrent.locks.LockSupport.parkNanos(LockSupport.java:410)&#10;        at java.base@21.0.8/java.util.concurrent.LinkedTransferQueue$DualNode.await(LinkedTransferQueue.java:452)&#10;        at java.base@21.0.8/java.util.concurrent.SynchronousQueue$Transferer.xferLifo(SynchronousQueue.java:194)&#10;        at java.base@21.0.8/java.util.concurrent.SynchronousQueue.xfer(SynchronousQueue.java:235)&#10;        at java.base@21.0.8/java.util.concurrent.SynchronousQueue.poll(SynchronousQueue.java:338)&#10;        at java.base@21.0.8/java.util.concurrent.ThreadPoolExecutor.getTask(ThreadPoolExecutor.java:1069)&#10;        at java.base@21.0.8/java.util.concurrent.ThreadPoolExecutor.runWorker(ThreadPoolExecutor.java:1130)&#10;        at java.base@21.0.8/java.util.concurrent.ThreadPoolExecutor$Worker.run(ThreadPoolExecutor.java:642)&#10;        at java.base@21.0.8/java.lang.Thread.runWith(Thread.java:1596)&#10;        at java.base@21.0.8/java.lang.Thread.run(Thread.java:1583)&#10;&quot;Socket Reader #9 for port 15021&quot; daemon prio=5 tid=736 runnable&#10;java.lang.Thread.State: RUNNABLE&#10;        at java.base@21.0.8/sun.nio.ch.EPoll.wait(Native Method)&#10;        at java.base@21.0.8/sun.nio.ch.EPollSelectorImpl.doSelect(EPollSelectorImpl.java:121)&#10;        at java.base@21.0.8/sun.nio.ch.SelectorImpl.lockAndDoSelect(SelectorImpl.java:130)&#10;        at java.base@21.0.8/sun.nio.ch.SelectorImpl.select(SelectorImpl.java:147)&#10;        at app//org.apache.hadoop.ipc.Server$Listener$Reader.doRunLoop(Server.java:1497)&#10;        at app//org.apache.hadoop.ipc.Server$Listener$Reader.run(Server.java:1476)&#10;&quot;IPC Server handler 68 on default port 15003&quot; daemon prio=5 tid=288 timed_waiting&#10;java.lang.Thread.State: TIMED_WAITING&#10;        at java.base@21.0.8/jdk.internal.misc.Unsafe.park(Native Method)&#10;        at java.base@21.0.8/java.util.concurrent.locks.LockSupport.parkNanos(LockSupport.java:269)&#10;        at java.base@21.0.8/java.util.concurrent.locks.AbstractQueuedSynchronizer$ConditionObject.awaitNanos(AbstractQueuedSynchronizer.java:1763)&#10;        at java.base@21.0.8/java.util.concurrent.LinkedBlockingQueue.poll(LinkedBlockingQueue.java:460)&#10;        at app//org.apache.hadoop.ipc.CallQueueManager.take(CallQueueManager.java:370)&#10;        at app//org.apache.hadoop.ipc.Server$Handler.run(Server.java:3165)&#10;&quot;FixedThreadPoolWithAffinityExecutor-5-0&quot; daemon prio=5 tid=108 timed_waiting&#10;java.lang.Thread.State: TIMED_WAITING&#10;        at java.base@21.0.8/jdk.internal.misc.Unsafe.park(Native Method)&#10;        at java.base@21.0.8/java.util.concurrent.locks.LockSupport.parkNanos(LockSupport.java:269)&#10;        at java.base@21.0.8/java.util.concurrent.locks.AbstractQueuedSynchronizer$ConditionObject.awaitNanos(AbstractQueuedSynchronizer.java:1763)&#10;        at java.base@21.0.8/java.util.concurrent.LinkedBlockingQueue.poll(LinkedBlockingQueue.java:460)&#10;        at app//org.apache.hadoop.hdds.scm.server.ContainerReportQueue.poll(ContainerReportQueue.java:269)&#10;        at app//org.apache.hadoop.hdds.scm.server.ContainerReportQueue.poll(ContainerReportQueue.java:42)&#10;        at app//org.apache.hadoop.hdds.server.events.FixedThreadPoolWithAffinityExecutor$ContainerReportProcessTask.run(FixedThreadPoolWithAffinityExecutor.java:228)&#10;        at java.base@21.0.8/java.util.concurrent.Executors$RunnableAdapter.call(Executors.java:572)&#10;        at java.base@21.0.8/java.util.concurrent.FutureTask.run(FutureTask.java:317)&#10;        at java.base@21.0.8/java.util.concurrent.ThreadPoolExecutor.runWorker(ThreadPoolExecutor.java:1144)&#10;        at java.base@21.0.8/java.util.concurrent.ThreadPoolExecutor$Worker.run(ThreadPoolExecutor.java:642)&#10;        at java.base@21.0.8/java.lang.Thread.runWith(Thread.java:1596)&#10;        at java.base@21.0.8/java.lang.Thread.run(Thread.java:1583)&#10;&quot;Keep-Alive-Timer&quot; daemon prio=8 tid=1157 timed_waiting&#10;java.lang.Thread.State: TIMED_WAITING&#10;        at java.base@21.0.8/java.lang.Thread.sleep0(Native Method)&#10;        at java.base@21.0.8/java.lang.Thread.sleep(Thread.java:509)&#10;        at java.base@21.0.8/sun.net.www.http.KeepAliveCache.run(KeepAliveCache.java:238)&#10;        at java.base@21.0.8/java.lang.Thread.runWith(Thread.java:1596)&#10;        at java.base@21.0.8/java.lang.Thread.run(Thread.java:1583)&#10;        at java.base@21.0.8/jdk.internal.misc.InnocuousThread.run(InnocuousThread.java:186)&#10;&quot;IPC Parameter Sending Thread for localhost/127.0.0.1:15001&quot; daemon prio=5 tid=811 timed_waiting&#10;java.lang.Thread.State: TIMED_WAITING&#10;        at java.base@21.0.8/jdk.internal.misc.Unsafe.park(Native Method)&#10;        at java.base@21.0.8/java.util.concurrent.locks.LockSupport.parkNanos(LockSupport.java:410)&#10;        at java.base@21.0.8/java.util.concurrent.LinkedTransferQueue$DualNode.await(LinkedTransferQueue.java:452)&#10;        at java.base@21.0.8/java.util.concurrent.LinkedTransferQueue.xfer(LinkedTransferQueue.java:613)&#10;        at java.base@21.0.8/java.util.concurrent.SynchronousQueue.xfer(SynchronousQueue.java:235)&#10;        at java.base@21.0.8/java.util.concurrent.SynchronousQueue.poll(SynchronousQueue.java:338)&#10;        at app//org.apache.hadoop.ipc.Client$Connection$RpcRequestSender.run(Client.java:1121)&#10;        at java.base@21.0.8/java.lang.Thread.runWith(Thread.java:1596)&#10;        at java.base@21.0.8/java.lang.Thread.run(Thread.java:1583)&#10;&quot;IPC Server handler 8 on default port 15001&quot; daemon prio=5 tid=566 timed_waiting&#10;java.lang.Thread.State: TIMED_WAITING&#10;        at java.base@21.0.8/jdk.internal.misc.Unsafe.park(Native Method)&#10;        at java.base@21.0.8/java.util.concurrent.locks.LockSupport.parkNanos(LockSupport.java:269)&#10;        at java.base@21.0.8/java.util.concurrent.locks.AbstractQueuedSynchronizer$ConditionObject.awaitNanos(AbstractQueuedSynchronizer.java:1763)&#10;        at java.base@21.0.8/java.util.concurrent.LinkedBlockingQueue.poll(LinkedBlockingQueue.java:460)&#10;        at app//org.apache.hadoop.ipc.CallQueueManager.take(CallQueueManager.java:370)&#10;        at app//org.apache.hadoop.ipc.Server$Handler.run(Server.java:3165)&#10;&quot;JvmPauseMonitor7&quot; daemon prio=5 tid=997 timed_waiting&#10;java.lang.Thread.State: TIMED_WAITING&#10;        at java.base@21.0.8/java.lang.Thread.sleep0(Native Method)&#10;        at java.base@21.0.8/java.lang.Thread.sleep(Thread.java:558)&#10;        at java.base@21.0.8/java.util.concurrent.TimeUnit.sleep(TimeUnit.java:446)&#10;        at app//org.apache.ratis.util.TimeDuration.sleep(TimeDuration.java:353)&#10;        at app//org.apache.ratis.util.TimeDuration.sleep(TimeDuration.java:338)&#10;        at app//org.apache.ratis.util.JvmPauseMonitor.detectPause(JvmPauseMonitor.java:160)&#10;        at app//org.apache.ratis.util.JvmPauseMonitor.run(JvmPauseMonitor.java:149)&#10;        at app//org.apache.ratis.util.JvmPauseMonitor$$Lambda/0x00007f9d6c3ae540.run(Unknown Source)&#10;        at java.base@21.0.8/java.lang.Thread.runWith(Thread.java:1596)&#10;        at java.base@21.0.8/java.lang.Thread.run(Thread.java:1583)&#10;&quot;IPC Server handler 53 on default port 15002&quot; daemon prio=5 tid=173 timed_waiting&#10;java.lang.Thread.State: TIMED_WAITING&#10;        at java.base@21.0.8/jdk.internal.misc.Unsafe.park(Native Method)&#10;        at java.base@21.0.8/java.util.concurrent.locks.LockSupport.parkNanos(LockSupport.java:269)&#10;        at java.base@21.0.8/java.util.concurrent.locks.AbstractQueuedSynchronizer$ConditionObject.awaitNanos(AbstractQueuedSynchronizer.java:1763)&#10;        at java.base@21.0.8/java.util.concurrent.LinkedBlockingQueue.poll(LinkedBlockingQueue.java:460)&#10;        at app//org.apache.hadoop.ipc.CallQueueManager.take(CallQueueManager.java:370)&#10;        at app//org.apache.hadoop.ipc.Server$Handler.run(Server.java:3165)&#10;&quot;IPC Server handler 7 on default port 15037&quot; daemon prio=5 tid=871 timed_waiting&#10;java.lang.Thread.State: TIMED_WAITING&#10;        at java.base@21.0.8/jdk.internal.misc.Unsafe.park(Native Method)&#10;        at java.base@21.0.8/java.util.concurrent.locks.LockSupport.parkNanos(LockSupport.java:269)&#10;        at java.base@21.0.8/java.util.concurrent.locks.AbstractQueuedSynchronizer$ConditionObject.awaitNanos(AbstractQueuedSynchronizer.java:1763)&#10;        at java.base@21.0.8/java.util.concurrent.LinkedBlockingQueue.poll(LinkedBlockingQueue.java:460)&#10;        at app//org.apache.hadoop.ipc.CallQueueManager.take(CallQueueManager.java:370)&#10;        at app//org.apache.hadoop.ipc.Server$Handler.run(Server.java:3165)&#10;&quot;Socket Reader #3 for port 15045&quot; daemon prio=5 tid=923 runnable&#10;java.lang.Thread.State: RUNNABLE&#10;        at java.base@21.0.8/sun.nio.ch.EPoll.wait(Native Method)&#10;        at java.base@21.0.8/sun.nio.ch.EPollSelectorImpl.doSelect(EPollSelectorImpl.java:121)&#10;        at java.base@21.0.8/sun.nio.ch.SelectorImpl.lockAndDoSelect(SelectorImpl.java:130)&#10;        at java.base@21.0.8/sun.nio.ch.SelectorImpl.select(SelectorImpl.java:147)&#10;        at app//org.apache.hadoop.ipc.Server$Listener$Reader.doRunLoop(Server.java:1497)&#10;        at app//org.apache.hadoop.ipc.Server$Listener$Reader.run(Server.java:1476)&#10;&quot;IPC Server handler 31 on default port 15003&quot; daemon prio=5 tid=251 timed_waiting&#10;java.lang.Thread.State: TIMED_WAITING&#10;        at java.base@21.0.8/jdk.internal.misc.Unsafe.park(Native Method)&#10;        at java.base@21.0.8/java.util.concurrent.locks.LockSupport.parkNanos(LockSupport.java:269)&#10;        at java.base@21.0.8/java.util.concurrent.locks.AbstractQueuedSynchronizer$ConditionObject.awaitNanos(AbstractQueuedSynchronizer.java:1763)&#10;        at java.base@21.0.8/java.util.concurrent.LinkedBlockingQueue.poll(LinkedBlockingQueue.java:460)&#10;        at app//org.apache.hadoop.ipc.CallQueueManager.take(CallQueueManager.java:370)&#10;        at app//org.apache.hadoop.ipc.Server$Handler.run(Server.java:3165)&#10;&quot;IPC Server handler 95 on default port 15004&quot; daemon prio=5 tid=433 timed_waiting&#10;java.lang.Thread.State: TIMED_WAITING&#10;        at java.base@21.0.8/jdk.internal.misc.Unsafe.park(Native Method)&#10;        at java.base@21.0.8/java.util.concurrent.locks.LockSupport.parkNanos(LockSupport.java:269)&#10;        at java.base@21.0.8/java.util.concurrent.locks.AbstractQueuedSynchronizer$ConditionObject.awaitNanos(AbstractQueuedSynchronizer.java:1763)&#10;        at java.base@21.0.8/java.util.concurrent.LinkedBlockingQueue.poll(LinkedBlockingQueue.java:460)&#10;        at app//org.apache.hadoop.ipc.CallQueueManager.take(CallQueueManager.java:370)&#10;        at app//org.apache.hadoop.ipc.Server$Handler.run(Server.java:3165)&#10;&quot;c11f8a16-55ee-4f22-a5a5-7daf2dffa753@group-5472C7309C8C-StateMachineUpdater&quot; daemon prio=5 tid=1057 timed_waiting&#10;java.lang.Thread.State: TIMED_WAITING&#10;        at java.base@21.0.8/jdk.internal.misc.Unsafe.park(Native Method)&#10;        at java.base@21.0.8/java.util.concurrent.locks.LockSupport.parkNanos(LockSupport.java:269)&#10;        at java.base@21.0.8/java.util.concurrent.locks.AbstractQueuedSynchronizer$ConditionObject.await(AbstractQueuedSynchronizer.java:1852)&#10;        at app//org.apache.ratis.util.AwaitForSignal.await(AwaitForSignal.java:65)&#10;        at app//org.apache.ratis.server.impl.StateMachineUpdater.waitForCommit(StateMachineUpdater.java:222)&#10;        at app//org.apache.ratis.server.impl.StateMachineUpdater.run(StateMachineUpdater.java:187)&#10;        at java.base@21.0.8/java.lang.Thread.runWith(Thread.java:1596)&#10;        at java.base@21.0.8/java.lang.Thread.run(Thread.java:1583)&#10;&quot;7d2db622-5327-4122-ba03-be97b5575303@group-79D92D5C683F-SegmentedRaftLogWorker&quot; daemon prio=5 tid=1083 timed_waiting&#10;java.lang.Thread.State: TIMED_WAITING&#10;        at java.base@21.0.8/jdk.internal.misc.Unsafe.park(Native Method)&#10;        at java.base@21.0.8/java.util.concurrent.locks.LockSupport.parkNanos(LockSupport.java:269)&#10;        at java.base@21.0.8/java.util.concurrent.locks.AbstractQueuedSynchronizer$ConditionObject.awaitNanos(AbstractQueuedSynchronizer.java:1763)&#10;        at app//org.apache.ratis.util.DataBlockingQueue.poll(DataBlockingQueue.java:148)&#10;        at app//org.apache.ratis.server.raftlog.segmented.SegmentedRaftLogWorker.run(SegmentedRaftLogWorker.java:309)&#10;        at app//org.apache.ratis.server.raftlog.segmented.SegmentedRaftLogWorker$$Lambda/0x00007f9d6c3946c0.run(Unknown Source)&#10;        at java.base@21.0.8/java.util.concurrent.Executors$RunnableAdapter.call(Executors.java:572)&#10;        at java.base@21.0.8/java.util.concurrent.FutureTask.run(FutureTask.java:317)&#10;        at java.base@21.0.8/java.util.concurrent.ThreadPoolExecutor.runWorker(ThreadPoolExecutor.java:1144)&#10;        at java.base@21.0.8/java.util.concurrent.ThreadPoolExecutor$Worker.run(ThreadPoolExecutor.java:642)&#10;        at java.base@21.0.8/java.lang.Thread.runWith(Thread.java:1596)&#10;        at java.base@21.0.8/java.lang.Thread.run(Thread.java:1583)&#10;&quot;SSL Certificates Store Monitor&quot; daemon prio=5 tid=1360 terminated&#10;java.lang.Thread.State: TERMINATED&#10;        at java.base@21.0.8/java.lang.Object.wait0(Native Method)&#10;        at java.base@21.0.8/java.lang.Object.wait(Object.java:366)&#10;        at java.base@21.0.8/java.lang.Object.wait(Object.java:339)&#10;        at java.base@21.0.8/java.util.TimerThread.mainLoop(Timer.java:537)&#10;        at java.base@21.0.8/java.util.TimerThread.run(Timer.java:516)&#10;&quot;qtp1782170617-821&quot; daemon prio=5 tid=821 timed_waiting&#10;java.lang.Thread.State: TIMED_WAITING&#10;        at java.base@21.0.8/jdk.internal.misc.Unsafe.park(Native Method)&#10;        at java.base@21.0.8/java.util.concurrent.locks.LockSupport.parkNanos(LockSupport.java:269)&#10;        at java.base@21.0.8/java.util.concurrent.locks.AbstractQueuedSynchronizer$ConditionObject.awaitNanos(AbstractQueuedSynchronizer.java:1763)&#10;        at app//org.eclipse.jetty.util.BlockingArrayQueue.poll(BlockingArrayQueue.java:382)&#10;        at app//org.eclipse.jetty.util.thread.QueuedThreadPool$Runner.idleJobPoll(QueuedThreadPool.java:974)&#10;        at app//org.eclipse.jetty.util.thread.QueuedThreadPool$Runner.run(QueuedThreadPool.java:1018)&#10;        at java.base@21.0.8/java.lang.Thread.runWith(Thread.java:1596)&#10;        at java.base@21.0.8/java.lang.Thread.run(Thread.java:1583)&#10;&quot;IPC Server handler 90 on default port 15002&quot; daemon prio=5 tid=210 timed_waiting&#10;java.lang.Thread.State: TIMED_WAITING&#10;        at java.base@21.0.8/jdk.internal.misc.Unsafe.park(Native Method)&#10;        at java.base@21.0.8/java.util.concurrent.locks.LockSupport.parkNanos(LockSupport.java:269)&#10;        at java.base@21.0.8/java.util.concurrent.locks.AbstractQueuedSynchronizer$ConditionObject.awaitNanos(AbstractQueuedSynchronizer.java:1763)&#10;        at java.base@21.0.8/java.util.concurrent.LinkedBlockingQueue.poll(LinkedBlockingQueue.java:460)&#10;        at app//org.apache.hadoop.ipc.CallQueueManager.take(CallQueueManager.java:370)&#10;        at app//org.apache.hadoop.ipc.Server$Handler.run(Server.java:3165)&#10;&quot;04372c61-9371-4ab6-9533-e94413dada7c-groupManagement&quot; daemon prio=5 tid=52 in Object.wait()&#10;java.lang.Thread.State: WAITING (on object monitor)&#10;        at java.base@21.0.8/jdk.internal.misc.Unsafe.park(Native Method)&#10;        at java.base@21.0.8/java.util.concurrent.locks.LockSupport.park(LockSupport.java:371)&#10;        at java.base@21.0.8/java.util.concurrent.locks.AbstractQueuedSynchronizer$ConditionNode.block(AbstractQueuedSynchronizer.java:519)&#10;        at java.base@21.0.8/java.util.concurrent.ForkJoinPool.unmanagedBlock(ForkJoinPool.java:3780)&#10;        at java.base@21.0.8/java.util.concurrent.ForkJoinPool.managedBlock(ForkJoinPool.java:3725)&#10;        at java.base@21.0.8/java.util.concurrent.locks.AbstractQueuedSynchronizer$ConditionObject.await(AbstractQueuedSynchronizer.java:1712)&#10;        at java.base@21.0.8/java.util.concurrent.LinkedBlockingQueue.take(LinkedBlockingQueue.java:435)&#10;        at java.base@21.0.8/java.util.concurrent.ThreadPoolExecutor.getTask(ThreadPoolExecutor.java:1070)&#10;        at java.base@21.0.8/java.util.concurrent.ThreadPoolExecutor.runWorker(ThreadPoolExecutor.java:1130)&#10;        at java.base@21.0.8/java.util.concurrent.ThreadPoolExecutor$Worker.run(ThreadPoolExecutor.java:642)&#10;        at java.base@21.0.8/java.lang.Thread.runWith(Thread.java:1596)&#10;        at java.base@21.0.8/java.lang.Thread.run(Thread.java:1583)&#10;&quot;IPC Server handler 1 on default port 15003&quot; daemon prio=5 tid=221 timed_waiting&#10;java.lang.Thread.State: TIMED_WAITING&#10;        at java.base@21.0.8/jdk.internal.misc.Unsafe.park(Native Method)&#10;        at java.base@21.0.8/java.util.concurrent.locks.LockSupport.parkNanos(LockSupport.java:269)&#10;        at java.base@21.0.8/java.util.concurrent.locks.AbstractQueuedSynchronizer$ConditionObject.awaitNanos(AbstractQueuedSynchronizer.java:1763)&#10;        at java.base@21.0.8/java.util.concurrent.LinkedBlockingQueue.poll(LinkedBlockingQueue.java:460)&#10;        at app//org.apache.hadoop.ipc.CallQueueManager.take(CallQueueManager.java:370)&#10;        at app//org.apache.hadoop.ipc.Server$Handler.run(Server.java:3165)&#10;&quot;Socket Reader #8 for port 15021&quot; daemon prio=5 tid=735 runnable&#10;java.lang.Thread.State: RUNNABLE&#10;        at java.base@21.0.8/sun.nio.ch.EPoll.wait(Native Method)&#10;        at java.base@21.0.8/sun.nio.ch.EPollSelectorImpl.doSelect(EPollSelectorImpl.java:121)&#10;        at java.base@21.0.8/sun.nio.ch.SelectorImpl.lockAndDoSelect(SelectorImpl.java:130)&#10;        at java.base@21.0.8/sun.nio.ch.SelectorImpl.select(SelectorImpl.java:147)&#10;        at app//org.apache.hadoop.ipc.Server$Listener$Reader.doRunLoop(Server.java:1497)&#10;        at app//org.apache.hadoop.ipc.Server$Listener$Reader.run(Server.java:1476)&#10;&quot;om1-OpenKeyCleanupService#0&quot; daemon prio=5 tid=476 timed_waiting&#10;java.lang.Thread.State: TIMED_WAITING&#10;        at java.base@21.0.8/jdk.internal.misc.Unsafe.park(Native Method)&#10;        at java.base@21.0.8/java.util.concurrent.locks.LockSupport.parkNanos(LockSupport.java:269)&#10;        at java.base@21.0.8/java.util.concurrent.locks.AbstractQueuedSynchronizer$ConditionObject.awaitNanos(AbstractQueuedSynchronizer.java:1763)&#10;        at java.base@21.0.8/java.util.concurrent.ScheduledThreadPoolExecutor$DelayedWorkQueue.take(ScheduledThreadPoolExecutor.java:1182)&#10;        at java.base@21.0.8/java.util.concurrent.ScheduledThreadPoolExecutor$DelayedWorkQueue.take(ScheduledThreadPoolExecutor.java:899)&#10;        at java.base@21.0.8/java.util.concurrent.ThreadPoolExecutor.getTask(ThreadPoolExecutor.java:1070)&#10;        at java.base@21.0.8/java.util.concurrent.ThreadPoolExecutor.runWorker(ThreadPoolExecutor.java:1130)&#10;        at java.base@21.0.8/java.util.concurrent.ThreadPoolExecutor$Worker.run(ThreadPoolExecutor.java:642)&#10;        at java.base@21.0.8/java.lang.Thread.runWith(Thread.java:1596)&#10;        at java.base@21.0.8/java.lang.Thread.run(Thread.java:1583)&#10;&quot;IPC Server handler 14 on default port 15008&quot; daemon prio=5 tid=506 timed_waiting&#10;java.lang.Thread.State: TIMED_WAITING&#10;        at java.base@21.0.8/jdk.internal.misc.Unsafe.park(Native Method)&#10;        at java.base@21.0.8/java.util.concurrent.locks.LockSupport.parkNanos(LockSupport.java:269)&#10;        at java.base@21.0.8/java.util.concurrent.locks.AbstractQueuedSynchronizer$ConditionObject.awaitNanos(AbstractQueuedSynchronizer.java:1763)&#10;        at java.base@21.0.8/java.util.concurrent.LinkedBlockingQueue.poll(LinkedBlockingQueue.java:460)&#10;        at app//org.apache.hadoop.ipc.CallQueueManager.take(CallQueueManager.java:370)&#10;        at app//org.apache.hadoop.ipc.Server$Handler.run(Server.java:3165)&#10;&quot;DiskUsage-/home/runner/work/ozone/ozone/hadoop-ozone/integration-test-recon/target/test-dir/MiniOzoneClusterImpl-b15909b8-03a8-4b15-aaa3-a668c086c089/ozone-metadata/datanode-3/data-0-&#10;&quot; daemon prio=5 tid=943 timed_waiting&#10;java.lang.Thread.State: TIMED_WAITING&#10;        at java.base@21.0.8/jdk.internal.misc.Unsafe.park(Native Method)&#10;        at java.base@21.0.8/java.util.concurrent.locks.LockSupport.parkNanos(LockSupport.java:269)&#10;        at java.base@21.0.8/java.util.concurrent.locks.AbstractQueuedSynchronizer$ConditionObject.awaitNanos(AbstractQueuedSynchronizer.java:1763)&#10;        at java.base@21.0.8/java.util.concurrent.ScheduledThreadPoolExecutor$DelayedWorkQueue.take(ScheduledThreadPoolExecutor.java:1182)&#10;        at java.base@21.0.8/java.util.concurrent.ScheduledThreadPoolExecutor$DelayedWorkQueue.take(ScheduledThreadPoolExecutor.java:899)&#10;        at java.base@21.0.8/java.util.concurrent.ThreadPoolExecutor.getTask(ThreadPoolExecutor.java:1070)&#10;        at java.base@21.0.8/java.util.concurrent.ThreadPoolExecutor.runWorker(ThreadPoolExecutor.java:1130)&#10;        at java.base@21.0.8/java.util.concurrent.ThreadPoolExecutor$Worker.run(ThreadPoolExecutor.java:642)&#10;        at java.base@21.0.8/java.lang.Thread.runWith(Thread.java:1596)&#10;        at java.base@21.0.8/java.lang.Thread.run(Thread.java:1583)&#10;&quot;IPC Server handler 8 on default port 15003&quot; daemon prio=5 tid=228 timed_waiting&#10;java.lang.Thread.State: TIMED_WAITING&#10;        at java.base@21.0.8/jdk.internal.misc.Unsafe.park(Native Method)&#10;        at java.base@21.0.8/java.util.concurrent.locks.LockSupport.parkNanos(LockSupport.java:269)&#10;        at java.base@21.0.8/java.util.concurrent.locks.AbstractQueuedSynchronizer$ConditionObject.awaitNanos(AbstractQueuedSynchronizer.java:1763)&#10;        at java.base@21.0.8/java.util.concurrent.LinkedBlockingQueue.poll(LinkedBlockingQueue.java:460)&#10;        at app//org.apache.hadoop.ipc.CallQueueManager.take(CallQueueManager.java:370)&#10;        at app//org.apache.hadoop.ipc.Server$Handler.run(Server.java:3165)&#10;&quot;IPC Server handler 1 on default port 15021&quot; daemon prio=5 tid=742 timed_waiting&#10;java.lang.Thread.State: TIMED_WAITING&#10;        at java.base@21.0.8/jdk.internal.misc.Unsafe.park(Native Method)&#10;        at java.base@21.0.8/java.util.concurrent.locks.LockSupport.parkNanos(LockSupport.java:269)&#10;        at java.base@21.0.8/java.util.concurrent.locks.AbstractQueuedSynchronizer$ConditionObject.awaitNanos(AbstractQueuedSynchronizer.java:1763)&#10;        at java.base@21.0.8/java.util.concurrent.LinkedBlockingQueue.poll(LinkedBlockingQueue.java:460)&#10;        at app//org.apache.hadoop.ipc.CallQueueManager.take(CallQueueManager.java:370)&#10;        at app//org.apache.hadoop.ipc.Server$Handler.run(Server.java:3165)&#10;&quot;Socket Reader #3 for port 15021&quot; daemon prio=5 tid=730 runnable&#10;java.lang.Thread.State: RUNNABLE&#10;        at java.base@21.0.8/sun.nio.ch.EPoll.wait(Native Method)&#10;        at java.base@21.0.8/sun.nio.ch.EPollSelectorImpl.doSelect(EPollSelectorImpl.java:121)&#10;        at java.base@21.0.8/sun.nio.ch.SelectorImpl.lockAndDoSelect(SelectorImpl.java:130)&#10;        at java.base@21.0.8/sun.nio.ch.SelectorImpl.select(SelectorImpl.java:147)&#10;        at app//org.apache.hadoop.ipc.Server$Listener$Reader.doRunLoop(Server.java:1497)&#10;        at app//org.apache.hadoop.ipc.Server$Listener$Reader.run(Server.java:1476)&#10;&quot;Socket Reader #1 for port 15003&quot; daemon prio=5 tid=76 runnable&#10;java.lang.Thread.State: RUNNABLE&#10;        at java.base@21.0.8/sun.nio.ch.EPoll.wait(Native Method)&#10;        at java.base@21.0.8/sun.nio.ch.EPollSelectorImpl.doSelect(EPollSelectorImpl.java:121)&#10;        at java.base@21.0.8/sun.nio.ch.SelectorImpl.lockAndDoSelect(SelectorImpl.java:130)&#10;        at java.base@21.0.8/sun.nio.ch.SelectorImpl.select(SelectorImpl.java:147)&#10;        at app//org.apache.hadoop.ipc.Server$Listener$Reader.doRunLoop(Server.java:1497)&#10;        at app//org.apache.hadoop.ipc.Server$Listener$Reader.run(Server.java:1476)&#10;&quot;IPC Server handler 66 on default port 15003&quot; daemon prio=5 tid=286 timed_waiting&#10;java.lang.Thread.State: TIMED_WAITING&#10;        at java.base@21.0.8/jdk.internal.misc.Unsafe.park(Native Method)&#10;        at java.base@21.0.8/java.util.concurrent.locks.LockSupport.parkNanos(LockSupport.java:269)&#10;        at java.base@21.0.8/java.util.concurrent.locks.AbstractQueuedSynchronizer$ConditionObject.awaitNanos(AbstractQueuedSynchronizer.java:1763)&#10;        at java.base@21.0.8/java.util.concurrent.LinkedBlockingQueue.poll(LinkedBlockingQueue.java:460)&#10;        at app//org.apache.hadoop.ipc.CallQueueManager.take(CallQueueManager.java:370)&#10;        at app//org.apache.hadoop.ipc.Server$Handler.run(Server.java:3165)&#10;&quot;IPC Server handler 1 on default port 15029&quot; daemon prio=5 tid=788 timed_waiting&#10;java.lang.Thread.State: TIMED_WAITING&#10;        at java.base@21.0.8/jdk.internal.misc.Unsafe.park(Native Method)&#10;        at java.base@21.0.8/java.util.concurrent.locks.LockSupport.parkNanos(LockSupport.java:269)&#10;        at java.base@21.0.8/java.util.concurrent.locks.AbstractQueuedSynchronizer$ConditionObject.awaitNanos(AbstractQueuedSynchronizer.java:1763)&#10;        at java.base@21.0.8/java.util.concurrent.LinkedBlockingQueue.poll(LinkedBlockingQueue.java:460)&#10;        at app//org.apache.hadoop.ipc.CallQueueManager.take(CallQueueManager.java:370)&#10;        at app//org.apache.hadoop.ipc.Server$Handler.run(Server.java:3165)&#10;&quot;7d2db622-5327-4122-ba03-be97b5575303-BlockDeletingService#0&quot; daemon prio=5 tid=975 timed_waiting&#10;java.lang.Thread.State: TIMED_WAITING&#10;        at java.base@21.0.8/jdk.internal.misc.Unsafe.park(Native Method)&#10;        at java.base@21.0.8/java.util.concurrent.locks.LockSupport.parkNanos(LockSupport.java:269)&#10;        at java.base@21.0.8/java.util.concurrent.locks.AbstractQueuedSynchronizer$ConditionObject.awaitNanos(AbstractQueuedSynchronizer.java:1763)&#10;        at java.base@21.0.8/java.util.concurrent.ScheduledThreadPoolExecutor$DelayedWorkQueue.take(ScheduledThreadPoolExecutor.java:1182)&#10;        at java.base@21.0.8/java.util.concurrent.ScheduledThreadPoolExecutor$DelayedWorkQueue.take(ScheduledThreadPoolExecutor.java:899)&#10;        at java.base@21.0.8/java.util.concurrent.ThreadPoolExecutor.getTask(ThreadPoolExecutor.java:1070)&#10;        at java.base@21.0.8/java.util.concurrent.ThreadPoolExecutor.runWorker(ThreadPoolExecutor.java:1130)&#10;        at java.base@21.0.8/java.util.concurrent.ThreadPoolExecutor$Worker.run(ThreadPoolExecutor.java:642)&#10;        at java.base@21.0.8/java.lang.Thread.runWith(Thread.java:1596)&#10;        at java.base@21.0.8/java.lang.Thread.run(Thread.java:1583)&#10;&quot;IPC Server handler 93 on default port 15002&quot; daemon prio=5 tid=213 timed_waiting&#10;java.lang.Thread.State: TIMED_WAITING&#10;        at java.base@21.0.8/jdk.internal.misc.Unsafe.park(Native Method)&#10;        at java.base@21.0.8/java.util.concurrent.locks.LockSupport.parkNanos(LockSupport.java:269)&#10;        at java.base@21.0.8/java.util.concurrent.locks.AbstractQueuedSynchronizer$ConditionObject.awaitNanos(AbstractQueuedSynchronizer.java:1763)&#10;        at java.base@21.0.8/java.util.concurrent.LinkedBlockingQueue.poll(LinkedBlockingQueue.java:460)&#10;        at app//org.apache.hadoop.ipc.CallQueueManager.take(CallQueueManager.java:370)&#10;        at app//org.apache.hadoop.ipc.Server$Handler.run(Server.java:3165)&#10;&quot;IPC Server handler 0 on default port 15002&quot; daemon prio=5 tid=120 timed_waiting&#10;java.lang.Thread.State: TIMED_WAITING&#10;        at java.base@21.0.8/jdk.internal.misc.Unsafe.park(Native Method)&#10;        at java.base@21.0.8/java.util.concurrent.locks.LockSupport.parkNanos(LockSupport.java:269)&#10;        at java.base@21.0.8/java.util.concurrent.locks.AbstractQueuedSynchronizer$ConditionObject.awaitNanos(AbstractQueuedSynchronizer.java:1763)&#10;        at java.base@21.0.8/java.util.concurrent.LinkedBlockingQueue.poll(LinkedBlockingQueue.java:460)&#10;        at app//org.apache.hadoop.ipc.CallQueueManager.take(CallQueueManager.java:370)&#10;        at app//org.apache.hadoop.ipc.Server$Handler.run(Server.java:3165)&#10;&quot;qtp133286137-490&quot; daemon prio=5 tid=490 timed_waiting&#10;java.lang.Thread.State: TIMED_WAITING&#10;        at java.base@21.0.8/jdk.internal.misc.Unsafe.park(Native Method)&#10;        at java.base@21.0.8/java.util.concurrent.locks.LockSupport.parkNanos(LockSupport.java:269)&#10;        at java.base@21.0.8/java.util.concurrent.locks.AbstractQueuedSynchronizer$ConditionObject.awaitNanos(AbstractQueuedSynchronizer.java:1763)&#10;        at app//org.eclipse.jetty.util.BlockingArrayQueue.poll(BlockingArrayQueue.java:382)&#10;        at app//org.eclipse.jetty.util.thread.QueuedThreadPool$Runner.idleJobPoll(QueuedThreadPool.java:974)&#10;        at app//org.eclipse.jetty.util.thread.QueuedThreadPool$Runner.run(QueuedThreadPool.java:1018)&#10;        at java.base@21.0.8/java.lang.Thread.runWith(Thread.java:1596)&#10;        at java.base@21.0.8/java.lang.Thread.run(Thread.java:1583)&#10;&quot;7d2db622-5327-4122-ba03-be97b5575303-EndpointStateMachineTaskThread-/0.0.0.0:15004-0 &quot;  prio=5 tid=917 in Object.wait()&#10;java.lang.Thread.State: WAITING (on object monitor)&#10;        at java.base@21.0.8/jdk.internal.misc.Unsafe.park(Native Method)&#10;        at java.base@21.0.8/java.util.concurrent.locks.LockSupport.park(LockSupport.java:371)&#10;        at java.base@21.0.8/java.util.concurrent.locks.AbstractQueuedSynchronizer$ConditionNode.block(AbstractQueuedSynchronizer.java:519)&#10;        at java.base@21.0.8/java.util.concurrent.ForkJoinPool.unmanagedBlock(ForkJoinPool.java:3780)&#10;        at java.base@21.0.8/java.util.concurrent.ForkJoinPool.managedBlock(ForkJoinPool.java:3725)&#10;        at java.base@21.0.8/java.util.concurrent.locks.AbstractQueuedSynchronizer$ConditionObject.await(AbstractQueuedSynchronizer.java:1712)&#10;        at java.base@21.0.8/java.util.concurrent.LinkedBlockingQueue.take(LinkedBlockingQueue.java:435)&#10;        at java.base@21.0.8/java.util.concurrent.ThreadPoolExecutor.getTask(ThreadPoolExecutor.java:1070)&#10;        at java.base@21.0.8/java.util.concurrent.ThreadPoolExecutor.runWorker(ThreadPoolExecutor.java:1130)&#10;        at java.base@21.0.8/java.util.concurrent.ThreadPoolExecutor$Worker.run(ThreadPoolExecutor.java:642)&#10;        at java.base@21.0.8/java.lang.Thread.runWith(Thread.java:1596)&#10;        at java.base@21.0.8/java.lang.Thread.run(Thread.java:1583)&#10;&quot;qtp1213220498-768&quot; daemon prio=5 tid=768 timed_waiting&#10;java.lang.Thread.State: TIMED_WAITING&#10;        at java.base@21.0.8/jdk.internal.misc.Unsafe.park(Native Method)&#10;        at java.base@21.0.8/java.util.concurrent.locks.LockSupport.parkNanos(LockSupport.java:269)&#10;        at java.base@21.0.8/java.util.concurrent.locks.AbstractQueuedSynchronizer$ConditionObject.awaitNanos(AbstractQueuedSynchronizer.java:1763)&#10;        at app//org.eclipse.jetty.util.BlockingArrayQueue.poll(BlockingArrayQueue.java:382)&#10;        at app//org.eclipse.jetty.util.thread.QueuedThreadPool$Runner.idleJobPoll(QueuedThreadPool.java:974)&#10;        at app//org.eclipse.jetty.util.thread.QueuedThreadPool$Runner.run(QueuedThreadPool.java:1018)&#10;        at java.base@21.0.8/java.lang.Thread.runWith(Thread.java:1596)&#10;        at java.base@21.0.8/java.lang.Thread.run(Thread.java:1583)&#10;&quot;IPC Server handler 5 on default port 15001&quot; daemon prio=5 tid=563 timed_waiting&#10;java.lang.Thread.State: TIMED_WAITING&#10;        at java.base@21.0.8/jdk.internal.misc.Unsafe.park(Native Method)&#10;        at java.base@21.0.8/java.util.concurrent.locks.LockSupport.parkNanos(LockSupport.java:269)&#10;        at java.base@21.0.8/java.util.concurrent.locks.AbstractQueuedSynchronizer$ConditionObject.awaitNanos(AbstractQueuedSynchronizer.java:1763)&#10;        at java.base@21.0.8/java.util.concurrent.LinkedBlockingQueue.poll(LinkedBlockingQueue.java:460)&#10;        at app//org.apache.hadoop.ipc.CallQueueManager.take(CallQueueManager.java:370)&#10;        at app//org.apache.hadoop.ipc.Server$Handler.run(Server.java:3165)&#10;&quot;IPC Server listener on 15003&quot; daemon prio=5 tid=75 runnable&#10;java.lang.Thread.State: RUNNABLE&#10;        at java.base@21.0.8/sun.nio.ch.EPoll.wait(Native Method)&#10;        at java.base@21.0.8/sun.nio.ch.EPollSelectorImpl.doSelect(EPollSelectorImpl.java:121)&#10;        at java.base@21.0.8/sun.nio.ch.SelectorImpl.lockAndDoSelect(SelectorImpl.java:130)&#10;        at java.base@21.0.8/sun.nio.ch.SelectorImpl.select(SelectorImpl.java:147)&#10;        at app//org.apache.hadoop.ipc.Server$Listener.run(Server.java:1559)&#10;&quot;IPC Server handler 39 on default port 15001&quot; daemon prio=5 tid=597 timed_waiting&#10;java.lang.Thread.State: TIMED_WAITING&#10;        at java.base@21.0.8/jdk.internal.misc.Unsafe.park(Native Method)&#10;        at java.base@21.0.8/java.util.concurrent.locks.LockSupport.parkNanos(LockSupport.java:269)&#10;        at java.base@21.0.8/java.util.concurrent.locks.AbstractQueuedSynchronizer$ConditionObject.awaitNanos(AbstractQueuedSynchronizer.java:1763)&#10;        at java.base@21.0.8/java.util.concurrent.LinkedBlockingQueue.poll(LinkedBlockingQueue.java:460)&#10;        at app//org.apache.hadoop.ipc.CallQueueManager.take(CallQueueManager.java:370)&#10;        at app//org.apache.hadoop.ipc.Server$Handler.run(Server.java:3165)&#10;&quot;Hadoop-Metrics-Updater-0&quot; daemon prio=5 tid=462 timed_waiting&#10;java.lang.Thread.State: TIMED_WAITING&#10;        at java.base@21.0.8/jdk.internal.misc.Unsafe.park(Native Method)&#10;        at java.base@21.0.8/java.util.concurrent.locks.LockSupport.parkNanos(LockSupport.java:269)&#10;        at java.base@21.0.8/java.util.concurrent.locks.AbstractQueuedSynchronizer$ConditionObject.awaitNanos(AbstractQueuedSynchronizer.java:1763)&#10;        at java.base@21.0.8/java.util.concurrent.ScheduledThreadPoolExecutor$DelayedWorkQueue.take(ScheduledThreadPoolExecutor.java:1182)&#10;        at java.base@21.0.8/java.util.concurrent.ScheduledThreadPoolExecutor$DelayedWorkQueue.take(ScheduledThreadPoolExecutor.java:899)&#10;        at java.base@21.0.8/java.util.concurrent.ThreadPoolExecutor.getTask(ThreadPoolExecutor.java:1070)&#10;        at java.base@21.0.8/java.util.concurrent.ThreadPoolExecutor.runWorker(ThreadPoolExecutor.java:1130)&#10;        at java.base@21.0.8/java.util.concurrent.ThreadPoolExecutor$Worker.run(ThreadPoolExecutor.java:642)&#10;        at java.base@21.0.8/java.lang.Thread.runWith(Thread.java:1596)&#10;        at java.base@21.0.8/java.lang.Thread.run(Thread.java:1583)&#10;&quot;IPC Server handler 51 on default port 15001&quot; daemon prio=5 tid=609 timed_waiting&#10;java.lang.Thread.State: TIMED_WAITING&#10;        at java.base@21.0.8/jdk.internal.misc.Unsafe.park(Native Method)&#10;        at java.base@21.0.8/java.util.concurrent.locks.LockSupport.parkNanos(LockSupport.java:269)&#10;        at java.base@21.0.8/java.util.concurrent.locks.AbstractQueuedSynchronizer$ConditionObject.awaitNanos(AbstractQueuedSynchronizer.java:1763)&#10;        at java.base@21.0.8/java.util.concurrent.LinkedBlockingQueue.poll(LinkedBlockingQueue.java:460)&#10;        at app//org.apache.hadoop.ipc.CallQueueManager.take(CallQueueManager.java:370)&#10;        at app//org.apache.hadoop.ipc.Server$Handler.run(Server.java:3165)&#10;&quot;IPC Server idle connection scanner for port 15001&quot; daemon prio=5 tid=531 timed_waiting&#10;java.lang.Thread.State: TIMED_WAITING&#10;        at java.base@21.0.8/java.lang.Object.wait0(Native Method)&#10;        at java.base@21.0.8/java.lang.Object.wait(Object.java:366)&#10;        at java.base@21.0.8/java.util.TimerThread.mainLoop(Timer.java:563)&#10;        at java.base@21.0.8/java.util.TimerThread.run(Timer.java:516)&#10;&quot;IPC Server handler 66 on default port 15001&quot; daemon prio=5 tid=624 timed_waiting&#10;java.lang.Thread.State: TIMED_WAITING&#10;        at java.base@21.0.8/jdk.internal.misc.Unsafe.park(Native Method)&#10;        at java.base@21.0.8/java.util.concurrent.locks.LockSupport.parkNanos(LockSupport.java:269)&#10;        at java.base@21.0.8/java.util.concurrent.locks.AbstractQueuedSynchronizer$ConditionObject.awaitNanos(AbstractQueuedSynchronizer.java:1763)&#10;        at java.base@21.0.8/java.util.concurrent.LinkedBlockingQueue.poll(LinkedBlockingQueue.java:460)&#10;        at app//org.apache.hadoop.ipc.CallQueueManager.take(CallQueueManager.java:370)&#10;        at app//org.apache.hadoop.ipc.Server$Handler.run(Server.java:3165)&#10;&quot;fc0351b7-0c71-4a2a-a0ca-337e5c0b1c14@group-B7EF3C0ABF3A-cacheEviction-AwaitToRun&quot; daemon prio=5 tid=1088 in Object.wait()&#10;java.lang.Thread.State: WAITING (on object monitor)&#10;        at java.base@21.0.8/jdk.internal.misc.Unsafe.park(Native Method)&#10;        at java.base@21.0.8/java.util.concurrent.locks.LockSupport.park(LockSupport.java:371)&#10;        at java.base@21.0.8/java.util.concurrent.locks.AbstractQueuedSynchronizer$ConditionNode.block(AbstractQueuedSynchronizer.java:519)&#10;        at java.base@21.0.8/java.util.concurrent.ForkJoinPool.unmanagedBlock(ForkJoinPool.java:3780)&#10;        at java.base@21.0.8/java.util.concurrent.ForkJoinPool.managedBlock(ForkJoinPool.java:3725)&#10;        at java.base@21.0.8/java.util.concurrent.locks.AbstractQueuedSynchronizer$ConditionObject.await(AbstractQueuedSynchronizer.java:1712)&#10;        at app//org.apache.ratis.util.AwaitForSignal.await(AwaitForSignal.java:48)&#10;        at app//org.apache.ratis.util.AwaitToRun$RunnableImpl.run(AwaitToRun.java:47)&#10;        at java.base@21.0.8/java.lang.Thread.runWith(Thread.java:1596)&#10;        at java.base@21.0.8/java.lang.Thread.run(Thread.java:1583)&#10;&quot;Recon-EventQueue-DatanodeCommandForReconNodeManager&quot; daemon prio=5 tid=1290 in Object.wait()&#10;java.lang.Thread.State: WAITING (on object monitor)&#10;        at java.base@21.0.8/jdk.internal.misc.Unsafe.park(Native Method)&#10;        at java.base@21.0.8/java.util.concurrent.locks.LockSupport.park(LockSupport.java:371)&#10;        at java.base@21.0.8/java.util.concurrent.locks.AbstractQueuedSynchronizer$ConditionNode.block(AbstractQueuedSynchronizer.java:519)&#10;        at java.base@21.0.8/java.util.concurrent.ForkJoinPool.unmanagedBlock(ForkJoinPool.java:3780)&#10;        at java.base@21.0.8/java.util.concurrent.ForkJoinPool.managedBlock(ForkJoinPool.java:3725)&#10;        at java.base@21.0.8/java.util.concurrent.locks.AbstractQueuedSynchronizer$ConditionObject.await(AbstractQueuedSynchronizer.java:1712)&#10;        at java.base@21.0.8/java.util.concurrent.LinkedBlockingQueue.take(LinkedBlockingQueue.java:435)&#10;        at java.base@21.0.8/java.util.concurrent.ThreadPoolExecutor.getTask(ThreadPoolExecutor.java:1070)&#10;        at java.base@21.0.8/java.util.concurrent.ThreadPoolExecutor.runWorker(ThreadPoolExecutor.java:1130)&#10;        at java.base@21.0.8/java.util.concurrent.ThreadPoolExecutor$Worker.run(ThreadPoolExecutor.java:642)&#10;        at java.base@21.0.8/java.lang.Thread.runWith(Thread.java:1596)&#10;        at java.base@21.0.8/java.lang.Thread.run(Thread.java:1583)&#10;&quot;Socket Reader #1 for port 15029&quot; daemon prio=5 tid=774 runnable&#10;java.lang.Thread.State: RUNNABLE&#10;        at java.base@21.0.8/sun.nio.ch.EPoll.wait(Native Method)&#10;        at java.base@21.0.8/sun.nio.ch.EPollSelectorImpl.doSelect(EPollSelectorImpl.java:121)&#10;        at java.base@21.0.8/sun.nio.ch.SelectorImpl.lockAndDoSelect(SelectorImpl.java:130)&#10;        at java.base@21.0.8/sun.nio.ch.SelectorImpl.select(SelectorImpl.java:147)&#10;        at app//org.apache.hadoop.ipc.Server$Listener$Reader.doRunLoop(Server.java:1497)&#10;        at app//org.apache.hadoop.ipc.Server$Listener$Reader.run(Server.java:1476)&#10;&quot;IPC Server handler 46 on default port 15003&quot; daemon prio=5 tid=266 timed_waiting&#10;java.lang.Thread.State: TIMED_WAITING&#10;        at java.base@21.0.8/jdk.internal.misc.Unsafe.park(Native Method)&#10;        at java.base@21.0.8/java.util.concurrent.locks.LockSupport.parkNanos(LockSupport.java:269)&#10;        at java.base@21.0.8/java.util.concurrent.locks.AbstractQueuedSynchronizer$ConditionObject.awaitNanos(AbstractQueuedSynchronizer.java:1763)&#10;        at java.base@21.0.8/java.util.concurrent.LinkedBlockingQueue.poll(LinkedBlockingQueue.java:460)&#10;        at app//org.apache.hadoop.ipc.CallQueueManager.take(CallQueueManager.java:370)&#10;        at app//org.apache.hadoop.ipc.Server$Handler.run(Server.java:3165)&#10;&quot;IPC Server handler 12 on default port 15004&quot; daemon prio=5 tid=350 timed_waiting&#10;java.lang.Thread.State: TIMED_WAITING&#10;        at java.base@21.0.8/jdk.internal.misc.Unsafe.park(Native Method)&#10;        at java.base@21.0.8/java.util.concurrent.locks.LockSupport.parkNanos(LockSupport.java:269)&#10;        at java.base@21.0.8/java.util.concurrent.locks.AbstractQueuedSynchronizer$ConditionObject.awaitNanos(AbstractQueuedSynchronizer.java:1763)&#10;        at java.base@21.0.8/java.util.concurrent.LinkedBlockingQueue.poll(LinkedBlockingQueue.java:460)&#10;        at app//org.apache.hadoop.ipc.CallQueueManager.take(CallQueueManager.java:370)&#10;        at app//org.apache.hadoop.ipc.Server$Handler.run(Server.java:3165)&#10;&quot;IPC Server handler 92 on default port 15004&quot; daemon prio=5 tid=430 timed_waiting&#10;java.lang.Thread.State: TIMED_WAITING&#10;        at java.base@21.0.8/jdk.internal.misc.Unsafe.park(Native Method)&#10;        at java.base@21.0.8/java.util.concurrent.locks.LockSupport.parkNanos(LockSupport.java:269)&#10;        at java.base@21.0.8/java.util.concurrent.locks.AbstractQueuedSynchronizer$ConditionObject.awaitNanos(AbstractQueuedSynchronizer.java:1763)&#10;        at java.base@21.0.8/java.util.concurrent.LinkedBlockingQueue.poll(LinkedBlockingQueue.java:460)&#10;        at app//org.apache.hadoop.ipc.CallQueueManager.take(CallQueueManager.java:370)&#10;        at app//org.apache.hadoop.ipc.Server$Handler.run(Server.java:3165)&#10;&quot;74afb32b-8e70-4799-b16c-dc9602d9dbb6-DatanodeReportManager-3&quot; daemon prio=5 tid=967 in Object.wait()&#10;java.lang.Thread.State: WAITING (on object monitor)&#10;        at java.base@21.0.8/jdk.internal.misc.Unsafe.park(Native Method)&#10;        at java.base@21.0.8/java.util.concurrent.locks.LockSupport.park(LockSupport.java:371)&#10;        at java.base@21.0.8/java.util.concurrent.locks.AbstractQueuedSynchronizer$ConditionNode.block(AbstractQueuedSynchronizer.java:519)&#10;        at java.base@21.0.8/java.util.concurrent.ForkJoinPool.unmanagedBlock(ForkJoinPool.java:3780)&#10;        at java.base@21.0.8/java.util.concurrent.ForkJoinPool.managedBlock(ForkJoinPool.java:3725)&#10;        at java.base@21.0.8/java.util.concurrent.locks.AbstractQueuedSynchronizer$ConditionObject.await(AbstractQueuedSynchronizer.java:1712)&#10;        at java.base@21.0.8/java.util.concurrent.ScheduledThreadPoolExecutor$DelayedWorkQueue.take(ScheduledThreadPoolExecutor.java:1177)&#10;        at java.base@21.0.8/java.util.concurrent.ScheduledThreadPoolExecutor$DelayedWorkQueue.take(ScheduledThreadPoolExecutor.java:899)&#10;        at java.base@21.0.8/java.util.concurrent.ThreadPoolExecutor.getTask(ThreadPoolExecutor.java:1070)&#10;        at java.base@21.0.8/java.util.concurrent.ThreadPoolExecutor.runWorker(ThreadPoolExecutor.java:1130)&#10;        at java.base@21.0.8/java.util.concurrent.ThreadPoolExecutor$Worker.run(ThreadPoolExecutor.java:642)&#10;        at java.base@21.0.8/java.lang.Thread.runWith(Thread.java:1596)&#10;        at java.base@21.0.8/java.lang.Thread.run(Thread.java:1583)&#10;&quot;IPC Server handler 45 on default port 15003&quot; daemon prio=5 tid=265 timed_waiting&#10;java.lang.Thread.State: TIMED_WAITING&#10;        at java.base@21.0.8/jdk.internal.misc.Unsafe.park(Native Method)&#10;        at java.base@21.0.8/java.util.concurrent.locks.LockSupport.parkNanos(LockSupport.java:269)&#10;        at java.base@21.0.8/java.util.concurrent.locks.AbstractQueuedSynchronizer$ConditionObject.awaitNanos(AbstractQueuedSynchronizer.java:1763)&#10;        at java.base@21.0.8/java.util.concurrent.LinkedBlockingQueue.poll(LinkedBlockingQueue.java:460)&#10;        at app//org.apache.hadoop.ipc.CallQueueManager.take(CallQueueManager.java:370)&#10;        at app//org.apache.hadoop.ipc.Server$Handler.run(Server.java:3165)&#10;&quot;IPC Server handler 0 on default port 15021&quot; daemon prio=5 tid=741 timed_waiting&#10;java.lang.Thread.State: TIMED_WAITING&#10;        at java.base@21.0.8/jdk.internal.misc.Unsafe.park(Native Method)&#10;        at java.base@21.0.8/java.util.concurrent.locks.LockSupport.parkNanos(LockSupport.java:269)&#10;        at java.base@21.0.8/java.util.concurrent.locks.AbstractQueuedSynchronizer$ConditionObject.awaitNanos(AbstractQueuedSynchronizer.java:1763)&#10;        at java.base@21.0.8/java.util.concurrent.LinkedBlockingQueue.poll(LinkedBlockingQueue.java:460)&#10;        at app//org.apache.hadoop.ipc.CallQueueManager.take(CallQueueManager.java:370)&#10;        at app//org.apache.hadoop.ipc.Server$Handler.run(Server.java:3165)&#10;&quot;FixedThreadPoolWithAffinityExecutor-8-0&quot; daemon prio=5 tid=111 timed_waiting&#10;java.lang.Thread.State: TIMED_WAITING&#10;        at java.base@21.0.8/jdk.internal.misc.Unsafe.park(Native Method)&#10;        at java.base@21.0.8/java.util.concurrent.locks.LockSupport.parkNanos(LockSupport.java:269)&#10;        at java.base@21.0.8/java.util.concurrent.locks.AbstractQueuedSynchronizer$ConditionObject.awaitNanos(AbstractQueuedSynchronizer.java:1763)&#10;        at java.base@21.0.8/java.util.concurrent.LinkedBlockingQueue.poll(LinkedBlockingQueue.java:460)&#10;        at app//org.apache.hadoop.hdds.scm.server.ContainerReportQueue.poll(ContainerReportQueue.java:269)&#10;        at app//org.apache.hadoop.hdds.scm.server.ContainerReportQueue.poll(ContainerReportQueue.java:42)&#10;        at app//org.apache.hadoop.hdds.server.events.FixedThreadPoolWithAffinityExecutor$ContainerReportProcessTask.run(FixedThreadPoolWithAffinityExecutor.java:228)&#10;        at java.base@21.0.8/java.util.concurrent.Executors$RunnableAdapter.call(Executors.java:572)&#10;        at java.base@21.0.8/java.util.concurrent.FutureTask.run(FutureTask.java:317)&#10;        at java.base@21.0.8/java.util.concurrent.ThreadPoolExecutor.runWorker(ThreadPoolExecutor.java:1144)&#10;        at java.base@21.0.8/java.util.concurrent.ThreadPoolExecutor$Worker.run(ThreadPoolExecutor.java:642)&#10;        at java.base@21.0.8/java.lang.Thread.runWith(Thread.java:1596)&#10;        at java.base@21.0.8/java.lang.Thread.run(Thread.java:1583)&#10;&quot;IPC Server handler 4 on default port 15008&quot; daemon prio=5 tid=496 timed_waiting&#10;java.lang.Thread.State: TIMED_WAITING&#10;        at java.base@21.0.8/jdk.internal.misc.Unsafe.park(Native Method)&#10;        at java.base@21.0.8/java.util.concurrent.locks.LockSupport.parkNanos(LockSupport.java:269)&#10;        at java.base@21.0.8/java.util.concurrent.locks.AbstractQueuedSynchronizer$ConditionObject.awaitNanos(AbstractQueuedSynchronizer.java:1763)&#10;        at java.base@21.0.8/java.util.concurrent.LinkedBlockingQueue.poll(LinkedBlockingQueue.java:460)&#10;        at app//org.apache.hadoop.ipc.CallQueueManager.take(CallQueueManager.java:370)&#10;        at app//org.apache.hadoop.ipc.Server$Handler.run(Server.java:3165)&#10;&quot;om1-KeyDeletingService#2&quot; daemon prio=5 tid=474 in Object.wait()&#10;java.lang.Thread.State: WAITING (on object monitor)&#10;        at java.base@21.0.8/jdk.internal.misc.Unsafe.park(Native Method)&#10;        at java.base@21.0.8/java.util.concurrent.locks.LockSupport.park(LockSupport.java:371)&#10;        at java.base@21.0.8/java.util.concurrent.locks.AbstractQueuedSynchronizer$ConditionNode.block(AbstractQueuedSynchronizer.java:519)&#10;        at java.base@21.0.8/java.util.concurrent.ForkJoinPool.unmanagedBlock(ForkJoinPool.java:3780)&#10;        at java.base@21.0.8/java.util.concurrent.ForkJoinPool.managedBlock(ForkJoinPool.java:3725)&#10;        at java.base@21.0.8/java.util.concurrent.locks.AbstractQueuedSynchronizer$ConditionObject.await(AbstractQueuedSynchronizer.java:1712)&#10;        at java.base@21.0.8/java.util.concurrent.ScheduledThreadPoolExecutor$DelayedWorkQueue.take(ScheduledThreadPoolExecutor.java:1177)&#10;        at java.base@21.0.8/java.util.concurrent.ScheduledThreadPoolExecutor$DelayedWorkQueue.take(ScheduledThreadPoolExecutor.java:899)&#10;        at java.base@21.0.8/java.util.concurrent.ThreadPoolExecutor.getTask(ThreadPoolExecutor.java:1070)&#10;        at java.base@21.0.8/java.util.concurrent.ThreadPoolExecutor.runWorker(ThreadPoolExecutor.java:1130)&#10;        at java.base@21.0.8/java.util.concurrent.ThreadPoolExecutor$Worker.run(ThreadPoolExecutor.java:642)&#10;        at java.base@21.0.8/java.lang.Thread.runWith(Thread.java:1596)&#10;        at java.base@21.0.8/java.lang.Thread.run(Thread.java:1583)&#10;&quot;IPC Server handler 90 on default port 15001&quot; daemon prio=5 tid=648 timed_waiting&#10;java.lang.Thread.State: TIMED_WAITING&#10;        at java.base@21.0.8/jdk.internal.misc.Unsafe.park(Native Method)&#10;        at java.base@21.0.8/java.util.concurrent.locks.LockSupport.parkNanos(LockSupport.java:269)&#10;        at java.base@21.0.8/java.util.concurrent.locks.AbstractQueuedSynchronizer$ConditionObject.awaitNanos(AbstractQueuedSynchronizer.java:1763)&#10;        at java.base@21.0.8/java.util.concurrent.LinkedBlockingQueue.poll(LinkedBlockingQueue.java:460)&#10;        at app//org.apache.hadoop.ipc.CallQueueManager.take(CallQueueManager.java:370)&#10;        at app//org.apache.hadoop.ipc.Server$Handler.run(Server.java:3165)&#10;&quot;IPC Server handler 2 on default port 15001&quot; daemon prio=5 tid=560 timed_waiting&#10;java.lang.Thread.State: TIMED_WAITING&#10;        at java.base@21.0.8/jdk.internal.misc.Unsafe.park(Native Method)&#10;        at java.base@21.0.8/java.util.concurrent.locks.LockSupport.parkNanos(LockSupport.java:269)&#10;        at java.base@21.0.8/java.util.concurrent.locks.AbstractQueuedSynchronizer$ConditionObject.awaitNanos(AbstractQueuedSynchronizer.java:1763)&#10;        at java.base@21.0.8/java.util.concurrent.LinkedBlockingQueue.poll(LinkedBlockingQueue.java:460)&#10;        at app//org.apache.hadoop.ipc.CallQueueManager.take(CallQueueManager.java:370)&#10;        at app//org.apache.hadoop.ipc.Server$Handler.run(Server.java:3165)&#10;&quot;qtp249078499-720-acceptor-0@1b0f9963-ServerConnector@2b499afd{HTTP/1.1, (http/1.1)}{0.0.0.0:15020}&quot; daemon prio=3 tid=720 runnable&#10;java.lang.Thread.State: RUNNABLE&#10;        at java.base@21.0.8/sun.nio.ch.Net.accept(Native Method)&#10;        at java.base@21.0.8/sun.nio.ch.ServerSocketChannelImpl.implAccept(ServerSocketChannelImpl.java:433)&#10;        at java.base@21.0.8/sun.nio.ch.ServerSocketChannelImpl.accept(ServerSocketChannelImpl.java:399)&#10;        at app//org.eclipse.jetty.server.ServerConnector.accept(ServerConnector.java:388)&#10;        at app//org.eclipse.jetty.server.AbstractConnector$Acceptor.run(AbstractConnector.java:704)&#10;        at app//org.eclipse.jetty.util.thread.QueuedThreadPool.runJob(QueuedThreadPool.java:883)&#10;        at app//org.eclipse.jetty.util.thread.QueuedThreadPool$Runner.run(QueuedThreadPool.java:1034)&#10;        at java.base@21.0.8/java.lang.Thread.runWith(Thread.java:1596)&#10;        at java.base@21.0.8/java.lang.Thread.run(Thread.java:1583)&#10;&quot;IPC Server handler 35 on default port 15002&quot; daemon prio=5 tid=155 timed_waiting&#10;java.lang.Thread.State: TIMED_WAITING&#10;        at java.base@21.0.8/jdk.internal.misc.Unsafe.park(Native Method)&#10;        at java.base@21.0.8/java.util.concurrent.locks.LockSupport.parkNanos(LockSupport.java:269)&#10;        at java.base@21.0.8/java.util.concurrent.locks.AbstractQueuedSynchronizer$ConditionObject.awaitNanos(AbstractQueuedSynchronizer.java:1763)&#10;        at java.base@21.0.8/java.util.concurrent.LinkedBlockingQueue.poll(LinkedBlockingQueue.java:460)&#10;        at app//org.apache.hadoop.ipc.CallQueueManager.take(CallQueueManager.java:370)&#10;        at app//org.apache.hadoop.ipc.Server$Handler.run(Server.java:3165)&#10;&quot;IPC Server handler 62 on default port 15002&quot; daemon prio=5 tid=182 timed_waiting&#10;java.lang.Thread.State: TIMED_WAITING&#10;        at java.base@21.0.8/jdk.internal.misc.Unsafe.park(Native Method)&#10;        at java.base@21.0.8/java.util.concurrent.locks.LockSupport.parkNanos(LockSupport.java:269)&#10;        at java.base@21.0.8/java.util.concurrent.locks.AbstractQueuedSynchronizer$ConditionObject.awaitNanos(AbstractQueuedSynchronizer.java:1763)&#10;        at java.base@21.0.8/java.util.concurrent.LinkedBlockingQueue.poll(LinkedBlockingQueue.java:460)&#10;        at app//org.apache.hadoop.ipc.CallQueueManager.take(CallQueueManager.java:370)&#10;        at app//org.apache.hadoop.ipc.Server$Handler.run(Server.java:3165)&#10;&quot;IPC Server handler 28 on default port 15004&quot; daemon prio=5 tid=366 timed_waiting&#10;java.lang.Thread.State: TIMED_WAITING&#10;        at java.base@21.0.8/jdk.internal.misc.Unsafe.park(Native Method)&#10;        at java.base@21.0.8/java.util.concurrent.locks.LockSupport.parkNanos(LockSupport.java:269)&#10;        at java.base@21.0.8/java.util.concurrent.locks.AbstractQueuedSynchronizer$ConditionObject.awaitNanos(AbstractQueuedSynchronizer.java:1763)&#10;        at java.base@21.0.8/java.util.concurrent.LinkedBlockingQueue.poll(LinkedBlockingQueue.java:460)&#10;        at app//org.apache.hadoop.ipc.CallQueueManager.take(CallQueueManager.java:370)&#10;        at app//org.apache.hadoop.ipc.Server$Handler.run(Server.java:3165)&#10;&quot;Socket Reader #9 for port 15008&quot; daemon prio=5 tid=458 runnable&#10;java.lang.Thread.State: RUNNABLE&#10;        at java.base@21.0.8/sun.nio.ch.EPoll.wait(Native Method)&#10;        at java.base@21.0.8/sun.nio.ch.EPollSelectorImpl.doSelect(EPollSelectorImpl.java:121)&#10;        at java.base@21.0.8/sun.nio.ch.SelectorImpl.lockAndDoSelect(SelectorImpl.java:130)&#10;        at java.base@21.0.8/sun.nio.ch.SelectorImpl.select(SelectorImpl.java:147)&#10;        at app//org.apache.hadoop.ipc.Server$Listener$Reader.doRunLoop(Server.java:1497)&#10;        at app//org.apache.hadoop.ipc.Server$Listener$Reader.run(Server.java:1476)&#10;&quot;ForkJoinPool-1-worker-2&quot; daemon prio=5 tid=36 in Object.wait()&#10;java.lang.Thread.State: WAITING (on object monitor)&#10;        at java.base@21.0.8/jdk.internal.misc.Unsafe.park(Native Method)&#10;        at java.base@21.0.8/java.util.concurrent.locks.LockSupport.park(LockSupport.java:371)&#10;        at java.base@21.0.8/java.util.concurrent.ForkJoinPool.awaitWork(ForkJoinPool.java:1893)&#10;        at java.base@21.0.8/java.util.concurrent.ForkJoinPool.runWorker(ForkJoinPool.java:1809)&#10;        at java.base@21.0.8/java.util.concurrent.ForkJoinWorkerThread.run(ForkJoinWorkerThread.java:188)&#10;&quot;Socket Reader #10 for port 15045&quot; daemon prio=5 tid=930 runnable&#10;java.lang.Thread.State: RUNNABLE&#10;        at java.base@21.0.8/sun.nio.ch.EPoll.wait(Native Method)&#10;        at java.base@21.0.8/sun.nio.ch.EPollSelectorImpl.doSelect(EPollSelectorImpl.java:121)&#10;        at java.base@21.0.8/sun.nio.ch.SelectorImpl.lockAndDoSelect(SelectorImpl.java:130)&#10;        at java.base@21.0.8/sun.nio.ch.SelectorImpl.select(SelectorImpl.java:147)&#10;        at app//org.apache.hadoop.ipc.Server$Listener$Reader.doRunLoop(Server.java:1497)&#10;        at app//org.apache.hadoop.ipc.Server$Listener$Reader.run(Server.java:1476)&#10;&quot;IPC Server handler 31 on default port 15004&quot; daemon prio=5 tid=369 timed_waiting&#10;java.lang.Thread.State: TIMED_WAITING&#10;        at java.base@21.0.8/jdk.internal.misc.Unsafe.park(Native Method)&#10;        at java.base@21.0.8/java.util.concurrent.locks.LockSupport.parkNanos(LockSupport.java:269)&#10;        at java.base@21.0.8/java.util.concurrent.locks.AbstractQueuedSynchronizer$ConditionObject.awaitNanos(AbstractQueuedSynchronizer.java:1763)&#10;        at java.base@21.0.8/java.util.concurrent.LinkedBlockingQueue.poll(LinkedBlockingQueue.java:460)&#10;        at app//org.apache.hadoop.ipc.CallQueueManager.take(CallQueueManager.java:370)&#10;        at app//org.apache.hadoop.ipc.Server$Handler.run(Server.java:3165)&#10;&quot;Socket Reader #4 for port 15029&quot; daemon prio=5 tid=777 runnable&#10;java.lang.Thread.State: RUNNABLE&#10;        at java.base@21.0.8/sun.nio.ch.EPoll.wait(Native Method)&#10;        at java.base@21.0.8/sun.nio.ch.EPollSelectorImpl.doSelect(EPollSelectorImpl.java:121)&#10;        at java.base@21.0.8/sun.nio.ch.SelectorImpl.lockAndDoSelect(SelectorImpl.java:130)&#10;        at java.base@21.0.8/sun.nio.ch.SelectorImpl.select(SelectorImpl.java:147)&#10;        at app//org.apache.hadoop.ipc.Server$Listener$Reader.doRunLoop(Server.java:1497)&#10;        at app//org.apache.hadoop.ipc.Server$Listener$Reader.run(Server.java:1476)&#10;&quot;Socket Reader #2 for port 15003&quot; daemon prio=5 tid=77 runnable&#10;java.lang.Thread.State: RUNNABLE&#10;        at java.base@21.0.8/sun.nio.ch.EPoll.wait(Native Method)&#10;        at java.base@21.0.8/sun.nio.ch.EPollSelectorImpl.doSelect(EPollSelectorImpl.java:121)&#10;        at java.base@21.0.8/sun.nio.ch.SelectorImpl.lockAndDoSelect(SelectorImpl.java:130)&#10;        at java.base@21.0.8/sun.nio.ch.SelectorImpl.select(SelectorImpl.java:147)&#10;        at app//org.apache.hadoop.ipc.Server$Listener$Reader.doRunLoop(Server.java:1497)&#10;        at app//org.apache.hadoop.ipc.Server$Listener$Reader.run(Server.java:1476)&#10;&quot;c11f8a16-55ee-4f22-a5a5-7daf2dffa753-DatanodeStateMachineTaskThread-1&quot;  prio=5 tid=847 in Object.wait()&#10;java.lang.Thread.State: WAITING (on object monitor)&#10;        at java.base@21.0.8/jdk.internal.misc.Unsafe.park(Native Method)&#10;        at java.base@21.0.8/java.util.concurrent.locks.LockSupport.park(LockSupport.java:371)&#10;        at java.base@21.0.8/java.util.concurrent.locks.AbstractQueuedSynchronizer$ConditionNode.block(AbstractQueuedSynchronizer.java:519)&#10;        at java.base@21.0.8/java.util.concurrent.ForkJoinPool.unmanagedBlock(ForkJoinPool.java:3780)&#10;        at java.base@21.0.8/java.util.concurrent.ForkJoinPool.managedBlock(ForkJoinPool.java:3725)&#10;        at java.base@21.0.8/java.util.concurrent.locks.AbstractQueuedSynchronizer$ConditionObject.await(AbstractQueuedSynchronizer.java:1712)&#10;        at java.base@21.0.8/java.util.concurrent.LinkedBlockingQueue.take(LinkedBlockingQueue.java:435)&#10;        at java.base@21.0.8/java.util.concurrent.ThreadPoolExecutor.getTask(ThreadPoolExecutor.java:1070)&#10;        at java.base@21.0.8/java.util.concurrent.ThreadPoolExecutor.runWorker(ThreadPoolExecutor.java:1130)&#10;        at java.base@21.0.8/java.util.concurrent.ThreadPoolExecutor$Worker.run(ThreadPoolExecutor.java:642)&#10;        at java.base@21.0.8/java.lang.Thread.runWith(Thread.java:1596)&#10;        at java.base@21.0.8/java.lang.Thread.run(Thread.java:1583)&#10;&quot;IPC Server handler 3 on default port 15021&quot; daemon prio=5 tid=744 timed_waiting&#10;java.lang.Thread.State: TIMED_WAITING&#10;        at java.base@21.0.8/jdk.internal.misc.Unsafe.park(Native Method)&#10;        at java.base@21.0.8/java.util.concurrent.locks.LockSupport.parkNanos(LockSupport.java:269)&#10;        at java.base@21.0.8/java.util.concurrent.locks.AbstractQueuedSynchronizer$ConditionObject.awaitNanos(AbstractQueuedSynchronizer.java:1763)&#10;        at java.base@21.0.8/java.util.concurrent.LinkedBlockingQueue.poll(LinkedBlockingQueue.java:460)&#10;        at app//org.apache.hadoop.ipc.CallQueueManager.take(CallQueueManager.java:370)&#10;        at app//org.apache.hadoop.ipc.Server$Handler.run(Server.java:3165)&#10;&quot;IPC Server handler 28 on default port 15002&quot; daemon prio=5 tid=148 timed_waiting&#10;java.lang.Thread.State: TIMED_WAITING&#10;        at java.base@21.0.8/jdk.internal.misc.Unsafe.park(Native Method)&#10;        at java.base@21.0.8/java.util.concurrent.locks.LockSupport.parkNanos(LockSupport.java:269)&#10;        at java.base@21.0.8/java.util.concurrent.locks.AbstractQueuedSynchronizer$ConditionObject.awaitNanos(AbstractQueuedSynchronizer.java:1763)&#10;        at java.base@21.0.8/java.util.concurrent.LinkedBlockingQueue.poll(LinkedBlockingQueue.java:460)&#10;        at app//org.apache.hadoop.ipc.CallQueueManager.take(CallQueueManager.java:370)&#10;        at app//org.apache.hadoop.ipc.Server$Handler.run(Server.java:3165)&#10;&quot;IPC Server handler 9 on default port 15037&quot; daemon prio=5 tid=873 timed_waiting&#10;java.lang.Thread.State: TIMED_WAITING&#10;        at java.base@21.0.8/jdk.internal.misc.Unsafe.park(Native Method)&#10;        at java.base@21.0.8/java.util.concurrent.locks.LockSupport.parkNanos(LockSupport.java:269)&#10;        at java.base@21.0.8/java.util.concurrent.locks.AbstractQueuedSynchronizer$ConditionObject.awaitNanos(AbstractQueuedSynchronizer.java:1763)&#10;        at java.base@21.0.8/java.util.concurrent.LinkedBlockingQueue.poll(LinkedBlockingQueue.java:460)&#10;        at app//org.apache.hadoop.ipc.CallQueueManager.take(CallQueueManager.java:370)&#10;        at app//org.apache.hadoop.ipc.Server$Handler.run(Server.java:3165)&#10;&quot;IPC Server handler 5 on default port 15037&quot; daemon prio=5 tid=869 timed_waiting&#10;java.lang.Thread.State: TIMED_WAITING&#10;        at java.base@21.0.8/jdk.internal.misc.Unsafe.park(Native Method)&#10;        at java.base@21.0.8/java.util.concurrent.locks.LockSupport.parkNanos(LockSupport.java:269)&#10;        at java.base@21.0.8/java.util.concurrent.locks.AbstractQueuedSynchronizer$ConditionObject.awaitNanos(AbstractQueuedSynchronizer.java:1763)&#10;        at java.base@21.0.8/java.util.concurrent.LinkedBlockingQueue.poll(LinkedBlockingQueue.java:460)&#10;        at app//org.apache.hadoop.ipc.CallQueueManager.take(CallQueueManager.java:370)&#10;        at app//org.apache.hadoop.ipc.Server$Handler.run(Server.java:3165)&#10;&quot;grpc-shared-destroyer-0&quot; daemon prio=5 tid=48 in Object.wait()&#10;java.lang.Thread.State: WAITING (on object monitor)&#10;        at java.base@21.0.8/jdk.internal.misc.Unsafe.park(Native Method)&#10;        at java.base@21.0.8/java.util.concurrent.locks.LockSupport.park(LockSupport.java:371)&#10;        at java.base@21.0.8/java.util.concurrent.locks.AbstractQueuedSynchronizer$ConditionNode.block(AbstractQueuedSynchronizer.java:519)&#10;        at java.base@21.0.8/java.util.concurrent.ForkJoinPool.unmanagedBlock(ForkJoinPool.java:3780)&#10;        at java.base@21.0.8/java.util.concurrent.ForkJoinPool.managedBlock(ForkJoinPool.java:3725)&#10;        at java.base@21.0.8/java.util.concurrent.locks.AbstractQueuedSynchronizer$ConditionObject.await(AbstractQueuedSynchronizer.java:1712)&#10;        at java.base@21.0.8/java.util.concurrent.ScheduledThreadPoolExecutor$DelayedWorkQueue.take(ScheduledThreadPoolExecutor.java:1170)&#10;        at java.base@21.0.8/java.util.concurrent.ScheduledThreadPoolExecutor$DelayedWorkQueue.take(ScheduledThreadPoolExecutor.java:899)&#10;        at java.base@21.0.8/java.util.concurrent.ThreadPoolExecutor.getTask(ThreadPoolExecutor.java:1070)&#10;        at java.base@21.0.8/java.util.concurrent.ThreadPoolExecutor.runWorker(ThreadPoolExecutor.java:1130)&#10;        at java.base@21.0.8/java.util.concurrent.ThreadPoolExecutor$Worker.run(ThreadPoolExecutor.java:642)&#10;        at java.base@21.0.8/java.lang.Thread.runWith(Thread.java:1596)&#10;        at java.base@21.0.8/java.lang.Thread.run(Thread.java:1583)&#10;&quot;IPC Server handler 8 on default port 15045&quot; daemon prio=5 tid=948 timed_waiting&#10;java.lang.Thread.State: TIMED_WAITING&#10;        at java.base@21.0.8/jdk.internal.misc.Unsafe.park(Native Method)&#10;        at java.base@21.0.8/java.util.concurrent.locks.LockSupport.parkNanos(LockSupport.java:269)&#10;        at java.base@21.0.8/java.util.concurrent.locks.AbstractQueuedSynchronizer$ConditionObject.awaitNanos(AbstractQueuedSynchronizer.java:1763)&#10;        at java.base@21.0.8/java.util.concurrent.LinkedBlockingQueue.poll(LinkedBlockingQueue.java:460)&#10;        at app//org.apache.hadoop.ipc.CallQueueManager.take(CallQueueManager.java:370)&#10;        at app//org.apache.hadoop.ipc.Server$Handler.run(Server.java:3165)&#10;&quot;IPC Server handler 49 on default port 15002&quot; daemon prio=5 tid=169 timed_waiting&#10;java.lang.Thread.State: TIMED_WAITING&#10;        at java.base@21.0.8/jdk.internal.misc.Unsafe.park(Native Method)&#10;        at java.base@21.0.8/java.util.concurrent.locks.LockSupport.parkNanos(LockSupport.java:269)&#10;        at java.base@21.0.8/java.util.concurrent.locks.AbstractQueuedSynchronizer$ConditionObject.awaitNanos(AbstractQueuedSynchronizer.java:1763)&#10;        at java.base@21.0.8/java.util.concurrent.LinkedBlockingQueue.poll(LinkedBlockingQueue.java:460)&#10;        at app//org.apache.hadoop.ipc.CallQueueManager.take(CallQueueManager.java:370)&#10;        at app//org.apache.hadoop.ipc.Server$Handler.run(Server.java:3165)&#10;&quot;IPC Server handler 73 on default port 15002&quot; daemon prio=5 tid=193 timed_waiting&#10;java.lang.Thread.State: TIMED_WAITING&#10;        at java.base@21.0.8/jdk.internal.misc.Unsafe.park(Native Method)&#10;        at java.base@21.0.8/java.util.concurrent.locks.LockSupport.parkNanos(LockSupport.java:269)&#10;        at java.base@21.0.8/java.util.concurrent.locks.AbstractQueuedSynchronizer$ConditionObject.awaitNanos(AbstractQueuedSynchronizer.java:1763)&#10;        at java.base@21.0.8/java.util.concurrent.LinkedBlockingQueue.poll(LinkedBlockingQueue.java:460)&#10;        at app//org.apache.hadoop.ipc.CallQueueManager.take(CallQueueManager.java:370)&#10;        at app//org.apache.hadoop.ipc.Server$Handler.run(Server.java:3165)&#10;&quot;IPC Server handler 53 on default port 15003&quot; daemon prio=5 tid=273 timed_waiting&#10;java.lang.Thread.State: TIMED_WAITING&#10;        at java.base@21.0.8/jdk.internal.misc.Unsafe.park(Native Method)&#10;        at java.base@21.0.8/java.util.concurrent.locks.LockSupport.parkNanos(LockSupport.java:269)&#10;        at java.base@21.0.8/java.util.concurrent.locks.AbstractQueuedSynchronizer$ConditionObject.awaitNanos(AbstractQueuedSynchronizer.java:1763)&#10;        at java.base@21.0.8/java.util.concurrent.LinkedBlockingQueue.poll(LinkedBlockingQueue.java:460)&#10;        at app//org.apache.hadoop.ipc.CallQueueManager.take(CallQueueManager.java:370)&#10;        at app//org.apache.hadoop.ipc.Server$Handler.run(Server.java:3165)&#10;&quot;fc0351b7-0c71-4a2a-a0ca-337e5c0b1c14@group-B7EF3C0ABF3A-LeaderStateImpl&quot; daemon prio=5 tid=1126 timed_waiting&#10;java.lang.Thread.State: TIMED_WAITING&#10;        at java.base@21.0.8/jdk.internal.misc.Unsafe.park(Native Method)&#10;        at java.base@21.0.8/java.util.concurrent.locks.LockSupport.parkNanos(LockSupport.java:269)&#10;        at java.base@21.0.8/java.util.concurrent.locks.AbstractQueuedSynchronizer$ConditionObject.awaitNanos(AbstractQueuedSynchronizer.java:1763)&#10;        at java.base@21.0.8/java.util.concurrent.ArrayBlockingQueue.poll(ArrayBlockingQueue.java:435)&#10;        at app//org.apache.ratis.server.impl.LeaderStateImpl$EventQueue.poll(LeaderStateImpl.java:168)&#10;        at app//org.apache.ratis.server.impl.LeaderStateImpl$EventProcessor.run(LeaderStateImpl.java:761)&#10;&quot;IPC Server handler 38 on default port 15004&quot; daemon prio=5 tid=376 timed_waiting&#10;java.lang.Thread.State: TIMED_WAITING&#10;        at java.base@21.0.8/jdk.internal.misc.Unsafe.park(Native Method)&#10;        at java.base@21.0.8/java.util.concurrent.locks.LockSupport.parkNanos(LockSupport.java:269)&#10;        at java.base@21.0.8/java.util.concurrent.locks.AbstractQueuedSynchronizer$ConditionObject.awaitNanos(AbstractQueuedSynchronizer.java:1763)&#10;        at java.base@21.0.8/java.util.concurrent.LinkedBlockingQueue.poll(LinkedBlockingQueue.java:460)&#10;        at app//org.apache.hadoop.ipc.CallQueueManager.take(CallQueueManager.java:370)&#10;        at app//org.apache.hadoop.ipc.Server$Handler.run(Server.java:3165)&#10;&quot;ForkJoinPool.commonPool-worker-1&quot; daemon prio=5 tid=666 in Object.wait()&#10;java.lang.Thread.State: WAITING (on object monitor)&#10;        at java.base@21.0.8/jdk.internal.misc.Unsafe.park(Native Method)&#10;        at java.base@21.0.8/java.util.concurrent.locks.LockSupport.park(LockSupport.java:371)&#10;        at java.base@21.0.8/java.util.concurrent.ForkJoinPool.awaitWork(ForkJoinPool.java:1893)&#10;        at java.base@21.0.8/java.util.concurrent.ForkJoinPool.runWorker(ForkJoinPool.java:1809)&#10;        at java.base@21.0.8/java.util.concurrent.ForkJoinWorkerThread.run(ForkJoinWorkerThread.java:188)&#10;&quot;7d2db622-5327-4122-ba03-be97b5575303-impl-thread1&quot; daemon prio=5 tid=761 timed_waiting&#10;java.lang.Thread.State: TIMED_WAITING&#10;        at java.base@21.0.8/jdk.internal.misc.Unsafe.park(Native Method)&#10;        at java.base@21.0.8/java.util.concurrent.locks.LockSupport.parkNanos(LockSupport.java:410)&#10;        at java.base@21.0.8/java.util.concurrent.LinkedTransferQueue$DualNode.await(LinkedTransferQueue.java:452)&#10;        at java.base@21.0.8/java.util.concurrent.SynchronousQueue$Transferer.xferLifo(SynchronousQueue.java:194)&#10;        at java.base@21.0.8/java.util.concurrent.SynchronousQueue.xfer(SynchronousQueue.java:235)&#10;        at java.base@21.0.8/java.util.concurrent.SynchronousQueue.poll(SynchronousQueue.java:338)&#10;        at java.base@21.0.8/java.util.concurrent.ThreadPoolExecutor.getTask(ThreadPoolExecutor.java:1069)&#10;        at java.base@21.0.8/java.util.concurrent.ThreadPoolExecutor.runWorker(ThreadPoolExecutor.java:1130)&#10;        at java.base@21.0.8/java.util.concurrent.ThreadPoolExecutor$Worker.run(ThreadPoolExecutor.java:642)&#10;        at java.base@21.0.8/java.lang.Thread.runWith(Thread.java:1596)&#10;        at java.base@21.0.8/java.lang.Thread.run(Thread.java:1583)&#10;&quot;IPC Server handler 51 on default port 15004&quot; daemon prio=5 tid=389 timed_waiting&#10;java.lang.Thread.State: TIMED_WAITING&#10;        at java.base@21.0.8/jdk.internal.misc.Unsafe.park(Native Method)&#10;        at java.base@21.0.8/java.util.concurrent.locks.LockSupport.parkNanos(LockSupport.java:269)&#10;        at java.base@21.0.8/java.util.concurrent.locks.AbstractQueuedSynchronizer$ConditionObject.awaitNanos(AbstractQueuedSynchronizer.java:1763)&#10;        at java.base@21.0.8/java.util.concurrent.LinkedBlockingQueue.poll(LinkedBlockingQueue.java:460)&#10;        at app//org.apache.hadoop.ipc.CallQueueManager.take(CallQueueManager.java:370)&#10;        at app//org.apache.hadoop.ipc.Server$Handler.run(Server.java:3165)&#10;&quot;74afb32b-8e70-4799-b16c-dc9602d9dbb6-DatanodeReportManager-0&quot; daemon prio=5 tid=954 in Object.wait()&#10;java.lang.Thread.State: WAITING (on object monitor)&#10;        at java.base@21.0.8/jdk.internal.misc.Unsafe.park(Native Method)&#10;        at java.base@21.0.8/java.util.concurrent.locks.LockSupport.park(LockSupport.java:371)&#10;        at java.base@21.0.8/java.util.concurrent.locks.AbstractQueuedSynchronizer$ConditionNode.block(AbstractQueuedSynchronizer.java:519)&#10;        at java.base@21.0.8/java.util.concurrent.ForkJoinPool.unmanagedBlock(ForkJoinPool.java:3780)&#10;        at java.base@21.0.8/java.util.concurrent.ForkJoinPool.managedBlock(ForkJoinPool.java:3725)&#10;        at java.base@21.0.8/java.util.concurrent.locks.AbstractQueuedSynchronizer$ConditionObject.await(AbstractQueuedSynchronizer.java:1712)&#10;        at java.base@21.0.8/java.util.concurrent.ScheduledThreadPoolExecutor$DelayedWorkQueue.take(ScheduledThreadPoolExecutor.java:1177)&#10;        at java.base@21.0.8/java.util.concurrent.ScheduledThreadPoolExecutor$DelayedWorkQueue.take(ScheduledThreadPoolExecutor.java:899)&#10;        at java.base@21.0.8/java.util.concurrent.ThreadPoolExecutor.getTask(ThreadPoolExecutor.java:1070)&#10;        at java.base@21.0.8/java.util.concurrent.ThreadPoolExecutor.runWorker(ThreadPoolExecutor.java:1130)&#10;        at java.base@21.0.8/java.util.concurrent.ThreadPoolExecutor$Worker.run(ThreadPoolExecutor.java:642)&#10;        at java.base@21.0.8/java.lang.Thread.runWith(Thread.java:1596)&#10;        at java.base@21.0.8/java.lang.Thread.run(Thread.java:1583)&#10;&quot;IPC Server handler 87 on default port 15003&quot; daemon prio=5 tid=307 timed_waiting&#10;java.lang.Thread.State: TIMED_WAITING&#10;        at java.base@21.0.8/jdk.internal.misc.Unsafe.park(Native Method)&#10;        at java.base@21.0.8/java.util.concurrent.locks.LockSupport.parkNanos(LockSupport.java:269)&#10;        at java.base@21.0.8/java.util.concurrent.locks.AbstractQueuedSynchronizer$ConditionObject.awaitNanos(AbstractQueuedSynchronizer.java:1763)&#10;        at java.base@21.0.8/java.util.concurrent.LinkedBlockingQueue.poll(LinkedBlockingQueue.java:460)&#10;        at app//org.apache.hadoop.ipc.CallQueueManager.take(CallQueueManager.java:370)&#10;        at app//org.apache.hadoop.ipc.Server$Handler.run(Server.java:3165)&#10;&quot;om1-SstFilteringService#0&quot; daemon prio=5 tid=478 timed_waiting&#10;java.lang.Thread.State: TIMED_WAITING&#10;        at java.base@21.0.8/jdk.internal.misc.Unsafe.park(Native Method)&#10;        at java.base@21.0.8/java.util.concurrent.locks.LockSupport.parkNanos(LockSupport.java:269)&#10;        at java.base@21.0.8/java.util.concurrent.locks.AbstractQueuedSynchronizer$ConditionObject.awaitNanos(AbstractQueuedSynchronizer.java:1763)&#10;        at java.base@21.0.8/java.util.concurrent.ScheduledThreadPoolExecutor$DelayedWorkQueue.take(ScheduledThreadPoolExecutor.java:1182)&#10;        at java.base@21.0.8/java.util.concurrent.ScheduledThreadPoolExecutor$DelayedWorkQueue.take(ScheduledThreadPoolExecutor.java:899)&#10;        at java.base@21.0.8/java.util.concurrent.ThreadPoolExecutor.getTask(ThreadPoolExecutor.java:1070)&#10;        at java.base@21.0.8/java.util.concurrent.ThreadPoolExecutor.runWorker(ThreadPoolExecutor.java:1130)&#10;        at java.base@21.0.8/java.util.concurrent.ThreadPoolExecutor$Worker.run(ThreadPoolExecutor.java:642)&#10;        at java.base@21.0.8/java.lang.Thread.runWith(Thread.java:1596)&#10;        at java.base@21.0.8/java.lang.Thread.run(Thread.java:1583)&#10;&quot;IPC Server handler 9 on default port 15045&quot; daemon prio=5 tid=949 timed_waiting&#10;java.lang.Thread.State: TIMED_WAITING&#10;        at java.base@21.0.8/jdk.internal.misc.Unsafe.park(Native Method)&#10;        at java.base@21.0.8/java.util.concurrent.locks.LockSupport.parkNanos(LockSupport.java:269)&#10;        at java.base@21.0.8/java.util.concurrent.locks.AbstractQueuedSynchronizer$ConditionObject.awaitNanos(AbstractQueuedSynchronizer.java:1763)&#10;        at java.base@21.0.8/java.util.concurrent.LinkedBlockingQueue.poll(LinkedBlockingQueue.java:460)&#10;        at app//org.apache.hadoop.ipc.CallQueueManager.take(CallQueueManager.java:370)&#10;        at app//org.apache.hadoop.ipc.Server$Handler.run(Server.java:3165)&#10;&quot;IPC Server Responder&quot; daemon prio=5 tid=101 runnable&#10;java.lang.Thread.State: RUNNABLE&#10;        at java.base@21.0.8/sun.nio.ch.EPoll.wait(Native Method)&#10;        at java.base@21.0.8/sun.nio.ch.EPollSelectorImpl.doSelect(EPollSelectorImpl.java:121)&#10;        at java.base@21.0.8/sun.nio.ch.SelectorImpl.lockAndDoSelect(SelectorImpl.java:130)&#10;        at java.base@21.0.8/sun.nio.ch.SelectorImpl.select(SelectorImpl.java:142)&#10;        at app//org.apache.hadoop.ipc.Server$Responder.doRunLoop(Server.java:1733)&#10;        at app//org.apache.hadoop.ipc.Server$Responder.run(Server.java:1716)&#10;&quot;IPC Server handler 75 on default port 15002&quot; daemon prio=5 tid=195 timed_waiting&#10;java.lang.Thread.State: TIMED_WAITING&#10;        at java.base@21.0.8/jdk.internal.misc.Unsafe.park(Native Method)&#10;        at java.base@21.0.8/java.util.concurrent.locks.LockSupport.parkNanos(LockSupport.java:269)&#10;        at java.base@21.0.8/java.util.concurrent.locks.AbstractQueuedSynchronizer$ConditionObject.awaitNanos(AbstractQueuedSynchronizer.java:1763)&#10;        at java.base@21.0.8/java.util.concurrent.LinkedBlockingQueue.poll(LinkedBlockingQueue.java:460)&#10;        at app//org.apache.hadoop.ipc.CallQueueManager.take(CallQueueManager.java:370)&#10;        at app//org.apache.hadoop.ipc.Server$Handler.run(Server.java:3165)&#10;&quot;qtp1782170617-823&quot; daemon prio=5 tid=823 timed_waiting&#10;java.lang.Thread.State: TIMED_WAITING&#10;        at java.base@21.0.8/jdk.internal.misc.Unsafe.park(Native Method)&#10;        at java.base@21.0.8/java.util.concurrent.locks.LockSupport.parkNanos(LockSupport.java:269)&#10;        at java.base@21.0.8/java.util.concurrent.locks.AbstractQueuedSynchronizer$ConditionObject.awaitNanos(AbstractQueuedSynchronizer.java:1763)&#10;        at app//org.eclipse.jetty.util.BlockingArrayQueue.poll(BlockingArrayQueue.java:382)&#10;        at app//org.eclipse.jetty.util.thread.QueuedThreadPool$Runner.idleJobPoll(QueuedThreadPool.java:974)&#10;        at app//org.eclipse.jetty.util.thread.QueuedThreadPool$Runner.run(QueuedThreadPool.java:1018)&#10;        at java.base@21.0.8/java.lang.Thread.runWith(Thread.java:1596)&#10;        at java.base@21.0.8/java.lang.Thread.run(Thread.java:1583)&#10;&quot;om1@group-C5BA1605619E-cacheEviction-AwaitToRun&quot; daemon prio=5 tid=463 in Object.wait()&#10;java.lang.Thread.State: WAITING (on object monitor)&#10;        at java.base@21.0.8/jdk.internal.misc.Unsafe.park(Native Method)&#10;        at java.base@21.0.8/java.util.concurrent.locks.LockSupport.park(LockSupport.java:371)&#10;        at java.base@21.0.8/java.util.concurrent.locks.AbstractQueuedSynchronizer$ConditionNode.block(AbstractQueuedSynchronizer.java:519)&#10;        at java.base@21.0.8/java.util.concurrent.ForkJoinPool.unmanagedBlock(ForkJoinPool.java:3780)&#10;        at java.base@21.0.8/java.util.concurrent.ForkJoinPool.managedBlock(ForkJoinPool.java:3725)&#10;        at java.base@21.0.8/java.util.concurrent.locks.AbstractQueuedSynchronizer$ConditionObject.await(AbstractQueuedSynchronizer.java:1712)&#10;        at app//org.apache.ratis.util.AwaitForSignal.await(AwaitForSignal.java:48)&#10;        at app//org.apache.ratis.util.AwaitToRun$RunnableImpl.run(AwaitToRun.java:47)&#10;        at java.base@21.0.8/java.lang.Thread.runWith(Thread.java:1596)&#10;        at java.base@21.0.8/java.lang.Thread.run(Thread.java:1583)&#10;&quot;SCMBlockDeletingService#0&quot; daemon prio=5 tid=320 timed_waiting&#10;java.lang.Thread.State: TIMED_WAITING&#10;        at java.base@21.0.8/jdk.internal.misc.Unsafe.park(Native Method)&#10;        at java.base@21.0.8/java.util.concurrent.locks.LockSupport.parkNanos(LockSupport.java:269)&#10;        at java.base@21.0.8/java.util.concurrent.locks.AbstractQueuedSynchronizer$ConditionObject.awaitNanos(AbstractQueuedSynchronizer.java:1763)&#10;        at java.base@21.0.8/java.util.concurrent.ScheduledThreadPoolExecutor$DelayedWorkQueue.take(ScheduledThreadPoolExecutor.java:1182)&#10;        at java.base@21.0.8/java.util.concurrent.ScheduledThreadPoolExecutor$DelayedWorkQueue.take(ScheduledThreadPoolExecutor.java:899)&#10;        at java.base@21.0.8/java.util.concurrent.ThreadPoolExecutor.getTask(ThreadPoolExecutor.java:1070)&#10;        at java.base@21.0.8/java.util.concurrent.ThreadPoolExecutor.runWorker(ThreadPoolExecutor.java:1130)&#10;        at java.base@21.0.8/java.util.concurrent.ThreadPoolExecutor$Worker.run(ThreadPoolExecutor.java:642)&#10;        at java.base@21.0.8/java.lang.Thread.runWith(Thread.java:1596)&#10;        at java.base@21.0.8/java.lang.Thread.run(Thread.java:1583)&#10;&quot;c11f8a16-55ee-4f22-a5a5-7daf2dffa753-impl-thread1&quot; daemon prio=5 tid=715 timed_waiting&#10;java.lang.Thread.State: TIMED_WAITING&#10;        at java.base@21.0.8/jdk.internal.misc.Unsafe.park(Native Method)&#10;        at java.base@21.0.8/java.util.concurrent.locks.LockSupport.parkNanos(LockSupport.java:410)&#10;        at java.base@21.0.8/java.util.concurrent.LinkedTransferQueue$DualNode.await(LinkedTransferQueue.java:452)&#10;        at java.base@21.0.8/java.util.concurrent.SynchronousQueue$Transferer.xferLifo(SynchronousQueue.java:194)&#10;        at java.base@21.0.8/java.util.concurrent.SynchronousQueue.xfer(SynchronousQueue.java:235)&#10;        at java.base@21.0.8/java.util.concurrent.SynchronousQueue.poll(SynchronousQueue.java:338)&#10;        at java.base@21.0.8/java.util.concurrent.ThreadPoolExecutor.getTask(ThreadPoolExecutor.java:1069)&#10;        at java.base@21.0.8/java.util.concurrent.ThreadPoolExecutor.runWorker(ThreadPoolExecutor.java:1130)&#10;        at java.base@21.0.8/java.util.concurrent.ThreadPoolExecutor$Worker.run(ThreadPoolExecutor.java:642)&#10;        at java.base@21.0.8/java.lang.Thread.runWith(Thread.java:1596)&#10;        at java.base@21.0.8/java.lang.Thread.run(Thread.java:1583)&#10;&quot;IPC Server handler 61 on default port 15002&quot; daemon prio=5 tid=181 timed_waiting&#10;java.lang.Thread.State: TIMED_WAITING&#10;        at java.base@21.0.8/jdk.internal.misc.Unsafe.park(Native Method)&#10;        at java.base@21.0.8/java.util.concurrent.locks.LockSupport.parkNanos(LockSupport.java:269)&#10;        at java.base@21.0.8/java.util.concurrent.locks.AbstractQueuedSynchronizer$ConditionObject.awaitNanos(AbstractQueuedSynchronizer.java:1763)&#10;        at java.base@21.0.8/java.util.concurrent.LinkedBlockingQueue.poll(LinkedBlockingQueue.java:460)&#10;        at app//org.apache.hadoop.ipc.CallQueueManager.take(CallQueueManager.java:370)&#10;        at app//org.apache.hadoop.ipc.Server$Handler.run(Server.java:3165)&#10;&quot;IPC Server handler 48 on default port 15003&quot; daemon prio=5 tid=268 timed_waiting&#10;java.lang.Thread.State: TIMED_WAITING&#10;        at java.base@21.0.8/jdk.internal.misc.Unsafe.park(Native Method)&#10;        at java.base@21.0.8/java.util.concurrent.locks.LockSupport.parkNanos(LockSupport.java:269)&#10;        at java.base@21.0.8/java.util.concurrent.locks.AbstractQueuedSynchronizer$ConditionObject.awaitNanos(AbstractQueuedSynchronizer.java:1763)&#10;        at java.base@21.0.8/java.util.concurrent.LinkedBlockingQueue.poll(LinkedBlockingQueue.java:460)&#10;        at app//org.apache.hadoop.ipc.CallQueueManager.take(CallQueueManager.java:370)&#10;        at app//org.apache.hadoop.ipc.Server$Handler.run(Server.java:3165)&#10;&quot;c11f8a16-55ee-4f22-a5a5-7daf2dffa753-ChunkWriter-3-0&quot; daemon prio=5 tid=896 in Object.wait()&#10;java.lang.Thread.State: WAITING (on object monitor)&#10;        at java.base@21.0.8/jdk.internal.misc.Unsafe.park(Native Method)&#10;        at java.base@21.0.8/java.util.concurrent.locks.LockSupport.park(LockSupport.java:371)&#10;        at java.base@21.0.8/java.util.concurrent.locks.AbstractQueuedSynchronizer$ConditionNode.block(AbstractQueuedSynchronizer.java:519)&#10;        at java.base@21.0.8/java.util.concurrent.ForkJoinPool.unmanagedBlock(ForkJoinPool.java:3780)&#10;        at java.base@21.0.8/java.util.concurrent.ForkJoinPool.managedBlock(ForkJoinPool.java:3725)&#10;        at java.base@21.0.8/java.util.concurrent.locks.AbstractQueuedSynchronizer$ConditionObject.await(AbstractQueuedSynchronizer.java:1712)&#10;        at java.base@21.0.8/java.util.concurrent.LinkedBlockingDeque.takeFirst(LinkedBlockingDeque.java:485)&#10;        at java.base@21.0.8/java.util.concurrent.LinkedBlockingDeque.take(LinkedBlockingDeque.java:673)&#10;        at java.base@21.0.8/java.util.concurrent.ThreadPoolExecutor.getTask(ThreadPoolExecutor.java:1070)&#10;        at java.base@21.0.8/java.util.concurrent.ThreadPoolExecutor.runWorker(ThreadPoolExecutor.java:1130)&#10;        at java.base@21.0.8/java.util.concurrent.ThreadPoolExecutor$Worker.run(ThreadPoolExecutor.java:642)&#10;        at java.base@21.0.8/java.lang.Thread.runWith(Thread.java:1596)&#10;        at java.base@21.0.8/java.lang.Thread.run(Thread.java:1583)&#10;&quot;IPC Server handler 3 on default port 15004&quot; daemon prio=5 tid=341 timed_waiting&#10;java.lang.Thread.State: TIMED_WAITING&#10;        at java.base@21.0.8/jdk.internal.misc.Unsafe.park(Native Method)&#10;        at java.base@21.0.8/java.util.concurrent.locks.LockSupport.parkNanos(LockSupport.java:269)&#10;        at java.base@21.0.8/java.util.concurrent.locks.AbstractQueuedSynchronizer$ConditionObject.awaitNanos(AbstractQueuedSynchronizer.java:1763)&#10;        at java.base@21.0.8/java.util.concurrent.LinkedBlockingQueue.poll(LinkedBlockingQueue.java:460)&#10;        at app//org.apache.hadoop.ipc.CallQueueManager.take(CallQueueManager.java:370)&#10;        at app//org.apache.hadoop.ipc.Server$Handler.run(Server.java:3165)&#10;&quot;Socket Reader #6 for port 15029&quot; daemon prio=5 tid=779 runnable&#10;java.lang.Thread.State: RUNNABLE&#10;        at java.base@21.0.8/sun.nio.ch.EPoll.wait(Native Method)&#10;        at java.base@21.0.8/sun.nio.ch.EPollSelectorImpl.doSelect(EPollSelectorImpl.java:121)&#10;        at java.base@21.0.8/sun.nio.ch.SelectorImpl.lockAndDoSelect(SelectorImpl.java:130)&#10;        at java.base@21.0.8/sun.nio.ch.SelectorImpl.select(SelectorImpl.java:147)&#10;        at app//org.apache.hadoop.ipc.Server$Listener$Reader.doRunLoop(Server.java:1497)&#10;        at app//org.apache.hadoop.ipc.Server$Listener$Reader.run(Server.java:1476)&#10;&quot;fc0351b7-0c71-4a2a-a0ca-337e5c0b1c14-impl-thread1&quot; daemon prio=5 tid=814 timed_waiting&#10;java.lang.Thread.State: TIMED_WAITING&#10;        at java.base@21.0.8/jdk.internal.misc.Unsafe.park(Native Method)&#10;        at java.base@21.0.8/java.util.concurrent.locks.LockSupport.parkNanos(LockSupport.java:410)&#10;        at java.base@21.0.8/java.util.concurrent.LinkedTransferQueue$DualNode.await(LinkedTransferQueue.java:452)&#10;        at java.base@21.0.8/java.util.concurrent.SynchronousQueue$Transferer.xferLifo(SynchronousQueue.java:194)&#10;        at java.base@21.0.8/java.util.concurrent.SynchronousQueue.xfer(SynchronousQueue.java:235)&#10;        at java.base@21.0.8/java.util.concurrent.SynchronousQueue.poll(SynchronousQueue.java:338)&#10;        at java.base@21.0.8/java.util.concurrent.ThreadPoolExecutor.getTask(ThreadPoolExecutor.java:1069)&#10;        at java.base@21.0.8/java.util.concurrent.ThreadPoolExecutor.runWorker(ThreadPoolExecutor.java:1130)&#10;        at java.base@21.0.8/java.util.concurrent.ThreadPoolExecutor$Worker.run(ThreadPoolExecutor.java:642)&#10;        at java.base@21.0.8/java.lang.Thread.runWith(Thread.java:1596)&#10;        at java.base@21.0.8/java.lang.Thread.run(Thread.java:1583)&#10;&quot;SSL Certificates Store Monitor&quot; daemon prio=5 tid=1354 terminated&#10;java.lang.Thread.State: TERMINATED&#10;        at java.base@21.0.8/java.lang.Object.wait0(Native Method)&#10;        at java.base@21.0.8/java.lang.Object.wait(Object.java:366)&#10;        at java.base@21.0.8/java.lang.Object.wait(Object.java:339)&#10;        at java.base@21.0.8/java.util.TimerThread.mainLoop(Timer.java:537)&#10;        at java.base@21.0.8/java.util.TimerThread.run(Timer.java:516)&#10;&quot;Socket Reader #2 for port 15008&quot; daemon prio=5 tid=451 runnable&#10;java.lang.Thread.State: RUNNABLE&#10;        at java.base@21.0.8/sun.nio.ch.EPoll.wait(Native Method)&#10;        at java.base@21.0.8/sun.nio.ch.EPollSelectorImpl.doSelect(EPollSelectorImpl.java:121)&#10;        at java.base@21.0.8/sun.nio.ch.SelectorImpl.lockAndDoSelect(SelectorImpl.java:130)&#10;        at java.base@21.0.8/sun.nio.ch.SelectorImpl.select(SelectorImpl.java:147)&#10;        at app//org.apache.hadoop.ipc.Server$Listener$Reader.doRunLoop(Server.java:1497)&#10;        at app//org.apache.hadoop.ipc.Server$Listener$Reader.run(Server.java:1476)&#10;&quot;qtp1213220498-764&quot; daemon prio=5 tid=764 runnable&#10;java.lang.Thread.State: RUNNABLE&#10;        at java.base@21.0.8/sun.nio.ch.EPoll.wait(Native Method)&#10;        at java.base@21.0.8/sun.nio.ch.EPollSelectorImpl.doSelect(EPollSelectorImpl.java:121)&#10;        at java.base@21.0.8/sun.nio.ch.SelectorImpl.lockAndDoSelect(SelectorImpl.java:130)&#10;        at java.base@21.0.8/sun.nio.ch.SelectorImpl.select(SelectorImpl.java:147)&#10;        at app//org.eclipse.jetty.io.ManagedSelector.nioSelect(ManagedSelector.java:183)&#10;        at app//org.eclipse.jetty.io.ManagedSelector.select(ManagedSelector.java:190)&#10;        at app//org.eclipse.jetty.io.ManagedSelector$SelectorProducer.select(ManagedSelector.java:606)&#10;        at app//org.eclipse.jetty.io.ManagedSelector$SelectorProducer.produce(ManagedSelector.java:543)&#10;        at app//org.eclipse.jetty.util.thread.strategy.EatWhatYouKill.produceTask(EatWhatYouKill.java:362)&#10;        at app//org.eclipse.jetty.util.thread.strategy.EatWhatYouKill.doProduce(EatWhatYouKill.java:186)&#10;        at app//org.eclipse.jetty.util.thread.strategy.EatWhatYouKill.tryProduce(EatWhatYouKill.java:173)&#10;        at app//org.eclipse.jetty.util.thread.strategy.EatWhatYouKill.produce(EatWhatYouKill.java:137)&#10;        at app//org.eclipse.jetty.io.ManagedSelector$$Lambda/0x00007f9d6c6e5f08.run(Unknown Source)&#10;        at app//org.eclipse.jetty.util.thread.QueuedThreadPool.runJob(QueuedThreadPool.java:883)&#10;        at app//org.eclipse.jetty.util.thread.QueuedThreadPool$Runner.run(QueuedThreadPool.java:1034)&#10;        at java.base@21.0.8/java.lang.Thread.runWith(Thread.java:1596)&#10;        at java.base@21.0.8/java.lang.Thread.run(Thread.java:1583)&#10;&quot;fileTable_PartialTableCache-Cleanup-0&quot; daemon prio=5 tid=1147 in Object.wait()&#10;java.lang.Thread.State: WAITING (on object monitor)&#10;        at java.base@21.0.8/jdk.internal.misc.Unsafe.park(Native Method)&#10;        at java.base@21.0.8/java.util.concurrent.locks.LockSupport.park(LockSupport.java:371)&#10;        at java.base@21.0.8/java.util.concurrent.locks.AbstractQueuedSynchronizer$ConditionNode.block(AbstractQueuedSynchronizer.java:519)&#10;        at java.base@21.0.8/java.util.concurrent.ForkJoinPool.unmanagedBlock(ForkJoinPool.java:3780)&#10;        at java.base@21.0.8/java.util.concurrent.ForkJoinPool.managedBlock(ForkJoinPool.java:3725)&#10;        at java.base@21.0.8/java.util.concurrent.locks.AbstractQueuedSynchronizer$ConditionObject.await(AbstractQueuedSynchronizer.java:1712)&#10;        at java.base@21.0.8/java.util.concurrent.LinkedBlockingQueue.take(LinkedBlockingQueue.java:435)&#10;        at java.base@21.0.8/java.util.concurrent.ThreadPoolExecutor.getTask(ThreadPoolExecutor.java:1070)&#10;        at java.base@21.0.8/java.util.concurrent.ThreadPoolExecutor.runWorker(ThreadPoolExecutor.java:1130)&#10;        at java.base@21.0.8/java.util.concurrent.ThreadPoolExecutor$Worker.run(ThreadPoolExecutor.java:642)&#10;        at java.base@21.0.8/java.lang.Thread.runWith(Thread.java:1596)&#10;        at java.base@21.0.8/java.lang.Thread.run(Thread.java:1583)&#10;&quot;IPC Server handler 56 on default port 15004&quot; daemon prio=5 tid=394 timed_waiting&#10;java.lang.Thread.State: TIMED_WAITING&#10;        at java.base@21.0.8/jdk.internal.misc.Unsafe.park(Native Method)&#10;        at java.base@21.0.8/java.util.concurrent.locks.LockSupport.parkNanos(LockSupport.java:269)&#10;        at java.base@21.0.8/java.util.concurrent.locks.AbstractQueuedSynchronizer$ConditionObject.awaitNanos(AbstractQueuedSynchronizer.java:1763)&#10;        at java.base@21.0.8/java.util.concurrent.LinkedBlockingQueue.poll(LinkedBlockingQueue.java:460)&#10;        at app//org.apache.hadoop.ipc.CallQueueManager.take(CallQueueManager.java:370)&#10;        at app//org.apache.hadoop.ipc.Server$Handler.run(Server.java:3165)&#10;&quot;IPC Server handler 64 on default port 15001&quot; daemon prio=5 tid=622 timed_waiting&#10;java.lang.Thread.State: TIMED_WAITING&#10;        at java.base@21.0.8/jdk.internal.misc.Unsafe.park(Native Method)&#10;        at java.base@21.0.8/java.util.concurrent.locks.LockSupport.parkNanos(LockSupport.java:269)&#10;        at java.base@21.0.8/java.util.concurrent.locks.AbstractQueuedSynchronizer$ConditionObject.awaitNanos(AbstractQueuedSynchronizer.java:1763)&#10;        at java.base@21.0.8/java.util.concurrent.LinkedBlockingQueue.poll(LinkedBlockingQueue.java:460)&#10;        at app//org.apache.hadoop.ipc.CallQueueManager.take(CallQueueManager.java:370)&#10;        at app//org.apache.hadoop.ipc.Server$Handler.run(Server.java:3165)&#10;&quot;IPC Server handler 82 on default port 15004&quot; daemon prio=5 tid=420 timed_waiting&#10;java.lang.Thread.State: TIMED_WAITING&#10;        at java.base@21.0.8/jdk.internal.misc.Unsafe.park(Native Method)&#10;        at java.base@21.0.8/java.util.concurrent.locks.LockSupport.parkNanos(LockSupport.java:269)&#10;        at java.base@21.0.8/java.util.concurrent.locks.AbstractQueuedSynchronizer$ConditionObject.awaitNanos(AbstractQueuedSynchronizer.java:1763)&#10;        at java.base@21.0.8/java.util.concurrent.LinkedBlockingQueue.poll(LinkedBlockingQueue.java:460)&#10;        at app//org.apache.hadoop.ipc.CallQueueManager.take(CallQueueManager.java:370)&#10;        at app//org.apache.hadoop.ipc.Server$Handler.run(Server.java:3165)&#10;&quot;StaleRecoveringContainerScrubbingService#0&quot; daemon prio=5 tid=1000 timed_waiting&#10;java.lang.Thread.State: TIMED_WAITING&#10;        at java.base@21.0.8/jdk.internal.misc.Unsafe.park(Native Method)&#10;        at java.base@21.0.8/java.util.concurrent.locks.LockSupport.parkNanos(LockSupport.java:269)&#10;        at java.base@21.0.8/java.util.concurrent.locks.AbstractQueuedSynchronizer$ConditionObject.awaitNanos(AbstractQueuedSynchronizer.java:1763)&#10;        at java.base@21.0.8/java.util.concurrent.ScheduledThreadPoolExecutor$DelayedWorkQueue.take(ScheduledThreadPoolExecutor.java:1182)&#10;        at java.base@21.0.8/java.util.concurrent.ScheduledThreadPoolExecutor$DelayedWorkQueue.take(ScheduledThreadPoolExecutor.java:899)&#10;        at java.base@21.0.8/java.util.concurrent.ThreadPoolExecutor.getTask(ThreadPoolExecutor.java:1070)&#10;        at java.base@21.0.8/java.util.concurrent.ThreadPoolExecutor.runWorker(ThreadPoolExecutor.java:1130)&#10;        at java.base@21.0.8/java.util.concurrent.ThreadPoolExecutor$Worker.run(ThreadPoolExecutor.java:642)&#10;        at java.base@21.0.8/java.lang.Thread.runWith(Thread.java:1596)&#10;        at java.base@21.0.8/java.lang.Thread.run(Thread.java:1583)&#10;&quot;qtp1181622455-551&quot; daemon prio=5 tid=551 timed_waiting&#10;java.lang.Thread.State: TIMED_WAITING&#10;        at java.base@21.0.8/jdk.internal.misc.Unsafe.park(Native Method)&#10;        at java.base@21.0.8/java.util.concurrent.locks.LockSupport.parkNanos(LockSupport.java:269)&#10;        at java.base@21.0.8/java.util.concurrent.locks.AbstractQueuedSynchronizer$ConditionObject.awaitNanos(AbstractQueuedSynchronizer.java:1763)&#10;        at app//org.eclipse.jetty.util.BlockingArrayQueue.poll(BlockingArrayQueue.java:382)&#10;        at app//org.eclipse.jetty.util.thread.QueuedThreadPool$Runner.idleJobPoll(QueuedThreadPool.java:974)&#10;        at app//org.eclipse.jetty.util.thread.QueuedThreadPool$Runner.run(QueuedThreadPool.java:1018)&#10;        at java.base@21.0.8/java.lang.Thread.runWith(Thread.java:1596)&#10;        at java.base@21.0.8/java.lang.Thread.run(Thread.java:1583)&#10;&quot;qtp1213220498-771&quot; daemon prio=5 tid=771 timed_waiting&#10;java.lang.Thread.State: TIMED_WAITING&#10;        at java.base@21.0.8/jdk.internal.misc.Unsafe.park(Native Method)&#10;        at java.base@21.0.8/java.util.concurrent.locks.LockSupport.parkNanos(LockSupport.java:269)&#10;        at java.base@21.0.8/java.util.concurrent.locks.AbstractQueuedSynchronizer$ConditionObject.awaitNanos(AbstractQueuedSynchronizer.java:1763)&#10;        at app//org.eclipse.jetty.util.BlockingArrayQueue.poll(BlockingArrayQueue.java:382)&#10;        at app//org.eclipse.jetty.util.thread.QueuedThreadPool$Runner.idleJobPoll(QueuedThreadPool.java:974)&#10;        at app//org.eclipse.jetty.util.thread.QueuedThreadPool$Runner.run(QueuedThreadPool.java:1018)&#10;        at java.base@21.0.8/java.lang.Thread.runWith(Thread.java:1596)&#10;        at java.base@21.0.8/java.lang.Thread.run(Thread.java:1583)&#10;&#10;" type="java.util.concurrent.TimeoutException"><![CDATA[java.util.concurrent.TimeoutException: 
Timed out waiting for condition. Thread diagnostics:
Timestamp: 2025-10-07 08:52:52,773

"IPC Client (962379034) connection to 0.0.0.0/0.0.0.0:15002 from runner" daemon prio=5 tid=1242 timed_waiting
java.lang.Thread.State: TIMED_WAITING
        at java.base@21.0.8/java.lang.Object.wait0(Native Method)
        at java.base@21.0.8/java.lang.Object.wait(Object.java:366)
        at app//org.apache.hadoop.ipc.Client$Connection.waitForWork(Client.java:1042)
        at app//org.apache.hadoop.ipc.Client$Connection.run(Client.java:1093)
"SSL Certificates Store Monitor" daemon prio=5 tid=1371 in Object.wait()
java.lang.Thread.State: WAITING (on object monitor)
        at java.base@21.0.8/java.lang.Object.wait0(Native Method)
        at java.base@21.0.8/java.lang.Object.wait(Object.java:366)
        at java.base@21.0.8/java.lang.Object.wait(Object.java:339)
        at java.base@21.0.8/java.util.TimerThread.mainLoop(Timer.java:537)
        at java.base@21.0.8/java.util.TimerThread.run(Timer.java:516)
"7d2db622-5327-4122-ba03-be97b5575303-BlockDeletingService#1" daemon prio=5 tid=977 in Object.wait()
java.lang.Thread.State: WAITING (on object monitor)
        at java.base@21.0.8/jdk.internal.misc.Unsafe.park(Native Method)
        at java.base@21.0.8/java.util.concurrent.locks.LockSupport.park(LockSupport.java:371)
        at java.base@21.0.8/java.util.concurrent.locks.AbstractQueuedSynchronizer$ConditionNode.block(AbstractQueuedSynchronizer.java:519)
        at java.base@21.0.8/java.util.concurrent.ForkJoinPool.unmanagedBlock(ForkJoinPool.java:3780)
        at java.base@21.0.8/java.util.concurrent.ForkJoinPool.managedBlock(ForkJoinPool.java:3725)
        at java.base@21.0.8/java.util.concurrent.locks.AbstractQueuedSynchronizer$ConditionObject.await(AbstractQueuedSynchronizer.java:1712)
        at java.base@21.0.8/java.util.concurrent.ScheduledThreadPoolExecutor$DelayedWorkQueue.take(ScheduledThreadPoolExecutor.java:1177)
        at java.base@21.0.8/java.util.concurrent.ScheduledThreadPoolExecutor$DelayedWorkQueue.take(ScheduledThreadPoolExecutor.java:899)
        at java.base@21.0.8/java.util.concurrent.ThreadPoolExecutor.getTask(ThreadPoolExecutor.java:1070)
        at java.base@21.0.8/java.util.concurrent.ThreadPoolExecutor.runWorker(ThreadPoolExecutor.java:1130)
        at java.base@21.0.8/java.util.concurrent.ThreadPoolExecutor$Worker.run(ThreadPoolExecutor.java:642)
        at java.base@21.0.8/java.lang.Thread.runWith(Thread.java:1596)
        at java.base@21.0.8/java.lang.Thread.run(Thread.java:1583)
"IPC Server handler 89 on default port 15002" daemon prio=5 tid=209 timed_waiting
java.lang.Thread.State: TIMED_WAITING
        at java.base@21.0.8/jdk.internal.misc.Unsafe.park(Native Method)
        at java.base@21.0.8/java.util.concurrent.locks.LockSupport.parkNanos(LockSupport.java:269)
        at java.base@21.0.8/java.util.concurrent.locks.AbstractQueuedSynchronizer$ConditionObject.awaitNanos(AbstractQueuedSynchronizer.java:1763)
        at java.base@21.0.8/java.util.concurrent.LinkedBlockingQueue.poll(LinkedBlockingQueue.java:460)
        at app//org.apache.hadoop.ipc.CallQueueManager.take(CallQueueManager.java:370)
        at app//org.apache.hadoop.ipc.Server$Handler.run(Server.java:3165)
"IPC Server handler 15 on default port 15008" daemon prio=5 tid=507 timed_waiting
java.lang.Thread.State: TIMED_WAITING
        at java.base@21.0.8/jdk.internal.misc.Unsafe.park(Native Method)
        at java.base@21.0.8/java.util.concurrent.locks.LockSupport.parkNanos(LockSupport.java:269)
        at java.base@21.0.8/java.util.concurrent.locks.AbstractQueuedSynchronizer$ConditionObject.awaitNanos(AbstractQueuedSynchronizer.java:1763)
        at java.base@21.0.8/java.util.concurrent.LinkedBlockingQueue.poll(LinkedBlockingQueue.java:460)
        at app//org.apache.hadoop.ipc.CallQueueManager.take(CallQueueManager.java:370)
        at app//org.apache.hadoop.ipc.Server$Handler.run(Server.java:3165)
"fc0351b7-0c71-4a2a-a0ca-337e5c0b1c14-DatanodeReportManager-1" daemon prio=5 tid=876 in Object.wait()
java.lang.Thread.State: WAITING (on object monitor)
        at java.base@21.0.8/jdk.internal.misc.Unsafe.park(Native Method)
        at java.base@21.0.8/java.util.concurrent.locks.LockSupport.park(LockSupport.java:371)
        at java.base@21.0.8/java.util.concurrent.locks.AbstractQueuedSynchronizer$ConditionNode.block(AbstractQueuedSynchronizer.java:519)
        at java.base@21.0.8/java.util.concurrent.ForkJoinPool.unmanagedBlock(ForkJoinPool.java:3780)
        at java.base@21.0.8/java.util.concurrent.ForkJoinPool.managedBlock(ForkJoinPool.java:3725)
        at java.base@21.0.8/java.util.concurrent.locks.AbstractQueuedSynchronizer$ConditionObject.await(AbstractQueuedSynchronizer.java:1712)
        at java.base@21.0.8/java.util.concurrent.ScheduledThreadPoolExecutor$DelayedWorkQueue.take(ScheduledThreadPoolExecutor.java:1177)
        at java.base@21.0.8/java.util.concurrent.ScheduledThreadPoolExecutor$DelayedWorkQueue.take(ScheduledThreadPoolExecutor.java:899)
        at java.base@21.0.8/java.util.concurrent.ThreadPoolExecutor.getTask(ThreadPoolExecutor.java:1070)
        at java.base@21.0.8/java.util.concurrent.ThreadPoolExecutor.runWorker(ThreadPoolExecutor.java:1130)
        at java.base@21.0.8/java.util.concurrent.ThreadPoolExecutor$Worker.run(ThreadPoolExecutor.java:642)
        at java.base@21.0.8/java.lang.Thread.runWith(Thread.java:1596)
        at java.base@21.0.8/java.lang.Thread.run(Thread.java:1583)
"IPC Server handler 42 on default port 15004" daemon prio=5 tid=380 timed_waiting
java.lang.Thread.State: TIMED_WAITING
        at java.base@21.0.8/jdk.internal.misc.Unsafe.park(Native Method)
        at java.base@21.0.8/java.util.concurrent.locks.LockSupport.parkNanos(LockSupport.java:269)
        at java.base@21.0.8/java.util.concurrent.locks.AbstractQueuedSynchronizer$ConditionObject.awaitNanos(AbstractQueuedSynchronizer.java:1763)
        at java.base@21.0.8/java.util.concurrent.LinkedBlockingQueue.poll(LinkedBlockingQueue.java:460)
        at app//org.apache.hadoop.ipc.CallQueueManager.take(CallQueueManager.java:370)
        at app//org.apache.hadoop.ipc.Server$Handler.run(Server.java:3165)
"IPC Server handler 48 on default port 15001" daemon prio=5 tid=606 timed_waiting
java.lang.Thread.State: TIMED_WAITING
        at java.base@21.0.8/jdk.internal.misc.Unsafe.park(Native Method)
        at java.base@21.0.8/java.util.concurrent.locks.LockSupport.parkNanos(LockSupport.java:269)
        at java.base@21.0.8/java.util.concurrent.locks.AbstractQueuedSynchronizer$ConditionObject.awaitNanos(AbstractQueuedSynchronizer.java:1763)
        at java.base@21.0.8/java.util.concurrent.LinkedBlockingQueue.poll(LinkedBlockingQueue.java:460)
        at app//org.apache.hadoop.ipc.CallQueueManager.take(CallQueueManager.java:370)
        at app//org.apache.hadoop.ipc.Server$Handler.run(Server.java:3165)
"IPC Server handler 87 on default port 15002" daemon prio=5 tid=207 timed_waiting
java.lang.Thread.State: TIMED_WAITING
        at java.base@21.0.8/jdk.internal.misc.Unsafe.park(Native Method)
        at java.base@21.0.8/java.util.concurrent.locks.LockSupport.parkNanos(LockSupport.java:269)
        at java.base@21.0.8/java.util.concurrent.locks.AbstractQueuedSynchronizer$ConditionObject.awaitNanos(AbstractQueuedSynchronizer.java:1763)
        at java.base@21.0.8/java.util.concurrent.LinkedBlockingQueue.poll(LinkedBlockingQueue.java:460)
        at app//org.apache.hadoop.ipc.CallQueueManager.take(CallQueueManager.java:370)
        at app//org.apache.hadoop.ipc.Server$Handler.run(Server.java:3165)
"IPC Server handler 16 on default port 15001" daemon prio=5 tid=574 timed_waiting
java.lang.Thread.State: TIMED_WAITING
        at java.base@21.0.8/jdk.internal.misc.Unsafe.park(Native Method)
        at java.base@21.0.8/java.util.concurrent.locks.LockSupport.parkNanos(LockSupport.java:269)
        at java.base@21.0.8/java.util.concurrent.locks.AbstractQueuedSynchronizer$ConditionObject.awaitNanos(AbstractQueuedSynchronizer.java:1763)
        at java.base@21.0.8/java.util.concurrent.LinkedBlockingQueue.poll(LinkedBlockingQueue.java:460)
        at app//org.apache.hadoop.ipc.CallQueueManager.take(CallQueueManager.java:370)
        at app//org.apache.hadoop.ipc.Server$Handler.run(Server.java:3165)
"Recon-EventQueue-StaleNodeForReconStaleNodeHandler" daemon prio=5 tid=1288 in Object.wait()
java.lang.Thread.State: WAITING (on object monitor)
        at java.base@21.0.8/jdk.internal.misc.Unsafe.park(Native Method)
        at java.base@21.0.8/java.util.concurrent.locks.LockSupport.park(LockSupport.java:371)
        at java.base@21.0.8/java.util.concurrent.locks.AbstractQueuedSynchronizer$ConditionNode.block(AbstractQueuedSynchronizer.java:519)
        at java.base@21.0.8/java.util.concurrent.ForkJoinPool.unmanagedBlock(ForkJoinPool.java:3780)
        at java.base@21.0.8/java.util.concurrent.ForkJoinPool.managedBlock(ForkJoinPool.java:3725)
        at java.base@21.0.8/java.util.concurrent.locks.AbstractQueuedSynchronizer$ConditionObject.await(AbstractQueuedSynchronizer.java:1712)
        at java.base@21.0.8/java.util.concurrent.LinkedBlockingQueue.take(LinkedBlockingQueue.java:435)
        at java.base@21.0.8/java.util.concurrent.ThreadPoolExecutor.getTask(ThreadPoolExecutor.java:1070)
        at java.base@21.0.8/java.util.concurrent.ThreadPoolExecutor.runWorker(ThreadPoolExecutor.java:1130)
        at java.base@21.0.8/java.util.concurrent.ThreadPoolExecutor$Worker.run(ThreadPoolExecutor.java:642)
        at java.base@21.0.8/java.lang.Thread.runWith(Thread.java:1596)
        at java.base@21.0.8/java.lang.Thread.run(Thread.java:1583)
"74afb32b-8e70-4799-b16c-dc9602d9dbb6-ChunkWriter-0-0" daemon prio=5 tid=1019 in Object.wait()
java.lang.Thread.State: WAITING (on object monitor)
        at java.base@21.0.8/jdk.internal.misc.Unsafe.park(Native Method)
        at java.base@21.0.8/java.util.concurrent.locks.LockSupport.park(LockSupport.java:371)
        at java.base@21.0.8/java.util.concurrent.locks.AbstractQueuedSynchronizer$ConditionNode.block(AbstractQueuedSynchronizer.java:519)
        at java.base@21.0.8/java.util.concurrent.ForkJoinPool.unmanagedBlock(ForkJoinPool.java:3780)
        at java.base@21.0.8/java.util.concurrent.ForkJoinPool.managedBlock(ForkJoinPool.java:3725)
        at java.base@21.0.8/java.util.concurrent.locks.AbstractQueuedSynchronizer$ConditionObject.await(AbstractQueuedSynchronizer.java:1712)
        at java.base@21.0.8/java.util.concurrent.LinkedBlockingDeque.takeFirst(LinkedBlockingDeque.java:485)
        at java.base@21.0.8/java.util.concurrent.LinkedBlockingDeque.take(LinkedBlockingDeque.java:673)
        at java.base@21.0.8/java.util.concurrent.ThreadPoolExecutor.getTask(ThreadPoolExecutor.java:1070)
        at java.base@21.0.8/java.util.concurrent.ThreadPoolExecutor.runWorker(ThreadPoolExecutor.java:1130)
        at java.base@21.0.8/java.util.concurrent.ThreadPoolExecutor$Worker.run(ThreadPoolExecutor.java:642)
        at java.base@21.0.8/java.lang.Thread.runWith(Thread.java:1596)
        at java.base@21.0.8/java.lang.Thread.run(Thread.java:1583)
"IPC Server handler 46 on default port 15001" daemon prio=5 tid=604 timed_waiting
java.lang.Thread.State: TIMED_WAITING
        at java.base@21.0.8/jdk.internal.misc.Unsafe.park(Native Method)
        at java.base@21.0.8/java.util.concurrent.locks.LockSupport.parkNanos(LockSupport.java:269)
        at java.base@21.0.8/java.util.concurrent.locks.AbstractQueuedSynchronizer$ConditionObject.awaitNanos(AbstractQueuedSynchronizer.java:1763)
        at java.base@21.0.8/java.util.concurrent.LinkedBlockingQueue.poll(LinkedBlockingQueue.java:460)
        at app//org.apache.hadoop.ipc.CallQueueManager.take(CallQueueManager.java:370)
        at app//org.apache.hadoop.ipc.Server$Handler.run(Server.java:3165)
"SSL Certificates Store Monitor" daemon prio=5 tid=1376 in Object.wait()
java.lang.Thread.State: WAITING (on object monitor)
        at java.base@21.0.8/java.lang.Object.wait0(Native Method)
        at java.base@21.0.8/java.lang.Object.wait(Object.java:366)
        at java.base@21.0.8/java.lang.Object.wait(Object.java:339)
        at java.base@21.0.8/java.util.TimerThread.mainLoop(Timer.java:537)
        at java.base@21.0.8/java.util.TimerThread.run(Timer.java:516)
"StaleRecoveringContainerScrubbingService#1" daemon prio=5 tid=1002 in Object.wait()
java.lang.Thread.State: WAITING (on object monitor)
        at java.base@21.0.8/jdk.internal.misc.Unsafe.park(Native Method)
        at java.base@21.0.8/java.util.concurrent.locks.LockSupport.park(LockSupport.java:371)
        at java.base@21.0.8/java.util.concurrent.locks.AbstractQueuedSynchronizer$ConditionNode.block(AbstractQueuedSynchronizer.java:519)
        at java.base@21.0.8/java.util.concurrent.ForkJoinPool.unmanagedBlock(ForkJoinPool.java:3780)
        at java.base@21.0.8/java.util.concurrent.ForkJoinPool.managedBlock(ForkJoinPool.java:3725)
        at java.base@21.0.8/java.util.concurrent.locks.AbstractQueuedSynchronizer$ConditionObject.await(AbstractQueuedSynchronizer.java:1712)
        at java.base@21.0.8/java.util.concurrent.ScheduledThreadPoolExecutor$DelayedWorkQueue.take(ScheduledThreadPoolExecutor.java:1177)
        at java.base@21.0.8/java.util.concurrent.ScheduledThreadPoolExecutor$DelayedWorkQueue.take(ScheduledThreadPoolExecutor.java:899)
        at java.base@21.0.8/java.util.concurrent.ThreadPoolExecutor.getTask(ThreadPoolExecutor.java:1070)
        at java.base@21.0.8/java.util.concurrent.ThreadPoolExecutor.runWorker(ThreadPoolExecutor.java:1130)
        at java.base@21.0.8/java.util.concurrent.ThreadPoolExecutor$Worker.run(ThreadPoolExecutor.java:642)
        at java.base@21.0.8/java.lang.Thread.runWith(Thread.java:1596)
        at java.base@21.0.8/java.lang.Thread.run(Thread.java:1583)
"IPC Server handler 91 on default port 15002" daemon prio=5 tid=211 timed_waiting
java.lang.Thread.State: TIMED_WAITING
        at java.base@21.0.8/jdk.internal.misc.Unsafe.park(Native Method)
        at java.base@21.0.8/java.util.concurrent.locks.LockSupport.parkNanos(LockSupport.java:269)
        at java.base@21.0.8/java.util.concurrent.locks.AbstractQueuedSynchronizer$ConditionObject.awaitNanos(AbstractQueuedSynchronizer.java:1763)
        at java.base@21.0.8/java.util.concurrent.LinkedBlockingQueue.poll(LinkedBlockingQueue.java:460)
        at app//org.apache.hadoop.ipc.CallQueueManager.take(CallQueueManager.java:370)
        at app//org.apache.hadoop.ipc.Server$Handler.run(Server.java:3165)
"IPC Server handler 28 on default port 15003" daemon prio=5 tid=248 timed_waiting
java.lang.Thread.State: TIMED_WAITING
        at java.base@21.0.8/jdk.internal.misc.Unsafe.park(Native Method)
        at java.base@21.0.8/java.util.concurrent.locks.LockSupport.parkNanos(LockSupport.java:269)
        at java.base@21.0.8/java.util.concurrent.locks.AbstractQueuedSynchronizer$ConditionObject.awaitNanos(AbstractQueuedSynchronizer.java:1763)
        at java.base@21.0.8/java.util.concurrent.LinkedBlockingQueue.poll(LinkedBlockingQueue.java:460)
        at app//org.apache.hadoop.ipc.CallQueueManager.take(CallQueueManager.java:370)
        at app//org.apache.hadoop.ipc.Server$Handler.run(Server.java:3165)
"Recon-FixedThreadPoolWithAffinityExecutor-6-0" daemon prio=5 tid=540 timed_waiting
java.lang.Thread.State: TIMED_WAITING
        at java.base@21.0.8/jdk.internal.misc.Unsafe.park(Native Method)
        at java.base@21.0.8/java.util.concurrent.locks.LockSupport.parkNanos(LockSupport.java:269)
        at java.base@21.0.8/java.util.concurrent.locks.AbstractQueuedSynchronizer$ConditionObject.awaitNanos(AbstractQueuedSynchronizer.java:1763)
        at java.base@21.0.8/java.util.concurrent.LinkedBlockingQueue.poll(LinkedBlockingQueue.java:460)
        at app//org.apache.hadoop.hdds.scm.server.ContainerReportQueue.poll(ContainerReportQueue.java:269)
        at app//org.apache.hadoop.hdds.scm.server.ContainerReportQueue.poll(ContainerReportQueue.java:42)
        at app//org.apache.hadoop.hdds.server.events.FixedThreadPoolWithAffinityExecutor$ContainerReportProcessTask.run(FixedThreadPoolWithAffinityExecutor.java:228)
        at java.base@21.0.8/java.util.concurrent.Executors$RunnableAdapter.call(Executors.java:572)
        at java.base@21.0.8/java.util.concurrent.FutureTask.run(FutureTask.java:317)
        at java.base@21.0.8/java.util.concurrent.ThreadPoolExecutor.runWorker(ThreadPoolExecutor.java:1144)
        at java.base@21.0.8/java.util.concurrent.ThreadPoolExecutor$Worker.run(ThreadPoolExecutor.java:642)
        at java.base@21.0.8/java.lang.Thread.runWith(Thread.java:1596)
        at java.base@21.0.8/java.lang.Thread.run(Thread.java:1583)
"IPC Server handler 13 on default port 15008" daemon prio=5 tid=505 timed_waiting
java.lang.Thread.State: TIMED_WAITING
        at java.base@21.0.8/jdk.internal.misc.Unsafe.park(Native Method)
        at java.base@21.0.8/java.util.concurrent.locks.LockSupport.parkNanos(LockSupport.java:269)
        at java.base@21.0.8/java.util.concurrent.locks.AbstractQueuedSynchronizer$ConditionObject.awaitNanos(AbstractQueuedSynchronizer.java:1763)
        at java.base@21.0.8/java.util.concurrent.LinkedBlockingQueue.poll(LinkedBlockingQueue.java:460)
        at app//org.apache.hadoop.ipc.CallQueueManager.take(CallQueueManager.java:370)
        at app//org.apache.hadoop.ipc.Server$Handler.run(Server.java:3165)
"7d2db622-5327-4122-ba03-be97b5575303-RocksDBCompactionThread-0"  prio=5 tid=759 timed_waiting
java.lang.Thread.State: TIMED_WAITING
        at java.base@21.0.8/jdk.internal.misc.Unsafe.park(Native Method)
        at java.base@21.0.8/java.util.concurrent.locks.LockSupport.parkNanos(LockSupport.java:269)
        at java.base@21.0.8/java.util.concurrent.locks.AbstractQueuedSynchronizer$ConditionObject.awaitNanos(AbstractQueuedSynchronizer.java:1763)
        at java.base@21.0.8/java.util.concurrent.ScheduledThreadPoolExecutor$DelayedWorkQueue.take(ScheduledThreadPoolExecutor.java:1182)
        at java.base@21.0.8/java.util.concurrent.ScheduledThreadPoolExecutor$DelayedWorkQueue.take(ScheduledThreadPoolExecutor.java:899)
        at java.base@21.0.8/java.util.concurrent.ThreadPoolExecutor.getTask(ThreadPoolExecutor.java:1070)
        at java.base@21.0.8/java.util.concurrent.ThreadPoolExecutor.runWorker(ThreadPoolExecutor.java:1130)
        at java.base@21.0.8/java.util.concurrent.ThreadPoolExecutor$Worker.run(ThreadPoolExecutor.java:642)
        at java.base@21.0.8/java.lang.Thread.runWith(Thread.java:1596)
        at java.base@21.0.8/java.lang.Thread.run(Thread.java:1583)
"org.apache.hadoop.ozone.container.common.statemachine.commandhandler.DeleteBlocksCommandHandler$DeleteCmdWorker@51d7d16f" daemon prio=5 tid=762 timed_waiting
java.lang.Thread.State: TIMED_WAITING
        at java.base@21.0.8/java.lang.Thread.sleep0(Native Method)
        at java.base@21.0.8/java.lang.Thread.sleep(Thread.java:509)
        at app//org.apache.hadoop.ozone.container.common.statemachine.commandhandler.DeleteBlocksCommandHandler$DeleteCmdWorker.run(DeleteBlocksCommandHandler.java:260)
        at java.base@21.0.8/java.lang.Thread.runWith(Thread.java:1596)
        at java.base@21.0.8/java.lang.Thread.run(Thread.java:1583)
"EventQueue-PipelineReportForPipelineReportHandler" daemon prio=5 tid=963 in Object.wait()
java.lang.Thread.State: WAITING (on object monitor)
        at java.base@21.0.8/jdk.internal.misc.Unsafe.park(Native Method)
        at java.base@21.0.8/java.util.concurrent.locks.LockSupport.park(LockSupport.java:371)
        at java.base@21.0.8/java.util.concurrent.locks.AbstractQueuedSynchronizer$ConditionNode.block(AbstractQueuedSynchronizer.java:519)
        at java.base@21.0.8/java.util.concurrent.ForkJoinPool.unmanagedBlock(ForkJoinPool.java:3780)
        at java.base@21.0.8/java.util.concurrent.ForkJoinPool.managedBlock(ForkJoinPool.java:3725)
        at java.base@21.0.8/java.util.concurrent.locks.AbstractQueuedSynchronizer$ConditionObject.await(AbstractQueuedSynchronizer.java:1712)
        at java.base@21.0.8/java.util.concurrent.LinkedBlockingQueue.take(LinkedBlockingQueue.java:435)
        at java.base@21.0.8/java.util.concurrent.ThreadPoolExecutor.getTask(ThreadPoolExecutor.java:1070)
        at java.base@21.0.8/java.util.concurrent.ThreadPoolExecutor.runWorker(ThreadPoolExecutor.java:1130)
        at java.base@21.0.8/java.util.concurrent.ThreadPoolExecutor$Worker.run(ThreadPoolExecutor.java:642)
        at java.base@21.0.8/java.lang.Thread.runWith(Thread.java:1596)
        at java.base@21.0.8/java.lang.Thread.run(Thread.java:1583)
"7d2db622-5327-4122-ba03-be97b5575303-ChunkWriter-2-0" daemon prio=5 tid=971 in Object.wait()
java.lang.Thread.State: WAITING (on object monitor)
        at java.base@21.0.8/jdk.internal.misc.Unsafe.park(Native Method)
        at java.base@21.0.8/java.util.concurrent.locks.LockSupport.park(LockSupport.java:371)
        at java.base@21.0.8/java.util.concurrent.locks.AbstractQueuedSynchronizer$ConditionNode.block(AbstractQueuedSynchronizer.java:519)
        at java.base@21.0.8/java.util.concurrent.ForkJoinPool.unmanagedBlock(ForkJoinPool.java:3780)
        at java.base@21.0.8/java.util.concurrent.ForkJoinPool.managedBlock(ForkJoinPool.java:3725)
        at java.base@21.0.8/java.util.concurrent.locks.AbstractQueuedSynchronizer$ConditionObject.await(AbstractQueuedSynchronizer.java:1712)
        at java.base@21.0.8/java.util.concurrent.LinkedBlockingDeque.takeFirst(LinkedBlockingDeque.java:485)
        at java.base@21.0.8/java.util.concurrent.LinkedBlockingDeque.take(LinkedBlockingDeque.java:673)
        at java.base@21.0.8/java.util.concurrent.ThreadPoolExecutor.getTask(ThreadPoolExecutor.java:1070)
        at java.base@21.0.8/java.util.concurrent.ThreadPoolExecutor.runWorker(ThreadPoolExecutor.java:1130)
        at java.base@21.0.8/java.util.concurrent.ThreadPoolExecutor$Worker.run(ThreadPoolExecutor.java:642)
        at java.base@21.0.8/java.lang.Thread.runWith(Thread.java:1596)
        at java.base@21.0.8/java.lang.Thread.run(Thread.java:1583)
"IPC Server handler 17 on default port 15003" daemon prio=5 tid=237 timed_waiting
java.lang.Thread.State: TIMED_WAITING
        at java.base@21.0.8/jdk.internal.misc.Unsafe.park(Native Method)
        at java.base@21.0.8/java.util.concurrent.locks.LockSupport.parkNanos(LockSupport.java:269)
        at java.base@21.0.8/java.util.concurrent.locks.AbstractQueuedSynchronizer$ConditionObject.awaitNanos(AbstractQueuedSynchronizer.java:1763)
        at java.base@21.0.8/java.util.concurrent.LinkedBlockingQueue.poll(LinkedBlockingQueue.java:460)
        at app//org.apache.hadoop.ipc.CallQueueManager.take(CallQueueManager.java:370)
        at app//org.apache.hadoop.ipc.Server$Handler.run(Server.java:3165)
"IPC Server handler 69 on default port 15001" daemon prio=5 tid=627 timed_waiting
java.lang.Thread.State: TIMED_WAITING
        at java.base@21.0.8/jdk.internal.misc.Unsafe.park(Native Method)
        at java.base@21.0.8/java.util.concurrent.locks.LockSupport.parkNanos(LockSupport.java:269)
        at java.base@21.0.8/java.util.concurrent.locks.AbstractQueuedSynchronizer$ConditionObject.awaitNanos(AbstractQueuedSynchronizer.java:1763)
        at java.base@21.0.8/java.util.concurrent.LinkedBlockingQueue.poll(LinkedBlockingQueue.java:460)
        at app//org.apache.hadoop.ipc.CallQueueManager.take(CallQueueManager.java:370)
        at app//org.apache.hadoop.ipc.Server$Handler.run(Server.java:3165)
"fc0351b7-0c71-4a2a-a0ca-337e5c0b1c14-CreatePipelineCommandHandlerThread-0"  prio=5 tid=1086 in Object.wait()
java.lang.Thread.State: WAITING (on object monitor)
        at java.base@21.0.8/jdk.internal.misc.Unsafe.park(Native Method)
        at java.base@21.0.8/java.util.concurrent.locks.LockSupport.park(LockSupport.java:371)
        at java.base@21.0.8/java.util.concurrent.locks.AbstractQueuedSynchronizer$ConditionNode.block(AbstractQueuedSynchronizer.java:519)
        at java.base@21.0.8/java.util.concurrent.ForkJoinPool.unmanagedBlock(ForkJoinPool.java:3780)
        at java.base@21.0.8/java.util.concurrent.ForkJoinPool.managedBlock(ForkJoinPool.java:3725)
        at java.base@21.0.8/java.util.concurrent.locks.AbstractQueuedSynchronizer$ConditionObject.await(AbstractQueuedSynchronizer.java:1712)
        at java.base@21.0.8/java.util.concurrent.LinkedBlockingQueue.take(LinkedBlockingQueue.java:435)
        at java.base@21.0.8/java.util.concurrent.ThreadPoolExecutor.getTask(ThreadPoolExecutor.java:1070)
        at java.base@21.0.8/java.util.concurrent.ThreadPoolExecutor.runWorker(ThreadPoolExecutor.java:1130)
        at java.base@21.0.8/java.util.concurrent.ThreadPoolExecutor$Worker.run(ThreadPoolExecutor.java:642)
        at java.base@21.0.8/java.lang.Thread.runWith(Thread.java:1596)
        at java.base@21.0.8/java.lang.Thread.run(Thread.java:1583)
"EventQueue-DeadNodeForDeadNodeHandler" daemon prio=5 tid=1297 in Object.wait()
java.lang.Thread.State: WAITING (on object monitor)
        at java.base@21.0.8/jdk.internal.misc.Unsafe.park(Native Method)
        at java.base@21.0.8/java.util.concurrent.locks.LockSupport.park(LockSupport.java:371)
        at java.base@21.0.8/java.util.concurrent.locks.AbstractQueuedSynchronizer$ConditionNode.block(AbstractQueuedSynchronizer.java:519)
        at java.base@21.0.8/java.util.concurrent.ForkJoinPool.unmanagedBlock(ForkJoinPool.java:3780)
        at java.base@21.0.8/java.util.concurrent.ForkJoinPool.managedBlock(ForkJoinPool.java:3725)
        at java.base@21.0.8/java.util.concurrent.locks.AbstractQueuedSynchronizer$ConditionObject.await(AbstractQueuedSynchronizer.java:1712)
        at java.base@21.0.8/java.util.concurrent.LinkedBlockingQueue.take(LinkedBlockingQueue.java:435)
        at java.base@21.0.8/java.util.concurrent.ThreadPoolExecutor.getTask(ThreadPoolExecutor.java:1070)
        at java.base@21.0.8/java.util.concurrent.ThreadPoolExecutor.runWorker(ThreadPoolExecutor.java:1130)
        at java.base@21.0.8/java.util.concurrent.ThreadPoolExecutor$Worker.run(ThreadPoolExecutor.java:642)
        at java.base@21.0.8/java.lang.Thread.runWith(Thread.java:1596)
        at java.base@21.0.8/java.lang.Thread.run(Thread.java:1583)
"IPC Server listener on 15045" daemon prio=5 tid=919 runnable
java.lang.Thread.State: RUNNABLE
        at java.base@21.0.8/sun.nio.ch.EPoll.wait(Native Method)
        at java.base@21.0.8/sun.nio.ch.EPollSelectorImpl.doSelect(EPollSelectorImpl.java:121)
        at java.base@21.0.8/sun.nio.ch.SelectorImpl.lockAndDoSelect(SelectorImpl.java:130)
        at java.base@21.0.8/sun.nio.ch.SelectorImpl.select(SelectorImpl.java:147)
        at app//org.apache.hadoop.ipc.Server$Listener.run(Server.java:1559)
"IPC Server handler 51 on default port 15002" daemon prio=5 tid=171 timed_waiting
java.lang.Thread.State: TIMED_WAITING
        at java.base@21.0.8/jdk.internal.misc.Unsafe.park(Native Method)
        at java.base@21.0.8/java.util.concurrent.locks.LockSupport.parkNanos(LockSupport.java:269)
        at java.base@21.0.8/java.util.concurrent.locks.AbstractQueuedSynchronizer$ConditionObject.awaitNanos(AbstractQueuedSynchronizer.java:1763)
        at java.base@21.0.8/java.util.concurrent.LinkedBlockingQueue.poll(LinkedBlockingQueue.java:460)
        at app//org.apache.hadoop.ipc.CallQueueManager.take(CallQueueManager.java:370)
        at app//org.apache.hadoop.ipc.Server$Handler.run(Server.java:3165)
"SSL Certificates Store Monitor" daemon prio=5 tid=1368 in Object.wait()
java.lang.Thread.State: WAITING (on object monitor)
        at java.base@21.0.8/java.lang.Object.wait0(Native Method)
        at java.base@21.0.8/java.lang.Object.wait(Object.java:366)
        at java.base@21.0.8/java.lang.Object.wait(Object.java:339)
        at java.base@21.0.8/java.util.TimerThread.mainLoop(Timer.java:537)
        at java.base@21.0.8/java.util.TimerThread.run(Timer.java:516)
"Recon-EventQueue-CloseContainerForCloseContainerEventHandler" daemon prio=5 tid=1289 in Object.wait()
java.lang.Thread.State: WAITING (on object monitor)
        at java.base@21.0.8/jdk.internal.misc.Unsafe.park(Native Method)
        at java.base@21.0.8/java.util.concurrent.locks.LockSupport.park(LockSupport.java:371)
        at java.base@21.0.8/java.util.concurrent.locks.AbstractQueuedSynchronizer$ConditionNode.block(AbstractQueuedSynchronizer.java:519)
        at java.base@21.0.8/java.util.concurrent.ForkJoinPool.unmanagedBlock(ForkJoinPool.java:3780)
        at java.base@21.0.8/java.util.concurrent.ForkJoinPool.managedBlock(ForkJoinPool.java:3725)
        at java.base@21.0.8/java.util.concurrent.locks.AbstractQueuedSynchronizer$ConditionObject.await(AbstractQueuedSynchronizer.java:1712)
        at java.base@21.0.8/java.util.concurrent.LinkedBlockingQueue.take(LinkedBlockingQueue.java:435)
        at java.base@21.0.8/java.util.concurrent.ThreadPoolExecutor.getTask(ThreadPoolExecutor.java:1070)
        at java.base@21.0.8/java.util.concurrent.ThreadPoolExecutor.runWorker(ThreadPoolExecutor.java:1130)
        at java.base@21.0.8/java.util.concurrent.ThreadPoolExecutor$Worker.run(ThreadPoolExecutor.java:642)
        at java.base@21.0.8/java.lang.Thread.runWith(Thread.java:1596)
        at java.base@21.0.8/java.lang.Thread.run(Thread.java:1583)
"74afb32b-8e70-4799-b16c-dc9602d9dbb6-DataNodeDiskCheckerThread-0" daemon prio=5 tid=1011 timed_waiting
java.lang.Thread.State: TIMED_WAITING
        at java.base@21.0.8/jdk.internal.misc.Unsafe.park(Native Method)
        at java.base@21.0.8/java.util.concurrent.locks.LockSupport.parkNanos(LockSupport.java:410)
        at java.base@21.0.8/java.util.concurrent.LinkedTransferQueue$DualNode.await(LinkedTransferQueue.java:452)
        at java.base@21.0.8/java.util.concurrent.SynchronousQueue$Transferer.xferLifo(SynchronousQueue.java:194)
        at java.base@21.0.8/java.util.concurrent.SynchronousQueue.xfer(SynchronousQueue.java:235)
        at java.base@21.0.8/java.util.concurrent.SynchronousQueue.poll(SynchronousQueue.java:338)
        at java.base@21.0.8/java.util.concurrent.ThreadPoolExecutor.getTask(ThreadPoolExecutor.java:1069)
        at java.base@21.0.8/java.util.concurrent.ThreadPoolExecutor.runWorker(ThreadPoolExecutor.java:1130)
        at java.base@21.0.8/java.util.concurrent.ThreadPoolExecutor$Worker.run(ThreadPoolExecutor.java:642)
        at java.base@21.0.8/java.lang.Thread.runWith(Thread.java:1596)
        at java.base@21.0.8/java.lang.Thread.run(Thread.java:1583)
"IPC Server handler 47 on default port 15001" daemon prio=5 tid=605 timed_waiting
java.lang.Thread.State: TIMED_WAITING
        at java.base@21.0.8/jdk.internal.misc.Unsafe.park(Native Method)
        at java.base@21.0.8/java.util.concurrent.locks.LockSupport.parkNanos(LockSupport.java:269)
        at java.base@21.0.8/java.util.concurrent.locks.AbstractQueuedSynchronizer$ConditionObject.awaitNanos(AbstractQueuedSynchronizer.java:1763)
        at java.base@21.0.8/java.util.concurrent.LinkedBlockingQueue.poll(LinkedBlockingQueue.java:460)
        at app//org.apache.hadoop.ipc.CallQueueManager.take(CallQueueManager.java:370)
        at app//org.apache.hadoop.ipc.Server$Handler.run(Server.java:3165)
"Connector-Scheduler-3b1a041c-1"  prio=5 tid=1152 timed_waiting
java.lang.Thread.State: TIMED_WAITING
        at java.base@21.0.8/jdk.internal.misc.Unsafe.park(Native Method)
        at java.base@21.0.8/java.util.concurrent.locks.LockSupport.parkNanos(LockSupport.java:269)
        at java.base@21.0.8/java.util.concurrent.locks.AbstractQueuedSynchronizer$ConditionObject.awaitNanos(AbstractQueuedSynchronizer.java:1763)
        at java.base@21.0.8/java.util.concurrent.ScheduledThreadPoolExecutor$DelayedWorkQueue.take(ScheduledThreadPoolExecutor.java:1182)
        at java.base@21.0.8/java.util.concurrent.ScheduledThreadPoolExecutor$DelayedWorkQueue.take(ScheduledThreadPoolExecutor.java:899)
        at java.base@21.0.8/java.util.concurrent.ThreadPoolExecutor.getTask(ThreadPoolExecutor.java:1070)
        at java.base@21.0.8/java.util.concurrent.ThreadPoolExecutor.runWorker(ThreadPoolExecutor.java:1130)
        at java.base@21.0.8/java.util.concurrent.ThreadPoolExecutor$Worker.run(ThreadPoolExecutor.java:642)
        at java.base@21.0.8/java.lang.Thread.runWith(Thread.java:1596)
        at java.base@21.0.8/java.lang.Thread.run(Thread.java:1583)
"IPC Server handler 94 on default port 15001" daemon prio=5 tid=652 timed_waiting
java.lang.Thread.State: TIMED_WAITING
        at java.base@21.0.8/jdk.internal.misc.Unsafe.park(Native Method)
        at java.base@21.0.8/java.util.concurrent.locks.LockSupport.parkNanos(LockSupport.java:269)
        at java.base@21.0.8/java.util.concurrent.locks.AbstractQueuedSynchronizer$ConditionObject.awaitNanos(AbstractQueuedSynchronizer.java:1763)
        at java.base@21.0.8/java.util.concurrent.LinkedBlockingQueue.poll(LinkedBlockingQueue.java:460)
        at app//org.apache.hadoop.ipc.CallQueueManager.take(CallQueueManager.java:370)
        at app//org.apache.hadoop.ipc.Server$Handler.run(Server.java:3165)
"IPC Server handler 37 on default port 15004" daemon prio=5 tid=375 timed_waiting
java.lang.Thread.State: TIMED_WAITING
        at java.base@21.0.8/jdk.internal.misc.Unsafe.park(Native Method)
        at java.base@21.0.8/java.util.concurrent.locks.LockSupport.parkNanos(LockSupport.java:269)
        at java.base@21.0.8/java.util.concurrent.locks.AbstractQueuedSynchronizer$ConditionObject.awaitNanos(AbstractQueuedSynchronizer.java:1763)
        at java.base@21.0.8/java.util.concurrent.LinkedBlockingQueue.poll(LinkedBlockingQueue.java:460)
        at app//org.apache.hadoop.ipc.CallQueueManager.take(CallQueueManager.java:370)
        at app//org.apache.hadoop.ipc.Server$Handler.run(Server.java:3165)
"IPC Server handler 14 on default port 15004" daemon prio=5 tid=352 timed_waiting
java.lang.Thread.State: TIMED_WAITING
        at java.base@21.0.8/jdk.internal.misc.Unsafe.park(Native Method)
        at java.base@21.0.8/java.util.concurrent.locks.LockSupport.parkNanos(LockSupport.java:269)
        at java.base@21.0.8/java.util.concurrent.locks.AbstractQueuedSynchronizer$ConditionObject.awaitNanos(AbstractQueuedSynchronizer.java:1763)
        at java.base@21.0.8/java.util.concurrent.LinkedBlockingQueue.poll(LinkedBlockingQueue.java:460)
        at app//org.apache.hadoop.ipc.CallQueueManager.take(CallQueueManager.java:370)
        at app//org.apache.hadoop.ipc.Server$Handler.run(Server.java:3165)
"om1-KeyDeletingService#4" daemon prio=5 tid=1364 in Object.wait()
java.lang.Thread.State: WAITING (on object monitor)
        at java.base@21.0.8/jdk.internal.misc.Unsafe.park(Native Method)
        at java.base@21.0.8/java.util.concurrent.locks.LockSupport.park(LockSupport.java:371)
        at java.base@21.0.8/java.util.concurrent.locks.AbstractQueuedSynchronizer$ConditionNode.block(AbstractQueuedSynchronizer.java:519)
        at java.base@21.0.8/java.util.concurrent.ForkJoinPool.unmanagedBlock(ForkJoinPool.java:3780)
        at java.base@21.0.8/java.util.concurrent.ForkJoinPool.managedBlock(ForkJoinPool.java:3725)
        at java.base@21.0.8/java.util.concurrent.locks.AbstractQueuedSynchronizer$ConditionObject.await(AbstractQueuedSynchronizer.java:1712)
        at java.base@21.0.8/java.util.concurrent.ScheduledThreadPoolExecutor$DelayedWorkQueue.take(ScheduledThreadPoolExecutor.java:1177)
        at java.base@21.0.8/java.util.concurrent.ScheduledThreadPoolExecutor$DelayedWorkQueue.take(ScheduledThreadPoolExecutor.java:899)
        at java.base@21.0.8/java.util.concurrent.ThreadPoolExecutor.getTask(ThreadPoolExecutor.java:1070)
        at java.base@21.0.8/java.util.concurrent.ThreadPoolExecutor.runWorker(ThreadPoolExecutor.java:1130)
        at java.base@21.0.8/java.util.concurrent.ThreadPoolExecutor$Worker.run(ThreadPoolExecutor.java:642)
        at java.base@21.0.8/java.lang.Thread.runWith(Thread.java:1596)
        at java.base@21.0.8/java.lang.Thread.run(Thread.java:1583)
"fc0351b7-0c71-4a2a-a0ca-337e5c0b1c14-ChunkWriter-0-0" daemon prio=5 tid=992 in Object.wait()
java.lang.Thread.State: WAITING (on object monitor)
        at java.base@21.0.8/jdk.internal.misc.Unsafe.park(Native Method)
        at java.base@21.0.8/java.util.concurrent.locks.LockSupport.park(LockSupport.java:371)
        at java.base@21.0.8/java.util.concurrent.locks.AbstractQueuedSynchronizer$ConditionNode.block(AbstractQueuedSynchronizer.java:519)
        at java.base@21.0.8/java.util.concurrent.ForkJoinPool.unmanagedBlock(ForkJoinPool.java:3780)
        at java.base@21.0.8/java.util.concurrent.ForkJoinPool.managedBlock(ForkJoinPool.java:3725)
        at java.base@21.0.8/java.util.concurrent.locks.AbstractQueuedSynchronizer$ConditionObject.await(AbstractQueuedSynchronizer.java:1712)
        at java.base@21.0.8/java.util.concurrent.LinkedBlockingDeque.takeFirst(LinkedBlockingDeque.java:485)
        at java.base@21.0.8/java.util.concurrent.LinkedBlockingDeque.take(LinkedBlockingDeque.java:673)
        at java.base@21.0.8/java.util.concurrent.ThreadPoolExecutor.getTask(ThreadPoolExecutor.java:1070)
        at java.base@21.0.8/java.util.concurrent.ThreadPoolExecutor.runWorker(ThreadPoolExecutor.java:1130)
        at java.base@21.0.8/java.util.concurrent.ThreadPoolExecutor$Worker.run(ThreadPoolExecutor.java:642)
        at java.base@21.0.8/java.lang.Thread.runWith(Thread.java:1596)
        at java.base@21.0.8/java.lang.Thread.run(Thread.java:1583)
"Finalizer" daemon prio=8 tid=10 in Object.wait()
java.lang.Thread.State: WAITING (on object monitor)
        at java.base@21.0.8/java.lang.Object.wait0(Native Method)
        at java.base@21.0.8/java.lang.Object.wait(Object.java:366)
        at java.base@21.0.8/java.lang.Object.wait(Object.java:339)
        at java.base@21.0.8/java.lang.ref.NativeReferenceQueue.await(NativeReferenceQueue.java:48)
        at java.base@21.0.8/java.lang.ref.ReferenceQueue.remove0(ReferenceQueue.java:158)
        at java.base@21.0.8/java.lang.ref.NativeReferenceQueue.remove(NativeReferenceQueue.java:89)
        at java.base@21.0.8/java.lang.ref.Finalizer$FinalizerThread.run(Finalizer.java:173)
"IPC Server handler 67 on default port 15002" daemon prio=5 tid=187 timed_waiting
java.lang.Thread.State: TIMED_WAITING
        at java.base@21.0.8/jdk.internal.misc.Unsafe.park(Native Method)
        at java.base@21.0.8/java.util.concurrent.locks.LockSupport.parkNanos(LockSupport.java:269)
        at java.base@21.0.8/java.util.concurrent.locks.AbstractQueuedSynchronizer$ConditionObject.awaitNanos(AbstractQueuedSynchronizer.java:1763)
        at java.base@21.0.8/java.util.concurrent.LinkedBlockingQueue.poll(LinkedBlockingQueue.java:460)
        at app//org.apache.hadoop.ipc.CallQueueManager.take(CallQueueManager.java:370)
        at app//org.apache.hadoop.ipc.Server$Handler.run(Server.java:3165)
"IPC Server handler 7 on default port 15008" daemon prio=5 tid=499 timed_waiting
java.lang.Thread.State: TIMED_WAITING
        at java.base@21.0.8/jdk.internal.misc.Unsafe.park(Native Method)
        at java.base@21.0.8/java.util.concurrent.locks.LockSupport.parkNanos(LockSupport.java:269)
        at java.base@21.0.8/java.util.concurrent.locks.AbstractQueuedSynchronizer$ConditionObject.awaitNanos(AbstractQueuedSynchronizer.java:1763)
        at java.base@21.0.8/java.util.concurrent.LinkedBlockingQueue.poll(LinkedBlockingQueue.java:460)
        at app//org.apache.hadoop.ipc.CallQueueManager.take(CallQueueManager.java:370)
        at app//org.apache.hadoop.ipc.Server$Handler.run(Server.java:3165)
"process reaper" daemon prio=10 tid=29 timed_waiting
java.lang.Thread.State: TIMED_WAITING
        at java.base@21.0.8/jdk.internal.misc.Unsafe.park(Native Method)
        at java.base@21.0.8/java.util.concurrent.locks.LockSupport.parkNanos(LockSupport.java:410)
        at java.base@21.0.8/java.util.concurrent.LinkedTransferQueue$DualNode.await(LinkedTransferQueue.java:452)
        at java.base@21.0.8/java.util.concurrent.SynchronousQueue$Transferer.xferLifo(SynchronousQueue.java:194)
        at java.base@21.0.8/java.util.concurrent.SynchronousQueue.xfer(SynchronousQueue.java:235)
        at java.base@21.0.8/java.util.concurrent.SynchronousQueue.poll(SynchronousQueue.java:338)
        at java.base@21.0.8/java.util.concurrent.ThreadPoolExecutor.getTask(ThreadPoolExecutor.java:1069)
        at java.base@21.0.8/java.util.concurrent.ThreadPoolExecutor.runWorker(ThreadPoolExecutor.java:1130)
        at java.base@21.0.8/java.util.concurrent.ThreadPoolExecutor$Worker.run(ThreadPoolExecutor.java:642)
        at java.base@21.0.8/java.lang.Thread.runWith(Thread.java:1596)
        at java.base@21.0.8/java.lang.Thread.run(Thread.java:1583)
        at java.base@21.0.8/jdk.internal.misc.InnocuousThread.run(InnocuousThread.java:186)
"Socket Reader #3 for port 15002" daemon prio=5 tid=92 runnable
java.lang.Thread.State: RUNNABLE
        at java.base@21.0.8/sun.nio.ch.EPoll.wait(Native Method)
        at java.base@21.0.8/sun.nio.ch.EPollSelectorImpl.doSelect(EPollSelectorImpl.java:121)
        at java.base@21.0.8/sun.nio.ch.SelectorImpl.lockAndDoSelect(SelectorImpl.java:130)
        at java.base@21.0.8/sun.nio.ch.SelectorImpl.select(SelectorImpl.java:147)
        at app//org.apache.hadoop.ipc.Server$Listener$Reader.doRunLoop(Server.java:1497)
        at app//org.apache.hadoop.ipc.Server$Listener$Reader.run(Server.java:1476)
"IPC Server handler 10 on default port 15008" daemon prio=5 tid=502 timed_waiting
java.lang.Thread.State: TIMED_WAITING
        at java.base@21.0.8/jdk.internal.misc.Unsafe.park(Native Method)
        at java.base@21.0.8/java.util.concurrent.locks.LockSupport.parkNanos(LockSupport.java:269)
        at java.base@21.0.8/java.util.concurrent.locks.AbstractQueuedSynchronizer$ConditionObject.awaitNanos(AbstractQueuedSynchronizer.java:1763)
        at java.base@21.0.8/java.util.concurrent.LinkedBlockingQueue.poll(LinkedBlockingQueue.java:460)
        at app//org.apache.hadoop.ipc.CallQueueManager.take(CallQueueManager.java:370)
        at app//org.apache.hadoop.ipc.Server$Handler.run(Server.java:3165)
"IPC Server handler 68 on default port 15004" daemon prio=5 tid=406 timed_waiting
java.lang.Thread.State: TIMED_WAITING
        at java.base@21.0.8/jdk.internal.misc.Unsafe.park(Native Method)
        at java.base@21.0.8/java.util.concurrent.locks.LockSupport.parkNanos(LockSupport.java:269)
        at java.base@21.0.8/java.util.concurrent.locks.AbstractQueuedSynchronizer$ConditionObject.awaitNanos(AbstractQueuedSynchronizer.java:1763)
        at java.base@21.0.8/java.util.concurrent.LinkedBlockingQueue.poll(LinkedBlockingQueue.java:460)
        at app//org.apache.hadoop.ipc.CallQueueManager.take(CallQueueManager.java:370)
        at app//org.apache.hadoop.ipc.Server$Handler.run(Server.java:3165)
"IPC Server listener on 15008" daemon prio=5 tid=449 runnable
java.lang.Thread.State: RUNNABLE
        at java.base@21.0.8/sun.nio.ch.EPoll.wait(Native Method)
        at java.base@21.0.8/sun.nio.ch.EPollSelectorImpl.doSelect(EPollSelectorImpl.java:121)
        at java.base@21.0.8/sun.nio.ch.SelectorImpl.lockAndDoSelect(SelectorImpl.java:130)
        at java.base@21.0.8/sun.nio.ch.SelectorImpl.select(SelectorImpl.java:147)
        at app//org.apache.hadoop.ipc.Server$Listener.run(Server.java:1559)
"qtp1181622455-549" daemon prio=5 tid=549 timed_waiting
java.lang.Thread.State: TIMED_WAITING
        at java.base@21.0.8/jdk.internal.misc.Unsafe.park(Native Method)
        at java.base@21.0.8/java.util.concurrent.locks.LockSupport.parkNanos(LockSupport.java:410)
        at java.base@21.0.8/java.util.concurrent.LinkedTransferQueue$DualNode.await(LinkedTransferQueue.java:452)
        at java.base@21.0.8/java.util.concurrent.SynchronousQueue$Transferer.xferLifo(SynchronousQueue.java:194)
        at java.base@21.0.8/java.util.concurrent.SynchronousQueue.xfer(SynchronousQueue.java:235)
        at java.base@21.0.8/java.util.concurrent.SynchronousQueue.poll(SynchronousQueue.java:338)
        at app//org.eclipse.jetty.util.thread.ReservedThreadExecutor$ReservedThread.reservedWait(ReservedThreadExecutor.java:324)
        at app//org.eclipse.jetty.util.thread.ReservedThreadExecutor$ReservedThread.run(ReservedThreadExecutor.java:399)
        at app//org.eclipse.jetty.util.thread.QueuedThreadPool.runJob(QueuedThreadPool.java:883)
        at app//org.eclipse.jetty.util.thread.QueuedThreadPool$Runner.run(QueuedThreadPool.java:1034)
        at java.base@21.0.8/java.lang.Thread.runWith(Thread.java:1596)
        at java.base@21.0.8/java.lang.Thread.run(Thread.java:1583)
"Socket Reader #6 for port 15001" daemon prio=5 tid=526 runnable
java.lang.Thread.State: RUNNABLE
        at java.base@21.0.8/sun.nio.ch.EPoll.wait(Native Method)
        at java.base@21.0.8/sun.nio.ch.EPollSelectorImpl.doSelect(EPollSelectorImpl.java:121)
        at java.base@21.0.8/sun.nio.ch.SelectorImpl.lockAndDoSelect(SelectorImpl.java:130)
        at java.base@21.0.8/sun.nio.ch.SelectorImpl.select(SelectorImpl.java:147)
        at app//org.apache.hadoop.ipc.Server$Listener$Reader.doRunLoop(Server.java:1497)
        at app//org.apache.hadoop.ipc.Server$Listener$Reader.run(Server.java:1476)
"prometheus" daemon prio=5 tid=332 in Object.wait()
java.lang.Thread.State: WAITING (on object monitor)
        at java.base@21.0.8/java.lang.Object.wait0(Native Method)
        at java.base@21.0.8/java.lang.Object.wait(Object.java:366)
        at java.base@21.0.8/java.lang.Object.wait(Object.java:339)
        at app//org.apache.hadoop.metrics2.impl.SinkQueue.waitForData(SinkQueue.java:114)
        at app//org.apache.hadoop.metrics2.impl.SinkQueue.consumeAll(SinkQueue.java:83)
        at app//org.apache.hadoop.metrics2.impl.MetricsSinkAdapter.publishMetricsFromQueue(MetricsSinkAdapter.java:135)
        at app//org.apache.hadoop.metrics2.impl.MetricsSinkAdapter$1.run(MetricsSinkAdapter.java:89)
"IPC Server handler 47 on default port 15002" daemon prio=5 tid=167 timed_waiting
java.lang.Thread.State: TIMED_WAITING
        at java.base@21.0.8/jdk.internal.misc.Unsafe.park(Native Method)
        at java.base@21.0.8/java.util.concurrent.locks.LockSupport.parkNanos(LockSupport.java:269)
        at java.base@21.0.8/java.util.concurrent.locks.AbstractQueuedSynchronizer$ConditionObject.awaitNanos(AbstractQueuedSynchronizer.java:1763)
        at java.base@21.0.8/java.util.concurrent.LinkedBlockingQueue.poll(LinkedBlockingQueue.java:460)
        at app//org.apache.hadoop.ipc.CallQueueManager.take(CallQueueManager.java:370)
        at app//org.apache.hadoop.ipc.Server$Handler.run(Server.java:3165)
"IPC Server handler 10 on default port 15003" daemon prio=5 tid=230 timed_waiting
java.lang.Thread.State: TIMED_WAITING
        at java.base@21.0.8/jdk.internal.misc.Unsafe.park(Native Method)
        at java.base@21.0.8/java.util.concurrent.locks.LockSupport.parkNanos(LockSupport.java:269)
        at java.base@21.0.8/java.util.concurrent.locks.AbstractQueuedSynchronizer$ConditionObject.awaitNanos(AbstractQueuedSynchronizer.java:1763)
        at java.base@21.0.8/java.util.concurrent.LinkedBlockingQueue.poll(LinkedBlockingQueue.java:460)
        at app//org.apache.hadoop.ipc.CallQueueManager.take(CallQueueManager.java:370)
        at app//org.apache.hadoop.ipc.Server$Handler.run(Server.java:3165)
"fc0351b7-0c71-4a2a-a0ca-337e5c0b1c14-ChunkWriter-2-0" daemon prio=5 tid=995 in Object.wait()
java.lang.Thread.State: WAITING (on object monitor)
        at java.base@21.0.8/jdk.internal.misc.Unsafe.park(Native Method)
        at java.base@21.0.8/java.util.concurrent.locks.LockSupport.park(LockSupport.java:371)
        at java.base@21.0.8/java.util.concurrent.locks.AbstractQueuedSynchronizer$ConditionNode.block(AbstractQueuedSynchronizer.java:519)
        at java.base@21.0.8/java.util.concurrent.ForkJoinPool.unmanagedBlock(ForkJoinPool.java:3780)
        at java.base@21.0.8/java.util.concurrent.ForkJoinPool.managedBlock(ForkJoinPool.java:3725)
        at java.base@21.0.8/java.util.concurrent.locks.AbstractQueuedSynchronizer$ConditionObject.await(AbstractQueuedSynchronizer.java:1712)
        at java.base@21.0.8/java.util.concurrent.LinkedBlockingDeque.takeFirst(LinkedBlockingDeque.java:485)
        at java.base@21.0.8/java.util.concurrent.LinkedBlockingDeque.take(LinkedBlockingDeque.java:673)
        at java.base@21.0.8/java.util.concurrent.ThreadPoolExecutor.getTask(ThreadPoolExecutor.java:1070)
        at java.base@21.0.8/java.util.concurrent.ThreadPoolExecutor.runWorker(ThreadPoolExecutor.java:1130)
        at java.base@21.0.8/java.util.concurrent.ThreadPoolExecutor$Worker.run(ThreadPoolExecutor.java:642)
        at java.base@21.0.8/java.lang.Thread.runWith(Thread.java:1596)
        at java.base@21.0.8/java.lang.Thread.run(Thread.java:1583)
"IPC Server handler 31 on default port 15001" daemon prio=5 tid=589 timed_waiting
java.lang.Thread.State: TIMED_WAITING
        at java.base@21.0.8/jdk.internal.misc.Unsafe.park(Native Method)
        at java.base@21.0.8/java.util.concurrent.locks.LockSupport.parkNanos(LockSupport.java:269)
        at java.base@21.0.8/java.util.concurrent.locks.AbstractQueuedSynchronizer$ConditionObject.awaitNanos(AbstractQueuedSynchronizer.java:1763)
        at java.base@21.0.8/java.util.concurrent.LinkedBlockingQueue.poll(LinkedBlockingQueue.java:460)
        at app//org.apache.hadoop.ipc.CallQueueManager.take(CallQueueManager.java:370)
        at app//org.apache.hadoop.ipc.Server$Handler.run(Server.java:3165)
"IPC Server handler 3 on default port 15001" daemon prio=5 tid=561 timed_waiting
java.lang.Thread.State: TIMED_WAITING
        at java.base@21.0.8/jdk.internal.misc.Unsafe.park(Native Method)
        at java.base@21.0.8/java.util.concurrent.locks.LockSupport.parkNanos(LockSupport.java:269)
        at java.base@21.0.8/java.util.concurrent.locks.AbstractQueuedSynchronizer$ConditionObject.awaitNanos(AbstractQueuedSynchronizer.java:1763)
        at java.base@21.0.8/java.util.concurrent.LinkedBlockingQueue.poll(LinkedBlockingQueue.java:460)
        at app//org.apache.hadoop.ipc.CallQueueManager.take(CallQueueManager.java:370)
        at app//org.apache.hadoop.ipc.Server$Handler.run(Server.java:3165)
"FixedThreadPoolWithAffinityExecutor-4-0" daemon prio=5 tid=107 timed_waiting
java.lang.Thread.State: TIMED_WAITING
        at java.base@21.0.8/java.util.concurrent.locks.AbstractQueuedSynchronizer$ConditionObject.awaitNanos(AbstractQueuedSynchronizer.java:1766)
        at java.base@21.0.8/java.util.concurrent.LinkedBlockingQueue.poll(LinkedBlockingQueue.java:460)
        at app//org.apache.hadoop.hdds.scm.server.ContainerReportQueue.poll(ContainerReportQueue.java:269)
        at app//org.apache.hadoop.hdds.scm.server.ContainerReportQueue.poll(ContainerReportQueue.java:42)
        at app//org.apache.hadoop.hdds.server.events.FixedThreadPoolWithAffinityExecutor$ContainerReportProcessTask.run(FixedThreadPoolWithAffinityExecutor.java:228)
        at java.base@21.0.8/java.util.concurrent.Executors$RunnableAdapter.call(Executors.java:572)
        at java.base@21.0.8/java.util.concurrent.FutureTask.run(FutureTask.java:317)
        at java.base@21.0.8/java.util.concurrent.ThreadPoolExecutor.runWorker(ThreadPoolExecutor.java:1144)
        at java.base@21.0.8/java.util.concurrent.ThreadPoolExecutor$Worker.run(ThreadPoolExecutor.java:642)
        at java.base@21.0.8/java.lang.Thread.runWith(Thread.java:1596)
        at java.base@21.0.8/java.lang.Thread.run(Thread.java:1583)
"IPC Server handler 93 on default port 15003" daemon prio=5 tid=313 timed_waiting
java.lang.Thread.State: TIMED_WAITING
        at java.base@21.0.8/jdk.internal.misc.Unsafe.park(Native Method)
        at java.base@21.0.8/java.util.concurrent.locks.LockSupport.parkNanos(LockSupport.java:269)
        at java.base@21.0.8/java.util.concurrent.locks.AbstractQueuedSynchronizer$ConditionObject.awaitNanos(AbstractQueuedSynchronizer.java:1763)
        at java.base@21.0.8/java.util.concurrent.LinkedBlockingQueue.poll(LinkedBlockingQueue.java:460)
        at app//org.apache.hadoop.ipc.CallQueueManager.take(CallQueueManager.java:370)
        at app//org.apache.hadoop.ipc.Server$Handler.run(Server.java:3165)
"IPC Server handler 19 on default port 15004" daemon prio=5 tid=357 timed_waiting
java.lang.Thread.State: TIMED_WAITING
        at java.base@21.0.8/jdk.internal.misc.Unsafe.park(Native Method)
        at java.base@21.0.8/java.util.concurrent.locks.LockSupport.parkNanos(LockSupport.java:269)
        at java.base@21.0.8/java.util.concurrent.locks.AbstractQueuedSynchronizer$ConditionObject.awaitNanos(AbstractQueuedSynchronizer.java:1763)
        at java.base@21.0.8/java.util.concurrent.LinkedBlockingQueue.poll(LinkedBlockingQueue.java:460)
        at app//org.apache.hadoop.ipc.CallQueueManager.take(CallQueueManager.java:370)
        at app//org.apache.hadoop.ipc.Server$Handler.run(Server.java:3165)
"StaleRecoveringContainerScrubbingService#0" daemon prio=5 tid=1026 timed_waiting
java.lang.Thread.State: TIMED_WAITING
        at java.base@21.0.8/jdk.internal.misc.Unsafe.park(Native Method)
        at java.base@21.0.8/java.util.concurrent.locks.LockSupport.parkNanos(LockSupport.java:269)
        at java.base@21.0.8/java.util.concurrent.locks.AbstractQueuedSynchronizer$ConditionObject.awaitNanos(AbstractQueuedSynchronizer.java:1763)
        at java.base@21.0.8/java.util.concurrent.ScheduledThreadPoolExecutor$DelayedWorkQueue.take(ScheduledThreadPoolExecutor.java:1182)
        at java.base@21.0.8/java.util.concurrent.ScheduledThreadPoolExecutor$DelayedWorkQueue.take(ScheduledThreadPoolExecutor.java:899)
        at java.base@21.0.8/java.util.concurrent.ThreadPoolExecutor.getTask(ThreadPoolExecutor.java:1070)
        at java.base@21.0.8/java.util.concurrent.ThreadPoolExecutor.runWorker(ThreadPoolExecutor.java:1130)
        at java.base@21.0.8/java.util.concurrent.ThreadPoolExecutor$Worker.run(ThreadPoolExecutor.java:642)
        at java.base@21.0.8/java.lang.Thread.runWith(Thread.java:1596)
        at java.base@21.0.8/java.lang.Thread.run(Thread.java:1583)
"Socket Reader #7 for port 15021" daemon prio=5 tid=734 runnable
java.lang.Thread.State: RUNNABLE
        at java.base@21.0.8/sun.nio.ch.EPoll.wait(Native Method)
        at java.base@21.0.8/sun.nio.ch.EPollSelectorImpl.doSelect(EPollSelectorImpl.java:121)
        at java.base@21.0.8/sun.nio.ch.SelectorImpl.lockAndDoSelect(SelectorImpl.java:130)
        at java.base@21.0.8/sun.nio.ch.SelectorImpl.select(SelectorImpl.java:147)
        at app//org.apache.hadoop.ipc.Server$Listener$Reader.doRunLoop(Server.java:1497)
        at app//org.apache.hadoop.ipc.Server$Listener$Reader.run(Server.java:1476)
"om1-OMStateMachineApplyTransactionThread - 0" daemon prio=5 tid=1128 in Object.wait()
java.lang.Thread.State: WAITING (on object monitor)
        at java.base@21.0.8/jdk.internal.misc.Unsafe.park(Native Method)
        at java.base@21.0.8/java.util.concurrent.locks.LockSupport.park(LockSupport.java:371)
        at java.base@21.0.8/java.util.concurrent.locks.AbstractQueuedSynchronizer$ConditionNode.block(AbstractQueuedSynchronizer.java:519)
        at java.base@21.0.8/java.util.concurrent.ForkJoinPool.unmanagedBlock(ForkJoinPool.java:3780)
        at java.base@21.0.8/java.util.concurrent.ForkJoinPool.managedBlock(ForkJoinPool.java:3725)
        at java.base@21.0.8/java.util.concurrent.locks.AbstractQueuedSynchronizer$ConditionObject.await(AbstractQueuedSynchronizer.java:1712)
        at java.base@21.0.8/java.util.concurrent.LinkedBlockingQueue.take(LinkedBlockingQueue.java:435)
        at java.base@21.0.8/java.util.concurrent.ThreadPoolExecutor.getTask(ThreadPoolExecutor.java:1070)
        at java.base@21.0.8/java.util.concurrent.ThreadPoolExecutor.runWorker(ThreadPoolExecutor.java:1130)
        at java.base@21.0.8/java.util.concurrent.ThreadPoolExecutor$Worker.run(ThreadPoolExecutor.java:642)
        at java.base@21.0.8/java.lang.Thread.runWith(Thread.java:1596)
        at java.base@21.0.8/java.lang.Thread.run(Thread.java:1583)
"grpc-default-executor-0" daemon prio=5 tid=1049 timed_waiting
java.lang.Thread.State: TIMED_WAITING
        at java.base@21.0.8/jdk.internal.misc.Unsafe.park(Native Method)
        at java.base@21.0.8/java.util.concurrent.locks.LockSupport.parkNanos(LockSupport.java:410)
        at java.base@21.0.8/java.util.concurrent.LinkedTransferQueue$DualNode.await(LinkedTransferQueue.java:452)
        at java.base@21.0.8/java.util.concurrent.SynchronousQueue$Transferer.xferLifo(SynchronousQueue.java:194)
        at java.base@21.0.8/java.util.concurrent.SynchronousQueue.xfer(SynchronousQueue.java:235)
        at java.base@21.0.8/java.util.concurrent.SynchronousQueue.poll(SynchronousQueue.java:338)
        at java.base@21.0.8/java.util.concurrent.ThreadPoolExecutor.getTask(ThreadPoolExecutor.java:1069)
        at java.base@21.0.8/java.util.concurrent.ThreadPoolExecutor.runWorker(ThreadPoolExecutor.java:1130)
        at java.base@21.0.8/java.util.concurrent.ThreadPoolExecutor$Worker.run(ThreadPoolExecutor.java:642)
        at java.base@21.0.8/java.lang.Thread.runWith(Thread.java:1596)
        at java.base@21.0.8/java.lang.Thread.run(Thread.java:1583)
"IPC Server handler 30 on default port 15002" daemon prio=5 tid=150 timed_waiting
java.lang.Thread.State: TIMED_WAITING
        at java.base@21.0.8/jdk.internal.misc.Unsafe.park(Native Method)
        at java.base@21.0.8/java.util.concurrent.locks.LockSupport.parkNanos(LockSupport.java:269)
        at java.base@21.0.8/java.util.concurrent.locks.AbstractQueuedSynchronizer$ConditionObject.awaitNanos(AbstractQueuedSynchronizer.java:1763)
        at java.base@21.0.8/java.util.concurrent.LinkedBlockingQueue.poll(LinkedBlockingQueue.java:460)
        at app//org.apache.hadoop.ipc.CallQueueManager.take(CallQueueManager.java:370)
        at app//org.apache.hadoop.ipc.Server$Handler.run(Server.java:3165)
"EventQueue-ReplicationManagerNotifyForReplicationManagerEventHandler" daemon prio=5 tid=1298 in Object.wait()
java.lang.Thread.State: WAITING (on object monitor)
        at java.base@21.0.8/jdk.internal.misc.Unsafe.park(Native Method)
        at java.base@21.0.8/java.util.concurrent.locks.LockSupport.park(LockSupport.java:371)
        at java.base@21.0.8/java.util.concurrent.locks.AbstractQueuedSynchronizer$ConditionNode.block(AbstractQueuedSynchronizer.java:519)
        at java.base@21.0.8/java.util.concurrent.ForkJoinPool.unmanagedBlock(ForkJoinPool.java:3780)
        at java.base@21.0.8/java.util.concurrent.ForkJoinPool.managedBlock(ForkJoinPool.java:3725)
        at java.base@21.0.8/java.util.concurrent.locks.AbstractQueuedSynchronizer$ConditionObject.await(AbstractQueuedSynchronizer.java:1712)
        at java.base@21.0.8/java.util.concurrent.LinkedBlockingQueue.take(LinkedBlockingQueue.java:435)
        at java.base@21.0.8/java.util.concurrent.ThreadPoolExecutor.getTask(ThreadPoolExecutor.java:1070)
        at java.base@21.0.8/java.util.concurrent.ThreadPoolExecutor.runWorker(ThreadPoolExecutor.java:1130)
        at java.base@21.0.8/java.util.concurrent.ThreadPoolExecutor$Worker.run(ThreadPoolExecutor.java:642)
        at java.base@21.0.8/java.lang.Thread.runWith(Thread.java:1596)
        at java.base@21.0.8/java.lang.Thread.run(Thread.java:1583)
"Socket Reader #7 for port 15003" daemon prio=5 tid=82 runnable
java.lang.Thread.State: RUNNABLE
        at java.base@21.0.8/sun.nio.ch.EPoll.wait(Native Method)
        at java.base@21.0.8/sun.nio.ch.EPollSelectorImpl.doSelect(EPollSelectorImpl.java:121)
        at java.base@21.0.8/sun.nio.ch.SelectorImpl.lockAndDoSelect(SelectorImpl.java:130)
        at java.base@21.0.8/sun.nio.ch.SelectorImpl.select(SelectorImpl.java:147)
        at app//org.apache.hadoop.ipc.Server$Listener$Reader.doRunLoop(Server.java:1497)
        at app//org.apache.hadoop.ipc.Server$Listener$Reader.run(Server.java:1476)
"IPC Server handler 35 on default port 15001" daemon prio=5 tid=593 timed_waiting
java.lang.Thread.State: TIMED_WAITING
        at java.base@21.0.8/jdk.internal.misc.Unsafe.park(Native Method)
        at java.base@21.0.8/java.util.concurrent.locks.LockSupport.parkNanos(LockSupport.java:269)
        at java.base@21.0.8/java.util.concurrent.locks.AbstractQueuedSynchronizer$ConditionObject.awaitNanos(AbstractQueuedSynchronizer.java:1763)
        at java.base@21.0.8/java.util.concurrent.LinkedBlockingQueue.poll(LinkedBlockingQueue.java:460)
        at app//org.apache.hadoop.ipc.CallQueueManager.take(CallQueueManager.java:370)
        at app//org.apache.hadoop.ipc.Server$Handler.run(Server.java:3165)
"74afb32b-8e70-4799-b16c-dc9602d9dbb6-ReplicationContainerReader-2" daemon prio=5 tid=1336 in Object.wait()
java.lang.Thread.State: WAITING (on object monitor)
        at java.base@21.0.8/jdk.internal.misc.Unsafe.park(Native Method)
        at java.base@21.0.8/java.util.concurrent.locks.LockSupport.park(LockSupport.java:371)
        at java.base@21.0.8/java.util.concurrent.locks.AbstractQueuedSynchronizer$ConditionNode.block(AbstractQueuedSynchronizer.java:519)
        at java.base@21.0.8/java.util.concurrent.ForkJoinPool.unmanagedBlock(ForkJoinPool.java:3780)
        at java.base@21.0.8/java.util.concurrent.ForkJoinPool.managedBlock(ForkJoinPool.java:3725)
        at java.base@21.0.8/java.util.concurrent.locks.AbstractQueuedSynchronizer$ConditionObject.await(AbstractQueuedSynchronizer.java:1712)
        at java.base@21.0.8/java.util.concurrent.LinkedBlockingQueue.take(LinkedBlockingQueue.java:435)
        at java.base@21.0.8/java.util.concurrent.ThreadPoolExecutor.getTask(ThreadPoolExecutor.java:1070)
        at java.base@21.0.8/java.util.concurrent.ThreadPoolExecutor.runWorker(ThreadPoolExecutor.java:1130)
        at java.base@21.0.8/java.util.concurrent.ThreadPoolExecutor$Worker.run(ThreadPoolExecutor.java:642)
        at java.base@21.0.8/java.lang.Thread.runWith(Thread.java:1596)
        at java.base@21.0.8/java.lang.Thread.run(Thread.java:1583)
"IPC Server handler 82 on default port 15003" daemon prio=5 tid=302 timed_waiting
java.lang.Thread.State: TIMED_WAITING
        at java.base@21.0.8/jdk.internal.misc.Unsafe.park(Native Method)
        at java.base@21.0.8/java.util.concurrent.locks.LockSupport.parkNanos(LockSupport.java:269)
        at java.base@21.0.8/java.util.concurrent.locks.AbstractQueuedSynchronizer$ConditionObject.awaitNanos(AbstractQueuedSynchronizer.java:1763)
        at java.base@21.0.8/java.util.concurrent.LinkedBlockingQueue.poll(LinkedBlockingQueue.java:460)
        at app//org.apache.hadoop.ipc.CallQueueManager.take(CallQueueManager.java:370)
        at app//org.apache.hadoop.ipc.Server$Handler.run(Server.java:3165)
"qtp1213220498-769" daemon prio=5 tid=769 timed_waiting
java.lang.Thread.State: TIMED_WAITING
        at java.base@21.0.8/jdk.internal.misc.Unsafe.park(Native Method)
        at java.base@21.0.8/java.util.concurrent.locks.LockSupport.parkNanos(LockSupport.java:269)
        at java.base@21.0.8/java.util.concurrent.locks.AbstractQueuedSynchronizer$ConditionObject.awaitNanos(AbstractQueuedSynchronizer.java:1763)
        at app//org.eclipse.jetty.util.BlockingArrayQueue.poll(BlockingArrayQueue.java:382)
        at app//org.eclipse.jetty.util.thread.QueuedThreadPool$Runner.idleJobPoll(QueuedThreadPool.java:974)
        at app//org.eclipse.jetty.util.thread.QueuedThreadPool$Runner.run(QueuedThreadPool.java:1018)
        at java.base@21.0.8/java.lang.Thread.runWith(Thread.java:1596)
        at java.base@21.0.8/java.lang.Thread.run(Thread.java:1583)
"Socket Reader #1 for port 15045" daemon prio=5 tid=920 runnable
java.lang.Thread.State: RUNNABLE
        at java.base@21.0.8/sun.nio.ch.EPoll.wait(Native Method)
        at java.base@21.0.8/sun.nio.ch.EPollSelectorImpl.doSelect(EPollSelectorImpl.java:121)
        at java.base@21.0.8/sun.nio.ch.SelectorImpl.lockAndDoSelect(SelectorImpl.java:130)
        at java.base@21.0.8/sun.nio.ch.SelectorImpl.select(SelectorImpl.java:147)
        at app//org.apache.hadoop.ipc.Server$Listener$Reader.doRunLoop(Server.java:1497)
        at app//org.apache.hadoop.ipc.Server$Listener$Reader.run(Server.java:1476)
"IPC Server handler 49 on default port 15003" daemon prio=5 tid=269 timed_waiting
java.lang.Thread.State: TIMED_WAITING
        at java.base@21.0.8/jdk.internal.misc.Unsafe.park(Native Method)
        at java.base@21.0.8/java.util.concurrent.locks.LockSupport.parkNanos(LockSupport.java:269)
        at java.base@21.0.8/java.util.concurrent.locks.AbstractQueuedSynchronizer$ConditionObject.awaitNanos(AbstractQueuedSynchronizer.java:1763)
        at java.base@21.0.8/java.util.concurrent.LinkedBlockingQueue.poll(LinkedBlockingQueue.java:460)
        at app//org.apache.hadoop.ipc.CallQueueManager.take(CallQueueManager.java:370)
        at app//org.apache.hadoop.ipc.Server$Handler.run(Server.java:3165)
"IPC Server handler 16 on default port 15002" daemon prio=5 tid=136 timed_waiting
java.lang.Thread.State: TIMED_WAITING
        at java.base@21.0.8/jdk.internal.misc.Unsafe.park(Native Method)
        at java.base@21.0.8/java.util.concurrent.locks.LockSupport.parkNanos(LockSupport.java:269)
        at java.base@21.0.8/java.util.concurrent.locks.AbstractQueuedSynchronizer$ConditionObject.awaitNanos(AbstractQueuedSynchronizer.java:1763)
        at java.base@21.0.8/java.util.concurrent.LinkedBlockingQueue.poll(LinkedBlockingQueue.java:460)
        at app//org.apache.hadoop.ipc.CallQueueManager.take(CallQueueManager.java:370)
        at app//org.apache.hadoop.ipc.Server$Handler.run(Server.java:3165)
"IPC Server handler 6 on default port 15045" daemon prio=5 tid=944 timed_waiting
java.lang.Thread.State: TIMED_WAITING
        at java.base@21.0.8/jdk.internal.misc.Unsafe.park(Native Method)
        at java.base@21.0.8/java.util.concurrent.locks.LockSupport.parkNanos(LockSupport.java:269)
        at java.base@21.0.8/java.util.concurrent.locks.AbstractQueuedSynchronizer$ConditionObject.awaitNanos(AbstractQueuedSynchronizer.java:1763)
        at java.base@21.0.8/java.util.concurrent.LinkedBlockingQueue.poll(LinkedBlockingQueue.java:460)
        at app//org.apache.hadoop.ipc.CallQueueManager.take(CallQueueManager.java:370)
        at app//org.apache.hadoop.ipc.Server$Handler.run(Server.java:3165)
"IPC Server handler 75 on default port 15004" daemon prio=5 tid=413 timed_waiting
java.lang.Thread.State: TIMED_WAITING
        at java.base@21.0.8/jdk.internal.misc.Unsafe.park(Native Method)
        at java.base@21.0.8/java.util.concurrent.locks.LockSupport.parkNanos(LockSupport.java:269)
        at java.base@21.0.8/java.util.concurrent.locks.AbstractQueuedSynchronizer$ConditionObject.awaitNanos(AbstractQueuedSynchronizer.java:1763)
        at java.base@21.0.8/java.util.concurrent.LinkedBlockingQueue.poll(LinkedBlockingQueue.java:460)
        at app//org.apache.hadoop.ipc.CallQueueManager.take(CallQueueManager.java:370)
        at app//org.apache.hadoop.ipc.Server$Handler.run(Server.java:3165)
"IPC Server handler 39 on default port 15003" daemon prio=5 tid=259 timed_waiting
java.lang.Thread.State: TIMED_WAITING
        at java.base@21.0.8/jdk.internal.misc.Unsafe.park(Native Method)
        at java.base@21.0.8/java.util.concurrent.locks.LockSupport.parkNanos(LockSupport.java:269)
        at java.base@21.0.8/java.util.concurrent.locks.AbstractQueuedSynchronizer$ConditionObject.awaitNanos(AbstractQueuedSynchronizer.java:1763)
        at java.base@21.0.8/java.util.concurrent.LinkedBlockingQueue.poll(LinkedBlockingQueue.java:460)
        at app//org.apache.hadoop.ipc.CallQueueManager.take(CallQueueManager.java:370)
        at app//org.apache.hadoop.ipc.Server$Handler.run(Server.java:3165)
"74afb32b-8e70-4799-b16c-dc9602d9dbb6-BlockDeletingService#0" daemon prio=5 tid=1025 timed_waiting
java.lang.Thread.State: TIMED_WAITING
        at java.base@21.0.8/jdk.internal.misc.Unsafe.park(Native Method)
        at java.base@21.0.8/java.util.concurrent.locks.LockSupport.parkNanos(LockSupport.java:269)
        at java.base@21.0.8/java.util.concurrent.locks.AbstractQueuedSynchronizer$ConditionObject.awaitNanos(AbstractQueuedSynchronizer.java:1763)
        at java.base@21.0.8/java.util.concurrent.ScheduledThreadPoolExecutor$DelayedWorkQueue.take(ScheduledThreadPoolExecutor.java:1182)
        at java.base@21.0.8/java.util.concurrent.ScheduledThreadPoolExecutor$DelayedWorkQueue.take(ScheduledThreadPoolExecutor.java:899)
        at java.base@21.0.8/java.util.concurrent.ThreadPoolExecutor.getTask(ThreadPoolExecutor.java:1070)
        at java.base@21.0.8/java.util.concurrent.ThreadPoolExecutor.runWorker(ThreadPoolExecutor.java:1130)
        at java.base@21.0.8/java.util.concurrent.ThreadPoolExecutor$Worker.run(ThreadPoolExecutor.java:642)
        at java.base@21.0.8/java.lang.Thread.runWith(Thread.java:1596)
        at java.base@21.0.8/java.lang.Thread.run(Thread.java:1583)
"IPC Server idle connection scanner for port 15029" daemon prio=5 tid=784 timed_waiting
java.lang.Thread.State: TIMED_WAITING
        at java.base@21.0.8/java.lang.Object.wait0(Native Method)
        at java.base@21.0.8/java.lang.Object.wait(Object.java:366)
        at java.base@21.0.8/java.util.TimerThread.mainLoop(Timer.java:563)
        at java.base@21.0.8/java.util.TimerThread.run(Timer.java:516)
"grpc-default-executor-7" daemon prio=5 tid=1113 timed_waiting
java.lang.Thread.State: TIMED_WAITING
        at java.base@21.0.8/jdk.internal.misc.Unsafe.park(Native Method)
        at java.base@21.0.8/java.util.concurrent.locks.LockSupport.parkNanos(LockSupport.java:410)
        at java.base@21.0.8/java.util.concurrent.LinkedTransferQueue$DualNode.await(LinkedTransferQueue.java:452)
        at java.base@21.0.8/java.util.concurrent.SynchronousQueue$Transferer.xferLifo(SynchronousQueue.java:194)
        at java.base@21.0.8/java.util.concurrent.SynchronousQueue.xfer(SynchronousQueue.java:235)
        at java.base@21.0.8/java.util.concurrent.SynchronousQueue.poll(SynchronousQueue.java:338)
        at java.base@21.0.8/java.util.concurrent.ThreadPoolExecutor.getTask(ThreadPoolExecutor.java:1069)
        at java.base@21.0.8/java.util.concurrent.ThreadPoolExecutor.runWorker(ThreadPoolExecutor.java:1130)
        at java.base@21.0.8/java.util.concurrent.ThreadPoolExecutor$Worker.run(ThreadPoolExecutor.java:642)
        at java.base@21.0.8/java.lang.Thread.runWith(Thread.java:1596)
        at java.base@21.0.8/java.lang.Thread.run(Thread.java:1583)
"JvmPauseMonitor1" daemon prio=5 tid=117 timed_waiting
java.lang.Thread.State: TIMED_WAITING
        at java.base@21.0.8/java.lang.Thread.sleep0(Native Method)
        at java.base@21.0.8/java.lang.Thread.sleep(Thread.java:558)
        at java.base@21.0.8/java.util.concurrent.TimeUnit.sleep(TimeUnit.java:446)
        at app//org.apache.ratis.util.TimeDuration.sleep(TimeDuration.java:353)
        at app//org.apache.ratis.util.TimeDuration.sleep(TimeDuration.java:338)
        at app//org.apache.ratis.util.JvmPauseMonitor.detectPause(JvmPauseMonitor.java:160)
        at app//org.apache.ratis.util.JvmPauseMonitor.run(JvmPauseMonitor.java:149)
        at app//org.apache.ratis.util.JvmPauseMonitor$$Lambda/0x00007f9d6c3ae540.run(Unknown Source)
        at java.base@21.0.8/java.lang.Thread.runWith(Thread.java:1596)
        at java.base@21.0.8/java.lang.Thread.run(Thread.java:1583)
"Socket Reader #9 for port 15045" daemon prio=5 tid=929 runnable
java.lang.Thread.State: RUNNABLE
        at java.base@21.0.8/sun.nio.ch.EPoll.wait(Native Method)
        at java.base@21.0.8/sun.nio.ch.EPollSelectorImpl.doSelect(EPollSelectorImpl.java:121)
        at java.base@21.0.8/sun.nio.ch.SelectorImpl.lockAndDoSelect(SelectorImpl.java:130)
        at java.base@21.0.8/sun.nio.ch.SelectorImpl.select(SelectorImpl.java:147)
        at app//org.apache.hadoop.ipc.Server$Listener$Reader.doRunLoop(Server.java:1497)
        at app//org.apache.hadoop.ipc.Server$Listener$Reader.run(Server.java:1476)
"IPC Client (962379034) connection to localhost/127.0.0.1:15001 from runner" daemon prio=5 tid=810 timed_waiting
java.lang.Thread.State: TIMED_WAITING
        at java.base@21.0.8/java.lang.Object.wait0(Native Method)
        at java.base@21.0.8/java.lang.Object.wait(Object.java:366)
        at app//org.apache.hadoop.ipc.Client$Connection.waitForWork(Client.java:1042)
        at app//org.apache.hadoop.ipc.Client$Connection.run(Client.java:1093)
"IPC Server handler 12 on default port 15008" daemon prio=5 tid=504 timed_waiting
java.lang.Thread.State: TIMED_WAITING
        at java.base@21.0.8/jdk.internal.misc.Unsafe.park(Native Method)
        at java.base@21.0.8/java.util.concurrent.locks.LockSupport.parkNanos(LockSupport.java:269)
        at java.base@21.0.8/java.util.concurrent.locks.AbstractQueuedSynchronizer$ConditionObject.awaitNanos(AbstractQueuedSynchronizer.java:1763)
        at java.base@21.0.8/java.util.concurrent.LinkedBlockingQueue.poll(LinkedBlockingQueue.java:460)
        at app//org.apache.hadoop.ipc.CallQueueManager.take(CallQueueManager.java:370)
        at app//org.apache.hadoop.ipc.Server$Handler.run(Server.java:3165)
"IPC Server handler 55 on default port 15003" daemon prio=5 tid=275 timed_waiting
java.lang.Thread.State: TIMED_WAITING
        at java.base@21.0.8/jdk.internal.misc.Unsafe.park(Native Method)
        at java.base@21.0.8/java.util.concurrent.locks.LockSupport.parkNanos(LockSupport.java:269)
        at java.base@21.0.8/java.util.concurrent.locks.AbstractQueuedSynchronizer$ConditionObject.awaitNanos(AbstractQueuedSynchronizer.java:1763)
        at java.base@21.0.8/java.util.concurrent.LinkedBlockingQueue.poll(LinkedBlockingQueue.java:460)
        at app//org.apache.hadoop.ipc.CallQueueManager.take(CallQueueManager.java:370)
        at app//org.apache.hadoop.ipc.Server$Handler.run(Server.java:3165)
"IPC Server handler 8 on default port 15037" daemon prio=5 tid=872 timed_waiting
java.lang.Thread.State: TIMED_WAITING
        at java.base@21.0.8/jdk.internal.misc.Unsafe.park(Native Method)
        at java.base@21.0.8/java.util.concurrent.locks.LockSupport.parkNanos(LockSupport.java:269)
        at java.base@21.0.8/java.util.concurrent.locks.AbstractQueuedSynchronizer$ConditionObject.awaitNanos(AbstractQueuedSynchronizer.java:1763)
        at java.base@21.0.8/java.util.concurrent.LinkedBlockingQueue.poll(LinkedBlockingQueue.java:460)
        at app//org.apache.hadoop.ipc.CallQueueManager.take(CallQueueManager.java:370)
        at app//org.apache.hadoop.ipc.Server$Handler.run(Server.java:3165)
"fc0351b7-0c71-4a2a-a0ca-337e5c0b1c14-ChunkReader-ELG-0" daemon prio=5 tid=998 runnable
java.lang.Thread.State: RUNNABLE
        at app//org.apache.ratis.thirdparty.io.netty.channel.epoll.Native.epollWait(Native Method)
        at app//org.apache.ratis.thirdparty.io.netty.channel.epoll.Native.epollWait(Native.java:220)
        at app//org.apache.ratis.thirdparty.io.netty.channel.epoll.Native.epollWait(Native.java:213)
        at app//org.apache.ratis.thirdparty.io.netty.channel.epoll.EpollEventLoop.epollWaitNoTimerChange(EpollEventLoop.java:308)
        at app//org.apache.ratis.thirdparty.io.netty.channel.epoll.EpollEventLoop.run(EpollEventLoop.java:365)
        at app//org.apache.ratis.thirdparty.io.netty.util.concurrent.SingleThreadEventExecutor$4.run(SingleThreadEventExecutor.java:998)
        at app//org.apache.ratis.thirdparty.io.netty.util.internal.ThreadExecutorMap$2.run(ThreadExecutorMap.java:74)
        at java.base@21.0.8/java.lang.Thread.runWith(Thread.java:1596)
        at java.base@21.0.8/java.lang.Thread.run(Thread.java:1583)
"7d2db622-5327-4122-ba03-be97b5575303-ContainerReplicationThread-0" daemon prio=5 tid=1332 in Object.wait()
java.lang.Thread.State: WAITING (on object monitor)
        at java.base@21.0.8/jdk.internal.misc.Unsafe.park(Native Method)
        at java.base@21.0.8/java.util.concurrent.locks.LockSupport.park(LockSupport.java:371)
        at java.base@21.0.8/java.util.concurrent.locks.AbstractQueuedSynchronizer$ConditionNode.block(AbstractQueuedSynchronizer.java:519)
        at java.base@21.0.8/java.util.concurrent.ForkJoinPool.unmanagedBlock(ForkJoinPool.java:3780)
        at java.base@21.0.8/java.util.concurrent.ForkJoinPool.managedBlock(ForkJoinPool.java:3725)
        at java.base@21.0.8/java.util.concurrent.locks.AbstractQueuedSynchronizer$ConditionObject.await(AbstractQueuedSynchronizer.java:1712)
        at java.base@21.0.8/java.util.concurrent.PriorityBlockingQueue.take(PriorityBlockingQueue.java:535)
        at java.base@21.0.8/java.util.concurrent.ThreadPoolExecutor.getTask(ThreadPoolExecutor.java:1070)
        at java.base@21.0.8/java.util.concurrent.ThreadPoolExecutor.runWorker(ThreadPoolExecutor.java:1130)
        at java.base@21.0.8/java.util.concurrent.ThreadPoolExecutor$Worker.run(ThreadPoolExecutor.java:642)
        at java.base@21.0.8/java.lang.Thread.runWith(Thread.java:1596)
        at java.base@21.0.8/java.lang.Thread.run(Thread.java:1583)
"IPC Server handler 29 on default port 15002" daemon prio=5 tid=149 timed_waiting
java.lang.Thread.State: TIMED_WAITING
        at java.base@21.0.8/jdk.internal.misc.Unsafe.park(Native Method)
        at java.base@21.0.8/java.util.concurrent.locks.LockSupport.parkNanos(LockSupport.java:269)
        at java.base@21.0.8/java.util.concurrent.locks.AbstractQueuedSynchronizer$ConditionObject.awaitNanos(AbstractQueuedSynchronizer.java:1763)
        at java.base@21.0.8/java.util.concurrent.LinkedBlockingQueue.poll(LinkedBlockingQueue.java:460)
        at app//org.apache.hadoop.ipc.CallQueueManager.take(CallQueueManager.java:370)
        at app//org.apache.hadoop.ipc.Server$Handler.run(Server.java:3165)
"fc0351b7-0c71-4a2a-a0ca-337e5c0b1c14-DataNodeDiskCheckerThread-0" daemon prio=5 tid=985 timed_waiting
java.lang.Thread.State: TIMED_WAITING
        at java.base@21.0.8/jdk.internal.misc.Unsafe.park(Native Method)
        at java.base@21.0.8/java.util.concurrent.locks.LockSupport.parkNanos(LockSupport.java:410)
        at java.base@21.0.8/java.util.concurrent.LinkedTransferQueue$DualNode.await(LinkedTransferQueue.java:452)
        at java.base@21.0.8/java.util.concurrent.SynchronousQueue$Transferer.xferLifo(SynchronousQueue.java:194)
        at java.base@21.0.8/java.util.concurrent.SynchronousQueue.xfer(SynchronousQueue.java:235)
        at java.base@21.0.8/java.util.concurrent.SynchronousQueue.poll(SynchronousQueue.java:338)
        at java.base@21.0.8/java.util.concurrent.ThreadPoolExecutor.getTask(ThreadPoolExecutor.java:1069)
        at java.base@21.0.8/java.util.concurrent.ThreadPoolExecutor.runWorker(ThreadPoolExecutor.java:1130)
        at java.base@21.0.8/java.util.concurrent.ThreadPoolExecutor$Worker.run(ThreadPoolExecutor.java:642)
        at java.base@21.0.8/java.lang.Thread.runWith(Thread.java:1596)
        at java.base@21.0.8/java.lang.Thread.run(Thread.java:1583)
"IPC Server handler 47 on default port 15004" daemon prio=5 tid=385 timed_waiting
java.lang.Thread.State: TIMED_WAITING
        at java.base@21.0.8/jdk.internal.misc.Unsafe.park(Native Method)
        at java.base@21.0.8/java.util.concurrent.locks.LockSupport.parkNanos(LockSupport.java:269)
        at java.base@21.0.8/java.util.concurrent.locks.AbstractQueuedSynchronizer$ConditionObject.awaitNanos(AbstractQueuedSynchronizer.java:1763)
        at java.base@21.0.8/java.util.concurrent.LinkedBlockingQueue.poll(LinkedBlockingQueue.java:460)
        at app//org.apache.hadoop.ipc.CallQueueManager.take(CallQueueManager.java:370)
        at app//org.apache.hadoop.ipc.Server$Handler.run(Server.java:3165)
"SSL Certificates Store Monitor" daemon prio=5 tid=1362 in Object.wait()
java.lang.Thread.State: WAITING (on object monitor)
        at java.base@21.0.8/java.lang.Object.wait0(Native Method)
        at java.base@21.0.8/java.lang.Object.wait(Object.java:366)
        at java.base@21.0.8/java.lang.Object.wait(Object.java:339)
        at java.base@21.0.8/java.util.TimerThread.mainLoop(Timer.java:537)
        at java.base@21.0.8/java.util.TimerThread.run(Timer.java:516)
"IPC Server handler 77 on default port 15001" daemon prio=5 tid=635 timed_waiting
java.lang.Thread.State: TIMED_WAITING
        at java.base@21.0.8/jdk.internal.misc.Unsafe.park(Native Method)
        at java.base@21.0.8/java.util.concurrent.locks.LockSupport.parkNanos(LockSupport.java:269)
        at java.base@21.0.8/java.util.concurrent.locks.AbstractQueuedSynchronizer$ConditionObject.awaitNanos(AbstractQueuedSynchronizer.java:1763)
        at java.base@21.0.8/java.util.concurrent.LinkedBlockingQueue.poll(LinkedBlockingQueue.java:460)
        at app//org.apache.hadoop.ipc.CallQueueManager.take(CallQueueManager.java:370)
        at app//org.apache.hadoop.ipc.Server$Handler.run(Server.java:3165)
"ForkJoinPool.commonPool-worker-2" daemon prio=5 tid=1029 in Object.wait()
java.lang.Thread.State: WAITING (on object monitor)
        at java.base@21.0.8/jdk.internal.misc.Unsafe.park(Native Method)
        at java.base@21.0.8/java.util.concurrent.locks.LockSupport.park(LockSupport.java:371)
        at java.base@21.0.8/java.util.concurrent.ForkJoinPool.awaitWork(ForkJoinPool.java:1893)
        at java.base@21.0.8/java.util.concurrent.ForkJoinPool.runWorker(ForkJoinPool.java:1809)
        at java.base@21.0.8/java.util.concurrent.ForkJoinWorkerThread.run(ForkJoinWorkerThread.java:188)
"pool-36-thread-1"  prio=5 tid=322 timed_waiting
java.lang.Thread.State: TIMED_WAITING
        at java.base@21.0.8/jdk.internal.misc.Unsafe.park(Native Method)
        at java.base@21.0.8/java.util.concurrent.locks.LockSupport.parkNanos(LockSupport.java:269)
        at java.base@21.0.8/java.util.concurrent.locks.AbstractQueuedSynchronizer$ConditionObject.awaitNanos(AbstractQueuedSynchronizer.java:1763)
        at java.base@21.0.8/java.util.concurrent.ScheduledThreadPoolExecutor$DelayedWorkQueue.take(ScheduledThreadPoolExecutor.java:1182)
        at java.base@21.0.8/java.util.concurrent.ScheduledThreadPoolExecutor$DelayedWorkQueue.take(ScheduledThreadPoolExecutor.java:899)
        at java.base@21.0.8/java.util.concurrent.ThreadPoolExecutor.getTask(ThreadPoolExecutor.java:1070)
        at java.base@21.0.8/java.util.concurrent.ThreadPoolExecutor.runWorker(ThreadPoolExecutor.java:1130)
        at java.base@21.0.8/java.util.concurrent.ThreadPoolExecutor$Worker.run(ThreadPoolExecutor.java:642)
        at java.base@21.0.8/java.lang.Thread.runWith(Thread.java:1596)
        at java.base@21.0.8/java.lang.Thread.run(Thread.java:1583)
"Socket Reader #5 for port 15021" daemon prio=5 tid=732 runnable
java.lang.Thread.State: RUNNABLE
        at java.base@21.0.8/sun.nio.ch.EPoll.wait(Native Method)
        at java.base@21.0.8/sun.nio.ch.EPollSelectorImpl.doSelect(EPollSelectorImpl.java:121)
        at java.base@21.0.8/sun.nio.ch.SelectorImpl.lockAndDoSelect(SelectorImpl.java:130)
        at java.base@21.0.8/sun.nio.ch.SelectorImpl.select(SelectorImpl.java:147)
        at app//org.apache.hadoop.ipc.Server$Listener$Reader.doRunLoop(Server.java:1497)
        at app//org.apache.hadoop.ipc.Server$Listener$Reader.run(Server.java:1476)
"IPC Server handler 85 on default port 15003" daemon prio=5 tid=305 timed_waiting
java.lang.Thread.State: TIMED_WAITING
        at java.base@21.0.8/jdk.internal.misc.Unsafe.park(Native Method)
        at java.base@21.0.8/java.util.concurrent.locks.LockSupport.parkNanos(LockSupport.java:269)
        at java.base@21.0.8/java.util.concurrent.locks.AbstractQueuedSynchronizer$ConditionObject.awaitNanos(AbstractQueuedSynchronizer.java:1763)
        at java.base@21.0.8/java.util.concurrent.LinkedBlockingQueue.poll(LinkedBlockingQueue.java:460)
        at app//org.apache.hadoop.ipc.CallQueueManager.take(CallQueueManager.java:370)
        at app//org.apache.hadoop.ipc.Server$Handler.run(Server.java:3165)
"IPC Server handler 94 on default port 15003" daemon prio=5 tid=314 timed_waiting
java.lang.Thread.State: TIMED_WAITING
        at java.base@21.0.8/jdk.internal.misc.Unsafe.park(Native Method)
        at java.base@21.0.8/java.util.concurrent.locks.LockSupport.parkNanos(LockSupport.java:269)
        at java.base@21.0.8/java.util.concurrent.locks.AbstractQueuedSynchronizer$ConditionObject.awaitNanos(AbstractQueuedSynchronizer.java:1763)
        at java.base@21.0.8/java.util.concurrent.LinkedBlockingQueue.poll(LinkedBlockingQueue.java:460)
        at app//org.apache.hadoop.ipc.CallQueueManager.take(CallQueueManager.java:370)
        at app//org.apache.hadoop.ipc.Server$Handler.run(Server.java:3165)
"IPC Server handler 0 on default port 15045" daemon prio=5 tid=937 timed_waiting
java.lang.Thread.State: TIMED_WAITING
        at java.base@21.0.8/jdk.internal.misc.Unsafe.park(Native Method)
        at java.base@21.0.8/java.util.concurrent.locks.LockSupport.parkNanos(LockSupport.java:269)
        at java.base@21.0.8/java.util.concurrent.locks.AbstractQueuedSynchronizer$ConditionObject.awaitNanos(AbstractQueuedSynchronizer.java:1763)
        at java.base@21.0.8/java.util.concurrent.LinkedBlockingQueue.poll(LinkedBlockingQueue.java:460)
        at app//org.apache.hadoop.ipc.CallQueueManager.take(CallQueueManager.java:370)
        at app//org.apache.hadoop.ipc.Server$Handler.run(Server.java:3165)
"om1-DirectoryDeletingService#3" daemon prio=5 tid=1365 in Object.wait()
java.lang.Thread.State: WAITING (on object monitor)
        at java.base@21.0.8/jdk.internal.misc.Unsafe.park(Native Method)
        at java.base@21.0.8/java.util.concurrent.locks.LockSupport.park(LockSupport.java:371)
        at java.base@21.0.8/java.util.concurrent.locks.AbstractQueuedSynchronizer$ConditionNode.block(AbstractQueuedSynchronizer.java:519)
        at java.base@21.0.8/java.util.concurrent.ForkJoinPool.unmanagedBlock(ForkJoinPool.java:3780)
        at java.base@21.0.8/java.util.concurrent.ForkJoinPool.managedBlock(ForkJoinPool.java:3725)
        at java.base@21.0.8/java.util.concurrent.locks.AbstractQueuedSynchronizer$ConditionObject.await(AbstractQueuedSynchronizer.java:1712)
        at java.base@21.0.8/java.util.concurrent.ScheduledThreadPoolExecutor$DelayedWorkQueue.take(ScheduledThreadPoolExecutor.java:1177)
        at java.base@21.0.8/java.util.concurrent.ScheduledThreadPoolExecutor$DelayedWorkQueue.take(ScheduledThreadPoolExecutor.java:899)
        at java.base@21.0.8/java.util.concurrent.ThreadPoolExecutor.getTask(ThreadPoolExecutor.java:1070)
        at java.base@21.0.8/java.util.concurrent.ThreadPoolExecutor.runWorker(ThreadPoolExecutor.java:1130)
        at java.base@21.0.8/java.util.concurrent.ThreadPoolExecutor$Worker.run(ThreadPoolExecutor.java:642)
        at java.base@21.0.8/java.lang.Thread.runWith(Thread.java:1596)
        at java.base@21.0.8/java.lang.Thread.run(Thread.java:1583)
"IPC Server handler 23 on default port 15004" daemon prio=5 tid=361 timed_waiting
java.lang.Thread.State: TIMED_WAITING
        at java.base@21.0.8/jdk.internal.misc.Unsafe.park(Native Method)
        at java.base@21.0.8/java.util.concurrent.locks.LockSupport.parkNanos(LockSupport.java:269)
        at java.base@21.0.8/java.util.concurrent.locks.AbstractQueuedSynchronizer$ConditionObject.awaitNanos(AbstractQueuedSynchronizer.java:1763)
        at java.base@21.0.8/java.util.concurrent.LinkedBlockingQueue.poll(LinkedBlockingQueue.java:460)
        at app//org.apache.hadoop.ipc.CallQueueManager.take(CallQueueManager.java:370)
        at app//org.apache.hadoop.ipc.Server$Handler.run(Server.java:3165)
"EventQueue-NodeReportForNodeReportHandler" daemon prio=5 tid=1004 in Object.wait()
java.lang.Thread.State: WAITING (on object monitor)
        at java.base@21.0.8/jdk.internal.misc.Unsafe.park(Native Method)
        at java.base@21.0.8/java.util.concurrent.locks.LockSupport.park(LockSupport.java:371)
        at java.base@21.0.8/java.util.concurrent.locks.AbstractQueuedSynchronizer$ConditionNode.block(AbstractQueuedSynchronizer.java:519)
        at java.base@21.0.8/java.util.concurrent.ForkJoinPool.unmanagedBlock(ForkJoinPool.java:3780)
        at java.base@21.0.8/java.util.concurrent.ForkJoinPool.managedBlock(ForkJoinPool.java:3725)
        at java.base@21.0.8/java.util.concurrent.locks.AbstractQueuedSynchronizer$ConditionObject.await(AbstractQueuedSynchronizer.java:1712)
        at java.base@21.0.8/java.util.concurrent.LinkedBlockingQueue.take(LinkedBlockingQueue.java:435)
        at java.base@21.0.8/java.util.concurrent.ThreadPoolExecutor.getTask(ThreadPoolExecutor.java:1070)
        at java.base@21.0.8/java.util.concurrent.ThreadPoolExecutor.runWorker(ThreadPoolExecutor.java:1130)
        at java.base@21.0.8/java.util.concurrent.ThreadPoolExecutor$Worker.run(ThreadPoolExecutor.java:642)
        at java.base@21.0.8/java.lang.Thread.runWith(Thread.java:1596)
        at java.base@21.0.8/java.lang.Thread.run(Thread.java:1583)
"pool-158-thread-1" daemon prio=5 tid=934 timed_waiting
java.lang.Thread.State: TIMED_WAITING
        at java.base@21.0.8/jdk.internal.misc.Unsafe.park(Native Method)
        at java.base@21.0.8/java.util.concurrent.locks.LockSupport.parkNanos(LockSupport.java:269)
        at java.base@21.0.8/java.util.concurrent.locks.AbstractQueuedSynchronizer$ConditionObject.awaitNanos(AbstractQueuedSynchronizer.java:1763)
        at java.base@21.0.8/java.util.concurrent.ScheduledThreadPoolExecutor$DelayedWorkQueue.take(ScheduledThreadPoolExecutor.java:1182)
        at java.base@21.0.8/java.util.concurrent.ScheduledThreadPoolExecutor$DelayedWorkQueue.take(ScheduledThreadPoolExecutor.java:899)
        at java.base@21.0.8/java.util.concurrent.ThreadPoolExecutor.getTask(ThreadPoolExecutor.java:1070)
        at java.base@21.0.8/java.util.concurrent.ThreadPoolExecutor.runWorker(ThreadPoolExecutor.java:1130)
        at java.base@21.0.8/java.util.concurrent.ThreadPoolExecutor$Worker.run(ThreadPoolExecutor.java:642)
        at java.base@21.0.8/java.lang.Thread.runWith(Thread.java:1596)
        at java.base@21.0.8/java.lang.Thread.run(Thread.java:1583)
"IPC Server handler 98 on default port 15004" daemon prio=5 tid=436 timed_waiting
java.lang.Thread.State: TIMED_WAITING
        at java.base@21.0.8/jdk.internal.misc.Unsafe.park(Native Method)
        at java.base@21.0.8/java.util.concurrent.locks.LockSupport.parkNanos(LockSupport.java:269)
        at java.base@21.0.8/java.util.concurrent.locks.AbstractQueuedSynchronizer$ConditionObject.awaitNanos(AbstractQueuedSynchronizer.java:1763)
        at java.base@21.0.8/java.util.concurrent.LinkedBlockingQueue.poll(LinkedBlockingQueue.java:460)
        at app//org.apache.hadoop.ipc.CallQueueManager.take(CallQueueManager.java:370)
        at app//org.apache.hadoop.ipc.Server$Handler.run(Server.java:3165)
"EventQueue-PipelineReportForOneReplicaPipelineSafeModeRule" daemon prio=5 tid=964 in Object.wait()
java.lang.Thread.State: WAITING (on object monitor)
        at java.base@21.0.8/jdk.internal.misc.Unsafe.park(Native Method)
        at java.base@21.0.8/java.util.concurrent.locks.LockSupport.park(LockSupport.java:371)
        at java.base@21.0.8/java.util.concurrent.locks.AbstractQueuedSynchronizer$ConditionNode.block(AbstractQueuedSynchronizer.java:519)
        at java.base@21.0.8/java.util.concurrent.ForkJoinPool.unmanagedBlock(ForkJoinPool.java:3780)
        at java.base@21.0.8/java.util.concurrent.ForkJoinPool.managedBlock(ForkJoinPool.java:3725)
        at java.base@21.0.8/java.util.concurrent.locks.AbstractQueuedSynchronizer$ConditionObject.await(AbstractQueuedSynchronizer.java:1712)
        at java.base@21.0.8/java.util.concurrent.LinkedBlockingQueue.take(LinkedBlockingQueue.java:435)
        at java.base@21.0.8/java.util.concurrent.ThreadPoolExecutor.getTask(ThreadPoolExecutor.java:1070)
        at java.base@21.0.8/java.util.concurrent.ThreadPoolExecutor.runWorker(ThreadPoolExecutor.java:1130)
        at java.base@21.0.8/java.util.concurrent.ThreadPoolExecutor$Worker.run(ThreadPoolExecutor.java:642)
        at java.base@21.0.8/java.lang.Thread.runWith(Thread.java:1596)
        at java.base@21.0.8/java.lang.Thread.run(Thread.java:1583)
"UnderReplicatedProcessor" daemon prio=5 tid=58 timed_waiting
java.lang.Thread.State: TIMED_WAITING
        at java.base@21.0.8/java.lang.Object.wait0(Native Method)
        at java.base@21.0.8/java.lang.Object.wait(Object.java:366)
        at app//org.apache.hadoop.hdds.scm.container.replication.UnhealthyReplicationProcessor.run(UnhealthyReplicationProcessor.java:172)
        at java.base@21.0.8/java.lang.Thread.runWith(Thread.java:1596)
        at java.base@21.0.8/java.lang.Thread.run(Thread.java:1583)
"pool-129-thread-1" daemon prio=5 tid=886 timed_waiting
java.lang.Thread.State: TIMED_WAITING
        at java.base@21.0.8/jdk.internal.misc.Unsafe.park(Native Method)
        at java.base@21.0.8/java.util.concurrent.locks.LockSupport.parkNanos(LockSupport.java:269)
        at java.base@21.0.8/java.util.concurrent.locks.AbstractQueuedSynchronizer$ConditionObject.awaitNanos(AbstractQueuedSynchronizer.java:1763)
        at java.base@21.0.8/java.util.concurrent.ScheduledThreadPoolExecutor$DelayedWorkQueue.take(ScheduledThreadPoolExecutor.java:1182)
        at java.base@21.0.8/java.util.concurrent.ScheduledThreadPoolExecutor$DelayedWorkQueue.take(ScheduledThreadPoolExecutor.java:899)
        at java.base@21.0.8/java.util.concurrent.ThreadPoolExecutor.getTask(ThreadPoolExecutor.java:1070)
        at java.base@21.0.8/java.util.concurrent.ThreadPoolExecutor.runWorker(ThreadPoolExecutor.java:1130)
        at java.base@21.0.8/java.util.concurrent.ThreadPoolExecutor$Worker.run(ThreadPoolExecutor.java:642)
        at java.base@21.0.8/java.lang.Thread.runWith(Thread.java:1596)
        at java.base@21.0.8/java.lang.Thread.run(Thread.java:1583)
"IPC Server Responder" daemon prio=5 tid=87 runnable
java.lang.Thread.State: RUNNABLE
        at java.base@21.0.8/sun.nio.ch.EPoll.wait(Native Method)
        at java.base@21.0.8/sun.nio.ch.EPollSelectorImpl.doSelect(EPollSelectorImpl.java:121)
        at java.base@21.0.8/sun.nio.ch.SelectorImpl.lockAndDoSelect(SelectorImpl.java:130)
        at java.base@21.0.8/sun.nio.ch.SelectorImpl.select(SelectorImpl.java:142)
        at app//org.apache.hadoop.ipc.Server$Responder.doRunLoop(Server.java:1733)
        at app//org.apache.hadoop.ipc.Server$Responder.run(Server.java:1716)
"IPC Server handler 5 on default port 15045" daemon prio=5 tid=942 timed_waiting
java.lang.Thread.State: TIMED_WAITING
        at java.base@21.0.8/jdk.internal.misc.Unsafe.park(Native Method)
        at java.base@21.0.8/java.util.concurrent.locks.LockSupport.parkNanos(LockSupport.java:269)
        at java.base@21.0.8/java.util.concurrent.locks.AbstractQueuedSynchronizer$ConditionObject.awaitNanos(AbstractQueuedSynchronizer.java:1763)
        at java.base@21.0.8/java.util.concurrent.LinkedBlockingQueue.poll(LinkedBlockingQueue.java:460)
        at app//org.apache.hadoop.ipc.CallQueueManager.take(CallQueueManager.java:370)
        at app//org.apache.hadoop.ipc.Server$Handler.run(Server.java:3165)
"74afb32b-8e70-4799-b16c-dc9602d9dbb6-BlockDeletingService#1" daemon prio=5 tid=1027 in Object.wait()
java.lang.Thread.State: WAITING (on object monitor)
        at java.base@21.0.8/jdk.internal.misc.Unsafe.park(Native Method)
        at java.base@21.0.8/java.util.concurrent.locks.LockSupport.park(LockSupport.java:371)
        at java.base@21.0.8/java.util.concurrent.locks.AbstractQueuedSynchronizer$ConditionNode.block(AbstractQueuedSynchronizer.java:519)
        at java.base@21.0.8/java.util.concurrent.ForkJoinPool.unmanagedBlock(ForkJoinPool.java:3780)
        at java.base@21.0.8/java.util.concurrent.ForkJoinPool.managedBlock(ForkJoinPool.java:3725)
        at java.base@21.0.8/java.util.concurrent.locks.AbstractQueuedSynchronizer$ConditionObject.await(AbstractQueuedSynchronizer.java:1712)
        at java.base@21.0.8/java.util.concurrent.ScheduledThreadPoolExecutor$DelayedWorkQueue.take(ScheduledThreadPoolExecutor.java:1177)
        at java.base@21.0.8/java.util.concurrent.ScheduledThreadPoolExecutor$DelayedWorkQueue.take(ScheduledThreadPoolExecutor.java:899)
        at java.base@21.0.8/java.util.concurrent.ThreadPoolExecutor.getTask(ThreadPoolExecutor.java:1070)
        at java.base@21.0.8/java.util.concurrent.ThreadPoolExecutor.runWorker(ThreadPoolExecutor.java:1130)
        at java.base@21.0.8/java.util.concurrent.ThreadPoolExecutor$Worker.run(ThreadPoolExecutor.java:642)
        at java.base@21.0.8/java.lang.Thread.runWith(Thread.java:1596)
        at java.base@21.0.8/java.lang.Thread.run(Thread.java:1583)
"fc0351b7-0c71-4a2a-a0ca-337e5c0b1c14-ChunkWriter-1-0" daemon prio=5 tid=993 in Object.wait()
java.lang.Thread.State: WAITING (on object monitor)
        at java.base@21.0.8/jdk.internal.misc.Unsafe.park(Native Method)
        at java.base@21.0.8/java.util.concurrent.locks.LockSupport.park(LockSupport.java:371)
        at java.base@21.0.8/java.util.concurrent.locks.AbstractQueuedSynchronizer$ConditionNode.block(AbstractQueuedSynchronizer.java:519)
        at java.base@21.0.8/java.util.concurrent.ForkJoinPool.unmanagedBlock(ForkJoinPool.java:3780)
        at java.base@21.0.8/java.util.concurrent.ForkJoinPool.managedBlock(ForkJoinPool.java:3725)
        at java.base@21.0.8/java.util.concurrent.locks.AbstractQueuedSynchronizer$ConditionObject.await(AbstractQueuedSynchronizer.java:1712)
        at java.base@21.0.8/java.util.concurrent.LinkedBlockingDeque.takeFirst(LinkedBlockingDeque.java:485)
        at java.base@21.0.8/java.util.concurrent.LinkedBlockingDeque.take(LinkedBlockingDeque.java:673)
        at java.base@21.0.8/java.util.concurrent.ThreadPoolExecutor.getTask(ThreadPoolExecutor.java:1070)
        at java.base@21.0.8/java.util.concurrent.ThreadPoolExecutor.runWorker(ThreadPoolExecutor.java:1130)
        at java.base@21.0.8/java.util.concurrent.ThreadPoolExecutor$Worker.run(ThreadPoolExecutor.java:642)
        at java.base@21.0.8/java.lang.Thread.runWith(Thread.java:1596)
        at java.base@21.0.8/java.lang.Thread.run(Thread.java:1583)
"74afb32b-8e70-4799-b16c-dc9602d9dbb6-ChunkWriter-3-0" daemon prio=5 tid=1022 in Object.wait()
java.lang.Thread.State: WAITING (on object monitor)
        at java.base@21.0.8/jdk.internal.misc.Unsafe.park(Native Method)
        at java.base@21.0.8/java.util.concurrent.locks.LockSupport.park(LockSupport.java:371)
        at java.base@21.0.8/java.util.concurrent.locks.AbstractQueuedSynchronizer$ConditionNode.block(AbstractQueuedSynchronizer.java:519)
        at java.base@21.0.8/java.util.concurrent.ForkJoinPool.unmanagedBlock(ForkJoinPool.java:3780)
        at java.base@21.0.8/java.util.concurrent.ForkJoinPool.managedBlock(ForkJoinPool.java:3725)
        at java.base@21.0.8/java.util.concurrent.locks.AbstractQueuedSynchronizer$ConditionObject.await(AbstractQueuedSynchronizer.java:1712)
        at java.base@21.0.8/java.util.concurrent.LinkedBlockingDeque.takeFirst(LinkedBlockingDeque.java:485)
        at java.base@21.0.8/java.util.concurrent.LinkedBlockingDeque.take(LinkedBlockingDeque.java:673)
        at java.base@21.0.8/java.util.concurrent.ThreadPoolExecutor.getTask(ThreadPoolExecutor.java:1070)
        at java.base@21.0.8/java.util.concurrent.ThreadPoolExecutor.runWorker(ThreadPoolExecutor.java:1130)
        at java.base@21.0.8/java.util.concurrent.ThreadPoolExecutor$Worker.run(ThreadPoolExecutor.java:642)
        at java.base@21.0.8/java.lang.Thread.runWith(Thread.java:1596)
        at java.base@21.0.8/java.lang.Thread.run(Thread.java:1583)
"IPC Server handler 1 on default port 15004" daemon prio=5 tid=339 timed_waiting
java.lang.Thread.State: TIMED_WAITING
        at java.base@21.0.8/jdk.internal.misc.Unsafe.park(Native Method)
        at java.base@21.0.8/java.util.concurrent.locks.LockSupport.parkNanos(LockSupport.java:269)
        at java.base@21.0.8/java.util.concurrent.locks.AbstractQueuedSynchronizer$ConditionObject.awaitNanos(AbstractQueuedSynchronizer.java:1763)
        at java.base@21.0.8/java.util.concurrent.LinkedBlockingQueue.poll(LinkedBlockingQueue.java:460)
        at app//org.apache.hadoop.ipc.CallQueueManager.take(CallQueueManager.java:370)
        at app//org.apache.hadoop.ipc.Server$Handler.run(Server.java:3165)
"IPC Server handler 23 on default port 15001" daemon prio=5 tid=581 timed_waiting
java.lang.Thread.State: TIMED_WAITING
        at java.base@21.0.8/jdk.internal.misc.Unsafe.park(Native Method)
        at java.base@21.0.8/java.util.concurrent.locks.LockSupport.parkNanos(LockSupport.java:269)
        at java.base@21.0.8/java.util.concurrent.locks.AbstractQueuedSynchronizer$ConditionObject.awaitNanos(AbstractQueuedSynchronizer.java:1763)
        at java.base@21.0.8/java.util.concurrent.LinkedBlockingQueue.poll(LinkedBlockingQueue.java:460)
        at app//org.apache.hadoop.ipc.CallQueueManager.take(CallQueueManager.java:370)
        at app//org.apache.hadoop.ipc.Server$Handler.run(Server.java:3165)
"Reference Handler" daemon prio=10 tid=9 runnable
java.lang.Thread.State: RUNNABLE
        at java.base@21.0.8/java.lang.ref.Reference.waitForReferencePendingList(Native Method)
        at java.base@21.0.8/java.lang.ref.Reference.processPendingReferences(Reference.java:246)
        at java.base@21.0.8/java.lang.ref.Reference$ReferenceHandler.run(Reference.java:208)
"pool-151-thread-1"  prio=5 tid=717 timed_waiting
java.lang.Thread.State: TIMED_WAITING
        at java.base@21.0.8/jdk.internal.misc.Unsafe.park(Native Method)
        at java.base@21.0.8/java.util.concurrent.locks.LockSupport.parkNanos(LockSupport.java:269)
        at java.base@21.0.8/java.util.concurrent.locks.AbstractQueuedSynchronizer$ConditionObject.awaitNanos(AbstractQueuedSynchronizer.java:1763)
        at java.base@21.0.8/java.util.concurrent.ScheduledThreadPoolExecutor$DelayedWorkQueue.take(ScheduledThreadPoolExecutor.java:1182)
        at java.base@21.0.8/java.util.concurrent.ScheduledThreadPoolExecutor$DelayedWorkQueue.take(ScheduledThreadPoolExecutor.java:899)
        at java.base@21.0.8/java.util.concurrent.ThreadPoolExecutor.getTask(ThreadPoolExecutor.java:1070)
        at java.base@21.0.8/java.util.concurrent.ThreadPoolExecutor.runWorker(ThreadPoolExecutor.java:1130)
        at java.base@21.0.8/java.util.concurrent.ThreadPoolExecutor$Worker.run(ThreadPoolExecutor.java:642)
        at java.base@21.0.8/java.lang.Thread.runWith(Thread.java:1596)
        at java.base@21.0.8/java.lang.Thread.run(Thread.java:1583)
"surefire-forkedjvm-ping-30s" daemon prio=5 tid=27 timed_waiting
java.lang.Thread.State: TIMED_WAITING
        at java.base@21.0.8/jdk.internal.misc.Unsafe.park(Native Method)
        at java.base@21.0.8/java.util.concurrent.locks.LockSupport.parkNanos(LockSupport.java:269)
        at java.base@21.0.8/java.util.concurrent.locks.AbstractQueuedSynchronizer$ConditionObject.awaitNanos(AbstractQueuedSynchronizer.java:1763)
        at java.base@21.0.8/java.util.concurrent.ScheduledThreadPoolExecutor$DelayedWorkQueue.take(ScheduledThreadPoolExecutor.java:1182)
        at java.base@21.0.8/java.util.concurrent.ScheduledThreadPoolExecutor$DelayedWorkQueue.take(ScheduledThreadPoolExecutor.java:899)
        at java.base@21.0.8/java.util.concurrent.ThreadPoolExecutor.getTask(ThreadPoolExecutor.java:1070)
        at java.base@21.0.8/java.util.concurrent.ThreadPoolExecutor.runWorker(ThreadPoolExecutor.java:1130)
        at java.base@21.0.8/java.util.concurrent.ThreadPoolExecutor$Worker.run(ThreadPoolExecutor.java:642)
        at java.base@21.0.8/java.lang.Thread.runWith(Thread.java:1596)
        at java.base@21.0.8/java.lang.Thread.run(Thread.java:1583)
"IPC Server handler 28 on default port 15001" daemon prio=5 tid=586 timed_waiting
java.lang.Thread.State: TIMED_WAITING
        at java.base@21.0.8/jdk.internal.misc.Unsafe.park(Native Method)
        at java.base@21.0.8/java.util.concurrent.locks.LockSupport.parkNanos(LockSupport.java:269)
        at java.base@21.0.8/java.util.concurrent.locks.AbstractQueuedSynchronizer$ConditionObject.awaitNanos(AbstractQueuedSynchronizer.java:1763)
        at java.base@21.0.8/java.util.concurrent.LinkedBlockingQueue.poll(LinkedBlockingQueue.java:460)
        at app//org.apache.hadoop.ipc.CallQueueManager.take(CallQueueManager.java:370)
        at app//org.apache.hadoop.ipc.Server$Handler.run(Server.java:3165)
"qtp1181622455-548" daemon prio=5 tid=548 runnable
java.lang.Thread.State: RUNNABLE
        at java.base@21.0.8/sun.nio.ch.EPoll.wait(Native Method)
        at java.base@21.0.8/sun.nio.ch.EPollSelectorImpl.doSelect(EPollSelectorImpl.java:121)
        at java.base@21.0.8/sun.nio.ch.SelectorImpl.lockAndDoSelect(SelectorImpl.java:130)
        at java.base@21.0.8/sun.nio.ch.SelectorImpl.select(SelectorImpl.java:147)
        at app//org.eclipse.jetty.io.ManagedSelector.nioSelect(ManagedSelector.java:183)
        at app//org.eclipse.jetty.io.ManagedSelector.select(ManagedSelector.java:190)
        at app//org.eclipse.jetty.io.ManagedSelector$SelectorProducer.select(ManagedSelector.java:606)
        at app//org.eclipse.jetty.io.ManagedSelector$SelectorProducer.produce(ManagedSelector.java:543)
        at app//org.eclipse.jetty.util.thread.strategy.EatWhatYouKill.produceTask(EatWhatYouKill.java:362)
        at app//org.eclipse.jetty.util.thread.strategy.EatWhatYouKill.doProduce(EatWhatYouKill.java:186)
        at app//org.eclipse.jetty.util.thread.strategy.EatWhatYouKill.tryProduce(EatWhatYouKill.java:173)
        at app//org.eclipse.jetty.util.thread.strategy.EatWhatYouKill.run(EatWhatYouKill.java:131)
        at app//org.eclipse.jetty.util.thread.ReservedThreadExecutor$ReservedThread.run(ReservedThreadExecutor.java:409)
        at app//org.eclipse.jetty.util.thread.QueuedThreadPool.runJob(QueuedThreadPool.java:883)
        at app//org.eclipse.jetty.util.thread.QueuedThreadPool$Runner.run(QueuedThreadPool.java:1034)
        at java.base@21.0.8/java.lang.Thread.runWith(Thread.java:1596)
        at java.base@21.0.8/java.lang.Thread.run(Thread.java:1583)
"IPC Server handler 2 on default port 15008" daemon prio=5 tid=494 timed_waiting
java.lang.Thread.State: TIMED_WAITING
        at java.base@21.0.8/jdk.internal.misc.Unsafe.park(Native Method)
        at java.base@21.0.8/java.util.concurrent.locks.LockSupport.parkNanos(LockSupport.java:269)
        at java.base@21.0.8/java.util.concurrent.locks.AbstractQueuedSynchronizer$ConditionObject.awaitNanos(AbstractQueuedSynchronizer.java:1763)
        at java.base@21.0.8/java.util.concurrent.LinkedBlockingQueue.poll(LinkedBlockingQueue.java:460)
        at app//org.apache.hadoop.ipc.CallQueueManager.take(CallQueueManager.java:370)
        at app//org.apache.hadoop.ipc.Server$Handler.run(Server.java:3165)
"Socket Reader #2 for port 15004" daemon prio=5 tid=63 runnable
java.lang.Thread.State: RUNNABLE
        at java.base@21.0.8/sun.nio.ch.EPoll.wait(Native Method)
        at java.base@21.0.8/sun.nio.ch.EPollSelectorImpl.doSelect(EPollSelectorImpl.java:121)
        at java.base@21.0.8/sun.nio.ch.SelectorImpl.lockAndDoSelect(SelectorImpl.java:130)
        at java.base@21.0.8/sun.nio.ch.SelectorImpl.select(SelectorImpl.java:147)
        at app//org.apache.hadoop.ipc.Server$Listener$Reader.doRunLoop(Server.java:1497)
        at app//org.apache.hadoop.ipc.Server$Listener$Reader.run(Server.java:1476)
"SCMHeartbeatProcessor-0" daemon prio=5 tid=53 timed_waiting
java.lang.Thread.State: TIMED_WAITING
        at java.base@21.0.8/jdk.internal.misc.Unsafe.park(Native Method)
        at java.base@21.0.8/java.util.concurrent.locks.LockSupport.parkNanos(LockSupport.java:269)
        at java.base@21.0.8/java.util.concurrent.locks.AbstractQueuedSynchronizer$ConditionObject.awaitNanos(AbstractQueuedSynchronizer.java:1763)
        at java.base@21.0.8/java.util.concurrent.ScheduledThreadPoolExecutor$DelayedWorkQueue.take(ScheduledThreadPoolExecutor.java:1182)
        at java.base@21.0.8/java.util.concurrent.ScheduledThreadPoolExecutor$DelayedWorkQueue.take(ScheduledThreadPoolExecutor.java:899)
        at java.base@21.0.8/java.util.concurrent.ThreadPoolExecutor.getTask(ThreadPoolExecutor.java:1070)
        at java.base@21.0.8/java.util.concurrent.ThreadPoolExecutor.runWorker(ThreadPoolExecutor.java:1130)
        at java.base@21.0.8/java.util.concurrent.ThreadPoolExecutor$Worker.run(ThreadPoolExecutor.java:642)
        at java.base@21.0.8/java.lang.Thread.runWith(Thread.java:1596)
        at java.base@21.0.8/java.lang.Thread.run(Thread.java:1583)
"JvmPauseMonitor6" daemon prio=5 tid=973 timed_waiting
java.lang.Thread.State: TIMED_WAITING
        at java.base@21.0.8/java.lang.Thread.sleep0(Native Method)
        at java.base@21.0.8/java.lang.Thread.sleep(Thread.java:558)
        at java.base@21.0.8/java.util.concurrent.TimeUnit.sleep(TimeUnit.java:446)
        at app//org.apache.ratis.util.TimeDuration.sleep(TimeDuration.java:353)
        at app//org.apache.ratis.util.TimeDuration.sleep(TimeDuration.java:338)
        at app//org.apache.ratis.util.JvmPauseMonitor.detectPause(JvmPauseMonitor.java:160)
        at app//org.apache.ratis.util.JvmPauseMonitor.run(JvmPauseMonitor.java:149)
        at app//org.apache.ratis.util.JvmPauseMonitor$$Lambda/0x00007f9d6c3ae540.run(Unknown Source)
        at java.base@21.0.8/java.lang.Thread.runWith(Thread.java:1596)
        at java.base@21.0.8/java.lang.Thread.run(Thread.java:1583)
"ContainerMetadataScanner" daemon prio=5 tid=989 timed_waiting
java.lang.Thread.State: TIMED_WAITING
        at java.base@21.0.8/java.lang.Thread.sleep0(Native Method)
        at java.base@21.0.8/java.lang.Thread.sleep(Thread.java:509)
        at app//org.apache.hadoop.ozone.container.ozoneimpl.AbstractBackgroundContainerScanner.handleRemainingSleep(AbstractBackgroundContainerScanner.java:133)
        at app//org.apache.hadoop.ozone.container.ozoneimpl.AbstractBackgroundContainerScanner.runIteration(AbstractBackgroundContainerScanner.java:100)
        at app//org.apache.hadoop.ozone.container.ozoneimpl.AbstractBackgroundContainerScanner.run(AbstractBackgroundContainerScanner.java:59)
        at java.base@21.0.8/java.lang.Thread.runWith(Thread.java:1596)
        at java.base@21.0.8/java.lang.Thread.run(Thread.java:1583)
"IPC Server handler 54 on default port 15002" daemon prio=5 tid=174 timed_waiting
java.lang.Thread.State: TIMED_WAITING
        at java.base@21.0.8/jdk.internal.misc.Unsafe.park(Native Method)
        at java.base@21.0.8/java.util.concurrent.locks.LockSupport.parkNanos(LockSupport.java:269)
        at java.base@21.0.8/java.util.concurrent.locks.AbstractQueuedSynchronizer$ConditionObject.awaitNanos(AbstractQueuedSynchronizer.java:1763)
        at java.base@21.0.8/java.util.concurrent.LinkedBlockingQueue.poll(LinkedBlockingQueue.java:460)
        at app//org.apache.hadoop.ipc.CallQueueManager.take(CallQueueManager.java:370)
        at app//org.apache.hadoop.ipc.Server$Handler.run(Server.java:3165)
"IPC Server handler 2 on default port 15004" daemon prio=5 tid=340 timed_waiting
java.lang.Thread.State: TIMED_WAITING
        at java.base@21.0.8/jdk.internal.misc.Unsafe.park(Native Method)
        at java.base@21.0.8/java.util.concurrent.locks.LockSupport.parkNanos(LockSupport.java:269)
        at java.base@21.0.8/java.util.concurrent.locks.AbstractQueuedSynchronizer$ConditionObject.awaitNanos(AbstractQueuedSynchronizer.java:1763)
        at java.base@21.0.8/java.util.concurrent.LinkedBlockingQueue.poll(LinkedBlockingQueue.java:460)
        at app//org.apache.hadoop.ipc.CallQueueManager.take(CallQueueManager.java:370)
        at app//org.apache.hadoop.ipc.Server$Handler.run(Server.java:3165)
"fc0351b7-0c71-4a2a-a0ca-337e5c0b1c14@group-B7EF3C0ABF3A-SegmentedRaftLogWorker"  prio=5 tid=1089 timed_waiting
java.lang.Thread.State: TIMED_WAITING
        at java.base@21.0.8/jdk.internal.misc.Unsafe.park(Native Method)
        at java.base@21.0.8/java.util.concurrent.locks.LockSupport.parkNanos(LockSupport.java:269)
        at java.base@21.0.8/java.util.concurrent.locks.AbstractQueuedSynchronizer$ConditionObject.awaitNanos(AbstractQueuedSynchronizer.java:1763)
        at app//org.apache.ratis.util.DataBlockingQueue.poll(DataBlockingQueue.java:148)
        at app//org.apache.ratis.server.raftlog.segmented.SegmentedRaftLogWorker.run(SegmentedRaftLogWorker.java:309)
        at app//org.apache.ratis.server.raftlog.segmented.SegmentedRaftLogWorker$$Lambda/0x00007f9d6c3946c0.run(Unknown Source)
        at java.base@21.0.8/java.util.concurrent.Executors$RunnableAdapter.call(Executors.java:572)
        at java.base@21.0.8/java.util.concurrent.FutureTask.run(FutureTask.java:317)
        at java.base@21.0.8/java.util.concurrent.ThreadPoolExecutor.runWorker(ThreadPoolExecutor.java:1144)
        at java.base@21.0.8/java.util.concurrent.ThreadPoolExecutor$Worker.run(ThreadPoolExecutor.java:642)
        at java.base@21.0.8/java.lang.Thread.runWith(Thread.java:1596)
        at java.base@21.0.8/java.lang.Thread.run(Thread.java:1583)
"fc0351b7-0c71-4a2a-a0ca-337e5c0b1c14-DatanodeReportManager-0" daemon prio=5 tid=875 in Object.wait()
java.lang.Thread.State: WAITING (on object monitor)
        at java.base@21.0.8/jdk.internal.misc.Unsafe.park(Native Method)
        at java.base@21.0.8/java.util.concurrent.locks.LockSupport.park(LockSupport.java:371)
        at java.base@21.0.8/java.util.concurrent.locks.AbstractQueuedSynchronizer$ConditionNode.block(AbstractQueuedSynchronizer.java:519)
        at java.base@21.0.8/java.util.concurrent.ForkJoinPool.unmanagedBlock(ForkJoinPool.java:3780)
        at java.base@21.0.8/java.util.concurrent.ForkJoinPool.managedBlock(ForkJoinPool.java:3725)
        at java.base@21.0.8/java.util.concurrent.locks.AbstractQueuedSynchronizer$ConditionObject.await(AbstractQueuedSynchronizer.java:1712)
        at java.base@21.0.8/java.util.concurrent.ScheduledThreadPoolExecutor$DelayedWorkQueue.take(ScheduledThreadPoolExecutor.java:1177)
        at java.base@21.0.8/java.util.concurrent.ScheduledThreadPoolExecutor$DelayedWorkQueue.take(ScheduledThreadPoolExecutor.java:899)
        at java.base@21.0.8/java.util.concurrent.ThreadPoolExecutor.getTask(ThreadPoolExecutor.java:1070)
        at java.base@21.0.8/java.util.concurrent.ThreadPoolExecutor.runWorker(ThreadPoolExecutor.java:1130)
        at java.base@21.0.8/java.util.concurrent.ThreadPoolExecutor$Worker.run(ThreadPoolExecutor.java:642)
        at java.base@21.0.8/java.lang.Thread.runWith(Thread.java:1596)
        at java.base@21.0.8/java.lang.Thread.run(Thread.java:1583)
"IPC Server handler 12 on default port 15003" daemon prio=5 tid=232 timed_waiting
java.lang.Thread.State: TIMED_WAITING
        at java.base@21.0.8/jdk.internal.misc.Unsafe.park(Native Method)
        at java.base@21.0.8/java.util.concurrent.locks.LockSupport.parkNanos(LockSupport.java:269)
        at java.base@21.0.8/java.util.concurrent.locks.AbstractQueuedSynchronizer$ConditionObject.awaitNanos(AbstractQueuedSynchronizer.java:1763)
        at java.base@21.0.8/java.util.concurrent.LinkedBlockingQueue.poll(LinkedBlockingQueue.java:460)
        at app//org.apache.hadoop.ipc.CallQueueManager.take(CallQueueManager.java:370)
        at app//org.apache.hadoop.ipc.Server$Handler.run(Server.java:3165)
"IPC Server Responder" daemon prio=5 tid=532 runnable
java.lang.Thread.State: RUNNABLE
        at java.base@21.0.8/sun.nio.ch.EPoll.wait(Native Method)
        at java.base@21.0.8/sun.nio.ch.EPollSelectorImpl.doSelect(EPollSelectorImpl.java:121)
        at java.base@21.0.8/sun.nio.ch.SelectorImpl.lockAndDoSelect(SelectorImpl.java:130)
        at java.base@21.0.8/sun.nio.ch.SelectorImpl.select(SelectorImpl.java:142)
        at app//org.apache.hadoop.ipc.Server$Responder.doRunLoop(Server.java:1733)
        at app//org.apache.hadoop.ipc.Server$Responder.run(Server.java:1716)
"ContainerSizeCountTask" daemon prio=5 tid=660 timed_waiting
java.lang.Thread.State: TIMED_WAITING
        at java.base@21.0.8/java.lang.Object.wait0(Native Method)
        at java.base@21.0.8/java.lang.Object.wait(Object.java:366)
        at app//org.apache.hadoop.ozone.recon.tasks.ContainerSizeCountTask.run(ContainerSizeCountTask.java:87)
        at app//org.apache.hadoop.ozone.recon.scm.ReconScmTask$$Lambda/0x00007f9d6cc57bd0.run(Unknown Source)
        at java.base@21.0.8/java.lang.Thread.runWith(Thread.java:1596)
        at java.base@21.0.8/java.lang.Thread.run(Thread.java:1583)
"IPC Server handler 75 on default port 15003" daemon prio=5 tid=295 timed_waiting
java.lang.Thread.State: TIMED_WAITING
        at java.base@21.0.8/jdk.internal.misc.Unsafe.park(Native Method)
        at java.base@21.0.8/java.util.concurrent.locks.LockSupport.parkNanos(LockSupport.java:269)
        at java.base@21.0.8/java.util.concurrent.locks.AbstractQueuedSynchronizer$ConditionObject.awaitNanos(AbstractQueuedSynchronizer.java:1763)
        at java.base@21.0.8/java.util.concurrent.LinkedBlockingQueue.poll(LinkedBlockingQueue.java:460)
        at app//org.apache.hadoop.ipc.CallQueueManager.take(CallQueueManager.java:370)
        at app//org.apache.hadoop.ipc.Server$Handler.run(Server.java:3165)
"Socket Reader #10 for port 15001" daemon prio=5 tid=530 runnable
java.lang.Thread.State: RUNNABLE
        at java.base@21.0.8/sun.nio.ch.EPoll.wait(Native Method)
        at java.base@21.0.8/sun.nio.ch.EPollSelectorImpl.doSelect(EPollSelectorImpl.java:121)
        at java.base@21.0.8/sun.nio.ch.SelectorImpl.lockAndDoSelect(SelectorImpl.java:130)
        at java.base@21.0.8/sun.nio.ch.SelectorImpl.select(SelectorImpl.java:147)
        at app//org.apache.hadoop.ipc.Server$Listener$Reader.doRunLoop(Server.java:1497)
        at app//org.apache.hadoop.ipc.Server$Listener$Reader.run(Server.java:1476)
"SSL Certificates Store Monitor" daemon prio=5 tid=1361 in Object.wait()
java.lang.Thread.State: WAITING (on object monitor)
        at java.base@21.0.8/java.lang.Object.wait0(Native Method)
        at java.base@21.0.8/java.lang.Object.wait(Object.java:366)
        at java.base@21.0.8/java.lang.Object.wait(Object.java:339)
        at java.base@21.0.8/java.util.TimerThread.mainLoop(Timer.java:537)
        at java.base@21.0.8/java.util.TimerThread.run(Timer.java:516)
"om1-SnapshotDeletingService#0" daemon prio=5 tid=480 timed_waiting
java.lang.Thread.State: TIMED_WAITING
        at java.base@21.0.8/jdk.internal.misc.Unsafe.park(Native Method)
        at java.base@21.0.8/java.util.concurrent.locks.LockSupport.parkNanos(LockSupport.java:269)
        at java.base@21.0.8/java.util.concurrent.locks.AbstractQueuedSynchronizer$ConditionObject.awaitNanos(AbstractQueuedSynchronizer.java:1763)
        at java.base@21.0.8/java.util.concurrent.ScheduledThreadPoolExecutor$DelayedWorkQueue.take(ScheduledThreadPoolExecutor.java:1182)
        at java.base@21.0.8/java.util.concurrent.ScheduledThreadPoolExecutor$DelayedWorkQueue.take(ScheduledThreadPoolExecutor.java:899)
        at java.base@21.0.8/java.util.concurrent.ThreadPoolExecutor.getTask(ThreadPoolExecutor.java:1070)
        at java.base@21.0.8/java.util.concurrent.ThreadPoolExecutor.runWorker(ThreadPoolExecutor.java:1130)
        at java.base@21.0.8/java.util.concurrent.ThreadPoolExecutor$Worker.run(ThreadPoolExecutor.java:642)
        at java.base@21.0.8/java.lang.Thread.runWith(Thread.java:1596)
        at java.base@21.0.8/java.lang.Thread.run(Thread.java:1583)
"IPC Server listener on 15037" daemon prio=5 tid=850 runnable
java.lang.Thread.State: RUNNABLE
        at java.base@21.0.8/sun.nio.ch.EPoll.wait(Native Method)
        at java.base@21.0.8/sun.nio.ch.EPollSelectorImpl.doSelect(EPollSelectorImpl.java:121)
        at java.base@21.0.8/sun.nio.ch.SelectorImpl.lockAndDoSelect(SelectorImpl.java:130)
        at java.base@21.0.8/sun.nio.ch.SelectorImpl.select(SelectorImpl.java:147)
        at app//org.apache.hadoop.ipc.Server$Listener.run(Server.java:1559)
"IPC Server idle connection scanner for port 15045" daemon prio=5 tid=932 timed_waiting
java.lang.Thread.State: TIMED_WAITING
        at java.base@21.0.8/java.lang.Object.wait0(Native Method)
        at java.base@21.0.8/java.lang.Object.wait(Object.java:366)
        at java.base@21.0.8/java.util.TimerThread.mainLoop(Timer.java:563)
        at java.base@21.0.8/java.util.TimerThread.run(Timer.java:516)
"fc0351b7-0c71-4a2a-a0ca-337e5c0b1c14-NettyServerStreamRpc-bossGroup--thread1" daemon prio=5 tid=809 runnable
java.lang.Thread.State: RUNNABLE
        at app//org.apache.ratis.thirdparty.io.netty.channel.epoll.Native.epollWait(Native Method)
        at app//org.apache.ratis.thirdparty.io.netty.channel.epoll.Native.epollWait(Native.java:220)
        at app//org.apache.ratis.thirdparty.io.netty.channel.epoll.Native.epollWait(Native.java:213)
        at app//org.apache.ratis.thirdparty.io.netty.channel.epoll.EpollEventLoop.epollWaitNoTimerChange(EpollEventLoop.java:308)
        at app//org.apache.ratis.thirdparty.io.netty.channel.epoll.EpollEventLoop.run(EpollEventLoop.java:365)
        at app//org.apache.ratis.thirdparty.io.netty.util.concurrent.SingleThreadEventExecutor$4.run(SingleThreadEventExecutor.java:998)
        at app//org.apache.ratis.thirdparty.io.netty.util.internal.ThreadExecutorMap$2.run(ThreadExecutorMap.java:74)
        at java.base@21.0.8/java.lang.Thread.runWith(Thread.java:1596)
        at java.base@21.0.8/java.lang.Thread.run(Thread.java:1583)
"IPC Server handler 6 on default port 15001" daemon prio=5 tid=564 timed_waiting
java.lang.Thread.State: TIMED_WAITING
        at java.base@21.0.8/jdk.internal.misc.Unsafe.park(Native Method)
        at java.base@21.0.8/java.util.concurrent.locks.LockSupport.parkNanos(LockSupport.java:269)
        at java.base@21.0.8/java.util.concurrent.locks.AbstractQueuedSynchronizer$ConditionObject.awaitNanos(AbstractQueuedSynchronizer.java:1763)
        at java.base@21.0.8/java.util.concurrent.LinkedBlockingQueue.poll(LinkedBlockingQueue.java:460)
        at app//org.apache.hadoop.ipc.CallQueueManager.take(CallQueueManager.java:370)
        at app//org.apache.hadoop.ipc.Server$Handler.run(Server.java:3165)
"IPC Server handler 46 on default port 15004" daemon prio=5 tid=384 timed_waiting
java.lang.Thread.State: TIMED_WAITING
        at java.base@21.0.8/jdk.internal.misc.Unsafe.park(Native Method)
        at java.base@21.0.8/java.util.concurrent.locks.LockSupport.parkNanos(LockSupport.java:269)
        at java.base@21.0.8/java.util.concurrent.locks.AbstractQueuedSynchronizer$ConditionObject.awaitNanos(AbstractQueuedSynchronizer.java:1763)
        at java.base@21.0.8/java.util.concurrent.LinkedBlockingQueue.poll(LinkedBlockingQueue.java:460)
        at app//org.apache.hadoop.ipc.CallQueueManager.take(CallQueueManager.java:370)
        at app//org.apache.hadoop.ipc.Server$Handler.run(Server.java:3165)
"Recon-FixedThreadPoolWithAffinityExecutor-1-0" daemon prio=5 tid=535 timed_waiting
java.lang.Thread.State: TIMED_WAITING
        at java.base@21.0.8/jdk.internal.misc.Unsafe.park(Native Method)
        at java.base@21.0.8/java.util.concurrent.locks.LockSupport.parkNanos(LockSupport.java:269)
        at java.base@21.0.8/java.util.concurrent.locks.AbstractQueuedSynchronizer$ConditionObject.awaitNanos(AbstractQueuedSynchronizer.java:1763)
        at java.base@21.0.8/java.util.concurrent.LinkedBlockingQueue.poll(LinkedBlockingQueue.java:460)
        at app//org.apache.hadoop.hdds.scm.server.ContainerReportQueue.poll(ContainerReportQueue.java:269)
        at app//org.apache.hadoop.hdds.scm.server.ContainerReportQueue.poll(ContainerReportQueue.java:42)
        at app//org.apache.hadoop.hdds.server.events.FixedThreadPoolWithAffinityExecutor$ContainerReportProcessTask.run(FixedThreadPoolWithAffinityExecutor.java:228)
        at java.base@21.0.8/java.util.concurrent.Executors$RunnableAdapter.call(Executors.java:572)
        at java.base@21.0.8/java.util.concurrent.FutureTask.run(FutureTask.java:317)
        at java.base@21.0.8/java.util.concurrent.ThreadPoolExecutor.runWorker(ThreadPoolExecutor.java:1144)
        at java.base@21.0.8/java.util.concurrent.ThreadPoolExecutor$Worker.run(ThreadPoolExecutor.java:642)
        at java.base@21.0.8/java.lang.Thread.runWith(Thread.java:1596)
        at java.base@21.0.8/java.lang.Thread.run(Thread.java:1583)
"EventQueue-ContainerRegistrationReportForECContainerSafeModeRule" daemon prio=5 tid=955 in Object.wait()
java.lang.Thread.State: WAITING (on object monitor)
        at java.base@21.0.8/jdk.internal.misc.Unsafe.park(Native Method)
        at java.base@21.0.8/java.util.concurrent.locks.LockSupport.park(LockSupport.java:371)
        at java.base@21.0.8/java.util.concurrent.locks.AbstractQueuedSynchronizer$ConditionNode.block(AbstractQueuedSynchronizer.java:519)
        at java.base@21.0.8/java.util.concurrent.ForkJoinPool.unmanagedBlock(ForkJoinPool.java:3780)
        at java.base@21.0.8/java.util.concurrent.ForkJoinPool.managedBlock(ForkJoinPool.java:3725)
        at java.base@21.0.8/java.util.concurrent.locks.AbstractQueuedSynchronizer$ConditionObject.await(AbstractQueuedSynchronizer.java:1712)
        at java.base@21.0.8/java.util.concurrent.LinkedBlockingQueue.take(LinkedBlockingQueue.java:435)
        at java.base@21.0.8/java.util.concurrent.ThreadPoolExecutor.getTask(ThreadPoolExecutor.java:1070)
        at java.base@21.0.8/java.util.concurrent.ThreadPoolExecutor.runWorker(ThreadPoolExecutor.java:1130)
        at java.base@21.0.8/java.util.concurrent.ThreadPoolExecutor$Worker.run(ThreadPoolExecutor.java:642)
        at java.base@21.0.8/java.lang.Thread.runWith(Thread.java:1596)
        at java.base@21.0.8/java.lang.Thread.run(Thread.java:1583)
"grpc-default-worker-ELG-3-3" daemon prio=5 tid=1051 runnable
java.lang.Thread.State: RUNNABLE
        at app//org.apache.ratis.thirdparty.io.netty.channel.epoll.Native.epollWait0(Native Method)
        at app//org.apache.ratis.thirdparty.io.netty.channel.epoll.Native.epollWait(Native.java:193)
        at app//org.apache.ratis.thirdparty.io.netty.channel.epoll.EpollEventLoop.epollWait(EpollEventLoop.java:304)
        at app//org.apache.ratis.thirdparty.io.netty.channel.epoll.EpollEventLoop.run(EpollEventLoop.java:368)
        at app//org.apache.ratis.thirdparty.io.netty.util.concurrent.SingleThreadEventExecutor$4.run(SingleThreadEventExecutor.java:998)
        at app//org.apache.ratis.thirdparty.io.netty.util.internal.ThreadExecutorMap$2.run(ThreadExecutorMap.java:74)
        at app//org.apache.ratis.thirdparty.io.netty.util.concurrent.FastThreadLocalRunnable.run(FastThreadLocalRunnable.java:30)
        at java.base@21.0.8/java.lang.Thread.runWith(Thread.java:1596)
        at java.base@21.0.8/java.lang.Thread.run(Thread.java:1583)
"FixedThreadPoolWithAffinityExecutor-6-0" daemon prio=5 tid=109 timed_waiting
java.lang.Thread.State: TIMED_WAITING
        at java.base@21.0.8/jdk.internal.misc.Unsafe.park(Native Method)
        at java.base@21.0.8/java.util.concurrent.locks.LockSupport.parkNanos(LockSupport.java:269)
        at java.base@21.0.8/java.util.concurrent.locks.AbstractQueuedSynchronizer$ConditionObject.awaitNanos(AbstractQueuedSynchronizer.java:1763)
        at java.base@21.0.8/java.util.concurrent.LinkedBlockingQueue.poll(LinkedBlockingQueue.java:460)
        at app//org.apache.hadoop.hdds.scm.server.ContainerReportQueue.poll(ContainerReportQueue.java:269)
        at app//org.apache.hadoop.hdds.scm.server.ContainerReportQueue.poll(ContainerReportQueue.java:42)
        at app//org.apache.hadoop.hdds.server.events.FixedThreadPoolWithAffinityExecutor$ContainerReportProcessTask.run(FixedThreadPoolWithAffinityExecutor.java:228)
        at java.base@21.0.8/java.util.concurrent.Executors$RunnableAdapter.call(Executors.java:572)
        at java.base@21.0.8/java.util.concurrent.FutureTask.run(FutureTask.java:317)
        at java.base@21.0.8/java.util.concurrent.ThreadPoolExecutor.runWorker(ThreadPoolExecutor.java:1144)
        at java.base@21.0.8/java.util.concurrent.ThreadPoolExecutor$Worker.run(ThreadPoolExecutor.java:642)
        at java.base@21.0.8/java.lang.Thread.runWith(Thread.java:1596)
        at java.base@21.0.8/java.lang.Thread.run(Thread.java:1583)
"ContainerDataScanner(/home/runner/work/ozone/ozone/hadoop-ozone/integration-test-recon/target/test-dir/MiniOzoneClusterImpl-b15909b8-03a8-4b15-aaa3-a668c086c089/ozone-metadata/datanode-5/data-0/hdds)" daemon prio=5 tid=1016 timed_waiting
java.lang.Thread.State: TIMED_WAITING
        at java.base@21.0.8/java.lang.Thread.sleep0(Native Method)
        at java.base@21.0.8/java.lang.Thread.sleep(Thread.java:509)
        at app//org.apache.hadoop.ozone.container.ozoneimpl.AbstractBackgroundContainerScanner.handleRemainingSleep(AbstractBackgroundContainerScanner.java:133)
        at app//org.apache.hadoop.ozone.container.ozoneimpl.AbstractBackgroundContainerScanner.runIteration(AbstractBackgroundContainerScanner.java:100)
        at app//org.apache.hadoop.ozone.container.ozoneimpl.AbstractBackgroundContainerScanner.run(AbstractBackgroundContainerScanner.java:59)
        at java.base@21.0.8/java.lang.Thread.runWith(Thread.java:1596)
        at java.base@21.0.8/java.lang.Thread.run(Thread.java:1583)
"IPC Server handler 9 on default port 15008" daemon prio=5 tid=501 timed_waiting
java.lang.Thread.State: TIMED_WAITING
        at java.base@21.0.8/jdk.internal.misc.Unsafe.park(Native Method)
        at java.base@21.0.8/java.util.concurrent.locks.LockSupport.parkNanos(LockSupport.java:269)
        at java.base@21.0.8/java.util.concurrent.locks.AbstractQueuedSynchronizer$ConditionObject.awaitNanos(AbstractQueuedSynchronizer.java:1763)
        at java.base@21.0.8/java.util.concurrent.LinkedBlockingQueue.poll(LinkedBlockingQueue.java:460)
        at app//org.apache.hadoop.ipc.CallQueueManager.take(CallQueueManager.java:370)
        at app//org.apache.hadoop.ipc.Server$Handler.run(Server.java:3165)
"IPC Server handler 19 on default port 15008" daemon prio=5 tid=511 timed_waiting
java.lang.Thread.State: TIMED_WAITING
        at java.base@21.0.8/jdk.internal.misc.Unsafe.park(Native Method)
        at java.base@21.0.8/java.util.concurrent.locks.LockSupport.parkNanos(LockSupport.java:269)
        at java.base@21.0.8/java.util.concurrent.locks.AbstractQueuedSynchronizer$ConditionObject.awaitNanos(AbstractQueuedSynchronizer.java:1763)
        at java.base@21.0.8/java.util.concurrent.LinkedBlockingQueue.poll(LinkedBlockingQueue.java:460)
        at app//org.apache.hadoop.ipc.CallQueueManager.take(CallQueueManager.java:370)
        at app//org.apache.hadoop.ipc.Server$Handler.run(Server.java:3165)
"IPC Server handler 68 on default port 15001" daemon prio=5 tid=626 timed_waiting
java.lang.Thread.State: TIMED_WAITING
        at java.base@21.0.8/jdk.internal.misc.Unsafe.park(Native Method)
        at java.base@21.0.8/java.util.concurrent.locks.LockSupport.parkNanos(LockSupport.java:269)
        at java.base@21.0.8/java.util.concurrent.locks.AbstractQueuedSynchronizer$ConditionObject.awaitNanos(AbstractQueuedSynchronizer.java:1763)
        at java.base@21.0.8/java.util.concurrent.LinkedBlockingQueue.poll(LinkedBlockingQueue.java:460)
        at app//org.apache.hadoop.ipc.CallQueueManager.take(CallQueueManager.java:370)
        at app//org.apache.hadoop.ipc.Server$Handler.run(Server.java:3165)
"IPC Server handler 76 on default port 15001" daemon prio=5 tid=634 timed_waiting
java.lang.Thread.State: TIMED_WAITING
        at java.base@21.0.8/jdk.internal.misc.Unsafe.park(Native Method)
        at java.base@21.0.8/java.util.concurrent.locks.LockSupport.parkNanos(LockSupport.java:269)
        at java.base@21.0.8/java.util.concurrent.locks.AbstractQueuedSynchronizer$ConditionObject.awaitNanos(AbstractQueuedSynchronizer.java:1763)
        at java.base@21.0.8/java.util.concurrent.LinkedBlockingQueue.poll(LinkedBlockingQueue.java:460)
        at app//org.apache.hadoop.ipc.CallQueueManager.take(CallQueueManager.java:370)
        at app//org.apache.hadoop.ipc.Server$Handler.run(Server.java:3165)
"qtp249078499-719" daemon prio=5 tid=719 runnable
java.lang.Thread.State: RUNNABLE
        at java.base@21.0.8/sun.nio.ch.EPoll.wait(Native Method)
        at java.base@21.0.8/sun.nio.ch.EPollSelectorImpl.doSelect(EPollSelectorImpl.java:121)
        at java.base@21.0.8/sun.nio.ch.SelectorImpl.lockAndDoSelect(SelectorImpl.java:130)
        at java.base@21.0.8/sun.nio.ch.SelectorImpl.select(SelectorImpl.java:147)
        at app//org.eclipse.jetty.io.ManagedSelector.nioSelect(ManagedSelector.java:183)
        at app//org.eclipse.jetty.io.ManagedSelector.select(ManagedSelector.java:190)
        at app//org.eclipse.jetty.io.ManagedSelector$SelectorProducer.select(ManagedSelector.java:606)
        at app//org.eclipse.jetty.io.ManagedSelector$SelectorProducer.produce(ManagedSelector.java:543)
        at app//org.eclipse.jetty.util.thread.strategy.EatWhatYouKill.produceTask(EatWhatYouKill.java:362)
        at app//org.eclipse.jetty.util.thread.strategy.EatWhatYouKill.doProduce(EatWhatYouKill.java:186)
        at app//org.eclipse.jetty.util.thread.strategy.EatWhatYouKill.tryProduce(EatWhatYouKill.java:173)
        at app//org.eclipse.jetty.util.thread.strategy.EatWhatYouKill.produce(EatWhatYouKill.java:137)
        at app//org.eclipse.jetty.io.ManagedSelector$$Lambda/0x00007f9d6c6e5f08.run(Unknown Source)
        at app//org.eclipse.jetty.util.thread.QueuedThreadPool.runJob(QueuedThreadPool.java:883)
        at app//org.eclipse.jetty.util.thread.QueuedThreadPool$Runner.run(QueuedThreadPool.java:1034)
        at java.base@21.0.8/java.lang.Thread.runWith(Thread.java:1596)
        at java.base@21.0.8/java.lang.Thread.run(Thread.java:1583)
"c11f8a16-55ee-4f22-a5a5-7daf2dffa753-NettyServerStreamRpc-bossGroup--thread1" daemon prio=5 tid=714 runnable
java.lang.Thread.State: RUNNABLE
        at app//org.apache.ratis.thirdparty.io.netty.channel.epoll.Native.epollWait(Native Method)
        at app//org.apache.ratis.thirdparty.io.netty.channel.epoll.Native.epollWait(Native.java:220)
        at app//org.apache.ratis.thirdparty.io.netty.channel.epoll.Native.epollWait(Native.java:213)
        at app//org.apache.ratis.thirdparty.io.netty.channel.epoll.EpollEventLoop.epollWaitNoTimerChange(EpollEventLoop.java:308)
        at app//org.apache.ratis.thirdparty.io.netty.channel.epoll.EpollEventLoop.run(EpollEventLoop.java:365)
        at app//org.apache.ratis.thirdparty.io.netty.util.concurrent.SingleThreadEventExecutor$4.run(SingleThreadEventExecutor.java:998)
        at app//org.apache.ratis.thirdparty.io.netty.util.internal.ThreadExecutorMap$2.run(ThreadExecutorMap.java:74)
        at java.base@21.0.8/java.lang.Thread.runWith(Thread.java:1596)
        at java.base@21.0.8/java.lang.Thread.run(Thread.java:1583)
"pool-277-thread-1"  prio=5 tid=1335 in Object.wait()
java.lang.Thread.State: WAITING (on object monitor)
        at java.base@21.0.8/jdk.internal.misc.Unsafe.park(Native Method)
        at java.base@21.0.8/java.util.concurrent.locks.LockSupport.park(LockSupport.java:371)
        at java.base@21.0.8/java.util.concurrent.locks.AbstractQueuedSynchronizer$ConditionNode.block(AbstractQueuedSynchronizer.java:519)
        at java.base@21.0.8/java.util.concurrent.ForkJoinPool.unmanagedBlock(ForkJoinPool.java:3780)
        at java.base@21.0.8/java.util.concurrent.ForkJoinPool.managedBlock(ForkJoinPool.java:3725)
        at java.base@21.0.8/java.util.concurrent.locks.AbstractQueuedSynchronizer$ConditionObject.await(AbstractQueuedSynchronizer.java:1712)
        at java.base@21.0.8/java.util.concurrent.LinkedBlockingQueue.take(LinkedBlockingQueue.java:435)
        at java.base@21.0.8/java.util.concurrent.ThreadPoolExecutor.getTask(ThreadPoolExecutor.java:1070)
        at java.base@21.0.8/java.util.concurrent.ThreadPoolExecutor.runWorker(ThreadPoolExecutor.java:1130)
        at java.base@21.0.8/java.util.concurrent.ThreadPoolExecutor$Worker.run(ThreadPoolExecutor.java:642)
        at java.base@21.0.8/java.lang.Thread.runWith(Thread.java:1596)
        at java.base@21.0.8/java.lang.Thread.run(Thread.java:1583)
"IPC Server handler 8 on default port 15021" daemon prio=5 tid=749 timed_waiting
java.lang.Thread.State: TIMED_WAITING
        at java.base@21.0.8/jdk.internal.misc.Unsafe.park(Native Method)
        at java.base@21.0.8/java.util.concurrent.locks.LockSupport.parkNanos(LockSupport.java:269)
        at java.base@21.0.8/java.util.concurrent.locks.AbstractQueuedSynchronizer$ConditionObject.awaitNanos(AbstractQueuedSynchronizer.java:1763)
        at java.base@21.0.8/java.util.concurrent.LinkedBlockingQueue.poll(LinkedBlockingQueue.java:460)
        at app//org.apache.hadoop.ipc.CallQueueManager.take(CallQueueManager.java:370)
        at app//org.apache.hadoop.ipc.Server$Handler.run(Server.java:3165)
"IPC Server handler 3 on default port 15003" daemon prio=5 tid=223 timed_waiting
java.lang.Thread.State: TIMED_WAITING
        at java.base@21.0.8/jdk.internal.misc.Unsafe.park(Native Method)
        at java.base@21.0.8/java.util.concurrent.locks.LockSupport.parkNanos(LockSupport.java:269)
        at java.base@21.0.8/java.util.concurrent.locks.AbstractQueuedSynchronizer$ConditionObject.awaitNanos(AbstractQueuedSynchronizer.java:1763)
        at java.base@21.0.8/java.util.concurrent.LinkedBlockingQueue.poll(LinkedBlockingQueue.java:460)
        at app//org.apache.hadoop.ipc.CallQueueManager.take(CallQueueManager.java:370)
        at app//org.apache.hadoop.ipc.Server$Handler.run(Server.java:3165)
"IPC Server handler 1 on default port 15001" daemon prio=5 tid=559 timed_waiting
java.lang.Thread.State: TIMED_WAITING
        at java.base@21.0.8/jdk.internal.misc.Unsafe.park(Native Method)
        at java.base@21.0.8/java.util.concurrent.locks.LockSupport.parkNanos(LockSupport.java:269)
        at java.base@21.0.8/java.util.concurrent.locks.AbstractQueuedSynchronizer$ConditionObject.awaitNanos(AbstractQueuedSynchronizer.java:1763)
        at java.base@21.0.8/java.util.concurrent.LinkedBlockingQueue.poll(LinkedBlockingQueue.java:460)
        at app//org.apache.hadoop.ipc.CallQueueManager.take(CallQueueManager.java:370)
        at app//org.apache.hadoop.ipc.Server$Handler.run(Server.java:3165)
"qtp1782170617-818" daemon prio=5 tid=818 runnable
java.lang.Thread.State: RUNNABLE
        at java.base@21.0.8/sun.nio.ch.EPoll.wait(Native Method)
        at java.base@21.0.8/sun.nio.ch.EPollSelectorImpl.doSelect(EPollSelectorImpl.java:121)
        at java.base@21.0.8/sun.nio.ch.SelectorImpl.lockAndDoSelect(SelectorImpl.java:130)
        at java.base@21.0.8/sun.nio.ch.SelectorImpl.select(SelectorImpl.java:147)
        at app//org.eclipse.jetty.io.ManagedSelector.nioSelect(ManagedSelector.java:183)
        at app//org.eclipse.jetty.io.ManagedSelector.select(ManagedSelector.java:190)
        at app//org.eclipse.jetty.io.ManagedSelector$SelectorProducer.select(ManagedSelector.java:606)
        at app//org.eclipse.jetty.io.ManagedSelector$SelectorProducer.produce(ManagedSelector.java:543)
        at app//org.eclipse.jetty.util.thread.strategy.EatWhatYouKill.produceTask(EatWhatYouKill.java:362)
        at app//org.eclipse.jetty.util.thread.strategy.EatWhatYouKill.doProduce(EatWhatYouKill.java:186)
        at app//org.eclipse.jetty.util.thread.strategy.EatWhatYouKill.tryProduce(EatWhatYouKill.java:173)
        at app//org.eclipse.jetty.util.thread.strategy.EatWhatYouKill.produce(EatWhatYouKill.java:137)
        at app//org.eclipse.jetty.io.ManagedSelector$$Lambda/0x00007f9d6c6e5f08.run(Unknown Source)
        at app//org.eclipse.jetty.util.thread.QueuedThreadPool.runJob(QueuedThreadPool.java:883)
        at app//org.eclipse.jetty.util.thread.QueuedThreadPool$Runner.run(QueuedThreadPool.java:1034)
        at java.base@21.0.8/java.lang.Thread.runWith(Thread.java:1596)
        at java.base@21.0.8/java.lang.Thread.run(Thread.java:1583)
"qtp1597424614-329" daemon prio=5 tid=329 timed_waiting
java.lang.Thread.State: TIMED_WAITING
        at java.base@21.0.8/jdk.internal.misc.Unsafe.park(Native Method)
        at java.base@21.0.8/java.util.concurrent.locks.LockSupport.parkNanos(LockSupport.java:269)
        at java.base@21.0.8/java.util.concurrent.locks.AbstractQueuedSynchronizer$ConditionObject.awaitNanos(AbstractQueuedSynchronizer.java:1763)
        at app//org.eclipse.jetty.util.BlockingArrayQueue.poll(BlockingArrayQueue.java:382)
        at app//org.eclipse.jetty.util.thread.QueuedThreadPool$Runner.idleJobPoll(QueuedThreadPool.java:974)
        at app//org.eclipse.jetty.util.thread.QueuedThreadPool$Runner.run(QueuedThreadPool.java:1018)
        at java.base@21.0.8/java.lang.Thread.runWith(Thread.java:1596)
        at java.base@21.0.8/java.lang.Thread.run(Thread.java:1583)
"IPC Server handler 55 on default port 15001" daemon prio=5 tid=613 timed_waiting
java.lang.Thread.State: TIMED_WAITING
        at java.base@21.0.8/jdk.internal.misc.Unsafe.park(Native Method)
        at java.base@21.0.8/java.util.concurrent.locks.LockSupport.parkNanos(LockSupport.java:269)
        at java.base@21.0.8/java.util.concurrent.locks.AbstractQueuedSynchronizer$ConditionObject.awaitNanos(AbstractQueuedSynchronizer.java:1763)
        at java.base@21.0.8/java.util.concurrent.LinkedBlockingQueue.poll(LinkedBlockingQueue.java:460)
        at app//org.apache.hadoop.ipc.CallQueueManager.take(CallQueueManager.java:370)
        at app//org.apache.hadoop.ipc.Server$Handler.run(Server.java:3165)
"process reaper" daemon prio=10 tid=834 timed_waiting
java.lang.Thread.State: TIMED_WAITING
        at java.base@21.0.8/jdk.internal.misc.Unsafe.park(Native Method)
        at java.base@21.0.8/java.util.concurrent.locks.LockSupport.parkNanos(LockSupport.java:410)
        at java.base@21.0.8/java.util.concurrent.LinkedTransferQueue$DualNode.await(LinkedTransferQueue.java:452)
        at java.base@21.0.8/java.util.concurrent.SynchronousQueue$Transferer.xferLifo(SynchronousQueue.java:194)
        at java.base@21.0.8/java.util.concurrent.SynchronousQueue.xfer(SynchronousQueue.java:235)
        at java.base@21.0.8/java.util.concurrent.SynchronousQueue.poll(SynchronousQueue.java:338)
        at java.base@21.0.8/java.util.concurrent.ThreadPoolExecutor.getTask(ThreadPoolExecutor.java:1069)
        at java.base@21.0.8/java.util.concurrent.ThreadPoolExecutor.runWorker(ThreadPoolExecutor.java:1130)
        at java.base@21.0.8/java.util.concurrent.ThreadPoolExecutor$Worker.run(ThreadPoolExecutor.java:642)
        at java.base@21.0.8/java.lang.Thread.runWith(Thread.java:1596)
        at java.base@21.0.8/java.lang.Thread.run(Thread.java:1583)
        at java.base@21.0.8/jdk.internal.misc.InnocuousThread.run(InnocuousThread.java:186)
"IPC Server handler 60 on default port 15003" daemon prio=5 tid=280 timed_waiting
java.lang.Thread.State: TIMED_WAITING
        at java.base@21.0.8/jdk.internal.misc.Unsafe.park(Native Method)
        at java.base@21.0.8/java.util.concurrent.locks.LockSupport.parkNanos(LockSupport.java:269)
        at java.base@21.0.8/java.util.concurrent.locks.AbstractQueuedSynchronizer$ConditionObject.awaitNanos(AbstractQueuedSynchronizer.java:1763)
        at java.base@21.0.8/java.util.concurrent.LinkedBlockingQueue.poll(LinkedBlockingQueue.java:460)
        at app//org.apache.hadoop.ipc.CallQueueManager.take(CallQueueManager.java:370)
        at app//org.apache.hadoop.ipc.Server$Handler.run(Server.java:3165)
"fc0351b7-0c71-4a2a-a0ca-337e5c0b1c14-BlockDeletingService#1" daemon prio=5 tid=1001 timed_waiting
java.lang.Thread.State: TIMED_WAITING
        at java.base@21.0.8/jdk.internal.misc.Unsafe.park(Native Method)
        at java.base@21.0.8/java.util.concurrent.locks.LockSupport.parkNanos(LockSupport.java:269)
        at java.base@21.0.8/java.util.concurrent.locks.AbstractQueuedSynchronizer$ConditionObject.awaitNanos(AbstractQueuedSynchronizer.java:1763)
        at java.base@21.0.8/java.util.concurrent.ScheduledThreadPoolExecutor$DelayedWorkQueue.take(ScheduledThreadPoolExecutor.java:1182)
        at java.base@21.0.8/java.util.concurrent.ScheduledThreadPoolExecutor$DelayedWorkQueue.take(ScheduledThreadPoolExecutor.java:899)
        at java.base@21.0.8/java.util.concurrent.ThreadPoolExecutor.getTask(ThreadPoolExecutor.java:1070)
        at java.base@21.0.8/java.util.concurrent.ThreadPoolExecutor.runWorker(ThreadPoolExecutor.java:1130)
        at java.base@21.0.8/java.util.concurrent.ThreadPoolExecutor$Worker.run(ThreadPoolExecutor.java:642)
        at java.base@21.0.8/java.lang.Thread.runWith(Thread.java:1596)
        at java.base@21.0.8/java.lang.Thread.run(Thread.java:1583)
"SSL Certificates Store Monitor" daemon prio=5 tid=1359 in Object.wait()
java.lang.Thread.State: WAITING (on object monitor)
        at java.base@21.0.8/java.lang.Object.wait0(Native Method)
        at java.base@21.0.8/java.lang.Object.wait(Object.java:366)
        at java.base@21.0.8/java.lang.Object.wait(Object.java:339)
        at java.base@21.0.8/java.util.TimerThread.mainLoop(Timer.java:537)
        at java.base@21.0.8/java.util.TimerThread.run(Timer.java:516)
"IPC Server handler 4 on default port 15045" daemon prio=5 tid=941 timed_waiting
java.lang.Thread.State: TIMED_WAITING
        at java.base@21.0.8/jdk.internal.misc.Unsafe.park(Native Method)
        at java.base@21.0.8/java.util.concurrent.locks.LockSupport.parkNanos(LockSupport.java:269)
        at java.base@21.0.8/java.util.concurrent.locks.AbstractQueuedSynchronizer$ConditionObject.awaitNanos(AbstractQueuedSynchronizer.java:1763)
        at java.base@21.0.8/java.util.concurrent.LinkedBlockingQueue.poll(LinkedBlockingQueue.java:460)
        at app//org.apache.hadoop.ipc.CallQueueManager.take(CallQueueManager.java:370)
        at app//org.apache.hadoop.ipc.Server$Handler.run(Server.java:3165)
"Socket Reader #10 for port 15037" daemon prio=5 tid=860 runnable
java.lang.Thread.State: RUNNABLE
        at java.base@21.0.8/sun.nio.ch.EPoll.wait(Native Method)
        at java.base@21.0.8/sun.nio.ch.EPollSelectorImpl.doSelect(EPollSelectorImpl.java:121)
        at java.base@21.0.8/sun.nio.ch.SelectorImpl.lockAndDoSelect(SelectorImpl.java:130)
        at java.base@21.0.8/sun.nio.ch.SelectorImpl.select(SelectorImpl.java:147)
        at app//org.apache.hadoop.ipc.Server$Listener$Reader.doRunLoop(Server.java:1497)
        at app//org.apache.hadoop.ipc.Server$Listener$Reader.run(Server.java:1476)
"fc0351b7-0c71-4a2a-a0ca-337e5c0b1c14-EndpointStateMachineTaskThread-/0.0.0.0:15004-0 "  prio=5 tid=981 in Object.wait()
java.lang.Thread.State: WAITING (on object monitor)
        at java.base@21.0.8/jdk.internal.misc.Unsafe.park(Native Method)
        at java.base@21.0.8/java.util.concurrent.locks.LockSupport.park(LockSupport.java:371)
        at java.base@21.0.8/java.util.concurrent.locks.AbstractQueuedSynchronizer$ConditionNode.block(AbstractQueuedSynchronizer.java:519)
        at java.base@21.0.8/java.util.concurrent.ForkJoinPool.unmanagedBlock(ForkJoinPool.java:3780)
        at java.base@21.0.8/java.util.concurrent.ForkJoinPool.managedBlock(ForkJoinPool.java:3725)
        at java.base@21.0.8/java.util.concurrent.locks.AbstractQueuedSynchronizer$ConditionObject.await(AbstractQueuedSynchronizer.java:1712)
        at java.base@21.0.8/java.util.concurrent.LinkedBlockingQueue.take(LinkedBlockingQueue.java:435)
        at java.base@21.0.8/java.util.concurrent.ThreadPoolExecutor.getTask(ThreadPoolExecutor.java:1070)
        at java.base@21.0.8/java.util.concurrent.ThreadPoolExecutor.runWorker(ThreadPoolExecutor.java:1130)
        at java.base@21.0.8/java.util.concurrent.ThreadPoolExecutor$Worker.run(ThreadPoolExecutor.java:642)
        at java.base@21.0.8/java.lang.Thread.runWith(Thread.java:1596)
        at java.base@21.0.8/java.lang.Thread.run(Thread.java:1583)
"IPC Server handler 67 on default port 15004" daemon prio=5 tid=405 timed_waiting
java.lang.Thread.State: TIMED_WAITING
        at java.base@21.0.8/jdk.internal.misc.Unsafe.park(Native Method)
        at java.base@21.0.8/java.util.concurrent.locks.LockSupport.parkNanos(LockSupport.java:269)
        at java.base@21.0.8/java.util.concurrent.locks.AbstractQueuedSynchronizer$ConditionObject.awaitNanos(AbstractQueuedSynchronizer.java:1763)
        at java.base@21.0.8/java.util.concurrent.LinkedBlockingQueue.poll(LinkedBlockingQueue.java:460)
        at app//org.apache.hadoop.ipc.CallQueueManager.take(CallQueueManager.java:370)
        at app//org.apache.hadoop.ipc.Server$Handler.run(Server.java:3165)
"EventQueue-StaleNodeForStaleNodeHandler" daemon prio=5 tid=1286 in Object.wait()
java.lang.Thread.State: WAITING (on object monitor)
        at java.base@21.0.8/jdk.internal.misc.Unsafe.park(Native Method)
        at java.base@21.0.8/java.util.concurrent.locks.LockSupport.park(LockSupport.java:371)
        at java.base@21.0.8/java.util.concurrent.locks.AbstractQueuedSynchronizer$ConditionNode.block(AbstractQueuedSynchronizer.java:519)
        at java.base@21.0.8/java.util.concurrent.ForkJoinPool.unmanagedBlock(ForkJoinPool.java:3780)
        at java.base@21.0.8/java.util.concurrent.ForkJoinPool.managedBlock(ForkJoinPool.java:3725)
        at java.base@21.0.8/java.util.concurrent.locks.AbstractQueuedSynchronizer$ConditionObject.await(AbstractQueuedSynchronizer.java:1712)
        at java.base@21.0.8/java.util.concurrent.LinkedBlockingQueue.take(LinkedBlockingQueue.java:435)
        at java.base@21.0.8/java.util.concurrent.ThreadPoolExecutor.getTask(ThreadPoolExecutor.java:1070)
        at java.base@21.0.8/java.util.concurrent.ThreadPoolExecutor.runWorker(ThreadPoolExecutor.java:1130)
        at java.base@21.0.8/java.util.concurrent.ThreadPoolExecutor$Worker.run(ThreadPoolExecutor.java:642)
        at java.base@21.0.8/java.lang.Thread.runWith(Thread.java:1596)
        at java.base@21.0.8/java.lang.Thread.run(Thread.java:1583)
"Socket Reader #6 for port 15002" daemon prio=5 tid=95 runnable
java.lang.Thread.State: RUNNABLE
        at java.base@21.0.8/sun.nio.ch.EPoll.wait(Native Method)
        at java.base@21.0.8/sun.nio.ch.EPollSelectorImpl.doSelect(EPollSelectorImpl.java:121)
        at java.base@21.0.8/sun.nio.ch.SelectorImpl.lockAndDoSelect(SelectorImpl.java:130)
        at java.base@21.0.8/sun.nio.ch.SelectorImpl.select(SelectorImpl.java:147)
        at app//org.apache.hadoop.ipc.Server$Listener$Reader.doRunLoop(Server.java:1497)
        at app//org.apache.hadoop.ipc.Server$Listener$Reader.run(Server.java:1476)
"pool-209-thread-1"  prio=5 tid=816 timed_waiting
java.lang.Thread.State: TIMED_WAITING
        at java.base@21.0.8/jdk.internal.misc.Unsafe.park(Native Method)
        at java.base@21.0.8/java.util.concurrent.locks.LockSupport.parkNanos(LockSupport.java:269)
        at java.base@21.0.8/java.util.concurrent.locks.AbstractQueuedSynchronizer$ConditionObject.awaitNanos(AbstractQueuedSynchronizer.java:1763)
        at java.base@21.0.8/java.util.concurrent.ScheduledThreadPoolExecutor$DelayedWorkQueue.take(ScheduledThreadPoolExecutor.java:1182)
        at java.base@21.0.8/java.util.concurrent.ScheduledThreadPoolExecutor$DelayedWorkQueue.take(ScheduledThreadPoolExecutor.java:899)
        at java.base@21.0.8/java.util.concurrent.ThreadPoolExecutor.getTask(ThreadPoolExecutor.java:1070)
        at java.base@21.0.8/java.util.concurrent.ThreadPoolExecutor.runWorker(ThreadPoolExecutor.java:1130)
        at java.base@21.0.8/java.util.concurrent.ThreadPoolExecutor$Worker.run(ThreadPoolExecutor.java:642)
        at java.base@21.0.8/java.lang.Thread.runWith(Thread.java:1596)
        at java.base@21.0.8/java.lang.Thread.run(Thread.java:1583)
"Socket Reader #9 for port 15004" daemon prio=5 tid=70 runnable
java.lang.Thread.State: RUNNABLE
        at java.base@21.0.8/sun.nio.ch.EPoll.wait(Native Method)
        at java.base@21.0.8/sun.nio.ch.EPollSelectorImpl.doSelect(EPollSelectorImpl.java:121)
        at java.base@21.0.8/sun.nio.ch.SelectorImpl.lockAndDoSelect(SelectorImpl.java:130)
        at java.base@21.0.8/sun.nio.ch.SelectorImpl.select(SelectorImpl.java:147)
        at app//org.apache.hadoop.ipc.Server$Listener$Reader.doRunLoop(Server.java:1497)
        at app//org.apache.hadoop.ipc.Server$Listener$Reader.run(Server.java:1476)
"74afb32b-8e70-4799-b16c-dc9602d9dbb6@group-F9E79CCFDB91-cacheEviction-AwaitToRun" daemon prio=5 tid=1040 in Object.wait()
java.lang.Thread.State: WAITING (on object monitor)
        at java.base@21.0.8/jdk.internal.misc.Unsafe.park(Native Method)
        at java.base@21.0.8/java.util.concurrent.locks.LockSupport.park(LockSupport.java:371)
        at java.base@21.0.8/java.util.concurrent.locks.AbstractQueuedSynchronizer$ConditionNode.block(AbstractQueuedSynchronizer.java:519)
        at java.base@21.0.8/java.util.concurrent.ForkJoinPool.unmanagedBlock(ForkJoinPool.java:3780)
        at java.base@21.0.8/java.util.concurrent.ForkJoinPool.managedBlock(ForkJoinPool.java:3725)
        at java.base@21.0.8/java.util.concurrent.locks.AbstractQueuedSynchronizer$ConditionObject.await(AbstractQueuedSynchronizer.java:1712)
        at app//org.apache.ratis.util.AwaitForSignal.await(AwaitForSignal.java:48)
        at app//org.apache.ratis.util.AwaitToRun$RunnableImpl.run(AwaitToRun.java:47)
        at java.base@21.0.8/java.lang.Thread.runWith(Thread.java:1596)
        at java.base@21.0.8/java.lang.Thread.run(Thread.java:1583)
"74afb32b-8e70-4799-b16c-dc9602d9dbb6@group-F9E79CCFDB91-LeaderStateImpl" daemon prio=5 tid=1093 timed_waiting
java.lang.Thread.State: TIMED_WAITING
        at java.base@21.0.8/jdk.internal.misc.Unsafe.park(Native Method)
        at java.base@21.0.8/java.util.concurrent.locks.LockSupport.parkNanos(LockSupport.java:269)
        at java.base@21.0.8/java.util.concurrent.locks.AbstractQueuedSynchronizer$ConditionObject.awaitNanos(AbstractQueuedSynchronizer.java:1763)
        at java.base@21.0.8/java.util.concurrent.ArrayBlockingQueue.poll(ArrayBlockingQueue.java:435)
        at app//org.apache.ratis.server.impl.LeaderStateImpl$EventQueue.poll(LeaderStateImpl.java:168)
        at app//org.apache.ratis.server.impl.LeaderStateImpl$EventProcessor.run(LeaderStateImpl.java:761)
"IPC Server handler 85 on default port 15002" daemon prio=5 tid=205 timed_waiting
java.lang.Thread.State: TIMED_WAITING
        at java.base@21.0.8/jdk.internal.misc.Unsafe.park(Native Method)
        at java.base@21.0.8/java.util.concurrent.locks.LockSupport.parkNanos(LockSupport.java:269)
        at java.base@21.0.8/java.util.concurrent.locks.AbstractQueuedSynchronizer$ConditionObject.awaitNanos(AbstractQueuedSynchronizer.java:1763)
        at java.base@21.0.8/java.util.concurrent.LinkedBlockingQueue.poll(LinkedBlockingQueue.java:460)
        at app//org.apache.hadoop.ipc.CallQueueManager.take(CallQueueManager.java:370)
        at app//org.apache.hadoop.ipc.Server$Handler.run(Server.java:3165)
"IPC Server handler 44 on default port 15004" daemon prio=5 tid=382 timed_waiting
java.lang.Thread.State: TIMED_WAITING
        at java.base@21.0.8/jdk.internal.misc.Unsafe.park(Native Method)
        at java.base@21.0.8/java.util.concurrent.locks.LockSupport.parkNanos(LockSupport.java:269)
        at java.base@21.0.8/java.util.concurrent.locks.AbstractQueuedSynchronizer$ConditionObject.awaitNanos(AbstractQueuedSynchronizer.java:1763)
        at java.base@21.0.8/java.util.concurrent.LinkedBlockingQueue.poll(LinkedBlockingQueue.java:460)
        at app//org.apache.hadoop.ipc.CallQueueManager.take(CallQueueManager.java:370)
        at app//org.apache.hadoop.ipc.Server$Handler.run(Server.java:3165)
"IPC Server handler 81 on default port 15004" daemon prio=5 tid=419 timed_waiting
java.lang.Thread.State: TIMED_WAITING
        at java.base@21.0.8/jdk.internal.misc.Unsafe.park(Native Method)
        at java.base@21.0.8/java.util.concurrent.locks.LockSupport.parkNanos(LockSupport.java:269)
        at java.base@21.0.8/java.util.concurrent.locks.AbstractQueuedSynchronizer$ConditionObject.awaitNanos(AbstractQueuedSynchronizer.java:1763)
        at java.base@21.0.8/java.util.concurrent.LinkedBlockingQueue.poll(LinkedBlockingQueue.java:460)
        at app//org.apache.hadoop.ipc.CallQueueManager.take(CallQueueManager.java:370)
        at app//org.apache.hadoop.ipc.Server$Handler.run(Server.java:3165)
"IPC Server handler 19 on default port 15002" daemon prio=5 tid=139 timed_waiting
java.lang.Thread.State: TIMED_WAITING
        at java.base@21.0.8/jdk.internal.misc.Unsafe.park(Native Method)
        at java.base@21.0.8/java.util.concurrent.locks.LockSupport.parkNanos(LockSupport.java:269)
        at java.base@21.0.8/java.util.concurrent.locks.AbstractQueuedSynchronizer$ConditionObject.awaitNanos(AbstractQueuedSynchronizer.java:1763)
        at java.base@21.0.8/java.util.concurrent.LinkedBlockingQueue.poll(LinkedBlockingQueue.java:460)
        at app//org.apache.hadoop.ipc.CallQueueManager.take(CallQueueManager.java:370)
        at app//org.apache.hadoop.ipc.Server$Handler.run(Server.java:3165)
"IPC Server handler 22 on default port 15002" daemon prio=5 tid=142 timed_waiting
java.lang.Thread.State: TIMED_WAITING
        at java.base@21.0.8/jdk.internal.misc.Unsafe.park(Native Method)
        at java.base@21.0.8/java.util.concurrent.locks.LockSupport.parkNanos(LockSupport.java:269)
        at java.base@21.0.8/java.util.concurrent.locks.AbstractQueuedSynchronizer$ConditionObject.awaitNanos(AbstractQueuedSynchronizer.java:1763)
        at java.base@21.0.8/java.util.concurrent.LinkedBlockingQueue.poll(LinkedBlockingQueue.java:460)
        at app//org.apache.hadoop.ipc.CallQueueManager.take(CallQueueManager.java:370)
        at app//org.apache.hadoop.ipc.Server$Handler.run(Server.java:3165)
"IPC Server handler 10 on default port 15004" daemon prio=5 tid=348 timed_waiting
java.lang.Thread.State: TIMED_WAITING
        at java.base@21.0.8/jdk.internal.misc.Unsafe.park(Native Method)
        at java.base@21.0.8/java.util.concurrent.locks.LockSupport.parkNanos(LockSupport.java:269)
        at java.base@21.0.8/java.util.concurrent.locks.AbstractQueuedSynchronizer$ConditionObject.awaitNanos(AbstractQueuedSynchronizer.java:1763)
        at java.base@21.0.8/java.util.concurrent.LinkedBlockingQueue.poll(LinkedBlockingQueue.java:460)
        at app//org.apache.hadoop.ipc.CallQueueManager.take(CallQueueManager.java:370)
        at app//org.apache.hadoop.ipc.Server$Handler.run(Server.java:3165)
"fc0351b7-0c71-4a2a-a0ca-337e5c0b1c14-DatanodeStateMachineTaskThread-0"  prio=5 tid=880 in Object.wait()
java.lang.Thread.State: WAITING (on object monitor)
        at java.base@21.0.8/jdk.internal.misc.Unsafe.park(Native Method)
        at java.base@21.0.8/java.util.concurrent.locks.LockSupport.park(LockSupport.java:371)
        at java.base@21.0.8/java.util.concurrent.locks.AbstractQueuedSynchronizer$ConditionNode.block(AbstractQueuedSynchronizer.java:519)
        at java.base@21.0.8/java.util.concurrent.ForkJoinPool.unmanagedBlock(ForkJoinPool.java:3780)
        at java.base@21.0.8/java.util.concurrent.ForkJoinPool.managedBlock(ForkJoinPool.java:3725)
        at java.base@21.0.8/java.util.concurrent.locks.AbstractQueuedSynchronizer$ConditionObject.await(AbstractQueuedSynchronizer.java:1712)
        at java.base@21.0.8/java.util.concurrent.LinkedBlockingQueue.take(LinkedBlockingQueue.java:435)
        at java.base@21.0.8/java.util.concurrent.ThreadPoolExecutor.getTask(ThreadPoolExecutor.java:1070)
        at java.base@21.0.8/java.util.concurrent.ThreadPoolExecutor.runWorker(ThreadPoolExecutor.java:1130)
        at java.base@21.0.8/java.util.concurrent.ThreadPoolExecutor$Worker.run(ThreadPoolExecutor.java:642)
        at java.base@21.0.8/java.lang.Thread.runWith(Thread.java:1596)
        at java.base@21.0.8/java.lang.Thread.run(Thread.java:1583)
"EventQueue-ContainerRegistrationReportForRatisContainerSafeModeRule" daemon prio=5 tid=960 in Object.wait()
java.lang.Thread.State: WAITING (on object monitor)
        at java.base@21.0.8/jdk.internal.misc.Unsafe.park(Native Method)
        at java.base@21.0.8/java.util.concurrent.locks.LockSupport.park(LockSupport.java:371)
        at java.base@21.0.8/java.util.concurrent.locks.AbstractQueuedSynchronizer$ConditionNode.block(AbstractQueuedSynchronizer.java:519)
        at java.base@21.0.8/java.util.concurrent.ForkJoinPool.unmanagedBlock(ForkJoinPool.java:3780)
        at java.base@21.0.8/java.util.concurrent.ForkJoinPool.managedBlock(ForkJoinPool.java:3725)
        at java.base@21.0.8/java.util.concurrent.locks.AbstractQueuedSynchronizer$ConditionObject.await(AbstractQueuedSynchronizer.java:1712)
        at java.base@21.0.8/java.util.concurrent.LinkedBlockingQueue.take(LinkedBlockingQueue.java:435)
        at java.base@21.0.8/java.util.concurrent.ThreadPoolExecutor.getTask(ThreadPoolExecutor.java:1070)
        at java.base@21.0.8/java.util.concurrent.ThreadPoolExecutor.runWorker(ThreadPoolExecutor.java:1130)
        at java.base@21.0.8/java.util.concurrent.ThreadPoolExecutor$Worker.run(ThreadPoolExecutor.java:642)
        at java.base@21.0.8/java.lang.Thread.runWith(Thread.java:1596)
        at java.base@21.0.8/java.lang.Thread.run(Thread.java:1583)
"qtp249078499-724" daemon prio=5 tid=724 timed_waiting
java.lang.Thread.State: TIMED_WAITING
        at java.base@21.0.8/jdk.internal.misc.Unsafe.park(Native Method)
        at java.base@21.0.8/java.util.concurrent.locks.LockSupport.parkNanos(LockSupport.java:269)
        at java.base@21.0.8/java.util.concurrent.locks.AbstractQueuedSynchronizer$ConditionObject.awaitNanos(AbstractQueuedSynchronizer.java:1763)
        at app//org.eclipse.jetty.util.BlockingArrayQueue.poll(BlockingArrayQueue.java:382)
        at app//org.eclipse.jetty.util.thread.QueuedThreadPool$Runner.idleJobPoll(QueuedThreadPool.java:974)
        at app//org.eclipse.jetty.util.thread.QueuedThreadPool$Runner.run(QueuedThreadPool.java:1018)
        at java.base@21.0.8/java.lang.Thread.runWith(Thread.java:1596)
        at java.base@21.0.8/java.lang.Thread.run(Thread.java:1583)
"qtp1782170617-817" daemon prio=5 tid=817 runnable
java.lang.Thread.State: RUNNABLE
        at java.base@21.0.8/sun.nio.ch.EPoll.wait(Native Method)
        at java.base@21.0.8/sun.nio.ch.EPollSelectorImpl.doSelect(EPollSelectorImpl.java:121)
        at java.base@21.0.8/sun.nio.ch.SelectorImpl.lockAndDoSelect(SelectorImpl.java:130)
        at java.base@21.0.8/sun.nio.ch.SelectorImpl.select(SelectorImpl.java:147)
        at app//org.eclipse.jetty.io.ManagedSelector.nioSelect(ManagedSelector.java:183)
        at app//org.eclipse.jetty.io.ManagedSelector.select(ManagedSelector.java:190)
        at app//org.eclipse.jetty.io.ManagedSelector$SelectorProducer.select(ManagedSelector.java:606)
        at app//org.eclipse.jetty.io.ManagedSelector$SelectorProducer.produce(ManagedSelector.java:543)
        at app//org.eclipse.jetty.util.thread.strategy.EatWhatYouKill.produceTask(EatWhatYouKill.java:362)
        at app//org.eclipse.jetty.util.thread.strategy.EatWhatYouKill.doProduce(EatWhatYouKill.java:186)
        at app//org.eclipse.jetty.util.thread.strategy.EatWhatYouKill.tryProduce(EatWhatYouKill.java:173)
        at app//org.eclipse.jetty.util.thread.strategy.EatWhatYouKill.produce(EatWhatYouKill.java:137)
        at app//org.eclipse.jetty.io.ManagedSelector$$Lambda/0x00007f9d6c6e5f08.run(Unknown Source)
        at app//org.eclipse.jetty.util.thread.QueuedThreadPool.runJob(QueuedThreadPool.java:883)
        at app//org.eclipse.jetty.util.thread.QueuedThreadPool$Runner.run(QueuedThreadPool.java:1034)
        at java.base@21.0.8/java.lang.Thread.runWith(Thread.java:1596)
        at java.base@21.0.8/java.lang.Thread.run(Thread.java:1583)
"Socket Reader #3 for port 15004" daemon prio=5 tid=64 runnable
java.lang.Thread.State: RUNNABLE
        at java.base@21.0.8/sun.nio.ch.EPoll.wait(Native Method)
        at java.base@21.0.8/sun.nio.ch.EPollSelectorImpl.doSelect(EPollSelectorImpl.java:121)
        at java.base@21.0.8/sun.nio.ch.SelectorImpl.lockAndDoSelect(SelectorImpl.java:130)
        at java.base@21.0.8/sun.nio.ch.SelectorImpl.select(SelectorImpl.java:147)
        at app//org.apache.hadoop.ipc.Server$Listener$Reader.doRunLoop(Server.java:1497)
        at app//org.apache.hadoop.ipc.Server$Listener$Reader.run(Server.java:1476)
"Socket Reader #8 for port 15001" daemon prio=5 tid=528 runnable
java.lang.Thread.State: RUNNABLE
        at java.base@21.0.8/sun.nio.ch.EPoll.wait(Native Method)
        at java.base@21.0.8/sun.nio.ch.EPollSelectorImpl.doSelect(EPollSelectorImpl.java:121)
        at java.base@21.0.8/sun.nio.ch.SelectorImpl.lockAndDoSelect(SelectorImpl.java:130)
        at java.base@21.0.8/sun.nio.ch.SelectorImpl.select(SelectorImpl.java:147)
        at app//org.apache.hadoop.ipc.Server$Listener$Reader.doRunLoop(Server.java:1497)
        at app//org.apache.hadoop.ipc.Server$Listener$Reader.run(Server.java:1476)
"openFileTable_PartialTableCache-Cleanup-0" daemon prio=5 tid=1133 in Object.wait()
java.lang.Thread.State: WAITING (on object monitor)
        at java.base@21.0.8/jdk.internal.misc.Unsafe.park(Native Method)
        at java.base@21.0.8/java.util.concurrent.locks.LockSupport.park(LockSupport.java:371)
        at java.base@21.0.8/java.util.concurrent.locks.AbstractQueuedSynchronizer$ConditionNode.block(AbstractQueuedSynchronizer.java:519)
        at java.base@21.0.8/java.util.concurrent.ForkJoinPool.unmanagedBlock(ForkJoinPool.java:3780)
        at java.base@21.0.8/java.util.concurrent.ForkJoinPool.managedBlock(ForkJoinPool.java:3725)
        at java.base@21.0.8/java.util.concurrent.locks.AbstractQueuedSynchronizer$ConditionObject.await(AbstractQueuedSynchronizer.java:1712)
        at java.base@21.0.8/java.util.concurrent.LinkedBlockingQueue.take(LinkedBlockingQueue.java:435)
        at java.base@21.0.8/java.util.concurrent.ThreadPoolExecutor.getTask(ThreadPoolExecutor.java:1070)
        at java.base@21.0.8/java.util.concurrent.ThreadPoolExecutor.runWorker(ThreadPoolExecutor.java:1130)
        at java.base@21.0.8/java.util.concurrent.ThreadPoolExecutor$Worker.run(ThreadPoolExecutor.java:642)
        at java.base@21.0.8/java.lang.Thread.runWith(Thread.java:1596)
        at java.base@21.0.8/java.lang.Thread.run(Thread.java:1583)
"junit-jupiter-timeout-watcher" daemon prio=10 tid=34 timed_waiting
java.lang.Thread.State: TIMED_WAITING
        at java.base@21.0.8/jdk.internal.misc.Unsafe.park(Native Method)
        at java.base@21.0.8/java.util.concurrent.locks.LockSupport.parkNanos(LockSupport.java:269)
        at java.base@21.0.8/java.util.concurrent.locks.AbstractQueuedSynchronizer$ConditionObject.awaitNanos(AbstractQueuedSynchronizer.java:1763)
        at java.base@21.0.8/java.util.concurrent.ScheduledThreadPoolExecutor$DelayedWorkQueue.take(ScheduledThreadPoolExecutor.java:1182)
        at java.base@21.0.8/java.util.concurrent.ScheduledThreadPoolExecutor$DelayedWorkQueue.take(ScheduledThreadPoolExecutor.java:899)
        at java.base@21.0.8/java.util.concurrent.ThreadPoolExecutor.getTask(ThreadPoolExecutor.java:1070)
        at java.base@21.0.8/java.util.concurrent.ThreadPoolExecutor.runWorker(ThreadPoolExecutor.java:1130)
        at java.base@21.0.8/java.util.concurrent.ThreadPoolExecutor$Worker.run(ThreadPoolExecutor.java:642)
        at java.base@21.0.8/java.lang.Thread.runWith(Thread.java:1596)
        at java.base@21.0.8/java.lang.Thread.run(Thread.java:1583)
"IPC Server listener on 15004" daemon prio=5 tid=61 runnable
java.lang.Thread.State: RUNNABLE
        at java.base@21.0.8/sun.nio.ch.EPoll.wait(Native Method)
        at java.base@21.0.8/sun.nio.ch.EPollSelectorImpl.doSelect(EPollSelectorImpl.java:121)
        at java.base@21.0.8/sun.nio.ch.SelectorImpl.lockAndDoSelect(SelectorImpl.java:130)
        at java.base@21.0.8/sun.nio.ch.SelectorImpl.select(SelectorImpl.java:147)
        at app//org.apache.hadoop.ipc.Server$Listener.run(Server.java:1559)
"SCMHeartbeatProcessor-0" daemon prio=5 tid=519 timed_waiting
java.lang.Thread.State: TIMED_WAITING
        at java.base@21.0.8/jdk.internal.misc.Unsafe.park(Native Method)
        at java.base@21.0.8/java.util.concurrent.locks.LockSupport.parkNanos(LockSupport.java:269)
        at java.base@21.0.8/java.util.concurrent.locks.AbstractQueuedSynchronizer$ConditionObject.awaitNanos(AbstractQueuedSynchronizer.java:1763)
        at java.base@21.0.8/java.util.concurrent.ScheduledThreadPoolExecutor$DelayedWorkQueue.take(ScheduledThreadPoolExecutor.java:1182)
        at java.base@21.0.8/java.util.concurrent.ScheduledThreadPoolExecutor$DelayedWorkQueue.take(ScheduledThreadPoolExecutor.java:899)
        at java.base@21.0.8/java.util.concurrent.ThreadPoolExecutor.getTask(ThreadPoolExecutor.java:1070)
        at java.base@21.0.8/java.util.concurrent.ThreadPoolExecutor.runWorker(ThreadPoolExecutor.java:1130)
        at java.base@21.0.8/java.util.concurrent.ThreadPoolExecutor$Worker.run(ThreadPoolExecutor.java:642)
        at java.base@21.0.8/java.lang.Thread.runWith(Thread.java:1596)
        at java.base@21.0.8/java.lang.Thread.run(Thread.java:1583)
"IPC Server handler 21 on default port 15001" daemon prio=5 tid=579 timed_waiting
java.lang.Thread.State: TIMED_WAITING
        at java.base@21.0.8/jdk.internal.misc.Unsafe.park(Native Method)
        at java.base@21.0.8/java.util.concurrent.locks.LockSupport.parkNanos(LockSupport.java:269)
        at java.base@21.0.8/java.util.concurrent.locks.AbstractQueuedSynchronizer$ConditionObject.awaitNanos(AbstractQueuedSynchronizer.java:1763)
        at java.base@21.0.8/java.util.concurrent.LinkedBlockingQueue.poll(LinkedBlockingQueue.java:460)
        at app//org.apache.hadoop.ipc.CallQueueManager.take(CallQueueManager.java:370)
        at app//org.apache.hadoop.ipc.Server$Handler.run(Server.java:3165)
"Socket Reader #5 for port 15045" daemon prio=5 tid=925 runnable
java.lang.Thread.State: RUNNABLE
        at java.base@21.0.8/sun.nio.ch.EPoll.wait(Native Method)
        at java.base@21.0.8/sun.nio.ch.EPollSelectorImpl.doSelect(EPollSelectorImpl.java:121)
        at java.base@21.0.8/sun.nio.ch.SelectorImpl.lockAndDoSelect(SelectorImpl.java:130)
        at java.base@21.0.8/sun.nio.ch.SelectorImpl.select(SelectorImpl.java:147)
        at app//org.apache.hadoop.ipc.Server$Listener$Reader.doRunLoop(Server.java:1497)
        at app//org.apache.hadoop.ipc.Server$Listener$Reader.run(Server.java:1476)
"qtp473358662-914" daemon prio=5 tid=914 timed_waiting
java.lang.Thread.State: TIMED_WAITING
        at java.base@21.0.8/jdk.internal.misc.Unsafe.park(Native Method)
        at java.base@21.0.8/java.util.concurrent.locks.LockSupport.parkNanos(LockSupport.java:269)
        at java.base@21.0.8/java.util.concurrent.locks.AbstractQueuedSynchronizer$ConditionObject.awaitNanos(AbstractQueuedSynchronizer.java:1763)
        at app//org.eclipse.jetty.util.BlockingArrayQueue.poll(BlockingArrayQueue.java:382)
        at app//org.eclipse.jetty.util.thread.QueuedThreadPool$Runner.idleJobPoll(QueuedThreadPool.java:974)
        at app//org.eclipse.jetty.util.thread.QueuedThreadPool$Runner.run(QueuedThreadPool.java:1018)
        at java.base@21.0.8/java.lang.Thread.runWith(Thread.java:1596)
        at java.base@21.0.8/java.lang.Thread.run(Thread.java:1583)
"qtp1597424614-323" daemon prio=5 tid=323 runnable
java.lang.Thread.State: RUNNABLE
        at java.base@21.0.8/sun.nio.ch.EPoll.wait(Native Method)
        at java.base@21.0.8/sun.nio.ch.EPollSelectorImpl.doSelect(EPollSelectorImpl.java:121)
        at java.base@21.0.8/sun.nio.ch.SelectorImpl.lockAndDoSelect(SelectorImpl.java:130)
        at java.base@21.0.8/sun.nio.ch.SelectorImpl.select(SelectorImpl.java:147)
        at app//org.eclipse.jetty.io.ManagedSelector.nioSelect(ManagedSelector.java:183)
        at app//org.eclipse.jetty.io.ManagedSelector.select(ManagedSelector.java:190)
        at app//org.eclipse.jetty.io.ManagedSelector$SelectorProducer.select(ManagedSelector.java:606)
        at app//org.eclipse.jetty.io.ManagedSelector$SelectorProducer.produce(ManagedSelector.java:543)
        at app//org.eclipse.jetty.util.thread.strategy.EatWhatYouKill.produceTask(EatWhatYouKill.java:362)
        at app//org.eclipse.jetty.util.thread.strategy.EatWhatYouKill.doProduce(EatWhatYouKill.java:186)
        at app//org.eclipse.jetty.util.thread.strategy.EatWhatYouKill.tryProduce(EatWhatYouKill.java:173)
        at app//org.eclipse.jetty.util.thread.strategy.EatWhatYouKill.produce(EatWhatYouKill.java:137)
        at app//org.eclipse.jetty.io.ManagedSelector$$Lambda/0x00007f9d6c6e5f08.run(Unknown Source)
        at app//org.eclipse.jetty.util.thread.QueuedThreadPool.runJob(QueuedThreadPool.java:883)
        at app//org.eclipse.jetty.util.thread.QueuedThreadPool$Runner.run(QueuedThreadPool.java:1034)
        at java.base@21.0.8/java.lang.Thread.runWith(Thread.java:1596)
        at java.base@21.0.8/java.lang.Thread.run(Thread.java:1583)
"IPC Server handler 31 on default port 15002" daemon prio=5 tid=151 timed_waiting
java.lang.Thread.State: TIMED_WAITING
        at java.base@21.0.8/jdk.internal.misc.Unsafe.park(Native Method)
        at java.base@21.0.8/java.util.concurrent.locks.LockSupport.parkNanos(LockSupport.java:269)
        at java.base@21.0.8/java.util.concurrent.locks.AbstractQueuedSynchronizer$ConditionObject.awaitNanos(AbstractQueuedSynchronizer.java:1763)
        at java.base@21.0.8/java.util.concurrent.LinkedBlockingQueue.poll(LinkedBlockingQueue.java:460)
        at app//org.apache.hadoop.ipc.CallQueueManager.take(CallQueueManager.java:370)
        at app//org.apache.hadoop.ipc.Server$Handler.run(Server.java:3165)
"IPC Server handler 7 on default port 15029" daemon prio=5 tid=794 timed_waiting
java.lang.Thread.State: TIMED_WAITING
        at java.base@21.0.8/jdk.internal.misc.Unsafe.park(Native Method)
        at java.base@21.0.8/java.util.concurrent.locks.LockSupport.parkNanos(LockSupport.java:269)
        at java.base@21.0.8/java.util.concurrent.locks.AbstractQueuedSynchronizer$ConditionObject.awaitNanos(AbstractQueuedSynchronizer.java:1763)
        at java.base@21.0.8/java.util.concurrent.LinkedBlockingQueue.poll(LinkedBlockingQueue.java:460)
        at app//org.apache.hadoop.ipc.CallQueueManager.take(CallQueueManager.java:370)
        at app//org.apache.hadoop.ipc.Server$Handler.run(Server.java:3165)
"grpc-default-executor-6" daemon prio=5 tid=1112 timed_waiting
java.lang.Thread.State: TIMED_WAITING
        at java.base@21.0.8/jdk.internal.misc.Unsafe.park(Native Method)
        at java.base@21.0.8/java.util.concurrent.locks.LockSupport.parkNanos(LockSupport.java:410)
        at java.base@21.0.8/java.util.concurrent.LinkedTransferQueue$DualNode.await(LinkedTransferQueue.java:452)
        at java.base@21.0.8/java.util.concurrent.SynchronousQueue$Transferer.xferLifo(SynchronousQueue.java:194)
        at java.base@21.0.8/java.util.concurrent.SynchronousQueue.xfer(SynchronousQueue.java:235)
        at java.base@21.0.8/java.util.concurrent.SynchronousQueue.poll(SynchronousQueue.java:338)
        at java.base@21.0.8/java.util.concurrent.ThreadPoolExecutor.getTask(ThreadPoolExecutor.java:1069)
        at java.base@21.0.8/java.util.concurrent.ThreadPoolExecutor.runWorker(ThreadPoolExecutor.java:1130)
        at java.base@21.0.8/java.util.concurrent.ThreadPoolExecutor$Worker.run(ThreadPoolExecutor.java:642)
        at java.base@21.0.8/java.lang.Thread.runWith(Thread.java:1596)
        at java.base@21.0.8/java.lang.Thread.run(Thread.java:1583)
"IPC Server handler 14 on default port 15002" daemon prio=5 tid=134 timed_waiting
java.lang.Thread.State: TIMED_WAITING
        at java.base@21.0.8/jdk.internal.misc.Unsafe.park(Native Method)
        at java.base@21.0.8/java.util.concurrent.locks.LockSupport.parkNanos(LockSupport.java:269)
        at java.base@21.0.8/java.util.concurrent.locks.AbstractQueuedSynchronizer$ConditionObject.awaitNanos(AbstractQueuedSynchronizer.java:1763)
        at java.base@21.0.8/java.util.concurrent.LinkedBlockingQueue.poll(LinkedBlockingQueue.java:460)
        at app//org.apache.hadoop.ipc.CallQueueManager.take(CallQueueManager.java:370)
        at app//org.apache.hadoop.ipc.Server$Handler.run(Server.java:3165)
"IPC Server handler 56 on default port 15003" daemon prio=5 tid=276 timed_waiting
java.lang.Thread.State: TIMED_WAITING
        at java.base@21.0.8/jdk.internal.misc.Unsafe.park(Native Method)
        at java.base@21.0.8/java.util.concurrent.locks.LockSupport.parkNanos(LockSupport.java:269)
        at java.base@21.0.8/java.util.concurrent.locks.AbstractQueuedSynchronizer$ConditionObject.awaitNanos(AbstractQueuedSynchronizer.java:1763)
        at java.base@21.0.8/java.util.concurrent.LinkedBlockingQueue.poll(LinkedBlockingQueue.java:460)
        at app//org.apache.hadoop.ipc.CallQueueManager.take(CallQueueManager.java:370)
        at app//org.apache.hadoop.ipc.Server$Handler.run(Server.java:3165)
"IPC Server handler 56 on default port 15001" daemon prio=5 tid=614 timed_waiting
java.lang.Thread.State: TIMED_WAITING
        at java.base@21.0.8/jdk.internal.misc.Unsafe.park(Native Method)
        at java.base@21.0.8/java.util.concurrent.locks.LockSupport.parkNanos(LockSupport.java:269)
        at java.base@21.0.8/java.util.concurrent.locks.AbstractQueuedSynchronizer$ConditionObject.awaitNanos(AbstractQueuedSynchronizer.java:1763)
        at java.base@21.0.8/java.util.concurrent.LinkedBlockingQueue.poll(LinkedBlockingQueue.java:460)
        at app//org.apache.hadoop.ipc.CallQueueManager.take(CallQueueManager.java:370)
        at app//org.apache.hadoop.ipc.Server$Handler.run(Server.java:3165)
"ExpiredContainerReplicaOpScrubber" daemon prio=5 tid=56 timed_waiting
java.lang.Thread.State: TIMED_WAITING
        at java.base@21.0.8/java.lang.Object.wait0(Native Method)
        at java.base@21.0.8/java.lang.Object.wait(Object.java:366)
        at app//org.apache.hadoop.hdds.scm.ha.BackgroundSCMService.run(BackgroundSCMService.java:106)
        at app//org.apache.hadoop.hdds.scm.ha.BackgroundSCMService$$Lambda/0x00007f9d6c505440.run(Unknown Source)
        at java.base@21.0.8/java.lang.Thread.runWith(Thread.java:1596)
        at java.base@21.0.8/java.lang.Thread.run(Thread.java:1583)
"Timer for 'StorageContainerManager' metrics system" daemon prio=5 tid=119 timed_waiting
java.lang.Thread.State: TIMED_WAITING
        at java.base@21.0.8/java.lang.Object.wait0(Native Method)
        at java.base@21.0.8/java.lang.Object.wait(Object.java:366)
        at java.base@21.0.8/java.util.TimerThread.mainLoop(Timer.java:563)
        at java.base@21.0.8/java.util.TimerThread.run(Timer.java:516)
"om1-KeyDeletingService#1" daemon prio=5 tid=473 in Object.wait()
java.lang.Thread.State: WAITING (on object monitor)
        at java.base@21.0.8/jdk.internal.misc.Unsafe.park(Native Method)
        at java.base@21.0.8/java.util.concurrent.locks.LockSupport.park(LockSupport.java:371)
        at java.base@21.0.8/java.util.concurrent.locks.AbstractQueuedSynchronizer$ConditionNode.block(AbstractQueuedSynchronizer.java:519)
        at java.base@21.0.8/java.util.concurrent.ForkJoinPool.unmanagedBlock(ForkJoinPool.java:3780)
        at java.base@21.0.8/java.util.concurrent.ForkJoinPool.managedBlock(ForkJoinPool.java:3725)
        at java.base@21.0.8/java.util.concurrent.locks.AbstractQueuedSynchronizer$ConditionObject.await(AbstractQueuedSynchronizer.java:1712)
        at java.base@21.0.8/java.util.concurrent.ScheduledThreadPoolExecutor$DelayedWorkQueue.take(ScheduledThreadPoolExecutor.java:1177)
        at java.base@21.0.8/java.util.concurrent.ScheduledThreadPoolExecutor$DelayedWorkQueue.take(ScheduledThreadPoolExecutor.java:899)
        at java.base@21.0.8/java.util.concurrent.ThreadPoolExecutor.getTask(ThreadPoolExecutor.java:1070)
        at java.base@21.0.8/java.util.concurrent.ThreadPoolExecutor.runWorker(ThreadPoolExecutor.java:1130)
        at java.base@21.0.8/java.util.concurrent.ThreadPoolExecutor$Worker.run(ThreadPoolExecutor.java:642)
        at java.base@21.0.8/java.lang.Thread.runWith(Thread.java:1596)
        at java.base@21.0.8/java.lang.Thread.run(Thread.java:1583)
"StaleRecoveringContainerScrubbingService#1" daemon prio=5 tid=1028 in Object.wait()
java.lang.Thread.State: WAITING (on object monitor)
        at java.base@21.0.8/jdk.internal.misc.Unsafe.park(Native Method)
        at java.base@21.0.8/java.util.concurrent.locks.LockSupport.park(LockSupport.java:371)
        at java.base@21.0.8/java.util.concurrent.locks.AbstractQueuedSynchronizer$ConditionNode.block(AbstractQueuedSynchronizer.java:519)
        at java.base@21.0.8/java.util.concurrent.ForkJoinPool.unmanagedBlock(ForkJoinPool.java:3780)
        at java.base@21.0.8/java.util.concurrent.ForkJoinPool.managedBlock(ForkJoinPool.java:3725)
        at java.base@21.0.8/java.util.concurrent.locks.AbstractQueuedSynchronizer$ConditionObject.await(AbstractQueuedSynchronizer.java:1712)
        at java.base@21.0.8/java.util.concurrent.ScheduledThreadPoolExecutor$DelayedWorkQueue.take(ScheduledThreadPoolExecutor.java:1177)
        at java.base@21.0.8/java.util.concurrent.ScheduledThreadPoolExecutor$DelayedWorkQueue.take(ScheduledThreadPoolExecutor.java:899)
        at java.base@21.0.8/java.util.concurrent.ThreadPoolExecutor.getTask(ThreadPoolExecutor.java:1070)
        at java.base@21.0.8/java.util.concurrent.ThreadPoolExecutor.runWorker(ThreadPoolExecutor.java:1130)
        at java.base@21.0.8/java.util.concurrent.ThreadPoolExecutor$Worker.run(ThreadPoolExecutor.java:642)
        at java.base@21.0.8/java.lang.Thread.runWith(Thread.java:1596)
        at java.base@21.0.8/java.lang.Thread.run(Thread.java:1583)
"IPC Server handler 89 on default port 15004" daemon prio=5 tid=427 timed_waiting
java.lang.Thread.State: TIMED_WAITING
        at java.base@21.0.8/jdk.internal.misc.Unsafe.park(Native Method)
        at java.base@21.0.8/java.util.concurrent.locks.LockSupport.parkNanos(LockSupport.java:269)
        at java.base@21.0.8/java.util.concurrent.locks.AbstractQueuedSynchronizer$ConditionObject.awaitNanos(AbstractQueuedSynchronizer.java:1763)
        at java.base@21.0.8/java.util.concurrent.LinkedBlockingQueue.poll(LinkedBlockingQueue.java:460)
        at app//org.apache.hadoop.ipc.CallQueueManager.take(CallQueueManager.java:370)
        at app//org.apache.hadoop.ipc.Server$Handler.run(Server.java:3165)
"Recon-EventQueue-PipelineReportForReconPipelineReportHandler" daemon prio=5 tid=953 in Object.wait()
java.lang.Thread.State: WAITING (on object monitor)
        at java.base@21.0.8/jdk.internal.misc.Unsafe.park(Native Method)
        at java.base@21.0.8/java.util.concurrent.locks.LockSupport.park(LockSupport.java:371)
        at java.base@21.0.8/java.util.concurrent.locks.AbstractQueuedSynchronizer$ConditionNode.block(AbstractQueuedSynchronizer.java:519)
        at java.base@21.0.8/java.util.concurrent.ForkJoinPool.unmanagedBlock(ForkJoinPool.java:3780)
        at java.base@21.0.8/java.util.concurrent.ForkJoinPool.managedBlock(ForkJoinPool.java:3725)
        at java.base@21.0.8/java.util.concurrent.locks.AbstractQueuedSynchronizer$ConditionObject.await(AbstractQueuedSynchronizer.java:1712)
        at java.base@21.0.8/java.util.concurrent.LinkedBlockingQueue.take(LinkedBlockingQueue.java:435)
        at java.base@21.0.8/java.util.concurrent.ThreadPoolExecutor.getTask(ThreadPoolExecutor.java:1070)
        at java.base@21.0.8/java.util.concurrent.ThreadPoolExecutor.runWorker(ThreadPoolExecutor.java:1130)
        at java.base@21.0.8/java.util.concurrent.ThreadPoolExecutor$Worker.run(ThreadPoolExecutor.java:642)
        at java.base@21.0.8/java.lang.Thread.runWith(Thread.java:1596)
        at java.base@21.0.8/java.lang.Thread.run(Thread.java:1583)
"7d2db622-5327-4122-ba03-be97b5575303-DatanodeReportManager-3" daemon prio=5 tid=801 in Object.wait()
java.lang.Thread.State: WAITING (on object monitor)
        at java.base@21.0.8/jdk.internal.misc.Unsafe.park(Native Method)
        at java.base@21.0.8/java.util.concurrent.locks.LockSupport.park(LockSupport.java:371)
        at java.base@21.0.8/java.util.concurrent.locks.AbstractQueuedSynchronizer$ConditionNode.block(AbstractQueuedSynchronizer.java:519)
        at java.base@21.0.8/java.util.concurrent.ForkJoinPool.unmanagedBlock(ForkJoinPool.java:3780)
        at java.base@21.0.8/java.util.concurrent.ForkJoinPool.managedBlock(ForkJoinPool.java:3725)
        at java.base@21.0.8/java.util.concurrent.locks.AbstractQueuedSynchronizer$ConditionObject.await(AbstractQueuedSynchronizer.java:1712)
        at java.base@21.0.8/java.util.concurrent.ScheduledThreadPoolExecutor$DelayedWorkQueue.take(ScheduledThreadPoolExecutor.java:1177)
        at java.base@21.0.8/java.util.concurrent.ScheduledThreadPoolExecutor$DelayedWorkQueue.take(ScheduledThreadPoolExecutor.java:899)
        at java.base@21.0.8/java.util.concurrent.ThreadPoolExecutor.getTask(ThreadPoolExecutor.java:1070)
        at java.base@21.0.8/java.util.concurrent.ThreadPoolExecutor.runWorker(ThreadPoolExecutor.java:1130)
        at java.base@21.0.8/java.util.concurrent.ThreadPoolExecutor$Worker.run(ThreadPoolExecutor.java:642)
        at java.base@21.0.8/java.lang.Thread.runWith(Thread.java:1596)
        at java.base@21.0.8/java.lang.Thread.run(Thread.java:1583)
"IPC Server handler 70 on default port 15004" daemon prio=5 tid=408 timed_waiting
java.lang.Thread.State: TIMED_WAITING
        at java.base@21.0.8/jdk.internal.misc.Unsafe.park(Native Method)
        at java.base@21.0.8/java.util.concurrent.locks.LockSupport.parkNanos(LockSupport.java:269)
        at java.base@21.0.8/java.util.concurrent.locks.AbstractQueuedSynchronizer$ConditionObject.awaitNanos(AbstractQueuedSynchronizer.java:1763)
        at java.base@21.0.8/java.util.concurrent.LinkedBlockingQueue.poll(LinkedBlockingQueue.java:460)
        at app//org.apache.hadoop.ipc.CallQueueManager.take(CallQueueManager.java:370)
        at app//org.apache.hadoop.ipc.Server$Handler.run(Server.java:3165)
"Socket Reader #5 for port 15003" daemon prio=5 tid=80 runnable
java.lang.Thread.State: RUNNABLE
        at java.base@21.0.8/sun.nio.ch.EPoll.wait(Native Method)
        at java.base@21.0.8/sun.nio.ch.EPollSelectorImpl.doSelect(EPollSelectorImpl.java:121)
        at java.base@21.0.8/sun.nio.ch.SelectorImpl.lockAndDoSelect(SelectorImpl.java:130)
        at java.base@21.0.8/sun.nio.ch.SelectorImpl.select(SelectorImpl.java:147)
        at app//org.apache.hadoop.ipc.Server$Listener$Reader.doRunLoop(Server.java:1497)
        at app//org.apache.hadoop.ipc.Server$Listener$Reader.run(Server.java:1476)
"FixedThreadPoolWithAffinityExecutor-0-0" daemon prio=5 tid=103 timed_waiting
java.lang.Thread.State: TIMED_WAITING
        at java.base@21.0.8/jdk.internal.misc.Unsafe.park(Native Method)
        at java.base@21.0.8/java.util.concurrent.locks.LockSupport.parkNanos(LockSupport.java:269)
        at java.base@21.0.8/java.util.concurrent.locks.AbstractQueuedSynchronizer$ConditionObject.awaitNanos(AbstractQueuedSynchronizer.java:1763)
        at java.base@21.0.8/java.util.concurrent.LinkedBlockingQueue.poll(LinkedBlockingQueue.java:460)
        at app//org.apache.hadoop.hdds.scm.server.ContainerReportQueue.poll(ContainerReportQueue.java:269)
        at app//org.apache.hadoop.hdds.scm.server.ContainerReportQueue.poll(ContainerReportQueue.java:42)
        at app//org.apache.hadoop.hdds.server.events.FixedThreadPoolWithAffinityExecutor$ContainerReportProcessTask.run(FixedThreadPoolWithAffinityExecutor.java:228)
        at java.base@21.0.8/java.util.concurrent.Executors$RunnableAdapter.call(Executors.java:572)
        at java.base@21.0.8/java.util.concurrent.FutureTask.run(FutureTask.java:317)
        at java.base@21.0.8/java.util.concurrent.ThreadPoolExecutor.runWorker(ThreadPoolExecutor.java:1144)
        at java.base@21.0.8/java.util.concurrent.ThreadPoolExecutor$Worker.run(ThreadPoolExecutor.java:642)
        at java.base@21.0.8/java.lang.Thread.runWith(Thread.java:1596)
        at java.base@21.0.8/java.lang.Thread.run(Thread.java:1583)
"IPC Server handler 84 on default port 15003" daemon prio=5 tid=304 timed_waiting
java.lang.Thread.State: TIMED_WAITING
        at java.base@21.0.8/jdk.internal.misc.Unsafe.park(Native Method)
        at java.base@21.0.8/java.util.concurrent.locks.LockSupport.parkNanos(LockSupport.java:269)
        at java.base@21.0.8/java.util.concurrent.locks.AbstractQueuedSynchronizer$ConditionObject.awaitNanos(AbstractQueuedSynchronizer.java:1763)
        at java.base@21.0.8/java.util.concurrent.LinkedBlockingQueue.poll(LinkedBlockingQueue.java:460)
        at app//org.apache.hadoop.ipc.CallQueueManager.take(CallQueueManager.java:370)
        at app//org.apache.hadoop.ipc.Server$Handler.run(Server.java:3165)
"EventQueue-NewNodeForNewNodeHandler" daemon prio=5 tid=946 in Object.wait()
java.lang.Thread.State: WAITING (on object monitor)
        at java.base@21.0.8/jdk.internal.misc.Unsafe.park(Native Method)
        at java.base@21.0.8/java.util.concurrent.locks.LockSupport.park(LockSupport.java:371)
        at java.base@21.0.8/java.util.concurrent.locks.AbstractQueuedSynchronizer$ConditionNode.block(AbstractQueuedSynchronizer.java:519)
        at java.base@21.0.8/java.util.concurrent.ForkJoinPool.unmanagedBlock(ForkJoinPool.java:3780)
        at java.base@21.0.8/java.util.concurrent.ForkJoinPool.managedBlock(ForkJoinPool.java:3725)
        at java.base@21.0.8/java.util.concurrent.locks.AbstractQueuedSynchronizer$ConditionObject.await(AbstractQueuedSynchronizer.java:1712)
        at java.base@21.0.8/java.util.concurrent.LinkedBlockingQueue.take(LinkedBlockingQueue.java:435)
        at java.base@21.0.8/java.util.concurrent.ThreadPoolExecutor.getTask(ThreadPoolExecutor.java:1070)
        at java.base@21.0.8/java.util.concurrent.ThreadPoolExecutor.runWorker(ThreadPoolExecutor.java:1130)
        at java.base@21.0.8/java.util.concurrent.ThreadPoolExecutor$Worker.run(ThreadPoolExecutor.java:642)
        at java.base@21.0.8/java.lang.Thread.runWith(Thread.java:1596)
        at java.base@21.0.8/java.lang.Thread.run(Thread.java:1583)
"Timer-0"  prio=5 tid=468 timed_waiting
java.lang.Thread.State: TIMED_WAITING
        at java.base@21.0.8/java.lang.Object.wait0(Native Method)
        at java.base@21.0.8/java.lang.Object.wait(Object.java:366)
        at java.base@21.0.8/java.util.TimerThread.mainLoop(Timer.java:563)
        at java.base@21.0.8/java.util.TimerThread.run(Timer.java:516)
"Connector-Scheduler-101279c9-1"  prio=5 tid=1156 timed_waiting
java.lang.Thread.State: TIMED_WAITING
        at java.base@21.0.8/jdk.internal.misc.Unsafe.park(Native Method)
        at java.base@21.0.8/java.util.concurrent.locks.LockSupport.parkNanos(LockSupport.java:269)
        at java.base@21.0.8/java.util.concurrent.locks.AbstractQueuedSynchronizer$ConditionObject.awaitNanos(AbstractQueuedSynchronizer.java:1763)
        at java.base@21.0.8/java.util.concurrent.ScheduledThreadPoolExecutor$DelayedWorkQueue.take(ScheduledThreadPoolExecutor.java:1182)
        at java.base@21.0.8/java.util.concurrent.ScheduledThreadPoolExecutor$DelayedWorkQueue.take(ScheduledThreadPoolExecutor.java:899)
        at java.base@21.0.8/java.util.concurrent.ThreadPoolExecutor.getTask(ThreadPoolExecutor.java:1070)
        at java.base@21.0.8/java.util.concurrent.ThreadPoolExecutor.runWorker(ThreadPoolExecutor.java:1130)
        at java.base@21.0.8/java.util.concurrent.ThreadPoolExecutor$Worker.run(ThreadPoolExecutor.java:642)
        at java.base@21.0.8/java.lang.Thread.runWith(Thread.java:1596)
        at java.base@21.0.8/java.lang.Thread.run(Thread.java:1583)
"IPC Server handler 61 on default port 15004" daemon prio=5 tid=399 timed_waiting
java.lang.Thread.State: TIMED_WAITING
        at java.base@21.0.8/jdk.internal.misc.Unsafe.park(Native Method)
        at java.base@21.0.8/java.util.concurrent.locks.LockSupport.parkNanos(LockSupport.java:269)
        at java.base@21.0.8/java.util.concurrent.locks.AbstractQueuedSynchronizer$ConditionObject.awaitNanos(AbstractQueuedSynchronizer.java:1763)
        at java.base@21.0.8/java.util.concurrent.LinkedBlockingQueue.poll(LinkedBlockingQueue.java:460)
        at app//org.apache.hadoop.ipc.CallQueueManager.take(CallQueueManager.java:370)
        at app//org.apache.hadoop.ipc.Server$Handler.run(Server.java:3165)
"7d2db622-5327-4122-ba03-be97b5575303-ClosePipelineCommandHandlerThread-0"  prio=5 tid=1317 in Object.wait()
java.lang.Thread.State: WAITING (on object monitor)
        at java.base@21.0.8/jdk.internal.misc.Unsafe.park(Native Method)
        at java.base@21.0.8/java.util.concurrent.locks.LockSupport.park(LockSupport.java:371)
        at java.base@21.0.8/java.util.concurrent.locks.AbstractQueuedSynchronizer$ConditionNode.block(AbstractQueuedSynchronizer.java:519)
        at java.base@21.0.8/java.util.concurrent.ForkJoinPool.unmanagedBlock(ForkJoinPool.java:3780)
        at java.base@21.0.8/java.util.concurrent.ForkJoinPool.managedBlock(ForkJoinPool.java:3725)
        at java.base@21.0.8/java.util.concurrent.locks.AbstractQueuedSynchronizer$ConditionObject.await(AbstractQueuedSynchronizer.java:1712)
        at java.base@21.0.8/java.util.concurrent.LinkedBlockingQueue.take(LinkedBlockingQueue.java:435)
        at java.base@21.0.8/java.util.concurrent.ThreadPoolExecutor.getTask(ThreadPoolExecutor.java:1070)
        at java.base@21.0.8/java.util.concurrent.ThreadPoolExecutor.runWorker(ThreadPoolExecutor.java:1130)
        at java.base@21.0.8/java.util.concurrent.ThreadPoolExecutor$Worker.run(ThreadPoolExecutor.java:642)
        at java.base@21.0.8/java.lang.Thread.runWith(Thread.java:1596)
        at java.base@21.0.8/java.lang.Thread.run(Thread.java:1583)
"qtp1213220498-766-acceptor-0@597180da-ServerConnector@6fa10286{HTTP/1.1, (http/1.1)}{0.0.0.0:15028}" daemon prio=3 tid=766 runnable
java.lang.Thread.State: RUNNABLE
        at java.base@21.0.8/sun.nio.ch.Net.accept(Native Method)
        at java.base@21.0.8/sun.nio.ch.ServerSocketChannelImpl.implAccept(ServerSocketChannelImpl.java:433)
        at java.base@21.0.8/sun.nio.ch.ServerSocketChannelImpl.accept(ServerSocketChannelImpl.java:399)
        at app//org.eclipse.jetty.server.ServerConnector.accept(ServerConnector.java:388)
        at app//org.eclipse.jetty.server.AbstractConnector$Acceptor.run(AbstractConnector.java:704)
        at app//org.eclipse.jetty.util.thread.QueuedThreadPool.runJob(QueuedThreadPool.java:883)
        at app//org.eclipse.jetty.util.thread.QueuedThreadPool$Runner.run(QueuedThreadPool.java:1034)
        at java.base@21.0.8/java.lang.Thread.runWith(Thread.java:1596)
        at java.base@21.0.8/java.lang.Thread.run(Thread.java:1583)
"Socket Reader #10 for port 15029" daemon prio=5 tid=783 runnable
java.lang.Thread.State: RUNNABLE
        at java.base@21.0.8/sun.nio.ch.EPoll.wait(Native Method)
        at java.base@21.0.8/sun.nio.ch.EPollSelectorImpl.doSelect(EPollSelectorImpl.java:121)
        at java.base@21.0.8/sun.nio.ch.SelectorImpl.lockAndDoSelect(SelectorImpl.java:130)
        at java.base@21.0.8/sun.nio.ch.SelectorImpl.select(SelectorImpl.java:147)
        at app//org.apache.hadoop.ipc.Server$Listener$Reader.doRunLoop(Server.java:1497)
        at app//org.apache.hadoop.ipc.Server$Listener$Reader.run(Server.java:1476)
"Socket Reader #4 for port 15037" daemon prio=5 tid=854 runnable
java.lang.Thread.State: RUNNABLE
        at java.base@21.0.8/sun.nio.ch.EPoll.wait(Native Method)
        at java.base@21.0.8/sun.nio.ch.EPollSelectorImpl.doSelect(EPollSelectorImpl.java:121)
        at java.base@21.0.8/sun.nio.ch.SelectorImpl.lockAndDoSelect(SelectorImpl.java:130)
        at java.base@21.0.8/sun.nio.ch.SelectorImpl.select(SelectorImpl.java:147)
        at app//org.apache.hadoop.ipc.Server$Listener$Reader.doRunLoop(Server.java:1497)
        at app//org.apache.hadoop.ipc.Server$Listener$Reader.run(Server.java:1476)
"IPC Server handler 59 on default port 15003" daemon prio=5 tid=279 timed_waiting
java.lang.Thread.State: TIMED_WAITING
        at java.base@21.0.8/jdk.internal.misc.Unsafe.park(Native Method)
        at java.base@21.0.8/java.util.concurrent.locks.LockSupport.parkNanos(LockSupport.java:269)
        at java.base@21.0.8/java.util.concurrent.locks.AbstractQueuedSynchronizer$ConditionObject.awaitNanos(AbstractQueuedSynchronizer.java:1763)
        at java.base@21.0.8/java.util.concurrent.LinkedBlockingQueue.poll(LinkedBlockingQueue.java:460)
        at app//org.apache.hadoop.ipc.CallQueueManager.take(CallQueueManager.java:370)
        at app//org.apache.hadoop.ipc.Server$Handler.run(Server.java:3165)
"DiskUsage-/home/runner/work/ozone/ozone/hadoop-ozone/integration-test-recon/target/test-dir/MiniOzoneClusterImpl-b15909b8-03a8-4b15-aaa3-a668c086c089/ozone-metadata/datanode-2/data-0-
" daemon prio=5 tid=887 timed_waiting
java.lang.Thread.State: TIMED_WAITING
        at java.base@21.0.8/jdk.internal.misc.Unsafe.park(Native Method)
        at java.base@21.0.8/java.util.concurrent.locks.LockSupport.parkNanos(LockSupport.java:269)
        at java.base@21.0.8/java.util.concurrent.locks.AbstractQueuedSynchronizer$ConditionObject.awaitNanos(AbstractQueuedSynchronizer.java:1763)
        at java.base@21.0.8/java.util.concurrent.ScheduledThreadPoolExecutor$DelayedWorkQueue.take(ScheduledThreadPoolExecutor.java:1182)
        at java.base@21.0.8/java.util.concurrent.ScheduledThreadPoolExecutor$DelayedWorkQueue.take(ScheduledThreadPoolExecutor.java:899)
        at java.base@21.0.8/java.util.concurrent.ThreadPoolExecutor.getTask(ThreadPoolExecutor.java:1070)
        at java.base@21.0.8/java.util.concurrent.ThreadPoolExecutor.runWorker(ThreadPoolExecutor.java:1130)
        at java.base@21.0.8/java.util.concurrent.ThreadPoolExecutor$Worker.run(ThreadPoolExecutor.java:642)
        at java.base@21.0.8/java.lang.Thread.runWith(Thread.java:1596)
        at java.base@21.0.8/java.lang.Thread.run(Thread.java:1583)
"IPC Server handler 9 on default port 15003" daemon prio=5 tid=229 timed_waiting
java.lang.Thread.State: TIMED_WAITING
        at java.base@21.0.8/jdk.internal.misc.Unsafe.park(Native Method)
        at java.base@21.0.8/java.util.concurrent.locks.LockSupport.parkNanos(LockSupport.java:269)
        at java.base@21.0.8/java.util.concurrent.locks.AbstractQueuedSynchronizer$ConditionObject.awaitNanos(AbstractQueuedSynchronizer.java:1763)
        at java.base@21.0.8/java.util.concurrent.LinkedBlockingQueue.poll(LinkedBlockingQueue.java:460)
        at app//org.apache.hadoop.ipc.CallQueueManager.take(CallQueueManager.java:370)
        at app//org.apache.hadoop.ipc.Server$Handler.run(Server.java:3165)
"IPC Server handler 18 on default port 15003" daemon prio=5 tid=238 timed_waiting
java.lang.Thread.State: TIMED_WAITING
        at java.base@21.0.8/jdk.internal.misc.Unsafe.park(Native Method)
        at java.base@21.0.8/java.util.concurrent.locks.LockSupport.parkNanos(LockSupport.java:269)
        at java.base@21.0.8/java.util.concurrent.locks.AbstractQueuedSynchronizer$ConditionObject.awaitNanos(AbstractQueuedSynchronizer.java:1763)
        at java.base@21.0.8/java.util.concurrent.LinkedBlockingQueue.poll(LinkedBlockingQueue.java:460)
        at app//org.apache.hadoop.ipc.CallQueueManager.take(CallQueueManager.java:370)
        at app//org.apache.hadoop.ipc.Server$Handler.run(Server.java:3165)
"74afb32b-8e70-4799-b16c-dc9602d9dbb6-ReplicationContainerReader-0" daemon prio=5 tid=1333 in Object.wait()
java.lang.Thread.State: WAITING (on object monitor)
        at java.base@21.0.8/jdk.internal.misc.Unsafe.park(Native Method)
        at java.base@21.0.8/java.util.concurrent.locks.LockSupport.park(LockSupport.java:371)
        at java.base@21.0.8/java.util.concurrent.locks.AbstractQueuedSynchronizer$ConditionNode.block(AbstractQueuedSynchronizer.java:519)
        at java.base@21.0.8/java.util.concurrent.ForkJoinPool.unmanagedBlock(ForkJoinPool.java:3780)
        at java.base@21.0.8/java.util.concurrent.ForkJoinPool.managedBlock(ForkJoinPool.java:3725)
        at java.base@21.0.8/java.util.concurrent.locks.AbstractQueuedSynchronizer$ConditionObject.await(AbstractQueuedSynchronizer.java:1712)
        at java.base@21.0.8/java.util.concurrent.LinkedBlockingQueue.take(LinkedBlockingQueue.java:435)
        at java.base@21.0.8/java.util.concurrent.ThreadPoolExecutor.getTask(ThreadPoolExecutor.java:1070)
        at java.base@21.0.8/java.util.concurrent.ThreadPoolExecutor.runWorker(ThreadPoolExecutor.java:1130)
        at java.base@21.0.8/java.util.concurrent.ThreadPoolExecutor$Worker.run(ThreadPoolExecutor.java:642)
        at java.base@21.0.8/java.lang.Thread.runWith(Thread.java:1596)
        at java.base@21.0.8/java.lang.Thread.run(Thread.java:1583)
"Hadoop-Metrics-Updater-0" daemon prio=5 tid=74 timed_waiting
java.lang.Thread.State: TIMED_WAITING
        at java.base@21.0.8/jdk.internal.misc.Unsafe.park(Native Method)
        at java.base@21.0.8/java.util.concurrent.locks.LockSupport.parkNanos(LockSupport.java:269)
        at java.base@21.0.8/java.util.concurrent.locks.AbstractQueuedSynchronizer$ConditionObject.awaitNanos(AbstractQueuedSynchronizer.java:1763)
        at java.base@21.0.8/java.util.concurrent.ScheduledThreadPoolExecutor$DelayedWorkQueue.take(ScheduledThreadPoolExecutor.java:1182)
        at java.base@21.0.8/java.util.concurrent.ScheduledThreadPoolExecutor$DelayedWorkQueue.take(ScheduledThreadPoolExecutor.java:899)
        at java.base@21.0.8/java.util.concurrent.ThreadPoolExecutor.getTask(ThreadPoolExecutor.java:1070)
        at java.base@21.0.8/java.util.concurrent.ThreadPoolExecutor.runWorker(ThreadPoolExecutor.java:1130)
        at java.base@21.0.8/java.util.concurrent.ThreadPoolExecutor$Worker.run(ThreadPoolExecutor.java:642)
        at java.base@21.0.8/java.lang.Thread.runWith(Thread.java:1596)
        at java.base@21.0.8/java.lang.Thread.run(Thread.java:1583)
"IPC Server handler 46 on default port 15002" daemon prio=5 tid=166 timed_waiting
java.lang.Thread.State: TIMED_WAITING
        at java.base@21.0.8/jdk.internal.misc.Unsafe.park(Native Method)
        at java.base@21.0.8/java.util.concurrent.locks.LockSupport.parkNanos(LockSupport.java:269)
        at java.base@21.0.8/java.util.concurrent.locks.AbstractQueuedSynchronizer$ConditionObject.awaitNanos(AbstractQueuedSynchronizer.java:1763)
        at java.base@21.0.8/java.util.concurrent.LinkedBlockingQueue.poll(LinkedBlockingQueue.java:460)
        at app//org.apache.hadoop.ipc.CallQueueManager.take(CallQueueManager.java:370)
        at app//org.apache.hadoop.ipc.Server$Handler.run(Server.java:3165)
"volumeTable_FullTableCache-Cleanup-0" daemon prio=5 tid=1231 timed_waiting
java.lang.Thread.State: TIMED_WAITING
        at java.base@21.0.8/jdk.internal.misc.Unsafe.park(Native Method)
        at java.base@21.0.8/java.util.concurrent.locks.LockSupport.parkNanos(LockSupport.java:269)
        at java.base@21.0.8/java.util.concurrent.locks.AbstractQueuedSynchronizer$ConditionObject.awaitNanos(AbstractQueuedSynchronizer.java:1763)
        at java.base@21.0.8/java.util.concurrent.ScheduledThreadPoolExecutor$DelayedWorkQueue.take(ScheduledThreadPoolExecutor.java:1182)
        at java.base@21.0.8/java.util.concurrent.ScheduledThreadPoolExecutor$DelayedWorkQueue.take(ScheduledThreadPoolExecutor.java:899)
        at java.base@21.0.8/java.util.concurrent.ThreadPoolExecutor.getTask(ThreadPoolExecutor.java:1070)
        at java.base@21.0.8/java.util.concurrent.ThreadPoolExecutor.runWorker(ThreadPoolExecutor.java:1130)
        at java.base@21.0.8/java.util.concurrent.ThreadPoolExecutor$Worker.run(ThreadPoolExecutor.java:642)
        at java.base@21.0.8/java.lang.Thread.runWith(Thread.java:1596)
        at java.base@21.0.8/java.lang.Thread.run(Thread.java:1583)
"IPC Server handler 24 on default port 15002" daemon prio=5 tid=144 timed_waiting
java.lang.Thread.State: TIMED_WAITING
        at java.base@21.0.8/jdk.internal.misc.Unsafe.park(Native Method)
        at java.base@21.0.8/java.util.concurrent.locks.LockSupport.parkNanos(LockSupport.java:269)
        at java.base@21.0.8/java.util.concurrent.locks.AbstractQueuedSynchronizer$ConditionObject.awaitNanos(AbstractQueuedSynchronizer.java:1763)
        at java.base@21.0.8/java.util.concurrent.LinkedBlockingQueue.poll(LinkedBlockingQueue.java:460)
        at app//org.apache.hadoop.ipc.CallQueueManager.take(CallQueueManager.java:370)
        at app//org.apache.hadoop.ipc.Server$Handler.run(Server.java:3165)
"IPC Server handler 63 on default port 15002" daemon prio=5 tid=183 timed_waiting
java.lang.Thread.State: TIMED_WAITING
        at java.base@21.0.8/jdk.internal.misc.Unsafe.park(Native Method)
        at java.base@21.0.8/java.util.concurrent.locks.LockSupport.parkNanos(LockSupport.java:269)
        at java.base@21.0.8/java.util.concurrent.locks.AbstractQueuedSynchronizer$ConditionObject.awaitNanos(AbstractQueuedSynchronizer.java:1763)
        at java.base@21.0.8/java.util.concurrent.LinkedBlockingQueue.poll(LinkedBlockingQueue.java:460)
        at app//org.apache.hadoop.ipc.CallQueueManager.take(CallQueueManager.java:370)
        at app//org.apache.hadoop.ipc.Server$Handler.run(Server.java:3165)
"IPC Server handler 25 on default port 15001" daemon prio=5 tid=583 timed_waiting
java.lang.Thread.State: TIMED_WAITING
        at java.base@21.0.8/jdk.internal.misc.Unsafe.park(Native Method)
        at java.base@21.0.8/java.util.concurrent.locks.LockSupport.parkNanos(LockSupport.java:269)
        at java.base@21.0.8/java.util.concurrent.locks.AbstractQueuedSynchronizer$ConditionObject.awaitNanos(AbstractQueuedSynchronizer.java:1763)
        at java.base@21.0.8/java.util.concurrent.LinkedBlockingQueue.poll(LinkedBlockingQueue.java:460)
        at app//org.apache.hadoop.ipc.CallQueueManager.take(CallQueueManager.java:370)
        at app//org.apache.hadoop.ipc.Server$Handler.run(Server.java:3165)
"IPC Server handler 13 on default port 15004" daemon prio=5 tid=351 timed_waiting
java.lang.Thread.State: TIMED_WAITING
        at java.base@21.0.8/jdk.internal.misc.Unsafe.park(Native Method)
        at java.base@21.0.8/java.util.concurrent.locks.LockSupport.parkNanos(LockSupport.java:269)
        at java.base@21.0.8/java.util.concurrent.locks.AbstractQueuedSynchronizer$ConditionObject.awaitNanos(AbstractQueuedSynchronizer.java:1763)
        at java.base@21.0.8/java.util.concurrent.LinkedBlockingQueue.poll(LinkedBlockingQueue.java:460)
        at app//org.apache.hadoop.ipc.CallQueueManager.take(CallQueueManager.java:370)
        at app//org.apache.hadoop.ipc.Server$Handler.run(Server.java:3165)
"74afb32b-8e70-4799-b16c-dc9602d9dbb6-CommandProcessorThread" daemon prio=5 tid=968 timed_waiting
java.lang.Thread.State: TIMED_WAITING
        at java.base@21.0.8/java.lang.Thread.sleep0(Native Method)
        at java.base@21.0.8/java.lang.Thread.sleep(Thread.java:509)
        at app//org.apache.hadoop.ozone.container.common.statemachine.DatanodeStateMachine.lambda$initCommandHandlerThread$4(DatanodeStateMachine.java:698)
        at app//org.apache.hadoop.ozone.container.common.statemachine.DatanodeStateMachine$$Lambda/0x00007f9d6ccbae88.run(Unknown Source)
        at java.base@21.0.8/java.lang.Thread.runWith(Thread.java:1596)
        at java.base@21.0.8/java.lang.Thread.run(Thread.java:1583)
"IPC Server handler 32 on default port 15002" daemon prio=5 tid=152 timed_waiting
java.lang.Thread.State: TIMED_WAITING
        at java.base@21.0.8/jdk.internal.misc.Unsafe.park(Native Method)
        at java.base@21.0.8/java.util.concurrent.locks.LockSupport.parkNanos(LockSupport.java:269)
        at java.base@21.0.8/java.util.concurrent.locks.AbstractQueuedSynchronizer$ConditionObject.awaitNanos(AbstractQueuedSynchronizer.java:1763)
        at java.base@21.0.8/java.util.concurrent.LinkedBlockingQueue.poll(LinkedBlockingQueue.java:460)
        at app//org.apache.hadoop.ipc.CallQueueManager.take(CallQueueManager.java:370)
        at app//org.apache.hadoop.ipc.Server$Handler.run(Server.java:3165)
"IPC Server handler 94 on default port 15002" daemon prio=5 tid=214 timed_waiting
java.lang.Thread.State: TIMED_WAITING
        at java.base@21.0.8/jdk.internal.misc.Unsafe.park(Native Method)
        at java.base@21.0.8/java.util.concurrent.locks.LockSupport.parkNanos(LockSupport.java:269)
        at java.base@21.0.8/java.util.concurrent.locks.AbstractQueuedSynchronizer$ConditionObject.awaitNanos(AbstractQueuedSynchronizer.java:1763)
        at java.base@21.0.8/java.util.concurrent.LinkedBlockingQueue.poll(LinkedBlockingQueue.java:460)
        at app//org.apache.hadoop.ipc.CallQueueManager.take(CallQueueManager.java:370)
        at app//org.apache.hadoop.ipc.Server$Handler.run(Server.java:3165)
"IPC Server handler 65 on default port 15003" daemon prio=5 tid=285 timed_waiting
java.lang.Thread.State: TIMED_WAITING
        at java.base@21.0.8/jdk.internal.misc.Unsafe.park(Native Method)
        at java.base@21.0.8/java.util.concurrent.locks.LockSupport.parkNanos(LockSupport.java:269)
        at java.base@21.0.8/java.util.concurrent.locks.AbstractQueuedSynchronizer$ConditionObject.awaitNanos(AbstractQueuedSynchronizer.java:1763)
        at java.base@21.0.8/java.util.concurrent.LinkedBlockingQueue.poll(LinkedBlockingQueue.java:460)
        at app//org.apache.hadoop.ipc.CallQueueManager.take(CallQueueManager.java:370)
        at app//org.apache.hadoop.ipc.Server$Handler.run(Server.java:3165)
"IPC Server listener on 15021" daemon prio=5 tid=727 runnable
java.lang.Thread.State: RUNNABLE
        at java.base@21.0.8/sun.nio.ch.EPoll.wait(Native Method)
        at java.base@21.0.8/sun.nio.ch.EPollSelectorImpl.doSelect(EPollSelectorImpl.java:121)
        at java.base@21.0.8/sun.nio.ch.SelectorImpl.lockAndDoSelect(SelectorImpl.java:130)
        at java.base@21.0.8/sun.nio.ch.SelectorImpl.select(SelectorImpl.java:147)
        at app//org.apache.hadoop.ipc.Server$Listener.run(Server.java:1559)
"DiskUsage-/home/runner/work/ozone/ozone/hadoop-ozone/integration-test-recon/target/test-dir/MiniOzoneClusterImpl-b15909b8-03a8-4b15-aaa3-a668c086c089/ozone-metadata/datanode-3/ratis-
" daemon prio=5 tid=951 timed_waiting
java.lang.Thread.State: TIMED_WAITING
        at java.base@21.0.8/jdk.internal.misc.Unsafe.park(Native Method)
        at java.base@21.0.8/java.util.concurrent.locks.LockSupport.parkNanos(LockSupport.java:269)
        at java.base@21.0.8/java.util.concurrent.locks.AbstractQueuedSynchronizer$ConditionObject.awaitNanos(AbstractQueuedSynchronizer.java:1763)
        at java.base@21.0.8/java.util.concurrent.ScheduledThreadPoolExecutor$DelayedWorkQueue.take(ScheduledThreadPoolExecutor.java:1182)
        at java.base@21.0.8/java.util.concurrent.ScheduledThreadPoolExecutor$DelayedWorkQueue.take(ScheduledThreadPoolExecutor.java:899)
        at java.base@21.0.8/java.util.concurrent.ThreadPoolExecutor.getTask(ThreadPoolExecutor.java:1070)
        at java.base@21.0.8/java.util.concurrent.ThreadPoolExecutor.runWorker(ThreadPoolExecutor.java:1130)
        at java.base@21.0.8/java.util.concurrent.ThreadPoolExecutor$Worker.run(ThreadPoolExecutor.java:642)
        at java.base@21.0.8/java.lang.Thread.runWith(Thread.java:1596)
        at java.base@21.0.8/java.lang.Thread.run(Thread.java:1583)
"IPC Server handler 78 on default port 15002" daemon prio=5 tid=198 timed_waiting
java.lang.Thread.State: TIMED_WAITING
        at java.base@21.0.8/jdk.internal.misc.Unsafe.park(Native Method)
        at java.base@21.0.8/java.util.concurrent.locks.LockSupport.parkNanos(LockSupport.java:269)
        at java.base@21.0.8/java.util.concurrent.locks.AbstractQueuedSynchronizer$ConditionObject.awaitNanos(AbstractQueuedSynchronizer.java:1763)
        at java.base@21.0.8/java.util.concurrent.LinkedBlockingQueue.poll(LinkedBlockingQueue.java:460)
        at app//org.apache.hadoop.ipc.CallQueueManager.take(CallQueueManager.java:370)
        at app//org.apache.hadoop.ipc.Server$Handler.run(Server.java:3165)
"qtp249078499-721" daemon prio=5 tid=721 timed_waiting
java.lang.Thread.State: TIMED_WAITING
        at java.base@21.0.8/jdk.internal.misc.Unsafe.park(Native Method)
        at java.base@21.0.8/java.util.concurrent.locks.LockSupport.parkNanos(LockSupport.java:269)
        at java.base@21.0.8/java.util.concurrent.locks.AbstractQueuedSynchronizer$ConditionObject.awaitNanos(AbstractQueuedSynchronizer.java:1763)
        at app//org.eclipse.jetty.util.BlockingArrayQueue.poll(BlockingArrayQueue.java:382)
        at app//org.eclipse.jetty.util.thread.QueuedThreadPool$Runner.idleJobPoll(QueuedThreadPool.java:974)
        at app//org.eclipse.jetty.util.thread.QueuedThreadPool$Runner.run(QueuedThreadPool.java:1018)
        at java.base@21.0.8/java.lang.Thread.runWith(Thread.java:1596)
        at java.base@21.0.8/java.lang.Thread.run(Thread.java:1583)
"IPC Server handler 77 on default port 15002" daemon prio=5 tid=197 timed_waiting
java.lang.Thread.State: TIMED_WAITING
        at java.base@21.0.8/jdk.internal.misc.Unsafe.park(Native Method)
        at java.base@21.0.8/java.util.concurrent.locks.LockSupport.parkNanos(LockSupport.java:269)
        at java.base@21.0.8/java.util.concurrent.locks.AbstractQueuedSynchronizer$ConditionObject.awaitNanos(AbstractQueuedSynchronizer.java:1763)
        at java.base@21.0.8/java.util.concurrent.LinkedBlockingQueue.poll(LinkedBlockingQueue.java:460)
        at app//org.apache.hadoop.ipc.CallQueueManager.take(CallQueueManager.java:370)
        at app//org.apache.hadoop.ipc.Server$Handler.run(Server.java:3165)
"qtp249078499-723" daemon prio=5 tid=723 timed_waiting
java.lang.Thread.State: TIMED_WAITING
        at java.base@21.0.8/jdk.internal.misc.Unsafe.park(Native Method)
        at java.base@21.0.8/java.util.concurrent.locks.LockSupport.parkNanos(LockSupport.java:269)
        at java.base@21.0.8/java.util.concurrent.locks.AbstractQueuedSynchronizer$ConditionObject.awaitNanos(AbstractQueuedSynchronizer.java:1763)
        at app//org.eclipse.jetty.util.BlockingArrayQueue.poll(BlockingArrayQueue.java:382)
        at app//org.eclipse.jetty.util.thread.QueuedThreadPool$Runner.idleJobPoll(QueuedThreadPool.java:974)
        at app//org.eclipse.jetty.util.thread.QueuedThreadPool$Runner.run(QueuedThreadPool.java:1018)
        at java.base@21.0.8/java.lang.Thread.runWith(Thread.java:1596)
        at java.base@21.0.8/java.lang.Thread.run(Thread.java:1583)
"IPC Server handler 17 on default port 15004" daemon prio=5 tid=355 timed_waiting
java.lang.Thread.State: TIMED_WAITING
        at java.base@21.0.8/jdk.internal.misc.Unsafe.park(Native Method)
        at java.base@21.0.8/java.util.concurrent.locks.LockSupport.parkNanos(LockSupport.java:269)
        at java.base@21.0.8/java.util.concurrent.locks.AbstractQueuedSynchronizer$ConditionObject.awaitNanos(AbstractQueuedSynchronizer.java:1763)
        at java.base@21.0.8/java.util.concurrent.LinkedBlockingQueue.poll(LinkedBlockingQueue.java:460)
        at app//org.apache.hadoop.ipc.CallQueueManager.take(CallQueueManager.java:370)
        at app//org.apache.hadoop.ipc.Server$Handler.run(Server.java:3165)
"IPC Server handler 72 on default port 15002" daemon prio=5 tid=192 timed_waiting
java.lang.Thread.State: TIMED_WAITING
        at java.base@21.0.8/jdk.internal.misc.Unsafe.park(Native Method)
        at java.base@21.0.8/java.util.concurrent.locks.LockSupport.parkNanos(LockSupport.java:269)
        at java.base@21.0.8/java.util.concurrent.locks.AbstractQueuedSynchronizer$ConditionObject.awaitNanos(AbstractQueuedSynchronizer.java:1763)
        at java.base@21.0.8/java.util.concurrent.LinkedBlockingQueue.poll(LinkedBlockingQueue.java:460)
        at app//org.apache.hadoop.ipc.CallQueueManager.take(CallQueueManager.java:370)
        at app//org.apache.hadoop.ipc.Server$Handler.run(Server.java:3165)
"IPC Server handler 30 on default port 15003" daemon prio=5 tid=250 timed_waiting
java.lang.Thread.State: TIMED_WAITING
        at java.base@21.0.8/jdk.internal.misc.Unsafe.park(Native Method)
        at java.base@21.0.8/java.util.concurrent.locks.LockSupport.parkNanos(LockSupport.java:269)
        at java.base@21.0.8/java.util.concurrent.locks.AbstractQueuedSynchronizer$ConditionObject.awaitNanos(AbstractQueuedSynchronizer.java:1763)
        at java.base@21.0.8/java.util.concurrent.LinkedBlockingQueue.poll(LinkedBlockingQueue.java:460)
        at app//org.apache.hadoop.ipc.CallQueueManager.take(CallQueueManager.java:370)
        at app//org.apache.hadoop.ipc.Server$Handler.run(Server.java:3165)
"IPC Server handler 62 on default port 15004" daemon prio=5 tid=400 timed_waiting
java.lang.Thread.State: TIMED_WAITING
        at java.base@21.0.8/jdk.internal.misc.Unsafe.park(Native Method)
        at java.base@21.0.8/java.util.concurrent.locks.LockSupport.parkNanos(LockSupport.java:269)
        at java.base@21.0.8/java.util.concurrent.locks.AbstractQueuedSynchronizer$ConditionObject.awaitNanos(AbstractQueuedSynchronizer.java:1763)
        at java.base@21.0.8/java.util.concurrent.LinkedBlockingQueue.poll(LinkedBlockingQueue.java:460)
        at app//org.apache.hadoop.ipc.CallQueueManager.take(CallQueueManager.java:370)
        at app//org.apache.hadoop.ipc.Server$Handler.run(Server.java:3165)
"SnapshotCacheCleanupService" daemon prio=5 tid=442 timed_waiting
java.lang.Thread.State: TIMED_WAITING
        at java.base@21.0.8/jdk.internal.misc.Unsafe.park(Native Method)
        at java.base@21.0.8/java.util.concurrent.locks.LockSupport.parkNanos(LockSupport.java:269)
        at java.base@21.0.8/java.util.concurrent.locks.AbstractQueuedSynchronizer$ConditionObject.awaitNanos(AbstractQueuedSynchronizer.java:1763)
        at java.base@21.0.8/java.util.concurrent.ScheduledThreadPoolExecutor$DelayedWorkQueue.take(ScheduledThreadPoolExecutor.java:1182)
        at java.base@21.0.8/java.util.concurrent.ScheduledThreadPoolExecutor$DelayedWorkQueue.take(ScheduledThreadPoolExecutor.java:899)
        at java.base@21.0.8/java.util.concurrent.ThreadPoolExecutor.getTask(ThreadPoolExecutor.java:1070)
        at java.base@21.0.8/java.util.concurrent.ThreadPoolExecutor.runWorker(ThreadPoolExecutor.java:1130)
        at java.base@21.0.8/java.util.concurrent.ThreadPoolExecutor$Worker.run(ThreadPoolExecutor.java:642)
        at java.base@21.0.8/java.lang.Thread.runWith(Thread.java:1596)
        at java.base@21.0.8/java.lang.Thread.run(Thread.java:1583)
"IPC Server handler 65 on default port 15004" daemon prio=5 tid=403 timed_waiting
java.lang.Thread.State: TIMED_WAITING
        at java.base@21.0.8/jdk.internal.misc.Unsafe.park(Native Method)
        at java.base@21.0.8/java.util.concurrent.locks.LockSupport.parkNanos(LockSupport.java:269)
        at java.base@21.0.8/java.util.concurrent.locks.AbstractQueuedSynchronizer$ConditionObject.awaitNanos(AbstractQueuedSynchronizer.java:1763)
        at java.base@21.0.8/java.util.concurrent.LinkedBlockingQueue.poll(LinkedBlockingQueue.java:460)
        at app//org.apache.hadoop.ipc.CallQueueManager.take(CallQueueManager.java:370)
        at app//org.apache.hadoop.ipc.Server$Handler.run(Server.java:3165)
"IPC Server handler 8 on default port 15029" daemon prio=5 tid=795 timed_waiting
java.lang.Thread.State: TIMED_WAITING
        at java.base@21.0.8/jdk.internal.misc.Unsafe.park(Native Method)
        at java.base@21.0.8/java.util.concurrent.locks.LockSupport.parkNanos(LockSupport.java:269)
        at java.base@21.0.8/java.util.concurrent.locks.AbstractQueuedSynchronizer$ConditionObject.awaitNanos(AbstractQueuedSynchronizer.java:1763)
        at java.base@21.0.8/java.util.concurrent.LinkedBlockingQueue.poll(LinkedBlockingQueue.java:460)
        at app//org.apache.hadoop.ipc.CallQueueManager.take(CallQueueManager.java:370)
        at app//org.apache.hadoop.ipc.Server$Handler.run(Server.java:3165)
"Socket Reader #8 for port 15003" daemon prio=5 tid=83 runnable
java.lang.Thread.State: RUNNABLE
        at java.base@21.0.8/sun.nio.ch.EPoll.wait(Native Method)
        at java.base@21.0.8/sun.nio.ch.EPollSelectorImpl.doSelect(EPollSelectorImpl.java:121)
        at java.base@21.0.8/sun.nio.ch.SelectorImpl.lockAndDoSelect(SelectorImpl.java:130)
        at java.base@21.0.8/sun.nio.ch.SelectorImpl.select(SelectorImpl.java:147)
        at app//org.apache.hadoop.ipc.Server$Listener$Reader.doRunLoop(Server.java:1497)
        at app//org.apache.hadoop.ipc.Server$Listener$Reader.run(Server.java:1476)
"IPC Server handler 42 on default port 15001" daemon prio=5 tid=600 timed_waiting
java.lang.Thread.State: TIMED_WAITING
        at java.base@21.0.8/jdk.internal.misc.Unsafe.park(Native Method)
        at java.base@21.0.8/java.util.concurrent.locks.LockSupport.parkNanos(LockSupport.java:269)
        at java.base@21.0.8/java.util.concurrent.locks.AbstractQueuedSynchronizer$ConditionObject.awaitNanos(AbstractQueuedSynchronizer.java:1763)
        at java.base@21.0.8/java.util.concurrent.LinkedBlockingQueue.poll(LinkedBlockingQueue.java:460)
        at app//org.apache.hadoop.ipc.CallQueueManager.take(CallQueueManager.java:370)
        at app//org.apache.hadoop.ipc.Server$Handler.run(Server.java:3165)
"qtp1213220498-770" daemon prio=5 tid=770 timed_waiting
java.lang.Thread.State: TIMED_WAITING
        at java.base@21.0.8/jdk.internal.misc.Unsafe.park(Native Method)
        at java.base@21.0.8/java.util.concurrent.locks.LockSupport.parkNanos(LockSupport.java:269)
        at java.base@21.0.8/java.util.concurrent.locks.AbstractQueuedSynchronizer$ConditionObject.awaitNanos(AbstractQueuedSynchronizer.java:1763)
        at app//org.eclipse.jetty.util.BlockingArrayQueue.poll(BlockingArrayQueue.java:382)
        at app//org.eclipse.jetty.util.thread.QueuedThreadPool$Runner.idleJobPoll(QueuedThreadPool.java:974)
        at app//org.eclipse.jetty.util.thread.QueuedThreadPool$Runner.run(QueuedThreadPool.java:1018)
        at java.base@21.0.8/java.lang.Thread.runWith(Thread.java:1596)
        at java.base@21.0.8/java.lang.Thread.run(Thread.java:1583)
"IPC Server handler 9 on default port 15021" daemon prio=5 tid=750 timed_waiting
java.lang.Thread.State: TIMED_WAITING
        at java.base@21.0.8/jdk.internal.misc.Unsafe.park(Native Method)
        at java.base@21.0.8/java.util.concurrent.locks.LockSupport.parkNanos(LockSupport.java:269)
        at java.base@21.0.8/java.util.concurrent.locks.AbstractQueuedSynchronizer$ConditionObject.awaitNanos(AbstractQueuedSynchronizer.java:1763)
        at java.base@21.0.8/java.util.concurrent.LinkedBlockingQueue.poll(LinkedBlockingQueue.java:460)
        at app//org.apache.hadoop.ipc.CallQueueManager.take(CallQueueManager.java:370)
        at app//org.apache.hadoop.ipc.Server$Handler.run(Server.java:3165)
"fc0351b7-0c71-4a2a-a0ca-337e5c0b1c14-ReplicationContainerReader-2" daemon prio=5 tid=1330 in Object.wait()
java.lang.Thread.State: WAITING (on object monitor)
        at java.base@21.0.8/jdk.internal.misc.Unsafe.park(Native Method)
        at java.base@21.0.8/java.util.concurrent.locks.LockSupport.park(LockSupport.java:371)
        at java.base@21.0.8/java.util.concurrent.locks.AbstractQueuedSynchronizer$ConditionNode.block(AbstractQueuedSynchronizer.java:519)
        at java.base@21.0.8/java.util.concurrent.ForkJoinPool.unmanagedBlock(ForkJoinPool.java:3780)
        at java.base@21.0.8/java.util.concurrent.ForkJoinPool.managedBlock(ForkJoinPool.java:3725)
        at java.base@21.0.8/java.util.concurrent.locks.AbstractQueuedSynchronizer$ConditionObject.await(AbstractQueuedSynchronizer.java:1712)
        at java.base@21.0.8/java.util.concurrent.LinkedBlockingQueue.take(LinkedBlockingQueue.java:435)
        at java.base@21.0.8/java.util.concurrent.ThreadPoolExecutor.getTask(ThreadPoolExecutor.java:1070)
        at java.base@21.0.8/java.util.concurrent.ThreadPoolExecutor.runWorker(ThreadPoolExecutor.java:1130)
        at java.base@21.0.8/java.util.concurrent.ThreadPoolExecutor$Worker.run(ThreadPoolExecutor.java:642)
        at java.base@21.0.8/java.lang.Thread.runWith(Thread.java:1596)
        at java.base@21.0.8/java.lang.Thread.run(Thread.java:1583)
"Socket Reader #1 for port 15001" daemon prio=5 tid=521 runnable
java.lang.Thread.State: RUNNABLE
        at java.base@21.0.8/sun.nio.ch.EPoll.wait(Native Method)
        at java.base@21.0.8/sun.nio.ch.EPollSelectorImpl.doSelect(EPollSelectorImpl.java:121)
        at java.base@21.0.8/sun.nio.ch.SelectorImpl.lockAndDoSelect(SelectorImpl.java:130)
        at java.base@21.0.8/sun.nio.ch.SelectorImpl.select(SelectorImpl.java:147)
        at app//org.apache.hadoop.ipc.Server$Listener$Reader.doRunLoop(Server.java:1497)
        at app//org.apache.hadoop.ipc.Server$Listener$Reader.run(Server.java:1476)
"IPC Server handler 68 on default port 15002" daemon prio=5 tid=188 timed_waiting
java.lang.Thread.State: TIMED_WAITING
        at java.base@21.0.8/jdk.internal.misc.Unsafe.park(Native Method)
        at java.base@21.0.8/java.util.concurrent.locks.LockSupport.parkNanos(LockSupport.java:269)
        at java.base@21.0.8/java.util.concurrent.locks.AbstractQueuedSynchronizer$ConditionObject.awaitNanos(AbstractQueuedSynchronizer.java:1763)
        at java.base@21.0.8/java.util.concurrent.LinkedBlockingQueue.poll(LinkedBlockingQueue.java:460)
        at app//org.apache.hadoop.ipc.CallQueueManager.take(CallQueueManager.java:370)
        at app//org.apache.hadoop.ipc.Server$Handler.run(Server.java:3165)
"IPC Parameter Sending Thread for 0.0.0.0/0.0.0.0:15002" daemon prio=5 tid=1243 timed_waiting
java.lang.Thread.State: TIMED_WAITING
        at java.base@21.0.8/jdk.internal.misc.Unsafe.park(Native Method)
        at java.base@21.0.8/java.util.concurrent.locks.LockSupport.parkNanos(LockSupport.java:410)
        at java.base@21.0.8/java.util.concurrent.LinkedTransferQueue$DualNode.await(LinkedTransferQueue.java:452)
        at java.base@21.0.8/java.util.concurrent.LinkedTransferQueue.xfer(LinkedTransferQueue.java:613)
        at java.base@21.0.8/java.util.concurrent.SynchronousQueue.xfer(SynchronousQueue.java:235)
        at java.base@21.0.8/java.util.concurrent.SynchronousQueue.poll(SynchronousQueue.java:338)
        at app//org.apache.hadoop.ipc.Client$Connection$RpcRequestSender.run(Client.java:1121)
        at java.base@21.0.8/java.lang.Thread.runWith(Thread.java:1596)
        at java.base@21.0.8/java.lang.Thread.run(Thread.java:1583)
"Hadoop-Metrics-Updater-0" daemon prio=5 tid=863 timed_waiting
java.lang.Thread.State: TIMED_WAITING
        at java.base@21.0.8/jdk.internal.misc.Unsafe.park(Native Method)
        at java.base@21.0.8/java.util.concurrent.locks.LockSupport.parkNanos(LockSupport.java:269)
        at java.base@21.0.8/java.util.concurrent.locks.AbstractQueuedSynchronizer$ConditionObject.awaitNanos(AbstractQueuedSynchronizer.java:1763)
        at java.base@21.0.8/java.util.concurrent.ScheduledThreadPoolExecutor$DelayedWorkQueue.take(ScheduledThreadPoolExecutor.java:1182)
        at java.base@21.0.8/java.util.concurrent.ScheduledThreadPoolExecutor$DelayedWorkQueue.take(ScheduledThreadPoolExecutor.java:899)
        at java.base@21.0.8/java.util.concurrent.ThreadPoolExecutor.getTask(ThreadPoolExecutor.java:1070)
        at java.base@21.0.8/java.util.concurrent.ThreadPoolExecutor.runWorker(ThreadPoolExecutor.java:1130)
        at java.base@21.0.8/java.util.concurrent.ThreadPoolExecutor$Worker.run(ThreadPoolExecutor.java:642)
        at java.base@21.0.8/java.lang.Thread.runWith(Thread.java:1596)
        at java.base@21.0.8/java.lang.Thread.run(Thread.java:1583)
"FixedThreadPoolWithAffinityExecutor-3-0" daemon prio=5 tid=106 timed_waiting
java.lang.Thread.State: TIMED_WAITING
        at java.base@21.0.8/jdk.internal.misc.Unsafe.park(Native Method)
        at java.base@21.0.8/java.util.concurrent.locks.LockSupport.parkNanos(LockSupport.java:269)
        at java.base@21.0.8/java.util.concurrent.locks.AbstractQueuedSynchronizer$ConditionObject.awaitNanos(AbstractQueuedSynchronizer.java:1763)
        at java.base@21.0.8/java.util.concurrent.LinkedBlockingQueue.poll(LinkedBlockingQueue.java:460)
        at app//org.apache.hadoop.hdds.scm.server.ContainerReportQueue.poll(ContainerReportQueue.java:269)
        at app//org.apache.hadoop.hdds.scm.server.ContainerReportQueue.poll(ContainerReportQueue.java:42)
        at app//org.apache.hadoop.hdds.server.events.FixedThreadPoolWithAffinityExecutor$ContainerReportProcessTask.run(FixedThreadPoolWithAffinityExecutor.java:228)
        at java.base@21.0.8/java.util.concurrent.Executors$RunnableAdapter.call(Executors.java:572)
        at java.base@21.0.8/java.util.concurrent.FutureTask.run(FutureTask.java:317)
        at java.base@21.0.8/java.util.concurrent.ThreadPoolExecutor.runWorker(ThreadPoolExecutor.java:1144)
        at java.base@21.0.8/java.util.concurrent.ThreadPoolExecutor$Worker.run(ThreadPoolExecutor.java:642)
        at java.base@21.0.8/java.lang.Thread.runWith(Thread.java:1596)
        at java.base@21.0.8/java.lang.Thread.run(Thread.java:1583)
"qtp1597424614-326" daemon prio=5 tid=326 timed_waiting
java.lang.Thread.State: TIMED_WAITING
        at java.base@21.0.8/jdk.internal.misc.Unsafe.park(Native Method)
        at java.base@21.0.8/java.util.concurrent.locks.LockSupport.parkNanos(LockSupport.java:269)
        at java.base@21.0.8/java.util.concurrent.locks.AbstractQueuedSynchronizer$ConditionObject.awaitNanos(AbstractQueuedSynchronizer.java:1763)
        at app//org.eclipse.jetty.util.BlockingArrayQueue.poll(BlockingArrayQueue.java:382)
        at app//org.eclipse.jetty.util.thread.QueuedThreadPool$Runner.idleJobPoll(QueuedThreadPool.java:974)
        at app//org.eclipse.jetty.util.thread.QueuedThreadPool$Runner.run(QueuedThreadPool.java:1018)
        at java.base@21.0.8/java.lang.Thread.runWith(Thread.java:1596)
        at java.base@21.0.8/java.lang.Thread.run(Thread.java:1583)
"pool-270-thread-1"  prio=5 tid=1329 in Object.wait()
java.lang.Thread.State: WAITING (on object monitor)
        at java.base@21.0.8/jdk.internal.misc.Unsafe.park(Native Method)
        at java.base@21.0.8/java.util.concurrent.locks.LockSupport.park(LockSupport.java:371)
        at java.base@21.0.8/java.util.concurrent.locks.AbstractQueuedSynchronizer$ConditionNode.block(AbstractQueuedSynchronizer.java:519)
        at java.base@21.0.8/java.util.concurrent.ForkJoinPool.unmanagedBlock(ForkJoinPool.java:3780)
        at java.base@21.0.8/java.util.concurrent.ForkJoinPool.managedBlock(ForkJoinPool.java:3725)
        at java.base@21.0.8/java.util.concurrent.locks.AbstractQueuedSynchronizer$ConditionObject.await(AbstractQueuedSynchronizer.java:1712)
        at java.base@21.0.8/java.util.concurrent.LinkedBlockingQueue.take(LinkedBlockingQueue.java:435)
        at java.base@21.0.8/java.util.concurrent.ThreadPoolExecutor.getTask(ThreadPoolExecutor.java:1070)
        at java.base@21.0.8/java.util.concurrent.ThreadPoolExecutor.runWorker(ThreadPoolExecutor.java:1130)
        at java.base@21.0.8/java.util.concurrent.ThreadPoolExecutor$Worker.run(ThreadPoolExecutor.java:642)
        at java.base@21.0.8/java.lang.Thread.runWith(Thread.java:1596)
        at java.base@21.0.8/java.lang.Thread.run(Thread.java:1583)
"FixedThreadPoolWithAffinityExecutor-9-0" daemon prio=5 tid=112 timed_waiting
java.lang.Thread.State: TIMED_WAITING
        at java.base@21.0.8/java.util.concurrent.locks.AbstractQueuedSynchronizer$ConditionObject.unlinkCancelledWaiters(AbstractQueuedSynchronizer.java:1615)
        at java.base@21.0.8/java.util.concurrent.locks.AbstractQueuedSynchronizer$ConditionObject.awaitNanos(AbstractQueuedSynchronizer.java:1768)
        at java.base@21.0.8/java.util.concurrent.LinkedBlockingQueue.poll(LinkedBlockingQueue.java:460)
        at app//org.apache.hadoop.hdds.scm.server.ContainerReportQueue.poll(ContainerReportQueue.java:269)
        at app//org.apache.hadoop.hdds.scm.server.ContainerReportQueue.poll(ContainerReportQueue.java:42)
        at app//org.apache.hadoop.hdds.server.events.FixedThreadPoolWithAffinityExecutor$ContainerReportProcessTask.run(FixedThreadPoolWithAffinityExecutor.java:228)
        at java.base@21.0.8/java.util.concurrent.Executors$RunnableAdapter.call(Executors.java:572)
        at java.base@21.0.8/java.util.concurrent.FutureTask.run(FutureTask.java:317)
        at java.base@21.0.8/java.util.concurrent.ThreadPoolExecutor.runWorker(ThreadPoolExecutor.java:1144)
        at java.base@21.0.8/java.util.concurrent.ThreadPoolExecutor$Worker.run(ThreadPoolExecutor.java:642)
        at java.base@21.0.8/java.lang.Thread.runWith(Thread.java:1596)
        at java.base@21.0.8/java.lang.Thread.run(Thread.java:1583)
"main"  prio=5 tid=1 in Object.wait()
java.lang.Thread.State: WAITING (on object monitor)
        at java.base@21.0.8/jdk.internal.misc.Unsafe.park(Native Method)
        at java.base@21.0.8/java.util.concurrent.locks.LockSupport.park(LockSupport.java:371)
        at java.base@21.0.8/java.util.concurrent.ForkJoinTask.awaitDone(ForkJoinTask.java:461)
        at java.base@21.0.8/java.util.concurrent.ForkJoinTask.get(ForkJoinTask.java:991)
        at app//org.junit.platform.engine.support.hierarchical.HierarchicalTestEngine.execute(HierarchicalTestEngine.java:54)
        at app//org.junit.platform.launcher.core.EngineExecutionOrchestrator.executeEngine(EngineExecutionOrchestrator.java:230)
        at app//org.junit.platform.launcher.core.EngineExecutionOrchestrator.failOrExecuteEngine(EngineExecutionOrchestrator.java:204)
        at app//org.junit.platform.launcher.core.EngineExecutionOrchestrator.execute(EngineExecutionOrchestrator.java:172)
        at app//org.junit.platform.launcher.core.EngineExecutionOrchestrator.execute(EngineExecutionOrchestrator.java:101)
        at app//org.junit.platform.launcher.core.EngineExecutionOrchestrator.lambda$execute$0(EngineExecutionOrchestrator.java:64)
        at app//org.junit.platform.launcher.core.EngineExecutionOrchestrator$$Lambda/0x00007f9d6c12f480.accept(Unknown Source)
        at app//org.junit.platform.launcher.core.EngineExecutionOrchestrator.withInterceptedStreams(EngineExecutionOrchestrator.java:150)
        at app//org.junit.platform.launcher.core.EngineExecutionOrchestrator.execute(EngineExecutionOrchestrator.java:63)
        at app//org.junit.platform.launcher.core.DefaultLauncher.execute(DefaultLauncher.java:109)
        at app//org.junit.platform.launcher.core.DefaultLauncher.execute(DefaultLauncher.java:91)
        at app//org.junit.platform.launcher.core.DelegatingLauncher.execute(DelegatingLauncher.java:47)
        at app//org.junit.platform.launcher.core.InterceptingLauncher.lambda$execute$1(InterceptingLauncher.java:39)
        at app//org.junit.platform.launcher.core.InterceptingLauncher$$Lambda/0x00007f9d6c099000.proceed(Unknown Source)
        at app//org.junit.platform.launcher.core.ClasspathAlignmentCheckingLauncherInterceptor.intercept(ClasspathAlignmentCheckingLauncherInterceptor.java:25)
        at app//org.junit.platform.launcher.core.InterceptingLauncher.execute(InterceptingLauncher.java:38)
        at app//org.junit.platform.launcher.core.DelegatingLauncher.execute(DelegatingLauncher.java:47)
        at app//org.apache.maven.surefire.junitplatform.LazyLauncher.execute(LazyLauncher.java:56)
        at app//org.apache.maven.surefire.junitplatform.JUnitPlatformProvider.execute(JUnitPlatformProvider.java:184)
        at app//org.apache.maven.surefire.junitplatform.JUnitPlatformProvider.invokeAllTests(JUnitPlatformProvider.java:148)
        at app//org.apache.maven.surefire.junitplatform.JUnitPlatformProvider.invoke(JUnitPlatformProvider.java:120)
        at app//org.apache.maven.surefire.booter.ForkedBooter.runSuitesInProcess(ForkedBooter.java:385)
        at app//org.apache.maven.surefire.booter.ForkedBooter.execute(ForkedBooter.java:162)
        at app//org.apache.maven.surefire.booter.ForkedBooter.run(ForkedBooter.java:507)
        at app//org.apache.maven.surefire.booter.ForkedBooter.main(ForkedBooter.java:495)
"IPC Server handler 33 on default port 15004" daemon prio=5 tid=371 timed_waiting
java.lang.Thread.State: TIMED_WAITING
        at java.base@21.0.8/jdk.internal.misc.Unsafe.park(Native Method)
        at java.base@21.0.8/java.util.concurrent.locks.LockSupport.parkNanos(LockSupport.java:269)
        at java.base@21.0.8/java.util.concurrent.locks.AbstractQueuedSynchronizer$ConditionObject.awaitNanos(AbstractQueuedSynchronizer.java:1763)
        at java.base@21.0.8/java.util.concurrent.LinkedBlockingQueue.poll(LinkedBlockingQueue.java:460)
        at app//org.apache.hadoop.ipc.CallQueueManager.take(CallQueueManager.java:370)
        at app//org.apache.hadoop.ipc.Server$Handler.run(Server.java:3165)
"Socket Reader #10 for port 15004" daemon prio=5 tid=71 runnable
java.lang.Thread.State: RUNNABLE
        at java.base@21.0.8/sun.nio.ch.EPoll.wait(Native Method)
        at java.base@21.0.8/sun.nio.ch.EPollSelectorImpl.doSelect(EPollSelectorImpl.java:121)
        at java.base@21.0.8/sun.nio.ch.SelectorImpl.lockAndDoSelect(SelectorImpl.java:130)
        at java.base@21.0.8/sun.nio.ch.SelectorImpl.select(SelectorImpl.java:147)
        at app//org.apache.hadoop.ipc.Server$Listener$Reader.doRunLoop(Server.java:1497)
        at app//org.apache.hadoop.ipc.Server$Listener$Reader.run(Server.java:1476)
"StaleRecoveringContainerScrubbingService#0" daemon prio=5 tid=976 timed_waiting
java.lang.Thread.State: TIMED_WAITING
        at java.base@21.0.8/jdk.internal.misc.Unsafe.park(Native Method)
        at java.base@21.0.8/java.util.concurrent.locks.LockSupport.parkNanos(LockSupport.java:269)
        at java.base@21.0.8/java.util.concurrent.locks.AbstractQueuedSynchronizer$ConditionObject.awaitNanos(AbstractQueuedSynchronizer.java:1763)
        at java.base@21.0.8/java.util.concurrent.ScheduledThreadPoolExecutor$DelayedWorkQueue.take(ScheduledThreadPoolExecutor.java:1182)
        at java.base@21.0.8/java.util.concurrent.ScheduledThreadPoolExecutor$DelayedWorkQueue.take(ScheduledThreadPoolExecutor.java:899)
        at java.base@21.0.8/java.util.concurrent.ThreadPoolExecutor.getTask(ThreadPoolExecutor.java:1070)
        at java.base@21.0.8/java.util.concurrent.ThreadPoolExecutor.runWorker(ThreadPoolExecutor.java:1130)
        at java.base@21.0.8/java.util.concurrent.ThreadPoolExecutor$Worker.run(ThreadPoolExecutor.java:642)
        at java.base@21.0.8/java.lang.Thread.runWith(Thread.java:1596)
        at java.base@21.0.8/java.lang.Thread.run(Thread.java:1583)
"qtp1181622455-545" daemon prio=5 tid=545 timed_waiting
java.lang.Thread.State: TIMED_WAITING
        at java.base@21.0.8/jdk.internal.misc.Unsafe.park(Native Method)
        at java.base@21.0.8/java.util.concurrent.locks.LockSupport.parkNanos(LockSupport.java:269)
        at java.base@21.0.8/java.util.concurrent.locks.AbstractQueuedSynchronizer$ConditionObject.awaitNanos(AbstractQueuedSynchronizer.java:1763)
        at app//org.eclipse.jetty.util.BlockingArrayQueue.poll(BlockingArrayQueue.java:382)
        at app//org.eclipse.jetty.util.thread.QueuedThreadPool$Runner.idleJobPoll(QueuedThreadPool.java:974)
        at app//org.eclipse.jetty.util.thread.QueuedThreadPool$Runner.run(QueuedThreadPool.java:1018)
        at java.base@21.0.8/java.lang.Thread.runWith(Thread.java:1596)
        at java.base@21.0.8/java.lang.Thread.run(Thread.java:1583)
"IPC Server handler 30 on default port 15001" daemon prio=5 tid=588 timed_waiting
java.lang.Thread.State: TIMED_WAITING
        at java.base@21.0.8/jdk.internal.misc.Unsafe.park(Native Method)
        at java.base@21.0.8/java.util.concurrent.locks.LockSupport.parkNanos(LockSupport.java:269)
        at java.base@21.0.8/java.util.concurrent.locks.AbstractQueuedSynchronizer$ConditionObject.awaitNanos(AbstractQueuedSynchronizer.java:1763)
        at java.base@21.0.8/java.util.concurrent.LinkedBlockingQueue.poll(LinkedBlockingQueue.java:460)
        at app//org.apache.hadoop.ipc.CallQueueManager.take(CallQueueManager.java:370)
        at app//org.apache.hadoop.ipc.Server$Handler.run(Server.java:3165)
"IPC Server handler 2 on default port 15021" daemon prio=5 tid=743 timed_waiting
java.lang.Thread.State: TIMED_WAITING
        at java.base@21.0.8/jdk.internal.misc.Unsafe.park(Native Method)
        at java.base@21.0.8/java.util.concurrent.locks.LockSupport.parkNanos(LockSupport.java:269)
        at java.base@21.0.8/java.util.concurrent.locks.AbstractQueuedSynchronizer$ConditionObject.awaitNanos(AbstractQueuedSynchronizer.java:1763)
        at java.base@21.0.8/java.util.concurrent.LinkedBlockingQueue.poll(LinkedBlockingQueue.java:460)
        at app//org.apache.hadoop.ipc.CallQueueManager.take(CallQueueManager.java:370)
        at app//org.apache.hadoop.ipc.Server$Handler.run(Server.java:3165)
"IPC Parameter Sending Thread for localhost/127.0.0.1:15008" daemon prio=5 tid=1155 timed_waiting
java.lang.Thread.State: TIMED_WAITING
        at java.base@21.0.8/jdk.internal.misc.Unsafe.park(Native Method)
        at java.base@21.0.8/java.util.concurrent.locks.LockSupport.parkNanos(LockSupport.java:410)
        at java.base@21.0.8/java.util.concurrent.LinkedTransferQueue$DualNode.await(LinkedTransferQueue.java:452)
        at java.base@21.0.8/java.util.concurrent.LinkedTransferQueue.xfer(LinkedTransferQueue.java:613)
        at java.base@21.0.8/java.util.concurrent.SynchronousQueue.xfer(SynchronousQueue.java:235)
        at java.base@21.0.8/java.util.concurrent.SynchronousQueue.poll(SynchronousQueue.java:338)
        at app//org.apache.hadoop.ipc.Client$Connection$RpcRequestSender.run(Client.java:1121)
        at java.base@21.0.8/java.lang.Thread.runWith(Thread.java:1596)
        at java.base@21.0.8/java.lang.Thread.run(Thread.java:1583)
"Socket Reader #5 for port 15008" daemon prio=5 tid=454 runnable
java.lang.Thread.State: RUNNABLE
        at java.base@21.0.8/sun.nio.ch.EPoll.wait(Native Method)
        at java.base@21.0.8/sun.nio.ch.EPollSelectorImpl.doSelect(EPollSelectorImpl.java:121)
        at java.base@21.0.8/sun.nio.ch.SelectorImpl.lockAndDoSelect(SelectorImpl.java:130)
        at java.base@21.0.8/sun.nio.ch.SelectorImpl.select(SelectorImpl.java:147)
        at app//org.apache.hadoop.ipc.Server$Listener$Reader.doRunLoop(Server.java:1497)
        at app//org.apache.hadoop.ipc.Server$Listener$Reader.run(Server.java:1476)
"qtp133286137-486" daemon prio=5 tid=486 timed_waiting
java.lang.Thread.State: TIMED_WAITING
        at java.base@21.0.8/jdk.internal.misc.Unsafe.park(Native Method)
        at java.base@21.0.8/java.util.concurrent.locks.LockSupport.parkNanos(LockSupport.java:269)
        at java.base@21.0.8/java.util.concurrent.locks.AbstractQueuedSynchronizer$ConditionObject.awaitNanos(AbstractQueuedSynchronizer.java:1763)
        at app//org.eclipse.jetty.util.BlockingArrayQueue.poll(BlockingArrayQueue.java:382)
        at app//org.eclipse.jetty.util.thread.QueuedThreadPool$Runner.idleJobPoll(QueuedThreadPool.java:974)
        at app//org.eclipse.jetty.util.thread.QueuedThreadPool$Runner.run(QueuedThreadPool.java:1018)
        at java.base@21.0.8/java.lang.Thread.runWith(Thread.java:1596)
        at java.base@21.0.8/java.lang.Thread.run(Thread.java:1583)
"c11f8a16-55ee-4f22-a5a5-7daf2dffa753-BlockDeletingService#1" daemon prio=5 tid=902 in Object.wait()
java.lang.Thread.State: WAITING (on object monitor)
        at java.base@21.0.8/jdk.internal.misc.Unsafe.park(Native Method)
        at java.base@21.0.8/java.util.concurrent.locks.LockSupport.park(LockSupport.java:371)
        at java.base@21.0.8/java.util.concurrent.locks.AbstractQueuedSynchronizer$ConditionNode.block(AbstractQueuedSynchronizer.java:519)
        at java.base@21.0.8/java.util.concurrent.ForkJoinPool.unmanagedBlock(ForkJoinPool.java:3780)
        at java.base@21.0.8/java.util.concurrent.ForkJoinPool.managedBlock(ForkJoinPool.java:3725)
        at java.base@21.0.8/java.util.concurrent.locks.AbstractQueuedSynchronizer$ConditionObject.await(AbstractQueuedSynchronizer.java:1712)
        at java.base@21.0.8/java.util.concurrent.ScheduledThreadPoolExecutor$DelayedWorkQueue.take(ScheduledThreadPoolExecutor.java:1177)
        at java.base@21.0.8/java.util.concurrent.ScheduledThreadPoolExecutor$DelayedWorkQueue.take(ScheduledThreadPoolExecutor.java:899)
        at java.base@21.0.8/java.util.concurrent.ThreadPoolExecutor.getTask(ThreadPoolExecutor.java:1070)
        at java.base@21.0.8/java.util.concurrent.ThreadPoolExecutor.runWorker(ThreadPoolExecutor.java:1130)
        at java.base@21.0.8/java.util.concurrent.ThreadPoolExecutor$Worker.run(ThreadPoolExecutor.java:642)
        at java.base@21.0.8/java.lang.Thread.runWith(Thread.java:1596)
        at java.base@21.0.8/java.lang.Thread.run(Thread.java:1583)
"c11f8a16-55ee-4f22-a5a5-7daf2dffa753-CloseContainerThread-1"  prio=5 tid=1301 in Object.wait()
java.lang.Thread.State: WAITING (on object monitor)
        at java.base@21.0.8/jdk.internal.misc.Unsafe.park(Native Method)
        at java.base@21.0.8/java.util.concurrent.locks.LockSupport.park(LockSupport.java:371)
        at java.base@21.0.8/java.util.concurrent.locks.AbstractQueuedSynchronizer$ConditionNode.block(AbstractQueuedSynchronizer.java:519)
        at java.base@21.0.8/java.util.concurrent.ForkJoinPool.unmanagedBlock(ForkJoinPool.java:3780)
        at java.base@21.0.8/java.util.concurrent.ForkJoinPool.managedBlock(ForkJoinPool.java:3725)
        at java.base@21.0.8/java.util.concurrent.locks.AbstractQueuedSynchronizer$ConditionObject.await(AbstractQueuedSynchronizer.java:1712)
        at java.base@21.0.8/java.util.concurrent.LinkedBlockingQueue.take(LinkedBlockingQueue.java:435)
        at java.base@21.0.8/java.util.concurrent.ThreadPoolExecutor.getTask(ThreadPoolExecutor.java:1070)
        at java.base@21.0.8/java.util.concurrent.ThreadPoolExecutor.runWorker(ThreadPoolExecutor.java:1130)
        at java.base@21.0.8/java.util.concurrent.ThreadPoolExecutor$Worker.run(ThreadPoolExecutor.java:642)
        at java.base@21.0.8/java.lang.Thread.runWith(Thread.java:1596)
        at java.base@21.0.8/java.lang.Thread.run(Thread.java:1583)
"c11f8a16-55ee-4f22-a5a5-7daf2dffa753-CloseContainerThread-2"  prio=5 tid=1302 in Object.wait()
java.lang.Thread.State: WAITING (on object monitor)
        at java.base@21.0.8/jdk.internal.misc.Unsafe.park(Native Method)
        at java.base@21.0.8/java.util.concurrent.locks.LockSupport.park(LockSupport.java:371)
        at java.base@21.0.8/java.util.concurrent.locks.AbstractQueuedSynchronizer$ConditionNode.block(AbstractQueuedSynchronizer.java:519)
        at java.base@21.0.8/java.util.concurrent.ForkJoinPool.unmanagedBlock(ForkJoinPool.java:3780)
        at java.base@21.0.8/java.util.concurrent.ForkJoinPool.managedBlock(ForkJoinPool.java:3725)
        at java.base@21.0.8/java.util.concurrent.locks.AbstractQueuedSynchronizer$ConditionObject.await(AbstractQueuedSynchronizer.java:1712)
        at java.base@21.0.8/java.util.concurrent.LinkedBlockingQueue.take(LinkedBlockingQueue.java:435)
        at java.base@21.0.8/java.util.concurrent.ThreadPoolExecutor.getTask(ThreadPoolExecutor.java:1070)
        at java.base@21.0.8/java.util.concurrent.ThreadPoolExecutor.runWorker(ThreadPoolExecutor.java:1130)
        at java.base@21.0.8/java.util.concurrent.ThreadPoolExecutor$Worker.run(ThreadPoolExecutor.java:642)
        at java.base@21.0.8/java.lang.Thread.runWith(Thread.java:1596)
        at java.base@21.0.8/java.lang.Thread.run(Thread.java:1583)
"ReplicationMonitor" daemon prio=5 tid=57 timed_waiting
java.lang.Thread.State: TIMED_WAITING
        at java.base@21.0.8/java.lang.Object.wait0(Native Method)
        at java.base@21.0.8/java.lang.Object.wait(Object.java:366)
        at app//org.apache.hadoop.hdds.scm.container.replication.ReplicationManager.run(ReplicationManager.java:934)
        at app//org.apache.hadoop.hdds.scm.container.replication.ReplicationManager$$Lambda/0x00007f9d6c51fdc0.run(Unknown Source)
        at java.base@21.0.8/java.lang.Thread.runWith(Thread.java:1596)
        at java.base@21.0.8/java.lang.Thread.run(Thread.java:1583)
"IPC Server handler 3 on default port 15029" daemon prio=5 tid=790 timed_waiting
java.lang.Thread.State: TIMED_WAITING
        at java.base@21.0.8/jdk.internal.misc.Unsafe.park(Native Method)
        at java.base@21.0.8/java.util.concurrent.locks.LockSupport.parkNanos(LockSupport.java:269)
        at java.base@21.0.8/java.util.concurrent.locks.AbstractQueuedSynchronizer$ConditionObject.awaitNanos(AbstractQueuedSynchronizer.java:1763)
        at java.base@21.0.8/java.util.concurrent.LinkedBlockingQueue.poll(LinkedBlockingQueue.java:460)
        at app//org.apache.hadoop.ipc.CallQueueManager.take(CallQueueManager.java:370)
        at app//org.apache.hadoop.ipc.Server$Handler.run(Server.java:3165)
"IPC Server handler 40 on default port 15004" daemon prio=5 tid=378 timed_waiting
java.lang.Thread.State: TIMED_WAITING
        at java.base@21.0.8/jdk.internal.misc.Unsafe.park(Native Method)
        at java.base@21.0.8/java.util.concurrent.locks.LockSupport.parkNanos(LockSupport.java:269)
        at java.base@21.0.8/java.util.concurrent.locks.AbstractQueuedSynchronizer$ConditionObject.awaitNanos(AbstractQueuedSynchronizer.java:1763)
        at java.base@21.0.8/java.util.concurrent.LinkedBlockingQueue.poll(LinkedBlockingQueue.java:460)
        at app//org.apache.hadoop.ipc.CallQueueManager.take(CallQueueManager.java:370)
        at app//org.apache.hadoop.ipc.Server$Handler.run(Server.java:3165)
"fc0351b7-0c71-4a2a-a0ca-337e5c0b1c14-BlockDeletingService#0" daemon prio=5 tid=999 in Object.wait()
java.lang.Thread.State: WAITING (on object monitor)
        at java.base@21.0.8/jdk.internal.misc.Unsafe.park(Native Method)
        at java.base@21.0.8/java.util.concurrent.locks.LockSupport.park(LockSupport.java:371)
        at java.base@21.0.8/java.util.concurrent.locks.AbstractQueuedSynchronizer$ConditionNode.block(AbstractQueuedSynchronizer.java:519)
        at java.base@21.0.8/java.util.concurrent.ForkJoinPool.unmanagedBlock(ForkJoinPool.java:3780)
        at java.base@21.0.8/java.util.concurrent.ForkJoinPool.managedBlock(ForkJoinPool.java:3725)
        at java.base@21.0.8/java.util.concurrent.locks.AbstractQueuedSynchronizer$ConditionObject.await(AbstractQueuedSynchronizer.java:1712)
        at java.base@21.0.8/java.util.concurrent.ScheduledThreadPoolExecutor$DelayedWorkQueue.take(ScheduledThreadPoolExecutor.java:1177)
        at java.base@21.0.8/java.util.concurrent.ScheduledThreadPoolExecutor$DelayedWorkQueue.take(ScheduledThreadPoolExecutor.java:899)
        at java.base@21.0.8/java.util.concurrent.ThreadPoolExecutor.getTask(ThreadPoolExecutor.java:1070)
        at java.base@21.0.8/java.util.concurrent.ThreadPoolExecutor.runWorker(ThreadPoolExecutor.java:1130)
        at java.base@21.0.8/java.util.concurrent.ThreadPoolExecutor$Worker.run(ThreadPoolExecutor.java:642)
        at java.base@21.0.8/java.lang.Thread.runWith(Thread.java:1596)
        at java.base@21.0.8/java.lang.Thread.run(Thread.java:1583)
"qtp249078499-725" daemon prio=5 tid=725 timed_waiting
java.lang.Thread.State: TIMED_WAITING
        at java.base@21.0.8/jdk.internal.misc.Unsafe.park(Native Method)
        at java.base@21.0.8/java.util.concurrent.locks.LockSupport.parkNanos(LockSupport.java:269)
        at java.base@21.0.8/java.util.concurrent.locks.AbstractQueuedSynchronizer$ConditionObject.awaitNanos(AbstractQueuedSynchronizer.java:1763)
        at app//org.eclipse.jetty.util.BlockingArrayQueue.poll(BlockingArrayQueue.java:382)
        at app//org.eclipse.jetty.util.thread.QueuedThreadPool$Runner.idleJobPoll(QueuedThreadPool.java:974)
        at app//org.eclipse.jetty.util.thread.QueuedThreadPool$Runner.run(QueuedThreadPool.java:1018)
        at java.base@21.0.8/java.lang.Thread.runWith(Thread.java:1596)
        at java.base@21.0.8/java.lang.Thread.run(Thread.java:1583)
"ContainerMetadataScanner" daemon prio=5 tid=1015 timed_waiting
java.lang.Thread.State: TIMED_WAITING
        at java.base@21.0.8/java.lang.Thread.sleep0(Native Method)
        at java.base@21.0.8/java.lang.Thread.sleep(Thread.java:509)
        at app//org.apache.hadoop.ozone.container.ozoneimpl.AbstractBackgroundContainerScanner.handleRemainingSleep(AbstractBackgroundContainerScanner.java:133)
        at app//org.apache.hadoop.ozone.container.ozoneimpl.AbstractBackgroundContainerScanner.runIteration(AbstractBackgroundContainerScanner.java:100)
        at app//org.apache.hadoop.ozone.container.ozoneimpl.AbstractBackgroundContainerScanner.run(AbstractBackgroundContainerScanner.java:59)
        at java.base@21.0.8/java.lang.Thread.runWith(Thread.java:1596)
        at java.base@21.0.8/java.lang.Thread.run(Thread.java:1583)
"IPC Server listener on 15001" daemon prio=5 tid=520 runnable
java.lang.Thread.State: RUNNABLE
        at java.base@21.0.8/sun.nio.ch.EPoll.wait(Native Method)
        at java.base@21.0.8/sun.nio.ch.EPollSelectorImpl.doSelect(EPollSelectorImpl.java:121)
        at java.base@21.0.8/sun.nio.ch.SelectorImpl.lockAndDoSelect(SelectorImpl.java:130)
        at java.base@21.0.8/sun.nio.ch.SelectorImpl.select(SelectorImpl.java:147)
        at app//org.apache.hadoop.ipc.Server$Listener.run(Server.java:1559)
"Socket Reader #6 for port 15004" daemon prio=5 tid=67 runnable
java.lang.Thread.State: RUNNABLE
        at java.base@21.0.8/sun.nio.ch.EPoll.wait(Native Method)
        at java.base@21.0.8/sun.nio.ch.EPollSelectorImpl.doSelect(EPollSelectorImpl.java:121)
        at java.base@21.0.8/sun.nio.ch.SelectorImpl.lockAndDoSelect(SelectorImpl.java:130)
        at java.base@21.0.8/sun.nio.ch.SelectorImpl.select(SelectorImpl.java:147)
        at app//org.apache.hadoop.ipc.Server$Listener$Reader.doRunLoop(Server.java:1497)
        at app//org.apache.hadoop.ipc.Server$Listener$Reader.run(Server.java:1476)
"IPC Server handler 1 on default port 15037" daemon prio=5 tid=865 timed_waiting
java.lang.Thread.State: TIMED_WAITING
        at java.base@21.0.8/jdk.internal.misc.Unsafe.park(Native Method)
        at java.base@21.0.8/java.util.concurrent.locks.LockSupport.parkNanos(LockSupport.java:269)
        at java.base@21.0.8/java.util.concurrent.locks.AbstractQueuedSynchronizer$ConditionObject.awaitNanos(AbstractQueuedSynchronizer.java:1763)
        at java.base@21.0.8/java.util.concurrent.LinkedBlockingQueue.poll(LinkedBlockingQueue.java:460)
        at app//org.apache.hadoop.ipc.CallQueueManager.take(CallQueueManager.java:370)
        at app//org.apache.hadoop.ipc.Server$Handler.run(Server.java:3165)
"IPC Server handler 64 on default port 15003" daemon prio=5 tid=284 timed_waiting
java.lang.Thread.State: TIMED_WAITING
        at java.base@21.0.8/jdk.internal.misc.Unsafe.park(Native Method)
        at java.base@21.0.8/java.util.concurrent.locks.LockSupport.parkNanos(LockSupport.java:269)
        at java.base@21.0.8/java.util.concurrent.locks.AbstractQueuedSynchronizer$ConditionObject.awaitNanos(AbstractQueuedSynchronizer.java:1763)
        at java.base@21.0.8/java.util.concurrent.LinkedBlockingQueue.poll(LinkedBlockingQueue.java:460)
        at app//org.apache.hadoop.ipc.CallQueueManager.take(CallQueueManager.java:370)
        at app//org.apache.hadoop.ipc.Server$Handler.run(Server.java:3165)
"Hadoop-Metrics-Updater-0" daemon prio=5 tid=936 timed_waiting
java.lang.Thread.State: TIMED_WAITING
        at java.base@21.0.8/jdk.internal.misc.Unsafe.park(Native Method)
        at java.base@21.0.8/java.util.concurrent.locks.LockSupport.parkNanos(LockSupport.java:269)
        at java.base@21.0.8/java.util.concurrent.locks.AbstractQueuedSynchronizer$ConditionObject.awaitNanos(AbstractQueuedSynchronizer.java:1763)
        at java.base@21.0.8/java.util.concurrent.ScheduledThreadPoolExecutor$DelayedWorkQueue.take(ScheduledThreadPoolExecutor.java:1182)
        at java.base@21.0.8/java.util.concurrent.ScheduledThreadPoolExecutor$DelayedWorkQueue.take(ScheduledThreadPoolExecutor.java:899)
        at java.base@21.0.8/java.util.concurrent.ThreadPoolExecutor.getTask(ThreadPoolExecutor.java:1070)
        at java.base@21.0.8/java.util.concurrent.ThreadPoolExecutor.runWorker(ThreadPoolExecutor.java:1130)
        at java.base@21.0.8/java.util.concurrent.ThreadPoolExecutor$Worker.run(ThreadPoolExecutor.java:642)
        at java.base@21.0.8/java.lang.Thread.runWith(Thread.java:1596)
        at java.base@21.0.8/java.lang.Thread.run(Thread.java:1583)
"IPC Server handler 19 on default port 15001" daemon prio=5 tid=577 timed_waiting
java.lang.Thread.State: TIMED_WAITING
        at java.base@21.0.8/jdk.internal.misc.Unsafe.park(Native Method)
        at java.base@21.0.8/java.util.concurrent.locks.LockSupport.parkNanos(LockSupport.java:269)
        at java.base@21.0.8/java.util.concurrent.locks.AbstractQueuedSynchronizer$ConditionObject.awaitNanos(AbstractQueuedSynchronizer.java:1763)
        at java.base@21.0.8/java.util.concurrent.LinkedBlockingQueue.poll(LinkedBlockingQueue.java:460)
        at app//org.apache.hadoop.ipc.CallQueueManager.take(CallQueueManager.java:370)
        at app//org.apache.hadoop.ipc.Server$Handler.run(Server.java:3165)
"SSL Certificates Store Monitor" daemon prio=5 tid=1357 in Object.wait()
java.lang.Thread.State: WAITING (on object monitor)
        at java.base@21.0.8/java.lang.Object.wait0(Native Method)
        at java.base@21.0.8/java.lang.Object.wait(Object.java:366)
        at java.base@21.0.8/java.lang.Object.wait(Object.java:339)
        at java.base@21.0.8/java.util.TimerThread.mainLoop(Timer.java:537)
        at java.base@21.0.8/java.util.TimerThread.run(Timer.java:516)
"qtp1597424614-328" daemon prio=5 tid=328 timed_waiting
java.lang.Thread.State: TIMED_WAITING
        at java.base@21.0.8/jdk.internal.misc.Unsafe.park(Native Method)
        at java.base@21.0.8/java.util.concurrent.locks.LockSupport.parkNanos(LockSupport.java:269)
        at java.base@21.0.8/java.util.concurrent.locks.AbstractQueuedSynchronizer$ConditionObject.awaitNanos(AbstractQueuedSynchronizer.java:1763)
        at app//org.eclipse.jetty.util.BlockingArrayQueue.poll(BlockingArrayQueue.java:382)
        at app//org.eclipse.jetty.util.thread.QueuedThreadPool$Runner.idleJobPoll(QueuedThreadPool.java:974)
        at app//org.eclipse.jetty.util.thread.QueuedThreadPool$Runner.run(QueuedThreadPool.java:1018)
        at java.base@21.0.8/java.lang.Thread.runWith(Thread.java:1596)
        at java.base@21.0.8/java.lang.Thread.run(Thread.java:1583)
"Session-HouseKeeper-1d0adcec-1"  prio=5 tid=331 timed_waiting
java.lang.Thread.State: TIMED_WAITING
        at java.base@21.0.8/jdk.internal.misc.Unsafe.park(Native Method)
        at java.base@21.0.8/java.util.concurrent.locks.LockSupport.parkNanos(LockSupport.java:269)
        at java.base@21.0.8/java.util.concurrent.locks.AbstractQueuedSynchronizer$ConditionObject.awaitNanos(AbstractQueuedSynchronizer.java:1763)
        at java.base@21.0.8/java.util.concurrent.ScheduledThreadPoolExecutor$DelayedWorkQueue.take(ScheduledThreadPoolExecutor.java:1182)
        at java.base@21.0.8/java.util.concurrent.ScheduledThreadPoolExecutor$DelayedWorkQueue.take(ScheduledThreadPoolExecutor.java:899)
        at java.base@21.0.8/java.util.concurrent.ThreadPoolExecutor.getTask(ThreadPoolExecutor.java:1070)
        at java.base@21.0.8/java.util.concurrent.ThreadPoolExecutor.runWorker(ThreadPoolExecutor.java:1130)
        at java.base@21.0.8/java.util.concurrent.ThreadPoolExecutor$Worker.run(ThreadPoolExecutor.java:642)
        at java.base@21.0.8/java.lang.Thread.runWith(Thread.java:1596)
        at java.base@21.0.8/java.lang.Thread.run(Thread.java:1583)
"IPC Server handler 22 on default port 15003" daemon prio=5 tid=242 timed_waiting
java.lang.Thread.State: TIMED_WAITING
        at java.base@21.0.8/jdk.internal.misc.Unsafe.park(Native Method)
        at java.base@21.0.8/java.util.concurrent.locks.LockSupport.parkNanos(LockSupport.java:269)
        at java.base@21.0.8/java.util.concurrent.locks.AbstractQueuedSynchronizer$ConditionObject.awaitNanos(AbstractQueuedSynchronizer.java:1763)
        at java.base@21.0.8/java.util.concurrent.LinkedBlockingQueue.poll(LinkedBlockingQueue.java:460)
        at app//org.apache.hadoop.ipc.CallQueueManager.take(CallQueueManager.java:370)
        at app//org.apache.hadoop.ipc.Server$Handler.run(Server.java:3165)
"c11f8a16-55ee-4f22-a5a5-7daf2dffa753-DatanodeReportManager-0" daemon prio=5 tid=752 in Object.wait()
java.lang.Thread.State: WAITING (on object monitor)
        at java.base@21.0.8/jdk.internal.misc.Unsafe.park(Native Method)
        at java.base@21.0.8/java.util.concurrent.locks.LockSupport.park(LockSupport.java:371)
        at java.base@21.0.8/java.util.concurrent.locks.AbstractQueuedSynchronizer$ConditionNode.block(AbstractQueuedSynchronizer.java:519)
        at java.base@21.0.8/java.util.concurrent.ForkJoinPool.unmanagedBlock(ForkJoinPool.java:3780)
        at java.base@21.0.8/java.util.concurrent.ForkJoinPool.managedBlock(ForkJoinPool.java:3725)
        at java.base@21.0.8/java.util.concurrent.locks.AbstractQueuedSynchronizer$ConditionObject.await(AbstractQueuedSynchronizer.java:1712)
        at java.base@21.0.8/java.util.concurrent.ScheduledThreadPoolExecutor$DelayedWorkQueue.take(ScheduledThreadPoolExecutor.java:1177)
        at java.base@21.0.8/java.util.concurrent.ScheduledThreadPoolExecutor$DelayedWorkQueue.take(ScheduledThreadPoolExecutor.java:899)
        at java.base@21.0.8/java.util.concurrent.ThreadPoolExecutor.getTask(ThreadPoolExecutor.java:1070)
        at java.base@21.0.8/java.util.concurrent.ThreadPoolExecutor.runWorker(ThreadPoolExecutor.java:1130)
        at java.base@21.0.8/java.util.concurrent.ThreadPoolExecutor$Worker.run(ThreadPoolExecutor.java:642)
        at java.base@21.0.8/java.lang.Thread.runWith(Thread.java:1596)
        at java.base@21.0.8/java.lang.Thread.run(Thread.java:1583)
"fc0351b7-0c71-4a2a-a0ca-337e5c0b1c14-ReplicationContainerReader-0" daemon prio=5 tid=1327 in Object.wait()
java.lang.Thread.State: WAITING (on object monitor)
        at java.base@21.0.8/jdk.internal.misc.Unsafe.park(Native Method)
        at java.base@21.0.8/java.util.concurrent.locks.LockSupport.park(LockSupport.java:371)
        at java.base@21.0.8/java.util.concurrent.locks.AbstractQueuedSynchronizer$ConditionNode.block(AbstractQueuedSynchronizer.java:519)
        at java.base@21.0.8/java.util.concurrent.ForkJoinPool.unmanagedBlock(ForkJoinPool.java:3780)
        at java.base@21.0.8/java.util.concurrent.ForkJoinPool.managedBlock(ForkJoinPool.java:3725)
        at java.base@21.0.8/java.util.concurrent.locks.AbstractQueuedSynchronizer$ConditionObject.await(AbstractQueuedSynchronizer.java:1712)
        at java.base@21.0.8/java.util.concurrent.LinkedBlockingQueue.take(LinkedBlockingQueue.java:435)
        at java.base@21.0.8/java.util.concurrent.ThreadPoolExecutor.getTask(ThreadPoolExecutor.java:1070)
        at java.base@21.0.8/java.util.concurrent.ThreadPoolExecutor.runWorker(ThreadPoolExecutor.java:1130)
        at java.base@21.0.8/java.util.concurrent.ThreadPoolExecutor$Worker.run(ThreadPoolExecutor.java:642)
        at java.base@21.0.8/java.lang.Thread.runWith(Thread.java:1596)
        at java.base@21.0.8/java.lang.Thread.run(Thread.java:1583)
"pool-187-thread-1" daemon prio=5 tid=986 timed_waiting
java.lang.Thread.State: TIMED_WAITING
        at java.base@21.0.8/jdk.internal.misc.Unsafe.park(Native Method)
        at java.base@21.0.8/java.util.concurrent.locks.LockSupport.parkNanos(LockSupport.java:269)
        at java.base@21.0.8/java.util.concurrent.locks.AbstractQueuedSynchronizer$ConditionObject.awaitNanos(AbstractQueuedSynchronizer.java:1763)
        at java.base@21.0.8/java.util.concurrent.ScheduledThreadPoolExecutor$DelayedWorkQueue.take(ScheduledThreadPoolExecutor.java:1182)
        at java.base@21.0.8/java.util.concurrent.ScheduledThreadPoolExecutor$DelayedWorkQueue.take(ScheduledThreadPoolExecutor.java:899)
        at java.base@21.0.8/java.util.concurrent.ThreadPoolExecutor.getTask(ThreadPoolExecutor.java:1070)
        at java.base@21.0.8/java.util.concurrent.ThreadPoolExecutor.runWorker(ThreadPoolExecutor.java:1130)
        at java.base@21.0.8/java.util.concurrent.ThreadPoolExecutor$Worker.run(ThreadPoolExecutor.java:642)
        at java.base@21.0.8/java.lang.Thread.runWith(Thread.java:1596)
        at java.base@21.0.8/java.lang.Thread.run(Thread.java:1583)
"IPC Server handler 91 on default port 15001" daemon prio=5 tid=649 timed_waiting
java.lang.Thread.State: TIMED_WAITING
        at java.base@21.0.8/jdk.internal.misc.Unsafe.park(Native Method)
        at java.base@21.0.8/java.util.concurrent.locks.LockSupport.parkNanos(LockSupport.java:269)
        at java.base@21.0.8/java.util.concurrent.locks.AbstractQueuedSynchronizer$ConditionObject.awaitNanos(AbstractQueuedSynchronizer.java:1763)
        at java.base@21.0.8/java.util.concurrent.LinkedBlockingQueue.poll(LinkedBlockingQueue.java:460)
        at app//org.apache.hadoop.ipc.CallQueueManager.take(CallQueueManager.java:370)
        at app//org.apache.hadoop.ipc.Server$Handler.run(Server.java:3165)
"om1-DirectoryDeletingService#1" daemon prio=5 tid=477 timed_waiting
java.lang.Thread.State: TIMED_WAITING
        at java.base@21.0.8/jdk.internal.misc.Unsafe.park(Native Method)
        at java.base@21.0.8/java.util.concurrent.locks.LockSupport.parkNanos(LockSupport.java:269)
        at java.base@21.0.8/java.util.concurrent.locks.AbstractQueuedSynchronizer$ConditionObject.awaitNanos(AbstractQueuedSynchronizer.java:1763)
        at java.base@21.0.8/java.util.concurrent.ScheduledThreadPoolExecutor$DelayedWorkQueue.take(ScheduledThreadPoolExecutor.java:1182)
        at java.base@21.0.8/java.util.concurrent.ScheduledThreadPoolExecutor$DelayedWorkQueue.take(ScheduledThreadPoolExecutor.java:899)
        at java.base@21.0.8/java.util.concurrent.ThreadPoolExecutor.getTask(ThreadPoolExecutor.java:1070)
        at java.base@21.0.8/java.util.concurrent.ThreadPoolExecutor.runWorker(ThreadPoolExecutor.java:1130)
        at java.base@21.0.8/java.util.concurrent.ThreadPoolExecutor$Worker.run(ThreadPoolExecutor.java:642)
        at java.base@21.0.8/java.lang.Thread.runWith(Thread.java:1596)
        at java.base@21.0.8/java.lang.Thread.run(Thread.java:1583)
"deletedTable_PartialTableCache-Cleanup-0" daemon prio=5 tid=1148 in Object.wait()
java.lang.Thread.State: WAITING (on object monitor)
        at java.base@21.0.8/jdk.internal.misc.Unsafe.park(Native Method)
        at java.base@21.0.8/java.util.concurrent.locks.LockSupport.park(LockSupport.java:371)
        at java.base@21.0.8/java.util.concurrent.locks.AbstractQueuedSynchronizer$ConditionNode.block(AbstractQueuedSynchronizer.java:519)
        at java.base@21.0.8/java.util.concurrent.ForkJoinPool.unmanagedBlock(ForkJoinPool.java:3780)
        at java.base@21.0.8/java.util.concurrent.ForkJoinPool.managedBlock(ForkJoinPool.java:3725)
        at java.base@21.0.8/java.util.concurrent.locks.AbstractQueuedSynchronizer$ConditionObject.await(AbstractQueuedSynchronizer.java:1712)
        at java.base@21.0.8/java.util.concurrent.LinkedBlockingQueue.take(LinkedBlockingQueue.java:435)
        at java.base@21.0.8/java.util.concurrent.ThreadPoolExecutor.getTask(ThreadPoolExecutor.java:1070)
        at java.base@21.0.8/java.util.concurrent.ThreadPoolExecutor.runWorker(ThreadPoolExecutor.java:1130)
        at java.base@21.0.8/java.util.concurrent.ThreadPoolExecutor$Worker.run(ThreadPoolExecutor.java:642)
        at java.base@21.0.8/java.lang.Thread.runWith(Thread.java:1596)
        at java.base@21.0.8/java.lang.Thread.run(Thread.java:1583)
"SSL Certificates Store Monitor" daemon prio=5 tid=1369 in Object.wait()
java.lang.Thread.State: WAITING (on object monitor)
        at java.base@21.0.8/java.lang.Object.wait0(Native Method)
        at java.base@21.0.8/java.lang.Object.wait(Object.java:366)
        at java.base@21.0.8/java.lang.Object.wait(Object.java:339)
        at java.base@21.0.8/java.util.TimerThread.mainLoop(Timer.java:537)
        at java.base@21.0.8/java.util.TimerThread.run(Timer.java:516)
"IPC Server handler 98 on default port 15003" daemon prio=5 tid=318 timed_waiting
java.lang.Thread.State: TIMED_WAITING
        at java.base@21.0.8/jdk.internal.misc.Unsafe.park(Native Method)
        at java.base@21.0.8/java.util.concurrent.locks.LockSupport.parkNanos(LockSupport.java:269)
        at java.base@21.0.8/java.util.concurrent.locks.AbstractQueuedSynchronizer$ConditionObject.awaitNanos(AbstractQueuedSynchronizer.java:1763)
        at java.base@21.0.8/java.util.concurrent.LinkedBlockingQueue.poll(LinkedBlockingQueue.java:460)
        at app//org.apache.hadoop.ipc.CallQueueManager.take(CallQueueManager.java:370)
        at app//org.apache.hadoop.ipc.Server$Handler.run(Server.java:3165)
"fc0351b7-0c71-4a2a-a0ca-337e5c0b1c14-CommandProcessorThread" daemon prio=5 tid=879 timed_waiting
java.lang.Thread.State: TIMED_WAITING
        at java.base@21.0.8/java.lang.Thread.sleep0(Native Method)
        at java.base@21.0.8/java.lang.Thread.sleep(Thread.java:509)
        at app//org.apache.hadoop.ozone.container.common.statemachine.DatanodeStateMachine.lambda$initCommandHandlerThread$4(DatanodeStateMachine.java:698)
        at app//org.apache.hadoop.ozone.container.common.statemachine.DatanodeStateMachine$$Lambda/0x00007f9d6ccbae88.run(Unknown Source)
        at java.base@21.0.8/java.lang.Thread.runWith(Thread.java:1596)
        at java.base@21.0.8/java.lang.Thread.run(Thread.java:1583)
"IPC Server handler 95 on default port 15003" daemon prio=5 tid=315 timed_waiting
java.lang.Thread.State: TIMED_WAITING
        at java.base@21.0.8/jdk.internal.misc.Unsafe.park(Native Method)
        at java.base@21.0.8/java.util.concurrent.locks.LockSupport.parkNanos(LockSupport.java:269)
        at java.base@21.0.8/java.util.concurrent.locks.AbstractQueuedSynchronizer$ConditionObject.awaitNanos(AbstractQueuedSynchronizer.java:1763)
        at java.base@21.0.8/java.util.concurrent.LinkedBlockingQueue.poll(LinkedBlockingQueue.java:460)
        at app//org.apache.hadoop.ipc.CallQueueManager.take(CallQueueManager.java:370)
        at app//org.apache.hadoop.ipc.Server$Handler.run(Server.java:3165)
"Recon-EventQueue-DeadNodeForReconDeadNodeHandler" daemon prio=5 tid=1300 in Object.wait()
java.lang.Thread.State: WAITING (on object monitor)
        at java.base@21.0.8/jdk.internal.misc.Unsafe.park(Native Method)
        at java.base@21.0.8/java.util.concurrent.locks.LockSupport.park(LockSupport.java:371)
        at java.base@21.0.8/java.util.concurrent.locks.AbstractQueuedSynchronizer$ConditionNode.block(AbstractQueuedSynchronizer.java:519)
        at java.base@21.0.8/java.util.concurrent.ForkJoinPool.unmanagedBlock(ForkJoinPool.java:3780)
        at java.base@21.0.8/java.util.concurrent.ForkJoinPool.managedBlock(ForkJoinPool.java:3725)
        at java.base@21.0.8/java.util.concurrent.locks.AbstractQueuedSynchronizer$ConditionObject.await(AbstractQueuedSynchronizer.java:1712)
        at java.base@21.0.8/java.util.concurrent.LinkedBlockingQueue.take(LinkedBlockingQueue.java:435)
        at java.base@21.0.8/java.util.concurrent.ThreadPoolExecutor.getTask(ThreadPoolExecutor.java:1070)
        at java.base@21.0.8/java.util.concurrent.ThreadPoolExecutor.runWorker(ThreadPoolExecutor.java:1130)
        at java.base@21.0.8/java.util.concurrent.ThreadPoolExecutor$Worker.run(ThreadPoolExecutor.java:642)
        at java.base@21.0.8/java.lang.Thread.runWith(Thread.java:1596)
        at java.base@21.0.8/java.lang.Thread.run(Thread.java:1583)
"IPC Server handler 11 on default port 15003" daemon prio=5 tid=231 timed_waiting
java.lang.Thread.State: TIMED_WAITING
        at java.base@21.0.8/jdk.internal.misc.Unsafe.park(Native Method)
        at java.base@21.0.8/java.util.concurrent.locks.LockSupport.parkNanos(LockSupport.java:269)
        at java.base@21.0.8/java.util.concurrent.locks.AbstractQueuedSynchronizer$ConditionObject.awaitNanos(AbstractQueuedSynchronizer.java:1763)
        at java.base@21.0.8/java.util.concurrent.LinkedBlockingQueue.poll(LinkedBlockingQueue.java:460)
        at app//org.apache.hadoop.ipc.CallQueueManager.take(CallQueueManager.java:370)
        at app//org.apache.hadoop.ipc.Server$Handler.run(Server.java:3165)
"IPC Server handler 92 on default port 15001" daemon prio=5 tid=650 timed_waiting
java.lang.Thread.State: TIMED_WAITING
        at java.base@21.0.8/jdk.internal.misc.Unsafe.park(Native Method)
        at java.base@21.0.8/java.util.concurrent.locks.LockSupport.parkNanos(LockSupport.java:269)
        at java.base@21.0.8/java.util.concurrent.locks.AbstractQueuedSynchronizer$ConditionObject.awaitNanos(AbstractQueuedSynchronizer.java:1763)
        at java.base@21.0.8/java.util.concurrent.LinkedBlockingQueue.poll(LinkedBlockingQueue.java:460)
        at app//org.apache.hadoop.ipc.CallQueueManager.take(CallQueueManager.java:370)
        at app//org.apache.hadoop.ipc.Server$Handler.run(Server.java:3165)
"om1@group-C5BA1605619E-SegmentedRaftLogWorker" daemon prio=5 tid=464 timed_waiting
java.lang.Thread.State: TIMED_WAITING
        at java.base@21.0.8/jdk.internal.misc.Unsafe.park(Native Method)
        at java.base@21.0.8/java.util.concurrent.locks.LockSupport.parkNanos(LockSupport.java:269)
        at java.base@21.0.8/java.util.concurrent.locks.AbstractQueuedSynchronizer$ConditionObject.awaitNanos(AbstractQueuedSynchronizer.java:1763)
        at app//org.apache.ratis.util.DataBlockingQueue.poll(DataBlockingQueue.java:148)
        at app//org.apache.ratis.server.raftlog.segmented.SegmentedRaftLogWorker.run(SegmentedRaftLogWorker.java:309)
        at app//org.apache.ratis.server.raftlog.segmented.SegmentedRaftLogWorker$$Lambda/0x00007f9d6c3946c0.run(Unknown Source)
        at java.base@21.0.8/java.util.concurrent.Executors$RunnableAdapter.call(Executors.java:572)
        at java.base@21.0.8/java.util.concurrent.FutureTask.run(FutureTask.java:317)
        at java.base@21.0.8/java.util.concurrent.ThreadPoolExecutor.runWorker(ThreadPoolExecutor.java:1144)
        at java.base@21.0.8/java.util.concurrent.ThreadPoolExecutor$Worker.run(ThreadPoolExecutor.java:642)
        at java.base@21.0.8/java.lang.Thread.runWith(Thread.java:1596)
        at java.base@21.0.8/java.lang.Thread.run(Thread.java:1583)
"IPC Server handler 26 on default port 15001" daemon prio=5 tid=584 timed_waiting
java.lang.Thread.State: TIMED_WAITING
        at java.base@21.0.8/jdk.internal.misc.Unsafe.park(Native Method)
        at java.base@21.0.8/java.util.concurrent.locks.LockSupport.parkNanos(LockSupport.java:269)
        at java.base@21.0.8/java.util.concurrent.locks.AbstractQueuedSynchronizer$ConditionObject.awaitNanos(AbstractQueuedSynchronizer.java:1763)
        at java.base@21.0.8/java.util.concurrent.LinkedBlockingQueue.poll(LinkedBlockingQueue.java:460)
        at app//org.apache.hadoop.ipc.CallQueueManager.take(CallQueueManager.java:370)
        at app//org.apache.hadoop.ipc.Server$Handler.run(Server.java:3165)
"IPC Server handler 94 on default port 15004" daemon prio=5 tid=432 timed_waiting
java.lang.Thread.State: TIMED_WAITING
        at java.base@21.0.8/jdk.internal.misc.Unsafe.park(Native Method)
        at java.base@21.0.8/java.util.concurrent.locks.LockSupport.parkNanos(LockSupport.java:269)
        at java.base@21.0.8/java.util.concurrent.locks.AbstractQueuedSynchronizer$ConditionObject.awaitNanos(AbstractQueuedSynchronizer.java:1763)
        at java.base@21.0.8/java.util.concurrent.LinkedBlockingQueue.poll(LinkedBlockingQueue.java:460)
        at app//org.apache.hadoop.ipc.CallQueueManager.take(CallQueueManager.java:370)
        at app//org.apache.hadoop.ipc.Server$Handler.run(Server.java:3165)
"IPC Server handler 7 on default port 15045" daemon prio=5 tid=947 timed_waiting
java.lang.Thread.State: TIMED_WAITING
        at java.base@21.0.8/jdk.internal.misc.Unsafe.park(Native Method)
        at java.base@21.0.8/java.util.concurrent.locks.LockSupport.parkNanos(LockSupport.java:269)
        at java.base@21.0.8/java.util.concurrent.locks.AbstractQueuedSynchronizer$ConditionObject.awaitNanos(AbstractQueuedSynchronizer.java:1763)
        at java.base@21.0.8/java.util.concurrent.LinkedBlockingQueue.poll(LinkedBlockingQueue.java:460)
        at app//org.apache.hadoop.ipc.CallQueueManager.take(CallQueueManager.java:370)
        at app//org.apache.hadoop.ipc.Server$Handler.run(Server.java:3165)
"IPC Server handler 83 on default port 15002" daemon prio=5 tid=203 timed_waiting
java.lang.Thread.State: TIMED_WAITING
        at java.base@21.0.8/jdk.internal.misc.Unsafe.park(Native Method)
        at java.base@21.0.8/java.util.concurrent.locks.LockSupport.parkNanos(LockSupport.java:269)
        at java.base@21.0.8/java.util.concurrent.locks.AbstractQueuedSynchronizer$ConditionObject.awaitNanos(AbstractQueuedSynchronizer.java:1763)
        at java.base@21.0.8/java.util.concurrent.LinkedBlockingQueue.poll(LinkedBlockingQueue.java:460)
        at app//org.apache.hadoop.ipc.CallQueueManager.take(CallQueueManager.java:370)
        at app//org.apache.hadoop.ipc.Server$Handler.run(Server.java:3165)
"IPC Server handler 80 on default port 15002" daemon prio=5 tid=200 timed_waiting
java.lang.Thread.State: TIMED_WAITING
        at java.base@21.0.8/jdk.internal.misc.Unsafe.park(Native Method)
        at java.base@21.0.8/java.util.concurrent.locks.LockSupport.parkNanos(LockSupport.java:269)
        at java.base@21.0.8/java.util.concurrent.locks.AbstractQueuedSynchronizer$ConditionObject.awaitNanos(AbstractQueuedSynchronizer.java:1763)
        at java.base@21.0.8/java.util.concurrent.LinkedBlockingQueue.poll(LinkedBlockingQueue.java:460)
        at app//org.apache.hadoop.ipc.CallQueueManager.take(CallQueueManager.java:370)
        at app//org.apache.hadoop.ipc.Server$Handler.run(Server.java:3165)
"IPC Server handler 9 on default port 15004" daemon prio=5 tid=347 timed_waiting
java.lang.Thread.State: TIMED_WAITING
        at java.base@21.0.8/jdk.internal.misc.Unsafe.park(Native Method)
        at java.base@21.0.8/java.util.concurrent.locks.LockSupport.parkNanos(LockSupport.java:269)
        at java.base@21.0.8/java.util.concurrent.locks.AbstractQueuedSynchronizer$ConditionObject.awaitNanos(AbstractQueuedSynchronizer.java:1763)
        at java.base@21.0.8/java.util.concurrent.LinkedBlockingQueue.poll(LinkedBlockingQueue.java:460)
        at app//org.apache.hadoop.ipc.CallQueueManager.take(CallQueueManager.java:370)
        at app//org.apache.hadoop.ipc.Server$Handler.run(Server.java:3165)
"ReconTaskThread-0"  prio=5 tid=1233 in Object.wait()
java.lang.Thread.State: WAITING (on object monitor)
        at java.base@21.0.8/jdk.internal.misc.Unsafe.park(Native Method)
        at java.base@21.0.8/java.util.concurrent.locks.LockSupport.park(LockSupport.java:371)
        at java.base@21.0.8/java.util.concurrent.locks.AbstractQueuedSynchronizer$ConditionNode.block(AbstractQueuedSynchronizer.java:519)
        at java.base@21.0.8/java.util.concurrent.ForkJoinPool.unmanagedBlock(ForkJoinPool.java:3780)
        at java.base@21.0.8/java.util.concurrent.ForkJoinPool.managedBlock(ForkJoinPool.java:3725)
        at java.base@21.0.8/java.util.concurrent.locks.AbstractQueuedSynchronizer$ConditionObject.await(AbstractQueuedSynchronizer.java:1712)
        at java.base@21.0.8/java.util.concurrent.LinkedBlockingQueue.take(LinkedBlockingQueue.java:435)
        at java.base@21.0.8/java.util.concurrent.ThreadPoolExecutor.getTask(ThreadPoolExecutor.java:1070)
        at java.base@21.0.8/java.util.concurrent.ThreadPoolExecutor.runWorker(ThreadPoolExecutor.java:1130)
        at java.base@21.0.8/java.util.concurrent.ThreadPoolExecutor$Worker.run(ThreadPoolExecutor.java:642)
        at java.base@21.0.8/java.lang.Thread.runWith(Thread.java:1596)
        at java.base@21.0.8/java.lang.Thread.run(Thread.java:1583)
"IPC Server handler 71 on default port 15001" daemon prio=5 tid=629 timed_waiting
java.lang.Thread.State: TIMED_WAITING
        at java.base@21.0.8/jdk.internal.misc.Unsafe.park(Native Method)
        at java.base@21.0.8/java.util.concurrent.locks.LockSupport.parkNanos(LockSupport.java:269)
        at java.base@21.0.8/java.util.concurrent.locks.AbstractQueuedSynchronizer$ConditionObject.awaitNanos(AbstractQueuedSynchronizer.java:1763)
        at java.base@21.0.8/java.util.concurrent.LinkedBlockingQueue.poll(LinkedBlockingQueue.java:460)
        at app//org.apache.hadoop.ipc.CallQueueManager.take(CallQueueManager.java:370)
        at app//org.apache.hadoop.ipc.Server$Handler.run(Server.java:3165)
"c11f8a16-55ee-4f22-a5a5-7daf2dffa753-EndpointStateMachineTaskThread-/127.0.0.1:15001-0 "  prio=5 tid=849 in Object.wait()
java.lang.Thread.State: WAITING (on object monitor)
        at java.base@21.0.8/jdk.internal.misc.Unsafe.park(Native Method)
        at java.base@21.0.8/java.util.concurrent.locks.LockSupport.park(LockSupport.java:371)
        at java.base@21.0.8/java.util.concurrent.locks.AbstractQueuedSynchronizer$ConditionNode.block(AbstractQueuedSynchronizer.java:519)
        at java.base@21.0.8/java.util.concurrent.ForkJoinPool.unmanagedBlock(ForkJoinPool.java:3780)
        at java.base@21.0.8/java.util.concurrent.ForkJoinPool.managedBlock(ForkJoinPool.java:3725)
        at java.base@21.0.8/java.util.concurrent.locks.AbstractQueuedSynchronizer$ConditionObject.await(AbstractQueuedSynchronizer.java:1712)
        at java.base@21.0.8/java.util.concurrent.LinkedBlockingQueue.take(LinkedBlockingQueue.java:435)
        at java.base@21.0.8/java.util.concurrent.ThreadPoolExecutor.getTask(ThreadPoolExecutor.java:1070)
        at java.base@21.0.8/java.util.concurrent.ThreadPoolExecutor.runWorker(ThreadPoolExecutor.java:1130)
        at java.base@21.0.8/java.util.concurrent.ThreadPoolExecutor$Worker.run(ThreadPoolExecutor.java:642)
        at java.base@21.0.8/java.lang.Thread.runWith(Thread.java:1596)
        at java.base@21.0.8/java.lang.Thread.run(Thread.java:1583)
"c11f8a16-55ee-4f22-a5a5-7daf2dffa753-ClosePipelineCommandHandlerThread-0"  prio=5 tid=1318 in Object.wait()
java.lang.Thread.State: WAITING (on object monitor)
        at java.base@21.0.8/jdk.internal.misc.Unsafe.park(Native Method)
        at java.base@21.0.8/java.util.concurrent.locks.LockSupport.park(LockSupport.java:371)
        at java.base@21.0.8/java.util.concurrent.locks.AbstractQueuedSynchronizer$ConditionNode.block(AbstractQueuedSynchronizer.java:519)
        at java.base@21.0.8/java.util.concurrent.ForkJoinPool.unmanagedBlock(ForkJoinPool.java:3780)
        at java.base@21.0.8/java.util.concurrent.ForkJoinPool.managedBlock(ForkJoinPool.java:3725)
        at java.base@21.0.8/java.util.concurrent.locks.AbstractQueuedSynchronizer$ConditionObject.await(AbstractQueuedSynchronizer.java:1712)
        at java.base@21.0.8/java.util.concurrent.LinkedBlockingQueue.take(LinkedBlockingQueue.java:435)
        at java.base@21.0.8/java.util.concurrent.ThreadPoolExecutor.getTask(ThreadPoolExecutor.java:1070)
        at java.base@21.0.8/java.util.concurrent.ThreadPoolExecutor.runWorker(ThreadPoolExecutor.java:1130)
        at java.base@21.0.8/java.util.concurrent.ThreadPoolExecutor$Worker.run(ThreadPoolExecutor.java:642)
        at java.base@21.0.8/java.lang.Thread.runWith(Thread.java:1596)
        at java.base@21.0.8/java.lang.Thread.run(Thread.java:1583)
"om1-MultipartUploadCleanupService#0" daemon prio=5 tid=481 timed_waiting
java.lang.Thread.State: TIMED_WAITING
        at java.base@21.0.8/jdk.internal.misc.Unsafe.park(Native Method)
        at java.base@21.0.8/java.util.concurrent.locks.LockSupport.parkNanos(LockSupport.java:269)
        at java.base@21.0.8/java.util.concurrent.locks.AbstractQueuedSynchronizer$ConditionObject.awaitNanos(AbstractQueuedSynchronizer.java:1763)
        at java.base@21.0.8/java.util.concurrent.ScheduledThreadPoolExecutor$DelayedWorkQueue.take(ScheduledThreadPoolExecutor.java:1182)
        at java.base@21.0.8/java.util.concurrent.ScheduledThreadPoolExecutor$DelayedWorkQueue.take(ScheduledThreadPoolExecutor.java:899)
        at java.base@21.0.8/java.util.concurrent.ThreadPoolExecutor.getTask(ThreadPoolExecutor.java:1070)
        at java.base@21.0.8/java.util.concurrent.ThreadPoolExecutor.runWorker(ThreadPoolExecutor.java:1130)
        at java.base@21.0.8/java.util.concurrent.ThreadPoolExecutor$Worker.run(ThreadPoolExecutor.java:642)
        at java.base@21.0.8/java.lang.Thread.runWith(Thread.java:1596)
        at java.base@21.0.8/java.lang.Thread.run(Thread.java:1583)
"IPC Server handler 20 on default port 15004" daemon prio=5 tid=358 timed_waiting
java.lang.Thread.State: TIMED_WAITING
        at java.base@21.0.8/jdk.internal.misc.Unsafe.park(Native Method)
        at java.base@21.0.8/java.util.concurrent.locks.LockSupport.parkNanos(LockSupport.java:269)
        at java.base@21.0.8/java.util.concurrent.locks.AbstractQueuedSynchronizer$ConditionObject.awaitNanos(AbstractQueuedSynchronizer.java:1763)
        at java.base@21.0.8/java.util.concurrent.LinkedBlockingQueue.poll(LinkedBlockingQueue.java:460)
        at app//org.apache.hadoop.ipc.CallQueueManager.take(CallQueueManager.java:370)
        at app//org.apache.hadoop.ipc.Server$Handler.run(Server.java:3165)
"74afb32b-8e70-4799-b16c-dc9602d9dbb6-impl-thread1" daemon prio=5 tid=904 timed_waiting
java.lang.Thread.State: TIMED_WAITING
        at java.base@21.0.8/jdk.internal.misc.Unsafe.park(Native Method)
        at java.base@21.0.8/java.util.concurrent.locks.LockSupport.parkNanos(LockSupport.java:410)
        at java.base@21.0.8/java.util.concurrent.LinkedTransferQueue$DualNode.await(LinkedTransferQueue.java:452)
        at java.base@21.0.8/java.util.concurrent.SynchronousQueue$Transferer.xferLifo(SynchronousQueue.java:194)
        at java.base@21.0.8/java.util.concurrent.SynchronousQueue.xfer(SynchronousQueue.java:235)
        at java.base@21.0.8/java.util.concurrent.SynchronousQueue.poll(SynchronousQueue.java:338)
        at java.base@21.0.8/java.util.concurrent.ThreadPoolExecutor.getTask(ThreadPoolExecutor.java:1069)
        at java.base@21.0.8/java.util.concurrent.ThreadPoolExecutor.runWorker(ThreadPoolExecutor.java:1130)
        at java.base@21.0.8/java.util.concurrent.ThreadPoolExecutor$Worker.run(ThreadPoolExecutor.java:642)
        at java.base@21.0.8/java.lang.Thread.runWith(Thread.java:1596)
        at java.base@21.0.8/java.lang.Thread.run(Thread.java:1583)
"IPC Parameter Sending Thread for 0.0.0.0/0.0.0.0:15004" daemon prio=5 tid=813 timed_waiting
java.lang.Thread.State: TIMED_WAITING
        at java.base@21.0.8/jdk.internal.misc.Unsafe.park(Native Method)
        at java.base@21.0.8/java.util.concurrent.locks.LockSupport.parkNanos(LockSupport.java:410)
        at java.base@21.0.8/java.util.concurrent.LinkedTransferQueue$DualNode.await(LinkedTransferQueue.java:452)
        at java.base@21.0.8/java.util.concurrent.LinkedTransferQueue.xfer(LinkedTransferQueue.java:613)
        at java.base@21.0.8/java.util.concurrent.SynchronousQueue.xfer(SynchronousQueue.java:235)
        at java.base@21.0.8/java.util.concurrent.SynchronousQueue.poll(SynchronousQueue.java:338)
        at app//org.apache.hadoop.ipc.Client$Connection$RpcRequestSender.run(Client.java:1121)
        at java.base@21.0.8/java.lang.Thread.runWith(Thread.java:1596)
        at java.base@21.0.8/java.lang.Thread.run(Thread.java:1583)
"IPC Server handler 10 on default port 15001" daemon prio=5 tid=568 timed_waiting
java.lang.Thread.State: TIMED_WAITING
        at java.base@21.0.8/jdk.internal.misc.Unsafe.park(Native Method)
        at java.base@21.0.8/java.util.concurrent.locks.LockSupport.parkNanos(LockSupport.java:269)
        at java.base@21.0.8/java.util.concurrent.locks.AbstractQueuedSynchronizer$ConditionObject.awaitNanos(AbstractQueuedSynchronizer.java:1763)
        at java.base@21.0.8/java.util.concurrent.LinkedBlockingQueue.poll(LinkedBlockingQueue.java:460)
        at app//org.apache.hadoop.ipc.CallQueueManager.take(CallQueueManager.java:370)
        at app//org.apache.hadoop.ipc.Server$Handler.run(Server.java:3165)
"IPC Server handler 7 on default port 15001" daemon prio=5 tid=565 timed_waiting
java.lang.Thread.State: TIMED_WAITING
        at java.base@21.0.8/jdk.internal.misc.Unsafe.park(Native Method)
        at java.base@21.0.8/java.util.concurrent.locks.LockSupport.parkNanos(LockSupport.java:269)
        at java.base@21.0.8/java.util.concurrent.locks.AbstractQueuedSynchronizer$ConditionObject.awaitNanos(AbstractQueuedSynchronizer.java:1763)
        at java.base@21.0.8/java.util.concurrent.LinkedBlockingQueue.poll(LinkedBlockingQueue.java:460)
        at app//org.apache.hadoop.ipc.CallQueueManager.take(CallQueueManager.java:370)
        at app//org.apache.hadoop.ipc.Server$Handler.run(Server.java:3165)
"7d2db622-5327-4122-ba03-be97b5575303-ChunkReader-ELG-0" daemon prio=5 tid=974 runnable
java.lang.Thread.State: RUNNABLE
        at app//org.apache.ratis.thirdparty.io.netty.channel.epoll.Native.epollWait(Native Method)
        at app//org.apache.ratis.thirdparty.io.netty.channel.epoll.Native.epollWait(Native.java:220)
        at app//org.apache.ratis.thirdparty.io.netty.channel.epoll.Native.epollWait(Native.java:213)
        at app//org.apache.ratis.thirdparty.io.netty.channel.epoll.EpollEventLoop.epollWaitNoTimerChange(EpollEventLoop.java:308)
        at app//org.apache.ratis.thirdparty.io.netty.channel.epoll.EpollEventLoop.run(EpollEventLoop.java:365)
        at app//org.apache.ratis.thirdparty.io.netty.util.concurrent.SingleThreadEventExecutor$4.run(SingleThreadEventExecutor.java:998)
        at app//org.apache.ratis.thirdparty.io.netty.util.internal.ThreadExecutorMap$2.run(ThreadExecutorMap.java:74)
        at java.base@21.0.8/java.lang.Thread.runWith(Thread.java:1596)
        at java.base@21.0.8/java.lang.Thread.run(Thread.java:1583)
"ContainerDataScanner(/home/runner/work/ozone/ozone/hadoop-ozone/integration-test-recon/target/test-dir/MiniOzoneClusterImpl-b15909b8-03a8-4b15-aaa3-a668c086c089/ozone-metadata/datanode-3/data-0/hdds)" daemon prio=5 tid=961 timed_waiting
java.lang.Thread.State: TIMED_WAITING
        at java.base@21.0.8/java.lang.Thread.sleep0(Native Method)
        at java.base@21.0.8/java.lang.Thread.sleep(Thread.java:509)
        at app//org.apache.hadoop.ozone.container.ozoneimpl.AbstractBackgroundContainerScanner.handleRemainingSleep(AbstractBackgroundContainerScanner.java:133)
        at app//org.apache.hadoop.ozone.container.ozoneimpl.AbstractBackgroundContainerScanner.runIteration(AbstractBackgroundContainerScanner.java:100)
        at app//org.apache.hadoop.ozone.container.ozoneimpl.AbstractBackgroundContainerScanner.run(AbstractBackgroundContainerScanner.java:59)
        at java.base@21.0.8/java.lang.Thread.runWith(Thread.java:1596)
        at java.base@21.0.8/java.lang.Thread.run(Thread.java:1583)
"Recon-FixedThreadPoolWithAffinityExecutor-0-0" daemon prio=5 tid=534 timed_waiting
java.lang.Thread.State: TIMED_WAITING
        at java.base@21.0.8/jdk.internal.misc.Unsafe.park(Native Method)
        at java.base@21.0.8/java.util.concurrent.locks.LockSupport.parkNanos(LockSupport.java:269)
        at java.base@21.0.8/java.util.concurrent.locks.AbstractQueuedSynchronizer$ConditionObject.awaitNanos(AbstractQueuedSynchronizer.java:1763)
        at java.base@21.0.8/java.util.concurrent.LinkedBlockingQueue.poll(LinkedBlockingQueue.java:460)
        at app//org.apache.hadoop.hdds.scm.server.ContainerReportQueue.poll(ContainerReportQueue.java:269)
        at app//org.apache.hadoop.hdds.scm.server.ContainerReportQueue.poll(ContainerReportQueue.java:42)
        at app//org.apache.hadoop.hdds.server.events.FixedThreadPoolWithAffinityExecutor$ContainerReportProcessTask.run(FixedThreadPoolWithAffinityExecutor.java:228)
        at java.base@21.0.8/java.util.concurrent.Executors$RunnableAdapter.call(Executors.java:572)
        at java.base@21.0.8/java.util.concurrent.FutureTask.run(FutureTask.java:317)
        at java.base@21.0.8/java.util.concurrent.ThreadPoolExecutor.runWorker(ThreadPoolExecutor.java:1144)
        at java.base@21.0.8/java.util.concurrent.ThreadPoolExecutor$Worker.run(ThreadPoolExecutor.java:642)
        at java.base@21.0.8/java.lang.Thread.runWith(Thread.java:1596)
        at java.base@21.0.8/java.lang.Thread.run(Thread.java:1583)
"SSL Certificates Store Monitor" daemon prio=5 tid=1375 in Object.wait()
java.lang.Thread.State: WAITING (on object monitor)
        at java.base@21.0.8/java.lang.Object.wait0(Native Method)
        at java.base@21.0.8/java.lang.Object.wait(Object.java:366)
        at java.base@21.0.8/java.lang.Object.wait(Object.java:339)
        at java.base@21.0.8/java.util.TimerThread.mainLoop(Timer.java:537)
        at java.base@21.0.8/java.util.TimerThread.run(Timer.java:516)
"IPC Server handler 11 on default port 15008" daemon prio=5 tid=503 timed_waiting
java.lang.Thread.State: TIMED_WAITING
        at java.base@21.0.8/jdk.internal.misc.Unsafe.park(Native Method)
        at java.base@21.0.8/java.util.concurrent.locks.LockSupport.parkNanos(LockSupport.java:269)
        at java.base@21.0.8/java.util.concurrent.locks.AbstractQueuedSynchronizer$ConditionObject.awaitNanos(AbstractQueuedSynchronizer.java:1763)
        at java.base@21.0.8/java.util.concurrent.LinkedBlockingQueue.poll(LinkedBlockingQueue.java:460)
        at app//org.apache.hadoop.ipc.CallQueueManager.take(CallQueueManager.java:370)
        at app//org.apache.hadoop.ipc.Server$Handler.run(Server.java:3165)
"IPC Server handler 34 on default port 15002" daemon prio=5 tid=154 timed_waiting
java.lang.Thread.State: TIMED_WAITING
        at java.base@21.0.8/jdk.internal.misc.Unsafe.park(Native Method)
        at java.base@21.0.8/java.util.concurrent.locks.LockSupport.parkNanos(LockSupport.java:269)
        at java.base@21.0.8/java.util.concurrent.locks.AbstractQueuedSynchronizer$ConditionObject.awaitNanos(AbstractQueuedSynchronizer.java:1763)
        at java.base@21.0.8/java.util.concurrent.LinkedBlockingQueue.poll(LinkedBlockingQueue.java:460)
        at app//org.apache.hadoop.ipc.CallQueueManager.take(CallQueueManager.java:370)
        at app//org.apache.hadoop.ipc.Server$Handler.run(Server.java:3165)
"IPC Server handler 96 on default port 15004" daemon prio=5 tid=434 timed_waiting
java.lang.Thread.State: TIMED_WAITING
        at java.base@21.0.8/jdk.internal.misc.Unsafe.park(Native Method)
        at java.base@21.0.8/java.util.concurrent.locks.LockSupport.parkNanos(LockSupport.java:269)
        at java.base@21.0.8/java.util.concurrent.locks.AbstractQueuedSynchronizer$ConditionObject.awaitNanos(AbstractQueuedSynchronizer.java:1763)
        at java.base@21.0.8/java.util.concurrent.LinkedBlockingQueue.poll(LinkedBlockingQueue.java:460)
        at app//org.apache.hadoop.ipc.CallQueueManager.take(CallQueueManager.java:370)
        at app//org.apache.hadoop.ipc.Server$Handler.run(Server.java:3165)
"Session-HouseKeeper-53e06656-1"  prio=5 tid=825 timed_waiting
java.lang.Thread.State: TIMED_WAITING
        at java.base@21.0.8/jdk.internal.misc.Unsafe.park(Native Method)
        at java.base@21.0.8/java.util.concurrent.locks.LockSupport.parkNanos(LockSupport.java:269)
        at java.base@21.0.8/java.util.concurrent.locks.AbstractQueuedSynchronizer$ConditionObject.awaitNanos(AbstractQueuedSynchronizer.java:1763)
        at java.base@21.0.8/java.util.concurrent.ScheduledThreadPoolExecutor$DelayedWorkQueue.take(ScheduledThreadPoolExecutor.java:1182)
        at java.base@21.0.8/java.util.concurrent.ScheduledThreadPoolExecutor$DelayedWorkQueue.take(ScheduledThreadPoolExecutor.java:899)
        at java.base@21.0.8/java.util.concurrent.ThreadPoolExecutor.getTask(ThreadPoolExecutor.java:1070)
        at java.base@21.0.8/java.util.concurrent.ThreadPoolExecutor.runWorker(ThreadPoolExecutor.java:1130)
        at java.base@21.0.8/java.util.concurrent.ThreadPoolExecutor$Worker.run(ThreadPoolExecutor.java:642)
        at java.base@21.0.8/java.lang.Thread.runWith(Thread.java:1596)
        at java.base@21.0.8/java.lang.Thread.run(Thread.java:1583)
"Socket Reader #5 for port 15002" daemon prio=5 tid=94 runnable
java.lang.Thread.State: RUNNABLE
        at java.base@21.0.8/sun.nio.ch.EPoll.wait(Native Method)
        at java.base@21.0.8/sun.nio.ch.EPollSelectorImpl.doSelect(EPollSelectorImpl.java:121)
        at java.base@21.0.8/sun.nio.ch.SelectorImpl.lockAndDoSelect(SelectorImpl.java:130)
        at java.base@21.0.8/sun.nio.ch.SelectorImpl.select(SelectorImpl.java:147)
        at app//org.apache.hadoop.ipc.Server$Listener$Reader.doRunLoop(Server.java:1497)
        at app//org.apache.hadoop.ipc.Server$Listener$Reader.run(Server.java:1476)
"SSL Certificates Store Monitor" daemon prio=5 tid=518 in Object.wait()
java.lang.Thread.State: WAITING (on object monitor)
        at java.base@21.0.8/java.lang.Object.wait0(Native Method)
        at java.base@21.0.8/java.lang.Object.wait(Object.java:366)
        at java.base@21.0.8/java.lang.Object.wait(Object.java:339)
        at java.base@21.0.8/java.util.TimerThread.mainLoop(Timer.java:537)
        at java.base@21.0.8/java.util.TimerThread.run(Timer.java:516)
"IPC Server listener on 15029" daemon prio=5 tid=773 runnable
java.lang.Thread.State: RUNNABLE
        at java.base@21.0.8/sun.nio.ch.EPoll.wait(Native Method)
        at java.base@21.0.8/sun.nio.ch.EPollSelectorImpl.doSelect(EPollSelectorImpl.java:121)
        at java.base@21.0.8/sun.nio.ch.SelectorImpl.lockAndDoSelect(SelectorImpl.java:130)
        at java.base@21.0.8/sun.nio.ch.SelectorImpl.select(SelectorImpl.java:147)
        at app//org.apache.hadoop.ipc.Server$Listener.run(Server.java:1559)
"IPC Server handler 5 on default port 15029" daemon prio=5 tid=792 timed_waiting
java.lang.Thread.State: TIMED_WAITING
        at java.base@21.0.8/jdk.internal.misc.Unsafe.park(Native Method)
        at java.base@21.0.8/java.util.concurrent.locks.LockSupport.parkNanos(LockSupport.java:269)
        at java.base@21.0.8/java.util.concurrent.locks.AbstractQueuedSynchronizer$ConditionObject.awaitNanos(AbstractQueuedSynchronizer.java:1763)
        at java.base@21.0.8/java.util.concurrent.LinkedBlockingQueue.poll(LinkedBlockingQueue.java:460)
        at app//org.apache.hadoop.ipc.CallQueueManager.take(CallQueueManager.java:370)
        at app//org.apache.hadoop.ipc.Server$Handler.run(Server.java:3165)
"74afb32b-8e70-4799-b16c-dc9602d9dbb6-PeriodicHDDSVolumeChecker" daemon prio=5 tid=1010 timed_waiting
java.lang.Thread.State: TIMED_WAITING
        at java.base@21.0.8/jdk.internal.misc.Unsafe.park(Native Method)
        at java.base@21.0.8/java.util.concurrent.locks.LockSupport.parkNanos(LockSupport.java:269)
        at java.base@21.0.8/java.util.concurrent.locks.AbstractQueuedSynchronizer$ConditionObject.awaitNanos(AbstractQueuedSynchronizer.java:1763)
        at java.base@21.0.8/java.util.concurrent.ScheduledThreadPoolExecutor$DelayedWorkQueue.take(ScheduledThreadPoolExecutor.java:1182)
        at java.base@21.0.8/java.util.concurrent.ScheduledThreadPoolExecutor$DelayedWorkQueue.take(ScheduledThreadPoolExecutor.java:899)
        at java.base@21.0.8/java.util.concurrent.ThreadPoolExecutor.getTask(ThreadPoolExecutor.java:1070)
        at java.base@21.0.8/java.util.concurrent.ThreadPoolExecutor.runWorker(ThreadPoolExecutor.java:1130)
        at java.base@21.0.8/java.util.concurrent.ThreadPoolExecutor$Worker.run(ThreadPoolExecutor.java:642)
        at java.base@21.0.8/java.lang.Thread.runWith(Thread.java:1596)
        at java.base@21.0.8/java.lang.Thread.run(Thread.java:1583)
"IPC Server handler 49 on default port 15001" daemon prio=5 tid=607 timed_waiting
java.lang.Thread.State: TIMED_WAITING
        at java.base@21.0.8/jdk.internal.misc.Unsafe.park(Native Method)
        at java.base@21.0.8/java.util.concurrent.locks.LockSupport.parkNanos(LockSupport.java:269)
        at java.base@21.0.8/java.util.concurrent.locks.AbstractQueuedSynchronizer$ConditionObject.awaitNanos(AbstractQueuedSynchronizer.java:1763)
        at java.base@21.0.8/java.util.concurrent.LinkedBlockingQueue.poll(LinkedBlockingQueue.java:460)
        at app//org.apache.hadoop.ipc.CallQueueManager.take(CallQueueManager.java:370)
        at app//org.apache.hadoop.ipc.Server$Handler.run(Server.java:3165)
"7d2db622-5327-4122-ba03-be97b5575303-CloseContainerThread-1"  prio=5 tid=1295 in Object.wait()
java.lang.Thread.State: WAITING (on object monitor)
        at java.base@21.0.8/jdk.internal.misc.Unsafe.park(Native Method)
        at java.base@21.0.8/java.util.concurrent.locks.LockSupport.park(LockSupport.java:371)
        at java.base@21.0.8/java.util.concurrent.locks.AbstractQueuedSynchronizer$ConditionNode.block(AbstractQueuedSynchronizer.java:519)
        at java.base@21.0.8/java.util.concurrent.ForkJoinPool.unmanagedBlock(ForkJoinPool.java:3780)
        at java.base@21.0.8/java.util.concurrent.ForkJoinPool.managedBlock(ForkJoinPool.java:3725)
        at java.base@21.0.8/java.util.concurrent.locks.AbstractQueuedSynchronizer$ConditionObject.await(AbstractQueuedSynchronizer.java:1712)
        at java.base@21.0.8/java.util.concurrent.LinkedBlockingQueue.take(LinkedBlockingQueue.java:435)
        at java.base@21.0.8/java.util.concurrent.ThreadPoolExecutor.getTask(ThreadPoolExecutor.java:1070)
        at java.base@21.0.8/java.util.concurrent.ThreadPoolExecutor.runWorker(ThreadPoolExecutor.java:1130)
        at java.base@21.0.8/java.util.concurrent.ThreadPoolExecutor$Worker.run(ThreadPoolExecutor.java:642)
        at java.base@21.0.8/java.lang.Thread.runWith(Thread.java:1596)
        at java.base@21.0.8/java.lang.Thread.run(Thread.java:1583)
"IPC Server handler 24 on default port 15004" daemon prio=5 tid=362 timed_waiting
java.lang.Thread.State: TIMED_WAITING
        at java.base@21.0.8/jdk.internal.misc.Unsafe.park(Native Method)
        at java.base@21.0.8/java.util.concurrent.locks.LockSupport.parkNanos(LockSupport.java:269)
        at java.base@21.0.8/java.util.concurrent.locks.AbstractQueuedSynchronizer$ConditionObject.awaitNanos(AbstractQueuedSynchronizer.java:1763)
        at java.base@21.0.8/java.util.concurrent.LinkedBlockingQueue.poll(LinkedBlockingQueue.java:460)
        at app//org.apache.hadoop.ipc.CallQueueManager.take(CallQueueManager.java:370)
        at app//org.apache.hadoop.ipc.Server$Handler.run(Server.java:3165)
"IPC Server handler 44 on default port 15001" daemon prio=5 tid=602 timed_waiting
java.lang.Thread.State: TIMED_WAITING
        at java.base@21.0.8/jdk.internal.misc.Unsafe.park(Native Method)
        at java.base@21.0.8/java.util.concurrent.locks.LockSupport.parkNanos(LockSupport.java:269)
        at java.base@21.0.8/java.util.concurrent.locks.AbstractQueuedSynchronizer$ConditionObject.awaitNanos(AbstractQueuedSynchronizer.java:1763)
        at java.base@21.0.8/java.util.concurrent.LinkedBlockingQueue.poll(LinkedBlockingQueue.java:460)
        at app//org.apache.hadoop.ipc.CallQueueManager.take(CallQueueManager.java:370)
        at app//org.apache.hadoop.ipc.Server$Handler.run(Server.java:3165)
"IPC Server handler 34 on default port 15003" daemon prio=5 tid=254 timed_waiting
java.lang.Thread.State: TIMED_WAITING
        at java.base@21.0.8/jdk.internal.misc.Unsafe.park(Native Method)
        at java.base@21.0.8/java.util.concurrent.locks.LockSupport.parkNanos(LockSupport.java:269)
        at java.base@21.0.8/java.util.concurrent.locks.AbstractQueuedSynchronizer$ConditionObject.awaitNanos(AbstractQueuedSynchronizer.java:1763)
        at java.base@21.0.8/java.util.concurrent.LinkedBlockingQueue.poll(LinkedBlockingQueue.java:460)
        at app//org.apache.hadoop.ipc.CallQueueManager.take(CallQueueManager.java:370)
        at app//org.apache.hadoop.ipc.Server$Handler.run(Server.java:3165)
"EventQueue-DatanodeCommandQueueUpdatedForDatanodeCommandCountUpdatedHandler" daemon prio=5 tid=1003 in Object.wait()
java.lang.Thread.State: WAITING (on object monitor)
        at java.base@21.0.8/jdk.internal.misc.Unsafe.park(Native Method)
        at java.base@21.0.8/java.util.concurrent.locks.LockSupport.park(LockSupport.java:371)
        at java.base@21.0.8/java.util.concurrent.locks.AbstractQueuedSynchronizer$ConditionNode.block(AbstractQueuedSynchronizer.java:519)
        at java.base@21.0.8/java.util.concurrent.ForkJoinPool.unmanagedBlock(ForkJoinPool.java:3780)
        at java.base@21.0.8/java.util.concurrent.ForkJoinPool.managedBlock(ForkJoinPool.java:3725)
        at java.base@21.0.8/java.util.concurrent.locks.AbstractQueuedSynchronizer$ConditionObject.await(AbstractQueuedSynchronizer.java:1712)
        at java.base@21.0.8/java.util.concurrent.LinkedBlockingQueue.take(LinkedBlockingQueue.java:435)
        at java.base@21.0.8/java.util.concurrent.ThreadPoolExecutor.getTask(ThreadPoolExecutor.java:1070)
        at java.base@21.0.8/java.util.concurrent.ThreadPoolExecutor.runWorker(ThreadPoolExecutor.java:1130)
        at java.base@21.0.8/java.util.concurrent.ThreadPoolExecutor$Worker.run(ThreadPoolExecutor.java:642)
        at java.base@21.0.8/java.lang.Thread.runWith(Thread.java:1596)
        at java.base@21.0.8/java.lang.Thread.run(Thread.java:1583)
"IPC Server handler 71 on default port 15002" daemon prio=5 tid=191 timed_waiting
java.lang.Thread.State: TIMED_WAITING
        at java.base@21.0.8/jdk.internal.misc.Unsafe.park(Native Method)
        at java.base@21.0.8/java.util.concurrent.locks.LockSupport.parkNanos(LockSupport.java:269)
        at java.base@21.0.8/java.util.concurrent.locks.AbstractQueuedSynchronizer$ConditionObject.awaitNanos(AbstractQueuedSynchronizer.java:1763)
        at java.base@21.0.8/java.util.concurrent.LinkedBlockingQueue.poll(LinkedBlockingQueue.java:460)
        at app//org.apache.hadoop.ipc.CallQueueManager.take(CallQueueManager.java:370)
        at app//org.apache.hadoop.ipc.Server$Handler.run(Server.java:3165)
"74afb32b-8e70-4799-b16c-dc9602d9dbb6-CreatePipelineCommandHandlerThread-0"  prio=5 tid=1034 in Object.wait()
java.lang.Thread.State: WAITING (on object monitor)
        at java.base@21.0.8/jdk.internal.misc.Unsafe.park(Native Method)
        at java.base@21.0.8/java.util.concurrent.locks.LockSupport.park(LockSupport.java:371)
        at java.base@21.0.8/java.util.concurrent.locks.AbstractQueuedSynchronizer$ConditionNode.block(AbstractQueuedSynchronizer.java:519)
        at java.base@21.0.8/java.util.concurrent.ForkJoinPool.unmanagedBlock(ForkJoinPool.java:3780)
        at java.base@21.0.8/java.util.concurrent.ForkJoinPool.managedBlock(ForkJoinPool.java:3725)
        at java.base@21.0.8/java.util.concurrent.locks.AbstractQueuedSynchronizer$ConditionObject.await(AbstractQueuedSynchronizer.java:1712)
        at java.base@21.0.8/java.util.concurrent.LinkedBlockingQueue.take(LinkedBlockingQueue.java:435)
        at java.base@21.0.8/java.util.concurrent.ThreadPoolExecutor.getTask(ThreadPoolExecutor.java:1070)
        at java.base@21.0.8/java.util.concurrent.ThreadPoolExecutor.runWorker(ThreadPoolExecutor.java:1130)
        at java.base@21.0.8/java.util.concurrent.ThreadPoolExecutor$Worker.run(ThreadPoolExecutor.java:642)
        at java.base@21.0.8/java.lang.Thread.runWith(Thread.java:1596)
        at java.base@21.0.8/java.lang.Thread.run(Thread.java:1583)
"IPC Server handler 20 on default port 15002" daemon prio=5 tid=140 timed_waiting
java.lang.Thread.State: TIMED_WAITING
        at java.base@21.0.8/jdk.internal.misc.Unsafe.park(Native Method)
        at java.base@21.0.8/java.util.concurrent.locks.LockSupport.parkNanos(LockSupport.java:269)
        at java.base@21.0.8/java.util.concurrent.locks.AbstractQueuedSynchronizer$ConditionObject.awaitNanos(AbstractQueuedSynchronizer.java:1763)
        at java.base@21.0.8/java.util.concurrent.LinkedBlockingQueue.poll(LinkedBlockingQueue.java:460)
        at app//org.apache.hadoop.ipc.CallQueueManager.take(CallQueueManager.java:370)
        at app//org.apache.hadoop.ipc.Server$Handler.run(Server.java:3165)
"IPC Server handler 44 on default port 15002" daemon prio=5 tid=164 timed_waiting
java.lang.Thread.State: TIMED_WAITING
        at java.base@21.0.8/jdk.internal.misc.Unsafe.park(Native Method)
        at java.base@21.0.8/java.util.concurrent.locks.LockSupport.parkNanos(LockSupport.java:269)
        at java.base@21.0.8/java.util.concurrent.locks.AbstractQueuedSynchronizer$ConditionObject.awaitNanos(AbstractQueuedSynchronizer.java:1763)
        at java.base@21.0.8/java.util.concurrent.LinkedBlockingQueue.poll(LinkedBlockingQueue.java:460)
        at app//org.apache.hadoop.ipc.CallQueueManager.take(CallQueueManager.java:370)
        at app//org.apache.hadoop.ipc.Server$Handler.run(Server.java:3165)
"IPC Server handler 53 on default port 15004" daemon prio=5 tid=391 timed_waiting
java.lang.Thread.State: TIMED_WAITING
        at java.base@21.0.8/jdk.internal.misc.Unsafe.park(Native Method)
        at java.base@21.0.8/java.util.concurrent.locks.LockSupport.parkNanos(LockSupport.java:269)
        at java.base@21.0.8/java.util.concurrent.locks.AbstractQueuedSynchronizer$ConditionObject.awaitNanos(AbstractQueuedSynchronizer.java:1763)
        at java.base@21.0.8/java.util.concurrent.LinkedBlockingQueue.poll(LinkedBlockingQueue.java:460)
        at app//org.apache.hadoop.ipc.CallQueueManager.take(CallQueueManager.java:370)
        at app//org.apache.hadoop.ipc.Server$Handler.run(Server.java:3165)
"grpc-default-worker-ELG-3-2" daemon prio=5 tid=1050 runnable
java.lang.Thread.State: RUNNABLE
        at app//org.apache.ratis.thirdparty.io.netty.channel.epoll.Native.epollWait0(Native Method)
        at app//org.apache.ratis.thirdparty.io.netty.channel.epoll.Native.epollWait(Native.java:193)
        at app//org.apache.ratis.thirdparty.io.netty.channel.epoll.EpollEventLoop.epollWait(EpollEventLoop.java:304)
        at app//org.apache.ratis.thirdparty.io.netty.channel.epoll.EpollEventLoop.run(EpollEventLoop.java:368)
        at app//org.apache.ratis.thirdparty.io.netty.util.concurrent.SingleThreadEventExecutor$4.run(SingleThreadEventExecutor.java:998)
        at app//org.apache.ratis.thirdparty.io.netty.util.internal.ThreadExecutorMap$2.run(ThreadExecutorMap.java:74)
        at app//org.apache.ratis.thirdparty.io.netty.util.concurrent.FastThreadLocalRunnable.run(FastThreadLocalRunnable.java:30)
        at java.base@21.0.8/java.lang.Thread.runWith(Thread.java:1596)
        at java.base@21.0.8/java.lang.Thread.run(Thread.java:1583)
"IPC Server handler 82 on default port 15002" daemon prio=5 tid=202 timed_waiting
java.lang.Thread.State: TIMED_WAITING
        at java.base@21.0.8/jdk.internal.misc.Unsafe.park(Native Method)
        at java.base@21.0.8/java.util.concurrent.locks.LockSupport.parkNanos(LockSupport.java:269)
        at java.base@21.0.8/java.util.concurrent.locks.AbstractQueuedSynchronizer$ConditionObject.awaitNanos(AbstractQueuedSynchronizer.java:1763)
        at java.base@21.0.8/java.util.concurrent.LinkedBlockingQueue.poll(LinkedBlockingQueue.java:460)
        at app//org.apache.hadoop.ipc.CallQueueManager.take(CallQueueManager.java:370)
        at app//org.apache.hadoop.ipc.Server$Handler.run(Server.java:3165)
"IPC Server handler 50 on default port 15002" daemon prio=5 tid=170 timed_waiting
java.lang.Thread.State: TIMED_WAITING
        at java.base@21.0.8/jdk.internal.misc.Unsafe.park(Native Method)
        at java.base@21.0.8/java.util.concurrent.locks.LockSupport.parkNanos(LockSupport.java:269)
        at java.base@21.0.8/java.util.concurrent.locks.AbstractQueuedSynchronizer$ConditionObject.awaitNanos(AbstractQueuedSynchronizer.java:1763)
        at java.base@21.0.8/java.util.concurrent.LinkedBlockingQueue.poll(LinkedBlockingQueue.java:460)
        at app//org.apache.hadoop.ipc.CallQueueManager.take(CallQueueManager.java:370)
        at app//org.apache.hadoop.ipc.Server$Handler.run(Server.java:3165)
"IPC Server handler 35 on default port 15004" daemon prio=5 tid=373 timed_waiting
java.lang.Thread.State: TIMED_WAITING
        at java.base@21.0.8/jdk.internal.misc.Unsafe.park(Native Method)
        at java.base@21.0.8/java.util.concurrent.locks.LockSupport.parkNanos(LockSupport.java:269)
        at java.base@21.0.8/java.util.concurrent.locks.AbstractQueuedSynchronizer$ConditionObject.awaitNanos(AbstractQueuedSynchronizer.java:1763)
        at java.base@21.0.8/java.util.concurrent.LinkedBlockingQueue.poll(LinkedBlockingQueue.java:460)
        at app//org.apache.hadoop.ipc.CallQueueManager.take(CallQueueManager.java:370)
        at app//org.apache.hadoop.ipc.Server$Handler.run(Server.java:3165)
"IPC Server idle connection scanner for port 15008" daemon prio=5 tid=460 timed_waiting
java.lang.Thread.State: TIMED_WAITING
        at java.base@21.0.8/java.lang.Object.wait0(Native Method)
        at java.base@21.0.8/java.lang.Object.wait(Object.java:366)
        at java.base@21.0.8/java.util.TimerThread.mainLoop(Timer.java:563)
        at java.base@21.0.8/java.util.TimerThread.run(Timer.java:516)
"qtp249078499-718" daemon prio=5 tid=718 runnable
java.lang.Thread.State: RUNNABLE
        at java.base@21.0.8/sun.nio.ch.EPoll.wait(Native Method)
        at java.base@21.0.8/sun.nio.ch.EPollSelectorImpl.doSelect(EPollSelectorImpl.java:121)
        at java.base@21.0.8/sun.nio.ch.SelectorImpl.lockAndDoSelect(SelectorImpl.java:130)
        at java.base@21.0.8/sun.nio.ch.SelectorImpl.select(SelectorImpl.java:147)
        at app//org.eclipse.jetty.io.ManagedSelector.nioSelect(ManagedSelector.java:183)
        at app//org.eclipse.jetty.io.ManagedSelector.select(ManagedSelector.java:190)
        at app//org.eclipse.jetty.io.ManagedSelector$SelectorProducer.select(ManagedSelector.java:606)
        at app//org.eclipse.jetty.io.ManagedSelector$SelectorProducer.produce(ManagedSelector.java:543)
        at app//org.eclipse.jetty.util.thread.strategy.EatWhatYouKill.produceTask(EatWhatYouKill.java:362)
        at app//org.eclipse.jetty.util.thread.strategy.EatWhatYouKill.doProduce(EatWhatYouKill.java:186)
        at app//org.eclipse.jetty.util.thread.strategy.EatWhatYouKill.tryProduce(EatWhatYouKill.java:173)
        at app//org.eclipse.jetty.util.thread.strategy.EatWhatYouKill.produce(EatWhatYouKill.java:137)
        at app//org.eclipse.jetty.io.ManagedSelector$$Lambda/0x00007f9d6c6e5f08.run(Unknown Source)
        at app//org.eclipse.jetty.util.thread.QueuedThreadPool.runJob(QueuedThreadPool.java:883)
        at app//org.eclipse.jetty.util.thread.QueuedThreadPool$Runner.run(QueuedThreadPool.java:1034)
        at java.base@21.0.8/java.lang.Thread.runWith(Thread.java:1596)
        at java.base@21.0.8/java.lang.Thread.run(Thread.java:1583)
"org.apache.hadoop.ozone.container.common.statemachine.commandhandler.DeleteBlocksCommandHandler$DeleteCmdWorker@664de797" daemon prio=5 tid=905 timed_waiting
java.lang.Thread.State: TIMED_WAITING
        at java.base@21.0.8/java.lang.Thread.sleep0(Native Method)
        at java.base@21.0.8/java.lang.Thread.sleep(Thread.java:509)
        at app//org.apache.hadoop.ozone.container.common.statemachine.commandhandler.DeleteBlocksCommandHandler$DeleteCmdWorker.run(DeleteBlocksCommandHandler.java:260)
        at java.base@21.0.8/java.lang.Thread.runWith(Thread.java:1596)
        at java.base@21.0.8/java.lang.Thread.run(Thread.java:1583)
"IPC Server handler 12 on default port 15002" daemon prio=5 tid=132 timed_waiting
java.lang.Thread.State: TIMED_WAITING
        at java.base@21.0.8/jdk.internal.misc.Unsafe.park(Native Method)
        at java.base@21.0.8/java.util.concurrent.locks.LockSupport.parkNanos(LockSupport.java:269)
        at java.base@21.0.8/java.util.concurrent.locks.AbstractQueuedSynchronizer$ConditionObject.awaitNanos(AbstractQueuedSynchronizer.java:1763)
        at java.base@21.0.8/java.util.concurrent.LinkedBlockingQueue.poll(LinkedBlockingQueue.java:460)
        at app//org.apache.hadoop.ipc.CallQueueManager.take(CallQueueManager.java:370)
        at app//org.apache.hadoop.ipc.Server$Handler.run(Server.java:3165)
"IPC Client (962379034) connection to 0.0.0.0/0.0.0.0:15004 from runner" daemon prio=5 tid=812 timed_waiting
java.lang.Thread.State: TIMED_WAITING
        at java.base@21.0.8/java.lang.Object.wait0(Native Method)
        at java.base@21.0.8/java.lang.Object.wait(Object.java:366)
        at app//org.apache.hadoop.ipc.Client$Connection.waitForWork(Client.java:1042)
        at app//org.apache.hadoop.ipc.Client$Connection.run(Client.java:1093)
"Recon-EventQueue-NewNodeForReconNewNodeHandler" daemon prio=5 tid=945 in Object.wait()
java.lang.Thread.State: WAITING (on object monitor)
        at java.base@21.0.8/jdk.internal.misc.Unsafe.park(Native Method)
        at java.base@21.0.8/java.util.concurrent.locks.LockSupport.park(LockSupport.java:371)
        at java.base@21.0.8/java.util.concurrent.locks.AbstractQueuedSynchronizer$ConditionNode.block(AbstractQueuedSynchronizer.java:519)
        at java.base@21.0.8/java.util.concurrent.ForkJoinPool.unmanagedBlock(ForkJoinPool.java:3780)
        at java.base@21.0.8/java.util.concurrent.ForkJoinPool.managedBlock(ForkJoinPool.java:3725)
        at java.base@21.0.8/java.util.concurrent.locks.AbstractQueuedSynchronizer$ConditionObject.await(AbstractQueuedSynchronizer.java:1712)
        at java.base@21.0.8/java.util.concurrent.LinkedBlockingQueue.take(LinkedBlockingQueue.java:435)
        at java.base@21.0.8/java.util.concurrent.ThreadPoolExecutor.getTask(ThreadPoolExecutor.java:1070)
        at java.base@21.0.8/java.util.concurrent.ThreadPoolExecutor.runWorker(ThreadPoolExecutor.java:1130)
        at java.base@21.0.8/java.util.concurrent.ThreadPoolExecutor$Worker.run(ThreadPoolExecutor.java:642)
        at java.base@21.0.8/java.lang.Thread.runWith(Thread.java:1596)
        at java.base@21.0.8/java.lang.Thread.run(Thread.java:1583)
"fc0351b7-0c71-4a2a-a0ca-337e5c0b1c14@group-B7EF3C0ABF3A-StateMachineUpdater" daemon prio=5 tid=1091 timed_waiting
java.lang.Thread.State: TIMED_WAITING
        at java.base@21.0.8/jdk.internal.misc.Unsafe.park(Native Method)
        at java.base@21.0.8/java.util.concurrent.locks.LockSupport.parkNanos(LockSupport.java:269)
        at java.base@21.0.8/java.util.concurrent.locks.AbstractQueuedSynchronizer$ConditionObject.await(AbstractQueuedSynchronizer.java:1852)
        at app//org.apache.ratis.util.AwaitForSignal.await(AwaitForSignal.java:65)
        at app//org.apache.ratis.server.impl.StateMachineUpdater.waitForCommit(StateMachineUpdater.java:222)
        at app//org.apache.ratis.server.impl.StateMachineUpdater.run(StateMachineUpdater.java:187)
        at java.base@21.0.8/java.lang.Thread.runWith(Thread.java:1596)
        at java.base@21.0.8/java.lang.Thread.run(Thread.java:1583)
"c11f8a16-55ee-4f22-a5a5-7daf2dffa753-EndpointStateMachineTaskThread-/0.0.0.0:15004-0 "  prio=5 tid=848 in Object.wait()
java.lang.Thread.State: WAITING (on object monitor)
        at java.base@21.0.8/jdk.internal.misc.Unsafe.park(Native Method)
        at java.base@21.0.8/java.util.concurrent.locks.LockSupport.park(LockSupport.java:371)
        at java.base@21.0.8/java.util.concurrent.locks.AbstractQueuedSynchronizer$ConditionNode.block(AbstractQueuedSynchronizer.java:519)
        at java.base@21.0.8/java.util.concurrent.ForkJoinPool.unmanagedBlock(ForkJoinPool.java:3780)
        at java.base@21.0.8/java.util.concurrent.ForkJoinPool.managedBlock(ForkJoinPool.java:3725)
        at java.base@21.0.8/java.util.concurrent.locks.AbstractQueuedSynchronizer$ConditionObject.await(AbstractQueuedSynchronizer.java:1712)
        at java.base@21.0.8/java.util.concurrent.LinkedBlockingQueue.take(LinkedBlockingQueue.java:435)
        at java.base@21.0.8/java.util.concurrent.ThreadPoolExecutor.getTask(ThreadPoolExecutor.java:1070)
        at java.base@21.0.8/java.util.concurrent.ThreadPoolExecutor.runWorker(ThreadPoolExecutor.java:1130)
        at java.base@21.0.8/java.util.concurrent.ThreadPoolExecutor$Worker.run(ThreadPoolExecutor.java:642)
        at java.base@21.0.8/java.lang.Thread.runWith(Thread.java:1596)
        at java.base@21.0.8/java.lang.Thread.run(Thread.java:1583)
"IPC Server handler 83 on default port 15001" daemon prio=5 tid=641 timed_waiting
java.lang.Thread.State: TIMED_WAITING
        at java.base@21.0.8/jdk.internal.misc.Unsafe.park(Native Method)
        at java.base@21.0.8/java.util.concurrent.locks.LockSupport.parkNanos(LockSupport.java:269)
        at java.base@21.0.8/java.util.concurrent.locks.AbstractQueuedSynchronizer$ConditionObject.awaitNanos(AbstractQueuedSynchronizer.java:1763)
        at java.base@21.0.8/java.util.concurrent.LinkedBlockingQueue.poll(LinkedBlockingQueue.java:460)
        at app//org.apache.hadoop.ipc.CallQueueManager.take(CallQueueManager.java:370)
        at app//org.apache.hadoop.ipc.Server$Handler.run(Server.java:3165)
"IPC Server handler 19 on default port 15003" daemon prio=5 tid=239 timed_waiting
java.lang.Thread.State: TIMED_WAITING
        at java.base@21.0.8/jdk.internal.misc.Unsafe.park(Native Method)
        at java.base@21.0.8/java.util.concurrent.locks.LockSupport.parkNanos(LockSupport.java:269)
        at java.base@21.0.8/java.util.concurrent.locks.AbstractQueuedSynchronizer$ConditionObject.awaitNanos(AbstractQueuedSynchronizer.java:1763)
        at java.base@21.0.8/java.util.concurrent.LinkedBlockingQueue.poll(LinkedBlockingQueue.java:460)
        at app//org.apache.hadoop.ipc.CallQueueManager.take(CallQueueManager.java:370)
        at app//org.apache.hadoop.ipc.Server$Handler.run(Server.java:3165)
"IPC Server handler 38 on default port 15001" daemon prio=5 tid=596 timed_waiting
java.lang.Thread.State: TIMED_WAITING
        at java.base@21.0.8/jdk.internal.misc.Unsafe.park(Native Method)
        at java.base@21.0.8/java.util.concurrent.locks.LockSupport.parkNanos(LockSupport.java:269)
        at java.base@21.0.8/java.util.concurrent.locks.AbstractQueuedSynchronizer$ConditionObject.awaitNanos(AbstractQueuedSynchronizer.java:1763)
        at java.base@21.0.8/java.util.concurrent.LinkedBlockingQueue.poll(LinkedBlockingQueue.java:460)
        at app//org.apache.hadoop.ipc.CallQueueManager.take(CallQueueManager.java:370)
        at app//org.apache.hadoop.ipc.Server$Handler.run(Server.java:3165)
"SSL Certificates Store Monitor" daemon prio=5 tid=1358 terminated
java.lang.Thread.State: TERMINATED
        at java.base@21.0.8/java.lang.Object.wait0(Native Method)
        at java.base@21.0.8/java.lang.Object.wait(Object.java:366)
        at java.base@21.0.8/java.lang.Object.wait(Object.java:339)
        at java.base@21.0.8/java.util.TimerThread.mainLoop(Timer.java:537)
        at java.base@21.0.8/java.util.TimerThread.run(Timer.java:516)
"Socket Reader #6 for port 15003" daemon prio=5 tid=81 runnable
java.lang.Thread.State: RUNNABLE
        at java.base@21.0.8/sun.nio.ch.EPoll.wait(Native Method)
        at java.base@21.0.8/sun.nio.ch.EPollSelectorImpl.doSelect(EPollSelectorImpl.java:121)
        at java.base@21.0.8/sun.nio.ch.SelectorImpl.lockAndDoSelect(SelectorImpl.java:130)
        at java.base@21.0.8/sun.nio.ch.SelectorImpl.select(SelectorImpl.java:147)
        at app//org.apache.hadoop.ipc.Server$Listener$Reader.doRunLoop(Server.java:1497)
        at app//org.apache.hadoop.ipc.Server$Listener$Reader.run(Server.java:1476)
"EventQueue-DatanodeCommandForSCMNodeManager"  prio=5 tid=966 in Object.wait()
java.lang.Thread.State: WAITING (on object monitor)
        at java.base@21.0.8/jdk.internal.misc.Unsafe.park(Native Method)
        at java.base@21.0.8/java.util.concurrent.locks.LockSupport.park(LockSupport.java:371)
        at java.base@21.0.8/java.util.concurrent.locks.AbstractQueuedSynchronizer$ConditionNode.block(AbstractQueuedSynchronizer.java:519)
        at java.base@21.0.8/java.util.concurrent.ForkJoinPool.unmanagedBlock(ForkJoinPool.java:3780)
        at java.base@21.0.8/java.util.concurrent.ForkJoinPool.managedBlock(ForkJoinPool.java:3725)
        at java.base@21.0.8/java.util.concurrent.locks.AbstractQueuedSynchronizer$ConditionObject.await(AbstractQueuedSynchronizer.java:1712)
        at java.base@21.0.8/java.util.concurrent.LinkedBlockingQueue.take(LinkedBlockingQueue.java:435)
        at java.base@21.0.8/java.util.concurrent.ThreadPoolExecutor.getTask(ThreadPoolExecutor.java:1070)
        at java.base@21.0.8/java.util.concurrent.ThreadPoolExecutor.runWorker(ThreadPoolExecutor.java:1130)
        at java.base@21.0.8/java.util.concurrent.ThreadPoolExecutor$Worker.run(ThreadPoolExecutor.java:642)
        at java.base@21.0.8/java.lang.Thread.runWith(Thread.java:1596)
        at java.base@21.0.8/java.lang.Thread.run(Thread.java:1583)
"IPC Server handler 17 on default port 15008" daemon prio=5 tid=509 timed_waiting
java.lang.Thread.State: TIMED_WAITING
        at java.base@21.0.8/jdk.internal.misc.Unsafe.park(Native Method)
        at java.base@21.0.8/java.util.concurrent.locks.LockSupport.parkNanos(LockSupport.java:269)
        at java.base@21.0.8/java.util.concurrent.locks.AbstractQueuedSynchronizer$ConditionObject.awaitNanos(AbstractQueuedSynchronizer.java:1763)
        at java.base@21.0.8/java.util.concurrent.LinkedBlockingQueue.poll(LinkedBlockingQueue.java:460)
        at app//org.apache.hadoop.ipc.CallQueueManager.take(CallQueueManager.java:370)
        at app//org.apache.hadoop.ipc.Server$Handler.run(Server.java:3165)
"Socket Reader #10 for port 15021" daemon prio=5 tid=737 runnable
java.lang.Thread.State: RUNNABLE
        at java.base@21.0.8/sun.nio.ch.EPoll.wait(Native Method)
        at java.base@21.0.8/sun.nio.ch.EPollSelectorImpl.doSelect(EPollSelectorImpl.java:121)
        at java.base@21.0.8/sun.nio.ch.SelectorImpl.lockAndDoSelect(SelectorImpl.java:130)
        at java.base@21.0.8/sun.nio.ch.SelectorImpl.select(SelectorImpl.java:147)
        at app//org.apache.hadoop.ipc.Server$Listener$Reader.doRunLoop(Server.java:1497)
        at app//org.apache.hadoop.ipc.Server$Listener$Reader.run(Server.java:1476)
"IPC Server handler 6 on default port 15021" daemon prio=5 tid=747 timed_waiting
java.lang.Thread.State: TIMED_WAITING
        at java.base@21.0.8/jdk.internal.misc.Unsafe.park(Native Method)
        at java.base@21.0.8/java.util.concurrent.locks.LockSupport.parkNanos(LockSupport.java:269)
        at java.base@21.0.8/java.util.concurrent.locks.AbstractQueuedSynchronizer$ConditionObject.awaitNanos(AbstractQueuedSynchronizer.java:1763)
        at java.base@21.0.8/java.util.concurrent.LinkedBlockingQueue.poll(LinkedBlockingQueue.java:460)
        at app//org.apache.hadoop.ipc.CallQueueManager.take(CallQueueManager.java:370)
        at app//org.apache.hadoop.ipc.Server$Handler.run(Server.java:3165)
"IPC Server handler 41 on default port 15003" daemon prio=5 tid=261 timed_waiting
java.lang.Thread.State: TIMED_WAITING
        at java.base@21.0.8/jdk.internal.misc.Unsafe.park(Native Method)
        at java.base@21.0.8/java.util.concurrent.locks.LockSupport.parkNanos(LockSupport.java:269)
        at java.base@21.0.8/java.util.concurrent.locks.AbstractQueuedSynchronizer$ConditionObject.awaitNanos(AbstractQueuedSynchronizer.java:1763)
        at java.base@21.0.8/java.util.concurrent.LinkedBlockingQueue.poll(LinkedBlockingQueue.java:460)
        at app//org.apache.hadoop.ipc.CallQueueManager.take(CallQueueManager.java:370)
        at app//org.apache.hadoop.ipc.Server$Handler.run(Server.java:3165)
"IPC Server handler 72 on default port 15001" daemon prio=5 tid=630 timed_waiting
java.lang.Thread.State: TIMED_WAITING
        at java.base@21.0.8/jdk.internal.misc.Unsafe.park(Native Method)
        at java.base@21.0.8/java.util.concurrent.locks.LockSupport.parkNanos(LockSupport.java:269)
        at java.base@21.0.8/java.util.concurrent.locks.AbstractQueuedSynchronizer$ConditionObject.awaitNanos(AbstractQueuedSynchronizer.java:1763)
        at java.base@21.0.8/java.util.concurrent.LinkedBlockingQueue.poll(LinkedBlockingQueue.java:460)
        at app//org.apache.hadoop.ipc.CallQueueManager.take(CallQueueManager.java:370)
        at app//org.apache.hadoop.ipc.Server$Handler.run(Server.java:3165)
"DiskUsage-/home/runner/work/ozone/ozone/hadoop-ozone/integration-test-recon/target/test-dir/MiniOzoneClusterImpl-b15909b8-03a8-4b15-aaa3-a668c086c089/ozone-metadata/datanode-5/ratis-
" daemon prio=5 tid=1014 timed_waiting
java.lang.Thread.State: TIMED_WAITING
        at java.base@21.0.8/jdk.internal.misc.Unsafe.park(Native Method)
        at java.base@21.0.8/java.util.concurrent.locks.LockSupport.parkNanos(LockSupport.java:269)
        at java.base@21.0.8/java.util.concurrent.locks.AbstractQueuedSynchronizer$ConditionObject.awaitNanos(AbstractQueuedSynchronizer.java:1763)
        at java.base@21.0.8/java.util.concurrent.ScheduledThreadPoolExecutor$DelayedWorkQueue.take(ScheduledThreadPoolExecutor.java:1182)
        at java.base@21.0.8/java.util.concurrent.ScheduledThreadPoolExecutor$DelayedWorkQueue.take(ScheduledThreadPoolExecutor.java:899)
        at java.base@21.0.8/java.util.concurrent.ThreadPoolExecutor.getTask(ThreadPoolExecutor.java:1070)
        at java.base@21.0.8/java.util.concurrent.ThreadPoolExecutor.runWorker(ThreadPoolExecutor.java:1130)
        at java.base@21.0.8/java.util.concurrent.ThreadPoolExecutor$Worker.run(ThreadPoolExecutor.java:642)
        at java.base@21.0.8/java.lang.Thread.runWith(Thread.java:1596)
        at java.base@21.0.8/java.lang.Thread.run(Thread.java:1583)
"Recon-FixedThreadPoolWithAffinityExecutor-7-0" daemon prio=5 tid=541 timed_waiting
java.lang.Thread.State: TIMED_WAITING
        at java.base@21.0.8/jdk.internal.misc.Unsafe.park(Native Method)
        at java.base@21.0.8/java.util.concurrent.locks.LockSupport.parkNanos(LockSupport.java:269)
        at java.base@21.0.8/java.util.concurrent.locks.AbstractQueuedSynchronizer$ConditionObject.awaitNanos(AbstractQueuedSynchronizer.java:1763)
        at java.base@21.0.8/java.util.concurrent.LinkedBlockingQueue.poll(LinkedBlockingQueue.java:460)
        at app//org.apache.hadoop.hdds.scm.server.ContainerReportQueue.poll(ContainerReportQueue.java:269)
        at app//org.apache.hadoop.hdds.scm.server.ContainerReportQueue.poll(ContainerReportQueue.java:42)
        at app//org.apache.hadoop.hdds.server.events.FixedThreadPoolWithAffinityExecutor$ContainerReportProcessTask.run(FixedThreadPoolWithAffinityExecutor.java:228)
        at java.base@21.0.8/java.util.concurrent.Executors$RunnableAdapter.call(Executors.java:572)
        at java.base@21.0.8/java.util.concurrent.FutureTask.run(FutureTask.java:317)
        at java.base@21.0.8/java.util.concurrent.ThreadPoolExecutor.runWorker(ThreadPoolExecutor.java:1144)
        at java.base@21.0.8/java.util.concurrent.ThreadPoolExecutor$Worker.run(ThreadPoolExecutor.java:642)
        at java.base@21.0.8/java.lang.Thread.runWith(Thread.java:1596)
        at java.base@21.0.8/java.lang.Thread.run(Thread.java:1583)
"surefire-process-checker" daemon prio=5 tid=26 timed_waiting
java.lang.Thread.State: TIMED_WAITING
        at java.base@21.0.8/jdk.internal.misc.Unsafe.park(Native Method)
        at java.base@21.0.8/java.util.concurrent.locks.LockSupport.parkNanos(LockSupport.java:269)
        at java.base@21.0.8/java.util.concurrent.locks.AbstractQueuedSynchronizer$ConditionObject.awaitNanos(AbstractQueuedSynchronizer.java:1763)
        at java.base@21.0.8/java.util.concurrent.ScheduledThreadPoolExecutor$DelayedWorkQueue.take(ScheduledThreadPoolExecutor.java:1182)
        at java.base@21.0.8/java.util.concurrent.ScheduledThreadPoolExecutor$DelayedWorkQueue.take(ScheduledThreadPoolExecutor.java:899)
        at java.base@21.0.8/java.util.concurrent.ThreadPoolExecutor.getTask(ThreadPoolExecutor.java:1070)
        at java.base@21.0.8/java.util.concurrent.ThreadPoolExecutor.runWorker(ThreadPoolExecutor.java:1130)
        at java.base@21.0.8/java.util.concurrent.ThreadPoolExecutor$Worker.run(ThreadPoolExecutor.java:642)
        at java.base@21.0.8/java.lang.Thread.runWith(Thread.java:1596)
        at java.base@21.0.8/java.lang.Thread.run(Thread.java:1583)
"IPC Server handler 1 on default port 15008" daemon prio=5 tid=493 timed_waiting
java.lang.Thread.State: TIMED_WAITING
        at java.base@21.0.8/jdk.internal.misc.Unsafe.park(Native Method)
        at java.base@21.0.8/java.util.concurrent.locks.LockSupport.parkNanos(LockSupport.java:269)
        at java.base@21.0.8/java.util.concurrent.locks.AbstractQueuedSynchronizer$ConditionObject.awaitNanos(AbstractQueuedSynchronizer.java:1763)
        at java.base@21.0.8/java.util.concurrent.LinkedBlockingQueue.poll(LinkedBlockingQueue.java:460)
        at app//org.apache.hadoop.ipc.CallQueueManager.take(CallQueueManager.java:370)
        at app//org.apache.hadoop.ipc.Server$Handler.run(Server.java:3165)
"74afb32b-8e70-4799-b16c-dc9602d9dbb6-NettyServerStreamRpc-bossGroup--thread1" daemon prio=5 tid=901 runnable
java.lang.Thread.State: RUNNABLE
        at app//org.apache.ratis.thirdparty.io.netty.channel.epoll.Native.epollWait(Native Method)
        at app//org.apache.ratis.thirdparty.io.netty.channel.epoll.Native.epollWait(Native.java:220)
        at app//org.apache.ratis.thirdparty.io.netty.channel.epoll.Native.epollWait(Native.java:213)
        at app//org.apache.ratis.thirdparty.io.netty.channel.epoll.EpollEventLoop.epollWaitNoTimerChange(EpollEventLoop.java:308)
        at app//org.apache.ratis.thirdparty.io.netty.channel.epoll.EpollEventLoop.run(EpollEventLoop.java:365)
        at app//org.apache.ratis.thirdparty.io.netty.util.concurrent.SingleThreadEventExecutor$4.run(SingleThreadEventExecutor.java:998)
        at app//org.apache.ratis.thirdparty.io.netty.util.internal.ThreadExecutorMap$2.run(ThreadExecutorMap.java:74)
        at java.base@21.0.8/java.lang.Thread.runWith(Thread.java:1596)
        at java.base@21.0.8/java.lang.Thread.run(Thread.java:1583)
"c11f8a16-55ee-4f22-a5a5-7daf2dffa753-DatanodeReportManager-2" daemon prio=5 tid=754 in Object.wait()
java.lang.Thread.State: WAITING (on object monitor)
        at java.base@21.0.8/jdk.internal.misc.Unsafe.park(Native Method)
        at java.base@21.0.8/java.util.concurrent.locks.LockSupport.parkNanos(LockSupport.java:269)
        at java.base@21.0.8/java.util.concurrent.locks.AbstractQueuedSynchronizer$ConditionObject.awaitNanos(AbstractQueuedSynchronizer.java:1763)
        at java.base@21.0.8/java.util.concurrent.ScheduledThreadPoolExecutor$DelayedWorkQueue.take(ScheduledThreadPoolExecutor.java:1182)
        at java.base@21.0.8/java.util.concurrent.ScheduledThreadPoolExecutor$DelayedWorkQueue.take(ScheduledThreadPoolExecutor.java:899)
        at java.base@21.0.8/java.util.concurrent.ThreadPoolExecutor.getTask(ThreadPoolExecutor.java:1070)
        at java.base@21.0.8/java.util.concurrent.ThreadPoolExecutor.runWorker(ThreadPoolExecutor.java:1130)
        at java.base@21.0.8/java.util.concurrent.ThreadPoolExecutor$Worker.run(ThreadPoolExecutor.java:642)
        at java.base@21.0.8/java.lang.Thread.runWith(Thread.java:1596)
        at java.base@21.0.8/java.lang.Thread.run(Thread.java:1583)
"IPC Server handler 54 on default port 15003" daemon prio=5 tid=274 timed_waiting
java.lang.Thread.State: TIMED_WAITING
        at java.base@21.0.8/jdk.internal.misc.Unsafe.park(Native Method)
        at java.base@21.0.8/java.util.concurrent.locks.LockSupport.parkNanos(LockSupport.java:269)
        at java.base@21.0.8/java.util.concurrent.locks.AbstractQueuedSynchronizer$ConditionObject.awaitNanos(AbstractQueuedSynchronizer.java:1763)
        at java.base@21.0.8/java.util.concurrent.LinkedBlockingQueue.poll(LinkedBlockingQueue.java:460)
        at app//org.apache.hadoop.ipc.CallQueueManager.take(CallQueueManager.java:370)
        at app//org.apache.hadoop.ipc.Server$Handler.run(Server.java:3165)
"IPC Server handler 79 on default port 15003" daemon prio=5 tid=299 timed_waiting
java.lang.Thread.State: TIMED_WAITING
        at java.base@21.0.8/jdk.internal.misc.Unsafe.park(Native Method)
        at java.base@21.0.8/java.util.concurrent.locks.LockSupport.parkNanos(LockSupport.java:269)
        at java.base@21.0.8/java.util.concurrent.locks.AbstractQueuedSynchronizer$ConditionObject.awaitNanos(AbstractQueuedSynchronizer.java:1763)
        at java.base@21.0.8/java.util.concurrent.LinkedBlockingQueue.poll(LinkedBlockingQueue.java:460)
        at app//org.apache.hadoop.ipc.CallQueueManager.take(CallQueueManager.java:370)
        at app//org.apache.hadoop.ipc.Server$Handler.run(Server.java:3165)
"Socket Reader #1 for port 15021" daemon prio=5 tid=728 runnable
java.lang.Thread.State: RUNNABLE
        at java.base@21.0.8/sun.nio.ch.EPoll.wait(Native Method)
        at java.base@21.0.8/sun.nio.ch.EPollSelectorImpl.doSelect(EPollSelectorImpl.java:121)
        at java.base@21.0.8/sun.nio.ch.SelectorImpl.lockAndDoSelect(SelectorImpl.java:130)
        at java.base@21.0.8/sun.nio.ch.SelectorImpl.select(SelectorImpl.java:147)
        at app//org.apache.hadoop.ipc.Server$Listener$Reader.doRunLoop(Server.java:1497)
        at app//org.apache.hadoop.ipc.Server$Listener$Reader.run(Server.java:1476)
"IPC Server handler 0 on default port 15003" daemon prio=5 tid=220 timed_waiting
java.lang.Thread.State: TIMED_WAITING
        at java.base@21.0.8/jdk.internal.misc.Unsafe.park(Native Method)
        at java.base@21.0.8/java.util.concurrent.locks.LockSupport.parkNanos(LockSupport.java:269)
        at java.base@21.0.8/java.util.concurrent.locks.AbstractQueuedSynchronizer$ConditionObject.awaitNanos(AbstractQueuedSynchronizer.java:1763)
        at java.base@21.0.8/java.util.concurrent.LinkedBlockingQueue.poll(LinkedBlockingQueue.java:460)
        at app//org.apache.hadoop.ipc.CallQueueManager.take(CallQueueManager.java:370)
        at app//org.apache.hadoop.ipc.Server$Handler.run(Server.java:3165)
"IPC Server handler 76 on default port 15003" daemon prio=5 tid=296 timed_waiting
java.lang.Thread.State: TIMED_WAITING
        at java.base@21.0.8/jdk.internal.misc.Unsafe.park(Native Method)
        at java.base@21.0.8/java.util.concurrent.locks.LockSupport.parkNanos(LockSupport.java:269)
        at java.base@21.0.8/java.util.concurrent.locks.AbstractQueuedSynchronizer$ConditionObject.awaitNanos(AbstractQueuedSynchronizer.java:1763)
        at java.base@21.0.8/java.util.concurrent.LinkedBlockingQueue.poll(LinkedBlockingQueue.java:460)
        at app//org.apache.hadoop.ipc.CallQueueManager.take(CallQueueManager.java:370)
        at app//org.apache.hadoop.ipc.Server$Handler.run(Server.java:3165)
"grpc-default-executor-3" daemon prio=5 tid=1109 timed_waiting
java.lang.Thread.State: TIMED_WAITING
        at java.base@21.0.8/jdk.internal.misc.Unsafe.park(Native Method)
        at java.base@21.0.8/java.util.concurrent.locks.LockSupport.parkNanos(LockSupport.java:410)
        at java.base@21.0.8/java.util.concurrent.LinkedTransferQueue$DualNode.await(LinkedTransferQueue.java:452)
        at java.base@21.0.8/java.util.concurrent.SynchronousQueue$Transferer.xferLifo(SynchronousQueue.java:194)
        at java.base@21.0.8/java.util.concurrent.SynchronousQueue.xfer(SynchronousQueue.java:235)
        at java.base@21.0.8/java.util.concurrent.SynchronousQueue.poll(SynchronousQueue.java:338)
        at java.base@21.0.8/java.util.concurrent.ThreadPoolExecutor.getTask(ThreadPoolExecutor.java:1069)
        at java.base@21.0.8/java.util.concurrent.ThreadPoolExecutor.runWorker(ThreadPoolExecutor.java:1130)
        at java.base@21.0.8/java.util.concurrent.ThreadPoolExecutor$Worker.run(ThreadPoolExecutor.java:642)
        at java.base@21.0.8/java.lang.Thread.runWith(Thread.java:1596)
        at java.base@21.0.8/java.lang.Thread.run(Thread.java:1583)
"IPC Server handler 85 on default port 15001" daemon prio=5 tid=643 timed_waiting
java.lang.Thread.State: TIMED_WAITING
        at java.base@21.0.8/jdk.internal.misc.Unsafe.park(Native Method)
        at java.base@21.0.8/java.util.concurrent.locks.LockSupport.parkNanos(LockSupport.java:269)
        at java.base@21.0.8/java.util.concurrent.locks.AbstractQueuedSynchronizer$ConditionObject.awaitNanos(AbstractQueuedSynchronizer.java:1763)
        at java.base@21.0.8/java.util.concurrent.LinkedBlockingQueue.poll(LinkedBlockingQueue.java:460)
        at app//org.apache.hadoop.ipc.CallQueueManager.take(CallQueueManager.java:370)
        at app//org.apache.hadoop.ipc.Server$Handler.run(Server.java:3165)
"timer2" daemon prio=5 tid=1115 timed_waiting
java.lang.Thread.State: TIMED_WAITING
        at java.base@21.0.8/java.lang.Object.wait0(Native Method)
        at java.base@21.0.8/java.lang.Object.wait(Object.java:366)
        at java.base@21.0.8/java.util.TimerThread.mainLoop(Timer.java:563)
        at java.base@21.0.8/java.util.TimerThread.run(Timer.java:516)
"IPC Server handler 32 on default port 15001" daemon prio=5 tid=590 timed_waiting
java.lang.Thread.State: TIMED_WAITING
        at java.base@21.0.8/jdk.internal.misc.Unsafe.park(Native Method)
        at java.base@21.0.8/java.util.concurrent.locks.LockSupport.parkNanos(LockSupport.java:269)
        at java.base@21.0.8/java.util.concurrent.locks.AbstractQueuedSynchronizer$ConditionObject.awaitNanos(AbstractQueuedSynchronizer.java:1763)
        at java.base@21.0.8/java.util.concurrent.LinkedBlockingQueue.poll(LinkedBlockingQueue.java:460)
        at app//org.apache.hadoop.ipc.CallQueueManager.take(CallQueueManager.java:370)
        at app//org.apache.hadoop.ipc.Server$Handler.run(Server.java:3165)
"NetworkTopologyPoller" daemon prio=5 tid=471 timed_waiting
java.lang.Thread.State: TIMED_WAITING
        at java.base@21.0.8/jdk.internal.misc.Unsafe.park(Native Method)
        at java.base@21.0.8/java.util.concurrent.locks.LockSupport.parkNanos(LockSupport.java:269)
        at java.base@21.0.8/java.util.concurrent.locks.AbstractQueuedSynchronizer$ConditionObject.awaitNanos(AbstractQueuedSynchronizer.java:1763)
        at java.base@21.0.8/java.util.concurrent.ScheduledThreadPoolExecutor$DelayedWorkQueue.take(ScheduledThreadPoolExecutor.java:1182)
        at java.base@21.0.8/java.util.concurrent.ScheduledThreadPoolExecutor$DelayedWorkQueue.take(ScheduledThreadPoolExecutor.java:899)
        at java.base@21.0.8/java.util.concurrent.ThreadPoolExecutor.getTask(ThreadPoolExecutor.java:1070)
        at java.base@21.0.8/java.util.concurrent.ThreadPoolExecutor.runWorker(ThreadPoolExecutor.java:1130)
        at java.base@21.0.8/java.util.concurrent.ThreadPoolExecutor$Worker.run(ThreadPoolExecutor.java:642)
        at java.base@21.0.8/java.lang.Thread.runWith(Thread.java:1596)
        at java.base@21.0.8/java.lang.Thread.run(Thread.java:1583)
"org.apache.hadoop.ozone.container.common.statemachine.commandhandler.DeleteBlocksCommandHandler$DeleteCmdWorker@4b9010cf" daemon prio=5 tid=716 timed_waiting
java.lang.Thread.State: TIMED_WAITING
        at java.base@21.0.8/java.lang.Thread.sleep0(Native Method)
        at java.base@21.0.8/java.lang.Thread.sleep(Thread.java:509)
        at app//org.apache.hadoop.ozone.container.common.statemachine.commandhandler.DeleteBlocksCommandHandler$DeleteCmdWorker.run(DeleteBlocksCommandHandler.java:260)
        at java.base@21.0.8/java.lang.Thread.runWith(Thread.java:1596)
        at java.base@21.0.8/java.lang.Thread.run(Thread.java:1583)
"ContainerMetadataScanner" daemon prio=5 tid=952 timed_waiting
java.lang.Thread.State: TIMED_WAITING
        at java.base@21.0.8/java.lang.Thread.sleep0(Native Method)
        at java.base@21.0.8/java.lang.Thread.sleep(Thread.java:509)
        at app//org.apache.hadoop.ozone.container.ozoneimpl.AbstractBackgroundContainerScanner.handleRemainingSleep(AbstractBackgroundContainerScanner.java:133)
        at app//org.apache.hadoop.ozone.container.ozoneimpl.AbstractBackgroundContainerScanner.runIteration(AbstractBackgroundContainerScanner.java:100)
        at app//org.apache.hadoop.ozone.container.ozoneimpl.AbstractBackgroundContainerScanner.run(AbstractBackgroundContainerScanner.java:59)
        at java.base@21.0.8/java.lang.Thread.runWith(Thread.java:1596)
        at java.base@21.0.8/java.lang.Thread.run(Thread.java:1583)
"Timer-1" daemon prio=5 tid=513 in Object.wait()
java.lang.Thread.State: WAITING (on object monitor)
        at java.base@21.0.8/java.lang.Object.wait0(Native Method)
        at java.base@21.0.8/java.lang.Object.wait(Object.java:366)
        at java.base@21.0.8/java.lang.Object.wait(Object.java:339)
        at java.base@21.0.8/java.util.TimerThread.mainLoop(Timer.java:537)
        at java.base@21.0.8/java.util.TimerThread.run(Timer.java:516)
"c11f8a16-55ee-4f22-a5a5-7daf2dffa753@group-5472C7309C8C-cacheEviction-AwaitToRun" daemon prio=5 tid=1054 in Object.wait()
java.lang.Thread.State: WAITING (on object monitor)
        at java.base@21.0.8/jdk.internal.misc.Unsafe.park(Native Method)
        at java.base@21.0.8/java.util.concurrent.locks.LockSupport.park(LockSupport.java:371)
        at java.base@21.0.8/java.util.concurrent.locks.AbstractQueuedSynchronizer$ConditionNode.block(AbstractQueuedSynchronizer.java:519)
        at java.base@21.0.8/java.util.concurrent.ForkJoinPool.unmanagedBlock(ForkJoinPool.java:3780)
        at java.base@21.0.8/java.util.concurrent.ForkJoinPool.managedBlock(ForkJoinPool.java:3725)
        at java.base@21.0.8/java.util.concurrent.locks.AbstractQueuedSynchronizer$ConditionObject.await(AbstractQueuedSynchronizer.java:1712)
        at app//org.apache.ratis.util.AwaitForSignal.await(AwaitForSignal.java:48)
        at app//org.apache.ratis.util.AwaitToRun$RunnableImpl.run(AwaitToRun.java:47)
        at java.base@21.0.8/java.lang.Thread.runWith(Thread.java:1596)
        at java.base@21.0.8/java.lang.Thread.run(Thread.java:1583)
"EventQueue-CloseContainerForCloseContainerEventHandler" daemon prio=5 tid=1287 in Object.wait()
java.lang.Thread.State: WAITING (on object monitor)
        at java.base@21.0.8/jdk.internal.misc.Unsafe.park(Native Method)
        at java.base@21.0.8/java.util.concurrent.locks.LockSupport.park(LockSupport.java:371)
        at java.base@21.0.8/java.util.concurrent.locks.AbstractQueuedSynchronizer$ConditionNode.block(AbstractQueuedSynchronizer.java:519)
        at java.base@21.0.8/java.util.concurrent.ForkJoinPool.unmanagedBlock(ForkJoinPool.java:3780)
        at java.base@21.0.8/java.util.concurrent.ForkJoinPool.managedBlock(ForkJoinPool.java:3725)
        at java.base@21.0.8/java.util.concurrent.locks.AbstractQueuedSynchronizer$ConditionObject.await(AbstractQueuedSynchronizer.java:1712)
        at java.base@21.0.8/java.util.concurrent.LinkedBlockingQueue.take(LinkedBlockingQueue.java:435)
        at java.base@21.0.8/java.util.concurrent.ThreadPoolExecutor.getTask(ThreadPoolExecutor.java:1070)
        at java.base@21.0.8/java.util.concurrent.ThreadPoolExecutor.runWorker(ThreadPoolExecutor.java:1130)
        at java.base@21.0.8/java.util.concurrent.ThreadPoolExecutor$Worker.run(ThreadPoolExecutor.java:642)
        at java.base@21.0.8/java.lang.Thread.runWith(Thread.java:1596)
        at java.base@21.0.8/java.lang.Thread.run(Thread.java:1583)
"JvmPauseMonitor5" daemon prio=5 tid=897 timed_waiting
java.lang.Thread.State: TIMED_WAITING
        at java.base@21.0.8/java.lang.Thread.sleep0(Native Method)
        at java.base@21.0.8/java.lang.Thread.sleep(Thread.java:558)
        at java.base@21.0.8/java.util.concurrent.TimeUnit.sleep(TimeUnit.java:446)
        at app//org.apache.ratis.util.TimeDuration.sleep(TimeDuration.java:353)
        at app//org.apache.ratis.util.TimeDuration.sleep(TimeDuration.java:338)
        at app//org.apache.ratis.util.JvmPauseMonitor.detectPause(JvmPauseMonitor.java:160)
        at app//org.apache.ratis.util.JvmPauseMonitor.run(JvmPauseMonitor.java:149)
        at app//org.apache.ratis.util.JvmPauseMonitor$$Lambda/0x00007f9d6c3ae540.run(Unknown Source)
        at java.base@21.0.8/java.lang.Thread.runWith(Thread.java:1596)
        at java.base@21.0.8/java.lang.Thread.run(Thread.java:1583)
"IPC Server handler 35 on default port 15003" daemon prio=5 tid=255 timed_waiting
java.lang.Thread.State: TIMED_WAITING
        at java.base@21.0.8/jdk.internal.misc.Unsafe.park(Native Method)
        at java.base@21.0.8/java.util.concurrent.locks.LockSupport.parkNanos(LockSupport.java:269)
        at java.base@21.0.8/java.util.concurrent.locks.AbstractQueuedSynchronizer$ConditionObject.awaitNanos(AbstractQueuedSynchronizer.java:1763)
        at java.base@21.0.8/java.util.concurrent.LinkedBlockingQueue.poll(LinkedBlockingQueue.java:460)
        at app//org.apache.hadoop.ipc.CallQueueManager.take(CallQueueManager.java:370)
        at app//org.apache.hadoop.ipc.Server$Handler.run(Server.java:3165)
"IPC Server handler 67 on default port 15001" daemon prio=5 tid=625 timed_waiting
java.lang.Thread.State: TIMED_WAITING
        at java.base@21.0.8/jdk.internal.misc.Unsafe.park(Native Method)
        at java.base@21.0.8/java.util.concurrent.locks.LockSupport.parkNanos(LockSupport.java:269)
        at java.base@21.0.8/java.util.concurrent.locks.AbstractQueuedSynchronizer$ConditionObject.awaitNanos(AbstractQueuedSynchronizer.java:1763)
        at java.base@21.0.8/java.util.concurrent.LinkedBlockingQueue.poll(LinkedBlockingQueue.java:460)
        at app//org.apache.hadoop.ipc.CallQueueManager.take(CallQueueManager.java:370)
        at app//org.apache.hadoop.ipc.Server$Handler.run(Server.java:3165)
"c11f8a16-55ee-4f22-a5a5-7daf2dffa753-ChunkReader-ELG-0" daemon prio=5 tid=898 runnable
java.lang.Thread.State: RUNNABLE
        at app//org.apache.ratis.thirdparty.io.netty.channel.epoll.Native.epollWait(Native Method)
        at app//org.apache.ratis.thirdparty.io.netty.channel.epoll.Native.epollWait(Native.java:220)
        at app//org.apache.ratis.thirdparty.io.netty.channel.epoll.Native.epollWait(Native.java:213)
        at app//org.apache.ratis.thirdparty.io.netty.channel.epoll.EpollEventLoop.epollWaitNoTimerChange(EpollEventLoop.java:308)
        at app//org.apache.ratis.thirdparty.io.netty.channel.epoll.EpollEventLoop.run(EpollEventLoop.java:365)
        at app//org.apache.ratis.thirdparty.io.netty.util.concurrent.SingleThreadEventExecutor$4.run(SingleThreadEventExecutor.java:998)
        at app//org.apache.ratis.thirdparty.io.netty.util.internal.ThreadExecutorMap$2.run(ThreadExecutorMap.java:74)
        at java.base@21.0.8/java.lang.Thread.runWith(Thread.java:1596)
        at java.base@21.0.8/java.lang.Thread.run(Thread.java:1583)
"Socket Reader #7 for port 15045" daemon prio=5 tid=927 runnable
java.lang.Thread.State: RUNNABLE
        at java.base@21.0.8/sun.nio.ch.EPoll.wait(Native Method)
        at java.base@21.0.8/sun.nio.ch.EPollSelectorImpl.doSelect(EPollSelectorImpl.java:121)
        at java.base@21.0.8/sun.nio.ch.SelectorImpl.lockAndDoSelect(SelectorImpl.java:130)
        at java.base@21.0.8/sun.nio.ch.SelectorImpl.select(SelectorImpl.java:147)
        at app//org.apache.hadoop.ipc.Server$Listener$Reader.doRunLoop(Server.java:1497)
        at app//org.apache.hadoop.ipc.Server$Listener$Reader.run(Server.java:1476)
"IPC Server handler 74 on default port 15003" daemon prio=5 tid=294 timed_waiting
java.lang.Thread.State: TIMED_WAITING
        at java.base@21.0.8/jdk.internal.misc.Unsafe.park(Native Method)
        at java.base@21.0.8/java.util.concurrent.locks.LockSupport.parkNanos(LockSupport.java:269)
        at java.base@21.0.8/java.util.concurrent.locks.AbstractQueuedSynchronizer$ConditionObject.awaitNanos(AbstractQueuedSynchronizer.java:1763)
        at java.base@21.0.8/java.util.concurrent.LinkedBlockingQueue.poll(LinkedBlockingQueue.java:460)
        at app//org.apache.hadoop.ipc.CallQueueManager.take(CallQueueManager.java:370)
        at app//org.apache.hadoop.ipc.Server$Handler.run(Server.java:3165)
"IPC Server handler 86 on default port 15003" daemon prio=5 tid=306 timed_waiting
java.lang.Thread.State: TIMED_WAITING
        at java.base@21.0.8/jdk.internal.misc.Unsafe.park(Native Method)
        at java.base@21.0.8/java.util.concurrent.locks.LockSupport.parkNanos(LockSupport.java:269)
        at java.base@21.0.8/java.util.concurrent.locks.AbstractQueuedSynchronizer$ConditionObject.awaitNanos(AbstractQueuedSynchronizer.java:1763)
        at java.base@21.0.8/java.util.concurrent.LinkedBlockingQueue.poll(LinkedBlockingQueue.java:460)
        at app//org.apache.hadoop.ipc.CallQueueManager.take(CallQueueManager.java:370)
        at app//org.apache.hadoop.ipc.Server$Handler.run(Server.java:3165)
"7d2db622-5327-4122-ba03-be97b5575303-ChunkWriter-0-0" daemon prio=5 tid=965 in Object.wait()
java.lang.Thread.State: WAITING (on object monitor)
        at java.base@21.0.8/jdk.internal.misc.Unsafe.park(Native Method)
        at java.base@21.0.8/java.util.concurrent.locks.LockSupport.park(LockSupport.java:371)
        at java.base@21.0.8/java.util.concurrent.locks.AbstractQueuedSynchronizer$ConditionNode.block(AbstractQueuedSynchronizer.java:519)
        at java.base@21.0.8/java.util.concurrent.ForkJoinPool.unmanagedBlock(ForkJoinPool.java:3780)
        at java.base@21.0.8/java.util.concurrent.ForkJoinPool.managedBlock(ForkJoinPool.java:3725)
        at java.base@21.0.8/java.util.concurrent.locks.AbstractQueuedSynchronizer$ConditionObject.await(AbstractQueuedSynchronizer.java:1712)
        at java.base@21.0.8/java.util.concurrent.LinkedBlockingDeque.takeFirst(LinkedBlockingDeque.java:485)
        at java.base@21.0.8/java.util.concurrent.LinkedBlockingDeque.take(LinkedBlockingDeque.java:673)
        at java.base@21.0.8/java.util.concurrent.ThreadPoolExecutor.getTask(ThreadPoolExecutor.java:1070)
        at java.base@21.0.8/java.util.concurrent.ThreadPoolExecutor.runWorker(ThreadPoolExecutor.java:1130)
        at java.base@21.0.8/java.util.concurrent.ThreadPoolExecutor$Worker.run(ThreadPoolExecutor.java:642)
        at java.base@21.0.8/java.lang.Thread.runWith(Thread.java:1596)
        at java.base@21.0.8/java.lang.Thread.run(Thread.java:1583)
"IPC Server handler 21 on default port 15004" daemon prio=5 tid=359 timed_waiting
java.lang.Thread.State: TIMED_WAITING
        at java.base@21.0.8/jdk.internal.misc.Unsafe.park(Native Method)
        at java.base@21.0.8/java.util.concurrent.locks.LockSupport.parkNanos(LockSupport.java:269)
        at java.base@21.0.8/java.util.concurrent.locks.AbstractQueuedSynchronizer$ConditionObject.awaitNanos(AbstractQueuedSynchronizer.java:1763)
        at java.base@21.0.8/java.util.concurrent.LinkedBlockingQueue.poll(LinkedBlockingQueue.java:460)
        at app//org.apache.hadoop.ipc.CallQueueManager.take(CallQueueManager.java:370)
        at app//org.apache.hadoop.ipc.Server$Handler.run(Server.java:3165)
"IPC Server handler 33 on default port 15001" daemon prio=5 tid=591 timed_waiting
java.lang.Thread.State: TIMED_WAITING
        at java.base@21.0.8/jdk.internal.misc.Unsafe.park(Native Method)
        at java.base@21.0.8/java.util.concurrent.locks.LockSupport.parkNanos(LockSupport.java:269)
        at java.base@21.0.8/java.util.concurrent.locks.AbstractQueuedSynchronizer$ConditionObject.awaitNanos(AbstractQueuedSynchronizer.java:1763)
        at java.base@21.0.8/java.util.concurrent.LinkedBlockingQueue.poll(LinkedBlockingQueue.java:460)
        at app//org.apache.hadoop.ipc.CallQueueManager.take(CallQueueManager.java:370)
        at app//org.apache.hadoop.ipc.Server$Handler.run(Server.java:3165)
"RatisPipelineUtilsThread-0"  prio=5 tid=54 timed_waiting
java.lang.Thread.State: TIMED_WAITING
        at java.base@21.0.8/java.lang.Object.wait0(Native Method)
        at java.base@21.0.8/java.lang.Object.wait(Object.java:366)
        at app//org.apache.hadoop.hdds.scm.pipeline.BackgroundPipelineCreator.run(BackgroundPipelineCreator.java:181)
        at app//org.apache.hadoop.hdds.scm.pipeline.BackgroundPipelineCreator$$Lambda/0x00007f9d6c504920.run(Unknown Source)
        at java.base@21.0.8/java.lang.Thread.runWith(Thread.java:1596)
        at java.base@21.0.8/java.lang.Thread.run(Thread.java:1583)
"Recon-FixedThreadPoolWithAffinityExecutor-3-0" daemon prio=5 tid=537 timed_waiting
java.lang.Thread.State: TIMED_WAITING
        at java.base@21.0.8/jdk.internal.misc.Unsafe.park(Native Method)
        at java.base@21.0.8/java.util.concurrent.locks.LockSupport.parkNanos(LockSupport.java:269)
        at java.base@21.0.8/java.util.concurrent.locks.AbstractQueuedSynchronizer$ConditionObject.awaitNanos(AbstractQueuedSynchronizer.java:1763)
        at java.base@21.0.8/java.util.concurrent.LinkedBlockingQueue.poll(LinkedBlockingQueue.java:460)
        at app//org.apache.hadoop.hdds.scm.server.ContainerReportQueue.poll(ContainerReportQueue.java:269)
        at app//org.apache.hadoop.hdds.scm.server.ContainerReportQueue.poll(ContainerReportQueue.java:42)
        at app//org.apache.hadoop.hdds.server.events.FixedThreadPoolWithAffinityExecutor$ContainerReportProcessTask.run(FixedThreadPoolWithAffinityExecutor.java:228)
        at java.base@21.0.8/java.util.concurrent.Executors$RunnableAdapter.call(Executors.java:572)
        at java.base@21.0.8/java.util.concurrent.FutureTask.run(FutureTask.java:317)
        at java.base@21.0.8/java.util.concurrent.ThreadPoolExecutor.runWorker(ThreadPoolExecutor.java:1144)
        at java.base@21.0.8/java.util.concurrent.ThreadPoolExecutor$Worker.run(ThreadPoolExecutor.java:642)
        at java.base@21.0.8/java.lang.Thread.runWith(Thread.java:1596)
        at java.base@21.0.8/java.lang.Thread.run(Thread.java:1583)
"IPC Server handler 34 on default port 15001" daemon prio=5 tid=592 timed_waiting
java.lang.Thread.State: TIMED_WAITING
        at java.base@21.0.8/jdk.internal.misc.Unsafe.park(Native Method)
        at java.base@21.0.8/java.util.concurrent.locks.LockSupport.parkNanos(LockSupport.java:269)
        at java.base@21.0.8/java.util.concurrent.locks.AbstractQueuedSynchronizer$ConditionObject.awaitNanos(AbstractQueuedSynchronizer.java:1763)
        at java.base@21.0.8/java.util.concurrent.LinkedBlockingQueue.poll(LinkedBlockingQueue.java:460)
        at app//org.apache.hadoop.ipc.CallQueueManager.take(CallQueueManager.java:370)
        at app//org.apache.hadoop.ipc.Server$Handler.run(Server.java:3165)
"om1-SnapshotDiffCleanupService#0" daemon prio=5 tid=443 timed_waiting
java.lang.Thread.State: TIMED_WAITING
        at java.base@21.0.8/jdk.internal.misc.Unsafe.park(Native Method)
        at java.base@21.0.8/java.util.concurrent.locks.LockSupport.parkNanos(LockSupport.java:269)
        at java.base@21.0.8/java.util.concurrent.locks.AbstractQueuedSynchronizer$ConditionObject.awaitNanos(AbstractQueuedSynchronizer.java:1763)
        at java.base@21.0.8/java.util.concurrent.ScheduledThreadPoolExecutor$DelayedWorkQueue.take(ScheduledThreadPoolExecutor.java:1182)
        at java.base@21.0.8/java.util.concurrent.ScheduledThreadPoolExecutor$DelayedWorkQueue.take(ScheduledThreadPoolExecutor.java:899)
        at java.base@21.0.8/java.util.concurrent.ThreadPoolExecutor.getTask(ThreadPoolExecutor.java:1070)
        at java.base@21.0.8/java.util.concurrent.ThreadPoolExecutor.runWorker(ThreadPoolExecutor.java:1130)
        at java.base@21.0.8/java.util.concurrent.ThreadPoolExecutor$Worker.run(ThreadPoolExecutor.java:642)
        at java.base@21.0.8/java.lang.Thread.runWith(Thread.java:1596)
        at java.base@21.0.8/java.lang.Thread.run(Thread.java:1583)
"LeakDetector-OzoneClientObject1" daemon prio=5 tid=1122 in Object.wait()
java.lang.Thread.State: WAITING (on object monitor)
        at java.base@21.0.8/jdk.internal.misc.Unsafe.park(Native Method)
        at java.base@21.0.8/java.util.concurrent.locks.LockSupport.park(LockSupport.java:371)
        at java.base@21.0.8/java.util.concurrent.locks.AbstractQueuedSynchronizer$ConditionNode.block(AbstractQueuedSynchronizer.java:519)
        at java.base@21.0.8/java.util.concurrent.ForkJoinPool.unmanagedBlock(ForkJoinPool.java:3780)
        at java.base@21.0.8/java.util.concurrent.ForkJoinPool.managedBlock(ForkJoinPool.java:3725)
        at java.base@21.0.8/java.util.concurrent.locks.AbstractQueuedSynchronizer$ConditionObject.await(AbstractQueuedSynchronizer.java:1712)
        at java.base@21.0.8/java.lang.ref.ReferenceQueue.await(ReferenceQueue.java:67)
        at java.base@21.0.8/java.lang.ref.ReferenceQueue.remove0(ReferenceQueue.java:158)
        at java.base@21.0.8/java.lang.ref.ReferenceQueue.remove(ReferenceQueue.java:234)
        at app//org.apache.hadoop.hdds.utils.LeakDetector.run(LeakDetector.java:79)
        at app//org.apache.hadoop.hdds.utils.LeakDetector$$Lambda/0x00007f9d6c495708.run(Unknown Source)
        at java.base@21.0.8/java.lang.Thread.runWith(Thread.java:1596)
        at java.base@21.0.8/java.lang.Thread.run(Thread.java:1583)
"IPC Server handler 7 on default port 15003" daemon prio=5 tid=227 timed_waiting
java.lang.Thread.State: TIMED_WAITING
        at java.base@21.0.8/jdk.internal.misc.Unsafe.park(Native Method)
        at java.base@21.0.8/java.util.concurrent.locks.LockSupport.parkNanos(LockSupport.java:269)
        at java.base@21.0.8/java.util.concurrent.locks.AbstractQueuedSynchronizer$ConditionObject.awaitNanos(AbstractQueuedSynchronizer.java:1763)
        at java.base@21.0.8/java.util.concurrent.LinkedBlockingQueue.poll(LinkedBlockingQueue.java:460)
        at app//org.apache.hadoop.ipc.CallQueueManager.take(CallQueueManager.java:370)
        at app//org.apache.hadoop.ipc.Server$Handler.run(Server.java:3165)
"FixedThreadPoolWithAffinityExecutor-2-0" daemon prio=5 tid=105 timed_waiting
java.lang.Thread.State: TIMED_WAITING
        at java.base@21.0.8/jdk.internal.misc.Unsafe.park(Native Method)
        at java.base@21.0.8/java.util.concurrent.locks.LockSupport.parkNanos(LockSupport.java:269)
        at java.base@21.0.8/java.util.concurrent.locks.AbstractQueuedSynchronizer$ConditionObject.awaitNanos(AbstractQueuedSynchronizer.java:1763)
        at java.base@21.0.8/java.util.concurrent.LinkedBlockingQueue.poll(LinkedBlockingQueue.java:460)
        at app//org.apache.hadoop.hdds.scm.server.ContainerReportQueue.poll(ContainerReportQueue.java:269)
        at app//org.apache.hadoop.hdds.scm.server.ContainerReportQueue.poll(ContainerReportQueue.java:42)
        at app//org.apache.hadoop.hdds.server.events.FixedThreadPoolWithAffinityExecutor$ContainerReportProcessTask.run(FixedThreadPoolWithAffinityExecutor.java:228)
        at java.base@21.0.8/java.util.concurrent.Executors$RunnableAdapter.call(Executors.java:572)
        at java.base@21.0.8/java.util.concurrent.FutureTask.run(FutureTask.java:317)
        at java.base@21.0.8/java.util.concurrent.ThreadPoolExecutor.runWorker(ThreadPoolExecutor.java:1144)
        at java.base@21.0.8/java.util.concurrent.ThreadPoolExecutor$Worker.run(ThreadPoolExecutor.java:642)
        at java.base@21.0.8/java.lang.Thread.runWith(Thread.java:1596)
        at java.base@21.0.8/java.lang.Thread.run(Thread.java:1583)
"IPC Server handler 55 on default port 15002" daemon prio=5 tid=175 timed_waiting
java.lang.Thread.State: TIMED_WAITING
        at java.base@21.0.8/jdk.internal.misc.Unsafe.park(Native Method)
        at java.base@21.0.8/java.util.concurrent.locks.LockSupport.parkNanos(LockSupport.java:269)
        at java.base@21.0.8/java.util.concurrent.locks.AbstractQueuedSynchronizer$ConditionObject.awaitNanos(AbstractQueuedSynchronizer.java:1763)
        at java.base@21.0.8/java.util.concurrent.LinkedBlockingQueue.poll(LinkedBlockingQueue.java:460)
        at app//org.apache.hadoop.ipc.CallQueueManager.take(CallQueueManager.java:370)
        at app//org.apache.hadoop.ipc.Server$Handler.run(Server.java:3165)
"IPC Server handler 84 on default port 15004" daemon prio=5 tid=422 timed_waiting
java.lang.Thread.State: TIMED_WAITING
        at java.base@21.0.8/jdk.internal.misc.Unsafe.park(Native Method)
        at java.base@21.0.8/java.util.concurrent.locks.LockSupport.parkNanos(LockSupport.java:269)
        at java.base@21.0.8/java.util.concurrent.locks.AbstractQueuedSynchronizer$ConditionObject.awaitNanos(AbstractQueuedSynchronizer.java:1763)
        at java.base@21.0.8/java.util.concurrent.LinkedBlockingQueue.poll(LinkedBlockingQueue.java:460)
        at app//org.apache.hadoop.ipc.CallQueueManager.take(CallQueueManager.java:370)
        at app//org.apache.hadoop.ipc.Server$Handler.run(Server.java:3165)
"Socket Reader #4 for port 15004" daemon prio=5 tid=65 runnable
java.lang.Thread.State: RUNNABLE
        at java.base@21.0.8/sun.nio.ch.EPoll.wait(Native Method)
        at java.base@21.0.8/sun.nio.ch.EPollSelectorImpl.doSelect(EPollSelectorImpl.java:121)
        at java.base@21.0.8/sun.nio.ch.SelectorImpl.lockAndDoSelect(SelectorImpl.java:130)
        at java.base@21.0.8/sun.nio.ch.SelectorImpl.select(SelectorImpl.java:147)
        at app//org.apache.hadoop.ipc.Server$Listener$Reader.doRunLoop(Server.java:1497)
        at app//org.apache.hadoop.ipc.Server$Listener$Reader.run(Server.java:1476)
"IPC Server handler 58 on default port 15001" daemon prio=5 tid=616 timed_waiting
java.lang.Thread.State: TIMED_WAITING
        at java.base@21.0.8/jdk.internal.misc.Unsafe.park(Native Method)
        at java.base@21.0.8/java.util.concurrent.locks.LockSupport.parkNanos(LockSupport.java:269)
        at java.base@21.0.8/java.util.concurrent.locks.AbstractQueuedSynchronizer$ConditionObject.awaitNanos(AbstractQueuedSynchronizer.java:1763)
        at java.base@21.0.8/java.util.concurrent.LinkedBlockingQueue.poll(LinkedBlockingQueue.java:460)
        at app//org.apache.hadoop.ipc.CallQueueManager.take(CallQueueManager.java:370)
        at app//org.apache.hadoop.ipc.Server$Handler.run(Server.java:3165)
"IPC Server handler 26 on default port 15004" daemon prio=5 tid=364 timed_waiting
java.lang.Thread.State: TIMED_WAITING
        at java.base@21.0.8/jdk.internal.misc.Unsafe.park(Native Method)
        at java.base@21.0.8/java.util.concurrent.locks.LockSupport.parkNanos(LockSupport.java:269)
        at java.base@21.0.8/java.util.concurrent.locks.AbstractQueuedSynchronizer$ConditionObject.awaitNanos(AbstractQueuedSynchronizer.java:1763)
        at java.base@21.0.8/java.util.concurrent.LinkedBlockingQueue.poll(LinkedBlockingQueue.java:460)
        at app//org.apache.hadoop.ipc.CallQueueManager.take(CallQueueManager.java:370)
        at app//org.apache.hadoop.ipc.Server$Handler.run(Server.java:3165)
"IPC Server handler 57 on default port 15003" daemon prio=5 tid=277 timed_waiting
java.lang.Thread.State: TIMED_WAITING
        at java.base@21.0.8/jdk.internal.misc.Unsafe.park(Native Method)
        at java.base@21.0.8/java.util.concurrent.locks.LockSupport.parkNanos(LockSupport.java:269)
        at java.base@21.0.8/java.util.concurrent.locks.AbstractQueuedSynchronizer$ConditionObject.awaitNanos(AbstractQueuedSynchronizer.java:1763)
        at java.base@21.0.8/java.util.concurrent.LinkedBlockingQueue.poll(LinkedBlockingQueue.java:460)
        at app//org.apache.hadoop.ipc.CallQueueManager.take(CallQueueManager.java:370)
        at app//org.apache.hadoop.ipc.Server$Handler.run(Server.java:3165)
"c11f8a16-55ee-4f22-a5a5-7daf2dffa753-DatanodeReportManager-1" daemon prio=5 tid=753 in Object.wait()
java.lang.Thread.State: WAITING (on object monitor)
        at java.base@21.0.8/jdk.internal.misc.Unsafe.park(Native Method)
        at java.base@21.0.8/java.util.concurrent.locks.LockSupport.park(LockSupport.java:371)
        at java.base@21.0.8/java.util.concurrent.locks.AbstractQueuedSynchronizer$ConditionNode.block(AbstractQueuedSynchronizer.java:519)
        at java.base@21.0.8/java.util.concurrent.ForkJoinPool.unmanagedBlock(ForkJoinPool.java:3780)
        at java.base@21.0.8/java.util.concurrent.ForkJoinPool.managedBlock(ForkJoinPool.java:3725)
        at java.base@21.0.8/java.util.concurrent.locks.AbstractQueuedSynchronizer$ConditionObject.await(AbstractQueuedSynchronizer.java:1712)
        at java.base@21.0.8/java.util.concurrent.ScheduledThreadPoolExecutor$DelayedWorkQueue.take(ScheduledThreadPoolExecutor.java:1177)
        at java.base@21.0.8/java.util.concurrent.ScheduledThreadPoolExecutor$DelayedWorkQueue.take(ScheduledThreadPoolExecutor.java:899)
        at java.base@21.0.8/java.util.concurrent.ThreadPoolExecutor.getTask(ThreadPoolExecutor.java:1070)
        at java.base@21.0.8/java.util.concurrent.ThreadPoolExecutor.runWorker(ThreadPoolExecutor.java:1130)
        at java.base@21.0.8/java.util.concurrent.ThreadPoolExecutor$Worker.run(ThreadPoolExecutor.java:642)
        at java.base@21.0.8/java.lang.Thread.runWith(Thread.java:1596)
        at java.base@21.0.8/java.lang.Thread.run(Thread.java:1583)
"IPC Server handler 15 on default port 15003" daemon prio=5 tid=235 timed_waiting
java.lang.Thread.State: TIMED_WAITING
        at java.base@21.0.8/jdk.internal.misc.Unsafe.park(Native Method)
        at java.base@21.0.8/java.util.concurrent.locks.LockSupport.parkNanos(LockSupport.java:269)
        at java.base@21.0.8/java.util.concurrent.locks.AbstractQueuedSynchronizer$ConditionObject.awaitNanos(AbstractQueuedSynchronizer.java:1763)
        at java.base@21.0.8/java.util.concurrent.LinkedBlockingQueue.poll(LinkedBlockingQueue.java:460)
        at app//org.apache.hadoop.ipc.CallQueueManager.take(CallQueueManager.java:370)
        at app//org.apache.hadoop.ipc.Server$Handler.run(Server.java:3165)
"IPC Server handler 96 on default port 15001" daemon prio=5 tid=654 timed_waiting
java.lang.Thread.State: TIMED_WAITING
        at java.base@21.0.8/jdk.internal.misc.Unsafe.park(Native Method)
        at java.base@21.0.8/java.util.concurrent.locks.LockSupport.parkNanos(LockSupport.java:269)
        at java.base@21.0.8/java.util.concurrent.locks.AbstractQueuedSynchronizer$ConditionObject.awaitNanos(AbstractQueuedSynchronizer.java:1763)
        at java.base@21.0.8/java.util.concurrent.LinkedBlockingQueue.poll(LinkedBlockingQueue.java:460)
        at app//org.apache.hadoop.ipc.CallQueueManager.take(CallQueueManager.java:370)
        at app//org.apache.hadoop.ipc.Server$Handler.run(Server.java:3165)
"c11f8a16-55ee-4f22-a5a5-7daf2dffa753-DatanodeStateMachineDaemonThread" daemon prio=10 tid=751 timed_waiting
java.lang.Thread.State: TIMED_WAITING
        at java.base@21.0.8/java.lang.Thread.sleep0(Native Method)
        at java.base@21.0.8/java.lang.Thread.sleep(Thread.java:509)
        at app//org.apache.hadoop.ozone.container.common.statemachine.DatanodeStateMachine.startStateMachineThread(DatanodeStateMachine.java:384)
        at app//org.apache.hadoop.ozone.container.common.statemachine.DatanodeStateMachine.lambda$startDaemon$1(DatanodeStateMachine.java:571)
        at app//org.apache.hadoop.ozone.container.common.statemachine.DatanodeStateMachine$$Lambda/0x00007f9d6ccb9cf8.run(Unknown Source)
        at java.base@21.0.8/java.lang.Thread.runWith(Thread.java:1596)
        at java.base@21.0.8/java.lang.Thread.run(Thread.java:1583)
"IPC Server handler 1 on default port 15002" daemon prio=5 tid=121 timed_waiting
java.lang.Thread.State: TIMED_WAITING
        at java.base@21.0.8/jdk.internal.misc.Unsafe.park(Native Method)
        at java.base@21.0.8/java.util.concurrent.locks.LockSupport.parkNanos(LockSupport.java:269)
        at java.base@21.0.8/java.util.concurrent.locks.AbstractQueuedSynchronizer$ConditionObject.awaitNanos(AbstractQueuedSynchronizer.java:1763)
        at java.base@21.0.8/java.util.concurrent.LinkedBlockingQueue.poll(LinkedBlockingQueue.java:460)
        at app//org.apache.hadoop.ipc.CallQueueManager.take(CallQueueManager.java:370)
        at app//org.apache.hadoop.ipc.Server$Handler.run(Server.java:3165)
"Socket Reader #7 for port 15001" daemon prio=5 tid=527 runnable
java.lang.Thread.State: RUNNABLE
        at java.base@21.0.8/sun.nio.ch.EPoll.wait(Native Method)
        at java.base@21.0.8/sun.nio.ch.EPollSelectorImpl.doSelect(EPollSelectorImpl.java:121)
        at java.base@21.0.8/sun.nio.ch.SelectorImpl.lockAndDoSelect(SelectorImpl.java:130)
        at java.base@21.0.8/sun.nio.ch.SelectorImpl.select(SelectorImpl.java:147)
        at app//org.apache.hadoop.ipc.Server$Listener$Reader.doRunLoop(Server.java:1497)
        at app//org.apache.hadoop.ipc.Server$Listener$Reader.run(Server.java:1476)
"IPC Server handler 86 on default port 15004" daemon prio=5 tid=424 timed_waiting
java.lang.Thread.State: TIMED_WAITING
        at java.base@21.0.8/jdk.internal.misc.Unsafe.park(Native Method)
        at java.base@21.0.8/java.util.concurrent.locks.LockSupport.parkNanos(LockSupport.java:269)
        at java.base@21.0.8/java.util.concurrent.locks.AbstractQueuedSynchronizer$ConditionObject.awaitNanos(AbstractQueuedSynchronizer.java:1763)
        at java.base@21.0.8/java.util.concurrent.LinkedBlockingQueue.poll(LinkedBlockingQueue.java:460)
        at app//org.apache.hadoop.ipc.CallQueueManager.take(CallQueueManager.java:370)
        at app//org.apache.hadoop.ipc.Server$Handler.run(Server.java:3165)
"IPC Server handler 93 on default port 15001" daemon prio=5 tid=651 timed_waiting
java.lang.Thread.State: TIMED_WAITING
        at java.base@21.0.8/jdk.internal.misc.Unsafe.park(Native Method)
        at java.base@21.0.8/java.util.concurrent.locks.LockSupport.parkNanos(LockSupport.java:269)
        at java.base@21.0.8/java.util.concurrent.locks.AbstractQueuedSynchronizer$ConditionObject.awaitNanos(AbstractQueuedSynchronizer.java:1763)
        at java.base@21.0.8/java.util.concurrent.LinkedBlockingQueue.poll(LinkedBlockingQueue.java:460)
        at app//org.apache.hadoop.ipc.CallQueueManager.take(CallQueueManager.java:370)
        at app//org.apache.hadoop.ipc.Server$Handler.run(Server.java:3165)
"ReconEventProcessor-0"  prio=5 tid=553 timed_waiting
java.lang.Thread.State: TIMED_WAITING
        at java.base@21.0.8/jdk.internal.misc.Unsafe.park(Native Method)
        at java.base@21.0.8/java.util.concurrent.locks.LockSupport.parkNanos(LockSupport.java:269)
        at java.base@21.0.8/java.util.concurrent.locks.AbstractQueuedSynchronizer$ConditionObject.awaitNanos(AbstractQueuedSynchronizer.java:1763)
        at java.base@21.0.8/java.util.concurrent.LinkedBlockingQueue.poll(LinkedBlockingQueue.java:460)
        at app//org.apache.hadoop.ozone.recon.tasks.OMUpdateEventBuffer.poll(OMUpdateEventBuffer.java:74)
        at app//org.apache.hadoop.ozone.recon.tasks.ReconTaskControllerImpl.processBufferedEventsAsync(ReconTaskControllerImpl.java:383)
        at app//org.apache.hadoop.ozone.recon.tasks.ReconTaskControllerImpl$$Lambda/0x00007f9d6cc0a718.run(Unknown Source)
        at java.base@21.0.8/java.util.concurrent.Executors$RunnableAdapter.call(Executors.java:572)
        at java.base@21.0.8/java.util.concurrent.FutureTask.run(FutureTask.java:317)
        at java.base@21.0.8/java.util.concurrent.ThreadPoolExecutor.runWorker(ThreadPoolExecutor.java:1144)
        at java.base@21.0.8/java.util.concurrent.ThreadPoolExecutor$Worker.run(ThreadPoolExecutor.java:642)
        at java.base@21.0.8/java.lang.Thread.runWith(Thread.java:1596)
        at java.base@21.0.8/java.lang.Thread.run(Thread.java:1583)
"IPC Server handler 27 on default port 15003" daemon prio=5 tid=247 timed_waiting
java.lang.Thread.State: TIMED_WAITING
        at java.base@21.0.8/jdk.internal.misc.Unsafe.park(Native Method)
        at java.base@21.0.8/java.util.concurrent.locks.LockSupport.parkNanos(LockSupport.java:269)
        at java.base@21.0.8/java.util.concurrent.locks.AbstractQueuedSynchronizer$ConditionObject.awaitNanos(AbstractQueuedSynchronizer.java:1763)
        at java.base@21.0.8/java.util.concurrent.LinkedBlockingQueue.poll(LinkedBlockingQueue.java:460)
        at app//org.apache.hadoop.ipc.CallQueueManager.take(CallQueueManager.java:370)
        at app//org.apache.hadoop.ipc.Server$Handler.run(Server.java:3165)
"fc0351b7-0c71-4a2a-a0ca-337e5c0b1c14-DatanodeStateMachineDaemonThread" daemon prio=10 tid=874 timed_waiting
java.lang.Thread.State: TIMED_WAITING
        at java.base@21.0.8/java.lang.Thread.sleep0(Native Method)
        at java.base@21.0.8/java.lang.Thread.sleep(Thread.java:509)
        at app//org.apache.hadoop.ozone.container.common.statemachine.DatanodeStateMachine.startStateMachineThread(DatanodeStateMachine.java:384)
        at app//org.apache.hadoop.ozone.container.common.statemachine.DatanodeStateMachine.lambda$startDaemon$1(DatanodeStateMachine.java:571)
        at app//org.apache.hadoop.ozone.container.common.statemachine.DatanodeStateMachine$$Lambda/0x00007f9d6ccb9cf8.run(Unknown Source)
        at java.base@21.0.8/java.lang.Thread.runWith(Thread.java:1596)
        at java.base@21.0.8/java.lang.Thread.run(Thread.java:1583)
"IPC Server handler 24 on default port 15003" daemon prio=5 tid=244 timed_waiting
java.lang.Thread.State: TIMED_WAITING
        at java.base@21.0.8/jdk.internal.misc.Unsafe.park(Native Method)
        at java.base@21.0.8/java.util.concurrent.locks.LockSupport.parkNanos(LockSupport.java:269)
        at java.base@21.0.8/java.util.concurrent.locks.AbstractQueuedSynchronizer$ConditionObject.awaitNanos(AbstractQueuedSynchronizer.java:1763)
        at java.base@21.0.8/java.util.concurrent.LinkedBlockingQueue.poll(LinkedBlockingQueue.java:460)
        at app//org.apache.hadoop.ipc.CallQueueManager.take(CallQueueManager.java:370)
        at app//org.apache.hadoop.ipc.Server$Handler.run(Server.java:3165)
"om1-client-thread1" daemon prio=5 tid=1127 timed_waiting
java.lang.Thread.State: TIMED_WAITING
        at java.base@21.0.8/jdk.internal.misc.Unsafe.park(Native Method)
        at java.base@21.0.8/java.util.concurrent.locks.LockSupport.parkNanos(LockSupport.java:410)
        at java.base@21.0.8/java.util.concurrent.LinkedTransferQueue$DualNode.await(LinkedTransferQueue.java:452)
        at java.base@21.0.8/java.util.concurrent.SynchronousQueue$Transferer.xferLifo(SynchronousQueue.java:194)
        at java.base@21.0.8/java.util.concurrent.SynchronousQueue.xfer(SynchronousQueue.java:235)
        at java.base@21.0.8/java.util.concurrent.SynchronousQueue.poll(SynchronousQueue.java:338)
        at java.base@21.0.8/java.util.concurrent.ThreadPoolExecutor.getTask(ThreadPoolExecutor.java:1069)
        at java.base@21.0.8/java.util.concurrent.ThreadPoolExecutor.runWorker(ThreadPoolExecutor.java:1130)
        at java.base@21.0.8/java.util.concurrent.ThreadPoolExecutor$Worker.run(ThreadPoolExecutor.java:642)
        at java.base@21.0.8/java.lang.Thread.runWith(Thread.java:1596)
        at java.base@21.0.8/java.lang.Thread.run(Thread.java:1583)
"IPC Server handler 43 on default port 15003" daemon prio=5 tid=263 timed_waiting
java.lang.Thread.State: TIMED_WAITING
        at java.base@21.0.8/jdk.internal.misc.Unsafe.park(Native Method)
        at java.base@21.0.8/java.util.concurrent.locks.LockSupport.parkNanos(LockSupport.java:269)
        at java.base@21.0.8/java.util.concurrent.locks.AbstractQueuedSynchronizer$ConditionObject.awaitNanos(AbstractQueuedSynchronizer.java:1763)
        at java.base@21.0.8/java.util.concurrent.LinkedBlockingQueue.poll(LinkedBlockingQueue.java:460)
        at app//org.apache.hadoop.ipc.CallQueueManager.take(CallQueueManager.java:370)
        at app//org.apache.hadoop.ipc.Server$Handler.run(Server.java:3165)
"IPC Server handler 72 on default port 15004" daemon prio=5 tid=410 timed_waiting
java.lang.Thread.State: TIMED_WAITING
        at java.base@21.0.8/jdk.internal.misc.Unsafe.park(Native Method)
        at java.base@21.0.8/java.util.concurrent.locks.LockSupport.parkNanos(LockSupport.java:269)
        at java.base@21.0.8/java.util.concurrent.locks.AbstractQueuedSynchronizer$ConditionObject.awaitNanos(AbstractQueuedSynchronizer.java:1763)
        at java.base@21.0.8/java.util.concurrent.LinkedBlockingQueue.poll(LinkedBlockingQueue.java:460)
        at app//org.apache.hadoop.ipc.CallQueueManager.take(CallQueueManager.java:370)
        at app//org.apache.hadoop.ipc.Server$Handler.run(Server.java:3165)
"JvmPauseMonitor8" daemon prio=5 tid=1023 timed_waiting
java.lang.Thread.State: TIMED_WAITING
        at java.base@21.0.8/java.lang.Thread.sleep0(Native Method)
        at java.base@21.0.8/java.lang.Thread.sleep(Thread.java:558)
        at java.base@21.0.8/java.util.concurrent.TimeUnit.sleep(TimeUnit.java:446)
        at app//org.apache.ratis.util.TimeDuration.sleep(TimeDuration.java:353)
        at app//org.apache.ratis.util.TimeDuration.sleep(TimeDuration.java:338)
        at app//org.apache.ratis.util.JvmPauseMonitor.detectPause(JvmPauseMonitor.java:160)
        at app//org.apache.ratis.util.JvmPauseMonitor.run(JvmPauseMonitor.java:149)
        at app//org.apache.ratis.util.JvmPauseMonitor$$Lambda/0x00007f9d6c3ae540.run(Unknown Source)
        at java.base@21.0.8/java.lang.Thread.runWith(Thread.java:1596)
        at java.base@21.0.8/java.lang.Thread.run(Thread.java:1583)
"Socket Reader #4 for port 15045" daemon prio=5 tid=924 runnable
java.lang.Thread.State: RUNNABLE
        at java.base@21.0.8/sun.nio.ch.EPoll.wait(Native Method)
        at java.base@21.0.8/sun.nio.ch.EPollSelectorImpl.doSelect(EPollSelectorImpl.java:121)
        at java.base@21.0.8/sun.nio.ch.SelectorImpl.lockAndDoSelect(SelectorImpl.java:130)
        at java.base@21.0.8/sun.nio.ch.SelectorImpl.select(SelectorImpl.java:147)
        at app//org.apache.hadoop.ipc.Server$Listener$Reader.doRunLoop(Server.java:1497)
        at app//org.apache.hadoop.ipc.Server$Listener$Reader.run(Server.java:1476)
"IPC Server handler 99 on default port 15004" daemon prio=5 tid=437 timed_waiting
java.lang.Thread.State: TIMED_WAITING
        at java.base@21.0.8/jdk.internal.misc.Unsafe.park(Native Method)
        at java.base@21.0.8/java.util.concurrent.locks.LockSupport.parkNanos(LockSupport.java:269)
        at java.base@21.0.8/java.util.concurrent.locks.AbstractQueuedSynchronizer$ConditionObject.awaitNanos(AbstractQueuedSynchronizer.java:1763)
        at java.base@21.0.8/java.util.concurrent.LinkedBlockingQueue.poll(LinkedBlockingQueue.java:460)
        at app//org.apache.hadoop.ipc.CallQueueManager.take(CallQueueManager.java:370)
        at app//org.apache.hadoop.ipc.Server$Handler.run(Server.java:3165)
"om1-KeyDeletingService#3" daemon prio=5 tid=1363 timed_waiting
java.lang.Thread.State: TIMED_WAITING
        at java.base@21.0.8/jdk.internal.misc.Unsafe.park(Native Method)
        at java.base@21.0.8/java.util.concurrent.locks.LockSupport.parkNanos(LockSupport.java:269)
        at java.base@21.0.8/java.util.concurrent.locks.AbstractQueuedSynchronizer$ConditionObject.awaitNanos(AbstractQueuedSynchronizer.java:1763)
        at java.base@21.0.8/java.util.concurrent.ScheduledThreadPoolExecutor$DelayedWorkQueue.take(ScheduledThreadPoolExecutor.java:1182)
        at java.base@21.0.8/java.util.concurrent.ScheduledThreadPoolExecutor$DelayedWorkQueue.take(ScheduledThreadPoolExecutor.java:899)
        at java.base@21.0.8/java.util.concurrent.ThreadPoolExecutor.getTask(ThreadPoolExecutor.java:1070)
        at java.base@21.0.8/java.util.concurrent.ThreadPoolExecutor.runWorker(ThreadPoolExecutor.java:1130)
        at java.base@21.0.8/java.util.concurrent.ThreadPoolExecutor$Worker.run(ThreadPoolExecutor.java:642)
        at java.base@21.0.8/java.lang.Thread.runWith(Thread.java:1596)
        at java.base@21.0.8/java.lang.Thread.run(Thread.java:1583)
"IPC Server handler 47 on default port 15003" daemon prio=5 tid=267 timed_waiting
java.lang.Thread.State: TIMED_WAITING
        at java.base@21.0.8/jdk.internal.misc.Unsafe.park(Native Method)
        at java.base@21.0.8/java.util.concurrent.locks.LockSupport.parkNanos(LockSupport.java:269)
        at java.base@21.0.8/java.util.concurrent.locks.AbstractQueuedSynchronizer$ConditionObject.awaitNanos(AbstractQueuedSynchronizer.java:1763)
        at java.base@21.0.8/java.util.concurrent.LinkedBlockingQueue.poll(LinkedBlockingQueue.java:460)
        at app//org.apache.hadoop.ipc.CallQueueManager.take(CallQueueManager.java:370)
        at app//org.apache.hadoop.ipc.Server$Handler.run(Server.java:3165)
"IPC Server handler 13 on default port 15002" daemon prio=5 tid=133 timed_waiting
java.lang.Thread.State: TIMED_WAITING
        at java.base@21.0.8/jdk.internal.misc.Unsafe.park(Native Method)
        at java.base@21.0.8/java.util.concurrent.locks.LockSupport.parkNanos(LockSupport.java:269)
        at java.base@21.0.8/java.util.concurrent.locks.AbstractQueuedSynchronizer$ConditionObject.awaitNanos(AbstractQueuedSynchronizer.java:1763)
        at java.base@21.0.8/java.util.concurrent.LinkedBlockingQueue.poll(LinkedBlockingQueue.java:460)
        at app//org.apache.hadoop.ipc.CallQueueManager.take(CallQueueManager.java:370)
        at app//org.apache.hadoop.ipc.Server$Handler.run(Server.java:3165)
"IPC Server handler 0 on default port 15008" daemon prio=5 tid=492 timed_waiting
java.lang.Thread.State: TIMED_WAITING
        at java.base@21.0.8/jdk.internal.misc.Unsafe.park(Native Method)
        at java.base@21.0.8/java.util.concurrent.locks.LockSupport.parkNanos(LockSupport.java:269)
        at java.base@21.0.8/java.util.concurrent.locks.AbstractQueuedSynchronizer$ConditionObject.awaitNanos(AbstractQueuedSynchronizer.java:1763)
        at java.base@21.0.8/java.util.concurrent.LinkedBlockingQueue.poll(LinkedBlockingQueue.java:460)
        at app//org.apache.hadoop.ipc.CallQueueManager.take(CallQueueManager.java:370)
        at app//org.apache.hadoop.ipc.Server$Handler.run(Server.java:3165)
"OverReplicatedProcessor" daemon prio=5 tid=59 timed_waiting
java.lang.Thread.State: TIMED_WAITING
        at java.base@21.0.8/java.lang.Object.wait0(Native Method)
        at java.base@21.0.8/java.lang.Object.wait(Object.java:366)
        at app//org.apache.hadoop.hdds.scm.container.replication.UnhealthyReplicationProcessor.run(UnhealthyReplicationProcessor.java:172)
        at java.base@21.0.8/java.lang.Thread.runWith(Thread.java:1596)
        at java.base@21.0.8/java.lang.Thread.run(Thread.java:1583)
"7d2db622-5327-4122-ba03-be97b5575303-DatanodeReportManager-2" daemon prio=5 tid=800 timed_waiting
java.lang.Thread.State: TIMED_WAITING
        at java.base@21.0.8/jdk.internal.misc.Unsafe.park(Native Method)
        at java.base@21.0.8/java.util.concurrent.locks.LockSupport.parkNanos(LockSupport.java:269)
        at java.base@21.0.8/java.util.concurrent.locks.AbstractQueuedSynchronizer$ConditionObject.awaitNanos(AbstractQueuedSynchronizer.java:1763)
        at java.base@21.0.8/java.util.concurrent.ScheduledThreadPoolExecutor$DelayedWorkQueue.take(ScheduledThreadPoolExecutor.java:1182)
        at java.base@21.0.8/java.util.concurrent.ScheduledThreadPoolExecutor$DelayedWorkQueue.take(ScheduledThreadPoolExecutor.java:899)
        at java.base@21.0.8/java.util.concurrent.ThreadPoolExecutor.getTask(ThreadPoolExecutor.java:1070)
        at java.base@21.0.8/java.util.concurrent.ThreadPoolExecutor.runWorker(ThreadPoolExecutor.java:1130)
        at java.base@21.0.8/java.util.concurrent.ThreadPoolExecutor$Worker.run(ThreadPoolExecutor.java:642)
        at java.base@21.0.8/java.lang.Thread.runWith(Thread.java:1596)
        at java.base@21.0.8/java.lang.Thread.run(Thread.java:1583)
"c11f8a16-55ee-4f22-a5a5-7daf2dffa753-ChunkWriter-2-0" daemon prio=5 tid=895 in Object.wait()
java.lang.Thread.State: WAITING (on object monitor)
        at java.base@21.0.8/jdk.internal.misc.Unsafe.park(Native Method)
        at java.base@21.0.8/java.util.concurrent.locks.LockSupport.park(LockSupport.java:371)
        at java.base@21.0.8/java.util.concurrent.locks.AbstractQueuedSynchronizer$ConditionNode.block(AbstractQueuedSynchronizer.java:519)
        at java.base@21.0.8/java.util.concurrent.ForkJoinPool.unmanagedBlock(ForkJoinPool.java:3780)
        at java.base@21.0.8/java.util.concurrent.ForkJoinPool.managedBlock(ForkJoinPool.java:3725)
        at java.base@21.0.8/java.util.concurrent.locks.AbstractQueuedSynchronizer$ConditionObject.await(AbstractQueuedSynchronizer.java:1712)
        at java.base@21.0.8/java.util.concurrent.LinkedBlockingDeque.takeFirst(LinkedBlockingDeque.java:485)
        at java.base@21.0.8/java.util.concurrent.LinkedBlockingDeque.take(LinkedBlockingDeque.java:673)
        at java.base@21.0.8/java.util.concurrent.ThreadPoolExecutor.getTask(ThreadPoolExecutor.java:1070)
        at java.base@21.0.8/java.util.concurrent.ThreadPoolExecutor.runWorker(ThreadPoolExecutor.java:1130)
        at java.base@21.0.8/java.util.concurrent.ThreadPoolExecutor$Worker.run(ThreadPoolExecutor.java:642)
        at java.base@21.0.8/java.lang.Thread.runWith(Thread.java:1596)
        at java.base@21.0.8/java.lang.Thread.run(Thread.java:1583)
"Socket Reader #2 for port 15021" daemon prio=5 tid=729 runnable
java.lang.Thread.State: RUNNABLE
        at java.base@21.0.8/sun.nio.ch.EPoll.wait(Native Method)
        at java.base@21.0.8/sun.nio.ch.EPollSelectorImpl.doSelect(EPollSelectorImpl.java:121)
        at java.base@21.0.8/sun.nio.ch.SelectorImpl.lockAndDoSelect(SelectorImpl.java:130)
        at java.base@21.0.8/sun.nio.ch.SelectorImpl.select(SelectorImpl.java:147)
        at app//org.apache.hadoop.ipc.Server$Listener$Reader.doRunLoop(Server.java:1497)
        at app//org.apache.hadoop.ipc.Server$Listener$Reader.run(Server.java:1476)
"IPC Server handler 62 on default port 15001" daemon prio=5 tid=620 timed_waiting
java.lang.Thread.State: TIMED_WAITING
        at java.base@21.0.8/jdk.internal.misc.Unsafe.park(Native Method)
        at java.base@21.0.8/java.util.concurrent.locks.LockSupport.parkNanos(LockSupport.java:269)
        at java.base@21.0.8/java.util.concurrent.locks.AbstractQueuedSynchronizer$ConditionObject.awaitNanos(AbstractQueuedSynchronizer.java:1763)
        at java.base@21.0.8/java.util.concurrent.LinkedBlockingQueue.poll(LinkedBlockingQueue.java:460)
        at app//org.apache.hadoop.ipc.CallQueueManager.take(CallQueueManager.java:370)
        at app//org.apache.hadoop.ipc.Server$Handler.run(Server.java:3165)
"pool-65-thread-1"  prio=5 tid=1367 timed_waiting
java.lang.Thread.State: TIMED_WAITING
        at java.base@21.0.8/jdk.internal.misc.Unsafe.park(Native Method)
        at java.base@21.0.8/java.util.concurrent.locks.LockSupport.parkNanos(LockSupport.java:269)
        at java.base@21.0.8/java.util.concurrent.locks.AbstractQueuedSynchronizer$ConditionObject.awaitNanos(AbstractQueuedSynchronizer.java:1763)
        at java.base@21.0.8/java.util.concurrent.LinkedBlockingDeque.pollFirst(LinkedBlockingDeque.java:515)
        at java.base@21.0.8/java.util.concurrent.LinkedBlockingDeque.poll(LinkedBlockingDeque.java:677)
        at java.base@21.0.8/java.util.concurrent.ThreadPoolExecutor.getTask(ThreadPoolExecutor.java:1069)
        at java.base@21.0.8/java.util.concurrent.ThreadPoolExecutor.runWorker(ThreadPoolExecutor.java:1130)
        at java.base@21.0.8/java.util.concurrent.ThreadPoolExecutor$Worker.run(ThreadPoolExecutor.java:642)
        at java.base@21.0.8/java.lang.Thread.runWith(Thread.java:1596)
        at java.base@21.0.8/java.lang.Thread.run(Thread.java:1583)
"pool-180-thread-1"  prio=5 tid=763 timed_waiting
java.lang.Thread.State: TIMED_WAITING
        at java.base@21.0.8/jdk.internal.misc.Unsafe.park(Native Method)
        at java.base@21.0.8/java.util.concurrent.locks.LockSupport.parkNanos(LockSupport.java:269)
        at java.base@21.0.8/java.util.concurrent.locks.AbstractQueuedSynchronizer$ConditionObject.awaitNanos(AbstractQueuedSynchronizer.java:1763)
        at java.base@21.0.8/java.util.concurrent.ScheduledThreadPoolExecutor$DelayedWorkQueue.take(ScheduledThreadPoolExecutor.java:1182)
        at java.base@21.0.8/java.util.concurrent.ScheduledThreadPoolExecutor$DelayedWorkQueue.take(ScheduledThreadPoolExecutor.java:899)
        at java.base@21.0.8/java.util.concurrent.ThreadPoolExecutor.getTask(ThreadPoolExecutor.java:1070)
        at java.base@21.0.8/java.util.concurrent.ThreadPoolExecutor.runWorker(ThreadPoolExecutor.java:1130)
        at java.base@21.0.8/java.util.concurrent.ThreadPoolExecutor$Worker.run(ThreadPoolExecutor.java:642)
        at java.base@21.0.8/java.lang.Thread.runWith(Thread.java:1596)
        at java.base@21.0.8/java.lang.Thread.run(Thread.java:1583)
"IPC Server handler 15 on default port 15004" daemon prio=5 tid=353 timed_waiting
java.lang.Thread.State: TIMED_WAITING
        at java.base@21.0.8/jdk.internal.misc.Unsafe.park(Native Method)
        at java.base@21.0.8/java.util.concurrent.locks.LockSupport.parkNanos(LockSupport.java:269)
        at java.base@21.0.8/java.util.concurrent.locks.AbstractQueuedSynchronizer$ConditionObject.awaitNanos(AbstractQueuedSynchronizer.java:1763)
        at java.base@21.0.8/java.util.concurrent.LinkedBlockingQueue.poll(LinkedBlockingQueue.java:460)
        at app//org.apache.hadoop.ipc.CallQueueManager.take(CallQueueManager.java:370)
        at app//org.apache.hadoop.ipc.Server$Handler.run(Server.java:3165)
"IPC Server handler 63 on default port 15004" daemon prio=5 tid=401 timed_waiting
java.lang.Thread.State: TIMED_WAITING
        at java.base@21.0.8/jdk.internal.misc.Unsafe.park(Native Method)
        at java.base@21.0.8/java.util.concurrent.locks.LockSupport.parkNanos(LockSupport.java:269)
        at java.base@21.0.8/java.util.concurrent.locks.AbstractQueuedSynchronizer$ConditionObject.awaitNanos(AbstractQueuedSynchronizer.java:1763)
        at java.base@21.0.8/java.util.concurrent.LinkedBlockingQueue.poll(LinkedBlockingQueue.java:460)
        at app//org.apache.hadoop.ipc.CallQueueManager.take(CallQueueManager.java:370)
        at app//org.apache.hadoop.ipc.Server$Handler.run(Server.java:3165)
"qtp249078499-722" daemon prio=5 tid=722 timed_waiting
java.lang.Thread.State: TIMED_WAITING
        at java.base@21.0.8/jdk.internal.misc.Unsafe.park(Native Method)
        at java.base@21.0.8/java.util.concurrent.locks.LockSupport.parkNanos(LockSupport.java:269)
        at java.base@21.0.8/java.util.concurrent.locks.AbstractQueuedSynchronizer$ConditionObject.awaitNanos(AbstractQueuedSynchronizer.java:1763)
        at app//org.eclipse.jetty.util.BlockingArrayQueue.poll(BlockingArrayQueue.java:382)
        at app//org.eclipse.jetty.util.thread.QueuedThreadPool$Runner.idleJobPoll(QueuedThreadPool.java:974)
        at app//org.eclipse.jetty.util.thread.QueuedThreadPool$Runner.run(QueuedThreadPool.java:1018)
        at java.base@21.0.8/java.lang.Thread.runWith(Thread.java:1596)
        at java.base@21.0.8/java.lang.Thread.run(Thread.java:1583)
"IPC Server handler 97 on default port 15002" daemon prio=5 tid=217 timed_waiting
java.lang.Thread.State: TIMED_WAITING
        at java.base@21.0.8/jdk.internal.misc.Unsafe.park(Native Method)
        at java.base@21.0.8/java.util.concurrent.locks.LockSupport.parkNanos(LockSupport.java:269)
        at java.base@21.0.8/java.util.concurrent.locks.AbstractQueuedSynchronizer$ConditionObject.awaitNanos(AbstractQueuedSynchronizer.java:1763)
        at java.base@21.0.8/java.util.concurrent.LinkedBlockingQueue.poll(LinkedBlockingQueue.java:460)
        at app//org.apache.hadoop.ipc.CallQueueManager.take(CallQueueManager.java:370)
        at app//org.apache.hadoop.ipc.Server$Handler.run(Server.java:3165)
"SSL Certificates Store Monitor" daemon prio=5 tid=1372 terminated
java.lang.Thread.State: TERMINATED
        at java.base@21.0.8/java.lang.Object.wait0(Native Method)
        at java.base@21.0.8/java.lang.Object.wait(Object.java:366)
        at java.base@21.0.8/java.lang.Object.wait(Object.java:339)
        at java.base@21.0.8/java.util.TimerThread.mainLoop(Timer.java:537)
        at java.base@21.0.8/java.util.TimerThread.run(Timer.java:516)
"IPC Server handler 52 on default port 15003" daemon prio=5 tid=272 timed_waiting
java.lang.Thread.State: TIMED_WAITING
        at java.base@21.0.8/jdk.internal.misc.Unsafe.park(Native Method)
        at java.base@21.0.8/java.util.concurrent.locks.LockSupport.parkNanos(LockSupport.java:269)
        at java.base@21.0.8/java.util.concurrent.locks.AbstractQueuedSynchronizer$ConditionObject.awaitNanos(AbstractQueuedSynchronizer.java:1763)
        at java.base@21.0.8/java.util.concurrent.LinkedBlockingQueue.poll(LinkedBlockingQueue.java:460)
        at app//org.apache.hadoop.ipc.CallQueueManager.take(CallQueueManager.java:370)
        at app//org.apache.hadoop.ipc.Server$Handler.run(Server.java:3165)
"IPC Server handler 77 on default port 15004" daemon prio=5 tid=415 timed_waiting
java.lang.Thread.State: TIMED_WAITING
        at java.base@21.0.8/jdk.internal.misc.Unsafe.park(Native Method)
        at java.base@21.0.8/java.util.concurrent.locks.LockSupport.parkNanos(LockSupport.java:269)
        at java.base@21.0.8/java.util.concurrent.locks.AbstractQueuedSynchronizer$ConditionObject.awaitNanos(AbstractQueuedSynchronizer.java:1763)
        at java.base@21.0.8/java.util.concurrent.LinkedBlockingQueue.poll(LinkedBlockingQueue.java:460)
        at app//org.apache.hadoop.ipc.CallQueueManager.take(CallQueueManager.java:370)
        at app//org.apache.hadoop.ipc.Server$Handler.run(Server.java:3165)
"IPC Server handler 61 on default port 15001" daemon prio=5 tid=619 timed_waiting
java.lang.Thread.State: TIMED_WAITING
        at java.base@21.0.8/jdk.internal.misc.Unsafe.park(Native Method)
        at java.base@21.0.8/java.util.concurrent.locks.LockSupport.parkNanos(LockSupport.java:269)
        at java.base@21.0.8/java.util.concurrent.locks.AbstractQueuedSynchronizer$ConditionObject.awaitNanos(AbstractQueuedSynchronizer.java:1763)
        at java.base@21.0.8/java.util.concurrent.LinkedBlockingQueue.poll(LinkedBlockingQueue.java:460)
        at app//org.apache.hadoop.ipc.CallQueueManager.take(CallQueueManager.java:370)
        at app//org.apache.hadoop.ipc.Server$Handler.run(Server.java:3165)
"timer0" daemon prio=5 tid=1139 timed_waiting
java.lang.Thread.State: TIMED_WAITING
        at java.base@21.0.8/java.lang.Object.wait0(Native Method)
        at java.base@21.0.8/java.lang.Object.wait(Object.java:366)
        at java.base@21.0.8/java.util.TimerThread.mainLoop(Timer.java:563)
        at java.base@21.0.8/java.util.TimerThread.run(Timer.java:516)
"qtp133286137-484" daemon prio=5 tid=484 timed_waiting
java.lang.Thread.State: TIMED_WAITING
        at java.base@21.0.8/jdk.internal.misc.Unsafe.park(Native Method)
        at java.base@21.0.8/java.util.concurrent.locks.LockSupport.parkNanos(LockSupport.java:269)
        at java.base@21.0.8/java.util.concurrent.locks.AbstractQueuedSynchronizer$ConditionObject.awaitNanos(AbstractQueuedSynchronizer.java:1763)
        at app//org.eclipse.jetty.util.BlockingArrayQueue.poll(BlockingArrayQueue.java:382)
        at app//org.eclipse.jetty.util.thread.QueuedThreadPool$Runner.idleJobPoll(QueuedThreadPool.java:974)
        at app//org.eclipse.jetty.util.thread.QueuedThreadPool$Runner.run(QueuedThreadPool.java:1018)
        at java.base@21.0.8/java.lang.Thread.runWith(Thread.java:1596)
        at java.base@21.0.8/java.lang.Thread.run(Thread.java:1583)
"Socket Reader #5 for port 15029" daemon prio=5 tid=778 runnable
java.lang.Thread.State: RUNNABLE
        at java.base@21.0.8/sun.nio.ch.EPoll.wait(Native Method)
        at java.base@21.0.8/sun.nio.ch.EPollSelectorImpl.doSelect(EPollSelectorImpl.java:121)
        at java.base@21.0.8/sun.nio.ch.SelectorImpl.lockAndDoSelect(SelectorImpl.java:130)
        at java.base@21.0.8/sun.nio.ch.SelectorImpl.select(SelectorImpl.java:147)
        at app//org.apache.hadoop.ipc.Server$Listener$Reader.doRunLoop(Server.java:1497)
        at app//org.apache.hadoop.ipc.Server$Listener$Reader.run(Server.java:1476)
"Socket Reader #3 for port 15008" daemon prio=5 tid=452 runnable
java.lang.Thread.State: RUNNABLE
        at java.base@21.0.8/sun.nio.ch.EPoll.wait(Native Method)
        at java.base@21.0.8/sun.nio.ch.EPollSelectorImpl.doSelect(EPollSelectorImpl.java:121)
        at java.base@21.0.8/sun.nio.ch.SelectorImpl.lockAndDoSelect(SelectorImpl.java:130)
        at java.base@21.0.8/sun.nio.ch.SelectorImpl.select(SelectorImpl.java:147)
        at app//org.apache.hadoop.ipc.Server$Listener$Reader.doRunLoop(Server.java:1497)
        at app//org.apache.hadoop.ipc.Server$Listener$Reader.run(Server.java:1476)
"Hadoop-Metrics-Updater-0" daemon prio=5 tid=786 timed_waiting
java.lang.Thread.State: TIMED_WAITING
        at java.base@21.0.8/jdk.internal.misc.Unsafe.park(Native Method)
        at java.base@21.0.8/java.util.concurrent.locks.LockSupport.parkNanos(LockSupport.java:269)
        at java.base@21.0.8/java.util.concurrent.locks.AbstractQueuedSynchronizer$ConditionObject.awaitNanos(AbstractQueuedSynchronizer.java:1763)
        at java.base@21.0.8/java.util.concurrent.ScheduledThreadPoolExecutor$DelayedWorkQueue.take(ScheduledThreadPoolExecutor.java:1182)
        at java.base@21.0.8/java.util.concurrent.ScheduledThreadPoolExecutor$DelayedWorkQueue.take(ScheduledThreadPoolExecutor.java:899)
        at java.base@21.0.8/java.util.concurrent.ThreadPoolExecutor.getTask(ThreadPoolExecutor.java:1070)
        at java.base@21.0.8/java.util.concurrent.ThreadPoolExecutor.runWorker(ThreadPoolExecutor.java:1130)
        at java.base@21.0.8/java.util.concurrent.ThreadPoolExecutor$Worker.run(ThreadPoolExecutor.java:642)
        at java.base@21.0.8/java.lang.Thread.runWith(Thread.java:1596)
        at java.base@21.0.8/java.lang.Thread.run(Thread.java:1583)
"IPC Server idle connection scanner for port 15021" daemon prio=5 tid=738 timed_waiting
java.lang.Thread.State: TIMED_WAITING
        at java.base@21.0.8/java.lang.Object.wait0(Native Method)
        at java.base@21.0.8/java.lang.Object.wait(Object.java:366)
        at java.base@21.0.8/java.util.TimerThread.mainLoop(Timer.java:563)
        at java.base@21.0.8/java.util.TimerThread.run(Timer.java:516)
"fc0351b7-0c71-4a2a-a0ca-337e5c0b1c14-DatanodeStateMachineTaskThread-1"  prio=5 tid=980 in Object.wait()
java.lang.Thread.State: WAITING (on object monitor)
        at java.base@21.0.8/jdk.internal.misc.Unsafe.park(Native Method)
        at java.base@21.0.8/java.util.concurrent.locks.LockSupport.park(LockSupport.java:371)
        at java.base@21.0.8/java.util.concurrent.locks.AbstractQueuedSynchronizer$ConditionNode.block(AbstractQueuedSynchronizer.java:519)
        at java.base@21.0.8/java.util.concurrent.ForkJoinPool.unmanagedBlock(ForkJoinPool.java:3780)
        at java.base@21.0.8/java.util.concurrent.ForkJoinPool.managedBlock(ForkJoinPool.java:3725)
        at java.base@21.0.8/java.util.concurrent.locks.AbstractQueuedSynchronizer$ConditionObject.await(AbstractQueuedSynchronizer.java:1712)
        at java.base@21.0.8/java.util.concurrent.LinkedBlockingQueue.take(LinkedBlockingQueue.java:435)
        at java.base@21.0.8/java.util.concurrent.ThreadPoolExecutor.getTask(ThreadPoolExecutor.java:1070)
        at java.base@21.0.8/java.util.concurrent.ThreadPoolExecutor.runWorker(ThreadPoolExecutor.java:1130)
        at java.base@21.0.8/java.util.concurrent.ThreadPoolExecutor$Worker.run(ThreadPoolExecutor.java:642)
        at java.base@21.0.8/java.lang.Thread.runWith(Thread.java:1596)
        at java.base@21.0.8/java.lang.Thread.run(Thread.java:1583)
"LeakDetector-ManagedRocksObject0" daemon prio=5 tid=50 in Object.wait()
java.lang.Thread.State: WAITING (on object monitor)
        at java.base@21.0.8/jdk.internal.misc.Unsafe.park(Native Method)
        at java.base@21.0.8/java.util.concurrent.locks.LockSupport.park(LockSupport.java:371)
        at java.base@21.0.8/java.util.concurrent.locks.AbstractQueuedSynchronizer$ConditionNode.block(AbstractQueuedSynchronizer.java:519)
        at java.base@21.0.8/java.util.concurrent.ForkJoinPool.unmanagedBlock(ForkJoinPool.java:3780)
        at java.base@21.0.8/java.util.concurrent.ForkJoinPool.managedBlock(ForkJoinPool.java:3725)
        at java.base@21.0.8/java.util.concurrent.locks.AbstractQueuedSynchronizer$ConditionObject.await(AbstractQueuedSynchronizer.java:1712)
        at java.base@21.0.8/java.lang.ref.ReferenceQueue.await(ReferenceQueue.java:67)
        at java.base@21.0.8/java.lang.ref.ReferenceQueue.remove0(ReferenceQueue.java:158)
        at java.base@21.0.8/java.lang.ref.ReferenceQueue.remove(ReferenceQueue.java:234)
        at app//org.apache.hadoop.hdds.utils.LeakDetector.run(LeakDetector.java:79)
        at app//org.apache.hadoop.hdds.utils.LeakDetector$$Lambda/0x00007f9d6c495708.run(Unknown Source)
        at java.base@21.0.8/java.lang.Thread.runWith(Thread.java:1596)
        at java.base@21.0.8/java.lang.Thread.run(Thread.java:1583)
"Hadoop-Metrics-Updater-0" daemon prio=5 tid=88 timed_waiting
java.lang.Thread.State: TIMED_WAITING
        at java.base@21.0.8/jdk.internal.misc.Unsafe.park(Native Method)
        at java.base@21.0.8/java.util.concurrent.locks.LockSupport.parkNanos(LockSupport.java:269)
        at java.base@21.0.8/java.util.concurrent.locks.AbstractQueuedSynchronizer$ConditionObject.awaitNanos(AbstractQueuedSynchronizer.java:1763)
        at java.base@21.0.8/java.util.concurrent.ScheduledThreadPoolExecutor$DelayedWorkQueue.take(ScheduledThreadPoolExecutor.java:1182)
        at java.base@21.0.8/java.util.concurrent.ScheduledThreadPoolExecutor$DelayedWorkQueue.take(ScheduledThreadPoolExecutor.java:899)
        at java.base@21.0.8/java.util.concurrent.ThreadPoolExecutor.getTask(ThreadPoolExecutor.java:1070)
        at java.base@21.0.8/java.util.concurrent.ThreadPoolExecutor.runWorker(ThreadPoolExecutor.java:1130)
        at java.base@21.0.8/java.util.concurrent.ThreadPoolExecutor$Worker.run(ThreadPoolExecutor.java:642)
        at java.base@21.0.8/java.lang.Thread.runWith(Thread.java:1596)
        at java.base@21.0.8/java.lang.Thread.run(Thread.java:1583)
"c11f8a16-55ee-4f22-a5a5-7daf2dffa753-DataNodeDiskCheckerThread-0" daemon prio=5 tid=885 timed_waiting
java.lang.Thread.State: TIMED_WAITING
        at java.base@21.0.8/jdk.internal.misc.Unsafe.park(Native Method)
        at java.base@21.0.8/java.util.concurrent.locks.LockSupport.parkNanos(LockSupport.java:410)
        at java.base@21.0.8/java.util.concurrent.LinkedTransferQueue$DualNode.await(LinkedTransferQueue.java:452)
        at java.base@21.0.8/java.util.concurrent.SynchronousQueue$Transferer.xferLifo(SynchronousQueue.java:194)
        at java.base@21.0.8/java.util.concurrent.SynchronousQueue.xfer(SynchronousQueue.java:235)
        at java.base@21.0.8/java.util.concurrent.SynchronousQueue.poll(SynchronousQueue.java:338)
        at java.base@21.0.8/java.util.concurrent.ThreadPoolExecutor.getTask(ThreadPoolExecutor.java:1069)
        at java.base@21.0.8/java.util.concurrent.ThreadPoolExecutor.runWorker(ThreadPoolExecutor.java:1130)
        at java.base@21.0.8/java.util.concurrent.ThreadPoolExecutor$Worker.run(ThreadPoolExecutor.java:642)
        at java.base@21.0.8/java.lang.Thread.runWith(Thread.java:1596)
        at java.base@21.0.8/java.lang.Thread.run(Thread.java:1583)
"IPC Server handler 89 on default port 15003" daemon prio=5 tid=309 timed_waiting
java.lang.Thread.State: TIMED_WAITING
        at java.base@21.0.8/jdk.internal.misc.Unsafe.park(Native Method)
        at java.base@21.0.8/java.util.concurrent.locks.LockSupport.parkNanos(LockSupport.java:269)
        at java.base@21.0.8/java.util.concurrent.locks.AbstractQueuedSynchronizer$ConditionObject.awaitNanos(AbstractQueuedSynchronizer.java:1763)
        at java.base@21.0.8/java.util.concurrent.LinkedBlockingQueue.poll(LinkedBlockingQueue.java:460)
        at app//org.apache.hadoop.ipc.CallQueueManager.take(CallQueueManager.java:370)
        at app//org.apache.hadoop.ipc.Server$Handler.run(Server.java:3165)
"qtp1782170617-819-acceptor-0@cf064e5-ServerConnector@5b411843{HTTP/1.1, (http/1.1)}{0.0.0.0:15036}" daemon prio=3 tid=819 runnable
java.lang.Thread.State: RUNNABLE
        at java.base@21.0.8/sun.nio.ch.Net.accept(Native Method)
        at java.base@21.0.8/sun.nio.ch.ServerSocketChannelImpl.implAccept(ServerSocketChannelImpl.java:433)
        at java.base@21.0.8/sun.nio.ch.ServerSocketChannelImpl.accept(ServerSocketChannelImpl.java:399)
        at app//org.eclipse.jetty.server.ServerConnector.accept(ServerConnector.java:388)
        at app//org.eclipse.jetty.server.AbstractConnector$Acceptor.run(AbstractConnector.java:704)
        at app//org.eclipse.jetty.util.thread.QueuedThreadPool.runJob(QueuedThreadPool.java:883)
        at app//org.eclipse.jetty.util.thread.QueuedThreadPool$Runner.run(QueuedThreadPool.java:1034)
        at java.base@21.0.8/java.lang.Thread.runWith(Thread.java:1596)
        at java.base@21.0.8/java.lang.Thread.run(Thread.java:1583)
"IPC Server handler 11 on default port 15004" daemon prio=5 tid=349 timed_waiting
java.lang.Thread.State: TIMED_WAITING
        at java.base@21.0.8/jdk.internal.misc.Unsafe.park(Native Method)
        at java.base@21.0.8/java.util.concurrent.locks.LockSupport.parkNanos(LockSupport.java:269)
        at java.base@21.0.8/java.util.concurrent.locks.AbstractQueuedSynchronizer$ConditionObject.awaitNanos(AbstractQueuedSynchronizer.java:1763)
        at java.base@21.0.8/java.util.concurrent.LinkedBlockingQueue.poll(LinkedBlockingQueue.java:460)
        at app//org.apache.hadoop.ipc.CallQueueManager.take(CallQueueManager.java:370)
        at app//org.apache.hadoop.ipc.Server$Handler.run(Server.java:3165)
"Socket Reader #4 for port 15002" daemon prio=5 tid=93 runnable
java.lang.Thread.State: RUNNABLE
        at java.base@21.0.8/sun.nio.ch.EPoll.wait(Native Method)
        at java.base@21.0.8/sun.nio.ch.EPollSelectorImpl.doSelect(EPollSelectorImpl.java:121)
        at java.base@21.0.8/sun.nio.ch.SelectorImpl.lockAndDoSelect(SelectorImpl.java:130)
        at java.base@21.0.8/sun.nio.ch.SelectorImpl.select(SelectorImpl.java:147)
        at app//org.apache.hadoop.ipc.Server$Listener$Reader.doRunLoop(Server.java:1497)
        at app//org.apache.hadoop.ipc.Server$Listener$Reader.run(Server.java:1476)
"IPC Server handler 50 on default port 15003" daemon prio=5 tid=270 timed_waiting
java.lang.Thread.State: TIMED_WAITING
        at java.base@21.0.8/jdk.internal.misc.Unsafe.park(Native Method)
        at java.base@21.0.8/java.util.concurrent.locks.LockSupport.parkNanos(LockSupport.java:269)
        at java.base@21.0.8/java.util.concurrent.locks.AbstractQueuedSynchronizer$ConditionObject.awaitNanos(AbstractQueuedSynchronizer.java:1763)
        at java.base@21.0.8/java.util.concurrent.LinkedBlockingQueue.poll(LinkedBlockingQueue.java:460)
        at app//org.apache.hadoop.ipc.CallQueueManager.take(CallQueueManager.java:370)
        at app//org.apache.hadoop.ipc.Server$Handler.run(Server.java:3165)
"04372c61-9371-4ab6-9533-e94413dada7c@group-A668C086C089-SegmentedRaftLogWorker" daemon prio=5 tid=114 timed_waiting
java.lang.Thread.State: TIMED_WAITING
        at java.base@21.0.8/jdk.internal.misc.Unsafe.park(Native Method)
        at java.base@21.0.8/java.util.concurrent.locks.LockSupport.parkNanos(LockSupport.java:269)
        at java.base@21.0.8/java.util.concurrent.locks.AbstractQueuedSynchronizer$ConditionObject.awaitNanos(AbstractQueuedSynchronizer.java:1763)
        at app//org.apache.ratis.util.DataBlockingQueue.poll(DataBlockingQueue.java:148)
        at app//org.apache.ratis.server.raftlog.segmented.SegmentedRaftLogWorker.run(SegmentedRaftLogWorker.java:309)
        at app//org.apache.ratis.server.raftlog.segmented.SegmentedRaftLogWorker$$Lambda/0x00007f9d6c3946c0.run(Unknown Source)
        at java.base@21.0.8/java.util.concurrent.Executors$RunnableAdapter.call(Executors.java:572)
        at java.base@21.0.8/java.util.concurrent.FutureTask.run(FutureTask.java:317)
        at java.base@21.0.8/java.util.concurrent.ThreadPoolExecutor.runWorker(ThreadPoolExecutor.java:1144)
        at java.base@21.0.8/java.util.concurrent.ThreadPoolExecutor$Worker.run(ThreadPoolExecutor.java:642)
        at java.base@21.0.8/java.lang.Thread.runWith(Thread.java:1596)
        at java.base@21.0.8/java.lang.Thread.run(Thread.java:1583)
"qtp1181622455-550" daemon prio=5 tid=550 runnable
java.lang.Thread.State: RUNNABLE
        at java.base@21.0.8/sun.nio.ch.EPoll.wait(Native Method)
        at java.base@21.0.8/sun.nio.ch.EPollSelectorImpl.doSelect(EPollSelectorImpl.java:121)
        at java.base@21.0.8/sun.nio.ch.SelectorImpl.lockAndDoSelect(SelectorImpl.java:130)
        at java.base@21.0.8/sun.nio.ch.SelectorImpl.select(SelectorImpl.java:147)
        at app//org.eclipse.jetty.io.ManagedSelector.nioSelect(ManagedSelector.java:183)
        at app//org.eclipse.jetty.io.ManagedSelector.select(ManagedSelector.java:190)
        at app//org.eclipse.jetty.io.ManagedSelector$SelectorProducer.select(ManagedSelector.java:606)
        at app//org.eclipse.jetty.io.ManagedSelector$SelectorProducer.produce(ManagedSelector.java:543)
        at app//org.eclipse.jetty.util.thread.strategy.EatWhatYouKill.produceTask(EatWhatYouKill.java:362)
        at app//org.eclipse.jetty.util.thread.strategy.EatWhatYouKill.doProduce(EatWhatYouKill.java:186)
        at app//org.eclipse.jetty.util.thread.strategy.EatWhatYouKill.tryProduce(EatWhatYouKill.java:173)
        at app//org.eclipse.jetty.util.thread.strategy.EatWhatYouKill.run(EatWhatYouKill.java:131)
        at app//org.eclipse.jetty.util.thread.ReservedThreadExecutor$ReservedThread.run(ReservedThreadExecutor.java:409)
        at app//org.eclipse.jetty.util.thread.QueuedThreadPool.runJob(QueuedThreadPool.java:883)
        at app//org.eclipse.jetty.util.thread.QueuedThreadPool$Runner.run(QueuedThreadPool.java:1034)
        at java.base@21.0.8/java.lang.Thread.runWith(Thread.java:1596)
        at java.base@21.0.8/java.lang.Thread.run(Thread.java:1583)
"SSL Certificates Store Monitor" daemon prio=5 tid=1370 terminated
java.lang.Thread.State: TERMINATED
        at java.base@21.0.8/java.lang.Object.wait0(Native Method)
        at java.base@21.0.8/java.lang.Object.wait(Object.java:366)
        at java.base@21.0.8/java.lang.Object.wait(Object.java:339)
        at java.base@21.0.8/java.util.TimerThread.mainLoop(Timer.java:537)
        at java.base@21.0.8/java.util.TimerThread.run(Timer.java:516)
"ContainerDataScanner(/home/runner/work/ozone/ozone/hadoop-ozone/integration-test-recon/target/test-dir/MiniOzoneClusterImpl-b15909b8-03a8-4b15-aaa3-a668c086c089/ozone-metadata/datanode-2/data-0/hdds)" daemon prio=5 tid=890 timed_waiting
java.lang.Thread.State: TIMED_WAITING
        at java.base@21.0.8/java.lang.Thread.sleep0(Native Method)
        at java.base@21.0.8/java.lang.Thread.sleep(Thread.java:509)
        at app//org.apache.hadoop.ozone.container.ozoneimpl.AbstractBackgroundContainerScanner.handleRemainingSleep(AbstractBackgroundContainerScanner.java:133)
        at app//org.apache.hadoop.ozone.container.ozoneimpl.AbstractBackgroundContainerScanner.runIteration(AbstractBackgroundContainerScanner.java:100)
        at app//org.apache.hadoop.ozone.container.ozoneimpl.AbstractBackgroundContainerScanner.run(AbstractBackgroundContainerScanner.java:59)
        at java.base@21.0.8/java.lang.Thread.runWith(Thread.java:1596)
        at java.base@21.0.8/java.lang.Thread.run(Thread.java:1583)
"IPC Server handler 86 on default port 15002" daemon prio=5 tid=206 timed_waiting
java.lang.Thread.State: TIMED_WAITING
        at java.base@21.0.8/jdk.internal.misc.Unsafe.park(Native Method)
        at java.base@21.0.8/java.util.concurrent.locks.LockSupport.parkNanos(LockSupport.java:269)
        at java.base@21.0.8/java.util.concurrent.locks.AbstractQueuedSynchronizer$ConditionObject.awaitNanos(AbstractQueuedSynchronizer.java:1763)
        at java.base@21.0.8/java.util.concurrent.LinkedBlockingQueue.poll(LinkedBlockingQueue.java:460)
        at app//org.apache.hadoop.ipc.CallQueueManager.take(CallQueueManager.java:370)
        at app//org.apache.hadoop.ipc.Server$Handler.run(Server.java:3165)
"IPC Server handler 70 on default port 15003" daemon prio=5 tid=290 timed_waiting
java.lang.Thread.State: TIMED_WAITING
        at java.base@21.0.8/jdk.internal.misc.Unsafe.park(Native Method)
        at java.base@21.0.8/java.util.concurrent.locks.LockSupport.parkNanos(LockSupport.java:269)
        at java.base@21.0.8/java.util.concurrent.locks.AbstractQueuedSynchronizer$ConditionObject.awaitNanos(AbstractQueuedSynchronizer.java:1763)
        at java.base@21.0.8/java.util.concurrent.LinkedBlockingQueue.poll(LinkedBlockingQueue.java:460)
        at app//org.apache.hadoop.ipc.CallQueueManager.take(CallQueueManager.java:370)
        at app//org.apache.hadoop.ipc.Server$Handler.run(Server.java:3165)
"directoryTable_PartialTableCache-Cleanup-0" daemon prio=5 tid=1132 in Object.wait()
java.lang.Thread.State: WAITING (on object monitor)
        at java.base@21.0.8/jdk.internal.misc.Unsafe.park(Native Method)
        at java.base@21.0.8/java.util.concurrent.locks.LockSupport.park(LockSupport.java:371)
        at java.base@21.0.8/java.util.concurrent.locks.AbstractQueuedSynchronizer$ConditionNode.block(AbstractQueuedSynchronizer.java:519)
        at java.base@21.0.8/java.util.concurrent.ForkJoinPool.unmanagedBlock(ForkJoinPool.java:3780)
        at java.base@21.0.8/java.util.concurrent.ForkJoinPool.managedBlock(ForkJoinPool.java:3725)
        at java.base@21.0.8/java.util.concurrent.locks.AbstractQueuedSynchronizer$ConditionObject.await(AbstractQueuedSynchronizer.java:1712)
        at java.base@21.0.8/java.util.concurrent.LinkedBlockingQueue.take(LinkedBlockingQueue.java:435)
        at java.base@21.0.8/java.util.concurrent.ThreadPoolExecutor.getTask(ThreadPoolExecutor.java:1070)
        at java.base@21.0.8/java.util.concurrent.ThreadPoolExecutor.runWorker(ThreadPoolExecutor.java:1130)
        at java.base@21.0.8/java.util.concurrent.ThreadPoolExecutor$Worker.run(ThreadPoolExecutor.java:642)
        at java.base@21.0.8/java.lang.Thread.runWith(Thread.java:1596)
        at java.base@21.0.8/java.lang.Thread.run(Thread.java:1583)
"IPC Server handler 50 on default port 15004" daemon prio=5 tid=388 timed_waiting
java.lang.Thread.State: TIMED_WAITING
        at java.base@21.0.8/jdk.internal.misc.Unsafe.park(Native Method)
        at java.base@21.0.8/java.util.concurrent.locks.LockSupport.parkNanos(LockSupport.java:269)
        at java.base@21.0.8/java.util.concurrent.locks.AbstractQueuedSynchronizer$ConditionObject.awaitNanos(AbstractQueuedSynchronizer.java:1763)
        at java.base@21.0.8/java.util.concurrent.LinkedBlockingQueue.poll(LinkedBlockingQueue.java:460)
        at app//org.apache.hadoop.ipc.CallQueueManager.take(CallQueueManager.java:370)
        at app//org.apache.hadoop.ipc.Server$Handler.run(Server.java:3165)
"qtp1181622455-546-acceptor-0@6ba30e74-ServerConnector@3b1a041c{HTTP/1.1, (http/1.1)}{0.0.0.0:15000}" daemon prio=3 tid=546 runnable
java.lang.Thread.State: RUNNABLE
        at java.base@21.0.8/sun.nio.ch.Net.accept(Native Method)
        at java.base@21.0.8/sun.nio.ch.ServerSocketChannelImpl.implAccept(ServerSocketChannelImpl.java:433)
        at java.base@21.0.8/sun.nio.ch.ServerSocketChannelImpl.accept(ServerSocketChannelImpl.java:399)
        at app//org.eclipse.jetty.server.ServerConnector.accept(ServerConnector.java:388)
        at app//org.eclipse.jetty.server.AbstractConnector$Acceptor.run(AbstractConnector.java:704)
        at app//org.eclipse.jetty.util.thread.QueuedThreadPool.runJob(QueuedThreadPool.java:883)
        at app//org.eclipse.jetty.util.thread.QueuedThreadPool$Runner.run(QueuedThreadPool.java:1034)
        at java.base@21.0.8/java.lang.Thread.runWith(Thread.java:1596)
        at java.base@21.0.8/java.lang.Thread.run(Thread.java:1583)
"IPC Server handler 92 on default port 15003" daemon prio=5 tid=312 timed_waiting
java.lang.Thread.State: TIMED_WAITING
        at java.base@21.0.8/jdk.internal.misc.Unsafe.park(Native Method)
        at java.base@21.0.8/java.util.concurrent.locks.LockSupport.parkNanos(LockSupport.java:269)
        at java.base@21.0.8/java.util.concurrent.locks.AbstractQueuedSynchronizer$ConditionObject.awaitNanos(AbstractQueuedSynchronizer.java:1763)
        at java.base@21.0.8/java.util.concurrent.LinkedBlockingQueue.poll(LinkedBlockingQueue.java:460)
        at app//org.apache.hadoop.ipc.CallQueueManager.take(CallQueueManager.java:370)
        at app//org.apache.hadoop.ipc.Server$Handler.run(Server.java:3165)
"IPC Server handler 13 on default port 15003" daemon prio=5 tid=233 timed_waiting
java.lang.Thread.State: TIMED_WAITING
        at java.base@21.0.8/jdk.internal.misc.Unsafe.park(Native Method)
        at java.base@21.0.8/java.util.concurrent.locks.LockSupport.parkNanos(LockSupport.java:269)
        at java.base@21.0.8/java.util.concurrent.locks.AbstractQueuedSynchronizer$ConditionObject.awaitNanos(AbstractQueuedSynchronizer.java:1763)
        at java.base@21.0.8/java.util.concurrent.LinkedBlockingQueue.poll(LinkedBlockingQueue.java:460)
        at app//org.apache.hadoop.ipc.CallQueueManager.take(CallQueueManager.java:370)
        at app//org.apache.hadoop.ipc.Server$Handler.run(Server.java:3165)
"04372c61-9371-4ab6-9533-e94413dada7c@group-A668C086C089-cacheEviction-AwaitToRun" daemon prio=5 tid=113 in Object.wait()
java.lang.Thread.State: WAITING (on object monitor)
        at java.base@21.0.8/jdk.internal.misc.Unsafe.park(Native Method)
        at java.base@21.0.8/java.util.concurrent.locks.LockSupport.park(LockSupport.java:371)
        at java.base@21.0.8/java.util.concurrent.locks.AbstractQueuedSynchronizer$ConditionNode.block(AbstractQueuedSynchronizer.java:519)
        at java.base@21.0.8/java.util.concurrent.ForkJoinPool.unmanagedBlock(ForkJoinPool.java:3780)
        at java.base@21.0.8/java.util.concurrent.ForkJoinPool.managedBlock(ForkJoinPool.java:3725)
        at java.base@21.0.8/java.util.concurrent.locks.AbstractQueuedSynchronizer$ConditionObject.await(AbstractQueuedSynchronizer.java:1712)
        at app//org.apache.ratis.util.AwaitForSignal.await(AwaitForSignal.java:48)
        at app//org.apache.ratis.util.AwaitToRun$RunnableImpl.run(AwaitToRun.java:47)
        at java.base@21.0.8/java.lang.Thread.runWith(Thread.java:1596)
        at java.base@21.0.8/java.lang.Thread.run(Thread.java:1583)
"pool-73-thread-1"  prio=5 tid=517 timed_waiting
java.lang.Thread.State: TIMED_WAITING
        at java.base@21.0.8/jdk.internal.misc.Unsafe.park(Native Method)
        at java.base@21.0.8/java.util.concurrent.locks.LockSupport.parkNanos(LockSupport.java:269)
        at java.base@21.0.8/java.util.concurrent.locks.AbstractQueuedSynchronizer$ConditionObject.awaitNanos(AbstractQueuedSynchronizer.java:1763)
        at java.base@21.0.8/java.util.concurrent.ScheduledThreadPoolExecutor$DelayedWorkQueue.take(ScheduledThreadPoolExecutor.java:1182)
        at java.base@21.0.8/java.util.concurrent.ScheduledThreadPoolExecutor$DelayedWorkQueue.take(ScheduledThreadPoolExecutor.java:899)
        at java.base@21.0.8/java.util.concurrent.ThreadPoolExecutor.getTask(ThreadPoolExecutor.java:1070)
        at java.base@21.0.8/java.util.concurrent.ThreadPoolExecutor.runWorker(ThreadPoolExecutor.java:1130)
        at java.base@21.0.8/java.util.concurrent.ThreadPoolExecutor$Worker.run(ThreadPoolExecutor.java:642)
        at java.base@21.0.8/java.lang.Thread.runWith(Thread.java:1596)
        at java.base@21.0.8/java.lang.Thread.run(Thread.java:1583)
"IPC Server Responder" daemon prio=5 tid=461 runnable
java.lang.Thread.State: RUNNABLE
        at java.base@21.0.8/sun.nio.ch.EPoll.wait(Native Method)
        at java.base@21.0.8/sun.nio.ch.EPollSelectorImpl.doSelect(EPollSelectorImpl.java:121)
        at java.base@21.0.8/sun.nio.ch.SelectorImpl.lockAndDoSelect(SelectorImpl.java:130)
        at java.base@21.0.8/sun.nio.ch.SelectorImpl.select(SelectorImpl.java:142)
        at app//org.apache.hadoop.ipc.Server$Responder.doRunLoop(Server.java:1733)
        at app//org.apache.hadoop.ipc.Server$Responder.run(Server.java:1716)
"IPC Server handler 20 on default port 15001" daemon prio=5 tid=578 timed_waiting
java.lang.Thread.State: TIMED_WAITING
        at java.base@21.0.8/jdk.internal.misc.Unsafe.park(Native Method)
        at java.base@21.0.8/java.util.concurrent.locks.LockSupport.parkNanos(LockSupport.java:269)
        at java.base@21.0.8/java.util.concurrent.locks.AbstractQueuedSynchronizer$ConditionObject.awaitNanos(AbstractQueuedSynchronizer.java:1763)
        at java.base@21.0.8/java.util.concurrent.LinkedBlockingQueue.poll(LinkedBlockingQueue.java:460)
        at app//org.apache.hadoop.ipc.CallQueueManager.take(CallQueueManager.java:370)
        at app//org.apache.hadoop.ipc.Server$Handler.run(Server.java:3165)
"IPC Server handler 91 on default port 15003" daemon prio=5 tid=311 timed_waiting
java.lang.Thread.State: TIMED_WAITING
        at java.base@21.0.8/jdk.internal.misc.Unsafe.park(Native Method)
        at java.base@21.0.8/java.util.concurrent.locks.LockSupport.parkNanos(LockSupport.java:269)
        at java.base@21.0.8/java.util.concurrent.locks.AbstractQueuedSynchronizer$ConditionObject.awaitNanos(AbstractQueuedSynchronizer.java:1763)
        at java.base@21.0.8/java.util.concurrent.LinkedBlockingQueue.poll(LinkedBlockingQueue.java:460)
        at app//org.apache.hadoop.ipc.CallQueueManager.take(CallQueueManager.java:370)
        at app//org.apache.hadoop.ipc.Server$Handler.run(Server.java:3165)
"IPC Server handler 52 on default port 15002" daemon prio=5 tid=172 timed_waiting
java.lang.Thread.State: TIMED_WAITING
        at java.base@21.0.8/jdk.internal.misc.Unsafe.park(Native Method)
        at java.base@21.0.8/java.util.concurrent.locks.LockSupport.parkNanos(LockSupport.java:269)
        at java.base@21.0.8/java.util.concurrent.locks.AbstractQueuedSynchronizer$ConditionObject.awaitNanos(AbstractQueuedSynchronizer.java:1763)
        at java.base@21.0.8/java.util.concurrent.LinkedBlockingQueue.poll(LinkedBlockingQueue.java:460)
        at app//org.apache.hadoop.ipc.CallQueueManager.take(CallQueueManager.java:370)
        at app//org.apache.hadoop.ipc.Server$Handler.run(Server.java:3165)
"Socket Reader #8 for port 15037" daemon prio=5 tid=858 runnable
java.lang.Thread.State: RUNNABLE
        at java.base@21.0.8/sun.nio.ch.EPoll.wait(Native Method)
        at java.base@21.0.8/sun.nio.ch.EPollSelectorImpl.doSelect(EPollSelectorImpl.java:121)
        at java.base@21.0.8/sun.nio.ch.SelectorImpl.lockAndDoSelect(SelectorImpl.java:130)
        at java.base@21.0.8/sun.nio.ch.SelectorImpl.select(SelectorImpl.java:147)
        at app//org.apache.hadoop.ipc.Server$Listener$Reader.doRunLoop(Server.java:1497)
        at app//org.apache.hadoop.ipc.Server$Listener$Reader.run(Server.java:1476)
"grpc-default-executor-4" daemon prio=5 tid=1110 timed_waiting
java.lang.Thread.State: TIMED_WAITING
        at java.base@21.0.8/jdk.internal.misc.Unsafe.park(Native Method)
        at java.base@21.0.8/java.util.concurrent.locks.LockSupport.parkNanos(LockSupport.java:410)
        at java.base@21.0.8/java.util.concurrent.LinkedTransferQueue$DualNode.await(LinkedTransferQueue.java:452)
        at java.base@21.0.8/java.util.concurrent.SynchronousQueue$Transferer.xferLifo(SynchronousQueue.java:194)
        at java.base@21.0.8/java.util.concurrent.SynchronousQueue.xfer(SynchronousQueue.java:235)
        at java.base@21.0.8/java.util.concurrent.SynchronousQueue.poll(SynchronousQueue.java:338)
        at java.base@21.0.8/java.util.concurrent.ThreadPoolExecutor.getTask(ThreadPoolExecutor.java:1069)
        at java.base@21.0.8/java.util.concurrent.ThreadPoolExecutor.runWorker(ThreadPoolExecutor.java:1130)
        at java.base@21.0.8/java.util.concurrent.ThreadPoolExecutor$Worker.run(ThreadPoolExecutor.java:642)
        at java.base@21.0.8/java.lang.Thread.runWith(Thread.java:1596)
        at java.base@21.0.8/java.lang.Thread.run(Thread.java:1583)
"IPC Server handler 4 on default port 15003" daemon prio=5 tid=224 timed_waiting
java.lang.Thread.State: TIMED_WAITING
        at java.base@21.0.8/jdk.internal.misc.Unsafe.park(Native Method)
        at java.base@21.0.8/java.util.concurrent.locks.LockSupport.parkNanos(LockSupport.java:269)
        at java.base@21.0.8/java.util.concurrent.locks.AbstractQueuedSynchronizer$ConditionObject.awaitNanos(AbstractQueuedSynchronizer.java:1763)
        at java.base@21.0.8/java.util.concurrent.LinkedBlockingQueue.poll(LinkedBlockingQueue.java:460)
        at app//org.apache.hadoop.ipc.CallQueueManager.take(CallQueueManager.java:370)
        at app//org.apache.hadoop.ipc.Server$Handler.run(Server.java:3165)
"c11f8a16-55ee-4f22-a5a5-7daf2dffa753-ContainerReplicationThread-0" daemon prio=5 tid=1326 in Object.wait()
java.lang.Thread.State: WAITING (on object monitor)
        at java.base@21.0.8/jdk.internal.misc.Unsafe.park(Native Method)
        at java.base@21.0.8/java.util.concurrent.locks.LockSupport.park(LockSupport.java:371)
        at java.base@21.0.8/java.util.concurrent.locks.AbstractQueuedSynchronizer$ConditionNode.block(AbstractQueuedSynchronizer.java:519)
        at java.base@21.0.8/java.util.concurrent.ForkJoinPool.unmanagedBlock(ForkJoinPool.java:3780)
        at java.base@21.0.8/java.util.concurrent.ForkJoinPool.managedBlock(ForkJoinPool.java:3725)
        at java.base@21.0.8/java.util.concurrent.locks.AbstractQueuedSynchronizer$ConditionObject.await(AbstractQueuedSynchronizer.java:1712)
        at java.base@21.0.8/java.util.concurrent.PriorityBlockingQueue.take(PriorityBlockingQueue.java:535)
        at java.base@21.0.8/java.util.concurrent.ThreadPoolExecutor.getTask(ThreadPoolExecutor.java:1070)
        at java.base@21.0.8/java.util.concurrent.ThreadPoolExecutor.runWorker(ThreadPoolExecutor.java:1130)
        at java.base@21.0.8/java.util.concurrent.ThreadPoolExecutor$Worker.run(ThreadPoolExecutor.java:642)
        at java.base@21.0.8/java.lang.Thread.runWith(Thread.java:1596)
        at java.base@21.0.8/java.lang.Thread.run(Thread.java:1583)
"IPC Server handler 40 on default port 15002" daemon prio=5 tid=160 timed_waiting
java.lang.Thread.State: TIMED_WAITING
        at java.base@21.0.8/jdk.internal.misc.Unsafe.park(Native Method)
        at java.base@21.0.8/java.util.concurrent.locks.LockSupport.parkNanos(LockSupport.java:269)
        at java.base@21.0.8/java.util.concurrent.locks.AbstractQueuedSynchronizer$ConditionObject.awaitNanos(AbstractQueuedSynchronizer.java:1763)
        at java.base@21.0.8/java.util.concurrent.LinkedBlockingQueue.poll(LinkedBlockingQueue.java:460)
        at app//org.apache.hadoop.ipc.CallQueueManager.take(CallQueueManager.java:370)
        at app//org.apache.hadoop.ipc.Server$Handler.run(Server.java:3165)
"timer1" daemon prio=5 tid=1114 timed_waiting
java.lang.Thread.State: TIMED_WAITING
        at java.base@21.0.8/java.lang.Object.wait0(Native Method)
        at java.base@21.0.8/java.lang.Object.wait(Object.java:366)
        at java.base@21.0.8/java.util.TimerThread.mainLoop(Timer.java:563)
        at java.base@21.0.8/java.util.TimerThread.run(Timer.java:516)
"Recon-SyncOM-2"  prio=5 tid=1241 timed_waiting
java.lang.Thread.State: TIMED_WAITING
        at java.base@21.0.8/jdk.internal.misc.Unsafe.park(Native Method)
        at java.base@21.0.8/java.util.concurrent.locks.LockSupport.parkNanos(LockSupport.java:269)
        at java.base@21.0.8/java.util.concurrent.locks.AbstractQueuedSynchronizer$ConditionObject.awaitNanos(AbstractQueuedSynchronizer.java:1763)
        at java.base@21.0.8/java.util.concurrent.ScheduledThreadPoolExecutor$DelayedWorkQueue.take(ScheduledThreadPoolExecutor.java:1182)
        at java.base@21.0.8/java.util.concurrent.ScheduledThreadPoolExecutor$DelayedWorkQueue.take(ScheduledThreadPoolExecutor.java:899)
        at java.base@21.0.8/java.util.concurrent.ThreadPoolExecutor.getTask(ThreadPoolExecutor.java:1070)
        at java.base@21.0.8/java.util.concurrent.ThreadPoolExecutor.runWorker(ThreadPoolExecutor.java:1130)
        at java.base@21.0.8/java.util.concurrent.ThreadPoolExecutor$Worker.run(ThreadPoolExecutor.java:642)
        at java.base@21.0.8/java.lang.Thread.runWith(Thread.java:1596)
        at java.base@21.0.8/java.lang.Thread.run(Thread.java:1583)
"SSL Certificates Store Monitor" daemon prio=5 tid=1373 terminated
java.lang.Thread.State: TERMINATED
        at java.base@21.0.8/java.lang.Object.wait0(Native Method)
        at java.base@21.0.8/java.lang.Object.wait(Object.java:366)
        at java.base@21.0.8/java.lang.Object.wait(Object.java:339)
        at java.base@21.0.8/java.util.TimerThread.mainLoop(Timer.java:537)
        at java.base@21.0.8/java.util.TimerThread.run(Timer.java:516)
"Socket Reader #8 for port 15002" daemon prio=5 tid=97 runnable
java.lang.Thread.State: RUNNABLE
        at java.base@21.0.8/sun.nio.ch.EPoll.wait(Native Method)
        at java.base@21.0.8/sun.nio.ch.EPollSelectorImpl.doSelect(EPollSelectorImpl.java:121)
        at java.base@21.0.8/sun.nio.ch.SelectorImpl.lockAndDoSelect(SelectorImpl.java:130)
        at java.base@21.0.8/sun.nio.ch.SelectorImpl.select(SelectorImpl.java:147)
        at app//org.apache.hadoop.ipc.Server$Listener$Reader.doRunLoop(Server.java:1497)
        at app//org.apache.hadoop.ipc.Server$Listener$Reader.run(Server.java:1476)
"IPC Server handler 11 on default port 15002" daemon prio=5 tid=131 timed_waiting
java.lang.Thread.State: TIMED_WAITING
        at java.base@21.0.8/jdk.internal.misc.Unsafe.park(Native Method)
        at java.base@21.0.8/java.util.concurrent.locks.LockSupport.parkNanos(LockSupport.java:269)
        at java.base@21.0.8/java.util.concurrent.locks.AbstractQueuedSynchronizer$ConditionObject.awaitNanos(AbstractQueuedSynchronizer.java:1763)
        at java.base@21.0.8/java.util.concurrent.LinkedBlockingQueue.poll(LinkedBlockingQueue.java:460)
        at app//org.apache.hadoop.ipc.CallQueueManager.take(CallQueueManager.java:370)
        at app//org.apache.hadoop.ipc.Server$Handler.run(Server.java:3165)
"IPC Server handler 50 on default port 15001" daemon prio=5 tid=608 timed_waiting
java.lang.Thread.State: TIMED_WAITING
        at java.base@21.0.8/jdk.internal.misc.Unsafe.park(Native Method)
        at java.base@21.0.8/java.util.concurrent.locks.LockSupport.parkNanos(LockSupport.java:269)
        at java.base@21.0.8/java.util.concurrent.locks.AbstractQueuedSynchronizer$ConditionObject.awaitNanos(AbstractQueuedSynchronizer.java:1763)
        at java.base@21.0.8/java.util.concurrent.LinkedBlockingQueue.poll(LinkedBlockingQueue.java:460)
        at app//org.apache.hadoop.ipc.CallQueueManager.take(CallQueueManager.java:370)
        at app//org.apache.hadoop.ipc.Server$Handler.run(Server.java:3165)
"IPC Server handler 76 on default port 15004" daemon prio=5 tid=414 timed_waiting
java.lang.Thread.State: TIMED_WAITING
        at java.base@21.0.8/jdk.internal.misc.Unsafe.park(Native Method)
        at java.base@21.0.8/java.util.concurrent.locks.LockSupport.parkNanos(LockSupport.java:269)
        at java.base@21.0.8/java.util.concurrent.locks.AbstractQueuedSynchronizer$ConditionObject.awaitNanos(AbstractQueuedSynchronizer.java:1763)
        at java.base@21.0.8/java.util.concurrent.LinkedBlockingQueue.poll(LinkedBlockingQueue.java:460)
        at app//org.apache.hadoop.ipc.CallQueueManager.take(CallQueueManager.java:370)
        at app//org.apache.hadoop.ipc.Server$Handler.run(Server.java:3165)
"EventQueue-OpenPipelineForHealthyPipelineSafeModeRule" daemon prio=5 tid=1035 in Object.wait()
java.lang.Thread.State: WAITING (on object monitor)
        at java.base@21.0.8/jdk.internal.misc.Unsafe.park(Native Method)
        at java.base@21.0.8/java.util.concurrent.locks.LockSupport.park(LockSupport.java:371)
        at java.base@21.0.8/java.util.concurrent.locks.AbstractQueuedSynchronizer$ConditionNode.block(AbstractQueuedSynchronizer.java:519)
        at java.base@21.0.8/java.util.concurrent.ForkJoinPool.unmanagedBlock(ForkJoinPool.java:3780)
        at java.base@21.0.8/java.util.concurrent.ForkJoinPool.managedBlock(ForkJoinPool.java:3725)
        at java.base@21.0.8/java.util.concurrent.locks.AbstractQueuedSynchronizer$ConditionObject.await(AbstractQueuedSynchronizer.java:1712)
        at java.base@21.0.8/java.util.concurrent.LinkedBlockingQueue.take(LinkedBlockingQueue.java:435)
        at java.base@21.0.8/java.util.concurrent.ThreadPoolExecutor.getTask(ThreadPoolExecutor.java:1070)
        at java.base@21.0.8/java.util.concurrent.ThreadPoolExecutor.runWorker(ThreadPoolExecutor.java:1130)
        at java.base@21.0.8/java.util.concurrent.ThreadPoolExecutor$Worker.run(ThreadPoolExecutor.java:642)
        at java.base@21.0.8/java.lang.Thread.runWith(Thread.java:1596)
        at java.base@21.0.8/java.lang.Thread.run(Thread.java:1583)
"7d2db622-5327-4122-ba03-be97b5575303-NettyServerStreamRpc-bossGroup--thread1" daemon prio=5 tid=760 runnable
java.lang.Thread.State: RUNNABLE
        at app//org.apache.ratis.thirdparty.io.netty.channel.epoll.Native.epollWait(Native Method)
        at app//org.apache.ratis.thirdparty.io.netty.channel.epoll.Native.epollWait(Native.java:220)
        at app//org.apache.ratis.thirdparty.io.netty.channel.epoll.Native.epollWait(Native.java:213)
        at app//org.apache.ratis.thirdparty.io.netty.channel.epoll.EpollEventLoop.epollWaitNoTimerChange(EpollEventLoop.java:308)
        at app//org.apache.ratis.thirdparty.io.netty.channel.epoll.EpollEventLoop.run(EpollEventLoop.java:365)
        at app//org.apache.ratis.thirdparty.io.netty.util.concurrent.SingleThreadEventExecutor$4.run(SingleThreadEventExecutor.java:998)
        at app//org.apache.ratis.thirdparty.io.netty.util.internal.ThreadExecutorMap$2.run(ThreadExecutorMap.java:74)
        at java.base@21.0.8/java.lang.Thread.runWith(Thread.java:1596)
        at java.base@21.0.8/java.lang.Thread.run(Thread.java:1583)
"IPC Server handler 65 on default port 15002" daemon prio=5 tid=185 timed_waiting
java.lang.Thread.State: TIMED_WAITING
        at java.base@21.0.8/jdk.internal.misc.Unsafe.park(Native Method)
        at java.base@21.0.8/java.util.concurrent.locks.LockSupport.parkNanos(LockSupport.java:269)
        at java.base@21.0.8/java.util.concurrent.locks.AbstractQueuedSynchronizer$ConditionObject.awaitNanos(AbstractQueuedSynchronizer.java:1763)
        at java.base@21.0.8/java.util.concurrent.LinkedBlockingQueue.poll(LinkedBlockingQueue.java:460)
        at app//org.apache.hadoop.ipc.CallQueueManager.take(CallQueueManager.java:370)
        at app//org.apache.hadoop.ipc.Server$Handler.run(Server.java:3165)
"qtp1181622455-547" daemon prio=5 tid=547 timed_waiting
java.lang.Thread.State: TIMED_WAITING
        at java.base@21.0.8/jdk.internal.misc.Unsafe.park(Native Method)
        at java.base@21.0.8/java.util.concurrent.locks.LockSupport.parkNanos(LockSupport.java:410)
        at java.base@21.0.8/java.util.concurrent.LinkedTransferQueue$DualNode.await(LinkedTransferQueue.java:452)
        at java.base@21.0.8/java.util.concurrent.SynchronousQueue$Transferer.xferLifo(SynchronousQueue.java:194)
        at java.base@21.0.8/java.util.concurrent.SynchronousQueue.xfer(SynchronousQueue.java:235)
        at java.base@21.0.8/java.util.concurrent.SynchronousQueue.poll(SynchronousQueue.java:338)
        at app//org.eclipse.jetty.util.thread.ReservedThreadExecutor$ReservedThread.reservedWait(ReservedThreadExecutor.java:324)
        at app//org.eclipse.jetty.util.thread.ReservedThreadExecutor$ReservedThread.run(ReservedThreadExecutor.java:399)
        at app//org.eclipse.jetty.util.thread.QueuedThreadPool.runJob(QueuedThreadPool.java:883)
        at app//org.eclipse.jetty.util.thread.QueuedThreadPool$Runner.run(QueuedThreadPool.java:1034)
        at java.base@21.0.8/java.lang.Thread.runWith(Thread.java:1596)
        at java.base@21.0.8/java.lang.Thread.run(Thread.java:1583)
"IPC Server handler 76 on default port 15002" daemon prio=5 tid=196 timed_waiting
java.lang.Thread.State: TIMED_WAITING
        at java.base@21.0.8/jdk.internal.misc.Unsafe.park(Native Method)
        at java.base@21.0.8/java.util.concurrent.locks.LockSupport.parkNanos(LockSupport.java:269)
        at java.base@21.0.8/java.util.concurrent.locks.AbstractQueuedSynchronizer$ConditionObject.awaitNanos(AbstractQueuedSynchronizer.java:1763)
        at java.base@21.0.8/java.util.concurrent.LinkedBlockingQueue.poll(LinkedBlockingQueue.java:460)
        at app//org.apache.hadoop.ipc.CallQueueManager.take(CallQueueManager.java:370)
        at app//org.apache.hadoop.ipc.Server$Handler.run(Server.java:3165)
"IPC Server handler 25 on default port 15003" daemon prio=5 tid=245 timed_waiting
java.lang.Thread.State: TIMED_WAITING
        at java.base@21.0.8/jdk.internal.misc.Unsafe.park(Native Method)
        at java.base@21.0.8/java.util.concurrent.locks.LockSupport.parkNanos(LockSupport.java:269)
        at java.base@21.0.8/java.util.concurrent.locks.AbstractQueuedSynchronizer$ConditionObject.awaitNanos(AbstractQueuedSynchronizer.java:1763)
        at java.base@21.0.8/java.util.concurrent.LinkedBlockingQueue.poll(LinkedBlockingQueue.java:460)
        at app//org.apache.hadoop.ipc.CallQueueManager.take(CallQueueManager.java:370)
        at app//org.apache.hadoop.ipc.Server$Handler.run(Server.java:3165)
"IPC Server handler 80 on default port 15003" daemon prio=5 tid=300 timed_waiting
java.lang.Thread.State: TIMED_WAITING
        at java.base@21.0.8/jdk.internal.misc.Unsafe.park(Native Method)
        at java.base@21.0.8/java.util.concurrent.locks.LockSupport.parkNanos(LockSupport.java:269)
        at java.base@21.0.8/java.util.concurrent.locks.AbstractQueuedSynchronizer$ConditionObject.awaitNanos(AbstractQueuedSynchronizer.java:1763)
        at java.base@21.0.8/java.util.concurrent.LinkedBlockingQueue.poll(LinkedBlockingQueue.java:460)
        at app//org.apache.hadoop.ipc.CallQueueManager.take(CallQueueManager.java:370)
        at app//org.apache.hadoop.ipc.Server$Handler.run(Server.java:3165)
"74afb32b-8e70-4799-b16c-dc9602d9dbb6@group-F9E79CCFDB91-SegmentedRaftLogWorker"  prio=5 tid=1042 timed_waiting
java.lang.Thread.State: TIMED_WAITING
        at java.base@21.0.8/jdk.internal.misc.Unsafe.park(Native Method)
        at java.base@21.0.8/java.util.concurrent.locks.LockSupport.parkNanos(LockSupport.java:269)
        at java.base@21.0.8/java.util.concurrent.locks.AbstractQueuedSynchronizer$ConditionObject.awaitNanos(AbstractQueuedSynchronizer.java:1763)
        at app//org.apache.ratis.util.DataBlockingQueue.poll(DataBlockingQueue.java:148)
        at app//org.apache.ratis.server.raftlog.segmented.SegmentedRaftLogWorker.run(SegmentedRaftLogWorker.java:309)
        at app//org.apache.ratis.server.raftlog.segmented.SegmentedRaftLogWorker$$Lambda/0x00007f9d6c3946c0.run(Unknown Source)
        at java.base@21.0.8/java.util.concurrent.Executors$RunnableAdapter.call(Executors.java:572)
        at java.base@21.0.8/java.util.concurrent.FutureTask.run(FutureTask.java:317)
        at java.base@21.0.8/java.util.concurrent.ThreadPoolExecutor.runWorker(ThreadPoolExecutor.java:1144)
        at java.base@21.0.8/java.util.concurrent.ThreadPoolExecutor$Worker.run(ThreadPoolExecutor.java:642)
        at java.base@21.0.8/java.lang.Thread.runWith(Thread.java:1596)
        at java.base@21.0.8/java.lang.Thread.run(Thread.java:1583)
"qtp133286137-483" daemon prio=5 tid=483 runnable
java.lang.Thread.State: RUNNABLE
        at java.base@21.0.8/sun.nio.ch.EPoll.wait(Native Method)
        at java.base@21.0.8/sun.nio.ch.EPollSelectorImpl.doSelect(EPollSelectorImpl.java:121)
        at java.base@21.0.8/sun.nio.ch.SelectorImpl.lockAndDoSelect(SelectorImpl.java:130)
        at java.base@21.0.8/sun.nio.ch.SelectorImpl.select(SelectorImpl.java:147)
        at app//org.eclipse.jetty.io.ManagedSelector.nioSelect(ManagedSelector.java:183)
        at app//org.eclipse.jetty.io.ManagedSelector.select(ManagedSelector.java:190)
        at app//org.eclipse.jetty.io.ManagedSelector$SelectorProducer.select(ManagedSelector.java:606)
        at app//org.eclipse.jetty.io.ManagedSelector$SelectorProducer.produce(ManagedSelector.java:543)
        at app//org.eclipse.jetty.util.thread.strategy.EatWhatYouKill.produceTask(EatWhatYouKill.java:362)
        at app//org.eclipse.jetty.util.thread.strategy.EatWhatYouKill.doProduce(EatWhatYouKill.java:186)
        at app//org.eclipse.jetty.util.thread.strategy.EatWhatYouKill.tryProduce(EatWhatYouKill.java:173)
        at app//org.eclipse.jetty.util.thread.strategy.EatWhatYouKill.produce(EatWhatYouKill.java:137)
        at app//org.eclipse.jetty.io.ManagedSelector$$Lambda/0x00007f9d6c6e5f08.run(Unknown Source)
        at app//org.eclipse.jetty.util.thread.QueuedThreadPool.runJob(QueuedThreadPool.java:883)
        at app//org.eclipse.jetty.util.thread.QueuedThreadPool$Runner.run(QueuedThreadPool.java:1034)
        at java.base@21.0.8/java.lang.Thread.runWith(Thread.java:1596)
        at java.base@21.0.8/java.lang.Thread.run(Thread.java:1583)
"IPC Server handler 90 on default port 15003" daemon prio=5 tid=310 timed_waiting
java.lang.Thread.State: TIMED_WAITING
        at java.base@21.0.8/jdk.internal.misc.Unsafe.park(Native Method)
        at java.base@21.0.8/java.util.concurrent.locks.LockSupport.parkNanos(LockSupport.java:269)
        at java.base@21.0.8/java.util.concurrent.locks.AbstractQueuedSynchronizer$ConditionObject.awaitNanos(AbstractQueuedSynchronizer.java:1763)
        at java.base@21.0.8/java.util.concurrent.LinkedBlockingQueue.poll(LinkedBlockingQueue.java:460)
        at app//org.apache.hadoop.ipc.CallQueueManager.take(CallQueueManager.java:370)
        at app//org.apache.hadoop.ipc.Server$Handler.run(Server.java:3165)
"DiskUsage-/home/runner/work/ozone/ozone/hadoop-ozone/integration-test-recon/target/test-dir/MiniOzoneClusterImpl-b15909b8-03a8-4b15-aaa3-a668c086c089/ozone-metadata/datanode-2/ratis-
" daemon prio=5 tid=888 timed_waiting
java.lang.Thread.State: TIMED_WAITING
        at java.base@21.0.8/jdk.internal.misc.Unsafe.park(Native Method)
        at java.base@21.0.8/java.util.concurrent.locks.LockSupport.parkNanos(LockSupport.java:269)
        at java.base@21.0.8/java.util.concurrent.locks.AbstractQueuedSynchronizer$ConditionObject.awaitNanos(AbstractQueuedSynchronizer.java:1763)
        at java.base@21.0.8/java.util.concurrent.ScheduledThreadPoolExecutor$DelayedWorkQueue.take(ScheduledThreadPoolExecutor.java:1182)
        at java.base@21.0.8/java.util.concurrent.ScheduledThreadPoolExecutor$DelayedWorkQueue.take(ScheduledThreadPoolExecutor.java:899)
        at java.base@21.0.8/java.util.concurrent.ThreadPoolExecutor.getTask(ThreadPoolExecutor.java:1070)
        at java.base@21.0.8/java.util.concurrent.ThreadPoolExecutor.runWorker(ThreadPoolExecutor.java:1130)
        at java.base@21.0.8/java.util.concurrent.ThreadPoolExecutor$Worker.run(ThreadPoolExecutor.java:642)
        at java.base@21.0.8/java.lang.Thread.runWith(Thread.java:1596)
        at java.base@21.0.8/java.lang.Thread.run(Thread.java:1583)
"qtp473358662-912" daemon prio=5 tid=912 timed_waiting
java.lang.Thread.State: TIMED_WAITING
        at java.base@21.0.8/jdk.internal.misc.Unsafe.park(Native Method)
        at java.base@21.0.8/java.util.concurrent.locks.LockSupport.parkNanos(LockSupport.java:269)
        at java.base@21.0.8/java.util.concurrent.locks.AbstractQueuedSynchronizer$ConditionObject.awaitNanos(AbstractQueuedSynchronizer.java:1763)
        at app//org.eclipse.jetty.util.BlockingArrayQueue.poll(BlockingArrayQueue.java:382)
        at app//org.eclipse.jetty.util.thread.QueuedThreadPool$Runner.idleJobPoll(QueuedThreadPool.java:974)
        at app//org.eclipse.jetty.util.thread.QueuedThreadPool$Runner.run(QueuedThreadPool.java:1018)
        at java.base@21.0.8/java.lang.Thread.runWith(Thread.java:1596)
        at java.base@21.0.8/java.lang.Thread.run(Thread.java:1583)
"Socket Reader #1 for port 15002" daemon prio=5 tid=90 runnable
java.lang.Thread.State: RUNNABLE
        at java.base@21.0.8/sun.nio.ch.EPoll.wait(Native Method)
        at java.base@21.0.8/sun.nio.ch.EPollSelectorImpl.doSelect(EPollSelectorImpl.java:121)
        at java.base@21.0.8/sun.nio.ch.SelectorImpl.lockAndDoSelect(SelectorImpl.java:130)
        at java.base@21.0.8/sun.nio.ch.SelectorImpl.select(SelectorImpl.java:147)
        at app//org.apache.hadoop.ipc.Server$Listener$Reader.doRunLoop(Server.java:1497)
        at app//org.apache.hadoop.ipc.Server$Listener$Reader.run(Server.java:1476)
"qtp473358662-909-acceptor-0@57125c1-ServerConnector@5ac1074b{HTTP/1.1, (http/1.1)}{0.0.0.0:15044}" daemon prio=3 tid=909 runnable
java.lang.Thread.State: RUNNABLE
        at java.base@21.0.8/sun.nio.ch.Net.accept(Native Method)
        at java.base@21.0.8/sun.nio.ch.ServerSocketChannelImpl.implAccept(ServerSocketChannelImpl.java:433)
        at java.base@21.0.8/sun.nio.ch.ServerSocketChannelImpl.accept(ServerSocketChannelImpl.java:399)
        at app//org.eclipse.jetty.server.ServerConnector.accept(ServerConnector.java:388)
        at app//org.eclipse.jetty.server.AbstractConnector$Acceptor.run(AbstractConnector.java:704)
        at app//org.eclipse.jetty.util.thread.QueuedThreadPool.runJob(QueuedThreadPool.java:883)
        at app//org.eclipse.jetty.util.thread.QueuedThreadPool$Runner.run(QueuedThreadPool.java:1034)
        at java.base@21.0.8/java.lang.Thread.runWith(Thread.java:1596)
        at java.base@21.0.8/java.lang.Thread.run(Thread.java:1583)
"IPC Server handler 5 on default port 15004" daemon prio=5 tid=343 timed_waiting
java.lang.Thread.State: TIMED_WAITING
        at java.base@21.0.8/jdk.internal.misc.Unsafe.park(Native Method)
        at java.base@21.0.8/java.util.concurrent.locks.LockSupport.parkNanos(LockSupport.java:269)
        at java.base@21.0.8/java.util.concurrent.locks.AbstractQueuedSynchronizer$ConditionObject.awaitNanos(AbstractQueuedSynchronizer.java:1763)
        at java.base@21.0.8/java.util.concurrent.LinkedBlockingQueue.poll(LinkedBlockingQueue.java:460)
        at app//org.apache.hadoop.ipc.CallQueueManager.take(CallQueueManager.java:370)
        at app//org.apache.hadoop.ipc.Server$Handler.run(Server.java:3165)
"IPC Server handler 36 on default port 15004" daemon prio=5 tid=374 timed_waiting
java.lang.Thread.State: TIMED_WAITING
        at java.base@21.0.8/jdk.internal.misc.Unsafe.park(Native Method)
        at java.base@21.0.8/java.util.concurrent.locks.LockSupport.parkNanos(LockSupport.java:269)
        at java.base@21.0.8/java.util.concurrent.locks.AbstractQueuedSynchronizer$ConditionObject.awaitNanos(AbstractQueuedSynchronizer.java:1763)
        at java.base@21.0.8/java.util.concurrent.LinkedBlockingQueue.poll(LinkedBlockingQueue.java:460)
        at app//org.apache.hadoop.ipc.CallQueueManager.take(CallQueueManager.java:370)
        at app//org.apache.hadoop.ipc.Server$Handler.run(Server.java:3165)
"IPC Server handler 58 on default port 15002" daemon prio=5 tid=178 timed_waiting
java.lang.Thread.State: TIMED_WAITING
        at java.base@21.0.8/jdk.internal.misc.Unsafe.park(Native Method)
        at java.base@21.0.8/java.util.concurrent.locks.LockSupport.parkNanos(LockSupport.java:269)
        at java.base@21.0.8/java.util.concurrent.locks.AbstractQueuedSynchronizer$ConditionObject.awaitNanos(AbstractQueuedSynchronizer.java:1763)
        at java.base@21.0.8/java.util.concurrent.LinkedBlockingQueue.poll(LinkedBlockingQueue.java:460)
        at app//org.apache.hadoop.ipc.CallQueueManager.take(CallQueueManager.java:370)
        at app//org.apache.hadoop.ipc.Server$Handler.run(Server.java:3165)
"7d2db622-5327-4122-ba03-be97b5575303-ChunkWriter-3-0" daemon prio=5 tid=972 in Object.wait()
java.lang.Thread.State: WAITING (on object monitor)
        at java.base@21.0.8/jdk.internal.misc.Unsafe.park(Native Method)
        at java.base@21.0.8/java.util.concurrent.locks.LockSupport.park(LockSupport.java:371)
        at java.base@21.0.8/java.util.concurrent.locks.AbstractQueuedSynchronizer$ConditionNode.block(AbstractQueuedSynchronizer.java:519)
        at java.base@21.0.8/java.util.concurrent.ForkJoinPool.unmanagedBlock(ForkJoinPool.java:3780)
        at java.base@21.0.8/java.util.concurrent.ForkJoinPool.managedBlock(ForkJoinPool.java:3725)
        at java.base@21.0.8/java.util.concurrent.locks.AbstractQueuedSynchronizer$ConditionObject.await(AbstractQueuedSynchronizer.java:1712)
        at java.base@21.0.8/java.util.concurrent.LinkedBlockingDeque.takeFirst(LinkedBlockingDeque.java:485)
        at java.base@21.0.8/java.util.concurrent.LinkedBlockingDeque.take(LinkedBlockingDeque.java:673)
        at java.base@21.0.8/java.util.concurrent.ThreadPoolExecutor.getTask(ThreadPoolExecutor.java:1070)
        at java.base@21.0.8/java.util.concurrent.ThreadPoolExecutor.runWorker(ThreadPoolExecutor.java:1130)
        at java.base@21.0.8/java.util.concurrent.ThreadPoolExecutor$Worker.run(ThreadPoolExecutor.java:642)
        at java.base@21.0.8/java.lang.Thread.runWith(Thread.java:1596)
        at java.base@21.0.8/java.lang.Thread.run(Thread.java:1583)
"IPC Server handler 97 on default port 15001" daemon prio=5 tid=655 timed_waiting
java.lang.Thread.State: TIMED_WAITING
        at java.base@21.0.8/jdk.internal.misc.Unsafe.park(Native Method)
        at java.base@21.0.8/java.util.concurrent.locks.LockSupport.parkNanos(LockSupport.java:269)
        at java.base@21.0.8/java.util.concurrent.locks.AbstractQueuedSynchronizer$ConditionObject.awaitNanos(AbstractQueuedSynchronizer.java:1763)
        at java.base@21.0.8/java.util.concurrent.LinkedBlockingQueue.poll(LinkedBlockingQueue.java:460)
        at app//org.apache.hadoop.ipc.CallQueueManager.take(CallQueueManager.java:370)
        at app//org.apache.hadoop.ipc.Server$Handler.run(Server.java:3165)
"derby.rawStoreDaemon" daemon prio=5 tid=514 timed_waiting
java.lang.Thread.State: TIMED_WAITING
        at java.base@21.0.8/java.lang.Object.wait0(Native Method)
        at java.base@21.0.8/java.lang.Object.wait(Object.java:366)
        at app//org.apache.derby.impl.services.daemon.BasicDaemon.rest(Unknown Source)
        at app//org.apache.derby.impl.services.daemon.BasicDaemon.run(Unknown Source)
        at java.base@21.0.8/java.lang.Thread.runWith(Thread.java:1596)
        at java.base@21.0.8/java.lang.Thread.run(Thread.java:1583)
"Session-HouseKeeper-62841436-1"  prio=5 tid=915 timed_waiting
java.lang.Thread.State: TIMED_WAITING
        at java.base@21.0.8/jdk.internal.misc.Unsafe.park(Native Method)
        at java.base@21.0.8/java.util.concurrent.locks.LockSupport.parkNanos(LockSupport.java:269)
        at java.base@21.0.8/java.util.concurrent.locks.AbstractQueuedSynchronizer$ConditionObject.awaitNanos(AbstractQueuedSynchronizer.java:1763)
        at java.base@21.0.8/java.util.concurrent.ScheduledThreadPoolExecutor$DelayedWorkQueue.take(ScheduledThreadPoolExecutor.java:1182)
        at java.base@21.0.8/java.util.concurrent.ScheduledThreadPoolExecutor$DelayedWorkQueue.take(ScheduledThreadPoolExecutor.java:899)
        at java.base@21.0.8/java.util.concurrent.ThreadPoolExecutor.getTask(ThreadPoolExecutor.java:1070)
        at java.base@21.0.8/java.util.concurrent.ThreadPoolExecutor.runWorker(ThreadPoolExecutor.java:1130)
        at java.base@21.0.8/java.util.concurrent.ThreadPoolExecutor$Worker.run(ThreadPoolExecutor.java:642)
        at java.base@21.0.8/java.lang.Thread.runWith(Thread.java:1596)
        at java.base@21.0.8/java.lang.Thread.run(Thread.java:1583)
"IPC Server handler 59 on default port 15002" daemon prio=5 tid=179 timed_waiting
java.lang.Thread.State: TIMED_WAITING
        at java.base@21.0.8/jdk.internal.misc.Unsafe.park(Native Method)
        at java.base@21.0.8/java.util.concurrent.locks.LockSupport.parkNanos(LockSupport.java:269)
        at java.base@21.0.8/java.util.concurrent.locks.AbstractQueuedSynchronizer$ConditionObject.awaitNanos(AbstractQueuedSynchronizer.java:1763)
        at java.base@21.0.8/java.util.concurrent.LinkedBlockingQueue.poll(LinkedBlockingQueue.java:460)
        at app//org.apache.hadoop.ipc.CallQueueManager.take(CallQueueManager.java:370)
        at app//org.apache.hadoop.ipc.Server$Handler.run(Server.java:3165)
"IPC Server handler 22 on default port 15004" daemon prio=5 tid=360 timed_waiting
java.lang.Thread.State: TIMED_WAITING
        at java.base@21.0.8/jdk.internal.misc.Unsafe.park(Native Method)
        at java.base@21.0.8/java.util.concurrent.locks.LockSupport.parkNanos(LockSupport.java:269)
        at java.base@21.0.8/java.util.concurrent.locks.AbstractQueuedSynchronizer$ConditionObject.awaitNanos(AbstractQueuedSynchronizer.java:1763)
        at java.base@21.0.8/java.util.concurrent.LinkedBlockingQueue.poll(LinkedBlockingQueue.java:460)
        at app//org.apache.hadoop.ipc.CallQueueManager.take(CallQueueManager.java:370)
        at app//org.apache.hadoop.ipc.Server$Handler.run(Server.java:3165)
"IPC Server Responder" daemon prio=5 tid=785 runnable
java.lang.Thread.State: RUNNABLE
        at java.base@21.0.8/sun.nio.ch.EPoll.wait(Native Method)
        at java.base@21.0.8/sun.nio.ch.EPollSelectorImpl.doSelect(EPollSelectorImpl.java:121)
        at java.base@21.0.8/sun.nio.ch.SelectorImpl.lockAndDoSelect(SelectorImpl.java:130)
        at java.base@21.0.8/sun.nio.ch.SelectorImpl.select(SelectorImpl.java:142)
        at app//org.apache.hadoop.ipc.Server$Responder.doRunLoop(Server.java:1733)
        at app//org.apache.hadoop.ipc.Server$Responder.run(Server.java:1716)
"7d2db622-5327-4122-ba03-be97b5575303@group-79D92D5C683F-LeaderStateImpl" daemon prio=5 tid=1121 timed_waiting
java.lang.Thread.State: TIMED_WAITING
        at java.base@21.0.8/jdk.internal.misc.Unsafe.park(Native Method)
        at java.base@21.0.8/java.util.concurrent.locks.LockSupport.parkNanos(LockSupport.java:269)
        at java.base@21.0.8/java.util.concurrent.locks.AbstractQueuedSynchronizer$ConditionObject.awaitNanos(AbstractQueuedSynchronizer.java:1763)
        at java.base@21.0.8/java.util.concurrent.ArrayBlockingQueue.poll(ArrayBlockingQueue.java:435)
        at app//org.apache.ratis.server.impl.LeaderStateImpl$EventQueue.poll(LeaderStateImpl.java:168)
        at app//org.apache.ratis.server.impl.LeaderStateImpl$EventProcessor.run(LeaderStateImpl.java:761)
"7d2db622-5327-4122-ba03-be97b5575303-groupManagement" daemon prio=5 tid=1064 in Object.wait()
java.lang.Thread.State: WAITING (on object monitor)
        at java.base@21.0.8/jdk.internal.misc.Unsafe.park(Native Method)
        at java.base@21.0.8/java.util.concurrent.locks.LockSupport.park(LockSupport.java:371)
        at java.base@21.0.8/java.util.concurrent.locks.AbstractQueuedSynchronizer$ConditionNode.block(AbstractQueuedSynchronizer.java:519)
        at java.base@21.0.8/java.util.concurrent.ForkJoinPool.unmanagedBlock(ForkJoinPool.java:3780)
        at java.base@21.0.8/java.util.concurrent.ForkJoinPool.managedBlock(ForkJoinPool.java:3725)
        at java.base@21.0.8/java.util.concurrent.locks.AbstractQueuedSynchronizer$ConditionObject.await(AbstractQueuedSynchronizer.java:1712)
        at java.base@21.0.8/java.util.concurrent.LinkedBlockingQueue.take(LinkedBlockingQueue.java:435)
        at java.base@21.0.8/java.util.concurrent.ThreadPoolExecutor.getTask(ThreadPoolExecutor.java:1070)
        at java.base@21.0.8/java.util.concurrent.ThreadPoolExecutor.runWorker(ThreadPoolExecutor.java:1130)
        at java.base@21.0.8/java.util.concurrent.ThreadPoolExecutor$Worker.run(ThreadPoolExecutor.java:642)
        at java.base@21.0.8/java.lang.Thread.runWith(Thread.java:1596)
        at java.base@21.0.8/java.lang.Thread.run(Thread.java:1583)
"IPC Server handler 57 on default port 15001" daemon prio=5 tid=615 timed_waiting
java.lang.Thread.State: TIMED_WAITING
        at java.base@21.0.8/jdk.internal.misc.Unsafe.park(Native Method)
        at java.base@21.0.8/java.util.concurrent.locks.LockSupport.parkNanos(LockSupport.java:269)
        at java.base@21.0.8/java.util.concurrent.locks.AbstractQueuedSynchronizer$ConditionObject.awaitNanos(AbstractQueuedSynchronizer.java:1763)
        at java.base@21.0.8/java.util.concurrent.LinkedBlockingQueue.poll(LinkedBlockingQueue.java:460)
        at app//org.apache.hadoop.ipc.CallQueueManager.take(CallQueueManager.java:370)
        at app//org.apache.hadoop.ipc.Server$Handler.run(Server.java:3165)
"IPC Server handler 6 on default port 15003" daemon prio=5 tid=226 timed_waiting
java.lang.Thread.State: TIMED_WAITING
        at java.base@21.0.8/jdk.internal.misc.Unsafe.park(Native Method)
        at java.base@21.0.8/java.util.concurrent.locks.LockSupport.parkNanos(LockSupport.java:269)
        at java.base@21.0.8/java.util.concurrent.locks.AbstractQueuedSynchronizer$ConditionObject.awaitNanos(AbstractQueuedSynchronizer.java:1763)
        at java.base@21.0.8/java.util.concurrent.LinkedBlockingQueue.poll(LinkedBlockingQueue.java:460)
        at app//org.apache.hadoop.ipc.CallQueueManager.take(CallQueueManager.java:370)
        at app//org.apache.hadoop.ipc.Server$Handler.run(Server.java:3165)
"om1-OMDoubleBufferFlushThread" daemon prio=5 tid=445 timed_waiting
java.lang.Thread.State: TIMED_WAITING
        at java.base@21.0.8/java.lang.Object.wait0(Native Method)
        at java.base@21.0.8/java.lang.Object.wait(Object.java:366)
        at app//org.apache.hadoop.ozone.om.ratis.OzoneManagerDoubleBuffer.canFlush(OzoneManagerDoubleBuffer.java:547)
        at app//org.apache.hadoop.ozone.om.ratis.OzoneManagerDoubleBuffer.flushTransactions(OzoneManagerDoubleBuffer.java:279)
        at app//org.apache.hadoop.ozone.om.ratis.OzoneManagerDoubleBuffer$$Lambda/0x00007f9d6c7bf260.run(Unknown Source)
        at java.base@21.0.8/java.lang.Thread.runWith(Thread.java:1596)
        at java.base@21.0.8/java.lang.Thread.run(Thread.java:1583)
"IPC Server handler 38 on default port 15002" daemon prio=5 tid=158 timed_waiting
java.lang.Thread.State: TIMED_WAITING
        at java.base@21.0.8/jdk.internal.misc.Unsafe.park(Native Method)
        at java.base@21.0.8/java.util.concurrent.locks.LockSupport.parkNanos(LockSupport.java:269)
        at java.base@21.0.8/java.util.concurrent.locks.AbstractQueuedSynchronizer$ConditionObject.awaitNanos(AbstractQueuedSynchronizer.java:1763)
        at java.base@21.0.8/java.util.concurrent.LinkedBlockingQueue.poll(LinkedBlockingQueue.java:460)
        at app//org.apache.hadoop.ipc.CallQueueManager.take(CallQueueManager.java:370)
        at app//org.apache.hadoop.ipc.Server$Handler.run(Server.java:3165)
"IPC Server handler 53 on default port 15001" daemon prio=5 tid=611 timed_waiting
java.lang.Thread.State: TIMED_WAITING
        at java.base@21.0.8/jdk.internal.misc.Unsafe.park(Native Method)
        at java.base@21.0.8/java.util.concurrent.locks.LockSupport.parkNanos(LockSupport.java:269)
        at java.base@21.0.8/java.util.concurrent.locks.AbstractQueuedSynchronizer$ConditionObject.awaitNanos(AbstractQueuedSynchronizer.java:1763)
        at java.base@21.0.8/java.util.concurrent.LinkedBlockingQueue.poll(LinkedBlockingQueue.java:460)
        at app//org.apache.hadoop.ipc.CallQueueManager.take(CallQueueManager.java:370)
        at app//org.apache.hadoop.ipc.Server$Handler.run(Server.java:3165)
"IPC Server handler 5 on default port 15002" daemon prio=5 tid=125 timed_waiting
java.lang.Thread.State: TIMED_WAITING
        at java.base@21.0.8/jdk.internal.misc.Unsafe.park(Native Method)
        at java.base@21.0.8/java.util.concurrent.locks.LockSupport.parkNanos(LockSupport.java:269)
        at java.base@21.0.8/java.util.concurrent.locks.AbstractQueuedSynchronizer$ConditionObject.awaitNanos(AbstractQueuedSynchronizer.java:1763)
        at java.base@21.0.8/java.util.concurrent.LinkedBlockingQueue.poll(LinkedBlockingQueue.java:460)
        at app//org.apache.hadoop.ipc.CallQueueManager.take(CallQueueManager.java:370)
        at app//org.apache.hadoop.ipc.Server$Handler.run(Server.java:3165)
"IPC Server handler 43 on default port 15001" daemon prio=5 tid=601 timed_waiting
java.lang.Thread.State: TIMED_WAITING
        at java.base@21.0.8/jdk.internal.misc.Unsafe.park(Native Method)
        at java.base@21.0.8/java.util.concurrent.locks.LockSupport.parkNanos(LockSupport.java:269)
        at java.base@21.0.8/java.util.concurrent.locks.AbstractQueuedSynchronizer$ConditionObject.awaitNanos(AbstractQueuedSynchronizer.java:1763)
        at java.base@21.0.8/java.util.concurrent.LinkedBlockingQueue.poll(LinkedBlockingQueue.java:460)
        at app//org.apache.hadoop.ipc.CallQueueManager.take(CallQueueManager.java:370)
        at app//org.apache.hadoop.ipc.Server$Handler.run(Server.java:3165)
"IPC Server handler 36 on default port 15002" daemon prio=5 tid=156 timed_waiting
java.lang.Thread.State: TIMED_WAITING
        at java.base@21.0.8/jdk.internal.misc.Unsafe.park(Native Method)
        at java.base@21.0.8/java.util.concurrent.locks.LockSupport.parkNanos(LockSupport.java:269)
        at java.base@21.0.8/java.util.concurrent.locks.AbstractQueuedSynchronizer$ConditionObject.awaitNanos(AbstractQueuedSynchronizer.java:1763)
        at java.base@21.0.8/java.util.concurrent.LinkedBlockingQueue.poll(LinkedBlockingQueue.java:460)
        at app//org.apache.hadoop.ipc.CallQueueManager.take(CallQueueManager.java:370)
        at app//org.apache.hadoop.ipc.Server$Handler.run(Server.java:3165)
"IPC Server handler 49 on default port 15004" daemon prio=5 tid=387 timed_waiting
java.lang.Thread.State: TIMED_WAITING
        at java.base@21.0.8/jdk.internal.misc.Unsafe.park(Native Method)
        at java.base@21.0.8/java.util.concurrent.locks.LockSupport.parkNanos(LockSupport.java:269)
        at java.base@21.0.8/java.util.concurrent.locks.AbstractQueuedSynchronizer$ConditionObject.awaitNanos(AbstractQueuedSynchronizer.java:1763)
        at java.base@21.0.8/java.util.concurrent.LinkedBlockingQueue.poll(LinkedBlockingQueue.java:460)
        at app//org.apache.hadoop.ipc.CallQueueManager.take(CallQueueManager.java:370)
        at app//org.apache.hadoop.ipc.Server$Handler.run(Server.java:3165)
"Socket Reader #9 for port 15001" daemon prio=5 tid=529 runnable
java.lang.Thread.State: RUNNABLE
        at java.base@21.0.8/sun.nio.ch.EPoll.wait(Native Method)
        at java.base@21.0.8/sun.nio.ch.EPollSelectorImpl.doSelect(EPollSelectorImpl.java:121)
        at java.base@21.0.8/sun.nio.ch.SelectorImpl.lockAndDoSelect(SelectorImpl.java:130)
        at java.base@21.0.8/sun.nio.ch.SelectorImpl.select(SelectorImpl.java:147)
        at app//org.apache.hadoop.ipc.Server$Listener$Reader.doRunLoop(Server.java:1497)
        at app//org.apache.hadoop.ipc.Server$Listener$Reader.run(Server.java:1476)
"IPC Server handler 79 on default port 15002" daemon prio=5 tid=199 timed_waiting
java.lang.Thread.State: TIMED_WAITING
        at java.base@21.0.8/jdk.internal.misc.Unsafe.park(Native Method)
        at java.base@21.0.8/java.util.concurrent.locks.LockSupport.parkNanos(LockSupport.java:269)
        at java.base@21.0.8/java.util.concurrent.locks.AbstractQueuedSynchronizer$ConditionObject.awaitNanos(AbstractQueuedSynchronizer.java:1763)
        at java.base@21.0.8/java.util.concurrent.LinkedBlockingQueue.poll(LinkedBlockingQueue.java:460)
        at app//org.apache.hadoop.ipc.CallQueueManager.take(CallQueueManager.java:370)
        at app//org.apache.hadoop.ipc.Server$Handler.run(Server.java:3165)
"ForkJoinPool-1-worker-1" daemon prio=5 tid=33 runnable
java.lang.Thread.State: RUNNABLE
        at java.base@21.0.8/java.lang.Thread.dumpThreads(Native Method)
        at java.base@21.0.8/java.lang.Thread.getAllStackTraces(Thread.java:2522)
        at app//org.apache.ozone.test.TimedOutTestsListener.buildThreadDump(TimedOutTestsListener.java:81)
        at app//org.apache.ozone.test.TimedOutTestsListener.buildThreadDiagnosticString(TimedOutTestsListener.java:67)
        at app//org.apache.ozone.test.GenericTestUtils.waitFor(GenericTestUtils.java:116)
        at app//org.apache.hadoop.ozone.recon.TestReconAndAdminContainerCLI.compareRMReportToReconResponse(TestReconAndAdminContainerCLI.java:323)
        at app//org.apache.hadoop.ozone.recon.TestReconAndAdminContainerCLI.testMissingContainer(TestReconAndAdminContainerCLI.java:213)
        at java.base@21.0.8/java.lang.invoke.LambdaForm$DMH/0x00007f9d6c15c400.invokeVirtual(LambdaForm$DMH)
        at java.base@21.0.8/java.lang.invoke.LambdaForm$MH/0x00007f9d6c1bd800.invoke(LambdaForm$MH)
        at java.base@21.0.8/java.lang.invoke.Invokers$Holder.invokeExact_MT(Invokers$Holder)
        at java.base@21.0.8/jdk.internal.reflect.DirectMethodHandleAccessor.invokeImpl(DirectMethodHandleAccessor.java:153)
        at java.base@21.0.8/jdk.internal.reflect.DirectMethodHandleAccessor.invoke(DirectMethodHandleAccessor.java:103)
        at java.base@21.0.8/java.lang.reflect.Method.invoke(Method.java:580)
        at app//org.junit.platform.commons.util.ReflectionUtils.invokeMethod(ReflectionUtils.java:786)
        at app//org.junit.platform.commons.support.ReflectionSupport.invokeMethod(ReflectionSupport.java:514)
        at app//org.junit.jupiter.engine.execution.MethodInvocation.proceed(MethodInvocation.java:60)
        at app//org.junit.jupiter.engine.execution.InvocationInterceptorChain$ValidatingInvocation.proceed(InvocationInterceptorChain.java:131)
        at app//org.junit.jupiter.engine.extension.SameThreadTimeoutInvocation.proceed(SameThreadTimeoutInvocation.java:49)
        at app//org.junit.jupiter.engine.extension.TimeoutExtension.intercept(TimeoutExtension.java:161)
        at app//org.junit.jupiter.engine.extension.TimeoutExtension.interceptTestableMethod(TimeoutExtension.java:152)
        at app//org.junit.jupiter.engine.extension.TimeoutExtension.interceptTestMethod(TimeoutExtension.java:91)
        at app//org.junit.jupiter.engine.descriptor.TestMethodTestDescriptor$$Lambda/0x00007f9d6c11fad8.apply(Unknown Source)
        at app//org.junit.jupiter.engine.execution.InterceptingExecutableInvoker$ReflectiveInterceptorCall.lambda$ofVoidMethod$0(InterceptingExecutableInvoker.java:112)
        at app//org.junit.jupiter.engine.execution.InterceptingExecutableInvoker$ReflectiveInterceptorCall$$Lambda/0x00007f9d6c11d000.apply(Unknown Source)
        at app//org.junit.jupiter.engine.execution.InterceptingExecutableInvoker.lambda$invoke$0(InterceptingExecutableInvoker.java:94)
        at app//org.junit.jupiter.engine.execution.InterceptingExecutableInvoker$$Lambda/0x00007f9d6c176488.apply(Unknown Source)
        at app//org.junit.jupiter.engine.execution.InvocationInterceptorChain$InterceptedInvocation.proceed(InvocationInterceptorChain.java:106)
        at app//org.junit.jupiter.engine.execution.InvocationInterceptorChain.proceed(InvocationInterceptorChain.java:64)
        at app//org.junit.jupiter.engine.execution.InvocationInterceptorChain.chainAndInvoke(InvocationInterceptorChain.java:45)
        at app//org.junit.jupiter.engine.execution.InvocationInterceptorChain.invoke(InvocationInterceptorChain.java:37)
        at app//org.junit.jupiter.engine.execution.InterceptingExecutableInvoker.invoke(InterceptingExecutableInvoker.java:93)
        at app//org.junit.jupiter.engine.execution.InterceptingExecutableInvoker.invoke(InterceptingExecutableInvoker.java:87)
        at app//org.junit.jupiter.engine.descriptor.TestMethodTestDescriptor.lambda$invokeTestMethod$4(TestMethodTestDescriptor.java:221)
        at app//org.junit.jupiter.engine.descriptor.TestMethodTestDescriptor$$Lambda/0x00007f9d6cfba220.execute(Unknown Source)
        at app//org.junit.platform.engine.support.hierarchical.ThrowableCollector.execute(ThrowableCollector.java:73)
        at app//org.junit.jupiter.engine.descriptor.TestMethodTestDescriptor.invokeTestMethod(TestMethodTestDescriptor.java:217)
        at app//org.junit.jupiter.engine.descriptor.TestMethodTestDescriptor.execute(TestMethodTestDescriptor.java:159)
        at app//org.junit.jupiter.engine.descriptor.TestMethodTestDescriptor.execute(TestMethodTestDescriptor.java:70)
        at app//org.junit.platform.engine.support.hierarchical.NodeTestTask.lambda$executeRecursively$6(NodeTestTask.java:157)
        at app//org.junit.platform.engine.support.hierarchical.NodeTestTask$$Lambda/0x00007f9d6c161800.execute(Unknown Source)
        at app//org.junit.platform.engine.support.hierarchical.ThrowableCollector.execute(ThrowableCollector.java:73)
        at app//org.junit.platform.engine.support.hierarchical.NodeTestTask.lambda$executeRecursively$8(NodeTestTask.java:147)
        at app//org.junit.platform.engine.support.hierarchical.NodeTestTask$$Lambda/0x00007f9d6c1615d8.invoke(Unknown Source)
        at app//org.junit.platform.engine.support.hierarchical.Node.around(Node.java:137)
        at app//org.junit.platform.engine.support.hierarchical.NodeTestTask.lambda$executeRecursively$9(NodeTestTask.java:145)
        at app//org.junit.platform.engine.support.hierarchical.NodeTestTask$$Lambda/0x00007f9d6c1611b0.execute(Unknown Source)
        at app//org.junit.platform.engine.support.hierarchical.ThrowableCollector.execute(ThrowableCollector.java:73)
        at app//org.junit.platform.engine.support.hierarchical.NodeTestTask.executeRecursively(NodeTestTask.java:144)
        at app//org.junit.platform.engine.support.hierarchical.NodeTestTask.execute(NodeTestTask.java:101)
        at app//org.junit.platform.engine.support.hierarchical.ForkJoinPoolHierarchicalTestExecutorService$ExclusiveTask.exec(ForkJoinPoolHierarchicalTestExecutorService.java:274)
        at app//org.junit.platform.engine.support.hierarchical.ForkJoinPoolHierarchicalTestExecutorService$ExclusiveTask.execSync(ForkJoinPoolHierarchicalTestExecutorService.java:247)
        at app//org.junit.platform.engine.support.hierarchical.ForkJoinPoolHierarchicalTestExecutorService.invokeAll(ForkJoinPoolHierarchicalTestExecutorService.java:159)
        at app//org.junit.platform.engine.support.hierarchical.NodeTestTask.lambda$executeRecursively$6(NodeTestTask.java:161)
        at app//org.junit.platform.engine.support.hierarchical.NodeTestTask$$Lambda/0x00007f9d6c161800.execute(Unknown Source)
        at app//org.junit.platform.engine.support.hierarchical.ThrowableCollector.execute(ThrowableCollector.java:73)
        at app//org.junit.platform.engine.support.hierarchical.NodeTestTask.lambda$executeRecursively$8(NodeTestTask.java:147)
        at app//org.junit.platform.engine.support.hierarchical.NodeTestTask$$Lambda/0x00007f9d6c1615d8.invoke(Unknown Source)
        at app//org.junit.platform.engine.support.hierarchical.Node.around(Node.java:137)
        at app//org.junit.platform.engine.support.hierarchical.NodeTestTask.lambda$executeRecursively$9(NodeTestTask.java:145)
        at app//org.junit.platform.engine.support.hierarchical.NodeTestTask$$Lambda/0x00007f9d6c1611b0.execute(Unknown Source)
        at app//org.junit.platform.engine.support.hierarchical.ThrowableCollector.execute(ThrowableCollector.java:73)
        at app//org.junit.platform.engine.support.hierarchical.NodeTestTask.executeRecursively(NodeTestTask.java:144)
        at app//org.junit.platform.engine.support.hierarchical.NodeTestTask.execute(NodeTestTask.java:101)
        at app//org.junit.platform.engine.support.hierarchical.ForkJoinPoolHierarchicalTestExecutorService$ExclusiveTask.exec(ForkJoinPoolHierarchicalTestExecutorService.java:274)
        at app//org.junit.platform.engine.support.hierarchical.ForkJoinPoolHierarchicalTestExecutorService$ExclusiveTask.execSync(ForkJoinPoolHierarchicalTestExecutorService.java:247)
        at app//org.junit.platform.engine.support.hierarchical.ForkJoinPoolHierarchicalTestExecutorService.invokeAll(ForkJoinPoolHierarchicalTestExecutorService.java:159)
        at app//org.junit.platform.engine.support.hierarchical.NodeTestTask.lambda$executeRecursively$6(NodeTestTask.java:161)
        at app//org.junit.platform.engine.support.hierarchical.NodeTestTask$$Lambda/0x00007f9d6c161800.execute(Unknown Source)
        at app//org.junit.platform.engine.support.hierarchical.ThrowableCollector.execute(ThrowableCollector.java:73)
        at app//org.junit.platform.engine.support.hierarchical.NodeTestTask.lambda$executeRecursively$8(NodeTestTask.java:147)
        at app//org.junit.platform.engine.support.hierarchical.NodeTestTask$$Lambda/0x00007f9d6c1615d8.invoke(Unknown Source)
        at app//org.junit.platform.engine.support.hierarchical.Node.around(Node.java:137)
        at app//org.junit.platform.engine.support.hierarchical.NodeTestTask.lambda$executeRecursively$9(NodeTestTask.java:145)
        at app//org.junit.platform.engine.support.hierarchical.NodeTestTask$$Lambda/0x00007f9d6c1611b0.execute(Unknown Source)
        at app//org.junit.platform.engine.support.hierarchical.ThrowableCollector.execute(ThrowableCollector.java:73)
        at app//org.junit.platform.engine.support.hierarchical.NodeTestTask.executeRecursively(NodeTestTask.java:144)
        at app//org.junit.platform.engine.support.hierarchical.NodeTestTask.execute(NodeTestTask.java:101)
        at app//org.junit.platform.engine.support.hierarchical.ForkJoinPoolHierarchicalTestExecutorService$ExclusiveTask.exec(ForkJoinPoolHierarchicalTestExecutorService.java:274)
        at java.base@21.0.8/java.util.concurrent.ForkJoinTask.doExec(ForkJoinTask.java:387)
        at java.base@21.0.8/java.util.concurrent.ForkJoinPool$WorkQueue.topLevelExec(ForkJoinPool.java:1312)
        at java.base@21.0.8/java.util.concurrent.ForkJoinPool.scan(ForkJoinPool.java:1843)
        at java.base@21.0.8/java.util.concurrent.ForkJoinPool.runWorker(ForkJoinPool.java:1808)
        at java.base@21.0.8/java.util.concurrent.ForkJoinWorkerThread.run(ForkJoinWorkerThread.java:188)
"IPC Server handler 41 on default port 15002" daemon prio=5 tid=161 timed_waiting
java.lang.Thread.State: TIMED_WAITING
        at java.base@21.0.8/jdk.internal.misc.Unsafe.park(Native Method)
        at java.base@21.0.8/java.util.concurrent.locks.LockSupport.parkNanos(LockSupport.java:269)
        at java.base@21.0.8/java.util.concurrent.locks.AbstractQueuedSynchronizer$ConditionObject.awaitNanos(AbstractQueuedSynchronizer.java:1763)
        at java.base@21.0.8/java.util.concurrent.LinkedBlockingQueue.poll(LinkedBlockingQueue.java:460)
        at app//org.apache.hadoop.ipc.CallQueueManager.take(CallQueueManager.java:370)
        at app//org.apache.hadoop.ipc.Server$Handler.run(Server.java:3165)
"IPC Server handler 96 on default port 15003" daemon prio=5 tid=316 timed_waiting
java.lang.Thread.State: TIMED_WAITING
        at java.base@21.0.8/jdk.internal.misc.Unsafe.park(Native Method)
        at java.base@21.0.8/java.util.concurrent.locks.LockSupport.parkNanos(LockSupport.java:269)
        at java.base@21.0.8/java.util.concurrent.locks.AbstractQueuedSynchronizer$ConditionObject.awaitNanos(AbstractQueuedSynchronizer.java:1763)
        at java.base@21.0.8/java.util.concurrent.LinkedBlockingQueue.poll(LinkedBlockingQueue.java:460)
        at app//org.apache.hadoop.ipc.CallQueueManager.take(CallQueueManager.java:370)
        at app//org.apache.hadoop.ipc.Server$Handler.run(Server.java:3165)
"IPC Server Responder" daemon prio=5 tid=935 runnable
java.lang.Thread.State: RUNNABLE
        at java.base@21.0.8/sun.nio.ch.EPoll.wait(Native Method)
        at java.base@21.0.8/sun.nio.ch.EPollSelectorImpl.doSelect(EPollSelectorImpl.java:121)
        at java.base@21.0.8/sun.nio.ch.SelectorImpl.lockAndDoSelect(SelectorImpl.java:130)
        at java.base@21.0.8/sun.nio.ch.SelectorImpl.select(SelectorImpl.java:142)
        at app//org.apache.hadoop.ipc.Server$Responder.doRunLoop(Server.java:1733)
        at app//org.apache.hadoop.ipc.Server$Responder.run(Server.java:1716)
"Socket Reader #8 for port 15004" daemon prio=5 tid=69 runnable
java.lang.Thread.State: RUNNABLE
        at java.base@21.0.8/sun.nio.ch.EPoll.wait(Native Method)
        at java.base@21.0.8/sun.nio.ch.EPollSelectorImpl.doSelect(EPollSelectorImpl.java:121)
        at java.base@21.0.8/sun.nio.ch.SelectorImpl.lockAndDoSelect(SelectorImpl.java:130)
        at java.base@21.0.8/sun.nio.ch.SelectorImpl.select(SelectorImpl.java:147)
        at app//org.apache.hadoop.ipc.Server$Listener$Reader.doRunLoop(Server.java:1497)
        at app//org.apache.hadoop.ipc.Server$Listener$Reader.run(Server.java:1476)
"IPC Server handler 95 on default port 15001" daemon prio=5 tid=653 timed_waiting
java.lang.Thread.State: TIMED_WAITING
        at java.base@21.0.8/jdk.internal.misc.Unsafe.park(Native Method)
        at java.base@21.0.8/java.util.concurrent.locks.LockSupport.parkNanos(LockSupport.java:269)
        at java.base@21.0.8/java.util.concurrent.locks.AbstractQueuedSynchronizer$ConditionObject.awaitNanos(AbstractQueuedSynchronizer.java:1763)
        at java.base@21.0.8/java.util.concurrent.LinkedBlockingQueue.poll(LinkedBlockingQueue.java:460)
        at app//org.apache.hadoop.ipc.CallQueueManager.take(CallQueueManager.java:370)
        at app//org.apache.hadoop.ipc.Server$Handler.run(Server.java:3165)
"IPC Server handler 18 on default port 15004" daemon prio=5 tid=356 timed_waiting
java.lang.Thread.State: TIMED_WAITING
        at java.base@21.0.8/jdk.internal.misc.Unsafe.park(Native Method)
        at java.base@21.0.8/java.util.concurrent.locks.LockSupport.parkNanos(LockSupport.java:269)
        at java.base@21.0.8/java.util.concurrent.locks.AbstractQueuedSynchronizer$ConditionObject.awaitNanos(AbstractQueuedSynchronizer.java:1763)
        at java.base@21.0.8/java.util.concurrent.LinkedBlockingQueue.poll(LinkedBlockingQueue.java:460)
        at app//org.apache.hadoop.ipc.CallQueueManager.take(CallQueueManager.java:370)
        at app//org.apache.hadoop.ipc.Server$Handler.run(Server.java:3165)
"IPC Server handler 39 on default port 15002" daemon prio=5 tid=159 timed_waiting
java.lang.Thread.State: TIMED_WAITING
        at java.base@21.0.8/jdk.internal.misc.Unsafe.park(Native Method)
        at java.base@21.0.8/java.util.concurrent.locks.LockSupport.parkNanos(LockSupport.java:269)
        at java.base@21.0.8/java.util.concurrent.locks.AbstractQueuedSynchronizer$ConditionObject.awaitNanos(AbstractQueuedSynchronizer.java:1763)
        at java.base@21.0.8/java.util.concurrent.LinkedBlockingQueue.poll(LinkedBlockingQueue.java:460)
        at app//org.apache.hadoop.ipc.CallQueueManager.take(CallQueueManager.java:370)
        at app//org.apache.hadoop.ipc.Server$Handler.run(Server.java:3165)
"DiskUsage-/home/runner/work/ozone/ozone/hadoop-ozone/integration-test-recon/target/test-dir/MiniOzoneClusterImpl-b15909b8-03a8-4b15-aaa3-a668c086c089/ozone-metadata/datanode-4/data-0-
" daemon prio=5 tid=987 timed_waiting
java.lang.Thread.State: TIMED_WAITING
        at java.base@21.0.8/jdk.internal.misc.Unsafe.park(Native Method)
        at java.base@21.0.8/java.util.concurrent.locks.LockSupport.parkNanos(LockSupport.java:269)
        at java.base@21.0.8/java.util.concurrent.locks.AbstractQueuedSynchronizer$ConditionObject.awaitNanos(AbstractQueuedSynchronizer.java:1763)
        at java.base@21.0.8/java.util.concurrent.ScheduledThreadPoolExecutor$DelayedWorkQueue.take(ScheduledThreadPoolExecutor.java:1182)
        at java.base@21.0.8/java.util.concurrent.ScheduledThreadPoolExecutor$DelayedWorkQueue.take(ScheduledThreadPoolExecutor.java:899)
        at java.base@21.0.8/java.util.concurrent.ThreadPoolExecutor.getTask(ThreadPoolExecutor.java:1070)
        at java.base@21.0.8/java.util.concurrent.ThreadPoolExecutor.runWorker(ThreadPoolExecutor.java:1130)
        at java.base@21.0.8/java.util.concurrent.ThreadPoolExecutor$Worker.run(ThreadPoolExecutor.java:642)
        at java.base@21.0.8/java.lang.Thread.runWith(Thread.java:1596)
        at java.base@21.0.8/java.lang.Thread.run(Thread.java:1583)
"c11f8a16-55ee-4f22-a5a5-7daf2dffa753-groupManagement"  prio=5 tid=1053 in Object.wait()
java.lang.Thread.State: WAITING (on object monitor)
        at java.base@21.0.8/jdk.internal.misc.Unsafe.park(Native Method)
        at java.base@21.0.8/java.util.concurrent.locks.LockSupport.park(LockSupport.java:371)
        at java.base@21.0.8/java.util.concurrent.locks.AbstractQueuedSynchronizer$ConditionNode.block(AbstractQueuedSynchronizer.java:519)
        at java.base@21.0.8/java.util.concurrent.ForkJoinPool.unmanagedBlock(ForkJoinPool.java:3780)
        at java.base@21.0.8/java.util.concurrent.ForkJoinPool.managedBlock(ForkJoinPool.java:3725)
        at java.base@21.0.8/java.util.concurrent.locks.AbstractQueuedSynchronizer$ConditionObject.await(AbstractQueuedSynchronizer.java:1712)
        at java.base@21.0.8/java.util.concurrent.LinkedBlockingQueue.take(LinkedBlockingQueue.java:435)
        at java.base@21.0.8/java.util.concurrent.ThreadPoolExecutor.getTask(ThreadPoolExecutor.java:1070)
        at java.base@21.0.8/java.util.concurrent.ThreadPoolExecutor.runWorker(ThreadPoolExecutor.java:1130)
        at java.base@21.0.8/java.util.concurrent.ThreadPoolExecutor$Worker.run(ThreadPoolExecutor.java:642)
        at java.base@21.0.8/java.lang.Thread.runWith(Thread.java:1596)
        at java.base@21.0.8/java.lang.Thread.run(Thread.java:1583)
"IPC Server handler 98 on default port 15001" daemon prio=5 tid=656 timed_waiting
java.lang.Thread.State: TIMED_WAITING
        at java.base@21.0.8/jdk.internal.misc.Unsafe.park(Native Method)
        at java.base@21.0.8/java.util.concurrent.locks.LockSupport.parkNanos(LockSupport.java:269)
        at java.base@21.0.8/java.util.concurrent.locks.AbstractQueuedSynchronizer$ConditionObject.awaitNanos(AbstractQueuedSynchronizer.java:1763)
        at java.base@21.0.8/java.util.concurrent.LinkedBlockingQueue.poll(LinkedBlockingQueue.java:460)
        at app//org.apache.hadoop.ipc.CallQueueManager.take(CallQueueManager.java:370)
        at app//org.apache.hadoop.ipc.Server$Handler.run(Server.java:3165)
"client-write-TID-0" daemon prio=5 tid=1146 in Object.wait()
java.lang.Thread.State: WAITING (on object monitor)
        at java.base@21.0.8/jdk.internal.misc.Unsafe.park(Native Method)
        at java.base@21.0.8/java.util.concurrent.locks.LockSupport.park(LockSupport.java:371)
        at java.base@21.0.8/java.util.concurrent.LinkedTransferQueue$DualNode.await(LinkedTransferQueue.java:458)
        at java.base@21.0.8/java.util.concurrent.SynchronousQueue$Transferer.xferLifo(SynchronousQueue.java:194)
        at java.base@21.0.8/java.util.concurrent.SynchronousQueue.xfer(SynchronousQueue.java:235)
        at java.base@21.0.8/java.util.concurrent.SynchronousQueue.take(SynchronousQueue.java:318)
        at java.base@21.0.8/java.util.concurrent.ThreadPoolExecutor.getTask(ThreadPoolExecutor.java:1070)
        at java.base@21.0.8/java.util.concurrent.ThreadPoolExecutor.runWorker(ThreadPoolExecutor.java:1130)
        at java.base@21.0.8/java.util.concurrent.ThreadPoolExecutor$Worker.run(ThreadPoolExecutor.java:642)
        at java.base@21.0.8/java.lang.Thread.runWith(Thread.java:1596)
        at java.base@21.0.8/java.lang.Thread.run(Thread.java:1583)
"Socket Reader #4 for port 15001" daemon prio=5 tid=524 runnable
java.lang.Thread.State: RUNNABLE
        at java.base@21.0.8/sun.nio.ch.EPoll.wait(Native Method)
        at java.base@21.0.8/sun.nio.ch.EPollSelectorImpl.doSelect(EPollSelectorImpl.java:121)
        at java.base@21.0.8/sun.nio.ch.SelectorImpl.lockAndDoSelect(SelectorImpl.java:130)
        at java.base@21.0.8/sun.nio.ch.SelectorImpl.select(SelectorImpl.java:147)
        at app//org.apache.hadoop.ipc.Server$Listener$Reader.doRunLoop(Server.java:1497)
        at app//org.apache.hadoop.ipc.Server$Listener$Reader.run(Server.java:1476)
"7d2db622-5327-4122-ba03-be97b5575303-DatanodeReportManager-0" daemon prio=5 tid=798 in Object.wait()
java.lang.Thread.State: WAITING (on object monitor)
        at java.base@21.0.8/jdk.internal.misc.Unsafe.park(Native Method)
        at java.base@21.0.8/java.util.concurrent.locks.LockSupport.park(LockSupport.java:371)
        at java.base@21.0.8/java.util.concurrent.locks.AbstractQueuedSynchronizer$ConditionNode.block(AbstractQueuedSynchronizer.java:519)
        at java.base@21.0.8/java.util.concurrent.ForkJoinPool.unmanagedBlock(ForkJoinPool.java:3780)
        at java.base@21.0.8/java.util.concurrent.ForkJoinPool.managedBlock(ForkJoinPool.java:3725)
        at java.base@21.0.8/java.util.concurrent.locks.AbstractQueuedSynchronizer$ConditionObject.await(AbstractQueuedSynchronizer.java:1712)
        at java.base@21.0.8/java.util.concurrent.ScheduledThreadPoolExecutor$DelayedWorkQueue.take(ScheduledThreadPoolExecutor.java:1177)
        at java.base@21.0.8/java.util.concurrent.ScheduledThreadPoolExecutor$DelayedWorkQueue.take(ScheduledThreadPoolExecutor.java:899)
        at java.base@21.0.8/java.util.concurrent.ThreadPoolExecutor.getTask(ThreadPoolExecutor.java:1070)
        at java.base@21.0.8/java.util.concurrent.ThreadPoolExecutor.runWorker(ThreadPoolExecutor.java:1130)
        at java.base@21.0.8/java.util.concurrent.ThreadPoolExecutor$Worker.run(ThreadPoolExecutor.java:642)
        at java.base@21.0.8/java.lang.Thread.runWith(Thread.java:1596)
        at java.base@21.0.8/java.lang.Thread.run(Thread.java:1583)
"IPC Server handler 7 on default port 15004" daemon prio=5 tid=345 timed_waiting
java.lang.Thread.State: TIMED_WAITING
        at java.base@21.0.8/jdk.internal.misc.Unsafe.park(Native Method)
        at java.base@21.0.8/java.util.concurrent.locks.LockSupport.parkNanos(LockSupport.java:269)
        at java.base@21.0.8/java.util.concurrent.locks.AbstractQueuedSynchronizer$ConditionObject.awaitNanos(AbstractQueuedSynchronizer.java:1763)
        at java.base@21.0.8/java.util.concurrent.LinkedBlockingQueue.poll(LinkedBlockingQueue.java:460)
        at app//org.apache.hadoop.ipc.CallQueueManager.take(CallQueueManager.java:370)
        at app//org.apache.hadoop.ipc.Server$Handler.run(Server.java:3165)
"EventQueue-NodeRegistrationContainerReportForDataNodeSafeModeRule" daemon prio=5 tid=956 in Object.wait()
java.lang.Thread.State: WAITING (on object monitor)
        at java.base@21.0.8/jdk.internal.misc.Unsafe.park(Native Method)
        at java.base@21.0.8/java.util.concurrent.locks.LockSupport.park(LockSupport.java:371)
        at java.base@21.0.8/java.util.concurrent.locks.AbstractQueuedSynchronizer$ConditionNode.block(AbstractQueuedSynchronizer.java:519)
        at java.base@21.0.8/java.util.concurrent.ForkJoinPool.unmanagedBlock(ForkJoinPool.java:3780)
        at java.base@21.0.8/java.util.concurrent.ForkJoinPool.managedBlock(ForkJoinPool.java:3725)
        at java.base@21.0.8/java.util.concurrent.locks.AbstractQueuedSynchronizer$ConditionObject.await(AbstractQueuedSynchronizer.java:1712)
        at java.base@21.0.8/java.util.concurrent.LinkedBlockingQueue.take(LinkedBlockingQueue.java:435)
        at java.base@21.0.8/java.util.concurrent.ThreadPoolExecutor.getTask(ThreadPoolExecutor.java:1070)
        at java.base@21.0.8/java.util.concurrent.ThreadPoolExecutor.runWorker(ThreadPoolExecutor.java:1130)
        at java.base@21.0.8/java.util.concurrent.ThreadPoolExecutor$Worker.run(ThreadPoolExecutor.java:642)
        at java.base@21.0.8/java.lang.Thread.runWith(Thread.java:1596)
        at java.base@21.0.8/java.lang.Thread.run(Thread.java:1583)
"IPC Server idle connection scanner for port 15002" daemon prio=5 tid=100 timed_waiting
java.lang.Thread.State: TIMED_WAITING
        at java.base@21.0.8/java.lang.Object.wait0(Native Method)
        at java.base@21.0.8/java.lang.Object.wait(Object.java:366)
        at java.base@21.0.8/java.util.TimerThread.mainLoop(Timer.java:563)
        at java.base@21.0.8/java.util.TimerThread.run(Timer.java:516)
"IPC Server handler 88 on default port 15001" daemon prio=5 tid=646 timed_waiting
java.lang.Thread.State: TIMED_WAITING
        at java.base@21.0.8/jdk.internal.misc.Unsafe.park(Native Method)
        at java.base@21.0.8/java.util.concurrent.locks.LockSupport.parkNanos(LockSupport.java:269)
        at java.base@21.0.8/java.util.concurrent.locks.AbstractQueuedSynchronizer$ConditionObject.awaitNanos(AbstractQueuedSynchronizer.java:1763)
        at java.base@21.0.8/java.util.concurrent.LinkedBlockingQueue.poll(LinkedBlockingQueue.java:460)
        at app//org.apache.hadoop.ipc.CallQueueManager.take(CallQueueManager.java:370)
        at app//org.apache.hadoop.ipc.Server$Handler.run(Server.java:3165)
"Socket Reader #7 for port 15008" daemon prio=5 tid=456 runnable
java.lang.Thread.State: RUNNABLE
        at java.base@21.0.8/sun.nio.ch.EPoll.wait(Native Method)
        at java.base@21.0.8/sun.nio.ch.EPollSelectorImpl.doSelect(EPollSelectorImpl.java:121)
        at java.base@21.0.8/sun.nio.ch.SelectorImpl.lockAndDoSelect(SelectorImpl.java:130)
        at java.base@21.0.8/sun.nio.ch.SelectorImpl.select(SelectorImpl.java:147)
        at app//org.apache.hadoop.ipc.Server$Listener$Reader.doRunLoop(Server.java:1497)
        at app//org.apache.hadoop.ipc.Server$Listener$Reader.run(Server.java:1476)
"om1@group-C5BA1605619E-LeaderStateImpl" daemon prio=5 tid=516 timed_waiting
java.lang.Thread.State: TIMED_WAITING
        at java.base@21.0.8/jdk.internal.misc.Unsafe.park(Native Method)
        at java.base@21.0.8/java.util.concurrent.locks.LockSupport.parkNanos(LockSupport.java:269)
        at java.base@21.0.8/java.util.concurrent.locks.AbstractQueuedSynchronizer$ConditionObject.awaitNanos(AbstractQueuedSynchronizer.java:1763)
        at java.base@21.0.8/java.util.concurrent.ArrayBlockingQueue.poll(ArrayBlockingQueue.java:435)
        at app//org.apache.ratis.server.impl.LeaderStateImpl$EventQueue.poll(LeaderStateImpl.java:168)
        at app//org.apache.ratis.server.impl.LeaderStateImpl$EventProcessor.run(LeaderStateImpl.java:761)
"IPC Server Responder" daemon prio=5 tid=739 runnable
java.lang.Thread.State: RUNNABLE
        at java.base@21.0.8/sun.nio.ch.EPoll.wait(Native Method)
        at java.base@21.0.8/sun.nio.ch.EPollSelectorImpl.doSelect(EPollSelectorImpl.java:121)
        at java.base@21.0.8/sun.nio.ch.SelectorImpl.lockAndDoSelect(SelectorImpl.java:130)
        at java.base@21.0.8/sun.nio.ch.SelectorImpl.select(SelectorImpl.java:142)
        at app//org.apache.hadoop.ipc.Server$Responder.doRunLoop(Server.java:1733)
        at app//org.apache.hadoop.ipc.Server$Responder.run(Server.java:1716)
"IPC Server handler 6 on default port 15037" daemon prio=5 tid=870 timed_waiting
java.lang.Thread.State: TIMED_WAITING
        at java.base@21.0.8/jdk.internal.misc.Unsafe.park(Native Method)
        at java.base@21.0.8/java.util.concurrent.locks.LockSupport.parkNanos(LockSupport.java:269)
        at java.base@21.0.8/java.util.concurrent.locks.AbstractQueuedSynchronizer$ConditionObject.awaitNanos(AbstractQueuedSynchronizer.java:1763)
        at java.base@21.0.8/java.util.concurrent.LinkedBlockingQueue.poll(LinkedBlockingQueue.java:460)
        at app//org.apache.hadoop.ipc.CallQueueManager.take(CallQueueManager.java:370)
        at app//org.apache.hadoop.ipc.Server$Handler.run(Server.java:3165)
"timer4" daemon prio=5 tid=1119 timed_waiting
java.lang.Thread.State: TIMED_WAITING
        at java.base@21.0.8/java.lang.Object.wait0(Native Method)
        at java.base@21.0.8/java.lang.Object.wait(Object.java:366)
        at java.base@21.0.8/java.util.TimerThread.mainLoop(Timer.java:563)
        at java.base@21.0.8/java.util.TimerThread.run(Timer.java:516)
"Socket Reader #10 for port 15003" daemon prio=5 tid=85 runnable
java.lang.Thread.State: RUNNABLE
        at java.base@21.0.8/sun.nio.ch.EPoll.wait(Native Method)
        at java.base@21.0.8/sun.nio.ch.EPollSelectorImpl.doSelect(EPollSelectorImpl.java:121)
        at java.base@21.0.8/sun.nio.ch.SelectorImpl.lockAndDoSelect(SelectorImpl.java:130)
        at java.base@21.0.8/sun.nio.ch.SelectorImpl.select(SelectorImpl.java:147)
        at app//org.apache.hadoop.ipc.Server$Listener$Reader.doRunLoop(Server.java:1497)
        at app//org.apache.hadoop.ipc.Server$Listener$Reader.run(Server.java:1476)
"om1-DirectoryDeletingService#0" daemon prio=5 tid=475 in Object.wait()
java.lang.Thread.State: WAITING (on object monitor)
        at java.base@21.0.8/jdk.internal.misc.Unsafe.park(Native Method)
        at java.base@21.0.8/java.util.concurrent.locks.LockSupport.park(LockSupport.java:371)
        at java.base@21.0.8/java.util.concurrent.locks.AbstractQueuedSynchronizer$ConditionNode.block(AbstractQueuedSynchronizer.java:519)
        at java.base@21.0.8/java.util.concurrent.ForkJoinPool.unmanagedBlock(ForkJoinPool.java:3780)
        at java.base@21.0.8/java.util.concurrent.ForkJoinPool.managedBlock(ForkJoinPool.java:3725)
        at java.base@21.0.8/java.util.concurrent.locks.AbstractQueuedSynchronizer$ConditionObject.await(AbstractQueuedSynchronizer.java:1712)
        at java.base@21.0.8/java.util.concurrent.ScheduledThreadPoolExecutor$DelayedWorkQueue.take(ScheduledThreadPoolExecutor.java:1177)
        at java.base@21.0.8/java.util.concurrent.ScheduledThreadPoolExecutor$DelayedWorkQueue.take(ScheduledThreadPoolExecutor.java:899)
        at java.base@21.0.8/java.util.concurrent.ThreadPoolExecutor.getTask(ThreadPoolExecutor.java:1070)
        at java.base@21.0.8/java.util.concurrent.ThreadPoolExecutor.runWorker(ThreadPoolExecutor.java:1130)
        at java.base@21.0.8/java.util.concurrent.ThreadPoolExecutor$Worker.run(ThreadPoolExecutor.java:642)
        at java.base@21.0.8/java.lang.Thread.runWith(Thread.java:1596)
        at java.base@21.0.8/java.lang.Thread.run(Thread.java:1583)
"Session-HouseKeeper-6933fae3-1"  prio=5 tid=772 timed_waiting
java.lang.Thread.State: TIMED_WAITING
        at java.base@21.0.8/jdk.internal.misc.Unsafe.park(Native Method)
        at java.base@21.0.8/java.util.concurrent.locks.LockSupport.parkNanos(LockSupport.java:269)
        at java.base@21.0.8/java.util.concurrent.locks.AbstractQueuedSynchronizer$ConditionObject.awaitNanos(AbstractQueuedSynchronizer.java:1763)
        at java.base@21.0.8/java.util.concurrent.ScheduledThreadPoolExecutor$DelayedWorkQueue.take(ScheduledThreadPoolExecutor.java:1182)
        at java.base@21.0.8/java.util.concurrent.ScheduledThreadPoolExecutor$DelayedWorkQueue.take(ScheduledThreadPoolExecutor.java:899)
        at java.base@21.0.8/java.util.concurrent.ThreadPoolExecutor.getTask(ThreadPoolExecutor.java:1070)
        at java.base@21.0.8/java.util.concurrent.ThreadPoolExecutor.runWorker(ThreadPoolExecutor.java:1130)
        at java.base@21.0.8/java.util.concurrent.ThreadPoolExecutor$Worker.run(ThreadPoolExecutor.java:642)
        at java.base@21.0.8/java.lang.Thread.runWith(Thread.java:1596)
        at java.base@21.0.8/java.lang.Thread.run(Thread.java:1583)
"IPC Server handler 97 on default port 15004" daemon prio=5 tid=435 timed_waiting
java.lang.Thread.State: TIMED_WAITING
        at java.base@21.0.8/jdk.internal.misc.Unsafe.park(Native Method)
        at java.base@21.0.8/java.util.concurrent.locks.LockSupport.parkNanos(LockSupport.java:269)
        at java.base@21.0.8/java.util.concurrent.locks.AbstractQueuedSynchronizer$ConditionObject.awaitNanos(AbstractQueuedSynchronizer.java:1763)
        at java.base@21.0.8/java.util.concurrent.LinkedBlockingQueue.poll(LinkedBlockingQueue.java:460)
        at app//org.apache.hadoop.ipc.CallQueueManager.take(CallQueueManager.java:370)
        at app//org.apache.hadoop.ipc.Server$Handler.run(Server.java:3165)
"IPC Server handler 8 on default port 15008" daemon prio=5 tid=500 timed_waiting
java.lang.Thread.State: TIMED_WAITING
        at java.base@21.0.8/jdk.internal.misc.Unsafe.park(Native Method)
        at java.base@21.0.8/java.util.concurrent.locks.LockSupport.parkNanos(LockSupport.java:269)
        at java.base@21.0.8/java.util.concurrent.locks.AbstractQueuedSynchronizer$ConditionObject.awaitNanos(AbstractQueuedSynchronizer.java:1763)
        at java.base@21.0.8/java.util.concurrent.LinkedBlockingQueue.poll(LinkedBlockingQueue.java:460)
        at app//org.apache.hadoop.ipc.CallQueueManager.take(CallQueueManager.java:370)
        at app//org.apache.hadoop.ipc.Server$Handler.run(Server.java:3165)
"IPC Server handler 30 on default port 15004" daemon prio=5 tid=368 timed_waiting
java.lang.Thread.State: TIMED_WAITING
        at java.base@21.0.8/jdk.internal.misc.Unsafe.park(Native Method)
        at java.base@21.0.8/java.util.concurrent.locks.LockSupport.parkNanos(LockSupport.java:269)
        at java.base@21.0.8/java.util.concurrent.locks.AbstractQueuedSynchronizer$ConditionObject.awaitNanos(AbstractQueuedSynchronizer.java:1763)
        at java.base@21.0.8/java.util.concurrent.LinkedBlockingQueue.poll(LinkedBlockingQueue.java:460)
        at app//org.apache.hadoop.ipc.CallQueueManager.take(CallQueueManager.java:370)
        at app//org.apache.hadoop.ipc.Server$Handler.run(Server.java:3165)
"IPC Server handler 2 on default port 15029" daemon prio=5 tid=789 timed_waiting
java.lang.Thread.State: TIMED_WAITING
        at java.base@21.0.8/jdk.internal.misc.Unsafe.park(Native Method)
        at java.base@21.0.8/java.util.concurrent.locks.LockSupport.parkNanos(LockSupport.java:269)
        at java.base@21.0.8/java.util.concurrent.locks.AbstractQueuedSynchronizer$ConditionObject.awaitNanos(AbstractQueuedSynchronizer.java:1763)
        at java.base@21.0.8/java.util.concurrent.LinkedBlockingQueue.poll(LinkedBlockingQueue.java:460)
        at app//org.apache.hadoop.ipc.CallQueueManager.take(CallQueueManager.java:370)
        at app//org.apache.hadoop.ipc.Server$Handler.run(Server.java:3165)
"7d2db622-5327-4122-ba03-be97b5575303-PeriodicHDDSVolumeChecker" daemon prio=5 tid=931 timed_waiting
java.lang.Thread.State: TIMED_WAITING
        at java.base@21.0.8/jdk.internal.misc.Unsafe.park(Native Method)
        at java.base@21.0.8/java.util.concurrent.locks.LockSupport.parkNanos(LockSupport.java:269)
        at java.base@21.0.8/java.util.concurrent.locks.AbstractQueuedSynchronizer$ConditionObject.awaitNanos(AbstractQueuedSynchronizer.java:1763)
        at java.base@21.0.8/java.util.concurrent.ScheduledThreadPoolExecutor$DelayedWorkQueue.take(ScheduledThreadPoolExecutor.java:1182)
        at java.base@21.0.8/java.util.concurrent.ScheduledThreadPoolExecutor$DelayedWorkQueue.take(ScheduledThreadPoolExecutor.java:899)
        at java.base@21.0.8/java.util.concurrent.ThreadPoolExecutor.getTask(ThreadPoolExecutor.java:1070)
        at java.base@21.0.8/java.util.concurrent.ThreadPoolExecutor.runWorker(ThreadPoolExecutor.java:1130)
        at java.base@21.0.8/java.util.concurrent.ThreadPoolExecutor$Worker.run(ThreadPoolExecutor.java:642)
        at java.base@21.0.8/java.lang.Thread.runWith(Thread.java:1596)
        at java.base@21.0.8/java.lang.Thread.run(Thread.java:1583)
"IPC Server handler 78 on default port 15003" daemon prio=5 tid=298 timed_waiting
java.lang.Thread.State: TIMED_WAITING
        at java.base@21.0.8/jdk.internal.misc.Unsafe.park(Native Method)
        at java.base@21.0.8/java.util.concurrent.locks.LockSupport.parkNanos(LockSupport.java:269)
        at java.base@21.0.8/java.util.concurrent.locks.AbstractQueuedSynchronizer$ConditionObject.awaitNanos(AbstractQueuedSynchronizer.java:1763)
        at java.base@21.0.8/java.util.concurrent.LinkedBlockingQueue.poll(LinkedBlockingQueue.java:460)
        at app//org.apache.hadoop.ipc.CallQueueManager.take(CallQueueManager.java:370)
        at app//org.apache.hadoop.ipc.Server$Handler.run(Server.java:3165)
"IPC Server handler 80 on default port 15004" daemon prio=5 tid=418 timed_waiting
java.lang.Thread.State: TIMED_WAITING
        at java.base@21.0.8/jdk.internal.misc.Unsafe.park(Native Method)
        at java.base@21.0.8/java.util.concurrent.locks.LockSupport.parkNanos(LockSupport.java:269)
        at java.base@21.0.8/java.util.concurrent.locks.AbstractQueuedSynchronizer$ConditionObject.awaitNanos(AbstractQueuedSynchronizer.java:1763)
        at java.base@21.0.8/java.util.concurrent.LinkedBlockingQueue.poll(LinkedBlockingQueue.java:460)
        at app//org.apache.hadoop.ipc.CallQueueManager.take(CallQueueManager.java:370)
        at app//org.apache.hadoop.ipc.Server$Handler.run(Server.java:3165)
"IPC Server handler 18 on default port 15001" daemon prio=5 tid=576 timed_waiting
java.lang.Thread.State: TIMED_WAITING
        at java.base@21.0.8/jdk.internal.misc.Unsafe.park(Native Method)
        at java.base@21.0.8/java.util.concurrent.locks.LockSupport.parkNanos(LockSupport.java:269)
        at java.base@21.0.8/java.util.concurrent.locks.AbstractQueuedSynchronizer$ConditionObject.awaitNanos(AbstractQueuedSynchronizer.java:1763)
        at java.base@21.0.8/java.util.concurrent.LinkedBlockingQueue.poll(LinkedBlockingQueue.java:460)
        at app//org.apache.hadoop.ipc.CallQueueManager.take(CallQueueManager.java:370)
        at app//org.apache.hadoop.ipc.Server$Handler.run(Server.java:3165)
"IPC Server handler 2 on default port 15003" daemon prio=5 tid=222 timed_waiting
java.lang.Thread.State: TIMED_WAITING
        at java.base@21.0.8/jdk.internal.misc.Unsafe.park(Native Method)
        at java.base@21.0.8/java.util.concurrent.locks.LockSupport.parkNanos(LockSupport.java:269)
        at java.base@21.0.8/java.util.concurrent.locks.AbstractQueuedSynchronizer$ConditionObject.awaitNanos(AbstractQueuedSynchronizer.java:1763)
        at java.base@21.0.8/java.util.concurrent.LinkedBlockingQueue.poll(LinkedBlockingQueue.java:460)
        at app//org.apache.hadoop.ipc.CallQueueManager.take(CallQueueManager.java:370)
        at app//org.apache.hadoop.ipc.Server$Handler.run(Server.java:3165)
"IPC Server handler 27 on default port 15004" daemon prio=5 tid=365 timed_waiting
java.lang.Thread.State: TIMED_WAITING
        at java.base@21.0.8/jdk.internal.misc.Unsafe.park(Native Method)
        at java.base@21.0.8/java.util.concurrent.locks.LockSupport.parkNanos(LockSupport.java:269)
        at java.base@21.0.8/java.util.concurrent.locks.AbstractQueuedSynchronizer$ConditionObject.awaitNanos(AbstractQueuedSynchronizer.java:1763)
        at java.base@21.0.8/java.util.concurrent.LinkedBlockingQueue.poll(LinkedBlockingQueue.java:460)
        at app//org.apache.hadoop.ipc.CallQueueManager.take(CallQueueManager.java:370)
        at app//org.apache.hadoop.ipc.Server$Handler.run(Server.java:3165)
"IPC Server handler 7 on default port 15002" daemon prio=5 tid=127 timed_waiting
java.lang.Thread.State: TIMED_WAITING
        at java.base@21.0.8/jdk.internal.misc.Unsafe.park(Native Method)
        at java.base@21.0.8/java.util.concurrent.locks.LockSupport.parkNanos(LockSupport.java:269)
        at java.base@21.0.8/java.util.concurrent.locks.AbstractQueuedSynchronizer$ConditionObject.awaitNanos(AbstractQueuedSynchronizer.java:1763)
        at java.base@21.0.8/java.util.concurrent.LinkedBlockingQueue.poll(LinkedBlockingQueue.java:460)
        at app//org.apache.hadoop.ipc.CallQueueManager.take(CallQueueManager.java:370)
        at app//org.apache.hadoop.ipc.Server$Handler.run(Server.java:3165)
"IPC Server handler 0 on default port 15004" daemon prio=5 tid=338 timed_waiting
java.lang.Thread.State: TIMED_WAITING
        at java.base@21.0.8/jdk.internal.misc.Unsafe.park(Native Method)
        at java.base@21.0.8/java.util.concurrent.locks.LockSupport.parkNanos(LockSupport.java:269)
        at java.base@21.0.8/java.util.concurrent.locks.AbstractQueuedSynchronizer$ConditionObject.awaitNanos(AbstractQueuedSynchronizer.java:1763)
        at java.base@21.0.8/java.util.concurrent.LinkedBlockingQueue.poll(LinkedBlockingQueue.java:460)
        at app//org.apache.hadoop.ipc.CallQueueManager.take(CallQueueManager.java:370)
        at app//org.apache.hadoop.ipc.Server$Handler.run(Server.java:3165)
"Socket Reader #8 for port 15008" daemon prio=5 tid=457 runnable
java.lang.Thread.State: RUNNABLE
        at java.base@21.0.8/sun.nio.ch.EPoll.wait(Native Method)
        at java.base@21.0.8/sun.nio.ch.EPollSelectorImpl.doSelect(EPollSelectorImpl.java:121)
        at java.base@21.0.8/sun.nio.ch.SelectorImpl.lockAndDoSelect(SelectorImpl.java:130)
        at java.base@21.0.8/sun.nio.ch.SelectorImpl.select(SelectorImpl.java:147)
        at app//org.apache.hadoop.ipc.Server$Listener$Reader.doRunLoop(Server.java:1497)
        at app//org.apache.hadoop.ipc.Server$Listener$Reader.run(Server.java:1476)
"74afb32b-8e70-4799-b16c-dc9602d9dbb6-ChunkReader-ELG-0" daemon prio=5 tid=1024 runnable
java.lang.Thread.State: RUNNABLE
        at app//org.apache.ratis.thirdparty.io.netty.channel.epoll.Native.epollWait(Native Method)
        at app//org.apache.ratis.thirdparty.io.netty.channel.epoll.Native.epollWait(Native.java:220)
        at app//org.apache.ratis.thirdparty.io.netty.channel.epoll.Native.epollWait(Native.java:213)
        at app//org.apache.ratis.thirdparty.io.netty.channel.epoll.EpollEventLoop.epollWaitNoTimerChange(EpollEventLoop.java:308)
        at app//org.apache.ratis.thirdparty.io.netty.channel.epoll.EpollEventLoop.run(EpollEventLoop.java:365)
        at app//org.apache.ratis.thirdparty.io.netty.util.concurrent.SingleThreadEventExecutor$4.run(SingleThreadEventExecutor.java:998)
        at app//org.apache.ratis.thirdparty.io.netty.util.internal.ThreadExecutorMap$2.run(ThreadExecutorMap.java:74)
        at java.base@21.0.8/java.lang.Thread.runWith(Thread.java:1596)
        at java.base@21.0.8/java.lang.Thread.run(Thread.java:1583)
"IPC Server handler 57 on default port 15004" daemon prio=5 tid=395 timed_waiting
java.lang.Thread.State: TIMED_WAITING
        at java.base@21.0.8/jdk.internal.misc.Unsafe.park(Native Method)
        at java.base@21.0.8/java.util.concurrent.locks.LockSupport.parkNanos(LockSupport.java:269)
        at java.base@21.0.8/java.util.concurrent.locks.AbstractQueuedSynchronizer$ConditionObject.awaitNanos(AbstractQueuedSynchronizer.java:1763)
        at java.base@21.0.8/java.util.concurrent.LinkedBlockingQueue.poll(LinkedBlockingQueue.java:460)
        at app//org.apache.hadoop.ipc.CallQueueManager.take(CallQueueManager.java:370)
        at app//org.apache.hadoop.ipc.Server$Handler.run(Server.java:3165)
"qtp473358662-908" daemon prio=5 tid=908 runnable
java.lang.Thread.State: RUNNABLE
        at java.base@21.0.8/sun.nio.ch.EPoll.wait(Native Method)
        at java.base@21.0.8/sun.nio.ch.EPollSelectorImpl.doSelect(EPollSelectorImpl.java:121)
        at java.base@21.0.8/sun.nio.ch.SelectorImpl.lockAndDoSelect(SelectorImpl.java:130)
        at java.base@21.0.8/sun.nio.ch.SelectorImpl.select(SelectorImpl.java:147)
        at app//org.eclipse.jetty.io.ManagedSelector.nioSelect(ManagedSelector.java:183)
        at app//org.eclipse.jetty.io.ManagedSelector.select(ManagedSelector.java:190)
        at app//org.eclipse.jetty.io.ManagedSelector$SelectorProducer.select(ManagedSelector.java:606)
        at app//org.eclipse.jetty.io.ManagedSelector$SelectorProducer.produce(ManagedSelector.java:543)
        at app//org.eclipse.jetty.util.thread.strategy.EatWhatYouKill.produceTask(EatWhatYouKill.java:362)
        at app//org.eclipse.jetty.util.thread.strategy.EatWhatYouKill.doProduce(EatWhatYouKill.java:186)
        at app//org.eclipse.jetty.util.thread.strategy.EatWhatYouKill.tryProduce(EatWhatYouKill.java:173)
        at app//org.eclipse.jetty.util.thread.strategy.EatWhatYouKill.produce(EatWhatYouKill.java:137)
        at app//org.eclipse.jetty.io.ManagedSelector$$Lambda/0x00007f9d6c6e5f08.run(Unknown Source)
        at app//org.eclipse.jetty.util.thread.QueuedThreadPool.runJob(QueuedThreadPool.java:883)
        at app//org.eclipse.jetty.util.thread.QueuedThreadPool$Runner.run(QueuedThreadPool.java:1034)
        at java.base@21.0.8/java.lang.Thread.runWith(Thread.java:1596)
        at java.base@21.0.8/java.lang.Thread.run(Thread.java:1583)
"qtp473358662-913" daemon prio=5 tid=913 timed_waiting
java.lang.Thread.State: TIMED_WAITING
        at java.base@21.0.8/jdk.internal.misc.Unsafe.park(Native Method)
        at java.base@21.0.8/java.util.concurrent.locks.LockSupport.parkNanos(LockSupport.java:269)
        at java.base@21.0.8/java.util.concurrent.locks.AbstractQueuedSynchronizer$ConditionObject.awaitNanos(AbstractQueuedSynchronizer.java:1763)
        at app//org.eclipse.jetty.util.BlockingArrayQueue.poll(BlockingArrayQueue.java:382)
        at app//org.eclipse.jetty.util.thread.QueuedThreadPool$Runner.idleJobPoll(QueuedThreadPool.java:974)
        at app//org.eclipse.jetty.util.thread.QueuedThreadPool$Runner.run(QueuedThreadPool.java:1018)
        at java.base@21.0.8/java.lang.Thread.runWith(Thread.java:1596)
        at java.base@21.0.8/java.lang.Thread.run(Thread.java:1583)
"IPC Server handler 88 on default port 15002" daemon prio=5 tid=208 timed_waiting
java.lang.Thread.State: TIMED_WAITING
        at java.base@21.0.8/jdk.internal.misc.Unsafe.park(Native Method)
        at java.base@21.0.8/java.util.concurrent.locks.LockSupport.parkNanos(LockSupport.java:269)
        at java.base@21.0.8/java.util.concurrent.locks.AbstractQueuedSynchronizer$ConditionObject.awaitNanos(AbstractQueuedSynchronizer.java:1763)
        at java.base@21.0.8/java.util.concurrent.LinkedBlockingQueue.poll(LinkedBlockingQueue.java:460)
        at app//org.apache.hadoop.ipc.CallQueueManager.take(CallQueueManager.java:370)
        at app//org.apache.hadoop.ipc.Server$Handler.run(Server.java:3165)
"Socket Reader #6 for port 15008" daemon prio=5 tid=455 runnable
java.lang.Thread.State: RUNNABLE
        at java.base@21.0.8/sun.nio.ch.EPoll.wait(Native Method)
        at java.base@21.0.8/sun.nio.ch.EPollSelectorImpl.doSelect(EPollSelectorImpl.java:121)
        at java.base@21.0.8/sun.nio.ch.SelectorImpl.lockAndDoSelect(SelectorImpl.java:130)
        at java.base@21.0.8/sun.nio.ch.SelectorImpl.select(SelectorImpl.java:147)
        at app//org.apache.hadoop.ipc.Server$Listener$Reader.doRunLoop(Server.java:1497)
        at app//org.apache.hadoop.ipc.Server$Listener$Reader.run(Server.java:1476)
"Recon-EventQueue-NodeReportForNodeReportHandler" daemon prio=5 tid=1005 in Object.wait()
java.lang.Thread.State: WAITING (on object monitor)
        at java.base@21.0.8/jdk.internal.misc.Unsafe.park(Native Method)
        at java.base@21.0.8/java.util.concurrent.locks.LockSupport.park(LockSupport.java:371)
        at java.base@21.0.8/java.util.concurrent.locks.AbstractQueuedSynchronizer$ConditionNode.block(AbstractQueuedSynchronizer.java:519)
        at java.base@21.0.8/java.util.concurrent.ForkJoinPool.unmanagedBlock(ForkJoinPool.java:3780)
        at java.base@21.0.8/java.util.concurrent.ForkJoinPool.managedBlock(ForkJoinPool.java:3725)
        at java.base@21.0.8/java.util.concurrent.locks.AbstractQueuedSynchronizer$ConditionObject.await(AbstractQueuedSynchronizer.java:1712)
        at java.base@21.0.8/java.util.concurrent.LinkedBlockingQueue.take(LinkedBlockingQueue.java:435)
        at java.base@21.0.8/java.util.concurrent.ThreadPoolExecutor.getTask(ThreadPoolExecutor.java:1070)
        at java.base@21.0.8/java.util.concurrent.ThreadPoolExecutor.runWorker(ThreadPoolExecutor.java:1130)
        at java.base@21.0.8/java.util.concurrent.ThreadPoolExecutor$Worker.run(ThreadPoolExecutor.java:642)
        at java.base@21.0.8/java.lang.Thread.runWith(Thread.java:1596)
        at java.base@21.0.8/java.lang.Thread.run(Thread.java:1583)
"c11f8a16-55ee-4f22-a5a5-7daf2dffa753-CloseContainerThread-0"  prio=5 tid=1291 in Object.wait()
java.lang.Thread.State: WAITING (on object monitor)
        at java.base@21.0.8/jdk.internal.misc.Unsafe.park(Native Method)
        at java.base@21.0.8/java.util.concurrent.locks.LockSupport.park(LockSupport.java:371)
        at java.base@21.0.8/java.util.concurrent.locks.AbstractQueuedSynchronizer$ConditionNode.block(AbstractQueuedSynchronizer.java:519)
        at java.base@21.0.8/java.util.concurrent.ForkJoinPool.unmanagedBlock(ForkJoinPool.java:3780)
        at java.base@21.0.8/java.util.concurrent.ForkJoinPool.managedBlock(ForkJoinPool.java:3725)
        at java.base@21.0.8/java.util.concurrent.locks.AbstractQueuedSynchronizer$ConditionObject.await(AbstractQueuedSynchronizer.java:1712)
        at java.base@21.0.8/java.util.concurrent.LinkedBlockingQueue.take(LinkedBlockingQueue.java:435)
        at java.base@21.0.8/java.util.concurrent.ThreadPoolExecutor.getTask(ThreadPoolExecutor.java:1070)
        at java.base@21.0.8/java.util.concurrent.ThreadPoolExecutor.runWorker(ThreadPoolExecutor.java:1130)
        at java.base@21.0.8/java.util.concurrent.ThreadPoolExecutor$Worker.run(ThreadPoolExecutor.java:642)
        at java.base@21.0.8/java.lang.Thread.runWith(Thread.java:1596)
        at java.base@21.0.8/java.lang.Thread.run(Thread.java:1583)
"IPC Server handler 40 on default port 15003" daemon prio=5 tid=260 timed_waiting
java.lang.Thread.State: TIMED_WAITING
        at java.base@21.0.8/jdk.internal.misc.Unsafe.park(Native Method)
        at java.base@21.0.8/java.util.concurrent.locks.LockSupport.parkNanos(LockSupport.java:269)
        at java.base@21.0.8/java.util.concurrent.locks.AbstractQueuedSynchronizer$ConditionObject.awaitNanos(AbstractQueuedSynchronizer.java:1763)
        at java.base@21.0.8/java.util.concurrent.LinkedBlockingQueue.poll(LinkedBlockingQueue.java:460)
        at app//org.apache.hadoop.ipc.CallQueueManager.take(CallQueueManager.java:370)
        at app//org.apache.hadoop.ipc.Server$Handler.run(Server.java:3165)
"IPC Server handler 69 on default port 15003" daemon prio=5 tid=289 timed_waiting
java.lang.Thread.State: TIMED_WAITING
        at java.base@21.0.8/jdk.internal.misc.Unsafe.park(Native Method)
        at java.base@21.0.8/java.util.concurrent.locks.LockSupport.parkNanos(LockSupport.java:269)
        at java.base@21.0.8/java.util.concurrent.locks.AbstractQueuedSynchronizer$ConditionObject.awaitNanos(AbstractQueuedSynchronizer.java:1763)
        at java.base@21.0.8/java.util.concurrent.LinkedBlockingQueue.poll(LinkedBlockingQueue.java:460)
        at app//org.apache.hadoop.ipc.CallQueueManager.take(CallQueueManager.java:370)
        at app//org.apache.hadoop.ipc.Server$Handler.run(Server.java:3165)
"SCMHATransactionMonitor" daemon prio=5 tid=118 timed_waiting
java.lang.Thread.State: TIMED_WAITING
        at java.base@21.0.8/java.lang.Object.wait0(Native Method)
        at java.base@21.0.8/java.lang.Object.wait(Object.java:366)
        at app//org.apache.hadoop.hdds.scm.ha.BackgroundSCMService.run(BackgroundSCMService.java:106)
        at app//org.apache.hadoop.hdds.scm.ha.BackgroundSCMService$$Lambda/0x00007f9d6c505440.run(Unknown Source)
        at java.base@21.0.8/java.lang.Thread.runWith(Thread.java:1596)
        at java.base@21.0.8/java.lang.Thread.run(Thread.java:1583)
"JvmPauseMonitor2" daemon prio=5 tid=467 timed_waiting
java.lang.Thread.State: TIMED_WAITING
        at java.base@21.0.8/java.lang.Thread.sleep0(Native Method)
        at java.base@21.0.8/java.lang.Thread.sleep(Thread.java:558)
        at java.base@21.0.8/java.util.concurrent.TimeUnit.sleep(TimeUnit.java:446)
        at app//org.apache.ratis.util.TimeDuration.sleep(TimeDuration.java:353)
        at app//org.apache.ratis.util.TimeDuration.sleep(TimeDuration.java:338)
        at app//org.apache.ratis.util.JvmPauseMonitor.detectPause(JvmPauseMonitor.java:160)
        at app//org.apache.ratis.util.JvmPauseMonitor.run(JvmPauseMonitor.java:149)
        at app//org.apache.ratis.util.JvmPauseMonitor$$Lambda/0x00007f9d6c3ae540.run(Unknown Source)
        at java.base@21.0.8/java.lang.Thread.runWith(Thread.java:1596)
        at java.base@21.0.8/java.lang.Thread.run(Thread.java:1583)
"Socket Reader #1 for port 15008" daemon prio=5 tid=450 runnable
java.lang.Thread.State: RUNNABLE
        at java.base@21.0.8/sun.nio.ch.EPoll.wait(Native Method)
        at java.base@21.0.8/sun.nio.ch.EPollSelectorImpl.doSelect(EPollSelectorImpl.java:121)
        at java.base@21.0.8/sun.nio.ch.SelectorImpl.lockAndDoSelect(SelectorImpl.java:130)
        at java.base@21.0.8/sun.nio.ch.SelectorImpl.select(SelectorImpl.java:147)
        at app//org.apache.hadoop.ipc.Server$Listener$Reader.doRunLoop(Server.java:1497)
        at app//org.apache.hadoop.ipc.Server$Listener$Reader.run(Server.java:1476)
"IPC Client (962379034) connection to localhost/127.0.0.1:15008 from runner" daemon prio=5 tid=1154 timed_waiting
java.lang.Thread.State: TIMED_WAITING
        at java.base@21.0.8/java.lang.Object.wait0(Native Method)
        at java.base@21.0.8/java.lang.Object.wait(Object.java:366)
        at app//org.apache.hadoop.ipc.Client$Connection.waitForWork(Client.java:1042)
        at app//org.apache.hadoop.ipc.Client$Connection.run(Client.java:1093)
"IPC Server handler 24 on default port 15001" daemon prio=5 tid=582 timed_waiting
java.lang.Thread.State: TIMED_WAITING
        at java.base@21.0.8/jdk.internal.misc.Unsafe.park(Native Method)
        at java.base@21.0.8/java.util.concurrent.locks.LockSupport.parkNanos(LockSupport.java:269)
        at java.base@21.0.8/java.util.concurrent.locks.AbstractQueuedSynchronizer$ConditionObject.awaitNanos(AbstractQueuedSynchronizer.java:1763)
        at java.base@21.0.8/java.util.concurrent.LinkedBlockingQueue.poll(LinkedBlockingQueue.java:460)
        at app//org.apache.hadoop.ipc.CallQueueManager.take(CallQueueManager.java:370)
        at app//org.apache.hadoop.ipc.Server$Handler.run(Server.java:3165)
"IPC Server handler 0 on default port 15029" daemon prio=5 tid=787 timed_waiting
java.lang.Thread.State: TIMED_WAITING
        at java.base@21.0.8/jdk.internal.misc.Unsafe.park(Native Method)
        at java.base@21.0.8/java.util.concurrent.locks.LockSupport.parkNanos(LockSupport.java:269)
        at java.base@21.0.8/java.util.concurrent.locks.AbstractQueuedSynchronizer$ConditionObject.awaitNanos(AbstractQueuedSynchronizer.java:1763)
        at java.base@21.0.8/java.util.concurrent.LinkedBlockingQueue.poll(LinkedBlockingQueue.java:460)
        at app//org.apache.hadoop.ipc.CallQueueManager.take(CallQueueManager.java:370)
        at app//org.apache.hadoop.ipc.Server$Handler.run(Server.java:3165)
"Socket Reader #2 for port 15001" daemon prio=5 tid=522 runnable
java.lang.Thread.State: RUNNABLE
        at java.base@21.0.8/sun.nio.ch.EPoll.wait(Native Method)
        at java.base@21.0.8/sun.nio.ch.EPollSelectorImpl.doSelect(EPollSelectorImpl.java:121)
        at java.base@21.0.8/sun.nio.ch.SelectorImpl.lockAndDoSelect(SelectorImpl.java:130)
        at java.base@21.0.8/sun.nio.ch.SelectorImpl.select(SelectorImpl.java:147)
        at app//org.apache.hadoop.ipc.Server$Listener$Reader.doRunLoop(Server.java:1497)
        at app//org.apache.hadoop.ipc.Server$Listener$Reader.run(Server.java:1476)
"Socket Reader #3 for port 15037" daemon prio=5 tid=853 runnable
java.lang.Thread.State: RUNNABLE
        at java.base@21.0.8/sun.nio.ch.EPoll.wait(Native Method)
        at java.base@21.0.8/sun.nio.ch.EPollSelectorImpl.doSelect(EPollSelectorImpl.java:121)
        at java.base@21.0.8/sun.nio.ch.SelectorImpl.lockAndDoSelect(SelectorImpl.java:130)
        at java.base@21.0.8/sun.nio.ch.SelectorImpl.select(SelectorImpl.java:147)
        at app//org.apache.hadoop.ipc.Server$Listener$Reader.doRunLoop(Server.java:1497)
        at app//org.apache.hadoop.ipc.Server$Listener$Reader.run(Server.java:1476)
"IPC Server handler 3 on default port 15037" daemon prio=5 tid=867 timed_waiting
java.lang.Thread.State: TIMED_WAITING
        at java.base@21.0.8/jdk.internal.misc.Unsafe.park(Native Method)
        at java.base@21.0.8/java.util.concurrent.locks.LockSupport.parkNanos(LockSupport.java:269)
        at java.base@21.0.8/java.util.concurrent.locks.AbstractQueuedSynchronizer$ConditionObject.awaitNanos(AbstractQueuedSynchronizer.java:1763)
        at java.base@21.0.8/java.util.concurrent.LinkedBlockingQueue.poll(LinkedBlockingQueue.java:460)
        at app//org.apache.hadoop.ipc.CallQueueManager.take(CallQueueManager.java:370)
        at app//org.apache.hadoop.ipc.Server$Handler.run(Server.java:3165)
"IPC Server Responder" daemon prio=5 tid=73 runnable
java.lang.Thread.State: RUNNABLE
        at java.base@21.0.8/sun.nio.ch.EPoll.wait(Native Method)
        at java.base@21.0.8/sun.nio.ch.EPollSelectorImpl.doSelect(EPollSelectorImpl.java:121)
        at java.base@21.0.8/sun.nio.ch.SelectorImpl.lockAndDoSelect(SelectorImpl.java:130)
        at java.base@21.0.8/sun.nio.ch.SelectorImpl.select(SelectorImpl.java:142)
        at app//org.apache.hadoop.ipc.Server$Responder.doRunLoop(Server.java:1733)
        at app//org.apache.hadoop.ipc.Server$Responder.run(Server.java:1716)
"fc0351b7-0c71-4a2a-a0ca-337e5c0b1c14-RocksDBCompactionThread-0"  prio=5 tid=805 timed_waiting
java.lang.Thread.State: TIMED_WAITING
        at java.base@21.0.8/jdk.internal.misc.Unsafe.park(Native Method)
        at java.base@21.0.8/java.util.concurrent.locks.LockSupport.parkNanos(LockSupport.java:269)
        at java.base@21.0.8/java.util.concurrent.locks.AbstractQueuedSynchronizer$ConditionObject.awaitNanos(AbstractQueuedSynchronizer.java:1763)
        at java.base@21.0.8/java.util.concurrent.ScheduledThreadPoolExecutor$DelayedWorkQueue.take(ScheduledThreadPoolExecutor.java:1182)
        at java.base@21.0.8/java.util.concurrent.ScheduledThreadPoolExecutor$DelayedWorkQueue.take(ScheduledThreadPoolExecutor.java:899)
        at java.base@21.0.8/java.util.concurrent.ThreadPoolExecutor.getTask(ThreadPoolExecutor.java:1070)
        at java.base@21.0.8/java.util.concurrent.ThreadPoolExecutor.runWorker(ThreadPoolExecutor.java:1130)
        at java.base@21.0.8/java.util.concurrent.ThreadPoolExecutor$Worker.run(ThreadPoolExecutor.java:642)
        at java.base@21.0.8/java.lang.Thread.runWith(Thread.java:1596)
        at java.base@21.0.8/java.lang.Thread.run(Thread.java:1583)
"IPC Server handler 2 on default port 15045" daemon prio=5 tid=939 timed_waiting
java.lang.Thread.State: TIMED_WAITING
        at java.base@21.0.8/jdk.internal.misc.Unsafe.park(Native Method)
        at java.base@21.0.8/java.util.concurrent.locks.LockSupport.parkNanos(LockSupport.java:269)
        at java.base@21.0.8/java.util.concurrent.locks.AbstractQueuedSynchronizer$ConditionObject.awaitNanos(AbstractQueuedSynchronizer.java:1763)
        at java.base@21.0.8/java.util.concurrent.LinkedBlockingQueue.poll(LinkedBlockingQueue.java:460)
        at app//org.apache.hadoop.ipc.CallQueueManager.take(CallQueueManager.java:370)
        at app//org.apache.hadoop.ipc.Server$Handler.run(Server.java:3165)
"74afb32b-8e70-4799-b16c-dc9602d9dbb6-groupManagement"  prio=5 tid=1036 in Object.wait()
java.lang.Thread.State: WAITING (on object monitor)
        at java.base@21.0.8/jdk.internal.misc.Unsafe.park(Native Method)
        at java.base@21.0.8/java.util.concurrent.locks.LockSupport.park(LockSupport.java:371)
        at java.base@21.0.8/java.util.concurrent.locks.AbstractQueuedSynchronizer$ConditionNode.block(AbstractQueuedSynchronizer.java:519)
        at java.base@21.0.8/java.util.concurrent.ForkJoinPool.unmanagedBlock(ForkJoinPool.java:3780)
        at java.base@21.0.8/java.util.concurrent.ForkJoinPool.managedBlock(ForkJoinPool.java:3725)
        at java.base@21.0.8/java.util.concurrent.locks.AbstractQueuedSynchronizer$ConditionObject.await(AbstractQueuedSynchronizer.java:1712)
        at java.base@21.0.8/java.util.concurrent.LinkedBlockingQueue.take(LinkedBlockingQueue.java:435)
        at java.base@21.0.8/java.util.concurrent.ThreadPoolExecutor.getTask(ThreadPoolExecutor.java:1070)
        at java.base@21.0.8/java.util.concurrent.ThreadPoolExecutor.runWorker(ThreadPoolExecutor.java:1130)
        at java.base@21.0.8/java.util.concurrent.ThreadPoolExecutor$Worker.run(ThreadPoolExecutor.java:642)
        at java.base@21.0.8/java.lang.Thread.runWith(Thread.java:1596)
        at java.base@21.0.8/java.lang.Thread.run(Thread.java:1583)
"IPC Server handler 41 on default port 15001" daemon prio=5 tid=599 timed_waiting
java.lang.Thread.State: TIMED_WAITING
        at java.base@21.0.8/jdk.internal.misc.Unsafe.park(Native Method)
        at java.base@21.0.8/java.util.concurrent.locks.LockSupport.parkNanos(LockSupport.java:269)
        at java.base@21.0.8/java.util.concurrent.locks.AbstractQueuedSynchronizer$ConditionObject.awaitNanos(AbstractQueuedSynchronizer.java:1763)
        at java.base@21.0.8/java.util.concurrent.LinkedBlockingQueue.poll(LinkedBlockingQueue.java:460)
        at app//org.apache.hadoop.ipc.CallQueueManager.take(CallQueueManager.java:370)
        at app//org.apache.hadoop.ipc.Server$Handler.run(Server.java:3165)
"IPC Server handler 45 on default port 15001" daemon prio=5 tid=603 timed_waiting
java.lang.Thread.State: TIMED_WAITING
        at java.base@21.0.8/jdk.internal.misc.Unsafe.park(Native Method)
        at java.base@21.0.8/java.util.concurrent.locks.LockSupport.parkNanos(LockSupport.java:269)
        at java.base@21.0.8/java.util.concurrent.locks.AbstractQueuedSynchronizer$ConditionObject.awaitNanos(AbstractQueuedSynchronizer.java:1763)
        at java.base@21.0.8/java.util.concurrent.LinkedBlockingQueue.poll(LinkedBlockingQueue.java:460)
        at app//org.apache.hadoop.ipc.CallQueueManager.take(CallQueueManager.java:370)
        at app//org.apache.hadoop.ipc.Server$Handler.run(Server.java:3165)
"IPC Server handler 73 on default port 15003" daemon prio=5 tid=293 timed_waiting
java.lang.Thread.State: TIMED_WAITING
        at java.base@21.0.8/jdk.internal.misc.Unsafe.park(Native Method)
        at java.base@21.0.8/java.util.concurrent.locks.LockSupport.parkNanos(LockSupport.java:269)
        at java.base@21.0.8/java.util.concurrent.locks.AbstractQueuedSynchronizer$ConditionObject.awaitNanos(AbstractQueuedSynchronizer.java:1763)
        at java.base@21.0.8/java.util.concurrent.LinkedBlockingQueue.poll(LinkedBlockingQueue.java:460)
        at app//org.apache.hadoop.ipc.CallQueueManager.take(CallQueueManager.java:370)
        at app//org.apache.hadoop.ipc.Server$Handler.run(Server.java:3165)
"IPC Server handler 69 on default port 15002" daemon prio=5 tid=189 timed_waiting
java.lang.Thread.State: TIMED_WAITING
        at java.base@21.0.8/jdk.internal.misc.Unsafe.park(Native Method)
        at java.base@21.0.8/java.util.concurrent.locks.LockSupport.parkNanos(LockSupport.java:269)
        at java.base@21.0.8/java.util.concurrent.locks.AbstractQueuedSynchronizer$ConditionObject.awaitNanos(AbstractQueuedSynchronizer.java:1763)
        at java.base@21.0.8/java.util.concurrent.LinkedBlockingQueue.poll(LinkedBlockingQueue.java:460)
        at app//org.apache.hadoop.ipc.CallQueueManager.take(CallQueueManager.java:370)
        at app//org.apache.hadoop.ipc.Server$Handler.run(Server.java:3165)
"IPC Server handler 2 on default port 15037" daemon prio=5 tid=866 timed_waiting
java.lang.Thread.State: TIMED_WAITING
        at java.base@21.0.8/jdk.internal.misc.Unsafe.park(Native Method)
        at java.base@21.0.8/java.util.concurrent.locks.LockSupport.parkNanos(LockSupport.java:269)
        at java.base@21.0.8/java.util.concurrent.locks.AbstractQueuedSynchronizer$ConditionObject.awaitNanos(AbstractQueuedSynchronizer.java:1763)
        at java.base@21.0.8/java.util.concurrent.LinkedBlockingQueue.poll(LinkedBlockingQueue.java:460)
        at app//org.apache.hadoop.ipc.CallQueueManager.take(CallQueueManager.java:370)
        at app//org.apache.hadoop.ipc.Server$Handler.run(Server.java:3165)
"IPC Server handler 63 on default port 15003" daemon prio=5 tid=283 timed_waiting
java.lang.Thread.State: TIMED_WAITING
        at java.base@21.0.8/jdk.internal.misc.Unsafe.park(Native Method)
        at java.base@21.0.8/java.util.concurrent.locks.LockSupport.parkNanos(LockSupport.java:269)
        at java.base@21.0.8/java.util.concurrent.locks.AbstractQueuedSynchronizer$ConditionObject.awaitNanos(AbstractQueuedSynchronizer.java:1763)
        at java.base@21.0.8/java.util.concurrent.LinkedBlockingQueue.poll(LinkedBlockingQueue.java:460)
        at app//org.apache.hadoop.ipc.CallQueueManager.take(CallQueueManager.java:370)
        at app//org.apache.hadoop.ipc.Server$Handler.run(Server.java:3165)
"IPC Server handler 71 on default port 15004" daemon prio=5 tid=409 timed_waiting
java.lang.Thread.State: TIMED_WAITING
        at java.base@21.0.8/jdk.internal.misc.Unsafe.park(Native Method)
        at java.base@21.0.8/java.util.concurrent.locks.LockSupport.parkNanos(LockSupport.java:269)
        at java.base@21.0.8/java.util.concurrent.locks.AbstractQueuedSynchronizer$ConditionObject.awaitNanos(AbstractQueuedSynchronizer.java:1763)
        at java.base@21.0.8/java.util.concurrent.LinkedBlockingQueue.poll(LinkedBlockingQueue.java:460)
        at app//org.apache.hadoop.ipc.CallQueueManager.take(CallQueueManager.java:370)
        at app//org.apache.hadoop.ipc.Server$Handler.run(Server.java:3165)
"om1-KeyDeletingService#0" daemon prio=5 tid=472 in Object.wait()
java.lang.Thread.State: WAITING (on object monitor)
        at java.base@21.0.8/jdk.internal.misc.Unsafe.park(Native Method)
        at java.base@21.0.8/java.util.concurrent.locks.LockSupport.park(LockSupport.java:371)
        at java.base@21.0.8/java.util.concurrent.locks.AbstractQueuedSynchronizer$ConditionNode.block(AbstractQueuedSynchronizer.java:519)
        at java.base@21.0.8/java.util.concurrent.ForkJoinPool.unmanagedBlock(ForkJoinPool.java:3780)
        at java.base@21.0.8/java.util.concurrent.ForkJoinPool.managedBlock(ForkJoinPool.java:3725)
        at java.base@21.0.8/java.util.concurrent.locks.AbstractQueuedSynchronizer$ConditionObject.await(AbstractQueuedSynchronizer.java:1712)
        at java.base@21.0.8/java.util.concurrent.ScheduledThreadPoolExecutor$DelayedWorkQueue.take(ScheduledThreadPoolExecutor.java:1177)
        at java.base@21.0.8/java.util.concurrent.ScheduledThreadPoolExecutor$DelayedWorkQueue.take(ScheduledThreadPoolExecutor.java:899)
        at java.base@21.0.8/java.util.concurrent.ThreadPoolExecutor.getTask(ThreadPoolExecutor.java:1070)
        at java.base@21.0.8/java.util.concurrent.ThreadPoolExecutor.runWorker(ThreadPoolExecutor.java:1130)
        at java.base@21.0.8/java.util.concurrent.ThreadPoolExecutor$Worker.run(ThreadPoolExecutor.java:642)
        at java.base@21.0.8/java.lang.Thread.runWith(Thread.java:1596)
        at java.base@21.0.8/java.lang.Thread.run(Thread.java:1583)
"IPC Server handler 26 on default port 15002" daemon prio=5 tid=146 timed_waiting
java.lang.Thread.State: TIMED_WAITING
        at java.base@21.0.8/jdk.internal.misc.Unsafe.park(Native Method)
        at java.base@21.0.8/java.util.concurrent.locks.LockSupport.parkNanos(LockSupport.java:269)
        at java.base@21.0.8/java.util.concurrent.locks.AbstractQueuedSynchronizer$ConditionObject.awaitNanos(AbstractQueuedSynchronizer.java:1763)
        at java.base@21.0.8/java.util.concurrent.LinkedBlockingQueue.poll(LinkedBlockingQueue.java:460)
        at app//org.apache.hadoop.ipc.CallQueueManager.take(CallQueueManager.java:370)
        at app//org.apache.hadoop.ipc.Server$Handler.run(Server.java:3165)
"IPC Server idle connection scanner for port 15037" daemon prio=5 tid=861 timed_waiting
java.lang.Thread.State: TIMED_WAITING
        at java.base@21.0.8/java.lang.Object.wait0(Native Method)
        at java.base@21.0.8/java.lang.Object.wait(Object.java:366)
        at java.base@21.0.8/java.util.TimerThread.mainLoop(Timer.java:563)
        at java.base@21.0.8/java.util.TimerThread.run(Timer.java:516)
"IPC Server handler 8 on default port 15002" daemon prio=5 tid=128 timed_waiting
java.lang.Thread.State: TIMED_WAITING
        at java.base@21.0.8/jdk.internal.misc.Unsafe.park(Native Method)
        at java.base@21.0.8/java.util.concurrent.locks.LockSupport.parkNanos(LockSupport.java:269)
        at java.base@21.0.8/java.util.concurrent.locks.AbstractQueuedSynchronizer$ConditionObject.awaitNanos(AbstractQueuedSynchronizer.java:1763)
        at java.base@21.0.8/java.util.concurrent.LinkedBlockingQueue.poll(LinkedBlockingQueue.java:460)
        at app//org.apache.hadoop.ipc.CallQueueManager.take(CallQueueManager.java:370)
        at app//org.apache.hadoop.ipc.Server$Handler.run(Server.java:3165)
"IPC Server handler 0 on default port 15001" daemon prio=5 tid=558 timed_waiting
java.lang.Thread.State: TIMED_WAITING
        at java.base@21.0.8/jdk.internal.misc.Unsafe.park(Native Method)
        at java.base@21.0.8/java.util.concurrent.locks.LockSupport.parkNanos(LockSupport.java:269)
        at java.base@21.0.8/java.util.concurrent.locks.AbstractQueuedSynchronizer$ConditionObject.awaitNanos(AbstractQueuedSynchronizer.java:1763)
        at java.base@21.0.8/java.util.concurrent.LinkedBlockingQueue.poll(LinkedBlockingQueue.java:460)
        at app//org.apache.hadoop.ipc.CallQueueManager.take(CallQueueManager.java:370)
        at app//org.apache.hadoop.ipc.Server$Handler.run(Server.java:3165)
"IPC Parameter Sending Thread for 0.0.0.0/0.0.0.0:15002" daemon prio=5 tid=663 timed_waiting
java.lang.Thread.State: TIMED_WAITING
        at java.base@21.0.8/jdk.internal.misc.Unsafe.park(Native Method)
        at java.base@21.0.8/java.util.concurrent.locks.LockSupport.parkNanos(LockSupport.java:410)
        at java.base@21.0.8/java.util.concurrent.LinkedTransferQueue$DualNode.await(LinkedTransferQueue.java:452)
        at java.base@21.0.8/java.util.concurrent.LinkedTransferQueue.xfer(LinkedTransferQueue.java:613)
        at java.base@21.0.8/java.util.concurrent.SynchronousQueue.xfer(SynchronousQueue.java:235)
        at java.base@21.0.8/java.util.concurrent.SynchronousQueue.poll(SynchronousQueue.java:338)
        at app//org.apache.hadoop.ipc.Client$Connection$RpcRequestSender.run(Client.java:1121)
        at java.base@21.0.8/java.lang.Thread.runWith(Thread.java:1596)
        at java.base@21.0.8/java.lang.Thread.run(Thread.java:1583)
"c11f8a16-55ee-4f22-a5a5-7daf2dffa753-ChunkWriter-0-0" daemon prio=5 tid=891 in Object.wait()
java.lang.Thread.State: WAITING (on object monitor)
        at java.base@21.0.8/jdk.internal.misc.Unsafe.park(Native Method)
        at java.base@21.0.8/java.util.concurrent.locks.LockSupport.park(LockSupport.java:371)
        at java.base@21.0.8/java.util.concurrent.locks.AbstractQueuedSynchronizer$ConditionNode.block(AbstractQueuedSynchronizer.java:519)
        at java.base@21.0.8/java.util.concurrent.ForkJoinPool.unmanagedBlock(ForkJoinPool.java:3780)
        at java.base@21.0.8/java.util.concurrent.ForkJoinPool.managedBlock(ForkJoinPool.java:3725)
        at java.base@21.0.8/java.util.concurrent.locks.AbstractQueuedSynchronizer$ConditionObject.await(AbstractQueuedSynchronizer.java:1712)
        at java.base@21.0.8/java.util.concurrent.LinkedBlockingDeque.takeFirst(LinkedBlockingDeque.java:485)
        at java.base@21.0.8/java.util.concurrent.LinkedBlockingDeque.take(LinkedBlockingDeque.java:673)
        at java.base@21.0.8/java.util.concurrent.ThreadPoolExecutor.getTask(ThreadPoolExecutor.java:1070)
        at java.base@21.0.8/java.util.concurrent.ThreadPoolExecutor.runWorker(ThreadPoolExecutor.java:1130)
        at java.base@21.0.8/java.util.concurrent.ThreadPoolExecutor$Worker.run(ThreadPoolExecutor.java:642)
        at java.base@21.0.8/java.lang.Thread.runWith(Thread.java:1596)
        at java.base@21.0.8/java.lang.Thread.run(Thread.java:1583)
"qtp1213220498-767" daemon prio=5 tid=767 timed_waiting
java.lang.Thread.State: TIMED_WAITING
        at java.base@21.0.8/jdk.internal.misc.Unsafe.park(Native Method)
        at java.base@21.0.8/java.util.concurrent.locks.LockSupport.parkNanos(LockSupport.java:269)
        at java.base@21.0.8/java.util.concurrent.locks.AbstractQueuedSynchronizer$ConditionObject.awaitNanos(AbstractQueuedSynchronizer.java:1763)
        at app//org.eclipse.jetty.util.BlockingArrayQueue.poll(BlockingArrayQueue.java:382)
        at app//org.eclipse.jetty.util.thread.QueuedThreadPool$Runner.idleJobPoll(QueuedThreadPool.java:974)
        at app//org.eclipse.jetty.util.thread.QueuedThreadPool$Runner.run(QueuedThreadPool.java:1018)
        at java.base@21.0.8/java.lang.Thread.runWith(Thread.java:1596)
        at java.base@21.0.8/java.lang.Thread.run(Thread.java:1583)
"qtp1782170617-820" daemon prio=5 tid=820 timed_waiting
java.lang.Thread.State: TIMED_WAITING
        at java.base@21.0.8/jdk.internal.misc.Unsafe.park(Native Method)
        at java.base@21.0.8/java.util.concurrent.locks.LockSupport.parkNanos(LockSupport.java:269)
        at java.base@21.0.8/java.util.concurrent.locks.AbstractQueuedSynchronizer$ConditionObject.awaitNanos(AbstractQueuedSynchronizer.java:1763)
        at app//org.eclipse.jetty.util.BlockingArrayQueue.poll(BlockingArrayQueue.java:382)
        at app//org.eclipse.jetty.util.thread.QueuedThreadPool$Runner.idleJobPoll(QueuedThreadPool.java:974)
        at app//org.eclipse.jetty.util.thread.QueuedThreadPool$Runner.run(QueuedThreadPool.java:1018)
        at java.base@21.0.8/java.lang.Thread.runWith(Thread.java:1596)
        at java.base@21.0.8/java.lang.Thread.run(Thread.java:1583)
"IPC Server handler 61 on default port 15003" daemon prio=5 tid=281 timed_waiting
java.lang.Thread.State: TIMED_WAITING
        at java.base@21.0.8/jdk.internal.misc.Unsafe.park(Native Method)
        at java.base@21.0.8/java.util.concurrent.locks.LockSupport.parkNanos(LockSupport.java:269)
        at java.base@21.0.8/java.util.concurrent.locks.AbstractQueuedSynchronizer$ConditionObject.awaitNanos(AbstractQueuedSynchronizer.java:1763)
        at java.base@21.0.8/java.util.concurrent.LinkedBlockingQueue.poll(LinkedBlockingQueue.java:460)
        at app//org.apache.hadoop.ipc.CallQueueManager.take(CallQueueManager.java:370)
        at app//org.apache.hadoop.ipc.Server$Handler.run(Server.java:3165)
"IPC Server handler 2 on default port 15002" daemon prio=5 tid=122 timed_waiting
java.lang.Thread.State: TIMED_WAITING
        at java.base@21.0.8/jdk.internal.misc.Unsafe.park(Native Method)
        at java.base@21.0.8/java.util.concurrent.locks.LockSupport.parkNanos(LockSupport.java:269)
        at java.base@21.0.8/java.util.concurrent.locks.AbstractQueuedSynchronizer$ConditionObject.awaitNanos(AbstractQueuedSynchronizer.java:1763)
        at java.base@21.0.8/java.util.concurrent.LinkedBlockingQueue.poll(LinkedBlockingQueue.java:460)
        at app//org.apache.hadoop.ipc.CallQueueManager.take(CallQueueManager.java:370)
        at app//org.apache.hadoop.ipc.Server$Handler.run(Server.java:3165)
"IPC Server handler 54 on default port 15001" daemon prio=5 tid=612 timed_waiting
java.lang.Thread.State: TIMED_WAITING
        at java.base@21.0.8/jdk.internal.misc.Unsafe.park(Native Method)
        at java.base@21.0.8/java.util.concurrent.locks.LockSupport.parkNanos(LockSupport.java:269)
        at java.base@21.0.8/java.util.concurrent.locks.AbstractQueuedSynchronizer$ConditionObject.awaitNanos(AbstractQueuedSynchronizer.java:1763)
        at java.base@21.0.8/java.util.concurrent.LinkedBlockingQueue.poll(LinkedBlockingQueue.java:460)
        at app//org.apache.hadoop.ipc.CallQueueManager.take(CallQueueManager.java:370)
        at app//org.apache.hadoop.ipc.Server$Handler.run(Server.java:3165)
"IPC Server handler 62 on default port 15003" daemon prio=5 tid=282 timed_waiting
java.lang.Thread.State: TIMED_WAITING
        at java.base@21.0.8/jdk.internal.misc.Unsafe.park(Native Method)
        at java.base@21.0.8/java.util.concurrent.locks.LockSupport.parkNanos(LockSupport.java:269)
        at java.base@21.0.8/java.util.concurrent.locks.AbstractQueuedSynchronizer$ConditionObject.awaitNanos(AbstractQueuedSynchronizer.java:1763)
        at java.base@21.0.8/java.util.concurrent.LinkedBlockingQueue.poll(LinkedBlockingQueue.java:460)
        at app//org.apache.hadoop.ipc.CallQueueManager.take(CallQueueManager.java:370)
        at app//org.apache.hadoop.ipc.Server$Handler.run(Server.java:3165)
"74afb32b-8e70-4799-b16c-dc9602d9dbb6-ReplicationContainerReader-1" daemon prio=5 tid=1334 in Object.wait()
java.lang.Thread.State: WAITING (on object monitor)
        at java.base@21.0.8/jdk.internal.misc.Unsafe.park(Native Method)
        at java.base@21.0.8/java.util.concurrent.locks.LockSupport.park(LockSupport.java:371)
        at java.base@21.0.8/java.util.concurrent.locks.AbstractQueuedSynchronizer$ConditionNode.block(AbstractQueuedSynchronizer.java:519)
        at java.base@21.0.8/java.util.concurrent.ForkJoinPool.unmanagedBlock(ForkJoinPool.java:3780)
        at java.base@21.0.8/java.util.concurrent.ForkJoinPool.managedBlock(ForkJoinPool.java:3725)
        at java.base@21.0.8/java.util.concurrent.locks.AbstractQueuedSynchronizer$ConditionObject.await(AbstractQueuedSynchronizer.java:1712)
        at java.base@21.0.8/java.util.concurrent.LinkedBlockingQueue.take(LinkedBlockingQueue.java:435)
        at java.base@21.0.8/java.util.concurrent.ThreadPoolExecutor.getTask(ThreadPoolExecutor.java:1070)
        at java.base@21.0.8/java.util.concurrent.ThreadPoolExecutor.runWorker(ThreadPoolExecutor.java:1130)
        at java.base@21.0.8/java.util.concurrent.ThreadPoolExecutor$Worker.run(ThreadPoolExecutor.java:642)
        at java.base@21.0.8/java.lang.Thread.runWith(Thread.java:1596)
        at java.base@21.0.8/java.lang.Thread.run(Thread.java:1583)
"IPC Server handler 52 on default port 15004" daemon prio=5 tid=390 timed_waiting
java.lang.Thread.State: TIMED_WAITING
        at java.base@21.0.8/jdk.internal.misc.Unsafe.park(Native Method)
        at java.base@21.0.8/java.util.concurrent.locks.LockSupport.parkNanos(LockSupport.java:269)
        at java.base@21.0.8/java.util.concurrent.locks.AbstractQueuedSynchronizer$ConditionObject.awaitNanos(AbstractQueuedSynchronizer.java:1763)
        at java.base@21.0.8/java.util.concurrent.LinkedBlockingQueue.poll(LinkedBlockingQueue.java:460)
        at app//org.apache.hadoop.ipc.CallQueueManager.take(CallQueueManager.java:370)
        at app//org.apache.hadoop.ipc.Server$Handler.run(Server.java:3165)
"74afb32b-8e70-4799-b16c-dc9602d9dbb6-DatanodeReportManager-2" daemon prio=5 tid=962 timed_waiting
java.lang.Thread.State: TIMED_WAITING
        at java.base@21.0.8/jdk.internal.misc.Unsafe.park(Native Method)
        at java.base@21.0.8/java.util.concurrent.locks.LockSupport.parkNanos(LockSupport.java:269)
        at java.base@21.0.8/java.util.concurrent.locks.AbstractQueuedSynchronizer$ConditionObject.awaitNanos(AbstractQueuedSynchronizer.java:1763)
        at java.base@21.0.8/java.util.concurrent.ScheduledThreadPoolExecutor$DelayedWorkQueue.take(ScheduledThreadPoolExecutor.java:1182)
        at java.base@21.0.8/java.util.concurrent.ScheduledThreadPoolExecutor$DelayedWorkQueue.take(ScheduledThreadPoolExecutor.java:899)
        at java.base@21.0.8/java.util.concurrent.ThreadPoolExecutor.getTask(ThreadPoolExecutor.java:1070)
        at java.base@21.0.8/java.util.concurrent.ThreadPoolExecutor.runWorker(ThreadPoolExecutor.java:1130)
        at java.base@21.0.8/java.util.concurrent.ThreadPoolExecutor$Worker.run(ThreadPoolExecutor.java:642)
        at java.base@21.0.8/java.lang.Thread.runWith(Thread.java:1596)
        at java.base@21.0.8/java.lang.Thread.run(Thread.java:1583)
"IPC Server handler 25 on default port 15004" daemon prio=5 tid=363 timed_waiting
java.lang.Thread.State: TIMED_WAITING
        at java.base@21.0.8/jdk.internal.misc.Unsafe.park(Native Method)
        at java.base@21.0.8/java.util.concurrent.locks.LockSupport.parkNanos(LockSupport.java:269)
        at java.base@21.0.8/java.util.concurrent.locks.AbstractQueuedSynchronizer$ConditionObject.awaitNanos(AbstractQueuedSynchronizer.java:1763)
        at java.base@21.0.8/java.util.concurrent.LinkedBlockingQueue.poll(LinkedBlockingQueue.java:460)
        at app//org.apache.hadoop.ipc.CallQueueManager.take(CallQueueManager.java:370)
        at app//org.apache.hadoop.ipc.Server$Handler.run(Server.java:3165)
"IPC Server handler 92 on default port 15002" daemon prio=5 tid=212 timed_waiting
java.lang.Thread.State: TIMED_WAITING
        at java.base@21.0.8/jdk.internal.misc.Unsafe.park(Native Method)
        at java.base@21.0.8/java.util.concurrent.locks.LockSupport.parkNanos(LockSupport.java:269)
        at java.base@21.0.8/java.util.concurrent.locks.AbstractQueuedSynchronizer$ConditionObject.awaitNanos(AbstractQueuedSynchronizer.java:1763)
        at java.base@21.0.8/java.util.concurrent.LinkedBlockingQueue.poll(LinkedBlockingQueue.java:460)
        at app//org.apache.hadoop.ipc.CallQueueManager.take(CallQueueManager.java:370)
        at app//org.apache.hadoop.ipc.Server$Handler.run(Server.java:3165)
"IPC Server handler 90 on default port 15004" daemon prio=5 tid=428 timed_waiting
java.lang.Thread.State: TIMED_WAITING
        at java.base@21.0.8/jdk.internal.misc.Unsafe.park(Native Method)
        at java.base@21.0.8/java.util.concurrent.locks.LockSupport.parkNanos(LockSupport.java:269)
        at java.base@21.0.8/java.util.concurrent.locks.AbstractQueuedSynchronizer$ConditionObject.awaitNanos(AbstractQueuedSynchronizer.java:1763)
        at java.base@21.0.8/java.util.concurrent.LinkedBlockingQueue.poll(LinkedBlockingQueue.java:460)
        at app//org.apache.hadoop.ipc.CallQueueManager.take(CallQueueManager.java:370)
        at app//org.apache.hadoop.ipc.Server$Handler.run(Server.java:3165)
"IPC Server handler 99 on default port 15003" daemon prio=5 tid=319 timed_waiting
java.lang.Thread.State: TIMED_WAITING
        at java.base@21.0.8/jdk.internal.misc.Unsafe.park(Native Method)
        at java.base@21.0.8/java.util.concurrent.locks.LockSupport.parkNanos(LockSupport.java:269)
        at java.base@21.0.8/java.util.concurrent.locks.AbstractQueuedSynchronizer$ConditionObject.awaitNanos(AbstractQueuedSynchronizer.java:1763)
        at java.base@21.0.8/java.util.concurrent.LinkedBlockingQueue.poll(LinkedBlockingQueue.java:460)
        at app//org.apache.hadoop.ipc.CallQueueManager.take(CallQueueManager.java:370)
        at app//org.apache.hadoop.ipc.Server$Handler.run(Server.java:3165)
"qtp133286137-488" daemon prio=5 tid=488 timed_waiting
java.lang.Thread.State: TIMED_WAITING
        at java.base@21.0.8/jdk.internal.misc.Unsafe.park(Native Method)
        at java.base@21.0.8/java.util.concurrent.locks.LockSupport.parkNanos(LockSupport.java:269)
        at java.base@21.0.8/java.util.concurrent.locks.AbstractQueuedSynchronizer$ConditionObject.awaitNanos(AbstractQueuedSynchronizer.java:1763)
        at app//org.eclipse.jetty.util.BlockingArrayQueue.poll(BlockingArrayQueue.java:382)
        at app//org.eclipse.jetty.util.thread.QueuedThreadPool$Runner.idleJobPoll(QueuedThreadPool.java:974)
        at app//org.eclipse.jetty.util.thread.QueuedThreadPool$Runner.run(QueuedThreadPool.java:1018)
        at java.base@21.0.8/java.lang.Thread.runWith(Thread.java:1596)
        at java.base@21.0.8/java.lang.Thread.run(Thread.java:1583)
"fc0351b7-0c71-4a2a-a0ca-337e5c0b1c14-EndpointStateMachineTaskThread-/127.0.0.1:15001-0 "  prio=5 tid=982 in Object.wait()
java.lang.Thread.State: WAITING (on object monitor)
        at java.base@21.0.8/jdk.internal.misc.Unsafe.park(Native Method)
        at java.base@21.0.8/java.util.concurrent.locks.LockSupport.park(LockSupport.java:371)
        at java.base@21.0.8/java.util.concurrent.locks.AbstractQueuedSynchronizer$ConditionNode.block(AbstractQueuedSynchronizer.java:519)
        at java.base@21.0.8/java.util.concurrent.ForkJoinPool.unmanagedBlock(ForkJoinPool.java:3780)
        at java.base@21.0.8/java.util.concurrent.ForkJoinPool.managedBlock(ForkJoinPool.java:3725)
        at java.base@21.0.8/java.util.concurrent.locks.AbstractQueuedSynchronizer$ConditionObject.await(AbstractQueuedSynchronizer.java:1712)
        at java.base@21.0.8/java.util.concurrent.LinkedBlockingQueue.take(LinkedBlockingQueue.java:435)
        at java.base@21.0.8/java.util.concurrent.ThreadPoolExecutor.getTask(ThreadPoolExecutor.java:1070)
        at java.base@21.0.8/java.util.concurrent.ThreadPoolExecutor.runWorker(ThreadPoolExecutor.java:1130)
        at java.base@21.0.8/java.util.concurrent.ThreadPoolExecutor$Worker.run(ThreadPoolExecutor.java:642)
        at java.base@21.0.8/java.lang.Thread.runWith(Thread.java:1596)
        at java.base@21.0.8/java.lang.Thread.run(Thread.java:1583)
"Recon-FixedThreadPoolWithAffinityExecutor-5-0" daemon prio=5 tid=539 timed_waiting
java.lang.Thread.State: TIMED_WAITING
        at java.base@21.0.8/jdk.internal.misc.Unsafe.park(Native Method)
        at java.base@21.0.8/java.util.concurrent.locks.LockSupport.parkNanos(LockSupport.java:269)
        at java.base@21.0.8/java.util.concurrent.locks.AbstractQueuedSynchronizer$ConditionObject.awaitNanos(AbstractQueuedSynchronizer.java:1763)
        at java.base@21.0.8/java.util.concurrent.LinkedBlockingQueue.poll(LinkedBlockingQueue.java:460)
        at app//org.apache.hadoop.hdds.scm.server.ContainerReportQueue.poll(ContainerReportQueue.java:269)
        at app//org.apache.hadoop.hdds.scm.server.ContainerReportQueue.poll(ContainerReportQueue.java:42)
        at app//org.apache.hadoop.hdds.server.events.FixedThreadPoolWithAffinityExecutor$ContainerReportProcessTask.run(FixedThreadPoolWithAffinityExecutor.java:228)
        at java.base@21.0.8/java.util.concurrent.Executors$RunnableAdapter.call(Executors.java:572)
        at java.base@21.0.8/java.util.concurrent.FutureTask.run(FutureTask.java:317)
        at java.base@21.0.8/java.util.concurrent.ThreadPoolExecutor.runWorker(ThreadPoolExecutor.java:1144)
        at java.base@21.0.8/java.util.concurrent.ThreadPoolExecutor$Worker.run(ThreadPoolExecutor.java:642)
        at java.base@21.0.8/java.lang.Thread.runWith(Thread.java:1596)
        at java.base@21.0.8/java.lang.Thread.run(Thread.java:1583)
"IPC Server handler 93 on default port 15004" daemon prio=5 tid=431 timed_waiting
java.lang.Thread.State: TIMED_WAITING
        at java.base@21.0.8/jdk.internal.misc.Unsafe.park(Native Method)
        at java.base@21.0.8/java.util.concurrent.locks.LockSupport.parkNanos(LockSupport.java:269)
        at java.base@21.0.8/java.util.concurrent.locks.AbstractQueuedSynchronizer$ConditionObject.awaitNanos(AbstractQueuedSynchronizer.java:1763)
        at java.base@21.0.8/java.util.concurrent.LinkedBlockingQueue.poll(LinkedBlockingQueue.java:460)
        at app//org.apache.hadoop.ipc.CallQueueManager.take(CallQueueManager.java:370)
        at app//org.apache.hadoop.ipc.Server$Handler.run(Server.java:3165)
"IPC Server handler 16 on default port 15004" daemon prio=5 tid=354 timed_waiting
java.lang.Thread.State: TIMED_WAITING
        at java.base@21.0.8/jdk.internal.misc.Unsafe.park(Native Method)
        at java.base@21.0.8/java.util.concurrent.locks.LockSupport.parkNanos(LockSupport.java:269)
        at java.base@21.0.8/java.util.concurrent.locks.AbstractQueuedSynchronizer$ConditionObject.awaitNanos(AbstractQueuedSynchronizer.java:1763)
        at java.base@21.0.8/java.util.concurrent.LinkedBlockingQueue.poll(LinkedBlockingQueue.java:460)
        at app//org.apache.hadoop.ipc.CallQueueManager.take(CallQueueManager.java:370)
        at app//org.apache.hadoop.ipc.Server$Handler.run(Server.java:3165)
"IPC Server handler 1 on default port 15045" daemon prio=5 tid=938 timed_waiting
java.lang.Thread.State: TIMED_WAITING
        at java.base@21.0.8/jdk.internal.misc.Unsafe.park(Native Method)
        at java.base@21.0.8/java.util.concurrent.locks.LockSupport.parkNanos(LockSupport.java:269)
        at java.base@21.0.8/java.util.concurrent.locks.AbstractQueuedSynchronizer$ConditionObject.awaitNanos(AbstractQueuedSynchronizer.java:1763)
        at java.base@21.0.8/java.util.concurrent.LinkedBlockingQueue.poll(LinkedBlockingQueue.java:460)
        at app//org.apache.hadoop.ipc.CallQueueManager.take(CallQueueManager.java:370)
        at app//org.apache.hadoop.ipc.Server$Handler.run(Server.java:3165)
"IPC Server handler 45 on default port 15004" daemon prio=5 tid=383 timed_waiting
java.lang.Thread.State: TIMED_WAITING
        at java.base@21.0.8/jdk.internal.misc.Unsafe.park(Native Method)
        at java.base@21.0.8/java.util.concurrent.locks.LockSupport.parkNanos(LockSupport.java:269)
        at java.base@21.0.8/java.util.concurrent.locks.AbstractQueuedSynchronizer$ConditionObject.awaitNanos(AbstractQueuedSynchronizer.java:1763)
        at java.base@21.0.8/java.util.concurrent.LinkedBlockingQueue.poll(LinkedBlockingQueue.java:460)
        at app//org.apache.hadoop.ipc.CallQueueManager.take(CallQueueManager.java:370)
        at app//org.apache.hadoop.ipc.Server$Handler.run(Server.java:3165)
"qtp1782170617-824" daemon prio=5 tid=824 timed_waiting
java.lang.Thread.State: TIMED_WAITING
        at java.base@21.0.8/jdk.internal.misc.Unsafe.park(Native Method)
        at java.base@21.0.8/java.util.concurrent.locks.LockSupport.parkNanos(LockSupport.java:269)
        at java.base@21.0.8/java.util.concurrent.locks.AbstractQueuedSynchronizer$ConditionObject.awaitNanos(AbstractQueuedSynchronizer.java:1763)
        at app//org.eclipse.jetty.util.BlockingArrayQueue.poll(BlockingArrayQueue.java:382)
        at app//org.eclipse.jetty.util.thread.QueuedThreadPool$Runner.idleJobPoll(QueuedThreadPool.java:974)
        at app//org.eclipse.jetty.util.thread.QueuedThreadPool$Runner.run(QueuedThreadPool.java:1018)
        at java.base@21.0.8/java.lang.Thread.runWith(Thread.java:1596)
        at java.base@21.0.8/java.lang.Thread.run(Thread.java:1583)
"IPC Server handler 29 on default port 15003" daemon prio=5 tid=249 timed_waiting
java.lang.Thread.State: TIMED_WAITING
        at java.base@21.0.8/jdk.internal.misc.Unsafe.park(Native Method)
        at java.base@21.0.8/java.util.concurrent.locks.LockSupport.parkNanos(LockSupport.java:269)
        at java.base@21.0.8/java.util.concurrent.locks.AbstractQueuedSynchronizer$ConditionObject.awaitNanos(AbstractQueuedSynchronizer.java:1763)
        at java.base@21.0.8/java.util.concurrent.LinkedBlockingQueue.poll(LinkedBlockingQueue.java:460)
        at app//org.apache.hadoop.ipc.CallQueueManager.take(CallQueueManager.java:370)
        at app//org.apache.hadoop.ipc.Server$Handler.run(Server.java:3165)
"IPC Server handler 6 on default port 15029" daemon prio=5 tid=793 timed_waiting
java.lang.Thread.State: TIMED_WAITING
        at java.base@21.0.8/jdk.internal.misc.Unsafe.park(Native Method)
        at java.base@21.0.8/java.util.concurrent.locks.LockSupport.parkNanos(LockSupport.java:269)
        at java.base@21.0.8/java.util.concurrent.locks.AbstractQueuedSynchronizer$ConditionObject.awaitNanos(AbstractQueuedSynchronizer.java:1763)
        at java.base@21.0.8/java.util.concurrent.LinkedBlockingQueue.poll(LinkedBlockingQueue.java:460)
        at app//org.apache.hadoop.ipc.CallQueueManager.take(CallQueueManager.java:370)
        at app//org.apache.hadoop.ipc.Server$Handler.run(Server.java:3165)
"Socket Reader #6 for port 15021" daemon prio=5 tid=733 runnable
java.lang.Thread.State: RUNNABLE
        at java.base@21.0.8/sun.nio.ch.EPoll.wait(Native Method)
        at java.base@21.0.8/sun.nio.ch.EPollSelectorImpl.doSelect(EPollSelectorImpl.java:121)
        at java.base@21.0.8/sun.nio.ch.SelectorImpl.lockAndDoSelect(SelectorImpl.java:130)
        at java.base@21.0.8/sun.nio.ch.SelectorImpl.select(SelectorImpl.java:147)
        at app//org.apache.hadoop.ipc.Server$Listener$Reader.doRunLoop(Server.java:1497)
        at app//org.apache.hadoop.ipc.Server$Listener$Reader.run(Server.java:1476)
"7d2db622-5327-4122-ba03-be97b5575303-DatanodeStateMachineDaemonThread" daemon prio=10 tid=797 timed_waiting
java.lang.Thread.State: TIMED_WAITING
        at java.base@21.0.8/java.lang.Thread.sleep0(Native Method)
        at java.base@21.0.8/java.lang.Thread.sleep(Thread.java:509)
        at app//org.apache.hadoop.ozone.container.common.statemachine.DatanodeStateMachine.startStateMachineThread(DatanodeStateMachine.java:384)
        at app//org.apache.hadoop.ozone.container.common.statemachine.DatanodeStateMachine.lambda$startDaemon$1(DatanodeStateMachine.java:571)
        at app//org.apache.hadoop.ozone.container.common.statemachine.DatanodeStateMachine$$Lambda/0x00007f9d6ccb9cf8.run(Unknown Source)
        at java.base@21.0.8/java.lang.Thread.runWith(Thread.java:1596)
        at java.base@21.0.8/java.lang.Thread.run(Thread.java:1583)
"74afb32b-8e70-4799-b16c-dc9602d9dbb6-ChunkWriter-1-0" daemon prio=5 tid=1020 in Object.wait()
java.lang.Thread.State: WAITING (on object monitor)
        at java.base@21.0.8/jdk.internal.misc.Unsafe.park(Native Method)
        at java.base@21.0.8/java.util.concurrent.locks.LockSupport.park(LockSupport.java:371)
        at java.base@21.0.8/java.util.concurrent.locks.AbstractQueuedSynchronizer$ConditionNode.block(AbstractQueuedSynchronizer.java:519)
        at java.base@21.0.8/java.util.concurrent.ForkJoinPool.unmanagedBlock(ForkJoinPool.java:3780)
        at java.base@21.0.8/java.util.concurrent.ForkJoinPool.managedBlock(ForkJoinPool.java:3725)
        at java.base@21.0.8/java.util.concurrent.locks.AbstractQueuedSynchronizer$ConditionObject.await(AbstractQueuedSynchronizer.java:1712)
        at java.base@21.0.8/java.util.concurrent.LinkedBlockingDeque.takeFirst(LinkedBlockingDeque.java:485)
        at java.base@21.0.8/java.util.concurrent.LinkedBlockingDeque.take(LinkedBlockingDeque.java:673)
        at java.base@21.0.8/java.util.concurrent.ThreadPoolExecutor.getTask(ThreadPoolExecutor.java:1070)
        at java.base@21.0.8/java.util.concurrent.ThreadPoolExecutor.runWorker(ThreadPoolExecutor.java:1130)
        at java.base@21.0.8/java.util.concurrent.ThreadPoolExecutor$Worker.run(ThreadPoolExecutor.java:642)
        at java.base@21.0.8/java.lang.Thread.runWith(Thread.java:1596)
        at java.base@21.0.8/java.lang.Thread.run(Thread.java:1583)
"74afb32b-8e70-4799-b16c-dc9602d9dbb6-DatanodeStateMachineTaskThread-1"  prio=5 tid=1006 in Object.wait()
java.lang.Thread.State: WAITING (on object monitor)
        at java.base@21.0.8/jdk.internal.misc.Unsafe.park(Native Method)
        at java.base@21.0.8/java.util.concurrent.locks.LockSupport.park(LockSupport.java:371)
        at java.base@21.0.8/java.util.concurrent.locks.AbstractQueuedSynchronizer$ConditionNode.block(AbstractQueuedSynchronizer.java:519)
        at java.base@21.0.8/java.util.concurrent.ForkJoinPool.unmanagedBlock(ForkJoinPool.java:3780)
        at java.base@21.0.8/java.util.concurrent.ForkJoinPool.managedBlock(ForkJoinPool.java:3725)
        at java.base@21.0.8/java.util.concurrent.locks.AbstractQueuedSynchronizer$ConditionObject.await(AbstractQueuedSynchronizer.java:1712)
        at java.base@21.0.8/java.util.concurrent.LinkedBlockingQueue.take(LinkedBlockingQueue.java:435)
        at java.base@21.0.8/java.util.concurrent.ThreadPoolExecutor.getTask(ThreadPoolExecutor.java:1070)
        at java.base@21.0.8/java.util.concurrent.ThreadPoolExecutor.runWorker(ThreadPoolExecutor.java:1130)
        at java.base@21.0.8/java.util.concurrent.ThreadPoolExecutor$Worker.run(ThreadPoolExecutor.java:642)
        at java.base@21.0.8/java.lang.Thread.runWith(Thread.java:1596)
        at java.base@21.0.8/java.lang.Thread.run(Thread.java:1583)
"Socket Reader #10 for port 15002" daemon prio=5 tid=99 runnable
java.lang.Thread.State: RUNNABLE
        at java.base@21.0.8/sun.nio.ch.EPoll.wait(Native Method)
        at java.base@21.0.8/sun.nio.ch.EPollSelectorImpl.doSelect(EPollSelectorImpl.java:121)
        at java.base@21.0.8/sun.nio.ch.SelectorImpl.lockAndDoSelect(SelectorImpl.java:130)
        at java.base@21.0.8/sun.nio.ch.SelectorImpl.select(SelectorImpl.java:147)
        at app//org.apache.hadoop.ipc.Server$Listener$Reader.doRunLoop(Server.java:1497)
        at app//org.apache.hadoop.ipc.Server$Listener$Reader.run(Server.java:1476)
"IPC Server handler 4 on default port 15002" daemon prio=5 tid=124 timed_waiting
java.lang.Thread.State: TIMED_WAITING
        at java.base@21.0.8/jdk.internal.misc.Unsafe.park(Native Method)
        at java.base@21.0.8/java.util.concurrent.locks.LockSupport.parkNanos(LockSupport.java:269)
        at java.base@21.0.8/java.util.concurrent.locks.AbstractQueuedSynchronizer$ConditionObject.awaitNanos(AbstractQueuedSynchronizer.java:1763)
        at java.base@21.0.8/java.util.concurrent.LinkedBlockingQueue.poll(LinkedBlockingQueue.java:460)
        at app//org.apache.hadoop.ipc.CallQueueManager.take(CallQueueManager.java:370)
        at app//org.apache.hadoop.ipc.Server$Handler.run(Server.java:3165)
"IPC Server handler 15 on default port 15001" daemon prio=5 tid=573 timed_waiting
java.lang.Thread.State: TIMED_WAITING
        at java.base@21.0.8/jdk.internal.misc.Unsafe.park(Native Method)
        at java.base@21.0.8/java.util.concurrent.locks.LockSupport.parkNanos(LockSupport.java:269)
        at java.base@21.0.8/java.util.concurrent.locks.AbstractQueuedSynchronizer$ConditionObject.awaitNanos(AbstractQueuedSynchronizer.java:1763)
        at java.base@21.0.8/java.util.concurrent.LinkedBlockingQueue.poll(LinkedBlockingQueue.java:460)
        at app//org.apache.hadoop.ipc.CallQueueManager.take(CallQueueManager.java:370)
        at app//org.apache.hadoop.ipc.Server$Handler.run(Server.java:3165)
"7d2db622-5327-4122-ba03-be97b5575303-CreatePipelineCommandHandlerThread-0"  prio=5 tid=1081 in Object.wait()
java.lang.Thread.State: WAITING (on object monitor)
        at java.base@21.0.8/jdk.internal.misc.Unsafe.park(Native Method)
        at java.base@21.0.8/java.util.concurrent.locks.LockSupport.park(LockSupport.java:371)
        at java.base@21.0.8/java.util.concurrent.locks.AbstractQueuedSynchronizer$ConditionNode.block(AbstractQueuedSynchronizer.java:519)
        at java.base@21.0.8/java.util.concurrent.ForkJoinPool.unmanagedBlock(ForkJoinPool.java:3780)
        at java.base@21.0.8/java.util.concurrent.ForkJoinPool.managedBlock(ForkJoinPool.java:3725)
        at java.base@21.0.8/java.util.concurrent.locks.AbstractQueuedSynchronizer$ConditionObject.await(AbstractQueuedSynchronizer.java:1712)
        at java.base@21.0.8/java.util.concurrent.LinkedBlockingQueue.take(LinkedBlockingQueue.java:435)
        at java.base@21.0.8/java.util.concurrent.ThreadPoolExecutor.getTask(ThreadPoolExecutor.java:1070)
        at java.base@21.0.8/java.util.concurrent.ThreadPoolExecutor.runWorker(ThreadPoolExecutor.java:1130)
        at java.base@21.0.8/java.util.concurrent.ThreadPoolExecutor$Worker.run(ThreadPoolExecutor.java:642)
        at java.base@21.0.8/java.lang.Thread.runWith(Thread.java:1596)
        at java.base@21.0.8/java.lang.Thread.run(Thread.java:1583)
"IPC Server handler 41 on default port 15004" daemon prio=5 tid=379 timed_waiting
java.lang.Thread.State: TIMED_WAITING
        at java.base@21.0.8/jdk.internal.misc.Unsafe.park(Native Method)
        at java.base@21.0.8/java.util.concurrent.locks.LockSupport.parkNanos(LockSupport.java:269)
        at java.base@21.0.8/java.util.concurrent.locks.AbstractQueuedSynchronizer$ConditionObject.awaitNanos(AbstractQueuedSynchronizer.java:1763)
        at java.base@21.0.8/java.util.concurrent.LinkedBlockingQueue.poll(LinkedBlockingQueue.java:460)
        at app//org.apache.hadoop.ipc.CallQueueManager.take(CallQueueManager.java:370)
        at app//org.apache.hadoop.ipc.Server$Handler.run(Server.java:3165)
"Recon-FixedThreadPoolWithAffinityExecutor-8-0" daemon prio=5 tid=542 timed_waiting
java.lang.Thread.State: TIMED_WAITING
        at java.base@21.0.8/jdk.internal.misc.Unsafe.park(Native Method)
        at java.base@21.0.8/java.util.concurrent.locks.LockSupport.parkNanos(LockSupport.java:269)
        at java.base@21.0.8/java.util.concurrent.locks.AbstractQueuedSynchronizer$ConditionObject.awaitNanos(AbstractQueuedSynchronizer.java:1763)
        at java.base@21.0.8/java.util.concurrent.LinkedBlockingQueue.poll(LinkedBlockingQueue.java:460)
        at app//org.apache.hadoop.hdds.scm.server.ContainerReportQueue.poll(ContainerReportQueue.java:269)
        at app//org.apache.hadoop.hdds.scm.server.ContainerReportQueue.poll(ContainerReportQueue.java:42)
        at app//org.apache.hadoop.hdds.server.events.FixedThreadPoolWithAffinityExecutor$ContainerReportProcessTask.run(FixedThreadPoolWithAffinityExecutor.java:228)
        at java.base@21.0.8/java.util.concurrent.Executors$RunnableAdapter.call(Executors.java:572)
        at java.base@21.0.8/java.util.concurrent.FutureTask.run(FutureTask.java:317)
        at java.base@21.0.8/java.util.concurrent.ThreadPoolExecutor.runWorker(ThreadPoolExecutor.java:1144)
        at java.base@21.0.8/java.util.concurrent.ThreadPoolExecutor$Worker.run(ThreadPoolExecutor.java:642)
        at java.base@21.0.8/java.lang.Thread.runWith(Thread.java:1596)
        at java.base@21.0.8/java.lang.Thread.run(Thread.java:1583)
"IPC Server handler 85 on default port 15004" daemon prio=5 tid=423 timed_waiting
java.lang.Thread.State: TIMED_WAITING
        at java.base@21.0.8/jdk.internal.misc.Unsafe.park(Native Method)
        at java.base@21.0.8/java.util.concurrent.locks.LockSupport.parkNanos(LockSupport.java:269)
        at java.base@21.0.8/java.util.concurrent.locks.AbstractQueuedSynchronizer$ConditionObject.awaitNanos(AbstractQueuedSynchronizer.java:1763)
        at java.base@21.0.8/java.util.concurrent.LinkedBlockingQueue.poll(LinkedBlockingQueue.java:460)
        at app//org.apache.hadoop.ipc.CallQueueManager.take(CallQueueManager.java:370)
        at app//org.apache.hadoop.ipc.Server$Handler.run(Server.java:3165)
"IPC Server handler 6 on default port 15008" daemon prio=5 tid=498 timed_waiting
java.lang.Thread.State: TIMED_WAITING
        at java.base@21.0.8/jdk.internal.misc.Unsafe.park(Native Method)
        at java.base@21.0.8/java.util.concurrent.locks.LockSupport.parkNanos(LockSupport.java:269)
        at java.base@21.0.8/java.util.concurrent.locks.AbstractQueuedSynchronizer$ConditionObject.awaitNanos(AbstractQueuedSynchronizer.java:1763)
        at java.base@21.0.8/java.util.concurrent.LinkedBlockingQueue.poll(LinkedBlockingQueue.java:460)
        at app//org.apache.hadoop.ipc.CallQueueManager.take(CallQueueManager.java:370)
        at app//org.apache.hadoop.ipc.Server$Handler.run(Server.java:3165)
"IPC Server handler 54 on default port 15004" daemon prio=5 tid=392 timed_waiting
java.lang.Thread.State: TIMED_WAITING
        at java.base@21.0.8/jdk.internal.misc.Unsafe.park(Native Method)
        at java.base@21.0.8/java.util.concurrent.locks.LockSupport.parkNanos(LockSupport.java:269)
        at java.base@21.0.8/java.util.concurrent.locks.AbstractQueuedSynchronizer$ConditionObject.awaitNanos(AbstractQueuedSynchronizer.java:1763)
        at java.base@21.0.8/java.util.concurrent.LinkedBlockingQueue.poll(LinkedBlockingQueue.java:460)
        at app//org.apache.hadoop.ipc.CallQueueManager.take(CallQueueManager.java:370)
        at app//org.apache.hadoop.ipc.Server$Handler.run(Server.java:3165)
"IPC Server handler 36 on default port 15001" daemon prio=5 tid=594 timed_waiting
java.lang.Thread.State: TIMED_WAITING
        at java.base@21.0.8/jdk.internal.misc.Unsafe.park(Native Method)
        at java.base@21.0.8/java.util.concurrent.locks.LockSupport.parkNanos(LockSupport.java:269)
        at java.base@21.0.8/java.util.concurrent.locks.AbstractQueuedSynchronizer$ConditionObject.awaitNanos(AbstractQueuedSynchronizer.java:1763)
        at java.base@21.0.8/java.util.concurrent.LinkedBlockingQueue.poll(LinkedBlockingQueue.java:460)
        at app//org.apache.hadoop.ipc.CallQueueManager.take(CallQueueManager.java:370)
        at app//org.apache.hadoop.ipc.Server$Handler.run(Server.java:3165)
"IPC Server handler 10 on default port 15002" daemon prio=5 tid=130 timed_waiting
java.lang.Thread.State: TIMED_WAITING
        at java.base@21.0.8/jdk.internal.misc.Unsafe.park(Native Method)
        at java.base@21.0.8/java.util.concurrent.locks.LockSupport.parkNanos(LockSupport.java:269)
        at java.base@21.0.8/java.util.concurrent.locks.AbstractQueuedSynchronizer$ConditionObject.awaitNanos(AbstractQueuedSynchronizer.java:1763)
        at java.base@21.0.8/java.util.concurrent.LinkedBlockingQueue.poll(LinkedBlockingQueue.java:460)
        at app//org.apache.hadoop.ipc.CallQueueManager.take(CallQueueManager.java:370)
        at app//org.apache.hadoop.ipc.Server$Handler.run(Server.java:3165)
"Socket Reader #4 for port 15003" daemon prio=5 tid=79 runnable
java.lang.Thread.State: RUNNABLE
        at java.base@21.0.8/sun.nio.ch.EPoll.wait(Native Method)
        at java.base@21.0.8/sun.nio.ch.EPollSelectorImpl.doSelect(EPollSelectorImpl.java:121)
        at java.base@21.0.8/sun.nio.ch.SelectorImpl.lockAndDoSelect(SelectorImpl.java:130)
        at java.base@21.0.8/sun.nio.ch.SelectorImpl.select(SelectorImpl.java:147)
        at app//org.apache.hadoop.ipc.Server$Listener$Reader.doRunLoop(Server.java:1497)
        at app//org.apache.hadoop.ipc.Server$Listener$Reader.run(Server.java:1476)
"IPC Server handler 58 on default port 15004" daemon prio=5 tid=396 timed_waiting
java.lang.Thread.State: TIMED_WAITING
        at java.base@21.0.8/jdk.internal.misc.Unsafe.park(Native Method)
        at java.base@21.0.8/java.util.concurrent.locks.LockSupport.parkNanos(LockSupport.java:269)
        at java.base@21.0.8/java.util.concurrent.locks.AbstractQueuedSynchronizer$ConditionObject.awaitNanos(AbstractQueuedSynchronizer.java:1763)
        at java.base@21.0.8/java.util.concurrent.LinkedBlockingQueue.poll(LinkedBlockingQueue.java:460)
        at app//org.apache.hadoop.ipc.CallQueueManager.take(CallQueueManager.java:370)
        at app//org.apache.hadoop.ipc.Server$Handler.run(Server.java:3165)
"IPC Server handler 4 on default port 15021" daemon prio=5 tid=745 timed_waiting
java.lang.Thread.State: TIMED_WAITING
        at java.base@21.0.8/jdk.internal.misc.Unsafe.park(Native Method)
        at java.base@21.0.8/java.util.concurrent.locks.LockSupport.parkNanos(LockSupport.java:269)
        at java.base@21.0.8/java.util.concurrent.locks.AbstractQueuedSynchronizer$ConditionObject.awaitNanos(AbstractQueuedSynchronizer.java:1763)
        at java.base@21.0.8/java.util.concurrent.LinkedBlockingQueue.poll(LinkedBlockingQueue.java:460)
        at app//org.apache.hadoop.ipc.CallQueueManager.take(CallQueueManager.java:370)
        at app//org.apache.hadoop.ipc.Server$Handler.run(Server.java:3165)
"IPC Server handler 4 on default port 15037" daemon prio=5 tid=868 timed_waiting
java.lang.Thread.State: TIMED_WAITING
        at java.base@21.0.8/jdk.internal.misc.Unsafe.park(Native Method)
        at java.base@21.0.8/java.util.concurrent.locks.LockSupport.parkNanos(LockSupport.java:269)
        at java.base@21.0.8/java.util.concurrent.locks.AbstractQueuedSynchronizer$ConditionObject.awaitNanos(AbstractQueuedSynchronizer.java:1763)
        at java.base@21.0.8/java.util.concurrent.LinkedBlockingQueue.poll(LinkedBlockingQueue.java:460)
        at app//org.apache.hadoop.ipc.CallQueueManager.take(CallQueueManager.java:370)
        at app//org.apache.hadoop.ipc.Server$Handler.run(Server.java:3165)
"qtp133286137-485-acceptor-0@45bbbc23-ServerConnector@101279c9{HTTP/1.1, (http/1.1)}{0.0.0.0:15009}" daemon prio=3 tid=485 runnable
java.lang.Thread.State: RUNNABLE
        at java.base@21.0.8/sun.nio.ch.Net.accept(Native Method)
        at java.base@21.0.8/sun.nio.ch.ServerSocketChannelImpl.implAccept(ServerSocketChannelImpl.java:433)
        at java.base@21.0.8/sun.nio.ch.ServerSocketChannelImpl.accept(ServerSocketChannelImpl.java:399)
        at app//org.eclipse.jetty.server.ServerConnector.accept(ServerConnector.java:388)
        at app//org.eclipse.jetty.server.AbstractConnector$Acceptor.run(AbstractConnector.java:704)
        at app//org.eclipse.jetty.util.thread.QueuedThreadPool.runJob(QueuedThreadPool.java:883)
        at app//org.eclipse.jetty.util.thread.QueuedThreadPool$Runner.run(QueuedThreadPool.java:1034)
        at java.base@21.0.8/java.lang.Thread.runWith(Thread.java:1596)
        at java.base@21.0.8/java.lang.Thread.run(Thread.java:1583)
"StaleRecoveringContainerScrubbingService#0" daemon prio=5 tid=900 in Object.wait()
java.lang.Thread.State: WAITING (on object monitor)
        at java.base@21.0.8/jdk.internal.misc.Unsafe.park(Native Method)
        at java.base@21.0.8/java.util.concurrent.locks.LockSupport.park(LockSupport.java:371)
        at java.base@21.0.8/java.util.concurrent.locks.AbstractQueuedSynchronizer$ConditionNode.block(AbstractQueuedSynchronizer.java:519)
        at java.base@21.0.8/java.util.concurrent.ForkJoinPool.unmanagedBlock(ForkJoinPool.java:3780)
        at java.base@21.0.8/java.util.concurrent.ForkJoinPool.managedBlock(ForkJoinPool.java:3725)
        at java.base@21.0.8/java.util.concurrent.locks.AbstractQueuedSynchronizer$ConditionObject.await(AbstractQueuedSynchronizer.java:1712)
        at java.base@21.0.8/java.util.concurrent.ScheduledThreadPoolExecutor$DelayedWorkQueue.take(ScheduledThreadPoolExecutor.java:1177)
        at java.base@21.0.8/java.util.concurrent.ScheduledThreadPoolExecutor$DelayedWorkQueue.take(ScheduledThreadPoolExecutor.java:899)
        at java.base@21.0.8/java.util.concurrent.ThreadPoolExecutor.getTask(ThreadPoolExecutor.java:1070)
        at java.base@21.0.8/java.util.concurrent.ThreadPoolExecutor.runWorker(ThreadPoolExecutor.java:1130)
        at java.base@21.0.8/java.util.concurrent.ThreadPoolExecutor$Worker.run(ThreadPoolExecutor.java:642)
        at java.base@21.0.8/java.lang.Thread.runWith(Thread.java:1596)
        at java.base@21.0.8/java.lang.Thread.run(Thread.java:1583)
"7d2db622-5327-4122-ba03-be97b5575303-CloseContainerThread-0"  prio=5 tid=1294 in Object.wait()
java.lang.Thread.State: WAITING (on object monitor)
        at java.base@21.0.8/jdk.internal.misc.Unsafe.park(Native Method)
        at java.base@21.0.8/java.util.concurrent.locks.LockSupport.park(LockSupport.java:371)
        at java.base@21.0.8/java.util.concurrent.locks.AbstractQueuedSynchronizer$ConditionNode.block(AbstractQueuedSynchronizer.java:519)
        at java.base@21.0.8/java.util.concurrent.ForkJoinPool.unmanagedBlock(ForkJoinPool.java:3780)
        at java.base@21.0.8/java.util.concurrent.ForkJoinPool.managedBlock(ForkJoinPool.java:3725)
        at java.base@21.0.8/java.util.concurrent.locks.AbstractQueuedSynchronizer$ConditionObject.await(AbstractQueuedSynchronizer.java:1712)
        at java.base@21.0.8/java.util.concurrent.LinkedBlockingQueue.take(LinkedBlockingQueue.java:435)
        at java.base@21.0.8/java.util.concurrent.ThreadPoolExecutor.getTask(ThreadPoolExecutor.java:1070)
        at java.base@21.0.8/java.util.concurrent.ThreadPoolExecutor.runWorker(ThreadPoolExecutor.java:1130)
        at java.base@21.0.8/java.util.concurrent.ThreadPoolExecutor$Worker.run(ThreadPoolExecutor.java:642)
        at java.base@21.0.8/java.lang.Thread.runWith(Thread.java:1596)
        at java.base@21.0.8/java.lang.Thread.run(Thread.java:1583)
"qtp1597424614-324" daemon prio=5 tid=324 runnable
java.lang.Thread.State: RUNNABLE
        at java.base@21.0.8/sun.nio.ch.EPoll.wait(Native Method)
        at java.base@21.0.8/sun.nio.ch.EPollSelectorImpl.doSelect(EPollSelectorImpl.java:121)
        at java.base@21.0.8/sun.nio.ch.SelectorImpl.lockAndDoSelect(SelectorImpl.java:130)
        at java.base@21.0.8/sun.nio.ch.SelectorImpl.select(SelectorImpl.java:147)
        at app//org.eclipse.jetty.io.ManagedSelector.nioSelect(ManagedSelector.java:183)
        at app//org.eclipse.jetty.io.ManagedSelector.select(ManagedSelector.java:190)
        at app//org.eclipse.jetty.io.ManagedSelector$SelectorProducer.select(ManagedSelector.java:606)
        at app//org.eclipse.jetty.io.ManagedSelector$SelectorProducer.produce(ManagedSelector.java:543)
        at app//org.eclipse.jetty.util.thread.strategy.EatWhatYouKill.produceTask(EatWhatYouKill.java:362)
        at app//org.eclipse.jetty.util.thread.strategy.EatWhatYouKill.doProduce(EatWhatYouKill.java:186)
        at app//org.eclipse.jetty.util.thread.strategy.EatWhatYouKill.tryProduce(EatWhatYouKill.java:173)
        at app//org.eclipse.jetty.util.thread.strategy.EatWhatYouKill.produce(EatWhatYouKill.java:137)
        at app//org.eclipse.jetty.io.ManagedSelector$$Lambda/0x00007f9d6c6e5f08.run(Unknown Source)
        at app//org.eclipse.jetty.util.thread.QueuedThreadPool.runJob(QueuedThreadPool.java:883)
        at app//org.eclipse.jetty.util.thread.QueuedThreadPool$Runner.run(QueuedThreadPool.java:1034)
        at java.base@21.0.8/java.lang.Thread.runWith(Thread.java:1596)
        at java.base@21.0.8/java.lang.Thread.run(Thread.java:1583)
"IPC Server handler 13 on default port 15001" daemon prio=5 tid=571 timed_waiting
java.lang.Thread.State: TIMED_WAITING
        at java.base@21.0.8/jdk.internal.misc.Unsafe.park(Native Method)
        at java.base@21.0.8/java.util.concurrent.locks.LockSupport.parkNanos(LockSupport.java:269)
        at java.base@21.0.8/java.util.concurrent.locks.AbstractQueuedSynchronizer$ConditionObject.awaitNanos(AbstractQueuedSynchronizer.java:1763)
        at java.base@21.0.8/java.util.concurrent.LinkedBlockingQueue.poll(LinkedBlockingQueue.java:460)
        at app//org.apache.hadoop.ipc.CallQueueManager.take(CallQueueManager.java:370)
        at app//org.apache.hadoop.ipc.Server$Handler.run(Server.java:3165)
"om1-groupManagement" daemon prio=5 tid=447 in Object.wait()
java.lang.Thread.State: WAITING (on object monitor)
        at java.base@21.0.8/jdk.internal.misc.Unsafe.park(Native Method)
        at java.base@21.0.8/java.util.concurrent.locks.LockSupport.park(LockSupport.java:371)
        at java.base@21.0.8/java.util.concurrent.locks.AbstractQueuedSynchronizer$ConditionNode.block(AbstractQueuedSynchronizer.java:519)
        at java.base@21.0.8/java.util.concurrent.ForkJoinPool.unmanagedBlock(ForkJoinPool.java:3780)
        at java.base@21.0.8/java.util.concurrent.ForkJoinPool.managedBlock(ForkJoinPool.java:3725)
        at java.base@21.0.8/java.util.concurrent.locks.AbstractQueuedSynchronizer$ConditionObject.await(AbstractQueuedSynchronizer.java:1712)
        at java.base@21.0.8/java.util.concurrent.LinkedBlockingQueue.take(LinkedBlockingQueue.java:435)
        at java.base@21.0.8/java.util.concurrent.ThreadPoolExecutor.getTask(ThreadPoolExecutor.java:1070)
        at java.base@21.0.8/java.util.concurrent.ThreadPoolExecutor.runWorker(ThreadPoolExecutor.java:1130)
        at java.base@21.0.8/java.util.concurrent.ThreadPoolExecutor$Worker.run(ThreadPoolExecutor.java:642)
        at java.base@21.0.8/java.lang.Thread.runWith(Thread.java:1596)
        at java.base@21.0.8/java.lang.Thread.run(Thread.java:1583)
"Socket Reader #8 for port 15045" daemon prio=5 tid=928 runnable
java.lang.Thread.State: RUNNABLE
        at java.base@21.0.8/sun.nio.ch.EPoll.wait(Native Method)
        at java.base@21.0.8/sun.nio.ch.EPollSelectorImpl.doSelect(EPollSelectorImpl.java:121)
        at java.base@21.0.8/sun.nio.ch.SelectorImpl.lockAndDoSelect(SelectorImpl.java:130)
        at java.base@21.0.8/sun.nio.ch.SelectorImpl.select(SelectorImpl.java:147)
        at app//org.apache.hadoop.ipc.Server$Listener$Reader.doRunLoop(Server.java:1497)
        at app//org.apache.hadoop.ipc.Server$Listener$Reader.run(Server.java:1476)
"04372c61-9371-4ab6-9533-e94413dada7c@group-A668C086C089-LeaderStateImpl" daemon prio=5 tid=336 timed_waiting
java.lang.Thread.State: TIMED_WAITING
        at java.base@21.0.8/jdk.internal.misc.Unsafe.park(Native Method)
        at java.base@21.0.8/java.util.concurrent.locks.LockSupport.parkNanos(LockSupport.java:269)
        at java.base@21.0.8/java.util.concurrent.locks.AbstractQueuedSynchronizer$ConditionObject.awaitNanos(AbstractQueuedSynchronizer.java:1763)
        at java.base@21.0.8/java.util.concurrent.ArrayBlockingQueue.poll(ArrayBlockingQueue.java:435)
        at app//org.apache.ratis.server.impl.LeaderStateImpl$EventQueue.poll(LeaderStateImpl.java:168)
        at app//org.apache.ratis.server.impl.LeaderStateImpl$EventProcessor.run(LeaderStateImpl.java:761)
"IPC Server handler 99 on default port 15001" daemon prio=5 tid=657 timed_waiting
java.lang.Thread.State: TIMED_WAITING
        at java.base@21.0.8/jdk.internal.misc.Unsafe.park(Native Method)
        at java.base@21.0.8/java.util.concurrent.locks.LockSupport.parkNanos(LockSupport.java:269)
        at java.base@21.0.8/java.util.concurrent.locks.AbstractQueuedSynchronizer$ConditionObject.awaitNanos(AbstractQueuedSynchronizer.java:1763)
        at java.base@21.0.8/java.util.concurrent.LinkedBlockingQueue.poll(LinkedBlockingQueue.java:460)
        at app//org.apache.hadoop.ipc.CallQueueManager.take(CallQueueManager.java:370)
        at app//org.apache.hadoop.ipc.Server$Handler.run(Server.java:3165)
"Socket Reader #3 for port 15001" daemon prio=5 tid=523 runnable
java.lang.Thread.State: RUNNABLE
        at java.base@21.0.8/sun.nio.ch.EPoll.wait(Native Method)
        at java.base@21.0.8/sun.nio.ch.EPollSelectorImpl.doSelect(EPollSelectorImpl.java:121)
        at java.base@21.0.8/sun.nio.ch.SelectorImpl.lockAndDoSelect(SelectorImpl.java:130)
        at java.base@21.0.8/sun.nio.ch.SelectorImpl.select(SelectorImpl.java:147)
        at app//org.apache.hadoop.ipc.Server$Listener$Reader.doRunLoop(Server.java:1497)
        at app//org.apache.hadoop.ipc.Server$Listener$Reader.run(Server.java:1476)
"IPC Server handler 21 on default port 15002" daemon prio=5 tid=141 timed_waiting
java.lang.Thread.State: TIMED_WAITING
        at java.base@21.0.8/jdk.internal.misc.Unsafe.park(Native Method)
        at java.base@21.0.8/java.util.concurrent.locks.LockSupport.parkNanos(LockSupport.java:269)
        at java.base@21.0.8/java.util.concurrent.locks.AbstractQueuedSynchronizer$ConditionObject.awaitNanos(AbstractQueuedSynchronizer.java:1763)
        at java.base@21.0.8/java.util.concurrent.LinkedBlockingQueue.poll(LinkedBlockingQueue.java:460)
        at app//org.apache.hadoop.ipc.CallQueueManager.take(CallQueueManager.java:370)
        at app//org.apache.hadoop.ipc.Server$Handler.run(Server.java:3165)
"IPC Server handler 79 on default port 15004" daemon prio=5 tid=417 timed_waiting
java.lang.Thread.State: TIMED_WAITING
        at java.base@21.0.8/jdk.internal.misc.Unsafe.park(Native Method)
        at java.base@21.0.8/java.util.concurrent.locks.LockSupport.parkNanos(LockSupport.java:269)
        at java.base@21.0.8/java.util.concurrent.locks.AbstractQueuedSynchronizer$ConditionObject.awaitNanos(AbstractQueuedSynchronizer.java:1763)
        at java.base@21.0.8/java.util.concurrent.LinkedBlockingQueue.poll(LinkedBlockingQueue.java:460)
        at app//org.apache.hadoop.ipc.CallQueueManager.take(CallQueueManager.java:370)
        at app//org.apache.hadoop.ipc.Server$Handler.run(Server.java:3165)
"Socket Reader #5 for port 15004" daemon prio=5 tid=66 runnable
java.lang.Thread.State: RUNNABLE
        at java.base@21.0.8/sun.nio.ch.EPoll.wait(Native Method)
        at java.base@21.0.8/sun.nio.ch.EPollSelectorImpl.doSelect(EPollSelectorImpl.java:121)
        at java.base@21.0.8/sun.nio.ch.SelectorImpl.lockAndDoSelect(SelectorImpl.java:130)
        at java.base@21.0.8/sun.nio.ch.SelectorImpl.select(SelectorImpl.java:147)
        at app//org.apache.hadoop.ipc.Server$Listener$Reader.doRunLoop(Server.java:1497)
        at app//org.apache.hadoop.ipc.Server$Listener$Reader.run(Server.java:1476)
"IPC Server handler 15 on default port 15002" daemon prio=5 tid=135 timed_waiting
java.lang.Thread.State: TIMED_WAITING
        at java.base@21.0.8/jdk.internal.misc.Unsafe.park(Native Method)
        at java.base@21.0.8/java.util.concurrent.locks.LockSupport.parkNanos(LockSupport.java:269)
        at java.base@21.0.8/java.util.concurrent.locks.AbstractQueuedSynchronizer$ConditionObject.awaitNanos(AbstractQueuedSynchronizer.java:1763)
        at java.base@21.0.8/java.util.concurrent.LinkedBlockingQueue.poll(LinkedBlockingQueue.java:460)
        at app//org.apache.hadoop.ipc.CallQueueManager.take(CallQueueManager.java:370)
        at app//org.apache.hadoop.ipc.Server$Handler.run(Server.java:3165)
"IPC Server handler 91 on default port 15004" daemon prio=5 tid=429 timed_waiting
java.lang.Thread.State: TIMED_WAITING
        at java.base@21.0.8/jdk.internal.misc.Unsafe.park(Native Method)
        at java.base@21.0.8/java.util.concurrent.locks.LockSupport.parkNanos(LockSupport.java:269)
        at java.base@21.0.8/java.util.concurrent.locks.AbstractQueuedSynchronizer$ConditionObject.awaitNanos(AbstractQueuedSynchronizer.java:1763)
        at java.base@21.0.8/java.util.concurrent.LinkedBlockingQueue.poll(LinkedBlockingQueue.java:460)
        at app//org.apache.hadoop.ipc.CallQueueManager.take(CallQueueManager.java:370)
        at app//org.apache.hadoop.ipc.Server$Handler.run(Server.java:3165)
"IPC Server Responder" daemon prio=5 tid=862 runnable
java.lang.Thread.State: RUNNABLE
        at java.base@21.0.8/sun.nio.ch.EPoll.wait(Native Method)
        at java.base@21.0.8/sun.nio.ch.EPollSelectorImpl.doSelect(EPollSelectorImpl.java:121)
        at java.base@21.0.8/sun.nio.ch.SelectorImpl.lockAndDoSelect(SelectorImpl.java:130)
        at java.base@21.0.8/sun.nio.ch.SelectorImpl.select(SelectorImpl.java:142)
        at app//org.apache.hadoop.ipc.Server$Responder.doRunLoop(Server.java:1733)
        at app//org.apache.hadoop.ipc.Server$Responder.run(Server.java:1716)
"IPC Server handler 56 on default port 15002" daemon prio=5 tid=176 timed_waiting
java.lang.Thread.State: TIMED_WAITING
        at java.base@21.0.8/jdk.internal.misc.Unsafe.park(Native Method)
        at java.base@21.0.8/java.util.concurrent.locks.LockSupport.parkNanos(LockSupport.java:269)
        at java.base@21.0.8/java.util.concurrent.locks.AbstractQueuedSynchronizer$ConditionObject.awaitNanos(AbstractQueuedSynchronizer.java:1763)
        at java.base@21.0.8/java.util.concurrent.LinkedBlockingQueue.poll(LinkedBlockingQueue.java:460)
        at app//org.apache.hadoop.ipc.CallQueueManager.take(CallQueueManager.java:370)
        at app//org.apache.hadoop.ipc.Server$Handler.run(Server.java:3165)
"IPC Server handler 60 on default port 15001" daemon prio=5 tid=618 timed_waiting
java.lang.Thread.State: TIMED_WAITING
        at java.base@21.0.8/jdk.internal.misc.Unsafe.park(Native Method)
        at java.base@21.0.8/java.util.concurrent.locks.LockSupport.parkNanos(LockSupport.java:269)
        at java.base@21.0.8/java.util.concurrent.locks.AbstractQueuedSynchronizer$ConditionObject.awaitNanos(AbstractQueuedSynchronizer.java:1763)
        at java.base@21.0.8/java.util.concurrent.LinkedBlockingQueue.poll(LinkedBlockingQueue.java:460)
        at app//org.apache.hadoop.ipc.CallQueueManager.take(CallQueueManager.java:370)
        at app//org.apache.hadoop.ipc.Server$Handler.run(Server.java:3165)
"timer7" daemon prio=5 tid=1138 timed_waiting
java.lang.Thread.State: TIMED_WAITING
        at java.base@21.0.8/java.lang.Object.wait0(Native Method)
        at java.base@21.0.8/java.lang.Object.wait(Object.java:366)
        at java.base@21.0.8/java.util.TimerThread.mainLoop(Timer.java:563)
        at java.base@21.0.8/java.util.TimerThread.run(Timer.java:516)
"IPC Server handler 34 on default port 15004" daemon prio=5 tid=372 timed_waiting
java.lang.Thread.State: TIMED_WAITING
        at java.base@21.0.8/jdk.internal.misc.Unsafe.park(Native Method)
        at java.base@21.0.8/java.util.concurrent.locks.LockSupport.parkNanos(LockSupport.java:269)
        at java.base@21.0.8/java.util.concurrent.locks.AbstractQueuedSynchronizer$ConditionObject.awaitNanos(AbstractQueuedSynchronizer.java:1763)
        at java.base@21.0.8/java.util.concurrent.LinkedBlockingQueue.poll(LinkedBlockingQueue.java:460)
        at app//org.apache.hadoop.ipc.CallQueueManager.take(CallQueueManager.java:370)
        at app//org.apache.hadoop.ipc.Server$Handler.run(Server.java:3165)
"IPC Server handler 71 on default port 15003" daemon prio=5 tid=291 timed_waiting
java.lang.Thread.State: TIMED_WAITING
        at java.base@21.0.8/jdk.internal.misc.Unsafe.park(Native Method)
        at java.base@21.0.8/java.util.concurrent.locks.LockSupport.parkNanos(LockSupport.java:269)
        at java.base@21.0.8/java.util.concurrent.locks.AbstractQueuedSynchronizer$ConditionObject.awaitNanos(AbstractQueuedSynchronizer.java:1763)
        at java.base@21.0.8/java.util.concurrent.LinkedBlockingQueue.poll(LinkedBlockingQueue.java:460)
        at app//org.apache.hadoop.ipc.CallQueueManager.take(CallQueueManager.java:370)
        at app//org.apache.hadoop.ipc.Server$Handler.run(Server.java:3165)
"7d2db622-5327-4122-ba03-be97b5575303-DatanodeStateMachineTaskThread-0"  prio=5 tid=803 in Object.wait()
java.lang.Thread.State: WAITING (on object monitor)
        at java.base@21.0.8/jdk.internal.misc.Unsafe.park(Native Method)
        at java.base@21.0.8/java.util.concurrent.locks.LockSupport.park(LockSupport.java:371)
        at java.base@21.0.8/java.util.concurrent.locks.AbstractQueuedSynchronizer$ConditionNode.block(AbstractQueuedSynchronizer.java:519)
        at java.base@21.0.8/java.util.concurrent.ForkJoinPool.unmanagedBlock(ForkJoinPool.java:3780)
        at java.base@21.0.8/java.util.concurrent.ForkJoinPool.managedBlock(ForkJoinPool.java:3725)
        at java.base@21.0.8/java.util.concurrent.locks.AbstractQueuedSynchronizer$ConditionObject.await(AbstractQueuedSynchronizer.java:1712)
        at java.base@21.0.8/java.util.concurrent.LinkedBlockingQueue.take(LinkedBlockingQueue.java:435)
        at java.base@21.0.8/java.util.concurrent.ThreadPoolExecutor.getTask(ThreadPoolExecutor.java:1070)
        at java.base@21.0.8/java.util.concurrent.ThreadPoolExecutor.runWorker(ThreadPoolExecutor.java:1130)
        at java.base@21.0.8/java.util.concurrent.ThreadPoolExecutor$Worker.run(ThreadPoolExecutor.java:642)
        at java.base@21.0.8/java.lang.Thread.runWith(Thread.java:1596)
        at java.base@21.0.8/java.lang.Thread.run(Thread.java:1583)
"Socket Reader #9 for port 15002" daemon prio=5 tid=98 runnable
java.lang.Thread.State: RUNNABLE
        at java.base@21.0.8/sun.nio.ch.EPoll.wait(Native Method)
        at java.base@21.0.8/sun.nio.ch.EPollSelectorImpl.doSelect(EPollSelectorImpl.java:121)
        at java.base@21.0.8/sun.nio.ch.SelectorImpl.lockAndDoSelect(SelectorImpl.java:130)
        at java.base@21.0.8/sun.nio.ch.SelectorImpl.select(SelectorImpl.java:147)
        at app//org.apache.hadoop.ipc.Server$Listener$Reader.doRunLoop(Server.java:1497)
        at app//org.apache.hadoop.ipc.Server$Listener$Reader.run(Server.java:1476)
"Socket Reader #5 for port 15037" daemon prio=5 tid=855 runnable
java.lang.Thread.State: RUNNABLE
        at java.base@21.0.8/sun.nio.ch.EPoll.wait(Native Method)
        at java.base@21.0.8/sun.nio.ch.EPollSelectorImpl.doSelect(EPollSelectorImpl.java:121)
        at java.base@21.0.8/sun.nio.ch.SelectorImpl.lockAndDoSelect(SelectorImpl.java:130)
        at java.base@21.0.8/sun.nio.ch.SelectorImpl.select(SelectorImpl.java:147)
        at app//org.apache.hadoop.ipc.Server$Listener$Reader.doRunLoop(Server.java:1497)
        at app//org.apache.hadoop.ipc.Server$Listener$Reader.run(Server.java:1476)
"Socket Reader #2 for port 15029" daemon prio=5 tid=775 runnable
java.lang.Thread.State: RUNNABLE
        at java.base@21.0.8/sun.nio.ch.EPoll.wait(Native Method)
        at java.base@21.0.8/sun.nio.ch.EPollSelectorImpl.doSelect(EPollSelectorImpl.java:121)
        at java.base@21.0.8/sun.nio.ch.SelectorImpl.lockAndDoSelect(SelectorImpl.java:130)
        at java.base@21.0.8/sun.nio.ch.SelectorImpl.select(SelectorImpl.java:147)
        at app//org.apache.hadoop.ipc.Server$Listener$Reader.doRunLoop(Server.java:1497)
        at app//org.apache.hadoop.ipc.Server$Listener$Reader.run(Server.java:1476)
"IPC Server handler 42 on default port 15003" daemon prio=5 tid=262 timed_waiting
java.lang.Thread.State: TIMED_WAITING
        at java.base@21.0.8/jdk.internal.misc.Unsafe.park(Native Method)
        at java.base@21.0.8/java.util.concurrent.locks.LockSupport.parkNanos(LockSupport.java:269)
        at java.base@21.0.8/java.util.concurrent.locks.AbstractQueuedSynchronizer$ConditionObject.awaitNanos(AbstractQueuedSynchronizer.java:1763)
        at java.base@21.0.8/java.util.concurrent.LinkedBlockingQueue.poll(LinkedBlockingQueue.java:460)
        at app//org.apache.hadoop.ipc.CallQueueManager.take(CallQueueManager.java:370)
        at app//org.apache.hadoop.ipc.Server$Handler.run(Server.java:3165)
"IPC Server handler 88 on default port 15004" daemon prio=5 tid=426 timed_waiting
java.lang.Thread.State: TIMED_WAITING
        at java.base@21.0.8/jdk.internal.misc.Unsafe.park(Native Method)
        at java.base@21.0.8/java.util.concurrent.locks.LockSupport.parkNanos(LockSupport.java:269)
        at java.base@21.0.8/java.util.concurrent.locks.AbstractQueuedSynchronizer$ConditionObject.awaitNanos(AbstractQueuedSynchronizer.java:1763)
        at java.base@21.0.8/java.util.concurrent.LinkedBlockingQueue.poll(LinkedBlockingQueue.java:460)
        at app//org.apache.hadoop.ipc.CallQueueManager.take(CallQueueManager.java:370)
        at app//org.apache.hadoop.ipc.Server$Handler.run(Server.java:3165)
"7d2db622-5327-4122-ba03-be97b5575303-DataNodeDiskCheckerThread-0" daemon prio=5 tid=933 timed_waiting
java.lang.Thread.State: TIMED_WAITING
        at java.base@21.0.8/jdk.internal.misc.Unsafe.park(Native Method)
        at java.base@21.0.8/java.util.concurrent.locks.LockSupport.parkNanos(LockSupport.java:410)
        at java.base@21.0.8/java.util.concurrent.LinkedTransferQueue$DualNode.await(LinkedTransferQueue.java:452)
        at java.base@21.0.8/java.util.concurrent.SynchronousQueue$Transferer.xferLifo(SynchronousQueue.java:194)
        at java.base@21.0.8/java.util.concurrent.SynchronousQueue.xfer(SynchronousQueue.java:235)
        at java.base@21.0.8/java.util.concurrent.SynchronousQueue.poll(SynchronousQueue.java:338)
        at java.base@21.0.8/java.util.concurrent.ThreadPoolExecutor.getTask(ThreadPoolExecutor.java:1069)
        at java.base@21.0.8/java.util.concurrent.ThreadPoolExecutor.runWorker(ThreadPoolExecutor.java:1130)
        at java.base@21.0.8/java.util.concurrent.ThreadPoolExecutor$Worker.run(ThreadPoolExecutor.java:642)
        at java.base@21.0.8/java.lang.Thread.runWith(Thread.java:1596)
        at java.base@21.0.8/java.lang.Thread.run(Thread.java:1583)
"IPC Server handler 37 on default port 15001" daemon prio=5 tid=595 timed_waiting
java.lang.Thread.State: TIMED_WAITING
        at java.base@21.0.8/jdk.internal.misc.Unsafe.park(Native Method)
        at java.base@21.0.8/java.util.concurrent.locks.LockSupport.parkNanos(LockSupport.java:269)
        at java.base@21.0.8/java.util.concurrent.locks.AbstractQueuedSynchronizer$ConditionObject.awaitNanos(AbstractQueuedSynchronizer.java:1763)
        at java.base@21.0.8/java.util.concurrent.LinkedBlockingQueue.poll(LinkedBlockingQueue.java:460)
        at app//org.apache.hadoop.ipc.CallQueueManager.take(CallQueueManager.java:370)
        at app//org.apache.hadoop.ipc.Server$Handler.run(Server.java:3165)
"IPC Server handler 63 on default port 15001" daemon prio=5 tid=621 timed_waiting
java.lang.Thread.State: TIMED_WAITING
        at java.base@21.0.8/jdk.internal.misc.Unsafe.park(Native Method)
        at java.base@21.0.8/java.util.concurrent.locks.LockSupport.parkNanos(LockSupport.java:269)
        at java.base@21.0.8/java.util.concurrent.locks.AbstractQueuedSynchronizer$ConditionObject.awaitNanos(AbstractQueuedSynchronizer.java:1763)
        at java.base@21.0.8/java.util.concurrent.LinkedBlockingQueue.poll(LinkedBlockingQueue.java:460)
        at app//org.apache.hadoop.ipc.CallQueueManager.take(CallQueueManager.java:370)
        at app//org.apache.hadoop.ipc.Server$Handler.run(Server.java:3165)
"74afb32b-8e70-4799-b16c-dc9602d9dbb6-RocksDBCompactionThread-0"  prio=5 tid=882 timed_waiting
java.lang.Thread.State: TIMED_WAITING
        at java.base@21.0.8/jdk.internal.misc.Unsafe.park(Native Method)
        at java.base@21.0.8/java.util.concurrent.locks.LockSupport.parkNanos(LockSupport.java:269)
        at java.base@21.0.8/java.util.concurrent.locks.AbstractQueuedSynchronizer$ConditionObject.awaitNanos(AbstractQueuedSynchronizer.java:1763)
        at java.base@21.0.8/java.util.concurrent.ScheduledThreadPoolExecutor$DelayedWorkQueue.take(ScheduledThreadPoolExecutor.java:1182)
        at java.base@21.0.8/java.util.concurrent.ScheduledThreadPoolExecutor$DelayedWorkQueue.take(ScheduledThreadPoolExecutor.java:899)
        at java.base@21.0.8/java.util.concurrent.ThreadPoolExecutor.getTask(ThreadPoolExecutor.java:1070)
        at java.base@21.0.8/java.util.concurrent.ThreadPoolExecutor.runWorker(ThreadPoolExecutor.java:1130)
        at java.base@21.0.8/java.util.concurrent.ThreadPoolExecutor$Worker.run(ThreadPoolExecutor.java:642)
        at java.base@21.0.8/java.lang.Thread.runWith(Thread.java:1596)
        at java.base@21.0.8/java.lang.Thread.run(Thread.java:1583)
"fc0351b7-0c71-4a2a-a0ca-337e5c0b1c14-groupManagement"  prio=5 tid=1087 in Object.wait()
java.lang.Thread.State: WAITING (on object monitor)
        at java.base@21.0.8/jdk.internal.misc.Unsafe.park(Native Method)
        at java.base@21.0.8/java.util.concurrent.locks.LockSupport.park(LockSupport.java:371)
        at java.base@21.0.8/java.util.concurrent.locks.AbstractQueuedSynchronizer$ConditionNode.block(AbstractQueuedSynchronizer.java:519)
        at java.base@21.0.8/java.util.concurrent.ForkJoinPool.unmanagedBlock(ForkJoinPool.java:3780)
        at java.base@21.0.8/java.util.concurrent.ForkJoinPool.managedBlock(ForkJoinPool.java:3725)
        at java.base@21.0.8/java.util.concurrent.locks.AbstractQueuedSynchronizer$ConditionObject.await(AbstractQueuedSynchronizer.java:1712)
        at java.base@21.0.8/java.util.concurrent.LinkedBlockingQueue.take(LinkedBlockingQueue.java:435)
        at java.base@21.0.8/java.util.concurrent.ThreadPoolExecutor.getTask(ThreadPoolExecutor.java:1070)
        at java.base@21.0.8/java.util.concurrent.ThreadPoolExecutor.runWorker(ThreadPoolExecutor.java:1130)
        at java.base@21.0.8/java.util.concurrent.ThreadPoolExecutor$Worker.run(ThreadPoolExecutor.java:642)
        at java.base@21.0.8/java.lang.Thread.runWith(Thread.java:1596)
        at java.base@21.0.8/java.lang.Thread.run(Thread.java:1583)
"IPC Server handler 4 on default port 15001" daemon prio=5 tid=562 timed_waiting
java.lang.Thread.State: TIMED_WAITING
        at java.base@21.0.8/jdk.internal.misc.Unsafe.park(Native Method)
        at java.base@21.0.8/java.util.concurrent.locks.LockSupport.parkNanos(LockSupport.java:269)
        at java.base@21.0.8/java.util.concurrent.locks.AbstractQueuedSynchronizer$ConditionObject.awaitNanos(AbstractQueuedSynchronizer.java:1763)
        at java.base@21.0.8/java.util.concurrent.LinkedBlockingQueue.poll(LinkedBlockingQueue.java:460)
        at app//org.apache.hadoop.ipc.CallQueueManager.take(CallQueueManager.java:370)
        at app//org.apache.hadoop.ipc.Server$Handler.run(Server.java:3165)
"IPC Server handler 82 on default port 15001" daemon prio=5 tid=640 timed_waiting
java.lang.Thread.State: TIMED_WAITING
        at java.base@21.0.8/jdk.internal.misc.Unsafe.park(Native Method)
        at java.base@21.0.8/java.util.concurrent.locks.LockSupport.parkNanos(LockSupport.java:269)
        at java.base@21.0.8/java.util.concurrent.locks.AbstractQueuedSynchronizer$ConditionObject.awaitNanos(AbstractQueuedSynchronizer.java:1763)
        at java.base@21.0.8/java.util.concurrent.LinkedBlockingQueue.poll(LinkedBlockingQueue.java:460)
        at app//org.apache.hadoop.ipc.CallQueueManager.take(CallQueueManager.java:370)
        at app//org.apache.hadoop.ipc.Server$Handler.run(Server.java:3165)
"fc0351b7-0c71-4a2a-a0ca-337e5c0b1c14-DatanodeReportManager-3" daemon prio=5 tid=878 in Object.wait()
java.lang.Thread.State: WAITING (on object monitor)
        at java.base@21.0.8/jdk.internal.misc.Unsafe.park(Native Method)
        at java.base@21.0.8/java.util.concurrent.locks.LockSupport.parkNanos(LockSupport.java:269)
        at java.base@21.0.8/java.util.concurrent.locks.AbstractQueuedSynchronizer$ConditionObject.awaitNanos(AbstractQueuedSynchronizer.java:1763)
        at java.base@21.0.8/java.util.concurrent.ScheduledThreadPoolExecutor$DelayedWorkQueue.take(ScheduledThreadPoolExecutor.java:1182)
        at java.base@21.0.8/java.util.concurrent.ScheduledThreadPoolExecutor$DelayedWorkQueue.take(ScheduledThreadPoolExecutor.java:899)
        at java.base@21.0.8/java.util.concurrent.ThreadPoolExecutor.getTask(ThreadPoolExecutor.java:1070)
        at java.base@21.0.8/java.util.concurrent.ThreadPoolExecutor.runWorker(ThreadPoolExecutor.java:1130)
        at java.base@21.0.8/java.util.concurrent.ThreadPoolExecutor$Worker.run(ThreadPoolExecutor.java:642)
        at java.base@21.0.8/java.lang.Thread.runWith(Thread.java:1596)
        at java.base@21.0.8/java.lang.Thread.run(Thread.java:1583)
"BackgroundPipelineScrubber" daemon prio=5 tid=55 timed_waiting
java.lang.Thread.State: TIMED_WAITING
        at java.base@21.0.8/java.lang.Object.wait0(Native Method)
        at java.base@21.0.8/java.lang.Object.wait(Object.java:366)
        at app//org.apache.hadoop.hdds.scm.ha.BackgroundSCMService.run(BackgroundSCMService.java:106)
        at app//org.apache.hadoop.hdds.scm.ha.BackgroundSCMService$$Lambda/0x00007f9d6c505440.run(Unknown Source)
        at java.base@21.0.8/java.lang.Thread.runWith(Thread.java:1596)
        at java.base@21.0.8/java.lang.Thread.run(Thread.java:1583)
"7d2db622-5327-4122-ba03-be97b5575303@group-79D92D5C683F-cacheEviction-AwaitToRun" daemon prio=5 tid=1082 in Object.wait()
java.lang.Thread.State: WAITING (on object monitor)
        at java.base@21.0.8/jdk.internal.misc.Unsafe.park(Native Method)
        at java.base@21.0.8/java.util.concurrent.locks.LockSupport.park(LockSupport.java:371)
        at java.base@21.0.8/java.util.concurrent.locks.AbstractQueuedSynchronizer$ConditionNode.block(AbstractQueuedSynchronizer.java:519)
        at java.base@21.0.8/java.util.concurrent.ForkJoinPool.unmanagedBlock(ForkJoinPool.java:3780)
        at java.base@21.0.8/java.util.concurrent.ForkJoinPool.managedBlock(ForkJoinPool.java:3725)
        at java.base@21.0.8/java.util.concurrent.locks.AbstractQueuedSynchronizer$ConditionObject.await(AbstractQueuedSynchronizer.java:1712)
        at app//org.apache.ratis.util.AwaitForSignal.await(AwaitForSignal.java:48)
        at app//org.apache.ratis.util.AwaitToRun$RunnableImpl.run(AwaitToRun.java:47)
        at java.base@21.0.8/java.lang.Thread.runWith(Thread.java:1596)
        at java.base@21.0.8/java.lang.Thread.run(Thread.java:1583)
"IPC Server handler 21 on default port 15003" daemon prio=5 tid=241 timed_waiting
java.lang.Thread.State: TIMED_WAITING
        at java.base@21.0.8/jdk.internal.misc.Unsafe.park(Native Method)
        at java.base@21.0.8/java.util.concurrent.locks.LockSupport.parkNanos(LockSupport.java:269)
        at java.base@21.0.8/java.util.concurrent.locks.AbstractQueuedSynchronizer$ConditionObject.awaitNanos(AbstractQueuedSynchronizer.java:1763)
        at java.base@21.0.8/java.util.concurrent.LinkedBlockingQueue.poll(LinkedBlockingQueue.java:460)
        at app//org.apache.hadoop.ipc.CallQueueManager.take(CallQueueManager.java:370)
        at app//org.apache.hadoop.ipc.Server$Handler.run(Server.java:3165)
"IPC Server handler 3 on default port 15045" daemon prio=5 tid=940 timed_waiting
java.lang.Thread.State: TIMED_WAITING
        at java.base@21.0.8/jdk.internal.misc.Unsafe.park(Native Method)
        at java.base@21.0.8/java.util.concurrent.locks.LockSupport.parkNanos(LockSupport.java:269)
        at java.base@21.0.8/java.util.concurrent.locks.AbstractQueuedSynchronizer$ConditionObject.awaitNanos(AbstractQueuedSynchronizer.java:1763)
        at java.base@21.0.8/java.util.concurrent.LinkedBlockingQueue.poll(LinkedBlockingQueue.java:460)
        at app//org.apache.hadoop.ipc.CallQueueManager.take(CallQueueManager.java:370)
        at app//org.apache.hadoop.ipc.Server$Handler.run(Server.java:3165)
"IPC Server handler 9 on default port 15002" daemon prio=5 tid=129 timed_waiting
java.lang.Thread.State: TIMED_WAITING
        at java.base@21.0.8/jdk.internal.misc.Unsafe.park(Native Method)
        at java.base@21.0.8/java.util.concurrent.locks.LockSupport.parkNanos(LockSupport.java:269)
        at java.base@21.0.8/java.util.concurrent.locks.AbstractQueuedSynchronizer$ConditionObject.awaitNanos(AbstractQueuedSynchronizer.java:1763)
        at java.base@21.0.8/java.util.concurrent.LinkedBlockingQueue.poll(LinkedBlockingQueue.java:460)
        at app//org.apache.hadoop.ipc.CallQueueManager.take(CallQueueManager.java:370)
        at app//org.apache.hadoop.ipc.Server$Handler.run(Server.java:3165)
"Socket Reader #8 for port 15029" daemon prio=5 tid=781 runnable
java.lang.Thread.State: RUNNABLE
        at java.base@21.0.8/sun.nio.ch.EPoll.wait(Native Method)
        at java.base@21.0.8/sun.nio.ch.EPollSelectorImpl.doSelect(EPollSelectorImpl.java:121)
        at java.base@21.0.8/sun.nio.ch.SelectorImpl.lockAndDoSelect(SelectorImpl.java:130)
        at java.base@21.0.8/sun.nio.ch.SelectorImpl.select(SelectorImpl.java:147)
        at app//org.apache.hadoop.ipc.Server$Listener$Reader.doRunLoop(Server.java:1497)
        at app//org.apache.hadoop.ipc.Server$Listener$Reader.run(Server.java:1476)
"JvmPauseMonitor3" daemon prio=5 tid=661 timed_waiting
java.lang.Thread.State: TIMED_WAITING
        at java.base@21.0.8/java.lang.Thread.sleep0(Native Method)
        at java.base@21.0.8/java.lang.Thread.sleep(Thread.java:558)
        at java.base@21.0.8/java.util.concurrent.TimeUnit.sleep(TimeUnit.java:446)
        at app//org.apache.ratis.util.TimeDuration.sleep(TimeDuration.java:353)
        at app//org.apache.ratis.util.TimeDuration.sleep(TimeDuration.java:338)
        at app//org.apache.ratis.util.JvmPauseMonitor.detectPause(JvmPauseMonitor.java:160)
        at app//org.apache.ratis.util.JvmPauseMonitor.run(JvmPauseMonitor.java:149)
        at app//org.apache.ratis.util.JvmPauseMonitor$$Lambda/0x00007f9d6c3ae540.run(Unknown Source)
        at java.base@21.0.8/java.lang.Thread.runWith(Thread.java:1596)
        at java.base@21.0.8/java.lang.Thread.run(Thread.java:1583)
"grpc-default-worker-ELG-3-4" daemon prio=5 tid=1058 runnable
java.lang.Thread.State: RUNNABLE
        at app//org.apache.ratis.thirdparty.io.netty.channel.epoll.Native.epollWait0(Native Method)
        at app//org.apache.ratis.thirdparty.io.netty.channel.epoll.Native.epollWait(Native.java:193)
        at app//org.apache.ratis.thirdparty.io.netty.channel.epoll.EpollEventLoop.epollWait(EpollEventLoop.java:304)
        at app//org.apache.ratis.thirdparty.io.netty.channel.epoll.EpollEventLoop.run(EpollEventLoop.java:368)
        at app//org.apache.ratis.thirdparty.io.netty.util.concurrent.SingleThreadEventExecutor$4.run(SingleThreadEventExecutor.java:998)
        at app//org.apache.ratis.thirdparty.io.netty.util.internal.ThreadExecutorMap$2.run(ThreadExecutorMap.java:74)
        at app//org.apache.ratis.thirdparty.io.netty.util.concurrent.FastThreadLocalRunnable.run(FastThreadLocalRunnable.java:30)
        at java.base@21.0.8/java.lang.Thread.runWith(Thread.java:1596)
        at java.base@21.0.8/java.lang.Thread.run(Thread.java:1583)
"IPC Server handler 60 on default port 15002" daemon prio=5 tid=180 timed_waiting
java.lang.Thread.State: TIMED_WAITING
        at java.base@21.0.8/jdk.internal.misc.Unsafe.park(Native Method)
        at java.base@21.0.8/java.util.concurrent.locks.LockSupport.parkNanos(LockSupport.java:269)
        at java.base@21.0.8/java.util.concurrent.locks.AbstractQueuedSynchronizer$ConditionObject.awaitNanos(AbstractQueuedSynchronizer.java:1763)
        at java.base@21.0.8/java.util.concurrent.LinkedBlockingQueue.poll(LinkedBlockingQueue.java:460)
        at app//org.apache.hadoop.ipc.CallQueueManager.take(CallQueueManager.java:370)
        at app//org.apache.hadoop.ipc.Server$Handler.run(Server.java:3165)
"FixedThreadPoolWithAffinityExecutor-1-0" daemon prio=5 tid=104 timed_waiting
java.lang.Thread.State: TIMED_WAITING
        at java.base@21.0.8/jdk.internal.misc.Unsafe.park(Native Method)
        at java.base@21.0.8/java.util.concurrent.locks.LockSupport.parkNanos(LockSupport.java:269)
        at java.base@21.0.8/java.util.concurrent.locks.AbstractQueuedSynchronizer$ConditionObject.awaitNanos(AbstractQueuedSynchronizer.java:1763)
        at java.base@21.0.8/java.util.concurrent.LinkedBlockingQueue.poll(LinkedBlockingQueue.java:460)
        at app//org.apache.hadoop.hdds.scm.server.ContainerReportQueue.poll(ContainerReportQueue.java:269)
        at app//org.apache.hadoop.hdds.scm.server.ContainerReportQueue.poll(ContainerReportQueue.java:42)
        at app//org.apache.hadoop.hdds.server.events.FixedThreadPoolWithAffinityExecutor$ContainerReportProcessTask.run(FixedThreadPoolWithAffinityExecutor.java:228)
        at java.base@21.0.8/java.util.concurrent.Executors$RunnableAdapter.call(Executors.java:572)
        at java.base@21.0.8/java.util.concurrent.FutureTask.run(FutureTask.java:317)
        at java.base@21.0.8/java.util.concurrent.ThreadPoolExecutor.runWorker(ThreadPoolExecutor.java:1144)
        at java.base@21.0.8/java.util.concurrent.ThreadPoolExecutor$Worker.run(ThreadPoolExecutor.java:642)
        at java.base@21.0.8/java.lang.Thread.runWith(Thread.java:1596)
        at java.base@21.0.8/java.lang.Thread.run(Thread.java:1583)
"LeaseManager#LeaseMonitor" daemon prio=5 tid=321 timed_waiting
java.lang.Thread.State: TIMED_WAITING
        at java.base@21.0.8/jdk.internal.misc.Unsafe.park(Native Method)
        at java.base@21.0.8/java.util.concurrent.locks.LockSupport.parkNanos(LockSupport.java:269)
        at java.base@21.0.8/java.util.concurrent.locks.AbstractQueuedSynchronizer.acquire(AbstractQueuedSynchronizer.java:756)
        at java.base@21.0.8/java.util.concurrent.locks.AbstractQueuedSynchronizer.tryAcquireSharedNanos(AbstractQueuedSynchronizer.java:1126)
        at java.base@21.0.8/java.util.concurrent.Semaphore.tryAcquire(Semaphore.java:415)
        at app//org.apache.hadoop.ozone.lease.LeaseManager$LeaseMonitor.run(LeaseManager.java:283)
        at java.base@21.0.8/java.lang.Thread.runWith(Thread.java:1596)
        at java.base@21.0.8/java.lang.Thread.run(Thread.java:1583)
"Socket Reader #6 for port 15045" daemon prio=5 tid=926 runnable
java.lang.Thread.State: RUNNABLE
        at java.base@21.0.8/sun.nio.ch.EPoll.wait(Native Method)
        at java.base@21.0.8/sun.nio.ch.EPollSelectorImpl.doSelect(EPollSelectorImpl.java:121)
        at java.base@21.0.8/sun.nio.ch.SelectorImpl.lockAndDoSelect(SelectorImpl.java:130)
        at java.base@21.0.8/sun.nio.ch.SelectorImpl.select(SelectorImpl.java:147)
        at app//org.apache.hadoop.ipc.Server$Listener$Reader.doRunLoop(Server.java:1497)
        at app//org.apache.hadoop.ipc.Server$Listener$Reader.run(Server.java:1476)
"IPC Server handler 52 on default port 15001" daemon prio=5 tid=610 timed_waiting
java.lang.Thread.State: TIMED_WAITING
        at java.base@21.0.8/jdk.internal.misc.Unsafe.park(Native Method)
        at java.base@21.0.8/java.util.concurrent.locks.LockSupport.parkNanos(LockSupport.java:269)
        at java.base@21.0.8/java.util.concurrent.locks.AbstractQueuedSynchronizer$ConditionObject.awaitNanos(AbstractQueuedSynchronizer.java:1763)
        at java.base@21.0.8/java.util.concurrent.LinkedBlockingQueue.poll(LinkedBlockingQueue.java:460)
        at app//org.apache.hadoop.ipc.CallQueueManager.take(CallQueueManager.java:370)
        at app//org.apache.hadoop.ipc.Server$Handler.run(Server.java:3165)
"IPC Server handler 29 on default port 15004" daemon prio=5 tid=367 timed_waiting
java.lang.Thread.State: TIMED_WAITING
        at java.base@21.0.8/jdk.internal.misc.Unsafe.park(Native Method)
        at java.base@21.0.8/java.util.concurrent.locks.LockSupport.parkNanos(LockSupport.java:269)
        at java.base@21.0.8/java.util.concurrent.locks.AbstractQueuedSynchronizer$ConditionObject.awaitNanos(AbstractQueuedSynchronizer.java:1763)
        at java.base@21.0.8/java.util.concurrent.LinkedBlockingQueue.poll(LinkedBlockingQueue.java:460)
        at app//org.apache.hadoop.ipc.CallQueueManager.take(CallQueueManager.java:370)
        at app//org.apache.hadoop.ipc.Server$Handler.run(Server.java:3165)
"IPC Server handler 4 on default port 15029" daemon prio=5 tid=791 timed_waiting
java.lang.Thread.State: TIMED_WAITING
        at java.base@21.0.8/jdk.internal.misc.Unsafe.park(Native Method)
        at java.base@21.0.8/java.util.concurrent.locks.LockSupport.parkNanos(LockSupport.java:269)
        at java.base@21.0.8/java.util.concurrent.locks.AbstractQueuedSynchronizer$ConditionObject.awaitNanos(AbstractQueuedSynchronizer.java:1763)
        at java.base@21.0.8/java.util.concurrent.LinkedBlockingQueue.poll(LinkedBlockingQueue.java:460)
        at app//org.apache.hadoop.ipc.CallQueueManager.take(CallQueueManager.java:370)
        at app//org.apache.hadoop.ipc.Server$Handler.run(Server.java:3165)
"pool-35-thread-1"  prio=5 tid=1293 timed_waiting
java.lang.Thread.State: TIMED_WAITING
        at java.base@21.0.8/jdk.internal.misc.Unsafe.park(Native Method)
        at java.base@21.0.8/java.util.concurrent.locks.LockSupport.parkNanos(LockSupport.java:410)
        at java.base@21.0.8/java.util.concurrent.LinkedTransferQueue$DualNode.await(LinkedTransferQueue.java:452)
        at java.base@21.0.8/java.util.concurrent.SynchronousQueue$Transferer.xferLifo(SynchronousQueue.java:194)
        at java.base@21.0.8/java.util.concurrent.SynchronousQueue.xfer(SynchronousQueue.java:235)
        at java.base@21.0.8/java.util.concurrent.SynchronousQueue.poll(SynchronousQueue.java:338)
        at java.base@21.0.8/java.util.concurrent.ThreadPoolExecutor.getTask(ThreadPoolExecutor.java:1069)
        at java.base@21.0.8/java.util.concurrent.ThreadPoolExecutor.runWorker(ThreadPoolExecutor.java:1130)
        at java.base@21.0.8/java.util.concurrent.ThreadPoolExecutor$Worker.run(ThreadPoolExecutor.java:642)
        at java.base@21.0.8/java.lang.Thread.runWith(Thread.java:1596)
        at java.base@21.0.8/java.lang.Thread.run(Thread.java:1583)
"IPC Server handler 14 on default port 15003" daemon prio=5 tid=234 timed_waiting
java.lang.Thread.State: TIMED_WAITING
        at java.base@21.0.8/jdk.internal.misc.Unsafe.park(Native Method)
        at java.base@21.0.8/java.util.concurrent.locks.LockSupport.parkNanos(LockSupport.java:269)
        at java.base@21.0.8/java.util.concurrent.locks.AbstractQueuedSynchronizer$ConditionObject.awaitNanos(AbstractQueuedSynchronizer.java:1763)
        at java.base@21.0.8/java.util.concurrent.LinkedBlockingQueue.poll(LinkedBlockingQueue.java:460)
        at app//org.apache.hadoop.ipc.CallQueueManager.take(CallQueueManager.java:370)
        at app//org.apache.hadoop.ipc.Server$Handler.run(Server.java:3165)
"IPC Server handler 6 on default port 15002" daemon prio=5 tid=126 timed_waiting
java.lang.Thread.State: TIMED_WAITING
        at java.base@21.0.8/jdk.internal.misc.Unsafe.park(Native Method)
        at java.base@21.0.8/java.util.concurrent.locks.LockSupport.parkNanos(LockSupport.java:269)
        at java.base@21.0.8/java.util.concurrent.locks.AbstractQueuedSynchronizer$ConditionObject.awaitNanos(AbstractQueuedSynchronizer.java:1763)
        at java.base@21.0.8/java.util.concurrent.LinkedBlockingQueue.poll(LinkedBlockingQueue.java:460)
        at app//org.apache.hadoop.ipc.CallQueueManager.take(CallQueueManager.java:370)
        at app//org.apache.hadoop.ipc.Server$Handler.run(Server.java:3165)
"IPC Server handler 66 on default port 15004" daemon prio=5 tid=404 timed_waiting
java.lang.Thread.State: TIMED_WAITING
        at java.base@21.0.8/jdk.internal.misc.Unsafe.park(Native Method)
        at java.base@21.0.8/java.util.concurrent.locks.LockSupport.parkNanos(LockSupport.java:269)
        at java.base@21.0.8/java.util.concurrent.locks.AbstractQueuedSynchronizer$ConditionObject.awaitNanos(AbstractQueuedSynchronizer.java:1763)
        at java.base@21.0.8/java.util.concurrent.LinkedBlockingQueue.poll(LinkedBlockingQueue.java:460)
        at app//org.apache.hadoop.ipc.CallQueueManager.take(CallQueueManager.java:370)
        at app//org.apache.hadoop.ipc.Server$Handler.run(Server.java:3165)
"7d2db622-5327-4122-ba03-be97b5575303-EndpointStateMachineTaskThread-/127.0.0.1:15001-0 "  prio=5 tid=918 in Object.wait()
java.lang.Thread.State: WAITING (on object monitor)
        at java.base@21.0.8/jdk.internal.misc.Unsafe.park(Native Method)
        at java.base@21.0.8/java.util.concurrent.locks.LockSupport.park(LockSupport.java:371)
        at java.base@21.0.8/java.util.concurrent.locks.AbstractQueuedSynchronizer$ConditionNode.block(AbstractQueuedSynchronizer.java:519)
        at java.base@21.0.8/java.util.concurrent.ForkJoinPool.unmanagedBlock(ForkJoinPool.java:3780)
        at java.base@21.0.8/java.util.concurrent.ForkJoinPool.managedBlock(ForkJoinPool.java:3725)
        at java.base@21.0.8/java.util.concurrent.locks.AbstractQueuedSynchronizer$ConditionObject.await(AbstractQueuedSynchronizer.java:1712)
        at java.base@21.0.8/java.util.concurrent.LinkedBlockingQueue.take(LinkedBlockingQueue.java:435)
        at java.base@21.0.8/java.util.concurrent.ThreadPoolExecutor.getTask(ThreadPoolExecutor.java:1070)
        at java.base@21.0.8/java.util.concurrent.ThreadPoolExecutor.runWorker(ThreadPoolExecutor.java:1130)
        at java.base@21.0.8/java.util.concurrent.ThreadPoolExecutor$Worker.run(ThreadPoolExecutor.java:642)
        at java.base@21.0.8/java.lang.Thread.runWith(Thread.java:1596)
        at java.base@21.0.8/java.lang.Thread.run(Thread.java:1583)
"IPC Server handler 12 on default port 15001" daemon prio=5 tid=570 timed_waiting
java.lang.Thread.State: TIMED_WAITING
        at java.base@21.0.8/jdk.internal.misc.Unsafe.park(Native Method)
        at java.base@21.0.8/java.util.concurrent.locks.LockSupport.parkNanos(LockSupport.java:269)
        at java.base@21.0.8/java.util.concurrent.locks.AbstractQueuedSynchronizer$ConditionObject.awaitNanos(AbstractQueuedSynchronizer.java:1763)
        at java.base@21.0.8/java.util.concurrent.LinkedBlockingQueue.poll(LinkedBlockingQueue.java:460)
        at app//org.apache.hadoop.ipc.CallQueueManager.take(CallQueueManager.java:370)
        at app//org.apache.hadoop.ipc.Server$Handler.run(Server.java:3165)
"ForkJoinPool-1-worker-4" daemon prio=5 tid=448 in Object.wait()
java.lang.Thread.State: WAITING (on object monitor)
        at java.base@21.0.8/jdk.internal.misc.Unsafe.park(Native Method)
        at java.base@21.0.8/java.util.concurrent.locks.LockSupport.park(LockSupport.java:371)
        at java.base@21.0.8/java.util.concurrent.ForkJoinPool.awaitWork(ForkJoinPool.java:1893)
        at java.base@21.0.8/java.util.concurrent.ForkJoinPool.runWorker(ForkJoinPool.java:1809)
        at java.base@21.0.8/java.util.concurrent.ForkJoinWorkerThread.run(ForkJoinWorkerThread.java:188)
"IPC Server handler 78 on default port 15004" daemon prio=5 tid=416 timed_waiting
java.lang.Thread.State: TIMED_WAITING
        at java.base@21.0.8/jdk.internal.misc.Unsafe.park(Native Method)
        at java.base@21.0.8/java.util.concurrent.locks.LockSupport.parkNanos(LockSupport.java:269)
        at java.base@21.0.8/java.util.concurrent.locks.AbstractQueuedSynchronizer$ConditionObject.awaitNanos(AbstractQueuedSynchronizer.java:1763)
        at java.base@21.0.8/java.util.concurrent.LinkedBlockingQueue.poll(LinkedBlockingQueue.java:460)
        at app//org.apache.hadoop.ipc.CallQueueManager.take(CallQueueManager.java:370)
        at app//org.apache.hadoop.ipc.Server$Handler.run(Server.java:3165)
"c11f8a16-55ee-4f22-a5a5-7daf2dffa753-RocksDBCompactionThread-0"  prio=5 tid=713 timed_waiting
java.lang.Thread.State: TIMED_WAITING
        at java.base@21.0.8/jdk.internal.misc.Unsafe.park(Native Method)
        at java.base@21.0.8/java.util.concurrent.locks.LockSupport.parkNanos(LockSupport.java:269)
        at java.base@21.0.8/java.util.concurrent.locks.AbstractQueuedSynchronizer$ConditionObject.awaitNanos(AbstractQueuedSynchronizer.java:1763)
        at java.base@21.0.8/java.util.concurrent.ScheduledThreadPoolExecutor$DelayedWorkQueue.take(ScheduledThreadPoolExecutor.java:1182)
        at java.base@21.0.8/java.util.concurrent.ScheduledThreadPoolExecutor$DelayedWorkQueue.take(ScheduledThreadPoolExecutor.java:899)
        at java.base@21.0.8/java.util.concurrent.ThreadPoolExecutor.getTask(ThreadPoolExecutor.java:1070)
        at java.base@21.0.8/java.util.concurrent.ThreadPoolExecutor.runWorker(ThreadPoolExecutor.java:1130)
        at java.base@21.0.8/java.util.concurrent.ThreadPoolExecutor$Worker.run(ThreadPoolExecutor.java:642)
        at java.base@21.0.8/java.lang.Thread.runWith(Thread.java:1596)
        at java.base@21.0.8/java.lang.Thread.run(Thread.java:1583)
"IPC Server handler 70 on default port 15002" daemon prio=5 tid=190 timed_waiting
java.lang.Thread.State: TIMED_WAITING
        at java.base@21.0.8/jdk.internal.misc.Unsafe.park(Native Method)
        at java.base@21.0.8/java.util.concurrent.locks.LockSupport.parkNanos(LockSupport.java:269)
        at java.base@21.0.8/java.util.concurrent.locks.AbstractQueuedSynchronizer$ConditionObject.awaitNanos(AbstractQueuedSynchronizer.java:1763)
        at java.base@21.0.8/java.util.concurrent.LinkedBlockingQueue.poll(LinkedBlockingQueue.java:460)
        at app//org.apache.hadoop.ipc.CallQueueManager.take(CallQueueManager.java:370)
        at app//org.apache.hadoop.ipc.Server$Handler.run(Server.java:3165)
"grpc-default-boss-ELG-1-1" daemon prio=5 tid=44 runnable
java.lang.Thread.State: RUNNABLE
        at app//org.apache.ratis.thirdparty.io.netty.channel.epoll.Native.epollWait(Native Method)
        at app//org.apache.ratis.thirdparty.io.netty.channel.epoll.Native.epollWait(Native.java:220)
        at app//org.apache.ratis.thirdparty.io.netty.channel.epoll.Native.epollWait(Native.java:213)
        at app//org.apache.ratis.thirdparty.io.netty.channel.epoll.EpollEventLoop.epollWaitNoTimerChange(EpollEventLoop.java:308)
        at app//org.apache.ratis.thirdparty.io.netty.channel.epoll.EpollEventLoop.run(EpollEventLoop.java:365)
        at app//org.apache.ratis.thirdparty.io.netty.util.concurrent.SingleThreadEventExecutor$4.run(SingleThreadEventExecutor.java:998)
        at app//org.apache.ratis.thirdparty.io.netty.util.internal.ThreadExecutorMap$2.run(ThreadExecutorMap.java:74)
        at app//org.apache.ratis.thirdparty.io.netty.util.concurrent.FastThreadLocalRunnable.run(FastThreadLocalRunnable.java:30)
        at java.base@21.0.8/java.lang.Thread.runWith(Thread.java:1596)
        at java.base@21.0.8/java.lang.Thread.run(Thread.java:1583)
"IPC Server handler 37 on default port 15003" daemon prio=5 tid=257 timed_waiting
java.lang.Thread.State: TIMED_WAITING
        at java.base@21.0.8/jdk.internal.misc.Unsafe.park(Native Method)
        at java.base@21.0.8/java.util.concurrent.locks.LockSupport.parkNanos(LockSupport.java:269)
        at java.base@21.0.8/java.util.concurrent.locks.AbstractQueuedSynchronizer$ConditionObject.awaitNanos(AbstractQueuedSynchronizer.java:1763)
        at java.base@21.0.8/java.util.concurrent.LinkedBlockingQueue.poll(LinkedBlockingQueue.java:460)
        at app//org.apache.hadoop.ipc.CallQueueManager.take(CallQueueManager.java:370)
        at app//org.apache.hadoop.ipc.Server$Handler.run(Server.java:3165)
"IPC Server handler 48 on default port 15004" daemon prio=5 tid=386 timed_waiting
java.lang.Thread.State: TIMED_WAITING
        at java.base@21.0.8/jdk.internal.misc.Unsafe.park(Native Method)
        at java.base@21.0.8/java.util.concurrent.locks.LockSupport.parkNanos(LockSupport.java:269)
        at java.base@21.0.8/java.util.concurrent.locks.AbstractQueuedSynchronizer$ConditionObject.awaitNanos(AbstractQueuedSynchronizer.java:1763)
        at java.base@21.0.8/java.util.concurrent.LinkedBlockingQueue.poll(LinkedBlockingQueue.java:460)
        at app//org.apache.hadoop.ipc.CallQueueManager.take(CallQueueManager.java:370)
        at app//org.apache.hadoop.ipc.Server$Handler.run(Server.java:3165)
"IPC Server handler 67 on default port 15003" daemon prio=5 tid=287 timed_waiting
java.lang.Thread.State: TIMED_WAITING
        at java.base@21.0.8/jdk.internal.misc.Unsafe.park(Native Method)
        at java.base@21.0.8/java.util.concurrent.locks.LockSupport.parkNanos(LockSupport.java:269)
        at java.base@21.0.8/java.util.concurrent.locks.AbstractQueuedSynchronizer$ConditionObject.awaitNanos(AbstractQueuedSynchronizer.java:1763)
        at java.base@21.0.8/java.util.concurrent.LinkedBlockingQueue.poll(LinkedBlockingQueue.java:460)
        at app//org.apache.hadoop.ipc.CallQueueManager.take(CallQueueManager.java:370)
        at app//org.apache.hadoop.ipc.Server$Handler.run(Server.java:3165)
"SSL Certificates Store Monitor" daemon prio=5 tid=1355 terminated
java.lang.Thread.State: TERMINATED
        at java.base@21.0.8/java.lang.Object.wait0(Native Method)
        at java.base@21.0.8/java.lang.Object.wait(Object.java:366)
        at java.base@21.0.8/java.lang.Object.wait(Object.java:339)
        at java.base@21.0.8/java.util.TimerThread.mainLoop(Timer.java:537)
        at java.base@21.0.8/java.util.TimerThread.run(Timer.java:516)
"Hadoop-Metrics-Updater-0" daemon prio=5 tid=533 timed_waiting
java.lang.Thread.State: TIMED_WAITING
        at java.base@21.0.8/jdk.internal.misc.Unsafe.park(Native Method)
        at java.base@21.0.8/java.util.concurrent.locks.LockSupport.parkNanos(LockSupport.java:269)
        at java.base@21.0.8/java.util.concurrent.locks.AbstractQueuedSynchronizer$ConditionObject.awaitNanos(AbstractQueuedSynchronizer.java:1763)
        at java.base@21.0.8/java.util.concurrent.ScheduledThreadPoolExecutor$DelayedWorkQueue.take(ScheduledThreadPoolExecutor.java:1182)
        at java.base@21.0.8/java.util.concurrent.ScheduledThreadPoolExecutor$DelayedWorkQueue.take(ScheduledThreadPoolExecutor.java:899)
        at java.base@21.0.8/java.util.concurrent.ThreadPoolExecutor.getTask(ThreadPoolExecutor.java:1070)
        at java.base@21.0.8/java.util.concurrent.ThreadPoolExecutor.runWorker(ThreadPoolExecutor.java:1130)
        at java.base@21.0.8/java.util.concurrent.ThreadPoolExecutor$Worker.run(ThreadPoolExecutor.java:642)
        at java.base@21.0.8/java.lang.Thread.runWith(Thread.java:1596)
        at java.base@21.0.8/java.lang.Thread.run(Thread.java:1583)
"MutableQuantiles-0" daemon prio=5 tid=665 timed_waiting
java.lang.Thread.State: TIMED_WAITING
        at java.base@21.0.8/jdk.internal.misc.Unsafe.park(Native Method)
        at java.base@21.0.8/java.util.concurrent.locks.LockSupport.parkNanos(LockSupport.java:269)
        at java.base@21.0.8/java.util.concurrent.locks.AbstractQueuedSynchronizer$ConditionObject.awaitNanos(AbstractQueuedSynchronizer.java:1763)
        at java.base@21.0.8/java.util.concurrent.ScheduledThreadPoolExecutor$DelayedWorkQueue.take(ScheduledThreadPoolExecutor.java:1182)
        at java.base@21.0.8/java.util.concurrent.ScheduledThreadPoolExecutor$DelayedWorkQueue.take(ScheduledThreadPoolExecutor.java:899)
        at java.base@21.0.8/java.util.concurrent.ThreadPoolExecutor.getTask(ThreadPoolExecutor.java:1070)
        at java.base@21.0.8/java.util.concurrent.ThreadPoolExecutor.runWorker(ThreadPoolExecutor.java:1130)
        at java.base@21.0.8/java.util.concurrent.ThreadPoolExecutor$Worker.run(ThreadPoolExecutor.java:642)
        at java.base@21.0.8/java.lang.Thread.runWith(Thread.java:1596)
        at java.base@21.0.8/java.lang.Thread.run(Thread.java:1583)
"IPC Server handler 51 on default port 15003" daemon prio=5 tid=271 timed_waiting
java.lang.Thread.State: TIMED_WAITING
        at java.base@21.0.8/jdk.internal.misc.Unsafe.park(Native Method)
        at java.base@21.0.8/java.util.concurrent.locks.LockSupport.parkNanos(LockSupport.java:269)
        at java.base@21.0.8/java.util.concurrent.locks.AbstractQueuedSynchronizer$ConditionObject.awaitNanos(AbstractQueuedSynchronizer.java:1763)
        at java.base@21.0.8/java.util.concurrent.LinkedBlockingQueue.poll(LinkedBlockingQueue.java:460)
        at app//org.apache.hadoop.ipc.CallQueueManager.take(CallQueueManager.java:370)
        at app//org.apache.hadoop.ipc.Server$Handler.run(Server.java:3165)
"IPC Server handler 88 on default port 15003" daemon prio=5 tid=308 timed_waiting
java.lang.Thread.State: TIMED_WAITING
        at java.base@21.0.8/jdk.internal.misc.Unsafe.park(Native Method)
        at java.base@21.0.8/java.util.concurrent.locks.LockSupport.parkNanos(LockSupport.java:269)
        at java.base@21.0.8/java.util.concurrent.locks.AbstractQueuedSynchronizer$ConditionObject.awaitNanos(AbstractQueuedSynchronizer.java:1763)
        at java.base@21.0.8/java.util.concurrent.LinkedBlockingQueue.poll(LinkedBlockingQueue.java:460)
        at app//org.apache.hadoop.ipc.CallQueueManager.take(CallQueueManager.java:370)
        at app//org.apache.hadoop.ipc.Server$Handler.run(Server.java:3165)
"Socket Reader #2 for port 15002" daemon prio=5 tid=91 runnable
java.lang.Thread.State: RUNNABLE
        at java.base@21.0.8/sun.nio.ch.EPoll.wait(Native Method)
        at java.base@21.0.8/sun.nio.ch.EPollSelectorImpl.doSelect(EPollSelectorImpl.java:121)
        at java.base@21.0.8/sun.nio.ch.SelectorImpl.lockAndDoSelect(SelectorImpl.java:130)
        at java.base@21.0.8/sun.nio.ch.SelectorImpl.select(SelectorImpl.java:147)
        at app//org.apache.hadoop.ipc.Server$Listener$Reader.doRunLoop(Server.java:1497)
        at app//org.apache.hadoop.ipc.Server$Listener$Reader.run(Server.java:1476)
"IPC Server handler 0 on default port 15037" daemon prio=5 tid=864 timed_waiting
java.lang.Thread.State: TIMED_WAITING
        at java.base@21.0.8/jdk.internal.misc.Unsafe.park(Native Method)
        at java.base@21.0.8/java.util.concurrent.locks.LockSupport.parkNanos(LockSupport.java:269)
        at java.base@21.0.8/java.util.concurrent.locks.AbstractQueuedSynchronizer$ConditionObject.awaitNanos(AbstractQueuedSynchronizer.java:1763)
        at java.base@21.0.8/java.util.concurrent.LinkedBlockingQueue.poll(LinkedBlockingQueue.java:460)
        at app//org.apache.hadoop.ipc.CallQueueManager.take(CallQueueManager.java:370)
        at app//org.apache.hadoop.ipc.Server$Handler.run(Server.java:3165)
"7d2db622-5327-4122-ba03-be97b5575303@group-79D92D5C683F-StateMachineUpdater" daemon prio=5 tid=1085 timed_waiting
java.lang.Thread.State: TIMED_WAITING
        at java.base@21.0.8/jdk.internal.misc.Unsafe.park(Native Method)
        at java.base@21.0.8/java.util.concurrent.locks.LockSupport.parkNanos(LockSupport.java:269)
        at java.base@21.0.8/java.util.concurrent.locks.AbstractQueuedSynchronizer$ConditionObject.await(AbstractQueuedSynchronizer.java:1852)
        at app//org.apache.ratis.util.AwaitForSignal.await(AwaitForSignal.java:65)
        at app//org.apache.ratis.server.impl.StateMachineUpdater.waitForCommit(StateMachineUpdater.java:222)
        at app//org.apache.ratis.server.impl.StateMachineUpdater.run(StateMachineUpdater.java:187)
        at java.base@21.0.8/java.lang.Thread.runWith(Thread.java:1596)
        at java.base@21.0.8/java.lang.Thread.run(Thread.java:1583)
"IPC Server handler 60 on default port 15004" daemon prio=5 tid=398 timed_waiting
java.lang.Thread.State: TIMED_WAITING
        at java.base@21.0.8/jdk.internal.misc.Unsafe.park(Native Method)
        at java.base@21.0.8/java.util.concurrent.locks.LockSupport.parkNanos(LockSupport.java:269)
        at java.base@21.0.8/java.util.concurrent.locks.AbstractQueuedSynchronizer$ConditionObject.awaitNanos(AbstractQueuedSynchronizer.java:1763)
        at java.base@21.0.8/java.util.concurrent.LinkedBlockingQueue.poll(LinkedBlockingQueue.java:460)
        at app//org.apache.hadoop.ipc.CallQueueManager.take(CallQueueManager.java:370)
        at app//org.apache.hadoop.ipc.Server$Handler.run(Server.java:3165)
"fc0351b7-0c71-4a2a-a0ca-337e5c0b1c14-ChunkWriter-3-0" daemon prio=5 tid=996 in Object.wait()
java.lang.Thread.State: WAITING (on object monitor)
        at java.base@21.0.8/jdk.internal.misc.Unsafe.park(Native Method)
        at java.base@21.0.8/java.util.concurrent.locks.LockSupport.park(LockSupport.java:371)
        at java.base@21.0.8/java.util.concurrent.locks.AbstractQueuedSynchronizer$ConditionNode.block(AbstractQueuedSynchronizer.java:519)
        at java.base@21.0.8/java.util.concurrent.ForkJoinPool.unmanagedBlock(ForkJoinPool.java:3780)
        at java.base@21.0.8/java.util.concurrent.ForkJoinPool.managedBlock(ForkJoinPool.java:3725)
        at java.base@21.0.8/java.util.concurrent.locks.AbstractQueuedSynchronizer$ConditionObject.await(AbstractQueuedSynchronizer.java:1712)
        at java.base@21.0.8/java.util.concurrent.LinkedBlockingDeque.takeFirst(LinkedBlockingDeque.java:485)
        at java.base@21.0.8/java.util.concurrent.LinkedBlockingDeque.take(LinkedBlockingDeque.java:673)
        at java.base@21.0.8/java.util.concurrent.ThreadPoolExecutor.getTask(ThreadPoolExecutor.java:1070)
        at java.base@21.0.8/java.util.concurrent.ThreadPoolExecutor.runWorker(ThreadPoolExecutor.java:1130)
        at java.base@21.0.8/java.util.concurrent.ThreadPoolExecutor$Worker.run(ThreadPoolExecutor.java:642)
        at java.base@21.0.8/java.lang.Thread.runWith(Thread.java:1596)
        at java.base@21.0.8/java.lang.Thread.run(Thread.java:1583)
"Socket Reader #4 for port 15008" daemon prio=5 tid=453 runnable
java.lang.Thread.State: RUNNABLE
        at java.base@21.0.8/sun.nio.ch.EPoll.wait(Native Method)
        at java.base@21.0.8/sun.nio.ch.EPollSelectorImpl.doSelect(EPollSelectorImpl.java:121)
        at java.base@21.0.8/sun.nio.ch.SelectorImpl.lockAndDoSelect(SelectorImpl.java:130)
        at java.base@21.0.8/sun.nio.ch.SelectorImpl.select(SelectorImpl.java:147)
        at app//org.apache.hadoop.ipc.Server$Listener$Reader.doRunLoop(Server.java:1497)
        at app//org.apache.hadoop.ipc.Server$Listener$Reader.run(Server.java:1476)
"qtp1597424614-330" daemon prio=5 tid=330 timed_waiting
java.lang.Thread.State: TIMED_WAITING
        at java.base@21.0.8/jdk.internal.misc.Unsafe.park(Native Method)
        at java.base@21.0.8/java.util.concurrent.locks.LockSupport.parkNanos(LockSupport.java:269)
        at java.base@21.0.8/java.util.concurrent.locks.AbstractQueuedSynchronizer$ConditionObject.awaitNanos(AbstractQueuedSynchronizer.java:1763)
        at app//org.eclipse.jetty.util.BlockingArrayQueue.poll(BlockingArrayQueue.java:382)
        at app//org.eclipse.jetty.util.thread.QueuedThreadPool$Runner.idleJobPoll(QueuedThreadPool.java:974)
        at app//org.eclipse.jetty.util.thread.QueuedThreadPool$Runner.run(QueuedThreadPool.java:1018)
        at java.base@21.0.8/java.lang.Thread.runWith(Thread.java:1596)
        at java.base@21.0.8/java.lang.Thread.run(Thread.java:1583)
"IPC Server handler 14 on default port 15001" daemon prio=5 tid=572 timed_waiting
java.lang.Thread.State: TIMED_WAITING
        at java.base@21.0.8/jdk.internal.misc.Unsafe.park(Native Method)
        at java.base@21.0.8/java.util.concurrent.locks.LockSupport.parkNanos(LockSupport.java:269)
        at java.base@21.0.8/java.util.concurrent.locks.AbstractQueuedSynchronizer$ConditionObject.awaitNanos(AbstractQueuedSynchronizer.java:1763)
        at java.base@21.0.8/java.util.concurrent.LinkedBlockingQueue.poll(LinkedBlockingQueue.java:460)
        at app//org.apache.hadoop.ipc.CallQueueManager.take(CallQueueManager.java:370)
        at app//org.apache.hadoop.ipc.Server$Handler.run(Server.java:3165)
"qtp1213220498-765" daemon prio=5 tid=765 runnable
java.lang.Thread.State: RUNNABLE
        at java.base@21.0.8/sun.nio.ch.EPoll.wait(Native Method)
        at java.base@21.0.8/sun.nio.ch.EPollSelectorImpl.doSelect(EPollSelectorImpl.java:121)
        at java.base@21.0.8/sun.nio.ch.SelectorImpl.lockAndDoSelect(SelectorImpl.java:130)
        at java.base@21.0.8/sun.nio.ch.SelectorImpl.select(SelectorImpl.java:147)
        at app//org.eclipse.jetty.io.ManagedSelector.nioSelect(ManagedSelector.java:183)
        at app//org.eclipse.jetty.io.ManagedSelector.select(ManagedSelector.java:190)
        at app//org.eclipse.jetty.io.ManagedSelector$SelectorProducer.select(ManagedSelector.java:606)
        at app//org.eclipse.jetty.io.ManagedSelector$SelectorProducer.produce(ManagedSelector.java:543)
        at app//org.eclipse.jetty.util.thread.strategy.EatWhatYouKill.produceTask(EatWhatYouKill.java:362)
        at app//org.eclipse.jetty.util.thread.strategy.EatWhatYouKill.doProduce(EatWhatYouKill.java:186)
        at app//org.eclipse.jetty.util.thread.strategy.EatWhatYouKill.tryProduce(EatWhatYouKill.java:173)
        at app//org.eclipse.jetty.util.thread.strategy.EatWhatYouKill.produce(EatWhatYouKill.java:137)
        at app//org.eclipse.jetty.io.ManagedSelector$$Lambda/0x00007f9d6c6e5f08.run(Unknown Source)
        at app//org.eclipse.jetty.util.thread.QueuedThreadPool.runJob(QueuedThreadPool.java:883)
        at app//org.eclipse.jetty.util.thread.QueuedThreadPool$Runner.run(QueuedThreadPool.java:1034)
        at java.base@21.0.8/java.lang.Thread.runWith(Thread.java:1596)
        at java.base@21.0.8/java.lang.Thread.run(Thread.java:1583)
"IPC Server handler 57 on default port 15002" daemon prio=5 tid=177 timed_waiting
java.lang.Thread.State: TIMED_WAITING
        at java.base@21.0.8/jdk.internal.misc.Unsafe.park(Native Method)
        at java.base@21.0.8/java.util.concurrent.locks.LockSupport.parkNanos(LockSupport.java:269)
        at java.base@21.0.8/java.util.concurrent.locks.AbstractQueuedSynchronizer$ConditionObject.awaitNanos(AbstractQueuedSynchronizer.java:1763)
        at java.base@21.0.8/java.util.concurrent.LinkedBlockingQueue.poll(LinkedBlockingQueue.java:460)
        at app//org.apache.hadoop.ipc.CallQueueManager.take(CallQueueManager.java:370)
        at app//org.apache.hadoop.ipc.Server$Handler.run(Server.java:3165)
"c11f8a16-55ee-4f22-a5a5-7daf2dffa753-DatanodeReportManager-3" daemon prio=5 tid=755 in Object.wait()
java.lang.Thread.State: WAITING (on object monitor)
        at java.base@21.0.8/jdk.internal.misc.Unsafe.park(Native Method)
        at java.base@21.0.8/java.util.concurrent.locks.LockSupport.park(LockSupport.java:371)
        at java.base@21.0.8/java.util.concurrent.locks.AbstractQueuedSynchronizer$ConditionNode.block(AbstractQueuedSynchronizer.java:519)
        at java.base@21.0.8/java.util.concurrent.ForkJoinPool.unmanagedBlock(ForkJoinPool.java:3780)
        at java.base@21.0.8/java.util.concurrent.ForkJoinPool.managedBlock(ForkJoinPool.java:3725)
        at java.base@21.0.8/java.util.concurrent.locks.AbstractQueuedSynchronizer$ConditionObject.await(AbstractQueuedSynchronizer.java:1712)
        at java.base@21.0.8/java.util.concurrent.ScheduledThreadPoolExecutor$DelayedWorkQueue.take(ScheduledThreadPoolExecutor.java:1177)
        at java.base@21.0.8/java.util.concurrent.ScheduledThreadPoolExecutor$DelayedWorkQueue.take(ScheduledThreadPoolExecutor.java:899)
        at java.base@21.0.8/java.util.concurrent.ThreadPoolExecutor.getTask(ThreadPoolExecutor.java:1070)
        at java.base@21.0.8/java.util.concurrent.ThreadPoolExecutor.runWorker(ThreadPoolExecutor.java:1130)
        at java.base@21.0.8/java.util.concurrent.ThreadPoolExecutor$Worker.run(ThreadPoolExecutor.java:642)
        at java.base@21.0.8/java.lang.Thread.runWith(Thread.java:1596)
        at java.base@21.0.8/java.lang.Thread.run(Thread.java:1583)
"qtp133286137-489" daemon prio=5 tid=489 timed_waiting
java.lang.Thread.State: TIMED_WAITING
        at java.base@21.0.8/jdk.internal.misc.Unsafe.park(Native Method)
        at java.base@21.0.8/java.util.concurrent.locks.LockSupport.parkNanos(LockSupport.java:410)
        at java.base@21.0.8/java.util.concurrent.LinkedTransferQueue$DualNode.await(LinkedTransferQueue.java:452)
        at java.base@21.0.8/java.util.concurrent.SynchronousQueue$Transferer.xferLifo(SynchronousQueue.java:194)
        at java.base@21.0.8/java.util.concurrent.SynchronousQueue.xfer(SynchronousQueue.java:235)
        at java.base@21.0.8/java.util.concurrent.SynchronousQueue.poll(SynchronousQueue.java:338)
        at app//org.eclipse.jetty.util.thread.ReservedThreadExecutor$ReservedThread.reservedWait(ReservedThreadExecutor.java:324)
        at app//org.eclipse.jetty.util.thread.ReservedThreadExecutor$ReservedThread.run(ReservedThreadExecutor.java:399)
        at app//org.eclipse.jetty.util.thread.QueuedThreadPool.runJob(QueuedThreadPool.java:883)
        at app//org.eclipse.jetty.util.thread.QueuedThreadPool$Runner.run(QueuedThreadPool.java:1034)
        at java.base@21.0.8/java.lang.Thread.runWith(Thread.java:1596)
        at java.base@21.0.8/java.lang.Thread.run(Thread.java:1583)
"IPC Server handler 18 on default port 15008" daemon prio=5 tid=510 timed_waiting
java.lang.Thread.State: TIMED_WAITING
        at java.base@21.0.8/jdk.internal.misc.Unsafe.park(Native Method)
        at java.base@21.0.8/java.util.concurrent.locks.LockSupport.parkNanos(LockSupport.java:269)
        at java.base@21.0.8/java.util.concurrent.locks.AbstractQueuedSynchronizer$ConditionObject.awaitNanos(AbstractQueuedSynchronizer.java:1763)
        at java.base@21.0.8/java.util.concurrent.LinkedBlockingQueue.poll(LinkedBlockingQueue.java:460)
        at app//org.apache.hadoop.ipc.CallQueueManager.take(CallQueueManager.java:370)
        at app//org.apache.hadoop.ipc.Server$Handler.run(Server.java:3165)
"IPC Server handler 32 on default port 15003" daemon prio=5 tid=252 timed_waiting
java.lang.Thread.State: TIMED_WAITING
        at java.base@21.0.8/jdk.internal.misc.Unsafe.park(Native Method)
        at java.base@21.0.8/java.util.concurrent.locks.LockSupport.parkNanos(LockSupport.java:269)
        at java.base@21.0.8/java.util.concurrent.locks.AbstractQueuedSynchronizer$ConditionObject.awaitNanos(AbstractQueuedSynchronizer.java:1763)
        at java.base@21.0.8/java.util.concurrent.LinkedBlockingQueue.poll(LinkedBlockingQueue.java:460)
        at app//org.apache.hadoop.ipc.CallQueueManager.take(CallQueueManager.java:370)
        at app//org.apache.hadoop.ipc.Server$Handler.run(Server.java:3165)
"grpc-default-executor-5" daemon prio=5 tid=1111 timed_waiting
java.lang.Thread.State: TIMED_WAITING
        at java.base@21.0.8/jdk.internal.misc.Unsafe.park(Native Method)
        at java.base@21.0.8/java.util.concurrent.locks.LockSupport.parkNanos(LockSupport.java:410)
        at java.base@21.0.8/java.util.concurrent.LinkedTransferQueue$DualNode.await(LinkedTransferQueue.java:452)
        at java.base@21.0.8/java.util.concurrent.SynchronousQueue$Transferer.xferLifo(SynchronousQueue.java:194)
        at java.base@21.0.8/java.util.concurrent.SynchronousQueue.xfer(SynchronousQueue.java:235)
        at java.base@21.0.8/java.util.concurrent.SynchronousQueue.poll(SynchronousQueue.java:338)
        at java.base@21.0.8/java.util.concurrent.ThreadPoolExecutor.getTask(ThreadPoolExecutor.java:1069)
        at java.base@21.0.8/java.util.concurrent.ThreadPoolExecutor.runWorker(ThreadPoolExecutor.java:1130)
        at java.base@21.0.8/java.util.concurrent.ThreadPoolExecutor$Worker.run(ThreadPoolExecutor.java:642)
        at java.base@21.0.8/java.lang.Thread.runWith(Thread.java:1596)
        at java.base@21.0.8/java.lang.Thread.run(Thread.java:1583)
"IPC Client (962379034) connection to 0.0.0.0/0.0.0.0:15002 from runner" daemon prio=5 tid=662 timed_waiting
java.lang.Thread.State: TIMED_WAITING
        at java.base@21.0.8/java.lang.Object.wait0(Native Method)
        at java.base@21.0.8/java.lang.Object.wait(Object.java:366)
        at app//org.apache.hadoop.ipc.Client$Connection.waitForWork(Client.java:1042)
        at app//org.apache.hadoop.ipc.Client$Connection.run(Client.java:1093)
"qtp473358662-907" daemon prio=5 tid=907 runnable
java.lang.Thread.State: RUNNABLE
        at java.base@21.0.8/sun.nio.ch.EPoll.wait(Native Method)
        at java.base@21.0.8/sun.nio.ch.EPollSelectorImpl.doSelect(EPollSelectorImpl.java:121)
        at java.base@21.0.8/sun.nio.ch.SelectorImpl.lockAndDoSelect(SelectorImpl.java:130)
        at java.base@21.0.8/sun.nio.ch.SelectorImpl.select(SelectorImpl.java:147)
        at app//org.eclipse.jetty.io.ManagedSelector.nioSelect(ManagedSelector.java:183)
        at app//org.eclipse.jetty.io.ManagedSelector.select(ManagedSelector.java:190)
        at app//org.eclipse.jetty.io.ManagedSelector$SelectorProducer.select(ManagedSelector.java:606)
        at app//org.eclipse.jetty.io.ManagedSelector$SelectorProducer.produce(ManagedSelector.java:543)
        at app//org.eclipse.jetty.util.thread.strategy.EatWhatYouKill.produceTask(EatWhatYouKill.java:362)
        at app//org.eclipse.jetty.util.thread.strategy.EatWhatYouKill.doProduce(EatWhatYouKill.java:186)
        at app//org.eclipse.jetty.util.thread.strategy.EatWhatYouKill.tryProduce(EatWhatYouKill.java:173)
        at app//org.eclipse.jetty.util.thread.strategy.EatWhatYouKill.produce(EatWhatYouKill.java:137)
        at app//org.eclipse.jetty.io.ManagedSelector$$Lambda/0x00007f9d6c6e5f08.run(Unknown Source)
        at app//org.eclipse.jetty.util.thread.QueuedThreadPool.runJob(QueuedThreadPool.java:883)
        at app//org.eclipse.jetty.util.thread.QueuedThreadPool$Runner.run(QueuedThreadPool.java:1034)
        at java.base@21.0.8/java.lang.Thread.runWith(Thread.java:1596)
        at java.base@21.0.8/java.lang.Thread.run(Thread.java:1583)
"04372c61-9371-4ab6-9533-e94413dada7c@group-A668C086C089-StateMachineUpdater" daemon prio=5 tid=116 timed_waiting
java.lang.Thread.State: TIMED_WAITING
        at java.base@21.0.8/jdk.internal.misc.Unsafe.park(Native Method)
        at java.base@21.0.8/java.util.concurrent.locks.LockSupport.parkNanos(LockSupport.java:269)
        at java.base@21.0.8/java.util.concurrent.locks.AbstractQueuedSynchronizer$ConditionObject.await(AbstractQueuedSynchronizer.java:1852)
        at app//org.apache.ratis.util.AwaitForSignal.await(AwaitForSignal.java:65)
        at app//org.apache.ratis.server.impl.StateMachineUpdater.waitForCommit(StateMachineUpdater.java:222)
        at app//org.apache.ratis.server.impl.StateMachineUpdater.run(StateMachineUpdater.java:187)
        at java.base@21.0.8/java.lang.Thread.runWith(Thread.java:1596)
        at java.base@21.0.8/java.lang.Thread.run(Thread.java:1583)
"DiskUsage-/home/runner/work/ozone/ozone/hadoop-ozone/integration-test-recon/target/test-dir/MiniOzoneClusterImpl-b15909b8-03a8-4b15-aaa3-a668c086c089/ozone-metadata/datanode-4/ratis-
" daemon prio=5 tid=988 timed_waiting
java.lang.Thread.State: TIMED_WAITING
        at java.base@21.0.8/jdk.internal.misc.Unsafe.park(Native Method)
        at java.base@21.0.8/java.util.concurrent.locks.LockSupport.parkNanos(LockSupport.java:269)
        at java.base@21.0.8/java.util.concurrent.locks.AbstractQueuedSynchronizer$ConditionObject.awaitNanos(AbstractQueuedSynchronizer.java:1763)
        at java.base@21.0.8/java.util.concurrent.ScheduledThreadPoolExecutor$DelayedWorkQueue.take(ScheduledThreadPoolExecutor.java:1182)
        at java.base@21.0.8/java.util.concurrent.ScheduledThreadPoolExecutor$DelayedWorkQueue.take(ScheduledThreadPoolExecutor.java:899)
        at java.base@21.0.8/java.util.concurrent.ThreadPoolExecutor.getTask(ThreadPoolExecutor.java:1070)
        at java.base@21.0.8/java.util.concurrent.ThreadPoolExecutor.runWorker(ThreadPoolExecutor.java:1130)
        at java.base@21.0.8/java.util.concurrent.ThreadPoolExecutor$Worker.run(ThreadPoolExecutor.java:642)
        at java.base@21.0.8/java.lang.Thread.runWith(Thread.java:1596)
        at java.base@21.0.8/java.lang.Thread.run(Thread.java:1583)
"Recon-SyncSCMContainerInfo-0"  prio=5 tid=557 timed_waiting
java.lang.Thread.State: TIMED_WAITING
        at java.base@21.0.8/jdk.internal.misc.Unsafe.park(Native Method)
        at java.base@21.0.8/java.util.concurrent.locks.LockSupport.parkNanos(LockSupport.java:269)
        at java.base@21.0.8/java.util.concurrent.locks.AbstractQueuedSynchronizer$ConditionObject.awaitNanos(AbstractQueuedSynchronizer.java:1763)
        at java.base@21.0.8/java.util.concurrent.ScheduledThreadPoolExecutor$DelayedWorkQueue.take(ScheduledThreadPoolExecutor.java:1182)
        at java.base@21.0.8/java.util.concurrent.ScheduledThreadPoolExecutor$DelayedWorkQueue.take(ScheduledThreadPoolExecutor.java:899)
        at java.base@21.0.8/java.util.concurrent.ThreadPoolExecutor.getTask(ThreadPoolExecutor.java:1070)
        at java.base@21.0.8/java.util.concurrent.ThreadPoolExecutor.runWorker(ThreadPoolExecutor.java:1130)
        at java.base@21.0.8/java.util.concurrent.ThreadPoolExecutor$Worker.run(ThreadPoolExecutor.java:642)
        at java.base@21.0.8/java.lang.Thread.runWith(Thread.java:1596)
        at java.base@21.0.8/java.lang.Thread.run(Thread.java:1583)
"74afb32b-8e70-4799-b16c-dc9602d9dbb6-ChunkWriter-2-0" daemon prio=5 tid=1021 in Object.wait()
java.lang.Thread.State: WAITING (on object monitor)
        at java.base@21.0.8/jdk.internal.misc.Unsafe.park(Native Method)
        at java.base@21.0.8/java.util.concurrent.locks.LockSupport.park(LockSupport.java:371)
        at java.base@21.0.8/java.util.concurrent.locks.AbstractQueuedSynchronizer$ConditionNode.block(AbstractQueuedSynchronizer.java:519)
        at java.base@21.0.8/java.util.concurrent.ForkJoinPool.unmanagedBlock(ForkJoinPool.java:3780)
        at java.base@21.0.8/java.util.concurrent.ForkJoinPool.managedBlock(ForkJoinPool.java:3725)
        at java.base@21.0.8/java.util.concurrent.locks.AbstractQueuedSynchronizer$ConditionObject.await(AbstractQueuedSynchronizer.java:1712)
        at java.base@21.0.8/java.util.concurrent.LinkedBlockingDeque.takeFirst(LinkedBlockingDeque.java:485)
        at java.base@21.0.8/java.util.concurrent.LinkedBlockingDeque.take(LinkedBlockingDeque.java:673)
        at java.base@21.0.8/java.util.concurrent.ThreadPoolExecutor.getTask(ThreadPoolExecutor.java:1070)
        at java.base@21.0.8/java.util.concurrent.ThreadPoolExecutor.runWorker(ThreadPoolExecutor.java:1130)
        at java.base@21.0.8/java.util.concurrent.ThreadPoolExecutor$Worker.run(ThreadPoolExecutor.java:642)
        at java.base@21.0.8/java.lang.Thread.runWith(Thread.java:1596)
        at java.base@21.0.8/java.lang.Thread.run(Thread.java:1583)
"StaleRecoveringContainerScrubbingService#1" daemon prio=5 tid=978 in Object.wait()
java.lang.Thread.State: WAITING (on object monitor)
        at java.base@21.0.8/jdk.internal.misc.Unsafe.park(Native Method)
        at java.base@21.0.8/java.util.concurrent.locks.LockSupport.park(LockSupport.java:371)
        at java.base@21.0.8/java.util.concurrent.locks.AbstractQueuedSynchronizer$ConditionNode.block(AbstractQueuedSynchronizer.java:519)
        at java.base@21.0.8/java.util.concurrent.ForkJoinPool.unmanagedBlock(ForkJoinPool.java:3780)
        at java.base@21.0.8/java.util.concurrent.ForkJoinPool.managedBlock(ForkJoinPool.java:3725)
        at java.base@21.0.8/java.util.concurrent.locks.AbstractQueuedSynchronizer$ConditionObject.await(AbstractQueuedSynchronizer.java:1712)
        at java.base@21.0.8/java.util.concurrent.ScheduledThreadPoolExecutor$DelayedWorkQueue.take(ScheduledThreadPoolExecutor.java:1177)
        at java.base@21.0.8/java.util.concurrent.ScheduledThreadPoolExecutor$DelayedWorkQueue.take(ScheduledThreadPoolExecutor.java:899)
        at java.base@21.0.8/java.util.concurrent.ThreadPoolExecutor.getTask(ThreadPoolExecutor.java:1070)
        at java.base@21.0.8/java.util.concurrent.ThreadPoolExecutor.runWorker(ThreadPoolExecutor.java:1130)
        at java.base@21.0.8/java.util.concurrent.ThreadPoolExecutor$Worker.run(ThreadPoolExecutor.java:642)
        at java.base@21.0.8/java.lang.Thread.runWith(Thread.java:1596)
        at java.base@21.0.8/java.lang.Thread.run(Thread.java:1583)
"ForkJoinPool.commonPool-worker-3" daemon prio=5 tid=1030 timed_waiting
java.lang.Thread.State: TIMED_WAITING
        at java.base@21.0.8/jdk.internal.misc.Unsafe.park(Native Method)
        at java.base@21.0.8/java.util.concurrent.locks.LockSupport.parkUntil(LockSupport.java:449)
        at java.base@21.0.8/java.util.concurrent.ForkJoinPool.awaitWork(ForkJoinPool.java:1891)
        at java.base@21.0.8/java.util.concurrent.ForkJoinPool.runWorker(ForkJoinPool.java:1809)
        at java.base@21.0.8/java.util.concurrent.ForkJoinWorkerThread.run(ForkJoinWorkerThread.java:188)
"74afb32b-8e70-4799-b16c-dc9602d9dbb6-EndpointStateMachineTaskThread-/127.0.0.1:15001-0 "  prio=5 tid=1007 in Object.wait()
java.lang.Thread.State: WAITING (on object monitor)
        at java.base@21.0.8/jdk.internal.misc.Unsafe.park(Native Method)
        at java.base@21.0.8/java.util.concurrent.locks.LockSupport.park(LockSupport.java:371)
        at java.base@21.0.8/java.util.concurrent.locks.AbstractQueuedSynchronizer$ConditionNode.block(AbstractQueuedSynchronizer.java:519)
        at java.base@21.0.8/java.util.concurrent.ForkJoinPool.unmanagedBlock(ForkJoinPool.java:3780)
        at java.base@21.0.8/java.util.concurrent.ForkJoinPool.managedBlock(ForkJoinPool.java:3725)
        at java.base@21.0.8/java.util.concurrent.locks.AbstractQueuedSynchronizer$ConditionObject.await(AbstractQueuedSynchronizer.java:1712)
        at java.base@21.0.8/java.util.concurrent.LinkedBlockingQueue.take(LinkedBlockingQueue.java:435)
        at java.base@21.0.8/java.util.concurrent.ThreadPoolExecutor.getTask(ThreadPoolExecutor.java:1070)
        at java.base@21.0.8/java.util.concurrent.ThreadPoolExecutor.runWorker(ThreadPoolExecutor.java:1130)
        at java.base@21.0.8/java.util.concurrent.ThreadPoolExecutor$Worker.run(ThreadPoolExecutor.java:642)
        at java.base@21.0.8/java.lang.Thread.runWith(Thread.java:1596)
        at java.base@21.0.8/java.lang.Thread.run(Thread.java:1583)
"grpc-default-executor-1" daemon prio=5 tid=1063 timed_waiting
java.lang.Thread.State: TIMED_WAITING
        at java.base@21.0.8/jdk.internal.misc.Unsafe.park(Native Method)
        at java.base@21.0.8/java.util.concurrent.locks.LockSupport.parkNanos(LockSupport.java:410)
        at java.base@21.0.8/java.util.concurrent.LinkedTransferQueue$DualNode.await(LinkedTransferQueue.java:452)
        at java.base@21.0.8/java.util.concurrent.SynchronousQueue$Transferer.xferLifo(SynchronousQueue.java:194)
        at java.base@21.0.8/java.util.concurrent.SynchronousQueue.xfer(SynchronousQueue.java:235)
        at java.base@21.0.8/java.util.concurrent.SynchronousQueue.poll(SynchronousQueue.java:338)
        at java.base@21.0.8/java.util.concurrent.ThreadPoolExecutor.getTask(ThreadPoolExecutor.java:1069)
        at java.base@21.0.8/java.util.concurrent.ThreadPoolExecutor.runWorker(ThreadPoolExecutor.java:1130)
        at java.base@21.0.8/java.util.concurrent.ThreadPoolExecutor$Worker.run(ThreadPoolExecutor.java:642)
        at java.base@21.0.8/java.lang.Thread.runWith(Thread.java:1596)
        at java.base@21.0.8/java.lang.Thread.run(Thread.java:1583)
"Notification Thread" daemon prio=9 tid=22 runnable
java.lang.Thread.State: RUNNABLE
"IPC Server handler 72 on default port 15003" daemon prio=5 tid=292 timed_waiting
java.lang.Thread.State: TIMED_WAITING
        at java.base@21.0.8/jdk.internal.misc.Unsafe.park(Native Method)
        at java.base@21.0.8/java.util.concurrent.locks.LockSupport.parkNanos(LockSupport.java:269)
        at java.base@21.0.8/java.util.concurrent.locks.AbstractQueuedSynchronizer$ConditionObject.awaitNanos(AbstractQueuedSynchronizer.java:1763)
        at java.base@21.0.8/java.util.concurrent.LinkedBlockingQueue.poll(LinkedBlockingQueue.java:460)
        at app//org.apache.hadoop.ipc.CallQueueManager.take(CallQueueManager.java:370)
        at app//org.apache.hadoop.ipc.Server$Handler.run(Server.java:3165)
"ContainerHealthTask" daemon prio=5 tid=658 timed_waiting
java.lang.Thread.State: TIMED_WAITING
        at java.base@21.0.8/java.lang.Thread.sleep0(Native Method)
        at java.base@21.0.8/java.lang.Thread.sleep(Thread.java:509)
        at app//org.apache.hadoop.ozone.recon.fsck.ContainerHealthTask.run(ContainerHealthTask.java:120)
        at app//org.apache.hadoop.ozone.recon.scm.ReconScmTask$$Lambda/0x00007f9d6cc57bd0.run(Unknown Source)
        at java.base@21.0.8/java.lang.Thread.runWith(Thread.java:1596)
        at java.base@21.0.8/java.lang.Thread.run(Thread.java:1583)
"fc0351b7-0c71-4a2a-a0ca-337e5c0b1c14-ReplicationContainerReader-1" daemon prio=5 tid=1328 in Object.wait()
java.lang.Thread.State: WAITING (on object monitor)
        at java.base@21.0.8/jdk.internal.misc.Unsafe.park(Native Method)
        at java.base@21.0.8/java.util.concurrent.locks.LockSupport.park(LockSupport.java:371)
        at java.base@21.0.8/java.util.concurrent.locks.AbstractQueuedSynchronizer$ConditionNode.block(AbstractQueuedSynchronizer.java:519)
        at java.base@21.0.8/java.util.concurrent.ForkJoinPool.unmanagedBlock(ForkJoinPool.java:3780)
        at java.base@21.0.8/java.util.concurrent.ForkJoinPool.managedBlock(ForkJoinPool.java:3725)
        at java.base@21.0.8/java.util.concurrent.locks.AbstractQueuedSynchronizer$ConditionObject.await(AbstractQueuedSynchronizer.java:1712)
        at java.base@21.0.8/java.util.concurrent.LinkedBlockingQueue.take(LinkedBlockingQueue.java:435)
        at java.base@21.0.8/java.util.concurrent.ThreadPoolExecutor.getTask(ThreadPoolExecutor.java:1070)
        at java.base@21.0.8/java.util.concurrent.ThreadPoolExecutor.runWorker(ThreadPoolExecutor.java:1130)
        at java.base@21.0.8/java.util.concurrent.ThreadPoolExecutor$Worker.run(ThreadPoolExecutor.java:642)
        at java.base@21.0.8/java.lang.Thread.runWith(Thread.java:1596)
        at java.base@21.0.8/java.lang.Thread.run(Thread.java:1583)
"CompactionDagPruningService" daemon prio=5 tid=439 timed_waiting
java.lang.Thread.State: TIMED_WAITING
        at java.base@21.0.8/jdk.internal.misc.Unsafe.park(Native Method)
        at java.base@21.0.8/java.util.concurrent.locks.LockSupport.parkNanos(LockSupport.java:269)
        at java.base@21.0.8/java.util.concurrent.locks.AbstractQueuedSynchronizer$ConditionObject.awaitNanos(AbstractQueuedSynchronizer.java:1763)
        at java.base@21.0.8/java.util.concurrent.ScheduledThreadPoolExecutor$DelayedWorkQueue.take(ScheduledThreadPoolExecutor.java:1182)
        at java.base@21.0.8/java.util.concurrent.ScheduledThreadPoolExecutor$DelayedWorkQueue.take(ScheduledThreadPoolExecutor.java:899)
        at java.base@21.0.8/java.util.concurrent.ThreadPoolExecutor.getTask(ThreadPoolExecutor.java:1070)
        at java.base@21.0.8/java.util.concurrent.ThreadPoolExecutor.runWorker(ThreadPoolExecutor.java:1130)
        at java.base@21.0.8/java.util.concurrent.ThreadPoolExecutor$Worker.run(ThreadPoolExecutor.java:642)
        at java.base@21.0.8/java.lang.Thread.runWith(Thread.java:1596)
        at java.base@21.0.8/java.lang.Thread.run(Thread.java:1583)
"gradle-enterprise-test-client-gradle-enterprise-test-listener"  prio=5 tid=31 in Object.wait()
java.lang.Thread.State: WAITING (on object monitor)
        at java.base@21.0.8/jdk.internal.misc.Unsafe.park(Native Method)
        at java.base@21.0.8/java.util.concurrent.locks.LockSupport.park(LockSupport.java:371)
        at java.base@21.0.8/java.util.concurrent.locks.AbstractQueuedSynchronizer$ConditionNode.block(AbstractQueuedSynchronizer.java:519)
        at java.base@21.0.8/java.util.concurrent.ForkJoinPool.unmanagedBlock(ForkJoinPool.java:3780)
        at java.base@21.0.8/java.util.concurrent.ForkJoinPool.managedBlock(ForkJoinPool.java:3725)
        at java.base@21.0.8/java.util.concurrent.locks.AbstractQueuedSynchronizer$ConditionObject.await(AbstractQueuedSynchronizer.java:1712)
        at java.base@21.0.8/java.util.concurrent.ArrayBlockingQueue.take(ArrayBlockingQueue.java:420)
        at app//com.gradle.maven.scan.extension.test.listener.obfuscated.k.a.a(SourceFile:130)
        at app//com.gradle.maven.scan.extension.test.listener.obfuscated.k.a.b(SourceFile:93)
        at app//com.gradle.maven.scan.extension.test.listener.obfuscated.k.a$$Lambda/0x00007f9d6c13ae88.run(Unknown Source)
        at java.base@21.0.8/java.util.concurrent.Executors$RunnableAdapter.call(Executors.java:572)
        at java.base@21.0.8/java.util.concurrent.FutureTask.run(FutureTask.java:317)
        at java.base@21.0.8/java.util.concurrent.ThreadPoolExecutor.runWorker(ThreadPoolExecutor.java:1144)
        at java.base@21.0.8/java.util.concurrent.ThreadPoolExecutor$Worker.run(ThreadPoolExecutor.java:642)
        at java.base@21.0.8/java.lang.Thread.runWith(Thread.java:1596)
        at java.base@21.0.8/java.lang.Thread.run(Thread.java:1583)
"IPC Server handler 87 on default port 15001" daemon prio=5 tid=645 timed_waiting
java.lang.Thread.State: TIMED_WAITING
        at java.base@21.0.8/jdk.internal.misc.Unsafe.park(Native Method)
        at java.base@21.0.8/java.util.concurrent.locks.LockSupport.parkNanos(LockSupport.java:269)
        at java.base@21.0.8/java.util.concurrent.locks.AbstractQueuedSynchronizer$ConditionObject.awaitNanos(AbstractQueuedSynchronizer.java:1763)
        at java.base@21.0.8/java.util.concurrent.LinkedBlockingQueue.poll(LinkedBlockingQueue.java:460)
        at app//org.apache.hadoop.ipc.CallQueueManager.take(CallQueueManager.java:370)
        at app//org.apache.hadoop.ipc.Server$Handler.run(Server.java:3165)
"IPC Server handler 64 on default port 15002" daemon prio=5 tid=184 timed_waiting
java.lang.Thread.State: TIMED_WAITING
        at java.base@21.0.8/jdk.internal.misc.Unsafe.park(Native Method)
        at java.base@21.0.8/java.util.concurrent.locks.LockSupport.parkNanos(LockSupport.java:269)
        at java.base@21.0.8/java.util.concurrent.locks.AbstractQueuedSynchronizer$ConditionObject.awaitNanos(AbstractQueuedSynchronizer.java:1763)
        at java.base@21.0.8/java.util.concurrent.LinkedBlockingQueue.poll(LinkedBlockingQueue.java:460)
        at app//org.apache.hadoop.ipc.CallQueueManager.take(CallQueueManager.java:370)
        at app//org.apache.hadoop.ipc.Server$Handler.run(Server.java:3165)
"7d2db622-5327-4122-ba03-be97b5575303-CommandProcessorThread" daemon prio=5 tid=802 timed_waiting
java.lang.Thread.State: TIMED_WAITING
        at java.base@21.0.8/java.lang.Thread.sleep0(Native Method)
        at java.base@21.0.8/java.lang.Thread.sleep(Thread.java:509)
        at app//org.apache.hadoop.ozone.container.common.statemachine.DatanodeStateMachine.lambda$initCommandHandlerThread$4(DatanodeStateMachine.java:698)
        at app//org.apache.hadoop.ozone.container.common.statemachine.DatanodeStateMachine$$Lambda/0x00007f9d6ccbae88.run(Unknown Source)
        at java.base@21.0.8/java.lang.Thread.runWith(Thread.java:1596)
        at java.base@21.0.8/java.lang.Thread.run(Thread.java:1583)
"74afb32b-8e70-4799-b16c-dc9602d9dbb6-DatanodeStateMachineDaemonThread" daemon prio=10 tid=950 timed_waiting
java.lang.Thread.State: TIMED_WAITING
        at java.base@21.0.8/java.lang.Thread.sleep0(Native Method)
        at java.base@21.0.8/java.lang.Thread.sleep(Thread.java:509)
        at app//org.apache.hadoop.ozone.container.common.statemachine.DatanodeStateMachine.startStateMachineThread(DatanodeStateMachine.java:384)
        at app//org.apache.hadoop.ozone.container.common.statemachine.DatanodeStateMachine.lambda$startDaemon$1(DatanodeStateMachine.java:571)
        at app//org.apache.hadoop.ozone.container.common.statemachine.DatanodeStateMachine$$Lambda/0x00007f9d6ccb9cf8.run(Unknown Source)
        at java.base@21.0.8/java.lang.Thread.runWith(Thread.java:1596)
        at java.base@21.0.8/java.lang.Thread.run(Thread.java:1583)
"IPC Server listener on 15002" daemon prio=5 tid=89 runnable
java.lang.Thread.State: RUNNABLE
        at java.base@21.0.8/sun.nio.ch.EPoll.wait(Native Method)
        at java.base@21.0.8/sun.nio.ch.EPollSelectorImpl.doSelect(EPollSelectorImpl.java:121)
        at java.base@21.0.8/sun.nio.ch.SelectorImpl.lockAndDoSelect(SelectorImpl.java:130)
        at java.base@21.0.8/sun.nio.ch.SelectorImpl.select(SelectorImpl.java:147)
        at app//org.apache.hadoop.ipc.Server$Listener.run(Server.java:1559)
"Socket Reader #7 for port 15002" daemon prio=5 tid=96 runnable
java.lang.Thread.State: RUNNABLE
        at java.base@21.0.8/sun.nio.ch.EPoll.wait(Native Method)
        at java.base@21.0.8/sun.nio.ch.EPollSelectorImpl.doSelect(EPollSelectorImpl.java:121)
        at java.base@21.0.8/sun.nio.ch.SelectorImpl.lockAndDoSelect(SelectorImpl.java:130)
        at java.base@21.0.8/sun.nio.ch.SelectorImpl.select(SelectorImpl.java:147)
        at app//org.apache.hadoop.ipc.Server$Listener$Reader.doRunLoop(Server.java:1497)
        at app//org.apache.hadoop.ipc.Server$Listener$Reader.run(Server.java:1476)
"qtp473358662-910" daemon prio=5 tid=910 timed_waiting
java.lang.Thread.State: TIMED_WAITING
        at java.base@21.0.8/jdk.internal.misc.Unsafe.park(Native Method)
        at java.base@21.0.8/java.util.concurrent.locks.LockSupport.parkNanos(LockSupport.java:269)
        at java.base@21.0.8/java.util.concurrent.locks.AbstractQueuedSynchronizer$ConditionObject.awaitNanos(AbstractQueuedSynchronizer.java:1763)
        at app//org.eclipse.jetty.util.BlockingArrayQueue.poll(BlockingArrayQueue.java:382)
        at app//org.eclipse.jetty.util.thread.QueuedThreadPool$Runner.idleJobPoll(QueuedThreadPool.java:974)
        at app//org.eclipse.jetty.util.thread.QueuedThreadPool$Runner.run(QueuedThreadPool.java:1018)
        at java.base@21.0.8/java.lang.Thread.runWith(Thread.java:1596)
        at java.base@21.0.8/java.lang.Thread.run(Thread.java:1583)
"IPC Server handler 17 on default port 15001" daemon prio=5 tid=575 timed_waiting
java.lang.Thread.State: TIMED_WAITING
        at java.base@21.0.8/jdk.internal.misc.Unsafe.park(Native Method)
        at java.base@21.0.8/java.util.concurrent.locks.LockSupport.parkNanos(LockSupport.java:269)
        at java.base@21.0.8/java.util.concurrent.locks.AbstractQueuedSynchronizer$ConditionObject.awaitNanos(AbstractQueuedSynchronizer.java:1763)
        at java.base@21.0.8/java.util.concurrent.LinkedBlockingQueue.poll(LinkedBlockingQueue.java:460)
        at app//org.apache.hadoop.ipc.CallQueueManager.take(CallQueueManager.java:370)
        at app//org.apache.hadoop.ipc.Server$Handler.run(Server.java:3165)
"ContainerMetadataScanner" daemon prio=5 tid=889 timed_waiting
java.lang.Thread.State: TIMED_WAITING
        at java.base@21.0.8/java.lang.Thread.sleep0(Native Method)
        at java.base@21.0.8/java.lang.Thread.sleep(Thread.java:509)
        at app//org.apache.hadoop.ozone.container.ozoneimpl.AbstractBackgroundContainerScanner.handleRemainingSleep(AbstractBackgroundContainerScanner.java:133)
        at app//org.apache.hadoop.ozone.container.ozoneimpl.AbstractBackgroundContainerScanner.runIteration(AbstractBackgroundContainerScanner.java:100)
        at app//org.apache.hadoop.ozone.container.ozoneimpl.AbstractBackgroundContainerScanner.run(AbstractBackgroundContainerScanner.java:59)
        at java.base@21.0.8/java.lang.Thread.runWith(Thread.java:1596)
        at java.base@21.0.8/java.lang.Thread.run(Thread.java:1583)
"IPC Server handler 43 on default port 15004" daemon prio=5 tid=381 timed_waiting
java.lang.Thread.State: TIMED_WAITING
        at java.base@21.0.8/jdk.internal.misc.Unsafe.park(Native Method)
        at java.base@21.0.8/java.util.concurrent.locks.LockSupport.parkNanos(LockSupport.java:269)
        at java.base@21.0.8/java.util.concurrent.locks.AbstractQueuedSynchronizer$ConditionObject.awaitNanos(AbstractQueuedSynchronizer.java:1763)
        at java.base@21.0.8/java.util.concurrent.LinkedBlockingQueue.poll(LinkedBlockingQueue.java:460)
        at app//org.apache.hadoop.ipc.CallQueueManager.take(CallQueueManager.java:370)
        at app//org.apache.hadoop.ipc.Server$Handler.run(Server.java:3165)
"IPC Server handler 73 on default port 15004" daemon prio=5 tid=411 timed_waiting
java.lang.Thread.State: TIMED_WAITING
        at java.base@21.0.8/jdk.internal.misc.Unsafe.park(Native Method)
        at java.base@21.0.8/java.util.concurrent.locks.LockSupport.parkNanos(LockSupport.java:269)
        at java.base@21.0.8/java.util.concurrent.locks.AbstractQueuedSynchronizer$ConditionObject.awaitNanos(AbstractQueuedSynchronizer.java:1763)
        at java.base@21.0.8/java.util.concurrent.LinkedBlockingQueue.poll(LinkedBlockingQueue.java:460)
        at app//org.apache.hadoop.ipc.CallQueueManager.take(CallQueueManager.java:370)
        at app//org.apache.hadoop.ipc.Server$Handler.run(Server.java:3165)
"qtp1782170617-822" daemon prio=5 tid=822 timed_waiting
java.lang.Thread.State: TIMED_WAITING
        at java.base@21.0.8/jdk.internal.misc.Unsafe.park(Native Method)
        at java.base@21.0.8/java.util.concurrent.locks.LockSupport.parkNanos(LockSupport.java:269)
        at java.base@21.0.8/java.util.concurrent.locks.AbstractQueuedSynchronizer$ConditionObject.awaitNanos(AbstractQueuedSynchronizer.java:1763)
        at app//org.eclipse.jetty.util.BlockingArrayQueue.poll(BlockingArrayQueue.java:382)
        at app//org.eclipse.jetty.util.thread.QueuedThreadPool$Runner.idleJobPoll(QueuedThreadPool.java:974)
        at app//org.eclipse.jetty.util.thread.QueuedThreadPool$Runner.run(QueuedThreadPool.java:1018)
        at java.base@21.0.8/java.lang.Thread.runWith(Thread.java:1596)
        at java.base@21.0.8/java.lang.Thread.run(Thread.java:1583)
"IPC Server handler 89 on default port 15001" daemon prio=5 tid=647 timed_waiting
java.lang.Thread.State: TIMED_WAITING
        at java.base@21.0.8/jdk.internal.misc.Unsafe.park(Native Method)
        at java.base@21.0.8/java.util.concurrent.locks.LockSupport.parkNanos(LockSupport.java:269)
        at java.base@21.0.8/java.util.concurrent.locks.AbstractQueuedSynchronizer$ConditionObject.awaitNanos(AbstractQueuedSynchronizer.java:1763)
        at java.base@21.0.8/java.util.concurrent.LinkedBlockingQueue.poll(LinkedBlockingQueue.java:460)
        at app//org.apache.hadoop.ipc.CallQueueManager.take(CallQueueManager.java:370)
        at app//org.apache.hadoop.ipc.Server$Handler.run(Server.java:3165)
"volumeTable_FullTableCache-Cleanup-0" daemon prio=5 tid=440 timed_waiting
java.lang.Thread.State: TIMED_WAITING
        at java.base@21.0.8/jdk.internal.misc.Unsafe.park(Native Method)
        at java.base@21.0.8/java.util.concurrent.locks.LockSupport.parkNanos(LockSupport.java:269)
        at java.base@21.0.8/java.util.concurrent.locks.AbstractQueuedSynchronizer$ConditionObject.awaitNanos(AbstractQueuedSynchronizer.java:1763)
        at java.base@21.0.8/java.util.concurrent.ScheduledThreadPoolExecutor$DelayedWorkQueue.take(ScheduledThreadPoolExecutor.java:1182)
        at java.base@21.0.8/java.util.concurrent.ScheduledThreadPoolExecutor$DelayedWorkQueue.take(ScheduledThreadPoolExecutor.java:899)
        at java.base@21.0.8/java.util.concurrent.ThreadPoolExecutor.getTask(ThreadPoolExecutor.java:1070)
        at java.base@21.0.8/java.util.concurrent.ThreadPoolExecutor.runWorker(ThreadPoolExecutor.java:1130)
        at java.base@21.0.8/java.util.concurrent.ThreadPoolExecutor$Worker.run(ThreadPoolExecutor.java:642)
        at java.base@21.0.8/java.lang.Thread.runWith(Thread.java:1596)
        at java.base@21.0.8/java.lang.Thread.run(Thread.java:1583)
"IPC Server handler 3 on default port 15008" daemon prio=5 tid=495 timed_waiting
java.lang.Thread.State: TIMED_WAITING
        at java.base@21.0.8/jdk.internal.misc.Unsafe.park(Native Method)
        at java.base@21.0.8/java.util.concurrent.locks.LockSupport.parkNanos(LockSupport.java:269)
        at java.base@21.0.8/java.util.concurrent.locks.AbstractQueuedSynchronizer$ConditionObject.awaitNanos(AbstractQueuedSynchronizer.java:1763)
        at java.base@21.0.8/java.util.concurrent.LinkedBlockingQueue.poll(LinkedBlockingQueue.java:460)
        at app//org.apache.hadoop.ipc.CallQueueManager.take(CallQueueManager.java:370)
        at app//org.apache.hadoop.ipc.Server$Handler.run(Server.java:3165)
"qtp1181622455-544" daemon prio=5 tid=544 timed_waiting
java.lang.Thread.State: TIMED_WAITING
        at java.base@21.0.8/jdk.internal.misc.Unsafe.park(Native Method)
        at java.base@21.0.8/java.util.concurrent.locks.LockSupport.parkNanos(LockSupport.java:269)
        at java.base@21.0.8/java.util.concurrent.locks.AbstractQueuedSynchronizer$ConditionObject.awaitNanos(AbstractQueuedSynchronizer.java:1763)
        at app//org.eclipse.jetty.util.BlockingArrayQueue.poll(BlockingArrayQueue.java:382)
        at app//org.eclipse.jetty.util.thread.QueuedThreadPool$Runner.idleJobPoll(QueuedThreadPool.java:974)
        at app//org.eclipse.jetty.util.thread.QueuedThreadPool$Runner.run(QueuedThreadPool.java:1018)
        at java.base@21.0.8/java.lang.Thread.runWith(Thread.java:1596)
        at java.base@21.0.8/java.lang.Thread.run(Thread.java:1583)
"Session-HouseKeeper-4e10b2ca-1"  prio=5 tid=726 timed_waiting
java.lang.Thread.State: TIMED_WAITING
        at java.base@21.0.8/jdk.internal.misc.Unsafe.park(Native Method)
        at java.base@21.0.8/java.util.concurrent.locks.LockSupport.parkNanos(LockSupport.java:269)
        at java.base@21.0.8/java.util.concurrent.locks.AbstractQueuedSynchronizer$ConditionObject.awaitNanos(AbstractQueuedSynchronizer.java:1763)
        at java.base@21.0.8/java.util.concurrent.ScheduledThreadPoolExecutor$DelayedWorkQueue.take(ScheduledThreadPoolExecutor.java:1182)
        at java.base@21.0.8/java.util.concurrent.ScheduledThreadPoolExecutor$DelayedWorkQueue.take(ScheduledThreadPoolExecutor.java:899)
        at java.base@21.0.8/java.util.concurrent.ThreadPoolExecutor.getTask(ThreadPoolExecutor.java:1070)
        at java.base@21.0.8/java.util.concurrent.ThreadPoolExecutor.runWorker(ThreadPoolExecutor.java:1130)
        at java.base@21.0.8/java.util.concurrent.ThreadPoolExecutor$Worker.run(ThreadPoolExecutor.java:642)
        at java.base@21.0.8/java.lang.Thread.runWith(Thread.java:1596)
        at java.base@21.0.8/java.lang.Thread.run(Thread.java:1583)
"Socket Reader #6 for port 15037" daemon prio=5 tid=856 runnable
java.lang.Thread.State: RUNNABLE
        at java.base@21.0.8/sun.nio.ch.EPoll.wait(Native Method)
        at java.base@21.0.8/sun.nio.ch.EPollSelectorImpl.doSelect(EPollSelectorImpl.java:121)
        at java.base@21.0.8/sun.nio.ch.SelectorImpl.lockAndDoSelect(SelectorImpl.java:130)
        at java.base@21.0.8/sun.nio.ch.SelectorImpl.select(SelectorImpl.java:147)
        at app//org.apache.hadoop.ipc.Server$Listener$Reader.doRunLoop(Server.java:1497)
        at app//org.apache.hadoop.ipc.Server$Listener$Reader.run(Server.java:1476)
"IPC Server handler 96 on default port 15002" daemon prio=5 tid=216 timed_waiting
java.lang.Thread.State: TIMED_WAITING
        at java.base@21.0.8/jdk.internal.misc.Unsafe.park(Native Method)
        at java.base@21.0.8/java.util.concurrent.locks.LockSupport.parkNanos(LockSupport.java:269)
        at java.base@21.0.8/java.util.concurrent.locks.AbstractQueuedSynchronizer$ConditionObject.awaitNanos(AbstractQueuedSynchronizer.java:1763)
        at java.base@21.0.8/java.util.concurrent.LinkedBlockingQueue.poll(LinkedBlockingQueue.java:460)
        at app//org.apache.hadoop.ipc.CallQueueManager.take(CallQueueManager.java:370)
        at app//org.apache.hadoop.ipc.Server$Handler.run(Server.java:3165)
"IPC Server handler 4 on default port 15004" daemon prio=5 tid=342 timed_waiting
java.lang.Thread.State: TIMED_WAITING
        at java.base@21.0.8/jdk.internal.misc.Unsafe.park(Native Method)
        at java.base@21.0.8/java.util.concurrent.locks.LockSupport.parkNanos(LockSupport.java:269)
        at java.base@21.0.8/java.util.concurrent.locks.AbstractQueuedSynchronizer$ConditionObject.awaitNanos(AbstractQueuedSynchronizer.java:1763)
        at java.base@21.0.8/java.util.concurrent.LinkedBlockingQueue.poll(LinkedBlockingQueue.java:460)
        at app//org.apache.hadoop.ipc.CallQueueManager.take(CallQueueManager.java:370)
        at app//org.apache.hadoop.ipc.Server$Handler.run(Server.java:3165)
"74afb32b-8e70-4799-b16c-dc9602d9dbb6-DatanodeStateMachineTaskThread-0"  prio=5 tid=969 in Object.wait()
java.lang.Thread.State: WAITING (on object monitor)
        at java.base@21.0.8/jdk.internal.misc.Unsafe.park(Native Method)
        at java.base@21.0.8/java.util.concurrent.locks.LockSupport.park(LockSupport.java:371)
        at java.base@21.0.8/java.util.concurrent.locks.AbstractQueuedSynchronizer$ConditionNode.block(AbstractQueuedSynchronizer.java:519)
        at java.base@21.0.8/java.util.concurrent.ForkJoinPool.unmanagedBlock(ForkJoinPool.java:3780)
        at java.base@21.0.8/java.util.concurrent.ForkJoinPool.managedBlock(ForkJoinPool.java:3725)
        at java.base@21.0.8/java.util.concurrent.locks.AbstractQueuedSynchronizer$ConditionObject.await(AbstractQueuedSynchronizer.java:1712)
        at java.base@21.0.8/java.util.concurrent.LinkedBlockingQueue.take(LinkedBlockingQueue.java:435)
        at java.base@21.0.8/java.util.concurrent.ThreadPoolExecutor.getTask(ThreadPoolExecutor.java:1070)
        at java.base@21.0.8/java.util.concurrent.ThreadPoolExecutor.runWorker(ThreadPoolExecutor.java:1130)
        at java.base@21.0.8/java.util.concurrent.ThreadPoolExecutor$Worker.run(ThreadPoolExecutor.java:642)
        at java.base@21.0.8/java.lang.Thread.runWith(Thread.java:1596)
        at java.base@21.0.8/java.lang.Thread.run(Thread.java:1583)
"IPC Server handler 79 on default port 15001" daemon prio=5 tid=637 timed_waiting
java.lang.Thread.State: TIMED_WAITING
        at java.base@21.0.8/jdk.internal.misc.Unsafe.park(Native Method)
        at java.base@21.0.8/java.util.concurrent.locks.LockSupport.parkNanos(LockSupport.java:269)
        at java.base@21.0.8/java.util.concurrent.locks.AbstractQueuedSynchronizer$ConditionObject.awaitNanos(AbstractQueuedSynchronizer.java:1763)
        at java.base@21.0.8/java.util.concurrent.LinkedBlockingQueue.poll(LinkedBlockingQueue.java:460)
        at app//org.apache.hadoop.ipc.CallQueueManager.take(CallQueueManager.java:370)
        at app//org.apache.hadoop.ipc.Server$Handler.run(Server.java:3165)
"IPC Server handler 7 on default port 15021" daemon prio=5 tid=748 timed_waiting
java.lang.Thread.State: TIMED_WAITING
        at java.base@21.0.8/jdk.internal.misc.Unsafe.park(Native Method)
        at java.base@21.0.8/java.util.concurrent.locks.LockSupport.parkNanos(LockSupport.java:269)
        at java.base@21.0.8/java.util.concurrent.locks.AbstractQueuedSynchronizer$ConditionObject.awaitNanos(AbstractQueuedSynchronizer.java:1763)
        at java.base@21.0.8/java.util.concurrent.LinkedBlockingQueue.poll(LinkedBlockingQueue.java:460)
        at app//org.apache.hadoop.ipc.CallQueueManager.take(CallQueueManager.java:370)
        at app//org.apache.hadoop.ipc.Server$Handler.run(Server.java:3165)
"IPC Server handler 95 on default port 15002" daemon prio=5 tid=215 timed_waiting
java.lang.Thread.State: TIMED_WAITING
        at java.base@21.0.8/jdk.internal.misc.Unsafe.park(Native Method)
        at java.base@21.0.8/java.util.concurrent.locks.LockSupport.parkNanos(LockSupport.java:269)
        at java.base@21.0.8/java.util.concurrent.locks.AbstractQueuedSynchronizer$ConditionObject.awaitNanos(AbstractQueuedSynchronizer.java:1763)
        at java.base@21.0.8/java.util.concurrent.LinkedBlockingQueue.poll(LinkedBlockingQueue.java:460)
        at app//org.apache.hadoop.ipc.CallQueueManager.take(CallQueueManager.java:370)
        at app//org.apache.hadoop.ipc.Server$Handler.run(Server.java:3165)
"IPC Server handler 33 on default port 15003" daemon prio=5 tid=253 timed_waiting
java.lang.Thread.State: TIMED_WAITING
        at java.base@21.0.8/jdk.internal.misc.Unsafe.park(Native Method)
        at java.base@21.0.8/java.util.concurrent.locks.LockSupport.parkNanos(LockSupport.java:269)
        at java.base@21.0.8/java.util.concurrent.locks.AbstractQueuedSynchronizer$ConditionObject.awaitNanos(AbstractQueuedSynchronizer.java:1763)
        at java.base@21.0.8/java.util.concurrent.LinkedBlockingQueue.poll(LinkedBlockingQueue.java:460)
        at app//org.apache.hadoop.ipc.CallQueueManager.take(CallQueueManager.java:370)
        at app//org.apache.hadoop.ipc.Server$Handler.run(Server.java:3165)
"IPC Server handler 29 on default port 15001" daemon prio=5 tid=587 timed_waiting
java.lang.Thread.State: TIMED_WAITING
        at java.base@21.0.8/jdk.internal.misc.Unsafe.park(Native Method)
        at java.base@21.0.8/java.util.concurrent.locks.LockSupport.parkNanos(LockSupport.java:269)
        at java.base@21.0.8/java.util.concurrent.locks.AbstractQueuedSynchronizer$ConditionObject.awaitNanos(AbstractQueuedSynchronizer.java:1763)
        at java.base@21.0.8/java.util.concurrent.LinkedBlockingQueue.poll(LinkedBlockingQueue.java:460)
        at app//org.apache.hadoop.ipc.CallQueueManager.take(CallQueueManager.java:370)
        at app//org.apache.hadoop.ipc.Server$Handler.run(Server.java:3165)
"IPC Server handler 84 on default port 15001" daemon prio=5 tid=642 timed_waiting
java.lang.Thread.State: TIMED_WAITING
        at java.base@21.0.8/jdk.internal.misc.Unsafe.park(Native Method)
        at java.base@21.0.8/java.util.concurrent.locks.LockSupport.parkNanos(LockSupport.java:269)
        at java.base@21.0.8/java.util.concurrent.locks.AbstractQueuedSynchronizer$ConditionObject.awaitNanos(AbstractQueuedSynchronizer.java:1763)
        at java.base@21.0.8/java.util.concurrent.LinkedBlockingQueue.poll(LinkedBlockingQueue.java:460)
        at app//org.apache.hadoop.ipc.CallQueueManager.take(CallQueueManager.java:370)
        at app//org.apache.hadoop.ipc.Server$Handler.run(Server.java:3165)
"IPC Server handler 25 on default port 15002" daemon prio=5 tid=145 timed_waiting
java.lang.Thread.State: TIMED_WAITING
        at java.base@21.0.8/jdk.internal.misc.Unsafe.park(Native Method)
        at java.base@21.0.8/java.util.concurrent.locks.LockSupport.parkNanos(LockSupport.java:269)
        at java.base@21.0.8/java.util.concurrent.locks.AbstractQueuedSynchronizer$ConditionObject.awaitNanos(AbstractQueuedSynchronizer.java:1763)
        at java.base@21.0.8/java.util.concurrent.LinkedBlockingQueue.poll(LinkedBlockingQueue.java:460)
        at app//org.apache.hadoop.ipc.CallQueueManager.take(CallQueueManager.java:370)
        at app//org.apache.hadoop.ipc.Server$Handler.run(Server.java:3165)
"IPC Server handler 70 on default port 15001" daemon prio=5 tid=628 timed_waiting
java.lang.Thread.State: TIMED_WAITING
        at java.base@21.0.8/jdk.internal.misc.Unsafe.park(Native Method)
        at java.base@21.0.8/java.util.concurrent.locks.LockSupport.parkNanos(LockSupport.java:269)
        at java.base@21.0.8/java.util.concurrent.locks.AbstractQueuedSynchronizer$ConditionObject.awaitNanos(AbstractQueuedSynchronizer.java:1763)
        at java.base@21.0.8/java.util.concurrent.LinkedBlockingQueue.poll(LinkedBlockingQueue.java:460)
        at app//org.apache.hadoop.ipc.CallQueueManager.take(CallQueueManager.java:370)
        at app//org.apache.hadoop.ipc.Server$Handler.run(Server.java:3165)
"IPC Server handler 59 on default port 15001" daemon prio=5 tid=617 timed_waiting
java.lang.Thread.State: TIMED_WAITING
        at java.base@21.0.8/jdk.internal.misc.Unsafe.park(Native Method)
        at java.base@21.0.8/java.util.concurrent.locks.LockSupport.parkNanos(LockSupport.java:269)
        at java.base@21.0.8/java.util.concurrent.locks.AbstractQueuedSynchronizer$ConditionObject.awaitNanos(AbstractQueuedSynchronizer.java:1763)
        at java.base@21.0.8/java.util.concurrent.LinkedBlockingQueue.poll(LinkedBlockingQueue.java:460)
        at app//org.apache.hadoop.ipc.CallQueueManager.take(CallQueueManager.java:370)
        at app//org.apache.hadoop.ipc.Server$Handler.run(Server.java:3165)
"IPC Server handler 74 on default port 15002" daemon prio=5 tid=194 timed_waiting
java.lang.Thread.State: TIMED_WAITING
        at java.base@21.0.8/jdk.internal.misc.Unsafe.park(Native Method)
        at java.base@21.0.8/java.util.concurrent.locks.LockSupport.parkNanos(LockSupport.java:269)
        at java.base@21.0.8/java.util.concurrent.locks.AbstractQueuedSynchronizer$ConditionObject.awaitNanos(AbstractQueuedSynchronizer.java:1763)
        at java.base@21.0.8/java.util.concurrent.LinkedBlockingQueue.poll(LinkedBlockingQueue.java:460)
        at app//org.apache.hadoop.ipc.CallQueueManager.take(CallQueueManager.java:370)
        at app//org.apache.hadoop.ipc.Server$Handler.run(Server.java:3165)
"IPC Server handler 97 on default port 15003" daemon prio=5 tid=317 timed_waiting
java.lang.Thread.State: TIMED_WAITING
        at java.base@21.0.8/jdk.internal.misc.Unsafe.park(Native Method)
        at java.base@21.0.8/java.util.concurrent.locks.LockSupport.parkNanos(LockSupport.java:269)
        at java.base@21.0.8/java.util.concurrent.locks.AbstractQueuedSynchronizer$ConditionObject.awaitNanos(AbstractQueuedSynchronizer.java:1763)
        at java.base@21.0.8/java.util.concurrent.LinkedBlockingQueue.poll(LinkedBlockingQueue.java:460)
        at app//org.apache.hadoop.ipc.CallQueueManager.take(CallQueueManager.java:370)
        at app//org.apache.hadoop.ipc.Server$Handler.run(Server.java:3165)
"Recon-FixedThreadPoolWithAffinityExecutor-2-0" daemon prio=5 tid=536 timed_waiting
java.lang.Thread.State: TIMED_WAITING
        at java.base@21.0.8/jdk.internal.misc.Unsafe.park(Native Method)
        at java.base@21.0.8/java.util.concurrent.locks.LockSupport.parkNanos(LockSupport.java:269)
        at java.base@21.0.8/java.util.concurrent.locks.AbstractQueuedSynchronizer$ConditionObject.awaitNanos(AbstractQueuedSynchronizer.java:1763)
        at java.base@21.0.8/java.util.concurrent.LinkedBlockingQueue.poll(LinkedBlockingQueue.java:460)
        at app//org.apache.hadoop.hdds.scm.server.ContainerReportQueue.poll(ContainerReportQueue.java:269)
        at app//org.apache.hadoop.hdds.scm.server.ContainerReportQueue.poll(ContainerReportQueue.java:42)
        at app//org.apache.hadoop.hdds.server.events.FixedThreadPoolWithAffinityExecutor$ContainerReportProcessTask.run(FixedThreadPoolWithAffinityExecutor.java:228)
        at java.base@21.0.8/java.util.concurrent.Executors$RunnableAdapter.call(Executors.java:572)
        at java.base@21.0.8/java.util.concurrent.FutureTask.run(FutureTask.java:317)
        at java.base@21.0.8/java.util.concurrent.ThreadPoolExecutor.runWorker(ThreadPoolExecutor.java:1144)
        at java.base@21.0.8/java.util.concurrent.ThreadPoolExecutor$Worker.run(ThreadPoolExecutor.java:642)
        at java.base@21.0.8/java.lang.Thread.runWith(Thread.java:1596)
        at java.base@21.0.8/java.lang.Thread.run(Thread.java:1583)
"IPC Server handler 6 on default port 15004" daemon prio=5 tid=344 timed_waiting
java.lang.Thread.State: TIMED_WAITING
        at java.base@21.0.8/jdk.internal.misc.Unsafe.park(Native Method)
        at java.base@21.0.8/java.util.concurrent.locks.LockSupport.parkNanos(LockSupport.java:269)
        at java.base@21.0.8/java.util.concurrent.locks.AbstractQueuedSynchronizer$ConditionObject.awaitNanos(AbstractQueuedSynchronizer.java:1763)
        at java.base@21.0.8/java.util.concurrent.LinkedBlockingQueue.poll(LinkedBlockingQueue.java:460)
        at app//org.apache.hadoop.ipc.CallQueueManager.take(CallQueueManager.java:370)
        at app//org.apache.hadoop.ipc.Server$Handler.run(Server.java:3165)
"c11f8a16-55ee-4f22-a5a5-7daf2dffa753@group-5472C7309C8C-LeaderStateImpl" daemon prio=5 tid=1100 timed_waiting
java.lang.Thread.State: TIMED_WAITING
        at java.base@21.0.8/jdk.internal.misc.Unsafe.park(Native Method)
        at java.base@21.0.8/java.util.concurrent.locks.LockSupport.parkNanos(LockSupport.java:269)
        at java.base@21.0.8/java.util.concurrent.locks.AbstractQueuedSynchronizer$ConditionObject.awaitNanos(AbstractQueuedSynchronizer.java:1763)
        at java.base@21.0.8/java.util.concurrent.ArrayBlockingQueue.poll(ArrayBlockingQueue.java:435)
        at app//org.apache.ratis.server.impl.LeaderStateImpl$EventQueue.poll(LeaderStateImpl.java:168)
        at app//org.apache.ratis.server.impl.LeaderStateImpl$EventProcessor.run(LeaderStateImpl.java:761)
"fc0351b7-0c71-4a2a-a0ca-337e5c0b1c14-DatanodeReportManager-2" daemon prio=5 tid=877 timed_waiting
java.lang.Thread.State: TIMED_WAITING
        at java.base@21.0.8/jdk.internal.misc.Unsafe.park(Native Method)
        at java.base@21.0.8/java.util.concurrent.locks.LockSupport.park(LockSupport.java:371)
        at java.base@21.0.8/java.util.concurrent.locks.AbstractQueuedSynchronizer$ConditionNode.block(AbstractQueuedSynchronizer.java:519)
        at java.base@21.0.8/java.util.concurrent.ForkJoinPool.unmanagedBlock(ForkJoinPool.java:3780)
        at java.base@21.0.8/java.util.concurrent.ForkJoinPool.managedBlock(ForkJoinPool.java:3725)
        at java.base@21.0.8/java.util.concurrent.locks.AbstractQueuedSynchronizer$ConditionObject.await(AbstractQueuedSynchronizer.java:1712)
        at java.base@21.0.8/java.util.concurrent.ScheduledThreadPoolExecutor$DelayedWorkQueue.take(ScheduledThreadPoolExecutor.java:1177)
        at java.base@21.0.8/java.util.concurrent.ScheduledThreadPoolExecutor$DelayedWorkQueue.take(ScheduledThreadPoolExecutor.java:899)
        at java.base@21.0.8/java.util.concurrent.ThreadPoolExecutor.getTask(ThreadPoolExecutor.java:1070)
        at java.base@21.0.8/java.util.concurrent.ThreadPoolExecutor.runWorker(ThreadPoolExecutor.java:1130)
        at java.base@21.0.8/java.util.concurrent.ThreadPoolExecutor$Worker.run(ThreadPoolExecutor.java:642)
        at java.base@21.0.8/java.lang.Thread.runWith(Thread.java:1596)
        at java.base@21.0.8/java.lang.Thread.run(Thread.java:1583)
"IPC Server handler 9 on default port 15001" daemon prio=5 tid=567 timed_waiting
java.lang.Thread.State: TIMED_WAITING
        at java.base@21.0.8/jdk.internal.misc.Unsafe.park(Native Method)
        at java.base@21.0.8/java.util.concurrent.locks.LockSupport.parkNanos(LockSupport.java:269)
        at java.base@21.0.8/java.util.concurrent.locks.AbstractQueuedSynchronizer$ConditionObject.awaitNanos(AbstractQueuedSynchronizer.java:1763)
        at java.base@21.0.8/java.util.concurrent.LinkedBlockingQueue.poll(LinkedBlockingQueue.java:460)
        at app//org.apache.hadoop.ipc.CallQueueManager.take(CallQueueManager.java:370)
        at app//org.apache.hadoop.ipc.Server$Handler.run(Server.java:3165)
"Socket Reader #7 for port 15029" daemon prio=5 tid=780 runnable
java.lang.Thread.State: RUNNABLE
        at java.base@21.0.8/sun.nio.ch.EPoll.wait(Native Method)
        at java.base@21.0.8/sun.nio.ch.EPollSelectorImpl.doSelect(EPollSelectorImpl.java:121)
        at java.base@21.0.8/sun.nio.ch.SelectorImpl.lockAndDoSelect(SelectorImpl.java:130)
        at java.base@21.0.8/sun.nio.ch.SelectorImpl.select(SelectorImpl.java:147)
        at app//org.apache.hadoop.ipc.Server$Listener$Reader.doRunLoop(Server.java:1497)
        at app//org.apache.hadoop.ipc.Server$Listener$Reader.run(Server.java:1476)
"timer3" daemon prio=5 tid=1118 timed_waiting
java.lang.Thread.State: TIMED_WAITING
        at java.base@21.0.8/java.lang.Object.wait0(Native Method)
        at java.base@21.0.8/java.lang.Object.wait(Object.java:366)
        at java.base@21.0.8/java.util.TimerThread.mainLoop(Timer.java:563)
        at java.base@21.0.8/java.util.TimerThread.run(Timer.java:516)
"pool-252-thread-1"  prio=5 tid=906 timed_waiting
java.lang.Thread.State: TIMED_WAITING
        at java.base@21.0.8/jdk.internal.misc.Unsafe.park(Native Method)
        at java.base@21.0.8/java.util.concurrent.locks.LockSupport.parkNanos(LockSupport.java:269)
        at java.base@21.0.8/java.util.concurrent.locks.AbstractQueuedSynchronizer$ConditionObject.awaitNanos(AbstractQueuedSynchronizer.java:1763)
        at java.base@21.0.8/java.util.concurrent.ScheduledThreadPoolExecutor$DelayedWorkQueue.take(ScheduledThreadPoolExecutor.java:1182)
        at java.base@21.0.8/java.util.concurrent.ScheduledThreadPoolExecutor$DelayedWorkQueue.take(ScheduledThreadPoolExecutor.java:899)
        at java.base@21.0.8/java.util.concurrent.ThreadPoolExecutor.getTask(ThreadPoolExecutor.java:1070)
        at java.base@21.0.8/java.util.concurrent.ThreadPoolExecutor.runWorker(ThreadPoolExecutor.java:1130)
        at java.base@21.0.8/java.util.concurrent.ThreadPoolExecutor$Worker.run(ThreadPoolExecutor.java:642)
        at java.base@21.0.8/java.lang.Thread.runWith(Thread.java:1596)
        at java.base@21.0.8/java.lang.Thread.run(Thread.java:1583)
"IPC Server handler 5 on default port 15003" daemon prio=5 tid=225 timed_waiting
java.lang.Thread.State: TIMED_WAITING
        at java.base@21.0.8/jdk.internal.misc.Unsafe.park(Native Method)
        at java.base@21.0.8/java.util.concurrent.locks.LockSupport.parkNanos(LockSupport.java:269)
        at java.base@21.0.8/java.util.concurrent.locks.AbstractQueuedSynchronizer$ConditionObject.awaitNanos(AbstractQueuedSynchronizer.java:1763)
        at java.base@21.0.8/java.util.concurrent.LinkedBlockingQueue.poll(LinkedBlockingQueue.java:460)
        at app//org.apache.hadoop.ipc.CallQueueManager.take(CallQueueManager.java:370)
        at app//org.apache.hadoop.ipc.Server$Handler.run(Server.java:3165)
"ContainerDataScanner(/home/runner/work/ozone/ozone/hadoop-ozone/integration-test-recon/target/test-dir/MiniOzoneClusterImpl-b15909b8-03a8-4b15-aaa3-a668c086c089/ozone-metadata/datanode-4/data-0/hdds)" daemon prio=5 tid=990 timed_waiting
java.lang.Thread.State: TIMED_WAITING
        at java.base@21.0.8/java.lang.Thread.sleep0(Native Method)
        at java.base@21.0.8/java.lang.Thread.sleep(Thread.java:509)
        at app//org.apache.hadoop.ozone.container.ozoneimpl.AbstractBackgroundContainerScanner.handleRemainingSleep(AbstractBackgroundContainerScanner.java:133)
        at app//org.apache.hadoop.ozone.container.ozoneimpl.AbstractBackgroundContainerScanner.runIteration(AbstractBackgroundContainerScanner.java:100)
        at app//org.apache.hadoop.ozone.container.ozoneimpl.AbstractBackgroundContainerScanner.run(AbstractBackgroundContainerScanner.java:59)
        at java.base@21.0.8/java.lang.Thread.runWith(Thread.java:1596)
        at java.base@21.0.8/java.lang.Thread.run(Thread.java:1583)
"qtp133286137-487" daemon prio=5 tid=487 runnable
java.lang.Thread.State: RUNNABLE
        at java.base@21.0.8/sun.nio.ch.EPoll.wait(Native Method)
        at java.base@21.0.8/sun.nio.ch.EPollSelectorImpl.doSelect(EPollSelectorImpl.java:121)
        at java.base@21.0.8/sun.nio.ch.SelectorImpl.lockAndDoSelect(SelectorImpl.java:130)
        at java.base@21.0.8/sun.nio.ch.SelectorImpl.select(SelectorImpl.java:147)
        at app//org.eclipse.jetty.io.ManagedSelector.nioSelect(ManagedSelector.java:183)
        at app//org.eclipse.jetty.io.ManagedSelector.select(ManagedSelector.java:190)
        at app//org.eclipse.jetty.io.ManagedSelector$SelectorProducer.select(ManagedSelector.java:606)
        at app//org.eclipse.jetty.io.ManagedSelector$SelectorProducer.produce(ManagedSelector.java:543)
        at app//org.eclipse.jetty.util.thread.strategy.EatWhatYouKill.produceTask(EatWhatYouKill.java:362)
        at app//org.eclipse.jetty.util.thread.strategy.EatWhatYouKill.doProduce(EatWhatYouKill.java:186)
        at app//org.eclipse.jetty.util.thread.strategy.EatWhatYouKill.tryProduce(EatWhatYouKill.java:173)
        at app//org.eclipse.jetty.util.thread.strategy.EatWhatYouKill.run(EatWhatYouKill.java:131)
        at app//org.eclipse.jetty.util.thread.ReservedThreadExecutor$ReservedThread.run(ReservedThreadExecutor.java:409)
        at app//org.eclipse.jetty.util.thread.QueuedThreadPool.runJob(QueuedThreadPool.java:883)
        at app//org.eclipse.jetty.util.thread.QueuedThreadPool$Runner.run(QueuedThreadPool.java:1034)
        at java.base@21.0.8/java.lang.Thread.runWith(Thread.java:1596)
        at java.base@21.0.8/java.lang.Thread.run(Thread.java:1583)
"grpc-default-worker-ELG-3-1" daemon prio=5 tid=1048 runnable
java.lang.Thread.State: RUNNABLE
        at app//org.apache.ratis.thirdparty.io.netty.channel.epoll.Native.epollWait0(Native Method)
        at app//org.apache.ratis.thirdparty.io.netty.channel.epoll.Native.epollWait(Native.java:193)
        at app//org.apache.ratis.thirdparty.io.netty.channel.epoll.EpollEventLoop.epollWait(EpollEventLoop.java:304)
        at app//org.apache.ratis.thirdparty.io.netty.channel.epoll.EpollEventLoop.run(EpollEventLoop.java:368)
        at app//org.apache.ratis.thirdparty.io.netty.util.concurrent.SingleThreadEventExecutor$4.run(SingleThreadEventExecutor.java:998)
        at app//org.apache.ratis.thirdparty.io.netty.util.internal.ThreadExecutorMap$2.run(ThreadExecutorMap.java:74)
        at app//org.apache.ratis.thirdparty.io.netty.util.concurrent.FastThreadLocalRunnable.run(FastThreadLocalRunnable.java:30)
        at java.base@21.0.8/java.lang.Thread.runWith(Thread.java:1596)
        at java.base@21.0.8/java.lang.Thread.run(Thread.java:1583)
"SSL Certificates Store Monitor" daemon prio=5 tid=1356 terminated
java.lang.Thread.State: TERMINATED
        at java.base@21.0.8/java.lang.Object.wait0(Native Method)
        at java.base@21.0.8/java.lang.Object.wait(Object.java:366)
        at java.base@21.0.8/java.lang.Object.wait(Object.java:339)
        at java.base@21.0.8/java.util.TimerThread.mainLoop(Timer.java:537)
        at java.base@21.0.8/java.util.TimerThread.run(Timer.java:516)
"IPC Server handler 83 on default port 15003" daemon prio=5 tid=303 timed_waiting
java.lang.Thread.State: TIMED_WAITING
        at java.base@21.0.8/jdk.internal.misc.Unsafe.park(Native Method)
        at java.base@21.0.8/java.util.concurrent.locks.LockSupport.parkNanos(LockSupport.java:269)
        at java.base@21.0.8/java.util.concurrent.locks.AbstractQueuedSynchronizer$ConditionObject.awaitNanos(AbstractQueuedSynchronizer.java:1763)
        at java.base@21.0.8/java.util.concurrent.LinkedBlockingQueue.poll(LinkedBlockingQueue.java:460)
        at app//org.apache.hadoop.ipc.CallQueueManager.take(CallQueueManager.java:370)
        at app//org.apache.hadoop.ipc.Server$Handler.run(Server.java:3165)
"pool-66-thread-1"  prio=5 tid=482 timed_waiting
java.lang.Thread.State: TIMED_WAITING
        at java.base@21.0.8/jdk.internal.misc.Unsafe.park(Native Method)
        at java.base@21.0.8/java.util.concurrent.locks.LockSupport.parkNanos(LockSupport.java:269)
        at java.base@21.0.8/java.util.concurrent.locks.AbstractQueuedSynchronizer$ConditionObject.awaitNanos(AbstractQueuedSynchronizer.java:1763)
        at java.base@21.0.8/java.util.concurrent.ScheduledThreadPoolExecutor$DelayedWorkQueue.take(ScheduledThreadPoolExecutor.java:1182)
        at java.base@21.0.8/java.util.concurrent.ScheduledThreadPoolExecutor$DelayedWorkQueue.take(ScheduledThreadPoolExecutor.java:899)
        at java.base@21.0.8/java.util.concurrent.ThreadPoolExecutor.getTask(ThreadPoolExecutor.java:1070)
        at java.base@21.0.8/java.util.concurrent.ThreadPoolExecutor.runWorker(ThreadPoolExecutor.java:1130)
        at java.base@21.0.8/java.util.concurrent.ThreadPoolExecutor$Worker.run(ThreadPoolExecutor.java:642)
        at java.base@21.0.8/java.lang.Thread.runWith(Thread.java:1596)
        at java.base@21.0.8/java.lang.Thread.run(Thread.java:1583)
"Signal Dispatcher" daemon prio=9 tid=11 runnable
java.lang.Thread.State: RUNNABLE
"IPC Server handler 75 on default port 15001" daemon prio=5 tid=633 timed_waiting
java.lang.Thread.State: TIMED_WAITING
        at java.base@21.0.8/jdk.internal.misc.Unsafe.park(Native Method)
        at java.base@21.0.8/java.util.concurrent.locks.LockSupport.parkNanos(LockSupport.java:269)
        at java.base@21.0.8/java.util.concurrent.locks.AbstractQueuedSynchronizer$ConditionObject.awaitNanos(AbstractQueuedSynchronizer.java:1763)
        at java.base@21.0.8/java.util.concurrent.LinkedBlockingQueue.poll(LinkedBlockingQueue.java:460)
        at app//org.apache.hadoop.ipc.CallQueueManager.take(CallQueueManager.java:370)
        at app//org.apache.hadoop.ipc.Server$Handler.run(Server.java:3165)
"IPC Server handler 74 on default port 15004" daemon prio=5 tid=412 timed_waiting
java.lang.Thread.State: TIMED_WAITING
        at java.base@21.0.8/jdk.internal.misc.Unsafe.park(Native Method)
        at java.base@21.0.8/java.util.concurrent.locks.LockSupport.parkNanos(LockSupport.java:269)
        at java.base@21.0.8/java.util.concurrent.locks.AbstractQueuedSynchronizer$ConditionObject.awaitNanos(AbstractQueuedSynchronizer.java:1763)
        at java.base@21.0.8/java.util.concurrent.LinkedBlockingQueue.poll(LinkedBlockingQueue.java:460)
        at app//org.apache.hadoop.ipc.CallQueueManager.take(CallQueueManager.java:370)
        at app//org.apache.hadoop.ipc.Server$Handler.run(Server.java:3165)
"c11f8a16-55ee-4f22-a5a5-7daf2dffa753-ChunkWriter-1-0" daemon prio=5 tid=894 in Object.wait()
java.lang.Thread.State: WAITING (on object monitor)
        at java.base@21.0.8/jdk.internal.misc.Unsafe.park(Native Method)
        at java.base@21.0.8/java.util.concurrent.locks.LockSupport.park(LockSupport.java:371)
        at java.base@21.0.8/java.util.concurrent.locks.AbstractQueuedSynchronizer$ConditionNode.block(AbstractQueuedSynchronizer.java:519)
        at java.base@21.0.8/java.util.concurrent.ForkJoinPool.unmanagedBlock(ForkJoinPool.java:3780)
        at java.base@21.0.8/java.util.concurrent.ForkJoinPool.managedBlock(ForkJoinPool.java:3725)
        at java.base@21.0.8/java.util.concurrent.locks.AbstractQueuedSynchronizer$ConditionObject.await(AbstractQueuedSynchronizer.java:1712)
        at java.base@21.0.8/java.util.concurrent.LinkedBlockingDeque.takeFirst(LinkedBlockingDeque.java:485)
        at java.base@21.0.8/java.util.concurrent.LinkedBlockingDeque.take(LinkedBlockingDeque.java:673)
        at java.base@21.0.8/java.util.concurrent.ThreadPoolExecutor.getTask(ThreadPoolExecutor.java:1070)
        at java.base@21.0.8/java.util.concurrent.ThreadPoolExecutor.runWorker(ThreadPoolExecutor.java:1130)
        at java.base@21.0.8/java.util.concurrent.ThreadPoolExecutor$Worker.run(ThreadPoolExecutor.java:642)
        at java.base@21.0.8/java.lang.Thread.runWith(Thread.java:1596)
        at java.base@21.0.8/java.lang.Thread.run(Thread.java:1583)
"IPC Server handler 81 on default port 15001" daemon prio=5 tid=639 timed_waiting
java.lang.Thread.State: TIMED_WAITING
        at java.base@21.0.8/jdk.internal.misc.Unsafe.park(Native Method)
        at java.base@21.0.8/java.util.concurrent.locks.LockSupport.parkNanos(LockSupport.java:269)
        at java.base@21.0.8/java.util.concurrent.locks.AbstractQueuedSynchronizer$ConditionObject.awaitNanos(AbstractQueuedSynchronizer.java:1763)
        at java.base@21.0.8/java.util.concurrent.LinkedBlockingQueue.poll(LinkedBlockingQueue.java:460)
        at app//org.apache.hadoop.ipc.CallQueueManager.take(CallQueueManager.java:370)
        at app//org.apache.hadoop.ipc.Server$Handler.run(Server.java:3165)
"IPC Server handler 20 on default port 15003" daemon prio=5 tid=240 timed_waiting
java.lang.Thread.State: TIMED_WAITING
        at java.base@21.0.8/jdk.internal.misc.Unsafe.park(Native Method)
        at java.base@21.0.8/java.util.concurrent.locks.LockSupport.parkNanos(LockSupport.java:269)
        at java.base@21.0.8/java.util.concurrent.locks.AbstractQueuedSynchronizer$ConditionObject.awaitNanos(AbstractQueuedSynchronizer.java:1763)
        at java.base@21.0.8/java.util.concurrent.LinkedBlockingQueue.poll(LinkedBlockingQueue.java:460)
        at app//org.apache.hadoop.ipc.CallQueueManager.take(CallQueueManager.java:370)
        at app//org.apache.hadoop.ipc.Server$Handler.run(Server.java:3165)
"IPC Server handler 58 on default port 15003" daemon prio=5 tid=278 timed_waiting
java.lang.Thread.State: TIMED_WAITING
        at java.base@21.0.8/jdk.internal.misc.Unsafe.park(Native Method)
        at java.base@21.0.8/java.util.concurrent.locks.LockSupport.parkNanos(LockSupport.java:269)
        at java.base@21.0.8/java.util.concurrent.locks.AbstractQueuedSynchronizer$ConditionObject.awaitNanos(AbstractQueuedSynchronizer.java:1763)
        at java.base@21.0.8/java.util.concurrent.LinkedBlockingQueue.poll(LinkedBlockingQueue.java:460)
        at app//org.apache.hadoop.ipc.CallQueueManager.take(CallQueueManager.java:370)
        at app//org.apache.hadoop.ipc.Server$Handler.run(Server.java:3165)
"Hadoop-Metrics-Updater-0" daemon prio=5 tid=740 timed_waiting
java.lang.Thread.State: TIMED_WAITING
        at java.base@21.0.8/jdk.internal.misc.Unsafe.park(Native Method)
        at java.base@21.0.8/java.util.concurrent.locks.LockSupport.parkNanos(LockSupport.java:269)
        at java.base@21.0.8/java.util.concurrent.locks.AbstractQueuedSynchronizer$ConditionObject.awaitNanos(AbstractQueuedSynchronizer.java:1763)
        at java.base@21.0.8/java.util.concurrent.ScheduledThreadPoolExecutor$DelayedWorkQueue.take(ScheduledThreadPoolExecutor.java:1182)
        at java.base@21.0.8/java.util.concurrent.ScheduledThreadPoolExecutor$DelayedWorkQueue.take(ScheduledThreadPoolExecutor.java:899)
        at java.base@21.0.8/java.util.concurrent.ThreadPoolExecutor.getTask(ThreadPoolExecutor.java:1070)
        at java.base@21.0.8/java.util.concurrent.ThreadPoolExecutor.runWorker(ThreadPoolExecutor.java:1130)
        at java.base@21.0.8/java.util.concurrent.ThreadPoolExecutor$Worker.run(ThreadPoolExecutor.java:642)
        at java.base@21.0.8/java.lang.Thread.runWith(Thread.java:1596)
        at java.base@21.0.8/java.lang.Thread.run(Thread.java:1583)
"IPC Server handler 42 on default port 15002" daemon prio=5 tid=162 timed_waiting
java.lang.Thread.State: TIMED_WAITING
        at java.base@21.0.8/jdk.internal.misc.Unsafe.park(Native Method)
        at java.base@21.0.8/java.util.concurrent.locks.LockSupport.parkNanos(LockSupport.java:269)
        at java.base@21.0.8/java.util.concurrent.locks.AbstractQueuedSynchronizer$ConditionObject.awaitNanos(AbstractQueuedSynchronizer.java:1763)
        at java.base@21.0.8/java.util.concurrent.LinkedBlockingQueue.poll(LinkedBlockingQueue.java:460)
        at app//org.apache.hadoop.ipc.CallQueueManager.take(CallQueueManager.java:370)
        at app//org.apache.hadoop.ipc.Server$Handler.run(Server.java:3165)
"IPC Server handler 43 on default port 15002" daemon prio=5 tid=163 timed_waiting
java.lang.Thread.State: TIMED_WAITING
        at java.base@21.0.8/jdk.internal.misc.Unsafe.park(Native Method)
        at java.base@21.0.8/java.util.concurrent.locks.LockSupport.parkNanos(LockSupport.java:269)
        at java.base@21.0.8/java.util.concurrent.locks.AbstractQueuedSynchronizer$ConditionObject.awaitNanos(AbstractQueuedSynchronizer.java:1763)
        at java.base@21.0.8/java.util.concurrent.LinkedBlockingQueue.poll(LinkedBlockingQueue.java:460)
        at app//org.apache.hadoop.ipc.CallQueueManager.take(CallQueueManager.java:370)
        at app//org.apache.hadoop.ipc.Server$Handler.run(Server.java:3165)
"PipelineSyncTask" daemon prio=5 tid=659 timed_waiting
java.lang.Thread.State: TIMED_WAITING
        at java.base@21.0.8/java.lang.Thread.sleep0(Native Method)
        at java.base@21.0.8/java.lang.Thread.sleep(Thread.java:509)
        at app//org.apache.hadoop.ozone.recon.scm.PipelineSyncTask.run(PipelineSyncTask.java:76)
        at app//org.apache.hadoop.ozone.recon.scm.ReconScmTask$$Lambda/0x00007f9d6cc57bd0.run(Unknown Source)
        at java.base@21.0.8/java.lang.Thread.runWith(Thread.java:1596)
        at java.base@21.0.8/java.lang.Thread.run(Thread.java:1583)
"IPC Server handler 39 on default port 15004" daemon prio=5 tid=377 timed_waiting
java.lang.Thread.State: TIMED_WAITING
        at java.base@21.0.8/jdk.internal.misc.Unsafe.park(Native Method)
        at java.base@21.0.8/java.util.concurrent.locks.LockSupport.parkNanos(LockSupport.java:269)
        at java.base@21.0.8/java.util.concurrent.locks.AbstractQueuedSynchronizer$ConditionObject.awaitNanos(AbstractQueuedSynchronizer.java:1763)
        at java.base@21.0.8/java.util.concurrent.LinkedBlockingQueue.poll(LinkedBlockingQueue.java:460)
        at app//org.apache.hadoop.ipc.CallQueueManager.take(CallQueueManager.java:370)
        at app//org.apache.hadoop.ipc.Server$Handler.run(Server.java:3165)
"om1-DirectoryDeletingService#4" daemon prio=5 tid=1366 in Object.wait()
java.lang.Thread.State: WAITING (on object monitor)
        at java.base@21.0.8/jdk.internal.misc.Unsafe.park(Native Method)
        at java.base@21.0.8/java.util.concurrent.locks.LockSupport.park(LockSupport.java:371)
        at java.base@21.0.8/java.util.concurrent.locks.AbstractQueuedSynchronizer$ConditionNode.block(AbstractQueuedSynchronizer.java:519)
        at java.base@21.0.8/java.util.concurrent.ForkJoinPool.unmanagedBlock(ForkJoinPool.java:3780)
        at java.base@21.0.8/java.util.concurrent.ForkJoinPool.managedBlock(ForkJoinPool.java:3725)
        at java.base@21.0.8/java.util.concurrent.locks.AbstractQueuedSynchronizer$ConditionObject.await(AbstractQueuedSynchronizer.java:1712)
        at java.base@21.0.8/java.util.concurrent.ScheduledThreadPoolExecutor$DelayedWorkQueue.take(ScheduledThreadPoolExecutor.java:1177)
        at java.base@21.0.8/java.util.concurrent.ScheduledThreadPoolExecutor$DelayedWorkQueue.take(ScheduledThreadPoolExecutor.java:899)
        at java.base@21.0.8/java.util.concurrent.ThreadPoolExecutor.getTask(ThreadPoolExecutor.java:1070)
        at java.base@21.0.8/java.util.concurrent.ThreadPoolExecutor.runWorker(ThreadPoolExecutor.java:1130)
        at java.base@21.0.8/java.util.concurrent.ThreadPoolExecutor$Worker.run(ThreadPoolExecutor.java:642)
        at java.base@21.0.8/java.lang.Thread.runWith(Thread.java:1596)
        at java.base@21.0.8/java.lang.Thread.run(Thread.java:1583)
"om1@group-C5BA1605619E-StateMachineUpdater" daemon prio=5 tid=466 timed_waiting
java.lang.Thread.State: TIMED_WAITING
        at java.base@21.0.8/jdk.internal.misc.Unsafe.park(Native Method)
        at java.base@21.0.8/java.util.concurrent.locks.LockSupport.parkNanos(LockSupport.java:269)
        at java.base@21.0.8/java.util.concurrent.locks.AbstractQueuedSynchronizer$ConditionObject.await(AbstractQueuedSynchronizer.java:1852)
        at app//org.apache.ratis.util.AwaitForSignal.await(AwaitForSignal.java:65)
        at app//org.apache.ratis.server.impl.StateMachineUpdater.waitForCommit(StateMachineUpdater.java:222)
        at app//org.apache.ratis.server.impl.StateMachineUpdater.run(StateMachineUpdater.java:187)
        at java.base@21.0.8/java.lang.Thread.runWith(Thread.java:1596)
        at java.base@21.0.8/java.lang.Thread.run(Thread.java:1583)
"qtp1597424614-327" daemon prio=5 tid=327 timed_waiting
java.lang.Thread.State: TIMED_WAITING
        at java.base@21.0.8/jdk.internal.misc.Unsafe.park(Native Method)
        at java.base@21.0.8/java.util.concurrent.locks.LockSupport.parkNanos(LockSupport.java:269)
        at java.base@21.0.8/java.util.concurrent.locks.AbstractQueuedSynchronizer$ConditionObject.awaitNanos(AbstractQueuedSynchronizer.java:1763)
        at app//org.eclipse.jetty.util.BlockingArrayQueue.poll(BlockingArrayQueue.java:382)
        at app//org.eclipse.jetty.util.thread.QueuedThreadPool$Runner.idleJobPoll(QueuedThreadPool.java:974)
        at app//org.eclipse.jetty.util.thread.QueuedThreadPool$Runner.run(QueuedThreadPool.java:1018)
        at java.base@21.0.8/java.lang.Thread.runWith(Thread.java:1596)
        at java.base@21.0.8/java.lang.Thread.run(Thread.java:1583)
"IPC Server handler 17 on default port 15002" daemon prio=5 tid=137 timed_waiting
java.lang.Thread.State: TIMED_WAITING
        at java.base@21.0.8/jdk.internal.misc.Unsafe.park(Native Method)
        at java.base@21.0.8/java.util.concurrent.locks.LockSupport.parkNanos(LockSupport.java:269)
        at java.base@21.0.8/java.util.concurrent.locks.AbstractQueuedSynchronizer$ConditionObject.awaitNanos(AbstractQueuedSynchronizer.java:1763)
        at java.base@21.0.8/java.util.concurrent.LinkedBlockingQueue.poll(LinkedBlockingQueue.java:460)
        at app//org.apache.hadoop.ipc.CallQueueManager.take(CallQueueManager.java:370)
        at app//org.apache.hadoop.ipc.Server$Handler.run(Server.java:3165)
"DiskUsage-/home/runner/work/ozone/ozone/hadoop-ozone/integration-test-recon/target/test-dir/MiniOzoneClusterImpl-b15909b8-03a8-4b15-aaa3-a668c086c089/ozone-metadata/datanode-5/data-0-
" daemon prio=5 tid=1013 timed_waiting
java.lang.Thread.State: TIMED_WAITING
        at java.base@21.0.8/jdk.internal.misc.Unsafe.park(Native Method)
        at java.base@21.0.8/java.util.concurrent.locks.LockSupport.parkNanos(LockSupport.java:269)
        at java.base@21.0.8/java.util.concurrent.locks.AbstractQueuedSynchronizer$ConditionObject.awaitNanos(AbstractQueuedSynchronizer.java:1763)
        at java.base@21.0.8/java.util.concurrent.ScheduledThreadPoolExecutor$DelayedWorkQueue.take(ScheduledThreadPoolExecutor.java:1182)
        at java.base@21.0.8/java.util.concurrent.ScheduledThreadPoolExecutor$DelayedWorkQueue.take(ScheduledThreadPoolExecutor.java:899)
        at java.base@21.0.8/java.util.concurrent.ThreadPoolExecutor.getTask(ThreadPoolExecutor.java:1070)
        at java.base@21.0.8/java.util.concurrent.ThreadPoolExecutor.runWorker(ThreadPoolExecutor.java:1130)
        at java.base@21.0.8/java.util.concurrent.ThreadPoolExecutor$Worker.run(ThreadPoolExecutor.java:642)
        at java.base@21.0.8/java.lang.Thread.runWith(Thread.java:1596)
        at java.base@21.0.8/java.lang.Thread.run(Thread.java:1583)
"IPC Server handler 81 on default port 15003" daemon prio=5 tid=301 timed_waiting
java.lang.Thread.State: TIMED_WAITING
        at java.base@21.0.8/jdk.internal.misc.Unsafe.park(Native Method)
        at java.base@21.0.8/java.util.concurrent.locks.LockSupport.parkNanos(LockSupport.java:269)
        at java.base@21.0.8/java.util.concurrent.locks.AbstractQueuedSynchronizer$ConditionObject.awaitNanos(AbstractQueuedSynchronizer.java:1763)
        at java.base@21.0.8/java.util.concurrent.LinkedBlockingQueue.poll(LinkedBlockingQueue.java:460)
        at app//org.apache.hadoop.ipc.CallQueueManager.take(CallQueueManager.java:370)
        at app//org.apache.hadoop.ipc.Server$Handler.run(Server.java:3165)
"Socket Reader #7 for port 15004" daemon prio=5 tid=68 runnable
java.lang.Thread.State: RUNNABLE
        at java.base@21.0.8/sun.nio.ch.EPoll.wait(Native Method)
        at java.base@21.0.8/sun.nio.ch.EPollSelectorImpl.doSelect(EPollSelectorImpl.java:121)
        at java.base@21.0.8/sun.nio.ch.SelectorImpl.lockAndDoSelect(SelectorImpl.java:130)
        at java.base@21.0.8/sun.nio.ch.SelectorImpl.select(SelectorImpl.java:147)
        at app//org.apache.hadoop.ipc.Server$Listener$Reader.doRunLoop(Server.java:1497)
        at app//org.apache.hadoop.ipc.Server$Listener$Reader.run(Server.java:1476)
"c11f8a16-55ee-4f22-a5a5-7daf2dffa753@group-5472C7309C8C-SegmentedRaftLogWorker"  prio=5 tid=1055 timed_waiting
java.lang.Thread.State: TIMED_WAITING
        at java.base@21.0.8/jdk.internal.misc.Unsafe.park(Native Method)
        at java.base@21.0.8/java.util.concurrent.locks.LockSupport.parkNanos(LockSupport.java:269)
        at java.base@21.0.8/java.util.concurrent.locks.AbstractQueuedSynchronizer$ConditionObject.awaitNanos(AbstractQueuedSynchronizer.java:1763)
        at app//org.apache.ratis.util.DataBlockingQueue.poll(DataBlockingQueue.java:148)
        at app//org.apache.ratis.server.raftlog.segmented.SegmentedRaftLogWorker.run(SegmentedRaftLogWorker.java:309)
        at app//org.apache.ratis.server.raftlog.segmented.SegmentedRaftLogWorker$$Lambda/0x00007f9d6c3946c0.run(Unknown Source)
        at java.base@21.0.8/java.util.concurrent.Executors$RunnableAdapter.call(Executors.java:572)
        at java.base@21.0.8/java.util.concurrent.FutureTask.run(FutureTask.java:317)
        at java.base@21.0.8/java.util.concurrent.ThreadPoolExecutor.runWorker(ThreadPoolExecutor.java:1144)
        at java.base@21.0.8/java.util.concurrent.ThreadPoolExecutor$Worker.run(ThreadPoolExecutor.java:642)
        at java.base@21.0.8/java.lang.Thread.runWith(Thread.java:1596)
        at java.base@21.0.8/java.lang.Thread.run(Thread.java:1583)
"grpc-default-executor-2" daemon prio=5 tid=1108 timed_waiting
java.lang.Thread.State: TIMED_WAITING
        at java.base@21.0.8/jdk.internal.misc.Unsafe.park(Native Method)
        at java.base@21.0.8/java.util.concurrent.locks.LockSupport.parkNanos(LockSupport.java:410)
        at java.base@21.0.8/java.util.concurrent.LinkedTransferQueue$DualNode.await(LinkedTransferQueue.java:452)
        at java.base@21.0.8/java.util.concurrent.SynchronousQueue$Transferer.xferLifo(SynchronousQueue.java:194)
        at java.base@21.0.8/java.util.concurrent.SynchronousQueue.xfer(SynchronousQueue.java:235)
        at java.base@21.0.8/java.util.concurrent.SynchronousQueue.poll(SynchronousQueue.java:338)
        at java.base@21.0.8/java.util.concurrent.ThreadPoolExecutor.getTask(ThreadPoolExecutor.java:1069)
        at java.base@21.0.8/java.util.concurrent.ThreadPoolExecutor.runWorker(ThreadPoolExecutor.java:1130)
        at java.base@21.0.8/java.util.concurrent.ThreadPoolExecutor$Worker.run(ThreadPoolExecutor.java:642)
        at java.base@21.0.8/java.lang.Thread.runWith(Thread.java:1596)
        at java.base@21.0.8/java.lang.Thread.run(Thread.java:1583)
"IPC Server handler 23 on default port 15003" daemon prio=5 tid=243 timed_waiting
java.lang.Thread.State: TIMED_WAITING
        at java.base@21.0.8/jdk.internal.misc.Unsafe.park(Native Method)
        at java.base@21.0.8/java.util.concurrent.locks.LockSupport.parkNanos(LockSupport.java:269)
        at java.base@21.0.8/java.util.concurrent.locks.AbstractQueuedSynchronizer$ConditionObject.awaitNanos(AbstractQueuedSynchronizer.java:1763)
        at java.base@21.0.8/java.util.concurrent.LinkedBlockingQueue.poll(LinkedBlockingQueue.java:460)
        at app//org.apache.hadoop.ipc.CallQueueManager.take(CallQueueManager.java:370)
        at app//org.apache.hadoop.ipc.Server$Handler.run(Server.java:3165)
"IPC Server handler 73 on default port 15001" daemon prio=5 tid=631 timed_waiting
java.lang.Thread.State: TIMED_WAITING
        at java.base@21.0.8/jdk.internal.misc.Unsafe.park(Native Method)
        at java.base@21.0.8/java.util.concurrent.locks.LockSupport.parkNanos(LockSupport.java:269)
        at java.base@21.0.8/java.util.concurrent.locks.AbstractQueuedSynchronizer$ConditionObject.awaitNanos(AbstractQueuedSynchronizer.java:1763)
        at java.base@21.0.8/java.util.concurrent.LinkedBlockingQueue.poll(LinkedBlockingQueue.java:460)
        at app//org.apache.hadoop.ipc.CallQueueManager.take(CallQueueManager.java:370)
        at app//org.apache.hadoop.ipc.Server$Handler.run(Server.java:3165)
"IPC Server idle connection scanner for port 15004" daemon prio=5 tid=72 timed_waiting
java.lang.Thread.State: TIMED_WAITING
        at java.base@21.0.8/java.lang.Object.wait0(Native Method)
        at java.base@21.0.8/java.lang.Object.wait(Object.java:366)
        at java.base@21.0.8/java.util.TimerThread.mainLoop(Timer.java:563)
        at java.base@21.0.8/java.util.TimerThread.run(Timer.java:516)
"timer5" daemon prio=5 tid=1134 timed_waiting
java.lang.Thread.State: TIMED_WAITING
        at java.base@21.0.8/java.lang.Object.wait0(Native Method)
        at java.base@21.0.8/java.lang.Object.wait(Object.java:366)
        at java.base@21.0.8/java.util.TimerThread.mainLoop(Timer.java:563)
        at java.base@21.0.8/java.util.TimerThread.run(Timer.java:516)
"IPC Server handler 48 on default port 15002" daemon prio=5 tid=168 timed_waiting
java.lang.Thread.State: TIMED_WAITING
        at java.base@21.0.8/jdk.internal.misc.Unsafe.park(Native Method)
        at java.base@21.0.8/java.util.concurrent.locks.LockSupport.parkNanos(LockSupport.java:269)
        at java.base@21.0.8/java.util.concurrent.locks.AbstractQueuedSynchronizer$ConditionObject.awaitNanos(AbstractQueuedSynchronizer.java:1763)
        at java.base@21.0.8/java.util.concurrent.LinkedBlockingQueue.poll(LinkedBlockingQueue.java:460)
        at app//org.apache.hadoop.ipc.CallQueueManager.take(CallQueueManager.java:370)
        at app//org.apache.hadoop.ipc.Server$Handler.run(Server.java:3165)
"IPC Server handler 44 on default port 15003" daemon prio=5 tid=264 timed_waiting
java.lang.Thread.State: TIMED_WAITING
        at java.base@21.0.8/jdk.internal.misc.Unsafe.park(Native Method)
        at java.base@21.0.8/java.util.concurrent.locks.LockSupport.parkNanos(LockSupport.java:269)
        at java.base@21.0.8/java.util.concurrent.locks.AbstractQueuedSynchronizer$ConditionObject.awaitNanos(AbstractQueuedSynchronizer.java:1763)
        at java.base@21.0.8/java.util.concurrent.LinkedBlockingQueue.poll(LinkedBlockingQueue.java:460)
        at app//org.apache.hadoop.ipc.CallQueueManager.take(CallQueueManager.java:370)
        at app//org.apache.hadoop.ipc.Server$Handler.run(Server.java:3165)
"DatanodeAdminManager-0" daemon prio=5 tid=60 timed_waiting
java.lang.Thread.State: TIMED_WAITING
        at java.base@21.0.8/jdk.internal.misc.Unsafe.park(Native Method)
        at java.base@21.0.8/java.util.concurrent.locks.LockSupport.parkNanos(LockSupport.java:269)
        at java.base@21.0.8/java.util.concurrent.locks.AbstractQueuedSynchronizer$ConditionObject.awaitNanos(AbstractQueuedSynchronizer.java:1763)
        at java.base@21.0.8/java.util.concurrent.ScheduledThreadPoolExecutor$DelayedWorkQueue.take(ScheduledThreadPoolExecutor.java:1182)
        at java.base@21.0.8/java.util.concurrent.ScheduledThreadPoolExecutor$DelayedWorkQueue.take(ScheduledThreadPoolExecutor.java:899)
        at java.base@21.0.8/java.util.concurrent.ThreadPoolExecutor.getTask(ThreadPoolExecutor.java:1070)
        at java.base@21.0.8/java.util.concurrent.ThreadPoolExecutor.runWorker(ThreadPoolExecutor.java:1130)
        at java.base@21.0.8/java.util.concurrent.ThreadPoolExecutor$Worker.run(ThreadPoolExecutor.java:642)
        at java.base@21.0.8/java.lang.Thread.runWith(Thread.java:1596)
        at java.base@21.0.8/java.lang.Thread.run(Thread.java:1583)
"IPC Server handler 64 on default port 15004" daemon prio=5 tid=402 timed_waiting
java.lang.Thread.State: TIMED_WAITING
        at java.base@21.0.8/jdk.internal.misc.Unsafe.park(Native Method)
        at java.base@21.0.8/java.util.concurrent.locks.LockSupport.parkNanos(LockSupport.java:269)
        at java.base@21.0.8/java.util.concurrent.locks.AbstractQueuedSynchronizer$ConditionObject.awaitNanos(AbstractQueuedSynchronizer.java:1763)
        at java.base@21.0.8/java.util.concurrent.LinkedBlockingQueue.poll(LinkedBlockingQueue.java:460)
        at app//org.apache.hadoop.ipc.CallQueueManager.take(CallQueueManager.java:370)
        at app//org.apache.hadoop.ipc.Server$Handler.run(Server.java:3165)
"IPC Server handler 40 on default port 15001" daemon prio=5 tid=598 timed_waiting
java.lang.Thread.State: TIMED_WAITING
        at java.base@21.0.8/jdk.internal.misc.Unsafe.park(Native Method)
        at java.base@21.0.8/java.util.concurrent.locks.LockSupport.parkNanos(LockSupport.java:269)
        at java.base@21.0.8/java.util.concurrent.locks.AbstractQueuedSynchronizer$ConditionObject.awaitNanos(AbstractQueuedSynchronizer.java:1763)
        at java.base@21.0.8/java.util.concurrent.LinkedBlockingQueue.poll(LinkedBlockingQueue.java:460)
        at app//org.apache.hadoop.ipc.CallQueueManager.take(CallQueueManager.java:370)
        at app//org.apache.hadoop.ipc.Server$Handler.run(Server.java:3165)
"Socket Reader #2 for port 15045" daemon prio=5 tid=921 runnable
java.lang.Thread.State: RUNNABLE
        at java.base@21.0.8/sun.nio.ch.EPoll.wait(Native Method)
        at java.base@21.0.8/sun.nio.ch.EPollSelectorImpl.doSelect(EPollSelectorImpl.java:121)
        at java.base@21.0.8/sun.nio.ch.SelectorImpl.lockAndDoSelect(SelectorImpl.java:130)
        at java.base@21.0.8/sun.nio.ch.SelectorImpl.select(SelectorImpl.java:147)
        at app//org.apache.hadoop.ipc.Server$Listener$Reader.doRunLoop(Server.java:1497)
        at app//org.apache.hadoop.ipc.Server$Listener$Reader.run(Server.java:1476)
"IPC Server handler 59 on default port 15004" daemon prio=5 tid=397 timed_waiting
java.lang.Thread.State: TIMED_WAITING
        at java.base@21.0.8/jdk.internal.misc.Unsafe.park(Native Method)
        at java.base@21.0.8/java.util.concurrent.locks.LockSupport.parkNanos(LockSupport.java:269)
        at java.base@21.0.8/java.util.concurrent.locks.AbstractQueuedSynchronizer$ConditionObject.awaitNanos(AbstractQueuedSynchronizer.java:1763)
        at java.base@21.0.8/java.util.concurrent.LinkedBlockingQueue.poll(LinkedBlockingQueue.java:460)
        at app//org.apache.hadoop.ipc.CallQueueManager.take(CallQueueManager.java:370)
        at app//org.apache.hadoop.ipc.Server$Handler.run(Server.java:3165)
"IPC Server handler 5 on default port 15021" daemon prio=5 tid=746 timed_waiting
java.lang.Thread.State: TIMED_WAITING
        at java.base@21.0.8/jdk.internal.misc.Unsafe.park(Native Method)
        at java.base@21.0.8/java.util.concurrent.locks.LockSupport.parkNanos(LockSupport.java:269)
        at java.base@21.0.8/java.util.concurrent.locks.AbstractQueuedSynchronizer$ConditionObject.awaitNanos(AbstractQueuedSynchronizer.java:1763)
        at java.base@21.0.8/java.util.concurrent.LinkedBlockingQueue.poll(LinkedBlockingQueue.java:460)
        at app//org.apache.hadoop.ipc.CallQueueManager.take(CallQueueManager.java:370)
        at app//org.apache.hadoop.ipc.Server$Handler.run(Server.java:3165)
"IPC Server handler 80 on default port 15001" daemon prio=5 tid=638 timed_waiting
java.lang.Thread.State: TIMED_WAITING
        at java.base@21.0.8/jdk.internal.misc.Unsafe.park(Native Method)
        at java.base@21.0.8/java.util.concurrent.locks.LockSupport.parkNanos(LockSupport.java:269)
        at java.base@21.0.8/java.util.concurrent.locks.AbstractQueuedSynchronizer$ConditionObject.awaitNanos(AbstractQueuedSynchronizer.java:1763)
        at java.base@21.0.8/java.util.concurrent.LinkedBlockingQueue.poll(LinkedBlockingQueue.java:460)
        at app//org.apache.hadoop.ipc.CallQueueManager.take(CallQueueManager.java:370)
        at app//org.apache.hadoop.ipc.Server$Handler.run(Server.java:3165)
"pool-223-thread-1" daemon prio=5 tid=1012 timed_waiting
java.lang.Thread.State: TIMED_WAITING
        at java.base@21.0.8/jdk.internal.misc.Unsafe.park(Native Method)
        at java.base@21.0.8/java.util.concurrent.locks.LockSupport.parkNanos(LockSupport.java:269)
        at java.base@21.0.8/java.util.concurrent.locks.AbstractQueuedSynchronizer$ConditionObject.awaitNanos(AbstractQueuedSynchronizer.java:1763)
        at java.base@21.0.8/java.util.concurrent.ScheduledThreadPoolExecutor$DelayedWorkQueue.take(ScheduledThreadPoolExecutor.java:1182)
        at java.base@21.0.8/java.util.concurrent.ScheduledThreadPoolExecutor$DelayedWorkQueue.take(ScheduledThreadPoolExecutor.java:899)
        at java.base@21.0.8/java.util.concurrent.ThreadPoolExecutor.getTask(ThreadPoolExecutor.java:1070)
        at java.base@21.0.8/java.util.concurrent.ThreadPoolExecutor.runWorker(ThreadPoolExecutor.java:1130)
        at java.base@21.0.8/java.util.concurrent.ThreadPoolExecutor$Worker.run(ThreadPoolExecutor.java:642)
        at java.base@21.0.8/java.lang.Thread.runWith(Thread.java:1596)
        at java.base@21.0.8/java.lang.Thread.run(Thread.java:1583)
"qtp473358662-911" daemon prio=5 tid=911 timed_waiting
java.lang.Thread.State: TIMED_WAITING
        at java.base@21.0.8/jdk.internal.misc.Unsafe.park(Native Method)
        at java.base@21.0.8/java.util.concurrent.locks.LockSupport.parkNanos(LockSupport.java:269)
        at java.base@21.0.8/java.util.concurrent.locks.AbstractQueuedSynchronizer$ConditionObject.awaitNanos(AbstractQueuedSynchronizer.java:1763)
        at app//org.eclipse.jetty.util.BlockingArrayQueue.poll(BlockingArrayQueue.java:382)
        at app//org.eclipse.jetty.util.thread.QueuedThreadPool$Runner.idleJobPoll(QueuedThreadPool.java:974)
        at app//org.eclipse.jetty.util.thread.QueuedThreadPool$Runner.run(QueuedThreadPool.java:1018)
        at java.base@21.0.8/java.lang.Thread.runWith(Thread.java:1596)
        at java.base@21.0.8/java.lang.Thread.run(Thread.java:1583)
"IPC Server handler 66 on default port 15002" daemon prio=5 tid=186 timed_waiting
java.lang.Thread.State: TIMED_WAITING
        at java.base@21.0.8/jdk.internal.misc.Unsafe.park(Native Method)
        at java.base@21.0.8/java.util.concurrent.locks.LockSupport.parkNanos(LockSupport.java:269)
        at java.base@21.0.8/java.util.concurrent.locks.AbstractQueuedSynchronizer$ConditionObject.awaitNanos(AbstractQueuedSynchronizer.java:1763)
        at java.base@21.0.8/java.util.concurrent.LinkedBlockingQueue.poll(LinkedBlockingQueue.java:460)
        at app//org.apache.hadoop.ipc.CallQueueManager.take(CallQueueManager.java:370)
        at app//org.apache.hadoop.ipc.Server$Handler.run(Server.java:3165)
"IPC Server handler 78 on default port 15001" daemon prio=5 tid=636 timed_waiting
java.lang.Thread.State: TIMED_WAITING
        at java.base@21.0.8/jdk.internal.misc.Unsafe.park(Native Method)
        at java.base@21.0.8/java.util.concurrent.locks.LockSupport.parkNanos(LockSupport.java:269)
        at java.base@21.0.8/java.util.concurrent.locks.AbstractQueuedSynchronizer$ConditionObject.awaitNanos(AbstractQueuedSynchronizer.java:1763)
        at java.base@21.0.8/java.util.concurrent.LinkedBlockingQueue.poll(LinkedBlockingQueue.java:460)
        at app//org.apache.hadoop.ipc.CallQueueManager.take(CallQueueManager.java:370)
        at app//org.apache.hadoop.ipc.Server$Handler.run(Server.java:3165)
"IPC Server handler 81 on default port 15002" daemon prio=5 tid=201 timed_waiting
java.lang.Thread.State: TIMED_WAITING
        at java.base@21.0.8/jdk.internal.misc.Unsafe.park(Native Method)
        at java.base@21.0.8/java.util.concurrent.locks.LockSupport.parkNanos(LockSupport.java:269)
        at java.base@21.0.8/java.util.concurrent.locks.AbstractQueuedSynchronizer$ConditionObject.awaitNanos(AbstractQueuedSynchronizer.java:1763)
        at java.base@21.0.8/java.util.concurrent.LinkedBlockingQueue.poll(LinkedBlockingQueue.java:460)
        at app//org.apache.hadoop.ipc.CallQueueManager.take(CallQueueManager.java:370)
        at app//org.apache.hadoop.ipc.Server$Handler.run(Server.java:3165)
"c11f8a16-55ee-4f22-a5a5-7daf2dffa753-CreatePipelineCommandHandlerThread-0"  prio=5 tid=1052 in Object.wait()
java.lang.Thread.State: WAITING (on object monitor)
        at java.base@21.0.8/jdk.internal.misc.Unsafe.park(Native Method)
        at java.base@21.0.8/java.util.concurrent.locks.LockSupport.park(LockSupport.java:371)
        at java.base@21.0.8/java.util.concurrent.locks.AbstractQueuedSynchronizer$ConditionNode.block(AbstractQueuedSynchronizer.java:519)
        at java.base@21.0.8/java.util.concurrent.ForkJoinPool.unmanagedBlock(ForkJoinPool.java:3780)
        at java.base@21.0.8/java.util.concurrent.ForkJoinPool.managedBlock(ForkJoinPool.java:3725)
        at java.base@21.0.8/java.util.concurrent.locks.AbstractQueuedSynchronizer$ConditionObject.await(AbstractQueuedSynchronizer.java:1712)
        at java.base@21.0.8/java.util.concurrent.LinkedBlockingQueue.take(LinkedBlockingQueue.java:435)
        at java.base@21.0.8/java.util.concurrent.ThreadPoolExecutor.getTask(ThreadPoolExecutor.java:1070)
        at java.base@21.0.8/java.util.concurrent.ThreadPoolExecutor.runWorker(ThreadPoolExecutor.java:1130)
        at java.base@21.0.8/java.util.concurrent.ThreadPoolExecutor$Worker.run(ThreadPoolExecutor.java:642)
        at java.base@21.0.8/java.lang.Thread.runWith(Thread.java:1596)
        at java.base@21.0.8/java.lang.Thread.run(Thread.java:1583)
"IPC Server idle connection scanner for port 15003" daemon prio=5 tid=86 timed_waiting
java.lang.Thread.State: TIMED_WAITING
        at java.base@21.0.8/java.lang.Object.wait0(Native Method)
        at java.base@21.0.8/java.lang.Object.wait(Object.java:366)
        at java.base@21.0.8/java.util.TimerThread.mainLoop(Timer.java:563)
        at java.base@21.0.8/java.util.TimerThread.run(Timer.java:516)
"IPC Server handler 8 on default port 15004" daemon prio=5 tid=346 timed_waiting
java.lang.Thread.State: TIMED_WAITING
        at java.base@21.0.8/jdk.internal.misc.Unsafe.park(Native Method)
        at java.base@21.0.8/java.util.concurrent.locks.LockSupport.parkNanos(LockSupport.java:269)
        at java.base@21.0.8/java.util.concurrent.locks.AbstractQueuedSynchronizer$ConditionObject.awaitNanos(AbstractQueuedSynchronizer.java:1763)
        at java.base@21.0.8/java.util.concurrent.LinkedBlockingQueue.poll(LinkedBlockingQueue.java:460)
        at app//org.apache.hadoop.ipc.CallQueueManager.take(CallQueueManager.java:370)
        at app//org.apache.hadoop.ipc.Server$Handler.run(Server.java:3165)
"Socket Reader #3 for port 15029" daemon prio=5 tid=776 runnable
java.lang.Thread.State: RUNNABLE
        at java.base@21.0.8/sun.nio.ch.EPoll.wait(Native Method)
        at java.base@21.0.8/sun.nio.ch.EPollSelectorImpl.doSelect(EPollSelectorImpl.java:121)
        at java.base@21.0.8/sun.nio.ch.SelectorImpl.lockAndDoSelect(SelectorImpl.java:130)
        at java.base@21.0.8/sun.nio.ch.SelectorImpl.select(SelectorImpl.java:147)
        at app//org.apache.hadoop.ipc.Server$Listener$Reader.doRunLoop(Server.java:1497)
        at app//org.apache.hadoop.ipc.Server$Listener$Reader.run(Server.java:1476)
"Socket Reader #9 for port 15003" daemon prio=5 tid=84 runnable
java.lang.Thread.State: RUNNABLE
        at java.base@21.0.8/sun.nio.ch.EPoll.wait(Native Method)
        at java.base@21.0.8/sun.nio.ch.EPollSelectorImpl.doSelect(EPollSelectorImpl.java:121)
        at java.base@21.0.8/sun.nio.ch.SelectorImpl.lockAndDoSelect(SelectorImpl.java:130)
        at java.base@21.0.8/sun.nio.ch.SelectorImpl.select(SelectorImpl.java:147)
        at app//org.apache.hadoop.ipc.Server$Listener$Reader.doRunLoop(Server.java:1497)
        at app//org.apache.hadoop.ipc.Server$Listener$Reader.run(Server.java:1476)
"c11f8a16-55ee-4f22-a5a5-7daf2dffa753-CommandProcessorThread" daemon prio=5 tid=756 timed_waiting
java.lang.Thread.State: TIMED_WAITING
        at java.base@21.0.8/java.lang.Thread.sleep0(Native Method)
        at java.base@21.0.8/java.lang.Thread.sleep(Thread.java:509)
        at app//org.apache.hadoop.ozone.container.common.statemachine.DatanodeStateMachine.lambda$initCommandHandlerThread$4(DatanodeStateMachine.java:698)
        at app//org.apache.hadoop.ozone.container.common.statemachine.DatanodeStateMachine$$Lambda/0x00007f9d6ccbae88.run(Unknown Source)
        at java.base@21.0.8/java.lang.Thread.runWith(Thread.java:1596)
        at java.base@21.0.8/java.lang.Thread.run(Thread.java:1583)
"fc0351b7-0c71-4a2a-a0ca-337e5c0b1c14-PeriodicHDDSVolumeChecker" daemon prio=5 tid=984 timed_waiting
java.lang.Thread.State: TIMED_WAITING
        at java.base@21.0.8/jdk.internal.misc.Unsafe.park(Native Method)
        at java.base@21.0.8/java.util.concurrent.locks.LockSupport.parkNanos(LockSupport.java:269)
        at java.base@21.0.8/java.util.concurrent.locks.AbstractQueuedSynchronizer$ConditionObject.awaitNanos(AbstractQueuedSynchronizer.java:1763)
        at java.base@21.0.8/java.util.concurrent.ScheduledThreadPoolExecutor$DelayedWorkQueue.take(ScheduledThreadPoolExecutor.java:1182)
        at java.base@21.0.8/java.util.concurrent.ScheduledThreadPoolExecutor$DelayedWorkQueue.take(ScheduledThreadPoolExecutor.java:899)
        at java.base@21.0.8/java.util.concurrent.ThreadPoolExecutor.getTask(ThreadPoolExecutor.java:1070)
        at java.base@21.0.8/java.util.concurrent.ThreadPoolExecutor.runWorker(ThreadPoolExecutor.java:1130)
        at java.base@21.0.8/java.util.concurrent.ThreadPoolExecutor$Worker.run(ThreadPoolExecutor.java:642)
        at java.base@21.0.8/java.lang.Thread.runWith(Thread.java:1596)
        at java.base@21.0.8/java.lang.Thread.run(Thread.java:1583)
"FixedThreadPoolWithAffinityExecutor-7-0" daemon prio=5 tid=110 timed_waiting
java.lang.Thread.State: TIMED_WAITING
        at java.base@21.0.8/jdk.internal.misc.Unsafe.park(Native Method)
        at java.base@21.0.8/java.util.concurrent.locks.LockSupport.parkNanos(LockSupport.java:269)
        at java.base@21.0.8/java.util.concurrent.locks.AbstractQueuedSynchronizer$ConditionObject.awaitNanos(AbstractQueuedSynchronizer.java:1763)
        at java.base@21.0.8/java.util.concurrent.LinkedBlockingQueue.poll(LinkedBlockingQueue.java:460)
        at app//org.apache.hadoop.hdds.scm.server.ContainerReportQueue.poll(ContainerReportQueue.java:269)
        at app//org.apache.hadoop.hdds.scm.server.ContainerReportQueue.poll(ContainerReportQueue.java:42)
        at app//org.apache.hadoop.hdds.server.events.FixedThreadPoolWithAffinityExecutor$ContainerReportProcessTask.run(FixedThreadPoolWithAffinityExecutor.java:228)
        at java.base@21.0.8/java.util.concurrent.Executors$RunnableAdapter.call(Executors.java:572)
        at java.base@21.0.8/java.util.concurrent.FutureTask.run(FutureTask.java:317)
        at java.base@21.0.8/java.util.concurrent.ThreadPoolExecutor.runWorker(ThreadPoolExecutor.java:1144)
        at java.base@21.0.8/java.util.concurrent.ThreadPoolExecutor$Worker.run(ThreadPoolExecutor.java:642)
        at java.base@21.0.8/java.lang.Thread.runWith(Thread.java:1596)
        at java.base@21.0.8/java.lang.Thread.run(Thread.java:1583)
"IPC Server handler 37 on default port 15002" daemon prio=5 tid=157 timed_waiting
java.lang.Thread.State: TIMED_WAITING
        at java.base@21.0.8/jdk.internal.misc.Unsafe.park(Native Method)
        at java.base@21.0.8/java.util.concurrent.locks.LockSupport.parkNanos(LockSupport.java:269)
        at java.base@21.0.8/java.util.concurrent.locks.AbstractQueuedSynchronizer$ConditionObject.awaitNanos(AbstractQueuedSynchronizer.java:1763)
        at java.base@21.0.8/java.util.concurrent.LinkedBlockingQueue.poll(LinkedBlockingQueue.java:460)
        at app//org.apache.hadoop.ipc.CallQueueManager.take(CallQueueManager.java:370)
        at app//org.apache.hadoop.ipc.Server$Handler.run(Server.java:3165)
"StaleRecoveringContainerScrubbingService#1" daemon prio=5 tid=903 timed_waiting
java.lang.Thread.State: TIMED_WAITING
        at java.base@21.0.8/jdk.internal.misc.Unsafe.park(Native Method)
        at java.base@21.0.8/java.util.concurrent.locks.LockSupport.parkNanos(LockSupport.java:269)
        at java.base@21.0.8/java.util.concurrent.locks.AbstractQueuedSynchronizer$ConditionObject.awaitNanos(AbstractQueuedSynchronizer.java:1763)
        at java.base@21.0.8/java.util.concurrent.ScheduledThreadPoolExecutor$DelayedWorkQueue.take(ScheduledThreadPoolExecutor.java:1182)
        at java.base@21.0.8/java.util.concurrent.ScheduledThreadPoolExecutor$DelayedWorkQueue.take(ScheduledThreadPoolExecutor.java:899)
        at java.base@21.0.8/java.util.concurrent.ThreadPoolExecutor.getTask(ThreadPoolExecutor.java:1070)
        at java.base@21.0.8/java.util.concurrent.ThreadPoolExecutor.runWorker(ThreadPoolExecutor.java:1130)
        at java.base@21.0.8/java.util.concurrent.ThreadPoolExecutor$Worker.run(ThreadPoolExecutor.java:642)
        at java.base@21.0.8/java.lang.Thread.runWith(Thread.java:1596)
        at java.base@21.0.8/java.lang.Thread.run(Thread.java:1583)
"IPC Server handler 74 on default port 15001" daemon prio=5 tid=632 timed_waiting
java.lang.Thread.State: TIMED_WAITING
        at java.base@21.0.8/jdk.internal.misc.Unsafe.park(Native Method)
        at java.base@21.0.8/java.util.concurrent.locks.LockSupport.parkNanos(LockSupport.java:269)
        at java.base@21.0.8/java.util.concurrent.locks.AbstractQueuedSynchronizer$ConditionObject.awaitNanos(AbstractQueuedSynchronizer.java:1763)
        at java.base@21.0.8/java.util.concurrent.LinkedBlockingQueue.poll(LinkedBlockingQueue.java:460)
        at app//org.apache.hadoop.ipc.CallQueueManager.take(CallQueueManager.java:370)
        at app//org.apache.hadoop.ipc.Server$Handler.run(Server.java:3165)
"74afb32b-8e70-4799-b16c-dc9602d9dbb6-DatanodeReportManager-1" daemon prio=5 tid=957 in Object.wait()
java.lang.Thread.State: WAITING (on object monitor)
        at java.base@21.0.8/jdk.internal.misc.Unsafe.park(Native Method)
        at java.base@21.0.8/java.util.concurrent.locks.LockSupport.park(LockSupport.java:371)
        at java.base@21.0.8/java.util.concurrent.locks.AbstractQueuedSynchronizer$ConditionNode.block(AbstractQueuedSynchronizer.java:519)
        at java.base@21.0.8/java.util.concurrent.ForkJoinPool.unmanagedBlock(ForkJoinPool.java:3780)
        at java.base@21.0.8/java.util.concurrent.ForkJoinPool.managedBlock(ForkJoinPool.java:3725)
        at java.base@21.0.8/java.util.concurrent.locks.AbstractQueuedSynchronizer$ConditionObject.await(AbstractQueuedSynchronizer.java:1712)
        at java.base@21.0.8/java.util.concurrent.ScheduledThreadPoolExecutor$DelayedWorkQueue.take(ScheduledThreadPoolExecutor.java:1177)
        at java.base@21.0.8/java.util.concurrent.ScheduledThreadPoolExecutor$DelayedWorkQueue.take(ScheduledThreadPoolExecutor.java:899)
        at java.base@21.0.8/java.util.concurrent.ThreadPoolExecutor.getTask(ThreadPoolExecutor.java:1070)
        at java.base@21.0.8/java.util.concurrent.ThreadPoolExecutor.runWorker(ThreadPoolExecutor.java:1130)
        at java.base@21.0.8/java.util.concurrent.ThreadPoolExecutor$Worker.run(ThreadPoolExecutor.java:642)
        at java.base@21.0.8/java.lang.Thread.runWith(Thread.java:1596)
        at java.base@21.0.8/java.lang.Thread.run(Thread.java:1583)
"IPC Server handler 36 on default port 15003" daemon prio=5 tid=256 timed_waiting
java.lang.Thread.State: TIMED_WAITING
        at java.base@21.0.8/jdk.internal.misc.Unsafe.park(Native Method)
        at java.base@21.0.8/java.util.concurrent.locks.LockSupport.parkNanos(LockSupport.java:269)
        at java.base@21.0.8/java.util.concurrent.locks.AbstractQueuedSynchronizer$ConditionObject.awaitNanos(AbstractQueuedSynchronizer.java:1763)
        at java.base@21.0.8/java.util.concurrent.LinkedBlockingQueue.poll(LinkedBlockingQueue.java:460)
        at app//org.apache.hadoop.ipc.CallQueueManager.take(CallQueueManager.java:370)
        at app//org.apache.hadoop.ipc.Server$Handler.run(Server.java:3165)
"IPC Server handler 99 on default port 15002" daemon prio=5 tid=219 timed_waiting
java.lang.Thread.State: TIMED_WAITING
        at java.base@21.0.8/jdk.internal.misc.Unsafe.park(Native Method)
        at java.base@21.0.8/java.util.concurrent.locks.LockSupport.parkNanos(LockSupport.java:269)
        at java.base@21.0.8/java.util.concurrent.locks.AbstractQueuedSynchronizer$ConditionObject.awaitNanos(AbstractQueuedSynchronizer.java:1763)
        at java.base@21.0.8/java.util.concurrent.LinkedBlockingQueue.poll(LinkedBlockingQueue.java:460)
        at app//org.apache.hadoop.ipc.CallQueueManager.take(CallQueueManager.java:370)
        at app//org.apache.hadoop.ipc.Server$Handler.run(Server.java:3165)
"Session-HouseKeeper-b3340a-1"  prio=5 tid=491 timed_waiting
java.lang.Thread.State: TIMED_WAITING
        at java.base@21.0.8/jdk.internal.misc.Unsafe.park(Native Method)
        at java.base@21.0.8/java.util.concurrent.locks.LockSupport.parkNanos(LockSupport.java:269)
        at java.base@21.0.8/java.util.concurrent.locks.AbstractQueuedSynchronizer$ConditionObject.awaitNanos(AbstractQueuedSynchronizer.java:1763)
        at java.base@21.0.8/java.util.concurrent.ScheduledThreadPoolExecutor$DelayedWorkQueue.take(ScheduledThreadPoolExecutor.java:1182)
        at java.base@21.0.8/java.util.concurrent.ScheduledThreadPoolExecutor$DelayedWorkQueue.take(ScheduledThreadPoolExecutor.java:899)
        at java.base@21.0.8/java.util.concurrent.ThreadPoolExecutor.getTask(ThreadPoolExecutor.java:1070)
        at java.base@21.0.8/java.util.concurrent.ThreadPoolExecutor.runWorker(ThreadPoolExecutor.java:1130)
        at java.base@21.0.8/java.util.concurrent.ThreadPoolExecutor$Worker.run(ThreadPoolExecutor.java:642)
        at java.base@21.0.8/java.lang.Thread.runWith(Thread.java:1596)
        at java.base@21.0.8/java.lang.Thread.run(Thread.java:1583)
"IPC Server handler 77 on default port 15003" daemon prio=5 tid=297 timed_waiting
java.lang.Thread.State: TIMED_WAITING
        at java.base@21.0.8/jdk.internal.misc.Unsafe.park(Native Method)
        at java.base@21.0.8/java.util.concurrent.locks.LockSupport.parkNanos(LockSupport.java:269)
        at java.base@21.0.8/java.util.concurrent.locks.AbstractQueuedSynchronizer$ConditionObject.awaitNanos(AbstractQueuedSynchronizer.java:1763)
        at java.base@21.0.8/java.util.concurrent.LinkedBlockingQueue.poll(LinkedBlockingQueue.java:460)
        at app//org.apache.hadoop.ipc.CallQueueManager.take(CallQueueManager.java:370)
        at app//org.apache.hadoop.ipc.Server$Handler.run(Server.java:3165)
"timer6" daemon prio=5 tid=1137 timed_waiting
java.lang.Thread.State: TIMED_WAITING
        at java.base@21.0.8/java.lang.Object.wait0(Native Method)
        at java.base@21.0.8/java.lang.Object.wait(Object.java:366)
        at java.base@21.0.8/java.util.TimerThread.mainLoop(Timer.java:563)
        at java.base@21.0.8/java.util.TimerThread.run(Timer.java:516)
"IPC Server handler 84 on default port 15002" daemon prio=5 tid=204 timed_waiting
java.lang.Thread.State: TIMED_WAITING
        at java.base@21.0.8/jdk.internal.misc.Unsafe.park(Native Method)
        at java.base@21.0.8/java.util.concurrent.locks.LockSupport.parkNanos(LockSupport.java:269)
        at java.base@21.0.8/java.util.concurrent.locks.AbstractQueuedSynchronizer$ConditionObject.awaitNanos(AbstractQueuedSynchronizer.java:1763)
        at java.base@21.0.8/java.util.concurrent.LinkedBlockingQueue.poll(LinkedBlockingQueue.java:460)
        at app//org.apache.hadoop.ipc.CallQueueManager.take(CallQueueManager.java:370)
        at app//org.apache.hadoop.ipc.Server$Handler.run(Server.java:3165)
"SSL Certificates Store Monitor" daemon prio=5 tid=1374 terminated
java.lang.Thread.State: TERMINATED
        at java.base@21.0.8/java.lang.Object.wait0(Native Method)
        at java.base@21.0.8/java.lang.Object.wait(Object.java:366)
        at java.base@21.0.8/java.lang.Object.wait(Object.java:339)
        at java.base@21.0.8/java.util.TimerThread.mainLoop(Timer.java:537)
        at java.base@21.0.8/java.util.TimerThread.run(Timer.java:516)
"Socket Reader #3 for port 15003" daemon prio=5 tid=78 runnable
java.lang.Thread.State: RUNNABLE
        at java.base@21.0.8/sun.nio.ch.EPoll.wait(Native Method)
        at java.base@21.0.8/sun.nio.ch.EPollSelectorImpl.doSelect(EPollSelectorImpl.java:121)
        at java.base@21.0.8/sun.nio.ch.SelectorImpl.lockAndDoSelect(SelectorImpl.java:130)
        at java.base@21.0.8/sun.nio.ch.SelectorImpl.select(SelectorImpl.java:147)
        at app//org.apache.hadoop.ipc.Server$Listener$Reader.doRunLoop(Server.java:1497)
        at app//org.apache.hadoop.ipc.Server$Listener$Reader.run(Server.java:1476)
"IPC Server handler 23 on default port 15002" daemon prio=5 tid=143 timed_waiting
java.lang.Thread.State: TIMED_WAITING
        at java.base@21.0.8/jdk.internal.misc.Unsafe.park(Native Method)
        at java.base@21.0.8/java.util.concurrent.locks.LockSupport.parkNanos(LockSupport.java:269)
        at java.base@21.0.8/java.util.concurrent.locks.AbstractQueuedSynchronizer$ConditionObject.awaitNanos(AbstractQueuedSynchronizer.java:1763)
        at java.base@21.0.8/java.util.concurrent.LinkedBlockingQueue.poll(LinkedBlockingQueue.java:460)
        at app//org.apache.hadoop.ipc.CallQueueManager.take(CallQueueManager.java:370)
        at app//org.apache.hadoop.ipc.Server$Handler.run(Server.java:3165)
"Socket Reader #5 for port 15001" daemon prio=5 tid=525 runnable
java.lang.Thread.State: RUNNABLE
        at java.base@21.0.8/sun.nio.ch.EPoll.wait(Native Method)
        at java.base@21.0.8/sun.nio.ch.EPollSelectorImpl.doSelect(EPollSelectorImpl.java:121)
        at java.base@21.0.8/sun.nio.ch.SelectorImpl.lockAndDoSelect(SelectorImpl.java:130)
        at java.base@21.0.8/sun.nio.ch.SelectorImpl.select(SelectorImpl.java:147)
        at app//org.apache.hadoop.ipc.Server$Listener$Reader.doRunLoop(Server.java:1497)
        at app//org.apache.hadoop.ipc.Server$Listener$Reader.run(Server.java:1476)
"7d2db622-5327-4122-ba03-be97b5575303-DatanodeReportManager-1" daemon prio=5 tid=799 in Object.wait()
java.lang.Thread.State: WAITING (on object monitor)
        at java.base@21.0.8/jdk.internal.misc.Unsafe.park(Native Method)
        at java.base@21.0.8/java.util.concurrent.locks.LockSupport.park(LockSupport.java:371)
        at java.base@21.0.8/java.util.concurrent.locks.AbstractQueuedSynchronizer$ConditionNode.block(AbstractQueuedSynchronizer.java:519)
        at java.base@21.0.8/java.util.concurrent.ForkJoinPool.unmanagedBlock(ForkJoinPool.java:3780)
        at java.base@21.0.8/java.util.concurrent.ForkJoinPool.managedBlock(ForkJoinPool.java:3725)
        at java.base@21.0.8/java.util.concurrent.locks.AbstractQueuedSynchronizer$ConditionObject.await(AbstractQueuedSynchronizer.java:1712)
        at java.base@21.0.8/java.util.concurrent.ScheduledThreadPoolExecutor$DelayedWorkQueue.take(ScheduledThreadPoolExecutor.java:1177)
        at java.base@21.0.8/java.util.concurrent.ScheduledThreadPoolExecutor$DelayedWorkQueue.take(ScheduledThreadPoolExecutor.java:899)
        at java.base@21.0.8/java.util.concurrent.ThreadPoolExecutor.getTask(ThreadPoolExecutor.java:1070)
        at java.base@21.0.8/java.util.concurrent.ThreadPoolExecutor.runWorker(ThreadPoolExecutor.java:1130)
        at java.base@21.0.8/java.util.concurrent.ThreadPoolExecutor$Worker.run(ThreadPoolExecutor.java:642)
        at java.base@21.0.8/java.lang.Thread.runWith(Thread.java:1596)
        at java.base@21.0.8/java.lang.Thread.run(Thread.java:1583)
"IPC Server handler 87 on default port 15004" daemon prio=5 tid=425 timed_waiting
java.lang.Thread.State: TIMED_WAITING
        at java.base@21.0.8/jdk.internal.misc.Unsafe.park(Native Method)
        at java.base@21.0.8/java.util.concurrent.locks.LockSupport.parkNanos(LockSupport.java:269)
        at java.base@21.0.8/java.util.concurrent.locks.AbstractQueuedSynchronizer$ConditionObject.awaitNanos(AbstractQueuedSynchronizer.java:1763)
        at java.base@21.0.8/java.util.concurrent.LinkedBlockingQueue.poll(LinkedBlockingQueue.java:460)
        at app//org.apache.hadoop.ipc.CallQueueManager.take(CallQueueManager.java:370)
        at app//org.apache.hadoop.ipc.Server$Handler.run(Server.java:3165)
"IPC Server handler 86 on default port 15001" daemon prio=5 tid=644 timed_waiting
java.lang.Thread.State: TIMED_WAITING
        at java.base@21.0.8/jdk.internal.misc.Unsafe.park(Native Method)
        at java.base@21.0.8/java.util.concurrent.locks.LockSupport.parkNanos(LockSupport.java:269)
        at java.base@21.0.8/java.util.concurrent.locks.AbstractQueuedSynchronizer$ConditionObject.awaitNanos(AbstractQueuedSynchronizer.java:1763)
        at java.base@21.0.8/java.util.concurrent.LinkedBlockingQueue.poll(LinkedBlockingQueue.java:460)
        at app//org.apache.hadoop.ipc.CallQueueManager.take(CallQueueManager.java:370)
        at app//org.apache.hadoop.ipc.Server$Handler.run(Server.java:3165)
"IPC Server handler 27 on default port 15002" daemon prio=5 tid=147 timed_waiting
java.lang.Thread.State: TIMED_WAITING
        at java.base@21.0.8/jdk.internal.misc.Unsafe.park(Native Method)
        at java.base@21.0.8/java.util.concurrent.locks.LockSupport.parkNanos(LockSupport.java:269)
        at java.base@21.0.8/java.util.concurrent.locks.AbstractQueuedSynchronizer$ConditionObject.awaitNanos(AbstractQueuedSynchronizer.java:1763)
        at java.base@21.0.8/java.util.concurrent.LinkedBlockingQueue.poll(LinkedBlockingQueue.java:460)
        at app//org.apache.hadoop.ipc.CallQueueManager.take(CallQueueManager.java:370)
        at app//org.apache.hadoop.ipc.Server$Handler.run(Server.java:3165)
"Socket Reader #10 for port 15008" daemon prio=5 tid=459 runnable
java.lang.Thread.State: RUNNABLE
        at java.base@21.0.8/sun.nio.ch.EPoll.wait(Native Method)
        at java.base@21.0.8/sun.nio.ch.EPollSelectorImpl.doSelect(EPollSelectorImpl.java:121)
        at java.base@21.0.8/sun.nio.ch.SelectorImpl.lockAndDoSelect(SelectorImpl.java:130)
        at java.base@21.0.8/sun.nio.ch.SelectorImpl.select(SelectorImpl.java:147)
        at app//org.apache.hadoop.ipc.Server$Listener$Reader.doRunLoop(Server.java:1497)
        at app//org.apache.hadoop.ipc.Server$Listener$Reader.run(Server.java:1476)
"7d2db622-5327-4122-ba03-be97b5575303-ChunkWriter-1-0" daemon prio=5 tid=970 in Object.wait()
java.lang.Thread.State: WAITING (on object monitor)
        at java.base@21.0.8/jdk.internal.misc.Unsafe.park(Native Method)
        at java.base@21.0.8/java.util.concurrent.locks.LockSupport.park(LockSupport.java:371)
        at java.base@21.0.8/java.util.concurrent.locks.AbstractQueuedSynchronizer$ConditionNode.block(AbstractQueuedSynchronizer.java:519)
        at java.base@21.0.8/java.util.concurrent.ForkJoinPool.unmanagedBlock(ForkJoinPool.java:3780)
        at java.base@21.0.8/java.util.concurrent.ForkJoinPool.managedBlock(ForkJoinPool.java:3725)
        at java.base@21.0.8/java.util.concurrent.locks.AbstractQueuedSynchronizer$ConditionObject.await(AbstractQueuedSynchronizer.java:1712)
        at java.base@21.0.8/java.util.concurrent.LinkedBlockingDeque.takeFirst(LinkedBlockingDeque.java:485)
        at java.base@21.0.8/java.util.concurrent.LinkedBlockingDeque.take(LinkedBlockingDeque.java:673)
        at java.base@21.0.8/java.util.concurrent.ThreadPoolExecutor.getTask(ThreadPoolExecutor.java:1070)
        at java.base@21.0.8/java.util.concurrent.ThreadPoolExecutor.runWorker(ThreadPoolExecutor.java:1130)
        at java.base@21.0.8/java.util.concurrent.ThreadPoolExecutor$Worker.run(ThreadPoolExecutor.java:642)
        at java.base@21.0.8/java.lang.Thread.runWith(Thread.java:1596)
        at java.base@21.0.8/java.lang.Thread.run(Thread.java:1583)
"IPC Server handler 16 on default port 15003" daemon prio=5 tid=236 timed_waiting
java.lang.Thread.State: TIMED_WAITING
        at java.base@21.0.8/jdk.internal.misc.Unsafe.park(Native Method)
        at java.base@21.0.8/java.util.concurrent.locks.LockSupport.parkNanos(LockSupport.java:269)
        at java.base@21.0.8/java.util.concurrent.locks.AbstractQueuedSynchronizer$ConditionObject.awaitNanos(AbstractQueuedSynchronizer.java:1763)
        at java.base@21.0.8/java.util.concurrent.LinkedBlockingQueue.poll(LinkedBlockingQueue.java:460)
        at app//org.apache.hadoop.ipc.CallQueueManager.take(CallQueueManager.java:370)
        at app//org.apache.hadoop.ipc.Server$Handler.run(Server.java:3165)
"Socket Reader #4 for port 15021" daemon prio=5 tid=731 runnable
java.lang.Thread.State: RUNNABLE
        at java.base@21.0.8/sun.nio.ch.EPoll.wait(Native Method)
        at java.base@21.0.8/sun.nio.ch.EPollSelectorImpl.doSelect(EPollSelectorImpl.java:121)
        at java.base@21.0.8/sun.nio.ch.SelectorImpl.lockAndDoSelect(SelectorImpl.java:130)
        at java.base@21.0.8/sun.nio.ch.SelectorImpl.select(SelectorImpl.java:147)
        at app//org.apache.hadoop.ipc.Server$Listener$Reader.doRunLoop(Server.java:1497)
        at app//org.apache.hadoop.ipc.Server$Listener$Reader.run(Server.java:1476)
"surefire-forkedjvm-command-thread" daemon prio=5 tid=25 runnable
java.lang.Thread.State: RUNNABLE
        at java.base@21.0.8/java.io.FileInputStream.readBytes(Native Method)
        at java.base@21.0.8/java.io.FileInputStream.read(FileInputStream.java:287)
        at java.base@21.0.8/java.io.BufferedInputStream.read1(BufferedInputStream.java:345)
        at java.base@21.0.8/java.io.BufferedInputStream.implRead(BufferedInputStream.java:420)
        at java.base@21.0.8/java.io.BufferedInputStream.read(BufferedInputStream.java:399)
        at java.base@21.0.8/java.io.BufferedInputStream.fill(BufferedInputStream.java:291)
        at java.base@21.0.8/java.io.BufferedInputStream.read1(BufferedInputStream.java:347)
        at java.base@21.0.8/java.io.BufferedInputStream.implRead(BufferedInputStream.java:420)
        at java.base@21.0.8/java.io.BufferedInputStream.read(BufferedInputStream.java:399)
        at app//org.apache.maven.surefire.api.util.internal.Channels$3.readImpl(Channels.java:169)
        at app//org.apache.maven.surefire.api.util.internal.AbstractNoninterruptibleReadableChannel.read(AbstractNoninterruptibleReadableChannel.java:50)
        at app//org.apache.maven.surefire.api.stream.AbstractStreamDecoder.read(AbstractStreamDecoder.java:430)
        at app//org.apache.maven.surefire.api.stream.AbstractStreamDecoder.read(AbstractStreamDecoder.java:419)
        at app//org.apache.maven.surefire.api.stream.AbstractStreamDecoder.readMessageType(AbstractStreamDecoder.java:116)
        at app//org.apache.maven.surefire.booter.stream.CommandDecoder.decode(CommandDecoder.java:77)
        at app//org.apache.maven.surefire.booter.spi.CommandChannelDecoder.decode(CommandChannelDecoder.java:60)
        at app//org.apache.maven.surefire.booter.CommandReader$CommandRunnable.run(CommandReader.java:290)
        at java.base@21.0.8/java.lang.Thread.runWith(Thread.java:1596)
        at java.base@21.0.8/java.lang.Thread.run(Thread.java:1583)
"7d2db622-5327-4122-ba03-be97b5575303-DatanodeStateMachineTaskThread-1"  prio=5 tid=916 in Object.wait()
java.lang.Thread.State: WAITING (on object monitor)
        at java.base@21.0.8/jdk.internal.misc.Unsafe.park(Native Method)
        at java.base@21.0.8/java.util.concurrent.locks.LockSupport.park(LockSupport.java:371)
        at java.base@21.0.8/java.util.concurrent.locks.AbstractQueuedSynchronizer$ConditionNode.block(AbstractQueuedSynchronizer.java:519)
        at java.base@21.0.8/java.util.concurrent.ForkJoinPool.unmanagedBlock(ForkJoinPool.java:3780)
        at java.base@21.0.8/java.util.concurrent.ForkJoinPool.managedBlock(ForkJoinPool.java:3725)
        at java.base@21.0.8/java.util.concurrent.locks.AbstractQueuedSynchronizer$ConditionObject.await(AbstractQueuedSynchronizer.java:1712)
        at java.base@21.0.8/java.util.concurrent.LinkedBlockingQueue.take(LinkedBlockingQueue.java:435)
        at java.base@21.0.8/java.util.concurrent.ThreadPoolExecutor.getTask(ThreadPoolExecutor.java:1070)
        at java.base@21.0.8/java.util.concurrent.ThreadPoolExecutor.runWorker(ThreadPoolExecutor.java:1130)
        at java.base@21.0.8/java.util.concurrent.ThreadPoolExecutor$Worker.run(ThreadPoolExecutor.java:642)
        at java.base@21.0.8/java.lang.Thread.runWith(Thread.java:1596)
        at java.base@21.0.8/java.lang.Thread.run(Thread.java:1583)
"qtp1597424614-325-acceptor-0@3164748a-ServerConnector@2b504da0{HTTP/1.1, (http/1.1)}{0.0.0.0:15005}" daemon prio=3 tid=325 runnable
java.lang.Thread.State: RUNNABLE
        at java.base@21.0.8/sun.nio.ch.Net.accept(Native Method)
        at java.base@21.0.8/sun.nio.ch.ServerSocketChannelImpl.implAccept(ServerSocketChannelImpl.java:433)
        at java.base@21.0.8/sun.nio.ch.ServerSocketChannelImpl.accept(ServerSocketChannelImpl.java:399)
        at app//org.eclipse.jetty.server.ServerConnector.accept(ServerConnector.java:388)
        at app//org.eclipse.jetty.server.AbstractConnector$Acceptor.run(AbstractConnector.java:704)
        at app//org.eclipse.jetty.util.thread.QueuedThreadPool.runJob(QueuedThreadPool.java:883)
        at app//org.eclipse.jetty.util.thread.QueuedThreadPool$Runner.run(QueuedThreadPool.java:1034)
        at java.base@21.0.8/java.lang.Thread.runWith(Thread.java:1596)
        at java.base@21.0.8/java.lang.Thread.run(Thread.java:1583)
"IPC Server handler 22 on default port 15001" daemon prio=5 tid=580 timed_waiting
java.lang.Thread.State: TIMED_WAITING
        at java.base@21.0.8/jdk.internal.misc.Unsafe.park(Native Method)
        at java.base@21.0.8/java.util.concurrent.locks.LockSupport.parkNanos(LockSupport.java:269)
        at java.base@21.0.8/java.util.concurrent.locks.AbstractQueuedSynchronizer$ConditionObject.awaitNanos(AbstractQueuedSynchronizer.java:1763)
        at java.base@21.0.8/java.util.concurrent.LinkedBlockingQueue.poll(LinkedBlockingQueue.java:460)
        at app//org.apache.hadoop.ipc.CallQueueManager.take(CallQueueManager.java:370)
        at app//org.apache.hadoop.ipc.Server$Handler.run(Server.java:3165)
"IPC Server handler 83 on default port 15004" daemon prio=5 tid=421 timed_waiting
java.lang.Thread.State: TIMED_WAITING
        at java.base@21.0.8/jdk.internal.misc.Unsafe.park(Native Method)
        at java.base@21.0.8/java.util.concurrent.locks.LockSupport.parkNanos(LockSupport.java:269)
        at java.base@21.0.8/java.util.concurrent.locks.AbstractQueuedSynchronizer$ConditionObject.awaitNanos(AbstractQueuedSynchronizer.java:1763)
        at java.base@21.0.8/java.util.concurrent.LinkedBlockingQueue.poll(LinkedBlockingQueue.java:460)
        at app//org.apache.hadoop.ipc.CallQueueManager.take(CallQueueManager.java:370)
        at app//org.apache.hadoop.ipc.Server$Handler.run(Server.java:3165)
"IPC Server handler 27 on default port 15001" daemon prio=5 tid=585 timed_waiting
java.lang.Thread.State: TIMED_WAITING
        at java.base@21.0.8/jdk.internal.misc.Unsafe.park(Native Method)
        at java.base@21.0.8/java.util.concurrent.locks.LockSupport.parkNanos(LockSupport.java:269)
        at java.base@21.0.8/java.util.concurrent.locks.AbstractQueuedSynchronizer$ConditionObject.awaitNanos(AbstractQueuedSynchronizer.java:1763)
        at java.base@21.0.8/java.util.concurrent.LinkedBlockingQueue.poll(LinkedBlockingQueue.java:460)
        at app//org.apache.hadoop.ipc.CallQueueManager.take(CallQueueManager.java:370)
        at app//org.apache.hadoop.ipc.Server$Handler.run(Server.java:3165)
"Socket Reader #9 for port 15037" daemon prio=5 tid=859 runnable
java.lang.Thread.State: RUNNABLE
        at java.base@21.0.8/sun.nio.ch.EPoll.wait(Native Method)
        at java.base@21.0.8/sun.nio.ch.EPollSelectorImpl.doSelect(EPollSelectorImpl.java:121)
        at java.base@21.0.8/sun.nio.ch.SelectorImpl.lockAndDoSelect(SelectorImpl.java:130)
        at java.base@21.0.8/sun.nio.ch.SelectorImpl.select(SelectorImpl.java:147)
        at app//org.apache.hadoop.ipc.Server$Listener$Reader.doRunLoop(Server.java:1497)
        at app//org.apache.hadoop.ipc.Server$Listener$Reader.run(Server.java:1476)
"IPC Server handler 26 on default port 15003" daemon prio=5 tid=246 timed_waiting
java.lang.Thread.State: TIMED_WAITING
        at java.base@21.0.8/jdk.internal.misc.Unsafe.park(Native Method)
        at java.base@21.0.8/java.util.concurrent.locks.LockSupport.parkNanos(LockSupport.java:269)
        at java.base@21.0.8/java.util.concurrent.locks.AbstractQueuedSynchronizer$ConditionObject.awaitNanos(AbstractQueuedSynchronizer.java:1763)
        at java.base@21.0.8/java.util.concurrent.LinkedBlockingQueue.poll(LinkedBlockingQueue.java:460)
        at app//org.apache.hadoop.ipc.CallQueueManager.take(CallQueueManager.java:370)
        at app//org.apache.hadoop.ipc.Server$Handler.run(Server.java:3165)
"IPC Server handler 5 on default port 15008" daemon prio=5 tid=497 timed_waiting
java.lang.Thread.State: TIMED_WAITING
        at java.base@21.0.8/jdk.internal.misc.Unsafe.park(Native Method)
        at java.base@21.0.8/java.util.concurrent.locks.LockSupport.parkNanos(LockSupport.java:269)
        at java.base@21.0.8/java.util.concurrent.locks.AbstractQueuedSynchronizer$ConditionObject.awaitNanos(AbstractQueuedSynchronizer.java:1763)
        at java.base@21.0.8/java.util.concurrent.LinkedBlockingQueue.poll(LinkedBlockingQueue.java:460)
        at app//org.apache.hadoop.ipc.CallQueueManager.take(CallQueueManager.java:370)
        at app//org.apache.hadoop.ipc.Server$Handler.run(Server.java:3165)
"c11f8a16-55ee-4f22-a5a5-7daf2dffa753-PeriodicHDDSVolumeChecker" daemon prio=5 tid=884 timed_waiting
java.lang.Thread.State: TIMED_WAITING
        at java.base@21.0.8/jdk.internal.misc.Unsafe.park(Native Method)
        at java.base@21.0.8/java.util.concurrent.locks.LockSupport.parkNanos(LockSupport.java:269)
        at java.base@21.0.8/java.util.concurrent.locks.AbstractQueuedSynchronizer$ConditionObject.awaitNanos(AbstractQueuedSynchronizer.java:1763)
        at java.base@21.0.8/java.util.concurrent.ScheduledThreadPoolExecutor$DelayedWorkQueue.take(ScheduledThreadPoolExecutor.java:1182)
        at java.base@21.0.8/java.util.concurrent.ScheduledThreadPoolExecutor$DelayedWorkQueue.take(ScheduledThreadPoolExecutor.java:899)
        at java.base@21.0.8/java.util.concurrent.ThreadPoolExecutor.getTask(ThreadPoolExecutor.java:1070)
        at java.base@21.0.8/java.util.concurrent.ThreadPoolExecutor.runWorker(ThreadPoolExecutor.java:1130)
        at java.base@21.0.8/java.util.concurrent.ThreadPoolExecutor$Worker.run(ThreadPoolExecutor.java:642)
        at java.base@21.0.8/java.lang.Thread.runWith(Thread.java:1596)
        at java.base@21.0.8/java.lang.Thread.run(Thread.java:1583)
"IPC Server handler 18 on default port 15002" daemon prio=5 tid=138 timed_waiting
java.lang.Thread.State: TIMED_WAITING
        at java.base@21.0.8/jdk.internal.misc.Unsafe.park(Native Method)
        at java.base@21.0.8/java.util.concurrent.locks.LockSupport.parkNanos(LockSupport.java:269)
        at java.base@21.0.8/java.util.concurrent.locks.AbstractQueuedSynchronizer$ConditionObject.awaitNanos(AbstractQueuedSynchronizer.java:1763)
        at java.base@21.0.8/java.util.concurrent.LinkedBlockingQueue.poll(LinkedBlockingQueue.java:460)
        at app//org.apache.hadoop.ipc.CallQueueManager.take(CallQueueManager.java:370)
        at app//org.apache.hadoop.ipc.Server$Handler.run(Server.java:3165)
"IPC Server handler 11 on default port 15001" daemon prio=5 tid=569 timed_waiting
java.lang.Thread.State: TIMED_WAITING
        at java.base@21.0.8/jdk.internal.misc.Unsafe.park(Native Method)
        at java.base@21.0.8/java.util.concurrent.locks.LockSupport.parkNanos(LockSupport.java:269)
        at java.base@21.0.8/java.util.concurrent.locks.AbstractQueuedSynchronizer$ConditionObject.awaitNanos(AbstractQueuedSynchronizer.java:1763)
        at java.base@21.0.8/java.util.concurrent.LinkedBlockingQueue.poll(LinkedBlockingQueue.java:460)
        at app//org.apache.hadoop.ipc.CallQueueManager.take(CallQueueManager.java:370)
        at app//org.apache.hadoop.ipc.Server$Handler.run(Server.java:3165)
"Hadoop-Metrics-Updater-0" daemon prio=5 tid=102 timed_waiting
java.lang.Thread.State: TIMED_WAITING
        at java.base@21.0.8/jdk.internal.misc.Unsafe.park(Native Method)
        at java.base@21.0.8/java.util.concurrent.locks.LockSupport.parkNanos(LockSupport.java:269)
        at java.base@21.0.8/java.util.concurrent.locks.AbstractQueuedSynchronizer$ConditionObject.awaitNanos(AbstractQueuedSynchronizer.java:1763)
        at java.base@21.0.8/java.util.concurrent.ScheduledThreadPoolExecutor$DelayedWorkQueue.take(ScheduledThreadPoolExecutor.java:1182)
        at java.base@21.0.8/java.util.concurrent.ScheduledThreadPoolExecutor$DelayedWorkQueue.take(ScheduledThreadPoolExecutor.java:899)
        at java.base@21.0.8/java.util.concurrent.ThreadPoolExecutor.getTask(ThreadPoolExecutor.java:1070)
        at java.base@21.0.8/java.util.concurrent.ThreadPoolExecutor.runWorker(ThreadPoolExecutor.java:1130)
        at java.base@21.0.8/java.util.concurrent.ThreadPoolExecutor$Worker.run(ThreadPoolExecutor.java:642)
        at java.base@21.0.8/java.lang.Thread.runWith(Thread.java:1596)
        at java.base@21.0.8/java.lang.Thread.run(Thread.java:1583)
"IPC Server handler 65 on default port 15001" daemon prio=5 tid=623 timed_waiting
java.lang.Thread.State: TIMED_WAITING
        at java.base@21.0.8/jdk.internal.misc.Unsafe.park(Native Method)
        at java.base@21.0.8/java.util.concurrent.locks.LockSupport.parkNanos(LockSupport.java:269)
        at java.base@21.0.8/java.util.concurrent.locks.AbstractQueuedSynchronizer$ConditionObject.awaitNanos(AbstractQueuedSynchronizer.java:1763)
        at java.base@21.0.8/java.util.concurrent.LinkedBlockingQueue.poll(LinkedBlockingQueue.java:460)
        at app//org.apache.hadoop.ipc.CallQueueManager.take(CallQueueManager.java:370)
        at app//org.apache.hadoop.ipc.Server$Handler.run(Server.java:3165)
"Recon-FixedThreadPoolWithAffinityExecutor-9-0" daemon prio=5 tid=543 timed_waiting
java.lang.Thread.State: TIMED_WAITING
        at java.base@21.0.8/jdk.internal.misc.Unsafe.park(Native Method)
        at java.base@21.0.8/java.util.concurrent.locks.LockSupport.parkNanos(LockSupport.java:269)
        at java.base@21.0.8/java.util.concurrent.locks.AbstractQueuedSynchronizer$ConditionObject.awaitNanos(AbstractQueuedSynchronizer.java:1763)
        at java.base@21.0.8/java.util.concurrent.LinkedBlockingQueue.poll(LinkedBlockingQueue.java:460)
        at app//org.apache.hadoop.hdds.scm.server.ContainerReportQueue.poll(ContainerReportQueue.java:269)
        at app//org.apache.hadoop.hdds.scm.server.ContainerReportQueue.poll(ContainerReportQueue.java:42)
        at app//org.apache.hadoop.hdds.server.events.FixedThreadPoolWithAffinityExecutor$ContainerReportProcessTask.run(FixedThreadPoolWithAffinityExecutor.java:228)
        at java.base@21.0.8/java.util.concurrent.Executors$RunnableAdapter.call(Executors.java:572)
        at java.base@21.0.8/java.util.concurrent.FutureTask.run(FutureTask.java:317)
        at java.base@21.0.8/java.util.concurrent.ThreadPoolExecutor.runWorker(ThreadPoolExecutor.java:1144)
        at java.base@21.0.8/java.util.concurrent.ThreadPoolExecutor$Worker.run(ThreadPoolExecutor.java:642)
        at java.base@21.0.8/java.lang.Thread.runWith(Thread.java:1596)
        at java.base@21.0.8/java.lang.Thread.run(Thread.java:1583)
"Recon-FixedThreadPoolWithAffinityExecutor-4-0" daemon prio=5 tid=538 timed_waiting
java.lang.Thread.State: TIMED_WAITING
        at java.base@21.0.8/jdk.internal.misc.Unsafe.park(Native Method)
        at java.base@21.0.8/java.util.concurrent.locks.LockSupport.parkNanos(LockSupport.java:269)
        at java.base@21.0.8/java.util.concurrent.locks.AbstractQueuedSynchronizer$ConditionObject.awaitNanos(AbstractQueuedSynchronizer.java:1763)
        at java.base@21.0.8/java.util.concurrent.LinkedBlockingQueue.poll(LinkedBlockingQueue.java:460)
        at app//org.apache.hadoop.hdds.scm.server.ContainerReportQueue.poll(ContainerReportQueue.java:269)
        at app//org.apache.hadoop.hdds.scm.server.ContainerReportQueue.poll(ContainerReportQueue.java:42)
        at app//org.apache.hadoop.hdds.server.events.FixedThreadPoolWithAffinityExecutor$ContainerReportProcessTask.run(FixedThreadPoolWithAffinityExecutor.java:228)
        at java.base@21.0.8/java.util.concurrent.Executors$RunnableAdapter.call(Executors.java:572)
        at java.base@21.0.8/java.util.concurrent.FutureTask.run(FutureTask.java:317)
        at java.base@21.0.8/java.util.concurrent.ThreadPoolExecutor.runWorker(ThreadPoolExecutor.java:1144)
        at java.base@21.0.8/java.util.concurrent.ThreadPoolExecutor$Worker.run(ThreadPoolExecutor.java:642)
        at java.base@21.0.8/java.lang.Thread.runWith(Thread.java:1596)
        at java.base@21.0.8/java.lang.Thread.run(Thread.java:1583)
"Common-Cleaner" daemon prio=8 tid=17 timed_waiting
java.lang.Thread.State: TIMED_WAITING
        at java.base@21.0.8/jdk.internal.misc.Unsafe.park(Native Method)
        at java.base@21.0.8/java.util.concurrent.locks.LockSupport.parkNanos(LockSupport.java:269)
        at java.base@21.0.8/java.util.concurrent.locks.AbstractQueuedSynchronizer$ConditionObject.await(AbstractQueuedSynchronizer.java:1852)
        at java.base@21.0.8/java.lang.ref.ReferenceQueue.await(ReferenceQueue.java:71)
        at java.base@21.0.8/java.lang.ref.ReferenceQueue.remove0(ReferenceQueue.java:143)
        at java.base@21.0.8/java.lang.ref.ReferenceQueue.remove(ReferenceQueue.java:218)
        at java.base@21.0.8/jdk.internal.ref.CleanerImpl.run(CleanerImpl.java:140)
        at java.base@21.0.8/java.lang.Thread.runWith(Thread.java:1596)
        at java.base@21.0.8/java.lang.Thread.run(Thread.java:1583)
        at java.base@21.0.8/jdk.internal.misc.InnocuousThread.run(InnocuousThread.java:186)
"Socket Reader #7 for port 15037" daemon prio=5 tid=857 runnable
java.lang.Thread.State: RUNNABLE
        at java.base@21.0.8/sun.nio.ch.EPoll.wait(Native Method)
        at java.base@21.0.8/sun.nio.ch.EPollSelectorImpl.doSelect(EPollSelectorImpl.java:121)
        at java.base@21.0.8/sun.nio.ch.SelectorImpl.lockAndDoSelect(SelectorImpl.java:130)
        at java.base@21.0.8/sun.nio.ch.SelectorImpl.select(SelectorImpl.java:147)
        at app//org.apache.hadoop.ipc.Server$Listener$Reader.doRunLoop(Server.java:1497)
        at app//org.apache.hadoop.ipc.Server$Listener$Reader.run(Server.java:1476)
"IPC Server handler 3 on default port 15002" daemon prio=5 tid=123 timed_waiting
java.lang.Thread.State: TIMED_WAITING
        at java.base@21.0.8/jdk.internal.misc.Unsafe.park(Native Method)
        at java.base@21.0.8/java.util.concurrent.locks.LockSupport.parkNanos(LockSupport.java:269)
        at java.base@21.0.8/java.util.concurrent.locks.AbstractQueuedSynchronizer$ConditionObject.awaitNanos(AbstractQueuedSynchronizer.java:1763)
        at java.base@21.0.8/java.util.concurrent.LinkedBlockingQueue.poll(LinkedBlockingQueue.java:460)
        at app//org.apache.hadoop.ipc.CallQueueManager.take(CallQueueManager.java:370)
        at app//org.apache.hadoop.ipc.Server$Handler.run(Server.java:3165)
"IPC Server handler 45 on default port 15002" daemon prio=5 tid=165 timed_waiting
java.lang.Thread.State: TIMED_WAITING
        at java.base@21.0.8/jdk.internal.misc.Unsafe.park(Native Method)
        at java.base@21.0.8/java.util.concurrent.locks.LockSupport.parkNanos(LockSupport.java:269)
        at java.base@21.0.8/java.util.concurrent.locks.AbstractQueuedSynchronizer$ConditionObject.awaitNanos(AbstractQueuedSynchronizer.java:1763)
        at java.base@21.0.8/java.util.concurrent.LinkedBlockingQueue.poll(LinkedBlockingQueue.java:460)
        at app//org.apache.hadoop.ipc.CallQueueManager.take(CallQueueManager.java:370)
        at app//org.apache.hadoop.ipc.Server$Handler.run(Server.java:3165)
"bucketTable_FullTableCache-Cleanup-0" daemon prio=5 tid=441 timed_waiting
java.lang.Thread.State: TIMED_WAITING
        at java.base@21.0.8/jdk.internal.misc.Unsafe.park(Native Method)
        at java.base@21.0.8/java.util.concurrent.locks.LockSupport.parkNanos(LockSupport.java:269)
        at java.base@21.0.8/java.util.concurrent.locks.AbstractQueuedSynchronizer$ConditionObject.awaitNanos(AbstractQueuedSynchronizer.java:1763)
        at java.base@21.0.8/java.util.concurrent.ScheduledThreadPoolExecutor$DelayedWorkQueue.take(ScheduledThreadPoolExecutor.java:1182)
        at java.base@21.0.8/java.util.concurrent.ScheduledThreadPoolExecutor$DelayedWorkQueue.take(ScheduledThreadPoolExecutor.java:899)
        at java.base@21.0.8/java.util.concurrent.ThreadPoolExecutor.getTask(ThreadPoolExecutor.java:1070)
        at java.base@21.0.8/java.util.concurrent.ThreadPoolExecutor.runWorker(ThreadPoolExecutor.java:1130)
        at java.base@21.0.8/java.util.concurrent.ThreadPoolExecutor$Worker.run(ThreadPoolExecutor.java:642)
        at java.base@21.0.8/java.lang.Thread.runWith(Thread.java:1596)
        at java.base@21.0.8/java.lang.Thread.run(Thread.java:1583)
"c11f8a16-55ee-4f22-a5a5-7daf2dffa753-DatanodeStateMachineTaskThread-0"  prio=5 tid=757 in Object.wait()
java.lang.Thread.State: WAITING (on object monitor)
        at java.base@21.0.8/jdk.internal.misc.Unsafe.park(Native Method)
        at java.base@21.0.8/java.util.concurrent.locks.LockSupport.park(LockSupport.java:371)
        at java.base@21.0.8/java.util.concurrent.locks.AbstractQueuedSynchronizer$ConditionNode.block(AbstractQueuedSynchronizer.java:519)
        at java.base@21.0.8/java.util.concurrent.ForkJoinPool.unmanagedBlock(ForkJoinPool.java:3780)
        at java.base@21.0.8/java.util.concurrent.ForkJoinPool.managedBlock(ForkJoinPool.java:3725)
        at java.base@21.0.8/java.util.concurrent.locks.AbstractQueuedSynchronizer$ConditionObject.await(AbstractQueuedSynchronizer.java:1712)
        at java.base@21.0.8/java.util.concurrent.LinkedBlockingQueue.take(LinkedBlockingQueue.java:435)
        at java.base@21.0.8/java.util.concurrent.ThreadPoolExecutor.getTask(ThreadPoolExecutor.java:1070)
        at java.base@21.0.8/java.util.concurrent.ThreadPoolExecutor.runWorker(ThreadPoolExecutor.java:1130)
        at java.base@21.0.8/java.util.concurrent.ThreadPoolExecutor$Worker.run(ThreadPoolExecutor.java:642)
        at java.base@21.0.8/java.lang.Thread.runWith(Thread.java:1596)
        at java.base@21.0.8/java.lang.Thread.run(Thread.java:1583)
"bucketTable_FullTableCache-Cleanup-0" daemon prio=5 tid=1232 timed_waiting
java.lang.Thread.State: TIMED_WAITING
        at java.base@21.0.8/jdk.internal.misc.Unsafe.park(Native Method)
        at java.base@21.0.8/java.util.concurrent.locks.LockSupport.parkNanos(LockSupport.java:269)
        at java.base@21.0.8/java.util.concurrent.locks.AbstractQueuedSynchronizer$ConditionObject.awaitNanos(AbstractQueuedSynchronizer.java:1763)
        at java.base@21.0.8/java.util.concurrent.ScheduledThreadPoolExecutor$DelayedWorkQueue.take(ScheduledThreadPoolExecutor.java:1182)
        at java.base@21.0.8/java.util.concurrent.ScheduledThreadPoolExecutor$DelayedWorkQueue.take(ScheduledThreadPoolExecutor.java:899)
        at java.base@21.0.8/java.util.concurrent.ThreadPoolExecutor.getTask(ThreadPoolExecutor.java:1070)
        at java.base@21.0.8/java.util.concurrent.ThreadPoolExecutor.runWorker(ThreadPoolExecutor.java:1130)
        at java.base@21.0.8/java.util.concurrent.ThreadPoolExecutor$Worker.run(ThreadPoolExecutor.java:642)
        at java.base@21.0.8/java.lang.Thread.runWith(Thread.java:1596)
        at java.base@21.0.8/java.lang.Thread.run(Thread.java:1583)
"IPC Server handler 69 on default port 15004" daemon prio=5 tid=407 timed_waiting
java.lang.Thread.State: TIMED_WAITING
        at java.base@21.0.8/jdk.internal.misc.Unsafe.park(Native Method)
        at java.base@21.0.8/java.util.concurrent.locks.LockSupport.parkNanos(LockSupport.java:269)
        at java.base@21.0.8/java.util.concurrent.locks.AbstractQueuedSynchronizer$ConditionObject.awaitNanos(AbstractQueuedSynchronizer.java:1763)
        at java.base@21.0.8/java.util.concurrent.LinkedBlockingQueue.poll(LinkedBlockingQueue.java:460)
        at app//org.apache.hadoop.ipc.CallQueueManager.take(CallQueueManager.java:370)
        at app//org.apache.hadoop.ipc.Server$Handler.run(Server.java:3165)
"74afb32b-8e70-4799-b16c-dc9602d9dbb6-EndpointStateMachineTaskThread-/0.0.0.0:15004-0 "  prio=5 tid=1008 in Object.wait()
java.lang.Thread.State: WAITING (on object monitor)
        at java.base@21.0.8/jdk.internal.misc.Unsafe.park(Native Method)
        at java.base@21.0.8/java.util.concurrent.locks.LockSupport.park(LockSupport.java:371)
        at java.base@21.0.8/java.util.concurrent.locks.AbstractQueuedSynchronizer$ConditionNode.block(AbstractQueuedSynchronizer.java:519)
        at java.base@21.0.8/java.util.concurrent.ForkJoinPool.unmanagedBlock(ForkJoinPool.java:3780)
        at java.base@21.0.8/java.util.concurrent.ForkJoinPool.managedBlock(ForkJoinPool.java:3725)
        at java.base@21.0.8/java.util.concurrent.locks.AbstractQueuedSynchronizer$ConditionObject.await(AbstractQueuedSynchronizer.java:1712)
        at java.base@21.0.8/java.util.concurrent.LinkedBlockingQueue.take(LinkedBlockingQueue.java:435)
        at java.base@21.0.8/java.util.concurrent.ThreadPoolExecutor.getTask(ThreadPoolExecutor.java:1070)
        at java.base@21.0.8/java.util.concurrent.ThreadPoolExecutor.runWorker(ThreadPoolExecutor.java:1130)
        at java.base@21.0.8/java.util.concurrent.ThreadPoolExecutor$Worker.run(ThreadPoolExecutor.java:642)
        at java.base@21.0.8/java.lang.Thread.runWith(Thread.java:1596)
        at java.base@21.0.8/java.lang.Thread.run(Thread.java:1583)
"surefire-forkedjvm-stream-flusher" daemon prio=5 tid=23 timed_waiting
java.lang.Thread.State: TIMED_WAITING
        at java.base@21.0.8/jdk.internal.misc.Unsafe.park(Native Method)
        at java.base@21.0.8/java.util.concurrent.locks.LockSupport.parkNanos(LockSupport.java:269)
        at java.base@21.0.8/java.util.concurrent.locks.AbstractQueuedSynchronizer$ConditionObject.awaitNanos(AbstractQueuedSynchronizer.java:1763)
        at java.base@21.0.8/java.util.concurrent.ScheduledThreadPoolExecutor$DelayedWorkQueue.take(ScheduledThreadPoolExecutor.java:1182)
        at java.base@21.0.8/java.util.concurrent.ScheduledThreadPoolExecutor$DelayedWorkQueue.take(ScheduledThreadPoolExecutor.java:899)
        at java.base@21.0.8/java.util.concurrent.ThreadPoolExecutor.getTask(ThreadPoolExecutor.java:1070)
        at java.base@21.0.8/java.util.concurrent.ThreadPoolExecutor.runWorker(ThreadPoolExecutor.java:1130)
        at java.base@21.0.8/java.util.concurrent.ThreadPoolExecutor$Worker.run(ThreadPoolExecutor.java:642)
        at java.base@21.0.8/java.lang.Thread.runWith(Thread.java:1596)
        at java.base@21.0.8/java.lang.Thread.run(Thread.java:1583)
"7d2db622-5327-4122-ba03-be97b5575303-CloseContainerThread-2"  prio=5 tid=1315 in Object.wait()
java.lang.Thread.State: WAITING (on object monitor)
        at java.base@21.0.8/jdk.internal.misc.Unsafe.park(Native Method)
        at java.base@21.0.8/java.util.concurrent.locks.LockSupport.park(LockSupport.java:371)
        at java.base@21.0.8/java.util.concurrent.locks.AbstractQueuedSynchronizer$ConditionNode.block(AbstractQueuedSynchronizer.java:519)
        at java.base@21.0.8/java.util.concurrent.ForkJoinPool.unmanagedBlock(ForkJoinPool.java:3780)
        at java.base@21.0.8/java.util.concurrent.ForkJoinPool.managedBlock(ForkJoinPool.java:3725)
        at java.base@21.0.8/java.util.concurrent.locks.AbstractQueuedSynchronizer$ConditionObject.await(AbstractQueuedSynchronizer.java:1712)
        at java.base@21.0.8/java.util.concurrent.LinkedBlockingQueue.take(LinkedBlockingQueue.java:435)
        at java.base@21.0.8/java.util.concurrent.ThreadPoolExecutor.getTask(ThreadPoolExecutor.java:1070)
        at java.base@21.0.8/java.util.concurrent.ThreadPoolExecutor.runWorker(ThreadPoolExecutor.java:1130)
        at java.base@21.0.8/java.util.concurrent.ThreadPoolExecutor$Worker.run(ThreadPoolExecutor.java:642)
        at java.base@21.0.8/java.lang.Thread.runWith(Thread.java:1596)
        at java.base@21.0.8/java.lang.Thread.run(Thread.java:1583)
"Socket Reader #1 for port 15004" daemon prio=5 tid=62 runnable
java.lang.Thread.State: RUNNABLE
        at java.base@21.0.8/sun.nio.ch.EPoll.wait(Native Method)
        at java.base@21.0.8/sun.nio.ch.EPollSelectorImpl.doSelect(EPollSelectorImpl.java:121)
        at java.base@21.0.8/sun.nio.ch.SelectorImpl.lockAndDoSelect(SelectorImpl.java:130)
        at java.base@21.0.8/sun.nio.ch.SelectorImpl.select(SelectorImpl.java:147)
        at app//org.apache.hadoop.ipc.Server$Listener$Reader.doRunLoop(Server.java:1497)
        at app//org.apache.hadoop.ipc.Server$Listener$Reader.run(Server.java:1476)
"Socket Reader #1 for port 15037" daemon prio=5 tid=851 runnable
java.lang.Thread.State: RUNNABLE
        at java.base@21.0.8/sun.nio.ch.EPoll.wait(Native Method)
        at java.base@21.0.8/sun.nio.ch.EPollSelectorImpl.doSelect(EPollSelectorImpl.java:121)
        at java.base@21.0.8/sun.nio.ch.SelectorImpl.lockAndDoSelect(SelectorImpl.java:130)
        at java.base@21.0.8/sun.nio.ch.SelectorImpl.select(SelectorImpl.java:147)
        at app//org.apache.hadoop.ipc.Server$Listener$Reader.doRunLoop(Server.java:1497)
        at app//org.apache.hadoop.ipc.Server$Listener$Reader.run(Server.java:1476)
"om1-DirectoryDeletingService#2" daemon prio=5 tid=479 in Object.wait()
java.lang.Thread.State: WAITING (on object monitor)
        at java.base@21.0.8/jdk.internal.misc.Unsafe.park(Native Method)
        at java.base@21.0.8/java.util.concurrent.locks.LockSupport.park(LockSupport.java:371)
        at java.base@21.0.8/java.util.concurrent.locks.AbstractQueuedSynchronizer$ConditionNode.block(AbstractQueuedSynchronizer.java:519)
        at java.base@21.0.8/java.util.concurrent.ForkJoinPool.unmanagedBlock(ForkJoinPool.java:3780)
        at java.base@21.0.8/java.util.concurrent.ForkJoinPool.managedBlock(ForkJoinPool.java:3725)
        at java.base@21.0.8/java.util.concurrent.locks.AbstractQueuedSynchronizer$ConditionObject.await(AbstractQueuedSynchronizer.java:1712)
        at java.base@21.0.8/java.util.concurrent.ScheduledThreadPoolExecutor$DelayedWorkQueue.take(ScheduledThreadPoolExecutor.java:1177)
        at java.base@21.0.8/java.util.concurrent.ScheduledThreadPoolExecutor$DelayedWorkQueue.take(ScheduledThreadPoolExecutor.java:899)
        at java.base@21.0.8/java.util.concurrent.ThreadPoolExecutor.getTask(ThreadPoolExecutor.java:1070)
        at java.base@21.0.8/java.util.concurrent.ThreadPoolExecutor.runWorker(ThreadPoolExecutor.java:1130)
        at java.base@21.0.8/java.util.concurrent.ThreadPoolExecutor$Worker.run(ThreadPoolExecutor.java:642)
        at java.base@21.0.8/java.lang.Thread.runWith(Thread.java:1596)
        at java.base@21.0.8/java.lang.Thread.run(Thread.java:1583)
"74afb32b-8e70-4799-b16c-dc9602d9dbb6@group-F9E79CCFDB91-StateMachineUpdater" daemon prio=5 tid=1044 timed_waiting
java.lang.Thread.State: TIMED_WAITING
        at java.base@21.0.8/jdk.internal.misc.Unsafe.park(Native Method)
        at java.base@21.0.8/java.util.concurrent.locks.LockSupport.parkNanos(LockSupport.java:269)
        at java.base@21.0.8/java.util.concurrent.locks.AbstractQueuedSynchronizer$ConditionObject.await(AbstractQueuedSynchronizer.java:1852)
        at app//org.apache.ratis.util.AwaitForSignal.await(AwaitForSignal.java:65)
        at app//org.apache.ratis.server.impl.StateMachineUpdater.waitForCommit(StateMachineUpdater.java:222)
        at app//org.apache.ratis.server.impl.StateMachineUpdater.run(StateMachineUpdater.java:187)
        at java.base@21.0.8/java.lang.Thread.runWith(Thread.java:1596)
        at java.base@21.0.8/java.lang.Thread.run(Thread.java:1583)
"Socket Reader #9 for port 15029" daemon prio=5 tid=782 runnable
java.lang.Thread.State: RUNNABLE
        at java.base@21.0.8/sun.nio.ch.EPoll.wait(Native Method)
        at java.base@21.0.8/sun.nio.ch.EPollSelectorImpl.doSelect(EPollSelectorImpl.java:121)
        at java.base@21.0.8/sun.nio.ch.SelectorImpl.lockAndDoSelect(SelectorImpl.java:130)
        at java.base@21.0.8/sun.nio.ch.SelectorImpl.select(SelectorImpl.java:147)
        at app//org.apache.hadoop.ipc.Server$Listener$Reader.doRunLoop(Server.java:1497)
        at app//org.apache.hadoop.ipc.Server$Listener$Reader.run(Server.java:1476)
"IPC Server handler 32 on default port 15004" daemon prio=5 tid=370 timed_waiting
java.lang.Thread.State: TIMED_WAITING
        at java.base@21.0.8/jdk.internal.misc.Unsafe.park(Native Method)
        at java.base@21.0.8/java.util.concurrent.locks.LockSupport.parkNanos(LockSupport.java:269)
        at java.base@21.0.8/java.util.concurrent.locks.AbstractQueuedSynchronizer$ConditionObject.awaitNanos(AbstractQueuedSynchronizer.java:1763)
        at java.base@21.0.8/java.util.concurrent.LinkedBlockingQueue.poll(LinkedBlockingQueue.java:460)
        at app//org.apache.hadoop.ipc.CallQueueManager.take(CallQueueManager.java:370)
        at app//org.apache.hadoop.ipc.Server$Handler.run(Server.java:3165)
"IPC Server handler 16 on default port 15008" daemon prio=5 tid=508 timed_waiting
java.lang.Thread.State: TIMED_WAITING
        at java.base@21.0.8/jdk.internal.misc.Unsafe.park(Native Method)
        at java.base@21.0.8/java.util.concurrent.locks.LockSupport.parkNanos(LockSupport.java:269)
        at java.base@21.0.8/java.util.concurrent.locks.AbstractQueuedSynchronizer$ConditionObject.awaitNanos(AbstractQueuedSynchronizer.java:1763)
        at java.base@21.0.8/java.util.concurrent.LinkedBlockingQueue.poll(LinkedBlockingQueue.java:460)
        at app//org.apache.hadoop.ipc.CallQueueManager.take(CallQueueManager.java:370)
        at app//org.apache.hadoop.ipc.Server$Handler.run(Server.java:3165)
"org.apache.hadoop.ozone.container.common.statemachine.commandhandler.DeleteBlocksCommandHandler$DeleteCmdWorker@1041f176" daemon prio=5 tid=815 timed_waiting
java.lang.Thread.State: TIMED_WAITING
        at java.base@21.0.8/java.lang.Thread.sleep0(Native Method)
        at java.base@21.0.8/java.lang.Thread.sleep(Thread.java:509)
        at app//org.apache.hadoop.ozone.container.common.statemachine.commandhandler.DeleteBlocksCommandHandler$DeleteCmdWorker.run(DeleteBlocksCommandHandler.java:260)
        at java.base@21.0.8/java.lang.Thread.runWith(Thread.java:1596)
        at java.base@21.0.8/java.lang.Thread.run(Thread.java:1583)
"IPC Server handler 98 on default port 15002" daemon prio=5 tid=218 timed_waiting
java.lang.Thread.State: TIMED_WAITING
        at java.base@21.0.8/jdk.internal.misc.Unsafe.park(Native Method)
        at java.base@21.0.8/java.util.concurrent.locks.LockSupport.parkNanos(LockSupport.java:269)
        at java.base@21.0.8/java.util.concurrent.locks.AbstractQueuedSynchronizer$ConditionObject.awaitNanos(AbstractQueuedSynchronizer.java:1763)
        at java.base@21.0.8/java.util.concurrent.LinkedBlockingQueue.poll(LinkedBlockingQueue.java:460)
        at app//org.apache.hadoop.ipc.CallQueueManager.take(CallQueueManager.java:370)
        at app//org.apache.hadoop.ipc.Server$Handler.run(Server.java:3165)
"IPC Server handler 55 on default port 15004" daemon prio=5 tid=393 timed_waiting
java.lang.Thread.State: TIMED_WAITING
        at java.base@21.0.8/jdk.internal.misc.Unsafe.park(Native Method)
        at java.base@21.0.8/java.util.concurrent.locks.LockSupport.parkNanos(LockSupport.java:269)
        at java.base@21.0.8/java.util.concurrent.locks.AbstractQueuedSynchronizer$ConditionObject.awaitNanos(AbstractQueuedSynchronizer.java:1763)
        at java.base@21.0.8/java.util.concurrent.LinkedBlockingQueue.poll(LinkedBlockingQueue.java:460)
        at app//org.apache.hadoop.ipc.CallQueueManager.take(CallQueueManager.java:370)
        at app//org.apache.hadoop.ipc.Server$Handler.run(Server.java:3165)
"IPC Server handler 33 on default port 15002" daemon prio=5 tid=153 timed_waiting
java.lang.Thread.State: TIMED_WAITING
        at java.base@21.0.8/jdk.internal.misc.Unsafe.park(Native Method)
        at java.base@21.0.8/java.util.concurrent.locks.LockSupport.parkNanos(LockSupport.java:269)
        at java.base@21.0.8/java.util.concurrent.locks.AbstractQueuedSynchronizer$ConditionObject.awaitNanos(AbstractQueuedSynchronizer.java:1763)
        at java.base@21.0.8/java.util.concurrent.LinkedBlockingQueue.poll(LinkedBlockingQueue.java:460)
        at app//org.apache.hadoop.ipc.CallQueueManager.take(CallQueueManager.java:370)
        at app//org.apache.hadoop.ipc.Server$Handler.run(Server.java:3165)
"IPC Server handler 38 on default port 15003" daemon prio=5 tid=258 timed_waiting
java.lang.Thread.State: TIMED_WAITING
        at java.base@21.0.8/jdk.internal.misc.Unsafe.park(Native Method)
        at java.base@21.0.8/java.util.concurrent.locks.LockSupport.parkNanos(LockSupport.java:269)
        at java.base@21.0.8/java.util.concurrent.locks.AbstractQueuedSynchronizer$ConditionObject.awaitNanos(AbstractQueuedSynchronizer.java:1763)
        at java.base@21.0.8/java.util.concurrent.LinkedBlockingQueue.poll(LinkedBlockingQueue.java:460)
        at app//org.apache.hadoop.ipc.CallQueueManager.take(CallQueueManager.java:370)
        at app//org.apache.hadoop.ipc.Server$Handler.run(Server.java:3165)
"IPC Server handler 9 on default port 15029" daemon prio=5 tid=796 timed_waiting
java.lang.Thread.State: TIMED_WAITING
        at java.base@21.0.8/jdk.internal.misc.Unsafe.park(Native Method)
        at java.base@21.0.8/java.util.concurrent.locks.LockSupport.parkNanos(LockSupport.java:269)
        at java.base@21.0.8/java.util.concurrent.locks.AbstractQueuedSynchronizer$ConditionObject.awaitNanos(AbstractQueuedSynchronizer.java:1763)
        at java.base@21.0.8/java.util.concurrent.LinkedBlockingQueue.poll(LinkedBlockingQueue.java:460)
        at app//org.apache.hadoop.ipc.CallQueueManager.take(CallQueueManager.java:370)
        at app//org.apache.hadoop.ipc.Server$Handler.run(Server.java:3165)
"Session-HouseKeeper-6be2983b-1"  prio=5 tid=552 timed_waiting
java.lang.Thread.State: TIMED_WAITING
        at java.base@21.0.8/jdk.internal.misc.Unsafe.park(Native Method)
        at java.base@21.0.8/java.util.concurrent.locks.LockSupport.parkNanos(LockSupport.java:269)
        at java.base@21.0.8/java.util.concurrent.locks.AbstractQueuedSynchronizer$ConditionObject.awaitNanos(AbstractQueuedSynchronizer.java:1763)
        at java.base@21.0.8/java.util.concurrent.ScheduledThreadPoolExecutor$DelayedWorkQueue.take(ScheduledThreadPoolExecutor.java:1182)
        at java.base@21.0.8/java.util.concurrent.ScheduledThreadPoolExecutor$DelayedWorkQueue.take(ScheduledThreadPoolExecutor.java:899)
        at java.base@21.0.8/java.util.concurrent.ThreadPoolExecutor.getTask(ThreadPoolExecutor.java:1070)
        at java.base@21.0.8/java.util.concurrent.ThreadPoolExecutor.runWorker(ThreadPoolExecutor.java:1130)
        at java.base@21.0.8/java.util.concurrent.ThreadPoolExecutor$Worker.run(ThreadPoolExecutor.java:642)
        at java.base@21.0.8/java.lang.Thread.runWith(Thread.java:1596)
        at java.base@21.0.8/java.lang.Thread.run(Thread.java:1583)
"c11f8a16-55ee-4f22-a5a5-7daf2dffa753-BlockDeletingService#0" daemon prio=5 tid=899 timed_waiting
java.lang.Thread.State: TIMED_WAITING
        at java.base@21.0.8/jdk.internal.misc.Unsafe.park(Native Method)
        at java.base@21.0.8/java.util.concurrent.locks.LockSupport.parkNanos(LockSupport.java:269)
        at java.base@21.0.8/java.util.concurrent.locks.AbstractQueuedSynchronizer$ConditionObject.awaitNanos(AbstractQueuedSynchronizer.java:1763)
        at java.base@21.0.8/java.util.concurrent.ScheduledThreadPoolExecutor$DelayedWorkQueue.take(ScheduledThreadPoolExecutor.java:1182)
        at java.base@21.0.8/java.util.concurrent.ScheduledThreadPoolExecutor$DelayedWorkQueue.take(ScheduledThreadPoolExecutor.java:899)
        at java.base@21.0.8/java.util.concurrent.ThreadPoolExecutor.getTask(ThreadPoolExecutor.java:1070)
        at java.base@21.0.8/java.util.concurrent.ThreadPoolExecutor.runWorker(ThreadPoolExecutor.java:1130)
        at java.base@21.0.8/java.util.concurrent.ThreadPoolExecutor$Worker.run(ThreadPoolExecutor.java:642)
        at java.base@21.0.8/java.lang.Thread.runWith(Thread.java:1596)
        at java.base@21.0.8/java.lang.Thread.run(Thread.java:1583)
"Socket Reader #2 for port 15037" daemon prio=5 tid=852 runnable
java.lang.Thread.State: RUNNABLE
        at java.base@21.0.8/sun.nio.ch.EPoll.wait(Native Method)
        at java.base@21.0.8/sun.nio.ch.EPollSelectorImpl.doSelect(EPollSelectorImpl.java:121)
        at java.base@21.0.8/sun.nio.ch.SelectorImpl.lockAndDoSelect(SelectorImpl.java:130)
        at java.base@21.0.8/sun.nio.ch.SelectorImpl.select(SelectorImpl.java:147)
        at app//org.apache.hadoop.ipc.Server$Listener$Reader.doRunLoop(Server.java:1497)
        at app//org.apache.hadoop.ipc.Server$Listener$Reader.run(Server.java:1476)
"04372c61-9371-4ab6-9533-e94413dada7c-client-thread1"  prio=5 tid=979 timed_waiting
java.lang.Thread.State: TIMED_WAITING
        at java.base@21.0.8/jdk.internal.misc.Unsafe.park(Native Method)
        at java.base@21.0.8/java.util.concurrent.locks.LockSupport.parkNanos(LockSupport.java:410)
        at java.base@21.0.8/java.util.concurrent.LinkedTransferQueue$DualNode.await(LinkedTransferQueue.java:452)
        at java.base@21.0.8/java.util.concurrent.SynchronousQueue$Transferer.xferLifo(SynchronousQueue.java:194)
        at java.base@21.0.8/java.util.concurrent.SynchronousQueue.xfer(SynchronousQueue.java:235)
        at java.base@21.0.8/java.util.concurrent.SynchronousQueue.poll(SynchronousQueue.java:338)
        at java.base@21.0.8/java.util.concurrent.ThreadPoolExecutor.getTask(ThreadPoolExecutor.java:1069)
        at java.base@21.0.8/java.util.concurrent.ThreadPoolExecutor.runWorker(ThreadPoolExecutor.java:1130)
        at java.base@21.0.8/java.util.concurrent.ThreadPoolExecutor$Worker.run(ThreadPoolExecutor.java:642)
        at java.base@21.0.8/java.lang.Thread.runWith(Thread.java:1596)
        at java.base@21.0.8/java.lang.Thread.run(Thread.java:1583)
"Socket Reader #9 for port 15021" daemon prio=5 tid=736 runnable
java.lang.Thread.State: RUNNABLE
        at java.base@21.0.8/sun.nio.ch.EPoll.wait(Native Method)
        at java.base@21.0.8/sun.nio.ch.EPollSelectorImpl.doSelect(EPollSelectorImpl.java:121)
        at java.base@21.0.8/sun.nio.ch.SelectorImpl.lockAndDoSelect(SelectorImpl.java:130)
        at java.base@21.0.8/sun.nio.ch.SelectorImpl.select(SelectorImpl.java:147)
        at app//org.apache.hadoop.ipc.Server$Listener$Reader.doRunLoop(Server.java:1497)
        at app//org.apache.hadoop.ipc.Server$Listener$Reader.run(Server.java:1476)
"IPC Server handler 68 on default port 15003" daemon prio=5 tid=288 timed_waiting
java.lang.Thread.State: TIMED_WAITING
        at java.base@21.0.8/jdk.internal.misc.Unsafe.park(Native Method)
        at java.base@21.0.8/java.util.concurrent.locks.LockSupport.parkNanos(LockSupport.java:269)
        at java.base@21.0.8/java.util.concurrent.locks.AbstractQueuedSynchronizer$ConditionObject.awaitNanos(AbstractQueuedSynchronizer.java:1763)
        at java.base@21.0.8/java.util.concurrent.LinkedBlockingQueue.poll(LinkedBlockingQueue.java:460)
        at app//org.apache.hadoop.ipc.CallQueueManager.take(CallQueueManager.java:370)
        at app//org.apache.hadoop.ipc.Server$Handler.run(Server.java:3165)
"FixedThreadPoolWithAffinityExecutor-5-0" daemon prio=5 tid=108 timed_waiting
java.lang.Thread.State: TIMED_WAITING
        at java.base@21.0.8/jdk.internal.misc.Unsafe.park(Native Method)
        at java.base@21.0.8/java.util.concurrent.locks.LockSupport.parkNanos(LockSupport.java:269)
        at java.base@21.0.8/java.util.concurrent.locks.AbstractQueuedSynchronizer$ConditionObject.awaitNanos(AbstractQueuedSynchronizer.java:1763)
        at java.base@21.0.8/java.util.concurrent.LinkedBlockingQueue.poll(LinkedBlockingQueue.java:460)
        at app//org.apache.hadoop.hdds.scm.server.ContainerReportQueue.poll(ContainerReportQueue.java:269)
        at app//org.apache.hadoop.hdds.scm.server.ContainerReportQueue.poll(ContainerReportQueue.java:42)
        at app//org.apache.hadoop.hdds.server.events.FixedThreadPoolWithAffinityExecutor$ContainerReportProcessTask.run(FixedThreadPoolWithAffinityExecutor.java:228)
        at java.base@21.0.8/java.util.concurrent.Executors$RunnableAdapter.call(Executors.java:572)
        at java.base@21.0.8/java.util.concurrent.FutureTask.run(FutureTask.java:317)
        at java.base@21.0.8/java.util.concurrent.ThreadPoolExecutor.runWorker(ThreadPoolExecutor.java:1144)
        at java.base@21.0.8/java.util.concurrent.ThreadPoolExecutor$Worker.run(ThreadPoolExecutor.java:642)
        at java.base@21.0.8/java.lang.Thread.runWith(Thread.java:1596)
        at java.base@21.0.8/java.lang.Thread.run(Thread.java:1583)
"Keep-Alive-Timer" daemon prio=8 tid=1157 timed_waiting
java.lang.Thread.State: TIMED_WAITING
        at java.base@21.0.8/java.lang.Thread.sleep0(Native Method)
        at java.base@21.0.8/java.lang.Thread.sleep(Thread.java:509)
        at java.base@21.0.8/sun.net.www.http.KeepAliveCache.run(KeepAliveCache.java:238)
        at java.base@21.0.8/java.lang.Thread.runWith(Thread.java:1596)
        at java.base@21.0.8/java.lang.Thread.run(Thread.java:1583)
        at java.base@21.0.8/jdk.internal.misc.InnocuousThread.run(InnocuousThread.java:186)
"IPC Parameter Sending Thread for localhost/127.0.0.1:15001" daemon prio=5 tid=811 timed_waiting
java.lang.Thread.State: TIMED_WAITING
        at java.base@21.0.8/jdk.internal.misc.Unsafe.park(Native Method)
        at java.base@21.0.8/java.util.concurrent.locks.LockSupport.parkNanos(LockSupport.java:410)
        at java.base@21.0.8/java.util.concurrent.LinkedTransferQueue$DualNode.await(LinkedTransferQueue.java:452)
        at java.base@21.0.8/java.util.concurrent.LinkedTransferQueue.xfer(LinkedTransferQueue.java:613)
        at java.base@21.0.8/java.util.concurrent.SynchronousQueue.xfer(SynchronousQueue.java:235)
        at java.base@21.0.8/java.util.concurrent.SynchronousQueue.poll(SynchronousQueue.java:338)
        at app//org.apache.hadoop.ipc.Client$Connection$RpcRequestSender.run(Client.java:1121)
        at java.base@21.0.8/java.lang.Thread.runWith(Thread.java:1596)
        at java.base@21.0.8/java.lang.Thread.run(Thread.java:1583)
"IPC Server handler 8 on default port 15001" daemon prio=5 tid=566 timed_waiting
java.lang.Thread.State: TIMED_WAITING
        at java.base@21.0.8/jdk.internal.misc.Unsafe.park(Native Method)
        at java.base@21.0.8/java.util.concurrent.locks.LockSupport.parkNanos(LockSupport.java:269)
        at java.base@21.0.8/java.util.concurrent.locks.AbstractQueuedSynchronizer$ConditionObject.awaitNanos(AbstractQueuedSynchronizer.java:1763)
        at java.base@21.0.8/java.util.concurrent.LinkedBlockingQueue.poll(LinkedBlockingQueue.java:460)
        at app//org.apache.hadoop.ipc.CallQueueManager.take(CallQueueManager.java:370)
        at app//org.apache.hadoop.ipc.Server$Handler.run(Server.java:3165)
"JvmPauseMonitor7" daemon prio=5 tid=997 timed_waiting
java.lang.Thread.State: TIMED_WAITING
        at java.base@21.0.8/java.lang.Thread.sleep0(Native Method)
        at java.base@21.0.8/java.lang.Thread.sleep(Thread.java:558)
        at java.base@21.0.8/java.util.concurrent.TimeUnit.sleep(TimeUnit.java:446)
        at app//org.apache.ratis.util.TimeDuration.sleep(TimeDuration.java:353)
        at app//org.apache.ratis.util.TimeDuration.sleep(TimeDuration.java:338)
        at app//org.apache.ratis.util.JvmPauseMonitor.detectPause(JvmPauseMonitor.java:160)
        at app//org.apache.ratis.util.JvmPauseMonitor.run(JvmPauseMonitor.java:149)
        at app//org.apache.ratis.util.JvmPauseMonitor$$Lambda/0x00007f9d6c3ae540.run(Unknown Source)
        at java.base@21.0.8/java.lang.Thread.runWith(Thread.java:1596)
        at java.base@21.0.8/java.lang.Thread.run(Thread.java:1583)
"IPC Server handler 53 on default port 15002" daemon prio=5 tid=173 timed_waiting
java.lang.Thread.State: TIMED_WAITING
        at java.base@21.0.8/jdk.internal.misc.Unsafe.park(Native Method)
        at java.base@21.0.8/java.util.concurrent.locks.LockSupport.parkNanos(LockSupport.java:269)
        at java.base@21.0.8/java.util.concurrent.locks.AbstractQueuedSynchronizer$ConditionObject.awaitNanos(AbstractQueuedSynchronizer.java:1763)
        at java.base@21.0.8/java.util.concurrent.LinkedBlockingQueue.poll(LinkedBlockingQueue.java:460)
        at app//org.apache.hadoop.ipc.CallQueueManager.take(CallQueueManager.java:370)
        at app//org.apache.hadoop.ipc.Server$Handler.run(Server.java:3165)
"IPC Server handler 7 on default port 15037" daemon prio=5 tid=871 timed_waiting
java.lang.Thread.State: TIMED_WAITING
        at java.base@21.0.8/jdk.internal.misc.Unsafe.park(Native Method)
        at java.base@21.0.8/java.util.concurrent.locks.LockSupport.parkNanos(LockSupport.java:269)
        at java.base@21.0.8/java.util.concurrent.locks.AbstractQueuedSynchronizer$ConditionObject.awaitNanos(AbstractQueuedSynchronizer.java:1763)
        at java.base@21.0.8/java.util.concurrent.LinkedBlockingQueue.poll(LinkedBlockingQueue.java:460)
        at app//org.apache.hadoop.ipc.CallQueueManager.take(CallQueueManager.java:370)
        at app//org.apache.hadoop.ipc.Server$Handler.run(Server.java:3165)
"Socket Reader #3 for port 15045" daemon prio=5 tid=923 runnable
java.lang.Thread.State: RUNNABLE
        at java.base@21.0.8/sun.nio.ch.EPoll.wait(Native Method)
        at java.base@21.0.8/sun.nio.ch.EPollSelectorImpl.doSelect(EPollSelectorImpl.java:121)
        at java.base@21.0.8/sun.nio.ch.SelectorImpl.lockAndDoSelect(SelectorImpl.java:130)
        at java.base@21.0.8/sun.nio.ch.SelectorImpl.select(SelectorImpl.java:147)
        at app//org.apache.hadoop.ipc.Server$Listener$Reader.doRunLoop(Server.java:1497)
        at app//org.apache.hadoop.ipc.Server$Listener$Reader.run(Server.java:1476)
"IPC Server handler 31 on default port 15003" daemon prio=5 tid=251 timed_waiting
java.lang.Thread.State: TIMED_WAITING
        at java.base@21.0.8/jdk.internal.misc.Unsafe.park(Native Method)
        at java.base@21.0.8/java.util.concurrent.locks.LockSupport.parkNanos(LockSupport.java:269)
        at java.base@21.0.8/java.util.concurrent.locks.AbstractQueuedSynchronizer$ConditionObject.awaitNanos(AbstractQueuedSynchronizer.java:1763)
        at java.base@21.0.8/java.util.concurrent.LinkedBlockingQueue.poll(LinkedBlockingQueue.java:460)
        at app//org.apache.hadoop.ipc.CallQueueManager.take(CallQueueManager.java:370)
        at app//org.apache.hadoop.ipc.Server$Handler.run(Server.java:3165)
"IPC Server handler 95 on default port 15004" daemon prio=5 tid=433 timed_waiting
java.lang.Thread.State: TIMED_WAITING
        at java.base@21.0.8/jdk.internal.misc.Unsafe.park(Native Method)
        at java.base@21.0.8/java.util.concurrent.locks.LockSupport.parkNanos(LockSupport.java:269)
        at java.base@21.0.8/java.util.concurrent.locks.AbstractQueuedSynchronizer$ConditionObject.awaitNanos(AbstractQueuedSynchronizer.java:1763)
        at java.base@21.0.8/java.util.concurrent.LinkedBlockingQueue.poll(LinkedBlockingQueue.java:460)
        at app//org.apache.hadoop.ipc.CallQueueManager.take(CallQueueManager.java:370)
        at app//org.apache.hadoop.ipc.Server$Handler.run(Server.java:3165)
"c11f8a16-55ee-4f22-a5a5-7daf2dffa753@group-5472C7309C8C-StateMachineUpdater" daemon prio=5 tid=1057 timed_waiting
java.lang.Thread.State: TIMED_WAITING
        at java.base@21.0.8/jdk.internal.misc.Unsafe.park(Native Method)
        at java.base@21.0.8/java.util.concurrent.locks.LockSupport.parkNanos(LockSupport.java:269)
        at java.base@21.0.8/java.util.concurrent.locks.AbstractQueuedSynchronizer$ConditionObject.await(AbstractQueuedSynchronizer.java:1852)
        at app//org.apache.ratis.util.AwaitForSignal.await(AwaitForSignal.java:65)
        at app//org.apache.ratis.server.impl.StateMachineUpdater.waitForCommit(StateMachineUpdater.java:222)
        at app//org.apache.ratis.server.impl.StateMachineUpdater.run(StateMachineUpdater.java:187)
        at java.base@21.0.8/java.lang.Thread.runWith(Thread.java:1596)
        at java.base@21.0.8/java.lang.Thread.run(Thread.java:1583)
"7d2db622-5327-4122-ba03-be97b5575303@group-79D92D5C683F-SegmentedRaftLogWorker" daemon prio=5 tid=1083 timed_waiting
java.lang.Thread.State: TIMED_WAITING
        at java.base@21.0.8/jdk.internal.misc.Unsafe.park(Native Method)
        at java.base@21.0.8/java.util.concurrent.locks.LockSupport.parkNanos(LockSupport.java:269)
        at java.base@21.0.8/java.util.concurrent.locks.AbstractQueuedSynchronizer$ConditionObject.awaitNanos(AbstractQueuedSynchronizer.java:1763)
        at app//org.apache.ratis.util.DataBlockingQueue.poll(DataBlockingQueue.java:148)
        at app//org.apache.ratis.server.raftlog.segmented.SegmentedRaftLogWorker.run(SegmentedRaftLogWorker.java:309)
        at app//org.apache.ratis.server.raftlog.segmented.SegmentedRaftLogWorker$$Lambda/0x00007f9d6c3946c0.run(Unknown Source)
        at java.base@21.0.8/java.util.concurrent.Executors$RunnableAdapter.call(Executors.java:572)
        at java.base@21.0.8/java.util.concurrent.FutureTask.run(FutureTask.java:317)
        at java.base@21.0.8/java.util.concurrent.ThreadPoolExecutor.runWorker(ThreadPoolExecutor.java:1144)
        at java.base@21.0.8/java.util.concurrent.ThreadPoolExecutor$Worker.run(ThreadPoolExecutor.java:642)
        at java.base@21.0.8/java.lang.Thread.runWith(Thread.java:1596)
        at java.base@21.0.8/java.lang.Thread.run(Thread.java:1583)
"SSL Certificates Store Monitor" daemon prio=5 tid=1360 terminated
java.lang.Thread.State: TERMINATED
        at java.base@21.0.8/java.lang.Object.wait0(Native Method)
        at java.base@21.0.8/java.lang.Object.wait(Object.java:366)
        at java.base@21.0.8/java.lang.Object.wait(Object.java:339)
        at java.base@21.0.8/java.util.TimerThread.mainLoop(Timer.java:537)
        at java.base@21.0.8/java.util.TimerThread.run(Timer.java:516)
"qtp1782170617-821" daemon prio=5 tid=821 timed_waiting
java.lang.Thread.State: TIMED_WAITING
        at java.base@21.0.8/jdk.internal.misc.Unsafe.park(Native Method)
        at java.base@21.0.8/java.util.concurrent.locks.LockSupport.parkNanos(LockSupport.java:269)
        at java.base@21.0.8/java.util.concurrent.locks.AbstractQueuedSynchronizer$ConditionObject.awaitNanos(AbstractQueuedSynchronizer.java:1763)
        at app//org.eclipse.jetty.util.BlockingArrayQueue.poll(BlockingArrayQueue.java:382)
        at app//org.eclipse.jetty.util.thread.QueuedThreadPool$Runner.idleJobPoll(QueuedThreadPool.java:974)
        at app//org.eclipse.jetty.util.thread.QueuedThreadPool$Runner.run(QueuedThreadPool.java:1018)
        at java.base@21.0.8/java.lang.Thread.runWith(Thread.java:1596)
        at java.base@21.0.8/java.lang.Thread.run(Thread.java:1583)
"IPC Server handler 90 on default port 15002" daemon prio=5 tid=210 timed_waiting
java.lang.Thread.State: TIMED_WAITING
        at java.base@21.0.8/jdk.internal.misc.Unsafe.park(Native Method)
        at java.base@21.0.8/java.util.concurrent.locks.LockSupport.parkNanos(LockSupport.java:269)
        at java.base@21.0.8/java.util.concurrent.locks.AbstractQueuedSynchronizer$ConditionObject.awaitNanos(AbstractQueuedSynchronizer.java:1763)
        at java.base@21.0.8/java.util.concurrent.LinkedBlockingQueue.poll(LinkedBlockingQueue.java:460)
        at app//org.apache.hadoop.ipc.CallQueueManager.take(CallQueueManager.java:370)
        at app//org.apache.hadoop.ipc.Server$Handler.run(Server.java:3165)
"04372c61-9371-4ab6-9533-e94413dada7c-groupManagement" daemon prio=5 tid=52 in Object.wait()
java.lang.Thread.State: WAITING (on object monitor)
        at java.base@21.0.8/jdk.internal.misc.Unsafe.park(Native Method)
        at java.base@21.0.8/java.util.concurrent.locks.LockSupport.park(LockSupport.java:371)
        at java.base@21.0.8/java.util.concurrent.locks.AbstractQueuedSynchronizer$ConditionNode.block(AbstractQueuedSynchronizer.java:519)
        at java.base@21.0.8/java.util.concurrent.ForkJoinPool.unmanagedBlock(ForkJoinPool.java:3780)
        at java.base@21.0.8/java.util.concurrent.ForkJoinPool.managedBlock(ForkJoinPool.java:3725)
        at java.base@21.0.8/java.util.concurrent.locks.AbstractQueuedSynchronizer$ConditionObject.await(AbstractQueuedSynchronizer.java:1712)
        at java.base@21.0.8/java.util.concurrent.LinkedBlockingQueue.take(LinkedBlockingQueue.java:435)
        at java.base@21.0.8/java.util.concurrent.ThreadPoolExecutor.getTask(ThreadPoolExecutor.java:1070)
        at java.base@21.0.8/java.util.concurrent.ThreadPoolExecutor.runWorker(ThreadPoolExecutor.java:1130)
        at java.base@21.0.8/java.util.concurrent.ThreadPoolExecutor$Worker.run(ThreadPoolExecutor.java:642)
        at java.base@21.0.8/java.lang.Thread.runWith(Thread.java:1596)
        at java.base@21.0.8/java.lang.Thread.run(Thread.java:1583)
"IPC Server handler 1 on default port 15003" daemon prio=5 tid=221 timed_waiting
java.lang.Thread.State: TIMED_WAITING
        at java.base@21.0.8/jdk.internal.misc.Unsafe.park(Native Method)
        at java.base@21.0.8/java.util.concurrent.locks.LockSupport.parkNanos(LockSupport.java:269)
        at java.base@21.0.8/java.util.concurrent.locks.AbstractQueuedSynchronizer$ConditionObject.awaitNanos(AbstractQueuedSynchronizer.java:1763)
        at java.base@21.0.8/java.util.concurrent.LinkedBlockingQueue.poll(LinkedBlockingQueue.java:460)
        at app//org.apache.hadoop.ipc.CallQueueManager.take(CallQueueManager.java:370)
        at app//org.apache.hadoop.ipc.Server$Handler.run(Server.java:3165)
"Socket Reader #8 for port 15021" daemon prio=5 tid=735 runnable
java.lang.Thread.State: RUNNABLE
        at java.base@21.0.8/sun.nio.ch.EPoll.wait(Native Method)
        at java.base@21.0.8/sun.nio.ch.EPollSelectorImpl.doSelect(EPollSelectorImpl.java:121)
        at java.base@21.0.8/sun.nio.ch.SelectorImpl.lockAndDoSelect(SelectorImpl.java:130)
        at java.base@21.0.8/sun.nio.ch.SelectorImpl.select(SelectorImpl.java:147)
        at app//org.apache.hadoop.ipc.Server$Listener$Reader.doRunLoop(Server.java:1497)
        at app//org.apache.hadoop.ipc.Server$Listener$Reader.run(Server.java:1476)
"om1-OpenKeyCleanupService#0" daemon prio=5 tid=476 timed_waiting
java.lang.Thread.State: TIMED_WAITING
        at java.base@21.0.8/jdk.internal.misc.Unsafe.park(Native Method)
        at java.base@21.0.8/java.util.concurrent.locks.LockSupport.parkNanos(LockSupport.java:269)
        at java.base@21.0.8/java.util.concurrent.locks.AbstractQueuedSynchronizer$ConditionObject.awaitNanos(AbstractQueuedSynchronizer.java:1763)
        at java.base@21.0.8/java.util.concurrent.ScheduledThreadPoolExecutor$DelayedWorkQueue.take(ScheduledThreadPoolExecutor.java:1182)
        at java.base@21.0.8/java.util.concurrent.ScheduledThreadPoolExecutor$DelayedWorkQueue.take(ScheduledThreadPoolExecutor.java:899)
        at java.base@21.0.8/java.util.concurrent.ThreadPoolExecutor.getTask(ThreadPoolExecutor.java:1070)
        at java.base@21.0.8/java.util.concurrent.ThreadPoolExecutor.runWorker(ThreadPoolExecutor.java:1130)
        at java.base@21.0.8/java.util.concurrent.ThreadPoolExecutor$Worker.run(ThreadPoolExecutor.java:642)
        at java.base@21.0.8/java.lang.Thread.runWith(Thread.java:1596)
        at java.base@21.0.8/java.lang.Thread.run(Thread.java:1583)
"IPC Server handler 14 on default port 15008" daemon prio=5 tid=506 timed_waiting
java.lang.Thread.State: TIMED_WAITING
        at java.base@21.0.8/jdk.internal.misc.Unsafe.park(Native Method)
        at java.base@21.0.8/java.util.concurrent.locks.LockSupport.parkNanos(LockSupport.java:269)
        at java.base@21.0.8/java.util.concurrent.locks.AbstractQueuedSynchronizer$ConditionObject.awaitNanos(AbstractQueuedSynchronizer.java:1763)
        at java.base@21.0.8/java.util.concurrent.LinkedBlockingQueue.poll(LinkedBlockingQueue.java:460)
        at app//org.apache.hadoop.ipc.CallQueueManager.take(CallQueueManager.java:370)
        at app//org.apache.hadoop.ipc.Server$Handler.run(Server.java:3165)
"DiskUsage-/home/runner/work/ozone/ozone/hadoop-ozone/integration-test-recon/target/test-dir/MiniOzoneClusterImpl-b15909b8-03a8-4b15-aaa3-a668c086c089/ozone-metadata/datanode-3/data-0-
" daemon prio=5 tid=943 timed_waiting
java.lang.Thread.State: TIMED_WAITING
        at java.base@21.0.8/jdk.internal.misc.Unsafe.park(Native Method)
        at java.base@21.0.8/java.util.concurrent.locks.LockSupport.parkNanos(LockSupport.java:269)
        at java.base@21.0.8/java.util.concurrent.locks.AbstractQueuedSynchronizer$ConditionObject.awaitNanos(AbstractQueuedSynchronizer.java:1763)
        at java.base@21.0.8/java.util.concurrent.ScheduledThreadPoolExecutor$DelayedWorkQueue.take(ScheduledThreadPoolExecutor.java:1182)
        at java.base@21.0.8/java.util.concurrent.ScheduledThreadPoolExecutor$DelayedWorkQueue.take(ScheduledThreadPoolExecutor.java:899)
        at java.base@21.0.8/java.util.concurrent.ThreadPoolExecutor.getTask(ThreadPoolExecutor.java:1070)
        at java.base@21.0.8/java.util.concurrent.ThreadPoolExecutor.runWorker(ThreadPoolExecutor.java:1130)
        at java.base@21.0.8/java.util.concurrent.ThreadPoolExecutor$Worker.run(ThreadPoolExecutor.java:642)
        at java.base@21.0.8/java.lang.Thread.runWith(Thread.java:1596)
        at java.base@21.0.8/java.lang.Thread.run(Thread.java:1583)
"IPC Server handler 8 on default port 15003" daemon prio=5 tid=228 timed_waiting
java.lang.Thread.State: TIMED_WAITING
        at java.base@21.0.8/jdk.internal.misc.Unsafe.park(Native Method)
        at java.base@21.0.8/java.util.concurrent.locks.LockSupport.parkNanos(LockSupport.java:269)
        at java.base@21.0.8/java.util.concurrent.locks.AbstractQueuedSynchronizer$ConditionObject.awaitNanos(AbstractQueuedSynchronizer.java:1763)
        at java.base@21.0.8/java.util.concurrent.LinkedBlockingQueue.poll(LinkedBlockingQueue.java:460)
        at app//org.apache.hadoop.ipc.CallQueueManager.take(CallQueueManager.java:370)
        at app//org.apache.hadoop.ipc.Server$Handler.run(Server.java:3165)
"IPC Server handler 1 on default port 15021" daemon prio=5 tid=742 timed_waiting
java.lang.Thread.State: TIMED_WAITING
        at java.base@21.0.8/jdk.internal.misc.Unsafe.park(Native Method)
        at java.base@21.0.8/java.util.concurrent.locks.LockSupport.parkNanos(LockSupport.java:269)
        at java.base@21.0.8/java.util.concurrent.locks.AbstractQueuedSynchronizer$ConditionObject.awaitNanos(AbstractQueuedSynchronizer.java:1763)
        at java.base@21.0.8/java.util.concurrent.LinkedBlockingQueue.poll(LinkedBlockingQueue.java:460)
        at app//org.apache.hadoop.ipc.CallQueueManager.take(CallQueueManager.java:370)
        at app//org.apache.hadoop.ipc.Server$Handler.run(Server.java:3165)
"Socket Reader #3 for port 15021" daemon prio=5 tid=730 runnable
java.lang.Thread.State: RUNNABLE
        at java.base@21.0.8/sun.nio.ch.EPoll.wait(Native Method)
        at java.base@21.0.8/sun.nio.ch.EPollSelectorImpl.doSelect(EPollSelectorImpl.java:121)
        at java.base@21.0.8/sun.nio.ch.SelectorImpl.lockAndDoSelect(SelectorImpl.java:130)
        at java.base@21.0.8/sun.nio.ch.SelectorImpl.select(SelectorImpl.java:147)
        at app//org.apache.hadoop.ipc.Server$Listener$Reader.doRunLoop(Server.java:1497)
        at app//org.apache.hadoop.ipc.Server$Listener$Reader.run(Server.java:1476)
"Socket Reader #1 for port 15003" daemon prio=5 tid=76 runnable
java.lang.Thread.State: RUNNABLE
        at java.base@21.0.8/sun.nio.ch.EPoll.wait(Native Method)
        at java.base@21.0.8/sun.nio.ch.EPollSelectorImpl.doSelect(EPollSelectorImpl.java:121)
        at java.base@21.0.8/sun.nio.ch.SelectorImpl.lockAndDoSelect(SelectorImpl.java:130)
        at java.base@21.0.8/sun.nio.ch.SelectorImpl.select(SelectorImpl.java:147)
        at app//org.apache.hadoop.ipc.Server$Listener$Reader.doRunLoop(Server.java:1497)
        at app//org.apache.hadoop.ipc.Server$Listener$Reader.run(Server.java:1476)
"IPC Server handler 66 on default port 15003" daemon prio=5 tid=286 timed_waiting
java.lang.Thread.State: TIMED_WAITING
        at java.base@21.0.8/jdk.internal.misc.Unsafe.park(Native Method)
        at java.base@21.0.8/java.util.concurrent.locks.LockSupport.parkNanos(LockSupport.java:269)
        at java.base@21.0.8/java.util.concurrent.locks.AbstractQueuedSynchronizer$ConditionObject.awaitNanos(AbstractQueuedSynchronizer.java:1763)
        at java.base@21.0.8/java.util.concurrent.LinkedBlockingQueue.poll(LinkedBlockingQueue.java:460)
        at app//org.apache.hadoop.ipc.CallQueueManager.take(CallQueueManager.java:370)
        at app//org.apache.hadoop.ipc.Server$Handler.run(Server.java:3165)
"IPC Server handler 1 on default port 15029" daemon prio=5 tid=788 timed_waiting
java.lang.Thread.State: TIMED_WAITING
        at java.base@21.0.8/jdk.internal.misc.Unsafe.park(Native Method)
        at java.base@21.0.8/java.util.concurrent.locks.LockSupport.parkNanos(LockSupport.java:269)
        at java.base@21.0.8/java.util.concurrent.locks.AbstractQueuedSynchronizer$ConditionObject.awaitNanos(AbstractQueuedSynchronizer.java:1763)
        at java.base@21.0.8/java.util.concurrent.LinkedBlockingQueue.poll(LinkedBlockingQueue.java:460)
        at app//org.apache.hadoop.ipc.CallQueueManager.take(CallQueueManager.java:370)
        at app//org.apache.hadoop.ipc.Server$Handler.run(Server.java:3165)
"7d2db622-5327-4122-ba03-be97b5575303-BlockDeletingService#0" daemon prio=5 tid=975 timed_waiting
java.lang.Thread.State: TIMED_WAITING
        at java.base@21.0.8/jdk.internal.misc.Unsafe.park(Native Method)
        at java.base@21.0.8/java.util.concurrent.locks.LockSupport.parkNanos(LockSupport.java:269)
        at java.base@21.0.8/java.util.concurrent.locks.AbstractQueuedSynchronizer$ConditionObject.awaitNanos(AbstractQueuedSynchronizer.java:1763)
        at java.base@21.0.8/java.util.concurrent.ScheduledThreadPoolExecutor$DelayedWorkQueue.take(ScheduledThreadPoolExecutor.java:1182)
        at java.base@21.0.8/java.util.concurrent.ScheduledThreadPoolExecutor$DelayedWorkQueue.take(ScheduledThreadPoolExecutor.java:899)
        at java.base@21.0.8/java.util.concurrent.ThreadPoolExecutor.getTask(ThreadPoolExecutor.java:1070)
        at java.base@21.0.8/java.util.concurrent.ThreadPoolExecutor.runWorker(ThreadPoolExecutor.java:1130)
        at java.base@21.0.8/java.util.concurrent.ThreadPoolExecutor$Worker.run(ThreadPoolExecutor.java:642)
        at java.base@21.0.8/java.lang.Thread.runWith(Thread.java:1596)
        at java.base@21.0.8/java.lang.Thread.run(Thread.java:1583)
"IPC Server handler 93 on default port 15002" daemon prio=5 tid=213 timed_waiting
java.lang.Thread.State: TIMED_WAITING
        at java.base@21.0.8/jdk.internal.misc.Unsafe.park(Native Method)
        at java.base@21.0.8/java.util.concurrent.locks.LockSupport.parkNanos(LockSupport.java:269)
        at java.base@21.0.8/java.util.concurrent.locks.AbstractQueuedSynchronizer$ConditionObject.awaitNanos(AbstractQueuedSynchronizer.java:1763)
        at java.base@21.0.8/java.util.concurrent.LinkedBlockingQueue.poll(LinkedBlockingQueue.java:460)
        at app//org.apache.hadoop.ipc.CallQueueManager.take(CallQueueManager.java:370)
        at app//org.apache.hadoop.ipc.Server$Handler.run(Server.java:3165)
"IPC Server handler 0 on default port 15002" daemon prio=5 tid=120 timed_waiting
java.lang.Thread.State: TIMED_WAITING
        at java.base@21.0.8/jdk.internal.misc.Unsafe.park(Native Method)
        at java.base@21.0.8/java.util.concurrent.locks.LockSupport.parkNanos(LockSupport.java:269)
        at java.base@21.0.8/java.util.concurrent.locks.AbstractQueuedSynchronizer$ConditionObject.awaitNanos(AbstractQueuedSynchronizer.java:1763)
        at java.base@21.0.8/java.util.concurrent.LinkedBlockingQueue.poll(LinkedBlockingQueue.java:460)
        at app//org.apache.hadoop.ipc.CallQueueManager.take(CallQueueManager.java:370)
        at app//org.apache.hadoop.ipc.Server$Handler.run(Server.java:3165)
"qtp133286137-490" daemon prio=5 tid=490 timed_waiting
java.lang.Thread.State: TIMED_WAITING
        at java.base@21.0.8/jdk.internal.misc.Unsafe.park(Native Method)
        at java.base@21.0.8/java.util.concurrent.locks.LockSupport.parkNanos(LockSupport.java:269)
        at java.base@21.0.8/java.util.concurrent.locks.AbstractQueuedSynchronizer$ConditionObject.awaitNanos(AbstractQueuedSynchronizer.java:1763)
        at app//org.eclipse.jetty.util.BlockingArrayQueue.poll(BlockingArrayQueue.java:382)
        at app//org.eclipse.jetty.util.thread.QueuedThreadPool$Runner.idleJobPoll(QueuedThreadPool.java:974)
        at app//org.eclipse.jetty.util.thread.QueuedThreadPool$Runner.run(QueuedThreadPool.java:1018)
        at java.base@21.0.8/java.lang.Thread.runWith(Thread.java:1596)
        at java.base@21.0.8/java.lang.Thread.run(Thread.java:1583)
"7d2db622-5327-4122-ba03-be97b5575303-EndpointStateMachineTaskThread-/0.0.0.0:15004-0 "  prio=5 tid=917 in Object.wait()
java.lang.Thread.State: WAITING (on object monitor)
        at java.base@21.0.8/jdk.internal.misc.Unsafe.park(Native Method)
        at java.base@21.0.8/java.util.concurrent.locks.LockSupport.park(LockSupport.java:371)
        at java.base@21.0.8/java.util.concurrent.locks.AbstractQueuedSynchronizer$ConditionNode.block(AbstractQueuedSynchronizer.java:519)
        at java.base@21.0.8/java.util.concurrent.ForkJoinPool.unmanagedBlock(ForkJoinPool.java:3780)
        at java.base@21.0.8/java.util.concurrent.ForkJoinPool.managedBlock(ForkJoinPool.java:3725)
        at java.base@21.0.8/java.util.concurrent.locks.AbstractQueuedSynchronizer$ConditionObject.await(AbstractQueuedSynchronizer.java:1712)
        at java.base@21.0.8/java.util.concurrent.LinkedBlockingQueue.take(LinkedBlockingQueue.java:435)
        at java.base@21.0.8/java.util.concurrent.ThreadPoolExecutor.getTask(ThreadPoolExecutor.java:1070)
        at java.base@21.0.8/java.util.concurrent.ThreadPoolExecutor.runWorker(ThreadPoolExecutor.java:1130)
        at java.base@21.0.8/java.util.concurrent.ThreadPoolExecutor$Worker.run(ThreadPoolExecutor.java:642)
        at java.base@21.0.8/java.lang.Thread.runWith(Thread.java:1596)
        at java.base@21.0.8/java.lang.Thread.run(Thread.java:1583)
"qtp1213220498-768" daemon prio=5 tid=768 timed_waiting
java.lang.Thread.State: TIMED_WAITING
        at java.base@21.0.8/jdk.internal.misc.Unsafe.park(Native Method)
        at java.base@21.0.8/java.util.concurrent.locks.LockSupport.parkNanos(LockSupport.java:269)
        at java.base@21.0.8/java.util.concurrent.locks.AbstractQueuedSynchronizer$ConditionObject.awaitNanos(AbstractQueuedSynchronizer.java:1763)
        at app//org.eclipse.jetty.util.BlockingArrayQueue.poll(BlockingArrayQueue.java:382)
        at app//org.eclipse.jetty.util.thread.QueuedThreadPool$Runner.idleJobPoll(QueuedThreadPool.java:974)
        at app//org.eclipse.jetty.util.thread.QueuedThreadPool$Runner.run(QueuedThreadPool.java:1018)
        at java.base@21.0.8/java.lang.Thread.runWith(Thread.java:1596)
        at java.base@21.0.8/java.lang.Thread.run(Thread.java:1583)
"IPC Server handler 5 on default port 15001" daemon prio=5 tid=563 timed_waiting
java.lang.Thread.State: TIMED_WAITING
        at java.base@21.0.8/jdk.internal.misc.Unsafe.park(Native Method)
        at java.base@21.0.8/java.util.concurrent.locks.LockSupport.parkNanos(LockSupport.java:269)
        at java.base@21.0.8/java.util.concurrent.locks.AbstractQueuedSynchronizer$ConditionObject.awaitNanos(AbstractQueuedSynchronizer.java:1763)
        at java.base@21.0.8/java.util.concurrent.LinkedBlockingQueue.poll(LinkedBlockingQueue.java:460)
        at app//org.apache.hadoop.ipc.CallQueueManager.take(CallQueueManager.java:370)
        at app//org.apache.hadoop.ipc.Server$Handler.run(Server.java:3165)
"IPC Server listener on 15003" daemon prio=5 tid=75 runnable
java.lang.Thread.State: RUNNABLE
        at java.base@21.0.8/sun.nio.ch.EPoll.wait(Native Method)
        at java.base@21.0.8/sun.nio.ch.EPollSelectorImpl.doSelect(EPollSelectorImpl.java:121)
        at java.base@21.0.8/sun.nio.ch.SelectorImpl.lockAndDoSelect(SelectorImpl.java:130)
        at java.base@21.0.8/sun.nio.ch.SelectorImpl.select(SelectorImpl.java:147)
        at app//org.apache.hadoop.ipc.Server$Listener.run(Server.java:1559)
"IPC Server handler 39 on default port 15001" daemon prio=5 tid=597 timed_waiting
java.lang.Thread.State: TIMED_WAITING
        at java.base@21.0.8/jdk.internal.misc.Unsafe.park(Native Method)
        at java.base@21.0.8/java.util.concurrent.locks.LockSupport.parkNanos(LockSupport.java:269)
        at java.base@21.0.8/java.util.concurrent.locks.AbstractQueuedSynchronizer$ConditionObject.awaitNanos(AbstractQueuedSynchronizer.java:1763)
        at java.base@21.0.8/java.util.concurrent.LinkedBlockingQueue.poll(LinkedBlockingQueue.java:460)
        at app//org.apache.hadoop.ipc.CallQueueManager.take(CallQueueManager.java:370)
        at app//org.apache.hadoop.ipc.Server$Handler.run(Server.java:3165)
"Hadoop-Metrics-Updater-0" daemon prio=5 tid=462 timed_waiting
java.lang.Thread.State: TIMED_WAITING
        at java.base@21.0.8/jdk.internal.misc.Unsafe.park(Native Method)
        at java.base@21.0.8/java.util.concurrent.locks.LockSupport.parkNanos(LockSupport.java:269)
        at java.base@21.0.8/java.util.concurrent.locks.AbstractQueuedSynchronizer$ConditionObject.awaitNanos(AbstractQueuedSynchronizer.java:1763)
        at java.base@21.0.8/java.util.concurrent.ScheduledThreadPoolExecutor$DelayedWorkQueue.take(ScheduledThreadPoolExecutor.java:1182)
        at java.base@21.0.8/java.util.concurrent.ScheduledThreadPoolExecutor$DelayedWorkQueue.take(ScheduledThreadPoolExecutor.java:899)
        at java.base@21.0.8/java.util.concurrent.ThreadPoolExecutor.getTask(ThreadPoolExecutor.java:1070)
        at java.base@21.0.8/java.util.concurrent.ThreadPoolExecutor.runWorker(ThreadPoolExecutor.java:1130)
        at java.base@21.0.8/java.util.concurrent.ThreadPoolExecutor$Worker.run(ThreadPoolExecutor.java:642)
        at java.base@21.0.8/java.lang.Thread.runWith(Thread.java:1596)
        at java.base@21.0.8/java.lang.Thread.run(Thread.java:1583)
"IPC Server handler 51 on default port 15001" daemon prio=5 tid=609 timed_waiting
java.lang.Thread.State: TIMED_WAITING
        at java.base@21.0.8/jdk.internal.misc.Unsafe.park(Native Method)
        at java.base@21.0.8/java.util.concurrent.locks.LockSupport.parkNanos(LockSupport.java:269)
        at java.base@21.0.8/java.util.concurrent.locks.AbstractQueuedSynchronizer$ConditionObject.awaitNanos(AbstractQueuedSynchronizer.java:1763)
        at java.base@21.0.8/java.util.concurrent.LinkedBlockingQueue.poll(LinkedBlockingQueue.java:460)
        at app//org.apache.hadoop.ipc.CallQueueManager.take(CallQueueManager.java:370)
        at app//org.apache.hadoop.ipc.Server$Handler.run(Server.java:3165)
"IPC Server idle connection scanner for port 15001" daemon prio=5 tid=531 timed_waiting
java.lang.Thread.State: TIMED_WAITING
        at java.base@21.0.8/java.lang.Object.wait0(Native Method)
        at java.base@21.0.8/java.lang.Object.wait(Object.java:366)
        at java.base@21.0.8/java.util.TimerThread.mainLoop(Timer.java:563)
        at java.base@21.0.8/java.util.TimerThread.run(Timer.java:516)
"IPC Server handler 66 on default port 15001" daemon prio=5 tid=624 timed_waiting
java.lang.Thread.State: TIMED_WAITING
        at java.base@21.0.8/jdk.internal.misc.Unsafe.park(Native Method)
        at java.base@21.0.8/java.util.concurrent.locks.LockSupport.parkNanos(LockSupport.java:269)
        at java.base@21.0.8/java.util.concurrent.locks.AbstractQueuedSynchronizer$ConditionObject.awaitNanos(AbstractQueuedSynchronizer.java:1763)
        at java.base@21.0.8/java.util.concurrent.LinkedBlockingQueue.poll(LinkedBlockingQueue.java:460)
        at app//org.apache.hadoop.ipc.CallQueueManager.take(CallQueueManager.java:370)
        at app//org.apache.hadoop.ipc.Server$Handler.run(Server.java:3165)
"fc0351b7-0c71-4a2a-a0ca-337e5c0b1c14@group-B7EF3C0ABF3A-cacheEviction-AwaitToRun" daemon prio=5 tid=1088 in Object.wait()
java.lang.Thread.State: WAITING (on object monitor)
        at java.base@21.0.8/jdk.internal.misc.Unsafe.park(Native Method)
        at java.base@21.0.8/java.util.concurrent.locks.LockSupport.park(LockSupport.java:371)
        at java.base@21.0.8/java.util.concurrent.locks.AbstractQueuedSynchronizer$ConditionNode.block(AbstractQueuedSynchronizer.java:519)
        at java.base@21.0.8/java.util.concurrent.ForkJoinPool.unmanagedBlock(ForkJoinPool.java:3780)
        at java.base@21.0.8/java.util.concurrent.ForkJoinPool.managedBlock(ForkJoinPool.java:3725)
        at java.base@21.0.8/java.util.concurrent.locks.AbstractQueuedSynchronizer$ConditionObject.await(AbstractQueuedSynchronizer.java:1712)
        at app//org.apache.ratis.util.AwaitForSignal.await(AwaitForSignal.java:48)
        at app//org.apache.ratis.util.AwaitToRun$RunnableImpl.run(AwaitToRun.java:47)
        at java.base@21.0.8/java.lang.Thread.runWith(Thread.java:1596)
        at java.base@21.0.8/java.lang.Thread.run(Thread.java:1583)
"Recon-EventQueue-DatanodeCommandForReconNodeManager" daemon prio=5 tid=1290 in Object.wait()
java.lang.Thread.State: WAITING (on object monitor)
        at java.base@21.0.8/jdk.internal.misc.Unsafe.park(Native Method)
        at java.base@21.0.8/java.util.concurrent.locks.LockSupport.park(LockSupport.java:371)
        at java.base@21.0.8/java.util.concurrent.locks.AbstractQueuedSynchronizer$ConditionNode.block(AbstractQueuedSynchronizer.java:519)
        at java.base@21.0.8/java.util.concurrent.ForkJoinPool.unmanagedBlock(ForkJoinPool.java:3780)
        at java.base@21.0.8/java.util.concurrent.ForkJoinPool.managedBlock(ForkJoinPool.java:3725)
        at java.base@21.0.8/java.util.concurrent.locks.AbstractQueuedSynchronizer$ConditionObject.await(AbstractQueuedSynchronizer.java:1712)
        at java.base@21.0.8/java.util.concurrent.LinkedBlockingQueue.take(LinkedBlockingQueue.java:435)
        at java.base@21.0.8/java.util.concurrent.ThreadPoolExecutor.getTask(ThreadPoolExecutor.java:1070)
        at java.base@21.0.8/java.util.concurrent.ThreadPoolExecutor.runWorker(ThreadPoolExecutor.java:1130)
        at java.base@21.0.8/java.util.concurrent.ThreadPoolExecutor$Worker.run(ThreadPoolExecutor.java:642)
        at java.base@21.0.8/java.lang.Thread.runWith(Thread.java:1596)
        at java.base@21.0.8/java.lang.Thread.run(Thread.java:1583)
"Socket Reader #1 for port 15029" daemon prio=5 tid=774 runnable
java.lang.Thread.State: RUNNABLE
        at java.base@21.0.8/sun.nio.ch.EPoll.wait(Native Method)
        at java.base@21.0.8/sun.nio.ch.EPollSelectorImpl.doSelect(EPollSelectorImpl.java:121)
        at java.base@21.0.8/sun.nio.ch.SelectorImpl.lockAndDoSelect(SelectorImpl.java:130)
        at java.base@21.0.8/sun.nio.ch.SelectorImpl.select(SelectorImpl.java:147)
        at app//org.apache.hadoop.ipc.Server$Listener$Reader.doRunLoop(Server.java:1497)
        at app//org.apache.hadoop.ipc.Server$Listener$Reader.run(Server.java:1476)
"IPC Server handler 46 on default port 15003" daemon prio=5 tid=266 timed_waiting
java.lang.Thread.State: TIMED_WAITING
        at java.base@21.0.8/jdk.internal.misc.Unsafe.park(Native Method)
        at java.base@21.0.8/java.util.concurrent.locks.LockSupport.parkNanos(LockSupport.java:269)
        at java.base@21.0.8/java.util.concurrent.locks.AbstractQueuedSynchronizer$ConditionObject.awaitNanos(AbstractQueuedSynchronizer.java:1763)
        at java.base@21.0.8/java.util.concurrent.LinkedBlockingQueue.poll(LinkedBlockingQueue.java:460)
        at app//org.apache.hadoop.ipc.CallQueueManager.take(CallQueueManager.java:370)
        at app//org.apache.hadoop.ipc.Server$Handler.run(Server.java:3165)
"IPC Server handler 12 on default port 15004" daemon prio=5 tid=350 timed_waiting
java.lang.Thread.State: TIMED_WAITING
        at java.base@21.0.8/jdk.internal.misc.Unsafe.park(Native Method)
        at java.base@21.0.8/java.util.concurrent.locks.LockSupport.parkNanos(LockSupport.java:269)
        at java.base@21.0.8/java.util.concurrent.locks.AbstractQueuedSynchronizer$ConditionObject.awaitNanos(AbstractQueuedSynchronizer.java:1763)
        at java.base@21.0.8/java.util.concurrent.LinkedBlockingQueue.poll(LinkedBlockingQueue.java:460)
        at app//org.apache.hadoop.ipc.CallQueueManager.take(CallQueueManager.java:370)
        at app//org.apache.hadoop.ipc.Server$Handler.run(Server.java:3165)
"IPC Server handler 92 on default port 15004" daemon prio=5 tid=430 timed_waiting
java.lang.Thread.State: TIMED_WAITING
        at java.base@21.0.8/jdk.internal.misc.Unsafe.park(Native Method)
        at java.base@21.0.8/java.util.concurrent.locks.LockSupport.parkNanos(LockSupport.java:269)
        at java.base@21.0.8/java.util.concurrent.locks.AbstractQueuedSynchronizer$ConditionObject.awaitNanos(AbstractQueuedSynchronizer.java:1763)
        at java.base@21.0.8/java.util.concurrent.LinkedBlockingQueue.poll(LinkedBlockingQueue.java:460)
        at app//org.apache.hadoop.ipc.CallQueueManager.take(CallQueueManager.java:370)
        at app//org.apache.hadoop.ipc.Server$Handler.run(Server.java:3165)
"74afb32b-8e70-4799-b16c-dc9602d9dbb6-DatanodeReportManager-3" daemon prio=5 tid=967 in Object.wait()
java.lang.Thread.State: WAITING (on object monitor)
        at java.base@21.0.8/jdk.internal.misc.Unsafe.park(Native Method)
        at java.base@21.0.8/java.util.concurrent.locks.LockSupport.park(LockSupport.java:371)
        at java.base@21.0.8/java.util.concurrent.locks.AbstractQueuedSynchronizer$ConditionNode.block(AbstractQueuedSynchronizer.java:519)
        at java.base@21.0.8/java.util.concurrent.ForkJoinPool.unmanagedBlock(ForkJoinPool.java:3780)
        at java.base@21.0.8/java.util.concurrent.ForkJoinPool.managedBlock(ForkJoinPool.java:3725)
        at java.base@21.0.8/java.util.concurrent.locks.AbstractQueuedSynchronizer$ConditionObject.await(AbstractQueuedSynchronizer.java:1712)
        at java.base@21.0.8/java.util.concurrent.ScheduledThreadPoolExecutor$DelayedWorkQueue.take(ScheduledThreadPoolExecutor.java:1177)
        at java.base@21.0.8/java.util.concurrent.ScheduledThreadPoolExecutor$DelayedWorkQueue.take(ScheduledThreadPoolExecutor.java:899)
        at java.base@21.0.8/java.util.concurrent.ThreadPoolExecutor.getTask(ThreadPoolExecutor.java:1070)
        at java.base@21.0.8/java.util.concurrent.ThreadPoolExecutor.runWorker(ThreadPoolExecutor.java:1130)
        at java.base@21.0.8/java.util.concurrent.ThreadPoolExecutor$Worker.run(ThreadPoolExecutor.java:642)
        at java.base@21.0.8/java.lang.Thread.runWith(Thread.java:1596)
        at java.base@21.0.8/java.lang.Thread.run(Thread.java:1583)
"IPC Server handler 45 on default port 15003" daemon prio=5 tid=265 timed_waiting
java.lang.Thread.State: TIMED_WAITING
        at java.base@21.0.8/jdk.internal.misc.Unsafe.park(Native Method)
        at java.base@21.0.8/java.util.concurrent.locks.LockSupport.parkNanos(LockSupport.java:269)
        at java.base@21.0.8/java.util.concurrent.locks.AbstractQueuedSynchronizer$ConditionObject.awaitNanos(AbstractQueuedSynchronizer.java:1763)
        at java.base@21.0.8/java.util.concurrent.LinkedBlockingQueue.poll(LinkedBlockingQueue.java:460)
        at app//org.apache.hadoop.ipc.CallQueueManager.take(CallQueueManager.java:370)
        at app//org.apache.hadoop.ipc.Server$Handler.run(Server.java:3165)
"IPC Server handler 0 on default port 15021" daemon prio=5 tid=741 timed_waiting
java.lang.Thread.State: TIMED_WAITING
        at java.base@21.0.8/jdk.internal.misc.Unsafe.park(Native Method)
        at java.base@21.0.8/java.util.concurrent.locks.LockSupport.parkNanos(LockSupport.java:269)
        at java.base@21.0.8/java.util.concurrent.locks.AbstractQueuedSynchronizer$ConditionObject.awaitNanos(AbstractQueuedSynchronizer.java:1763)
        at java.base@21.0.8/java.util.concurrent.LinkedBlockingQueue.poll(LinkedBlockingQueue.java:460)
        at app//org.apache.hadoop.ipc.CallQueueManager.take(CallQueueManager.java:370)
        at app//org.apache.hadoop.ipc.Server$Handler.run(Server.java:3165)
"FixedThreadPoolWithAffinityExecutor-8-0" daemon prio=5 tid=111 timed_waiting
java.lang.Thread.State: TIMED_WAITING
        at java.base@21.0.8/jdk.internal.misc.Unsafe.park(Native Method)
        at java.base@21.0.8/java.util.concurrent.locks.LockSupport.parkNanos(LockSupport.java:269)
        at java.base@21.0.8/java.util.concurrent.locks.AbstractQueuedSynchronizer$ConditionObject.awaitNanos(AbstractQueuedSynchronizer.java:1763)
        at java.base@21.0.8/java.util.concurrent.LinkedBlockingQueue.poll(LinkedBlockingQueue.java:460)
        at app//org.apache.hadoop.hdds.scm.server.ContainerReportQueue.poll(ContainerReportQueue.java:269)
        at app//org.apache.hadoop.hdds.scm.server.ContainerReportQueue.poll(ContainerReportQueue.java:42)
        at app//org.apache.hadoop.hdds.server.events.FixedThreadPoolWithAffinityExecutor$ContainerReportProcessTask.run(FixedThreadPoolWithAffinityExecutor.java:228)
        at java.base@21.0.8/java.util.concurrent.Executors$RunnableAdapter.call(Executors.java:572)
        at java.base@21.0.8/java.util.concurrent.FutureTask.run(FutureTask.java:317)
        at java.base@21.0.8/java.util.concurrent.ThreadPoolExecutor.runWorker(ThreadPoolExecutor.java:1144)
        at java.base@21.0.8/java.util.concurrent.ThreadPoolExecutor$Worker.run(ThreadPoolExecutor.java:642)
        at java.base@21.0.8/java.lang.Thread.runWith(Thread.java:1596)
        at java.base@21.0.8/java.lang.Thread.run(Thread.java:1583)
"IPC Server handler 4 on default port 15008" daemon prio=5 tid=496 timed_waiting
java.lang.Thread.State: TIMED_WAITING
        at java.base@21.0.8/jdk.internal.misc.Unsafe.park(Native Method)
        at java.base@21.0.8/java.util.concurrent.locks.LockSupport.parkNanos(LockSupport.java:269)
        at java.base@21.0.8/java.util.concurrent.locks.AbstractQueuedSynchronizer$ConditionObject.awaitNanos(AbstractQueuedSynchronizer.java:1763)
        at java.base@21.0.8/java.util.concurrent.LinkedBlockingQueue.poll(LinkedBlockingQueue.java:460)
        at app//org.apache.hadoop.ipc.CallQueueManager.take(CallQueueManager.java:370)
        at app//org.apache.hadoop.ipc.Server$Handler.run(Server.java:3165)
"om1-KeyDeletingService#2" daemon prio=5 tid=474 in Object.wait()
java.lang.Thread.State: WAITING (on object monitor)
        at java.base@21.0.8/jdk.internal.misc.Unsafe.park(Native Method)
        at java.base@21.0.8/java.util.concurrent.locks.LockSupport.park(LockSupport.java:371)
        at java.base@21.0.8/java.util.concurrent.locks.AbstractQueuedSynchronizer$ConditionNode.block(AbstractQueuedSynchronizer.java:519)
        at java.base@21.0.8/java.util.concurrent.ForkJoinPool.unmanagedBlock(ForkJoinPool.java:3780)
        at java.base@21.0.8/java.util.concurrent.ForkJoinPool.managedBlock(ForkJoinPool.java:3725)
        at java.base@21.0.8/java.util.concurrent.locks.AbstractQueuedSynchronizer$ConditionObject.await(AbstractQueuedSynchronizer.java:1712)
        at java.base@21.0.8/java.util.concurrent.ScheduledThreadPoolExecutor$DelayedWorkQueue.take(ScheduledThreadPoolExecutor.java:1177)
        at java.base@21.0.8/java.util.concurrent.ScheduledThreadPoolExecutor$DelayedWorkQueue.take(ScheduledThreadPoolExecutor.java:899)
        at java.base@21.0.8/java.util.concurrent.ThreadPoolExecutor.getTask(ThreadPoolExecutor.java:1070)
        at java.base@21.0.8/java.util.concurrent.ThreadPoolExecutor.runWorker(ThreadPoolExecutor.java:1130)
        at java.base@21.0.8/java.util.concurrent.ThreadPoolExecutor$Worker.run(ThreadPoolExecutor.java:642)
        at java.base@21.0.8/java.lang.Thread.runWith(Thread.java:1596)
        at java.base@21.0.8/java.lang.Thread.run(Thread.java:1583)
"IPC Server handler 90 on default port 15001" daemon prio=5 tid=648 timed_waiting
java.lang.Thread.State: TIMED_WAITING
        at java.base@21.0.8/jdk.internal.misc.Unsafe.park(Native Method)
        at java.base@21.0.8/java.util.concurrent.locks.LockSupport.parkNanos(LockSupport.java:269)
        at java.base@21.0.8/java.util.concurrent.locks.AbstractQueuedSynchronizer$ConditionObject.awaitNanos(AbstractQueuedSynchronizer.java:1763)
        at java.base@21.0.8/java.util.concurrent.LinkedBlockingQueue.poll(LinkedBlockingQueue.java:460)
        at app//org.apache.hadoop.ipc.CallQueueManager.take(CallQueueManager.java:370)
        at app//org.apache.hadoop.ipc.Server$Handler.run(Server.java:3165)
"IPC Server handler 2 on default port 15001" daemon prio=5 tid=560 timed_waiting
java.lang.Thread.State: TIMED_WAITING
        at java.base@21.0.8/jdk.internal.misc.Unsafe.park(Native Method)
        at java.base@21.0.8/java.util.concurrent.locks.LockSupport.parkNanos(LockSupport.java:269)
        at java.base@21.0.8/java.util.concurrent.locks.AbstractQueuedSynchronizer$ConditionObject.awaitNanos(AbstractQueuedSynchronizer.java:1763)
        at java.base@21.0.8/java.util.concurrent.LinkedBlockingQueue.poll(LinkedBlockingQueue.java:460)
        at app//org.apache.hadoop.ipc.CallQueueManager.take(CallQueueManager.java:370)
        at app//org.apache.hadoop.ipc.Server$Handler.run(Server.java:3165)
"qtp249078499-720-acceptor-0@1b0f9963-ServerConnector@2b499afd{HTTP/1.1, (http/1.1)}{0.0.0.0:15020}" daemon prio=3 tid=720 runnable
java.lang.Thread.State: RUNNABLE
        at java.base@21.0.8/sun.nio.ch.Net.accept(Native Method)
        at java.base@21.0.8/sun.nio.ch.ServerSocketChannelImpl.implAccept(ServerSocketChannelImpl.java:433)
        at java.base@21.0.8/sun.nio.ch.ServerSocketChannelImpl.accept(ServerSocketChannelImpl.java:399)
        at app//org.eclipse.jetty.server.ServerConnector.accept(ServerConnector.java:388)
        at app//org.eclipse.jetty.server.AbstractConnector$Acceptor.run(AbstractConnector.java:704)
        at app//org.eclipse.jetty.util.thread.QueuedThreadPool.runJob(QueuedThreadPool.java:883)
        at app//org.eclipse.jetty.util.thread.QueuedThreadPool$Runner.run(QueuedThreadPool.java:1034)
        at java.base@21.0.8/java.lang.Thread.runWith(Thread.java:1596)
        at java.base@21.0.8/java.lang.Thread.run(Thread.java:1583)
"IPC Server handler 35 on default port 15002" daemon prio=5 tid=155 timed_waiting
java.lang.Thread.State: TIMED_WAITING
        at java.base@21.0.8/jdk.internal.misc.Unsafe.park(Native Method)
        at java.base@21.0.8/java.util.concurrent.locks.LockSupport.parkNanos(LockSupport.java:269)
        at java.base@21.0.8/java.util.concurrent.locks.AbstractQueuedSynchronizer$ConditionObject.awaitNanos(AbstractQueuedSynchronizer.java:1763)
        at java.base@21.0.8/java.util.concurrent.LinkedBlockingQueue.poll(LinkedBlockingQueue.java:460)
        at app//org.apache.hadoop.ipc.CallQueueManager.take(CallQueueManager.java:370)
        at app//org.apache.hadoop.ipc.Server$Handler.run(Server.java:3165)
"IPC Server handler 62 on default port 15002" daemon prio=5 tid=182 timed_waiting
java.lang.Thread.State: TIMED_WAITING
        at java.base@21.0.8/jdk.internal.misc.Unsafe.park(Native Method)
        at java.base@21.0.8/java.util.concurrent.locks.LockSupport.parkNanos(LockSupport.java:269)
        at java.base@21.0.8/java.util.concurrent.locks.AbstractQueuedSynchronizer$ConditionObject.awaitNanos(AbstractQueuedSynchronizer.java:1763)
        at java.base@21.0.8/java.util.concurrent.LinkedBlockingQueue.poll(LinkedBlockingQueue.java:460)
        at app//org.apache.hadoop.ipc.CallQueueManager.take(CallQueueManager.java:370)
        at app//org.apache.hadoop.ipc.Server$Handler.run(Server.java:3165)
"IPC Server handler 28 on default port 15004" daemon prio=5 tid=366 timed_waiting
java.lang.Thread.State: TIMED_WAITING
        at java.base@21.0.8/jdk.internal.misc.Unsafe.park(Native Method)
        at java.base@21.0.8/java.util.concurrent.locks.LockSupport.parkNanos(LockSupport.java:269)
        at java.base@21.0.8/java.util.concurrent.locks.AbstractQueuedSynchronizer$ConditionObject.awaitNanos(AbstractQueuedSynchronizer.java:1763)
        at java.base@21.0.8/java.util.concurrent.LinkedBlockingQueue.poll(LinkedBlockingQueue.java:460)
        at app//org.apache.hadoop.ipc.CallQueueManager.take(CallQueueManager.java:370)
        at app//org.apache.hadoop.ipc.Server$Handler.run(Server.java:3165)
"Socket Reader #9 for port 15008" daemon prio=5 tid=458 runnable
java.lang.Thread.State: RUNNABLE
        at java.base@21.0.8/sun.nio.ch.EPoll.wait(Native Method)
        at java.base@21.0.8/sun.nio.ch.EPollSelectorImpl.doSelect(EPollSelectorImpl.java:121)
        at java.base@21.0.8/sun.nio.ch.SelectorImpl.lockAndDoSelect(SelectorImpl.java:130)
        at java.base@21.0.8/sun.nio.ch.SelectorImpl.select(SelectorImpl.java:147)
        at app//org.apache.hadoop.ipc.Server$Listener$Reader.doRunLoop(Server.java:1497)
        at app//org.apache.hadoop.ipc.Server$Listener$Reader.run(Server.java:1476)
"ForkJoinPool-1-worker-2" daemon prio=5 tid=36 in Object.wait()
java.lang.Thread.State: WAITING (on object monitor)
        at java.base@21.0.8/jdk.internal.misc.Unsafe.park(Native Method)
        at java.base@21.0.8/java.util.concurrent.locks.LockSupport.park(LockSupport.java:371)
        at java.base@21.0.8/java.util.concurrent.ForkJoinPool.awaitWork(ForkJoinPool.java:1893)
        at java.base@21.0.8/java.util.concurrent.ForkJoinPool.runWorker(ForkJoinPool.java:1809)
        at java.base@21.0.8/java.util.concurrent.ForkJoinWorkerThread.run(ForkJoinWorkerThread.java:188)
"Socket Reader #10 for port 15045" daemon prio=5 tid=930 runnable
java.lang.Thread.State: RUNNABLE
        at java.base@21.0.8/sun.nio.ch.EPoll.wait(Native Method)
        at java.base@21.0.8/sun.nio.ch.EPollSelectorImpl.doSelect(EPollSelectorImpl.java:121)
        at java.base@21.0.8/sun.nio.ch.SelectorImpl.lockAndDoSelect(SelectorImpl.java:130)
        at java.base@21.0.8/sun.nio.ch.SelectorImpl.select(SelectorImpl.java:147)
        at app//org.apache.hadoop.ipc.Server$Listener$Reader.doRunLoop(Server.java:1497)
        at app//org.apache.hadoop.ipc.Server$Listener$Reader.run(Server.java:1476)
"IPC Server handler 31 on default port 15004" daemon prio=5 tid=369 timed_waiting
java.lang.Thread.State: TIMED_WAITING
        at java.base@21.0.8/jdk.internal.misc.Unsafe.park(Native Method)
        at java.base@21.0.8/java.util.concurrent.locks.LockSupport.parkNanos(LockSupport.java:269)
        at java.base@21.0.8/java.util.concurrent.locks.AbstractQueuedSynchronizer$ConditionObject.awaitNanos(AbstractQueuedSynchronizer.java:1763)
        at java.base@21.0.8/java.util.concurrent.LinkedBlockingQueue.poll(LinkedBlockingQueue.java:460)
        at app//org.apache.hadoop.ipc.CallQueueManager.take(CallQueueManager.java:370)
        at app//org.apache.hadoop.ipc.Server$Handler.run(Server.java:3165)
"Socket Reader #4 for port 15029" daemon prio=5 tid=777 runnable
java.lang.Thread.State: RUNNABLE
        at java.base@21.0.8/sun.nio.ch.EPoll.wait(Native Method)
        at java.base@21.0.8/sun.nio.ch.EPollSelectorImpl.doSelect(EPollSelectorImpl.java:121)
        at java.base@21.0.8/sun.nio.ch.SelectorImpl.lockAndDoSelect(SelectorImpl.java:130)
        at java.base@21.0.8/sun.nio.ch.SelectorImpl.select(SelectorImpl.java:147)
        at app//org.apache.hadoop.ipc.Server$Listener$Reader.doRunLoop(Server.java:1497)
        at app//org.apache.hadoop.ipc.Server$Listener$Reader.run(Server.java:1476)
"Socket Reader #2 for port 15003" daemon prio=5 tid=77 runnable
java.lang.Thread.State: RUNNABLE
        at java.base@21.0.8/sun.nio.ch.EPoll.wait(Native Method)
        at java.base@21.0.8/sun.nio.ch.EPollSelectorImpl.doSelect(EPollSelectorImpl.java:121)
        at java.base@21.0.8/sun.nio.ch.SelectorImpl.lockAndDoSelect(SelectorImpl.java:130)
        at java.base@21.0.8/sun.nio.ch.SelectorImpl.select(SelectorImpl.java:147)
        at app//org.apache.hadoop.ipc.Server$Listener$Reader.doRunLoop(Server.java:1497)
        at app//org.apache.hadoop.ipc.Server$Listener$Reader.run(Server.java:1476)
"c11f8a16-55ee-4f22-a5a5-7daf2dffa753-DatanodeStateMachineTaskThread-1"  prio=5 tid=847 in Object.wait()
java.lang.Thread.State: WAITING (on object monitor)
        at java.base@21.0.8/jdk.internal.misc.Unsafe.park(Native Method)
        at java.base@21.0.8/java.util.concurrent.locks.LockSupport.park(LockSupport.java:371)
        at java.base@21.0.8/java.util.concurrent.locks.AbstractQueuedSynchronizer$ConditionNode.block(AbstractQueuedSynchronizer.java:519)
        at java.base@21.0.8/java.util.concurrent.ForkJoinPool.unmanagedBlock(ForkJoinPool.java:3780)
        at java.base@21.0.8/java.util.concurrent.ForkJoinPool.managedBlock(ForkJoinPool.java:3725)
        at java.base@21.0.8/java.util.concurrent.locks.AbstractQueuedSynchronizer$ConditionObject.await(AbstractQueuedSynchronizer.java:1712)
        at java.base@21.0.8/java.util.concurrent.LinkedBlockingQueue.take(LinkedBlockingQueue.java:435)
        at java.base@21.0.8/java.util.concurrent.ThreadPoolExecutor.getTask(ThreadPoolExecutor.java:1070)
        at java.base@21.0.8/java.util.concurrent.ThreadPoolExecutor.runWorker(ThreadPoolExecutor.java:1130)
        at java.base@21.0.8/java.util.concurrent.ThreadPoolExecutor$Worker.run(ThreadPoolExecutor.java:642)
        at java.base@21.0.8/java.lang.Thread.runWith(Thread.java:1596)
        at java.base@21.0.8/java.lang.Thread.run(Thread.java:1583)
"IPC Server handler 3 on default port 15021" daemon prio=5 tid=744 timed_waiting
java.lang.Thread.State: TIMED_WAITING
        at java.base@21.0.8/jdk.internal.misc.Unsafe.park(Native Method)
        at java.base@21.0.8/java.util.concurrent.locks.LockSupport.parkNanos(LockSupport.java:269)
        at java.base@21.0.8/java.util.concurrent.locks.AbstractQueuedSynchronizer$ConditionObject.awaitNanos(AbstractQueuedSynchronizer.java:1763)
        at java.base@21.0.8/java.util.concurrent.LinkedBlockingQueue.poll(LinkedBlockingQueue.java:460)
        at app//org.apache.hadoop.ipc.CallQueueManager.take(CallQueueManager.java:370)
        at app//org.apache.hadoop.ipc.Server$Handler.run(Server.java:3165)
"IPC Server handler 28 on default port 15002" daemon prio=5 tid=148 timed_waiting
java.lang.Thread.State: TIMED_WAITING
        at java.base@21.0.8/jdk.internal.misc.Unsafe.park(Native Method)
        at java.base@21.0.8/java.util.concurrent.locks.LockSupport.parkNanos(LockSupport.java:269)
        at java.base@21.0.8/java.util.concurrent.locks.AbstractQueuedSynchronizer$ConditionObject.awaitNanos(AbstractQueuedSynchronizer.java:1763)
        at java.base@21.0.8/java.util.concurrent.LinkedBlockingQueue.poll(LinkedBlockingQueue.java:460)
        at app//org.apache.hadoop.ipc.CallQueueManager.take(CallQueueManager.java:370)
        at app//org.apache.hadoop.ipc.Server$Handler.run(Server.java:3165)
"IPC Server handler 9 on default port 15037" daemon prio=5 tid=873 timed_waiting
java.lang.Thread.State: TIMED_WAITING
        at java.base@21.0.8/jdk.internal.misc.Unsafe.park(Native Method)
        at java.base@21.0.8/java.util.concurrent.locks.LockSupport.parkNanos(LockSupport.java:269)
        at java.base@21.0.8/java.util.concurrent.locks.AbstractQueuedSynchronizer$ConditionObject.awaitNanos(AbstractQueuedSynchronizer.java:1763)
        at java.base@21.0.8/java.util.concurrent.LinkedBlockingQueue.poll(LinkedBlockingQueue.java:460)
        at app//org.apache.hadoop.ipc.CallQueueManager.take(CallQueueManager.java:370)
        at app//org.apache.hadoop.ipc.Server$Handler.run(Server.java:3165)
"IPC Server handler 5 on default port 15037" daemon prio=5 tid=869 timed_waiting
java.lang.Thread.State: TIMED_WAITING
        at java.base@21.0.8/jdk.internal.misc.Unsafe.park(Native Method)
        at java.base@21.0.8/java.util.concurrent.locks.LockSupport.parkNanos(LockSupport.java:269)
        at java.base@21.0.8/java.util.concurrent.locks.AbstractQueuedSynchronizer$ConditionObject.awaitNanos(AbstractQueuedSynchronizer.java:1763)
        at java.base@21.0.8/java.util.concurrent.LinkedBlockingQueue.poll(LinkedBlockingQueue.java:460)
        at app//org.apache.hadoop.ipc.CallQueueManager.take(CallQueueManager.java:370)
        at app//org.apache.hadoop.ipc.Server$Handler.run(Server.java:3165)
"grpc-shared-destroyer-0" daemon prio=5 tid=48 in Object.wait()
java.lang.Thread.State: WAITING (on object monitor)
        at java.base@21.0.8/jdk.internal.misc.Unsafe.park(Native Method)
        at java.base@21.0.8/java.util.concurrent.locks.LockSupport.park(LockSupport.java:371)
        at java.base@21.0.8/java.util.concurrent.locks.AbstractQueuedSynchronizer$ConditionNode.block(AbstractQueuedSynchronizer.java:519)
        at java.base@21.0.8/java.util.concurrent.ForkJoinPool.unmanagedBlock(ForkJoinPool.java:3780)
        at java.base@21.0.8/java.util.concurrent.ForkJoinPool.managedBlock(ForkJoinPool.java:3725)
        at java.base@21.0.8/java.util.concurrent.locks.AbstractQueuedSynchronizer$ConditionObject.await(AbstractQueuedSynchronizer.java:1712)
        at java.base@21.0.8/java.util.concurrent.ScheduledThreadPoolExecutor$DelayedWorkQueue.take(ScheduledThreadPoolExecutor.java:1170)
        at java.base@21.0.8/java.util.concurrent.ScheduledThreadPoolExecutor$DelayedWorkQueue.take(ScheduledThreadPoolExecutor.java:899)
        at java.base@21.0.8/java.util.concurrent.ThreadPoolExecutor.getTask(ThreadPoolExecutor.java:1070)
        at java.base@21.0.8/java.util.concurrent.ThreadPoolExecutor.runWorker(ThreadPoolExecutor.java:1130)
        at java.base@21.0.8/java.util.concurrent.ThreadPoolExecutor$Worker.run(ThreadPoolExecutor.java:642)
        at java.base@21.0.8/java.lang.Thread.runWith(Thread.java:1596)
        at java.base@21.0.8/java.lang.Thread.run(Thread.java:1583)
"IPC Server handler 8 on default port 15045" daemon prio=5 tid=948 timed_waiting
java.lang.Thread.State: TIMED_WAITING
        at java.base@21.0.8/jdk.internal.misc.Unsafe.park(Native Method)
        at java.base@21.0.8/java.util.concurrent.locks.LockSupport.parkNanos(LockSupport.java:269)
        at java.base@21.0.8/java.util.concurrent.locks.AbstractQueuedSynchronizer$ConditionObject.awaitNanos(AbstractQueuedSynchronizer.java:1763)
        at java.base@21.0.8/java.util.concurrent.LinkedBlockingQueue.poll(LinkedBlockingQueue.java:460)
        at app//org.apache.hadoop.ipc.CallQueueManager.take(CallQueueManager.java:370)
        at app//org.apache.hadoop.ipc.Server$Handler.run(Server.java:3165)
"IPC Server handler 49 on default port 15002" daemon prio=5 tid=169 timed_waiting
java.lang.Thread.State: TIMED_WAITING
        at java.base@21.0.8/jdk.internal.misc.Unsafe.park(Native Method)
        at java.base@21.0.8/java.util.concurrent.locks.LockSupport.parkNanos(LockSupport.java:269)
        at java.base@21.0.8/java.util.concurrent.locks.AbstractQueuedSynchronizer$ConditionObject.awaitNanos(AbstractQueuedSynchronizer.java:1763)
        at java.base@21.0.8/java.util.concurrent.LinkedBlockingQueue.poll(LinkedBlockingQueue.java:460)
        at app//org.apache.hadoop.ipc.CallQueueManager.take(CallQueueManager.java:370)
        at app//org.apache.hadoop.ipc.Server$Handler.run(Server.java:3165)
"IPC Server handler 73 on default port 15002" daemon prio=5 tid=193 timed_waiting
java.lang.Thread.State: TIMED_WAITING
        at java.base@21.0.8/jdk.internal.misc.Unsafe.park(Native Method)
        at java.base@21.0.8/java.util.concurrent.locks.LockSupport.parkNanos(LockSupport.java:269)
        at java.base@21.0.8/java.util.concurrent.locks.AbstractQueuedSynchronizer$ConditionObject.awaitNanos(AbstractQueuedSynchronizer.java:1763)
        at java.base@21.0.8/java.util.concurrent.LinkedBlockingQueue.poll(LinkedBlockingQueue.java:460)
        at app//org.apache.hadoop.ipc.CallQueueManager.take(CallQueueManager.java:370)
        at app//org.apache.hadoop.ipc.Server$Handler.run(Server.java:3165)
"IPC Server handler 53 on default port 15003" daemon prio=5 tid=273 timed_waiting
java.lang.Thread.State: TIMED_WAITING
        at java.base@21.0.8/jdk.internal.misc.Unsafe.park(Native Method)
        at java.base@21.0.8/java.util.concurrent.locks.LockSupport.parkNanos(LockSupport.java:269)
        at java.base@21.0.8/java.util.concurrent.locks.AbstractQueuedSynchronizer$ConditionObject.awaitNanos(AbstractQueuedSynchronizer.java:1763)
        at java.base@21.0.8/java.util.concurrent.LinkedBlockingQueue.poll(LinkedBlockingQueue.java:460)
        at app//org.apache.hadoop.ipc.CallQueueManager.take(CallQueueManager.java:370)
        at app//org.apache.hadoop.ipc.Server$Handler.run(Server.java:3165)
"fc0351b7-0c71-4a2a-a0ca-337e5c0b1c14@group-B7EF3C0ABF3A-LeaderStateImpl" daemon prio=5 tid=1126 timed_waiting
java.lang.Thread.State: TIMED_WAITING
        at java.base@21.0.8/jdk.internal.misc.Unsafe.park(Native Method)
        at java.base@21.0.8/java.util.concurrent.locks.LockSupport.parkNanos(LockSupport.java:269)
        at java.base@21.0.8/java.util.concurrent.locks.AbstractQueuedSynchronizer$ConditionObject.awaitNanos(AbstractQueuedSynchronizer.java:1763)
        at java.base@21.0.8/java.util.concurrent.ArrayBlockingQueue.poll(ArrayBlockingQueue.java:435)
        at app//org.apache.ratis.server.impl.LeaderStateImpl$EventQueue.poll(LeaderStateImpl.java:168)
        at app//org.apache.ratis.server.impl.LeaderStateImpl$EventProcessor.run(LeaderStateImpl.java:761)
"IPC Server handler 38 on default port 15004" daemon prio=5 tid=376 timed_waiting
java.lang.Thread.State: TIMED_WAITING
        at java.base@21.0.8/jdk.internal.misc.Unsafe.park(Native Method)
        at java.base@21.0.8/java.util.concurrent.locks.LockSupport.parkNanos(LockSupport.java:269)
        at java.base@21.0.8/java.util.concurrent.locks.AbstractQueuedSynchronizer$ConditionObject.awaitNanos(AbstractQueuedSynchronizer.java:1763)
        at java.base@21.0.8/java.util.concurrent.LinkedBlockingQueue.poll(LinkedBlockingQueue.java:460)
        at app//org.apache.hadoop.ipc.CallQueueManager.take(CallQueueManager.java:370)
        at app//org.apache.hadoop.ipc.Server$Handler.run(Server.java:3165)
"ForkJoinPool.commonPool-worker-1" daemon prio=5 tid=666 in Object.wait()
java.lang.Thread.State: WAITING (on object monitor)
        at java.base@21.0.8/jdk.internal.misc.Unsafe.park(Native Method)
        at java.base@21.0.8/java.util.concurrent.locks.LockSupport.park(LockSupport.java:371)
        at java.base@21.0.8/java.util.concurrent.ForkJoinPool.awaitWork(ForkJoinPool.java:1893)
        at java.base@21.0.8/java.util.concurrent.ForkJoinPool.runWorker(ForkJoinPool.java:1809)
        at java.base@21.0.8/java.util.concurrent.ForkJoinWorkerThread.run(ForkJoinWorkerThread.java:188)
"7d2db622-5327-4122-ba03-be97b5575303-impl-thread1" daemon prio=5 tid=761 timed_waiting
java.lang.Thread.State: TIMED_WAITING
        at java.base@21.0.8/jdk.internal.misc.Unsafe.park(Native Method)
        at java.base@21.0.8/java.util.concurrent.locks.LockSupport.parkNanos(LockSupport.java:410)
        at java.base@21.0.8/java.util.concurrent.LinkedTransferQueue$DualNode.await(LinkedTransferQueue.java:452)
        at java.base@21.0.8/java.util.concurrent.SynchronousQueue$Transferer.xferLifo(SynchronousQueue.java:194)
        at java.base@21.0.8/java.util.concurrent.SynchronousQueue.xfer(SynchronousQueue.java:235)
        at java.base@21.0.8/java.util.concurrent.SynchronousQueue.poll(SynchronousQueue.java:338)
        at java.base@21.0.8/java.util.concurrent.ThreadPoolExecutor.getTask(ThreadPoolExecutor.java:1069)
        at java.base@21.0.8/java.util.concurrent.ThreadPoolExecutor.runWorker(ThreadPoolExecutor.java:1130)
        at java.base@21.0.8/java.util.concurrent.ThreadPoolExecutor$Worker.run(ThreadPoolExecutor.java:642)
        at java.base@21.0.8/java.lang.Thread.runWith(Thread.java:1596)
        at java.base@21.0.8/java.lang.Thread.run(Thread.java:1583)
"IPC Server handler 51 on default port 15004" daemon prio=5 tid=389 timed_waiting
java.lang.Thread.State: TIMED_WAITING
        at java.base@21.0.8/jdk.internal.misc.Unsafe.park(Native Method)
        at java.base@21.0.8/java.util.concurrent.locks.LockSupport.parkNanos(LockSupport.java:269)
        at java.base@21.0.8/java.util.concurrent.locks.AbstractQueuedSynchronizer$ConditionObject.awaitNanos(AbstractQueuedSynchronizer.java:1763)
        at java.base@21.0.8/java.util.concurrent.LinkedBlockingQueue.poll(LinkedBlockingQueue.java:460)
        at app//org.apache.hadoop.ipc.CallQueueManager.take(CallQueueManager.java:370)
        at app//org.apache.hadoop.ipc.Server$Handler.run(Server.java:3165)
"74afb32b-8e70-4799-b16c-dc9602d9dbb6-DatanodeReportManager-0" daemon prio=5 tid=954 in Object.wait()
java.lang.Thread.State: WAITING (on object monitor)
        at java.base@21.0.8/jdk.internal.misc.Unsafe.park(Native Method)
        at java.base@21.0.8/java.util.concurrent.locks.LockSupport.park(LockSupport.java:371)
        at java.base@21.0.8/java.util.concurrent.locks.AbstractQueuedSynchronizer$ConditionNode.block(AbstractQueuedSynchronizer.java:519)
        at java.base@21.0.8/java.util.concurrent.ForkJoinPool.unmanagedBlock(ForkJoinPool.java:3780)
        at java.base@21.0.8/java.util.concurrent.ForkJoinPool.managedBlock(ForkJoinPool.java:3725)
        at java.base@21.0.8/java.util.concurrent.locks.AbstractQueuedSynchronizer$ConditionObject.await(AbstractQueuedSynchronizer.java:1712)
        at java.base@21.0.8/java.util.concurrent.ScheduledThreadPoolExecutor$DelayedWorkQueue.take(ScheduledThreadPoolExecutor.java:1177)
        at java.base@21.0.8/java.util.concurrent.ScheduledThreadPoolExecutor$DelayedWorkQueue.take(ScheduledThreadPoolExecutor.java:899)
        at java.base@21.0.8/java.util.concurrent.ThreadPoolExecutor.getTask(ThreadPoolExecutor.java:1070)
        at java.base@21.0.8/java.util.concurrent.ThreadPoolExecutor.runWorker(ThreadPoolExecutor.java:1130)
        at java.base@21.0.8/java.util.concurrent.ThreadPoolExecutor$Worker.run(ThreadPoolExecutor.java:642)
        at java.base@21.0.8/java.lang.Thread.runWith(Thread.java:1596)
        at java.base@21.0.8/java.lang.Thread.run(Thread.java:1583)
"IPC Server handler 87 on default port 15003" daemon prio=5 tid=307 timed_waiting
java.lang.Thread.State: TIMED_WAITING
        at java.base@21.0.8/jdk.internal.misc.Unsafe.park(Native Method)
        at java.base@21.0.8/java.util.concurrent.locks.LockSupport.parkNanos(LockSupport.java:269)
        at java.base@21.0.8/java.util.concurrent.locks.AbstractQueuedSynchronizer$ConditionObject.awaitNanos(AbstractQueuedSynchronizer.java:1763)
        at java.base@21.0.8/java.util.concurrent.LinkedBlockingQueue.poll(LinkedBlockingQueue.java:460)
        at app//org.apache.hadoop.ipc.CallQueueManager.take(CallQueueManager.java:370)
        at app//org.apache.hadoop.ipc.Server$Handler.run(Server.java:3165)
"om1-SstFilteringService#0" daemon prio=5 tid=478 timed_waiting
java.lang.Thread.State: TIMED_WAITING
        at java.base@21.0.8/jdk.internal.misc.Unsafe.park(Native Method)
        at java.base@21.0.8/java.util.concurrent.locks.LockSupport.parkNanos(LockSupport.java:269)
        at java.base@21.0.8/java.util.concurrent.locks.AbstractQueuedSynchronizer$ConditionObject.awaitNanos(AbstractQueuedSynchronizer.java:1763)
        at java.base@21.0.8/java.util.concurrent.ScheduledThreadPoolExecutor$DelayedWorkQueue.take(ScheduledThreadPoolExecutor.java:1182)
        at java.base@21.0.8/java.util.concurrent.ScheduledThreadPoolExecutor$DelayedWorkQueue.take(ScheduledThreadPoolExecutor.java:899)
        at java.base@21.0.8/java.util.concurrent.ThreadPoolExecutor.getTask(ThreadPoolExecutor.java:1070)
        at java.base@21.0.8/java.util.concurrent.ThreadPoolExecutor.runWorker(ThreadPoolExecutor.java:1130)
        at java.base@21.0.8/java.util.concurrent.ThreadPoolExecutor$Worker.run(ThreadPoolExecutor.java:642)
        at java.base@21.0.8/java.lang.Thread.runWith(Thread.java:1596)
        at java.base@21.0.8/java.lang.Thread.run(Thread.java:1583)
"IPC Server handler 9 on default port 15045" daemon prio=5 tid=949 timed_waiting
java.lang.Thread.State: TIMED_WAITING
        at java.base@21.0.8/jdk.internal.misc.Unsafe.park(Native Method)
        at java.base@21.0.8/java.util.concurrent.locks.LockSupport.parkNanos(LockSupport.java:269)
        at java.base@21.0.8/java.util.concurrent.locks.AbstractQueuedSynchronizer$ConditionObject.awaitNanos(AbstractQueuedSynchronizer.java:1763)
        at java.base@21.0.8/java.util.concurrent.LinkedBlockingQueue.poll(LinkedBlockingQueue.java:460)
        at app//org.apache.hadoop.ipc.CallQueueManager.take(CallQueueManager.java:370)
        at app//org.apache.hadoop.ipc.Server$Handler.run(Server.java:3165)
"IPC Server Responder" daemon prio=5 tid=101 runnable
java.lang.Thread.State: RUNNABLE
        at java.base@21.0.8/sun.nio.ch.EPoll.wait(Native Method)
        at java.base@21.0.8/sun.nio.ch.EPollSelectorImpl.doSelect(EPollSelectorImpl.java:121)
        at java.base@21.0.8/sun.nio.ch.SelectorImpl.lockAndDoSelect(SelectorImpl.java:130)
        at java.base@21.0.8/sun.nio.ch.SelectorImpl.select(SelectorImpl.java:142)
        at app//org.apache.hadoop.ipc.Server$Responder.doRunLoop(Server.java:1733)
        at app//org.apache.hadoop.ipc.Server$Responder.run(Server.java:1716)
"IPC Server handler 75 on default port 15002" daemon prio=5 tid=195 timed_waiting
java.lang.Thread.State: TIMED_WAITING
        at java.base@21.0.8/jdk.internal.misc.Unsafe.park(Native Method)
        at java.base@21.0.8/java.util.concurrent.locks.LockSupport.parkNanos(LockSupport.java:269)
        at java.base@21.0.8/java.util.concurrent.locks.AbstractQueuedSynchronizer$ConditionObject.awaitNanos(AbstractQueuedSynchronizer.java:1763)
        at java.base@21.0.8/java.util.concurrent.LinkedBlockingQueue.poll(LinkedBlockingQueue.java:460)
        at app//org.apache.hadoop.ipc.CallQueueManager.take(CallQueueManager.java:370)
        at app//org.apache.hadoop.ipc.Server$Handler.run(Server.java:3165)
"qtp1782170617-823" daemon prio=5 tid=823 timed_waiting
java.lang.Thread.State: TIMED_WAITING
        at java.base@21.0.8/jdk.internal.misc.Unsafe.park(Native Method)
        at java.base@21.0.8/java.util.concurrent.locks.LockSupport.parkNanos(LockSupport.java:269)
        at java.base@21.0.8/java.util.concurrent.locks.AbstractQueuedSynchronizer$ConditionObject.awaitNanos(AbstractQueuedSynchronizer.java:1763)
        at app//org.eclipse.jetty.util.BlockingArrayQueue.poll(BlockingArrayQueue.java:382)
        at app//org.eclipse.jetty.util.thread.QueuedThreadPool$Runner.idleJobPoll(QueuedThreadPool.java:974)
        at app//org.eclipse.jetty.util.thread.QueuedThreadPool$Runner.run(QueuedThreadPool.java:1018)
        at java.base@21.0.8/java.lang.Thread.runWith(Thread.java:1596)
        at java.base@21.0.8/java.lang.Thread.run(Thread.java:1583)
"om1@group-C5BA1605619E-cacheEviction-AwaitToRun" daemon prio=5 tid=463 in Object.wait()
java.lang.Thread.State: WAITING (on object monitor)
        at java.base@21.0.8/jdk.internal.misc.Unsafe.park(Native Method)
        at java.base@21.0.8/java.util.concurrent.locks.LockSupport.park(LockSupport.java:371)
        at java.base@21.0.8/java.util.concurrent.locks.AbstractQueuedSynchronizer$ConditionNode.block(AbstractQueuedSynchronizer.java:519)
        at java.base@21.0.8/java.util.concurrent.ForkJoinPool.unmanagedBlock(ForkJoinPool.java:3780)
        at java.base@21.0.8/java.util.concurrent.ForkJoinPool.managedBlock(ForkJoinPool.java:3725)
        at java.base@21.0.8/java.util.concurrent.locks.AbstractQueuedSynchronizer$ConditionObject.await(AbstractQueuedSynchronizer.java:1712)
        at app//org.apache.ratis.util.AwaitForSignal.await(AwaitForSignal.java:48)
        at app//org.apache.ratis.util.AwaitToRun$RunnableImpl.run(AwaitToRun.java:47)
        at java.base@21.0.8/java.lang.Thread.runWith(Thread.java:1596)
        at java.base@21.0.8/java.lang.Thread.run(Thread.java:1583)
"SCMBlockDeletingService#0" daemon prio=5 tid=320 timed_waiting
java.lang.Thread.State: TIMED_WAITING
        at java.base@21.0.8/jdk.internal.misc.Unsafe.park(Native Method)
        at java.base@21.0.8/java.util.concurrent.locks.LockSupport.parkNanos(LockSupport.java:269)
        at java.base@21.0.8/java.util.concurrent.locks.AbstractQueuedSynchronizer$ConditionObject.awaitNanos(AbstractQueuedSynchronizer.java:1763)
        at java.base@21.0.8/java.util.concurrent.ScheduledThreadPoolExecutor$DelayedWorkQueue.take(ScheduledThreadPoolExecutor.java:1182)
        at java.base@21.0.8/java.util.concurrent.ScheduledThreadPoolExecutor$DelayedWorkQueue.take(ScheduledThreadPoolExecutor.java:899)
        at java.base@21.0.8/java.util.concurrent.ThreadPoolExecutor.getTask(ThreadPoolExecutor.java:1070)
        at java.base@21.0.8/java.util.concurrent.ThreadPoolExecutor.runWorker(ThreadPoolExecutor.java:1130)
        at java.base@21.0.8/java.util.concurrent.ThreadPoolExecutor$Worker.run(ThreadPoolExecutor.java:642)
        at java.base@21.0.8/java.lang.Thread.runWith(Thread.java:1596)
        at java.base@21.0.8/java.lang.Thread.run(Thread.java:1583)
"c11f8a16-55ee-4f22-a5a5-7daf2dffa753-impl-thread1" daemon prio=5 tid=715 timed_waiting
java.lang.Thread.State: TIMED_WAITING
        at java.base@21.0.8/jdk.internal.misc.Unsafe.park(Native Method)
        at java.base@21.0.8/java.util.concurrent.locks.LockSupport.parkNanos(LockSupport.java:410)
        at java.base@21.0.8/java.util.concurrent.LinkedTransferQueue$DualNode.await(LinkedTransferQueue.java:452)
        at java.base@21.0.8/java.util.concurrent.SynchronousQueue$Transferer.xferLifo(SynchronousQueue.java:194)
        at java.base@21.0.8/java.util.concurrent.SynchronousQueue.xfer(SynchronousQueue.java:235)
        at java.base@21.0.8/java.util.concurrent.SynchronousQueue.poll(SynchronousQueue.java:338)
        at java.base@21.0.8/java.util.concurrent.ThreadPoolExecutor.getTask(ThreadPoolExecutor.java:1069)
        at java.base@21.0.8/java.util.concurrent.ThreadPoolExecutor.runWorker(ThreadPoolExecutor.java:1130)
        at java.base@21.0.8/java.util.concurrent.ThreadPoolExecutor$Worker.run(ThreadPoolExecutor.java:642)
        at java.base@21.0.8/java.lang.Thread.runWith(Thread.java:1596)
        at java.base@21.0.8/java.lang.Thread.run(Thread.java:1583)
"IPC Server handler 61 on default port 15002" daemon prio=5 tid=181 timed_waiting
java.lang.Thread.State: TIMED_WAITING
        at java.base@21.0.8/jdk.internal.misc.Unsafe.park(Native Method)
        at java.base@21.0.8/java.util.concurrent.locks.LockSupport.parkNanos(LockSupport.java:269)
        at java.base@21.0.8/java.util.concurrent.locks.AbstractQueuedSynchronizer$ConditionObject.awaitNanos(AbstractQueuedSynchronizer.java:1763)
        at java.base@21.0.8/java.util.concurrent.LinkedBlockingQueue.poll(LinkedBlockingQueue.java:460)
        at app//org.apache.hadoop.ipc.CallQueueManager.take(CallQueueManager.java:370)
        at app//org.apache.hadoop.ipc.Server$Handler.run(Server.java:3165)
"IPC Server handler 48 on default port 15003" daemon prio=5 tid=268 timed_waiting
java.lang.Thread.State: TIMED_WAITING
        at java.base@21.0.8/jdk.internal.misc.Unsafe.park(Native Method)
        at java.base@21.0.8/java.util.concurrent.locks.LockSupport.parkNanos(LockSupport.java:269)
        at java.base@21.0.8/java.util.concurrent.locks.AbstractQueuedSynchronizer$ConditionObject.awaitNanos(AbstractQueuedSynchronizer.java:1763)
        at java.base@21.0.8/java.util.concurrent.LinkedBlockingQueue.poll(LinkedBlockingQueue.java:460)
        at app//org.apache.hadoop.ipc.CallQueueManager.take(CallQueueManager.java:370)
        at app//org.apache.hadoop.ipc.Server$Handler.run(Server.java:3165)
"c11f8a16-55ee-4f22-a5a5-7daf2dffa753-ChunkWriter-3-0" daemon prio=5 tid=896 in Object.wait()
java.lang.Thread.State: WAITING (on object monitor)
        at java.base@21.0.8/jdk.internal.misc.Unsafe.park(Native Method)
        at java.base@21.0.8/java.util.concurrent.locks.LockSupport.park(LockSupport.java:371)
        at java.base@21.0.8/java.util.concurrent.locks.AbstractQueuedSynchronizer$ConditionNode.block(AbstractQueuedSynchronizer.java:519)
        at java.base@21.0.8/java.util.concurrent.ForkJoinPool.unmanagedBlock(ForkJoinPool.java:3780)
        at java.base@21.0.8/java.util.concurrent.ForkJoinPool.managedBlock(ForkJoinPool.java:3725)
        at java.base@21.0.8/java.util.concurrent.locks.AbstractQueuedSynchronizer$ConditionObject.await(AbstractQueuedSynchronizer.java:1712)
        at java.base@21.0.8/java.util.concurrent.LinkedBlockingDeque.takeFirst(LinkedBlockingDeque.java:485)
        at java.base@21.0.8/java.util.concurrent.LinkedBlockingDeque.take(LinkedBlockingDeque.java:673)
        at java.base@21.0.8/java.util.concurrent.ThreadPoolExecutor.getTask(ThreadPoolExecutor.java:1070)
        at java.base@21.0.8/java.util.concurrent.ThreadPoolExecutor.runWorker(ThreadPoolExecutor.java:1130)
        at java.base@21.0.8/java.util.concurrent.ThreadPoolExecutor$Worker.run(ThreadPoolExecutor.java:642)
        at java.base@21.0.8/java.lang.Thread.runWith(Thread.java:1596)
        at java.base@21.0.8/java.lang.Thread.run(Thread.java:1583)
"IPC Server handler 3 on default port 15004" daemon prio=5 tid=341 timed_waiting
java.lang.Thread.State: TIMED_WAITING
        at java.base@21.0.8/jdk.internal.misc.Unsafe.park(Native Method)
        at java.base@21.0.8/java.util.concurrent.locks.LockSupport.parkNanos(LockSupport.java:269)
        at java.base@21.0.8/java.util.concurrent.locks.AbstractQueuedSynchronizer$ConditionObject.awaitNanos(AbstractQueuedSynchronizer.java:1763)
        at java.base@21.0.8/java.util.concurrent.LinkedBlockingQueue.poll(LinkedBlockingQueue.java:460)
        at app//org.apache.hadoop.ipc.CallQueueManager.take(CallQueueManager.java:370)
        at app//org.apache.hadoop.ipc.Server$Handler.run(Server.java:3165)
"Socket Reader #6 for port 15029" daemon prio=5 tid=779 runnable
java.lang.Thread.State: RUNNABLE
        at java.base@21.0.8/sun.nio.ch.EPoll.wait(Native Method)
        at java.base@21.0.8/sun.nio.ch.EPollSelectorImpl.doSelect(EPollSelectorImpl.java:121)
        at java.base@21.0.8/sun.nio.ch.SelectorImpl.lockAndDoSelect(SelectorImpl.java:130)
        at java.base@21.0.8/sun.nio.ch.SelectorImpl.select(SelectorImpl.java:147)
        at app//org.apache.hadoop.ipc.Server$Listener$Reader.doRunLoop(Server.java:1497)
        at app//org.apache.hadoop.ipc.Server$Listener$Reader.run(Server.java:1476)
"fc0351b7-0c71-4a2a-a0ca-337e5c0b1c14-impl-thread1" daemon prio=5 tid=814 timed_waiting
java.lang.Thread.State: TIMED_WAITING
        at java.base@21.0.8/jdk.internal.misc.Unsafe.park(Native Method)
        at java.base@21.0.8/java.util.concurrent.locks.LockSupport.parkNanos(LockSupport.java:410)
        at java.base@21.0.8/java.util.concurrent.LinkedTransferQueue$DualNode.await(LinkedTransferQueue.java:452)
        at java.base@21.0.8/java.util.concurrent.SynchronousQueue$Transferer.xferLifo(SynchronousQueue.java:194)
        at java.base@21.0.8/java.util.concurrent.SynchronousQueue.xfer(SynchronousQueue.java:235)
        at java.base@21.0.8/java.util.concurrent.SynchronousQueue.poll(SynchronousQueue.java:338)
        at java.base@21.0.8/java.util.concurrent.ThreadPoolExecutor.getTask(ThreadPoolExecutor.java:1069)
        at java.base@21.0.8/java.util.concurrent.ThreadPoolExecutor.runWorker(ThreadPoolExecutor.java:1130)
        at java.base@21.0.8/java.util.concurrent.ThreadPoolExecutor$Worker.run(ThreadPoolExecutor.java:642)
        at java.base@21.0.8/java.lang.Thread.runWith(Thread.java:1596)
        at java.base@21.0.8/java.lang.Thread.run(Thread.java:1583)
"SSL Certificates Store Monitor" daemon prio=5 tid=1354 terminated
java.lang.Thread.State: TERMINATED
        at java.base@21.0.8/java.lang.Object.wait0(Native Method)
        at java.base@21.0.8/java.lang.Object.wait(Object.java:366)
        at java.base@21.0.8/java.lang.Object.wait(Object.java:339)
        at java.base@21.0.8/java.util.TimerThread.mainLoop(Timer.java:537)
        at java.base@21.0.8/java.util.TimerThread.run(Timer.java:516)
"Socket Reader #2 for port 15008" daemon prio=5 tid=451 runnable
java.lang.Thread.State: RUNNABLE
        at java.base@21.0.8/sun.nio.ch.EPoll.wait(Native Method)
        at java.base@21.0.8/sun.nio.ch.EPollSelectorImpl.doSelect(EPollSelectorImpl.java:121)
        at java.base@21.0.8/sun.nio.ch.SelectorImpl.lockAndDoSelect(SelectorImpl.java:130)
        at java.base@21.0.8/sun.nio.ch.SelectorImpl.select(SelectorImpl.java:147)
        at app//org.apache.hadoop.ipc.Server$Listener$Reader.doRunLoop(Server.java:1497)
        at app//org.apache.hadoop.ipc.Server$Listener$Reader.run(Server.java:1476)
"qtp1213220498-764" daemon prio=5 tid=764 runnable
java.lang.Thread.State: RUNNABLE
        at java.base@21.0.8/sun.nio.ch.EPoll.wait(Native Method)
        at java.base@21.0.8/sun.nio.ch.EPollSelectorImpl.doSelect(EPollSelectorImpl.java:121)
        at java.base@21.0.8/sun.nio.ch.SelectorImpl.lockAndDoSelect(SelectorImpl.java:130)
        at java.base@21.0.8/sun.nio.ch.SelectorImpl.select(SelectorImpl.java:147)
        at app//org.eclipse.jetty.io.ManagedSelector.nioSelect(ManagedSelector.java:183)
        at app//org.eclipse.jetty.io.ManagedSelector.select(ManagedSelector.java:190)
        at app//org.eclipse.jetty.io.ManagedSelector$SelectorProducer.select(ManagedSelector.java:606)
        at app//org.eclipse.jetty.io.ManagedSelector$SelectorProducer.produce(ManagedSelector.java:543)
        at app//org.eclipse.jetty.util.thread.strategy.EatWhatYouKill.produceTask(EatWhatYouKill.java:362)
        at app//org.eclipse.jetty.util.thread.strategy.EatWhatYouKill.doProduce(EatWhatYouKill.java:186)
        at app//org.eclipse.jetty.util.thread.strategy.EatWhatYouKill.tryProduce(EatWhatYouKill.java:173)
        at app//org.eclipse.jetty.util.thread.strategy.EatWhatYouKill.produce(EatWhatYouKill.java:137)
        at app//org.eclipse.jetty.io.ManagedSelector$$Lambda/0x00007f9d6c6e5f08.run(Unknown Source)
        at app//org.eclipse.jetty.util.thread.QueuedThreadPool.runJob(QueuedThreadPool.java:883)
        at app//org.eclipse.jetty.util.thread.QueuedThreadPool$Runner.run(QueuedThreadPool.java:1034)
        at java.base@21.0.8/java.lang.Thread.runWith(Thread.java:1596)
        at java.base@21.0.8/java.lang.Thread.run(Thread.java:1583)
"fileTable_PartialTableCache-Cleanup-0" daemon prio=5 tid=1147 in Object.wait()
java.lang.Thread.State: WAITING (on object monitor)
        at java.base@21.0.8/jdk.internal.misc.Unsafe.park(Native Method)
        at java.base@21.0.8/java.util.concurrent.locks.LockSupport.park(LockSupport.java:371)
        at java.base@21.0.8/java.util.concurrent.locks.AbstractQueuedSynchronizer$ConditionNode.block(AbstractQueuedSynchronizer.java:519)
        at java.base@21.0.8/java.util.concurrent.ForkJoinPool.unmanagedBlock(ForkJoinPool.java:3780)
        at java.base@21.0.8/java.util.concurrent.ForkJoinPool.managedBlock(ForkJoinPool.java:3725)
        at java.base@21.0.8/java.util.concurrent.locks.AbstractQueuedSynchronizer$ConditionObject.await(AbstractQueuedSynchronizer.java:1712)
        at java.base@21.0.8/java.util.concurrent.LinkedBlockingQueue.take(LinkedBlockingQueue.java:435)
        at java.base@21.0.8/java.util.concurrent.ThreadPoolExecutor.getTask(ThreadPoolExecutor.java:1070)
        at java.base@21.0.8/java.util.concurrent.ThreadPoolExecutor.runWorker(ThreadPoolExecutor.java:1130)
        at java.base@21.0.8/java.util.concurrent.ThreadPoolExecutor$Worker.run(ThreadPoolExecutor.java:642)
        at java.base@21.0.8/java.lang.Thread.runWith(Thread.java:1596)
        at java.base@21.0.8/java.lang.Thread.run(Thread.java:1583)
"IPC Server handler 56 on default port 15004" daemon prio=5 tid=394 timed_waiting
java.lang.Thread.State: TIMED_WAITING
        at java.base@21.0.8/jdk.internal.misc.Unsafe.park(Native Method)
        at java.base@21.0.8/java.util.concurrent.locks.LockSupport.parkNanos(LockSupport.java:269)
        at java.base@21.0.8/java.util.concurrent.locks.AbstractQueuedSynchronizer$ConditionObject.awaitNanos(AbstractQueuedSynchronizer.java:1763)
        at java.base@21.0.8/java.util.concurrent.LinkedBlockingQueue.poll(LinkedBlockingQueue.java:460)
        at app//org.apache.hadoop.ipc.CallQueueManager.take(CallQueueManager.java:370)
        at app//org.apache.hadoop.ipc.Server$Handler.run(Server.java:3165)
"IPC Server handler 64 on default port 15001" daemon prio=5 tid=622 timed_waiting
java.lang.Thread.State: TIMED_WAITING
        at java.base@21.0.8/jdk.internal.misc.Unsafe.park(Native Method)
        at java.base@21.0.8/java.util.concurrent.locks.LockSupport.parkNanos(LockSupport.java:269)
        at java.base@21.0.8/java.util.concurrent.locks.AbstractQueuedSynchronizer$ConditionObject.awaitNanos(AbstractQueuedSynchronizer.java:1763)
        at java.base@21.0.8/java.util.concurrent.LinkedBlockingQueue.poll(LinkedBlockingQueue.java:460)
        at app//org.apache.hadoop.ipc.CallQueueManager.take(CallQueueManager.java:370)
        at app//org.apache.hadoop.ipc.Server$Handler.run(Server.java:3165)
"IPC Server handler 82 on default port 15004" daemon prio=5 tid=420 timed_waiting
java.lang.Thread.State: TIMED_WAITING
        at java.base@21.0.8/jdk.internal.misc.Unsafe.park(Native Method)
        at java.base@21.0.8/java.util.concurrent.locks.LockSupport.parkNanos(LockSupport.java:269)
        at java.base@21.0.8/java.util.concurrent.locks.AbstractQueuedSynchronizer$ConditionObject.awaitNanos(AbstractQueuedSynchronizer.java:1763)
        at java.base@21.0.8/java.util.concurrent.LinkedBlockingQueue.poll(LinkedBlockingQueue.java:460)
        at app//org.apache.hadoop.ipc.CallQueueManager.take(CallQueueManager.java:370)
        at app//org.apache.hadoop.ipc.Server$Handler.run(Server.java:3165)
"StaleRecoveringContainerScrubbingService#0" daemon prio=5 tid=1000 timed_waiting
java.lang.Thread.State: TIMED_WAITING
        at java.base@21.0.8/jdk.internal.misc.Unsafe.park(Native Method)
        at java.base@21.0.8/java.util.concurrent.locks.LockSupport.parkNanos(LockSupport.java:269)
        at java.base@21.0.8/java.util.concurrent.locks.AbstractQueuedSynchronizer$ConditionObject.awaitNanos(AbstractQueuedSynchronizer.java:1763)
        at java.base@21.0.8/java.util.concurrent.ScheduledThreadPoolExecutor$DelayedWorkQueue.take(ScheduledThreadPoolExecutor.java:1182)
        at java.base@21.0.8/java.util.concurrent.ScheduledThreadPoolExecutor$DelayedWorkQueue.take(ScheduledThreadPoolExecutor.java:899)
        at java.base@21.0.8/java.util.concurrent.ThreadPoolExecutor.getTask(ThreadPoolExecutor.java:1070)
        at java.base@21.0.8/java.util.concurrent.ThreadPoolExecutor.runWorker(ThreadPoolExecutor.java:1130)
        at java.base@21.0.8/java.util.concurrent.ThreadPoolExecutor$Worker.run(ThreadPoolExecutor.java:642)
        at java.base@21.0.8/java.lang.Thread.runWith(Thread.java:1596)
        at java.base@21.0.8/java.lang.Thread.run(Thread.java:1583)
"qtp1181622455-551" daemon prio=5 tid=551 timed_waiting
java.lang.Thread.State: TIMED_WAITING
        at java.base@21.0.8/jdk.internal.misc.Unsafe.park(Native Method)
        at java.base@21.0.8/java.util.concurrent.locks.LockSupport.parkNanos(LockSupport.java:269)
        at java.base@21.0.8/java.util.concurrent.locks.AbstractQueuedSynchronizer$ConditionObject.awaitNanos(AbstractQueuedSynchronizer.java:1763)
        at app//org.eclipse.jetty.util.BlockingArrayQueue.poll(BlockingArrayQueue.java:382)
        at app//org.eclipse.jetty.util.thread.QueuedThreadPool$Runner.idleJobPoll(QueuedThreadPool.java:974)
        at app//org.eclipse.jetty.util.thread.QueuedThreadPool$Runner.run(QueuedThreadPool.java:1018)
        at java.base@21.0.8/java.lang.Thread.runWith(Thread.java:1596)
        at java.base@21.0.8/java.lang.Thread.run(Thread.java:1583)
"qtp1213220498-771" daemon prio=5 tid=771 timed_waiting
java.lang.Thread.State: TIMED_WAITING
        at java.base@21.0.8/jdk.internal.misc.Unsafe.park(Native Method)
        at java.base@21.0.8/java.util.concurrent.locks.LockSupport.parkNanos(LockSupport.java:269)
        at java.base@21.0.8/java.util.concurrent.locks.AbstractQueuedSynchronizer$ConditionObject.awaitNanos(AbstractQueuedSynchronizer.java:1763)
        at app//org.eclipse.jetty.util.BlockingArrayQueue.poll(BlockingArrayQueue.java:382)
        at app//org.eclipse.jetty.util.thread.QueuedThreadPool$Runner.idleJobPoll(QueuedThreadPool.java:974)
        at app//org.eclipse.jetty.util.thread.QueuedThreadPool$Runner.run(QueuedThreadPool.java:1018)
        at java.base@21.0.8/java.lang.Thread.runWith(Thread.java:1596)
        at java.base@21.0.8/java.lang.Thread.run(Thread.java:1583)


	at org.apache.ozone.test.GenericTestUtils.waitFor(GenericTestUtils.java:116)
	at org.apache.hadoop.ozone.recon.TestReconAndAdminContainerCLI.compareRMReportToReconResponse(TestReconAndAdminContainerCLI.java:323)
	at org.apache.hadoop.ozone.recon.TestReconAndAdminContainerCLI.testMissingContainer(TestReconAndAdminContainerCLI.java:213)
	at java.base/java.lang.reflect.Method.invoke(Method.java:580)
	at java.base/java.util.concurrent.ForkJoinTask.doExec(ForkJoinTask.java:387)
	at java.base/java.util.concurrent.ForkJoinPool$WorkQueue.topLevelExec(ForkJoinPool.java:1312)
	at java.base/java.util.concurrent.ForkJoinPool.scan(ForkJoinPool.java:1843)
	at java.base/java.util.concurrent.ForkJoinPool.runWorker(ForkJoinPool.java:1808)
	at java.base/java.util.concurrent.ForkJoinWorkerThread.run(ForkJoinWorkerThread.java:188)
]]></error>
    <system-out><![CDATA[2025-10-07 20:51:36,573 [ForkJoinPool-1-worker-1] INFO  reflections.Reflections (Reflections.java:scan(219)) - Reflections took 140 ms to scan 6 urls, producing 136 keys and 307 values
2025-10-07 20:51:36,695 [ForkJoinPool-1-worker-1] INFO  ha.SCMHANodeDetails (SCMHANodeDetails.java:loadSCMHAConfig(162)) - ServiceID for StorageContainerManager is null
2025-10-07 20:51:36,697 [ForkJoinPool-1-worker-1] INFO  ha.SCMHANodeDetails (SCMHANodeDetails.java:loadSCMHAConfig(166)) - ozone.scm.default.service.id is not defined, falling back to ozone.scm.service.ids to find serviceID for StorageContainerManager if it is HA enabled cluster
2025-10-07 20:51:36,832 [ForkJoinPool-1-worker-1] INFO  server.RaftServerConfigKeys (ConfUtils.java:logGet(62)) - raft.server.log.appender.buffer.byte-limit = 4194304 (custom)
2025-10-07 20:51:36,856 [ForkJoinPool-1-worker-1] INFO  server.RaftServer (ConfUtils.java:logGet(62)) - raft.rpc.type = GRPC (default)
2025-10-07 20:51:36,916 [ForkJoinPool-1-worker-1] INFO  grpc.GrpcConfigKeys (ConfUtils.java:logFallback(69)) - raft.grpc.admin.host = null (fallback to raft.grpc.server.host)
2025-10-07 20:51:36,917 [ForkJoinPool-1-worker-1] INFO  grpc.GrpcConfigKeys (ConfUtils.java:logFallback(69)) - raft.grpc.admin.port = 15006 (fallback to raft.grpc.server.port)
2025-10-07 20:51:36,918 [ForkJoinPool-1-worker-1] INFO  grpc.GrpcConfigKeys (ConfUtils.java:logFallback(69)) - raft.grpc.client.host = null (fallback to raft.grpc.server.host)
2025-10-07 20:51:36,918 [ForkJoinPool-1-worker-1] INFO  grpc.GrpcConfigKeys (ConfUtils.java:logFallback(69)) - raft.grpc.client.port = 15006 (fallback to raft.grpc.server.port)
2025-10-07 20:51:36,919 [ForkJoinPool-1-worker-1] INFO  grpc.GrpcConfigKeys (ConfUtils.java:logGet(62)) - raft.grpc.server.port = 15006 (custom)
2025-10-07 20:51:36,919 [ForkJoinPool-1-worker-1] INFO  server.GrpcServicesImpl (ConfUtils.java:logGet(62)) - raft.grpc.message.size.max = 5242880 (custom)
2025-10-07 20:51:36,920 [ForkJoinPool-1-worker-1] INFO  server.GrpcServicesImpl (ConfUtils.java:logGet(62)) - raft.grpc.flow.control.window = 1MB (=1048576) (default)
2025-10-07 20:51:36,921 [ForkJoinPool-1-worker-1] INFO  server.RaftServerConfigKeys (ConfUtils.java:logGet(62)) - raft.server.rpc.request.timeout = 30000ms (custom)
2025-10-07 20:51:36,924 [ForkJoinPool-1-worker-1] INFO  grpc.GrpcConfigKeys (ConfUtils.java:logGet(62)) - raft.grpc.server.heartbeat.channel = true (default)
2025-10-07 20:51:36,924 [ForkJoinPool-1-worker-1] INFO  server.RaftServerConfigKeys (ConfUtils.java:logGet(62)) - raft.server.log.appender.buffer.byte-limit = 4194304 (custom)
2025-10-07 20:51:36,927 [ForkJoinPool-1-worker-1] INFO  grpc.GrpcConfigKeys (ConfUtils.java:logGet(62)) - raft.grpc.server.async.request.thread.pool.cached = true (default)
2025-10-07 20:51:36,927 [ForkJoinPool-1-worker-1] INFO  grpc.GrpcConfigKeys (ConfUtils.java:logGet(62)) - raft.grpc.server.async.request.thread.pool.size = 32 (default)
2025-10-07 20:51:37,076 [ForkJoinPool-1-worker-1] INFO  impl.DataStreamServerImpl (ConfUtils.java:logGet(62)) - raft.datastream.type = DISABLED (default)
2025-10-07 20:51:37,078 [ForkJoinPool-1-worker-1] INFO  server.RaftServerConfigKeys (ConfUtils.java:logGet(62)) - raft.server.sleep.deviation.threshold = 300ms (default)
2025-10-07 20:51:37,079 [ForkJoinPool-1-worker-1] INFO  server.RaftServerConfigKeys (ConfUtils.java:logGet(62)) - raft.server.close.threshold = 60s (default)
2025-10-07 20:51:37,079 [ForkJoinPool-1-worker-1] INFO  server.RaftServerConfigKeys (ConfUtils.java:logGet(62)) - raft.server.leaderelection.leader.step-down.wait-time = 10s (default)
2025-10-07 20:51:37,082 [ForkJoinPool-1-worker-1] INFO  server.RaftServerConfigKeys (ConfUtils.java:logGet(62)) - raft.server.storage.dir = [/home/runner/work/ozone/ozone/hadoop-ozone/integration-test-recon/target/test-dir/MiniOzoneClusterImpl-b15909b8-03a8-4b15-aaa3-a668c086c089/scm/ratis] (custom)
2025-10-07 20:51:37,083 [ForkJoinPool-1-worker-1] INFO  server.RaftServerConfigKeys (ConfUtils.java:logGet(62)) - raft.server.threadpool.proxy.cached = true (default)
2025-10-07 20:51:37,083 [ForkJoinPool-1-worker-1] INFO  server.RaftServerConfigKeys (ConfUtils.java:logGet(62)) - raft.server.threadpool.proxy.size = 0 (default)
2025-10-07 20:51:37,089 [ForkJoinPool-1-worker-1] INFO  server.RaftServer (RaftServerProxy.java:addNew(105)) - 04372c61-9371-4ab6-9533-e94413dada7c: addNew group-A668C086C089:[04372c61-9371-4ab6-9533-e94413dada7c|localhost:15006] returns group-A668C086C089:java.util.concurrent.CompletableFuture@6ec6261a[Not completed]
2025-10-07 20:51:37,105 [04372c61-9371-4ab6-9533-e94413dada7c-groupManagement] INFO  server.RaftServer$Division (RaftServerImpl.java:<init>(268)) - 04372c61-9371-4ab6-9533-e94413dada7c: new RaftServerImpl for group-A668C086C089:[04372c61-9371-4ab6-9533-e94413dada7c|localhost:15006] with SCMStateMachine:uninitialized
2025-10-07 20:51:37,107 [04372c61-9371-4ab6-9533-e94413dada7c-groupManagement] INFO  server.RaftServerConfigKeys (ConfUtils.java:logGet(62)) - raft.server.rpc.timeout.min = 5000ms (custom)
2025-10-07 20:51:37,107 [04372c61-9371-4ab6-9533-e94413dada7c-groupManagement] INFO  server.RaftServerConfigKeys (ConfUtils.java:logGet(62)) - raft.server.rpc.timeout.max = 5200ms (custom)
2025-10-07 20:51:37,107 [04372c61-9371-4ab6-9533-e94413dada7c-groupManagement] INFO  server.RaftServerConfigKeys (ConfUtils.java:logGet(62)) - raft.server.rpc.sleep.time = 25ms (default)
2025-10-07 20:51:37,107 [04372c61-9371-4ab6-9533-e94413dada7c-groupManagement] INFO  server.RaftServerConfigKeys (ConfUtils.java:logGet(62)) - raft.server.rpc.slowness.timeout = 120000ms (custom)
2025-10-07 20:51:37,108 [04372c61-9371-4ab6-9533-e94413dada7c-groupManagement] INFO  server.RaftServerConfigKeys (ConfUtils.java:logGet(62)) - raft.server.leaderelection.member.majority-add = false (default)
2025-10-07 20:51:37,114 [04372c61-9371-4ab6-9533-e94413dada7c-groupManagement] INFO  server.RaftServer$Division (ServerState.java:<init>(114)) - 04372c61-9371-4ab6-9533-e94413dada7c@group-A668C086C089: ConfigurationManager, init=conf: {index: -1, cur=peers:[04372c61-9371-4ab6-9533-e94413dada7c|localhost:15006]|listeners:[], old=null}, confs=<EMPTY_MAP>
2025-10-07 20:51:37,118 [04372c61-9371-4ab6-9533-e94413dada7c-groupManagement] INFO  server.RaftServerConfigKeys (ConfUtils.java:logGet(62)) - raft.server.notification.no-leader.timeout = 60s (default)
2025-10-07 20:51:37,120 [04372c61-9371-4ab6-9533-e94413dada7c-groupManagement] INFO  server.RaftServerConfigKeys (ConfUtils.java:logGet(62)) - raft.server.read.timeout = 10s (default)
2025-10-07 20:51:37,122 [04372c61-9371-4ab6-9533-e94413dada7c-groupManagement] INFO  server.RaftServerConfigKeys (ConfUtils.java:logGet(62)) - raft.server.retrycache.expirytime = 60000ms (default)
2025-10-07 20:51:37,123 [04372c61-9371-4ab6-9533-e94413dada7c-groupManagement] INFO  server.RaftServerConfigKeys (ConfUtils.java:logGet(62)) - raft.server.retrycache.statistics.expirytime = 100ms (default)
2025-10-07 20:51:37,134 [04372c61-9371-4ab6-9533-e94413dada7c-groupManagement] INFO  server.RaftServerConfigKeys (ConfUtils.java:logGet(62)) - raft.server.read.option = DEFAULT (default)
2025-10-07 20:51:37,134 [04372c61-9371-4ab6-9533-e94413dada7c-groupManagement] INFO  server.RaftServerConfigKeys (ConfUtils.java:logGet(62)) - raft.server.read.read-after-write-consistent.write-index-cache.expiry-time = 60s (default)
2025-10-07 20:51:37,259 [04372c61-9371-4ab6-9533-e94413dada7c-groupManagement] INFO  server.RaftServerConfigKeys (ConfUtils.java:logGet(62)) - raft.server.log.appender.install.snapshot.enabled = false (custom)
2025-10-07 20:51:37,260 [04372c61-9371-4ab6-9533-e94413dada7c-groupManagement] INFO  server.RaftServerConfigKeys (ConfUtils.java:logGet(62)) - raft.server.threadpool.server.cached = true (default)
2025-10-07 20:51:37,260 [04372c61-9371-4ab6-9533-e94413dada7c-groupManagement] INFO  server.RaftServerConfigKeys (ConfUtils.java:logGet(62)) - raft.server.threadpool.server.size = 0 (default)
2025-10-07 20:51:37,261 [04372c61-9371-4ab6-9533-e94413dada7c-groupManagement] INFO  server.RaftServerConfigKeys (ConfUtils.java:logGet(62)) - raft.server.threadpool.client.cached = true (default)
2025-10-07 20:51:37,261 [04372c61-9371-4ab6-9533-e94413dada7c-groupManagement] INFO  server.RaftServerConfigKeys (ConfUtils.java:logGet(62)) - raft.server.threadpool.client.size = 0 (default)
2025-10-07 20:51:37,262 [04372c61-9371-4ab6-9533-e94413dada7c-impl-thread1] INFO  server.RaftServerConfigKeys (ConfUtils.java:logGet(62)) - raft.server.storage.free-space.min = 0MB (=0) (default)
2025-10-07 20:51:37,263 [04372c61-9371-4ab6-9533-e94413dada7c-impl-thread1] INFO  server.RaftServerConfigKeys (ConfUtils.java:logGet(62)) - raft.server.log.corruption.policy = EXCEPTION (default)
2025-10-07 20:51:37,268 [04372c61-9371-4ab6-9533-e94413dada7c-impl-thread1] INFO  storage.RaftStorageDirectory (RaftStorageDirectoryImpl.java:analyzeStorage(138)) - The storage directory /home/runner/work/ozone/ozone/hadoop-ozone/integration-test-recon/target/test-dir/MiniOzoneClusterImpl-b15909b8-03a8-4b15-aaa3-a668c086c089/scm/ratis/b15909b8-03a8-4b15-aaa3-a668c086c089 does not exist. Creating ...
2025-10-07 20:51:37,270 [04372c61-9371-4ab6-9533-e94413dada7c-impl-thread1] INFO  storage.RaftStorageDirectory (RaftStorageDirectoryImpl.java:tryLock(229)) - Lock on /home/runner/work/ozone/ozone/hadoop-ozone/integration-test-recon/target/test-dir/MiniOzoneClusterImpl-b15909b8-03a8-4b15-aaa3-a668c086c089/scm/ratis/b15909b8-03a8-4b15-aaa3-a668c086c089/in_use.lock acquired by nodename 132138@localhost
2025-10-07 20:51:37,274 [04372c61-9371-4ab6-9533-e94413dada7c-impl-thread1] INFO  storage.RaftStorage (RaftStorageImpl.java:format(98)) - Storage directory /home/runner/work/ozone/ozone/hadoop-ozone/integration-test-recon/target/test-dir/MiniOzoneClusterImpl-b15909b8-03a8-4b15-aaa3-a668c086c089/scm/ratis/b15909b8-03a8-4b15-aaa3-a668c086c089 has been successfully formatted.
2025-10-07 20:51:37,275 [04372c61-9371-4ab6-9533-e94413dada7c-impl-thread1] INFO  ha.SCMStateMachine (SCMStateMachine.java:lambda$initialize$0(135)) - 04372c61-9371-4ab6-9533-e94413dada7c: initialize group-A668C086C089
2025-10-07 20:51:37,276 [04372c61-9371-4ab6-9533-e94413dada7c-impl-thread1] INFO  server.RaftServerConfigKeys (ConfUtils.java:logGet(62)) - raft.server.log.use.memory = false (default)
2025-10-07 20:51:37,282 [04372c61-9371-4ab6-9533-e94413dada7c-impl-thread1] INFO  server.RaftServerConfigKeys (ConfUtils.java:logGet(62)) - raft.server.log.purge.gap = 1000000 (custom)
2025-10-07 20:51:37,282 [04372c61-9371-4ab6-9533-e94413dada7c-impl-thread1] INFO  server.RaftServerConfigKeys (ConfUtils.java:logGet(62)) - raft.server.log.appender.buffer.byte-limit = 4194304 (custom)
2025-10-07 20:51:37,284 [04372c61-9371-4ab6-9533-e94413dada7c-impl-thread1] INFO  server.RaftServerConfigKeys (ConfUtils.java:logGet(62)) - raft.server.log.statemachine.data.read.timeout = 1000ms (default)
2025-10-07 20:51:37,284 [04372c61-9371-4ab6-9533-e94413dada7c-impl-thread1] INFO  server.RaftServerConfigKeys (ConfUtils.java:logGet(62)) - raft.server.log.purge.preservation.log.num = 0 (default)
2025-10-07 20:51:37,287 [04372c61-9371-4ab6-9533-e94413dada7c-impl-thread1] INFO  server.RaftServerConfigKeys (ConfUtils.java:logGet(62)) - raft.server.log.segment.size.max = 67108864 (custom)
2025-10-07 20:51:37,290 [04372c61-9371-4ab6-9533-e94413dada7c-impl-thread1] INFO  server.RaftServerConfigKeys (ConfUtils.java:logGet(62)) - raft.server.log.segment.cache.num.max = 2 (custom)
2025-10-07 20:51:37,290 [04372c61-9371-4ab6-9533-e94413dada7c-impl-thread1] INFO  server.RaftServerConfigKeys (ConfUtils.java:logGet(62)) - raft.server.log.segment.cache.size.max = 200MB (=209715200) (default)
2025-10-07 20:51:37,291 [04372c61-9371-4ab6-9533-e94413dada7c-impl-thread1] INFO  server.RaftServerConfigKeys (ConfUtils.java:logGet(62)) - raft.server.log.appender.buffer.byte-limit = 4194304 (custom)
2025-10-07 20:51:37,293 [04372c61-9371-4ab6-9533-e94413dada7c-impl-thread1] INFO  util.AwaitToRun (AwaitToRun.java:start(81)) - Thread[#40,04372c61-9371-4ab6-9533-e94413dada7c@group-A668C086C089-cacheEviction-AwaitToRun,5,main] started
2025-10-07 20:51:37,296 [04372c61-9371-4ab6-9533-e94413dada7c-impl-thread1] INFO  segmented.SegmentedRaftLogWorker (SegmentedRaftLogWorker.java:<init>(190)) - new 04372c61-9371-4ab6-9533-e94413dada7c@group-A668C086C089-SegmentedRaftLogWorker for RaftStorageImpl:Storage Directory /home/runner/work/ozone/ozone/hadoop-ozone/integration-test-recon/target/test-dir/MiniOzoneClusterImpl-b15909b8-03a8-4b15-aaa3-a668c086c089/scm/ratis/b15909b8-03a8-4b15-aaa3-a668c086c089
2025-10-07 20:51:37,296 [04372c61-9371-4ab6-9533-e94413dada7c-impl-thread1] INFO  server.RaftServerConfigKeys (ConfUtils.java:logGet(62)) - raft.server.log.queue.byte-limit = 64MB (=67108864) (default)
2025-10-07 20:51:37,297 [04372c61-9371-4ab6-9533-e94413dada7c-impl-thread1] INFO  server.RaftServerConfigKeys (ConfUtils.java:logGet(62)) - raft.server.log.queue.element-limit = 4096 (default)
2025-10-07 20:51:37,298 [04372c61-9371-4ab6-9533-e94413dada7c-impl-thread1] INFO  server.RaftServerConfigKeys (ConfUtils.java:logGet(62)) - raft.server.log.segment.size.max = 67108864 (custom)
2025-10-07 20:51:37,298 [04372c61-9371-4ab6-9533-e94413dada7c-impl-thread1] INFO  server.RaftServerConfigKeys (ConfUtils.java:logGet(62)) - raft.server.log.preallocated.size = 4194304 (custom)
2025-10-07 20:51:37,299 [04372c61-9371-4ab6-9533-e94413dada7c-impl-thread1] INFO  server.RaftServerConfigKeys (ConfUtils.java:logGet(62)) - raft.server.log.force.sync.num = 128 (default)
2025-10-07 20:51:37,299 [04372c61-9371-4ab6-9533-e94413dada7c-impl-thread1] INFO  server.RaftServerConfigKeys (ConfUtils.java:logGet(62)) - raft.server.log.statemachine.data.sync = true (default)
2025-10-07 20:51:37,300 [04372c61-9371-4ab6-9533-e94413dada7c-impl-thread1] INFO  server.RaftServerConfigKeys (ConfUtils.java:logGet(62)) - raft.server.log.statemachine.data.sync.timeout = 10s (default)
2025-10-07 20:51:37,300 [04372c61-9371-4ab6-9533-e94413dada7c-impl-thread1] INFO  server.RaftServerConfigKeys (ConfUtils.java:logGet(62)) - raft.server.log.statemachine.data.sync.timeout.retry = -1 (default)
2025-10-07 20:51:37,302 [04372c61-9371-4ab6-9533-e94413dada7c-impl-thread1] INFO  server.RaftServerConfigKeys (ConfUtils.java:logGet(62)) - raft.server.log.write.buffer.size = 4194312 (custom)
2025-10-07 20:51:37,304 [04372c61-9371-4ab6-9533-e94413dada7c-impl-thread1] INFO  server.RaftServerConfigKeys (ConfUtils.java:logGet(62)) - raft.server.log.appender.buffer.byte-limit = 4194304 (custom)
2025-10-07 20:51:37,304 [04372c61-9371-4ab6-9533-e94413dada7c-impl-thread1] INFO  server.RaftServerConfigKeys (ConfUtils.java:logGet(62)) - raft.server.log.unsafe-flush.enabled = false (default)
2025-10-07 20:51:37,304 [04372c61-9371-4ab6-9533-e94413dada7c-impl-thread1] INFO  server.RaftServerConfigKeys (ConfUtils.java:logGet(62)) - raft.server.log.async-flush.enabled = false (default)
2025-10-07 20:51:37,305 [04372c61-9371-4ab6-9533-e94413dada7c-impl-thread1] INFO  server.RaftServerConfigKeys (ConfUtils.java:logGet(62)) - raft.server.log.statemachine.data.caching.enabled = false (default)
2025-10-07 20:51:37,309 [04372c61-9371-4ab6-9533-e94413dada7c-impl-thread1] INFO  segmented.SegmentedRaftLogWorker (SegmentedRaftLogWorker.java:lambda$new$0(141)) - 04372c61-9371-4ab6-9533-e94413dada7c@group-A668C086C089-SegmentedRaftLogWorker: flushIndex: setUnconditionally 0 -> -1
2025-10-07 20:51:37,309 [04372c61-9371-4ab6-9533-e94413dada7c-impl-thread1] INFO  segmented.SegmentedRaftLogWorker (SegmentedRaftLogWorker.java:lambda$new$0(141)) - 04372c61-9371-4ab6-9533-e94413dada7c@group-A668C086C089-SegmentedRaftLogWorker: safeCacheEvictIndex: setUnconditionally 0 -> -1
2025-10-07 20:51:37,311 [04372c61-9371-4ab6-9533-e94413dada7c-impl-thread1] INFO  server.RaftServer$Division (RaftServerImpl.java:start(405)) - 04372c61-9371-4ab6-9533-e94413dada7c@group-A668C086C089: start as a follower, conf=conf: {index: -1, cur=peers:[04372c61-9371-4ab6-9533-e94413dada7c|localhost:15006]|listeners:[], old=null}
2025-10-07 20:51:37,311 [04372c61-9371-4ab6-9533-e94413dada7c-impl-thread1] INFO  server.RaftServer$Division (RaftServerImpl.java:setRole(392)) - 04372c61-9371-4ab6-9533-e94413dada7c@group-A668C086C089: changes role from      null to FOLLOWER at term 0 for startAsFollower
2025-10-07 20:51:37,312 [04372c61-9371-4ab6-9533-e94413dada7c-impl-thread1] INFO  impl.RoleInfo (RoleInfo.java:updateAndGet(148)) - 04372c61-9371-4ab6-9533-e94413dada7c: start 04372c61-9371-4ab6-9533-e94413dada7c@group-A668C086C089-FollowerState
2025-10-07 20:51:37,313 [04372c61-9371-4ab6-9533-e94413dada7c@group-A668C086C089-FollowerState] INFO  server.RaftServerConfigKeys (ConfUtils.java:logGet(62)) - raft.server.rpc.first-election.timeout.min = 1000ms (custom)
2025-10-07 20:51:37,313 [04372c61-9371-4ab6-9533-e94413dada7c@group-A668C086C089-FollowerState] INFO  server.RaftServerConfigKeys (ConfUtils.java:logGet(62)) - raft.server.rpc.first-election.timeout.max = 1200ms (custom)
2025-10-07 20:51:37,314 [04372c61-9371-4ab6-9533-e94413dada7c-impl-thread1] INFO  util.JmxRegister (JmxRegister.java:tryRegister(44)) - Successfully registered JMX Bean with object name Ratis:service=RaftServer,group=group-A668C086C089,id=04372c61-9371-4ab6-9533-e94413dada7c
2025-10-07 20:51:37,315 [04372c61-9371-4ab6-9533-e94413dada7c-impl-thread1] INFO  util.JmxRegister (JmxRegister.java:register(58)) - register mxBean class org.apache.ratis.server.impl.RaftServerJmxAdapter as Ratis:service=RaftServer,group=group-A668C086C089,id=04372c61-9371-4ab6-9533-e94413dada7c
2025-10-07 20:51:37,317 [04372c61-9371-4ab6-9533-e94413dada7c-impl-thread1] INFO  server.RaftServerConfigKeys (ConfUtils.java:logGet(62)) - raft.server.snapshot.trigger-when-stop.enabled = true (default)
2025-10-07 20:51:37,317 [04372c61-9371-4ab6-9533-e94413dada7c-impl-thread1] INFO  server.RaftServerConfigKeys (ConfUtils.java:logGet(62)) - raft.server.snapshot.trigger-when-remove.enabled = true (default)
2025-10-07 20:51:37,318 [04372c61-9371-4ab6-9533-e94413dada7c-impl-thread1] INFO  server.RaftServerConfigKeys (ConfUtils.java:logGet(62)) - raft.server.snapshot.auto.trigger.enabled = true (custom)
2025-10-07 20:51:37,318 [04372c61-9371-4ab6-9533-e94413dada7c-impl-thread1] INFO  server.RaftServerConfigKeys (ConfUtils.java:logGet(62)) - raft.server.snapshot.auto.trigger.threshold = 1000 (custom)
2025-10-07 20:51:37,318 [04372c61-9371-4ab6-9533-e94413dada7c-impl-thread1] INFO  server.RaftServerConfigKeys (ConfUtils.java:logGet(62)) - raft.server.snapshot.retention.file.num = -1 (default)
2025-10-07 20:51:37,319 [04372c61-9371-4ab6-9533-e94413dada7c-impl-thread1] INFO  server.RaftServerConfigKeys (ConfUtils.java:logGet(62)) - raft.server.log.purge.upto.snapshot.index = false (default)
2025-10-07 20:51:37,323 [04372c61-9371-4ab6-9533-e94413dada7c-impl-thread1] INFO  server.RaftServer$Division (RaftServerImpl.java:start(419)) - 04372c61-9371-4ab6-9533-e94413dada7c@group-A668C086C089: Successfully started.
2025-10-07 20:51:37,323 [ForkJoinPool-1-worker-1] INFO  server.RaftServer (RaftServerProxy.java:startImpl(412)) - 04372c61-9371-4ab6-9533-e94413dada7c: start RPC server
2025-10-07 20:51:37,356 [ForkJoinPool-1-worker-1] INFO  server.GrpcServicesImpl (GrpcServicesImpl.java:startImpl(346)) - 04372c61-9371-4ab6-9533-e94413dada7c: GrpcServicesImpl started, listening on 15006
2025-10-07 20:51:37,358 [JvmPauseMonitor0] INFO  util.JvmPauseMonitor (JvmPauseMonitor.java:run(146)) - JvmPauseMonitor-04372c61-9371-4ab6-9533-e94413dada7c: Started
2025-10-07 20:51:38,400 [04372c61-9371-4ab6-9533-e94413dada7c@group-A668C086C089-FollowerState] INFO  impl.FollowerState (FollowerState.java:runImpl(161)) - 04372c61-9371-4ab6-9533-e94413dada7c@group-A668C086C089-FollowerState: change to CANDIDATE, lastRpcElapsedTime:1088318119ns, electionTimeout:1086ms
2025-10-07 20:51:38,401 [04372c61-9371-4ab6-9533-e94413dada7c@group-A668C086C089-FollowerState] INFO  impl.RoleInfo (RoleInfo.java:shutdownFollowerState(121)) - 04372c61-9371-4ab6-9533-e94413dada7c: shutdown 04372c61-9371-4ab6-9533-e94413dada7c@group-A668C086C089-FollowerState
2025-10-07 20:51:38,401 [04372c61-9371-4ab6-9533-e94413dada7c@group-A668C086C089-FollowerState] INFO  server.RaftServer$Division (RaftServerImpl.java:setRole(392)) - 04372c61-9371-4ab6-9533-e94413dada7c@group-A668C086C089: changes role from  FOLLOWER to CANDIDATE at term 0 for changeToCandidate
2025-10-07 20:51:38,404 [04372c61-9371-4ab6-9533-e94413dada7c@group-A668C086C089-FollowerState] INFO  server.RaftServerConfigKeys (ConfUtils.java:logGet(62)) - raft.server.leaderelection.pre-vote = true (default)
2025-10-07 20:51:38,404 [04372c61-9371-4ab6-9533-e94413dada7c@group-A668C086C089-FollowerState] INFO  impl.RoleInfo (RoleInfo.java:updateAndGet(148)) - 04372c61-9371-4ab6-9533-e94413dada7c: start 04372c61-9371-4ab6-9533-e94413dada7c@group-A668C086C089-LeaderElection1
2025-10-07 20:51:38,406 [04372c61-9371-4ab6-9533-e94413dada7c@group-A668C086C089-LeaderElection1] INFO  impl.LeaderElection (LeaderElection.java:askForVotes(448)) - 04372c61-9371-4ab6-9533-e94413dada7c@group-A668C086C089-LeaderElection1 PRE_VOTE round 0: submit vote requests at term 0 for conf: {index: -1, cur=peers:[04372c61-9371-4ab6-9533-e94413dada7c|localhost:15006]|listeners:[], old=null}
2025-10-07 20:51:38,407 [04372c61-9371-4ab6-9533-e94413dada7c@group-A668C086C089-LeaderElection1] INFO  impl.LeaderElection (LeaderElection.java:askForVotes(450)) - 04372c61-9371-4ab6-9533-e94413dada7c@group-A668C086C089-LeaderElection1 PRE_VOTE round 0: result PASSED (term=0)
2025-10-07 20:51:38,409 [04372c61-9371-4ab6-9533-e94413dada7c@group-A668C086C089-LeaderElection1] INFO  impl.LeaderElection (LeaderElection.java:askForVotes(448)) - 04372c61-9371-4ab6-9533-e94413dada7c@group-A668C086C089-LeaderElection1 ELECTION round 0: submit vote requests at term 1 for conf: {index: -1, cur=peers:[04372c61-9371-4ab6-9533-e94413dada7c|localhost:15006]|listeners:[], old=null}
2025-10-07 20:51:38,409 [04372c61-9371-4ab6-9533-e94413dada7c@group-A668C086C089-LeaderElection1] INFO  impl.LeaderElection (LeaderElection.java:askForVotes(450)) - 04372c61-9371-4ab6-9533-e94413dada7c@group-A668C086C089-LeaderElection1 ELECTION round 0: result PASSED (term=1)
2025-10-07 20:51:38,409 [04372c61-9371-4ab6-9533-e94413dada7c@group-A668C086C089-LeaderElection1] INFO  impl.RoleInfo (RoleInfo.java:shutdownLeaderElection(141)) - 04372c61-9371-4ab6-9533-e94413dada7c: shutdown 04372c61-9371-4ab6-9533-e94413dada7c@group-A668C086C089-LeaderElection1
2025-10-07 20:51:38,409 [04372c61-9371-4ab6-9533-e94413dada7c@group-A668C086C089-LeaderElection1] INFO  server.RaftServer$Division (RaftServerImpl.java:setRole(392)) - 04372c61-9371-4ab6-9533-e94413dada7c@group-A668C086C089: changes role from CANDIDATE to LEADER at term 1 for changeToLeader
2025-10-07 20:51:38,413 [04372c61-9371-4ab6-9533-e94413dada7c@group-A668C086C089-LeaderElection1] INFO  server.RaftServerConfigKeys (ConfUtils.java:logGet(62)) - raft.server.staging.catchup.gap = 1000 (default)
2025-10-07 20:51:38,413 [04372c61-9371-4ab6-9533-e94413dada7c@group-A668C086C089-LeaderElection1] INFO  server.RaftServerConfigKeys (ConfUtils.java:logFallback(69)) - raft.server.staging.timeout = 15600ms (fallback to raft.server.rpc.timeout.max)
2025-10-07 20:51:38,415 [04372c61-9371-4ab6-9533-e94413dada7c@group-A668C086C089-LeaderElection1] INFO  server.RaftServerConfigKeys (ConfUtils.java:logGet(62)) - raft.server.write.element-limit = 4096 (default)
2025-10-07 20:51:38,416 [04372c61-9371-4ab6-9533-e94413dada7c@group-A668C086C089-LeaderElection1] INFO  server.RaftServerConfigKeys (ConfUtils.java:logGet(62)) - raft.server.write.byte-limit = 64MB (=67108864) (default)
2025-10-07 20:51:38,418 [04372c61-9371-4ab6-9533-e94413dada7c@group-A668C086C089-LeaderElection1] INFO  server.RaftServerConfigKeys (ConfUtils.java:logGet(62)) - raft.server.watch.timeout = 10s (default)
2025-10-07 20:51:38,418 [04372c61-9371-4ab6-9533-e94413dada7c@group-A668C086C089-LeaderElection1] INFO  server.RaftServerConfigKeys (ConfUtils.java:logGet(62)) - raft.server.watch.timeout.denomination = 1s (default)
2025-10-07 20:51:38,419 [04372c61-9371-4ab6-9533-e94413dada7c@group-A668C086C089-LeaderElection1] INFO  server.RaftServerConfigKeys (ConfUtils.java:logGet(62)) - raft.server.watch.element-limit = 65536 (default)
2025-10-07 20:51:38,423 [04372c61-9371-4ab6-9533-e94413dada7c@group-A668C086C089-LeaderElection1] INFO  server.RaftServerConfigKeys (ConfUtils.java:logGet(62)) - raft.server.read.leader.lease.enabled = false (default)
2025-10-07 20:51:38,424 [04372c61-9371-4ab6-9533-e94413dada7c@group-A668C086C089-LeaderElection1] INFO  server.RaftServerConfigKeys (ConfUtils.java:logGet(62)) - raft.server.read.leader.lease.timeout.ratio = 0.9 (default)
2025-10-07 20:51:38,425 [04372c61-9371-4ab6-9533-e94413dada7c@group-A668C086C089-LeaderElection1] INFO  server.RaftServerConfigKeys (ConfUtils.java:logGet(62)) - raft.server.log.log-metadata.enabled = false (custom)
2025-10-07 20:51:38,425 [04372c61-9371-4ab6-9533-e94413dada7c@group-A668C086C089-LeaderElection1] INFO  server.RaftServerConfigKeys (ConfUtils.java:logGet(62)) - raft.server.write.follower.gap.ratio.max = -1.0 (default)
2025-10-07 20:51:38,426 [04372c61-9371-4ab6-9533-e94413dada7c@group-A668C086C089-LeaderElection1] INFO  impl.RoleInfo (RoleInfo.java:updateAndGet(148)) - 04372c61-9371-4ab6-9533-e94413dada7c: start 04372c61-9371-4ab6-9533-e94413dada7c@group-A668C086C089-LeaderStateImpl
2025-10-07 20:51:38,427 [04372c61-9371-4ab6-9533-e94413dada7c@group-A668C086C089-LeaderElection1] INFO  server.RaftServer$Division (RaftServerImpl.java:setFirstElection(576)) - 04372c61-9371-4ab6-9533-e94413dada7c@group-A668C086C089: set firstElectionSinceStartup to false for becomeLeader
2025-10-07 20:51:38,427 [04372c61-9371-4ab6-9533-e94413dada7c@group-A668C086C089-LeaderElection1] INFO  server.RaftServer$Division (ServerState.java:setLeader(272)) - 04372c61-9371-4ab6-9533-e94413dada7c@group-A668C086C089: change Leader from null to 04372c61-9371-4ab6-9533-e94413dada7c at term 1 for becomeLeader, leader elected after 1309ms
2025-10-07 20:51:38,439 [04372c61-9371-4ab6-9533-e94413dada7c@group-A668C086C089-LeaderElection1] INFO  segmented.SegmentedRaftLogWorker (SegmentedRaftLogWorker.java:startLogSegment(440)) - 04372c61-9371-4ab6-9533-e94413dada7c@group-A668C086C089-SegmentedRaftLogWorker: Starting segment from index:0
2025-10-07 20:51:38,453 [04372c61-9371-4ab6-9533-e94413dada7c@group-A668C086C089-LeaderElection1] INFO  server.RaftServer$Division (ServerState.java:setRaftConf(386)) - 04372c61-9371-4ab6-9533-e94413dada7c@group-A668C086C089: set configuration conf: {index: 0, cur=peers:[04372c61-9371-4ab6-9533-e94413dada7c|localhost:15006]|listeners:[], old=null}
2025-10-07 20:51:38,457 [04372c61-9371-4ab6-9533-e94413dada7c@group-A668C086C089-SegmentedRaftLogWorker] INFO  segmented.BufferedWriteChannel (BufferedWriteChannel.java:open(61)) - open log_inprogress_0 at position 0
2025-10-07 20:51:38,463 [04372c61-9371-4ab6-9533-e94413dada7c@group-A668C086C089-SegmentedRaftLogWorker] INFO  segmented.SegmentedRaftLogWorker (SegmentedRaftLogWorker.java:execute(647)) - 04372c61-9371-4ab6-9533-e94413dada7c@group-A668C086C089-SegmentedRaftLogWorker: created new log segment /home/runner/work/ozone/ozone/hadoop-ozone/integration-test-recon/target/test-dir/MiniOzoneClusterImpl-b15909b8-03a8-4b15-aaa3-a668c086c089/scm/ratis/b15909b8-03a8-4b15-aaa3-a668c086c089/current/log_inprogress_0
2025-10-07 20:51:38,472 [04372c61-9371-4ab6-9533-e94413dada7c@group-A668C086C089-StateMachineUpdater] INFO  server.RaftServer$Division (LeaderStateImpl.java:checkStartIndex(309)) - Leader 04372c61-9371-4ab6-9533-e94413dada7c@group-A668C086C089-LeaderStateImpl is ready since appliedIndex == startIndex == 0
2025-10-07 20:51:39,359 [ForkJoinPool-1-worker-1] INFO  server.RaftServer (RaftServerProxy.java:lambda$close$9(422)) - 04372c61-9371-4ab6-9533-e94413dada7c: close
2025-10-07 20:51:39,360 [04372c61-9371-4ab6-9533-e94413dada7c-impl-thread1] INFO  server.RaftServer$Division (RaftServerImpl.java:lambda$close$1(527)) - 04372c61-9371-4ab6-9533-e94413dada7c@group-A668C086C089: shutdown
2025-10-07 20:51:39,360 [ForkJoinPool-1-worker-1] INFO  server.GrpcServicesImpl (GrpcServicesImpl.java:closeImpl(355)) - 04372c61-9371-4ab6-9533-e94413dada7c: shutdown server GrpcServerProtocolService now
2025-10-07 20:51:39,360 [04372c61-9371-4ab6-9533-e94413dada7c-impl-thread1] INFO  util.JmxRegister (JmxRegister.java:unregister(74)) - Successfully un-registered JMX Bean with object name Ratis:service=RaftServer,group=group-A668C086C089,id=04372c61-9371-4ab6-9533-e94413dada7c
2025-10-07 20:51:39,361 [04372c61-9371-4ab6-9533-e94413dada7c-impl-thread1] INFO  impl.RoleInfo (RoleInfo.java:shutdownLeaderState(103)) - 04372c61-9371-4ab6-9533-e94413dada7c: shutdown 04372c61-9371-4ab6-9533-e94413dada7c@group-A668C086C089-LeaderStateImpl
2025-10-07 20:51:39,365 [04372c61-9371-4ab6-9533-e94413dada7c-impl-thread1] INFO  impl.PendingRequests (PendingRequests.java:sendNotLeaderResponses(287)) - 04372c61-9371-4ab6-9533-e94413dada7c@group-A668C086C089-PendingRequests: sendNotLeaderResponses
2025-10-07 20:51:39,367 [ForkJoinPool-1-worker-1] INFO  server.GrpcServicesImpl (GrpcServicesImpl.java:closeImpl(364)) - 04372c61-9371-4ab6-9533-e94413dada7c: shutdown server GrpcServerProtocolService successfully
2025-10-07 20:51:39,368 [04372c61-9371-4ab6-9533-e94413dada7c-impl-thread1] INFO  impl.StateMachineUpdater (StateMachineUpdater.java:stopAndJoin(163)) - 04372c61-9371-4ab6-9533-e94413dada7c@group-A668C086C089-StateMachineUpdater: set stopIndex = 0
2025-10-07 20:51:39,368 [04372c61-9371-4ab6-9533-e94413dada7c@group-A668C086C089-StateMachineUpdater] INFO  impl.StateMachineUpdater (StateMachineUpdater.java:takeSnapshot(307)) - 04372c61-9371-4ab6-9533-e94413dada7c@group-A668C086C089-StateMachineUpdater: Took a snapshot at index 0
2025-10-07 20:51:39,368 [04372c61-9371-4ab6-9533-e94413dada7c@group-A668C086C089-StateMachineUpdater] INFO  impl.StateMachineUpdater (StateMachineUpdater.java:lambda$new$0(101)) - 04372c61-9371-4ab6-9533-e94413dada7c@group-A668C086C089-StateMachineUpdater: snapshotIndex: updateIncreasingly -1 -> 0
2025-10-07 20:51:39,370 [04372c61-9371-4ab6-9533-e94413dada7c@group-A668C086C089-StateMachineUpdater] INFO  impl.StateMachineUpdater (StateMachineUpdater.java:stop(140)) - 04372c61-9371-4ab6-9533-e94413dada7c@group-A668C086C089-StateMachineUpdater: closing SCMStateMachine, lastApplied=(t:1, i:0)
2025-10-07 20:51:39,371 [04372c61-9371-4ab6-9533-e94413dada7c@group-A668C086C089-cacheEviction-AwaitToRun] INFO  util.AwaitToRun (AwaitToRun.java:run(49)) - 04372c61-9371-4ab6-9533-e94413dada7c@group-A668C086C089-cacheEviction-AwaitToRun-AwaitForSignal is interrupted
2025-10-07 20:51:39,468 [04372c61-9371-4ab6-9533-e94413dada7c-impl-thread1] INFO  segmented.SegmentedRaftLogWorker (SegmentedRaftLogWorker.java:close(254)) - 04372c61-9371-4ab6-9533-e94413dada7c@group-A668C086C089-SegmentedRaftLogWorker close()
2025-10-07 20:51:39,472 [JvmPauseMonitor0] INFO  util.JvmPauseMonitor (JvmPauseMonitor.java:run(152)) - JvmPauseMonitor-04372c61-9371-4ab6-9533-e94413dada7c: Stopped
2025-10-07 20:51:39,503 [ForkJoinPool-1-worker-1] INFO  ha.SCMHANodeDetails (SCMHANodeDetails.java:loadSCMHAConfig(162)) - ServiceID for StorageContainerManager is null
2025-10-07 20:51:39,504 [ForkJoinPool-1-worker-1] INFO  ha.SCMHANodeDetails (SCMHANodeDetails.java:loadSCMHAConfig(166)) - ozone.scm.default.service.id is not defined, falling back to ozone.scm.service.ids to find serviceID for StorageContainerManager if it is HA enabled cluster
2025-10-07 20:51:40,165 [ForkJoinPool-1-worker-1] INFO  net.NodeSchemaLoader (NodeSchemaLoader.java:loadSchemaFromFile(128)) - Loading schema from [jar:file:/home/runner/work/ozone/ozone/hadoop-hdds/common/target/hdds-common-2.1.0-SNAPSHOT.jar!/network-topology-default.xml]
2025-10-07 20:51:40,168 [ForkJoinPool-1-worker-1] INFO  net.NodeSchemaLoader (NodeSchemaLoader.java:loadSchema(175)) - Loading network topology layer schema file
2025-10-07 20:51:40,238 [ForkJoinPool-1-worker-1] INFO  ha.SCMRatisServerImpl (SCMRatisServerImpl.java:<init>(100)) - starting Raft server for scm:04372c61-9371-4ab6-9533-e94413dada7c
2025-10-07 20:51:40,241 [ForkJoinPool-1-worker-1] INFO  server.RaftServerConfigKeys (ConfUtils.java:logGet(62)) - raft.server.log.appender.buffer.byte-limit = 4194304 (custom)
2025-10-07 20:51:40,243 [ForkJoinPool-1-worker-1] INFO  grpc.GrpcConfigKeys (ConfUtils.java:logFallback(69)) - raft.grpc.admin.host = null (fallback to raft.grpc.server.host)
2025-10-07 20:51:40,243 [ForkJoinPool-1-worker-1] INFO  grpc.GrpcConfigKeys (ConfUtils.java:logFallback(69)) - raft.grpc.admin.port = 15006 (fallback to raft.grpc.server.port)
2025-10-07 20:51:40,243 [ForkJoinPool-1-worker-1] INFO  grpc.GrpcConfigKeys (ConfUtils.java:logFallback(69)) - raft.grpc.client.host = null (fallback to raft.grpc.server.host)
2025-10-07 20:51:40,244 [ForkJoinPool-1-worker-1] INFO  grpc.GrpcConfigKeys (ConfUtils.java:logFallback(69)) - raft.grpc.client.port = 15006 (fallback to raft.grpc.server.port)
2025-10-07 20:51:40,244 [ForkJoinPool-1-worker-1] INFO  server.GrpcServicesImpl (ConfUtils.java:logGet(62)) - raft.grpc.message.size.max = 5242880 (custom)
2025-10-07 20:51:40,244 [ForkJoinPool-1-worker-1] INFO  server.RaftServerConfigKeys (ConfUtils.java:logGet(62)) - raft.server.log.appender.buffer.byte-limit = 4194304 (custom)
2025-10-07 20:51:40,246 [04372c61-9371-4ab6-9533-e94413dada7c-impl-thread1] INFO  server.RaftServer (RaftServerProxy.java:initGroupDir(270)) - 04372c61-9371-4ab6-9533-e94413dada7c: found a subdirectory /home/runner/work/ozone/ozone/hadoop-ozone/integration-test-recon/target/test-dir/MiniOzoneClusterImpl-b15909b8-03a8-4b15-aaa3-a668c086c089/scm/ratis/b15909b8-03a8-4b15-aaa3-a668c086c089
2025-10-07 20:51:40,246 [ForkJoinPool-1-worker-1] INFO  server.RaftServer (RaftServerProxy.java:addNew(105)) - 04372c61-9371-4ab6-9533-e94413dada7c: addNew group-A668C086C089:[] returns group-A668C086C089:java.util.concurrent.CompletableFuture@5043e95b[Not completed]
2025-10-07 20:51:40,249 [04372c61-9371-4ab6-9533-e94413dada7c-groupManagement] INFO  server.RaftServer$Division (RaftServerImpl.java:<init>(268)) - 04372c61-9371-4ab6-9533-e94413dada7c: new RaftServerImpl for group-A668C086C089:[] with SCMStateMachine:uninitialized
2025-10-07 20:51:40,249 [04372c61-9371-4ab6-9533-e94413dada7c-groupManagement] INFO  server.RaftServer$Division (ServerState.java:<init>(114)) - 04372c61-9371-4ab6-9533-e94413dada7c@group-A668C086C089: ConfigurationManager, init=conf: {index: -1, cur=peers:[]|listeners:[], old=null}, confs=<EMPTY_MAP>
2025-10-07 20:51:40,257 [ForkJoinPool-1-worker-1] INFO  ha.SCMSnapshotProvider (SCMSnapshotProvider.java:<init>(61)) - Initializing SCM Snapshot Provider
2025-10-07 20:51:40,279 [ForkJoinPool-1-worker-1] INFO  upgrade.AbstractLayoutVersionManager (AbstractLayoutVersionManager.java:init(80)) - Initializing Layout version manager with metadata layout = WITNESSED_CONTAINER_DB_PROTO_VALUE (version = 9), software layout = WITNESSED_CONTAINER_DB_PROTO_VALUE (version = 9)
2025-10-07 20:51:40,304 [ForkJoinPool-1-worker-1] INFO  ha.SequenceIdGenerator (SequenceIdGenerator.java:upgradeToSequenceId(353)) - upgrade localId to 115816896921600000
2025-10-07 20:51:40,305 [ForkJoinPool-1-worker-1] INFO  ha.SequenceIdGenerator (SequenceIdGenerator.java:upgradeToSequenceId(363)) - upgrade delTxnId to 0
2025-10-07 20:51:40,310 [ForkJoinPool-1-worker-1] INFO  ha.SequenceIdGenerator (SequenceIdGenerator.java:upgradeToSequenceId(379)) - upgrade containerId to 0
2025-10-07 20:51:40,312 [ForkJoinPool-1-worker-1] INFO  ha.SequenceIdGenerator (SequenceIdGenerator.java:upgradeToCertificateSequenceId(414)) - upgrade CertificateId to 2
2025-10-07 20:51:40,314 [ForkJoinPool-1-worker-1] INFO  ha.SequenceIdGenerator (SequenceIdGenerator.java:<init>(231)) - Init the HA SequenceIdGenerator.
2025-10-07 20:51:40,349 [ForkJoinPool-1-worker-1] INFO  node.SCMNodeManager (SCMNodeManager.java:<init>(180)) - Entering startup safe mode.
2025-10-07 20:51:40,359 [ForkJoinPool-1-worker-1] INFO  algorithms.ContainerPlacementPolicyFactory (ContainerPlacementPolicyFactory.java:getPolicyInternal(83)) - Create container placement policy of type org.apache.hadoop.hdds.scm.container.placement.algorithms.SCMContainerPlacementRackAware
2025-10-07 20:51:40,362 [ForkJoinPool-1-worker-1] INFO  algorithms.ContainerPlacementPolicyFactory (ContainerPlacementPolicyFactory.java:getPolicyInternal(83)) - Create container placement policy of type org.apache.hadoop.hdds.scm.container.placement.algorithms.SCMContainerPlacementRackScatter
2025-10-07 20:51:40,369 [ForkJoinPool-1-worker-1] INFO  pipeline.PipelineStateManagerImpl (PipelineStateManagerImpl.java:initialize(75)) - No pipeline exists in current db
2025-10-07 20:51:40,379 [ForkJoinPool-1-worker-1] INFO  algorithms.LeaderChoosePolicyFactory (LeaderChoosePolicyFactory.java:getPolicy(55)) - Create leader choose policy of type org.apache.hadoop.hdds.scm.pipeline.leader.choose.algorithms.MinLeaderCountChoosePolicy
2025-10-07 20:51:40,380 [ForkJoinPool-1-worker-1] INFO  algorithms.ContainerPlacementPolicyFactory (ContainerPlacementPolicyFactory.java:getPolicyInternal(83)) - Create container placement policy of type org.apache.hadoop.hdds.scm.container.placement.algorithms.SCMContainerPlacementRackScatter
2025-10-07 20:51:40,387 [ForkJoinPool-1-worker-1] INFO  ha.SCMServiceManager (SCMServiceManager.java:register(42)) - Registering service BackgroundPipelineCreator.
2025-10-07 20:51:40,387 [ForkJoinPool-1-worker-1] INFO  pipeline.BackgroundPipelineCreator (BackgroundPipelineCreator.java:start(126)) - Starting RatisPipelineUtilsThread.
2025-10-07 20:51:40,389 [ForkJoinPool-1-worker-1] INFO  BackgroundPipelineScrubber (BackgroundSCMService.java:start(64)) - Starting BackgroundPipelineScrubber Service.
2025-10-07 20:51:40,390 [ForkJoinPool-1-worker-1] INFO  ha.SCMServiceManager (SCMServiceManager.java:register(42)) - Registering service BackgroundPipelineScrubber.
2025-10-07 20:51:40,395 [ForkJoinPool-1-worker-1] INFO  ExpiredContainerReplicaOpScrubber (BackgroundSCMService.java:start(64)) - Starting ExpiredContainerReplicaOpScrubber Service.
2025-10-07 20:51:40,395 [ForkJoinPool-1-worker-1] INFO  ha.SCMServiceManager (SCMServiceManager.java:register(42)) - Registering service ExpiredContainerReplicaOpScrubber.
2025-10-07 20:51:40,416 [ForkJoinPool-1-worker-1] INFO  algorithms.PipelineChoosePolicyFactory (PipelineChoosePolicyFactory.java:createPipelineChoosePolicyFromClass(78)) - Create pipeline choose policy of type org.apache.hadoop.hdds.scm.pipeline.choose.algorithms.RandomPipelineChoosePolicy
2025-10-07 20:51:40,417 [ForkJoinPool-1-worker-1] INFO  algorithms.PipelineChoosePolicyFactory (PipelineChoosePolicyFactory.java:createPipelineChoosePolicyFromClass(78)) - Create pipeline choose policy of type org.apache.hadoop.hdds.scm.pipeline.choose.algorithms.RandomPipelineChoosePolicy
2025-10-07 20:51:40,443 [ForkJoinPool-1-worker-1] INFO  ha.SCMServiceManager (SCMServiceManager.java:register(42)) - Registering service SCMBlockDeletingService.
2025-10-07 20:51:40,489 [ForkJoinPool-1-worker-1] INFO  replication.ReplicationManager (ReplicationManager.java:start(287)) - Starting Replication Monitor Thread.
2025-10-07 20:51:40,490 [ForkJoinPool-1-worker-1] INFO  ha.SCMServiceManager (SCMServiceManager.java:register(42)) - Registering service ReplicationManager.
2025-10-07 20:51:40,498 [ForkJoinPool-1-worker-1] INFO  safemode.RatisContainerSafeModeRule (RatisContainerSafeModeRule.java:initializeRule(160)) - Refreshed Containers with one replica threshold count 0.
2025-10-07 20:51:40,499 [ForkJoinPool-1-worker-1] INFO  safemode.ECContainerSafeModeRule (ECContainerSafeModeRule.java:initializeRule(204)) - Refreshed Containers with ec n replica threshold count 0.
2025-10-07 20:51:40,503 [ForkJoinPool-1-worker-1] INFO  safemode.HealthyPipelineSafeModeRule (HealthyPipelineSafeModeRule.java:initializeRule(232)) - Total pipeline count is 0, healthy pipeline threshold count is 1
2025-10-07 20:51:40,505 [ForkJoinPool-1-worker-1] INFO  safemode.OneReplicaPipelineSafeModeRule (OneReplicaPipelineSafeModeRule.java:initializeRule(190)) - Total pipeline count is 0, pipeline's with at least one datanode reported threshold count is 0
2025-10-07 20:51:40,536 [ForkJoinPool-1-worker-1] WARN  util.NativeCodeLoader (NativeCodeLoader.java:<clinit>(60)) - Unable to load native-hadoop library for your platform... using builtin-java classes where applicable
2025-10-07 20:51:40,550 [ForkJoinPool-1-worker-1] INFO  server.StorageContainerManager (StorageContainerManager.java:<init>(432)) - SCM start with adminUsers: [runner]
2025-10-07 20:51:40,738 [ForkJoinPool-1-worker-1] INFO  audit.AuditLogger (AuditLogger.java:refreshDebugCmdSet(133)) - Refresh DebugCmdSet for SCMAudit to [].
2025-10-07 20:51:40,756 [ForkJoinPool-1-worker-1] INFO  ipc.CallQueueManager (CallQueueManager.java:<init>(93)) - Using callQueue: class java.util.concurrent.LinkedBlockingQueue, queueCapacity: 10000, scheduler: class org.apache.hadoop.ipc.DefaultRpcScheduler, ipcBackoff: false, ipcFailOver: false.
2025-10-07 20:51:40,774 [ForkJoinPool-1-worker-1] INFO  ipc.Server (Server.java:<init>(1438)) - Listener at 0.0.0.0:15004
2025-10-07 20:51:40,775 [Socket Reader #1 for port 15004] INFO  ipc.Server (Server.java:run(1474)) - Starting Socket Reader #1 for port 15004
2025-10-07 20:51:40,776 [Socket Reader #2 for port 15004] INFO  ipc.Server (Server.java:run(1474)) - Starting Socket Reader #2 for port 15004
2025-10-07 20:51:40,776 [Socket Reader #3 for port 15004] INFO  ipc.Server (Server.java:run(1474)) - Starting Socket Reader #3 for port 15004
2025-10-07 20:51:40,777 [Socket Reader #4 for port 15004] INFO  ipc.Server (Server.java:run(1474)) - Starting Socket Reader #4 for port 15004
2025-10-07 20:51:40,777 [Socket Reader #5 for port 15004] INFO  ipc.Server (Server.java:run(1474)) - Starting Socket Reader #5 for port 15004
2025-10-07 20:51:40,778 [Socket Reader #6 for port 15004] INFO  ipc.Server (Server.java:run(1474)) - Starting Socket Reader #6 for port 15004
2025-10-07 20:51:40,779 [Socket Reader #7 for port 15004] INFO  ipc.Server (Server.java:run(1474)) - Starting Socket Reader #7 for port 15004
2025-10-07 20:51:40,780 [Socket Reader #8 for port 15004] INFO  ipc.Server (Server.java:run(1474)) - Starting Socket Reader #8 for port 15004
2025-10-07 20:51:40,780 [Socket Reader #9 for port 15004] INFO  ipc.Server (Server.java:run(1474)) - Starting Socket Reader #9 for port 15004
2025-10-07 20:51:40,781 [Socket Reader #10 for port 15004] INFO  ipc.Server (Server.java:run(1474)) - Starting Socket Reader #10 for port 15004
2025-10-07 20:51:40,811 [ForkJoinPool-1-worker-1] INFO  audit.AuditLogger (AuditLogger.java:refreshDebugCmdSet(133)) - Refresh DebugCmdSet for SCMAudit to [].
2025-10-07 20:51:40,816 [ForkJoinPool-1-worker-1] INFO  ipc.CallQueueManager (CallQueueManager.java:<init>(93)) - Using callQueue: class java.util.concurrent.LinkedBlockingQueue, queueCapacity: 10000, scheduler: class org.apache.hadoop.ipc.DefaultRpcScheduler, ipcBackoff: false, ipcFailOver: false.
2025-10-07 20:51:40,817 [ForkJoinPool-1-worker-1] INFO  ipc.Server (Server.java:<init>(1438)) - Listener at 0.0.0.0:15003
2025-10-07 20:51:40,817 [Socket Reader #1 for port 15003] INFO  ipc.Server (Server.java:run(1474)) - Starting Socket Reader #1 for port 15003
2025-10-07 20:51:40,818 [Socket Reader #2 for port 15003] INFO  ipc.Server (Server.java:run(1474)) - Starting Socket Reader #2 for port 15003
2025-10-07 20:51:40,818 [Socket Reader #3 for port 15003] INFO  ipc.Server (Server.java:run(1474)) - Starting Socket Reader #3 for port 15003
2025-10-07 20:51:40,819 [Socket Reader #4 for port 15003] INFO  ipc.Server (Server.java:run(1474)) - Starting Socket Reader #4 for port 15003
2025-10-07 20:51:40,820 [Socket Reader #5 for port 15003] INFO  ipc.Server (Server.java:run(1474)) - Starting Socket Reader #5 for port 15003
2025-10-07 20:51:40,820 [Socket Reader #6 for port 15003] INFO  ipc.Server (Server.java:run(1474)) - Starting Socket Reader #6 for port 15003
2025-10-07 20:51:40,821 [Socket Reader #7 for port 15003] INFO  ipc.Server (Server.java:run(1474)) - Starting Socket Reader #7 for port 15003
2025-10-07 20:51:40,821 [Socket Reader #8 for port 15003] INFO  ipc.Server (Server.java:run(1474)) - Starting Socket Reader #8 for port 15003
2025-10-07 20:51:40,822 [Socket Reader #9 for port 15003] INFO  ipc.Server (Server.java:run(1474)) - Starting Socket Reader #9 for port 15003
2025-10-07 20:51:40,822 [Socket Reader #10 for port 15003] INFO  ipc.Server (Server.java:run(1474)) - Starting Socket Reader #10 for port 15003
2025-10-07 20:51:40,847 [ForkJoinPool-1-worker-1] INFO  audit.AuditLogger (AuditLogger.java:refreshDebugCmdSet(133)) - Refresh DebugCmdSet for SCMAudit to [].
2025-10-07 20:51:40,857 [ForkJoinPool-1-worker-1] INFO  ipc.CallQueueManager (CallQueueManager.java:<init>(93)) - Using callQueue: class java.util.concurrent.LinkedBlockingQueue, queueCapacity: 10000, scheduler: class org.apache.hadoop.ipc.DefaultRpcScheduler, ipcBackoff: false, ipcFailOver: false.
2025-10-07 20:51:40,857 [ForkJoinPool-1-worker-1] INFO  ipc.Server (Server.java:<init>(1438)) - Listener at 0.0.0.0:15002
2025-10-07 20:51:40,863 [Socket Reader #1 for port 15002] INFO  ipc.Server (Server.java:run(1474)) - Starting Socket Reader #1 for port 15002
2025-10-07 20:51:40,863 [Socket Reader #2 for port 15002] INFO  ipc.Server (Server.java:run(1474)) - Starting Socket Reader #2 for port 15002
2025-10-07 20:51:40,863 [Socket Reader #3 for port 15002] INFO  ipc.Server (Server.java:run(1474)) - Starting Socket Reader #3 for port 15002
2025-10-07 20:51:40,864 [Socket Reader #5 for port 15002] INFO  ipc.Server (Server.java:run(1474)) - Starting Socket Reader #5 for port 15002
2025-10-07 20:51:40,865 [Socket Reader #6 for port 15002] INFO  ipc.Server (Server.java:run(1474)) - Starting Socket Reader #6 for port 15002
2025-10-07 20:51:40,865 [Socket Reader #7 for port 15002] INFO  ipc.Server (Server.java:run(1474)) - Starting Socket Reader #7 for port 15002
2025-10-07 20:51:40,863 [Socket Reader #4 for port 15002] INFO  ipc.Server (Server.java:run(1474)) - Starting Socket Reader #4 for port 15002
2025-10-07 20:51:40,866 [Socket Reader #8 for port 15002] INFO  ipc.Server (Server.java:run(1474)) - Starting Socket Reader #8 for port 15002
2025-10-07 20:51:40,866 [Socket Reader #9 for port 15002] INFO  ipc.Server (Server.java:run(1474)) - Starting Socket Reader #9 for port 15002
2025-10-07 20:51:40,866 [Socket Reader #10 for port 15002] INFO  ipc.Server (Server.java:run(1474)) - Starting Socket Reader #10 for port 15002
2025-10-07 20:51:40,916 [ForkJoinPool-1-worker-1] INFO  ha.SCMServiceManager (SCMServiceManager.java:register(42)) - Registering service ContainerBalancer.
2025-10-07 20:51:40,916 [ForkJoinPool-1-worker-1] INFO  ha.SCMContext (SCMContext.java:updateSafeModeStatus(224)) - Update SafeModeStatus from SafeModeStatus{safeModeStatus=true, preCheckPassed=false} to SafeModeStatus{safeModeStatus=true, preCheckPassed=false}.
2025-10-07 20:51:40,924 [ForkJoinPool-1-worker-1] INFO  server.StorageContainerManager (StorageContainerManager.java:start(1515)) - StorageContainerLocationProtocol RPC server is listening at /0.0.0.0:15002
2025-10-07 20:51:40,924 [ForkJoinPool-1-worker-1] INFO  ha.SCMRatisServerImpl (SCMRatisServerImpl.java:start(203)) - starting ratis server 0.0.0.0:15006
2025-10-07 20:51:40,926 [04372c61-9371-4ab6-9533-e94413dada7c-impl-thread1] INFO  storage.RaftStorageDirectory (RaftStorageDirectoryImpl.java:tryLock(229)) - Lock on /home/runner/work/ozone/ozone/hadoop-ozone/integration-test-recon/target/test-dir/MiniOzoneClusterImpl-b15909b8-03a8-4b15-aaa3-a668c086c089/scm/ratis/b15909b8-03a8-4b15-aaa3-a668c086c089/in_use.lock acquired by nodename 132138@localhost
2025-10-07 20:51:40,927 [04372c61-9371-4ab6-9533-e94413dada7c-impl-thread1] INFO  storage.RaftStorage (RaftStorageImpl.java:analyzeAndRecoverStorage(118)) - Read RaftStorageMetadata{term=1, votedFor=04372c61-9371-4ab6-9533-e94413dada7c} from /home/runner/work/ozone/ozone/hadoop-ozone/integration-test-recon/target/test-dir/MiniOzoneClusterImpl-b15909b8-03a8-4b15-aaa3-a668c086c089/scm/ratis/b15909b8-03a8-4b15-aaa3-a668c086c089/current/raft-meta
2025-10-07 20:51:40,930 [04372c61-9371-4ab6-9533-e94413dada7c-impl-thread1] INFO  server.RaftServer$Division (ServerState.java:setRaftConf(386)) - 04372c61-9371-4ab6-9533-e94413dada7c@group-A668C086C089: set configuration conf: {index: 0, cur=peers:[04372c61-9371-4ab6-9533-e94413dada7c|localhost:15006]|listeners:[], old=null}
2025-10-07 20:51:40,930 [04372c61-9371-4ab6-9533-e94413dada7c-impl-thread1] INFO  ha.SCMStateMachine (SCMStateMachine.java:lambda$initialize$0(135)) - 04372c61-9371-4ab6-9533-e94413dada7c: initialize group-A668C086C089
2025-10-07 20:51:40,930 [04372c61-9371-4ab6-9533-e94413dada7c-impl-thread1] INFO  server.RaftServerConfigKeys (ConfUtils.java:logGet(62)) - raft.server.log.appender.buffer.byte-limit = 4194304 (custom)
2025-10-07 20:51:40,933 [04372c61-9371-4ab6-9533-e94413dada7c-impl-thread1] INFO  server.RaftServerConfigKeys (ConfUtils.java:logGet(62)) - raft.server.log.segment.size.max = 67108864 (custom)
2025-10-07 20:51:40,934 [04372c61-9371-4ab6-9533-e94413dada7c-impl-thread1] INFO  server.RaftServerConfigKeys (ConfUtils.java:logGet(62)) - raft.server.log.appender.buffer.byte-limit = 4194304 (custom)
2025-10-07 20:51:40,935 [04372c61-9371-4ab6-9533-e94413dada7c-impl-thread1] INFO  util.AwaitToRun (AwaitToRun.java:start(81)) - Thread[#113,04372c61-9371-4ab6-9533-e94413dada7c@group-A668C086C089-cacheEviction-AwaitToRun,5,main] started
2025-10-07 20:51:40,935 [04372c61-9371-4ab6-9533-e94413dada7c-impl-thread1] INFO  segmented.SegmentedRaftLogWorker (SegmentedRaftLogWorker.java:<init>(190)) - new 04372c61-9371-4ab6-9533-e94413dada7c@group-A668C086C089-SegmentedRaftLogWorker for RaftStorageImpl:Storage Directory /home/runner/work/ozone/ozone/hadoop-ozone/integration-test-recon/target/test-dir/MiniOzoneClusterImpl-b15909b8-03a8-4b15-aaa3-a668c086c089/scm/ratis/b15909b8-03a8-4b15-aaa3-a668c086c089
2025-10-07 20:51:40,935 [04372c61-9371-4ab6-9533-e94413dada7c-impl-thread1] INFO  server.RaftServerConfigKeys (ConfUtils.java:logGet(62)) - raft.server.log.segment.size.max = 67108864 (custom)
2025-10-07 20:51:40,935 [04372c61-9371-4ab6-9533-e94413dada7c-impl-thread1] INFO  server.RaftServerConfigKeys (ConfUtils.java:logGet(62)) - raft.server.log.preallocated.size = 4194304 (custom)
2025-10-07 20:51:40,935 [04372c61-9371-4ab6-9533-e94413dada7c-impl-thread1] INFO  server.RaftServerConfigKeys (ConfUtils.java:logGet(62)) - raft.server.log.write.buffer.size = 4194312 (custom)
2025-10-07 20:51:40,937 [04372c61-9371-4ab6-9533-e94413dada7c-impl-thread1] INFO  server.RaftServerConfigKeys (ConfUtils.java:logGet(62)) - raft.server.log.appender.buffer.byte-limit = 4194304 (custom)
2025-10-07 20:51:40,942 [04372c61-9371-4ab6-9533-e94413dada7c-impl-thread1] INFO  server.RaftServer$Division (ServerState.java:setRaftConf(386)) - 04372c61-9371-4ab6-9533-e94413dada7c@group-A668C086C089: set configuration conf: {index: 0, cur=peers:[04372c61-9371-4ab6-9533-e94413dada7c|localhost:15006]|listeners:[], old=null}
2025-10-07 20:51:40,942 [04372c61-9371-4ab6-9533-e94413dada7c-impl-thread1] INFO  segmented.LogSegment (LogSegment.java:loadSegment(171)) - Successfully read 1 entries from segment file /home/runner/work/ozone/ozone/hadoop-ozone/integration-test-recon/target/test-dir/MiniOzoneClusterImpl-b15909b8-03a8-4b15-aaa3-a668c086c089/scm/ratis/b15909b8-03a8-4b15-aaa3-a668c086c089/current/log_inprogress_0
2025-10-07 20:51:40,943 [04372c61-9371-4ab6-9533-e94413dada7c-impl-thread1] INFO  segmented.SegmentedRaftLogWorker (SegmentedRaftLogWorker.java:lambda$new$0(141)) - 04372c61-9371-4ab6-9533-e94413dada7c@group-A668C086C089-SegmentedRaftLogWorker: safeCacheEvictIndex: setUnconditionally 0 -> -1
2025-10-07 20:51:40,943 [04372c61-9371-4ab6-9533-e94413dada7c-impl-thread1] INFO  segmented.BufferedWriteChannel (BufferedWriteChannel.java:open(61)) - open log_inprogress_0 (append) at position 76
2025-10-07 20:51:40,944 [04372c61-9371-4ab6-9533-e94413dada7c-impl-thread1] INFO  server.RaftServer$Division (RaftServerImpl.java:start(405)) - 04372c61-9371-4ab6-9533-e94413dada7c@group-A668C086C089: start as a follower, conf=conf: {index: 0, cur=peers:[04372c61-9371-4ab6-9533-e94413dada7c|localhost:15006]|listeners:[], old=null}
2025-10-07 20:51:40,945 [04372c61-9371-4ab6-9533-e94413dada7c-impl-thread1] INFO  server.RaftServer$Division (RaftServerImpl.java:setRole(392)) - 04372c61-9371-4ab6-9533-e94413dada7c@group-A668C086C089: changes role from      null to FOLLOWER at term 1 for startAsFollower
2025-10-07 20:51:40,945 [04372c61-9371-4ab6-9533-e94413dada7c-impl-thread1] INFO  impl.RoleInfo (RoleInfo.java:updateAndGet(148)) - 04372c61-9371-4ab6-9533-e94413dada7c: start 04372c61-9371-4ab6-9533-e94413dada7c@group-A668C086C089-FollowerState
2025-10-07 20:51:40,946 [04372c61-9371-4ab6-9533-e94413dada7c-impl-thread1] INFO  util.JmxRegister (JmxRegister.java:tryRegister(44)) - Successfully registered JMX Bean with object name Ratis:service=RaftServer,group=group-A668C086C089,id=04372c61-9371-4ab6-9533-e94413dada7c
2025-10-07 20:51:40,946 [04372c61-9371-4ab6-9533-e94413dada7c-impl-thread1] INFO  util.JmxRegister (JmxRegister.java:register(58)) - register mxBean class org.apache.ratis.server.impl.RaftServerJmxAdapter as Ratis:service=RaftServer,group=group-A668C086C089,id=04372c61-9371-4ab6-9533-e94413dada7c
2025-10-07 20:51:40,947 [04372c61-9371-4ab6-9533-e94413dada7c-impl-thread1] INFO  server.RaftServer$Division (RaftServerImpl.java:start(419)) - 04372c61-9371-4ab6-9533-e94413dada7c@group-A668C086C089: Successfully started.
2025-10-07 20:51:40,948 [ForkJoinPool-1-worker-1] INFO  server.RaftServer (RaftServerProxy.java:startImpl(412)) - 04372c61-9371-4ab6-9533-e94413dada7c: start RPC server
2025-10-07 20:51:40,949 [ForkJoinPool-1-worker-1] INFO  server.GrpcServicesImpl (GrpcServicesImpl.java:startImpl(346)) - 04372c61-9371-4ab6-9533-e94413dada7c: GrpcServicesImpl started, listening on 15006
2025-10-07 20:51:40,950 [JvmPauseMonitor1] INFO  util.JvmPauseMonitor (JvmPauseMonitor.java:run(146)) - JvmPauseMonitor-04372c61-9371-4ab6-9533-e94413dada7c: Started
2025-10-07 20:51:40,954 [ForkJoinPool-1-worker-1] INFO  ha.SCMHAManagerImpl (SCMHAManagerImpl.java:start(131)) -  scm role is FOLLOWER peers [04372c61-9371-4ab6-9533-e94413dada7c|localhost:15006]
2025-10-07 20:51:40,955 [ForkJoinPool-1-worker-1] INFO  ha.InterSCMGrpcService (InterSCMGrpcProtocolService.java:start(98)) - Starting SCM Grpc Service at port 15007
2025-10-07 20:51:40,957 [ForkJoinPool-1-worker-1] INFO  SCMHATransactionMonitor (BackgroundSCMService.java:start(64)) - Starting SCMHATransactionMonitor Service.
2025-10-07 20:51:40,957 [ForkJoinPool-1-worker-1] INFO  ha.SCMServiceManager (SCMServiceManager.java:register(42)) - Registering service SCMHATransactionMonitor.
2025-10-07 20:51:40,957 [ForkJoinPool-1-worker-1] INFO  SCMHATransactionMonitor (BackgroundSCMService.java:start(61)) - SCMHATransactionMonitor Service is already running, skip start.
2025-10-07 20:51:41,130 [ForkJoinPool-1-worker-1] INFO  server.SCMClientProtocolServer (SCMClientProtocolServer.java:start(208)) - RPC server for Client  is listening at /0.0.0.0:15002
2025-10-07 20:51:41,130 [IPC Server Responder] INFO  ipc.Server (Server.java:run(1713)) - IPC Server Responder: starting
2025-10-07 20:51:41,131 [IPC Server listener on 15002] INFO  ipc.Server (Server.java:run(1553)) - IPC Server listener on 15002: starting
2025-10-07 20:51:41,149 [ForkJoinPool-1-worker-1] INFO  server.StorageContainerManager (StorageContainerManager.java:start(1528)) - ScmBlockLocationProtocol RPC server is listening at /0.0.0.0:15003
2025-10-07 20:51:41,151 [ForkJoinPool-1-worker-1] INFO  server.SCMBlockProtocolServer (SCMBlockProtocolServer.java:start(166)) - RPC server for Block Protocol is listening at /0.0.0.0:15003
2025-10-07 20:51:41,151 [IPC Server Responder] INFO  ipc.Server (Server.java:run(1713)) - IPC Server Responder: starting
2025-10-07 20:51:41,151 [IPC Server listener on 15003] INFO  ipc.Server (Server.java:run(1553)) - IPC Server listener on 15003: starting
2025-10-07 20:51:41,169 [ForkJoinPool-1-worker-1] INFO  utils.BackgroundService (BackgroundService.java:start(119)) - Starting service SCMBlockDeletingService with interval 60000 milliseconds
2025-10-07 20:51:41,180 [ForkJoinPool-1-worker-1] INFO  http.BaseHttpServer (BaseHttpServer.java:newHttpServer2BuilderForOzone(227)) - Starting Web-server for scm at: http://0.0.0.0:15005
2025-10-07 20:51:41,180 [ForkJoinPool-1-worker-1] INFO  http.BaseHttpServer (BaseHttpServer.java:<init>(105)) - Hadoop Security Enabled: false Ozone Security Enabled: false Ozone HTTP Security Enabled: false 
2025-10-07 20:51:41,198 [ForkJoinPool-1-worker-1] INFO  util.log (Log.java:initialized(170)) - Logging initialized @5949ms to org.eclipse.jetty.util.log.Slf4jLog
2025-10-07 20:51:41,260 [ForkJoinPool-1-worker-1] WARN  server.AuthenticationFilter (AuthenticationFilter.java:constructSecretProvider(240)) - Unable to initialize FileSignerSecretProvider, falling back to use random secrets. Reason: Could not read signature secret file: /home/runner/hadoop-http-auth-signature-secret
2025-10-07 20:51:41,281 [ForkJoinPool-1-worker-1] INFO  http.HttpServer2 (HttpServer2.java:addGlobalFilter(1040)) - Added global filter 'safety' (class=org.apache.hadoop.hdds.server.http.HttpServer2$QuotingInputFilter)
2025-10-07 20:51:41,284 [ForkJoinPool-1-worker-1] INFO  http.HttpServer2 (HttpServer2.java:addFilter(1016)) - Added filter static_user_filter (class=org.apache.hadoop.http.lib.StaticUserWebFilter$StaticUserFilter) to context scm
2025-10-07 20:51:41,284 [ForkJoinPool-1-worker-1] INFO  http.HttpServer2 (HttpServer2.java:addFilter(1024)) - Added filter static_user_filter (class=org.apache.hadoop.http.lib.StaticUserWebFilter$StaticUserFilter) to context logs
2025-10-07 20:51:41,284 [ForkJoinPool-1-worker-1] INFO  http.HttpServer2 (HttpServer2.java:addFilter(1024)) - Added filter static_user_filter (class=org.apache.hadoop.http.lib.StaticUserWebFilter$StaticUserFilter) to context static
2025-10-07 20:51:41,318 [ForkJoinPool-1-worker-1] INFO  http.BaseHttpServer (BaseHttpServer.java:<init>(193)) - HTTP server of scm uses base directory /home/runner/work/ozone/ozone/hadoop-ozone/integration-test-recon/target/test-dir/MiniOzoneClusterImpl-b15909b8-03a8-4b15-aaa3-a668c086c089/scm/ozone-metadata/webserver
2025-10-07 20:51:41,319 [ForkJoinPool-1-worker-1] INFO  http.HttpServer2 (HttpServer2.java:bindListener(1240)) - Jetty bound to port 15005
2025-10-07 20:51:41,320 [ForkJoinPool-1-worker-1] INFO  server.Server (Server.java:doStart(375)) - jetty-9.4.58.v20250814; built: 2025-08-14T02:28:49.637Z; git: 8f1440587e9e4ae7db3d74cf205643f3d707148d; jvm 21.0.8+9-LTS
2025-10-07 20:51:41,337 [ForkJoinPool-1-worker-1] INFO  server.session (DefaultSessionIdManager.java:doStart(334)) - DefaultSessionIdManager workerName=node0
2025-10-07 20:51:41,337 [ForkJoinPool-1-worker-1] INFO  server.session (DefaultSessionIdManager.java:doStart(339)) - No SessionScavenger set, using defaults
2025-10-07 20:51:41,339 [ForkJoinPool-1-worker-1] INFO  server.session (HouseKeeper.java:startScavenging(132)) - node0 Scavenging every 660000ms
2025-10-07 20:51:41,346 [ForkJoinPool-1-worker-1] INFO  handler.ContextHandler (ContextHandler.java:doStart(921)) - Started o.e.j.s.ServletContextHandler@c04fd87{logs,/logs,file:///home/runner/work/ozone/ozone/hadoop-ozone/integration-test-recon/target/log,AVAILABLE}
2025-10-07 20:51:41,347 [ForkJoinPool-1-worker-1] INFO  handler.ContextHandler (ContextHandler.java:doStart(921)) - Started o.e.j.s.ServletContextHandler@f32193e{static,/static,jar:file:/home/runner/work/ozone/ozone/hadoop-hdds/server-scm/target/hdds-server-scm-2.1.0-SNAPSHOT.jar!/webapps/static,AVAILABLE}
2025-10-07 20:51:41,563 [ForkJoinPool-1-worker-1] INFO  handler.ContextHandler (ContextHandler.java:doStart(921)) - Started o.e.j.w.WebAppContext@cb3faf4{scm,/,file:///home/runner/work/ozone/ozone/hadoop-ozone/integration-test-recon/target/test-dir/MiniOzoneClusterImpl-b15909b8-03a8-4b15-aaa3-a668c086c089/scm/ozone-metadata/webserver/jetty-0_0_0_0-15005-hdds-server-scm-2_1_0-SNAPSHOT_jar-_-any-6695067566813621359/webapp/,AVAILABLE}{jar:file:/home/runner/work/ozone/ozone/hadoop-hdds/server-scm/target/hdds-server-scm-2.1.0-SNAPSHOT.jar!/webapps/scm}
2025-10-07 20:51:41,568 [ForkJoinPool-1-worker-1] INFO  server.AbstractConnector (AbstractConnector.java:doStart(333)) - Started ServerConnector@2b504da0{HTTP/1.1, (http/1.1)}{0.0.0.0:15005}
2025-10-07 20:51:41,568 [ForkJoinPool-1-worker-1] INFO  server.Server (Server.java:doStart(415)) - Started @6319ms
2025-10-07 20:51:41,570 [ForkJoinPool-1-worker-1] INFO  impl.MetricsSinkAdapter (MetricsSinkAdapter.java:start(204)) - Sink prometheus started
2025-10-07 20:51:41,570 [ForkJoinPool-1-worker-1] INFO  http.BaseHttpServer (BaseHttpServer.java:updateConnectorAddress(357)) - HTTP server of scm listening at http://localhost:15005
2025-10-07 20:51:41,630 [ForkJoinPool-1-worker-1] INFO  audit.AuditLogger (AuditLogger.java:refreshDebugCmdSet(133)) - Refresh DebugCmdSet for OMAudit to [].
2025-10-07 20:51:41,646 [ForkJoinPool-1-worker-1] INFO  audit.AuditLogger (AuditLogger.java:refreshDebugCmdSet(133)) - Refresh DebugCmdSet for OMSystemAudit to [].
2025-10-07 20:51:41,692 [ForkJoinPool-1-worker-1] INFO  ha.OMHANodeDetails (OMHANodeDetails.java:loadOMHAConfig(114)) - ozone.om.internal.service.id is not defined, falling back to ozone.om.service.ids to find serviceID for OzoneManager if it is HA enabled cluster
2025-10-07 20:51:41,695 [ForkJoinPool-1-worker-1] INFO  ha.OMHANodeDetails (OMHANodeDetails.java:loadOMHAConfig(228)) - Configuration does not have ozone.om.address set. Falling back to the default OM address /127.0.0.1:15008
2025-10-07 20:51:41,695 [ForkJoinPool-1-worker-1] INFO  ha.OMHANodeDetails (OMHANodeDetails.java:getOMNodeDetailsForNonHA(262)) - OM Service ID is not set. Setting it to the default ID: omServiceIdDefault
2025-10-07 20:51:41,696 [ForkJoinPool-1-worker-1] INFO  ha.OMHANodeDetails (OMHANodeDetails.java:getOMNodeDetailsForNonHA(269)) - OM Node ID is not set. Setting it to the default ID: om1
2025-10-07 20:51:41,703 [ForkJoinPool-1-worker-1] INFO  upgrade.AbstractLayoutVersionManager (AbstractLayoutVersionManager.java:init(80)) - Initializing Layout version manager with metadata layout = DELEGATION_TOKEN_SYMMETRIC_SIGN (version = 8), software layout = DELEGATION_TOKEN_SYMMETRIC_SIGN (version = 8)
2025-10-07 20:51:41,847 [ForkJoinPool-1-worker-1] INFO  reflections.Reflections (Reflections.java:scan(219)) - Reflections took 143 ms to scan 2 urls, producing 219 keys and 638 values
2025-10-07 20:51:41,851 [ForkJoinPool-1-worker-1] INFO  upgrade.OMLayoutVersionManager (OMLayoutVersionManager.java:lambda$0(110)) - Skipping Upgrade Action QuotaRepairUpgradeAction since it has been finalized.
2025-10-07 20:51:41,852 [ForkJoinPool-1-worker-1] INFO  upgrade.OMLayoutVersionManager (OMLayoutVersionManager.java:lambda$0(110)) - Skipping Upgrade Action MockOmUpgradeAction since it has been finalized.
2025-10-07 20:51:41,858 [ForkJoinPool-1-worker-1] INFO  om.OzoneManager (OzoneManager.java:setReplicationFromConfig(4650)) - Set default replication in OM: RATIS/3 -> RATIS/THREE
2025-10-07 20:51:41,864 [ForkJoinPool-1-worker-1] INFO  proxy.SCMContainerLocationFailoverProxyProvider (SCMFailoverProxyProviderBase.java:<init>(120)) - Created fail-over proxy for protocol StorageContainerLocationProtocolPB with 1 nodes: [nodeId=scmNodeId,nodeAddress=/0.0.0.0:15002]
2025-10-07 20:51:41,903 [ForkJoinPool-1-worker-1] INFO  proxy.SCMBlockLocationFailoverProxyProvider (SCMFailoverProxyProviderBase.java:<init>(120)) - Created fail-over proxy for protocol ScmBlockLocationProtocolPB with 1 nodes: [nodeId=scmNodeId,nodeAddress=/0.0.0.0:15003]
2025-10-07 20:51:41,918 [ForkJoinPool-1-worker-1] INFO  proxy.SCMBlockLocationFailoverProxyProvider (SCMFailoverProxyProviderBase.java:<init>(120)) - Created fail-over proxy for protocol ScmBlockLocationProtocolPB with 1 nodes: [nodeId=scmNodeId,nodeAddress=/0.0.0.0:15003]
2025-10-07 20:51:41,986 [04372c61-9371-4ab6-9533-e94413dada7c@group-A668C086C089-FollowerState] INFO  impl.FollowerState (FollowerState.java:runImpl(161)) - 04372c61-9371-4ab6-9533-e94413dada7c@group-A668C086C089-FollowerState: change to CANDIDATE, lastRpcElapsedTime:1041537954ns, electionTimeout:1039ms
2025-10-07 20:51:41,987 [04372c61-9371-4ab6-9533-e94413dada7c@group-A668C086C089-FollowerState] INFO  impl.RoleInfo (RoleInfo.java:shutdownFollowerState(121)) - 04372c61-9371-4ab6-9533-e94413dada7c: shutdown 04372c61-9371-4ab6-9533-e94413dada7c@group-A668C086C089-FollowerState
2025-10-07 20:51:41,987 [04372c61-9371-4ab6-9533-e94413dada7c@group-A668C086C089-FollowerState] INFO  server.RaftServer$Division (RaftServerImpl.java:setRole(392)) - 04372c61-9371-4ab6-9533-e94413dada7c@group-A668C086C089: changes role from  FOLLOWER to CANDIDATE at term 1 for changeToCandidate
2025-10-07 20:51:41,987 [04372c61-9371-4ab6-9533-e94413dada7c@group-A668C086C089-FollowerState] INFO  impl.RoleInfo (RoleInfo.java:updateAndGet(148)) - 04372c61-9371-4ab6-9533-e94413dada7c: start 04372c61-9371-4ab6-9533-e94413dada7c@group-A668C086C089-LeaderElection2
2025-10-07 20:51:41,988 [04372c61-9371-4ab6-9533-e94413dada7c@group-A668C086C089-LeaderElection2] INFO  impl.LeaderElection (LeaderElection.java:askForVotes(448)) - 04372c61-9371-4ab6-9533-e94413dada7c@group-A668C086C089-LeaderElection2 PRE_VOTE round 0: submit vote requests at term 1 for conf: {index: 0, cur=peers:[04372c61-9371-4ab6-9533-e94413dada7c|localhost:15006]|listeners:[], old=null}
2025-10-07 20:51:41,989 [04372c61-9371-4ab6-9533-e94413dada7c@group-A668C086C089-LeaderElection2] INFO  impl.LeaderElection (LeaderElection.java:askForVotes(450)) - 04372c61-9371-4ab6-9533-e94413dada7c@group-A668C086C089-LeaderElection2 PRE_VOTE round 0: result PASSED (term=1)
2025-10-07 20:51:41,993 [04372c61-9371-4ab6-9533-e94413dada7c@group-A668C086C089-LeaderElection2] INFO  impl.LeaderElection (LeaderElection.java:askForVotes(448)) - 04372c61-9371-4ab6-9533-e94413dada7c@group-A668C086C089-LeaderElection2 ELECTION round 0: submit vote requests at term 2 for conf: {index: 0, cur=peers:[04372c61-9371-4ab6-9533-e94413dada7c|localhost:15006]|listeners:[], old=null}
2025-10-07 20:51:41,993 [04372c61-9371-4ab6-9533-e94413dada7c@group-A668C086C089-LeaderElection2] INFO  impl.LeaderElection (LeaderElection.java:askForVotes(450)) - 04372c61-9371-4ab6-9533-e94413dada7c@group-A668C086C089-LeaderElection2 ELECTION round 0: result PASSED (term=2)
2025-10-07 20:51:41,993 [04372c61-9371-4ab6-9533-e94413dada7c@group-A668C086C089-LeaderElection2] INFO  impl.RoleInfo (RoleInfo.java:shutdownLeaderElection(141)) - 04372c61-9371-4ab6-9533-e94413dada7c: shutdown 04372c61-9371-4ab6-9533-e94413dada7c@group-A668C086C089-LeaderElection2
2025-10-07 20:51:41,994 [04372c61-9371-4ab6-9533-e94413dada7c@group-A668C086C089-LeaderElection2] INFO  server.RaftServer$Division (RaftServerImpl.java:setRole(392)) - 04372c61-9371-4ab6-9533-e94413dada7c@group-A668C086C089: changes role from CANDIDATE to LEADER at term 2 for changeToLeader
2025-10-07 20:51:41,995 [04372c61-9371-4ab6-9533-e94413dada7c@group-A668C086C089-LeaderElection2] INFO  server.RaftServerConfigKeys (ConfUtils.java:logFallback(69)) - raft.server.staging.timeout = 15600ms (fallback to raft.server.rpc.timeout.max)
2025-10-07 20:51:41,999 [04372c61-9371-4ab6-9533-e94413dada7c@group-A668C086C089-LeaderElection2] INFO  impl.RoleInfo (RoleInfo.java:updateAndGet(148)) - 04372c61-9371-4ab6-9533-e94413dada7c: start 04372c61-9371-4ab6-9533-e94413dada7c@group-A668C086C089-LeaderStateImpl
2025-10-07 20:51:41,999 [04372c61-9371-4ab6-9533-e94413dada7c@group-A668C086C089-LeaderElection2] INFO  server.RaftServer$Division (RaftServerImpl.java:setFirstElection(576)) - 04372c61-9371-4ab6-9533-e94413dada7c@group-A668C086C089: set firstElectionSinceStartup to false for becomeLeader
2025-10-07 20:51:42,000 [04372c61-9371-4ab6-9533-e94413dada7c@group-A668C086C089-LeaderElection2] INFO  ha.SCMStateMachine (SCMStateMachine.java:notifyLeaderChanged(293)) - current SCM becomes leader of term 2.
2025-10-07 20:51:42,000 [04372c61-9371-4ab6-9533-e94413dada7c@group-A668C086C089-LeaderElection2] INFO  ha.SCMContext (SCMContext.java:updateLeaderAndTerm(95)) - update <isLeader,term> from <false,0> to <true,2>
2025-10-07 20:51:42,003 [04372c61-9371-4ab6-9533-e94413dada7c@group-A668C086C089-LeaderElection2] INFO  server.RaftServer$Division (ServerState.java:setLeader(272)) - 04372c61-9371-4ab6-9533-e94413dada7c@group-A668C086C089: change Leader from null to 04372c61-9371-4ab6-9533-e94413dada7c at term 2 for becomeLeader, leader elected after 1750ms
2025-10-07 20:51:42,004 [04372c61-9371-4ab6-9533-e94413dada7c@group-A668C086C089-LeaderElection2] INFO  segmented.SegmentedRaftLogWorker (SegmentedRaftLogWorker.java:rollLogSegment(445)) - 04372c61-9371-4ab6-9533-e94413dada7c@group-A668C086C089-SegmentedRaftLogWorker: Rolling segment log-0_0 to index:0
2025-10-07 20:51:42,005 [04372c61-9371-4ab6-9533-e94413dada7c@group-A668C086C089-LeaderElection2] INFO  server.RaftServer$Division (ServerState.java:setRaftConf(386)) - 04372c61-9371-4ab6-9533-e94413dada7c@group-A668C086C089: set configuration conf: {index: 1, cur=peers:[04372c61-9371-4ab6-9533-e94413dada7c|localhost:15006]|listeners:[], old=null}
2025-10-07 20:51:42,006 [04372c61-9371-4ab6-9533-e94413dada7c@group-A668C086C089-SegmentedRaftLogWorker] INFO  segmented.SegmentedRaftLogWorker (SegmentedRaftLogWorker.java:execute(604)) - 04372c61-9371-4ab6-9533-e94413dada7c@group-A668C086C089-SegmentedRaftLogWorker: Rolled log segment from /home/runner/work/ozone/ozone/hadoop-ozone/integration-test-recon/target/test-dir/MiniOzoneClusterImpl-b15909b8-03a8-4b15-aaa3-a668c086c089/scm/ratis/b15909b8-03a8-4b15-aaa3-a668c086c089/current/log_inprogress_0 to /home/runner/work/ozone/ozone/hadoop-ozone/integration-test-recon/target/test-dir/MiniOzoneClusterImpl-b15909b8-03a8-4b15-aaa3-a668c086c089/scm/ratis/b15909b8-03a8-4b15-aaa3-a668c086c089/current/log_0-0
2025-10-07 20:51:42,009 [04372c61-9371-4ab6-9533-e94413dada7c@group-A668C086C089-SegmentedRaftLogWorker] INFO  segmented.BufferedWriteChannel (BufferedWriteChannel.java:open(61)) - open log_inprogress_1 at position 0
2025-10-07 20:51:42,016 [04372c61-9371-4ab6-9533-e94413dada7c@group-A668C086C089-SegmentedRaftLogWorker] INFO  segmented.SegmentedRaftLogWorker (SegmentedRaftLogWorker.java:execute(647)) - 04372c61-9371-4ab6-9533-e94413dada7c@group-A668C086C089-SegmentedRaftLogWorker: created new log segment /home/runner/work/ozone/ozone/hadoop-ozone/integration-test-recon/target/test-dir/MiniOzoneClusterImpl-b15909b8-03a8-4b15-aaa3-a668c086c089/scm/ratis/b15909b8-03a8-4b15-aaa3-a668c086c089/current/log_inprogress_1
2025-10-07 20:51:42,020 [04372c61-9371-4ab6-9533-e94413dada7c@group-A668C086C089-StateMachineUpdater] INFO  server.RaftServer$Division (LeaderStateImpl.java:checkStartIndex(309)) - Leader 04372c61-9371-4ab6-9533-e94413dada7c@group-A668C086C089-LeaderStateImpl is ready since appliedIndex == startIndex == 1
2025-10-07 20:51:42,021 [04372c61-9371-4ab6-9533-e94413dada7c@group-A668C086C089-StateMachineUpdater] INFO  ha.SCMContext (SCMContext.java:setLeaderReady(122)) - update <isLeaderReady> from <false> to <true>
2025-10-07 20:51:42,021 [04372c61-9371-4ab6-9533-e94413dada7c@group-A668C086C089-StateMachineUpdater] INFO  pipeline.BackgroundPipelineCreator (BackgroundPipelineCreator.java:notifyStatusChanged(268)) - Service BackgroundPipelineCreator transitions to RUNNING.
2025-10-07 20:51:42,023 [04372c61-9371-4ab6-9533-e94413dada7c@group-A668C086C089-StateMachineUpdater] INFO  safemode.RatisContainerSafeModeRule (RatisContainerSafeModeRule.java:initializeRule(160)) - Refreshed Containers with one replica threshold count 0.
2025-10-07 20:51:42,023 [04372c61-9371-4ab6-9533-e94413dada7c@group-A668C086C089-StateMachineUpdater] INFO  safemode.HealthyPipelineSafeModeRule (HealthyPipelineSafeModeRule.java:initializeRule(228)) - Refreshed total pipeline count is 0, healthy pipeline threshold count is 1
2025-10-07 20:51:42,023 [04372c61-9371-4ab6-9533-e94413dada7c@group-A668C086C089-StateMachineUpdater] INFO  safemode.ECContainerSafeModeRule (ECContainerSafeModeRule.java:initializeRule(204)) - Refreshed Containers with ec n replica threshold count 0.
2025-10-07 20:51:42,024 [04372c61-9371-4ab6-9533-e94413dada7c@group-A668C086C089-StateMachineUpdater] INFO  safemode.OneReplicaPipelineSafeModeRule (OneReplicaPipelineSafeModeRule.java:initializeRule(186)) - Refreshed Total pipeline count is 0, pipeline's with at least one datanode reported threshold count is 0
2025-10-07 20:51:42,024 [04372c61-9371-4ab6-9533-e94413dada7c@group-A668C086C089-StateMachineUpdater] INFO  server.SCMDatanodeProtocolServer (SCMDatanodeProtocolServer.java:start(195)) - ScmDatanodeProtocol RPC server for DataNodes is listening at /0.0.0.0:15004
2025-10-07 20:51:42,025 [IPC Server Responder] INFO  ipc.Server (Server.java:run(1713)) - IPC Server Responder: starting
2025-10-07 20:51:42,026 [IPC Server listener on 15004] INFO  ipc.Server (Server.java:run(1553)) - IPC Server listener on 15004: starting
2025-10-07 20:51:42,150 [ForkJoinPool-1-worker-1] INFO  om.OzoneManager (OzoneManager.java:<init>(683)) - OM start with adminUsers: [runner]
2025-10-07 20:51:42,246 [ForkJoinPool-1-worker-1] INFO  utils.NativeLibraryLoader (NativeLibraryLoader.java:loadLibrary(120)) - Loading Library: ozone_rocksdb_tools
2025-10-07 20:51:42,477 [ForkJoinPool-1-worker-1] INFO  om.OzoneManager (OzoneManager.java:instantiateServices(927)) - S3 Multi-Tenancy is disabled
2025-10-07 20:51:42,490 [ReplicationMonitor] INFO  replication.ReplicationManager (ReplicationManager.java:processAll(359)) - Replication Manager is not ready to run until 3000ms after safemode exit
2025-10-07 20:51:42,492 [ForkJoinPool-1-worker-1] INFO  acl.OzoneAuthorizerFactory (OzoneAuthorizerFactory.java:create(69)) - om1: Authorizer for OM is class org.apache.hadoop.ozone.security.acl.OzoneAccessAuthorizer
2025-10-07 20:51:42,506 [ForkJoinPool-1-worker-1] INFO  om.OmSnapshotManager (OmSnapshotManager.java:<init>(203)) - Ozone filesystem snapshot feature is enabled.
2025-10-07 20:51:42,547 [ForkJoinPool-1-worker-1] INFO  utils.BackgroundService (BackgroundService.java:start(119)) - Starting service SnapshotDiffCleanupService with interval 60000 milliseconds
2025-10-07 20:51:42,592 [ForkJoinPool-1-worker-1] INFO  om.OzoneManager (OzoneManager.java:addS3GVolumeToDB(4708)) - Created Volume s3v With Owner runner required for S3Gateway operations.
2025-10-07 20:51:42,653 [ForkJoinPool-1-worker-1] WARN  dropwizard3.Dm3MetricRegistriesImpl (Dm3MetricRegistriesImpl.java:addReporterRegistration(114)) - New reporters are added after registries were created. Some metrics will be missing from the reporter. Please add reporter before adding any new registry.
2025-10-07 20:51:42,653 [ForkJoinPool-1-worker-1] WARN  dropwizard3.Dm3MetricRegistriesImpl (Dm3MetricRegistriesImpl.java:addReporterRegistration(114)) - New reporters are added after registries were created. Some metrics will be missing from the reporter. Please add reporter before adding any new registry.
2025-10-07 20:51:42,654 [ForkJoinPool-1-worker-1] INFO  server.RaftServerConfigKeys (ConfUtils.java:logGet(62)) - raft.server.log.appender.buffer.byte-limit = 4194304 (custom)
2025-10-07 20:51:42,656 [ForkJoinPool-1-worker-1] INFO  ratis.OzoneManagerRatisServer (OzoneManagerRatisServer.java:<init>(169)) - Instantiating OM Ratis server with groupID: omServiceIdDefault and peers: localhost:15011
2025-10-07 20:51:42,661 [ForkJoinPool-1-worker-1] INFO  ratis.OzoneManagerStateMachine (OzoneManagerStateMachine.java:loadSnapshotInfoFromDB(628)) - TransactionInfo not found in OM DB.
2025-10-07 20:51:42,701 [ForkJoinPool-1-worker-1] INFO  grpc.GrpcConfigKeys (ConfUtils.java:logFallback(69)) - raft.grpc.admin.host = null (fallback to raft.grpc.server.host)
2025-10-07 20:51:42,702 [ForkJoinPool-1-worker-1] INFO  grpc.GrpcConfigKeys (ConfUtils.java:logFallback(69)) - raft.grpc.admin.port = 15011 (fallback to raft.grpc.server.port)
2025-10-07 20:51:42,702 [ForkJoinPool-1-worker-1] INFO  grpc.GrpcConfigKeys (ConfUtils.java:logFallback(69)) - raft.grpc.client.host = null (fallback to raft.grpc.server.host)
2025-10-07 20:51:42,702 [ForkJoinPool-1-worker-1] INFO  grpc.GrpcConfigKeys (ConfUtils.java:logFallback(69)) - raft.grpc.client.port = 15011 (fallback to raft.grpc.server.port)
2025-10-07 20:51:42,702 [ForkJoinPool-1-worker-1] INFO  grpc.GrpcConfigKeys (ConfUtils.java:logGet(62)) - raft.grpc.server.port = 15011 (custom)
2025-10-07 20:51:42,702 [ForkJoinPool-1-worker-1] INFO  server.GrpcServicesImpl (ConfUtils.java:logGet(62)) - raft.grpc.message.size.max = 5242880 (custom)
2025-10-07 20:51:42,703 [ForkJoinPool-1-worker-1] INFO  server.RaftServerConfigKeys (ConfUtils.java:logGet(62)) - raft.server.rpc.request.timeout = 3000ms (default)
2025-10-07 20:51:42,703 [ForkJoinPool-1-worker-1] INFO  server.RaftServerConfigKeys (ConfUtils.java:logGet(62)) - raft.server.log.appender.buffer.byte-limit = 4194304 (custom)
2025-10-07 20:51:42,704 [ForkJoinPool-1-worker-1] INFO  server.RaftServerConfigKeys (ConfUtils.java:logGet(62)) - raft.server.storage.dir = [/home/runner/work/ozone/ozone/hadoop-ozone/integration-test-recon/target/test-dir/MiniOzoneClusterImpl-b15909b8-03a8-4b15-aaa3-a668c086c089/om/ratis] (custom)
2025-10-07 20:51:42,705 [ForkJoinPool-1-worker-1] INFO  server.RaftServer (RaftServerProxy.java:addNew(105)) - om1: addNew group-C5BA1605619E:[om1|localhost:15011] returns group-C5BA1605619E:java.util.concurrent.CompletableFuture@471c3be3[Not completed]
2025-10-07 20:51:42,705 [om1-groupManagement] INFO  server.RaftServer$Division (RaftServerImpl.java:<init>(268)) - om1: new RaftServerImpl for group-C5BA1605619E:[om1|localhost:15011] with OzoneManagerStateMachine:uninitialized
2025-10-07 20:51:42,705 [om1-groupManagement] INFO  server.RaftServerConfigKeys (ConfUtils.java:logGet(62)) - raft.server.rpc.timeout.min = 1s (custom)
2025-10-07 20:51:42,705 [ForkJoinPool-1-worker-1] INFO  om.OzoneManager (OzoneManager.java:initializeRatisServer(2338)) - OzoneManager Ratis server initialized at port 15011
2025-10-07 20:51:42,706 [om1-groupManagement] INFO  server.RaftServerConfigKeys (ConfUtils.java:logGet(62)) - raft.server.rpc.timeout.max = 1200ms (custom)
2025-10-07 20:51:42,706 [om1-groupManagement] INFO  server.RaftServer$Division (ServerState.java:<init>(114)) - om1@group-C5BA1605619E: ConfigurationManager, init=conf: {index: -1, cur=peers:[om1|localhost:15011]|listeners:[], old=null}, confs=<EMPTY_MAP>
2025-10-07 20:51:42,707 [om1-groupManagement] INFO  server.RaftServerConfigKeys (ConfUtils.java:logGet(62)) - raft.server.notification.no-leader.timeout = 120s (custom)
2025-10-07 20:51:42,707 [om1-groupManagement] INFO  server.RaftServerConfigKeys (ConfUtils.java:logGet(62)) - raft.server.retrycache.expirytime = 300s (custom)
2025-10-07 20:51:42,710 [ForkJoinPool-1-worker-1] INFO  om.OzoneManager (OzoneManager.java:getRpcServer(1390)) - Creating RPC Server
2025-10-07 20:51:43,481 [ForkJoinPool-1-worker-1] INFO  reflections.Reflections (Reflections.java:scan(219)) - Reflections took 728 ms to scan 19 urls, producing 54 keys and 6587 values
2025-10-07 20:51:43,491 [ReplicationMonitor] INFO  replication.ReplicationManager (ReplicationManager.java:processAll(359)) - Replication Manager is not ready to run until 3000ms after safemode exit
2025-10-07 20:51:43,644 [ForkJoinPool-1-worker-1] INFO  ipc.CallQueueManager (CallQueueManager.java:<init>(93)) - Using callQueue: class java.util.concurrent.LinkedBlockingQueue, queueCapacity: 2000, scheduler: class org.apache.hadoop.ipc.DefaultRpcScheduler, ipcBackoff: false, ipcFailOver: false.
2025-10-07 20:51:43,644 [ForkJoinPool-1-worker-1] INFO  ipc.Server (Server.java:<init>(1438)) - Listener at 127.0.0.1:15008
2025-10-07 20:51:43,645 [Socket Reader #1 for port 15008] INFO  ipc.Server (Server.java:run(1474)) - Starting Socket Reader #1 for port 15008
2025-10-07 20:51:43,645 [Socket Reader #2 for port 15008] INFO  ipc.Server (Server.java:run(1474)) - Starting Socket Reader #2 for port 15008
2025-10-07 20:51:43,645 [Socket Reader #3 for port 15008] INFO  ipc.Server (Server.java:run(1474)) - Starting Socket Reader #3 for port 15008
2025-10-07 20:51:43,646 [Socket Reader #4 for port 15008] INFO  ipc.Server (Server.java:run(1474)) - Starting Socket Reader #4 for port 15008
2025-10-07 20:51:43,646 [Socket Reader #5 for port 15008] INFO  ipc.Server (Server.java:run(1474)) - Starting Socket Reader #5 for port 15008
2025-10-07 20:51:43,646 [Socket Reader #6 for port 15008] INFO  ipc.Server (Server.java:run(1474)) - Starting Socket Reader #6 for port 15008
2025-10-07 20:51:43,646 [Socket Reader #7 for port 15008] INFO  ipc.Server (Server.java:run(1474)) - Starting Socket Reader #7 for port 15008
2025-10-07 20:51:43,647 [Socket Reader #8 for port 15008] INFO  ipc.Server (Server.java:run(1474)) - Starting Socket Reader #8 for port 15008
2025-10-07 20:51:43,648 [Socket Reader #9 for port 15008] INFO  ipc.Server (Server.java:run(1474)) - Starting Socket Reader #9 for port 15008
2025-10-07 20:51:43,648 [Socket Reader #10 for port 15008] INFO  ipc.Server (Server.java:run(1474)) - Starting Socket Reader #10 for port 15008
2025-10-07 20:51:43,681 [ForkJoinPool-1-worker-1] INFO  om.OzoneManager (OzoneManager.java:start(1822)) - OzoneManager RPC server is listening at localhost/127.0.0.1:15008
2025-10-07 20:51:43,681 [ForkJoinPool-1-worker-1] INFO  ratis.OzoneManagerRatisServer (OzoneManagerRatisServer.java:start(673)) - Starting OzoneManagerRatisServer om1 at port 15011
2025-10-07 20:51:43,682 [om1-impl-thread1] INFO  storage.RaftStorageDirectory (RaftStorageDirectoryImpl.java:analyzeStorage(138)) - The storage directory /home/runner/work/ozone/ozone/hadoop-ozone/integration-test-recon/target/test-dir/MiniOzoneClusterImpl-b15909b8-03a8-4b15-aaa3-a668c086c089/om/ratis/bf265839-605b-3f16-9796-c5ba1605619e does not exist. Creating ...
2025-10-07 20:51:43,683 [om1-impl-thread1] INFO  storage.RaftStorageDirectory (RaftStorageDirectoryImpl.java:tryLock(229)) - Lock on /home/runner/work/ozone/ozone/hadoop-ozone/integration-test-recon/target/test-dir/MiniOzoneClusterImpl-b15909b8-03a8-4b15-aaa3-a668c086c089/om/ratis/bf265839-605b-3f16-9796-c5ba1605619e/in_use.lock acquired by nodename 132138@localhost
2025-10-07 20:51:43,684 [om1-impl-thread1] INFO  storage.RaftStorage (RaftStorageImpl.java:format(98)) - Storage directory /home/runner/work/ozone/ozone/hadoop-ozone/integration-test-recon/target/test-dir/MiniOzoneClusterImpl-b15909b8-03a8-4b15-aaa3-a668c086c089/om/ratis/bf265839-605b-3f16-9796-c5ba1605619e has been successfully formatted.
2025-10-07 20:51:43,685 [om1-impl-thread1] INFO  ratis.OzoneManagerStateMachine (OzoneManagerStateMachine.java:lambda$0(138)) - om1: initialize group-C5BA1605619E with <INITIAL_VALUE>
2025-10-07 20:51:43,685 [om1-impl-thread1] INFO  server.RaftServerConfigKeys (ConfUtils.java:logGet(62)) - raft.server.log.appender.buffer.byte-limit = 4194304 (custom)
2025-10-07 20:51:43,688 [om1-impl-thread1] INFO  server.RaftServerConfigKeys (ConfUtils.java:logGet(62)) - raft.server.log.segment.size.max = 67108864 (custom)
2025-10-07 20:51:43,688 [om1-impl-thread1] INFO  server.RaftServerConfigKeys (ConfUtils.java:logGet(62)) - raft.server.log.appender.buffer.byte-limit = 4194304 (custom)
2025-10-07 20:51:43,689 [om1-impl-thread1] INFO  util.AwaitToRun (AwaitToRun.java:start(81)) - Thread[#463,om1@group-C5BA1605619E-cacheEviction-AwaitToRun,5,main] started
2025-10-07 20:51:43,689 [om1-impl-thread1] INFO  segmented.SegmentedRaftLogWorker (SegmentedRaftLogWorker.java:<init>(190)) - new om1@group-C5BA1605619E-SegmentedRaftLogWorker for RaftStorageImpl:Storage Directory /home/runner/work/ozone/ozone/hadoop-ozone/integration-test-recon/target/test-dir/MiniOzoneClusterImpl-b15909b8-03a8-4b15-aaa3-a668c086c089/om/ratis/bf265839-605b-3f16-9796-c5ba1605619e
2025-10-07 20:51:43,690 [om1-impl-thread1] INFO  server.RaftServerConfigKeys (ConfUtils.java:logGet(62)) - raft.server.log.segment.size.max = 67108864 (custom)
2025-10-07 20:51:43,690 [om1-impl-thread1] INFO  server.RaftServerConfigKeys (ConfUtils.java:logGet(62)) - raft.server.log.preallocated.size = 4194304 (custom)
2025-10-07 20:51:43,690 [om1-impl-thread1] INFO  server.RaftServerConfigKeys (ConfUtils.java:logGet(62)) - raft.server.log.write.buffer.size = 4194312 (custom)
2025-10-07 20:51:43,691 [om1-impl-thread1] INFO  server.RaftServerConfigKeys (ConfUtils.java:logGet(62)) - raft.server.log.appender.buffer.byte-limit = 4194304 (custom)
2025-10-07 20:51:43,692 [om1-impl-thread1] INFO  segmented.SegmentedRaftLogWorker (SegmentedRaftLogWorker.java:lambda$new$0(141)) - om1@group-C5BA1605619E-SegmentedRaftLogWorker: flushIndex: setUnconditionally 0 -> -1
2025-10-07 20:51:43,692 [om1-impl-thread1] INFO  segmented.SegmentedRaftLogWorker (SegmentedRaftLogWorker.java:lambda$new$0(141)) - om1@group-C5BA1605619E-SegmentedRaftLogWorker: safeCacheEvictIndex: setUnconditionally 0 -> -1
2025-10-07 20:51:43,693 [om1-impl-thread1] INFO  server.RaftServer$Division (RaftServerImpl.java:start(405)) - om1@group-C5BA1605619E: start as a follower, conf=conf: {index: -1, cur=peers:[om1|localhost:15011]|listeners:[], old=null}
2025-10-07 20:51:43,693 [om1-impl-thread1] INFO  server.RaftServer$Division (RaftServerImpl.java:setRole(392)) - om1@group-C5BA1605619E: changes role from      null to FOLLOWER at term 0 for startAsFollower
2025-10-07 20:51:43,693 [om1-impl-thread1] INFO  impl.RoleInfo (RoleInfo.java:updateAndGet(148)) - om1: start om1@group-C5BA1605619E-FollowerState
2025-10-07 20:51:43,694 [om1@group-C5BA1605619E-FollowerState] INFO  server.RaftServerConfigKeys (ConfUtils.java:logFallback(69)) - raft.server.rpc.first-election.timeout.min = 1s (fallback to raft.server.rpc.timeout.min)
2025-10-07 20:51:43,694 [om1-impl-thread1] INFO  util.JmxRegister (JmxRegister.java:tryRegister(44)) - Successfully registered JMX Bean with object name Ratis:service=RaftServer,group=group-C5BA1605619E,id=om1
2025-10-07 20:51:43,694 [om1-impl-thread1] INFO  util.JmxRegister (JmxRegister.java:register(58)) - register mxBean class org.apache.ratis.server.impl.RaftServerJmxAdapter as Ratis:service=RaftServer,group=group-C5BA1605619E,id=om1
2025-10-07 20:51:43,695 [om1-impl-thread1] INFO  server.RaftServerConfigKeys (ConfUtils.java:logGet(62)) - raft.server.snapshot.auto.trigger.threshold = 400000 (default)
2025-10-07 20:51:43,695 [om1-impl-thread1] INFO  server.RaftServerConfigKeys (ConfUtils.java:logGet(62)) - raft.server.log.purge.upto.snapshot.index = true (custom)
2025-10-07 20:51:43,696 [om1-impl-thread1] INFO  server.RaftServer$Division (RaftServerImpl.java:start(419)) - om1@group-C5BA1605619E: Successfully started.
2025-10-07 20:51:43,696 [ForkJoinPool-1-worker-1] INFO  server.RaftServer (RaftServerProxy.java:startImpl(412)) - om1: start RPC server
2025-10-07 20:51:43,694 [om1@group-C5BA1605619E-FollowerState] INFO  server.RaftServerConfigKeys (ConfUtils.java:logFallback(69)) - raft.server.rpc.first-election.timeout.max = 1200ms (fallback to raft.server.rpc.timeout.max)
2025-10-07 20:51:43,697 [ForkJoinPool-1-worker-1] INFO  server.GrpcServicesImpl (GrpcServicesImpl.java:startImpl(346)) - om1: GrpcServicesImpl started, listening on 15011
2025-10-07 20:51:43,698 [JvmPauseMonitor2] INFO  util.JvmPauseMonitor (JvmPauseMonitor.java:run(146)) - JvmPauseMonitor-om1: Started
2025-10-07 20:51:43,698 [ForkJoinPool-1-worker-1] INFO  om.OzoneManager (OzoneManager.java:start(1837)) - Version File has different layout version (8) than OM DB (null). That is expected if this OM has never been finalized to a newer layout version.
2025-10-07 20:51:43,712 [ForkJoinPool-1-worker-1] INFO  client.ScmTopologyClient (ScmTopologyClient.java:start(70)) - Initial network topology fetched from SCM: /.
2025-10-07 20:51:43,713 [ForkJoinPool-1-worker-1] INFO  net.NodeSchemaLoader (NodeSchemaLoader.java:loadSchemaFromFile(128)) - Loading schema from [jar:file:/home/runner/work/ozone/ozone/hadoop-hdds/common/target/hdds-common-2.1.0-SNAPSHOT.jar!/network-topology-default.xml]
2025-10-07 20:51:43,713 [ForkJoinPool-1-worker-1] INFO  net.NodeSchemaLoader (NodeSchemaLoader.java:loadSchema(175)) - Loading network topology layer schema file
2025-10-07 20:51:43,720 [ForkJoinPool-1-worker-1] INFO  utils.BackgroundService (BackgroundService.java:start(119)) - Starting service KeyDeletingService with interval 60000 milliseconds
2025-10-07 20:51:43,724 [ForkJoinPool-1-worker-1] INFO  utils.BackgroundService (BackgroundService.java:start(119)) - Starting service DirectoryDeletingService with interval 60000 milliseconds
2025-10-07 20:51:43,725 [ForkJoinPool-1-worker-1] INFO  utils.BackgroundService (BackgroundService.java:start(119)) - Starting service OpenKeyCleanupService with interval 86400000 milliseconds
2025-10-07 20:51:43,728 [ForkJoinPool-1-worker-1] INFO  utils.BackgroundService (BackgroundService.java:start(119)) - Starting service SstFilteringService with interval 60000 milliseconds
2025-10-07 20:51:43,731 [ForkJoinPool-1-worker-1] INFO  utils.BackgroundService (BackgroundService.java:start(119)) - Starting service SnapshotDeletingService with interval 30000 milliseconds
2025-10-07 20:51:43,733 [ForkJoinPool-1-worker-1] INFO  utils.BackgroundService (BackgroundService.java:start(119)) - Starting service MultipartUploadCleanupService with interval 86400000 milliseconds
2025-10-07 20:51:43,736 [ForkJoinPool-1-worker-1] INFO  http.BaseHttpServer (BaseHttpServer.java:newHttpServer2BuilderForOzone(227)) - Starting Web-server for ozoneManager at: http://0.0.0.0:15009
2025-10-07 20:51:43,736 [ForkJoinPool-1-worker-1] INFO  http.BaseHttpServer (BaseHttpServer.java:<init>(105)) - Hadoop Security Enabled: false Ozone Security Enabled: false Ozone HTTP Security Enabled: false 
2025-10-07 20:51:43,738 [ForkJoinPool-1-worker-1] WARN  server.AuthenticationFilter (AuthenticationFilter.java:constructSecretProvider(240)) - Unable to initialize FileSignerSecretProvider, falling back to use random secrets. Reason: Could not read signature secret file: /home/runner/hadoop-http-auth-signature-secret
2025-10-07 20:51:43,741 [ForkJoinPool-1-worker-1] INFO  http.HttpServer2 (HttpServer2.java:addGlobalFilter(1040)) - Added global filter 'safety' (class=org.apache.hadoop.hdds.server.http.HttpServer2$QuotingInputFilter)
2025-10-07 20:51:43,743 [ForkJoinPool-1-worker-1] INFO  http.HttpServer2 (HttpServer2.java:addFilter(1016)) - Added filter static_user_filter (class=org.apache.hadoop.http.lib.StaticUserWebFilter$StaticUserFilter) to context ozoneManager
2025-10-07 20:51:43,743 [ForkJoinPool-1-worker-1] INFO  http.HttpServer2 (HttpServer2.java:addFilter(1024)) - Added filter static_user_filter (class=org.apache.hadoop.http.lib.StaticUserWebFilter$StaticUserFilter) to context static
2025-10-07 20:51:43,743 [ForkJoinPool-1-worker-1] INFO  http.HttpServer2 (HttpServer2.java:addFilter(1024)) - Added filter static_user_filter (class=org.apache.hadoop.http.lib.StaticUserWebFilter$StaticUserFilter) to context logs
2025-10-07 20:51:43,744 [ForkJoinPool-1-worker-1] INFO  http.BaseHttpServer (BaseHttpServer.java:<init>(193)) - HTTP server of ozoneManager uses base directory /home/runner/work/ozone/ozone/hadoop-ozone/integration-test-recon/target/test-dir/MiniOzoneClusterImpl-b15909b8-03a8-4b15-aaa3-a668c086c089/scm/ozone-metadata/webserver
2025-10-07 20:51:43,749 [ForkJoinPool-1-worker-1] INFO  http.HttpServer2 (HttpServer2.java:bindListener(1240)) - Jetty bound to port 15009
2025-10-07 20:51:43,749 [ForkJoinPool-1-worker-1] INFO  server.Server (Server.java:doStart(375)) - jetty-9.4.58.v20250814; built: 2025-08-14T02:28:49.637Z; git: 8f1440587e9e4ae7db3d74cf205643f3d707148d; jvm 21.0.8+9-LTS
2025-10-07 20:51:43,751 [ForkJoinPool-1-worker-1] INFO  server.session (DefaultSessionIdManager.java:doStart(334)) - DefaultSessionIdManager workerName=node0
2025-10-07 20:51:43,751 [ForkJoinPool-1-worker-1] INFO  server.session (DefaultSessionIdManager.java:doStart(339)) - No SessionScavenger set, using defaults
2025-10-07 20:51:43,751 [ForkJoinPool-1-worker-1] INFO  server.session (HouseKeeper.java:startScavenging(132)) - node0 Scavenging every 600000ms
2025-10-07 20:51:43,752 [ForkJoinPool-1-worker-1] INFO  handler.ContextHandler (ContextHandler.java:doStart(921)) - Started o.e.j.s.ServletContextHandler@1b214e8d{logs,/logs,file:///home/runner/work/ozone/ozone/hadoop-ozone/integration-test-recon/target/log,AVAILABLE}
2025-10-07 20:51:43,752 [ForkJoinPool-1-worker-1] INFO  handler.ContextHandler (ContextHandler.java:doStart(921)) - Started o.e.j.s.ServletContextHandler@1ea5083d{static,/static,jar:file:/home/runner/work/ozone/ozone/hadoop-ozone/integration-test/target/ozone-integration-test-2.1.0-SNAPSHOT-tests.jar!/webapps/static,AVAILABLE}
2025-10-07 20:51:43,791 [ForkJoinPool-1-worker-1] INFO  handler.ContextHandler (ContextHandler.java:doStart(921)) - Started o.e.j.w.WebAppContext@6a7807c4{ozoneManager,/,file:///home/runner/work/ozone/ozone/hadoop-ozone/integration-test-recon/target/test-dir/MiniOzoneClusterImpl-b15909b8-03a8-4b15-aaa3-a668c086c089/scm/ozone-metadata/webserver/jetty-0_0_0_0-15009-ozone-integration-test-2_1_0-SNAPSHOT-tests_jar-_-any-17612886722893700689/webapp/,AVAILABLE}{jar:file:/home/runner/work/ozone/ozone/hadoop-ozone/integration-test/target/ozone-integration-test-2.1.0-SNAPSHOT-tests.jar!/webapps/ozoneManager}
2025-10-07 20:51:43,792 [ForkJoinPool-1-worker-1] INFO  server.AbstractConnector (AbstractConnector.java:doStart(333)) - Started ServerConnector@101279c9{HTTP/1.1, (http/1.1)}{0.0.0.0:15009}
2025-10-07 20:51:43,792 [ForkJoinPool-1-worker-1] INFO  server.Server (Server.java:doStart(415)) - Started @8542ms
2025-10-07 20:51:43,792 [ForkJoinPool-1-worker-1] WARN  impl.MetricsSystemImpl (MetricsSystemImpl.java:register(279)) - Sink prometheus already exists!
2025-10-07 20:51:43,792 [ForkJoinPool-1-worker-1] INFO  http.BaseHttpServer (BaseHttpServer.java:updateConnectorAddress(357)) - HTTP server of ozoneManager listening at http://localhost:15009
2025-10-07 20:51:43,792 [IPC Server Responder] INFO  ipc.Server (Server.java:run(1713)) - IPC Server Responder: starting
2025-10-07 20:51:43,792 [IPC Server listener on 15008] INFO  ipc.Server (Server.java:run(1553)) - IPC Server listener on 15008: starting
2025-10-07 20:51:43,795 [ForkJoinPool-1-worker-1] INFO  om.OzoneManager (OzoneManager.java:startTrashEmptier(2292)) - Trash Interval set to 0. Files deleted won't move to trash
2025-10-07 20:51:43,808 [ForkJoinPool-1-worker-1] INFO  db.CodecBuffer (CodecBuffer.java:set(85)) - Successfully set constructor to LeakDetector::newCodecBuffer: org.apache.hadoop.hdds.utils.db.CodecBuffer$$Lambda/0x00007f9d6c810000@7efea11d
2025-10-07 20:51:43,960 [ForkJoinPool-1-worker-1] INFO  recon.ReconServer (HddsServerUtil.java:startupShutdownMessage(679)) - STARTUP_MSG: 
/************************************************************
STARTUP_MSG: Starting ReconServer
STARTUP_MSG:        host = localhost/127.0.0.1
STARTUP_MSG:     version = 2.1.0-SNAPSHOT
STARTUP_MSG:       build = https://github.com/apache/ozone/584ebb95d35d3be9be9e9ac669492e8a535752d9
STARTUP_MSG:        java = 21.0.8
STARTUP_MSG:        args = []
STARTUP_MSG:   classpath = /home/runner/work/ozone/ozone/hadoop-ozone/integration-test-recon/target/test-classes:/home/runner/work/ozone/ozone/hadoop-ozone/integration-test-recon/target/classes:/home/runner/.m2/repository/com/fasterxml/jackson/core/jackson-core/2.16.2/jackson-core-2.16.2.jar:/home/runner/.m2/repository/com/fasterxml/jackson/core/jackson-databind/2.16.2/jackson-databind-2.16.2.jar:/home/runner/.m2/repository/com/fasterxml/jackson/core/jackson-annotations/2.16.2/jackson-annotations-2.16.2.jar:/home/runner/.m2/repository/com/google/guava/guava/33.5.0-jre/guava-33.5.0-jre.jar:/home/runner/.m2/repository/com/google/guava/failureaccess/1.0.3/failureaccess-1.0.3.jar:/home/runner/.m2/repository/com/google/guava/listenablefuture/9999.0-empty-to-avoid-conflict-with-guava/listenablefuture-9999.0-empty-to-avoid-conflict-with-guava.jar:/home/runner/.m2/repository/org/jspecify/jspecify/1.0.0/jspecify-1.0.0.jar:/home/runner/.m2/repository/com/google/errorprone/error_prone_annotations/2.29.2/error_prone_annotations-2.29.2.jar:/home/runner/.m2/repository/com/google/j2objc/j2objc-annotations/3.1/j2objc-annotations-3.1.jar:/home/runner/.m2/repository/commons-io/commons-io/2.18.0/commons-io-2.18.0.jar:/home/runner/.m2/repository/jakarta/ws/rs/jakarta.ws.rs-api/2.1.6/jakarta.ws.rs-api-2.1.6.jar:/home/runner/.m2/repository/org/apache/hadoop/hadoop-common/3.4.2/hadoop-common-3.4.2.jar:/home/runner/.m2/repository/org/apache/hadoop/thirdparty/hadoop-shaded-protobuf_3_25/1.4.0/hadoop-shaded-protobuf_3_25-1.4.0.jar:/home/runner/.m2/repository/org/apache/hadoop/hadoop-annotations/3.4.2/hadoop-annotations-3.4.2.jar:/home/runner/.m2/repository/org/apache/hadoop/thirdparty/hadoop-shaded-guava/1.4.0/hadoop-shaded-guava-1.4.0.jar:/home/runner/.m2/repository/commons-cli/commons-cli/1.8.0/commons-cli-1.8.0.jar:/home/runner/.m2/repository/commons-codec/commons-codec/1.18.0/commons-codec-1.18.0.jar:/home/runner/.m2/repository/commons-net/commons-net/3.11.1/commons-net-3.11.1.jar:/home/runner/.m2/repository/org/apache/commons/commons-collections4/4.4/commons-collections4-4.4.jar:/home/runner/.m2/repository/javax/servlet/javax.servlet-api/3.1.0/javax.servlet-api-3.1.0.jar:/home/runner/.m2/repository/jakarta/activation/jakarta.activation-api/1.2.2/jakarta.activation-api-1.2.2.jar:/home/runner/.m2/repository/org/eclipse/jetty/jetty-server/9.4.58.v20250814/jetty-server-9.4.58.v20250814.jar:/home/runner/.m2/repository/org/eclipse/jetty/jetty-io/9.4.58.v20250814/jetty-io-9.4.58.v20250814.jar:/home/runner/.m2/repository/org/eclipse/jetty/jetty-util/9.4.58.v20250814/jetty-util-9.4.58.v20250814.jar:/home/runner/.m2/repository/org/eclipse/jetty/jetty-servlet/9.4.58.v20250814/jetty-servlet-9.4.58.v20250814.jar:/home/runner/.m2/repository/org/eclipse/jetty/jetty-security/9.4.58.v20250814/jetty-security-9.4.58.v20250814.jar:/home/runner/.m2/repository/org/eclipse/jetty/jetty-util-ajax/9.4.58.v20250814/jetty-util-ajax-9.4.58.v20250814.jar:/home/runner/.m2/repository/org/eclipse/jetty/jetty-webapp/9.4.58.v20250814/jetty-webapp-9.4.58.v20250814.jar:/home/runner/.m2/repository/org/eclipse/jetty/jetty-xml/9.4.58.v20250814/jetty-xml-9.4.58.v20250814.jar:/home/runner/.m2/repository/javax/servlet/jsp/jsp-api/2.1/jsp-api-2.1.jar:/home/runner/.m2/repository/org/codehaus/jettison/jettison/1.5.4/jettison-1.5.4.jar:/home/runner/.m2/repository/org/apache/commons/commons-configuration2/2.12.0/commons-configuration2-2.12.0.jar:/home/runner/.m2/repository/org/apache/commons/commons-lang3/3.18.0/commons-lang3-3.18.0.jar:/home/runner/.m2/repository/org/apache/commons/commons-text/1.13.1/commons-text-1.13.1.jar:/home/runner/.m2/repository/com/google/re2j/re2j/1.7/re2j-1.7.jar:/home/runner/.m2/repository/com/google/code/gson/gson/2.13.1/gson-2.13.1.jar:/home/runner/.m2/repository/org/apache/hadoop/hadoop-auth/3.4.2/hadoop-auth-3.4.2.jar:/home/runner/.m2/repository/com/jcraft/jsch/0.1.55/jsch-0.1.55.jar:/home/runner/.m2/repository/io/netty/netty-handler/4.1.119.Final/netty-handler-4.1.119.Final.jar:/home/runner/.m2/repository/io/netty/netty-resolver/4.1.119.Final/netty-resolver-4.1.119.Final.jar:/home/runner/.m2/repository/io/netty/netty-buffer/4.1.119.Final/netty-buffer-4.1.119.Final.jar:/home/runner/.m2/repository/io/netty/netty-transport-native-unix-common/4.1.119.Final/netty-transport-native-unix-common-4.1.119.Final.jar:/home/runner/.m2/repository/io/netty/netty-codec/4.1.119.Final/netty-codec-4.1.119.Final.jar:/home/runner/.m2/repository/io/netty/netty-transport-native-epoll/4.1.119.Final/netty-transport-native-epoll-4.1.119.Final.jar:/home/runner/.m2/repository/io/netty/netty-transport-classes-epoll/4.1.119.Final/netty-transport-classes-epoll-4.1.119.Final.jar:/home/runner/.m2/repository/io/dropwizard/metrics/metrics-core/3.2.6/metrics-core-3.2.6.jar:/home/runner/.m2/repository/org/apache/commons/commons-compress/1.27.1/commons-compress-1.27.1.jar:/home/runner/.m2/repository/org/bouncycastle/bcprov-jdk18on/1.81/bcprov-jdk18on-1.81.jar:/home/runner/.m2/repository/org/apache/kerby/kerb-core/1.0.1/kerb-core-1.0.1.jar:/home/runner/.m2/repository/org/apache/kerby/kerby-pkix/1.0.1/kerby-pkix-1.0.1.jar:/home/runner/.m2/repository/org/apache/kerby/kerby-asn1/1.0.1/kerby-asn1-1.0.1.jar:/home/runner/.m2/repository/org/codehaus/woodstox/stax2-api/4.2.1/stax2-api-4.2.1.jar:/home/runner/.m2/repository/com/fasterxml/woodstox/woodstox-core/5.4.0/woodstox-core-5.4.0.jar:/home/runner/.m2/repository/dnsjava/dnsjava/3.6.1/dnsjava-3.6.1.jar:/home/runner/.m2/repository/org/apache/hadoop/hadoop-hdfs-client/3.4.2/hadoop-hdfs-client-3.4.2.jar:/home/runner/.m2/repository/org/apache/httpcomponents/httpclient/4.5.14/httpclient-4.5.14.jar:/home/runner/.m2/repository/org/apache/httpcomponents/httpcore/4.4.16/httpcore-4.4.16.jar:/home/runner/work/ozone/ozone/hadoop-hdds/client/target/hdds-client-2.1.0-SNAPSHOT.jar:/home/runner/.m2/repository/jakarta/annotation/jakarta.annotation-api/2.1.1/jakarta.annotation-api-2.1.1.jar:/home/runner/work/ozone/ozone/hadoop-hdds/erasurecode/target/hdds-erasurecode-2.1.0-SNAPSHOT.jar:/home/runner/.m2/repository/org/apache/ratis/ratis-client/3.2.0/ratis-client-3.2.0.jar:/home/runner/.m2/repository/org/apache/ratis/ratis-grpc/3.2.0/ratis-grpc-3.2.0.jar:/home/runner/.m2/repository/org/apache/ratis/ratis-proto/3.2.0/ratis-proto-3.2.0.jar:/home/runner/.m2/repository/org/apache/ratis/ratis-thirdparty-misc/1.0.9/ratis-thirdparty-misc-1.0.9.jar:/home/runner/work/ozone/ozone/hadoop-hdds/common/target/hdds-common-2.1.0-SNAPSHOT.jar:/home/runner/.m2/repository/com/fasterxml/jackson/datatype/jackson-datatype-jsr310/2.16.2/jackson-datatype-jsr310-2.16.2.jar:/home/runner/.m2/repository/com/github/stephenc/jcip/jcip-annotations/1.0-1/jcip-annotations-1.0-1.jar:/home/runner/.m2/repository/com/google/protobuf/protobuf-java/2.5.0/protobuf-java-2.5.0.jar:/home/runner/.m2/repository/commons-validator/commons-validator/1.10.0/commons-validator-1.10.0.jar:/home/runner/.m2/repository/commons-beanutils/commons-beanutils/1.11.0/commons-beanutils-1.11.0.jar:/home/runner/.m2/repository/commons-digester/commons-digester/2.1/commons-digester-2.1.jar:/home/runner/.m2/repository/commons-collections/commons-collections/3.2.2/commons-collections-3.2.2.jar:/home/runner/.m2/repository/info/picocli/picocli/4.7.7/picocli-4.7.7.jar:/home/runner/.m2/repository/io/opentelemetry/opentelemetry-api/1.54.1/opentelemetry-api-1.54.1.jar:/home/runner/.m2/repository/io/opentelemetry/opentelemetry-context/1.54.1/opentelemetry-context-1.54.1.jar:/home/runner/.m2/repository/io/opentelemetry/opentelemetry-common/1.54.1/opentelemetry-common-1.54.1.jar:/home/runner/.m2/repository/io/opentelemetry/opentelemetry-exporter-otlp/1.54.1/opentelemetry-exporter-otlp-1.54.1.jar:/home/runner/.m2/repository/io/opentelemetry/opentelemetry-sdk-metrics/1.54.1/opentelemetry-sdk-metrics-1.54.1.jar:/home/runner/.m2/repository/io/opentelemetry/opentelemetry-sdk-logs/1.54.1/opentelemetry-sdk-logs-1.54.1.jar:/home/runner/.m2/repository/io/opentelemetry/opentelemetry-exporter-otlp-common/1.54.1/opentelemetry-exporter-otlp-common-1.54.1.jar:/home/runner/.m2/repository/io/opentelemetry/opentelemetry-exporter-common/1.54.1/opentelemetry-exporter-common-1.54.1.jar:/home/runner/.m2/repository/io/opentelemetry/opentelemetry-exporter-sender-okhttp/1.54.1/opentelemetry-exporter-sender-okhttp-1.54.1.jar:/home/runner/.m2/repository/com/squareup/okhttp3/okhttp-jvm/5.1.0/okhttp-jvm-5.1.0.jar:/home/runner/.m2/repository/com/squareup/okio/okio-jvm/3.15.0/okio-jvm-3.15.0.jar:/home/runner/.m2/repository/org/jetbrains/kotlin/kotlin-stdlib/1.9.25/kotlin-stdlib-1.9.25.jar:/home/runner/.m2/repository/org/jetbrains/annotations/13.0/annotations-13.0.jar:/home/runner/.m2/repository/io/opentelemetry/opentelemetry-sdk-extension-autoconfigure-spi/1.54.1/opentelemetry-sdk-extension-autoconfigure-spi-1.54.1.jar:/home/runner/.m2/repository/io/opentelemetry/opentelemetry-sdk/1.54.1/opentelemetry-sdk-1.54.1.jar:/home/runner/.m2/repository/io/opentelemetry/opentelemetry-sdk-common/1.54.1/opentelemetry-sdk-common-1.54.1.jar:/home/runner/.m2/repository/io/opentelemetry/opentelemetry-sdk-trace/1.54.1/opentelemetry-sdk-trace-1.54.1.jar:/home/runner/.m2/repository/jakarta/xml/bind/jakarta.xml.bind-api/2.3.3/jakarta.xml.bind-api-2.3.3.jar:/home/runner/work/ozone/ozone/hadoop-hdds/interface-admin/target/hdds-interface-admin-2.1.0-SNAPSHOT.jar:/home/runner/.m2/repository/org/apache/ratis/ratis-netty/3.2.0/ratis-netty-3.2.0.jar:/home/runner/.m2/repository/org/apache/ratis/ratis-server-api/3.2.0/ratis-server-api-3.2.0.jar:/home/runner/.m2/repository/org/bouncycastle/bcpkix-jdk18on/1.81/bcpkix-jdk18on-1.81.jar:/home/runner/.m2/repository/org/bouncycastle/bcutil-jdk18on/1.81/bcutil-jdk18on-1.81.jar:/home/runner/.m2/repository/org/yaml/snakeyaml/2.0/snakeyaml-2.0.jar:/home/runner/.m2/repository/org/apache/ratis/ratis-metrics-dropwizard3/3.2.0/ratis-metrics-dropwizard3-3.2.0.jar:/home/runner/.m2/repository/org/slf4j/jcl-over-slf4j/2.0.17/jcl-over-slf4j-2.0.17.jar:/home/runner/.m2/repository/org/slf4j/slf4j-reload4j/2.0.17/slf4j-reload4j-2.0.17.jar:/home/runner/work/ozone/ozone/hadoop-hdds/common/target/hdds-common-2.1.0-SNAPSHOT-tests.jar:/home/runner/work/ozone/ozone/hadoop-hdds/config/target/hdds-config-2.1.0-SNAPSHOT.jar:/home/runner/work/ozone/ozone/hadoop-hdds/interface-client/target/hdds-interface-client-2.1.0-SNAPSHOT.jar:/home/runner/work/ozone/ozone/hadoop-hdds/framework/target/hdds-server-framework-2.1.0-SNAPSHOT.jar:/home/runner/.m2/repository/ch/qos/reload4j/reload4j/1.2.26/reload4j-1.2.26.jar:/home/runner/.m2/repository/com/github/jnr/jnr-constants/0.10.4/jnr-constants-0.10.4.jar:/home/runner/.m2/repository/com/github/jnr/jnr-posix/3.1.20/jnr-posix-3.1.20.jar:/home/runner/.m2/repository/com/github/jnr/jnr-ffi/2.2.17/jnr-ffi-2.2.17.jar:/home/runner/.m2/repository/com/github/jnr/jffi/1.3.13/jffi-1.3.13.jar:/home/runner/.m2/repository/com/github/jnr/jffi/1.3.13/jffi-1.3.13-native.jar:/home/runner/.m2/repository/org/ow2/asm/asm/9.7.1/asm-9.7.1.jar:/home/runner/.m2/repository/org/ow2/asm/asm-commons/9.7.1/asm-commons-9.7.1.jar:/home/runner/.m2/repository/org/ow2/asm/asm-analysis/9.7.1/asm-analysis-9.7.1.jar:/home/runner/.m2/repository/org/ow2/asm/asm-tree/9.7.1/asm-tree-9.7.1.jar:/home/runner/.m2/repository/org/ow2/asm/asm-util/9.7.1/asm-util-9.7.1.jar:/home/runner/.m2/repository/com/github/jnr/jnr-a64asm/1.0.0/jnr-a64asm-1.0.0.jar:/home/runner/.m2/repository/com/github/jnr/jnr-x86asm/1.0.2/jnr-x86asm-1.0.2.jar:/home/runner/.m2/repository/commons-fileupload/commons-fileupload/1.6.0/commons-fileupload-1.6.0.jar:/home/runner/.m2/repository/io/grpc/grpc-api/1.71.0/grpc-api-1.71.0.jar:/home/runner/.m2/repository/io/prometheus/simpleclient/0.16.0/simpleclient-0.16.0.jar:/home/runner/.m2/repository/io/prometheus/simpleclient_common/0.16.0/simpleclient_common-0.16.0.jar:/home/runner/.m2/repository/io/prometheus/simpleclient_dropwizard/0.16.0/simpleclient_dropwizard-0.16.0.jar:/home/runner/.m2/repository/org/apache/logging/log4j/log4j-api/2.25.0/log4j-api-2.25.0.jar:/home/runner/work/ozone/ozone/hadoop-hdds/interface-server/target/hdds-interface-server-2.1.0-SNAPSHOT.jar:/home/runner/work/ozone/ozone/hadoop-hdds/managed-rocksdb/target/hdds-managed-rocksdb-2.1.0-SNAPSHOT.jar:/home/runner/work/ozone/ozone/hadoop-hdds/rocksdb-checkpoint-differ/target/rocksdb-checkpoint-differ-2.1.0-SNAPSHOT.jar:/home/runner/.m2/repository/org/apache/ratis/ratis-metrics-api/3.2.0/ratis-metrics-api-3.2.0.jar:/home/runner/.m2/repository/org/eclipse/jetty/jetty-http/9.4.58.v20250814/jetty-http-9.4.58.v20250814.jar:/home/runner/.m2/repository/org/glassfish/jersey/containers/jersey-container-servlet-core/2.47/jersey-container-servlet-core-2.47.jar:/home/runner/.m2/repository/org/glassfish/jersey/core/jersey-server/2.47/jersey-server-2.47.jar:/home/runner/.m2/repository/org/glassfish/jersey/core/jersey-client/2.47/jersey-client-2.47.jar:/home/runner/.m2/repository/org/reflections/reflections/0.10.2/reflections-0.10.2.jar:/home/runner/.m2/repository/org/javassist/javassist/3.30.2-GA/javassist-3.30.2-GA.jar:/home/runner/.m2/repository/org/rocksdb/rocksdbjni/7.7.3/rocksdbjni-7.7.3.jar:/home/runner/.m2/repository/com/lmax/disruptor/3.4.4/disruptor-3.4.4.jar:/home/runner/.m2/repository/com/nimbusds/nimbus-jose-jwt/10.4/nimbus-jose-jwt-10.4.jar:/home/runner/.m2/repository/log4j/apache-log4j-extras/1.2.17/apache-log4j-extras-1.2.17.jar:/home/runner/.m2/repository/org/apache/kerby/kerb-util/1.0.1/kerb-util-1.0.1.jar:/home/runner/.m2/repository/org/apache/kerby/kerby-config/1.0.1/kerby-config-1.0.1.jar:/home/runner/.m2/repository/org/apache/kerby/kerb-crypto/1.0.1/kerb-crypto-1.0.1.jar:/home/runner/.m2/repository/org/apache/logging/log4j/log4j-core/2.25.0/log4j-core-2.25.0.jar:/home/runner/.m2/repository/org/xerial/snappy/snappy-java/1.1.10.8/snappy-java-1.1.10.8.jar:/home/runner/work/ozone/ozone/hadoop-hdds/server-scm/target/hdds-server-scm-2.1.0-SNAPSHOT.jar:/home/runner/work/ozone/ozone/hadoop-hdds/container-service/target/hdds-container-service-2.1.0-SNAPSHOT.jar:/home/runner/.m2/repository/org/apache/hadoop/hadoop-hdfs/3.4.2/hadoop-hdfs-3.4.2.jar:/home/runner/.m2/repository/commons-daemon/commons-daemon/1.4.0/commons-daemon-1.4.0.jar:/home/runner/.m2/repository/com/github/luben/zstd-jni/1.5.7-5/zstd-jni-1.5.7-5.jar:/home/runner/.m2/repository/org/glassfish/jaxb/jaxb-runtime/2.3.9/jaxb-runtime-2.3.9.jar:/home/runner/.m2/repository/org/glassfish/jaxb/txw2/2.3.9/txw2-2.3.9.jar:/home/runner/.m2/repository/com/sun/istack/istack-commons-runtime/3.0.12/istack-commons-runtime-3.0.12.jar:/home/runner/.m2/repository/com/sun/activation/jakarta.activation/1.2.2/jakarta.activation-1.2.2.jar:/home/runner/.m2/repository/org/apache/ratis/ratis-server/3.2.0/ratis-server-3.2.0.jar:/home/runner/work/ozone/ozone/hadoop-hdds/server-scm/target/hdds-server-scm-2.1.0-SNAPSHOT-tests.jar:/home/runner/work/ozone/ozone/hadoop-hdds/test-utils/target/hdds-test-utils-2.1.0-SNAPSHOT-tests.jar:/home/runner/work/ozone/ozone/hadoop-ozone/cli-admin/target/ozone-cli-admin-2.1.0-SNAPSHOT.jar:/home/runner/work/ozone/ozone/hadoop-ozone/cli-shell/target/ozone-cli-shell-2.1.0-SNAPSHOT.jar:/home/runner/.m2/repository/info/picocli/picocli-shell-jline3/4.7.7/picocli-shell-jline3-4.7.7.jar:/home/runner/.m2/repository/org/jline/jline/3.30.6/jline-3.30.6.jar:/home/runner/work/ozone/ozone/hadoop-ozone/ozonefs/target/ozone-filesystem-2.1.0-SNAPSHOT.jar:/home/runner/work/ozone/ozone/hadoop-ozone/ozonefs-common/target/ozone-filesystem-common-2.1.0-SNAPSHOT.jar:/home/runner/work/ozone/ozone/hadoop-ozone/interface-client/target/ozone-interface-client-2.1.0-SNAPSHOT.jar:/home/runner/.m2/repository/io/grpc/grpc-protobuf/1.71.0/grpc-protobuf-1.71.0.jar:/home/runner/.m2/repository/com/google/api/grpc/proto-google-common-protos/2.51.0/proto-google-common-protos-2.51.0.jar:/home/runner/.m2/repository/io/grpc/grpc-protobuf-lite/1.71.0/grpc-protobuf-lite-1.71.0.jar:/home/runner/work/ozone/ozone/hadoop-ozone/client/target/ozone-client-2.1.0-SNAPSHOT.jar:/home/runner/work/ozone/ozone/hadoop-ozone/common/target/ozone-common-2.1.0-SNAPSHOT.jar:/home/runner/.m2/repository/io/grpc/grpc-netty/1.71.0/grpc-netty-1.71.0.jar:/home/runner/.m2/repository/org/codehaus/mojo/animal-sniffer-annotations/1.24/animal-sniffer-annotations-1.24.jar:/home/runner/.m2/repository/io/grpc/grpc-core/1.71.0/grpc-core-1.71.0.jar:/home/runner/.m2/repository/com/google/android/annotations/4.1.1.4/annotations-4.1.1.4.jar:/home/runner/.m2/repository/io/grpc/grpc-context/1.71.0/grpc-context-1.71.0.jar:/home/runner/.m2/repository/io/perfmark/perfmark-api/0.27.0/perfmark-api-0.27.0.jar:/home/runner/.m2/repository/io/grpc/grpc-util/1.71.0/grpc-util-1.71.0.jar:/home/runner/.m2/repository/io/netty/netty-common/4.1.119.Final/netty-common-4.1.119.Final.jar:/home/runner/.m2/repository/io/netty/netty-codec-http2/4.1.119.Final/netty-codec-http2-4.1.119.Final.jar:/home/runner/.m2/repository/io/netty/netty-codec-http/4.1.119.Final/netty-codec-http-4.1.119.Final.jar:/home/runner/.m2/repository/io/netty/netty-handler-proxy/4.1.119.Final/netty-handler-proxy-4.1.119.Final.jar:/home/runner/.m2/repository/io/netty/netty-codec-socks/4.1.119.Final/netty-codec-socks-4.1.119.Final.jar:/home/runner/.m2/repository/io/netty/netty-tcnative-boringssl-static/2.0.70.Final/netty-tcnative-boringssl-static-2.0.70.Final.jar:/home/runner/.m2/repository/io/netty/netty-tcnative-classes/2.0.70.Final/netty-tcnative-classes-2.0.70.Final.jar:/home/runner/.m2/repository/io/netty/netty-tcnative-boringssl-static/2.0.70.Final/netty-tcnative-boringssl-static-2.0.70.Final-linux-x86_64.jar:/home/runner/.m2/repository/io/netty/netty-tcnative-boringssl-static/2.0.70.Final/netty-tcnative-boringssl-static-2.0.70.Final-linux-aarch_64.jar:/home/runner/.m2/repository/io/netty/netty-tcnative-boringssl-static/2.0.70.Final/netty-tcnative-boringssl-static-2.0.70.Final-osx-x86_64.jar:/home/runner/.m2/repository/io/netty/netty-tcnative-boringssl-static/2.0.70.Final/netty-tcnative-boringssl-static-2.0.70.Final-osx-aarch_64.jar:/home/runner/.m2/repository/io/netty/netty-tcnative-boringssl-static/2.0.70.Final/netty-tcnative-boringssl-static-2.0.70.Final-windows-x86_64.jar:/home/runner/work/ozone/ozone/hadoop-ozone/integration-test/target/ozone-integration-test-2.1.0-SNAPSHOT-tests.jar:/home/runner/work/ozone/ozone/hadoop-ozone/interface-storage/target/ozone-interface-storage-2.1.0-SNAPSHOT.jar:/home/runner/work/ozone/ozone/hadoop-ozone/ozone-manager/target/ozone-manager-2.1.0-SNAPSHOT.jar:/home/runner/.m2/repository/io/grpc/grpc-stub/1.71.0/grpc-stub-1.71.0.jar:/home/runner/.m2/repository/io/netty/netty-transport/4.1.119.Final/netty-transport-4.1.119.Final.jar:/home/runner/.m2/repository/org/apache/commons/commons-pool2/2.12.1/commons-pool2-2.12.1.jar:/home/runner/.m2/repository/org/apache/kerby/kerby-util/1.0.1/kerby-util-1.0.1.jar:/home/runner/work/ozone/ozone/hadoop-hdds/rocks-native/target/hdds-rocks-native-2.1.0-SNAPSHOT.jar:/home/runner/.m2/repository/org/aspectj/aspectjrt/1.9.24/aspectjrt-1.9.24.jar:/home/runner/work/ozone/ozone/hadoop-ozone/ozone-manager/target/ozone-manager-2.1.0-SNAPSHOT-tests.jar:/home/runner/work/ozone/ozone/hadoop-ozone/mini-cluster/target/ozone-mini-cluster-2.1.0-SNAPSHOT.jar:/home/runner/work/ozone/ozone/hadoop-ozone/recon/target/ozone-recon-2.1.0-SNAPSHOT.jar:/home/runner/.m2/repository/aopalliance/aopalliance/1.0/aopalliance-1.0.jar:/home/runner/.m2/repository/com/google/inject/guice/6.0.0/guice-6.0.0.jar:/home/runner/.m2/repository/jakarta/inject/jakarta.inject-api/2.0.1/jakarta.inject-api-2.0.1.jar:/home/runner/.m2/repository/com/google/inject/extensions/guice-servlet/6.0.0/guice-servlet-6.0.0.jar:/home/runner/.m2/repository/com/jolbox/bonecp/0.8.0.RELEASE/bonecp-0.8.0.RELEASE.jar:/home/runner/.m2/repository/jakarta/validation/jakarta.validation-api/2.0.2/jakarta.validation-api-2.0.2.jar:/home/runner/.m2/repository/javax/annotation/javax.annotation-api/1.3.2/javax.annotation-api-1.3.2.jar:/home/runner/.m2/repository/javax/inject/javax.inject/1/javax.inject-1.jar:/home/runner/.m2/repository/org/apache/derby/derby/10.14.2.0/derby-10.14.2.0.jar:/home/runner/.m2/repository/org/glassfish/hk2/guice-bridge/2.6.1/guice-bridge-2.6.1.jar:/home/runner/.m2/repository/org/glassfish/hk2/hk2-api/2.6.1/hk2-api-2.6.1.jar:/home/runner/.m2/repository/org/glassfish/hk2/hk2-utils/2.6.1/hk2-utils-2.6.1.jar:/home/runner/.m2/repository/org/glassfish/hk2/external/aopalliance-repackaged/2.6.1/aopalliance-repackaged-2.6.1.jar:/home/runner/.m2/repository/org/glassfish/jersey/core/jersey-common/2.47/jersey-common-2.47.jar:/home/runner/.m2/repository/org/glassfish/hk2/osgi-resource-locator/1.0.3/osgi-resource-locator-1.0.3.jar:/home/runner/.m2/repository/org/jooq/jooq/3.11.10/jooq-3.11.10.jar:/home/runner/.m2/repository/org/springframework/spring-core/5.3.39/spring-core-5.3.39.jar:/home/runner/.m2/repository/org/springframework/spring-jdbc/5.3.39/spring-jdbc-5.3.39.jar:/home/runner/.m2/repository/org/springframework/spring-beans/5.3.39/spring-beans-5.3.39.jar:/home/runner/.m2/repository/org/springframework/spring-tx/5.3.39/spring-tx-5.3.39.jar:/home/runner/.m2/repository/org/xerial/sqlite-jdbc/3.50.3.0/sqlite-jdbc-3.50.3.0.jar:/home/runner/.m2/repository/com/google/inject/extensions/guice-assistedinject/6.0.0/guice-assistedinject-6.0.0.jar:/home/runner/.m2/repository/org/glassfish/hk2/external/jakarta.inject/2.6.1/jakarta.inject-2.6.1.jar:/home/runner/.m2/repository/org/glassfish/jersey/inject/jersey-hk2/2.47/jersey-hk2-2.47.jar:/home/runner/.m2/repository/org/glassfish/hk2/hk2-locator/2.6.1/hk2-locator-2.6.1.jar:/home/runner/.m2/repository/org/glassfish/jersey/media/jersey-media-jaxb/2.47/jersey-media-jaxb-2.47.jar:/home/runner/.m2/repository/org/glassfish/jersey/media/jersey-media-json-jackson/2.47/jersey-media-json-jackson-2.47.jar:/home/runner/.m2/repository/org/glassfish/jersey/ext/jersey-entity-filtering/2.47/jersey-entity-filtering-2.47.jar:/home/runner/.m2/repository/com/fasterxml/jackson/module/jackson-module-jaxb-annotations/2.16.2/jackson-module-jaxb-annotations-2.16.2.jar:/home/runner/work/ozone/ozone/hadoop-ozone/recon-codegen/target/ozone-reconcodegen-2.1.0-SNAPSHOT.jar:/home/runner/.m2/repository/org/jooq/jooq-codegen/3.11.10/jooq-codegen-3.11.10.jar:/home/runner/.m2/repository/org/jooq/jooq-meta/3.11.10/jooq-meta-3.11.10.jar:/home/runner/.m2/repository/org/apache/ratis/ratis-common/3.2.0/ratis-common-3.2.0.jar:/home/runner/.m2/repository/org/apache/ratis/ratis-server/3.2.0/ratis-server-3.2.0-tests.jar:/home/runner/.m2/repository/org/slf4j/slf4j-api/2.0.17/slf4j-api-2.0.17.jar:/home/runner/.m2/repository/org/assertj/assertj-core/3.27.6/assertj-core-3.27.6.jar:/home/runner/.m2/repository/net/bytebuddy/byte-buddy/1.17.7/byte-buddy-1.17.7.jar:/home/runner/.m2/repository/org/junit/jupiter/junit-jupiter-api/5.14.0/junit-jupiter-api-5.14.0.jar:/home/runner/.m2/repository/org/opentest4j/opentest4j/1.3.0/opentest4j-1.3.0.jar:/home/runner/.m2/repository/org/junit/platform/junit-platform-commons/1.14.0/junit-platform-commons-1.14.0.jar:/home/runner/.m2/repository/org/apiguardian/apiguardian-api/1.1.2/apiguardian-api-1.1.2.jar:/home/runner/.m2/repository/org/junit/jupiter/junit-jupiter-params/5.14.0/junit-jupiter-params-5.14.0.jar:/home/runner/.m2/repository/org/mockito/mockito-core/4.11.0/mockito-core-4.11.0.jar:/home/runner/.m2/repository/net/bytebuddy/byte-buddy-agent/1.12.19/byte-buddy-agent-1.12.19.jar:/home/runner/.m2/repository/org/objenesis/objenesis/3.3/objenesis-3.3.jar:/home/runner/.m2/repository/org/mockito/mockito-inline/4.11.0/mockito-inline-4.11.0.jar:/home/runner/.m2/repository/org/mockito/mockito-junit-jupiter/4.11.0/mockito-junit-jupiter-4.11.0.jar:/home/runner/work/ozone/ozone/hadoop-ozone/integration-test-recon/target/gradle-enterprise/test-listeners.jar:
STARTUP_MSG:        conf = {hadoop.hdds.db.rocksdb.WAL_size_limit_MB=0MB, hadoop.hdds.db.rocksdb.WAL_ttl_seconds=1200, hadoop.hdds.db.rocksdb.keep.log.file.num=10, hadoop.hdds.db.rocksdb.logging.enabled=false, hadoop.hdds.db.rocksdb.logging.level=INFO, hadoop.hdds.db.rocksdb.max.log.file.size=100MB, hadoop.hdds.db.rocksdb.writeoption.sync=false, hdds.block.token.enabled=false, hdds.block.token.expiry.time=1d, hdds.command.status.report.interval=30s, hdds.container.action.max.limit=20, hdds.container.balancer.balancing.iteration.interval=70m, hdds.container.balancer.datanodes.involved.max.percentage.per.iteration=20, hdds.container.balancer.iterations=10, hdds.container.balancer.move.networkTopology.enable=false, hdds.container.balancer.move.replication.timeout=50m, hdds.container.balancer.move.timeout=65m, hdds.container.balancer.size.entering.target.max=26GB, hdds.container.balancer.size.leaving.source.max=26GB, hdds.container.balancer.size.moved.max.per.iteration=500GB, hdds.container.balancer.trigger.du.before.move.enable=false, hdds.container.balancer.utilization.threshold=10, hdds.container.checksum.verification.enabled=true, hdds.container.chunk.write.sync=false, hdds.container.close.threshold=0.9f, hdds.container.ipc.port=9859, hdds.container.ipc.random.port=false, hdds.container.ratis.admin.port=9857, hdds.container.ratis.datastream.enabled=true, hdds.container.ratis.datastream.port=9855, hdds.container.ratis.datastream.random.port=false, hdds.container.ratis.enabled=false, hdds.container.ratis.ipc.port=9858, hdds.container.ratis.ipc.random.port=false, hdds.container.ratis.leader.pending.bytes.limit=1GB, hdds.container.ratis.log.appender.queue.byte-limit=32MB, hdds.container.ratis.log.appender.queue.num-elements=1024, hdds.container.ratis.log.purge.gap=1000000, hdds.container.ratis.log.queue.byte-limit=4GB, hdds.container.ratis.log.queue.num-elements=1024, hdds.container.ratis.num.container.op.executors=10, hdds.container.ratis.num.write.chunk.threads.per.volume=4, hdds.container.ratis.rpc.type=GRPC, hdds.container.ratis.segment.preallocated.size=4MB, hdds.container.ratis.segment.size=64MB, hdds.container.ratis.server.port=9856, hdds.container.ratis.statemachine.max.pending.apply-transactions=100000, hdds.container.ratis.statemachine.write.wait.interval=10m, hdds.container.ratis.statemachinedata.sync.timeout=10s, hdds.container.replication.compression=NO_COMPRESSION, hdds.container.report.interval=60m, hdds.container.scrub.data.scan.interval=7d, hdds.container.scrub.dev.data.scan.enabled=true, hdds.container.scrub.dev.metadata.scan.enabled=true, hdds.container.scrub.enabled=true, hdds.container.scrub.metadata.scan.interval=3h, hdds.container.scrub.min.gap=15m, hdds.container.scrub.on.demand.volume.bytes.per.second=5242880, hdds.container.scrub.volume.bytes.per.second=5242880, hdds.container.token.enabled=false, hdds.datanode.block.delete.command.worker.interval=2s, hdds.datanode.block.delete.max.lock.wait.timeout=100ms, hdds.datanode.block.delete.queue.limit=5, hdds.datanode.block.delete.threads.max=5, hdds.datanode.block.deleting.limit.per.interval=20000, hdds.datanode.block.deleting.max.lock.holding.time=1s, hdds.datanode.block.deleting.service.interval=60s, hdds.datanode.check.empty.container.dir.on.delete=false, hdds.datanode.chunk.data.validation.check=false, hdds.datanode.client.bind.host=0.0.0.0, hdds.datanode.client.port=19864, hdds.datanode.command.queue.limit=5000, hdds.datanode.container.checksum.lock.stripes=127, hdds.datanode.container.client.cache.size=100, hdds.datanode.container.client.cache.stale.threshold=10000, hdds.datanode.container.close.threads.max=3, hdds.datanode.container.delete.threads.max=2, hdds.datanode.container.schema.v3.enabled=true, hdds.datanode.container.schema.v3.key.separator=|, hdds.datanode.delete.container.timeout=60s, hdds.datanode.df.refresh.period=5m, hdds.datanode.dir=file:///home/runner/work/ozone/ozone/hadoop-ozone/integration-test-recon/target/tmp/dfs/data, hdds.datanode.disk.check.io.failures.tolerated=1, hdds.datanode.disk.check.io.file.size=100B, hdds.datanode.disk.check.io.test.count=3, hdds.datanode.disk.check.min.gap=10m, hdds.datanode.disk.check.timeout=10m, hdds.datanode.dns.interface=default, hdds.datanode.dns.nameserver=default, hdds.datanode.du.refresh.period=1h, hdds.datanode.failed.data.volumes.tolerated=-1, hdds.datanode.failed.db.volumes.tolerated=-1, hdds.datanode.failed.metadata.volumes.tolerated=-1, hdds.datanode.handler.count=10, hdds.datanode.http-address=0.0.0.0:9882, hdds.datanode.http-bind-host=0.0.0.0, hdds.datanode.http.auth.kerberos.keytab=/etc/security/keytabs/HTTP.keytab, hdds.datanode.http.auth.kerberos.principal=HTTP/_HOST@REALM, hdds.datanode.http.auth.type=simple, hdds.datanode.http.enabled=true, hdds.datanode.https-address=0.0.0.0:9883, hdds.datanode.https-bind-host=0.0.0.0, hdds.datanode.metadata.rocksdb.cache.size=1GB, hdds.datanode.periodic.disk.check.interval.minutes=60, hdds.datanode.ratis.server.request.timeout=2m, hdds.datanode.read.chunk.threads.per.volume=10, hdds.datanode.read.threadpool=10, hdds.datanode.recovering.container.scrubbing.service.interval=1m, hdds.datanode.replication.outofservice.limit.factor=2.0, hdds.datanode.replication.port=9886, hdds.datanode.replication.queue.limit=4096, hdds.datanode.replication.streams.limit=10, hdds.datanode.rocksdb.auto-compaction-small-sst-file=true, hdds.datanode.rocksdb.auto-compaction-small-sst-file-num-threshold=512, hdds.datanode.rocksdb.auto-compaction-small-sst-file-size-threshold=1MB, hdds.datanode.rocksdb.auto-compaction-small-sst-file.interval.minutes=120, hdds.datanode.rocksdb.auto-compaction-small-sst-file.threads=1, hdds.datanode.rocksdb.delete-obsolete-files-period=1h, hdds.datanode.rocksdb.log.level=INFO, hdds.datanode.rocksdb.log.max-file-num=64, hdds.datanode.rocksdb.log.max-file-size=32MB, hdds.datanode.rocksdb.max-open-files=1024, hdds.datanode.slow.op.warning.threshold=500ms, hdds.datanode.storage.utilization.critical.threshold=0.95, hdds.datanode.storage.utilization.warning.threshold=0.75, hdds.datanode.use.datanode.hostname=false, hdds.datanode.volume.choosing.policy=org.apache.hadoop.ozone.container.common.volume.CapacityVolumeChoosingPolicy, hdds.datanode.volume.min.free.space=5GB, hdds.datanode.volume.min.free.space.percent=0.001, hdds.datanode.wait.on.all.followers=false, hdds.db.profile=DISK, hdds.grpc.tls.enabled=false, hdds.grpc.tls.provider=OPENSSL, hdds.heartbeat.initial-interval=2s, hdds.heartbeat.interval=1s, hdds.heartbeat.recon.initial-interval=60s, hdds.heartbeat.recon.interval=60s, hdds.key.algo=RSA, hdds.key.dir.name=keys, hdds.key.len=2048, hdds.node.report.interval=60000ms, hdds.pipeline.action.max.limit=20, hdds.pipeline.report.interval=60000ms, hdds.priv.key.file.name=private.pem, hdds.profiler.endpoint.enabled=false, hdds.prometheus.endpoint.enabled=true, hdds.public.key.file.name=public.pem, hdds.ratis.client.exponential.backoff.base.sleep=4s, hdds.ratis.client.exponential.backoff.max.retries=2147483647, hdds.ratis.client.exponential.backoff.max.sleep=40s, hdds.ratis.client.multilinear.random.retry.policy=5s, 5, 10s, 5, 15s, 5, 20s, 5, 25s, 5, 60s, 10, hdds.ratis.client.request.watch.timeout=3m, hdds.ratis.client.request.watch.type=ALL_COMMITTED, hdds.ratis.client.request.write.timeout=5m, hdds.ratis.client.retry.policy=org.apache.hadoop.hdds.ratis.retrypolicy.RequestTypeDependentRetryPolicyCreator, hdds.ratis.client.retrylimited.max.retries=180, hdds.ratis.client.retrylimited.retry.interval=1s, hdds.ratis.leader.election.minimum.timeout.duration=5s, hdds.ratis.raft.client.async.outstanding-requests.max=32, hdds.ratis.raft.client.rpc.request.timeout=60s, hdds.ratis.raft.client.rpc.watch.request.timeout=180s, hdds.ratis.raft.grpc.flow.control.window=5MB, hdds.ratis.raft.server.datastream.client.pool.size=10, hdds.ratis.raft.server.datastream.request.threads=20, hdds.ratis.raft.server.delete.ratis.log.directory=true, hdds.ratis.raft.server.leaderelection.pre-vote=true, hdds.ratis.raft.server.log.appender.wait-time.min=0us, hdds.ratis.raft.server.notification.no-leader.timeout=300s, hdds.ratis.raft.server.rpc.request.timeout=60s, hdds.ratis.raft.server.rpc.slowness.timeout=300s, hdds.ratis.raft.server.watch.timeout=30s, hdds.ratis.raft.server.write.element-limit=1024, hdds.ratis.server.num.snapshots.retained=5, hdds.ratis.server.retry-cache.timeout.duration=600000ms, hdds.ratis.snapshot.threshold=100000, hdds.scm.block.deleting.service.interval=60s, hdds.scm.block.deletion.per-interval.max=500000, hdds.scm.block.deletion.txn.dn.commit.map.limit=5000000, hdds.scm.ec.pipeline.choose.policy.impl=org.apache.hadoop.hdds.scm.pipeline.choose.algorithms.RandomPipelineChoosePolicy, hdds.scm.http.auth.kerberos.keytab=/etc/security/keytabs/HTTP.keytab, hdds.scm.http.auth.kerberos.principal=HTTP/_HOST@REALM, hdds.scm.http.auth.type=simple, hdds.scm.kerberos.keytab.file=/etc/security/keytabs/SCM.keytab, hdds.scm.kerberos.principal=SCM/_HOST@REALM, hdds.scm.pipeline.choose.policy.impl=org.apache.hadoop.hdds.scm.pipeline.choose.algorithms.RandomPipelineChoosePolicy, hdds.scm.replication.datanode.delete.container.limit=40, hdds.scm.replication.datanode.reconstruction.weight=3, hdds.scm.replication.datanode.replication.limit=20, hdds.scm.replication.event.timeout=12m, hdds.scm.replication.event.timeout.datanode.offset=6m, hdds.scm.replication.inflight.limit.factor=0.75, hdds.scm.replication.maintenance.remaining.redundancy=1, hdds.scm.replication.maintenance.replica.minimum=2, hdds.scm.replication.over.replicated.interval=30s, hdds.scm.replication.push=true, hdds.scm.replication.thread.interval=300s, hdds.scm.replication.under.replicated.interval=30s, hdds.scm.safemode.atleast.one.node.reported.pipeline.pct=0.90, hdds.scm.safemode.enabled=true, hdds.scm.safemode.healthy.pipeline.pct=0.10, hdds.scm.safemode.min.datanode=3, hdds.scm.safemode.pipeline.creation=true, hdds.scm.safemode.threshold.pct=0.99, hdds.scm.unknown-container.action=WARN, hdds.scm.wait.time.after.safemode.exit=5m, hdds.scmclient.failover.max.retry=15, hdds.scmclient.failover.retry.interval=2s, hdds.scmclient.max.retry.timeout=10m, hdds.scmclient.rpc.timeout=15m, hdds.secret.key.algorithm=HmacSHA256, hdds.secret.key.expiry.duration=9d, hdds.secret.key.file.name=secret_keys.json, hdds.secret.key.rotate.check.duration=10m, hdds.secret.key.rotate.duration=1d, hdds.security.client.datanode.container.protocol.acl=*, hdds.security.client.scm.block.protocol.acl=*, hdds.security.client.scm.certificate.protocol.acl=*, hdds.security.client.scm.container.protocol.acl=*, hdds.security.client.scm.secretkey.datanode.protocol.acl=*, hdds.security.client.scm.secretkey.om.protocol.acl=*, hdds.security.client.scm.secretkey.scm.protocol.acl=*, hdds.security.provider=BC, hdds.tracing.enabled=false, hdds.x509.ca.rotation.ack.timeout=PT15M, hdds.x509.ca.rotation.check.interval=P1D, hdds.x509.ca.rotation.enabled=false, hdds.x509.ca.rotation.time-of-day=02:00:00, hdds.x509.default.duration=P365D, hdds.x509.dir.name=certs, hdds.x509.expired.certificate.check.interval=P1D, hdds.x509.file.name=certificate.crt, hdds.x509.max.duration=P1865D, hdds.x509.renew.grace.duration=P28D, hdds.x509.rootca.certificate.polling.interval=PT2h, hdds.x509.signature.algorithm=SHA256withRSA, hdds.xframe.enabled=true, hdds.xframe.value=SAMEORIGIN, ozone.UnsafeByteOperations.enabled=true, ozone.acl.authorizer.class=org.apache.hadoop.ozone.security.acl.OzoneAccessAuthorizer, ozone.acl.enabled=false, ozone.block.deleting.service.interval=1m, ozone.block.deleting.service.timeout=300000ms, ozone.block.deleting.service.workers=10, ozone.chunk.read.buffer.default.size=1MB, ozone.chunk.read.mapped.buffer.max.count=0, ozone.chunk.read.mapped.buffer.threshold=32KB, ozone.client.bucket.replication.config.refresh.time.ms=30000, ozone.client.bytes.per.checksum=16KB, ozone.client.checksum.combine.mode=COMPOSITE_CRC, ozone.client.checksum.type=CRC32, ozone.client.connection.timeout=5000ms, ozone.client.datastream.buffer.flush.size=4MB, ozone.client.datastream.min.packet.size=256KB, ozone.client.datastream.pipeline.mode=true, ozone.client.datastream.window.size=8MB, ozone.client.ec.grpc.retries.enabled=true, ozone.client.ec.grpc.retries.max=3, ozone.client.ec.grpc.write.timeout=30s, ozone.client.ec.reconstruct.stripe.read.pool.limit=30, ozone.client.ec.reconstruct.stripe.write.pool.limit=30, ozone.client.ec.stripe.queue.size=2, ozone.client.exclude.nodes.expiry.time=600000, ozone.client.failover.max.attempts=500, ozone.client.fs.default.bucket.layout=FILE_SYSTEM_OPTIMIZED, ozone.client.hbase.enhancements.allowed=false, ozone.client.incremental.chunk.list=false, ozone.client.key.latest.version.location=true, ozone.client.key.provider.cache.expiry=10d, ozone.client.key.write.concurrency=1, ozone.client.list.cache=1000, ozone.client.max.ec.stripe.write.retries=10, ozone.client.max.retries=5, ozone.client.read.max.retries=3, ozone.client.read.retry.interval=1, ozone.client.read.timeout=30s, ozone.client.retry.interval=0, ozone.client.server-defaults.validity.period.ms=3600000, ozone.client.socket.timeout=5000ms, ozone.client.stream.buffer.flush.delay=true, ozone.client.stream.buffer.flush.size=1MB, ozone.client.stream.buffer.increment=0B, ozone.client.stream.buffer.max.size=2MB, ozone.client.stream.buffer.size=1MB, ozone.client.stream.putblock.piggybacking=false, ozone.client.verify.checksum=true, ozone.client.wait.between.retries.millis=2000, ozone.container.cache.lock.stripes=1024, ozone.container.cache.size=1024, ozone.directory.deleting.service.interval=1m, ozone.filesystem.snapshot.enabled=true, ozone.freon.http-address=0.0.0.0:9884, ozone.freon.http-bind-host=0.0.0.0, ozone.freon.http.auth.kerberos.keytab=/etc/security/keytabs/HTTP.keytab, ozone.freon.http.auth.kerberos.principal=HTTP/_HOST@REALM, ozone.freon.http.auth.type=simple, ozone.freon.http.enabled=true, ozone.freon.https-address=0.0.0.0:9885, ozone.freon.https-bind-host=0.0.0.0, ozone.fs.datastream.auto.threshold=4MB, ozone.fs.datastream.enabled=false, ozone.fs.hsync.enabled=false, ozone.fs.iterate.batch-size=100, ozone.fs.listing.page.size=1024, ozone.fs.listing.page.size.max=5000, ozone.hbase.enhancements.allowed=false, ozone.http.policy=HTTP_ONLY, ozone.https.client.keystore.resource=ssl-client.xml, ozone.https.client.need-auth=false, ozone.https.server.keystore.resource=ssl-server.xml, ozone.key.deleting.limit.per.task=50000, ozone.key.preallocation.max.blocks=64, ozone.manager.delegation.remover.scan.interval=3600000, ozone.manager.delegation.token.max-lifetime=7d, ozone.manager.delegation.token.renew-interval=1d, ozone.metadata.dirs.permissions=750, ozone.metastore.rocksdb.cf.write.buffer.size=128MB, ozone.metastore.rocksdb.statistics=OFF, ozone.network.flexible.fqdn.resolution.enabled=false, ozone.network.jvm.address.cache.enabled=true, ozone.network.topology.aware.read=true, ozone.om.address=0.0.0.0:9862, ozone.om.admin.protocol.max.retries=20, ozone.om.admin.protocol.wait.between.retries=1000, ozone.om.client.rpc.timeout=15m, ozone.om.client.trash.core.pool.size=5, ozone.om.compaction.service.columnfamilies=keyTable,fileTable,directoryTable,deletedTable,deletedDirectoryTable,multipartInfoTable, ozone.om.compaction.service.enabled=false, ozone.om.compaction.service.run.interval=6h, ozone.om.compaction.service.timeout=10m, ozone.om.container.location.cache.size=100000, ozone.om.container.location.cache.ttl=360m, ozone.om.db.dirs.permissions=750, ozone.om.db.max.open.files=-1, ozone.om.delta.update.data.size.max.limit=1024MB, ozone.om.edekcacheloader.initial.delay.ms=3000, ozone.om.edekcacheloader.interval.ms=1000, ozone.om.edekcacheloader.max-retries=10, ozone.om.enable.filesystem.paths=false, ozone.om.enable.ofs.shared.tmp.dir=false, ozone.om.fs.snapshot.max.limit=10000, ozone.om.group.rights=READ, LIST, ozone.om.grpc.bossgroup.size=8, ozone.om.grpc.maximum.response.length=134217728, ozone.om.grpc.port=8981, ozone.om.grpc.read.thread.num=32, ozone.om.grpc.workergroup.size=32, ozone.om.ha.raft.server.log.appender.wait-time.min=0ms, ozone.om.ha.raft.server.retrycache.expirytime=300s, ozone.om.handler.count.key=20, ozone.om.http-address=0.0.0.0:9874, ozone.om.http-bind-host=0.0.0.0, ozone.om.http.auth.kerberos.keytab=/etc/security/keytabs/HTTP.keytab, ozone.om.http.auth.kerberos.principal=HTTP/_HOST@REALM, ozone.om.http.auth.type=simple, ozone.om.http.enabled=true, ozone.om.https-address=0.0.0.0:9875, ozone.om.https-bind-host=0.0.0.0, ozone.om.kerberos.keytab.file=/etc/security/keytabs/OM.keytab, ozone.om.kerberos.principal=OM/_HOST@REALM, ozone.om.kerberos.principal.pattern=*, ozone.om.key.path.lock.enabled=false, ozone.om.keyname.character.check.enabled=false, ozone.om.leader.election.minimum.timeout.duration=5s, ozone.om.lease.hard.limit=7d, ozone.om.lease.soft.limit=60s, ozone.om.lock.fair=false, ozone.om.max.buckets=100000, ozone.om.multitenancy.enabled=false, ozone.om.multitenancy.ranger.sync.interval=10m, ozone.om.multitenancy.ranger.sync.timeout=10s, ozone.om.namespace.s3.strict=true, ozone.om.network.topology.refresh.duration=1h, ozone.om.open.key.cleanup.limit.per.task=1000, ozone.om.open.key.cleanup.service.interval=24h, ozone.om.open.key.cleanup.service.timeout=300s, ozone.om.open.key.expire.threshold=7d, ozone.om.open.mpu.cleanup.service.interval=24h, ozone.om.open.mpu.cleanup.service.timeout=300s, ozone.om.open.mpu.expire.threshold=30d, ozone.om.open.mpu.parts.cleanup.limit.per.task=1000, ozone.om.ratis.log.appender.queue.byte-limit=4MB, ozone.om.ratis.log.appender.queue.num-elements=1024, ozone.om.ratis.log.purge.gap=1000000, ozone.om.ratis.log.purge.preservation.log.num=0, ozone.om.ratis.log.purge.upto.snapshot.index=true, ozone.om.ratis.minimum.timeout=5s, ozone.om.ratis.port=9872, ozone.om.ratis.rpc.type=GRPC, ozone.om.ratis.segment.preallocated.size=4MB, ozone.om.ratis.segment.size=64MB, ozone.om.ratis.server.close.threshold=60s, ozone.om.ratis.server.failure.timeout.duration=120s, ozone.om.ratis.server.leaderelection.pre-vote=true, ozone.om.ratis.server.pending.write.byte-limit=64MB, ozone.om.ratis.server.pending.write.element-limit=4096, ozone.om.ratis.server.request.timeout=3s, ozone.om.ratis.server.retry.cache.timeout=600000ms, ozone.om.ratis.snapshot.max.total.sst.size=100000000, ozone.om.read.threadpool=10, ozone.om.s3.grpc.server_enabled=false, ozone.om.save.metrics.interval=5m, ozone.om.security.admin.protocol.acl=*, ozone.om.security.client.protocol.acl=*, ozone.om.server.list.max.size=1000, ozone.om.snapshot.cache.cleanup.service.run.interval=1m, ozone.om.snapshot.cache.max.size=10, ozone.om.snapshot.checkpoint.dir.creation.poll.timeout=20s, ozone.om.snapshot.compact.non.snapshot.diff.tables=false, ozone.om.snapshot.compaction.dag.max.time.allowed=30d, ozone.om.snapshot.compaction.dag.prune.daemon.run.interval=10m, ozone.om.snapshot.db.max.open.files=100, ozone.om.snapshot.diff.cleanup.service.run.interval=1m, ozone.om.snapshot.diff.cleanup.service.timeout=5m, ozone.om.snapshot.diff.disable.native.libs=false, ozone.om.snapshot.diff.job.default.wait.time=1s, ozone.om.snapshot.diff.job.report.persistent.time=7d, ozone.om.snapshot.diff.max.allowed.keys.changed.per.job=10000000, ozone.om.snapshot.diff.max.jobs.purge.per.task=100, ozone.om.snapshot.diff.max.page.size=1000, ozone.om.snapshot.diff.thread.pool.size=10, ozone.om.snapshot.force.full.diff=false, ozone.om.snapshot.load.native.lib=true, ozone.om.snapshot.provider.connection.timeout=5000s, ozone.om.snapshot.provider.request.timeout=300000ms, ozone.om.snapshot.provider.socket.timeout=5000s, ozone.om.snapshot.prune.compaction.backup.batch.size=2000, ozone.om.snapshot.rocksdb.metrics.enabled=false, ozone.om.transport.class=org.apache.hadoop.ozone.om.protocolPB.Hadoop3OmTransportFactory, ozone.om.unflushed.transaction.max.count=10000, ozone.om.upgrade.finalization.ratis.based.timeout=30s, ozone.om.upgrade.quota.recalculate.enabled=true, ozone.om.user.max.volume=1024, ozone.om.user.rights=ALL, ozone.om.volume.listall.allowed=true, ozone.recon.containerkey.flush.db.max.threshold=150000, ozone.recon.db.dirs.permissions=750, ozone.recon.heatmap.enable=false, ozone.recon.http-address=0.0.0.0:9888, ozone.recon.http-bind-host=0.0.0.0, ozone.recon.http.auth.kerberos.keytab=/etc/security/keytabs/HTTP.keytab, ozone.recon.http.auth.kerberos.principal=HTTP/_HOST@REALM, ozone.recon.http.auth.type=simple, ozone.recon.http.enabled=true, ozone.recon.https-address=0.0.0.0:9889, ozone.recon.https-bind-host=0.0.0.0, ozone.recon.nssummary.flush.db.max.threshold=150000, ozone.recon.om.connection.request.timeout=5000, ozone.recon.om.connection.timeout=5s, ozone.recon.om.event.buffer.capacity=20000, ozone.recon.om.snapshot.task.flush.param=false, ozone.recon.om.snapshot.task.initial.delay=1m, ozone.recon.om.snapshot.task.interval.delay=5s, ozone.recon.om.socket.timeout=5s, ozone.recon.scm.connection.request.timeout=5s, ozone.recon.scm.connection.timeout=5s, ozone.recon.scm.container.threshold=100, ozone.recon.scm.snapshot.enabled=true, ozone.recon.scm.snapshot.task.initial.delay=1m, ozone.recon.scm.snapshot.task.interval.delay=24h, ozone.recon.scmclient.failover.max.retry=3, ozone.recon.scmclient.max.retry.timeout=6s, ozone.recon.scmclient.rpc.timeout=1m, ozone.recon.security.client.datanode.container.protocol.acl=*, ozone.recon.sql.db.auto.commit=true, ozone.recon.sql.db.conn.idle.max.age=3600s, ozone.recon.sql.db.conn.idle.test=SELECT 1, ozone.recon.sql.db.conn.idle.test.period=60s, ozone.recon.sql.db.conn.max.active=5, ozone.recon.sql.db.conn.max.age=1800s, ozone.recon.sql.db.conn.timeout=30000ms, ozone.recon.sql.db.driver=org.apache.derby.jdbc.EmbeddedDriver, ozone.recon.sql.db.jdbc.url=jdbc:derby:${ozone.recon.db.dir}/ozone_recon_derby.db, ozone.recon.sql.db.jooq.dialect=DERBY, ozone.recon.task.containercounttask.interval=60s, ozone.recon.task.missingcontainer.interval=300s, ozone.recon.task.pipelinesync.interval=300s, ozone.recon.task.safemode.wait.threshold=300s, ozone.recon.task.thread.count=1, ozone.replication.allowed-configs=^((STANDALONE|RATIS)/(ONE|THREE))|(EC/(3-2|6-3|10-4)-(512|1024|2048|4096)k)$, ozone.rest.client.http.connection.max=100, ozone.rest.client.http.connection.per-route.max=20, ozone.s3g.client.buffer.size=4MB, ozone.s3g.default.bucket.layout=OBJECT_STORE, ozone.s3g.http-address=0.0.0.0:9878, ozone.s3g.http-bind-host=0.0.0.0, ozone.s3g.http.auth.kerberos.keytab=/etc/security/keytabs/HTTP.keytab, ozone.s3g.http.auth.kerberos.principal=HTTP/_HOST@REALM, ozone.s3g.http.auth.type=simple, ozone.s3g.http.enabled=true, ozone.s3g.https-address=0.0.0.0:9879, ozone.s3g.kerberos.keytab.file=/etc/security/keytabs/s3g.keytab, ozone.s3g.kerberos.principal=s3g/_HOST@REALM, ozone.s3g.list-keys.shallow.enabled=true, ozone.s3g.list.max.keys.limit=1000, ozone.s3g.metrics.percentiles.intervals.seconds=60, ozone.s3g.secret.http.auth.type=kerberos, ozone.s3g.secret.http.enabled=false, ozone.s3g.volume.name=s3v, ozone.s3g.webadmin.http-address=0.0.0.0:19878, ozone.s3g.webadmin.http-bind-host=0.0.0.0, ozone.s3g.webadmin.http.enabled=true, ozone.s3g.webadmin.https-address=0.0.0.0:19879, ozone.scm.block.client.bind.host=0.0.0.0, ozone.scm.block.client.port=9863, ozone.scm.block.deletion.per.dn.distribution.factor=8, ozone.scm.block.handler.count.key=100, ozone.scm.block.read.threadpool=10, ozone.scm.block.size=4MB, ozone.scm.ca.list.retry.interval=10s, ozone.scm.chunk.size=1MB, ozone.scm.client.bind.host=0.0.0.0, ozone.scm.client.handler.count.key=100, ozone.scm.client.port=9860, ozone.scm.client.read.threadpool=10, ozone.scm.close.container.wait.duration=1s, ozone.scm.container.layout=FILE_PER_BLOCK, ozone.scm.container.list.max.count=4096, ozone.scm.container.lock.stripes=512, ozone.scm.container.placement.ec.impl=org.apache.hadoop.hdds.scm.container.placement.algorithms.SCMContainerPlacementRackScatter, ozone.scm.container.placement.impl=org.apache.hadoop.hdds.scm.container.placement.algorithms.SCMContainerPlacementRackAware, ozone.scm.container.size=128MB, ozone.scm.datanode.admin.monitor.interval=30s, ozone.scm.datanode.admin.monitor.logging.limit=1000, ozone.scm.datanode.disallow.same.peers=false, ozone.scm.datanode.handler.count.key=100, ozone.scm.datanode.pipeline.limit=2, ozone.scm.datanode.port=9861, ozone.scm.datanode.ratis.volume.free-space.min=1GB, ozone.scm.datanode.read.threadpool=10, ozone.scm.db.dirs.permissions=750, ozone.scm.dead.node.interval=10m, ozone.scm.ec.pipeline.minimum=5, ozone.scm.ec.pipeline.per.volume.factor=1, ozone.scm.event.ContainerReport.thread.pool.size=10, ozone.scm.expired.container.replica.op.scrub.interval=5m, ozone.scm.grpc.port=9895, ozone.scm.ha.dbtransactionbuffer.flush.interval=60s, ozone.scm.ha.grpc.deadline.interval=30m, ozone.scm.ha.raft.server.log.appender.wait-time.min=0ms, ozone.scm.ha.ratis.leader.election.timeout=5s, ozone.scm.ha.ratis.leader.ready.check.interval=2s, ozone.scm.ha.ratis.leader.ready.wait.timeout=60s, ozone.scm.ha.ratis.log.appender.queue.byte-limit=4MB, ozone.scm.ha.ratis.log.appender.queue.num-elements=1024, ozone.scm.ha.ratis.log.purge.enabled=false, ozone.scm.ha.ratis.log.purge.gap=1000000, ozone.scm.ha.ratis.request.timeout=30s, ozone.scm.ha.ratis.rpc.type=GRPC, ozone.scm.ha.ratis.segment.preallocated.size=4MB, ozone.scm.ha.ratis.segment.size=64MB, ozone.scm.ha.ratis.server.failure.timeout.duration=120s, ozone.scm.ha.ratis.server.leaderelection.pre-vote=true, ozone.scm.ha.ratis.server.retry.cache.timeout=60s, ozone.scm.ha.ratis.server.snapshot.creation.gap=1024, ozone.scm.ha.ratis.snapshot.threshold=1000, ozone.scm.handler.count.key=20, ozone.scm.heartbeat.log.warn.interval.count=10, ozone.scm.heartbeat.rpc-retry-count=15, ozone.scm.heartbeat.rpc-retry-interval=1s, ozone.scm.heartbeat.rpc-timeout=5s, ozone.scm.heartbeat.thread.interval=100ms, ozone.scm.http-address=0.0.0.0:9876, ozone.scm.http-bind-host=0.0.0.0, ozone.scm.http.enabled=true, ozone.scm.https-address=0.0.0.0:9877, ozone.scm.https-bind-host=0.0.0.0, ozone.scm.info.wait.duration=10m, ozone.scm.keyvalue.container.deletion-choosing.policy=org.apache.hadoop.ozone.container.common.impl.TopNOrderedContainerDeletionChoosingPolicy, ozone.scm.network.topology.schema.file=network-topology-default.xml, ozone.scm.pipeline.allocated.timeout=5m, ozone.scm.pipeline.creation.auto.factor.one=true, ozone.scm.pipeline.creation.interval=120s, ozone.scm.pipeline.destroy.timeout=66s, ozone.scm.pipeline.leader-choose.policy=org.apache.hadoop.hdds.scm.pipeline.leader.choose.algorithms.MinLeaderCountChoosePolicy, ozone.scm.pipeline.owner.container.count=3, ozone.scm.pipeline.per.metadata.disk=2, ozone.scm.pipeline.scrub.interval=5m, ozone.scm.ratis.pipeline.limit=3, ozone.scm.ratis.port=9894, ozone.scm.security.handler.count.key=2, ozone.scm.security.read.threadpool=1, ozone.scm.security.service.bind.host=0.0.0.0, ozone.scm.security.service.port=9961, ozone.scm.sequence.id.batch.size=1000, ozone.scm.skip.bootstrap.validation=false, ozone.scm.stale.node.interval=5m, ozone.security.crypto.compliance.mode=unrestricted, ozone.security.enabled=false, ozone.security.http.kerberos.enabled=false, ozone.security.reconfigure.protocol.acl=*, ozone.server.default.replication=3, ozone.server.default.replication.type=RATIS, ozone.service.shutdown.timeout=60s, ozone.snapshot.deep.cleaning.enabled=false, ozone.snapshot.deleting.limit.per.task=10, ozone.snapshot.deleting.service.interval=30s, ozone.snapshot.deleting.service.timeout=300s, ozone.snapshot.directory.service.interval=24h, ozone.snapshot.directory.service.timeout=300s, ozone.snapshot.filtering.limit.per.task=2, ozone.snapshot.filtering.service.interval=1m, ozone.snapshot.key.deleting.limit.per.task=20000, ozone.sst.filtering.service.timeout=300000ms, ozone.volume.io.percentiles.intervals.seconds=60, ozone.xceiver.client.metrics.percentiles.intervals.seconds=60, recon.om.delta.update.lag.threshold=0, recon.om.delta.update.limit=50000, scm.container.client.idle.threshold=10s, scm.container.client.max.size=256}
************************************************************/
2025-10-07 20:51:43,979 [ForkJoinPool-1-worker-1] INFO  recon.ReconServer (SignalLogger.java:register(99)) - registered UNIX signal handlers for [SIGHUP, SIGINT, SIGTERM]
2025-10-07 20:51:44,177 [ForkJoinPool-1-worker-1] INFO  reflections.Reflections (Reflections.java:scan(219)) - Reflections took 9 ms to scan 1 urls, producing 23 keys and 86 values
2025-10-07 20:51:44,336 [ForkJoinPool-1-worker-1] INFO  recon.ReconServer (ReconServer.java:call(118)) - Initializing Recon server...
2025-10-07 20:51:44,377 [ForkJoinPool-1-worker-1] INFO  persistence.DefaultDataSourceProvider (DefaultDataSourceProvider.java:get(49)) - JDBC Url for Recon : jdbc:derby:/home/runner/work/ozone/ozone/hadoop-ozone/integration-test-recon/target/test-dir/MiniOzoneClusterImpl-b15909b8-03a8-4b15-aaa3-a668c086c089/ozone-metadata/recon/ozone_recon_derby.db 
2025-10-07 20:51:44,491 [ReplicationMonitor] INFO  replication.ReplicationManager (ReplicationManager.java:processAll(359)) - Replication Manager is not ready to run until 3000ms after safemode exit
2025-10-07 20:51:44,819 [ForkJoinPool-1-worker-1] INFO  schema.SqlDbUtils (SqlDbUtils.java:createNewDerbyDatabase(83)) - Created derby database at jdbc:derby:/home/runner/work/ozone/ozone/hadoop-ozone/integration-test-recon/target/test-dir/MiniOzoneClusterImpl-b15909b8-03a8-4b15-aaa3-a668c086c089/ozone-metadata/recon/ozone_recon_derby.db.
2025-10-07 20:51:44,841 [om1@group-C5BA1605619E-FollowerState] INFO  impl.FollowerState (FollowerState.java:runImpl(161)) - om1@group-C5BA1605619E-FollowerState: change to CANDIDATE, lastRpcElapsedTime:1147239295ns, electionTimeout:1144ms
2025-10-07 20:51:44,841 [om1@group-C5BA1605619E-FollowerState] INFO  impl.RoleInfo (RoleInfo.java:shutdownFollowerState(121)) - om1: shutdown om1@group-C5BA1605619E-FollowerState
2025-10-07 20:51:44,841 [om1@group-C5BA1605619E-FollowerState] INFO  server.RaftServer$Division (RaftServerImpl.java:setRole(392)) - om1@group-C5BA1605619E: changes role from  FOLLOWER to CANDIDATE at term 0 for changeToCandidate
2025-10-07 20:51:44,841 [om1@group-C5BA1605619E-FollowerState] INFO  impl.RoleInfo (RoleInfo.java:updateAndGet(148)) - om1: start om1@group-C5BA1605619E-LeaderElection3
2025-10-07 20:51:44,842 [om1@group-C5BA1605619E-LeaderElection3] INFO  impl.LeaderElection (LeaderElection.java:askForVotes(448)) - om1@group-C5BA1605619E-LeaderElection3 PRE_VOTE round 0: submit vote requests at term 0 for conf: {index: -1, cur=peers:[om1|localhost:15011]|listeners:[], old=null}
2025-10-07 20:51:44,842 [om1@group-C5BA1605619E-LeaderElection3] INFO  impl.LeaderElection (LeaderElection.java:askForVotes(450)) - om1@group-C5BA1605619E-LeaderElection3 PRE_VOTE round 0: result PASSED (term=0)
2025-10-07 20:51:44,845 [om1@group-C5BA1605619E-LeaderElection3] INFO  impl.LeaderElection (LeaderElection.java:askForVotes(448)) - om1@group-C5BA1605619E-LeaderElection3 ELECTION round 0: submit vote requests at term 1 for conf: {index: -1, cur=peers:[om1|localhost:15011]|listeners:[], old=null}
2025-10-07 20:51:44,845 [om1@group-C5BA1605619E-LeaderElection3] INFO  impl.LeaderElection (LeaderElection.java:askForVotes(450)) - om1@group-C5BA1605619E-LeaderElection3 ELECTION round 0: result PASSED (term=1)
2025-10-07 20:51:44,846 [om1@group-C5BA1605619E-LeaderElection3] INFO  impl.RoleInfo (RoleInfo.java:shutdownLeaderElection(141)) - om1: shutdown om1@group-C5BA1605619E-LeaderElection3
2025-10-07 20:51:44,846 [om1@group-C5BA1605619E-LeaderElection3] INFO  server.RaftServer$Division (RaftServerImpl.java:setRole(392)) - om1@group-C5BA1605619E: changes role from CANDIDATE to LEADER at term 1 for changeToLeader
2025-10-07 20:51:44,846 [om1@group-C5BA1605619E-LeaderElection3] INFO  server.RaftServerConfigKeys (ConfUtils.java:logFallback(69)) - raft.server.staging.timeout = 3600ms (fallback to raft.server.rpc.timeout.max)
2025-10-07 20:51:44,847 [om1@group-C5BA1605619E-LeaderElection3] INFO  server.RaftServerConfigKeys (ConfUtils.java:logGet(62)) - raft.server.write.byte-limit = 67108864 (custom)
2025-10-07 20:51:44,849 [om1@group-C5BA1605619E-LeaderElection3] INFO  impl.RoleInfo (RoleInfo.java:updateAndGet(148)) - om1: start om1@group-C5BA1605619E-LeaderStateImpl
2025-10-07 20:51:44,850 [om1@group-C5BA1605619E-LeaderElection3] INFO  server.RaftServer$Division (RaftServerImpl.java:setFirstElection(576)) - om1@group-C5BA1605619E: set firstElectionSinceStartup to false for becomeLeader
2025-10-07 20:51:44,852 [om1@group-C5BA1605619E-LeaderElection3] INFO  ratis.OzoneManagerStateMachine (OzoneManagerStateMachine.java:notifyLeaderChanged(174)) - om1@group-C5BA1605619E: leader changed to om1
2025-10-07 20:51:44,852 [om1@group-C5BA1605619E-LeaderElection3] INFO  server.RaftServer$Division (ServerState.java:setLeader(272)) - om1@group-C5BA1605619E: change Leader from null to om1 at term 1 for becomeLeader, leader elected after 2143ms
2025-10-07 20:51:44,852 [om1@group-C5BA1605619E-LeaderElection3] INFO  segmented.SegmentedRaftLogWorker (SegmentedRaftLogWorker.java:startLogSegment(440)) - om1@group-C5BA1605619E-SegmentedRaftLogWorker: Starting segment from index:0
2025-10-07 20:51:44,854 [om1@group-C5BA1605619E-LeaderElection3] INFO  server.RaftServer$Division (ServerState.java:setRaftConf(386)) - om1@group-C5BA1605619E: set configuration conf: {index: 0, cur=peers:[om1|localhost:15011]|listeners:[], old=null}
2025-10-07 20:51:44,854 [om1@group-C5BA1605619E-SegmentedRaftLogWorker] INFO  segmented.BufferedWriteChannel (BufferedWriteChannel.java:open(61)) - open log_inprogress_0 at position 0
2025-10-07 20:51:44,862 [om1@group-C5BA1605619E-SegmentedRaftLogWorker] INFO  segmented.SegmentedRaftLogWorker (SegmentedRaftLogWorker.java:execute(647)) - om1@group-C5BA1605619E-SegmentedRaftLogWorker: created new log segment /home/runner/work/ozone/ozone/hadoop-ozone/integration-test-recon/target/test-dir/MiniOzoneClusterImpl-b15909b8-03a8-4b15-aaa3-a668c086c089/om/ratis/bf265839-605b-3f16-9796-c5ba1605619e/current/log_inprogress_0
2025-10-07 20:51:44,864 [om1@group-C5BA1605619E-StateMachineUpdater] INFO  ratis.OzoneManagerStateMachine (OzoneManagerStateMachine.java:notifyConfigurationChanged(243)) - notifyConfigurationChanged from Ratis: term=1, index=0, New Peer list: om1(localhost:15011), New Listener list
2025-10-07 20:51:44,864 [om1@group-C5BA1605619E-StateMachineUpdater] INFO  server.RaftServer$Division (LeaderStateImpl.java:checkStartIndex(309)) - Leader om1@group-C5BA1605619E-LeaderStateImpl is ready since appliedIndex == startIndex == 0
2025-10-07 20:51:44,990 [ForkJoinPool-1-worker-1] INFO  impl.ReconContainerMetadataManagerImpl (ReconContainerMetadataManagerImpl.java:initializeTables(159)) - KEY_CONTAINER Table is empty, initializing from CONTAINER_KEY Table ...
2025-10-07 20:51:44,990 [ForkJoinPool-1-worker-1] INFO  impl.ReconContainerMetadataManagerImpl (ReconContainerMetadataManagerImpl.java:initializeKeyContainerTable(711)) - It took 0.0 seconds to initialized 0 records to KEY_CONTAINER table
2025-10-07 20:51:44,996 [ForkJoinPool-1-worker-1] INFO  persistence.DefaultDataSourceProvider (DefaultDataSourceProvider.java:get(49)) - JDBC Url for Recon : jdbc:derby:/home/runner/work/ozone/ozone/hadoop-ozone/integration-test-recon/target/test-dir/MiniOzoneClusterImpl-b15909b8-03a8-4b15-aaa3-a668c086c089/ozone-metadata/recon/ozone_recon_derby.db 
2025-10-07 20:51:45,001 [ForkJoinPool-1-worker-1] INFO  schema.SqlDbUtils (SqlDbUtils.java:createNewDerbyDatabase(83)) - Created derby database at jdbc:derby:/home/runner/work/ozone/ozone/hadoop-ozone/integration-test-recon/target/test-dir/MiniOzoneClusterImpl-b15909b8-03a8-4b15-aaa3-a668c086c089/ozone-metadata/recon/ozone_recon_derby.db.
2025-10-07 20:51:45,002 [ForkJoinPool-1-worker-1] INFO  recon.ReconServer (ReconServer.java:call(145)) - Creating Recon Schema.
2025-10-07 20:51:45,335 [ForkJoinPool-1-worker-1] INFO  schema.SchemaVersionTableDefinition (SchemaVersionTableDefinition.java:insertInitialSLV(95)) - Inserted initial SLV '3' into SchemaVersion table.
2025-10-07 20:51:45,339 [ForkJoinPool-1-worker-1] INFO  schema.ContainerSchemaDefinition (ContainerSchemaDefinition.java:initializeSchema(60)) - UNHEALTHY_CONTAINERS is missing creating new one.
2025-10-07 20:51:45,428 [ForkJoinPool-1-worker-1] INFO  http.BaseHttpServer (BaseHttpServer.java:newHttpServer2BuilderForOzone(227)) - Starting Web-server for recon at: http://0.0.0.0:15000
2025-10-07 20:51:45,428 [ForkJoinPool-1-worker-1] INFO  http.BaseHttpServer (BaseHttpServer.java:<init>(105)) - Hadoop Security Enabled: false Ozone Security Enabled: false Ozone HTTP Security Enabled: false 
2025-10-07 20:51:45,430 [ForkJoinPool-1-worker-1] WARN  server.AuthenticationFilter (AuthenticationFilter.java:constructSecretProvider(240)) - Unable to initialize FileSignerSecretProvider, falling back to use random secrets. Reason: Could not read signature secret file: /home/runner/hadoop-http-auth-signature-secret
2025-10-07 20:51:45,434 [ForkJoinPool-1-worker-1] INFO  http.HttpServer2 (HttpServer2.java:addGlobalFilter(1040)) - Added global filter 'safety' (class=org.apache.hadoop.hdds.server.http.HttpServer2$QuotingInputFilter)
2025-10-07 20:51:45,436 [ForkJoinPool-1-worker-1] INFO  http.HttpServer2 (HttpServer2.java:addFilter(1016)) - Added filter static_user_filter (class=org.apache.hadoop.http.lib.StaticUserWebFilter$StaticUserFilter) to context recon
2025-10-07 20:51:45,436 [ForkJoinPool-1-worker-1] INFO  http.HttpServer2 (HttpServer2.java:addFilter(1024)) - Added filter static_user_filter (class=org.apache.hadoop.http.lib.StaticUserWebFilter$StaticUserFilter) to context logs
2025-10-07 20:51:45,436 [ForkJoinPool-1-worker-1] INFO  http.HttpServer2 (HttpServer2.java:addFilter(1024)) - Added filter static_user_filter (class=org.apache.hadoop.http.lib.StaticUserWebFilter$StaticUserFilter) to context static
2025-10-07 20:51:45,437 [ForkJoinPool-1-worker-1] INFO  http.BaseHttpServer (BaseHttpServer.java:<init>(193)) - HTTP server of recon uses base directory /home/runner/work/ozone/ozone/hadoop-ozone/integration-test-recon/target/test-dir/MiniOzoneClusterImpl-b15909b8-03a8-4b15-aaa3-a668c086c089/scm/ozone-metadata/webserver
2025-10-07 20:51:45,471 [ForkJoinPool-1-worker-1] INFO  tasks.ReconTaskControllerImpl (ReconTaskControllerImpl.java:registerTask(118)) - Registered task ContainerKeyMapperTaskFSO with controller.
2025-10-07 20:51:45,471 [ForkJoinPool-1-worker-1] INFO  tasks.ReconTaskControllerImpl (ReconTaskControllerImpl.java:registerTask(118)) - Registered task ContainerKeyMapperTaskOBS with controller.
2025-10-07 20:51:45,471 [ForkJoinPool-1-worker-1] INFO  tasks.ReconTaskControllerImpl (ReconTaskControllerImpl.java:registerTask(118)) - Registered task FileSizeCountTaskFSO with controller.
2025-10-07 20:51:45,471 [ForkJoinPool-1-worker-1] INFO  tasks.ReconTaskControllerImpl (ReconTaskControllerImpl.java:registerTask(118)) - Registered task FileSizeCountTaskOBS with controller.
2025-10-07 20:51:45,471 [ForkJoinPool-1-worker-1] INFO  tasks.ReconTaskControllerImpl (ReconTaskControllerImpl.java:registerTask(118)) - Registered task OmTableInsightTask with controller.
2025-10-07 20:51:45,471 [ForkJoinPool-1-worker-1] INFO  tasks.ReconTaskControllerImpl (ReconTaskControllerImpl.java:registerTask(118)) - Registered task NSSummaryTask with controller.
2025-10-07 20:51:45,472 [ForkJoinPool-1-worker-1] INFO  ozone.OmUtils (OmUtils.java:getOzoneManagerServiceId(752)) - ozone.om.internal.service.id is not defined, falling back to ozone.om.service.ids to find serviceID for OzoneManager if it is HA enabled cluster
2025-10-07 20:51:45,472 [ForkJoinPool-1-worker-1] INFO  ozone.OmUtils (OmUtils.java:getOzoneManagerServiceId(771)) - No OzoneManager ServiceID configured.
2025-10-07 20:51:45,491 [ReplicationMonitor] INFO  replication.ReplicationManager (ReplicationManager.java:processAll(359)) - Replication Manager is not ready to run until 3000ms after safemode exit
2025-10-07 20:51:45,582 [ForkJoinPool-1-worker-1] INFO  proxy.SCMContainerLocationFailoverProxyProvider (SCMFailoverProxyProviderBase.java:<init>(120)) - Created fail-over proxy for protocol StorageContainerLocationProtocolPB with 1 nodes: [nodeId=scmNodeId,nodeAddress=/0.0.0.0:15002]
2025-10-07 20:51:45,585 [ForkJoinPool-1-worker-1] INFO  net.NodeSchemaLoader (NodeSchemaLoader.java:loadSchemaFromFile(128)) - Loading schema from [jar:file:/home/runner/work/ozone/ozone/hadoop-hdds/common/target/hdds-common-2.1.0-SNAPSHOT.jar!/network-topology-default.xml]
2025-10-07 20:51:45,585 [ForkJoinPool-1-worker-1] INFO  net.NodeSchemaLoader (NodeSchemaLoader.java:loadSchema(175)) - Loading network topology layer schema file
2025-10-07 20:51:45,643 [ForkJoinPool-1-worker-1] INFO  upgrade.AbstractLayoutVersionManager (AbstractLayoutVersionManager.java:init(80)) - Initializing Layout version manager with metadata layout = WITNESSED_CONTAINER_DB_PROTO_VALUE (version = 9), software layout = WITNESSED_CONTAINER_DB_PROTO_VALUE (version = 9)
2025-10-07 20:51:45,646 [ForkJoinPool-1-worker-1] INFO  ha.SequenceIdGenerator (SequenceIdGenerator.java:<init>(231)) - Init the HA SequenceIdGenerator.
2025-10-07 20:51:45,648 [ForkJoinPool-1-worker-1] INFO  node.SCMNodeManager (SCMNodeManager.java:<init>(180)) - Entering startup safe mode.
2025-10-07 20:51:45,649 [ForkJoinPool-1-worker-1] INFO  scm.ReconNodeManager (ReconNodeManager.java:loadExistingNodes(124)) - Loaded 0 nodes from node DB.
2025-10-07 20:51:45,649 [ForkJoinPool-1-worker-1] INFO  algorithms.ContainerPlacementPolicyFactory (ContainerPlacementPolicyFactory.java:getPolicyInternal(83)) - Create container placement policy of type org.apache.hadoop.hdds.scm.container.placement.algorithms.SCMContainerPlacementRackAware
2025-10-07 20:51:45,651 [ForkJoinPool-1-worker-1] INFO  ipc.CallQueueManager (CallQueueManager.java:<init>(93)) - Using callQueue: class java.util.concurrent.LinkedBlockingQueue, queueCapacity: 10000, scheduler: class org.apache.hadoop.ipc.DefaultRpcScheduler, ipcBackoff: false, ipcFailOver: false.
2025-10-07 20:51:45,651 [ForkJoinPool-1-worker-1] INFO  ipc.Server (Server.java:<init>(1438)) - Listener at 0.0.0.0:15001
2025-10-07 20:51:45,652 [Socket Reader #1 for port 15001] INFO  ipc.Server (Server.java:run(1474)) - Starting Socket Reader #1 for port 15001
2025-10-07 20:51:45,652 [Socket Reader #2 for port 15001] INFO  ipc.Server (Server.java:run(1474)) - Starting Socket Reader #2 for port 15001
2025-10-07 20:51:45,654 [Socket Reader #3 for port 15001] INFO  ipc.Server (Server.java:run(1474)) - Starting Socket Reader #3 for port 15001
2025-10-07 20:51:45,655 [Socket Reader #4 for port 15001] INFO  ipc.Server (Server.java:run(1474)) - Starting Socket Reader #4 for port 15001
2025-10-07 20:51:45,656 [Socket Reader #5 for port 15001] INFO  ipc.Server (Server.java:run(1474)) - Starting Socket Reader #5 for port 15001
2025-10-07 20:51:45,656 [Socket Reader #6 for port 15001] INFO  ipc.Server (Server.java:run(1474)) - Starting Socket Reader #6 for port 15001
2025-10-07 20:51:45,657 [Socket Reader #7 for port 15001] INFO  ipc.Server (Server.java:run(1474)) - Starting Socket Reader #7 for port 15001
2025-10-07 20:51:45,657 [Socket Reader #9 for port 15001] INFO  ipc.Server (Server.java:run(1474)) - Starting Socket Reader #9 for port 15001
2025-10-07 20:51:45,657 [Socket Reader #8 for port 15001] INFO  ipc.Server (Server.java:run(1474)) - Starting Socket Reader #8 for port 15001
2025-10-07 20:51:45,658 [Socket Reader #10 for port 15001] INFO  ipc.Server (Server.java:run(1474)) - Starting Socket Reader #10 for port 15001
2025-10-07 20:51:45,661 [ForkJoinPool-1-worker-1] INFO  pipeline.PipelineStateManagerImpl (PipelineStateManagerImpl.java:initialize(75)) - No pipeline exists in current db
2025-10-07 20:51:45,680 [ForkJoinPool-1-worker-1] INFO  recon.ReconServer (ReconServer.java:call(160)) - Initializing support of Recon Features...
2025-10-07 20:51:45,681 [ForkJoinPool-1-worker-1] INFO  recon.ReconServer (ReconServer.java:start(273)) - Starting Recon server
2025-10-07 20:51:45,697 [ForkJoinPool-1-worker-1] INFO  http.HttpServer2 (HttpServer2.java:bindListener(1240)) - Jetty bound to port 15000
2025-10-07 20:51:45,698 [ForkJoinPool-1-worker-1] INFO  server.Server (Server.java:doStart(375)) - jetty-9.4.58.v20250814; built: 2025-08-14T02:28:49.637Z; git: 8f1440587e9e4ae7db3d74cf205643f3d707148d; jvm 21.0.8+9-LTS
2025-10-07 20:51:45,700 [ForkJoinPool-1-worker-1] INFO  server.session (DefaultSessionIdManager.java:doStart(334)) - DefaultSessionIdManager workerName=node0
2025-10-07 20:51:45,700 [ForkJoinPool-1-worker-1] INFO  server.session (DefaultSessionIdManager.java:doStart(339)) - No SessionScavenger set, using defaults
2025-10-07 20:51:45,700 [ForkJoinPool-1-worker-1] INFO  server.session (HouseKeeper.java:startScavenging(132)) - node0 Scavenging every 660000ms
2025-10-07 20:51:45,701 [ForkJoinPool-1-worker-1] INFO  handler.ContextHandler (ContextHandler.java:doStart(921)) - Started o.e.j.s.ServletContextHandler@27e67af3{logs,/logs,file:///home/runner/work/ozone/ozone/hadoop-ozone/integration-test-recon/target/log,AVAILABLE}
2025-10-07 20:51:45,702 [ForkJoinPool-1-worker-1] INFO  handler.ContextHandler (ContextHandler.java:doStart(921)) - Started o.e.j.s.ServletContextHandler@894802f{static,/static,jar:file:/home/runner/work/ozone/ozone/hadoop-ozone/recon/target/ozone-recon-2.1.0-SNAPSHOT.jar!/webapps/static,AVAILABLE}
2025-10-07 20:51:46,369 [ForkJoinPool-1-worker-1] INFO  handler.ContextHandler (ContextHandler.java:doStart(921)) - Started o.e.j.w.WebAppContext@fa52246{recon,/,file:///home/runner/work/ozone/ozone/hadoop-ozone/integration-test-recon/target/test-dir/MiniOzoneClusterImpl-b15909b8-03a8-4b15-aaa3-a668c086c089/scm/ozone-metadata/webserver/jetty-0_0_0_0-15000-ozone-recon-2_1_0-SNAPSHOT_jar-_-any-16249643010489131074/webapp/,AVAILABLE}{jar:file:/home/runner/work/ozone/ozone/hadoop-ozone/recon/target/ozone-recon-2.1.0-SNAPSHOT.jar!/webapps/recon}
2025-10-07 20:51:46,370 [ForkJoinPool-1-worker-1] INFO  server.AbstractConnector (AbstractConnector.java:doStart(333)) - Started ServerConnector@3b1a041c{HTTP/1.1, (http/1.1)}{0.0.0.0:15000}
2025-10-07 20:51:46,371 [ForkJoinPool-1-worker-1] INFO  server.Server (Server.java:doStart(415)) - Started @11121ms
2025-10-07 20:51:46,371 [ForkJoinPool-1-worker-1] WARN  impl.MetricsSystemImpl (MetricsSystemImpl.java:register(279)) - Sink prometheus already exists!
2025-10-07 20:51:46,371 [ForkJoinPool-1-worker-1] INFO  http.BaseHttpServer (BaseHttpServer.java:updateConnectorAddress(357)) - HTTP server of recon listening at http://localhost:15000
2025-10-07 20:51:46,371 [ForkJoinPool-1-worker-1] INFO  impl.OzoneManagerServiceProviderImpl (OzoneManagerServiceProviderImpl.java:start(245)) - Starting Ozone Manager Service Provider.
2025-10-07 20:51:46,371 [ForkJoinPool-1-worker-1] INFO  recovery.ReconOmMetadataManagerImpl (ReconOmMetadataManagerImpl.java:start(104)) - Starting ReconOMMetadataManagerImpl
2025-10-07 20:51:46,372 [ForkJoinPool-1-worker-1] INFO  tasks.ReconTaskControllerImpl (ReconTaskControllerImpl.java:start(285)) - Starting Recon Task Controller.
2025-10-07 20:51:46,373 [ForkJoinPool-1-worker-1] INFO  tasks.ReconTaskControllerImpl (ReconTaskControllerImpl.java:start(299)) - Started async event processing thread.
2025-10-07 20:51:46,373 [ReconEventProcessor-0] INFO  tasks.ReconTaskControllerImpl (ReconTaskControllerImpl.java:processBufferedEventsAsync(379)) - Started async buffered event processing thread
2025-10-07 20:51:46,389 [ForkJoinPool-1-worker-1] INFO  impl.OzoneManagerServiceProviderImpl (OzoneManagerServiceProviderImpl.java:start(318)) - Ozone Manager Service Provider is started.
2025-10-07 20:51:46,390 [ForkJoinPool-1-worker-1] INFO  scm.ReconStorageContainerManagerFacade (ReconStorageContainerManagerFacade.java:start(383)) - Recon ScmDatanodeProtocol RPC server is listening at /0.0.0.0:15001
2025-10-07 20:51:46,492 [ReplicationMonitor] INFO  replication.ReplicationManager (ReplicationManager.java:processAll(359)) - Replication Manager is not ready to run until 3000ms after safemode exit
2025-10-07 20:51:46,631 [ForkJoinPool-1-worker-1] INFO  scm.ReconStorageContainerManagerFacade (ReconStorageContainerManagerFacade.java:initializePipelinesFromScm(483)) - Obtained 0 pipelines from SCM.
2025-10-07 20:51:46,632 [ForkJoinPool-1-worker-1] INFO  scm.ReconPipelineManager (ReconPipelineManager.java:initializePipelines(101)) - Recon has 0 pipelines in house.
2025-10-07 20:51:46,632 [ForkJoinPool-1-worker-1] INFO  scm.ReconStorageContainerManagerFacade (ReconStorageContainerManagerFacade.java:start(396)) - SCM DB initialized
2025-10-07 20:51:46,634 [ForkJoinPool-1-worker-1] INFO  server.SCMDatanodeProtocolServer (SCMDatanodeProtocolServer.java:start(195)) - ScmDatanodeProtocol RPC server for DataNodes is listening at /0.0.0.0:15001
2025-10-07 20:51:46,638 [IPC Server Responder] INFO  ipc.Server (Server.java:run(1713)) - IPC Server Responder: starting
2025-10-07 20:51:46,639 [IPC Server listener on 15001] INFO  ipc.Server (Server.java:run(1553)) - IPC Server listener on 15001: starting
2025-10-07 20:51:47,492 [ReplicationMonitor] INFO  replication.ReplicationManager (ReplicationManager.java:processAll(359)) - Replication Manager is not ready to run until 3000ms after safemode exit
2025-10-07 20:51:48,492 [ReplicationMonitor] INFO  replication.ReplicationManager (ReplicationManager.java:processAll(359)) - Replication Manager is not ready to run until 3000ms after safemode exit
2025-10-07 20:51:49,493 [ReplicationMonitor] INFO  replication.ReplicationManager (ReplicationManager.java:processAll(359)) - Replication Manager is not ready to run until 3000ms after safemode exit
2025-10-07 20:51:50,493 [ReplicationMonitor] INFO  replication.ReplicationManager (ReplicationManager.java:processAll(359)) - Replication Manager is not ready to run until 3000ms after safemode exit
2025-10-07 20:51:51,493 [ReplicationMonitor] INFO  replication.ReplicationManager (ReplicationManager.java:processAll(359)) - Replication Manager is not ready to run until 3000ms after safemode exit
2025-10-07 20:51:52,493 [ReplicationMonitor] INFO  replication.ReplicationManager (ReplicationManager.java:processAll(359)) - Replication Manager is not ready to run until 3000ms after safemode exit
2025-10-07 20:51:53,494 [ReplicationMonitor] INFO  replication.ReplicationManager (ReplicationManager.java:processAll(359)) - Replication Manager is not ready to run until 3000ms after safemode exit
2025-10-07 20:51:54,494 [ReplicationMonitor] INFO  replication.ReplicationManager (ReplicationManager.java:processAll(359)) - Replication Manager is not ready to run until 3000ms after safemode exit
2025-10-07 20:51:55,494 [ReplicationMonitor] INFO  replication.ReplicationManager (ReplicationManager.java:processAll(359)) - Replication Manager is not ready to run until 3000ms after safemode exit
2025-10-07 20:51:56,495 [ReplicationMonitor] INFO  replication.ReplicationManager (ReplicationManager.java:processAll(359)) - Replication Manager is not ready to run until 3000ms after safemode exit
2025-10-07 20:51:57,495 [ReplicationMonitor] INFO  replication.ReplicationManager (ReplicationManager.java:processAll(359)) - Replication Manager is not ready to run until 3000ms after safemode exit
2025-10-07 20:51:57,663 [ForkJoinPool-1-worker-1] WARN  fsck.ReconSafeModeMgrTask (ReconSafeModeMgrTask.java:start(85)) - Recon could not exit safe mode after 11000 ms. Exiting safe mode anyway. Please check for any unexpected startup issues
2025-10-07 20:51:57,664 [ForkJoinPool-1-worker-1] INFO  scm.ReconScmTask (ReconScmTask.java:start(47)) - Starting ContainerHealthTask Thread.
2025-10-07 20:51:57,664 [ForkJoinPool-1-worker-1] INFO  scm.ReconScmTask (ReconScmTask.java:start(47)) - Starting PipelineSyncTask Thread.
2025-10-07 20:51:57,664 [ForkJoinPool-1-worker-1] INFO  scm.ReconScmTask (ReconScmTask.java:start(47)) - Starting ContainerSizeCountTask Thread.
2025-10-07 20:51:57,665 [ForkJoinPool-1-worker-1] INFO  scm.ReconStorageContainerManagerFacade (ReconStorageContainerManagerFacade.java:start(434)) - Successfully started Recon Storage Container Manager.
2025-10-07 20:51:57,665 [ForkJoinPool-1-worker-1] INFO  recon.ReconServer (ReconServer.java:call(168)) - Finalizing Layout Features.
2025-10-07 20:51:57,666 [JvmPauseMonitor3] INFO  util.JvmPauseMonitor (JvmPauseMonitor.java:run(146)) - JvmPauseMonitor-Recon: Started
2025-10-07 20:51:57,679 [ForkJoinPool-1-worker-1] INFO  reflections.Reflections (Reflections.java:scan(219)) - Reflections took 1 ms to scan 1 urls, producing 6 keys and 13 values
2025-10-07 20:51:57,685 [ForkJoinPool-1-worker-1] INFO  upgrade.ReconLayoutVersionManager (ReconLayoutVersionManager.java:getRegisteredFeatures(133)) - Current MLV: 3. SLV: 3. Checking features for registration...
2025-10-07 20:51:57,686 [ForkJoinPool-1-worker-1] INFO  recon.ReconServer (ReconServer.java:call(179)) - Recon schema versioning completed.
2025-10-07 20:51:57,686 [ForkJoinPool-1-worker-1] INFO  recon.ReconServer (ReconServer.java:call(181)) - Recon server initialized successfully!
2025-10-07 20:51:57,705 [ForkJoinPool-1-worker-1] WARN  dropwizard3.Dm3MetricRegistriesImpl (Dm3MetricRegistriesImpl.java:addReporterRegistration(114)) - New reporters are added after registries were created. Some metrics will be missing from the reporter. Please add reporter before adding any new registry.
2025-10-07 20:51:57,705 [ForkJoinPool-1-worker-1] WARN  dropwizard3.Dm3MetricRegistriesImpl (Dm3MetricRegistriesImpl.java:addReporterRegistration(114)) - New reporters are added after registries were created. Some metrics will be missing from the reporter. Please add reporter before adding any new registry.
2025-10-07 20:51:57,705 [PipelineSyncTask] INFO  updater.ReconTaskStatusUpdater (ReconTaskStatusUpdater.java:updateDetails(124)) - Registered Task: PipelineSyncTask
2025-10-07 20:51:57,705 [ContainerHealthTask] INFO  updater.ReconTaskStatusUpdater (ReconTaskStatusUpdater.java:updateDetails(124)) - Registered Task: ContainerHealthTask
2025-10-07 20:51:57,713 [ContainerHealthTask] INFO  fsck.ContainerHealthTask (ContainerHealthTask.java:checkAndProcessContainers(194)) - Container Health task thread took 0 iterations to fetch all containers using batched approach with batch size of 1000
2025-10-07 20:51:57,716 [PipelineSyncTask] INFO  scm.ReconPipelineManager (ReconPipelineManager.java:initializePipelines(101)) - Recon has 0 pipelines in house.
2025-10-07 20:51:57,726 [ForkJoinPool-1-worker-1] INFO  protocol.DatanodeDetails (DatanodeDetails.java:validateDatanodeIpAddress(199)) - Updating IP address of datanode fa7382a0-3089-4eb6-af6f-f8f16393fa81(localhost/null) to 127.0.0.1
2025-10-07 20:51:57,726 [ForkJoinPool-1-worker-1] INFO  ozone.HddsDatanodeService (HddsDatanodeService.java:start(236)) - HddsDatanodeService fa7382a0-3089-4eb6-af6f-f8f16393fa81(localhost/127.0.0.1)
2025-10-07 20:51:57,733 [ForkJoinPool-1-worker-1] INFO  upgrade.AbstractLayoutVersionManager (AbstractLayoutVersionManager.java:init(80)) - Initializing Layout version manager with metadata layout = WITNESSED_CONTAINER_DB_PROTO_VALUE (version = 9), software layout = WITNESSED_CONTAINER_DB_PROTO_VALUE (version = 9)
2025-10-07 20:51:57,736 [ForkJoinPool-1-worker-1] INFO  statemachine.DatanodeStateMachine (DatanodeStateMachine.java:getEndPointTaskThreadPoolSize(321)) - Datanode State Machine Task Thread Pool size 2
2025-10-07 20:51:57,790 [ForkJoinPool-1-worker-1] INFO  fs.SaveSpaceUsageToFile (SaveSpaceUsageToFile.java:load(92)) - Cached usage info file /home/runner/work/ozone/ozone/hadoop-ozone/integration-test-recon/target/test-dir/MiniOzoneClusterImpl-b15909b8-03a8-4b15-aaa3-a668c086c089/ozone-metadata/datanode-1/data-0/scmUsed not found
2025-10-07 20:51:57,802 [ForkJoinPool-1-worker-1] INFO  volume.HddsVolume (HddsVolume.java:<init>(162)) - HddsVolume: { id=DS-d5b483a2-03ad-43a5-b631-b74a6a29ac66 dir=/home/runner/work/ozone/ozone/hadoop-ozone/integration-test-recon/target/test-dir/MiniOzoneClusterImpl-b15909b8-03a8-4b15-aaa3-a668c086c089/ozone-metadata/datanode-1/data-0/hdds type=DISK capacity=76879465972 used=0 available=19163418624 minFree=5368709120 committed=0 }
2025-10-07 20:51:57,803 [ForkJoinPool-1-worker-1] INFO  volume.MutableVolumeSet (MutableVolumeSet.java:initializeVolumeSet(175)) - Added Volume : /home/runner/work/ozone/ozone/hadoop-ozone/integration-test-recon/target/test-dir/MiniOzoneClusterImpl-b15909b8-03a8-4b15-aaa3-a668c086c089/ozone-metadata/datanode-1/data-0/hdds to VolumeSet
2025-10-07 20:51:57,805 [ForkJoinPool-1-worker-1] INFO  fs.SaveSpaceUsageToFile (SaveSpaceUsageToFile.java:load(92)) - Cached usage info file /home/runner/work/ozone/ozone/hadoop-ozone/integration-test-recon/target/test-dir/MiniOzoneClusterImpl-b15909b8-03a8-4b15-aaa3-a668c086c089/ozone-metadata/datanode-1/ratis/scmUsed not found
2025-10-07 20:51:57,807 [ForkJoinPool-1-worker-1] INFO  volume.MutableVolumeSet (MutableVolumeSet.java:initializeVolumeSet(175)) - Added Volume : /home/runner/work/ozone/ozone/hadoop-ozone/integration-test-recon/target/test-dir/MiniOzoneClusterImpl-b15909b8-03a8-4b15-aaa3-a668c086c089/ozone-metadata/datanode-1/ratis to VolumeSet
2025-10-07 20:51:57,811 [ForkJoinPool-1-worker-1] INFO  ozoneimpl.OzoneContainer (HddsVolumeUtil.java:loadAllHddsVolumeDbStore(102)) - Load 1 volumes DbStore cost: 1ms
2025-10-07 20:51:57,818 [ForkJoinPool-1-worker-1] WARN  db.DBStoreBuilder (DBStoreBuilder.java:getDBDirPath(157)) - ozone.scm.datanode.id.dir is not configured. We recommend adding this setting. Falling back to ozone.metadata.dirs instead.
2025-10-07 20:51:57,822 [ForkJoinPool-1-worker-1] WARN  db.DBStoreBuilder (DBStoreBuilder.java:getDBDirPath(157)) - ozone.scm.datanode.id.dir is not configured. We recommend adding this setting. Falling back to ozone.metadata.dirs instead.
2025-10-07 20:51:57,840 [ForkJoinPool-1-worker-1] INFO  lib.Interns (Interns.java:removeEldestEntry(50)) - Metrics intern cache overflow at 2011 for MetricsSystem={MetricsSystem=MetricsInfoImpl{name=MetricsSystem, description=MetricsSystem}, MetricsSystem record=MetricsInfoImpl{name=MetricsSystem, description=MetricsSystem record}}
2025-10-07 20:51:57,870 [ForkJoinPool-1-worker-1] INFO  impl.FilePerChunkStrategy (FilePerChunkStrategy.java:<init>(79)) - ozone.chunk.read.mapped.buffer.max.count is load with 0
2025-10-07 20:51:57,872 [ForkJoinPool-1-worker-1] INFO  impl.FilePerBlockStrategy (FilePerBlockStrategy.java:<init>(88)) - ozone.chunk.read.mapped.buffer.max.count is load with 0
2025-10-07 20:51:57,903 [ForkJoinPool-1-worker-1] INFO  audit.AuditLogger (AuditLogger.java:refreshDebugCmdSet(133)) - Refresh DebugCmdSet for DNAudit to [].
2025-10-07 20:51:57,916 [ForkJoinPool-1-worker-1] INFO  server.RaftServerConfigKeys (ConfUtils.java:logGet(62)) - raft.server.log.appender.buffer.byte-limit = 33554432 (custom)
2025-10-07 20:51:57,924 [ForkJoinPool-1-worker-1] INFO  grpc.GrpcConfigKeys (ConfUtils.java:logFallback(69)) - raft.grpc.admin.host = null (fallback to raft.grpc.server.host)
2025-10-07 20:51:57,924 [ForkJoinPool-1-worker-1] INFO  grpc.GrpcConfigKeys (ConfUtils.java:logGet(62)) - raft.grpc.admin.port = 15016 (custom)
2025-10-07 20:51:57,924 [ForkJoinPool-1-worker-1] INFO  grpc.GrpcConfigKeys (ConfUtils.java:logFallback(69)) - raft.grpc.client.host = null (fallback to raft.grpc.server.host)
2025-10-07 20:51:57,924 [ForkJoinPool-1-worker-1] INFO  grpc.GrpcConfigKeys (ConfUtils.java:logGet(62)) - raft.grpc.client.port = 15015 (custom)
2025-10-07 20:51:57,925 [ForkJoinPool-1-worker-1] INFO  grpc.GrpcConfigKeys (ConfUtils.java:logGet(62)) - raft.grpc.server.port = 15017 (custom)
2025-10-07 20:51:57,925 [ForkJoinPool-1-worker-1] INFO  server.GrpcServicesImpl (ConfUtils.java:logGet(62)) - raft.grpc.message.size.max = 34603008 (custom)
2025-10-07 20:51:57,925 [ForkJoinPool-1-worker-1] INFO  server.GrpcServicesImpl (ConfUtils.java:logGet(62)) - raft.grpc.flow.control.window = 5MB (=5242880) (custom)
2025-10-07 20:51:57,925 [ForkJoinPool-1-worker-1] INFO  server.RaftServerConfigKeys (ConfUtils.java:logGet(62)) - raft.server.rpc.request.timeout = 60s (custom)
2025-10-07 20:51:57,925 [ForkJoinPool-1-worker-1] INFO  server.RaftServerConfigKeys (ConfUtils.java:logGet(62)) - raft.server.log.appender.buffer.byte-limit = 33554432 (custom)
2025-10-07 20:51:57,927 [ForkJoinPool-1-worker-1] INFO  impl.DataStreamServerImpl (ConfUtils.java:logGet(62)) - raft.datastream.type = NETTY (custom)
2025-10-07 20:51:57,935 [ForkJoinPool-1-worker-1] INFO  server.RaftServerConfigKeys (ConfUtils.java:logGet(62)) - raft.server.data-stream.async.request.thread.pool.cached = false (default)
2025-10-07 20:51:57,936 [ForkJoinPool-1-worker-1] INFO  server.RaftServerConfigKeys (ConfUtils.java:logGet(62)) - raft.server.data-stream.async.request.thread.pool.size = 20 (custom)
2025-10-07 20:51:57,936 [ForkJoinPool-1-worker-1] INFO  server.RaftServerConfigKeys (ConfUtils.java:logGet(62)) - raft.server.data-stream.async.write.thread.pool.size = 16 (default)
2025-10-07 20:51:57,937 [ForkJoinPool-1-worker-1] INFO  netty.NettyConfigKeys$DataStream (ConfUtils.java:logGet(62)) - raft.netty.dataStream.server.channel.inactive.grace-period = 10min (default)
2025-10-07 20:51:57,938 [ForkJoinPool-1-worker-1] INFO  server.RaftServerConfigKeys (ConfUtils.java:logGet(62)) - raft.server.data-stream.client.pool.size = 10 (default)
2025-10-07 20:51:57,939 [ForkJoinPool-1-worker-1] INFO  netty.NettyConfigKeys$DataStream (ConfUtils.java:logGet(62)) - raft.netty.dataStream.server.use-epoll = true (default)
2025-10-07 20:51:57,939 [ForkJoinPool-1-worker-1] INFO  netty.NettyConfigKeys$DataStream (ConfUtils.java:logGet(62)) - raft.netty.dataStream.server.boss-group.size = 0 (default)
2025-10-07 20:51:57,940 [ForkJoinPool-1-worker-1] INFO  netty.NettyUtils (NettyUtils.java:newEventLoopGroup(74)) - Create EpollEventLoopGroup for fa7382a0-3089-4eb6-af6f-f8f16393fa81-NettyServerStreamRpc-bossGroup; Thread size is 0.
2025-10-07 20:51:57,941 [ForkJoinPool-1-worker-1] INFO  netty.NettyConfigKeys$DataStream (ConfUtils.java:logGet(62)) - raft.netty.dataStream.server.worker-group.size = 0 (default)
2025-10-07 20:51:57,941 [ForkJoinPool-1-worker-1] INFO  netty.NettyUtils (NettyUtils.java:newEventLoopGroup(74)) - Create EpollEventLoopGroup for fa7382a0-3089-4eb6-af6f-f8f16393fa81-NettyServerStreamRpc-workerGroup; Thread size is 0.
2025-10-07 20:51:57,943 [ForkJoinPool-1-worker-1] INFO  netty.NettyConfigKeys$DataStream (ConfUtils.java:logGet(62)) - raft.netty.dataStream.port = 15018 (custom)
2025-10-07 20:51:57,947 [ForkJoinPool-1-worker-1] INFO  server.RaftServerConfigKeys (ConfUtils.java:logGet(62)) - raft.server.storage.dir = [/home/runner/work/ozone/ozone/hadoop-ozone/integration-test-recon/target/test-dir/MiniOzoneClusterImpl-b15909b8-03a8-4b15-aaa3-a668c086c089/ozone-metadata/datanode-1/ratis] (custom)
2025-10-07 20:51:57,949 [fa7382a0-3089-4eb6-af6f-f8f16393fa81-impl-thread1] INFO  server.RaftServer (RaftServerProxy.java:initGroupDir(270)) - fa7382a0-3089-4eb6-af6f-f8f16393fa81: found a subdirectory /home/runner/work/ozone/ozone/hadoop-ozone/integration-test-recon/target/test-dir/MiniOzoneClusterImpl-b15909b8-03a8-4b15-aaa3-a668c086c089/ozone-metadata/datanode-1/ratis/tmp
2025-10-07 20:51:57,949 [fa7382a0-3089-4eb6-af6f-f8f16393fa81-impl-thread1] INFO  server.RaftServer (RaftServerProxy.java:initGroupDir(275)) - fa7382a0-3089-4eb6-af6f-f8f16393fa81: The directory /home/runner/work/ozone/ozone/hadoop-ozone/integration-test-recon/target/test-dir/MiniOzoneClusterImpl-b15909b8-03a8-4b15-aaa3-a668c086c089/ozone-metadata/datanode-1/ratis/tmp is not a group directory; ignoring it. 
2025-10-07 20:51:57,951 [ForkJoinPool-1-worker-1] INFO  replication.ReplicationServer (ReplicationServer.java:<init>(84)) - Initializing replication server with thread count = 10 queue length = 4096
2025-10-07 20:51:57,957 [fa7382a0-3089-4eb6-af6f-f8f16393fa81-NettyServerStreamRpc-bossGroup--thread1] INFO  logging.LoggingHandler (AbstractInternalLogger.java:log(148)) - [id: 0x0243c33f] REGISTERED
2025-10-07 20:51:57,957 [fa7382a0-3089-4eb6-af6f-f8f16393fa81-NettyServerStreamRpc-bossGroup--thread1] INFO  logging.LoggingHandler (AbstractInternalLogger.java:log(148)) - [id: 0x0243c33f] BIND: 0.0.0.0/0.0.0.0:15018
2025-10-07 20:51:57,958 [fa7382a0-3089-4eb6-af6f-f8f16393fa81-NettyServerStreamRpc-bossGroup--thread1] INFO  logging.LoggingHandler (AbstractInternalLogger.java:log(148)) - [id: 0x0243c33f, L:/0.0.0.0:15018] ACTIVE
2025-10-07 20:51:57,973 [ForkJoinPool-1-worker-1] INFO  server.XceiverServerGrpc (XceiverServerGrpc.java:<init>(129)) - GrpcServer channel type EpollServerSocketChannel
2025-10-07 20:51:58,017 [ForkJoinPool-1-worker-1] INFO  replication.ReplicationSupervisor (ReplicationSupervisor.java:build(169)) - Initializing replication supervisor with thread count = 10
2025-10-07 20:51:58,019 [ForkJoinPool-1-worker-1] INFO  replication.ReplicationSupervisor (ReplicationSupervisor.java:nodeStateUpdated(358)) - Node state updated to IN_SERVICE, scaling executor pool size to 10
2025-10-07 20:51:58,069 [ForkJoinPool-1-worker-1] INFO  http.BaseHttpServer (BaseHttpServer.java:newHttpServer2BuilderForOzone(227)) - Starting Web-server for hddsDatanode at: http://0.0.0.0:15012
2025-10-07 20:51:58,069 [ForkJoinPool-1-worker-1] INFO  http.BaseHttpServer (BaseHttpServer.java:<init>(105)) - Hadoop Security Enabled: false Ozone Security Enabled: false Ozone HTTP Security Enabled: false 
2025-10-07 20:51:58,070 [ForkJoinPool-1-worker-1] WARN  server.AuthenticationFilter (AuthenticationFilter.java:constructSecretProvider(240)) - Unable to initialize FileSignerSecretProvider, falling back to use random secrets. Reason: Could not read signature secret file: /home/runner/hadoop-http-auth-signature-secret
2025-10-07 20:51:58,072 [ForkJoinPool-1-worker-1] INFO  http.HttpServer2 (HttpServer2.java:addGlobalFilter(1040)) - Added global filter 'safety' (class=org.apache.hadoop.hdds.server.http.HttpServer2$QuotingInputFilter)
2025-10-07 20:51:58,073 [ForkJoinPool-1-worker-1] INFO  http.HttpServer2 (HttpServer2.java:addFilter(1016)) - Added filter static_user_filter (class=org.apache.hadoop.http.lib.StaticUserWebFilter$StaticUserFilter) to context hddsDatanode
2025-10-07 20:51:58,074 [ForkJoinPool-1-worker-1] INFO  http.HttpServer2 (HttpServer2.java:addFilter(1024)) - Added filter static_user_filter (class=org.apache.hadoop.http.lib.StaticUserWebFilter$StaticUserFilter) to context logs
2025-10-07 20:51:58,074 [ForkJoinPool-1-worker-1] INFO  http.HttpServer2 (HttpServer2.java:addFilter(1024)) - Added filter static_user_filter (class=org.apache.hadoop.http.lib.StaticUserWebFilter$StaticUserFilter) to context static
2025-10-07 20:51:58,074 [ForkJoinPool-1-worker-1] INFO  http.BaseHttpServer (BaseHttpServer.java:<init>(193)) - HTTP server of hddsDatanode uses base directory /home/runner/work/ozone/ozone/hadoop-ozone/integration-test-recon/target/test-dir/MiniOzoneClusterImpl-b15909b8-03a8-4b15-aaa3-a668c086c089/scm/ozone-metadata/webserver
2025-10-07 20:51:58,074 [ForkJoinPool-1-worker-1] INFO  http.HttpServer2 (HttpServer2.java:bindListener(1240)) - Jetty bound to port 15012
2025-10-07 20:51:58,075 [ForkJoinPool-1-worker-1] INFO  server.Server (Server.java:doStart(375)) - jetty-9.4.58.v20250814; built: 2025-08-14T02:28:49.637Z; git: 8f1440587e9e4ae7db3d74cf205643f3d707148d; jvm 21.0.8+9-LTS
2025-10-07 20:51:58,076 [ForkJoinPool-1-worker-1] INFO  server.session (DefaultSessionIdManager.java:doStart(334)) - DefaultSessionIdManager workerName=node0
2025-10-07 20:51:58,076 [ForkJoinPool-1-worker-1] INFO  server.session (DefaultSessionIdManager.java:doStart(339)) - No SessionScavenger set, using defaults
2025-10-07 20:51:58,077 [ForkJoinPool-1-worker-1] INFO  server.session (HouseKeeper.java:startScavenging(132)) - node0 Scavenging every 600000ms
2025-10-07 20:51:58,077 [ForkJoinPool-1-worker-1] INFO  handler.ContextHandler (ContextHandler.java:doStart(921)) - Started o.e.j.s.ServletContextHandler@68575737{logs,/logs,file:///home/runner/work/ozone/ozone/hadoop-ozone/integration-test-recon/target/log,AVAILABLE}
2025-10-07 20:51:58,078 [ForkJoinPool-1-worker-1] INFO  handler.ContextHandler (ContextHandler.java:doStart(921)) - Started o.e.j.s.ServletContextHandler@6acd0d0d{static,/static,jar:file:/home/runner/work/ozone/ozone/hadoop-hdds/container-service/target/hdds-container-service-2.1.0-SNAPSHOT.jar!/webapps/static,AVAILABLE}
2025-10-07 20:51:58,234 [ForkJoinPool-1-worker-1] INFO  handler.ContextHandler (ContextHandler.java:doStart(921)) - Started o.e.j.w.WebAppContext@3f77a378{hddsDatanode,/,file:///home/runner/work/ozone/ozone/hadoop-ozone/integration-test-recon/target/test-dir/MiniOzoneClusterImpl-b15909b8-03a8-4b15-aaa3-a668c086c089/scm/ozone-metadata/webserver/jetty-0_0_0_0-15012-hdds-container-service-2_1_0-SNAPSHOT_jar-_-any-7212034940747752834/webapp/,AVAILABLE}{jar:file:/home/runner/work/ozone/ozone/hadoop-hdds/container-service/target/hdds-container-service-2.1.0-SNAPSHOT.jar!/webapps/hddsDatanode}
2025-10-07 20:51:58,235 [ForkJoinPool-1-worker-1] INFO  server.AbstractConnector (AbstractConnector.java:doStart(333)) - Started ServerConnector@6a9617df{HTTP/1.1, (http/1.1)}{0.0.0.0:15012}
2025-10-07 20:51:58,235 [ForkJoinPool-1-worker-1] INFO  server.Server (Server.java:doStart(415)) - Started @22986ms
2025-10-07 20:51:58,235 [ForkJoinPool-1-worker-1] WARN  impl.MetricsSystemImpl (MetricsSystemImpl.java:register(279)) - Sink prometheus already exists!
2025-10-07 20:51:58,235 [ForkJoinPool-1-worker-1] INFO  http.BaseHttpServer (BaseHttpServer.java:updateConnectorAddress(357)) - HTTP server of hddsDatanode listening at http://localhost:15012
2025-10-07 20:51:58,238 [ForkJoinPool-1-worker-1] INFO  ipc.CallQueueManager (CallQueueManager.java:<init>(93)) - Using callQueue: class java.util.concurrent.LinkedBlockingQueue, queueCapacity: 1000, scheduler: class org.apache.hadoop.ipc.DefaultRpcScheduler, ipcBackoff: false, ipcFailOver: false.
2025-10-07 20:51:58,238 [ForkJoinPool-1-worker-1] INFO  ipc.Server (Server.java:<init>(1438)) - Listener at 0.0.0.0:15013
2025-10-07 20:51:58,238 [Socket Reader #1 for port 15013] INFO  ipc.Server (Server.java:run(1474)) - Starting Socket Reader #1 for port 15013
2025-10-07 20:51:58,239 [Socket Reader #2 for port 15013] INFO  ipc.Server (Server.java:run(1474)) - Starting Socket Reader #2 for port 15013
2025-10-07 20:51:58,239 [Socket Reader #3 for port 15013] INFO  ipc.Server (Server.java:run(1474)) - Starting Socket Reader #3 for port 15013
2025-10-07 20:51:58,239 [Socket Reader #4 for port 15013] INFO  ipc.Server (Server.java:run(1474)) - Starting Socket Reader #4 for port 15013
2025-10-07 20:51:58,239 [Socket Reader #5 for port 15013] INFO  ipc.Server (Server.java:run(1474)) - Starting Socket Reader #5 for port 15013
2025-10-07 20:51:58,240 [Socket Reader #6 for port 15013] INFO  ipc.Server (Server.java:run(1474)) - Starting Socket Reader #6 for port 15013
2025-10-07 20:51:58,240 [Socket Reader #7 for port 15013] INFO  ipc.Server (Server.java:run(1474)) - Starting Socket Reader #7 for port 15013
2025-10-07 20:51:58,240 [Socket Reader #8 for port 15013] INFO  ipc.Server (Server.java:run(1474)) - Starting Socket Reader #8 for port 15013
2025-10-07 20:51:58,240 [Socket Reader #9 for port 15013] INFO  ipc.Server (Server.java:run(1474)) - Starting Socket Reader #9 for port 15013
2025-10-07 20:51:58,240 [Socket Reader #10 for port 15013] INFO  ipc.Server (Server.java:run(1474)) - Starting Socket Reader #10 for port 15013
2025-10-07 20:51:58,242 [ForkJoinPool-1-worker-1] INFO  ozone.HddsDatanodeService (HddsDatanodeService.java:start(333)) - Datanode start with admins: [runner]
2025-10-07 20:51:58,242 [ForkJoinPool-1-worker-1] INFO  ozone.HddsDatanodeClientProtocolServer (HddsDatanodeClientProtocolServer.java:start(76)) - RPC server for Client /0.0.0.0:15013
2025-10-07 20:51:58,243 [IPC Server Responder] INFO  ipc.Server (Server.java:run(1713)) - IPC Server Responder: starting
2025-10-07 20:51:58,243 [IPC Server listener on 15013] INFO  ipc.Server (Server.java:run(1553)) - IPC Server listener on 15013: starting
2025-10-07 20:51:58,247 [ForkJoinPool-1-worker-1] WARN  dropwizard3.Dm3MetricRegistriesImpl (Dm3MetricRegistriesImpl.java:addReporterRegistration(114)) - New reporters are added after registries were created. Some metrics will be missing from the reporter. Please add reporter before adding any new registry.
2025-10-07 20:51:58,247 [ForkJoinPool-1-worker-1] WARN  dropwizard3.Dm3MetricRegistriesImpl (Dm3MetricRegistriesImpl.java:addReporterRegistration(114)) - New reporters are added after registries were created. Some metrics will be missing from the reporter. Please add reporter before adding any new registry.
2025-10-07 20:51:58,251 [fa7382a0-3089-4eb6-af6f-f8f16393fa81-DatanodeStateMachineDaemonThread] INFO  statemachine.DatanodeStateMachine (DatanodeStateMachine.java:startStateMachineThread(363)) - Ozone container server started.
2025-10-07 20:51:58,261 [ForkJoinPool-1-worker-1] INFO  protocol.DatanodeDetails (DatanodeDetails.java:validateDatanodeIpAddress(199)) - Updating IP address of datanode c11f8a16-55ee-4f22-a5a5-7daf2dffa753(localhost/null) to 127.0.0.1
2025-10-07 20:51:58,261 [ForkJoinPool-1-worker-1] INFO  ozone.HddsDatanodeService (HddsDatanodeService.java:start(236)) - HddsDatanodeService c11f8a16-55ee-4f22-a5a5-7daf2dffa753(localhost/127.0.0.1)
2025-10-07 20:51:58,261 [fa7382a0-3089-4eb6-af6f-f8f16393fa81-DatanodeStateMachineTaskThread-0] INFO  statemachine.SCMConnectionManager (SCMConnectionManager.java:addReconServer(184)) - Adding Recon Server : /127.0.0.1:15001
2025-10-07 20:51:58,265 [ForkJoinPool-1-worker-1] INFO  upgrade.AbstractLayoutVersionManager (AbstractLayoutVersionManager.java:init(80)) - Initializing Layout version manager with metadata layout = WITNESSED_CONTAINER_DB_PROTO_VALUE (version = 9), software layout = WITNESSED_CONTAINER_DB_PROTO_VALUE (version = 9)
2025-10-07 20:51:58,265 [ForkJoinPool-1-worker-1] INFO  statemachine.DatanodeStateMachine (DatanodeStateMachine.java:getEndPointTaskThreadPoolSize(321)) - Datanode State Machine Task Thread Pool size 2
2025-10-07 20:51:58,269 [ForkJoinPool-1-worker-1] INFO  fs.SaveSpaceUsageToFile (SaveSpaceUsageToFile.java:load(92)) - Cached usage info file /home/runner/work/ozone/ozone/hadoop-ozone/integration-test-recon/target/test-dir/MiniOzoneClusterImpl-b15909b8-03a8-4b15-aaa3-a668c086c089/ozone-metadata/datanode-2/data-0/scmUsed not found
2025-10-07 20:51:58,270 [ForkJoinPool-1-worker-1] INFO  volume.HddsVolume (HddsVolume.java:<init>(162)) - HddsVolume: { id=DS-66a94d2f-bfdb-4c61-bf76-b4f90df31d6e dir=/home/runner/work/ozone/ozone/hadoop-ozone/integration-test-recon/target/test-dir/MiniOzoneClusterImpl-b15909b8-03a8-4b15-aaa3-a668c086c089/ozone-metadata/datanode-2/data-0/hdds type=DISK capacity=76879465972 used=0 available=19141283840 minFree=5368709120 committed=0 }
2025-10-07 20:51:58,271 [ForkJoinPool-1-worker-1] INFO  volume.MutableVolumeSet (MutableVolumeSet.java:initializeVolumeSet(175)) - Added Volume : /home/runner/work/ozone/ozone/hadoop-ozone/integration-test-recon/target/test-dir/MiniOzoneClusterImpl-b15909b8-03a8-4b15-aaa3-a668c086c089/ozone-metadata/datanode-2/data-0/hdds to VolumeSet
2025-10-07 20:51:58,272 [ForkJoinPool-1-worker-1] INFO  fs.SaveSpaceUsageToFile (SaveSpaceUsageToFile.java:load(92)) - Cached usage info file /home/runner/work/ozone/ozone/hadoop-ozone/integration-test-recon/target/test-dir/MiniOzoneClusterImpl-b15909b8-03a8-4b15-aaa3-a668c086c089/ozone-metadata/datanode-2/ratis/scmUsed not found
2025-10-07 20:51:58,273 [ForkJoinPool-1-worker-1] INFO  volume.MutableVolumeSet (MutableVolumeSet.java:initializeVolumeSet(175)) - Added Volume : /home/runner/work/ozone/ozone/hadoop-ozone/integration-test-recon/target/test-dir/MiniOzoneClusterImpl-b15909b8-03a8-4b15-aaa3-a668c086c089/ozone-metadata/datanode-2/ratis to VolumeSet
2025-10-07 20:51:58,274 [ForkJoinPool-1-worker-1] INFO  ozoneimpl.OzoneContainer (HddsVolumeUtil.java:loadAllHddsVolumeDbStore(102)) - Load 1 volumes DbStore cost: 0ms
2025-10-07 20:51:58,274 [ForkJoinPool-1-worker-1] WARN  db.DBStoreBuilder (DBStoreBuilder.java:getDBDirPath(157)) - ozone.scm.datanode.id.dir is not configured. We recommend adding this setting. Falling back to ozone.metadata.dirs instead.
2025-10-07 20:51:58,275 [ForkJoinPool-1-worker-1] WARN  db.DBStoreBuilder (DBStoreBuilder.java:getDBDirPath(157)) - ozone.scm.datanode.id.dir is not configured. We recommend adding this setting. Falling back to ozone.metadata.dirs instead.
2025-10-07 20:51:58,295 [ForkJoinPool-1-worker-1] INFO  impl.FilePerChunkStrategy (FilePerChunkStrategy.java:<init>(79)) - ozone.chunk.read.mapped.buffer.max.count is load with 0
2025-10-07 20:51:58,295 [ForkJoinPool-1-worker-1] INFO  impl.FilePerBlockStrategy (FilePerBlockStrategy.java:<init>(88)) - ozone.chunk.read.mapped.buffer.max.count is load with 0
2025-10-07 20:51:58,297 [ForkJoinPool-1-worker-1] INFO  server.RaftServerConfigKeys (ConfUtils.java:logGet(62)) - raft.server.log.appender.buffer.byte-limit = 33554432 (custom)
2025-10-07 20:51:58,298 [ForkJoinPool-1-worker-1] INFO  grpc.GrpcConfigKeys (ConfUtils.java:logFallback(69)) - raft.grpc.admin.host = null (fallback to raft.grpc.server.host)
2025-10-07 20:51:58,299 [ForkJoinPool-1-worker-1] INFO  grpc.GrpcConfigKeys (ConfUtils.java:logGet(62)) - raft.grpc.admin.port = 15024 (custom)
2025-10-07 20:51:58,299 [ForkJoinPool-1-worker-1] INFO  grpc.GrpcConfigKeys (ConfUtils.java:logFallback(69)) - raft.grpc.client.host = null (fallback to raft.grpc.server.host)
2025-10-07 20:51:58,299 [ForkJoinPool-1-worker-1] INFO  grpc.GrpcConfigKeys (ConfUtils.java:logGet(62)) - raft.grpc.client.port = 15023 (custom)
2025-10-07 20:51:58,299 [ForkJoinPool-1-worker-1] INFO  grpc.GrpcConfigKeys (ConfUtils.java:logGet(62)) - raft.grpc.server.port = 15025 (custom)
2025-10-07 20:51:58,299 [ForkJoinPool-1-worker-1] INFO  server.GrpcServicesImpl (ConfUtils.java:logGet(62)) - raft.grpc.message.size.max = 34603008 (custom)
2025-10-07 20:51:58,299 [ForkJoinPool-1-worker-1] INFO  server.GrpcServicesImpl (ConfUtils.java:logGet(62)) - raft.grpc.flow.control.window = 5MB (=5242880) (custom)
2025-10-07 20:51:58,301 [ForkJoinPool-1-worker-1] INFO  server.RaftServerConfigKeys (ConfUtils.java:logGet(62)) - raft.server.log.appender.buffer.byte-limit = 33554432 (custom)
2025-10-07 20:51:58,302 [ForkJoinPool-1-worker-1] INFO  netty.NettyUtils (NettyUtils.java:newEventLoopGroup(74)) - Create EpollEventLoopGroup for c11f8a16-55ee-4f22-a5a5-7daf2dffa753-NettyServerStreamRpc-bossGroup; Thread size is 0.
2025-10-07 20:51:58,303 [ForkJoinPool-1-worker-1] INFO  netty.NettyUtils (NettyUtils.java:newEventLoopGroup(74)) - Create EpollEventLoopGroup for c11f8a16-55ee-4f22-a5a5-7daf2dffa753-NettyServerStreamRpc-workerGroup; Thread size is 0.
2025-10-07 20:51:58,304 [ForkJoinPool-1-worker-1] INFO  netty.NettyConfigKeys$DataStream (ConfUtils.java:logGet(62)) - raft.netty.dataStream.port = 15026 (custom)
2025-10-07 20:51:58,304 [ForkJoinPool-1-worker-1] INFO  server.RaftServerConfigKeys (ConfUtils.java:logGet(62)) - raft.server.storage.dir = [/home/runner/work/ozone/ozone/hadoop-ozone/integration-test-recon/target/test-dir/MiniOzoneClusterImpl-b15909b8-03a8-4b15-aaa3-a668c086c089/ozone-metadata/datanode-2/ratis] (custom)
2025-10-07 20:51:58,305 [c11f8a16-55ee-4f22-a5a5-7daf2dffa753-NettyServerStreamRpc-bossGroup--thread1] INFO  logging.LoggingHandler (AbstractInternalLogger.java:log(148)) - [id: 0x6d8017e0] REGISTERED
2025-10-07 20:51:58,305 [c11f8a16-55ee-4f22-a5a5-7daf2dffa753-NettyServerStreamRpc-bossGroup--thread1] INFO  logging.LoggingHandler (AbstractInternalLogger.java:log(148)) - [id: 0x6d8017e0] BIND: 0.0.0.0/0.0.0.0:15026
2025-10-07 20:51:58,305 [c11f8a16-55ee-4f22-a5a5-7daf2dffa753-NettyServerStreamRpc-bossGroup--thread1] INFO  logging.LoggingHandler (AbstractInternalLogger.java:log(148)) - [id: 0x6d8017e0, L:/0.0.0.0:15026] ACTIVE
2025-10-07 20:51:58,306 [c11f8a16-55ee-4f22-a5a5-7daf2dffa753-impl-thread1] INFO  server.RaftServer (RaftServerProxy.java:initGroupDir(270)) - c11f8a16-55ee-4f22-a5a5-7daf2dffa753: found a subdirectory /home/runner/work/ozone/ozone/hadoop-ozone/integration-test-recon/target/test-dir/MiniOzoneClusterImpl-b15909b8-03a8-4b15-aaa3-a668c086c089/ozone-metadata/datanode-2/ratis/tmp
2025-10-07 20:51:58,306 [c11f8a16-55ee-4f22-a5a5-7daf2dffa753-impl-thread1] INFO  server.RaftServer (RaftServerProxy.java:initGroupDir(275)) - c11f8a16-55ee-4f22-a5a5-7daf2dffa753: The directory /home/runner/work/ozone/ozone/hadoop-ozone/integration-test-recon/target/test-dir/MiniOzoneClusterImpl-b15909b8-03a8-4b15-aaa3-a668c086c089/ozone-metadata/datanode-2/ratis/tmp is not a group directory; ignoring it. 
2025-10-07 20:51:58,306 [ForkJoinPool-1-worker-1] INFO  replication.ReplicationServer (ReplicationServer.java:<init>(84)) - Initializing replication server with thread count = 10 queue length = 4096
2025-10-07 20:51:58,308 [ForkJoinPool-1-worker-1] INFO  server.XceiverServerGrpc (XceiverServerGrpc.java:<init>(129)) - GrpcServer channel type EpollServerSocketChannel
2025-10-07 20:51:58,310 [ForkJoinPool-1-worker-1] INFO  replication.ReplicationSupervisor (ReplicationSupervisor.java:build(169)) - Initializing replication supervisor with thread count = 10
2025-10-07 20:51:58,311 [ForkJoinPool-1-worker-1] INFO  replication.ReplicationSupervisor (ReplicationSupervisor.java:nodeStateUpdated(358)) - Node state updated to IN_SERVICE, scaling executor pool size to 10
2025-10-07 20:51:58,316 [ForkJoinPool-1-worker-1] INFO  http.BaseHttpServer (BaseHttpServer.java:newHttpServer2BuilderForOzone(227)) - Starting Web-server for hddsDatanode at: http://0.0.0.0:15020
2025-10-07 20:51:58,316 [ForkJoinPool-1-worker-1] INFO  http.BaseHttpServer (BaseHttpServer.java:<init>(105)) - Hadoop Security Enabled: false Ozone Security Enabled: false Ozone HTTP Security Enabled: false 
2025-10-07 20:51:58,318 [ForkJoinPool-1-worker-1] WARN  server.AuthenticationFilter (AuthenticationFilter.java:constructSecretProvider(240)) - Unable to initialize FileSignerSecretProvider, falling back to use random secrets. Reason: Could not read signature secret file: /home/runner/hadoop-http-auth-signature-secret
2025-10-07 20:51:58,321 [fa7382a0-3089-4eb6-af6f-f8f16393fa81-DatanodeStateMachineTaskThread-0] INFO  datanode.InitDatanodeState (InitDatanodeState.java:persistContainerDatanodeDetails(139)) - DatanodeDetails is persisted to /home/runner/work/ozone/ozone/hadoop-ozone/integration-test-recon/target/test-dir/MiniOzoneClusterImpl-b15909b8-03a8-4b15-aaa3-a668c086c089/ozone-metadata/datanode-1/ozone-metadata/datanode.id
2025-10-07 20:51:58,323 [ForkJoinPool-1-worker-1] INFO  http.HttpServer2 (HttpServer2.java:addGlobalFilter(1040)) - Added global filter 'safety' (class=org.apache.hadoop.hdds.server.http.HttpServer2$QuotingInputFilter)
2025-10-07 20:51:58,325 [ForkJoinPool-1-worker-1] INFO  http.HttpServer2 (HttpServer2.java:addFilter(1016)) - Added filter static_user_filter (class=org.apache.hadoop.http.lib.StaticUserWebFilter$StaticUserFilter) to context hddsDatanode
2025-10-07 20:51:58,325 [ForkJoinPool-1-worker-1] INFO  http.HttpServer2 (HttpServer2.java:addFilter(1024)) - Added filter static_user_filter (class=org.apache.hadoop.http.lib.StaticUserWebFilter$StaticUserFilter) to context logs
2025-10-07 20:51:58,325 [ForkJoinPool-1-worker-1] INFO  http.HttpServer2 (HttpServer2.java:addFilter(1024)) - Added filter static_user_filter (class=org.apache.hadoop.http.lib.StaticUserWebFilter$StaticUserFilter) to context static
2025-10-07 20:51:58,325 [ForkJoinPool-1-worker-1] INFO  http.BaseHttpServer (BaseHttpServer.java:<init>(193)) - HTTP server of hddsDatanode uses base directory /home/runner/work/ozone/ozone/hadoop-ozone/integration-test-recon/target/test-dir/MiniOzoneClusterImpl-b15909b8-03a8-4b15-aaa3-a668c086c089/scm/ozone-metadata/webserver
2025-10-07 20:51:58,326 [ForkJoinPool-1-worker-1] INFO  http.HttpServer2 (HttpServer2.java:bindListener(1240)) - Jetty bound to port 15020
2025-10-07 20:51:58,326 [ForkJoinPool-1-worker-1] INFO  server.Server (Server.java:doStart(375)) - jetty-9.4.58.v20250814; built: 2025-08-14T02:28:49.637Z; git: 8f1440587e9e4ae7db3d74cf205643f3d707148d; jvm 21.0.8+9-LTS
2025-10-07 20:51:58,328 [ForkJoinPool-1-worker-1] INFO  server.session (DefaultSessionIdManager.java:doStart(334)) - DefaultSessionIdManager workerName=node0
2025-10-07 20:51:58,328 [ForkJoinPool-1-worker-1] INFO  server.session (DefaultSessionIdManager.java:doStart(339)) - No SessionScavenger set, using defaults
2025-10-07 20:51:58,329 [ForkJoinPool-1-worker-1] INFO  server.session (HouseKeeper.java:startScavenging(132)) - node0 Scavenging every 600000ms
2025-10-07 20:51:58,330 [ForkJoinPool-1-worker-1] INFO  handler.ContextHandler (ContextHandler.java:doStart(921)) - Started o.e.j.s.ServletContextHandler@21fdb03c{logs,/logs,file:///home/runner/work/ozone/ozone/hadoop-ozone/integration-test-recon/target/log,AVAILABLE}
2025-10-07 20:51:58,330 [ForkJoinPool-1-worker-1] INFO  handler.ContextHandler (ContextHandler.java:doStart(921)) - Started o.e.j.s.ServletContextHandler@35adea2f{static,/static,jar:file:/home/runner/work/ozone/ozone/hadoop-hdds/container-service/target/hdds-container-service-2.1.0-SNAPSHOT.jar!/webapps/static,AVAILABLE}
2025-10-07 20:51:58,488 [ForkJoinPool-1-worker-1] INFO  handler.ContextHandler (ContextHandler.java:doStart(921)) - Started o.e.j.w.WebAppContext@304f96c7{hddsDatanode,/,file:///home/runner/work/ozone/ozone/hadoop-ozone/integration-test-recon/target/test-dir/MiniOzoneClusterImpl-b15909b8-03a8-4b15-aaa3-a668c086c089/scm/ozone-metadata/webserver/jetty-0_0_0_0-15020-hdds-container-service-2_1_0-SNAPSHOT_jar-_-any-14824620604142811184/webapp/,AVAILABLE}{jar:file:/home/runner/work/ozone/ozone/hadoop-hdds/container-service/target/hdds-container-service-2.1.0-SNAPSHOT.jar!/webapps/hddsDatanode}
2025-10-07 20:51:58,488 [ForkJoinPool-1-worker-1] INFO  server.AbstractConnector (AbstractConnector.java:doStart(333)) - Started ServerConnector@2b499afd{HTTP/1.1, (http/1.1)}{0.0.0.0:15020}
2025-10-07 20:51:58,488 [ForkJoinPool-1-worker-1] INFO  server.Server (Server.java:doStart(415)) - Started @23239ms
2025-10-07 20:51:58,489 [ForkJoinPool-1-worker-1] WARN  impl.MetricsSystemImpl (MetricsSystemImpl.java:register(279)) - Sink prometheus already exists!
2025-10-07 20:51:58,489 [ForkJoinPool-1-worker-1] INFO  http.BaseHttpServer (BaseHttpServer.java:updateConnectorAddress(357)) - HTTP server of hddsDatanode listening at http://localhost:15020
2025-10-07 20:51:58,489 [ForkJoinPool-1-worker-1] INFO  ipc.CallQueueManager (CallQueueManager.java:<init>(93)) - Using callQueue: class java.util.concurrent.LinkedBlockingQueue, queueCapacity: 1000, scheduler: class org.apache.hadoop.ipc.DefaultRpcScheduler, ipcBackoff: false, ipcFailOver: false.
2025-10-07 20:51:58,490 [ForkJoinPool-1-worker-1] INFO  ipc.Server (Server.java:<init>(1438)) - Listener at 0.0.0.0:15021
2025-10-07 20:51:58,490 [Socket Reader #1 for port 15021] INFO  ipc.Server (Server.java:run(1474)) - Starting Socket Reader #1 for port 15021
2025-10-07 20:51:58,490 [Socket Reader #2 for port 15021] INFO  ipc.Server (Server.java:run(1474)) - Starting Socket Reader #2 for port 15021
2025-10-07 20:51:58,490 [Socket Reader #3 for port 15021] INFO  ipc.Server (Server.java:run(1474)) - Starting Socket Reader #3 for port 15021
2025-10-07 20:51:58,490 [Socket Reader #4 for port 15021] INFO  ipc.Server (Server.java:run(1474)) - Starting Socket Reader #4 for port 15021
2025-10-07 20:51:58,491 [Socket Reader #5 for port 15021] INFO  ipc.Server (Server.java:run(1474)) - Starting Socket Reader #5 for port 15021
2025-10-07 20:51:58,491 [Socket Reader #6 for port 15021] INFO  ipc.Server (Server.java:run(1474)) - Starting Socket Reader #6 for port 15021
2025-10-07 20:51:58,491 [Socket Reader #7 for port 15021] INFO  ipc.Server (Server.java:run(1474)) - Starting Socket Reader #7 for port 15021
2025-10-07 20:51:58,491 [Socket Reader #8 for port 15021] INFO  ipc.Server (Server.java:run(1474)) - Starting Socket Reader #8 for port 15021
2025-10-07 20:51:58,492 [Socket Reader #9 for port 15021] INFO  ipc.Server (Server.java:run(1474)) - Starting Socket Reader #9 for port 15021
2025-10-07 20:51:58,492 [Socket Reader #10 for port 15021] INFO  ipc.Server (Server.java:run(1474)) - Starting Socket Reader #10 for port 15021
2025-10-07 20:51:58,493 [ForkJoinPool-1-worker-1] INFO  ozone.HddsDatanodeService (HddsDatanodeService.java:start(333)) - Datanode start with admins: [runner]
2025-10-07 20:51:58,493 [ForkJoinPool-1-worker-1] INFO  ozone.HddsDatanodeClientProtocolServer (HddsDatanodeClientProtocolServer.java:start(76)) - RPC server for Client /0.0.0.0:15021
2025-10-07 20:51:58,494 [IPC Server Responder] INFO  ipc.Server (Server.java:run(1713)) - IPC Server Responder: starting
2025-10-07 20:51:58,494 [IPC Server listener on 15021] INFO  ipc.Server (Server.java:run(1553)) - IPC Server listener on 15021: starting
2025-10-07 20:51:58,495 [ReplicationMonitor] INFO  replication.ReplicationManager (ReplicationManager.java:processAll(359)) - Replication Manager is not ready to run until 3000ms after safemode exit
2025-10-07 20:51:58,495 [ForkJoinPool-1-worker-1] WARN  dropwizard3.Dm3MetricRegistriesImpl (Dm3MetricRegistriesImpl.java:addReporterRegistration(114)) - New reporters are added after registries were created. Some metrics will be missing from the reporter. Please add reporter before adding any new registry.
2025-10-07 20:51:58,495 [ForkJoinPool-1-worker-1] WARN  dropwizard3.Dm3MetricRegistriesImpl (Dm3MetricRegistriesImpl.java:addReporterRegistration(114)) - New reporters are added after registries were created. Some metrics will be missing from the reporter. Please add reporter before adding any new registry.
2025-10-07 20:51:58,497 [c11f8a16-55ee-4f22-a5a5-7daf2dffa753-DatanodeStateMachineDaemonThread] INFO  statemachine.DatanodeStateMachine (DatanodeStateMachine.java:startStateMachineThread(363)) - Ozone container server started.
2025-10-07 20:51:58,497 [c11f8a16-55ee-4f22-a5a5-7daf2dffa753-DatanodeStateMachineTaskThread-0] INFO  statemachine.SCMConnectionManager (SCMConnectionManager.java:addReconServer(184)) - Adding Recon Server : /127.0.0.1:15001
2025-10-07 20:51:58,501 [c11f8a16-55ee-4f22-a5a5-7daf2dffa753-DatanodeStateMachineTaskThread-0] INFO  datanode.InitDatanodeState (InitDatanodeState.java:persistContainerDatanodeDetails(139)) - DatanodeDetails is persisted to /home/runner/work/ozone/ozone/hadoop-ozone/integration-test-recon/target/test-dir/MiniOzoneClusterImpl-b15909b8-03a8-4b15-aaa3-a668c086c089/ozone-metadata/datanode-2/ozone-metadata/datanode.id
2025-10-07 20:51:58,509 [ForkJoinPool-1-worker-1] INFO  protocol.DatanodeDetails (DatanodeDetails.java:validateDatanodeIpAddress(199)) - Updating IP address of datanode 7d2db622-5327-4122-ba03-be97b5575303(localhost/null) to 127.0.0.1
2025-10-07 20:51:58,509 [ForkJoinPool-1-worker-1] INFO  ozone.HddsDatanodeService (HddsDatanodeService.java:start(236)) - HddsDatanodeService 7d2db622-5327-4122-ba03-be97b5575303(localhost/127.0.0.1)
2025-10-07 20:51:58,512 [ForkJoinPool-1-worker-1] INFO  upgrade.AbstractLayoutVersionManager (AbstractLayoutVersionManager.java:init(80)) - Initializing Layout version manager with metadata layout = WITNESSED_CONTAINER_DB_PROTO_VALUE (version = 9), software layout = WITNESSED_CONTAINER_DB_PROTO_VALUE (version = 9)
2025-10-07 20:51:58,512 [ForkJoinPool-1-worker-1] INFO  statemachine.DatanodeStateMachine (DatanodeStateMachine.java:getEndPointTaskThreadPoolSize(321)) - Datanode State Machine Task Thread Pool size 2
2025-10-07 20:51:58,514 [ForkJoinPool-1-worker-1] INFO  fs.SaveSpaceUsageToFile (SaveSpaceUsageToFile.java:load(92)) - Cached usage info file /home/runner/work/ozone/ozone/hadoop-ozone/integration-test-recon/target/test-dir/MiniOzoneClusterImpl-b15909b8-03a8-4b15-aaa3-a668c086c089/ozone-metadata/datanode-3/data-0/scmUsed not found
2025-10-07 20:51:58,516 [ForkJoinPool-1-worker-1] INFO  volume.HddsVolume (HddsVolume.java:<init>(162)) - HddsVolume: { id=DS-19384d38-319f-4ed2-985d-c5af154100df dir=/home/runner/work/ozone/ozone/hadoop-ozone/integration-test-recon/target/test-dir/MiniOzoneClusterImpl-b15909b8-03a8-4b15-aaa3-a668c086c089/ozone-metadata/datanode-3/data-0/hdds type=DISK capacity=76879465972 used=0 available=19119009792 minFree=5368709120 committed=0 }
2025-10-07 20:51:58,516 [ForkJoinPool-1-worker-1] INFO  volume.MutableVolumeSet (MutableVolumeSet.java:initializeVolumeSet(175)) - Added Volume : /home/runner/work/ozone/ozone/hadoop-ozone/integration-test-recon/target/test-dir/MiniOzoneClusterImpl-b15909b8-03a8-4b15-aaa3-a668c086c089/ozone-metadata/datanode-3/data-0/hdds to VolumeSet
2025-10-07 20:51:58,517 [ForkJoinPool-1-worker-1] INFO  fs.SaveSpaceUsageToFile (SaveSpaceUsageToFile.java:load(92)) - Cached usage info file /home/runner/work/ozone/ozone/hadoop-ozone/integration-test-recon/target/test-dir/MiniOzoneClusterImpl-b15909b8-03a8-4b15-aaa3-a668c086c089/ozone-metadata/datanode-3/ratis/scmUsed not found
2025-10-07 20:51:58,518 [ForkJoinPool-1-worker-1] INFO  volume.MutableVolumeSet (MutableVolumeSet.java:initializeVolumeSet(175)) - Added Volume : /home/runner/work/ozone/ozone/hadoop-ozone/integration-test-recon/target/test-dir/MiniOzoneClusterImpl-b15909b8-03a8-4b15-aaa3-a668c086c089/ozone-metadata/datanode-3/ratis to VolumeSet
2025-10-07 20:51:58,519 [ForkJoinPool-1-worker-1] INFO  ozoneimpl.OzoneContainer (HddsVolumeUtil.java:loadAllHddsVolumeDbStore(102)) - Load 1 volumes DbStore cost: 0ms
2025-10-07 20:51:58,519 [ForkJoinPool-1-worker-1] WARN  db.DBStoreBuilder (DBStoreBuilder.java:getDBDirPath(157)) - ozone.scm.datanode.id.dir is not configured. We recommend adding this setting. Falling back to ozone.metadata.dirs instead.
2025-10-07 20:51:58,520 [ForkJoinPool-1-worker-1] WARN  db.DBStoreBuilder (DBStoreBuilder.java:getDBDirPath(157)) - ozone.scm.datanode.id.dir is not configured. We recommend adding this setting. Falling back to ozone.metadata.dirs instead.
2025-10-07 20:51:58,535 [ForkJoinPool-1-worker-1] INFO  impl.FilePerChunkStrategy (FilePerChunkStrategy.java:<init>(79)) - ozone.chunk.read.mapped.buffer.max.count is load with 0
2025-10-07 20:51:58,535 [ForkJoinPool-1-worker-1] INFO  impl.FilePerBlockStrategy (FilePerBlockStrategy.java:<init>(88)) - ozone.chunk.read.mapped.buffer.max.count is load with 0
2025-10-07 20:51:58,537 [ForkJoinPool-1-worker-1] INFO  server.RaftServerConfigKeys (ConfUtils.java:logGet(62)) - raft.server.log.appender.buffer.byte-limit = 33554432 (custom)
2025-10-07 20:51:58,538 [ForkJoinPool-1-worker-1] INFO  grpc.GrpcConfigKeys (ConfUtils.java:logFallback(69)) - raft.grpc.admin.host = null (fallback to raft.grpc.server.host)
2025-10-07 20:51:58,538 [ForkJoinPool-1-worker-1] INFO  grpc.GrpcConfigKeys (ConfUtils.java:logGet(62)) - raft.grpc.admin.port = 15032 (custom)
2025-10-07 20:51:58,538 [ForkJoinPool-1-worker-1] INFO  grpc.GrpcConfigKeys (ConfUtils.java:logFallback(69)) - raft.grpc.client.host = null (fallback to raft.grpc.server.host)
2025-10-07 20:51:58,538 [ForkJoinPool-1-worker-1] INFO  grpc.GrpcConfigKeys (ConfUtils.java:logGet(62)) - raft.grpc.client.port = 15031 (custom)
2025-10-07 20:51:58,539 [ForkJoinPool-1-worker-1] INFO  grpc.GrpcConfigKeys (ConfUtils.java:logGet(62)) - raft.grpc.server.port = 15033 (custom)
2025-10-07 20:51:58,539 [ForkJoinPool-1-worker-1] INFO  server.GrpcServicesImpl (ConfUtils.java:logGet(62)) - raft.grpc.message.size.max = 34603008 (custom)
2025-10-07 20:51:58,539 [ForkJoinPool-1-worker-1] INFO  server.GrpcServicesImpl (ConfUtils.java:logGet(62)) - raft.grpc.flow.control.window = 5MB (=5242880) (custom)
2025-10-07 20:51:58,539 [ForkJoinPool-1-worker-1] INFO  server.RaftServerConfigKeys (ConfUtils.java:logGet(62)) - raft.server.log.appender.buffer.byte-limit = 33554432 (custom)
2025-10-07 20:51:58,542 [ForkJoinPool-1-worker-1] INFO  netty.NettyUtils (NettyUtils.java:newEventLoopGroup(74)) - Create EpollEventLoopGroup for 7d2db622-5327-4122-ba03-be97b5575303-NettyServerStreamRpc-bossGroup; Thread size is 0.
2025-10-07 20:51:58,543 [ForkJoinPool-1-worker-1] INFO  netty.NettyUtils (NettyUtils.java:newEventLoopGroup(74)) - Create EpollEventLoopGroup for 7d2db622-5327-4122-ba03-be97b5575303-NettyServerStreamRpc-workerGroup; Thread size is 0.
2025-10-07 20:51:58,544 [ForkJoinPool-1-worker-1] INFO  netty.NettyConfigKeys$DataStream (ConfUtils.java:logGet(62)) - raft.netty.dataStream.port = 15034 (custom)
2025-10-07 20:51:58,545 [7d2db622-5327-4122-ba03-be97b5575303-NettyServerStreamRpc-bossGroup--thread1] INFO  logging.LoggingHandler (AbstractInternalLogger.java:log(148)) - [id: 0xea78121b] REGISTERED
2025-10-07 20:51:58,545 [7d2db622-5327-4122-ba03-be97b5575303-NettyServerStreamRpc-bossGroup--thread1] INFO  logging.LoggingHandler (AbstractInternalLogger.java:log(148)) - [id: 0xea78121b] BIND: 0.0.0.0/0.0.0.0:15034
2025-10-07 20:51:58,545 [ForkJoinPool-1-worker-1] INFO  server.RaftServerConfigKeys (ConfUtils.java:logGet(62)) - raft.server.storage.dir = [/home/runner/work/ozone/ozone/hadoop-ozone/integration-test-recon/target/test-dir/MiniOzoneClusterImpl-b15909b8-03a8-4b15-aaa3-a668c086c089/ozone-metadata/datanode-3/ratis] (custom)
2025-10-07 20:51:58,546 [7d2db622-5327-4122-ba03-be97b5575303-NettyServerStreamRpc-bossGroup--thread1] INFO  logging.LoggingHandler (AbstractInternalLogger.java:log(148)) - [id: 0xea78121b, L:/0.0.0.0:15034] ACTIVE
2025-10-07 20:51:58,547 [7d2db622-5327-4122-ba03-be97b5575303-impl-thread1] INFO  server.RaftServer (RaftServerProxy.java:initGroupDir(270)) - 7d2db622-5327-4122-ba03-be97b5575303: found a subdirectory /home/runner/work/ozone/ozone/hadoop-ozone/integration-test-recon/target/test-dir/MiniOzoneClusterImpl-b15909b8-03a8-4b15-aaa3-a668c086c089/ozone-metadata/datanode-3/ratis/tmp
2025-10-07 20:51:58,548 [7d2db622-5327-4122-ba03-be97b5575303-impl-thread1] INFO  server.RaftServer (RaftServerProxy.java:initGroupDir(275)) - 7d2db622-5327-4122-ba03-be97b5575303: The directory /home/runner/work/ozone/ozone/hadoop-ozone/integration-test-recon/target/test-dir/MiniOzoneClusterImpl-b15909b8-03a8-4b15-aaa3-a668c086c089/ozone-metadata/datanode-3/ratis/tmp is not a group directory; ignoring it. 
2025-10-07 20:51:58,548 [ForkJoinPool-1-worker-1] INFO  replication.ReplicationServer (ReplicationServer.java:<init>(84)) - Initializing replication server with thread count = 10 queue length = 4096
2025-10-07 20:51:58,549 [ForkJoinPool-1-worker-1] INFO  server.XceiverServerGrpc (XceiverServerGrpc.java:<init>(129)) - GrpcServer channel type EpollServerSocketChannel
2025-10-07 20:51:58,551 [ForkJoinPool-1-worker-1] INFO  replication.ReplicationSupervisor (ReplicationSupervisor.java:build(169)) - Initializing replication supervisor with thread count = 10
2025-10-07 20:51:58,551 [ForkJoinPool-1-worker-1] INFO  replication.ReplicationSupervisor (ReplicationSupervisor.java:nodeStateUpdated(358)) - Node state updated to IN_SERVICE, scaling executor pool size to 10
2025-10-07 20:51:58,554 [ForkJoinPool-1-worker-1] INFO  http.BaseHttpServer (BaseHttpServer.java:newHttpServer2BuilderForOzone(227)) - Starting Web-server for hddsDatanode at: http://0.0.0.0:15028
2025-10-07 20:51:58,554 [ForkJoinPool-1-worker-1] INFO  http.BaseHttpServer (BaseHttpServer.java:<init>(105)) - Hadoop Security Enabled: false Ozone Security Enabled: false Ozone HTTP Security Enabled: false 
2025-10-07 20:51:58,556 [ForkJoinPool-1-worker-1] WARN  server.AuthenticationFilter (AuthenticationFilter.java:constructSecretProvider(240)) - Unable to initialize FileSignerSecretProvider, falling back to use random secrets. Reason: Could not read signature secret file: /home/runner/hadoop-http-auth-signature-secret
2025-10-07 20:51:58,558 [ForkJoinPool-1-worker-1] INFO  http.HttpServer2 (HttpServer2.java:addGlobalFilter(1040)) - Added global filter 'safety' (class=org.apache.hadoop.hdds.server.http.HttpServer2$QuotingInputFilter)
2025-10-07 20:51:58,559 [ForkJoinPool-1-worker-1] INFO  http.HttpServer2 (HttpServer2.java:addFilter(1016)) - Added filter static_user_filter (class=org.apache.hadoop.http.lib.StaticUserWebFilter$StaticUserFilter) to context hddsDatanode
2025-10-07 20:51:58,559 [ForkJoinPool-1-worker-1] INFO  http.HttpServer2 (HttpServer2.java:addFilter(1024)) - Added filter static_user_filter (class=org.apache.hadoop.http.lib.StaticUserWebFilter$StaticUserFilter) to context logs
2025-10-07 20:51:58,560 [ForkJoinPool-1-worker-1] INFO  http.HttpServer2 (HttpServer2.java:addFilter(1024)) - Added filter static_user_filter (class=org.apache.hadoop.http.lib.StaticUserWebFilter$StaticUserFilter) to context static
2025-10-07 20:51:58,560 [ForkJoinPool-1-worker-1] INFO  http.BaseHttpServer (BaseHttpServer.java:<init>(193)) - HTTP server of hddsDatanode uses base directory /home/runner/work/ozone/ozone/hadoop-ozone/integration-test-recon/target/test-dir/MiniOzoneClusterImpl-b15909b8-03a8-4b15-aaa3-a668c086c089/scm/ozone-metadata/webserver
2025-10-07 20:51:58,560 [ForkJoinPool-1-worker-1] INFO  http.HttpServer2 (HttpServer2.java:bindListener(1240)) - Jetty bound to port 15028
2025-10-07 20:51:58,560 [ForkJoinPool-1-worker-1] INFO  server.Server (Server.java:doStart(375)) - jetty-9.4.58.v20250814; built: 2025-08-14T02:28:49.637Z; git: 8f1440587e9e4ae7db3d74cf205643f3d707148d; jvm 21.0.8+9-LTS
2025-10-07 20:51:58,562 [ForkJoinPool-1-worker-1] INFO  server.session (DefaultSessionIdManager.java:doStart(334)) - DefaultSessionIdManager workerName=node0
2025-10-07 20:51:58,562 [ForkJoinPool-1-worker-1] INFO  server.session (DefaultSessionIdManager.java:doStart(339)) - No SessionScavenger set, using defaults
2025-10-07 20:51:58,562 [ForkJoinPool-1-worker-1] INFO  server.session (HouseKeeper.java:startScavenging(132)) - node0 Scavenging every 660000ms
2025-10-07 20:51:58,563 [ForkJoinPool-1-worker-1] INFO  handler.ContextHandler (ContextHandler.java:doStart(921)) - Started o.e.j.s.ServletContextHandler@10499acf{logs,/logs,file:///home/runner/work/ozone/ozone/hadoop-ozone/integration-test-recon/target/log,AVAILABLE}
2025-10-07 20:51:58,564 [ForkJoinPool-1-worker-1] INFO  handler.ContextHandler (ContextHandler.java:doStart(921)) - Started o.e.j.s.ServletContextHandler@68c35b2f{static,/static,jar:file:/home/runner/work/ozone/ozone/hadoop-hdds/container-service/target/hdds-container-service-2.1.0-SNAPSHOT.jar!/webapps/static,AVAILABLE}
2025-10-07 20:51:58,719 [ForkJoinPool-1-worker-1] INFO  handler.ContextHandler (ContextHandler.java:doStart(921)) - Started o.e.j.w.WebAppContext@1abc9e68{hddsDatanode,/,file:///home/runner/work/ozone/ozone/hadoop-ozone/integration-test-recon/target/test-dir/MiniOzoneClusterImpl-b15909b8-03a8-4b15-aaa3-a668c086c089/scm/ozone-metadata/webserver/jetty-0_0_0_0-15028-hdds-container-service-2_1_0-SNAPSHOT_jar-_-any-8487846726992238233/webapp/,AVAILABLE}{jar:file:/home/runner/work/ozone/ozone/hadoop-hdds/container-service/target/hdds-container-service-2.1.0-SNAPSHOT.jar!/webapps/hddsDatanode}
2025-10-07 20:51:58,720 [ForkJoinPool-1-worker-1] INFO  server.AbstractConnector (AbstractConnector.java:doStart(333)) - Started ServerConnector@6fa10286{HTTP/1.1, (http/1.1)}{0.0.0.0:15028}
2025-10-07 20:51:58,720 [ForkJoinPool-1-worker-1] INFO  server.Server (Server.java:doStart(415)) - Started @23471ms
2025-10-07 20:51:58,720 [ForkJoinPool-1-worker-1] WARN  impl.MetricsSystemImpl (MetricsSystemImpl.java:register(279)) - Sink prometheus already exists!
2025-10-07 20:51:58,720 [ForkJoinPool-1-worker-1] INFO  http.BaseHttpServer (BaseHttpServer.java:updateConnectorAddress(357)) - HTTP server of hddsDatanode listening at http://localhost:15028
2025-10-07 20:51:58,721 [ForkJoinPool-1-worker-1] INFO  ipc.CallQueueManager (CallQueueManager.java:<init>(93)) - Using callQueue: class java.util.concurrent.LinkedBlockingQueue, queueCapacity: 1000, scheduler: class org.apache.hadoop.ipc.DefaultRpcScheduler, ipcBackoff: false, ipcFailOver: false.
2025-10-07 20:51:58,721 [ForkJoinPool-1-worker-1] INFO  ipc.Server (Server.java:<init>(1438)) - Listener at 0.0.0.0:15029
2025-10-07 20:51:58,721 [Socket Reader #1 for port 15029] INFO  ipc.Server (Server.java:run(1474)) - Starting Socket Reader #1 for port 15029
2025-10-07 20:51:58,722 [Socket Reader #2 for port 15029] INFO  ipc.Server (Server.java:run(1474)) - Starting Socket Reader #2 for port 15029
2025-10-07 20:51:58,722 [Socket Reader #3 for port 15029] INFO  ipc.Server (Server.java:run(1474)) - Starting Socket Reader #3 for port 15029
2025-10-07 20:51:58,722 [Socket Reader #4 for port 15029] INFO  ipc.Server (Server.java:run(1474)) - Starting Socket Reader #4 for port 15029
2025-10-07 20:51:58,722 [Socket Reader #5 for port 15029] INFO  ipc.Server (Server.java:run(1474)) - Starting Socket Reader #5 for port 15029
2025-10-07 20:51:58,722 [Socket Reader #6 for port 15029] INFO  ipc.Server (Server.java:run(1474)) - Starting Socket Reader #6 for port 15029
2025-10-07 20:51:58,723 [Socket Reader #7 for port 15029] INFO  ipc.Server (Server.java:run(1474)) - Starting Socket Reader #7 for port 15029
2025-10-07 20:51:58,723 [Socket Reader #8 for port 15029] INFO  ipc.Server (Server.java:run(1474)) - Starting Socket Reader #8 for port 15029
2025-10-07 20:51:58,723 [Socket Reader #9 for port 15029] INFO  ipc.Server (Server.java:run(1474)) - Starting Socket Reader #9 for port 15029
2025-10-07 20:51:58,724 [Socket Reader #10 for port 15029] INFO  ipc.Server (Server.java:run(1474)) - Starting Socket Reader #10 for port 15029
2025-10-07 20:51:58,726 [ForkJoinPool-1-worker-1] INFO  ozone.HddsDatanodeService (HddsDatanodeService.java:start(333)) - Datanode start with admins: [runner]
2025-10-07 20:51:58,726 [ForkJoinPool-1-worker-1] INFO  ozone.HddsDatanodeClientProtocolServer (HddsDatanodeClientProtocolServer.java:start(76)) - RPC server for Client /0.0.0.0:15029
2025-10-07 20:51:58,726 [IPC Server Responder] INFO  ipc.Server (Server.java:run(1713)) - IPC Server Responder: starting
2025-10-07 20:51:58,726 [IPC Server listener on 15029] INFO  ipc.Server (Server.java:run(1553)) - IPC Server listener on 15029: starting
2025-10-07 20:51:58,728 [ForkJoinPool-1-worker-1] WARN  dropwizard3.Dm3MetricRegistriesImpl (Dm3MetricRegistriesImpl.java:addReporterRegistration(114)) - New reporters are added after registries were created. Some metrics will be missing from the reporter. Please add reporter before adding any new registry.
2025-10-07 20:51:58,728 [ForkJoinPool-1-worker-1] WARN  dropwizard3.Dm3MetricRegistriesImpl (Dm3MetricRegistriesImpl.java:addReporterRegistration(114)) - New reporters are added after registries were created. Some metrics will be missing from the reporter. Please add reporter before adding any new registry.
2025-10-07 20:51:58,729 [7d2db622-5327-4122-ba03-be97b5575303-DatanodeStateMachineDaemonThread] INFO  statemachine.DatanodeStateMachine (DatanodeStateMachine.java:startStateMachineThread(363)) - Ozone container server started.
2025-10-07 20:51:58,730 [7d2db622-5327-4122-ba03-be97b5575303-DatanodeStateMachineTaskThread-0] INFO  statemachine.SCMConnectionManager (SCMConnectionManager.java:addReconServer(184)) - Adding Recon Server : /127.0.0.1:15001
2025-10-07 20:51:58,734 [7d2db622-5327-4122-ba03-be97b5575303-DatanodeStateMachineTaskThread-0] INFO  datanode.InitDatanodeState (InitDatanodeState.java:persistContainerDatanodeDetails(139)) - DatanodeDetails is persisted to /home/runner/work/ozone/ozone/hadoop-ozone/integration-test-recon/target/test-dir/MiniOzoneClusterImpl-b15909b8-03a8-4b15-aaa3-a668c086c089/ozone-metadata/datanode-3/ozone-metadata/datanode.id
2025-10-07 20:51:58,743 [ForkJoinPool-1-worker-1] INFO  protocol.DatanodeDetails (DatanodeDetails.java:validateDatanodeIpAddress(199)) - Updating IP address of datanode fc0351b7-0c71-4a2a-a0ca-337e5c0b1c14(localhost/null) to 127.0.0.1
2025-10-07 20:51:58,743 [ForkJoinPool-1-worker-1] INFO  ozone.HddsDatanodeService (HddsDatanodeService.java:start(236)) - HddsDatanodeService fc0351b7-0c71-4a2a-a0ca-337e5c0b1c14(localhost/127.0.0.1)
2025-10-07 20:51:58,746 [ForkJoinPool-1-worker-1] INFO  upgrade.AbstractLayoutVersionManager (AbstractLayoutVersionManager.java:init(80)) - Initializing Layout version manager with metadata layout = WITNESSED_CONTAINER_DB_PROTO_VALUE (version = 9), software layout = WITNESSED_CONTAINER_DB_PROTO_VALUE (version = 9)
2025-10-07 20:51:58,746 [ForkJoinPool-1-worker-1] INFO  statemachine.DatanodeStateMachine (DatanodeStateMachine.java:getEndPointTaskThreadPoolSize(321)) - Datanode State Machine Task Thread Pool size 2
2025-10-07 20:51:58,748 [ForkJoinPool-1-worker-1] INFO  fs.SaveSpaceUsageToFile (SaveSpaceUsageToFile.java:load(92)) - Cached usage info file /home/runner/work/ozone/ozone/hadoop-ozone/integration-test-recon/target/test-dir/MiniOzoneClusterImpl-b15909b8-03a8-4b15-aaa3-a668c086c089/ozone-metadata/datanode-4/data-0/scmUsed not found
2025-10-07 20:51:58,751 [ForkJoinPool-1-worker-1] INFO  volume.HddsVolume (HddsVolume.java:<init>(162)) - HddsVolume: { id=DS-1ed73a14-5858-4829-beb9-12f1207833ea dir=/home/runner/work/ozone/ozone/hadoop-ozone/integration-test-recon/target/test-dir/MiniOzoneClusterImpl-b15909b8-03a8-4b15-aaa3-a668c086c089/ozone-metadata/datanode-4/data-0/hdds type=DISK capacity=76879465972 used=0 available=19096870912 minFree=5368709120 committed=0 }
2025-10-07 20:51:58,751 [ForkJoinPool-1-worker-1] INFO  volume.MutableVolumeSet (MutableVolumeSet.java:initializeVolumeSet(175)) - Added Volume : /home/runner/work/ozone/ozone/hadoop-ozone/integration-test-recon/target/test-dir/MiniOzoneClusterImpl-b15909b8-03a8-4b15-aaa3-a668c086c089/ozone-metadata/datanode-4/data-0/hdds to VolumeSet
2025-10-07 20:51:58,752 [ContainerHealthTask] INFO  fsck.ContainerHealthTask (ContainerHealthTask.java:checkAndProcessContainers(194)) - Container Health task thread took 0 iterations to fetch all containers using batched approach with batch size of 1000
2025-10-07 20:51:58,753 [ForkJoinPool-1-worker-1] INFO  fs.SaveSpaceUsageToFile (SaveSpaceUsageToFile.java:load(92)) - Cached usage info file /home/runner/work/ozone/ozone/hadoop-ozone/integration-test-recon/target/test-dir/MiniOzoneClusterImpl-b15909b8-03a8-4b15-aaa3-a668c086c089/ozone-metadata/datanode-4/ratis/scmUsed not found
2025-10-07 20:51:58,754 [ForkJoinPool-1-worker-1] INFO  volume.MutableVolumeSet (MutableVolumeSet.java:initializeVolumeSet(175)) - Added Volume : /home/runner/work/ozone/ozone/hadoop-ozone/integration-test-recon/target/test-dir/MiniOzoneClusterImpl-b15909b8-03a8-4b15-aaa3-a668c086c089/ozone-metadata/datanode-4/ratis to VolumeSet
2025-10-07 20:51:58,756 [ForkJoinPool-1-worker-1] INFO  ozoneimpl.OzoneContainer (HddsVolumeUtil.java:loadAllHddsVolumeDbStore(102)) - Load 1 volumes DbStore cost: 2ms
2025-10-07 20:51:58,757 [ForkJoinPool-1-worker-1] WARN  db.DBStoreBuilder (DBStoreBuilder.java:getDBDirPath(157)) - ozone.scm.datanode.id.dir is not configured. We recommend adding this setting. Falling back to ozone.metadata.dirs instead.
2025-10-07 20:51:58,759 [ForkJoinPool-1-worker-1] WARN  db.DBStoreBuilder (DBStoreBuilder.java:getDBDirPath(157)) - ozone.scm.datanode.id.dir is not configured. We recommend adding this setting. Falling back to ozone.metadata.dirs instead.
2025-10-07 20:51:58,783 [ForkJoinPool-1-worker-1] INFO  impl.FilePerChunkStrategy (FilePerChunkStrategy.java:<init>(79)) - ozone.chunk.read.mapped.buffer.max.count is load with 0
2025-10-07 20:51:58,784 [ForkJoinPool-1-worker-1] INFO  impl.FilePerBlockStrategy (FilePerBlockStrategy.java:<init>(88)) - ozone.chunk.read.mapped.buffer.max.count is load with 0
2025-10-07 20:51:58,785 [ForkJoinPool-1-worker-1] INFO  server.RaftServerConfigKeys (ConfUtils.java:logGet(62)) - raft.server.log.appender.buffer.byte-limit = 33554432 (custom)
2025-10-07 20:51:58,788 [ForkJoinPool-1-worker-1] INFO  grpc.GrpcConfigKeys (ConfUtils.java:logFallback(69)) - raft.grpc.admin.host = null (fallback to raft.grpc.server.host)
2025-10-07 20:51:58,788 [ForkJoinPool-1-worker-1] INFO  grpc.GrpcConfigKeys (ConfUtils.java:logGet(62)) - raft.grpc.admin.port = 15040 (custom)
2025-10-07 20:51:58,788 [ForkJoinPool-1-worker-1] INFO  grpc.GrpcConfigKeys (ConfUtils.java:logFallback(69)) - raft.grpc.client.host = null (fallback to raft.grpc.server.host)
2025-10-07 20:51:58,788 [ForkJoinPool-1-worker-1] INFO  grpc.GrpcConfigKeys (ConfUtils.java:logGet(62)) - raft.grpc.client.port = 15039 (custom)
2025-10-07 20:51:58,788 [ForkJoinPool-1-worker-1] INFO  grpc.GrpcConfigKeys (ConfUtils.java:logGet(62)) - raft.grpc.server.port = 15041 (custom)
2025-10-07 20:51:58,789 [ForkJoinPool-1-worker-1] INFO  server.GrpcServicesImpl (ConfUtils.java:logGet(62)) - raft.grpc.message.size.max = 34603008 (custom)
2025-10-07 20:51:58,789 [ForkJoinPool-1-worker-1] INFO  server.GrpcServicesImpl (ConfUtils.java:logGet(62)) - raft.grpc.flow.control.window = 5MB (=5242880) (custom)
2025-10-07 20:51:58,789 [ForkJoinPool-1-worker-1] INFO  server.RaftServerConfigKeys (ConfUtils.java:logGet(62)) - raft.server.log.appender.buffer.byte-limit = 33554432 (custom)
2025-10-07 20:51:58,791 [ForkJoinPool-1-worker-1] INFO  netty.NettyUtils (NettyUtils.java:newEventLoopGroup(74)) - Create EpollEventLoopGroup for fc0351b7-0c71-4a2a-a0ca-337e5c0b1c14-NettyServerStreamRpc-bossGroup; Thread size is 0.
2025-10-07 20:51:58,792 [ForkJoinPool-1-worker-1] INFO  netty.NettyUtils (NettyUtils.java:newEventLoopGroup(74)) - Create EpollEventLoopGroup for fc0351b7-0c71-4a2a-a0ca-337e5c0b1c14-NettyServerStreamRpc-workerGroup; Thread size is 0.
2025-10-07 20:51:58,792 [ForkJoinPool-1-worker-1] INFO  netty.NettyConfigKeys$DataStream (ConfUtils.java:logGet(62)) - raft.netty.dataStream.port = 15042 (custom)
2025-10-07 20:51:58,795 [fc0351b7-0c71-4a2a-a0ca-337e5c0b1c14-NettyServerStreamRpc-bossGroup--thread1] INFO  logging.LoggingHandler (AbstractInternalLogger.java:log(148)) - [id: 0x7860cbc7] REGISTERED
2025-10-07 20:51:58,795 [fc0351b7-0c71-4a2a-a0ca-337e5c0b1c14-NettyServerStreamRpc-bossGroup--thread1] INFO  logging.LoggingHandler (AbstractInternalLogger.java:log(148)) - [id: 0x7860cbc7] BIND: 0.0.0.0/0.0.0.0:15042
2025-10-07 20:51:58,795 [fc0351b7-0c71-4a2a-a0ca-337e5c0b1c14-NettyServerStreamRpc-bossGroup--thread1] INFO  logging.LoggingHandler (AbstractInternalLogger.java:log(148)) - [id: 0x7860cbc7, L:/0.0.0.0:15042] ACTIVE
2025-10-07 20:51:58,795 [ForkJoinPool-1-worker-1] INFO  server.RaftServerConfigKeys (ConfUtils.java:logGet(62)) - raft.server.storage.dir = [/home/runner/work/ozone/ozone/hadoop-ozone/integration-test-recon/target/test-dir/MiniOzoneClusterImpl-b15909b8-03a8-4b15-aaa3-a668c086c089/ozone-metadata/datanode-4/ratis] (custom)
2025-10-07 20:51:58,798 [fc0351b7-0c71-4a2a-a0ca-337e5c0b1c14-impl-thread1] INFO  server.RaftServer (RaftServerProxy.java:initGroupDir(270)) - fc0351b7-0c71-4a2a-a0ca-337e5c0b1c14: found a subdirectory /home/runner/work/ozone/ozone/hadoop-ozone/integration-test-recon/target/test-dir/MiniOzoneClusterImpl-b15909b8-03a8-4b15-aaa3-a668c086c089/ozone-metadata/datanode-4/ratis/tmp
2025-10-07 20:51:58,799 [fc0351b7-0c71-4a2a-a0ca-337e5c0b1c14-impl-thread1] INFO  server.RaftServer (RaftServerProxy.java:initGroupDir(275)) - fc0351b7-0c71-4a2a-a0ca-337e5c0b1c14: The directory /home/runner/work/ozone/ozone/hadoop-ozone/integration-test-recon/target/test-dir/MiniOzoneClusterImpl-b15909b8-03a8-4b15-aaa3-a668c086c089/ozone-metadata/datanode-4/ratis/tmp is not a group directory; ignoring it. 
2025-10-07 20:51:58,799 [ForkJoinPool-1-worker-1] INFO  replication.ReplicationServer (ReplicationServer.java:<init>(84)) - Initializing replication server with thread count = 10 queue length = 4096
2025-10-07 20:51:58,800 [ForkJoinPool-1-worker-1] INFO  server.XceiverServerGrpc (XceiverServerGrpc.java:<init>(129)) - GrpcServer channel type EpollServerSocketChannel
2025-10-07 20:51:58,802 [ForkJoinPool-1-worker-1] INFO  replication.ReplicationSupervisor (ReplicationSupervisor.java:build(169)) - Initializing replication supervisor with thread count = 10
2025-10-07 20:51:58,802 [ForkJoinPool-1-worker-1] INFO  replication.ReplicationSupervisor (ReplicationSupervisor.java:nodeStateUpdated(358)) - Node state updated to IN_SERVICE, scaling executor pool size to 10
2025-10-07 20:51:58,808 [ForkJoinPool-1-worker-1] INFO  http.BaseHttpServer (BaseHttpServer.java:newHttpServer2BuilderForOzone(227)) - Starting Web-server for hddsDatanode at: http://0.0.0.0:15036
2025-10-07 20:51:58,808 [ForkJoinPool-1-worker-1] INFO  http.BaseHttpServer (BaseHttpServer.java:<init>(105)) - Hadoop Security Enabled: false Ozone Security Enabled: false Ozone HTTP Security Enabled: false 
2025-10-07 20:51:58,810 [ForkJoinPool-1-worker-1] WARN  server.AuthenticationFilter (AuthenticationFilter.java:constructSecretProvider(240)) - Unable to initialize FileSignerSecretProvider, falling back to use random secrets. Reason: Could not read signature secret file: /home/runner/hadoop-http-auth-signature-secret
2025-10-07 20:51:58,812 [ForkJoinPool-1-worker-1] INFO  http.HttpServer2 (HttpServer2.java:addGlobalFilter(1040)) - Added global filter 'safety' (class=org.apache.hadoop.hdds.server.http.HttpServer2$QuotingInputFilter)
2025-10-07 20:51:58,814 [ForkJoinPool-1-worker-1] INFO  http.HttpServer2 (HttpServer2.java:addFilter(1016)) - Added filter static_user_filter (class=org.apache.hadoop.http.lib.StaticUserWebFilter$StaticUserFilter) to context hddsDatanode
2025-10-07 20:51:58,814 [ForkJoinPool-1-worker-1] INFO  http.HttpServer2 (HttpServer2.java:addFilter(1024)) - Added filter static_user_filter (class=org.apache.hadoop.http.lib.StaticUserWebFilter$StaticUserFilter) to context logs
2025-10-07 20:51:58,814 [ForkJoinPool-1-worker-1] INFO  http.HttpServer2 (HttpServer2.java:addFilter(1024)) - Added filter static_user_filter (class=org.apache.hadoop.http.lib.StaticUserWebFilter$StaticUserFilter) to context static
2025-10-07 20:51:58,815 [ForkJoinPool-1-worker-1] INFO  http.BaseHttpServer (BaseHttpServer.java:<init>(193)) - HTTP server of hddsDatanode uses base directory /home/runner/work/ozone/ozone/hadoop-ozone/integration-test-recon/target/test-dir/MiniOzoneClusterImpl-b15909b8-03a8-4b15-aaa3-a668c086c089/scm/ozone-metadata/webserver
2025-10-07 20:51:58,815 [ForkJoinPool-1-worker-1] INFO  http.HttpServer2 (HttpServer2.java:bindListener(1240)) - Jetty bound to port 15036
2025-10-07 20:51:58,815 [ForkJoinPool-1-worker-1] INFO  server.Server (Server.java:doStart(375)) - jetty-9.4.58.v20250814; built: 2025-08-14T02:28:49.637Z; git: 8f1440587e9e4ae7db3d74cf205643f3d707148d; jvm 21.0.8+9-LTS
2025-10-07 20:51:58,819 [ForkJoinPool-1-worker-1] INFO  server.session (DefaultSessionIdManager.java:doStart(334)) - DefaultSessionIdManager workerName=node0
2025-10-07 20:51:58,819 [ForkJoinPool-1-worker-1] INFO  server.session (DefaultSessionIdManager.java:doStart(339)) - No SessionScavenger set, using defaults
2025-10-07 20:51:58,819 [ForkJoinPool-1-worker-1] INFO  server.session (HouseKeeper.java:startScavenging(132)) - node0 Scavenging every 600000ms
2025-10-07 20:51:58,821 [ForkJoinPool-1-worker-1] INFO  handler.ContextHandler (ContextHandler.java:doStart(921)) - Started o.e.j.s.ServletContextHandler@4c70c0d2{logs,/logs,file:///home/runner/work/ozone/ozone/hadoop-ozone/integration-test-recon/target/log,AVAILABLE}
2025-10-07 20:51:58,821 [ForkJoinPool-1-worker-1] INFO  handler.ContextHandler (ContextHandler.java:doStart(921)) - Started o.e.j.s.ServletContextHandler@6851d0d4{static,/static,jar:file:/home/runner/work/ozone/ozone/hadoop-hdds/container-service/target/hdds-container-service-2.1.0-SNAPSHOT.jar!/webapps/static,AVAILABLE}
2025-10-07 20:51:58,874 [fa7382a0-3089-4eb6-af6f-f8f16393fa81-EndpointStateMachineTaskThread-/0.0.0.0:15004-0 ] INFO  utils.DatanodeStoreCache (DatanodeStoreCache.java:addDB(70)) - Added db /home/runner/work/ozone/ozone/hadoop-ozone/integration-test-recon/target/test-dir/MiniOzoneClusterImpl-b15909b8-03a8-4b15-aaa3-a668c086c089/ozone-metadata/datanode-1/data-0/hdds/b15909b8-03a8-4b15-aaa3-a668c086c089/DS-246ce695-3a50-407f-874d-83a19368ad7d/container.db to cache
2025-10-07 20:51:58,874 [fa7382a0-3089-4eb6-af6f-f8f16393fa81-EndpointStateMachineTaskThread-/0.0.0.0:15004-0 ] INFO  volume.HddsVolume (HddsVolume.java:createDbStore(576)) - SchemaV3 db is created and loaded at /home/runner/work/ozone/ozone/hadoop-ozone/integration-test-recon/target/test-dir/MiniOzoneClusterImpl-b15909b8-03a8-4b15-aaa3-a668c086c089/ozone-metadata/datanode-1/data-0/hdds/b15909b8-03a8-4b15-aaa3-a668c086c089/DS-246ce695-3a50-407f-874d-83a19368ad7d/container.db for volume DS-246ce695-3a50-407f-874d-83a19368ad7d
2025-10-07 20:51:58,883 [fa7382a0-3089-4eb6-af6f-f8f16393fa81-ContainerReader-0] INFO  ozoneimpl.ContainerReader (ContainerReader.java:readVolume(147)) - Start to verify containers on volume /home/runner/work/ozone/ozone/hadoop-ozone/integration-test-recon/target/test-dir/MiniOzoneClusterImpl-b15909b8-03a8-4b15-aaa3-a668c086c089/ozone-metadata/datanode-1/data-0/hdds
2025-10-07 20:51:58,883 [fa7382a0-3089-4eb6-af6f-f8f16393fa81-ContainerReader-0] INFO  ozoneimpl.ContainerReader (ContainerReader.java:readVolume(177)) - Finish verifying containers on volume /home/runner/work/ozone/ozone/hadoop-ozone/integration-test-recon/target/test-dir/MiniOzoneClusterImpl-b15909b8-03a8-4b15-aaa3-a668c086c089/ozone-metadata/datanode-1/data-0/hdds
2025-10-07 20:51:58,884 [fa7382a0-3089-4eb6-af6f-f8f16393fa81-EndpointStateMachineTaskThread-/0.0.0.0:15004-0 ] INFO  ozoneimpl.OzoneContainer (OzoneContainer.java:buildContainerSet(370)) - Build ContainerSet costs 0s
2025-10-07 20:51:58,884 [fa7382a0-3089-4eb6-af6f-f8f16393fa81-EndpointStateMachineTaskThread-/0.0.0.0:15004-0 ] INFO  volume.ThrottledAsyncChecker (ThrottledAsyncChecker.java:schedule(138)) - Scheduling a check for /home/runner/work/ozone/ozone/hadoop-ozone/integration-test-recon/target/test-dir/MiniOzoneClusterImpl-b15909b8-03a8-4b15-aaa3-a668c086c089/ozone-metadata/datanode-1/data-0/hdds
2025-10-07 20:51:58,891 [fa7382a0-3089-4eb6-af6f-f8f16393fa81-DataNodeDiskCheckerThread-0] WARN  volume.VolumeUsage (VolumeUsage.java:isReservedUsagesInRange(245)) - Reserved usages 57723736064 is higher than actual allocated reserved space 7688716.
2025-10-07 20:51:58,891 [fa7382a0-3089-4eb6-af6f-f8f16393fa81-DataNodeDiskCheckerThread-0] WARN  volume.HddsVolume (HddsVolume.java:checkVolumeUsages(375)) - Volume /home/runner/work/ozone/ozone/hadoop-ozone/integration-test-recon/target/test-dir/MiniOzoneClusterImpl-b15909b8-03a8-4b15-aaa3-a668c086c089/ozone-metadata/datanode-1/data-0/hdds reserved usages is higher than actual allocated reserved space.
2025-10-07 20:51:58,893 [fa7382a0-3089-4eb6-af6f-f8f16393fa81-EndpointStateMachineTaskThread-/0.0.0.0:15004-0 ] INFO  volume.StorageVolumeChecker (StorageVolumeChecker.java:checkAllVolumes(231)) - Scheduled health check for volume /home/runner/work/ozone/ozone/hadoop-ozone/integration-test-recon/target/test-dir/MiniOzoneClusterImpl-b15909b8-03a8-4b15-aaa3-a668c086c089/ozone-metadata/datanode-1/data-0/hdds
2025-10-07 20:51:58,902 [fa7382a0-3089-4eb6-af6f-f8f16393fa81-EndpointStateMachineTaskThread-/0.0.0.0:15004-0 ] INFO  volume.ThrottledAsyncChecker (ThrottledAsyncChecker.java:schedule(138)) - Scheduling a check for /home/runner/work/ozone/ozone/hadoop-ozone/integration-test-recon/target/test-dir/MiniOzoneClusterImpl-b15909b8-03a8-4b15-aaa3-a668c086c089/ozone-metadata/datanode-1/ratis
2025-10-07 20:51:58,902 [fa7382a0-3089-4eb6-af6f-f8f16393fa81-EndpointStateMachineTaskThread-/0.0.0.0:15004-0 ] INFO  volume.StorageVolumeChecker (StorageVolumeChecker.java:checkAllVolumes(231)) - Scheduled health check for volume /home/runner/work/ozone/ozone/hadoop-ozone/integration-test-recon/target/test-dir/MiniOzoneClusterImpl-b15909b8-03a8-4b15-aaa3-a668c086c089/ozone-metadata/datanode-1/ratis
2025-10-07 20:51:58,903 [fa7382a0-3089-4eb6-af6f-f8f16393fa81-EndpointStateMachineTaskThread-/0.0.0.0:15004-0 ] INFO  ozoneimpl.OzoneContainer (OzoneContainer.java:start(525)) - Attempting to start container services.
2025-10-07 20:51:58,910 [DiskUsage-/home/runner/work/ozone/ozone/hadoop-ozone/integration-test-recon/target/test-dir/MiniOzoneClusterImpl-b15909b8-03a8-4b15-aaa3-a668c086c089/ozone-metadata/datanode-1/data-0-
] INFO  fs.DUOptimized (DUOptimized.java:getUsedSpace(49)) - Disk metaPath du usages 4382720, container data usages 0
2025-10-07 20:51:58,911 [ContainerMetadataScanner] INFO  ozoneimpl.AbstractBackgroundContainerScanner (AbstractBackgroundContainerScanner.java:runIteration(89)) - Completed an iteration in 0 minutes. Number of iterations (since the data-node restart) : 1, Number of containers scanned in this iteration : 0, Number of unhealthy containers found in this iteration : 0
2025-10-07 20:51:58,913 [DiskUsage-/home/runner/work/ozone/ozone/hadoop-ozone/integration-test-recon/target/test-dir/MiniOzoneClusterImpl-b15909b8-03a8-4b15-aaa3-a668c086c089/ozone-metadata/datanode-1/ratis-
] INFO  fs.DUOptimized (DUOptimized.java:getUsedSpace(49)) - Disk metaPath du usages 12288, container data usages 0
2025-10-07 20:51:58,916 [ContainerDataScanner(/home/runner/work/ozone/ozone/hadoop-ozone/integration-test-recon/target/test-dir/MiniOzoneClusterImpl-b15909b8-03a8-4b15-aaa3-a668c086c089/ozone-metadata/datanode-1/data-0/hdds)] INFO  ozoneimpl.AbstractBackgroundContainerScanner (AbstractBackgroundContainerScanner.java:runIteration(89)) - Completed an iteration in 0 minutes. Number of iterations (since the data-node restart) : 1, Number of containers scanned in this iteration : 0, Number of unhealthy containers found in this iteration : 0
2025-10-07 20:51:58,917 [fa7382a0-3089-4eb6-af6f-f8f16393fa81-EndpointStateMachineTaskThread-/0.0.0.0:15004-0 ] INFO  replication.ReplicationServer (ReplicationServer.java:start(137)) - ReplicationServer is started using port 15019
2025-10-07 20:51:58,918 [fa7382a0-3089-4eb6-af6f-f8f16393fa81-EndpointStateMachineTaskThread-/0.0.0.0:15004-0 ] INFO  ratis.XceiverServerRatis (XceiverServerRatis.java:start(559)) - Starting XceiverServerRatis(fa7382a0-3089-4eb6-af6f-f8f16393fa81)
2025-10-07 20:51:58,919 [fa7382a0-3089-4eb6-af6f-f8f16393fa81-EndpointStateMachineTaskThread-/0.0.0.0:15004-0 ] INFO  server.RaftServer (RaftServerProxy.java:startImpl(412)) - fa7382a0-3089-4eb6-af6f-f8f16393fa81: start RPC server
2025-10-07 20:51:58,921 [fa7382a0-3089-4eb6-af6f-f8f16393fa81-EndpointStateMachineTaskThread-/0.0.0.0:15004-0 ] INFO  server.GrpcServicesImpl (GrpcServicesImpl.java:startImpl(346)) - fa7382a0-3089-4eb6-af6f-f8f16393fa81: GrpcServicesImpl started, listening on 15015
2025-10-07 20:51:58,921 [fa7382a0-3089-4eb6-af6f-f8f16393fa81-EndpointStateMachineTaskThread-/0.0.0.0:15004-0 ] INFO  server.GrpcServicesImpl (GrpcServicesImpl.java:startImpl(346)) - fa7382a0-3089-4eb6-af6f-f8f16393fa81: GrpcServicesImpl started, listening on 15017
2025-10-07 20:51:58,922 [fa7382a0-3089-4eb6-af6f-f8f16393fa81-EndpointStateMachineTaskThread-/0.0.0.0:15004-0 ] INFO  server.GrpcServicesImpl (GrpcServicesImpl.java:startImpl(346)) - fa7382a0-3089-4eb6-af6f-f8f16393fa81: GrpcServicesImpl started, listening on 15016
2025-10-07 20:51:58,924 [fa7382a0-3089-4eb6-af6f-f8f16393fa81-EndpointStateMachineTaskThread-/0.0.0.0:15004-0 ] INFO  ratis.XceiverServerRatis (XceiverServerRatis.java:getRealPort(586)) - XceiverServerRatis(fa7382a0-3089-4eb6-af6f-f8f16393fa81) is started using port RATIS=15015
2025-10-07 20:51:58,924 [fa7382a0-3089-4eb6-af6f-f8f16393fa81-EndpointStateMachineTaskThread-/0.0.0.0:15004-0 ] INFO  ratis.XceiverServerRatis (XceiverServerRatis.java:getRealPort(586)) - XceiverServerRatis(fa7382a0-3089-4eb6-af6f-f8f16393fa81) is started using port RATIS_ADMIN=15016
2025-10-07 20:51:58,924 [fa7382a0-3089-4eb6-af6f-f8f16393fa81-EndpointStateMachineTaskThread-/0.0.0.0:15004-0 ] INFO  ratis.XceiverServerRatis (XceiverServerRatis.java:getRealPort(586)) - XceiverServerRatis(fa7382a0-3089-4eb6-af6f-f8f16393fa81) is started using port RATIS_SERVER=15017
2025-10-07 20:51:58,924 [fa7382a0-3089-4eb6-af6f-f8f16393fa81-EndpointStateMachineTaskThread-/0.0.0.0:15004-0 ] INFO  ratis.XceiverServerRatis (XceiverServerRatis.java:getRealPort(586)) - XceiverServerRatis(fa7382a0-3089-4eb6-af6f-f8f16393fa81) is started using port RATIS_DATASTREAM=15018
2025-10-07 20:51:58,925 [JvmPauseMonitor4] INFO  util.JvmPauseMonitor (JvmPauseMonitor.java:run(146)) - JvmPauseMonitor-fa7382a0-3089-4eb6-af6f-f8f16393fa81: Started
2025-10-07 20:51:58,926 [fa7382a0-3089-4eb6-af6f-f8f16393fa81-EndpointStateMachineTaskThread-/0.0.0.0:15004-0 ] INFO  utils.BackgroundService (BackgroundService.java:start(119)) - Starting service BlockDeletingService with interval 60000 milliseconds
2025-10-07 20:51:58,928 [fa7382a0-3089-4eb6-af6f-f8f16393fa81-EndpointStateMachineTaskThread-/0.0.0.0:15004-0 ] INFO  utils.BackgroundService (BackgroundService.java:start(119)) - Starting service StaleRecoveringContainerScrubbingService with interval 60000 milliseconds
2025-10-07 20:51:59,005 [ForkJoinPool-1-worker-1] INFO  handler.ContextHandler (ContextHandler.java:doStart(921)) - Started o.e.j.w.WebAppContext@4590b0fd{hddsDatanode,/,file:///home/runner/work/ozone/ozone/hadoop-ozone/integration-test-recon/target/test-dir/MiniOzoneClusterImpl-b15909b8-03a8-4b15-aaa3-a668c086c089/scm/ozone-metadata/webserver/jetty-0_0_0_0-15036-hdds-container-service-2_1_0-SNAPSHOT_jar-_-any-8451001726861089595/webapp/,AVAILABLE}{jar:file:/home/runner/work/ozone/ozone/hadoop-hdds/container-service/target/hdds-container-service-2.1.0-SNAPSHOT.jar!/webapps/hddsDatanode}
2025-10-07 20:51:59,005 [ForkJoinPool-1-worker-1] INFO  server.AbstractConnector (AbstractConnector.java:doStart(333)) - Started ServerConnector@5b411843{HTTP/1.1, (http/1.1)}{0.0.0.0:15036}
2025-10-07 20:51:59,006 [ForkJoinPool-1-worker-1] INFO  server.Server (Server.java:doStart(415)) - Started @23756ms
2025-10-07 20:51:59,006 [ForkJoinPool-1-worker-1] WARN  impl.MetricsSystemImpl (MetricsSystemImpl.java:register(279)) - Sink prometheus already exists!
2025-10-07 20:51:59,006 [ForkJoinPool-1-worker-1] INFO  http.BaseHttpServer (BaseHttpServer.java:updateConnectorAddress(357)) - HTTP server of hddsDatanode listening at http://localhost:15036
2025-10-07 20:51:59,006 [ForkJoinPool-1-worker-1] INFO  ipc.CallQueueManager (CallQueueManager.java:<init>(93)) - Using callQueue: class java.util.concurrent.LinkedBlockingQueue, queueCapacity: 1000, scheduler: class org.apache.hadoop.ipc.DefaultRpcScheduler, ipcBackoff: false, ipcFailOver: false.
2025-10-07 20:51:59,007 [ForkJoinPool-1-worker-1] INFO  ipc.Server (Server.java:<init>(1438)) - Listener at 0.0.0.0:15037
2025-10-07 20:51:59,007 [Socket Reader #1 for port 15037] INFO  ipc.Server (Server.java:run(1474)) - Starting Socket Reader #1 for port 15037
2025-10-07 20:51:59,007 [Socket Reader #2 for port 15037] INFO  ipc.Server (Server.java:run(1474)) - Starting Socket Reader #2 for port 15037
2025-10-07 20:51:59,007 [Socket Reader #3 for port 15037] INFO  ipc.Server (Server.java:run(1474)) - Starting Socket Reader #3 for port 15037
2025-10-07 20:51:59,008 [Socket Reader #4 for port 15037] INFO  ipc.Server (Server.java:run(1474)) - Starting Socket Reader #4 for port 15037
2025-10-07 20:51:59,008 [Socket Reader #5 for port 15037] INFO  ipc.Server (Server.java:run(1474)) - Starting Socket Reader #5 for port 15037
2025-10-07 20:51:59,008 [Socket Reader #6 for port 15037] INFO  ipc.Server (Server.java:run(1474)) - Starting Socket Reader #6 for port 15037
2025-10-07 20:51:59,009 [Socket Reader #7 for port 15037] INFO  ipc.Server (Server.java:run(1474)) - Starting Socket Reader #7 for port 15037
2025-10-07 20:51:59,010 [Socket Reader #8 for port 15037] INFO  ipc.Server (Server.java:run(1474)) - Starting Socket Reader #8 for port 15037
2025-10-07 20:51:59,010 [Socket Reader #9 for port 15037] INFO  ipc.Server (Server.java:run(1474)) - Starting Socket Reader #9 for port 15037
2025-10-07 20:51:59,010 [Socket Reader #10 for port 15037] INFO  ipc.Server (Server.java:run(1474)) - Starting Socket Reader #10 for port 15037
2025-10-07 20:51:59,013 [ForkJoinPool-1-worker-1] INFO  ozone.HddsDatanodeService (HddsDatanodeService.java:start(333)) - Datanode start with admins: [runner]
2025-10-07 20:51:59,013 [ForkJoinPool-1-worker-1] INFO  ozone.HddsDatanodeClientProtocolServer (HddsDatanodeClientProtocolServer.java:start(76)) - RPC server for Client /0.0.0.0:15037
2025-10-07 20:51:59,013 [IPC Server Responder] INFO  ipc.Server (Server.java:run(1713)) - IPC Server Responder: starting
2025-10-07 20:51:59,013 [IPC Server listener on 15037] INFO  ipc.Server (Server.java:run(1553)) - IPC Server listener on 15037: starting
2025-10-07 20:51:59,016 [ForkJoinPool-1-worker-1] WARN  dropwizard3.Dm3MetricRegistriesImpl (Dm3MetricRegistriesImpl.java:addReporterRegistration(114)) - New reporters are added after registries were created. Some metrics will be missing from the reporter. Please add reporter before adding any new registry.
2025-10-07 20:51:59,016 [ForkJoinPool-1-worker-1] WARN  dropwizard3.Dm3MetricRegistriesImpl (Dm3MetricRegistriesImpl.java:addReporterRegistration(114)) - New reporters are added after registries were created. Some metrics will be missing from the reporter. Please add reporter before adding any new registry.
2025-10-07 20:51:59,020 [fc0351b7-0c71-4a2a-a0ca-337e5c0b1c14-DatanodeStateMachineDaemonThread] INFO  statemachine.DatanodeStateMachine (DatanodeStateMachine.java:startStateMachineThread(363)) - Ozone container server started.
2025-10-07 20:51:59,021 [fc0351b7-0c71-4a2a-a0ca-337e5c0b1c14-DatanodeStateMachineTaskThread-0] INFO  statemachine.SCMConnectionManager (SCMConnectionManager.java:addReconServer(184)) - Adding Recon Server : /127.0.0.1:15001
2025-10-07 20:51:59,034 [ForkJoinPool-1-worker-1] INFO  protocol.DatanodeDetails (DatanodeDetails.java:validateDatanodeIpAddress(199)) - Updating IP address of datanode 74afb32b-8e70-4799-b16c-dc9602d9dbb6(localhost/null) to 127.0.0.1
2025-10-07 20:51:59,035 [ForkJoinPool-1-worker-1] INFO  ozone.HddsDatanodeService (HddsDatanodeService.java:start(236)) - HddsDatanodeService 74afb32b-8e70-4799-b16c-dc9602d9dbb6(localhost/127.0.0.1)
2025-10-07 20:51:59,036 [fc0351b7-0c71-4a2a-a0ca-337e5c0b1c14-DatanodeStateMachineTaskThread-0] INFO  datanode.InitDatanodeState (InitDatanodeState.java:persistContainerDatanodeDetails(139)) - DatanodeDetails is persisted to /home/runner/work/ozone/ozone/hadoop-ozone/integration-test-recon/target/test-dir/MiniOzoneClusterImpl-b15909b8-03a8-4b15-aaa3-a668c086c089/ozone-metadata/datanode-4/ozone-metadata/datanode.id
2025-10-07 20:51:59,037 [ForkJoinPool-1-worker-1] INFO  upgrade.AbstractLayoutVersionManager (AbstractLayoutVersionManager.java:init(80)) - Initializing Layout version manager with metadata layout = WITNESSED_CONTAINER_DB_PROTO_VALUE (version = 9), software layout = WITNESSED_CONTAINER_DB_PROTO_VALUE (version = 9)
2025-10-07 20:51:59,038 [ForkJoinPool-1-worker-1] INFO  statemachine.DatanodeStateMachine (DatanodeStateMachine.java:getEndPointTaskThreadPoolSize(321)) - Datanode State Machine Task Thread Pool size 2
2025-10-07 20:51:59,041 [ForkJoinPool-1-worker-1] INFO  fs.SaveSpaceUsageToFile (SaveSpaceUsageToFile.java:load(92)) - Cached usage info file /home/runner/work/ozone/ozone/hadoop-ozone/integration-test-recon/target/test-dir/MiniOzoneClusterImpl-b15909b8-03a8-4b15-aaa3-a668c086c089/ozone-metadata/datanode-5/data-0/scmUsed not found
2025-10-07 20:51:59,043 [ForkJoinPool-1-worker-1] INFO  volume.HddsVolume (HddsVolume.java:<init>(162)) - HddsVolume: { id=DS-60b18ca4-ace5-454c-81bf-127b3f78bcea dir=/home/runner/work/ozone/ozone/hadoop-ozone/integration-test-recon/target/test-dir/MiniOzoneClusterImpl-b15909b8-03a8-4b15-aaa3-a668c086c089/ozone-metadata/datanode-5/data-0/hdds type=DISK capacity=76879465972 used=0 available=19066023936 minFree=5368709120 committed=0 }
2025-10-07 20:51:59,044 [ForkJoinPool-1-worker-1] INFO  volume.MutableVolumeSet (MutableVolumeSet.java:initializeVolumeSet(175)) - Added Volume : /home/runner/work/ozone/ozone/hadoop-ozone/integration-test-recon/target/test-dir/MiniOzoneClusterImpl-b15909b8-03a8-4b15-aaa3-a668c086c089/ozone-metadata/datanode-5/data-0/hdds to VolumeSet
2025-10-07 20:51:59,045 [ForkJoinPool-1-worker-1] INFO  fs.SaveSpaceUsageToFile (SaveSpaceUsageToFile.java:load(92)) - Cached usage info file /home/runner/work/ozone/ozone/hadoop-ozone/integration-test-recon/target/test-dir/MiniOzoneClusterImpl-b15909b8-03a8-4b15-aaa3-a668c086c089/ozone-metadata/datanode-5/ratis/scmUsed not found
2025-10-07 20:51:59,046 [ForkJoinPool-1-worker-1] INFO  volume.MutableVolumeSet (MutableVolumeSet.java:initializeVolumeSet(175)) - Added Volume : /home/runner/work/ozone/ozone/hadoop-ozone/integration-test-recon/target/test-dir/MiniOzoneClusterImpl-b15909b8-03a8-4b15-aaa3-a668c086c089/ozone-metadata/datanode-5/ratis to VolumeSet
2025-10-07 20:51:59,046 [ForkJoinPool-1-worker-1] INFO  ozoneimpl.OzoneContainer (HddsVolumeUtil.java:loadAllHddsVolumeDbStore(102)) - Load 1 volumes DbStore cost: 0ms
2025-10-07 20:51:59,047 [ForkJoinPool-1-worker-1] WARN  db.DBStoreBuilder (DBStoreBuilder.java:getDBDirPath(157)) - ozone.scm.datanode.id.dir is not configured. We recommend adding this setting. Falling back to ozone.metadata.dirs instead.
2025-10-07 20:51:59,047 [ForkJoinPool-1-worker-1] WARN  db.DBStoreBuilder (DBStoreBuilder.java:getDBDirPath(157)) - ozone.scm.datanode.id.dir is not configured. We recommend adding this setting. Falling back to ozone.metadata.dirs instead.
2025-10-07 20:51:59,055 [c11f8a16-55ee-4f22-a5a5-7daf2dffa753-EndpointStateMachineTaskThread-/0.0.0.0:15004-0 ] INFO  utils.DatanodeStoreCache (DatanodeStoreCache.java:addDB(70)) - Added db /home/runner/work/ozone/ozone/hadoop-ozone/integration-test-recon/target/test-dir/MiniOzoneClusterImpl-b15909b8-03a8-4b15-aaa3-a668c086c089/ozone-metadata/datanode-2/data-0/hdds/b15909b8-03a8-4b15-aaa3-a668c086c089/DS-e6fcbe78-df1f-414a-b5cd-50381ad9091e/container.db to cache
2025-10-07 20:51:59,055 [c11f8a16-55ee-4f22-a5a5-7daf2dffa753-EndpointStateMachineTaskThread-/0.0.0.0:15004-0 ] INFO  volume.HddsVolume (HddsVolume.java:createDbStore(576)) - SchemaV3 db is created and loaded at /home/runner/work/ozone/ozone/hadoop-ozone/integration-test-recon/target/test-dir/MiniOzoneClusterImpl-b15909b8-03a8-4b15-aaa3-a668c086c089/ozone-metadata/datanode-2/data-0/hdds/b15909b8-03a8-4b15-aaa3-a668c086c089/DS-e6fcbe78-df1f-414a-b5cd-50381ad9091e/container.db for volume DS-e6fcbe78-df1f-414a-b5cd-50381ad9091e
2025-10-07 20:51:59,058 [c11f8a16-55ee-4f22-a5a5-7daf2dffa753-ContainerReader-0] INFO  ozoneimpl.ContainerReader (ContainerReader.java:readVolume(147)) - Start to verify containers on volume /home/runner/work/ozone/ozone/hadoop-ozone/integration-test-recon/target/test-dir/MiniOzoneClusterImpl-b15909b8-03a8-4b15-aaa3-a668c086c089/ozone-metadata/datanode-2/data-0/hdds
2025-10-07 20:51:59,058 [c11f8a16-55ee-4f22-a5a5-7daf2dffa753-ContainerReader-0] INFO  ozoneimpl.ContainerReader (ContainerReader.java:readVolume(177)) - Finish verifying containers on volume /home/runner/work/ozone/ozone/hadoop-ozone/integration-test-recon/target/test-dir/MiniOzoneClusterImpl-b15909b8-03a8-4b15-aaa3-a668c086c089/ozone-metadata/datanode-2/data-0/hdds
2025-10-07 20:51:59,059 [c11f8a16-55ee-4f22-a5a5-7daf2dffa753-EndpointStateMachineTaskThread-/0.0.0.0:15004-0 ] INFO  ozoneimpl.OzoneContainer (OzoneContainer.java:buildContainerSet(370)) - Build ContainerSet costs 0s
2025-10-07 20:51:59,059 [c11f8a16-55ee-4f22-a5a5-7daf2dffa753-EndpointStateMachineTaskThread-/0.0.0.0:15004-0 ] INFO  volume.ThrottledAsyncChecker (ThrottledAsyncChecker.java:schedule(138)) - Scheduling a check for /home/runner/work/ozone/ozone/hadoop-ozone/integration-test-recon/target/test-dir/MiniOzoneClusterImpl-b15909b8-03a8-4b15-aaa3-a668c086c089/ozone-metadata/datanode-2/data-0/hdds
2025-10-07 20:51:59,060 [c11f8a16-55ee-4f22-a5a5-7daf2dffa753-DataNodeDiskCheckerThread-0] WARN  volume.VolumeUsage (VolumeUsage.java:isReservedUsagesInRange(245)) - Reserved usages 57745870848 is higher than actual allocated reserved space 7688716.
2025-10-07 20:51:59,060 [c11f8a16-55ee-4f22-a5a5-7daf2dffa753-DataNodeDiskCheckerThread-0] WARN  volume.HddsVolume (HddsVolume.java:checkVolumeUsages(375)) - Volume /home/runner/work/ozone/ozone/hadoop-ozone/integration-test-recon/target/test-dir/MiniOzoneClusterImpl-b15909b8-03a8-4b15-aaa3-a668c086c089/ozone-metadata/datanode-2/data-0/hdds reserved usages is higher than actual allocated reserved space.
2025-10-07 20:51:59,061 [c11f8a16-55ee-4f22-a5a5-7daf2dffa753-EndpointStateMachineTaskThread-/0.0.0.0:15004-0 ] INFO  volume.StorageVolumeChecker (StorageVolumeChecker.java:checkAllVolumes(231)) - Scheduled health check for volume /home/runner/work/ozone/ozone/hadoop-ozone/integration-test-recon/target/test-dir/MiniOzoneClusterImpl-b15909b8-03a8-4b15-aaa3-a668c086c089/ozone-metadata/datanode-2/data-0/hdds
2025-10-07 20:51:59,063 [ForkJoinPool-1-worker-1] INFO  impl.FilePerChunkStrategy (FilePerChunkStrategy.java:<init>(79)) - ozone.chunk.read.mapped.buffer.max.count is load with 0
2025-10-07 20:51:59,063 [ForkJoinPool-1-worker-1] INFO  impl.FilePerBlockStrategy (FilePerBlockStrategy.java:<init>(88)) - ozone.chunk.read.mapped.buffer.max.count is load with 0
2025-10-07 20:51:59,065 [ForkJoinPool-1-worker-1] INFO  server.RaftServerConfigKeys (ConfUtils.java:logGet(62)) - raft.server.log.appender.buffer.byte-limit = 33554432 (custom)
2025-10-07 20:51:59,065 [c11f8a16-55ee-4f22-a5a5-7daf2dffa753-EndpointStateMachineTaskThread-/0.0.0.0:15004-0 ] INFO  volume.ThrottledAsyncChecker (ThrottledAsyncChecker.java:schedule(138)) - Scheduling a check for /home/runner/work/ozone/ozone/hadoop-ozone/integration-test-recon/target/test-dir/MiniOzoneClusterImpl-b15909b8-03a8-4b15-aaa3-a668c086c089/ozone-metadata/datanode-2/ratis
2025-10-07 20:51:59,066 [c11f8a16-55ee-4f22-a5a5-7daf2dffa753-EndpointStateMachineTaskThread-/0.0.0.0:15004-0 ] INFO  volume.StorageVolumeChecker (StorageVolumeChecker.java:checkAllVolumes(231)) - Scheduled health check for volume /home/runner/work/ozone/ozone/hadoop-ozone/integration-test-recon/target/test-dir/MiniOzoneClusterImpl-b15909b8-03a8-4b15-aaa3-a668c086c089/ozone-metadata/datanode-2/ratis
2025-10-07 20:51:59,066 [ForkJoinPool-1-worker-1] INFO  grpc.GrpcConfigKeys (ConfUtils.java:logFallback(69)) - raft.grpc.admin.host = null (fallback to raft.grpc.server.host)
2025-10-07 20:51:59,066 [ForkJoinPool-1-worker-1] INFO  grpc.GrpcConfigKeys (ConfUtils.java:logGet(62)) - raft.grpc.admin.port = 15048 (custom)
2025-10-07 20:51:59,067 [ForkJoinPool-1-worker-1] INFO  grpc.GrpcConfigKeys (ConfUtils.java:logFallback(69)) - raft.grpc.client.host = null (fallback to raft.grpc.server.host)
2025-10-07 20:51:59,067 [ForkJoinPool-1-worker-1] INFO  grpc.GrpcConfigKeys (ConfUtils.java:logGet(62)) - raft.grpc.client.port = 15047 (custom)
2025-10-07 20:51:59,067 [ForkJoinPool-1-worker-1] INFO  grpc.GrpcConfigKeys (ConfUtils.java:logGet(62)) - raft.grpc.server.port = 15049 (custom)
2025-10-07 20:51:59,067 [ForkJoinPool-1-worker-1] INFO  server.GrpcServicesImpl (ConfUtils.java:logGet(62)) - raft.grpc.message.size.max = 34603008 (custom)
2025-10-07 20:51:59,067 [ForkJoinPool-1-worker-1] INFO  server.GrpcServicesImpl (ConfUtils.java:logGet(62)) - raft.grpc.flow.control.window = 5MB (=5242880) (custom)
2025-10-07 20:51:59,067 [ForkJoinPool-1-worker-1] INFO  server.RaftServerConfigKeys (ConfUtils.java:logGet(62)) - raft.server.log.appender.buffer.byte-limit = 33554432 (custom)
2025-10-07 20:51:59,068 [c11f8a16-55ee-4f22-a5a5-7daf2dffa753-EndpointStateMachineTaskThread-/0.0.0.0:15004-0 ] INFO  ozoneimpl.OzoneContainer (OzoneContainer.java:start(525)) - Attempting to start container services.
2025-10-07 20:51:59,069 [ContainerMetadataScanner] INFO  ozoneimpl.AbstractBackgroundContainerScanner (AbstractBackgroundContainerScanner.java:runIteration(89)) - Completed an iteration in 0 minutes. Number of iterations (since the data-node restart) : 1, Number of containers scanned in this iteration : 0, Number of unhealthy containers found in this iteration : 0
2025-10-07 20:51:59,070 [ContainerDataScanner(/home/runner/work/ozone/ozone/hadoop-ozone/integration-test-recon/target/test-dir/MiniOzoneClusterImpl-b15909b8-03a8-4b15-aaa3-a668c086c089/ozone-metadata/datanode-2/data-0/hdds)] INFO  ozoneimpl.AbstractBackgroundContainerScanner (AbstractBackgroundContainerScanner.java:runIteration(89)) - Completed an iteration in 0 minutes. Number of iterations (since the data-node restart) : 1, Number of containers scanned in this iteration : 0, Number of unhealthy containers found in this iteration : 0
2025-10-07 20:51:59,072 [c11f8a16-55ee-4f22-a5a5-7daf2dffa753-EndpointStateMachineTaskThread-/0.0.0.0:15004-0 ] INFO  replication.ReplicationServer (ReplicationServer.java:start(137)) - ReplicationServer is started using port 15027
2025-10-07 20:51:59,072 [c11f8a16-55ee-4f22-a5a5-7daf2dffa753-EndpointStateMachineTaskThread-/0.0.0.0:15004-0 ] INFO  ratis.XceiverServerRatis (XceiverServerRatis.java:start(559)) - Starting XceiverServerRatis(c11f8a16-55ee-4f22-a5a5-7daf2dffa753)
2025-10-07 20:51:59,072 [ForkJoinPool-1-worker-1] INFO  netty.NettyUtils (NettyUtils.java:newEventLoopGroup(74)) - Create EpollEventLoopGroup for 74afb32b-8e70-4799-b16c-dc9602d9dbb6-NettyServerStreamRpc-bossGroup; Thread size is 0.
2025-10-07 20:51:59,075 [DiskUsage-/home/runner/work/ozone/ozone/hadoop-ozone/integration-test-recon/target/test-dir/MiniOzoneClusterImpl-b15909b8-03a8-4b15-aaa3-a668c086c089/ozone-metadata/datanode-2/ratis-
] INFO  fs.DUOptimized (DUOptimized.java:getUsedSpace(49)) - Disk metaPath du usages 12288, container data usages 0
2025-10-07 20:51:59,075 [c11f8a16-55ee-4f22-a5a5-7daf2dffa753-EndpointStateMachineTaskThread-/0.0.0.0:15004-0 ] INFO  server.RaftServer (RaftServerProxy.java:startImpl(412)) - c11f8a16-55ee-4f22-a5a5-7daf2dffa753: start RPC server
2025-10-07 20:51:59,075 [DiskUsage-/home/runner/work/ozone/ozone/hadoop-ozone/integration-test-recon/target/test-dir/MiniOzoneClusterImpl-b15909b8-03a8-4b15-aaa3-a668c086c089/ozone-metadata/datanode-2/data-0-
] INFO  fs.DUOptimized (DUOptimized.java:getUsedSpace(49)) - Disk metaPath du usages 4382720, container data usages 0
2025-10-07 20:51:59,076 [c11f8a16-55ee-4f22-a5a5-7daf2dffa753-EndpointStateMachineTaskThread-/0.0.0.0:15004-0 ] INFO  server.GrpcServicesImpl (GrpcServicesImpl.java:startImpl(346)) - c11f8a16-55ee-4f22-a5a5-7daf2dffa753: GrpcServicesImpl started, listening on 15023
2025-10-07 20:51:59,076 [c11f8a16-55ee-4f22-a5a5-7daf2dffa753-EndpointStateMachineTaskThread-/0.0.0.0:15004-0 ] INFO  server.GrpcServicesImpl (GrpcServicesImpl.java:startImpl(346)) - c11f8a16-55ee-4f22-a5a5-7daf2dffa753: GrpcServicesImpl started, listening on 15025
2025-10-07 20:51:59,077 [c11f8a16-55ee-4f22-a5a5-7daf2dffa753-EndpointStateMachineTaskThread-/0.0.0.0:15004-0 ] INFO  server.GrpcServicesImpl (GrpcServicesImpl.java:startImpl(346)) - c11f8a16-55ee-4f22-a5a5-7daf2dffa753: GrpcServicesImpl started, listening on 15024
2025-10-07 20:51:59,077 [JvmPauseMonitor5] INFO  util.JvmPauseMonitor (JvmPauseMonitor.java:run(146)) - JvmPauseMonitor-c11f8a16-55ee-4f22-a5a5-7daf2dffa753: Started
2025-10-07 20:51:59,078 [c11f8a16-55ee-4f22-a5a5-7daf2dffa753-EndpointStateMachineTaskThread-/0.0.0.0:15004-0 ] INFO  ratis.XceiverServerRatis (XceiverServerRatis.java:getRealPort(586)) - XceiverServerRatis(c11f8a16-55ee-4f22-a5a5-7daf2dffa753) is started using port RATIS=15023
2025-10-07 20:51:59,078 [c11f8a16-55ee-4f22-a5a5-7daf2dffa753-EndpointStateMachineTaskThread-/0.0.0.0:15004-0 ] INFO  ratis.XceiverServerRatis (XceiverServerRatis.java:getRealPort(586)) - XceiverServerRatis(c11f8a16-55ee-4f22-a5a5-7daf2dffa753) is started using port RATIS_ADMIN=15024
2025-10-07 20:51:59,078 [c11f8a16-55ee-4f22-a5a5-7daf2dffa753-EndpointStateMachineTaskThread-/0.0.0.0:15004-0 ] INFO  ratis.XceiverServerRatis (XceiverServerRatis.java:getRealPort(586)) - XceiverServerRatis(c11f8a16-55ee-4f22-a5a5-7daf2dffa753) is started using port RATIS_SERVER=15025
2025-10-07 20:51:59,078 [c11f8a16-55ee-4f22-a5a5-7daf2dffa753-EndpointStateMachineTaskThread-/0.0.0.0:15004-0 ] INFO  ratis.XceiverServerRatis (XceiverServerRatis.java:getRealPort(586)) - XceiverServerRatis(c11f8a16-55ee-4f22-a5a5-7daf2dffa753) is started using port RATIS_DATASTREAM=15026
2025-10-07 20:51:59,079 [ForkJoinPool-1-worker-1] INFO  netty.NettyUtils (NettyUtils.java:newEventLoopGroup(74)) - Create EpollEventLoopGroup for 74afb32b-8e70-4799-b16c-dc9602d9dbb6-NettyServerStreamRpc-workerGroup; Thread size is 0.
2025-10-07 20:51:59,079 [c11f8a16-55ee-4f22-a5a5-7daf2dffa753-EndpointStateMachineTaskThread-/0.0.0.0:15004-0 ] INFO  utils.BackgroundService (BackgroundService.java:start(119)) - Starting service BlockDeletingService with interval 60000 milliseconds
2025-10-07 20:51:59,080 [c11f8a16-55ee-4f22-a5a5-7daf2dffa753-EndpointStateMachineTaskThread-/0.0.0.0:15004-0 ] INFO  utils.BackgroundService (BackgroundService.java:start(119)) - Starting service StaleRecoveringContainerScrubbingService with interval 60000 milliseconds
2025-10-07 20:51:59,080 [ForkJoinPool-1-worker-1] INFO  netty.NettyConfigKeys$DataStream (ConfUtils.java:logGet(62)) - raft.netty.dataStream.port = 15050 (custom)
2025-10-07 20:51:59,081 [ForkJoinPool-1-worker-1] INFO  server.RaftServerConfigKeys (ConfUtils.java:logGet(62)) - raft.server.storage.dir = [/home/runner/work/ozone/ozone/hadoop-ozone/integration-test-recon/target/test-dir/MiniOzoneClusterImpl-b15909b8-03a8-4b15-aaa3-a668c086c089/ozone-metadata/datanode-5/ratis] (custom)
2025-10-07 20:51:59,082 [74afb32b-8e70-4799-b16c-dc9602d9dbb6-impl-thread1] INFO  server.RaftServer (RaftServerProxy.java:initGroupDir(270)) - 74afb32b-8e70-4799-b16c-dc9602d9dbb6: found a subdirectory /home/runner/work/ozone/ozone/hadoop-ozone/integration-test-recon/target/test-dir/MiniOzoneClusterImpl-b15909b8-03a8-4b15-aaa3-a668c086c089/ozone-metadata/datanode-5/ratis/tmp
2025-10-07 20:51:59,082 [74afb32b-8e70-4799-b16c-dc9602d9dbb6-impl-thread1] INFO  server.RaftServer (RaftServerProxy.java:initGroupDir(275)) - 74afb32b-8e70-4799-b16c-dc9602d9dbb6: The directory /home/runner/work/ozone/ozone/hadoop-ozone/integration-test-recon/target/test-dir/MiniOzoneClusterImpl-b15909b8-03a8-4b15-aaa3-a668c086c089/ozone-metadata/datanode-5/ratis/tmp is not a group directory; ignoring it. 
2025-10-07 20:51:59,082 [74afb32b-8e70-4799-b16c-dc9602d9dbb6-NettyServerStreamRpc-bossGroup--thread1] INFO  logging.LoggingHandler (AbstractInternalLogger.java:log(148)) - [id: 0x706e6db4] REGISTERED
2025-10-07 20:51:59,082 [ForkJoinPool-1-worker-1] INFO  replication.ReplicationServer (ReplicationServer.java:<init>(84)) - Initializing replication server with thread count = 10 queue length = 4096
2025-10-07 20:51:59,083 [74afb32b-8e70-4799-b16c-dc9602d9dbb6-NettyServerStreamRpc-bossGroup--thread1] INFO  logging.LoggingHandler (AbstractInternalLogger.java:log(148)) - [id: 0x706e6db4] BIND: 0.0.0.0/0.0.0.0:15050
2025-10-07 20:51:59,083 [74afb32b-8e70-4799-b16c-dc9602d9dbb6-NettyServerStreamRpc-bossGroup--thread1] INFO  logging.LoggingHandler (AbstractInternalLogger.java:log(148)) - [id: 0x706e6db4, L:/0.0.0.0:15050] ACTIVE
2025-10-07 20:51:59,085 [ForkJoinPool-1-worker-1] INFO  server.XceiverServerGrpc (XceiverServerGrpc.java:<init>(129)) - GrpcServer channel type EpollServerSocketChannel
2025-10-07 20:51:59,087 [ForkJoinPool-1-worker-1] INFO  replication.ReplicationSupervisor (ReplicationSupervisor.java:build(169)) - Initializing replication supervisor with thread count = 10
2025-10-07 20:51:59,087 [ForkJoinPool-1-worker-1] INFO  replication.ReplicationSupervisor (ReplicationSupervisor.java:nodeStateUpdated(358)) - Node state updated to IN_SERVICE, scaling executor pool size to 10
2025-10-07 20:51:59,090 [ForkJoinPool-1-worker-1] INFO  http.BaseHttpServer (BaseHttpServer.java:newHttpServer2BuilderForOzone(227)) - Starting Web-server for hddsDatanode at: http://0.0.0.0:15044
2025-10-07 20:51:59,090 [ForkJoinPool-1-worker-1] INFO  http.BaseHttpServer (BaseHttpServer.java:<init>(105)) - Hadoop Security Enabled: false Ozone Security Enabled: false Ozone HTTP Security Enabled: false 
2025-10-07 20:51:59,092 [ForkJoinPool-1-worker-1] WARN  server.AuthenticationFilter (AuthenticationFilter.java:constructSecretProvider(240)) - Unable to initialize FileSignerSecretProvider, falling back to use random secrets. Reason: Could not read signature secret file: /home/runner/hadoop-http-auth-signature-secret
2025-10-07 20:51:59,094 [ForkJoinPool-1-worker-1] INFO  http.HttpServer2 (HttpServer2.java:addGlobalFilter(1040)) - Added global filter 'safety' (class=org.apache.hadoop.hdds.server.http.HttpServer2$QuotingInputFilter)
2025-10-07 20:51:59,096 [ForkJoinPool-1-worker-1] INFO  http.HttpServer2 (HttpServer2.java:addFilter(1016)) - Added filter static_user_filter (class=org.apache.hadoop.http.lib.StaticUserWebFilter$StaticUserFilter) to context hddsDatanode
2025-10-07 20:51:59,096 [ForkJoinPool-1-worker-1] INFO  http.HttpServer2 (HttpServer2.java:addFilter(1024)) - Added filter static_user_filter (class=org.apache.hadoop.http.lib.StaticUserWebFilter$StaticUserFilter) to context logs
2025-10-07 20:51:59,096 [ForkJoinPool-1-worker-1] INFO  http.HttpServer2 (HttpServer2.java:addFilter(1024)) - Added filter static_user_filter (class=org.apache.hadoop.http.lib.StaticUserWebFilter$StaticUserFilter) to context static
2025-10-07 20:51:59,097 [ForkJoinPool-1-worker-1] INFO  http.BaseHttpServer (BaseHttpServer.java:<init>(193)) - HTTP server of hddsDatanode uses base directory /home/runner/work/ozone/ozone/hadoop-ozone/integration-test-recon/target/test-dir/MiniOzoneClusterImpl-b15909b8-03a8-4b15-aaa3-a668c086c089/scm/ozone-metadata/webserver
2025-10-07 20:51:59,097 [ForkJoinPool-1-worker-1] INFO  http.HttpServer2 (HttpServer2.java:bindListener(1240)) - Jetty bound to port 15044
2025-10-07 20:51:59,097 [ForkJoinPool-1-worker-1] INFO  server.Server (Server.java:doStart(375)) - jetty-9.4.58.v20250814; built: 2025-08-14T02:28:49.637Z; git: 8f1440587e9e4ae7db3d74cf205643f3d707148d; jvm 21.0.8+9-LTS
2025-10-07 20:51:59,099 [ForkJoinPool-1-worker-1] INFO  server.session (DefaultSessionIdManager.java:doStart(334)) - DefaultSessionIdManager workerName=node0
2025-10-07 20:51:59,099 [ForkJoinPool-1-worker-1] INFO  server.session (DefaultSessionIdManager.java:doStart(339)) - No SessionScavenger set, using defaults
2025-10-07 20:51:59,099 [ForkJoinPool-1-worker-1] INFO  server.session (HouseKeeper.java:startScavenging(132)) - node0 Scavenging every 600000ms
2025-10-07 20:51:59,100 [ForkJoinPool-1-worker-1] INFO  handler.ContextHandler (ContextHandler.java:doStart(921)) - Started o.e.j.s.ServletContextHandler@107c5b4d{logs,/logs,file:///home/runner/work/ozone/ozone/hadoop-ozone/integration-test-recon/target/log,AVAILABLE}
2025-10-07 20:51:59,100 [ForkJoinPool-1-worker-1] INFO  handler.ContextHandler (ContextHandler.java:doStart(921)) - Started o.e.j.s.ServletContextHandler@192e8461{static,/static,jar:file:/home/runner/work/ozone/ozone/hadoop-hdds/container-service/target/hdds-container-service-2.1.0-SNAPSHOT.jar!/webapps/static,AVAILABLE}
2025-10-07 20:51:59,267 [ForkJoinPool-1-worker-1] INFO  handler.ContextHandler (ContextHandler.java:doStart(921)) - Started o.e.j.w.WebAppContext@30aacd2b{hddsDatanode,/,file:///home/runner/work/ozone/ozone/hadoop-ozone/integration-test-recon/target/test-dir/MiniOzoneClusterImpl-b15909b8-03a8-4b15-aaa3-a668c086c089/scm/ozone-metadata/webserver/jetty-0_0_0_0-15044-hdds-container-service-2_1_0-SNAPSHOT_jar-_-any-17723381921226496136/webapp/,AVAILABLE}{jar:file:/home/runner/work/ozone/ozone/hadoop-hdds/container-service/target/hdds-container-service-2.1.0-SNAPSHOT.jar!/webapps/hddsDatanode}
2025-10-07 20:51:59,268 [7d2db622-5327-4122-ba03-be97b5575303-EndpointStateMachineTaskThread-/0.0.0.0:15004-0 ] INFO  utils.DatanodeStoreCache (DatanodeStoreCache.java:addDB(70)) - Added db /home/runner/work/ozone/ozone/hadoop-ozone/integration-test-recon/target/test-dir/MiniOzoneClusterImpl-b15909b8-03a8-4b15-aaa3-a668c086c089/ozone-metadata/datanode-3/data-0/hdds/b15909b8-03a8-4b15-aaa3-a668c086c089/DS-6eed87a4-fadf-4567-a1e3-eaff790561fe/container.db to cache
2025-10-07 20:51:59,269 [7d2db622-5327-4122-ba03-be97b5575303-EndpointStateMachineTaskThread-/0.0.0.0:15004-0 ] INFO  volume.HddsVolume (HddsVolume.java:createDbStore(576)) - SchemaV3 db is created and loaded at /home/runner/work/ozone/ozone/hadoop-ozone/integration-test-recon/target/test-dir/MiniOzoneClusterImpl-b15909b8-03a8-4b15-aaa3-a668c086c089/ozone-metadata/datanode-3/data-0/hdds/b15909b8-03a8-4b15-aaa3-a668c086c089/DS-6eed87a4-fadf-4567-a1e3-eaff790561fe/container.db for volume DS-6eed87a4-fadf-4567-a1e3-eaff790561fe
2025-10-07 20:51:59,268 [ForkJoinPool-1-worker-1] INFO  server.AbstractConnector (AbstractConnector.java:doStart(333)) - Started ServerConnector@5ac1074b{HTTP/1.1, (http/1.1)}{0.0.0.0:15044}
2025-10-07 20:51:59,270 [ForkJoinPool-1-worker-1] INFO  server.Server (Server.java:doStart(415)) - Started @24020ms
2025-10-07 20:51:59,270 [ForkJoinPool-1-worker-1] WARN  impl.MetricsSystemImpl (MetricsSystemImpl.java:register(279)) - Sink prometheus already exists!
2025-10-07 20:51:59,270 [ForkJoinPool-1-worker-1] INFO  http.BaseHttpServer (BaseHttpServer.java:updateConnectorAddress(357)) - HTTP server of hddsDatanode listening at http://localhost:15044
2025-10-07 20:51:59,270 [ForkJoinPool-1-worker-1] INFO  ipc.CallQueueManager (CallQueueManager.java:<init>(93)) - Using callQueue: class java.util.concurrent.LinkedBlockingQueue, queueCapacity: 1000, scheduler: class org.apache.hadoop.ipc.DefaultRpcScheduler, ipcBackoff: false, ipcFailOver: false.
2025-10-07 20:51:59,271 [ForkJoinPool-1-worker-1] INFO  ipc.Server (Server.java:<init>(1438)) - Listener at 0.0.0.0:15045
2025-10-07 20:51:59,271 [Socket Reader #1 for port 15045] INFO  ipc.Server (Server.java:run(1474)) - Starting Socket Reader #1 for port 15045
2025-10-07 20:51:59,272 [Socket Reader #2 for port 15045] INFO  ipc.Server (Server.java:run(1474)) - Starting Socket Reader #2 for port 15045
2025-10-07 20:51:59,273 [Socket Reader #3 for port 15045] INFO  ipc.Server (Server.java:run(1474)) - Starting Socket Reader #3 for port 15045
2025-10-07 20:51:59,273 [7d2db622-5327-4122-ba03-be97b5575303-ContainerReader-0] INFO  ozoneimpl.ContainerReader (ContainerReader.java:readVolume(147)) - Start to verify containers on volume /home/runner/work/ozone/ozone/hadoop-ozone/integration-test-recon/target/test-dir/MiniOzoneClusterImpl-b15909b8-03a8-4b15-aaa3-a668c086c089/ozone-metadata/datanode-3/data-0/hdds
2025-10-07 20:51:59,274 [7d2db622-5327-4122-ba03-be97b5575303-ContainerReader-0] INFO  ozoneimpl.ContainerReader (ContainerReader.java:readVolume(177)) - Finish verifying containers on volume /home/runner/work/ozone/ozone/hadoop-ozone/integration-test-recon/target/test-dir/MiniOzoneClusterImpl-b15909b8-03a8-4b15-aaa3-a668c086c089/ozone-metadata/datanode-3/data-0/hdds
2025-10-07 20:51:59,274 [Socket Reader #4 for port 15045] INFO  ipc.Server (Server.java:run(1474)) - Starting Socket Reader #4 for port 15045
2025-10-07 20:51:59,274 [Socket Reader #7 for port 15045] INFO  ipc.Server (Server.java:run(1474)) - Starting Socket Reader #7 for port 15045
2025-10-07 20:51:59,274 [Socket Reader #6 for port 15045] INFO  ipc.Server (Server.java:run(1474)) - Starting Socket Reader #6 for port 15045
2025-10-07 20:51:59,275 [Socket Reader #9 for port 15045] INFO  ipc.Server (Server.java:run(1474)) - Starting Socket Reader #9 for port 15045
2025-10-07 20:51:59,274 [Socket Reader #5 for port 15045] INFO  ipc.Server (Server.java:run(1474)) - Starting Socket Reader #5 for port 15045
2025-10-07 20:51:59,274 [7d2db622-5327-4122-ba03-be97b5575303-EndpointStateMachineTaskThread-/0.0.0.0:15004-0 ] INFO  ozoneimpl.OzoneContainer (OzoneContainer.java:buildContainerSet(370)) - Build ContainerSet costs 0s
2025-10-07 20:51:59,274 [Socket Reader #8 for port 15045] INFO  ipc.Server (Server.java:run(1474)) - Starting Socket Reader #8 for port 15045
2025-10-07 20:51:59,275 [Socket Reader #10 for port 15045] INFO  ipc.Server (Server.java:run(1474)) - Starting Socket Reader #10 for port 15045
2025-10-07 20:51:59,276 [7d2db622-5327-4122-ba03-be97b5575303-EndpointStateMachineTaskThread-/0.0.0.0:15004-0 ] INFO  volume.ThrottledAsyncChecker (ThrottledAsyncChecker.java:schedule(138)) - Scheduling a check for /home/runner/work/ozone/ozone/hadoop-ozone/integration-test-recon/target/test-dir/MiniOzoneClusterImpl-b15909b8-03a8-4b15-aaa3-a668c086c089/ozone-metadata/datanode-3/data-0/hdds
2025-10-07 20:51:59,276 [7d2db622-5327-4122-ba03-be97b5575303-DataNodeDiskCheckerThread-0] WARN  volume.VolumeUsage (VolumeUsage.java:isReservedUsagesInRange(245)) - Reserved usages 57768144896 is higher than actual allocated reserved space 7688716.
2025-10-07 20:51:59,277 [7d2db622-5327-4122-ba03-be97b5575303-DataNodeDiskCheckerThread-0] WARN  volume.HddsVolume (HddsVolume.java:checkVolumeUsages(375)) - Volume /home/runner/work/ozone/ozone/hadoop-ozone/integration-test-recon/target/test-dir/MiniOzoneClusterImpl-b15909b8-03a8-4b15-aaa3-a668c086c089/ozone-metadata/datanode-3/data-0/hdds reserved usages is higher than actual allocated reserved space.
2025-10-07 20:51:59,277 [7d2db622-5327-4122-ba03-be97b5575303-EndpointStateMachineTaskThread-/0.0.0.0:15004-0 ] INFO  volume.StorageVolumeChecker (StorageVolumeChecker.java:checkAllVolumes(231)) - Scheduled health check for volume /home/runner/work/ozone/ozone/hadoop-ozone/integration-test-recon/target/test-dir/MiniOzoneClusterImpl-b15909b8-03a8-4b15-aaa3-a668c086c089/ozone-metadata/datanode-3/data-0/hdds
2025-10-07 20:51:59,279 [ForkJoinPool-1-worker-1] INFO  ozone.HddsDatanodeService (HddsDatanodeService.java:start(333)) - Datanode start with admins: [runner]
2025-10-07 20:51:59,280 [ForkJoinPool-1-worker-1] INFO  ozone.HddsDatanodeClientProtocolServer (HddsDatanodeClientProtocolServer.java:start(76)) - RPC server for Client /0.0.0.0:15045
2025-10-07 20:51:59,281 [IPC Server Responder] INFO  ipc.Server (Server.java:run(1713)) - IPC Server Responder: starting
2025-10-07 20:51:59,281 [IPC Server listener on 15045] INFO  ipc.Server (Server.java:run(1553)) - IPC Server listener on 15045: starting
2025-10-07 20:51:59,281 [IPC Server handler 2 on default port 15004] INFO  net.NetworkTopologyImpl (NetworkTopologyImpl.java:add(133)) - Added a new node: /default-rack/fa7382a0-3089-4eb6-af6f-f8f16393fa81
2025-10-07 20:51:59,281 [IPC Server handler 3 on default port 15001] INFO  net.NetworkTopologyImpl (NetworkTopologyImpl.java:add(133)) - Added a new node: /default-rack/fa7382a0-3089-4eb6-af6f-f8f16393fa81
2025-10-07 20:51:59,284 [IPC Server handler 2 on default port 15004] INFO  node.SCMNodeManager (SCMNodeManager.java:register(423)) - Registered datanode: fa7382a0-3089-4eb6-af6f-f8f16393fa81{ip: 127.0.0.1, host: localhost, ports: [HTTP=15012, CLIENT_RPC=15013, REPLICATION=15019, RATIS=15015, RATIS_ADMIN=15016, RATIS_SERVER=15017, RATIS_DATASTREAM=15018, STANDALONE=15014], networkLocation: /default-rack, certSerialId: null, persistedOpState: null, persistedOpStateExpiryEpochSec: 0}
2025-10-07 20:51:59,284 [IPC Server handler 3 on default port 15001] INFO  node.SCMNodeManager (SCMNodeManager.java:register(423)) - Registered datanode: fa7382a0-3089-4eb6-af6f-f8f16393fa81{ip: 127.0.0.1, host: localhost, ports: [HTTP=15012, CLIENT_RPC=15013, REPLICATION=15019, RATIS=15015, RATIS_ADMIN=15016, RATIS_SERVER=15017, RATIS_DATASTREAM=15018, STANDALONE=15014], networkLocation: /default-rack, certSerialId: null, persistedOpState: null, persistedOpStateExpiryEpochSec: 0}
2025-10-07 20:51:59,285 [7d2db622-5327-4122-ba03-be97b5575303-EndpointStateMachineTaskThread-/0.0.0.0:15004-0 ] INFO  volume.ThrottledAsyncChecker (ThrottledAsyncChecker.java:schedule(138)) - Scheduling a check for /home/runner/work/ozone/ozone/hadoop-ozone/integration-test-recon/target/test-dir/MiniOzoneClusterImpl-b15909b8-03a8-4b15-aaa3-a668c086c089/ozone-metadata/datanode-3/ratis
2025-10-07 20:51:59,285 [7d2db622-5327-4122-ba03-be97b5575303-EndpointStateMachineTaskThread-/0.0.0.0:15004-0 ] INFO  volume.StorageVolumeChecker (StorageVolumeChecker.java:checkAllVolumes(231)) - Scheduled health check for volume /home/runner/work/ozone/ozone/hadoop-ozone/integration-test-recon/target/test-dir/MiniOzoneClusterImpl-b15909b8-03a8-4b15-aaa3-a668c086c089/ozone-metadata/datanode-3/ratis
2025-10-07 20:51:59,286 [EventQueue-NewNodeForNewNodeHandler] INFO  pipeline.BackgroundPipelineCreator (BackgroundPipelineCreator.java:notifyEventTriggered(290)) - trigger a one-shot run on RatisPipelineUtilsThread.
2025-10-07 20:51:59,287 [IPC Server handler 3 on default port 15001] INFO  recon.ReconContext (ReconContext.java:updateHealthStatus(76)) - Update healthStatus of Recon from true to true.
2025-10-07 20:51:59,288 [7d2db622-5327-4122-ba03-be97b5575303-EndpointStateMachineTaskThread-/0.0.0.0:15004-0 ] INFO  ozoneimpl.OzoneContainer (OzoneContainer.java:start(525)) - Attempting to start container services.
2025-10-07 20:51:59,290 [FixedThreadPoolWithAffinityExecutor-0-0] WARN  events.FixedThreadPoolWithAffinityExecutor (FixedThreadPoolWithAffinityExecutor.java:run(251)) - Event remained in queue for long time 2 millisec, fa7382a0-3089-4eb6-af6f-f8f16393fa81(localhost/127.0.0.1), {type: FCR, size: 0}
2025-10-07 20:51:59,293 [Recon-EventQueue-NewNodeForReconNewNodeHandler] INFO  scm.ReconNodeManager (ReconNodeManager.java:addNodeToDB(143)) - Added a new node to db: fa7382a0-3089-4eb6-af6f-f8f16393fa81(localhost/127.0.0.1)
2025-10-07 20:51:59,293 [ForkJoinPool-1-worker-1] INFO  ozone.MiniOzoneClusterImpl (MiniOzoneClusterImpl.java:lambda$waitForClusterToBeReady$0(181)) - Waiting for nodes to be ready. Got 1 of 5 DN Heartbeats.
2025-10-07 20:51:59,293 [ForkJoinPool-1-worker-1] INFO  ozone.MiniOzoneClusterImpl (MiniOzoneClusterImpl.java:lambda$waitForClusterToBeReady$0(184)) - Waiting for cluster to exit safe mode
2025-10-07 20:51:59,293 [ForkJoinPool-1-worker-1] INFO  ozone.MiniOzoneClusterImpl (MiniOzoneClusterImpl.java:lambda$waitForClusterToBeReady$0(186)) - SCM became leader
2025-10-07 20:51:59,296 [EventQueue-ContainerRegistrationReportForECContainerSafeModeRule] INFO  safemode.SCMSafeModeManager (SCMSafeModeManager.java:validateSafeModeExitRules(138)) - ECContainerSafeModeRule rule is successfully validated
2025-10-07 20:51:59,297 [FixedThreadPoolWithAffinityExecutor-0-0] WARN  events.FixedThreadPoolWithAffinityExecutor (FixedThreadPoolWithAffinityExecutor.java:run(264)) - Event taken long execution time 9 millisec, fa7382a0-3089-4eb6-af6f-f8f16393fa81(localhost/127.0.0.1), {type: FCR, size: 0}
2025-10-07 20:51:59,297 [EventQueue-ContainerRegistrationReportForRatisContainerSafeModeRule] INFO  safemode.SCMSafeModeManager (SCMSafeModeManager.java:validateSafeModeExitRules(138)) - RatisContainerSafeModeRule rule is successfully validated
2025-10-07 20:51:59,297 [ContainerMetadataScanner] INFO  ozoneimpl.AbstractBackgroundContainerScanner (AbstractBackgroundContainerScanner.java:runIteration(89)) - Completed an iteration in 0 minutes. Number of iterations (since the data-node restart) : 1, Number of containers scanned in this iteration : 0, Number of unhealthy containers found in this iteration : 0
2025-10-07 20:51:59,298 [DiskUsage-/home/runner/work/ozone/ozone/hadoop-ozone/integration-test-recon/target/test-dir/MiniOzoneClusterImpl-b15909b8-03a8-4b15-aaa3-a668c086c089/ozone-metadata/datanode-3/data-0-
] INFO  fs.DUOptimized (DUOptimized.java:getUsedSpace(49)) - Disk metaPath du usages 4382720, container data usages 0
2025-10-07 20:51:59,299 [EventQueue-NodeRegistrationContainerReportForDataNodeSafeModeRule] INFO  safemode.SCMSafeModeManager (DataNodeSafeModeRule.java:process(80)) - SCM in safe mode. 1 DataNodes registered, 3 required.
2025-10-07 20:51:59,300 [EventQueue-PipelineReportForOneReplicaPipelineSafeModeRule] INFO  safemode.SCMSafeModeManager (SCMSafeModeManager.java:validateSafeModeExitRules(138)) - AtleastOneDatanodeReportedRule rule is successfully validated
2025-10-07 20:51:59,300 [ContainerDataScanner(/home/runner/work/ozone/ozone/hadoop-ozone/integration-test-recon/target/test-dir/MiniOzoneClusterImpl-b15909b8-03a8-4b15-aaa3-a668c086c089/ozone-metadata/datanode-3/data-0/hdds)] INFO  ozoneimpl.AbstractBackgroundContainerScanner (AbstractBackgroundContainerScanner.java:runIteration(89)) - Completed an iteration in 0 minutes. Number of iterations (since the data-node restart) : 1, Number of containers scanned in this iteration : 0, Number of unhealthy containers found in this iteration : 0
2025-10-07 20:51:59,302 [7d2db622-5327-4122-ba03-be97b5575303-EndpointStateMachineTaskThread-/0.0.0.0:15004-0 ] INFO  replication.ReplicationServer (ReplicationServer.java:start(137)) - ReplicationServer is started using port 15035
2025-10-07 20:51:59,303 [RatisPipelineUtilsThread-0] INFO  pipeline.RatisPipelineProvider (RatisPipelineProvider.java:lambda$create$0(208)) - Sending CreatePipelineCommand for pipeline:Pipeline-527db8da-1e91-4af5-a093-7ae2f20a3602 to datanode:fa7382a0-3089-4eb6-af6f-f8f16393fa81(localhost/127.0.0.1)
2025-10-07 20:51:59,303 [7d2db622-5327-4122-ba03-be97b5575303-EndpointStateMachineTaskThread-/0.0.0.0:15004-0 ] INFO  ratis.XceiverServerRatis (XceiverServerRatis.java:start(559)) - Starting XceiverServerRatis(7d2db622-5327-4122-ba03-be97b5575303)
2025-10-07 20:51:59,303 [DiskUsage-/home/runner/work/ozone/ozone/hadoop-ozone/integration-test-recon/target/test-dir/MiniOzoneClusterImpl-b15909b8-03a8-4b15-aaa3-a668c086c089/ozone-metadata/datanode-3/ratis-
] INFO  fs.DUOptimized (DUOptimized.java:getUsedSpace(49)) - Disk metaPath du usages 12288, container data usages 0
2025-10-07 20:51:59,304 [74afb32b-8e70-4799-b16c-dc9602d9dbb6-DatanodeStateMachineDaemonThread] INFO  statemachine.DatanodeStateMachine (DatanodeStateMachine.java:startStateMachineThread(363)) - Ozone container server started.
2025-10-07 20:51:59,306 [7d2db622-5327-4122-ba03-be97b5575303-EndpointStateMachineTaskThread-/0.0.0.0:15004-0 ] INFO  server.RaftServer (RaftServerProxy.java:startImpl(412)) - 7d2db622-5327-4122-ba03-be97b5575303: start RPC server
2025-10-07 20:51:59,306 [74afb32b-8e70-4799-b16c-dc9602d9dbb6-DatanodeStateMachineTaskThread-0] INFO  statemachine.SCMConnectionManager (SCMConnectionManager.java:addReconServer(184)) - Adding Recon Server : /127.0.0.1:15001
2025-10-07 20:51:59,307 [7d2db622-5327-4122-ba03-be97b5575303-EndpointStateMachineTaskThread-/0.0.0.0:15004-0 ] INFO  server.GrpcServicesImpl (GrpcServicesImpl.java:startImpl(346)) - 7d2db622-5327-4122-ba03-be97b5575303: GrpcServicesImpl started, listening on 15031
2025-10-07 20:51:59,309 [7d2db622-5327-4122-ba03-be97b5575303-EndpointStateMachineTaskThread-/0.0.0.0:15004-0 ] INFO  server.GrpcServicesImpl (GrpcServicesImpl.java:startImpl(346)) - 7d2db622-5327-4122-ba03-be97b5575303: GrpcServicesImpl started, listening on 15033
2025-10-07 20:51:59,310 [7d2db622-5327-4122-ba03-be97b5575303-EndpointStateMachineTaskThread-/0.0.0.0:15004-0 ] INFO  server.GrpcServicesImpl (GrpcServicesImpl.java:startImpl(346)) - 7d2db622-5327-4122-ba03-be97b5575303: GrpcServicesImpl started, listening on 15032
2025-10-07 20:51:59,311 [7d2db622-5327-4122-ba03-be97b5575303-EndpointStateMachineTaskThread-/0.0.0.0:15004-0 ] INFO  ratis.XceiverServerRatis (XceiverServerRatis.java:getRealPort(586)) - XceiverServerRatis(7d2db622-5327-4122-ba03-be97b5575303) is started using port RATIS=15031
2025-10-07 20:51:59,311 [7d2db622-5327-4122-ba03-be97b5575303-EndpointStateMachineTaskThread-/0.0.0.0:15004-0 ] INFO  ratis.XceiverServerRatis (XceiverServerRatis.java:getRealPort(586)) - XceiverServerRatis(7d2db622-5327-4122-ba03-be97b5575303) is started using port RATIS_ADMIN=15032
2025-10-07 20:51:59,311 [7d2db622-5327-4122-ba03-be97b5575303-EndpointStateMachineTaskThread-/0.0.0.0:15004-0 ] INFO  ratis.XceiverServerRatis (XceiverServerRatis.java:getRealPort(586)) - XceiverServerRatis(7d2db622-5327-4122-ba03-be97b5575303) is started using port RATIS_SERVER=15033
2025-10-07 20:51:59,311 [7d2db622-5327-4122-ba03-be97b5575303-EndpointStateMachineTaskThread-/0.0.0.0:15004-0 ] INFO  ratis.XceiverServerRatis (XceiverServerRatis.java:getRealPort(586)) - XceiverServerRatis(7d2db622-5327-4122-ba03-be97b5575303) is started using port RATIS_DATASTREAM=15034
2025-10-07 20:51:59,311 [JvmPauseMonitor6] INFO  util.JvmPauseMonitor (JvmPauseMonitor.java:run(146)) - JvmPauseMonitor-7d2db622-5327-4122-ba03-be97b5575303: Started
2025-10-07 20:51:59,312 [7d2db622-5327-4122-ba03-be97b5575303-EndpointStateMachineTaskThread-/0.0.0.0:15004-0 ] INFO  utils.BackgroundService (BackgroundService.java:start(119)) - Starting service BlockDeletingService with interval 60000 milliseconds
2025-10-07 20:51:59,312 [7d2db622-5327-4122-ba03-be97b5575303-EndpointStateMachineTaskThread-/0.0.0.0:15004-0 ] INFO  utils.BackgroundService (BackgroundService.java:start(119)) - Starting service StaleRecoveringContainerScrubbingService with interval 60000 milliseconds
2025-10-07 20:51:59,316 [74afb32b-8e70-4799-b16c-dc9602d9dbb6-DatanodeStateMachineTaskThread-0] INFO  datanode.InitDatanodeState (InitDatanodeState.java:persistContainerDatanodeDetails(139)) - DatanodeDetails is persisted to /home/runner/work/ozone/ozone/hadoop-ozone/integration-test-recon/target/test-dir/MiniOzoneClusterImpl-b15909b8-03a8-4b15-aaa3-a668c086c089/ozone-metadata/datanode-5/ozone-metadata/datanode.id
2025-10-07 20:51:59,383 [04372c61-9371-4ab6-9533-e94413dada7c@group-A668C086C089-StateMachineUpdater] INFO  safemode.SCMSafeModeManager (SCMSafeModeManager.java:validateSafeModeExitRules(138)) - RatisContainerSafeModeRule rule is successfully validated
2025-10-07 20:51:59,384 [04372c61-9371-4ab6-9533-e94413dada7c@group-A668C086C089-StateMachineUpdater] INFO  safemode.HealthyPipelineSafeModeRule (HealthyPipelineSafeModeRule.java:initializeRule(228)) - Refreshed total pipeline count is 0, healthy pipeline threshold count is 1
2025-10-07 20:51:59,385 [04372c61-9371-4ab6-9533-e94413dada7c@group-A668C086C089-StateMachineUpdater] INFO  safemode.SCMSafeModeManager (SCMSafeModeManager.java:validateSafeModeExitRules(138)) - ECContainerSafeModeRule rule is successfully validated
2025-10-07 20:51:59,385 [04372c61-9371-4ab6-9533-e94413dada7c@group-A668C086C089-StateMachineUpdater] INFO  safemode.SCMSafeModeManager (SCMSafeModeManager.java:validateSafeModeExitRules(138)) - AtleastOneDatanodeReportedRule rule is successfully validated
2025-10-07 20:51:59,388 [RatisPipelineUtilsThread-0] INFO  pipeline.BackgroundPipelineCreator (BackgroundPipelineCreator.java:createPipelines(246)) - Created new pipeline Pipeline{ Id: 527db8da-1e91-4af5-a093-7ae2f20a3602, Nodes: [ {fa7382a0-3089-4eb6-af6f-f8f16393fa81(localhost/127.0.0.1), ReplicaIndex: 0},], ReplicationConfig: RATIS/ONE, State:ALLOCATED, leaderId:, CreationTimestamp2025-10-07T20:51:59.300986692Z[Etc/UTC]}
2025-10-07 20:51:59,495 [ReplicationMonitor] INFO  replication.ReplicationManager (ReplicationManager.java:processAll(359)) - Replication Manager is not ready to run until 3000ms after safemode exit
2025-10-07 20:51:59,498 [IPC Server handler 4 on default port 15001] INFO  net.NetworkTopologyImpl (NetworkTopologyImpl.java:add(133)) - Added a new node: /default-rack/c11f8a16-55ee-4f22-a5a5-7daf2dffa753
2025-10-07 20:51:59,498 [IPC Server handler 7 on default port 15004] INFO  net.NetworkTopologyImpl (NetworkTopologyImpl.java:add(133)) - Added a new node: /default-rack/c11f8a16-55ee-4f22-a5a5-7daf2dffa753
2025-10-07 20:51:59,499 [IPC Server handler 7 on default port 15004] INFO  node.SCMNodeManager (SCMNodeManager.java:register(423)) - Registered datanode: c11f8a16-55ee-4f22-a5a5-7daf2dffa753{ip: 127.0.0.1, host: localhost, ports: [HTTP=15020, CLIENT_RPC=15021, REPLICATION=15027, RATIS=15023, RATIS_ADMIN=15024, RATIS_SERVER=15025, RATIS_DATASTREAM=15026, STANDALONE=15022], networkLocation: /default-rack, certSerialId: null, persistedOpState: null, persistedOpStateExpiryEpochSec: 0}
2025-10-07 20:51:59,499 [IPC Server handler 4 on default port 15001] INFO  node.SCMNodeManager (SCMNodeManager.java:register(423)) - Registered datanode: c11f8a16-55ee-4f22-a5a5-7daf2dffa753{ip: 127.0.0.1, host: localhost, ports: [HTTP=15020, CLIENT_RPC=15021, REPLICATION=15027, RATIS=15023, RATIS_ADMIN=15024, RATIS_SERVER=15025, RATIS_DATASTREAM=15026, STANDALONE=15022], networkLocation: /default-rack, certSerialId: null, persistedOpState: null, persistedOpStateExpiryEpochSec: 0}
2025-10-07 20:51:59,499 [IPC Server handler 4 on default port 15001] INFO  recon.ReconContext (ReconContext.java:updateHealthStatus(76)) - Update healthStatus of Recon from true to true.
2025-10-07 20:51:59,500 [EventQueue-ContainerRegistrationReportForECContainerSafeModeRule] INFO  safemode.SCMSafeModeManager (SCMSafeModeManager.java:validateSafeModeExitRules(138)) - ECContainerSafeModeRule rule is successfully validated
2025-10-07 20:51:59,500 [EventQueue-ContainerRegistrationReportForRatisContainerSafeModeRule] INFO  safemode.SCMSafeModeManager (SCMSafeModeManager.java:validateSafeModeExitRules(138)) - RatisContainerSafeModeRule rule is successfully validated
2025-10-07 20:51:59,500 [EventQueue-NodeRegistrationContainerReportForDataNodeSafeModeRule] INFO  safemode.SCMSafeModeManager (DataNodeSafeModeRule.java:process(80)) - SCM in safe mode. 2 DataNodes registered, 3 required.
2025-10-07 20:51:59,501 [EventQueue-PipelineReportForOneReplicaPipelineSafeModeRule] INFO  safemode.SCMSafeModeManager (SCMSafeModeManager.java:validateSafeModeExitRules(138)) - AtleastOneDatanodeReportedRule rule is successfully validated
2025-10-07 20:51:59,501 [EventQueue-NewNodeForNewNodeHandler] INFO  pipeline.BackgroundPipelineCreator (BackgroundPipelineCreator.java:notifyEventTriggered(290)) - trigger a one-shot run on RatisPipelineUtilsThread.
2025-10-07 20:51:59,501 [Recon-EventQueue-NewNodeForReconNewNodeHandler] INFO  scm.ReconNodeManager (ReconNodeManager.java:addNodeToDB(143)) - Added a new node to db: c11f8a16-55ee-4f22-a5a5-7daf2dffa753(localhost/127.0.0.1)
2025-10-07 20:51:59,503 [RatisPipelineUtilsThread-0] INFO  pipeline.RatisPipelineProvider (RatisPipelineProvider.java:lambda$create$0(208)) - Sending CreatePipelineCommand for pipeline:Pipeline-275b7e98-611c-44c8-a058-5472c7309c8c to datanode:c11f8a16-55ee-4f22-a5a5-7daf2dffa753(localhost/127.0.0.1)
2025-10-07 20:51:59,506 [04372c61-9371-4ab6-9533-e94413dada7c@group-A668C086C089-StateMachineUpdater] INFO  safemode.SCMSafeModeManager (SCMSafeModeManager.java:validateSafeModeExitRules(138)) - RatisContainerSafeModeRule rule is successfully validated
2025-10-07 20:51:59,506 [04372c61-9371-4ab6-9533-e94413dada7c@group-A668C086C089-StateMachineUpdater] INFO  safemode.HealthyPipelineSafeModeRule (HealthyPipelineSafeModeRule.java:initializeRule(228)) - Refreshed total pipeline count is 0, healthy pipeline threshold count is 1
2025-10-07 20:51:59,507 [04372c61-9371-4ab6-9533-e94413dada7c@group-A668C086C089-StateMachineUpdater] INFO  safemode.SCMSafeModeManager (SCMSafeModeManager.java:validateSafeModeExitRules(138)) - ECContainerSafeModeRule rule is successfully validated
2025-10-07 20:51:59,507 [04372c61-9371-4ab6-9533-e94413dada7c@group-A668C086C089-StateMachineUpdater] INFO  safemode.SCMSafeModeManager (SCMSafeModeManager.java:validateSafeModeExitRules(138)) - AtleastOneDatanodeReportedRule rule is successfully validated
2025-10-07 20:51:59,507 [RatisPipelineUtilsThread-0] INFO  pipeline.BackgroundPipelineCreator (BackgroundPipelineCreator.java:createPipelines(246)) - Created new pipeline Pipeline{ Id: 275b7e98-611c-44c8-a058-5472c7309c8c, Nodes: [ {c11f8a16-55ee-4f22-a5a5-7daf2dffa753(localhost/127.0.0.1), ReplicaIndex: 0},], ReplicationConfig: RATIS/ONE, State:ALLOCATED, leaderId:, CreationTimestamp2025-10-07T20:51:59.503051686Z[Etc/UTC]}
2025-10-07 20:51:59,550 [fc0351b7-0c71-4a2a-a0ca-337e5c0b1c14-EndpointStateMachineTaskThread-/0.0.0.0:15004-0 ] INFO  utils.DatanodeStoreCache (DatanodeStoreCache.java:addDB(70)) - Added db /home/runner/work/ozone/ozone/hadoop-ozone/integration-test-recon/target/test-dir/MiniOzoneClusterImpl-b15909b8-03a8-4b15-aaa3-a668c086c089/ozone-metadata/datanode-4/data-0/hdds/b15909b8-03a8-4b15-aaa3-a668c086c089/DS-dd1a2d3b-0c0b-4a8e-a11d-398946709d94/container.db to cache
2025-10-07 20:51:59,550 [fc0351b7-0c71-4a2a-a0ca-337e5c0b1c14-EndpointStateMachineTaskThread-/0.0.0.0:15004-0 ] INFO  volume.HddsVolume (HddsVolume.java:createDbStore(576)) - SchemaV3 db is created and loaded at /home/runner/work/ozone/ozone/hadoop-ozone/integration-test-recon/target/test-dir/MiniOzoneClusterImpl-b15909b8-03a8-4b15-aaa3-a668c086c089/ozone-metadata/datanode-4/data-0/hdds/b15909b8-03a8-4b15-aaa3-a668c086c089/DS-dd1a2d3b-0c0b-4a8e-a11d-398946709d94/container.db for volume DS-dd1a2d3b-0c0b-4a8e-a11d-398946709d94
2025-10-07 20:51:59,553 [fc0351b7-0c71-4a2a-a0ca-337e5c0b1c14-ContainerReader-0] INFO  ozoneimpl.ContainerReader (ContainerReader.java:readVolume(147)) - Start to verify containers on volume /home/runner/work/ozone/ozone/hadoop-ozone/integration-test-recon/target/test-dir/MiniOzoneClusterImpl-b15909b8-03a8-4b15-aaa3-a668c086c089/ozone-metadata/datanode-4/data-0/hdds
2025-10-07 20:51:59,553 [fc0351b7-0c71-4a2a-a0ca-337e5c0b1c14-ContainerReader-0] INFO  ozoneimpl.ContainerReader (ContainerReader.java:readVolume(177)) - Finish verifying containers on volume /home/runner/work/ozone/ozone/hadoop-ozone/integration-test-recon/target/test-dir/MiniOzoneClusterImpl-b15909b8-03a8-4b15-aaa3-a668c086c089/ozone-metadata/datanode-4/data-0/hdds
2025-10-07 20:51:59,553 [fc0351b7-0c71-4a2a-a0ca-337e5c0b1c14-EndpointStateMachineTaskThread-/0.0.0.0:15004-0 ] INFO  ozoneimpl.OzoneContainer (OzoneContainer.java:buildContainerSet(370)) - Build ContainerSet costs 0s
2025-10-07 20:51:59,554 [fc0351b7-0c71-4a2a-a0ca-337e5c0b1c14-EndpointStateMachineTaskThread-/0.0.0.0:15004-0 ] INFO  volume.ThrottledAsyncChecker (ThrottledAsyncChecker.java:schedule(138)) - Scheduling a check for /home/runner/work/ozone/ozone/hadoop-ozone/integration-test-recon/target/test-dir/MiniOzoneClusterImpl-b15909b8-03a8-4b15-aaa3-a668c086c089/ozone-metadata/datanode-4/data-0/hdds
2025-10-07 20:51:59,555 [fc0351b7-0c71-4a2a-a0ca-337e5c0b1c14-DataNodeDiskCheckerThread-0] WARN  volume.VolumeUsage (VolumeUsage.java:isReservedUsagesInRange(245)) - Reserved usages 57790283776 is higher than actual allocated reserved space 7688716.
2025-10-07 20:51:59,555 [fc0351b7-0c71-4a2a-a0ca-337e5c0b1c14-DataNodeDiskCheckerThread-0] WARN  volume.HddsVolume (HddsVolume.java:checkVolumeUsages(375)) - Volume /home/runner/work/ozone/ozone/hadoop-ozone/integration-test-recon/target/test-dir/MiniOzoneClusterImpl-b15909b8-03a8-4b15-aaa3-a668c086c089/ozone-metadata/datanode-4/data-0/hdds reserved usages is higher than actual allocated reserved space.
2025-10-07 20:51:59,555 [fc0351b7-0c71-4a2a-a0ca-337e5c0b1c14-EndpointStateMachineTaskThread-/0.0.0.0:15004-0 ] INFO  volume.StorageVolumeChecker (StorageVolumeChecker.java:checkAllVolumes(231)) - Scheduled health check for volume /home/runner/work/ozone/ozone/hadoop-ozone/integration-test-recon/target/test-dir/MiniOzoneClusterImpl-b15909b8-03a8-4b15-aaa3-a668c086c089/ozone-metadata/datanode-4/data-0/hdds
2025-10-07 20:51:59,558 [fc0351b7-0c71-4a2a-a0ca-337e5c0b1c14-EndpointStateMachineTaskThread-/0.0.0.0:15004-0 ] INFO  volume.ThrottledAsyncChecker (ThrottledAsyncChecker.java:schedule(138)) - Scheduling a check for /home/runner/work/ozone/ozone/hadoop-ozone/integration-test-recon/target/test-dir/MiniOzoneClusterImpl-b15909b8-03a8-4b15-aaa3-a668c086c089/ozone-metadata/datanode-4/ratis
2025-10-07 20:51:59,558 [fc0351b7-0c71-4a2a-a0ca-337e5c0b1c14-EndpointStateMachineTaskThread-/0.0.0.0:15004-0 ] INFO  volume.StorageVolumeChecker (StorageVolumeChecker.java:checkAllVolumes(231)) - Scheduled health check for volume /home/runner/work/ozone/ozone/hadoop-ozone/integration-test-recon/target/test-dir/MiniOzoneClusterImpl-b15909b8-03a8-4b15-aaa3-a668c086c089/ozone-metadata/datanode-4/ratis
2025-10-07 20:51:59,560 [fc0351b7-0c71-4a2a-a0ca-337e5c0b1c14-EndpointStateMachineTaskThread-/0.0.0.0:15004-0 ] INFO  ozoneimpl.OzoneContainer (OzoneContainer.java:start(525)) - Attempting to start container services.
2025-10-07 20:51:59,561 [ContainerMetadataScanner] INFO  ozoneimpl.AbstractBackgroundContainerScanner (AbstractBackgroundContainerScanner.java:runIteration(89)) - Completed an iteration in 0 minutes. Number of iterations (since the data-node restart) : 1, Number of containers scanned in this iteration : 0, Number of unhealthy containers found in this iteration : 0
2025-10-07 20:51:59,562 [ContainerDataScanner(/home/runner/work/ozone/ozone/hadoop-ozone/integration-test-recon/target/test-dir/MiniOzoneClusterImpl-b15909b8-03a8-4b15-aaa3-a668c086c089/ozone-metadata/datanode-4/data-0/hdds)] INFO  ozoneimpl.AbstractBackgroundContainerScanner (AbstractBackgroundContainerScanner.java:runIteration(89)) - Completed an iteration in 0 minutes. Number of iterations (since the data-node restart) : 1, Number of containers scanned in this iteration : 0, Number of unhealthy containers found in this iteration : 0
2025-10-07 20:51:59,562 [fc0351b7-0c71-4a2a-a0ca-337e5c0b1c14-EndpointStateMachineTaskThread-/0.0.0.0:15004-0 ] INFO  replication.ReplicationServer (ReplicationServer.java:start(137)) - ReplicationServer is started using port 15043
2025-10-07 20:51:59,563 [fc0351b7-0c71-4a2a-a0ca-337e5c0b1c14-EndpointStateMachineTaskThread-/0.0.0.0:15004-0 ] INFO  ratis.XceiverServerRatis (XceiverServerRatis.java:start(559)) - Starting XceiverServerRatis(fc0351b7-0c71-4a2a-a0ca-337e5c0b1c14)
2025-10-07 20:51:59,564 [fc0351b7-0c71-4a2a-a0ca-337e5c0b1c14-EndpointStateMachineTaskThread-/0.0.0.0:15004-0 ] INFO  server.RaftServer (RaftServerProxy.java:startImpl(412)) - fc0351b7-0c71-4a2a-a0ca-337e5c0b1c14: start RPC server
2025-10-07 20:51:59,565 [fc0351b7-0c71-4a2a-a0ca-337e5c0b1c14-EndpointStateMachineTaskThread-/0.0.0.0:15004-0 ] INFO  server.GrpcServicesImpl (GrpcServicesImpl.java:startImpl(346)) - fc0351b7-0c71-4a2a-a0ca-337e5c0b1c14: GrpcServicesImpl started, listening on 15039
2025-10-07 20:51:59,565 [fc0351b7-0c71-4a2a-a0ca-337e5c0b1c14-EndpointStateMachineTaskThread-/0.0.0.0:15004-0 ] INFO  server.GrpcServicesImpl (GrpcServicesImpl.java:startImpl(346)) - fc0351b7-0c71-4a2a-a0ca-337e5c0b1c14: GrpcServicesImpl started, listening on 15041
2025-10-07 20:51:59,566 [DiskUsage-/home/runner/work/ozone/ozone/hadoop-ozone/integration-test-recon/target/test-dir/MiniOzoneClusterImpl-b15909b8-03a8-4b15-aaa3-a668c086c089/ozone-metadata/datanode-4/data-0-
] INFO  fs.DUOptimized (DUOptimized.java:getUsedSpace(49)) - Disk metaPath du usages 4382720, container data usages 0
2025-10-07 20:51:59,566 [DiskUsage-/home/runner/work/ozone/ozone/hadoop-ozone/integration-test-recon/target/test-dir/MiniOzoneClusterImpl-b15909b8-03a8-4b15-aaa3-a668c086c089/ozone-metadata/datanode-4/ratis-
] INFO  fs.DUOptimized (DUOptimized.java:getUsedSpace(49)) - Disk metaPath du usages 12288, container data usages 0
2025-10-07 20:51:59,566 [fc0351b7-0c71-4a2a-a0ca-337e5c0b1c14-EndpointStateMachineTaskThread-/0.0.0.0:15004-0 ] INFO  server.GrpcServicesImpl (GrpcServicesImpl.java:startImpl(346)) - fc0351b7-0c71-4a2a-a0ca-337e5c0b1c14: GrpcServicesImpl started, listening on 15040
2025-10-07 20:51:59,566 [fc0351b7-0c71-4a2a-a0ca-337e5c0b1c14-EndpointStateMachineTaskThread-/0.0.0.0:15004-0 ] INFO  ratis.XceiverServerRatis (XceiverServerRatis.java:getRealPort(586)) - XceiverServerRatis(fc0351b7-0c71-4a2a-a0ca-337e5c0b1c14) is started using port RATIS=15039
2025-10-07 20:51:59,566 [JvmPauseMonitor7] INFO  util.JvmPauseMonitor (JvmPauseMonitor.java:run(146)) - JvmPauseMonitor-fc0351b7-0c71-4a2a-a0ca-337e5c0b1c14: Started
2025-10-07 20:51:59,566 [fc0351b7-0c71-4a2a-a0ca-337e5c0b1c14-EndpointStateMachineTaskThread-/0.0.0.0:15004-0 ] INFO  ratis.XceiverServerRatis (XceiverServerRatis.java:getRealPort(586)) - XceiverServerRatis(fc0351b7-0c71-4a2a-a0ca-337e5c0b1c14) is started using port RATIS_ADMIN=15040
2025-10-07 20:51:59,566 [fc0351b7-0c71-4a2a-a0ca-337e5c0b1c14-EndpointStateMachineTaskThread-/0.0.0.0:15004-0 ] INFO  ratis.XceiverServerRatis (XceiverServerRatis.java:getRealPort(586)) - XceiverServerRatis(fc0351b7-0c71-4a2a-a0ca-337e5c0b1c14) is started using port RATIS_SERVER=15041
2025-10-07 20:51:59,566 [fc0351b7-0c71-4a2a-a0ca-337e5c0b1c14-EndpointStateMachineTaskThread-/0.0.0.0:15004-0 ] INFO  ratis.XceiverServerRatis (XceiverServerRatis.java:getRealPort(586)) - XceiverServerRatis(fc0351b7-0c71-4a2a-a0ca-337e5c0b1c14) is started using port RATIS_DATASTREAM=15042
2025-10-07 20:51:59,567 [fc0351b7-0c71-4a2a-a0ca-337e5c0b1c14-EndpointStateMachineTaskThread-/0.0.0.0:15004-0 ] INFO  utils.BackgroundService (BackgroundService.java:start(119)) - Starting service BlockDeletingService with interval 60000 milliseconds
2025-10-07 20:51:59,567 [fc0351b7-0c71-4a2a-a0ca-337e5c0b1c14-EndpointStateMachineTaskThread-/0.0.0.0:15004-0 ] INFO  utils.BackgroundService (BackgroundService.java:start(119)) - Starting service StaleRecoveringContainerScrubbingService with interval 60000 milliseconds
2025-10-07 20:51:59,730 [IPC Server handler 5 on default port 15004] INFO  net.NetworkTopologyImpl (NetworkTopologyImpl.java:add(133)) - Added a new node: /default-rack/7d2db622-5327-4122-ba03-be97b5575303
2025-10-07 20:51:59,730 [IPC Server handler 0 on default port 15001] INFO  net.NetworkTopologyImpl (NetworkTopologyImpl.java:add(133)) - Added a new node: /default-rack/7d2db622-5327-4122-ba03-be97b5575303
2025-10-07 20:51:59,730 [IPC Server handler 5 on default port 15004] INFO  node.SCMNodeManager (SCMNodeManager.java:register(423)) - Registered datanode: 7d2db622-5327-4122-ba03-be97b5575303{ip: 127.0.0.1, host: localhost, ports: [HTTP=15028, CLIENT_RPC=15029, REPLICATION=15035, RATIS=15031, RATIS_ADMIN=15032, RATIS_SERVER=15033, RATIS_DATASTREAM=15034, STANDALONE=15030], networkLocation: /default-rack, certSerialId: null, persistedOpState: null, persistedOpStateExpiryEpochSec: 0}
2025-10-07 20:51:59,730 [IPC Server handler 0 on default port 15001] INFO  node.SCMNodeManager (SCMNodeManager.java:register(423)) - Registered datanode: 7d2db622-5327-4122-ba03-be97b5575303{ip: 127.0.0.1, host: localhost, ports: [HTTP=15028, CLIENT_RPC=15029, REPLICATION=15035, RATIS=15031, RATIS_ADMIN=15032, RATIS_SERVER=15033, RATIS_DATASTREAM=15034, STANDALONE=15030], networkLocation: /default-rack, certSerialId: null, persistedOpState: null, persistedOpStateExpiryEpochSec: 0}
2025-10-07 20:51:59,731 [EventQueue-NodeRegistrationContainerReportForDataNodeSafeModeRule] INFO  safemode.SCMSafeModeManager (DataNodeSafeModeRule.java:process(80)) - SCM in safe mode. 3 DataNodes registered, 3 required.
2025-10-07 20:51:59,731 [EventQueue-NodeRegistrationContainerReportForDataNodeSafeModeRule] INFO  safemode.SCMSafeModeManager (SCMSafeModeManager.java:validateSafeModeExitRules(138)) - DataNodeSafeModeRule rule is successfully validated
2025-10-07 20:51:59,731 [Recon-EventQueue-NewNodeForReconNewNodeHandler] INFO  scm.ReconNodeManager (ReconNodeManager.java:addNodeToDB(143)) - Added a new node to db: 7d2db622-5327-4122-ba03-be97b5575303(localhost/127.0.0.1)
2025-10-07 20:51:59,731 [IPC Server handler 0 on default port 15001] INFO  recon.ReconContext (ReconContext.java:updateHealthStatus(76)) - Update healthStatus of Recon from true to true.
2025-10-07 20:51:59,731 [FixedThreadPoolWithAffinityExecutor-0-0] WARN  events.FixedThreadPoolWithAffinityExecutor (FixedThreadPoolWithAffinityExecutor.java:run(251)) - Event remained in queue for long time 2 millisec, 7d2db622-5327-4122-ba03-be97b5575303(localhost/127.0.0.1), {type: FCR, size: 0}
2025-10-07 20:51:59,731 [EventQueue-NodeRegistrationContainerReportForDataNodeSafeModeRule] INFO  safemode.SCMSafeModeManager (SCMSafeModeManager.java:validateSafeModeExitRules(151)) - All SCM safe mode pre check rules have passed
2025-10-07 20:51:59,731 [EventQueue-NodeRegistrationContainerReportForDataNodeSafeModeRule] INFO  ha.SCMContext (SCMContext.java:updateSafeModeStatus(224)) - Update SafeModeStatus from SafeModeStatus{safeModeStatus=true, preCheckPassed=false} to SafeModeStatus{safeModeStatus=true, preCheckPassed=true}.
2025-10-07 20:51:59,731 [EventQueue-NewNodeForNewNodeHandler] INFO  pipeline.BackgroundPipelineCreator (BackgroundPipelineCreator.java:notifyEventTriggered(290)) - trigger a one-shot run on RatisPipelineUtilsThread.
2025-10-07 20:51:59,732 [FixedThreadPoolWithAffinityExecutor-0-0] WARN  events.FixedThreadPoolWithAffinityExecutor (FixedThreadPoolWithAffinityExecutor.java:run(264)) - Event taken long execution time 2 millisec, 7d2db622-5327-4122-ba03-be97b5575303(localhost/127.0.0.1), {type: FCR, size: 0}
2025-10-07 20:51:59,732 [EventQueue-NodeRegistrationContainerReportForDataNodeSafeModeRule] INFO  pipeline.BackgroundPipelineCreator (BackgroundPipelineCreator.java:notifyEventTriggered(290)) - trigger a one-shot run on RatisPipelineUtilsThread.
2025-10-07 20:51:59,732 [RatisPipelineUtilsThread-0] INFO  pipeline.RatisPipelineProvider (RatisPipelineProvider.java:lambda$create$0(208)) - Sending CreatePipelineCommand for pipeline:Pipeline-8831db63-0960-497d-8895-79d92d5c683f to datanode:7d2db622-5327-4122-ba03-be97b5575303(localhost/127.0.0.1)
2025-10-07 20:51:59,733 [EventQueue-ContainerRegistrationReportForRatisContainerSafeModeRule] INFO  safemode.SCMSafeModeManager (SCMSafeModeManager.java:validateSafeModeExitRules(138)) - RatisContainerSafeModeRule rule is successfully validated
2025-10-07 20:51:59,733 [EventQueue-ContainerRegistrationReportForECContainerSafeModeRule] INFO  safemode.SCMSafeModeManager (SCMSafeModeManager.java:validateSafeModeExitRules(138)) - ECContainerSafeModeRule rule is successfully validated
2025-10-07 20:51:59,733 [EventQueue-PipelineReportForOneReplicaPipelineSafeModeRule] INFO  safemode.SCMSafeModeManager (SCMSafeModeManager.java:validateSafeModeExitRules(138)) - AtleastOneDatanodeReportedRule rule is successfully validated
2025-10-07 20:51:59,735 [04372c61-9371-4ab6-9533-e94413dada7c@group-A668C086C089-StateMachineUpdater] INFO  safemode.SCMSafeModeManager (SCMSafeModeManager.java:validateSafeModeExitRules(138)) - DataNodeSafeModeRule rule is successfully validated
2025-10-07 20:51:59,735 [04372c61-9371-4ab6-9533-e94413dada7c@group-A668C086C089-StateMachineUpdater] INFO  safemode.SCMSafeModeManager (SCMSafeModeManager.java:validateSafeModeExitRules(138)) - RatisContainerSafeModeRule rule is successfully validated
2025-10-07 20:51:59,735 [04372c61-9371-4ab6-9533-e94413dada7c@group-A668C086C089-StateMachineUpdater] INFO  safemode.HealthyPipelineSafeModeRule (HealthyPipelineSafeModeRule.java:initializeRule(228)) - Refreshed total pipeline count is 0, healthy pipeline threshold count is 1
2025-10-07 20:51:59,736 [04372c61-9371-4ab6-9533-e94413dada7c@group-A668C086C089-StateMachineUpdater] INFO  safemode.SCMSafeModeManager (SCMSafeModeManager.java:validateSafeModeExitRules(138)) - ECContainerSafeModeRule rule is successfully validated
2025-10-07 20:51:59,736 [04372c61-9371-4ab6-9533-e94413dada7c@group-A668C086C089-StateMachineUpdater] INFO  safemode.SCMSafeModeManager (SCMSafeModeManager.java:validateSafeModeExitRules(138)) - AtleastOneDatanodeReportedRule rule is successfully validated
2025-10-07 20:51:59,736 [RatisPipelineUtilsThread-0] INFO  pipeline.BackgroundPipelineCreator (BackgroundPipelineCreator.java:createPipelines(246)) - Created new pipeline Pipeline{ Id: 8831db63-0960-497d-8895-79d92d5c683f, Nodes: [ {7d2db622-5327-4122-ba03-be97b5575303(localhost/127.0.0.1), ReplicaIndex: 0},], ReplicationConfig: RATIS/ONE, State:ALLOCATED, leaderId:, CreationTimestamp2025-10-07T20:51:59.732860476Z[Etc/UTC]}
2025-10-07 20:51:59,740 [RatisPipelineUtilsThread-0] INFO  pipeline.RatisPipelineProvider (RatisPipelineProvider.java:lambda$create$0(208)) - Sending CreatePipelineCommand for pipeline:Pipeline-3c759d96-e2b8-41d5-92c0-1df5c6b9164d to datanode:fa7382a0-3089-4eb6-af6f-f8f16393fa81(localhost/127.0.0.1)
2025-10-07 20:51:59,740 [RatisPipelineUtilsThread-0] INFO  pipeline.RatisPipelineProvider (RatisPipelineProvider.java:lambda$create$0(208)) - Sending CreatePipelineCommand for pipeline:Pipeline-3c759d96-e2b8-41d5-92c0-1df5c6b9164d to datanode:7d2db622-5327-4122-ba03-be97b5575303(localhost/127.0.0.1)
2025-10-07 20:51:59,740 [RatisPipelineUtilsThread-0] INFO  pipeline.RatisPipelineProvider (RatisPipelineProvider.java:lambda$create$0(208)) - Sending CreatePipelineCommand for pipeline:Pipeline-3c759d96-e2b8-41d5-92c0-1df5c6b9164d to datanode:c11f8a16-55ee-4f22-a5a5-7daf2dffa753(localhost/127.0.0.1)
2025-10-07 20:51:59,743 [04372c61-9371-4ab6-9533-e94413dada7c@group-A668C086C089-StateMachineUpdater] INFO  safemode.SCMSafeModeManager (SCMSafeModeManager.java:validateSafeModeExitRules(138)) - DataNodeSafeModeRule rule is successfully validated
2025-10-07 20:51:59,743 [04372c61-9371-4ab6-9533-e94413dada7c@group-A668C086C089-StateMachineUpdater] INFO  safemode.SCMSafeModeManager (SCMSafeModeManager.java:validateSafeModeExitRules(138)) - RatisContainerSafeModeRule rule is successfully validated
2025-10-07 20:51:59,743 [04372c61-9371-4ab6-9533-e94413dada7c@group-A668C086C089-StateMachineUpdater] INFO  safemode.HealthyPipelineSafeModeRule (HealthyPipelineSafeModeRule.java:initializeRule(228)) - Refreshed total pipeline count is 0, healthy pipeline threshold count is 1
2025-10-07 20:51:59,743 [04372c61-9371-4ab6-9533-e94413dada7c@group-A668C086C089-StateMachineUpdater] INFO  safemode.SCMSafeModeManager (SCMSafeModeManager.java:validateSafeModeExitRules(138)) - ECContainerSafeModeRule rule is successfully validated
2025-10-07 20:51:59,743 [04372c61-9371-4ab6-9533-e94413dada7c@group-A668C086C089-StateMachineUpdater] INFO  safemode.SCMSafeModeManager (SCMSafeModeManager.java:validateSafeModeExitRules(138)) - AtleastOneDatanodeReportedRule rule is successfully validated
2025-10-07 20:51:59,743 [RatisPipelineUtilsThread-0] INFO  pipeline.BackgroundPipelineCreator (BackgroundPipelineCreator.java:createPipelines(246)) - Created new pipeline Pipeline{ Id: 3c759d96-e2b8-41d5-92c0-1df5c6b9164d, Nodes: [ {fa7382a0-3089-4eb6-af6f-f8f16393fa81(localhost/127.0.0.1), ReplicaIndex: 0}, {7d2db622-5327-4122-ba03-be97b5575303(localhost/127.0.0.1), ReplicaIndex: 0}, {c11f8a16-55ee-4f22-a5a5-7daf2dffa753(localhost/127.0.0.1), ReplicaIndex: 0},], ReplicationConfig: RATIS/THREE, State:ALLOCATED, leaderId:, CreationTimestamp2025-10-07T20:51:59.740290831Z[Etc/UTC]}
2025-10-07 20:51:59,763 [ContainerHealthTask] INFO  fsck.ContainerHealthTask (ContainerHealthTask.java:checkAndProcessContainers(194)) - Container Health task thread took 0 iterations to fetch all containers using batched approach with batch size of 1000
2025-10-07 20:51:59,770 [IPC Server handler 1 on default port 15001] INFO  scm.ReconNodeManager (ReconNodeManager.java:processHeartbeat(184)) - Sending ReregisterCommand() for fa7382a0-3089-4eb6-af6f-f8f16393fa81(localhost/127.0.0.1)
2025-10-07 20:51:59,847 [74afb32b-8e70-4799-b16c-dc9602d9dbb6-EndpointStateMachineTaskThread-/0.0.0.0:15004-0 ] INFO  utils.DatanodeStoreCache (DatanodeStoreCache.java:addDB(70)) - Added db /home/runner/work/ozone/ozone/hadoop-ozone/integration-test-recon/target/test-dir/MiniOzoneClusterImpl-b15909b8-03a8-4b15-aaa3-a668c086c089/ozone-metadata/datanode-5/data-0/hdds/b15909b8-03a8-4b15-aaa3-a668c086c089/DS-4f6834e9-6914-4422-8f40-997bda0cbef8/container.db to cache
2025-10-07 20:51:59,847 [74afb32b-8e70-4799-b16c-dc9602d9dbb6-EndpointStateMachineTaskThread-/0.0.0.0:15004-0 ] INFO  volume.HddsVolume (HddsVolume.java:createDbStore(576)) - SchemaV3 db is created and loaded at /home/runner/work/ozone/ozone/hadoop-ozone/integration-test-recon/target/test-dir/MiniOzoneClusterImpl-b15909b8-03a8-4b15-aaa3-a668c086c089/ozone-metadata/datanode-5/data-0/hdds/b15909b8-03a8-4b15-aaa3-a668c086c089/DS-4f6834e9-6914-4422-8f40-997bda0cbef8/container.db for volume DS-4f6834e9-6914-4422-8f40-997bda0cbef8
2025-10-07 20:51:59,849 [74afb32b-8e70-4799-b16c-dc9602d9dbb6-ContainerReader-0] INFO  ozoneimpl.ContainerReader (ContainerReader.java:readVolume(147)) - Start to verify containers on volume /home/runner/work/ozone/ozone/hadoop-ozone/integration-test-recon/target/test-dir/MiniOzoneClusterImpl-b15909b8-03a8-4b15-aaa3-a668c086c089/ozone-metadata/datanode-5/data-0/hdds
2025-10-07 20:51:59,849 [74afb32b-8e70-4799-b16c-dc9602d9dbb6-ContainerReader-0] INFO  ozoneimpl.ContainerReader (ContainerReader.java:readVolume(177)) - Finish verifying containers on volume /home/runner/work/ozone/ozone/hadoop-ozone/integration-test-recon/target/test-dir/MiniOzoneClusterImpl-b15909b8-03a8-4b15-aaa3-a668c086c089/ozone-metadata/datanode-5/data-0/hdds
2025-10-07 20:51:59,850 [74afb32b-8e70-4799-b16c-dc9602d9dbb6-EndpointStateMachineTaskThread-/0.0.0.0:15004-0 ] INFO  ozoneimpl.OzoneContainer (OzoneContainer.java:buildContainerSet(370)) - Build ContainerSet costs 0s
2025-10-07 20:51:59,850 [74afb32b-8e70-4799-b16c-dc9602d9dbb6-EndpointStateMachineTaskThread-/0.0.0.0:15004-0 ] INFO  volume.ThrottledAsyncChecker (ThrottledAsyncChecker.java:schedule(138)) - Scheduling a check for /home/runner/work/ozone/ozone/hadoop-ozone/integration-test-recon/target/test-dir/MiniOzoneClusterImpl-b15909b8-03a8-4b15-aaa3-a668c086c089/ozone-metadata/datanode-5/data-0/hdds
2025-10-07 20:51:59,850 [74afb32b-8e70-4799-b16c-dc9602d9dbb6-DataNodeDiskCheckerThread-0] WARN  volume.VolumeUsage (VolumeUsage.java:isReservedUsagesInRange(245)) - Reserved usages 57821130752 is higher than actual allocated reserved space 7688716.
2025-10-07 20:51:59,850 [74afb32b-8e70-4799-b16c-dc9602d9dbb6-DataNodeDiskCheckerThread-0] WARN  volume.HddsVolume (HddsVolume.java:checkVolumeUsages(375)) - Volume /home/runner/work/ozone/ozone/hadoop-ozone/integration-test-recon/target/test-dir/MiniOzoneClusterImpl-b15909b8-03a8-4b15-aaa3-a668c086c089/ozone-metadata/datanode-5/data-0/hdds reserved usages is higher than actual allocated reserved space.
2025-10-07 20:51:59,851 [74afb32b-8e70-4799-b16c-dc9602d9dbb6-EndpointStateMachineTaskThread-/0.0.0.0:15004-0 ] INFO  volume.StorageVolumeChecker (StorageVolumeChecker.java:checkAllVolumes(231)) - Scheduled health check for volume /home/runner/work/ozone/ozone/hadoop-ozone/integration-test-recon/target/test-dir/MiniOzoneClusterImpl-b15909b8-03a8-4b15-aaa3-a668c086c089/ozone-metadata/datanode-5/data-0/hdds
2025-10-07 20:51:59,855 [74afb32b-8e70-4799-b16c-dc9602d9dbb6-EndpointStateMachineTaskThread-/0.0.0.0:15004-0 ] INFO  volume.ThrottledAsyncChecker (ThrottledAsyncChecker.java:schedule(138)) - Scheduling a check for /home/runner/work/ozone/ozone/hadoop-ozone/integration-test-recon/target/test-dir/MiniOzoneClusterImpl-b15909b8-03a8-4b15-aaa3-a668c086c089/ozone-metadata/datanode-5/ratis
2025-10-07 20:51:59,855 [74afb32b-8e70-4799-b16c-dc9602d9dbb6-EndpointStateMachineTaskThread-/0.0.0.0:15004-0 ] INFO  volume.StorageVolumeChecker (StorageVolumeChecker.java:checkAllVolumes(231)) - Scheduled health check for volume /home/runner/work/ozone/ozone/hadoop-ozone/integration-test-recon/target/test-dir/MiniOzoneClusterImpl-b15909b8-03a8-4b15-aaa3-a668c086c089/ozone-metadata/datanode-5/ratis
2025-10-07 20:51:59,856 [74afb32b-8e70-4799-b16c-dc9602d9dbb6-EndpointStateMachineTaskThread-/0.0.0.0:15004-0 ] INFO  ozoneimpl.OzoneContainer (OzoneContainer.java:start(525)) - Attempting to start container services.
2025-10-07 20:51:59,857 [ContainerMetadataScanner] INFO  ozoneimpl.AbstractBackgroundContainerScanner (AbstractBackgroundContainerScanner.java:runIteration(89)) - Completed an iteration in 0 minutes. Number of iterations (since the data-node restart) : 1, Number of containers scanned in this iteration : 0, Number of unhealthy containers found in this iteration : 0
2025-10-07 20:51:59,859 [ContainerDataScanner(/home/runner/work/ozone/ozone/hadoop-ozone/integration-test-recon/target/test-dir/MiniOzoneClusterImpl-b15909b8-03a8-4b15-aaa3-a668c086c089/ozone-metadata/datanode-5/data-0/hdds)] INFO  ozoneimpl.AbstractBackgroundContainerScanner (AbstractBackgroundContainerScanner.java:runIteration(89)) - Completed an iteration in 0 minutes. Number of iterations (since the data-node restart) : 1, Number of containers scanned in this iteration : 0, Number of unhealthy containers found in this iteration : 0
2025-10-07 20:51:59,861 [74afb32b-8e70-4799-b16c-dc9602d9dbb6-EndpointStateMachineTaskThread-/0.0.0.0:15004-0 ] INFO  replication.ReplicationServer (ReplicationServer.java:start(137)) - ReplicationServer is started using port 15051
2025-10-07 20:51:59,861 [74afb32b-8e70-4799-b16c-dc9602d9dbb6-EndpointStateMachineTaskThread-/0.0.0.0:15004-0 ] INFO  ratis.XceiverServerRatis (XceiverServerRatis.java:start(559)) - Starting XceiverServerRatis(74afb32b-8e70-4799-b16c-dc9602d9dbb6)
2025-10-07 20:51:59,863 [DiskUsage-/home/runner/work/ozone/ozone/hadoop-ozone/integration-test-recon/target/test-dir/MiniOzoneClusterImpl-b15909b8-03a8-4b15-aaa3-a668c086c089/ozone-metadata/datanode-5/data-0-
] INFO  fs.DUOptimized (DUOptimized.java:getUsedSpace(49)) - Disk metaPath du usages 4382720, container data usages 0
2025-10-07 20:51:59,863 [DiskUsage-/home/runner/work/ozone/ozone/hadoop-ozone/integration-test-recon/target/test-dir/MiniOzoneClusterImpl-b15909b8-03a8-4b15-aaa3-a668c086c089/ozone-metadata/datanode-5/ratis-
] INFO  fs.DUOptimized (DUOptimized.java:getUsedSpace(49)) - Disk metaPath du usages 12288, container data usages 0
2025-10-07 20:51:59,863 [74afb32b-8e70-4799-b16c-dc9602d9dbb6-EndpointStateMachineTaskThread-/0.0.0.0:15004-0 ] INFO  server.RaftServer (RaftServerProxy.java:startImpl(412)) - 74afb32b-8e70-4799-b16c-dc9602d9dbb6: start RPC server
2025-10-07 20:51:59,864 [74afb32b-8e70-4799-b16c-dc9602d9dbb6-EndpointStateMachineTaskThread-/0.0.0.0:15004-0 ] INFO  server.GrpcServicesImpl (GrpcServicesImpl.java:startImpl(346)) - 74afb32b-8e70-4799-b16c-dc9602d9dbb6: GrpcServicesImpl started, listening on 15047
2025-10-07 20:51:59,864 [74afb32b-8e70-4799-b16c-dc9602d9dbb6-EndpointStateMachineTaskThread-/0.0.0.0:15004-0 ] INFO  server.GrpcServicesImpl (GrpcServicesImpl.java:startImpl(346)) - 74afb32b-8e70-4799-b16c-dc9602d9dbb6: GrpcServicesImpl started, listening on 15049
2025-10-07 20:51:59,865 [74afb32b-8e70-4799-b16c-dc9602d9dbb6-EndpointStateMachineTaskThread-/0.0.0.0:15004-0 ] INFO  server.GrpcServicesImpl (GrpcServicesImpl.java:startImpl(346)) - 74afb32b-8e70-4799-b16c-dc9602d9dbb6: GrpcServicesImpl started, listening on 15048
2025-10-07 20:51:59,865 [74afb32b-8e70-4799-b16c-dc9602d9dbb6-EndpointStateMachineTaskThread-/0.0.0.0:15004-0 ] INFO  ratis.XceiverServerRatis (XceiverServerRatis.java:getRealPort(586)) - XceiverServerRatis(74afb32b-8e70-4799-b16c-dc9602d9dbb6) is started using port RATIS=15047
2025-10-07 20:51:59,865 [74afb32b-8e70-4799-b16c-dc9602d9dbb6-EndpointStateMachineTaskThread-/0.0.0.0:15004-0 ] INFO  ratis.XceiverServerRatis (XceiverServerRatis.java:getRealPort(586)) - XceiverServerRatis(74afb32b-8e70-4799-b16c-dc9602d9dbb6) is started using port RATIS_ADMIN=15048
2025-10-07 20:51:59,865 [74afb32b-8e70-4799-b16c-dc9602d9dbb6-EndpointStateMachineTaskThread-/0.0.0.0:15004-0 ] INFO  ratis.XceiverServerRatis (XceiverServerRatis.java:getRealPort(586)) - XceiverServerRatis(74afb32b-8e70-4799-b16c-dc9602d9dbb6) is started using port RATIS_SERVER=15049
2025-10-07 20:51:59,865 [74afb32b-8e70-4799-b16c-dc9602d9dbb6-EndpointStateMachineTaskThread-/0.0.0.0:15004-0 ] INFO  ratis.XceiverServerRatis (XceiverServerRatis.java:getRealPort(586)) - XceiverServerRatis(74afb32b-8e70-4799-b16c-dc9602d9dbb6) is started using port RATIS_DATASTREAM=15050
2025-10-07 20:51:59,865 [JvmPauseMonitor8] INFO  util.JvmPauseMonitor (JvmPauseMonitor.java:run(146)) - JvmPauseMonitor-74afb32b-8e70-4799-b16c-dc9602d9dbb6: Started
2025-10-07 20:51:59,867 [74afb32b-8e70-4799-b16c-dc9602d9dbb6-EndpointStateMachineTaskThread-/0.0.0.0:15004-0 ] INFO  utils.BackgroundService (BackgroundService.java:start(119)) - Starting service BlockDeletingService with interval 60000 milliseconds
2025-10-07 20:51:59,867 [74afb32b-8e70-4799-b16c-dc9602d9dbb6-EndpointStateMachineTaskThread-/0.0.0.0:15004-0 ] INFO  utils.BackgroundService (BackgroundService.java:start(119)) - Starting service StaleRecoveringContainerScrubbingService with interval 60000 milliseconds
2025-10-07 20:51:59,998 [IPC Server handler 3 on default port 15001] INFO  scm.ReconNodeManager (ReconNodeManager.java:processHeartbeat(184)) - Sending ReregisterCommand() for c11f8a16-55ee-4f22-a5a5-7daf2dffa753(localhost/127.0.0.1)
2025-10-07 20:52:00,021 [IPC Server handler 8 on default port 15004] INFO  net.NetworkTopologyImpl (NetworkTopologyImpl.java:add(133)) - Added a new node: /default-rack/fc0351b7-0c71-4a2a-a0ca-337e5c0b1c14
2025-10-07 20:52:00,021 [IPC Server handler 4 on default port 15001] INFO  net.NetworkTopologyImpl (NetworkTopologyImpl.java:add(133)) - Added a new node: /default-rack/fc0351b7-0c71-4a2a-a0ca-337e5c0b1c14
2025-10-07 20:52:00,021 [IPC Server handler 8 on default port 15004] INFO  node.SCMNodeManager (SCMNodeManager.java:register(423)) - Registered datanode: fc0351b7-0c71-4a2a-a0ca-337e5c0b1c14{ip: 127.0.0.1, host: localhost, ports: [HTTP=15036, CLIENT_RPC=15037, REPLICATION=15043, RATIS=15039, RATIS_ADMIN=15040, RATIS_SERVER=15041, RATIS_DATASTREAM=15042, STANDALONE=15038], networkLocation: /default-rack, certSerialId: null, persistedOpState: null, persistedOpStateExpiryEpochSec: 0}
2025-10-07 20:52:00,021 [IPC Server handler 4 on default port 15001] INFO  node.SCMNodeManager (SCMNodeManager.java:register(423)) - Registered datanode: fc0351b7-0c71-4a2a-a0ca-337e5c0b1c14{ip: 127.0.0.1, host: localhost, ports: [HTTP=15036, CLIENT_RPC=15037, REPLICATION=15043, RATIS=15039, RATIS_ADMIN=15040, RATIS_SERVER=15041, RATIS_DATASTREAM=15042, STANDALONE=15038], networkLocation: /default-rack, certSerialId: null, persistedOpState: null, persistedOpStateExpiryEpochSec: 0}
2025-10-07 20:52:00,022 [IPC Server handler 4 on default port 15001] INFO  recon.ReconContext (ReconContext.java:updateHealthStatus(76)) - Update healthStatus of Recon from true to true.
2025-10-07 20:52:00,022 [EventQueue-NewNodeForNewNodeHandler] INFO  pipeline.BackgroundPipelineCreator (BackgroundPipelineCreator.java:notifyEventTriggered(290)) - trigger a one-shot run on RatisPipelineUtilsThread.
2025-10-07 20:52:00,022 [EventQueue-ContainerRegistrationReportForECContainerSafeModeRule] INFO  safemode.SCMSafeModeManager (SCMSafeModeManager.java:validateSafeModeExitRules(138)) - ECContainerSafeModeRule rule is successfully validated
2025-10-07 20:52:00,022 [EventQueue-NodeRegistrationContainerReportForDataNodeSafeModeRule] INFO  safemode.SCMSafeModeManager (SCMSafeModeManager.java:validateSafeModeExitRules(138)) - DataNodeSafeModeRule rule is successfully validated
2025-10-07 20:52:00,022 [EventQueue-PipelineReportForOneReplicaPipelineSafeModeRule] INFO  safemode.SCMSafeModeManager (SCMSafeModeManager.java:validateSafeModeExitRules(138)) - AtleastOneDatanodeReportedRule rule is successfully validated
2025-10-07 20:52:00,022 [Recon-EventQueue-NewNodeForReconNewNodeHandler] INFO  scm.ReconNodeManager (ReconNodeManager.java:addNodeToDB(143)) - Added a new node to db: fc0351b7-0c71-4a2a-a0ca-337e5c0b1c14(localhost/127.0.0.1)
2025-10-07 20:52:00,022 [EventQueue-ContainerRegistrationReportForRatisContainerSafeModeRule] INFO  safemode.SCMSafeModeManager (SCMSafeModeManager.java:validateSafeModeExitRules(138)) - RatisContainerSafeModeRule rule is successfully validated
2025-10-07 20:52:00,023 [RatisPipelineUtilsThread-0] INFO  pipeline.RatisPipelineProvider (RatisPipelineProvider.java:lambda$create$0(208)) - Sending CreatePipelineCommand for pipeline:Pipeline-a10c2c7a-ee93-46bd-b348-b7ef3c0abf3a to datanode:fc0351b7-0c71-4a2a-a0ca-337e5c0b1c14(localhost/127.0.0.1)
2025-10-07 20:52:00,026 [04372c61-9371-4ab6-9533-e94413dada7c@group-A668C086C089-StateMachineUpdater] INFO  safemode.SCMSafeModeManager (SCMSafeModeManager.java:validateSafeModeExitRules(138)) - DataNodeSafeModeRule rule is successfully validated
2025-10-07 20:52:00,026 [04372c61-9371-4ab6-9533-e94413dada7c@group-A668C086C089-StateMachineUpdater] INFO  safemode.SCMSafeModeManager (SCMSafeModeManager.java:validateSafeModeExitRules(138)) - RatisContainerSafeModeRule rule is successfully validated
2025-10-07 20:52:00,026 [04372c61-9371-4ab6-9533-e94413dada7c@group-A668C086C089-StateMachineUpdater] INFO  safemode.HealthyPipelineSafeModeRule (HealthyPipelineSafeModeRule.java:initializeRule(228)) - Refreshed total pipeline count is 0, healthy pipeline threshold count is 1
2025-10-07 20:52:00,026 [04372c61-9371-4ab6-9533-e94413dada7c@group-A668C086C089-StateMachineUpdater] INFO  safemode.SCMSafeModeManager (SCMSafeModeManager.java:validateSafeModeExitRules(138)) - ECContainerSafeModeRule rule is successfully validated
2025-10-07 20:52:00,026 [04372c61-9371-4ab6-9533-e94413dada7c@group-A668C086C089-StateMachineUpdater] INFO  safemode.SCMSafeModeManager (SCMSafeModeManager.java:validateSafeModeExitRules(138)) - AtleastOneDatanodeReportedRule rule is successfully validated
2025-10-07 20:52:00,027 [RatisPipelineUtilsThread-0] INFO  pipeline.BackgroundPipelineCreator (BackgroundPipelineCreator.java:createPipelines(246)) - Created new pipeline Pipeline{ Id: a10c2c7a-ee93-46bd-b348-b7ef3c0abf3a, Nodes: [ {fc0351b7-0c71-4a2a-a0ca-337e5c0b1c14(localhost/127.0.0.1), ReplicaIndex: 0},], ReplicationConfig: RATIS/ONE, State:ALLOCATED, leaderId:, CreationTimestamp2025-10-07T20:52:00.023800788Z[Etc/UTC]}
2025-10-07 20:52:00,231 [IPC Server handler 5 on default port 15001] INFO  scm.ReconNodeManager (ReconNodeManager.java:processHeartbeat(184)) - Sending ReregisterCommand() for 7d2db622-5327-4122-ba03-be97b5575303(localhost/127.0.0.1)
2025-10-07 20:52:00,231 [EventQueue-PipelineReportForOneReplicaPipelineSafeModeRule] INFO  safemode.SCMSafeModeManager (SCMSafeModeManager.java:validateSafeModeExitRules(138)) - AtleastOneDatanodeReportedRule rule is successfully validated
2025-10-07 20:52:00,294 [ForkJoinPool-1-worker-1] INFO  ozone.MiniOzoneClusterImpl (MiniOzoneClusterImpl.java:lambda$waitForClusterToBeReady$0(181)) - Waiting for nodes to be ready. Got 4 of 5 DN Heartbeats.
2025-10-07 20:52:00,294 [ForkJoinPool-1-worker-1] INFO  ozone.MiniOzoneClusterImpl (MiniOzoneClusterImpl.java:lambda$waitForClusterToBeReady$0(184)) - Waiting for cluster to exit safe mode
2025-10-07 20:52:00,294 [ForkJoinPool-1-worker-1] INFO  ozone.MiniOzoneClusterImpl (MiniOzoneClusterImpl.java:lambda$waitForClusterToBeReady$0(186)) - SCM became leader
2025-10-07 20:52:00,306 [IPC Server handler 7 on default port 15004] INFO  net.NetworkTopologyImpl (NetworkTopologyImpl.java:add(133)) - Added a new node: /default-rack/74afb32b-8e70-4799-b16c-dc9602d9dbb6
2025-10-07 20:52:00,306 [IPC Server handler 7 on default port 15004] INFO  node.SCMNodeManager (SCMNodeManager.java:register(423)) - Registered datanode: 74afb32b-8e70-4799-b16c-dc9602d9dbb6{ip: 127.0.0.1, host: localhost, ports: [HTTP=15044, CLIENT_RPC=15045, REPLICATION=15051, RATIS=15047, RATIS_ADMIN=15048, RATIS_SERVER=15049, RATIS_DATASTREAM=15050, STANDALONE=15046], networkLocation: /default-rack, certSerialId: null, persistedOpState: null, persistedOpStateExpiryEpochSec: 0}
2025-10-07 20:52:00,306 [IPC Server handler 6 on default port 15001] INFO  net.NetworkTopologyImpl (NetworkTopologyImpl.java:add(133)) - Added a new node: /default-rack/74afb32b-8e70-4799-b16c-dc9602d9dbb6
2025-10-07 20:52:00,307 [IPC Server handler 6 on default port 15001] INFO  node.SCMNodeManager (SCMNodeManager.java:register(423)) - Registered datanode: 74afb32b-8e70-4799-b16c-dc9602d9dbb6{ip: 127.0.0.1, host: localhost, ports: [HTTP=15044, CLIENT_RPC=15045, REPLICATION=15051, RATIS=15047, RATIS_ADMIN=15048, RATIS_SERVER=15049, RATIS_DATASTREAM=15050, STANDALONE=15046], networkLocation: /default-rack, certSerialId: null, persistedOpState: null, persistedOpStateExpiryEpochSec: 0}
2025-10-07 20:52:00,307 [EventQueue-ContainerRegistrationReportForECContainerSafeModeRule] INFO  safemode.SCMSafeModeManager (SCMSafeModeManager.java:validateSafeModeExitRules(138)) - ECContainerSafeModeRule rule is successfully validated
2025-10-07 20:52:00,307 [EventQueue-NodeRegistrationContainerReportForDataNodeSafeModeRule] INFO  safemode.SCMSafeModeManager (SCMSafeModeManager.java:validateSafeModeExitRules(138)) - DataNodeSafeModeRule rule is successfully validated
2025-10-07 20:52:00,307 [EventQueue-PipelineReportForOneReplicaPipelineSafeModeRule] INFO  safemode.SCMSafeModeManager (SCMSafeModeManager.java:validateSafeModeExitRules(138)) - AtleastOneDatanodeReportedRule rule is successfully validated
2025-10-07 20:52:00,307 [EventQueue-ContainerRegistrationReportForRatisContainerSafeModeRule] INFO  safemode.SCMSafeModeManager (SCMSafeModeManager.java:validateSafeModeExitRules(138)) - RatisContainerSafeModeRule rule is successfully validated
2025-10-07 20:52:00,307 [EventQueue-NewNodeForNewNodeHandler] INFO  pipeline.BackgroundPipelineCreator (BackgroundPipelineCreator.java:notifyEventTriggered(290)) - trigger a one-shot run on RatisPipelineUtilsThread.
2025-10-07 20:52:00,307 [IPC Server handler 6 on default port 15001] INFO  recon.ReconContext (ReconContext.java:updateHealthStatus(76)) - Update healthStatus of Recon from true to true.
2025-10-07 20:52:00,308 [Recon-EventQueue-NewNodeForReconNewNodeHandler] INFO  scm.ReconNodeManager (ReconNodeManager.java:addNodeToDB(143)) - Added a new node to db: 74afb32b-8e70-4799-b16c-dc9602d9dbb6(localhost/127.0.0.1)
2025-10-07 20:52:00,308 [RatisPipelineUtilsThread-0] INFO  pipeline.RatisPipelineProvider (RatisPipelineProvider.java:lambda$create$0(208)) - Sending CreatePipelineCommand for pipeline:Pipeline-ef5ef53a-d24e-41cb-9e76-f9e79ccfdb91 to datanode:74afb32b-8e70-4799-b16c-dc9602d9dbb6(localhost/127.0.0.1)
2025-10-07 20:52:00,311 [04372c61-9371-4ab6-9533-e94413dada7c@group-A668C086C089-StateMachineUpdater] INFO  safemode.SCMSafeModeManager (SCMSafeModeManager.java:validateSafeModeExitRules(138)) - DataNodeSafeModeRule rule is successfully validated
2025-10-07 20:52:00,311 [04372c61-9371-4ab6-9533-e94413dada7c@group-A668C086C089-StateMachineUpdater] INFO  safemode.SCMSafeModeManager (SCMSafeModeManager.java:validateSafeModeExitRules(138)) - RatisContainerSafeModeRule rule is successfully validated
2025-10-07 20:52:00,312 [04372c61-9371-4ab6-9533-e94413dada7c@group-A668C086C089-StateMachineUpdater] INFO  safemode.HealthyPipelineSafeModeRule (HealthyPipelineSafeModeRule.java:initializeRule(228)) - Refreshed total pipeline count is 0, healthy pipeline threshold count is 1
2025-10-07 20:52:00,312 [04372c61-9371-4ab6-9533-e94413dada7c@group-A668C086C089-StateMachineUpdater] INFO  safemode.SCMSafeModeManager (SCMSafeModeManager.java:validateSafeModeExitRules(138)) - ECContainerSafeModeRule rule is successfully validated
2025-10-07 20:52:00,312 [04372c61-9371-4ab6-9533-e94413dada7c@group-A668C086C089-StateMachineUpdater] INFO  safemode.SCMSafeModeManager (SCMSafeModeManager.java:validateSafeModeExitRules(138)) - AtleastOneDatanodeReportedRule rule is successfully validated
2025-10-07 20:52:00,312 [RatisPipelineUtilsThread-0] INFO  pipeline.BackgroundPipelineCreator (BackgroundPipelineCreator.java:createPipelines(246)) - Created new pipeline Pipeline{ Id: ef5ef53a-d24e-41cb-9e76-f9e79ccfdb91, Nodes: [ {74afb32b-8e70-4799-b16c-dc9602d9dbb6(localhost/127.0.0.1), ReplicaIndex: 0},], ReplicationConfig: RATIS/ONE, State:ALLOCATED, leaderId:, CreationTimestamp2025-10-07T20:52:00.308860038Z[Etc/UTC]}
2025-10-07 20:52:00,496 [ReplicationMonitor] INFO  replication.ReplicationManager (ReplicationManager.java:processAll(359)) - Replication Manager is not ready to run until 3000ms after safemode exit
2025-10-07 20:52:00,521 [IPC Server handler 7 on default port 15001] INFO  scm.ReconNodeManager (ReconNodeManager.java:processHeartbeat(184)) - Sending ReregisterCommand() for fc0351b7-0c71-4a2a-a0ca-337e5c0b1c14(localhost/127.0.0.1)
2025-10-07 20:52:00,521 [EventQueue-PipelineReportForOneReplicaPipelineSafeModeRule] INFO  safemode.SCMSafeModeManager (SCMSafeModeManager.java:validateSafeModeExitRules(138)) - AtleastOneDatanodeReportedRule rule is successfully validated
2025-10-07 20:52:00,752 [EventQueue-PipelineReportForOneReplicaPipelineSafeModeRule] INFO  safemode.SCMSafeModeManager (SCMSafeModeManager.java:validateSafeModeExitRules(138)) - AtleastOneDatanodeReportedRule rule is successfully validated
2025-10-07 20:52:00,772 [ContainerHealthTask] INFO  fsck.ContainerHealthTask (ContainerHealthTask.java:checkAndProcessContainers(194)) - Container Health task thread took 0 iterations to fetch all containers using batched approach with batch size of 1000
2025-10-07 20:52:00,806 [IPC Server handler 1 on default port 15001] INFO  scm.ReconNodeManager (ReconNodeManager.java:processHeartbeat(184)) - Sending ReregisterCommand() for 74afb32b-8e70-4799-b16c-dc9602d9dbb6(localhost/127.0.0.1)
2025-10-07 20:52:00,998 [EventQueue-PipelineReportForOneReplicaPipelineSafeModeRule] INFO  safemode.SCMSafeModeManager (SCMSafeModeManager.java:validateSafeModeExitRules(138)) - AtleastOneDatanodeReportedRule rule is successfully validated
2025-10-07 20:52:01,230 [EventQueue-PipelineReportForOneReplicaPipelineSafeModeRule] INFO  safemode.SCMSafeModeManager (SCMSafeModeManager.java:validateSafeModeExitRules(138)) - AtleastOneDatanodeReportedRule rule is successfully validated
2025-10-07 20:52:01,294 [ForkJoinPool-1-worker-1] INFO  ozone.MiniOzoneClusterImpl (MiniOzoneClusterImpl.java:lambda$waitForClusterToBeReady$0(181)) - Nodes are ready. Got 5 of 5 DN Heartbeats.
2025-10-07 20:52:01,294 [ForkJoinPool-1-worker-1] INFO  ozone.MiniOzoneClusterImpl (MiniOzoneClusterImpl.java:lambda$waitForClusterToBeReady$0(184)) - Waiting for cluster to exit safe mode
2025-10-07 20:52:01,294 [ForkJoinPool-1-worker-1] INFO  ozone.MiniOzoneClusterImpl (MiniOzoneClusterImpl.java:lambda$waitForClusterToBeReady$0(186)) - SCM became leader
2025-10-07 20:52:01,496 [ReplicationMonitor] INFO  replication.ReplicationManager (ReplicationManager.java:processAll(359)) - Replication Manager is not ready to run until 3000ms after safemode exit
2025-10-07 20:52:01,521 [EventQueue-PipelineReportForOneReplicaPipelineSafeModeRule] INFO  safemode.SCMSafeModeManager (SCMSafeModeManager.java:validateSafeModeExitRules(138)) - AtleastOneDatanodeReportedRule rule is successfully validated
2025-10-07 20:52:01,753 [IPC Server handler 1 on default port 15001] INFO  scm.ReconNodeManager (ReconNodeManager.java:register(219)) - Updated nodes db table for fa7382a0-3089-4eb6-af6f-f8f16393fa81(localhost/127.0.0.1)
2025-10-07 20:52:01,754 [IPC Server handler 1 on default port 15001] INFO  recon.ReconContext (ReconContext.java:updateHealthStatus(76)) - Update healthStatus of Recon from true to true.
2025-10-07 20:52:01,766 [fa7382a0-3089-4eb6-af6f-f8f16393fa81-CreatePipelineCommandHandlerThread-0] INFO  server.RaftServer (RaftServerProxy.java:addNew(105)) - fa7382a0-3089-4eb6-af6f-f8f16393fa81: addNew group-7AE2F20A3602:[fa7382a0-3089-4eb6-af6f-f8f16393fa81|127.0.0.1:15017] returns group-7AE2F20A3602:java.util.concurrent.CompletableFuture@5b3f4e09[Not completed]
2025-10-07 20:52:01,775 [fa7382a0-3089-4eb6-af6f-f8f16393fa81-groupManagement] INFO  server.RaftServer$Division (RaftServerImpl.java:<init>(268)) - fa7382a0-3089-4eb6-af6f-f8f16393fa81: new RaftServerImpl for group-7AE2F20A3602:[fa7382a0-3089-4eb6-af6f-f8f16393fa81|127.0.0.1:15017] with ContainerStateMachine:uninitialized
2025-10-07 20:52:01,775 [fa7382a0-3089-4eb6-af6f-f8f16393fa81-groupManagement] INFO  server.RaftServerConfigKeys (ConfUtils.java:logGet(62)) - raft.server.rpc.timeout.min = 5s (custom)
2025-10-07 20:52:01,775 [fa7382a0-3089-4eb6-af6f-f8f16393fa81-groupManagement] INFO  server.RaftServerConfigKeys (ConfUtils.java:logGet(62)) - raft.server.rpc.timeout.max = 5200ms (custom)
2025-10-07 20:52:01,775 [fa7382a0-3089-4eb6-af6f-f8f16393fa81-groupManagement] INFO  server.RaftServerConfigKeys (ConfUtils.java:logGet(62)) - raft.server.rpc.slowness.timeout = 300s (custom)
2025-10-07 20:52:01,775 [fa7382a0-3089-4eb6-af6f-f8f16393fa81-groupManagement] INFO  server.RaftServer$Division (ServerState.java:<init>(114)) - fa7382a0-3089-4eb6-af6f-f8f16393fa81@group-7AE2F20A3602: ConfigurationManager, init=conf: {index: -1, cur=peers:[fa7382a0-3089-4eb6-af6f-f8f16393fa81|127.0.0.1:15017]|listeners:[], old=null}, confs=<EMPTY_MAP>
2025-10-07 20:52:01,775 [fa7382a0-3089-4eb6-af6f-f8f16393fa81-groupManagement] INFO  server.RaftServerConfigKeys (ConfUtils.java:logGet(62)) - raft.server.notification.no-leader.timeout = 300s (custom)
2025-10-07 20:52:01,775 [fa7382a0-3089-4eb6-af6f-f8f16393fa81-groupManagement] INFO  server.RaftServerConfigKeys (ConfUtils.java:logGet(62)) - raft.server.retrycache.expirytime = 600000ms (custom)
2025-10-07 20:52:01,779 [ContainerHealthTask] INFO  fsck.ContainerHealthTask (ContainerHealthTask.java:checkAndProcessContainers(194)) - Container Health task thread took 0 iterations to fetch all containers using batched approach with batch size of 1000
2025-10-07 20:52:01,786 [fa7382a0-3089-4eb6-af6f-f8f16393fa81-groupManagement] INFO  server.RaftServerConfigKeys (ConfUtils.java:logGet(62)) - raft.server.storage.dir = [/home/runner/work/ozone/ozone/hadoop-ozone/integration-test-recon/target/test-dir/MiniOzoneClusterImpl-b15909b8-03a8-4b15-aaa3-a668c086c089/ozone-metadata/datanode-1/ratis] (custom)
2025-10-07 20:52:01,786 [fa7382a0-3089-4eb6-af6f-f8f16393fa81-groupManagement] INFO  storage.RaftStorageDirectory (RaftStorageDirectoryImpl.java:analyzeStorage(138)) - The storage directory /home/runner/work/ozone/ozone/hadoop-ozone/integration-test-recon/target/test-dir/MiniOzoneClusterImpl-b15909b8-03a8-4b15-aaa3-a668c086c089/ozone-metadata/datanode-1/ratis/527db8da-1e91-4af5-a093-7ae2f20a3602 does not exist. Creating ...
2025-10-07 20:52:01,787 [fa7382a0-3089-4eb6-af6f-f8f16393fa81-groupManagement] INFO  storage.RaftStorageDirectory (RaftStorageDirectoryImpl.java:tryLock(229)) - Lock on /home/runner/work/ozone/ozone/hadoop-ozone/integration-test-recon/target/test-dir/MiniOzoneClusterImpl-b15909b8-03a8-4b15-aaa3-a668c086c089/ozone-metadata/datanode-1/ratis/527db8da-1e91-4af5-a093-7ae2f20a3602/in_use.lock acquired by nodename 132138@localhost
2025-10-07 20:52:01,788 [fa7382a0-3089-4eb6-af6f-f8f16393fa81-groupManagement] INFO  storage.RaftStorage (RaftStorageImpl.java:format(98)) - Storage directory /home/runner/work/ozone/ozone/hadoop-ozone/integration-test-recon/target/test-dir/MiniOzoneClusterImpl-b15909b8-03a8-4b15-aaa3-a668c086c089/ozone-metadata/datanode-1/ratis/527db8da-1e91-4af5-a093-7ae2f20a3602 has been successfully formatted.
2025-10-07 20:52:01,790 [fa7382a0-3089-4eb6-af6f-f8f16393fa81-groupManagement] INFO  ratis.ContainerStateMachine (ContainerStateMachine.java:initialize(339)) - fa7382a0-3089-4eb6-af6f-f8f16393fa81: initialize group-7AE2F20A3602
2025-10-07 20:52:01,790 [fa7382a0-3089-4eb6-af6f-f8f16393fa81-groupManagement] INFO  ratis.ContainerStateMachine (ContainerStateMachine.java:loadSnapshot(347)) - group-7AE2F20A3602: The snapshot info is null. Setting the last applied index to:<INITIAL_VALUE>
2025-10-07 20:52:01,790 [fa7382a0-3089-4eb6-af6f-f8f16393fa81-groupManagement] INFO  server.RaftServerConfigKeys (ConfUtils.java:logGet(62)) - raft.server.log.appender.buffer.byte-limit = 33554432 (custom)
2025-10-07 20:52:01,793 [fa7382a0-3089-4eb6-af6f-f8f16393fa81-groupManagement] INFO  server.RaftServerConfigKeys (ConfUtils.java:logGet(62)) - raft.server.log.segment.size.max = 67108864 (custom)
2025-10-07 20:52:01,794 [EventQueue-PipelineReportForOneReplicaPipelineSafeModeRule] INFO  safemode.SCMSafeModeManager (SCMSafeModeManager.java:validateSafeModeExitRules(138)) - AtleastOneDatanodeReportedRule rule is successfully validated
2025-10-07 20:52:01,796 [Recon-EventQueue-PipelineReportForReconPipelineReportHandler] INFO  scm.ReconPipelineReportHandler (ReconPipelineReportHandler.java:processPipelineReport(66)) - Unknown pipeline Pipeline-527db8da-1e91-4af5-a093-7ae2f20a3602. Trying to get from SCM.
2025-10-07 20:52:01,799 [fa7382a0-3089-4eb6-af6f-f8f16393fa81-groupManagement] INFO  server.RaftServerConfigKeys (ConfUtils.java:logGet(62)) - raft.server.log.appender.buffer.byte-limit = 33554432 (custom)
2025-10-07 20:52:01,799 [fa7382a0-3089-4eb6-af6f-f8f16393fa81-groupManagement] INFO  util.AwaitToRun (AwaitToRun.java:start(81)) - Thread[#1033,fa7382a0-3089-4eb6-af6f-f8f16393fa81@group-7AE2F20A3602-cacheEviction-AwaitToRun,5,main] started
2025-10-07 20:52:01,799 [fa7382a0-3089-4eb6-af6f-f8f16393fa81-groupManagement] INFO  segmented.SegmentedRaftLogWorker (SegmentedRaftLogWorker.java:<init>(190)) - new fa7382a0-3089-4eb6-af6f-f8f16393fa81@group-7AE2F20A3602-SegmentedRaftLogWorker for RaftStorageImpl:Storage Directory /home/runner/work/ozone/ozone/hadoop-ozone/integration-test-recon/target/test-dir/MiniOzoneClusterImpl-b15909b8-03a8-4b15-aaa3-a668c086c089/ozone-metadata/datanode-1/ratis/527db8da-1e91-4af5-a093-7ae2f20a3602
2025-10-07 20:52:01,799 [fa7382a0-3089-4eb6-af6f-f8f16393fa81-groupManagement] INFO  server.RaftServerConfigKeys (ConfUtils.java:logGet(62)) - raft.server.log.queue.byte-limit = 4294967296 (custom)
2025-10-07 20:52:01,799 [fa7382a0-3089-4eb6-af6f-f8f16393fa81-groupManagement] INFO  server.RaftServerConfigKeys (ConfUtils.java:logGet(62)) - raft.server.log.queue.element-limit = 1024 (custom)
2025-10-07 20:52:01,799 [fa7382a0-3089-4eb6-af6f-f8f16393fa81-groupManagement] INFO  server.RaftServerConfigKeys (ConfUtils.java:logGet(62)) - raft.server.log.segment.size.max = 67108864 (custom)
2025-10-07 20:52:01,800 [fa7382a0-3089-4eb6-af6f-f8f16393fa81-groupManagement] INFO  server.RaftServerConfigKeys (ConfUtils.java:logGet(62)) - raft.server.log.preallocated.size = 4194304 (custom)
2025-10-07 20:52:01,800 [fa7382a0-3089-4eb6-af6f-f8f16393fa81-groupManagement] INFO  server.RaftServerConfigKeys (ConfUtils.java:logGet(62)) - raft.server.log.statemachine.data.sync.timeout.retry = 30 (custom)
2025-10-07 20:52:01,800 [fa7382a0-3089-4eb6-af6f-f8f16393fa81-groupManagement] INFO  server.RaftServerConfigKeys (ConfUtils.java:logGet(62)) - raft.server.log.write.buffer.size = 33554440 (custom)
2025-10-07 20:52:01,803 [04372c61-9371-4ab6-9533-e94413dada7c@group-A668C086C089-StateMachineUpdater] INFO  safemode.SCMSafeModeManager (SCMSafeModeManager.java:validateSafeModeExitRules(138)) - DataNodeSafeModeRule rule is successfully validated
2025-10-07 20:52:01,804 [04372c61-9371-4ab6-9533-e94413dada7c@group-A668C086C089-StateMachineUpdater] INFO  safemode.SCMSafeModeManager (SCMSafeModeManager.java:validateSafeModeExitRules(138)) - RatisContainerSafeModeRule rule is successfully validated
2025-10-07 20:52:01,804 [04372c61-9371-4ab6-9533-e94413dada7c@group-A668C086C089-StateMachineUpdater] INFO  safemode.HealthyPipelineSafeModeRule (HealthyPipelineSafeModeRule.java:initializeRule(228)) - Refreshed total pipeline count is 0, healthy pipeline threshold count is 1
2025-10-07 20:52:01,805 [04372c61-9371-4ab6-9533-e94413dada7c@group-A668C086C089-StateMachineUpdater] INFO  safemode.SCMSafeModeManager (SCMSafeModeManager.java:validateSafeModeExitRules(138)) - ECContainerSafeModeRule rule is successfully validated
2025-10-07 20:52:01,805 [04372c61-9371-4ab6-9533-e94413dada7c@group-A668C086C089-StateMachineUpdater] INFO  safemode.SCMSafeModeManager (SCMSafeModeManager.java:validateSafeModeExitRules(138)) - AtleastOneDatanodeReportedRule rule is successfully validated
2025-10-07 20:52:01,806 [EventQueue-PipelineReportForPipelineReportHandler] INFO  pipeline.PipelineReportHandler (PipelineReportHandler.java:processPipelineReport(132)) - Opened pipeline Pipeline-527db8da-1e91-4af5-a093-7ae2f20a3602
2025-10-07 20:52:01,810 [Recon-EventQueue-PipelineReportForReconPipelineReportHandler] INFO  scm.ReconPipelineReportHandler (ReconPipelineReportHandler.java:processPipelineReport(85)) - Pipeline Pipeline{ Id: 527db8da-1e91-4af5-a093-7ae2f20a3602, Nodes: [ {fa7382a0-3089-4eb6-af6f-f8f16393fa81(localhost/127.0.0.1), ReplicaIndex: 0},], ReplicationConfig: RATIS/ONE, State:OPEN, leaderId:fa7382a0-3089-4eb6-af6f-f8f16393fa81, CreationTimestamp2025-10-07T20:51:59.300Z[Etc/UTC]} verified from SCM and added to Recon pipeline metadata.
2025-10-07 20:52:01,811 [fa7382a0-3089-4eb6-af6f-f8f16393fa81-groupManagement] INFO  server.RaftServerConfigKeys (ConfUtils.java:logGet(62)) - raft.server.log.appender.buffer.byte-limit = 33554432 (custom)
2025-10-07 20:52:01,811 [fa7382a0-3089-4eb6-af6f-f8f16393fa81-groupManagement] INFO  server.RaftServerConfigKeys (ConfUtils.java:logGet(62)) - raft.server.log.statemachine.data.caching.enabled = true (custom)
2025-10-07 20:52:01,812 [fa7382a0-3089-4eb6-af6f-f8f16393fa81-groupManagement] INFO  segmented.SegmentedRaftLogWorker (SegmentedRaftLogWorker.java:lambda$new$0(141)) - fa7382a0-3089-4eb6-af6f-f8f16393fa81@group-7AE2F20A3602-SegmentedRaftLogWorker: flushIndex: setUnconditionally 0 -> -1
2025-10-07 20:52:01,812 [fa7382a0-3089-4eb6-af6f-f8f16393fa81-groupManagement] INFO  segmented.SegmentedRaftLogWorker (SegmentedRaftLogWorker.java:lambda$new$0(141)) - fa7382a0-3089-4eb6-af6f-f8f16393fa81@group-7AE2F20A3602-SegmentedRaftLogWorker: safeCacheEvictIndex: setUnconditionally 0 -> -1
2025-10-07 20:52:01,812 [74afb32b-8e70-4799-b16c-dc9602d9dbb6-CreatePipelineCommandHandlerThread-0] INFO  server.RaftServer (RaftServerProxy.java:addNew(105)) - 74afb32b-8e70-4799-b16c-dc9602d9dbb6: addNew group-F9E79CCFDB91:[74afb32b-8e70-4799-b16c-dc9602d9dbb6|127.0.0.1:15049] returns group-F9E79CCFDB91:java.util.concurrent.CompletableFuture@6d28de2b[Not completed]
2025-10-07 20:52:01,812 [fa7382a0-3089-4eb6-af6f-f8f16393fa81-groupManagement] INFO  server.RaftServer$Division (RaftServerImpl.java:start(405)) - fa7382a0-3089-4eb6-af6f-f8f16393fa81@group-7AE2F20A3602: start as a follower, conf=conf: {index: -1, cur=peers:[fa7382a0-3089-4eb6-af6f-f8f16393fa81|127.0.0.1:15017]|listeners:[], old=null}
2025-10-07 20:52:01,813 [fa7382a0-3089-4eb6-af6f-f8f16393fa81-groupManagement] INFO  server.RaftServer$Division (RaftServerImpl.java:setRole(392)) - fa7382a0-3089-4eb6-af6f-f8f16393fa81@group-7AE2F20A3602: changes role from      null to FOLLOWER at term 0 for startAsFollower
2025-10-07 20:52:01,813 [fa7382a0-3089-4eb6-af6f-f8f16393fa81-groupManagement] INFO  impl.RoleInfo (RoleInfo.java:updateAndGet(148)) - fa7382a0-3089-4eb6-af6f-f8f16393fa81: start fa7382a0-3089-4eb6-af6f-f8f16393fa81@group-7AE2F20A3602-FollowerState
2025-10-07 20:52:01,815 [fa7382a0-3089-4eb6-af6f-f8f16393fa81-groupManagement] INFO  util.JmxRegister (JmxRegister.java:tryRegister(44)) - Successfully registered JMX Bean with object name Ratis:service=RaftServer,group=group-7AE2F20A3602,id=fa7382a0-3089-4eb6-af6f-f8f16393fa81
2025-10-07 20:52:01,815 [fa7382a0-3089-4eb6-af6f-f8f16393fa81-groupManagement] INFO  util.JmxRegister (JmxRegister.java:register(58)) - register mxBean class org.apache.ratis.server.impl.RaftServerJmxAdapter as Ratis:service=RaftServer,group=group-7AE2F20A3602,id=fa7382a0-3089-4eb6-af6f-f8f16393fa81
2025-10-07 20:52:01,815 [fa7382a0-3089-4eb6-af6f-f8f16393fa81-groupManagement] INFO  server.RaftServerConfigKeys (ConfUtils.java:logGet(62)) - raft.server.snapshot.auto.trigger.threshold = 100000 (custom)
2025-10-07 20:52:01,815 [fa7382a0-3089-4eb6-af6f-f8f16393fa81-groupManagement] INFO  server.RaftServerConfigKeys (ConfUtils.java:logGet(62)) - raft.server.snapshot.retention.file.num = 5 (custom)
2025-10-07 20:52:01,815 [fa7382a0-3089-4eb6-af6f-f8f16393fa81-groupManagement] INFO  server.RaftServerConfigKeys (ConfUtils.java:logGet(62)) - raft.server.log.purge.upto.snapshot.index = false (default)
2025-10-07 20:52:01,814 [74afb32b-8e70-4799-b16c-dc9602d9dbb6-groupManagement] INFO  server.RaftServer$Division (RaftServerImpl.java:<init>(268)) - 74afb32b-8e70-4799-b16c-dc9602d9dbb6: new RaftServerImpl for group-F9E79CCFDB91:[74afb32b-8e70-4799-b16c-dc9602d9dbb6|127.0.0.1:15049] with ContainerStateMachine:uninitialized
2025-10-07 20:52:01,816 [74afb32b-8e70-4799-b16c-dc9602d9dbb6-groupManagement] INFO  server.RaftServer$Division (ServerState.java:<init>(114)) - 74afb32b-8e70-4799-b16c-dc9602d9dbb6@group-F9E79CCFDB91: ConfigurationManager, init=conf: {index: -1, cur=peers:[74afb32b-8e70-4799-b16c-dc9602d9dbb6|127.0.0.1:15049]|listeners:[], old=null}, confs=<EMPTY_MAP>
2025-10-07 20:52:01,816 [EventQueue-PipelineReportForOneReplicaPipelineSafeModeRule] INFO  safemode.SCMSafeModeManager (SCMSafeModeManager.java:validateSafeModeExitRules(138)) - AtleastOneDatanodeReportedRule rule is successfully validated
2025-10-07 20:52:01,820 [fa7382a0-3089-4eb6-af6f-f8f16393fa81-groupManagement] INFO  server.RaftServer$Division (RaftServerImpl.java:start(419)) - fa7382a0-3089-4eb6-af6f-f8f16393fa81@group-7AE2F20A3602: Successfully started.
2025-10-07 20:52:01,822 [fa7382a0-3089-4eb6-af6f-f8f16393fa81-CreatePipelineCommandHandlerThread-0] INFO  ratis.XceiverServerRatis (XceiverServerRatis.java:addGroup(839)) - Created group Pipeline-527db8da-1e91-4af5-a093-7ae2f20a3602
2025-10-07 20:52:01,822 [fa7382a0-3089-4eb6-af6f-f8f16393fa81-CreatePipelineCommandHandlerThread-0] INFO  commandhandler.CreatePipelineCommandHandler (CreatePipelineCommandHandler.java:lambda$handle$2(141)) - Created Pipeline RATIS ONE Pipeline-527db8da-1e91-4af5-a093-7ae2f20a3602.
2025-10-07 20:52:01,824 [fa7382a0-3089-4eb6-af6f-f8f16393fa81-CreatePipelineCommandHandlerThread-0] INFO  server.RaftServer (RaftServerProxy.java:addNew(105)) - fa7382a0-3089-4eb6-af6f-f8f16393fa81: addNew group-1DF5C6B9164D:[7d2db622-5327-4122-ba03-be97b5575303|127.0.0.1:15033, fa7382a0-3089-4eb6-af6f-f8f16393fa81|127.0.0.1:15017, c11f8a16-55ee-4f22-a5a5-7daf2dffa753|127.0.0.1:15025] returns group-1DF5C6B9164D:java.util.concurrent.CompletableFuture@1ecebef9[Not completed]
2025-10-07 20:52:01,824 [fa7382a0-3089-4eb6-af6f-f8f16393fa81-groupManagement] INFO  server.RaftServer$Division (RaftServerImpl.java:<init>(268)) - fa7382a0-3089-4eb6-af6f-f8f16393fa81: new RaftServerImpl for group-1DF5C6B9164D:[7d2db622-5327-4122-ba03-be97b5575303|127.0.0.1:15033, fa7382a0-3089-4eb6-af6f-f8f16393fa81|127.0.0.1:15017, c11f8a16-55ee-4f22-a5a5-7daf2dffa753|127.0.0.1:15025] with ContainerStateMachine:uninitialized
2025-10-07 20:52:01,825 [fa7382a0-3089-4eb6-af6f-f8f16393fa81-groupManagement] INFO  server.RaftServer$Division (ServerState.java:<init>(114)) - fa7382a0-3089-4eb6-af6f-f8f16393fa81@group-1DF5C6B9164D: ConfigurationManager, init=conf: {index: -1, cur=peers:[7d2db622-5327-4122-ba03-be97b5575303|127.0.0.1:15033, fa7382a0-3089-4eb6-af6f-f8f16393fa81|127.0.0.1:15017, c11f8a16-55ee-4f22-a5a5-7daf2dffa753|127.0.0.1:15025]|listeners:[], old=null}, confs=<EMPTY_MAP>
2025-10-07 20:52:01,828 [74afb32b-8e70-4799-b16c-dc9602d9dbb6-groupManagement] INFO  server.RaftServerConfigKeys (ConfUtils.java:logGet(62)) - raft.server.storage.dir = [/home/runner/work/ozone/ozone/hadoop-ozone/integration-test-recon/target/test-dir/MiniOzoneClusterImpl-b15909b8-03a8-4b15-aaa3-a668c086c089/ozone-metadata/datanode-5/ratis] (custom)
2025-10-07 20:52:01,828 [74afb32b-8e70-4799-b16c-dc9602d9dbb6-groupManagement] INFO  storage.RaftStorageDirectory (RaftStorageDirectoryImpl.java:analyzeStorage(138)) - The storage directory /home/runner/work/ozone/ozone/hadoop-ozone/integration-test-recon/target/test-dir/MiniOzoneClusterImpl-b15909b8-03a8-4b15-aaa3-a668c086c089/ozone-metadata/datanode-5/ratis/ef5ef53a-d24e-41cb-9e76-f9e79ccfdb91 does not exist. Creating ...
2025-10-07 20:52:01,830 [74afb32b-8e70-4799-b16c-dc9602d9dbb6-groupManagement] INFO  storage.RaftStorageDirectory (RaftStorageDirectoryImpl.java:tryLock(229)) - Lock on /home/runner/work/ozone/ozone/hadoop-ozone/integration-test-recon/target/test-dir/MiniOzoneClusterImpl-b15909b8-03a8-4b15-aaa3-a668c086c089/ozone-metadata/datanode-5/ratis/ef5ef53a-d24e-41cb-9e76-f9e79ccfdb91/in_use.lock acquired by nodename 132138@localhost
2025-10-07 20:52:01,832 [74afb32b-8e70-4799-b16c-dc9602d9dbb6-groupManagement] INFO  storage.RaftStorage (RaftStorageImpl.java:format(98)) - Storage directory /home/runner/work/ozone/ozone/hadoop-ozone/integration-test-recon/target/test-dir/MiniOzoneClusterImpl-b15909b8-03a8-4b15-aaa3-a668c086c089/ozone-metadata/datanode-5/ratis/ef5ef53a-d24e-41cb-9e76-f9e79ccfdb91 has been successfully formatted.
2025-10-07 20:52:01,832 [74afb32b-8e70-4799-b16c-dc9602d9dbb6-groupManagement] INFO  ratis.ContainerStateMachine (ContainerStateMachine.java:initialize(339)) - 74afb32b-8e70-4799-b16c-dc9602d9dbb6: initialize group-F9E79CCFDB91
2025-10-07 20:52:01,832 [74afb32b-8e70-4799-b16c-dc9602d9dbb6-groupManagement] INFO  ratis.ContainerStateMachine (ContainerStateMachine.java:loadSnapshot(347)) - group-F9E79CCFDB91: The snapshot info is null. Setting the last applied index to:<INITIAL_VALUE>
2025-10-07 20:52:01,832 [74afb32b-8e70-4799-b16c-dc9602d9dbb6-groupManagement] INFO  server.RaftServerConfigKeys (ConfUtils.java:logGet(62)) - raft.server.log.appender.buffer.byte-limit = 33554432 (custom)
2025-10-07 20:52:01,837 [EventQueue-PipelineReportForOneReplicaPipelineSafeModeRule] INFO  safemode.SCMSafeModeManager (SCMSafeModeManager.java:validateSafeModeExitRules(138)) - AtleastOneDatanodeReportedRule rule is successfully validated
2025-10-07 20:52:01,837 [74afb32b-8e70-4799-b16c-dc9602d9dbb6-groupManagement] INFO  server.RaftServerConfigKeys (ConfUtils.java:logGet(62)) - raft.server.log.segment.size.max = 67108864 (custom)
2025-10-07 20:52:01,838 [fa7382a0-3089-4eb6-af6f-f8f16393fa81-groupManagement] INFO  server.RaftServerConfigKeys (ConfUtils.java:logGet(62)) - raft.server.storage.dir = [/home/runner/work/ozone/ozone/hadoop-ozone/integration-test-recon/target/test-dir/MiniOzoneClusterImpl-b15909b8-03a8-4b15-aaa3-a668c086c089/ozone-metadata/datanode-1/ratis] (custom)
2025-10-07 20:52:01,839 [74afb32b-8e70-4799-b16c-dc9602d9dbb6-groupManagement] INFO  server.RaftServerConfigKeys (ConfUtils.java:logGet(62)) - raft.server.log.appender.buffer.byte-limit = 33554432 (custom)
2025-10-07 20:52:01,839 [04372c61-9371-4ab6-9533-e94413dada7c@group-A668C086C089-StateMachineUpdater] INFO  safemode.SCMSafeModeManager (SCMSafeModeManager.java:validateSafeModeExitRules(138)) - DataNodeSafeModeRule rule is successfully validated
2025-10-07 20:52:01,839 [fa7382a0-3089-4eb6-af6f-f8f16393fa81-groupManagement] INFO  storage.RaftStorageDirectory (RaftStorageDirectoryImpl.java:analyzeStorage(138)) - The storage directory /home/runner/work/ozone/ozone/hadoop-ozone/integration-test-recon/target/test-dir/MiniOzoneClusterImpl-b15909b8-03a8-4b15-aaa3-a668c086c089/ozone-metadata/datanode-1/ratis/3c759d96-e2b8-41d5-92c0-1df5c6b9164d does not exist. Creating ...
2025-10-07 20:52:01,840 [IPC Server handler 5 on default port 15001] INFO  scm.ReconNodeManager (ReconNodeManager.java:register(219)) - Updated nodes db table for 74afb32b-8e70-4799-b16c-dc9602d9dbb6(localhost/127.0.0.1)
2025-10-07 20:52:01,841 [IPC Server handler 5 on default port 15001] INFO  recon.ReconContext (ReconContext.java:updateHealthStatus(76)) - Update healthStatus of Recon from true to true.
2025-10-07 20:52:01,840 [04372c61-9371-4ab6-9533-e94413dada7c@group-A668C086C089-StateMachineUpdater] INFO  safemode.SCMSafeModeManager (SCMSafeModeManager.java:validateSafeModeExitRules(138)) - RatisContainerSafeModeRule rule is successfully validated
2025-10-07 20:52:01,841 [04372c61-9371-4ab6-9533-e94413dada7c@group-A668C086C089-StateMachineUpdater] INFO  safemode.HealthyPipelineSafeModeRule (HealthyPipelineSafeModeRule.java:initializeRule(228)) - Refreshed total pipeline count is 0, healthy pipeline threshold count is 1
2025-10-07 20:52:01,840 [74afb32b-8e70-4799-b16c-dc9602d9dbb6-groupManagement] INFO  util.AwaitToRun (AwaitToRun.java:start(81)) - Thread[#1040,74afb32b-8e70-4799-b16c-dc9602d9dbb6@group-F9E79CCFDB91-cacheEviction-AwaitToRun,5,main] started
2025-10-07 20:52:01,841 [04372c61-9371-4ab6-9533-e94413dada7c@group-A668C086C089-StateMachineUpdater] INFO  safemode.SCMSafeModeManager (SCMSafeModeManager.java:validateSafeModeExitRules(138)) - ECContainerSafeModeRule rule is successfully validated
2025-10-07 20:52:01,841 [04372c61-9371-4ab6-9533-e94413dada7c@group-A668C086C089-StateMachineUpdater] INFO  safemode.SCMSafeModeManager (SCMSafeModeManager.java:validateSafeModeExitRules(138)) - AtleastOneDatanodeReportedRule rule is successfully validated
2025-10-07 20:52:01,841 [74afb32b-8e70-4799-b16c-dc9602d9dbb6-groupManagement] INFO  segmented.SegmentedRaftLogWorker (SegmentedRaftLogWorker.java:<init>(190)) - new 74afb32b-8e70-4799-b16c-dc9602d9dbb6@group-F9E79CCFDB91-SegmentedRaftLogWorker for RaftStorageImpl:Storage Directory /home/runner/work/ozone/ozone/hadoop-ozone/integration-test-recon/target/test-dir/MiniOzoneClusterImpl-b15909b8-03a8-4b15-aaa3-a668c086c089/ozone-metadata/datanode-5/ratis/ef5ef53a-d24e-41cb-9e76-f9e79ccfdb91
2025-10-07 20:52:01,841 [fa7382a0-3089-4eb6-af6f-f8f16393fa81-groupManagement] INFO  storage.RaftStorageDirectory (RaftStorageDirectoryImpl.java:tryLock(229)) - Lock on /home/runner/work/ozone/ozone/hadoop-ozone/integration-test-recon/target/test-dir/MiniOzoneClusterImpl-b15909b8-03a8-4b15-aaa3-a668c086c089/ozone-metadata/datanode-1/ratis/3c759d96-e2b8-41d5-92c0-1df5c6b9164d/in_use.lock acquired by nodename 132138@localhost
2025-10-07 20:52:01,842 [74afb32b-8e70-4799-b16c-dc9602d9dbb6-groupManagement] INFO  server.RaftServerConfigKeys (ConfUtils.java:logGet(62)) - raft.server.log.queue.byte-limit = 4294967296 (custom)
2025-10-07 20:52:01,842 [74afb32b-8e70-4799-b16c-dc9602d9dbb6-groupManagement] INFO  server.RaftServerConfigKeys (ConfUtils.java:logGet(62)) - raft.server.log.segment.size.max = 67108864 (custom)
2025-10-07 20:52:01,842 [74afb32b-8e70-4799-b16c-dc9602d9dbb6-groupManagement] INFO  server.RaftServerConfigKeys (ConfUtils.java:logGet(62)) - raft.server.log.preallocated.size = 4194304 (custom)
2025-10-07 20:52:01,842 [EventQueue-PipelineReportForPipelineReportHandler] INFO  pipeline.PipelineReportHandler (PipelineReportHandler.java:processPipelineReport(132)) - Opened pipeline Pipeline-ef5ef53a-d24e-41cb-9e76-f9e79ccfdb91
2025-10-07 20:52:01,843 [fa7382a0-3089-4eb6-af6f-f8f16393fa81-groupManagement] INFO  storage.RaftStorage (RaftStorageImpl.java:format(98)) - Storage directory /home/runner/work/ozone/ozone/hadoop-ozone/integration-test-recon/target/test-dir/MiniOzoneClusterImpl-b15909b8-03a8-4b15-aaa3-a668c086c089/ozone-metadata/datanode-1/ratis/3c759d96-e2b8-41d5-92c0-1df5c6b9164d has been successfully formatted.
2025-10-07 20:52:01,843 [Recon-EventQueue-PipelineReportForReconPipelineReportHandler] INFO  scm.ReconPipelineReportHandler (ReconPipelineReportHandler.java:processPipelineReport(66)) - Unknown pipeline Pipeline-ef5ef53a-d24e-41cb-9e76-f9e79ccfdb91. Trying to get from SCM.
2025-10-07 20:52:01,843 [74afb32b-8e70-4799-b16c-dc9602d9dbb6-groupManagement] INFO  server.RaftServerConfigKeys (ConfUtils.java:logGet(62)) - raft.server.log.write.buffer.size = 33554440 (custom)
2025-10-07 20:52:01,844 [fa7382a0-3089-4eb6-af6f-f8f16393fa81-groupManagement] INFO  ratis.ContainerStateMachine (ContainerStateMachine.java:initialize(339)) - fa7382a0-3089-4eb6-af6f-f8f16393fa81: initialize group-1DF5C6B9164D
2025-10-07 20:52:01,846 [fa7382a0-3089-4eb6-af6f-f8f16393fa81-groupManagement] INFO  ratis.ContainerStateMachine (ContainerStateMachine.java:loadSnapshot(347)) - group-1DF5C6B9164D: The snapshot info is null. Setting the last applied index to:<INITIAL_VALUE>
2025-10-07 20:52:01,846 [fa7382a0-3089-4eb6-af6f-f8f16393fa81-groupManagement] INFO  server.RaftServerConfigKeys (ConfUtils.java:logGet(62)) - raft.server.log.appender.buffer.byte-limit = 33554432 (custom)
2025-10-07 20:52:01,848 [EventQueue-PipelineReportForOneReplicaPipelineSafeModeRule] INFO  safemode.SCMSafeModeManager (SCMSafeModeManager.java:validateSafeModeExitRules(138)) - AtleastOneDatanodeReportedRule rule is successfully validated
2025-10-07 20:52:01,848 [Recon-EventQueue-PipelineReportForReconPipelineReportHandler] INFO  scm.ReconPipelineReportHandler (ReconPipelineReportHandler.java:processPipelineReport(85)) - Pipeline Pipeline{ Id: ef5ef53a-d24e-41cb-9e76-f9e79ccfdb91, Nodes: [ {74afb32b-8e70-4799-b16c-dc9602d9dbb6(localhost/127.0.0.1), ReplicaIndex: 0},], ReplicationConfig: RATIS/ONE, State:OPEN, leaderId:74afb32b-8e70-4799-b16c-dc9602d9dbb6, CreationTimestamp2025-10-07T20:52:00.308Z[Etc/UTC]} verified from SCM and added to Recon pipeline metadata.
2025-10-07 20:52:01,849 [Recon-EventQueue-PipelineReportForReconPipelineReportHandler] INFO  scm.ReconPipelineReportHandler (ReconPipelineReportHandler.java:processPipelineReport(66)) - Unknown pipeline Pipeline-3c759d96-e2b8-41d5-92c0-1df5c6b9164d. Trying to get from SCM.
2025-10-07 20:52:01,853 [fa7382a0-3089-4eb6-af6f-f8f16393fa81-groupManagement] INFO  server.RaftServerConfigKeys (ConfUtils.java:logGet(62)) - raft.server.log.segment.size.max = 67108864 (custom)
2025-10-07 20:52:01,853 [fa7382a0-3089-4eb6-af6f-f8f16393fa81-groupManagement] INFO  server.RaftServerConfigKeys (ConfUtils.java:logGet(62)) - raft.server.log.appender.buffer.byte-limit = 33554432 (custom)
2025-10-07 20:52:01,854 [Recon-EventQueue-PipelineReportForReconPipelineReportHandler] INFO  scm.ReconPipelineReportHandler (ReconPipelineReportHandler.java:processPipelineReport(85)) - Pipeline Pipeline{ Id: 3c759d96-e2b8-41d5-92c0-1df5c6b9164d, Nodes: [ {fa7382a0-3089-4eb6-af6f-f8f16393fa81(localhost/127.0.0.1), ReplicaIndex: 0}, {7d2db622-5327-4122-ba03-be97b5575303(localhost/127.0.0.1), ReplicaIndex: 0}, {c11f8a16-55ee-4f22-a5a5-7daf2dffa753(localhost/127.0.0.1), ReplicaIndex: 0},], ReplicationConfig: RATIS/THREE, State:ALLOCATED, leaderId:, CreationTimestamp2025-10-07T20:51:59.740Z[Etc/UTC]} verified from SCM and added to Recon pipeline metadata.
2025-10-07 20:52:01,855 [Recon-EventQueue-PipelineReportForReconPipelineReportHandler] INFO  scm.ReconPipelineReportHandler (ReconPipelineReportHandler.java:processPipelineReport(102)) - Pipeline RATIS/THREE Pipeline-3c759d96-e2b8-41d5-92c0-1df5c6b9164d reported by fa7382a0-3089-4eb6-af6f-f8f16393fa81(localhost/127.0.0.1)
2025-10-07 20:52:01,854 [fa7382a0-3089-4eb6-af6f-f8f16393fa81-groupManagement] INFO  util.AwaitToRun (AwaitToRun.java:start(81)) - Thread[#1041,fa7382a0-3089-4eb6-af6f-f8f16393fa81@group-1DF5C6B9164D-cacheEviction-AwaitToRun,5,main] started
2025-10-07 20:52:01,854 [74afb32b-8e70-4799-b16c-dc9602d9dbb6-groupManagement] INFO  server.RaftServerConfigKeys (ConfUtils.java:logGet(62)) - raft.server.log.appender.buffer.byte-limit = 33554432 (custom)
2025-10-07 20:52:01,855 [fa7382a0-3089-4eb6-af6f-f8f16393fa81-groupManagement] INFO  segmented.SegmentedRaftLogWorker (SegmentedRaftLogWorker.java:<init>(190)) - new fa7382a0-3089-4eb6-af6f-f8f16393fa81@group-1DF5C6B9164D-SegmentedRaftLogWorker for RaftStorageImpl:Storage Directory /home/runner/work/ozone/ozone/hadoop-ozone/integration-test-recon/target/test-dir/MiniOzoneClusterImpl-b15909b8-03a8-4b15-aaa3-a668c086c089/ozone-metadata/datanode-1/ratis/3c759d96-e2b8-41d5-92c0-1df5c6b9164d
2025-10-07 20:52:01,855 [fa7382a0-3089-4eb6-af6f-f8f16393fa81-groupManagement] INFO  server.RaftServerConfigKeys (ConfUtils.java:logGet(62)) - raft.server.log.queue.byte-limit = 4294967296 (custom)
2025-10-07 20:52:01,855 [fa7382a0-3089-4eb6-af6f-f8f16393fa81-groupManagement] INFO  server.RaftServerConfigKeys (ConfUtils.java:logGet(62)) - raft.server.log.segment.size.max = 67108864 (custom)
2025-10-07 20:52:01,855 [fa7382a0-3089-4eb6-af6f-f8f16393fa81-groupManagement] INFO  server.RaftServerConfigKeys (ConfUtils.java:logGet(62)) - raft.server.log.preallocated.size = 4194304 (custom)
2025-10-07 20:52:01,856 [fa7382a0-3089-4eb6-af6f-f8f16393fa81-groupManagement] INFO  server.RaftServerConfigKeys (ConfUtils.java:logGet(62)) - raft.server.log.write.buffer.size = 33554440 (custom)
2025-10-07 20:52:01,855 [74afb32b-8e70-4799-b16c-dc9602d9dbb6-groupManagement] INFO  segmented.SegmentedRaftLogWorker (SegmentedRaftLogWorker.java:lambda$new$0(141)) - 74afb32b-8e70-4799-b16c-dc9602d9dbb6@group-F9E79CCFDB91-SegmentedRaftLogWorker: flushIndex: setUnconditionally 0 -> -1
2025-10-07 20:52:01,856 [74afb32b-8e70-4799-b16c-dc9602d9dbb6-groupManagement] INFO  segmented.SegmentedRaftLogWorker (SegmentedRaftLogWorker.java:lambda$new$0(141)) - 74afb32b-8e70-4799-b16c-dc9602d9dbb6@group-F9E79CCFDB91-SegmentedRaftLogWorker: safeCacheEvictIndex: setUnconditionally 0 -> -1
2025-10-07 20:52:01,856 [74afb32b-8e70-4799-b16c-dc9602d9dbb6-groupManagement] INFO  server.RaftServer$Division (RaftServerImpl.java:start(405)) - 74afb32b-8e70-4799-b16c-dc9602d9dbb6@group-F9E79CCFDB91: start as a follower, conf=conf: {index: -1, cur=peers:[74afb32b-8e70-4799-b16c-dc9602d9dbb6|127.0.0.1:15049]|listeners:[], old=null}
2025-10-07 20:52:01,857 [74afb32b-8e70-4799-b16c-dc9602d9dbb6-groupManagement] INFO  server.RaftServer$Division (RaftServerImpl.java:setRole(392)) - 74afb32b-8e70-4799-b16c-dc9602d9dbb6@group-F9E79CCFDB91: changes role from      null to FOLLOWER at term 0 for startAsFollower
2025-10-07 20:52:01,857 [74afb32b-8e70-4799-b16c-dc9602d9dbb6-groupManagement] INFO  impl.RoleInfo (RoleInfo.java:updateAndGet(148)) - 74afb32b-8e70-4799-b16c-dc9602d9dbb6: start 74afb32b-8e70-4799-b16c-dc9602d9dbb6@group-F9E79CCFDB91-FollowerState
2025-10-07 20:52:01,857 [74afb32b-8e70-4799-b16c-dc9602d9dbb6-groupManagement] INFO  util.JmxRegister (JmxRegister.java:tryRegister(44)) - Successfully registered JMX Bean with object name Ratis:service=RaftServer,group=group-F9E79CCFDB91,id=74afb32b-8e70-4799-b16c-dc9602d9dbb6
2025-10-07 20:52:01,857 [74afb32b-8e70-4799-b16c-dc9602d9dbb6-groupManagement] INFO  util.JmxRegister (JmxRegister.java:register(58)) - register mxBean class org.apache.ratis.server.impl.RaftServerJmxAdapter as Ratis:service=RaftServer,group=group-F9E79CCFDB91,id=74afb32b-8e70-4799-b16c-dc9602d9dbb6
2025-10-07 20:52:01,860 [74afb32b-8e70-4799-b16c-dc9602d9dbb6-groupManagement] INFO  server.RaftServer$Division (RaftServerImpl.java:start(419)) - 74afb32b-8e70-4799-b16c-dc9602d9dbb6@group-F9E79CCFDB91: Successfully started.
2025-10-07 20:52:01,861 [74afb32b-8e70-4799-b16c-dc9602d9dbb6-CreatePipelineCommandHandlerThread-0] INFO  ratis.XceiverServerRatis (XceiverServerRatis.java:addGroup(839)) - Created group Pipeline-ef5ef53a-d24e-41cb-9e76-f9e79ccfdb91
2025-10-07 20:52:01,861 [74afb32b-8e70-4799-b16c-dc9602d9dbb6-CreatePipelineCommandHandlerThread-0] INFO  commandhandler.CreatePipelineCommandHandler (CreatePipelineCommandHandler.java:lambda$handle$2(141)) - Created Pipeline RATIS ONE Pipeline-ef5ef53a-d24e-41cb-9e76-f9e79ccfdb91.
2025-10-07 20:52:01,861 [fa7382a0-3089-4eb6-af6f-f8f16393fa81-groupManagement] INFO  server.RaftServerConfigKeys (ConfUtils.java:logGet(62)) - raft.server.log.appender.buffer.byte-limit = 33554432 (custom)
2025-10-07 20:52:01,862 [fa7382a0-3089-4eb6-af6f-f8f16393fa81-groupManagement] INFO  segmented.SegmentedRaftLogWorker (SegmentedRaftLogWorker.java:lambda$new$0(141)) - fa7382a0-3089-4eb6-af6f-f8f16393fa81@group-1DF5C6B9164D-SegmentedRaftLogWorker: flushIndex: setUnconditionally 0 -> -1
2025-10-07 20:52:01,862 [fa7382a0-3089-4eb6-af6f-f8f16393fa81-groupManagement] INFO  segmented.SegmentedRaftLogWorker (SegmentedRaftLogWorker.java:lambda$new$0(141)) - fa7382a0-3089-4eb6-af6f-f8f16393fa81@group-1DF5C6B9164D-SegmentedRaftLogWorker: safeCacheEvictIndex: setUnconditionally 0 -> -1
2025-10-07 20:52:01,862 [fa7382a0-3089-4eb6-af6f-f8f16393fa81-groupManagement] INFO  server.RaftServer$Division (RaftServerImpl.java:start(405)) - fa7382a0-3089-4eb6-af6f-f8f16393fa81@group-1DF5C6B9164D: start as a follower, conf=conf: {index: -1, cur=peers:[7d2db622-5327-4122-ba03-be97b5575303|127.0.0.1:15033, fa7382a0-3089-4eb6-af6f-f8f16393fa81|127.0.0.1:15017, c11f8a16-55ee-4f22-a5a5-7daf2dffa753|127.0.0.1:15025]|listeners:[], old=null}
2025-10-07 20:52:01,862 [fa7382a0-3089-4eb6-af6f-f8f16393fa81-groupManagement] INFO  server.RaftServer$Division (RaftServerImpl.java:setRole(392)) - fa7382a0-3089-4eb6-af6f-f8f16393fa81@group-1DF5C6B9164D: changes role from      null to FOLLOWER at term 0 for startAsFollower
2025-10-07 20:52:01,863 [fa7382a0-3089-4eb6-af6f-f8f16393fa81-groupManagement] INFO  impl.RoleInfo (RoleInfo.java:updateAndGet(148)) - fa7382a0-3089-4eb6-af6f-f8f16393fa81: start fa7382a0-3089-4eb6-af6f-f8f16393fa81@group-1DF5C6B9164D-FollowerState
2025-10-07 20:52:01,863 [fa7382a0-3089-4eb6-af6f-f8f16393fa81-groupManagement] INFO  util.JmxRegister (JmxRegister.java:tryRegister(44)) - Successfully registered JMX Bean with object name Ratis:service=RaftServer,group=group-1DF5C6B9164D,id=fa7382a0-3089-4eb6-af6f-f8f16393fa81
2025-10-07 20:52:01,863 [fa7382a0-3089-4eb6-af6f-f8f16393fa81-groupManagement] INFO  util.JmxRegister (JmxRegister.java:register(58)) - register mxBean class org.apache.ratis.server.impl.RaftServerJmxAdapter as Ratis:service=RaftServer,group=group-1DF5C6B9164D,id=fa7382a0-3089-4eb6-af6f-f8f16393fa81
2025-10-07 20:52:01,864 [fa7382a0-3089-4eb6-af6f-f8f16393fa81-groupManagement] INFO  server.RaftServer$Division (RaftServerImpl.java:start(419)) - fa7382a0-3089-4eb6-af6f-f8f16393fa81@group-1DF5C6B9164D: Successfully started.
2025-10-07 20:52:01,865 [fa7382a0-3089-4eb6-af6f-f8f16393fa81-CreatePipelineCommandHandlerThread-0] INFO  ratis.XceiverServerRatis (XceiverServerRatis.java:addGroup(839)) - Created group Pipeline-3c759d96-e2b8-41d5-92c0-1df5c6b9164d
2025-10-07 20:52:02,005 [c11f8a16-55ee-4f22-a5a5-7daf2dffa753-CreatePipelineCommandHandlerThread-0] INFO  server.RaftServer (RaftServerProxy.java:addNew(105)) - c11f8a16-55ee-4f22-a5a5-7daf2dffa753: addNew group-5472C7309C8C:[c11f8a16-55ee-4f22-a5a5-7daf2dffa753|127.0.0.1:15025] returns group-5472C7309C8C:java.util.concurrent.CompletableFuture@42e40a90[Not completed]
2025-10-07 20:52:02,006 [FixedThreadPoolWithAffinityExecutor-8-0] WARN  events.FixedThreadPoolWithAffinityExecutor (FixedThreadPoolWithAffinityExecutor.java:run(251)) - Event remained in queue for long time 2 millisec, c11f8a16-55ee-4f22-a5a5-7daf2dffa753(localhost/127.0.0.1), {type: FCR, size: 0}
2025-10-07 20:52:02,006 [FixedThreadPoolWithAffinityExecutor-8-0] WARN  events.FixedThreadPoolWithAffinityExecutor (FixedThreadPoolWithAffinityExecutor.java:run(264)) - Event taken long execution time 2 millisec, c11f8a16-55ee-4f22-a5a5-7daf2dffa753(localhost/127.0.0.1), {type: FCR, size: 0}
2025-10-07 20:52:02,006 [EventQueue-PipelineReportForOneReplicaPipelineSafeModeRule] INFO  safemode.SCMSafeModeManager (SCMSafeModeManager.java:validateSafeModeExitRules(138)) - AtleastOneDatanodeReportedRule rule is successfully validated
2025-10-07 20:52:02,009 [c11f8a16-55ee-4f22-a5a5-7daf2dffa753-groupManagement] INFO  server.RaftServer$Division (RaftServerImpl.java:<init>(268)) - c11f8a16-55ee-4f22-a5a5-7daf2dffa753: new RaftServerImpl for group-5472C7309C8C:[c11f8a16-55ee-4f22-a5a5-7daf2dffa753|127.0.0.1:15025] with ContainerStateMachine:uninitialized
2025-10-07 20:52:02,010 [c11f8a16-55ee-4f22-a5a5-7daf2dffa753-groupManagement] INFO  server.RaftServer$Division (ServerState.java:<init>(114)) - c11f8a16-55ee-4f22-a5a5-7daf2dffa753@group-5472C7309C8C: ConfigurationManager, init=conf: {index: -1, cur=peers:[c11f8a16-55ee-4f22-a5a5-7daf2dffa753|127.0.0.1:15025]|listeners:[], old=null}, confs=<EMPTY_MAP>
2025-10-07 20:52:02,012 [IPC Server handler 7 on default port 15001] INFO  scm.ReconNodeManager (ReconNodeManager.java:register(219)) - Updated nodes db table for c11f8a16-55ee-4f22-a5a5-7daf2dffa753(localhost/127.0.0.1)
2025-10-07 20:52:02,015 [IPC Server handler 7 on default port 15001] INFO  recon.ReconContext (ReconContext.java:updateHealthStatus(76)) - Update healthStatus of Recon from true to true.
2025-10-07 20:52:02,017 [Recon-EventQueue-PipelineReportForReconPipelineReportHandler] INFO  scm.ReconPipelineReportHandler (ReconPipelineReportHandler.java:processPipelineReport(66)) - Unknown pipeline Pipeline-275b7e98-611c-44c8-a058-5472c7309c8c. Trying to get from SCM.
2025-10-07 20:52:02,020 [Recon-EventQueue-PipelineReportForReconPipelineReportHandler] INFO  scm.ReconPipelineReportHandler (ReconPipelineReportHandler.java:processPipelineReport(85)) - Pipeline Pipeline{ Id: 275b7e98-611c-44c8-a058-5472c7309c8c, Nodes: [ {c11f8a16-55ee-4f22-a5a5-7daf2dffa753(localhost/127.0.0.1), ReplicaIndex: 0},], ReplicationConfig: RATIS/ONE, State:ALLOCATED, leaderId:, CreationTimestamp2025-10-07T20:51:59.503Z[Etc/UTC]} verified from SCM and added to Recon pipeline metadata.
2025-10-07 20:52:02,023 [Recon-EventQueue-PipelineReportForReconPipelineReportHandler] INFO  scm.ReconPipelineReportHandler (ReconPipelineReportHandler.java:processPipelineReport(102)) - Pipeline RATIS/ONE Pipeline-275b7e98-611c-44c8-a058-5472c7309c8c reported by c11f8a16-55ee-4f22-a5a5-7daf2dffa753(localhost/127.0.0.1)
2025-10-07 20:52:02,021 [c11f8a16-55ee-4f22-a5a5-7daf2dffa753-groupManagement] INFO  server.RaftServerConfigKeys (ConfUtils.java:logGet(62)) - raft.server.storage.dir = [/home/runner/work/ozone/ozone/hadoop-ozone/integration-test-recon/target/test-dir/MiniOzoneClusterImpl-b15909b8-03a8-4b15-aaa3-a668c086c089/ozone-metadata/datanode-2/ratis] (custom)
2025-10-07 20:52:02,025 [c11f8a16-55ee-4f22-a5a5-7daf2dffa753-groupManagement] INFO  storage.RaftStorageDirectory (RaftStorageDirectoryImpl.java:analyzeStorage(138)) - The storage directory /home/runner/work/ozone/ozone/hadoop-ozone/integration-test-recon/target/test-dir/MiniOzoneClusterImpl-b15909b8-03a8-4b15-aaa3-a668c086c089/ozone-metadata/datanode-2/ratis/275b7e98-611c-44c8-a058-5472c7309c8c does not exist. Creating ...
2025-10-07 20:52:02,027 [c11f8a16-55ee-4f22-a5a5-7daf2dffa753-groupManagement] INFO  storage.RaftStorageDirectory (RaftStorageDirectoryImpl.java:tryLock(229)) - Lock on /home/runner/work/ozone/ozone/hadoop-ozone/integration-test-recon/target/test-dir/MiniOzoneClusterImpl-b15909b8-03a8-4b15-aaa3-a668c086c089/ozone-metadata/datanode-2/ratis/275b7e98-611c-44c8-a058-5472c7309c8c/in_use.lock acquired by nodename 132138@localhost
2025-10-07 20:52:02,028 [c11f8a16-55ee-4f22-a5a5-7daf2dffa753-groupManagement] INFO  storage.RaftStorage (RaftStorageImpl.java:format(98)) - Storage directory /home/runner/work/ozone/ozone/hadoop-ozone/integration-test-recon/target/test-dir/MiniOzoneClusterImpl-b15909b8-03a8-4b15-aaa3-a668c086c089/ozone-metadata/datanode-2/ratis/275b7e98-611c-44c8-a058-5472c7309c8c has been successfully formatted.
2025-10-07 20:52:02,029 [c11f8a16-55ee-4f22-a5a5-7daf2dffa753-groupManagement] INFO  ratis.ContainerStateMachine (ContainerStateMachine.java:initialize(339)) - c11f8a16-55ee-4f22-a5a5-7daf2dffa753: initialize group-5472C7309C8C
2025-10-07 20:52:02,030 [c11f8a16-55ee-4f22-a5a5-7daf2dffa753-groupManagement] INFO  ratis.ContainerStateMachine (ContainerStateMachine.java:loadSnapshot(347)) - group-5472C7309C8C: The snapshot info is null. Setting the last applied index to:<INITIAL_VALUE>
2025-10-07 20:52:02,030 [c11f8a16-55ee-4f22-a5a5-7daf2dffa753-groupManagement] INFO  server.RaftServerConfigKeys (ConfUtils.java:logGet(62)) - raft.server.log.appender.buffer.byte-limit = 33554432 (custom)
2025-10-07 20:52:02,032 [EventQueue-PipelineReportForOneReplicaPipelineSafeModeRule] INFO  safemode.SCMSafeModeManager (SCMSafeModeManager.java:validateSafeModeExitRules(138)) - AtleastOneDatanodeReportedRule rule is successfully validated
2025-10-07 20:52:02,036 [c11f8a16-55ee-4f22-a5a5-7daf2dffa753-groupManagement] INFO  server.RaftServerConfigKeys (ConfUtils.java:logGet(62)) - raft.server.log.segment.size.max = 67108864 (custom)
2025-10-07 20:52:02,036 [04372c61-9371-4ab6-9533-e94413dada7c@group-A668C086C089-StateMachineUpdater] INFO  safemode.SCMSafeModeManager (SCMSafeModeManager.java:validateSafeModeExitRules(138)) - DataNodeSafeModeRule rule is successfully validated
2025-10-07 20:52:02,036 [04372c61-9371-4ab6-9533-e94413dada7c@group-A668C086C089-StateMachineUpdater] INFO  safemode.SCMSafeModeManager (SCMSafeModeManager.java:validateSafeModeExitRules(138)) - RatisContainerSafeModeRule rule is successfully validated
2025-10-07 20:52:02,036 [c11f8a16-55ee-4f22-a5a5-7daf2dffa753-groupManagement] INFO  server.RaftServerConfigKeys (ConfUtils.java:logGet(62)) - raft.server.log.appender.buffer.byte-limit = 33554432 (custom)
2025-10-07 20:52:02,037 [04372c61-9371-4ab6-9533-e94413dada7c@group-A668C086C089-StateMachineUpdater] INFO  safemode.HealthyPipelineSafeModeRule (HealthyPipelineSafeModeRule.java:initializeRule(228)) - Refreshed total pipeline count is 0, healthy pipeline threshold count is 1
2025-10-07 20:52:02,037 [04372c61-9371-4ab6-9533-e94413dada7c@group-A668C086C089-StateMachineUpdater] INFO  safemode.SCMSafeModeManager (SCMSafeModeManager.java:validateSafeModeExitRules(138)) - ECContainerSafeModeRule rule is successfully validated
2025-10-07 20:52:02,037 [04372c61-9371-4ab6-9533-e94413dada7c@group-A668C086C089-StateMachineUpdater] INFO  safemode.SCMSafeModeManager (SCMSafeModeManager.java:validateSafeModeExitRules(138)) - AtleastOneDatanodeReportedRule rule is successfully validated
2025-10-07 20:52:02,037 [EventQueue-PipelineReportForPipelineReportHandler] INFO  pipeline.PipelineReportHandler (PipelineReportHandler.java:processPipelineReport(132)) - Opened pipeline Pipeline-275b7e98-611c-44c8-a058-5472c7309c8c
2025-10-07 20:52:02,038 [c11f8a16-55ee-4f22-a5a5-7daf2dffa753-groupManagement] INFO  util.AwaitToRun (AwaitToRun.java:start(81)) - Thread[#1054,c11f8a16-55ee-4f22-a5a5-7daf2dffa753@group-5472C7309C8C-cacheEviction-AwaitToRun,5,main] started
2025-10-07 20:52:02,038 [c11f8a16-55ee-4f22-a5a5-7daf2dffa753-groupManagement] INFO  segmented.SegmentedRaftLogWorker (SegmentedRaftLogWorker.java:<init>(190)) - new c11f8a16-55ee-4f22-a5a5-7daf2dffa753@group-5472C7309C8C-SegmentedRaftLogWorker for RaftStorageImpl:Storage Directory /home/runner/work/ozone/ozone/hadoop-ozone/integration-test-recon/target/test-dir/MiniOzoneClusterImpl-b15909b8-03a8-4b15-aaa3-a668c086c089/ozone-metadata/datanode-2/ratis/275b7e98-611c-44c8-a058-5472c7309c8c
2025-10-07 20:52:02,039 [c11f8a16-55ee-4f22-a5a5-7daf2dffa753-groupManagement] INFO  server.RaftServerConfigKeys (ConfUtils.java:logGet(62)) - raft.server.log.queue.byte-limit = 4294967296 (custom)
2025-10-07 20:52:02,039 [c11f8a16-55ee-4f22-a5a5-7daf2dffa753-groupManagement] INFO  server.RaftServerConfigKeys (ConfUtils.java:logGet(62)) - raft.server.log.segment.size.max = 67108864 (custom)
2025-10-07 20:52:02,039 [c11f8a16-55ee-4f22-a5a5-7daf2dffa753-groupManagement] INFO  server.RaftServerConfigKeys (ConfUtils.java:logGet(62)) - raft.server.log.preallocated.size = 4194304 (custom)
2025-10-07 20:52:02,040 [c11f8a16-55ee-4f22-a5a5-7daf2dffa753-groupManagement] INFO  server.RaftServerConfigKeys (ConfUtils.java:logGet(62)) - raft.server.log.write.buffer.size = 33554440 (custom)
2025-10-07 20:52:02,045 [c11f8a16-55ee-4f22-a5a5-7daf2dffa753-groupManagement] INFO  server.RaftServerConfigKeys (ConfUtils.java:logGet(62)) - raft.server.log.appender.buffer.byte-limit = 33554432 (custom)
2025-10-07 20:52:02,046 [c11f8a16-55ee-4f22-a5a5-7daf2dffa753-groupManagement] INFO  segmented.SegmentedRaftLogWorker (SegmentedRaftLogWorker.java:lambda$new$0(141)) - c11f8a16-55ee-4f22-a5a5-7daf2dffa753@group-5472C7309C8C-SegmentedRaftLogWorker: flushIndex: setUnconditionally 0 -> -1
2025-10-07 20:52:02,046 [c11f8a16-55ee-4f22-a5a5-7daf2dffa753-groupManagement] INFO  segmented.SegmentedRaftLogWorker (SegmentedRaftLogWorker.java:lambda$new$0(141)) - c11f8a16-55ee-4f22-a5a5-7daf2dffa753@group-5472C7309C8C-SegmentedRaftLogWorker: safeCacheEvictIndex: setUnconditionally 0 -> -1
2025-10-07 20:52:02,047 [c11f8a16-55ee-4f22-a5a5-7daf2dffa753-groupManagement] INFO  server.RaftServer$Division (RaftServerImpl.java:start(405)) - c11f8a16-55ee-4f22-a5a5-7daf2dffa753@group-5472C7309C8C: start as a follower, conf=conf: {index: -1, cur=peers:[c11f8a16-55ee-4f22-a5a5-7daf2dffa753|127.0.0.1:15025]|listeners:[], old=null}
2025-10-07 20:52:02,047 [c11f8a16-55ee-4f22-a5a5-7daf2dffa753-groupManagement] INFO  server.RaftServer$Division (RaftServerImpl.java:setRole(392)) - c11f8a16-55ee-4f22-a5a5-7daf2dffa753@group-5472C7309C8C: changes role from      null to FOLLOWER at term 0 for startAsFollower
2025-10-07 20:52:02,047 [c11f8a16-55ee-4f22-a5a5-7daf2dffa753-groupManagement] INFO  impl.RoleInfo (RoleInfo.java:updateAndGet(148)) - c11f8a16-55ee-4f22-a5a5-7daf2dffa753: start c11f8a16-55ee-4f22-a5a5-7daf2dffa753@group-5472C7309C8C-FollowerState
2025-10-07 20:52:02,048 [c11f8a16-55ee-4f22-a5a5-7daf2dffa753-groupManagement] INFO  util.JmxRegister (JmxRegister.java:tryRegister(44)) - Successfully registered JMX Bean with object name Ratis:service=RaftServer,group=group-5472C7309C8C,id=c11f8a16-55ee-4f22-a5a5-7daf2dffa753
2025-10-07 20:52:02,048 [c11f8a16-55ee-4f22-a5a5-7daf2dffa753-groupManagement] INFO  util.JmxRegister (JmxRegister.java:register(58)) - register mxBean class org.apache.ratis.server.impl.RaftServerJmxAdapter as Ratis:service=RaftServer,group=group-5472C7309C8C,id=c11f8a16-55ee-4f22-a5a5-7daf2dffa753
2025-10-07 20:52:02,050 [c11f8a16-55ee-4f22-a5a5-7daf2dffa753-groupManagement] INFO  server.RaftServer$Division (RaftServerImpl.java:start(419)) - c11f8a16-55ee-4f22-a5a5-7daf2dffa753@group-5472C7309C8C: Successfully started.
2025-10-07 20:52:02,050 [c11f8a16-55ee-4f22-a5a5-7daf2dffa753-CreatePipelineCommandHandlerThread-0] INFO  ratis.XceiverServerRatis (XceiverServerRatis.java:addGroup(839)) - Created group Pipeline-275b7e98-611c-44c8-a058-5472c7309c8c
2025-10-07 20:52:02,050 [c11f8a16-55ee-4f22-a5a5-7daf2dffa753-CreatePipelineCommandHandlerThread-0] INFO  commandhandler.CreatePipelineCommandHandler (CreatePipelineCommandHandler.java:lambda$handle$2(141)) - Created Pipeline RATIS ONE Pipeline-275b7e98-611c-44c8-a058-5472c7309c8c.
2025-10-07 20:52:02,051 [c11f8a16-55ee-4f22-a5a5-7daf2dffa753-CreatePipelineCommandHandlerThread-0] INFO  server.RaftServer (RaftServerProxy.java:addNew(105)) - c11f8a16-55ee-4f22-a5a5-7daf2dffa753: addNew group-1DF5C6B9164D:[7d2db622-5327-4122-ba03-be97b5575303|127.0.0.1:15033, fa7382a0-3089-4eb6-af6f-f8f16393fa81|127.0.0.1:15017, c11f8a16-55ee-4f22-a5a5-7daf2dffa753|127.0.0.1:15025] returns group-1DF5C6B9164D:java.util.concurrent.CompletableFuture@38fbc88b[Not completed]
2025-10-07 20:52:02,053 [c11f8a16-55ee-4f22-a5a5-7daf2dffa753-groupManagement] INFO  server.RaftServer$Division (RaftServerImpl.java:<init>(268)) - c11f8a16-55ee-4f22-a5a5-7daf2dffa753: new RaftServerImpl for group-1DF5C6B9164D:[7d2db622-5327-4122-ba03-be97b5575303|127.0.0.1:15033, fa7382a0-3089-4eb6-af6f-f8f16393fa81|127.0.0.1:15017, c11f8a16-55ee-4f22-a5a5-7daf2dffa753|127.0.0.1:15025] with ContainerStateMachine:uninitialized
2025-10-07 20:52:02,053 [c11f8a16-55ee-4f22-a5a5-7daf2dffa753-groupManagement] INFO  server.RaftServer$Division (ServerState.java:<init>(114)) - c11f8a16-55ee-4f22-a5a5-7daf2dffa753@group-1DF5C6B9164D: ConfigurationManager, init=conf: {index: -1, cur=peers:[7d2db622-5327-4122-ba03-be97b5575303|127.0.0.1:15033, fa7382a0-3089-4eb6-af6f-f8f16393fa81|127.0.0.1:15017, c11f8a16-55ee-4f22-a5a5-7daf2dffa753|127.0.0.1:15025]|listeners:[], old=null}, confs=<EMPTY_MAP>
2025-10-07 20:52:02,059 [c11f8a16-55ee-4f22-a5a5-7daf2dffa753-groupManagement] INFO  storage.RaftStorageDirectory (RaftStorageDirectoryImpl.java:analyzeStorage(138)) - The storage directory /home/runner/work/ozone/ozone/hadoop-ozone/integration-test-recon/target/test-dir/MiniOzoneClusterImpl-b15909b8-03a8-4b15-aaa3-a668c086c089/ozone-metadata/datanode-2/ratis/3c759d96-e2b8-41d5-92c0-1df5c6b9164d does not exist. Creating ...
2025-10-07 20:52:02,060 [c11f8a16-55ee-4f22-a5a5-7daf2dffa753-groupManagement] INFO  storage.RaftStorageDirectory (RaftStorageDirectoryImpl.java:tryLock(229)) - Lock on /home/runner/work/ozone/ozone/hadoop-ozone/integration-test-recon/target/test-dir/MiniOzoneClusterImpl-b15909b8-03a8-4b15-aaa3-a668c086c089/ozone-metadata/datanode-2/ratis/3c759d96-e2b8-41d5-92c0-1df5c6b9164d/in_use.lock acquired by nodename 132138@localhost
2025-10-07 20:52:02,062 [c11f8a16-55ee-4f22-a5a5-7daf2dffa753-groupManagement] INFO  storage.RaftStorage (RaftStorageImpl.java:format(98)) - Storage directory /home/runner/work/ozone/ozone/hadoop-ozone/integration-test-recon/target/test-dir/MiniOzoneClusterImpl-b15909b8-03a8-4b15-aaa3-a668c086c089/ozone-metadata/datanode-2/ratis/3c759d96-e2b8-41d5-92c0-1df5c6b9164d has been successfully formatted.
2025-10-07 20:52:02,063 [c11f8a16-55ee-4f22-a5a5-7daf2dffa753-groupManagement] INFO  ratis.ContainerStateMachine (ContainerStateMachine.java:initialize(339)) - c11f8a16-55ee-4f22-a5a5-7daf2dffa753: initialize group-1DF5C6B9164D
2025-10-07 20:52:02,063 [c11f8a16-55ee-4f22-a5a5-7daf2dffa753-groupManagement] INFO  ratis.ContainerStateMachine (ContainerStateMachine.java:loadSnapshot(347)) - group-1DF5C6B9164D: The snapshot info is null. Setting the last applied index to:<INITIAL_VALUE>
2025-10-07 20:52:02,063 [c11f8a16-55ee-4f22-a5a5-7daf2dffa753-groupManagement] INFO  server.RaftServerConfigKeys (ConfUtils.java:logGet(62)) - raft.server.log.appender.buffer.byte-limit = 33554432 (custom)
2025-10-07 20:52:02,065 [c11f8a16-55ee-4f22-a5a5-7daf2dffa753-groupManagement] INFO  server.RaftServerConfigKeys (ConfUtils.java:logGet(62)) - raft.server.log.segment.size.max = 67108864 (custom)
2025-10-07 20:52:02,065 [Recon-EventQueue-PipelineReportForReconPipelineReportHandler] INFO  scm.ReconPipelineReportHandler (ReconPipelineReportHandler.java:processPipelineReport(102)) - Pipeline RATIS/THREE Pipeline-3c759d96-e2b8-41d5-92c0-1df5c6b9164d reported by c11f8a16-55ee-4f22-a5a5-7daf2dffa753(localhost/127.0.0.1)
2025-10-07 20:52:02,066 [EventQueue-PipelineReportForOneReplicaPipelineSafeModeRule] INFO  safemode.SCMSafeModeManager (SCMSafeModeManager.java:validateSafeModeExitRules(138)) - AtleastOneDatanodeReportedRule rule is successfully validated
2025-10-07 20:52:02,068 [c11f8a16-55ee-4f22-a5a5-7daf2dffa753-groupManagement] INFO  server.RaftServerConfigKeys (ConfUtils.java:logGet(62)) - raft.server.log.appender.buffer.byte-limit = 33554432 (custom)
2025-10-07 20:52:02,068 [c11f8a16-55ee-4f22-a5a5-7daf2dffa753-groupManagement] INFO  util.AwaitToRun (AwaitToRun.java:start(81)) - Thread[#1059,c11f8a16-55ee-4f22-a5a5-7daf2dffa753@group-1DF5C6B9164D-cacheEviction-AwaitToRun,5,main] started
2025-10-07 20:52:02,069 [c11f8a16-55ee-4f22-a5a5-7daf2dffa753-groupManagement] INFO  segmented.SegmentedRaftLogWorker (SegmentedRaftLogWorker.java:<init>(190)) - new c11f8a16-55ee-4f22-a5a5-7daf2dffa753@group-1DF5C6B9164D-SegmentedRaftLogWorker for RaftStorageImpl:Storage Directory /home/runner/work/ozone/ozone/hadoop-ozone/integration-test-recon/target/test-dir/MiniOzoneClusterImpl-b15909b8-03a8-4b15-aaa3-a668c086c089/ozone-metadata/datanode-2/ratis/3c759d96-e2b8-41d5-92c0-1df5c6b9164d
2025-10-07 20:52:02,069 [c11f8a16-55ee-4f22-a5a5-7daf2dffa753-groupManagement] INFO  server.RaftServerConfigKeys (ConfUtils.java:logGet(62)) - raft.server.log.queue.byte-limit = 4294967296 (custom)
2025-10-07 20:52:02,069 [c11f8a16-55ee-4f22-a5a5-7daf2dffa753-groupManagement] INFO  server.RaftServerConfigKeys (ConfUtils.java:logGet(62)) - raft.server.log.segment.size.max = 67108864 (custom)
2025-10-07 20:52:02,069 [c11f8a16-55ee-4f22-a5a5-7daf2dffa753-groupManagement] INFO  server.RaftServerConfigKeys (ConfUtils.java:logGet(62)) - raft.server.log.preallocated.size = 4194304 (custom)
2025-10-07 20:52:02,069 [c11f8a16-55ee-4f22-a5a5-7daf2dffa753-groupManagement] INFO  server.RaftServerConfigKeys (ConfUtils.java:logGet(62)) - raft.server.log.write.buffer.size = 33554440 (custom)
2025-10-07 20:52:02,075 [c11f8a16-55ee-4f22-a5a5-7daf2dffa753-groupManagement] INFO  server.RaftServerConfigKeys (ConfUtils.java:logGet(62)) - raft.server.log.appender.buffer.byte-limit = 33554432 (custom)
2025-10-07 20:52:02,075 [c11f8a16-55ee-4f22-a5a5-7daf2dffa753-groupManagement] INFO  segmented.SegmentedRaftLogWorker (SegmentedRaftLogWorker.java:lambda$new$0(141)) - c11f8a16-55ee-4f22-a5a5-7daf2dffa753@group-1DF5C6B9164D-SegmentedRaftLogWorker: flushIndex: setUnconditionally 0 -> -1
2025-10-07 20:52:02,075 [c11f8a16-55ee-4f22-a5a5-7daf2dffa753-groupManagement] INFO  segmented.SegmentedRaftLogWorker (SegmentedRaftLogWorker.java:lambda$new$0(141)) - c11f8a16-55ee-4f22-a5a5-7daf2dffa753@group-1DF5C6B9164D-SegmentedRaftLogWorker: safeCacheEvictIndex: setUnconditionally 0 -> -1
2025-10-07 20:52:02,076 [c11f8a16-55ee-4f22-a5a5-7daf2dffa753-groupManagement] INFO  server.RaftServer$Division (RaftServerImpl.java:start(405)) - c11f8a16-55ee-4f22-a5a5-7daf2dffa753@group-1DF5C6B9164D: start as a follower, conf=conf: {index: -1, cur=peers:[7d2db622-5327-4122-ba03-be97b5575303|127.0.0.1:15033, fa7382a0-3089-4eb6-af6f-f8f16393fa81|127.0.0.1:15017, c11f8a16-55ee-4f22-a5a5-7daf2dffa753|127.0.0.1:15025]|listeners:[], old=null}
2025-10-07 20:52:02,076 [c11f8a16-55ee-4f22-a5a5-7daf2dffa753-groupManagement] INFO  server.RaftServer$Division (RaftServerImpl.java:setRole(392)) - c11f8a16-55ee-4f22-a5a5-7daf2dffa753@group-1DF5C6B9164D: changes role from      null to FOLLOWER at term 0 for startAsFollower
2025-10-07 20:52:02,076 [c11f8a16-55ee-4f22-a5a5-7daf2dffa753-groupManagement] INFO  impl.RoleInfo (RoleInfo.java:updateAndGet(148)) - c11f8a16-55ee-4f22-a5a5-7daf2dffa753: start c11f8a16-55ee-4f22-a5a5-7daf2dffa753@group-1DF5C6B9164D-FollowerState
2025-10-07 20:52:02,076 [c11f8a16-55ee-4f22-a5a5-7daf2dffa753-groupManagement] INFO  util.JmxRegister (JmxRegister.java:tryRegister(44)) - Successfully registered JMX Bean with object name Ratis:service=RaftServer,group=group-1DF5C6B9164D,id=c11f8a16-55ee-4f22-a5a5-7daf2dffa753
2025-10-07 20:52:02,077 [c11f8a16-55ee-4f22-a5a5-7daf2dffa753-groupManagement] INFO  util.JmxRegister (JmxRegister.java:register(58)) - register mxBean class org.apache.ratis.server.impl.RaftServerJmxAdapter as Ratis:service=RaftServer,group=group-1DF5C6B9164D,id=c11f8a16-55ee-4f22-a5a5-7daf2dffa753
2025-10-07 20:52:02,079 [c11f8a16-55ee-4f22-a5a5-7daf2dffa753-groupManagement] INFO  server.RaftServer$Division (RaftServerImpl.java:start(419)) - c11f8a16-55ee-4f22-a5a5-7daf2dffa753@group-1DF5C6B9164D: Successfully started.
2025-10-07 20:52:02,079 [c11f8a16-55ee-4f22-a5a5-7daf2dffa753-CreatePipelineCommandHandlerThread-0] INFO  ratis.XceiverServerRatis (XceiverServerRatis.java:addGroup(839)) - Created group Pipeline-3c759d96-e2b8-41d5-92c0-1df5c6b9164d
2025-10-07 20:52:02,144 [grpc-default-executor-1] INFO  server.RaftServer (RaftServerProxy.java:addNew(105)) - 7d2db622-5327-4122-ba03-be97b5575303: addNew group-1DF5C6B9164D:[7d2db622-5327-4122-ba03-be97b5575303|127.0.0.1:15033, fa7382a0-3089-4eb6-af6f-f8f16393fa81|127.0.0.1:15017, c11f8a16-55ee-4f22-a5a5-7daf2dffa753|127.0.0.1:15025] returns group-1DF5C6B9164D:java.util.concurrent.CompletableFuture@35caedbe[Not completed]
2025-10-07 20:52:02,145 [grpc-default-executor-0] WARN  server.GrpcAdminProtocolService (GrpcAdminProtocolService.java:lambda$groupManagement$1(53)) - Failed groupManagement: GROUPADD, GroupManagementRequest:client-E796C915C86D->fa7382a0-3089-4eb6-af6f-f8f16393fa81@group-1DF5C6B9164D, cid=2, seq=null, RW, null, Add:group-1DF5C6B9164D:[7d2db622-5327-4122-ba03-be97b5575303|127.0.0.1:15033, fa7382a0-3089-4eb6-af6f-f8f16393fa81|127.0.0.1:15017, c11f8a16-55ee-4f22-a5a5-7daf2dffa753|127.0.0.1:15025]
java.util.concurrent.CompletionException: org.apache.ratis.protocol.exceptions.AlreadyExistsException: fa7382a0-3089-4eb6-af6f-f8f16393fa81: Failed to add group-1DF5C6B9164D:[7d2db622-5327-4122-ba03-be97b5575303|127.0.0.1:15033, fa7382a0-3089-4eb6-af6f-f8f16393fa81|127.0.0.1:15017, c11f8a16-55ee-4f22-a5a5-7daf2dffa753|127.0.0.1:15025] since the group already exists in the map.
	at java.base/java.util.concurrent.CompletableFuture.encodeThrowable(CompletableFuture.java:332)
	at java.base/java.util.concurrent.CompletableFuture.uniApplyNow(CompletableFuture.java:674)
	at java.base/java.util.concurrent.CompletableFuture.uniApplyStage(CompletableFuture.java:662)
	at java.base/java.util.concurrent.CompletableFuture.thenApplyAsync(CompletableFuture.java:2210)
	at org.apache.ratis.server.impl.RaftServerProxy.groupAddAsync(RaftServerProxy.java:513)
	at org.apache.ratis.server.impl.RaftServerProxy.groupManagementAsync(RaftServerProxy.java:495)
	at org.apache.ratis.grpc.server.GrpcAdminProtocolService.lambda$groupManagement$0(GrpcAdminProtocolService.java:51)
	at org.apache.ratis.grpc.GrpcUtil.asyncCall(GrpcUtil.java:172)
	at org.apache.ratis.grpc.server.GrpcAdminProtocolService.groupManagement(GrpcAdminProtocolService.java:51)
	at org.apache.ratis.proto.grpc.AdminProtocolServiceGrpc$MethodHandlers.invoke(AdminProtocolServiceGrpc.java:701)
	at org.apache.ratis.thirdparty.io.grpc.stub.ServerCalls$UnaryServerCallHandler$UnaryServerCallListener.onHalfClose(ServerCalls.java:182)
	at org.apache.ratis.thirdparty.io.grpc.internal.ServerCallImpl$ServerStreamListenerImpl.halfClosed(ServerCallImpl.java:356)
	at org.apache.ratis.thirdparty.io.grpc.internal.ServerImpl$JumpToApplicationThreadServerStreamListener$1HalfClosed.runInContext(ServerImpl.java:861)
	at org.apache.ratis.thirdparty.io.grpc.internal.ContextRunnable.run(ContextRunnable.java:37)
	at org.apache.ratis.thirdparty.io.grpc.internal.SerializingExecutor.run(SerializingExecutor.java:133)
	at java.base/java.util.concurrent.ThreadPoolExecutor.runWorker(ThreadPoolExecutor.java:1144)
	at java.base/java.util.concurrent.ThreadPoolExecutor$Worker.run(ThreadPoolExecutor.java:642)
	at java.base/java.lang.Thread.run(Thread.java:1583)
Caused by: org.apache.ratis.protocol.exceptions.AlreadyExistsException: fa7382a0-3089-4eb6-af6f-f8f16393fa81: Failed to add group-1DF5C6B9164D:[7d2db622-5327-4122-ba03-be97b5575303|127.0.0.1:15033, fa7382a0-3089-4eb6-af6f-f8f16393fa81|127.0.0.1:15017, c11f8a16-55ee-4f22-a5a5-7daf2dffa753|127.0.0.1:15025] since the group already exists in the map.
	at org.apache.ratis.server.impl.RaftServerProxy$ImplMap.addNew(RaftServerProxy.java:99)
	at org.apache.ratis.server.impl.RaftServerProxy.groupAddAsync(RaftServerProxy.java:512)
	... 13 more
2025-10-07 20:52:02,147 [7d2db622-5327-4122-ba03-be97b5575303-groupManagement] INFO  server.RaftServer$Division (RaftServerImpl.java:<init>(268)) - 7d2db622-5327-4122-ba03-be97b5575303: new RaftServerImpl for group-1DF5C6B9164D:[7d2db622-5327-4122-ba03-be97b5575303|127.0.0.1:15033, fa7382a0-3089-4eb6-af6f-f8f16393fa81|127.0.0.1:15017, c11f8a16-55ee-4f22-a5a5-7daf2dffa753|127.0.0.1:15025] with ContainerStateMachine:uninitialized
2025-10-07 20:52:02,147 [7d2db622-5327-4122-ba03-be97b5575303-groupManagement] INFO  server.RaftServer$Division (ServerState.java:<init>(114)) - 7d2db622-5327-4122-ba03-be97b5575303@group-1DF5C6B9164D: ConfigurationManager, init=conf: {index: -1, cur=peers:[7d2db622-5327-4122-ba03-be97b5575303|127.0.0.1:15033, fa7382a0-3089-4eb6-af6f-f8f16393fa81|127.0.0.1:15017, c11f8a16-55ee-4f22-a5a5-7daf2dffa753|127.0.0.1:15025]|listeners:[], old=null}, confs=<EMPTY_MAP>
2025-10-07 20:52:02,153 [7d2db622-5327-4122-ba03-be97b5575303-groupManagement] INFO  server.RaftServerConfigKeys (ConfUtils.java:logGet(62)) - raft.server.storage.dir = [/home/runner/work/ozone/ozone/hadoop-ozone/integration-test-recon/target/test-dir/MiniOzoneClusterImpl-b15909b8-03a8-4b15-aaa3-a668c086c089/ozone-metadata/datanode-3/ratis] (custom)
2025-10-07 20:52:02,153 [7d2db622-5327-4122-ba03-be97b5575303-groupManagement] INFO  storage.RaftStorageDirectory (RaftStorageDirectoryImpl.java:analyzeStorage(138)) - The storage directory /home/runner/work/ozone/ozone/hadoop-ozone/integration-test-recon/target/test-dir/MiniOzoneClusterImpl-b15909b8-03a8-4b15-aaa3-a668c086c089/ozone-metadata/datanode-3/ratis/3c759d96-e2b8-41d5-92c0-1df5c6b9164d does not exist. Creating ...
2025-10-07 20:52:02,157 [7d2db622-5327-4122-ba03-be97b5575303-groupManagement] INFO  storage.RaftStorageDirectory (RaftStorageDirectoryImpl.java:tryLock(229)) - Lock on /home/runner/work/ozone/ozone/hadoop-ozone/integration-test-recon/target/test-dir/MiniOzoneClusterImpl-b15909b8-03a8-4b15-aaa3-a668c086c089/ozone-metadata/datanode-3/ratis/3c759d96-e2b8-41d5-92c0-1df5c6b9164d/in_use.lock acquired by nodename 132138@localhost
2025-10-07 20:52:02,160 [7d2db622-5327-4122-ba03-be97b5575303-groupManagement] INFO  storage.RaftStorage (RaftStorageImpl.java:format(98)) - Storage directory /home/runner/work/ozone/ozone/hadoop-ozone/integration-test-recon/target/test-dir/MiniOzoneClusterImpl-b15909b8-03a8-4b15-aaa3-a668c086c089/ozone-metadata/datanode-3/ratis/3c759d96-e2b8-41d5-92c0-1df5c6b9164d has been successfully formatted.
2025-10-07 20:52:02,160 [7d2db622-5327-4122-ba03-be97b5575303-groupManagement] INFO  ratis.ContainerStateMachine (ContainerStateMachine.java:initialize(339)) - 7d2db622-5327-4122-ba03-be97b5575303: initialize group-1DF5C6B9164D
2025-10-07 20:52:02,160 [7d2db622-5327-4122-ba03-be97b5575303-groupManagement] INFO  ratis.ContainerStateMachine (ContainerStateMachine.java:loadSnapshot(347)) - group-1DF5C6B9164D: The snapshot info is null. Setting the last applied index to:<INITIAL_VALUE>
2025-10-07 20:52:02,162 [7d2db622-5327-4122-ba03-be97b5575303-groupManagement] INFO  server.RaftServerConfigKeys (ConfUtils.java:logGet(62)) - raft.server.log.appender.buffer.byte-limit = 33554432 (custom)
2025-10-07 20:52:02,165 [EventQueue-PipelineReportForOneReplicaPipelineSafeModeRule] INFO  safemode.SCMSafeModeManager (SCMSafeModeManager.java:validateSafeModeExitRules(138)) - AtleastOneDatanodeReportedRule rule is successfully validated
2025-10-07 20:52:02,168 [7d2db622-5327-4122-ba03-be97b5575303-groupManagement] INFO  server.RaftServerConfigKeys (ConfUtils.java:logGet(62)) - raft.server.log.segment.size.max = 67108864 (custom)
2025-10-07 20:52:02,168 [7d2db622-5327-4122-ba03-be97b5575303-groupManagement] INFO  server.RaftServerConfigKeys (ConfUtils.java:logGet(62)) - raft.server.log.appender.buffer.byte-limit = 33554432 (custom)
2025-10-07 20:52:02,170 [IPC Server handler 10 on default port 15001] INFO  scm.ReconNodeManager (ReconNodeManager.java:register(219)) - Updated nodes db table for 7d2db622-5327-4122-ba03-be97b5575303(localhost/127.0.0.1)
2025-10-07 20:52:02,170 [IPC Server handler 10 on default port 15001] INFO  recon.ReconContext (ReconContext.java:updateHealthStatus(76)) - Update healthStatus of Recon from true to true.
2025-10-07 20:52:02,170 [Recon-EventQueue-PipelineReportForReconPipelineReportHandler] INFO  scm.ReconPipelineReportHandler (ReconPipelineReportHandler.java:processPipelineReport(102)) - Pipeline RATIS/THREE Pipeline-3c759d96-e2b8-41d5-92c0-1df5c6b9164d reported by 7d2db622-5327-4122-ba03-be97b5575303(localhost/127.0.0.1)
2025-10-07 20:52:02,171 [7d2db622-5327-4122-ba03-be97b5575303-groupManagement] INFO  util.AwaitToRun (AwaitToRun.java:start(81)) - Thread[#1065,7d2db622-5327-4122-ba03-be97b5575303@group-1DF5C6B9164D-cacheEviction-AwaitToRun,5,main] started
2025-10-07 20:52:02,171 [7d2db622-5327-4122-ba03-be97b5575303-groupManagement] INFO  segmented.SegmentedRaftLogWorker (SegmentedRaftLogWorker.java:<init>(190)) - new 7d2db622-5327-4122-ba03-be97b5575303@group-1DF5C6B9164D-SegmentedRaftLogWorker for RaftStorageImpl:Storage Directory /home/runner/work/ozone/ozone/hadoop-ozone/integration-test-recon/target/test-dir/MiniOzoneClusterImpl-b15909b8-03a8-4b15-aaa3-a668c086c089/ozone-metadata/datanode-3/ratis/3c759d96-e2b8-41d5-92c0-1df5c6b9164d
2025-10-07 20:52:02,171 [7d2db622-5327-4122-ba03-be97b5575303-groupManagement] INFO  server.RaftServerConfigKeys (ConfUtils.java:logGet(62)) - raft.server.log.queue.byte-limit = 4294967296 (custom)
2025-10-07 20:52:02,171 [7d2db622-5327-4122-ba03-be97b5575303-groupManagement] INFO  server.RaftServerConfigKeys (ConfUtils.java:logGet(62)) - raft.server.log.segment.size.max = 67108864 (custom)
2025-10-07 20:52:02,171 [7d2db622-5327-4122-ba03-be97b5575303-groupManagement] INFO  server.RaftServerConfigKeys (ConfUtils.java:logGet(62)) - raft.server.log.preallocated.size = 4194304 (custom)
2025-10-07 20:52:02,172 [7d2db622-5327-4122-ba03-be97b5575303-groupManagement] INFO  server.RaftServerConfigKeys (ConfUtils.java:logGet(62)) - raft.server.log.write.buffer.size = 33554440 (custom)
2025-10-07 20:52:02,177 [7d2db622-5327-4122-ba03-be97b5575303-groupManagement] INFO  server.RaftServerConfigKeys (ConfUtils.java:logGet(62)) - raft.server.log.appender.buffer.byte-limit = 33554432 (custom)
2025-10-07 20:52:02,178 [7d2db622-5327-4122-ba03-be97b5575303-groupManagement] INFO  segmented.SegmentedRaftLogWorker (SegmentedRaftLogWorker.java:lambda$new$0(141)) - 7d2db622-5327-4122-ba03-be97b5575303@group-1DF5C6B9164D-SegmentedRaftLogWorker: flushIndex: setUnconditionally 0 -> -1
2025-10-07 20:52:02,178 [7d2db622-5327-4122-ba03-be97b5575303-groupManagement] INFO  segmented.SegmentedRaftLogWorker (SegmentedRaftLogWorker.java:lambda$new$0(141)) - 7d2db622-5327-4122-ba03-be97b5575303@group-1DF5C6B9164D-SegmentedRaftLogWorker: safeCacheEvictIndex: setUnconditionally 0 -> -1
2025-10-07 20:52:02,178 [7d2db622-5327-4122-ba03-be97b5575303-groupManagement] INFO  server.RaftServer$Division (RaftServerImpl.java:start(405)) - 7d2db622-5327-4122-ba03-be97b5575303@group-1DF5C6B9164D: start as a follower, conf=conf: {index: -1, cur=peers:[7d2db622-5327-4122-ba03-be97b5575303|127.0.0.1:15033, fa7382a0-3089-4eb6-af6f-f8f16393fa81|127.0.0.1:15017, c11f8a16-55ee-4f22-a5a5-7daf2dffa753|127.0.0.1:15025]|listeners:[], old=null}
2025-10-07 20:52:02,178 [7d2db622-5327-4122-ba03-be97b5575303-groupManagement] INFO  server.RaftServer$Division (RaftServerImpl.java:setRole(392)) - 7d2db622-5327-4122-ba03-be97b5575303@group-1DF5C6B9164D: changes role from      null to FOLLOWER at term 0 for startAsFollower
2025-10-07 20:52:02,178 [7d2db622-5327-4122-ba03-be97b5575303-groupManagement] INFO  impl.RoleInfo (RoleInfo.java:updateAndGet(148)) - 7d2db622-5327-4122-ba03-be97b5575303: start 7d2db622-5327-4122-ba03-be97b5575303@group-1DF5C6B9164D-FollowerState
2025-10-07 20:52:02,179 [7d2db622-5327-4122-ba03-be97b5575303-groupManagement] INFO  util.JmxRegister (JmxRegister.java:tryRegister(44)) - Successfully registered JMX Bean with object name Ratis:service=RaftServer,group=group-1DF5C6B9164D,id=7d2db622-5327-4122-ba03-be97b5575303
2025-10-07 20:52:02,179 [7d2db622-5327-4122-ba03-be97b5575303-groupManagement] INFO  util.JmxRegister (JmxRegister.java:register(58)) - register mxBean class org.apache.ratis.server.impl.RaftServerJmxAdapter as Ratis:service=RaftServer,group=group-1DF5C6B9164D,id=7d2db622-5327-4122-ba03-be97b5575303
2025-10-07 20:52:02,180 [7d2db622-5327-4122-ba03-be97b5575303-groupManagement] INFO  server.RaftServer$Division (RaftServerImpl.java:start(419)) - 7d2db622-5327-4122-ba03-be97b5575303@group-1DF5C6B9164D: Successfully started.
2025-10-07 20:52:02,197 [grpc-default-executor-0] WARN  server.GrpcAdminProtocolService (GrpcAdminProtocolService.java:lambda$groupManagement$1(53)) - Failed groupManagement: GROUPADD, GroupManagementRequest:client-26152054AE92->7d2db622-5327-4122-ba03-be97b5575303@group-1DF5C6B9164D, cid=3, seq=null, RW, null, Add:group-1DF5C6B9164D:[7d2db622-5327-4122-ba03-be97b5575303|127.0.0.1:15033, fa7382a0-3089-4eb6-af6f-f8f16393fa81|127.0.0.1:15017, c11f8a16-55ee-4f22-a5a5-7daf2dffa753|127.0.0.1:15025]
java.util.concurrent.CompletionException: org.apache.ratis.protocol.exceptions.AlreadyExistsException: 7d2db622-5327-4122-ba03-be97b5575303: Failed to add group-1DF5C6B9164D:[7d2db622-5327-4122-ba03-be97b5575303|127.0.0.1:15033, fa7382a0-3089-4eb6-af6f-f8f16393fa81|127.0.0.1:15017, c11f8a16-55ee-4f22-a5a5-7daf2dffa753|127.0.0.1:15025] since the group already exists in the map.
	at java.base/java.util.concurrent.CompletableFuture.encodeThrowable(CompletableFuture.java:332)
	at java.base/java.util.concurrent.CompletableFuture.uniApplyNow(CompletableFuture.java:674)
	at java.base/java.util.concurrent.CompletableFuture.uniApplyStage(CompletableFuture.java:662)
	at java.base/java.util.concurrent.CompletableFuture.thenApplyAsync(CompletableFuture.java:2210)
	at org.apache.ratis.server.impl.RaftServerProxy.groupAddAsync(RaftServerProxy.java:513)
	at org.apache.ratis.server.impl.RaftServerProxy.groupManagementAsync(RaftServerProxy.java:495)
	at org.apache.ratis.grpc.server.GrpcAdminProtocolService.lambda$groupManagement$0(GrpcAdminProtocolService.java:51)
	at org.apache.ratis.grpc.GrpcUtil.asyncCall(GrpcUtil.java:172)
	at org.apache.ratis.grpc.server.GrpcAdminProtocolService.groupManagement(GrpcAdminProtocolService.java:51)
	at org.apache.ratis.proto.grpc.AdminProtocolServiceGrpc$MethodHandlers.invoke(AdminProtocolServiceGrpc.java:701)
	at org.apache.ratis.thirdparty.io.grpc.stub.ServerCalls$UnaryServerCallHandler$UnaryServerCallListener.onHalfClose(ServerCalls.java:182)
	at org.apache.ratis.thirdparty.io.grpc.internal.ServerCallImpl$ServerStreamListenerImpl.halfClosed(ServerCallImpl.java:356)
	at org.apache.ratis.thirdparty.io.grpc.internal.ServerImpl$JumpToApplicationThreadServerStreamListener$1HalfClosed.runInContext(ServerImpl.java:861)
	at org.apache.ratis.thirdparty.io.grpc.internal.ContextRunnable.run(ContextRunnable.java:37)
	at org.apache.ratis.thirdparty.io.grpc.internal.SerializingExecutor.run(SerializingExecutor.java:133)
	at java.base/java.util.concurrent.ThreadPoolExecutor.runWorker(ThreadPoolExecutor.java:1144)
	at java.base/java.util.concurrent.ThreadPoolExecutor$Worker.run(ThreadPoolExecutor.java:642)
	at java.base/java.lang.Thread.run(Thread.java:1583)
Caused by: org.apache.ratis.protocol.exceptions.AlreadyExistsException: 7d2db622-5327-4122-ba03-be97b5575303: Failed to add group-1DF5C6B9164D:[7d2db622-5327-4122-ba03-be97b5575303|127.0.0.1:15033, fa7382a0-3089-4eb6-af6f-f8f16393fa81|127.0.0.1:15017, c11f8a16-55ee-4f22-a5a5-7daf2dffa753|127.0.0.1:15025] since the group already exists in the map.
	at org.apache.ratis.server.impl.RaftServerProxy$ImplMap.addNew(RaftServerProxy.java:99)
	at org.apache.ratis.server.impl.RaftServerProxy.groupAddAsync(RaftServerProxy.java:512)
	... 13 more
2025-10-07 20:52:02,208 [c11f8a16-55ee-4f22-a5a5-7daf2dffa753-CreatePipelineCommandHandlerThread-0] INFO  commandhandler.CreatePipelineCommandHandler (CreatePipelineCommandHandler.java:lambda$handle$2(141)) - Created Pipeline RATIS THREE Pipeline-3c759d96-e2b8-41d5-92c0-1df5c6b9164d.
2025-10-07 20:52:02,218 [grpc-default-executor-0] WARN  server.GrpcAdminProtocolService (GrpcAdminProtocolService.java:lambda$groupManagement$1(53)) - Failed groupManagement: GROUPADD, GroupManagementRequest:client-43E47B7E9007->c11f8a16-55ee-4f22-a5a5-7daf2dffa753@group-1DF5C6B9164D, cid=4, seq=null, RW, null, Add:group-1DF5C6B9164D:[7d2db622-5327-4122-ba03-be97b5575303|127.0.0.1:15033, fa7382a0-3089-4eb6-af6f-f8f16393fa81|127.0.0.1:15017, c11f8a16-55ee-4f22-a5a5-7daf2dffa753|127.0.0.1:15025]
java.util.concurrent.CompletionException: org.apache.ratis.protocol.exceptions.AlreadyExistsException: c11f8a16-55ee-4f22-a5a5-7daf2dffa753: Failed to add group-1DF5C6B9164D:[7d2db622-5327-4122-ba03-be97b5575303|127.0.0.1:15033, fa7382a0-3089-4eb6-af6f-f8f16393fa81|127.0.0.1:15017, c11f8a16-55ee-4f22-a5a5-7daf2dffa753|127.0.0.1:15025] since the group already exists in the map.
	at java.base/java.util.concurrent.CompletableFuture.encodeThrowable(CompletableFuture.java:332)
	at java.base/java.util.concurrent.CompletableFuture.uniApplyNow(CompletableFuture.java:674)
	at java.base/java.util.concurrent.CompletableFuture.uniApplyStage(CompletableFuture.java:662)
	at java.base/java.util.concurrent.CompletableFuture.thenApplyAsync(CompletableFuture.java:2210)
	at org.apache.ratis.server.impl.RaftServerProxy.groupAddAsync(RaftServerProxy.java:513)
	at org.apache.ratis.server.impl.RaftServerProxy.groupManagementAsync(RaftServerProxy.java:495)
	at org.apache.ratis.grpc.server.GrpcAdminProtocolService.lambda$groupManagement$0(GrpcAdminProtocolService.java:51)
	at org.apache.ratis.grpc.GrpcUtil.asyncCall(GrpcUtil.java:172)
	at org.apache.ratis.grpc.server.GrpcAdminProtocolService.groupManagement(GrpcAdminProtocolService.java:51)
	at org.apache.ratis.proto.grpc.AdminProtocolServiceGrpc$MethodHandlers.invoke(AdminProtocolServiceGrpc.java:701)
	at org.apache.ratis.thirdparty.io.grpc.stub.ServerCalls$UnaryServerCallHandler$UnaryServerCallListener.onHalfClose(ServerCalls.java:182)
	at org.apache.ratis.thirdparty.io.grpc.internal.ServerCallImpl$ServerStreamListenerImpl.halfClosed(ServerCallImpl.java:356)
	at org.apache.ratis.thirdparty.io.grpc.internal.ServerImpl$JumpToApplicationThreadServerStreamListener$1HalfClosed.runInContext(ServerImpl.java:861)
	at org.apache.ratis.thirdparty.io.grpc.internal.ContextRunnable.run(ContextRunnable.java:37)
	at org.apache.ratis.thirdparty.io.grpc.internal.SerializingExecutor.run(SerializingExecutor.java:133)
	at java.base/java.util.concurrent.ThreadPoolExecutor.runWorker(ThreadPoolExecutor.java:1144)
	at java.base/java.util.concurrent.ThreadPoolExecutor$Worker.run(ThreadPoolExecutor.java:642)
	at java.base/java.lang.Thread.run(Thread.java:1583)
Caused by: org.apache.ratis.protocol.exceptions.AlreadyExistsException: c11f8a16-55ee-4f22-a5a5-7daf2dffa753: Failed to add group-1DF5C6B9164D:[7d2db622-5327-4122-ba03-be97b5575303|127.0.0.1:15033, fa7382a0-3089-4eb6-af6f-f8f16393fa81|127.0.0.1:15017, c11f8a16-55ee-4f22-a5a5-7daf2dffa753|127.0.0.1:15025] since the group already exists in the map.
	at org.apache.ratis.server.impl.RaftServerProxy$ImplMap.addNew(RaftServerProxy.java:99)
	at org.apache.ratis.server.impl.RaftServerProxy.groupAddAsync(RaftServerProxy.java:512)
	... 13 more
2025-10-07 20:52:02,225 [fa7382a0-3089-4eb6-af6f-f8f16393fa81-CreatePipelineCommandHandlerThread-0] INFO  commandhandler.CreatePipelineCommandHandler (CreatePipelineCommandHandler.java:lambda$handle$2(141)) - Created Pipeline RATIS THREE Pipeline-3c759d96-e2b8-41d5-92c0-1df5c6b9164d.
2025-10-07 20:52:02,230 [7d2db622-5327-4122-ba03-be97b5575303-CreatePipelineCommandHandlerThread-0] INFO  server.RaftServer (RaftServerProxy.java:addNew(105)) - 7d2db622-5327-4122-ba03-be97b5575303: addNew group-79D92D5C683F:[7d2db622-5327-4122-ba03-be97b5575303|127.0.0.1:15033] returns group-79D92D5C683F:java.util.concurrent.CompletableFuture@337bc081[Not completed]
2025-10-07 20:52:02,232 [7d2db622-5327-4122-ba03-be97b5575303-groupManagement] INFO  server.RaftServer$Division (RaftServerImpl.java:<init>(268)) - 7d2db622-5327-4122-ba03-be97b5575303: new RaftServerImpl for group-79D92D5C683F:[7d2db622-5327-4122-ba03-be97b5575303|127.0.0.1:15033] with ContainerStateMachine:uninitialized
2025-10-07 20:52:02,232 [7d2db622-5327-4122-ba03-be97b5575303-groupManagement] INFO  server.RaftServer$Division (ServerState.java:<init>(114)) - 7d2db622-5327-4122-ba03-be97b5575303@group-79D92D5C683F: ConfigurationManager, init=conf: {index: -1, cur=peers:[7d2db622-5327-4122-ba03-be97b5575303|127.0.0.1:15033]|listeners:[], old=null}, confs=<EMPTY_MAP>
2025-10-07 20:52:02,238 [7d2db622-5327-4122-ba03-be97b5575303-groupManagement] INFO  storage.RaftStorageDirectory (RaftStorageDirectoryImpl.java:analyzeStorage(138)) - The storage directory /home/runner/work/ozone/ozone/hadoop-ozone/integration-test-recon/target/test-dir/MiniOzoneClusterImpl-b15909b8-03a8-4b15-aaa3-a668c086c089/ozone-metadata/datanode-3/ratis/8831db63-0960-497d-8895-79d92d5c683f does not exist. Creating ...
2025-10-07 20:52:02,239 [7d2db622-5327-4122-ba03-be97b5575303-groupManagement] INFO  storage.RaftStorageDirectory (RaftStorageDirectoryImpl.java:tryLock(229)) - Lock on /home/runner/work/ozone/ozone/hadoop-ozone/integration-test-recon/target/test-dir/MiniOzoneClusterImpl-b15909b8-03a8-4b15-aaa3-a668c086c089/ozone-metadata/datanode-3/ratis/8831db63-0960-497d-8895-79d92d5c683f/in_use.lock acquired by nodename 132138@localhost
2025-10-07 20:52:02,240 [7d2db622-5327-4122-ba03-be97b5575303-groupManagement] INFO  storage.RaftStorage (RaftStorageImpl.java:format(98)) - Storage directory /home/runner/work/ozone/ozone/hadoop-ozone/integration-test-recon/target/test-dir/MiniOzoneClusterImpl-b15909b8-03a8-4b15-aaa3-a668c086c089/ozone-metadata/datanode-3/ratis/8831db63-0960-497d-8895-79d92d5c683f has been successfully formatted.
2025-10-07 20:52:02,242 [7d2db622-5327-4122-ba03-be97b5575303-groupManagement] INFO  ratis.ContainerStateMachine (ContainerStateMachine.java:initialize(339)) - 7d2db622-5327-4122-ba03-be97b5575303: initialize group-79D92D5C683F
2025-10-07 20:52:02,242 [7d2db622-5327-4122-ba03-be97b5575303-groupManagement] INFO  ratis.ContainerStateMachine (ContainerStateMachine.java:loadSnapshot(347)) - group-79D92D5C683F: The snapshot info is null. Setting the last applied index to:<INITIAL_VALUE>
2025-10-07 20:52:02,243 [EventQueue-PipelineReportForOneReplicaPipelineSafeModeRule] INFO  safemode.SCMSafeModeManager (SCMSafeModeManager.java:validateSafeModeExitRules(138)) - AtleastOneDatanodeReportedRule rule is successfully validated
2025-10-07 20:52:02,243 [7d2db622-5327-4122-ba03-be97b5575303-groupManagement] INFO  server.RaftServerConfigKeys (ConfUtils.java:logGet(62)) - raft.server.log.appender.buffer.byte-limit = 33554432 (custom)
2025-10-07 20:52:02,245 [Recon-EventQueue-PipelineReportForReconPipelineReportHandler] INFO  scm.ReconPipelineReportHandler (ReconPipelineReportHandler.java:processPipelineReport(66)) - Unknown pipeline Pipeline-8831db63-0960-497d-8895-79d92d5c683f. Trying to get from SCM.
2025-10-07 20:52:02,248 [7d2db622-5327-4122-ba03-be97b5575303-groupManagement] INFO  server.RaftServerConfigKeys (ConfUtils.java:logGet(62)) - raft.server.log.segment.size.max = 67108864 (custom)
2025-10-07 20:52:02,248 [7d2db622-5327-4122-ba03-be97b5575303-groupManagement] INFO  server.RaftServerConfigKeys (ConfUtils.java:logGet(62)) - raft.server.log.appender.buffer.byte-limit = 33554432 (custom)
2025-10-07 20:52:02,248 [Recon-EventQueue-PipelineReportForReconPipelineReportHandler] INFO  scm.ReconPipelineReportHandler (ReconPipelineReportHandler.java:processPipelineReport(85)) - Pipeline Pipeline{ Id: 8831db63-0960-497d-8895-79d92d5c683f, Nodes: [ {7d2db622-5327-4122-ba03-be97b5575303(localhost/127.0.0.1), ReplicaIndex: 0},], ReplicationConfig: RATIS/ONE, State:ALLOCATED, leaderId:7d2db622-5327-4122-ba03-be97b5575303, CreationTimestamp2025-10-07T20:51:59.732Z[Etc/UTC]} verified from SCM and added to Recon pipeline metadata.
2025-10-07 20:52:02,248 [Recon-EventQueue-PipelineReportForReconPipelineReportHandler] INFO  scm.ReconPipelineReportHandler (ReconPipelineReportHandler.java:processPipelineReport(102)) - Pipeline RATIS/ONE Pipeline-8831db63-0960-497d-8895-79d92d5c683f reported by 7d2db622-5327-4122-ba03-be97b5575303(localhost/127.0.0.1)
2025-10-07 20:52:02,249 [Recon-EventQueue-PipelineReportForReconPipelineReportHandler] INFO  scm.ReconPipelineReportHandler (ReconPipelineReportHandler.java:processPipelineReport(102)) - Pipeline RATIS/THREE Pipeline-3c759d96-e2b8-41d5-92c0-1df5c6b9164d reported by 7d2db622-5327-4122-ba03-be97b5575303(localhost/127.0.0.1)
2025-10-07 20:52:02,249 [04372c61-9371-4ab6-9533-e94413dada7c@group-A668C086C089-StateMachineUpdater] INFO  safemode.SCMSafeModeManager (SCMSafeModeManager.java:validateSafeModeExitRules(138)) - DataNodeSafeModeRule rule is successfully validated
2025-10-07 20:52:02,250 [04372c61-9371-4ab6-9533-e94413dada7c@group-A668C086C089-StateMachineUpdater] INFO  safemode.SCMSafeModeManager (SCMSafeModeManager.java:validateSafeModeExitRules(138)) - RatisContainerSafeModeRule rule is successfully validated
2025-10-07 20:52:02,250 [7d2db622-5327-4122-ba03-be97b5575303-groupManagement] INFO  util.AwaitToRun (AwaitToRun.java:start(81)) - Thread[#1082,7d2db622-5327-4122-ba03-be97b5575303@group-79D92D5C683F-cacheEviction-AwaitToRun,5,main] started
2025-10-07 20:52:02,250 [7d2db622-5327-4122-ba03-be97b5575303-groupManagement] INFO  segmented.SegmentedRaftLogWorker (SegmentedRaftLogWorker.java:<init>(190)) - new 7d2db622-5327-4122-ba03-be97b5575303@group-79D92D5C683F-SegmentedRaftLogWorker for RaftStorageImpl:Storage Directory /home/runner/work/ozone/ozone/hadoop-ozone/integration-test-recon/target/test-dir/MiniOzoneClusterImpl-b15909b8-03a8-4b15-aaa3-a668c086c089/ozone-metadata/datanode-3/ratis/8831db63-0960-497d-8895-79d92d5c683f
2025-10-07 20:52:02,250 [04372c61-9371-4ab6-9533-e94413dada7c@group-A668C086C089-StateMachineUpdater] INFO  safemode.HealthyPipelineSafeModeRule (HealthyPipelineSafeModeRule.java:initializeRule(228)) - Refreshed total pipeline count is 0, healthy pipeline threshold count is 1
2025-10-07 20:52:02,250 [7d2db622-5327-4122-ba03-be97b5575303-groupManagement] INFO  server.RaftServerConfigKeys (ConfUtils.java:logGet(62)) - raft.server.log.queue.byte-limit = 4294967296 (custom)
2025-10-07 20:52:02,250 [04372c61-9371-4ab6-9533-e94413dada7c@group-A668C086C089-StateMachineUpdater] INFO  safemode.SCMSafeModeManager (SCMSafeModeManager.java:validateSafeModeExitRules(138)) - ECContainerSafeModeRule rule is successfully validated
2025-10-07 20:52:02,250 [04372c61-9371-4ab6-9533-e94413dada7c@group-A668C086C089-StateMachineUpdater] INFO  safemode.SCMSafeModeManager (SCMSafeModeManager.java:validateSafeModeExitRules(138)) - AtleastOneDatanodeReportedRule rule is successfully validated
2025-10-07 20:52:02,251 [EventQueue-PipelineReportForPipelineReportHandler] INFO  pipeline.PipelineReportHandler (PipelineReportHandler.java:processPipelineReport(132)) - Opened pipeline Pipeline-8831db63-0960-497d-8895-79d92d5c683f
2025-10-07 20:52:02,250 [7d2db622-5327-4122-ba03-be97b5575303-groupManagement] INFO  server.RaftServerConfigKeys (ConfUtils.java:logGet(62)) - raft.server.log.segment.size.max = 67108864 (custom)
2025-10-07 20:52:02,251 [7d2db622-5327-4122-ba03-be97b5575303-groupManagement] INFO  server.RaftServerConfigKeys (ConfUtils.java:logGet(62)) - raft.server.log.preallocated.size = 4194304 (custom)
2025-10-07 20:52:02,252 [7d2db622-5327-4122-ba03-be97b5575303-groupManagement] INFO  server.RaftServerConfigKeys (ConfUtils.java:logGet(62)) - raft.server.log.write.buffer.size = 33554440 (custom)
2025-10-07 20:52:02,256 [7d2db622-5327-4122-ba03-be97b5575303-groupManagement] INFO  server.RaftServerConfigKeys (ConfUtils.java:logGet(62)) - raft.server.log.appender.buffer.byte-limit = 33554432 (custom)
2025-10-07 20:52:02,257 [7d2db622-5327-4122-ba03-be97b5575303-groupManagement] INFO  segmented.SegmentedRaftLogWorker (SegmentedRaftLogWorker.java:lambda$new$0(141)) - 7d2db622-5327-4122-ba03-be97b5575303@group-79D92D5C683F-SegmentedRaftLogWorker: flushIndex: setUnconditionally 0 -> -1
2025-10-07 20:52:02,257 [7d2db622-5327-4122-ba03-be97b5575303-groupManagement] INFO  segmented.SegmentedRaftLogWorker (SegmentedRaftLogWorker.java:lambda$new$0(141)) - 7d2db622-5327-4122-ba03-be97b5575303@group-79D92D5C683F-SegmentedRaftLogWorker: safeCacheEvictIndex: setUnconditionally 0 -> -1
2025-10-07 20:52:02,257 [7d2db622-5327-4122-ba03-be97b5575303-groupManagement] INFO  server.RaftServer$Division (RaftServerImpl.java:start(405)) - 7d2db622-5327-4122-ba03-be97b5575303@group-79D92D5C683F: start as a follower, conf=conf: {index: -1, cur=peers:[7d2db622-5327-4122-ba03-be97b5575303|127.0.0.1:15033]|listeners:[], old=null}
2025-10-07 20:52:02,258 [7d2db622-5327-4122-ba03-be97b5575303-groupManagement] INFO  server.RaftServer$Division (RaftServerImpl.java:setRole(392)) - 7d2db622-5327-4122-ba03-be97b5575303@group-79D92D5C683F: changes role from      null to FOLLOWER at term 0 for startAsFollower
2025-10-07 20:52:02,258 [7d2db622-5327-4122-ba03-be97b5575303-groupManagement] INFO  impl.RoleInfo (RoleInfo.java:updateAndGet(148)) - 7d2db622-5327-4122-ba03-be97b5575303: start 7d2db622-5327-4122-ba03-be97b5575303@group-79D92D5C683F-FollowerState
2025-10-07 20:52:02,258 [7d2db622-5327-4122-ba03-be97b5575303-groupManagement] INFO  util.JmxRegister (JmxRegister.java:tryRegister(44)) - Successfully registered JMX Bean with object name Ratis:service=RaftServer,group=group-79D92D5C683F,id=7d2db622-5327-4122-ba03-be97b5575303
2025-10-07 20:52:02,258 [7d2db622-5327-4122-ba03-be97b5575303-groupManagement] INFO  util.JmxRegister (JmxRegister.java:register(58)) - register mxBean class org.apache.ratis.server.impl.RaftServerJmxAdapter as Ratis:service=RaftServer,group=group-79D92D5C683F,id=7d2db622-5327-4122-ba03-be97b5575303
2025-10-07 20:52:02,259 [7d2db622-5327-4122-ba03-be97b5575303-groupManagement] INFO  server.RaftServer$Division (RaftServerImpl.java:start(419)) - 7d2db622-5327-4122-ba03-be97b5575303@group-79D92D5C683F: Successfully started.
2025-10-07 20:52:02,259 [7d2db622-5327-4122-ba03-be97b5575303-CreatePipelineCommandHandlerThread-0] INFO  ratis.XceiverServerRatis (XceiverServerRatis.java:addGroup(839)) - Created group Pipeline-8831db63-0960-497d-8895-79d92d5c683f
2025-10-07 20:52:02,259 [7d2db622-5327-4122-ba03-be97b5575303-CreatePipelineCommandHandlerThread-0] INFO  commandhandler.CreatePipelineCommandHandler (CreatePipelineCommandHandler.java:lambda$handle$2(141)) - Created Pipeline RATIS ONE Pipeline-8831db63-0960-497d-8895-79d92d5c683f.
2025-10-07 20:52:02,294 [ForkJoinPool-1-worker-1] INFO  ozone.MiniOzoneClusterImpl (MiniOzoneClusterImpl.java:lambda$waitForClusterToBeReady$0(181)) - Nodes are ready. Got 5 of 5 DN Heartbeats.
2025-10-07 20:52:02,295 [ForkJoinPool-1-worker-1] INFO  ozone.MiniOzoneClusterImpl (MiniOzoneClusterImpl.java:lambda$waitForClusterToBeReady$0(184)) - Waiting for cluster to exit safe mode
2025-10-07 20:52:02,295 [ForkJoinPool-1-worker-1] INFO  ozone.MiniOzoneClusterImpl (MiniOzoneClusterImpl.java:lambda$waitForClusterToBeReady$0(186)) - SCM became leader
2025-10-07 20:52:02,497 [ReplicationMonitor] INFO  replication.ReplicationManager (ReplicationManager.java:processAll(359)) - Replication Manager is not ready to run until 3000ms after safemode exit
2025-10-07 20:52:02,520 [fc0351b7-0c71-4a2a-a0ca-337e5c0b1c14-CreatePipelineCommandHandlerThread-0] INFO  server.RaftServer (RaftServerProxy.java:addNew(105)) - fc0351b7-0c71-4a2a-a0ca-337e5c0b1c14: addNew group-B7EF3C0ABF3A:[fc0351b7-0c71-4a2a-a0ca-337e5c0b1c14|127.0.0.1:15041] returns group-B7EF3C0ABF3A:java.util.concurrent.CompletableFuture@17a6ed5b[Not completed]
2025-10-07 20:52:02,522 [fc0351b7-0c71-4a2a-a0ca-337e5c0b1c14-groupManagement] INFO  server.RaftServer$Division (RaftServerImpl.java:<init>(268)) - fc0351b7-0c71-4a2a-a0ca-337e5c0b1c14: new RaftServerImpl for group-B7EF3C0ABF3A:[fc0351b7-0c71-4a2a-a0ca-337e5c0b1c14|127.0.0.1:15041] with ContainerStateMachine:uninitialized
2025-10-07 20:52:02,522 [fc0351b7-0c71-4a2a-a0ca-337e5c0b1c14-groupManagement] INFO  server.RaftServer$Division (ServerState.java:<init>(114)) - fc0351b7-0c71-4a2a-a0ca-337e5c0b1c14@group-B7EF3C0ABF3A: ConfigurationManager, init=conf: {index: -1, cur=peers:[fc0351b7-0c71-4a2a-a0ca-337e5c0b1c14|127.0.0.1:15041]|listeners:[], old=null}, confs=<EMPTY_MAP>
2025-10-07 20:52:02,522 [IPC Server handler 12 on default port 15001] INFO  scm.ReconNodeManager (ReconNodeManager.java:register(219)) - Updated nodes db table for fc0351b7-0c71-4a2a-a0ca-337e5c0b1c14(localhost/127.0.0.1)
2025-10-07 20:52:02,523 [IPC Server handler 12 on default port 15001] INFO  recon.ReconContext (ReconContext.java:updateHealthStatus(76)) - Update healthStatus of Recon from true to true.
2025-10-07 20:52:02,524 [Recon-EventQueue-PipelineReportForReconPipelineReportHandler] INFO  scm.ReconPipelineReportHandler (ReconPipelineReportHandler.java:processPipelineReport(66)) - Unknown pipeline Pipeline-a10c2c7a-ee93-46bd-b348-b7ef3c0abf3a. Trying to get from SCM.
2025-10-07 20:52:02,527 [Recon-EventQueue-PipelineReportForReconPipelineReportHandler] INFO  scm.ReconPipelineReportHandler (ReconPipelineReportHandler.java:processPipelineReport(85)) - Pipeline Pipeline{ Id: a10c2c7a-ee93-46bd-b348-b7ef3c0abf3a, Nodes: [ {fc0351b7-0c71-4a2a-a0ca-337e5c0b1c14(localhost/127.0.0.1), ReplicaIndex: 0},], ReplicationConfig: RATIS/ONE, State:ALLOCATED, leaderId:, CreationTimestamp2025-10-07T20:52:00.023Z[Etc/UTC]} verified from SCM and added to Recon pipeline metadata.
2025-10-07 20:52:02,527 [Recon-EventQueue-PipelineReportForReconPipelineReportHandler] INFO  scm.ReconPipelineReportHandler (ReconPipelineReportHandler.java:processPipelineReport(102)) - Pipeline RATIS/ONE Pipeline-a10c2c7a-ee93-46bd-b348-b7ef3c0abf3a reported by fc0351b7-0c71-4a2a-a0ca-337e5c0b1c14(localhost/127.0.0.1)
2025-10-07 20:52:02,527 [fc0351b7-0c71-4a2a-a0ca-337e5c0b1c14-groupManagement] INFO  server.RaftServerConfigKeys (ConfUtils.java:logGet(62)) - raft.server.storage.dir = [/home/runner/work/ozone/ozone/hadoop-ozone/integration-test-recon/target/test-dir/MiniOzoneClusterImpl-b15909b8-03a8-4b15-aaa3-a668c086c089/ozone-metadata/datanode-4/ratis] (custom)
2025-10-07 20:52:02,527 [fc0351b7-0c71-4a2a-a0ca-337e5c0b1c14-groupManagement] INFO  storage.RaftStorageDirectory (RaftStorageDirectoryImpl.java:analyzeStorage(138)) - The storage directory /home/runner/work/ozone/ozone/hadoop-ozone/integration-test-recon/target/test-dir/MiniOzoneClusterImpl-b15909b8-03a8-4b15-aaa3-a668c086c089/ozone-metadata/datanode-4/ratis/a10c2c7a-ee93-46bd-b348-b7ef3c0abf3a does not exist. Creating ...
2025-10-07 20:52:02,528 [fc0351b7-0c71-4a2a-a0ca-337e5c0b1c14-groupManagement] INFO  storage.RaftStorageDirectory (RaftStorageDirectoryImpl.java:tryLock(229)) - Lock on /home/runner/work/ozone/ozone/hadoop-ozone/integration-test-recon/target/test-dir/MiniOzoneClusterImpl-b15909b8-03a8-4b15-aaa3-a668c086c089/ozone-metadata/datanode-4/ratis/a10c2c7a-ee93-46bd-b348-b7ef3c0abf3a/in_use.lock acquired by nodename 132138@localhost
2025-10-07 20:52:02,529 [fc0351b7-0c71-4a2a-a0ca-337e5c0b1c14-groupManagement] INFO  storage.RaftStorage (RaftStorageImpl.java:format(98)) - Storage directory /home/runner/work/ozone/ozone/hadoop-ozone/integration-test-recon/target/test-dir/MiniOzoneClusterImpl-b15909b8-03a8-4b15-aaa3-a668c086c089/ozone-metadata/datanode-4/ratis/a10c2c7a-ee93-46bd-b348-b7ef3c0abf3a has been successfully formatted.
2025-10-07 20:52:02,530 [fc0351b7-0c71-4a2a-a0ca-337e5c0b1c14-groupManagement] INFO  ratis.ContainerStateMachine (ContainerStateMachine.java:initialize(339)) - fc0351b7-0c71-4a2a-a0ca-337e5c0b1c14: initialize group-B7EF3C0ABF3A
2025-10-07 20:52:02,530 [fc0351b7-0c71-4a2a-a0ca-337e5c0b1c14-groupManagement] INFO  ratis.ContainerStateMachine (ContainerStateMachine.java:loadSnapshot(347)) - group-B7EF3C0ABF3A: The snapshot info is null. Setting the last applied index to:<INITIAL_VALUE>
2025-10-07 20:52:02,530 [fc0351b7-0c71-4a2a-a0ca-337e5c0b1c14-groupManagement] INFO  server.RaftServerConfigKeys (ConfUtils.java:logGet(62)) - raft.server.log.appender.buffer.byte-limit = 33554432 (custom)
2025-10-07 20:52:02,531 [EventQueue-PipelineReportForOneReplicaPipelineSafeModeRule] INFO  safemode.SCMSafeModeManager (SCMSafeModeManager.java:validateSafeModeExitRules(138)) - AtleastOneDatanodeReportedRule rule is successfully validated
2025-10-07 20:52:02,532 [fc0351b7-0c71-4a2a-a0ca-337e5c0b1c14-groupManagement] INFO  server.RaftServerConfigKeys (ConfUtils.java:logGet(62)) - raft.server.log.segment.size.max = 67108864 (custom)
2025-10-07 20:52:02,533 [fc0351b7-0c71-4a2a-a0ca-337e5c0b1c14-groupManagement] INFO  server.RaftServerConfigKeys (ConfUtils.java:logGet(62)) - raft.server.log.appender.buffer.byte-limit = 33554432 (custom)
2025-10-07 20:52:02,533 [fc0351b7-0c71-4a2a-a0ca-337e5c0b1c14-groupManagement] INFO  util.AwaitToRun (AwaitToRun.java:start(81)) - Thread[#1088,fc0351b7-0c71-4a2a-a0ca-337e5c0b1c14@group-B7EF3C0ABF3A-cacheEviction-AwaitToRun,5,main] started
2025-10-07 20:52:02,533 [fc0351b7-0c71-4a2a-a0ca-337e5c0b1c14-groupManagement] INFO  segmented.SegmentedRaftLogWorker (SegmentedRaftLogWorker.java:<init>(190)) - new fc0351b7-0c71-4a2a-a0ca-337e5c0b1c14@group-B7EF3C0ABF3A-SegmentedRaftLogWorker for RaftStorageImpl:Storage Directory /home/runner/work/ozone/ozone/hadoop-ozone/integration-test-recon/target/test-dir/MiniOzoneClusterImpl-b15909b8-03a8-4b15-aaa3-a668c086c089/ozone-metadata/datanode-4/ratis/a10c2c7a-ee93-46bd-b348-b7ef3c0abf3a
2025-10-07 20:52:02,533 [fc0351b7-0c71-4a2a-a0ca-337e5c0b1c14-groupManagement] INFO  server.RaftServerConfigKeys (ConfUtils.java:logGet(62)) - raft.server.log.queue.byte-limit = 4294967296 (custom)
2025-10-07 20:52:02,533 [fc0351b7-0c71-4a2a-a0ca-337e5c0b1c14-groupManagement] INFO  server.RaftServerConfigKeys (ConfUtils.java:logGet(62)) - raft.server.log.segment.size.max = 67108864 (custom)
2025-10-07 20:52:02,533 [fc0351b7-0c71-4a2a-a0ca-337e5c0b1c14-groupManagement] INFO  server.RaftServerConfigKeys (ConfUtils.java:logGet(62)) - raft.server.log.preallocated.size = 4194304 (custom)
2025-10-07 20:52:02,534 [fc0351b7-0c71-4a2a-a0ca-337e5c0b1c14-groupManagement] INFO  server.RaftServerConfigKeys (ConfUtils.java:logGet(62)) - raft.server.log.write.buffer.size = 33554440 (custom)
2025-10-07 20:52:02,535 [04372c61-9371-4ab6-9533-e94413dada7c@group-A668C086C089-StateMachineUpdater] INFO  safemode.SCMSafeModeManager (SCMSafeModeManager.java:validateSafeModeExitRules(138)) - DataNodeSafeModeRule rule is successfully validated
2025-10-07 20:52:02,535 [04372c61-9371-4ab6-9533-e94413dada7c@group-A668C086C089-StateMachineUpdater] INFO  safemode.SCMSafeModeManager (SCMSafeModeManager.java:validateSafeModeExitRules(138)) - RatisContainerSafeModeRule rule is successfully validated
2025-10-07 20:52:02,535 [04372c61-9371-4ab6-9533-e94413dada7c@group-A668C086C089-StateMachineUpdater] INFO  safemode.HealthyPipelineSafeModeRule (HealthyPipelineSafeModeRule.java:initializeRule(228)) - Refreshed total pipeline count is 0, healthy pipeline threshold count is 1
2025-10-07 20:52:02,535 [04372c61-9371-4ab6-9533-e94413dada7c@group-A668C086C089-StateMachineUpdater] INFO  safemode.SCMSafeModeManager (SCMSafeModeManager.java:validateSafeModeExitRules(138)) - ECContainerSafeModeRule rule is successfully validated
2025-10-07 20:52:02,535 [04372c61-9371-4ab6-9533-e94413dada7c@group-A668C086C089-StateMachineUpdater] INFO  safemode.SCMSafeModeManager (SCMSafeModeManager.java:validateSafeModeExitRules(138)) - AtleastOneDatanodeReportedRule rule is successfully validated
2025-10-07 20:52:02,536 [EventQueue-PipelineReportForPipelineReportHandler] INFO  pipeline.PipelineReportHandler (PipelineReportHandler.java:processPipelineReport(132)) - Opened pipeline Pipeline-a10c2c7a-ee93-46bd-b348-b7ef3c0abf3a
2025-10-07 20:52:02,539 [fc0351b7-0c71-4a2a-a0ca-337e5c0b1c14-groupManagement] INFO  server.RaftServerConfigKeys (ConfUtils.java:logGet(62)) - raft.server.log.appender.buffer.byte-limit = 33554432 (custom)
2025-10-07 20:52:02,540 [fc0351b7-0c71-4a2a-a0ca-337e5c0b1c14-groupManagement] INFO  segmented.SegmentedRaftLogWorker (SegmentedRaftLogWorker.java:lambda$new$0(141)) - fc0351b7-0c71-4a2a-a0ca-337e5c0b1c14@group-B7EF3C0ABF3A-SegmentedRaftLogWorker: flushIndex: setUnconditionally 0 -> -1
2025-10-07 20:52:02,540 [fc0351b7-0c71-4a2a-a0ca-337e5c0b1c14-groupManagement] INFO  segmented.SegmentedRaftLogWorker (SegmentedRaftLogWorker.java:lambda$new$0(141)) - fc0351b7-0c71-4a2a-a0ca-337e5c0b1c14@group-B7EF3C0ABF3A-SegmentedRaftLogWorker: safeCacheEvictIndex: setUnconditionally 0 -> -1
2025-10-07 20:52:02,540 [fc0351b7-0c71-4a2a-a0ca-337e5c0b1c14-groupManagement] INFO  server.RaftServer$Division (RaftServerImpl.java:start(405)) - fc0351b7-0c71-4a2a-a0ca-337e5c0b1c14@group-B7EF3C0ABF3A: start as a follower, conf=conf: {index: -1, cur=peers:[fc0351b7-0c71-4a2a-a0ca-337e5c0b1c14|127.0.0.1:15041]|listeners:[], old=null}
2025-10-07 20:52:02,540 [fc0351b7-0c71-4a2a-a0ca-337e5c0b1c14-groupManagement] INFO  server.RaftServer$Division (RaftServerImpl.java:setRole(392)) - fc0351b7-0c71-4a2a-a0ca-337e5c0b1c14@group-B7EF3C0ABF3A: changes role from      null to FOLLOWER at term 0 for startAsFollower
2025-10-07 20:52:02,540 [fc0351b7-0c71-4a2a-a0ca-337e5c0b1c14-groupManagement] INFO  impl.RoleInfo (RoleInfo.java:updateAndGet(148)) - fc0351b7-0c71-4a2a-a0ca-337e5c0b1c14: start fc0351b7-0c71-4a2a-a0ca-337e5c0b1c14@group-B7EF3C0ABF3A-FollowerState
2025-10-07 20:52:02,541 [fc0351b7-0c71-4a2a-a0ca-337e5c0b1c14-groupManagement] INFO  util.JmxRegister (JmxRegister.java:tryRegister(44)) - Successfully registered JMX Bean with object name Ratis:service=RaftServer,group=group-B7EF3C0ABF3A,id=fc0351b7-0c71-4a2a-a0ca-337e5c0b1c14
2025-10-07 20:52:02,541 [fc0351b7-0c71-4a2a-a0ca-337e5c0b1c14-groupManagement] INFO  util.JmxRegister (JmxRegister.java:register(58)) - register mxBean class org.apache.ratis.server.impl.RaftServerJmxAdapter as Ratis:service=RaftServer,group=group-B7EF3C0ABF3A,id=fc0351b7-0c71-4a2a-a0ca-337e5c0b1c14
2025-10-07 20:52:02,542 [fc0351b7-0c71-4a2a-a0ca-337e5c0b1c14-groupManagement] INFO  server.RaftServer$Division (RaftServerImpl.java:start(419)) - fc0351b7-0c71-4a2a-a0ca-337e5c0b1c14@group-B7EF3C0ABF3A: Successfully started.
2025-10-07 20:52:02,542 [fc0351b7-0c71-4a2a-a0ca-337e5c0b1c14-CreatePipelineCommandHandlerThread-0] INFO  ratis.XceiverServerRatis (XceiverServerRatis.java:addGroup(839)) - Created group Pipeline-a10c2c7a-ee93-46bd-b348-b7ef3c0abf3a
2025-10-07 20:52:02,542 [fc0351b7-0c71-4a2a-a0ca-337e5c0b1c14-CreatePipelineCommandHandlerThread-0] INFO  commandhandler.CreatePipelineCommandHandler (CreatePipelineCommandHandler.java:lambda$handle$2(141)) - Created Pipeline RATIS ONE Pipeline-a10c2c7a-ee93-46bd-b348-b7ef3c0abf3a.
2025-10-07 20:52:02,787 [ContainerHealthTask] INFO  fsck.ContainerHealthTask (ContainerHealthTask.java:checkAndProcessContainers(194)) - Container Health task thread took 0 iterations to fetch all containers using batched approach with batch size of 1000
2025-10-07 20:52:02,834 [EventQueue-PipelineReportForOneReplicaPipelineSafeModeRule] INFO  safemode.SCMSafeModeManager (SCMSafeModeManager.java:validateSafeModeExitRules(138)) - AtleastOneDatanodeReportedRule rule is successfully validated
2025-10-07 20:52:02,845 [EventQueue-PipelineReportForOneReplicaPipelineSafeModeRule] INFO  safemode.SCMSafeModeManager (SCMSafeModeManager.java:validateSafeModeExitRules(138)) - AtleastOneDatanodeReportedRule rule is successfully validated
2025-10-07 20:52:02,845 [Recon-EventQueue-PipelineReportForReconPipelineReportHandler] INFO  scm.ReconPipelineReportHandler (ReconPipelineReportHandler.java:processPipelineReport(102)) - Pipeline RATIS/THREE Pipeline-3c759d96-e2b8-41d5-92c0-1df5c6b9164d reported by fa7382a0-3089-4eb6-af6f-f8f16393fa81(localhost/127.0.0.1)
2025-10-07 20:52:02,876 [74afb32b-8e70-4799-b16c-dc9602d9dbb6@group-F9E79CCFDB91-FollowerState] INFO  impl.FollowerState (FollowerState.java:runImpl(161)) - 74afb32b-8e70-4799-b16c-dc9602d9dbb6@group-F9E79CCFDB91-FollowerState: change to CANDIDATE, lastRpcElapsedTime:1019759628ns, electionTimeout:1019ms
2025-10-07 20:52:02,877 [74afb32b-8e70-4799-b16c-dc9602d9dbb6@group-F9E79CCFDB91-FollowerState] INFO  impl.RoleInfo (RoleInfo.java:shutdownFollowerState(121)) - 74afb32b-8e70-4799-b16c-dc9602d9dbb6: shutdown 74afb32b-8e70-4799-b16c-dc9602d9dbb6@group-F9E79CCFDB91-FollowerState
2025-10-07 20:52:02,877 [74afb32b-8e70-4799-b16c-dc9602d9dbb6@group-F9E79CCFDB91-FollowerState] INFO  server.RaftServer$Division (RaftServerImpl.java:setRole(392)) - 74afb32b-8e70-4799-b16c-dc9602d9dbb6@group-F9E79CCFDB91: changes role from  FOLLOWER to CANDIDATE at term 0 for changeToCandidate
2025-10-07 20:52:02,877 [74afb32b-8e70-4799-b16c-dc9602d9dbb6@group-F9E79CCFDB91-FollowerState] INFO  impl.RoleInfo (RoleInfo.java:updateAndGet(148)) - 74afb32b-8e70-4799-b16c-dc9602d9dbb6: start 74afb32b-8e70-4799-b16c-dc9602d9dbb6@group-F9E79CCFDB91-LeaderElection4
2025-10-07 20:52:02,877 [74afb32b-8e70-4799-b16c-dc9602d9dbb6@group-F9E79CCFDB91-LeaderElection4] INFO  impl.LeaderElection (LeaderElection.java:askForVotes(448)) - 74afb32b-8e70-4799-b16c-dc9602d9dbb6@group-F9E79CCFDB91-LeaderElection4 PRE_VOTE round 0: submit vote requests at term 0 for conf: {index: -1, cur=peers:[74afb32b-8e70-4799-b16c-dc9602d9dbb6|127.0.0.1:15049]|listeners:[], old=null}
2025-10-07 20:52:02,877 [74afb32b-8e70-4799-b16c-dc9602d9dbb6@group-F9E79CCFDB91-LeaderElection4] INFO  impl.LeaderElection (LeaderElection.java:askForVotes(450)) - 74afb32b-8e70-4799-b16c-dc9602d9dbb6@group-F9E79CCFDB91-LeaderElection4 PRE_VOTE round 0: result PASSED (term=0)
2025-10-07 20:52:02,878 [74afb32b-8e70-4799-b16c-dc9602d9dbb6@group-F9E79CCFDB91-LeaderElection4] INFO  impl.LeaderElection (LeaderElection.java:askForVotes(448)) - 74afb32b-8e70-4799-b16c-dc9602d9dbb6@group-F9E79CCFDB91-LeaderElection4 ELECTION round 0: submit vote requests at term 1 for conf: {index: -1, cur=peers:[74afb32b-8e70-4799-b16c-dc9602d9dbb6|127.0.0.1:15049]|listeners:[], old=null}
2025-10-07 20:52:02,878 [74afb32b-8e70-4799-b16c-dc9602d9dbb6@group-F9E79CCFDB91-LeaderElection4] INFO  impl.LeaderElection (LeaderElection.java:askForVotes(450)) - 74afb32b-8e70-4799-b16c-dc9602d9dbb6@group-F9E79CCFDB91-LeaderElection4 ELECTION round 0: result PASSED (term=1)
2025-10-07 20:52:02,878 [74afb32b-8e70-4799-b16c-dc9602d9dbb6@group-F9E79CCFDB91-LeaderElection4] INFO  impl.RoleInfo (RoleInfo.java:shutdownLeaderElection(141)) - 74afb32b-8e70-4799-b16c-dc9602d9dbb6: shutdown 74afb32b-8e70-4799-b16c-dc9602d9dbb6@group-F9E79CCFDB91-LeaderElection4
2025-10-07 20:52:02,878 [74afb32b-8e70-4799-b16c-dc9602d9dbb6@group-F9E79CCFDB91-LeaderElection4] INFO  server.RaftServer$Division (RaftServerImpl.java:setRole(392)) - 74afb32b-8e70-4799-b16c-dc9602d9dbb6@group-F9E79CCFDB91: changes role from CANDIDATE to LEADER at term 1 for changeToLeader
2025-10-07 20:52:02,878 [74afb32b-8e70-4799-b16c-dc9602d9dbb6@group-F9E79CCFDB91-LeaderElection4] INFO  server.RaftServerConfigKeys (ConfUtils.java:logFallback(69)) - raft.server.staging.timeout = 15600ms (fallback to raft.server.rpc.timeout.max)
2025-10-07 20:52:02,879 [74afb32b-8e70-4799-b16c-dc9602d9dbb6@group-F9E79CCFDB91-LeaderElection4] INFO  server.RaftServerConfigKeys (ConfUtils.java:logGet(62)) - raft.server.write.element-limit = 1024 (custom)
2025-10-07 20:52:02,879 [74afb32b-8e70-4799-b16c-dc9602d9dbb6@group-F9E79CCFDB91-LeaderElection4] INFO  server.RaftServerConfigKeys (ConfUtils.java:logGet(62)) - raft.server.write.byte-limit = 1024 M (=1073741824) (custom)
2025-10-07 20:52:02,879 [74afb32b-8e70-4799-b16c-dc9602d9dbb6@group-F9E79CCFDB91-LeaderElection4] INFO  server.RaftServerConfigKeys (ConfUtils.java:logGet(62)) - raft.server.watch.timeout = 30s (custom)
2025-10-07 20:52:02,880 [74afb32b-8e70-4799-b16c-dc9602d9dbb6@group-F9E79CCFDB91-LeaderElection4] INFO  server.RaftServerConfigKeys (ConfUtils.java:logGet(62)) - raft.server.log.log-metadata.enabled = true (default)
2025-10-07 20:52:02,880 [74afb32b-8e70-4799-b16c-dc9602d9dbb6@group-F9E79CCFDB91-LeaderElection4] INFO  impl.RoleInfo (RoleInfo.java:updateAndGet(148)) - 74afb32b-8e70-4799-b16c-dc9602d9dbb6: start 74afb32b-8e70-4799-b16c-dc9602d9dbb6@group-F9E79CCFDB91-LeaderStateImpl
2025-10-07 20:52:02,880 [74afb32b-8e70-4799-b16c-dc9602d9dbb6@group-F9E79CCFDB91-LeaderElection4] INFO  server.RaftServer$Division (RaftServerImpl.java:setFirstElection(576)) - 74afb32b-8e70-4799-b16c-dc9602d9dbb6@group-F9E79CCFDB91: set firstElectionSinceStartup to false for becomeLeader
2025-10-07 20:52:02,880 [74afb32b-8e70-4799-b16c-dc9602d9dbb6@group-F9E79CCFDB91-LeaderElection4] INFO  ratis.XceiverServerRatis (XceiverServerRatis.java:handleLeaderChangedNotification(940)) - Leader change notification received for group: group-F9E79CCFDB91 with new leaderId: 74afb32b-8e70-4799-b16c-dc9602d9dbb6
2025-10-07 20:52:02,881 [74afb32b-8e70-4799-b16c-dc9602d9dbb6@group-F9E79CCFDB91-LeaderElection4] INFO  server.RaftServer$Division (ServerState.java:setLeader(272)) - 74afb32b-8e70-4799-b16c-dc9602d9dbb6@group-F9E79CCFDB91: change Leader from null to 74afb32b-8e70-4799-b16c-dc9602d9dbb6 at term 1 for becomeLeader, leader elected after 1064ms
2025-10-07 20:52:02,881 [74afb32b-8e70-4799-b16c-dc9602d9dbb6@group-F9E79CCFDB91-LeaderElection4] INFO  segmented.SegmentedRaftLogWorker (SegmentedRaftLogWorker.java:startLogSegment(440)) - 74afb32b-8e70-4799-b16c-dc9602d9dbb6@group-F9E79CCFDB91-SegmentedRaftLogWorker: Starting segment from index:0
2025-10-07 20:52:02,881 [74afb32b-8e70-4799-b16c-dc9602d9dbb6@group-F9E79CCFDB91-LeaderElection4] INFO  server.RaftServer$Division (ServerState.java:setRaftConf(386)) - 74afb32b-8e70-4799-b16c-dc9602d9dbb6@group-F9E79CCFDB91: set configuration conf: {index: 0, cur=peers:[74afb32b-8e70-4799-b16c-dc9602d9dbb6|127.0.0.1:15049]|listeners:[], old=null}
2025-10-07 20:52:02,882 [74afb32b-8e70-4799-b16c-dc9602d9dbb6@group-F9E79CCFDB91-SegmentedRaftLogWorker] INFO  segmented.BufferedWriteChannel (BufferedWriteChannel.java:open(61)) - open log_inprogress_0 at position 0
2025-10-07 20:52:02,884 [EventQueue-PipelineReportForOneReplicaPipelineSafeModeRule] INFO  safemode.SCMSafeModeManager (SCMSafeModeManager.java:validateSafeModeExitRules(138)) - AtleastOneDatanodeReportedRule rule is successfully validated
2025-10-07 20:52:02,888 [74afb32b-8e70-4799-b16c-dc9602d9dbb6@group-F9E79CCFDB91-SegmentedRaftLogWorker] INFO  segmented.SegmentedRaftLogWorker (SegmentedRaftLogWorker.java:execute(647)) - 74afb32b-8e70-4799-b16c-dc9602d9dbb6@group-F9E79CCFDB91-SegmentedRaftLogWorker: created new log segment /home/runner/work/ozone/ozone/hadoop-ozone/integration-test-recon/target/test-dir/MiniOzoneClusterImpl-b15909b8-03a8-4b15-aaa3-a668c086c089/ozone-metadata/datanode-5/ratis/ef5ef53a-d24e-41cb-9e76-f9e79ccfdb91/current/log_inprogress_0
2025-10-07 20:52:02,890 [74afb32b-8e70-4799-b16c-dc9602d9dbb6@group-F9E79CCFDB91-StateMachineUpdater] INFO  server.RaftServer$Division (LeaderStateImpl.java:checkStartIndex(309)) - Leader 74afb32b-8e70-4799-b16c-dc9602d9dbb6@group-F9E79CCFDB91-LeaderStateImpl is ready since appliedIndex == startIndex == 0
2025-10-07 20:52:02,967 [fa7382a0-3089-4eb6-af6f-f8f16393fa81@group-7AE2F20A3602-FollowerState] INFO  impl.FollowerState (FollowerState.java:runImpl(161)) - fa7382a0-3089-4eb6-af6f-f8f16393fa81@group-7AE2F20A3602-FollowerState: change to CANDIDATE, lastRpcElapsedTime:1153419471ns, electionTimeout:1152ms
2025-10-07 20:52:02,967 [fa7382a0-3089-4eb6-af6f-f8f16393fa81@group-7AE2F20A3602-FollowerState] INFO  impl.RoleInfo (RoleInfo.java:shutdownFollowerState(121)) - fa7382a0-3089-4eb6-af6f-f8f16393fa81: shutdown fa7382a0-3089-4eb6-af6f-f8f16393fa81@group-7AE2F20A3602-FollowerState
2025-10-07 20:52:02,967 [fa7382a0-3089-4eb6-af6f-f8f16393fa81@group-7AE2F20A3602-FollowerState] INFO  server.RaftServer$Division (RaftServerImpl.java:setRole(392)) - fa7382a0-3089-4eb6-af6f-f8f16393fa81@group-7AE2F20A3602: changes role from  FOLLOWER to CANDIDATE at term 0 for changeToCandidate
2025-10-07 20:52:02,967 [fa7382a0-3089-4eb6-af6f-f8f16393fa81@group-7AE2F20A3602-FollowerState] INFO  impl.RoleInfo (RoleInfo.java:updateAndGet(148)) - fa7382a0-3089-4eb6-af6f-f8f16393fa81: start fa7382a0-3089-4eb6-af6f-f8f16393fa81@group-7AE2F20A3602-LeaderElection5
2025-10-07 20:52:02,967 [fa7382a0-3089-4eb6-af6f-f8f16393fa81@group-7AE2F20A3602-LeaderElection5] INFO  impl.LeaderElection (LeaderElection.java:askForVotes(448)) - fa7382a0-3089-4eb6-af6f-f8f16393fa81@group-7AE2F20A3602-LeaderElection5 PRE_VOTE round 0: submit vote requests at term 0 for conf: {index: -1, cur=peers:[fa7382a0-3089-4eb6-af6f-f8f16393fa81|127.0.0.1:15017]|listeners:[], old=null}
2025-10-07 20:52:02,967 [fa7382a0-3089-4eb6-af6f-f8f16393fa81@group-7AE2F20A3602-LeaderElection5] INFO  impl.LeaderElection (LeaderElection.java:askForVotes(450)) - fa7382a0-3089-4eb6-af6f-f8f16393fa81@group-7AE2F20A3602-LeaderElection5 PRE_VOTE round 0: result PASSED (term=0)
2025-10-07 20:52:02,968 [fa7382a0-3089-4eb6-af6f-f8f16393fa81@group-7AE2F20A3602-LeaderElection5] INFO  impl.LeaderElection (LeaderElection.java:askForVotes(448)) - fa7382a0-3089-4eb6-af6f-f8f16393fa81@group-7AE2F20A3602-LeaderElection5 ELECTION round 0: submit vote requests at term 1 for conf: {index: -1, cur=peers:[fa7382a0-3089-4eb6-af6f-f8f16393fa81|127.0.0.1:15017]|listeners:[], old=null}
2025-10-07 20:52:02,968 [fa7382a0-3089-4eb6-af6f-f8f16393fa81@group-7AE2F20A3602-LeaderElection5] INFO  impl.LeaderElection (LeaderElection.java:askForVotes(450)) - fa7382a0-3089-4eb6-af6f-f8f16393fa81@group-7AE2F20A3602-LeaderElection5 ELECTION round 0: result PASSED (term=1)
2025-10-07 20:52:02,968 [fa7382a0-3089-4eb6-af6f-f8f16393fa81@group-7AE2F20A3602-LeaderElection5] INFO  impl.RoleInfo (RoleInfo.java:shutdownLeaderElection(141)) - fa7382a0-3089-4eb6-af6f-f8f16393fa81: shutdown fa7382a0-3089-4eb6-af6f-f8f16393fa81@group-7AE2F20A3602-LeaderElection5
2025-10-07 20:52:02,968 [fa7382a0-3089-4eb6-af6f-f8f16393fa81@group-7AE2F20A3602-LeaderElection5] INFO  server.RaftServer$Division (RaftServerImpl.java:setRole(392)) - fa7382a0-3089-4eb6-af6f-f8f16393fa81@group-7AE2F20A3602: changes role from CANDIDATE to LEADER at term 1 for changeToLeader
2025-10-07 20:52:02,969 [fa7382a0-3089-4eb6-af6f-f8f16393fa81@group-7AE2F20A3602-LeaderElection5] INFO  server.RaftServerConfigKeys (ConfUtils.java:logFallback(69)) - raft.server.staging.timeout = 15600ms (fallback to raft.server.rpc.timeout.max)
2025-10-07 20:52:02,969 [fa7382a0-3089-4eb6-af6f-f8f16393fa81@group-7AE2F20A3602-LeaderElection5] INFO  server.RaftServerConfigKeys (ConfUtils.java:logGet(62)) - raft.server.write.byte-limit = 1024 M (=1073741824) (custom)
2025-10-07 20:52:02,970 [fa7382a0-3089-4eb6-af6f-f8f16393fa81@group-7AE2F20A3602-LeaderElection5] INFO  impl.RoleInfo (RoleInfo.java:updateAndGet(148)) - fa7382a0-3089-4eb6-af6f-f8f16393fa81: start fa7382a0-3089-4eb6-af6f-f8f16393fa81@group-7AE2F20A3602-LeaderStateImpl
2025-10-07 20:52:02,970 [fa7382a0-3089-4eb6-af6f-f8f16393fa81@group-7AE2F20A3602-LeaderElection5] INFO  server.RaftServer$Division (RaftServerImpl.java:setFirstElection(576)) - fa7382a0-3089-4eb6-af6f-f8f16393fa81@group-7AE2F20A3602: set firstElectionSinceStartup to false for becomeLeader
2025-10-07 20:52:02,970 [fa7382a0-3089-4eb6-af6f-f8f16393fa81@group-7AE2F20A3602-LeaderElection5] INFO  ratis.XceiverServerRatis (XceiverServerRatis.java:handleLeaderChangedNotification(940)) - Leader change notification received for group: group-7AE2F20A3602 with new leaderId: fa7382a0-3089-4eb6-af6f-f8f16393fa81
2025-10-07 20:52:02,970 [fa7382a0-3089-4eb6-af6f-f8f16393fa81@group-7AE2F20A3602-LeaderElection5] INFO  server.RaftServer$Division (ServerState.java:setLeader(272)) - fa7382a0-3089-4eb6-af6f-f8f16393fa81@group-7AE2F20A3602: change Leader from null to fa7382a0-3089-4eb6-af6f-f8f16393fa81 at term 1 for becomeLeader, leader elected after 1194ms
2025-10-07 20:52:02,970 [fa7382a0-3089-4eb6-af6f-f8f16393fa81@group-7AE2F20A3602-LeaderElection5] INFO  segmented.SegmentedRaftLogWorker (SegmentedRaftLogWorker.java:startLogSegment(440)) - fa7382a0-3089-4eb6-af6f-f8f16393fa81@group-7AE2F20A3602-SegmentedRaftLogWorker: Starting segment from index:0
2025-10-07 20:52:02,970 [fa7382a0-3089-4eb6-af6f-f8f16393fa81@group-7AE2F20A3602-LeaderElection5] INFO  server.RaftServer$Division (ServerState.java:setRaftConf(386)) - fa7382a0-3089-4eb6-af6f-f8f16393fa81@group-7AE2F20A3602: set configuration conf: {index: 0, cur=peers:[fa7382a0-3089-4eb6-af6f-f8f16393fa81|127.0.0.1:15017]|listeners:[], old=null}
2025-10-07 20:52:02,971 [fa7382a0-3089-4eb6-af6f-f8f16393fa81@group-7AE2F20A3602-SegmentedRaftLogWorker] INFO  segmented.BufferedWriteChannel (BufferedWriteChannel.java:open(61)) - open log_inprogress_0 at position 0
2025-10-07 20:52:02,971 [EventQueue-PipelineReportForOneReplicaPipelineSafeModeRule] INFO  safemode.SCMSafeModeManager (SCMSafeModeManager.java:validateSafeModeExitRules(138)) - AtleastOneDatanodeReportedRule rule is successfully validated
2025-10-07 20:52:02,971 [Recon-EventQueue-PipelineReportForReconPipelineReportHandler] INFO  scm.ReconPipelineReportHandler (ReconPipelineReportHandler.java:processPipelineReport(102)) - Pipeline RATIS/THREE Pipeline-3c759d96-e2b8-41d5-92c0-1df5c6b9164d reported by fa7382a0-3089-4eb6-af6f-f8f16393fa81(localhost/127.0.0.1)
2025-10-07 20:52:02,976 [fa7382a0-3089-4eb6-af6f-f8f16393fa81@group-7AE2F20A3602-SegmentedRaftLogWorker] INFO  segmented.SegmentedRaftLogWorker (SegmentedRaftLogWorker.java:execute(647)) - fa7382a0-3089-4eb6-af6f-f8f16393fa81@group-7AE2F20A3602-SegmentedRaftLogWorker: created new log segment /home/runner/work/ozone/ozone/hadoop-ozone/integration-test-recon/target/test-dir/MiniOzoneClusterImpl-b15909b8-03a8-4b15-aaa3-a668c086c089/ozone-metadata/datanode-1/ratis/527db8da-1e91-4af5-a093-7ae2f20a3602/current/log_inprogress_0
2025-10-07 20:52:02,978 [fa7382a0-3089-4eb6-af6f-f8f16393fa81@group-7AE2F20A3602-StateMachineUpdater] INFO  server.RaftServer$Division (LeaderStateImpl.java:checkStartIndex(309)) - Leader fa7382a0-3089-4eb6-af6f-f8f16393fa81@group-7AE2F20A3602-LeaderStateImpl is ready since appliedIndex == startIndex == 0
2025-10-07 20:52:03,048 [fa7382a0-3089-4eb6-af6f-f8f16393fa81@group-1DF5C6B9164D-FollowerState] INFO  impl.FollowerState (FollowerState.java:runImpl(161)) - fa7382a0-3089-4eb6-af6f-f8f16393fa81@group-1DF5C6B9164D-FollowerState: change to CANDIDATE, lastRpcElapsedTime:1185473436ns, electionTimeout:1185ms
2025-10-07 20:52:03,048 [fa7382a0-3089-4eb6-af6f-f8f16393fa81@group-1DF5C6B9164D-FollowerState] INFO  impl.RoleInfo (RoleInfo.java:shutdownFollowerState(121)) - fa7382a0-3089-4eb6-af6f-f8f16393fa81: shutdown fa7382a0-3089-4eb6-af6f-f8f16393fa81@group-1DF5C6B9164D-FollowerState
2025-10-07 20:52:03,048 [fa7382a0-3089-4eb6-af6f-f8f16393fa81@group-1DF5C6B9164D-FollowerState] INFO  server.RaftServer$Division (RaftServerImpl.java:setRole(392)) - fa7382a0-3089-4eb6-af6f-f8f16393fa81@group-1DF5C6B9164D: changes role from  FOLLOWER to CANDIDATE at term 0 for changeToCandidate
2025-10-07 20:52:03,048 [fa7382a0-3089-4eb6-af6f-f8f16393fa81@group-1DF5C6B9164D-FollowerState] INFO  impl.RoleInfo (RoleInfo.java:updateAndGet(148)) - fa7382a0-3089-4eb6-af6f-f8f16393fa81: start fa7382a0-3089-4eb6-af6f-f8f16393fa81@group-1DF5C6B9164D-LeaderElection6
2025-10-07 20:52:03,049 [fa7382a0-3089-4eb6-af6f-f8f16393fa81@group-1DF5C6B9164D-LeaderElection6] INFO  impl.LeaderElection (LeaderElection.java:askForVotes(448)) - fa7382a0-3089-4eb6-af6f-f8f16393fa81@group-1DF5C6B9164D-LeaderElection6 PRE_VOTE round 0: submit vote requests at term 0 for conf: {index: -1, cur=peers:[7d2db622-5327-4122-ba03-be97b5575303|127.0.0.1:15033, fa7382a0-3089-4eb6-af6f-f8f16393fa81|127.0.0.1:15017, c11f8a16-55ee-4f22-a5a5-7daf2dffa753|127.0.0.1:15025]|listeners:[], old=null}
2025-10-07 20:52:03,052 [fa7382a0-3089-4eb6-af6f-f8f16393fa81@group-1DF5C6B9164D-LeaderElection6-1] INFO  server.GrpcServerProtocolClient (GrpcServerProtocolClient.java:<init>(65)) - Build channel for 7d2db622-5327-4122-ba03-be97b5575303|127.0.0.1:15033
2025-10-07 20:52:03,052 [fa7382a0-3089-4eb6-af6f-f8f16393fa81@group-1DF5C6B9164D-LeaderElection6-2] INFO  server.GrpcServerProtocolClient (GrpcServerProtocolClient.java:<init>(65)) - Build channel for c11f8a16-55ee-4f22-a5a5-7daf2dffa753|127.0.0.1:15025
2025-10-07 20:52:03,058 [c11f8a16-55ee-4f22-a5a5-7daf2dffa753@group-5472C7309C8C-FollowerState] INFO  impl.FollowerState (FollowerState.java:runImpl(161)) - c11f8a16-55ee-4f22-a5a5-7daf2dffa753@group-5472C7309C8C-FollowerState: change to CANDIDATE, lastRpcElapsedTime:1010965604ns, electionTimeout:1010ms
2025-10-07 20:52:03,059 [c11f8a16-55ee-4f22-a5a5-7daf2dffa753@group-5472C7309C8C-FollowerState] INFO  impl.RoleInfo (RoleInfo.java:shutdownFollowerState(121)) - c11f8a16-55ee-4f22-a5a5-7daf2dffa753: shutdown c11f8a16-55ee-4f22-a5a5-7daf2dffa753@group-5472C7309C8C-FollowerState
2025-10-07 20:52:03,059 [c11f8a16-55ee-4f22-a5a5-7daf2dffa753@group-5472C7309C8C-FollowerState] INFO  server.RaftServer$Division (RaftServerImpl.java:setRole(392)) - c11f8a16-55ee-4f22-a5a5-7daf2dffa753@group-5472C7309C8C: changes role from  FOLLOWER to CANDIDATE at term 0 for changeToCandidate
2025-10-07 20:52:03,059 [c11f8a16-55ee-4f22-a5a5-7daf2dffa753@group-5472C7309C8C-FollowerState] INFO  impl.RoleInfo (RoleInfo.java:updateAndGet(148)) - c11f8a16-55ee-4f22-a5a5-7daf2dffa753: start c11f8a16-55ee-4f22-a5a5-7daf2dffa753@group-5472C7309C8C-LeaderElection7
2025-10-07 20:52:03,058 [grpc-default-executor-0] INFO  server.RaftServer$Division (RaftServerImpl.java:requestVote(1421)) - 7d2db622-5327-4122-ba03-be97b5575303@group-1DF5C6B9164D: receive requestVote(PRE_VOTE, fa7382a0-3089-4eb6-af6f-f8f16393fa81, group-1DF5C6B9164D, 0, <PROTO_DEFAULT>)
2025-10-07 20:52:03,058 [grpc-default-executor-1] INFO  server.RaftServer$Division (RaftServerImpl.java:requestVote(1421)) - c11f8a16-55ee-4f22-a5a5-7daf2dffa753@group-1DF5C6B9164D: receive requestVote(PRE_VOTE, fa7382a0-3089-4eb6-af6f-f8f16393fa81, group-1DF5C6B9164D, 0, <PROTO_DEFAULT>)
2025-10-07 20:52:03,060 [c11f8a16-55ee-4f22-a5a5-7daf2dffa753@group-5472C7309C8C-LeaderElection7] INFO  impl.LeaderElection (LeaderElection.java:askForVotes(448)) - c11f8a16-55ee-4f22-a5a5-7daf2dffa753@group-5472C7309C8C-LeaderElection7 PRE_VOTE round 0: submit vote requests at term 0 for conf: {index: -1, cur=peers:[c11f8a16-55ee-4f22-a5a5-7daf2dffa753|127.0.0.1:15025]|listeners:[], old=null}
2025-10-07 20:52:03,060 [c11f8a16-55ee-4f22-a5a5-7daf2dffa753@group-5472C7309C8C-LeaderElection7] INFO  impl.LeaderElection (LeaderElection.java:askForVotes(450)) - c11f8a16-55ee-4f22-a5a5-7daf2dffa753@group-5472C7309C8C-LeaderElection7 PRE_VOTE round 0: result PASSED (term=0)
2025-10-07 20:52:03,060 [grpc-default-executor-1] INFO  impl.VoteContext (VoteContext.java:log(49)) - c11f8a16-55ee-4f22-a5a5-7daf2dffa753@group-1DF5C6B9164D-FOLLOWER: accept PRE_VOTE from fa7382a0-3089-4eb6-af6f-f8f16393fa81: our priority 0 <= candidate's priority 1
2025-10-07 20:52:03,060 [grpc-default-executor-0] INFO  impl.VoteContext (VoteContext.java:log(49)) - 7d2db622-5327-4122-ba03-be97b5575303@group-1DF5C6B9164D-FOLLOWER: accept PRE_VOTE from fa7382a0-3089-4eb6-af6f-f8f16393fa81: our priority 0 <= candidate's priority 1
2025-10-07 20:52:03,061 [c11f8a16-55ee-4f22-a5a5-7daf2dffa753@group-5472C7309C8C-LeaderElection7] INFO  impl.LeaderElection (LeaderElection.java:askForVotes(448)) - c11f8a16-55ee-4f22-a5a5-7daf2dffa753@group-5472C7309C8C-LeaderElection7 ELECTION round 0: submit vote requests at term 1 for conf: {index: -1, cur=peers:[c11f8a16-55ee-4f22-a5a5-7daf2dffa753|127.0.0.1:15025]|listeners:[], old=null}
2025-10-07 20:52:03,061 [c11f8a16-55ee-4f22-a5a5-7daf2dffa753@group-5472C7309C8C-LeaderElection7] INFO  impl.LeaderElection (LeaderElection.java:askForVotes(450)) - c11f8a16-55ee-4f22-a5a5-7daf2dffa753@group-5472C7309C8C-LeaderElection7 ELECTION round 0: result PASSED (term=1)
2025-10-07 20:52:03,061 [c11f8a16-55ee-4f22-a5a5-7daf2dffa753@group-5472C7309C8C-LeaderElection7] INFO  impl.RoleInfo (RoleInfo.java:shutdownLeaderElection(141)) - c11f8a16-55ee-4f22-a5a5-7daf2dffa753: shutdown c11f8a16-55ee-4f22-a5a5-7daf2dffa753@group-5472C7309C8C-LeaderElection7
2025-10-07 20:52:03,061 [c11f8a16-55ee-4f22-a5a5-7daf2dffa753@group-5472C7309C8C-LeaderElection7] INFO  server.RaftServer$Division (RaftServerImpl.java:setRole(392)) - c11f8a16-55ee-4f22-a5a5-7daf2dffa753@group-5472C7309C8C: changes role from CANDIDATE to LEADER at term 1 for changeToLeader
2025-10-07 20:52:03,061 [c11f8a16-55ee-4f22-a5a5-7daf2dffa753@group-5472C7309C8C-LeaderElection7] INFO  server.RaftServerConfigKeys (ConfUtils.java:logFallback(69)) - raft.server.staging.timeout = 15600ms (fallback to raft.server.rpc.timeout.max)
2025-10-07 20:52:03,062 [c11f8a16-55ee-4f22-a5a5-7daf2dffa753@group-5472C7309C8C-LeaderElection7] INFO  server.RaftServerConfigKeys (ConfUtils.java:logGet(62)) - raft.server.write.byte-limit = 1024 M (=1073741824) (custom)
2025-10-07 20:52:03,063 [c11f8a16-55ee-4f22-a5a5-7daf2dffa753@group-5472C7309C8C-LeaderElection7] INFO  impl.RoleInfo (RoleInfo.java:updateAndGet(148)) - c11f8a16-55ee-4f22-a5a5-7daf2dffa753: start c11f8a16-55ee-4f22-a5a5-7daf2dffa753@group-5472C7309C8C-LeaderStateImpl
2025-10-07 20:52:03,063 [c11f8a16-55ee-4f22-a5a5-7daf2dffa753@group-5472C7309C8C-LeaderElection7] INFO  server.RaftServer$Division (RaftServerImpl.java:setFirstElection(576)) - c11f8a16-55ee-4f22-a5a5-7daf2dffa753@group-5472C7309C8C: set firstElectionSinceStartup to false for becomeLeader
2025-10-07 20:52:03,063 [c11f8a16-55ee-4f22-a5a5-7daf2dffa753@group-5472C7309C8C-LeaderElection7] INFO  ratis.XceiverServerRatis (XceiverServerRatis.java:handleLeaderChangedNotification(940)) - Leader change notification received for group: group-5472C7309C8C with new leaderId: c11f8a16-55ee-4f22-a5a5-7daf2dffa753
2025-10-07 20:52:03,063 [c11f8a16-55ee-4f22-a5a5-7daf2dffa753@group-5472C7309C8C-LeaderElection7] INFO  server.RaftServer$Division (ServerState.java:setLeader(272)) - c11f8a16-55ee-4f22-a5a5-7daf2dffa753@group-5472C7309C8C: change Leader from null to c11f8a16-55ee-4f22-a5a5-7daf2dffa753 at term 1 for becomeLeader, leader elected after 1053ms
2025-10-07 20:52:03,063 [c11f8a16-55ee-4f22-a5a5-7daf2dffa753@group-5472C7309C8C-LeaderElection7] INFO  segmented.SegmentedRaftLogWorker (SegmentedRaftLogWorker.java:startLogSegment(440)) - c11f8a16-55ee-4f22-a5a5-7daf2dffa753@group-5472C7309C8C-SegmentedRaftLogWorker: Starting segment from index:0
2025-10-07 20:52:03,064 [c11f8a16-55ee-4f22-a5a5-7daf2dffa753@group-5472C7309C8C-LeaderElection7] INFO  server.RaftServer$Division (ServerState.java:setRaftConf(386)) - c11f8a16-55ee-4f22-a5a5-7daf2dffa753@group-5472C7309C8C: set configuration conf: {index: 0, cur=peers:[c11f8a16-55ee-4f22-a5a5-7daf2dffa753|127.0.0.1:15025]|listeners:[], old=null}
2025-10-07 20:52:03,064 [grpc-default-executor-1] INFO  server.RaftServer$Division (RaftServerImpl.java:requestVote(1455)) - c11f8a16-55ee-4f22-a5a5-7daf2dffa753@group-1DF5C6B9164D replies to PRE_VOTE vote request: fa7382a0-3089-4eb6-af6f-f8f16393fa81<-c11f8a16-55ee-4f22-a5a5-7daf2dffa753#0:OK-t0-last:<INITIAL_VALUE>. Peer's state: c11f8a16-55ee-4f22-a5a5-7daf2dffa753@group-1DF5C6B9164D:t0, leader=null, voted=, raftlog=Memoized:c11f8a16-55ee-4f22-a5a5-7daf2dffa753@group-1DF5C6B9164D-SegmentedRaftLog:OPENED:c-1:lastnull, conf=conf: {index: -1, cur=peers:[7d2db622-5327-4122-ba03-be97b5575303|127.0.0.1:15033, fa7382a0-3089-4eb6-af6f-f8f16393fa81|127.0.0.1:15017, c11f8a16-55ee-4f22-a5a5-7daf2dffa753|127.0.0.1:15025]|listeners:[], old=null}
2025-10-07 20:52:03,065 [c11f8a16-55ee-4f22-a5a5-7daf2dffa753@group-5472C7309C8C-SegmentedRaftLogWorker] INFO  segmented.BufferedWriteChannel (BufferedWriteChannel.java:open(61)) - open log_inprogress_0 at position 0
2025-10-07 20:52:03,064 [grpc-default-executor-0] INFO  server.RaftServer$Division (RaftServerImpl.java:requestVote(1455)) - 7d2db622-5327-4122-ba03-be97b5575303@group-1DF5C6B9164D replies to PRE_VOTE vote request: fa7382a0-3089-4eb6-af6f-f8f16393fa81<-7d2db622-5327-4122-ba03-be97b5575303#0:OK-t0-last:<INITIAL_VALUE>. Peer's state: 7d2db622-5327-4122-ba03-be97b5575303@group-1DF5C6B9164D:t0, leader=null, voted=, raftlog=Memoized:7d2db622-5327-4122-ba03-be97b5575303@group-1DF5C6B9164D-SegmentedRaftLog:OPENED:c-1:lastnull, conf=conf: {index: -1, cur=peers:[7d2db622-5327-4122-ba03-be97b5575303|127.0.0.1:15033, fa7382a0-3089-4eb6-af6f-f8f16393fa81|127.0.0.1:15017, c11f8a16-55ee-4f22-a5a5-7daf2dffa753|127.0.0.1:15025]|listeners:[], old=null}
2025-10-07 20:52:03,067 [Recon-EventQueue-PipelineReportForReconPipelineReportHandler] INFO  scm.ReconPipelineReportHandler (ReconPipelineReportHandler.java:processPipelineReport(102)) - Pipeline RATIS/THREE Pipeline-3c759d96-e2b8-41d5-92c0-1df5c6b9164d reported by c11f8a16-55ee-4f22-a5a5-7daf2dffa753(localhost/127.0.0.1)
2025-10-07 20:52:03,068 [EventQueue-PipelineReportForOneReplicaPipelineSafeModeRule] INFO  safemode.SCMSafeModeManager (SCMSafeModeManager.java:validateSafeModeExitRules(138)) - AtleastOneDatanodeReportedRule rule is successfully validated
2025-10-07 20:52:03,069 [fa7382a0-3089-4eb6-af6f-f8f16393fa81@group-1DF5C6B9164D-LeaderElection6] INFO  impl.LeaderElection (LeaderElection.java:logAndReturn(206)) - fa7382a0-3089-4eb6-af6f-f8f16393fa81@group-1DF5C6B9164D-LeaderElection6: PRE_VOTE PASSED received 1 response(s) and 0 exception(s):
2025-10-07 20:52:03,070 [fa7382a0-3089-4eb6-af6f-f8f16393fa81@group-1DF5C6B9164D-LeaderElection6] INFO  impl.LeaderElection (LeaderElection.java:logAndReturn(210)) -   Response 0: fa7382a0-3089-4eb6-af6f-f8f16393fa81<-c11f8a16-55ee-4f22-a5a5-7daf2dffa753#0:OK-t0-last:<INITIAL_VALUE>
2025-10-07 20:52:03,070 [fa7382a0-3089-4eb6-af6f-f8f16393fa81@group-1DF5C6B9164D-LeaderElection6] INFO  impl.LeaderElection (LeaderElection.java:askForVotes(450)) - fa7382a0-3089-4eb6-af6f-f8f16393fa81@group-1DF5C6B9164D-LeaderElection6 PRE_VOTE round 0: result PASSED
2025-10-07 20:52:03,072 [fa7382a0-3089-4eb6-af6f-f8f16393fa81@group-1DF5C6B9164D-LeaderElection6] INFO  impl.LeaderElection (LeaderElection.java:askForVotes(448)) - fa7382a0-3089-4eb6-af6f-f8f16393fa81@group-1DF5C6B9164D-LeaderElection6 ELECTION round 0: submit vote requests at term 1 for conf: {index: -1, cur=peers:[7d2db622-5327-4122-ba03-be97b5575303|127.0.0.1:15033, fa7382a0-3089-4eb6-af6f-f8f16393fa81|127.0.0.1:15017, c11f8a16-55ee-4f22-a5a5-7daf2dffa753|127.0.0.1:15025]|listeners:[], old=null}
2025-10-07 20:52:03,074 [c11f8a16-55ee-4f22-a5a5-7daf2dffa753@group-5472C7309C8C-SegmentedRaftLogWorker] INFO  segmented.SegmentedRaftLogWorker (SegmentedRaftLogWorker.java:execute(647)) - c11f8a16-55ee-4f22-a5a5-7daf2dffa753@group-5472C7309C8C-SegmentedRaftLogWorker: created new log segment /home/runner/work/ozone/ozone/hadoop-ozone/integration-test-recon/target/test-dir/MiniOzoneClusterImpl-b15909b8-03a8-4b15-aaa3-a668c086c089/ozone-metadata/datanode-2/ratis/275b7e98-611c-44c8-a058-5472c7309c8c/current/log_inprogress_0
2025-10-07 20:52:03,075 [grpc-default-executor-0] INFO  server.RaftServer$Division (RaftServerImpl.java:requestVote(1421)) - c11f8a16-55ee-4f22-a5a5-7daf2dffa753@group-1DF5C6B9164D: receive requestVote(ELECTION, fa7382a0-3089-4eb6-af6f-f8f16393fa81, group-1DF5C6B9164D, 1, <PROTO_DEFAULT>)
2025-10-07 20:52:03,076 [grpc-default-executor-0] INFO  impl.VoteContext (VoteContext.java:log(49)) - c11f8a16-55ee-4f22-a5a5-7daf2dffa753@group-1DF5C6B9164D-FOLLOWER: accept ELECTION from fa7382a0-3089-4eb6-af6f-f8f16393fa81: our priority 0 <= candidate's priority 1
2025-10-07 20:52:03,076 [grpc-default-executor-0] INFO  server.RaftServer$Division (RaftServerImpl.java:setRole(392)) - c11f8a16-55ee-4f22-a5a5-7daf2dffa753@group-1DF5C6B9164D: changes role from  FOLLOWER to FOLLOWER at term 0 for candidate:fa7382a0-3089-4eb6-af6f-f8f16393fa81
2025-10-07 20:52:03,076 [grpc-default-executor-0] INFO  impl.RoleInfo (RoleInfo.java:shutdownFollowerState(121)) - c11f8a16-55ee-4f22-a5a5-7daf2dffa753: shutdown c11f8a16-55ee-4f22-a5a5-7daf2dffa753@group-1DF5C6B9164D-FollowerState
2025-10-07 20:52:03,076 [grpc-default-executor-1] INFO  server.RaftServer$Division (RaftServerImpl.java:requestVote(1421)) - 7d2db622-5327-4122-ba03-be97b5575303@group-1DF5C6B9164D: receive requestVote(ELECTION, fa7382a0-3089-4eb6-af6f-f8f16393fa81, group-1DF5C6B9164D, 1, <PROTO_DEFAULT>)
2025-10-07 20:52:03,076 [c11f8a16-55ee-4f22-a5a5-7daf2dffa753@group-1DF5C6B9164D-FollowerState] INFO  impl.FollowerState (FollowerState.java:runImpl(170)) - c11f8a16-55ee-4f22-a5a5-7daf2dffa753@group-1DF5C6B9164D-FollowerState was interrupted
2025-10-07 20:52:03,076 [grpc-default-executor-1] INFO  impl.VoteContext (VoteContext.java:log(49)) - 7d2db622-5327-4122-ba03-be97b5575303@group-1DF5C6B9164D-FOLLOWER: accept ELECTION from fa7382a0-3089-4eb6-af6f-f8f16393fa81: our priority 0 <= candidate's priority 1
2025-10-07 20:52:03,076 [grpc-default-executor-1] INFO  server.RaftServer$Division (RaftServerImpl.java:setRole(392)) - 7d2db622-5327-4122-ba03-be97b5575303@group-1DF5C6B9164D: changes role from  FOLLOWER to FOLLOWER at term 0 for candidate:fa7382a0-3089-4eb6-af6f-f8f16393fa81
2025-10-07 20:52:03,076 [grpc-default-executor-1] INFO  impl.RoleInfo (RoleInfo.java:shutdownFollowerState(121)) - 7d2db622-5327-4122-ba03-be97b5575303: shutdown 7d2db622-5327-4122-ba03-be97b5575303@group-1DF5C6B9164D-FollowerState
2025-10-07 20:52:03,076 [7d2db622-5327-4122-ba03-be97b5575303@group-1DF5C6B9164D-FollowerState] INFO  impl.FollowerState (FollowerState.java:runImpl(170)) - 7d2db622-5327-4122-ba03-be97b5575303@group-1DF5C6B9164D-FollowerState was interrupted
2025-10-07 20:52:03,077 [grpc-default-executor-0] INFO  impl.RoleInfo (RoleInfo.java:updateAndGet(148)) - c11f8a16-55ee-4f22-a5a5-7daf2dffa753: start c11f8a16-55ee-4f22-a5a5-7daf2dffa753@group-1DF5C6B9164D-FollowerState
2025-10-07 20:52:03,077 [grpc-default-executor-1] INFO  impl.RoleInfo (RoleInfo.java:updateAndGet(148)) - 7d2db622-5327-4122-ba03-be97b5575303: start 7d2db622-5327-4122-ba03-be97b5575303@group-1DF5C6B9164D-FollowerState
2025-10-07 20:52:03,077 [grpc-default-executor-1] INFO  server.RaftServer$Division (RaftServerImpl.java:setFirstElection(576)) - 7d2db622-5327-4122-ba03-be97b5575303@group-1DF5C6B9164D: set firstElectionSinceStartup to false for candidate:fa7382a0-3089-4eb6-af6f-f8f16393fa81
2025-10-07 20:52:03,077 [c11f8a16-55ee-4f22-a5a5-7daf2dffa753@group-5472C7309C8C-StateMachineUpdater] INFO  server.RaftServer$Division (LeaderStateImpl.java:checkStartIndex(309)) - Leader c11f8a16-55ee-4f22-a5a5-7daf2dffa753@group-5472C7309C8C-LeaderStateImpl is ready since appliedIndex == startIndex == 0
2025-10-07 20:52:03,078 [grpc-default-executor-0] INFO  server.RaftServer$Division (RaftServerImpl.java:setFirstElection(576)) - c11f8a16-55ee-4f22-a5a5-7daf2dffa753@group-1DF5C6B9164D: set firstElectionSinceStartup to false for candidate:fa7382a0-3089-4eb6-af6f-f8f16393fa81
2025-10-07 20:52:03,079 [grpc-default-executor-1] INFO  server.RaftServer$Division (RaftServerImpl.java:requestVote(1455)) - 7d2db622-5327-4122-ba03-be97b5575303@group-1DF5C6B9164D replies to ELECTION vote request: fa7382a0-3089-4eb6-af6f-f8f16393fa81<-7d2db622-5327-4122-ba03-be97b5575303#0:OK-t1-last:<INITIAL_VALUE>. Peer's state: 7d2db622-5327-4122-ba03-be97b5575303@group-1DF5C6B9164D:t1, leader=null, voted=fa7382a0-3089-4eb6-af6f-f8f16393fa81, raftlog=Memoized:7d2db622-5327-4122-ba03-be97b5575303@group-1DF5C6B9164D-SegmentedRaftLog:OPENED:c-1:lastnull, conf=conf: {index: -1, cur=peers:[7d2db622-5327-4122-ba03-be97b5575303|127.0.0.1:15033, fa7382a0-3089-4eb6-af6f-f8f16393fa81|127.0.0.1:15017, c11f8a16-55ee-4f22-a5a5-7daf2dffa753|127.0.0.1:15025]|listeners:[], old=null}
2025-10-07 20:52:03,079 [grpc-default-executor-0] INFO  server.RaftServer$Division (RaftServerImpl.java:requestVote(1455)) - c11f8a16-55ee-4f22-a5a5-7daf2dffa753@group-1DF5C6B9164D replies to ELECTION vote request: fa7382a0-3089-4eb6-af6f-f8f16393fa81<-c11f8a16-55ee-4f22-a5a5-7daf2dffa753#0:OK-t1-last:<INITIAL_VALUE>. Peer's state: c11f8a16-55ee-4f22-a5a5-7daf2dffa753@group-1DF5C6B9164D:t1, leader=null, voted=fa7382a0-3089-4eb6-af6f-f8f16393fa81, raftlog=Memoized:c11f8a16-55ee-4f22-a5a5-7daf2dffa753@group-1DF5C6B9164D-SegmentedRaftLog:OPENED:c-1:lastnull, conf=conf: {index: -1, cur=peers:[7d2db622-5327-4122-ba03-be97b5575303|127.0.0.1:15033, fa7382a0-3089-4eb6-af6f-f8f16393fa81|127.0.0.1:15017, c11f8a16-55ee-4f22-a5a5-7daf2dffa753|127.0.0.1:15025]|listeners:[], old=null}
2025-10-07 20:52:03,081 [fa7382a0-3089-4eb6-af6f-f8f16393fa81@group-1DF5C6B9164D-LeaderElection6] INFO  impl.LeaderElection (LeaderElection.java:logAndReturn(206)) - fa7382a0-3089-4eb6-af6f-f8f16393fa81@group-1DF5C6B9164D-LeaderElection6: ELECTION PASSED received 1 response(s) and 0 exception(s):
2025-10-07 20:52:03,081 [fa7382a0-3089-4eb6-af6f-f8f16393fa81@group-1DF5C6B9164D-LeaderElection6] INFO  impl.LeaderElection (LeaderElection.java:logAndReturn(210)) -   Response 0: fa7382a0-3089-4eb6-af6f-f8f16393fa81<-7d2db622-5327-4122-ba03-be97b5575303#0:OK-t1-last:<INITIAL_VALUE>
2025-10-07 20:52:03,081 [fa7382a0-3089-4eb6-af6f-f8f16393fa81@group-1DF5C6B9164D-LeaderElection6] INFO  impl.LeaderElection (LeaderElection.java:askForVotes(450)) - fa7382a0-3089-4eb6-af6f-f8f16393fa81@group-1DF5C6B9164D-LeaderElection6 ELECTION round 0: result PASSED
2025-10-07 20:52:03,081 [fa7382a0-3089-4eb6-af6f-f8f16393fa81@group-1DF5C6B9164D-LeaderElection6] INFO  impl.RoleInfo (RoleInfo.java:shutdownLeaderElection(141)) - fa7382a0-3089-4eb6-af6f-f8f16393fa81: shutdown fa7382a0-3089-4eb6-af6f-f8f16393fa81@group-1DF5C6B9164D-LeaderElection6
2025-10-07 20:52:03,081 [fa7382a0-3089-4eb6-af6f-f8f16393fa81@group-1DF5C6B9164D-LeaderElection6] INFO  server.RaftServer$Division (RaftServerImpl.java:setRole(392)) - fa7382a0-3089-4eb6-af6f-f8f16393fa81@group-1DF5C6B9164D: changes role from CANDIDATE to LEADER at term 1 for changeToLeader
2025-10-07 20:52:03,081 [fa7382a0-3089-4eb6-af6f-f8f16393fa81@group-1DF5C6B9164D-LeaderElection6] INFO  server.RaftServerConfigKeys (ConfUtils.java:logFallback(69)) - raft.server.staging.timeout = 15600ms (fallback to raft.server.rpc.timeout.max)
2025-10-07 20:52:03,082 [fa7382a0-3089-4eb6-af6f-f8f16393fa81@group-1DF5C6B9164D-LeaderElection6] INFO  server.RaftServerConfigKeys (ConfUtils.java:logGet(62)) - raft.server.write.byte-limit = 1024 M (=1073741824) (custom)
2025-10-07 20:52:03,088 [fa7382a0-3089-4eb6-af6f-f8f16393fa81@group-1DF5C6B9164D-LeaderElection6] INFO  server.RaftServerConfigKeys (ConfUtils.java:logGet(62)) - raft.server.log.appender.snapshot.chunk.size.max = 16MB (=16777216) (default)
2025-10-07 20:52:03,088 [fa7382a0-3089-4eb6-af6f-f8f16393fa81@group-1DF5C6B9164D-LeaderElection6] INFO  server.RaftServerConfigKeys (ConfUtils.java:logGet(62)) - raft.server.log.appender.buffer.byte-limit = 33554432 (custom)
2025-10-07 20:52:03,089 [fa7382a0-3089-4eb6-af6f-f8f16393fa81@group-1DF5C6B9164D-LeaderElection6] INFO  server.RaftServerConfigKeys (ConfUtils.java:logGet(62)) - raft.server.log.appender.buffer.element-limit = 1024 (custom)
2025-10-07 20:52:03,090 [fa7382a0-3089-4eb6-af6f-f8f16393fa81@group-1DF5C6B9164D-LeaderElection6] INFO  server.RaftServerConfigKeys (ConfUtils.java:logGet(62)) - raft.server.log.appender.wait-time.min = 0μs (custom)
2025-10-07 20:52:03,091 [fa7382a0-3089-4eb6-af6f-f8f16393fa81@group-1DF5C6B9164D-LeaderElection6] INFO  grpc.GrpcConfigKeys (ConfUtils.java:logGet(62)) - raft.grpc.server.leader.outstanding.appends.max = 8 (default)
2025-10-07 20:52:03,091 [fa7382a0-3089-4eb6-af6f-f8f16393fa81@group-1DF5C6B9164D-LeaderElection6] INFO  grpc.GrpcConfigKeys (ConfUtils.java:logGet(62)) - raft.grpc.server.install_snapshot.request.element-limit = 8 (default)
2025-10-07 20:52:03,091 [fa7382a0-3089-4eb6-af6f-f8f16393fa81@group-1DF5C6B9164D-LeaderElection6] INFO  grpc.GrpcConfigKeys (ConfUtils.java:logGet(62)) - raft.grpc.server.install_snapshot.request.timeout = 3000ms (default)
2025-10-07 20:52:03,092 [fa7382a0-3089-4eb6-af6f-f8f16393fa81@group-1DF5C6B9164D-LeaderElection6] INFO  grpc.GrpcConfigKeys (ConfUtils.java:logGet(62)) - raft.grpc.server.log-message.batch.duration = 5s (default)
2025-10-07 20:52:03,095 [fa7382a0-3089-4eb6-af6f-f8f16393fa81@group-1DF5C6B9164D-LeaderElection6] INFO  server.RaftServerConfigKeys (ConfUtils.java:logGet(62)) - raft.server.log.appender.buffer.byte-limit = 33554432 (custom)
2025-10-07 20:52:03,096 [fa7382a0-3089-4eb6-af6f-f8f16393fa81@group-1DF5C6B9164D-LeaderElection6] INFO  impl.RoleInfo (RoleInfo.java:updateAndGet(148)) - fa7382a0-3089-4eb6-af6f-f8f16393fa81: start fa7382a0-3089-4eb6-af6f-f8f16393fa81@group-1DF5C6B9164D-LeaderStateImpl
2025-10-07 20:52:03,096 [fa7382a0-3089-4eb6-af6f-f8f16393fa81@group-1DF5C6B9164D-LeaderElection6] INFO  server.RaftServer$Division (RaftServerImpl.java:setFirstElection(576)) - fa7382a0-3089-4eb6-af6f-f8f16393fa81@group-1DF5C6B9164D: set firstElectionSinceStartup to false for becomeLeader
2025-10-07 20:52:03,096 [fa7382a0-3089-4eb6-af6f-f8f16393fa81@group-1DF5C6B9164D-LeaderElection6] INFO  ratis.XceiverServerRatis (XceiverServerRatis.java:handleLeaderChangedNotification(940)) - Leader change notification received for group: group-1DF5C6B9164D with new leaderId: fa7382a0-3089-4eb6-af6f-f8f16393fa81
2025-10-07 20:52:03,096 [fa7382a0-3089-4eb6-af6f-f8f16393fa81@group-1DF5C6B9164D-LeaderElection6] INFO  server.RaftServer$Division (ServerState.java:setLeader(272)) - fa7382a0-3089-4eb6-af6f-f8f16393fa81@group-1DF5C6B9164D: change Leader from null to fa7382a0-3089-4eb6-af6f-f8f16393fa81 at term 1 for becomeLeader, leader elected after 1271ms
2025-10-07 20:52:03,096 [fa7382a0-3089-4eb6-af6f-f8f16393fa81@group-1DF5C6B9164D-LeaderElection6] INFO  segmented.SegmentedRaftLogWorker (SegmentedRaftLogWorker.java:startLogSegment(440)) - fa7382a0-3089-4eb6-af6f-f8f16393fa81@group-1DF5C6B9164D-SegmentedRaftLogWorker: Starting segment from index:0
2025-10-07 20:52:03,097 [fa7382a0-3089-4eb6-af6f-f8f16393fa81@group-1DF5C6B9164D-SegmentedRaftLogWorker] INFO  segmented.BufferedWriteChannel (BufferedWriteChannel.java:open(61)) - open log_inprogress_0 at position 0
2025-10-07 20:52:03,099 [fa7382a0-3089-4eb6-af6f-f8f16393fa81@group-1DF5C6B9164D-LeaderElection6] INFO  server.RaftServer$Division (ServerState.java:setRaftConf(386)) - fa7382a0-3089-4eb6-af6f-f8f16393fa81@group-1DF5C6B9164D: set configuration conf: {index: 0, cur=peers:[7d2db622-5327-4122-ba03-be97b5575303|127.0.0.1:15033, fa7382a0-3089-4eb6-af6f-f8f16393fa81|127.0.0.1:15017, c11f8a16-55ee-4f22-a5a5-7daf2dffa753|127.0.0.1:15025]|listeners:[], old=null}
2025-10-07 20:52:03,100 [Recon-EventQueue-PipelineReportForReconPipelineReportHandler] INFO  scm.ReconPipelineReportHandler (ReconPipelineReportHandler.java:processPipelineReport(102)) - Pipeline RATIS/THREE Pipeline-3c759d96-e2b8-41d5-92c0-1df5c6b9164d reported by fa7382a0-3089-4eb6-af6f-f8f16393fa81(localhost/127.0.0.1)
2025-10-07 20:52:03,102 [EventQueue-PipelineReportForOneReplicaPipelineSafeModeRule] INFO  safemode.SCMSafeModeManager (SCMSafeModeManager.java:validateSafeModeExitRules(138)) - AtleastOneDatanodeReportedRule rule is successfully validated
2025-10-07 20:52:03,106 [04372c61-9371-4ab6-9533-e94413dada7c@group-A668C086C089-StateMachineUpdater] INFO  safemode.SCMSafeModeManager (SCMSafeModeManager.java:validateSafeModeExitRules(138)) - DataNodeSafeModeRule rule is successfully validated
2025-10-07 20:52:03,107 [04372c61-9371-4ab6-9533-e94413dada7c@group-A668C086C089-StateMachineUpdater] INFO  safemode.SCMSafeModeManager (SCMSafeModeManager.java:validateSafeModeExitRules(138)) - RatisContainerSafeModeRule rule is successfully validated
2025-10-07 20:52:03,107 [04372c61-9371-4ab6-9533-e94413dada7c@group-A668C086C089-StateMachineUpdater] INFO  safemode.HealthyPipelineSafeModeRule (HealthyPipelineSafeModeRule.java:initializeRule(228)) - Refreshed total pipeline count is 1, healthy pipeline threshold count is 1
2025-10-07 20:52:03,107 [04372c61-9371-4ab6-9533-e94413dada7c@group-A668C086C089-StateMachineUpdater] INFO  safemode.SCMSafeModeManager (SCMSafeModeManager.java:validateSafeModeExitRules(138)) - ECContainerSafeModeRule rule is successfully validated
2025-10-07 20:52:03,107 [04372c61-9371-4ab6-9533-e94413dada7c@group-A668C086C089-StateMachineUpdater] INFO  safemode.SCMSafeModeManager (SCMSafeModeManager.java:validateSafeModeExitRules(138)) - AtleastOneDatanodeReportedRule rule is successfully validated
2025-10-07 20:52:03,107 [EventQueue-PipelineReportForPipelineReportHandler] INFO  pipeline.PipelineReportHandler (PipelineReportHandler.java:processPipelineReport(132)) - Opened pipeline Pipeline-3c759d96-e2b8-41d5-92c0-1df5c6b9164d
2025-10-07 20:52:03,107 [EventQueue-OpenPipelineForHealthyPipelineSafeModeRule] INFO  safemode.SCMSafeModeManager (HealthyPipelineSafeModeRule.java:process(196)) - SCM in safe mode. Healthy pipelines reported count is 1, required healthy pipeline reported count is 1
2025-10-07 20:52:03,107 [EventQueue-OpenPipelineForHealthyPipelineSafeModeRule] INFO  safemode.SCMSafeModeManager (SCMSafeModeManager.java:validateSafeModeExitRules(138)) - HealthyPipelineSafeModeRule rule is successfully validated
2025-10-07 20:52:03,107 [EventQueue-OpenPipelineForHealthyPipelineSafeModeRule] INFO  safemode.SCMSafeModeManager (SCMSafeModeManager.java:validateSafeModeExitRules(158)) - ScmSafeModeManager, all rules are successfully validated
2025-10-07 20:52:03,107 [EventQueue-OpenPipelineForHealthyPipelineSafeModeRule] INFO  safemode.SCMSafeModeManager (SCMSafeModeManager.java:validateSafeModeExitRules(159)) - SCM exiting safe mode.
2025-10-07 20:52:03,108 [EventQueue-OpenPipelineForHealthyPipelineSafeModeRule] INFO  ha.SCMContext (SCMContext.java:updateSafeModeStatus(224)) - Update SafeModeStatus from SafeModeStatus{safeModeStatus=true, preCheckPassed=true} to SafeModeStatus{safeModeStatus=false, preCheckPassed=true}.
2025-10-07 20:52:03,108 [EventQueue-OpenPipelineForHealthyPipelineSafeModeRule] INFO  BackgroundPipelineScrubber (BackgroundSCMService.java:notifyStatusChanged(78)) - Service BackgroundPipelineScrubber transitions to RUNNING.
2025-10-07 20:52:03,108 [EventQueue-OpenPipelineForHealthyPipelineSafeModeRule] INFO  ExpiredContainerReplicaOpScrubber (BackgroundSCMService.java:notifyStatusChanged(78)) - Service ExpiredContainerReplicaOpScrubber transitions to RUNNING.
2025-10-07 20:52:03,108 [EventQueue-OpenPipelineForHealthyPipelineSafeModeRule] INFO  block.SCMBlockDeletingService (SCMBlockDeletingService.java:notifyStatusChanged(265)) - notifyStatusChanged:RUNNING
2025-10-07 20:52:03,108 [EventQueue-OpenPipelineForHealthyPipelineSafeModeRule] INFO  replication.ReplicationManager (ReplicationManager.java:notifyStatusChanged(1389)) - Service ReplicationManager transitions to RUNNING.
2025-10-07 20:52:03,108 [fa7382a0-3089-4eb6-af6f-f8f16393fa81@group-1DF5C6B9164D-SegmentedRaftLogWorker] INFO  segmented.SegmentedRaftLogWorker (SegmentedRaftLogWorker.java:execute(647)) - fa7382a0-3089-4eb6-af6f-f8f16393fa81@group-1DF5C6B9164D-SegmentedRaftLogWorker: created new log segment /home/runner/work/ozone/ozone/hadoop-ozone/integration-test-recon/target/test-dir/MiniOzoneClusterImpl-b15909b8-03a8-4b15-aaa3-a668c086c089/ozone-metadata/datanode-1/ratis/3c759d96-e2b8-41d5-92c0-1df5c6b9164d/current/log_inprogress_0
2025-10-07 20:52:03,108 [EventQueue-OpenPipelineForHealthyPipelineSafeModeRule] WARN  balancer.ContainerBalancer (ContainerBalancer.java:shouldRun(136)) - Could not find persisted configuration for ContainerBalancer when checking if ContainerBalancer should run. ContainerBalancer should not run now.
2025-10-07 20:52:03,110 [EventQueue-OpenPipelineForHealthyPipelineSafeModeRule] INFO  SCMHATransactionMonitor (BackgroundSCMService.java:notifyStatusChanged(78)) - Service SCMHATransactionMonitor transitions to RUNNING.
2025-10-07 20:52:03,119 [grpc-default-executor-5] INFO  ratis.XceiverServerRatis (XceiverServerRatis.java:handleLeaderChangedNotification(940)) - Leader change notification received for group: group-1DF5C6B9164D with new leaderId: fa7382a0-3089-4eb6-af6f-f8f16393fa81
2025-10-07 20:52:03,119 [grpc-default-executor-5] INFO  server.RaftServer$Division (ServerState.java:setLeader(272)) - 7d2db622-5327-4122-ba03-be97b5575303@group-1DF5C6B9164D: change Leader from null to fa7382a0-3089-4eb6-af6f-f8f16393fa81 at term 1 for appendEntries, leader elected after 971ms
2025-10-07 20:52:03,122 [grpc-default-executor-3] INFO  ratis.XceiverServerRatis (XceiverServerRatis.java:handleLeaderChangedNotification(940)) - Leader change notification received for group: group-1DF5C6B9164D with new leaderId: fa7382a0-3089-4eb6-af6f-f8f16393fa81
2025-10-07 20:52:03,122 [grpc-default-executor-3] INFO  server.RaftServer$Division (ServerState.java:setLeader(272)) - c11f8a16-55ee-4f22-a5a5-7daf2dffa753@group-1DF5C6B9164D: change Leader from null to fa7382a0-3089-4eb6-af6f-f8f16393fa81 at term 1 for appendEntries, leader elected after 1068ms
2025-10-07 20:52:03,130 [grpc-default-executor-3] INFO  server.RaftServer$Division (ServerState.java:setRaftConf(386)) - c11f8a16-55ee-4f22-a5a5-7daf2dffa753@group-1DF5C6B9164D: set configuration conf: {index: 0, cur=peers:[7d2db622-5327-4122-ba03-be97b5575303|127.0.0.1:15033, fa7382a0-3089-4eb6-af6f-f8f16393fa81|127.0.0.1:15017, c11f8a16-55ee-4f22-a5a5-7daf2dffa753|127.0.0.1:15025]|listeners:[], old=null}
2025-10-07 20:52:03,132 [grpc-default-executor-5] INFO  server.RaftServer$Division (ServerState.java:setRaftConf(386)) - 7d2db622-5327-4122-ba03-be97b5575303@group-1DF5C6B9164D: set configuration conf: {index: 0, cur=peers:[7d2db622-5327-4122-ba03-be97b5575303|127.0.0.1:15033, fa7382a0-3089-4eb6-af6f-f8f16393fa81|127.0.0.1:15017, c11f8a16-55ee-4f22-a5a5-7daf2dffa753|127.0.0.1:15025]|listeners:[], old=null}
2025-10-07 20:52:03,132 [grpc-default-executor-5] INFO  segmented.SegmentedRaftLogWorker (SegmentedRaftLogWorker.java:startLogSegment(440)) - 7d2db622-5327-4122-ba03-be97b5575303@group-1DF5C6B9164D-SegmentedRaftLogWorker: Starting segment from index:0
2025-10-07 20:52:03,133 [grpc-default-executor-3] INFO  segmented.SegmentedRaftLogWorker (SegmentedRaftLogWorker.java:startLogSegment(440)) - c11f8a16-55ee-4f22-a5a5-7daf2dffa753@group-1DF5C6B9164D-SegmentedRaftLogWorker: Starting segment from index:0
2025-10-07 20:52:03,133 [c11f8a16-55ee-4f22-a5a5-7daf2dffa753@group-1DF5C6B9164D-SegmentedRaftLogWorker] INFO  segmented.BufferedWriteChannel (BufferedWriteChannel.java:open(61)) - open log_inprogress_0 at position 0
2025-10-07 20:52:03,134 [7d2db622-5327-4122-ba03-be97b5575303@group-1DF5C6B9164D-SegmentedRaftLogWorker] INFO  segmented.BufferedWriteChannel (BufferedWriteChannel.java:open(61)) - open log_inprogress_0 at position 0
2025-10-07 20:52:03,141 [c11f8a16-55ee-4f22-a5a5-7daf2dffa753@group-1DF5C6B9164D-SegmentedRaftLogWorker] INFO  segmented.SegmentedRaftLogWorker (SegmentedRaftLogWorker.java:execute(647)) - c11f8a16-55ee-4f22-a5a5-7daf2dffa753@group-1DF5C6B9164D-SegmentedRaftLogWorker: created new log segment /home/runner/work/ozone/ozone/hadoop-ozone/integration-test-recon/target/test-dir/MiniOzoneClusterImpl-b15909b8-03a8-4b15-aaa3-a668c086c089/ozone-metadata/datanode-2/ratis/3c759d96-e2b8-41d5-92c0-1df5c6b9164d/current/log_inprogress_0
2025-10-07 20:52:03,142 [7d2db622-5327-4122-ba03-be97b5575303@group-1DF5C6B9164D-SegmentedRaftLogWorker] INFO  segmented.SegmentedRaftLogWorker (SegmentedRaftLogWorker.java:execute(647)) - 7d2db622-5327-4122-ba03-be97b5575303@group-1DF5C6B9164D-SegmentedRaftLogWorker: created new log segment /home/runner/work/ozone/ozone/hadoop-ozone/integration-test-recon/target/test-dir/MiniOzoneClusterImpl-b15909b8-03a8-4b15-aaa3-a668c086c089/ozone-metadata/datanode-3/ratis/3c759d96-e2b8-41d5-92c0-1df5c6b9164d/current/log_inprogress_0
2025-10-07 20:52:03,147 [fa7382a0-3089-4eb6-af6f-f8f16393fa81@group-1DF5C6B9164D-StateMachineUpdater] INFO  server.RaftServer$Division (LeaderStateImpl.java:checkStartIndex(309)) - Leader fa7382a0-3089-4eb6-af6f-f8f16393fa81@group-1DF5C6B9164D-LeaderStateImpl is ready since appliedIndex == startIndex == 0
2025-10-07 20:52:03,295 [ForkJoinPool-1-worker-1] INFO  ozone.MiniOzoneClusterImpl (MiniOzoneClusterImpl.java:lambda$waitForClusterToBeReady$0(181)) - Nodes are ready. Got 5 of 5 DN Heartbeats.
2025-10-07 20:52:03,295 [ForkJoinPool-1-worker-1] INFO  ozone.MiniOzoneClusterImpl (MiniOzoneClusterImpl.java:lambda$waitForClusterToBeReady$0(184)) - Cluster exits safe mode
2025-10-07 20:52:03,295 [ForkJoinPool-1-worker-1] INFO  ozone.MiniOzoneClusterImpl (MiniOzoneClusterImpl.java:lambda$waitForClusterToBeReady$0(186)) - SCM became leader
2025-10-07 20:52:03,296 [ForkJoinPool-1-worker-1] WARN  conf.TimeDurationUtil (TimeDurationUtil.java:getDuration(58)) - No unit for hdds.scmclient.rpc.timeout(60000) assuming MILLISECONDS
2025-10-07 20:52:03,296 [ForkJoinPool-1-worker-1] WARN  conf.TimeDurationUtil (TimeDurationUtil.java:getDuration(58)) - No unit for hdds.scmclient.max.retry.timeout(6000) assuming MILLISECONDS
2025-10-07 20:52:03,296 [ForkJoinPool-1-worker-1] INFO  proxy.SCMContainerLocationFailoverProxyProvider (SCMFailoverProxyProviderBase.java:<init>(120)) - Created fail-over proxy for protocol StorageContainerLocationProtocolPB with 1 nodes: [nodeId=scmNodeId,nodeAddress=/0.0.0.0:15002]
2025-10-07 20:52:03,298 [ForkJoinPool-1-worker-1] WARN  conf.TimeDurationUtil (TimeDurationUtil.java:getDuration(58)) - No unit for hdds.scmclient.rpc.timeout(60000) assuming MILLISECONDS
2025-10-07 20:52:03,298 [ForkJoinPool-1-worker-1] WARN  conf.TimeDurationUtil (TimeDurationUtil.java:getDuration(58)) - No unit for hdds.scmclient.max.retry.timeout(6000) assuming MILLISECONDS
2025-10-07 20:52:03,298 [ForkJoinPool-1-worker-1] INFO  proxy.SecretKeyProtocolFailoverProxyProvider (SCMFailoverProxyProviderBase.java:<init>(120)) - Created fail-over proxy for protocol SecretKeyProtocolScmPB with 1 nodes: [nodeId=scmNodeId,nodeAddress=/0.0.0.0:9961]
2025-10-07 20:52:03,300 [7d2db622-5327-4122-ba03-be97b5575303@group-79D92D5C683F-FollowerState] INFO  impl.FollowerState (FollowerState.java:runImpl(161)) - 7d2db622-5327-4122-ba03-be97b5575303@group-79D92D5C683F-FollowerState: change to CANDIDATE, lastRpcElapsedTime:1042400870ns, electionTimeout:1042ms
2025-10-07 20:52:03,300 [7d2db622-5327-4122-ba03-be97b5575303@group-79D92D5C683F-FollowerState] INFO  impl.RoleInfo (RoleInfo.java:shutdownFollowerState(121)) - 7d2db622-5327-4122-ba03-be97b5575303: shutdown 7d2db622-5327-4122-ba03-be97b5575303@group-79D92D5C683F-FollowerState
2025-10-07 20:52:03,300 [7d2db622-5327-4122-ba03-be97b5575303@group-79D92D5C683F-FollowerState] INFO  server.RaftServer$Division (RaftServerImpl.java:setRole(392)) - 7d2db622-5327-4122-ba03-be97b5575303@group-79D92D5C683F: changes role from  FOLLOWER to CANDIDATE at term 0 for changeToCandidate
2025-10-07 20:52:03,300 [7d2db622-5327-4122-ba03-be97b5575303@group-79D92D5C683F-FollowerState] INFO  impl.RoleInfo (RoleInfo.java:updateAndGet(148)) - 7d2db622-5327-4122-ba03-be97b5575303: start 7d2db622-5327-4122-ba03-be97b5575303@group-79D92D5C683F-LeaderElection8
2025-10-07 20:52:03,301 [7d2db622-5327-4122-ba03-be97b5575303@group-79D92D5C683F-LeaderElection8] INFO  impl.LeaderElection (LeaderElection.java:askForVotes(448)) - 7d2db622-5327-4122-ba03-be97b5575303@group-79D92D5C683F-LeaderElection8 PRE_VOTE round 0: submit vote requests at term 0 for conf: {index: -1, cur=peers:[7d2db622-5327-4122-ba03-be97b5575303|127.0.0.1:15033]|listeners:[], old=null}
2025-10-07 20:52:03,301 [7d2db622-5327-4122-ba03-be97b5575303@group-79D92D5C683F-LeaderElection8] INFO  impl.LeaderElection (LeaderElection.java:askForVotes(450)) - 7d2db622-5327-4122-ba03-be97b5575303@group-79D92D5C683F-LeaderElection8 PRE_VOTE round 0: result PASSED (term=0)
2025-10-07 20:52:03,303 [7d2db622-5327-4122-ba03-be97b5575303@group-79D92D5C683F-LeaderElection8] INFO  impl.LeaderElection (LeaderElection.java:askForVotes(448)) - 7d2db622-5327-4122-ba03-be97b5575303@group-79D92D5C683F-LeaderElection8 ELECTION round 0: submit vote requests at term 1 for conf: {index: -1, cur=peers:[7d2db622-5327-4122-ba03-be97b5575303|127.0.0.1:15033]|listeners:[], old=null}
2025-10-07 20:52:03,303 [7d2db622-5327-4122-ba03-be97b5575303@group-79D92D5C683F-LeaderElection8] INFO  impl.LeaderElection (LeaderElection.java:askForVotes(450)) - 7d2db622-5327-4122-ba03-be97b5575303@group-79D92D5C683F-LeaderElection8 ELECTION round 0: result PASSED (term=1)
2025-10-07 20:52:03,304 [7d2db622-5327-4122-ba03-be97b5575303@group-79D92D5C683F-LeaderElection8] INFO  impl.RoleInfo (RoleInfo.java:shutdownLeaderElection(141)) - 7d2db622-5327-4122-ba03-be97b5575303: shutdown 7d2db622-5327-4122-ba03-be97b5575303@group-79D92D5C683F-LeaderElection8
2025-10-07 20:52:03,304 [7d2db622-5327-4122-ba03-be97b5575303@group-79D92D5C683F-LeaderElection8] INFO  server.RaftServer$Division (RaftServerImpl.java:setRole(392)) - 7d2db622-5327-4122-ba03-be97b5575303@group-79D92D5C683F: changes role from CANDIDATE to LEADER at term 1 for changeToLeader
2025-10-07 20:52:03,304 [7d2db622-5327-4122-ba03-be97b5575303@group-79D92D5C683F-LeaderElection8] INFO  server.RaftServerConfigKeys (ConfUtils.java:logFallback(69)) - raft.server.staging.timeout = 15600ms (fallback to raft.server.rpc.timeout.max)
2025-10-07 20:52:03,304 [7d2db622-5327-4122-ba03-be97b5575303@group-79D92D5C683F-LeaderElection8] INFO  server.RaftServerConfigKeys (ConfUtils.java:logGet(62)) - raft.server.write.byte-limit = 1024 M (=1073741824) (custom)
2025-10-07 20:52:03,305 [7d2db622-5327-4122-ba03-be97b5575303@group-79D92D5C683F-LeaderElection8] INFO  impl.RoleInfo (RoleInfo.java:updateAndGet(148)) - 7d2db622-5327-4122-ba03-be97b5575303: start 7d2db622-5327-4122-ba03-be97b5575303@group-79D92D5C683F-LeaderStateImpl
2025-10-07 20:52:03,305 [7d2db622-5327-4122-ba03-be97b5575303@group-79D92D5C683F-LeaderElection8] INFO  server.RaftServer$Division (RaftServerImpl.java:setFirstElection(576)) - 7d2db622-5327-4122-ba03-be97b5575303@group-79D92D5C683F: set firstElectionSinceStartup to false for becomeLeader
2025-10-07 20:52:03,306 [7d2db622-5327-4122-ba03-be97b5575303@group-79D92D5C683F-LeaderElection8] INFO  ratis.XceiverServerRatis (XceiverServerRatis.java:handleLeaderChangedNotification(940)) - Leader change notification received for group: group-79D92D5C683F with new leaderId: 7d2db622-5327-4122-ba03-be97b5575303
2025-10-07 20:52:03,306 [7d2db622-5327-4122-ba03-be97b5575303@group-79D92D5C683F-LeaderElection8] INFO  server.RaftServer$Division (ServerState.java:setLeader(272)) - 7d2db622-5327-4122-ba03-be97b5575303@group-79D92D5C683F: change Leader from null to 7d2db622-5327-4122-ba03-be97b5575303 at term 1 for becomeLeader, leader elected after 1073ms
2025-10-07 20:52:03,306 [7d2db622-5327-4122-ba03-be97b5575303@group-79D92D5C683F-LeaderElection8] INFO  segmented.SegmentedRaftLogWorker (SegmentedRaftLogWorker.java:startLogSegment(440)) - 7d2db622-5327-4122-ba03-be97b5575303@group-79D92D5C683F-SegmentedRaftLogWorker: Starting segment from index:0
2025-10-07 20:52:03,308 [7d2db622-5327-4122-ba03-be97b5575303@group-79D92D5C683F-SegmentedRaftLogWorker] INFO  segmented.BufferedWriteChannel (BufferedWriteChannel.java:open(61)) - open log_inprogress_0 at position 0
2025-10-07 20:52:03,312 [7d2db622-5327-4122-ba03-be97b5575303@group-79D92D5C683F-LeaderElection8] INFO  server.RaftServer$Division (ServerState.java:setRaftConf(386)) - 7d2db622-5327-4122-ba03-be97b5575303@group-79D92D5C683F: set configuration conf: {index: 0, cur=peers:[7d2db622-5327-4122-ba03-be97b5575303|127.0.0.1:15033]|listeners:[], old=null}
2025-10-07 20:52:03,320 [7d2db622-5327-4122-ba03-be97b5575303@group-79D92D5C683F-SegmentedRaftLogWorker] INFO  segmented.SegmentedRaftLogWorker (SegmentedRaftLogWorker.java:execute(647)) - 7d2db622-5327-4122-ba03-be97b5575303@group-79D92D5C683F-SegmentedRaftLogWorker: created new log segment /home/runner/work/ozone/ozone/hadoop-ozone/integration-test-recon/target/test-dir/MiniOzoneClusterImpl-b15909b8-03a8-4b15-aaa3-a668c086c089/ozone-metadata/datanode-3/ratis/8831db63-0960-497d-8895-79d92d5c683f/current/log_inprogress_0
2025-10-07 20:52:03,322 [7d2db622-5327-4122-ba03-be97b5575303@group-79D92D5C683F-StateMachineUpdater] INFO  server.RaftServer$Division (LeaderStateImpl.java:checkStartIndex(309)) - Leader 7d2db622-5327-4122-ba03-be97b5575303@group-79D92D5C683F-LeaderStateImpl is ready since appliedIndex == startIndex == 0
2025-10-07 20:52:03,497 [ReplicationMonitor] INFO  replication.ReplicationManager (ReplicationManager.java:processAll(359)) - Replication Manager is not ready to run until 3000ms after safemode exit
2025-10-07 20:52:03,657 [fc0351b7-0c71-4a2a-a0ca-337e5c0b1c14@group-B7EF3C0ABF3A-FollowerState] INFO  impl.FollowerState (FollowerState.java:runImpl(161)) - fc0351b7-0c71-4a2a-a0ca-337e5c0b1c14@group-B7EF3C0ABF3A-FollowerState: change to CANDIDATE, lastRpcElapsedTime:1116841701ns, electionTimeout:1116ms
2025-10-07 20:52:03,657 [fc0351b7-0c71-4a2a-a0ca-337e5c0b1c14@group-B7EF3C0ABF3A-FollowerState] INFO  impl.RoleInfo (RoleInfo.java:shutdownFollowerState(121)) - fc0351b7-0c71-4a2a-a0ca-337e5c0b1c14: shutdown fc0351b7-0c71-4a2a-a0ca-337e5c0b1c14@group-B7EF3C0ABF3A-FollowerState
2025-10-07 20:52:03,658 [fc0351b7-0c71-4a2a-a0ca-337e5c0b1c14@group-B7EF3C0ABF3A-FollowerState] INFO  server.RaftServer$Division (RaftServerImpl.java:setRole(392)) - fc0351b7-0c71-4a2a-a0ca-337e5c0b1c14@group-B7EF3C0ABF3A: changes role from  FOLLOWER to CANDIDATE at term 0 for changeToCandidate
2025-10-07 20:52:03,658 [fc0351b7-0c71-4a2a-a0ca-337e5c0b1c14@group-B7EF3C0ABF3A-FollowerState] INFO  impl.RoleInfo (RoleInfo.java:updateAndGet(148)) - fc0351b7-0c71-4a2a-a0ca-337e5c0b1c14: start fc0351b7-0c71-4a2a-a0ca-337e5c0b1c14@group-B7EF3C0ABF3A-LeaderElection9
2025-10-07 20:52:03,658 [fc0351b7-0c71-4a2a-a0ca-337e5c0b1c14@group-B7EF3C0ABF3A-LeaderElection9] INFO  impl.LeaderElection (LeaderElection.java:askForVotes(448)) - fc0351b7-0c71-4a2a-a0ca-337e5c0b1c14@group-B7EF3C0ABF3A-LeaderElection9 PRE_VOTE round 0: submit vote requests at term 0 for conf: {index: -1, cur=peers:[fc0351b7-0c71-4a2a-a0ca-337e5c0b1c14|127.0.0.1:15041]|listeners:[], old=null}
2025-10-07 20:52:03,658 [fc0351b7-0c71-4a2a-a0ca-337e5c0b1c14@group-B7EF3C0ABF3A-LeaderElection9] INFO  impl.LeaderElection (LeaderElection.java:askForVotes(450)) - fc0351b7-0c71-4a2a-a0ca-337e5c0b1c14@group-B7EF3C0ABF3A-LeaderElection9 PRE_VOTE round 0: result PASSED (term=0)
2025-10-07 20:52:03,660 [fc0351b7-0c71-4a2a-a0ca-337e5c0b1c14@group-B7EF3C0ABF3A-LeaderElection9] INFO  impl.LeaderElection (LeaderElection.java:askForVotes(448)) - fc0351b7-0c71-4a2a-a0ca-337e5c0b1c14@group-B7EF3C0ABF3A-LeaderElection9 ELECTION round 0: submit vote requests at term 1 for conf: {index: -1, cur=peers:[fc0351b7-0c71-4a2a-a0ca-337e5c0b1c14|127.0.0.1:15041]|listeners:[], old=null}
2025-10-07 20:52:03,660 [fc0351b7-0c71-4a2a-a0ca-337e5c0b1c14@group-B7EF3C0ABF3A-LeaderElection9] INFO  impl.LeaderElection (LeaderElection.java:askForVotes(450)) - fc0351b7-0c71-4a2a-a0ca-337e5c0b1c14@group-B7EF3C0ABF3A-LeaderElection9 ELECTION round 0: result PASSED (term=1)
2025-10-07 20:52:03,660 [fc0351b7-0c71-4a2a-a0ca-337e5c0b1c14@group-B7EF3C0ABF3A-LeaderElection9] INFO  impl.RoleInfo (RoleInfo.java:shutdownLeaderElection(141)) - fc0351b7-0c71-4a2a-a0ca-337e5c0b1c14: shutdown fc0351b7-0c71-4a2a-a0ca-337e5c0b1c14@group-B7EF3C0ABF3A-LeaderElection9
2025-10-07 20:52:03,660 [fc0351b7-0c71-4a2a-a0ca-337e5c0b1c14@group-B7EF3C0ABF3A-LeaderElection9] INFO  server.RaftServer$Division (RaftServerImpl.java:setRole(392)) - fc0351b7-0c71-4a2a-a0ca-337e5c0b1c14@group-B7EF3C0ABF3A: changes role from CANDIDATE to LEADER at term 1 for changeToLeader
2025-10-07 20:52:03,660 [fc0351b7-0c71-4a2a-a0ca-337e5c0b1c14@group-B7EF3C0ABF3A-LeaderElection9] INFO  server.RaftServerConfigKeys (ConfUtils.java:logFallback(69)) - raft.server.staging.timeout = 15600ms (fallback to raft.server.rpc.timeout.max)
2025-10-07 20:52:03,660 [fc0351b7-0c71-4a2a-a0ca-337e5c0b1c14@group-B7EF3C0ABF3A-LeaderElection9] INFO  server.RaftServerConfigKeys (ConfUtils.java:logGet(62)) - raft.server.write.byte-limit = 1024 M (=1073741824) (custom)
2025-10-07 20:52:03,663 [fc0351b7-0c71-4a2a-a0ca-337e5c0b1c14@group-B7EF3C0ABF3A-LeaderElection9] INFO  impl.RoleInfo (RoleInfo.java:updateAndGet(148)) - fc0351b7-0c71-4a2a-a0ca-337e5c0b1c14: start fc0351b7-0c71-4a2a-a0ca-337e5c0b1c14@group-B7EF3C0ABF3A-LeaderStateImpl
2025-10-07 20:52:03,663 [fc0351b7-0c71-4a2a-a0ca-337e5c0b1c14@group-B7EF3C0ABF3A-LeaderElection9] INFO  server.RaftServer$Division (RaftServerImpl.java:setFirstElection(576)) - fc0351b7-0c71-4a2a-a0ca-337e5c0b1c14@group-B7EF3C0ABF3A: set firstElectionSinceStartup to false for becomeLeader
2025-10-07 20:52:03,663 [fc0351b7-0c71-4a2a-a0ca-337e5c0b1c14@group-B7EF3C0ABF3A-LeaderElection9] INFO  ratis.XceiverServerRatis (XceiverServerRatis.java:handleLeaderChangedNotification(940)) - Leader change notification received for group: group-B7EF3C0ABF3A with new leaderId: fc0351b7-0c71-4a2a-a0ca-337e5c0b1c14
2025-10-07 20:52:03,663 [fc0351b7-0c71-4a2a-a0ca-337e5c0b1c14@group-B7EF3C0ABF3A-LeaderElection9] INFO  server.RaftServer$Division (ServerState.java:setLeader(272)) - fc0351b7-0c71-4a2a-a0ca-337e5c0b1c14@group-B7EF3C0ABF3A: change Leader from null to fc0351b7-0c71-4a2a-a0ca-337e5c0b1c14 at term 1 for becomeLeader, leader elected after 1140ms
2025-10-07 20:52:03,663 [fc0351b7-0c71-4a2a-a0ca-337e5c0b1c14@group-B7EF3C0ABF3A-LeaderElection9] INFO  segmented.SegmentedRaftLogWorker (SegmentedRaftLogWorker.java:startLogSegment(440)) - fc0351b7-0c71-4a2a-a0ca-337e5c0b1c14@group-B7EF3C0ABF3A-SegmentedRaftLogWorker: Starting segment from index:0
2025-10-07 20:52:03,664 [fc0351b7-0c71-4a2a-a0ca-337e5c0b1c14@group-B7EF3C0ABF3A-LeaderElection9] INFO  server.RaftServer$Division (ServerState.java:setRaftConf(386)) - fc0351b7-0c71-4a2a-a0ca-337e5c0b1c14@group-B7EF3C0ABF3A: set configuration conf: {index: 0, cur=peers:[fc0351b7-0c71-4a2a-a0ca-337e5c0b1c14|127.0.0.1:15041]|listeners:[], old=null}
2025-10-07 20:52:03,664 [fc0351b7-0c71-4a2a-a0ca-337e5c0b1c14@group-B7EF3C0ABF3A-SegmentedRaftLogWorker] INFO  segmented.BufferedWriteChannel (BufferedWriteChannel.java:open(61)) - open log_inprogress_0 at position 0
2025-10-07 20:52:03,673 [fc0351b7-0c71-4a2a-a0ca-337e5c0b1c14@group-B7EF3C0ABF3A-SegmentedRaftLogWorker] INFO  segmented.SegmentedRaftLogWorker (SegmentedRaftLogWorker.java:execute(647)) - fc0351b7-0c71-4a2a-a0ca-337e5c0b1c14@group-B7EF3C0ABF3A-SegmentedRaftLogWorker: created new log segment /home/runner/work/ozone/ozone/hadoop-ozone/integration-test-recon/target/test-dir/MiniOzoneClusterImpl-b15909b8-03a8-4b15-aaa3-a668c086c089/ozone-metadata/datanode-4/ratis/a10c2c7a-ee93-46bd-b348-b7ef3c0abf3a/current/log_inprogress_0
2025-10-07 20:52:03,675 [fc0351b7-0c71-4a2a-a0ca-337e5c0b1c14@group-B7EF3C0ABF3A-StateMachineUpdater] INFO  server.RaftServer$Division (LeaderStateImpl.java:checkStartIndex(309)) - Leader fc0351b7-0c71-4a2a-a0ca-337e5c0b1c14@group-B7EF3C0ABF3A-LeaderStateImpl is ready since appliedIndex == startIndex == 0
2025-10-07 20:52:03,710 [ForkJoinPool-1-worker-1] INFO  rpc.RpcClient (RpcClient.java:createVolume(461)) - Creating Volume: vol1, with user34473 as owner and space quota set to -1 bytes, counts quota set to -1
2025-10-07 20:52:03,735 [om1-OMStateMachineApplyTransactionThread - 0] WARN  helpers.OzoneAclUtil (OzoneAclUtil.java:getDefaultAclList(68)) - Failed to get primary group from user user34473 (auth:SIMPLE)
2025-10-07 20:52:03,736 [om1-OMStateMachineApplyTransactionThread - 0] INFO  volume.OMVolumeCreateRequest (OMVolumeCreateRequest.java:validateAndUpdateCache(213)) - created volume:vol1 for user:user34473
2025-10-07 20:52:03,747 [ForkJoinPool-1-worker-1] INFO  rpc.RpcClient (RpcClient.java:createBucket(686)) - Creating Bucket: vol1/bucket1, with bucket layout FILE_SYSTEM_OPTIMIZED, runner as owner, Versioning false, Storage Type set to DISK and Encryption set to false, Replication Type set to server-side default replication type, Namespace Quota set to -1, Space Quota set to -1 
2025-10-07 20:52:03,758 [om1-OMStateMachineApplyTransactionThread - 0] INFO  bucket.OMBucketCreateRequest (OMBucketCreateRequest.java:validateAndUpdateCache(303)) - created bucket: bucket1 of layout FILE_SYSTEM_OPTIMIZED in volume: vol1
2025-10-07 20:52:03,797 [ContainerHealthTask] INFO  fsck.ContainerHealthTask (ContainerHealthTask.java:checkAndProcessContainers(194)) - Container Health task thread took 0 iterations to fetch all containers using batched approach with batch size of 1000
2025-10-07 20:52:03,828 [IPC Server handler 1 on default port 15003] INFO  ha.SequenceIdGenerator (SequenceIdGenerator.java:getNextId(135)) - Allocate a batch for containerId, change lastId from 0 to 1000.
2025-10-07 20:52:03,841 [04372c61-9371-4ab6-9533-e94413dada7c@group-A668C086C089-StateMachineUpdater] WARN  ha.SequenceIdGenerator (SequenceIdGenerator.java:allocateBatch(248)) - Failed to allocate a batch for localId, expected lastId is 0, actual lastId is 115816896921600000.
2025-10-07 20:52:03,843 [IPC Server handler 1 on default port 15003] INFO  ha.SequenceIdGenerator (SequenceIdGenerator.java:getNextId(135)) - Allocate a batch for localId, change lastId from 115816896921600000 to 115816896921601000.
2025-10-07 20:52:04,048 [FixedThreadPoolWithAffinityExecutor-8-0] WARN  events.FixedThreadPoolWithAffinityExecutor (FixedThreadPoolWithAffinityExecutor.java:run(264)) - Event taken long execution time 6 millisec, c11f8a16-55ee-4f22-a5a5-7daf2dffa753(localhost/127.0.0.1), {type: ICR, size: 1}
2025-10-07 20:52:04,048 [FixedThreadPoolWithAffinityExecutor-0-0] WARN  events.FixedThreadPoolWithAffinityExecutor (FixedThreadPoolWithAffinityExecutor.java:run(264)) - Event taken long execution time 6 millisec, 7d2db622-5327-4122-ba03-be97b5575303(localhost/127.0.0.1), {type: ICR, size: 1}
2025-10-07 20:52:04,049 [FixedThreadPoolWithAffinityExecutor-0-0] WARN  events.FixedThreadPoolWithAffinityExecutor (FixedThreadPoolWithAffinityExecutor.java:run(251)) - Event remained in queue for long time 5 millisec, fa7382a0-3089-4eb6-af6f-f8f16393fa81(localhost/127.0.0.1), {type: FCR, size: 0}
2025-10-07 20:52:04,049 [FixedThreadPoolWithAffinityExecutor-0-0] WARN  events.FixedThreadPoolWithAffinityExecutor (FixedThreadPoolWithAffinityExecutor.java:run(264)) - Event taken long execution time 5 millisec, fa7382a0-3089-4eb6-af6f-f8f16393fa81(localhost/127.0.0.1), {type: FCR, size: 0}
2025-10-07 20:52:04,049 [FixedThreadPoolWithAffinityExecutor-0-0] WARN  events.FixedThreadPoolWithAffinityExecutor (FixedThreadPoolWithAffinityExecutor.java:run(251)) - Event remained in queue for long time 5 millisec, fa7382a0-3089-4eb6-af6f-f8f16393fa81(localhost/127.0.0.1), {type: ICR, size: 1}
2025-10-07 20:52:04,049 [FixedThreadPoolWithAffinityExecutor-0-0] WARN  events.FixedThreadPoolWithAffinityExecutor (FixedThreadPoolWithAffinityExecutor.java:run(264)) - Event taken long execution time 5 millisec, fa7382a0-3089-4eb6-af6f-f8f16393fa81(localhost/127.0.0.1), {type: ICR, size: 1}
2025-10-07 20:52:04,054 [Recon-FixedThreadPoolWithAffinityExecutor-8-0] INFO  scm.ReconContainerManager (ReconContainerManager.java:addNewContainer(242)) - Successfully added container #1 to Recon.
2025-10-07 20:52:04,055 [Recon-FixedThreadPoolWithAffinityExecutor-0-0] INFO  scm.ReconContainerManager (ReconContainerManager.java:addNewContainer(242)) - Successfully added container #1 to Recon.
2025-10-07 20:52:04,060 [Recon-FixedThreadPoolWithAffinityExecutor-8-0] WARN  events.FixedThreadPoolWithAffinityExecutor (FixedThreadPoolWithAffinityExecutor.java:run(264)) - Event taken long execution time 16 millisec, c11f8a16-55ee-4f22-a5a5-7daf2dffa753(localhost/127.0.0.1), {type: ICR, size: 1}
2025-10-07 20:52:04,061 [Recon-FixedThreadPoolWithAffinityExecutor-0-0] WARN  events.FixedThreadPoolWithAffinityExecutor (FixedThreadPoolWithAffinityExecutor.java:run(264)) - Event taken long execution time 16 millisec, 7d2db622-5327-4122-ba03-be97b5575303(localhost/127.0.0.1), {type: ICR, size: 1}
2025-10-07 20:52:04,061 [Recon-FixedThreadPoolWithAffinityExecutor-0-0] WARN  events.FixedThreadPoolWithAffinityExecutor (FixedThreadPoolWithAffinityExecutor.java:run(251)) - Event remained in queue for long time 16 millisec, fa7382a0-3089-4eb6-af6f-f8f16393fa81(localhost/127.0.0.1), {type: FCR, size: 0}
2025-10-07 20:52:04,061 [Recon-FixedThreadPoolWithAffinityExecutor-0-0] WARN  events.FixedThreadPoolWithAffinityExecutor (FixedThreadPoolWithAffinityExecutor.java:run(264)) - Event taken long execution time 17 millisec, fa7382a0-3089-4eb6-af6f-f8f16393fa81(localhost/127.0.0.1), {type: FCR, size: 0}
2025-10-07 20:52:04,061 [Recon-FixedThreadPoolWithAffinityExecutor-0-0] WARN  events.FixedThreadPoolWithAffinityExecutor (FixedThreadPoolWithAffinityExecutor.java:run(251)) - Event remained in queue for long time 17 millisec, fa7382a0-3089-4eb6-af6f-f8f16393fa81(localhost/127.0.0.1), {type: ICR, size: 1}
2025-10-07 20:52:04,062 [Recon-FixedThreadPoolWithAffinityExecutor-0-0] WARN  events.FixedThreadPoolWithAffinityExecutor (FixedThreadPoolWithAffinityExecutor.java:run(264)) - Event taken long execution time 17 millisec, fa7382a0-3089-4eb6-af6f-f8f16393fa81(localhost/127.0.0.1), {type: ICR, size: 1}
Connecting to Recon: http://localhost:15000/api/v1/triggerdbsync/om ...
2025-10-07 20:52:04,217 [Recon-SyncOM-1] INFO  impl.OzoneManagerServiceProviderImpl (OzoneManagerServiceProviderImpl.java:lambda$startSyncDataFromOM$2(331)) - Last known sequence number before sync: 0
2025-10-07 20:52:04,217 [Recon-SyncOM-1] INFO  impl.OzoneManagerServiceProviderImpl (OzoneManagerServiceProviderImpl.java:syncDataFromOM(630)) - Seq number of Recon's OM DB : 0
2025-10-07 20:52:04,217 [Recon-SyncOM-1] INFO  impl.OzoneManagerServiceProviderImpl (OzoneManagerServiceProviderImpl.java:executeFullSnapshot(790)) - Obtaining full snapshot from Ozone Manager
2025-10-07 20:52:04,223 [Recon-SyncOM-1] INFO  updater.ReconTaskStatusUpdater (ReconTaskStatusUpdater.java:updateDetails(124)) - Registered Task: OmSnapshotRequest
2025-10-07 20:52:04,223 [Recon-SyncOM-1] INFO  impl.OzoneManagerServiceProviderImpl (OzoneManagerServiceProviderImpl.java:checkAndValidateReconDbPermissions(884)) - Permissions for Recon DB directory '/home/runner/work/ozone/ozone/hadoop-ozone/integration-test-recon/target/test-dir/MiniOzoneClusterImpl-b15909b8-03a8-4b15-aaa3-a668c086c089/ozone-metadata/recon' meet the minimum required permissions '750'
2025-10-07 20:52:04,234 [qtp133286137-488] INFO  utils.DBCheckpointServlet (DBCheckpointServlet.java:doGet(341)) - Received GET request to obtain DB checkpoint snapshot
2025-10-07 20:52:04,242 [qtp133286137-488] INFO  snapshot.OMDBCheckpointUtils (OMDBCheckpointUtils.java:logEstimatedTarballSize(71)) - Estimates for Checkpoint Tarball Stream - Data size: 0 KB, SST files: 0
2025-10-07 20:52:04,245 [qtp1181622455-549] INFO  requests.recon (Slf4jRequestLogWriter.java:write(62)) - 127.0.0.1 - - [07/Oct/2025:20:52:04 +0000] "GET /api/v1/triggerdbsync/om HTTP/1.1" 200 4 "-" "Java/21.0.8"
2025-10-07 20:52:04,269 [qtp133286137-488] INFO  db.RDBCheckpointManager (RDBCheckpointManager.java:createCheckpoint(87)) - Created checkpoint in rocksDB at /home/runner/work/ozone/ozone/hadoop-ozone/integration-test-recon/target/test-dir/MiniOzoneClusterImpl-b15909b8-03a8-4b15-aaa3-a668c086c089/om/data/db.checkpoints/om.db_checkpoint_1759870324267 in 1 milliseconds
2025-10-07 20:52:04,286 [qtp133286137-488] INFO  db.RocksDBCheckpoint (RocksDBCheckpoint.java:cleanupCheckpoint(75)) - Cleaning up RocksDB checkpoint at /home/runner/work/ozone/ozone/hadoop-ozone/integration-test-recon/target/test-dir/MiniOzoneClusterImpl-b15909b8-03a8-4b15-aaa3-a668c086c089/om/data/db.checkpoints/om.db_checkpoint_1759870324267
2025-10-07 20:52:04,292 [qtp133286137-488] INFO  om.OMDBCheckpointServletInodeBasedXfer (OMDBCheckpointServletInodeBasedXfer.java:processMetadataSnapshotRequest(149)) - Time taken to write the checkpoint to response output stream: 57 milliseconds
2025-10-07 20:52:04,293 [qtp133286137-488] INFO  utils.DBCheckpointServlet (DBCheckpointServlet.java:logSstFileList(146)) - Excluded 9 SST files from the latest checkpoint, sample: [(dev=811,ino=541540)-1759870324260, (dev=811,ino=541537)-1759870324251, (dev=811,ino=541545)-1759870324266, (dev=811,ino=541544)-1759870324266, (dev=811,ino=541541)-1759870324262]
2025-10-07 20:52:04,294 [Recon-SyncOM-1] INFO  recon.TarExtractor (TarExtractor.java:extractTar(129)) - Tar extraction completed and moved from staging to: /home/runner/work/ozone/ozone/hadoop-ozone/integration-test-recon/target/test-dir/MiniOzoneClusterImpl-b15909b8-03a8-4b15-aaa3-a668c086c089/ozone-metadata/recon/om.snapshot.db_1759870324223
2025-10-07 20:52:04,295 [qtp133286137-488] INFO  requests.ozoneManager (Slf4jRequestLogWriter.java:write(62)) - 127.0.0.1 - - [07/Oct/2025:20:52:04 +0000] "GET /v2/dbCheckpoint HTTP/1.1" 200 128512 "-" "Java/21.0.8"
2025-10-07 20:52:04,296 [Recon-SyncOM-1] INFO  impl.OzoneManagerServiceProviderImpl (OzoneManagerServiceProviderImpl.java:getOzoneManagerDBSnapshot(466)) - Number of SST files found in the OM snapshot directory: /home/runner/work/ozone/ozone/hadoop-ozone/integration-test-recon/target/test-dir/MiniOzoneClusterImpl-b15909b8-03a8-4b15-aaa3-a668c086c089/ozone-metadata/recon/om.snapshot.db_1759870324223 - 6
2025-10-07 20:52:04,296 [Recon-SyncOM-1] INFO  recon.ReconContext (ReconContext.java:updateHealthStatus(76)) - Update healthStatus of Recon from true to true.
2025-10-07 20:52:04,296 [Recon-SyncOM-1] INFO  impl.OzoneManagerServiceProviderImpl (OzoneManagerServiceProviderImpl.java:updateReconOmDBWithNewSnapshot(513)) - Attempting to update Recon OM DB with new snapshot located at: /home/runner/work/ozone/ozone/hadoop-ozone/integration-test-recon/target/test-dir/MiniOzoneClusterImpl-b15909b8-03a8-4b15-aaa3-a668c086c089/ozone-metadata/recon/om.snapshot.db_1759870324223
2025-10-07 20:52:04,328 [Recon-SyncOM-1] INFO  recovery.ReconOmMetadataManagerImpl (ReconOmMetadataManagerImpl.java:initializeNewRdbStore(125)) - Created OM DB handle from snapshot at /home/runner/work/ozone/ozone/hadoop-ozone/integration-test-recon/target/test-dir/MiniOzoneClusterImpl-b15909b8-03a8-4b15-aaa3-a668c086c089/ozone-metadata/recon/om.snapshot.db_1759870324223.
2025-10-07 20:52:04,334 [Recon-SyncOM-1] INFO  impl.OzoneManagerServiceProviderImpl (OzoneManagerServiceProviderImpl.java:updateReconOmDBWithNewSnapshot(517)) - Successfully updated Recon OM DB with new snapshot.
2025-10-07 20:52:04,340 [Recon-SyncOM-1] INFO  updater.ReconTaskStatusUpdater (ReconTaskStatusUpdater.java:updateDetails(124)) - Registered Task: OmDeltaRequest
2025-10-07 20:52:04,340 [Recon-SyncOM-1] INFO  impl.OzoneManagerServiceProviderImpl (OzoneManagerServiceProviderImpl.java:executeFullSnapshot(817)) - Queueing async reinitialization event instead of blocking call
2025-10-07 20:52:04,340 [Recon-SyncOM-1] INFO  tasks.ReconTaskControllerImpl (ReconTaskControllerImpl.java:queueReInitializationEvent(485)) - Queueing task reinitialization event due to: MANUAL_TRIGGER (retry attempt count: 0)
2025-10-07 20:52:04,340 [Recon-SyncOM-1] INFO  tasks.ReconTaskControllerImpl (ReconTaskControllerImpl.java:queueReInitializationEvent(502)) - Attempting checkpoint creation (retry attempt: 1)
2025-10-07 20:52:04,343 [Recon-SyncOM-1] INFO  db.RDBCheckpointManager (RDBCheckpointManager.java:createCheckpoint(87)) - Created checkpoint in rocksDB at /home/runner/work/ozone/ozone/hadoop-ozone/integration-test-recon/target/test-dir/MiniOzoneClusterImpl-b15909b8-03a8-4b15-aaa3-a668c086c089/ozone-metadata/recon/temp-recon-reinit-checkpoint_e1ee0d19-415a-46e9-a266-542d3bec49f9/om.snapshot.db_1759870324223_checkpoint_1759870324341 in 2 milliseconds
2025-10-07 20:52:04,367 [Recon-SyncOM-1] INFO  tasks.ReconTaskControllerImpl (ReconTaskControllerImpl.java:queueReInitializationEvent(504)) - Checkpoint creation succeeded
2025-10-07 20:52:04,368 [Recon-SyncOM-1] INFO  tasks.ReconTaskControllerImpl (ReconTaskControllerImpl.java:queueReInitializationEvent(520)) - Successfully queued reinitialization event after 1 retries
2025-10-07 20:52:04,368 [Recon-SyncOM-1] INFO  recon.ReconContext (ReconContext.java:updateHealthStatus(76)) - Update healthStatus of Recon from true to true.
2025-10-07 20:52:04,368 [Recon-SyncOM-1] INFO  impl.OzoneManagerServiceProviderImpl (OzoneManagerServiceProviderImpl.java:lambda$startSyncDataFromOM$2(336)) - Sequence number after sync: 15
2025-10-07 20:52:04,368 [ReconEventProcessor-0] INFO  tasks.ReconTaskControllerImpl (ReconTaskControllerImpl.java:processReInitializationEvent(643)) - Processing reinitialization event: reason=MANUAL_TRIGGER, timestamp=1759870324367
2025-10-07 20:52:04,368 [ReconEventProcessor-0] INFO  tasks.ReconTaskControllerImpl (ReconTaskControllerImpl.java:processReInitializationEvent(650)) - Starting async task reinitialization with checkpointed OM metadata manager due to: MANUAL_TRIGGER
2025-10-07 20:52:04,368 [ReconEventProcessor-0] INFO  tasks.ReconTaskControllerImpl (ReconTaskControllerImpl.java:reInitializeTasks(166)) - Starting Re-initialization of tasks. This is a blocking operation.
2025-10-07 20:52:04,374 [ReconEventProcessor-0] INFO  updater.ReconTaskStatusUpdater (ReconTaskStatusUpdater.java:updateDetails(124)) - Registered Task: REPROCESS_STAGING
2025-10-07 20:52:04,405 [ReconEventProcessor-0] INFO  updater.ReconTaskStatusUpdater (ReconTaskStatusUpdater.java:updateDetails(124)) - Registered Task: ContainerKeyMapperTaskFSO
2025-10-07 20:52:04,407 [ReconEventProcessor-0] INFO  updater.ReconTaskStatusUpdater (ReconTaskStatusUpdater.java:updateDetails(124)) - Registered Task: OmTableInsightTask
2025-10-07 20:52:04,410 [ReconEventProcessor-0] INFO  updater.ReconTaskStatusUpdater (ReconTaskStatusUpdater.java:updateDetails(124)) - Registered Task: NSSummaryTask
2025-10-07 20:52:04,413 [ReconEventProcessor-0] INFO  updater.ReconTaskStatusUpdater (ReconTaskStatusUpdater.java:updateDetails(124)) - Registered Task: ContainerKeyMapperTaskOBS
2025-10-07 20:52:04,415 [ReconEventProcessor-0] INFO  updater.ReconTaskStatusUpdater (ReconTaskStatusUpdater.java:updateDetails(124)) - Registered Task: FileSizeCountTaskOBS
2025-10-07 20:52:04,418 [ReconEventProcessor-0] INFO  updater.ReconTaskStatusUpdater (ReconTaskStatusUpdater.java:updateDetails(124)) - Registered Task: FileSizeCountTaskFSO
2025-10-07 20:52:04,419 [ReconTaskThread-0] INFO  impl.ReconContainerMetadataManagerImpl (ReconContainerMetadataManagerImpl.java:initializeTables(159)) - KEY_CONTAINER Table is empty, initializing from CONTAINER_KEY Table ...
2025-10-07 20:52:04,419 [ReconTaskThread-0] INFO  impl.ReconContainerMetadataManagerImpl (ReconContainerMetadataManagerImpl.java:initializeKeyContainerTable(711)) - It took 0.0 seconds to initialized 0 records to KEY_CONTAINER table
2025-10-07 20:52:04,421 [ReconTaskThread-0] INFO  impl.ReconContainerMetadataManagerImpl (ReconContainerMetadataManagerImpl.java:initializeTables(159)) - KEY_CONTAINER Table is empty, initializing from CONTAINER_KEY Table ...
2025-10-07 20:52:04,421 [ReconTaskThread-0] INFO  impl.ReconContainerMetadataManagerImpl (ReconContainerMetadataManagerImpl.java:initializeKeyContainerTable(711)) - It took 0.0 seconds to initialized 0 records to KEY_CONTAINER table
2025-10-07 20:52:04,497 [ReplicationMonitor] INFO  replication.ReplicationManager (ReplicationManager.java:processAll(359)) - Replication Manager is not ready to run until 3000ms after safemode exit
2025-10-07 20:52:04,545 [ReconTaskThread-0] INFO  tasks.NSSummaryTask (NSSummaryTask.java:reprocess(219)) - Starting NSSummary tree reprocess with unified control...
2025-10-07 20:52:04,548 [Recon-NSSummaryTask-0] INFO  tasks.NSSummaryTaskWithFSO (NSSummaryTaskWithFSO.java:reprocessWithFSO(273)) - Completed a reprocess run of NSSummaryTaskWithFSO
2025-10-07 20:52:04,548 [ReconTaskThread-0] INFO  tasks.NSSummaryTask (NSSummaryTask.java:executeReprocess(303)) - NSSummary reprocess execution time: 2 milliseconds
2025-10-07 20:52:04,548 [ReconTaskThread-0] INFO  tasks.NSSummaryTask (NSSummaryTask.java:executeReprocess(308)) - NSSummary tree reprocess completed successfully with unified control.
2025-10-07 20:52:04,550 [ReconTaskThread-0] INFO  tasks.FileSizeCountTaskHelper (FileSizeCountTaskHelper.java:reprocess(92)) - Starting Reprocess for FileSizeCountTaskOBS
2025-10-07 20:52:04,557 [ReconTaskThread-0] INFO  tasks.FileSizeCountTaskHelper (FileSizeCountTaskHelper.java:truncateTableIfNeeded(64)) - Deleted 0 records from "FILE_COUNT_BY_SIZE"
2025-10-07 20:52:04,557 [ReconTaskThread-0] INFO  tasks.FileSizeCountTaskHelper (FileSizeCountTaskHelper.java:reprocessBucketLayout(143)) - Reprocessed 0 keys for bucket layout OBJECT_STORE.
2025-10-07 20:52:04,561 [ReconTaskThread-0] INFO  tasks.FileSizeCountTaskHelper (FileSizeCountTaskHelper.java:reprocess(103)) - FileSizeCountTaskOBS completed Reprocess in 10 ms.
2025-10-07 20:52:04,561 [ReconTaskThread-0] INFO  tasks.FileSizeCountTaskHelper (FileSizeCountTaskHelper.java:reprocess(92)) - Starting Reprocess for FileSizeCountTaskFSO
2025-10-07 20:52:04,561 [ReconTaskThread-0] INFO  tasks.FileSizeCountTaskHelper (FileSizeCountTaskHelper.java:truncateTableIfNeeded(72)) - Table already truncated by another task; waiting for truncation to complete.
2025-10-07 20:52:04,562 [ReconTaskThread-0] INFO  tasks.FileSizeCountTaskHelper (FileSizeCountTaskHelper.java:reprocessBucketLayout(143)) - Reprocessed 1 keys for bucket layout FILE_SYSTEM_OPTIMIZED.
2025-10-07 20:52:04,566 [ReconTaskThread-0] INFO  tasks.FileSizeCountTaskHelper (FileSizeCountTaskHelper.java:reprocess(103)) - FileSizeCountTaskFSO completed Reprocess in 5 ms.
2025-10-07 20:52:04,605 [ReconEventProcessor-0] INFO  tasks.ReconTaskControllerImpl (ReconTaskControllerImpl.java:reInitializeTasks(236)) - Re-initialization of tasks completed successfully.
2025-10-07 20:52:04,605 [ReconEventProcessor-0] INFO  tasks.ReconTaskControllerImpl (ReconTaskControllerImpl.java:processReInitializationEvent(660)) - Completed async task reinitialization
2025-10-07 20:52:04,605 [ReconEventProcessor-0] INFO  tasks.ReconTaskControllerImpl (ReconTaskControllerImpl.java:processReInitializationEvent(666)) - Completed processing reinitialization event: MANUAL_TRIGGER
2025-10-07 20:52:04,810 [ContainerHealthTask] INFO  fsck.ContainerHealthTask (ContainerHealthTask.java:checkAndProcessContainers(194)) - Container Health task thread took 1 iterations to fetch all containers using batched approach with batch size of 1000
2025-10-07 20:52:05,043 [Recon-FixedThreadPoolWithAffinityExecutor-8-0] WARN  events.FixedThreadPoolWithAffinityExecutor (FixedThreadPoolWithAffinityExecutor.java:run(251)) - Event remained in queue for long time 2 millisec, c11f8a16-55ee-4f22-a5a5-7daf2dffa753(localhost/127.0.0.1), {type: FCR, size: 1}
2025-10-07 20:52:05,044 [Recon-FixedThreadPoolWithAffinityExecutor-8-0] WARN  events.FixedThreadPoolWithAffinityExecutor (FixedThreadPoolWithAffinityExecutor.java:run(264)) - Event taken long execution time 2 millisec, c11f8a16-55ee-4f22-a5a5-7daf2dffa753(localhost/127.0.0.1), {type: FCR, size: 1}
2025-10-07 20:52:05,290 [Recon-FixedThreadPoolWithAffinityExecutor-0-0] INFO  scm.ReconContainerManager (ReconContainerManager.java:addNewContainer(242)) - Successfully added container #2 to Recon.
2025-10-07 20:52:05,291 [Recon-FixedThreadPoolWithAffinityExecutor-0-0] WARN  events.FixedThreadPoolWithAffinityExecutor (FixedThreadPoolWithAffinityExecutor.java:run(264)) - Event taken long execution time 4 millisec, fa7382a0-3089-4eb6-af6f-f8f16393fa81(localhost/127.0.0.1), {type: ICR, size: 1}
Connecting to Recon: http://localhost:15000/api/v1/triggerdbsync/om ...
2025-10-07 20:52:05,301 [Recon-SyncOM-2] INFO  impl.OzoneManagerServiceProviderImpl (OzoneManagerServiceProviderImpl.java:lambda$startSyncDataFromOM$2(331)) - Last known sequence number before sync: 15
2025-10-07 20:52:05,301 [Recon-SyncOM-2] INFO  impl.OzoneManagerServiceProviderImpl (OzoneManagerServiceProviderImpl.java:syncDataFromOM(630)) - Seq number of Recon's OM DB : 15
2025-10-07 20:52:05,306 [qtp1181622455-544] INFO  requests.recon (Slf4jRequestLogWriter.java:write(62)) - 127.0.0.1 - - [07/Oct/2025:20:52:05 +0000] "GET /api/v1/triggerdbsync/om HTTP/1.1" 200 4 "-" "Java/21.0.8"
2025-10-07 20:52:05,315 [Recon-SyncOM-2] INFO  impl.OzoneManagerServiceProviderImpl (OzoneManagerServiceProviderImpl.java:innerGetAndApplyDeltaUpdatesFromOM(600)) - From Sequence Number:15, Recon DB Sequence Number: 22, Number of updates received from OM : 2, SequenceNumber diff: 7, SequenceNumber Lag from OM 0, isDBUpdateSuccess: true
2025-10-07 20:52:05,319 [Recon-SyncOM-2] INFO  impl.OzoneManagerServiceProviderImpl (OzoneManagerServiceProviderImpl.java:syncDataFromOM(746)) - Delta updates received from OM : 1 loops, 7 records
2025-10-07 20:52:05,319 [Recon-SyncOM-2] INFO  impl.OzoneManagerServiceProviderImpl (OzoneManagerServiceProviderImpl.java:lambda$startSyncDataFromOM$2(336)) - Sequence number after sync: 22
2025-10-07 20:52:05,497 [ReplicationMonitor] INFO  replication.ReplicationManager (ReplicationManager.java:processAll(359)) - Replication Manager is not ready to run until 3000ms after safemode exit
2025-10-07 20:52:05,816 [ContainerHealthTask] INFO  fsck.ContainerHealthTask (ContainerHealthTask.java:checkAndProcessContainers(194)) - Container Health task thread took 1 iterations to fetch all containers using batched approach with batch size of 1000
2025-10-07 20:52:06,313 [ForkJoinPool-1-worker-1] INFO  ozoneimpl.OzoneContainer (OzoneContainer.java:stop(549)) - Attempting to stop container services.
2025-10-07 20:52:06,313 [ContainerMetadataScanner] WARN  ozoneimpl.AbstractBackgroundContainerScanner (AbstractBackgroundContainerScanner.java:handleRemainingSleep(136)) - Background container scan was interrupted.
2025-10-07 20:52:06,313 [ContainerMetadataScanner] INFO  ozoneimpl.AbstractBackgroundContainerScanner (AbstractBackgroundContainerScanner.java:run(63)) - org.apache.hadoop.ozone.container.ozoneimpl.BackgroundContainerMetadataScanner@3453e055 exiting.
2025-10-07 20:52:06,313 [ForkJoinPool-1-worker-1] INFO  ozoneimpl.BackgroundContainerDataScanner (BackgroundContainerDataScanner.java:shutdown(87)) - ContainerDataScanner(/home/runner/work/ozone/ozone/hadoop-ozone/integration-test-recon/target/test-dir/MiniOzoneClusterImpl-b15909b8-03a8-4b15-aaa3-a668c086c089/ozone-metadata/datanode-1/data-0/hdds) is shutting down. 
2025-10-07 20:52:06,313 [ContainerDataScanner(/home/runner/work/ozone/ozone/hadoop-ozone/integration-test-recon/target/test-dir/MiniOzoneClusterImpl-b15909b8-03a8-4b15-aaa3-a668c086c089/ozone-metadata/datanode-1/data-0/hdds)] WARN  ozoneimpl.AbstractBackgroundContainerScanner (AbstractBackgroundContainerScanner.java:handleRemainingSleep(136)) - Background container scan was interrupted.
2025-10-07 20:52:06,313 [ContainerDataScanner(/home/runner/work/ozone/ozone/hadoop-ozone/integration-test-recon/target/test-dir/MiniOzoneClusterImpl-b15909b8-03a8-4b15-aaa3-a668c086c089/ozone-metadata/datanode-1/data-0/hdds)] INFO  ozoneimpl.AbstractBackgroundContainerScanner (AbstractBackgroundContainerScanner.java:run(63)) - ContainerDataScanner(/home/runner/work/ozone/ozone/hadoop-ozone/integration-test-recon/target/test-dir/MiniOzoneClusterImpl-b15909b8-03a8-4b15-aaa3-a668c086c089/ozone-metadata/datanode-1/data-0/hdds, DS-246ce695-3a50-407f-874d-83a19368ad7d) exiting.
2025-10-07 20:52:06,314 [ForkJoinPool-1-worker-1] INFO  ozoneimpl.OnDemandContainerScanner (OnDemandContainerScanner.java:shutdown(141)) - On-demand container scanner is shutting down.
2025-10-07 20:52:06,317 [ForkJoinPool-1-worker-1] INFO  ratis.XceiverServerRatis (XceiverServerRatis.java:stop(594)) - Closing XceiverServerRatis(fa7382a0-3089-4eb6-af6f-f8f16393fa81)
2025-10-07 20:52:06,317 [ForkJoinPool-1-worker-1] INFO  server.RaftServer (RaftServerProxy.java:lambda$close$9(422)) - fa7382a0-3089-4eb6-af6f-f8f16393fa81: close
2025-10-07 20:52:06,318 [fa7382a0-3089-4eb6-af6f-f8f16393fa81-impl-thread1] INFO  server.RaftServer$Division (RaftServerImpl.java:lambda$close$1(527)) - fa7382a0-3089-4eb6-af6f-f8f16393fa81@group-7AE2F20A3602: shutdown
2025-10-07 20:52:06,318 [fa7382a0-3089-4eb6-af6f-f8f16393fa81-impl-thread1] INFO  util.JmxRegister (JmxRegister.java:unregister(74)) - Successfully un-registered JMX Bean with object name Ratis:service=RaftServer,group=group-7AE2F20A3602,id=fa7382a0-3089-4eb6-af6f-f8f16393fa81
2025-10-07 20:52:06,318 [fa7382a0-3089-4eb6-af6f-f8f16393fa81-impl-thread2] INFO  server.RaftServer$Division (RaftServerImpl.java:lambda$close$1(527)) - fa7382a0-3089-4eb6-af6f-f8f16393fa81@group-1DF5C6B9164D: shutdown
2025-10-07 20:52:06,318 [ForkJoinPool-1-worker-1] INFO  server.GrpcServicesImpl (GrpcServicesImpl.java:closeImpl(355)) - fa7382a0-3089-4eb6-af6f-f8f16393fa81: shutdown server org.apache.ratis.grpc.server.GrpcClientProtocolService now
2025-10-07 20:52:06,318 [fa7382a0-3089-4eb6-af6f-f8f16393fa81-impl-thread1] INFO  impl.RoleInfo (RoleInfo.java:shutdownLeaderState(103)) - fa7382a0-3089-4eb6-af6f-f8f16393fa81: shutdown fa7382a0-3089-4eb6-af6f-f8f16393fa81@group-7AE2F20A3602-LeaderStateImpl
2025-10-07 20:52:06,318 [fa7382a0-3089-4eb6-af6f-f8f16393fa81-impl-thread2] INFO  util.JmxRegister (JmxRegister.java:unregister(74)) - Successfully un-registered JMX Bean with object name Ratis:service=RaftServer,group=group-1DF5C6B9164D,id=fa7382a0-3089-4eb6-af6f-f8f16393fa81
2025-10-07 20:52:06,318 [fa7382a0-3089-4eb6-af6f-f8f16393fa81-impl-thread2] INFO  impl.RoleInfo (RoleInfo.java:shutdownLeaderState(103)) - fa7382a0-3089-4eb6-af6f-f8f16393fa81: shutdown fa7382a0-3089-4eb6-af6f-f8f16393fa81@group-1DF5C6B9164D-LeaderStateImpl
2025-10-07 20:52:06,318 [fa7382a0-3089-4eb6-af6f-f8f16393fa81-impl-thread1] INFO  impl.PendingRequests (PendingRequests.java:sendNotLeaderResponses(287)) - fa7382a0-3089-4eb6-af6f-f8f16393fa81@group-7AE2F20A3602-PendingRequests: sendNotLeaderResponses
2025-10-07 20:52:06,319 [fa7382a0-3089-4eb6-af6f-f8f16393fa81@group-1DF5C6B9164D->c11f8a16-55ee-4f22-a5a5-7daf2dffa753-GrpcLogAppender-LogAppenderDaemon] WARN  server.GrpcLogAppender (GrpcLogAppender.java:mayWait(300)) - fa7382a0-3089-4eb6-af6f-f8f16393fa81@group-1DF5C6B9164D->c11f8a16-55ee-4f22-a5a5-7daf2dffa753-GrpcLogAppender: Wait interrupted by java.lang.InterruptedException
2025-10-07 20:52:06,319 [fa7382a0-3089-4eb6-af6f-f8f16393fa81@group-1DF5C6B9164D->7d2db622-5327-4122-ba03-be97b5575303-GrpcLogAppender-LogAppenderDaemon] WARN  server.GrpcLogAppender (GrpcLogAppender.java:mayWait(300)) - fa7382a0-3089-4eb6-af6f-f8f16393fa81@group-1DF5C6B9164D->7d2db622-5327-4122-ba03-be97b5575303-GrpcLogAppender: Wait interrupted by java.lang.InterruptedException
2025-10-07 20:52:06,320 [Thread-870] INFO  server.GrpcServerProtocolClient (GrpcServerProtocolClient.java:close(105)) - c11f8a16-55ee-4f22-a5a5-7daf2dffa753 Close channels
2025-10-07 20:52:06,320 [fa7382a0-3089-4eb6-af6f-f8f16393fa81-impl-thread2] INFO  impl.PendingRequests (PendingRequests.java:sendNotLeaderResponses(287)) - fa7382a0-3089-4eb6-af6f-f8f16393fa81@group-1DF5C6B9164D-PendingRequests: sendNotLeaderResponses
2025-10-07 20:52:06,319 [Thread-868] INFO  server.GrpcServerProtocolClient (GrpcServerProtocolClient.java:close(105)) - 7d2db622-5327-4122-ba03-be97b5575303 Close channels
2025-10-07 20:52:06,321 [fa7382a0-3089-4eb6-af6f-f8f16393fa81-impl-thread2] INFO  impl.StateMachineUpdater (StateMachineUpdater.java:stopAndJoin(163)) - fa7382a0-3089-4eb6-af6f-f8f16393fa81@group-1DF5C6B9164D-StateMachineUpdater: set stopIndex = 4
2025-10-07 20:52:06,320 [Recon-SyncOM-2] INFO  impl.OzoneManagerServiceProviderImpl (OzoneManagerServiceProviderImpl.java:lambda$startSyncDataFromOM$2(331)) - Last known sequence number before sync: 22
2025-10-07 20:52:06,321 [Recon-SyncOM-2] INFO  impl.OzoneManagerServiceProviderImpl (OzoneManagerServiceProviderImpl.java:syncDataFromOM(630)) - Seq number of Recon's OM DB : 22
2025-10-07 20:52:06,322 [fa7382a0-3089-4eb6-af6f-f8f16393fa81-impl-thread1] INFO  impl.StateMachineUpdater (StateMachineUpdater.java:stopAndJoin(163)) - fa7382a0-3089-4eb6-af6f-f8f16393fa81@group-7AE2F20A3602-StateMachineUpdater: set stopIndex = 3
2025-10-07 20:52:06,322 [grpc-default-executor-6] INFO  server.GrpcServerProtocolService (GrpcServerProtocolService.java:lambda$onCompleted$6(171)) - c11f8a16-55ee-4f22-a5a5-7daf2dffa753: Completed APPEND_ENTRIES, lastRequest: fa7382a0-3089-4eb6-af6f-f8f16393fa81->c11f8a16-55ee-4f22-a5a5-7daf2dffa753#7-t1,previous=(t:1, i:3),leaderCommit=2,initializing? false,entries: size=1, first=(t:1, i:4), METADATAENTRY(c:2) 
2025-10-07 20:52:06,323 [fa7382a0-3089-4eb6-af6f-f8f16393fa81@group-1DF5C6B9164D-StateMachineUpdater] INFO  ratis.ContainerStateMachine (ContainerStateMachine.java:takeSnapshot(427)) - group-1DF5C6B9164D: Taking a snapshot at:(t:1, i:4) file /home/runner/work/ozone/ozone/hadoop-ozone/integration-test-recon/target/test-dir/MiniOzoneClusterImpl-b15909b8-03a8-4b15-aaa3-a668c086c089/ozone-metadata/datanode-1/ratis/3c759d96-e2b8-41d5-92c0-1df5c6b9164d/sm/snapshot.1_4
2025-10-07 20:52:06,323 [fa7382a0-3089-4eb6-af6f-f8f16393fa81@group-7AE2F20A3602-StateMachineUpdater] INFO  ratis.ContainerStateMachine (ContainerStateMachine.java:takeSnapshot(427)) - group-7AE2F20A3602: Taking a snapshot at:(t:1, i:3) file /home/runner/work/ozone/ozone/hadoop-ozone/integration-test-recon/target/test-dir/MiniOzoneClusterImpl-b15909b8-03a8-4b15-aaa3-a668c086c089/ozone-metadata/datanode-1/ratis/527db8da-1e91-4af5-a093-7ae2f20a3602/sm/snapshot.1_3
2025-10-07 20:52:06,325 [grpc-default-executor-7] INFO  server.GrpcServerProtocolService (GrpcServerProtocolService.java:lambda$onCompleted$6(171)) - 7d2db622-5327-4122-ba03-be97b5575303: Completed APPEND_ENTRIES, lastRequest: fa7382a0-3089-4eb6-af6f-f8f16393fa81->7d2db622-5327-4122-ba03-be97b5575303#6-t1,previous=(t:1, i:3),leaderCommit=2,initializing? false,entries: size=1, first=(t:1, i:4), METADATAENTRY(c:2) 
2025-10-07 20:52:06,325 [grpc-default-executor-7] INFO  server.GrpcServerProtocolService (GrpcServerProtocolService.java:lambda$null$7(175)) - 7d2db622-5327-4122-ba03-be97b5575303: Completed APPEND_ENTRIES, lastReply: null 
2025-10-07 20:52:06,327 [grpc-default-executor-2] INFO  server.GrpcLogAppender (GrpcLogAppender.java:onCompleted(558)) - fa7382a0-3089-4eb6-af6f-f8f16393fa81@group-1DF5C6B9164D->c11f8a16-55ee-4f22-a5a5-7daf2dffa753-AppendLogResponseHandler: follower responses appendEntries COMPLETED
2025-10-07 20:52:06,328 [grpc-default-executor-7] INFO  server.GrpcLogAppender (GrpcLogAppender.java:onCompleted(558)) - fa7382a0-3089-4eb6-af6f-f8f16393fa81@group-1DF5C6B9164D->7d2db622-5327-4122-ba03-be97b5575303-AppendLogResponseHandler: follower responses appendEntries COMPLETED
2025-10-07 20:52:06,329 [grpc-default-executor-3] WARN  server.GrpcClientProtocolService (LogUtils.java:warn(127)) - 0-OrderedRequestStreamObserver0: onError: org.apache.ratis.thirdparty.io.grpc.StatusRuntimeException: CANCELLED: client cancelled
2025-10-07 20:52:06,329 [grpc-default-executor-5] INFO  server.GrpcLogAppender (GrpcLogAppender.java:onCompleted(558)) - fa7382a0-3089-4eb6-af6f-f8f16393fa81@group-1DF5C6B9164D->7d2db622-5327-4122-ba03-be97b5575303-AppendLogResponseHandler: follower responses appendEntries COMPLETED
2025-10-07 20:52:06,330 [grpc-default-executor-5] WARN  server.GrpcLogAppender (GrpcLogAppender.java:resetClient(237)) - fa7382a0-3089-4eb6-af6f-f8f16393fa81@group-1DF5C6B9164D->7d2db622-5327-4122-ba03-be97b5575303-GrpcLogAppender: Failed to getClient for 7d2db622-5327-4122-ba03-be97b5575303
org.apache.ratis.protocol.exceptions.AlreadyClosedException: fa7382a0-3089-4eb6-af6f-f8f16393fa81 is already CLOSED
	at org.apache.ratis.util.PeerProxyMap$PeerAndProxy.getProxy(PeerProxyMap.java:67)
	at org.apache.ratis.util.PeerProxyMap.getProxy(PeerProxyMap.java:124)
	at org.apache.ratis.grpc.server.GrpcLogAppender.getClient(GrpcLogAppender.java:207)
	at org.apache.ratis.grpc.server.GrpcLogAppender.resetClient(GrpcLogAppender.java:212)
	at org.apache.ratis.grpc.server.GrpcLogAppender.access$800(GrpcLogAppender.java:70)
	at org.apache.ratis.grpc.server.GrpcLogAppender$AppendLogResponseHandler.onCompleted(GrpcLogAppender.java:559)
	at org.apache.ratis.thirdparty.io.grpc.stub.ClientCalls$StreamObserverToCallListenerAdapter.onClose(ClientCalls.java:562)
	at org.apache.ratis.thirdparty.io.grpc.internal.DelayedClientCall$DelayedListener$3.run(DelayedClientCall.java:489)
	at org.apache.ratis.thirdparty.io.grpc.internal.DelayedClientCall$DelayedListener.delayOrExecute(DelayedClientCall.java:453)
	at org.apache.ratis.thirdparty.io.grpc.internal.DelayedClientCall$DelayedListener.onClose(DelayedClientCall.java:486)
	at org.apache.ratis.thirdparty.io.grpc.internal.ClientCallImpl.closeObserver(ClientCallImpl.java:565)
	at org.apache.ratis.thirdparty.io.grpc.internal.ClientCallImpl.access$100(ClientCallImpl.java:72)
	at org.apache.ratis.thirdparty.io.grpc.internal.ClientCallImpl$ClientStreamListenerImpl$1StreamClosed.runInternal(ClientCallImpl.java:733)
	at org.apache.ratis.thirdparty.io.grpc.internal.ClientCallImpl$ClientStreamListenerImpl$1StreamClosed.runInContext(ClientCallImpl.java:714)
	at org.apache.ratis.thirdparty.io.grpc.internal.ContextRunnable.run(ContextRunnable.java:37)
	at org.apache.ratis.thirdparty.io.grpc.internal.SerializingExecutor.run(SerializingExecutor.java:133)
	at java.base/java.util.concurrent.ThreadPoolExecutor.runWorker(ThreadPoolExecutor.java:1144)
	at java.base/java.util.concurrent.ThreadPoolExecutor$Worker.run(ThreadPoolExecutor.java:642)
	at java.base/java.lang.Thread.run(Thread.java:1583)
2025-10-07 20:52:06,328 [grpc-default-executor-2] WARN  server.GrpcLogAppender (GrpcLogAppender.java:resetClient(237)) - fa7382a0-3089-4eb6-af6f-f8f16393fa81@group-1DF5C6B9164D->c11f8a16-55ee-4f22-a5a5-7daf2dffa753-GrpcLogAppender: Failed to getClient for c11f8a16-55ee-4f22-a5a5-7daf2dffa753
org.apache.ratis.protocol.exceptions.AlreadyClosedException: fa7382a0-3089-4eb6-af6f-f8f16393fa81 is already CLOSED
	at org.apache.ratis.util.PeerProxyMap$PeerAndProxy.getProxy(PeerProxyMap.java:67)
	at org.apache.ratis.util.PeerProxyMap.getProxy(PeerProxyMap.java:124)
	at org.apache.ratis.grpc.server.GrpcLogAppender.getClient(GrpcLogAppender.java:207)
	at org.apache.ratis.grpc.server.GrpcLogAppender.resetClient(GrpcLogAppender.java:212)
	at org.apache.ratis.grpc.server.GrpcLogAppender.access$800(GrpcLogAppender.java:70)
	at org.apache.ratis.grpc.server.GrpcLogAppender$AppendLogResponseHandler.onCompleted(GrpcLogAppender.java:559)
	at org.apache.ratis.thirdparty.io.grpc.stub.ClientCalls$StreamObserverToCallListenerAdapter.onClose(ClientCalls.java:562)
	at org.apache.ratis.thirdparty.io.grpc.internal.ClientCallImpl.closeObserver(ClientCallImpl.java:565)
	at org.apache.ratis.thirdparty.io.grpc.internal.ClientCallImpl.access$100(ClientCallImpl.java:72)
	at org.apache.ratis.thirdparty.io.grpc.internal.ClientCallImpl$ClientStreamListenerImpl$1StreamClosed.runInternal(ClientCallImpl.java:733)
	at org.apache.ratis.thirdparty.io.grpc.internal.ClientCallImpl$ClientStreamListenerImpl$1StreamClosed.runInContext(ClientCallImpl.java:714)
	at org.apache.ratis.thirdparty.io.grpc.internal.ContextRunnable.run(ContextRunnable.java:37)
	at org.apache.ratis.thirdparty.io.grpc.internal.SerializingExecutor.run(SerializingExecutor.java:133)
	at java.base/java.util.concurrent.ThreadPoolExecutor.runWorker(ThreadPoolExecutor.java:1144)
	at java.base/java.util.concurrent.ThreadPoolExecutor$Worker.run(ThreadPoolExecutor.java:642)
	at java.base/java.lang.Thread.run(Thread.java:1583)
2025-10-07 20:52:06,330 [grpc-default-executor-7] WARN  server.GrpcLogAppender (GrpcLogAppender.java:resetClient(237)) - fa7382a0-3089-4eb6-af6f-f8f16393fa81@group-1DF5C6B9164D->7d2db622-5327-4122-ba03-be97b5575303-GrpcLogAppender: Failed to getClient for 7d2db622-5327-4122-ba03-be97b5575303
org.apache.ratis.protocol.exceptions.AlreadyClosedException: fa7382a0-3089-4eb6-af6f-f8f16393fa81 is already CLOSED
	at org.apache.ratis.util.PeerProxyMap$PeerAndProxy.getProxy(PeerProxyMap.java:67)
	at org.apache.ratis.util.PeerProxyMap.getProxy(PeerProxyMap.java:124)
	at org.apache.ratis.grpc.server.GrpcLogAppender.getClient(GrpcLogAppender.java:207)
	at org.apache.ratis.grpc.server.GrpcLogAppender.resetClient(GrpcLogAppender.java:212)
	at org.apache.ratis.grpc.server.GrpcLogAppender.access$800(GrpcLogAppender.java:70)
	at org.apache.ratis.grpc.server.GrpcLogAppender$AppendLogResponseHandler.onCompleted(GrpcLogAppender.java:559)
	at org.apache.ratis.thirdparty.io.grpc.stub.ClientCalls$StreamObserverToCallListenerAdapter.onClose(ClientCalls.java:562)
	at org.apache.ratis.thirdparty.io.grpc.internal.ClientCallImpl.closeObserver(ClientCallImpl.java:565)
	at org.apache.ratis.thirdparty.io.grpc.internal.ClientCallImpl.access$100(ClientCallImpl.java:72)
	at org.apache.ratis.thirdparty.io.grpc.internal.ClientCallImpl$ClientStreamListenerImpl$1StreamClosed.runInternal(ClientCallImpl.java:733)
	at org.apache.ratis.thirdparty.io.grpc.internal.ClientCallImpl$ClientStreamListenerImpl$1StreamClosed.runInContext(ClientCallImpl.java:714)
	at org.apache.ratis.thirdparty.io.grpc.internal.ContextRunnable.run(ContextRunnable.java:37)
	at org.apache.ratis.thirdparty.io.grpc.internal.SerializingExecutor.run(SerializingExecutor.java:133)
	at java.base/java.util.concurrent.ThreadPoolExecutor.runWorker(ThreadPoolExecutor.java:1144)
	at java.base/java.util.concurrent.ThreadPoolExecutor$Worker.run(ThreadPoolExecutor.java:642)
	at java.base/java.lang.Thread.run(Thread.java:1583)
2025-10-07 20:52:06,332 [Recon-SyncOM-2] INFO  impl.OzoneManagerServiceProviderImpl (OzoneManagerServiceProviderImpl.java:innerGetAndApplyDeltaUpdatesFromOM(600)) - From Sequence Number:22, Recon DB Sequence Number: 22, Number of updates received from OM : 0, SequenceNumber diff: 0, SequenceNumber Lag from OM 0, isDBUpdateSuccess: true
2025-10-07 20:52:06,337 [Recon-SyncOM-2] INFO  impl.OzoneManagerServiceProviderImpl (OzoneManagerServiceProviderImpl.java:syncDataFromOM(746)) - Delta updates received from OM : 1 loops, 0 records
2025-10-07 20:52:06,337 [Recon-SyncOM-2] INFO  impl.OzoneManagerServiceProviderImpl (OzoneManagerServiceProviderImpl.java:lambda$startSyncDataFromOM$2(336)) - Sequence number after sync: 22
2025-10-07 20:52:06,378 [grpc-default-executor-4] INFO  server.GrpcServerProtocolService (GrpcServerProtocolService.java:lambda$null$7(175)) - c11f8a16-55ee-4f22-a5a5-7daf2dffa753: Completed APPEND_ENTRIES, lastReply: serverReply {
  requestorId: "fa7382a0-3089-4eb6-af6f-f8f16393fa81"
  replyId: "c11f8a16-55ee-4f22-a5a5-7daf2dffa753"
  raftGroupId {
    id: "<u\235\226\342\270A\325\222\300\035\365\306\271\026M"
  }
  success: true
}
term: 1
followerCommit: 18446744073709551615
matchIndex: 18446744073709551615
isHearbeat: true
 
2025-10-07 20:52:06,379 [grpc-default-executor-4] INFO  server.GrpcLogAppender (GrpcLogAppender.java:onCompleted(558)) - fa7382a0-3089-4eb6-af6f-f8f16393fa81@group-1DF5C6B9164D->c11f8a16-55ee-4f22-a5a5-7daf2dffa753-AppendLogResponseHandler: follower responses appendEntries COMPLETED
2025-10-07 20:52:06,380 [grpc-default-executor-4] WARN  server.GrpcLogAppender (GrpcLogAppender.java:resetClient(237)) - fa7382a0-3089-4eb6-af6f-f8f16393fa81@group-1DF5C6B9164D->c11f8a16-55ee-4f22-a5a5-7daf2dffa753-GrpcLogAppender: Failed to getClient for c11f8a16-55ee-4f22-a5a5-7daf2dffa753
org.apache.ratis.protocol.exceptions.AlreadyClosedException: fa7382a0-3089-4eb6-af6f-f8f16393fa81 is already CLOSED
	at org.apache.ratis.util.PeerProxyMap$PeerAndProxy.getProxy(PeerProxyMap.java:67)
	at org.apache.ratis.util.PeerProxyMap.getProxy(PeerProxyMap.java:124)
	at org.apache.ratis.grpc.server.GrpcLogAppender.getClient(GrpcLogAppender.java:207)
	at org.apache.ratis.grpc.server.GrpcLogAppender.resetClient(GrpcLogAppender.java:212)
	at org.apache.ratis.grpc.server.GrpcLogAppender.access$800(GrpcLogAppender.java:70)
	at org.apache.ratis.grpc.server.GrpcLogAppender$AppendLogResponseHandler.onCompleted(GrpcLogAppender.java:559)
	at org.apache.ratis.thirdparty.io.grpc.stub.ClientCalls$StreamObserverToCallListenerAdapter.onClose(ClientCalls.java:562)
	at org.apache.ratis.thirdparty.io.grpc.internal.DelayedClientCall$DelayedListener$3.run(DelayedClientCall.java:489)
	at org.apache.ratis.thirdparty.io.grpc.internal.DelayedClientCall$DelayedListener.delayOrExecute(DelayedClientCall.java:453)
	at org.apache.ratis.thirdparty.io.grpc.internal.DelayedClientCall$DelayedListener.onClose(DelayedClientCall.java:486)
	at org.apache.ratis.thirdparty.io.grpc.internal.ClientCallImpl.closeObserver(ClientCallImpl.java:565)
	at org.apache.ratis.thirdparty.io.grpc.internal.ClientCallImpl.access$100(ClientCallImpl.java:72)
	at org.apache.ratis.thirdparty.io.grpc.internal.ClientCallImpl$ClientStreamListenerImpl$1StreamClosed.runInternal(ClientCallImpl.java:733)
	at org.apache.ratis.thirdparty.io.grpc.internal.ClientCallImpl$ClientStreamListenerImpl$1StreamClosed.runInContext(ClientCallImpl.java:714)
	at org.apache.ratis.thirdparty.io.grpc.internal.ContextRunnable.run(ContextRunnable.java:37)
	at org.apache.ratis.thirdparty.io.grpc.internal.SerializingExecutor.run(SerializingExecutor.java:133)
	at java.base/java.util.concurrent.ThreadPoolExecutor.runWorker(ThreadPoolExecutor.java:1144)
	at java.base/java.util.concurrent.ThreadPoolExecutor$Worker.run(ThreadPoolExecutor.java:642)
	at java.base/java.lang.Thread.run(Thread.java:1583)
2025-10-07 20:52:06,380 [fa7382a0-3089-4eb6-af6f-f8f16393fa81@group-1DF5C6B9164D-StateMachineUpdater] INFO  ratis.ContainerStateMachine (ContainerStateMachine.java:takeSnapshot(436)) - group-1DF5C6B9164D: Finished taking a snapshot at:(t:1, i:4) file:/home/runner/work/ozone/ozone/hadoop-ozone/integration-test-recon/target/test-dir/MiniOzoneClusterImpl-b15909b8-03a8-4b15-aaa3-a668c086c089/ozone-metadata/datanode-1/ratis/3c759d96-e2b8-41d5-92c0-1df5c6b9164d/sm/snapshot.1_4 took: 58 ms
2025-10-07 20:52:06,380 [fa7382a0-3089-4eb6-af6f-f8f16393fa81@group-7AE2F20A3602-StateMachineUpdater] INFO  ratis.ContainerStateMachine (ContainerStateMachine.java:takeSnapshot(436)) - group-7AE2F20A3602: Finished taking a snapshot at:(t:1, i:3) file:/home/runner/work/ozone/ozone/hadoop-ozone/integration-test-recon/target/test-dir/MiniOzoneClusterImpl-b15909b8-03a8-4b15-aaa3-a668c086c089/ozone-metadata/datanode-1/ratis/527db8da-1e91-4af5-a093-7ae2f20a3602/sm/snapshot.1_3 took: 57 ms
2025-10-07 20:52:06,381 [fa7382a0-3089-4eb6-af6f-f8f16393fa81@group-7AE2F20A3602-StateMachineUpdater] INFO  impl.StateMachineUpdater (StateMachineUpdater.java:takeSnapshot(307)) - fa7382a0-3089-4eb6-af6f-f8f16393fa81@group-7AE2F20A3602-StateMachineUpdater: Took a snapshot at index 3
2025-10-07 20:52:06,381 [fa7382a0-3089-4eb6-af6f-f8f16393fa81@group-7AE2F20A3602-StateMachineUpdater] INFO  impl.StateMachineUpdater (StateMachineUpdater.java:lambda$new$0(101)) - fa7382a0-3089-4eb6-af6f-f8f16393fa81@group-7AE2F20A3602-StateMachineUpdater: snapshotIndex: updateIncreasingly -1 -> 3
2025-10-07 20:52:06,381 [fa7382a0-3089-4eb6-af6f-f8f16393fa81@group-7AE2F20A3602-StateMachineUpdater] INFO  impl.StateMachineUpdater (StateMachineUpdater.java:stop(140)) - fa7382a0-3089-4eb6-af6f-f8f16393fa81@group-7AE2F20A3602-StateMachineUpdater: closing ContainerStateMachine, lastApplied=(t:1, i:3)
2025-10-07 20:52:06,381 [fa7382a0-3089-4eb6-af6f-f8f16393fa81@group-1DF5C6B9164D-StateMachineUpdater] INFO  impl.StateMachineUpdater (StateMachineUpdater.java:takeSnapshot(307)) - fa7382a0-3089-4eb6-af6f-f8f16393fa81@group-1DF5C6B9164D-StateMachineUpdater: Took a snapshot at index 4
2025-10-07 20:52:06,382 [fa7382a0-3089-4eb6-af6f-f8f16393fa81@group-1DF5C6B9164D-StateMachineUpdater] INFO  impl.StateMachineUpdater (StateMachineUpdater.java:lambda$new$0(101)) - fa7382a0-3089-4eb6-af6f-f8f16393fa81@group-1DF5C6B9164D-StateMachineUpdater: snapshotIndex: updateIncreasingly -1 -> 4
2025-10-07 20:52:06,382 [fa7382a0-3089-4eb6-af6f-f8f16393fa81@group-1DF5C6B9164D-StateMachineUpdater] INFO  impl.StateMachineUpdater (StateMachineUpdater.java:stop(140)) - fa7382a0-3089-4eb6-af6f-f8f16393fa81@group-1DF5C6B9164D-StateMachineUpdater: closing ContainerStateMachine, lastApplied=(t:1, i:4)
2025-10-07 20:52:06,383 [ForkJoinPool-1-worker-1] INFO  server.GrpcServicesImpl (GrpcServicesImpl.java:closeImpl(364)) - fa7382a0-3089-4eb6-af6f-f8f16393fa81: shutdown server org.apache.ratis.grpc.server.GrpcClientProtocolService successfully
2025-10-07 20:52:06,383 [ForkJoinPool-1-worker-1] INFO  server.GrpcServicesImpl (GrpcServicesImpl.java:closeImpl(355)) - fa7382a0-3089-4eb6-af6f-f8f16393fa81: shutdown server GrpcServerProtocolService now
2025-10-07 20:52:06,383 [fa7382a0-3089-4eb6-af6f-f8f16393fa81@group-1DF5C6B9164D-cacheEviction-AwaitToRun] INFO  util.AwaitToRun (AwaitToRun.java:run(49)) - fa7382a0-3089-4eb6-af6f-f8f16393fa81@group-1DF5C6B9164D-cacheEviction-AwaitToRun-AwaitForSignal is interrupted
2025-10-07 20:52:06,383 [fa7382a0-3089-4eb6-af6f-f8f16393fa81@group-7AE2F20A3602-cacheEviction-AwaitToRun] INFO  util.AwaitToRun (AwaitToRun.java:run(49)) - fa7382a0-3089-4eb6-af6f-f8f16393fa81@group-7AE2F20A3602-cacheEviction-AwaitToRun-AwaitForSignal is interrupted
2025-10-07 20:52:06,383 [ForkJoinPool-1-worker-1] INFO  server.GrpcServicesImpl (GrpcServicesImpl.java:closeImpl(364)) - fa7382a0-3089-4eb6-af6f-f8f16393fa81: shutdown server GrpcServerProtocolService successfully
2025-10-07 20:52:06,384 [ForkJoinPool-1-worker-1] INFO  server.GrpcServicesImpl (GrpcServicesImpl.java:closeImpl(355)) - fa7382a0-3089-4eb6-af6f-f8f16393fa81: shutdown server org.apache.ratis.grpc.server.GrpcAdminProtocolService now
2025-10-07 20:52:06,384 [ForkJoinPool-1-worker-1] INFO  server.GrpcServicesImpl (GrpcServicesImpl.java:closeImpl(364)) - fa7382a0-3089-4eb6-af6f-f8f16393fa81: shutdown server org.apache.ratis.grpc.server.GrpcAdminProtocolService successfully
2025-10-07 20:52:06,389 [fa7382a0-3089-4eb6-af6f-f8f16393fa81-NettyServerStreamRpc-bossGroup--thread1] INFO  logging.LoggingHandler (AbstractInternalLogger.java:log(148)) - [id: 0x0243c33f, L:/0.0.0.0:15018] CLOSE
2025-10-07 20:52:06,390 [fa7382a0-3089-4eb6-af6f-f8f16393fa81-NettyServerStreamRpc-bossGroup--thread1] INFO  logging.LoggingHandler (AbstractInternalLogger.java:log(148)) - [id: 0x0243c33f, L:/0.0.0.0:15018] INACTIVE
2025-10-07 20:52:06,390 [fa7382a0-3089-4eb6-af6f-f8f16393fa81-NettyServerStreamRpc-bossGroup--thread1] INFO  logging.LoggingHandler (AbstractInternalLogger.java:log(148)) - [id: 0x0243c33f, L:/0.0.0.0:15018] UNREGISTERED
2025-10-07 20:52:06,499 [ReplicationMonitor] INFO  replication.ReplicationManager (ReplicationManager.java:processAll(384)) - Replication Monitor Thread took 1 milliseconds for processing 2 containers.
2025-10-07 20:52:06,822 [ContainerHealthTask] INFO  fsck.ContainerHealthTask (ContainerHealthTask.java:checkAndProcessContainers(194)) - Container Health task thread took 1 iterations to fetch all containers using batched approach with batch size of 1000
2025-10-07 20:52:07,089 [fa7382a0-3089-4eb6-af6f-f8f16393fa81-impl-thread2] INFO  segmented.SegmentedRaftLogWorker (SegmentedRaftLogWorker.java:close(254)) - fa7382a0-3089-4eb6-af6f-f8f16393fa81@group-1DF5C6B9164D-SegmentedRaftLogWorker close()
2025-10-07 20:52:07,090 [fa7382a0-3089-4eb6-af6f-f8f16393fa81-impl-thread2] INFO  ratis.ContainerStateMachine (ContainerStateMachine.java:notifyServerShutdown(1038)) - group-1DF5C6B9164D is closed by HddsDatanodeService
2025-10-07 20:52:07,288 [fa7382a0-3089-4eb6-af6f-f8f16393fa81-impl-thread1] INFO  segmented.SegmentedRaftLogWorker (SegmentedRaftLogWorker.java:close(254)) - fa7382a0-3089-4eb6-af6f-f8f16393fa81@group-7AE2F20A3602-SegmentedRaftLogWorker close()
2025-10-07 20:52:07,289 [fa7382a0-3089-4eb6-af6f-f8f16393fa81-impl-thread1] INFO  ratis.ContainerStateMachine (ContainerStateMachine.java:notifyServerShutdown(1038)) - group-7AE2F20A3602 is closed by HddsDatanodeService
2025-10-07 20:52:07,289 [JvmPauseMonitor4] INFO  util.JvmPauseMonitor (JvmPauseMonitor.java:run(152)) - JvmPauseMonitor-fa7382a0-3089-4eb6-af6f-f8f16393fa81: Stopped
2025-10-07 20:52:07,337 [Recon-SyncOM-2] INFO  impl.OzoneManagerServiceProviderImpl (OzoneManagerServiceProviderImpl.java:lambda$startSyncDataFromOM$2(331)) - Last known sequence number before sync: 22
2025-10-07 20:52:07,337 [Recon-SyncOM-2] INFO  impl.OzoneManagerServiceProviderImpl (OzoneManagerServiceProviderImpl.java:syncDataFromOM(630)) - Seq number of Recon's OM DB : 22
2025-10-07 20:52:07,342 [Recon-SyncOM-2] INFO  impl.OzoneManagerServiceProviderImpl (OzoneManagerServiceProviderImpl.java:innerGetAndApplyDeltaUpdatesFromOM(600)) - From Sequence Number:22, Recon DB Sequence Number: 22, Number of updates received from OM : 0, SequenceNumber diff: 0, SequenceNumber Lag from OM 0, isDBUpdateSuccess: true
2025-10-07 20:52:07,345 [Recon-SyncOM-2] INFO  impl.OzoneManagerServiceProviderImpl (OzoneManagerServiceProviderImpl.java:syncDataFromOM(746)) - Delta updates received from OM : 1 loops, 0 records
2025-10-07 20:52:07,345 [Recon-SyncOM-2] INFO  impl.OzoneManagerServiceProviderImpl (OzoneManagerServiceProviderImpl.java:lambda$startSyncDataFromOM$2(336)) - Sequence number after sync: 22
2025-10-07 20:52:07,500 [ReplicationMonitor] INFO  replication.ReplicationManager (ReplicationManager.java:processAll(384)) - Replication Monitor Thread took 1 milliseconds for processing 2 containers.
2025-10-07 20:52:07,828 [ContainerHealthTask] INFO  fsck.ContainerHealthTask (ContainerHealthTask.java:checkAndProcessContainers(194)) - Container Health task thread took 1 iterations to fetch all containers using batched approach with batch size of 1000
2025-10-07 20:52:08,345 [Recon-SyncOM-2] INFO  impl.OzoneManagerServiceProviderImpl (OzoneManagerServiceProviderImpl.java:lambda$startSyncDataFromOM$2(331)) - Last known sequence number before sync: 22
2025-10-07 20:52:08,345 [Recon-SyncOM-2] INFO  impl.OzoneManagerServiceProviderImpl (OzoneManagerServiceProviderImpl.java:syncDataFromOM(630)) - Seq number of Recon's OM DB : 22
2025-10-07 20:52:08,350 [Recon-SyncOM-2] INFO  impl.OzoneManagerServiceProviderImpl (OzoneManagerServiceProviderImpl.java:innerGetAndApplyDeltaUpdatesFromOM(600)) - From Sequence Number:22, Recon DB Sequence Number: 22, Number of updates received from OM : 0, SequenceNumber diff: 0, SequenceNumber Lag from OM 0, isDBUpdateSuccess: true
2025-10-07 20:52:08,354 [Recon-SyncOM-2] INFO  impl.OzoneManagerServiceProviderImpl (OzoneManagerServiceProviderImpl.java:syncDataFromOM(746)) - Delta updates received from OM : 1 loops, 0 records
2025-10-07 20:52:08,354 [Recon-SyncOM-2] INFO  impl.OzoneManagerServiceProviderImpl (OzoneManagerServiceProviderImpl.java:lambda$startSyncDataFromOM$2(336)) - Sequence number after sync: 22
2025-10-07 20:52:08,500 [ReplicationMonitor] INFO  replication.ReplicationManager (ReplicationManager.java:processAll(384)) - Replication Monitor Thread took 0 milliseconds for processing 2 containers.
2025-10-07 20:52:08,833 [ContainerHealthTask] INFO  fsck.ContainerHealthTask (ContainerHealthTask.java:checkAndProcessContainers(194)) - Container Health task thread took 1 iterations to fetch all containers using batched approach with batch size of 1000
2025-10-07 20:52:09,297 [ForkJoinPool-1-worker-1] INFO  utils.DatanodeStoreCache (DatanodeStoreCache.java:shutdownCache(110)) - Skip clearing cache in mini cluster mode. Entries left: [/home/runner/work/ozone/ozone/hadoop-ozone/integration-test-recon/target/test-dir/MiniOzoneClusterImpl-b15909b8-03a8-4b15-aaa3-a668c086c089/ozone-metadata/datanode-1/data-0/hdds/b15909b8-03a8-4b15-aaa3-a668c086c089/DS-246ce695-3a50-407f-874d-83a19368ad7d/container.db, /home/runner/work/ozone/ozone/hadoop-ozone/integration-test-recon/target/test-dir/MiniOzoneClusterImpl-b15909b8-03a8-4b15-aaa3-a668c086c089/ozone-metadata/datanode-2/data-0/hdds/b15909b8-03a8-4b15-aaa3-a668c086c089/DS-e6fcbe78-df1f-414a-b5cd-50381ad9091e/container.db, /home/runner/work/ozone/ozone/hadoop-ozone/integration-test-recon/target/test-dir/MiniOzoneClusterImpl-b15909b8-03a8-4b15-aaa3-a668c086c089/ozone-metadata/datanode-3/data-0/hdds/b15909b8-03a8-4b15-aaa3-a668c086c089/DS-6eed87a4-fadf-4567-a1e3-eaff790561fe/container.db, /home/runner/work/ozone/ozone/hadoop-ozone/integration-test-recon/target/test-dir/MiniOzoneClusterImpl-b15909b8-03a8-4b15-aaa3-a668c086c089/ozone-metadata/datanode-4/data-0/hdds/b15909b8-03a8-4b15-aaa3-a668c086c089/DS-dd1a2d3b-0c0b-4a8e-a11d-398946709d94/container.db, /home/runner/work/ozone/ozone/hadoop-ozone/integration-test-recon/target/test-dir/MiniOzoneClusterImpl-b15909b8-03a8-4b15-aaa3-a668c086c089/ozone-metadata/datanode-5/data-0/hdds/b15909b8-03a8-4b15-aaa3-a668c086c089/DS-4f6834e9-6914-4422-8f40-997bda0cbef8/container.db]
2025-10-07 20:52:09,298 [ForkJoinPool-1-worker-1] INFO  utils.DatanodeStoreCache (DatanodeStoreCache.java:removeDB(104)) - Removed db /home/runner/work/ozone/ozone/hadoop-ozone/integration-test-recon/target/test-dir/MiniOzoneClusterImpl-b15909b8-03a8-4b15-aaa3-a668c086c089/ozone-metadata/datanode-1/data-0/hdds/b15909b8-03a8-4b15-aaa3-a668c086c089/DS-246ce695-3a50-407f-874d-83a19368ad7d/container.db from cache
2025-10-07 20:52:09,299 [ForkJoinPool-1-worker-1] INFO  volume.HddsVolume (HddsVolume.java:closeDbStore(609)) - SchemaV3 db is stopped at /home/runner/work/ozone/ozone/hadoop-ozone/integration-test-recon/target/test-dir/MiniOzoneClusterImpl-b15909b8-03a8-4b15-aaa3-a668c086c089/ozone-metadata/datanode-1/data-0/hdds/b15909b8-03a8-4b15-aaa3-a668c086c089/DS-246ce695-3a50-407f-874d-83a19368ad7d/container.db for volume DS-246ce695-3a50-407f-874d-83a19368ad7d
2025-10-07 20:52:09,299 [ForkJoinPool-1-worker-1] INFO  utils.BackgroundService (BackgroundService.java:shutdown(195)) - Shutting down service BlockDeletingService
2025-10-07 20:52:09,300 [ForkJoinPool-1-worker-1] INFO  utils.BackgroundService (BackgroundService.java:shutdown(195)) - Shutting down service StaleRecoveringContainerScrubbingService
2025-10-07 20:52:09,302 [ForkJoinPool-1-worker-1] INFO  statemachine.DatanodeStateMachine (DatanodeStateMachine.java:stopDaemon(654)) - Ozone container server stopped.
2025-10-07 20:52:09,315 [EventQueue-StaleNodeForStaleNodeHandler] INFO  node.StaleNodeHandler (StaleNodeHandler.java:onMessage(51)) - Datanode fa7382a0-3089-4eb6-af6f-f8f16393fa81(localhost/127.0.0.1) moved to stale state. Finalizing its pipelines [Pipeline-527db8da-1e91-4af5-a093-7ae2f20a3602, Pipeline-3c759d96-e2b8-41d5-92c0-1df5c6b9164d]
2025-10-07 20:52:09,317 [ForkJoinPool-1-worker-1] INFO  handler.ContextHandler (ContextHandler.java:doStop(1159)) - Stopped o.e.j.w.WebAppContext@3f77a378{hddsDatanode,/,null,STOPPED}{jar:file:/home/runner/work/ozone/ozone/hadoop-hdds/container-service/target/hdds-container-service-2.1.0-SNAPSHOT.jar!/webapps/hddsDatanode}
2025-10-07 20:52:09,319 [EventQueue-StaleNodeForStaleNodeHandler] INFO  pipeline.PipelineManagerImpl (PipelineManagerImpl.java:closeContainersForPipeline(489)) - Container #2 closed for pipeline=Pipeline-527db8da-1e91-4af5-a093-7ae2f20a3602
2025-10-07 20:52:09,320 [ForkJoinPool-1-worker-1] INFO  server.AbstractConnector (AbstractConnector.java:doStop(383)) - Stopped ServerConnector@6a9617df{HTTP/1.1, (http/1.1)}{0.0.0.0:15012}
2025-10-07 20:52:09,320 [EventQueue-CloseContainerForCloseContainerEventHandler] INFO  container.CloseContainerEventHandler (CloseContainerEventHandler.java:onMessage(88)) - Close container Event triggered for container : #2, current state: CLOSING
2025-10-07 20:52:09,320 [ForkJoinPool-1-worker-1] INFO  server.session (HouseKeeper.java:stopScavenging(149)) - node0 Stopped scavenging
2025-10-07 20:52:09,320 [ForkJoinPool-1-worker-1] INFO  handler.ContextHandler (ContextHandler.java:doStop(1159)) - Stopped o.e.j.s.ServletContextHandler@6acd0d0d{static,/static,jar:file:/home/runner/work/ozone/ozone/hadoop-hdds/container-service/target/hdds-container-service-2.1.0-SNAPSHOT.jar!/webapps/static,STOPPED}
2025-10-07 20:52:09,320 [ForkJoinPool-1-worker-1] INFO  handler.ContextHandler (ContextHandler.java:doStop(1159)) - Stopped o.e.j.s.ServletContextHandler@68575737{logs,/logs,file:///home/runner/work/ozone/ozone/hadoop-ozone/integration-test-recon/target/log,STOPPED}
2025-10-07 20:52:09,322 [ForkJoinPool-1-worker-1] INFO  ozone.HddsDatanodeClientProtocolServer (HddsDatanodeClientProtocolServer.java:stop(82)) - Stopping the RPC server for Client Protocol
2025-10-07 20:52:09,322 [ForkJoinPool-1-worker-1] INFO  ipc.Server (Server.java:stop(3697)) - Stopping server on 15013
2025-10-07 20:52:09,323 [EventQueue-StaleNodeForStaleNodeHandler] INFO  pipeline.PipelineManagerImpl (PipelineManagerImpl.java:closePipeline(511)) - Pipeline Pipeline-527db8da-1e91-4af5-a093-7ae2f20a3602 moved to CLOSED state
2025-10-07 20:52:09,325 [EventQueue-StaleNodeForStaleNodeHandler] INFO  pipeline.PipelineManagerImpl (PipelineManagerImpl.java:closeContainersForPipeline(489)) - Container #1 closed for pipeline=Pipeline-3c759d96-e2b8-41d5-92c0-1df5c6b9164d
2025-10-07 20:52:09,325 [EventQueue-CloseContainerForCloseContainerEventHandler] INFO  container.CloseContainerEventHandler (CloseContainerEventHandler.java:onMessage(88)) - Close container Event triggered for container : #1, current state: CLOSING
2025-10-07 20:52:09,326 [IPC Server Responder] INFO  ipc.Server (Server.java:run(1718)) - Stopping IPC Server Responder
2025-10-07 20:52:09,326 [IPC Server listener on 15013] INFO  ipc.Server (Server.java:run(1585)) - Stopping IPC Server listener on 15013
2025-10-07 20:52:09,326 [EventQueue-StaleNodeForStaleNodeHandler] INFO  pipeline.PipelineManagerImpl (PipelineManagerImpl.java:closePipeline(511)) - Pipeline Pipeline-3c759d96-e2b8-41d5-92c0-1df5c6b9164d moved to CLOSED state
2025-10-07 20:52:09,330 [ForkJoinPool-1-worker-1] INFO  container.TestHelper (TestHelper.java:countReplicas(443)) - Container 2 has 1 replicas on [fa7382a0-3089-4eb6-af6f-f8f16393fa81]
2025-10-07 20:52:09,354 [Recon-SyncOM-2] INFO  impl.OzoneManagerServiceProviderImpl (OzoneManagerServiceProviderImpl.java:lambda$startSyncDataFromOM$2(331)) - Last known sequence number before sync: 22
2025-10-07 20:52:09,354 [Recon-SyncOM-2] INFO  impl.OzoneManagerServiceProviderImpl (OzoneManagerServiceProviderImpl.java:syncDataFromOM(630)) - Seq number of Recon's OM DB : 22
2025-10-07 20:52:09,358 [Recon-SyncOM-2] INFO  impl.OzoneManagerServiceProviderImpl (OzoneManagerServiceProviderImpl.java:innerGetAndApplyDeltaUpdatesFromOM(600)) - From Sequence Number:22, Recon DB Sequence Number: 22, Number of updates received from OM : 0, SequenceNumber diff: 0, SequenceNumber Lag from OM 0, isDBUpdateSuccess: true
2025-10-07 20:52:09,362 [Recon-SyncOM-2] INFO  impl.OzoneManagerServiceProviderImpl (OzoneManagerServiceProviderImpl.java:syncDataFromOM(746)) - Delta updates received from OM : 1 loops, 0 records
2025-10-07 20:52:09,362 [Recon-SyncOM-2] INFO  impl.OzoneManagerServiceProviderImpl (OzoneManagerServiceProviderImpl.java:lambda$startSyncDataFromOM$2(336)) - Sequence number after sync: 22
2025-10-07 20:52:09,381 [Recon-EventQueue-StaleNodeForReconStaleNodeHandler] INFO  node.StaleNodeHandler (StaleNodeHandler.java:onMessage(51)) - Datanode fa7382a0-3089-4eb6-af6f-f8f16393fa81(localhost/127.0.0.1) moved to stale state. Finalizing its pipelines [Pipeline-527db8da-1e91-4af5-a093-7ae2f20a3602, Pipeline-3c759d96-e2b8-41d5-92c0-1df5c6b9164d]
2025-10-07 20:52:09,382 [Recon-EventQueue-StaleNodeForReconStaleNodeHandler] INFO  pipeline.PipelineManagerImpl (PipelineManagerImpl.java:closeContainersForPipeline(489)) - Container #2 closed for pipeline=Pipeline-527db8da-1e91-4af5-a093-7ae2f20a3602
2025-10-07 20:52:09,382 [Recon-EventQueue-CloseContainerForCloseContainerEventHandler] INFO  container.CloseContainerEventHandler (CloseContainerEventHandler.java:onMessage(88)) - Close container Event triggered for container : #2, current state: CLOSING
2025-10-07 20:52:09,382 [Recon-EventQueue-StaleNodeForReconStaleNodeHandler] INFO  pipeline.PipelineManagerImpl (PipelineManagerImpl.java:closePipeline(511)) - Pipeline Pipeline-527db8da-1e91-4af5-a093-7ae2f20a3602 moved to CLOSED state
2025-10-07 20:52:09,382 [Recon-EventQueue-StaleNodeForReconStaleNodeHandler] INFO  pipeline.PipelineManagerImpl (PipelineManagerImpl.java:closeContainersForPipeline(489)) - Container #1 closed for pipeline=Pipeline-3c759d96-e2b8-41d5-92c0-1df5c6b9164d
2025-10-07 20:52:09,383 [Recon-EventQueue-DatanodeCommandForReconNodeManager] DEBUG scm.ReconNodeManager (ReconNodeManager.java:onMessage(164)) - Ignoring unsupported command closeContainerCommand for Datanode CommandForDatanode{fa7382a0-3089-4eb6-af6f-f8f16393fa81, closeContainerCommand: cmdID: 2, encodedToken: "", term: -1, deadlineMsSinceEpoch: 0, containerID: 2, pipelineID: Pipeline-527db8da-1e91-4af5-a093-7ae2f20a3602, force: false}.
2025-10-07 20:52:09,383 [Recon-EventQueue-CloseContainerForCloseContainerEventHandler] INFO  container.CloseContainerEventHandler (CloseContainerEventHandler.java:onMessage(88)) - Close container Event triggered for container : #1, current state: CLOSING
2025-10-07 20:52:09,383 [Recon-EventQueue-StaleNodeForReconStaleNodeHandler] INFO  pipeline.PipelineManagerImpl (PipelineManagerImpl.java:closePipeline(511)) - Pipeline Pipeline-3c759d96-e2b8-41d5-92c0-1df5c6b9164d moved to CLOSED state
2025-10-07 20:52:09,383 [Recon-EventQueue-DatanodeCommandForReconNodeManager] DEBUG scm.ReconNodeManager (ReconNodeManager.java:onMessage(164)) - Ignoring unsupported command closeContainerCommand for Datanode CommandForDatanode{fa7382a0-3089-4eb6-af6f-f8f16393fa81, closeContainerCommand: cmdID: 1, encodedToken: "", term: -1, deadlineMsSinceEpoch: 0, containerID: 1, pipelineID: Pipeline-3c759d96-e2b8-41d5-92c0-1df5c6b9164d, force: false}.
2025-10-07 20:52:09,383 [Recon-EventQueue-DatanodeCommandForReconNodeManager] DEBUG scm.ReconNodeManager (ReconNodeManager.java:onMessage(164)) - Ignoring unsupported command closeContainerCommand for Datanode CommandForDatanode{7d2db622-5327-4122-ba03-be97b5575303, closeContainerCommand: cmdID: 1, encodedToken: "", term: -1, deadlineMsSinceEpoch: 0, containerID: 1, pipelineID: Pipeline-3c759d96-e2b8-41d5-92c0-1df5c6b9164d, force: false}.
2025-10-07 20:52:09,383 [Recon-EventQueue-DatanodeCommandForReconNodeManager] DEBUG scm.ReconNodeManager (ReconNodeManager.java:onMessage(164)) - Ignoring unsupported command closeContainerCommand for Datanode CommandForDatanode{c11f8a16-55ee-4f22-a5a5-7daf2dffa753, closeContainerCommand: cmdID: 1, encodedToken: "", term: -1, deadlineMsSinceEpoch: 0, containerID: 1, pipelineID: Pipeline-3c759d96-e2b8-41d5-92c0-1df5c6b9164d, force: false}.
2025-10-07 20:52:09,387 [Recon-EventQueue-StaleNodeForReconStaleNodeHandler] INFO  scm.ReconPipelineManager (ReconPipelineManager.java:initializePipelines(101)) - Recon has 6 pipelines in house.
2025-10-07 20:52:09,388 [Recon-EventQueue-StaleNodeForReconStaleNodeHandler] WARN  scm.ReconPipelineManager (ReconPipelineManager.java:initializePipelines(107)) - Pipeline Pipeline-8831db63-0960-497d-8895-79d92d5c683f already exists in Recon pipeline metadata.
2025-10-07 20:52:09,388 [Recon-EventQueue-StaleNodeForReconStaleNodeHandler] WARN  scm.ReconPipelineManager (ReconPipelineManager.java:initializePipelines(107)) - Pipeline Pipeline-275b7e98-611c-44c8-a058-5472c7309c8c already exists in Recon pipeline metadata.
2025-10-07 20:52:09,388 [Recon-EventQueue-StaleNodeForReconStaleNodeHandler] WARN  scm.ReconPipelineManager (ReconPipelineManager.java:initializePipelines(107)) - Pipeline Pipeline-527db8da-1e91-4af5-a093-7ae2f20a3602 already exists in Recon pipeline metadata.
2025-10-07 20:52:09,389 [Recon-EventQueue-StaleNodeForReconStaleNodeHandler] WARN  scm.ReconPipelineManager (ReconPipelineManager.java:initializePipelines(107)) - Pipeline Pipeline-ef5ef53a-d24e-41cb-9e76-f9e79ccfdb91 already exists in Recon pipeline metadata.
2025-10-07 20:52:09,389 [Recon-EventQueue-StaleNodeForReconStaleNodeHandler] WARN  scm.ReconPipelineManager (ReconPipelineManager.java:initializePipelines(107)) - Pipeline Pipeline-3c759d96-e2b8-41d5-92c0-1df5c6b9164d already exists in Recon pipeline metadata.
2025-10-07 20:52:09,390 [Recon-EventQueue-StaleNodeForReconStaleNodeHandler] WARN  scm.ReconPipelineManager (ReconPipelineManager.java:initializePipelines(107)) - Pipeline Pipeline-a10c2c7a-ee93-46bd-b348-b7ef3c0abf3a already exists in Recon pipeline metadata.
2025-10-07 20:52:09,501 [ReplicationMonitor] INFO  replication.ReplicationManager (ReplicationManager.java:sendDatanodeCommand(665)) - Sending command [closeContainerCommand: cmdID: 1, encodedToken: "", term: 0, deadlineMsSinceEpoch: 0, containerID: 1, pipelineID: Pipeline-3c759d96-e2b8-41d5-92c0-1df5c6b9164d, force: false] for container ContainerInfo{id=#1, state=CLOSING, stateEnterTime=2025-10-07T20:52:09.324688464Z, pipelineID=Pipeline-3c759d96-e2b8-41d5-92c0-1df5c6b9164d, owner=omServiceIdDefault} to 7d2db622-5327-4122-ba03-be97b5575303(localhost/127.0.0.1) with datanode deadline 1759870689501 and scm deadline 1759871049501
2025-10-07 20:52:09,501 [ReplicationMonitor] INFO  replication.ReplicationManager (ReplicationManager.java:sendDatanodeCommand(665)) - Sending command [closeContainerCommand: cmdID: 1, encodedToken: "", term: 0, deadlineMsSinceEpoch: 0, containerID: 1, pipelineID: Pipeline-3c759d96-e2b8-41d5-92c0-1df5c6b9164d, force: false] for container ContainerInfo{id=#1, state=CLOSING, stateEnterTime=2025-10-07T20:52:09.324688464Z, pipelineID=Pipeline-3c759d96-e2b8-41d5-92c0-1df5c6b9164d, owner=omServiceIdDefault} to fa7382a0-3089-4eb6-af6f-f8f16393fa81(localhost/127.0.0.1) with datanode deadline 1759870689501 and scm deadline 1759871049501
2025-10-07 20:52:09,501 [ReplicationMonitor] INFO  replication.ReplicationManager (ReplicationManager.java:sendDatanodeCommand(665)) - Sending command [closeContainerCommand: cmdID: 1, encodedToken: "", term: 0, deadlineMsSinceEpoch: 0, containerID: 1, pipelineID: Pipeline-3c759d96-e2b8-41d5-92c0-1df5c6b9164d, force: false] for container ContainerInfo{id=#1, state=CLOSING, stateEnterTime=2025-10-07T20:52:09.324688464Z, pipelineID=Pipeline-3c759d96-e2b8-41d5-92c0-1df5c6b9164d, owner=omServiceIdDefault} to c11f8a16-55ee-4f22-a5a5-7daf2dffa753(localhost/127.0.0.1) with datanode deadline 1759870689501 and scm deadline 1759871049501
2025-10-07 20:52:09,501 [ReplicationMonitor] INFO  replication.ReplicationManager (ReplicationManager.java:sendDatanodeCommand(665)) - Sending command [closeContainerCommand: cmdID: 2, encodedToken: "", term: 0, deadlineMsSinceEpoch: 0, containerID: 2, pipelineID: Pipeline-527db8da-1e91-4af5-a093-7ae2f20a3602, force: false] for container ContainerInfo{id=#2, state=CLOSING, stateEnterTime=2025-10-07T20:52:09.318640546Z, pipelineID=Pipeline-527db8da-1e91-4af5-a093-7ae2f20a3602, owner=omServiceIdDefault} to fa7382a0-3089-4eb6-af6f-f8f16393fa81(localhost/127.0.0.1) with datanode deadline 1759870689501 and scm deadline 1759871049501
2025-10-07 20:52:09,501 [ReplicationMonitor] INFO  replication.ReplicationManager (ReplicationManager.java:processAll(384)) - Replication Monitor Thread took 1 milliseconds for processing 2 containers.
2025-10-07 20:52:09,530 [ForkJoinPool-1-worker-1] INFO  container.TestHelper (TestHelper.java:countReplicas(443)) - Container 2 has 1 replicas on [fa7382a0-3089-4eb6-af6f-f8f16393fa81]
2025-10-07 20:52:09,730 [ForkJoinPool-1-worker-1] INFO  container.TestHelper (TestHelper.java:countReplicas(443)) - Container 2 has 1 replicas on [fa7382a0-3089-4eb6-af6f-f8f16393fa81]
2025-10-07 20:52:09,839 [ContainerHealthTask] INFO  fsck.ContainerHealthTask (ContainerHealthTask.java:checkAndProcessContainers(194)) - Container Health task thread took 1 iterations to fetch all containers using batched approach with batch size of 1000
2025-10-07 20:52:09,931 [ForkJoinPool-1-worker-1] INFO  container.TestHelper (TestHelper.java:countReplicas(443)) - Container 2 has 1 replicas on [fa7382a0-3089-4eb6-af6f-f8f16393fa81]
2025-10-07 20:52:10,043 [FixedThreadPoolWithAffinityExecutor-8-0] WARN  events.FixedThreadPoolWithAffinityExecutor (FixedThreadPoolWithAffinityExecutor.java:run(251)) - Event remained in queue for long time 2 millisec, c11f8a16-55ee-4f22-a5a5-7daf2dffa753(localhost/127.0.0.1), {type: FCR, size: 1}
2025-10-07 20:52:10,043 [FixedThreadPoolWithAffinityExecutor-8-0] WARN  events.FixedThreadPoolWithAffinityExecutor (FixedThreadPoolWithAffinityExecutor.java:run(264)) - Event taken long execution time 3 millisec, c11f8a16-55ee-4f22-a5a5-7daf2dffa753(localhost/127.0.0.1), {type: FCR, size: 1}
2025-10-07 20:52:10,131 [ForkJoinPool-1-worker-1] INFO  container.TestHelper (TestHelper.java:countReplicas(443)) - Container 2 has 1 replicas on [fa7382a0-3089-4eb6-af6f-f8f16393fa81]
2025-10-07 20:52:10,331 [ForkJoinPool-1-worker-1] INFO  container.TestHelper (TestHelper.java:countReplicas(443)) - Container 2 has 1 replicas on [fa7382a0-3089-4eb6-af6f-f8f16393fa81]
2025-10-07 20:52:10,362 [Recon-SyncOM-2] INFO  impl.OzoneManagerServiceProviderImpl (OzoneManagerServiceProviderImpl.java:lambda$startSyncDataFromOM$2(331)) - Last known sequence number before sync: 22
2025-10-07 20:52:10,362 [Recon-SyncOM-2] INFO  impl.OzoneManagerServiceProviderImpl (OzoneManagerServiceProviderImpl.java:syncDataFromOM(630)) - Seq number of Recon's OM DB : 22
2025-10-07 20:52:10,366 [Recon-SyncOM-2] INFO  impl.OzoneManagerServiceProviderImpl (OzoneManagerServiceProviderImpl.java:innerGetAndApplyDeltaUpdatesFromOM(600)) - From Sequence Number:22, Recon DB Sequence Number: 22, Number of updates received from OM : 0, SequenceNumber diff: 0, SequenceNumber Lag from OM 0, isDBUpdateSuccess: true
2025-10-07 20:52:10,369 [Recon-SyncOM-2] INFO  impl.OzoneManagerServiceProviderImpl (OzoneManagerServiceProviderImpl.java:syncDataFromOM(746)) - Delta updates received from OM : 1 loops, 0 records
2025-10-07 20:52:10,370 [Recon-SyncOM-2] INFO  impl.OzoneManagerServiceProviderImpl (OzoneManagerServiceProviderImpl.java:lambda$startSyncDataFromOM$2(336)) - Sequence number after sync: 22
2025-10-07 20:52:10,502 [ReplicationMonitor] INFO  replication.ReplicationManager (ReplicationManager.java:sendDatanodeCommand(665)) - Sending command [closeContainerCommand: cmdID: 1, encodedToken: "", term: 0, deadlineMsSinceEpoch: 0, containerID: 1, pipelineID: Pipeline-3c759d96-e2b8-41d5-92c0-1df5c6b9164d, force: false] for container ContainerInfo{id=#1, state=CLOSING, stateEnterTime=2025-10-07T20:52:09.324688464Z, pipelineID=Pipeline-3c759d96-e2b8-41d5-92c0-1df5c6b9164d, owner=omServiceIdDefault} to 7d2db622-5327-4122-ba03-be97b5575303(localhost/127.0.0.1) with datanode deadline 1759870690502 and scm deadline 1759871050502
2025-10-07 20:52:10,502 [ReplicationMonitor] INFO  replication.ReplicationManager (ReplicationManager.java:sendDatanodeCommand(665)) - Sending command [closeContainerCommand: cmdID: 1, encodedToken: "", term: 0, deadlineMsSinceEpoch: 0, containerID: 1, pipelineID: Pipeline-3c759d96-e2b8-41d5-92c0-1df5c6b9164d, force: false] for container ContainerInfo{id=#1, state=CLOSING, stateEnterTime=2025-10-07T20:52:09.324688464Z, pipelineID=Pipeline-3c759d96-e2b8-41d5-92c0-1df5c6b9164d, owner=omServiceIdDefault} to fa7382a0-3089-4eb6-af6f-f8f16393fa81(localhost/127.0.0.1) with datanode deadline 1759870690502 and scm deadline 1759871050502
2025-10-07 20:52:10,502 [ReplicationMonitor] INFO  replication.ReplicationManager (ReplicationManager.java:sendDatanodeCommand(665)) - Sending command [closeContainerCommand: cmdID: 1, encodedToken: "", term: 0, deadlineMsSinceEpoch: 0, containerID: 1, pipelineID: Pipeline-3c759d96-e2b8-41d5-92c0-1df5c6b9164d, force: false] for container ContainerInfo{id=#1, state=CLOSING, stateEnterTime=2025-10-07T20:52:09.324688464Z, pipelineID=Pipeline-3c759d96-e2b8-41d5-92c0-1df5c6b9164d, owner=omServiceIdDefault} to c11f8a16-55ee-4f22-a5a5-7daf2dffa753(localhost/127.0.0.1) with datanode deadline 1759870690502 and scm deadline 1759871050502
2025-10-07 20:52:10,502 [ReplicationMonitor] INFO  replication.ReplicationManager (ReplicationManager.java:sendDatanodeCommand(665)) - Sending command [closeContainerCommand: cmdID: 2, encodedToken: "", term: 0, deadlineMsSinceEpoch: 0, containerID: 2, pipelineID: Pipeline-527db8da-1e91-4af5-a093-7ae2f20a3602, force: false] for container ContainerInfo{id=#2, state=CLOSING, stateEnterTime=2025-10-07T20:52:09.318640546Z, pipelineID=Pipeline-527db8da-1e91-4af5-a093-7ae2f20a3602, owner=omServiceIdDefault} to fa7382a0-3089-4eb6-af6f-f8f16393fa81(localhost/127.0.0.1) with datanode deadline 1759870690502 and scm deadline 1759871050502
2025-10-07 20:52:10,502 [ReplicationMonitor] INFO  replication.ReplicationManager (ReplicationManager.java:processAll(384)) - Replication Monitor Thread took 1 milliseconds for processing 2 containers.
2025-10-07 20:52:10,532 [ForkJoinPool-1-worker-1] INFO  container.TestHelper (TestHelper.java:countReplicas(443)) - Container 2 has 1 replicas on [fa7382a0-3089-4eb6-af6f-f8f16393fa81]
2025-10-07 20:52:10,732 [ForkJoinPool-1-worker-1] INFO  container.TestHelper (TestHelper.java:countReplicas(443)) - Container 2 has 1 replicas on [fa7382a0-3089-4eb6-af6f-f8f16393fa81]
2025-10-07 20:52:10,844 [ContainerHealthTask] INFO  fsck.ContainerHealthTask (ContainerHealthTask.java:checkAndProcessContainers(194)) - Container Health task thread took 1 iterations to fetch all containers using batched approach with batch size of 1000
2025-10-07 20:52:10,932 [ForkJoinPool-1-worker-1] INFO  container.TestHelper (TestHelper.java:countReplicas(443)) - Container 2 has 1 replicas on [fa7382a0-3089-4eb6-af6f-f8f16393fa81]
2025-10-07 20:52:11,056 [c11f8a16-55ee-4f22-a5a5-7daf2dffa753-CloseContainerThread-0] INFO  commandhandler.CloseContainerCommandHandler (CloseContainerCommandHandler.java:lambda$handle$0(154)) - Follower cannot close container #1.
2025-10-07 20:52:11,132 [ForkJoinPool-1-worker-1] INFO  container.TestHelper (TestHelper.java:countReplicas(443)) - Container 2 has 1 replicas on [fa7382a0-3089-4eb6-af6f-f8f16393fa81]
2025-10-07 20:52:11,325 [timer3] INFO  server.GrpcServerProtocolService (GrpcServerProtocolService.java:lambda$onCompleted$6(171)) - c11f8a16-55ee-4f22-a5a5-7daf2dffa753: Completed APPEND_ENTRIES, lastRequest: null  (Repeated 2 times in the last 5.002s)
2025-10-07 20:52:11,325 [timer4] INFO  server.GrpcServerProtocolService (GrpcServerProtocolService.java:lambda$onCompleted$6(171)) - 7d2db622-5327-4122-ba03-be97b5575303: Completed APPEND_ENTRIES, lastRequest: null  (Repeated 2 times in the last 5.001s)
2025-10-07 20:52:11,326 [timer5] INFO  server.GrpcServerProtocolService (GrpcServerProtocolService.java:lambda$null$7(175)) - 7d2db622-5327-4122-ba03-be97b5575303: Completed APPEND_ENTRIES, lastReply: serverReply {
  requestorId: "fa7382a0-3089-4eb6-af6f-f8f16393fa81"
  replyId: "7d2db622-5327-4122-ba03-be97b5575303"
  raftGroupId {
    id: "<u\235\226\342\270A\325\222\300\035\365\306\271\026M"
  }
  success: true
}
term: 1
followerCommit: 18446744073709551615
matchIndex: 18446744073709551615
isHearbeat: true
  (Repeated 2 times in the last 5.001s)
2025-10-07 20:52:11,333 [ForkJoinPool-1-worker-1] INFO  container.TestHelper (TestHelper.java:countReplicas(443)) - Container 2 has 1 replicas on [fa7382a0-3089-4eb6-af6f-f8f16393fa81]
2025-10-07 20:52:11,370 [Recon-SyncOM-2] INFO  impl.OzoneManagerServiceProviderImpl (OzoneManagerServiceProviderImpl.java:lambda$startSyncDataFromOM$2(331)) - Last known sequence number before sync: 22
2025-10-07 20:52:11,370 [Recon-SyncOM-2] INFO  impl.OzoneManagerServiceProviderImpl (OzoneManagerServiceProviderImpl.java:syncDataFromOM(630)) - Seq number of Recon's OM DB : 22
2025-10-07 20:52:11,374 [Recon-SyncOM-2] INFO  impl.OzoneManagerServiceProviderImpl (OzoneManagerServiceProviderImpl.java:innerGetAndApplyDeltaUpdatesFromOM(600)) - From Sequence Number:22, Recon DB Sequence Number: 22, Number of updates received from OM : 0, SequenceNumber diff: 0, SequenceNumber Lag from OM 0, isDBUpdateSuccess: true
2025-10-07 20:52:11,377 [Recon-SyncOM-2] INFO  impl.OzoneManagerServiceProviderImpl (OzoneManagerServiceProviderImpl.java:syncDataFromOM(746)) - Delta updates received from OM : 1 loops, 0 records
2025-10-07 20:52:11,377 [Recon-SyncOM-2] INFO  impl.OzoneManagerServiceProviderImpl (OzoneManagerServiceProviderImpl.java:lambda$startSyncDataFromOM$2(336)) - Sequence number after sync: 22
2025-10-07 20:52:11,379 [timer6] INFO  server.GrpcServerProtocolService (GrpcServerProtocolService.java:lambda$null$7(175)) - c11f8a16-55ee-4f22-a5a5-7daf2dffa753: Completed APPEND_ENTRIES, lastReply: null  (Repeated 2 times in the last 5.054s)
2025-10-07 20:52:11,502 [ReplicationMonitor] INFO  replication.ReplicationManager (ReplicationManager.java:sendDatanodeCommand(665)) - Sending command [closeContainerCommand: cmdID: 1, encodedToken: "", term: 0, deadlineMsSinceEpoch: 0, containerID: 1, pipelineID: Pipeline-3c759d96-e2b8-41d5-92c0-1df5c6b9164d, force: false] for container ContainerInfo{id=#1, state=CLOSING, stateEnterTime=2025-10-07T20:52:09.324688464Z, pipelineID=Pipeline-3c759d96-e2b8-41d5-92c0-1df5c6b9164d, owner=omServiceIdDefault} to 7d2db622-5327-4122-ba03-be97b5575303(localhost/127.0.0.1) with datanode deadline 1759870691502 and scm deadline 1759871051502
2025-10-07 20:52:11,503 [ReplicationMonitor] INFO  replication.ReplicationManager (ReplicationManager.java:sendDatanodeCommand(665)) - Sending command [closeContainerCommand: cmdID: 1, encodedToken: "", term: 0, deadlineMsSinceEpoch: 0, containerID: 1, pipelineID: Pipeline-3c759d96-e2b8-41d5-92c0-1df5c6b9164d, force: false] for container ContainerInfo{id=#1, state=CLOSING, stateEnterTime=2025-10-07T20:52:09.324688464Z, pipelineID=Pipeline-3c759d96-e2b8-41d5-92c0-1df5c6b9164d, owner=omServiceIdDefault} to fa7382a0-3089-4eb6-af6f-f8f16393fa81(localhost/127.0.0.1) with datanode deadline 1759870691503 and scm deadline 1759871051503
2025-10-07 20:52:11,503 [ReplicationMonitor] INFO  replication.ReplicationManager (ReplicationManager.java:sendDatanodeCommand(665)) - Sending command [closeContainerCommand: cmdID: 1, encodedToken: "", term: 0, deadlineMsSinceEpoch: 0, containerID: 1, pipelineID: Pipeline-3c759d96-e2b8-41d5-92c0-1df5c6b9164d, force: false] for container ContainerInfo{id=#1, state=CLOSING, stateEnterTime=2025-10-07T20:52:09.324688464Z, pipelineID=Pipeline-3c759d96-e2b8-41d5-92c0-1df5c6b9164d, owner=omServiceIdDefault} to c11f8a16-55ee-4f22-a5a5-7daf2dffa753(localhost/127.0.0.1) with datanode deadline 1759870691503 and scm deadline 1759871051503
2025-10-07 20:52:11,503 [ReplicationMonitor] INFO  replication.ReplicationManager (ReplicationManager.java:sendDatanodeCommand(665)) - Sending command [closeContainerCommand: cmdID: 2, encodedToken: "", term: 0, deadlineMsSinceEpoch: 0, containerID: 2, pipelineID: Pipeline-527db8da-1e91-4af5-a093-7ae2f20a3602, force: false] for container ContainerInfo{id=#2, state=CLOSING, stateEnterTime=2025-10-07T20:52:09.318640546Z, pipelineID=Pipeline-527db8da-1e91-4af5-a093-7ae2f20a3602, owner=omServiceIdDefault} to fa7382a0-3089-4eb6-af6f-f8f16393fa81(localhost/127.0.0.1) with datanode deadline 1759870691503 and scm deadline 1759871051503
2025-10-07 20:52:11,503 [ReplicationMonitor] INFO  replication.ReplicationManager (ReplicationManager.java:processAll(384)) - Replication Monitor Thread took 1 milliseconds for processing 2 containers.
2025-10-07 20:52:11,533 [ForkJoinPool-1-worker-1] INFO  container.TestHelper (TestHelper.java:countReplicas(443)) - Container 2 has 1 replicas on [fa7382a0-3089-4eb6-af6f-f8f16393fa81]
2025-10-07 20:52:11,733 [ForkJoinPool-1-worker-1] INFO  container.TestHelper (TestHelper.java:countReplicas(443)) - Container 2 has 1 replicas on [fa7382a0-3089-4eb6-af6f-f8f16393fa81]
2025-10-07 20:52:11,850 [ContainerHealthTask] INFO  fsck.ContainerHealthTask (ContainerHealthTask.java:checkAndProcessContainers(194)) - Container Health task thread took 1 iterations to fetch all containers using batched approach with batch size of 1000
2025-10-07 20:52:11,934 [ForkJoinPool-1-worker-1] INFO  container.TestHelper (TestHelper.java:countReplicas(443)) - Container 2 has 1 replicas on [fa7382a0-3089-4eb6-af6f-f8f16393fa81]
2025-10-07 20:52:12,042 [7d2db622-5327-4122-ba03-be97b5575303-CloseContainerThread-1] INFO  commandhandler.CloseContainerCommandHandler (CloseContainerCommandHandler.java:lambda$handle$0(154)) - Follower cannot close container #1.
2025-10-07 20:52:12,048 [7d2db622-5327-4122-ba03-be97b5575303-CloseContainerThread-0] INFO  commandhandler.CloseContainerCommandHandler (CloseContainerCommandHandler.java:lambda$handle$0(154)) - Follower cannot close container #1.
2025-10-07 20:52:12,134 [ForkJoinPool-1-worker-1] INFO  container.TestHelper (TestHelper.java:countReplicas(443)) - Container 2 has 1 replicas on [fa7382a0-3089-4eb6-af6f-f8f16393fa81]
2025-10-07 20:52:12,318 [EventQueue-DeadNodeForDeadNodeHandler] INFO  node.DeadNodeHandler (DeadNodeHandler.java:onMessage(91)) - A dead datanode is detected. fa7382a0-3089-4eb6-af6f-f8f16393fa81(localhost/127.0.0.1)
2025-10-07 20:52:12,321 [EventQueue-DeadNodeForDeadNodeHandler] INFO  pipeline.RatisPipelineProvider (RatisPipelineProvider.java:lambda$close$4(273)) - Send pipeline:Pipeline-527db8da-1e91-4af5-a093-7ae2f20a3602 close command to datanode fa7382a0-3089-4eb6-af6f-f8f16393fa81
2025-10-07 20:52:12,321 [EventQueue-DeadNodeForDeadNodeHandler] INFO  pipeline.PipelineManagerImpl (PipelineManagerImpl.java:removePipeline(464)) - Pipeline Pipeline{ Id: 527db8da-1e91-4af5-a093-7ae2f20a3602, Nodes: [ {fa7382a0-3089-4eb6-af6f-f8f16393fa81(localhost/127.0.0.1), ReplicaIndex: 0},], ReplicationConfig: RATIS/ONE, State:CLOSED, leaderId:fa7382a0-3089-4eb6-af6f-f8f16393fa81, CreationTimestamp2025-10-07T20:51:59.300Z[Etc/UTC]} removed.
2025-10-07 20:52:12,322 [EventQueue-DeadNodeForDeadNodeHandler] INFO  pipeline.RatisPipelineProvider (RatisPipelineProvider.java:lambda$close$4(273)) - Send pipeline:Pipeline-3c759d96-e2b8-41d5-92c0-1df5c6b9164d close command to datanode fa7382a0-3089-4eb6-af6f-f8f16393fa81
2025-10-07 20:52:12,323 [EventQueue-DeadNodeForDeadNodeHandler] INFO  pipeline.RatisPipelineProvider (RatisPipelineProvider.java:lambda$close$4(273)) - Send pipeline:Pipeline-3c759d96-e2b8-41d5-92c0-1df5c6b9164d close command to datanode 7d2db622-5327-4122-ba03-be97b5575303
2025-10-07 20:52:12,323 [EventQueue-DeadNodeForDeadNodeHandler] INFO  pipeline.RatisPipelineProvider (RatisPipelineProvider.java:lambda$close$4(273)) - Send pipeline:Pipeline-3c759d96-e2b8-41d5-92c0-1df5c6b9164d close command to datanode c11f8a16-55ee-4f22-a5a5-7daf2dffa753
2025-10-07 20:52:12,323 [EventQueue-DeadNodeForDeadNodeHandler] INFO  pipeline.PipelineManagerImpl (PipelineManagerImpl.java:removePipeline(464)) - Pipeline Pipeline{ Id: 3c759d96-e2b8-41d5-92c0-1df5c6b9164d, Nodes: [ {fa7382a0-3089-4eb6-af6f-f8f16393fa81(localhost/127.0.0.1), ReplicaIndex: 0}, {7d2db622-5327-4122-ba03-be97b5575303(localhost/127.0.0.1), ReplicaIndex: 0}, {c11f8a16-55ee-4f22-a5a5-7daf2dffa753(localhost/127.0.0.1), ReplicaIndex: 0},], ReplicationConfig: RATIS/THREE, State:CLOSED, leaderId:fa7382a0-3089-4eb6-af6f-f8f16393fa81, CreationTimestamp2025-10-07T20:51:59.740Z[Etc/UTC]} removed.
2025-10-07 20:52:12,324 [EventQueue-DeadNodeForDeadNodeHandler] INFO  node.DeadNodeHandler (DeadNodeHandler.java:onMessage(113)) - Clearing command queue of size 10 for DN fa7382a0-3089-4eb6-af6f-f8f16393fa81(localhost/127.0.0.1)
2025-10-07 20:52:12,324 [EventQueue-DeadNodeForDeadNodeHandler] INFO  net.NetworkTopologyImpl (NetworkTopologyImpl.java:remove(211)) - Removed a node: /default-rack/fa7382a0-3089-4eb6-af6f-f8f16393fa81
2025-10-07 20:52:12,324 [ReplicationMonitor] INFO  replication.ReplicationManager (ReplicationManager.java:sendDatanodeCommand(665)) - Sending command [closeContainerCommand: cmdID: 1, encodedToken: "", term: 0, deadlineMsSinceEpoch: 0, containerID: 1, pipelineID: Pipeline-3c759d96-e2b8-41d5-92c0-1df5c6b9164d, force: false] for container ContainerInfo{id=#1, state=CLOSING, stateEnterTime=2025-10-07T20:52:09.324688464Z, pipelineID=Pipeline-3c759d96-e2b8-41d5-92c0-1df5c6b9164d, owner=omServiceIdDefault} to 7d2db622-5327-4122-ba03-be97b5575303(localhost/127.0.0.1) with datanode deadline 1759870692324 and scm deadline 1759871052324
2025-10-07 20:52:12,324 [ReplicationMonitor] INFO  replication.ReplicationManager (ReplicationManager.java:sendDatanodeCommand(665)) - Sending command [closeContainerCommand: cmdID: 1, encodedToken: "", term: 0, deadlineMsSinceEpoch: 0, containerID: 1, pipelineID: Pipeline-3c759d96-e2b8-41d5-92c0-1df5c6b9164d, force: false] for container ContainerInfo{id=#1, state=CLOSING, stateEnterTime=2025-10-07T20:52:09.324688464Z, pipelineID=Pipeline-3c759d96-e2b8-41d5-92c0-1df5c6b9164d, owner=omServiceIdDefault} to c11f8a16-55ee-4f22-a5a5-7daf2dffa753(localhost/127.0.0.1) with datanode deadline 1759870692324 and scm deadline 1759871052324
2025-10-07 20:52:12,325 [ReplicationMonitor] INFO  replication.ReplicationManager (ReplicationManager.java:processAll(384)) - Replication Monitor Thread took 1 milliseconds for processing 2 containers.
2025-10-07 20:52:12,334 [ForkJoinPool-1-worker-1] INFO  container.TestHelper (TestHelper.java:countReplicas(443)) - Container 2 has 0 replicas on []
Connecting to Recon: http://localhost:15000/api/v1/containers/unhealthy/MISSING ...
2025-10-07 20:52:12,366 [qtp1181622455-545] INFO  impl.Tools (JooqLogger.java:info(338)) - Kotlin is available, but not kotlin-reflect. Add the kotlin-reflect dependency to better use Kotlin features like data classes
2025-10-07 20:52:12,377 [Recon-SyncOM-2] INFO  impl.OzoneManagerServiceProviderImpl (OzoneManagerServiceProviderImpl.java:lambda$startSyncDataFromOM$2(331)) - Last known sequence number before sync: 22
2025-10-07 20:52:12,377 [Recon-SyncOM-2] INFO  impl.OzoneManagerServiceProviderImpl (OzoneManagerServiceProviderImpl.java:syncDataFromOM(630)) - Seq number of Recon's OM DB : 22
2025-10-07 20:52:12,381 [qtp1181622455-545] INFO  requests.recon (Slf4jRequestLogWriter.java:write(62)) - 127.0.0.1 - - [07/Oct/2025:20:52:12 +0000] "GET /api/v1/containers/unhealthy/MISSING HTTP/1.1" 200 156 "-" "Java/21.0.8"
2025-10-07 20:52:12,382 [Recon-SyncOM-2] INFO  impl.OzoneManagerServiceProviderImpl (OzoneManagerServiceProviderImpl.java:innerGetAndApplyDeltaUpdatesFromOM(600)) - From Sequence Number:22, Recon DB Sequence Number: 22, Number of updates received from OM : 0, SequenceNumber diff: 0, SequenceNumber Lag from OM 0, isDBUpdateSuccess: true
2025-10-07 20:52:12,385 [Recon-EventQueue-DeadNodeForReconDeadNodeHandler] INFO  node.DeadNodeHandler (DeadNodeHandler.java:onMessage(91)) - A dead datanode is detected. fa7382a0-3089-4eb6-af6f-f8f16393fa81(localhost/127.0.0.1)
2025-10-07 20:52:12,386 [Recon-EventQueue-DeadNodeForReconDeadNodeHandler] INFO  pipeline.PipelineManagerImpl (PipelineManagerImpl.java:removePipeline(464)) - Pipeline Pipeline{ Id: 527db8da-1e91-4af5-a093-7ae2f20a3602, Nodes: [ {fa7382a0-3089-4eb6-af6f-f8f16393fa81(localhost/127.0.0.1), ReplicaIndex: 0},], ReplicationConfig: RATIS/ONE, State:CLOSED, leaderId:fa7382a0-3089-4eb6-af6f-f8f16393fa81, CreationTimestamp2025-10-07T20:51:59.300Z[Etc/UTC]} removed.
2025-10-07 20:52:12,387 [Recon-SyncOM-2] INFO  impl.OzoneManagerServiceProviderImpl (OzoneManagerServiceProviderImpl.java:syncDataFromOM(746)) - Delta updates received from OM : 1 loops, 0 records
2025-10-07 20:52:12,387 [Recon-SyncOM-2] INFO  impl.OzoneManagerServiceProviderImpl (OzoneManagerServiceProviderImpl.java:lambda$startSyncDataFromOM$2(336)) - Sequence number after sync: 22
2025-10-07 20:52:12,387 [Recon-EventQueue-DeadNodeForReconDeadNodeHandler] INFO  pipeline.PipelineManagerImpl (PipelineManagerImpl.java:removePipeline(464)) - Pipeline Pipeline{ Id: 3c759d96-e2b8-41d5-92c0-1df5c6b9164d, Nodes: [ {fa7382a0-3089-4eb6-af6f-f8f16393fa81(localhost/127.0.0.1), ReplicaIndex: 0}, {7d2db622-5327-4122-ba03-be97b5575303(localhost/127.0.0.1), ReplicaIndex: 0}, {c11f8a16-55ee-4f22-a5a5-7daf2dffa753(localhost/127.0.0.1), ReplicaIndex: 0},], ReplicationConfig: RATIS/THREE, State:CLOSED, leaderId:fa7382a0-3089-4eb6-af6f-f8f16393fa81, CreationTimestamp2025-10-07T20:51:59.740Z[Etc/UTC]} removed.
2025-10-07 20:52:12,389 [Recon-EventQueue-DeadNodeForReconDeadNodeHandler] INFO  node.DeadNodeHandler (DeadNodeHandler.java:onMessage(113)) - Clearing command queue of size 0 for DN fa7382a0-3089-4eb6-af6f-f8f16393fa81(localhost/127.0.0.1)
2025-10-07 20:52:12,389 [Recon-EventQueue-DeadNodeForReconDeadNodeHandler] INFO  net.NetworkTopologyImpl (NetworkTopologyImpl.java:remove(211)) - Removed a node: /default-rack/fa7382a0-3089-4eb6-af6f-f8f16393fa81
2025-10-07 20:52:12,398 [ForkJoinPool-1-worker-1] INFO  recon.TestReconAndAdminContainerCLI (TestReconAndAdminContainerCLI.java:assertReportsMatch(344)) - Reports do not match (yet): expected: <1> but was: <0>
2025-10-07 20:52:12,415 [Recon-EventQueue-DeadNodeForReconDeadNodeHandler] INFO  fsck.ContainerHealthTask (ContainerHealthTask.java:generateUnhealthyRecords(573)) - Non-empty container 2 is missing. It has 1 keys and 7 bytes used according to SCM metadata. Please visit Recon's missing container page for a list of keys (and their metadata) mapped to this container.
2025-10-07 20:52:12,418 [Recon-EventQueue-DeadNodeForReconDeadNodeHandler] INFO  fsck.ContainerHealthTask (ContainerHealthTask.java:checkAndProcessContainers(194)) - Container Health task thread took 1 iterations to fetch all containers using batched approach with batch size of 1000
2025-10-07 20:52:12,419 [Recon-EventQueue-DeadNodeForReconDeadNodeHandler] INFO  fsck.ContainerHealthTask (ContainerHealthTask.java:lambda$logUnhealthyContainerStats$5(222)) - MISSING **Container State Stats:** 
	TOTAL_KEYS -> 1 , CONTAINER_COUNT -> 1 , TOTAL_USED_BYTES -> 7
2025-10-07 20:52:12,419 [Recon-EventQueue-DeadNodeForReconDeadNodeHandler] INFO  fsck.ContainerHealthTask (ContainerHealthTask.java:lambda$logUnhealthyContainerStats$5(222)) - UNDER_REPLICATED **Container State Stats:** 
	TOTAL_KEYS -> 1 , CONTAINER_COUNT -> 1 , TOTAL_USED_BYTES -> 7
2025-10-07 20:52:12,425 [Recon-EventQueue-DeadNodeForReconDeadNodeHandler] INFO  scm.ReconPipelineManager (ReconPipelineManager.java:initializePipelines(101)) - Recon has 4 pipelines in house.
2025-10-07 20:52:12,425 [Recon-EventQueue-DeadNodeForReconDeadNodeHandler] WARN  scm.ReconPipelineManager (ReconPipelineManager.java:initializePipelines(107)) - Pipeline Pipeline-8831db63-0960-497d-8895-79d92d5c683f already exists in Recon pipeline metadata.
2025-10-07 20:52:12,426 [Recon-EventQueue-DeadNodeForReconDeadNodeHandler] WARN  scm.ReconPipelineManager (ReconPipelineManager.java:initializePipelines(107)) - Pipeline Pipeline-275b7e98-611c-44c8-a058-5472c7309c8c already exists in Recon pipeline metadata.
2025-10-07 20:52:12,426 [Recon-EventQueue-DeadNodeForReconDeadNodeHandler] WARN  scm.ReconPipelineManager (ReconPipelineManager.java:initializePipelines(107)) - Pipeline Pipeline-ef5ef53a-d24e-41cb-9e76-f9e79ccfdb91 already exists in Recon pipeline metadata.
2025-10-07 20:52:12,426 [Recon-EventQueue-DeadNodeForReconDeadNodeHandler] WARN  scm.ReconPipelineManager (ReconPipelineManager.java:initializePipelines(107)) - Pipeline Pipeline-a10c2c7a-ee93-46bd-b348-b7ef3c0abf3a already exists in Recon pipeline metadata.
2025-10-07 20:52:12,858 [ContainerHealthTask] INFO  fsck.ContainerHealthTask (ContainerHealthTask.java:generateUnhealthyRecords(573)) - Non-empty container 2 is missing. It has 1 keys and 7 bytes used according to SCM metadata. Please visit Recon's missing container page for a list of keys (and their metadata) mapped to this container.
2025-10-07 20:52:12,858 [ContainerHealthTask] INFO  fsck.ContainerHealthTask (ContainerHealthTask.java:checkAndProcessContainers(194)) - Container Health task thread took 1 iterations to fetch all containers using batched approach with batch size of 1000
2025-10-07 20:52:12,859 [ContainerHealthTask] INFO  fsck.ContainerHealthTask (ContainerHealthTask.java:lambda$logUnhealthyContainerStats$5(222)) - MISSING **Container State Stats:** 
	TOTAL_KEYS -> 1 , CONTAINER_COUNT -> 1 , TOTAL_USED_BYTES -> 7
2025-10-07 20:52:12,859 [ContainerHealthTask] INFO  fsck.ContainerHealthTask (ContainerHealthTask.java:lambda$logUnhealthyContainerStats$5(222)) - UNDER_REPLICATED **Container State Stats:** 
	TOTAL_KEYS -> 1 , CONTAINER_COUNT -> 1 , TOTAL_USED_BYTES -> 7
2025-10-07 20:52:13,040 [c11f8a16-55ee-4f22-a5a5-7daf2dffa753-CloseContainerThread-0] INFO  commandhandler.CloseContainerCommandHandler (CloseContainerCommandHandler.java:lambda$handle$0(154)) - Follower cannot close container #1.
2025-10-07 20:52:13,040 [c11f8a16-55ee-4f22-a5a5-7daf2dffa753-CloseContainerThread-2] INFO  commandhandler.CloseContainerCommandHandler (CloseContainerCommandHandler.java:lambda$handle$0(154)) - Follower cannot close container #1.
2025-10-07 20:52:13,040 [c11f8a16-55ee-4f22-a5a5-7daf2dffa753-CloseContainerThread-1] INFO  commandhandler.CloseContainerCommandHandler (CloseContainerCommandHandler.java:lambda$handle$0(154)) - Follower cannot close container #1.
2025-10-07 20:52:13,051 [Recon-EventQueue-PipelineReportForReconPipelineReportHandler] INFO  scm.ReconPipelineReportHandler (ReconPipelineReportHandler.java:processPipelineReport(66)) - Unknown pipeline Pipeline-3c759d96-e2b8-41d5-92c0-1df5c6b9164d. Trying to get from SCM.
2025-10-07 20:52:13,052 [EventQueue-PipelineReportForPipelineReportHandler] INFO  pipeline.PipelineReportHandler (PipelineReportHandler.java:handlePipelineNotFoundException(96)) - Pipeline Pipeline-3c759d96-e2b8-41d5-92c0-1df5c6b9164d, reported by datanode c11f8a16-55ee-4f22-a5a5-7daf2dffa753(localhost/127.0.0.1) is not found.
2025-10-07T20:52:13.057951138Z IPC Server handler 25 on default port 15002 ERROR user=runner | ip=127.0.0.1 | op=GET_PIPELINE {"pipelineID":"3c759d96-e2b8-41d5-92c0-1df5c6b9164d"} | ret=FAILURE
org.apache.hadoop.hdds.scm.pipeline.PipelineNotFoundException: Pipeline-3c759d96-e2b8-41d5-92c0-1df5c6b9164d not found
	at org.apache.hadoop.hdds.scm.pipeline.PipelineStateMap.getPipeline(PipelineStateMap.java:150)
	at org.apache.hadoop.hdds.scm.pipeline.PipelineStateManagerImpl.getPipeline(PipelineStateManagerImpl.java:133)
	at java.base/jdk.internal.reflect.DirectMethodHandleAccessor.invoke(DirectMethodHandleAccessor.java:103)
	at java.base/java.lang.reflect.Method.invoke(Method.java:580)
	at org.apache.hadoop.hdds.scm.ha.SCMHAInvocationHandler.invokeLocal(SCMHAInvocationHandler.java:90)
	at org.apache.hadoop.hdds.scm.ha.SCMHAInvocationHandler.invoke(SCMHAInvocationHandler.java:73)
	at jdk.proxy2/jdk.proxy2.$Proxy44.getPipeline(Unknown Source)
	at org.apache.hadoop.hdds.scm.pipeline.PipelineManagerImpl.getPipeline(PipelineManagerImpl.java:336)
	at org.apache.hadoop.hdds.scm.server.SCMClientProtocolServer.getPipeline(SCMClientProtocolServer.java:835)
	at org.apache.hadoop.hdds.scm.protocol.StorageContainerLocationProtocolServerSideTranslatorPB.getPipeline(StorageContainerLocationProtocolServerSideTranslatorPB.java:979)
	at org.apache.hadoop.hdds.scm.protocol.StorageContainerLocationProtocolServerSideTranslatorPB.processRequest(StorageContainerLocationProtocolServerSideTranslatorPB.java:618)
	at org.apache.hadoop.hdds.server.OzoneProtocolMessageDispatcher.processRequest(OzoneProtocolMessageDispatcher.java:89)
	at org.apache.hadoop.hdds.scm.protocol.StorageContainerLocationProtocolServerSideTranslatorPB.submitRequest(StorageContainerLocationProtocolServerSideTranslatorPB.java:236)
	at org.apache.hadoop.hdds.protocol.proto.StorageContainerLocationProtocolProtos$StorageContainerLocationProtocolService$2.callBlockingMethod(StorageContainerLocationProtocolProtos.java)
	at org.apache.hadoop.ipc.ProtobufRpcEngine$Server.processCall(ProtobufRpcEngine.java:484)
	at org.apache.hadoop.ipc.ProtobufRpcEngine2$Server$ProtoBufRpcInvoker.call(ProtobufRpcEngine2.java:595)
	at org.apache.hadoop.ipc.ProtobufRpcEngine2$Server$ProtoBufRpcInvoker.call(ProtobufRpcEngine2.java:573)
	at org.apache.hadoop.ipc.RPC$Server.call(RPC.java:1228)
	at org.apache.hadoop.ipc.Server$RpcCall.run(Server.java:1246)
	at org.apache.hadoop.ipc.Server$RpcCall.run(Server.java:1169)
	at java.base/java.security.AccessController.doPrivileged(AccessController.java:714)
	at java.base/javax.security.auth.Subject.doAs(Subject.java:525)
	at org.apache.hadoop.security.UserGroupInformation.doAs(UserGroupInformation.java:1953)
	at org.apache.hadoop.ipc.Server$Handler.run(Server.java:3198)
2025-10-07 20:52:13,061 [IPC Server handler 25 on default port 15002] INFO  ipc.Server (Server.java:logException(3260)) - IPC Server handler 25 on default port 15002, call Call#219 Retry#0 org.apache.hadoop.hdds.scm.protocol.StorageContainerLocationProtocol.submitRequest from 127.0.0.1:32912
org.apache.hadoop.hdds.scm.pipeline.PipelineNotFoundException: Pipeline-3c759d96-e2b8-41d5-92c0-1df5c6b9164d not found
	at org.apache.hadoop.hdds.scm.pipeline.PipelineStateMap.getPipeline(PipelineStateMap.java:150)
	at org.apache.hadoop.hdds.scm.pipeline.PipelineStateManagerImpl.getPipeline(PipelineStateManagerImpl.java:133)
	at java.base/jdk.internal.reflect.DirectMethodHandleAccessor.invoke(DirectMethodHandleAccessor.java:103)
	at java.base/java.lang.reflect.Method.invoke(Method.java:580)
	at org.apache.hadoop.hdds.scm.ha.SCMHAInvocationHandler.invokeLocal(SCMHAInvocationHandler.java:90)
	at org.apache.hadoop.hdds.scm.ha.SCMHAInvocationHandler.invoke(SCMHAInvocationHandler.java:73)
	at jdk.proxy2/jdk.proxy2.$Proxy44.getPipeline(Unknown Source)
	at org.apache.hadoop.hdds.scm.pipeline.PipelineManagerImpl.getPipeline(PipelineManagerImpl.java:336)
	at org.apache.hadoop.hdds.scm.server.SCMClientProtocolServer.getPipeline(SCMClientProtocolServer.java:835)
	at org.apache.hadoop.hdds.scm.protocol.StorageContainerLocationProtocolServerSideTranslatorPB.getPipeline(StorageContainerLocationProtocolServerSideTranslatorPB.java:979)
	at org.apache.hadoop.hdds.scm.protocol.StorageContainerLocationProtocolServerSideTranslatorPB.processRequest(StorageContainerLocationProtocolServerSideTranslatorPB.java:618)
	at org.apache.hadoop.hdds.server.OzoneProtocolMessageDispatcher.processRequest(OzoneProtocolMessageDispatcher.java:89)
	at org.apache.hadoop.hdds.scm.protocol.StorageContainerLocationProtocolServerSideTranslatorPB.submitRequest(StorageContainerLocationProtocolServerSideTranslatorPB.java:236)
	at org.apache.hadoop.hdds.protocol.proto.StorageContainerLocationProtocolProtos$StorageContainerLocationProtocolService$2.callBlockingMethod(StorageContainerLocationProtocolProtos.java)
	at org.apache.hadoop.ipc.ProtobufRpcEngine$Server.processCall(ProtobufRpcEngine.java:484)
	at org.apache.hadoop.ipc.ProtobufRpcEngine2$Server$ProtoBufRpcInvoker.call(ProtobufRpcEngine2.java:595)
	at org.apache.hadoop.ipc.ProtobufRpcEngine2$Server$ProtoBufRpcInvoker.call(ProtobufRpcEngine2.java:573)
	at org.apache.hadoop.ipc.RPC$Server.call(RPC.java:1228)
	at org.apache.hadoop.ipc.Server$RpcCall.run(Server.java:1246)
	at org.apache.hadoop.ipc.Server$RpcCall.run(Server.java:1169)
	at java.base/java.security.AccessController.doPrivileged(AccessController.java:714)
	at java.base/javax.security.auth.Subject.doAs(Subject.java:525)
	at org.apache.hadoop.security.UserGroupInformation.doAs(UserGroupInformation.java:1953)
	at org.apache.hadoop.ipc.Server$Handler.run(Server.java:3198)
2025-10-07 20:52:13,067 [Recon-EventQueue-PipelineReportForReconPipelineReportHandler] ERROR scm.ReconPipelineReportHandler (ReconPipelineReportHandler.java:processPipelineReport(77)) - Could not find pipeline Pipeline-3c759d96-e2b8-41d5-92c0-1df5c6b9164d at SCM.
2025-10-07 20:52:13,067 [Recon-EventQueue-PipelineReportForReconPipelineReportHandler] INFO  pipeline.PipelineReportHandler (PipelineReportHandler.java:handlePipelineNotFoundException(96)) - Pipeline Pipeline-3c759d96-e2b8-41d5-92c0-1df5c6b9164d, reported by datanode c11f8a16-55ee-4f22-a5a5-7daf2dffa753(localhost/127.0.0.1) is not found.
2025-10-07 20:52:13,067 [Recon-EventQueue-DatanodeCommandForReconNodeManager] DEBUG scm.ReconNodeManager (ReconNodeManager.java:onMessage(164)) - Ignoring unsupported command closePipelineCommand for Datanode CommandForDatanode{c11f8a16-55ee-4f22-a5a5-7daf2dffa753, closePipelineCommand: cmdID: 1759870319317, encodedToken: "", term: -1, deadlineMsSinceEpoch: 0, pipelineID: Pipeline-3c759d96-e2b8-41d5-92c0-1df5c6b9164d}.
2025-10-07 20:52:13,269 [c11f8a16-55ee-4f22-a5a5-7daf2dffa753@group-1DF5C6B9164D-FollowerState] INFO  impl.FollowerState (FollowerState.java:runImpl(161)) - c11f8a16-55ee-4f22-a5a5-7daf2dffa753@group-1DF5C6B9164D-FollowerState: change to CANDIDATE, lastRpcElapsedTime:9164064871ns, electionTimeout:5080ms
2025-10-07 20:52:13,269 [c11f8a16-55ee-4f22-a5a5-7daf2dffa753@group-1DF5C6B9164D-FollowerState] INFO  impl.RoleInfo (RoleInfo.java:shutdownFollowerState(121)) - c11f8a16-55ee-4f22-a5a5-7daf2dffa753: shutdown c11f8a16-55ee-4f22-a5a5-7daf2dffa753@group-1DF5C6B9164D-FollowerState
2025-10-07 20:52:13,269 [c11f8a16-55ee-4f22-a5a5-7daf2dffa753@group-1DF5C6B9164D-FollowerState] INFO  server.RaftServer$Division (RaftServerImpl.java:setRole(392)) - c11f8a16-55ee-4f22-a5a5-7daf2dffa753@group-1DF5C6B9164D: changes role from  FOLLOWER to CANDIDATE at term 1 for changeToCandidate
2025-10-07 20:52:13,269 [c11f8a16-55ee-4f22-a5a5-7daf2dffa753@group-1DF5C6B9164D-FollowerState] INFO  impl.RoleInfo (RoleInfo.java:updateAndGet(148)) - c11f8a16-55ee-4f22-a5a5-7daf2dffa753: start c11f8a16-55ee-4f22-a5a5-7daf2dffa753@group-1DF5C6B9164D-LeaderElection10
2025-10-07 20:52:13,270 [c11f8a16-55ee-4f22-a5a5-7daf2dffa753@group-1DF5C6B9164D-LeaderElection10] INFO  server.RaftServer$Division (ServerState.java:setLeader(272)) - c11f8a16-55ee-4f22-a5a5-7daf2dffa753@group-1DF5C6B9164D: change Leader from fa7382a0-3089-4eb6-af6f-f8f16393fa81 to null at term 1 for PRE_VOTE
2025-10-07 20:52:13,270 [c11f8a16-55ee-4f22-a5a5-7daf2dffa753@group-1DF5C6B9164D-LeaderElection10] INFO  impl.LeaderElection (LeaderElection.java:askForVotes(448)) - c11f8a16-55ee-4f22-a5a5-7daf2dffa753@group-1DF5C6B9164D-LeaderElection10 PRE_VOTE round 0: submit vote requests at term 1 for conf: {index: 0, cur=peers:[7d2db622-5327-4122-ba03-be97b5575303|127.0.0.1:15033, fa7382a0-3089-4eb6-af6f-f8f16393fa81|127.0.0.1:15017, c11f8a16-55ee-4f22-a5a5-7daf2dffa753|127.0.0.1:15025]|listeners:[], old=null}
2025-10-07 20:52:13,271 [c11f8a16-55ee-4f22-a5a5-7daf2dffa753@group-1DF5C6B9164D-LeaderElection10-1] INFO  server.GrpcServerProtocolClient (GrpcServerProtocolClient.java:<init>(65)) - Build channel for 7d2db622-5327-4122-ba03-be97b5575303|127.0.0.1:15033
2025-10-07 20:52:13,272 [c11f8a16-55ee-4f22-a5a5-7daf2dffa753@group-1DF5C6B9164D-LeaderElection10-2] INFO  server.GrpcServerProtocolClient (GrpcServerProtocolClient.java:<init>(65)) - Build channel for fa7382a0-3089-4eb6-af6f-f8f16393fa81|127.0.0.1:15017
2025-10-07 20:52:13,278 [grpc-default-executor-4] INFO  server.RaftServer$Division (RaftServerImpl.java:requestVote(1421)) - 7d2db622-5327-4122-ba03-be97b5575303@group-1DF5C6B9164D: receive requestVote(PRE_VOTE, c11f8a16-55ee-4f22-a5a5-7daf2dffa753, group-1DF5C6B9164D, 1, (t:1, i:4))
2025-10-07 20:52:13,279 [grpc-default-executor-4] INFO  impl.VoteContext (VoteContext.java:log(49)) - 7d2db622-5327-4122-ba03-be97b5575303@group-1DF5C6B9164D-FOLLOWER: accept PRE_VOTE from c11f8a16-55ee-4f22-a5a5-7daf2dffa753: our priority 0 <= candidate's priority 0
2025-10-07 20:52:13,279 [grpc-default-executor-4] INFO  server.RaftServer$Division (RaftServerImpl.java:requestVote(1455)) - 7d2db622-5327-4122-ba03-be97b5575303@group-1DF5C6B9164D replies to PRE_VOTE vote request: c11f8a16-55ee-4f22-a5a5-7daf2dffa753<-7d2db622-5327-4122-ba03-be97b5575303#0:OK-t1-last:(t:1, i:4). Peer's state: 7d2db622-5327-4122-ba03-be97b5575303@group-1DF5C6B9164D:t1, leader=fa7382a0-3089-4eb6-af6f-f8f16393fa81, voted=fa7382a0-3089-4eb6-af6f-f8f16393fa81, raftlog=Memoized:7d2db622-5327-4122-ba03-be97b5575303@group-1DF5C6B9164D-SegmentedRaftLog:OPENED:c2:last(t:1, i:4), conf=conf: {index: 0, cur=peers:[7d2db622-5327-4122-ba03-be97b5575303|127.0.0.1:15033, fa7382a0-3089-4eb6-af6f-f8f16393fa81|127.0.0.1:15017, c11f8a16-55ee-4f22-a5a5-7daf2dffa753|127.0.0.1:15025]|listeners:[], old=null}
2025-10-07 20:52:13,279 [c11f8a16-55ee-4f22-a5a5-7daf2dffa753@group-1DF5C6B9164D-LeaderElection10] INFO  impl.LeaderElection (LogUtils.java:infoOrTrace(142)) - c11f8a16-55ee-4f22-a5a5-7daf2dffa753@group-1DF5C6B9164D-LeaderElection10 got exception when requesting votes: java.util.concurrent.ExecutionException: org.apache.ratis.thirdparty.io.grpc.StatusRuntimeException: UNAVAILABLE: io exception
2025-10-07 20:52:13,281 [c11f8a16-55ee-4f22-a5a5-7daf2dffa753@group-1DF5C6B9164D-LeaderElection10] INFO  impl.LeaderElection (LeaderElection.java:logAndReturn(206)) - c11f8a16-55ee-4f22-a5a5-7daf2dffa753@group-1DF5C6B9164D-LeaderElection10: PRE_VOTE PASSED received 1 response(s) and 1 exception(s):
2025-10-07 20:52:13,281 [c11f8a16-55ee-4f22-a5a5-7daf2dffa753@group-1DF5C6B9164D-LeaderElection10] INFO  impl.LeaderElection (LeaderElection.java:logAndReturn(210)) -   Response 0: c11f8a16-55ee-4f22-a5a5-7daf2dffa753<-7d2db622-5327-4122-ba03-be97b5575303#0:OK-t1-last:(t:1, i:4)
2025-10-07 20:52:13,282 [c11f8a16-55ee-4f22-a5a5-7daf2dffa753@group-1DF5C6B9164D-LeaderElection10] INFO  impl.LeaderElection (LogUtils.java:infoOrTrace(142)) -   Exception 1: java.util.concurrent.ExecutionException: org.apache.ratis.thirdparty.io.grpc.StatusRuntimeException: UNAVAILABLE: io exception
2025-10-07 20:52:13,282 [c11f8a16-55ee-4f22-a5a5-7daf2dffa753@group-1DF5C6B9164D-LeaderElection10] INFO  impl.LeaderElection (LeaderElection.java:askForVotes(450)) - c11f8a16-55ee-4f22-a5a5-7daf2dffa753@group-1DF5C6B9164D-LeaderElection10 PRE_VOTE round 0: result PASSED
2025-10-07 20:52:13,284 [c11f8a16-55ee-4f22-a5a5-7daf2dffa753@group-1DF5C6B9164D-LeaderElection10] INFO  impl.LeaderElection (LeaderElection.java:askForVotes(448)) - c11f8a16-55ee-4f22-a5a5-7daf2dffa753@group-1DF5C6B9164D-LeaderElection10 ELECTION round 0: submit vote requests at term 2 for conf: {index: 0, cur=peers:[7d2db622-5327-4122-ba03-be97b5575303|127.0.0.1:15033, fa7382a0-3089-4eb6-af6f-f8f16393fa81|127.0.0.1:15017, c11f8a16-55ee-4f22-a5a5-7daf2dffa753|127.0.0.1:15025]|listeners:[], old=null}
2025-10-07 20:52:13,285 [c11f8a16-55ee-4f22-a5a5-7daf2dffa753@group-1DF5C6B9164D-LeaderElection10] INFO  impl.LeaderElection (LogUtils.java:infoOrTrace(142)) - c11f8a16-55ee-4f22-a5a5-7daf2dffa753@group-1DF5C6B9164D-LeaderElection10 got exception when requesting votes: java.util.concurrent.ExecutionException: org.apache.ratis.thirdparty.io.grpc.StatusRuntimeException: UNAVAILABLE: io exception
2025-10-07 20:52:13,287 [grpc-default-executor-4] INFO  server.RaftServer$Division (RaftServerImpl.java:requestVote(1421)) - 7d2db622-5327-4122-ba03-be97b5575303@group-1DF5C6B9164D: receive requestVote(ELECTION, c11f8a16-55ee-4f22-a5a5-7daf2dffa753, group-1DF5C6B9164D, 2, (t:1, i:4))
2025-10-07 20:52:13,287 [grpc-default-executor-4] INFO  impl.VoteContext (VoteContext.java:log(49)) - 7d2db622-5327-4122-ba03-be97b5575303@group-1DF5C6B9164D-FOLLOWER: accept ELECTION from c11f8a16-55ee-4f22-a5a5-7daf2dffa753: our priority 0 <= candidate's priority 0
2025-10-07 20:52:13,287 [grpc-default-executor-4] INFO  server.RaftServer$Division (RaftServerImpl.java:setRole(392)) - 7d2db622-5327-4122-ba03-be97b5575303@group-1DF5C6B9164D: changes role from  FOLLOWER to FOLLOWER at term 1 for candidate:c11f8a16-55ee-4f22-a5a5-7daf2dffa753
2025-10-07 20:52:13,287 [grpc-default-executor-4] INFO  impl.RoleInfo (RoleInfo.java:shutdownFollowerState(121)) - 7d2db622-5327-4122-ba03-be97b5575303: shutdown 7d2db622-5327-4122-ba03-be97b5575303@group-1DF5C6B9164D-FollowerState
2025-10-07 20:52:13,287 [grpc-default-executor-4] INFO  server.RaftServer$Division (ServerState.java:setLeader(272)) - 7d2db622-5327-4122-ba03-be97b5575303@group-1DF5C6B9164D: change Leader from fa7382a0-3089-4eb6-af6f-f8f16393fa81 to null at term 2 for updateCurrentTerm
2025-10-07 20:52:13,288 [grpc-default-executor-4] INFO  impl.RoleInfo (RoleInfo.java:updateAndGet(148)) - 7d2db622-5327-4122-ba03-be97b5575303: start 7d2db622-5327-4122-ba03-be97b5575303@group-1DF5C6B9164D-FollowerState
2025-10-07 20:52:13,288 [7d2db622-5327-4122-ba03-be97b5575303@group-1DF5C6B9164D-FollowerState] INFO  impl.FollowerState (FollowerState.java:runImpl(170)) - 7d2db622-5327-4122-ba03-be97b5575303@group-1DF5C6B9164D-FollowerState was interrupted
2025-10-07 20:52:13,289 [grpc-default-executor-4] INFO  server.RaftServer$Division (RaftServerImpl.java:requestVote(1455)) - 7d2db622-5327-4122-ba03-be97b5575303@group-1DF5C6B9164D replies to ELECTION vote request: c11f8a16-55ee-4f22-a5a5-7daf2dffa753<-7d2db622-5327-4122-ba03-be97b5575303#0:OK-t2-last:(t:1, i:4). Peer's state: 7d2db622-5327-4122-ba03-be97b5575303@group-1DF5C6B9164D:t2, leader=null, voted=c11f8a16-55ee-4f22-a5a5-7daf2dffa753, raftlog=Memoized:7d2db622-5327-4122-ba03-be97b5575303@group-1DF5C6B9164D-SegmentedRaftLog:OPENED:c2:last(t:1, i:4), conf=conf: {index: 0, cur=peers:[7d2db622-5327-4122-ba03-be97b5575303|127.0.0.1:15033, fa7382a0-3089-4eb6-af6f-f8f16393fa81|127.0.0.1:15017, c11f8a16-55ee-4f22-a5a5-7daf2dffa753|127.0.0.1:15025]|listeners:[], old=null}
2025-10-07 20:52:13,291 [c11f8a16-55ee-4f22-a5a5-7daf2dffa753@group-1DF5C6B9164D-LeaderElection10] INFO  impl.LeaderElection (LeaderElection.java:logAndReturn(206)) - c11f8a16-55ee-4f22-a5a5-7daf2dffa753@group-1DF5C6B9164D-LeaderElection10: ELECTION PASSED received 1 response(s) and 1 exception(s):
2025-10-07 20:52:13,291 [c11f8a16-55ee-4f22-a5a5-7daf2dffa753@group-1DF5C6B9164D-LeaderElection10] INFO  impl.LeaderElection (LeaderElection.java:logAndReturn(210)) -   Response 0: c11f8a16-55ee-4f22-a5a5-7daf2dffa753<-7d2db622-5327-4122-ba03-be97b5575303#0:OK-t2-last:(t:1, i:4)
2025-10-07 20:52:13,291 [c11f8a16-55ee-4f22-a5a5-7daf2dffa753@group-1DF5C6B9164D-LeaderElection10] INFO  impl.LeaderElection (LogUtils.java:infoOrTrace(142)) -   Exception 1: java.util.concurrent.ExecutionException: org.apache.ratis.thirdparty.io.grpc.StatusRuntimeException: UNAVAILABLE: io exception
2025-10-07 20:52:13,291 [c11f8a16-55ee-4f22-a5a5-7daf2dffa753@group-1DF5C6B9164D-LeaderElection10] INFO  impl.LeaderElection (LeaderElection.java:askForVotes(450)) - c11f8a16-55ee-4f22-a5a5-7daf2dffa753@group-1DF5C6B9164D-LeaderElection10 ELECTION round 0: result PASSED
2025-10-07 20:52:13,291 [c11f8a16-55ee-4f22-a5a5-7daf2dffa753@group-1DF5C6B9164D-LeaderElection10] INFO  impl.RoleInfo (RoleInfo.java:shutdownLeaderElection(141)) - c11f8a16-55ee-4f22-a5a5-7daf2dffa753: shutdown c11f8a16-55ee-4f22-a5a5-7daf2dffa753@group-1DF5C6B9164D-LeaderElection10
2025-10-07 20:52:13,291 [c11f8a16-55ee-4f22-a5a5-7daf2dffa753@group-1DF5C6B9164D-LeaderElection10] INFO  server.RaftServer$Division (RaftServerImpl.java:setRole(392)) - c11f8a16-55ee-4f22-a5a5-7daf2dffa753@group-1DF5C6B9164D: changes role from CANDIDATE to LEADER at term 2 for changeToLeader
2025-10-07 20:52:13,292 [c11f8a16-55ee-4f22-a5a5-7daf2dffa753@group-1DF5C6B9164D-LeaderElection10] INFO  server.RaftServerConfigKeys (ConfUtils.java:logFallback(69)) - raft.server.staging.timeout = 15600ms (fallback to raft.server.rpc.timeout.max)
2025-10-07 20:52:13,292 [c11f8a16-55ee-4f22-a5a5-7daf2dffa753@group-1DF5C6B9164D-LeaderElection10] INFO  server.RaftServerConfigKeys (ConfUtils.java:logGet(62)) - raft.server.write.byte-limit = 1024 M (=1073741824) (custom)
2025-10-07 20:52:13,293 [c11f8a16-55ee-4f22-a5a5-7daf2dffa753@group-1DF5C6B9164D-LeaderElection10] INFO  server.RaftServerConfigKeys (ConfUtils.java:logGet(62)) - raft.server.log.appender.buffer.byte-limit = 33554432 (custom)
2025-10-07 20:52:13,295 [c11f8a16-55ee-4f22-a5a5-7daf2dffa753@group-1DF5C6B9164D-LeaderElection10] INFO  server.RaftServerConfigKeys (ConfUtils.java:logGet(62)) - raft.server.log.appender.buffer.byte-limit = 33554432 (custom)
2025-10-07 20:52:13,295 [c11f8a16-55ee-4f22-a5a5-7daf2dffa753@group-1DF5C6B9164D-LeaderElection10] INFO  impl.RoleInfo (RoleInfo.java:updateAndGet(148)) - c11f8a16-55ee-4f22-a5a5-7daf2dffa753: start c11f8a16-55ee-4f22-a5a5-7daf2dffa753@group-1DF5C6B9164D-LeaderStateImpl
2025-10-07 20:52:13,295 [c11f8a16-55ee-4f22-a5a5-7daf2dffa753@group-1DF5C6B9164D-LeaderElection10] INFO  ratis.XceiverServerRatis (XceiverServerRatis.java:handleLeaderChangedNotification(940)) - Leader change notification received for group: group-1DF5C6B9164D with new leaderId: c11f8a16-55ee-4f22-a5a5-7daf2dffa753
2025-10-07 20:52:13,295 [c11f8a16-55ee-4f22-a5a5-7daf2dffa753@group-1DF5C6B9164D-LeaderElection10] INFO  server.RaftServer$Division (ServerState.java:setLeader(272)) - c11f8a16-55ee-4f22-a5a5-7daf2dffa753@group-1DF5C6B9164D: change Leader from null to c11f8a16-55ee-4f22-a5a5-7daf2dffa753 at term 2 for becomeLeader, leader elected after 25ms
2025-10-07 20:52:13,296 [c11f8a16-55ee-4f22-a5a5-7daf2dffa753@group-1DF5C6B9164D-LeaderElection10] INFO  segmented.SegmentedRaftLogWorker (SegmentedRaftLogWorker.java:rollLogSegment(445)) - c11f8a16-55ee-4f22-a5a5-7daf2dffa753@group-1DF5C6B9164D-SegmentedRaftLogWorker: Rolling segment log-0_4 to index:4
2025-10-07 20:52:13,296 [c11f8a16-55ee-4f22-a5a5-7daf2dffa753@group-1DF5C6B9164D-LeaderElection10] INFO  server.RaftServer$Division (ServerState.java:setRaftConf(386)) - c11f8a16-55ee-4f22-a5a5-7daf2dffa753@group-1DF5C6B9164D: set configuration conf: {index: 5, cur=peers:[7d2db622-5327-4122-ba03-be97b5575303|127.0.0.1:15033, fa7382a0-3089-4eb6-af6f-f8f16393fa81|127.0.0.1:15017, c11f8a16-55ee-4f22-a5a5-7daf2dffa753|127.0.0.1:15025]|listeners:[], old=null}
2025-10-07 20:52:13,298 [c11f8a16-55ee-4f22-a5a5-7daf2dffa753@group-1DF5C6B9164D-SegmentedRaftLogWorker] INFO  segmented.SegmentedRaftLogWorker (SegmentedRaftLogWorker.java:execute(604)) - c11f8a16-55ee-4f22-a5a5-7daf2dffa753@group-1DF5C6B9164D-SegmentedRaftLogWorker: Rolled log segment from /home/runner/work/ozone/ozone/hadoop-ozone/integration-test-recon/target/test-dir/MiniOzoneClusterImpl-b15909b8-03a8-4b15-aaa3-a668c086c089/ozone-metadata/datanode-2/ratis/3c759d96-e2b8-41d5-92c0-1df5c6b9164d/current/log_inprogress_0 to /home/runner/work/ozone/ozone/hadoop-ozone/integration-test-recon/target/test-dir/MiniOzoneClusterImpl-b15909b8-03a8-4b15-aaa3-a668c086c089/ozone-metadata/datanode-2/ratis/3c759d96-e2b8-41d5-92c0-1df5c6b9164d/current/log_0-4
2025-10-07 20:52:13,299 [c11f8a16-55ee-4f22-a5a5-7daf2dffa753@group-1DF5C6B9164D-SegmentedRaftLogWorker] INFO  segmented.BufferedWriteChannel (BufferedWriteChannel.java:open(61)) - open log_inprogress_5 at position 0
2025-10-07 20:52:13,299 [Recon-EventQueue-PipelineReportForReconPipelineReportHandler] INFO  scm.ReconPipelineReportHandler (ReconPipelineReportHandler.java:processPipelineReport(66)) - Unknown pipeline Pipeline-3c759d96-e2b8-41d5-92c0-1df5c6b9164d. Trying to get from SCM.
2025-10-07 20:52:13,300 [grpc-default-executor-2] WARN  server.GrpcLogAppender (LogUtils.java:warn(127)) - c11f8a16-55ee-4f22-a5a5-7daf2dffa753@group-1DF5C6B9164D->fa7382a0-3089-4eb6-af6f-f8f16393fa81-AppendLogResponseHandler: Failed appendEntries: org.apache.ratis.thirdparty.io.grpc.StatusRuntimeException: UNAVAILABLE: io exception
  Caused by: org.apache.ratis.thirdparty.io.netty.channel.AbstractChannel$AnnotatedConnectException: finishConnect(..) failed: Connection refused: /127.0.0.1:15017
  Caused by: java.net.ConnectException: finishConnect(..) failed: Connection refused
2025-10-07 20:52:13,302 [grpc-default-executor-2] WARN  server.GrpcLogAppender (GrpcLogAppender.java:lambda$resetClient$1(228)) - c11f8a16-55ee-4f22-a5a5-7daf2dffa753@group-1DF5C6B9164D->fa7382a0-3089-4eb6-af6f-f8f16393fa81-GrpcLogAppender: Follower failed (request=null, errorCount=1); keep nextIndex (5) unchanged and retry.
2025-10-07 20:52:13,304 [grpc-default-executor-7] INFO  ratis.XceiverServerRatis (XceiverServerRatis.java:handleLeaderChangedNotification(940)) - Leader change notification received for group: group-1DF5C6B9164D with new leaderId: c11f8a16-55ee-4f22-a5a5-7daf2dffa753
2025-10-07 20:52:13,306 [grpc-default-executor-7] INFO  server.RaftServer$Division (ServerState.java:setLeader(272)) - 7d2db622-5327-4122-ba03-be97b5575303@group-1DF5C6B9164D: change Leader from null to c11f8a16-55ee-4f22-a5a5-7daf2dffa753 at term 2 for appendEntries, leader elected after 16ms
2025-10-07 20:52:13,307 [EventQueue-PipelineReportForPipelineReportHandler] INFO  pipeline.PipelineReportHandler (PipelineReportHandler.java:handlePipelineNotFoundException(96)) - Pipeline Pipeline-3c759d96-e2b8-41d5-92c0-1df5c6b9164d, reported by datanode c11f8a16-55ee-4f22-a5a5-7daf2dffa753(localhost/127.0.0.1) is not found.
2025-10-07 20:52:13,308 [grpc-default-executor-2] INFO  server.RaftServer$Division (ServerState.java:setRaftConf(386)) - 7d2db622-5327-4122-ba03-be97b5575303@group-1DF5C6B9164D: set configuration conf: {index: 5, cur=peers:[7d2db622-5327-4122-ba03-be97b5575303|127.0.0.1:15033, fa7382a0-3089-4eb6-af6f-f8f16393fa81|127.0.0.1:15017, c11f8a16-55ee-4f22-a5a5-7daf2dffa753|127.0.0.1:15025]|listeners:[], old=null}
2025-10-07 20:52:13,308 [grpc-default-executor-2] INFO  segmented.SegmentedRaftLogWorker (SegmentedRaftLogWorker.java:rollLogSegment(445)) - 7d2db622-5327-4122-ba03-be97b5575303@group-1DF5C6B9164D-SegmentedRaftLogWorker: Rolling segment log-0_4 to index:4
2025-10-07T20:52:13.307709448Z IPC Server handler 8 on default port 15002 ERROR user=runner | ip=127.0.0.1 | op=GET_PIPELINE {"pipelineID":"3c759d96-e2b8-41d5-92c0-1df5c6b9164d"} | ret=FAILURE
org.apache.hadoop.hdds.scm.pipeline.PipelineNotFoundException: Pipeline-3c759d96-e2b8-41d5-92c0-1df5c6b9164d not found
	at org.apache.hadoop.hdds.scm.pipeline.PipelineStateMap.getPipeline(PipelineStateMap.java:150)
	at org.apache.hadoop.hdds.scm.pipeline.PipelineStateManagerImpl.getPipeline(PipelineStateManagerImpl.java:133)
	at java.base/jdk.internal.reflect.DirectMethodHandleAccessor.invoke(DirectMethodHandleAccessor.java:103)
	at java.base/java.lang.reflect.Method.invoke(Method.java:580)
	at org.apache.hadoop.hdds.scm.ha.SCMHAInvocationHandler.invokeLocal(SCMHAInvocationHandler.java:90)
	at org.apache.hadoop.hdds.scm.ha.SCMHAInvocationHandler.invoke(SCMHAInvocationHandler.java:73)
	at jdk.proxy2/jdk.proxy2.$Proxy44.getPipeline(Unknown Source)
	at org.apache.hadoop.hdds.scm.pipeline.PipelineManagerImpl.getPipeline(PipelineManagerImpl.java:336)
	at org.apache.hadoop.hdds.scm.server.SCMClientProtocolServer.getPipeline(SCMClientProtocolServer.java:835)
	at org.apache.hadoop.hdds.scm.protocol.StorageContainerLocationProtocolServerSideTranslatorPB.getPipeline(StorageContainerLocationProtocolServerSideTranslatorPB.java:979)
	at org.apache.hadoop.hdds.scm.protocol.StorageContainerLocationProtocolServerSideTranslatorPB.processRequest(StorageContainerLocationProtocolServerSideTranslatorPB.java:618)
	at org.apache.hadoop.hdds.server.OzoneProtocolMessageDispatcher.processRequest(OzoneProtocolMessageDispatcher.java:89)
	at org.apache.hadoop.hdds.scm.protocol.StorageContainerLocationProtocolServerSideTranslatorPB.submitRequest(StorageContainerLocationProtocolServerSideTranslatorPB.java:236)
	at org.apache.hadoop.hdds.protocol.proto.StorageContainerLocationProtocolProtos$StorageContainerLocationProtocolService$2.callBlockingMethod(StorageContainerLocationProtocolProtos.java)
	at org.apache.hadoop.ipc.ProtobufRpcEngine$Server.processCall(ProtobufRpcEngine.java:484)
	at org.apache.hadoop.ipc.ProtobufRpcEngine2$Server$ProtoBufRpcInvoker.call(ProtobufRpcEngine2.java:595)
	at org.apache.hadoop.ipc.ProtobufRpcEngine2$Server$ProtoBufRpcInvoker.call(ProtobufRpcEngine2.java:573)
	at org.apache.hadoop.ipc.RPC$Server.call(RPC.java:1228)
	at org.apache.hadoop.ipc.Server$RpcCall.run(Server.java:1246)
	at org.apache.hadoop.ipc.Server$RpcCall.run(Server.java:1169)
	at java.base/java.security.AccessController.doPrivileged(AccessController.java:714)
	at java.base/javax.security.auth.Subject.doAs(Subject.java:525)
	at org.apache.hadoop.security.UserGroupInformation.doAs(UserGroupInformation.java:1953)
	at org.apache.hadoop.ipc.Server$Handler.run(Server.java:3198)
2025-10-07 20:52:13,309 [IPC Server handler 8 on default port 15002] INFO  ipc.Server (Server.java:logException(3260)) - IPC Server handler 8 on default port 15002, call Call#222 Retry#0 org.apache.hadoop.hdds.scm.protocol.StorageContainerLocationProtocol.submitRequest from 127.0.0.1:32912
org.apache.hadoop.hdds.scm.pipeline.PipelineNotFoundException: Pipeline-3c759d96-e2b8-41d5-92c0-1df5c6b9164d not found
	at org.apache.hadoop.hdds.scm.pipeline.PipelineStateMap.getPipeline(PipelineStateMap.java:150)
	at org.apache.hadoop.hdds.scm.pipeline.PipelineStateManagerImpl.getPipeline(PipelineStateManagerImpl.java:133)
	at java.base/jdk.internal.reflect.DirectMethodHandleAccessor.invoke(DirectMethodHandleAccessor.java:103)
	at java.base/java.lang.reflect.Method.invoke(Method.java:580)
	at org.apache.hadoop.hdds.scm.ha.SCMHAInvocationHandler.invokeLocal(SCMHAInvocationHandler.java:90)
	at org.apache.hadoop.hdds.scm.ha.SCMHAInvocationHandler.invoke(SCMHAInvocationHandler.java:73)
	at jdk.proxy2/jdk.proxy2.$Proxy44.getPipeline(Unknown Source)
	at org.apache.hadoop.hdds.scm.pipeline.PipelineManagerImpl.getPipeline(PipelineManagerImpl.java:336)
	at org.apache.hadoop.hdds.scm.server.SCMClientProtocolServer.getPipeline(SCMClientProtocolServer.java:835)
	at org.apache.hadoop.hdds.scm.protocol.StorageContainerLocationProtocolServerSideTranslatorPB.getPipeline(StorageContainerLocationProtocolServerSideTranslatorPB.java:979)
	at org.apache.hadoop.hdds.scm.protocol.StorageContainerLocationProtocolServerSideTranslatorPB.processRequest(StorageContainerLocationProtocolServerSideTranslatorPB.java:618)
	at org.apache.hadoop.hdds.server.OzoneProtocolMessageDispatcher.processRequest(OzoneProtocolMessageDispatcher.java:89)
	at org.apache.hadoop.hdds.scm.protocol.StorageContainerLocationProtocolServerSideTranslatorPB.submitRequest(StorageContainerLocationProtocolServerSideTranslatorPB.java:236)
	at org.apache.hadoop.hdds.protocol.proto.StorageContainerLocationProtocolProtos$StorageContainerLocationProtocolService$2.callBlockingMethod(StorageContainerLocationProtocolProtos.java)
	at org.apache.hadoop.ipc.ProtobufRpcEngine$Server.processCall(ProtobufRpcEngine.java:484)
	at org.apache.hadoop.ipc.ProtobufRpcEngine2$Server$ProtoBufRpcInvoker.call(ProtobufRpcEngine2.java:595)
	at org.apache.hadoop.ipc.ProtobufRpcEngine2$Server$ProtoBufRpcInvoker.call(ProtobufRpcEngine2.java:573)
	at org.apache.hadoop.ipc.RPC$Server.call(RPC.java:1228)
	at org.apache.hadoop.ipc.Server$RpcCall.run(Server.java:1246)
	at org.apache.hadoop.ipc.Server$RpcCall.run(Server.java:1169)
	at java.base/java.security.AccessController.doPrivileged(AccessController.java:714)
	at java.base/javax.security.auth.Subject.doAs(Subject.java:525)
	at org.apache.hadoop.security.UserGroupInformation.doAs(UserGroupInformation.java:1953)
	at org.apache.hadoop.ipc.Server$Handler.run(Server.java:3198)
2025-10-07 20:52:13,306 [grpc-default-executor-4] WARN  server.GrpcLogAppender (GrpcLogAppender.java:lambda$resetClient$1(228)) - c11f8a16-55ee-4f22-a5a5-7daf2dffa753@group-1DF5C6B9164D->fa7382a0-3089-4eb6-af6f-f8f16393fa81-GrpcLogAppender: Follower failed (request=null, errorCount=2); keep nextIndex (6) unchanged and retry.
2025-10-07 20:52:13,311 [7d2db622-5327-4122-ba03-be97b5575303@group-1DF5C6B9164D-SegmentedRaftLogWorker] INFO  segmented.SegmentedRaftLogWorker (SegmentedRaftLogWorker.java:execute(604)) - 7d2db622-5327-4122-ba03-be97b5575303@group-1DF5C6B9164D-SegmentedRaftLogWorker: Rolled log segment from /home/runner/work/ozone/ozone/hadoop-ozone/integration-test-recon/target/test-dir/MiniOzoneClusterImpl-b15909b8-03a8-4b15-aaa3-a668c086c089/ozone-metadata/datanode-3/ratis/3c759d96-e2b8-41d5-92c0-1df5c6b9164d/current/log_inprogress_0 to /home/runner/work/ozone/ozone/hadoop-ozone/integration-test-recon/target/test-dir/MiniOzoneClusterImpl-b15909b8-03a8-4b15-aaa3-a668c086c089/ozone-metadata/datanode-3/ratis/3c759d96-e2b8-41d5-92c0-1df5c6b9164d/current/log_0-4
2025-10-07 20:52:13,311 [7d2db622-5327-4122-ba03-be97b5575303@group-1DF5C6B9164D-SegmentedRaftLogWorker] INFO  segmented.BufferedWriteChannel (BufferedWriteChannel.java:open(61)) - open log_inprogress_5 at position 0
2025-10-07 20:52:13,314 [c11f8a16-55ee-4f22-a5a5-7daf2dffa753@group-1DF5C6B9164D-SegmentedRaftLogWorker] INFO  segmented.SegmentedRaftLogWorker (SegmentedRaftLogWorker.java:execute(647)) - c11f8a16-55ee-4f22-a5a5-7daf2dffa753@group-1DF5C6B9164D-SegmentedRaftLogWorker: created new log segment /home/runner/work/ozone/ozone/hadoop-ozone/integration-test-recon/target/test-dir/MiniOzoneClusterImpl-b15909b8-03a8-4b15-aaa3-a668c086c089/ozone-metadata/datanode-2/ratis/3c759d96-e2b8-41d5-92c0-1df5c6b9164d/current/log_inprogress_5
2025-10-07 20:52:13,315 [Recon-EventQueue-PipelineReportForReconPipelineReportHandler] ERROR scm.ReconPipelineReportHandler (ReconPipelineReportHandler.java:processPipelineReport(77)) - Could not find pipeline Pipeline-3c759d96-e2b8-41d5-92c0-1df5c6b9164d at SCM.
2025-10-07 20:52:13,315 [Recon-EventQueue-PipelineReportForReconPipelineReportHandler] INFO  pipeline.PipelineReportHandler (PipelineReportHandler.java:handlePipelineNotFoundException(96)) - Pipeline Pipeline-3c759d96-e2b8-41d5-92c0-1df5c6b9164d, reported by datanode c11f8a16-55ee-4f22-a5a5-7daf2dffa753(localhost/127.0.0.1) is not found.
2025-10-07 20:52:13,315 [Recon-EventQueue-DatanodeCommandForReconNodeManager] DEBUG scm.ReconNodeManager (ReconNodeManager.java:onMessage(164)) - Ignoring unsupported command closePipelineCommand for Datanode CommandForDatanode{c11f8a16-55ee-4f22-a5a5-7daf2dffa753, closePipelineCommand: cmdID: 1759870319319, encodedToken: "", term: -1, deadlineMsSinceEpoch: 0, pipelineID: Pipeline-3c759d96-e2b8-41d5-92c0-1df5c6b9164d}.
2025-10-07 20:52:13,320 [7d2db622-5327-4122-ba03-be97b5575303@group-1DF5C6B9164D-SegmentedRaftLogWorker] INFO  segmented.SegmentedRaftLogWorker (SegmentedRaftLogWorker.java:execute(647)) - 7d2db622-5327-4122-ba03-be97b5575303@group-1DF5C6B9164D-SegmentedRaftLogWorker: created new log segment /home/runner/work/ozone/ozone/hadoop-ozone/integration-test-recon/target/test-dir/MiniOzoneClusterImpl-b15909b8-03a8-4b15-aaa3-a668c086c089/ozone-metadata/datanode-3/ratis/3c759d96-e2b8-41d5-92c0-1df5c6b9164d/current/log_inprogress_5
2025-10-07 20:52:13,324 [c11f8a16-55ee-4f22-a5a5-7daf2dffa753@group-1DF5C6B9164D-StateMachineUpdater] INFO  server.RaftServer$Division (LeaderStateImpl.java:checkStartIndex(309)) - Leader c11f8a16-55ee-4f22-a5a5-7daf2dffa753@group-1DF5C6B9164D-LeaderStateImpl is ready since appliedIndex == startIndex == 5
2025-10-07 20:52:13,325 [grpc-default-executor-6] WARN  server.GrpcLogAppender (GrpcLogAppender.java:lambda$resetClient$1(228)) - c11f8a16-55ee-4f22-a5a5-7daf2dffa753@group-1DF5C6B9164D->fa7382a0-3089-4eb6-af6f-f8f16393fa81-GrpcLogAppender: Follower failed (request=null, errorCount=5); keep nextIndex (7) unchanged and retry.
2025-10-07 20:52:13,326 [ReplicationMonitor] INFO  replication.ReplicationManager (ReplicationManager.java:sendDatanodeCommand(665)) - Sending command [closeContainerCommand: cmdID: 1, encodedToken: "", term: 0, deadlineMsSinceEpoch: 0, containerID: 1, pipelineID: Pipeline-3c759d96-e2b8-41d5-92c0-1df5c6b9164d, force: false] for container ContainerInfo{id=#1, state=CLOSING, stateEnterTime=2025-10-07T20:52:09.324688464Z, pipelineID=Pipeline-3c759d96-e2b8-41d5-92c0-1df5c6b9164d, owner=omServiceIdDefault} to 7d2db622-5327-4122-ba03-be97b5575303(localhost/127.0.0.1) with datanode deadline 1759870693326 and scm deadline 1759871053326
2025-10-07 20:52:13,326 [ReplicationMonitor] INFO  replication.ReplicationManager (ReplicationManager.java:sendDatanodeCommand(665)) - Sending command [closeContainerCommand: cmdID: 1, encodedToken: "", term: 0, deadlineMsSinceEpoch: 0, containerID: 1, pipelineID: Pipeline-3c759d96-e2b8-41d5-92c0-1df5c6b9164d, force: false] for container ContainerInfo{id=#1, state=CLOSING, stateEnterTime=2025-10-07T20:52:09.324688464Z, pipelineID=Pipeline-3c759d96-e2b8-41d5-92c0-1df5c6b9164d, owner=omServiceIdDefault} to c11f8a16-55ee-4f22-a5a5-7daf2dffa753(localhost/127.0.0.1) with datanode deadline 1759870693326 and scm deadline 1759871053326
2025-10-07 20:52:13,327 [ReplicationMonitor] INFO  replication.ReplicationManager (ReplicationManager.java:processAll(384)) - Replication Monitor Thread took 1 milliseconds for processing 2 containers.
2025-10-07 20:52:13,388 [Recon-SyncOM-2] INFO  impl.OzoneManagerServiceProviderImpl (OzoneManagerServiceProviderImpl.java:lambda$startSyncDataFromOM$2(331)) - Last known sequence number before sync: 22
2025-10-07 20:52:13,388 [Recon-SyncOM-2] INFO  impl.OzoneManagerServiceProviderImpl (OzoneManagerServiceProviderImpl.java:syncDataFromOM(630)) - Seq number of Recon's OM DB : 22
2025-10-07 20:52:13,392 [Recon-SyncOM-2] INFO  impl.OzoneManagerServiceProviderImpl (OzoneManagerServiceProviderImpl.java:innerGetAndApplyDeltaUpdatesFromOM(600)) - From Sequence Number:22, Recon DB Sequence Number: 22, Number of updates received from OM : 0, SequenceNumber diff: 0, SequenceNumber Lag from OM 0, isDBUpdateSuccess: true
2025-10-07 20:52:13,396 [Recon-SyncOM-2] INFO  impl.OzoneManagerServiceProviderImpl (OzoneManagerServiceProviderImpl.java:syncDataFromOM(746)) - Delta updates received from OM : 1 loops, 0 records
2025-10-07 20:52:13,396 [Recon-SyncOM-2] INFO  impl.OzoneManagerServiceProviderImpl (OzoneManagerServiceProviderImpl.java:lambda$startSyncDataFromOM$2(336)) - Sequence number after sync: 22
Connecting to Recon: http://localhost:15000/api/v1/containers/unhealthy/MISSING ...
2025-10-07 20:52:13,414 [qtp1181622455-550] INFO  requests.recon (Slf4jRequestLogWriter.java:write(62)) - 127.0.0.1 - - [07/Oct/2025:20:52:13 +0000] "GET /api/v1/containers/unhealthy/MISSING HTTP/1.1" 200 593 "-" "Java/21.0.8"
2025-10-07 20:52:13,419 [ForkJoinPool-1-worker-1] INFO  recon.TestReconAndAdminContainerCLI (TestReconAndAdminContainerCLI.java:assertReportsMatch(344)) - Reports do not match (yet): expected: <0> but was: <1>
2025-10-07 20:52:13,866 [ContainerHealthTask] INFO  fsck.ContainerHealthTask (ContainerHealthTask.java:generateUnhealthyRecords(573)) - Non-empty container 2 is missing. It has 1 keys and 7 bytes used according to SCM metadata. Please visit Recon's missing container page for a list of keys (and their metadata) mapped to this container.
2025-10-07 20:52:13,867 [ContainerHealthTask] INFO  fsck.ContainerHealthTask (ContainerHealthTask.java:checkAndProcessContainers(194)) - Container Health task thread took 1 iterations to fetch all containers using batched approach with batch size of 1000
2025-10-07 20:52:13,867 [ContainerHealthTask] INFO  fsck.ContainerHealthTask (ContainerHealthTask.java:lambda$logUnhealthyContainerStats$5(222)) - MISSING **Container State Stats:** 
	TOTAL_KEYS -> 1 , CONTAINER_COUNT -> 1 , TOTAL_USED_BYTES -> 7
2025-10-07 20:52:13,867 [ContainerHealthTask] INFO  fsck.ContainerHealthTask (ContainerHealthTask.java:lambda$logUnhealthyContainerStats$5(222)) - UNDER_REPLICATED **Container State Stats:** 
	TOTAL_KEYS -> 1 , CONTAINER_COUNT -> 1 , TOTAL_USED_BYTES -> 7
2025-10-07 20:52:14,041 [7d2db622-5327-4122-ba03-be97b5575303-CloseContainerThread-2] INFO  commandhandler.CloseContainerCommandHandler (CloseContainerCommandHandler.java:lambda$handle$0(154)) - Follower cannot close container #1.
2025-10-07 20:52:14,041 [7d2db622-5327-4122-ba03-be97b5575303-CloseContainerThread-1] INFO  commandhandler.CloseContainerCommandHandler (CloseContainerCommandHandler.java:lambda$handle$0(154)) - Follower cannot close container #1.
2025-10-07 20:52:14,042 [7d2db622-5327-4122-ba03-be97b5575303-CloseContainerThread-2] INFO  commandhandler.CloseContainerCommandHandler (CloseContainerCommandHandler.java:lambda$handle$0(154)) - Follower cannot close container #1.
2025-10-07 20:52:14,050 [Recon-EventQueue-PipelineReportForReconPipelineReportHandler] INFO  scm.ReconPipelineReportHandler (ReconPipelineReportHandler.java:processPipelineReport(66)) - Unknown pipeline Pipeline-3c759d96-e2b8-41d5-92c0-1df5c6b9164d. Trying to get from SCM.
2025-10-07 20:52:14,051 [EventQueue-PipelineReportForPipelineReportHandler] INFO  pipeline.PipelineReportHandler (PipelineReportHandler.java:handlePipelineNotFoundException(96)) - Pipeline Pipeline-3c759d96-e2b8-41d5-92c0-1df5c6b9164d, reported by datanode 7d2db622-5327-4122-ba03-be97b5575303(localhost/127.0.0.1) is not found.
2025-10-07T20:52:14.051756830Z IPC Server handler 6 on default port 15002 ERROR user=runner | ip=127.0.0.1 | op=GET_PIPELINE {"pipelineID":"3c759d96-e2b8-41d5-92c0-1df5c6b9164d"} | ret=FAILURE
org.apache.hadoop.hdds.scm.pipeline.PipelineNotFoundException: Pipeline-3c759d96-e2b8-41d5-92c0-1df5c6b9164d not found
	at org.apache.hadoop.hdds.scm.pipeline.PipelineStateMap.getPipeline(PipelineStateMap.java:150)
	at org.apache.hadoop.hdds.scm.pipeline.PipelineStateManagerImpl.getPipeline(PipelineStateManagerImpl.java:133)
	at java.base/jdk.internal.reflect.DirectMethodHandleAccessor.invoke(DirectMethodHandleAccessor.java:103)
	at java.base/java.lang.reflect.Method.invoke(Method.java:580)
	at org.apache.hadoop.hdds.scm.ha.SCMHAInvocationHandler.invokeLocal(SCMHAInvocationHandler.java:90)
	at org.apache.hadoop.hdds.scm.ha.SCMHAInvocationHandler.invoke(SCMHAInvocationHandler.java:73)
	at jdk.proxy2/jdk.proxy2.$Proxy44.getPipeline(Unknown Source)
	at org.apache.hadoop.hdds.scm.pipeline.PipelineManagerImpl.getPipeline(PipelineManagerImpl.java:336)
	at org.apache.hadoop.hdds.scm.server.SCMClientProtocolServer.getPipeline(SCMClientProtocolServer.java:835)
	at org.apache.hadoop.hdds.scm.protocol.StorageContainerLocationProtocolServerSideTranslatorPB.getPipeline(StorageContainerLocationProtocolServerSideTranslatorPB.java:979)
	at org.apache.hadoop.hdds.scm.protocol.StorageContainerLocationProtocolServerSideTranslatorPB.processRequest(StorageContainerLocationProtocolServerSideTranslatorPB.java:618)
	at org.apache.hadoop.hdds.server.OzoneProtocolMessageDispatcher.processRequest(OzoneProtocolMessageDispatcher.java:89)
	at org.apache.hadoop.hdds.scm.protocol.StorageContainerLocationProtocolServerSideTranslatorPB.submitRequest(StorageContainerLocationProtocolServerSideTranslatorPB.java:236)
	at org.apache.hadoop.hdds.protocol.proto.StorageContainerLocationProtocolProtos$StorageContainerLocationProtocolService$2.callBlockingMethod(StorageContainerLocationProtocolProtos.java)
	at org.apache.hadoop.ipc.ProtobufRpcEngine$Server.processCall(ProtobufRpcEngine.java:484)
	at org.apache.hadoop.ipc.ProtobufRpcEngine2$Server$ProtoBufRpcInvoker.call(ProtobufRpcEngine2.java:595)
	at org.apache.hadoop.ipc.ProtobufRpcEngine2$Server$ProtoBufRpcInvoker.call(ProtobufRpcEngine2.java:573)
	at org.apache.hadoop.ipc.RPC$Server.call(RPC.java:1228)
	at org.apache.hadoop.ipc.Server$RpcCall.run(Server.java:1246)
	at org.apache.hadoop.ipc.Server$RpcCall.run(Server.java:1169)
	at java.base/java.security.AccessController.doPrivileged(AccessController.java:714)
	at java.base/javax.security.auth.Subject.doAs(Subject.java:525)
	at org.apache.hadoop.security.UserGroupInformation.doAs(UserGroupInformation.java:1953)
	at org.apache.hadoop.ipc.Server$Handler.run(Server.java:3198)
2025-10-07 20:52:14,052 [IPC Server handler 6 on default port 15002] INFO  ipc.Server (Server.java:logException(3260)) - IPC Server handler 6 on default port 15002, call Call#232 Retry#0 org.apache.hadoop.hdds.scm.protocol.StorageContainerLocationProtocol.submitRequest from 127.0.0.1:32912
org.apache.hadoop.hdds.scm.pipeline.PipelineNotFoundException: Pipeline-3c759d96-e2b8-41d5-92c0-1df5c6b9164d not found
	at org.apache.hadoop.hdds.scm.pipeline.PipelineStateMap.getPipeline(PipelineStateMap.java:150)
	at org.apache.hadoop.hdds.scm.pipeline.PipelineStateManagerImpl.getPipeline(PipelineStateManagerImpl.java:133)
	at java.base/jdk.internal.reflect.DirectMethodHandleAccessor.invoke(DirectMethodHandleAccessor.java:103)
	at java.base/java.lang.reflect.Method.invoke(Method.java:580)
	at org.apache.hadoop.hdds.scm.ha.SCMHAInvocationHandler.invokeLocal(SCMHAInvocationHandler.java:90)
	at org.apache.hadoop.hdds.scm.ha.SCMHAInvocationHandler.invoke(SCMHAInvocationHandler.java:73)
	at jdk.proxy2/jdk.proxy2.$Proxy44.getPipeline(Unknown Source)
	at org.apache.hadoop.hdds.scm.pipeline.PipelineManagerImpl.getPipeline(PipelineManagerImpl.java:336)
	at org.apache.hadoop.hdds.scm.server.SCMClientProtocolServer.getPipeline(SCMClientProtocolServer.java:835)
	at org.apache.hadoop.hdds.scm.protocol.StorageContainerLocationProtocolServerSideTranslatorPB.getPipeline(StorageContainerLocationProtocolServerSideTranslatorPB.java:979)
	at org.apache.hadoop.hdds.scm.protocol.StorageContainerLocationProtocolServerSideTranslatorPB.processRequest(StorageContainerLocationProtocolServerSideTranslatorPB.java:618)
	at org.apache.hadoop.hdds.server.OzoneProtocolMessageDispatcher.processRequest(OzoneProtocolMessageDispatcher.java:89)
	at org.apache.hadoop.hdds.scm.protocol.StorageContainerLocationProtocolServerSideTranslatorPB.submitRequest(StorageContainerLocationProtocolServerSideTranslatorPB.java:236)
	at org.apache.hadoop.hdds.protocol.proto.StorageContainerLocationProtocolProtos$StorageContainerLocationProtocolService$2.callBlockingMethod(StorageContainerLocationProtocolProtos.java)
	at org.apache.hadoop.ipc.ProtobufRpcEngine$Server.processCall(ProtobufRpcEngine.java:484)
	at org.apache.hadoop.ipc.ProtobufRpcEngine2$Server$ProtoBufRpcInvoker.call(ProtobufRpcEngine2.java:595)
	at org.apache.hadoop.ipc.ProtobufRpcEngine2$Server$ProtoBufRpcInvoker.call(ProtobufRpcEngine2.java:573)
	at org.apache.hadoop.ipc.RPC$Server.call(RPC.java:1228)
	at org.apache.hadoop.ipc.Server$RpcCall.run(Server.java:1246)
	at org.apache.hadoop.ipc.Server$RpcCall.run(Server.java:1169)
	at java.base/java.security.AccessController.doPrivileged(AccessController.java:714)
	at java.base/javax.security.auth.Subject.doAs(Subject.java:525)
	at org.apache.hadoop.security.UserGroupInformation.doAs(UserGroupInformation.java:1953)
	at org.apache.hadoop.ipc.Server$Handler.run(Server.java:3198)
2025-10-07 20:52:14,055 [Recon-EventQueue-PipelineReportForReconPipelineReportHandler] ERROR scm.ReconPipelineReportHandler (ReconPipelineReportHandler.java:processPipelineReport(77)) - Could not find pipeline Pipeline-3c759d96-e2b8-41d5-92c0-1df5c6b9164d at SCM.
2025-10-07 20:52:14,056 [Recon-EventQueue-PipelineReportForReconPipelineReportHandler] INFO  pipeline.PipelineReportHandler (PipelineReportHandler.java:handlePipelineNotFoundException(96)) - Pipeline Pipeline-3c759d96-e2b8-41d5-92c0-1df5c6b9164d, reported by datanode 7d2db622-5327-4122-ba03-be97b5575303(localhost/127.0.0.1) is not found.
2025-10-07 20:52:14,056 [7d2db622-5327-4122-ba03-be97b5575303-ClosePipelineCommandHandlerThread-0] WARN  commandhandler.ClosePipelineCommandHandler (ClosePipelineCommandHandler.java:lambda$handle$1(158)) - Failed to remove group group-1DF5C6B9164D of pipeline Pipeline-3c759d96-e2b8-41d5-92c0-1df5c6b9164d on peer fa7382a0-3089-4eb6-af6f-f8f16393fa81
java.io.IOException: org.apache.ratis.thirdparty.io.grpc.StatusRuntimeException: UNAVAILABLE: io exception
	at org.apache.ratis.grpc.GrpcUtil.unwrapException(GrpcUtil.java:99)
	at org.apache.ratis.grpc.client.GrpcClientProtocolClient.blockingCall(GrpcClientProtocolClient.java:226)
	at org.apache.ratis.grpc.client.GrpcClientProtocolClient.groupAdd(GrpcClientProtocolClient.java:173)
	at org.apache.ratis.grpc.client.GrpcClientRpc.sendRequest(GrpcClientRpc.java:98)
	at org.apache.ratis.client.impl.BlockingImpl.sendRequest(BlockingImpl.java:147)
	at org.apache.ratis.client.impl.BlockingImpl.sendRequestWithRetry(BlockingImpl.java:109)
	at org.apache.ratis.client.impl.GroupManagementImpl.remove(GroupManagementImpl.java:61)
	at org.apache.hadoop.ozone.container.common.statemachine.commandhandler.ClosePipelineCommandHandler.lambda$handle$1(ClosePipelineCommandHandler.java:150)
	at java.base/java.util.stream.ForEachOps$ForEachOp$OfRef.accept(ForEachOps.java:184)
	at java.base/java.util.stream.ReferencePipeline$2$1.accept(ReferencePipeline.java:179)
	at java.base/java.util.HashMap$ValueSpliterator.forEachRemaining(HashMap.java:1787)
	at java.base/java.util.stream.AbstractPipeline.copyInto(AbstractPipeline.java:509)
	at java.base/java.util.stream.AbstractPipeline.wrapAndCopyInto(AbstractPipeline.java:499)
	at java.base/java.util.stream.ForEachOps$ForEachOp.evaluateSequential(ForEachOps.java:151)
	at java.base/java.util.stream.ForEachOps$ForEachOp$OfRef.evaluateSequential(ForEachOps.java:174)
	at java.base/java.util.stream.AbstractPipeline.evaluate(AbstractPipeline.java:234)
	at java.base/java.util.stream.ReferencePipeline.forEach(ReferencePipeline.java:596)
	at org.apache.hadoop.ozone.container.common.statemachine.commandhandler.ClosePipelineCommandHandler.lambda$handle$2(ClosePipelineCommandHandler.java:147)
	at java.base/java.util.concurrent.CompletableFuture$AsyncRun.run(CompletableFuture.java:1804)
	at java.base/java.util.concurrent.ThreadPoolExecutor.runWorker(ThreadPoolExecutor.java:1144)
	at java.base/java.util.concurrent.ThreadPoolExecutor$Worker.run(ThreadPoolExecutor.java:642)
	at java.base/java.lang.Thread.run(Thread.java:1583)
Caused by: org.apache.ratis.thirdparty.io.grpc.StatusRuntimeException: UNAVAILABLE: io exception
	at org.apache.ratis.thirdparty.io.grpc.stub.ClientCalls.toStatusRuntimeException(ClientCalls.java:351)
	at org.apache.ratis.thirdparty.io.grpc.stub.ClientCalls.getUnchecked(ClientCalls.java:332)
	at org.apache.ratis.thirdparty.io.grpc.stub.ClientCalls.blockingUnaryCall(ClientCalls.java:174)
	at org.apache.ratis.proto.grpc.AdminProtocolServiceGrpc$AdminProtocolServiceBlockingStub.groupManagement(AdminProtocolServiceGrpc.java:555)
	at org.apache.ratis.grpc.client.GrpcClientProtocolClient.lambda$groupAdd$6(GrpcClientProtocolClient.java:175)
	at org.apache.ratis.grpc.client.GrpcClientProtocolClient.blockingCall(GrpcClientProtocolClient.java:224)
	... 20 more
Caused by: org.apache.ratis.thirdparty.io.netty.channel.AbstractChannel$AnnotatedConnectException: finishConnect(..) failed: Connection refused: /127.0.0.1:15016
Caused by: java.net.ConnectException: finishConnect(..) failed: Connection refused
	at org.apache.ratis.thirdparty.io.netty.channel.unix.Errors.newConnectException0(Errors.java:166)
	at org.apache.ratis.thirdparty.io.netty.channel.unix.Errors.handleConnectErrno(Errors.java:131)
	at org.apache.ratis.thirdparty.io.netty.channel.unix.Socket.finishConnect(Socket.java:359)
	at org.apache.ratis.thirdparty.io.netty.channel.epoll.AbstractEpollChannel$AbstractEpollUnsafe.doFinishConnect(AbstractEpollChannel.java:715)
	at org.apache.ratis.thirdparty.io.netty.channel.epoll.AbstractEpollChannel$AbstractEpollUnsafe.finishConnect(AbstractEpollChannel.java:692)
	at org.apache.ratis.thirdparty.io.netty.channel.epoll.AbstractEpollChannel$AbstractEpollUnsafe.epollOutReady(AbstractEpollChannel.java:567)
	at org.apache.ratis.thirdparty.io.netty.channel.epoll.EpollEventLoop.processReady(EpollEventLoop.java:491)
	at org.apache.ratis.thirdparty.io.netty.channel.epoll.EpollEventLoop.run(EpollEventLoop.java:399)
	at org.apache.ratis.thirdparty.io.netty.util.concurrent.SingleThreadEventExecutor$4.run(SingleThreadEventExecutor.java:998)
	at org.apache.ratis.thirdparty.io.netty.util.internal.ThreadExecutorMap$2.run(ThreadExecutorMap.java:74)
	at org.apache.ratis.thirdparty.io.netty.util.concurrent.FastThreadLocalRunnable.run(FastThreadLocalRunnable.java:30)
	at java.base/java.lang.Thread.run(Thread.java:1583)
2025-10-07 20:52:14,056 [Recon-EventQueue-DatanodeCommandForReconNodeManager] DEBUG scm.ReconNodeManager (ReconNodeManager.java:onMessage(164)) - Ignoring unsupported command closePipelineCommand for Datanode CommandForDatanode{7d2db622-5327-4122-ba03-be97b5575303, closePipelineCommand: cmdID: 1759870319321, encodedToken: "", term: -1, deadlineMsSinceEpoch: 0, pipelineID: Pipeline-3c759d96-e2b8-41d5-92c0-1df5c6b9164d}.
2025-10-07 20:52:14,059 [grpc-default-executor-6] INFO  server.RaftServer (RaftServerProxy.java:remove(116)) - 7d2db622-5327-4122-ba03-be97b5575303: remove  FOLLOWER (RUNNING): 7d2db622-5327-4122-ba03-be97b5575303@group-1DF5C6B9164D:t2, leader=c11f8a16-55ee-4f22-a5a5-7daf2dffa753, voted=c11f8a16-55ee-4f22-a5a5-7daf2dffa753, raftlog=Memoized:7d2db622-5327-4122-ba03-be97b5575303@group-1DF5C6B9164D-SegmentedRaftLog:OPENED:c5:last(t:2, i:6), conf=conf: {index: 5, cur=peers:[7d2db622-5327-4122-ba03-be97b5575303|127.0.0.1:15033, fa7382a0-3089-4eb6-af6f-f8f16393fa81|127.0.0.1:15017, c11f8a16-55ee-4f22-a5a5-7daf2dffa753|127.0.0.1:15025]|listeners:[], old=null}
2025-10-07 20:52:14,060 [grpc-default-executor-5] WARN  server.GrpcLogAppender (GrpcLogAppender.java:lambda$resetClient$1(228)) - c11f8a16-55ee-4f22-a5a5-7daf2dffa753@group-1DF5C6B9164D->fa7382a0-3089-4eb6-af6f-f8f16393fa81-GrpcLogAppender: Follower failed (request=null, errorCount=7); keep nextIndex (8) unchanged and retry.
2025-10-07 20:52:14,060 [grpc-default-executor-6] INFO  server.RaftServer$Division (RaftServerImpl.java:lambda$close$1(527)) - 7d2db622-5327-4122-ba03-be97b5575303@group-1DF5C6B9164D: shutdown
2025-10-07 20:52:14,061 [grpc-default-executor-6] INFO  util.JmxRegister (JmxRegister.java:unregister(74)) - Successfully un-registered JMX Bean with object name Ratis:service=RaftServer,group=group-1DF5C6B9164D,id=7d2db622-5327-4122-ba03-be97b5575303
2025-10-07 20:52:14,061 [grpc-default-executor-6] INFO  impl.RoleInfo (RoleInfo.java:shutdownFollowerState(121)) - 7d2db622-5327-4122-ba03-be97b5575303: shutdown 7d2db622-5327-4122-ba03-be97b5575303@group-1DF5C6B9164D-FollowerState
2025-10-07 20:52:14,061 [grpc-default-executor-6] INFO  impl.StateMachineUpdater (StateMachineUpdater.java:stopAndJoin(163)) - 7d2db622-5327-4122-ba03-be97b5575303@group-1DF5C6B9164D-StateMachineUpdater: set stopIndex = 5
2025-10-07 20:52:14,061 [7d2db622-5327-4122-ba03-be97b5575303@group-1DF5C6B9164D-StateMachineUpdater] INFO  ratis.ContainerStateMachine (ContainerStateMachine.java:takeSnapshot(427)) - group-1DF5C6B9164D: Taking a snapshot at:(t:2, i:5) file /home/runner/work/ozone/ozone/hadoop-ozone/integration-test-recon/target/test-dir/MiniOzoneClusterImpl-b15909b8-03a8-4b15-aaa3-a668c086c089/ozone-metadata/datanode-3/ratis/3c759d96-e2b8-41d5-92c0-1df5c6b9164d/sm/snapshot.2_5
2025-10-07 20:52:14,062 [7d2db622-5327-4122-ba03-be97b5575303@group-1DF5C6B9164D-FollowerState] INFO  impl.FollowerState (FollowerState.java:runImpl(170)) - 7d2db622-5327-4122-ba03-be97b5575303@group-1DF5C6B9164D-FollowerState was interrupted
2025-10-07 20:52:14,062 [grpc-default-executor-2] WARN  server.GrpcServerProtocolService (LogUtils.java:warn(129)) - 7d2db622-5327-4122-ba03-be97b5575303: Failed APPEND_ENTRIES request c11f8a16-55ee-4f22-a5a5-7daf2dffa753->7d2db622-5327-4122-ba03-be97b5575303#5-t2,previous=(t:2, i:6),leaderCommit=6,initializing? false,entries: size=1, first=(t:2, i:7), STATEMACHINELOGENTRY, WRITE: logData.size=87, stateMachineData.size=0, logEntryProtoSerializedSize=0
java.util.concurrent.CompletionException: org.apache.ratis.protocol.exceptions.GroupMismatchException: 7d2db622-5327-4122-ba03-be97b5575303: group-1DF5C6B9164D not found.
	at java.base/java.util.concurrent.CompletableFuture.encodeThrowable(CompletableFuture.java:332)
	at java.base/java.util.concurrent.CompletableFuture.uniComposeStage(CompletableFuture.java:1177)
	at java.base/java.util.concurrent.CompletableFuture.thenCompose(CompletableFuture.java:2341)
	at org.apache.ratis.server.impl.RaftServerProxy.appendEntriesAsync(RaftServerProxy.java:651)
	at org.apache.ratis.grpc.server.GrpcServerProtocolService$1.process(GrpcServerProtocolService.java:245)
	at org.apache.ratis.grpc.server.GrpcServerProtocolService$1.process(GrpcServerProtocolService.java:242)
	at org.apache.ratis.grpc.server.GrpcServerProtocolService$ServerRequestStreamObserver.onNext(GrpcServerProtocolService.java:150)
	at org.apache.ratis.thirdparty.io.grpc.stub.ServerCalls$StreamingServerCallHandler$StreamingServerCallListener.onMessage(ServerCalls.java:262)
	at org.apache.ratis.thirdparty.io.grpc.internal.ServerCallImpl$ServerStreamListenerImpl.messagesAvailableInternal(ServerCallImpl.java:334)
	at org.apache.ratis.thirdparty.io.grpc.internal.ServerCallImpl$ServerStreamListenerImpl.messagesAvailable(ServerCallImpl.java:319)
	at org.apache.ratis.thirdparty.io.grpc.internal.ServerImpl$JumpToApplicationThreadServerStreamListener$1MessagesAvailable.runInContext(ServerImpl.java:834)
	at org.apache.ratis.thirdparty.io.grpc.internal.ContextRunnable.run(ContextRunnable.java:37)
	at org.apache.ratis.thirdparty.io.grpc.internal.SerializingExecutor.run(SerializingExecutor.java:133)
	at java.base/java.util.concurrent.ThreadPoolExecutor.runWorker(ThreadPoolExecutor.java:1144)
	at java.base/java.util.concurrent.ThreadPoolExecutor$Worker.run(ThreadPoolExecutor.java:642)
	at java.base/java.lang.Thread.run(Thread.java:1583)
Caused by: org.apache.ratis.protocol.exceptions.GroupMismatchException: 7d2db622-5327-4122-ba03-be97b5575303: group-1DF5C6B9164D not found.
	at org.apache.ratis.server.impl.RaftServerProxy$ImplMap.get(RaftServerProxy.java:160)
	at org.apache.ratis.server.impl.RaftServerProxy.getImplFuture(RaftServerProxy.java:370)
	at org.apache.ratis.server.impl.RaftServerProxy.appendEntriesAsync(RaftServerProxy.java:650)
	... 12 more
2025-10-07 20:52:14,064 [7d2db622-5327-4122-ba03-be97b5575303@group-1DF5C6B9164D-StateMachineUpdater] INFO  ratis.ContainerStateMachine (ContainerStateMachine.java:takeSnapshot(436)) - group-1DF5C6B9164D: Finished taking a snapshot at:(t:2, i:5) file:/home/runner/work/ozone/ozone/hadoop-ozone/integration-test-recon/target/test-dir/MiniOzoneClusterImpl-b15909b8-03a8-4b15-aaa3-a668c086c089/ozone-metadata/datanode-3/ratis/3c759d96-e2b8-41d5-92c0-1df5c6b9164d/sm/snapshot.2_5 took: 3 ms
2025-10-07 20:52:14,064 [7d2db622-5327-4122-ba03-be97b5575303@group-1DF5C6B9164D-StateMachineUpdater] INFO  impl.StateMachineUpdater (StateMachineUpdater.java:takeSnapshot(307)) - 7d2db622-5327-4122-ba03-be97b5575303@group-1DF5C6B9164D-StateMachineUpdater: Took a snapshot at index 5
2025-10-07 20:52:14,064 [7d2db622-5327-4122-ba03-be97b5575303@group-1DF5C6B9164D-StateMachineUpdater] INFO  impl.StateMachineUpdater (StateMachineUpdater.java:lambda$new$0(101)) - 7d2db622-5327-4122-ba03-be97b5575303@group-1DF5C6B9164D-StateMachineUpdater: snapshotIndex: updateIncreasingly -1 -> 5
2025-10-07 20:52:14,065 [7d2db622-5327-4122-ba03-be97b5575303@group-1DF5C6B9164D-StateMachineUpdater] INFO  impl.StateMachineUpdater (StateMachineUpdater.java:stop(140)) - 7d2db622-5327-4122-ba03-be97b5575303@group-1DF5C6B9164D-StateMachineUpdater: closing ContainerStateMachine, lastApplied=(t:2, i:5)
2025-10-07 20:52:14,065 [grpc-default-executor-5] INFO  server.RaftServer (RaftServerProxy.java:remove(116)) - c11f8a16-55ee-4f22-a5a5-7daf2dffa753: remove    LEADER (RUNNING): c11f8a16-55ee-4f22-a5a5-7daf2dffa753@group-1DF5C6B9164D:t2, leader=c11f8a16-55ee-4f22-a5a5-7daf2dffa753, voted=c11f8a16-55ee-4f22-a5a5-7daf2dffa753, raftlog=Memoized:c11f8a16-55ee-4f22-a5a5-7daf2dffa753@group-1DF5C6B9164D-SegmentedRaftLog:OPENED:c6:last(t:2, i:7), conf=conf: {index: 5, cur=peers:[7d2db622-5327-4122-ba03-be97b5575303|127.0.0.1:15033, fa7382a0-3089-4eb6-af6f-f8f16393fa81|127.0.0.1:15017, c11f8a16-55ee-4f22-a5a5-7daf2dffa753|127.0.0.1:15025]|listeners:[], old=null}
2025-10-07 20:52:14,065 [grpc-default-executor-5] INFO  server.RaftServer$Division (RaftServerImpl.java:lambda$close$1(527)) - c11f8a16-55ee-4f22-a5a5-7daf2dffa753@group-1DF5C6B9164D: shutdown
2025-10-07 20:52:14,065 [grpc-default-executor-5] INFO  util.JmxRegister (JmxRegister.java:unregister(74)) - Successfully un-registered JMX Bean with object name Ratis:service=RaftServer,group=group-1DF5C6B9164D,id=c11f8a16-55ee-4f22-a5a5-7daf2dffa753
2025-10-07 20:52:14,065 [grpc-default-executor-5] INFO  impl.RoleInfo (RoleInfo.java:shutdownLeaderState(103)) - c11f8a16-55ee-4f22-a5a5-7daf2dffa753: shutdown c11f8a16-55ee-4f22-a5a5-7daf2dffa753@group-1DF5C6B9164D-LeaderStateImpl
2025-10-07 20:52:14,066 [grpc-default-executor-5] INFO  impl.PendingRequests (PendingRequests.java:sendNotLeaderResponses(287)) - c11f8a16-55ee-4f22-a5a5-7daf2dffa753@group-1DF5C6B9164D-PendingRequests: sendNotLeaderResponses
2025-10-07 20:52:14,066 [7d2db622-5327-4122-ba03-be97b5575303@group-1DF5C6B9164D-cacheEviction-AwaitToRun] INFO  util.AwaitToRun (AwaitToRun.java:run(49)) - 7d2db622-5327-4122-ba03-be97b5575303@group-1DF5C6B9164D-cacheEviction-AwaitToRun-AwaitForSignal is interrupted
2025-10-07 20:52:14,066 [c11f8a16-55ee-4f22-a5a5-7daf2dffa753@group-1DF5C6B9164D->7d2db622-5327-4122-ba03-be97b5575303-GrpcLogAppender-LogAppenderDaemon] WARN  server.GrpcLogAppender (GrpcLogAppender.java:mayWait(300)) - c11f8a16-55ee-4f22-a5a5-7daf2dffa753@group-1DF5C6B9164D->7d2db622-5327-4122-ba03-be97b5575303-GrpcLogAppender: Wait interrupted by java.lang.InterruptedException
2025-10-07 20:52:14,066 [c11f8a16-55ee-4f22-a5a5-7daf2dffa753@group-1DF5C6B9164D->fa7382a0-3089-4eb6-af6f-f8f16393fa81-GrpcLogAppender-LogAppenderDaemon] WARN  server.GrpcLogAppender (GrpcLogAppender.java:mayWait(300)) - c11f8a16-55ee-4f22-a5a5-7daf2dffa753@group-1DF5C6B9164D->fa7382a0-3089-4eb6-af6f-f8f16393fa81-GrpcLogAppender: Wait interrupted by java.lang.InterruptedException
2025-10-07 20:52:14,068 [grpc-default-executor-2] INFO  server.GrpcLogAppender (GrpcLogAppender.java:onError(545)) - c11f8a16-55ee-4f22-a5a5-7daf2dffa753@group-1DF5C6B9164D->7d2db622-5327-4122-ba03-be97b5575303-GrpcLogAppender is already stopped
2025-10-07 20:52:14,068 [grpc-default-executor-4] INFO  server.GrpcServerProtocolService (GrpcServerProtocolService.java:lambda$onCompleted$6(171)) - 7d2db622-5327-4122-ba03-be97b5575303: Completed APPEND_ENTRIES, lastRequest: null 
2025-10-07 20:52:14,068 [c11f8a16-55ee-4f22-a5a5-7daf2dffa753-CloseContainerThread-0] INFO  commandhandler.CloseContainerCommandHandler (CloseContainerCommandHandler.java:lambda$handle$0(154)) - Follower cannot close container #1.
2025-10-07 20:52:14,069 [grpc-default-executor-4] INFO  server.GrpcServerProtocolService (GrpcServerProtocolService.java:lambda$null$7(175)) - 7d2db622-5327-4122-ba03-be97b5575303: Completed APPEND_ENTRIES, lastReply: serverReply {
  requestorId: "c11f8a16-55ee-4f22-a5a5-7daf2dffa753"
  replyId: "7d2db622-5327-4122-ba03-be97b5575303"
  raftGroupId {
    id: "<u\235\226\342\270A\325\222\300\035\365\306\271\026M"
  }
  success: true
}
term: 2
nextIndex: 6
followerCommit: 2
matchIndex: 18446744073709551615
isHearbeat: true
 
2025-10-07 20:52:14,070 [grpc-default-executor-2] INFO  server.GrpcLogAppender (GrpcLogAppender.java:onCompleted(558)) - c11f8a16-55ee-4f22-a5a5-7daf2dffa753@group-1DF5C6B9164D->7d2db622-5327-4122-ba03-be97b5575303-AppendLogResponseHandler: follower responses appendEntries COMPLETED
2025-10-07 20:52:14,071 [grpc-default-executor-5] INFO  impl.StateMachineUpdater (StateMachineUpdater.java:stopAndJoin(163)) - c11f8a16-55ee-4f22-a5a5-7daf2dffa753@group-1DF5C6B9164D-StateMachineUpdater: set stopIndex = 6
2025-10-07 20:52:14,071 [c11f8a16-55ee-4f22-a5a5-7daf2dffa753@group-1DF5C6B9164D-StateMachineUpdater] INFO  ratis.ContainerStateMachine (ContainerStateMachine.java:takeSnapshot(427)) - group-1DF5C6B9164D: Taking a snapshot at:(t:2, i:6) file /home/runner/work/ozone/ozone/hadoop-ozone/integration-test-recon/target/test-dir/MiniOzoneClusterImpl-b15909b8-03a8-4b15-aaa3-a668c086c089/ozone-metadata/datanode-2/ratis/3c759d96-e2b8-41d5-92c0-1df5c6b9164d/sm/snapshot.2_6
2025-10-07 20:52:14,071 [grpc-default-executor-2] INFO  leader.LogAppender (LogAppenderBase.java:lambda$getNextIndexForError$0(215)) - Decrease nextIndex to 7
2025-10-07 20:52:14,071 [grpc-default-executor-2] INFO  leader.LogAppender (LogAppenderBase.java:lambda$getNextIndexForError$0(215)) - Decrease nextIndex to 7
2025-10-07 20:52:14,072 [grpc-default-executor-2] INFO  leader.FollowerInfo (FollowerInfoImpl.java:info(70)) - c11f8a16-55ee-4f22-a5a5-7daf2dffa753@group-1DF5C6B9164D->7d2db622-5327-4122-ba03-be97b5575303: computeNextIndex nextIndex: updateUnconditionally 8 -> 7
2025-10-07 20:52:14,072 [c11f8a16-55ee-4f22-a5a5-7daf2dffa753@group-1DF5C6B9164D-StateMachineUpdater] INFO  ratis.ContainerStateMachine (ContainerStateMachine.java:takeSnapshot(436)) - group-1DF5C6B9164D: Finished taking a snapshot at:(t:2, i:6) file:/home/runner/work/ozone/ozone/hadoop-ozone/integration-test-recon/target/test-dir/MiniOzoneClusterImpl-b15909b8-03a8-4b15-aaa3-a668c086c089/ozone-metadata/datanode-2/ratis/3c759d96-e2b8-41d5-92c0-1df5c6b9164d/sm/snapshot.2_6 took: 1 ms
2025-10-07 20:52:14,072 [c11f8a16-55ee-4f22-a5a5-7daf2dffa753@group-1DF5C6B9164D-StateMachineUpdater] INFO  impl.StateMachineUpdater (StateMachineUpdater.java:takeSnapshot(307)) - c11f8a16-55ee-4f22-a5a5-7daf2dffa753@group-1DF5C6B9164D-StateMachineUpdater: Took a snapshot at index 6
2025-10-07 20:52:14,072 [c11f8a16-55ee-4f22-a5a5-7daf2dffa753@group-1DF5C6B9164D-StateMachineUpdater] INFO  impl.StateMachineUpdater (StateMachineUpdater.java:lambda$new$0(101)) - c11f8a16-55ee-4f22-a5a5-7daf2dffa753@group-1DF5C6B9164D-StateMachineUpdater: snapshotIndex: updateIncreasingly -1 -> 6
2025-10-07 20:52:14,073 [c11f8a16-55ee-4f22-a5a5-7daf2dffa753@group-1DF5C6B9164D-StateMachineUpdater] INFO  impl.StateMachineUpdater (StateMachineUpdater.java:stop(140)) - c11f8a16-55ee-4f22-a5a5-7daf2dffa753@group-1DF5C6B9164D-StateMachineUpdater: closing ContainerStateMachine, lastApplied=(t:2, i:6)
2025-10-07 20:52:14,073 [c11f8a16-55ee-4f22-a5a5-7daf2dffa753@group-1DF5C6B9164D-cacheEviction-AwaitToRun] INFO  util.AwaitToRun (AwaitToRun.java:run(49)) - c11f8a16-55ee-4f22-a5a5-7daf2dffa753@group-1DF5C6B9164D-cacheEviction-AwaitToRun-AwaitForSignal is interrupted
2025-10-07 20:52:14,326 [grpc-default-executor-6] INFO  segmented.SegmentedRaftLogWorker (SegmentedRaftLogWorker.java:close(254)) - 7d2db622-5327-4122-ba03-be97b5575303@group-1DF5C6B9164D-SegmentedRaftLogWorker close()
2025-10-07 20:52:14,327 [grpc-default-executor-6] INFO  keyvalue.KeyValueContainer (KeyValueContainer.java:flushAndSyncDB(514)) - Synced container: KeyValueContainerData #1 (CLOSING, non-empty, ri=0, origin=[dn_7d2db622-5327-4122-ba03-be97b5575303, pipeline_3c759d96-e2b8-41d5-92c0-1df5c6b9164d])
2025-10-07 20:52:14,327 [ReplicationMonitor] INFO  replication.ReplicationManager (ReplicationManager.java:sendDatanodeCommand(665)) - Sending command [closeContainerCommand: cmdID: 1, encodedToken: "", term: 0, deadlineMsSinceEpoch: 0, containerID: 1, pipelineID: Pipeline-3c759d96-e2b8-41d5-92c0-1df5c6b9164d, force: false] for container ContainerInfo{id=#1, state=CLOSING, stateEnterTime=2025-10-07T20:52:09.324688464Z, pipelineID=Pipeline-3c759d96-e2b8-41d5-92c0-1df5c6b9164d, owner=omServiceIdDefault} to 7d2db622-5327-4122-ba03-be97b5575303(localhost/127.0.0.1) with datanode deadline 1759870694327 and scm deadline 1759871054327
2025-10-07 20:52:14,327 [grpc-default-executor-6] INFO  keyvalue.KeyValueContainer (KeyValueContainer.java:flushAndSyncDB(514)) - Synced container: KeyValueContainerData #1 (CLOSING, non-empty, ri=0, origin=[dn_7d2db622-5327-4122-ba03-be97b5575303, pipeline_3c759d96-e2b8-41d5-92c0-1df5c6b9164d])
2025-10-07 20:52:14,327 [ReplicationMonitor] INFO  replication.ReplicationManager (ReplicationManager.java:sendDatanodeCommand(665)) - Sending command [closeContainerCommand: cmdID: 1, encodedToken: "", term: 0, deadlineMsSinceEpoch: 0, containerID: 1, pipelineID: Pipeline-3c759d96-e2b8-41d5-92c0-1df5c6b9164d, force: false] for container ContainerInfo{id=#1, state=CLOSING, stateEnterTime=2025-10-07T20:52:09.324688464Z, pipelineID=Pipeline-3c759d96-e2b8-41d5-92c0-1df5c6b9164d, owner=omServiceIdDefault} to c11f8a16-55ee-4f22-a5a5-7daf2dffa753(localhost/127.0.0.1) with datanode deadline 1759870694327 and scm deadline 1759871054327
2025-10-07 20:52:14,329 [ReplicationMonitor] INFO  replication.ReplicationManager (ReplicationManager.java:processAll(384)) - Replication Monitor Thread took 2 milliseconds for processing 2 containers.
2025-10-07 20:52:14,359 [grpc-default-executor-6] INFO  server.RaftServer$Division (RaftServerImpl.java:groupRemove(497)) - 7d2db622-5327-4122-ba03-be97b5575303@group-1DF5C6B9164D: Succeed to remove RaftStorageDirectory Storage Directory /home/runner/work/ozone/ozone/hadoop-ozone/integration-test-recon/target/test-dir/MiniOzoneClusterImpl-b15909b8-03a8-4b15-aaa3-a668c086c089/ozone-metadata/datanode-3/ratis/3c759d96-e2b8-41d5-92c0-1df5c6b9164d
2025-10-07 20:52:14,359 [Recon-FixedThreadPoolWithAffinityExecutor-0-0] INFO  scm.ReconIncrementalContainerReportHandler (AbstractContainerReportHandler.java:updateContainerState(264)) - QUASI_CLOSE Container #1 (CLOSING, sid=2) r0 (QUASI_CLOSED, bcsid=2, origin=7d2db622-5327-4122-ba03-be97b5575303, non-empty) from dn 7d2db622-5327-4122-ba03-be97b5575303(localhost/127.0.0.1)
2025-10-07 20:52:14,360 [FixedThreadPoolWithAffinityExecutor-0-0] INFO  container.IncrementalContainerReportHandler (AbstractContainerReportHandler.java:updateContainerState(264)) - QUASI_CLOSE Container #1 (CLOSING, sid=2) r0 (QUASI_CLOSED, bcsid=2, origin=7d2db622-5327-4122-ba03-be97b5575303, non-empty) from dn 7d2db622-5327-4122-ba03-be97b5575303(localhost/127.0.0.1)
2025-10-07 20:52:14,360 [Recon-FixedThreadPoolWithAffinityExecutor-0-0] WARN  events.FixedThreadPoolWithAffinityExecutor (FixedThreadPoolWithAffinityExecutor.java:run(264)) - Event taken long execution time 2 millisec, 7d2db622-5327-4122-ba03-be97b5575303(localhost/127.0.0.1), {type: ICR, size: 1}
2025-10-07 20:52:14,362 [FixedThreadPoolWithAffinityExecutor-0-0] WARN  events.FixedThreadPoolWithAffinityExecutor (FixedThreadPoolWithAffinityExecutor.java:run(264)) - Event taken long execution time 3 millisec, 7d2db622-5327-4122-ba03-be97b5575303(localhost/127.0.0.1), {type: ICR, size: 1}
2025-10-07 20:52:14,367 [c11f8a16-55ee-4f22-a5a5-7daf2dffa753-ClosePipelineCommandHandlerThread-0] WARN  commandhandler.ClosePipelineCommandHandler (ClosePipelineCommandHandler.java:lambda$handle$1(158)) - Failed to remove group group-1DF5C6B9164D of pipeline Pipeline-3c759d96-e2b8-41d5-92c0-1df5c6b9164d on peer fa7382a0-3089-4eb6-af6f-f8f16393fa81
java.io.IOException: org.apache.ratis.thirdparty.io.grpc.StatusRuntimeException: UNAVAILABLE: io exception
	at org.apache.ratis.grpc.GrpcUtil.unwrapException(GrpcUtil.java:99)
	at org.apache.ratis.grpc.client.GrpcClientProtocolClient.blockingCall(GrpcClientProtocolClient.java:226)
	at org.apache.ratis.grpc.client.GrpcClientProtocolClient.groupAdd(GrpcClientProtocolClient.java:173)
	at org.apache.ratis.grpc.client.GrpcClientRpc.sendRequest(GrpcClientRpc.java:98)
	at org.apache.ratis.client.impl.BlockingImpl.sendRequest(BlockingImpl.java:147)
	at org.apache.ratis.client.impl.BlockingImpl.sendRequestWithRetry(BlockingImpl.java:109)
	at org.apache.ratis.client.impl.GroupManagementImpl.remove(GroupManagementImpl.java:61)
	at org.apache.hadoop.ozone.container.common.statemachine.commandhandler.ClosePipelineCommandHandler.lambda$handle$1(ClosePipelineCommandHandler.java:150)
	at java.base/java.util.stream.ForEachOps$ForEachOp$OfRef.accept(ForEachOps.java:184)
	at java.base/java.util.stream.ReferencePipeline$2$1.accept(ReferencePipeline.java:179)
	at java.base/java.util.HashMap$ValueSpliterator.forEachRemaining(HashMap.java:1787)
	at java.base/java.util.stream.AbstractPipeline.copyInto(AbstractPipeline.java:509)
	at java.base/java.util.stream.AbstractPipeline.wrapAndCopyInto(AbstractPipeline.java:499)
	at java.base/java.util.stream.ForEachOps$ForEachOp.evaluateSequential(ForEachOps.java:151)
	at java.base/java.util.stream.ForEachOps$ForEachOp$OfRef.evaluateSequential(ForEachOps.java:174)
	at java.base/java.util.stream.AbstractPipeline.evaluate(AbstractPipeline.java:234)
	at java.base/java.util.stream.ReferencePipeline.forEach(ReferencePipeline.java:596)
	at org.apache.hadoop.ozone.container.common.statemachine.commandhandler.ClosePipelineCommandHandler.lambda$handle$2(ClosePipelineCommandHandler.java:147)
	at java.base/java.util.concurrent.CompletableFuture$AsyncRun.run(CompletableFuture.java:1804)
	at java.base/java.util.concurrent.ThreadPoolExecutor.runWorker(ThreadPoolExecutor.java:1144)
	at java.base/java.util.concurrent.ThreadPoolExecutor$Worker.run(ThreadPoolExecutor.java:642)
	at java.base/java.lang.Thread.run(Thread.java:1583)
Caused by: org.apache.ratis.thirdparty.io.grpc.StatusRuntimeException: UNAVAILABLE: io exception
	at org.apache.ratis.thirdparty.io.grpc.stub.ClientCalls.toStatusRuntimeException(ClientCalls.java:351)
	at org.apache.ratis.thirdparty.io.grpc.stub.ClientCalls.getUnchecked(ClientCalls.java:332)
	at org.apache.ratis.thirdparty.io.grpc.stub.ClientCalls.blockingUnaryCall(ClientCalls.java:174)
	at org.apache.ratis.proto.grpc.AdminProtocolServiceGrpc$AdminProtocolServiceBlockingStub.groupManagement(AdminProtocolServiceGrpc.java:555)
	at org.apache.ratis.grpc.client.GrpcClientProtocolClient.lambda$groupAdd$6(GrpcClientProtocolClient.java:175)
	at org.apache.ratis.grpc.client.GrpcClientProtocolClient.blockingCall(GrpcClientProtocolClient.java:224)
	... 20 more
Caused by: org.apache.ratis.thirdparty.io.netty.channel.AbstractChannel$AnnotatedConnectException: finishConnect(..) failed: Connection refused: /127.0.0.1:15016
Caused by: java.net.ConnectException: finishConnect(..) failed: Connection refused
	at org.apache.ratis.thirdparty.io.netty.channel.unix.Errors.newConnectException0(Errors.java:166)
	at org.apache.ratis.thirdparty.io.netty.channel.unix.Errors.handleConnectErrno(Errors.java:131)
	at org.apache.ratis.thirdparty.io.netty.channel.unix.Socket.finishConnect(Socket.java:359)
	at org.apache.ratis.thirdparty.io.netty.channel.epoll.AbstractEpollChannel$AbstractEpollUnsafe.doFinishConnect(AbstractEpollChannel.java:715)
	at org.apache.ratis.thirdparty.io.netty.channel.epoll.AbstractEpollChannel$AbstractEpollUnsafe.finishConnect(AbstractEpollChannel.java:692)
	at org.apache.ratis.thirdparty.io.netty.channel.epoll.AbstractEpollChannel$AbstractEpollUnsafe.epollOutReady(AbstractEpollChannel.java:567)
	at org.apache.ratis.thirdparty.io.netty.channel.epoll.EpollEventLoop.processReady(EpollEventLoop.java:491)
	at org.apache.ratis.thirdparty.io.netty.channel.epoll.EpollEventLoop.run(EpollEventLoop.java:399)
	at org.apache.ratis.thirdparty.io.netty.util.concurrent.SingleThreadEventExecutor$4.run(SingleThreadEventExecutor.java:998)
	at org.apache.ratis.thirdparty.io.netty.util.internal.ThreadExecutorMap$2.run(ThreadExecutorMap.java:74)
	at org.apache.ratis.thirdparty.io.netty.util.concurrent.FastThreadLocalRunnable.run(FastThreadLocalRunnable.java:30)
	at java.base/java.lang.Thread.run(Thread.java:1583)
2025-10-07 20:52:14,367 [c11f8a16-55ee-4f22-a5a5-7daf2dffa753-ClosePipelineCommandHandlerThread-0] WARN  server.RaftServer (RaftServerProxy.java:remove(111)) - c11f8a16-55ee-4f22-a5a5-7daf2dffa753: does not contain group: group-1DF5C6B9164D
2025-10-07 20:52:14,396 [Recon-SyncOM-2] INFO  impl.OzoneManagerServiceProviderImpl (OzoneManagerServiceProviderImpl.java:lambda$startSyncDataFromOM$2(331)) - Last known sequence number before sync: 22
2025-10-07 20:52:14,396 [Recon-SyncOM-2] INFO  impl.OzoneManagerServiceProviderImpl (OzoneManagerServiceProviderImpl.java:syncDataFromOM(630)) - Seq number of Recon's OM DB : 22
2025-10-07 20:52:14,400 [Recon-SyncOM-2] INFO  impl.OzoneManagerServiceProviderImpl (OzoneManagerServiceProviderImpl.java:innerGetAndApplyDeltaUpdatesFromOM(600)) - From Sequence Number:22, Recon DB Sequence Number: 22, Number of updates received from OM : 0, SequenceNumber diff: 0, SequenceNumber Lag from OM 0, isDBUpdateSuccess: true
2025-10-07 20:52:14,407 [Recon-SyncOM-2] INFO  impl.OzoneManagerServiceProviderImpl (OzoneManagerServiceProviderImpl.java:syncDataFromOM(746)) - Delta updates received from OM : 1 loops, 0 records
2025-10-07 20:52:14,407 [Recon-SyncOM-2] INFO  impl.OzoneManagerServiceProviderImpl (OzoneManagerServiceProviderImpl.java:lambda$startSyncDataFromOM$2(336)) - Sequence number after sync: 22
Connecting to Recon: http://localhost:15000/api/v1/containers/unhealthy/MISSING ...
2025-10-07 20:52:14,426 [qtp1181622455-547] INFO  requests.recon (Slf4jRequestLogWriter.java:write(62)) - 127.0.0.1 - - [07/Oct/2025:20:52:14 +0000] "GET /api/v1/containers/unhealthy/MISSING HTTP/1.1" 200 593 "-" "Java/21.0.8"
2025-10-07 20:52:14,430 [ForkJoinPool-1-worker-1] INFO  recon.TestReconAndAdminContainerCLI (TestReconAndAdminContainerCLI.java:assertReportsMatch(344)) - Reports do not match (yet): expected: <0> but was: <1>
2025-10-07 20:52:14,875 [ContainerHealthTask] INFO  fsck.ContainerHealthTask (ContainerHealthTask.java:generateUnhealthyRecords(573)) - Non-empty container 2 is missing. It has 1 keys and 7 bytes used according to SCM metadata. Please visit Recon's missing container page for a list of keys (and their metadata) mapped to this container.
2025-10-07 20:52:14,876 [ContainerHealthTask] INFO  fsck.ContainerHealthTask (ContainerHealthTask.java:checkAndProcessContainers(194)) - Container Health task thread took 1 iterations to fetch all containers using batched approach with batch size of 1000
2025-10-07 20:52:14,876 [ContainerHealthTask] INFO  fsck.ContainerHealthTask (ContainerHealthTask.java:lambda$logUnhealthyContainerStats$5(222)) - REPLICA_MISMATCH **Container State Stats:** 
	TOTAL_KEYS -> 1 , CONTAINER_COUNT -> 1 , TOTAL_USED_BYTES -> 7
2025-10-07 20:52:14,876 [ContainerHealthTask] INFO  fsck.ContainerHealthTask (ContainerHealthTask.java:lambda$logUnhealthyContainerStats$5(222)) - MISSING **Container State Stats:** 
	TOTAL_KEYS -> 1 , CONTAINER_COUNT -> 1 , TOTAL_USED_BYTES -> 7
2025-10-07 20:52:14,876 [ContainerHealthTask] INFO  fsck.ContainerHealthTask (ContainerHealthTask.java:lambda$logUnhealthyContainerStats$5(222)) - UNDER_REPLICATED **Container State Stats:** 
	TOTAL_KEYS -> 1 , CONTAINER_COUNT -> 1 , TOTAL_USED_BYTES -> 7
2025-10-07 20:52:15,060 [grpc-default-executor-5] INFO  segmented.SegmentedRaftLogWorker (SegmentedRaftLogWorker.java:close(254)) - c11f8a16-55ee-4f22-a5a5-7daf2dffa753@group-1DF5C6B9164D-SegmentedRaftLogWorker close()
2025-10-07 20:52:15,062 [grpc-default-executor-5] INFO  keyvalue.KeyValueContainer (KeyValueContainer.java:flushAndSyncDB(514)) - Synced container: KeyValueContainerData #1 (CLOSING, non-empty, ri=0, origin=[dn_c11f8a16-55ee-4f22-a5a5-7daf2dffa753, pipeline_3c759d96-e2b8-41d5-92c0-1df5c6b9164d])
2025-10-07 20:52:15,062 [grpc-default-executor-5] INFO  keyvalue.KeyValueContainer (KeyValueContainer.java:flushAndSyncDB(514)) - Synced container: KeyValueContainerData #1 (CLOSING, non-empty, ri=0, origin=[dn_c11f8a16-55ee-4f22-a5a5-7daf2dffa753, pipeline_3c759d96-e2b8-41d5-92c0-1df5c6b9164d])
2025-10-07 20:52:15,067 [grpc-default-executor-5] INFO  server.RaftServer$Division (RaftServerImpl.java:groupRemove(497)) - c11f8a16-55ee-4f22-a5a5-7daf2dffa753@group-1DF5C6B9164D: Succeed to remove RaftStorageDirectory Storage Directory /home/runner/work/ozone/ozone/hadoop-ozone/integration-test-recon/target/test-dir/MiniOzoneClusterImpl-b15909b8-03a8-4b15-aaa3-a668c086c089/ozone-metadata/datanode-2/ratis/3c759d96-e2b8-41d5-92c0-1df5c6b9164d
2025-10-07 20:52:15,071 [7d2db622-5327-4122-ba03-be97b5575303-ClosePipelineCommandHandlerThread-0] WARN  server.RaftServer (RaftServerProxy.java:remove(111)) - 7d2db622-5327-4122-ba03-be97b5575303: does not contain group: group-1DF5C6B9164D
2025-10-07 20:52:15,332 [ReplicationMonitor] INFO  replication.ReplicationManager (ReplicationManager.java:processAll(384)) - Replication Monitor Thread took 3 milliseconds for processing 2 containers.
2025-10-07 20:52:15,407 [Recon-SyncOM-2] INFO  impl.OzoneManagerServiceProviderImpl (OzoneManagerServiceProviderImpl.java:lambda$startSyncDataFromOM$2(331)) - Last known sequence number before sync: 22
2025-10-07 20:52:15,407 [Recon-SyncOM-2] INFO  impl.OzoneManagerServiceProviderImpl (OzoneManagerServiceProviderImpl.java:syncDataFromOM(630)) - Seq number of Recon's OM DB : 22
2025-10-07 20:52:15,410 [Recon-SyncOM-2] INFO  impl.OzoneManagerServiceProviderImpl (OzoneManagerServiceProviderImpl.java:innerGetAndApplyDeltaUpdatesFromOM(600)) - From Sequence Number:22, Recon DB Sequence Number: 22, Number of updates received from OM : 0, SequenceNumber diff: 0, SequenceNumber Lag from OM 0, isDBUpdateSuccess: true
2025-10-07 20:52:15,414 [Recon-SyncOM-2] INFO  impl.OzoneManagerServiceProviderImpl (OzoneManagerServiceProviderImpl.java:syncDataFromOM(746)) - Delta updates received from OM : 1 loops, 0 records
2025-10-07 20:52:15,414 [Recon-SyncOM-2] INFO  impl.OzoneManagerServiceProviderImpl (OzoneManagerServiceProviderImpl.java:lambda$startSyncDataFromOM$2(336)) - Sequence number after sync: 22
Connecting to Recon: http://localhost:15000/api/v1/containers/unhealthy/MISSING ...
2025-10-07 20:52:15,436 [qtp1181622455-548] INFO  requests.recon (Slf4jRequestLogWriter.java:write(62)) - 127.0.0.1 - - [07/Oct/2025:20:52:15 +0000] "GET /api/v1/containers/unhealthy/MISSING HTTP/1.1" 200 593 "-" "Java/21.0.8"
2025-10-07 20:52:15,440 [ForkJoinPool-1-worker-1] INFO  recon.TestReconAndAdminContainerCLI (TestReconAndAdminContainerCLI.java:assertReportsMatch(344)) - Reports do not match (yet): expected: <0> but was: <1>
2025-10-07 20:52:15,500 [UnderReplicatedProcessor] INFO  net.NetworkTopologyImpl (NetworkTopologyImpl.java:chooseNodeInternal(671)) - No available node in (scope="/" excludedScope="[/default-rack/7d2db622-5327-4122-ba03-be97b5575303, /default-rack/c11f8a16-55ee-4f22-a5a5-7daf2dffa753]" excludedNodes="[7d2db622-5327-4122-ba03-be97b5575303(localhost/127.0.0.1), c11f8a16-55ee-4f22-a5a5-7daf2dffa753(localhost/127.0.0.1)]"  ancestorGen="1").
2025-10-07 20:52:15,500 [UnderReplicatedProcessor] WARN  algorithms.SCMContainerPlacementRackAware (SCMContainerPlacementRackAware.java:chooseNode(482)) - Failed to find the datanode for container. excludedNodes:[7d2db622-5327-4122-ba03-be97b5575303(localhost/127.0.0.1), c11f8a16-55ee-4f22-a5a5-7daf2dffa753(localhost/127.0.0.1)], affinityNode:
2025-10-07 20:52:15,501 [UnderReplicatedProcessor] INFO  replication.ReplicationManager (ReplicationManager.java:sendDatanodeCommand(665)) - Sending command [replicateContainerCommand: cmdID: 1759870319322, encodedToken: "", term: 0, deadlineMsSinceEpoch: 0, containerId=1, replicaIndex=0, targetNode=fc0351b7-0c71-4a2a-a0ca-337e5c0b1c14(localhost/127.0.0.1), priority=NORMAL] for container ContainerInfo{id=#1, state=QUASI_CLOSED, stateEnterTime=2025-10-07T20:52:14.361735079Z, pipelineID=Pipeline-3c759d96-e2b8-41d5-92c0-1df5c6b9164d, owner=omServiceIdDefault} to c11f8a16-55ee-4f22-a5a5-7daf2dffa753(localhost/127.0.0.1) with datanode deadline 1759870695501 and scm deadline 1759871055501
2025-10-07 20:52:15,504 [UnderReplicatedProcessor] INFO  net.NetworkTopologyImpl (NetworkTopologyImpl.java:chooseNodeInternal(671)) - No available node in (scope="/" excludedScope="[/default-rack/7d2db622-5327-4122-ba03-be97b5575303, /default-rack/c11f8a16-55ee-4f22-a5a5-7daf2dffa753, /default-rack/fc0351b7-0c71-4a2a-a0ca-337e5c0b1c14]" excludedNodes="[7d2db622-5327-4122-ba03-be97b5575303(localhost/127.0.0.1), c11f8a16-55ee-4f22-a5a5-7daf2dffa753(localhost/127.0.0.1), fc0351b7-0c71-4a2a-a0ca-337e5c0b1c14(localhost/127.0.0.1)]"  ancestorGen="1").
2025-10-07 20:52:15,505 [UnderReplicatedProcessor] WARN  algorithms.SCMContainerPlacementRackAware (SCMContainerPlacementRackAware.java:chooseNode(482)) - Failed to find the datanode for container. excludedNodes:[7d2db622-5327-4122-ba03-be97b5575303(localhost/127.0.0.1), c11f8a16-55ee-4f22-a5a5-7daf2dffa753(localhost/127.0.0.1), fc0351b7-0c71-4a2a-a0ca-337e5c0b1c14(localhost/127.0.0.1)], affinityNode:
2025-10-07 20:52:15,505 [UnderReplicatedProcessor] INFO  replication.ReplicationManager (ReplicationManager.java:sendDatanodeCommand(665)) - Sending command [replicateContainerCommand: cmdID: 1759870319323, encodedToken: "", term: 0, deadlineMsSinceEpoch: 0, containerId=1, replicaIndex=0, targetNode=74afb32b-8e70-4799-b16c-dc9602d9dbb6(localhost/127.0.0.1), priority=NORMAL] for container ContainerInfo{id=#1, state=QUASI_CLOSED, stateEnterTime=2025-10-07T20:52:14.361735079Z, pipelineID=Pipeline-3c759d96-e2b8-41d5-92c0-1df5c6b9164d, owner=omServiceIdDefault} to 7d2db622-5327-4122-ba03-be97b5575303(localhost/127.0.0.1) with datanode deadline 1759870695505 and scm deadline 1759871055505
2025-10-07 20:52:15,505 [UnderReplicatedProcessor] INFO  replication.UnhealthyReplicationProcessor (UnhealthyReplicationProcessor.java:processAll(136)) - Processed 1 containers with health state counts {UNDER_REPLICATED=1}, failed processing 0, deferred due to load 0
2025-10-07 20:52:15,886 [ContainerHealthTask] INFO  fsck.ContainerHealthTask (ContainerHealthTask.java:processExistingDBRecords(345)) - DELETED existing unhealthy container record...for Container: 1
2025-10-07 20:52:15,895 [ContainerHealthTask] INFO  fsck.ContainerHealthTask (ContainerHealthTask.java:generateUnhealthyRecords(573)) - Non-empty container 2 is missing. It has 1 keys and 7 bytes used according to SCM metadata. Please visit Recon's missing container page for a list of keys (and their metadata) mapped to this container.
2025-10-07 20:52:15,895 [ContainerHealthTask] INFO  fsck.ContainerHealthTask (ContainerHealthTask.java:checkAndProcessContainers(194)) - Container Health task thread took 1 iterations to fetch all containers using batched approach with batch size of 1000
2025-10-07 20:52:15,895 [ContainerHealthTask] INFO  fsck.ContainerHealthTask (ContainerHealthTask.java:lambda$logUnhealthyContainerStats$5(222)) - MISSING **Container State Stats:** 
	TOTAL_KEYS -> 1 , CONTAINER_COUNT -> 1 , TOTAL_USED_BYTES -> 7
2025-10-07 20:52:15,895 [ContainerHealthTask] INFO  fsck.ContainerHealthTask (ContainerHealthTask.java:lambda$logUnhealthyContainerStats$5(222)) - UNDER_REPLICATED **Container State Stats:** 
	TOTAL_KEYS -> 1 , CONTAINER_COUNT -> 1 , TOTAL_USED_BYTES -> 7
2025-10-07 20:52:16,333 [ReplicationMonitor] INFO  replication.ReplicationManager (ReplicationManager.java:processAll(384)) - Replication Monitor Thread took 0 milliseconds for processing 2 containers.
2025-10-07 20:52:16,414 [Recon-SyncOM-2] INFO  impl.OzoneManagerServiceProviderImpl (OzoneManagerServiceProviderImpl.java:lambda$startSyncDataFromOM$2(331)) - Last known sequence number before sync: 22
2025-10-07 20:52:16,414 [Recon-SyncOM-2] INFO  impl.OzoneManagerServiceProviderImpl (OzoneManagerServiceProviderImpl.java:syncDataFromOM(630)) - Seq number of Recon's OM DB : 22
2025-10-07 20:52:16,418 [Recon-SyncOM-2] INFO  impl.OzoneManagerServiceProviderImpl (OzoneManagerServiceProviderImpl.java:innerGetAndApplyDeltaUpdatesFromOM(600)) - From Sequence Number:22, Recon DB Sequence Number: 22, Number of updates received from OM : 0, SequenceNumber diff: 0, SequenceNumber Lag from OM 0, isDBUpdateSuccess: true
2025-10-07 20:52:16,420 [Recon-SyncOM-2] INFO  impl.OzoneManagerServiceProviderImpl (OzoneManagerServiceProviderImpl.java:syncDataFromOM(746)) - Delta updates received from OM : 1 loops, 0 records
2025-10-07 20:52:16,420 [Recon-SyncOM-2] INFO  impl.OzoneManagerServiceProviderImpl (OzoneManagerServiceProviderImpl.java:lambda$startSyncDataFromOM$2(336)) - Sequence number after sync: 22
Connecting to Recon: http://localhost:15000/api/v1/containers/unhealthy/MISSING ...
2025-10-07 20:52:16,446 [qtp1181622455-547] INFO  requests.recon (Slf4jRequestLogWriter.java:write(62)) - 127.0.0.1 - - [07/Oct/2025:20:52:16 +0000] "GET /api/v1/containers/unhealthy/MISSING HTTP/1.1" 200 593 "-" "Java/21.0.8"
2025-10-07 20:52:16,451 [ForkJoinPool-1-worker-1] INFO  recon.TestReconAndAdminContainerCLI (TestReconAndAdminContainerCLI.java:assertReportsMatch(344)) - Reports do not match (yet): expected: <0> but was: <1>
2025-10-07 20:52:16,903 [ContainerHealthTask] INFO  fsck.ContainerHealthTask (ContainerHealthTask.java:generateUnhealthyRecords(573)) - Non-empty container 2 is missing. It has 1 keys and 7 bytes used according to SCM metadata. Please visit Recon's missing container page for a list of keys (and their metadata) mapped to this container.
2025-10-07 20:52:16,903 [ContainerHealthTask] INFO  fsck.ContainerHealthTask (ContainerHealthTask.java:checkAndProcessContainers(194)) - Container Health task thread took 1 iterations to fetch all containers using batched approach with batch size of 1000
2025-10-07 20:52:16,903 [ContainerHealthTask] INFO  fsck.ContainerHealthTask (ContainerHealthTask.java:lambda$logUnhealthyContainerStats$5(222)) - MISSING **Container State Stats:** 
	TOTAL_KEYS -> 1 , CONTAINER_COUNT -> 1 , TOTAL_USED_BYTES -> 7
2025-10-07 20:52:16,903 [ContainerHealthTask] INFO  fsck.ContainerHealthTask (ContainerHealthTask.java:lambda$logUnhealthyContainerStats$5(222)) - UNDER_REPLICATED **Container State Stats:** 
	TOTAL_KEYS -> 1 , CONTAINER_COUNT -> 1 , TOTAL_USED_BYTES -> 7
2025-10-07 20:52:17,073 [c11f8a16-55ee-4f22-a5a5-7daf2dffa753-ContainerReplicationThread-0] INFO  replication.PushReplicator (PushReplicator.java:replicate(56)) - Starting replication of container 1 to fc0351b7-0c71-4a2a-a0ca-337e5c0b1c14(localhost/127.0.0.1) using NO_COMPRESSION
2025-10-07 20:52:17,088 [c11f8a16-55ee-4f22-a5a5-7daf2dffa753-ContainerReplicationThread-0] INFO  replication.GrpcOutputStream (GrpcOutputStream.java:close(115)) - Sent 19968 bytes for container 1
2025-10-07 20:52:17,091 [fc0351b7-0c71-4a2a-a0ca-337e5c0b1c14-ReplicationContainerReader-1] INFO  replication.SendContainerRequestHandler (SendContainerRequestHandler.java:onNext(101)) - Accepting container 1
2025-10-07 20:52:17,092 [fc0351b7-0c71-4a2a-a0ca-337e5c0b1c14-ReplicationContainerReader-1] INFO  replication.SendContainerRequestHandler (SendContainerRequestHandler.java:onCompleted(140)) - Container 1 is downloaded with size 19968, starting to import.
2025-10-07 20:52:17,140 [fc0351b7-0c71-4a2a-a0ca-337e5c0b1c14-ReplicationContainerReader-1] WARN  helpers.KeyValueContainerUtil (KeyValueContainerUtil.java:populateContainerMetadata(329)) - Missing pendingDeleteBlockCount from metadata: recalculate them from block table
2025-10-07 20:52:17,151 [fc0351b7-0c71-4a2a-a0ca-337e5c0b1c14-ReplicationContainerReader-1] INFO  replication.SendContainerRequestHandler (SendContainerRequestHandler.java:onCompleted(146)) - Container 1 is replicated successfully
2025-10-07 20:52:17,155 [grpc-default-executor-5] INFO  replication.GrpcContainerUploader (GrpcContainerUploader.java:onCompleted(145)) - Finished uploading container 1 to fc0351b7-0c71-4a2a-a0ca-337e5c0b1c14(localhost/127.0.0.1)
2025-10-07 20:52:17,157 [c11f8a16-55ee-4f22-a5a5-7daf2dffa753-ContainerReplicationThread-0] INFO  replication.ReplicationSupervisor (ReplicationSupervisor.java:run(416)) - Successful DONE replicateContainerCommand: cmdID: 1759870319322, encodedToken: "", term: 2, deadlineMsSinceEpoch: 1759870695501, containerId=1, replicaIndex=0, targetNode=fc0351b7-0c71-4a2a-a0ca-337e5c0b1c14(localhost/127.0.0.1), priority=NORMAL, transferred 19968 bytes
2025-10-07 20:52:17,334 [ReplicationMonitor] INFO  replication.ReplicationManager (ReplicationManager.java:processAll(384)) - Replication Monitor Thread took 1 milliseconds for processing 2 containers.
2025-10-07 20:52:17,421 [Recon-SyncOM-2] INFO  impl.OzoneManagerServiceProviderImpl (OzoneManagerServiceProviderImpl.java:lambda$startSyncDataFromOM$2(331)) - Last known sequence number before sync: 22
2025-10-07 20:52:17,421 [Recon-SyncOM-2] INFO  impl.OzoneManagerServiceProviderImpl (OzoneManagerServiceProviderImpl.java:syncDataFromOM(630)) - Seq number of Recon's OM DB : 22
2025-10-07 20:52:17,427 [Recon-SyncOM-2] INFO  impl.OzoneManagerServiceProviderImpl (OzoneManagerServiceProviderImpl.java:innerGetAndApplyDeltaUpdatesFromOM(600)) - From Sequence Number:22, Recon DB Sequence Number: 22, Number of updates received from OM : 0, SequenceNumber diff: 0, SequenceNumber Lag from OM 0, isDBUpdateSuccess: true
2025-10-07 20:52:17,433 [Recon-SyncOM-2] INFO  impl.OzoneManagerServiceProviderImpl (OzoneManagerServiceProviderImpl.java:syncDataFromOM(746)) - Delta updates received from OM : 1 loops, 0 records
2025-10-07 20:52:17,433 [Recon-SyncOM-2] INFO  impl.OzoneManagerServiceProviderImpl (OzoneManagerServiceProviderImpl.java:lambda$startSyncDataFromOM$2(336)) - Sequence number after sync: 22
Connecting to Recon: http://localhost:15000/api/v1/containers/unhealthy/MISSING ...
2025-10-07 20:52:17,460 [qtp1181622455-548] INFO  requests.recon (Slf4jRequestLogWriter.java:write(62)) - 127.0.0.1 - - [07/Oct/2025:20:52:17 +0000] "GET /api/v1/containers/unhealthy/MISSING HTTP/1.1" 200 593 "-" "Java/21.0.8"
2025-10-07 20:52:17,464 [ForkJoinPool-1-worker-1] INFO  recon.TestReconAndAdminContainerCLI (TestReconAndAdminContainerCLI.java:assertReportsMatch(344)) - Reports do not match (yet): expected: <0> but was: <1>
2025-10-07 20:52:17,913 [ContainerHealthTask] INFO  fsck.ContainerHealthTask (ContainerHealthTask.java:processExistingDBRecords(345)) - DELETED existing unhealthy container record...for Container: 1
2025-10-07 20:52:17,916 [ContainerHealthTask] INFO  fsck.ContainerHealthTask (ContainerHealthTask.java:generateUnhealthyRecords(573)) - Non-empty container 2 is missing. It has 1 keys and 7 bytes used according to SCM metadata. Please visit Recon's missing container page for a list of keys (and their metadata) mapped to this container.
2025-10-07 20:52:17,916 [ContainerHealthTask] INFO  fsck.ContainerHealthTask (ContainerHealthTask.java:checkAndProcessContainers(194)) - Container Health task thread took 1 iterations to fetch all containers using batched approach with batch size of 1000
2025-10-07 20:52:17,916 [ContainerHealthTask] INFO  fsck.ContainerHealthTask (ContainerHealthTask.java:lambda$logUnhealthyContainerStats$5(222)) - MISSING **Container State Stats:** 
	TOTAL_KEYS -> 1 , CONTAINER_COUNT -> 1 , TOTAL_USED_BYTES -> 7
2025-10-07 20:52:18,300 [timer3] WARN  server.GrpcLogAppender (LogUtils.java:warn(127)) - c11f8a16-55ee-4f22-a5a5-7daf2dffa753@group-1DF5C6B9164D->fa7382a0-3089-4eb6-af6f-f8f16393fa81-AppendLogResponseHandler: Failed appendEntries (Repeated 8 times in the last 5.000s): org.apache.ratis.thirdparty.io.grpc.StatusRuntimeException: UNAVAILABLE: io exception
  Caused by: org.apache.ratis.thirdparty.io.netty.channel.AbstractChannel$AnnotatedConnectException: finishConnect(..) failed: Connection refused: /127.0.0.1:15017
  Caused by: java.net.ConnectException: finishConnect(..) failed: Connection refused
2025-10-07 20:52:18,309 [timer1] WARN  server.GrpcLogAppender (GrpcLogAppender.java:lambda$resetClient$1(228)) - c11f8a16-55ee-4f22-a5a5-7daf2dffa753@group-1DF5C6B9164D->fa7382a0-3089-4eb6-af6f-f8f16393fa81-GrpcLogAppender: Follower failed (request=null, errorCount=4); keep nextIndex (6) unchanged and retry. (Repeated 3 times in the last 5.002s)
2025-10-07 20:52:18,326 [timer3] WARN  server.GrpcLogAppender (GrpcLogAppender.java:lambda$resetClient$1(228)) - c11f8a16-55ee-4f22-a5a5-7daf2dffa753@group-1DF5C6B9164D->fa7382a0-3089-4eb6-af6f-f8f16393fa81-GrpcLogAppender: Follower failed (request=null, errorCount=6); keep nextIndex (7) unchanged and retry. (Repeated 2 times in the last 5.001s)
2025-10-07 20:52:18,335 [ReplicationMonitor] INFO  replication.ReplicationManager (ReplicationManager.java:processAll(384)) - Replication Monitor Thread took 0 milliseconds for processing 2 containers.
2025-10-07 20:52:18,358 [7d2db622-5327-4122-ba03-be97b5575303-ContainerReplicationThread-0] INFO  replication.PushReplicator (PushReplicator.java:replicate(56)) - Starting replication of container 1 to 74afb32b-8e70-4799-b16c-dc9602d9dbb6(localhost/127.0.0.1) using NO_COMPRESSION
2025-10-07 20:52:18,367 [7d2db622-5327-4122-ba03-be97b5575303-ContainerReplicationThread-0] INFO  replication.GrpcOutputStream (GrpcOutputStream.java:close(115)) - Sent 19968 bytes for container 1
2025-10-07 20:52:18,368 [74afb32b-8e70-4799-b16c-dc9602d9dbb6-ReplicationContainerReader-1] INFO  replication.SendContainerRequestHandler (SendContainerRequestHandler.java:onNext(101)) - Accepting container 1
2025-10-07 20:52:18,369 [74afb32b-8e70-4799-b16c-dc9602d9dbb6-ReplicationContainerReader-1] INFO  replication.SendContainerRequestHandler (SendContainerRequestHandler.java:onCompleted(140)) - Container 1 is downloaded with size 19968, starting to import.
2025-10-07 20:52:18,402 [74afb32b-8e70-4799-b16c-dc9602d9dbb6-ReplicationContainerReader-1] WARN  helpers.KeyValueContainerUtil (KeyValueContainerUtil.java:populateContainerMetadata(329)) - Missing pendingDeleteBlockCount from metadata: recalculate them from block table
2025-10-07 20:52:18,408 [74afb32b-8e70-4799-b16c-dc9602d9dbb6-ReplicationContainerReader-1] INFO  replication.SendContainerRequestHandler (SendContainerRequestHandler.java:onCompleted(146)) - Container 1 is replicated successfully
2025-10-07 20:52:18,411 [grpc-default-executor-5] INFO  replication.GrpcContainerUploader (GrpcContainerUploader.java:onCompleted(145)) - Finished uploading container 1 to 74afb32b-8e70-4799-b16c-dc9602d9dbb6(localhost/127.0.0.1)
2025-10-07 20:52:18,412 [7d2db622-5327-4122-ba03-be97b5575303-ContainerReplicationThread-0] INFO  replication.ReplicationSupervisor (ReplicationSupervisor.java:run(416)) - Successful DONE replicateContainerCommand: cmdID: 1759870319323, encodedToken: "", term: 2, deadlineMsSinceEpoch: 1759870695505, containerId=1, replicaIndex=0, targetNode=74afb32b-8e70-4799-b16c-dc9602d9dbb6(localhost/127.0.0.1), priority=NORMAL, transferred 19968 bytes
2025-10-07 20:52:18,433 [Recon-SyncOM-2] INFO  impl.OzoneManagerServiceProviderImpl (OzoneManagerServiceProviderImpl.java:lambda$startSyncDataFromOM$2(331)) - Last known sequence number before sync: 22
2025-10-07 20:52:18,433 [Recon-SyncOM-2] INFO  impl.OzoneManagerServiceProviderImpl (OzoneManagerServiceProviderImpl.java:syncDataFromOM(630)) - Seq number of Recon's OM DB : 22
2025-10-07 20:52:18,437 [Recon-SyncOM-2] INFO  impl.OzoneManagerServiceProviderImpl (OzoneManagerServiceProviderImpl.java:innerGetAndApplyDeltaUpdatesFromOM(600)) - From Sequence Number:22, Recon DB Sequence Number: 22, Number of updates received from OM : 0, SequenceNumber diff: 0, SequenceNumber Lag from OM 0, isDBUpdateSuccess: true
2025-10-07 20:52:18,440 [Recon-SyncOM-2] INFO  impl.OzoneManagerServiceProviderImpl (OzoneManagerServiceProviderImpl.java:syncDataFromOM(746)) - Delta updates received from OM : 1 loops, 0 records
2025-10-07 20:52:18,441 [Recon-SyncOM-2] INFO  impl.OzoneManagerServiceProviderImpl (OzoneManagerServiceProviderImpl.java:lambda$startSyncDataFromOM$2(336)) - Sequence number after sync: 22
Connecting to Recon: http://localhost:15000/api/v1/containers/unhealthy/MISSING ...
2025-10-07 20:52:18,471 [qtp1181622455-547] INFO  requests.recon (Slf4jRequestLogWriter.java:write(62)) - 127.0.0.1 - - [07/Oct/2025:20:52:18 +0000] "GET /api/v1/containers/unhealthy/MISSING HTTP/1.1" 200 593 "-" "Java/21.0.8"
2025-10-07 20:52:18,474 [ForkJoinPool-1-worker-1] INFO  recon.TestReconAndAdminContainerCLI (TestReconAndAdminContainerCLI.java:assertReportsMatch(344)) - Reports do not match (yet): expected: <0> but was: <1>
2025-10-07 20:52:18,922 [ContainerHealthTask] INFO  fsck.ContainerHealthTask (ContainerHealthTask.java:generateUnhealthyRecords(573)) - Non-empty container 2 is missing. It has 1 keys and 7 bytes used according to SCM metadata. Please visit Recon's missing container page for a list of keys (and their metadata) mapped to this container.
2025-10-07 20:52:18,925 [ContainerHealthTask] INFO  fsck.ContainerHealthTask (ContainerHealthTask.java:checkAndProcessContainers(194)) - Container Health task thread took 1 iterations to fetch all containers using batched approach with batch size of 1000
2025-10-07 20:52:18,925 [ContainerHealthTask] INFO  fsck.ContainerHealthTask (ContainerHealthTask.java:lambda$logUnhealthyContainerStats$5(222)) - MISSING **Container State Stats:** 
	TOTAL_KEYS -> 1 , CONTAINER_COUNT -> 1 , TOTAL_USED_BYTES -> 7
2025-10-07 20:52:18,925 [ContainerHealthTask] INFO  fsck.ContainerHealthTask (ContainerHealthTask.java:lambda$logUnhealthyContainerStats$5(222)) - OVER_REPLICATED **Container State Stats:** 
	TOTAL_KEYS -> 1 , CONTAINER_COUNT -> 1 , TOTAL_USED_BYTES -> 7
2025-10-07 20:52:19,060 [timer6] WARN  server.GrpcLogAppender (GrpcLogAppender.java:lambda$resetClient$1(228)) - c11f8a16-55ee-4f22-a5a5-7daf2dffa753@group-1DF5C6B9164D->fa7382a0-3089-4eb6-af6f-f8f16393fa81-GrpcLogAppender: Follower failed (request=null, errorCount=8); keep nextIndex (8) unchanged and retry. (Repeated 2 times in the last 5.000s)
2025-10-07 20:52:19,337 [ReplicationMonitor] INFO  replication.ReplicationManager (ReplicationManager.java:processAll(384)) - Replication Monitor Thread took 2 milliseconds for processing 2 containers.
2025-10-07 20:52:19,441 [Recon-SyncOM-2] INFO  impl.OzoneManagerServiceProviderImpl (OzoneManagerServiceProviderImpl.java:lambda$startSyncDataFromOM$2(331)) - Last known sequence number before sync: 22
2025-10-07 20:52:19,441 [Recon-SyncOM-2] INFO  impl.OzoneManagerServiceProviderImpl (OzoneManagerServiceProviderImpl.java:syncDataFromOM(630)) - Seq number of Recon's OM DB : 22
2025-10-07 20:52:19,444 [Recon-SyncOM-2] INFO  impl.OzoneManagerServiceProviderImpl (OzoneManagerServiceProviderImpl.java:innerGetAndApplyDeltaUpdatesFromOM(600)) - From Sequence Number:22, Recon DB Sequence Number: 22, Number of updates received from OM : 0, SequenceNumber diff: 0, SequenceNumber Lag from OM 0, isDBUpdateSuccess: true
2025-10-07 20:52:19,447 [Recon-SyncOM-2] INFO  impl.OzoneManagerServiceProviderImpl (OzoneManagerServiceProviderImpl.java:syncDataFromOM(746)) - Delta updates received from OM : 1 loops, 0 records
2025-10-07 20:52:19,447 [Recon-SyncOM-2] INFO  impl.OzoneManagerServiceProviderImpl (OzoneManagerServiceProviderImpl.java:lambda$startSyncDataFromOM$2(336)) - Sequence number after sync: 22
Connecting to Recon: http://localhost:15000/api/v1/containers/unhealthy/MISSING ...
2025-10-07 20:52:19,481 [qtp1181622455-548] INFO  requests.recon (Slf4jRequestLogWriter.java:write(62)) - 127.0.0.1 - - [07/Oct/2025:20:52:19 +0000] "GET /api/v1/containers/unhealthy/MISSING HTTP/1.1" 200 593 "-" "Java/21.0.8"
2025-10-07 20:52:19,484 [ForkJoinPool-1-worker-1] INFO  recon.TestReconAndAdminContainerCLI (TestReconAndAdminContainerCLI.java:assertReportsMatch(344)) - Reports do not match (yet): expected: <0> but was: <1>
2025-10-07 20:52:19,931 [ContainerHealthTask] INFO  fsck.ContainerHealthTask (ContainerHealthTask.java:generateUnhealthyRecords(573)) - Non-empty container 2 is missing. It has 1 keys and 7 bytes used according to SCM metadata. Please visit Recon's missing container page for a list of keys (and their metadata) mapped to this container.
2025-10-07 20:52:19,932 [ContainerHealthTask] INFO  fsck.ContainerHealthTask (ContainerHealthTask.java:checkAndProcessContainers(194)) - Container Health task thread took 1 iterations to fetch all containers using batched approach with batch size of 1000
2025-10-07 20:52:19,932 [ContainerHealthTask] INFO  fsck.ContainerHealthTask (ContainerHealthTask.java:lambda$logUnhealthyContainerStats$5(222)) - MISSING **Container State Stats:** 
	TOTAL_KEYS -> 1 , CONTAINER_COUNT -> 1 , TOTAL_USED_BYTES -> 7
2025-10-07 20:52:19,932 [ContainerHealthTask] INFO  fsck.ContainerHealthTask (ContainerHealthTask.java:lambda$logUnhealthyContainerStats$5(222)) - OVER_REPLICATED **Container State Stats:** 
	TOTAL_KEYS -> 1 , CONTAINER_COUNT -> 1 , TOTAL_USED_BYTES -> 7
2025-10-07 20:52:20,337 [ReplicationMonitor] INFO  replication.ReplicationManager (ReplicationManager.java:processAll(384)) - Replication Monitor Thread took 0 milliseconds for processing 2 containers.
2025-10-07 20:52:20,447 [Recon-SyncOM-2] INFO  impl.OzoneManagerServiceProviderImpl (OzoneManagerServiceProviderImpl.java:lambda$startSyncDataFromOM$2(331)) - Last known sequence number before sync: 22
2025-10-07 20:52:20,447 [Recon-SyncOM-2] INFO  impl.OzoneManagerServiceProviderImpl (OzoneManagerServiceProviderImpl.java:syncDataFromOM(630)) - Seq number of Recon's OM DB : 22
2025-10-07 20:52:20,450 [Recon-SyncOM-2] INFO  impl.OzoneManagerServiceProviderImpl (OzoneManagerServiceProviderImpl.java:innerGetAndApplyDeltaUpdatesFromOM(600)) - From Sequence Number:22, Recon DB Sequence Number: 22, Number of updates received from OM : 0, SequenceNumber diff: 0, SequenceNumber Lag from OM 0, isDBUpdateSuccess: true
2025-10-07 20:52:20,453 [Recon-SyncOM-2] INFO  impl.OzoneManagerServiceProviderImpl (OzoneManagerServiceProviderImpl.java:syncDataFromOM(746)) - Delta updates received from OM : 1 loops, 0 records
2025-10-07 20:52:20,453 [Recon-SyncOM-2] INFO  impl.OzoneManagerServiceProviderImpl (OzoneManagerServiceProviderImpl.java:lambda$startSyncDataFromOM$2(336)) - Sequence number after sync: 22
Connecting to Recon: http://localhost:15000/api/v1/containers/unhealthy/MISSING ...
2025-10-07 20:52:20,490 [qtp1181622455-547] INFO  requests.recon (Slf4jRequestLogWriter.java:write(62)) - 127.0.0.1 - - [07/Oct/2025:20:52:20 +0000] "GET /api/v1/containers/unhealthy/MISSING HTTP/1.1" 200 593 "-" "Java/21.0.8"
2025-10-07 20:52:20,493 [ForkJoinPool-1-worker-1] INFO  recon.TestReconAndAdminContainerCLI (TestReconAndAdminContainerCLI.java:assertReportsMatch(344)) - Reports do not match (yet): expected: <0> but was: <1>
2025-10-07 20:52:20,939 [ContainerHealthTask] INFO  fsck.ContainerHealthTask (ContainerHealthTask.java:generateUnhealthyRecords(573)) - Non-empty container 2 is missing. It has 1 keys and 7 bytes used according to SCM metadata. Please visit Recon's missing container page for a list of keys (and their metadata) mapped to this container.
2025-10-07 20:52:20,940 [ContainerHealthTask] INFO  fsck.ContainerHealthTask (ContainerHealthTask.java:checkAndProcessContainers(194)) - Container Health task thread took 1 iterations to fetch all containers using batched approach with batch size of 1000
2025-10-07 20:52:20,940 [ContainerHealthTask] INFO  fsck.ContainerHealthTask (ContainerHealthTask.java:lambda$logUnhealthyContainerStats$5(222)) - MISSING **Container State Stats:** 
	TOTAL_KEYS -> 1 , CONTAINER_COUNT -> 1 , TOTAL_USED_BYTES -> 7
2025-10-07 20:52:20,940 [ContainerHealthTask] INFO  fsck.ContainerHealthTask (ContainerHealthTask.java:lambda$logUnhealthyContainerStats$5(222)) - OVER_REPLICATED **Container State Stats:** 
	TOTAL_KEYS -> 1 , CONTAINER_COUNT -> 1 , TOTAL_USED_BYTES -> 7
2025-10-07 20:52:21,338 [ReplicationMonitor] INFO  replication.ReplicationManager (ReplicationManager.java:processAll(384)) - Replication Monitor Thread took 1 milliseconds for processing 2 containers.
2025-10-07 20:52:21,453 [Recon-SyncOM-2] INFO  impl.OzoneManagerServiceProviderImpl (OzoneManagerServiceProviderImpl.java:lambda$startSyncDataFromOM$2(331)) - Last known sequence number before sync: 22
2025-10-07 20:52:21,453 [Recon-SyncOM-2] INFO  impl.OzoneManagerServiceProviderImpl (OzoneManagerServiceProviderImpl.java:syncDataFromOM(630)) - Seq number of Recon's OM DB : 22
2025-10-07 20:52:21,456 [Recon-SyncOM-2] INFO  impl.OzoneManagerServiceProviderImpl (OzoneManagerServiceProviderImpl.java:innerGetAndApplyDeltaUpdatesFromOM(600)) - From Sequence Number:22, Recon DB Sequence Number: 22, Number of updates received from OM : 0, SequenceNumber diff: 0, SequenceNumber Lag from OM 0, isDBUpdateSuccess: true
2025-10-07 20:52:21,459 [Recon-SyncOM-2] INFO  impl.OzoneManagerServiceProviderImpl (OzoneManagerServiceProviderImpl.java:syncDataFromOM(746)) - Delta updates received from OM : 1 loops, 0 records
2025-10-07 20:52:21,459 [Recon-SyncOM-2] INFO  impl.OzoneManagerServiceProviderImpl (OzoneManagerServiceProviderImpl.java:lambda$startSyncDataFromOM$2(336)) - Sequence number after sync: 22
Connecting to Recon: http://localhost:15000/api/v1/containers/unhealthy/MISSING ...
2025-10-07 20:52:21,500 [qtp1181622455-548] INFO  requests.recon (Slf4jRequestLogWriter.java:write(62)) - 127.0.0.1 - - [07/Oct/2025:20:52:21 +0000] "GET /api/v1/containers/unhealthy/MISSING HTTP/1.1" 200 593 "-" "Java/21.0.8"
2025-10-07 20:52:21,503 [ForkJoinPool-1-worker-1] INFO  recon.TestReconAndAdminContainerCLI (TestReconAndAdminContainerCLI.java:assertReportsMatch(344)) - Reports do not match (yet): expected: <0> but was: <1>
2025-10-07 20:52:21,946 [ContainerHealthTask] INFO  fsck.ContainerHealthTask (ContainerHealthTask.java:generateUnhealthyRecords(573)) - Non-empty container 2 is missing. It has 1 keys and 7 bytes used according to SCM metadata. Please visit Recon's missing container page for a list of keys (and their metadata) mapped to this container.
2025-10-07 20:52:21,947 [ContainerHealthTask] INFO  fsck.ContainerHealthTask (ContainerHealthTask.java:checkAndProcessContainers(194)) - Container Health task thread took 1 iterations to fetch all containers using batched approach with batch size of 1000
2025-10-07 20:52:21,947 [ContainerHealthTask] INFO  fsck.ContainerHealthTask (ContainerHealthTask.java:lambda$logUnhealthyContainerStats$5(222)) - MISSING **Container State Stats:** 
	TOTAL_KEYS -> 1 , CONTAINER_COUNT -> 1 , TOTAL_USED_BYTES -> 7
2025-10-07 20:52:21,947 [ContainerHealthTask] INFO  fsck.ContainerHealthTask (ContainerHealthTask.java:lambda$logUnhealthyContainerStats$5(222)) - OVER_REPLICATED **Container State Stats:** 
	TOTAL_KEYS -> 1 , CONTAINER_COUNT -> 1 , TOTAL_USED_BYTES -> 7
2025-10-07 20:52:22,338 [ReplicationMonitor] INFO  replication.ReplicationManager (ReplicationManager.java:processAll(384)) - Replication Monitor Thread took 0 milliseconds for processing 2 containers.
2025-10-07 20:52:22,459 [Recon-SyncOM-2] INFO  impl.OzoneManagerServiceProviderImpl (OzoneManagerServiceProviderImpl.java:lambda$startSyncDataFromOM$2(331)) - Last known sequence number before sync: 22
2025-10-07 20:52:22,459 [Recon-SyncOM-2] INFO  impl.OzoneManagerServiceProviderImpl (OzoneManagerServiceProviderImpl.java:syncDataFromOM(630)) - Seq number of Recon's OM DB : 22
2025-10-07 20:52:22,462 [Recon-SyncOM-2] INFO  impl.OzoneManagerServiceProviderImpl (OzoneManagerServiceProviderImpl.java:innerGetAndApplyDeltaUpdatesFromOM(600)) - From Sequence Number:22, Recon DB Sequence Number: 22, Number of updates received from OM : 0, SequenceNumber diff: 0, SequenceNumber Lag from OM 0, isDBUpdateSuccess: true
2025-10-07 20:52:22,465 [Recon-SyncOM-2] INFO  impl.OzoneManagerServiceProviderImpl (OzoneManagerServiceProviderImpl.java:syncDataFromOM(746)) - Delta updates received from OM : 1 loops, 0 records
2025-10-07 20:52:22,465 [Recon-SyncOM-2] INFO  impl.OzoneManagerServiceProviderImpl (OzoneManagerServiceProviderImpl.java:lambda$startSyncDataFromOM$2(336)) - Sequence number after sync: 22
Connecting to Recon: http://localhost:15000/api/v1/containers/unhealthy/MISSING ...
2025-10-07 20:52:22,509 [qtp1181622455-547] INFO  requests.recon (Slf4jRequestLogWriter.java:write(62)) - 127.0.0.1 - - [07/Oct/2025:20:52:22 +0000] "GET /api/v1/containers/unhealthy/MISSING HTTP/1.1" 200 593 "-" "Java/21.0.8"
2025-10-07 20:52:22,512 [ForkJoinPool-1-worker-1] INFO  recon.TestReconAndAdminContainerCLI (TestReconAndAdminContainerCLI.java:assertReportsMatch(344)) - Reports do not match (yet): expected: <0> but was: <1>
2025-10-07 20:52:22,954 [ContainerHealthTask] INFO  fsck.ContainerHealthTask (ContainerHealthTask.java:generateUnhealthyRecords(573)) - Non-empty container 2 is missing. It has 1 keys and 7 bytes used according to SCM metadata. Please visit Recon's missing container page for a list of keys (and their metadata) mapped to this container.
2025-10-07 20:52:22,954 [ContainerHealthTask] INFO  fsck.ContainerHealthTask (ContainerHealthTask.java:checkAndProcessContainers(194)) - Container Health task thread took 1 iterations to fetch all containers using batched approach with batch size of 1000
2025-10-07 20:52:22,954 [ContainerHealthTask] INFO  fsck.ContainerHealthTask (ContainerHealthTask.java:lambda$logUnhealthyContainerStats$5(222)) - MISSING **Container State Stats:** 
	TOTAL_KEYS -> 1 , CONTAINER_COUNT -> 1 , TOTAL_USED_BYTES -> 7
2025-10-07 20:52:22,955 [ContainerHealthTask] INFO  fsck.ContainerHealthTask (ContainerHealthTask.java:lambda$logUnhealthyContainerStats$5(222)) - OVER_REPLICATED **Container State Stats:** 
	TOTAL_KEYS -> 1 , CONTAINER_COUNT -> 1 , TOTAL_USED_BYTES -> 7
2025-10-07 20:52:23,339 [ReplicationMonitor] INFO  replication.ReplicationManager (ReplicationManager.java:processAll(384)) - Replication Monitor Thread took 0 milliseconds for processing 2 containers.
2025-10-07 20:52:23,465 [Recon-SyncOM-2] INFO  impl.OzoneManagerServiceProviderImpl (OzoneManagerServiceProviderImpl.java:lambda$startSyncDataFromOM$2(331)) - Last known sequence number before sync: 22
2025-10-07 20:52:23,465 [Recon-SyncOM-2] INFO  impl.OzoneManagerServiceProviderImpl (OzoneManagerServiceProviderImpl.java:syncDataFromOM(630)) - Seq number of Recon's OM DB : 22
2025-10-07 20:52:23,469 [Recon-SyncOM-2] INFO  impl.OzoneManagerServiceProviderImpl (OzoneManagerServiceProviderImpl.java:innerGetAndApplyDeltaUpdatesFromOM(600)) - From Sequence Number:22, Recon DB Sequence Number: 22, Number of updates received from OM : 0, SequenceNumber diff: 0, SequenceNumber Lag from OM 0, isDBUpdateSuccess: true
2025-10-07 20:52:23,472 [Recon-SyncOM-2] INFO  impl.OzoneManagerServiceProviderImpl (OzoneManagerServiceProviderImpl.java:syncDataFromOM(746)) - Delta updates received from OM : 1 loops, 0 records
2025-10-07 20:52:23,472 [Recon-SyncOM-2] INFO  impl.OzoneManagerServiceProviderImpl (OzoneManagerServiceProviderImpl.java:lambda$startSyncDataFromOM$2(336)) - Sequence number after sync: 22
Connecting to Recon: http://localhost:15000/api/v1/containers/unhealthy/MISSING ...
2025-10-07 20:52:23,518 [qtp1181622455-548] INFO  requests.recon (Slf4jRequestLogWriter.java:write(62)) - 127.0.0.1 - - [07/Oct/2025:20:52:23 +0000] "GET /api/v1/containers/unhealthy/MISSING HTTP/1.1" 200 593 "-" "Java/21.0.8"
2025-10-07 20:52:23,520 [ForkJoinPool-1-worker-1] INFO  recon.TestReconAndAdminContainerCLI (TestReconAndAdminContainerCLI.java:assertReportsMatch(344)) - Reports do not match (yet): expected: <0> but was: <1>
2025-10-07 20:52:23,960 [ContainerHealthTask] INFO  fsck.ContainerHealthTask (ContainerHealthTask.java:generateUnhealthyRecords(573)) - Non-empty container 2 is missing. It has 1 keys and 7 bytes used according to SCM metadata. Please visit Recon's missing container page for a list of keys (and their metadata) mapped to this container.
2025-10-07 20:52:23,961 [ContainerHealthTask] INFO  fsck.ContainerHealthTask (ContainerHealthTask.java:checkAndProcessContainers(194)) - Container Health task thread took 1 iterations to fetch all containers using batched approach with batch size of 1000
2025-10-07 20:52:23,961 [ContainerHealthTask] INFO  fsck.ContainerHealthTask (ContainerHealthTask.java:lambda$logUnhealthyContainerStats$5(222)) - MISSING **Container State Stats:** 
	TOTAL_KEYS -> 1 , CONTAINER_COUNT -> 1 , TOTAL_USED_BYTES -> 7
2025-10-07 20:52:23,961 [ContainerHealthTask] INFO  fsck.ContainerHealthTask (ContainerHealthTask.java:lambda$logUnhealthyContainerStats$5(222)) - OVER_REPLICATED **Container State Stats:** 
	TOTAL_KEYS -> 1 , CONTAINER_COUNT -> 1 , TOTAL_USED_BYTES -> 7
2025-10-07 20:52:24,340 [ReplicationMonitor] INFO  replication.ReplicationManager (ReplicationManager.java:processAll(384)) - Replication Monitor Thread took 1 milliseconds for processing 2 containers.
2025-10-07 20:52:24,472 [Recon-SyncOM-2] INFO  impl.OzoneManagerServiceProviderImpl (OzoneManagerServiceProviderImpl.java:lambda$startSyncDataFromOM$2(331)) - Last known sequence number before sync: 22
2025-10-07 20:52:24,472 [Recon-SyncOM-2] INFO  impl.OzoneManagerServiceProviderImpl (OzoneManagerServiceProviderImpl.java:syncDataFromOM(630)) - Seq number of Recon's OM DB : 22
2025-10-07 20:52:24,475 [Recon-SyncOM-2] INFO  impl.OzoneManagerServiceProviderImpl (OzoneManagerServiceProviderImpl.java:innerGetAndApplyDeltaUpdatesFromOM(600)) - From Sequence Number:22, Recon DB Sequence Number: 22, Number of updates received from OM : 0, SequenceNumber diff: 0, SequenceNumber Lag from OM 0, isDBUpdateSuccess: true
2025-10-07 20:52:24,477 [Recon-SyncOM-2] INFO  impl.OzoneManagerServiceProviderImpl (OzoneManagerServiceProviderImpl.java:syncDataFromOM(746)) - Delta updates received from OM : 1 loops, 0 records
2025-10-07 20:52:24,477 [Recon-SyncOM-2] INFO  impl.OzoneManagerServiceProviderImpl (OzoneManagerServiceProviderImpl.java:lambda$startSyncDataFromOM$2(336)) - Sequence number after sync: 22
Connecting to Recon: http://localhost:15000/api/v1/containers/unhealthy/MISSING ...
2025-10-07 20:52:24,526 [qtp1181622455-547] INFO  requests.recon (Slf4jRequestLogWriter.java:write(62)) - 127.0.0.1 - - [07/Oct/2025:20:52:24 +0000] "GET /api/v1/containers/unhealthy/MISSING HTTP/1.1" 200 593 "-" "Java/21.0.8"
2025-10-07 20:52:24,529 [ForkJoinPool-1-worker-1] INFO  recon.TestReconAndAdminContainerCLI (TestReconAndAdminContainerCLI.java:assertReportsMatch(344)) - Reports do not match (yet): expected: <0> but was: <1>
2025-10-07 20:52:24,967 [ContainerHealthTask] INFO  fsck.ContainerHealthTask (ContainerHealthTask.java:generateUnhealthyRecords(573)) - Non-empty container 2 is missing. It has 1 keys and 7 bytes used according to SCM metadata. Please visit Recon's missing container page for a list of keys (and their metadata) mapped to this container.
2025-10-07 20:52:24,968 [ContainerHealthTask] INFO  fsck.ContainerHealthTask (ContainerHealthTask.java:checkAndProcessContainers(194)) - Container Health task thread took 1 iterations to fetch all containers using batched approach with batch size of 1000
2025-10-07 20:52:24,968 [ContainerHealthTask] INFO  fsck.ContainerHealthTask (ContainerHealthTask.java:lambda$logUnhealthyContainerStats$5(222)) - MISSING **Container State Stats:** 
	TOTAL_KEYS -> 1 , CONTAINER_COUNT -> 1 , TOTAL_USED_BYTES -> 7
2025-10-07 20:52:24,968 [ContainerHealthTask] INFO  fsck.ContainerHealthTask (ContainerHealthTask.java:lambda$logUnhealthyContainerStats$5(222)) - OVER_REPLICATED **Container State Stats:** 
	TOTAL_KEYS -> 1 , CONTAINER_COUNT -> 1 , TOTAL_USED_BYTES -> 7
2025-10-07 20:52:25,340 [ReplicationMonitor] INFO  replication.ReplicationManager (ReplicationManager.java:processAll(384)) - Replication Monitor Thread took 0 milliseconds for processing 2 containers.
2025-10-07 20:52:25,477 [Recon-SyncOM-2] INFO  impl.OzoneManagerServiceProviderImpl (OzoneManagerServiceProviderImpl.java:lambda$startSyncDataFromOM$2(331)) - Last known sequence number before sync: 22
2025-10-07 20:52:25,478 [Recon-SyncOM-2] INFO  impl.OzoneManagerServiceProviderImpl (OzoneManagerServiceProviderImpl.java:syncDataFromOM(630)) - Seq number of Recon's OM DB : 22
2025-10-07 20:52:25,481 [Recon-SyncOM-2] INFO  impl.OzoneManagerServiceProviderImpl (OzoneManagerServiceProviderImpl.java:innerGetAndApplyDeltaUpdatesFromOM(600)) - From Sequence Number:22, Recon DB Sequence Number: 22, Number of updates received from OM : 0, SequenceNumber diff: 0, SequenceNumber Lag from OM 0, isDBUpdateSuccess: true
2025-10-07 20:52:25,483 [Recon-SyncOM-2] INFO  impl.OzoneManagerServiceProviderImpl (OzoneManagerServiceProviderImpl.java:syncDataFromOM(746)) - Delta updates received from OM : 1 loops, 0 records
2025-10-07 20:52:25,483 [Recon-SyncOM-2] INFO  impl.OzoneManagerServiceProviderImpl (OzoneManagerServiceProviderImpl.java:lambda$startSyncDataFromOM$2(336)) - Sequence number after sync: 22
Connecting to Recon: http://localhost:15000/api/v1/containers/unhealthy/MISSING ...
2025-10-07 20:52:25,535 [qtp1181622455-548] INFO  requests.recon (Slf4jRequestLogWriter.java:write(62)) - 127.0.0.1 - - [07/Oct/2025:20:52:25 +0000] "GET /api/v1/containers/unhealthy/MISSING HTTP/1.1" 200 593 "-" "Java/21.0.8"
2025-10-07 20:52:25,539 [ForkJoinPool-1-worker-1] INFO  recon.TestReconAndAdminContainerCLI (TestReconAndAdminContainerCLI.java:assertReportsMatch(344)) - Reports do not match (yet): expected: <0> but was: <1>
2025-10-07 20:52:25,974 [ContainerHealthTask] INFO  fsck.ContainerHealthTask (ContainerHealthTask.java:generateUnhealthyRecords(573)) - Non-empty container 2 is missing. It has 1 keys and 7 bytes used according to SCM metadata. Please visit Recon's missing container page for a list of keys (and their metadata) mapped to this container.
2025-10-07 20:52:25,975 [ContainerHealthTask] INFO  fsck.ContainerHealthTask (ContainerHealthTask.java:checkAndProcessContainers(194)) - Container Health task thread took 1 iterations to fetch all containers using batched approach with batch size of 1000
2025-10-07 20:52:25,975 [ContainerHealthTask] INFO  fsck.ContainerHealthTask (ContainerHealthTask.java:lambda$logUnhealthyContainerStats$5(222)) - MISSING **Container State Stats:** 
	TOTAL_KEYS -> 1 , CONTAINER_COUNT -> 1 , TOTAL_USED_BYTES -> 7
2025-10-07 20:52:25,975 [ContainerHealthTask] INFO  fsck.ContainerHealthTask (ContainerHealthTask.java:lambda$logUnhealthyContainerStats$5(222)) - OVER_REPLICATED **Container State Stats:** 
	TOTAL_KEYS -> 1 , CONTAINER_COUNT -> 1 , TOTAL_USED_BYTES -> 7
2025-10-07 20:52:26,341 [ReplicationMonitor] INFO  replication.ReplicationManager (ReplicationManager.java:processAll(384)) - Replication Monitor Thread took 0 milliseconds for processing 2 containers.
2025-10-07 20:52:26,484 [Recon-SyncOM-2] INFO  impl.OzoneManagerServiceProviderImpl (OzoneManagerServiceProviderImpl.java:lambda$startSyncDataFromOM$2(331)) - Last known sequence number before sync: 22
2025-10-07 20:52:26,484 [Recon-SyncOM-2] INFO  impl.OzoneManagerServiceProviderImpl (OzoneManagerServiceProviderImpl.java:syncDataFromOM(630)) - Seq number of Recon's OM DB : 22
2025-10-07 20:52:26,487 [Recon-SyncOM-2] INFO  impl.OzoneManagerServiceProviderImpl (OzoneManagerServiceProviderImpl.java:innerGetAndApplyDeltaUpdatesFromOM(600)) - From Sequence Number:22, Recon DB Sequence Number: 22, Number of updates received from OM : 0, SequenceNumber diff: 0, SequenceNumber Lag from OM 0, isDBUpdateSuccess: true
2025-10-07 20:52:26,490 [Recon-SyncOM-2] INFO  impl.OzoneManagerServiceProviderImpl (OzoneManagerServiceProviderImpl.java:syncDataFromOM(746)) - Delta updates received from OM : 1 loops, 0 records
2025-10-07 20:52:26,490 [Recon-SyncOM-2] INFO  impl.OzoneManagerServiceProviderImpl (OzoneManagerServiceProviderImpl.java:lambda$startSyncDataFromOM$2(336)) - Sequence number after sync: 22
Connecting to Recon: http://localhost:15000/api/v1/containers/unhealthy/MISSING ...
2025-10-07 20:52:26,545 [qtp1181622455-547] INFO  requests.recon (Slf4jRequestLogWriter.java:write(62)) - 127.0.0.1 - - [07/Oct/2025:20:52:26 +0000] "GET /api/v1/containers/unhealthy/MISSING HTTP/1.1" 200 593 "-" "Java/21.0.8"
2025-10-07 20:52:26,548 [ForkJoinPool-1-worker-1] INFO  recon.TestReconAndAdminContainerCLI (TestReconAndAdminContainerCLI.java:assertReportsMatch(344)) - Reports do not match (yet): expected: <0> but was: <1>
2025-10-07 20:52:26,982 [ContainerHealthTask] INFO  fsck.ContainerHealthTask (ContainerHealthTask.java:generateUnhealthyRecords(573)) - Non-empty container 2 is missing. It has 1 keys and 7 bytes used according to SCM metadata. Please visit Recon's missing container page for a list of keys (and their metadata) mapped to this container.
2025-10-07 20:52:26,982 [ContainerHealthTask] INFO  fsck.ContainerHealthTask (ContainerHealthTask.java:checkAndProcessContainers(194)) - Container Health task thread took 1 iterations to fetch all containers using batched approach with batch size of 1000
2025-10-07 20:52:26,982 [ContainerHealthTask] INFO  fsck.ContainerHealthTask (ContainerHealthTask.java:lambda$logUnhealthyContainerStats$5(222)) - MISSING **Container State Stats:** 
	TOTAL_KEYS -> 1 , CONTAINER_COUNT -> 1 , TOTAL_USED_BYTES -> 7
2025-10-07 20:52:26,982 [ContainerHealthTask] INFO  fsck.ContainerHealthTask (ContainerHealthTask.java:lambda$logUnhealthyContainerStats$5(222)) - OVER_REPLICATED **Container State Stats:** 
	TOTAL_KEYS -> 1 , CONTAINER_COUNT -> 1 , TOTAL_USED_BYTES -> 7
2025-10-07 20:52:27,342 [ReplicationMonitor] INFO  replication.ReplicationManager (ReplicationManager.java:processAll(384)) - Replication Monitor Thread took 1 milliseconds for processing 2 containers.
2025-10-07 20:52:27,490 [Recon-SyncOM-2] INFO  impl.OzoneManagerServiceProviderImpl (OzoneManagerServiceProviderImpl.java:lambda$startSyncDataFromOM$2(331)) - Last known sequence number before sync: 22
2025-10-07 20:52:27,490 [Recon-SyncOM-2] INFO  impl.OzoneManagerServiceProviderImpl (OzoneManagerServiceProviderImpl.java:syncDataFromOM(630)) - Seq number of Recon's OM DB : 22
2025-10-07 20:52:27,495 [Recon-SyncOM-2] INFO  impl.OzoneManagerServiceProviderImpl (OzoneManagerServiceProviderImpl.java:innerGetAndApplyDeltaUpdatesFromOM(600)) - From Sequence Number:22, Recon DB Sequence Number: 22, Number of updates received from OM : 0, SequenceNumber diff: 0, SequenceNumber Lag from OM 0, isDBUpdateSuccess: true
2025-10-07 20:52:27,498 [Recon-SyncOM-2] INFO  impl.OzoneManagerServiceProviderImpl (OzoneManagerServiceProviderImpl.java:syncDataFromOM(746)) - Delta updates received from OM : 1 loops, 0 records
2025-10-07 20:52:27,498 [Recon-SyncOM-2] INFO  impl.OzoneManagerServiceProviderImpl (OzoneManagerServiceProviderImpl.java:lambda$startSyncDataFromOM$2(336)) - Sequence number after sync: 22
Connecting to Recon: http://localhost:15000/api/v1/containers/unhealthy/MISSING ...
2025-10-07 20:52:27,555 [qtp1181622455-548] INFO  requests.recon (Slf4jRequestLogWriter.java:write(62)) - 127.0.0.1 - - [07/Oct/2025:20:52:27 +0000] "GET /api/v1/containers/unhealthy/MISSING HTTP/1.1" 200 593 "-" "Java/21.0.8"
2025-10-07 20:52:27,557 [ForkJoinPool-1-worker-1] INFO  recon.TestReconAndAdminContainerCLI (TestReconAndAdminContainerCLI.java:assertReportsMatch(344)) - Reports do not match (yet): expected: <0> but was: <1>
2025-10-07 20:52:27,989 [ContainerHealthTask] INFO  fsck.ContainerHealthTask (ContainerHealthTask.java:generateUnhealthyRecords(573)) - Non-empty container 2 is missing. It has 1 keys and 7 bytes used according to SCM metadata. Please visit Recon's missing container page for a list of keys (and their metadata) mapped to this container.
2025-10-07 20:52:27,990 [ContainerHealthTask] INFO  fsck.ContainerHealthTask (ContainerHealthTask.java:checkAndProcessContainers(194)) - Container Health task thread took 1 iterations to fetch all containers using batched approach with batch size of 1000
2025-10-07 20:52:27,990 [ContainerHealthTask] INFO  fsck.ContainerHealthTask (ContainerHealthTask.java:lambda$logUnhealthyContainerStats$5(222)) - MISSING **Container State Stats:** 
	TOTAL_KEYS -> 1 , CONTAINER_COUNT -> 1 , TOTAL_USED_BYTES -> 7
2025-10-07 20:52:27,990 [ContainerHealthTask] INFO  fsck.ContainerHealthTask (ContainerHealthTask.java:lambda$logUnhealthyContainerStats$5(222)) - OVER_REPLICATED **Container State Stats:** 
	TOTAL_KEYS -> 1 , CONTAINER_COUNT -> 1 , TOTAL_USED_BYTES -> 7
2025-10-07 20:52:28,342 [ReplicationMonitor] INFO  replication.ReplicationManager (ReplicationManager.java:processAll(384)) - Replication Monitor Thread took 0 milliseconds for processing 2 containers.
2025-10-07 20:52:28,498 [Recon-SyncOM-2] INFO  impl.OzoneManagerServiceProviderImpl (OzoneManagerServiceProviderImpl.java:lambda$startSyncDataFromOM$2(331)) - Last known sequence number before sync: 22
2025-10-07 20:52:28,498 [Recon-SyncOM-2] INFO  impl.OzoneManagerServiceProviderImpl (OzoneManagerServiceProviderImpl.java:syncDataFromOM(630)) - Seq number of Recon's OM DB : 22
2025-10-07 20:52:28,501 [Recon-SyncOM-2] INFO  impl.OzoneManagerServiceProviderImpl (OzoneManagerServiceProviderImpl.java:innerGetAndApplyDeltaUpdatesFromOM(600)) - From Sequence Number:22, Recon DB Sequence Number: 22, Number of updates received from OM : 0, SequenceNumber diff: 0, SequenceNumber Lag from OM 0, isDBUpdateSuccess: true
2025-10-07 20:52:28,504 [Recon-SyncOM-2] INFO  impl.OzoneManagerServiceProviderImpl (OzoneManagerServiceProviderImpl.java:syncDataFromOM(746)) - Delta updates received from OM : 1 loops, 0 records
2025-10-07 20:52:28,504 [Recon-SyncOM-2] INFO  impl.OzoneManagerServiceProviderImpl (OzoneManagerServiceProviderImpl.java:lambda$startSyncDataFromOM$2(336)) - Sequence number after sync: 22
Connecting to Recon: http://localhost:15000/api/v1/containers/unhealthy/MISSING ...
2025-10-07 20:52:28,563 [qtp1181622455-547] INFO  requests.recon (Slf4jRequestLogWriter.java:write(62)) - 127.0.0.1 - - [07/Oct/2025:20:52:28 +0000] "GET /api/v1/containers/unhealthy/MISSING HTTP/1.1" 200 593 "-" "Java/21.0.8"
2025-10-07 20:52:28,566 [ForkJoinPool-1-worker-1] INFO  recon.TestReconAndAdminContainerCLI (TestReconAndAdminContainerCLI.java:assertReportsMatch(344)) - Reports do not match (yet): expected: <0> but was: <1>
2025-10-07 20:52:28,997 [ContainerHealthTask] INFO  fsck.ContainerHealthTask (ContainerHealthTask.java:generateUnhealthyRecords(573)) - Non-empty container 2 is missing. It has 1 keys and 7 bytes used according to SCM metadata. Please visit Recon's missing container page for a list of keys (and their metadata) mapped to this container.
2025-10-07 20:52:28,997 [ContainerHealthTask] INFO  fsck.ContainerHealthTask (ContainerHealthTask.java:checkAndProcessContainers(194)) - Container Health task thread took 1 iterations to fetch all containers using batched approach with batch size of 1000
2025-10-07 20:52:28,997 [ContainerHealthTask] INFO  fsck.ContainerHealthTask (ContainerHealthTask.java:lambda$logUnhealthyContainerStats$5(222)) - MISSING **Container State Stats:** 
	TOTAL_KEYS -> 1 , CONTAINER_COUNT -> 1 , TOTAL_USED_BYTES -> 7
2025-10-07 20:52:28,997 [ContainerHealthTask] INFO  fsck.ContainerHealthTask (ContainerHealthTask.java:lambda$logUnhealthyContainerStats$5(222)) - OVER_REPLICATED **Container State Stats:** 
	TOTAL_KEYS -> 1 , CONTAINER_COUNT -> 1 , TOTAL_USED_BYTES -> 7
2025-10-07 20:52:29,343 [ReplicationMonitor] INFO  replication.ReplicationManager (ReplicationManager.java:processAll(384)) - Replication Monitor Thread took 0 milliseconds for processing 2 containers.
2025-10-07 20:52:29,504 [Recon-SyncOM-2] INFO  impl.OzoneManagerServiceProviderImpl (OzoneManagerServiceProviderImpl.java:lambda$startSyncDataFromOM$2(331)) - Last known sequence number before sync: 22
2025-10-07 20:52:29,504 [Recon-SyncOM-2] INFO  impl.OzoneManagerServiceProviderImpl (OzoneManagerServiceProviderImpl.java:syncDataFromOM(630)) - Seq number of Recon's OM DB : 22
2025-10-07 20:52:29,508 [Recon-SyncOM-2] INFO  impl.OzoneManagerServiceProviderImpl (OzoneManagerServiceProviderImpl.java:innerGetAndApplyDeltaUpdatesFromOM(600)) - From Sequence Number:22, Recon DB Sequence Number: 22, Number of updates received from OM : 0, SequenceNumber diff: 0, SequenceNumber Lag from OM 0, isDBUpdateSuccess: true
2025-10-07 20:52:29,510 [Recon-SyncOM-2] INFO  impl.OzoneManagerServiceProviderImpl (OzoneManagerServiceProviderImpl.java:syncDataFromOM(746)) - Delta updates received from OM : 1 loops, 0 records
2025-10-07 20:52:29,510 [Recon-SyncOM-2] INFO  impl.OzoneManagerServiceProviderImpl (OzoneManagerServiceProviderImpl.java:lambda$startSyncDataFromOM$2(336)) - Sequence number after sync: 22
Connecting to Recon: http://localhost:15000/api/v1/containers/unhealthy/MISSING ...
2025-10-07 20:52:29,573 [qtp1181622455-548] INFO  requests.recon (Slf4jRequestLogWriter.java:write(62)) - 127.0.0.1 - - [07/Oct/2025:20:52:29 +0000] "GET /api/v1/containers/unhealthy/MISSING HTTP/1.1" 200 593 "-" "Java/21.0.8"
2025-10-07 20:52:29,576 [ForkJoinPool-1-worker-1] INFO  recon.TestReconAndAdminContainerCLI (TestReconAndAdminContainerCLI.java:assertReportsMatch(344)) - Reports do not match (yet): expected: <0> but was: <1>
2025-10-07 20:52:30,003 [ContainerHealthTask] INFO  fsck.ContainerHealthTask (ContainerHealthTask.java:generateUnhealthyRecords(573)) - Non-empty container 2 is missing. It has 1 keys and 7 bytes used according to SCM metadata. Please visit Recon's missing container page for a list of keys (and their metadata) mapped to this container.
2025-10-07 20:52:30,004 [ContainerHealthTask] INFO  fsck.ContainerHealthTask (ContainerHealthTask.java:checkAndProcessContainers(194)) - Container Health task thread took 1 iterations to fetch all containers using batched approach with batch size of 1000
2025-10-07 20:52:30,004 [ContainerHealthTask] INFO  fsck.ContainerHealthTask (ContainerHealthTask.java:lambda$logUnhealthyContainerStats$5(222)) - MISSING **Container State Stats:** 
	TOTAL_KEYS -> 1 , CONTAINER_COUNT -> 1 , TOTAL_USED_BYTES -> 7
2025-10-07 20:52:30,004 [ContainerHealthTask] INFO  fsck.ContainerHealthTask (ContainerHealthTask.java:lambda$logUnhealthyContainerStats$5(222)) - OVER_REPLICATED **Container State Stats:** 
	TOTAL_KEYS -> 1 , CONTAINER_COUNT -> 1 , TOTAL_USED_BYTES -> 7
2025-10-07 20:52:30,344 [ReplicationMonitor] INFO  replication.ReplicationManager (ReplicationManager.java:processAll(384)) - Replication Monitor Thread took 1 milliseconds for processing 2 containers.
2025-10-07 20:52:30,510 [Recon-SyncOM-2] INFO  impl.OzoneManagerServiceProviderImpl (OzoneManagerServiceProviderImpl.java:lambda$startSyncDataFromOM$2(331)) - Last known sequence number before sync: 22
2025-10-07 20:52:30,510 [Recon-SyncOM-2] INFO  impl.OzoneManagerServiceProviderImpl (OzoneManagerServiceProviderImpl.java:syncDataFromOM(630)) - Seq number of Recon's OM DB : 22
2025-10-07 20:52:30,513 [Recon-SyncOM-2] INFO  impl.OzoneManagerServiceProviderImpl (OzoneManagerServiceProviderImpl.java:innerGetAndApplyDeltaUpdatesFromOM(600)) - From Sequence Number:22, Recon DB Sequence Number: 22, Number of updates received from OM : 0, SequenceNumber diff: 0, SequenceNumber Lag from OM 0, isDBUpdateSuccess: true
2025-10-07 20:52:30,516 [Recon-SyncOM-2] INFO  impl.OzoneManagerServiceProviderImpl (OzoneManagerServiceProviderImpl.java:syncDataFromOM(746)) - Delta updates received from OM : 1 loops, 0 records
2025-10-07 20:52:30,516 [Recon-SyncOM-2] INFO  impl.OzoneManagerServiceProviderImpl (OzoneManagerServiceProviderImpl.java:lambda$startSyncDataFromOM$2(336)) - Sequence number after sync: 22
Connecting to Recon: http://localhost:15000/api/v1/containers/unhealthy/MISSING ...
2025-10-07 20:52:30,582 [qtp1181622455-547] INFO  requests.recon (Slf4jRequestLogWriter.java:write(62)) - 127.0.0.1 - - [07/Oct/2025:20:52:30 +0000] "GET /api/v1/containers/unhealthy/MISSING HTTP/1.1" 200 593 "-" "Java/21.0.8"
2025-10-07 20:52:30,585 [ForkJoinPool-1-worker-1] INFO  recon.TestReconAndAdminContainerCLI (TestReconAndAdminContainerCLI.java:assertReportsMatch(344)) - Reports do not match (yet): expected: <0> but was: <1>
2025-10-07 20:52:31,011 [ContainerHealthTask] INFO  fsck.ContainerHealthTask (ContainerHealthTask.java:generateUnhealthyRecords(573)) - Non-empty container 2 is missing. It has 1 keys and 7 bytes used according to SCM metadata. Please visit Recon's missing container page for a list of keys (and their metadata) mapped to this container.
2025-10-07 20:52:31,011 [ContainerHealthTask] INFO  fsck.ContainerHealthTask (ContainerHealthTask.java:checkAndProcessContainers(194)) - Container Health task thread took 1 iterations to fetch all containers using batched approach with batch size of 1000
2025-10-07 20:52:31,011 [ContainerHealthTask] INFO  fsck.ContainerHealthTask (ContainerHealthTask.java:lambda$logUnhealthyContainerStats$5(222)) - MISSING **Container State Stats:** 
	TOTAL_KEYS -> 1 , CONTAINER_COUNT -> 1 , TOTAL_USED_BYTES -> 7
2025-10-07 20:52:31,011 [ContainerHealthTask] INFO  fsck.ContainerHealthTask (ContainerHealthTask.java:lambda$logUnhealthyContainerStats$5(222)) - OVER_REPLICATED **Container State Stats:** 
	TOTAL_KEYS -> 1 , CONTAINER_COUNT -> 1 , TOTAL_USED_BYTES -> 7
2025-10-07 20:52:31,344 [ReplicationMonitor] INFO  replication.ReplicationManager (ReplicationManager.java:processAll(384)) - Replication Monitor Thread took 0 milliseconds for processing 2 containers.
2025-10-07 20:52:31,516 [Recon-SyncOM-2] INFO  impl.OzoneManagerServiceProviderImpl (OzoneManagerServiceProviderImpl.java:lambda$startSyncDataFromOM$2(331)) - Last known sequence number before sync: 22
2025-10-07 20:52:31,516 [Recon-SyncOM-2] INFO  impl.OzoneManagerServiceProviderImpl (OzoneManagerServiceProviderImpl.java:syncDataFromOM(630)) - Seq number of Recon's OM DB : 22
2025-10-07 20:52:31,519 [Recon-SyncOM-2] INFO  impl.OzoneManagerServiceProviderImpl (OzoneManagerServiceProviderImpl.java:innerGetAndApplyDeltaUpdatesFromOM(600)) - From Sequence Number:22, Recon DB Sequence Number: 22, Number of updates received from OM : 0, SequenceNumber diff: 0, SequenceNumber Lag from OM 0, isDBUpdateSuccess: true
2025-10-07 20:52:31,522 [Recon-SyncOM-2] INFO  impl.OzoneManagerServiceProviderImpl (OzoneManagerServiceProviderImpl.java:syncDataFromOM(746)) - Delta updates received from OM : 1 loops, 0 records
2025-10-07 20:52:31,522 [Recon-SyncOM-2] INFO  impl.OzoneManagerServiceProviderImpl (OzoneManagerServiceProviderImpl.java:lambda$startSyncDataFromOM$2(336)) - Sequence number after sync: 22
Connecting to Recon: http://localhost:15000/api/v1/containers/unhealthy/MISSING ...
2025-10-07 20:52:31,591 [qtp1181622455-548] INFO  requests.recon (Slf4jRequestLogWriter.java:write(62)) - 127.0.0.1 - - [07/Oct/2025:20:52:31 +0000] "GET /api/v1/containers/unhealthy/MISSING HTTP/1.1" 200 593 "-" "Java/21.0.8"
2025-10-07 20:52:31,594 [ForkJoinPool-1-worker-1] INFO  recon.TestReconAndAdminContainerCLI (TestReconAndAdminContainerCLI.java:assertReportsMatch(344)) - Reports do not match (yet): expected: <0> but was: <1>
2025-10-07 20:52:32,017 [ContainerHealthTask] INFO  fsck.ContainerHealthTask (ContainerHealthTask.java:generateUnhealthyRecords(573)) - Non-empty container 2 is missing. It has 1 keys and 7 bytes used according to SCM metadata. Please visit Recon's missing container page for a list of keys (and their metadata) mapped to this container.
2025-10-07 20:52:32,018 [ContainerHealthTask] INFO  fsck.ContainerHealthTask (ContainerHealthTask.java:checkAndProcessContainers(194)) - Container Health task thread took 1 iterations to fetch all containers using batched approach with batch size of 1000
2025-10-07 20:52:32,018 [ContainerHealthTask] INFO  fsck.ContainerHealthTask (ContainerHealthTask.java:lambda$logUnhealthyContainerStats$5(222)) - MISSING **Container State Stats:** 
	TOTAL_KEYS -> 1 , CONTAINER_COUNT -> 1 , TOTAL_USED_BYTES -> 7
2025-10-07 20:52:32,018 [ContainerHealthTask] INFO  fsck.ContainerHealthTask (ContainerHealthTask.java:lambda$logUnhealthyContainerStats$5(222)) - OVER_REPLICATED **Container State Stats:** 
	TOTAL_KEYS -> 1 , CONTAINER_COUNT -> 1 , TOTAL_USED_BYTES -> 7
2025-10-07 20:52:32,345 [ReplicationMonitor] INFO  replication.ReplicationManager (ReplicationManager.java:processAll(384)) - Replication Monitor Thread took 0 milliseconds for processing 2 containers.
2025-10-07 20:52:32,522 [Recon-SyncOM-2] INFO  impl.OzoneManagerServiceProviderImpl (OzoneManagerServiceProviderImpl.java:lambda$startSyncDataFromOM$2(331)) - Last known sequence number before sync: 22
2025-10-07 20:52:32,522 [Recon-SyncOM-2] INFO  impl.OzoneManagerServiceProviderImpl (OzoneManagerServiceProviderImpl.java:syncDataFromOM(630)) - Seq number of Recon's OM DB : 22
2025-10-07 20:52:32,525 [Recon-SyncOM-2] INFO  impl.OzoneManagerServiceProviderImpl (OzoneManagerServiceProviderImpl.java:innerGetAndApplyDeltaUpdatesFromOM(600)) - From Sequence Number:22, Recon DB Sequence Number: 22, Number of updates received from OM : 0, SequenceNumber diff: 0, SequenceNumber Lag from OM 0, isDBUpdateSuccess: true
2025-10-07 20:52:32,528 [Recon-SyncOM-2] INFO  impl.OzoneManagerServiceProviderImpl (OzoneManagerServiceProviderImpl.java:syncDataFromOM(746)) - Delta updates received from OM : 1 loops, 0 records
2025-10-07 20:52:32,528 [Recon-SyncOM-2] INFO  impl.OzoneManagerServiceProviderImpl (OzoneManagerServiceProviderImpl.java:lambda$startSyncDataFromOM$2(336)) - Sequence number after sync: 22
Connecting to Recon: http://localhost:15000/api/v1/containers/unhealthy/MISSING ...
2025-10-07 20:52:32,600 [qtp1181622455-547] INFO  requests.recon (Slf4jRequestLogWriter.java:write(62)) - 127.0.0.1 - - [07/Oct/2025:20:52:32 +0000] "GET /api/v1/containers/unhealthy/MISSING HTTP/1.1" 200 593 "-" "Java/21.0.8"
2025-10-07 20:52:32,603 [ForkJoinPool-1-worker-1] INFO  recon.TestReconAndAdminContainerCLI (TestReconAndAdminContainerCLI.java:assertReportsMatch(344)) - Reports do not match (yet): expected: <0> but was: <1>
2025-10-07 20:52:33,024 [ContainerHealthTask] INFO  fsck.ContainerHealthTask (ContainerHealthTask.java:generateUnhealthyRecords(573)) - Non-empty container 2 is missing. It has 1 keys and 7 bytes used according to SCM metadata. Please visit Recon's missing container page for a list of keys (and their metadata) mapped to this container.
2025-10-07 20:52:33,025 [ContainerHealthTask] INFO  fsck.ContainerHealthTask (ContainerHealthTask.java:checkAndProcessContainers(194)) - Container Health task thread took 1 iterations to fetch all containers using batched approach with batch size of 1000
2025-10-07 20:52:33,025 [ContainerHealthTask] INFO  fsck.ContainerHealthTask (ContainerHealthTask.java:lambda$logUnhealthyContainerStats$5(222)) - MISSING **Container State Stats:** 
	TOTAL_KEYS -> 1 , CONTAINER_COUNT -> 1 , TOTAL_USED_BYTES -> 7
2025-10-07 20:52:33,025 [ContainerHealthTask] INFO  fsck.ContainerHealthTask (ContainerHealthTask.java:lambda$logUnhealthyContainerStats$5(222)) - OVER_REPLICATED **Container State Stats:** 
	TOTAL_KEYS -> 1 , CONTAINER_COUNT -> 1 , TOTAL_USED_BYTES -> 7
2025-10-07 20:52:33,346 [ReplicationMonitor] INFO  replication.ReplicationManager (ReplicationManager.java:processAll(384)) - Replication Monitor Thread took 1 milliseconds for processing 2 containers.
2025-10-07 20:52:33,528 [Recon-SyncOM-2] INFO  impl.OzoneManagerServiceProviderImpl (OzoneManagerServiceProviderImpl.java:lambda$startSyncDataFromOM$2(331)) - Last known sequence number before sync: 22
2025-10-07 20:52:33,528 [Recon-SyncOM-2] INFO  impl.OzoneManagerServiceProviderImpl (OzoneManagerServiceProviderImpl.java:syncDataFromOM(630)) - Seq number of Recon's OM DB : 22
2025-10-07 20:52:33,531 [Recon-SyncOM-2] INFO  impl.OzoneManagerServiceProviderImpl (OzoneManagerServiceProviderImpl.java:innerGetAndApplyDeltaUpdatesFromOM(600)) - From Sequence Number:22, Recon DB Sequence Number: 22, Number of updates received from OM : 0, SequenceNumber diff: 0, SequenceNumber Lag from OM 0, isDBUpdateSuccess: true
2025-10-07 20:52:33,534 [Recon-SyncOM-2] INFO  impl.OzoneManagerServiceProviderImpl (OzoneManagerServiceProviderImpl.java:syncDataFromOM(746)) - Delta updates received from OM : 1 loops, 0 records
2025-10-07 20:52:33,534 [Recon-SyncOM-2] INFO  impl.OzoneManagerServiceProviderImpl (OzoneManagerServiceProviderImpl.java:lambda$startSyncDataFromOM$2(336)) - Sequence number after sync: 22
Connecting to Recon: http://localhost:15000/api/v1/containers/unhealthy/MISSING ...
2025-10-07 20:52:33,609 [qtp1181622455-548] INFO  requests.recon (Slf4jRequestLogWriter.java:write(62)) - 127.0.0.1 - - [07/Oct/2025:20:52:33 +0000] "GET /api/v1/containers/unhealthy/MISSING HTTP/1.1" 200 593 "-" "Java/21.0.8"
2025-10-07 20:52:33,611 [ForkJoinPool-1-worker-1] INFO  recon.TestReconAndAdminContainerCLI (TestReconAndAdminContainerCLI.java:assertReportsMatch(344)) - Reports do not match (yet): expected: <0> but was: <1>
2025-10-07 20:52:34,031 [ContainerHealthTask] INFO  fsck.ContainerHealthTask (ContainerHealthTask.java:generateUnhealthyRecords(573)) - Non-empty container 2 is missing. It has 1 keys and 7 bytes used according to SCM metadata. Please visit Recon's missing container page for a list of keys (and their metadata) mapped to this container.
2025-10-07 20:52:34,031 [ContainerHealthTask] INFO  fsck.ContainerHealthTask (ContainerHealthTask.java:checkAndProcessContainers(194)) - Container Health task thread took 1 iterations to fetch all containers using batched approach with batch size of 1000
2025-10-07 20:52:34,031 [ContainerHealthTask] INFO  fsck.ContainerHealthTask (ContainerHealthTask.java:lambda$logUnhealthyContainerStats$5(222)) - MISSING **Container State Stats:** 
	TOTAL_KEYS -> 1 , CONTAINER_COUNT -> 1 , TOTAL_USED_BYTES -> 7
2025-10-07 20:52:34,031 [ContainerHealthTask] INFO  fsck.ContainerHealthTask (ContainerHealthTask.java:lambda$logUnhealthyContainerStats$5(222)) - OVER_REPLICATED **Container State Stats:** 
	TOTAL_KEYS -> 1 , CONTAINER_COUNT -> 1 , TOTAL_USED_BYTES -> 7
2025-10-07 20:52:34,346 [ReplicationMonitor] INFO  replication.ReplicationManager (ReplicationManager.java:processAll(384)) - Replication Monitor Thread took 0 milliseconds for processing 2 containers.
2025-10-07 20:52:34,534 [Recon-SyncOM-2] INFO  impl.OzoneManagerServiceProviderImpl (OzoneManagerServiceProviderImpl.java:lambda$startSyncDataFromOM$2(331)) - Last known sequence number before sync: 22
2025-10-07 20:52:34,534 [Recon-SyncOM-2] INFO  impl.OzoneManagerServiceProviderImpl (OzoneManagerServiceProviderImpl.java:syncDataFromOM(630)) - Seq number of Recon's OM DB : 22
2025-10-07 20:52:34,537 [Recon-SyncOM-2] INFO  impl.OzoneManagerServiceProviderImpl (OzoneManagerServiceProviderImpl.java:innerGetAndApplyDeltaUpdatesFromOM(600)) - From Sequence Number:22, Recon DB Sequence Number: 22, Number of updates received from OM : 0, SequenceNumber diff: 0, SequenceNumber Lag from OM 0, isDBUpdateSuccess: true
2025-10-07 20:52:34,539 [Recon-SyncOM-2] INFO  impl.OzoneManagerServiceProviderImpl (OzoneManagerServiceProviderImpl.java:syncDataFromOM(746)) - Delta updates received from OM : 1 loops, 0 records
2025-10-07 20:52:34,539 [Recon-SyncOM-2] INFO  impl.OzoneManagerServiceProviderImpl (OzoneManagerServiceProviderImpl.java:lambda$startSyncDataFromOM$2(336)) - Sequence number after sync: 22
Connecting to Recon: http://localhost:15000/api/v1/containers/unhealthy/MISSING ...
2025-10-07 20:52:34,617 [qtp1181622455-547] INFO  requests.recon (Slf4jRequestLogWriter.java:write(62)) - 127.0.0.1 - - [07/Oct/2025:20:52:34 +0000] "GET /api/v1/containers/unhealthy/MISSING HTTP/1.1" 200 593 "-" "Java/21.0.8"
2025-10-07 20:52:34,619 [ForkJoinPool-1-worker-1] INFO  recon.TestReconAndAdminContainerCLI (TestReconAndAdminContainerCLI.java:assertReportsMatch(344)) - Reports do not match (yet): expected: <0> but was: <1>
2025-10-07 20:52:35,038 [ContainerHealthTask] INFO  fsck.ContainerHealthTask (ContainerHealthTask.java:generateUnhealthyRecords(573)) - Non-empty container 2 is missing. It has 1 keys and 7 bytes used according to SCM metadata. Please visit Recon's missing container page for a list of keys (and their metadata) mapped to this container.
2025-10-07 20:52:35,038 [ContainerHealthTask] INFO  fsck.ContainerHealthTask (ContainerHealthTask.java:checkAndProcessContainers(194)) - Container Health task thread took 1 iterations to fetch all containers using batched approach with batch size of 1000
2025-10-07 20:52:35,038 [ContainerHealthTask] INFO  fsck.ContainerHealthTask (ContainerHealthTask.java:lambda$logUnhealthyContainerStats$5(222)) - MISSING **Container State Stats:** 
	TOTAL_KEYS -> 1 , CONTAINER_COUNT -> 1 , TOTAL_USED_BYTES -> 7
2025-10-07 20:52:35,038 [ContainerHealthTask] INFO  fsck.ContainerHealthTask (ContainerHealthTask.java:lambda$logUnhealthyContainerStats$5(222)) - OVER_REPLICATED **Container State Stats:** 
	TOTAL_KEYS -> 1 , CONTAINER_COUNT -> 1 , TOTAL_USED_BYTES -> 7
2025-10-07 20:52:35,347 [ReplicationMonitor] INFO  replication.ReplicationManager (ReplicationManager.java:processAll(384)) - Replication Monitor Thread took 1 milliseconds for processing 2 containers.
2025-10-07 20:52:35,545 [Recon-SyncOM-2] INFO  impl.OzoneManagerServiceProviderImpl (OzoneManagerServiceProviderImpl.java:lambda$startSyncDataFromOM$2(331)) - Last known sequence number before sync: 22
2025-10-07 20:52:35,545 [Recon-SyncOM-2] INFO  impl.OzoneManagerServiceProviderImpl (OzoneManagerServiceProviderImpl.java:syncDataFromOM(630)) - Seq number of Recon's OM DB : 22
2025-10-07 20:52:35,549 [Recon-SyncOM-2] INFO  impl.OzoneManagerServiceProviderImpl (OzoneManagerServiceProviderImpl.java:innerGetAndApplyDeltaUpdatesFromOM(600)) - From Sequence Number:22, Recon DB Sequence Number: 22, Number of updates received from OM : 0, SequenceNumber diff: 0, SequenceNumber Lag from OM 0, isDBUpdateSuccess: true
2025-10-07 20:52:35,552 [Recon-SyncOM-2] INFO  impl.OzoneManagerServiceProviderImpl (OzoneManagerServiceProviderImpl.java:syncDataFromOM(746)) - Delta updates received from OM : 1 loops, 0 records
2025-10-07 20:52:35,552 [Recon-SyncOM-2] INFO  impl.OzoneManagerServiceProviderImpl (OzoneManagerServiceProviderImpl.java:lambda$startSyncDataFromOM$2(336)) - Sequence number after sync: 22
Connecting to Recon: http://localhost:15000/api/v1/containers/unhealthy/MISSING ...
2025-10-07 20:52:35,626 [qtp1181622455-548] INFO  requests.recon (Slf4jRequestLogWriter.java:write(62)) - 127.0.0.1 - - [07/Oct/2025:20:52:35 +0000] "GET /api/v1/containers/unhealthy/MISSING HTTP/1.1" 200 593 "-" "Java/21.0.8"
2025-10-07 20:52:35,628 [ForkJoinPool-1-worker-1] INFO  recon.TestReconAndAdminContainerCLI (TestReconAndAdminContainerCLI.java:assertReportsMatch(344)) - Reports do not match (yet): expected: <0> but was: <1>
2025-10-07 20:52:36,044 [ContainerHealthTask] INFO  fsck.ContainerHealthTask (ContainerHealthTask.java:generateUnhealthyRecords(573)) - Non-empty container 2 is missing. It has 1 keys and 7 bytes used according to SCM metadata. Please visit Recon's missing container page for a list of keys (and their metadata) mapped to this container.
2025-10-07 20:52:36,044 [ContainerHealthTask] INFO  fsck.ContainerHealthTask (ContainerHealthTask.java:checkAndProcessContainers(194)) - Container Health task thread took 1 iterations to fetch all containers using batched approach with batch size of 1000
2025-10-07 20:52:36,044 [ContainerHealthTask] INFO  fsck.ContainerHealthTask (ContainerHealthTask.java:lambda$logUnhealthyContainerStats$5(222)) - MISSING **Container State Stats:** 
	TOTAL_KEYS -> 1 , CONTAINER_COUNT -> 1 , TOTAL_USED_BYTES -> 7
2025-10-07 20:52:36,044 [ContainerHealthTask] INFO  fsck.ContainerHealthTask (ContainerHealthTask.java:lambda$logUnhealthyContainerStats$5(222)) - OVER_REPLICATED **Container State Stats:** 
	TOTAL_KEYS -> 1 , CONTAINER_COUNT -> 1 , TOTAL_USED_BYTES -> 7
2025-10-07 20:52:36,347 [ReplicationMonitor] INFO  replication.ReplicationManager (ReplicationManager.java:processAll(384)) - Replication Monitor Thread took 0 milliseconds for processing 2 containers.
2025-10-07 20:52:36,552 [Recon-SyncOM-2] INFO  impl.OzoneManagerServiceProviderImpl (OzoneManagerServiceProviderImpl.java:lambda$startSyncDataFromOM$2(331)) - Last known sequence number before sync: 22
2025-10-07 20:52:36,552 [Recon-SyncOM-2] INFO  impl.OzoneManagerServiceProviderImpl (OzoneManagerServiceProviderImpl.java:syncDataFromOM(630)) - Seq number of Recon's OM DB : 22
2025-10-07 20:52:36,555 [Recon-SyncOM-2] INFO  impl.OzoneManagerServiceProviderImpl (OzoneManagerServiceProviderImpl.java:innerGetAndApplyDeltaUpdatesFromOM(600)) - From Sequence Number:22, Recon DB Sequence Number: 22, Number of updates received from OM : 0, SequenceNumber diff: 0, SequenceNumber Lag from OM 0, isDBUpdateSuccess: true
2025-10-07 20:52:36,558 [Recon-SyncOM-2] INFO  impl.OzoneManagerServiceProviderImpl (OzoneManagerServiceProviderImpl.java:syncDataFromOM(746)) - Delta updates received from OM : 1 loops, 0 records
2025-10-07 20:52:36,558 [Recon-SyncOM-2] INFO  impl.OzoneManagerServiceProviderImpl (OzoneManagerServiceProviderImpl.java:lambda$startSyncDataFromOM$2(336)) - Sequence number after sync: 22
Connecting to Recon: http://localhost:15000/api/v1/containers/unhealthy/MISSING ...
2025-10-07 20:52:36,634 [qtp1181622455-547] INFO  requests.recon (Slf4jRequestLogWriter.java:write(62)) - 127.0.0.1 - - [07/Oct/2025:20:52:36 +0000] "GET /api/v1/containers/unhealthy/MISSING HTTP/1.1" 200 593 "-" "Java/21.0.8"
2025-10-07 20:52:36,638 [ForkJoinPool-1-worker-1] INFO  recon.TestReconAndAdminContainerCLI (TestReconAndAdminContainerCLI.java:assertReportsMatch(344)) - Reports do not match (yet): expected: <0> but was: <1>
2025-10-07 20:52:37,050 [ContainerHealthTask] INFO  fsck.ContainerHealthTask (ContainerHealthTask.java:generateUnhealthyRecords(573)) - Non-empty container 2 is missing. It has 1 keys and 7 bytes used according to SCM metadata. Please visit Recon's missing container page for a list of keys (and their metadata) mapped to this container.
2025-10-07 20:52:37,050 [ContainerHealthTask] INFO  fsck.ContainerHealthTask (ContainerHealthTask.java:checkAndProcessContainers(194)) - Container Health task thread took 1 iterations to fetch all containers using batched approach with batch size of 1000
2025-10-07 20:52:37,051 [ContainerHealthTask] INFO  fsck.ContainerHealthTask (ContainerHealthTask.java:lambda$logUnhealthyContainerStats$5(222)) - MISSING **Container State Stats:** 
	TOTAL_KEYS -> 1 , CONTAINER_COUNT -> 1 , TOTAL_USED_BYTES -> 7
2025-10-07 20:52:37,051 [ContainerHealthTask] INFO  fsck.ContainerHealthTask (ContainerHealthTask.java:lambda$logUnhealthyContainerStats$5(222)) - OVER_REPLICATED **Container State Stats:** 
	TOTAL_KEYS -> 1 , CONTAINER_COUNT -> 1 , TOTAL_USED_BYTES -> 7
2025-10-07 20:52:37,348 [ReplicationMonitor] INFO  replication.ReplicationManager (ReplicationManager.java:processAll(384)) - Replication Monitor Thread took 1 milliseconds for processing 2 containers.
2025-10-07 20:52:37,558 [Recon-SyncOM-2] INFO  impl.OzoneManagerServiceProviderImpl (OzoneManagerServiceProviderImpl.java:lambda$startSyncDataFromOM$2(331)) - Last known sequence number before sync: 22
2025-10-07 20:52:37,558 [Recon-SyncOM-2] INFO  impl.OzoneManagerServiceProviderImpl (OzoneManagerServiceProviderImpl.java:syncDataFromOM(630)) - Seq number of Recon's OM DB : 22
2025-10-07 20:52:37,561 [Recon-SyncOM-2] INFO  impl.OzoneManagerServiceProviderImpl (OzoneManagerServiceProviderImpl.java:innerGetAndApplyDeltaUpdatesFromOM(600)) - From Sequence Number:22, Recon DB Sequence Number: 22, Number of updates received from OM : 0, SequenceNumber diff: 0, SequenceNumber Lag from OM 0, isDBUpdateSuccess: true
2025-10-07 20:52:37,564 [Recon-SyncOM-2] INFO  impl.OzoneManagerServiceProviderImpl (OzoneManagerServiceProviderImpl.java:syncDataFromOM(746)) - Delta updates received from OM : 1 loops, 0 records
2025-10-07 20:52:37,564 [Recon-SyncOM-2] INFO  impl.OzoneManagerServiceProviderImpl (OzoneManagerServiceProviderImpl.java:lambda$startSyncDataFromOM$2(336)) - Sequence number after sync: 22
Connecting to Recon: http://localhost:15000/api/v1/containers/unhealthy/MISSING ...
2025-10-07 20:52:37,646 [qtp1181622455-548] INFO  requests.recon (Slf4jRequestLogWriter.java:write(62)) - 127.0.0.1 - - [07/Oct/2025:20:52:37 +0000] "GET /api/v1/containers/unhealthy/MISSING HTTP/1.1" 200 593 "-" "Java/21.0.8"
2025-10-07 20:52:37,649 [ForkJoinPool-1-worker-1] INFO  recon.TestReconAndAdminContainerCLI (TestReconAndAdminContainerCLI.java:assertReportsMatch(344)) - Reports do not match (yet): expected: <0> but was: <1>
2025-10-07 20:52:38,056 [ContainerHealthTask] INFO  fsck.ContainerHealthTask (ContainerHealthTask.java:generateUnhealthyRecords(573)) - Non-empty container 2 is missing. It has 1 keys and 7 bytes used according to SCM metadata. Please visit Recon's missing container page for a list of keys (and their metadata) mapped to this container.
2025-10-07 20:52:38,057 [ContainerHealthTask] INFO  fsck.ContainerHealthTask (ContainerHealthTask.java:checkAndProcessContainers(194)) - Container Health task thread took 1 iterations to fetch all containers using batched approach with batch size of 1000
2025-10-07 20:52:38,057 [ContainerHealthTask] INFO  fsck.ContainerHealthTask (ContainerHealthTask.java:lambda$logUnhealthyContainerStats$5(222)) - MISSING **Container State Stats:** 
	TOTAL_KEYS -> 1 , CONTAINER_COUNT -> 1 , TOTAL_USED_BYTES -> 7
2025-10-07 20:52:38,057 [ContainerHealthTask] INFO  fsck.ContainerHealthTask (ContainerHealthTask.java:lambda$logUnhealthyContainerStats$5(222)) - OVER_REPLICATED **Container State Stats:** 
	TOTAL_KEYS -> 1 , CONTAINER_COUNT -> 1 , TOTAL_USED_BYTES -> 7
2025-10-07 20:52:38,349 [ReplicationMonitor] INFO  replication.ReplicationManager (ReplicationManager.java:processAll(384)) - Replication Monitor Thread took 1 milliseconds for processing 2 containers.
2025-10-07 20:52:38,564 [Recon-SyncOM-2] INFO  impl.OzoneManagerServiceProviderImpl (OzoneManagerServiceProviderImpl.java:lambda$startSyncDataFromOM$2(331)) - Last known sequence number before sync: 22
2025-10-07 20:52:38,564 [Recon-SyncOM-2] INFO  impl.OzoneManagerServiceProviderImpl (OzoneManagerServiceProviderImpl.java:syncDataFromOM(630)) - Seq number of Recon's OM DB : 22
2025-10-07 20:52:38,568 [Recon-SyncOM-2] INFO  impl.OzoneManagerServiceProviderImpl (OzoneManagerServiceProviderImpl.java:innerGetAndApplyDeltaUpdatesFromOM(600)) - From Sequence Number:22, Recon DB Sequence Number: 22, Number of updates received from OM : 0, SequenceNumber diff: 0, SequenceNumber Lag from OM 0, isDBUpdateSuccess: true
2025-10-07 20:52:38,571 [Recon-SyncOM-2] INFO  impl.OzoneManagerServiceProviderImpl (OzoneManagerServiceProviderImpl.java:syncDataFromOM(746)) - Delta updates received from OM : 1 loops, 0 records
2025-10-07 20:52:38,571 [Recon-SyncOM-2] INFO  impl.OzoneManagerServiceProviderImpl (OzoneManagerServiceProviderImpl.java:lambda$startSyncDataFromOM$2(336)) - Sequence number after sync: 22
Connecting to Recon: http://localhost:15000/api/v1/containers/unhealthy/MISSING ...
2025-10-07 20:52:38,655 [qtp1181622455-547] INFO  requests.recon (Slf4jRequestLogWriter.java:write(62)) - 127.0.0.1 - - [07/Oct/2025:20:52:38 +0000] "GET /api/v1/containers/unhealthy/MISSING HTTP/1.1" 200 593 "-" "Java/21.0.8"
2025-10-07 20:52:38,657 [ForkJoinPool-1-worker-1] INFO  recon.TestReconAndAdminContainerCLI (TestReconAndAdminContainerCLI.java:assertReportsMatch(344)) - Reports do not match (yet): expected: <0> but was: <1>
2025-10-07 20:52:39,063 [ContainerHealthTask] INFO  fsck.ContainerHealthTask (ContainerHealthTask.java:generateUnhealthyRecords(573)) - Non-empty container 2 is missing. It has 1 keys and 7 bytes used according to SCM metadata. Please visit Recon's missing container page for a list of keys (and their metadata) mapped to this container.
2025-10-07 20:52:39,063 [ContainerHealthTask] INFO  fsck.ContainerHealthTask (ContainerHealthTask.java:checkAndProcessContainers(194)) - Container Health task thread took 1 iterations to fetch all containers using batched approach with batch size of 1000
2025-10-07 20:52:39,063 [ContainerHealthTask] INFO  fsck.ContainerHealthTask (ContainerHealthTask.java:lambda$logUnhealthyContainerStats$5(222)) - MISSING **Container State Stats:** 
	TOTAL_KEYS -> 1 , CONTAINER_COUNT -> 1 , TOTAL_USED_BYTES -> 7
2025-10-07 20:52:39,063 [ContainerHealthTask] INFO  fsck.ContainerHealthTask (ContainerHealthTask.java:lambda$logUnhealthyContainerStats$5(222)) - OVER_REPLICATED **Container State Stats:** 
	TOTAL_KEYS -> 1 , CONTAINER_COUNT -> 1 , TOTAL_USED_BYTES -> 7
2025-10-07 20:52:39,349 [ReplicationMonitor] INFO  replication.ReplicationManager (ReplicationManager.java:processAll(384)) - Replication Monitor Thread took 0 milliseconds for processing 2 containers.
2025-10-07 20:52:39,571 [Recon-SyncOM-2] INFO  impl.OzoneManagerServiceProviderImpl (OzoneManagerServiceProviderImpl.java:lambda$startSyncDataFromOM$2(331)) - Last known sequence number before sync: 22
2025-10-07 20:52:39,571 [Recon-SyncOM-2] INFO  impl.OzoneManagerServiceProviderImpl (OzoneManagerServiceProviderImpl.java:syncDataFromOM(630)) - Seq number of Recon's OM DB : 22
2025-10-07 20:52:39,574 [Recon-SyncOM-2] INFO  impl.OzoneManagerServiceProviderImpl (OzoneManagerServiceProviderImpl.java:innerGetAndApplyDeltaUpdatesFromOM(600)) - From Sequence Number:22, Recon DB Sequence Number: 22, Number of updates received from OM : 0, SequenceNumber diff: 0, SequenceNumber Lag from OM 0, isDBUpdateSuccess: true
2025-10-07 20:52:39,577 [Recon-SyncOM-2] INFO  impl.OzoneManagerServiceProviderImpl (OzoneManagerServiceProviderImpl.java:syncDataFromOM(746)) - Delta updates received from OM : 1 loops, 0 records
2025-10-07 20:52:39,577 [Recon-SyncOM-2] INFO  impl.OzoneManagerServiceProviderImpl (OzoneManagerServiceProviderImpl.java:lambda$startSyncDataFromOM$2(336)) - Sequence number after sync: 22
Connecting to Recon: http://localhost:15000/api/v1/containers/unhealthy/MISSING ...
2025-10-07 20:52:39,664 [qtp1181622455-548] INFO  requests.recon (Slf4jRequestLogWriter.java:write(62)) - 127.0.0.1 - - [07/Oct/2025:20:52:39 +0000] "GET /api/v1/containers/unhealthy/MISSING HTTP/1.1" 200 593 "-" "Java/21.0.8"
2025-10-07 20:52:39,666 [ForkJoinPool-1-worker-1] INFO  recon.TestReconAndAdminContainerCLI (TestReconAndAdminContainerCLI.java:assertReportsMatch(344)) - Reports do not match (yet): expected: <0> but was: <1>
2025-10-07 20:52:40,069 [ContainerHealthTask] INFO  fsck.ContainerHealthTask (ContainerHealthTask.java:generateUnhealthyRecords(573)) - Non-empty container 2 is missing. It has 1 keys and 7 bytes used according to SCM metadata. Please visit Recon's missing container page for a list of keys (and their metadata) mapped to this container.
2025-10-07 20:52:40,069 [ContainerHealthTask] INFO  fsck.ContainerHealthTask (ContainerHealthTask.java:checkAndProcessContainers(194)) - Container Health task thread took 1 iterations to fetch all containers using batched approach with batch size of 1000
2025-10-07 20:52:40,069 [ContainerHealthTask] INFO  fsck.ContainerHealthTask (ContainerHealthTask.java:lambda$logUnhealthyContainerStats$5(222)) - MISSING **Container State Stats:** 
	TOTAL_KEYS -> 1 , CONTAINER_COUNT -> 1 , TOTAL_USED_BYTES -> 7
2025-10-07 20:52:40,069 [ContainerHealthTask] INFO  fsck.ContainerHealthTask (ContainerHealthTask.java:lambda$logUnhealthyContainerStats$5(222)) - OVER_REPLICATED **Container State Stats:** 
	TOTAL_KEYS -> 1 , CONTAINER_COUNT -> 1 , TOTAL_USED_BYTES -> 7
2025-10-07 20:52:40,350 [ReplicationMonitor] INFO  replication.ReplicationManager (ReplicationManager.java:processAll(384)) - Replication Monitor Thread took 1 milliseconds for processing 2 containers.
2025-10-07 20:52:40,577 [Recon-SyncOM-2] INFO  impl.OzoneManagerServiceProviderImpl (OzoneManagerServiceProviderImpl.java:lambda$startSyncDataFromOM$2(331)) - Last known sequence number before sync: 22
2025-10-07 20:52:40,578 [Recon-SyncOM-2] INFO  impl.OzoneManagerServiceProviderImpl (OzoneManagerServiceProviderImpl.java:syncDataFromOM(630)) - Seq number of Recon's OM DB : 22
2025-10-07 20:52:40,581 [Recon-SyncOM-2] INFO  impl.OzoneManagerServiceProviderImpl (OzoneManagerServiceProviderImpl.java:innerGetAndApplyDeltaUpdatesFromOM(600)) - From Sequence Number:22, Recon DB Sequence Number: 22, Number of updates received from OM : 0, SequenceNumber diff: 0, SequenceNumber Lag from OM 0, isDBUpdateSuccess: true
2025-10-07 20:52:40,583 [Recon-SyncOM-2] INFO  impl.OzoneManagerServiceProviderImpl (OzoneManagerServiceProviderImpl.java:syncDataFromOM(746)) - Delta updates received from OM : 1 loops, 0 records
2025-10-07 20:52:40,583 [Recon-SyncOM-2] INFO  impl.OzoneManagerServiceProviderImpl (OzoneManagerServiceProviderImpl.java:lambda$startSyncDataFromOM$2(336)) - Sequence number after sync: 22
Connecting to Recon: http://localhost:15000/api/v1/containers/unhealthy/MISSING ...
2025-10-07 20:52:40,672 [qtp1181622455-547] INFO  requests.recon (Slf4jRequestLogWriter.java:write(62)) - 127.0.0.1 - - [07/Oct/2025:20:52:40 +0000] "GET /api/v1/containers/unhealthy/MISSING HTTP/1.1" 200 593 "-" "Java/21.0.8"
2025-10-07 20:52:40,674 [ForkJoinPool-1-worker-1] INFO  recon.TestReconAndAdminContainerCLI (TestReconAndAdminContainerCLI.java:assertReportsMatch(344)) - Reports do not match (yet): expected: <0> but was: <1>
2025-10-07 20:52:41,075 [ContainerHealthTask] INFO  fsck.ContainerHealthTask (ContainerHealthTask.java:generateUnhealthyRecords(573)) - Non-empty container 2 is missing. It has 1 keys and 7 bytes used according to SCM metadata. Please visit Recon's missing container page for a list of keys (and their metadata) mapped to this container.
2025-10-07 20:52:41,076 [ContainerHealthTask] INFO  fsck.ContainerHealthTask (ContainerHealthTask.java:checkAndProcessContainers(194)) - Container Health task thread took 1 iterations to fetch all containers using batched approach with batch size of 1000
2025-10-07 20:52:41,076 [ContainerHealthTask] INFO  fsck.ContainerHealthTask (ContainerHealthTask.java:lambda$logUnhealthyContainerStats$5(222)) - MISSING **Container State Stats:** 
	TOTAL_KEYS -> 1 , CONTAINER_COUNT -> 1 , TOTAL_USED_BYTES -> 7
2025-10-07 20:52:41,076 [ContainerHealthTask] INFO  fsck.ContainerHealthTask (ContainerHealthTask.java:lambda$logUnhealthyContainerStats$5(222)) - OVER_REPLICATED **Container State Stats:** 
	TOTAL_KEYS -> 1 , CONTAINER_COUNT -> 1 , TOTAL_USED_BYTES -> 7
2025-10-07 20:52:41,350 [ReplicationMonitor] INFO  replication.ReplicationManager (ReplicationManager.java:processAll(384)) - Replication Monitor Thread took 0 milliseconds for processing 2 containers.
2025-10-07 20:52:41,583 [Recon-SyncOM-2] INFO  impl.OzoneManagerServiceProviderImpl (OzoneManagerServiceProviderImpl.java:lambda$startSyncDataFromOM$2(331)) - Last known sequence number before sync: 22
2025-10-07 20:52:41,584 [Recon-SyncOM-2] INFO  impl.OzoneManagerServiceProviderImpl (OzoneManagerServiceProviderImpl.java:syncDataFromOM(630)) - Seq number of Recon's OM DB : 22
2025-10-07 20:52:41,587 [Recon-SyncOM-2] INFO  impl.OzoneManagerServiceProviderImpl (OzoneManagerServiceProviderImpl.java:innerGetAndApplyDeltaUpdatesFromOM(600)) - From Sequence Number:22, Recon DB Sequence Number: 22, Number of updates received from OM : 0, SequenceNumber diff: 0, SequenceNumber Lag from OM 0, isDBUpdateSuccess: true
2025-10-07 20:52:41,589 [Recon-SyncOM-2] INFO  impl.OzoneManagerServiceProviderImpl (OzoneManagerServiceProviderImpl.java:syncDataFromOM(746)) - Delta updates received from OM : 1 loops, 0 records
2025-10-07 20:52:41,589 [Recon-SyncOM-2] INFO  impl.OzoneManagerServiceProviderImpl (OzoneManagerServiceProviderImpl.java:lambda$startSyncDataFromOM$2(336)) - Sequence number after sync: 22
Connecting to Recon: http://localhost:15000/api/v1/containers/unhealthy/MISSING ...
2025-10-07 20:52:41,680 [qtp1181622455-548] INFO  requests.recon (Slf4jRequestLogWriter.java:write(62)) - 127.0.0.1 - - [07/Oct/2025:20:52:41 +0000] "GET /api/v1/containers/unhealthy/MISSING HTTP/1.1" 200 593 "-" "Java/21.0.8"
2025-10-07 20:52:41,683 [ForkJoinPool-1-worker-1] INFO  recon.TestReconAndAdminContainerCLI (TestReconAndAdminContainerCLI.java:assertReportsMatch(344)) - Reports do not match (yet): expected: <0> but was: <1>
2025-10-07 20:52:42,081 [ContainerHealthTask] INFO  fsck.ContainerHealthTask (ContainerHealthTask.java:generateUnhealthyRecords(573)) - Non-empty container 2 is missing. It has 1 keys and 7 bytes used according to SCM metadata. Please visit Recon's missing container page for a list of keys (and their metadata) mapped to this container.
2025-10-07 20:52:42,081 [ContainerHealthTask] INFO  fsck.ContainerHealthTask (ContainerHealthTask.java:checkAndProcessContainers(194)) - Container Health task thread took 1 iterations to fetch all containers using batched approach with batch size of 1000
2025-10-07 20:52:42,082 [ContainerHealthTask] INFO  fsck.ContainerHealthTask (ContainerHealthTask.java:lambda$logUnhealthyContainerStats$5(222)) - MISSING **Container State Stats:** 
	TOTAL_KEYS -> 1 , CONTAINER_COUNT -> 1 , TOTAL_USED_BYTES -> 7
2025-10-07 20:52:42,082 [ContainerHealthTask] INFO  fsck.ContainerHealthTask (ContainerHealthTask.java:lambda$logUnhealthyContainerStats$5(222)) - OVER_REPLICATED **Container State Stats:** 
	TOTAL_KEYS -> 1 , CONTAINER_COUNT -> 1 , TOTAL_USED_BYTES -> 7
2025-10-07 20:52:42,351 [ReplicationMonitor] INFO  replication.ReplicationManager (ReplicationManager.java:processAll(384)) - Replication Monitor Thread took 1 milliseconds for processing 2 containers.
2025-10-07 20:52:42,589 [Recon-SyncOM-2] INFO  impl.OzoneManagerServiceProviderImpl (OzoneManagerServiceProviderImpl.java:lambda$startSyncDataFromOM$2(331)) - Last known sequence number before sync: 22
2025-10-07 20:52:42,589 [Recon-SyncOM-2] INFO  impl.OzoneManagerServiceProviderImpl (OzoneManagerServiceProviderImpl.java:syncDataFromOM(630)) - Seq number of Recon's OM DB : 22
2025-10-07 20:52:42,592 [Recon-SyncOM-2] INFO  impl.OzoneManagerServiceProviderImpl (OzoneManagerServiceProviderImpl.java:innerGetAndApplyDeltaUpdatesFromOM(600)) - From Sequence Number:22, Recon DB Sequence Number: 22, Number of updates received from OM : 0, SequenceNumber diff: 0, SequenceNumber Lag from OM 0, isDBUpdateSuccess: true
2025-10-07 20:52:42,595 [Recon-SyncOM-2] INFO  impl.OzoneManagerServiceProviderImpl (OzoneManagerServiceProviderImpl.java:syncDataFromOM(746)) - Delta updates received from OM : 1 loops, 0 records
2025-10-07 20:52:42,595 [Recon-SyncOM-2] INFO  impl.OzoneManagerServiceProviderImpl (OzoneManagerServiceProviderImpl.java:lambda$startSyncDataFromOM$2(336)) - Sequence number after sync: 22
Connecting to Recon: http://localhost:15000/api/v1/containers/unhealthy/MISSING ...
2025-10-07 20:52:42,689 [qtp1181622455-547] INFO  requests.recon (Slf4jRequestLogWriter.java:write(62)) - 127.0.0.1 - - [07/Oct/2025:20:52:42 +0000] "GET /api/v1/containers/unhealthy/MISSING HTTP/1.1" 200 593 "-" "Java/21.0.8"
2025-10-07 20:52:42,692 [ForkJoinPool-1-worker-1] INFO  recon.TestReconAndAdminContainerCLI (TestReconAndAdminContainerCLI.java:assertReportsMatch(344)) - Reports do not match (yet): expected: <0> but was: <1>
2025-10-07 20:52:43,087 [ContainerHealthTask] INFO  fsck.ContainerHealthTask (ContainerHealthTask.java:generateUnhealthyRecords(573)) - Non-empty container 2 is missing. It has 1 keys and 7 bytes used according to SCM metadata. Please visit Recon's missing container page for a list of keys (and their metadata) mapped to this container.
2025-10-07 20:52:43,087 [ContainerHealthTask] INFO  fsck.ContainerHealthTask (ContainerHealthTask.java:checkAndProcessContainers(194)) - Container Health task thread took 1 iterations to fetch all containers using batched approach with batch size of 1000
2025-10-07 20:52:43,087 [ContainerHealthTask] INFO  fsck.ContainerHealthTask (ContainerHealthTask.java:lambda$logUnhealthyContainerStats$5(222)) - MISSING **Container State Stats:** 
	TOTAL_KEYS -> 1 , CONTAINER_COUNT -> 1 , TOTAL_USED_BYTES -> 7
2025-10-07 20:52:43,087 [ContainerHealthTask] INFO  fsck.ContainerHealthTask (ContainerHealthTask.java:lambda$logUnhealthyContainerStats$5(222)) - OVER_REPLICATED **Container State Stats:** 
	TOTAL_KEYS -> 1 , CONTAINER_COUNT -> 1 , TOTAL_USED_BYTES -> 7
2025-10-07 20:52:43,351 [ReplicationMonitor] INFO  replication.ReplicationManager (ReplicationManager.java:processAll(384)) - Replication Monitor Thread took 0 milliseconds for processing 2 containers.
2025-10-07 20:52:43,595 [Recon-SyncOM-2] INFO  impl.OzoneManagerServiceProviderImpl (OzoneManagerServiceProviderImpl.java:lambda$startSyncDataFromOM$2(331)) - Last known sequence number before sync: 22
2025-10-07 20:52:43,595 [Recon-SyncOM-2] INFO  impl.OzoneManagerServiceProviderImpl (OzoneManagerServiceProviderImpl.java:syncDataFromOM(630)) - Seq number of Recon's OM DB : 22
2025-10-07 20:52:43,598 [Recon-SyncOM-2] INFO  impl.OzoneManagerServiceProviderImpl (OzoneManagerServiceProviderImpl.java:innerGetAndApplyDeltaUpdatesFromOM(600)) - From Sequence Number:22, Recon DB Sequence Number: 22, Number of updates received from OM : 0, SequenceNumber diff: 0, SequenceNumber Lag from OM 0, isDBUpdateSuccess: true
2025-10-07 20:52:43,601 [Recon-SyncOM-2] INFO  impl.OzoneManagerServiceProviderImpl (OzoneManagerServiceProviderImpl.java:syncDataFromOM(746)) - Delta updates received from OM : 1 loops, 0 records
2025-10-07 20:52:43,601 [Recon-SyncOM-2] INFO  impl.OzoneManagerServiceProviderImpl (OzoneManagerServiceProviderImpl.java:lambda$startSyncDataFromOM$2(336)) - Sequence number after sync: 22
Connecting to Recon: http://localhost:15000/api/v1/containers/unhealthy/MISSING ...
2025-10-07 20:52:43,699 [qtp1181622455-548] INFO  requests.recon (Slf4jRequestLogWriter.java:write(62)) - 127.0.0.1 - - [07/Oct/2025:20:52:43 +0000] "GET /api/v1/containers/unhealthy/MISSING HTTP/1.1" 200 593 "-" "Java/21.0.8"
2025-10-07 20:52:43,701 [ForkJoinPool-1-worker-1] INFO  recon.TestReconAndAdminContainerCLI (TestReconAndAdminContainerCLI.java:assertReportsMatch(344)) - Reports do not match (yet): expected: <0> but was: <1>
2025-10-07 20:52:44,093 [ContainerHealthTask] INFO  fsck.ContainerHealthTask (ContainerHealthTask.java:generateUnhealthyRecords(573)) - Non-empty container 2 is missing. It has 1 keys and 7 bytes used according to SCM metadata. Please visit Recon's missing container page for a list of keys (and their metadata) mapped to this container.
2025-10-07 20:52:44,093 [ContainerHealthTask] INFO  fsck.ContainerHealthTask (ContainerHealthTask.java:checkAndProcessContainers(194)) - Container Health task thread took 1 iterations to fetch all containers using batched approach with batch size of 1000
2025-10-07 20:52:44,093 [ContainerHealthTask] INFO  fsck.ContainerHealthTask (ContainerHealthTask.java:lambda$logUnhealthyContainerStats$5(222)) - MISSING **Container State Stats:** 
	TOTAL_KEYS -> 1 , CONTAINER_COUNT -> 1 , TOTAL_USED_BYTES -> 7
2025-10-07 20:52:44,094 [ContainerHealthTask] INFO  fsck.ContainerHealthTask (ContainerHealthTask.java:lambda$logUnhealthyContainerStats$5(222)) - OVER_REPLICATED **Container State Stats:** 
	TOTAL_KEYS -> 1 , CONTAINER_COUNT -> 1 , TOTAL_USED_BYTES -> 7
2025-10-07 20:52:44,352 [ReplicationMonitor] INFO  replication.ReplicationManager (ReplicationManager.java:processAll(384)) - Replication Monitor Thread took 1 milliseconds for processing 2 containers.
2025-10-07 20:52:44,601 [Recon-SyncOM-2] INFO  impl.OzoneManagerServiceProviderImpl (OzoneManagerServiceProviderImpl.java:lambda$startSyncDataFromOM$2(331)) - Last known sequence number before sync: 22
2025-10-07 20:52:44,601 [Recon-SyncOM-2] INFO  impl.OzoneManagerServiceProviderImpl (OzoneManagerServiceProviderImpl.java:syncDataFromOM(630)) - Seq number of Recon's OM DB : 22
2025-10-07 20:52:44,604 [Recon-SyncOM-2] INFO  impl.OzoneManagerServiceProviderImpl (OzoneManagerServiceProviderImpl.java:innerGetAndApplyDeltaUpdatesFromOM(600)) - From Sequence Number:22, Recon DB Sequence Number: 22, Number of updates received from OM : 0, SequenceNumber diff: 0, SequenceNumber Lag from OM 0, isDBUpdateSuccess: true
2025-10-07 20:52:44,606 [Recon-SyncOM-2] INFO  impl.OzoneManagerServiceProviderImpl (OzoneManagerServiceProviderImpl.java:syncDataFromOM(746)) - Delta updates received from OM : 1 loops, 0 records
2025-10-07 20:52:44,606 [Recon-SyncOM-2] INFO  impl.OzoneManagerServiceProviderImpl (OzoneManagerServiceProviderImpl.java:lambda$startSyncDataFromOM$2(336)) - Sequence number after sync: 22
Connecting to Recon: http://localhost:15000/api/v1/containers/unhealthy/MISSING ...
2025-10-07 20:52:44,707 [qtp1181622455-547] INFO  requests.recon (Slf4jRequestLogWriter.java:write(62)) - 127.0.0.1 - - [07/Oct/2025:20:52:44 +0000] "GET /api/v1/containers/unhealthy/MISSING HTTP/1.1" 200 593 "-" "Java/21.0.8"
2025-10-07 20:52:44,710 [ForkJoinPool-1-worker-1] INFO  recon.TestReconAndAdminContainerCLI (TestReconAndAdminContainerCLI.java:assertReportsMatch(344)) - Reports do not match (yet): expected: <0> but was: <1>
2025-10-07 20:52:45,099 [ContainerHealthTask] INFO  fsck.ContainerHealthTask (ContainerHealthTask.java:generateUnhealthyRecords(573)) - Non-empty container 2 is missing. It has 1 keys and 7 bytes used according to SCM metadata. Please visit Recon's missing container page for a list of keys (and their metadata) mapped to this container.
2025-10-07 20:52:45,099 [ContainerHealthTask] INFO  fsck.ContainerHealthTask (ContainerHealthTask.java:checkAndProcessContainers(194)) - Container Health task thread took 1 iterations to fetch all containers using batched approach with batch size of 1000
2025-10-07 20:52:45,100 [ContainerHealthTask] INFO  fsck.ContainerHealthTask (ContainerHealthTask.java:lambda$logUnhealthyContainerStats$5(222)) - MISSING **Container State Stats:** 
	TOTAL_KEYS -> 1 , CONTAINER_COUNT -> 1 , TOTAL_USED_BYTES -> 7
2025-10-07 20:52:45,100 [ContainerHealthTask] INFO  fsck.ContainerHealthTask (ContainerHealthTask.java:lambda$logUnhealthyContainerStats$5(222)) - OVER_REPLICATED **Container State Stats:** 
	TOTAL_KEYS -> 1 , CONTAINER_COUNT -> 1 , TOTAL_USED_BYTES -> 7
2025-10-07 20:52:45,352 [ReplicationMonitor] INFO  replication.ReplicationManager (ReplicationManager.java:processAll(384)) - Replication Monitor Thread took 0 milliseconds for processing 2 containers.
2025-10-07 20:52:45,606 [Recon-SyncOM-2] INFO  impl.OzoneManagerServiceProviderImpl (OzoneManagerServiceProviderImpl.java:lambda$startSyncDataFromOM$2(331)) - Last known sequence number before sync: 22
2025-10-07 20:52:45,606 [Recon-SyncOM-2] INFO  impl.OzoneManagerServiceProviderImpl (OzoneManagerServiceProviderImpl.java:syncDataFromOM(630)) - Seq number of Recon's OM DB : 22
2025-10-07 20:52:45,609 [Recon-SyncOM-2] INFO  impl.OzoneManagerServiceProviderImpl (OzoneManagerServiceProviderImpl.java:innerGetAndApplyDeltaUpdatesFromOM(600)) - From Sequence Number:22, Recon DB Sequence Number: 22, Number of updates received from OM : 0, SequenceNumber diff: 0, SequenceNumber Lag from OM 0, isDBUpdateSuccess: true
2025-10-07 20:52:45,611 [Recon-SyncOM-2] INFO  impl.OzoneManagerServiceProviderImpl (OzoneManagerServiceProviderImpl.java:syncDataFromOM(746)) - Delta updates received from OM : 1 loops, 0 records
2025-10-07 20:52:45,612 [Recon-SyncOM-2] INFO  impl.OzoneManagerServiceProviderImpl (OzoneManagerServiceProviderImpl.java:lambda$startSyncDataFromOM$2(336)) - Sequence number after sync: 22
Connecting to Recon: http://localhost:15000/api/v1/containers/unhealthy/MISSING ...
2025-10-07 20:52:45,716 [qtp1181622455-548] INFO  requests.recon (Slf4jRequestLogWriter.java:write(62)) - 127.0.0.1 - - [07/Oct/2025:20:52:45 +0000] "GET /api/v1/containers/unhealthy/MISSING HTTP/1.1" 200 593 "-" "Java/21.0.8"
2025-10-07 20:52:45,718 [ForkJoinPool-1-worker-1] INFO  recon.TestReconAndAdminContainerCLI (TestReconAndAdminContainerCLI.java:assertReportsMatch(344)) - Reports do not match (yet): expected: <0> but was: <1>
2025-10-07 20:52:46,104 [ContainerHealthTask] INFO  fsck.ContainerHealthTask (ContainerHealthTask.java:generateUnhealthyRecords(573)) - Non-empty container 2 is missing. It has 1 keys and 7 bytes used according to SCM metadata. Please visit Recon's missing container page for a list of keys (and their metadata) mapped to this container.
2025-10-07 20:52:46,105 [ContainerHealthTask] INFO  fsck.ContainerHealthTask (ContainerHealthTask.java:checkAndProcessContainers(194)) - Container Health task thread took 1 iterations to fetch all containers using batched approach with batch size of 1000
2025-10-07 20:52:46,105 [ContainerHealthTask] INFO  fsck.ContainerHealthTask (ContainerHealthTask.java:lambda$logUnhealthyContainerStats$5(222)) - MISSING **Container State Stats:** 
	TOTAL_KEYS -> 1 , CONTAINER_COUNT -> 1 , TOTAL_USED_BYTES -> 7
2025-10-07 20:52:46,105 [ContainerHealthTask] INFO  fsck.ContainerHealthTask (ContainerHealthTask.java:lambda$logUnhealthyContainerStats$5(222)) - OVER_REPLICATED **Container State Stats:** 
	TOTAL_KEYS -> 1 , CONTAINER_COUNT -> 1 , TOTAL_USED_BYTES -> 7
2025-10-07 20:52:46,353 [ReplicationMonitor] INFO  replication.ReplicationManager (ReplicationManager.java:processAll(384)) - Replication Monitor Thread took 1 milliseconds for processing 2 containers.
2025-10-07 20:52:46,612 [Recon-SyncOM-2] INFO  impl.OzoneManagerServiceProviderImpl (OzoneManagerServiceProviderImpl.java:lambda$startSyncDataFromOM$2(331)) - Last known sequence number before sync: 22
2025-10-07 20:52:46,612 [Recon-SyncOM-2] INFO  impl.OzoneManagerServiceProviderImpl (OzoneManagerServiceProviderImpl.java:syncDataFromOM(630)) - Seq number of Recon's OM DB : 22
2025-10-07 20:52:46,614 [Recon-SyncOM-2] INFO  impl.OzoneManagerServiceProviderImpl (OzoneManagerServiceProviderImpl.java:innerGetAndApplyDeltaUpdatesFromOM(600)) - From Sequence Number:22, Recon DB Sequence Number: 22, Number of updates received from OM : 0, SequenceNumber diff: 0, SequenceNumber Lag from OM 0, isDBUpdateSuccess: true
2025-10-07 20:52:46,617 [Recon-SyncOM-2] INFO  impl.OzoneManagerServiceProviderImpl (OzoneManagerServiceProviderImpl.java:syncDataFromOM(746)) - Delta updates received from OM : 1 loops, 0 records
2025-10-07 20:52:46,617 [Recon-SyncOM-2] INFO  impl.OzoneManagerServiceProviderImpl (OzoneManagerServiceProviderImpl.java:lambda$startSyncDataFromOM$2(336)) - Sequence number after sync: 22
2025-10-07 20:52:46,639 [Recon-SyncSCMContainerInfo-0] INFO  scm.ReconStorageContainerManagerFacade (ReconStorageContainerManagerFacade.java:syncWithSCMContainerInfo(554)) - Got list of containers from SCM : 1
Connecting to Recon: http://localhost:15000/api/v1/containers/unhealthy/MISSING ...
2025-10-07 20:52:46,724 [qtp1181622455-547] INFO  requests.recon (Slf4jRequestLogWriter.java:write(62)) - 127.0.0.1 - - [07/Oct/2025:20:52:46 +0000] "GET /api/v1/containers/unhealthy/MISSING HTTP/1.1" 200 593 "-" "Java/21.0.8"
2025-10-07 20:52:46,726 [ForkJoinPool-1-worker-1] INFO  recon.TestReconAndAdminContainerCLI (TestReconAndAdminContainerCLI.java:assertReportsMatch(344)) - Reports do not match (yet): expected: <0> but was: <1>
2025-10-07 20:52:47,110 [ContainerHealthTask] INFO  fsck.ContainerHealthTask (ContainerHealthTask.java:generateUnhealthyRecords(573)) - Non-empty container 2 is missing. It has 1 keys and 7 bytes used according to SCM metadata. Please visit Recon's missing container page for a list of keys (and their metadata) mapped to this container.
2025-10-07 20:52:47,111 [ContainerHealthTask] INFO  fsck.ContainerHealthTask (ContainerHealthTask.java:checkAndProcessContainers(194)) - Container Health task thread took 1 iterations to fetch all containers using batched approach with batch size of 1000
2025-10-07 20:52:47,111 [ContainerHealthTask] INFO  fsck.ContainerHealthTask (ContainerHealthTask.java:lambda$logUnhealthyContainerStats$5(222)) - MISSING **Container State Stats:** 
	TOTAL_KEYS -> 1 , CONTAINER_COUNT -> 1 , TOTAL_USED_BYTES -> 7
2025-10-07 20:52:47,111 [ContainerHealthTask] INFO  fsck.ContainerHealthTask (ContainerHealthTask.java:lambda$logUnhealthyContainerStats$5(222)) - OVER_REPLICATED **Container State Stats:** 
	TOTAL_KEYS -> 1 , CONTAINER_COUNT -> 1 , TOTAL_USED_BYTES -> 7
2025-10-07 20:52:47,353 [ReplicationMonitor] INFO  replication.ReplicationManager (ReplicationManager.java:processAll(384)) - Replication Monitor Thread took 0 milliseconds for processing 2 containers.
2025-10-07 20:52:47,617 [Recon-SyncOM-2] INFO  impl.OzoneManagerServiceProviderImpl (OzoneManagerServiceProviderImpl.java:lambda$startSyncDataFromOM$2(331)) - Last known sequence number before sync: 22
2025-10-07 20:52:47,617 [Recon-SyncOM-2] INFO  impl.OzoneManagerServiceProviderImpl (OzoneManagerServiceProviderImpl.java:syncDataFromOM(630)) - Seq number of Recon's OM DB : 22
2025-10-07 20:52:47,620 [Recon-SyncOM-2] INFO  impl.OzoneManagerServiceProviderImpl (OzoneManagerServiceProviderImpl.java:innerGetAndApplyDeltaUpdatesFromOM(600)) - From Sequence Number:22, Recon DB Sequence Number: 22, Number of updates received from OM : 0, SequenceNumber diff: 0, SequenceNumber Lag from OM 0, isDBUpdateSuccess: true
2025-10-07 20:52:47,622 [Recon-SyncOM-2] INFO  impl.OzoneManagerServiceProviderImpl (OzoneManagerServiceProviderImpl.java:syncDataFromOM(746)) - Delta updates received from OM : 1 loops, 0 records
2025-10-07 20:52:47,622 [Recon-SyncOM-2] INFO  impl.OzoneManagerServiceProviderImpl (OzoneManagerServiceProviderImpl.java:lambda$startSyncDataFromOM$2(336)) - Sequence number after sync: 22
Connecting to Recon: http://localhost:15000/api/v1/containers/unhealthy/MISSING ...
2025-10-07 20:52:47,732 [qtp1181622455-548] INFO  requests.recon (Slf4jRequestLogWriter.java:write(62)) - 127.0.0.1 - - [07/Oct/2025:20:52:47 +0000] "GET /api/v1/containers/unhealthy/MISSING HTTP/1.1" 200 593 "-" "Java/21.0.8"
2025-10-07 20:52:47,734 [ForkJoinPool-1-worker-1] INFO  recon.TestReconAndAdminContainerCLI (TestReconAndAdminContainerCLI.java:assertReportsMatch(344)) - Reports do not match (yet): expected: <0> but was: <1>
2025-10-07 20:52:48,116 [ContainerHealthTask] INFO  fsck.ContainerHealthTask (ContainerHealthTask.java:generateUnhealthyRecords(573)) - Non-empty container 2 is missing. It has 1 keys and 7 bytes used according to SCM metadata. Please visit Recon's missing container page for a list of keys (and their metadata) mapped to this container.
2025-10-07 20:52:48,117 [ContainerHealthTask] INFO  fsck.ContainerHealthTask (ContainerHealthTask.java:checkAndProcessContainers(194)) - Container Health task thread took 1 iterations to fetch all containers using batched approach with batch size of 1000
2025-10-07 20:52:48,117 [ContainerHealthTask] INFO  fsck.ContainerHealthTask (ContainerHealthTask.java:lambda$logUnhealthyContainerStats$5(222)) - MISSING **Container State Stats:** 
	TOTAL_KEYS -> 1 , CONTAINER_COUNT -> 1 , TOTAL_USED_BYTES -> 7
2025-10-07 20:52:48,117 [ContainerHealthTask] INFO  fsck.ContainerHealthTask (ContainerHealthTask.java:lambda$logUnhealthyContainerStats$5(222)) - OVER_REPLICATED **Container State Stats:** 
	TOTAL_KEYS -> 1 , CONTAINER_COUNT -> 1 , TOTAL_USED_BYTES -> 7
2025-10-07 20:52:48,354 [ReplicationMonitor] INFO  replication.ReplicationManager (ReplicationManager.java:processAll(384)) - Replication Monitor Thread took 1 milliseconds for processing 2 containers.
2025-10-07 20:52:48,622 [Recon-SyncOM-2] INFO  impl.OzoneManagerServiceProviderImpl (OzoneManagerServiceProviderImpl.java:lambda$startSyncDataFromOM$2(331)) - Last known sequence number before sync: 22
2025-10-07 20:52:48,622 [Recon-SyncOM-2] INFO  impl.OzoneManagerServiceProviderImpl (OzoneManagerServiceProviderImpl.java:syncDataFromOM(630)) - Seq number of Recon's OM DB : 22
2025-10-07 20:52:48,625 [Recon-SyncOM-2] INFO  impl.OzoneManagerServiceProviderImpl (OzoneManagerServiceProviderImpl.java:innerGetAndApplyDeltaUpdatesFromOM(600)) - From Sequence Number:22, Recon DB Sequence Number: 22, Number of updates received from OM : 0, SequenceNumber diff: 0, SequenceNumber Lag from OM 0, isDBUpdateSuccess: true
2025-10-07 20:52:48,627 [Recon-SyncOM-2] INFO  impl.OzoneManagerServiceProviderImpl (OzoneManagerServiceProviderImpl.java:syncDataFromOM(746)) - Delta updates received from OM : 1 loops, 0 records
2025-10-07 20:52:48,627 [Recon-SyncOM-2] INFO  impl.OzoneManagerServiceProviderImpl (OzoneManagerServiceProviderImpl.java:lambda$startSyncDataFromOM$2(336)) - Sequence number after sync: 22
Connecting to Recon: http://localhost:15000/api/v1/containers/unhealthy/MISSING ...
2025-10-07 20:52:48,739 [qtp1181622455-547] INFO  requests.recon (Slf4jRequestLogWriter.java:write(62)) - 127.0.0.1 - - [07/Oct/2025:20:52:48 +0000] "GET /api/v1/containers/unhealthy/MISSING HTTP/1.1" 200 593 "-" "Java/21.0.8"
2025-10-07 20:52:48,741 [ForkJoinPool-1-worker-1] INFO  recon.TestReconAndAdminContainerCLI (TestReconAndAdminContainerCLI.java:assertReportsMatch(344)) - Reports do not match (yet): expected: <0> but was: <1>
2025-10-07 20:52:49,122 [ContainerHealthTask] INFO  fsck.ContainerHealthTask (ContainerHealthTask.java:generateUnhealthyRecords(573)) - Non-empty container 2 is missing. It has 1 keys and 7 bytes used according to SCM metadata. Please visit Recon's missing container page for a list of keys (and their metadata) mapped to this container.
2025-10-07 20:52:49,122 [ContainerHealthTask] INFO  fsck.ContainerHealthTask (ContainerHealthTask.java:checkAndProcessContainers(194)) - Container Health task thread took 1 iterations to fetch all containers using batched approach with batch size of 1000
2025-10-07 20:52:49,122 [ContainerHealthTask] INFO  fsck.ContainerHealthTask (ContainerHealthTask.java:lambda$logUnhealthyContainerStats$5(222)) - MISSING **Container State Stats:** 
	TOTAL_KEYS -> 1 , CONTAINER_COUNT -> 1 , TOTAL_USED_BYTES -> 7
2025-10-07 20:52:49,123 [ContainerHealthTask] INFO  fsck.ContainerHealthTask (ContainerHealthTask.java:lambda$logUnhealthyContainerStats$5(222)) - OVER_REPLICATED **Container State Stats:** 
	TOTAL_KEYS -> 1 , CONTAINER_COUNT -> 1 , TOTAL_USED_BYTES -> 7
2025-10-07 20:52:49,354 [ReplicationMonitor] INFO  replication.ReplicationManager (ReplicationManager.java:processAll(384)) - Replication Monitor Thread took 0 milliseconds for processing 2 containers.
2025-10-07 20:52:49,627 [Recon-SyncOM-2] INFO  impl.OzoneManagerServiceProviderImpl (OzoneManagerServiceProviderImpl.java:lambda$startSyncDataFromOM$2(331)) - Last known sequence number before sync: 22
2025-10-07 20:52:49,628 [Recon-SyncOM-2] INFO  impl.OzoneManagerServiceProviderImpl (OzoneManagerServiceProviderImpl.java:syncDataFromOM(630)) - Seq number of Recon's OM DB : 22
2025-10-07 20:52:49,630 [Recon-SyncOM-2] INFO  impl.OzoneManagerServiceProviderImpl (OzoneManagerServiceProviderImpl.java:innerGetAndApplyDeltaUpdatesFromOM(600)) - From Sequence Number:22, Recon DB Sequence Number: 22, Number of updates received from OM : 0, SequenceNumber diff: 0, SequenceNumber Lag from OM 0, isDBUpdateSuccess: true
2025-10-07 20:52:49,632 [Recon-SyncOM-2] INFO  impl.OzoneManagerServiceProviderImpl (OzoneManagerServiceProviderImpl.java:syncDataFromOM(746)) - Delta updates received from OM : 1 loops, 0 records
2025-10-07 20:52:49,632 [Recon-SyncOM-2] INFO  impl.OzoneManagerServiceProviderImpl (OzoneManagerServiceProviderImpl.java:lambda$startSyncDataFromOM$2(336)) - Sequence number after sync: 22
Connecting to Recon: http://localhost:15000/api/v1/containers/unhealthy/MISSING ...
2025-10-07 20:52:49,747 [qtp1181622455-548] INFO  requests.recon (Slf4jRequestLogWriter.java:write(62)) - 127.0.0.1 - - [07/Oct/2025:20:52:49 +0000] "GET /api/v1/containers/unhealthy/MISSING HTTP/1.1" 200 593 "-" "Java/21.0.8"
2025-10-07 20:52:49,749 [ForkJoinPool-1-worker-1] INFO  recon.TestReconAndAdminContainerCLI (TestReconAndAdminContainerCLI.java:assertReportsMatch(344)) - Reports do not match (yet): expected: <0> but was: <1>
2025-10-07 20:52:50,128 [ContainerHealthTask] INFO  fsck.ContainerHealthTask (ContainerHealthTask.java:generateUnhealthyRecords(573)) - Non-empty container 2 is missing. It has 1 keys and 7 bytes used according to SCM metadata. Please visit Recon's missing container page for a list of keys (and their metadata) mapped to this container.
2025-10-07 20:52:50,128 [ContainerHealthTask] INFO  fsck.ContainerHealthTask (ContainerHealthTask.java:checkAndProcessContainers(194)) - Container Health task thread took 1 iterations to fetch all containers using batched approach with batch size of 1000
2025-10-07 20:52:50,128 [ContainerHealthTask] INFO  fsck.ContainerHealthTask (ContainerHealthTask.java:lambda$logUnhealthyContainerStats$5(222)) - MISSING **Container State Stats:** 
	TOTAL_KEYS -> 1 , CONTAINER_COUNT -> 1 , TOTAL_USED_BYTES -> 7
2025-10-07 20:52:50,128 [ContainerHealthTask] INFO  fsck.ContainerHealthTask (ContainerHealthTask.java:lambda$logUnhealthyContainerStats$5(222)) - OVER_REPLICATED **Container State Stats:** 
	TOTAL_KEYS -> 1 , CONTAINER_COUNT -> 1 , TOTAL_USED_BYTES -> 7
2025-10-07 20:52:50,355 [ReplicationMonitor] INFO  replication.ReplicationManager (ReplicationManager.java:processAll(384)) - Replication Monitor Thread took 1 milliseconds for processing 2 containers.
2025-10-07 20:52:50,633 [Recon-SyncOM-2] INFO  impl.OzoneManagerServiceProviderImpl (OzoneManagerServiceProviderImpl.java:lambda$startSyncDataFromOM$2(331)) - Last known sequence number before sync: 22
2025-10-07 20:52:50,633 [Recon-SyncOM-2] INFO  impl.OzoneManagerServiceProviderImpl (OzoneManagerServiceProviderImpl.java:syncDataFromOM(630)) - Seq number of Recon's OM DB : 22
2025-10-07 20:52:50,635 [Recon-SyncOM-2] INFO  impl.OzoneManagerServiceProviderImpl (OzoneManagerServiceProviderImpl.java:innerGetAndApplyDeltaUpdatesFromOM(600)) - From Sequence Number:22, Recon DB Sequence Number: 22, Number of updates received from OM : 0, SequenceNumber diff: 0, SequenceNumber Lag from OM 0, isDBUpdateSuccess: true
2025-10-07 20:52:50,637 [Recon-SyncOM-2] INFO  impl.OzoneManagerServiceProviderImpl (OzoneManagerServiceProviderImpl.java:syncDataFromOM(746)) - Delta updates received from OM : 1 loops, 0 records
2025-10-07 20:52:50,637 [Recon-SyncOM-2] INFO  impl.OzoneManagerServiceProviderImpl (OzoneManagerServiceProviderImpl.java:lambda$startSyncDataFromOM$2(336)) - Sequence number after sync: 22
Connecting to Recon: http://localhost:15000/api/v1/containers/unhealthy/MISSING ...
2025-10-07 20:52:50,754 [qtp1181622455-547] INFO  requests.recon (Slf4jRequestLogWriter.java:write(62)) - 127.0.0.1 - - [07/Oct/2025:20:52:50 +0000] "GET /api/v1/containers/unhealthy/MISSING HTTP/1.1" 200 593 "-" "Java/21.0.8"
2025-10-07 20:52:50,756 [ForkJoinPool-1-worker-1] INFO  recon.TestReconAndAdminContainerCLI (TestReconAndAdminContainerCLI.java:assertReportsMatch(344)) - Reports do not match (yet): expected: <0> but was: <1>
2025-10-07 20:52:51,133 [ContainerHealthTask] INFO  fsck.ContainerHealthTask (ContainerHealthTask.java:generateUnhealthyRecords(573)) - Non-empty container 2 is missing. It has 1 keys and 7 bytes used according to SCM metadata. Please visit Recon's missing container page for a list of keys (and their metadata) mapped to this container.
2025-10-07 20:52:51,133 [ContainerHealthTask] INFO  fsck.ContainerHealthTask (ContainerHealthTask.java:checkAndProcessContainers(194)) - Container Health task thread took 1 iterations to fetch all containers using batched approach with batch size of 1000
2025-10-07 20:52:51,133 [ContainerHealthTask] INFO  fsck.ContainerHealthTask (ContainerHealthTask.java:lambda$logUnhealthyContainerStats$5(222)) - MISSING **Container State Stats:** 
	TOTAL_KEYS -> 1 , CONTAINER_COUNT -> 1 , TOTAL_USED_BYTES -> 7
2025-10-07 20:52:51,133 [ContainerHealthTask] INFO  fsck.ContainerHealthTask (ContainerHealthTask.java:lambda$logUnhealthyContainerStats$5(222)) - OVER_REPLICATED **Container State Stats:** 
	TOTAL_KEYS -> 1 , CONTAINER_COUNT -> 1 , TOTAL_USED_BYTES -> 7
2025-10-07 20:52:51,355 [ReplicationMonitor] INFO  replication.ReplicationManager (ReplicationManager.java:processAll(384)) - Replication Monitor Thread took 0 milliseconds for processing 2 containers.
2025-10-07 20:52:51,637 [Recon-SyncOM-2] INFO  impl.OzoneManagerServiceProviderImpl (OzoneManagerServiceProviderImpl.java:lambda$startSyncDataFromOM$2(331)) - Last known sequence number before sync: 22
2025-10-07 20:52:51,637 [Recon-SyncOM-2] INFO  impl.OzoneManagerServiceProviderImpl (OzoneManagerServiceProviderImpl.java:syncDataFromOM(630)) - Seq number of Recon's OM DB : 22
2025-10-07 20:52:51,640 [Recon-SyncOM-2] INFO  impl.OzoneManagerServiceProviderImpl (OzoneManagerServiceProviderImpl.java:innerGetAndApplyDeltaUpdatesFromOM(600)) - From Sequence Number:22, Recon DB Sequence Number: 22, Number of updates received from OM : 0, SequenceNumber diff: 0, SequenceNumber Lag from OM 0, isDBUpdateSuccess: true
2025-10-07 20:52:51,643 [Recon-SyncOM-2] INFO  impl.OzoneManagerServiceProviderImpl (OzoneManagerServiceProviderImpl.java:syncDataFromOM(746)) - Delta updates received from OM : 1 loops, 0 records
2025-10-07 20:52:51,643 [Recon-SyncOM-2] INFO  impl.OzoneManagerServiceProviderImpl (OzoneManagerServiceProviderImpl.java:lambda$startSyncDataFromOM$2(336)) - Sequence number after sync: 22
Connecting to Recon: http://localhost:15000/api/v1/containers/unhealthy/MISSING ...
2025-10-07 20:52:51,763 [qtp1181622455-548] INFO  requests.recon (Slf4jRequestLogWriter.java:write(62)) - 127.0.0.1 - - [07/Oct/2025:20:52:51 +0000] "GET /api/v1/containers/unhealthy/MISSING HTTP/1.1" 200 593 "-" "Java/21.0.8"
2025-10-07 20:52:51,765 [ForkJoinPool-1-worker-1] INFO  recon.TestReconAndAdminContainerCLI (TestReconAndAdminContainerCLI.java:assertReportsMatch(344)) - Reports do not match (yet): expected: <0> but was: <1>
2025-10-07 20:52:52,138 [ContainerHealthTask] INFO  fsck.ContainerHealthTask (ContainerHealthTask.java:generateUnhealthyRecords(573)) - Non-empty container 2 is missing. It has 1 keys and 7 bytes used according to SCM metadata. Please visit Recon's missing container page for a list of keys (and their metadata) mapped to this container.
2025-10-07 20:52:52,139 [ContainerHealthTask] INFO  fsck.ContainerHealthTask (ContainerHealthTask.java:checkAndProcessContainers(194)) - Container Health task thread took 1 iterations to fetch all containers using batched approach with batch size of 1000
2025-10-07 20:52:52,139 [ContainerHealthTask] INFO  fsck.ContainerHealthTask (ContainerHealthTask.java:lambda$logUnhealthyContainerStats$5(222)) - MISSING **Container State Stats:** 
	TOTAL_KEYS -> 1 , CONTAINER_COUNT -> 1 , TOTAL_USED_BYTES -> 7
2025-10-07 20:52:52,139 [ContainerHealthTask] INFO  fsck.ContainerHealthTask (ContainerHealthTask.java:lambda$logUnhealthyContainerStats$5(222)) - OVER_REPLICATED **Container State Stats:** 
	TOTAL_KEYS -> 1 , CONTAINER_COUNT -> 1 , TOTAL_USED_BYTES -> 7
2025-10-07 20:52:52,356 [ReplicationMonitor] INFO  replication.ReplicationManager (ReplicationManager.java:processAll(384)) - Replication Monitor Thread took 1 milliseconds for processing 2 containers.
2025-10-07 20:52:52,643 [Recon-SyncOM-2] INFO  impl.OzoneManagerServiceProviderImpl (OzoneManagerServiceProviderImpl.java:lambda$startSyncDataFromOM$2(331)) - Last known sequence number before sync: 22
2025-10-07 20:52:52,644 [Recon-SyncOM-2] INFO  impl.OzoneManagerServiceProviderImpl (OzoneManagerServiceProviderImpl.java:syncDataFromOM(630)) - Seq number of Recon's OM DB : 22
2025-10-07 20:52:52,647 [Recon-SyncOM-2] INFO  impl.OzoneManagerServiceProviderImpl (OzoneManagerServiceProviderImpl.java:innerGetAndApplyDeltaUpdatesFromOM(600)) - From Sequence Number:22, Recon DB Sequence Number: 22, Number of updates received from OM : 0, SequenceNumber diff: 0, SequenceNumber Lag from OM 0, isDBUpdateSuccess: true
2025-10-07 20:52:52,649 [Recon-SyncOM-2] INFO  impl.OzoneManagerServiceProviderImpl (OzoneManagerServiceProviderImpl.java:syncDataFromOM(746)) - Delta updates received from OM : 1 loops, 0 records
2025-10-07 20:52:52,649 [Recon-SyncOM-2] INFO  impl.OzoneManagerServiceProviderImpl (OzoneManagerServiceProviderImpl.java:lambda$startSyncDataFromOM$2(336)) - Sequence number after sync: 22
Connecting to Recon: http://localhost:15000/api/v1/containers/unhealthy/MISSING ...
2025-10-07 20:52:52,771 [qtp1181622455-547] INFO  requests.recon (Slf4jRequestLogWriter.java:write(62)) - 127.0.0.1 - - [07/Oct/2025:20:52:52 +0000] "GET /api/v1/containers/unhealthy/MISSING HTTP/1.1" 200 593 "-" "Java/21.0.8"
2025-10-07 20:52:52,773 [ForkJoinPool-1-worker-1] INFO  recon.TestReconAndAdminContainerCLI (TestReconAndAdminContainerCLI.java:assertReportsMatch(344)) - Reports do not match (yet): expected: <0> but was: <1>
]]></system-out>
  </testcase>
</testsuite>