<?xml version="1.0" encoding="UTF-8"?>
<testsuite xmlns:xsi="http://www.w3.org/2001/XMLSchema-instance" xsi:noNamespaceSchemaLocation="https://maven.apache.org/surefire/maven-surefire-plugin/xsd/surefire-test-report.xsd" name="org.apache.hadoop.hdds.upgrade.TestHDDSUpgrade" time="492.002" tests="13" errors="2" skipped="4" failures="0">
  <properties>
    <property name="awt.toolkit" value="sun.awt.X11.XToolkit"/>
    <property name="file.encoding.pkg" value="sun.io"/>
    <property name="java.specification.version" value="1.8"/>
    <property name="sun.cpu.isalist" value=""/>
    <property name="sun.jnu.encoding" value="UTF-8"/>
    <property name="java.class.path" value="/home/runner/work/ozone/ozone/hadoop-ozone/integration-test/target/test-classes:/home/runner/work/ozone/ozone/hadoop-ozone/integration-test/target/classes:/home/runner/.m2/repository/org/apache/ozone/ozone-common/1.2.0-SNAPSHOT/ozone-common-1.2.0-SNAPSHOT.jar:/home/runner/.m2/repository/org/apache/commons/commons-compress/1.21/commons-compress-1.21.jar:/home/runner/.m2/repository/org/apache/ozone/hdds-common/1.2.0-SNAPSHOT/hdds-common-1.2.0-SNAPSHOT.jar:/home/runner/.m2/repository/org/apache/ozone/hdds-client/1.2.0-SNAPSHOT/hdds-client-1.2.0-SNAPSHOT.jar:/home/runner/.m2/repository/org/apache/ozone/ozone-interface-client/1.2.0-SNAPSHOT/ozone-interface-client-1.2.0-SNAPSHOT.jar:/home/runner/.m2/repository/org/apache/ozone/hdds-server-framework/1.2.0-SNAPSHOT/hdds-server-framework-1.2.0-SNAPSHOT.jar:/home/runner/.m2/repository/org/apache/ozone/hdds-interface-server/1.2.0-SNAPSHOT/hdds-interface-server-1.2.0-SNAPSHOT.jar:/home/runner/.m2/repository/org/eclipse/jetty/jetty-servlet/9.4.43.v20210629/jetty-servlet-9.4.43.v20210629.jar:/home/runner/.m2/repository/org/eclipse/jetty/jetty-security/9.4.43.v20210629/jetty-security-9.4.43.v20210629.jar:/home/runner/.m2/repository/org/rocksdb/rocksdbjni/6.20.3/rocksdbjni-6.20.3.jar:/home/runner/.m2/repository/io/prometheus/simpleclient_dropwizard/0.7.0/simpleclient_dropwizard-0.7.0.jar:/home/runner/.m2/repository/io/prometheus/simpleclient/0.7.0/simpleclient-0.7.0.jar:/home/runner/.m2/repository/io/prometheus/simpleclient_common/0.7.0/simpleclient_common-0.7.0.jar:/home/runner/.m2/repository/com/fasterxml/jackson/datatype/jackson-datatype-jsr310/2.12.1/jackson-datatype-jsr310-2.12.1.jar:/home/runner/.m2/repository/org/apache/ozone/hdds-test-utils/1.2.0-SNAPSHOT/hdds-test-utils-1.2.0-SNAPSHOT.jar:/home/runner/.m2/repository/com/google/guava/guava/30.1.1-jre/guava-30.1.1-jre.jar:/home/runner/.m2/repository/com/google/guava/failureaccess/1.0.1/failureaccess-1.0.1.jar:/home/runner/.m2/repository/com/google/guava/listenablefuture/9999.0-empty-to-avoid-conflict-with-guava/listenablefuture-9999.0-empty-to-avoid-conflict-with-guava.jar:/home/runner/.m2/repository/com/google/code/findbugs/jsr305/3.0.0/jsr305-3.0.0.jar:/home/runner/.m2/repository/org/checkerframework/checker-qual/3.8.0/checker-qual-3.8.0.jar:/home/runner/.m2/repository/com/google/errorprone/error_prone_annotations/2.2.0/error_prone_annotations-2.2.0.jar:/home/runner/.m2/repository/com/google/j2objc/j2objc-annotations/1.3/j2objc-annotations-1.3.jar:/home/runner/.m2/repository/commons-io/commons-io/2.11.0/commons-io-2.11.0.jar:/home/runner/.m2/repository/commons-logging/commons-logging/1.2/commons-logging-1.2.jar:/home/runner/.m2/repository/log4j/log4j/1.2.17/log4j-1.2.17.jar:/home/runner/.m2/repository/org/slf4j/slf4j-api/1.7.30/slf4j-api-1.7.30.jar:/home/runner/.m2/repository/org/apache/ozone/hdds-server-scm/1.2.0-SNAPSHOT/hdds-server-scm-1.2.0-SNAPSHOT.jar:/home/runner/.m2/repository/org/apache/ozone/hdds-container-service/1.2.0-SNAPSHOT/hdds-container-service-1.2.0-SNAPSHOT.jar:/home/runner/.m2/repository/org/apache/ozone/hdds-hadoop-dependency-server/1.2.0-SNAPSHOT/hdds-hadoop-dependency-server-1.2.0-SNAPSHOT.jar:/home/runner/.m2/repository/org/apache/hadoop/hadoop-hdfs/3.3.1/hadoop-hdfs-3.3.1.jar:/home/runner/.m2/repository/io/dropwizard/metrics/metrics-core/3.2.4/metrics-core-3.2.4.jar:/home/runner/.m2/repository/org/apache/hadoop/hadoop-hdfs-client/3.3.1/hadoop-hdfs-client-3.3.1.jar:/home/runner/.m2/repository/org/bouncycastle/bcprov-jdk15on/1.67/bcprov-jdk15on-1.67.jar:/home/runner/.m2/repository/com/google/protobuf/protobuf-java/2.5.0/protobuf-java-2.5.0.jar:/home/runner/.m2/repository/org/apache/ozone/ozone-manager/1.2.0-SNAPSHOT/ozone-manager-1.2.0-SNAPSHOT.jar:/home/runner/.m2/repository/org/aspectj/aspectjrt/1.9.7/aspectjrt-1.9.7.jar:/home/runner/.m2/repository/org/aspectj/aspectjweaver/1.9.7/aspectjweaver-1.9.7.jar:/home/runner/.m2/repository/org/apache/ozone/hdds-interface-client/1.2.0-SNAPSHOT/hdds-interface-client-1.2.0-SNAPSHOT.jar:/home/runner/.m2/repository/org/apache/hadoop/thirdparty/hadoop-shaded-protobuf_3_7/1.1.1/hadoop-shaded-protobuf_3_7-1.1.1.jar:/home/runner/.m2/repository/org/apache/ozone/ozone-interface-storage/1.2.0-SNAPSHOT/ozone-interface-storage-1.2.0-SNAPSHOT.jar:/home/runner/.m2/repository/org/reflections/reflections/0.9.11/reflections-0.9.11.jar:/home/runner/.m2/repository/org/apache/hadoop/hadoop-minikdc/3.3.1/hadoop-minikdc-3.3.1.jar:/home/runner/.m2/repository/org/apache/kerby/kerb-simplekdc/1.0.1/kerb-simplekdc-1.0.1.jar:/home/runner/.m2/repository/org/apache/kerby/kerb-client/1.0.1/kerb-client-1.0.1.jar:/home/runner/.m2/repository/org/apache/kerby/kerby-config/1.0.1/kerby-config-1.0.1.jar:/home/runner/.m2/repository/org/apache/kerby/kerb-common/1.0.1/kerb-common-1.0.1.jar:/home/runner/.m2/repository/org/apache/kerby/kerb-crypto/1.0.1/kerb-crypto-1.0.1.jar:/home/runner/.m2/repository/org/apache/kerby/kerb-util/1.0.1/kerb-util-1.0.1.jar:/home/runner/.m2/repository/org/apache/kerby/token-provider/1.0.1/token-provider-1.0.1.jar:/home/runner/.m2/repository/org/apache/kerby/kerb-admin/1.0.1/kerb-admin-1.0.1.jar:/home/runner/.m2/repository/org/apache/kerby/kerb-server/1.0.1/kerb-server-1.0.1.jar:/home/runner/.m2/repository/org/apache/kerby/kerb-identity/1.0.1/kerb-identity-1.0.1.jar:/home/runner/.m2/repository/org/apache/kerby/kerby-xdr/1.0.1/kerby-xdr-1.0.1.jar:/home/runner/.m2/repository/org/slf4j/slf4j-log4j12/1.7.30/slf4j-log4j12-1.7.30.jar:/home/runner/.m2/repository/org/apache/ozone/ozone-s3gateway/1.2.0-SNAPSHOT/ozone-s3gateway-1.2.0-SNAPSHOT.jar:/home/runner/.m2/repository/org/javassist/javassist/3.21.0-GA/javassist-3.21.0-GA.jar:/home/runner/.m2/repository/org/jboss/weld/servlet/weld-servlet/2.4.7.Final/weld-servlet-2.4.7.Final.jar:/home/runner/.m2/repository/org/glassfish/jersey/containers/jersey-container-servlet-core/2.33/jersey-container-servlet-core-2.33.jar:/home/runner/.m2/repository/org/glassfish/hk2/external/jakarta.inject/2.6.1/jakarta.inject-2.6.1.jar:/home/runner/.m2/repository/org/glassfish/jersey/core/jersey-common/2.33/jersey-common-2.33.jar:/home/runner/.m2/repository/jakarta/ws/rs/jakarta.ws.rs-api/2.1.6/jakarta.ws.rs-api-2.1.6.jar:/home/runner/.m2/repository/org/glassfish/jersey/ext/cdi/jersey-cdi1x/2.33/jersey-cdi1x-2.33.jar:/home/runner/.m2/repository/org/glassfish/jersey/inject/jersey-hk2/2.33/jersey-hk2-2.33.jar:/home/runner/.m2/repository/org/glassfish/hk2/hk2-locator/2.6.1/hk2-locator-2.6.1.jar:/home/runner/.m2/repository/org/glassfish/jersey/media/jersey-media-jaxb/2.33/jersey-media-jaxb-2.33.jar:/home/runner/.m2/repository/org/glassfish/hk2/osgi-resource-locator/1.0.3/osgi-resource-locator-1.0.3.jar:/home/runner/.m2/repository/org/glassfish/hk2/hk2-api/2.5.0/hk2-api-2.5.0.jar:/home/runner/.m2/repository/org/glassfish/hk2/hk2-utils/2.5.0/hk2-utils-2.5.0.jar:/home/runner/.m2/repository/org/glassfish/hk2/external/aopalliance-repackaged/2.5.0/aopalliance-repackaged-2.5.0.jar:/home/runner/.m2/repository/com/fasterxml/jackson/dataformat/jackson-dataformat-xml/2.12.1/jackson-dataformat-xml-2.12.1.jar:/home/runner/.m2/repository/com/fasterxml/jackson/core/jackson-core/2.12.1/jackson-core-2.12.1.jar:/home/runner/.m2/repository/com/fasterxml/jackson/module/jackson-module-jaxb-annotations/2.12.1/jackson-module-jaxb-annotations-2.12.1.jar:/home/runner/.m2/repository/jakarta/xml/bind/jakarta.xml.bind-api/2.3.2/jakarta.xml.bind-api-2.3.2.jar:/home/runner/.m2/repository/org/codehaus/woodstox/stax2-api/3.1.4/stax2-api-3.1.4.jar:/home/runner/.m2/repository/com/fasterxml/woodstox/woodstox-core/5.0.3/woodstox-core-5.0.3.jar:/home/runner/.m2/repository/javax/enterprise/cdi-api/1.2/cdi-api-1.2.jar:/home/runner/.m2/repository/javax/el/javax.el-api/3.0.0/javax.el-api-3.0.0.jar:/home/runner/.m2/repository/javax/interceptor/javax.interceptor-api/1.2/javax.interceptor-api-1.2.jar:/home/runner/.m2/repository/javax/inject/javax.inject/1/javax.inject-1.jar:/home/runner/.m2/repository/javax/xml/bind/jaxb-api/2.3.0/jaxb-api-2.3.0.jar:/home/runner/.m2/repository/org/glassfish/jaxb/jaxb-runtime/2.3.0.1/jaxb-runtime-2.3.0.1.jar:/home/runner/.m2/repository/org/glassfish/jaxb/jaxb-core/2.3.0.1/jaxb-core-2.3.0.1.jar:/home/runner/.m2/repository/org/glassfish/jaxb/txw2/2.3.0.1/txw2-2.3.0.1.jar:/home/runner/.m2/repository/com/sun/istack/istack-commons-runtime/3.0.5/istack-commons-runtime-3.0.5.jar:/home/runner/.m2/repository/org/jvnet/staxex/stax-ex/1.7.8/stax-ex-1.7.8.jar:/home/runner/.m2/repository/com/sun/xml/fastinfoset/FastInfoset/1.2.13/FastInfoset-1.2.13.jar:/home/runner/.m2/repository/javax/activation/activation/1.1.1/activation-1.1.1.jar:/home/runner/.m2/repository/org/apache/ozone/ozone-csi/1.2.0-SNAPSHOT/ozone-csi-1.2.0-SNAPSHOT.jar:/home/runner/.m2/repository/com/google/protobuf/protobuf-java-util/3.12.0/protobuf-java-util-3.12.0.jar:/home/runner/.m2/repository/com/google/code/gson/gson/2.2.4/gson-2.2.4.jar:/home/runner/.m2/repository/org/apache/ozone/hdds-config/1.2.0-SNAPSHOT/hdds-config-1.2.0-SNAPSHOT.jar:/home/runner/.m2/repository/io/grpc/grpc-netty/1.33.0/grpc-netty-1.33.0.jar:/home/runner/.m2/repository/io/grpc/grpc-core/1.33.0/grpc-core-1.33.0.jar:/home/runner/.m2/repository/com/google/android/annotations/4.1.1.4/annotations-4.1.1.4.jar:/home/runner/.m2/repository/io/netty/netty-codec-http2/4.1.63.Final/netty-codec-http2-4.1.63.Final.jar:/home/runner/.m2/repository/io/netty/netty-codec-http/4.1.63.Final/netty-codec-http-4.1.63.Final.jar:/home/runner/.m2/repository/io/netty/netty-handler-proxy/4.1.63.Final/netty-handler-proxy-4.1.63.Final.jar:/home/runner/.m2/repository/io/netty/netty-codec-socks/4.1.63.Final/netty-codec-socks-4.1.63.Final.jar:/home/runner/.m2/repository/io/perfmark/perfmark-api/0.19.0/perfmark-api-0.19.0.jar:/home/runner/.m2/repository/org/codehaus/mojo/animal-sniffer-annotations/1.18/animal-sniffer-annotations-1.18.jar:/home/runner/.m2/repository/io/netty/netty-transport-native-epoll/4.1.63.Final/netty-transport-native-epoll-4.1.63.Final.jar:/home/runner/.m2/repository/io/netty/netty-common/4.1.63.Final/netty-common-4.1.63.Final.jar:/home/runner/.m2/repository/io/netty/netty-buffer/4.1.63.Final/netty-buffer-4.1.63.Final.jar:/home/runner/.m2/repository/io/netty/netty-transport-native-unix-common/4.1.63.Final/netty-transport-native-unix-common-4.1.63.Final.jar:/home/runner/.m2/repository/io/grpc/grpc-protobuf/1.33.0/grpc-protobuf-1.33.0.jar:/home/runner/.m2/repository/io/grpc/grpc-api/1.33.0/grpc-api-1.33.0.jar:/home/runner/.m2/repository/io/grpc/grpc-context/1.33.0/grpc-context-1.33.0.jar:/home/runner/.m2/repository/com/google/api/grpc/proto-google-common-protos/1.17.0/proto-google-common-protos-1.17.0.jar:/home/runner/.m2/repository/io/grpc/grpc-protobuf-lite/1.33.0/grpc-protobuf-lite-1.33.0.jar:/home/runner/.m2/repository/io/grpc/grpc-stub/1.33.0/grpc-stub-1.33.0.jar:/home/runner/.m2/repository/org/apache/ozone/ozone-recon/1.2.0-SNAPSHOT/ozone-recon-1.2.0-SNAPSHOT.jar:/home/runner/.m2/repository/org/apache/ozone/ozone-reconcodegen/1.2.0-SNAPSHOT/ozone-reconcodegen-1.2.0-SNAPSHOT.jar:/home/runner/.m2/repository/com/google/inject/extensions/guice-multibindings/4.0/guice-multibindings-4.0.jar:/home/runner/.m2/repository/com/google/inject/guice/4.0/guice-4.0.jar:/home/runner/.m2/repository/aopalliance/aopalliance/1.0/aopalliance-1.0.jar:/home/runner/.m2/repository/com/google/inject/extensions/guice-assistedinject/4.0/guice-assistedinject-4.0.jar:/home/runner/.m2/repository/com/google/inject/extensions/guice-servlet/4.0/guice-servlet-4.0.jar:/home/runner/.m2/repository/org/glassfish/jersey/containers/jersey-container-servlet/2.33/jersey-container-servlet-2.33.jar:/home/runner/.m2/repository/org/glassfish/hk2/guice-bridge/2.5.0/guice-bridge-2.5.0.jar:/home/runner/.m2/repository/org/glassfish/jersey/core/jersey-server/2.33/jersey-server-2.33.jar:/home/runner/.m2/repository/org/glassfish/jersey/core/jersey-client/2.33/jersey-client-2.33.jar:/home/runner/.m2/repository/jakarta/annotation/jakarta.annotation-api/1.3.5/jakarta.annotation-api-1.3.5.jar:/home/runner/.m2/repository/jakarta/validation/jakarta.validation-api/2.0.2/jakarta.validation-api-2.0.2.jar:/home/runner/.m2/repository/org/glassfish/jersey/media/jersey-media-json-jackson/2.33/jersey-media-json-jackson-2.33.jar:/home/runner/.m2/repository/org/glassfish/jersey/ext/jersey-entity-filtering/2.33/jersey-entity-filtering-2.33.jar:/home/runner/.m2/repository/org/jooq/jooq/3.11.10/jooq-3.11.10.jar:/home/runner/.m2/repository/org/jooq/jooq-meta/3.11.10/jooq-meta-3.11.10.jar:/home/runner/.m2/repository/org/jooq/jooq-codegen/3.11.10/jooq-codegen-3.11.10.jar:/home/runner/.m2/repository/com/jolbox/bonecp/0.8.0.RELEASE/bonecp-0.8.0.RELEASE.jar:/home/runner/.m2/repository/org/apache/derby/derby/10.14.2.0/derby-10.14.2.0.jar:/home/runner/.m2/repository/org/xerial/sqlite-jdbc/3.25.2/sqlite-jdbc-3.25.2.jar:/home/runner/.m2/repository/org/springframework/spring-jdbc/5.2.17.RELEASE/spring-jdbc-5.2.17.RELEASE.jar:/home/runner/.m2/repository/org/springframework/spring-beans/5.2.17.RELEASE/spring-beans-5.2.17.RELEASE.jar:/home/runner/.m2/repository/org/springframework/spring-core/5.2.17.RELEASE/spring-core-5.2.17.RELEASE.jar:/home/runner/.m2/repository/org/springframework/spring-jcl/5.2.17.RELEASE/spring-jcl-5.2.17.RELEASE.jar:/home/runner/.m2/repository/org/springframework/spring-tx/5.2.17.RELEASE/spring-tx-5.2.17.RELEASE.jar:/home/runner/.m2/repository/org/apache/ozone/ozone-client/1.2.0-SNAPSHOT/ozone-client-1.2.0-SNAPSHOT.jar:/home/runner/.m2/repository/org/apache/ozone/ozone-filesystem/1.2.0-SNAPSHOT/ozone-filesystem-1.2.0-SNAPSHOT.jar:/home/runner/.m2/repository/org/apache/ozone/ozone-filesystem-common/1.2.0-SNAPSHOT/ozone-filesystem-common-1.2.0-SNAPSHOT.jar:/home/runner/.m2/repository/org/apache/ozone/ozone-tools/1.2.0-SNAPSHOT/ozone-tools-1.2.0-SNAPSHOT.jar:/home/runner/.m2/repository/org/apache/ratis/ratis-tools/2.2.0/ratis-tools-2.2.0.jar:/home/runner/.m2/repository/com/amazonaws/aws-java-sdk-core/1.11.1034/aws-java-sdk-core-1.11.1034.jar:/home/runner/.m2/repository/org/apache/httpcomponents/httpclient/4.5.13/httpclient-4.5.13.jar:/home/runner/.m2/repository/org/apache/httpcomponents/httpcore/4.4.13/httpcore-4.4.13.jar:/home/runner/.m2/repository/software/amazon/ion/ion-java/1.0.2/ion-java-1.0.2.jar:/home/runner/.m2/repository/com/fasterxml/jackson/dataformat/jackson-dataformat-cbor/2.12.1/jackson-dataformat-cbor-2.12.1.jar:/home/runner/.m2/repository/joda-time/joda-time/2.8.1/joda-time-2.8.1.jar:/home/runner/.m2/repository/com/amazonaws/aws-java-sdk-s3/1.11.1034/aws-java-sdk-s3-1.11.1034.jar:/home/runner/.m2/repository/com/amazonaws/aws-java-sdk-kms/1.11.1034/aws-java-sdk-kms-1.11.1034.jar:/home/runner/.m2/repository/com/amazonaws/jmespath-java/1.11.1034/jmespath-java-1.11.1034.jar:/home/runner/.m2/repository/org/kohsuke/metainf-services/metainf-services/1.8/metainf-services-1.8.jar:/home/runner/.m2/repository/org/apache/ozone/hdds-tools/1.2.0-SNAPSHOT/hdds-tools-1.2.0-SNAPSHOT.jar:/home/runner/.m2/repository/commons-cli/commons-cli/1.2/commons-cli-1.2.jar:/home/runner/.m2/repository/org/apache/commons/commons-lang3/3.7/commons-lang3-3.7.jar:/home/runner/.m2/repository/org/apache/ozone/ozone-manager/1.2.0-SNAPSHOT/ozone-manager-1.2.0-SNAPSHOT-tests.jar:/home/runner/.m2/repository/org/apache/ozone/hdds-common/1.2.0-SNAPSHOT/hdds-common-1.2.0-SNAPSHOT-tests.jar:/home/runner/.m2/repository/org/apache/ozone/hdds-hadoop-dependency-client/1.2.0-SNAPSHOT/hdds-hadoop-dependency-client-1.2.0-SNAPSHOT.jar:/home/runner/.m2/repository/info/picocli/picocli/4.6.1/picocli-4.6.1.jar:/home/runner/.m2/repository/com/fasterxml/jackson/core/jackson-annotations/2.12.1/jackson-annotations-2.12.1.jar:/home/runner/.m2/repository/javax/annotation/javax.annotation-api/1.2/javax.annotation-api-1.2.jar:/home/runner/.m2/repository/org/apache/ratis/ratis-server/2.2.0/ratis-server-2.2.0.jar:/home/runner/.m2/repository/org/apache/ratis/ratis-client/2.2.0/ratis-client-2.2.0.jar:/home/runner/.m2/repository/org/apache/ratis/ratis-server-api/2.2.0/ratis-server-api-2.2.0.jar:/home/runner/.m2/repository/org/apache/ratis/ratis-metrics/2.2.0/ratis-metrics-2.2.0.jar:/home/runner/.m2/repository/org/apache/ratis/ratis-netty/2.2.0/ratis-netty-2.2.0.jar:/home/runner/.m2/repository/org/apache/ratis/ratis-grpc/2.2.0/ratis-grpc-2.2.0.jar:/home/runner/.m2/repository/org/apache/logging/log4j/log4j-api/2.13.3/log4j-api-2.13.3.jar:/home/runner/.m2/repository/org/apache/logging/log4j/log4j-core/2.13.3/log4j-core-2.13.3.jar:/home/runner/.m2/repository/com/lmax/disruptor/3.4.2/disruptor-3.4.2.jar:/home/runner/.m2/repository/org/apache/commons/commons-pool2/2.6.0/commons-pool2-2.6.0.jar:/home/runner/.m2/repository/org/bouncycastle/bcpkix-jdk15on/1.67/bcpkix-jdk15on-1.67.jar:/home/runner/.m2/repository/commons-validator/commons-validator/1.6/commons-validator-1.6.jar:/home/runner/.m2/repository/commons-beanutils/commons-beanutils/1.9.4/commons-beanutils-1.9.4.jar:/home/runner/.m2/repository/commons-digester/commons-digester/1.8.1/commons-digester-1.8.1.jar:/home/runner/.m2/repository/commons-collections/commons-collections/3.2.2/commons-collections-3.2.2.jar:/home/runner/.m2/repository/io/jaegertracing/jaeger-client/1.6.0/jaeger-client-1.6.0.jar:/home/runner/.m2/repository/io/jaegertracing/jaeger-thrift/1.6.0/jaeger-thrift-1.6.0.jar:/home/runner/.m2/repository/org/apache/thrift/libthrift/0.14.1/libthrift-0.14.1.jar:/home/runner/.m2/repository/com/squareup/okhttp3/okhttp/4.9.0/okhttp-4.9.0.jar:/home/runner/.m2/repository/com/squareup/okio/okio/2.8.0/okio-2.8.0.jar:/home/runner/.m2/repository/io/jaegertracing/jaeger-core/1.6.0/jaeger-core-1.6.0.jar:/home/runner/.m2/repository/io/jaegertracing/jaeger-tracerresolver/1.6.0/jaeger-tracerresolver-1.6.0.jar:/home/runner/.m2/repository/io/opentracing/contrib/opentracing-tracerresolver/0.1.8/opentracing-tracerresolver-0.1.8.jar:/home/runner/.m2/repository/org/jetbrains/kotlin/kotlin-stdlib/1.4.31/kotlin-stdlib-1.4.31.jar:/home/runner/.m2/repository/org/jetbrains/kotlin/kotlin-stdlib-common/1.4.31/kotlin-stdlib-common-1.4.31.jar:/home/runner/.m2/repository/org/jetbrains/annotations/13.0/annotations-13.0.jar:/home/runner/.m2/repository/io/opentracing/opentracing-util/0.33.0/opentracing-util-0.33.0.jar:/home/runner/.m2/repository/io/opentracing/opentracing-api/0.33.0/opentracing-api-0.33.0.jar:/home/runner/.m2/repository/io/opentracing/opentracing-noop/0.33.0/opentracing-noop-0.33.0.jar:/home/runner/.m2/repository/org/yaml/snakeyaml/1.26/snakeyaml-1.26.jar:/home/runner/.m2/repository/org/apache/ozone/hdds-interface-admin/1.2.0-SNAPSHOT/hdds-interface-admin-1.2.0-SNAPSHOT.jar:/home/runner/.m2/repository/junit/junit/4.13.1/junit-4.13.1.jar:/home/runner/.m2/repository/org/hamcrest/hamcrest-core/1.3/hamcrest-core-1.3.jar:/home/runner/.m2/repository/org/junit/jupiter/junit-jupiter-api/5.7.0/junit-jupiter-api-5.7.0.jar:/home/runner/.m2/repository/org/apiguardian/apiguardian-api/1.1.0/apiguardian-api-1.1.0.jar:/home/runner/.m2/repository/org/opentest4j/opentest4j/1.2.0/opentest4j-1.2.0.jar:/home/runner/.m2/repository/org/junit/platform/junit-platform-commons/1.7.0/junit-platform-commons-1.7.0.jar:/home/runner/.m2/repository/org/junit/jupiter/junit-jupiter-engine/5.7.0/junit-jupiter-engine-5.7.0.jar:/home/runner/.m2/repository/org/junit/platform/junit-platform-engine/1.7.0/junit-platform-engine-1.7.0.jar:/home/runner/.m2/repository/org/junit/vintage/junit-vintage-engine/5.7.0/junit-vintage-engine-5.7.0.jar:/home/runner/.m2/repository/org/junit/platform/junit-platform-launcher/1.7.0/junit-platform-launcher-1.7.0.jar:/home/runner/.m2/repository/org/openjdk/jmh/jmh-core/1.19/jmh-core-1.19.jar:/home/runner/.m2/repository/net/sf/jopt-simple/jopt-simple/4.6/jopt-simple-4.6.jar:/home/runner/.m2/repository/org/apache/commons/commons-math3/3.1.1/commons-math3-3.1.1.jar:/home/runner/.m2/repository/org/openjdk/jmh/jmh-generator-annprocess/1.19/jmh-generator-annprocess-1.19.jar:/home/runner/.m2/repository/org/mockito/mockito-core/2.28.2/mockito-core-2.28.2.jar:/home/runner/.m2/repository/net/bytebuddy/byte-buddy/1.9.10/byte-buddy-1.9.10.jar:/home/runner/.m2/repository/net/bytebuddy/byte-buddy-agent/1.9.10/byte-buddy-agent-1.9.10.jar:/home/runner/.m2/repository/org/objenesis/objenesis/1.0/objenesis-1.0.jar:/home/runner/.m2/repository/org/apache/hadoop/hadoop-kms/3.3.1/hadoop-kms-3.3.1.jar:/home/runner/.m2/repository/org/apache/hadoop/hadoop-auth/3.3.1/hadoop-auth-3.3.1.jar:/home/runner/.m2/repository/com/nimbusds/nimbus-jose-jwt/7.9/nimbus-jose-jwt-7.9.jar:/home/runner/.m2/repository/com/github/stephenc/jcip/jcip-annotations/1.0-1/jcip-annotations-1.0-1.jar:/home/runner/.m2/repository/net/minidev/json-smart/2.3.1/json-smart-2.3.1.jar:/home/runner/.m2/repository/net/minidev/accessors-smart/2.3.1/accessors-smart-2.3.1.jar:/home/runner/.m2/repository/org/ow2/asm/asm/5.0.4/asm-5.0.4.jar:/home/runner/.m2/repository/org/apache/zookeeper/zookeeper/3.5.6/zookeeper-3.5.6.jar:/home/runner/.m2/repository/org/apache/zookeeper/zookeeper-jute/3.5.6/zookeeper-jute-3.5.6.jar:/home/runner/.m2/repository/org/apache/yetus/audience-annotations/0.5.0/audience-annotations-0.5.0.jar:/home/runner/.m2/repository/org/apache/curator/curator-framework/4.2.0/curator-framework-4.2.0.jar:/home/runner/.m2/repository/org/apache/hadoop/thirdparty/hadoop-shaded-guava/1.1.1/hadoop-shaded-guava-1.1.1.jar:/home/runner/.m2/repository/com/sun/jersey/jersey-core/1.19/jersey-core-1.19.jar:/home/runner/.m2/repository/javax/ws/rs/jsr311-api/1.1.1/jsr311-api-1.1.1.jar:/home/runner/.m2/repository/com/sun/jersey/jersey-server/1.19/jersey-server-1.19.jar:/home/runner/.m2/repository/javax/servlet/javax.servlet-api/3.1.0/javax.servlet-api-3.1.0.jar:/home/runner/.m2/repository/org/eclipse/jetty/jetty-server/9.4.43.v20210629/jetty-server-9.4.43.v20210629.jar:/home/runner/.m2/repository/org/eclipse/jetty/jetty-http/9.4.43.v20210629/jetty-http-9.4.43.v20210629.jar:/home/runner/.m2/repository/org/eclipse/jetty/jetty-io/9.4.43.v20210629/jetty-io-9.4.43.v20210629.jar:/home/runner/.m2/repository/org/eclipse/jetty/jetty-webapp/9.4.43.v20210629/jetty-webapp-9.4.43.v20210629.jar:/home/runner/.m2/repository/org/eclipse/jetty/jetty-xml/9.4.43.v20210629/jetty-xml-9.4.43.v20210629.jar:/home/runner/.m2/repository/org/apache/hadoop/hadoop-common/3.3.1/hadoop-common-3.3.1.jar:/home/runner/.m2/repository/commons-net/commons-net/3.6/commons-net-3.6.jar:/home/runner/.m2/repository/jakarta/activation/jakarta.activation-api/1.2.1/jakarta.activation-api-1.2.1.jar:/home/runner/.m2/repository/com/sun/jersey/jersey-servlet/1.19/jersey-servlet-1.19.jar:/home/runner/.m2/repository/com/sun/jersey/jersey-json/1.19/jersey-json-1.19.jar:/home/runner/.m2/repository/org/codehaus/jettison/jettison/1.1/jettison-1.1.jar:/home/runner/.m2/repository/com/sun/xml/bind/jaxb-impl/2.2.3-1/jaxb-impl-2.2.3-1.jar:/home/runner/.m2/repository/org/codehaus/jackson/jackson-jaxrs/1.9.2/jackson-jaxrs-1.9.2.jar:/home/runner/.m2/repository/org/codehaus/jackson/jackson-xc/1.9.2/jackson-xc-1.9.2.jar:/home/runner/.m2/repository/org/apache/commons/commons-configuration2/2.1.1/commons-configuration2-2.1.1.jar:/home/runner/.m2/repository/org/apache/commons/commons-text/1.4/commons-text-1.4.jar:/home/runner/.m2/repository/com/google/re2j/re2j/1.1/re2j-1.1.jar:/home/runner/.m2/repository/com/jcraft/jsch/0.1.54/jsch-0.1.54.jar:/home/runner/.m2/repository/org/apache/curator/curator-client/4.2.0/curator-client-4.2.0.jar:/home/runner/.m2/repository/org/apache/curator/curator-recipes/4.2.0/curator-recipes-4.2.0.jar:/home/runner/.m2/repository/org/apache/kerby/kerb-core/1.0.1/kerb-core-1.0.1.jar:/home/runner/.m2/repository/org/apache/kerby/kerby-pkix/1.0.1/kerby-pkix-1.0.1.jar:/home/runner/.m2/repository/org/apache/kerby/kerby-asn1/1.0.1/kerby-asn1-1.0.1.jar:/home/runner/.m2/repository/org/apache/kerby/kerby-util/1.0.1/kerby-util-1.0.1.jar:/home/runner/.m2/repository/dnsjava/dnsjava/2.1.7/dnsjava-2.1.7.jar:/home/runner/.m2/repository/org/xerial/snappy/snappy-java/1.1.8.2/snappy-java-1.1.8.2.jar:/home/runner/.m2/repository/org/slf4j/jul-to-slf4j/1.7.30/jul-to-slf4j-1.7.30.jar:/home/runner/.m2/repository/org/eclipse/jetty/jetty-util/9.4.43.v20210629/jetty-util-9.4.43.v20210629.jar:/home/runner/.m2/repository/com/fasterxml/jackson/core/jackson-databind/2.12.1/jackson-databind-2.12.1.jar:/home/runner/.m2/repository/org/apache/hadoop/hadoop-kms/3.3.1/hadoop-kms-3.3.1-tests.jar:/home/runner/.m2/repository/org/apache/ozone/hdds-server-scm/1.2.0-SNAPSHOT/hdds-server-scm-1.2.0-SNAPSHOT-tests.jar:/home/runner/.m2/repository/org/apache/ozone/hdds-container-service/1.2.0-SNAPSHOT/hdds-container-service-1.2.0-SNAPSHOT-tests.jar:/home/runner/.m2/repository/commons-codec/commons-codec/1.11/commons-codec-1.11.jar:/home/runner/.m2/repository/io/netty/netty-transport/4.1.63.Final/netty-transport-4.1.63.Final.jar:/home/runner/.m2/repository/io/netty/netty-resolver/4.1.63.Final/netty-resolver-4.1.63.Final.jar:/home/runner/.m2/repository/io/netty/netty-codec/4.1.63.Final/netty-codec-4.1.63.Final.jar:/home/runner/.m2/repository/io/netty/netty-handler/4.1.63.Final/netty-handler-4.1.63.Final.jar:/home/runner/.m2/repository/org/apache/ozone/hdds-hadoop-dependency-test/1.2.0-SNAPSHOT/hdds-hadoop-dependency-test-1.2.0-SNAPSHOT.jar:/home/runner/.m2/repository/org/apache/hadoop/hadoop-common/3.3.1/hadoop-common-3.3.1-tests.jar:/home/runner/.m2/repository/org/assertj/assertj-core/3.12.2/assertj-core-3.12.2.jar:/home/runner/.m2/repository/org/apache/hadoop/hadoop-hdfs/3.3.1/hadoop-hdfs-3.3.1-tests.jar:/home/runner/.m2/repository/org/eclipse/jetty/jetty-util-ajax/9.4.43.v20210629/jetty-util-ajax-9.4.43.v20210629.jar:/home/runner/.m2/repository/commons-daemon/commons-daemon/1.0.13/commons-daemon-1.0.13.jar:/home/runner/.m2/repository/io/netty/netty/3.10.6.Final/netty-3.10.6.Final.jar:/home/runner/.m2/repository/io/netty/netty-all/4.1.63.Final/netty-all-4.1.63.Final.jar:/home/runner/.m2/repository/org/apache/htrace/htrace-core4/4.1.0-incubating/htrace-core4-4.1.0-incubating.jar:/home/runner/.m2/repository/org/fusesource/leveldbjni/leveldbjni-all/1.8/leveldbjni-all-1.8.jar:/home/runner/.m2/repository/org/apache/hadoop/hadoop-distcp/3.3.1/hadoop-distcp-3.3.1.jar:/home/runner/.m2/repository/org/apache/hadoop/hadoop-mapreduce-client-jobclient/3.3.1/hadoop-mapreduce-client-jobclient-3.3.1.jar:/home/runner/.m2/repository/org/apache/hadoop/hadoop-mapreduce-client-common/3.3.1/hadoop-mapreduce-client-common-3.3.1.jar:/home/runner/.m2/repository/org/apache/hadoop/hadoop-yarn-common/3.3.1/hadoop-yarn-common-3.3.1.jar:/home/runner/.m2/repository/org/apache/hadoop/hadoop-yarn-api/3.3.1/hadoop-yarn-api-3.3.1.jar:/home/runner/.m2/repository/com/sun/jersey/jersey-client/1.19/jersey-client-1.19.jar:/home/runner/.m2/repository/com/sun/jersey/contribs/jersey-guice/1.19/jersey-guice-1.19.jar:/home/runner/.m2/repository/com/fasterxml/jackson/jaxrs/jackson-jaxrs-json-provider/2.12.1/jackson-jaxrs-json-provider-2.12.1.jar:/home/runner/.m2/repository/com/fasterxml/jackson/jaxrs/jackson-jaxrs-base/2.12.1/jackson-jaxrs-base-2.12.1.jar:/home/runner/.m2/repository/org/apache/hadoop/hadoop-yarn-client/3.3.1/hadoop-yarn-client-3.3.1.jar:/home/runner/.m2/repository/org/eclipse/jetty/websocket/websocket-client/9.4.40.v20210413/websocket-client-9.4.40.v20210413.jar:/home/runner/.m2/repository/org/eclipse/jetty/jetty-client/9.4.40.v20210413/jetty-client-9.4.40.v20210413.jar:/home/runner/.m2/repository/org/eclipse/jetty/websocket/websocket-common/9.4.40.v20210413/websocket-common-9.4.40.v20210413.jar:/home/runner/.m2/repository/org/eclipse/jetty/websocket/websocket-api/9.4.40.v20210413/websocket-api-9.4.40.v20210413.jar:/home/runner/.m2/repository/org/jline/jline/3.9.0/jline-3.9.0.jar:/home/runner/.m2/repository/org/apache/hadoop/hadoop-mapreduce-client-core/3.3.1/hadoop-mapreduce-client-core-3.3.1.jar:/home/runner/.m2/repository/org/apache/avro/avro/1.7.7/avro-1.7.7.jar:/home/runner/.m2/repository/org/codehaus/jackson/jackson-core-asl/1.9.13/jackson-core-asl-1.9.13.jar:/home/runner/.m2/repository/org/codehaus/jackson/jackson-mapper-asl/1.9.13/jackson-mapper-asl-1.9.13.jar:/home/runner/.m2/repository/com/thoughtworks/paranamer/paranamer/2.3/paranamer-2.3.jar:/home/runner/.m2/repository/org/apache/hadoop/hadoop-annotations/3.3.1/hadoop-annotations-3.3.1.jar:/usr/lib/jvm/adoptopenjdk-8-hotspot-amd64/jre/../lib/tools.jar:/home/runner/.m2/repository/org/apache/hadoop/hadoop-distcp/3.3.1/hadoop-distcp-3.3.1-tests.jar:/home/runner/.m2/repository/org/apache/ratis/ratis-common/2.2.0/ratis-common-2.2.0.jar:/home/runner/.m2/repository/org/apache/ratis/ratis-thirdparty-misc/0.7.0/ratis-thirdparty-misc-0.7.0.jar:/home/runner/.m2/repository/org/apache/ratis/ratis-proto/2.2.0/ratis-proto-2.2.0.jar:"/>
    <property name="java.vm.vendor" value="AdoptOpenJDK"/>
    <property name="sun.arch.data.model" value="64"/>
    <property name="test.build.dir" value="/home/runner/work/ozone/ozone/hadoop-ozone/integration-test/target/test-dir"/>
    <property name="test.cache.data" value=""/>
    <property name="java.vendor.url" value="https://adoptopenjdk.net/"/>
    <property name="user.timezone" value=""/>
    <property name="java.vm.specification.version" value="1.8"/>
    <property name="os.name" value="Linux"/>
    <property name="test.build.data" value="/home/runner/work/ozone/ozone/hadoop-ozone/integration-test/target/test-dir"/>
    <property name="sun.java.launcher" value="SUN_STANDARD"/>
    <property name="sun.boot.library.path" value="/usr/lib/jvm/adoptopenjdk-8-hotspot-amd64/jre/lib/amd64"/>
    <property name="sun.java.command" value="/home/runner/work/ozone/ozone/hadoop-ozone/integration-test/target/surefire/surefirebooter3551114382850835197.jar /home/runner/work/ozone/ozone/hadoop-ozone/integration-test/target/surefire 2021-11-01T12-48-55_718-jvmRun1 surefire3176854769108649892tmp surefire_0223595857742637665tmp"/>
    <property name="surefire.test.class.path" value="/home/runner/work/ozone/ozone/hadoop-ozone/integration-test/target/test-classes:/home/runner/work/ozone/ozone/hadoop-ozone/integration-test/target/classes:/home/runner/.m2/repository/org/apache/ozone/ozone-common/1.2.0-SNAPSHOT/ozone-common-1.2.0-SNAPSHOT.jar:/home/runner/.m2/repository/org/apache/commons/commons-compress/1.21/commons-compress-1.21.jar:/home/runner/.m2/repository/org/apache/ozone/hdds-common/1.2.0-SNAPSHOT/hdds-common-1.2.0-SNAPSHOT.jar:/home/runner/.m2/repository/org/apache/ozone/hdds-client/1.2.0-SNAPSHOT/hdds-client-1.2.0-SNAPSHOT.jar:/home/runner/.m2/repository/org/apache/ozone/ozone-interface-client/1.2.0-SNAPSHOT/ozone-interface-client-1.2.0-SNAPSHOT.jar:/home/runner/.m2/repository/org/apache/ozone/hdds-server-framework/1.2.0-SNAPSHOT/hdds-server-framework-1.2.0-SNAPSHOT.jar:/home/runner/.m2/repository/org/apache/ozone/hdds-interface-server/1.2.0-SNAPSHOT/hdds-interface-server-1.2.0-SNAPSHOT.jar:/home/runner/.m2/repository/org/eclipse/jetty/jetty-servlet/9.4.43.v20210629/jetty-servlet-9.4.43.v20210629.jar:/home/runner/.m2/repository/org/eclipse/jetty/jetty-security/9.4.43.v20210629/jetty-security-9.4.43.v20210629.jar:/home/runner/.m2/repository/org/rocksdb/rocksdbjni/6.20.3/rocksdbjni-6.20.3.jar:/home/runner/.m2/repository/io/prometheus/simpleclient_dropwizard/0.7.0/simpleclient_dropwizard-0.7.0.jar:/home/runner/.m2/repository/io/prometheus/simpleclient/0.7.0/simpleclient-0.7.0.jar:/home/runner/.m2/repository/io/prometheus/simpleclient_common/0.7.0/simpleclient_common-0.7.0.jar:/home/runner/.m2/repository/com/fasterxml/jackson/datatype/jackson-datatype-jsr310/2.12.1/jackson-datatype-jsr310-2.12.1.jar:/home/runner/.m2/repository/org/apache/ozone/hdds-test-utils/1.2.0-SNAPSHOT/hdds-test-utils-1.2.0-SNAPSHOT.jar:/home/runner/.m2/repository/com/google/guava/guava/30.1.1-jre/guava-30.1.1-jre.jar:/home/runner/.m2/repository/com/google/guava/failureaccess/1.0.1/failureaccess-1.0.1.jar:/home/runner/.m2/repository/com/google/guava/listenablefuture/9999.0-empty-to-avoid-conflict-with-guava/listenablefuture-9999.0-empty-to-avoid-conflict-with-guava.jar:/home/runner/.m2/repository/com/google/code/findbugs/jsr305/3.0.0/jsr305-3.0.0.jar:/home/runner/.m2/repository/org/checkerframework/checker-qual/3.8.0/checker-qual-3.8.0.jar:/home/runner/.m2/repository/com/google/errorprone/error_prone_annotations/2.2.0/error_prone_annotations-2.2.0.jar:/home/runner/.m2/repository/com/google/j2objc/j2objc-annotations/1.3/j2objc-annotations-1.3.jar:/home/runner/.m2/repository/commons-io/commons-io/2.11.0/commons-io-2.11.0.jar:/home/runner/.m2/repository/commons-logging/commons-logging/1.2/commons-logging-1.2.jar:/home/runner/.m2/repository/log4j/log4j/1.2.17/log4j-1.2.17.jar:/home/runner/.m2/repository/org/slf4j/slf4j-api/1.7.30/slf4j-api-1.7.30.jar:/home/runner/.m2/repository/org/apache/ozone/hdds-server-scm/1.2.0-SNAPSHOT/hdds-server-scm-1.2.0-SNAPSHOT.jar:/home/runner/.m2/repository/org/apache/ozone/hdds-container-service/1.2.0-SNAPSHOT/hdds-container-service-1.2.0-SNAPSHOT.jar:/home/runner/.m2/repository/org/apache/ozone/hdds-hadoop-dependency-server/1.2.0-SNAPSHOT/hdds-hadoop-dependency-server-1.2.0-SNAPSHOT.jar:/home/runner/.m2/repository/org/apache/hadoop/hadoop-hdfs/3.3.1/hadoop-hdfs-3.3.1.jar:/home/runner/.m2/repository/io/dropwizard/metrics/metrics-core/3.2.4/metrics-core-3.2.4.jar:/home/runner/.m2/repository/org/apache/hadoop/hadoop-hdfs-client/3.3.1/hadoop-hdfs-client-3.3.1.jar:/home/runner/.m2/repository/org/bouncycastle/bcprov-jdk15on/1.67/bcprov-jdk15on-1.67.jar:/home/runner/.m2/repository/com/google/protobuf/protobuf-java/2.5.0/protobuf-java-2.5.0.jar:/home/runner/.m2/repository/org/apache/ozone/ozone-manager/1.2.0-SNAPSHOT/ozone-manager-1.2.0-SNAPSHOT.jar:/home/runner/.m2/repository/org/aspectj/aspectjrt/1.9.7/aspectjrt-1.9.7.jar:/home/runner/.m2/repository/org/aspectj/aspectjweaver/1.9.7/aspectjweaver-1.9.7.jar:/home/runner/.m2/repository/org/apache/ozone/hdds-interface-client/1.2.0-SNAPSHOT/hdds-interface-client-1.2.0-SNAPSHOT.jar:/home/runner/.m2/repository/org/apache/hadoop/thirdparty/hadoop-shaded-protobuf_3_7/1.1.1/hadoop-shaded-protobuf_3_7-1.1.1.jar:/home/runner/.m2/repository/org/apache/ozone/ozone-interface-storage/1.2.0-SNAPSHOT/ozone-interface-storage-1.2.0-SNAPSHOT.jar:/home/runner/.m2/repository/org/reflections/reflections/0.9.11/reflections-0.9.11.jar:/home/runner/.m2/repository/org/apache/hadoop/hadoop-minikdc/3.3.1/hadoop-minikdc-3.3.1.jar:/home/runner/.m2/repository/org/apache/kerby/kerb-simplekdc/1.0.1/kerb-simplekdc-1.0.1.jar:/home/runner/.m2/repository/org/apache/kerby/kerb-client/1.0.1/kerb-client-1.0.1.jar:/home/runner/.m2/repository/org/apache/kerby/kerby-config/1.0.1/kerby-config-1.0.1.jar:/home/runner/.m2/repository/org/apache/kerby/kerb-common/1.0.1/kerb-common-1.0.1.jar:/home/runner/.m2/repository/org/apache/kerby/kerb-crypto/1.0.1/kerb-crypto-1.0.1.jar:/home/runner/.m2/repository/org/apache/kerby/kerb-util/1.0.1/kerb-util-1.0.1.jar:/home/runner/.m2/repository/org/apache/kerby/token-provider/1.0.1/token-provider-1.0.1.jar:/home/runner/.m2/repository/org/apache/kerby/kerb-admin/1.0.1/kerb-admin-1.0.1.jar:/home/runner/.m2/repository/org/apache/kerby/kerb-server/1.0.1/kerb-server-1.0.1.jar:/home/runner/.m2/repository/org/apache/kerby/kerb-identity/1.0.1/kerb-identity-1.0.1.jar:/home/runner/.m2/repository/org/apache/kerby/kerby-xdr/1.0.1/kerby-xdr-1.0.1.jar:/home/runner/.m2/repository/org/slf4j/slf4j-log4j12/1.7.30/slf4j-log4j12-1.7.30.jar:/home/runner/.m2/repository/org/apache/ozone/ozone-s3gateway/1.2.0-SNAPSHOT/ozone-s3gateway-1.2.0-SNAPSHOT.jar:/home/runner/.m2/repository/org/javassist/javassist/3.21.0-GA/javassist-3.21.0-GA.jar:/home/runner/.m2/repository/org/jboss/weld/servlet/weld-servlet/2.4.7.Final/weld-servlet-2.4.7.Final.jar:/home/runner/.m2/repository/org/glassfish/jersey/containers/jersey-container-servlet-core/2.33/jersey-container-servlet-core-2.33.jar:/home/runner/.m2/repository/org/glassfish/hk2/external/jakarta.inject/2.6.1/jakarta.inject-2.6.1.jar:/home/runner/.m2/repository/org/glassfish/jersey/core/jersey-common/2.33/jersey-common-2.33.jar:/home/runner/.m2/repository/jakarta/ws/rs/jakarta.ws.rs-api/2.1.6/jakarta.ws.rs-api-2.1.6.jar:/home/runner/.m2/repository/org/glassfish/jersey/ext/cdi/jersey-cdi1x/2.33/jersey-cdi1x-2.33.jar:/home/runner/.m2/repository/org/glassfish/jersey/inject/jersey-hk2/2.33/jersey-hk2-2.33.jar:/home/runner/.m2/repository/org/glassfish/hk2/hk2-locator/2.6.1/hk2-locator-2.6.1.jar:/home/runner/.m2/repository/org/glassfish/jersey/media/jersey-media-jaxb/2.33/jersey-media-jaxb-2.33.jar:/home/runner/.m2/repository/org/glassfish/hk2/osgi-resource-locator/1.0.3/osgi-resource-locator-1.0.3.jar:/home/runner/.m2/repository/org/glassfish/hk2/hk2-api/2.5.0/hk2-api-2.5.0.jar:/home/runner/.m2/repository/org/glassfish/hk2/hk2-utils/2.5.0/hk2-utils-2.5.0.jar:/home/runner/.m2/repository/org/glassfish/hk2/external/aopalliance-repackaged/2.5.0/aopalliance-repackaged-2.5.0.jar:/home/runner/.m2/repository/com/fasterxml/jackson/dataformat/jackson-dataformat-xml/2.12.1/jackson-dataformat-xml-2.12.1.jar:/home/runner/.m2/repository/com/fasterxml/jackson/core/jackson-core/2.12.1/jackson-core-2.12.1.jar:/home/runner/.m2/repository/com/fasterxml/jackson/module/jackson-module-jaxb-annotations/2.12.1/jackson-module-jaxb-annotations-2.12.1.jar:/home/runner/.m2/repository/jakarta/xml/bind/jakarta.xml.bind-api/2.3.2/jakarta.xml.bind-api-2.3.2.jar:/home/runner/.m2/repository/org/codehaus/woodstox/stax2-api/3.1.4/stax2-api-3.1.4.jar:/home/runner/.m2/repository/com/fasterxml/woodstox/woodstox-core/5.0.3/woodstox-core-5.0.3.jar:/home/runner/.m2/repository/javax/enterprise/cdi-api/1.2/cdi-api-1.2.jar:/home/runner/.m2/repository/javax/el/javax.el-api/3.0.0/javax.el-api-3.0.0.jar:/home/runner/.m2/repository/javax/interceptor/javax.interceptor-api/1.2/javax.interceptor-api-1.2.jar:/home/runner/.m2/repository/javax/inject/javax.inject/1/javax.inject-1.jar:/home/runner/.m2/repository/javax/xml/bind/jaxb-api/2.3.0/jaxb-api-2.3.0.jar:/home/runner/.m2/repository/org/glassfish/jaxb/jaxb-runtime/2.3.0.1/jaxb-runtime-2.3.0.1.jar:/home/runner/.m2/repository/org/glassfish/jaxb/jaxb-core/2.3.0.1/jaxb-core-2.3.0.1.jar:/home/runner/.m2/repository/org/glassfish/jaxb/txw2/2.3.0.1/txw2-2.3.0.1.jar:/home/runner/.m2/repository/com/sun/istack/istack-commons-runtime/3.0.5/istack-commons-runtime-3.0.5.jar:/home/runner/.m2/repository/org/jvnet/staxex/stax-ex/1.7.8/stax-ex-1.7.8.jar:/home/runner/.m2/repository/com/sun/xml/fastinfoset/FastInfoset/1.2.13/FastInfoset-1.2.13.jar:/home/runner/.m2/repository/javax/activation/activation/1.1.1/activation-1.1.1.jar:/home/runner/.m2/repository/org/apache/ozone/ozone-csi/1.2.0-SNAPSHOT/ozone-csi-1.2.0-SNAPSHOT.jar:/home/runner/.m2/repository/com/google/protobuf/protobuf-java-util/3.12.0/protobuf-java-util-3.12.0.jar:/home/runner/.m2/repository/com/google/code/gson/gson/2.2.4/gson-2.2.4.jar:/home/runner/.m2/repository/org/apache/ozone/hdds-config/1.2.0-SNAPSHOT/hdds-config-1.2.0-SNAPSHOT.jar:/home/runner/.m2/repository/io/grpc/grpc-netty/1.33.0/grpc-netty-1.33.0.jar:/home/runner/.m2/repository/io/grpc/grpc-core/1.33.0/grpc-core-1.33.0.jar:/home/runner/.m2/repository/com/google/android/annotations/4.1.1.4/annotations-4.1.1.4.jar:/home/runner/.m2/repository/io/netty/netty-codec-http2/4.1.63.Final/netty-codec-http2-4.1.63.Final.jar:/home/runner/.m2/repository/io/netty/netty-codec-http/4.1.63.Final/netty-codec-http-4.1.63.Final.jar:/home/runner/.m2/repository/io/netty/netty-handler-proxy/4.1.63.Final/netty-handler-proxy-4.1.63.Final.jar:/home/runner/.m2/repository/io/netty/netty-codec-socks/4.1.63.Final/netty-codec-socks-4.1.63.Final.jar:/home/runner/.m2/repository/io/perfmark/perfmark-api/0.19.0/perfmark-api-0.19.0.jar:/home/runner/.m2/repository/org/codehaus/mojo/animal-sniffer-annotations/1.18/animal-sniffer-annotations-1.18.jar:/home/runner/.m2/repository/io/netty/netty-transport-native-epoll/4.1.63.Final/netty-transport-native-epoll-4.1.63.Final.jar:/home/runner/.m2/repository/io/netty/netty-common/4.1.63.Final/netty-common-4.1.63.Final.jar:/home/runner/.m2/repository/io/netty/netty-buffer/4.1.63.Final/netty-buffer-4.1.63.Final.jar:/home/runner/.m2/repository/io/netty/netty-transport-native-unix-common/4.1.63.Final/netty-transport-native-unix-common-4.1.63.Final.jar:/home/runner/.m2/repository/io/grpc/grpc-protobuf/1.33.0/grpc-protobuf-1.33.0.jar:/home/runner/.m2/repository/io/grpc/grpc-api/1.33.0/grpc-api-1.33.0.jar:/home/runner/.m2/repository/io/grpc/grpc-context/1.33.0/grpc-context-1.33.0.jar:/home/runner/.m2/repository/com/google/api/grpc/proto-google-common-protos/1.17.0/proto-google-common-protos-1.17.0.jar:/home/runner/.m2/repository/io/grpc/grpc-protobuf-lite/1.33.0/grpc-protobuf-lite-1.33.0.jar:/home/runner/.m2/repository/io/grpc/grpc-stub/1.33.0/grpc-stub-1.33.0.jar:/home/runner/.m2/repository/org/apache/ozone/ozone-recon/1.2.0-SNAPSHOT/ozone-recon-1.2.0-SNAPSHOT.jar:/home/runner/.m2/repository/org/apache/ozone/ozone-reconcodegen/1.2.0-SNAPSHOT/ozone-reconcodegen-1.2.0-SNAPSHOT.jar:/home/runner/.m2/repository/com/google/inject/extensions/guice-multibindings/4.0/guice-multibindings-4.0.jar:/home/runner/.m2/repository/com/google/inject/guice/4.0/guice-4.0.jar:/home/runner/.m2/repository/aopalliance/aopalliance/1.0/aopalliance-1.0.jar:/home/runner/.m2/repository/com/google/inject/extensions/guice-assistedinject/4.0/guice-assistedinject-4.0.jar:/home/runner/.m2/repository/com/google/inject/extensions/guice-servlet/4.0/guice-servlet-4.0.jar:/home/runner/.m2/repository/org/glassfish/jersey/containers/jersey-container-servlet/2.33/jersey-container-servlet-2.33.jar:/home/runner/.m2/repository/org/glassfish/hk2/guice-bridge/2.5.0/guice-bridge-2.5.0.jar:/home/runner/.m2/repository/org/glassfish/jersey/core/jersey-server/2.33/jersey-server-2.33.jar:/home/runner/.m2/repository/org/glassfish/jersey/core/jersey-client/2.33/jersey-client-2.33.jar:/home/runner/.m2/repository/jakarta/annotation/jakarta.annotation-api/1.3.5/jakarta.annotation-api-1.3.5.jar:/home/runner/.m2/repository/jakarta/validation/jakarta.validation-api/2.0.2/jakarta.validation-api-2.0.2.jar:/home/runner/.m2/repository/org/glassfish/jersey/media/jersey-media-json-jackson/2.33/jersey-media-json-jackson-2.33.jar:/home/runner/.m2/repository/org/glassfish/jersey/ext/jersey-entity-filtering/2.33/jersey-entity-filtering-2.33.jar:/home/runner/.m2/repository/org/jooq/jooq/3.11.10/jooq-3.11.10.jar:/home/runner/.m2/repository/org/jooq/jooq-meta/3.11.10/jooq-meta-3.11.10.jar:/home/runner/.m2/repository/org/jooq/jooq-codegen/3.11.10/jooq-codegen-3.11.10.jar:/home/runner/.m2/repository/com/jolbox/bonecp/0.8.0.RELEASE/bonecp-0.8.0.RELEASE.jar:/home/runner/.m2/repository/org/apache/derby/derby/10.14.2.0/derby-10.14.2.0.jar:/home/runner/.m2/repository/org/xerial/sqlite-jdbc/3.25.2/sqlite-jdbc-3.25.2.jar:/home/runner/.m2/repository/org/springframework/spring-jdbc/5.2.17.RELEASE/spring-jdbc-5.2.17.RELEASE.jar:/home/runner/.m2/repository/org/springframework/spring-beans/5.2.17.RELEASE/spring-beans-5.2.17.RELEASE.jar:/home/runner/.m2/repository/org/springframework/spring-core/5.2.17.RELEASE/spring-core-5.2.17.RELEASE.jar:/home/runner/.m2/repository/org/springframework/spring-jcl/5.2.17.RELEASE/spring-jcl-5.2.17.RELEASE.jar:/home/runner/.m2/repository/org/springframework/spring-tx/5.2.17.RELEASE/spring-tx-5.2.17.RELEASE.jar:/home/runner/.m2/repository/org/apache/ozone/ozone-client/1.2.0-SNAPSHOT/ozone-client-1.2.0-SNAPSHOT.jar:/home/runner/.m2/repository/org/apache/ozone/ozone-filesystem/1.2.0-SNAPSHOT/ozone-filesystem-1.2.0-SNAPSHOT.jar:/home/runner/.m2/repository/org/apache/ozone/ozone-filesystem-common/1.2.0-SNAPSHOT/ozone-filesystem-common-1.2.0-SNAPSHOT.jar:/home/runner/.m2/repository/org/apache/ozone/ozone-tools/1.2.0-SNAPSHOT/ozone-tools-1.2.0-SNAPSHOT.jar:/home/runner/.m2/repository/org/apache/ratis/ratis-tools/2.2.0/ratis-tools-2.2.0.jar:/home/runner/.m2/repository/com/amazonaws/aws-java-sdk-core/1.11.1034/aws-java-sdk-core-1.11.1034.jar:/home/runner/.m2/repository/org/apache/httpcomponents/httpclient/4.5.13/httpclient-4.5.13.jar:/home/runner/.m2/repository/org/apache/httpcomponents/httpcore/4.4.13/httpcore-4.4.13.jar:/home/runner/.m2/repository/software/amazon/ion/ion-java/1.0.2/ion-java-1.0.2.jar:/home/runner/.m2/repository/com/fasterxml/jackson/dataformat/jackson-dataformat-cbor/2.12.1/jackson-dataformat-cbor-2.12.1.jar:/home/runner/.m2/repository/joda-time/joda-time/2.8.1/joda-time-2.8.1.jar:/home/runner/.m2/repository/com/amazonaws/aws-java-sdk-s3/1.11.1034/aws-java-sdk-s3-1.11.1034.jar:/home/runner/.m2/repository/com/amazonaws/aws-java-sdk-kms/1.11.1034/aws-java-sdk-kms-1.11.1034.jar:/home/runner/.m2/repository/com/amazonaws/jmespath-java/1.11.1034/jmespath-java-1.11.1034.jar:/home/runner/.m2/repository/org/kohsuke/metainf-services/metainf-services/1.8/metainf-services-1.8.jar:/home/runner/.m2/repository/org/apache/ozone/hdds-tools/1.2.0-SNAPSHOT/hdds-tools-1.2.0-SNAPSHOT.jar:/home/runner/.m2/repository/commons-cli/commons-cli/1.2/commons-cli-1.2.jar:/home/runner/.m2/repository/org/apache/commons/commons-lang3/3.7/commons-lang3-3.7.jar:/home/runner/.m2/repository/org/apache/ozone/ozone-manager/1.2.0-SNAPSHOT/ozone-manager-1.2.0-SNAPSHOT-tests.jar:/home/runner/.m2/repository/org/apache/ozone/hdds-common/1.2.0-SNAPSHOT/hdds-common-1.2.0-SNAPSHOT-tests.jar:/home/runner/.m2/repository/org/apache/ozone/hdds-hadoop-dependency-client/1.2.0-SNAPSHOT/hdds-hadoop-dependency-client-1.2.0-SNAPSHOT.jar:/home/runner/.m2/repository/info/picocli/picocli/4.6.1/picocli-4.6.1.jar:/home/runner/.m2/repository/com/fasterxml/jackson/core/jackson-annotations/2.12.1/jackson-annotations-2.12.1.jar:/home/runner/.m2/repository/javax/annotation/javax.annotation-api/1.2/javax.annotation-api-1.2.jar:/home/runner/.m2/repository/org/apache/ratis/ratis-server/2.2.0/ratis-server-2.2.0.jar:/home/runner/.m2/repository/org/apache/ratis/ratis-client/2.2.0/ratis-client-2.2.0.jar:/home/runner/.m2/repository/org/apache/ratis/ratis-server-api/2.2.0/ratis-server-api-2.2.0.jar:/home/runner/.m2/repository/org/apache/ratis/ratis-metrics/2.2.0/ratis-metrics-2.2.0.jar:/home/runner/.m2/repository/org/apache/ratis/ratis-netty/2.2.0/ratis-netty-2.2.0.jar:/home/runner/.m2/repository/org/apache/ratis/ratis-grpc/2.2.0/ratis-grpc-2.2.0.jar:/home/runner/.m2/repository/org/apache/logging/log4j/log4j-api/2.13.3/log4j-api-2.13.3.jar:/home/runner/.m2/repository/org/apache/logging/log4j/log4j-core/2.13.3/log4j-core-2.13.3.jar:/home/runner/.m2/repository/com/lmax/disruptor/3.4.2/disruptor-3.4.2.jar:/home/runner/.m2/repository/org/apache/commons/commons-pool2/2.6.0/commons-pool2-2.6.0.jar:/home/runner/.m2/repository/org/bouncycastle/bcpkix-jdk15on/1.67/bcpkix-jdk15on-1.67.jar:/home/runner/.m2/repository/commons-validator/commons-validator/1.6/commons-validator-1.6.jar:/home/runner/.m2/repository/commons-beanutils/commons-beanutils/1.9.4/commons-beanutils-1.9.4.jar:/home/runner/.m2/repository/commons-digester/commons-digester/1.8.1/commons-digester-1.8.1.jar:/home/runner/.m2/repository/commons-collections/commons-collections/3.2.2/commons-collections-3.2.2.jar:/home/runner/.m2/repository/io/jaegertracing/jaeger-client/1.6.0/jaeger-client-1.6.0.jar:/home/runner/.m2/repository/io/jaegertracing/jaeger-thrift/1.6.0/jaeger-thrift-1.6.0.jar:/home/runner/.m2/repository/org/apache/thrift/libthrift/0.14.1/libthrift-0.14.1.jar:/home/runner/.m2/repository/com/squareup/okhttp3/okhttp/4.9.0/okhttp-4.9.0.jar:/home/runner/.m2/repository/com/squareup/okio/okio/2.8.0/okio-2.8.0.jar:/home/runner/.m2/repository/io/jaegertracing/jaeger-core/1.6.0/jaeger-core-1.6.0.jar:/home/runner/.m2/repository/io/jaegertracing/jaeger-tracerresolver/1.6.0/jaeger-tracerresolver-1.6.0.jar:/home/runner/.m2/repository/io/opentracing/contrib/opentracing-tracerresolver/0.1.8/opentracing-tracerresolver-0.1.8.jar:/home/runner/.m2/repository/org/jetbrains/kotlin/kotlin-stdlib/1.4.31/kotlin-stdlib-1.4.31.jar:/home/runner/.m2/repository/org/jetbrains/kotlin/kotlin-stdlib-common/1.4.31/kotlin-stdlib-common-1.4.31.jar:/home/runner/.m2/repository/org/jetbrains/annotations/13.0/annotations-13.0.jar:/home/runner/.m2/repository/io/opentracing/opentracing-util/0.33.0/opentracing-util-0.33.0.jar:/home/runner/.m2/repository/io/opentracing/opentracing-api/0.33.0/opentracing-api-0.33.0.jar:/home/runner/.m2/repository/io/opentracing/opentracing-noop/0.33.0/opentracing-noop-0.33.0.jar:/home/runner/.m2/repository/org/yaml/snakeyaml/1.26/snakeyaml-1.26.jar:/home/runner/.m2/repository/org/apache/ozone/hdds-interface-admin/1.2.0-SNAPSHOT/hdds-interface-admin-1.2.0-SNAPSHOT.jar:/home/runner/.m2/repository/junit/junit/4.13.1/junit-4.13.1.jar:/home/runner/.m2/repository/org/hamcrest/hamcrest-core/1.3/hamcrest-core-1.3.jar:/home/runner/.m2/repository/org/junit/jupiter/junit-jupiter-api/5.7.0/junit-jupiter-api-5.7.0.jar:/home/runner/.m2/repository/org/apiguardian/apiguardian-api/1.1.0/apiguardian-api-1.1.0.jar:/home/runner/.m2/repository/org/opentest4j/opentest4j/1.2.0/opentest4j-1.2.0.jar:/home/runner/.m2/repository/org/junit/platform/junit-platform-commons/1.7.0/junit-platform-commons-1.7.0.jar:/home/runner/.m2/repository/org/junit/jupiter/junit-jupiter-engine/5.7.0/junit-jupiter-engine-5.7.0.jar:/home/runner/.m2/repository/org/junit/platform/junit-platform-engine/1.7.0/junit-platform-engine-1.7.0.jar:/home/runner/.m2/repository/org/junit/vintage/junit-vintage-engine/5.7.0/junit-vintage-engine-5.7.0.jar:/home/runner/.m2/repository/org/junit/platform/junit-platform-launcher/1.7.0/junit-platform-launcher-1.7.0.jar:/home/runner/.m2/repository/org/openjdk/jmh/jmh-core/1.19/jmh-core-1.19.jar:/home/runner/.m2/repository/net/sf/jopt-simple/jopt-simple/4.6/jopt-simple-4.6.jar:/home/runner/.m2/repository/org/apache/commons/commons-math3/3.1.1/commons-math3-3.1.1.jar:/home/runner/.m2/repository/org/openjdk/jmh/jmh-generator-annprocess/1.19/jmh-generator-annprocess-1.19.jar:/home/runner/.m2/repository/org/mockito/mockito-core/2.28.2/mockito-core-2.28.2.jar:/home/runner/.m2/repository/net/bytebuddy/byte-buddy/1.9.10/byte-buddy-1.9.10.jar:/home/runner/.m2/repository/net/bytebuddy/byte-buddy-agent/1.9.10/byte-buddy-agent-1.9.10.jar:/home/runner/.m2/repository/org/objenesis/objenesis/1.0/objenesis-1.0.jar:/home/runner/.m2/repository/org/apache/hadoop/hadoop-kms/3.3.1/hadoop-kms-3.3.1.jar:/home/runner/.m2/repository/org/apache/hadoop/hadoop-auth/3.3.1/hadoop-auth-3.3.1.jar:/home/runner/.m2/repository/com/nimbusds/nimbus-jose-jwt/7.9/nimbus-jose-jwt-7.9.jar:/home/runner/.m2/repository/com/github/stephenc/jcip/jcip-annotations/1.0-1/jcip-annotations-1.0-1.jar:/home/runner/.m2/repository/net/minidev/json-smart/2.3.1/json-smart-2.3.1.jar:/home/runner/.m2/repository/net/minidev/accessors-smart/2.3.1/accessors-smart-2.3.1.jar:/home/runner/.m2/repository/org/ow2/asm/asm/5.0.4/asm-5.0.4.jar:/home/runner/.m2/repository/org/apache/zookeeper/zookeeper/3.5.6/zookeeper-3.5.6.jar:/home/runner/.m2/repository/org/apache/zookeeper/zookeeper-jute/3.5.6/zookeeper-jute-3.5.6.jar:/home/runner/.m2/repository/org/apache/yetus/audience-annotations/0.5.0/audience-annotations-0.5.0.jar:/home/runner/.m2/repository/org/apache/curator/curator-framework/4.2.0/curator-framework-4.2.0.jar:/home/runner/.m2/repository/org/apache/hadoop/thirdparty/hadoop-shaded-guava/1.1.1/hadoop-shaded-guava-1.1.1.jar:/home/runner/.m2/repository/com/sun/jersey/jersey-core/1.19/jersey-core-1.19.jar:/home/runner/.m2/repository/javax/ws/rs/jsr311-api/1.1.1/jsr311-api-1.1.1.jar:/home/runner/.m2/repository/com/sun/jersey/jersey-server/1.19/jersey-server-1.19.jar:/home/runner/.m2/repository/javax/servlet/javax.servlet-api/3.1.0/javax.servlet-api-3.1.0.jar:/home/runner/.m2/repository/org/eclipse/jetty/jetty-server/9.4.43.v20210629/jetty-server-9.4.43.v20210629.jar:/home/runner/.m2/repository/org/eclipse/jetty/jetty-http/9.4.43.v20210629/jetty-http-9.4.43.v20210629.jar:/home/runner/.m2/repository/org/eclipse/jetty/jetty-io/9.4.43.v20210629/jetty-io-9.4.43.v20210629.jar:/home/runner/.m2/repository/org/eclipse/jetty/jetty-webapp/9.4.43.v20210629/jetty-webapp-9.4.43.v20210629.jar:/home/runner/.m2/repository/org/eclipse/jetty/jetty-xml/9.4.43.v20210629/jetty-xml-9.4.43.v20210629.jar:/home/runner/.m2/repository/org/apache/hadoop/hadoop-common/3.3.1/hadoop-common-3.3.1.jar:/home/runner/.m2/repository/commons-net/commons-net/3.6/commons-net-3.6.jar:/home/runner/.m2/repository/jakarta/activation/jakarta.activation-api/1.2.1/jakarta.activation-api-1.2.1.jar:/home/runner/.m2/repository/com/sun/jersey/jersey-servlet/1.19/jersey-servlet-1.19.jar:/home/runner/.m2/repository/com/sun/jersey/jersey-json/1.19/jersey-json-1.19.jar:/home/runner/.m2/repository/org/codehaus/jettison/jettison/1.1/jettison-1.1.jar:/home/runner/.m2/repository/com/sun/xml/bind/jaxb-impl/2.2.3-1/jaxb-impl-2.2.3-1.jar:/home/runner/.m2/repository/org/codehaus/jackson/jackson-jaxrs/1.9.2/jackson-jaxrs-1.9.2.jar:/home/runner/.m2/repository/org/codehaus/jackson/jackson-xc/1.9.2/jackson-xc-1.9.2.jar:/home/runner/.m2/repository/org/apache/commons/commons-configuration2/2.1.1/commons-configuration2-2.1.1.jar:/home/runner/.m2/repository/org/apache/commons/commons-text/1.4/commons-text-1.4.jar:/home/runner/.m2/repository/com/google/re2j/re2j/1.1/re2j-1.1.jar:/home/runner/.m2/repository/com/jcraft/jsch/0.1.54/jsch-0.1.54.jar:/home/runner/.m2/repository/org/apache/curator/curator-client/4.2.0/curator-client-4.2.0.jar:/home/runner/.m2/repository/org/apache/curator/curator-recipes/4.2.0/curator-recipes-4.2.0.jar:/home/runner/.m2/repository/org/apache/kerby/kerb-core/1.0.1/kerb-core-1.0.1.jar:/home/runner/.m2/repository/org/apache/kerby/kerby-pkix/1.0.1/kerby-pkix-1.0.1.jar:/home/runner/.m2/repository/org/apache/kerby/kerby-asn1/1.0.1/kerby-asn1-1.0.1.jar:/home/runner/.m2/repository/org/apache/kerby/kerby-util/1.0.1/kerby-util-1.0.1.jar:/home/runner/.m2/repository/dnsjava/dnsjava/2.1.7/dnsjava-2.1.7.jar:/home/runner/.m2/repository/org/xerial/snappy/snappy-java/1.1.8.2/snappy-java-1.1.8.2.jar:/home/runner/.m2/repository/org/slf4j/jul-to-slf4j/1.7.30/jul-to-slf4j-1.7.30.jar:/home/runner/.m2/repository/org/eclipse/jetty/jetty-util/9.4.43.v20210629/jetty-util-9.4.43.v20210629.jar:/home/runner/.m2/repository/com/fasterxml/jackson/core/jackson-databind/2.12.1/jackson-databind-2.12.1.jar:/home/runner/.m2/repository/org/apache/hadoop/hadoop-kms/3.3.1/hadoop-kms-3.3.1-tests.jar:/home/runner/.m2/repository/org/apache/ozone/hdds-server-scm/1.2.0-SNAPSHOT/hdds-server-scm-1.2.0-SNAPSHOT-tests.jar:/home/runner/.m2/repository/org/apache/ozone/hdds-container-service/1.2.0-SNAPSHOT/hdds-container-service-1.2.0-SNAPSHOT-tests.jar:/home/runner/.m2/repository/commons-codec/commons-codec/1.11/commons-codec-1.11.jar:/home/runner/.m2/repository/io/netty/netty-transport/4.1.63.Final/netty-transport-4.1.63.Final.jar:/home/runner/.m2/repository/io/netty/netty-resolver/4.1.63.Final/netty-resolver-4.1.63.Final.jar:/home/runner/.m2/repository/io/netty/netty-codec/4.1.63.Final/netty-codec-4.1.63.Final.jar:/home/runner/.m2/repository/io/netty/netty-handler/4.1.63.Final/netty-handler-4.1.63.Final.jar:/home/runner/.m2/repository/org/apache/ozone/hdds-hadoop-dependency-test/1.2.0-SNAPSHOT/hdds-hadoop-dependency-test-1.2.0-SNAPSHOT.jar:/home/runner/.m2/repository/org/apache/hadoop/hadoop-common/3.3.1/hadoop-common-3.3.1-tests.jar:/home/runner/.m2/repository/org/assertj/assertj-core/3.12.2/assertj-core-3.12.2.jar:/home/runner/.m2/repository/org/apache/hadoop/hadoop-hdfs/3.3.1/hadoop-hdfs-3.3.1-tests.jar:/home/runner/.m2/repository/org/eclipse/jetty/jetty-util-ajax/9.4.43.v20210629/jetty-util-ajax-9.4.43.v20210629.jar:/home/runner/.m2/repository/commons-daemon/commons-daemon/1.0.13/commons-daemon-1.0.13.jar:/home/runner/.m2/repository/io/netty/netty/3.10.6.Final/netty-3.10.6.Final.jar:/home/runner/.m2/repository/io/netty/netty-all/4.1.63.Final/netty-all-4.1.63.Final.jar:/home/runner/.m2/repository/org/apache/htrace/htrace-core4/4.1.0-incubating/htrace-core4-4.1.0-incubating.jar:/home/runner/.m2/repository/org/fusesource/leveldbjni/leveldbjni-all/1.8/leveldbjni-all-1.8.jar:/home/runner/.m2/repository/org/apache/hadoop/hadoop-distcp/3.3.1/hadoop-distcp-3.3.1.jar:/home/runner/.m2/repository/org/apache/hadoop/hadoop-mapreduce-client-jobclient/3.3.1/hadoop-mapreduce-client-jobclient-3.3.1.jar:/home/runner/.m2/repository/org/apache/hadoop/hadoop-mapreduce-client-common/3.3.1/hadoop-mapreduce-client-common-3.3.1.jar:/home/runner/.m2/repository/org/apache/hadoop/hadoop-yarn-common/3.3.1/hadoop-yarn-common-3.3.1.jar:/home/runner/.m2/repository/org/apache/hadoop/hadoop-yarn-api/3.3.1/hadoop-yarn-api-3.3.1.jar:/home/runner/.m2/repository/com/sun/jersey/jersey-client/1.19/jersey-client-1.19.jar:/home/runner/.m2/repository/com/sun/jersey/contribs/jersey-guice/1.19/jersey-guice-1.19.jar:/home/runner/.m2/repository/com/fasterxml/jackson/jaxrs/jackson-jaxrs-json-provider/2.12.1/jackson-jaxrs-json-provider-2.12.1.jar:/home/runner/.m2/repository/com/fasterxml/jackson/jaxrs/jackson-jaxrs-base/2.12.1/jackson-jaxrs-base-2.12.1.jar:/home/runner/.m2/repository/org/apache/hadoop/hadoop-yarn-client/3.3.1/hadoop-yarn-client-3.3.1.jar:/home/runner/.m2/repository/org/eclipse/jetty/websocket/websocket-client/9.4.40.v20210413/websocket-client-9.4.40.v20210413.jar:/home/runner/.m2/repository/org/eclipse/jetty/jetty-client/9.4.40.v20210413/jetty-client-9.4.40.v20210413.jar:/home/runner/.m2/repository/org/eclipse/jetty/websocket/websocket-common/9.4.40.v20210413/websocket-common-9.4.40.v20210413.jar:/home/runner/.m2/repository/org/eclipse/jetty/websocket/websocket-api/9.4.40.v20210413/websocket-api-9.4.40.v20210413.jar:/home/runner/.m2/repository/org/jline/jline/3.9.0/jline-3.9.0.jar:/home/runner/.m2/repository/org/apache/hadoop/hadoop-mapreduce-client-core/3.3.1/hadoop-mapreduce-client-core-3.3.1.jar:/home/runner/.m2/repository/org/apache/avro/avro/1.7.7/avro-1.7.7.jar:/home/runner/.m2/repository/org/codehaus/jackson/jackson-core-asl/1.9.13/jackson-core-asl-1.9.13.jar:/home/runner/.m2/repository/org/codehaus/jackson/jackson-mapper-asl/1.9.13/jackson-mapper-asl-1.9.13.jar:/home/runner/.m2/repository/com/thoughtworks/paranamer/paranamer/2.3/paranamer-2.3.jar:/home/runner/.m2/repository/org/apache/hadoop/hadoop-annotations/3.3.1/hadoop-annotations-3.3.1.jar:/usr/lib/jvm/adoptopenjdk-8-hotspot-amd64/jre/../lib/tools.jar:/home/runner/.m2/repository/org/apache/hadoop/hadoop-distcp/3.3.1/hadoop-distcp-3.3.1-tests.jar:/home/runner/.m2/repository/org/apache/ratis/ratis-common/2.2.0/ratis-common-2.2.0.jar:/home/runner/.m2/repository/org/apache/ratis/ratis-thirdparty-misc/0.7.0/ratis-thirdparty-misc-0.7.0.jar:/home/runner/.m2/repository/org/apache/ratis/ratis-proto/2.2.0/ratis-proto-2.2.0.jar:"/>
    <property name="sun.cpu.endian" value="little"/>
    <property name="user.home" value="/home/runner"/>
    <property name="user.language" value="en"/>
    <property name="java.specification.vendor" value="Oracle Corporation"/>
    <property name="java.home" value="/usr/lib/jvm/adoptopenjdk-8-hotspot-amd64/jre"/>
    <property name="java.security.krb5.conf" value="/home/runner/work/ozone/ozone/hadoop-ozone/integration-test/target/test-classes/krb5.conf"/>
    <property name="basedir" value="/home/runner/work/ozone/ozone/hadoop-ozone/integration-test"/>
    <property name="file.separator" value="/"/>
    <property name="line.separator" value="&#10;"/>
    <property name="java.vm.specification.vendor" value="Oracle Corporation"/>
    <property name="java.specification.name" value="Java Platform API Specification"/>
    <property name="java.awt.graphicsenv" value="sun.awt.X11GraphicsEnvironment"/>
    <property name="skip.installnpx" value="true"/>
    <property name="surefire.real.class.path" value="/home/runner/work/ozone/ozone/hadoop-ozone/integration-test/target/surefire/surefirebooter3551114382850835197.jar:/home/runner/.m2/repository/org/jacoco/org.jacoco.agent/0.8.5/org.jacoco.agent-0.8.5-runtime.jar"/>
    <property name="hadoop.log.dir" value="/home/runner/work/ozone/ozone/hadoop-ozone/integration-test/target/log"/>
    <property name="sun.boot.class.path" value="/usr/lib/jvm/adoptopenjdk-8-hotspot-amd64/jre/lib/resources.jar:/usr/lib/jvm/adoptopenjdk-8-hotspot-amd64/jre/lib/rt.jar:/usr/lib/jvm/adoptopenjdk-8-hotspot-amd64/jre/lib/sunrsasign.jar:/usr/lib/jvm/adoptopenjdk-8-hotspot-amd64/jre/lib/jsse.jar:/usr/lib/jvm/adoptopenjdk-8-hotspot-amd64/jre/lib/jce.jar:/usr/lib/jvm/adoptopenjdk-8-hotspot-amd64/jre/lib/charsets.jar:/usr/lib/jvm/adoptopenjdk-8-hotspot-amd64/jre/lib/jfr.jar:/usr/lib/jvm/adoptopenjdk-8-hotspot-amd64/jre/classes"/>
    <property name="sun.management.compiler" value="HotSpot 64-Bit Tiered Compilers"/>
    <property name="skip.npx" value="true"/>
    <property name="java.runtime.version" value="1.8.0_292-b10"/>
    <property name="java.net.preferIPv4Stack" value="true"/>
    <property name="user.name" value="runner"/>
    <property name="path.separator" value=":"/>
    <property name="java.security.egd" value="file:///dev/urandom"/>
    <property name="os.version" value="5.4.0-1061-azure"/>
    <property name="java.endorsed.dirs" value="/usr/lib/jvm/adoptopenjdk-8-hotspot-amd64/jre/lib/endorsed"/>
    <property name="java.runtime.name" value="OpenJDK Runtime Environment"/>
    <property name="file.encoding" value="UTF-8"/>
    <property name="java.vm.name" value="OpenJDK 64-Bit Server VM"/>
    <property name="test.build.webapps" value=""/>
    <property name="localRepository" value="/home/runner/.m2/repository"/>
    <property name="java.vendor.url.bug" value="https://github.com/AdoptOpenJDK/openjdk-support/issues"/>
    <property name="java.io.tmpdir" value="/tmp"/>
    <property name="require.test.libhadoop" value=""/>
    <property name="java.version" value="1.8.0_292"/>
    <property name="user.dir" value="/home/runner/work/ozone/ozone/hadoop-ozone/integration-test"/>
    <property name="os.arch" value="amd64"/>
    <property name="java.vm.specification.name" value="Java Virtual Machine Specification"/>
    <property name="test.build.classes" value="/home/runner/work/ozone/ozone/hadoop-ozone/integration-test/target/test-classes"/>
    <property name="java.awt.printerjob" value="sun.print.PSPrinterJob"/>
    <property name="sun.os.patch.level" value="unknown"/>
    <property name="hadoop.tmp.dir" value="/home/runner/work/ozone/ozone/hadoop-ozone/integration-test/target/tmp"/>
    <property name="java.library.path" value="/usr/java/packages/lib/amd64:/usr/lib64:/lib64:/lib:/usr/lib"/>
    <property name="java.vm.info" value="mixed mode"/>
    <property name="java.vendor" value="AdoptOpenJDK"/>
    <property name="java.vm.version" value="25.292-b10"/>
    <property name="java.ext.dirs" value="/usr/lib/jvm/adoptopenjdk-8-hotspot-amd64/jre/lib/ext:/usr/java/packages/lib/ext"/>
    <property name="sun.io.unicode.encoding" value="UnicodeLittle"/>
    <property name="java.class.version" value="52.0"/>
  </properties>
  <testcase name="testDataNodeAndSCMFailuresTogetherDuringDataNodeUpgrade" classname="org.apache.hadoop.hdds.upgrade.TestHDDSUpgrade" time="0">
    <skipped/>
  </testcase>
  <testcase name="testDataNodeAndSCMFailuresTogetherDuringSCMUpgrade" classname="org.apache.hadoop.hdds.upgrade.TestHDDSUpgrade" time="0">
    <skipped/>
  </testcase>
  <testcase name="testScmFailuresAfterScmPostFinalizeUpgrade" classname="org.apache.hadoop.hdds.upgrade.TestHDDSUpgrade" time="35.657"/>
  <testcase name="testScmFailuresAfterScmPreFinalizeUpgrade" classname="org.apache.hadoop.hdds.upgrade.TestHDDSUpgrade" time="26.003"/>
  <testcase name="testAllDataNodeFailuresAfterScmPreFinalizeUpgrade" classname="org.apache.hadoop.hdds.upgrade.TestHDDSUpgrade" time="61.306"/>
  <testcase name="testAllDataNodeFailuresBeforeScmPreFinalizeUpgrade" classname="org.apache.hadoop.hdds.upgrade.TestHDDSUpgrade" time="52.128"/>
  <testcase name="testScmFailuresAfterScmCompleteFinalization" classname="org.apache.hadoop.hdds.upgrade.TestHDDSUpgrade" time="16.102"/>
  <testcase name="testScmFailuresBeforeScmPreFinalizeUpgrade" classname="org.apache.hadoop.hdds.upgrade.TestHDDSUpgrade" time="49.012"/>
  <testcase name="testDataNodeFailuresDuringDataNodeUpgrade" classname="org.apache.hadoop.hdds.upgrade.TestHDDSUpgrade" time="0">
    <skipped/>
  </testcase>
  <testcase name="testAllPossibleDataNodeFailuresAndSCMFailures" classname="org.apache.hadoop.hdds.upgrade.TestHDDSUpgrade" time="0">
    <skipped/>
  </testcase>
  <testcase name="testAllDataNodeFailuresAfterScmCompleteFinalization" classname="org.apache.hadoop.hdds.upgrade.TestHDDSUpgrade" time="51.412"/>
  <testcase name="testAllDataNodeFailuresAfterScmPostFinalizeUpgrade" classname="org.apache.hadoop.hdds.upgrade.TestHDDSUpgrade" time="100.095">
    <error message="Failed to obtain available cluster in time" type="java.io.IOException">java.io.IOException: Failed to obtain available cluster in time
	at org.apache.hadoop.ozone.MiniOzoneClusterProvider.provide(MiniOzoneClusterProvider.java:162)
	at org.apache.hadoop.hdds.upgrade.TestHDDSUpgrade.init(TestHDDSUpgrade.java:172)
	at org.apache.hadoop.hdds.upgrade.TestHDDSUpgrade.setUp(TestHDDSUpgrade.java:135)
	at sun.reflect.NativeMethodAccessorImpl.invoke0(Native Method)
	at sun.reflect.NativeMethodAccessorImpl.invoke(NativeMethodAccessorImpl.java:62)
	at sun.reflect.DelegatingMethodAccessorImpl.invoke(DelegatingMethodAccessorImpl.java:43)
	at java.lang.reflect.Method.invoke(Method.java:498)
	at org.junit.runners.model.FrameworkMethod$1.runReflectiveCall(FrameworkMethod.java:59)
	at org.junit.internal.runners.model.ReflectiveCallable.run(ReflectiveCallable.java:12)
	at org.junit.runners.model.FrameworkMethod.invokeExplosively(FrameworkMethod.java:56)
	at org.junit.internal.runners.statements.RunBefores.invokeMethod(RunBefores.java:33)
	at org.junit.internal.runners.statements.RunBefores.evaluate(RunBefores.java:24)
	at org.junit.internal.runners.statements.RunAfters.evaluate(RunAfters.java:27)
	at org.junit.internal.runners.statements.FailOnTimeout$CallableStatement.call(FailOnTimeout.java:288)
	at org.junit.internal.runners.statements.FailOnTimeout$CallableStatement.call(FailOnTimeout.java:282)
	at java.util.concurrent.FutureTask.run(FutureTask.java:266)
	at java.lang.Thread.run(Thread.java:748)
</error>
    <system-out><![CDATA[2021-11-01 12:53:49,230 [Mini-Cluster-Provider-Reap] INFO  ozone.MiniOzoneClusterImpl (MiniOzoneClusterImpl.java:shutdown(453)) - Shutting down the Mini Ozone Cluster
2021-11-01 12:53:49,230 [Mini-Cluster-Provider-Reap] INFO  ozone.MiniOzoneClusterImpl (MiniOzoneClusterImpl.java:stop(468)) - Stopping the Mini Ozone Cluster
2021-11-01 12:53:49,230 [Mini-Cluster-Provider-Reap] INFO  ozone.MiniOzoneClusterImpl (MiniOzoneClusterImpl.java:stopOM(550)) - Stopping the OzoneManager
2021-11-01 12:53:49,230 [Mini-Cluster-Provider-Reap] INFO  om.OzoneManager (OzoneManager.java:stop(1677)) - Stopping Ozone Manager
2021-11-01 12:53:49,230 [Mini-Cluster-Provider-Reap] INFO  ipc.Server (Server.java:stop(3414)) - Stopping server on 36559
2021-11-01 12:53:49,286 [IPC Server Responder] INFO  ipc.Server (Server.java:run(1512)) - Stopping IPC Server Responder
2021-11-01 12:53:49,287 [IPC Server listener on 0] INFO  ipc.Server (Server.java:run(1376)) - Stopping IPC Server listener on 0
2021-11-01 12:53:49,290 [Mini-Cluster-Provider-Reap] INFO  server.RaftServer (RaftServerProxy.java:lambda$close$6(391)) - om1: close
2021-11-01 12:53:49,292 [Mini-Cluster-Provider-Reap] INFO  server.RaftServer$Division (RaftServerImpl.java:lambda$close$4(412)) - om1@group-C5BA1605619E: shutdown
2021-11-01 12:53:49,292 [Mini-Cluster-Provider-Reap] INFO  impl.RoleInfo (RoleInfo.java:shutdownLeaderState(91)) - om1: shutdown om1@group-C5BA1605619E-LeaderStateImpl
2021-11-01 12:53:49,292 [Mini-Cluster-Provider-Reap] INFO  impl.PendingRequests (PendingRequests.java:sendNotLeaderResponses(282)) - om1@group-C5BA1605619E-PendingRequests: sendNotLeaderResponses
2021-11-01 12:53:49,296 [Mini-Cluster-Provider-Reap] INFO  impl.StateMachineUpdater (StateMachineUpdater.java:stopAndJoin(149)) - om1@group-C5BA1605619E-StateMachineUpdater: set stopIndex = 8
2021-11-01 12:53:49,296 [om1@group-C5BA1605619E-StateMachineUpdater] INFO  ratis.OzoneManagerStateMachine (OzoneManagerStateMachine.java:takeSnapshot(417)) - Current Snapshot Index (t:1, i:8)
2021-11-01 12:53:49,296 [om1@group-C5BA1605619E-StateMachineUpdater] INFO  impl.StateMachineUpdater (StateMachineUpdater.java:takeSnapshot(281)) - om1@group-C5BA1605619E-StateMachineUpdater: Took a snapshot at index 8
2021-11-01 12:53:49,296 [om1@group-C5BA1605619E-StateMachineUpdater] INFO  impl.StateMachineUpdater (StateMachineUpdater.java:lambda$new$0(89)) - om1@group-C5BA1605619E-StateMachineUpdater: snapshotIndex: updateIncreasingly -1 -> 8
2021-11-01 12:53:49,296 [om1@group-C5BA1605619E-StateMachineUpdater] INFO  ratis.OzoneManagerStateMachine (OzoneManagerStateMachine.java:close(471)) - StateMachine has shutdown. Shutdown OzoneManager if not already shutdown.
2021-11-01 12:53:49,296 [Mini-Cluster-Provider-Reap] INFO  server.RaftServer$Division (ServerState.java:close(419)) - om1@group-C5BA1605619E: closes. applyIndex: 8
2021-11-01 12:53:49,296 [om1@group-C5BA1605619E-SegmentedRaftLogWorker] INFO  segmented.SegmentedRaftLogWorker (SegmentedRaftLogWorker.java:run(327)) - om1@group-C5BA1605619E-SegmentedRaftLogWorker was interrupted, exiting. There are 0 tasks remaining in the queue.
2021-11-01 12:53:49,297 [Mini-Cluster-Provider-Reap] INFO  segmented.SegmentedRaftLogWorker (SegmentedRaftLogWorker.java:close(237)) - om1@group-C5BA1605619E-SegmentedRaftLogWorker close()
2021-11-01 12:53:49,297 [Mini-Cluster-Provider-Reap] INFO  server.GrpcService (GrpcService.java:closeImpl(262)) - om1: shutdown server with port 42721 now
2021-11-01 12:53:49,298 [Mini-Cluster-Provider-Reap] INFO  server.GrpcService (GrpcService.java:closeImpl(271)) - om1: shutdown server with port 42721 successfully
2021-11-01 12:53:49,298 [org.apache.ratis.util.JvmPauseMonitor$$Lambda$538/1010497975@55adabec] INFO  util.JvmPauseMonitor (JvmPauseMonitor.java:run(109)) - JvmPauseMonitor-om1: Stopped
2021-11-01 12:53:49,298 [Mini-Cluster-Provider-Reap] INFO  ratis.OzoneManagerDoubleBuffer (OzoneManagerDoubleBuffer.java:stop(437)) - Stopping OMDoubleBuffer flush thread
2021-11-01 12:53:49,314 [OMDoubleBufferFlushThread] INFO  ratis.OzoneManagerDoubleBuffer (OzoneManagerDoubleBuffer.java:flushTransactions(356)) - OMDoubleBuffer flush thread OMDoubleBufferFlushThread is interrupted and will exit. OMDoubleBufferFlushThread
2021-11-01 12:53:49,315 [Mini-Cluster-Provider-Reap] INFO  utils.BackgroundService (BackgroundService.java:shutdown(132)) - Shutting down service KeyDeletingService
2021-11-01 12:53:49,330 [Mini-Cluster-Provider-Reap] INFO  utils.BackgroundService (BackgroundService.java:shutdown(132)) - Shutting down service DirectoryDeletingService
2021-11-01 12:53:49,355 [Mini-Cluster-Provider-Reap] INFO  handler.ContextHandler (ContextHandler.java:doStop(1153)) - Stopped o.e.j.w.WebAppContext@4b30a145{ozoneManager,/,null,STOPPED}{file:/home/runner/work/ozone/ozone/hadoop-ozone/integration-test/target/test-classes/webapps/ozoneManager}
2021-11-01 12:53:49,358 [Mini-Cluster-Provider-Reap] INFO  server.AbstractConnector (AbstractConnector.java:doStop(381)) - Stopped ServerConnector@570b29cc{HTTP/1.1, (http/1.1)}{0.0.0.0:0}
2021-11-01 12:53:49,358 [Mini-Cluster-Provider-Reap] INFO  server.session (HouseKeeper.java:stopScavenging(149)) - node0 Stopped scavenging
2021-11-01 12:53:49,358 [Mini-Cluster-Provider-Reap] INFO  handler.ContextHandler (ContextHandler.java:doStop(1153)) - Stopped o.e.j.s.ServletContextHandler@6a8ceabe{static,/static,file:///home/runner/work/ozone/ozone/hadoop-ozone/integration-test/target/test-classes/webapps/static,STOPPED}
2021-11-01 12:53:49,358 [Mini-Cluster-Provider-Reap] INFO  handler.ContextHandler (ContextHandler.java:doStop(1153)) - Stopped o.e.j.s.ServletContextHandler@7bf0117f{logs,/logs,file:///home/runner/work/ozone/ozone/hadoop-ozone/integration-test/target/log,STOPPED}
2021-11-01 12:53:49,381 [Mini-Cluster-Provider-Reap] INFO  ozone.MiniOzoneClusterImpl (MiniOzoneClusterImpl.java:stopDatanodes(527)) - Stopping the HddsDatanodes
2021-11-01 12:53:54,403 [Mini-Cluster-Provider-Reap] INFO  ozoneimpl.OzoneContainer (OzoneContainer.java:stop(325)) - Attempting to stop container services.
2021-11-01 12:53:54,404 [Mini-Cluster-Provider-Reap] INFO  server.RaftServer (RaftServerProxy.java:lambda$close$6(391)) - 14dffa0b-3360-4253-83dd-c5c1a6f81bd4: close
2021-11-01 12:53:54,404 [Mini-Cluster-Provider-Reap] INFO  server.RaftServer$Division (RaftServerImpl.java:lambda$close$4(412)) - 14dffa0b-3360-4253-83dd-c5c1a6f81bd4@group-17C1CF608863: shutdown
2021-11-01 12:53:54,404 [Mini-Cluster-Provider-Reap] INFO  util.JmxRegister (JmxRegister.java:unregister(73)) - Successfully un-registered JMX Bean with object name Ratis:service=RaftServer,group=group-17C1CF608863,id=14dffa0b-3360-4253-83dd-c5c1a6f81bd4
2021-11-01 12:53:54,404 [Mini-Cluster-Provider-Reap] INFO  impl.RoleInfo (RoleInfo.java:shutdownLeaderState(91)) - 14dffa0b-3360-4253-83dd-c5c1a6f81bd4: shutdown 14dffa0b-3360-4253-83dd-c5c1a6f81bd4@group-17C1CF608863-LeaderStateImpl
2021-11-01 12:53:54,404 [Mini-Cluster-Provider-Reap] INFO  impl.PendingRequests (PendingRequests.java:sendNotLeaderResponses(282)) - 14dffa0b-3360-4253-83dd-c5c1a6f81bd4@group-17C1CF608863-PendingRequests: sendNotLeaderResponses
2021-11-01 12:53:54,405 [Mini-Cluster-Provider-Reap] INFO  impl.StateMachineUpdater (StateMachineUpdater.java:stopAndJoin(149)) - 14dffa0b-3360-4253-83dd-c5c1a6f81bd4@group-17C1CF608863-StateMachineUpdater: set stopIndex = 0
2021-11-01 12:53:54,405 [14dffa0b-3360-4253-83dd-c5c1a6f81bd4@group-17C1CF608863->f7b3a064-ee65-4176-a2f7-642134b9b46d-GrpcLogAppender-LogAppenderDaemon] WARN  server.GrpcLogAppender (GrpcLogAppender.java:mayWait(177)) - 14dffa0b-3360-4253-83dd-c5c1a6f81bd4@group-17C1CF608863->f7b3a064-ee65-4176-a2f7-642134b9b46d-GrpcLogAppender: Wait interrupted by java.lang.InterruptedException
2021-11-01 12:53:54,406 [14dffa0b-3360-4253-83dd-c5c1a6f81bd4@group-17C1CF608863-StateMachineUpdater] INFO  ratis.ContainerStateMachine (ContainerStateMachine.java:takeSnapshot(292)) - group-17C1CF608863: Taking a snapshot at:(t:3, i:0) file /home/runner/work/ozone/ozone/hadoop-ozone/integration-test/target/test-dir/MiniOzoneClusterImpl-7c3225e0-f777-4f2c-a046-8d43a35ec88f/datanode-1/data/ratis/1b6e5070-b4c4-41c4-863a-17c1cf608863/sm/snapshot.3_0
2021-11-01 12:53:54,406 [14dffa0b-3360-4253-83dd-c5c1a6f81bd4@group-17C1CF608863->00db5f3c-09da-4339-af7f-ef33a7510e57-GrpcLogAppender-LogAppenderDaemon] WARN  server.GrpcLogAppender (GrpcLogAppender.java:mayWait(177)) - 14dffa0b-3360-4253-83dd-c5c1a6f81bd4@group-17C1CF608863->00db5f3c-09da-4339-af7f-ef33a7510e57-GrpcLogAppender: Wait interrupted by java.lang.InterruptedException
2021-11-01 12:53:54,407 [grpc-default-executor-4] INFO  server.GrpcServerProtocolService (GrpcServerProtocolService.java:onCompleted(140)) - f7b3a064-ee65-4176-a2f7-642134b9b46d: Completed APPEND_ENTRIES, lastRequest: 14dffa0b-3360-4253-83dd-c5c1a6f81bd4->f7b3a064-ee65-4176-a2f7-642134b9b46d#1-t3,previous=(t:0, i:0),leaderCommit=0,initializing? true,entries: size=1, first=(t:3, i:0), CONFIGURATIONENTRY
2021-11-01 12:53:54,407 [ForkJoinPool.commonPool-worker-1] INFO  ozoneimpl.OzoneContainer (OzoneContainer.java:stop(325)) - Attempting to stop container services.
2021-11-01 12:53:54,414 [ForkJoinPool.commonPool-worker-1] INFO  server.RaftServer (RaftServerProxy.java:lambda$close$6(391)) - f7b3a064-ee65-4176-a2f7-642134b9b46d: close
2021-11-01 12:53:54,414 [ForkJoinPool.commonPool-worker-1] INFO  server.RaftServer$Division (RaftServerImpl.java:lambda$close$4(412)) - f7b3a064-ee65-4176-a2f7-642134b9b46d@group-17C1CF608863: shutdown
2021-11-01 12:53:54,414 [ForkJoinPool.commonPool-worker-1] INFO  util.JmxRegister (JmxRegister.java:unregister(73)) - Successfully un-registered JMX Bean with object name Ratis:service=RaftServer,group=group-17C1CF608863,id=f7b3a064-ee65-4176-a2f7-642134b9b46d
2021-11-01 12:53:54,414 [ForkJoinPool.commonPool-worker-1] INFO  impl.RoleInfo (RoleInfo.java:shutdownFollowerState(108)) - f7b3a064-ee65-4176-a2f7-642134b9b46d: shutdown f7b3a064-ee65-4176-a2f7-642134b9b46d@group-17C1CF608863-FollowerState
2021-11-01 12:53:54,414 [ForkJoinPool.commonPool-worker-1] INFO  impl.StateMachineUpdater (StateMachineUpdater.java:stopAndJoin(149)) - f7b3a064-ee65-4176-a2f7-642134b9b46d@group-17C1CF608863-StateMachineUpdater: set stopIndex = 0
2021-11-01 12:53:54,414 [f7b3a064-ee65-4176-a2f7-642134b9b46d@group-17C1CF608863-FollowerState] INFO  impl.FollowerState (FollowerState.java:run(143)) - f7b3a064-ee65-4176-a2f7-642134b9b46d@group-17C1CF608863-FollowerState was interrupted: {}
java.lang.InterruptedException: sleep interrupted
	at java.lang.Thread.sleep(Native Method)
	at java.lang.Thread.sleep(Thread.java:340)
	at java.util.concurrent.TimeUnit.sleep(TimeUnit.java:386)
	at org.apache.ratis.util.TimeDuration.sleep(TimeDuration.java:324)
	at org.apache.ratis.util.TimeDuration.sleep(TimeDuration.java:309)
	at org.apache.ratis.server.impl.FollowerState.run(FollowerState.java:118)
2021-11-01 12:53:54,414 [f7b3a064-ee65-4176-a2f7-642134b9b46d@group-17C1CF608863-StateMachineUpdater] INFO  ratis.ContainerStateMachine (ContainerStateMachine.java:takeSnapshot(292)) - group-17C1CF608863: Taking a snapshot at:(t:3, i:0) file /home/runner/work/ozone/ozone/hadoop-ozone/integration-test/target/test-dir/MiniOzoneClusterImpl-7c3225e0-f777-4f2c-a046-8d43a35ec88f/datanode-0/data/ratis/1b6e5070-b4c4-41c4-863a-17c1cf608863/sm/snapshot.3_0
2021-11-01 12:53:54,415 [f7b3a064-ee65-4176-a2f7-642134b9b46d@group-17C1CF608863-StateMachineUpdater] INFO  ratis.ContainerStateMachine (ContainerStateMachine.java:takeSnapshot(303)) - group-17C1CF608863: Finished taking a snapshot at:(t:3, i:0) file:/home/runner/work/ozone/ozone/hadoop-ozone/integration-test/target/test-dir/MiniOzoneClusterImpl-7c3225e0-f777-4f2c-a046-8d43a35ec88f/datanode-0/data/ratis/1b6e5070-b4c4-41c4-863a-17c1cf608863/sm/snapshot.3_0 took: 1 ms
2021-11-01 12:53:54,416 [f7b3a064-ee65-4176-a2f7-642134b9b46d@group-17C1CF608863-StateMachineUpdater] INFO  impl.StateMachineUpdater (StateMachineUpdater.java:takeSnapshot(281)) - f7b3a064-ee65-4176-a2f7-642134b9b46d@group-17C1CF608863-StateMachineUpdater: Took a snapshot at index 0
2021-11-01 12:53:54,416 [f7b3a064-ee65-4176-a2f7-642134b9b46d@group-17C1CF608863-StateMachineUpdater] INFO  impl.StateMachineUpdater (StateMachineUpdater.java:lambda$new$0(89)) - f7b3a064-ee65-4176-a2f7-642134b9b46d@group-17C1CF608863-StateMachineUpdater: snapshotIndex: updateIncreasingly -1 -> 0
2021-11-01 12:53:54,416 [ForkJoinPool.commonPool-worker-1] INFO  server.RaftServer$Division (ServerState.java:close(419)) - f7b3a064-ee65-4176-a2f7-642134b9b46d@group-17C1CF608863: closes. applyIndex: 0
2021-11-01 12:53:54,416 [f7b3a064-ee65-4176-a2f7-642134b9b46d@group-17C1CF608863-SegmentedRaftLogWorker] INFO  segmented.SegmentedRaftLogWorker (SegmentedRaftLogWorker.java:run(327)) - f7b3a064-ee65-4176-a2f7-642134b9b46d@group-17C1CF608863-SegmentedRaftLogWorker was interrupted, exiting. There are 0 tasks remaining in the queue.
2021-11-01 12:53:54,420 [ForkJoinPool.commonPool-worker-1] INFO  segmented.SegmentedRaftLogWorker (SegmentedRaftLogWorker.java:close(237)) - f7b3a064-ee65-4176-a2f7-642134b9b46d@group-17C1CF608863-SegmentedRaftLogWorker close()
2021-11-01 12:53:54,421 [ForkJoinPool.commonPool-worker-1] INFO  server.RaftServer$Division (RaftServerImpl.java:lambda$close$4(412)) - f7b3a064-ee65-4176-a2f7-642134b9b46d@group-94BCBAECC845: shutdown
2021-11-01 12:53:54,421 [ForkJoinPool.commonPool-worker-1] INFO  util.JmxRegister (JmxRegister.java:unregister(73)) - Successfully un-registered JMX Bean with object name Ratis:service=RaftServer,group=group-94BCBAECC845,id=f7b3a064-ee65-4176-a2f7-642134b9b46d
2021-11-01 12:53:54,421 [ForkJoinPool.commonPool-worker-1] INFO  impl.RoleInfo (RoleInfo.java:shutdownLeaderState(91)) - f7b3a064-ee65-4176-a2f7-642134b9b46d: shutdown f7b3a064-ee65-4176-a2f7-642134b9b46d@group-94BCBAECC845-LeaderStateImpl
2021-11-01 12:53:54,422 [ForkJoinPool.commonPool-worker-1] INFO  impl.PendingRequests (PendingRequests.java:sendNotLeaderResponses(282)) - f7b3a064-ee65-4176-a2f7-642134b9b46d@group-94BCBAECC845-PendingRequests: sendNotLeaderResponses
2021-11-01 12:53:54,422 [ForkJoinPool.commonPool-worker-1] INFO  impl.StateMachineUpdater (StateMachineUpdater.java:stopAndJoin(149)) - f7b3a064-ee65-4176-a2f7-642134b9b46d@group-94BCBAECC845-StateMachineUpdater: set stopIndex = 0
2021-11-01 12:53:54,423 [f7b3a064-ee65-4176-a2f7-642134b9b46d@group-94BCBAECC845-StateMachineUpdater] INFO  ratis.ContainerStateMachine (ContainerStateMachine.java:takeSnapshot(292)) - group-94BCBAECC845: Taking a snapshot at:(t:1, i:0) file /home/runner/work/ozone/ozone/hadoop-ozone/integration-test/target/test-dir/MiniOzoneClusterImpl-7c3225e0-f777-4f2c-a046-8d43a35ec88f/datanode-0/data/ratis/48d6f1f6-7469-4fde-acdf-94bcbaecc845/sm/snapshot.1_0
2021-11-01 12:53:54,431 [grpc-default-executor-3] INFO  server.GrpcServerProtocolService (GrpcServerProtocolService.java:onCompleted(140)) - 00db5f3c-09da-4339-af7f-ef33a7510e57: Completed APPEND_ENTRIES, lastRequest: 14dffa0b-3360-4253-83dd-c5c1a6f81bd4->00db5f3c-09da-4339-af7f-ef33a7510e57#1-t3,previous=(t:0, i:0),leaderCommit=0,initializing? true,entries: size=1, first=(t:3, i:0), CONFIGURATIONENTRY
2021-11-01 12:53:54,431 [grpc-default-executor-2] INFO  server.GrpcLogAppender (GrpcLogAppender.java:onCompleted(346)) - 14dffa0b-3360-4253-83dd-c5c1a6f81bd4@group-17C1CF608863->00db5f3c-09da-4339-af7f-ef33a7510e57-AppendLogResponseHandler: follower responses appendEntries COMPLETED
2021-11-01 12:53:54,431 [grpc-default-executor-2] INFO  leader.FollowerInfo (FollowerInfoImpl.java:lambda$new$0(47)) - 14dffa0b-3360-4253-83dd-c5c1a6f81bd4@group-17C1CF608863->00db5f3c-09da-4339-af7f-ef33a7510e57: nextIndex: updateUnconditionally 1 -> 0
2021-11-01 12:53:54,432 [f7b3a064-ee65-4176-a2f7-642134b9b46d@group-94BCBAECC845-StateMachineUpdater] INFO  ratis.ContainerStateMachine (ContainerStateMachine.java:takeSnapshot(303)) - group-94BCBAECC845: Finished taking a snapshot at:(t:1, i:0) file:/home/runner/work/ozone/ozone/hadoop-ozone/integration-test/target/test-dir/MiniOzoneClusterImpl-7c3225e0-f777-4f2c-a046-8d43a35ec88f/datanode-0/data/ratis/48d6f1f6-7469-4fde-acdf-94bcbaecc845/sm/snapshot.1_0 took: 9 ms
2021-11-01 12:53:54,432 [f7b3a064-ee65-4176-a2f7-642134b9b46d@group-94BCBAECC845-StateMachineUpdater] INFO  impl.StateMachineUpdater (StateMachineUpdater.java:takeSnapshot(281)) - f7b3a064-ee65-4176-a2f7-642134b9b46d@group-94BCBAECC845-StateMachineUpdater: Took a snapshot at index 0
2021-11-01 12:53:54,432 [f7b3a064-ee65-4176-a2f7-642134b9b46d@group-94BCBAECC845-StateMachineUpdater] INFO  impl.StateMachineUpdater (StateMachineUpdater.java:lambda$new$0(89)) - f7b3a064-ee65-4176-a2f7-642134b9b46d@group-94BCBAECC845-StateMachineUpdater: snapshotIndex: updateIncreasingly -1 -> 0
2021-11-01 12:53:54,432 [ForkJoinPool.commonPool-worker-1] INFO  server.RaftServer$Division (ServerState.java:close(419)) - f7b3a064-ee65-4176-a2f7-642134b9b46d@group-94BCBAECC845: closes. applyIndex: 0
2021-11-01 12:53:54,432 [f7b3a064-ee65-4176-a2f7-642134b9b46d@group-94BCBAECC845-SegmentedRaftLogWorker] INFO  segmented.SegmentedRaftLogWorker (SegmentedRaftLogWorker.java:run(327)) - f7b3a064-ee65-4176-a2f7-642134b9b46d@group-94BCBAECC845-SegmentedRaftLogWorker was interrupted, exiting. There are 0 tasks remaining in the queue.
2021-11-01 12:53:54,446 [14dffa0b-3360-4253-83dd-c5c1a6f81bd4@group-17C1CF608863-StateMachineUpdater] INFO  ratis.ContainerStateMachine (ContainerStateMachine.java:takeSnapshot(303)) - group-17C1CF608863: Finished taking a snapshot at:(t:3, i:0) file:/home/runner/work/ozone/ozone/hadoop-ozone/integration-test/target/test-dir/MiniOzoneClusterImpl-7c3225e0-f777-4f2c-a046-8d43a35ec88f/datanode-1/data/ratis/1b6e5070-b4c4-41c4-863a-17c1cf608863/sm/snapshot.3_0 took: 41 ms
2021-11-01 12:53:54,446 [14dffa0b-3360-4253-83dd-c5c1a6f81bd4@group-17C1CF608863-StateMachineUpdater] INFO  impl.StateMachineUpdater (StateMachineUpdater.java:takeSnapshot(281)) - 14dffa0b-3360-4253-83dd-c5c1a6f81bd4@group-17C1CF608863-StateMachineUpdater: Took a snapshot at index 0
2021-11-01 12:53:54,446 [14dffa0b-3360-4253-83dd-c5c1a6f81bd4@group-17C1CF608863-StateMachineUpdater] INFO  impl.StateMachineUpdater (StateMachineUpdater.java:lambda$new$0(89)) - 14dffa0b-3360-4253-83dd-c5c1a6f81bd4@group-17C1CF608863-StateMachineUpdater: snapshotIndex: updateIncreasingly -1 -> 0
2021-11-01 12:53:54,447 [Mini-Cluster-Provider-Reap] INFO  server.RaftServer$Division (ServerState.java:close(419)) - 14dffa0b-3360-4253-83dd-c5c1a6f81bd4@group-17C1CF608863: closes. applyIndex: 0
2021-11-01 12:53:54,447 [14dffa0b-3360-4253-83dd-c5c1a6f81bd4@group-17C1CF608863-SegmentedRaftLogWorker] INFO  segmented.SegmentedRaftLogWorker (SegmentedRaftLogWorker.java:run(327)) - 14dffa0b-3360-4253-83dd-c5c1a6f81bd4@group-17C1CF608863-SegmentedRaftLogWorker was interrupted, exiting. There are 0 tasks remaining in the queue.
2021-11-01 12:53:54,451 [grpc-default-executor-3] INFO  server.GrpcLogAppender (GrpcLogAppender.java:onCompleted(346)) - 14dffa0b-3360-4253-83dd-c5c1a6f81bd4@group-17C1CF608863->f7b3a064-ee65-4176-a2f7-642134b9b46d-AppendLogResponseHandler: follower responses appendEntries COMPLETED
2021-11-01 12:53:54,451 [grpc-default-executor-3] INFO  leader.FollowerInfo (FollowerInfoImpl.java:lambda$new$0(47)) - 14dffa0b-3360-4253-83dd-c5c1a6f81bd4@group-17C1CF608863->f7b3a064-ee65-4176-a2f7-642134b9b46d: nextIndex: updateUnconditionally 1 -> 0
2021-11-01 12:53:54,451 [ForkJoinPool.commonPool-worker-1] INFO  segmented.SegmentedRaftLogWorker (SegmentedRaftLogWorker.java:close(237)) - f7b3a064-ee65-4176-a2f7-642134b9b46d@group-94BCBAECC845-SegmentedRaftLogWorker close()
2021-11-01 12:53:54,456 [ForkJoinPool.commonPool-worker-1] INFO  server.GrpcService (GrpcService.java:closeImpl(262)) - f7b3a064-ee65-4176-a2f7-642134b9b46d: shutdown server with port 40413 now
2021-11-01 12:53:54,461 [ForkJoinPool.commonPool-worker-1] INFO  server.GrpcService (GrpcService.java:closeImpl(271)) - f7b3a064-ee65-4176-a2f7-642134b9b46d: shutdown server with port 40413 successfully
2021-11-01 12:53:54,461 [org.apache.ratis.util.JvmPauseMonitor$$Lambda$538/1010497975@660f64e6] INFO  util.JvmPauseMonitor (JvmPauseMonitor.java:run(109)) - JvmPauseMonitor-f7b3a064-ee65-4176-a2f7-642134b9b46d: Stopped
2021-11-01 12:53:54,475 [ForkJoinPool.commonPool-worker-1] INFO  utils.BackgroundService (BackgroundService.java:shutdown(132)) - Shutting down service BlockDeletingService
2021-11-01 12:53:54,476 [Mini-Cluster-Provider-Reap] INFO  segmented.SegmentedRaftLogWorker (SegmentedRaftLogWorker.java:close(237)) - 14dffa0b-3360-4253-83dd-c5c1a6f81bd4@group-17C1CF608863-SegmentedRaftLogWorker close()
2021-11-01 12:53:54,488 [Mini-Cluster-Provider-Reap] INFO  server.RaftServer$Division (RaftServerImpl.java:lambda$close$4(412)) - 14dffa0b-3360-4253-83dd-c5c1a6f81bd4@group-A2F0E9F6F65C: shutdown
2021-11-01 12:53:54,488 [Mini-Cluster-Provider-Reap] INFO  util.JmxRegister (JmxRegister.java:unregister(73)) - Successfully un-registered JMX Bean with object name Ratis:service=RaftServer,group=group-A2F0E9F6F65C,id=14dffa0b-3360-4253-83dd-c5c1a6f81bd4
2021-11-01 12:53:54,488 [Mini-Cluster-Provider-Reap] INFO  impl.RoleInfo (RoleInfo.java:shutdownLeaderState(91)) - 14dffa0b-3360-4253-83dd-c5c1a6f81bd4: shutdown 14dffa0b-3360-4253-83dd-c5c1a6f81bd4@group-A2F0E9F6F65C-LeaderStateImpl
2021-11-01 12:53:54,488 [Mini-Cluster-Provider-Reap] INFO  impl.PendingRequests (PendingRequests.java:sendNotLeaderResponses(282)) - 14dffa0b-3360-4253-83dd-c5c1a6f81bd4@group-A2F0E9F6F65C-PendingRequests: sendNotLeaderResponses
2021-11-01 12:53:54,489 [Mini-Cluster-Provider-Reap] INFO  impl.StateMachineUpdater (StateMachineUpdater.java:stopAndJoin(149)) - 14dffa0b-3360-4253-83dd-c5c1a6f81bd4@group-A2F0E9F6F65C-StateMachineUpdater: set stopIndex = 0
2021-11-01 12:53:54,490 [14dffa0b-3360-4253-83dd-c5c1a6f81bd4@group-A2F0E9F6F65C-StateMachineUpdater] INFO  ratis.ContainerStateMachine (ContainerStateMachine.java:takeSnapshot(292)) - group-A2F0E9F6F65C: Taking a snapshot at:(t:1, i:0) file /home/runner/work/ozone/ozone/hadoop-ozone/integration-test/target/test-dir/MiniOzoneClusterImpl-7c3225e0-f777-4f2c-a046-8d43a35ec88f/datanode-1/data/ratis/124ff9b4-9de3-44ae-ac52-a2f0e9f6f65c/sm/snapshot.1_0
2021-11-01 12:53:54,491 [14dffa0b-3360-4253-83dd-c5c1a6f81bd4@group-A2F0E9F6F65C-StateMachineUpdater] INFO  ratis.ContainerStateMachine (ContainerStateMachine.java:takeSnapshot(303)) - group-A2F0E9F6F65C: Finished taking a snapshot at:(t:1, i:0) file:/home/runner/work/ozone/ozone/hadoop-ozone/integration-test/target/test-dir/MiniOzoneClusterImpl-7c3225e0-f777-4f2c-a046-8d43a35ec88f/datanode-1/data/ratis/124ff9b4-9de3-44ae-ac52-a2f0e9f6f65c/sm/snapshot.1_0 took: 1 ms
2021-11-01 12:53:54,491 [14dffa0b-3360-4253-83dd-c5c1a6f81bd4@group-A2F0E9F6F65C-StateMachineUpdater] INFO  impl.StateMachineUpdater (StateMachineUpdater.java:takeSnapshot(281)) - 14dffa0b-3360-4253-83dd-c5c1a6f81bd4@group-A2F0E9F6F65C-StateMachineUpdater: Took a snapshot at index 0
2021-11-01 12:53:54,491 [14dffa0b-3360-4253-83dd-c5c1a6f81bd4@group-A2F0E9F6F65C-StateMachineUpdater] INFO  impl.StateMachineUpdater (StateMachineUpdater.java:lambda$new$0(89)) - 14dffa0b-3360-4253-83dd-c5c1a6f81bd4@group-A2F0E9F6F65C-StateMachineUpdater: snapshotIndex: updateIncreasingly -1 -> 0
2021-11-01 12:53:54,494 [Mini-Cluster-Provider-Reap] INFO  server.RaftServer$Division (ServerState.java:close(419)) - 14dffa0b-3360-4253-83dd-c5c1a6f81bd4@group-A2F0E9F6F65C: closes. applyIndex: 0
2021-11-01 12:53:54,494 [14dffa0b-3360-4253-83dd-c5c1a6f81bd4@group-A2F0E9F6F65C-SegmentedRaftLogWorker] INFO  segmented.SegmentedRaftLogWorker (SegmentedRaftLogWorker.java:run(327)) - 14dffa0b-3360-4253-83dd-c5c1a6f81bd4@group-A2F0E9F6F65C-SegmentedRaftLogWorker was interrupted, exiting. There are 0 tasks remaining in the queue.
2021-11-01 12:53:54,540 [Mini-Cluster-Provider-Reap] INFO  segmented.SegmentedRaftLogWorker (SegmentedRaftLogWorker.java:close(237)) - 14dffa0b-3360-4253-83dd-c5c1a6f81bd4@group-A2F0E9F6F65C-SegmentedRaftLogWorker close()
2021-11-01 12:53:54,541 [Mini-Cluster-Provider-Reap] INFO  server.GrpcService (GrpcService.java:closeImpl(262)) - 14dffa0b-3360-4253-83dd-c5c1a6f81bd4: shutdown server with port 32941 now
2021-11-01 12:53:54,577 [Mini-Cluster-Provider-Reap] INFO  server.GrpcService (GrpcService.java:closeImpl(271)) - 14dffa0b-3360-4253-83dd-c5c1a6f81bd4: shutdown server with port 32941 successfully
2021-11-01 12:53:54,577 [org.apache.ratis.util.JvmPauseMonitor$$Lambda$538/1010497975@3262c528] INFO  util.JvmPauseMonitor (JvmPauseMonitor.java:run(109)) - JvmPauseMonitor-14dffa0b-3360-4253-83dd-c5c1a6f81bd4: Stopped
2021-11-01 12:53:54,643 [Mini-Cluster-Provider-Reap] INFO  utils.BackgroundService (BackgroundService.java:shutdown(132)) - Shutting down service BlockDeletingService
2021-11-01 12:53:57,540 [ForkJoinPool.commonPool-worker-1] INFO  statemachine.DatanodeStateMachine (DatanodeStateMachine.java:stopDaemon(526)) - Ozone container server stopped.
2021-11-01 12:53:57,544 [ForkJoinPool.commonPool-worker-1] INFO  handler.ContextHandler (ContextHandler.java:doStop(1153)) - Stopped o.e.j.w.WebAppContext@6c36a2e8{hddsDatanode,/,null,STOPPED}{jar:file:/home/runner/.m2/repository/org/apache/ozone/hdds-container-service/1.2.0-SNAPSHOT/hdds-container-service-1.2.0-SNAPSHOT.jar!/webapps/hddsDatanode}
2021-11-01 12:53:57,558 [ForkJoinPool.commonPool-worker-1] INFO  server.AbstractConnector (AbstractConnector.java:doStop(381)) - Stopped ServerConnector@1de83a70{HTTP/1.1, (http/1.1)}{0.0.0.0:34945}
2021-11-01 12:53:57,559 [ForkJoinPool.commonPool-worker-1] INFO  server.session (HouseKeeper.java:stopScavenging(149)) - node0 Stopped scavenging
2021-11-01 12:53:57,560 [ForkJoinPool.commonPool-worker-1] INFO  handler.ContextHandler (ContextHandler.java:doStop(1153)) - Stopped o.e.j.s.ServletContextHandler@47a25354{static,/static,jar:file:/home/runner/.m2/repository/org/apache/ozone/hdds-container-service/1.2.0-SNAPSHOT/hdds-container-service-1.2.0-SNAPSHOT.jar!/webapps/static,STOPPED}
2021-11-01 12:53:57,571 [ForkJoinPool.commonPool-worker-1] INFO  handler.ContextHandler (ContextHandler.java:doStop(1153)) - Stopped o.e.j.s.ServletContextHandler@7fd3a7d7{logs,/logs,file:///home/runner/work/ozone/ozone/hadoop-ozone/integration-test/target/log,STOPPED}
2021-11-01 12:53:57,656 [Mini-Cluster-Provider-Reap] INFO  statemachine.DatanodeStateMachine (DatanodeStateMachine.java:stopDaemon(526)) - Ozone container server stopped.
2021-11-01 12:53:57,668 [Mini-Cluster-Provider-Reap] INFO  handler.ContextHandler (ContextHandler.java:doStop(1153)) - Stopped o.e.j.w.WebAppContext@5e76b7db{hddsDatanode,/,null,STOPPED}{jar:file:/home/runner/.m2/repository/org/apache/ozone/hdds-container-service/1.2.0-SNAPSHOT/hdds-container-service-1.2.0-SNAPSHOT.jar!/webapps/hddsDatanode}
2021-11-01 12:53:57,682 [Mini-Cluster-Provider-Reap] INFO  server.AbstractConnector (AbstractConnector.java:doStop(381)) - Stopped ServerConnector@4a8d22b7{HTTP/1.1, (http/1.1)}{0.0.0.0:33845}
2021-11-01 12:53:57,683 [Mini-Cluster-Provider-Reap] INFO  server.session (HouseKeeper.java:stopScavenging(149)) - node0 Stopped scavenging
2021-11-01 12:53:57,684 [Mini-Cluster-Provider-Reap] INFO  handler.ContextHandler (ContextHandler.java:doStop(1153)) - Stopped o.e.j.s.ServletContextHandler@6a177b8c{static,/static,jar:file:/home/runner/.m2/repository/org/apache/ozone/hdds-container-service/1.2.0-SNAPSHOT/hdds-container-service-1.2.0-SNAPSHOT.jar!/webapps/static,STOPPED}
2021-11-01 12:53:57,684 [Mini-Cluster-Provider-Reap] INFO  handler.ContextHandler (ContextHandler.java:doStop(1153)) - Stopped o.e.j.s.ServletContextHandler@91e5e28{logs,/logs,file:///home/runner/work/ozone/ozone/hadoop-ozone/integration-test/target/log,STOPPED}
2021-11-01 12:54:01,155 [00db5f3c-09da-4339-af7f-ef33a7510e57@group-17C1CF608863-FollowerState] INFO  impl.FollowerState (FollowerState.java:run(134)) - 00db5f3c-09da-4339-af7f-ef33a7510e57@group-17C1CF608863-FollowerState: change to CANDIDATE, lastRpcElapsedTime:7593883628ns, electionTimeout:5132ms
2021-11-01 12:54:01,156 [00db5f3c-09da-4339-af7f-ef33a7510e57@group-17C1CF608863-FollowerState] INFO  impl.RoleInfo (RoleInfo.java:shutdownFollowerState(108)) - 00db5f3c-09da-4339-af7f-ef33a7510e57: shutdown 00db5f3c-09da-4339-af7f-ef33a7510e57@group-17C1CF608863-FollowerState
2021-11-01 12:54:01,156 [00db5f3c-09da-4339-af7f-ef33a7510e57@group-17C1CF608863-FollowerState] INFO  server.RaftServer$Division (RaftServerImpl.java:setRole(290)) - 00db5f3c-09da-4339-af7f-ef33a7510e57@group-17C1CF608863: changes role from  FOLLOWER to CANDIDATE at term 3 for changeToCandidate
2021-11-01 12:54:01,156 [00db5f3c-09da-4339-af7f-ef33a7510e57@group-17C1CF608863-FollowerState] INFO  server.RaftServerConfigKeys (ConfUtils.java:logGet(44)) - raft.server.leaderelection.pre-vote = false (custom)
2021-11-01 12:54:01,156 [00db5f3c-09da-4339-af7f-ef33a7510e57@group-17C1CF608863-FollowerState] INFO  impl.RoleInfo (RoleInfo.java:updateAndGet(130)) - 00db5f3c-09da-4339-af7f-ef33a7510e57: start 00db5f3c-09da-4339-af7f-ef33a7510e57@group-17C1CF608863-LeaderElection103
2021-11-01 12:54:01,157 [00db5f3c-09da-4339-af7f-ef33a7510e57@group-17C1CF608863-LeaderElection103] INFO  server.RaftServer$Division (ServerState.java:setLeader(285)) - 00db5f3c-09da-4339-af7f-ef33a7510e57@group-17C1CF608863: change Leader from 14dffa0b-3360-4253-83dd-c5c1a6f81bd4 to null at term 3 for ELECTION
2021-11-01 12:54:01,166 [00db5f3c-09da-4339-af7f-ef33a7510e57@group-17C1CF608863-LeaderElection103] INFO  impl.LeaderElection (LeaderElection.java:askForVotes(306)) - 00db5f3c-09da-4339-af7f-ef33a7510e57@group-17C1CF608863-LeaderElection103 ELECTION round 0: submit vote requests at term 4 for 0: [14dffa0b-3360-4253-83dd-c5c1a6f81bd4|rpc:10.1.0.34:32941|dataStream:|priority:1, f7b3a064-ee65-4176-a2f7-642134b9b46d|rpc:10.1.0.34:40413|dataStream:|priority:0, 00db5f3c-09da-4339-af7f-ef33a7510e57|rpc:10.1.0.34:43741|dataStream:|priority:0], old=null
2021-11-01 12:54:01,183 [00db5f3c-09da-4339-af7f-ef33a7510e57@group-17C1CF608863-LeaderElection103] INFO  impl.LeaderElection (LogUtils.java:infoOrTrace(137)) - 00db5f3c-09da-4339-af7f-ef33a7510e57@group-17C1CF608863-LeaderElection103 got exception when requesting votes: java.util.concurrent.ExecutionException: org.apache.ratis.thirdparty.io.grpc.StatusRuntimeException: UNAVAILABLE: io exception
2021-11-01 12:54:01,190 [00db5f3c-09da-4339-af7f-ef33a7510e57@group-17C1CF608863-LeaderElection103] INFO  impl.LeaderElection (LogUtils.java:infoOrTrace(137)) - 00db5f3c-09da-4339-af7f-ef33a7510e57@group-17C1CF608863-LeaderElection103 got exception when requesting votes: java.util.concurrent.ExecutionException: org.apache.ratis.thirdparty.io.grpc.StatusRuntimeException: UNAVAILABLE: io exception
2021-11-01 12:54:01,190 [00db5f3c-09da-4339-af7f-ef33a7510e57@group-17C1CF608863-LeaderElection103] INFO  impl.LeaderElection (LeaderElection.java:logAndReturn(89)) - 00db5f3c-09da-4339-af7f-ef33a7510e57@group-17C1CF608863-LeaderElection103: ELECTION REJECTED received 0 response(s) and 2 exception(s):
2021-11-01 12:54:01,190 [00db5f3c-09da-4339-af7f-ef33a7510e57@group-17C1CF608863-LeaderElection103] INFO  impl.LeaderElection (LogUtils.java:infoOrTrace(137)) -   Exception 0: java.util.concurrent.ExecutionException: org.apache.ratis.thirdparty.io.grpc.StatusRuntimeException: UNAVAILABLE: io exception
2021-11-01 12:54:01,190 [00db5f3c-09da-4339-af7f-ef33a7510e57@group-17C1CF608863-LeaderElection103] INFO  impl.LeaderElection (LogUtils.java:infoOrTrace(137)) -   Exception 1: java.util.concurrent.ExecutionException: org.apache.ratis.thirdparty.io.grpc.StatusRuntimeException: UNAVAILABLE: io exception
2021-11-01 12:54:01,190 [00db5f3c-09da-4339-af7f-ef33a7510e57@group-17C1CF608863-LeaderElection103] INFO  impl.LeaderElection (LeaderElection.java:askForVotes(308)) - 00db5f3c-09da-4339-af7f-ef33a7510e57@group-17C1CF608863-LeaderElection103 ELECTION round 0: result REJECTED
2021-11-01 12:54:01,191 [00db5f3c-09da-4339-af7f-ef33a7510e57@group-17C1CF608863-LeaderElection103] INFO  server.RaftServer$Division (RaftServerImpl.java:setRole(290)) - 00db5f3c-09da-4339-af7f-ef33a7510e57@group-17C1CF608863: changes role from CANDIDATE to FOLLOWER at term 4 for REJECTED
2021-11-01 12:54:01,191 [00db5f3c-09da-4339-af7f-ef33a7510e57@group-17C1CF608863-LeaderElection103] INFO  impl.RoleInfo (RoleInfo.java:shutdownLeaderElection(121)) - 00db5f3c-09da-4339-af7f-ef33a7510e57: shutdown 00db5f3c-09da-4339-af7f-ef33a7510e57@group-17C1CF608863-LeaderElection103
2021-11-01 12:54:01,191 [00db5f3c-09da-4339-af7f-ef33a7510e57@group-17C1CF608863-LeaderElection103] INFO  impl.RoleInfo (RoleInfo.java:updateAndGet(130)) - 00db5f3c-09da-4339-af7f-ef33a7510e57: start 00db5f3c-09da-4339-af7f-ef33a7510e57@group-17C1CF608863-FollowerState
2021-11-01 12:54:02,583 [ForkJoinPool.commonPool-worker-1] INFO  ozoneimpl.OzoneContainer (OzoneContainer.java:stop(325)) - Attempting to stop container services.
2021-11-01 12:54:02,586 [ForkJoinPool.commonPool-worker-1] INFO  server.RaftServer (RaftServerProxy.java:lambda$close$6(391)) - 00db5f3c-09da-4339-af7f-ef33a7510e57: close
2021-11-01 12:54:02,586 [ForkJoinPool.commonPool-worker-1] INFO  server.RaftServer$Division (RaftServerImpl.java:lambda$close$4(412)) - 00db5f3c-09da-4339-af7f-ef33a7510e57@group-17C1CF608863: shutdown
2021-11-01 12:54:02,586 [ForkJoinPool.commonPool-worker-1] INFO  util.JmxRegister (JmxRegister.java:unregister(73)) - Successfully un-registered JMX Bean with object name Ratis:service=RaftServer,group=group-17C1CF608863,id=00db5f3c-09da-4339-af7f-ef33a7510e57
2021-11-01 12:54:02,586 [ForkJoinPool.commonPool-worker-1] INFO  impl.RoleInfo (RoleInfo.java:shutdownFollowerState(108)) - 00db5f3c-09da-4339-af7f-ef33a7510e57: shutdown 00db5f3c-09da-4339-af7f-ef33a7510e57@group-17C1CF608863-FollowerState
2021-11-01 12:54:02,586 [ForkJoinPool.commonPool-worker-1] INFO  impl.StateMachineUpdater (StateMachineUpdater.java:stopAndJoin(149)) - 00db5f3c-09da-4339-af7f-ef33a7510e57@group-17C1CF608863-StateMachineUpdater: set stopIndex = 0
2021-11-01 12:54:02,586 [00db5f3c-09da-4339-af7f-ef33a7510e57@group-17C1CF608863-FollowerState] INFO  impl.FollowerState (FollowerState.java:run(143)) - 00db5f3c-09da-4339-af7f-ef33a7510e57@group-17C1CF608863-FollowerState was interrupted: {}
java.lang.InterruptedException: sleep interrupted
	at java.lang.Thread.sleep(Native Method)
	at java.lang.Thread.sleep(Thread.java:340)
	at java.util.concurrent.TimeUnit.sleep(TimeUnit.java:386)
	at org.apache.ratis.util.TimeDuration.sleep(TimeDuration.java:324)
	at org.apache.ratis.util.TimeDuration.sleep(TimeDuration.java:309)
	at org.apache.ratis.server.impl.FollowerState.run(FollowerState.java:118)
2021-11-01 12:54:02,587 [00db5f3c-09da-4339-af7f-ef33a7510e57@group-17C1CF608863-StateMachineUpdater] INFO  ratis.ContainerStateMachine (ContainerStateMachine.java:takeSnapshot(292)) - group-17C1CF608863: Taking a snapshot at:(t:3, i:0) file /home/runner/work/ozone/ozone/hadoop-ozone/integration-test/target/test-dir/MiniOzoneClusterImpl-7c3225e0-f777-4f2c-a046-8d43a35ec88f/datanode-2/data/ratis/1b6e5070-b4c4-41c4-863a-17c1cf608863/sm/snapshot.3_0
2021-11-01 12:54:02,590 [00db5f3c-09da-4339-af7f-ef33a7510e57@group-17C1CF608863-StateMachineUpdater] INFO  ratis.ContainerStateMachine (ContainerStateMachine.java:takeSnapshot(303)) - group-17C1CF608863: Finished taking a snapshot at:(t:3, i:0) file:/home/runner/work/ozone/ozone/hadoop-ozone/integration-test/target/test-dir/MiniOzoneClusterImpl-7c3225e0-f777-4f2c-a046-8d43a35ec88f/datanode-2/data/ratis/1b6e5070-b4c4-41c4-863a-17c1cf608863/sm/snapshot.3_0 took: 3 ms
2021-11-01 12:54:02,590 [00db5f3c-09da-4339-af7f-ef33a7510e57@group-17C1CF608863-StateMachineUpdater] INFO  impl.StateMachineUpdater (StateMachineUpdater.java:takeSnapshot(281)) - 00db5f3c-09da-4339-af7f-ef33a7510e57@group-17C1CF608863-StateMachineUpdater: Took a snapshot at index 0
2021-11-01 12:54:02,590 [00db5f3c-09da-4339-af7f-ef33a7510e57@group-17C1CF608863-StateMachineUpdater] INFO  impl.StateMachineUpdater (StateMachineUpdater.java:lambda$new$0(89)) - 00db5f3c-09da-4339-af7f-ef33a7510e57@group-17C1CF608863-StateMachineUpdater: snapshotIndex: updateIncreasingly -1 -> 0
2021-11-01 12:54:02,590 [ForkJoinPool.commonPool-worker-1] INFO  server.RaftServer$Division (ServerState.java:close(419)) - 00db5f3c-09da-4339-af7f-ef33a7510e57@group-17C1CF608863: closes. applyIndex: 0
2021-11-01 12:54:02,590 [00db5f3c-09da-4339-af7f-ef33a7510e57@group-17C1CF608863-SegmentedRaftLogWorker] INFO  segmented.SegmentedRaftLogWorker (SegmentedRaftLogWorker.java:run(327)) - 00db5f3c-09da-4339-af7f-ef33a7510e57@group-17C1CF608863-SegmentedRaftLogWorker was interrupted, exiting. There are 0 tasks remaining in the queue.
2021-11-01 12:54:02,602 [ForkJoinPool.commonPool-worker-1] INFO  segmented.SegmentedRaftLogWorker (SegmentedRaftLogWorker.java:close(237)) - 00db5f3c-09da-4339-af7f-ef33a7510e57@group-17C1CF608863-SegmentedRaftLogWorker close()
2021-11-01 12:54:02,604 [ForkJoinPool.commonPool-worker-1] INFO  server.RaftServer$Division (RaftServerImpl.java:lambda$close$4(412)) - 00db5f3c-09da-4339-af7f-ef33a7510e57@group-B024B9DD51CB: shutdown
2021-11-01 12:54:02,604 [ForkJoinPool.commonPool-worker-1] INFO  util.JmxRegister (JmxRegister.java:unregister(73)) - Successfully un-registered JMX Bean with object name Ratis:service=RaftServer,group=group-B024B9DD51CB,id=00db5f3c-09da-4339-af7f-ef33a7510e57
2021-11-01 12:54:02,604 [ForkJoinPool.commonPool-worker-1] INFO  impl.RoleInfo (RoleInfo.java:shutdownLeaderState(91)) - 00db5f3c-09da-4339-af7f-ef33a7510e57: shutdown 00db5f3c-09da-4339-af7f-ef33a7510e57@group-B024B9DD51CB-LeaderStateImpl
2021-11-01 12:54:02,604 [ForkJoinPool.commonPool-worker-1] INFO  impl.PendingRequests (PendingRequests.java:sendNotLeaderResponses(282)) - 00db5f3c-09da-4339-af7f-ef33a7510e57@group-B024B9DD51CB-PendingRequests: sendNotLeaderResponses
2021-11-01 12:54:02,605 [ForkJoinPool.commonPool-worker-1] INFO  impl.StateMachineUpdater (StateMachineUpdater.java:stopAndJoin(149)) - 00db5f3c-09da-4339-af7f-ef33a7510e57@group-B024B9DD51CB-StateMachineUpdater: set stopIndex = 0
2021-11-01 12:54:02,606 [00db5f3c-09da-4339-af7f-ef33a7510e57@group-B024B9DD51CB-StateMachineUpdater] INFO  ratis.ContainerStateMachine (ContainerStateMachine.java:takeSnapshot(292)) - group-B024B9DD51CB: Taking a snapshot at:(t:1, i:0) file /home/runner/work/ozone/ozone/hadoop-ozone/integration-test/target/test-dir/MiniOzoneClusterImpl-7c3225e0-f777-4f2c-a046-8d43a35ec88f/datanode-2/data/ratis/8e0ee23e-997b-4fcf-bd9a-b024b9dd51cb/sm/snapshot.1_0
2021-11-01 12:54:02,606 [00db5f3c-09da-4339-af7f-ef33a7510e57@group-B024B9DD51CB-StateMachineUpdater] INFO  ratis.ContainerStateMachine (ContainerStateMachine.java:takeSnapshot(303)) - group-B024B9DD51CB: Finished taking a snapshot at:(t:1, i:0) file:/home/runner/work/ozone/ozone/hadoop-ozone/integration-test/target/test-dir/MiniOzoneClusterImpl-7c3225e0-f777-4f2c-a046-8d43a35ec88f/datanode-2/data/ratis/8e0ee23e-997b-4fcf-bd9a-b024b9dd51cb/sm/snapshot.1_0 took: 1 ms
2021-11-01 12:54:02,606 [00db5f3c-09da-4339-af7f-ef33a7510e57@group-B024B9DD51CB-StateMachineUpdater] INFO  impl.StateMachineUpdater (StateMachineUpdater.java:takeSnapshot(281)) - 00db5f3c-09da-4339-af7f-ef33a7510e57@group-B024B9DD51CB-StateMachineUpdater: Took a snapshot at index 0
2021-11-01 12:54:02,606 [00db5f3c-09da-4339-af7f-ef33a7510e57@group-B024B9DD51CB-StateMachineUpdater] INFO  impl.StateMachineUpdater (StateMachineUpdater.java:lambda$new$0(89)) - 00db5f3c-09da-4339-af7f-ef33a7510e57@group-B024B9DD51CB-StateMachineUpdater: snapshotIndex: updateIncreasingly -1 -> 0
2021-11-01 12:54:02,610 [ForkJoinPool.commonPool-worker-1] INFO  server.RaftServer$Division (ServerState.java:close(419)) - 00db5f3c-09da-4339-af7f-ef33a7510e57@group-B024B9DD51CB: closes. applyIndex: 0
2021-11-01 12:54:02,610 [00db5f3c-09da-4339-af7f-ef33a7510e57@group-B024B9DD51CB-SegmentedRaftLogWorker] INFO  segmented.SegmentedRaftLogWorker (SegmentedRaftLogWorker.java:run(327)) - 00db5f3c-09da-4339-af7f-ef33a7510e57@group-B024B9DD51CB-SegmentedRaftLogWorker was interrupted, exiting. There are 0 tasks remaining in the queue.
2021-11-01 12:54:02,618 [ForkJoinPool.commonPool-worker-1] INFO  segmented.SegmentedRaftLogWorker (SegmentedRaftLogWorker.java:close(237)) - 00db5f3c-09da-4339-af7f-ef33a7510e57@group-B024B9DD51CB-SegmentedRaftLogWorker close()
2021-11-01 12:54:02,619 [ForkJoinPool.commonPool-worker-1] INFO  server.GrpcService (GrpcService.java:closeImpl(262)) - 00db5f3c-09da-4339-af7f-ef33a7510e57: shutdown server with port 43741 now
2021-11-01 12:54:02,658 [ForkJoinPool.commonPool-worker-1] INFO  server.GrpcService (GrpcService.java:closeImpl(271)) - 00db5f3c-09da-4339-af7f-ef33a7510e57: shutdown server with port 43741 successfully
2021-11-01 12:54:02,658 [org.apache.ratis.util.JvmPauseMonitor$$Lambda$538/1010497975@1865c5] INFO  util.JvmPauseMonitor (JvmPauseMonitor.java:run(109)) - JvmPauseMonitor-00db5f3c-09da-4339-af7f-ef33a7510e57: Stopped
2021-11-01 12:54:02,741 [ForkJoinPool.commonPool-worker-1] INFO  utils.BackgroundService (BackgroundService.java:shutdown(132)) - Shutting down service BlockDeletingService
2021-11-01 12:54:05,754 [ForkJoinPool.commonPool-worker-1] INFO  statemachine.DatanodeStateMachine (DatanodeStateMachine.java:stopDaemon(526)) - Ozone container server stopped.
2021-11-01 12:54:05,772 [ForkJoinPool.commonPool-worker-1] INFO  handler.ContextHandler (ContextHandler.java:doStop(1153)) - Stopped o.e.j.w.WebAppContext@3524f5c2{hddsDatanode,/,null,STOPPED}{jar:file:/home/runner/.m2/repository/org/apache/ozone/hdds-container-service/1.2.0-SNAPSHOT/hdds-container-service-1.2.0-SNAPSHOT.jar!/webapps/hddsDatanode}
2021-11-01 12:54:05,775 [ForkJoinPool.commonPool-worker-1] INFO  server.AbstractConnector (AbstractConnector.java:doStop(381)) - Stopped ServerConnector@3d418ca6{HTTP/1.1, (http/1.1)}{0.0.0.0:33601}
2021-11-01 12:54:05,775 [ForkJoinPool.commonPool-worker-1] INFO  server.session (HouseKeeper.java:stopScavenging(149)) - node0 Stopped scavenging
2021-11-01 12:54:05,776 [ForkJoinPool.commonPool-worker-1] INFO  handler.ContextHandler (ContextHandler.java:doStop(1153)) - Stopped o.e.j.s.ServletContextHandler@2e077585{static,/static,jar:file:/home/runner/.m2/repository/org/apache/ozone/hdds-container-service/1.2.0-SNAPSHOT/hdds-container-service-1.2.0-SNAPSHOT.jar!/webapps/static,STOPPED}
2021-11-01 12:54:05,776 [ForkJoinPool.commonPool-worker-1] INFO  handler.ContextHandler (ContextHandler.java:doStop(1153)) - Stopped o.e.j.s.ServletContextHandler@4f87d6a{logs,/logs,file:///home/runner/work/ozone/ozone/hadoop-ozone/integration-test/target/log,STOPPED}
2021-11-01 12:54:05,778 [Mini-Cluster-Provider-Reap] INFO  ozone.MiniOzoneClusterImpl (MiniOzoneClusterImpl.java:stopSCM(542)) - Stopping the StorageContainerManager
2021-11-01 12:54:05,778 [Mini-Cluster-Provider-Reap] INFO  server.StorageContainerManager (StorageContainerManager.java:stop(1395)) - Stopping Container Balancer service.
2021-11-01 12:54:05,778 [Mini-Cluster-Provider-Reap] INFO  balancer.ContainerBalancer (ContainerBalancer.java:stop(773)) - Container Balancer is not running.
2021-11-01 12:54:05,778 [Mini-Cluster-Provider-Reap] INFO  server.StorageContainerManager (StorageContainerManager.java:stop(1402)) - Stopping Replication Manager Service.
2021-11-01 12:54:05,778 [Mini-Cluster-Provider-Reap] INFO  container.ReplicationManager (ReplicationManager.java:stop(350)) - Stopping Replication Monitor Thread.
2021-11-01 12:54:05,778 [Mini-Cluster-Provider-Reap] INFO  server.StorageContainerManager (StorageContainerManager.java:stop(1409)) - Stopping the Datanode Admin Monitor.
2021-11-01 12:54:05,778 [Mini-Cluster-Provider-Reap] INFO  server.StorageContainerManager (StorageContainerManager.java:stop(1416)) - Stopping Lease Manager of the command watchers
2021-11-01 12:54:05,778 [Mini-Cluster-Provider-Reap] INFO  server.StorageContainerManager (StorageContainerManager.java:stop(1423)) - Stopping datanode service RPC server
2021-11-01 12:54:05,778 [Mini-Cluster-Provider-Reap] INFO  server.SCMDatanodeProtocolServer (SCMDatanodeProtocolServer.java:stop(389)) - Stopping the RPC server for DataNodes
2021-11-01 12:54:05,778 [Mini-Cluster-Provider-Reap] INFO  ipc.Server (Server.java:stop(3414)) - Stopping server on 38113
2021-11-01 12:54:05,783 [IPC Server Responder] INFO  ipc.Server (Server.java:run(1512)) - Stopping IPC Server Responder
2021-11-01 12:54:05,783 [IPC Server listener on 0] INFO  ipc.Server (Server.java:run(1376)) - Stopping IPC Server listener on 0
2021-11-01 12:54:06,273 [SCM Heartbeat Processing Thread - 0] WARN  node.NodeStateManager (NodeStateManager.java:scheduleNextHealthCheck(799)) - Current Thread is interrupted, shutting down HB processing thread for Node Manager.
2021-11-01 12:54:06,278 [Mini-Cluster-Provider-Reap] INFO  server.StorageContainerManager (StorageContainerManager.java:stop(1431)) - Stopping block service RPC server
2021-11-01 12:54:06,278 [Mini-Cluster-Provider-Reap] INFO  server.SCMBlockProtocolServer (SCMBlockProtocolServer.java:stop(160)) - Stopping the RPC server for Block Protocol
2021-11-01 12:54:06,278 [Mini-Cluster-Provider-Reap] INFO  ipc.Server (Server.java:stop(3414)) - Stopping server on 39463
2021-11-01 12:54:06,281 [Mini-Cluster-Provider-Reap] INFO  server.StorageContainerManager (StorageContainerManager.java:stop(1438)) - Stopping the StorageContainerLocationProtocol RPC server
2021-11-01 12:54:06,281 [Mini-Cluster-Provider-Reap] INFO  server.SCMClientProtocolServer (SCMClientProtocolServer.java:stop(173)) - Stopping the RPC server for Client Protocol
2021-11-01 12:54:06,281 [Mini-Cluster-Provider-Reap] INFO  ipc.Server (Server.java:stop(3414)) - Stopping server on 44575
2021-11-01 12:54:06,281 [IPC Server listener on 0] INFO  ipc.Server (Server.java:run(1376)) - Stopping IPC Server listener on 0
2021-11-01 12:54:06,333 [IPC Server Responder] INFO  ipc.Server (Server.java:run(1512)) - Stopping IPC Server Responder
2021-11-01 12:54:06,338 [IPC Server listener on 0] INFO  ipc.Server (Server.java:run(1376)) - Stopping IPC Server listener on 0
2021-11-01 12:54:06,338 [Mini-Cluster-Provider-Reap] INFO  server.StorageContainerManager (StorageContainerManager.java:stop(1445)) - Stopping Storage Container Manager HTTP server.
2021-11-01 12:54:06,338 [IPC Server Responder] INFO  ipc.Server (Server.java:run(1512)) - Stopping IPC Server Responder
2021-11-01 12:54:06,359 [Mini-Cluster-Provider-Reap] INFO  handler.ContextHandler (ContextHandler.java:doStop(1153)) - Stopped o.e.j.w.WebAppContext@6c591cfd{scm,/,null,STOPPED}{file:/home/runner/work/ozone/ozone/hadoop-ozone/integration-test/target/test-classes/webapps/scm}
2021-11-01 12:54:06,359 [Mini-Cluster-Provider-Reap] INFO  server.AbstractConnector (AbstractConnector.java:doStop(381)) - Stopped ServerConnector@678bddd9{HTTP/1.1, (http/1.1)}{0.0.0.0:0}
2021-11-01 12:54:06,359 [Mini-Cluster-Provider-Reap] INFO  server.session (HouseKeeper.java:stopScavenging(149)) - node0 Stopped scavenging
2021-11-01 12:54:06,359 [Mini-Cluster-Provider-Reap] INFO  handler.ContextHandler (ContextHandler.java:doStop(1153)) - Stopped o.e.j.s.ServletContextHandler@5bae59e3{static,/static,file:///home/runner/work/ozone/ozone/hadoop-ozone/integration-test/target/test-classes/webapps/static,STOPPED}
2021-11-01 12:54:06,359 [Mini-Cluster-Provider-Reap] INFO  handler.ContextHandler (ContextHandler.java:doStop(1153)) - Stopped o.e.j.s.ServletContextHandler@324dabfc{logs,/logs,file:///home/runner/work/ozone/ozone/hadoop-ozone/integration-test/target/log,STOPPED}
2021-11-01 12:54:06,367 [Mini-Cluster-Provider-Reap] INFO  server.StorageContainerManager (StorageContainerManager.java:stop(1456)) - Stopping Block Manager Service.
2021-11-01 12:54:06,367 [Mini-Cluster-Provider-Reap] INFO  utils.BackgroundService (BackgroundService.java:shutdown(132)) - Shutting down service SCMBlockDeletingService
2021-11-01 12:54:06,410 [Mini-Cluster-Provider-Reap] INFO  utils.BackgroundService (BackgroundService.java:shutdown(132)) - Shutting down service SCMBlockDeletingService
2021-11-01 12:54:06,410 [Mini-Cluster-Provider-Reap] INFO  server.StorageContainerManager (StorageContainerManager.java:stop(1483)) - Stopping SCM Event Queue.
2021-11-01 12:54:06,439 [Mini-Cluster-Provider-Reap] INFO  server.StorageContainerManager (StorageContainerManager.java:stop(1494)) - Stopping SCM HA services.
2021-11-01 12:54:06,439 [Mini-Cluster-Provider-Reap] INFO  pipeline.BackgroundPipelineCreator (BackgroundPipelineCreator.java:stop(158)) - Stopping RatisPipelineUtilsThread.
2021-11-01 12:54:06,439 [Mini-Cluster-Provider-Reap] INFO  server.StorageContainerManager (StorageContainerManager.java:stop(1504)) - Stopping SCM MetadataStore.
2021-11-01 12:54:06,445 [Mini-Cluster-Provider-Reap] INFO  impl.MetricsSystemImpl (MetricsSystemImpl.java:stop(210)) - Stopping HddsDatanode metrics system...
2021-11-01 12:54:06,473 [prometheus] INFO  impl.MetricsSinkAdapter (MetricsSinkAdapter.java:publishMetricsFromQueue(141)) - prometheus thread interrupted.
2021-11-01 12:54:06,473 [Mini-Cluster-Provider-Reap] INFO  impl.MetricsSystemImpl (MetricsSystemImpl.java:stop(216)) - HddsDatanode metrics system stopped.
]]></system-out>
  </testcase>
  <testcase name="testFinalizationFromInitialVersionToLatestVersion" classname="org.apache.hadoop.hdds.upgrade.TestHDDSUpgrade" time="100.026">
    <error message="Failed to obtain available cluster in time" type="java.io.IOException">java.io.IOException: Failed to obtain available cluster in time
	at org.apache.hadoop.ozone.MiniOzoneClusterProvider.provide(MiniOzoneClusterProvider.java:162)
	at org.apache.hadoop.hdds.upgrade.TestHDDSUpgrade.init(TestHDDSUpgrade.java:172)
	at org.apache.hadoop.hdds.upgrade.TestHDDSUpgrade.setUp(TestHDDSUpgrade.java:135)
	at sun.reflect.NativeMethodAccessorImpl.invoke0(Native Method)
	at sun.reflect.NativeMethodAccessorImpl.invoke(NativeMethodAccessorImpl.java:62)
	at sun.reflect.DelegatingMethodAccessorImpl.invoke(DelegatingMethodAccessorImpl.java:43)
	at java.lang.reflect.Method.invoke(Method.java:498)
	at org.junit.runners.model.FrameworkMethod$1.runReflectiveCall(FrameworkMethod.java:59)
	at org.junit.internal.runners.model.ReflectiveCallable.run(ReflectiveCallable.java:12)
	at org.junit.runners.model.FrameworkMethod.invokeExplosively(FrameworkMethod.java:56)
	at org.junit.internal.runners.statements.RunBefores.invokeMethod(RunBefores.java:33)
	at org.junit.internal.runners.statements.RunBefores.evaluate(RunBefores.java:24)
	at org.junit.internal.runners.statements.RunAfters.evaluate(RunAfters.java:27)
	at org.junit.internal.runners.statements.FailOnTimeout$CallableStatement.call(FailOnTimeout.java:288)
	at org.junit.internal.runners.statements.FailOnTimeout$CallableStatement.call(FailOnTimeout.java:282)
	at java.util.concurrent.FutureTask.run(FutureTask.java:266)
	at java.lang.Thread.run(Thread.java:748)
</error>
  </testcase>
</testsuite>