<?xml version="1.0" encoding="UTF-8"?>
<testsuite xmlns:xsi="http://www.w3.org/2001/XMLSchema-instance" xsi:noNamespaceSchemaLocation="https://maven.apache.org/surefire/maven-surefire-plugin/xsd/surefire-test-report.xsd" name="org.apache.hadoop.ozone.scm.TestSCMInstallSnapshotWithHA" time="209.536" tests="3" errors="0" skipped="0" failures="1">
  <properties>
    <property name="awt.toolkit" value="sun.awt.X11.XToolkit"/>
    <property name="file.encoding.pkg" value="sun.io"/>
    <property name="java.specification.version" value="1.8"/>
    <property name="sun.cpu.isalist" value=""/>
    <property name="sun.jnu.encoding" value="UTF-8"/>
    <property name="java.class.path" value="/home/runner/work/ozone/ozone/hadoop-ozone/integration-test/target/test-classes:/home/runner/work/ozone/ozone/hadoop-ozone/integration-test/target/classes:/home/runner/.m2/repository/org/apache/ozone/ozone-common/1.3.0-SNAPSHOT/ozone-common-1.3.0-SNAPSHOT.jar:/home/runner/.m2/repository/org/apache/commons/commons-compress/1.21/commons-compress-1.21.jar:/home/runner/.m2/repository/org/apache/ozone/hdds-common/1.3.0-SNAPSHOT/hdds-common-1.3.0-SNAPSHOT.jar:/home/runner/.m2/repository/org/apache/ozone/hdds-client/1.3.0-SNAPSHOT/hdds-client-1.3.0-SNAPSHOT.jar:/home/runner/.m2/repository/org/apache/ozone/ozone-interface-client/1.3.0-SNAPSHOT/ozone-interface-client-1.3.0-SNAPSHOT.jar:/home/runner/.m2/repository/org/apache/ozone/hdds-test-utils/1.3.0-SNAPSHOT/hdds-test-utils-1.3.0-SNAPSHOT.jar:/home/runner/.m2/repository/com/google/guava/guava/30.1.1-jre/guava-30.1.1-jre.jar:/home/runner/.m2/repository/com/google/guava/failureaccess/1.0.1/failureaccess-1.0.1.jar:/home/runner/.m2/repository/com/google/guava/listenablefuture/9999.0-empty-to-avoid-conflict-with-guava/listenablefuture-9999.0-empty-to-avoid-conflict-with-guava.jar:/home/runner/.m2/repository/com/google/code/findbugs/jsr305/3.0.0/jsr305-3.0.0.jar:/home/runner/.m2/repository/org/checkerframework/checker-qual/3.8.0/checker-qual-3.8.0.jar:/home/runner/.m2/repository/com/google/errorprone/error_prone_annotations/2.2.0/error_prone_annotations-2.2.0.jar:/home/runner/.m2/repository/com/google/j2objc/j2objc-annotations/1.3/j2objc-annotations-1.3.jar:/home/runner/.m2/repository/commons-io/commons-io/2.11.0/commons-io-2.11.0.jar:/home/runner/.m2/repository/commons-logging/commons-logging/1.2/commons-logging-1.2.jar:/home/runner/.m2/repository/log4j/log4j/1.2.17/log4j-1.2.17.jar:/home/runner/.m2/repository/org/slf4j/slf4j-api/1.7.30/slf4j-api-1.7.30.jar:/home/runner/.m2/repository/org/apache/ozone/hdds-server-scm/1.3.0-SNAPSHOT/hdds-server-scm-1.3.0-SNAPSHOT.jar:/home/runner/.m2/repository/org/apache/ozone/hdds-container-service/1.3.0-SNAPSHOT/hdds-container-service-1.3.0-SNAPSHOT.jar:/home/runner/.m2/repository/org/apache/ozone/hdds-hadoop-dependency-server/1.3.0-SNAPSHOT/hdds-hadoop-dependency-server-1.3.0-SNAPSHOT.jar:/home/runner/.m2/repository/org/apache/hadoop/hadoop-hdfs/3.3.1/hadoop-hdfs-3.3.1.jar:/home/runner/.m2/repository/org/apache/ozone/hdds-server-framework/1.3.0-SNAPSHOT/hdds-server-framework-1.3.0-SNAPSHOT.jar:/home/runner/.m2/repository/org/apache/ozone/hdds-interface-server/1.3.0-SNAPSHOT/hdds-interface-server-1.3.0-SNAPSHOT.jar:/home/runner/.m2/repository/org/eclipse/jetty/jetty-servlet/9.4.43.v20210629/jetty-servlet-9.4.43.v20210629.jar:/home/runner/.m2/repository/org/eclipse/jetty/jetty-security/9.4.43.v20210629/jetty-security-9.4.43.v20210629.jar:/home/runner/.m2/repository/org/rocksdb/rocksdbjni/6.25.3/rocksdbjni-6.25.3.jar:/home/runner/.m2/repository/io/prometheus/simpleclient_dropwizard/0.7.0/simpleclient_dropwizard-0.7.0.jar:/home/runner/.m2/repository/io/prometheus/simpleclient/0.7.0/simpleclient-0.7.0.jar:/home/runner/.m2/repository/io/prometheus/simpleclient_common/0.7.0/simpleclient_common-0.7.0.jar:/home/runner/.m2/repository/com/fasterxml/jackson/datatype/jackson-datatype-jsr310/2.12.1/jackson-datatype-jsr310-2.12.1.jar:/home/runner/.m2/repository/io/dropwizard/metrics/metrics-core/3.2.4/metrics-core-3.2.4.jar:/home/runner/.m2/repository/org/apache/hadoop/hadoop-hdfs-client/3.3.1/hadoop-hdfs-client-3.3.1.jar:/home/runner/.m2/repository/org/bouncycastle/bcprov-jdk15on/1.67/bcprov-jdk15on-1.67.jar:/home/runner/.m2/repository/com/google/protobuf/protobuf-java/2.5.0/protobuf-java-2.5.0.jar:/home/runner/.m2/repository/org/apache/ozone/ozone-manager/1.3.0-SNAPSHOT/ozone-manager-1.3.0-SNAPSHOT.jar:/home/runner/.m2/repository/org/aspectj/aspectjrt/1.9.7/aspectjrt-1.9.7.jar:/home/runner/.m2/repository/org/aspectj/aspectjweaver/1.9.7/aspectjweaver-1.9.7.jar:/home/runner/.m2/repository/org/apache/ozone/hdds-interface-client/1.3.0-SNAPSHOT/hdds-interface-client-1.3.0-SNAPSHOT.jar:/home/runner/.m2/repository/org/apache/hadoop/thirdparty/hadoop-shaded-protobuf_3_7/1.1.1/hadoop-shaded-protobuf_3_7-1.1.1.jar:/home/runner/.m2/repository/org/apache/ozone/ozone-interface-storage/1.3.0-SNAPSHOT/ozone-interface-storage-1.3.0-SNAPSHOT.jar:/home/runner/.m2/repository/org/reflections/reflections/0.9.11/reflections-0.9.11.jar:/home/runner/.m2/repository/org/apache/hadoop/hadoop-minikdc/3.3.1/hadoop-minikdc-3.3.1.jar:/home/runner/.m2/repository/org/apache/kerby/kerb-simplekdc/1.0.1/kerb-simplekdc-1.0.1.jar:/home/runner/.m2/repository/org/apache/kerby/kerb-client/1.0.1/kerb-client-1.0.1.jar:/home/runner/.m2/repository/org/apache/kerby/kerby-config/1.0.1/kerby-config-1.0.1.jar:/home/runner/.m2/repository/org/apache/kerby/kerb-common/1.0.1/kerb-common-1.0.1.jar:/home/runner/.m2/repository/org/apache/kerby/kerb-crypto/1.0.1/kerb-crypto-1.0.1.jar:/home/runner/.m2/repository/org/apache/kerby/kerb-util/1.0.1/kerb-util-1.0.1.jar:/home/runner/.m2/repository/org/apache/kerby/token-provider/1.0.1/token-provider-1.0.1.jar:/home/runner/.m2/repository/org/apache/kerby/kerb-admin/1.0.1/kerb-admin-1.0.1.jar:/home/runner/.m2/repository/org/apache/kerby/kerb-server/1.0.1/kerb-server-1.0.1.jar:/home/runner/.m2/repository/org/apache/kerby/kerb-identity/1.0.1/kerb-identity-1.0.1.jar:/home/runner/.m2/repository/org/apache/kerby/kerby-xdr/1.0.1/kerby-xdr-1.0.1.jar:/home/runner/.m2/repository/org/slf4j/slf4j-log4j12/1.7.30/slf4j-log4j12-1.7.30.jar:/home/runner/.m2/repository/org/apache/ozone/ozone-s3gateway/1.3.0-SNAPSHOT/ozone-s3gateway-1.3.0-SNAPSHOT.jar:/home/runner/.m2/repository/org/javassist/javassist/3.21.0-GA/javassist-3.21.0-GA.jar:/home/runner/.m2/repository/org/jboss/weld/servlet/weld-servlet/2.4.7.Final/weld-servlet-2.4.7.Final.jar:/home/runner/.m2/repository/org/glassfish/jersey/containers/jersey-container-servlet-core/2.33/jersey-container-servlet-core-2.33.jar:/home/runner/.m2/repository/org/glassfish/hk2/external/jakarta.inject/2.6.1/jakarta.inject-2.6.1.jar:/home/runner/.m2/repository/org/glassfish/jersey/core/jersey-common/2.33/jersey-common-2.33.jar:/home/runner/.m2/repository/jakarta/ws/rs/jakarta.ws.rs-api/2.1.6/jakarta.ws.rs-api-2.1.6.jar:/home/runner/.m2/repository/org/glassfish/jersey/ext/cdi/jersey-cdi1x/2.33/jersey-cdi1x-2.33.jar:/home/runner/.m2/repository/org/glassfish/jersey/inject/jersey-hk2/2.33/jersey-hk2-2.33.jar:/home/runner/.m2/repository/org/glassfish/hk2/hk2-locator/2.6.1/hk2-locator-2.6.1.jar:/home/runner/.m2/repository/org/glassfish/jersey/media/jersey-media-jaxb/2.33/jersey-media-jaxb-2.33.jar:/home/runner/.m2/repository/org/glassfish/hk2/osgi-resource-locator/1.0.3/osgi-resource-locator-1.0.3.jar:/home/runner/.m2/repository/org/glassfish/hk2/hk2-api/2.5.0/hk2-api-2.5.0.jar:/home/runner/.m2/repository/org/glassfish/hk2/hk2-utils/2.5.0/hk2-utils-2.5.0.jar:/home/runner/.m2/repository/org/glassfish/hk2/external/aopalliance-repackaged/2.5.0/aopalliance-repackaged-2.5.0.jar:/home/runner/.m2/repository/com/fasterxml/jackson/dataformat/jackson-dataformat-xml/2.12.1/jackson-dataformat-xml-2.12.1.jar:/home/runner/.m2/repository/com/fasterxml/jackson/core/jackson-core/2.12.1/jackson-core-2.12.1.jar:/home/runner/.m2/repository/com/fasterxml/jackson/module/jackson-module-jaxb-annotations/2.12.1/jackson-module-jaxb-annotations-2.12.1.jar:/home/runner/.m2/repository/jakarta/xml/bind/jakarta.xml.bind-api/2.3.2/jakarta.xml.bind-api-2.3.2.jar:/home/runner/.m2/repository/org/codehaus/woodstox/stax2-api/3.1.4/stax2-api-3.1.4.jar:/home/runner/.m2/repository/com/fasterxml/woodstox/woodstox-core/5.0.3/woodstox-core-5.0.3.jar:/home/runner/.m2/repository/javax/enterprise/cdi-api/1.2/cdi-api-1.2.jar:/home/runner/.m2/repository/javax/el/javax.el-api/3.0.0/javax.el-api-3.0.0.jar:/home/runner/.m2/repository/javax/interceptor/javax.interceptor-api/1.2/javax.interceptor-api-1.2.jar:/home/runner/.m2/repository/javax/inject/javax.inject/1/javax.inject-1.jar:/home/runner/.m2/repository/javax/xml/bind/jaxb-api/2.3.0/jaxb-api-2.3.0.jar:/home/runner/.m2/repository/org/glassfish/jaxb/jaxb-runtime/2.3.0.1/jaxb-runtime-2.3.0.1.jar:/home/runner/.m2/repository/org/glassfish/jaxb/jaxb-core/2.3.0.1/jaxb-core-2.3.0.1.jar:/home/runner/.m2/repository/org/glassfish/jaxb/txw2/2.3.0.1/txw2-2.3.0.1.jar:/home/runner/.m2/repository/com/sun/istack/istack-commons-runtime/3.0.5/istack-commons-runtime-3.0.5.jar:/home/runner/.m2/repository/org/jvnet/staxex/stax-ex/1.7.8/stax-ex-1.7.8.jar:/home/runner/.m2/repository/com/sun/xml/fastinfoset/FastInfoset/1.2.13/FastInfoset-1.2.13.jar:/home/runner/.m2/repository/javax/activation/activation/1.1.1/activation-1.1.1.jar:/home/runner/.m2/repository/org/apache/ozone/ozone-csi/1.3.0-SNAPSHOT/ozone-csi-1.3.0-SNAPSHOT.jar:/home/runner/.m2/repository/com/google/protobuf/protobuf-java-util/3.12.0/protobuf-java-util-3.12.0.jar:/home/runner/.m2/repository/com/google/code/gson/gson/2.2.4/gson-2.2.4.jar:/home/runner/.m2/repository/org/apache/ozone/hdds-config/1.3.0-SNAPSHOT/hdds-config-1.3.0-SNAPSHOT.jar:/home/runner/.m2/repository/io/grpc/grpc-netty/1.33.0/grpc-netty-1.33.0.jar:/home/runner/.m2/repository/io/grpc/grpc-core/1.33.0/grpc-core-1.33.0.jar:/home/runner/.m2/repository/com/google/android/annotations/4.1.1.4/annotations-4.1.1.4.jar:/home/runner/.m2/repository/io/netty/netty-codec-http2/4.1.63.Final/netty-codec-http2-4.1.63.Final.jar:/home/runner/.m2/repository/io/netty/netty-codec-http/4.1.63.Final/netty-codec-http-4.1.63.Final.jar:/home/runner/.m2/repository/io/netty/netty-handler-proxy/4.1.63.Final/netty-handler-proxy-4.1.63.Final.jar:/home/runner/.m2/repository/io/netty/netty-codec-socks/4.1.63.Final/netty-codec-socks-4.1.63.Final.jar:/home/runner/.m2/repository/io/perfmark/perfmark-api/0.19.0/perfmark-api-0.19.0.jar:/home/runner/.m2/repository/org/codehaus/mojo/animal-sniffer-annotations/1.18/animal-sniffer-annotations-1.18.jar:/home/runner/.m2/repository/io/netty/netty-transport-native-epoll/4.1.63.Final/netty-transport-native-epoll-4.1.63.Final.jar:/home/runner/.m2/repository/io/netty/netty-common/4.1.63.Final/netty-common-4.1.63.Final.jar:/home/runner/.m2/repository/io/netty/netty-buffer/4.1.63.Final/netty-buffer-4.1.63.Final.jar:/home/runner/.m2/repository/io/netty/netty-transport-native-unix-common/4.1.63.Final/netty-transport-native-unix-common-4.1.63.Final.jar:/home/runner/.m2/repository/io/grpc/grpc-protobuf/1.33.0/grpc-protobuf-1.33.0.jar:/home/runner/.m2/repository/io/grpc/grpc-api/1.33.0/grpc-api-1.33.0.jar:/home/runner/.m2/repository/io/grpc/grpc-context/1.33.0/grpc-context-1.33.0.jar:/home/runner/.m2/repository/com/google/api/grpc/proto-google-common-protos/1.17.0/proto-google-common-protos-1.17.0.jar:/home/runner/.m2/repository/io/grpc/grpc-protobuf-lite/1.33.0/grpc-protobuf-lite-1.33.0.jar:/home/runner/.m2/repository/io/grpc/grpc-stub/1.33.0/grpc-stub-1.33.0.jar:/home/runner/.m2/repository/org/apache/ozone/ozone-recon/1.3.0-SNAPSHOT/ozone-recon-1.3.0-SNAPSHOT.jar:/home/runner/.m2/repository/org/apache/ozone/ozone-reconcodegen/1.3.0-SNAPSHOT/ozone-reconcodegen-1.3.0-SNAPSHOT.jar:/home/runner/.m2/repository/com/google/inject/extensions/guice-multibindings/4.0/guice-multibindings-4.0.jar:/home/runner/.m2/repository/com/google/inject/guice/4.0/guice-4.0.jar:/home/runner/.m2/repository/aopalliance/aopalliance/1.0/aopalliance-1.0.jar:/home/runner/.m2/repository/com/google/inject/extensions/guice-assistedinject/4.0/guice-assistedinject-4.0.jar:/home/runner/.m2/repository/com/google/inject/extensions/guice-servlet/4.0/guice-servlet-4.0.jar:/home/runner/.m2/repository/org/glassfish/jersey/containers/jersey-container-servlet/2.33/jersey-container-servlet-2.33.jar:/home/runner/.m2/repository/org/glassfish/hk2/guice-bridge/2.5.0/guice-bridge-2.5.0.jar:/home/runner/.m2/repository/org/glassfish/jersey/core/jersey-server/2.33/jersey-server-2.33.jar:/home/runner/.m2/repository/org/glassfish/jersey/core/jersey-client/2.33/jersey-client-2.33.jar:/home/runner/.m2/repository/jakarta/annotation/jakarta.annotation-api/1.3.5/jakarta.annotation-api-1.3.5.jar:/home/runner/.m2/repository/jakarta/validation/jakarta.validation-api/2.0.2/jakarta.validation-api-2.0.2.jar:/home/runner/.m2/repository/org/glassfish/jersey/media/jersey-media-json-jackson/2.33/jersey-media-json-jackson-2.33.jar:/home/runner/.m2/repository/org/glassfish/jersey/ext/jersey-entity-filtering/2.33/jersey-entity-filtering-2.33.jar:/home/runner/.m2/repository/org/jooq/jooq/3.11.10/jooq-3.11.10.jar:/home/runner/.m2/repository/org/jooq/jooq-meta/3.11.10/jooq-meta-3.11.10.jar:/home/runner/.m2/repository/org/jooq/jooq-codegen/3.11.10/jooq-codegen-3.11.10.jar:/home/runner/.m2/repository/com/jolbox/bonecp/0.8.0.RELEASE/bonecp-0.8.0.RELEASE.jar:/home/runner/.m2/repository/org/apache/derby/derby/10.14.2.0/derby-10.14.2.0.jar:/home/runner/.m2/repository/org/xerial/sqlite-jdbc/3.25.2/sqlite-jdbc-3.25.2.jar:/home/runner/.m2/repository/org/springframework/spring-jdbc/5.2.18.RELEASE/spring-jdbc-5.2.18.RELEASE.jar:/home/runner/.m2/repository/org/springframework/spring-beans/5.2.18.RELEASE/spring-beans-5.2.18.RELEASE.jar:/home/runner/.m2/repository/org/springframework/spring-core/5.2.18.RELEASE/spring-core-5.2.18.RELEASE.jar:/home/runner/.m2/repository/org/springframework/spring-jcl/5.2.18.RELEASE/spring-jcl-5.2.18.RELEASE.jar:/home/runner/.m2/repository/org/springframework/spring-tx/5.2.18.RELEASE/spring-tx-5.2.18.RELEASE.jar:/home/runner/.m2/repository/org/apache/ozone/ozone-client/1.3.0-SNAPSHOT/ozone-client-1.3.0-SNAPSHOT.jar:/home/runner/.m2/repository/org/apache/ozone/ozone-filesystem/1.3.0-SNAPSHOT/ozone-filesystem-1.3.0-SNAPSHOT.jar:/home/runner/.m2/repository/org/apache/ozone/ozone-filesystem-common/1.3.0-SNAPSHOT/ozone-filesystem-common-1.3.0-SNAPSHOT.jar:/home/runner/.m2/repository/org/apache/ozone/ozone-tools/1.3.0-SNAPSHOT/ozone-tools-1.3.0-SNAPSHOT.jar:/home/runner/.m2/repository/org/apache/ratis/ratis-tools/2.2.0/ratis-tools-2.2.0.jar:/home/runner/.m2/repository/com/amazonaws/aws-java-sdk-core/1.12.124/aws-java-sdk-core-1.12.124.jar:/home/runner/.m2/repository/org/apache/httpcomponents/httpclient/4.5.13/httpclient-4.5.13.jar:/home/runner/.m2/repository/org/apache/httpcomponents/httpcore/4.4.13/httpcore-4.4.13.jar:/home/runner/.m2/repository/software/amazon/ion/ion-java/1.0.2/ion-java-1.0.2.jar:/home/runner/.m2/repository/com/fasterxml/jackson/dataformat/jackson-dataformat-cbor/2.12.1/jackson-dataformat-cbor-2.12.1.jar:/home/runner/.m2/repository/joda-time/joda-time/2.8.1/joda-time-2.8.1.jar:/home/runner/.m2/repository/com/amazonaws/aws-java-sdk-s3/1.12.124/aws-java-sdk-s3-1.12.124.jar:/home/runner/.m2/repository/com/amazonaws/aws-java-sdk-kms/1.12.124/aws-java-sdk-kms-1.12.124.jar:/home/runner/.m2/repository/com/amazonaws/jmespath-java/1.12.124/jmespath-java-1.12.124.jar:/home/runner/.m2/repository/org/kohsuke/metainf-services/metainf-services/1.8/metainf-services-1.8.jar:/home/runner/.m2/repository/org/apache/ozone/hdds-tools/1.3.0-SNAPSHOT/hdds-tools-1.3.0-SNAPSHOT.jar:/home/runner/.m2/repository/commons-cli/commons-cli/1.2/commons-cli-1.2.jar:/home/runner/.m2/repository/org/apache/commons/commons-lang3/3.7/commons-lang3-3.7.jar:/home/runner/.m2/repository/org/apache/ozone/ozone-manager/1.3.0-SNAPSHOT/ozone-manager-1.3.0-SNAPSHOT-tests.jar:/home/runner/.m2/repository/org/apache/ozone/hdds-common/1.3.0-SNAPSHOT/hdds-common-1.3.0-SNAPSHOT-tests.jar:/home/runner/.m2/repository/org/apache/ozone/hdds-hadoop-dependency-client/1.3.0-SNAPSHOT/hdds-hadoop-dependency-client-1.3.0-SNAPSHOT.jar:/home/runner/.m2/repository/info/picocli/picocli/4.6.1/picocli-4.6.1.jar:/home/runner/.m2/repository/com/fasterxml/jackson/core/jackson-annotations/2.12.1/jackson-annotations-2.12.1.jar:/home/runner/.m2/repository/javax/annotation/javax.annotation-api/1.2/javax.annotation-api-1.2.jar:/home/runner/.m2/repository/org/apache/ratis/ratis-server/2.2.0/ratis-server-2.2.0.jar:/home/runner/.m2/repository/org/apache/ratis/ratis-client/2.2.0/ratis-client-2.2.0.jar:/home/runner/.m2/repository/org/apache/ratis/ratis-server-api/2.2.0/ratis-server-api-2.2.0.jar:/home/runner/.m2/repository/org/apache/ratis/ratis-metrics/2.2.0/ratis-metrics-2.2.0.jar:/home/runner/.m2/repository/org/apache/ratis/ratis-netty/2.2.0/ratis-netty-2.2.0.jar:/home/runner/.m2/repository/org/apache/ratis/ratis-grpc/2.2.0/ratis-grpc-2.2.0.jar:/home/runner/.m2/repository/org/apache/logging/log4j/log4j-api/2.17.0/log4j-api-2.17.0.jar:/home/runner/.m2/repository/org/apache/logging/log4j/log4j-core/2.17.0/log4j-core-2.17.0.jar:/home/runner/.m2/repository/com/lmax/disruptor/3.4.2/disruptor-3.4.2.jar:/home/runner/.m2/repository/org/apache/commons/commons-pool2/2.6.0/commons-pool2-2.6.0.jar:/home/runner/.m2/repository/org/bouncycastle/bcpkix-jdk15on/1.67/bcpkix-jdk15on-1.67.jar:/home/runner/.m2/repository/commons-validator/commons-validator/1.6/commons-validator-1.6.jar:/home/runner/.m2/repository/commons-beanutils/commons-beanutils/1.9.4/commons-beanutils-1.9.4.jar:/home/runner/.m2/repository/commons-digester/commons-digester/1.8.1/commons-digester-1.8.1.jar:/home/runner/.m2/repository/commons-collections/commons-collections/3.2.2/commons-collections-3.2.2.jar:/home/runner/.m2/repository/io/jaegertracing/jaeger-client/1.6.0/jaeger-client-1.6.0.jar:/home/runner/.m2/repository/io/jaegertracing/jaeger-thrift/1.6.0/jaeger-thrift-1.6.0.jar:/home/runner/.m2/repository/org/apache/thrift/libthrift/0.14.1/libthrift-0.14.1.jar:/home/runner/.m2/repository/com/squareup/okhttp3/okhttp/4.9.0/okhttp-4.9.0.jar:/home/runner/.m2/repository/com/squareup/okio/okio/2.8.0/okio-2.8.0.jar:/home/runner/.m2/repository/io/jaegertracing/jaeger-core/1.6.0/jaeger-core-1.6.0.jar:/home/runner/.m2/repository/io/jaegertracing/jaeger-tracerresolver/1.6.0/jaeger-tracerresolver-1.6.0.jar:/home/runner/.m2/repository/io/opentracing/contrib/opentracing-tracerresolver/0.1.8/opentracing-tracerresolver-0.1.8.jar:/home/runner/.m2/repository/org/jetbrains/kotlin/kotlin-stdlib/1.4.31/kotlin-stdlib-1.4.31.jar:/home/runner/.m2/repository/org/jetbrains/kotlin/kotlin-stdlib-common/1.4.31/kotlin-stdlib-common-1.4.31.jar:/home/runner/.m2/repository/org/jetbrains/annotations/13.0/annotations-13.0.jar:/home/runner/.m2/repository/io/opentracing/opentracing-util/0.33.0/opentracing-util-0.33.0.jar:/home/runner/.m2/repository/io/opentracing/opentracing-api/0.33.0/opentracing-api-0.33.0.jar:/home/runner/.m2/repository/io/opentracing/opentracing-noop/0.33.0/opentracing-noop-0.33.0.jar:/home/runner/.m2/repository/org/yaml/snakeyaml/1.26/snakeyaml-1.26.jar:/home/runner/.m2/repository/org/apache/ozone/hdds-interface-admin/1.3.0-SNAPSHOT/hdds-interface-admin-1.3.0-SNAPSHOT.jar:/home/runner/.m2/repository/junit/junit/4.13.1/junit-4.13.1.jar:/home/runner/.m2/repository/org/hamcrest/hamcrest-core/1.3/hamcrest-core-1.3.jar:/home/runner/.m2/repository/org/junit/jupiter/junit-jupiter-api/5.7.0/junit-jupiter-api-5.7.0.jar:/home/runner/.m2/repository/org/apiguardian/apiguardian-api/1.1.0/apiguardian-api-1.1.0.jar:/home/runner/.m2/repository/org/opentest4j/opentest4j/1.2.0/opentest4j-1.2.0.jar:/home/runner/.m2/repository/org/junit/platform/junit-platform-commons/1.7.0/junit-platform-commons-1.7.0.jar:/home/runner/.m2/repository/org/junit/jupiter/junit-jupiter-engine/5.7.0/junit-jupiter-engine-5.7.0.jar:/home/runner/.m2/repository/org/junit/platform/junit-platform-engine/1.7.0/junit-platform-engine-1.7.0.jar:/home/runner/.m2/repository/org/junit/vintage/junit-vintage-engine/5.7.0/junit-vintage-engine-5.7.0.jar:/home/runner/.m2/repository/org/junit/platform/junit-platform-launcher/1.7.0/junit-platform-launcher-1.7.0.jar:/home/runner/.m2/repository/org/openjdk/jmh/jmh-core/1.19/jmh-core-1.19.jar:/home/runner/.m2/repository/net/sf/jopt-simple/jopt-simple/4.6/jopt-simple-4.6.jar:/home/runner/.m2/repository/org/apache/commons/commons-math3/3.1.1/commons-math3-3.1.1.jar:/home/runner/.m2/repository/org/openjdk/jmh/jmh-generator-annprocess/1.19/jmh-generator-annprocess-1.19.jar:/home/runner/.m2/repository/org/mockito/mockito-core/2.28.2/mockito-core-2.28.2.jar:/home/runner/.m2/repository/net/bytebuddy/byte-buddy/1.9.10/byte-buddy-1.9.10.jar:/home/runner/.m2/repository/net/bytebuddy/byte-buddy-agent/1.9.10/byte-buddy-agent-1.9.10.jar:/home/runner/.m2/repository/org/objenesis/objenesis/1.0/objenesis-1.0.jar:/home/runner/.m2/repository/org/apache/hadoop/hadoop-kms/3.3.1/hadoop-kms-3.3.1.jar:/home/runner/.m2/repository/org/apache/hadoop/hadoop-auth/3.3.1/hadoop-auth-3.3.1.jar:/home/runner/.m2/repository/com/nimbusds/nimbus-jose-jwt/7.9/nimbus-jose-jwt-7.9.jar:/home/runner/.m2/repository/com/github/stephenc/jcip/jcip-annotations/1.0-1/jcip-annotations-1.0-1.jar:/home/runner/.m2/repository/net/minidev/json-smart/2.3.1/json-smart-2.3.1.jar:/home/runner/.m2/repository/net/minidev/accessors-smart/2.3.1/accessors-smart-2.3.1.jar:/home/runner/.m2/repository/org/ow2/asm/asm/5.0.4/asm-5.0.4.jar:/home/runner/.m2/repository/org/apache/zookeeper/zookeeper/3.5.6/zookeeper-3.5.6.jar:/home/runner/.m2/repository/org/apache/zookeeper/zookeeper-jute/3.5.6/zookeeper-jute-3.5.6.jar:/home/runner/.m2/repository/org/apache/yetus/audience-annotations/0.5.0/audience-annotations-0.5.0.jar:/home/runner/.m2/repository/org/apache/curator/curator-framework/4.2.0/curator-framework-4.2.0.jar:/home/runner/.m2/repository/org/apache/hadoop/thirdparty/hadoop-shaded-guava/1.1.1/hadoop-shaded-guava-1.1.1.jar:/home/runner/.m2/repository/com/sun/jersey/jersey-core/1.19/jersey-core-1.19.jar:/home/runner/.m2/repository/javax/ws/rs/jsr311-api/1.1.1/jsr311-api-1.1.1.jar:/home/runner/.m2/repository/com/sun/jersey/jersey-server/1.19/jersey-server-1.19.jar:/home/runner/.m2/repository/javax/servlet/javax.servlet-api/3.1.0/javax.servlet-api-3.1.0.jar:/home/runner/.m2/repository/org/eclipse/jetty/jetty-server/9.4.43.v20210629/jetty-server-9.4.43.v20210629.jar:/home/runner/.m2/repository/org/eclipse/jetty/jetty-http/9.4.43.v20210629/jetty-http-9.4.43.v20210629.jar:/home/runner/.m2/repository/org/eclipse/jetty/jetty-io/9.4.43.v20210629/jetty-io-9.4.43.v20210629.jar:/home/runner/.m2/repository/org/eclipse/jetty/jetty-webapp/9.4.43.v20210629/jetty-webapp-9.4.43.v20210629.jar:/home/runner/.m2/repository/org/eclipse/jetty/jetty-xml/9.4.43.v20210629/jetty-xml-9.4.43.v20210629.jar:/home/runner/.m2/repository/org/apache/hadoop/hadoop-common/3.3.1/hadoop-common-3.3.1.jar:/home/runner/.m2/repository/commons-net/commons-net/3.6/commons-net-3.6.jar:/home/runner/.m2/repository/jakarta/activation/jakarta.activation-api/1.2.1/jakarta.activation-api-1.2.1.jar:/home/runner/.m2/repository/com/sun/jersey/jersey-servlet/1.19/jersey-servlet-1.19.jar:/home/runner/.m2/repository/com/sun/jersey/jersey-json/1.19/jersey-json-1.19.jar:/home/runner/.m2/repository/org/codehaus/jettison/jettison/1.1/jettison-1.1.jar:/home/runner/.m2/repository/com/sun/xml/bind/jaxb-impl/2.2.3-1/jaxb-impl-2.2.3-1.jar:/home/runner/.m2/repository/org/codehaus/jackson/jackson-jaxrs/1.9.2/jackson-jaxrs-1.9.2.jar:/home/runner/.m2/repository/org/codehaus/jackson/jackson-xc/1.9.2/jackson-xc-1.9.2.jar:/home/runner/.m2/repository/org/apache/commons/commons-configuration2/2.1.1/commons-configuration2-2.1.1.jar:/home/runner/.m2/repository/org/apache/commons/commons-text/1.4/commons-text-1.4.jar:/home/runner/.m2/repository/com/google/re2j/re2j/1.1/re2j-1.1.jar:/home/runner/.m2/repository/com/jcraft/jsch/0.1.54/jsch-0.1.54.jar:/home/runner/.m2/repository/org/apache/curator/curator-client/4.2.0/curator-client-4.2.0.jar:/home/runner/.m2/repository/org/apache/curator/curator-recipes/4.2.0/curator-recipes-4.2.0.jar:/home/runner/.m2/repository/org/apache/kerby/kerb-core/1.0.1/kerb-core-1.0.1.jar:/home/runner/.m2/repository/org/apache/kerby/kerby-pkix/1.0.1/kerby-pkix-1.0.1.jar:/home/runner/.m2/repository/org/apache/kerby/kerby-asn1/1.0.1/kerby-asn1-1.0.1.jar:/home/runner/.m2/repository/org/apache/kerby/kerby-util/1.0.1/kerby-util-1.0.1.jar:/home/runner/.m2/repository/dnsjava/dnsjava/2.1.7/dnsjava-2.1.7.jar:/home/runner/.m2/repository/org/xerial/snappy/snappy-java/1.1.8.2/snappy-java-1.1.8.2.jar:/home/runner/.m2/repository/org/slf4j/jul-to-slf4j/1.7.30/jul-to-slf4j-1.7.30.jar:/home/runner/.m2/repository/org/eclipse/jetty/jetty-util/9.4.43.v20210629/jetty-util-9.4.43.v20210629.jar:/home/runner/.m2/repository/com/fasterxml/jackson/core/jackson-databind/2.12.1/jackson-databind-2.12.1.jar:/home/runner/.m2/repository/org/apache/hadoop/hadoop-kms/3.3.1/hadoop-kms-3.3.1-tests.jar:/home/runner/.m2/repository/org/apache/ozone/hdds-server-scm/1.3.0-SNAPSHOT/hdds-server-scm-1.3.0-SNAPSHOT-tests.jar:/home/runner/.m2/repository/org/apache/ozone/hdds-container-service/1.3.0-SNAPSHOT/hdds-container-service-1.3.0-SNAPSHOT-tests.jar:/home/runner/.m2/repository/commons-codec/commons-codec/1.11/commons-codec-1.11.jar:/home/runner/.m2/repository/io/netty/netty-transport/4.1.63.Final/netty-transport-4.1.63.Final.jar:/home/runner/.m2/repository/io/netty/netty-resolver/4.1.63.Final/netty-resolver-4.1.63.Final.jar:/home/runner/.m2/repository/io/netty/netty-codec/4.1.63.Final/netty-codec-4.1.63.Final.jar:/home/runner/.m2/repository/io/netty/netty-handler/4.1.63.Final/netty-handler-4.1.63.Final.jar:/home/runner/.m2/repository/org/apache/ozone/hdds-hadoop-dependency-test/1.3.0-SNAPSHOT/hdds-hadoop-dependency-test-1.3.0-SNAPSHOT.jar:/home/runner/.m2/repository/org/apache/hadoop/hadoop-common/3.3.1/hadoop-common-3.3.1-tests.jar:/home/runner/.m2/repository/org/assertj/assertj-core/3.12.2/assertj-core-3.12.2.jar:/home/runner/.m2/repository/org/apache/hadoop/hadoop-hdfs/3.3.1/hadoop-hdfs-3.3.1-tests.jar:/home/runner/.m2/repository/org/eclipse/jetty/jetty-util-ajax/9.4.43.v20210629/jetty-util-ajax-9.4.43.v20210629.jar:/home/runner/.m2/repository/commons-daemon/commons-daemon/1.0.13/commons-daemon-1.0.13.jar:/home/runner/.m2/repository/io/netty/netty/3.10.6.Final/netty-3.10.6.Final.jar:/home/runner/.m2/repository/io/netty/netty-all/4.1.63.Final/netty-all-4.1.63.Final.jar:/home/runner/.m2/repository/org/apache/htrace/htrace-core4/4.1.0-incubating/htrace-core4-4.1.0-incubating.jar:/home/runner/.m2/repository/org/fusesource/leveldbjni/leveldbjni-all/1.8/leveldbjni-all-1.8.jar:/home/runner/.m2/repository/org/apache/hadoop/hadoop-distcp/3.3.1/hadoop-distcp-3.3.1.jar:/home/runner/.m2/repository/org/apache/hadoop/hadoop-mapreduce-client-jobclient/3.3.1/hadoop-mapreduce-client-jobclient-3.3.1.jar:/home/runner/.m2/repository/org/apache/hadoop/hadoop-mapreduce-client-common/3.3.1/hadoop-mapreduce-client-common-3.3.1.jar:/home/runner/.m2/repository/org/apache/hadoop/hadoop-yarn-common/3.3.1/hadoop-yarn-common-3.3.1.jar:/home/runner/.m2/repository/org/apache/hadoop/hadoop-yarn-api/3.3.1/hadoop-yarn-api-3.3.1.jar:/home/runner/.m2/repository/com/sun/jersey/jersey-client/1.19/jersey-client-1.19.jar:/home/runner/.m2/repository/com/sun/jersey/contribs/jersey-guice/1.19/jersey-guice-1.19.jar:/home/runner/.m2/repository/com/fasterxml/jackson/jaxrs/jackson-jaxrs-json-provider/2.12.1/jackson-jaxrs-json-provider-2.12.1.jar:/home/runner/.m2/repository/com/fasterxml/jackson/jaxrs/jackson-jaxrs-base/2.12.1/jackson-jaxrs-base-2.12.1.jar:/home/runner/.m2/repository/org/apache/hadoop/hadoop-yarn-client/3.3.1/hadoop-yarn-client-3.3.1.jar:/home/runner/.m2/repository/org/eclipse/jetty/websocket/websocket-client/9.4.40.v20210413/websocket-client-9.4.40.v20210413.jar:/home/runner/.m2/repository/org/eclipse/jetty/jetty-client/9.4.40.v20210413/jetty-client-9.4.40.v20210413.jar:/home/runner/.m2/repository/org/eclipse/jetty/websocket/websocket-common/9.4.40.v20210413/websocket-common-9.4.40.v20210413.jar:/home/runner/.m2/repository/org/eclipse/jetty/websocket/websocket-api/9.4.40.v20210413/websocket-api-9.4.40.v20210413.jar:/home/runner/.m2/repository/org/jline/jline/3.9.0/jline-3.9.0.jar:/home/runner/.m2/repository/org/apache/hadoop/hadoop-mapreduce-client-core/3.3.1/hadoop-mapreduce-client-core-3.3.1.jar:/home/runner/.m2/repository/org/apache/avro/avro/1.7.7/avro-1.7.7.jar:/home/runner/.m2/repository/org/codehaus/jackson/jackson-core-asl/1.9.13/jackson-core-asl-1.9.13.jar:/home/runner/.m2/repository/org/codehaus/jackson/jackson-mapper-asl/1.9.13/jackson-mapper-asl-1.9.13.jar:/home/runner/.m2/repository/com/thoughtworks/paranamer/paranamer/2.3/paranamer-2.3.jar:/home/runner/.m2/repository/org/apache/hadoop/hadoop-annotations/3.3.1/hadoop-annotations-3.3.1.jar:/usr/lib/jvm/adoptopenjdk-8-hotspot-amd64/jre/../lib/tools.jar:/home/runner/.m2/repository/org/apache/hadoop/hadoop-distcp/3.3.1/hadoop-distcp-3.3.1-tests.jar:/home/runner/.m2/repository/org/apache/ratis/ratis-common/2.2.0/ratis-common-2.2.0.jar:/home/runner/.m2/repository/org/apache/ratis/ratis-thirdparty-misc/0.7.0/ratis-thirdparty-misc-0.7.0.jar:/home/runner/.m2/repository/org/apache/ratis/ratis-proto/2.2.0/ratis-proto-2.2.0.jar:"/>
    <property name="java.vm.vendor" value="AdoptOpenJDK"/>
    <property name="sun.arch.data.model" value="64"/>
    <property name="test.build.dir" value="/home/runner/work/ozone/ozone/hadoop-ozone/integration-test/target/test-dir"/>
    <property name="test.cache.data" value=""/>
    <property name="java.vendor.url" value="https://adoptopenjdk.net/"/>
    <property name="user.timezone" value=""/>
    <property name="java.vm.specification.version" value="1.8"/>
    <property name="os.name" value="Linux"/>
    <property name="test.build.data" value="/home/runner/work/ozone/ozone/hadoop-ozone/integration-test/target/test-dir"/>
    <property name="sun.java.launcher" value="SUN_STANDARD"/>
    <property name="sun.boot.library.path" value="/usr/lib/jvm/adoptopenjdk-8-hotspot-amd64/jre/lib/amd64"/>
    <property name="sun.java.command" value="/home/runner/work/ozone/ozone/hadoop-ozone/integration-test/target/surefire/surefirebooter3931201616783089679.jar /home/runner/work/ozone/ozone/hadoop-ozone/integration-test/target/surefire 2021-12-28T01-54-21_126-jvmRun1 surefire628304915805421180tmp surefire_241572053993595442030tmp"/>
    <property name="surefire.test.class.path" value="/home/runner/work/ozone/ozone/hadoop-ozone/integration-test/target/test-classes:/home/runner/work/ozone/ozone/hadoop-ozone/integration-test/target/classes:/home/runner/.m2/repository/org/apache/ozone/ozone-common/1.3.0-SNAPSHOT/ozone-common-1.3.0-SNAPSHOT.jar:/home/runner/.m2/repository/org/apache/commons/commons-compress/1.21/commons-compress-1.21.jar:/home/runner/.m2/repository/org/apache/ozone/hdds-common/1.3.0-SNAPSHOT/hdds-common-1.3.0-SNAPSHOT.jar:/home/runner/.m2/repository/org/apache/ozone/hdds-client/1.3.0-SNAPSHOT/hdds-client-1.3.0-SNAPSHOT.jar:/home/runner/.m2/repository/org/apache/ozone/ozone-interface-client/1.3.0-SNAPSHOT/ozone-interface-client-1.3.0-SNAPSHOT.jar:/home/runner/.m2/repository/org/apache/ozone/hdds-test-utils/1.3.0-SNAPSHOT/hdds-test-utils-1.3.0-SNAPSHOT.jar:/home/runner/.m2/repository/com/google/guava/guava/30.1.1-jre/guava-30.1.1-jre.jar:/home/runner/.m2/repository/com/google/guava/failureaccess/1.0.1/failureaccess-1.0.1.jar:/home/runner/.m2/repository/com/google/guava/listenablefuture/9999.0-empty-to-avoid-conflict-with-guava/listenablefuture-9999.0-empty-to-avoid-conflict-with-guava.jar:/home/runner/.m2/repository/com/google/code/findbugs/jsr305/3.0.0/jsr305-3.0.0.jar:/home/runner/.m2/repository/org/checkerframework/checker-qual/3.8.0/checker-qual-3.8.0.jar:/home/runner/.m2/repository/com/google/errorprone/error_prone_annotations/2.2.0/error_prone_annotations-2.2.0.jar:/home/runner/.m2/repository/com/google/j2objc/j2objc-annotations/1.3/j2objc-annotations-1.3.jar:/home/runner/.m2/repository/commons-io/commons-io/2.11.0/commons-io-2.11.0.jar:/home/runner/.m2/repository/commons-logging/commons-logging/1.2/commons-logging-1.2.jar:/home/runner/.m2/repository/log4j/log4j/1.2.17/log4j-1.2.17.jar:/home/runner/.m2/repository/org/slf4j/slf4j-api/1.7.30/slf4j-api-1.7.30.jar:/home/runner/.m2/repository/org/apache/ozone/hdds-server-scm/1.3.0-SNAPSHOT/hdds-server-scm-1.3.0-SNAPSHOT.jar:/home/runner/.m2/repository/org/apache/ozone/hdds-container-service/1.3.0-SNAPSHOT/hdds-container-service-1.3.0-SNAPSHOT.jar:/home/runner/.m2/repository/org/apache/ozone/hdds-hadoop-dependency-server/1.3.0-SNAPSHOT/hdds-hadoop-dependency-server-1.3.0-SNAPSHOT.jar:/home/runner/.m2/repository/org/apache/hadoop/hadoop-hdfs/3.3.1/hadoop-hdfs-3.3.1.jar:/home/runner/.m2/repository/org/apache/ozone/hdds-server-framework/1.3.0-SNAPSHOT/hdds-server-framework-1.3.0-SNAPSHOT.jar:/home/runner/.m2/repository/org/apache/ozone/hdds-interface-server/1.3.0-SNAPSHOT/hdds-interface-server-1.3.0-SNAPSHOT.jar:/home/runner/.m2/repository/org/eclipse/jetty/jetty-servlet/9.4.43.v20210629/jetty-servlet-9.4.43.v20210629.jar:/home/runner/.m2/repository/org/eclipse/jetty/jetty-security/9.4.43.v20210629/jetty-security-9.4.43.v20210629.jar:/home/runner/.m2/repository/org/rocksdb/rocksdbjni/6.25.3/rocksdbjni-6.25.3.jar:/home/runner/.m2/repository/io/prometheus/simpleclient_dropwizard/0.7.0/simpleclient_dropwizard-0.7.0.jar:/home/runner/.m2/repository/io/prometheus/simpleclient/0.7.0/simpleclient-0.7.0.jar:/home/runner/.m2/repository/io/prometheus/simpleclient_common/0.7.0/simpleclient_common-0.7.0.jar:/home/runner/.m2/repository/com/fasterxml/jackson/datatype/jackson-datatype-jsr310/2.12.1/jackson-datatype-jsr310-2.12.1.jar:/home/runner/.m2/repository/io/dropwizard/metrics/metrics-core/3.2.4/metrics-core-3.2.4.jar:/home/runner/.m2/repository/org/apache/hadoop/hadoop-hdfs-client/3.3.1/hadoop-hdfs-client-3.3.1.jar:/home/runner/.m2/repository/org/bouncycastle/bcprov-jdk15on/1.67/bcprov-jdk15on-1.67.jar:/home/runner/.m2/repository/com/google/protobuf/protobuf-java/2.5.0/protobuf-java-2.5.0.jar:/home/runner/.m2/repository/org/apache/ozone/ozone-manager/1.3.0-SNAPSHOT/ozone-manager-1.3.0-SNAPSHOT.jar:/home/runner/.m2/repository/org/aspectj/aspectjrt/1.9.7/aspectjrt-1.9.7.jar:/home/runner/.m2/repository/org/aspectj/aspectjweaver/1.9.7/aspectjweaver-1.9.7.jar:/home/runner/.m2/repository/org/apache/ozone/hdds-interface-client/1.3.0-SNAPSHOT/hdds-interface-client-1.3.0-SNAPSHOT.jar:/home/runner/.m2/repository/org/apache/hadoop/thirdparty/hadoop-shaded-protobuf_3_7/1.1.1/hadoop-shaded-protobuf_3_7-1.1.1.jar:/home/runner/.m2/repository/org/apache/ozone/ozone-interface-storage/1.3.0-SNAPSHOT/ozone-interface-storage-1.3.0-SNAPSHOT.jar:/home/runner/.m2/repository/org/reflections/reflections/0.9.11/reflections-0.9.11.jar:/home/runner/.m2/repository/org/apache/hadoop/hadoop-minikdc/3.3.1/hadoop-minikdc-3.3.1.jar:/home/runner/.m2/repository/org/apache/kerby/kerb-simplekdc/1.0.1/kerb-simplekdc-1.0.1.jar:/home/runner/.m2/repository/org/apache/kerby/kerb-client/1.0.1/kerb-client-1.0.1.jar:/home/runner/.m2/repository/org/apache/kerby/kerby-config/1.0.1/kerby-config-1.0.1.jar:/home/runner/.m2/repository/org/apache/kerby/kerb-common/1.0.1/kerb-common-1.0.1.jar:/home/runner/.m2/repository/org/apache/kerby/kerb-crypto/1.0.1/kerb-crypto-1.0.1.jar:/home/runner/.m2/repository/org/apache/kerby/kerb-util/1.0.1/kerb-util-1.0.1.jar:/home/runner/.m2/repository/org/apache/kerby/token-provider/1.0.1/token-provider-1.0.1.jar:/home/runner/.m2/repository/org/apache/kerby/kerb-admin/1.0.1/kerb-admin-1.0.1.jar:/home/runner/.m2/repository/org/apache/kerby/kerb-server/1.0.1/kerb-server-1.0.1.jar:/home/runner/.m2/repository/org/apache/kerby/kerb-identity/1.0.1/kerb-identity-1.0.1.jar:/home/runner/.m2/repository/org/apache/kerby/kerby-xdr/1.0.1/kerby-xdr-1.0.1.jar:/home/runner/.m2/repository/org/slf4j/slf4j-log4j12/1.7.30/slf4j-log4j12-1.7.30.jar:/home/runner/.m2/repository/org/apache/ozone/ozone-s3gateway/1.3.0-SNAPSHOT/ozone-s3gateway-1.3.0-SNAPSHOT.jar:/home/runner/.m2/repository/org/javassist/javassist/3.21.0-GA/javassist-3.21.0-GA.jar:/home/runner/.m2/repository/org/jboss/weld/servlet/weld-servlet/2.4.7.Final/weld-servlet-2.4.7.Final.jar:/home/runner/.m2/repository/org/glassfish/jersey/containers/jersey-container-servlet-core/2.33/jersey-container-servlet-core-2.33.jar:/home/runner/.m2/repository/org/glassfish/hk2/external/jakarta.inject/2.6.1/jakarta.inject-2.6.1.jar:/home/runner/.m2/repository/org/glassfish/jersey/core/jersey-common/2.33/jersey-common-2.33.jar:/home/runner/.m2/repository/jakarta/ws/rs/jakarta.ws.rs-api/2.1.6/jakarta.ws.rs-api-2.1.6.jar:/home/runner/.m2/repository/org/glassfish/jersey/ext/cdi/jersey-cdi1x/2.33/jersey-cdi1x-2.33.jar:/home/runner/.m2/repository/org/glassfish/jersey/inject/jersey-hk2/2.33/jersey-hk2-2.33.jar:/home/runner/.m2/repository/org/glassfish/hk2/hk2-locator/2.6.1/hk2-locator-2.6.1.jar:/home/runner/.m2/repository/org/glassfish/jersey/media/jersey-media-jaxb/2.33/jersey-media-jaxb-2.33.jar:/home/runner/.m2/repository/org/glassfish/hk2/osgi-resource-locator/1.0.3/osgi-resource-locator-1.0.3.jar:/home/runner/.m2/repository/org/glassfish/hk2/hk2-api/2.5.0/hk2-api-2.5.0.jar:/home/runner/.m2/repository/org/glassfish/hk2/hk2-utils/2.5.0/hk2-utils-2.5.0.jar:/home/runner/.m2/repository/org/glassfish/hk2/external/aopalliance-repackaged/2.5.0/aopalliance-repackaged-2.5.0.jar:/home/runner/.m2/repository/com/fasterxml/jackson/dataformat/jackson-dataformat-xml/2.12.1/jackson-dataformat-xml-2.12.1.jar:/home/runner/.m2/repository/com/fasterxml/jackson/core/jackson-core/2.12.1/jackson-core-2.12.1.jar:/home/runner/.m2/repository/com/fasterxml/jackson/module/jackson-module-jaxb-annotations/2.12.1/jackson-module-jaxb-annotations-2.12.1.jar:/home/runner/.m2/repository/jakarta/xml/bind/jakarta.xml.bind-api/2.3.2/jakarta.xml.bind-api-2.3.2.jar:/home/runner/.m2/repository/org/codehaus/woodstox/stax2-api/3.1.4/stax2-api-3.1.4.jar:/home/runner/.m2/repository/com/fasterxml/woodstox/woodstox-core/5.0.3/woodstox-core-5.0.3.jar:/home/runner/.m2/repository/javax/enterprise/cdi-api/1.2/cdi-api-1.2.jar:/home/runner/.m2/repository/javax/el/javax.el-api/3.0.0/javax.el-api-3.0.0.jar:/home/runner/.m2/repository/javax/interceptor/javax.interceptor-api/1.2/javax.interceptor-api-1.2.jar:/home/runner/.m2/repository/javax/inject/javax.inject/1/javax.inject-1.jar:/home/runner/.m2/repository/javax/xml/bind/jaxb-api/2.3.0/jaxb-api-2.3.0.jar:/home/runner/.m2/repository/org/glassfish/jaxb/jaxb-runtime/2.3.0.1/jaxb-runtime-2.3.0.1.jar:/home/runner/.m2/repository/org/glassfish/jaxb/jaxb-core/2.3.0.1/jaxb-core-2.3.0.1.jar:/home/runner/.m2/repository/org/glassfish/jaxb/txw2/2.3.0.1/txw2-2.3.0.1.jar:/home/runner/.m2/repository/com/sun/istack/istack-commons-runtime/3.0.5/istack-commons-runtime-3.0.5.jar:/home/runner/.m2/repository/org/jvnet/staxex/stax-ex/1.7.8/stax-ex-1.7.8.jar:/home/runner/.m2/repository/com/sun/xml/fastinfoset/FastInfoset/1.2.13/FastInfoset-1.2.13.jar:/home/runner/.m2/repository/javax/activation/activation/1.1.1/activation-1.1.1.jar:/home/runner/.m2/repository/org/apache/ozone/ozone-csi/1.3.0-SNAPSHOT/ozone-csi-1.3.0-SNAPSHOT.jar:/home/runner/.m2/repository/com/google/protobuf/protobuf-java-util/3.12.0/protobuf-java-util-3.12.0.jar:/home/runner/.m2/repository/com/google/code/gson/gson/2.2.4/gson-2.2.4.jar:/home/runner/.m2/repository/org/apache/ozone/hdds-config/1.3.0-SNAPSHOT/hdds-config-1.3.0-SNAPSHOT.jar:/home/runner/.m2/repository/io/grpc/grpc-netty/1.33.0/grpc-netty-1.33.0.jar:/home/runner/.m2/repository/io/grpc/grpc-core/1.33.0/grpc-core-1.33.0.jar:/home/runner/.m2/repository/com/google/android/annotations/4.1.1.4/annotations-4.1.1.4.jar:/home/runner/.m2/repository/io/netty/netty-codec-http2/4.1.63.Final/netty-codec-http2-4.1.63.Final.jar:/home/runner/.m2/repository/io/netty/netty-codec-http/4.1.63.Final/netty-codec-http-4.1.63.Final.jar:/home/runner/.m2/repository/io/netty/netty-handler-proxy/4.1.63.Final/netty-handler-proxy-4.1.63.Final.jar:/home/runner/.m2/repository/io/netty/netty-codec-socks/4.1.63.Final/netty-codec-socks-4.1.63.Final.jar:/home/runner/.m2/repository/io/perfmark/perfmark-api/0.19.0/perfmark-api-0.19.0.jar:/home/runner/.m2/repository/org/codehaus/mojo/animal-sniffer-annotations/1.18/animal-sniffer-annotations-1.18.jar:/home/runner/.m2/repository/io/netty/netty-transport-native-epoll/4.1.63.Final/netty-transport-native-epoll-4.1.63.Final.jar:/home/runner/.m2/repository/io/netty/netty-common/4.1.63.Final/netty-common-4.1.63.Final.jar:/home/runner/.m2/repository/io/netty/netty-buffer/4.1.63.Final/netty-buffer-4.1.63.Final.jar:/home/runner/.m2/repository/io/netty/netty-transport-native-unix-common/4.1.63.Final/netty-transport-native-unix-common-4.1.63.Final.jar:/home/runner/.m2/repository/io/grpc/grpc-protobuf/1.33.0/grpc-protobuf-1.33.0.jar:/home/runner/.m2/repository/io/grpc/grpc-api/1.33.0/grpc-api-1.33.0.jar:/home/runner/.m2/repository/io/grpc/grpc-context/1.33.0/grpc-context-1.33.0.jar:/home/runner/.m2/repository/com/google/api/grpc/proto-google-common-protos/1.17.0/proto-google-common-protos-1.17.0.jar:/home/runner/.m2/repository/io/grpc/grpc-protobuf-lite/1.33.0/grpc-protobuf-lite-1.33.0.jar:/home/runner/.m2/repository/io/grpc/grpc-stub/1.33.0/grpc-stub-1.33.0.jar:/home/runner/.m2/repository/org/apache/ozone/ozone-recon/1.3.0-SNAPSHOT/ozone-recon-1.3.0-SNAPSHOT.jar:/home/runner/.m2/repository/org/apache/ozone/ozone-reconcodegen/1.3.0-SNAPSHOT/ozone-reconcodegen-1.3.0-SNAPSHOT.jar:/home/runner/.m2/repository/com/google/inject/extensions/guice-multibindings/4.0/guice-multibindings-4.0.jar:/home/runner/.m2/repository/com/google/inject/guice/4.0/guice-4.0.jar:/home/runner/.m2/repository/aopalliance/aopalliance/1.0/aopalliance-1.0.jar:/home/runner/.m2/repository/com/google/inject/extensions/guice-assistedinject/4.0/guice-assistedinject-4.0.jar:/home/runner/.m2/repository/com/google/inject/extensions/guice-servlet/4.0/guice-servlet-4.0.jar:/home/runner/.m2/repository/org/glassfish/jersey/containers/jersey-container-servlet/2.33/jersey-container-servlet-2.33.jar:/home/runner/.m2/repository/org/glassfish/hk2/guice-bridge/2.5.0/guice-bridge-2.5.0.jar:/home/runner/.m2/repository/org/glassfish/jersey/core/jersey-server/2.33/jersey-server-2.33.jar:/home/runner/.m2/repository/org/glassfish/jersey/core/jersey-client/2.33/jersey-client-2.33.jar:/home/runner/.m2/repository/jakarta/annotation/jakarta.annotation-api/1.3.5/jakarta.annotation-api-1.3.5.jar:/home/runner/.m2/repository/jakarta/validation/jakarta.validation-api/2.0.2/jakarta.validation-api-2.0.2.jar:/home/runner/.m2/repository/org/glassfish/jersey/media/jersey-media-json-jackson/2.33/jersey-media-json-jackson-2.33.jar:/home/runner/.m2/repository/org/glassfish/jersey/ext/jersey-entity-filtering/2.33/jersey-entity-filtering-2.33.jar:/home/runner/.m2/repository/org/jooq/jooq/3.11.10/jooq-3.11.10.jar:/home/runner/.m2/repository/org/jooq/jooq-meta/3.11.10/jooq-meta-3.11.10.jar:/home/runner/.m2/repository/org/jooq/jooq-codegen/3.11.10/jooq-codegen-3.11.10.jar:/home/runner/.m2/repository/com/jolbox/bonecp/0.8.0.RELEASE/bonecp-0.8.0.RELEASE.jar:/home/runner/.m2/repository/org/apache/derby/derby/10.14.2.0/derby-10.14.2.0.jar:/home/runner/.m2/repository/org/xerial/sqlite-jdbc/3.25.2/sqlite-jdbc-3.25.2.jar:/home/runner/.m2/repository/org/springframework/spring-jdbc/5.2.18.RELEASE/spring-jdbc-5.2.18.RELEASE.jar:/home/runner/.m2/repository/org/springframework/spring-beans/5.2.18.RELEASE/spring-beans-5.2.18.RELEASE.jar:/home/runner/.m2/repository/org/springframework/spring-core/5.2.18.RELEASE/spring-core-5.2.18.RELEASE.jar:/home/runner/.m2/repository/org/springframework/spring-jcl/5.2.18.RELEASE/spring-jcl-5.2.18.RELEASE.jar:/home/runner/.m2/repository/org/springframework/spring-tx/5.2.18.RELEASE/spring-tx-5.2.18.RELEASE.jar:/home/runner/.m2/repository/org/apache/ozone/ozone-client/1.3.0-SNAPSHOT/ozone-client-1.3.0-SNAPSHOT.jar:/home/runner/.m2/repository/org/apache/ozone/ozone-filesystem/1.3.0-SNAPSHOT/ozone-filesystem-1.3.0-SNAPSHOT.jar:/home/runner/.m2/repository/org/apache/ozone/ozone-filesystem-common/1.3.0-SNAPSHOT/ozone-filesystem-common-1.3.0-SNAPSHOT.jar:/home/runner/.m2/repository/org/apache/ozone/ozone-tools/1.3.0-SNAPSHOT/ozone-tools-1.3.0-SNAPSHOT.jar:/home/runner/.m2/repository/org/apache/ratis/ratis-tools/2.2.0/ratis-tools-2.2.0.jar:/home/runner/.m2/repository/com/amazonaws/aws-java-sdk-core/1.12.124/aws-java-sdk-core-1.12.124.jar:/home/runner/.m2/repository/org/apache/httpcomponents/httpclient/4.5.13/httpclient-4.5.13.jar:/home/runner/.m2/repository/org/apache/httpcomponents/httpcore/4.4.13/httpcore-4.4.13.jar:/home/runner/.m2/repository/software/amazon/ion/ion-java/1.0.2/ion-java-1.0.2.jar:/home/runner/.m2/repository/com/fasterxml/jackson/dataformat/jackson-dataformat-cbor/2.12.1/jackson-dataformat-cbor-2.12.1.jar:/home/runner/.m2/repository/joda-time/joda-time/2.8.1/joda-time-2.8.1.jar:/home/runner/.m2/repository/com/amazonaws/aws-java-sdk-s3/1.12.124/aws-java-sdk-s3-1.12.124.jar:/home/runner/.m2/repository/com/amazonaws/aws-java-sdk-kms/1.12.124/aws-java-sdk-kms-1.12.124.jar:/home/runner/.m2/repository/com/amazonaws/jmespath-java/1.12.124/jmespath-java-1.12.124.jar:/home/runner/.m2/repository/org/kohsuke/metainf-services/metainf-services/1.8/metainf-services-1.8.jar:/home/runner/.m2/repository/org/apache/ozone/hdds-tools/1.3.0-SNAPSHOT/hdds-tools-1.3.0-SNAPSHOT.jar:/home/runner/.m2/repository/commons-cli/commons-cli/1.2/commons-cli-1.2.jar:/home/runner/.m2/repository/org/apache/commons/commons-lang3/3.7/commons-lang3-3.7.jar:/home/runner/.m2/repository/org/apache/ozone/ozone-manager/1.3.0-SNAPSHOT/ozone-manager-1.3.0-SNAPSHOT-tests.jar:/home/runner/.m2/repository/org/apache/ozone/hdds-common/1.3.0-SNAPSHOT/hdds-common-1.3.0-SNAPSHOT-tests.jar:/home/runner/.m2/repository/org/apache/ozone/hdds-hadoop-dependency-client/1.3.0-SNAPSHOT/hdds-hadoop-dependency-client-1.3.0-SNAPSHOT.jar:/home/runner/.m2/repository/info/picocli/picocli/4.6.1/picocli-4.6.1.jar:/home/runner/.m2/repository/com/fasterxml/jackson/core/jackson-annotations/2.12.1/jackson-annotations-2.12.1.jar:/home/runner/.m2/repository/javax/annotation/javax.annotation-api/1.2/javax.annotation-api-1.2.jar:/home/runner/.m2/repository/org/apache/ratis/ratis-server/2.2.0/ratis-server-2.2.0.jar:/home/runner/.m2/repository/org/apache/ratis/ratis-client/2.2.0/ratis-client-2.2.0.jar:/home/runner/.m2/repository/org/apache/ratis/ratis-server-api/2.2.0/ratis-server-api-2.2.0.jar:/home/runner/.m2/repository/org/apache/ratis/ratis-metrics/2.2.0/ratis-metrics-2.2.0.jar:/home/runner/.m2/repository/org/apache/ratis/ratis-netty/2.2.0/ratis-netty-2.2.0.jar:/home/runner/.m2/repository/org/apache/ratis/ratis-grpc/2.2.0/ratis-grpc-2.2.0.jar:/home/runner/.m2/repository/org/apache/logging/log4j/log4j-api/2.17.0/log4j-api-2.17.0.jar:/home/runner/.m2/repository/org/apache/logging/log4j/log4j-core/2.17.0/log4j-core-2.17.0.jar:/home/runner/.m2/repository/com/lmax/disruptor/3.4.2/disruptor-3.4.2.jar:/home/runner/.m2/repository/org/apache/commons/commons-pool2/2.6.0/commons-pool2-2.6.0.jar:/home/runner/.m2/repository/org/bouncycastle/bcpkix-jdk15on/1.67/bcpkix-jdk15on-1.67.jar:/home/runner/.m2/repository/commons-validator/commons-validator/1.6/commons-validator-1.6.jar:/home/runner/.m2/repository/commons-beanutils/commons-beanutils/1.9.4/commons-beanutils-1.9.4.jar:/home/runner/.m2/repository/commons-digester/commons-digester/1.8.1/commons-digester-1.8.1.jar:/home/runner/.m2/repository/commons-collections/commons-collections/3.2.2/commons-collections-3.2.2.jar:/home/runner/.m2/repository/io/jaegertracing/jaeger-client/1.6.0/jaeger-client-1.6.0.jar:/home/runner/.m2/repository/io/jaegertracing/jaeger-thrift/1.6.0/jaeger-thrift-1.6.0.jar:/home/runner/.m2/repository/org/apache/thrift/libthrift/0.14.1/libthrift-0.14.1.jar:/home/runner/.m2/repository/com/squareup/okhttp3/okhttp/4.9.0/okhttp-4.9.0.jar:/home/runner/.m2/repository/com/squareup/okio/okio/2.8.0/okio-2.8.0.jar:/home/runner/.m2/repository/io/jaegertracing/jaeger-core/1.6.0/jaeger-core-1.6.0.jar:/home/runner/.m2/repository/io/jaegertracing/jaeger-tracerresolver/1.6.0/jaeger-tracerresolver-1.6.0.jar:/home/runner/.m2/repository/io/opentracing/contrib/opentracing-tracerresolver/0.1.8/opentracing-tracerresolver-0.1.8.jar:/home/runner/.m2/repository/org/jetbrains/kotlin/kotlin-stdlib/1.4.31/kotlin-stdlib-1.4.31.jar:/home/runner/.m2/repository/org/jetbrains/kotlin/kotlin-stdlib-common/1.4.31/kotlin-stdlib-common-1.4.31.jar:/home/runner/.m2/repository/org/jetbrains/annotations/13.0/annotations-13.0.jar:/home/runner/.m2/repository/io/opentracing/opentracing-util/0.33.0/opentracing-util-0.33.0.jar:/home/runner/.m2/repository/io/opentracing/opentracing-api/0.33.0/opentracing-api-0.33.0.jar:/home/runner/.m2/repository/io/opentracing/opentracing-noop/0.33.0/opentracing-noop-0.33.0.jar:/home/runner/.m2/repository/org/yaml/snakeyaml/1.26/snakeyaml-1.26.jar:/home/runner/.m2/repository/org/apache/ozone/hdds-interface-admin/1.3.0-SNAPSHOT/hdds-interface-admin-1.3.0-SNAPSHOT.jar:/home/runner/.m2/repository/junit/junit/4.13.1/junit-4.13.1.jar:/home/runner/.m2/repository/org/hamcrest/hamcrest-core/1.3/hamcrest-core-1.3.jar:/home/runner/.m2/repository/org/junit/jupiter/junit-jupiter-api/5.7.0/junit-jupiter-api-5.7.0.jar:/home/runner/.m2/repository/org/apiguardian/apiguardian-api/1.1.0/apiguardian-api-1.1.0.jar:/home/runner/.m2/repository/org/opentest4j/opentest4j/1.2.0/opentest4j-1.2.0.jar:/home/runner/.m2/repository/org/junit/platform/junit-platform-commons/1.7.0/junit-platform-commons-1.7.0.jar:/home/runner/.m2/repository/org/junit/jupiter/junit-jupiter-engine/5.7.0/junit-jupiter-engine-5.7.0.jar:/home/runner/.m2/repository/org/junit/platform/junit-platform-engine/1.7.0/junit-platform-engine-1.7.0.jar:/home/runner/.m2/repository/org/junit/vintage/junit-vintage-engine/5.7.0/junit-vintage-engine-5.7.0.jar:/home/runner/.m2/repository/org/junit/platform/junit-platform-launcher/1.7.0/junit-platform-launcher-1.7.0.jar:/home/runner/.m2/repository/org/openjdk/jmh/jmh-core/1.19/jmh-core-1.19.jar:/home/runner/.m2/repository/net/sf/jopt-simple/jopt-simple/4.6/jopt-simple-4.6.jar:/home/runner/.m2/repository/org/apache/commons/commons-math3/3.1.1/commons-math3-3.1.1.jar:/home/runner/.m2/repository/org/openjdk/jmh/jmh-generator-annprocess/1.19/jmh-generator-annprocess-1.19.jar:/home/runner/.m2/repository/org/mockito/mockito-core/2.28.2/mockito-core-2.28.2.jar:/home/runner/.m2/repository/net/bytebuddy/byte-buddy/1.9.10/byte-buddy-1.9.10.jar:/home/runner/.m2/repository/net/bytebuddy/byte-buddy-agent/1.9.10/byte-buddy-agent-1.9.10.jar:/home/runner/.m2/repository/org/objenesis/objenesis/1.0/objenesis-1.0.jar:/home/runner/.m2/repository/org/apache/hadoop/hadoop-kms/3.3.1/hadoop-kms-3.3.1.jar:/home/runner/.m2/repository/org/apache/hadoop/hadoop-auth/3.3.1/hadoop-auth-3.3.1.jar:/home/runner/.m2/repository/com/nimbusds/nimbus-jose-jwt/7.9/nimbus-jose-jwt-7.9.jar:/home/runner/.m2/repository/com/github/stephenc/jcip/jcip-annotations/1.0-1/jcip-annotations-1.0-1.jar:/home/runner/.m2/repository/net/minidev/json-smart/2.3.1/json-smart-2.3.1.jar:/home/runner/.m2/repository/net/minidev/accessors-smart/2.3.1/accessors-smart-2.3.1.jar:/home/runner/.m2/repository/org/ow2/asm/asm/5.0.4/asm-5.0.4.jar:/home/runner/.m2/repository/org/apache/zookeeper/zookeeper/3.5.6/zookeeper-3.5.6.jar:/home/runner/.m2/repository/org/apache/zookeeper/zookeeper-jute/3.5.6/zookeeper-jute-3.5.6.jar:/home/runner/.m2/repository/org/apache/yetus/audience-annotations/0.5.0/audience-annotations-0.5.0.jar:/home/runner/.m2/repository/org/apache/curator/curator-framework/4.2.0/curator-framework-4.2.0.jar:/home/runner/.m2/repository/org/apache/hadoop/thirdparty/hadoop-shaded-guava/1.1.1/hadoop-shaded-guava-1.1.1.jar:/home/runner/.m2/repository/com/sun/jersey/jersey-core/1.19/jersey-core-1.19.jar:/home/runner/.m2/repository/javax/ws/rs/jsr311-api/1.1.1/jsr311-api-1.1.1.jar:/home/runner/.m2/repository/com/sun/jersey/jersey-server/1.19/jersey-server-1.19.jar:/home/runner/.m2/repository/javax/servlet/javax.servlet-api/3.1.0/javax.servlet-api-3.1.0.jar:/home/runner/.m2/repository/org/eclipse/jetty/jetty-server/9.4.43.v20210629/jetty-server-9.4.43.v20210629.jar:/home/runner/.m2/repository/org/eclipse/jetty/jetty-http/9.4.43.v20210629/jetty-http-9.4.43.v20210629.jar:/home/runner/.m2/repository/org/eclipse/jetty/jetty-io/9.4.43.v20210629/jetty-io-9.4.43.v20210629.jar:/home/runner/.m2/repository/org/eclipse/jetty/jetty-webapp/9.4.43.v20210629/jetty-webapp-9.4.43.v20210629.jar:/home/runner/.m2/repository/org/eclipse/jetty/jetty-xml/9.4.43.v20210629/jetty-xml-9.4.43.v20210629.jar:/home/runner/.m2/repository/org/apache/hadoop/hadoop-common/3.3.1/hadoop-common-3.3.1.jar:/home/runner/.m2/repository/commons-net/commons-net/3.6/commons-net-3.6.jar:/home/runner/.m2/repository/jakarta/activation/jakarta.activation-api/1.2.1/jakarta.activation-api-1.2.1.jar:/home/runner/.m2/repository/com/sun/jersey/jersey-servlet/1.19/jersey-servlet-1.19.jar:/home/runner/.m2/repository/com/sun/jersey/jersey-json/1.19/jersey-json-1.19.jar:/home/runner/.m2/repository/org/codehaus/jettison/jettison/1.1/jettison-1.1.jar:/home/runner/.m2/repository/com/sun/xml/bind/jaxb-impl/2.2.3-1/jaxb-impl-2.2.3-1.jar:/home/runner/.m2/repository/org/codehaus/jackson/jackson-jaxrs/1.9.2/jackson-jaxrs-1.9.2.jar:/home/runner/.m2/repository/org/codehaus/jackson/jackson-xc/1.9.2/jackson-xc-1.9.2.jar:/home/runner/.m2/repository/org/apache/commons/commons-configuration2/2.1.1/commons-configuration2-2.1.1.jar:/home/runner/.m2/repository/org/apache/commons/commons-text/1.4/commons-text-1.4.jar:/home/runner/.m2/repository/com/google/re2j/re2j/1.1/re2j-1.1.jar:/home/runner/.m2/repository/com/jcraft/jsch/0.1.54/jsch-0.1.54.jar:/home/runner/.m2/repository/org/apache/curator/curator-client/4.2.0/curator-client-4.2.0.jar:/home/runner/.m2/repository/org/apache/curator/curator-recipes/4.2.0/curator-recipes-4.2.0.jar:/home/runner/.m2/repository/org/apache/kerby/kerb-core/1.0.1/kerb-core-1.0.1.jar:/home/runner/.m2/repository/org/apache/kerby/kerby-pkix/1.0.1/kerby-pkix-1.0.1.jar:/home/runner/.m2/repository/org/apache/kerby/kerby-asn1/1.0.1/kerby-asn1-1.0.1.jar:/home/runner/.m2/repository/org/apache/kerby/kerby-util/1.0.1/kerby-util-1.0.1.jar:/home/runner/.m2/repository/dnsjava/dnsjava/2.1.7/dnsjava-2.1.7.jar:/home/runner/.m2/repository/org/xerial/snappy/snappy-java/1.1.8.2/snappy-java-1.1.8.2.jar:/home/runner/.m2/repository/org/slf4j/jul-to-slf4j/1.7.30/jul-to-slf4j-1.7.30.jar:/home/runner/.m2/repository/org/eclipse/jetty/jetty-util/9.4.43.v20210629/jetty-util-9.4.43.v20210629.jar:/home/runner/.m2/repository/com/fasterxml/jackson/core/jackson-databind/2.12.1/jackson-databind-2.12.1.jar:/home/runner/.m2/repository/org/apache/hadoop/hadoop-kms/3.3.1/hadoop-kms-3.3.1-tests.jar:/home/runner/.m2/repository/org/apache/ozone/hdds-server-scm/1.3.0-SNAPSHOT/hdds-server-scm-1.3.0-SNAPSHOT-tests.jar:/home/runner/.m2/repository/org/apache/ozone/hdds-container-service/1.3.0-SNAPSHOT/hdds-container-service-1.3.0-SNAPSHOT-tests.jar:/home/runner/.m2/repository/commons-codec/commons-codec/1.11/commons-codec-1.11.jar:/home/runner/.m2/repository/io/netty/netty-transport/4.1.63.Final/netty-transport-4.1.63.Final.jar:/home/runner/.m2/repository/io/netty/netty-resolver/4.1.63.Final/netty-resolver-4.1.63.Final.jar:/home/runner/.m2/repository/io/netty/netty-codec/4.1.63.Final/netty-codec-4.1.63.Final.jar:/home/runner/.m2/repository/io/netty/netty-handler/4.1.63.Final/netty-handler-4.1.63.Final.jar:/home/runner/.m2/repository/org/apache/ozone/hdds-hadoop-dependency-test/1.3.0-SNAPSHOT/hdds-hadoop-dependency-test-1.3.0-SNAPSHOT.jar:/home/runner/.m2/repository/org/apache/hadoop/hadoop-common/3.3.1/hadoop-common-3.3.1-tests.jar:/home/runner/.m2/repository/org/assertj/assertj-core/3.12.2/assertj-core-3.12.2.jar:/home/runner/.m2/repository/org/apache/hadoop/hadoop-hdfs/3.3.1/hadoop-hdfs-3.3.1-tests.jar:/home/runner/.m2/repository/org/eclipse/jetty/jetty-util-ajax/9.4.43.v20210629/jetty-util-ajax-9.4.43.v20210629.jar:/home/runner/.m2/repository/commons-daemon/commons-daemon/1.0.13/commons-daemon-1.0.13.jar:/home/runner/.m2/repository/io/netty/netty/3.10.6.Final/netty-3.10.6.Final.jar:/home/runner/.m2/repository/io/netty/netty-all/4.1.63.Final/netty-all-4.1.63.Final.jar:/home/runner/.m2/repository/org/apache/htrace/htrace-core4/4.1.0-incubating/htrace-core4-4.1.0-incubating.jar:/home/runner/.m2/repository/org/fusesource/leveldbjni/leveldbjni-all/1.8/leveldbjni-all-1.8.jar:/home/runner/.m2/repository/org/apache/hadoop/hadoop-distcp/3.3.1/hadoop-distcp-3.3.1.jar:/home/runner/.m2/repository/org/apache/hadoop/hadoop-mapreduce-client-jobclient/3.3.1/hadoop-mapreduce-client-jobclient-3.3.1.jar:/home/runner/.m2/repository/org/apache/hadoop/hadoop-mapreduce-client-common/3.3.1/hadoop-mapreduce-client-common-3.3.1.jar:/home/runner/.m2/repository/org/apache/hadoop/hadoop-yarn-common/3.3.1/hadoop-yarn-common-3.3.1.jar:/home/runner/.m2/repository/org/apache/hadoop/hadoop-yarn-api/3.3.1/hadoop-yarn-api-3.3.1.jar:/home/runner/.m2/repository/com/sun/jersey/jersey-client/1.19/jersey-client-1.19.jar:/home/runner/.m2/repository/com/sun/jersey/contribs/jersey-guice/1.19/jersey-guice-1.19.jar:/home/runner/.m2/repository/com/fasterxml/jackson/jaxrs/jackson-jaxrs-json-provider/2.12.1/jackson-jaxrs-json-provider-2.12.1.jar:/home/runner/.m2/repository/com/fasterxml/jackson/jaxrs/jackson-jaxrs-base/2.12.1/jackson-jaxrs-base-2.12.1.jar:/home/runner/.m2/repository/org/apache/hadoop/hadoop-yarn-client/3.3.1/hadoop-yarn-client-3.3.1.jar:/home/runner/.m2/repository/org/eclipse/jetty/websocket/websocket-client/9.4.40.v20210413/websocket-client-9.4.40.v20210413.jar:/home/runner/.m2/repository/org/eclipse/jetty/jetty-client/9.4.40.v20210413/jetty-client-9.4.40.v20210413.jar:/home/runner/.m2/repository/org/eclipse/jetty/websocket/websocket-common/9.4.40.v20210413/websocket-common-9.4.40.v20210413.jar:/home/runner/.m2/repository/org/eclipse/jetty/websocket/websocket-api/9.4.40.v20210413/websocket-api-9.4.40.v20210413.jar:/home/runner/.m2/repository/org/jline/jline/3.9.0/jline-3.9.0.jar:/home/runner/.m2/repository/org/apache/hadoop/hadoop-mapreduce-client-core/3.3.1/hadoop-mapreduce-client-core-3.3.1.jar:/home/runner/.m2/repository/org/apache/avro/avro/1.7.7/avro-1.7.7.jar:/home/runner/.m2/repository/org/codehaus/jackson/jackson-core-asl/1.9.13/jackson-core-asl-1.9.13.jar:/home/runner/.m2/repository/org/codehaus/jackson/jackson-mapper-asl/1.9.13/jackson-mapper-asl-1.9.13.jar:/home/runner/.m2/repository/com/thoughtworks/paranamer/paranamer/2.3/paranamer-2.3.jar:/home/runner/.m2/repository/org/apache/hadoop/hadoop-annotations/3.3.1/hadoop-annotations-3.3.1.jar:/usr/lib/jvm/adoptopenjdk-8-hotspot-amd64/jre/../lib/tools.jar:/home/runner/.m2/repository/org/apache/hadoop/hadoop-distcp/3.3.1/hadoop-distcp-3.3.1-tests.jar:/home/runner/.m2/repository/org/apache/ratis/ratis-common/2.2.0/ratis-common-2.2.0.jar:/home/runner/.m2/repository/org/apache/ratis/ratis-thirdparty-misc/0.7.0/ratis-thirdparty-misc-0.7.0.jar:/home/runner/.m2/repository/org/apache/ratis/ratis-proto/2.2.0/ratis-proto-2.2.0.jar:"/>
    <property name="sun.cpu.endian" value="little"/>
    <property name="user.home" value="/home/runner"/>
    <property name="user.language" value="en"/>
    <property name="java.specification.vendor" value="Oracle Corporation"/>
    <property name="java.home" value="/usr/lib/jvm/adoptopenjdk-8-hotspot-amd64/jre"/>
    <property name="java.security.krb5.conf" value="/home/runner/work/ozone/ozone/hadoop-ozone/integration-test/target/test-classes/krb5.conf"/>
    <property name="basedir" value="/home/runner/work/ozone/ozone/hadoop-ozone/integration-test"/>
    <property name="file.separator" value="/"/>
    <property name="line.separator" value="&#10;"/>
    <property name="java.vm.specification.vendor" value="Oracle Corporation"/>
    <property name="java.specification.name" value="Java Platform API Specification"/>
    <property name="java.awt.graphicsenv" value="sun.awt.X11GraphicsEnvironment"/>
    <property name="skip.installnpx" value="true"/>
    <property name="surefire.real.class.path" value="/home/runner/work/ozone/ozone/hadoop-ozone/integration-test/target/surefire/surefirebooter3931201616783089679.jar:/home/runner/.m2/repository/org/jacoco/org.jacoco.agent/0.8.5/org.jacoco.agent-0.8.5-runtime.jar"/>
    <property name="hadoop.log.dir" value="/home/runner/work/ozone/ozone/hadoop-ozone/integration-test/target/log"/>
    <property name="sun.boot.class.path" value="/usr/lib/jvm/adoptopenjdk-8-hotspot-amd64/jre/lib/resources.jar:/usr/lib/jvm/adoptopenjdk-8-hotspot-amd64/jre/lib/rt.jar:/usr/lib/jvm/adoptopenjdk-8-hotspot-amd64/jre/lib/sunrsasign.jar:/usr/lib/jvm/adoptopenjdk-8-hotspot-amd64/jre/lib/jsse.jar:/usr/lib/jvm/adoptopenjdk-8-hotspot-amd64/jre/lib/jce.jar:/usr/lib/jvm/adoptopenjdk-8-hotspot-amd64/jre/lib/charsets.jar:/usr/lib/jvm/adoptopenjdk-8-hotspot-amd64/jre/lib/jfr.jar:/usr/lib/jvm/adoptopenjdk-8-hotspot-amd64/jre/classes"/>
    <property name="sun.management.compiler" value="HotSpot 64-Bit Tiered Compilers"/>
    <property name="skip.npx" value="true"/>
    <property name="java.runtime.version" value="1.8.0_292-b10"/>
    <property name="java.net.preferIPv4Stack" value="true"/>
    <property name="user.name" value="runner"/>
    <property name="path.separator" value=":"/>
    <property name="java.security.egd" value="file:///dev/urandom"/>
    <property name="os.version" value="5.4.0-1064-azure"/>
    <property name="java.endorsed.dirs" value="/usr/lib/jvm/adoptopenjdk-8-hotspot-amd64/jre/lib/endorsed"/>
    <property name="java.runtime.name" value="OpenJDK Runtime Environment"/>
    <property name="file.encoding" value="UTF-8"/>
    <property name="java.vm.name" value="OpenJDK 64-Bit Server VM"/>
    <property name="test.build.webapps" value=""/>
    <property name="localRepository" value="/home/runner/.m2/repository"/>
    <property name="java.vendor.url.bug" value="https://github.com/AdoptOpenJDK/openjdk-support/issues"/>
    <property name="java.io.tmpdir" value="/tmp"/>
    <property name="require.test.libhadoop" value=""/>
    <property name="java.version" value="1.8.0_292"/>
    <property name="user.dir" value="/home/runner/work/ozone/ozone/hadoop-ozone/integration-test"/>
    <property name="os.arch" value="amd64"/>
    <property name="java.vm.specification.name" value="Java Virtual Machine Specification"/>
    <property name="test.build.classes" value="/home/runner/work/ozone/ozone/hadoop-ozone/integration-test/target/test-classes"/>
    <property name="java.awt.printerjob" value="sun.print.PSPrinterJob"/>
    <property name="sun.os.patch.level" value="unknown"/>
    <property name="hadoop.tmp.dir" value="/home/runner/work/ozone/ozone/hadoop-ozone/integration-test/target/tmp"/>
    <property name="java.library.path" value="/usr/java/packages/lib/amd64:/usr/lib64:/lib64:/lib:/usr/lib"/>
    <property name="java.vm.info" value="mixed mode"/>
    <property name="java.vendor" value="AdoptOpenJDK"/>
    <property name="java.vm.version" value="25.292-b10"/>
    <property name="java.ext.dirs" value="/usr/lib/jvm/adoptopenjdk-8-hotspot-amd64/jre/lib/ext:/usr/java/packages/lib/ext"/>
    <property name="sun.io.unicode.encoding" value="UnicodeLittle"/>
    <property name="java.class.version" value="52.0"/>
  </properties>
  <testcase name="testInstallSnapshot" classname="org.apache.hadoop.ozone.scm.TestSCMInstallSnapshotWithHA" time="80.35"/>
  <testcase name="testInstallOldCheckpointFailure" classname="org.apache.hadoop.ozone.scm.TestSCMInstallSnapshotWithHA" time="68.967">
    <failure message="expected:&lt;(t:2, i:128)&gt; but was:&lt;(t:2, i:28)&gt;" type="java.lang.AssertionError"><![CDATA[java.lang.AssertionError: expected:<(t:2, i:128)> but was:<(t:2, i:28)>
	at org.junit.Assert.fail(Assert.java:89)
	at org.junit.Assert.failNotEquals(Assert.java:835)
	at org.junit.Assert.assertEquals(Assert.java:120)
	at org.junit.Assert.assertEquals(Assert.java:146)
	at org.apache.hadoop.ozone.scm.TestSCMInstallSnapshotWithHA.testInstallOldCheckpointFailure(TestSCMInstallSnapshotWithHA.java:207)
	at sun.reflect.NativeMethodAccessorImpl.invoke0(Native Method)
	at sun.reflect.NativeMethodAccessorImpl.invoke(NativeMethodAccessorImpl.java:62)
	at sun.reflect.DelegatingMethodAccessorImpl.invoke(DelegatingMethodAccessorImpl.java:43)
	at java.lang.reflect.Method.invoke(Method.java:498)
	at org.junit.platform.commons.util.ReflectionUtils.invokeMethod(ReflectionUtils.java:688)
	at org.junit.jupiter.engine.execution.MethodInvocation.proceed(MethodInvocation.java:60)
	at org.junit.jupiter.engine.execution.InvocationInterceptorChain$ValidatingInvocation.proceed(InvocationInterceptorChain.java:131)
	at org.junit.jupiter.engine.extension.TimeoutInvocation.proceed(TimeoutInvocation.java:46)
	at org.junit.jupiter.engine.extension.TimeoutExtension.intercept(TimeoutExtension.java:149)
	at org.junit.jupiter.engine.extension.TimeoutExtension.interceptTestableMethod(TimeoutExtension.java:140)
	at org.junit.jupiter.engine.extension.TimeoutExtension.interceptTestMethod(TimeoutExtension.java:84)
	at org.junit.jupiter.engine.execution.ExecutableInvoker$ReflectiveInterceptorCall.lambda$ofVoidMethod$0(ExecutableInvoker.java:115)
	at org.junit.jupiter.engine.execution.ExecutableInvoker.lambda$invoke$0(ExecutableInvoker.java:105)
	at org.junit.jupiter.engine.execution.InvocationInterceptorChain$InterceptedInvocation.proceed(InvocationInterceptorChain.java:106)
	at org.junit.jupiter.engine.execution.InvocationInterceptorChain.proceed(InvocationInterceptorChain.java:64)
	at org.junit.jupiter.engine.execution.InvocationInterceptorChain.chainAndInvoke(InvocationInterceptorChain.java:45)
	at org.junit.jupiter.engine.execution.InvocationInterceptorChain.invoke(InvocationInterceptorChain.java:37)
	at org.junit.jupiter.engine.execution.ExecutableInvoker.invoke(ExecutableInvoker.java:104)
	at org.junit.jupiter.engine.execution.ExecutableInvoker.invoke(ExecutableInvoker.java:98)
	at org.junit.jupiter.engine.descriptor.TestMethodTestDescriptor.lambda$invokeTestMethod$6(TestMethodTestDescriptor.java:210)
	at org.junit.platform.engine.support.hierarchical.ThrowableCollector.execute(ThrowableCollector.java:73)
	at org.junit.jupiter.engine.descriptor.TestMethodTestDescriptor.invokeTestMethod(TestMethodTestDescriptor.java:206)
	at org.junit.jupiter.engine.descriptor.TestMethodTestDescriptor.execute(TestMethodTestDescriptor.java:131)
	at org.junit.jupiter.engine.descriptor.TestMethodTestDescriptor.execute(TestMethodTestDescriptor.java:65)
	at org.junit.platform.engine.support.hierarchical.NodeTestTask.lambda$executeRecursively$5(NodeTestTask.java:139)
	at org.junit.platform.engine.support.hierarchical.ThrowableCollector.execute(ThrowableCollector.java:73)
	at org.junit.platform.engine.support.hierarchical.NodeTestTask.lambda$executeRecursively$7(NodeTestTask.java:129)
	at org.junit.platform.engine.support.hierarchical.Node.around(Node.java:137)
	at org.junit.platform.engine.support.hierarchical.NodeTestTask.lambda$executeRecursively$8(NodeTestTask.java:127)
	at org.junit.platform.engine.support.hierarchical.ThrowableCollector.execute(ThrowableCollector.java:73)
	at org.junit.platform.engine.support.hierarchical.NodeTestTask.executeRecursively(NodeTestTask.java:126)
	at org.junit.platform.engine.support.hierarchical.NodeTestTask.execute(NodeTestTask.java:84)
	at java.util.ArrayList.forEach(ArrayList.java:1259)
	at org.junit.platform.engine.support.hierarchical.SameThreadHierarchicalTestExecutorService.invokeAll(SameThreadHierarchicalTestExecutorService.java:38)
	at org.junit.platform.engine.support.hierarchical.NodeTestTask.lambda$executeRecursively$5(NodeTestTask.java:143)
	at org.junit.platform.engine.support.hierarchical.ThrowableCollector.execute(ThrowableCollector.java:73)
	at org.junit.platform.engine.support.hierarchical.NodeTestTask.lambda$executeRecursively$7(NodeTestTask.java:129)
	at org.junit.platform.engine.support.hierarchical.Node.around(Node.java:137)
	at org.junit.platform.engine.support.hierarchical.NodeTestTask.lambda$executeRecursively$8(NodeTestTask.java:127)
	at org.junit.platform.engine.support.hierarchical.ThrowableCollector.execute(ThrowableCollector.java:73)
	at org.junit.platform.engine.support.hierarchical.NodeTestTask.executeRecursively(NodeTestTask.java:126)
	at org.junit.platform.engine.support.hierarchical.NodeTestTask.execute(NodeTestTask.java:84)
	at java.util.ArrayList.forEach(ArrayList.java:1259)
	at org.junit.platform.engine.support.hierarchical.SameThreadHierarchicalTestExecutorService.invokeAll(SameThreadHierarchicalTestExecutorService.java:38)
	at org.junit.platform.engine.support.hierarchical.NodeTestTask.lambda$executeRecursively$5(NodeTestTask.java:143)
	at org.junit.platform.engine.support.hierarchical.ThrowableCollector.execute(ThrowableCollector.java:73)
	at org.junit.platform.engine.support.hierarchical.NodeTestTask.lambda$executeRecursively$7(NodeTestTask.java:129)
	at org.junit.platform.engine.support.hierarchical.Node.around(Node.java:137)
	at org.junit.platform.engine.support.hierarchical.NodeTestTask.lambda$executeRecursively$8(NodeTestTask.java:127)
	at org.junit.platform.engine.support.hierarchical.ThrowableCollector.execute(ThrowableCollector.java:73)
	at org.junit.platform.engine.support.hierarchical.NodeTestTask.executeRecursively(NodeTestTask.java:126)
	at org.junit.platform.engine.support.hierarchical.NodeTestTask.execute(NodeTestTask.java:84)
	at org.junit.platform.engine.support.hierarchical.SameThreadHierarchicalTestExecutorService.submit(SameThreadHierarchicalTestExecutorService.java:32)
	at org.junit.platform.engine.support.hierarchical.HierarchicalTestExecutor.execute(HierarchicalTestExecutor.java:57)
	at org.junit.platform.engine.support.hierarchical.HierarchicalTestEngine.execute(HierarchicalTestEngine.java:51)
	at org.junit.platform.launcher.core.EngineExecutionOrchestrator.execute(EngineExecutionOrchestrator.java:108)
	at org.junit.platform.launcher.core.EngineExecutionOrchestrator.execute(EngineExecutionOrchestrator.java:88)
	at org.junit.platform.launcher.core.EngineExecutionOrchestrator.lambda$execute$0(EngineExecutionOrchestrator.java:54)
	at org.junit.platform.launcher.core.EngineExecutionOrchestrator.withInterceptedStreams(EngineExecutionOrchestrator.java:67)
	at org.junit.platform.launcher.core.EngineExecutionOrchestrator.execute(EngineExecutionOrchestrator.java:52)
	at org.junit.platform.launcher.core.DefaultLauncher.execute(DefaultLauncher.java:96)
	at org.junit.platform.launcher.core.DefaultLauncher.execute(DefaultLauncher.java:75)
	at org.apache.maven.surefire.junitplatform.JUnitPlatformProvider.invokeAllTests(JUnitPlatformProvider.java:142)
	at org.apache.maven.surefire.junitplatform.JUnitPlatformProvider.invoke(JUnitPlatformProvider.java:113)
	at org.apache.maven.surefire.booter.ForkedBooter.invokeProviderInSameClassLoader(ForkedBooter.java:384)
	at org.apache.maven.surefire.booter.ForkedBooter.runSuitesInProcess(ForkedBooter.java:345)
	at org.apache.maven.surefire.booter.ForkedBooter.execute(ForkedBooter.java:126)
	at org.apache.maven.surefire.booter.ForkedBooter.main(ForkedBooter.java:418)
]]></failure>
    <system-out><![CDATA[2021-12-28 02:23:14,848 [Listener at 127.0.0.1/12116] WARN  server.ServerUtils (ServerUtils.java:getScmDbDir(148)) - ozone.scm.db.dirs is not configured. We recommend adding this setting. Falling back to ozone.metadata.dirs instead.
2021-12-28 02:23:14,854 [Listener at 127.0.0.1/12116] INFO  ha.SCMHANodeDetails (SCMHANodeDetails.java:loadSCMHAConfig(157)) - ServiceID for StorageContainerManager is scm-service-test1
2021-12-28 02:23:14,854 [Listener at 127.0.0.1/12116] INFO  ha.SCMHANodeDetails (SCMHANodeDetails.java:loadSCMHAConfig(168)) - ServiceID for StorageContainerManager is scm-service-test1
2021-12-28 02:23:14,855 [Listener at 127.0.0.1/12116] WARN  scm.ScmUtils (ScmUtils.java:logWarn(179)) - ConfigKey ozone.scm.block.client.address is deprecated, For configuring different ports for each SCM use PortConfigKey ozone.scm.block.client.port appended with serviceId and nodeId. If want to configure same port configure ozone.scm.block.client.port
2021-12-28 02:23:14,855 [Listener at 127.0.0.1/12116] WARN  scm.ScmUtils (ScmUtils.java:logWarn(179)) - ConfigKey ozone.scm.client.address is deprecated, For configuring different ports for each SCM use PortConfigKey ozone.scm.client.port appended with serviceId and nodeId. If want to configure same port configure ozone.scm.client.port
2021-12-28 02:23:14,855 [Listener at 127.0.0.1/12116] WARN  scm.ScmUtils (ScmUtils.java:logWarn(179)) - ConfigKey ozone.scm.datanode.address is deprecated, For configuring different ports for each SCM use PortConfigKey ozone.scm.datanode.port appended with serviceId and nodeId. If want to configure same port configure ozone.scm.datanode.port
2021-12-28 02:23:14,855 [Listener at 127.0.0.1/12116] WARN  scm.ScmUtils (ScmUtils.java:logWarn(179)) - ConfigKey ozone.scm.block.client.address is deprecated, For configuring different ports for each SCM use PortConfigKey ozone.scm.block.client.port appended with serviceId and nodeId. If want to configure same port configure ozone.scm.block.client.port
2021-12-28 02:23:14,855 [Listener at 127.0.0.1/12116] WARN  scm.ScmUtils (ScmUtils.java:logWarn(179)) - ConfigKey ozone.scm.client.address is deprecated, For configuring different ports for each SCM use PortConfigKey ozone.scm.client.port appended with serviceId and nodeId. If want to configure same port configure ozone.scm.client.port
2021-12-28 02:23:14,856 [Listener at 127.0.0.1/12116] WARN  scm.ScmUtils (ScmUtils.java:logWarn(179)) - ConfigKey ozone.scm.datanode.address is deprecated, For configuring different ports for each SCM use PortConfigKey ozone.scm.datanode.port appended with serviceId and nodeId. If want to configure same port configure ozone.scm.datanode.port
2021-12-28 02:23:14,857 [Listener at 127.0.0.1/12116] INFO  ha.SCMHANodeDetails (SCMHANodeDetails.java:loadSCMHAConfig(250)) - Found matching SCM address with SCMServiceId: scm-service-test1, SCMNodeId: scmNode-1, RPC Address: localhost:12508 and Ratis port: 12508
2021-12-28 02:23:14,857 [Listener at 127.0.0.1/12116] INFO  ha.SCMHANodeDetails (ConfUtils.java:setNodeSpecificConfigs(108)) - Setting configuration key ozone.scm.datanode.address with value of key ozone.scm.datanode.address.scm-service-test1.scmNode-1: 127.0.0.1:12509
2021-12-28 02:23:14,857 [Listener at 127.0.0.1/12116] INFO  ha.SCMHANodeDetails (ConfUtils.java:setNodeSpecificConfigs(108)) - Setting configuration key ozone.scm.block.client.address with value of key ozone.scm.block.client.address.scm-service-test1.scmNode-1: 127.0.0.1:12510
2021-12-28 02:23:14,857 [Listener at 127.0.0.1/12116] INFO  ha.SCMHANodeDetails (ConfUtils.java:setNodeSpecificConfigs(108)) - Setting configuration key ozone.scm.client.address with value of key ozone.scm.client.address.scm-service-test1.scmNode-1: 127.0.0.1:12511
2021-12-28 02:23:14,857 [Listener at 127.0.0.1/12116] INFO  ha.SCMHANodeDetails (ConfUtils.java:setNodeSpecificConfigs(108)) - Setting configuration key ozone.scm.ratis.port with value of key ozone.scm.ratis.port.scm-service-test1.scmNode-1: 12508
2021-12-28 02:23:14,857 [Listener at 127.0.0.1/12116] INFO  ha.SCMHANodeDetails (ConfUtils.java:setNodeSpecificConfigs(108)) - Setting configuration key ozone.scm.grpc.port with value of key ozone.scm.grpc.port.scm-service-test1.scmNode-1: 12512
2021-12-28 02:23:14,857 [Listener at 127.0.0.1/12116] INFO  ha.SCMHANodeDetails (ConfUtils.java:setNodeSpecificConfigs(108)) - Setting configuration key ozone.scm.http-address with value of key ozone.scm.http-address.scm-service-test1.scmNode-1: 127.0.0.1:12506
2021-12-28 02:23:14,858 [Listener at 127.0.0.1/12116] INFO  ha.SCMHANodeDetails (ConfUtils.java:setNodeSpecificConfigs(108)) - Setting configuration key ozone.scm.https-address with value of key ozone.scm.https-address.scm-service-test1.scmNode-1: 127.0.0.1:12507
2021-12-28 02:23:14,858 [Listener at 127.0.0.1/12116] INFO  ha.SCMHANodeDetails (ConfUtils.java:setNodeSpecificConfigs(108)) - Setting configuration key ozone.scm.address with value of key ozone.scm.address.scm-service-test1.scmNode-1: 127.0.0.1
2021-12-28 02:23:14,858 [Listener at 127.0.0.1/12116] WARN  scm.ScmUtils (ScmUtils.java:logWarn(179)) - ConfigKey ozone.scm.block.client.address is deprecated, For configuring different ports for each SCM use PortConfigKey ozone.scm.block.client.port appended with serviceId and nodeId. If want to configure same port configure ozone.scm.block.client.port
2021-12-28 02:23:14,858 [Listener at 127.0.0.1/12116] WARN  scm.ScmUtils (ScmUtils.java:logWarn(179)) - ConfigKey ozone.scm.client.address is deprecated, For configuring different ports for each SCM use PortConfigKey ozone.scm.client.port appended with serviceId and nodeId. If want to configure same port configure ozone.scm.client.port
2021-12-28 02:23:14,859 [Listener at 127.0.0.1/12116] WARN  scm.ScmUtils (ScmUtils.java:logWarn(179)) - ConfigKey ozone.scm.datanode.address is deprecated, For configuring different ports for each SCM use PortConfigKey ozone.scm.datanode.port appended with serviceId and nodeId. If want to configure same port configure ozone.scm.datanode.port
2021-12-28 02:23:14,881 [Listener at 127.0.0.1/12116] INFO  server.RaftServer (ConfUtils.java:logGet(44)) - raft.rpc.type = GRPC (default)
2021-12-28 02:23:14,881 [Listener at 127.0.0.1/12116] INFO  grpc.GrpcFactory (GrpcFactory.java:checkPooledByteBufAllocatorUseCacheForAllThreads(48)) - PERFORMANCE WARNING: useCacheForAllThreads is true that may cause Netty to create a lot garbage objects and, as a result, trigger GC.
	It is recommended to disable useCacheForAllThreads by setting -Dorg.apache.ratis.thirdparty.io.netty.allocator.useCacheForAllThreads=false in command line.
2021-12-28 02:23:14,881 [Listener at 127.0.0.1/12116] INFO  grpc.GrpcConfigKeys (ConfUtils.java:logGet(44)) - raft.grpc.admin.port = -1 (default)
2021-12-28 02:23:14,881 [Listener at 127.0.0.1/12116] INFO  grpc.GrpcConfigKeys (ConfUtils.java:logGet(44)) - raft.grpc.server.port = 12508 (custom)
2021-12-28 02:23:14,881 [Listener at 127.0.0.1/12116] INFO  grpc.GrpcConfigKeys (ConfUtils.java:logGet(44)) - raft.grpc.client.port = -1 (default)
2021-12-28 02:23:14,881 [Listener at 127.0.0.1/12116] INFO  grpc.GrpcConfigKeys (ConfUtils.java:logGet(44)) - raft.grpc.server.port = 12508 (custom)
2021-12-28 02:23:14,881 [Listener at 127.0.0.1/12116] INFO  grpc.GrpcConfigKeys (ConfUtils.java:logGet(44)) - raft.grpc.server.port = 12508 (custom)
2021-12-28 02:23:14,882 [Listener at 127.0.0.1/12116] INFO  server.GrpcService (ConfUtils.java:logGet(44)) - raft.grpc.message.size.max = 32m (=33554432) (custom)
2021-12-28 02:23:14,882 [Listener at 127.0.0.1/12116] INFO  server.RaftServerConfigKeys (ConfUtils.java:logGet(44)) - raft.server.log.appender.buffer.byte-limit = 33554432 (custom)
2021-12-28 02:23:14,882 [Listener at 127.0.0.1/12116] INFO  server.GrpcService (ConfUtils.java:logGet(44)) - raft.grpc.flow.control.window = 1MB (=1048576) (default)
2021-12-28 02:23:14,882 [Listener at 127.0.0.1/12116] INFO  server.RaftServerConfigKeys (ConfUtils.java:logGet(44)) - raft.server.rpc.request.timeout = 30000ms (custom)
2021-12-28 02:23:14,884 [Listener at 127.0.0.1/12116] INFO  impl.DataStreamServerImpl (ConfUtils.java:logGet(44)) - raft.datastream.type = DISABLED (default)
2021-12-28 02:23:14,885 [Listener at 127.0.0.1/12116] INFO  server.RaftServerConfigKeys (ConfUtils.java:logGet(44)) - raft.server.rpc.slowness.timeout = 120000ms (custom)
2021-12-28 02:23:14,885 [Listener at 127.0.0.1/12116] INFO  server.RaftServerConfigKeys (ConfUtils.java:logGet(44)) - raft.server.leaderelection.leader.step-down.wait-time = 10s (default)
2021-12-28 02:23:14,885 [Listener at 127.0.0.1/12116] INFO  server.RaftServerConfigKeys (ConfUtils.java:logGet(44)) - raft.server.storage.dir = [/home/runner/work/ozone/ozone/hadoop-ozone/integration-test/target/test-dir/MiniOzoneClusterImpl-b5c7e046-d456-4649-9d8a-956fe40c5cb7/scmNode-1/scm-ha] (custom)
2021-12-28 02:23:14,898 [Listener at 127.0.0.1/12116] INFO  server.RaftServer (RaftServerProxy.java:addNew(95)) - 85b08ac6-0f6d-42de-94fb-508f7dc90a3f: addNew group-956FE40C5CB7:[85b08ac6-0f6d-42de-94fb-508f7dc90a3f|rpc:localhost:12508|priority:0] returns group-956FE40C5CB7:java.util.concurrent.CompletableFuture@71e869c2[Not completed]
2021-12-28 02:23:14,902 [pool-196-thread-1] INFO  server.RaftServer$Division (RaftServerImpl.java:<init>(184)) - 85b08ac6-0f6d-42de-94fb-508f7dc90a3f: new RaftServerImpl for group-956FE40C5CB7:[85b08ac6-0f6d-42de-94fb-508f7dc90a3f|rpc:localhost:12508|priority:0] with SCMStateMachine:uninitialized
2021-12-28 02:23:14,903 [pool-196-thread-1] INFO  server.RaftServerConfigKeys (ConfUtils.java:logGet(44)) - raft.server.rpc.timeout.min = 5000ms (custom)
2021-12-28 02:23:14,903 [pool-196-thread-1] INFO  server.RaftServerConfigKeys (ConfUtils.java:logGet(44)) - raft.server.rpc.timeout.max = 5200ms (custom)
2021-12-28 02:23:14,903 [pool-196-thread-1] INFO  server.RaftServerConfigKeys (ConfUtils.java:logGet(44)) - raft.server.rpc.sleep.time = 25ms (default)
2021-12-28 02:23:14,903 [pool-196-thread-1] INFO  server.RaftServerConfigKeys (ConfUtils.java:logGet(44)) - raft.server.rpc.slowness.timeout = 120000ms (custom)
2021-12-28 02:23:14,903 [pool-196-thread-1] INFO  server.RaftServerConfigKeys (ConfUtils.java:logGet(44)) - raft.server.leaderelection.leader.step-down.wait-time = 10s (default)
2021-12-28 02:23:14,903 [pool-196-thread-1] INFO  server.RaftServerConfigKeys (ConfUtils.java:logGet(44)) - raft.server.sleep.deviation.threshold = 300ms (default)
2021-12-28 02:23:14,903 [pool-196-thread-1] INFO  server.RaftServerConfigKeys (ConfUtils.java:logGet(44)) - raft.server.log.appender.install.snapshot.enabled = false (custom)
2021-12-28 02:23:14,903 [pool-196-thread-1] INFO  server.RaftServer$Division (ServerState.java:<init>(105)) - 85b08ac6-0f6d-42de-94fb-508f7dc90a3f@group-956FE40C5CB7: ConfigurationManager, init=-1: [85b08ac6-0f6d-42de-94fb-508f7dc90a3f|rpc:localhost:12508|priority:0], old=null, confs=<EMPTY_MAP>
2021-12-28 02:23:14,903 [pool-196-thread-1] INFO  server.RaftServerConfigKeys (ConfUtils.java:logGet(44)) - raft.server.storage.dir = [/home/runner/work/ozone/ozone/hadoop-ozone/integration-test/target/test-dir/MiniOzoneClusterImpl-b5c7e046-d456-4649-9d8a-956fe40c5cb7/scmNode-1/scm-ha] (custom)
2021-12-28 02:23:14,903 [pool-196-thread-1] INFO  server.RaftServerConfigKeys (ConfUtils.java:logGet(44)) - raft.server.log.corruption.policy = EXCEPTION (default)
2021-12-28 02:23:14,903 [pool-196-thread-1] INFO  server.RaftServerConfigKeys (ConfUtils.java:logGet(44)) - raft.server.storage.free-space.min = 0MB (=0) (default)
2021-12-28 02:23:14,904 [pool-196-thread-1] INFO  storage.RaftStorageDirectory (RaftStorageDirectoryImpl.java:analyzeStorage(135)) - The storage directory /home/runner/work/ozone/ozone/hadoop-ozone/integration-test/target/test-dir/MiniOzoneClusterImpl-b5c7e046-d456-4649-9d8a-956fe40c5cb7/scmNode-1/scm-ha/b5c7e046-d456-4649-9d8a-956fe40c5cb7 does not exist. Creating ...
2021-12-28 02:23:14,905 [pool-196-thread-1] INFO  storage.RaftStorageDirectory (RaftStorageDirectoryImpl.java:tryLock(230)) - Lock on /home/runner/work/ozone/ozone/hadoop-ozone/integration-test/target/test-dir/MiniOzoneClusterImpl-b5c7e046-d456-4649-9d8a-956fe40c5cb7/scmNode-1/scm-ha/b5c7e046-d456-4649-9d8a-956fe40c5cb7/in_use.lock acquired by nodename 8510@fv-az184-560
2021-12-28 02:23:14,906 [pool-196-thread-1] INFO  storage.RaftStorage (RaftStorageImpl.java:format(89)) - Storage directory /home/runner/work/ozone/ozone/hadoop-ozone/integration-test/target/test-dir/MiniOzoneClusterImpl-b5c7e046-d456-4649-9d8a-956fe40c5cb7/scmNode-1/scm-ha/b5c7e046-d456-4649-9d8a-956fe40c5cb7 has been successfully formatted.
2021-12-28 02:23:14,917 [EndpointStateMachine task thread for /127.0.0.1:13517 - 0 ] INFO  ipc.Client (Client.java:handleConnectionFailure(977)) - Retrying connect to server: localhost/127.0.0.1:13517. Already tried 5 time(s); retry policy is RetryUpToMaximumCountWithFixedSleep(maxRetries=15, sleepTime=1000 MILLISECONDS)
2021-12-28 02:23:14,920 [pool-196-thread-1] INFO  server.RaftServerConfigKeys (ConfUtils.java:logGet(44)) - raft.server.notification.no-leader.timeout = 60s (default)
2021-12-28 02:23:14,920 [pool-196-thread-1] INFO  server.RaftServerConfigKeys (ConfUtils.java:logGet(44)) - raft.server.log.use.memory = false (default)
2021-12-28 02:23:14,921 [pool-196-thread-1] INFO  server.RaftServerConfigKeys (ConfUtils.java:logGet(44)) - raft.server.log.purge.gap = 5 (custom)
2021-12-28 02:23:14,921 [pool-196-thread-1] INFO  server.RaftServerConfigKeys (ConfUtils.java:logGet(44)) - raft.server.log.appender.buffer.byte-limit = 33554432 (custom)
2021-12-28 02:23:14,921 [pool-196-thread-1] INFO  server.RaftServerConfigKeys (ConfUtils.java:logGet(44)) - raft.server.log.segment.size.max = 4194304 (custom)
2021-12-28 02:23:14,921 [pool-196-thread-1] INFO  server.RaftServerConfigKeys (ConfUtils.java:logGet(44)) - raft.server.log.segment.cache.num.max = 2 (custom)
2021-12-28 02:23:14,921 [pool-196-thread-1] INFO  server.RaftServerConfigKeys (ConfUtils.java:logGet(44)) - raft.server.log.segment.cache.size.max = 200MB (=209715200) (default)
2021-12-28 02:23:14,921 [pool-196-thread-1] INFO  segmented.SegmentedRaftLogWorker (SegmentedRaftLogWorker.java:<init>(182)) - new 85b08ac6-0f6d-42de-94fb-508f7dc90a3f@group-956FE40C5CB7-SegmentedRaftLogWorker for RaftStorageImpl:Storage Directory /home/runner/work/ozone/ozone/hadoop-ozone/integration-test/target/test-dir/MiniOzoneClusterImpl-b5c7e046-d456-4649-9d8a-956fe40c5cb7/scmNode-1/scm-ha/b5c7e046-d456-4649-9d8a-956fe40c5cb7
2021-12-28 02:23:14,921 [pool-196-thread-1] INFO  server.RaftServerConfigKeys (ConfUtils.java:logGet(44)) - raft.server.log.queue.byte-limit = 64MB (=67108864) (default)
2021-12-28 02:23:14,921 [pool-196-thread-1] INFO  server.RaftServerConfigKeys (ConfUtils.java:logGet(44)) - raft.server.log.queue.element-limit = 4096 (default)
2021-12-28 02:23:14,921 [pool-196-thread-1] INFO  server.RaftServerConfigKeys (ConfUtils.java:logGet(44)) - raft.server.log.segment.size.max = 4194304 (custom)
2021-12-28 02:23:14,921 [pool-196-thread-1] INFO  server.RaftServerConfigKeys (ConfUtils.java:logGet(44)) - raft.server.log.preallocated.size = 4194304 (custom)
2021-12-28 02:23:14,921 [pool-196-thread-1] INFO  server.RaftServerConfigKeys (ConfUtils.java:logGet(44)) - raft.server.log.force.sync.num = 128 (default)
2021-12-28 02:23:14,922 [pool-196-thread-1] INFO  server.RaftServerConfigKeys (ConfUtils.java:logGet(44)) - raft.server.log.statemachine.data.sync = true (default)
2021-12-28 02:23:14,922 [pool-196-thread-1] INFO  server.RaftServerConfigKeys (ConfUtils.java:logGet(44)) - raft.server.log.statemachine.data.sync.timeout = 10s (default)
2021-12-28 02:23:14,922 [pool-196-thread-1] INFO  server.RaftServerConfigKeys (ConfUtils.java:logGet(44)) - raft.server.log.statemachine.data.sync.timeout.retry = -1 (default)
2021-12-28 02:23:14,922 [pool-196-thread-1] INFO  server.RaftServerConfigKeys (ConfUtils.java:logGet(44)) - raft.server.log.write.buffer.size = 64KB (=65536) (default)
2021-12-28 02:23:14,922 [pool-196-thread-1] INFO  server.RaftServerConfigKeys (ConfUtils.java:logGet(44)) - raft.server.log.statemachine.data.caching.enabled = false (default)
2021-12-28 02:23:14,922 [pool-196-thread-1] INFO  segmented.SegmentedRaftLogWorker (SegmentedRaftLogWorker.java:lambda$new$0(133)) - 85b08ac6-0f6d-42de-94fb-508f7dc90a3f@group-956FE40C5CB7-SegmentedRaftLogWorker: flushIndex: setUnconditionally 0 -> -1
2021-12-28 02:23:14,923 [pool-196-thread-1] INFO  segmented.SegmentedRaftLogWorker (SegmentedRaftLogWorker.java:lambda$new$0(133)) - 85b08ac6-0f6d-42de-94fb-508f7dc90a3f@group-956FE40C5CB7-SegmentedRaftLogWorker: safeCacheEvictIndex: setUnconditionally 0 -> -1
2021-12-28 02:23:14,926 [pool-196-thread-1] INFO  server.RaftServerConfigKeys (ConfUtils.java:logGet(44)) - raft.server.snapshot.auto.trigger.enabled = true (custom)
2021-12-28 02:23:14,926 [pool-196-thread-1] INFO  server.RaftServerConfigKeys (ConfUtils.java:logGet(44)) - raft.server.snapshot.auto.trigger.threshold = 5 (custom)
2021-12-28 02:23:14,926 [pool-196-thread-1] INFO  server.RaftServerConfigKeys (ConfUtils.java:logGet(44)) - raft.server.snapshot.retention.file.num = -1 (default)
2021-12-28 02:23:14,926 [pool-196-thread-1] INFO  server.RaftServerConfigKeys (ConfUtils.java:logGet(44)) - raft.server.log.purge.upto.snapshot.index = true (custom)
2021-12-28 02:23:14,926 [pool-196-thread-1] INFO  server.RaftServerConfigKeys (ConfUtils.java:logGet(44)) - raft.server.retrycache.expirytime = 60000ms (default)
2021-12-28 02:23:14,926 [pool-196-thread-1] INFO  server.RaftServerConfigKeys (ConfUtils.java:logGet(44)) - raft.server.retrycache.statistics.expirytime = 100μs (default)
2021-12-28 02:23:14,927 [Listener at 127.0.0.1/12116] INFO  server.RaftServer$Division (RaftServerImpl.java:start(301)) - 85b08ac6-0f6d-42de-94fb-508f7dc90a3f@group-956FE40C5CB7: start as a follower, conf=-1: [85b08ac6-0f6d-42de-94fb-508f7dc90a3f|rpc:localhost:12508|priority:0], old=null
2021-12-28 02:23:14,928 [Listener at 127.0.0.1/12116] INFO  server.RaftServer$Division (RaftServerImpl.java:setRole(290)) - 85b08ac6-0f6d-42de-94fb-508f7dc90a3f@group-956FE40C5CB7: changes role from      null to FOLLOWER at term 0 for startAsFollower
2021-12-28 02:23:14,928 [Listener at 127.0.0.1/12116] INFO  impl.RoleInfo (RoleInfo.java:updateAndGet(130)) - 85b08ac6-0f6d-42de-94fb-508f7dc90a3f: start 85b08ac6-0f6d-42de-94fb-508f7dc90a3f@group-956FE40C5CB7-FollowerState
2021-12-28 02:23:14,930 [Listener at 127.0.0.1/12116] INFO  util.JmxRegister (JmxRegister.java:tryRegister(44)) - Successfully registered JMX Bean with object name Ratis:service=RaftServer,group=group-956FE40C5CB7,id=85b08ac6-0f6d-42de-94fb-508f7dc90a3f
2021-12-28 02:23:14,931 [EndpointStateMachine task thread for /127.0.0.1:13527 - 0 ] INFO  ipc.Client (Client.java:handleConnectionFailure(977)) - Retrying connect to server: localhost/127.0.0.1:13527. Already tried 5 time(s); retry policy is RetryUpToMaximumCountWithFixedSleep(maxRetries=15, sleepTime=1000 MILLISECONDS)
2021-12-28 02:23:14,932 [Listener at 127.0.0.1/12116] INFO  server.RaftServer (RaftServerProxy.java:lambda$start$5(374)) - 85b08ac6-0f6d-42de-94fb-508f7dc90a3f: start RPC server
2021-12-28 02:23:14,933 [Listener at 127.0.0.1/12116] INFO  server.GrpcService (GrpcService.java:startImpl(253)) - 85b08ac6-0f6d-42de-94fb-508f7dc90a3f: GrpcService started, listening on 12508
2021-12-28 02:23:14,934 [org.apache.ratis.util.JvmPauseMonitor$$Lambda$499/2075133112@4975af1] INFO  util.JvmPauseMonitor (JvmPauseMonitor.java:run(103)) - JvmPauseMonitor-85b08ac6-0f6d-42de-94fb-508f7dc90a3f: Started
2021-12-28 02:23:14,934 [EndpointStateMachine task thread for /127.0.0.1:13537 - 0 ] INFO  ipc.Client (Client.java:handleConnectionFailure(977)) - Retrying connect to server: localhost/127.0.0.1:13537. Already tried 5 time(s); retry policy is RetryUpToMaximumCountWithFixedSleep(maxRetries=15, sleepTime=1000 MILLISECONDS)
2021-12-28 02:23:15,918 [EndpointStateMachine task thread for /127.0.0.1:13517 - 0 ] INFO  ipc.Client (Client.java:handleConnectionFailure(977)) - Retrying connect to server: localhost/127.0.0.1:13517. Already tried 6 time(s); retry policy is RetryUpToMaximumCountWithFixedSleep(maxRetries=15, sleepTime=1000 MILLISECONDS)
2021-12-28 02:23:15,931 [EndpointStateMachine task thread for /127.0.0.1:13527 - 0 ] INFO  ipc.Client (Client.java:handleConnectionFailure(977)) - Retrying connect to server: localhost/127.0.0.1:13527. Already tried 6 time(s); retry policy is RetryUpToMaximumCountWithFixedSleep(maxRetries=15, sleepTime=1000 MILLISECONDS)
2021-12-28 02:23:15,934 [EndpointStateMachine task thread for /127.0.0.1:13537 - 0 ] INFO  ipc.Client (Client.java:handleConnectionFailure(977)) - Retrying connect to server: localhost/127.0.0.1:13537. Already tried 6 time(s); retry policy is RetryUpToMaximumCountWithFixedSleep(maxRetries=15, sleepTime=1000 MILLISECONDS)
2021-12-28 02:23:16,919 [EndpointStateMachine task thread for /127.0.0.1:13517 - 0 ] INFO  ipc.Client (Client.java:handleConnectionFailure(977)) - Retrying connect to server: localhost/127.0.0.1:13517. Already tried 7 time(s); retry policy is RetryUpToMaximumCountWithFixedSleep(maxRetries=15, sleepTime=1000 MILLISECONDS)
2021-12-28 02:23:16,932 [EndpointStateMachine task thread for /127.0.0.1:13527 - 0 ] INFO  ipc.Client (Client.java:handleConnectionFailure(977)) - Retrying connect to server: localhost/127.0.0.1:13527. Already tried 7 time(s); retry policy is RetryUpToMaximumCountWithFixedSleep(maxRetries=15, sleepTime=1000 MILLISECONDS)
2021-12-28 02:23:16,935 [EndpointStateMachine task thread for /127.0.0.1:13537 - 0 ] INFO  ipc.Client (Client.java:handleConnectionFailure(977)) - Retrying connect to server: localhost/127.0.0.1:13537. Already tried 7 time(s); retry policy is RetryUpToMaximumCountWithFixedSleep(maxRetries=15, sleepTime=1000 MILLISECONDS)
2021-12-28 02:23:17,919 [EndpointStateMachine task thread for /127.0.0.1:13517 - 0 ] INFO  ipc.Client (Client.java:handleConnectionFailure(977)) - Retrying connect to server: localhost/127.0.0.1:13517. Already tried 8 time(s); retry policy is RetryUpToMaximumCountWithFixedSleep(maxRetries=15, sleepTime=1000 MILLISECONDS)
2021-12-28 02:23:17,932 [EndpointStateMachine task thread for /127.0.0.1:13527 - 0 ] INFO  ipc.Client (Client.java:handleConnectionFailure(977)) - Retrying connect to server: localhost/127.0.0.1:13527. Already tried 8 time(s); retry policy is RetryUpToMaximumCountWithFixedSleep(maxRetries=15, sleepTime=1000 MILLISECONDS)
2021-12-28 02:23:17,935 [EndpointStateMachine task thread for /127.0.0.1:13537 - 0 ] INFO  ipc.Client (Client.java:handleConnectionFailure(977)) - Retrying connect to server: localhost/127.0.0.1:13537. Already tried 8 time(s); retry policy is RetryUpToMaximumCountWithFixedSleep(maxRetries=15, sleepTime=1000 MILLISECONDS)
2021-12-28 02:23:18,920 [EndpointStateMachine task thread for /127.0.0.1:13517 - 0 ] INFO  ipc.Client (Client.java:handleConnectionFailure(977)) - Retrying connect to server: localhost/127.0.0.1:13517. Already tried 9 time(s); retry policy is RetryUpToMaximumCountWithFixedSleep(maxRetries=15, sleepTime=1000 MILLISECONDS)
2021-12-28 02:23:18,933 [EndpointStateMachine task thread for /127.0.0.1:13527 - 0 ] INFO  ipc.Client (Client.java:handleConnectionFailure(977)) - Retrying connect to server: localhost/127.0.0.1:13527. Already tried 9 time(s); retry policy is RetryUpToMaximumCountWithFixedSleep(maxRetries=15, sleepTime=1000 MILLISECONDS)
2021-12-28 02:23:18,936 [EndpointStateMachine task thread for /127.0.0.1:13537 - 0 ] INFO  ipc.Client (Client.java:handleConnectionFailure(977)) - Retrying connect to server: localhost/127.0.0.1:13537. Already tried 9 time(s); retry policy is RetryUpToMaximumCountWithFixedSleep(maxRetries=15, sleepTime=1000 MILLISECONDS)
2021-12-28 02:23:19,920 [EndpointStateMachine task thread for /127.0.0.1:13517 - 0 ] INFO  ipc.Client (Client.java:handleConnectionFailure(977)) - Retrying connect to server: localhost/127.0.0.1:13517. Already tried 10 time(s); retry policy is RetryUpToMaximumCountWithFixedSleep(maxRetries=15, sleepTime=1000 MILLISECONDS)
2021-12-28 02:23:19,933 [EndpointStateMachine task thread for /127.0.0.1:13527 - 0 ] INFO  ipc.Client (Client.java:handleConnectionFailure(977)) - Retrying connect to server: localhost/127.0.0.1:13527. Already tried 10 time(s); retry policy is RetryUpToMaximumCountWithFixedSleep(maxRetries=15, sleepTime=1000 MILLISECONDS)
2021-12-28 02:23:19,937 [EndpointStateMachine task thread for /127.0.0.1:13537 - 0 ] INFO  ipc.Client (Client.java:handleConnectionFailure(977)) - Retrying connect to server: localhost/127.0.0.1:13537. Already tried 10 time(s); retry policy is RetryUpToMaximumCountWithFixedSleep(maxRetries=15, sleepTime=1000 MILLISECONDS)
2021-12-28 02:23:19,991 [85b08ac6-0f6d-42de-94fb-508f7dc90a3f@group-956FE40C5CB7-FollowerState] INFO  impl.FollowerState (FollowerState.java:run(134)) - 85b08ac6-0f6d-42de-94fb-508f7dc90a3f@group-956FE40C5CB7-FollowerState: change to CANDIDATE, lastRpcElapsedTime:5063658982ns, electionTimeout:5055ms
2021-12-28 02:23:19,992 [85b08ac6-0f6d-42de-94fb-508f7dc90a3f@group-956FE40C5CB7-FollowerState] INFO  impl.RoleInfo (RoleInfo.java:shutdownFollowerState(108)) - 85b08ac6-0f6d-42de-94fb-508f7dc90a3f: shutdown 85b08ac6-0f6d-42de-94fb-508f7dc90a3f@group-956FE40C5CB7-FollowerState
2021-12-28 02:23:19,992 [85b08ac6-0f6d-42de-94fb-508f7dc90a3f@group-956FE40C5CB7-FollowerState] INFO  server.RaftServer$Division (RaftServerImpl.java:setRole(290)) - 85b08ac6-0f6d-42de-94fb-508f7dc90a3f@group-956FE40C5CB7: changes role from  FOLLOWER to CANDIDATE at term 0 for changeToCandidate
2021-12-28 02:23:19,992 [85b08ac6-0f6d-42de-94fb-508f7dc90a3f@group-956FE40C5CB7-FollowerState] INFO  server.RaftServerConfigKeys (ConfUtils.java:logGet(44)) - raft.server.leaderelection.pre-vote = false (custom)
2021-12-28 02:23:19,992 [85b08ac6-0f6d-42de-94fb-508f7dc90a3f@group-956FE40C5CB7-FollowerState] INFO  impl.RoleInfo (RoleInfo.java:updateAndGet(130)) - 85b08ac6-0f6d-42de-94fb-508f7dc90a3f: start 85b08ac6-0f6d-42de-94fb-508f7dc90a3f@group-956FE40C5CB7-LeaderElection17
2021-12-28 02:23:20,004 [85b08ac6-0f6d-42de-94fb-508f7dc90a3f@group-956FE40C5CB7-LeaderElection17] INFO  impl.LeaderElection (LeaderElection.java:askForVotes(306)) - 85b08ac6-0f6d-42de-94fb-508f7dc90a3f@group-956FE40C5CB7-LeaderElection17 ELECTION round 0: submit vote requests at term 1 for -1: [85b08ac6-0f6d-42de-94fb-508f7dc90a3f|rpc:localhost:12508|priority:0], old=null
2021-12-28 02:23:20,004 [85b08ac6-0f6d-42de-94fb-508f7dc90a3f@group-956FE40C5CB7-LeaderElection17] INFO  impl.LeaderElection (LeaderElection.java:askForVotes(308)) - 85b08ac6-0f6d-42de-94fb-508f7dc90a3f@group-956FE40C5CB7-LeaderElection17 ELECTION round 0: result PASSED (term=1)
2021-12-28 02:23:20,004 [85b08ac6-0f6d-42de-94fb-508f7dc90a3f@group-956FE40C5CB7-LeaderElection17] INFO  impl.RoleInfo (RoleInfo.java:shutdownLeaderElection(121)) - 85b08ac6-0f6d-42de-94fb-508f7dc90a3f: shutdown 85b08ac6-0f6d-42de-94fb-508f7dc90a3f@group-956FE40C5CB7-LeaderElection17
2021-12-28 02:23:20,004 [85b08ac6-0f6d-42de-94fb-508f7dc90a3f@group-956FE40C5CB7-LeaderElection17] INFO  server.RaftServer$Division (RaftServerImpl.java:setRole(290)) - 85b08ac6-0f6d-42de-94fb-508f7dc90a3f@group-956FE40C5CB7: changes role from CANDIDATE to LEADER at term 1 for changeToLeader
2021-12-28 02:23:20,004 [85b08ac6-0f6d-42de-94fb-508f7dc90a3f@group-956FE40C5CB7-LeaderElection17] INFO  server.RaftServer$Division (ServerState.java:setLeader(285)) - 85b08ac6-0f6d-42de-94fb-508f7dc90a3f@group-956FE40C5CB7: change Leader from null to 85b08ac6-0f6d-42de-94fb-508f7dc90a3f at term 1 for becomeLeader, leader elected after 5083ms
2021-12-28 02:23:20,004 [85b08ac6-0f6d-42de-94fb-508f7dc90a3f@group-956FE40C5CB7-LeaderElection17] INFO  server.RaftServerConfigKeys (ConfUtils.java:logGet(44)) - raft.server.staging.catchup.gap = 1000 (default)
2021-12-28 02:23:20,004 [85b08ac6-0f6d-42de-94fb-508f7dc90a3f@group-956FE40C5CB7-LeaderElection17] INFO  server.RaftServerConfigKeys (ConfUtils.java:logGet(44)) - raft.server.write.element-limit = 4096 (default)
2021-12-28 02:23:20,004 [85b08ac6-0f6d-42de-94fb-508f7dc90a3f@group-956FE40C5CB7-LeaderElection17] INFO  server.RaftServerConfigKeys (ConfUtils.java:logGet(44)) - raft.server.write.byte-limit = 64MB (=67108864) (default)
2021-12-28 02:23:20,005 [85b08ac6-0f6d-42de-94fb-508f7dc90a3f@group-956FE40C5CB7-LeaderElection17] INFO  server.RaftServerConfigKeys (ConfUtils.java:logGet(44)) - raft.server.watch.timeout = 10s (default)
2021-12-28 02:23:20,005 [85b08ac6-0f6d-42de-94fb-508f7dc90a3f@group-956FE40C5CB7-LeaderElection17] INFO  server.RaftServerConfigKeys (ConfUtils.java:logGet(44)) - raft.server.watch.timeout.denomination = 1s (default)
2021-12-28 02:23:20,005 [85b08ac6-0f6d-42de-94fb-508f7dc90a3f@group-956FE40C5CB7-LeaderElection17] INFO  server.RaftServerConfigKeys (ConfUtils.java:logGet(44)) - raft.server.watch.element-limit = 65536 (default)
2021-12-28 02:23:20,005 [85b08ac6-0f6d-42de-94fb-508f7dc90a3f@group-956FE40C5CB7-LeaderElection17] INFO  server.RaftServerConfigKeys (ConfUtils.java:logGet(44)) - raft.server.write.element-limit = 4096 (default)
2021-12-28 02:23:20,005 [85b08ac6-0f6d-42de-94fb-508f7dc90a3f@group-956FE40C5CB7-LeaderElection17] INFO  server.RaftServerConfigKeys (ConfUtils.java:logGet(44)) - raft.server.write.follower.gap.ratio.max = -1.0 (default)
2021-12-28 02:23:20,005 [85b08ac6-0f6d-42de-94fb-508f7dc90a3f@group-956FE40C5CB7-LeaderElection17] INFO  impl.RoleInfo (RoleInfo.java:updateAndGet(130)) - 85b08ac6-0f6d-42de-94fb-508f7dc90a3f: start 85b08ac6-0f6d-42de-94fb-508f7dc90a3f@group-956FE40C5CB7-LeaderStateImpl
2021-12-28 02:23:20,006 [85b08ac6-0f6d-42de-94fb-508f7dc90a3f@group-956FE40C5CB7-LeaderElection17] INFO  segmented.SegmentedRaftLogWorker (SegmentedRaftLogWorker.java:startLogSegment(394)) - 85b08ac6-0f6d-42de-94fb-508f7dc90a3f@group-956FE40C5CB7-SegmentedRaftLogWorker: Starting segment from index:0
2021-12-28 02:23:20,012 [85b08ac6-0f6d-42de-94fb-508f7dc90a3f@group-956FE40C5CB7-LeaderElection17] INFO  server.RaftServer$Division (ServerState.java:setRaftConf(387)) - 85b08ac6-0f6d-42de-94fb-508f7dc90a3f@group-956FE40C5CB7: set configuration 0: [85b08ac6-0f6d-42de-94fb-508f7dc90a3f|rpc:localhost:12508|admin:|client:|dataStream:|priority:0], old=null
2021-12-28 02:23:20,018 [85b08ac6-0f6d-42de-94fb-508f7dc90a3f@group-956FE40C5CB7-SegmentedRaftLogWorker] INFO  segmented.SegmentedRaftLogWorker (SegmentedRaftLogWorker.java:execute(601)) - 85b08ac6-0f6d-42de-94fb-508f7dc90a3f@group-956FE40C5CB7-SegmentedRaftLogWorker: created new log segment /home/runner/work/ozone/ozone/hadoop-ozone/integration-test/target/test-dir/MiniOzoneClusterImpl-b5c7e046-d456-4649-9d8a-956fe40c5cb7/scmNode-1/scm-ha/b5c7e046-d456-4649-9d8a-956fe40c5cb7/current/log_inprogress_0
2021-12-28 02:23:20,921 [EndpointStateMachine task thread for /127.0.0.1:13517 - 0 ] INFO  ipc.Client (Client.java:handleConnectionFailure(977)) - Retrying connect to server: localhost/127.0.0.1:13517. Already tried 11 time(s); retry policy is RetryUpToMaximumCountWithFixedSleep(maxRetries=15, sleepTime=1000 MILLISECONDS)
2021-12-28 02:23:20,934 [Listener at 127.0.0.1/12116] INFO  server.RaftServer (RaftServerProxy.java:lambda$close$6(391)) - 85b08ac6-0f6d-42de-94fb-508f7dc90a3f: close
2021-12-28 02:23:20,934 [Listener at 127.0.0.1/12116] INFO  server.RaftServer$Division (RaftServerImpl.java:lambda$close$4(412)) - 85b08ac6-0f6d-42de-94fb-508f7dc90a3f@group-956FE40C5CB7: shutdown
2021-12-28 02:23:20,935 [Listener at 127.0.0.1/12116] INFO  util.JmxRegister (JmxRegister.java:unregister(73)) - Successfully un-registered JMX Bean with object name Ratis:service=RaftServer,group=group-956FE40C5CB7,id=85b08ac6-0f6d-42de-94fb-508f7dc90a3f
2021-12-28 02:23:20,935 [Listener at 127.0.0.1/12116] INFO  impl.RoleInfo (RoleInfo.java:shutdownLeaderState(91)) - 85b08ac6-0f6d-42de-94fb-508f7dc90a3f: shutdown 85b08ac6-0f6d-42de-94fb-508f7dc90a3f@group-956FE40C5CB7-LeaderStateImpl
2021-12-28 02:23:20,935 [Listener at 127.0.0.1/12116] INFO  impl.PendingRequests (PendingRequests.java:sendNotLeaderResponses(282)) - 85b08ac6-0f6d-42de-94fb-508f7dc90a3f@group-956FE40C5CB7-PendingRequests: sendNotLeaderResponses
2021-12-28 02:23:20,935 [Listener at 127.0.0.1/12116] INFO  impl.StateMachineUpdater (StateMachineUpdater.java:stopAndJoin(149)) - 85b08ac6-0f6d-42de-94fb-508f7dc90a3f@group-956FE40C5CB7-StateMachineUpdater: set stopIndex = 0
2021-12-28 02:23:20,936 [85b08ac6-0f6d-42de-94fb-508f7dc90a3f@group-956FE40C5CB7-StateMachineUpdater] INFO  impl.StateMachineUpdater (StateMachineUpdater.java:takeSnapshot(281)) - 85b08ac6-0f6d-42de-94fb-508f7dc90a3f@group-956FE40C5CB7-StateMachineUpdater: Took a snapshot at index 0
2021-12-28 02:23:20,936 [85b08ac6-0f6d-42de-94fb-508f7dc90a3f@group-956FE40C5CB7-StateMachineUpdater] INFO  impl.StateMachineUpdater (StateMachineUpdater.java:lambda$new$0(89)) - 85b08ac6-0f6d-42de-94fb-508f7dc90a3f@group-956FE40C5CB7-StateMachineUpdater: snapshotIndex: updateIncreasingly -1 -> 0
2021-12-28 02:23:20,937 [Listener at 127.0.0.1/12116] INFO  server.RaftServer$Division (ServerState.java:close(419)) - 85b08ac6-0f6d-42de-94fb-508f7dc90a3f@group-956FE40C5CB7: closes. applyIndex: 0
2021-12-28 02:23:20,937 [EndpointStateMachine task thread for /127.0.0.1:13527 - 0 ] INFO  ipc.Client (Client.java:handleConnectionFailure(977)) - Retrying connect to server: localhost/127.0.0.1:13527. Already tried 11 time(s); retry policy is RetryUpToMaximumCountWithFixedSleep(maxRetries=15, sleepTime=1000 MILLISECONDS)
2021-12-28 02:23:20,937 [EndpointStateMachine task thread for /127.0.0.1:13537 - 0 ] INFO  ipc.Client (Client.java:handleConnectionFailure(977)) - Retrying connect to server: localhost/127.0.0.1:13537. Already tried 11 time(s); retry policy is RetryUpToMaximumCountWithFixedSleep(maxRetries=15, sleepTime=1000 MILLISECONDS)
2021-12-28 02:23:20,937 [85b08ac6-0f6d-42de-94fb-508f7dc90a3f@group-956FE40C5CB7-SegmentedRaftLogWorker] INFO  segmented.SegmentedRaftLogWorker (SegmentedRaftLogWorker.java:run(327)) - 85b08ac6-0f6d-42de-94fb-508f7dc90a3f@group-956FE40C5CB7-SegmentedRaftLogWorker was interrupted, exiting. There are 0 tasks remaining in the queue.
2021-12-28 02:23:20,940 [Listener at 127.0.0.1/12116] INFO  segmented.SegmentedRaftLogWorker (SegmentedRaftLogWorker.java:close(237)) - 85b08ac6-0f6d-42de-94fb-508f7dc90a3f@group-956FE40C5CB7-SegmentedRaftLogWorker close()
2021-12-28 02:23:20,946 [Listener at 127.0.0.1/12116] INFO  server.GrpcService (GrpcService.java:closeImpl(262)) - 85b08ac6-0f6d-42de-94fb-508f7dc90a3f: shutdown server with port 12508 now
2021-12-28 02:23:20,957 [Listener at 127.0.0.1/12116] INFO  server.GrpcService (GrpcService.java:closeImpl(271)) - 85b08ac6-0f6d-42de-94fb-508f7dc90a3f: shutdown server with port 12508 successfully
2021-12-28 02:23:20,957 [org.apache.ratis.util.JvmPauseMonitor$$Lambda$499/2075133112@4975af1] INFO  util.JvmPauseMonitor (JvmPauseMonitor.java:run(109)) - JvmPauseMonitor-85b08ac6-0f6d-42de-94fb-508f7dc90a3f: Stopped
2021-12-28 02:23:20,957 [Listener at 127.0.0.1/12116] WARN  server.ServerUtils (ServerUtils.java:getScmDbDir(148)) - ozone.scm.db.dirs is not configured. We recommend adding this setting. Falling back to ozone.metadata.dirs instead.
2021-12-28 02:23:20,963 [Listener at 127.0.0.1/12116] INFO  server.StorageContainerManager (StorageContainerManager.java:scmInit(1083)) - SCM initialization succeeded. Current cluster id for sd=/home/runner/work/ozone/ozone/hadoop-ozone/integration-test/target/test-dir/MiniOzoneClusterImpl-b5c7e046-d456-4649-9d8a-956fe40c5cb7/scmNode-1/scm; cid=b5c7e046-d456-4649-9d8a-956fe40c5cb7; layoutVersion=2; scmId=85b08ac6-0f6d-42de-94fb-508f7dc90a3f
2021-12-28 02:23:20,963 [Listener at 127.0.0.1/12116] INFO  ha.SCMHANodeDetails (SCMHANodeDetails.java:loadSCMHAConfig(157)) - ServiceID for StorageContainerManager is scm-service-test1
2021-12-28 02:23:20,963 [Listener at 127.0.0.1/12116] INFO  ha.SCMHANodeDetails (SCMHANodeDetails.java:loadSCMHAConfig(168)) - ServiceID for StorageContainerManager is scm-service-test1
2021-12-28 02:23:20,963 [Listener at 127.0.0.1/12116] WARN  scm.ScmUtils (ScmUtils.java:logWarn(179)) - ConfigKey ozone.scm.block.client.address is deprecated, For configuring different ports for each SCM use PortConfigKey ozone.scm.block.client.port appended with serviceId and nodeId. If want to configure same port configure ozone.scm.block.client.port
2021-12-28 02:23:20,964 [Listener at 127.0.0.1/12116] WARN  scm.ScmUtils (ScmUtils.java:logWarn(179)) - ConfigKey ozone.scm.client.address is deprecated, For configuring different ports for each SCM use PortConfigKey ozone.scm.client.port appended with serviceId and nodeId. If want to configure same port configure ozone.scm.client.port
2021-12-28 02:23:20,964 [Listener at 127.0.0.1/12116] WARN  scm.ScmUtils (ScmUtils.java:logWarn(179)) - ConfigKey ozone.scm.datanode.address is deprecated, For configuring different ports for each SCM use PortConfigKey ozone.scm.datanode.port appended with serviceId and nodeId. If want to configure same port configure ozone.scm.datanode.port
2021-12-28 02:23:20,964 [Listener at 127.0.0.1/12116] WARN  scm.ScmUtils (ScmUtils.java:logWarn(179)) - ConfigKey ozone.scm.block.client.address is deprecated, For configuring different ports for each SCM use PortConfigKey ozone.scm.block.client.port appended with serviceId and nodeId. If want to configure same port configure ozone.scm.block.client.port
2021-12-28 02:23:20,964 [Listener at 127.0.0.1/12116] WARN  scm.ScmUtils (ScmUtils.java:logWarn(179)) - ConfigKey ozone.scm.client.address is deprecated, For configuring different ports for each SCM use PortConfigKey ozone.scm.client.port appended with serviceId and nodeId. If want to configure same port configure ozone.scm.client.port
2021-12-28 02:23:20,964 [Listener at 127.0.0.1/12116] WARN  scm.ScmUtils (ScmUtils.java:logWarn(179)) - ConfigKey ozone.scm.datanode.address is deprecated, For configuring different ports for each SCM use PortConfigKey ozone.scm.datanode.port appended with serviceId and nodeId. If want to configure same port configure ozone.scm.datanode.port
2021-12-28 02:23:20,964 [Listener at 127.0.0.1/12116] INFO  ha.SCMHANodeDetails (SCMHANodeDetails.java:loadSCMHAConfig(250)) - Found matching SCM address with SCMServiceId: scm-service-test1, SCMNodeId: scmNode-1, RPC Address: localhost:12508 and Ratis port: 12508
2021-12-28 02:23:20,964 [Listener at 127.0.0.1/12116] INFO  ha.SCMHANodeDetails (ConfUtils.java:setNodeSpecificConfigs(108)) - Setting configuration key ozone.scm.datanode.address with value of key ozone.scm.datanode.address.scm-service-test1.scmNode-1: 127.0.0.1:12509
2021-12-28 02:23:20,965 [Listener at 127.0.0.1/12116] INFO  ha.SCMHANodeDetails (ConfUtils.java:setNodeSpecificConfigs(108)) - Setting configuration key ozone.scm.block.client.address with value of key ozone.scm.block.client.address.scm-service-test1.scmNode-1: 127.0.0.1:12510
2021-12-28 02:23:20,965 [Listener at 127.0.0.1/12116] INFO  ha.SCMHANodeDetails (ConfUtils.java:setNodeSpecificConfigs(108)) - Setting configuration key ozone.scm.client.address with value of key ozone.scm.client.address.scm-service-test1.scmNode-1: 127.0.0.1:12511
2021-12-28 02:23:20,965 [Listener at 127.0.0.1/12116] INFO  ha.SCMHANodeDetails (ConfUtils.java:setNodeSpecificConfigs(108)) - Setting configuration key ozone.scm.ratis.port with value of key ozone.scm.ratis.port.scm-service-test1.scmNode-1: 12508
2021-12-28 02:23:20,965 [Listener at 127.0.0.1/12116] INFO  ha.SCMHANodeDetails (ConfUtils.java:setNodeSpecificConfigs(108)) - Setting configuration key ozone.scm.grpc.port with value of key ozone.scm.grpc.port.scm-service-test1.scmNode-1: 12512
2021-12-28 02:23:20,965 [Listener at 127.0.0.1/12116] INFO  ha.SCMHANodeDetails (ConfUtils.java:setNodeSpecificConfigs(108)) - Setting configuration key ozone.scm.http-address with value of key ozone.scm.http-address.scm-service-test1.scmNode-1: 127.0.0.1:12506
2021-12-28 02:23:20,965 [Listener at 127.0.0.1/12116] INFO  ha.SCMHANodeDetails (ConfUtils.java:setNodeSpecificConfigs(108)) - Setting configuration key ozone.scm.https-address with value of key ozone.scm.https-address.scm-service-test1.scmNode-1: 127.0.0.1:12507
2021-12-28 02:23:20,965 [Listener at 127.0.0.1/12116] INFO  ha.SCMHANodeDetails (ConfUtils.java:setNodeSpecificConfigs(108)) - Setting configuration key ozone.scm.address with value of key ozone.scm.address.scm-service-test1.scmNode-1: 127.0.0.1
2021-12-28 02:23:20,965 [Listener at 127.0.0.1/12116] WARN  scm.ScmUtils (ScmUtils.java:logWarn(179)) - ConfigKey ozone.scm.block.client.address is deprecated, For configuring different ports for each SCM use PortConfigKey ozone.scm.block.client.port appended with serviceId and nodeId. If want to configure same port configure ozone.scm.block.client.port
2021-12-28 02:23:20,965 [Listener at 127.0.0.1/12116] WARN  scm.ScmUtils (ScmUtils.java:logWarn(179)) - ConfigKey ozone.scm.client.address is deprecated, For configuring different ports for each SCM use PortConfigKey ozone.scm.client.port appended with serviceId and nodeId. If want to configure same port configure ozone.scm.client.port
2021-12-28 02:23:20,966 [Listener at 127.0.0.1/12116] WARN  scm.ScmUtils (ScmUtils.java:logWarn(179)) - ConfigKey ozone.scm.datanode.address is deprecated, For configuring different ports for each SCM use PortConfigKey ozone.scm.datanode.port appended with serviceId and nodeId. If want to configure same port configure ozone.scm.datanode.port
2021-12-28 02:23:20,967 [Listener at 127.0.0.1/12116] WARN  server.ServerUtils (ServerUtils.java:getScmDbDir(148)) - ozone.scm.db.dirs is not configured. We recommend adding this setting. Falling back to ozone.metadata.dirs instead.
2021-12-28 02:23:20,968 [Listener at 127.0.0.1/12116] INFO  upgrade.AbstractLayoutVersionManager (AbstractLayoutVersionManager.java:init(79)) - Initializing Layout version manager with metadata layout = SCM_HA (version = 2), software layout = SCM_HA (version = 2)
2021-12-28 02:23:21,102 [Listener at 127.0.0.1/12116] INFO  reflections.Reflections (Reflections.java:scan(232)) - Reflections took 130 ms to scan 7 urls, producing 119 keys and 279 values 
2021-12-28 02:23:21,108 [Listener at 127.0.0.1/12116] WARN  utils.HAUtils (HAUtils.java:getMetaDir(342)) - ozone.scm.db.dirs is not configured. We recommend adding this setting. Falling back to ozone.metadata.dirs instead.
2021-12-28 02:23:21,109 [Listener at 127.0.0.1/12116] WARN  db.DBStoreBuilder (DBStoreBuilder.java:applyDBDefinition(145)) - ozone.scm.db.dirs is not configured. We recommend adding this setting. Falling back to ozone.metadata.dirs instead.
2021-12-28 02:23:21,285 [Listener at 127.0.0.1/12116] INFO  net.NodeSchemaLoader (NodeSchemaLoader.java:loadSchemaFromFile(129)) - Loading schema from [jar:file:/home/runner/.m2/repository/org/apache/ozone/hdds-common/1.3.0-SNAPSHOT/hdds-common-1.3.0-SNAPSHOT.jar!/network-topology-default.xml]
2021-12-28 02:23:21,286 [Listener at 127.0.0.1/12116] INFO  net.NodeSchemaLoader (NodeSchemaLoader.java:loadSchema(176)) - Loading network topology layer schema file
2021-12-28 02:23:21,291 [Listener at 127.0.0.1/12116] INFO  ha.SCMRatisServerImpl (SCMRatisServerImpl.java:<init>(87)) - starting Raft server for scm:85b08ac6-0f6d-42de-94fb-508f7dc90a3f
2021-12-28 02:23:21,299 [Listener at 127.0.0.1/12116] INFO  server.RaftServer (ConfUtils.java:logGet(44)) - raft.rpc.type = GRPC (default)
2021-12-28 02:23:21,299 [Listener at 127.0.0.1/12116] INFO  grpc.GrpcFactory (GrpcFactory.java:checkPooledByteBufAllocatorUseCacheForAllThreads(48)) - PERFORMANCE WARNING: useCacheForAllThreads is true that may cause Netty to create a lot garbage objects and, as a result, trigger GC.
	It is recommended to disable useCacheForAllThreads by setting -Dorg.apache.ratis.thirdparty.io.netty.allocator.useCacheForAllThreads=false in command line.
2021-12-28 02:23:21,300 [Listener at 127.0.0.1/12116] INFO  grpc.GrpcConfigKeys (ConfUtils.java:logGet(44)) - raft.grpc.admin.port = -1 (default)
2021-12-28 02:23:21,300 [Listener at 127.0.0.1/12116] INFO  grpc.GrpcConfigKeys (ConfUtils.java:logGet(44)) - raft.grpc.server.port = 12508 (custom)
2021-12-28 02:23:21,300 [Listener at 127.0.0.1/12116] INFO  grpc.GrpcConfigKeys (ConfUtils.java:logGet(44)) - raft.grpc.client.port = -1 (default)
2021-12-28 02:23:21,301 [Listener at 127.0.0.1/12116] INFO  grpc.GrpcConfigKeys (ConfUtils.java:logGet(44)) - raft.grpc.server.port = 12508 (custom)
2021-12-28 02:23:21,301 [Listener at 127.0.0.1/12116] INFO  grpc.GrpcConfigKeys (ConfUtils.java:logGet(44)) - raft.grpc.server.port = 12508 (custom)
2021-12-28 02:23:21,301 [Listener at 127.0.0.1/12116] INFO  server.GrpcService (ConfUtils.java:logGet(44)) - raft.grpc.message.size.max = 32m (=33554432) (custom)
2021-12-28 02:23:21,301 [Listener at 127.0.0.1/12116] INFO  server.RaftServerConfigKeys (ConfUtils.java:logGet(44)) - raft.server.log.appender.buffer.byte-limit = 33554432 (custom)
2021-12-28 02:23:21,301 [Listener at 127.0.0.1/12116] INFO  server.GrpcService (ConfUtils.java:logGet(44)) - raft.grpc.flow.control.window = 1MB (=1048576) (default)
2021-12-28 02:23:21,302 [Listener at 127.0.0.1/12116] INFO  server.RaftServerConfigKeys (ConfUtils.java:logGet(44)) - raft.server.rpc.request.timeout = 30000ms (custom)
2021-12-28 02:23:21,303 [Listener at 127.0.0.1/12116] INFO  impl.DataStreamServerImpl (ConfUtils.java:logGet(44)) - raft.datastream.type = DISABLED (default)
2021-12-28 02:23:21,303 [Listener at 127.0.0.1/12116] INFO  server.RaftServerConfigKeys (ConfUtils.java:logGet(44)) - raft.server.rpc.slowness.timeout = 120000ms (custom)
2021-12-28 02:23:21,304 [Listener at 127.0.0.1/12116] INFO  server.RaftServerConfigKeys (ConfUtils.java:logGet(44)) - raft.server.leaderelection.leader.step-down.wait-time = 10s (default)
2021-12-28 02:23:21,304 [Listener at 127.0.0.1/12116] INFO  server.RaftServerConfigKeys (ConfUtils.java:logGet(44)) - raft.server.storage.dir = [/home/runner/work/ozone/ozone/hadoop-ozone/integration-test/target/test-dir/MiniOzoneClusterImpl-b5c7e046-d456-4649-9d8a-956fe40c5cb7/scmNode-1/scm-ha] (custom)
2021-12-28 02:23:21,304 [Listener at 127.0.0.1/12116] INFO  server.RaftServer (RaftServerProxy.java:lambda$null$1(235)) - 85b08ac6-0f6d-42de-94fb-508f7dc90a3f: found a subdirectory /home/runner/work/ozone/ozone/hadoop-ozone/integration-test/target/test-dir/MiniOzoneClusterImpl-b5c7e046-d456-4649-9d8a-956fe40c5cb7/scmNode-1/scm-ha/b5c7e046-d456-4649-9d8a-956fe40c5cb7
2021-12-28 02:23:21,314 [Listener at 127.0.0.1/12116] INFO  server.RaftServer (RaftServerProxy.java:addNew(95)) - 85b08ac6-0f6d-42de-94fb-508f7dc90a3f: addNew group-956FE40C5CB7:[] returns group-956FE40C5CB7:java.util.concurrent.CompletableFuture@7e95bbbb[Not completed]
2021-12-28 02:23:21,315 [pool-211-thread-1] INFO  server.RaftServer$Division (RaftServerImpl.java:<init>(184)) - 85b08ac6-0f6d-42de-94fb-508f7dc90a3f: new RaftServerImpl for group-956FE40C5CB7:[] with SCMStateMachine:uninitialized
2021-12-28 02:23:21,330 [pool-211-thread-1] INFO  server.RaftServerConfigKeys (ConfUtils.java:logGet(44)) - raft.server.rpc.timeout.min = 5000ms (custom)
2021-12-28 02:23:21,330 [pool-211-thread-1] INFO  server.RaftServerConfigKeys (ConfUtils.java:logGet(44)) - raft.server.rpc.timeout.max = 5200ms (custom)
2021-12-28 02:23:21,330 [pool-211-thread-1] INFO  server.RaftServerConfigKeys (ConfUtils.java:logGet(44)) - raft.server.rpc.sleep.time = 25ms (default)
2021-12-28 02:23:21,330 [pool-211-thread-1] INFO  server.RaftServerConfigKeys (ConfUtils.java:logGet(44)) - raft.server.rpc.slowness.timeout = 120000ms (custom)
2021-12-28 02:23:21,330 [pool-211-thread-1] INFO  server.RaftServerConfigKeys (ConfUtils.java:logGet(44)) - raft.server.leaderelection.leader.step-down.wait-time = 10s (default)
2021-12-28 02:23:21,330 [pool-211-thread-1] INFO  server.RaftServerConfigKeys (ConfUtils.java:logGet(44)) - raft.server.sleep.deviation.threshold = 300ms (default)
2021-12-28 02:23:21,331 [pool-211-thread-1] INFO  server.RaftServerConfigKeys (ConfUtils.java:logGet(44)) - raft.server.log.appender.install.snapshot.enabled = false (custom)
2021-12-28 02:23:21,331 [pool-211-thread-1] INFO  server.RaftServer$Division (ServerState.java:<init>(105)) - 85b08ac6-0f6d-42de-94fb-508f7dc90a3f@group-956FE40C5CB7: ConfigurationManager, init=-1: [], old=null, confs=<EMPTY_MAP>
2021-12-28 02:23:21,331 [pool-211-thread-1] INFO  server.RaftServerConfigKeys (ConfUtils.java:logGet(44)) - raft.server.storage.dir = [/home/runner/work/ozone/ozone/hadoop-ozone/integration-test/target/test-dir/MiniOzoneClusterImpl-b5c7e046-d456-4649-9d8a-956fe40c5cb7/scmNode-1/scm-ha] (custom)
2021-12-28 02:23:21,331 [pool-211-thread-1] INFO  server.RaftServerConfigKeys (ConfUtils.java:logGet(44)) - raft.server.log.corruption.policy = EXCEPTION (default)
2021-12-28 02:23:21,331 [pool-211-thread-1] INFO  server.RaftServerConfigKeys (ConfUtils.java:logGet(44)) - raft.server.storage.free-space.min = 0MB (=0) (default)
2021-12-28 02:23:21,332 [pool-211-thread-1] INFO  storage.RaftStorageDirectory (RaftStorageDirectoryImpl.java:tryLock(230)) - Lock on /home/runner/work/ozone/ozone/hadoop-ozone/integration-test/target/test-dir/MiniOzoneClusterImpl-b5c7e046-d456-4649-9d8a-956fe40c5cb7/scmNode-1/scm-ha/b5c7e046-d456-4649-9d8a-956fe40c5cb7/in_use.lock acquired by nodename 8510@fv-az184-560
2021-12-28 02:23:21,333 [pool-211-thread-1] INFO  storage.RaftStorage (RaftStorageImpl.java:analyzeAndRecoverStorage(110)) - Read RaftStorageMetadata{term=1, votedFor=85b08ac6-0f6d-42de-94fb-508f7dc90a3f} from /home/runner/work/ozone/ozone/hadoop-ozone/integration-test/target/test-dir/MiniOzoneClusterImpl-b5c7e046-d456-4649-9d8a-956fe40c5cb7/scmNode-1/scm-ha/b5c7e046-d456-4649-9d8a-956fe40c5cb7/current/raft-meta
2021-12-28 02:23:21,333 [pool-211-thread-1] INFO  server.RaftServer$Division (ServerState.java:setRaftConf(387)) - 85b08ac6-0f6d-42de-94fb-508f7dc90a3f@group-956FE40C5CB7: set configuration 0: [85b08ac6-0f6d-42de-94fb-508f7dc90a3f|rpc:localhost:12508|admin:|client:|dataStream:|priority:0], old=null
2021-12-28 02:23:21,333 [pool-211-thread-1] INFO  server.RaftServerConfigKeys (ConfUtils.java:logGet(44)) - raft.server.notification.no-leader.timeout = 60s (default)
2021-12-28 02:23:21,333 [pool-211-thread-1] INFO  server.RaftServerConfigKeys (ConfUtils.java:logGet(44)) - raft.server.log.use.memory = false (default)
2021-12-28 02:23:21,333 [pool-211-thread-1] INFO  server.RaftServerConfigKeys (ConfUtils.java:logGet(44)) - raft.server.log.purge.gap = 5 (custom)
2021-12-28 02:23:21,333 [pool-211-thread-1] INFO  server.RaftServerConfigKeys (ConfUtils.java:logGet(44)) - raft.server.log.appender.buffer.byte-limit = 33554432 (custom)
2021-12-28 02:23:21,333 [pool-211-thread-1] INFO  server.RaftServerConfigKeys (ConfUtils.java:logGet(44)) - raft.server.log.segment.size.max = 4194304 (custom)
2021-12-28 02:23:21,334 [pool-211-thread-1] INFO  server.RaftServerConfigKeys (ConfUtils.java:logGet(44)) - raft.server.log.segment.cache.num.max = 2 (custom)
2021-12-28 02:23:21,334 [pool-211-thread-1] INFO  server.RaftServerConfigKeys (ConfUtils.java:logGet(44)) - raft.server.log.segment.cache.size.max = 200MB (=209715200) (default)
2021-12-28 02:23:21,334 [pool-211-thread-1] INFO  segmented.SegmentedRaftLogWorker (SegmentedRaftLogWorker.java:<init>(182)) - new 85b08ac6-0f6d-42de-94fb-508f7dc90a3f@group-956FE40C5CB7-SegmentedRaftLogWorker for RaftStorageImpl:Storage Directory /home/runner/work/ozone/ozone/hadoop-ozone/integration-test/target/test-dir/MiniOzoneClusterImpl-b5c7e046-d456-4649-9d8a-956fe40c5cb7/scmNode-1/scm-ha/b5c7e046-d456-4649-9d8a-956fe40c5cb7
2021-12-28 02:23:21,334 [pool-211-thread-1] INFO  server.RaftServerConfigKeys (ConfUtils.java:logGet(44)) - raft.server.log.queue.byte-limit = 64MB (=67108864) (default)
2021-12-28 02:23:21,334 [pool-211-thread-1] INFO  server.RaftServerConfigKeys (ConfUtils.java:logGet(44)) - raft.server.log.queue.element-limit = 4096 (default)
2021-12-28 02:23:21,334 [pool-211-thread-1] INFO  server.RaftServerConfigKeys (ConfUtils.java:logGet(44)) - raft.server.log.segment.size.max = 4194304 (custom)
2021-12-28 02:23:21,334 [pool-211-thread-1] INFO  server.RaftServerConfigKeys (ConfUtils.java:logGet(44)) - raft.server.log.preallocated.size = 4194304 (custom)
2021-12-28 02:23:21,335 [pool-211-thread-1] INFO  server.RaftServerConfigKeys (ConfUtils.java:logGet(44)) - raft.server.log.force.sync.num = 128 (default)
2021-12-28 02:23:21,335 [pool-211-thread-1] INFO  server.RaftServerConfigKeys (ConfUtils.java:logGet(44)) - raft.server.log.statemachine.data.sync = true (default)
2021-12-28 02:23:21,335 [pool-211-thread-1] INFO  server.RaftServerConfigKeys (ConfUtils.java:logGet(44)) - raft.server.log.statemachine.data.sync.timeout = 10s (default)
2021-12-28 02:23:21,335 [pool-211-thread-1] INFO  server.RaftServerConfigKeys (ConfUtils.java:logGet(44)) - raft.server.log.statemachine.data.sync.timeout.retry = -1 (default)
2021-12-28 02:23:21,335 [pool-211-thread-1] INFO  server.RaftServerConfigKeys (ConfUtils.java:logGet(44)) - raft.server.log.write.buffer.size = 64KB (=65536) (default)
2021-12-28 02:23:21,335 [pool-211-thread-1] INFO  server.RaftServerConfigKeys (ConfUtils.java:logGet(44)) - raft.server.log.statemachine.data.caching.enabled = false (default)
2021-12-28 02:23:21,336 [pool-211-thread-1] INFO  server.RaftServer$Division (ServerState.java:setRaftConf(387)) - 85b08ac6-0f6d-42de-94fb-508f7dc90a3f@group-956FE40C5CB7: set configuration 0: [85b08ac6-0f6d-42de-94fb-508f7dc90a3f|rpc:localhost:12508|admin:|client:|dataStream:|priority:0], old=null
2021-12-28 02:23:21,336 [pool-211-thread-1] INFO  segmented.LogSegment (LogSegment.java:loadSegment(173)) - Successfully read 1 entries from segment file /home/runner/work/ozone/ozone/hadoop-ozone/integration-test/target/test-dir/MiniOzoneClusterImpl-b5c7e046-d456-4649-9d8a-956fe40c5cb7/scmNode-1/scm-ha/b5c7e046-d456-4649-9d8a-956fe40c5cb7/current/log_inprogress_0
2021-12-28 02:23:21,336 [pool-211-thread-1] INFO  segmented.SegmentedRaftLogWorker (SegmentedRaftLogWorker.java:lambda$new$0(133)) - 85b08ac6-0f6d-42de-94fb-508f7dc90a3f@group-956FE40C5CB7-SegmentedRaftLogWorker: flushIndex: setUnconditionally 0 -> 0
2021-12-28 02:23:21,336 [pool-211-thread-1] INFO  segmented.SegmentedRaftLogWorker (SegmentedRaftLogWorker.java:lambda$new$0(133)) - 85b08ac6-0f6d-42de-94fb-508f7dc90a3f@group-956FE40C5CB7-SegmentedRaftLogWorker: safeCacheEvictIndex: setUnconditionally 0 -> -1
2021-12-28 02:23:21,342 [pool-211-thread-1] INFO  server.RaftServerConfigKeys (ConfUtils.java:logGet(44)) - raft.server.snapshot.auto.trigger.enabled = true (custom)
2021-12-28 02:23:21,342 [pool-211-thread-1] INFO  server.RaftServerConfigKeys (ConfUtils.java:logGet(44)) - raft.server.snapshot.auto.trigger.threshold = 5 (custom)
2021-12-28 02:23:21,342 [pool-211-thread-1] INFO  server.RaftServerConfigKeys (ConfUtils.java:logGet(44)) - raft.server.snapshot.retention.file.num = -1 (default)
2021-12-28 02:23:21,342 [pool-211-thread-1] INFO  server.RaftServerConfigKeys (ConfUtils.java:logGet(44)) - raft.server.log.purge.upto.snapshot.index = true (custom)
2021-12-28 02:23:21,342 [pool-211-thread-1] INFO  server.RaftServerConfigKeys (ConfUtils.java:logGet(44)) - raft.server.retrycache.expirytime = 60000ms (default)
2021-12-28 02:23:21,342 [pool-211-thread-1] INFO  server.RaftServerConfigKeys (ConfUtils.java:logGet(44)) - raft.server.retrycache.statistics.expirytime = 100μs (default)
2021-12-28 02:23:21,343 [Listener at 127.0.0.1/12116] INFO  ha.SCMSnapshotProvider (SCMSnapshotProvider.java:<init>(66)) - Initializing SCM Snapshot Provider
2021-12-28 02:23:21,344 [Listener at 127.0.0.1/12116] WARN  server.ServerUtils (ServerUtils.java:getDefaultRatisDirectory(237)) - Storage directory for Ratis is not configured. It is a good idea to map this to an SSD disk. Falling back to ozone.metadata.dirs
2021-12-28 02:23:21,344 [Listener at 127.0.0.1/12116] WARN  ha.SCMHAUtils (SCMHAUtils.java:getSCMRatisSnapshotDirectory(146)) - SCM snapshot dir is not configured. Falling back to ozone.metadata.dirs config
2021-12-28 02:23:21,345 [Listener at 127.0.0.1/12116] INFO  ha.SequenceIdGenerator (SequenceIdGenerator.java:upgradeToSequenceId(347)) - upgrade localId to 107544261427200000
2021-12-28 02:23:21,346 [Listener at 127.0.0.1/12116] INFO  ha.SequenceIdGenerator (SequenceIdGenerator.java:upgradeToSequenceId(357)) - upgrade delTxnId to 0
2021-12-28 02:23:21,346 [Listener at 127.0.0.1/12116] INFO  ha.SequenceIdGenerator (SequenceIdGenerator.java:upgradeToSequenceId(371)) - upgrade containerId to 0
2021-12-28 02:23:21,347 [Listener at 127.0.0.1/12116] INFO  ha.SequenceIdGenerator (SequenceIdGenerator.java:<init>(218)) - Init the HA SequenceIdGenerator.
2021-12-28 02:23:21,350 [Listener at 127.0.0.1/12116] INFO  node.SCMNodeManager (SCMNodeManager.java:<init>(144)) - Entering startup safe mode.
2021-12-28 02:23:21,351 [Listener at 127.0.0.1/12116] INFO  algorithms.ContainerPlacementPolicyFactory (ContainerPlacementPolicyFactory.java:getPolicy(60)) - Create container placement policy of type org.apache.hadoop.hdds.scm.container.placement.algorithms.SCMContainerPlacementRandom
2021-12-28 02:23:21,351 [Listener at 127.0.0.1/12116] INFO  pipeline.PipelineStateManagerImpl (PipelineStateManagerImpl.java:initialize(78)) - No pipeline exists in current db
2021-12-28 02:23:21,351 [Listener at 127.0.0.1/12116] INFO  algorithms.LeaderChoosePolicyFactory (LeaderChoosePolicyFactory.java:getPolicy(57)) - Create leader choose policy of type org.apache.hadoop.hdds.scm.pipeline.leader.choose.algorithms.MinLeaderCountChoosePolicy
2021-12-28 02:23:21,351 [Listener at 127.0.0.1/12116] INFO  ha.SCMServiceManager (SCMServiceManager.java:register(43)) - Registering service BackgroundPipelineCreator.
2021-12-28 02:23:21,351 [Listener at 127.0.0.1/12116] INFO  pipeline.BackgroundPipelineCreator (BackgroundPipelineCreator.java:start(130)) - Starting RatisPipelineUtilsThread.
2021-12-28 02:23:21,358 [Listener at 127.0.0.1/12116] INFO  algorithms.PipelineChoosePolicyFactory (PipelineChoosePolicyFactory.java:createPipelineChoosePolicyFromClass(73)) - Create pipeline choose policy of type org.apache.hadoop.hdds.scm.pipeline.choose.algorithms.RandomPipelineChoosePolicy
2021-12-28 02:23:21,358 [Listener at 127.0.0.1/12116] INFO  ha.SCMServiceManager (SCMServiceManager.java:register(43)) - Registering service SCMBlockDeletingService.
2021-12-28 02:23:21,359 [Listener at 127.0.0.1/12116] INFO  ha.SCMServiceManager (SCMServiceManager.java:register(43)) - Registering service ReplicationManager.
2021-12-28 02:23:21,359 [Listener at 127.0.0.1/12116] INFO  container.ReplicationManager (ReplicationManager.java:start(319)) - Starting Replication Monitor Thread.
2021-12-28 02:23:21,370 [Listener at 127.0.0.1/12116] INFO  safemode.ContainerSafeModeRule (ContainerSafeModeRule.java:<init>(89)) - containers with one replica threshold count 0
2021-12-28 02:23:21,370 [Listener at 127.0.0.1/12116] INFO  safemode.HealthyPipelineSafeModeRule (HealthyPipelineSafeModeRule.java:initializeRule(156)) - Total pipeline count is 0, healthy pipeline threshold count is 1
2021-12-28 02:23:21,370 [Listener at 127.0.0.1/12116] INFO  safemode.OneReplicaPipelineSafeModeRule (OneReplicaPipelineSafeModeRule.java:initializeRule(180)) - Total pipeline count is 0, pipeline's with at least one datanode reported threshold count is 0
2021-12-28 02:23:21,382 [Listener at 127.0.0.1/12116] INFO  ipc.CallQueueManager (CallQueueManager.java:<init>(90)) - Using callQueue: class java.util.concurrent.LinkedBlockingQueue, queueCapacity: 10000, scheduler: class org.apache.hadoop.ipc.DefaultRpcScheduler, ipcBackoff: false.
2021-12-28 02:23:21,398 [Socket Reader #1 for port 12509] INFO  ipc.Server (Server.java:run(1265)) - Starting Socket Reader #1 for port 12509
2021-12-28 02:23:21,406 [ReplicationMonitor] INFO  container.ReplicationManager (ReplicationManager.java:processAll(371)) - Replication Monitor Thread took 0 milliseconds for processing 0 containers.
2021-12-28 02:23:21,411 [Listener at 0.0.0.0/12509] INFO  ipc.CallQueueManager (CallQueueManager.java:<init>(90)) - Using callQueue: class java.util.concurrent.LinkedBlockingQueue, queueCapacity: 10000, scheduler: class org.apache.hadoop.ipc.DefaultRpcScheduler, ipcBackoff: false.
2021-12-28 02:23:21,418 [Socket Reader #1 for port 12510] INFO  ipc.Server (Server.java:run(1265)) - Starting Socket Reader #1 for port 12510
2021-12-28 02:23:21,419 [Listener at 0.0.0.0/12510] INFO  ipc.CallQueueManager (CallQueueManager.java:<init>(90)) - Using callQueue: class java.util.concurrent.LinkedBlockingQueue, queueCapacity: 10000, scheduler: class org.apache.hadoop.ipc.DefaultRpcScheduler, ipcBackoff: false.
2021-12-28 02:23:21,420 [Socket Reader #1 for port 12511] INFO  ipc.Server (Server.java:run(1265)) - Starting Socket Reader #1 for port 12511
2021-12-28 02:23:21,458 [Listener at 0.0.0.0/12511] INFO  algorithms.ContainerPlacementPolicyFactory (ContainerPlacementPolicyFactory.java:getPolicy(60)) - Create container placement policy of type org.apache.hadoop.hdds.scm.container.placement.algorithms.SCMContainerPlacementRandom
2021-12-28 02:23:21,460 [Listener at 0.0.0.0/12511] INFO  server.StorageContainerManager (StorageContainerManager.java:<init>(388)) - 
Container Balancer status:
Key                            Value
Running                        false
Container Balancer Configuration values:
Key                                                Value
Threshold                                          0.1
Max Datanodes to Involve per Iteration(ratio)      0.2
Max Size to Move per Iteration                     30GB
Max Size Entering Target per Iteration             26GB
Max Size Leaving Source per Iteration              26GB

2021-12-28 02:23:21,460 [Listener at 0.0.0.0/12511] WARN  events.EventQueue (EventQueue.java:fireEvent(194)) - No event handler registered for event TypedEvent{payloadType=SafeModeStatus, name='Safe mode status'}
2021-12-28 02:23:21,460 [Listener at 0.0.0.0/12511] INFO  ha.SCMContext (SCMContext.java:updateSafeModeStatus(211)) - Update SafeModeStatus from SafeModeStatus{safeModeStatus=true, preCheckPassed=false} to SafeModeStatus{safeModeStatus=true, preCheckPassed=false}.
2021-12-28 02:23:21,466 [Listener at 0.0.0.0/12511] INFO  server.StorageContainerManager (StorageContainerManager.java:start(1303)) - StorageContainerLocationProtocol RPC server is listening at /0.0.0.0:12511
2021-12-28 02:23:21,466 [Listener at 0.0.0.0/12511] INFO  ha.SCMRatisServerImpl (SCMRatisServerImpl.java:start(177)) - starting ratis server 0.0.0.0:12508
2021-12-28 02:23:21,467 [Listener at 0.0.0.0/12511] INFO  server.RaftServer$Division (RaftServerImpl.java:start(301)) - 85b08ac6-0f6d-42de-94fb-508f7dc90a3f@group-956FE40C5CB7: start as a follower, conf=0: [85b08ac6-0f6d-42de-94fb-508f7dc90a3f|rpc:localhost:12508|admin:|client:|dataStream:|priority:0], old=null
2021-12-28 02:23:21,467 [Listener at 0.0.0.0/12511] INFO  server.RaftServer$Division (RaftServerImpl.java:setRole(290)) - 85b08ac6-0f6d-42de-94fb-508f7dc90a3f@group-956FE40C5CB7: changes role from      null to FOLLOWER at term 1 for startAsFollower
2021-12-28 02:23:21,467 [Listener at 0.0.0.0/12511] INFO  impl.RoleInfo (RoleInfo.java:updateAndGet(130)) - 85b08ac6-0f6d-42de-94fb-508f7dc90a3f: start 85b08ac6-0f6d-42de-94fb-508f7dc90a3f@group-956FE40C5CB7-FollowerState
2021-12-28 02:23:21,477 [Listener at 0.0.0.0/12511] INFO  util.JmxRegister (JmxRegister.java:tryRegister(44)) - Successfully registered JMX Bean with object name Ratis:service=RaftServer,group=group-956FE40C5CB7,id=85b08ac6-0f6d-42de-94fb-508f7dc90a3f
2021-12-28 02:23:21,482 [Listener at 0.0.0.0/12511] INFO  server.RaftServer (RaftServerProxy.java:lambda$start$5(374)) - 85b08ac6-0f6d-42de-94fb-508f7dc90a3f: start RPC server
2021-12-28 02:23:21,483 [Listener at 0.0.0.0/12511] INFO  server.GrpcService (GrpcService.java:startImpl(253)) - 85b08ac6-0f6d-42de-94fb-508f7dc90a3f: GrpcService started, listening on 12508
2021-12-28 02:23:21,492 [Listener at 0.0.0.0/12511] INFO  ha.SCMHAManagerImpl (SCMHAManagerImpl.java:start(120)) -  scm role is FOLLOWER peers [85b08ac6-0f6d-42de-94fb-508f7dc90a3f|rpc:localhost:12508|admin:|client:|dataStream:|priority:0]
2021-12-28 02:23:21,492 [Listener at 0.0.0.0/12511] INFO  ha.InterSCMGrpcService (InterSCMGrpcProtocolService.java:start(94)) - Starting SCM Grpc Service at port 12512
2021-12-28 02:23:21,494 [Listener at 0.0.0.0/12511] WARN  impl.MetricsConfig (MetricsConfig.java:loadFirst(136)) - Cannot locate configuration: tried hadoop-metrics2-storagecontainermanager.properties,hadoop-metrics2.properties
2021-12-28 02:23:21,506 [Listener at 0.0.0.0/12511] INFO  impl.MetricsSystemImpl (MetricsSystemImpl.java:startTimer(378)) - Scheduled Metric snapshot period at 10 second(s).
2021-12-28 02:23:21,506 [Listener at 0.0.0.0/12511] INFO  impl.MetricsSystemImpl (MetricsSystemImpl.java:start(191)) - StorageContainerManager metrics system started
2021-12-28 02:23:21,507 [org.apache.ratis.util.JvmPauseMonitor$$Lambda$499/2075133112@4a686b43] INFO  util.JvmPauseMonitor (JvmPauseMonitor.java:run(103)) - JvmPauseMonitor-85b08ac6-0f6d-42de-94fb-508f7dc90a3f: Started
2021-12-28 02:23:21,534 [Listener at 0.0.0.0/12511] INFO  impl.MetricsSinkAdapter (MetricsSinkAdapter.java:start(204)) - Sink prometheus started
2021-12-28 02:23:21,546 [Listener at 0.0.0.0/12511] INFO  impl.MetricsSystemImpl (MetricsSystemImpl.java:registerSink(305)) - Registered sink prometheus
2021-12-28 02:23:21,588 [Listener at 0.0.0.0/12511] INFO  server.SCMClientProtocolServer (SCMClientProtocolServer.java:start(164)) - RPC server for Client  is listening at /0.0.0.0:12511
2021-12-28 02:23:21,602 [IPC Server Responder] INFO  ipc.Server (Server.java:run(1507)) - IPC Server Responder: starting
2021-12-28 02:23:21,614 [IPC Server listener on 12511] INFO  ipc.Server (Server.java:run(1344)) - IPC Server listener on 12511: starting
2021-12-28 02:23:21,639 [Listener at 0.0.0.0/12511] INFO  server.StorageContainerManager (StorageContainerManager.java:start(1318)) - ScmBlockLocationProtocol RPC server is listening at /0.0.0.0:12510
2021-12-28 02:23:21,640 [Listener at 0.0.0.0/12511] INFO  server.SCMBlockProtocolServer (SCMBlockProtocolServer.java:start(151)) - RPC server for Block Protocol is listening at /0.0.0.0:12510
2021-12-28 02:23:21,640 [IPC Server Responder] INFO  ipc.Server (Server.java:run(1507)) - IPC Server Responder: starting
2021-12-28 02:23:21,640 [IPC Server listener on 12510] INFO  ipc.Server (Server.java:run(1344)) - IPC Server listener on 12510: starting
2021-12-28 02:23:21,662 [Listener at 0.0.0.0/12511] INFO  http.BaseHttpServer (BaseHttpServer.java:newHttpServer2BuilderForOzone(209)) - Starting Web-server for scm at: http://0.0.0.0:12506
2021-12-28 02:23:21,662 [Listener at 0.0.0.0/12511] INFO  http.BaseHttpServer (BaseHttpServer.java:<init>(107)) - Hadoop Security Enabled: false Ozone Security Enabled: false Ozone HTTP Security Enabled: false 
2021-12-28 02:23:21,666 [Listener at 0.0.0.0/12511] INFO  server.AuthenticationFilter (AuthenticationFilter.java:constructSecretProvider(240)) - Unable to initialize FileSignerSecretProvider, falling back to use random secrets.
2021-12-28 02:23:21,666 [org.apache.hadoop.util.JvmPauseMonitor$Monitor@7b004765] INFO  util.JvmPauseMonitor (JvmPauseMonitor.java:run(188)) - Starting JVM pause monitor
2021-12-28 02:23:21,667 [Listener at 0.0.0.0/12511] WARN  http.HttpRequestLog (HttpRequestLog.java:getRequestLog(103)) - Jetty request log can only be enabled using Log4j
2021-12-28 02:23:21,668 [Listener at 0.0.0.0/12511] INFO  http.HttpServer2 (HttpServer2.java:addGlobalFilter(1030)) - Added global filter 'safety' (class=org.apache.hadoop.hdds.server.http.HttpServer2$QuotingInputFilter)
2021-12-28 02:23:21,669 [Listener at 0.0.0.0/12511] INFO  http.HttpServer2 (HttpServer2.java:addFilter(1006)) - Added filter static_user_filter (class=org.apache.hadoop.http.lib.StaticUserWebFilter$StaticUserFilter) to context scm
2021-12-28 02:23:21,669 [Listener at 0.0.0.0/12511] INFO  http.HttpServer2 (HttpServer2.java:addFilter(1014)) - Added filter static_user_filter (class=org.apache.hadoop.http.lib.StaticUserWebFilter$StaticUserFilter) to context logs
2021-12-28 02:23:21,669 [Listener at 0.0.0.0/12511] INFO  http.HttpServer2 (HttpServer2.java:addFilter(1014)) - Added filter static_user_filter (class=org.apache.hadoop.http.lib.StaticUserWebFilter$StaticUserFilter) to context static
2021-12-28 02:23:21,670 [Listener at 0.0.0.0/12511] INFO  http.HttpServer2 (HttpServer2.java:bindListener(1249)) - Jetty bound to port 12506
2021-12-28 02:23:21,670 [Listener at 0.0.0.0/12511] INFO  server.Server (Server.java:doStart(375)) - jetty-9.4.43.v20210629; built: 2021-06-30T11:07:22.254Z; git: 526006ecfa3af7f1a27ef3a288e2bef7ea9dd7e8; jvm 1.8.0_292-b10
2021-12-28 02:23:21,706 [Listener at 0.0.0.0/12511] INFO  server.session (DefaultSessionIdManager.java:doStart(334)) - DefaultSessionIdManager workerName=node0
2021-12-28 02:23:21,706 [Listener at 0.0.0.0/12511] INFO  server.session (DefaultSessionIdManager.java:doStart(339)) - No SessionScavenger set, using defaults
2021-12-28 02:23:21,706 [Listener at 0.0.0.0/12511] INFO  server.session (HouseKeeper.java:startScavenging(132)) - node0 Scavenging every 660000ms
2021-12-28 02:23:21,714 [Listener at 0.0.0.0/12511] INFO  handler.ContextHandler (ContextHandler.java:doStart(915)) - Started o.e.j.s.ServletContextHandler@5a187cd4{logs,/logs,file:///home/runner/work/ozone/ozone/hadoop-ozone/integration-test/target/log,AVAILABLE}
2021-12-28 02:23:21,715 [Listener at 0.0.0.0/12511] INFO  handler.ContextHandler (ContextHandler.java:doStart(915)) - Started o.e.j.s.ServletContextHandler@3c31169f{static,/static,file:///home/runner/work/ozone/ozone/hadoop-ozone/integration-test/target/test-classes/webapps/static,AVAILABLE}
2021-12-28 02:23:21,720 [Listener at 0.0.0.0/12511] INFO  handler.ContextHandler (ContextHandler.java:doStart(915)) - Started o.e.j.w.WebAppContext@63574fbf{scm,/,file:///home/runner/work/ozone/ozone/hadoop-ozone/integration-test/target/test-classes/webapps/scm/,AVAILABLE}{file:/home/runner/work/ozone/ozone/hadoop-ozone/integration-test/target/test-classes/webapps/scm}
2021-12-28 02:23:21,730 [Listener at 0.0.0.0/12511] INFO  server.AbstractConnector (AbstractConnector.java:doStart(331)) - Started ServerConnector@717b5af1{HTTP/1.1, (http/1.1)}{0.0.0.0:12506}
2021-12-28 02:23:21,731 [Listener at 0.0.0.0/12511] INFO  server.Server (Server.java:doStart(415)) - Started @88354ms
2021-12-28 02:23:21,731 [Listener at 0.0.0.0/12511] WARN  impl.MetricsSystemImpl (MetricsSystemImpl.java:register(279)) - Sink prometheus already exists!
2021-12-28 02:23:21,732 [Listener at 0.0.0.0/12511] INFO  http.BaseHttpServer (BaseHttpServer.java:updateConnectorAddress(329)) - HTTP server of scm listening at http://0.0.0.0:12506
2021-12-28 02:23:21,732 [Listener at 0.0.0.0/12511] INFO  ozone.MiniOzoneHAClusterImpl (MiniOzoneHAClusterImpl.java:createSCMService(577)) - Started SCM RPC server at org.apache.hadoop.hdds.scm.server.SCMClientProtocolServer@7d7a4740
2021-12-28 02:23:21,736 [Listener at 0.0.0.0/12511] INFO  ha.SCMHANodeDetails (SCMHANodeDetails.java:loadSCMHAConfig(157)) - ServiceID for StorageContainerManager is scm-service-test1
2021-12-28 02:23:21,737 [Listener at 0.0.0.0/12511] INFO  ha.SCMHANodeDetails (SCMHANodeDetails.java:loadSCMHAConfig(168)) - ServiceID for StorageContainerManager is scm-service-test1
2021-12-28 02:23:21,742 [Listener at 0.0.0.0/12511] WARN  scm.ScmUtils (ScmUtils.java:logWarn(179)) - ConfigKey ozone.scm.block.client.address is deprecated, For configuring different ports for each SCM use PortConfigKey ozone.scm.block.client.port appended with serviceId and nodeId. If want to configure same port configure ozone.scm.block.client.port
2021-12-28 02:23:21,742 [Listener at 0.0.0.0/12511] WARN  scm.ScmUtils (ScmUtils.java:logWarn(179)) - ConfigKey ozone.scm.client.address is deprecated, For configuring different ports for each SCM use PortConfigKey ozone.scm.client.port appended with serviceId and nodeId. If want to configure same port configure ozone.scm.client.port
2021-12-28 02:23:21,743 [Listener at 0.0.0.0/12511] WARN  scm.ScmUtils (ScmUtils.java:logWarn(179)) - ConfigKey ozone.scm.datanode.address is deprecated, For configuring different ports for each SCM use PortConfigKey ozone.scm.datanode.port appended with serviceId and nodeId. If want to configure same port configure ozone.scm.datanode.port
2021-12-28 02:23:21,743 [Listener at 0.0.0.0/12511] WARN  scm.ScmUtils (ScmUtils.java:logWarn(179)) - ConfigKey ozone.scm.block.client.address is deprecated, For configuring different ports for each SCM use PortConfigKey ozone.scm.block.client.port appended with serviceId and nodeId. If want to configure same port configure ozone.scm.block.client.port
2021-12-28 02:23:21,743 [Listener at 0.0.0.0/12511] WARN  scm.ScmUtils (ScmUtils.java:logWarn(179)) - ConfigKey ozone.scm.client.address is deprecated, For configuring different ports for each SCM use PortConfigKey ozone.scm.client.port appended with serviceId and nodeId. If want to configure same port configure ozone.scm.client.port
2021-12-28 02:23:21,743 [Listener at 0.0.0.0/12511] WARN  scm.ScmUtils (ScmUtils.java:logWarn(179)) - ConfigKey ozone.scm.datanode.address is deprecated, For configuring different ports for each SCM use PortConfigKey ozone.scm.datanode.port appended with serviceId and nodeId. If want to configure same port configure ozone.scm.datanode.port
2021-12-28 02:23:21,743 [Listener at 0.0.0.0/12511] INFO  ha.SCMHANodeDetails (SCMHANodeDetails.java:loadSCMHAConfig(250)) - Found matching SCM address with SCMServiceId: scm-service-test1, SCMNodeId: scmNode-2, RPC Address: localhost:12518 and Ratis port: 12518
2021-12-28 02:23:21,743 [Listener at 0.0.0.0/12511] INFO  ha.SCMHANodeDetails (ConfUtils.java:setNodeSpecificConfigs(108)) - Setting configuration key ozone.scm.datanode.address with value of key ozone.scm.datanode.address.scm-service-test1.scmNode-2: 127.0.0.1:12519
2021-12-28 02:23:21,744 [Listener at 0.0.0.0/12511] INFO  ha.SCMHANodeDetails (ConfUtils.java:setNodeSpecificConfigs(108)) - Setting configuration key ozone.scm.block.client.address with value of key ozone.scm.block.client.address.scm-service-test1.scmNode-2: 127.0.0.1:12520
2021-12-28 02:23:21,744 [Listener at 0.0.0.0/12511] INFO  ha.SCMHANodeDetails (ConfUtils.java:setNodeSpecificConfigs(108)) - Setting configuration key ozone.scm.client.address with value of key ozone.scm.client.address.scm-service-test1.scmNode-2: 127.0.0.1:12521
2021-12-28 02:23:21,744 [Listener at 0.0.0.0/12511] INFO  ha.SCMHANodeDetails (ConfUtils.java:setNodeSpecificConfigs(108)) - Setting configuration key ozone.scm.ratis.port with value of key ozone.scm.ratis.port.scm-service-test1.scmNode-2: 12518
2021-12-28 02:23:21,744 [Listener at 0.0.0.0/12511] INFO  ha.SCMHANodeDetails (ConfUtils.java:setNodeSpecificConfigs(108)) - Setting configuration key ozone.scm.grpc.port with value of key ozone.scm.grpc.port.scm-service-test1.scmNode-2: 12522
2021-12-28 02:23:21,744 [Listener at 0.0.0.0/12511] INFO  ha.SCMHANodeDetails (ConfUtils.java:setNodeSpecificConfigs(108)) - Setting configuration key ozone.scm.http-address with value of key ozone.scm.http-address.scm-service-test1.scmNode-2: 127.0.0.1:12516
2021-12-28 02:23:21,744 [Listener at 0.0.0.0/12511] INFO  ha.SCMHANodeDetails (ConfUtils.java:setNodeSpecificConfigs(108)) - Setting configuration key ozone.scm.https-address with value of key ozone.scm.https-address.scm-service-test1.scmNode-2: 127.0.0.1:12517
2021-12-28 02:23:21,744 [Listener at 0.0.0.0/12511] INFO  ha.SCMHANodeDetails (ConfUtils.java:setNodeSpecificConfigs(108)) - Setting configuration key ozone.scm.address with value of key ozone.scm.address.scm-service-test1.scmNode-2: 127.0.0.1
2021-12-28 02:23:21,750 [Listener at 0.0.0.0/12511] WARN  scm.ScmUtils (ScmUtils.java:logWarn(179)) - ConfigKey ozone.scm.block.client.address is deprecated, For configuring different ports for each SCM use PortConfigKey ozone.scm.block.client.port appended with serviceId and nodeId. If want to configure same port configure ozone.scm.block.client.port
2021-12-28 02:23:21,750 [Listener at 0.0.0.0/12511] WARN  scm.ScmUtils (ScmUtils.java:logWarn(179)) - ConfigKey ozone.scm.client.address is deprecated, For configuring different ports for each SCM use PortConfigKey ozone.scm.client.port appended with serviceId and nodeId. If want to configure same port configure ozone.scm.client.port
2021-12-28 02:23:21,750 [Listener at 0.0.0.0/12511] WARN  scm.ScmUtils (ScmUtils.java:logWarn(179)) - ConfigKey ozone.scm.datanode.address is deprecated, For configuring different ports for each SCM use PortConfigKey ozone.scm.datanode.port appended with serviceId and nodeId. If want to configure same port configure ozone.scm.datanode.port
2021-12-28 02:23:21,751 [Listener at 0.0.0.0/12511] WARN  server.ServerUtils (ServerUtils.java:getScmDbDir(148)) - ozone.scm.db.dirs is not configured. We recommend adding this setting. Falling back to ozone.metadata.dirs instead.
2021-12-28 02:23:21,752 [Listener at 0.0.0.0/12511] INFO  ha.SCMNodeInfo (SCMNodeInfo.java:getPort(197)) - ConfigKey ozone.scm.client.address is deprecated, For configuring different ports for each SCM use PortConfigKey ozone.scm.client.port appended with serviceId and nodeId
2021-12-28 02:23:21,752 [Listener at 0.0.0.0/12511] INFO  ha.SCMNodeInfo (SCMNodeInfo.java:getPort(197)) - ConfigKey ozone.scm.block.client.address is deprecated, For configuring different ports for each SCM use PortConfigKey ozone.scm.block.client.port appended with serviceId and nodeId
2021-12-28 02:23:21,753 [Listener at 0.0.0.0/12511] INFO  ha.SCMNodeInfo (SCMNodeInfo.java:getPort(197)) - ConfigKey ozone.scm.datanode.address is deprecated, For configuring different ports for each SCM use PortConfigKey ozone.scm.datanode.port appended with serviceId and nodeId
2021-12-28 02:23:21,753 [Listener at 0.0.0.0/12511] INFO  ha.SCMNodeInfo (SCMNodeInfo.java:getPort(197)) - ConfigKey ozone.scm.client.address is deprecated, For configuring different ports for each SCM use PortConfigKey ozone.scm.client.port appended with serviceId and nodeId
2021-12-28 02:23:21,753 [Listener at 0.0.0.0/12511] INFO  ha.SCMNodeInfo (SCMNodeInfo.java:getPort(197)) - ConfigKey ozone.scm.block.client.address is deprecated, For configuring different ports for each SCM use PortConfigKey ozone.scm.block.client.port appended with serviceId and nodeId
2021-12-28 02:23:21,758 [Listener at 0.0.0.0/12511] INFO  ha.SCMNodeInfo (SCMNodeInfo.java:getPort(197)) - ConfigKey ozone.scm.datanode.address is deprecated, For configuring different ports for each SCM use PortConfigKey ozone.scm.datanode.port appended with serviceId and nodeId
2021-12-28 02:23:21,758 [Listener at 0.0.0.0/12511] INFO  ha.SCMNodeInfo (SCMNodeInfo.java:getPort(197)) - ConfigKey ozone.scm.client.address is deprecated, For configuring different ports for each SCM use PortConfigKey ozone.scm.client.port appended with serviceId and nodeId
2021-12-28 02:23:21,758 [Listener at 0.0.0.0/12511] INFO  ha.SCMNodeInfo (SCMNodeInfo.java:getPort(197)) - ConfigKey ozone.scm.block.client.address is deprecated, For configuring different ports for each SCM use PortConfigKey ozone.scm.block.client.port appended with serviceId and nodeId
2021-12-28 02:23:21,759 [Listener at 0.0.0.0/12511] INFO  ha.SCMNodeInfo (SCMNodeInfo.java:getPort(197)) - ConfigKey ozone.scm.datanode.address is deprecated, For configuring different ports for each SCM use PortConfigKey ozone.scm.datanode.port appended with serviceId and nodeId
2021-12-28 02:23:21,922 [EndpointStateMachine task thread for /127.0.0.1:13517 - 0 ] INFO  ipc.Client (Client.java:handleConnectionFailure(977)) - Retrying connect to server: localhost/127.0.0.1:13517. Already tried 12 time(s); retry policy is RetryUpToMaximumCountWithFixedSleep(maxRetries=15, sleepTime=1000 MILLISECONDS)
2021-12-28 02:23:21,938 [EndpointStateMachine task thread for /127.0.0.1:13527 - 0 ] INFO  ipc.Client (Client.java:handleConnectionFailure(977)) - Retrying connect to server: localhost/127.0.0.1:13527. Already tried 12 time(s); retry policy is RetryUpToMaximumCountWithFixedSleep(maxRetries=15, sleepTime=1000 MILLISECONDS)
2021-12-28 02:23:21,939 [EndpointStateMachine task thread for /127.0.0.1:13537 - 0 ] INFO  ipc.Client (Client.java:handleConnectionFailure(977)) - Retrying connect to server: localhost/127.0.0.1:13537. Already tried 12 time(s); retry policy is RetryUpToMaximumCountWithFixedSleep(maxRetries=15, sleepTime=1000 MILLISECONDS)
2021-12-28 02:23:22,923 [EndpointStateMachine task thread for /127.0.0.1:13517 - 0 ] INFO  ipc.Client (Client.java:handleConnectionFailure(977)) - Retrying connect to server: localhost/127.0.0.1:13517. Already tried 13 time(s); retry policy is RetryUpToMaximumCountWithFixedSleep(maxRetries=15, sleepTime=1000 MILLISECONDS)
2021-12-28 02:23:22,939 [EndpointStateMachine task thread for /127.0.0.1:13527 - 0 ] INFO  ipc.Client (Client.java:handleConnectionFailure(977)) - Retrying connect to server: localhost/127.0.0.1:13527. Already tried 13 time(s); retry policy is RetryUpToMaximumCountWithFixedSleep(maxRetries=15, sleepTime=1000 MILLISECONDS)
2021-12-28 02:23:22,939 [EndpointStateMachine task thread for /127.0.0.1:13537 - 0 ] INFO  ipc.Client (Client.java:handleConnectionFailure(977)) - Retrying connect to server: localhost/127.0.0.1:13537. Already tried 13 time(s); retry policy is RetryUpToMaximumCountWithFixedSleep(maxRetries=15, sleepTime=1000 MILLISECONDS)
2021-12-28 02:23:23,786 [Listener at 0.0.0.0/12511] INFO  retry.RetryInvocationHandler (RetryInvocationHandler.java:log(411)) - com.google.protobuf.ServiceException: java.net.ConnectException: Call From fv-az184-560/10.1.0.14 to localhost:12520 failed on connection exception: java.net.ConnectException: Connection refused; For more details see:  http://wiki.apache.org/hadoop/ConnectionRefused, while invoking $Proxy39.send over nodeId=scmNode-2,nodeAddress=/127.0.0.1:12520 after 1 failover attempts. Trying to failover after sleeping for 2000ms.
2021-12-28 02:23:23,924 [EndpointStateMachine task thread for /127.0.0.1:13517 - 0 ] INFO  ipc.Client (Client.java:handleConnectionFailure(977)) - Retrying connect to server: localhost/127.0.0.1:13517. Already tried 14 time(s); retry policy is RetryUpToMaximumCountWithFixedSleep(maxRetries=15, sleepTime=1000 MILLISECONDS)
2021-12-28 02:23:23,924 [EndpointStateMachine task thread for /127.0.0.1:13517 - 0 ] WARN  statemachine.EndpointStateMachine (EndpointStateMachine.java:logIfNeeded(236)) - Unable to communicate to SCM server at localhost:13517 for past 0 seconds.
java.net.ConnectException: Call From fv-az184-560/10.1.0.14 to localhost:13517 failed on connection exception: java.net.ConnectException: Connection refused; For more details see:  http://wiki.apache.org/hadoop/ConnectionRefused
	at sun.reflect.NativeConstructorAccessorImpl.newInstance0(Native Method)
	at sun.reflect.NativeConstructorAccessorImpl.newInstance(NativeConstructorAccessorImpl.java:62)
	at sun.reflect.DelegatingConstructorAccessorImpl.newInstance(DelegatingConstructorAccessorImpl.java:45)
	at java.lang.reflect.Constructor.newInstance(Constructor.java:423)
	at org.apache.hadoop.net.NetUtils.wrapWithMessage(NetUtils.java:913)
	at org.apache.hadoop.net.NetUtils.wrapException(NetUtils.java:828)
	at org.apache.hadoop.ipc.Client.getRpcResponse(Client.java:1577)
	at org.apache.hadoop.ipc.Client.call(Client.java:1519)
	at org.apache.hadoop.ipc.Client.call(Client.java:1416)
	at org.apache.hadoop.ipc.ProtobufRpcEngine$Invoker.invoke(ProtobufRpcEngine.java:236)
	at org.apache.hadoop.ipc.ProtobufRpcEngine$Invoker.invoke(ProtobufRpcEngine.java:123)
	at com.sun.proxy.$Proxy48.submitRequest(Unknown Source)
	at org.apache.hadoop.ozone.protocolPB.StorageContainerDatanodeProtocolClientSideTranslatorPB.submitRequest(StorageContainerDatanodeProtocolClientSideTranslatorPB.java:117)
	at org.apache.hadoop.ozone.protocolPB.StorageContainerDatanodeProtocolClientSideTranslatorPB.sendHeartbeat(StorageContainerDatanodeProtocolClientSideTranslatorPB.java:149)
	at org.apache.hadoop.ozone.container.common.states.endpoint.HeartbeatEndpointTask.call(HeartbeatEndpointTask.java:179)
	at org.apache.hadoop.ozone.container.common.states.endpoint.HeartbeatEndpointTask.call(HeartbeatEndpointTask.java:82)
	at java.util.concurrent.FutureTask.run(FutureTask.java:266)
	at java.util.concurrent.ThreadPoolExecutor.runWorker(ThreadPoolExecutor.java:1149)
	at java.util.concurrent.ThreadPoolExecutor$Worker.run(ThreadPoolExecutor.java:624)
	at java.lang.Thread.run(Thread.java:748)
Caused by: java.net.ConnectException: Connection refused
	at sun.nio.ch.SocketChannelImpl.checkConnect(Native Method)
	at sun.nio.ch.SocketChannelImpl.finishConnect(SocketChannelImpl.java:716)
	at org.apache.hadoop.net.SocketIOWithTimeout.connect(SocketIOWithTimeout.java:206)
	at org.apache.hadoop.net.NetUtils.connect(NetUtils.java:586)
	at org.apache.hadoop.ipc.Client$Connection.setupConnection(Client.java:701)
	at org.apache.hadoop.ipc.Client$Connection.setupIOstreams(Client.java:822)
	at org.apache.hadoop.ipc.Client$Connection.access$3800(Client.java:414)
	at org.apache.hadoop.ipc.Client.getConnection(Client.java:1647)
	at org.apache.hadoop.ipc.Client.call(Client.java:1463)
	... 12 more
2021-12-28 02:23:23,939 [EndpointStateMachine task thread for /127.0.0.1:13527 - 0 ] INFO  ipc.Client (Client.java:handleConnectionFailure(977)) - Retrying connect to server: localhost/127.0.0.1:13527. Already tried 14 time(s); retry policy is RetryUpToMaximumCountWithFixedSleep(maxRetries=15, sleepTime=1000 MILLISECONDS)
2021-12-28 02:23:23,940 [EndpointStateMachine task thread for /127.0.0.1:13527 - 0 ] WARN  statemachine.EndpointStateMachine (EndpointStateMachine.java:logIfNeeded(236)) - Unable to communicate to SCM server at localhost:13527 for past 0 seconds.
java.net.ConnectException: Call From fv-az184-560/10.1.0.14 to localhost:13527 failed on connection exception: java.net.ConnectException: Connection refused; For more details see:  http://wiki.apache.org/hadoop/ConnectionRefused
	at sun.reflect.NativeConstructorAccessorImpl.newInstance0(Native Method)
	at sun.reflect.NativeConstructorAccessorImpl.newInstance(NativeConstructorAccessorImpl.java:62)
	at sun.reflect.DelegatingConstructorAccessorImpl.newInstance(DelegatingConstructorAccessorImpl.java:45)
	at java.lang.reflect.Constructor.newInstance(Constructor.java:423)
	at org.apache.hadoop.net.NetUtils.wrapWithMessage(NetUtils.java:913)
	at org.apache.hadoop.net.NetUtils.wrapException(NetUtils.java:828)
	at org.apache.hadoop.ipc.Client.getRpcResponse(Client.java:1577)
	at org.apache.hadoop.ipc.Client.call(Client.java:1519)
	at org.apache.hadoop.ipc.Client.call(Client.java:1416)
	at org.apache.hadoop.ipc.ProtobufRpcEngine$Invoker.invoke(ProtobufRpcEngine.java:236)
	at org.apache.hadoop.ipc.ProtobufRpcEngine$Invoker.invoke(ProtobufRpcEngine.java:123)
	at com.sun.proxy.$Proxy48.submitRequest(Unknown Source)
	at org.apache.hadoop.ozone.protocolPB.StorageContainerDatanodeProtocolClientSideTranslatorPB.submitRequest(StorageContainerDatanodeProtocolClientSideTranslatorPB.java:117)
	at org.apache.hadoop.ozone.protocolPB.StorageContainerDatanodeProtocolClientSideTranslatorPB.sendHeartbeat(StorageContainerDatanodeProtocolClientSideTranslatorPB.java:149)
	at org.apache.hadoop.ozone.container.common.states.endpoint.HeartbeatEndpointTask.call(HeartbeatEndpointTask.java:179)
	at org.apache.hadoop.ozone.container.common.states.endpoint.HeartbeatEndpointTask.call(HeartbeatEndpointTask.java:82)
	at java.util.concurrent.FutureTask.run(FutureTask.java:266)
	at java.util.concurrent.ThreadPoolExecutor.runWorker(ThreadPoolExecutor.java:1149)
	at java.util.concurrent.ThreadPoolExecutor$Worker.run(ThreadPoolExecutor.java:624)
	at java.lang.Thread.run(Thread.java:748)
Caused by: java.net.ConnectException: Connection refused
	at sun.nio.ch.SocketChannelImpl.checkConnect(Native Method)
	at sun.nio.ch.SocketChannelImpl.finishConnect(SocketChannelImpl.java:716)
	at org.apache.hadoop.net.SocketIOWithTimeout.connect(SocketIOWithTimeout.java:206)
	at org.apache.hadoop.net.NetUtils.connect(NetUtils.java:586)
	at org.apache.hadoop.ipc.Client$Connection.setupConnection(Client.java:701)
	at org.apache.hadoop.ipc.Client$Connection.setupIOstreams(Client.java:822)
	at org.apache.hadoop.ipc.Client$Connection.access$3800(Client.java:414)
	at org.apache.hadoop.ipc.Client.getConnection(Client.java:1647)
	at org.apache.hadoop.ipc.Client.call(Client.java:1463)
	... 12 more
2021-12-28 02:23:23,940 [EndpointStateMachine task thread for /127.0.0.1:13537 - 0 ] INFO  ipc.Client (Client.java:handleConnectionFailure(977)) - Retrying connect to server: localhost/127.0.0.1:13537. Already tried 14 time(s); retry policy is RetryUpToMaximumCountWithFixedSleep(maxRetries=15, sleepTime=1000 MILLISECONDS)
2021-12-28 02:23:23,941 [EndpointStateMachine task thread for /127.0.0.1:13537 - 0 ] WARN  statemachine.EndpointStateMachine (EndpointStateMachine.java:logIfNeeded(236)) - Unable to communicate to SCM server at localhost:13537 for past 0 seconds.
java.net.ConnectException: Call From fv-az184-560/10.1.0.14 to localhost:13537 failed on connection exception: java.net.ConnectException: Connection refused; For more details see:  http://wiki.apache.org/hadoop/ConnectionRefused
	at sun.reflect.NativeConstructorAccessorImpl.newInstance0(Native Method)
	at sun.reflect.NativeConstructorAccessorImpl.newInstance(NativeConstructorAccessorImpl.java:62)
	at sun.reflect.DelegatingConstructorAccessorImpl.newInstance(DelegatingConstructorAccessorImpl.java:45)
	at java.lang.reflect.Constructor.newInstance(Constructor.java:423)
	at org.apache.hadoop.net.NetUtils.wrapWithMessage(NetUtils.java:913)
	at org.apache.hadoop.net.NetUtils.wrapException(NetUtils.java:828)
	at org.apache.hadoop.ipc.Client.getRpcResponse(Client.java:1577)
	at org.apache.hadoop.ipc.Client.call(Client.java:1519)
	at org.apache.hadoop.ipc.Client.call(Client.java:1416)
	at org.apache.hadoop.ipc.ProtobufRpcEngine$Invoker.invoke(ProtobufRpcEngine.java:236)
	at org.apache.hadoop.ipc.ProtobufRpcEngine$Invoker.invoke(ProtobufRpcEngine.java:123)
	at com.sun.proxy.$Proxy48.submitRequest(Unknown Source)
	at org.apache.hadoop.ozone.protocolPB.StorageContainerDatanodeProtocolClientSideTranslatorPB.submitRequest(StorageContainerDatanodeProtocolClientSideTranslatorPB.java:117)
	at org.apache.hadoop.ozone.protocolPB.StorageContainerDatanodeProtocolClientSideTranslatorPB.register(StorageContainerDatanodeProtocolClientSideTranslatorPB.java:180)
	at org.apache.hadoop.ozone.container.common.states.endpoint.RegisterEndpointTask.call(RegisterEndpointTask.java:158)
	at org.apache.hadoop.ozone.container.common.states.endpoint.RegisterEndpointTask.call(RegisterEndpointTask.java:52)
	at java.util.concurrent.FutureTask.run(FutureTask.java:266)
	at java.util.concurrent.ThreadPoolExecutor.runWorker(ThreadPoolExecutor.java:1149)
	at java.util.concurrent.ThreadPoolExecutor$Worker.run(ThreadPoolExecutor.java:624)
	at java.lang.Thread.run(Thread.java:748)
Caused by: java.net.ConnectException: Connection refused
	at sun.nio.ch.SocketChannelImpl.checkConnect(Native Method)
	at sun.nio.ch.SocketChannelImpl.finishConnect(SocketChannelImpl.java:716)
	at org.apache.hadoop.net.SocketIOWithTimeout.connect(SocketIOWithTimeout.java:206)
	at org.apache.hadoop.net.NetUtils.connect(NetUtils.java:586)
	at org.apache.hadoop.ipc.Client$Connection.setupConnection(Client.java:701)
	at org.apache.hadoop.ipc.Client$Connection.setupIOstreams(Client.java:822)
	at org.apache.hadoop.ipc.Client$Connection.access$3800(Client.java:414)
	at org.apache.hadoop.ipc.Client.getConnection(Client.java:1647)
	at org.apache.hadoop.ipc.Client.call(Client.java:1463)
	... 12 more
2021-12-28 02:23:24,925 [EndpointStateMachine task thread for /127.0.0.1:13517 - 0 ] INFO  ipc.Client (Client.java:handleConnectionFailure(977)) - Retrying connect to server: localhost/127.0.0.1:13517. Already tried 0 time(s); retry policy is RetryUpToMaximumCountWithFixedSleep(maxRetries=15, sleepTime=1000 MILLISECONDS)
2021-12-28 02:23:24,940 [EndpointStateMachine task thread for /127.0.0.1:13527 - 0 ] INFO  ipc.Client (Client.java:handleConnectionFailure(977)) - Retrying connect to server: localhost/127.0.0.1:13527. Already tried 0 time(s); retry policy is RetryUpToMaximumCountWithFixedSleep(maxRetries=15, sleepTime=1000 MILLISECONDS)
2021-12-28 02:23:24,941 [EndpointStateMachine task thread for /127.0.0.1:13537 - 0 ] INFO  ipc.Client (Client.java:handleConnectionFailure(977)) - Retrying connect to server: localhost/127.0.0.1:13537. Already tried 0 time(s); retry policy is RetryUpToMaximumCountWithFixedSleep(maxRetries=15, sleepTime=1000 MILLISECONDS)
2021-12-28 02:23:25,789 [Listener at 0.0.0.0/12511] INFO  retry.RetryInvocationHandler (RetryInvocationHandler.java:log(411)) - com.google.protobuf.ServiceException: java.net.ConnectException: Call From fv-az184-560/10.1.0.14 to localhost:12530 failed on connection exception: java.net.ConnectException: Connection refused; For more details see:  http://wiki.apache.org/hadoop/ConnectionRefused, while invoking $Proxy39.send over nodeId=scmNode-3,nodeAddress=/127.0.0.1:12530 after 2 failover attempts. Trying to failover after sleeping for 2000ms.
2021-12-28 02:23:25,926 [EndpointStateMachine task thread for /127.0.0.1:13517 - 0 ] INFO  ipc.Client (Client.java:handleConnectionFailure(977)) - Retrying connect to server: localhost/127.0.0.1:13517. Already tried 1 time(s); retry policy is RetryUpToMaximumCountWithFixedSleep(maxRetries=15, sleepTime=1000 MILLISECONDS)
2021-12-28 02:23:25,941 [EndpointStateMachine task thread for /127.0.0.1:13527 - 0 ] INFO  ipc.Client (Client.java:handleConnectionFailure(977)) - Retrying connect to server: localhost/127.0.0.1:13527. Already tried 1 time(s); retry policy is RetryUpToMaximumCountWithFixedSleep(maxRetries=15, sleepTime=1000 MILLISECONDS)
2021-12-28 02:23:25,942 [EndpointStateMachine task thread for /127.0.0.1:13537 - 0 ] INFO  ipc.Client (Client.java:handleConnectionFailure(977)) - Retrying connect to server: localhost/127.0.0.1:13537. Already tried 1 time(s); retry policy is RetryUpToMaximumCountWithFixedSleep(maxRetries=15, sleepTime=1000 MILLISECONDS)
2021-12-28 02:23:26,551 [85b08ac6-0f6d-42de-94fb-508f7dc90a3f@group-956FE40C5CB7-FollowerState] INFO  impl.FollowerState (FollowerState.java:run(134)) - 85b08ac6-0f6d-42de-94fb-508f7dc90a3f@group-956FE40C5CB7-FollowerState: change to CANDIDATE, lastRpcElapsedTime:5084114995ns, electionTimeout:5060ms
2021-12-28 02:23:26,551 [85b08ac6-0f6d-42de-94fb-508f7dc90a3f@group-956FE40C5CB7-FollowerState] INFO  impl.RoleInfo (RoleInfo.java:shutdownFollowerState(108)) - 85b08ac6-0f6d-42de-94fb-508f7dc90a3f: shutdown 85b08ac6-0f6d-42de-94fb-508f7dc90a3f@group-956FE40C5CB7-FollowerState
2021-12-28 02:23:26,552 [85b08ac6-0f6d-42de-94fb-508f7dc90a3f@group-956FE40C5CB7-FollowerState] INFO  server.RaftServer$Division (RaftServerImpl.java:setRole(290)) - 85b08ac6-0f6d-42de-94fb-508f7dc90a3f@group-956FE40C5CB7: changes role from  FOLLOWER to CANDIDATE at term 1 for changeToCandidate
2021-12-28 02:23:26,552 [85b08ac6-0f6d-42de-94fb-508f7dc90a3f@group-956FE40C5CB7-FollowerState] INFO  server.RaftServerConfigKeys (ConfUtils.java:logGet(44)) - raft.server.leaderelection.pre-vote = false (custom)
2021-12-28 02:23:26,552 [85b08ac6-0f6d-42de-94fb-508f7dc90a3f@group-956FE40C5CB7-FollowerState] INFO  impl.RoleInfo (RoleInfo.java:updateAndGet(130)) - 85b08ac6-0f6d-42de-94fb-508f7dc90a3f: start 85b08ac6-0f6d-42de-94fb-508f7dc90a3f@group-956FE40C5CB7-LeaderElection18
2021-12-28 02:23:26,577 [85b08ac6-0f6d-42de-94fb-508f7dc90a3f@group-956FE40C5CB7-LeaderElection18] INFO  impl.LeaderElection (LeaderElection.java:askForVotes(306)) - 85b08ac6-0f6d-42de-94fb-508f7dc90a3f@group-956FE40C5CB7-LeaderElection18 ELECTION round 0: submit vote requests at term 2 for 0: [85b08ac6-0f6d-42de-94fb-508f7dc90a3f|rpc:localhost:12508|admin:|client:|dataStream:|priority:0], old=null
2021-12-28 02:23:26,577 [85b08ac6-0f6d-42de-94fb-508f7dc90a3f@group-956FE40C5CB7-LeaderElection18] INFO  impl.LeaderElection (LeaderElection.java:askForVotes(308)) - 85b08ac6-0f6d-42de-94fb-508f7dc90a3f@group-956FE40C5CB7-LeaderElection18 ELECTION round 0: result PASSED (term=2)
2021-12-28 02:23:26,577 [85b08ac6-0f6d-42de-94fb-508f7dc90a3f@group-956FE40C5CB7-LeaderElection18] INFO  impl.RoleInfo (RoleInfo.java:shutdownLeaderElection(121)) - 85b08ac6-0f6d-42de-94fb-508f7dc90a3f: shutdown 85b08ac6-0f6d-42de-94fb-508f7dc90a3f@group-956FE40C5CB7-LeaderElection18
2021-12-28 02:23:26,577 [85b08ac6-0f6d-42de-94fb-508f7dc90a3f@group-956FE40C5CB7-LeaderElection18] INFO  server.RaftServer$Division (RaftServerImpl.java:setRole(290)) - 85b08ac6-0f6d-42de-94fb-508f7dc90a3f@group-956FE40C5CB7: changes role from CANDIDATE to LEADER at term 2 for changeToLeader
2021-12-28 02:23:26,577 [85b08ac6-0f6d-42de-94fb-508f7dc90a3f@group-956FE40C5CB7-LeaderElection18] INFO  ha.SCMStateMachine (SCMStateMachine.java:notifyLeaderChanged(259)) - current SCM becomes leader of term 2.
2021-12-28 02:23:26,577 [85b08ac6-0f6d-42de-94fb-508f7dc90a3f@group-956FE40C5CB7-LeaderElection18] INFO  ha.SCMContext (SCMContext.java:updateLeaderAndTerm(90)) - update <isLeader,term> from <false,0> to <true,2>
2021-12-28 02:23:26,577 [85b08ac6-0f6d-42de-94fb-508f7dc90a3f@group-956FE40C5CB7-LeaderElection18] INFO  server.RaftServer$Division (ServerState.java:setLeader(285)) - 85b08ac6-0f6d-42de-94fb-508f7dc90a3f@group-956FE40C5CB7: change Leader from null to 85b08ac6-0f6d-42de-94fb-508f7dc90a3f at term 2 for becomeLeader, leader elected after 5244ms
2021-12-28 02:23:26,577 [85b08ac6-0f6d-42de-94fb-508f7dc90a3f@group-956FE40C5CB7-LeaderElection18] INFO  server.RaftServerConfigKeys (ConfUtils.java:logGet(44)) - raft.server.staging.catchup.gap = 1000 (default)
2021-12-28 02:23:26,578 [85b08ac6-0f6d-42de-94fb-508f7dc90a3f@group-956FE40C5CB7-LeaderElection18] INFO  server.RaftServerConfigKeys (ConfUtils.java:logGet(44)) - raft.server.write.element-limit = 4096 (default)
2021-12-28 02:23:26,578 [85b08ac6-0f6d-42de-94fb-508f7dc90a3f@group-956FE40C5CB7-LeaderElection18] INFO  server.RaftServerConfigKeys (ConfUtils.java:logGet(44)) - raft.server.write.byte-limit = 64MB (=67108864) (default)
2021-12-28 02:23:26,578 [85b08ac6-0f6d-42de-94fb-508f7dc90a3f@group-956FE40C5CB7-LeaderElection18] INFO  server.RaftServerConfigKeys (ConfUtils.java:logGet(44)) - raft.server.watch.timeout = 10s (default)
2021-12-28 02:23:26,578 [85b08ac6-0f6d-42de-94fb-508f7dc90a3f@group-956FE40C5CB7-LeaderElection18] INFO  server.RaftServerConfigKeys (ConfUtils.java:logGet(44)) - raft.server.watch.timeout.denomination = 1s (default)
2021-12-28 02:23:26,578 [85b08ac6-0f6d-42de-94fb-508f7dc90a3f@group-956FE40C5CB7-LeaderElection18] INFO  server.RaftServerConfigKeys (ConfUtils.java:logGet(44)) - raft.server.watch.element-limit = 65536 (default)
2021-12-28 02:23:26,578 [85b08ac6-0f6d-42de-94fb-508f7dc90a3f@group-956FE40C5CB7-LeaderElection18] INFO  server.RaftServerConfigKeys (ConfUtils.java:logGet(44)) - raft.server.write.element-limit = 4096 (default)
2021-12-28 02:23:26,578 [85b08ac6-0f6d-42de-94fb-508f7dc90a3f@group-956FE40C5CB7-LeaderElection18] INFO  server.RaftServerConfigKeys (ConfUtils.java:logGet(44)) - raft.server.write.follower.gap.ratio.max = -1.0 (default)
2021-12-28 02:23:26,578 [85b08ac6-0f6d-42de-94fb-508f7dc90a3f@group-956FE40C5CB7-LeaderElection18] INFO  impl.RoleInfo (RoleInfo.java:updateAndGet(130)) - 85b08ac6-0f6d-42de-94fb-508f7dc90a3f: start 85b08ac6-0f6d-42de-94fb-508f7dc90a3f@group-956FE40C5CB7-LeaderStateImpl
2021-12-28 02:23:26,579 [85b08ac6-0f6d-42de-94fb-508f7dc90a3f@group-956FE40C5CB7-LeaderElection18] INFO  segmented.SegmentedRaftLogWorker (SegmentedRaftLogWorker.java:rollLogSegment(399)) - 85b08ac6-0f6d-42de-94fb-508f7dc90a3f@group-956FE40C5CB7-SegmentedRaftLogWorker: Rolling segment log-0_0 to index:0
2021-12-28 02:23:26,581 [85b08ac6-0f6d-42de-94fb-508f7dc90a3f@group-956FE40C5CB7-SegmentedRaftLogWorker] INFO  segmented.SegmentedRaftLogWorker (SegmentedRaftLogWorker.java:execute(558)) - 85b08ac6-0f6d-42de-94fb-508f7dc90a3f@group-956FE40C5CB7-SegmentedRaftLogWorker: Rolled log segment from /home/runner/work/ozone/ozone/hadoop-ozone/integration-test/target/test-dir/MiniOzoneClusterImpl-b5c7e046-d456-4649-9d8a-956fe40c5cb7/scmNode-1/scm-ha/b5c7e046-d456-4649-9d8a-956fe40c5cb7/current/log_inprogress_0 to /home/runner/work/ozone/ozone/hadoop-ozone/integration-test/target/test-dir/MiniOzoneClusterImpl-b5c7e046-d456-4649-9d8a-956fe40c5cb7/scmNode-1/scm-ha/b5c7e046-d456-4649-9d8a-956fe40c5cb7/current/log_0-0
2021-12-28 02:23:26,602 [85b08ac6-0f6d-42de-94fb-508f7dc90a3f@group-956FE40C5CB7-LeaderElection18] INFO  server.RaftServer$Division (ServerState.java:setRaftConf(387)) - 85b08ac6-0f6d-42de-94fb-508f7dc90a3f@group-956FE40C5CB7: set configuration 1: [85b08ac6-0f6d-42de-94fb-508f7dc90a3f|rpc:localhost:12508|admin:|client:|dataStream:|priority:0], old=null
2021-12-28 02:23:26,606 [85b08ac6-0f6d-42de-94fb-508f7dc90a3f@group-956FE40C5CB7-SegmentedRaftLogWorker] INFO  segmented.SegmentedRaftLogWorker (SegmentedRaftLogWorker.java:execute(601)) - 85b08ac6-0f6d-42de-94fb-508f7dc90a3f@group-956FE40C5CB7-SegmentedRaftLogWorker: created new log segment /home/runner/work/ozone/ozone/hadoop-ozone/integration-test/target/test-dir/MiniOzoneClusterImpl-b5c7e046-d456-4649-9d8a-956fe40c5cb7/scmNode-1/scm-ha/b5c7e046-d456-4649-9d8a-956fe40c5cb7/current/log_inprogress_1
2021-12-28 02:23:26,609 [85b08ac6-0f6d-42de-94fb-508f7dc90a3f@group-956FE40C5CB7-StateMachineUpdater] INFO  ha.SCMContext (SCMContext.java:setLeaderReady(117)) - update <isLeaderReady> from <false> to <true>
2021-12-28 02:23:26,610 [85b08ac6-0f6d-42de-94fb-508f7dc90a3f@group-956FE40C5CB7-StateMachineUpdater] INFO  pipeline.BackgroundPipelineCreator (BackgroundPipelineCreator.java:notifyStatusChanged(264)) - Service BackgroundPipelineCreator transitions to RUNNING.
2021-12-28 02:23:26,610 [85b08ac6-0f6d-42de-94fb-508f7dc90a3f@group-956FE40C5CB7-StateMachineUpdater] INFO  safemode.HealthyPipelineSafeModeRule (HealthyPipelineSafeModeRule.java:initializeRule(152)) - Refreshed total pipeline count is 0, healthy pipeline threshold count is 1
2021-12-28 02:23:26,610 [85b08ac6-0f6d-42de-94fb-508f7dc90a3f@group-956FE40C5CB7-StateMachineUpdater] INFO  safemode.ContainerSafeModeRule (ContainerSafeModeRule.java:reInitializeRule(177)) - Refreshed one replica container threshold 0, currentThreshold 0
2021-12-28 02:23:26,610 [85b08ac6-0f6d-42de-94fb-508f7dc90a3f@group-956FE40C5CB7-StateMachineUpdater] INFO  safemode.OneReplicaPipelineSafeModeRule (OneReplicaPipelineSafeModeRule.java:initializeRule(176)) - Refreshed Total pipeline count is 0, pipeline's with at least one datanode reported threshold count is 0
2021-12-28 02:23:26,610 [85b08ac6-0f6d-42de-94fb-508f7dc90a3f@group-956FE40C5CB7-StateMachineUpdater] INFO  server.SCMDatanodeProtocolServer (SCMDatanodeProtocolServer.java:start(181)) - ScmDatanodeProtocol RPC server for DataNodes is listening at /0.0.0.0:12509
2021-12-28 02:23:26,626 [IPC Server listener on 12509] INFO  ipc.Server (Server.java:run(1344)) - IPC Server listener on 12509: starting
2021-12-28 02:23:26,658 [IPC Server Responder] INFO  ipc.Server (Server.java:run(1507)) - IPC Server Responder: starting
2021-12-28 02:23:26,926 [EndpointStateMachine task thread for /127.0.0.1:13517 - 0 ] INFO  ipc.Client (Client.java:handleConnectionFailure(977)) - Retrying connect to server: localhost/127.0.0.1:13517. Already tried 2 time(s); retry policy is RetryUpToMaximumCountWithFixedSleep(maxRetries=15, sleepTime=1000 MILLISECONDS)
2021-12-28 02:23:26,941 [EndpointStateMachine task thread for /127.0.0.1:13527 - 0 ] INFO  ipc.Client (Client.java:handleConnectionFailure(977)) - Retrying connect to server: localhost/127.0.0.1:13527. Already tried 2 time(s); retry policy is RetryUpToMaximumCountWithFixedSleep(maxRetries=15, sleepTime=1000 MILLISECONDS)
2021-12-28 02:23:26,942 [EndpointStateMachine task thread for /127.0.0.1:13537 - 0 ] INFO  ipc.Client (Client.java:handleConnectionFailure(977)) - Retrying connect to server: localhost/127.0.0.1:13537. Already tried 2 time(s); retry policy is RetryUpToMaximumCountWithFixedSleep(maxRetries=15, sleepTime=1000 MILLISECONDS)
2021-12-28 02:23:27,793 [Listener at 0.0.0.0/12511] INFO  server.StorageContainerManager (StorageContainerManager.java:scmBootstrap(987)) - SCM BootStrap  is successful for ClusterID b5c7e046-d456-4649-9d8a-956fe40c5cb7, SCMID efeceff2-b5a5-497a-a96d-e28250e5a95d
2021-12-28 02:23:27,793 [Listener at 0.0.0.0/12511] INFO  server.StorageContainerManager (StorageContainerManager.java:scmBootstrap(989)) - Primary SCM Node ID 85b08ac6-0f6d-42de-94fb-508f7dc90a3f
2021-12-28 02:23:27,793 [Listener at 0.0.0.0/12511] INFO  ha.SCMHANodeDetails (SCMHANodeDetails.java:loadSCMHAConfig(157)) - ServiceID for StorageContainerManager is scm-service-test1
2021-12-28 02:23:27,793 [Listener at 0.0.0.0/12511] INFO  ha.SCMHANodeDetails (SCMHANodeDetails.java:loadSCMHAConfig(168)) - ServiceID for StorageContainerManager is scm-service-test1
2021-12-28 02:23:27,793 [Listener at 0.0.0.0/12511] WARN  scm.ScmUtils (ScmUtils.java:logWarn(179)) - ConfigKey ozone.scm.block.client.address is deprecated, For configuring different ports for each SCM use PortConfigKey ozone.scm.block.client.port appended with serviceId and nodeId. If want to configure same port configure ozone.scm.block.client.port
2021-12-28 02:23:27,794 [Listener at 0.0.0.0/12511] WARN  scm.ScmUtils (ScmUtils.java:logWarn(179)) - ConfigKey ozone.scm.client.address is deprecated, For configuring different ports for each SCM use PortConfigKey ozone.scm.client.port appended with serviceId and nodeId. If want to configure same port configure ozone.scm.client.port
2021-12-28 02:23:27,794 [Listener at 0.0.0.0/12511] WARN  scm.ScmUtils (ScmUtils.java:logWarn(179)) - ConfigKey ozone.scm.datanode.address is deprecated, For configuring different ports for each SCM use PortConfigKey ozone.scm.datanode.port appended with serviceId and nodeId. If want to configure same port configure ozone.scm.datanode.port
2021-12-28 02:23:27,794 [Listener at 0.0.0.0/12511] WARN  scm.ScmUtils (ScmUtils.java:logWarn(179)) - ConfigKey ozone.scm.block.client.address is deprecated, For configuring different ports for each SCM use PortConfigKey ozone.scm.block.client.port appended with serviceId and nodeId. If want to configure same port configure ozone.scm.block.client.port
2021-12-28 02:23:27,794 [Listener at 0.0.0.0/12511] WARN  scm.ScmUtils (ScmUtils.java:logWarn(179)) - ConfigKey ozone.scm.client.address is deprecated, For configuring different ports for each SCM use PortConfigKey ozone.scm.client.port appended with serviceId and nodeId. If want to configure same port configure ozone.scm.client.port
2021-12-28 02:23:27,795 [Listener at 0.0.0.0/12511] WARN  scm.ScmUtils (ScmUtils.java:logWarn(179)) - ConfigKey ozone.scm.datanode.address is deprecated, For configuring different ports for each SCM use PortConfigKey ozone.scm.datanode.port appended with serviceId and nodeId. If want to configure same port configure ozone.scm.datanode.port
2021-12-28 02:23:27,795 [Listener at 0.0.0.0/12511] INFO  ha.SCMHANodeDetails (SCMHANodeDetails.java:loadSCMHAConfig(250)) - Found matching SCM address with SCMServiceId: scm-service-test1, SCMNodeId: scmNode-2, RPC Address: localhost:12518 and Ratis port: 12518
2021-12-28 02:23:27,795 [Listener at 0.0.0.0/12511] INFO  ha.SCMHANodeDetails (ConfUtils.java:setNodeSpecificConfigs(108)) - Setting configuration key ozone.scm.datanode.address with value of key ozone.scm.datanode.address.scm-service-test1.scmNode-2: 127.0.0.1:12519
2021-12-28 02:23:27,795 [Listener at 0.0.0.0/12511] INFO  ha.SCMHANodeDetails (ConfUtils.java:setNodeSpecificConfigs(108)) - Setting configuration key ozone.scm.block.client.address with value of key ozone.scm.block.client.address.scm-service-test1.scmNode-2: 127.0.0.1:12520
2021-12-28 02:23:27,795 [Listener at 0.0.0.0/12511] INFO  ha.SCMHANodeDetails (ConfUtils.java:setNodeSpecificConfigs(108)) - Setting configuration key ozone.scm.client.address with value of key ozone.scm.client.address.scm-service-test1.scmNode-2: 127.0.0.1:12521
2021-12-28 02:23:27,796 [Listener at 0.0.0.0/12511] INFO  ha.SCMHANodeDetails (ConfUtils.java:setNodeSpecificConfigs(108)) - Setting configuration key ozone.scm.ratis.port with value of key ozone.scm.ratis.port.scm-service-test1.scmNode-2: 12518
2021-12-28 02:23:27,796 [Listener at 0.0.0.0/12511] INFO  ha.SCMHANodeDetails (ConfUtils.java:setNodeSpecificConfigs(108)) - Setting configuration key ozone.scm.grpc.port with value of key ozone.scm.grpc.port.scm-service-test1.scmNode-2: 12522
2021-12-28 02:23:27,796 [Listener at 0.0.0.0/12511] INFO  ha.SCMHANodeDetails (ConfUtils.java:setNodeSpecificConfigs(108)) - Setting configuration key ozone.scm.http-address with value of key ozone.scm.http-address.scm-service-test1.scmNode-2: 127.0.0.1:12516
2021-12-28 02:23:27,796 [Listener at 0.0.0.0/12511] INFO  ha.SCMHANodeDetails (ConfUtils.java:setNodeSpecificConfigs(108)) - Setting configuration key ozone.scm.https-address with value of key ozone.scm.https-address.scm-service-test1.scmNode-2: 127.0.0.1:12517
2021-12-28 02:23:27,802 [Listener at 0.0.0.0/12511] INFO  ha.SCMHANodeDetails (ConfUtils.java:setNodeSpecificConfigs(108)) - Setting configuration key ozone.scm.address with value of key ozone.scm.address.scm-service-test1.scmNode-2: 127.0.0.1
2021-12-28 02:23:27,802 [Listener at 0.0.0.0/12511] WARN  scm.ScmUtils (ScmUtils.java:logWarn(179)) - ConfigKey ozone.scm.block.client.address is deprecated, For configuring different ports for each SCM use PortConfigKey ozone.scm.block.client.port appended with serviceId and nodeId. If want to configure same port configure ozone.scm.block.client.port
2021-12-28 02:23:27,802 [Listener at 0.0.0.0/12511] WARN  scm.ScmUtils (ScmUtils.java:logWarn(179)) - ConfigKey ozone.scm.client.address is deprecated, For configuring different ports for each SCM use PortConfigKey ozone.scm.client.port appended with serviceId and nodeId. If want to configure same port configure ozone.scm.client.port
2021-12-28 02:23:27,803 [Listener at 0.0.0.0/12511] WARN  scm.ScmUtils (ScmUtils.java:logWarn(179)) - ConfigKey ozone.scm.datanode.address is deprecated, For configuring different ports for each SCM use PortConfigKey ozone.scm.datanode.port appended with serviceId and nodeId. If want to configure same port configure ozone.scm.datanode.port
2021-12-28 02:23:27,803 [Listener at 0.0.0.0/12511] WARN  server.ServerUtils (ServerUtils.java:getScmDbDir(148)) - ozone.scm.db.dirs is not configured. We recommend adding this setting. Falling back to ozone.metadata.dirs instead.
2021-12-28 02:23:27,804 [Listener at 0.0.0.0/12511] INFO  upgrade.AbstractLayoutVersionManager (AbstractLayoutVersionManager.java:init(79)) - Initializing Layout version manager with metadata layout = SCM_HA (version = 2), software layout = SCM_HA (version = 2)
2021-12-28 02:23:27,927 [EndpointStateMachine task thread for /127.0.0.1:13517 - 0 ] INFO  ipc.Client (Client.java:handleConnectionFailure(977)) - Retrying connect to server: localhost/127.0.0.1:13517. Already tried 3 time(s); retry policy is RetryUpToMaximumCountWithFixedSleep(maxRetries=15, sleepTime=1000 MILLISECONDS)
2021-12-28 02:23:27,942 [EndpointStateMachine task thread for /127.0.0.1:13527 - 0 ] INFO  ipc.Client (Client.java:handleConnectionFailure(977)) - Retrying connect to server: localhost/127.0.0.1:13527. Already tried 3 time(s); retry policy is RetryUpToMaximumCountWithFixedSleep(maxRetries=15, sleepTime=1000 MILLISECONDS)
2021-12-28 02:23:27,942 [EndpointStateMachine task thread for /127.0.0.1:13537 - 0 ] INFO  ipc.Client (Client.java:handleConnectionFailure(977)) - Retrying connect to server: localhost/127.0.0.1:13537. Already tried 3 time(s); retry policy is RetryUpToMaximumCountWithFixedSleep(maxRetries=15, sleepTime=1000 MILLISECONDS)
2021-12-28 02:23:27,944 [Listener at 0.0.0.0/12511] INFO  reflections.Reflections (Reflections.java:scan(232)) - Reflections took 139 ms to scan 7 urls, producing 119 keys and 279 values 
2021-12-28 02:23:27,945 [Listener at 0.0.0.0/12511] WARN  utils.HAUtils (HAUtils.java:getMetaDir(342)) - ozone.scm.db.dirs is not configured. We recommend adding this setting. Falling back to ozone.metadata.dirs instead.
2021-12-28 02:23:27,951 [Listener at 0.0.0.0/12511] WARN  db.DBStoreBuilder (DBStoreBuilder.java:applyDBDefinition(145)) - ozone.scm.db.dirs is not configured. We recommend adding this setting. Falling back to ozone.metadata.dirs instead.
2021-12-28 02:23:28,133 [Listener at 0.0.0.0/12511] INFO  net.NodeSchemaLoader (NodeSchemaLoader.java:loadSchemaFromFile(129)) - Loading schema from [jar:file:/home/runner/.m2/repository/org/apache/ozone/hdds-common/1.3.0-SNAPSHOT/hdds-common-1.3.0-SNAPSHOT.jar!/network-topology-default.xml]
2021-12-28 02:23:28,133 [Listener at 0.0.0.0/12511] INFO  net.NodeSchemaLoader (NodeSchemaLoader.java:loadSchema(176)) - Loading network topology layer schema file
2021-12-28 02:23:28,135 [Listener at 0.0.0.0/12511] WARN  impl.MetricRegistriesImpl (MetricRegistriesImpl.java:addReporterRegistration(111)) - New reporters are added after registries were created. Some metrics will be missing from the reporter. Please add reporter before adding any new registry.
2021-12-28 02:23:28,138 [Listener at 0.0.0.0/12511] WARN  impl.MetricRegistriesImpl (MetricRegistriesImpl.java:addReporterRegistration(111)) - New reporters are added after registries were created. Some metrics will be missing from the reporter. Please add reporter before adding any new registry.
2021-12-28 02:23:28,147 [Listener at 0.0.0.0/12511] INFO  ha.SCMRatisServerImpl (SCMRatisServerImpl.java:<init>(87)) - starting Raft server for scm:efeceff2-b5a5-497a-a96d-e28250e5a95d
2021-12-28 02:23:28,147 [Listener at 0.0.0.0/12511] INFO  server.RaftServer (ConfUtils.java:logGet(44)) - raft.rpc.type = GRPC (default)
2021-12-28 02:23:28,148 [Listener at 0.0.0.0/12511] INFO  grpc.GrpcFactory (GrpcFactory.java:checkPooledByteBufAllocatorUseCacheForAllThreads(48)) - PERFORMANCE WARNING: useCacheForAllThreads is true that may cause Netty to create a lot garbage objects and, as a result, trigger GC.
	It is recommended to disable useCacheForAllThreads by setting -Dorg.apache.ratis.thirdparty.io.netty.allocator.useCacheForAllThreads=false in command line.
2021-12-28 02:23:28,148 [Listener at 0.0.0.0/12511] INFO  grpc.GrpcConfigKeys (ConfUtils.java:logGet(44)) - raft.grpc.admin.port = -1 (default)
2021-12-28 02:23:28,148 [Listener at 0.0.0.0/12511] INFO  grpc.GrpcConfigKeys (ConfUtils.java:logGet(44)) - raft.grpc.server.port = 12518 (custom)
2021-12-28 02:23:28,148 [Listener at 0.0.0.0/12511] INFO  grpc.GrpcConfigKeys (ConfUtils.java:logGet(44)) - raft.grpc.client.port = -1 (default)
2021-12-28 02:23:28,148 [Listener at 0.0.0.0/12511] INFO  grpc.GrpcConfigKeys (ConfUtils.java:logGet(44)) - raft.grpc.server.port = 12518 (custom)
2021-12-28 02:23:28,148 [Listener at 0.0.0.0/12511] INFO  grpc.GrpcConfigKeys (ConfUtils.java:logGet(44)) - raft.grpc.server.port = 12518 (custom)
2021-12-28 02:23:28,149 [Listener at 0.0.0.0/12511] INFO  server.GrpcService (ConfUtils.java:logGet(44)) - raft.grpc.message.size.max = 32m (=33554432) (custom)
2021-12-28 02:23:28,149 [Listener at 0.0.0.0/12511] INFO  server.RaftServerConfigKeys (ConfUtils.java:logGet(44)) - raft.server.log.appender.buffer.byte-limit = 33554432 (custom)
2021-12-28 02:23:28,149 [Listener at 0.0.0.0/12511] INFO  server.GrpcService (ConfUtils.java:logGet(44)) - raft.grpc.flow.control.window = 1MB (=1048576) (default)
2021-12-28 02:23:28,149 [Listener at 0.0.0.0/12511] INFO  server.RaftServerConfigKeys (ConfUtils.java:logGet(44)) - raft.server.rpc.request.timeout = 30000ms (custom)
2021-12-28 02:23:28,150 [Listener at 0.0.0.0/12511] INFO  impl.DataStreamServerImpl (ConfUtils.java:logGet(44)) - raft.datastream.type = DISABLED (default)
2021-12-28 02:23:28,151 [Listener at 0.0.0.0/12511] INFO  server.RaftServerConfigKeys (ConfUtils.java:logGet(44)) - raft.server.rpc.slowness.timeout = 120000ms (custom)
2021-12-28 02:23:28,151 [Listener at 0.0.0.0/12511] INFO  server.RaftServerConfigKeys (ConfUtils.java:logGet(44)) - raft.server.leaderelection.leader.step-down.wait-time = 10s (default)
2021-12-28 02:23:28,151 [Listener at 0.0.0.0/12511] INFO  server.RaftServerConfigKeys (ConfUtils.java:logGet(44)) - raft.server.storage.dir = [/home/runner/work/ozone/ozone/hadoop-ozone/integration-test/target/test-dir/MiniOzoneClusterImpl-b5c7e046-d456-4649-9d8a-956fe40c5cb7/scmNode-2/scm-ha] (custom)
2021-12-28 02:23:28,151 [Listener at 0.0.0.0/12511] INFO  server.RaftServer (RaftServerProxy.java:addNew(95)) - efeceff2-b5a5-497a-a96d-e28250e5a95d: addNew group-956FE40C5CB7:[] returns group-956FE40C5CB7:java.util.concurrent.CompletableFuture@682c8352[Not completed]
2021-12-28 02:23:28,152 [pool-230-thread-1] INFO  server.RaftServer$Division (RaftServerImpl.java:<init>(184)) - efeceff2-b5a5-497a-a96d-e28250e5a95d: new RaftServerImpl for group-956FE40C5CB7:[] with SCMStateMachine:uninitialized
2021-12-28 02:23:28,155 [pool-230-thread-1] INFO  server.RaftServerConfigKeys (ConfUtils.java:logGet(44)) - raft.server.rpc.timeout.min = 5000ms (custom)
2021-12-28 02:23:28,155 [pool-230-thread-1] INFO  server.RaftServerConfigKeys (ConfUtils.java:logGet(44)) - raft.server.rpc.timeout.max = 5200ms (custom)
2021-12-28 02:23:28,155 [pool-230-thread-1] INFO  server.RaftServerConfigKeys (ConfUtils.java:logGet(44)) - raft.server.rpc.sleep.time = 25ms (default)
2021-12-28 02:23:28,155 [pool-230-thread-1] INFO  server.RaftServerConfigKeys (ConfUtils.java:logGet(44)) - raft.server.rpc.slowness.timeout = 120000ms (custom)
2021-12-28 02:23:28,155 [pool-230-thread-1] INFO  server.RaftServerConfigKeys (ConfUtils.java:logGet(44)) - raft.server.leaderelection.leader.step-down.wait-time = 10s (default)
2021-12-28 02:23:28,155 [pool-230-thread-1] INFO  server.RaftServerConfigKeys (ConfUtils.java:logGet(44)) - raft.server.sleep.deviation.threshold = 300ms (default)
2021-12-28 02:23:28,155 [pool-230-thread-1] INFO  server.RaftServerConfigKeys (ConfUtils.java:logGet(44)) - raft.server.log.appender.install.snapshot.enabled = false (custom)
2021-12-28 02:23:28,155 [pool-230-thread-1] INFO  server.RaftServer$Division (ServerState.java:<init>(105)) - efeceff2-b5a5-497a-a96d-e28250e5a95d@group-956FE40C5CB7: ConfigurationManager, init=-1: [], old=null, confs=<EMPTY_MAP>
2021-12-28 02:23:28,155 [pool-230-thread-1] INFO  server.RaftServerConfigKeys (ConfUtils.java:logGet(44)) - raft.server.storage.dir = [/home/runner/work/ozone/ozone/hadoop-ozone/integration-test/target/test-dir/MiniOzoneClusterImpl-b5c7e046-d456-4649-9d8a-956fe40c5cb7/scmNode-2/scm-ha] (custom)
2021-12-28 02:23:28,156 [pool-230-thread-1] INFO  server.RaftServerConfigKeys (ConfUtils.java:logGet(44)) - raft.server.log.corruption.policy = EXCEPTION (default)
2021-12-28 02:23:28,156 [pool-230-thread-1] INFO  server.RaftServerConfigKeys (ConfUtils.java:logGet(44)) - raft.server.storage.free-space.min = 0MB (=0) (default)
2021-12-28 02:23:28,156 [pool-230-thread-1] INFO  storage.RaftStorageDirectory (RaftStorageDirectoryImpl.java:analyzeStorage(135)) - The storage directory /home/runner/work/ozone/ozone/hadoop-ozone/integration-test/target/test-dir/MiniOzoneClusterImpl-b5c7e046-d456-4649-9d8a-956fe40c5cb7/scmNode-2/scm-ha/b5c7e046-d456-4649-9d8a-956fe40c5cb7 does not exist. Creating ...
2021-12-28 02:23:28,159 [pool-230-thread-1] INFO  storage.RaftStorageDirectory (RaftStorageDirectoryImpl.java:tryLock(230)) - Lock on /home/runner/work/ozone/ozone/hadoop-ozone/integration-test/target/test-dir/MiniOzoneClusterImpl-b5c7e046-d456-4649-9d8a-956fe40c5cb7/scmNode-2/scm-ha/b5c7e046-d456-4649-9d8a-956fe40c5cb7/in_use.lock acquired by nodename 8510@fv-az184-560
2021-12-28 02:23:28,167 [pool-230-thread-1] INFO  storage.RaftStorage (RaftStorageImpl.java:format(89)) - Storage directory /home/runner/work/ozone/ozone/hadoop-ozone/integration-test/target/test-dir/MiniOzoneClusterImpl-b5c7e046-d456-4649-9d8a-956fe40c5cb7/scmNode-2/scm-ha/b5c7e046-d456-4649-9d8a-956fe40c5cb7 has been successfully formatted.
2021-12-28 02:23:28,168 [pool-230-thread-1] INFO  server.RaftServerConfigKeys (ConfUtils.java:logGet(44)) - raft.server.notification.no-leader.timeout = 60s (default)
2021-12-28 02:23:28,168 [pool-230-thread-1] INFO  server.RaftServerConfigKeys (ConfUtils.java:logGet(44)) - raft.server.log.use.memory = false (default)
2021-12-28 02:23:28,168 [pool-230-thread-1] INFO  server.RaftServerConfigKeys (ConfUtils.java:logGet(44)) - raft.server.log.purge.gap = 5 (custom)
2021-12-28 02:23:28,168 [pool-230-thread-1] INFO  server.RaftServerConfigKeys (ConfUtils.java:logGet(44)) - raft.server.log.appender.buffer.byte-limit = 33554432 (custom)
2021-12-28 02:23:28,168 [pool-230-thread-1] INFO  server.RaftServerConfigKeys (ConfUtils.java:logGet(44)) - raft.server.log.segment.size.max = 4194304 (custom)
2021-12-28 02:23:28,168 [pool-230-thread-1] INFO  server.RaftServerConfigKeys (ConfUtils.java:logGet(44)) - raft.server.log.segment.cache.num.max = 2 (custom)
2021-12-28 02:23:28,168 [pool-230-thread-1] INFO  server.RaftServerConfigKeys (ConfUtils.java:logGet(44)) - raft.server.log.segment.cache.size.max = 200MB (=209715200) (default)
2021-12-28 02:23:28,169 [pool-230-thread-1] INFO  segmented.SegmentedRaftLogWorker (SegmentedRaftLogWorker.java:<init>(182)) - new efeceff2-b5a5-497a-a96d-e28250e5a95d@group-956FE40C5CB7-SegmentedRaftLogWorker for RaftStorageImpl:Storage Directory /home/runner/work/ozone/ozone/hadoop-ozone/integration-test/target/test-dir/MiniOzoneClusterImpl-b5c7e046-d456-4649-9d8a-956fe40c5cb7/scmNode-2/scm-ha/b5c7e046-d456-4649-9d8a-956fe40c5cb7
2021-12-28 02:23:28,169 [pool-230-thread-1] INFO  server.RaftServerConfigKeys (ConfUtils.java:logGet(44)) - raft.server.log.queue.byte-limit = 64MB (=67108864) (default)
2021-12-28 02:23:28,169 [pool-230-thread-1] INFO  server.RaftServerConfigKeys (ConfUtils.java:logGet(44)) - raft.server.log.queue.element-limit = 4096 (default)
2021-12-28 02:23:28,169 [pool-230-thread-1] INFO  server.RaftServerConfigKeys (ConfUtils.java:logGet(44)) - raft.server.log.segment.size.max = 4194304 (custom)
2021-12-28 02:23:28,169 [pool-230-thread-1] INFO  server.RaftServerConfigKeys (ConfUtils.java:logGet(44)) - raft.server.log.preallocated.size = 4194304 (custom)
2021-12-28 02:23:28,169 [pool-230-thread-1] INFO  server.RaftServerConfigKeys (ConfUtils.java:logGet(44)) - raft.server.log.force.sync.num = 128 (default)
2021-12-28 02:23:28,169 [pool-230-thread-1] INFO  server.RaftServerConfigKeys (ConfUtils.java:logGet(44)) - raft.server.log.statemachine.data.sync = true (default)
2021-12-28 02:23:28,169 [pool-230-thread-1] INFO  server.RaftServerConfigKeys (ConfUtils.java:logGet(44)) - raft.server.log.statemachine.data.sync.timeout = 10s (default)
2021-12-28 02:23:28,169 [pool-230-thread-1] INFO  server.RaftServerConfigKeys (ConfUtils.java:logGet(44)) - raft.server.log.statemachine.data.sync.timeout.retry = -1 (default)
2021-12-28 02:23:28,170 [pool-230-thread-1] INFO  server.RaftServerConfigKeys (ConfUtils.java:logGet(44)) - raft.server.log.write.buffer.size = 64KB (=65536) (default)
2021-12-28 02:23:28,170 [pool-230-thread-1] INFO  server.RaftServerConfigKeys (ConfUtils.java:logGet(44)) - raft.server.log.statemachine.data.caching.enabled = false (default)
2021-12-28 02:23:28,170 [pool-230-thread-1] INFO  segmented.SegmentedRaftLogWorker (SegmentedRaftLogWorker.java:lambda$new$0(133)) - efeceff2-b5a5-497a-a96d-e28250e5a95d@group-956FE40C5CB7-SegmentedRaftLogWorker: flushIndex: setUnconditionally 0 -> -1
2021-12-28 02:23:28,170 [pool-230-thread-1] INFO  segmented.SegmentedRaftLogWorker (SegmentedRaftLogWorker.java:lambda$new$0(133)) - efeceff2-b5a5-497a-a96d-e28250e5a95d@group-956FE40C5CB7-SegmentedRaftLogWorker: safeCacheEvictIndex: setUnconditionally 0 -> -1
2021-12-28 02:23:28,189 [pool-230-thread-1] INFO  server.RaftServerConfigKeys (ConfUtils.java:logGet(44)) - raft.server.snapshot.auto.trigger.enabled = true (custom)
2021-12-28 02:23:28,189 [pool-230-thread-1] INFO  server.RaftServerConfigKeys (ConfUtils.java:logGet(44)) - raft.server.snapshot.auto.trigger.threshold = 5 (custom)
2021-12-28 02:23:28,190 [pool-230-thread-1] INFO  server.RaftServerConfigKeys (ConfUtils.java:logGet(44)) - raft.server.snapshot.retention.file.num = -1 (default)
2021-12-28 02:23:28,190 [pool-230-thread-1] INFO  server.RaftServerConfigKeys (ConfUtils.java:logGet(44)) - raft.server.log.purge.upto.snapshot.index = true (custom)
2021-12-28 02:23:28,190 [pool-230-thread-1] INFO  server.RaftServerConfigKeys (ConfUtils.java:logGet(44)) - raft.server.retrycache.expirytime = 60000ms (default)
2021-12-28 02:23:28,190 [pool-230-thread-1] INFO  server.RaftServerConfigKeys (ConfUtils.java:logGet(44)) - raft.server.retrycache.statistics.expirytime = 100μs (default)
2021-12-28 02:23:28,191 [Listener at 0.0.0.0/12511] INFO  ha.SCMSnapshotProvider (SCMSnapshotProvider.java:<init>(66)) - Initializing SCM Snapshot Provider
2021-12-28 02:23:28,191 [Listener at 0.0.0.0/12511] WARN  server.ServerUtils (ServerUtils.java:getDefaultRatisDirectory(237)) - Storage directory for Ratis is not configured. It is a good idea to map this to an SSD disk. Falling back to ozone.metadata.dirs
2021-12-28 02:23:28,191 [Listener at 0.0.0.0/12511] WARN  ha.SCMHAUtils (SCMHAUtils.java:getSCMRatisSnapshotDirectory(146)) - SCM snapshot dir is not configured. Falling back to ozone.metadata.dirs config
2021-12-28 02:23:28,193 [Listener at 0.0.0.0/12511] INFO  ha.SequenceIdGenerator (SequenceIdGenerator.java:upgradeToSequenceId(347)) - upgrade localId to 107544261427200000
2021-12-28 02:23:28,193 [Listener at 0.0.0.0/12511] INFO  ha.SequenceIdGenerator (SequenceIdGenerator.java:upgradeToSequenceId(357)) - upgrade delTxnId to 0
2021-12-28 02:23:28,193 [Listener at 0.0.0.0/12511] INFO  ha.SequenceIdGenerator (SequenceIdGenerator.java:upgradeToSequenceId(371)) - upgrade containerId to 0
2021-12-28 02:23:28,193 [Listener at 0.0.0.0/12511] INFO  ha.SequenceIdGenerator (SequenceIdGenerator.java:<init>(218)) - Init the HA SequenceIdGenerator.
2021-12-28 02:23:28,194 [Listener at 0.0.0.0/12511] WARN  server.ServerUtils (ServerUtils.java:sanitizeUserArgs(73)) - ozone.scm.stale.node.interval value = 300000 is larger than max = 100000 based on the key value of ozone.scm.heartbeat.thread.interval, reset to the max value 100000.
2021-12-28 02:23:28,194 [Listener at 0.0.0.0/12511] WARN  server.ServerUtils (ServerUtils.java:sanitizeUserArgs(73)) - ozone.scm.stale.node.interval value = 300000 is larger than max = 100000 based on the key value of ozone.scm.heartbeat.thread.interval, reset to the max value 100000.
2021-12-28 02:23:28,206 [Listener at 0.0.0.0/12511] INFO  node.SCMNodeManager (SCMNodeManager.java:<init>(144)) - Entering startup safe mode.
2021-12-28 02:23:28,207 [Listener at 0.0.0.0/12511] INFO  algorithms.ContainerPlacementPolicyFactory (ContainerPlacementPolicyFactory.java:getPolicy(60)) - Create container placement policy of type org.apache.hadoop.hdds.scm.container.placement.algorithms.SCMContainerPlacementRandom
2021-12-28 02:23:28,207 [Listener at 0.0.0.0/12511] INFO  pipeline.PipelineStateManagerImpl (PipelineStateManagerImpl.java:initialize(78)) - No pipeline exists in current db
2021-12-28 02:23:28,207 [Listener at 0.0.0.0/12511] INFO  algorithms.LeaderChoosePolicyFactory (LeaderChoosePolicyFactory.java:getPolicy(57)) - Create leader choose policy of type org.apache.hadoop.hdds.scm.pipeline.leader.choose.algorithms.MinLeaderCountChoosePolicy
2021-12-28 02:23:28,208 [Listener at 0.0.0.0/12511] INFO  ha.SCMServiceManager (SCMServiceManager.java:register(43)) - Registering service BackgroundPipelineCreator.
2021-12-28 02:23:28,208 [Listener at 0.0.0.0/12511] INFO  pipeline.BackgroundPipelineCreator (BackgroundPipelineCreator.java:start(130)) - Starting RatisPipelineUtilsThread.
2021-12-28 02:23:28,215 [Listener at 0.0.0.0/12511] INFO  algorithms.PipelineChoosePolicyFactory (PipelineChoosePolicyFactory.java:createPipelineChoosePolicyFromClass(73)) - Create pipeline choose policy of type org.apache.hadoop.hdds.scm.pipeline.choose.algorithms.RandomPipelineChoosePolicy
2021-12-28 02:23:28,215 [Listener at 0.0.0.0/12511] INFO  ha.SCMServiceManager (SCMServiceManager.java:register(43)) - Registering service SCMBlockDeletingService.
2021-12-28 02:23:28,216 [Listener at 0.0.0.0/12511] INFO  ha.SCMServiceManager (SCMServiceManager.java:register(43)) - Registering service ReplicationManager.
2021-12-28 02:23:28,216 [Listener at 0.0.0.0/12511] INFO  container.ReplicationManager (ReplicationManager.java:start(319)) - Starting Replication Monitor Thread.
2021-12-28 02:23:28,218 [Listener at 0.0.0.0/12511] INFO  safemode.ContainerSafeModeRule (ContainerSafeModeRule.java:<init>(89)) - containers with one replica threshold count 0
2021-12-28 02:23:28,219 [Listener at 0.0.0.0/12511] INFO  safemode.HealthyPipelineSafeModeRule (HealthyPipelineSafeModeRule.java:initializeRule(156)) - Total pipeline count is 0, healthy pipeline threshold count is 1
2021-12-28 02:23:28,220 [Listener at 0.0.0.0/12511] INFO  safemode.OneReplicaPipelineSafeModeRule (OneReplicaPipelineSafeModeRule.java:initializeRule(180)) - Total pipeline count is 0, pipeline's with at least one datanode reported threshold count is 0
2021-12-28 02:23:28,227 [ReplicationMonitor] INFO  container.ReplicationManager (ReplicationManager.java:processAll(371)) - Replication Monitor Thread took 0 milliseconds for processing 0 containers.
2021-12-28 02:23:28,246 [Listener at 0.0.0.0/12511] INFO  ipc.CallQueueManager (CallQueueManager.java:<init>(90)) - Using callQueue: class java.util.concurrent.LinkedBlockingQueue, queueCapacity: 2000, scheduler: class org.apache.hadoop.ipc.DefaultRpcScheduler, ipcBackoff: false.
2021-12-28 02:23:28,250 [Socket Reader #1 for port 12519] INFO  ipc.Server (Server.java:run(1265)) - Starting Socket Reader #1 for port 12519
2021-12-28 02:23:28,260 [Listener at 0.0.0.0/12519] INFO  ipc.CallQueueManager (CallQueueManager.java:<init>(90)) - Using callQueue: class java.util.concurrent.LinkedBlockingQueue, queueCapacity: 2000, scheduler: class org.apache.hadoop.ipc.DefaultRpcScheduler, ipcBackoff: false.
2021-12-28 02:23:28,270 [Socket Reader #1 for port 12520] INFO  ipc.Server (Server.java:run(1265)) - Starting Socket Reader #1 for port 12520
2021-12-28 02:23:28,280 [Listener at 0.0.0.0/12520] INFO  ipc.CallQueueManager (CallQueueManager.java:<init>(90)) - Using callQueue: class java.util.concurrent.LinkedBlockingQueue, queueCapacity: 2000, scheduler: class org.apache.hadoop.ipc.DefaultRpcScheduler, ipcBackoff: false.
2021-12-28 02:23:28,320 [Socket Reader #1 for port 12521] INFO  ipc.Server (Server.java:run(1265)) - Starting Socket Reader #1 for port 12521
2021-12-28 02:23:28,386 [Listener at 0.0.0.0/12521] INFO  algorithms.ContainerPlacementPolicyFactory (ContainerPlacementPolicyFactory.java:getPolicy(60)) - Create container placement policy of type org.apache.hadoop.hdds.scm.container.placement.algorithms.SCMContainerPlacementRandom
2021-12-28 02:23:28,388 [Listener at 0.0.0.0/12521] INFO  server.StorageContainerManager (StorageContainerManager.java:<init>(388)) - 
Container Balancer status:
Key                            Value
Running                        false
Container Balancer Configuration values:
Key                                                Value
Threshold                                          0.1
Max Datanodes to Involve per Iteration(ratio)      0.2
Max Size to Move per Iteration                     30GB
Max Size Entering Target per Iteration             26GB
Max Size Leaving Source per Iteration              26GB

2021-12-28 02:23:28,390 [Listener at 0.0.0.0/12521] WARN  events.EventQueue (EventQueue.java:fireEvent(194)) - No event handler registered for event TypedEvent{payloadType=SafeModeStatus, name='Safe mode status'}
2021-12-28 02:23:28,391 [Listener at 0.0.0.0/12521] INFO  ha.SCMContext (SCMContext.java:updateSafeModeStatus(211)) - Update SafeModeStatus from SafeModeStatus{safeModeStatus=true, preCheckPassed=false} to SafeModeStatus{safeModeStatus=true, preCheckPassed=false}.
2021-12-28 02:23:28,391 [Listener at 0.0.0.0/12521] INFO  server.StorageContainerManager (StorageContainerManager.java:start(1303)) - StorageContainerLocationProtocol RPC server is listening at /0.0.0.0:12521
2021-12-28 02:23:28,391 [Listener at 0.0.0.0/12521] INFO  ha.SCMRatisServerImpl (SCMRatisServerImpl.java:start(177)) - starting ratis server 0.0.0.0:12518
2021-12-28 02:23:28,392 [Listener at 0.0.0.0/12521] INFO  server.RaftServer$Division (RaftServerImpl.java:start(304)) - efeceff2-b5a5-497a-a96d-e28250e5a95d@group-956FE40C5CB7: start with initializing state, conf=-1: [], old=null
2021-12-28 02:23:28,392 [Listener at 0.0.0.0/12521] INFO  server.RaftServer$Division (RaftServerImpl.java:setRole(290)) - efeceff2-b5a5-497a-a96d-e28250e5a95d@group-956FE40C5CB7: changes role from      null to FOLLOWER at term 0 for startInitializing
2021-12-28 02:23:28,392 [Listener at 0.0.0.0/12521] INFO  util.JmxRegister (JmxRegister.java:tryRegister(44)) - Successfully registered JMX Bean with object name Ratis:service=RaftServer,group=group-956FE40C5CB7,id=efeceff2-b5a5-497a-a96d-e28250e5a95d
2021-12-28 02:23:28,420 [Listener at 0.0.0.0/12521] INFO  server.RaftServer (RaftServerProxy.java:lambda$start$5(374)) - efeceff2-b5a5-497a-a96d-e28250e5a95d: start RPC server
2021-12-28 02:23:28,420 [Listener at 0.0.0.0/12521] INFO  server.GrpcService (GrpcService.java:startImpl(253)) - efeceff2-b5a5-497a-a96d-e28250e5a95d: GrpcService started, listening on 12518
2021-12-28 02:23:28,421 [Listener at 0.0.0.0/12521] INFO  ha.SCMNodeInfo (SCMNodeInfo.java:getPort(197)) - ConfigKey ozone.scm.client.address is deprecated, For configuring different ports for each SCM use PortConfigKey ozone.scm.client.port appended with serviceId and nodeId
2021-12-28 02:23:28,422 [Listener at 0.0.0.0/12521] INFO  ha.SCMNodeInfo (SCMNodeInfo.java:getPort(197)) - ConfigKey ozone.scm.block.client.address is deprecated, For configuring different ports for each SCM use PortConfigKey ozone.scm.block.client.port appended with serviceId and nodeId
2021-12-28 02:23:28,422 [Listener at 0.0.0.0/12521] INFO  ha.SCMNodeInfo (SCMNodeInfo.java:getPort(197)) - ConfigKey ozone.scm.datanode.address is deprecated, For configuring different ports for each SCM use PortConfigKey ozone.scm.datanode.port appended with serviceId and nodeId
2021-12-28 02:23:28,423 [Listener at 0.0.0.0/12521] INFO  ha.SCMNodeInfo (SCMNodeInfo.java:getPort(197)) - ConfigKey ozone.scm.client.address is deprecated, For configuring different ports for each SCM use PortConfigKey ozone.scm.client.port appended with serviceId and nodeId
2021-12-28 02:23:28,423 [Listener at 0.0.0.0/12521] INFO  ha.SCMNodeInfo (SCMNodeInfo.java:getPort(197)) - ConfigKey ozone.scm.block.client.address is deprecated, For configuring different ports for each SCM use PortConfigKey ozone.scm.block.client.port appended with serviceId and nodeId
2021-12-28 02:23:28,423 [Listener at 0.0.0.0/12521] INFO  ha.SCMNodeInfo (SCMNodeInfo.java:getPort(197)) - ConfigKey ozone.scm.datanode.address is deprecated, For configuring different ports for each SCM use PortConfigKey ozone.scm.datanode.port appended with serviceId and nodeId
2021-12-28 02:23:28,423 [Listener at 0.0.0.0/12521] INFO  ha.SCMNodeInfo (SCMNodeInfo.java:getPort(197)) - ConfigKey ozone.scm.client.address is deprecated, For configuring different ports for each SCM use PortConfigKey ozone.scm.client.port appended with serviceId and nodeId
2021-12-28 02:23:28,423 [Listener at 0.0.0.0/12521] INFO  ha.SCMNodeInfo (SCMNodeInfo.java:getPort(197)) - ConfigKey ozone.scm.block.client.address is deprecated, For configuring different ports for each SCM use PortConfigKey ozone.scm.block.client.port appended with serviceId and nodeId
2021-12-28 02:23:28,423 [Listener at 0.0.0.0/12521] INFO  ha.SCMNodeInfo (SCMNodeInfo.java:getPort(197)) - ConfigKey ozone.scm.datanode.address is deprecated, For configuring different ports for each SCM use PortConfigKey ozone.scm.datanode.port appended with serviceId and nodeId
2021-12-28 02:23:28,425 [org.apache.ratis.util.JvmPauseMonitor$$Lambda$499/2075133112@6c764331] INFO  util.JvmPauseMonitor (JvmPauseMonitor.java:run(103)) - JvmPauseMonitor-efeceff2-b5a5-497a-a96d-e28250e5a95d: Started
2021-12-28 02:23:28,439 [IPC Server handler 2 on default port 12510] INFO  ha.SCMRatisServerImpl (SCMRatisServerImpl.java:addSCM(291)) - 85b08ac6-0f6d-42de-94fb-508f7dc90a3f: Submitting SetConfiguration request to Ratis server with new SCM peers list: [85b08ac6-0f6d-42de-94fb-508f7dc90a3f|rpc:localhost:12508|admin:|client:|dataStream:|priority:0, efeceff2-b5a5-497a-a96d-e28250e5a95d|rpc:localhost:12518|priority:0]
2021-12-28 02:23:28,439 [IPC Server handler 2 on default port 12510] INFO  server.RaftServer$Division (RaftServerImpl.java:setConfigurationAsync(974)) - 85b08ac6-0f6d-42de-94fb-508f7dc90a3f@group-956FE40C5CB7: receive setConfiguration SetConfigurationRequest:client-802AEBBE7666->85b08ac6-0f6d-42de-94fb-508f7dc90a3f@group-956FE40C5CB7, cid=0, seq=0, RW, null, peers:[85b08ac6-0f6d-42de-94fb-508f7dc90a3f|rpc:localhost:12508|admin:|client:|dataStream:|priority:0, efeceff2-b5a5-497a-a96d-e28250e5a95d|rpc:localhost:12518|priority:0]
2021-12-28 02:23:28,439 [IPC Server handler 2 on default port 12510] INFO  server.RaftServer$Division (LeaderStateImpl.java:startSetConfiguration(358)) - 85b08ac6-0f6d-42de-94fb-508f7dc90a3f@group-956FE40C5CB7-LeaderStateImpl: startSetConfiguration SetConfigurationRequest:client-802AEBBE7666->85b08ac6-0f6d-42de-94fb-508f7dc90a3f@group-956FE40C5CB7, cid=0, seq=0, RW, null, peers:[85b08ac6-0f6d-42de-94fb-508f7dc90a3f|rpc:localhost:12508|admin:|client:|dataStream:|priority:0, efeceff2-b5a5-497a-a96d-e28250e5a95d|rpc:localhost:12518|priority:0]
2021-12-28 02:23:28,439 [IPC Server handler 2 on default port 12510] INFO  server.RaftServerConfigKeys (ConfUtils.java:logGet(44)) - raft.server.log.appender.snapshot.chunk.size.max = 16MB (=16777216) (default)
2021-12-28 02:23:28,439 [IPC Server handler 2 on default port 12510] INFO  server.RaftServerConfigKeys (ConfUtils.java:logGet(44)) - raft.server.log.appender.buffer.byte-limit = 33554432 (custom)
2021-12-28 02:23:28,439 [IPC Server handler 2 on default port 12510] INFO  server.RaftServerConfigKeys (ConfUtils.java:logGet(44)) - raft.server.log.appender.buffer.element-limit = 1024 (custom)
2021-12-28 02:23:28,440 [IPC Server handler 2 on default port 12510] INFO  grpc.GrpcConfigKeys (ConfUtils.java:logGet(44)) - raft.grpc.server.leader.outstanding.appends.max = 128 (default)
2021-12-28 02:23:28,441 [IPC Server handler 2 on default port 12510] INFO  server.RaftServerConfigKeys (ConfUtils.java:logGet(44)) - raft.server.rpc.request.timeout = 30000ms (custom)
2021-12-28 02:23:28,441 [IPC Server handler 2 on default port 12510] INFO  server.RaftServerConfigKeys (ConfUtils.java:logGet(44)) - raft.server.log.appender.install.snapshot.enabled = false (custom)
2021-12-28 02:23:28,451 [85b08ac6-0f6d-42de-94fb-508f7dc90a3f@group-956FE40C5CB7->efeceff2-b5a5-497a-a96d-e28250e5a95d-GrpcLogAppender-LogAppenderDaemon] INFO  server.GrpcLogAppender (GrpcLogAppender.java:installSnapshot(550)) - 85b08ac6-0f6d-42de-94fb-508f7dc90a3f@group-956FE40C5CB7->efeceff2-b5a5-497a-a96d-e28250e5a95d-GrpcLogAppender: followerNextIndex = 0 but logStartIndex = 0, notify follower to install snapshot-(t:2, i:2)
2021-12-28 02:23:28,456 [85b08ac6-0f6d-42de-94fb-508f7dc90a3f@group-956FE40C5CB7->efeceff2-b5a5-497a-a96d-e28250e5a95d-GrpcLogAppender-LogAppenderDaemon] INFO  server.GrpcLogAppender (GrpcLogAppender.java:installSnapshot(558)) - 85b08ac6-0f6d-42de-94fb-508f7dc90a3f@group-956FE40C5CB7->efeceff2-b5a5-497a-a96d-e28250e5a95d-GrpcLogAppender: send 85b08ac6-0f6d-42de-94fb-508f7dc90a3f->efeceff2-b5a5-497a-a96d-e28250e5a95d#0-t2,notify:(t:2, i:2)
2021-12-28 02:23:28,520 [grpc-default-executor-1] INFO  server.RaftServer$Division (RaftServerImpl.java:installSnapshot(1332)) - efeceff2-b5a5-497a-a96d-e28250e5a95d@group-956FE40C5CB7: receive installSnapshot: 85b08ac6-0f6d-42de-94fb-508f7dc90a3f->efeceff2-b5a5-497a-a96d-e28250e5a95d#0-t2,notify:(t:2, i:2)
2021-12-28 02:23:28,523 [grpc-default-executor-1] INFO  ha.SCMStateMachine (SCMStateMachine.java:notifyLeaderChanged(255)) - leader changed, yet current SCM is still follower.
2021-12-28 02:23:28,523 [grpc-default-executor-1] INFO  server.RaftServer$Division (ServerState.java:setLeader(285)) - efeceff2-b5a5-497a-a96d-e28250e5a95d@group-956FE40C5CB7: change Leader from null to 85b08ac6-0f6d-42de-94fb-508f7dc90a3f at term 2 for installSnapshot, leader elected after 355ms
2021-12-28 02:23:28,523 [grpc-default-executor-1] INFO  server.RaftServer$Division (RaftServerImpl.java:notifyStateMachineToInstallSnapshot(1551)) - efeceff2-b5a5-497a-a96d-e28250e5a95d@group-956FE40C5CB7: Received notification to install snapshot at index 2
2021-12-28 02:23:28,523 [grpc-default-executor-1] INFO  server.RaftServer$Division (RaftServerImpl.java:notifyStateMachineToInstallSnapshot(1582)) - efeceff2-b5a5-497a-a96d-e28250e5a95d@group-956FE40C5CB7: notifyInstallSnapshot: nextIndex is 0 but the leader's first available index is 2.
2021-12-28 02:23:28,523 [grpc-default-executor-1] INFO  ha.SCMStateMachine (SCMStateMachine.java:notifyInstallSnapshotFromLeader(219)) - Received install snapshot notification from SCM leader: localhost:12508 with term index: (t:2, i:2)
2021-12-28 02:23:28,526 [pool-231-thread-1] INFO  ha.SCMHAManagerImpl (SCMHAManagerImpl.java:getDBCheckpointFromLeader(206)) - Downloading checkpoint from leader SCM scmNode-1 and reloading state from the checkpoint.
2021-12-28 02:23:28,547 [grpc-default-executor-0] INFO  ha.SCMDBCheckpointProvider (SCMDBCheckpointProvider.java:writeDBCheckPointToSream(48)) - Received request to obtain SCM DB checkpoint snapshot
2021-12-28 02:23:28,565 [grpc-default-executor-0] INFO  db.RDBCheckpointManager (RDBCheckpointManager.java:createCheckpoint(86)) - Created checkpoint at /home/runner/work/ozone/ozone/hadoop-ozone/integration-test/target/test-dir/MiniOzoneClusterImpl-b5c7e046-d456-4649-9d8a-956fe40c5cb7/scmNode-1/db.checkpoints/scm.db_checkpoint_1640658208555 in 10 milliseconds
2021-12-28 02:23:28,585 [grpc-default-executor-0] INFO  ha.SCMGrpcOutputStream (SCMGrpcOutputStream.java:close(111)) - Sent 4417 bytes for cluster b5c7e046-d456-4649-9d8a-956fe40c5cb7
2021-12-28 02:23:28,590 [grpc-default-executor-0] INFO  ha.SCMDBCheckpointProvider (SCMDBCheckpointProvider.java:writeDBCheckPointToSream(73)) - Time taken to write the checkpoint to response output stream: 18 milliseconds
2021-12-28 02:23:28,590 [grpc-default-executor-0] INFO  db.RocksDBCheckpoint (RocksDBCheckpoint.java:cleanupCheckpoint(78)) - Cleaning up RocksDB checkpoint at /home/runner/work/ozone/ozone/hadoop-ozone/integration-test/target/test-dir/MiniOzoneClusterImpl-b5c7e046-d456-4649-9d8a-956fe40c5cb7/scmNode-1/db.checkpoints/scm.db_checkpoint_1640658208555
2021-12-28 02:23:28,592 [grpc-default-executor-2] INFO  ha.InterSCMGrpcClient (InterSCMGrpcClient.java:onCompleted(173)) - Checkpoint is downloaded to /home/runner/work/ozone/ozone/hadoop-ozone/integration-test/target/test-dir/MiniOzoneClusterImpl-b5c7e046-d456-4649-9d8a-956fe40c5cb7/scmNode-2/snapshot/scm.db-scmNode-1-1640658208526.tar.gz
2021-12-28 02:23:28,618 [pool-231-thread-1] INFO  ha.SCMSnapshotProvider (SCMSnapshotProvider.java:getSCMDBSnapshot(131)) - Successfully downloaded latest checkpoint from leader SCM: scmNode-1 path /home/runner/work/ozone/ozone/hadoop-ozone/integration-test/target/test-dir/MiniOzoneClusterImpl-b5c7e046-d456-4649-9d8a-956fe40c5cb7/scmNode-2/snapshot/scm.db-scmNode-1-1640658208526
2021-12-28 02:23:28,618 [pool-231-thread-1] INFO  ha.SCMHAManagerImpl (SCMHAManagerImpl.java:downloadCheckpointFromLeader(158)) - Downloaded checkpoint from Leader scmNode-1 to the location /home/runner/work/ozone/ozone/hadoop-ozone/integration-test/target/test-dir/MiniOzoneClusterImpl-b5c7e046-d456-4649-9d8a-956fe40c5cb7/scmNode-2/snapshot/scm.db-scmNode-1-1640658208526
2021-12-28 02:23:28,727 [pool-231-thread-1] INFO  ha.SCMHAManagerImpl (SCMHAManagerImpl.java:verifyCheckpointFromLeader(172)) - Installing checkpoint with SCMTransactionInfo 2#2
2021-12-28 02:23:28,727 [pool-231-thread-1] INFO  server.RaftServer$Division (RaftServerImpl.java:lambda$notifyStateMachineToInstallSnapshot$30(1595)) - efeceff2-b5a5-497a-a96d-e28250e5a95d@group-956FE40C5CB7: StateMachine successfully installed snapshot index 2. Reloading the StateMachine.
2021-12-28 02:23:28,728 [pool-231-thread-1] INFO  segmented.SegmentedRaftLogWorker (SegmentedRaftLogWorker.java:lambda$new$0(133)) - efeceff2-b5a5-497a-a96d-e28250e5a95d@group-956FE40C5CB7-SegmentedRaftLogWorker: flushIndex: setUnconditionally -1 -> 2
2021-12-28 02:23:28,728 [pool-231-thread-1] INFO  segmented.SegmentedRaftLogWorker (SegmentedRaftLogWorker.java:lambda$new$0(133)) - efeceff2-b5a5-497a-a96d-e28250e5a95d@group-956FE40C5CB7-SegmentedRaftLogWorker: safeCacheEvictIndex: setUnconditionally -1 -> 2
2021-12-28 02:23:28,728 [pool-231-thread-1] INFO  raftlog.RaftLog (RaftLogBase.java:lambda$new$0(53)) - efeceff2-b5a5-497a-a96d-e28250e5a95d@group-956FE40C5CB7-SegmentedRaftLog: snapshotIndex: updateIncreasingly -1 -> 2
2021-12-28 02:23:28,746 [grpc-default-executor-1] INFO  server.RaftServer$Division (RaftServerImpl.java:notifyStateMachineToInstallSnapshot(1638)) - efeceff2-b5a5-497a-a96d-e28250e5a95d@group-956FE40C5CB7: InstallSnapshot notification result: SNAPSHOT_INSTALLED, at index: 2
2021-12-28 02:23:28,747 [grpc-default-executor-1] INFO  server.RaftServer$Division (RaftServerImpl.java:installSnapshotImpl(1462)) - efeceff2-b5a5-497a-a96d-e28250e5a95d@group-956FE40C5CB7: set new configuration index: 1
configurationEntry {
  peers {
    id: "85b08ac6-0f6d-42de-94fb-508f7dc90a3f"
    address: "localhost:12508"
  }
}
 from snapshot
2021-12-28 02:23:28,747 [grpc-default-executor-1] INFO  server.RaftServer$Division (ServerState.java:setRaftConf(387)) - efeceff2-b5a5-497a-a96d-e28250e5a95d@group-956FE40C5CB7: set configuration 1: [85b08ac6-0f6d-42de-94fb-508f7dc90a3f|rpc:localhost:12508|admin:|client:|dataStream:|priority:0], old=null
2021-12-28 02:23:28,748 [grpc-default-executor-1] INFO  server.RaftServer$Division (RaftServerImpl.java:installSnapshot(1343)) - efeceff2-b5a5-497a-a96d-e28250e5a95d@group-956FE40C5CB7: reply installSnapshot: 85b08ac6-0f6d-42de-94fb-508f7dc90a3f<-efeceff2-b5a5-497a-a96d-e28250e5a95d#0:FAIL-t0,SNAPSHOT_INSTALLED,snapshotIndex=2
2021-12-28 02:23:28,748 [grpc-default-executor-1] INFO  server.GrpcServerProtocolService (GrpcServerProtocolService.java:onCompleted(140)) - efeceff2-b5a5-497a-a96d-e28250e5a95d: Completed INSTALL_SNAPSHOT, lastRequest: 85b08ac6-0f6d-42de-94fb-508f7dc90a3f->efeceff2-b5a5-497a-a96d-e28250e5a95d#0-t2,notify:(t:2, i:2)
2021-12-28 02:23:28,749 [grpc-default-executor-2] INFO  server.GrpcLogAppender (GrpcLogAppender.java:onNext(410)) - 85b08ac6-0f6d-42de-94fb-508f7dc90a3f@group-956FE40C5CB7->efeceff2-b5a5-497a-a96d-e28250e5a95d-InstallSnapshotResponseHandler: received the first reply 85b08ac6-0f6d-42de-94fb-508f7dc90a3f<-efeceff2-b5a5-497a-a96d-e28250e5a95d#0:FAIL-t0,SNAPSHOT_INSTALLED,snapshotIndex=2
2021-12-28 02:23:28,749 [grpc-default-executor-2] INFO  server.GrpcLogAppender (GrpcLogAppender.java:onNext(450)) - 85b08ac6-0f6d-42de-94fb-508f7dc90a3f@group-956FE40C5CB7->efeceff2-b5a5-497a-a96d-e28250e5a95d-InstallSnapshotResponseHandler: Follower installed snapshot at index 2
2021-12-28 02:23:28,749 [grpc-default-executor-2] INFO  leader.FollowerInfo (FollowerInfoImpl.java:lambda$new$0(47)) - 85b08ac6-0f6d-42de-94fb-508f7dc90a3f@group-956FE40C5CB7->efeceff2-b5a5-497a-a96d-e28250e5a95d: snapshotIndex: setUnconditionally 0 -> 2
2021-12-28 02:23:28,749 [grpc-default-executor-2] INFO  leader.FollowerInfo (FollowerInfoImpl.java:lambda$new$0(47)) - 85b08ac6-0f6d-42de-94fb-508f7dc90a3f@group-956FE40C5CB7->efeceff2-b5a5-497a-a96d-e28250e5a95d: matchIndex: setUnconditionally 0 -> 2
2021-12-28 02:23:28,749 [grpc-default-executor-2] INFO  leader.FollowerInfo (FollowerInfoImpl.java:lambda$new$0(47)) - 85b08ac6-0f6d-42de-94fb-508f7dc90a3f@group-956FE40C5CB7->efeceff2-b5a5-497a-a96d-e28250e5a95d: nextIndex: setUnconditionally 0 -> 3
2021-12-28 02:23:28,749 [grpc-default-executor-2] INFO  leader.FollowerInfo (FollowerInfoImpl.java:setAttemptedToInstallSnapshot(116)) - Follower 85b08ac6-0f6d-42de-94fb-508f7dc90a3f@group-956FE40C5CB7->efeceff2-b5a5-497a-a96d-e28250e5a95d acknowledged installing snapshot
2021-12-28 02:23:28,750 [grpc-default-executor-2] INFO  leader.FollowerInfo (FollowerInfoImpl.java:lambda$new$0(47)) - 85b08ac6-0f6d-42de-94fb-508f7dc90a3f@group-956FE40C5CB7->efeceff2-b5a5-497a-a96d-e28250e5a95d: nextIndex: updateToMax old=3, new=3, updated? false
2021-12-28 02:23:28,755 [grpc-default-executor-2] INFO  impl.RoleInfo (RoleInfo.java:updateAndGet(130)) - efeceff2-b5a5-497a-a96d-e28250e5a95d: start efeceff2-b5a5-497a-a96d-e28250e5a95d@group-956FE40C5CB7-FollowerState
2021-12-28 02:23:28,803 [efeceff2-b5a5-497a-a96d-e28250e5a95d@group-956FE40C5CB7-StateMachineUpdater] INFO  ha.SCMHAManagerImpl (SCMHAManagerImpl.java:installCheckpoint(227)) - Installing checkpoint with SCMTransactionInfo 2#2
2021-12-28 02:23:28,805 [efeceff2-b5a5-497a-a96d-e28250e5a95d@group-956FE40C5CB7-StateMachineUpdater] INFO  ha.SCMHAManagerImpl (SCMHAManagerImpl.java:installCheckpoint(266)) - Replaced DB with checkpoint, term: 2, index: 2
2021-12-28 02:23:28,805 [efeceff2-b5a5-497a-a96d-e28250e5a95d@group-956FE40C5CB7-StateMachineUpdater] WARN  utils.HAUtils (HAUtils.java:getMetaDir(342)) - ozone.scm.db.dirs is not configured. We recommend adding this setting. Falling back to ozone.metadata.dirs instead.
2021-12-28 02:23:28,814 [efeceff2-b5a5-497a-a96d-e28250e5a95d@group-956FE40C5CB7-StateMachineUpdater] WARN  db.DBStoreBuilder (DBStoreBuilder.java:applyDBDefinition(145)) - ozone.scm.db.dirs is not configured. We recommend adding this setting. Falling back to ozone.metadata.dirs instead.
2021-12-28 02:23:28,942 [EndpointStateMachine task thread for /127.0.0.1:13527 - 0 ] INFO  ipc.Client (Client.java:handleConnectionFailure(977)) - Retrying connect to server: localhost/127.0.0.1:13527. Already tried 4 time(s); retry policy is RetryUpToMaximumCountWithFixedSleep(maxRetries=15, sleepTime=1000 MILLISECONDS)
2021-12-28 02:23:28,943 [EndpointStateMachine task thread for /127.0.0.1:13537 - 0 ] INFO  ipc.Client (Client.java:handleConnectionFailure(977)) - Retrying connect to server: localhost/127.0.0.1:13537. Already tried 4 time(s); retry policy is RetryUpToMaximumCountWithFixedSleep(maxRetries=15, sleepTime=1000 MILLISECONDS)
2021-12-28 02:23:28,950 [efeceff2-b5a5-497a-a96d-e28250e5a95d@group-956FE40C5CB7-StateMachineUpdater] INFO  ha.SequenceIdGenerator (SequenceIdGenerator.java:reinitialize(166)) - reinitialize SequenceIdGenerator.
2021-12-28 02:23:28,950 [efeceff2-b5a5-497a-a96d-e28250e5a95d@group-956FE40C5CB7-StateMachineUpdater] INFO  pipeline.PipelineStateManagerImpl (PipelineStateManagerImpl.java:initialize(78)) - No pipeline exists in current db
2021-12-28 02:23:28,951 [efeceff2-b5a5-497a-a96d-e28250e5a95d@group-956FE40C5CB7-StateMachineUpdater] INFO  ha.SCMHAManagerImpl (SCMHAManagerImpl.java:installCheckpoint(277)) - Reloaded SCM state with Term: 2 and Index: 2
2021-12-28 02:23:28,951 [efeceff2-b5a5-497a-a96d-e28250e5a95d@group-956FE40C5CB7-StateMachineUpdater] INFO  impl.StateMachineUpdater (StateMachineUpdater.java:lambda$new$0(89)) - efeceff2-b5a5-497a-a96d-e28250e5a95d@group-956FE40C5CB7-StateMachineUpdater: snapshotIndex: setUnconditionally -1 -> 2
2021-12-28 02:23:28,951 [efeceff2-b5a5-497a-a96d-e28250e5a95d@group-956FE40C5CB7-StateMachineUpdater] INFO  impl.StateMachineUpdater (StateMachineUpdater.java:lambda$new$0(89)) - efeceff2-b5a5-497a-a96d-e28250e5a95d@group-956FE40C5CB7-StateMachineUpdater: appliedIndex: setUnconditionally -1 -> 2
2021-12-28 02:23:28,951 [EndpointStateMachine task thread for /127.0.0.1:13517 - 0 ] INFO  ipc.Client (Client.java:handleConnectionFailure(977)) - Retrying connect to server: localhost/127.0.0.1:13517. Already tried 4 time(s); retry policy is RetryUpToMaximumCountWithFixedSleep(maxRetries=15, sleepTime=1000 MILLISECONDS)
2021-12-28 02:23:29,943 [EndpointStateMachine task thread for /127.0.0.1:13527 - 0 ] INFO  ipc.Client (Client.java:handleConnectionFailure(977)) - Retrying connect to server: localhost/127.0.0.1:13527. Already tried 5 time(s); retry policy is RetryUpToMaximumCountWithFixedSleep(maxRetries=15, sleepTime=1000 MILLISECONDS)
2021-12-28 02:23:29,947 [EndpointStateMachine task thread for /127.0.0.1:13537 - 0 ] INFO  ipc.Client (Client.java:handleConnectionFailure(977)) - Retrying connect to server: localhost/127.0.0.1:13537. Already tried 5 time(s); retry policy is RetryUpToMaximumCountWithFixedSleep(maxRetries=15, sleepTime=1000 MILLISECONDS)
2021-12-28 02:23:29,953 [EndpointStateMachine task thread for /127.0.0.1:13517 - 0 ] INFO  ipc.Client (Client.java:handleConnectionFailure(977)) - Retrying connect to server: localhost/127.0.0.1:13517. Already tried 5 time(s); retry policy is RetryUpToMaximumCountWithFixedSleep(maxRetries=15, sleepTime=1000 MILLISECONDS)
2021-12-28 02:23:30,944 [EndpointStateMachine task thread for /127.0.0.1:13527 - 0 ] INFO  ipc.Client (Client.java:handleConnectionFailure(977)) - Retrying connect to server: localhost/127.0.0.1:13527. Already tried 6 time(s); retry policy is RetryUpToMaximumCountWithFixedSleep(maxRetries=15, sleepTime=1000 MILLISECONDS)
2021-12-28 02:23:30,948 [EndpointStateMachine task thread for /127.0.0.1:13537 - 0 ] INFO  ipc.Client (Client.java:handleConnectionFailure(977)) - Retrying connect to server: localhost/127.0.0.1:13537. Already tried 6 time(s); retry policy is RetryUpToMaximumCountWithFixedSleep(maxRetries=15, sleepTime=1000 MILLISECONDS)
2021-12-28 02:23:30,953 [EndpointStateMachine task thread for /127.0.0.1:13517 - 0 ] INFO  ipc.Client (Client.java:handleConnectionFailure(977)) - Retrying connect to server: localhost/127.0.0.1:13517. Already tried 6 time(s); retry policy is RetryUpToMaximumCountWithFixedSleep(maxRetries=15, sleepTime=1000 MILLISECONDS)
2021-12-28 02:23:31,859 [85b08ac6-0f6d-42de-94fb-508f7dc90a3f@group-956FE40C5CB7-LeaderStateImpl] INFO  server.RaftServer$Division (ServerState.java:setRaftConf(387)) - 85b08ac6-0f6d-42de-94fb-508f7dc90a3f@group-956FE40C5CB7: set configuration 3: [efeceff2-b5a5-497a-a96d-e28250e5a95d|rpc:localhost:12518|priority:0, 85b08ac6-0f6d-42de-94fb-508f7dc90a3f|rpc:localhost:12508|admin:|client:|dataStream:|priority:0], old=[85b08ac6-0f6d-42de-94fb-508f7dc90a3f|rpc:localhost:12508|admin:|client:|dataStream:|priority:0]
2021-12-28 02:23:31,862 [grpc-default-executor-1] INFO  server.RaftServer$Division (ServerState.java:setRaftConf(387)) - efeceff2-b5a5-497a-a96d-e28250e5a95d@group-956FE40C5CB7: set configuration 3: [efeceff2-b5a5-497a-a96d-e28250e5a95d|rpc:localhost:12518|admin:|client:|dataStream:|priority:0, 85b08ac6-0f6d-42de-94fb-508f7dc90a3f|rpc:localhost:12508|admin:|client:|dataStream:|priority:0], old=[85b08ac6-0f6d-42de-94fb-508f7dc90a3f|rpc:localhost:12508|admin:|client:|dataStream:|priority:0]
2021-12-28 02:23:31,862 [grpc-default-executor-1] INFO  segmented.SegmentedRaftLogWorker (SegmentedRaftLogWorker.java:startLogSegment(394)) - efeceff2-b5a5-497a-a96d-e28250e5a95d@group-956FE40C5CB7-SegmentedRaftLogWorker: Starting segment from index:3
2021-12-28 02:23:31,878 [efeceff2-b5a5-497a-a96d-e28250e5a95d@group-956FE40C5CB7-SegmentedRaftLogWorker] INFO  segmented.SegmentedRaftLogWorker (SegmentedRaftLogWorker.java:execute(601)) - efeceff2-b5a5-497a-a96d-e28250e5a95d@group-956FE40C5CB7-SegmentedRaftLogWorker: created new log segment /home/runner/work/ozone/ozone/hadoop-ozone/integration-test/target/test-dir/MiniOzoneClusterImpl-b5c7e046-d456-4649-9d8a-956fe40c5cb7/scmNode-2/scm-ha/b5c7e046-d456-4649-9d8a-956fe40c5cb7/current/log_inprogress_3
2021-12-28 02:23:31,886 [85b08ac6-0f6d-42de-94fb-508f7dc90a3f@group-956FE40C5CB7-LeaderStateImpl] INFO  server.RaftServer$Division (ServerState.java:setRaftConf(387)) - 85b08ac6-0f6d-42de-94fb-508f7dc90a3f@group-956FE40C5CB7: set configuration 5: [efeceff2-b5a5-497a-a96d-e28250e5a95d|rpc:localhost:12518|priority:0, 85b08ac6-0f6d-42de-94fb-508f7dc90a3f|rpc:localhost:12508|admin:|client:|dataStream:|priority:0], old=null
2021-12-28 02:23:31,888 [grpc-default-executor-1] INFO  server.RaftServer$Division (ServerState.java:setRaftConf(387)) - efeceff2-b5a5-497a-a96d-e28250e5a95d@group-956FE40C5CB7: set configuration 5: [efeceff2-b5a5-497a-a96d-e28250e5a95d|rpc:localhost:12518|admin:|client:|dataStream:|priority:0, 85b08ac6-0f6d-42de-94fb-508f7dc90a3f|rpc:localhost:12508|admin:|client:|dataStream:|priority:0], old=null
2021-12-28 02:23:31,892 [efeceff2-b5a5-497a-a96d-e28250e5a95d@group-956FE40C5CB7-StateMachineUpdater] INFO  safemode.HealthyPipelineSafeModeRule (HealthyPipelineSafeModeRule.java:initializeRule(152)) - Refreshed total pipeline count is 0, healthy pipeline threshold count is 1
2021-12-28 02:23:31,892 [efeceff2-b5a5-497a-a96d-e28250e5a95d@group-956FE40C5CB7-StateMachineUpdater] INFO  safemode.ContainerSafeModeRule (ContainerSafeModeRule.java:reInitializeRule(177)) - Refreshed one replica container threshold 0, currentThreshold 0
2021-12-28 02:23:31,892 [efeceff2-b5a5-497a-a96d-e28250e5a95d@group-956FE40C5CB7-StateMachineUpdater] INFO  safemode.OneReplicaPipelineSafeModeRule (OneReplicaPipelineSafeModeRule.java:initializeRule(176)) - Refreshed Total pipeline count is 0, pipeline's with at least one datanode reported threshold count is 0
2021-12-28 02:23:31,892 [efeceff2-b5a5-497a-a96d-e28250e5a95d@group-956FE40C5CB7-StateMachineUpdater] INFO  server.SCMDatanodeProtocolServer (SCMDatanodeProtocolServer.java:start(181)) - ScmDatanodeProtocol RPC server for DataNodes is listening at /0.0.0.0:12519
2021-12-28 02:23:31,894 [IPC Server handler 2 on default port 12510] INFO  ha.SCMRatisServerImpl (SCMRatisServerImpl.java:addSCM(302)) - Successfully added new SCM: efeceff2-b5a5-497a-a96d-e28250e5a95d.
2021-12-28 02:23:31,895 [Listener at 0.0.0.0/12521] INFO  ha.SCMHAManagerImpl (SCMHAManagerImpl.java:start(116)) - Successfully added SCM scmNode-2 to group group-956FE40C5CB7:[efeceff2-b5a5-497a-a96d-e28250e5a95d|rpc:localhost:12518|admin:|client:|dataStream:|priority:0, 85b08ac6-0f6d-42de-94fb-508f7dc90a3f|rpc:localhost:12508|admin:|client:|dataStream:|priority:0]
2021-12-28 02:23:31,895 [Listener at 0.0.0.0/12521] INFO  ha.InterSCMGrpcService (InterSCMGrpcProtocolService.java:start(94)) - Starting SCM Grpc Service at port 12522
2021-12-28 02:23:31,897 [85b08ac6-0f6d-42de-94fb-508f7dc90a3f@group-956FE40C5CB7-StateMachineUpdater] INFO  ha.SCMStateMachine (SCMStateMachine.java:takeSnapshot(297)) - Current Snapshot Index 5, takeSnapshot took 2 ms
2021-12-28 02:23:31,897 [85b08ac6-0f6d-42de-94fb-508f7dc90a3f@group-956FE40C5CB7-StateMachineUpdater] INFO  impl.StateMachineUpdater (StateMachineUpdater.java:takeSnapshot(281)) - 85b08ac6-0f6d-42de-94fb-508f7dc90a3f@group-956FE40C5CB7-StateMachineUpdater: Took a snapshot at index 5
2021-12-28 02:23:31,897 [85b08ac6-0f6d-42de-94fb-508f7dc90a3f@group-956FE40C5CB7-StateMachineUpdater] INFO  impl.StateMachineUpdater (StateMachineUpdater.java:lambda$new$0(89)) - 85b08ac6-0f6d-42de-94fb-508f7dc90a3f@group-956FE40C5CB7-StateMachineUpdater: snapshotIndex: updateIncreasingly -1 -> 5
2021-12-28 02:23:31,897 [85b08ac6-0f6d-42de-94fb-508f7dc90a3f@group-956FE40C5CB7-StateMachineUpdater] INFO  raftlog.RaftLog (RaftLogBase.java:purge(306)) - 85b08ac6-0f6d-42de-94fb-508f7dc90a3f@group-956FE40C5CB7-SegmentedRaftLog: purge 5
2021-12-28 02:23:31,897 [85b08ac6-0f6d-42de-94fb-508f7dc90a3f@group-956FE40C5CB7-StateMachineUpdater] INFO  raftlog.RaftLog (RaftLogBase.java:lambda$new$0(53)) - 85b08ac6-0f6d-42de-94fb-508f7dc90a3f@group-956FE40C5CB7-SegmentedRaftLog: snapshotIndex: updateIncreasingly -1 -> 5
2021-12-28 02:23:31,897 [85b08ac6-0f6d-42de-94fb-508f7dc90a3f@group-956FE40C5CB7-SegmentedRaftLogWorker] INFO  raftlog.RaftLog (RaftLogBase.java:lambda$new$0(53)) - 85b08ac6-0f6d-42de-94fb-508f7dc90a3f@group-956FE40C5CB7-SegmentedRaftLog: purgeIndex: updateToMax old=-1, new=0, updated? true
2021-12-28 02:23:31,899 [IPC Server Responder] INFO  ipc.Server (Server.java:run(1507)) - IPC Server Responder: starting
2021-12-28 02:23:31,908 [Listener at 0.0.0.0/12521] INFO  impl.MetricsSystemImpl (MetricsSystemImpl.java:init(158)) - StorageContainerManager metrics system started (again)
2021-12-28 02:23:31,909 [IPC Server listener on 12519] INFO  ipc.Server (Server.java:run(1344)) - IPC Server listener on 12519: starting
2021-12-28 02:23:31,944 [EndpointStateMachine task thread for /127.0.0.1:13527 - 0 ] INFO  ipc.Client (Client.java:handleConnectionFailure(977)) - Retrying connect to server: localhost/127.0.0.1:13527. Already tried 7 time(s); retry policy is RetryUpToMaximumCountWithFixedSleep(maxRetries=15, sleepTime=1000 MILLISECONDS)
2021-12-28 02:23:31,944 [Listener at 0.0.0.0/12521] INFO  server.SCMClientProtocolServer (SCMClientProtocolServer.java:start(164)) - RPC server for Client  is listening at /0.0.0.0:12521
2021-12-28 02:23:31,946 [IPC Server listener on 12521] INFO  ipc.Server (Server.java:run(1344)) - IPC Server listener on 12521: starting
2021-12-28 02:23:31,948 [EndpointStateMachine task thread for /127.0.0.1:13537 - 0 ] INFO  ipc.Client (Client.java:handleConnectionFailure(977)) - Retrying connect to server: localhost/127.0.0.1:13537. Already tried 7 time(s); retry policy is RetryUpToMaximumCountWithFixedSleep(maxRetries=15, sleepTime=1000 MILLISECONDS)
2021-12-28 02:23:31,948 [Listener at 0.0.0.0/12521] INFO  server.StorageContainerManager (StorageContainerManager.java:start(1318)) - ScmBlockLocationProtocol RPC server is listening at /0.0.0.0:12520
2021-12-28 02:23:31,949 [Listener at 0.0.0.0/12521] INFO  server.SCMBlockProtocolServer (SCMBlockProtocolServer.java:start(151)) - RPC server for Block Protocol is listening at /0.0.0.0:12520
2021-12-28 02:23:31,953 [EndpointStateMachine task thread for /127.0.0.1:13517 - 0 ] INFO  ipc.Client (Client.java:handleConnectionFailure(977)) - Retrying connect to server: localhost/127.0.0.1:13517. Already tried 7 time(s); retry policy is RetryUpToMaximumCountWithFixedSleep(maxRetries=15, sleepTime=1000 MILLISECONDS)
2021-12-28 02:23:31,959 [IPC Server Responder] INFO  ipc.Server (Server.java:run(1507)) - IPC Server Responder: starting
2021-12-28 02:23:31,961 [IPC Server Responder] INFO  ipc.Server (Server.java:run(1507)) - IPC Server Responder: starting
2021-12-28 02:23:31,971 [IPC Server listener on 12520] INFO  ipc.Server (Server.java:run(1344)) - IPC Server listener on 12520: starting
2021-12-28 02:23:31,991 [Listener at 0.0.0.0/12521] INFO  http.BaseHttpServer (BaseHttpServer.java:newHttpServer2BuilderForOzone(209)) - Starting Web-server for scm at: http://0.0.0.0:12516
2021-12-28 02:23:31,991 [Listener at 0.0.0.0/12521] INFO  http.BaseHttpServer (BaseHttpServer.java:<init>(107)) - Hadoop Security Enabled: false Ozone Security Enabled: false Ozone HTTP Security Enabled: false 
2021-12-28 02:23:31,992 [Listener at 0.0.0.0/12521] INFO  server.AuthenticationFilter (AuthenticationFilter.java:constructSecretProvider(240)) - Unable to initialize FileSignerSecretProvider, falling back to use random secrets.
2021-12-28 02:23:32,002 [Listener at 0.0.0.0/12521] WARN  http.HttpRequestLog (HttpRequestLog.java:getRequestLog(103)) - Jetty request log can only be enabled using Log4j
2021-12-28 02:23:32,003 [Listener at 0.0.0.0/12521] INFO  http.HttpServer2 (HttpServer2.java:addGlobalFilter(1030)) - Added global filter 'safety' (class=org.apache.hadoop.hdds.server.http.HttpServer2$QuotingInputFilter)
2021-12-28 02:23:32,004 [Listener at 0.0.0.0/12521] INFO  http.HttpServer2 (HttpServer2.java:addFilter(1006)) - Added filter static_user_filter (class=org.apache.hadoop.http.lib.StaticUserWebFilter$StaticUserFilter) to context scm
2021-12-28 02:23:32,004 [Listener at 0.0.0.0/12521] INFO  http.HttpServer2 (HttpServer2.java:addFilter(1014)) - Added filter static_user_filter (class=org.apache.hadoop.http.lib.StaticUserWebFilter$StaticUserFilter) to context static
2021-12-28 02:23:32,005 [Listener at 0.0.0.0/12521] INFO  http.HttpServer2 (HttpServer2.java:addFilter(1014)) - Added filter static_user_filter (class=org.apache.hadoop.http.lib.StaticUserWebFilter$StaticUserFilter) to context logs
2021-12-28 02:23:32,005 [Listener at 0.0.0.0/12521] INFO  http.HttpServer2 (HttpServer2.java:bindListener(1249)) - Jetty bound to port 12516
2021-12-28 02:23:32,005 [Listener at 0.0.0.0/12521] INFO  server.Server (Server.java:doStart(375)) - jetty-9.4.43.v20210629; built: 2021-06-30T11:07:22.254Z; git: 526006ecfa3af7f1a27ef3a288e2bef7ea9dd7e8; jvm 1.8.0_292-b10
2021-12-28 02:23:32,006 [org.apache.hadoop.util.JvmPauseMonitor$Monitor@7ffd3c24] INFO  util.JvmPauseMonitor (JvmPauseMonitor.java:run(188)) - Starting JVM pause monitor
2021-12-28 02:23:32,007 [Listener at 0.0.0.0/12521] INFO  server.session (DefaultSessionIdManager.java:doStart(334)) - DefaultSessionIdManager workerName=node0
2021-12-28 02:23:32,007 [Listener at 0.0.0.0/12521] INFO  server.session (DefaultSessionIdManager.java:doStart(339)) - No SessionScavenger set, using defaults
2021-12-28 02:23:32,008 [Listener at 0.0.0.0/12521] INFO  server.session (HouseKeeper.java:startScavenging(132)) - node0 Scavenging every 660000ms
2021-12-28 02:23:32,008 [Listener at 0.0.0.0/12521] INFO  handler.ContextHandler (ContextHandler.java:doStart(915)) - Started o.e.j.s.ServletContextHandler@6b0a37a5{logs,/logs,file:///home/runner/work/ozone/ozone/hadoop-ozone/integration-test/target/log,AVAILABLE}
2021-12-28 02:23:32,009 [Listener at 0.0.0.0/12521] INFO  handler.ContextHandler (ContextHandler.java:doStart(915)) - Started o.e.j.s.ServletContextHandler@534a5e70{static,/static,file:///home/runner/work/ozone/ozone/hadoop-ozone/integration-test/target/test-classes/webapps/static,AVAILABLE}
2021-12-28 02:23:32,026 [Listener at 0.0.0.0/12521] INFO  handler.ContextHandler (ContextHandler.java:doStart(915)) - Started o.e.j.w.WebAppContext@6dfd4db2{scm,/,file:///home/runner/work/ozone/ozone/hadoop-ozone/integration-test/target/test-classes/webapps/scm/,AVAILABLE}{file:/home/runner/work/ozone/ozone/hadoop-ozone/integration-test/target/test-classes/webapps/scm}
2021-12-28 02:23:32,027 [Listener at 0.0.0.0/12521] INFO  server.AbstractConnector (AbstractConnector.java:doStart(331)) - Started ServerConnector@4c6c2473{HTTP/1.1, (http/1.1)}{0.0.0.0:12516}
2021-12-28 02:23:32,028 [Listener at 0.0.0.0/12521] INFO  server.Server (Server.java:doStart(415)) - Started @98651ms
2021-12-28 02:23:32,028 [Listener at 0.0.0.0/12521] WARN  impl.MetricsSystemImpl (MetricsSystemImpl.java:register(279)) - Sink prometheus already exists!
2021-12-28 02:23:32,028 [Listener at 0.0.0.0/12521] INFO  http.BaseHttpServer (BaseHttpServer.java:updateConnectorAddress(329)) - HTTP server of scm listening at http://0.0.0.0:12516
2021-12-28 02:23:32,028 [Listener at 0.0.0.0/12521] INFO  ozone.MiniOzoneHAClusterImpl (MiniOzoneHAClusterImpl.java:createSCMService(577)) - Started SCM RPC server at org.apache.hadoop.hdds.scm.server.SCMClientProtocolServer@60ae0977
2021-12-28 02:23:32,034 [Listener at 0.0.0.0/12521] INFO  ha.SCMHANodeDetails (SCMHANodeDetails.java:loadSCMHAConfig(157)) - ServiceID for StorageContainerManager is scm-service-test1
2021-12-28 02:23:32,034 [Listener at 0.0.0.0/12521] INFO  ha.SCMHANodeDetails (SCMHANodeDetails.java:loadSCMHAConfig(168)) - ServiceID for StorageContainerManager is scm-service-test1
2021-12-28 02:23:32,035 [Listener at 0.0.0.0/12521] WARN  scm.ScmUtils (ScmUtils.java:logWarn(179)) - ConfigKey ozone.scm.block.client.address is deprecated, For configuring different ports for each SCM use PortConfigKey ozone.scm.block.client.port appended with serviceId and nodeId. If want to configure same port configure ozone.scm.block.client.port
2021-12-28 02:23:32,035 [Listener at 0.0.0.0/12521] WARN  scm.ScmUtils (ScmUtils.java:logWarn(179)) - ConfigKey ozone.scm.client.address is deprecated, For configuring different ports for each SCM use PortConfigKey ozone.scm.client.port appended with serviceId and nodeId. If want to configure same port configure ozone.scm.client.port
2021-12-28 02:23:32,035 [Listener at 0.0.0.0/12521] WARN  scm.ScmUtils (ScmUtils.java:logWarn(179)) - ConfigKey ozone.scm.datanode.address is deprecated, For configuring different ports for each SCM use PortConfigKey ozone.scm.datanode.port appended with serviceId and nodeId. If want to configure same port configure ozone.scm.datanode.port
2021-12-28 02:23:32,035 [Listener at 0.0.0.0/12521] WARN  scm.ScmUtils (ScmUtils.java:logWarn(179)) - ConfigKey ozone.scm.block.client.address is deprecated, For configuring different ports for each SCM use PortConfigKey ozone.scm.block.client.port appended with serviceId and nodeId. If want to configure same port configure ozone.scm.block.client.port
2021-12-28 02:23:32,035 [Listener at 0.0.0.0/12521] WARN  scm.ScmUtils (ScmUtils.java:logWarn(179)) - ConfigKey ozone.scm.client.address is deprecated, For configuring different ports for each SCM use PortConfigKey ozone.scm.client.port appended with serviceId and nodeId. If want to configure same port configure ozone.scm.client.port
2021-12-28 02:23:32,035 [Listener at 0.0.0.0/12521] WARN  scm.ScmUtils (ScmUtils.java:logWarn(179)) - ConfigKey ozone.scm.datanode.address is deprecated, For configuring different ports for each SCM use PortConfigKey ozone.scm.datanode.port appended with serviceId and nodeId. If want to configure same port configure ozone.scm.datanode.port
2021-12-28 02:23:32,036 [Listener at 0.0.0.0/12521] INFO  ha.SCMHANodeDetails (SCMHANodeDetails.java:loadSCMHAConfig(250)) - Found matching SCM address with SCMServiceId: scm-service-test1, SCMNodeId: scmNode-3, RPC Address: localhost:12528 and Ratis port: 12528
2021-12-28 02:23:32,036 [Listener at 0.0.0.0/12521] INFO  ha.SCMHANodeDetails (ConfUtils.java:setNodeSpecificConfigs(108)) - Setting configuration key ozone.scm.datanode.address with value of key ozone.scm.datanode.address.scm-service-test1.scmNode-3: 127.0.0.1:12529
2021-12-28 02:23:32,036 [Listener at 0.0.0.0/12521] INFO  ha.SCMHANodeDetails (ConfUtils.java:setNodeSpecificConfigs(108)) - Setting configuration key ozone.scm.block.client.address with value of key ozone.scm.block.client.address.scm-service-test1.scmNode-3: 127.0.0.1:12530
2021-12-28 02:23:32,036 [Listener at 0.0.0.0/12521] INFO  ha.SCMHANodeDetails (ConfUtils.java:setNodeSpecificConfigs(108)) - Setting configuration key ozone.scm.client.address with value of key ozone.scm.client.address.scm-service-test1.scmNode-3: 127.0.0.1:12531
2021-12-28 02:23:32,036 [Listener at 0.0.0.0/12521] INFO  ha.SCMHANodeDetails (ConfUtils.java:setNodeSpecificConfigs(108)) - Setting configuration key ozone.scm.ratis.port with value of key ozone.scm.ratis.port.scm-service-test1.scmNode-3: 12528
2021-12-28 02:23:32,036 [Listener at 0.0.0.0/12521] INFO  ha.SCMHANodeDetails (ConfUtils.java:setNodeSpecificConfigs(108)) - Setting configuration key ozone.scm.grpc.port with value of key ozone.scm.grpc.port.scm-service-test1.scmNode-3: 12532
2021-12-28 02:23:32,036 [Listener at 0.0.0.0/12521] INFO  ha.SCMHANodeDetails (ConfUtils.java:setNodeSpecificConfigs(108)) - Setting configuration key ozone.scm.http-address with value of key ozone.scm.http-address.scm-service-test1.scmNode-3: 127.0.0.1:12526
2021-12-28 02:23:32,036 [Listener at 0.0.0.0/12521] INFO  ha.SCMHANodeDetails (ConfUtils.java:setNodeSpecificConfigs(108)) - Setting configuration key ozone.scm.https-address with value of key ozone.scm.https-address.scm-service-test1.scmNode-3: 127.0.0.1:12527
2021-12-28 02:23:32,036 [Listener at 0.0.0.0/12521] INFO  ha.SCMHANodeDetails (ConfUtils.java:setNodeSpecificConfigs(108)) - Setting configuration key ozone.scm.address with value of key ozone.scm.address.scm-service-test1.scmNode-3: 127.0.0.1
2021-12-28 02:23:32,037 [Listener at 0.0.0.0/12521] WARN  scm.ScmUtils (ScmUtils.java:logWarn(179)) - ConfigKey ozone.scm.block.client.address is deprecated, For configuring different ports for each SCM use PortConfigKey ozone.scm.block.client.port appended with serviceId and nodeId. If want to configure same port configure ozone.scm.block.client.port
2021-12-28 02:23:32,037 [Listener at 0.0.0.0/12521] WARN  scm.ScmUtils (ScmUtils.java:logWarn(179)) - ConfigKey ozone.scm.client.address is deprecated, For configuring different ports for each SCM use PortConfigKey ozone.scm.client.port appended with serviceId and nodeId. If want to configure same port configure ozone.scm.client.port
2021-12-28 02:23:32,037 [Listener at 0.0.0.0/12521] WARN  scm.ScmUtils (ScmUtils.java:logWarn(179)) - ConfigKey ozone.scm.datanode.address is deprecated, For configuring different ports for each SCM use PortConfigKey ozone.scm.datanode.port appended with serviceId and nodeId. If want to configure same port configure ozone.scm.datanode.port
2021-12-28 02:23:32,037 [Listener at 0.0.0.0/12521] WARN  server.ServerUtils (ServerUtils.java:getScmDbDir(148)) - ozone.scm.db.dirs is not configured. We recommend adding this setting. Falling back to ozone.metadata.dirs instead.
2021-12-28 02:23:32,043 [Listener at 0.0.0.0/12521] INFO  ha.SCMNodeInfo (SCMNodeInfo.java:getPort(197)) - ConfigKey ozone.scm.client.address is deprecated, For configuring different ports for each SCM use PortConfigKey ozone.scm.client.port appended with serviceId and nodeId
2021-12-28 02:23:32,043 [Listener at 0.0.0.0/12521] INFO  ha.SCMNodeInfo (SCMNodeInfo.java:getPort(197)) - ConfigKey ozone.scm.block.client.address is deprecated, For configuring different ports for each SCM use PortConfigKey ozone.scm.block.client.port appended with serviceId and nodeId
2021-12-28 02:23:32,043 [Listener at 0.0.0.0/12521] INFO  ha.SCMNodeInfo (SCMNodeInfo.java:getPort(197)) - ConfigKey ozone.scm.datanode.address is deprecated, For configuring different ports for each SCM use PortConfigKey ozone.scm.datanode.port appended with serviceId and nodeId
2021-12-28 02:23:32,046 [Listener at 0.0.0.0/12521] INFO  ha.SCMNodeInfo (SCMNodeInfo.java:getPort(197)) - ConfigKey ozone.scm.client.address is deprecated, For configuring different ports for each SCM use PortConfigKey ozone.scm.client.port appended with serviceId and nodeId
2021-12-28 02:23:32,046 [Listener at 0.0.0.0/12521] INFO  ha.SCMNodeInfo (SCMNodeInfo.java:getPort(197)) - ConfigKey ozone.scm.block.client.address is deprecated, For configuring different ports for each SCM use PortConfigKey ozone.scm.block.client.port appended with serviceId and nodeId
2021-12-28 02:23:32,046 [Listener at 0.0.0.0/12521] INFO  ha.SCMNodeInfo (SCMNodeInfo.java:getPort(197)) - ConfigKey ozone.scm.datanode.address is deprecated, For configuring different ports for each SCM use PortConfigKey ozone.scm.datanode.port appended with serviceId and nodeId
2021-12-28 02:23:32,046 [Listener at 0.0.0.0/12521] INFO  ha.SCMNodeInfo (SCMNodeInfo.java:getPort(197)) - ConfigKey ozone.scm.client.address is deprecated, For configuring different ports for each SCM use PortConfigKey ozone.scm.client.port appended with serviceId and nodeId
2021-12-28 02:23:32,047 [Listener at 0.0.0.0/12521] INFO  ha.SCMNodeInfo (SCMNodeInfo.java:getPort(197)) - ConfigKey ozone.scm.block.client.address is deprecated, For configuring different ports for each SCM use PortConfigKey ozone.scm.block.client.port appended with serviceId and nodeId
2021-12-28 02:23:32,047 [Listener at 0.0.0.0/12521] INFO  ha.SCMNodeInfo (SCMNodeInfo.java:getPort(197)) - ConfigKey ozone.scm.datanode.address is deprecated, For configuring different ports for each SCM use PortConfigKey ozone.scm.datanode.port appended with serviceId and nodeId
2021-12-28 02:23:32,084 [Listener at 0.0.0.0/12521] INFO  server.StorageContainerManager (StorageContainerManager.java:scmBootstrap(987)) - SCM BootStrap  is successful for ClusterID b5c7e046-d456-4649-9d8a-956fe40c5cb7, SCMID d3859da6-2e6e-4bb4-8c1a-e0036f112fd7
2021-12-28 02:23:32,084 [Listener at 0.0.0.0/12521] INFO  server.StorageContainerManager (StorageContainerManager.java:scmBootstrap(989)) - Primary SCM Node ID 85b08ac6-0f6d-42de-94fb-508f7dc90a3f
2021-12-28 02:23:32,084 [Listener at 0.0.0.0/12521] INFO  ha.SCMHANodeDetails (SCMHANodeDetails.java:loadSCMHAConfig(157)) - ServiceID for StorageContainerManager is scm-service-test1
2021-12-28 02:23:32,084 [Listener at 0.0.0.0/12521] INFO  ha.SCMHANodeDetails (SCMHANodeDetails.java:loadSCMHAConfig(168)) - ServiceID for StorageContainerManager is scm-service-test1
2021-12-28 02:23:32,084 [Listener at 0.0.0.0/12521] WARN  scm.ScmUtils (ScmUtils.java:logWarn(179)) - ConfigKey ozone.scm.block.client.address is deprecated, For configuring different ports for each SCM use PortConfigKey ozone.scm.block.client.port appended with serviceId and nodeId. If want to configure same port configure ozone.scm.block.client.port
2021-12-28 02:23:32,084 [Listener at 0.0.0.0/12521] WARN  scm.ScmUtils (ScmUtils.java:logWarn(179)) - ConfigKey ozone.scm.client.address is deprecated, For configuring different ports for each SCM use PortConfigKey ozone.scm.client.port appended with serviceId and nodeId. If want to configure same port configure ozone.scm.client.port
2021-12-28 02:23:32,085 [Listener at 0.0.0.0/12521] WARN  scm.ScmUtils (ScmUtils.java:logWarn(179)) - ConfigKey ozone.scm.datanode.address is deprecated, For configuring different ports for each SCM use PortConfigKey ozone.scm.datanode.port appended with serviceId and nodeId. If want to configure same port configure ozone.scm.datanode.port
2021-12-28 02:23:32,085 [Listener at 0.0.0.0/12521] WARN  scm.ScmUtils (ScmUtils.java:logWarn(179)) - ConfigKey ozone.scm.block.client.address is deprecated, For configuring different ports for each SCM use PortConfigKey ozone.scm.block.client.port appended with serviceId and nodeId. If want to configure same port configure ozone.scm.block.client.port
2021-12-28 02:23:32,085 [Listener at 0.0.0.0/12521] WARN  scm.ScmUtils (ScmUtils.java:logWarn(179)) - ConfigKey ozone.scm.client.address is deprecated, For configuring different ports for each SCM use PortConfigKey ozone.scm.client.port appended with serviceId and nodeId. If want to configure same port configure ozone.scm.client.port
2021-12-28 02:23:32,085 [Listener at 0.0.0.0/12521] WARN  scm.ScmUtils (ScmUtils.java:logWarn(179)) - ConfigKey ozone.scm.datanode.address is deprecated, For configuring different ports for each SCM use PortConfigKey ozone.scm.datanode.port appended with serviceId and nodeId. If want to configure same port configure ozone.scm.datanode.port
2021-12-28 02:23:32,085 [Listener at 0.0.0.0/12521] INFO  ha.SCMHANodeDetails (SCMHANodeDetails.java:loadSCMHAConfig(250)) - Found matching SCM address with SCMServiceId: scm-service-test1, SCMNodeId: scmNode-3, RPC Address: localhost:12528 and Ratis port: 12528
2021-12-28 02:23:32,085 [Listener at 0.0.0.0/12521] INFO  ha.SCMHANodeDetails (ConfUtils.java:setNodeSpecificConfigs(108)) - Setting configuration key ozone.scm.datanode.address with value of key ozone.scm.datanode.address.scm-service-test1.scmNode-3: 127.0.0.1:12529
2021-12-28 02:23:32,086 [Listener at 0.0.0.0/12521] INFO  ha.SCMHANodeDetails (ConfUtils.java:setNodeSpecificConfigs(108)) - Setting configuration key ozone.scm.block.client.address with value of key ozone.scm.block.client.address.scm-service-test1.scmNode-3: 127.0.0.1:12530
2021-12-28 02:23:32,086 [Listener at 0.0.0.0/12521] INFO  ha.SCMHANodeDetails (ConfUtils.java:setNodeSpecificConfigs(108)) - Setting configuration key ozone.scm.client.address with value of key ozone.scm.client.address.scm-service-test1.scmNode-3: 127.0.0.1:12531
2021-12-28 02:23:32,086 [Listener at 0.0.0.0/12521] INFO  ha.SCMHANodeDetails (ConfUtils.java:setNodeSpecificConfigs(108)) - Setting configuration key ozone.scm.ratis.port with value of key ozone.scm.ratis.port.scm-service-test1.scmNode-3: 12528
2021-12-28 02:23:32,086 [Listener at 0.0.0.0/12521] INFO  ha.SCMHANodeDetails (ConfUtils.java:setNodeSpecificConfigs(108)) - Setting configuration key ozone.scm.grpc.port with value of key ozone.scm.grpc.port.scm-service-test1.scmNode-3: 12532
2021-12-28 02:23:32,086 [Listener at 0.0.0.0/12521] INFO  ha.SCMHANodeDetails (ConfUtils.java:setNodeSpecificConfigs(108)) - Setting configuration key ozone.scm.http-address with value of key ozone.scm.http-address.scm-service-test1.scmNode-3: 127.0.0.1:12526
2021-12-28 02:23:32,086 [Listener at 0.0.0.0/12521] INFO  ha.SCMHANodeDetails (ConfUtils.java:setNodeSpecificConfigs(108)) - Setting configuration key ozone.scm.https-address with value of key ozone.scm.https-address.scm-service-test1.scmNode-3: 127.0.0.1:12527
2021-12-28 02:23:32,086 [Listener at 0.0.0.0/12521] INFO  ha.SCMHANodeDetails (ConfUtils.java:setNodeSpecificConfigs(108)) - Setting configuration key ozone.scm.address with value of key ozone.scm.address.scm-service-test1.scmNode-3: 127.0.0.1
2021-12-28 02:23:32,087 [Listener at 0.0.0.0/12521] WARN  scm.ScmUtils (ScmUtils.java:logWarn(179)) - ConfigKey ozone.scm.block.client.address is deprecated, For configuring different ports for each SCM use PortConfigKey ozone.scm.block.client.port appended with serviceId and nodeId. If want to configure same port configure ozone.scm.block.client.port
2021-12-28 02:23:32,087 [Listener at 0.0.0.0/12521] WARN  scm.ScmUtils (ScmUtils.java:logWarn(179)) - ConfigKey ozone.scm.client.address is deprecated, For configuring different ports for each SCM use PortConfigKey ozone.scm.client.port appended with serviceId and nodeId. If want to configure same port configure ozone.scm.client.port
2021-12-28 02:23:32,087 [Listener at 0.0.0.0/12521] WARN  scm.ScmUtils (ScmUtils.java:logWarn(179)) - ConfigKey ozone.scm.datanode.address is deprecated, For configuring different ports for each SCM use PortConfigKey ozone.scm.datanode.port appended with serviceId and nodeId. If want to configure same port configure ozone.scm.datanode.port
2021-12-28 02:23:32,088 [Listener at 0.0.0.0/12521] WARN  server.ServerUtils (ServerUtils.java:getScmDbDir(148)) - ozone.scm.db.dirs is not configured. We recommend adding this setting. Falling back to ozone.metadata.dirs instead.
2021-12-28 02:23:32,088 [Listener at 0.0.0.0/12521] INFO  upgrade.AbstractLayoutVersionManager (AbstractLayoutVersionManager.java:init(79)) - Initializing Layout version manager with metadata layout = SCM_HA (version = 2), software layout = SCM_HA (version = 2)
2021-12-28 02:23:32,182 [Listener at 0.0.0.0/12521] INFO  reflections.Reflections (Reflections.java:scan(232)) - Reflections took 93 ms to scan 7 urls, producing 119 keys and 279 values 
2021-12-28 02:23:32,194 [Listener at 0.0.0.0/12521] WARN  utils.HAUtils (HAUtils.java:getMetaDir(342)) - ozone.scm.db.dirs is not configured. We recommend adding this setting. Falling back to ozone.metadata.dirs instead.
2021-12-28 02:23:32,195 [Listener at 0.0.0.0/12521] WARN  db.DBStoreBuilder (DBStoreBuilder.java:applyDBDefinition(145)) - ozone.scm.db.dirs is not configured. We recommend adding this setting. Falling back to ozone.metadata.dirs instead.
2021-12-28 02:23:32,356 [Listener at 0.0.0.0/12521] INFO  net.NodeSchemaLoader (NodeSchemaLoader.java:loadSchemaFromFile(129)) - Loading schema from [jar:file:/home/runner/.m2/repository/org/apache/ozone/hdds-common/1.3.0-SNAPSHOT/hdds-common-1.3.0-SNAPSHOT.jar!/network-topology-default.xml]
2021-12-28 02:23:32,357 [Listener at 0.0.0.0/12521] INFO  net.NodeSchemaLoader (NodeSchemaLoader.java:loadSchema(176)) - Loading network topology layer schema file
2021-12-28 02:23:32,359 [Listener at 0.0.0.0/12521] WARN  impl.MetricRegistriesImpl (MetricRegistriesImpl.java:addReporterRegistration(111)) - New reporters are added after registries were created. Some metrics will be missing from the reporter. Please add reporter before adding any new registry.
2021-12-28 02:23:32,370 [Listener at 0.0.0.0/12521] WARN  impl.MetricRegistriesImpl (MetricRegistriesImpl.java:addReporterRegistration(111)) - New reporters are added after registries were created. Some metrics will be missing from the reporter. Please add reporter before adding any new registry.
2021-12-28 02:23:32,379 [Listener at 0.0.0.0/12521] INFO  ha.SCMRatisServerImpl (SCMRatisServerImpl.java:<init>(87)) - starting Raft server for scm:d3859da6-2e6e-4bb4-8c1a-e0036f112fd7
2021-12-28 02:23:32,380 [Listener at 0.0.0.0/12521] INFO  server.RaftServer (ConfUtils.java:logGet(44)) - raft.rpc.type = GRPC (default)
2021-12-28 02:23:32,381 [Listener at 0.0.0.0/12521] INFO  grpc.GrpcFactory (GrpcFactory.java:checkPooledByteBufAllocatorUseCacheForAllThreads(48)) - PERFORMANCE WARNING: useCacheForAllThreads is true that may cause Netty to create a lot garbage objects and, as a result, trigger GC.
	It is recommended to disable useCacheForAllThreads by setting -Dorg.apache.ratis.thirdparty.io.netty.allocator.useCacheForAllThreads=false in command line.
2021-12-28 02:23:32,381 [Listener at 0.0.0.0/12521] INFO  grpc.GrpcConfigKeys (ConfUtils.java:logGet(44)) - raft.grpc.admin.port = -1 (default)
2021-12-28 02:23:32,381 [Listener at 0.0.0.0/12521] INFO  grpc.GrpcConfigKeys (ConfUtils.java:logGet(44)) - raft.grpc.server.port = 12528 (custom)
2021-12-28 02:23:32,381 [Listener at 0.0.0.0/12521] INFO  grpc.GrpcConfigKeys (ConfUtils.java:logGet(44)) - raft.grpc.client.port = -1 (default)
2021-12-28 02:23:32,381 [Listener at 0.0.0.0/12521] INFO  grpc.GrpcConfigKeys (ConfUtils.java:logGet(44)) - raft.grpc.server.port = 12528 (custom)
2021-12-28 02:23:32,381 [Listener at 0.0.0.0/12521] INFO  grpc.GrpcConfigKeys (ConfUtils.java:logGet(44)) - raft.grpc.server.port = 12528 (custom)
2021-12-28 02:23:32,382 [Listener at 0.0.0.0/12521] INFO  server.GrpcService (ConfUtils.java:logGet(44)) - raft.grpc.message.size.max = 32m (=33554432) (custom)
2021-12-28 02:23:32,382 [Listener at 0.0.0.0/12521] INFO  server.RaftServerConfigKeys (ConfUtils.java:logGet(44)) - raft.server.log.appender.buffer.byte-limit = 33554432 (custom)
2021-12-28 02:23:32,382 [Listener at 0.0.0.0/12521] INFO  server.GrpcService (ConfUtils.java:logGet(44)) - raft.grpc.flow.control.window = 1MB (=1048576) (default)
2021-12-28 02:23:32,382 [Listener at 0.0.0.0/12521] INFO  server.RaftServerConfigKeys (ConfUtils.java:logGet(44)) - raft.server.rpc.request.timeout = 30000ms (custom)
2021-12-28 02:23:32,384 [Listener at 0.0.0.0/12521] INFO  impl.DataStreamServerImpl (ConfUtils.java:logGet(44)) - raft.datastream.type = DISABLED (default)
2021-12-28 02:23:32,384 [Listener at 0.0.0.0/12521] INFO  server.RaftServerConfigKeys (ConfUtils.java:logGet(44)) - raft.server.rpc.slowness.timeout = 120000ms (custom)
2021-12-28 02:23:32,384 [Listener at 0.0.0.0/12521] INFO  server.RaftServerConfigKeys (ConfUtils.java:logGet(44)) - raft.server.leaderelection.leader.step-down.wait-time = 10s (default)
2021-12-28 02:23:32,384 [Listener at 0.0.0.0/12521] INFO  server.RaftServerConfigKeys (ConfUtils.java:logGet(44)) - raft.server.storage.dir = [/home/runner/work/ozone/ozone/hadoop-ozone/integration-test/target/test-dir/MiniOzoneClusterImpl-b5c7e046-d456-4649-9d8a-956fe40c5cb7/scmNode-3/scm-ha] (custom)
2021-12-28 02:23:32,390 [Listener at 0.0.0.0/12521] INFO  server.RaftServer (RaftServerProxy.java:addNew(95)) - d3859da6-2e6e-4bb4-8c1a-e0036f112fd7: addNew group-956FE40C5CB7:[] returns group-956FE40C5CB7:java.util.concurrent.CompletableFuture@3535daea[Not completed]
2021-12-28 02:23:32,395 [pool-264-thread-1] INFO  server.RaftServer$Division (RaftServerImpl.java:<init>(184)) - d3859da6-2e6e-4bb4-8c1a-e0036f112fd7: new RaftServerImpl for group-956FE40C5CB7:[] with SCMStateMachine:uninitialized
2021-12-28 02:23:32,396 [pool-264-thread-1] INFO  server.RaftServerConfigKeys (ConfUtils.java:logGet(44)) - raft.server.rpc.timeout.min = 5000ms (custom)
2021-12-28 02:23:32,396 [pool-264-thread-1] INFO  server.RaftServerConfigKeys (ConfUtils.java:logGet(44)) - raft.server.rpc.timeout.max = 5200ms (custom)
2021-12-28 02:23:32,396 [pool-264-thread-1] INFO  server.RaftServerConfigKeys (ConfUtils.java:logGet(44)) - raft.server.rpc.sleep.time = 25ms (default)
2021-12-28 02:23:32,396 [pool-264-thread-1] INFO  server.RaftServerConfigKeys (ConfUtils.java:logGet(44)) - raft.server.rpc.slowness.timeout = 120000ms (custom)
2021-12-28 02:23:32,396 [pool-264-thread-1] INFO  server.RaftServerConfigKeys (ConfUtils.java:logGet(44)) - raft.server.leaderelection.leader.step-down.wait-time = 10s (default)
2021-12-28 02:23:32,396 [pool-264-thread-1] INFO  server.RaftServerConfigKeys (ConfUtils.java:logGet(44)) - raft.server.sleep.deviation.threshold = 300ms (default)
2021-12-28 02:23:32,396 [pool-264-thread-1] INFO  server.RaftServerConfigKeys (ConfUtils.java:logGet(44)) - raft.server.log.appender.install.snapshot.enabled = false (custom)
2021-12-28 02:23:32,396 [pool-264-thread-1] INFO  server.RaftServer$Division (ServerState.java:<init>(105)) - d3859da6-2e6e-4bb4-8c1a-e0036f112fd7@group-956FE40C5CB7: ConfigurationManager, init=-1: [], old=null, confs=<EMPTY_MAP>
2021-12-28 02:23:32,396 [pool-264-thread-1] INFO  server.RaftServerConfigKeys (ConfUtils.java:logGet(44)) - raft.server.storage.dir = [/home/runner/work/ozone/ozone/hadoop-ozone/integration-test/target/test-dir/MiniOzoneClusterImpl-b5c7e046-d456-4649-9d8a-956fe40c5cb7/scmNode-3/scm-ha] (custom)
2021-12-28 02:23:32,396 [pool-264-thread-1] INFO  server.RaftServerConfigKeys (ConfUtils.java:logGet(44)) - raft.server.log.corruption.policy = EXCEPTION (default)
2021-12-28 02:23:32,396 [pool-264-thread-1] INFO  server.RaftServerConfigKeys (ConfUtils.java:logGet(44)) - raft.server.storage.free-space.min = 0MB (=0) (default)
2021-12-28 02:23:32,397 [pool-264-thread-1] INFO  storage.RaftStorageDirectory (RaftStorageDirectoryImpl.java:analyzeStorage(135)) - The storage directory /home/runner/work/ozone/ozone/hadoop-ozone/integration-test/target/test-dir/MiniOzoneClusterImpl-b5c7e046-d456-4649-9d8a-956fe40c5cb7/scmNode-3/scm-ha/b5c7e046-d456-4649-9d8a-956fe40c5cb7 does not exist. Creating ...
2021-12-28 02:23:32,402 [pool-264-thread-1] INFO  storage.RaftStorageDirectory (RaftStorageDirectoryImpl.java:tryLock(230)) - Lock on /home/runner/work/ozone/ozone/hadoop-ozone/integration-test/target/test-dir/MiniOzoneClusterImpl-b5c7e046-d456-4649-9d8a-956fe40c5cb7/scmNode-3/scm-ha/b5c7e046-d456-4649-9d8a-956fe40c5cb7/in_use.lock acquired by nodename 8510@fv-az184-560
2021-12-28 02:23:32,406 [pool-264-thread-1] INFO  storage.RaftStorage (RaftStorageImpl.java:format(89)) - Storage directory /home/runner/work/ozone/ozone/hadoop-ozone/integration-test/target/test-dir/MiniOzoneClusterImpl-b5c7e046-d456-4649-9d8a-956fe40c5cb7/scmNode-3/scm-ha/b5c7e046-d456-4649-9d8a-956fe40c5cb7 has been successfully formatted.
2021-12-28 02:23:32,406 [pool-264-thread-1] INFO  server.RaftServerConfigKeys (ConfUtils.java:logGet(44)) - raft.server.notification.no-leader.timeout = 60s (default)
2021-12-28 02:23:32,406 [pool-264-thread-1] INFO  server.RaftServerConfigKeys (ConfUtils.java:logGet(44)) - raft.server.log.use.memory = false (default)
2021-12-28 02:23:32,406 [pool-264-thread-1] INFO  server.RaftServerConfigKeys (ConfUtils.java:logGet(44)) - raft.server.log.purge.gap = 5 (custom)
2021-12-28 02:23:32,407 [pool-264-thread-1] INFO  server.RaftServerConfigKeys (ConfUtils.java:logGet(44)) - raft.server.log.appender.buffer.byte-limit = 33554432 (custom)
2021-12-28 02:23:32,407 [pool-264-thread-1] INFO  server.RaftServerConfigKeys (ConfUtils.java:logGet(44)) - raft.server.log.segment.size.max = 4194304 (custom)
2021-12-28 02:23:32,407 [pool-264-thread-1] INFO  server.RaftServerConfigKeys (ConfUtils.java:logGet(44)) - raft.server.log.segment.cache.num.max = 2 (custom)
2021-12-28 02:23:32,407 [pool-264-thread-1] INFO  server.RaftServerConfigKeys (ConfUtils.java:logGet(44)) - raft.server.log.segment.cache.size.max = 200MB (=209715200) (default)
2021-12-28 02:23:32,407 [pool-264-thread-1] INFO  segmented.SegmentedRaftLogWorker (SegmentedRaftLogWorker.java:<init>(182)) - new d3859da6-2e6e-4bb4-8c1a-e0036f112fd7@group-956FE40C5CB7-SegmentedRaftLogWorker for RaftStorageImpl:Storage Directory /home/runner/work/ozone/ozone/hadoop-ozone/integration-test/target/test-dir/MiniOzoneClusterImpl-b5c7e046-d456-4649-9d8a-956fe40c5cb7/scmNode-3/scm-ha/b5c7e046-d456-4649-9d8a-956fe40c5cb7
2021-12-28 02:23:32,407 [pool-264-thread-1] INFO  server.RaftServerConfigKeys (ConfUtils.java:logGet(44)) - raft.server.log.queue.byte-limit = 64MB (=67108864) (default)
2021-12-28 02:23:32,407 [pool-264-thread-1] INFO  server.RaftServerConfigKeys (ConfUtils.java:logGet(44)) - raft.server.log.queue.element-limit = 4096 (default)
2021-12-28 02:23:32,407 [pool-264-thread-1] INFO  server.RaftServerConfigKeys (ConfUtils.java:logGet(44)) - raft.server.log.segment.size.max = 4194304 (custom)
2021-12-28 02:23:32,408 [pool-264-thread-1] INFO  server.RaftServerConfigKeys (ConfUtils.java:logGet(44)) - raft.server.log.preallocated.size = 4194304 (custom)
2021-12-28 02:23:32,408 [pool-264-thread-1] INFO  server.RaftServerConfigKeys (ConfUtils.java:logGet(44)) - raft.server.log.force.sync.num = 128 (default)
2021-12-28 02:23:32,408 [pool-264-thread-1] INFO  server.RaftServerConfigKeys (ConfUtils.java:logGet(44)) - raft.server.log.statemachine.data.sync = true (default)
2021-12-28 02:23:32,408 [pool-264-thread-1] INFO  server.RaftServerConfigKeys (ConfUtils.java:logGet(44)) - raft.server.log.statemachine.data.sync.timeout = 10s (default)
2021-12-28 02:23:32,408 [pool-264-thread-1] INFO  server.RaftServerConfigKeys (ConfUtils.java:logGet(44)) - raft.server.log.statemachine.data.sync.timeout.retry = -1 (default)
2021-12-28 02:23:32,409 [pool-264-thread-1] INFO  server.RaftServerConfigKeys (ConfUtils.java:logGet(44)) - raft.server.log.write.buffer.size = 64KB (=65536) (default)
2021-12-28 02:23:32,409 [pool-264-thread-1] INFO  server.RaftServerConfigKeys (ConfUtils.java:logGet(44)) - raft.server.log.statemachine.data.caching.enabled = false (default)
2021-12-28 02:23:32,409 [pool-264-thread-1] INFO  segmented.SegmentedRaftLogWorker (SegmentedRaftLogWorker.java:lambda$new$0(133)) - d3859da6-2e6e-4bb4-8c1a-e0036f112fd7@group-956FE40C5CB7-SegmentedRaftLogWorker: flushIndex: setUnconditionally 0 -> -1
2021-12-28 02:23:32,409 [pool-264-thread-1] INFO  segmented.SegmentedRaftLogWorker (SegmentedRaftLogWorker.java:lambda$new$0(133)) - d3859da6-2e6e-4bb4-8c1a-e0036f112fd7@group-956FE40C5CB7-SegmentedRaftLogWorker: safeCacheEvictIndex: setUnconditionally 0 -> -1
2021-12-28 02:23:32,412 [pool-264-thread-1] INFO  server.RaftServerConfigKeys (ConfUtils.java:logGet(44)) - raft.server.snapshot.auto.trigger.enabled = true (custom)
2021-12-28 02:23:32,412 [pool-264-thread-1] INFO  server.RaftServerConfigKeys (ConfUtils.java:logGet(44)) - raft.server.snapshot.auto.trigger.threshold = 5 (custom)
2021-12-28 02:23:32,412 [pool-264-thread-1] INFO  server.RaftServerConfigKeys (ConfUtils.java:logGet(44)) - raft.server.snapshot.retention.file.num = -1 (default)
2021-12-28 02:23:32,412 [pool-264-thread-1] INFO  server.RaftServerConfigKeys (ConfUtils.java:logGet(44)) - raft.server.log.purge.upto.snapshot.index = true (custom)
2021-12-28 02:23:32,412 [pool-264-thread-1] INFO  server.RaftServerConfigKeys (ConfUtils.java:logGet(44)) - raft.server.retrycache.expirytime = 60000ms (default)
2021-12-28 02:23:32,413 [pool-264-thread-1] INFO  server.RaftServerConfigKeys (ConfUtils.java:logGet(44)) - raft.server.retrycache.statistics.expirytime = 100μs (default)
2021-12-28 02:23:32,419 [Listener at 0.0.0.0/12521] INFO  ha.SCMSnapshotProvider (SCMSnapshotProvider.java:<init>(66)) - Initializing SCM Snapshot Provider
2021-12-28 02:23:32,419 [Listener at 0.0.0.0/12521] WARN  server.ServerUtils (ServerUtils.java:getDefaultRatisDirectory(237)) - Storage directory for Ratis is not configured. It is a good idea to map this to an SSD disk. Falling back to ozone.metadata.dirs
2021-12-28 02:23:32,419 [Listener at 0.0.0.0/12521] WARN  ha.SCMHAUtils (SCMHAUtils.java:getSCMRatisSnapshotDirectory(146)) - SCM snapshot dir is not configured. Falling back to ozone.metadata.dirs config
2021-12-28 02:23:32,421 [Listener at 0.0.0.0/12521] INFO  ha.SequenceIdGenerator (SequenceIdGenerator.java:upgradeToSequenceId(347)) - upgrade localId to 107544261427200000
2021-12-28 02:23:32,421 [Listener at 0.0.0.0/12521] INFO  ha.SequenceIdGenerator (SequenceIdGenerator.java:upgradeToSequenceId(357)) - upgrade delTxnId to 0
2021-12-28 02:23:32,421 [Listener at 0.0.0.0/12521] INFO  ha.SequenceIdGenerator (SequenceIdGenerator.java:upgradeToSequenceId(371)) - upgrade containerId to 0
2021-12-28 02:23:32,421 [Listener at 0.0.0.0/12521] INFO  ha.SequenceIdGenerator (SequenceIdGenerator.java:<init>(218)) - Init the HA SequenceIdGenerator.
2021-12-28 02:23:32,422 [Listener at 0.0.0.0/12521] WARN  server.ServerUtils (ServerUtils.java:sanitizeUserArgs(73)) - ozone.scm.stale.node.interval value = 300000 is larger than max = 100000 based on the key value of ozone.scm.heartbeat.thread.interval, reset to the max value 100000.
2021-12-28 02:23:32,422 [Listener at 0.0.0.0/12521] WARN  server.ServerUtils (ServerUtils.java:sanitizeUserArgs(73)) - ozone.scm.stale.node.interval value = 300000 is larger than max = 100000 based on the key value of ozone.scm.heartbeat.thread.interval, reset to the max value 100000.
2021-12-28 02:23:32,424 [Listener at 0.0.0.0/12521] INFO  node.SCMNodeManager (SCMNodeManager.java:<init>(144)) - Entering startup safe mode.
2021-12-28 02:23:32,425 [Listener at 0.0.0.0/12521] INFO  algorithms.ContainerPlacementPolicyFactory (ContainerPlacementPolicyFactory.java:getPolicy(60)) - Create container placement policy of type org.apache.hadoop.hdds.scm.container.placement.algorithms.SCMContainerPlacementRandom
2021-12-28 02:23:32,426 [Listener at 0.0.0.0/12521] INFO  pipeline.PipelineStateManagerImpl (PipelineStateManagerImpl.java:initialize(78)) - No pipeline exists in current db
2021-12-28 02:23:32,426 [Listener at 0.0.0.0/12521] INFO  algorithms.LeaderChoosePolicyFactory (LeaderChoosePolicyFactory.java:getPolicy(57)) - Create leader choose policy of type org.apache.hadoop.hdds.scm.pipeline.leader.choose.algorithms.MinLeaderCountChoosePolicy
2021-12-28 02:23:32,426 [Listener at 0.0.0.0/12521] INFO  ha.SCMServiceManager (SCMServiceManager.java:register(43)) - Registering service BackgroundPipelineCreator.
2021-12-28 02:23:32,426 [Listener at 0.0.0.0/12521] INFO  pipeline.BackgroundPipelineCreator (BackgroundPipelineCreator.java:start(130)) - Starting RatisPipelineUtilsThread.
2021-12-28 02:23:32,434 [Listener at 0.0.0.0/12521] INFO  algorithms.PipelineChoosePolicyFactory (PipelineChoosePolicyFactory.java:createPipelineChoosePolicyFromClass(73)) - Create pipeline choose policy of type org.apache.hadoop.hdds.scm.pipeline.choose.algorithms.RandomPipelineChoosePolicy
2021-12-28 02:23:32,434 [Listener at 0.0.0.0/12521] INFO  ha.SCMServiceManager (SCMServiceManager.java:register(43)) - Registering service SCMBlockDeletingService.
2021-12-28 02:23:32,435 [Listener at 0.0.0.0/12521] INFO  ha.SCMServiceManager (SCMServiceManager.java:register(43)) - Registering service ReplicationManager.
2021-12-28 02:23:32,435 [Listener at 0.0.0.0/12521] INFO  container.ReplicationManager (ReplicationManager.java:start(319)) - Starting Replication Monitor Thread.
2021-12-28 02:23:32,436 [Listener at 0.0.0.0/12521] INFO  safemode.ContainerSafeModeRule (ContainerSafeModeRule.java:<init>(89)) - containers with one replica threshold count 0
2021-12-28 02:23:32,436 [Listener at 0.0.0.0/12521] INFO  safemode.HealthyPipelineSafeModeRule (HealthyPipelineSafeModeRule.java:initializeRule(156)) - Total pipeline count is 0, healthy pipeline threshold count is 1
2021-12-28 02:23:32,437 [Listener at 0.0.0.0/12521] INFO  safemode.OneReplicaPipelineSafeModeRule (OneReplicaPipelineSafeModeRule.java:initializeRule(180)) - Total pipeline count is 0, pipeline's with at least one datanode reported threshold count is 0
2021-12-28 02:23:32,451 [ReplicationMonitor] INFO  container.ReplicationManager (ReplicationManager.java:processAll(371)) - Replication Monitor Thread took 0 milliseconds for processing 0 containers.
2021-12-28 02:23:32,458 [Listener at 0.0.0.0/12521] INFO  ipc.CallQueueManager (CallQueueManager.java:<init>(90)) - Using callQueue: class java.util.concurrent.LinkedBlockingQueue, queueCapacity: 2000, scheduler: class org.apache.hadoop.ipc.DefaultRpcScheduler, ipcBackoff: false.
2021-12-28 02:23:32,466 [Socket Reader #1 for port 12529] INFO  ipc.Server (Server.java:run(1265)) - Starting Socket Reader #1 for port 12529
2021-12-28 02:23:32,467 [Listener at 0.0.0.0/12529] INFO  ipc.CallQueueManager (CallQueueManager.java:<init>(90)) - Using callQueue: class java.util.concurrent.LinkedBlockingQueue, queueCapacity: 2000, scheduler: class org.apache.hadoop.ipc.DefaultRpcScheduler, ipcBackoff: false.
2021-12-28 02:23:32,469 [Socket Reader #1 for port 12530] INFO  ipc.Server (Server.java:run(1265)) - Starting Socket Reader #1 for port 12530
2021-12-28 02:23:32,483 [Listener at 0.0.0.0/12530] INFO  ipc.CallQueueManager (CallQueueManager.java:<init>(90)) - Using callQueue: class java.util.concurrent.LinkedBlockingQueue, queueCapacity: 2000, scheduler: class org.apache.hadoop.ipc.DefaultRpcScheduler, ipcBackoff: false.
2021-12-28 02:23:32,497 [Socket Reader #1 for port 12531] INFO  ipc.Server (Server.java:run(1265)) - Starting Socket Reader #1 for port 12531
2021-12-28 02:23:32,585 [Listener at 0.0.0.0/12531] INFO  algorithms.ContainerPlacementPolicyFactory (ContainerPlacementPolicyFactory.java:getPolicy(60)) - Create container placement policy of type org.apache.hadoop.hdds.scm.container.placement.algorithms.SCMContainerPlacementRandom
2021-12-28 02:23:32,586 [Listener at 0.0.0.0/12531] INFO  server.StorageContainerManager (StorageContainerManager.java:<init>(388)) - 
Container Balancer status:
Key                            Value
Running                        false
Container Balancer Configuration values:
Key                                                Value
Threshold                                          0.1
Max Datanodes to Involve per Iteration(ratio)      0.2
Max Size to Move per Iteration                     30GB
Max Size Entering Target per Iteration             26GB
Max Size Leaving Source per Iteration              26GB

2021-12-28 02:23:32,588 [Listener at 0.0.0.0/12531] WARN  events.EventQueue (EventQueue.java:fireEvent(194)) - No event handler registered for event TypedEvent{payloadType=SafeModeStatus, name='Safe mode status'}
2021-12-28 02:23:32,588 [Listener at 0.0.0.0/12531] INFO  ha.SCMContext (SCMContext.java:updateSafeModeStatus(211)) - Update SafeModeStatus from SafeModeStatus{safeModeStatus=true, preCheckPassed=false} to SafeModeStatus{safeModeStatus=true, preCheckPassed=false}.
2021-12-28 02:23:32,589 [Listener at 0.0.0.0/12531] INFO  ozone.MiniOzoneHAClusterImpl (MiniOzoneHAClusterImpl.java:createSCMService(581)) - Intialized SCM at org.apache.hadoop.hdds.scm.server.SCMClientProtocolServer@9ec7b1. This SCM is currently inactive (not running).
2021-12-28 02:23:32,589 [Listener at 0.0.0.0/12531] INFO  ha.OMHANodeDetails (OMHANodeDetails.java:loadOMHAConfig(118)) - ServiceID for OzoneManager is om-service-test1
2021-12-28 02:23:32,589 [Listener at 0.0.0.0/12531] INFO  ha.OMHANodeDetails (OMHANodeDetails.java:loadOMHAConfig(193)) - Found matching OM address with OMServiceId: om-service-test1, OMNodeId: omNode-1, RPC Address: localhost:13852 and Ratis port: 13856
2021-12-28 02:23:32,590 [Listener at 0.0.0.0/12531] INFO  ha.OMHANodeDetails (ConfUtils.java:setNodeSpecificConfigs(108)) - Setting configuration key ozone.om.http-address with value of key ozone.om.http-address.om-service-test1.omNode-1: 127.0.0.1:13854
2021-12-28 02:23:32,590 [Listener at 0.0.0.0/12531] INFO  ha.OMHANodeDetails (ConfUtils.java:setNodeSpecificConfigs(108)) - Setting configuration key ozone.om.https-address with value of key ozone.om.https-address.om-service-test1.omNode-1: 127.0.0.1:13855
2021-12-28 02:23:32,590 [Listener at 0.0.0.0/12531] INFO  ha.OMHANodeDetails (ConfUtils.java:setNodeSpecificConfigs(108)) - Setting configuration key ozone.om.address with value of key ozone.om.address.om-service-test1.omNode-1: 127.0.0.1:13852
2021-12-28 02:23:32,591 [Listener at 0.0.0.0/12531] WARN  server.ServerUtils (ServerUtils.java:getDBPath(225)) - ozone.om.db.dirs is not configured. We recommend adding this setting. Falling back to ozone.metadata.dirs instead.
2021-12-28 02:23:32,592 [Listener at 0.0.0.0/12531] INFO  ha.SCMNodeInfo (SCMNodeInfo.java:getPort(197)) - ConfigKey ozone.scm.client.address is deprecated, For configuring different ports for each SCM use PortConfigKey ozone.scm.client.port appended with serviceId and nodeId
2021-12-28 02:23:32,597 [Listener at 0.0.0.0/12531] INFO  ha.SCMNodeInfo (SCMNodeInfo.java:getPort(197)) - ConfigKey ozone.scm.block.client.address is deprecated, For configuring different ports for each SCM use PortConfigKey ozone.scm.block.client.port appended with serviceId and nodeId
2021-12-28 02:23:32,597 [Listener at 0.0.0.0/12531] INFO  ha.SCMNodeInfo (SCMNodeInfo.java:getPort(197)) - ConfigKey ozone.scm.datanode.address is deprecated, For configuring different ports for each SCM use PortConfigKey ozone.scm.datanode.port appended with serviceId and nodeId
2021-12-28 02:23:32,597 [Listener at 0.0.0.0/12531] INFO  ha.SCMNodeInfo (SCMNodeInfo.java:getPort(197)) - ConfigKey ozone.scm.client.address is deprecated, For configuring different ports for each SCM use PortConfigKey ozone.scm.client.port appended with serviceId and nodeId
2021-12-28 02:23:32,598 [Listener at 0.0.0.0/12531] INFO  ha.SCMNodeInfo (SCMNodeInfo.java:getPort(197)) - ConfigKey ozone.scm.block.client.address is deprecated, For configuring different ports for each SCM use PortConfigKey ozone.scm.block.client.port appended with serviceId and nodeId
2021-12-28 02:23:32,598 [Listener at 0.0.0.0/12531] INFO  ha.SCMNodeInfo (SCMNodeInfo.java:getPort(197)) - ConfigKey ozone.scm.datanode.address is deprecated, For configuring different ports for each SCM use PortConfigKey ozone.scm.datanode.port appended with serviceId and nodeId
2021-12-28 02:23:32,598 [Listener at 0.0.0.0/12531] INFO  ha.SCMNodeInfo (SCMNodeInfo.java:getPort(197)) - ConfigKey ozone.scm.client.address is deprecated, For configuring different ports for each SCM use PortConfigKey ozone.scm.client.port appended with serviceId and nodeId
2021-12-28 02:23:32,598 [Listener at 0.0.0.0/12531] INFO  ha.SCMNodeInfo (SCMNodeInfo.java:getPort(197)) - ConfigKey ozone.scm.block.client.address is deprecated, For configuring different ports for each SCM use PortConfigKey ozone.scm.block.client.port appended with serviceId and nodeId
2021-12-28 02:23:32,598 [Listener at 0.0.0.0/12531] INFO  ha.SCMNodeInfo (SCMNodeInfo.java:getPort(197)) - ConfigKey ozone.scm.datanode.address is deprecated, For configuring different ports for each SCM use PortConfigKey ozone.scm.datanode.port appended with serviceId and nodeId
OM initialization succeeded.Current cluster id for sd=/home/runner/work/ozone/ozone/hadoop-ozone/integration-test/target/test-dir/MiniOzoneClusterImpl-b5c7e046-d456-4649-9d8a-956fe40c5cb7/omNode-1/om;cid=b5c7e046-d456-4649-9d8a-956fe40c5cb7;layoutVersion=0
2021-12-28 02:23:32,621 [Listener at 0.0.0.0/12531] INFO  ha.OMHANodeDetails (OMHANodeDetails.java:loadOMHAConfig(118)) - ServiceID for OzoneManager is om-service-test1
2021-12-28 02:23:32,621 [Listener at 0.0.0.0/12531] INFO  ha.OMHANodeDetails (OMHANodeDetails.java:loadOMHAConfig(193)) - Found matching OM address with OMServiceId: om-service-test1, OMNodeId: omNode-1, RPC Address: localhost:13852 and Ratis port: 13856
2021-12-28 02:23:32,622 [Listener at 0.0.0.0/12531] INFO  ha.OMHANodeDetails (ConfUtils.java:setNodeSpecificConfigs(108)) - Setting configuration key ozone.om.http-address with value of key ozone.om.http-address.om-service-test1.omNode-1: 127.0.0.1:13854
2021-12-28 02:23:32,622 [Listener at 0.0.0.0/12531] INFO  ha.OMHANodeDetails (ConfUtils.java:setNodeSpecificConfigs(108)) - Setting configuration key ozone.om.https-address with value of key ozone.om.https-address.om-service-test1.omNode-1: 127.0.0.1:13855
2021-12-28 02:23:32,622 [Listener at 0.0.0.0/12531] INFO  ha.OMHANodeDetails (ConfUtils.java:setNodeSpecificConfigs(108)) - Setting configuration key ozone.om.address with value of key ozone.om.address.om-service-test1.omNode-1: 127.0.0.1:13852
2021-12-28 02:23:32,622 [Listener at 0.0.0.0/12531] WARN  server.ServerUtils (ServerUtils.java:getDBPath(225)) - ozone.om.db.dirs is not configured. We recommend adding this setting. Falling back to ozone.metadata.dirs instead.
2021-12-28 02:23:32,622 [Listener at 0.0.0.0/12531] INFO  upgrade.AbstractLayoutVersionManager (AbstractLayoutVersionManager.java:init(79)) - Initializing Layout version manager with metadata layout = INITIAL_VERSION (version = 0), software layout = INITIAL_VERSION (version = 0)
2021-12-28 02:23:32,738 [Listener at 0.0.0.0/12531] INFO  reflections.Reflections (Reflections.java:scan(232)) - Reflections took 115 ms to scan 2 urls, producing 133 keys and 345 values [using 2 cores]
2021-12-28 02:23:32,739 [Listener at 0.0.0.0/12531] INFO  upgrade.OMLayoutVersionManager (OMLayoutVersionManager.java:lambda$0(115)) - Skipping Upgrade Action MockOmUpgradeAction since it has been finalized.
2021-12-28 02:23:32,739 [Listener at 0.0.0.0/12531] WARN  server.ServerUtils (ServerUtils.java:getDBPath(225)) - ozone.om.db.dirs is not configured. We recommend adding this setting. Falling back to ozone.metadata.dirs instead.
2021-12-28 02:23:32,739 [Listener at 0.0.0.0/12531] INFO  ha.SCMNodeInfo (SCMNodeInfo.java:getPort(197)) - ConfigKey ozone.scm.client.address is deprecated, For configuring different ports for each SCM use PortConfigKey ozone.scm.client.port appended with serviceId and nodeId
2021-12-28 02:23:32,739 [Listener at 0.0.0.0/12531] INFO  ha.SCMNodeInfo (SCMNodeInfo.java:getPort(197)) - ConfigKey ozone.scm.block.client.address is deprecated, For configuring different ports for each SCM use PortConfigKey ozone.scm.block.client.port appended with serviceId and nodeId
2021-12-28 02:23:32,739 [Listener at 0.0.0.0/12531] INFO  ha.SCMNodeInfo (SCMNodeInfo.java:getPort(197)) - ConfigKey ozone.scm.datanode.address is deprecated, For configuring different ports for each SCM use PortConfigKey ozone.scm.datanode.port appended with serviceId and nodeId
2021-12-28 02:23:32,740 [Listener at 0.0.0.0/12531] INFO  ha.SCMNodeInfo (SCMNodeInfo.java:getPort(197)) - ConfigKey ozone.scm.client.address is deprecated, For configuring different ports for each SCM use PortConfigKey ozone.scm.client.port appended with serviceId and nodeId
2021-12-28 02:23:32,740 [Listener at 0.0.0.0/12531] INFO  ha.SCMNodeInfo (SCMNodeInfo.java:getPort(197)) - ConfigKey ozone.scm.block.client.address is deprecated, For configuring different ports for each SCM use PortConfigKey ozone.scm.block.client.port appended with serviceId and nodeId
2021-12-28 02:23:32,740 [Listener at 0.0.0.0/12531] INFO  ha.SCMNodeInfo (SCMNodeInfo.java:getPort(197)) - ConfigKey ozone.scm.datanode.address is deprecated, For configuring different ports for each SCM use PortConfigKey ozone.scm.datanode.port appended with serviceId and nodeId
2021-12-28 02:23:32,740 [Listener at 0.0.0.0/12531] INFO  ha.SCMNodeInfo (SCMNodeInfo.java:getPort(197)) - ConfigKey ozone.scm.client.address is deprecated, For configuring different ports for each SCM use PortConfigKey ozone.scm.client.port appended with serviceId and nodeId
2021-12-28 02:23:32,740 [Listener at 0.0.0.0/12531] INFO  ha.SCMNodeInfo (SCMNodeInfo.java:getPort(197)) - ConfigKey ozone.scm.block.client.address is deprecated, For configuring different ports for each SCM use PortConfigKey ozone.scm.block.client.port appended with serviceId and nodeId
2021-12-28 02:23:32,740 [Listener at 0.0.0.0/12531] INFO  ha.SCMNodeInfo (SCMNodeInfo.java:getPort(197)) - ConfigKey ozone.scm.datanode.address is deprecated, For configuring different ports for each SCM use PortConfigKey ozone.scm.datanode.port appended with serviceId and nodeId
2021-12-28 02:23:32,740 [Listener at 0.0.0.0/12531] INFO  ha.SCMNodeInfo (SCMNodeInfo.java:getPort(197)) - ConfigKey ozone.scm.client.address is deprecated, For configuring different ports for each SCM use PortConfigKey ozone.scm.client.port appended with serviceId and nodeId
2021-12-28 02:23:32,741 [Listener at 0.0.0.0/12531] INFO  ha.SCMNodeInfo (SCMNodeInfo.java:getPort(197)) - ConfigKey ozone.scm.block.client.address is deprecated, For configuring different ports for each SCM use PortConfigKey ozone.scm.block.client.port appended with serviceId and nodeId
2021-12-28 02:23:32,741 [Listener at 0.0.0.0/12531] INFO  ha.SCMNodeInfo (SCMNodeInfo.java:getPort(197)) - ConfigKey ozone.scm.datanode.address is deprecated, For configuring different ports for each SCM use PortConfigKey ozone.scm.datanode.port appended with serviceId and nodeId
2021-12-28 02:23:32,741 [Listener at 0.0.0.0/12531] INFO  ha.SCMNodeInfo (SCMNodeInfo.java:getPort(197)) - ConfigKey ozone.scm.client.address is deprecated, For configuring different ports for each SCM use PortConfigKey ozone.scm.client.port appended with serviceId and nodeId
2021-12-28 02:23:32,741 [Listener at 0.0.0.0/12531] INFO  ha.SCMNodeInfo (SCMNodeInfo.java:getPort(197)) - ConfigKey ozone.scm.block.client.address is deprecated, For configuring different ports for each SCM use PortConfigKey ozone.scm.block.client.port appended with serviceId and nodeId
2021-12-28 02:23:32,741 [Listener at 0.0.0.0/12531] INFO  ha.SCMNodeInfo (SCMNodeInfo.java:getPort(197)) - ConfigKey ozone.scm.datanode.address is deprecated, For configuring different ports for each SCM use PortConfigKey ozone.scm.datanode.port appended with serviceId and nodeId
2021-12-28 02:23:32,741 [Listener at 0.0.0.0/12531] INFO  ha.SCMNodeInfo (SCMNodeInfo.java:getPort(197)) - ConfigKey ozone.scm.client.address is deprecated, For configuring different ports for each SCM use PortConfigKey ozone.scm.client.port appended with serviceId and nodeId
2021-12-28 02:23:32,741 [Listener at 0.0.0.0/12531] INFO  ha.SCMNodeInfo (SCMNodeInfo.java:getPort(197)) - ConfigKey ozone.scm.block.client.address is deprecated, For configuring different ports for each SCM use PortConfigKey ozone.scm.block.client.port appended with serviceId and nodeId
2021-12-28 02:23:32,741 [Listener at 0.0.0.0/12531] INFO  ha.SCMNodeInfo (SCMNodeInfo.java:getPort(197)) - ConfigKey ozone.scm.datanode.address is deprecated, For configuring different ports for each SCM use PortConfigKey ozone.scm.datanode.port appended with serviceId and nodeId
2021-12-28 02:23:32,743 [Listener at 0.0.0.0/12531] INFO  ha.SCMNodeInfo (SCMNodeInfo.java:getPort(197)) - ConfigKey ozone.scm.client.address is deprecated, For configuring different ports for each SCM use PortConfigKey ozone.scm.client.port appended with serviceId and nodeId
2021-12-28 02:23:32,743 [Listener at 0.0.0.0/12531] INFO  ha.SCMNodeInfo (SCMNodeInfo.java:getPort(197)) - ConfigKey ozone.scm.block.client.address is deprecated, For configuring different ports for each SCM use PortConfigKey ozone.scm.block.client.port appended with serviceId and nodeId
2021-12-28 02:23:32,743 [Listener at 0.0.0.0/12531] INFO  ha.SCMNodeInfo (SCMNodeInfo.java:getPort(197)) - ConfigKey ozone.scm.datanode.address is deprecated, For configuring different ports for each SCM use PortConfigKey ozone.scm.datanode.port appended with serviceId and nodeId
2021-12-28 02:23:32,743 [Listener at 0.0.0.0/12531] INFO  ha.SCMNodeInfo (SCMNodeInfo.java:getPort(197)) - ConfigKey ozone.scm.client.address is deprecated, For configuring different ports for each SCM use PortConfigKey ozone.scm.client.port appended with serviceId and nodeId
2021-12-28 02:23:32,743 [Listener at 0.0.0.0/12531] INFO  ha.SCMNodeInfo (SCMNodeInfo.java:getPort(197)) - ConfigKey ozone.scm.block.client.address is deprecated, For configuring different ports for each SCM use PortConfigKey ozone.scm.block.client.port appended with serviceId and nodeId
2021-12-28 02:23:32,743 [Listener at 0.0.0.0/12531] INFO  ha.SCMNodeInfo (SCMNodeInfo.java:getPort(197)) - ConfigKey ozone.scm.datanode.address is deprecated, For configuring different ports for each SCM use PortConfigKey ozone.scm.datanode.port appended with serviceId and nodeId
2021-12-28 02:23:32,744 [Listener at 0.0.0.0/12531] INFO  ha.SCMNodeInfo (SCMNodeInfo.java:getPort(197)) - ConfigKey ozone.scm.client.address is deprecated, For configuring different ports for each SCM use PortConfigKey ozone.scm.client.port appended with serviceId and nodeId
2021-12-28 02:23:32,744 [Listener at 0.0.0.0/12531] INFO  ha.SCMNodeInfo (SCMNodeInfo.java:getPort(197)) - ConfigKey ozone.scm.block.client.address is deprecated, For configuring different ports for each SCM use PortConfigKey ozone.scm.block.client.port appended with serviceId and nodeId
2021-12-28 02:23:32,744 [Listener at 0.0.0.0/12531] INFO  ha.SCMNodeInfo (SCMNodeInfo.java:getPort(197)) - ConfigKey ozone.scm.datanode.address is deprecated, For configuring different ports for each SCM use PortConfigKey ozone.scm.datanode.port appended with serviceId and nodeId
2021-12-28 02:23:32,759 [Listener at 0.0.0.0/12531] WARN  server.ServerUtils (ServerUtils.java:getDBPath(225)) - ozone.om.db.dirs is not configured. We recommend adding this setting. Falling back to ozone.metadata.dirs instead.
2021-12-28 02:23:32,760 [Listener at 0.0.0.0/12531] INFO  codec.OmKeyInfoCodec (OmKeyInfoCodec.java:<init>(50)) - OmKeyInfoCodec ignorePipeline = true
2021-12-28 02:23:32,760 [Listener at 0.0.0.0/12531] INFO  codec.RepeatedOmKeyInfoCodec (RepeatedOmKeyInfoCodec.java:<init>(42)) - RepeatedOmKeyInfoCodec ignorePipeline = true
2021-12-28 02:23:32,945 [EndpointStateMachine task thread for /127.0.0.1:13527 - 0 ] INFO  ipc.Client (Client.java:handleConnectionFailure(977)) - Retrying connect to server: localhost/127.0.0.1:13527. Already tried 8 time(s); retry policy is RetryUpToMaximumCountWithFixedSleep(maxRetries=15, sleepTime=1000 MILLISECONDS)
2021-12-28 02:23:32,949 [EndpointStateMachine task thread for /127.0.0.1:13537 - 0 ] INFO  ipc.Client (Client.java:handleConnectionFailure(977)) - Retrying connect to server: localhost/127.0.0.1:13537. Already tried 8 time(s); retry policy is RetryUpToMaximumCountWithFixedSleep(maxRetries=15, sleepTime=1000 MILLISECONDS)
2021-12-28 02:23:32,954 [EndpointStateMachine task thread for /127.0.0.1:13517 - 0 ] INFO  ipc.Client (Client.java:handleConnectionFailure(977)) - Retrying connect to server: localhost/127.0.0.1:13517. Already tried 8 time(s); retry policy is RetryUpToMaximumCountWithFixedSleep(maxRetries=15, sleepTime=1000 MILLISECONDS)
2021-12-28 02:23:32,991 [Listener at 0.0.0.0/12531] INFO  om.OzoneManager (OzoneManager.java:addS3GVolumeToDB(3728)) - Created Volume s3v With Owner runner required for S3Gateway operations.
2021-12-28 02:23:32,991 [Listener at 0.0.0.0/12531] WARN  server.ServerUtils (ServerUtils.java:getDefaultRatisDirectory(237)) - Storage directory for Ratis is not configured. It is a good idea to map this to an SSD disk. Falling back to ozone.metadata.dirs
2021-12-28 02:23:32,991 [Listener at 0.0.0.0/12531] WARN  utils.OzoneManagerRatisUtils (OzoneManagerRatisUtils.java:getOMRatisSnapshotDirectory(323)) - ozone.om.ratis.snapshot.dir is not configured. Falling back to ozone.metadata.dirs config
2021-12-28 02:23:32,992 [Listener at 0.0.0.0/12531] WARN  impl.MetricRegistriesImpl (MetricRegistriesImpl.java:addReporterRegistration(111)) - New reporters are added after registries were created. Some metrics will be missing from the reporter. Please add reporter before adding any new registry.
2021-12-28 02:23:32,993 [Listener at 0.0.0.0/12531] WARN  impl.MetricRegistriesImpl (MetricRegistriesImpl.java:addReporterRegistration(111)) - New reporters are added after registries were created. Some metrics will be missing from the reporter. Please add reporter before adding any new registry.
2021-12-28 02:23:32,993 [Listener at 0.0.0.0/12531] WARN  server.ServerUtils (ServerUtils.java:getDefaultRatisDirectory(237)) - Storage directory for Ratis is not configured. It is a good idea to map this to an SSD disk. Falling back to ozone.metadata.dirs
2021-12-28 02:23:32,995 [Listener at 0.0.0.0/12531] INFO  ratis.OzoneManagerRatisServer (OzoneManagerRatisServer.java:<init>(159)) - Instantiating OM Ratis server with groupID: om-service-test1 and peers: localhost:13856
2021-12-28 02:23:32,997 [Listener at 0.0.0.0/12531] INFO  ratis.OzoneManagerStateMachine (OzoneManagerStateMachine.java:loadSnapshotInfoFromDB(605)) - LastAppliedIndex is set from TransactionInfo from OM DB as (t:0, i:~)
2021-12-28 02:23:33,018 [Listener at 0.0.0.0/12531] INFO  server.RaftServer (ConfUtils.java:logGet(44)) - raft.rpc.type = GRPC (default)
2021-12-28 02:23:33,018 [Listener at 0.0.0.0/12531] INFO  grpc.GrpcFactory (GrpcFactory.java:checkPooledByteBufAllocatorUseCacheForAllThreads(48)) - PERFORMANCE WARNING: useCacheForAllThreads is true that may cause Netty to create a lot garbage objects and, as a result, trigger GC.
	It is recommended to disable useCacheForAllThreads by setting -Dorg.apache.ratis.thirdparty.io.netty.allocator.useCacheForAllThreads=false in command line.
2021-12-28 02:23:33,018 [Listener at 0.0.0.0/12531] INFO  grpc.GrpcConfigKeys (ConfUtils.java:logGet(44)) - raft.grpc.admin.port = -1 (default)
2021-12-28 02:23:33,019 [Listener at 0.0.0.0/12531] INFO  grpc.GrpcConfigKeys (ConfUtils.java:logGet(44)) - raft.grpc.server.port = 13856 (custom)
2021-12-28 02:23:33,019 [Listener at 0.0.0.0/12531] INFO  grpc.GrpcConfigKeys (ConfUtils.java:logGet(44)) - raft.grpc.client.port = -1 (default)
2021-12-28 02:23:33,019 [Listener at 0.0.0.0/12531] INFO  grpc.GrpcConfigKeys (ConfUtils.java:logGet(44)) - raft.grpc.server.port = 13856 (custom)
2021-12-28 02:23:33,019 [Listener at 0.0.0.0/12531] INFO  grpc.GrpcConfigKeys (ConfUtils.java:logGet(44)) - raft.grpc.server.port = 13856 (custom)
2021-12-28 02:23:33,019 [Listener at 0.0.0.0/12531] INFO  server.GrpcService (ConfUtils.java:logGet(44)) - raft.grpc.message.size.max = 33554432 (custom)
2021-12-28 02:23:33,019 [Listener at 0.0.0.0/12531] INFO  server.RaftServerConfigKeys (ConfUtils.java:logGet(44)) - raft.server.log.appender.buffer.byte-limit = 33554432 (custom)
2021-12-28 02:23:33,020 [Listener at 0.0.0.0/12531] INFO  server.GrpcService (ConfUtils.java:logGet(44)) - raft.grpc.flow.control.window = 1MB (=1048576) (default)
2021-12-28 02:23:33,020 [Listener at 0.0.0.0/12531] INFO  server.RaftServerConfigKeys (ConfUtils.java:logGet(44)) - raft.server.rpc.request.timeout = 3000ms (default)
2021-12-28 02:23:33,022 [Listener at 0.0.0.0/12531] INFO  impl.DataStreamServerImpl (ConfUtils.java:logGet(44)) - raft.datastream.type = DISABLED (default)
2021-12-28 02:23:33,022 [Listener at 0.0.0.0/12531] INFO  server.RaftServerConfigKeys (ConfUtils.java:logGet(44)) - raft.server.rpc.slowness.timeout = 2s (custom)
2021-12-28 02:23:33,023 [Listener at 0.0.0.0/12531] INFO  server.RaftServerConfigKeys (ConfUtils.java:logGet(44)) - raft.server.leaderelection.leader.step-down.wait-time = 10s (default)
2021-12-28 02:23:33,026 [Listener at 0.0.0.0/12531] INFO  server.RaftServerConfigKeys (ConfUtils.java:logGet(44)) - raft.server.storage.dir = [/home/runner/work/ozone/ozone/hadoop-ozone/integration-test/target/test-dir/MiniOzoneClusterImpl-b5c7e046-d456-4649-9d8a-956fe40c5cb7/omNode-1/ratis] (custom)
2021-12-28 02:23:33,030 [Listener at 0.0.0.0/12531] INFO  server.RaftServer (RaftServerProxy.java:addNew(95)) - omNode-1: addNew group-523986131536:[omNode-1|rpc:localhost:13856|priority:0] returns group-523986131536:java.util.concurrent.CompletableFuture@7f445761[Not completed]
2021-12-28 02:23:33,030 [Listener at 0.0.0.0/12531] INFO  om.OzoneManager (OzoneManager.java:initializeRatisServer(1834)) - OzoneManager Ratis server initialized at port 13856
2021-12-28 02:23:33,033 [Listener at 0.0.0.0/12531] INFO  ipc.CallQueueManager (CallQueueManager.java:<init>(90)) - Using callQueue: class java.util.concurrent.LinkedBlockingQueue, queueCapacity: 2000, scheduler: class org.apache.hadoop.ipc.DefaultRpcScheduler, ipcBackoff: false.
2021-12-28 02:23:33,033 [pool-288-thread-1] INFO  server.RaftServer$Division (RaftServerImpl.java:<init>(184)) - omNode-1: new RaftServerImpl for group-523986131536:[omNode-1|rpc:localhost:13856|priority:0] with OzoneManagerStateMachine:uninitialized
2021-12-28 02:23:33,041 [Socket Reader #1 for port 13852] INFO  ipc.Server (Server.java:run(1265)) - Starting Socket Reader #1 for port 13852
2021-12-28 02:23:33,060 [pool-288-thread-1] INFO  server.RaftServerConfigKeys (ConfUtils.java:logGet(44)) - raft.server.rpc.timeout.min = 1s (custom)
2021-12-28 02:23:33,061 [pool-288-thread-1] INFO  server.RaftServerConfigKeys (ConfUtils.java:logGet(44)) - raft.server.rpc.timeout.max = 1200ms (custom)
2021-12-28 02:23:33,061 [pool-288-thread-1] INFO  server.RaftServerConfigKeys (ConfUtils.java:logGet(44)) - raft.server.rpc.sleep.time = 25ms (default)
2021-12-28 02:23:33,061 [pool-288-thread-1] INFO  server.RaftServerConfigKeys (ConfUtils.java:logGet(44)) - raft.server.rpc.slowness.timeout = 2s (custom)
2021-12-28 02:23:33,061 [pool-288-thread-1] INFO  server.RaftServerConfigKeys (ConfUtils.java:logGet(44)) - raft.server.leaderelection.leader.step-down.wait-time = 10s (default)
2021-12-28 02:23:33,061 [pool-288-thread-1] INFO  server.RaftServerConfigKeys (ConfUtils.java:logGet(44)) - raft.server.sleep.deviation.threshold = 300ms (default)
2021-12-28 02:23:33,061 [pool-288-thread-1] INFO  server.RaftServerConfigKeys (ConfUtils.java:logGet(44)) - raft.server.log.appender.install.snapshot.enabled = false (custom)
2021-12-28 02:23:33,061 [pool-288-thread-1] INFO  server.RaftServer$Division (ServerState.java:<init>(105)) - omNode-1@group-523986131536: ConfigurationManager, init=-1: [omNode-1|rpc:localhost:13856|priority:0], old=null, confs=<EMPTY_MAP>
2021-12-28 02:23:33,061 [pool-288-thread-1] INFO  server.RaftServerConfigKeys (ConfUtils.java:logGet(44)) - raft.server.storage.dir = [/home/runner/work/ozone/ozone/hadoop-ozone/integration-test/target/test-dir/MiniOzoneClusterImpl-b5c7e046-d456-4649-9d8a-956fe40c5cb7/omNode-1/ratis] (custom)
2021-12-28 02:23:33,061 [pool-288-thread-1] INFO  server.RaftServerConfigKeys (ConfUtils.java:logGet(44)) - raft.server.log.corruption.policy = EXCEPTION (default)
2021-12-28 02:23:33,061 [pool-288-thread-1] INFO  server.RaftServerConfigKeys (ConfUtils.java:logGet(44)) - raft.server.storage.free-space.min = 0MB (=0) (default)
2021-12-28 02:23:33,061 [pool-288-thread-1] INFO  storage.RaftStorageDirectory (RaftStorageDirectoryImpl.java:analyzeStorage(135)) - The storage directory /home/runner/work/ozone/ozone/hadoop-ozone/integration-test/target/test-dir/MiniOzoneClusterImpl-b5c7e046-d456-4649-9d8a-956fe40c5cb7/omNode-1/ratis/c9bc4cf4-3bc3-3c60-a66b-523986131536 does not exist. Creating ...
2021-12-28 02:23:33,063 [pool-288-thread-1] INFO  storage.RaftStorageDirectory (RaftStorageDirectoryImpl.java:tryLock(230)) - Lock on /home/runner/work/ozone/ozone/hadoop-ozone/integration-test/target/test-dir/MiniOzoneClusterImpl-b5c7e046-d456-4649-9d8a-956fe40c5cb7/omNode-1/ratis/c9bc4cf4-3bc3-3c60-a66b-523986131536/in_use.lock acquired by nodename 8510@fv-az184-560
2021-12-28 02:23:33,065 [pool-288-thread-1] INFO  storage.RaftStorage (RaftStorageImpl.java:format(89)) - Storage directory /home/runner/work/ozone/ozone/hadoop-ozone/integration-test/target/test-dir/MiniOzoneClusterImpl-b5c7e046-d456-4649-9d8a-956fe40c5cb7/omNode-1/ratis/c9bc4cf4-3bc3-3c60-a66b-523986131536 has been successfully formatted.
2021-12-28 02:23:33,065 [pool-288-thread-1] INFO  server.RaftServerConfigKeys (ConfUtils.java:logGet(44)) - raft.server.notification.no-leader.timeout = 2s (custom)
2021-12-28 02:23:33,065 [pool-288-thread-1] INFO  server.RaftServerConfigKeys (ConfUtils.java:logGet(44)) - raft.server.log.use.memory = false (default)
2021-12-28 02:23:33,065 [pool-288-thread-1] INFO  server.RaftServerConfigKeys (ConfUtils.java:logGet(44)) - raft.server.log.purge.gap = 1000000 (custom)
2021-12-28 02:23:33,066 [pool-288-thread-1] INFO  server.RaftServerConfigKeys (ConfUtils.java:logGet(44)) - raft.server.log.appender.buffer.byte-limit = 33554432 (custom)
2021-12-28 02:23:33,066 [pool-288-thread-1] INFO  server.RaftServerConfigKeys (ConfUtils.java:logGet(44)) - raft.server.log.segment.size.max = 4194304 (custom)
2021-12-28 02:23:33,066 [pool-288-thread-1] INFO  server.RaftServerConfigKeys (ConfUtils.java:logGet(44)) - raft.server.log.segment.cache.num.max = 2 (custom)
2021-12-28 02:23:33,066 [pool-288-thread-1] INFO  server.RaftServerConfigKeys (ConfUtils.java:logGet(44)) - raft.server.log.segment.cache.size.max = 200MB (=209715200) (default)
2021-12-28 02:23:33,066 [pool-288-thread-1] INFO  segmented.SegmentedRaftLogWorker (SegmentedRaftLogWorker.java:<init>(182)) - new omNode-1@group-523986131536-SegmentedRaftLogWorker for RaftStorageImpl:Storage Directory /home/runner/work/ozone/ozone/hadoop-ozone/integration-test/target/test-dir/MiniOzoneClusterImpl-b5c7e046-d456-4649-9d8a-956fe40c5cb7/omNode-1/ratis/c9bc4cf4-3bc3-3c60-a66b-523986131536
2021-12-28 02:23:33,066 [pool-288-thread-1] INFO  server.RaftServerConfigKeys (ConfUtils.java:logGet(44)) - raft.server.log.queue.byte-limit = 64MB (=67108864) (default)
2021-12-28 02:23:33,066 [pool-288-thread-1] INFO  server.RaftServerConfigKeys (ConfUtils.java:logGet(44)) - raft.server.log.queue.element-limit = 4096 (default)
2021-12-28 02:23:33,066 [pool-288-thread-1] INFO  server.RaftServerConfigKeys (ConfUtils.java:logGet(44)) - raft.server.log.segment.size.max = 4194304 (custom)
2021-12-28 02:23:33,066 [pool-288-thread-1] INFO  server.RaftServerConfigKeys (ConfUtils.java:logGet(44)) - raft.server.log.preallocated.size = 4194304 (custom)
2021-12-28 02:23:33,066 [pool-288-thread-1] INFO  server.RaftServerConfigKeys (ConfUtils.java:logGet(44)) - raft.server.log.force.sync.num = 128 (default)
2021-12-28 02:23:33,067 [pool-288-thread-1] INFO  server.RaftServerConfigKeys (ConfUtils.java:logGet(44)) - raft.server.log.statemachine.data.sync = true (default)
2021-12-28 02:23:33,067 [pool-288-thread-1] INFO  server.RaftServerConfigKeys (ConfUtils.java:logGet(44)) - raft.server.log.statemachine.data.sync.timeout = 10s (default)
2021-12-28 02:23:33,067 [pool-288-thread-1] INFO  server.RaftServerConfigKeys (ConfUtils.java:logGet(44)) - raft.server.log.statemachine.data.sync.timeout.retry = -1 (default)
2021-12-28 02:23:33,067 [pool-288-thread-1] INFO  server.RaftServerConfigKeys (ConfUtils.java:logGet(44)) - raft.server.log.write.buffer.size = 64KB (=65536) (default)
2021-12-28 02:23:33,067 [pool-288-thread-1] INFO  server.RaftServerConfigKeys (ConfUtils.java:logGet(44)) - raft.server.log.statemachine.data.caching.enabled = false (default)
2021-12-28 02:23:33,068 [pool-288-thread-1] INFO  segmented.SegmentedRaftLogWorker (SegmentedRaftLogWorker.java:lambda$new$0(133)) - omNode-1@group-523986131536-SegmentedRaftLogWorker: flushIndex: setUnconditionally 0 -> -1
2021-12-28 02:23:33,068 [pool-288-thread-1] INFO  segmented.SegmentedRaftLogWorker (SegmentedRaftLogWorker.java:lambda$new$0(133)) - omNode-1@group-523986131536-SegmentedRaftLogWorker: safeCacheEvictIndex: setUnconditionally 0 -> -1
2021-12-28 02:23:33,078 [pool-288-thread-1] INFO  server.RaftServerConfigKeys (ConfUtils.java:logGet(44)) - raft.server.snapshot.auto.trigger.enabled = true (custom)
2021-12-28 02:23:33,078 [pool-288-thread-1] INFO  server.RaftServerConfigKeys (ConfUtils.java:logGet(44)) - raft.server.snapshot.auto.trigger.threshold = 400000 (default)
2021-12-28 02:23:33,082 [pool-288-thread-1] INFO  server.RaftServerConfigKeys (ConfUtils.java:logGet(44)) - raft.server.snapshot.retention.file.num = -1 (default)
2021-12-28 02:23:33,082 [pool-288-thread-1] INFO  server.RaftServerConfigKeys (ConfUtils.java:logGet(44)) - raft.server.log.purge.upto.snapshot.index = true (custom)
2021-12-28 02:23:33,082 [pool-288-thread-1] INFO  server.RaftServerConfigKeys (ConfUtils.java:logGet(44)) - raft.server.retrycache.expirytime = 300s (custom)
2021-12-28 02:23:33,082 [pool-288-thread-1] INFO  server.RaftServerConfigKeys (ConfUtils.java:logGet(44)) - raft.server.retrycache.statistics.expirytime = 100μs (default)
2021-12-28 02:23:33,095 [Listener at 127.0.0.1/13852] INFO  impl.MetricsSystemImpl (MetricsSystemImpl.java:init(158)) - OzoneManager metrics system started (again)
2021-12-28 02:23:33,119 [Listener at 127.0.0.1/13852] INFO  om.OzoneManager (OzoneManager.java:start(1365)) - OzoneManager RPC server is listening at localhost/127.0.0.1:13852
2021-12-28 02:23:33,119 [Listener at 127.0.0.1/13852] INFO  ratis.OzoneManagerRatisServer (OzoneManagerRatisServer.java:start(554)) - Starting OzoneManagerRatisServer omNode-1 at port 13856
2021-12-28 02:23:33,119 [Listener at 127.0.0.1/13852] INFO  server.RaftServer$Division (RaftServerImpl.java:start(301)) - omNode-1@group-523986131536: start as a follower, conf=-1: [omNode-1|rpc:localhost:13856|priority:0], old=null
2021-12-28 02:23:33,119 [Listener at 127.0.0.1/13852] INFO  server.RaftServer$Division (RaftServerImpl.java:setRole(290)) - omNode-1@group-523986131536: changes role from      null to FOLLOWER at term 0 for startAsFollower
2021-12-28 02:23:33,119 [Listener at 127.0.0.1/13852] INFO  impl.RoleInfo (RoleInfo.java:updateAndGet(130)) - omNode-1: start omNode-1@group-523986131536-FollowerState
2021-12-28 02:23:33,120 [Listener at 127.0.0.1/13852] INFO  util.JmxRegister (JmxRegister.java:tryRegister(44)) - Successfully registered JMX Bean with object name Ratis:service=RaftServer,group=group-523986131536,id=omNode-1
2021-12-28 02:23:33,126 [Listener at 127.0.0.1/13852] INFO  server.RaftServer (RaftServerProxy.java:lambda$start$5(374)) - omNode-1: start RPC server
2021-12-28 02:23:33,129 [Listener at 127.0.0.1/13852] INFO  server.GrpcService (GrpcService.java:startImpl(253)) - omNode-1: GrpcService started, listening on 13856
2021-12-28 02:23:33,146 [Listener at 127.0.0.1/13852] INFO  om.OzoneManager (OzoneManager.java:start(1381)) - Version File has different layout version (0) than OM DB (null). That is expected if this OM has never been finalized to a newer layout version.
2021-12-28 02:23:33,146 [org.apache.ratis.util.JvmPauseMonitor$$Lambda$499/2075133112@3a23241e] INFO  util.JvmPauseMonitor (JvmPauseMonitor.java:run(103)) - JvmPauseMonitor-omNode-1: Started
2021-12-28 02:23:33,178 [Listener at 127.0.0.1/13852] INFO  http.BaseHttpServer (BaseHttpServer.java:newHttpServer2BuilderForOzone(209)) - Starting Web-server for ozoneManager at: http://0.0.0.0:13854
2021-12-28 02:23:33,178 [Listener at 127.0.0.1/13852] INFO  http.BaseHttpServer (BaseHttpServer.java:<init>(107)) - Hadoop Security Enabled: false Ozone Security Enabled: false Ozone HTTP Security Enabled: false 
2021-12-28 02:23:33,180 [Listener at 127.0.0.1/13852] INFO  server.AuthenticationFilter (AuthenticationFilter.java:constructSecretProvider(240)) - Unable to initialize FileSignerSecretProvider, falling back to use random secrets.
2021-12-28 02:23:33,188 [Listener at 127.0.0.1/13852] WARN  http.HttpRequestLog (HttpRequestLog.java:getRequestLog(103)) - Jetty request log can only be enabled using Log4j
2021-12-28 02:23:33,189 [Listener at 127.0.0.1/13852] INFO  http.HttpServer2 (HttpServer2.java:addGlobalFilter(1030)) - Added global filter 'safety' (class=org.apache.hadoop.hdds.server.http.HttpServer2$QuotingInputFilter)
2021-12-28 02:23:33,190 [Listener at 127.0.0.1/13852] INFO  http.HttpServer2 (HttpServer2.java:addFilter(1006)) - Added filter static_user_filter (class=org.apache.hadoop.http.lib.StaticUserWebFilter$StaticUserFilter) to context ozoneManager
2021-12-28 02:23:33,190 [Listener at 127.0.0.1/13852] INFO  http.HttpServer2 (HttpServer2.java:addFilter(1014)) - Added filter static_user_filter (class=org.apache.hadoop.http.lib.StaticUserWebFilter$StaticUserFilter) to context logs
2021-12-28 02:23:33,190 [Listener at 127.0.0.1/13852] INFO  http.HttpServer2 (HttpServer2.java:addFilter(1014)) - Added filter static_user_filter (class=org.apache.hadoop.http.lib.StaticUserWebFilter$StaticUserFilter) to context static
2021-12-28 02:23:33,190 [Listener at 127.0.0.1/13852] INFO  http.HttpServer2 (HttpServer2.java:bindListener(1249)) - Jetty bound to port 13854
2021-12-28 02:23:33,191 [Listener at 127.0.0.1/13852] INFO  server.Server (Server.java:doStart(375)) - jetty-9.4.43.v20210629; built: 2021-06-30T11:07:22.254Z; git: 526006ecfa3af7f1a27ef3a288e2bef7ea9dd7e8; jvm 1.8.0_292-b10
2021-12-28 02:23:33,225 [Listener at 127.0.0.1/13852] INFO  server.session (DefaultSessionIdManager.java:doStart(334)) - DefaultSessionIdManager workerName=node0
2021-12-28 02:23:33,225 [Listener at 127.0.0.1/13852] INFO  server.session (DefaultSessionIdManager.java:doStart(339)) - No SessionScavenger set, using defaults
2021-12-28 02:23:33,225 [Listener at 127.0.0.1/13852] INFO  server.session (HouseKeeper.java:startScavenging(132)) - node0 Scavenging every 600000ms
2021-12-28 02:23:33,234 [Listener at 127.0.0.1/13852] INFO  handler.ContextHandler (ContextHandler.java:doStart(915)) - Started o.e.j.s.ServletContextHandler@a6c6b0d{logs,/logs,file:///home/runner/work/ozone/ozone/hadoop-ozone/integration-test/target/log,AVAILABLE}
2021-12-28 02:23:33,234 [Listener at 127.0.0.1/13852] INFO  handler.ContextHandler (ContextHandler.java:doStart(915)) - Started o.e.j.s.ServletContextHandler@2d01c709{static,/static,file:///home/runner/work/ozone/ozone/hadoop-ozone/integration-test/target/test-classes/webapps/static,AVAILABLE}
2021-12-28 02:23:33,238 [Listener at 127.0.0.1/13852] INFO  handler.ContextHandler (ContextHandler.java:doStart(915)) - Started o.e.j.w.WebAppContext@77544896{ozoneManager,/,file:///home/runner/work/ozone/ozone/hadoop-ozone/integration-test/target/test-classes/webapps/ozoneManager/,AVAILABLE}{file:/home/runner/work/ozone/ozone/hadoop-ozone/integration-test/target/test-classes/webapps/ozoneManager}
2021-12-28 02:23:33,246 [Listener at 127.0.0.1/13852] INFO  server.AbstractConnector (AbstractConnector.java:doStart(331)) - Started ServerConnector@6edab6bb{HTTP/1.1, (http/1.1)}{0.0.0.0:13854}
2021-12-28 02:23:33,246 [Listener at 127.0.0.1/13852] INFO  server.Server (Server.java:doStart(415)) - Started @99869ms
2021-12-28 02:23:33,246 [Listener at 127.0.0.1/13852] WARN  impl.MetricsSystemImpl (MetricsSystemImpl.java:register(279)) - Sink prometheus already exists!
2021-12-28 02:23:33,247 [Listener at 127.0.0.1/13852] INFO  http.BaseHttpServer (BaseHttpServer.java:updateConnectorAddress(329)) - HTTP server of ozoneManager listening at http://0.0.0.0:13854
2021-12-28 02:23:33,258 [IPC Server Responder] INFO  ipc.Server (Server.java:run(1507)) - IPC Server Responder: starting
2021-12-28 02:23:33,266 [IPC Server listener on 13852] INFO  ipc.Server (Server.java:run(1344)) - IPC Server listener on 13852: starting
2021-12-28 02:23:33,380 [Listener at 127.0.0.1/13852] INFO  om.OzoneManager (OzoneManager.java:startTrashEmptier(1792)) - Trash Interval set to 0. Files deleted will not move to trash
2021-12-28 02:23:33,381 [Listener at 127.0.0.1/13852] INFO  ozone.MiniOzoneHAClusterImpl (MiniOzoneHAClusterImpl.java:createOMService(503)) - Started OzoneManager omNode-1 RPC server at localhost/127.0.0.1:13852
2021-12-28 02:23:33,392 [org.apache.hadoop.util.JvmPauseMonitor$Monitor@5965eb71] INFO  util.JvmPauseMonitor (JvmPauseMonitor.java:run(188)) - Starting JVM pause monitor
2021-12-28 02:23:33,401 [Listener at 127.0.0.1/13852] WARN  impl.MetricRegistriesImpl (MetricRegistriesImpl.java:addReporterRegistration(111)) - New reporters are added after registries were created. Some metrics will be missing from the reporter. Please add reporter before adding any new registry.
2021-12-28 02:23:33,401 [Listener at 127.0.0.1/13852] WARN  impl.MetricRegistriesImpl (MetricRegistriesImpl.java:addReporterRegistration(111)) - New reporters are added after registries were created. Some metrics will be missing from the reporter. Please add reporter before adding any new registry.
2021-12-28 02:23:33,401 [Listener at 127.0.0.1/13852] INFO  impl.MetricsSystemImpl (MetricsSystemImpl.java:init(158)) - HddsDatanode metrics system started (again)
2021-12-28 02:23:33,423 [Listener at 127.0.0.1/13852] INFO  ozone.HddsDatanodeService (HddsDatanodeService.java:start(234)) - HddsDatanodeService host:fv-az184-560.3ow45vhwbzuu5incsxmygykede.cx.internal.cloudapp.net ip:10.1.0.14
2021-12-28 02:23:33,444 [Listener at 127.0.0.1/13852] INFO  upgrade.AbstractLayoutVersionManager (AbstractLayoutVersionManager.java:init(79)) - Initializing Layout version manager with metadata layout = SCM_HA (version = 2), software layout = SCM_HA (version = 2)
2021-12-28 02:23:33,524 [Listener at 127.0.0.1/13852] INFO  reflections.Reflections (Reflections.java:scan(232)) - Reflections took 79 ms to scan 7 urls, producing 119 keys and 279 values 
2021-12-28 02:23:33,529 [Listener at 127.0.0.1/13852] INFO  ha.SCMNodeInfo (SCMNodeInfo.java:getPort(197)) - ConfigKey ozone.scm.client.address is deprecated, For configuring different ports for each SCM use PortConfigKey ozone.scm.client.port appended with serviceId and nodeId
2021-12-28 02:23:33,529 [Listener at 127.0.0.1/13852] INFO  ha.SCMNodeInfo (SCMNodeInfo.java:getPort(197)) - ConfigKey ozone.scm.block.client.address is deprecated, For configuring different ports for each SCM use PortConfigKey ozone.scm.block.client.port appended with serviceId and nodeId
2021-12-28 02:23:33,531 [Listener at 127.0.0.1/13852] INFO  ha.SCMNodeInfo (SCMNodeInfo.java:getPort(197)) - ConfigKey ozone.scm.datanode.address is deprecated, For configuring different ports for each SCM use PortConfigKey ozone.scm.datanode.port appended with serviceId and nodeId
2021-12-28 02:23:33,532 [Listener at 127.0.0.1/13852] INFO  ha.SCMNodeInfo (SCMNodeInfo.java:getPort(197)) - ConfigKey ozone.scm.client.address is deprecated, For configuring different ports for each SCM use PortConfigKey ozone.scm.client.port appended with serviceId and nodeId
2021-12-28 02:23:33,532 [Listener at 127.0.0.1/13852] INFO  ha.SCMNodeInfo (SCMNodeInfo.java:getPort(197)) - ConfigKey ozone.scm.block.client.address is deprecated, For configuring different ports for each SCM use PortConfigKey ozone.scm.block.client.port appended with serviceId and nodeId
2021-12-28 02:23:33,532 [Listener at 127.0.0.1/13852] INFO  ha.SCMNodeInfo (SCMNodeInfo.java:getPort(197)) - ConfigKey ozone.scm.datanode.address is deprecated, For configuring different ports for each SCM use PortConfigKey ozone.scm.datanode.port appended with serviceId and nodeId
2021-12-28 02:23:33,532 [Listener at 127.0.0.1/13852] INFO  ha.SCMNodeInfo (SCMNodeInfo.java:getPort(197)) - ConfigKey ozone.scm.client.address is deprecated, For configuring different ports for each SCM use PortConfigKey ozone.scm.client.port appended with serviceId and nodeId
2021-12-28 02:23:33,532 [Listener at 127.0.0.1/13852] INFO  ha.SCMNodeInfo (SCMNodeInfo.java:getPort(197)) - ConfigKey ozone.scm.block.client.address is deprecated, For configuring different ports for each SCM use PortConfigKey ozone.scm.block.client.port appended with serviceId and nodeId
2021-12-28 02:23:33,532 [Listener at 127.0.0.1/13852] INFO  ha.SCMNodeInfo (SCMNodeInfo.java:getPort(197)) - ConfigKey ozone.scm.datanode.address is deprecated, For configuring different ports for each SCM use PortConfigKey ozone.scm.datanode.port appended with serviceId and nodeId
2021-12-28 02:23:33,532 [Listener at 127.0.0.1/13852] INFO  statemachine.DatanodeStateMachine (DatanodeStateMachine.java:getEndPointTaskThreadPoolSize(219)) - Datanode State Machine Task Thread Pool size 4
2021-12-28 02:23:33,538 [Listener at 127.0.0.1/13852] INFO  volume.HddsVolume (HddsVolume.java:<init>(120)) - Creating HddsVolume: /home/runner/work/ozone/ozone/hadoop-ozone/integration-test/target/test-dir/MiniOzoneClusterImpl-b5c7e046-d456-4649-9d8a-956fe40c5cb7/datanode-0/data-0/containers/hdds of storage type : DISK capacity : 9223372036854775807
2021-12-28 02:23:33,539 [Listener at 127.0.0.1/13852] INFO  volume.MutableVolumeSet (MutableVolumeSet.java:initializeVolumeSet(168)) - Added Volume : /home/runner/work/ozone/ozone/hadoop-ozone/integration-test/target/test-dir/MiniOzoneClusterImpl-b5c7e046-d456-4649-9d8a-956fe40c5cb7/datanode-0/data-0/containers/hdds to VolumeSet
2021-12-28 02:23:33,539 [Listener at 127.0.0.1/13852] INFO  volume.ThrottledAsyncChecker (ThrottledAsyncChecker.java:schedule(141)) - Scheduling a check for /home/runner/work/ozone/ozone/hadoop-ozone/integration-test/target/test-dir/MiniOzoneClusterImpl-b5c7e046-d456-4649-9d8a-956fe40c5cb7/datanode-0/data-0/containers/hdds
2021-12-28 02:23:33,562 [Listener at 127.0.0.1/13852] INFO  volume.StorageVolumeChecker (StorageVolumeChecker.java:checkAllVolumes(202)) - Scheduled health check for volume /home/runner/work/ozone/ozone/hadoop-ozone/integration-test/target/test-dir/MiniOzoneClusterImpl-b5c7e046-d456-4649-9d8a-956fe40c5cb7/datanode-0/data-0/containers/hdds
2021-12-28 02:23:33,597 [Listener at 127.0.0.1/13852] INFO  volume.MutableVolumeSet (MutableVolumeSet.java:initializeVolumeSet(168)) - Added Volume : /home/runner/work/ozone/ozone/hadoop-ozone/integration-test/target/test-dir/MiniOzoneClusterImpl-b5c7e046-d456-4649-9d8a-956fe40c5cb7/datanode-0/data/ratis to VolumeSet
2021-12-28 02:23:33,597 [Listener at 127.0.0.1/13852] INFO  volume.ThrottledAsyncChecker (ThrottledAsyncChecker.java:schedule(141)) - Scheduling a check for /home/runner/work/ozone/ozone/hadoop-ozone/integration-test/target/test-dir/MiniOzoneClusterImpl-b5c7e046-d456-4649-9d8a-956fe40c5cb7/datanode-0/data/ratis
2021-12-28 02:23:33,597 [Listener at 127.0.0.1/13852] INFO  volume.StorageVolumeChecker (StorageVolumeChecker.java:checkAllVolumes(202)) - Scheduled health check for volume /home/runner/work/ozone/ozone/hadoop-ozone/integration-test/target/test-dir/MiniOzoneClusterImpl-b5c7e046-d456-4649-9d8a-956fe40c5cb7/datanode-0/data/ratis
2021-12-28 02:23:33,630 [Thread-1467] INFO  ozoneimpl.ContainerReader (ContainerReader.java:readVolume(172)) - Finish verifying containers on volume /home/runner/work/ozone/ozone/hadoop-ozone/integration-test/target/test-dir/MiniOzoneClusterImpl-b5c7e046-d456-4649-9d8a-956fe40c5cb7/datanode-0/data-0/containers/hdds
2021-12-28 02:23:33,630 [Listener at 127.0.0.1/13852] INFO  ozoneimpl.OzoneContainer (OzoneContainer.java:buildContainerSet(237)) - Build ContainerSet costs 0s
2021-12-28 02:23:33,635 [Listener at 127.0.0.1/13852] INFO  server.RaftServer (ConfUtils.java:logGet(44)) - raft.rpc.type = GRPC (default)
2021-12-28 02:23:33,635 [Listener at 127.0.0.1/13852] INFO  grpc.GrpcFactory (GrpcFactory.java:checkPooledByteBufAllocatorUseCacheForAllThreads(48)) - PERFORMANCE WARNING: useCacheForAllThreads is true that may cause Netty to create a lot garbage objects and, as a result, trigger GC.
	It is recommended to disable useCacheForAllThreads by setting -Dorg.apache.ratis.thirdparty.io.netty.allocator.useCacheForAllThreads=false in command line.
2021-12-28 02:23:33,636 [Listener at 127.0.0.1/13852] INFO  grpc.GrpcConfigKeys (ConfUtils.java:logGet(44)) - raft.grpc.admin.port = 0 (custom)
2021-12-28 02:23:33,637 [Listener at 127.0.0.1/13852] INFO  grpc.GrpcConfigKeys (ConfUtils.java:logGet(44)) - raft.grpc.client.port = 0 (custom)
2021-12-28 02:23:33,637 [Listener at 127.0.0.1/13852] INFO  grpc.GrpcConfigKeys (ConfUtils.java:logGet(44)) - raft.grpc.server.port = 0 (default)
2021-12-28 02:23:33,637 [Listener at 127.0.0.1/13852] INFO  server.GrpcService (ConfUtils.java:logGet(44)) - raft.grpc.message.size.max = 32MB (=33554432) (custom)
2021-12-28 02:23:33,637 [Listener at 127.0.0.1/13852] INFO  server.RaftServerConfigKeys (ConfUtils.java:logGet(44)) - raft.server.log.appender.buffer.byte-limit = 33554432 (custom)
2021-12-28 02:23:33,637 [Listener at 127.0.0.1/13852] INFO  server.GrpcService (ConfUtils.java:logGet(44)) - raft.grpc.flow.control.window = 5MB (=5242880) (custom)
2021-12-28 02:23:33,637 [Listener at 127.0.0.1/13852] INFO  server.RaftServerConfigKeys (ConfUtils.java:logGet(44)) - raft.server.rpc.request.timeout = 60s (custom)
2021-12-28 02:23:33,639 [Listener at 127.0.0.1/13852] INFO  impl.DataStreamServerImpl (ConfUtils.java:logGet(44)) - raft.datastream.type = DISABLED (default)
2021-12-28 02:23:33,640 [Listener at 127.0.0.1/13852] INFO  server.RaftServerConfigKeys (ConfUtils.java:logGet(44)) - raft.server.rpc.slowness.timeout = 300s (custom)
2021-12-28 02:23:33,640 [Listener at 127.0.0.1/13852] INFO  server.RaftServerConfigKeys (ConfUtils.java:logGet(44)) - raft.server.leaderelection.leader.step-down.wait-time = 10s (default)
2021-12-28 02:23:33,640 [Listener at 127.0.0.1/13852] INFO  server.RaftServerConfigKeys (ConfUtils.java:logGet(44)) - raft.server.storage.dir = [/home/runner/work/ozone/ozone/hadoop-ozone/integration-test/target/test-dir/MiniOzoneClusterImpl-b5c7e046-d456-4649-9d8a-956fe40c5cb7/datanode-0/data/ratis] (custom)
2021-12-28 02:23:33,642 [Listener at 127.0.0.1/13852] INFO  server.XceiverServerGrpc (XceiverServerGrpc.java:<init>(132)) - GrpcServer channel type EpollServerSocketChannel
2021-12-28 02:23:33,654 [Listener at 127.0.0.1/13852] INFO  http.BaseHttpServer (BaseHttpServer.java:newHttpServer2BuilderForOzone(209)) - Starting Web-server for hddsDatanode at: http://0.0.0.0:0
2021-12-28 02:23:33,654 [Listener at 127.0.0.1/13852] INFO  http.BaseHttpServer (BaseHttpServer.java:<init>(107)) - Hadoop Security Enabled: false Ozone Security Enabled: false Ozone HTTP Security Enabled: false 
2021-12-28 02:23:33,656 [Listener at 127.0.0.1/13852] INFO  server.AuthenticationFilter (AuthenticationFilter.java:constructSecretProvider(240)) - Unable to initialize FileSignerSecretProvider, falling back to use random secrets.
2021-12-28 02:23:33,670 [Listener at 127.0.0.1/13852] WARN  http.HttpRequestLog (HttpRequestLog.java:getRequestLog(103)) - Jetty request log can only be enabled using Log4j
2021-12-28 02:23:33,671 [Listener at 127.0.0.1/13852] INFO  http.HttpServer2 (HttpServer2.java:addGlobalFilter(1030)) - Added global filter 'safety' (class=org.apache.hadoop.hdds.server.http.HttpServer2$QuotingInputFilter)
2021-12-28 02:23:33,674 [Listener at 127.0.0.1/13852] INFO  http.HttpServer2 (HttpServer2.java:addFilter(1006)) - Added filter static_user_filter (class=org.apache.hadoop.http.lib.StaticUserWebFilter$StaticUserFilter) to context hddsDatanode
2021-12-28 02:23:33,675 [Listener at 127.0.0.1/13852] INFO  http.HttpServer2 (HttpServer2.java:addFilter(1014)) - Added filter static_user_filter (class=org.apache.hadoop.http.lib.StaticUserWebFilter$StaticUserFilter) to context logs
2021-12-28 02:23:33,675 [Listener at 127.0.0.1/13852] INFO  http.HttpServer2 (HttpServer2.java:addFilter(1014)) - Added filter static_user_filter (class=org.apache.hadoop.http.lib.StaticUserWebFilter$StaticUserFilter) to context static
2021-12-28 02:23:33,676 [Listener at 127.0.0.1/13852] INFO  http.HttpServer2 (HttpServer2.java:bindListener(1249)) - Jetty bound to port 36729
2021-12-28 02:23:33,676 [Listener at 127.0.0.1/13852] INFO  server.Server (Server.java:doStart(375)) - jetty-9.4.43.v20210629; built: 2021-06-30T11:07:22.254Z; git: 526006ecfa3af7f1a27ef3a288e2bef7ea9dd7e8; jvm 1.8.0_292-b10
2021-12-28 02:23:33,750 [Listener at 127.0.0.1/13852] INFO  server.session (DefaultSessionIdManager.java:doStart(334)) - DefaultSessionIdManager workerName=node0
2021-12-28 02:23:33,751 [Listener at 127.0.0.1/13852] INFO  server.session (DefaultSessionIdManager.java:doStart(339)) - No SessionScavenger set, using defaults
2021-12-28 02:23:33,751 [Listener at 127.0.0.1/13852] INFO  server.session (HouseKeeper.java:startScavenging(132)) - node0 Scavenging every 600000ms
2021-12-28 02:23:33,762 [Listener at 127.0.0.1/13852] INFO  handler.ContextHandler (ContextHandler.java:doStart(915)) - Started o.e.j.s.ServletContextHandler@58fd0074{logs,/logs,file:///home/runner/work/ozone/ozone/hadoop-ozone/integration-test/target/log,AVAILABLE}
2021-12-28 02:23:33,762 [Listener at 127.0.0.1/13852] INFO  handler.ContextHandler (ContextHandler.java:doStart(915)) - Started o.e.j.s.ServletContextHandler@62cd39d3{static,/static,jar:file:/home/runner/.m2/repository/org/apache/ozone/hdds-container-service/1.3.0-SNAPSHOT/hdds-container-service-1.3.0-SNAPSHOT.jar!/webapps/static,AVAILABLE}
2021-12-28 02:23:33,859 [Listener at 127.0.0.1/13852] INFO  handler.ContextHandler (ContextHandler.java:doStart(915)) - Started o.e.j.w.WebAppContext@3ecbfcfb{hddsDatanode,/,file:///tmp/jetty-0_0_0_0-36729-hdds-container-service-1_3_0-SNAPSHOT_jar-_-any-1526195424145063525/webapp/,AVAILABLE}{jar:file:/home/runner/.m2/repository/org/apache/ozone/hdds-container-service/1.3.0-SNAPSHOT/hdds-container-service-1.3.0-SNAPSHOT.jar!/webapps/hddsDatanode}
2021-12-28 02:23:33,861 [Listener at 127.0.0.1/13852] INFO  server.AbstractConnector (AbstractConnector.java:doStart(331)) - Started ServerConnector@54a5b509{HTTP/1.1, (http/1.1)}{0.0.0.0:36729}
2021-12-28 02:23:33,861 [Listener at 127.0.0.1/13852] INFO  server.Server (Server.java:doStart(415)) - Started @100485ms
2021-12-28 02:23:33,862 [Listener at 127.0.0.1/13852] WARN  impl.MetricsSystemImpl (MetricsSystemImpl.java:register(279)) - Sink prometheus already exists!
2021-12-28 02:23:33,862 [Listener at 127.0.0.1/13852] INFO  http.BaseHttpServer (BaseHttpServer.java:updateConnectorAddress(329)) - HTTP server of hddsDatanode listening at http://0.0.0.0:36729
2021-12-28 02:23:33,866 [Listener at 127.0.0.1/13852] WARN  impl.MetricRegistriesImpl (MetricRegistriesImpl.java:addReporterRegistration(111)) - New reporters are added after registries were created. Some metrics will be missing from the reporter. Please add reporter before adding any new registry.
2021-12-28 02:23:33,866 [Listener at 127.0.0.1/13852] WARN  impl.MetricRegistriesImpl (MetricRegistriesImpl.java:addReporterRegistration(111)) - New reporters are added after registries were created. Some metrics will be missing from the reporter. Please add reporter before adding any new registry.
2021-12-28 02:23:33,866 [Listener at 127.0.0.1/13852] INFO  impl.MetricsSystemImpl (MetricsSystemImpl.java:init(158)) - HddsDatanode metrics system started (again)
2021-12-28 02:23:33,878 [Datanode State Machine Daemon Thread] INFO  statemachine.DatanodeStateMachine (DatanodeStateMachine.java:lambda$startDaemon$0(467)) - Ozone container server started.
2021-12-28 02:23:33,906 [org.apache.hadoop.util.JvmPauseMonitor$Monitor@b88134a] INFO  util.JvmPauseMonitor (JvmPauseMonitor.java:run(188)) - Starting JVM pause monitor
2021-12-28 02:23:33,909 [Listener at 127.0.0.1/13852] INFO  ozone.HddsDatanodeService (HddsDatanodeService.java:start(234)) - HddsDatanodeService host:fv-az184-560.3ow45vhwbzuu5incsxmygykede.cx.internal.cloudapp.net ip:10.1.0.14
2021-12-28 02:23:33,910 [Datanode State Machine Task Thread - 0] INFO  ha.SCMNodeInfo (SCMNodeInfo.java:getPort(197)) - ConfigKey ozone.scm.client.address is deprecated, For configuring different ports for each SCM use PortConfigKey ozone.scm.client.port appended with serviceId and nodeId
2021-12-28 02:23:33,910 [Datanode State Machine Task Thread - 0] INFO  ha.SCMNodeInfo (SCMNodeInfo.java:getPort(197)) - ConfigKey ozone.scm.block.client.address is deprecated, For configuring different ports for each SCM use PortConfigKey ozone.scm.block.client.port appended with serviceId and nodeId
2021-12-28 02:23:33,911 [Datanode State Machine Task Thread - 0] INFO  ha.SCMNodeInfo (SCMNodeInfo.java:getPort(197)) - ConfigKey ozone.scm.datanode.address is deprecated, For configuring different ports for each SCM use PortConfigKey ozone.scm.datanode.port appended with serviceId and nodeId
2021-12-28 02:23:33,911 [Datanode State Machine Task Thread - 0] INFO  ha.SCMNodeInfo (SCMNodeInfo.java:getPort(197)) - ConfigKey ozone.scm.client.address is deprecated, For configuring different ports for each SCM use PortConfigKey ozone.scm.client.port appended with serviceId and nodeId
2021-12-28 02:23:33,911 [Datanode State Machine Task Thread - 0] INFO  ha.SCMNodeInfo (SCMNodeInfo.java:getPort(197)) - ConfigKey ozone.scm.block.client.address is deprecated, For configuring different ports for each SCM use PortConfigKey ozone.scm.block.client.port appended with serviceId and nodeId
2021-12-28 02:23:33,911 [Datanode State Machine Task Thread - 0] INFO  ha.SCMNodeInfo (SCMNodeInfo.java:getPort(197)) - ConfigKey ozone.scm.datanode.address is deprecated, For configuring different ports for each SCM use PortConfigKey ozone.scm.datanode.port appended with serviceId and nodeId
2021-12-28 02:23:33,911 [Datanode State Machine Task Thread - 0] INFO  ha.SCMNodeInfo (SCMNodeInfo.java:getPort(197)) - ConfigKey ozone.scm.client.address is deprecated, For configuring different ports for each SCM use PortConfigKey ozone.scm.client.port appended with serviceId and nodeId
2021-12-28 02:23:33,911 [Datanode State Machine Task Thread - 0] INFO  ha.SCMNodeInfo (SCMNodeInfo.java:getPort(197)) - ConfigKey ozone.scm.block.client.address is deprecated, For configuring different ports for each SCM use PortConfigKey ozone.scm.block.client.port appended with serviceId and nodeId
2021-12-28 02:23:33,911 [Datanode State Machine Task Thread - 0] INFO  ha.SCMNodeInfo (SCMNodeInfo.java:getPort(197)) - ConfigKey ozone.scm.datanode.address is deprecated, For configuring different ports for each SCM use PortConfigKey ozone.scm.datanode.port appended with serviceId and nodeId
2021-12-28 02:23:33,928 [Datanode State Machine Task Thread - 0] INFO  datanode.InitDatanodeState (InitDatanodeState.java:persistContainerDatanodeDetails(145)) - DatanodeDetails is persisted to /home/runner/work/ozone/ozone/hadoop-ozone/integration-test/target/test-dir/MiniOzoneClusterImpl-b5c7e046-d456-4649-9d8a-956fe40c5cb7/datanode-0/meta/datanode.id
2021-12-28 02:23:33,945 [EndpointStateMachine task thread for /127.0.0.1:13527 - 0 ] INFO  ipc.Client (Client.java:handleConnectionFailure(977)) - Retrying connect to server: localhost/127.0.0.1:13527. Already tried 9 time(s); retry policy is RetryUpToMaximumCountWithFixedSleep(maxRetries=15, sleepTime=1000 MILLISECONDS)
2021-12-28 02:23:33,949 [EndpointStateMachine task thread for /127.0.0.1:13537 - 0 ] INFO  ipc.Client (Client.java:handleConnectionFailure(977)) - Retrying connect to server: localhost/127.0.0.1:13537. Already tried 9 time(s); retry policy is RetryUpToMaximumCountWithFixedSleep(maxRetries=15, sleepTime=1000 MILLISECONDS)
2021-12-28 02:23:33,955 [EndpointStateMachine task thread for /127.0.0.1:13517 - 0 ] INFO  ipc.Client (Client.java:handleConnectionFailure(977)) - Retrying connect to server: localhost/127.0.0.1:13517. Already tried 9 time(s); retry policy is RetryUpToMaximumCountWithFixedSleep(maxRetries=15, sleepTime=1000 MILLISECONDS)
2021-12-28 02:23:33,963 [Listener at 127.0.0.1/13852] INFO  upgrade.AbstractLayoutVersionManager (AbstractLayoutVersionManager.java:init(79)) - Initializing Layout version manager with metadata layout = SCM_HA (version = 2), software layout = SCM_HA (version = 2)
2021-12-28 02:23:34,082 [Listener at 127.0.0.1/13852] INFO  reflections.Reflections (Reflections.java:scan(232)) - Reflections took 111 ms to scan 7 urls, producing 119 keys and 279 values 
2021-12-28 02:23:34,087 [Listener at 127.0.0.1/13852] INFO  ha.SCMNodeInfo (SCMNodeInfo.java:getPort(197)) - ConfigKey ozone.scm.client.address is deprecated, For configuring different ports for each SCM use PortConfigKey ozone.scm.client.port appended with serviceId and nodeId
2021-12-28 02:23:34,087 [Listener at 127.0.0.1/13852] INFO  ha.SCMNodeInfo (SCMNodeInfo.java:getPort(197)) - ConfigKey ozone.scm.block.client.address is deprecated, For configuring different ports for each SCM use PortConfigKey ozone.scm.block.client.port appended with serviceId and nodeId
2021-12-28 02:23:34,087 [Listener at 127.0.0.1/13852] INFO  ha.SCMNodeInfo (SCMNodeInfo.java:getPort(197)) - ConfigKey ozone.scm.datanode.address is deprecated, For configuring different ports for each SCM use PortConfigKey ozone.scm.datanode.port appended with serviceId and nodeId
2021-12-28 02:23:34,087 [Listener at 127.0.0.1/13852] INFO  ha.SCMNodeInfo (SCMNodeInfo.java:getPort(197)) - ConfigKey ozone.scm.client.address is deprecated, For configuring different ports for each SCM use PortConfigKey ozone.scm.client.port appended with serviceId and nodeId
2021-12-28 02:23:34,087 [Listener at 127.0.0.1/13852] INFO  ha.SCMNodeInfo (SCMNodeInfo.java:getPort(197)) - ConfigKey ozone.scm.block.client.address is deprecated, For configuring different ports for each SCM use PortConfigKey ozone.scm.block.client.port appended with serviceId and nodeId
2021-12-28 02:23:34,087 [Listener at 127.0.0.1/13852] INFO  ha.SCMNodeInfo (SCMNodeInfo.java:getPort(197)) - ConfigKey ozone.scm.datanode.address is deprecated, For configuring different ports for each SCM use PortConfigKey ozone.scm.datanode.port appended with serviceId and nodeId
2021-12-28 02:23:34,088 [Listener at 127.0.0.1/13852] INFO  ha.SCMNodeInfo (SCMNodeInfo.java:getPort(197)) - ConfigKey ozone.scm.client.address is deprecated, For configuring different ports for each SCM use PortConfigKey ozone.scm.client.port appended with serviceId and nodeId
2021-12-28 02:23:34,088 [Listener at 127.0.0.1/13852] INFO  ha.SCMNodeInfo (SCMNodeInfo.java:getPort(197)) - ConfigKey ozone.scm.block.client.address is deprecated, For configuring different ports for each SCM use PortConfigKey ozone.scm.block.client.port appended with serviceId and nodeId
2021-12-28 02:23:34,088 [Listener at 127.0.0.1/13852] INFO  ha.SCMNodeInfo (SCMNodeInfo.java:getPort(197)) - ConfigKey ozone.scm.datanode.address is deprecated, For configuring different ports for each SCM use PortConfigKey ozone.scm.datanode.port appended with serviceId and nodeId
2021-12-28 02:23:34,089 [Listener at 127.0.0.1/13852] INFO  statemachine.DatanodeStateMachine (DatanodeStateMachine.java:getEndPointTaskThreadPoolSize(219)) - Datanode State Machine Task Thread Pool size 4
2021-12-28 02:23:34,110 [Listener at 127.0.0.1/13852] INFO  volume.HddsVolume (HddsVolume.java:<init>(120)) - Creating HddsVolume: /home/runner/work/ozone/ozone/hadoop-ozone/integration-test/target/test-dir/MiniOzoneClusterImpl-b5c7e046-d456-4649-9d8a-956fe40c5cb7/datanode-1/data-0/containers/hdds of storage type : DISK capacity : 9223372036854775807
2021-12-28 02:23:34,111 [Listener at 127.0.0.1/13852] INFO  volume.MutableVolumeSet (MutableVolumeSet.java:initializeVolumeSet(168)) - Added Volume : /home/runner/work/ozone/ozone/hadoop-ozone/integration-test/target/test-dir/MiniOzoneClusterImpl-b5c7e046-d456-4649-9d8a-956fe40c5cb7/datanode-1/data-0/containers/hdds to VolumeSet
2021-12-28 02:23:34,111 [Listener at 127.0.0.1/13852] INFO  volume.ThrottledAsyncChecker (ThrottledAsyncChecker.java:schedule(141)) - Scheduling a check for /home/runner/work/ozone/ozone/hadoop-ozone/integration-test/target/test-dir/MiniOzoneClusterImpl-b5c7e046-d456-4649-9d8a-956fe40c5cb7/datanode-1/data-0/containers/hdds
2021-12-28 02:23:34,128 [Listener at 127.0.0.1/13852] INFO  volume.StorageVolumeChecker (StorageVolumeChecker.java:checkAllVolumes(202)) - Scheduled health check for volume /home/runner/work/ozone/ozone/hadoop-ozone/integration-test/target/test-dir/MiniOzoneClusterImpl-b5c7e046-d456-4649-9d8a-956fe40c5cb7/datanode-1/data-0/containers/hdds
2021-12-28 02:23:34,152 [Listener at 127.0.0.1/13852] INFO  volume.MutableVolumeSet (MutableVolumeSet.java:initializeVolumeSet(168)) - Added Volume : /home/runner/work/ozone/ozone/hadoop-ozone/integration-test/target/test-dir/MiniOzoneClusterImpl-b5c7e046-d456-4649-9d8a-956fe40c5cb7/datanode-1/data/ratis to VolumeSet
2021-12-28 02:23:34,152 [Listener at 127.0.0.1/13852] INFO  volume.ThrottledAsyncChecker (ThrottledAsyncChecker.java:schedule(141)) - Scheduling a check for /home/runner/work/ozone/ozone/hadoop-ozone/integration-test/target/test-dir/MiniOzoneClusterImpl-b5c7e046-d456-4649-9d8a-956fe40c5cb7/datanode-1/data/ratis
2021-12-28 02:23:34,152 [Listener at 127.0.0.1/13852] INFO  volume.StorageVolumeChecker (StorageVolumeChecker.java:checkAllVolumes(202)) - Scheduled health check for volume /home/runner/work/ozone/ozone/hadoop-ozone/integration-test/target/test-dir/MiniOzoneClusterImpl-b5c7e046-d456-4649-9d8a-956fe40c5cb7/datanode-1/data/ratis
2021-12-28 02:23:34,218 [Thread-1479] INFO  ozoneimpl.ContainerReader (ContainerReader.java:readVolume(172)) - Finish verifying containers on volume /home/runner/work/ozone/ozone/hadoop-ozone/integration-test/target/test-dir/MiniOzoneClusterImpl-b5c7e046-d456-4649-9d8a-956fe40c5cb7/datanode-1/data-0/containers/hdds
2021-12-28 02:23:34,218 [Listener at 127.0.0.1/13852] INFO  ozoneimpl.OzoneContainer (OzoneContainer.java:buildContainerSet(237)) - Build ContainerSet costs 0s
2021-12-28 02:23:34,224 [Listener at 127.0.0.1/13852] INFO  server.RaftServer (ConfUtils.java:logGet(44)) - raft.rpc.type = GRPC (default)
2021-12-28 02:23:34,224 [Listener at 127.0.0.1/13852] INFO  grpc.GrpcFactory (GrpcFactory.java:checkPooledByteBufAllocatorUseCacheForAllThreads(48)) - PERFORMANCE WARNING: useCacheForAllThreads is true that may cause Netty to create a lot garbage objects and, as a result, trigger GC.
	It is recommended to disable useCacheForAllThreads by setting -Dorg.apache.ratis.thirdparty.io.netty.allocator.useCacheForAllThreads=false in command line.
2021-12-28 02:23:34,225 [Listener at 127.0.0.1/13852] INFO  grpc.GrpcConfigKeys (ConfUtils.java:logGet(44)) - raft.grpc.admin.port = 0 (custom)
2021-12-28 02:23:34,225 [Listener at 127.0.0.1/13852] INFO  grpc.GrpcConfigKeys (ConfUtils.java:logGet(44)) - raft.grpc.client.port = 0 (custom)
2021-12-28 02:23:34,225 [Listener at 127.0.0.1/13852] INFO  grpc.GrpcConfigKeys (ConfUtils.java:logGet(44)) - raft.grpc.server.port = 0 (default)
2021-12-28 02:23:34,225 [Listener at 127.0.0.1/13852] INFO  server.GrpcService (ConfUtils.java:logGet(44)) - raft.grpc.message.size.max = 32MB (=33554432) (custom)
2021-12-28 02:23:34,225 [Listener at 127.0.0.1/13852] INFO  server.RaftServerConfigKeys (ConfUtils.java:logGet(44)) - raft.server.log.appender.buffer.byte-limit = 33554432 (custom)
2021-12-28 02:23:34,225 [Listener at 127.0.0.1/13852] INFO  server.GrpcService (ConfUtils.java:logGet(44)) - raft.grpc.flow.control.window = 5MB (=5242880) (custom)
2021-12-28 02:23:34,225 [Listener at 127.0.0.1/13852] INFO  server.RaftServerConfigKeys (ConfUtils.java:logGet(44)) - raft.server.rpc.request.timeout = 60s (custom)
2021-12-28 02:23:34,235 [Listener at 127.0.0.1/13852] INFO  impl.DataStreamServerImpl (ConfUtils.java:logGet(44)) - raft.datastream.type = DISABLED (default)
2021-12-28 02:23:34,235 [Listener at 127.0.0.1/13852] INFO  server.RaftServerConfigKeys (ConfUtils.java:logGet(44)) - raft.server.rpc.slowness.timeout = 300s (custom)
2021-12-28 02:23:34,235 [Listener at 127.0.0.1/13852] INFO  server.RaftServerConfigKeys (ConfUtils.java:logGet(44)) - raft.server.leaderelection.leader.step-down.wait-time = 10s (default)
2021-12-28 02:23:34,235 [Listener at 127.0.0.1/13852] INFO  server.RaftServerConfigKeys (ConfUtils.java:logGet(44)) - raft.server.storage.dir = [/home/runner/work/ozone/ozone/hadoop-ozone/integration-test/target/test-dir/MiniOzoneClusterImpl-b5c7e046-d456-4649-9d8a-956fe40c5cb7/datanode-1/data/ratis] (custom)
2021-12-28 02:23:34,238 [Listener at 127.0.0.1/13852] INFO  server.XceiverServerGrpc (XceiverServerGrpc.java:<init>(132)) - GrpcServer channel type EpollServerSocketChannel
2021-12-28 02:23:34,243 [Listener at 127.0.0.1/13852] INFO  http.BaseHttpServer (BaseHttpServer.java:newHttpServer2BuilderForOzone(209)) - Starting Web-server for hddsDatanode at: http://0.0.0.0:0
2021-12-28 02:23:34,243 [Listener at 127.0.0.1/13852] INFO  http.BaseHttpServer (BaseHttpServer.java:<init>(107)) - Hadoop Security Enabled: false Ozone Security Enabled: false Ozone HTTP Security Enabled: false 
2021-12-28 02:23:34,244 [Listener at 127.0.0.1/13852] INFO  server.AuthenticationFilter (AuthenticationFilter.java:constructSecretProvider(240)) - Unable to initialize FileSignerSecretProvider, falling back to use random secrets.
2021-12-28 02:23:34,250 [Listener at 127.0.0.1/13852] WARN  http.HttpRequestLog (HttpRequestLog.java:getRequestLog(103)) - Jetty request log can only be enabled using Log4j
2021-12-28 02:23:34,251 [Listener at 127.0.0.1/13852] INFO  http.HttpServer2 (HttpServer2.java:addGlobalFilter(1030)) - Added global filter 'safety' (class=org.apache.hadoop.hdds.server.http.HttpServer2$QuotingInputFilter)
2021-12-28 02:23:34,252 [Listener at 127.0.0.1/13852] INFO  http.HttpServer2 (HttpServer2.java:addFilter(1006)) - Added filter static_user_filter (class=org.apache.hadoop.http.lib.StaticUserWebFilter$StaticUserFilter) to context hddsDatanode
2021-12-28 02:23:34,252 [Listener at 127.0.0.1/13852] INFO  http.HttpServer2 (HttpServer2.java:addFilter(1014)) - Added filter static_user_filter (class=org.apache.hadoop.http.lib.StaticUserWebFilter$StaticUserFilter) to context static
2021-12-28 02:23:34,252 [Listener at 127.0.0.1/13852] INFO  http.HttpServer2 (HttpServer2.java:addFilter(1014)) - Added filter static_user_filter (class=org.apache.hadoop.http.lib.StaticUserWebFilter$StaticUserFilter) to context logs
2021-12-28 02:23:34,252 [Listener at 127.0.0.1/13852] INFO  http.HttpServer2 (HttpServer2.java:bindListener(1249)) - Jetty bound to port 41013
2021-12-28 02:23:34,253 [Listener at 127.0.0.1/13852] INFO  server.Server (Server.java:doStart(375)) - jetty-9.4.43.v20210629; built: 2021-06-30T11:07:22.254Z; git: 526006ecfa3af7f1a27ef3a288e2bef7ea9dd7e8; jvm 1.8.0_292-b10
2021-12-28 02:23:34,273 [omNode-1@group-523986131536-FollowerState] INFO  impl.FollowerState (FollowerState.java:run(134)) - omNode-1@group-523986131536-FollowerState: change to CANDIDATE, lastRpcElapsedTime:1153487387ns, electionTimeout:1146ms
2021-12-28 02:23:34,273 [omNode-1@group-523986131536-FollowerState] INFO  impl.RoleInfo (RoleInfo.java:shutdownFollowerState(108)) - omNode-1: shutdown omNode-1@group-523986131536-FollowerState
2021-12-28 02:23:34,273 [omNode-1@group-523986131536-FollowerState] INFO  server.RaftServer$Division (RaftServerImpl.java:setRole(290)) - omNode-1@group-523986131536: changes role from  FOLLOWER to CANDIDATE at term 0 for changeToCandidate
2021-12-28 02:23:34,273 [omNode-1@group-523986131536-FollowerState] INFO  server.RaftServerConfigKeys (ConfUtils.java:logGet(44)) - raft.server.leaderelection.pre-vote = false (custom)
2021-12-28 02:23:34,273 [omNode-1@group-523986131536-FollowerState] INFO  impl.RoleInfo (RoleInfo.java:updateAndGet(130)) - omNode-1: start omNode-1@group-523986131536-LeaderElection19
2021-12-28 02:23:34,277 [Listener at 127.0.0.1/13852] INFO  server.session (DefaultSessionIdManager.java:doStart(334)) - DefaultSessionIdManager workerName=node0
2021-12-28 02:23:34,278 [Listener at 127.0.0.1/13852] INFO  server.session (DefaultSessionIdManager.java:doStart(339)) - No SessionScavenger set, using defaults
2021-12-28 02:23:34,278 [Listener at 127.0.0.1/13852] INFO  server.session (HouseKeeper.java:startScavenging(132)) - node0 Scavenging every 660000ms
2021-12-28 02:23:34,278 [Listener at 127.0.0.1/13852] INFO  handler.ContextHandler (ContextHandler.java:doStart(915)) - Started o.e.j.s.ServletContextHandler@712626aa{logs,/logs,file:///home/runner/work/ozone/ozone/hadoop-ozone/integration-test/target/log,AVAILABLE}
2021-12-28 02:23:34,279 [Listener at 127.0.0.1/13852] INFO  handler.ContextHandler (ContextHandler.java:doStart(915)) - Started o.e.j.s.ServletContextHandler@6b3d3a9a{static,/static,jar:file:/home/runner/.m2/repository/org/apache/ozone/hdds-container-service/1.3.0-SNAPSHOT/hdds-container-service-1.3.0-SNAPSHOT.jar!/webapps/static,AVAILABLE}
2021-12-28 02:23:34,286 [omNode-1@group-523986131536-LeaderElection19] INFO  impl.LeaderElection (LeaderElection.java:askForVotes(306)) - omNode-1@group-523986131536-LeaderElection19 ELECTION round 0: submit vote requests at term 1 for -1: [omNode-1|rpc:localhost:13856|priority:0], old=null
2021-12-28 02:23:34,286 [omNode-1@group-523986131536-LeaderElection19] INFO  impl.LeaderElection (LeaderElection.java:askForVotes(308)) - omNode-1@group-523986131536-LeaderElection19 ELECTION round 0: result PASSED (term=1)
2021-12-28 02:23:34,286 [omNode-1@group-523986131536-LeaderElection19] INFO  impl.RoleInfo (RoleInfo.java:shutdownLeaderElection(121)) - omNode-1: shutdown omNode-1@group-523986131536-LeaderElection19
2021-12-28 02:23:34,286 [omNode-1@group-523986131536-LeaderElection19] INFO  server.RaftServer$Division (RaftServerImpl.java:setRole(290)) - omNode-1@group-523986131536: changes role from CANDIDATE to LEADER at term 1 for changeToLeader
2021-12-28 02:23:34,286 [omNode-1@group-523986131536-LeaderElection19] INFO  server.RaftServer$Division (ServerState.java:setLeader(285)) - omNode-1@group-523986131536: change Leader from null to omNode-1 at term 1 for becomeLeader, leader elected after 1221ms
2021-12-28 02:23:34,286 [omNode-1@group-523986131536-LeaderElection19] INFO  server.RaftServerConfigKeys (ConfUtils.java:logGet(44)) - raft.server.staging.catchup.gap = 1000 (default)
2021-12-28 02:23:34,287 [omNode-1@group-523986131536-LeaderElection19] INFO  server.RaftServerConfigKeys (ConfUtils.java:logGet(44)) - raft.server.write.element-limit = 4096 (default)
2021-12-28 02:23:34,287 [omNode-1@group-523986131536-LeaderElection19] INFO  server.RaftServerConfigKeys (ConfUtils.java:logGet(44)) - raft.server.write.byte-limit = 64MB (=67108864) (default)
2021-12-28 02:23:34,287 [omNode-1@group-523986131536-LeaderElection19] INFO  server.RaftServerConfigKeys (ConfUtils.java:logGet(44)) - raft.server.watch.timeout = 10s (default)
2021-12-28 02:23:34,287 [omNode-1@group-523986131536-LeaderElection19] INFO  server.RaftServerConfigKeys (ConfUtils.java:logGet(44)) - raft.server.watch.timeout.denomination = 1s (default)
2021-12-28 02:23:34,287 [omNode-1@group-523986131536-LeaderElection19] INFO  server.RaftServerConfigKeys (ConfUtils.java:logGet(44)) - raft.server.watch.element-limit = 65536 (default)
2021-12-28 02:23:34,287 [omNode-1@group-523986131536-LeaderElection19] INFO  server.RaftServerConfigKeys (ConfUtils.java:logGet(44)) - raft.server.write.element-limit = 4096 (default)
2021-12-28 02:23:34,287 [omNode-1@group-523986131536-LeaderElection19] INFO  server.RaftServerConfigKeys (ConfUtils.java:logGet(44)) - raft.server.write.follower.gap.ratio.max = -1.0 (default)
2021-12-28 02:23:34,287 [omNode-1@group-523986131536-LeaderElection19] INFO  impl.RoleInfo (RoleInfo.java:updateAndGet(130)) - omNode-1: start omNode-1@group-523986131536-LeaderStateImpl
2021-12-28 02:23:34,288 [omNode-1@group-523986131536-LeaderElection19] INFO  segmented.SegmentedRaftLogWorker (SegmentedRaftLogWorker.java:startLogSegment(394)) - omNode-1@group-523986131536-SegmentedRaftLogWorker: Starting segment from index:0
2021-12-28 02:23:34,299 [omNode-1@group-523986131536-LeaderElection19] INFO  server.RaftServer$Division (ServerState.java:setRaftConf(387)) - omNode-1@group-523986131536: set configuration 0: [omNode-1|rpc:localhost:13856|admin:|client:|dataStream:|priority:0], old=null
2021-12-28 02:23:34,307 [omNode-1@group-523986131536-SegmentedRaftLogWorker] INFO  segmented.SegmentedRaftLogWorker (SegmentedRaftLogWorker.java:execute(601)) - omNode-1@group-523986131536-SegmentedRaftLogWorker: created new log segment /home/runner/work/ozone/ozone/hadoop-ozone/integration-test/target/test-dir/MiniOzoneClusterImpl-b5c7e046-d456-4649-9d8a-956fe40c5cb7/omNode-1/ratis/c9bc4cf4-3bc3-3c60-a66b-523986131536/current/log_inprogress_0
2021-12-28 02:23:34,310 [omNode-1@group-523986131536-StateMachineUpdater] INFO  ratis.OzoneManagerStateMachine (OzoneManagerStateMachine.java:notifyConfigurationChanged(188)) - Received Configuration change notification from Ratis. New Peer list:
[id: "omNode-1"
address: "localhost:13856"
]
2021-12-28 02:23:34,360 [Listener at 127.0.0.1/13852] INFO  handler.ContextHandler (ContextHandler.java:doStart(915)) - Started o.e.j.w.WebAppContext@3c4c595e{hddsDatanode,/,file:///tmp/jetty-0_0_0_0-41013-hdds-container-service-1_3_0-SNAPSHOT_jar-_-any-5557489379051943542/webapp/,AVAILABLE}{jar:file:/home/runner/.m2/repository/org/apache/ozone/hdds-container-service/1.3.0-SNAPSHOT/hdds-container-service-1.3.0-SNAPSHOT.jar!/webapps/hddsDatanode}
2021-12-28 02:23:34,363 [Listener at 127.0.0.1/13852] INFO  server.AbstractConnector (AbstractConnector.java:doStart(331)) - Started ServerConnector@bb2c986{HTTP/1.1, (http/1.1)}{0.0.0.0:41013}
2021-12-28 02:23:34,363 [Listener at 127.0.0.1/13852] INFO  server.Server (Server.java:doStart(415)) - Started @100986ms
2021-12-28 02:23:34,363 [Listener at 127.0.0.1/13852] WARN  impl.MetricsSystemImpl (MetricsSystemImpl.java:register(279)) - Sink prometheus already exists!
2021-12-28 02:23:34,364 [Listener at 127.0.0.1/13852] INFO  http.BaseHttpServer (BaseHttpServer.java:updateConnectorAddress(329)) - HTTP server of hddsDatanode listening at http://0.0.0.0:41013
2021-12-28 02:23:34,364 [Listener at 127.0.0.1/13852] WARN  impl.MetricRegistriesImpl (MetricRegistriesImpl.java:addReporterRegistration(111)) - New reporters are added after registries were created. Some metrics will be missing from the reporter. Please add reporter before adding any new registry.
2021-12-28 02:23:34,364 [Listener at 127.0.0.1/13852] WARN  impl.MetricRegistriesImpl (MetricRegistriesImpl.java:addReporterRegistration(111)) - New reporters are added after registries were created. Some metrics will be missing from the reporter. Please add reporter before adding any new registry.
2021-12-28 02:23:34,365 [Listener at 127.0.0.1/13852] INFO  impl.MetricsSystemImpl (MetricsSystemImpl.java:init(158)) - HddsDatanode metrics system started (again)
2021-12-28 02:23:34,375 [Datanode State Machine Daemon Thread] INFO  statemachine.DatanodeStateMachine (DatanodeStateMachine.java:lambda$startDaemon$0(467)) - Ozone container server started.
2021-12-28 02:23:34,418 [org.apache.hadoop.util.JvmPauseMonitor$Monitor@e163ceb] INFO  util.JvmPauseMonitor (JvmPauseMonitor.java:run(188)) - Starting JVM pause monitor
2021-12-28 02:23:34,424 [Listener at 127.0.0.1/13852] INFO  ozone.HddsDatanodeService (HddsDatanodeService.java:start(234)) - HddsDatanodeService host:fv-az184-560.3ow45vhwbzuu5incsxmygykede.cx.internal.cloudapp.net ip:10.1.0.14
2021-12-28 02:23:34,425 [Datanode State Machine Task Thread - 0] INFO  ha.SCMNodeInfo (SCMNodeInfo.java:getPort(197)) - ConfigKey ozone.scm.client.address is deprecated, For configuring different ports for each SCM use PortConfigKey ozone.scm.client.port appended with serviceId and nodeId
2021-12-28 02:23:34,425 [Datanode State Machine Task Thread - 0] INFO  ha.SCMNodeInfo (SCMNodeInfo.java:getPort(197)) - ConfigKey ozone.scm.block.client.address is deprecated, For configuring different ports for each SCM use PortConfigKey ozone.scm.block.client.port appended with serviceId and nodeId
2021-12-28 02:23:34,425 [Datanode State Machine Task Thread - 0] INFO  ha.SCMNodeInfo (SCMNodeInfo.java:getPort(197)) - ConfigKey ozone.scm.datanode.address is deprecated, For configuring different ports for each SCM use PortConfigKey ozone.scm.datanode.port appended with serviceId and nodeId
2021-12-28 02:23:34,425 [Datanode State Machine Task Thread - 0] INFO  ha.SCMNodeInfo (SCMNodeInfo.java:getPort(197)) - ConfigKey ozone.scm.client.address is deprecated, For configuring different ports for each SCM use PortConfigKey ozone.scm.client.port appended with serviceId and nodeId
2021-12-28 02:23:34,426 [Datanode State Machine Task Thread - 0] INFO  ha.SCMNodeInfo (SCMNodeInfo.java:getPort(197)) - ConfigKey ozone.scm.block.client.address is deprecated, For configuring different ports for each SCM use PortConfigKey ozone.scm.block.client.port appended with serviceId and nodeId
2021-12-28 02:23:34,426 [Datanode State Machine Task Thread - 0] INFO  ha.SCMNodeInfo (SCMNodeInfo.java:getPort(197)) - ConfigKey ozone.scm.datanode.address is deprecated, For configuring different ports for each SCM use PortConfigKey ozone.scm.datanode.port appended with serviceId and nodeId
2021-12-28 02:23:34,426 [Datanode State Machine Task Thread - 0] INFO  ha.SCMNodeInfo (SCMNodeInfo.java:getPort(197)) - ConfigKey ozone.scm.client.address is deprecated, For configuring different ports for each SCM use PortConfigKey ozone.scm.client.port appended with serviceId and nodeId
2021-12-28 02:23:34,426 [Datanode State Machine Task Thread - 0] INFO  ha.SCMNodeInfo (SCMNodeInfo.java:getPort(197)) - ConfigKey ozone.scm.block.client.address is deprecated, For configuring different ports for each SCM use PortConfigKey ozone.scm.block.client.port appended with serviceId and nodeId
2021-12-28 02:23:34,426 [Datanode State Machine Task Thread - 0] INFO  ha.SCMNodeInfo (SCMNodeInfo.java:getPort(197)) - ConfigKey ozone.scm.datanode.address is deprecated, For configuring different ports for each SCM use PortConfigKey ozone.scm.datanode.port appended with serviceId and nodeId
2021-12-28 02:23:34,432 [Datanode State Machine Task Thread - 0] INFO  datanode.InitDatanodeState (InitDatanodeState.java:persistContainerDatanodeDetails(145)) - DatanodeDetails is persisted to /home/runner/work/ozone/ozone/hadoop-ozone/integration-test/target/test-dir/MiniOzoneClusterImpl-b5c7e046-d456-4649-9d8a-956fe40c5cb7/datanode-1/meta/datanode.id
2021-12-28 02:23:34,460 [Listener at 127.0.0.1/13852] INFO  upgrade.AbstractLayoutVersionManager (AbstractLayoutVersionManager.java:init(79)) - Initializing Layout version manager with metadata layout = SCM_HA (version = 2), software layout = SCM_HA (version = 2)
2021-12-28 02:23:34,575 [Listener at 127.0.0.1/13852] INFO  reflections.Reflections (Reflections.java:scan(232)) - Reflections took 113 ms to scan 7 urls, producing 119 keys and 279 values 
2021-12-28 02:23:34,576 [Listener at 127.0.0.1/13852] INFO  ha.SCMNodeInfo (SCMNodeInfo.java:getPort(197)) - ConfigKey ozone.scm.client.address is deprecated, For configuring different ports for each SCM use PortConfigKey ozone.scm.client.port appended with serviceId and nodeId
2021-12-28 02:23:34,576 [Listener at 127.0.0.1/13852] INFO  ha.SCMNodeInfo (SCMNodeInfo.java:getPort(197)) - ConfigKey ozone.scm.block.client.address is deprecated, For configuring different ports for each SCM use PortConfigKey ozone.scm.block.client.port appended with serviceId and nodeId
2021-12-28 02:23:34,576 [Listener at 127.0.0.1/13852] INFO  ha.SCMNodeInfo (SCMNodeInfo.java:getPort(197)) - ConfigKey ozone.scm.datanode.address is deprecated, For configuring different ports for each SCM use PortConfigKey ozone.scm.datanode.port appended with serviceId and nodeId
2021-12-28 02:23:34,577 [Listener at 127.0.0.1/13852] INFO  ha.SCMNodeInfo (SCMNodeInfo.java:getPort(197)) - ConfigKey ozone.scm.client.address is deprecated, For configuring different ports for each SCM use PortConfigKey ozone.scm.client.port appended with serviceId and nodeId
2021-12-28 02:23:34,577 [Listener at 127.0.0.1/13852] INFO  ha.SCMNodeInfo (SCMNodeInfo.java:getPort(197)) - ConfigKey ozone.scm.block.client.address is deprecated, For configuring different ports for each SCM use PortConfigKey ozone.scm.block.client.port appended with serviceId and nodeId
2021-12-28 02:23:34,577 [Listener at 127.0.0.1/13852] INFO  ha.SCMNodeInfo (SCMNodeInfo.java:getPort(197)) - ConfigKey ozone.scm.datanode.address is deprecated, For configuring different ports for each SCM use PortConfigKey ozone.scm.datanode.port appended with serviceId and nodeId
2021-12-28 02:23:34,577 [Listener at 127.0.0.1/13852] INFO  ha.SCMNodeInfo (SCMNodeInfo.java:getPort(197)) - ConfigKey ozone.scm.client.address is deprecated, For configuring different ports for each SCM use PortConfigKey ozone.scm.client.port appended with serviceId and nodeId
2021-12-28 02:23:34,577 [Listener at 127.0.0.1/13852] INFO  ha.SCMNodeInfo (SCMNodeInfo.java:getPort(197)) - ConfigKey ozone.scm.block.client.address is deprecated, For configuring different ports for each SCM use PortConfigKey ozone.scm.block.client.port appended with serviceId and nodeId
2021-12-28 02:23:34,577 [Listener at 127.0.0.1/13852] INFO  ha.SCMNodeInfo (SCMNodeInfo.java:getPort(197)) - ConfigKey ozone.scm.datanode.address is deprecated, For configuring different ports for each SCM use PortConfigKey ozone.scm.datanode.port appended with serviceId and nodeId
2021-12-28 02:23:34,577 [Listener at 127.0.0.1/13852] INFO  statemachine.DatanodeStateMachine (DatanodeStateMachine.java:getEndPointTaskThreadPoolSize(219)) - Datanode State Machine Task Thread Pool size 4
2021-12-28 02:23:34,587 [Listener at 127.0.0.1/13852] INFO  volume.HddsVolume (HddsVolume.java:<init>(120)) - Creating HddsVolume: /home/runner/work/ozone/ozone/hadoop-ozone/integration-test/target/test-dir/MiniOzoneClusterImpl-b5c7e046-d456-4649-9d8a-956fe40c5cb7/datanode-2/data-0/containers/hdds of storage type : DISK capacity : 9223372036854775807
2021-12-28 02:23:34,587 [Listener at 127.0.0.1/13852] INFO  volume.MutableVolumeSet (MutableVolumeSet.java:initializeVolumeSet(168)) - Added Volume : /home/runner/work/ozone/ozone/hadoop-ozone/integration-test/target/test-dir/MiniOzoneClusterImpl-b5c7e046-d456-4649-9d8a-956fe40c5cb7/datanode-2/data-0/containers/hdds to VolumeSet
2021-12-28 02:23:34,587 [Listener at 127.0.0.1/13852] INFO  volume.ThrottledAsyncChecker (ThrottledAsyncChecker.java:schedule(141)) - Scheduling a check for /home/runner/work/ozone/ozone/hadoop-ozone/integration-test/target/test-dir/MiniOzoneClusterImpl-b5c7e046-d456-4649-9d8a-956fe40c5cb7/datanode-2/data-0/containers/hdds
2021-12-28 02:23:34,594 [Listener at 127.0.0.1/13852] INFO  volume.StorageVolumeChecker (StorageVolumeChecker.java:checkAllVolumes(202)) - Scheduled health check for volume /home/runner/work/ozone/ozone/hadoop-ozone/integration-test/target/test-dir/MiniOzoneClusterImpl-b5c7e046-d456-4649-9d8a-956fe40c5cb7/datanode-2/data-0/containers/hdds
2021-12-28 02:23:34,613 [Listener at 127.0.0.1/13852] INFO  volume.MutableVolumeSet (MutableVolumeSet.java:initializeVolumeSet(168)) - Added Volume : /home/runner/work/ozone/ozone/hadoop-ozone/integration-test/target/test-dir/MiniOzoneClusterImpl-b5c7e046-d456-4649-9d8a-956fe40c5cb7/datanode-2/data/ratis to VolumeSet
2021-12-28 02:23:34,613 [Listener at 127.0.0.1/13852] INFO  volume.ThrottledAsyncChecker (ThrottledAsyncChecker.java:schedule(141)) - Scheduling a check for /home/runner/work/ozone/ozone/hadoop-ozone/integration-test/target/test-dir/MiniOzoneClusterImpl-b5c7e046-d456-4649-9d8a-956fe40c5cb7/datanode-2/data/ratis
2021-12-28 02:23:34,620 [Listener at 127.0.0.1/13852] INFO  volume.StorageVolumeChecker (StorageVolumeChecker.java:checkAllVolumes(202)) - Scheduled health check for volume /home/runner/work/ozone/ozone/hadoop-ozone/integration-test/target/test-dir/MiniOzoneClusterImpl-b5c7e046-d456-4649-9d8a-956fe40c5cb7/datanode-2/data/ratis
2021-12-28 02:23:34,646 [Thread-1494] INFO  ozoneimpl.ContainerReader (ContainerReader.java:readVolume(172)) - Finish verifying containers on volume /home/runner/work/ozone/ozone/hadoop-ozone/integration-test/target/test-dir/MiniOzoneClusterImpl-b5c7e046-d456-4649-9d8a-956fe40c5cb7/datanode-2/data-0/containers/hdds
2021-12-28 02:23:34,646 [Listener at 127.0.0.1/13852] INFO  ozoneimpl.OzoneContainer (OzoneContainer.java:buildContainerSet(237)) - Build ContainerSet costs 0s
2021-12-28 02:23:34,649 [Listener at 127.0.0.1/13852] INFO  server.RaftServer (ConfUtils.java:logGet(44)) - raft.rpc.type = GRPC (default)
2021-12-28 02:23:34,649 [Listener at 127.0.0.1/13852] INFO  grpc.GrpcFactory (GrpcFactory.java:checkPooledByteBufAllocatorUseCacheForAllThreads(48)) - PERFORMANCE WARNING: useCacheForAllThreads is true that may cause Netty to create a lot garbage objects and, as a result, trigger GC.
	It is recommended to disable useCacheForAllThreads by setting -Dorg.apache.ratis.thirdparty.io.netty.allocator.useCacheForAllThreads=false in command line.
2021-12-28 02:23:34,649 [Listener at 127.0.0.1/13852] INFO  grpc.GrpcConfigKeys (ConfUtils.java:logGet(44)) - raft.grpc.admin.port = 0 (custom)
2021-12-28 02:23:34,649 [Listener at 127.0.0.1/13852] INFO  grpc.GrpcConfigKeys (ConfUtils.java:logGet(44)) - raft.grpc.client.port = 0 (custom)
2021-12-28 02:23:34,649 [Listener at 127.0.0.1/13852] INFO  grpc.GrpcConfigKeys (ConfUtils.java:logGet(44)) - raft.grpc.server.port = 0 (default)
2021-12-28 02:23:34,649 [Listener at 127.0.0.1/13852] INFO  server.GrpcService (ConfUtils.java:logGet(44)) - raft.grpc.message.size.max = 32MB (=33554432) (custom)
2021-12-28 02:23:34,650 [Listener at 127.0.0.1/13852] INFO  server.RaftServerConfigKeys (ConfUtils.java:logGet(44)) - raft.server.log.appender.buffer.byte-limit = 33554432 (custom)
2021-12-28 02:23:34,650 [Listener at 127.0.0.1/13852] INFO  server.GrpcService (ConfUtils.java:logGet(44)) - raft.grpc.flow.control.window = 5MB (=5242880) (custom)
2021-12-28 02:23:34,650 [Listener at 127.0.0.1/13852] INFO  server.RaftServerConfigKeys (ConfUtils.java:logGet(44)) - raft.server.rpc.request.timeout = 60s (custom)
2021-12-28 02:23:34,651 [Listener at 127.0.0.1/13852] INFO  impl.DataStreamServerImpl (ConfUtils.java:logGet(44)) - raft.datastream.type = DISABLED (default)
2021-12-28 02:23:34,651 [Listener at 127.0.0.1/13852] INFO  server.RaftServerConfigKeys (ConfUtils.java:logGet(44)) - raft.server.rpc.slowness.timeout = 300s (custom)
2021-12-28 02:23:34,652 [Listener at 127.0.0.1/13852] INFO  server.RaftServerConfigKeys (ConfUtils.java:logGet(44)) - raft.server.leaderelection.leader.step-down.wait-time = 10s (default)
2021-12-28 02:23:34,652 [Listener at 127.0.0.1/13852] INFO  server.RaftServerConfigKeys (ConfUtils.java:logGet(44)) - raft.server.storage.dir = [/home/runner/work/ozone/ozone/hadoop-ozone/integration-test/target/test-dir/MiniOzoneClusterImpl-b5c7e046-d456-4649-9d8a-956fe40c5cb7/datanode-2/data/ratis] (custom)
2021-12-28 02:23:34,653 [Listener at 127.0.0.1/13852] INFO  server.XceiverServerGrpc (XceiverServerGrpc.java:<init>(132)) - GrpcServer channel type EpollServerSocketChannel
2021-12-28 02:23:34,671 [Listener at 127.0.0.1/13852] INFO  http.BaseHttpServer (BaseHttpServer.java:newHttpServer2BuilderForOzone(209)) - Starting Web-server for hddsDatanode at: http://0.0.0.0:0
2021-12-28 02:23:34,671 [Listener at 127.0.0.1/13852] INFO  http.BaseHttpServer (BaseHttpServer.java:<init>(107)) - Hadoop Security Enabled: false Ozone Security Enabled: false Ozone HTTP Security Enabled: false 
2021-12-28 02:23:34,672 [Listener at 127.0.0.1/13852] INFO  server.AuthenticationFilter (AuthenticationFilter.java:constructSecretProvider(240)) - Unable to initialize FileSignerSecretProvider, falling back to use random secrets.
2021-12-28 02:23:34,672 [Listener at 127.0.0.1/13852] WARN  http.HttpRequestLog (HttpRequestLog.java:getRequestLog(103)) - Jetty request log can only be enabled using Log4j
2021-12-28 02:23:34,673 [Listener at 127.0.0.1/13852] INFO  http.HttpServer2 (HttpServer2.java:addGlobalFilter(1030)) - Added global filter 'safety' (class=org.apache.hadoop.hdds.server.http.HttpServer2$QuotingInputFilter)
2021-12-28 02:23:34,674 [Listener at 127.0.0.1/13852] INFO  http.HttpServer2 (HttpServer2.java:addFilter(1006)) - Added filter static_user_filter (class=org.apache.hadoop.http.lib.StaticUserWebFilter$StaticUserFilter) to context hddsDatanode
2021-12-28 02:23:34,674 [Listener at 127.0.0.1/13852] INFO  http.HttpServer2 (HttpServer2.java:addFilter(1014)) - Added filter static_user_filter (class=org.apache.hadoop.http.lib.StaticUserWebFilter$StaticUserFilter) to context logs
2021-12-28 02:23:34,674 [Listener at 127.0.0.1/13852] INFO  http.HttpServer2 (HttpServer2.java:addFilter(1014)) - Added filter static_user_filter (class=org.apache.hadoop.http.lib.StaticUserWebFilter$StaticUserFilter) to context static
2021-12-28 02:23:34,675 [Listener at 127.0.0.1/13852] INFO  http.HttpServer2 (HttpServer2.java:bindListener(1249)) - Jetty bound to port 43563
2021-12-28 02:23:34,675 [Listener at 127.0.0.1/13852] INFO  server.Server (Server.java:doStart(375)) - jetty-9.4.43.v20210629; built: 2021-06-30T11:07:22.254Z; git: 526006ecfa3af7f1a27ef3a288e2bef7ea9dd7e8; jvm 1.8.0_292-b10
2021-12-28 02:23:34,730 [Listener at 127.0.0.1/13852] INFO  server.session (DefaultSessionIdManager.java:doStart(334)) - DefaultSessionIdManager workerName=node0
2021-12-28 02:23:34,731 [Listener at 127.0.0.1/13852] INFO  server.session (DefaultSessionIdManager.java:doStart(339)) - No SessionScavenger set, using defaults
2021-12-28 02:23:34,731 [Listener at 127.0.0.1/13852] INFO  server.session (HouseKeeper.java:startScavenging(132)) - node0 Scavenging every 600000ms
2021-12-28 02:23:34,738 [Listener at 127.0.0.1/13852] INFO  handler.ContextHandler (ContextHandler.java:doStart(915)) - Started o.e.j.s.ServletContextHandler@49439018{logs,/logs,file:///home/runner/work/ozone/ozone/hadoop-ozone/integration-test/target/log,AVAILABLE}
2021-12-28 02:23:34,739 [Listener at 127.0.0.1/13852] INFO  handler.ContextHandler (ContextHandler.java:doStart(915)) - Started o.e.j.s.ServletContextHandler@54188be5{static,/static,jar:file:/home/runner/.m2/repository/org/apache/ozone/hdds-container-service/1.3.0-SNAPSHOT/hdds-container-service-1.3.0-SNAPSHOT.jar!/webapps/static,AVAILABLE}
2021-12-28 02:23:34,857 [Listener at 127.0.0.1/13852] INFO  handler.ContextHandler (ContextHandler.java:doStart(915)) - Started o.e.j.w.WebAppContext@2a76555a{hddsDatanode,/,file:///tmp/jetty-0_0_0_0-43563-hdds-container-service-1_3_0-SNAPSHOT_jar-_-any-7217654525088905527/webapp/,AVAILABLE}{jar:file:/home/runner/.m2/repository/org/apache/ozone/hdds-container-service/1.3.0-SNAPSHOT/hdds-container-service-1.3.0-SNAPSHOT.jar!/webapps/hddsDatanode}
2021-12-28 02:23:34,871 [Listener at 127.0.0.1/13852] INFO  server.AbstractConnector (AbstractConnector.java:doStart(331)) - Started ServerConnector@2e754572{HTTP/1.1, (http/1.1)}{0.0.0.0:43563}
2021-12-28 02:23:34,872 [Listener at 127.0.0.1/13852] INFO  server.Server (Server.java:doStart(415)) - Started @101495ms
2021-12-28 02:23:34,872 [Listener at 127.0.0.1/13852] WARN  impl.MetricsSystemImpl (MetricsSystemImpl.java:register(279)) - Sink prometheus already exists!
2021-12-28 02:23:34,872 [Listener at 127.0.0.1/13852] INFO  http.BaseHttpServer (BaseHttpServer.java:updateConnectorAddress(329)) - HTTP server of hddsDatanode listening at http://0.0.0.0:43563
2021-12-28 02:23:34,874 [Listener at 127.0.0.1/13852] INFO  ozone.MiniOzoneClusterImpl (MiniOzoneClusterImpl.java:lambda$waitForClusterToBeReady$0(235)) - Waiting for nodes to be ready. Got 0 of 3 DN Heartbeats.
2021-12-28 02:23:34,874 [Listener at 127.0.0.1/13852] INFO  ozone.MiniOzoneClusterImpl (MiniOzoneClusterImpl.java:lambda$waitForClusterToBeReady$0(238)) - Waiting for cluster to exit safe mode
2021-12-28 02:23:34,875 [Listener at 127.0.0.1/13852] INFO  ozone.MiniOzoneClusterImpl (MiniOzoneClusterImpl.java:lambda$waitForClusterToBeReady$0(240)) - SCM became leader
2021-12-28 02:23:34,886 [Datanode State Machine Daemon Thread] INFO  statemachine.DatanodeStateMachine (DatanodeStateMachine.java:lambda$startDaemon$0(467)) - Ozone container server started.
2021-12-28 02:23:34,905 [org.apache.hadoop.util.JvmPauseMonitor$Monitor@2140a746] INFO  util.JvmPauseMonitor (JvmPauseMonitor.java:run(188)) - Starting JVM pause monitor
2021-12-28 02:23:34,928 [Datanode State Machine Task Thread - 0] INFO  ha.SCMNodeInfo (SCMNodeInfo.java:getPort(197)) - ConfigKey ozone.scm.client.address is deprecated, For configuring different ports for each SCM use PortConfigKey ozone.scm.client.port appended with serviceId and nodeId
2021-12-28 02:23:34,928 [Datanode State Machine Task Thread - 0] INFO  ha.SCMNodeInfo (SCMNodeInfo.java:getPort(197)) - ConfigKey ozone.scm.block.client.address is deprecated, For configuring different ports for each SCM use PortConfigKey ozone.scm.block.client.port appended with serviceId and nodeId
2021-12-28 02:23:34,928 [Datanode State Machine Task Thread - 0] INFO  ha.SCMNodeInfo (SCMNodeInfo.java:getPort(197)) - ConfigKey ozone.scm.datanode.address is deprecated, For configuring different ports for each SCM use PortConfigKey ozone.scm.datanode.port appended with serviceId and nodeId
2021-12-28 02:23:34,928 [Datanode State Machine Task Thread - 0] INFO  ha.SCMNodeInfo (SCMNodeInfo.java:getPort(197)) - ConfigKey ozone.scm.client.address is deprecated, For configuring different ports for each SCM use PortConfigKey ozone.scm.client.port appended with serviceId and nodeId
2021-12-28 02:23:34,928 [Datanode State Machine Task Thread - 0] INFO  ha.SCMNodeInfo (SCMNodeInfo.java:getPort(197)) - ConfigKey ozone.scm.block.client.address is deprecated, For configuring different ports for each SCM use PortConfigKey ozone.scm.block.client.port appended with serviceId and nodeId
2021-12-28 02:23:34,928 [Datanode State Machine Task Thread - 0] INFO  ha.SCMNodeInfo (SCMNodeInfo.java:getPort(197)) - ConfigKey ozone.scm.datanode.address is deprecated, For configuring different ports for each SCM use PortConfigKey ozone.scm.datanode.port appended with serviceId and nodeId
2021-12-28 02:23:34,928 [Datanode State Machine Task Thread - 0] INFO  ha.SCMNodeInfo (SCMNodeInfo.java:getPort(197)) - ConfigKey ozone.scm.client.address is deprecated, For configuring different ports for each SCM use PortConfigKey ozone.scm.client.port appended with serviceId and nodeId
2021-12-28 02:23:34,928 [Datanode State Machine Task Thread - 0] INFO  ha.SCMNodeInfo (SCMNodeInfo.java:getPort(197)) - ConfigKey ozone.scm.block.client.address is deprecated, For configuring different ports for each SCM use PortConfigKey ozone.scm.block.client.port appended with serviceId and nodeId
2021-12-28 02:23:34,928 [Datanode State Machine Task Thread - 0] INFO  ha.SCMNodeInfo (SCMNodeInfo.java:getPort(197)) - ConfigKey ozone.scm.datanode.address is deprecated, For configuring different ports for each SCM use PortConfigKey ozone.scm.datanode.port appended with serviceId and nodeId
2021-12-28 02:23:34,944 [Datanode State Machine Task Thread - 0] INFO  datanode.InitDatanodeState (InitDatanodeState.java:persistContainerDatanodeDetails(145)) - DatanodeDetails is persisted to /home/runner/work/ozone/ozone/hadoop-ozone/integration-test/target/test-dir/MiniOzoneClusterImpl-b5c7e046-d456-4649-9d8a-956fe40c5cb7/datanode-2/meta/datanode.id
2021-12-28 02:23:34,946 [EndpointStateMachine task thread for /127.0.0.1:13527 - 0 ] INFO  ipc.Client (Client.java:handleConnectionFailure(977)) - Retrying connect to server: localhost/127.0.0.1:13527. Already tried 10 time(s); retry policy is RetryUpToMaximumCountWithFixedSleep(maxRetries=15, sleepTime=1000 MILLISECONDS)
2021-12-28 02:23:34,950 [EndpointStateMachine task thread for /127.0.0.1:13537 - 0 ] INFO  ipc.Client (Client.java:handleConnectionFailure(977)) - Retrying connect to server: localhost/127.0.0.1:13537. Already tried 10 time(s); retry policy is RetryUpToMaximumCountWithFixedSleep(maxRetries=15, sleepTime=1000 MILLISECONDS)
2021-12-28 02:23:34,956 [EndpointStateMachine task thread for /127.0.0.1:13517 - 0 ] INFO  ipc.Client (Client.java:handleConnectionFailure(977)) - Retrying connect to server: localhost/127.0.0.1:13517. Already tried 10 time(s); retry policy is RetryUpToMaximumCountWithFixedSleep(maxRetries=15, sleepTime=1000 MILLISECONDS)
2021-12-28 02:23:35,875 [Listener at 127.0.0.1/13852] INFO  ozone.MiniOzoneClusterImpl (MiniOzoneClusterImpl.java:lambda$waitForClusterToBeReady$0(235)) - Waiting for nodes to be ready. Got 0 of 3 DN Heartbeats.
2021-12-28 02:23:35,875 [Listener at 127.0.0.1/13852] INFO  ozone.MiniOzoneClusterImpl (MiniOzoneClusterImpl.java:lambda$waitForClusterToBeReady$0(238)) - Waiting for cluster to exit safe mode
2021-12-28 02:23:35,875 [Listener at 127.0.0.1/13852] INFO  ozone.MiniOzoneClusterImpl (MiniOzoneClusterImpl.java:lambda$waitForClusterToBeReady$0(240)) - SCM became leader
2021-12-28 02:23:35,946 [EndpointStateMachine task thread for /127.0.0.1:13527 - 0 ] INFO  ipc.Client (Client.java:handleConnectionFailure(977)) - Retrying connect to server: localhost/127.0.0.1:13527. Already tried 11 time(s); retry policy is RetryUpToMaximumCountWithFixedSleep(maxRetries=15, sleepTime=1000 MILLISECONDS)
2021-12-28 02:23:35,950 [EndpointStateMachine task thread for /127.0.0.1:13537 - 0 ] INFO  ipc.Client (Client.java:handleConnectionFailure(977)) - Retrying connect to server: localhost/127.0.0.1:13537. Already tried 11 time(s); retry policy is RetryUpToMaximumCountWithFixedSleep(maxRetries=15, sleepTime=1000 MILLISECONDS)
2021-12-28 02:23:35,954 [EndpointStateMachine task thread for /127.0.0.1:12519 - 0 ] INFO  ozoneimpl.OzoneContainer (OzoneContainer.java:start(315)) - Attempting to start container services.
2021-12-28 02:23:35,954 [EndpointStateMachine task thread for /127.0.0.1:12519 - 0 ] INFO  ozoneimpl.OzoneContainer (OzoneContainer.java:startContainerScrub(250)) - Background container scanner has been disabled.
2021-12-28 02:23:35,957 [EndpointStateMachine task thread for /127.0.0.1:13517 - 0 ] INFO  ipc.Client (Client.java:handleConnectionFailure(977)) - Retrying connect to server: localhost/127.0.0.1:13517. Already tried 11 time(s); retry policy is RetryUpToMaximumCountWithFixedSleep(maxRetries=15, sleepTime=1000 MILLISECONDS)
2021-12-28 02:23:35,959 [EndpointStateMachine task thread for /127.0.0.1:12519 - 0 ] INFO  replication.ReplicationServer (ReplicationServer.java:start(107)) - ReplicationServer is started using port 36711
2021-12-28 02:23:35,960 [EndpointStateMachine task thread for /127.0.0.1:12519 - 0 ] INFO  ratis.XceiverServerRatis (XceiverServerRatis.java:start(484)) - Starting XceiverServerRatis e6ec2fd3-a0c6-4f81-ae90-f7327ac63566
2021-12-28 02:23:35,961 [EndpointStateMachine task thread for /127.0.0.1:12519 - 0 ] INFO  server.RaftServer (RaftServerProxy.java:lambda$start$5(374)) - e6ec2fd3-a0c6-4f81-ae90-f7327ac63566: start RPC server
2021-12-28 02:23:35,968 [EndpointStateMachine task thread for /127.0.0.1:12519 - 0 ] INFO  server.GrpcService (GrpcService.java:startImpl(253)) - e6ec2fd3-a0c6-4f81-ae90-f7327ac63566: GrpcService started, listening on 38023
2021-12-28 02:23:35,971 [EndpointStateMachine task thread for /127.0.0.1:12519 - 0 ] INFO  ratis.XceiverServerRatis (XceiverServerRatis.java:getRealPort(505)) - XceiverServerRatis e6ec2fd3-a0c6-4f81-ae90-f7327ac63566 is started using port 38023 for RATIS
2021-12-28 02:23:35,971 [EndpointStateMachine task thread for /127.0.0.1:12519 - 0 ] INFO  ratis.XceiverServerRatis (XceiverServerRatis.java:getRealPort(505)) - XceiverServerRatis e6ec2fd3-a0c6-4f81-ae90-f7327ac63566 is started using port 38023 for RATIS_ADMIN
2021-12-28 02:23:35,971 [EndpointStateMachine task thread for /127.0.0.1:12519 - 0 ] INFO  ratis.XceiverServerRatis (XceiverServerRatis.java:getRealPort(505)) - XceiverServerRatis e6ec2fd3-a0c6-4f81-ae90-f7327ac63566 is started using port 38023 for RATIS_SERVER
2021-12-28 02:23:35,971 [org.apache.ratis.util.JvmPauseMonitor$$Lambda$499/2075133112@ed7d746] INFO  util.JvmPauseMonitor (JvmPauseMonitor.java:run(103)) - JvmPauseMonitor-e6ec2fd3-a0c6-4f81-ae90-f7327ac63566: Started
2021-12-28 02:23:35,975 [EndpointStateMachine task thread for /127.0.0.1:12519 - 0 ] INFO  server.XceiverServerGrpc (XceiverServerGrpc.java:start(180)) - XceiverServerGrpc e6ec2fd3-a0c6-4f81-ae90-f7327ac63566 is started using port 42321
2021-12-28 02:23:35,979 [EndpointStateMachine task thread for /127.0.0.1:12509 - 0 ] INFO  ozoneimpl.OzoneContainer (OzoneContainer.java:start(311)) - Ignore. OzoneContainer already started.
2021-12-28 02:23:36,455 [EndpointStateMachine task thread for /127.0.0.1:12509 - 0 ] INFO  ozoneimpl.OzoneContainer (OzoneContainer.java:start(315)) - Attempting to start container services.
2021-12-28 02:23:36,455 [EndpointStateMachine task thread for /127.0.0.1:12509 - 0 ] INFO  ozoneimpl.OzoneContainer (OzoneContainer.java:startContainerScrub(250)) - Background container scanner has been disabled.
2021-12-28 02:23:36,456 [EndpointStateMachine task thread for /127.0.0.1:12509 - 0 ] INFO  replication.ReplicationServer (ReplicationServer.java:start(107)) - ReplicationServer is started using port 37827
2021-12-28 02:23:36,461 [EndpointStateMachine task thread for /127.0.0.1:12509 - 0 ] INFO  ratis.XceiverServerRatis (XceiverServerRatis.java:start(484)) - Starting XceiverServerRatis 1606c9ac-ae8d-4b60-b668-ad188c7b9b7a
2021-12-28 02:23:36,468 [EndpointStateMachine task thread for /127.0.0.1:12509 - 0 ] INFO  server.RaftServer (RaftServerProxy.java:lambda$start$5(374)) - 1606c9ac-ae8d-4b60-b668-ad188c7b9b7a: start RPC server
2021-12-28 02:23:36,470 [EndpointStateMachine task thread for /127.0.0.1:12509 - 0 ] INFO  server.GrpcService (GrpcService.java:startImpl(253)) - 1606c9ac-ae8d-4b60-b668-ad188c7b9b7a: GrpcService started, listening on 44611
2021-12-28 02:23:36,473 [EndpointStateMachine task thread for /127.0.0.1:12509 - 0 ] INFO  ratis.XceiverServerRatis (XceiverServerRatis.java:getRealPort(505)) - XceiverServerRatis 1606c9ac-ae8d-4b60-b668-ad188c7b9b7a is started using port 44611 for RATIS
2021-12-28 02:23:36,473 [EndpointStateMachine task thread for /127.0.0.1:12509 - 0 ] INFO  ratis.XceiverServerRatis (XceiverServerRatis.java:getRealPort(505)) - XceiverServerRatis 1606c9ac-ae8d-4b60-b668-ad188c7b9b7a is started using port 44611 for RATIS_ADMIN
2021-12-28 02:23:36,473 [EndpointStateMachine task thread for /127.0.0.1:12509 - 0 ] INFO  ratis.XceiverServerRatis (XceiverServerRatis.java:getRealPort(505)) - XceiverServerRatis 1606c9ac-ae8d-4b60-b668-ad188c7b9b7a is started using port 44611 for RATIS_SERVER
2021-12-28 02:23:36,474 [org.apache.ratis.util.JvmPauseMonitor$$Lambda$499/2075133112@72a273c1] INFO  util.JvmPauseMonitor (JvmPauseMonitor.java:run(103)) - JvmPauseMonitor-1606c9ac-ae8d-4b60-b668-ad188c7b9b7a: Started
2021-12-28 02:23:36,483 [EndpointStateMachine task thread for /127.0.0.1:12509 - 0 ] INFO  server.XceiverServerGrpc (XceiverServerGrpc.java:start(180)) - XceiverServerGrpc 1606c9ac-ae8d-4b60-b668-ad188c7b9b7a is started using port 42257
2021-12-28 02:23:36,490 [EndpointStateMachine task thread for /127.0.0.1:12519 - 0 ] INFO  ozoneimpl.OzoneContainer (OzoneContainer.java:start(311)) - Ignore. OzoneContainer already started.
2021-12-28 02:23:36,875 [Listener at 127.0.0.1/13852] INFO  ozone.MiniOzoneClusterImpl (MiniOzoneClusterImpl.java:lambda$waitForClusterToBeReady$0(235)) - Waiting for nodes to be ready. Got 0 of 3 DN Heartbeats.
2021-12-28 02:23:36,876 [Listener at 127.0.0.1/13852] INFO  ozone.MiniOzoneClusterImpl (MiniOzoneClusterImpl.java:lambda$waitForClusterToBeReady$0(238)) - Waiting for cluster to exit safe mode
2021-12-28 02:23:36,876 [Listener at 127.0.0.1/13852] INFO  ozone.MiniOzoneClusterImpl (MiniOzoneClusterImpl.java:lambda$waitForClusterToBeReady$0(240)) - SCM became leader
2021-12-28 02:23:36,930 [EndpointStateMachine task thread for /127.0.0.1:12519 - 0 ] INFO  ozoneimpl.OzoneContainer (OzoneContainer.java:start(315)) - Attempting to start container services.
2021-12-28 02:23:36,930 [EndpointStateMachine task thread for /127.0.0.1:12519 - 0 ] INFO  ozoneimpl.OzoneContainer (OzoneContainer.java:startContainerScrub(250)) - Background container scanner has been disabled.
2021-12-28 02:23:36,931 [EndpointStateMachine task thread for /127.0.0.1:12519 - 0 ] INFO  replication.ReplicationServer (ReplicationServer.java:start(107)) - ReplicationServer is started using port 43305
2021-12-28 02:23:36,935 [EndpointStateMachine task thread for /127.0.0.1:12519 - 0 ] INFO  ratis.XceiverServerRatis (XceiverServerRatis.java:start(484)) - Starting XceiverServerRatis d44b9b66-006b-4516-8682-2587942b100c
2021-12-28 02:23:36,936 [EndpointStateMachine task thread for /127.0.0.1:12519 - 0 ] INFO  server.RaftServer (RaftServerProxy.java:lambda$start$5(374)) - d44b9b66-006b-4516-8682-2587942b100c: start RPC server
2021-12-28 02:23:36,936 [EndpointStateMachine task thread for /127.0.0.1:12519 - 0 ] INFO  server.GrpcService (GrpcService.java:startImpl(253)) - d44b9b66-006b-4516-8682-2587942b100c: GrpcService started, listening on 38031
2021-12-28 02:23:36,936 [EndpointStateMachine task thread for /127.0.0.1:12519 - 0 ] INFO  ratis.XceiverServerRatis (XceiverServerRatis.java:getRealPort(505)) - XceiverServerRatis d44b9b66-006b-4516-8682-2587942b100c is started using port 38031 for RATIS
2021-12-28 02:23:36,936 [EndpointStateMachine task thread for /127.0.0.1:12519 - 0 ] INFO  ratis.XceiverServerRatis (XceiverServerRatis.java:getRealPort(505)) - XceiverServerRatis d44b9b66-006b-4516-8682-2587942b100c is started using port 38031 for RATIS_ADMIN
2021-12-28 02:23:36,936 [EndpointStateMachine task thread for /127.0.0.1:12519 - 0 ] INFO  ratis.XceiverServerRatis (XceiverServerRatis.java:getRealPort(505)) - XceiverServerRatis d44b9b66-006b-4516-8682-2587942b100c is started using port 38031 for RATIS_SERVER
2021-12-28 02:23:36,937 [org.apache.ratis.util.JvmPauseMonitor$$Lambda$499/2075133112@66cfe5e8] INFO  util.JvmPauseMonitor (JvmPauseMonitor.java:run(103)) - JvmPauseMonitor-d44b9b66-006b-4516-8682-2587942b100c: Started
2021-12-28 02:23:36,946 [EndpointStateMachine task thread for /127.0.0.1:12519 - 0 ] INFO  server.XceiverServerGrpc (XceiverServerGrpc.java:start(180)) - XceiverServerGrpc d44b9b66-006b-4516-8682-2587942b100c is started using port 41001
2021-12-28 02:23:36,947 [EndpointStateMachine task thread for /127.0.0.1:13527 - 0 ] INFO  ipc.Client (Client.java:handleConnectionFailure(977)) - Retrying connect to server: localhost/127.0.0.1:13527. Already tried 12 time(s); retry policy is RetryUpToMaximumCountWithFixedSleep(maxRetries=15, sleepTime=1000 MILLISECONDS)
2021-12-28 02:23:36,951 [EndpointStateMachine task thread for /127.0.0.1:13537 - 0 ] INFO  ipc.Client (Client.java:handleConnectionFailure(977)) - Retrying connect to server: localhost/127.0.0.1:13537. Already tried 12 time(s); retry policy is RetryUpToMaximumCountWithFixedSleep(maxRetries=15, sleepTime=1000 MILLISECONDS)
2021-12-28 02:23:36,954 [EndpointStateMachine task thread for /127.0.0.1:12509 - 0 ] INFO  ozoneimpl.OzoneContainer (OzoneContainer.java:start(311)) - Ignore. OzoneContainer already started.
2021-12-28 02:23:36,970 [EndpointStateMachine task thread for /127.0.0.1:13517 - 0 ] INFO  ipc.Client (Client.java:handleConnectionFailure(977)) - Retrying connect to server: localhost/127.0.0.1:13517. Already tried 12 time(s); retry policy is RetryUpToMaximumCountWithFixedSleep(maxRetries=15, sleepTime=1000 MILLISECONDS)
2021-12-28 02:23:37,876 [Listener at 127.0.0.1/13852] INFO  ozone.MiniOzoneClusterImpl (MiniOzoneClusterImpl.java:lambda$waitForClusterToBeReady$0(235)) - Waiting for nodes to be ready. Got 0 of 3 DN Heartbeats.
2021-12-28 02:23:37,876 [Listener at 127.0.0.1/13852] INFO  ozone.MiniOzoneClusterImpl (MiniOzoneClusterImpl.java:lambda$waitForClusterToBeReady$0(238)) - Waiting for cluster to exit safe mode
2021-12-28 02:23:37,877 [Listener at 127.0.0.1/13852] INFO  ozone.MiniOzoneClusterImpl (MiniOzoneClusterImpl.java:lambda$waitForClusterToBeReady$0(240)) - SCM became leader
2021-12-28 02:23:37,915 [IPC Server handler 19 on default port 12509] INFO  net.NetworkTopologyImpl (NetworkTopologyImpl.java:add(112)) - Added a new node: /default-rack/e6ec2fd3-a0c6-4f81-ae90-f7327ac63566
2021-12-28 02:23:37,915 [IPC Server handler 19 on default port 12509] INFO  node.SCMNodeManager (SCMNodeManager.java:register(389)) - Registered Data node : e6ec2fd3-a0c6-4f81-ae90-f7327ac63566{ip: 127.0.0.1, host: localhost, ports: [REPLICATION=36711, RATIS=38023, RATIS_ADMIN=38023, RATIS_SERVER=38023, STANDALONE=42321], networkLocation: /default-rack, certSerialId: null, persistedOpState: null, persistedOpStateExpiryEpochSec: 0}
2021-12-28 02:23:37,916 [IPC Server handler 2 on default port 12519] INFO  net.NetworkTopologyImpl (NetworkTopologyImpl.java:add(112)) - Added a new node: /default-rack/e6ec2fd3-a0c6-4f81-ae90-f7327ac63566
2021-12-28 02:23:37,916 [IPC Server handler 2 on default port 12519] INFO  node.SCMNodeManager (SCMNodeManager.java:register(389)) - Registered Data node : e6ec2fd3-a0c6-4f81-ae90-f7327ac63566{ip: 127.0.0.1, host: localhost, ports: [REPLICATION=36711, RATIS=38023, RATIS_ADMIN=38023, RATIS_SERVER=38023, STANDALONE=42321], networkLocation: /default-rack, certSerialId: null, persistedOpState: null, persistedOpStateExpiryEpochSec: 0}
2021-12-28 02:23:37,922 [EventQueue-NewNodeForNewNodeHandler] INFO  pipeline.BackgroundPipelineCreator (BackgroundPipelineCreator.java:notifyEventTriggered(285)) - trigger a one-shot run on RatisPipelineUtilsThread.
2021-12-28 02:23:37,926 [EventQueue-NodeRegistrationContainerReportForDataNodeSafeModeRule] INFO  safemode.SCMSafeModeManager (DataNodeSafeModeRule.java:process(71)) - SCM in safe mode. 1 DataNodes registered, 3 required.
2021-12-28 02:23:37,923 [RatisPipelineUtilsThread - 0] INFO  pipeline.RatisPipelineProvider (RatisPipelineProvider.java:lambda$create$0(183)) - Sending CreatePipelineCommand for pipeline:PipelineID=3be6d057-b009-4245-a5ea-6789b4ca4529 to datanode:e6ec2fd3-a0c6-4f81-ae90-f7327ac63566
2021-12-28 02:23:37,934 [EventQueue-NodeRegistrationContainerReportForContainerSafeModeRule] INFO  safemode.SCMSafeModeManager (SCMSafeModeManager.java:validateSafeModeExitRules(204)) - ContainerSafeModeRule rule is successfully validated
2021-12-28 02:23:37,943 [EventQueue-NodeRegistrationContainerReportForDataNodeSafeModeRule] INFO  safemode.SCMSafeModeManager (DataNodeSafeModeRule.java:process(71)) - SCM in safe mode. 1 DataNodes registered, 3 required.
2021-12-28 02:23:37,947 [EndpointStateMachine task thread for /127.0.0.1:13527 - 0 ] INFO  ipc.Client (Client.java:handleConnectionFailure(977)) - Retrying connect to server: localhost/127.0.0.1:13527. Already tried 13 time(s); retry policy is RetryUpToMaximumCountWithFixedSleep(maxRetries=15, sleepTime=1000 MILLISECONDS)
2021-12-28 02:23:37,947 [EventQueue-NewNodeForNewNodeHandler] INFO  pipeline.BackgroundPipelineCreator (BackgroundPipelineCreator.java:notifyEventTriggered(279)) - ignore, not leader SCM.
2021-12-28 02:23:37,951 [EndpointStateMachine task thread for /127.0.0.1:13537 - 0 ] INFO  ipc.Client (Client.java:handleConnectionFailure(977)) - Retrying connect to server: localhost/127.0.0.1:13537. Already tried 13 time(s); retry policy is RetryUpToMaximumCountWithFixedSleep(maxRetries=15, sleepTime=1000 MILLISECONDS)
2021-12-28 02:23:37,958 [EventQueue-PipelineReportForOneReplicaPipelineSafeModeRule] INFO  safemode.SCMSafeModeManager (SCMSafeModeManager.java:validateSafeModeExitRules(204)) - AtleastOneDatanodeReportedRule rule is successfully validated
2021-12-28 02:23:37,958 [EventQueue-PipelineReportForOneReplicaPipelineSafeModeRule] INFO  safemode.SCMSafeModeManager (SCMSafeModeManager.java:validateSafeModeExitRules(204)) - AtleastOneDatanodeReportedRule rule is successfully validated
2021-12-28 02:23:37,970 [EndpointStateMachine task thread for /127.0.0.1:13517 - 0 ] INFO  ipc.Client (Client.java:handleConnectionFailure(977)) - Retrying connect to server: localhost/127.0.0.1:13517. Already tried 13 time(s); retry policy is RetryUpToMaximumCountWithFixedSleep(maxRetries=15, sleepTime=1000 MILLISECONDS)
2021-12-28 02:23:37,970 [EventQueue-NodeRegistrationContainerReportForContainerSafeModeRule] INFO  safemode.SCMSafeModeManager (SCMSafeModeManager.java:validateSafeModeExitRules(204)) - ContainerSafeModeRule rule is successfully validated
2021-12-28 02:23:37,980 [85b08ac6-0f6d-42de-94fb-508f7dc90a3f@group-956FE40C5CB7-StateMachineUpdater] INFO  pipeline.PipelineStateManagerImpl (PipelineStateManagerImpl.java:addPipeline(101)) - Created pipeline Pipeline[ Id: 3be6d057-b009-4245-a5ea-6789b4ca4529, Nodes: e6ec2fd3-a0c6-4f81-ae90-f7327ac63566{ip: 127.0.0.1, host: localhost, ports: [REPLICATION=36711, RATIS=38023, RATIS_ADMIN=38023, RATIS_SERVER=38023, STANDALONE=42321], networkLocation: /default-rack, certSerialId: null, persistedOpState: IN_SERVICE, persistedOpStateExpiryEpochSec: 0}, ReplicationConfig: RATIS/ONE, State:ALLOCATED, leaderId:, CreationTimestamp2021-12-28T02:23:37.923Z[Etc/UTC]].
2021-12-28 02:23:37,980 [85b08ac6-0f6d-42de-94fb-508f7dc90a3f@group-956FE40C5CB7-StateMachineUpdater] INFO  safemode.HealthyPipelineSafeModeRule (HealthyPipelineSafeModeRule.java:initializeRule(152)) - Refreshed total pipeline count is 0, healthy pipeline threshold count is 1
2021-12-28 02:23:37,980 [RatisPipelineUtilsThread - 0] INFO  ha.SCMHAInvocationHandler (SCMHAInvocationHandler.java:invokeRatis(113)) - Invoking method public abstract void org.apache.hadoop.hdds.scm.pipeline.PipelineStateManager.addPipeline(org.apache.hadoop.hdds.protocol.proto.HddsProtos$Pipeline) throws java.io.IOException on target org.apache.hadoop.hdds.scm.ha.SCMRatisServerImpl@3131dcab, cost 43978.562us
2021-12-28 02:23:37,999 [efeceff2-b5a5-497a-a96d-e28250e5a95d@group-956FE40C5CB7-StateMachineUpdater] INFO  pipeline.PipelineStateManagerImpl (PipelineStateManagerImpl.java:addPipeline(101)) - Created pipeline Pipeline[ Id: 3be6d057-b009-4245-a5ea-6789b4ca4529, Nodes: e6ec2fd3-a0c6-4f81-ae90-f7327ac63566{ip: 127.0.0.1, host: localhost, ports: [REPLICATION=36711, RATIS=38023, RATIS_ADMIN=38023, RATIS_SERVER=38023, STANDALONE=42321], networkLocation: /default-rack, certSerialId: null, persistedOpState: IN_SERVICE, persistedOpStateExpiryEpochSec: 0}, ReplicationConfig: RATIS/ONE, State:ALLOCATED, leaderId:, CreationTimestamp2021-12-28T02:23:37.923Z[Etc/UTC]].
2021-12-28 02:23:37,999 [efeceff2-b5a5-497a-a96d-e28250e5a95d@group-956FE40C5CB7-StateMachineUpdater] INFO  safemode.HealthyPipelineSafeModeRule (HealthyPipelineSafeModeRule.java:initializeRule(152)) - Refreshed total pipeline count is 0, healthy pipeline threshold count is 1
2021-12-28 02:23:37,999 [efeceff2-b5a5-497a-a96d-e28250e5a95d@group-956FE40C5CB7-StateMachineUpdater] INFO  ha.SCMStateMachine (SCMStateMachine.java:takeSnapshot(297)) - Current Snapshot Index 7, takeSnapshot took 1 ms
2021-12-28 02:23:37,999 [efeceff2-b5a5-497a-a96d-e28250e5a95d@group-956FE40C5CB7-StateMachineUpdater] INFO  impl.StateMachineUpdater (StateMachineUpdater.java:takeSnapshot(281)) - efeceff2-b5a5-497a-a96d-e28250e5a95d@group-956FE40C5CB7-StateMachineUpdater: Took a snapshot at index 7
2021-12-28 02:23:37,999 [efeceff2-b5a5-497a-a96d-e28250e5a95d@group-956FE40C5CB7-StateMachineUpdater] INFO  impl.StateMachineUpdater (StateMachineUpdater.java:lambda$new$0(89)) - efeceff2-b5a5-497a-a96d-e28250e5a95d@group-956FE40C5CB7-StateMachineUpdater: snapshotIndex: updateIncreasingly 2 -> 7
2021-12-28 02:23:37,999 [efeceff2-b5a5-497a-a96d-e28250e5a95d@group-956FE40C5CB7-StateMachineUpdater] INFO  raftlog.RaftLog (RaftLogBase.java:purge(306)) - efeceff2-b5a5-497a-a96d-e28250e5a95d@group-956FE40C5CB7-SegmentedRaftLog: purge 7
2021-12-28 02:23:37,999 [efeceff2-b5a5-497a-a96d-e28250e5a95d@group-956FE40C5CB7-StateMachineUpdater] INFO  raftlog.RaftLog (RaftLogBase.java:lambda$new$0(53)) - efeceff2-b5a5-497a-a96d-e28250e5a95d@group-956FE40C5CB7-SegmentedRaftLog: snapshotIndex: updateIncreasingly 2 -> 7
2021-12-28 02:23:37,999 [efeceff2-b5a5-497a-a96d-e28250e5a95d@group-956FE40C5CB7-StateMachineUpdater] INFO  raftlog.RaftLog (RaftLogBase.java:lambda$new$0(53)) - efeceff2-b5a5-497a-a96d-e28250e5a95d@group-956FE40C5CB7-SegmentedRaftLog: purgeIndex: updateToMax old=-1, new=7, updated? true
2021-12-28 02:23:38,435 [IPC Server handler 15 on default port 12519] INFO  net.NetworkTopologyImpl (NetworkTopologyImpl.java:add(112)) - Added a new node: /default-rack/1606c9ac-ae8d-4b60-b668-ad188c7b9b7a
2021-12-28 02:23:38,436 [IPC Server handler 15 on default port 12519] INFO  node.SCMNodeManager (SCMNodeManager.java:register(389)) - Registered Data node : 1606c9ac-ae8d-4b60-b668-ad188c7b9b7a{ip: 127.0.0.1, host: localhost, ports: [REPLICATION=37827, RATIS=44611, RATIS_ADMIN=44611, RATIS_SERVER=44611, STANDALONE=42257], networkLocation: /default-rack, certSerialId: null, persistedOpState: null, persistedOpStateExpiryEpochSec: 0}
2021-12-28 02:23:38,436 [EventQueue-NewNodeForNewNodeHandler] INFO  pipeline.BackgroundPipelineCreator (BackgroundPipelineCreator.java:notifyEventTriggered(279)) - ignore, not leader SCM.
2021-12-28 02:23:38,442 [EventQueue-NodeRegistrationContainerReportForDataNodeSafeModeRule] INFO  safemode.SCMSafeModeManager (DataNodeSafeModeRule.java:process(71)) - SCM in safe mode. 2 DataNodes registered, 3 required.
2021-12-28 02:23:38,443 [IPC Server handler 0 on default port 12509] INFO  net.NetworkTopologyImpl (NetworkTopologyImpl.java:add(112)) - Added a new node: /default-rack/1606c9ac-ae8d-4b60-b668-ad188c7b9b7a
2021-12-28 02:23:38,443 [IPC Server handler 0 on default port 12509] INFO  node.SCMNodeManager (SCMNodeManager.java:register(389)) - Registered Data node : 1606c9ac-ae8d-4b60-b668-ad188c7b9b7a{ip: 127.0.0.1, host: localhost, ports: [REPLICATION=37827, RATIS=44611, RATIS_ADMIN=44611, RATIS_SERVER=44611, STANDALONE=42257], networkLocation: /default-rack, certSerialId: null, persistedOpState: null, persistedOpStateExpiryEpochSec: 0}
2021-12-28 02:23:38,443 [EventQueue-NewNodeForNewNodeHandler] INFO  pipeline.BackgroundPipelineCreator (BackgroundPipelineCreator.java:notifyEventTriggered(285)) - trigger a one-shot run on RatisPipelineUtilsThread.
2021-12-28 02:23:38,452 [EventQueue-NodeRegistrationContainerReportForDataNodeSafeModeRule] INFO  safemode.SCMSafeModeManager (DataNodeSafeModeRule.java:process(71)) - SCM in safe mode. 2 DataNodes registered, 3 required.
2021-12-28 02:23:38,458 [RatisPipelineUtilsThread - 0] INFO  pipeline.RatisPipelineProvider (RatisPipelineProvider.java:lambda$create$0(183)) - Sending CreatePipelineCommand for pipeline:PipelineID=398c00e6-2b17-4931-bbf4-94e367ced92c to datanode:1606c9ac-ae8d-4b60-b668-ad188c7b9b7a
2021-12-28 02:23:38,471 [85b08ac6-0f6d-42de-94fb-508f7dc90a3f@group-956FE40C5CB7-StateMachineUpdater] INFO  pipeline.PipelineStateManagerImpl (PipelineStateManagerImpl.java:addPipeline(101)) - Created pipeline Pipeline[ Id: 398c00e6-2b17-4931-bbf4-94e367ced92c, Nodes: 1606c9ac-ae8d-4b60-b668-ad188c7b9b7a{ip: 127.0.0.1, host: localhost, ports: [REPLICATION=37827, RATIS=44611, RATIS_ADMIN=44611, RATIS_SERVER=44611, STANDALONE=42257], networkLocation: /default-rack, certSerialId: null, persistedOpState: IN_SERVICE, persistedOpStateExpiryEpochSec: 0}, ReplicationConfig: RATIS/ONE, State:ALLOCATED, leaderId:, CreationTimestamp2021-12-28T02:23:38.458Z[Etc/UTC]].
2021-12-28 02:23:38,471 [85b08ac6-0f6d-42de-94fb-508f7dc90a3f@group-956FE40C5CB7-StateMachineUpdater] INFO  safemode.HealthyPipelineSafeModeRule (HealthyPipelineSafeModeRule.java:initializeRule(152)) - Refreshed total pipeline count is 0, healthy pipeline threshold count is 1
2021-12-28 02:23:38,471 [RatisPipelineUtilsThread - 0] INFO  ha.SCMHAInvocationHandler (SCMHAInvocationHandler.java:invokeRatis(113)) - Invoking method public abstract void org.apache.hadoop.hdds.scm.pipeline.PipelineStateManager.addPipeline(org.apache.hadoop.hdds.protocol.proto.HddsProtos$Pipeline) throws java.io.IOException on target org.apache.hadoop.hdds.scm.ha.SCMRatisServerImpl@3131dcab, cost 13096.508us
2021-12-28 02:23:38,481 [efeceff2-b5a5-497a-a96d-e28250e5a95d@group-956FE40C5CB7-StateMachineUpdater] INFO  pipeline.PipelineStateManagerImpl (PipelineStateManagerImpl.java:addPipeline(101)) - Created pipeline Pipeline[ Id: 398c00e6-2b17-4931-bbf4-94e367ced92c, Nodes: 1606c9ac-ae8d-4b60-b668-ad188c7b9b7a{ip: 127.0.0.1, host: localhost, ports: [REPLICATION=37827, RATIS=44611, RATIS_ADMIN=44611, RATIS_SERVER=44611, STANDALONE=42257], networkLocation: /default-rack, certSerialId: null, persistedOpState: IN_SERVICE, persistedOpStateExpiryEpochSec: 0}, ReplicationConfig: RATIS/ONE, State:ALLOCATED, leaderId:, CreationTimestamp2021-12-28T02:23:38.458Z[Etc/UTC]].
2021-12-28 02:23:38,481 [efeceff2-b5a5-497a-a96d-e28250e5a95d@group-956FE40C5CB7-StateMachineUpdater] INFO  safemode.HealthyPipelineSafeModeRule (HealthyPipelineSafeModeRule.java:initializeRule(152)) - Refreshed total pipeline count is 0, healthy pipeline threshold count is 1
2021-12-28 02:23:38,482 [85b08ac6-0f6d-42de-94fb-508f7dc90a3f@group-956FE40C5CB7-StateMachineUpdater] INFO  ha.SCMStateMachine (SCMStateMachine.java:takeSnapshot(297)) - Current Snapshot Index 10, takeSnapshot took 0 ms
2021-12-28 02:23:38,482 [85b08ac6-0f6d-42de-94fb-508f7dc90a3f@group-956FE40C5CB7-StateMachineUpdater] INFO  impl.StateMachineUpdater (StateMachineUpdater.java:takeSnapshot(281)) - 85b08ac6-0f6d-42de-94fb-508f7dc90a3f@group-956FE40C5CB7-StateMachineUpdater: Took a snapshot at index 10
2021-12-28 02:23:38,482 [85b08ac6-0f6d-42de-94fb-508f7dc90a3f@group-956FE40C5CB7-StateMachineUpdater] INFO  impl.StateMachineUpdater (StateMachineUpdater.java:lambda$new$0(89)) - 85b08ac6-0f6d-42de-94fb-508f7dc90a3f@group-956FE40C5CB7-StateMachineUpdater: snapshotIndex: updateIncreasingly 5 -> 10
2021-12-28 02:23:38,483 [85b08ac6-0f6d-42de-94fb-508f7dc90a3f@group-956FE40C5CB7-StateMachineUpdater] INFO  raftlog.RaftLog (RaftLogBase.java:purge(306)) - 85b08ac6-0f6d-42de-94fb-508f7dc90a3f@group-956FE40C5CB7-SegmentedRaftLog: purge 10
2021-12-28 02:23:38,483 [85b08ac6-0f6d-42de-94fb-508f7dc90a3f@group-956FE40C5CB7-StateMachineUpdater] INFO  raftlog.RaftLog (RaftLogBase.java:lambda$new$0(53)) - 85b08ac6-0f6d-42de-94fb-508f7dc90a3f@group-956FE40C5CB7-SegmentedRaftLog: snapshotIndex: updateIncreasingly 5 -> 10
2021-12-28 02:23:38,483 [85b08ac6-0f6d-42de-94fb-508f7dc90a3f@group-956FE40C5CB7-StateMachineUpdater] INFO  raftlog.RaftLog (RaftLogBase.java:lambda$new$0(53)) - 85b08ac6-0f6d-42de-94fb-508f7dc90a3f@group-956FE40C5CB7-SegmentedRaftLog: purgeIndex: updateToMax old=0, new=10, updated? true
2021-12-28 02:23:38,877 [Listener at 127.0.0.1/13852] INFO  ozone.MiniOzoneClusterImpl (MiniOzoneClusterImpl.java:lambda$waitForClusterToBeReady$0(235)) - Waiting for nodes to be ready. Got 2 of 3 DN Heartbeats.
2021-12-28 02:23:38,877 [Listener at 127.0.0.1/13852] INFO  ozone.MiniOzoneClusterImpl (MiniOzoneClusterImpl.java:lambda$waitForClusterToBeReady$0(238)) - Waiting for cluster to exit safe mode
2021-12-28 02:23:38,877 [Listener at 127.0.0.1/13852] INFO  ozone.MiniOzoneClusterImpl (MiniOzoneClusterImpl.java:lambda$waitForClusterToBeReady$0(240)) - SCM became leader
2021-12-28 02:23:38,921 [IPC Server handler 19 on default port 12509] INFO  net.NetworkTopologyImpl (NetworkTopologyImpl.java:add(112)) - Added a new node: /default-rack/d44b9b66-006b-4516-8682-2587942b100c
2021-12-28 02:23:38,921 [IPC Server handler 19 on default port 12509] INFO  node.SCMNodeManager (SCMNodeManager.java:register(389)) - Registered Data node : d44b9b66-006b-4516-8682-2587942b100c{ip: 127.0.0.1, host: localhost, ports: [REPLICATION=43305, RATIS=38031, RATIS_ADMIN=38031, RATIS_SERVER=38031, STANDALONE=41001], networkLocation: /default-rack, certSerialId: null, persistedOpState: null, persistedOpStateExpiryEpochSec: 0}
2021-12-28 02:23:38,922 [EventQueue-NewNodeForNewNodeHandler] INFO  pipeline.BackgroundPipelineCreator (BackgroundPipelineCreator.java:notifyEventTriggered(285)) - trigger a one-shot run on RatisPipelineUtilsThread.
2021-12-28 02:23:38,922 [RatisPipelineUtilsThread - 0] INFO  pipeline.RatisPipelineProvider (RatisPipelineProvider.java:lambda$create$0(183)) - Sending CreatePipelineCommand for pipeline:PipelineID=f9415a4e-565e-41a9-9745-e808bccefbd5 to datanode:d44b9b66-006b-4516-8682-2587942b100c
2021-12-28 02:23:38,924 [EventQueue-NodeRegistrationContainerReportForDataNodeSafeModeRule] INFO  safemode.SCMSafeModeManager (DataNodeSafeModeRule.java:process(71)) - SCM in safe mode. 3 DataNodes registered, 3 required.
2021-12-28 02:23:38,924 [EventQueue-NodeRegistrationContainerReportForDataNodeSafeModeRule] INFO  safemode.SCMSafeModeManager (SCMSafeModeManager.java:validateSafeModeExitRules(204)) - DataNodeSafeModeRule rule is successfully validated
2021-12-28 02:23:38,924 [EventQueue-NodeRegistrationContainerReportForDataNodeSafeModeRule] INFO  safemode.SCMSafeModeManager (SCMSafeModeManager.java:completePreCheck(233)) - All SCM safe mode pre check rules have passed
2021-12-28 02:23:38,924 [EventQueue-NodeRegistrationContainerReportForDataNodeSafeModeRule] WARN  events.EventQueue (EventQueue.java:fireEvent(194)) - No event handler registered for event TypedEvent{payloadType=SafeModeStatus, name='Safe mode status'}
2021-12-28 02:23:38,924 [EventQueue-NodeRegistrationContainerReportForDataNodeSafeModeRule] INFO  ha.SCMContext (SCMContext.java:updateSafeModeStatus(211)) - Update SafeModeStatus from SafeModeStatus{safeModeStatus=true, preCheckPassed=false} to SafeModeStatus{safeModeStatus=true, preCheckPassed=true}.
2021-12-28 02:23:38,924 [EventQueue-NodeRegistrationContainerReportForDataNodeSafeModeRule] INFO  pipeline.BackgroundPipelineCreator (BackgroundPipelineCreator.java:notifyEventTriggered(285)) - trigger a one-shot run on RatisPipelineUtilsThread.
2021-12-28 02:23:38,934 [IPC Server handler 0 on default port 12519] INFO  net.NetworkTopologyImpl (NetworkTopologyImpl.java:add(112)) - Added a new node: /default-rack/d44b9b66-006b-4516-8682-2587942b100c
2021-12-28 02:23:38,934 [IPC Server handler 0 on default port 12519] INFO  node.SCMNodeManager (SCMNodeManager.java:register(389)) - Registered Data node : d44b9b66-006b-4516-8682-2587942b100c{ip: 127.0.0.1, host: localhost, ports: [REPLICATION=43305, RATIS=38031, RATIS_ADMIN=38031, RATIS_SERVER=38031, STANDALONE=41001], networkLocation: /default-rack, certSerialId: null, persistedOpState: null, persistedOpStateExpiryEpochSec: 0}
2021-12-28 02:23:38,936 [EventQueue-NewNodeForNewNodeHandler] INFO  pipeline.BackgroundPipelineCreator (BackgroundPipelineCreator.java:notifyEventTriggered(279)) - ignore, not leader SCM.
2021-12-28 02:23:38,942 [85b08ac6-0f6d-42de-94fb-508f7dc90a3f@group-956FE40C5CB7-StateMachineUpdater] INFO  pipeline.PipelineStateManagerImpl (PipelineStateManagerImpl.java:addPipeline(101)) - Created pipeline Pipeline[ Id: f9415a4e-565e-41a9-9745-e808bccefbd5, Nodes: d44b9b66-006b-4516-8682-2587942b100c{ip: 127.0.0.1, host: localhost, ports: [REPLICATION=43305, RATIS=38031, RATIS_ADMIN=38031, RATIS_SERVER=38031, STANDALONE=41001], networkLocation: /default-rack, certSerialId: null, persistedOpState: IN_SERVICE, persistedOpStateExpiryEpochSec: 0}, ReplicationConfig: RATIS/ONE, State:ALLOCATED, leaderId:, CreationTimestamp2021-12-28T02:23:38.922Z[Etc/UTC]].
2021-12-28 02:23:38,942 [85b08ac6-0f6d-42de-94fb-508f7dc90a3f@group-956FE40C5CB7-StateMachineUpdater] INFO  safemode.HealthyPipelineSafeModeRule (HealthyPipelineSafeModeRule.java:initializeRule(152)) - Refreshed total pipeline count is 0, healthy pipeline threshold count is 1
2021-12-28 02:23:38,942 [RatisPipelineUtilsThread - 0] INFO  ha.SCMHAInvocationHandler (SCMHAInvocationHandler.java:invokeRatis(113)) - Invoking method public abstract void org.apache.hadoop.hdds.scm.pipeline.PipelineStateManager.addPipeline(org.apache.hadoop.hdds.protocol.proto.HddsProtos$Pipeline) throws java.io.IOException on target org.apache.hadoop.hdds.scm.ha.SCMRatisServerImpl@3131dcab, cost 19566.961us
2021-12-28 02:23:38,942 [RatisPipelineUtilsThread - 0] INFO  pipeline.RatisPipelineProvider (RatisPipelineProvider.java:lambda$create$0(183)) - Sending CreatePipelineCommand for pipeline:PipelineID=e6f8f755-bbc8-4421-a05d-d498122a220c to datanode:e6ec2fd3-a0c6-4f81-ae90-f7327ac63566
2021-12-28 02:23:38,942 [RatisPipelineUtilsThread - 0] INFO  pipeline.RatisPipelineProvider (RatisPipelineProvider.java:lambda$create$0(183)) - Sending CreatePipelineCommand for pipeline:PipelineID=e6f8f755-bbc8-4421-a05d-d498122a220c to datanode:1606c9ac-ae8d-4b60-b668-ad188c7b9b7a
2021-12-28 02:23:38,942 [RatisPipelineUtilsThread - 0] INFO  pipeline.RatisPipelineProvider (RatisPipelineProvider.java:lambda$create$0(183)) - Sending CreatePipelineCommand for pipeline:PipelineID=e6f8f755-bbc8-4421-a05d-d498122a220c to datanode:d44b9b66-006b-4516-8682-2587942b100c
2021-12-28 02:23:38,949 [EventQueue-NodeRegistrationContainerReportForDataNodeSafeModeRule] INFO  safemode.SCMSafeModeManager (DataNodeSafeModeRule.java:process(71)) - SCM in safe mode. 3 DataNodes registered, 3 required.
2021-12-28 02:23:38,949 [EventQueue-NodeRegistrationContainerReportForDataNodeSafeModeRule] INFO  safemode.SCMSafeModeManager (SCMSafeModeManager.java:validateSafeModeExitRules(204)) - DataNodeSafeModeRule rule is successfully validated
2021-12-28 02:23:38,949 [EventQueue-NodeRegistrationContainerReportForDataNodeSafeModeRule] INFO  safemode.SCMSafeModeManager (SCMSafeModeManager.java:completePreCheck(233)) - All SCM safe mode pre check rules have passed
2021-12-28 02:23:38,949 [EventQueue-NodeRegistrationContainerReportForDataNodeSafeModeRule] WARN  events.EventQueue (EventQueue.java:fireEvent(194)) - No event handler registered for event TypedEvent{payloadType=SafeModeStatus, name='Safe mode status'}
2021-12-28 02:23:38,949 [EventQueue-NodeRegistrationContainerReportForDataNodeSafeModeRule] INFO  ha.SCMContext (SCMContext.java:updateSafeModeStatus(211)) - Update SafeModeStatus from SafeModeStatus{safeModeStatus=true, preCheckPassed=false} to SafeModeStatus{safeModeStatus=true, preCheckPassed=true}.
2021-12-28 02:23:38,949 [EventQueue-NodeRegistrationContainerReportForDataNodeSafeModeRule] INFO  pipeline.BackgroundPipelineCreator (BackgroundPipelineCreator.java:notifyEventTriggered(279)) - ignore, not leader SCM.
2021-12-28 02:23:38,950 [EndpointStateMachine task thread for /127.0.0.1:13527 - 0 ] INFO  ipc.Client (Client.java:handleConnectionFailure(977)) - Retrying connect to server: localhost/127.0.0.1:13527. Already tried 14 time(s); retry policy is RetryUpToMaximumCountWithFixedSleep(maxRetries=15, sleepTime=1000 MILLISECONDS)
2021-12-28 02:23:38,951 [efeceff2-b5a5-497a-a96d-e28250e5a95d@group-956FE40C5CB7-StateMachineUpdater] INFO  pipeline.PipelineStateManagerImpl (PipelineStateManagerImpl.java:addPipeline(101)) - Created pipeline Pipeline[ Id: f9415a4e-565e-41a9-9745-e808bccefbd5, Nodes: d44b9b66-006b-4516-8682-2587942b100c{ip: 127.0.0.1, host: localhost, ports: [REPLICATION=43305, RATIS=38031, RATIS_ADMIN=38031, RATIS_SERVER=38031, STANDALONE=41001], networkLocation: /default-rack, certSerialId: null, persistedOpState: IN_SERVICE, persistedOpStateExpiryEpochSec: 0}, ReplicationConfig: RATIS/ONE, State:ALLOCATED, leaderId:, CreationTimestamp2021-12-28T02:23:38.922Z[Etc/UTC]].
2021-12-28 02:23:38,951 [efeceff2-b5a5-497a-a96d-e28250e5a95d@group-956FE40C5CB7-StateMachineUpdater] INFO  safemode.HealthyPipelineSafeModeRule (HealthyPipelineSafeModeRule.java:initializeRule(152)) - Refreshed total pipeline count is 0, healthy pipeline threshold count is 1
2021-12-28 02:23:38,952 [EndpointStateMachine task thread for /127.0.0.1:13537 - 0 ] INFO  ipc.Client (Client.java:handleConnectionFailure(977)) - Retrying connect to server: localhost/127.0.0.1:13537. Already tried 14 time(s); retry policy is RetryUpToMaximumCountWithFixedSleep(maxRetries=15, sleepTime=1000 MILLISECONDS)
2021-12-28 02:23:38,960 [85b08ac6-0f6d-42de-94fb-508f7dc90a3f@group-956FE40C5CB7-StateMachineUpdater] INFO  pipeline.PipelineStateManagerImpl (PipelineStateManagerImpl.java:addPipeline(101)) - Created pipeline Pipeline[ Id: e6f8f755-bbc8-4421-a05d-d498122a220c, Nodes: e6ec2fd3-a0c6-4f81-ae90-f7327ac63566{ip: 127.0.0.1, host: localhost, ports: [REPLICATION=36711, RATIS=38023, RATIS_ADMIN=38023, RATIS_SERVER=38023, STANDALONE=42321], networkLocation: /default-rack, certSerialId: null, persistedOpState: IN_SERVICE, persistedOpStateExpiryEpochSec: 0}1606c9ac-ae8d-4b60-b668-ad188c7b9b7a{ip: 127.0.0.1, host: localhost, ports: [REPLICATION=37827, RATIS=44611, RATIS_ADMIN=44611, RATIS_SERVER=44611, STANDALONE=42257], networkLocation: /default-rack, certSerialId: null, persistedOpState: IN_SERVICE, persistedOpStateExpiryEpochSec: 0}d44b9b66-006b-4516-8682-2587942b100c{ip: 127.0.0.1, host: localhost, ports: [REPLICATION=43305, RATIS=38031, RATIS_ADMIN=38031, RATIS_SERVER=38031, STANDALONE=41001], networkLocation: /default-rack, certSerialId: null, persistedOpState: IN_SERVICE, persistedOpStateExpiryEpochSec: 0}, ReplicationConfig: RATIS/THREE, State:ALLOCATED, leaderId:, CreationTimestamp2021-12-28T02:23:38.942Z[Etc/UTC]].
2021-12-28 02:23:38,961 [85b08ac6-0f6d-42de-94fb-508f7dc90a3f@group-956FE40C5CB7-StateMachineUpdater] INFO  safemode.HealthyPipelineSafeModeRule (HealthyPipelineSafeModeRule.java:initializeRule(152)) - Refreshed total pipeline count is 0, healthy pipeline threshold count is 1
2021-12-28 02:23:38,961 [RatisPipelineUtilsThread - 0] INFO  ha.SCMHAInvocationHandler (SCMHAInvocationHandler.java:invokeRatis(113)) - Invoking method public abstract void org.apache.hadoop.hdds.scm.pipeline.PipelineStateManager.addPipeline(org.apache.hadoop.hdds.protocol.proto.HddsProtos$Pipeline) throws java.io.IOException on target org.apache.hadoop.hdds.scm.ha.SCMRatisServerImpl@3131dcab, cost 18214.25us
2021-12-28 02:23:38,961 [RatisPipelineUtilsThread - 0] INFO  pipeline.RatisPipelineProvider (RatisPipelineProvider.java:lambda$create$0(183)) - Sending CreatePipelineCommand for pipeline:PipelineID=8b8acd11-3b83-4fdc-8c9a-780efee5bba3 to datanode:1606c9ac-ae8d-4b60-b668-ad188c7b9b7a
2021-12-28 02:23:38,961 [RatisPipelineUtilsThread - 0] INFO  pipeline.RatisPipelineProvider (RatisPipelineProvider.java:lambda$create$0(183)) - Sending CreatePipelineCommand for pipeline:PipelineID=8b8acd11-3b83-4fdc-8c9a-780efee5bba3 to datanode:d44b9b66-006b-4516-8682-2587942b100c
2021-12-28 02:23:38,962 [RatisPipelineUtilsThread - 0] INFO  pipeline.RatisPipelineProvider (RatisPipelineProvider.java:lambda$create$0(183)) - Sending CreatePipelineCommand for pipeline:PipelineID=8b8acd11-3b83-4fdc-8c9a-780efee5bba3 to datanode:e6ec2fd3-a0c6-4f81-ae90-f7327ac63566
2021-12-28 02:23:38,964 [efeceff2-b5a5-497a-a96d-e28250e5a95d@group-956FE40C5CB7-StateMachineUpdater] INFO  pipeline.PipelineStateManagerImpl (PipelineStateManagerImpl.java:addPipeline(101)) - Created pipeline Pipeline[ Id: e6f8f755-bbc8-4421-a05d-d498122a220c, Nodes: e6ec2fd3-a0c6-4f81-ae90-f7327ac63566{ip: 127.0.0.1, host: localhost, ports: [REPLICATION=36711, RATIS=38023, RATIS_ADMIN=38023, RATIS_SERVER=38023, STANDALONE=42321], networkLocation: /default-rack, certSerialId: null, persistedOpState: IN_SERVICE, persistedOpStateExpiryEpochSec: 0}1606c9ac-ae8d-4b60-b668-ad188c7b9b7a{ip: 127.0.0.1, host: localhost, ports: [REPLICATION=37827, RATIS=44611, RATIS_ADMIN=44611, RATIS_SERVER=44611, STANDALONE=42257], networkLocation: /default-rack, certSerialId: null, persistedOpState: IN_SERVICE, persistedOpStateExpiryEpochSec: 0}d44b9b66-006b-4516-8682-2587942b100c{ip: 127.0.0.1, host: localhost, ports: [REPLICATION=43305, RATIS=38031, RATIS_ADMIN=38031, RATIS_SERVER=38031, STANDALONE=41001], networkLocation: /default-rack, certSerialId: null, persistedOpState: IN_SERVICE, persistedOpStateExpiryEpochSec: 0}, ReplicationConfig: RATIS/THREE, State:ALLOCATED, leaderId:, CreationTimestamp2021-12-28T02:23:38.942Z[Etc/UTC]].
2021-12-28 02:23:38,964 [efeceff2-b5a5-497a-a96d-e28250e5a95d@group-956FE40C5CB7-StateMachineUpdater] INFO  safemode.HealthyPipelineSafeModeRule (HealthyPipelineSafeModeRule.java:initializeRule(152)) - Refreshed total pipeline count is 0, healthy pipeline threshold count is 1
2021-12-28 02:23:38,964 [efeceff2-b5a5-497a-a96d-e28250e5a95d@group-956FE40C5CB7-StateMachineUpdater] INFO  ha.SCMStateMachine (SCMStateMachine.java:takeSnapshot(297)) - Current Snapshot Index 13, takeSnapshot took 0 ms
2021-12-28 02:23:38,964 [efeceff2-b5a5-497a-a96d-e28250e5a95d@group-956FE40C5CB7-StateMachineUpdater] INFO  impl.StateMachineUpdater (StateMachineUpdater.java:takeSnapshot(281)) - efeceff2-b5a5-497a-a96d-e28250e5a95d@group-956FE40C5CB7-StateMachineUpdater: Took a snapshot at index 13
2021-12-28 02:23:38,965 [efeceff2-b5a5-497a-a96d-e28250e5a95d@group-956FE40C5CB7-StateMachineUpdater] INFO  impl.StateMachineUpdater (StateMachineUpdater.java:lambda$new$0(89)) - efeceff2-b5a5-497a-a96d-e28250e5a95d@group-956FE40C5CB7-StateMachineUpdater: snapshotIndex: updateIncreasingly 7 -> 13
2021-12-28 02:23:38,965 [efeceff2-b5a5-497a-a96d-e28250e5a95d@group-956FE40C5CB7-StateMachineUpdater] INFO  raftlog.RaftLog (RaftLogBase.java:purge(306)) - efeceff2-b5a5-497a-a96d-e28250e5a95d@group-956FE40C5CB7-SegmentedRaftLog: purge 13
2021-12-28 02:23:38,965 [efeceff2-b5a5-497a-a96d-e28250e5a95d@group-956FE40C5CB7-StateMachineUpdater] INFO  raftlog.RaftLog (RaftLogBase.java:lambda$new$0(53)) - efeceff2-b5a5-497a-a96d-e28250e5a95d@group-956FE40C5CB7-SegmentedRaftLog: snapshotIndex: updateIncreasingly 7 -> 13
2021-12-28 02:23:38,965 [efeceff2-b5a5-497a-a96d-e28250e5a95d@group-956FE40C5CB7-StateMachineUpdater] INFO  raftlog.RaftLog (RaftLogBase.java:lambda$new$0(53)) - efeceff2-b5a5-497a-a96d-e28250e5a95d@group-956FE40C5CB7-SegmentedRaftLog: purgeIndex: updateToMax old=7, new=13, updated? true
2021-12-28 02:23:38,967 [85b08ac6-0f6d-42de-94fb-508f7dc90a3f@group-956FE40C5CB7-StateMachineUpdater] INFO  pipeline.PipelineStateManagerImpl (PipelineStateManagerImpl.java:addPipeline(101)) - Created pipeline Pipeline[ Id: 8b8acd11-3b83-4fdc-8c9a-780efee5bba3, Nodes: 1606c9ac-ae8d-4b60-b668-ad188c7b9b7a{ip: 127.0.0.1, host: localhost, ports: [REPLICATION=37827, RATIS=44611, RATIS_ADMIN=44611, RATIS_SERVER=44611, STANDALONE=42257], networkLocation: /default-rack, certSerialId: null, persistedOpState: IN_SERVICE, persistedOpStateExpiryEpochSec: 0}d44b9b66-006b-4516-8682-2587942b100c{ip: 127.0.0.1, host: localhost, ports: [REPLICATION=43305, RATIS=38031, RATIS_ADMIN=38031, RATIS_SERVER=38031, STANDALONE=41001], networkLocation: /default-rack, certSerialId: null, persistedOpState: IN_SERVICE, persistedOpStateExpiryEpochSec: 0}e6ec2fd3-a0c6-4f81-ae90-f7327ac63566{ip: 127.0.0.1, host: localhost, ports: [REPLICATION=36711, RATIS=38023, RATIS_ADMIN=38023, RATIS_SERVER=38023, STANDALONE=42321], networkLocation: /default-rack, certSerialId: null, persistedOpState: IN_SERVICE, persistedOpStateExpiryEpochSec: 0}, ReplicationConfig: RATIS/THREE, State:ALLOCATED, leaderId:, CreationTimestamp2021-12-28T02:23:38.961Z[Etc/UTC]].
2021-12-28 02:23:38,967 [85b08ac6-0f6d-42de-94fb-508f7dc90a3f@group-956FE40C5CB7-StateMachineUpdater] INFO  safemode.HealthyPipelineSafeModeRule (HealthyPipelineSafeModeRule.java:initializeRule(152)) - Refreshed total pipeline count is 0, healthy pipeline threshold count is 1
2021-12-28 02:23:38,967 [RatisPipelineUtilsThread - 0] INFO  ha.SCMHAInvocationHandler (SCMHAInvocationHandler.java:invokeRatis(113)) - Invoking method public abstract void org.apache.hadoop.hdds.scm.pipeline.PipelineStateManager.addPipeline(org.apache.hadoop.hdds.protocol.proto.HddsProtos$Pipeline) throws java.io.IOException on target org.apache.hadoop.hdds.scm.ha.SCMRatisServerImpl@3131dcab, cost 5336.844us
2021-12-28 02:23:38,967 [85b08ac6-0f6d-42de-94fb-508f7dc90a3f@group-956FE40C5CB7-StateMachineUpdater] INFO  ha.SCMStateMachine (SCMStateMachine.java:takeSnapshot(297)) - Current Snapshot Index 15, takeSnapshot took 0 ms
2021-12-28 02:23:38,967 [85b08ac6-0f6d-42de-94fb-508f7dc90a3f@group-956FE40C5CB7-StateMachineUpdater] INFO  impl.StateMachineUpdater (StateMachineUpdater.java:takeSnapshot(281)) - 85b08ac6-0f6d-42de-94fb-508f7dc90a3f@group-956FE40C5CB7-StateMachineUpdater: Took a snapshot at index 15
2021-12-28 02:23:38,967 [RatisPipelineUtilsThread - 0] INFO  pipeline.PipelineManagerImpl (PipelineManagerImpl.java:recordMetricsForPipeline(639)) - Pipeline: PipelineID=8b8acd11-3b83-4fdc-8c9a-780efee5bba3 contains same datanodes as previous pipelines: PipelineID=e6f8f755-bbc8-4421-a05d-d498122a220c nodeIds: 1606c9ac-ae8d-4b60-b668-ad188c7b9b7a, d44b9b66-006b-4516-8682-2587942b100c, e6ec2fd3-a0c6-4f81-ae90-f7327ac63566
2021-12-28 02:23:38,967 [85b08ac6-0f6d-42de-94fb-508f7dc90a3f@group-956FE40C5CB7-StateMachineUpdater] INFO  impl.StateMachineUpdater (StateMachineUpdater.java:lambda$new$0(89)) - 85b08ac6-0f6d-42de-94fb-508f7dc90a3f@group-956FE40C5CB7-StateMachineUpdater: snapshotIndex: updateIncreasingly 10 -> 15
2021-12-28 02:23:38,967 [85b08ac6-0f6d-42de-94fb-508f7dc90a3f@group-956FE40C5CB7-StateMachineUpdater] INFO  raftlog.RaftLog (RaftLogBase.java:purge(306)) - 85b08ac6-0f6d-42de-94fb-508f7dc90a3f@group-956FE40C5CB7-SegmentedRaftLog: purge 15
2021-12-28 02:23:38,967 [85b08ac6-0f6d-42de-94fb-508f7dc90a3f@group-956FE40C5CB7-StateMachineUpdater] INFO  raftlog.RaftLog (RaftLogBase.java:lambda$new$0(53)) - 85b08ac6-0f6d-42de-94fb-508f7dc90a3f@group-956FE40C5CB7-SegmentedRaftLog: snapshotIndex: updateIncreasingly 10 -> 15
2021-12-28 02:23:38,967 [85b08ac6-0f6d-42de-94fb-508f7dc90a3f@group-956FE40C5CB7-StateMachineUpdater] INFO  raftlog.RaftLog (RaftLogBase.java:lambda$new$0(53)) - 85b08ac6-0f6d-42de-94fb-508f7dc90a3f@group-956FE40C5CB7-SegmentedRaftLog: purgeIndex: updateToMax old=10, new=15, updated? true
2021-12-28 02:23:38,978 [EndpointStateMachine task thread for /127.0.0.1:13517 - 0 ] INFO  ipc.Client (Client.java:handleConnectionFailure(977)) - Retrying connect to server: localhost/127.0.0.1:13517. Already tried 14 time(s); retry policy is RetryUpToMaximumCountWithFixedSleep(maxRetries=15, sleepTime=1000 MILLISECONDS)
2021-12-28 02:23:38,993 [efeceff2-b5a5-497a-a96d-e28250e5a95d@group-956FE40C5CB7-StateMachineUpdater] INFO  pipeline.PipelineStateManagerImpl (PipelineStateManagerImpl.java:addPipeline(101)) - Created pipeline Pipeline[ Id: 8b8acd11-3b83-4fdc-8c9a-780efee5bba3, Nodes: 1606c9ac-ae8d-4b60-b668-ad188c7b9b7a{ip: 127.0.0.1, host: localhost, ports: [REPLICATION=37827, RATIS=44611, RATIS_ADMIN=44611, RATIS_SERVER=44611, STANDALONE=42257], networkLocation: /default-rack, certSerialId: null, persistedOpState: IN_SERVICE, persistedOpStateExpiryEpochSec: 0}d44b9b66-006b-4516-8682-2587942b100c{ip: 127.0.0.1, host: localhost, ports: [REPLICATION=43305, RATIS=38031, RATIS_ADMIN=38031, RATIS_SERVER=38031, STANDALONE=41001], networkLocation: /default-rack, certSerialId: null, persistedOpState: IN_SERVICE, persistedOpStateExpiryEpochSec: 0}e6ec2fd3-a0c6-4f81-ae90-f7327ac63566{ip: 127.0.0.1, host: localhost, ports: [REPLICATION=36711, RATIS=38023, RATIS_ADMIN=38023, RATIS_SERVER=38023, STANDALONE=42321], networkLocation: /default-rack, certSerialId: null, persistedOpState: IN_SERVICE, persistedOpStateExpiryEpochSec: 0}, ReplicationConfig: RATIS/THREE, State:ALLOCATED, leaderId:, CreationTimestamp2021-12-28T02:23:38.961Z[Etc/UTC]].
2021-12-28 02:23:38,994 [efeceff2-b5a5-497a-a96d-e28250e5a95d@group-956FE40C5CB7-StateMachineUpdater] INFO  safemode.HealthyPipelineSafeModeRule (HealthyPipelineSafeModeRule.java:initializeRule(152)) - Refreshed total pipeline count is 0, healthy pipeline threshold count is 1
2021-12-28 02:23:39,878 [Listener at 127.0.0.1/13852] INFO  ozone.MiniOzoneClusterImpl (MiniOzoneClusterImpl.java:lambda$waitForClusterToBeReady$0(235)) - Nodes are ready. Got 3 of 3 DN Heartbeats.
2021-12-28 02:23:39,878 [Listener at 127.0.0.1/13852] INFO  ozone.MiniOzoneClusterImpl (MiniOzoneClusterImpl.java:lambda$waitForClusterToBeReady$0(238)) - Waiting for cluster to exit safe mode
2021-12-28 02:23:39,878 [Listener at 127.0.0.1/13852] INFO  ozone.MiniOzoneClusterImpl (MiniOzoneClusterImpl.java:lambda$waitForClusterToBeReady$0(240)) - SCM became leader
2021-12-28 02:23:39,968 [EndpointStateMachine task thread for /127.0.0.1:13527 - 0 ] INFO  ipc.Client (Client.java:handleConnectionFailure(977)) - Retrying connect to server: localhost/127.0.0.1:13527. Already tried 0 time(s); retry policy is RetryUpToMaximumCountWithFixedSleep(maxRetries=15, sleepTime=1000 MILLISECONDS)
2021-12-28 02:23:39,968 [EndpointStateMachine task thread for /127.0.0.1:13537 - 0 ] INFO  ipc.Client (Client.java:handleConnectionFailure(977)) - Retrying connect to server: localhost/127.0.0.1:13537. Already tried 0 time(s); retry policy is RetryUpToMaximumCountWithFixedSleep(maxRetries=15, sleepTime=1000 MILLISECONDS)
2021-12-28 02:23:39,979 [EndpointStateMachine task thread for /127.0.0.1:13517 - 0 ] INFO  ipc.Client (Client.java:handleConnectionFailure(977)) - Retrying connect to server: localhost/127.0.0.1:13517. Already tried 0 time(s); retry policy is RetryUpToMaximumCountWithFixedSleep(maxRetries=15, sleepTime=1000 MILLISECONDS)
2021-12-28 02:23:40,431 [Datanode State Machine Daemon Thread] ERROR datanode.RunningDatanodeState (RunningDatanodeState.java:computeNextContainerState(199)) - Error in executing end point task.
java.util.concurrent.ExecutionException: java.util.concurrent.TimeoutException
	at java.util.concurrent.FutureTask.report(FutureTask.java:122)
	at java.util.concurrent.FutureTask.get(FutureTask.java:192)
	at org.apache.hadoop.ozone.container.common.states.datanode.RunningDatanodeState.computeNextContainerState(RunningDatanodeState.java:191)
	at org.apache.hadoop.ozone.container.common.states.datanode.RunningDatanodeState.await(RunningDatanodeState.java:231)
	at org.apache.hadoop.ozone.container.common.states.datanode.RunningDatanodeState.await(RunningDatanodeState.java:50)
	at org.apache.hadoop.ozone.container.common.statemachine.StateContext.execute(StateContext.java:633)
	at org.apache.hadoop.ozone.container.common.statemachine.DatanodeStateMachine.start(DatanodeStateMachine.java:280)
	at org.apache.hadoop.ozone.container.common.statemachine.DatanodeStateMachine.lambda$startDaemon$0(DatanodeStateMachine.java:468)
	at java.lang.Thread.run(Thread.java:748)
Caused by: java.util.concurrent.TimeoutException
	at java.util.concurrent.FutureTask.get(FutureTask.java:205)
	at org.apache.hadoop.ozone.container.common.states.datanode.RunningDatanodeState.lambda$execute$0(RunningDatanodeState.java:149)
	at java.util.concurrent.FutureTask.run(FutureTask.java:266)
	at java.util.concurrent.Executors$RunnableAdapter.call(Executors.java:511)
	at java.util.concurrent.FutureTask.run(FutureTask.java:266)
	at java.util.concurrent.ThreadPoolExecutor.runWorker(ThreadPoolExecutor.java:1149)
	at java.util.concurrent.ThreadPoolExecutor$Worker.run(ThreadPoolExecutor.java:624)
	... 1 more
2021-12-28 02:23:40,878 [Listener at 127.0.0.1/13852] INFO  ozone.MiniOzoneClusterImpl (MiniOzoneClusterImpl.java:lambda$waitForClusterToBeReady$0(235)) - Nodes are ready. Got 3 of 3 DN Heartbeats.
2021-12-28 02:23:40,879 [Listener at 127.0.0.1/13852] INFO  ozone.MiniOzoneClusterImpl (MiniOzoneClusterImpl.java:lambda$waitForClusterToBeReady$0(238)) - Waiting for cluster to exit safe mode
2021-12-28 02:23:40,879 [Listener at 127.0.0.1/13852] INFO  ozone.MiniOzoneClusterImpl (MiniOzoneClusterImpl.java:lambda$waitForClusterToBeReady$0(240)) - SCM became leader
2021-12-28 02:23:40,909 [Datanode State Machine Daemon Thread] ERROR datanode.RunningDatanodeState (RunningDatanodeState.java:computeNextContainerState(199)) - Error in executing end point task.
java.util.concurrent.ExecutionException: java.util.concurrent.TimeoutException
	at java.util.concurrent.FutureTask.report(FutureTask.java:122)
	at java.util.concurrent.FutureTask.get(FutureTask.java:192)
	at org.apache.hadoop.ozone.container.common.states.datanode.RunningDatanodeState.computeNextContainerState(RunningDatanodeState.java:191)
	at org.apache.hadoop.ozone.container.common.states.datanode.RunningDatanodeState.await(RunningDatanodeState.java:231)
	at org.apache.hadoop.ozone.container.common.states.datanode.RunningDatanodeState.await(RunningDatanodeState.java:50)
	at org.apache.hadoop.ozone.container.common.statemachine.StateContext.execute(StateContext.java:633)
	at org.apache.hadoop.ozone.container.common.statemachine.DatanodeStateMachine.start(DatanodeStateMachine.java:280)
	at org.apache.hadoop.ozone.container.common.statemachine.DatanodeStateMachine.lambda$startDaemon$0(DatanodeStateMachine.java:468)
	at java.lang.Thread.run(Thread.java:748)
Caused by: java.util.concurrent.TimeoutException
	at java.util.concurrent.FutureTask.get(FutureTask.java:205)
	at org.apache.hadoop.ozone.container.common.states.datanode.RunningDatanodeState.lambda$execute$0(RunningDatanodeState.java:149)
	at java.util.concurrent.FutureTask.run(FutureTask.java:266)
	at java.util.concurrent.Executors$RunnableAdapter.call(Executors.java:511)
	at java.util.concurrent.FutureTask.run(FutureTask.java:266)
	at java.util.concurrent.ThreadPoolExecutor.runWorker(ThreadPoolExecutor.java:1149)
	at java.util.concurrent.ThreadPoolExecutor$Worker.run(ThreadPoolExecutor.java:624)
	... 1 more
2021-12-28 02:23:40,916 [Command processor thread] INFO  server.RaftServer (RaftServerProxy.java:addNew(95)) - e6ec2fd3-a0c6-4f81-ae90-f7327ac63566: addNew group-6789B4CA4529:[e6ec2fd3-a0c6-4f81-ae90-f7327ac63566|rpc:127.0.0.1:38023|priority:1] returns group-6789B4CA4529:java.util.concurrent.CompletableFuture@579ecbb2[Not completed]
2021-12-28 02:23:40,930 [pool-301-thread-1] INFO  server.RaftServer$Division (RaftServerImpl.java:<init>(184)) - e6ec2fd3-a0c6-4f81-ae90-f7327ac63566: new RaftServerImpl for group-6789B4CA4529:[e6ec2fd3-a0c6-4f81-ae90-f7327ac63566|rpc:127.0.0.1:38023|priority:1] with ContainerStateMachine:uninitialized
2021-12-28 02:23:40,930 [pool-301-thread-1] INFO  server.RaftServerConfigKeys (ConfUtils.java:logGet(44)) - raft.server.rpc.timeout.min = 5s (custom)
2021-12-28 02:23:40,930 [pool-301-thread-1] INFO  server.RaftServerConfigKeys (ConfUtils.java:logGet(44)) - raft.server.rpc.timeout.max = 5200ms (custom)
2021-12-28 02:23:40,930 [pool-301-thread-1] INFO  server.RaftServerConfigKeys (ConfUtils.java:logGet(44)) - raft.server.rpc.sleep.time = 25ms (default)
2021-12-28 02:23:40,930 [pool-301-thread-1] INFO  server.RaftServerConfigKeys (ConfUtils.java:logGet(44)) - raft.server.rpc.slowness.timeout = 300s (custom)
2021-12-28 02:23:40,930 [pool-301-thread-1] INFO  server.RaftServerConfigKeys (ConfUtils.java:logGet(44)) - raft.server.leaderelection.leader.step-down.wait-time = 10s (default)
2021-12-28 02:23:40,930 [pool-301-thread-1] INFO  server.RaftServerConfigKeys (ConfUtils.java:logGet(44)) - raft.server.sleep.deviation.threshold = 300ms (default)
2021-12-28 02:23:40,930 [pool-301-thread-1] INFO  server.RaftServerConfigKeys (ConfUtils.java:logGet(44)) - raft.server.log.appender.install.snapshot.enabled = false (custom)
2021-12-28 02:23:40,931 [pool-301-thread-1] INFO  server.RaftServer$Division (ServerState.java:<init>(105)) - e6ec2fd3-a0c6-4f81-ae90-f7327ac63566@group-6789B4CA4529: ConfigurationManager, init=-1: [e6ec2fd3-a0c6-4f81-ae90-f7327ac63566|rpc:127.0.0.1:38023|priority:1], old=null, confs=<EMPTY_MAP>
2021-12-28 02:23:40,931 [pool-301-thread-1] INFO  server.RaftServerConfigKeys (ConfUtils.java:logGet(44)) - raft.server.storage.dir = [/home/runner/work/ozone/ozone/hadoop-ozone/integration-test/target/test-dir/MiniOzoneClusterImpl-b5c7e046-d456-4649-9d8a-956fe40c5cb7/datanode-0/data/ratis] (custom)
2021-12-28 02:23:40,931 [pool-301-thread-1] INFO  server.RaftServerConfigKeys (ConfUtils.java:logGet(44)) - raft.server.log.corruption.policy = EXCEPTION (default)
2021-12-28 02:23:40,931 [pool-301-thread-1] INFO  server.RaftServerConfigKeys (ConfUtils.java:logGet(44)) - raft.server.storage.free-space.min = 0MB (=0) (default)
2021-12-28 02:23:40,931 [pool-301-thread-1] INFO  storage.RaftStorageDirectory (RaftStorageDirectoryImpl.java:analyzeStorage(135)) - The storage directory /home/runner/work/ozone/ozone/hadoop-ozone/integration-test/target/test-dir/MiniOzoneClusterImpl-b5c7e046-d456-4649-9d8a-956fe40c5cb7/datanode-0/data/ratis/3be6d057-b009-4245-a5ea-6789b4ca4529 does not exist. Creating ...
2021-12-28 02:23:40,938 [pool-301-thread-1] INFO  storage.RaftStorageDirectory (RaftStorageDirectoryImpl.java:tryLock(230)) - Lock on /home/runner/work/ozone/ozone/hadoop-ozone/integration-test/target/test-dir/MiniOzoneClusterImpl-b5c7e046-d456-4649-9d8a-956fe40c5cb7/datanode-0/data/ratis/3be6d057-b009-4245-a5ea-6789b4ca4529/in_use.lock acquired by nodename 8510@fv-az184-560
2021-12-28 02:23:40,941 [pool-301-thread-1] INFO  storage.RaftStorage (RaftStorageImpl.java:format(89)) - Storage directory /home/runner/work/ozone/ozone/hadoop-ozone/integration-test/target/test-dir/MiniOzoneClusterImpl-b5c7e046-d456-4649-9d8a-956fe40c5cb7/datanode-0/data/ratis/3be6d057-b009-4245-a5ea-6789b4ca4529 has been successfully formatted.
2021-12-28 02:23:40,943 [EventQueue-PipelineReportForPipelineReportHandler] INFO  pipeline.PipelineManagerImpl (PipelineManagerImpl.java:openPipeline(291)) - Pipeline Pipeline[ Id: 3be6d057-b009-4245-a5ea-6789b4ca4529, Nodes: e6ec2fd3-a0c6-4f81-ae90-f7327ac63566{ip: 127.0.0.1, host: localhost, ports: [REPLICATION=36711, RATIS=38023, RATIS_ADMIN=38023, RATIS_SERVER=38023, STANDALONE=42321], networkLocation: /default-rack, certSerialId: null, persistedOpState: IN_SERVICE, persistedOpStateExpiryEpochSec: 0}, ReplicationConfig: RATIS/ONE, State:ALLOCATED, leaderId:e6ec2fd3-a0c6-4f81-ae90-f7327ac63566, CreationTimestamp2021-12-28T02:23:37.923Z[Etc/UTC]] moved to OPEN state
2021-12-28 02:23:40,946 [pool-301-thread-1] INFO  ratis.ContainerStateMachine (ContainerStateMachine.java:loadSnapshot(231)) - group-6789B4CA4529: The snapshot info is null. Setting the last applied indexto:(t:0, i:~)
2021-12-28 02:23:40,948 [pool-301-thread-1] INFO  server.RaftServerConfigKeys (ConfUtils.java:logGet(44)) - raft.server.notification.no-leader.timeout = 300s (custom)
2021-12-28 02:23:40,948 [pool-301-thread-1] INFO  server.RaftServerConfigKeys (ConfUtils.java:logGet(44)) - raft.server.log.use.memory = false (default)
2021-12-28 02:23:40,948 [pool-301-thread-1] INFO  server.RaftServerConfigKeys (ConfUtils.java:logGet(44)) - raft.server.log.purge.gap = 1000000 (custom)
2021-12-28 02:23:40,948 [pool-301-thread-1] INFO  server.RaftServerConfigKeys (ConfUtils.java:logGet(44)) - raft.server.log.appender.buffer.byte-limit = 33554432 (custom)
2021-12-28 02:23:40,949 [pool-301-thread-1] INFO  server.RaftServerConfigKeys (ConfUtils.java:logGet(44)) - raft.server.log.segment.size.max = 1048576 (custom)
2021-12-28 02:23:40,949 [pool-301-thread-1] INFO  server.RaftServerConfigKeys (ConfUtils.java:logGet(44)) - raft.server.log.segment.cache.num.max = 2 (custom)
2021-12-28 02:23:40,949 [pool-301-thread-1] INFO  server.RaftServerConfigKeys (ConfUtils.java:logGet(44)) - raft.server.log.segment.cache.size.max = 200MB (=209715200) (default)
2021-12-28 02:23:40,949 [pool-301-thread-1] INFO  segmented.SegmentedRaftLogWorker (SegmentedRaftLogWorker.java:<init>(182)) - new e6ec2fd3-a0c6-4f81-ae90-f7327ac63566@group-6789B4CA4529-SegmentedRaftLogWorker for RaftStorageImpl:Storage Directory /home/runner/work/ozone/ozone/hadoop-ozone/integration-test/target/test-dir/MiniOzoneClusterImpl-b5c7e046-d456-4649-9d8a-956fe40c5cb7/datanode-0/data/ratis/3be6d057-b009-4245-a5ea-6789b4ca4529
2021-12-28 02:23:40,949 [pool-301-thread-1] INFO  server.RaftServerConfigKeys (ConfUtils.java:logGet(44)) - raft.server.log.queue.byte-limit = 2147483647 (custom)
2021-12-28 02:23:40,949 [pool-301-thread-1] INFO  server.RaftServerConfigKeys (ConfUtils.java:logGet(44)) - raft.server.log.queue.element-limit = 1024 (custom)
2021-12-28 02:23:40,949 [pool-301-thread-1] INFO  server.RaftServerConfigKeys (ConfUtils.java:logGet(44)) - raft.server.log.segment.size.max = 1048576 (custom)
2021-12-28 02:23:40,949 [pool-301-thread-1] INFO  server.RaftServerConfigKeys (ConfUtils.java:logGet(44)) - raft.server.log.preallocated.size = 16384 (custom)
2021-12-28 02:23:40,950 [pool-301-thread-1] INFO  server.RaftServerConfigKeys (ConfUtils.java:logGet(44)) - raft.server.log.force.sync.num = 128 (default)
2021-12-28 02:23:40,950 [pool-301-thread-1] INFO  server.RaftServerConfigKeys (ConfUtils.java:logGet(44)) - raft.server.log.statemachine.data.sync = true (default)
2021-12-28 02:23:40,950 [pool-301-thread-1] INFO  server.RaftServerConfigKeys (ConfUtils.java:logGet(44)) - raft.server.log.statemachine.data.sync.timeout = 10s (default)
2021-12-28 02:23:40,950 [pool-301-thread-1] INFO  server.RaftServerConfigKeys (ConfUtils.java:logGet(44)) - raft.server.log.statemachine.data.sync.timeout.retry = -1 (default)
2021-12-28 02:23:40,950 [EndpointStateMachine task thread for /127.0.0.1:12529 - 0 ] WARN  statemachine.EndpointStateMachine (EndpointStateMachine.java:logIfNeeded(236)) - Unable to communicate to SCM server at localhost:12529 for past 0 seconds.
java.net.SocketTimeoutException: Call From fv-az184-560/10.1.0.14 to localhost:12529 failed on socket timeout exception: java.net.SocketTimeoutException: 5000 millis timeout while waiting for channel to be ready for read. ch : java.nio.channels.SocketChannel[connected local=/127.0.0.1:33058 remote=/127.0.0.1:12529]; For more details see:  http://wiki.apache.org/hadoop/SocketTimeout
	at sun.reflect.GeneratedConstructorAccessor33.newInstance(Unknown Source)
	at sun.reflect.DelegatingConstructorAccessorImpl.newInstance(DelegatingConstructorAccessorImpl.java:45)
	at java.lang.reflect.Constructor.newInstance(Constructor.java:423)
	at org.apache.hadoop.net.NetUtils.wrapWithMessage(NetUtils.java:913)
	at org.apache.hadoop.net.NetUtils.wrapException(NetUtils.java:848)
	at org.apache.hadoop.ipc.Client.getRpcResponse(Client.java:1577)
	at org.apache.hadoop.ipc.Client.call(Client.java:1519)
	at org.apache.hadoop.ipc.Client.call(Client.java:1416)
	at org.apache.hadoop.ipc.ProtobufRpcEngine$Invoker.invoke(ProtobufRpcEngine.java:236)
	at org.apache.hadoop.ipc.ProtobufRpcEngine$Invoker.invoke(ProtobufRpcEngine.java:123)
	at com.sun.proxy.$Proxy48.submitRequest(Unknown Source)
	at org.apache.hadoop.ozone.protocolPB.StorageContainerDatanodeProtocolClientSideTranslatorPB.submitRequest(StorageContainerDatanodeProtocolClientSideTranslatorPB.java:117)
	at org.apache.hadoop.ozone.protocolPB.StorageContainerDatanodeProtocolClientSideTranslatorPB.getVersion(StorageContainerDatanodeProtocolClientSideTranslatorPB.java:133)
	at org.apache.hadoop.ozone.container.common.states.endpoint.VersionEndpointTask.call(VersionEndpointTask.java:71)
	at org.apache.hadoop.ozone.container.common.states.endpoint.VersionEndpointTask.call(VersionEndpointTask.java:42)
	at java.util.concurrent.FutureTask.run(FutureTask.java:266)
	at java.util.concurrent.ThreadPoolExecutor.runWorker(ThreadPoolExecutor.java:1149)
	at java.util.concurrent.ThreadPoolExecutor$Worker.run(ThreadPoolExecutor.java:624)
	at java.lang.Thread.run(Thread.java:748)
Caused by: java.net.SocketTimeoutException: 5000 millis timeout while waiting for channel to be ready for read. ch : java.nio.channels.SocketChannel[connected local=/127.0.0.1:33058 remote=/127.0.0.1:12529]
	at org.apache.hadoop.net.SocketIOWithTimeout.doIO(SocketIOWithTimeout.java:164)
	at org.apache.hadoop.net.SocketInputStream.read(SocketInputStream.java:161)
	at org.apache.hadoop.net.SocketInputStream.read(SocketInputStream.java:131)
	at java.io.FilterInputStream.read(FilterInputStream.java:133)
	at java.io.BufferedInputStream.fill(BufferedInputStream.java:246)
	at java.io.BufferedInputStream.read(BufferedInputStream.java:265)
	at java.io.FilterInputStream.read(FilterInputStream.java:83)
	at java.io.FilterInputStream.read(FilterInputStream.java:83)
	at org.apache.hadoop.ipc.Client$Connection$PingInputStream.read(Client.java:563)
	at java.io.DataInputStream.readInt(DataInputStream.java:387)
	at org.apache.hadoop.ipc.Client$IpcStreams.readResponse(Client.java:1892)
	at org.apache.hadoop.ipc.Client$Connection.receiveRpcResponse(Client.java:1202)
	at org.apache.hadoop.ipc.Client$Connection.run(Client.java:1098)
2021-12-28 02:23:40,982 [EventQueue-PipelineReportForPipelineReportHandler] INFO  ha.SCMHAInvocationHandler (SCMHAInvocationHandler.java:invokeRatis(113)) - Invoking method public abstract void org.apache.hadoop.hdds.scm.pipeline.PipelineStateManager.updatePipelineState(org.apache.hadoop.hdds.protocol.proto.HddsProtos$PipelineID,org.apache.hadoop.hdds.protocol.proto.HddsProtos$PipelineState) throws java.io.IOException on target org.apache.hadoop.hdds.scm.ha.SCMRatisServerImpl@6103a56a, cost 38867.519us
2021-12-28 02:23:40,979 [EndpointStateMachine task thread for /127.0.0.1:13517 - 0 ] INFO  ipc.Client (Client.java:handleConnectionFailure(977)) - Retrying connect to server: localhost/127.0.0.1:13517. Already tried 1 time(s); retry policy is RetryUpToMaximumCountWithFixedSleep(maxRetries=15, sleepTime=1000 MILLISECONDS)
2021-12-28 02:23:40,978 [EndpointStateMachine task thread for /127.0.0.1:13527 - 0 ] INFO  ipc.Client (Client.java:handleConnectionFailure(977)) - Retrying connect to server: localhost/127.0.0.1:13527. Already tried 1 time(s); retry policy is RetryUpToMaximumCountWithFixedSleep(maxRetries=15, sleepTime=1000 MILLISECONDS)
2021-12-28 02:23:40,978 [EndpointStateMachine task thread for /127.0.0.1:13537 - 0 ] INFO  ipc.Client (Client.java:handleConnectionFailure(977)) - Retrying connect to server: localhost/127.0.0.1:13537. Already tried 1 time(s); retry policy is RetryUpToMaximumCountWithFixedSleep(maxRetries=15, sleepTime=1000 MILLISECONDS)
2021-12-28 02:23:40,952 [EventQueue-PipelineReportForPipelineReportHandler] INFO  pipeline.PipelineManagerImpl (PipelineManagerImpl.java:openPipeline(291)) - Pipeline Pipeline[ Id: 3be6d057-b009-4245-a5ea-6789b4ca4529, Nodes: e6ec2fd3-a0c6-4f81-ae90-f7327ac63566{ip: 127.0.0.1, host: localhost, ports: [REPLICATION=36711, RATIS=38023, RATIS_ADMIN=38023, RATIS_SERVER=38023, STANDALONE=42321], networkLocation: /default-rack, certSerialId: null, persistedOpState: IN_SERVICE, persistedOpStateExpiryEpochSec: 0}, ReplicationConfig: RATIS/ONE, State:ALLOCATED, leaderId:e6ec2fd3-a0c6-4f81-ae90-f7327ac63566, CreationTimestamp2021-12-28T02:23:37.923Z[Etc/UTC]] moved to OPEN state
2021-12-28 02:23:40,951 [pool-301-thread-1] INFO  server.RaftServerConfigKeys (ConfUtils.java:logGet(44)) - raft.server.log.write.buffer.size = 1048576 (custom)
2021-12-28 02:23:40,951 [EndpointStateMachine task thread for /127.0.0.1:12529 - 0 ] WARN  statemachine.EndpointStateMachine (EndpointStateMachine.java:logIfNeeded(236)) - Unable to communicate to SCM server at 127.0.0.1:12529 for past 0 seconds.
java.net.SocketTimeoutException: Call From fv-az184-560/10.1.0.14 to localhost:12529 failed on socket timeout exception: java.net.SocketTimeoutException: 5000 millis timeout while waiting for channel to be ready for read. ch : java.nio.channels.SocketChannel[connected local=/127.0.0.1:33058 remote=/127.0.0.1:12529]; For more details see:  http://wiki.apache.org/hadoop/SocketTimeout
	at sun.reflect.GeneratedConstructorAccessor33.newInstance(Unknown Source)
	at sun.reflect.DelegatingConstructorAccessorImpl.newInstance(DelegatingConstructorAccessorImpl.java:45)
	at java.lang.reflect.Constructor.newInstance(Constructor.java:423)
	at org.apache.hadoop.net.NetUtils.wrapWithMessage(NetUtils.java:913)
	at org.apache.hadoop.net.NetUtils.wrapException(NetUtils.java:848)
	at org.apache.hadoop.ipc.Client.getRpcResponse(Client.java:1577)
	at org.apache.hadoop.ipc.Client.call(Client.java:1519)
	at org.apache.hadoop.ipc.Client.call(Client.java:1416)
	at org.apache.hadoop.ipc.ProtobufRpcEngine$Invoker.invoke(ProtobufRpcEngine.java:236)
	at org.apache.hadoop.ipc.ProtobufRpcEngine$Invoker.invoke(ProtobufRpcEngine.java:123)
	at com.sun.proxy.$Proxy48.submitRequest(Unknown Source)
	at org.apache.hadoop.ozone.protocolPB.StorageContainerDatanodeProtocolClientSideTranslatorPB.submitRequest(StorageContainerDatanodeProtocolClientSideTranslatorPB.java:117)
	at org.apache.hadoop.ozone.protocolPB.StorageContainerDatanodeProtocolClientSideTranslatorPB.getVersion(StorageContainerDatanodeProtocolClientSideTranslatorPB.java:133)
	at org.apache.hadoop.ozone.container.common.states.endpoint.VersionEndpointTask.call(VersionEndpointTask.java:71)
	at org.apache.hadoop.ozone.container.common.states.endpoint.VersionEndpointTask.call(VersionEndpointTask.java:42)
	at java.util.concurrent.FutureTask.run(FutureTask.java:266)
	at java.util.concurrent.ThreadPoolExecutor.runWorker(ThreadPoolExecutor.java:1149)
	at java.util.concurrent.ThreadPoolExecutor$Worker.run(ThreadPoolExecutor.java:624)
	at java.lang.Thread.run(Thread.java:748)
Caused by: java.net.SocketTimeoutException: 5000 millis timeout while waiting for channel to be ready for read. ch : java.nio.channels.SocketChannel[connected local=/127.0.0.1:33058 remote=/127.0.0.1:12529]
	at org.apache.hadoop.net.SocketIOWithTimeout.doIO(SocketIOWithTimeout.java:164)
	at org.apache.hadoop.net.SocketInputStream.read(SocketInputStream.java:161)
	at org.apache.hadoop.net.SocketInputStream.read(SocketInputStream.java:131)
	at java.io.FilterInputStream.read(FilterInputStream.java:133)
	at java.io.BufferedInputStream.fill(BufferedInputStream.java:246)
	at java.io.BufferedInputStream.read(BufferedInputStream.java:265)
	at java.io.FilterInputStream.read(FilterInputStream.java:83)
	at java.io.FilterInputStream.read(FilterInputStream.java:83)
	at org.apache.hadoop.ipc.Client$Connection$PingInputStream.read(Client.java:563)
	at java.io.DataInputStream.readInt(DataInputStream.java:387)
	at org.apache.hadoop.ipc.Client$IpcStreams.readResponse(Client.java:1892)
	at org.apache.hadoop.ipc.Client$Connection.receiveRpcResponse(Client.java:1202)
	at org.apache.hadoop.ipc.Client$Connection.run(Client.java:1098)
2021-12-28 02:23:40,950 [EndpointStateMachine task thread for /127.0.0.1:12529 - 0 ] WARN  statemachine.EndpointStateMachine (EndpointStateMachine.java:logIfNeeded(236)) - Unable to communicate to SCM server at 127.0.0.1:12529 for past 0 seconds.
java.net.SocketTimeoutException: Call From fv-az184-560/10.1.0.14 to localhost:12529 failed on socket timeout exception: java.net.SocketTimeoutException: 5000 millis timeout while waiting for channel to be ready for read. ch : java.nio.channels.SocketChannel[connected local=/127.0.0.1:33058 remote=/127.0.0.1:12529]; For more details see:  http://wiki.apache.org/hadoop/SocketTimeout
	at sun.reflect.GeneratedConstructorAccessor33.newInstance(Unknown Source)
	at sun.reflect.DelegatingConstructorAccessorImpl.newInstance(DelegatingConstructorAccessorImpl.java:45)
	at java.lang.reflect.Constructor.newInstance(Constructor.java:423)
	at org.apache.hadoop.net.NetUtils.wrapWithMessage(NetUtils.java:913)
	at org.apache.hadoop.net.NetUtils.wrapException(NetUtils.java:848)
	at org.apache.hadoop.ipc.Client.getRpcResponse(Client.java:1577)
	at org.apache.hadoop.ipc.Client.call(Client.java:1519)
	at org.apache.hadoop.ipc.Client.call(Client.java:1416)
	at org.apache.hadoop.ipc.ProtobufRpcEngine$Invoker.invoke(ProtobufRpcEngine.java:236)
	at org.apache.hadoop.ipc.ProtobufRpcEngine$Invoker.invoke(ProtobufRpcEngine.java:123)
	at com.sun.proxy.$Proxy48.submitRequest(Unknown Source)
	at org.apache.hadoop.ozone.protocolPB.StorageContainerDatanodeProtocolClientSideTranslatorPB.submitRequest(StorageContainerDatanodeProtocolClientSideTranslatorPB.java:117)
	at org.apache.hadoop.ozone.protocolPB.StorageContainerDatanodeProtocolClientSideTranslatorPB.getVersion(StorageContainerDatanodeProtocolClientSideTranslatorPB.java:133)
	at org.apache.hadoop.ozone.container.common.states.endpoint.VersionEndpointTask.call(VersionEndpointTask.java:71)
	at org.apache.hadoop.ozone.container.common.states.endpoint.VersionEndpointTask.call(VersionEndpointTask.java:42)
	at java.util.concurrent.FutureTask.run(FutureTask.java:266)
	at java.util.concurrent.ThreadPoolExecutor.runWorker(ThreadPoolExecutor.java:1149)
	at java.util.concurrent.ThreadPoolExecutor$Worker.run(ThreadPoolExecutor.java:624)
	at java.lang.Thread.run(Thread.java:748)
Caused by: java.net.SocketTimeoutException: 5000 millis timeout while waiting for channel to be ready for read. ch : java.nio.channels.SocketChannel[connected local=/127.0.0.1:33058 remote=/127.0.0.1:12529]
	at org.apache.hadoop.net.SocketIOWithTimeout.doIO(SocketIOWithTimeout.java:164)
	at org.apache.hadoop.net.SocketInputStream.read(SocketInputStream.java:161)
	at org.apache.hadoop.net.SocketInputStream.read(SocketInputStream.java:131)
	at java.io.FilterInputStream.read(FilterInputStream.java:133)
	at java.io.BufferedInputStream.fill(BufferedInputStream.java:246)
	at java.io.BufferedInputStream.read(BufferedInputStream.java:265)
	at java.io.FilterInputStream.read(FilterInputStream.java:83)
	at java.io.FilterInputStream.read(FilterInputStream.java:83)
	at org.apache.hadoop.ipc.Client$Connection$PingInputStream.read(Client.java:563)
	at java.io.DataInputStream.readInt(DataInputStream.java:387)
	at org.apache.hadoop.ipc.Client$IpcStreams.readResponse(Client.java:1892)
	at org.apache.hadoop.ipc.Client$Connection.receiveRpcResponse(Client.java:1202)
	at org.apache.hadoop.ipc.Client$Connection.run(Client.java:1098)
2021-12-28 02:23:40,998 [pool-301-thread-1] INFO  server.RaftServerConfigKeys (ConfUtils.java:logGet(44)) - raft.server.log.statemachine.data.caching.enabled = true (custom)
2021-12-28 02:23:40,999 [pool-301-thread-1] INFO  segmented.SegmentedRaftLogWorker (SegmentedRaftLogWorker.java:lambda$new$0(133)) - e6ec2fd3-a0c6-4f81-ae90-f7327ac63566@group-6789B4CA4529-SegmentedRaftLogWorker: flushIndex: setUnconditionally 0 -> -1
2021-12-28 02:23:40,999 [pool-301-thread-1] INFO  segmented.SegmentedRaftLogWorker (SegmentedRaftLogWorker.java:lambda$new$0(133)) - e6ec2fd3-a0c6-4f81-ae90-f7327ac63566@group-6789B4CA4529-SegmentedRaftLogWorker: safeCacheEvictIndex: setUnconditionally 0 -> -1
2021-12-28 02:23:41,010 [pool-301-thread-1] INFO  server.RaftServerConfigKeys (ConfUtils.java:logGet(44)) - raft.server.snapshot.auto.trigger.enabled = true (custom)
2021-12-28 02:23:41,010 [pool-301-thread-1] INFO  server.RaftServerConfigKeys (ConfUtils.java:logGet(44)) - raft.server.snapshot.auto.trigger.threshold = 10000 (custom)
2021-12-28 02:23:41,010 [pool-301-thread-1] INFO  server.RaftServerConfigKeys (ConfUtils.java:logGet(44)) - raft.server.snapshot.retention.file.num = 5 (custom)
2021-12-28 02:23:41,010 [pool-301-thread-1] INFO  server.RaftServerConfigKeys (ConfUtils.java:logGet(44)) - raft.server.log.purge.upto.snapshot.index = false (default)
2021-12-28 02:23:41,010 [pool-301-thread-1] INFO  server.RaftServerConfigKeys (ConfUtils.java:logGet(44)) - raft.server.retrycache.expirytime = 600000ms (custom)
2021-12-28 02:23:41,010 [pool-301-thread-1] INFO  server.RaftServerConfigKeys (ConfUtils.java:logGet(44)) - raft.server.retrycache.statistics.expirytime = 100μs (default)
2021-12-28 02:23:41,011 [pool-301-thread-1] INFO  server.RaftServer$Division (RaftServerImpl.java:start(301)) - e6ec2fd3-a0c6-4f81-ae90-f7327ac63566@group-6789B4CA4529: start as a follower, conf=-1: [e6ec2fd3-a0c6-4f81-ae90-f7327ac63566|rpc:127.0.0.1:38023|priority:1], old=null
2021-12-28 02:23:41,011 [pool-301-thread-1] INFO  server.RaftServer$Division (RaftServerImpl.java:setRole(290)) - e6ec2fd3-a0c6-4f81-ae90-f7327ac63566@group-6789B4CA4529: changes role from      null to FOLLOWER at term 0 for startAsFollower
2021-12-28 02:23:41,011 [pool-301-thread-1] INFO  impl.RoleInfo (RoleInfo.java:updateAndGet(130)) - e6ec2fd3-a0c6-4f81-ae90-f7327ac63566: start e6ec2fd3-a0c6-4f81-ae90-f7327ac63566@group-6789B4CA4529-FollowerState
2021-12-28 02:23:41,020 [pool-301-thread-1] INFO  util.JmxRegister (JmxRegister.java:tryRegister(44)) - Successfully registered JMX Bean with object name Ratis:service=RaftServer,group=group-6789B4CA4529,id=e6ec2fd3-a0c6-4f81-ae90-f7327ac63566
2021-12-28 02:23:41,044 [Command processor thread] INFO  ratis.XceiverServerRatis (XceiverServerRatis.java:addGroup(768)) - Created group PipelineID=3be6d057-b009-4245-a5ea-6789b4ca4529
2021-12-28 02:23:41,046 [Command processor thread] INFO  commandhandler.CreatePipelineCommandHandler (CreatePipelineCommandHandler.java:handle(106)) - Created Pipeline RATIS ONE PipelineID=3be6d057-b009-4245-a5ea-6789b4ca4529.
2021-12-28 02:23:41,046 [Command processor thread] INFO  server.RaftServer (RaftServerProxy.java:addNew(95)) - e6ec2fd3-a0c6-4f81-ae90-f7327ac63566: addNew group-D498122A220C:[e6ec2fd3-a0c6-4f81-ae90-f7327ac63566|rpc:127.0.0.1:38023|priority:0, 1606c9ac-ae8d-4b60-b668-ad188c7b9b7a|rpc:127.0.0.1:44611|priority:0, d44b9b66-006b-4516-8682-2587942b100c|rpc:127.0.0.1:38031|priority:1] returns group-D498122A220C:java.util.concurrent.CompletableFuture@53a15599[Not completed]
2021-12-28 02:23:41,047 [pool-301-thread-1] INFO  server.RaftServer$Division (RaftServerImpl.java:<init>(184)) - e6ec2fd3-a0c6-4f81-ae90-f7327ac63566: new RaftServerImpl for group-D498122A220C:[e6ec2fd3-a0c6-4f81-ae90-f7327ac63566|rpc:127.0.0.1:38023|priority:0, 1606c9ac-ae8d-4b60-b668-ad188c7b9b7a|rpc:127.0.0.1:44611|priority:0, d44b9b66-006b-4516-8682-2587942b100c|rpc:127.0.0.1:38031|priority:1] with ContainerStateMachine:uninitialized
2021-12-28 02:23:41,048 [pool-301-thread-1] INFO  server.RaftServerConfigKeys (ConfUtils.java:logGet(44)) - raft.server.rpc.timeout.min = 5s (custom)
2021-12-28 02:23:41,048 [pool-301-thread-1] INFO  server.RaftServerConfigKeys (ConfUtils.java:logGet(44)) - raft.server.rpc.timeout.max = 5200ms (custom)
2021-12-28 02:23:41,048 [pool-301-thread-1] INFO  server.RaftServerConfigKeys (ConfUtils.java:logGet(44)) - raft.server.rpc.sleep.time = 25ms (default)
2021-12-28 02:23:41,048 [pool-301-thread-1] INFO  server.RaftServerConfigKeys (ConfUtils.java:logGet(44)) - raft.server.rpc.slowness.timeout = 300s (custom)
2021-12-28 02:23:41,048 [pool-301-thread-1] INFO  server.RaftServerConfigKeys (ConfUtils.java:logGet(44)) - raft.server.leaderelection.leader.step-down.wait-time = 10s (default)
2021-12-28 02:23:41,048 [pool-301-thread-1] INFO  server.RaftServerConfigKeys (ConfUtils.java:logGet(44)) - raft.server.sleep.deviation.threshold = 300ms (default)
2021-12-28 02:23:41,048 [pool-301-thread-1] INFO  server.RaftServerConfigKeys (ConfUtils.java:logGet(44)) - raft.server.log.appender.install.snapshot.enabled = false (custom)
2021-12-28 02:23:41,048 [pool-301-thread-1] INFO  server.RaftServer$Division (ServerState.java:<init>(105)) - e6ec2fd3-a0c6-4f81-ae90-f7327ac63566@group-D498122A220C: ConfigurationManager, init=-1: [e6ec2fd3-a0c6-4f81-ae90-f7327ac63566|rpc:127.0.0.1:38023|priority:0, 1606c9ac-ae8d-4b60-b668-ad188c7b9b7a|rpc:127.0.0.1:44611|priority:0, d44b9b66-006b-4516-8682-2587942b100c|rpc:127.0.0.1:38031|priority:1], old=null, confs=<EMPTY_MAP>
2021-12-28 02:23:41,048 [pool-301-thread-1] INFO  server.RaftServerConfigKeys (ConfUtils.java:logGet(44)) - raft.server.storage.dir = [/home/runner/work/ozone/ozone/hadoop-ozone/integration-test/target/test-dir/MiniOzoneClusterImpl-b5c7e046-d456-4649-9d8a-956fe40c5cb7/datanode-0/data/ratis] (custom)
2021-12-28 02:23:41,048 [pool-301-thread-1] INFO  server.RaftServerConfigKeys (ConfUtils.java:logGet(44)) - raft.server.log.corruption.policy = EXCEPTION (default)
2021-12-28 02:23:41,048 [pool-301-thread-1] INFO  server.RaftServerConfigKeys (ConfUtils.java:logGet(44)) - raft.server.storage.free-space.min = 0MB (=0) (default)
2021-12-28 02:23:41,048 [pool-301-thread-1] INFO  storage.RaftStorageDirectory (RaftStorageDirectoryImpl.java:analyzeStorage(135)) - The storage directory /home/runner/work/ozone/ozone/hadoop-ozone/integration-test/target/test-dir/MiniOzoneClusterImpl-b5c7e046-d456-4649-9d8a-956fe40c5cb7/datanode-0/data/ratis/e6f8f755-bbc8-4421-a05d-d498122a220c does not exist. Creating ...
2021-12-28 02:23:41,054 [pool-301-thread-1] INFO  storage.RaftStorageDirectory (RaftStorageDirectoryImpl.java:tryLock(230)) - Lock on /home/runner/work/ozone/ozone/hadoop-ozone/integration-test/target/test-dir/MiniOzoneClusterImpl-b5c7e046-d456-4649-9d8a-956fe40c5cb7/datanode-0/data/ratis/e6f8f755-bbc8-4421-a05d-d498122a220c/in_use.lock acquired by nodename 8510@fv-az184-560
2021-12-28 02:23:41,055 [pool-301-thread-1] INFO  storage.RaftStorage (RaftStorageImpl.java:format(89)) - Storage directory /home/runner/work/ozone/ozone/hadoop-ozone/integration-test/target/test-dir/MiniOzoneClusterImpl-b5c7e046-d456-4649-9d8a-956fe40c5cb7/datanode-0/data/ratis/e6f8f755-bbc8-4421-a05d-d498122a220c has been successfully formatted.
2021-12-28 02:23:41,059 [EventQueue-PipelineReportForPipelineReportHandler] INFO  pipeline.PipelineManagerImpl (PipelineManagerImpl.java:openPipeline(291)) - Pipeline Pipeline[ Id: 3be6d057-b009-4245-a5ea-6789b4ca4529, Nodes: e6ec2fd3-a0c6-4f81-ae90-f7327ac63566{ip: 127.0.0.1, host: localhost, ports: [REPLICATION=36711, RATIS=38023, RATIS_ADMIN=38023, RATIS_SERVER=38023, STANDALONE=42321], networkLocation: /default-rack, certSerialId: null, persistedOpState: IN_SERVICE, persistedOpStateExpiryEpochSec: 0}, ReplicationConfig: RATIS/ONE, State:ALLOCATED, leaderId:e6ec2fd3-a0c6-4f81-ae90-f7327ac63566, CreationTimestamp2021-12-28T02:23:37.923Z[Etc/UTC]] moved to OPEN state
2021-12-28 02:23:41,059 [EventQueue-PipelineReportForPipelineReportHandler] INFO  ha.SCMHAInvocationHandler (SCMHAInvocationHandler.java:invokeRatis(113)) - Invoking method public abstract void org.apache.hadoop.hdds.scm.pipeline.PipelineStateManager.updatePipelineState(org.apache.hadoop.hdds.protocol.proto.HddsProtos$PipelineID,org.apache.hadoop.hdds.protocol.proto.HddsProtos$PipelineState) throws java.io.IOException on target org.apache.hadoop.hdds.scm.ha.SCMRatisServerImpl@6103a56a, cost 281.702us
2021-12-28 02:23:41,062 [pool-301-thread-1] INFO  ratis.ContainerStateMachine (ContainerStateMachine.java:loadSnapshot(231)) - group-D498122A220C: The snapshot info is null. Setting the last applied indexto:(t:0, i:~)
2021-12-28 02:23:41,062 [pool-301-thread-1] INFO  server.RaftServerConfigKeys (ConfUtils.java:logGet(44)) - raft.server.notification.no-leader.timeout = 300s (custom)
2021-12-28 02:23:41,062 [pool-301-thread-1] INFO  server.RaftServerConfigKeys (ConfUtils.java:logGet(44)) - raft.server.log.use.memory = false (default)
2021-12-28 02:23:41,062 [pool-301-thread-1] INFO  server.RaftServerConfigKeys (ConfUtils.java:logGet(44)) - raft.server.log.purge.gap = 1000000 (custom)
2021-12-28 02:23:41,062 [pool-301-thread-1] INFO  server.RaftServerConfigKeys (ConfUtils.java:logGet(44)) - raft.server.log.appender.buffer.byte-limit = 33554432 (custom)
2021-12-28 02:23:41,063 [pool-301-thread-1] INFO  server.RaftServerConfigKeys (ConfUtils.java:logGet(44)) - raft.server.log.segment.size.max = 1048576 (custom)
2021-12-28 02:23:41,066 [pool-301-thread-1] INFO  server.RaftServerConfigKeys (ConfUtils.java:logGet(44)) - raft.server.log.segment.cache.num.max = 2 (custom)
2021-12-28 02:23:41,066 [pool-301-thread-1] INFO  server.RaftServerConfigKeys (ConfUtils.java:logGet(44)) - raft.server.log.segment.cache.size.max = 200MB (=209715200) (default)
2021-12-28 02:23:41,066 [pool-301-thread-1] INFO  segmented.SegmentedRaftLogWorker (SegmentedRaftLogWorker.java:<init>(182)) - new e6ec2fd3-a0c6-4f81-ae90-f7327ac63566@group-D498122A220C-SegmentedRaftLogWorker for RaftStorageImpl:Storage Directory /home/runner/work/ozone/ozone/hadoop-ozone/integration-test/target/test-dir/MiniOzoneClusterImpl-b5c7e046-d456-4649-9d8a-956fe40c5cb7/datanode-0/data/ratis/e6f8f755-bbc8-4421-a05d-d498122a220c
2021-12-28 02:23:41,066 [pool-301-thread-1] INFO  server.RaftServerConfigKeys (ConfUtils.java:logGet(44)) - raft.server.log.queue.byte-limit = 2147483647 (custom)
2021-12-28 02:23:41,066 [pool-301-thread-1] INFO  server.RaftServerConfigKeys (ConfUtils.java:logGet(44)) - raft.server.log.queue.element-limit = 1024 (custom)
2021-12-28 02:23:41,067 [pool-301-thread-1] INFO  server.RaftServerConfigKeys (ConfUtils.java:logGet(44)) - raft.server.log.segment.size.max = 1048576 (custom)
2021-12-28 02:23:41,067 [pool-301-thread-1] INFO  server.RaftServerConfigKeys (ConfUtils.java:logGet(44)) - raft.server.log.preallocated.size = 16384 (custom)
2021-12-28 02:23:41,067 [pool-301-thread-1] INFO  server.RaftServerConfigKeys (ConfUtils.java:logGet(44)) - raft.server.log.force.sync.num = 128 (default)
2021-12-28 02:23:41,067 [pool-301-thread-1] INFO  server.RaftServerConfigKeys (ConfUtils.java:logGet(44)) - raft.server.log.statemachine.data.sync = true (default)
2021-12-28 02:23:41,067 [pool-301-thread-1] INFO  server.RaftServerConfigKeys (ConfUtils.java:logGet(44)) - raft.server.log.statemachine.data.sync.timeout = 10s (default)
2021-12-28 02:23:41,067 [pool-301-thread-1] INFO  server.RaftServerConfigKeys (ConfUtils.java:logGet(44)) - raft.server.log.statemachine.data.sync.timeout.retry = -1 (default)
2021-12-28 02:23:41,068 [pool-301-thread-1] INFO  server.RaftServerConfigKeys (ConfUtils.java:logGet(44)) - raft.server.log.write.buffer.size = 1048576 (custom)
2021-12-28 02:23:41,069 [pool-301-thread-1] INFO  server.RaftServerConfigKeys (ConfUtils.java:logGet(44)) - raft.server.log.statemachine.data.caching.enabled = true (custom)
2021-12-28 02:23:41,069 [pool-301-thread-1] INFO  segmented.SegmentedRaftLogWorker (SegmentedRaftLogWorker.java:lambda$new$0(133)) - e6ec2fd3-a0c6-4f81-ae90-f7327ac63566@group-D498122A220C-SegmentedRaftLogWorker: flushIndex: setUnconditionally 0 -> -1
2021-12-28 02:23:41,069 [pool-301-thread-1] INFO  segmented.SegmentedRaftLogWorker (SegmentedRaftLogWorker.java:lambda$new$0(133)) - e6ec2fd3-a0c6-4f81-ae90-f7327ac63566@group-D498122A220C-SegmentedRaftLogWorker: safeCacheEvictIndex: setUnconditionally 0 -> -1
2021-12-28 02:23:41,079 [85b08ac6-0f6d-42de-94fb-508f7dc90a3f@group-956FE40C5CB7-StateMachineUpdater] INFO  safemode.HealthyPipelineSafeModeRule (HealthyPipelineSafeModeRule.java:initializeRule(152)) - Refreshed total pipeline count is 0, healthy pipeline threshold count is 1
2021-12-28 02:23:41,079 [EventQueue-PipelineReportForPipelineReportHandler] INFO  ha.SCMHAInvocationHandler (SCMHAInvocationHandler.java:invokeRatis(113)) - Invoking method public abstract void org.apache.hadoop.hdds.scm.pipeline.PipelineStateManager.updatePipelineState(org.apache.hadoop.hdds.protocol.proto.HddsProtos$PipelineID,org.apache.hadoop.hdds.protocol.proto.HddsProtos$PipelineState) throws java.io.IOException on target org.apache.hadoop.hdds.scm.ha.SCMRatisServerImpl@3131dcab, cost 89780.737us
2021-12-28 02:23:41,079 [pool-301-thread-1] INFO  server.RaftServerConfigKeys (ConfUtils.java:logGet(44)) - raft.server.snapshot.auto.trigger.enabled = true (custom)
2021-12-28 02:23:41,089 [pool-301-thread-1] INFO  server.RaftServerConfigKeys (ConfUtils.java:logGet(44)) - raft.server.snapshot.auto.trigger.threshold = 10000 (custom)
2021-12-28 02:23:41,089 [pool-301-thread-1] INFO  server.RaftServerConfigKeys (ConfUtils.java:logGet(44)) - raft.server.snapshot.retention.file.num = 5 (custom)
2021-12-28 02:23:41,089 [pool-301-thread-1] INFO  server.RaftServerConfigKeys (ConfUtils.java:logGet(44)) - raft.server.log.purge.upto.snapshot.index = false (default)
2021-12-28 02:23:41,090 [pool-301-thread-1] INFO  server.RaftServerConfigKeys (ConfUtils.java:logGet(44)) - raft.server.retrycache.expirytime = 600000ms (custom)
2021-12-28 02:23:41,090 [pool-301-thread-1] INFO  server.RaftServerConfigKeys (ConfUtils.java:logGet(44)) - raft.server.retrycache.statistics.expirytime = 100μs (default)
2021-12-28 02:23:41,091 [pool-301-thread-1] INFO  server.RaftServer$Division (RaftServerImpl.java:start(301)) - e6ec2fd3-a0c6-4f81-ae90-f7327ac63566@group-D498122A220C: start as a follower, conf=-1: [e6ec2fd3-a0c6-4f81-ae90-f7327ac63566|rpc:127.0.0.1:38023|priority:0, 1606c9ac-ae8d-4b60-b668-ad188c7b9b7a|rpc:127.0.0.1:44611|priority:0, d44b9b66-006b-4516-8682-2587942b100c|rpc:127.0.0.1:38031|priority:1], old=null
2021-12-28 02:23:41,091 [pool-301-thread-1] INFO  server.RaftServer$Division (RaftServerImpl.java:setRole(290)) - e6ec2fd3-a0c6-4f81-ae90-f7327ac63566@group-D498122A220C: changes role from      null to FOLLOWER at term 0 for startAsFollower
2021-12-28 02:23:41,091 [pool-301-thread-1] INFO  impl.RoleInfo (RoleInfo.java:updateAndGet(130)) - e6ec2fd3-a0c6-4f81-ae90-f7327ac63566: start e6ec2fd3-a0c6-4f81-ae90-f7327ac63566@group-D498122A220C-FollowerState
2021-12-28 02:23:41,091 [EventQueue-OpenPipelineForHealthyPipelineSafeModeRule] INFO  safemode.SCMSafeModeManager (HealthyPipelineSafeModeRule.java:process(124)) - SCM in safe mode. Healthy pipelines reported count is 0, required healthy pipeline reported count is 1
2021-12-28 02:23:41,092 [EventQueue-OpenPipelineForHealthyPipelineSafeModeRule] INFO  safemode.SCMSafeModeManager (HealthyPipelineSafeModeRule.java:process(124)) - SCM in safe mode. Healthy pipelines reported count is 0, required healthy pipeline reported count is 1
2021-12-28 02:23:41,098 [pool-301-thread-1] INFO  util.JmxRegister (JmxRegister.java:tryRegister(44)) - Successfully registered JMX Bean with object name Ratis:service=RaftServer,group=group-D498122A220C,id=e6ec2fd3-a0c6-4f81-ae90-f7327ac63566
2021-12-28 02:23:41,100 [efeceff2-b5a5-497a-a96d-e28250e5a95d@group-956FE40C5CB7-StateMachineUpdater] INFO  safemode.HealthyPipelineSafeModeRule (HealthyPipelineSafeModeRule.java:initializeRule(152)) - Refreshed total pipeline count is 0, healthy pipeline threshold count is 1
2021-12-28 02:23:41,114 [Command processor thread] INFO  ratis.XceiverServerRatis (XceiverServerRatis.java:addGroup(768)) - Created group PipelineID=e6f8f755-bbc8-4421-a05d-d498122a220c
2021-12-28 02:23:41,126 [grpc-default-executor-1] INFO  server.RaftServer (RaftServerProxy.java:addNew(95)) - 1606c9ac-ae8d-4b60-b668-ad188c7b9b7a: addNew group-D498122A220C:[e6ec2fd3-a0c6-4f81-ae90-f7327ac63566|rpc:127.0.0.1:38023|dataStream:|priority:0, 1606c9ac-ae8d-4b60-b668-ad188c7b9b7a|rpc:127.0.0.1:44611|dataStream:|priority:0, d44b9b66-006b-4516-8682-2587942b100c|rpc:127.0.0.1:38031|dataStream:|priority:1] returns group-D498122A220C:java.util.concurrent.CompletableFuture@7100a0f5[Not completed]
2021-12-28 02:23:41,141 [pool-324-thread-1] INFO  server.RaftServer$Division (RaftServerImpl.java:<init>(184)) - 1606c9ac-ae8d-4b60-b668-ad188c7b9b7a: new RaftServerImpl for group-D498122A220C:[e6ec2fd3-a0c6-4f81-ae90-f7327ac63566|rpc:127.0.0.1:38023|dataStream:|priority:0, 1606c9ac-ae8d-4b60-b668-ad188c7b9b7a|rpc:127.0.0.1:44611|dataStream:|priority:0, d44b9b66-006b-4516-8682-2587942b100c|rpc:127.0.0.1:38031|dataStream:|priority:1] with ContainerStateMachine:uninitialized
2021-12-28 02:23:41,141 [pool-324-thread-1] INFO  server.RaftServerConfigKeys (ConfUtils.java:logGet(44)) - raft.server.rpc.timeout.min = 5s (custom)
2021-12-28 02:23:41,146 [pool-324-thread-1] INFO  server.RaftServerConfigKeys (ConfUtils.java:logGet(44)) - raft.server.rpc.timeout.max = 5200ms (custom)
2021-12-28 02:23:41,146 [pool-324-thread-1] INFO  server.RaftServerConfigKeys (ConfUtils.java:logGet(44)) - raft.server.rpc.sleep.time = 25ms (default)
2021-12-28 02:23:41,146 [pool-324-thread-1] INFO  server.RaftServerConfigKeys (ConfUtils.java:logGet(44)) - raft.server.rpc.slowness.timeout = 300s (custom)
2021-12-28 02:23:41,146 [pool-324-thread-1] INFO  server.RaftServerConfigKeys (ConfUtils.java:logGet(44)) - raft.server.leaderelection.leader.step-down.wait-time = 10s (default)
2021-12-28 02:23:41,146 [pool-324-thread-1] INFO  server.RaftServerConfigKeys (ConfUtils.java:logGet(44)) - raft.server.sleep.deviation.threshold = 300ms (default)
2021-12-28 02:23:41,146 [pool-324-thread-1] INFO  server.RaftServerConfigKeys (ConfUtils.java:logGet(44)) - raft.server.log.appender.install.snapshot.enabled = false (custom)
2021-12-28 02:23:41,146 [pool-324-thread-1] INFO  server.RaftServer$Division (ServerState.java:<init>(105)) - 1606c9ac-ae8d-4b60-b668-ad188c7b9b7a@group-D498122A220C: ConfigurationManager, init=-1: [e6ec2fd3-a0c6-4f81-ae90-f7327ac63566|rpc:127.0.0.1:38023|dataStream:|priority:0, 1606c9ac-ae8d-4b60-b668-ad188c7b9b7a|rpc:127.0.0.1:44611|dataStream:|priority:0, d44b9b66-006b-4516-8682-2587942b100c|rpc:127.0.0.1:38031|dataStream:|priority:1], old=null, confs=<EMPTY_MAP>
2021-12-28 02:23:41,147 [pool-324-thread-1] INFO  server.RaftServerConfigKeys (ConfUtils.java:logGet(44)) - raft.server.storage.dir = [/home/runner/work/ozone/ozone/hadoop-ozone/integration-test/target/test-dir/MiniOzoneClusterImpl-b5c7e046-d456-4649-9d8a-956fe40c5cb7/datanode-1/data/ratis] (custom)
2021-12-28 02:23:41,147 [pool-324-thread-1] INFO  server.RaftServerConfigKeys (ConfUtils.java:logGet(44)) - raft.server.log.corruption.policy = EXCEPTION (default)
2021-12-28 02:23:41,147 [pool-324-thread-1] INFO  server.RaftServerConfigKeys (ConfUtils.java:logGet(44)) - raft.server.storage.free-space.min = 0MB (=0) (default)
2021-12-28 02:23:41,147 [pool-324-thread-1] INFO  storage.RaftStorageDirectory (RaftStorageDirectoryImpl.java:analyzeStorage(135)) - The storage directory /home/runner/work/ozone/ozone/hadoop-ozone/integration-test/target/test-dir/MiniOzoneClusterImpl-b5c7e046-d456-4649-9d8a-956fe40c5cb7/datanode-1/data/ratis/e6f8f755-bbc8-4421-a05d-d498122a220c does not exist. Creating ...
2021-12-28 02:23:41,148 [pool-324-thread-1] INFO  storage.RaftStorageDirectory (RaftStorageDirectoryImpl.java:tryLock(230)) - Lock on /home/runner/work/ozone/ozone/hadoop-ozone/integration-test/target/test-dir/MiniOzoneClusterImpl-b5c7e046-d456-4649-9d8a-956fe40c5cb7/datanode-1/data/ratis/e6f8f755-bbc8-4421-a05d-d498122a220c/in_use.lock acquired by nodename 8510@fv-az184-560
2021-12-28 02:23:41,149 [pool-324-thread-1] INFO  storage.RaftStorage (RaftStorageImpl.java:format(89)) - Storage directory /home/runner/work/ozone/ozone/hadoop-ozone/integration-test/target/test-dir/MiniOzoneClusterImpl-b5c7e046-d456-4649-9d8a-956fe40c5cb7/datanode-1/data/ratis/e6f8f755-bbc8-4421-a05d-d498122a220c has been successfully formatted.
2021-12-28 02:23:41,150 [pool-324-thread-1] INFO  ratis.ContainerStateMachine (ContainerStateMachine.java:loadSnapshot(231)) - group-D498122A220C: The snapshot info is null. Setting the last applied indexto:(t:0, i:~)
2021-12-28 02:23:41,150 [pool-324-thread-1] INFO  server.RaftServerConfigKeys (ConfUtils.java:logGet(44)) - raft.server.notification.no-leader.timeout = 300s (custom)
2021-12-28 02:23:41,150 [pool-324-thread-1] INFO  server.RaftServerConfigKeys (ConfUtils.java:logGet(44)) - raft.server.log.use.memory = false (default)
2021-12-28 02:23:41,150 [pool-324-thread-1] INFO  server.RaftServerConfigKeys (ConfUtils.java:logGet(44)) - raft.server.log.purge.gap = 1000000 (custom)
2021-12-28 02:23:41,150 [pool-324-thread-1] INFO  server.RaftServerConfigKeys (ConfUtils.java:logGet(44)) - raft.server.log.appender.buffer.byte-limit = 33554432 (custom)
2021-12-28 02:23:41,151 [pool-324-thread-1] INFO  server.RaftServerConfigKeys (ConfUtils.java:logGet(44)) - raft.server.log.segment.size.max = 1048576 (custom)
2021-12-28 02:23:41,151 [pool-324-thread-1] INFO  server.RaftServerConfigKeys (ConfUtils.java:logGet(44)) - raft.server.log.segment.cache.num.max = 2 (custom)
2021-12-28 02:23:41,151 [pool-324-thread-1] INFO  server.RaftServerConfigKeys (ConfUtils.java:logGet(44)) - raft.server.log.segment.cache.size.max = 200MB (=209715200) (default)
2021-12-28 02:23:41,151 [pool-324-thread-1] INFO  segmented.SegmentedRaftLogWorker (SegmentedRaftLogWorker.java:<init>(182)) - new 1606c9ac-ae8d-4b60-b668-ad188c7b9b7a@group-D498122A220C-SegmentedRaftLogWorker for RaftStorageImpl:Storage Directory /home/runner/work/ozone/ozone/hadoop-ozone/integration-test/target/test-dir/MiniOzoneClusterImpl-b5c7e046-d456-4649-9d8a-956fe40c5cb7/datanode-1/data/ratis/e6f8f755-bbc8-4421-a05d-d498122a220c
2021-12-28 02:23:41,151 [pool-324-thread-1] INFO  server.RaftServerConfigKeys (ConfUtils.java:logGet(44)) - raft.server.log.queue.byte-limit = 2147483647 (custom)
2021-12-28 02:23:41,151 [pool-324-thread-1] INFO  server.RaftServerConfigKeys (ConfUtils.java:logGet(44)) - raft.server.log.queue.element-limit = 1024 (custom)
2021-12-28 02:23:41,151 [pool-324-thread-1] INFO  server.RaftServerConfigKeys (ConfUtils.java:logGet(44)) - raft.server.log.segment.size.max = 1048576 (custom)
2021-12-28 02:23:41,151 [pool-324-thread-1] INFO  server.RaftServerConfigKeys (ConfUtils.java:logGet(44)) - raft.server.log.preallocated.size = 16384 (custom)
2021-12-28 02:23:41,151 [pool-324-thread-1] INFO  server.RaftServerConfigKeys (ConfUtils.java:logGet(44)) - raft.server.log.force.sync.num = 128 (default)
2021-12-28 02:23:41,152 [pool-324-thread-1] INFO  server.RaftServerConfigKeys (ConfUtils.java:logGet(44)) - raft.server.log.statemachine.data.sync = true (default)
2021-12-28 02:23:41,152 [pool-324-thread-1] INFO  server.RaftServerConfigKeys (ConfUtils.java:logGet(44)) - raft.server.log.statemachine.data.sync.timeout = 10s (default)
2021-12-28 02:23:41,152 [pool-324-thread-1] INFO  server.RaftServerConfigKeys (ConfUtils.java:logGet(44)) - raft.server.log.statemachine.data.sync.timeout.retry = -1 (default)
2021-12-28 02:23:41,153 [pool-324-thread-1] INFO  server.RaftServerConfigKeys (ConfUtils.java:logGet(44)) - raft.server.log.write.buffer.size = 1048576 (custom)
2021-12-28 02:23:41,163 [pool-324-thread-1] INFO  server.RaftServerConfigKeys (ConfUtils.java:logGet(44)) - raft.server.log.statemachine.data.caching.enabled = true (custom)
2021-12-28 02:23:41,167 [pool-324-thread-1] INFO  segmented.SegmentedRaftLogWorker (SegmentedRaftLogWorker.java:lambda$new$0(133)) - 1606c9ac-ae8d-4b60-b668-ad188c7b9b7a@group-D498122A220C-SegmentedRaftLogWorker: flushIndex: setUnconditionally 0 -> -1
2021-12-28 02:23:41,167 [pool-324-thread-1] INFO  segmented.SegmentedRaftLogWorker (SegmentedRaftLogWorker.java:lambda$new$0(133)) - 1606c9ac-ae8d-4b60-b668-ad188c7b9b7a@group-D498122A220C-SegmentedRaftLogWorker: safeCacheEvictIndex: setUnconditionally 0 -> -1
2021-12-28 02:23:41,180 [pool-324-thread-1] INFO  server.RaftServerConfigKeys (ConfUtils.java:logGet(44)) - raft.server.snapshot.auto.trigger.enabled = true (custom)
2021-12-28 02:23:41,181 [pool-324-thread-1] INFO  server.RaftServerConfigKeys (ConfUtils.java:logGet(44)) - raft.server.snapshot.auto.trigger.threshold = 10000 (custom)
2021-12-28 02:23:41,181 [pool-324-thread-1] INFO  server.RaftServerConfigKeys (ConfUtils.java:logGet(44)) - raft.server.snapshot.retention.file.num = 5 (custom)
2021-12-28 02:23:41,181 [pool-324-thread-1] INFO  server.RaftServerConfigKeys (ConfUtils.java:logGet(44)) - raft.server.log.purge.upto.snapshot.index = false (default)
2021-12-28 02:23:41,181 [pool-324-thread-1] INFO  server.RaftServerConfigKeys (ConfUtils.java:logGet(44)) - raft.server.retrycache.expirytime = 600000ms (custom)
2021-12-28 02:23:41,181 [pool-324-thread-1] INFO  server.RaftServerConfigKeys (ConfUtils.java:logGet(44)) - raft.server.retrycache.statistics.expirytime = 100μs (default)
2021-12-28 02:23:41,182 [pool-324-thread-1] INFO  server.RaftServer$Division (RaftServerImpl.java:start(301)) - 1606c9ac-ae8d-4b60-b668-ad188c7b9b7a@group-D498122A220C: start as a follower, conf=-1: [e6ec2fd3-a0c6-4f81-ae90-f7327ac63566|rpc:127.0.0.1:38023|dataStream:|priority:0, 1606c9ac-ae8d-4b60-b668-ad188c7b9b7a|rpc:127.0.0.1:44611|dataStream:|priority:0, d44b9b66-006b-4516-8682-2587942b100c|rpc:127.0.0.1:38031|dataStream:|priority:1], old=null
2021-12-28 02:23:41,182 [pool-324-thread-1] INFO  server.RaftServer$Division (RaftServerImpl.java:setRole(290)) - 1606c9ac-ae8d-4b60-b668-ad188c7b9b7a@group-D498122A220C: changes role from      null to FOLLOWER at term 0 for startAsFollower
2021-12-28 02:23:41,182 [pool-324-thread-1] INFO  impl.RoleInfo (RoleInfo.java:updateAndGet(130)) - 1606c9ac-ae8d-4b60-b668-ad188c7b9b7a: start 1606c9ac-ae8d-4b60-b668-ad188c7b9b7a@group-D498122A220C-FollowerState
2021-12-28 02:23:41,198 [pool-324-thread-1] INFO  util.JmxRegister (JmxRegister.java:tryRegister(44)) - Successfully registered JMX Bean with object name Ratis:service=RaftServer,group=group-D498122A220C,id=1606c9ac-ae8d-4b60-b668-ad188c7b9b7a
2021-12-28 02:23:41,256 [grpc-default-executor-1] INFO  server.RaftServer (RaftServerProxy.java:addNew(95)) - d44b9b66-006b-4516-8682-2587942b100c: addNew group-D498122A220C:[e6ec2fd3-a0c6-4f81-ae90-f7327ac63566|rpc:127.0.0.1:38023|dataStream:|priority:0, 1606c9ac-ae8d-4b60-b668-ad188c7b9b7a|rpc:127.0.0.1:44611|dataStream:|priority:0, d44b9b66-006b-4516-8682-2587942b100c|rpc:127.0.0.1:38031|dataStream:|priority:1] returns group-D498122A220C:java.util.concurrent.CompletableFuture@4144193c[Not completed]
2021-12-28 02:23:41,258 [pool-347-thread-1] INFO  server.RaftServer$Division (RaftServerImpl.java:<init>(184)) - d44b9b66-006b-4516-8682-2587942b100c: new RaftServerImpl for group-D498122A220C:[e6ec2fd3-a0c6-4f81-ae90-f7327ac63566|rpc:127.0.0.1:38023|dataStream:|priority:0, 1606c9ac-ae8d-4b60-b668-ad188c7b9b7a|rpc:127.0.0.1:44611|dataStream:|priority:0, d44b9b66-006b-4516-8682-2587942b100c|rpc:127.0.0.1:38031|dataStream:|priority:1] with ContainerStateMachine:uninitialized
2021-12-28 02:23:41,258 [pool-347-thread-1] INFO  server.RaftServerConfigKeys (ConfUtils.java:logGet(44)) - raft.server.rpc.timeout.min = 5s (custom)
2021-12-28 02:23:41,258 [pool-347-thread-1] INFO  server.RaftServerConfigKeys (ConfUtils.java:logGet(44)) - raft.server.rpc.timeout.max = 5200ms (custom)
2021-12-28 02:23:41,258 [pool-347-thread-1] INFO  server.RaftServerConfigKeys (ConfUtils.java:logGet(44)) - raft.server.rpc.sleep.time = 25ms (default)
2021-12-28 02:23:41,258 [pool-347-thread-1] INFO  server.RaftServerConfigKeys (ConfUtils.java:logGet(44)) - raft.server.rpc.slowness.timeout = 300s (custom)
2021-12-28 02:23:41,258 [pool-347-thread-1] INFO  server.RaftServerConfigKeys (ConfUtils.java:logGet(44)) - raft.server.leaderelection.leader.step-down.wait-time = 10s (default)
2021-12-28 02:23:41,258 [pool-347-thread-1] INFO  server.RaftServerConfigKeys (ConfUtils.java:logGet(44)) - raft.server.sleep.deviation.threshold = 300ms (default)
2021-12-28 02:23:41,258 [pool-347-thread-1] INFO  server.RaftServerConfigKeys (ConfUtils.java:logGet(44)) - raft.server.log.appender.install.snapshot.enabled = false (custom)
2021-12-28 02:23:41,258 [pool-347-thread-1] INFO  server.RaftServer$Division (ServerState.java:<init>(105)) - d44b9b66-006b-4516-8682-2587942b100c@group-D498122A220C: ConfigurationManager, init=-1: [e6ec2fd3-a0c6-4f81-ae90-f7327ac63566|rpc:127.0.0.1:38023|dataStream:|priority:0, 1606c9ac-ae8d-4b60-b668-ad188c7b9b7a|rpc:127.0.0.1:44611|dataStream:|priority:0, d44b9b66-006b-4516-8682-2587942b100c|rpc:127.0.0.1:38031|dataStream:|priority:1], old=null, confs=<EMPTY_MAP>
2021-12-28 02:23:41,258 [pool-347-thread-1] INFO  server.RaftServerConfigKeys (ConfUtils.java:logGet(44)) - raft.server.storage.dir = [/home/runner/work/ozone/ozone/hadoop-ozone/integration-test/target/test-dir/MiniOzoneClusterImpl-b5c7e046-d456-4649-9d8a-956fe40c5cb7/datanode-2/data/ratis] (custom)
2021-12-28 02:23:41,259 [pool-347-thread-1] INFO  server.RaftServerConfigKeys (ConfUtils.java:logGet(44)) - raft.server.log.corruption.policy = EXCEPTION (default)
2021-12-28 02:23:41,259 [pool-347-thread-1] INFO  server.RaftServerConfigKeys (ConfUtils.java:logGet(44)) - raft.server.storage.free-space.min = 0MB (=0) (default)
2021-12-28 02:23:41,259 [pool-347-thread-1] INFO  storage.RaftStorageDirectory (RaftStorageDirectoryImpl.java:analyzeStorage(135)) - The storage directory /home/runner/work/ozone/ozone/hadoop-ozone/integration-test/target/test-dir/MiniOzoneClusterImpl-b5c7e046-d456-4649-9d8a-956fe40c5cb7/datanode-2/data/ratis/e6f8f755-bbc8-4421-a05d-d498122a220c does not exist. Creating ...
2021-12-28 02:23:41,260 [pool-347-thread-1] INFO  storage.RaftStorageDirectory (RaftStorageDirectoryImpl.java:tryLock(230)) - Lock on /home/runner/work/ozone/ozone/hadoop-ozone/integration-test/target/test-dir/MiniOzoneClusterImpl-b5c7e046-d456-4649-9d8a-956fe40c5cb7/datanode-2/data/ratis/e6f8f755-bbc8-4421-a05d-d498122a220c/in_use.lock acquired by nodename 8510@fv-az184-560
2021-12-28 02:23:41,267 [pool-347-thread-1] INFO  storage.RaftStorage (RaftStorageImpl.java:format(89)) - Storage directory /home/runner/work/ozone/ozone/hadoop-ozone/integration-test/target/test-dir/MiniOzoneClusterImpl-b5c7e046-d456-4649-9d8a-956fe40c5cb7/datanode-2/data/ratis/e6f8f755-bbc8-4421-a05d-d498122a220c has been successfully formatted.
2021-12-28 02:23:41,267 [pool-347-thread-1] INFO  ratis.ContainerStateMachine (ContainerStateMachine.java:loadSnapshot(231)) - group-D498122A220C: The snapshot info is null. Setting the last applied indexto:(t:0, i:~)
2021-12-28 02:23:41,267 [pool-347-thread-1] INFO  server.RaftServerConfigKeys (ConfUtils.java:logGet(44)) - raft.server.notification.no-leader.timeout = 300s (custom)
2021-12-28 02:23:41,267 [pool-347-thread-1] INFO  server.RaftServerConfigKeys (ConfUtils.java:logGet(44)) - raft.server.log.use.memory = false (default)
2021-12-28 02:23:41,267 [pool-347-thread-1] INFO  server.RaftServerConfigKeys (ConfUtils.java:logGet(44)) - raft.server.log.purge.gap = 1000000 (custom)
2021-12-28 02:23:41,267 [pool-347-thread-1] INFO  server.RaftServerConfigKeys (ConfUtils.java:logGet(44)) - raft.server.log.appender.buffer.byte-limit = 33554432 (custom)
2021-12-28 02:23:41,268 [pool-347-thread-1] INFO  server.RaftServerConfigKeys (ConfUtils.java:logGet(44)) - raft.server.log.segment.size.max = 1048576 (custom)
2021-12-28 02:23:41,268 [pool-347-thread-1] INFO  server.RaftServerConfigKeys (ConfUtils.java:logGet(44)) - raft.server.log.segment.cache.num.max = 2 (custom)
2021-12-28 02:23:41,268 [pool-347-thread-1] INFO  server.RaftServerConfigKeys (ConfUtils.java:logGet(44)) - raft.server.log.segment.cache.size.max = 200MB (=209715200) (default)
2021-12-28 02:23:41,268 [pool-347-thread-1] INFO  segmented.SegmentedRaftLogWorker (SegmentedRaftLogWorker.java:<init>(182)) - new d44b9b66-006b-4516-8682-2587942b100c@group-D498122A220C-SegmentedRaftLogWorker for RaftStorageImpl:Storage Directory /home/runner/work/ozone/ozone/hadoop-ozone/integration-test/target/test-dir/MiniOzoneClusterImpl-b5c7e046-d456-4649-9d8a-956fe40c5cb7/datanode-2/data/ratis/e6f8f755-bbc8-4421-a05d-d498122a220c
2021-12-28 02:23:41,268 [pool-347-thread-1] INFO  server.RaftServerConfigKeys (ConfUtils.java:logGet(44)) - raft.server.log.queue.byte-limit = 2147483647 (custom)
2021-12-28 02:23:41,268 [pool-347-thread-1] INFO  server.RaftServerConfigKeys (ConfUtils.java:logGet(44)) - raft.server.log.queue.element-limit = 1024 (custom)
2021-12-28 02:23:41,268 [pool-347-thread-1] INFO  server.RaftServerConfigKeys (ConfUtils.java:logGet(44)) - raft.server.log.segment.size.max = 1048576 (custom)
2021-12-28 02:23:41,268 [pool-347-thread-1] INFO  server.RaftServerConfigKeys (ConfUtils.java:logGet(44)) - raft.server.log.preallocated.size = 16384 (custom)
2021-12-28 02:23:41,268 [pool-347-thread-1] INFO  server.RaftServerConfigKeys (ConfUtils.java:logGet(44)) - raft.server.log.force.sync.num = 128 (default)
2021-12-28 02:23:41,268 [pool-347-thread-1] INFO  server.RaftServerConfigKeys (ConfUtils.java:logGet(44)) - raft.server.log.statemachine.data.sync = true (default)
2021-12-28 02:23:41,268 [pool-347-thread-1] INFO  server.RaftServerConfigKeys (ConfUtils.java:logGet(44)) - raft.server.log.statemachine.data.sync.timeout = 10s (default)
2021-12-28 02:23:41,268 [pool-347-thread-1] INFO  server.RaftServerConfigKeys (ConfUtils.java:logGet(44)) - raft.server.log.statemachine.data.sync.timeout.retry = -1 (default)
2021-12-28 02:23:41,269 [pool-347-thread-1] INFO  server.RaftServerConfigKeys (ConfUtils.java:logGet(44)) - raft.server.log.write.buffer.size = 1048576 (custom)
2021-12-28 02:23:41,272 [pool-347-thread-1] INFO  server.RaftServerConfigKeys (ConfUtils.java:logGet(44)) - raft.server.log.statemachine.data.caching.enabled = true (custom)
2021-12-28 02:23:41,272 [pool-347-thread-1] INFO  segmented.SegmentedRaftLogWorker (SegmentedRaftLogWorker.java:lambda$new$0(133)) - d44b9b66-006b-4516-8682-2587942b100c@group-D498122A220C-SegmentedRaftLogWorker: flushIndex: setUnconditionally 0 -> -1
2021-12-28 02:23:41,272 [pool-347-thread-1] INFO  segmented.SegmentedRaftLogWorker (SegmentedRaftLogWorker.java:lambda$new$0(133)) - d44b9b66-006b-4516-8682-2587942b100c@group-D498122A220C-SegmentedRaftLogWorker: safeCacheEvictIndex: setUnconditionally 0 -> -1
2021-12-28 02:23:41,284 [pool-347-thread-1] INFO  server.RaftServerConfigKeys (ConfUtils.java:logGet(44)) - raft.server.snapshot.auto.trigger.enabled = true (custom)
2021-12-28 02:23:41,284 [pool-347-thread-1] INFO  server.RaftServerConfigKeys (ConfUtils.java:logGet(44)) - raft.server.snapshot.auto.trigger.threshold = 10000 (custom)
2021-12-28 02:23:41,284 [pool-347-thread-1] INFO  server.RaftServerConfigKeys (ConfUtils.java:logGet(44)) - raft.server.snapshot.retention.file.num = 5 (custom)
2021-12-28 02:23:41,284 [pool-347-thread-1] INFO  server.RaftServerConfigKeys (ConfUtils.java:logGet(44)) - raft.server.log.purge.upto.snapshot.index = false (default)
2021-12-28 02:23:41,284 [pool-347-thread-1] INFO  server.RaftServerConfigKeys (ConfUtils.java:logGet(44)) - raft.server.retrycache.expirytime = 600000ms (custom)
2021-12-28 02:23:41,284 [pool-347-thread-1] INFO  server.RaftServerConfigKeys (ConfUtils.java:logGet(44)) - raft.server.retrycache.statistics.expirytime = 100μs (default)
2021-12-28 02:23:41,285 [pool-347-thread-1] INFO  server.RaftServer$Division (RaftServerImpl.java:start(301)) - d44b9b66-006b-4516-8682-2587942b100c@group-D498122A220C: start as a follower, conf=-1: [e6ec2fd3-a0c6-4f81-ae90-f7327ac63566|rpc:127.0.0.1:38023|dataStream:|priority:0, 1606c9ac-ae8d-4b60-b668-ad188c7b9b7a|rpc:127.0.0.1:44611|dataStream:|priority:0, d44b9b66-006b-4516-8682-2587942b100c|rpc:127.0.0.1:38031|dataStream:|priority:1], old=null
2021-12-28 02:23:41,285 [pool-347-thread-1] INFO  server.RaftServer$Division (RaftServerImpl.java:setRole(290)) - d44b9b66-006b-4516-8682-2587942b100c@group-D498122A220C: changes role from      null to FOLLOWER at term 0 for startAsFollower
2021-12-28 02:23:41,285 [pool-347-thread-1] INFO  impl.RoleInfo (RoleInfo.java:updateAndGet(130)) - d44b9b66-006b-4516-8682-2587942b100c: start d44b9b66-006b-4516-8682-2587942b100c@group-D498122A220C-FollowerState
2021-12-28 02:23:41,289 [pool-347-thread-1] INFO  util.JmxRegister (JmxRegister.java:tryRegister(44)) - Successfully registered JMX Bean with object name Ratis:service=RaftServer,group=group-D498122A220C,id=d44b9b66-006b-4516-8682-2587942b100c
2021-12-28 02:23:41,323 [Command processor thread] INFO  commandhandler.CreatePipelineCommandHandler (CreatePipelineCommandHandler.java:handle(106)) - Created Pipeline RATIS THREE PipelineID=e6f8f755-bbc8-4421-a05d-d498122a220c.
2021-12-28 02:23:41,323 [Command processor thread] INFO  server.RaftServer (RaftServerProxy.java:addNew(95)) - e6ec2fd3-a0c6-4f81-ae90-f7327ac63566: addNew group-780EFEE5BBA3:[e6ec2fd3-a0c6-4f81-ae90-f7327ac63566|rpc:127.0.0.1:38023|priority:0, 1606c9ac-ae8d-4b60-b668-ad188c7b9b7a|rpc:127.0.0.1:44611|priority:1, d44b9b66-006b-4516-8682-2587942b100c|rpc:127.0.0.1:38031|priority:0] returns group-780EFEE5BBA3:java.util.concurrent.CompletableFuture@50303622[Not completed]
2021-12-28 02:23:41,324 [pool-301-thread-1] INFO  server.RaftServer$Division (RaftServerImpl.java:<init>(184)) - e6ec2fd3-a0c6-4f81-ae90-f7327ac63566: new RaftServerImpl for group-780EFEE5BBA3:[e6ec2fd3-a0c6-4f81-ae90-f7327ac63566|rpc:127.0.0.1:38023|priority:0, 1606c9ac-ae8d-4b60-b668-ad188c7b9b7a|rpc:127.0.0.1:44611|priority:1, d44b9b66-006b-4516-8682-2587942b100c|rpc:127.0.0.1:38031|priority:0] with ContainerStateMachine:uninitialized
2021-12-28 02:23:41,324 [pool-301-thread-1] INFO  server.RaftServerConfigKeys (ConfUtils.java:logGet(44)) - raft.server.rpc.timeout.min = 5s (custom)
2021-12-28 02:23:41,324 [pool-301-thread-1] INFO  server.RaftServerConfigKeys (ConfUtils.java:logGet(44)) - raft.server.rpc.timeout.max = 5200ms (custom)
2021-12-28 02:23:41,324 [pool-301-thread-1] INFO  server.RaftServerConfigKeys (ConfUtils.java:logGet(44)) - raft.server.rpc.sleep.time = 25ms (default)
2021-12-28 02:23:41,324 [pool-301-thread-1] INFO  server.RaftServerConfigKeys (ConfUtils.java:logGet(44)) - raft.server.rpc.slowness.timeout = 300s (custom)
2021-12-28 02:23:41,324 [pool-301-thread-1] INFO  server.RaftServerConfigKeys (ConfUtils.java:logGet(44)) - raft.server.leaderelection.leader.step-down.wait-time = 10s (default)
2021-12-28 02:23:41,324 [pool-301-thread-1] INFO  server.RaftServerConfigKeys (ConfUtils.java:logGet(44)) - raft.server.sleep.deviation.threshold = 300ms (default)
2021-12-28 02:23:41,324 [pool-301-thread-1] INFO  server.RaftServerConfigKeys (ConfUtils.java:logGet(44)) - raft.server.log.appender.install.snapshot.enabled = false (custom)
2021-12-28 02:23:41,324 [pool-301-thread-1] INFO  server.RaftServer$Division (ServerState.java:<init>(105)) - e6ec2fd3-a0c6-4f81-ae90-f7327ac63566@group-780EFEE5BBA3: ConfigurationManager, init=-1: [e6ec2fd3-a0c6-4f81-ae90-f7327ac63566|rpc:127.0.0.1:38023|priority:0, 1606c9ac-ae8d-4b60-b668-ad188c7b9b7a|rpc:127.0.0.1:44611|priority:1, d44b9b66-006b-4516-8682-2587942b100c|rpc:127.0.0.1:38031|priority:0], old=null, confs=<EMPTY_MAP>
2021-12-28 02:23:41,324 [pool-301-thread-1] INFO  server.RaftServerConfigKeys (ConfUtils.java:logGet(44)) - raft.server.storage.dir = [/home/runner/work/ozone/ozone/hadoop-ozone/integration-test/target/test-dir/MiniOzoneClusterImpl-b5c7e046-d456-4649-9d8a-956fe40c5cb7/datanode-0/data/ratis] (custom)
2021-12-28 02:23:41,324 [pool-301-thread-1] INFO  server.RaftServerConfigKeys (ConfUtils.java:logGet(44)) - raft.server.log.corruption.policy = EXCEPTION (default)
2021-12-28 02:23:41,324 [pool-301-thread-1] INFO  server.RaftServerConfigKeys (ConfUtils.java:logGet(44)) - raft.server.storage.free-space.min = 0MB (=0) (default)
2021-12-28 02:23:41,324 [pool-301-thread-1] INFO  storage.RaftStorageDirectory (RaftStorageDirectoryImpl.java:analyzeStorage(135)) - The storage directory /home/runner/work/ozone/ozone/hadoop-ozone/integration-test/target/test-dir/MiniOzoneClusterImpl-b5c7e046-d456-4649-9d8a-956fe40c5cb7/datanode-0/data/ratis/8b8acd11-3b83-4fdc-8c9a-780efee5bba3 does not exist. Creating ...
2021-12-28 02:23:41,330 [pool-301-thread-1] INFO  storage.RaftStorageDirectory (RaftStorageDirectoryImpl.java:tryLock(230)) - Lock on /home/runner/work/ozone/ozone/hadoop-ozone/integration-test/target/test-dir/MiniOzoneClusterImpl-b5c7e046-d456-4649-9d8a-956fe40c5cb7/datanode-0/data/ratis/8b8acd11-3b83-4fdc-8c9a-780efee5bba3/in_use.lock acquired by nodename 8510@fv-az184-560
2021-12-28 02:23:41,331 [pool-301-thread-1] INFO  storage.RaftStorage (RaftStorageImpl.java:format(89)) - Storage directory /home/runner/work/ozone/ozone/hadoop-ozone/integration-test/target/test-dir/MiniOzoneClusterImpl-b5c7e046-d456-4649-9d8a-956fe40c5cb7/datanode-0/data/ratis/8b8acd11-3b83-4fdc-8c9a-780efee5bba3 has been successfully formatted.
2021-12-28 02:23:41,331 [pool-301-thread-1] INFO  ratis.ContainerStateMachine (ContainerStateMachine.java:loadSnapshot(231)) - group-780EFEE5BBA3: The snapshot info is null. Setting the last applied indexto:(t:0, i:~)
2021-12-28 02:23:41,331 [pool-301-thread-1] INFO  server.RaftServerConfigKeys (ConfUtils.java:logGet(44)) - raft.server.notification.no-leader.timeout = 300s (custom)
2021-12-28 02:23:41,331 [pool-301-thread-1] INFO  server.RaftServerConfigKeys (ConfUtils.java:logGet(44)) - raft.server.log.use.memory = false (default)
2021-12-28 02:23:41,331 [pool-301-thread-1] INFO  server.RaftServerConfigKeys (ConfUtils.java:logGet(44)) - raft.server.log.purge.gap = 1000000 (custom)
2021-12-28 02:23:41,331 [pool-301-thread-1] INFO  server.RaftServerConfigKeys (ConfUtils.java:logGet(44)) - raft.server.log.appender.buffer.byte-limit = 33554432 (custom)
2021-12-28 02:23:41,332 [pool-301-thread-1] INFO  server.RaftServerConfigKeys (ConfUtils.java:logGet(44)) - raft.server.log.segment.size.max = 1048576 (custom)
2021-12-28 02:23:41,332 [pool-301-thread-1] INFO  server.RaftServerConfigKeys (ConfUtils.java:logGet(44)) - raft.server.log.segment.cache.num.max = 2 (custom)
2021-12-28 02:23:41,332 [pool-301-thread-1] INFO  server.RaftServerConfigKeys (ConfUtils.java:logGet(44)) - raft.server.log.segment.cache.size.max = 200MB (=209715200) (default)
2021-12-28 02:23:41,332 [pool-301-thread-1] INFO  segmented.SegmentedRaftLogWorker (SegmentedRaftLogWorker.java:<init>(182)) - new e6ec2fd3-a0c6-4f81-ae90-f7327ac63566@group-780EFEE5BBA3-SegmentedRaftLogWorker for RaftStorageImpl:Storage Directory /home/runner/work/ozone/ozone/hadoop-ozone/integration-test/target/test-dir/MiniOzoneClusterImpl-b5c7e046-d456-4649-9d8a-956fe40c5cb7/datanode-0/data/ratis/8b8acd11-3b83-4fdc-8c9a-780efee5bba3
2021-12-28 02:23:41,332 [pool-301-thread-1] INFO  server.RaftServerConfigKeys (ConfUtils.java:logGet(44)) - raft.server.log.queue.byte-limit = 2147483647 (custom)
2021-12-28 02:23:41,332 [pool-301-thread-1] INFO  server.RaftServerConfigKeys (ConfUtils.java:logGet(44)) - raft.server.log.queue.element-limit = 1024 (custom)
2021-12-28 02:23:41,332 [pool-301-thread-1] INFO  server.RaftServerConfigKeys (ConfUtils.java:logGet(44)) - raft.server.log.segment.size.max = 1048576 (custom)
2021-12-28 02:23:41,332 [pool-301-thread-1] INFO  server.RaftServerConfigKeys (ConfUtils.java:logGet(44)) - raft.server.log.preallocated.size = 16384 (custom)
2021-12-28 02:23:41,333 [pool-301-thread-1] INFO  server.RaftServerConfigKeys (ConfUtils.java:logGet(44)) - raft.server.log.force.sync.num = 128 (default)
2021-12-28 02:23:41,333 [pool-301-thread-1] INFO  server.RaftServerConfigKeys (ConfUtils.java:logGet(44)) - raft.server.log.statemachine.data.sync = true (default)
2021-12-28 02:23:41,333 [pool-301-thread-1] INFO  server.RaftServerConfigKeys (ConfUtils.java:logGet(44)) - raft.server.log.statemachine.data.sync.timeout = 10s (default)
2021-12-28 02:23:41,333 [pool-301-thread-1] INFO  server.RaftServerConfigKeys (ConfUtils.java:logGet(44)) - raft.server.log.statemachine.data.sync.timeout.retry = -1 (default)
2021-12-28 02:23:41,334 [pool-301-thread-1] INFO  server.RaftServerConfigKeys (ConfUtils.java:logGet(44)) - raft.server.log.write.buffer.size = 1048576 (custom)
2021-12-28 02:23:41,338 [pool-301-thread-1] INFO  server.RaftServerConfigKeys (ConfUtils.java:logGet(44)) - raft.server.log.statemachine.data.caching.enabled = true (custom)
2021-12-28 02:23:41,338 [pool-301-thread-1] INFO  segmented.SegmentedRaftLogWorker (SegmentedRaftLogWorker.java:lambda$new$0(133)) - e6ec2fd3-a0c6-4f81-ae90-f7327ac63566@group-780EFEE5BBA3-SegmentedRaftLogWorker: flushIndex: setUnconditionally 0 -> -1
2021-12-28 02:23:41,339 [pool-301-thread-1] INFO  segmented.SegmentedRaftLogWorker (SegmentedRaftLogWorker.java:lambda$new$0(133)) - e6ec2fd3-a0c6-4f81-ae90-f7327ac63566@group-780EFEE5BBA3-SegmentedRaftLogWorker: safeCacheEvictIndex: setUnconditionally 0 -> -1
2021-12-28 02:23:41,339 [pool-301-thread-1] INFO  server.RaftServerConfigKeys (ConfUtils.java:logGet(44)) - raft.server.snapshot.auto.trigger.enabled = true (custom)
2021-12-28 02:23:41,339 [pool-301-thread-1] INFO  server.RaftServerConfigKeys (ConfUtils.java:logGet(44)) - raft.server.snapshot.auto.trigger.threshold = 10000 (custom)
2021-12-28 02:23:41,339 [pool-301-thread-1] INFO  server.RaftServerConfigKeys (ConfUtils.java:logGet(44)) - raft.server.snapshot.retention.file.num = 5 (custom)
2021-12-28 02:23:41,339 [pool-301-thread-1] INFO  server.RaftServerConfigKeys (ConfUtils.java:logGet(44)) - raft.server.log.purge.upto.snapshot.index = false (default)
2021-12-28 02:23:41,339 [pool-301-thread-1] INFO  server.RaftServerConfigKeys (ConfUtils.java:logGet(44)) - raft.server.retrycache.expirytime = 600000ms (custom)
2021-12-28 02:23:41,339 [pool-301-thread-1] INFO  server.RaftServerConfigKeys (ConfUtils.java:logGet(44)) - raft.server.retrycache.statistics.expirytime = 100μs (default)
2021-12-28 02:23:41,341 [pool-301-thread-1] INFO  server.RaftServer$Division (RaftServerImpl.java:start(301)) - e6ec2fd3-a0c6-4f81-ae90-f7327ac63566@group-780EFEE5BBA3: start as a follower, conf=-1: [e6ec2fd3-a0c6-4f81-ae90-f7327ac63566|rpc:127.0.0.1:38023|priority:0, 1606c9ac-ae8d-4b60-b668-ad188c7b9b7a|rpc:127.0.0.1:44611|priority:1, d44b9b66-006b-4516-8682-2587942b100c|rpc:127.0.0.1:38031|priority:0], old=null
2021-12-28 02:23:41,341 [pool-301-thread-1] INFO  server.RaftServer$Division (RaftServerImpl.java:setRole(290)) - e6ec2fd3-a0c6-4f81-ae90-f7327ac63566@group-780EFEE5BBA3: changes role from      null to FOLLOWER at term 0 for startAsFollower
2021-12-28 02:23:41,341 [pool-301-thread-1] INFO  impl.RoleInfo (RoleInfo.java:updateAndGet(130)) - e6ec2fd3-a0c6-4f81-ae90-f7327ac63566: start e6ec2fd3-a0c6-4f81-ae90-f7327ac63566@group-780EFEE5BBA3-FollowerState
2021-12-28 02:23:41,350 [pool-301-thread-1] INFO  util.JmxRegister (JmxRegister.java:tryRegister(44)) - Successfully registered JMX Bean with object name Ratis:service=RaftServer,group=group-780EFEE5BBA3,id=e6ec2fd3-a0c6-4f81-ae90-f7327ac63566
2021-12-28 02:23:41,351 [Command processor thread] INFO  ratis.XceiverServerRatis (XceiverServerRatis.java:addGroup(768)) - Created group PipelineID=8b8acd11-3b83-4fdc-8c9a-780efee5bba3
2021-12-28 02:23:41,363 [grpc-default-executor-1] INFO  server.RaftServer (RaftServerProxy.java:addNew(95)) - 1606c9ac-ae8d-4b60-b668-ad188c7b9b7a: addNew group-780EFEE5BBA3:[e6ec2fd3-a0c6-4f81-ae90-f7327ac63566|rpc:127.0.0.1:38023|dataStream:|priority:0, 1606c9ac-ae8d-4b60-b668-ad188c7b9b7a|rpc:127.0.0.1:44611|dataStream:|priority:1, d44b9b66-006b-4516-8682-2587942b100c|rpc:127.0.0.1:38031|dataStream:|priority:0] returns group-780EFEE5BBA3:java.util.concurrent.CompletableFuture@784c614[Not completed]
2021-12-28 02:23:41,364 [pool-324-thread-1] INFO  server.RaftServer$Division (RaftServerImpl.java:<init>(184)) - 1606c9ac-ae8d-4b60-b668-ad188c7b9b7a: new RaftServerImpl for group-780EFEE5BBA3:[e6ec2fd3-a0c6-4f81-ae90-f7327ac63566|rpc:127.0.0.1:38023|dataStream:|priority:0, 1606c9ac-ae8d-4b60-b668-ad188c7b9b7a|rpc:127.0.0.1:44611|dataStream:|priority:1, d44b9b66-006b-4516-8682-2587942b100c|rpc:127.0.0.1:38031|dataStream:|priority:0] with ContainerStateMachine:uninitialized
2021-12-28 02:23:41,364 [pool-324-thread-1] INFO  server.RaftServerConfigKeys (ConfUtils.java:logGet(44)) - raft.server.rpc.timeout.min = 5s (custom)
2021-12-28 02:23:41,364 [pool-324-thread-1] INFO  server.RaftServerConfigKeys (ConfUtils.java:logGet(44)) - raft.server.rpc.timeout.max = 5200ms (custom)
2021-12-28 02:23:41,364 [pool-324-thread-1] INFO  server.RaftServerConfigKeys (ConfUtils.java:logGet(44)) - raft.server.rpc.sleep.time = 25ms (default)
2021-12-28 02:23:41,364 [pool-324-thread-1] INFO  server.RaftServerConfigKeys (ConfUtils.java:logGet(44)) - raft.server.rpc.slowness.timeout = 300s (custom)
2021-12-28 02:23:41,364 [pool-324-thread-1] INFO  server.RaftServerConfigKeys (ConfUtils.java:logGet(44)) - raft.server.leaderelection.leader.step-down.wait-time = 10s (default)
2021-12-28 02:23:41,364 [pool-324-thread-1] INFO  server.RaftServerConfigKeys (ConfUtils.java:logGet(44)) - raft.server.sleep.deviation.threshold = 300ms (default)
2021-12-28 02:23:41,364 [pool-324-thread-1] INFO  server.RaftServerConfigKeys (ConfUtils.java:logGet(44)) - raft.server.log.appender.install.snapshot.enabled = false (custom)
2021-12-28 02:23:41,364 [pool-324-thread-1] INFO  server.RaftServer$Division (ServerState.java:<init>(105)) - 1606c9ac-ae8d-4b60-b668-ad188c7b9b7a@group-780EFEE5BBA3: ConfigurationManager, init=-1: [e6ec2fd3-a0c6-4f81-ae90-f7327ac63566|rpc:127.0.0.1:38023|dataStream:|priority:0, 1606c9ac-ae8d-4b60-b668-ad188c7b9b7a|rpc:127.0.0.1:44611|dataStream:|priority:1, d44b9b66-006b-4516-8682-2587942b100c|rpc:127.0.0.1:38031|dataStream:|priority:0], old=null, confs=<EMPTY_MAP>
2021-12-28 02:23:41,364 [pool-324-thread-1] INFO  server.RaftServerConfigKeys (ConfUtils.java:logGet(44)) - raft.server.storage.dir = [/home/runner/work/ozone/ozone/hadoop-ozone/integration-test/target/test-dir/MiniOzoneClusterImpl-b5c7e046-d456-4649-9d8a-956fe40c5cb7/datanode-1/data/ratis] (custom)
2021-12-28 02:23:41,364 [pool-324-thread-1] INFO  server.RaftServerConfigKeys (ConfUtils.java:logGet(44)) - raft.server.log.corruption.policy = EXCEPTION (default)
2021-12-28 02:23:41,364 [pool-324-thread-1] INFO  server.RaftServerConfigKeys (ConfUtils.java:logGet(44)) - raft.server.storage.free-space.min = 0MB (=0) (default)
2021-12-28 02:23:41,364 [pool-324-thread-1] INFO  storage.RaftStorageDirectory (RaftStorageDirectoryImpl.java:analyzeStorage(135)) - The storage directory /home/runner/work/ozone/ozone/hadoop-ozone/integration-test/target/test-dir/MiniOzoneClusterImpl-b5c7e046-d456-4649-9d8a-956fe40c5cb7/datanode-1/data/ratis/8b8acd11-3b83-4fdc-8c9a-780efee5bba3 does not exist. Creating ...
2021-12-28 02:23:41,368 [pool-324-thread-1] INFO  storage.RaftStorageDirectory (RaftStorageDirectoryImpl.java:tryLock(230)) - Lock on /home/runner/work/ozone/ozone/hadoop-ozone/integration-test/target/test-dir/MiniOzoneClusterImpl-b5c7e046-d456-4649-9d8a-956fe40c5cb7/datanode-1/data/ratis/8b8acd11-3b83-4fdc-8c9a-780efee5bba3/in_use.lock acquired by nodename 8510@fv-az184-560
2021-12-28 02:23:41,369 [pool-324-thread-1] INFO  storage.RaftStorage (RaftStorageImpl.java:format(89)) - Storage directory /home/runner/work/ozone/ozone/hadoop-ozone/integration-test/target/test-dir/MiniOzoneClusterImpl-b5c7e046-d456-4649-9d8a-956fe40c5cb7/datanode-1/data/ratis/8b8acd11-3b83-4fdc-8c9a-780efee5bba3 has been successfully formatted.
2021-12-28 02:23:41,370 [pool-324-thread-1] INFO  ratis.ContainerStateMachine (ContainerStateMachine.java:loadSnapshot(231)) - group-780EFEE5BBA3: The snapshot info is null. Setting the last applied indexto:(t:0, i:~)
2021-12-28 02:23:41,376 [pool-324-thread-1] INFO  server.RaftServerConfigKeys (ConfUtils.java:logGet(44)) - raft.server.notification.no-leader.timeout = 300s (custom)
2021-12-28 02:23:41,376 [pool-324-thread-1] INFO  server.RaftServerConfigKeys (ConfUtils.java:logGet(44)) - raft.server.log.use.memory = false (default)
2021-12-28 02:23:41,376 [pool-324-thread-1] INFO  server.RaftServerConfigKeys (ConfUtils.java:logGet(44)) - raft.server.log.purge.gap = 1000000 (custom)
2021-12-28 02:23:41,376 [pool-324-thread-1] INFO  server.RaftServerConfigKeys (ConfUtils.java:logGet(44)) - raft.server.log.appender.buffer.byte-limit = 33554432 (custom)
2021-12-28 02:23:41,376 [pool-324-thread-1] INFO  server.RaftServerConfigKeys (ConfUtils.java:logGet(44)) - raft.server.log.segment.size.max = 1048576 (custom)
2021-12-28 02:23:41,377 [pool-324-thread-1] INFO  server.RaftServerConfigKeys (ConfUtils.java:logGet(44)) - raft.server.log.segment.cache.num.max = 2 (custom)
2021-12-28 02:23:41,377 [pool-324-thread-1] INFO  server.RaftServerConfigKeys (ConfUtils.java:logGet(44)) - raft.server.log.segment.cache.size.max = 200MB (=209715200) (default)
2021-12-28 02:23:41,377 [pool-324-thread-1] INFO  segmented.SegmentedRaftLogWorker (SegmentedRaftLogWorker.java:<init>(182)) - new 1606c9ac-ae8d-4b60-b668-ad188c7b9b7a@group-780EFEE5BBA3-SegmentedRaftLogWorker for RaftStorageImpl:Storage Directory /home/runner/work/ozone/ozone/hadoop-ozone/integration-test/target/test-dir/MiniOzoneClusterImpl-b5c7e046-d456-4649-9d8a-956fe40c5cb7/datanode-1/data/ratis/8b8acd11-3b83-4fdc-8c9a-780efee5bba3
2021-12-28 02:23:41,377 [pool-324-thread-1] INFO  server.RaftServerConfigKeys (ConfUtils.java:logGet(44)) - raft.server.log.queue.byte-limit = 2147483647 (custom)
2021-12-28 02:23:41,377 [pool-324-thread-1] INFO  server.RaftServerConfigKeys (ConfUtils.java:logGet(44)) - raft.server.log.queue.element-limit = 1024 (custom)
2021-12-28 02:23:41,377 [pool-324-thread-1] INFO  server.RaftServerConfigKeys (ConfUtils.java:logGet(44)) - raft.server.log.segment.size.max = 1048576 (custom)
2021-12-28 02:23:41,377 [pool-324-thread-1] INFO  server.RaftServerConfigKeys (ConfUtils.java:logGet(44)) - raft.server.log.preallocated.size = 16384 (custom)
2021-12-28 02:23:41,377 [pool-324-thread-1] INFO  server.RaftServerConfigKeys (ConfUtils.java:logGet(44)) - raft.server.log.force.sync.num = 128 (default)
2021-12-28 02:23:41,377 [pool-324-thread-1] INFO  server.RaftServerConfigKeys (ConfUtils.java:logGet(44)) - raft.server.log.statemachine.data.sync = true (default)
2021-12-28 02:23:41,378 [pool-324-thread-1] INFO  server.RaftServerConfigKeys (ConfUtils.java:logGet(44)) - raft.server.log.statemachine.data.sync.timeout = 10s (default)
2021-12-28 02:23:41,378 [pool-324-thread-1] INFO  server.RaftServerConfigKeys (ConfUtils.java:logGet(44)) - raft.server.log.statemachine.data.sync.timeout.retry = -1 (default)
2021-12-28 02:23:41,379 [pool-324-thread-1] INFO  server.RaftServerConfigKeys (ConfUtils.java:logGet(44)) - raft.server.log.write.buffer.size = 1048576 (custom)
2021-12-28 02:23:41,379 [pool-324-thread-1] INFO  server.RaftServerConfigKeys (ConfUtils.java:logGet(44)) - raft.server.log.statemachine.data.caching.enabled = true (custom)
2021-12-28 02:23:41,380 [pool-324-thread-1] INFO  segmented.SegmentedRaftLogWorker (SegmentedRaftLogWorker.java:lambda$new$0(133)) - 1606c9ac-ae8d-4b60-b668-ad188c7b9b7a@group-780EFEE5BBA3-SegmentedRaftLogWorker: flushIndex: setUnconditionally 0 -> -1
2021-12-28 02:23:41,380 [pool-324-thread-1] INFO  segmented.SegmentedRaftLogWorker (SegmentedRaftLogWorker.java:lambda$new$0(133)) - 1606c9ac-ae8d-4b60-b668-ad188c7b9b7a@group-780EFEE5BBA3-SegmentedRaftLogWorker: safeCacheEvictIndex: setUnconditionally 0 -> -1
2021-12-28 02:23:41,386 [pool-324-thread-1] INFO  server.RaftServerConfigKeys (ConfUtils.java:logGet(44)) - raft.server.snapshot.auto.trigger.enabled = true (custom)
2021-12-28 02:23:41,386 [pool-324-thread-1] INFO  server.RaftServerConfigKeys (ConfUtils.java:logGet(44)) - raft.server.snapshot.auto.trigger.threshold = 10000 (custom)
2021-12-28 02:23:41,386 [pool-324-thread-1] INFO  server.RaftServerConfigKeys (ConfUtils.java:logGet(44)) - raft.server.snapshot.retention.file.num = 5 (custom)
2021-12-28 02:23:41,386 [pool-324-thread-1] INFO  server.RaftServerConfigKeys (ConfUtils.java:logGet(44)) - raft.server.log.purge.upto.snapshot.index = false (default)
2021-12-28 02:23:41,386 [pool-324-thread-1] INFO  server.RaftServerConfigKeys (ConfUtils.java:logGet(44)) - raft.server.retrycache.expirytime = 600000ms (custom)
2021-12-28 02:23:41,386 [pool-324-thread-1] INFO  server.RaftServerConfigKeys (ConfUtils.java:logGet(44)) - raft.server.retrycache.statistics.expirytime = 100μs (default)
2021-12-28 02:23:41,388 [pool-324-thread-1] INFO  server.RaftServer$Division (RaftServerImpl.java:start(301)) - 1606c9ac-ae8d-4b60-b668-ad188c7b9b7a@group-780EFEE5BBA3: start as a follower, conf=-1: [e6ec2fd3-a0c6-4f81-ae90-f7327ac63566|rpc:127.0.0.1:38023|dataStream:|priority:0, 1606c9ac-ae8d-4b60-b668-ad188c7b9b7a|rpc:127.0.0.1:44611|dataStream:|priority:1, d44b9b66-006b-4516-8682-2587942b100c|rpc:127.0.0.1:38031|dataStream:|priority:0], old=null
2021-12-28 02:23:41,388 [pool-324-thread-1] INFO  server.RaftServer$Division (RaftServerImpl.java:setRole(290)) - 1606c9ac-ae8d-4b60-b668-ad188c7b9b7a@group-780EFEE5BBA3: changes role from      null to FOLLOWER at term 0 for startAsFollower
2021-12-28 02:23:41,388 [pool-324-thread-1] INFO  impl.RoleInfo (RoleInfo.java:updateAndGet(130)) - 1606c9ac-ae8d-4b60-b668-ad188c7b9b7a: start 1606c9ac-ae8d-4b60-b668-ad188c7b9b7a@group-780EFEE5BBA3-FollowerState
2021-12-28 02:23:41,394 [pool-324-thread-1] INFO  util.JmxRegister (JmxRegister.java:tryRegister(44)) - Successfully registered JMX Bean with object name Ratis:service=RaftServer,group=group-780EFEE5BBA3,id=1606c9ac-ae8d-4b60-b668-ad188c7b9b7a
2021-12-28 02:23:41,431 [Command processor thread] INFO  server.RaftServer (RaftServerProxy.java:addNew(95)) - 1606c9ac-ae8d-4b60-b668-ad188c7b9b7a: addNew group-94E367CED92C:[1606c9ac-ae8d-4b60-b668-ad188c7b9b7a|rpc:127.0.0.1:44611|priority:1] returns group-94E367CED92C:java.util.concurrent.CompletableFuture@49c4d534[Not completed]
2021-12-28 02:23:41,431 [grpc-default-executor-1] INFO  server.RaftServer (RaftServerProxy.java:addNew(95)) - d44b9b66-006b-4516-8682-2587942b100c: addNew group-780EFEE5BBA3:[e6ec2fd3-a0c6-4f81-ae90-f7327ac63566|rpc:127.0.0.1:38023|dataStream:|priority:0, 1606c9ac-ae8d-4b60-b668-ad188c7b9b7a|rpc:127.0.0.1:44611|dataStream:|priority:1, d44b9b66-006b-4516-8682-2587942b100c|rpc:127.0.0.1:38031|dataStream:|priority:0] returns group-780EFEE5BBA3:java.util.concurrent.CompletableFuture@32202fec[Not completed]
2021-12-28 02:23:41,443 [pool-347-thread-1] INFO  server.RaftServer$Division (RaftServerImpl.java:<init>(184)) - d44b9b66-006b-4516-8682-2587942b100c: new RaftServerImpl for group-780EFEE5BBA3:[e6ec2fd3-a0c6-4f81-ae90-f7327ac63566|rpc:127.0.0.1:38023|dataStream:|priority:0, 1606c9ac-ae8d-4b60-b668-ad188c7b9b7a|rpc:127.0.0.1:44611|dataStream:|priority:1, d44b9b66-006b-4516-8682-2587942b100c|rpc:127.0.0.1:38031|dataStream:|priority:0] with ContainerStateMachine:uninitialized
2021-12-28 02:23:41,443 [pool-347-thread-1] INFO  server.RaftServerConfigKeys (ConfUtils.java:logGet(44)) - raft.server.rpc.timeout.min = 5s (custom)
2021-12-28 02:23:41,443 [pool-347-thread-1] INFO  server.RaftServerConfigKeys (ConfUtils.java:logGet(44)) - raft.server.rpc.timeout.max = 5200ms (custom)
2021-12-28 02:23:41,443 [pool-347-thread-1] INFO  server.RaftServerConfigKeys (ConfUtils.java:logGet(44)) - raft.server.rpc.sleep.time = 25ms (default)
2021-12-28 02:23:41,443 [pool-347-thread-1] INFO  server.RaftServerConfigKeys (ConfUtils.java:logGet(44)) - raft.server.rpc.slowness.timeout = 300s (custom)
2021-12-28 02:23:41,443 [pool-347-thread-1] INFO  server.RaftServerConfigKeys (ConfUtils.java:logGet(44)) - raft.server.leaderelection.leader.step-down.wait-time = 10s (default)
2021-12-28 02:23:41,443 [pool-347-thread-1] INFO  server.RaftServerConfigKeys (ConfUtils.java:logGet(44)) - raft.server.sleep.deviation.threshold = 300ms (default)
2021-12-28 02:23:41,443 [pool-347-thread-1] INFO  server.RaftServerConfigKeys (ConfUtils.java:logGet(44)) - raft.server.log.appender.install.snapshot.enabled = false (custom)
2021-12-28 02:23:41,443 [pool-347-thread-1] INFO  server.RaftServer$Division (ServerState.java:<init>(105)) - d44b9b66-006b-4516-8682-2587942b100c@group-780EFEE5BBA3: ConfigurationManager, init=-1: [e6ec2fd3-a0c6-4f81-ae90-f7327ac63566|rpc:127.0.0.1:38023|dataStream:|priority:0, 1606c9ac-ae8d-4b60-b668-ad188c7b9b7a|rpc:127.0.0.1:44611|dataStream:|priority:1, d44b9b66-006b-4516-8682-2587942b100c|rpc:127.0.0.1:38031|dataStream:|priority:0], old=null, confs=<EMPTY_MAP>
2021-12-28 02:23:41,443 [pool-347-thread-1] INFO  server.RaftServerConfigKeys (ConfUtils.java:logGet(44)) - raft.server.storage.dir = [/home/runner/work/ozone/ozone/hadoop-ozone/integration-test/target/test-dir/MiniOzoneClusterImpl-b5c7e046-d456-4649-9d8a-956fe40c5cb7/datanode-2/data/ratis] (custom)
2021-12-28 02:23:41,443 [pool-347-thread-1] INFO  server.RaftServerConfigKeys (ConfUtils.java:logGet(44)) - raft.server.log.corruption.policy = EXCEPTION (default)
2021-12-28 02:23:41,443 [pool-347-thread-1] INFO  server.RaftServerConfigKeys (ConfUtils.java:logGet(44)) - raft.server.storage.free-space.min = 0MB (=0) (default)
2021-12-28 02:23:41,443 [pool-347-thread-1] INFO  storage.RaftStorageDirectory (RaftStorageDirectoryImpl.java:analyzeStorage(135)) - The storage directory /home/runner/work/ozone/ozone/hadoop-ozone/integration-test/target/test-dir/MiniOzoneClusterImpl-b5c7e046-d456-4649-9d8a-956fe40c5cb7/datanode-2/data/ratis/8b8acd11-3b83-4fdc-8c9a-780efee5bba3 does not exist. Creating ...
2021-12-28 02:23:41,444 [pool-324-thread-1] INFO  server.RaftServer$Division (RaftServerImpl.java:<init>(184)) - 1606c9ac-ae8d-4b60-b668-ad188c7b9b7a: new RaftServerImpl for group-94E367CED92C:[1606c9ac-ae8d-4b60-b668-ad188c7b9b7a|rpc:127.0.0.1:44611|priority:1] with ContainerStateMachine:uninitialized
2021-12-28 02:23:41,444 [pool-324-thread-1] INFO  server.RaftServerConfigKeys (ConfUtils.java:logGet(44)) - raft.server.rpc.timeout.min = 5s (custom)
2021-12-28 02:23:41,444 [pool-324-thread-1] INFO  server.RaftServerConfigKeys (ConfUtils.java:logGet(44)) - raft.server.rpc.timeout.max = 5200ms (custom)
2021-12-28 02:23:41,444 [pool-324-thread-1] INFO  server.RaftServerConfigKeys (ConfUtils.java:logGet(44)) - raft.server.rpc.sleep.time = 25ms (default)
2021-12-28 02:23:41,445 [pool-324-thread-1] INFO  server.RaftServerConfigKeys (ConfUtils.java:logGet(44)) - raft.server.rpc.slowness.timeout = 300s (custom)
2021-12-28 02:23:41,445 [pool-324-thread-1] INFO  server.RaftServerConfigKeys (ConfUtils.java:logGet(44)) - raft.server.leaderelection.leader.step-down.wait-time = 10s (default)
2021-12-28 02:23:41,445 [pool-324-thread-1] INFO  server.RaftServerConfigKeys (ConfUtils.java:logGet(44)) - raft.server.sleep.deviation.threshold = 300ms (default)
2021-12-28 02:23:41,445 [pool-324-thread-1] INFO  server.RaftServerConfigKeys (ConfUtils.java:logGet(44)) - raft.server.log.appender.install.snapshot.enabled = false (custom)
2021-12-28 02:23:41,445 [pool-324-thread-1] INFO  server.RaftServer$Division (ServerState.java:<init>(105)) - 1606c9ac-ae8d-4b60-b668-ad188c7b9b7a@group-94E367CED92C: ConfigurationManager, init=-1: [1606c9ac-ae8d-4b60-b668-ad188c7b9b7a|rpc:127.0.0.1:44611|priority:1], old=null, confs=<EMPTY_MAP>
2021-12-28 02:23:41,445 [pool-324-thread-1] INFO  server.RaftServerConfigKeys (ConfUtils.java:logGet(44)) - raft.server.storage.dir = [/home/runner/work/ozone/ozone/hadoop-ozone/integration-test/target/test-dir/MiniOzoneClusterImpl-b5c7e046-d456-4649-9d8a-956fe40c5cb7/datanode-1/data/ratis] (custom)
2021-12-28 02:23:41,445 [pool-324-thread-1] INFO  server.RaftServerConfigKeys (ConfUtils.java:logGet(44)) - raft.server.log.corruption.policy = EXCEPTION (default)
2021-12-28 02:23:41,445 [pool-324-thread-1] INFO  server.RaftServerConfigKeys (ConfUtils.java:logGet(44)) - raft.server.storage.free-space.min = 0MB (=0) (default)
2021-12-28 02:23:41,445 [pool-324-thread-1] INFO  storage.RaftStorageDirectory (RaftStorageDirectoryImpl.java:analyzeStorage(135)) - The storage directory /home/runner/work/ozone/ozone/hadoop-ozone/integration-test/target/test-dir/MiniOzoneClusterImpl-b5c7e046-d456-4649-9d8a-956fe40c5cb7/datanode-1/data/ratis/398c00e6-2b17-4931-bbf4-94e367ced92c does not exist. Creating ...
2021-12-28 02:23:41,446 [pool-324-thread-1] INFO  storage.RaftStorageDirectory (RaftStorageDirectoryImpl.java:tryLock(230)) - Lock on /home/runner/work/ozone/ozone/hadoop-ozone/integration-test/target/test-dir/MiniOzoneClusterImpl-b5c7e046-d456-4649-9d8a-956fe40c5cb7/datanode-1/data/ratis/398c00e6-2b17-4931-bbf4-94e367ced92c/in_use.lock acquired by nodename 8510@fv-az184-560
2021-12-28 02:23:41,447 [pool-347-thread-1] INFO  storage.RaftStorageDirectory (RaftStorageDirectoryImpl.java:tryLock(230)) - Lock on /home/runner/work/ozone/ozone/hadoop-ozone/integration-test/target/test-dir/MiniOzoneClusterImpl-b5c7e046-d456-4649-9d8a-956fe40c5cb7/datanode-2/data/ratis/8b8acd11-3b83-4fdc-8c9a-780efee5bba3/in_use.lock acquired by nodename 8510@fv-az184-560
2021-12-28 02:23:41,448 [pool-347-thread-1] INFO  storage.RaftStorage (RaftStorageImpl.java:format(89)) - Storage directory /home/runner/work/ozone/ozone/hadoop-ozone/integration-test/target/test-dir/MiniOzoneClusterImpl-b5c7e046-d456-4649-9d8a-956fe40c5cb7/datanode-2/data/ratis/8b8acd11-3b83-4fdc-8c9a-780efee5bba3 has been successfully formatted.
2021-12-28 02:23:41,448 [pool-347-thread-1] INFO  ratis.ContainerStateMachine (ContainerStateMachine.java:loadSnapshot(231)) - group-780EFEE5BBA3: The snapshot info is null. Setting the last applied indexto:(t:0, i:~)
2021-12-28 02:23:41,448 [pool-347-thread-1] INFO  server.RaftServerConfigKeys (ConfUtils.java:logGet(44)) - raft.server.notification.no-leader.timeout = 300s (custom)
2021-12-28 02:23:41,448 [pool-347-thread-1] INFO  server.RaftServerConfigKeys (ConfUtils.java:logGet(44)) - raft.server.log.use.memory = false (default)
2021-12-28 02:23:41,448 [pool-347-thread-1] INFO  server.RaftServerConfigKeys (ConfUtils.java:logGet(44)) - raft.server.log.purge.gap = 1000000 (custom)
2021-12-28 02:23:41,448 [pool-347-thread-1] INFO  server.RaftServerConfigKeys (ConfUtils.java:logGet(44)) - raft.server.log.appender.buffer.byte-limit = 33554432 (custom)
2021-12-28 02:23:41,448 [pool-347-thread-1] INFO  server.RaftServerConfigKeys (ConfUtils.java:logGet(44)) - raft.server.log.segment.size.max = 1048576 (custom)
2021-12-28 02:23:41,449 [pool-347-thread-1] INFO  server.RaftServerConfigKeys (ConfUtils.java:logGet(44)) - raft.server.log.segment.cache.num.max = 2 (custom)
2021-12-28 02:23:41,449 [pool-347-thread-1] INFO  server.RaftServerConfigKeys (ConfUtils.java:logGet(44)) - raft.server.log.segment.cache.size.max = 200MB (=209715200) (default)
2021-12-28 02:23:41,449 [pool-347-thread-1] INFO  segmented.SegmentedRaftLogWorker (SegmentedRaftLogWorker.java:<init>(182)) - new d44b9b66-006b-4516-8682-2587942b100c@group-780EFEE5BBA3-SegmentedRaftLogWorker for RaftStorageImpl:Storage Directory /home/runner/work/ozone/ozone/hadoop-ozone/integration-test/target/test-dir/MiniOzoneClusterImpl-b5c7e046-d456-4649-9d8a-956fe40c5cb7/datanode-2/data/ratis/8b8acd11-3b83-4fdc-8c9a-780efee5bba3
2021-12-28 02:23:41,449 [pool-347-thread-1] INFO  server.RaftServerConfigKeys (ConfUtils.java:logGet(44)) - raft.server.log.queue.byte-limit = 2147483647 (custom)
2021-12-28 02:23:41,449 [pool-347-thread-1] INFO  server.RaftServerConfigKeys (ConfUtils.java:logGet(44)) - raft.server.log.queue.element-limit = 1024 (custom)
2021-12-28 02:23:41,449 [pool-347-thread-1] INFO  server.RaftServerConfigKeys (ConfUtils.java:logGet(44)) - raft.server.log.segment.size.max = 1048576 (custom)
2021-12-28 02:23:41,449 [pool-347-thread-1] INFO  server.RaftServerConfigKeys (ConfUtils.java:logGet(44)) - raft.server.log.preallocated.size = 16384 (custom)
2021-12-28 02:23:41,449 [pool-347-thread-1] INFO  server.RaftServerConfigKeys (ConfUtils.java:logGet(44)) - raft.server.log.force.sync.num = 128 (default)
2021-12-28 02:23:41,449 [pool-347-thread-1] INFO  server.RaftServerConfigKeys (ConfUtils.java:logGet(44)) - raft.server.log.statemachine.data.sync = true (default)
2021-12-28 02:23:41,449 [pool-347-thread-1] INFO  server.RaftServerConfigKeys (ConfUtils.java:logGet(44)) - raft.server.log.statemachine.data.sync.timeout = 10s (default)
2021-12-28 02:23:41,449 [pool-347-thread-1] INFO  server.RaftServerConfigKeys (ConfUtils.java:logGet(44)) - raft.server.log.statemachine.data.sync.timeout.retry = -1 (default)
2021-12-28 02:23:41,451 [pool-324-thread-1] INFO  storage.RaftStorage (RaftStorageImpl.java:format(89)) - Storage directory /home/runner/work/ozone/ozone/hadoop-ozone/integration-test/target/test-dir/MiniOzoneClusterImpl-b5c7e046-d456-4649-9d8a-956fe40c5cb7/datanode-1/data/ratis/398c00e6-2b17-4931-bbf4-94e367ced92c has been successfully formatted.
2021-12-28 02:23:41,451 [pool-324-thread-1] INFO  ratis.ContainerStateMachine (ContainerStateMachine.java:loadSnapshot(231)) - group-94E367CED92C: The snapshot info is null. Setting the last applied indexto:(t:0, i:~)
2021-12-28 02:23:41,451 [pool-324-thread-1] INFO  server.RaftServerConfigKeys (ConfUtils.java:logGet(44)) - raft.server.notification.no-leader.timeout = 300s (custom)
2021-12-28 02:23:41,451 [pool-324-thread-1] INFO  server.RaftServerConfigKeys (ConfUtils.java:logGet(44)) - raft.server.log.use.memory = false (default)
2021-12-28 02:23:41,451 [pool-324-thread-1] INFO  server.RaftServerConfigKeys (ConfUtils.java:logGet(44)) - raft.server.log.purge.gap = 1000000 (custom)
2021-12-28 02:23:41,451 [pool-324-thread-1] INFO  server.RaftServerConfigKeys (ConfUtils.java:logGet(44)) - raft.server.log.appender.buffer.byte-limit = 33554432 (custom)
2021-12-28 02:23:41,451 [pool-324-thread-1] INFO  server.RaftServerConfigKeys (ConfUtils.java:logGet(44)) - raft.server.log.segment.size.max = 1048576 (custom)
2021-12-28 02:23:41,453 [pool-324-thread-1] INFO  server.RaftServerConfigKeys (ConfUtils.java:logGet(44)) - raft.server.log.segment.cache.num.max = 2 (custom)
2021-12-28 02:23:41,453 [pool-324-thread-1] INFO  server.RaftServerConfigKeys (ConfUtils.java:logGet(44)) - raft.server.log.segment.cache.size.max = 200MB (=209715200) (default)
2021-12-28 02:23:41,453 [pool-324-thread-1] INFO  segmented.SegmentedRaftLogWorker (SegmentedRaftLogWorker.java:<init>(182)) - new 1606c9ac-ae8d-4b60-b668-ad188c7b9b7a@group-94E367CED92C-SegmentedRaftLogWorker for RaftStorageImpl:Storage Directory /home/runner/work/ozone/ozone/hadoop-ozone/integration-test/target/test-dir/MiniOzoneClusterImpl-b5c7e046-d456-4649-9d8a-956fe40c5cb7/datanode-1/data/ratis/398c00e6-2b17-4931-bbf4-94e367ced92c
2021-12-28 02:23:41,454 [pool-324-thread-1] INFO  server.RaftServerConfigKeys (ConfUtils.java:logGet(44)) - raft.server.log.queue.byte-limit = 2147483647 (custom)
2021-12-28 02:23:41,454 [pool-324-thread-1] INFO  server.RaftServerConfigKeys (ConfUtils.java:logGet(44)) - raft.server.log.queue.element-limit = 1024 (custom)
2021-12-28 02:23:41,454 [EventQueue-PipelineReportForPipelineReportHandler] INFO  pipeline.PipelineManagerImpl (PipelineManagerImpl.java:openPipeline(291)) - Pipeline Pipeline[ Id: 398c00e6-2b17-4931-bbf4-94e367ced92c, Nodes: 1606c9ac-ae8d-4b60-b668-ad188c7b9b7a{ip: 127.0.0.1, host: localhost, ports: [REPLICATION=37827, RATIS=44611, RATIS_ADMIN=44611, RATIS_SERVER=44611, STANDALONE=42257], networkLocation: /default-rack, certSerialId: null, persistedOpState: IN_SERVICE, persistedOpStateExpiryEpochSec: 0}, ReplicationConfig: RATIS/ONE, State:ALLOCATED, leaderId:1606c9ac-ae8d-4b60-b668-ad188c7b9b7a, CreationTimestamp2021-12-28T02:23:38.458Z[Etc/UTC]] moved to OPEN state
2021-12-28 02:23:41,454 [pool-324-thread-1] INFO  server.RaftServerConfigKeys (ConfUtils.java:logGet(44)) - raft.server.log.segment.size.max = 1048576 (custom)
2021-12-28 02:23:41,454 [pool-324-thread-1] INFO  server.RaftServerConfigKeys (ConfUtils.java:logGet(44)) - raft.server.log.preallocated.size = 16384 (custom)
2021-12-28 02:23:41,454 [pool-324-thread-1] INFO  server.RaftServerConfigKeys (ConfUtils.java:logGet(44)) - raft.server.log.force.sync.num = 128 (default)
2021-12-28 02:23:41,455 [pool-324-thread-1] INFO  server.RaftServerConfigKeys (ConfUtils.java:logGet(44)) - raft.server.log.statemachine.data.sync = true (default)
2021-12-28 02:23:41,454 [EventQueue-PipelineReportForPipelineReportHandler] INFO  ha.SCMHAInvocationHandler (SCMHAInvocationHandler.java:invokeRatis(113)) - Invoking method public abstract void org.apache.hadoop.hdds.scm.pipeline.PipelineStateManager.updatePipelineState(org.apache.hadoop.hdds.protocol.proto.HddsProtos$PipelineID,org.apache.hadoop.hdds.protocol.proto.HddsProtos$PipelineState) throws java.io.IOException on target org.apache.hadoop.hdds.scm.ha.SCMRatisServerImpl@6103a56a, cost 250.502us
2021-12-28 02:23:41,456 [pool-324-thread-1] INFO  server.RaftServerConfigKeys (ConfUtils.java:logGet(44)) - raft.server.log.statemachine.data.sync.timeout = 10s (default)
2021-12-28 02:23:41,455 [EventQueue-PipelineReportForPipelineReportHandler] INFO  pipeline.PipelineManagerImpl (PipelineManagerImpl.java:openPipeline(291)) - Pipeline Pipeline[ Id: 398c00e6-2b17-4931-bbf4-94e367ced92c, Nodes: 1606c9ac-ae8d-4b60-b668-ad188c7b9b7a{ip: 127.0.0.1, host: localhost, ports: [REPLICATION=37827, RATIS=44611, RATIS_ADMIN=44611, RATIS_SERVER=44611, STANDALONE=42257], networkLocation: /default-rack, certSerialId: null, persistedOpState: IN_SERVICE, persistedOpStateExpiryEpochSec: 0}, ReplicationConfig: RATIS/ONE, State:ALLOCATED, leaderId:1606c9ac-ae8d-4b60-b668-ad188c7b9b7a, CreationTimestamp2021-12-28T02:23:38.458Z[Etc/UTC]] moved to OPEN state
2021-12-28 02:23:41,457 [pool-324-thread-1] INFO  server.RaftServerConfigKeys (ConfUtils.java:logGet(44)) - raft.server.log.statemachine.data.sync.timeout.retry = -1 (default)
2021-12-28 02:23:41,458 [pool-347-thread-1] INFO  server.RaftServerConfigKeys (ConfUtils.java:logGet(44)) - raft.server.log.write.buffer.size = 1048576 (custom)
2021-12-28 02:23:41,459 [pool-347-thread-1] INFO  server.RaftServerConfigKeys (ConfUtils.java:logGet(44)) - raft.server.log.statemachine.data.caching.enabled = true (custom)
2021-12-28 02:23:41,459 [pool-347-thread-1] INFO  segmented.SegmentedRaftLogWorker (SegmentedRaftLogWorker.java:lambda$new$0(133)) - d44b9b66-006b-4516-8682-2587942b100c@group-780EFEE5BBA3-SegmentedRaftLogWorker: flushIndex: setUnconditionally 0 -> -1
2021-12-28 02:23:41,459 [pool-347-thread-1] INFO  segmented.SegmentedRaftLogWorker (SegmentedRaftLogWorker.java:lambda$new$0(133)) - d44b9b66-006b-4516-8682-2587942b100c@group-780EFEE5BBA3-SegmentedRaftLogWorker: safeCacheEvictIndex: setUnconditionally 0 -> -1
2021-12-28 02:23:41,466 [pool-347-thread-1] INFO  server.RaftServerConfigKeys (ConfUtils.java:logGet(44)) - raft.server.snapshot.auto.trigger.enabled = true (custom)
2021-12-28 02:23:41,466 [pool-347-thread-1] INFO  server.RaftServerConfigKeys (ConfUtils.java:logGet(44)) - raft.server.snapshot.auto.trigger.threshold = 10000 (custom)
2021-12-28 02:23:41,466 [pool-347-thread-1] INFO  server.RaftServerConfigKeys (ConfUtils.java:logGet(44)) - raft.server.snapshot.retention.file.num = 5 (custom)
2021-12-28 02:23:41,466 [pool-347-thread-1] INFO  server.RaftServerConfigKeys (ConfUtils.java:logGet(44)) - raft.server.log.purge.upto.snapshot.index = false (default)
2021-12-28 02:23:41,466 [pool-347-thread-1] INFO  server.RaftServerConfigKeys (ConfUtils.java:logGet(44)) - raft.server.retrycache.expirytime = 600000ms (custom)
2021-12-28 02:23:41,466 [pool-347-thread-1] INFO  server.RaftServerConfigKeys (ConfUtils.java:logGet(44)) - raft.server.retrycache.statistics.expirytime = 100μs (default)
2021-12-28 02:23:41,468 [pool-347-thread-1] INFO  server.RaftServer$Division (RaftServerImpl.java:start(301)) - d44b9b66-006b-4516-8682-2587942b100c@group-780EFEE5BBA3: start as a follower, conf=-1: [e6ec2fd3-a0c6-4f81-ae90-f7327ac63566|rpc:127.0.0.1:38023|dataStream:|priority:0, 1606c9ac-ae8d-4b60-b668-ad188c7b9b7a|rpc:127.0.0.1:44611|dataStream:|priority:1, d44b9b66-006b-4516-8682-2587942b100c|rpc:127.0.0.1:38031|dataStream:|priority:0], old=null
2021-12-28 02:23:41,468 [pool-347-thread-1] INFO  server.RaftServer$Division (RaftServerImpl.java:setRole(290)) - d44b9b66-006b-4516-8682-2587942b100c@group-780EFEE5BBA3: changes role from      null to FOLLOWER at term 0 for startAsFollower
2021-12-28 02:23:41,468 [pool-347-thread-1] INFO  impl.RoleInfo (RoleInfo.java:updateAndGet(130)) - d44b9b66-006b-4516-8682-2587942b100c: start d44b9b66-006b-4516-8682-2587942b100c@group-780EFEE5BBA3-FollowerState
2021-12-28 02:23:41,472 [pool-347-thread-1] INFO  util.JmxRegister (JmxRegister.java:tryRegister(44)) - Successfully registered JMX Bean with object name Ratis:service=RaftServer,group=group-780EFEE5BBA3,id=d44b9b66-006b-4516-8682-2587942b100c
2021-12-28 02:23:41,481 [pool-324-thread-1] INFO  server.RaftServerConfigKeys (ConfUtils.java:logGet(44)) - raft.server.log.write.buffer.size = 1048576 (custom)
2021-12-28 02:23:41,481 [pool-324-thread-1] INFO  server.RaftServerConfigKeys (ConfUtils.java:logGet(44)) - raft.server.log.statemachine.data.caching.enabled = true (custom)
2021-12-28 02:23:41,482 [pool-324-thread-1] INFO  segmented.SegmentedRaftLogWorker (SegmentedRaftLogWorker.java:lambda$new$0(133)) - 1606c9ac-ae8d-4b60-b668-ad188c7b9b7a@group-94E367CED92C-SegmentedRaftLogWorker: flushIndex: setUnconditionally 0 -> -1
2021-12-28 02:23:41,482 [pool-324-thread-1] INFO  segmented.SegmentedRaftLogWorker (SegmentedRaftLogWorker.java:lambda$new$0(133)) - 1606c9ac-ae8d-4b60-b668-ad188c7b9b7a@group-94E367CED92C-SegmentedRaftLogWorker: safeCacheEvictIndex: setUnconditionally 0 -> -1
2021-12-28 02:23:41,489 [efeceff2-b5a5-497a-a96d-e28250e5a95d@group-956FE40C5CB7-StateMachineUpdater] INFO  ha.SCMStateMachine (SCMStateMachine.java:takeSnapshot(297)) - Current Snapshot Index 18, takeSnapshot took 1 ms
2021-12-28 02:23:41,489 [efeceff2-b5a5-497a-a96d-e28250e5a95d@group-956FE40C5CB7-StateMachineUpdater] INFO  impl.StateMachineUpdater (StateMachineUpdater.java:takeSnapshot(281)) - efeceff2-b5a5-497a-a96d-e28250e5a95d@group-956FE40C5CB7-StateMachineUpdater: Took a snapshot at index 18
2021-12-28 02:23:41,489 [efeceff2-b5a5-497a-a96d-e28250e5a95d@group-956FE40C5CB7-StateMachineUpdater] INFO  impl.StateMachineUpdater (StateMachineUpdater.java:lambda$new$0(89)) - efeceff2-b5a5-497a-a96d-e28250e5a95d@group-956FE40C5CB7-StateMachineUpdater: snapshotIndex: updateIncreasingly 13 -> 18
2021-12-28 02:23:41,489 [efeceff2-b5a5-497a-a96d-e28250e5a95d@group-956FE40C5CB7-StateMachineUpdater] INFO  raftlog.RaftLog (RaftLogBase.java:purge(306)) - efeceff2-b5a5-497a-a96d-e28250e5a95d@group-956FE40C5CB7-SegmentedRaftLog: purge 18
2021-12-28 02:23:41,489 [efeceff2-b5a5-497a-a96d-e28250e5a95d@group-956FE40C5CB7-StateMachineUpdater] INFO  raftlog.RaftLog (RaftLogBase.java:lambda$new$0(53)) - efeceff2-b5a5-497a-a96d-e28250e5a95d@group-956FE40C5CB7-SegmentedRaftLog: snapshotIndex: updateIncreasingly 13 -> 18
2021-12-28 02:23:41,489 [efeceff2-b5a5-497a-a96d-e28250e5a95d@group-956FE40C5CB7-StateMachineUpdater] INFO  raftlog.RaftLog (RaftLogBase.java:lambda$new$0(53)) - efeceff2-b5a5-497a-a96d-e28250e5a95d@group-956FE40C5CB7-SegmentedRaftLog: purgeIndex: updateToMax old=13, new=18, updated? true
2021-12-28 02:23:41,491 [pool-324-thread-1] INFO  server.RaftServerConfigKeys (ConfUtils.java:logGet(44)) - raft.server.snapshot.auto.trigger.enabled = true (custom)
2021-12-28 02:23:41,491 [pool-324-thread-1] INFO  server.RaftServerConfigKeys (ConfUtils.java:logGet(44)) - raft.server.snapshot.auto.trigger.threshold = 10000 (custom)
2021-12-28 02:23:41,491 [pool-324-thread-1] INFO  server.RaftServerConfigKeys (ConfUtils.java:logGet(44)) - raft.server.snapshot.retention.file.num = 5 (custom)
2021-12-28 02:23:41,491 [pool-324-thread-1] INFO  server.RaftServerConfigKeys (ConfUtils.java:logGet(44)) - raft.server.log.purge.upto.snapshot.index = false (default)
2021-12-28 02:23:41,492 [pool-324-thread-1] INFO  server.RaftServerConfigKeys (ConfUtils.java:logGet(44)) - raft.server.retrycache.expirytime = 600000ms (custom)
2021-12-28 02:23:41,492 [pool-324-thread-1] INFO  server.RaftServerConfigKeys (ConfUtils.java:logGet(44)) - raft.server.retrycache.statistics.expirytime = 100μs (default)
2021-12-28 02:23:41,493 [pool-324-thread-1] INFO  server.RaftServer$Division (RaftServerImpl.java:start(301)) - 1606c9ac-ae8d-4b60-b668-ad188c7b9b7a@group-94E367CED92C: start as a follower, conf=-1: [1606c9ac-ae8d-4b60-b668-ad188c7b9b7a|rpc:127.0.0.1:44611|priority:1], old=null
2021-12-28 02:23:41,493 [pool-324-thread-1] INFO  server.RaftServer$Division (RaftServerImpl.java:setRole(290)) - 1606c9ac-ae8d-4b60-b668-ad188c7b9b7a@group-94E367CED92C: changes role from      null to FOLLOWER at term 0 for startAsFollower
2021-12-28 02:23:41,493 [pool-324-thread-1] INFO  impl.RoleInfo (RoleInfo.java:updateAndGet(130)) - 1606c9ac-ae8d-4b60-b668-ad188c7b9b7a: start 1606c9ac-ae8d-4b60-b668-ad188c7b9b7a@group-94E367CED92C-FollowerState
2021-12-28 02:23:41,502 [pool-324-thread-1] INFO  util.JmxRegister (JmxRegister.java:tryRegister(44)) - Successfully registered JMX Bean with object name Ratis:service=RaftServer,group=group-94E367CED92C,id=1606c9ac-ae8d-4b60-b668-ad188c7b9b7a
2021-12-28 02:23:41,507 [Command processor thread] INFO  ratis.XceiverServerRatis (XceiverServerRatis.java:addGroup(768)) - Created group PipelineID=398c00e6-2b17-4931-bbf4-94e367ced92c
2021-12-28 02:23:41,507 [Command processor thread] INFO  commandhandler.CreatePipelineCommandHandler (CreatePipelineCommandHandler.java:handle(106)) - Created Pipeline RATIS ONE PipelineID=398c00e6-2b17-4931-bbf4-94e367ced92c.
2021-12-28 02:23:41,512 [Command processor thread] INFO  commandhandler.CreatePipelineCommandHandler (CreatePipelineCommandHandler.java:handle(106)) - Created Pipeline RATIS THREE PipelineID=8b8acd11-3b83-4fdc-8c9a-780efee5bba3.
2021-12-28 02:23:41,517 [85b08ac6-0f6d-42de-94fb-508f7dc90a3f@group-956FE40C5CB7-StateMachineUpdater] INFO  safemode.HealthyPipelineSafeModeRule (HealthyPipelineSafeModeRule.java:initializeRule(152)) - Refreshed total pipeline count is 0, healthy pipeline threshold count is 1
2021-12-28 02:23:41,517 [EventQueue-PipelineReportForPipelineReportHandler] INFO  ha.SCMHAInvocationHandler (SCMHAInvocationHandler.java:invokeRatis(113)) - Invoking method public abstract void org.apache.hadoop.hdds.scm.pipeline.PipelineStateManager.updatePipelineState(org.apache.hadoop.hdds.protocol.proto.HddsProtos$PipelineID,org.apache.hadoop.hdds.protocol.proto.HddsProtos$PipelineState) throws java.io.IOException on target org.apache.hadoop.hdds.scm.ha.SCMRatisServerImpl@3131dcab, cost 60441.296us
2021-12-28 02:23:41,519 [efeceff2-b5a5-497a-a96d-e28250e5a95d@group-956FE40C5CB7-StateMachineUpdater] INFO  safemode.HealthyPipelineSafeModeRule (HealthyPipelineSafeModeRule.java:initializeRule(152)) - Refreshed total pipeline count is 0, healthy pipeline threshold count is 1
2021-12-28 02:23:41,520 [85b08ac6-0f6d-42de-94fb-508f7dc90a3f@group-956FE40C5CB7-StateMachineUpdater] INFO  ha.SCMStateMachine (SCMStateMachine.java:takeSnapshot(297)) - Current Snapshot Index 20, takeSnapshot took 0 ms
2021-12-28 02:23:41,520 [85b08ac6-0f6d-42de-94fb-508f7dc90a3f@group-956FE40C5CB7-StateMachineUpdater] INFO  impl.StateMachineUpdater (StateMachineUpdater.java:takeSnapshot(281)) - 85b08ac6-0f6d-42de-94fb-508f7dc90a3f@group-956FE40C5CB7-StateMachineUpdater: Took a snapshot at index 20
2021-12-28 02:23:41,520 [85b08ac6-0f6d-42de-94fb-508f7dc90a3f@group-956FE40C5CB7-StateMachineUpdater] INFO  impl.StateMachineUpdater (StateMachineUpdater.java:lambda$new$0(89)) - 85b08ac6-0f6d-42de-94fb-508f7dc90a3f@group-956FE40C5CB7-StateMachineUpdater: snapshotIndex: updateIncreasingly 15 -> 20
2021-12-28 02:23:41,520 [85b08ac6-0f6d-42de-94fb-508f7dc90a3f@group-956FE40C5CB7-StateMachineUpdater] INFO  raftlog.RaftLog (RaftLogBase.java:purge(306)) - 85b08ac6-0f6d-42de-94fb-508f7dc90a3f@group-956FE40C5CB7-SegmentedRaftLog: purge 20
2021-12-28 02:23:41,520 [85b08ac6-0f6d-42de-94fb-508f7dc90a3f@group-956FE40C5CB7-StateMachineUpdater] INFO  raftlog.RaftLog (RaftLogBase.java:lambda$new$0(53)) - 85b08ac6-0f6d-42de-94fb-508f7dc90a3f@group-956FE40C5CB7-SegmentedRaftLog: snapshotIndex: updateIncreasingly 15 -> 20
2021-12-28 02:23:41,520 [85b08ac6-0f6d-42de-94fb-508f7dc90a3f@group-956FE40C5CB7-StateMachineUpdater] INFO  raftlog.RaftLog (RaftLogBase.java:lambda$new$0(53)) - 85b08ac6-0f6d-42de-94fb-508f7dc90a3f@group-956FE40C5CB7-SegmentedRaftLog: purgeIndex: updateToMax old=15, new=20, updated? true
2021-12-28 02:23:41,523 [EventQueue-OpenPipelineForHealthyPipelineSafeModeRule] INFO  safemode.SCMSafeModeManager (HealthyPipelineSafeModeRule.java:process(124)) - SCM in safe mode. Healthy pipelines reported count is 0, required healthy pipeline reported count is 1
2021-12-28 02:23:41,879 [Listener at 127.0.0.1/13852] INFO  ozone.MiniOzoneClusterImpl (MiniOzoneClusterImpl.java:lambda$waitForClusterToBeReady$0(235)) - Nodes are ready. Got 3 of 3 DN Heartbeats.
2021-12-28 02:23:41,879 [Listener at 127.0.0.1/13852] INFO  ozone.MiniOzoneClusterImpl (MiniOzoneClusterImpl.java:lambda$waitForClusterToBeReady$0(238)) - Waiting for cluster to exit safe mode
2021-12-28 02:23:41,880 [Listener at 127.0.0.1/13852] INFO  ozone.MiniOzoneClusterImpl (MiniOzoneClusterImpl.java:lambda$waitForClusterToBeReady$0(240)) - SCM became leader
2021-12-28 02:23:41,917 [Command processor thread] INFO  server.RaftServer (RaftServerProxy.java:addNew(95)) - d44b9b66-006b-4516-8682-2587942b100c: addNew group-E808BCCEFBD5:[d44b9b66-006b-4516-8682-2587942b100c|rpc:127.0.0.1:38031|priority:1] returns group-E808BCCEFBD5:java.util.concurrent.CompletableFuture@528db799[Not completed]
2021-12-28 02:23:41,917 [pool-347-thread-1] INFO  server.RaftServer$Division (RaftServerImpl.java:<init>(184)) - d44b9b66-006b-4516-8682-2587942b100c: new RaftServerImpl for group-E808BCCEFBD5:[d44b9b66-006b-4516-8682-2587942b100c|rpc:127.0.0.1:38031|priority:1] with ContainerStateMachine:uninitialized
2021-12-28 02:23:41,917 [pool-347-thread-1] INFO  server.RaftServerConfigKeys (ConfUtils.java:logGet(44)) - raft.server.rpc.timeout.min = 5s (custom)
2021-12-28 02:23:41,917 [pool-347-thread-1] INFO  server.RaftServerConfigKeys (ConfUtils.java:logGet(44)) - raft.server.rpc.timeout.max = 5200ms (custom)
2021-12-28 02:23:41,918 [pool-347-thread-1] INFO  server.RaftServerConfigKeys (ConfUtils.java:logGet(44)) - raft.server.rpc.sleep.time = 25ms (default)
2021-12-28 02:23:41,918 [pool-347-thread-1] INFO  server.RaftServerConfigKeys (ConfUtils.java:logGet(44)) - raft.server.rpc.slowness.timeout = 300s (custom)
2021-12-28 02:23:41,918 [pool-347-thread-1] INFO  server.RaftServerConfigKeys (ConfUtils.java:logGet(44)) - raft.server.leaderelection.leader.step-down.wait-time = 10s (default)
2021-12-28 02:23:41,918 [pool-347-thread-1] INFO  server.RaftServerConfigKeys (ConfUtils.java:logGet(44)) - raft.server.sleep.deviation.threshold = 300ms (default)
2021-12-28 02:23:41,918 [pool-347-thread-1] INFO  server.RaftServerConfigKeys (ConfUtils.java:logGet(44)) - raft.server.log.appender.install.snapshot.enabled = false (custom)
2021-12-28 02:23:41,918 [pool-347-thread-1] INFO  server.RaftServer$Division (ServerState.java:<init>(105)) - d44b9b66-006b-4516-8682-2587942b100c@group-E808BCCEFBD5: ConfigurationManager, init=-1: [d44b9b66-006b-4516-8682-2587942b100c|rpc:127.0.0.1:38031|priority:1], old=null, confs=<EMPTY_MAP>
2021-12-28 02:23:41,918 [pool-347-thread-1] INFO  server.RaftServerConfigKeys (ConfUtils.java:logGet(44)) - raft.server.storage.dir = [/home/runner/work/ozone/ozone/hadoop-ozone/integration-test/target/test-dir/MiniOzoneClusterImpl-b5c7e046-d456-4649-9d8a-956fe40c5cb7/datanode-2/data/ratis] (custom)
2021-12-28 02:23:41,918 [pool-347-thread-1] INFO  server.RaftServerConfigKeys (ConfUtils.java:logGet(44)) - raft.server.log.corruption.policy = EXCEPTION (default)
2021-12-28 02:23:41,918 [pool-347-thread-1] INFO  server.RaftServerConfigKeys (ConfUtils.java:logGet(44)) - raft.server.storage.free-space.min = 0MB (=0) (default)
2021-12-28 02:23:41,918 [pool-347-thread-1] INFO  storage.RaftStorageDirectory (RaftStorageDirectoryImpl.java:analyzeStorage(135)) - The storage directory /home/runner/work/ozone/ozone/hadoop-ozone/integration-test/target/test-dir/MiniOzoneClusterImpl-b5c7e046-d456-4649-9d8a-956fe40c5cb7/datanode-2/data/ratis/f9415a4e-565e-41a9-9745-e808bccefbd5 does not exist. Creating ...
2021-12-28 02:23:41,920 [EventQueue-OpenPipelineForHealthyPipelineSafeModeRule] INFO  safemode.SCMSafeModeManager (HealthyPipelineSafeModeRule.java:process(124)) - SCM in safe mode. Healthy pipelines reported count is 0, required healthy pipeline reported count is 1
2021-12-28 02:23:41,921 [pool-347-thread-1] INFO  storage.RaftStorageDirectory (RaftStorageDirectoryImpl.java:tryLock(230)) - Lock on /home/runner/work/ozone/ozone/hadoop-ozone/integration-test/target/test-dir/MiniOzoneClusterImpl-b5c7e046-d456-4649-9d8a-956fe40c5cb7/datanode-2/data/ratis/f9415a4e-565e-41a9-9745-e808bccefbd5/in_use.lock acquired by nodename 8510@fv-az184-560
2021-12-28 02:23:41,929 [pool-347-thread-1] INFO  storage.RaftStorage (RaftStorageImpl.java:format(89)) - Storage directory /home/runner/work/ozone/ozone/hadoop-ozone/integration-test/target/test-dir/MiniOzoneClusterImpl-b5c7e046-d456-4649-9d8a-956fe40c5cb7/datanode-2/data/ratis/f9415a4e-565e-41a9-9745-e808bccefbd5 has been successfully formatted.
2021-12-28 02:23:41,930 [pool-347-thread-1] INFO  ratis.ContainerStateMachine (ContainerStateMachine.java:loadSnapshot(231)) - group-E808BCCEFBD5: The snapshot info is null. Setting the last applied indexto:(t:0, i:~)
2021-12-28 02:23:41,930 [pool-347-thread-1] INFO  server.RaftServerConfigKeys (ConfUtils.java:logGet(44)) - raft.server.notification.no-leader.timeout = 300s (custom)
2021-12-28 02:23:41,930 [pool-347-thread-1] INFO  server.RaftServerConfigKeys (ConfUtils.java:logGet(44)) - raft.server.log.use.memory = false (default)
2021-12-28 02:23:41,930 [pool-347-thread-1] INFO  server.RaftServerConfigKeys (ConfUtils.java:logGet(44)) - raft.server.log.purge.gap = 1000000 (custom)
2021-12-28 02:23:41,930 [pool-347-thread-1] INFO  server.RaftServerConfigKeys (ConfUtils.java:logGet(44)) - raft.server.log.appender.buffer.byte-limit = 33554432 (custom)
2021-12-28 02:23:41,930 [pool-347-thread-1] INFO  server.RaftServerConfigKeys (ConfUtils.java:logGet(44)) - raft.server.log.segment.size.max = 1048576 (custom)
2021-12-28 02:23:41,930 [EventQueue-PipelineReportForPipelineReportHandler] INFO  pipeline.PipelineManagerImpl (PipelineManagerImpl.java:openPipeline(291)) - Pipeline Pipeline[ Id: f9415a4e-565e-41a9-9745-e808bccefbd5, Nodes: d44b9b66-006b-4516-8682-2587942b100c{ip: 127.0.0.1, host: localhost, ports: [REPLICATION=43305, RATIS=38031, RATIS_ADMIN=38031, RATIS_SERVER=38031, STANDALONE=41001], networkLocation: /default-rack, certSerialId: null, persistedOpState: IN_SERVICE, persistedOpStateExpiryEpochSec: 0}, ReplicationConfig: RATIS/ONE, State:ALLOCATED, leaderId:d44b9b66-006b-4516-8682-2587942b100c, CreationTimestamp2021-12-28T02:23:38.922Z[Etc/UTC]] moved to OPEN state
2021-12-28 02:23:41,931 [EventQueue-PipelineReportForPipelineReportHandler] INFO  ha.SCMHAInvocationHandler (SCMHAInvocationHandler.java:invokeRatis(113)) - Invoking method public abstract void org.apache.hadoop.hdds.scm.pipeline.PipelineStateManager.updatePipelineState(org.apache.hadoop.hdds.protocol.proto.HddsProtos$PipelineID,org.apache.hadoop.hdds.protocol.proto.HddsProtos$PipelineState) throws java.io.IOException on target org.apache.hadoop.hdds.scm.ha.SCMRatisServerImpl@6103a56a, cost 238.102us
2021-12-28 02:23:41,931 [pool-347-thread-1] INFO  server.RaftServerConfigKeys (ConfUtils.java:logGet(44)) - raft.server.log.segment.cache.num.max = 2 (custom)
2021-12-28 02:23:41,932 [pool-347-thread-1] INFO  server.RaftServerConfigKeys (ConfUtils.java:logGet(44)) - raft.server.log.segment.cache.size.max = 200MB (=209715200) (default)
2021-12-28 02:23:41,932 [pool-347-thread-1] INFO  segmented.SegmentedRaftLogWorker (SegmentedRaftLogWorker.java:<init>(182)) - new d44b9b66-006b-4516-8682-2587942b100c@group-E808BCCEFBD5-SegmentedRaftLogWorker for RaftStorageImpl:Storage Directory /home/runner/work/ozone/ozone/hadoop-ozone/integration-test/target/test-dir/MiniOzoneClusterImpl-b5c7e046-d456-4649-9d8a-956fe40c5cb7/datanode-2/data/ratis/f9415a4e-565e-41a9-9745-e808bccefbd5
2021-12-28 02:23:41,932 [pool-347-thread-1] INFO  server.RaftServerConfigKeys (ConfUtils.java:logGet(44)) - raft.server.log.queue.byte-limit = 2147483647 (custom)
2021-12-28 02:23:41,933 [pool-347-thread-1] INFO  server.RaftServerConfigKeys (ConfUtils.java:logGet(44)) - raft.server.log.queue.element-limit = 1024 (custom)
2021-12-28 02:23:41,933 [pool-347-thread-1] INFO  server.RaftServerConfigKeys (ConfUtils.java:logGet(44)) - raft.server.log.segment.size.max = 1048576 (custom)
2021-12-28 02:23:41,933 [pool-347-thread-1] INFO  server.RaftServerConfigKeys (ConfUtils.java:logGet(44)) - raft.server.log.preallocated.size = 16384 (custom)
2021-12-28 02:23:41,933 [pool-347-thread-1] INFO  server.RaftServerConfigKeys (ConfUtils.java:logGet(44)) - raft.server.log.force.sync.num = 128 (default)
2021-12-28 02:23:41,933 [pool-347-thread-1] INFO  server.RaftServerConfigKeys (ConfUtils.java:logGet(44)) - raft.server.log.statemachine.data.sync = true (default)
2021-12-28 02:23:41,933 [pool-347-thread-1] INFO  server.RaftServerConfigKeys (ConfUtils.java:logGet(44)) - raft.server.log.statemachine.data.sync.timeout = 10s (default)
2021-12-28 02:23:41,932 [EventQueue-OpenPipelineForHealthyPipelineSafeModeRule] INFO  safemode.SCMSafeModeManager (HealthyPipelineSafeModeRule.java:process(124)) - SCM in safe mode. Healthy pipelines reported count is 0, required healthy pipeline reported count is 1
2021-12-28 02:23:41,932 [EventQueue-PipelineReportForPipelineReportHandler] INFO  pipeline.PipelineManagerImpl (PipelineManagerImpl.java:openPipeline(291)) - Pipeline Pipeline[ Id: f9415a4e-565e-41a9-9745-e808bccefbd5, Nodes: d44b9b66-006b-4516-8682-2587942b100c{ip: 127.0.0.1, host: localhost, ports: [REPLICATION=43305, RATIS=38031, RATIS_ADMIN=38031, RATIS_SERVER=38031, STANDALONE=41001], networkLocation: /default-rack, certSerialId: null, persistedOpState: IN_SERVICE, persistedOpStateExpiryEpochSec: 0}, ReplicationConfig: RATIS/ONE, State:ALLOCATED, leaderId:d44b9b66-006b-4516-8682-2587942b100c, CreationTimestamp2021-12-28T02:23:38.922Z[Etc/UTC]] moved to OPEN state
2021-12-28 02:23:41,933 [pool-347-thread-1] INFO  server.RaftServerConfigKeys (ConfUtils.java:logGet(44)) - raft.server.log.statemachine.data.sync.timeout.retry = -1 (default)
2021-12-28 02:23:41,934 [pool-347-thread-1] INFO  server.RaftServerConfigKeys (ConfUtils.java:logGet(44)) - raft.server.log.write.buffer.size = 1048576 (custom)
2021-12-28 02:23:41,935 [pool-347-thread-1] INFO  server.RaftServerConfigKeys (ConfUtils.java:logGet(44)) - raft.server.log.statemachine.data.caching.enabled = true (custom)
2021-12-28 02:23:41,938 [pool-347-thread-1] INFO  segmented.SegmentedRaftLogWorker (SegmentedRaftLogWorker.java:lambda$new$0(133)) - d44b9b66-006b-4516-8682-2587942b100c@group-E808BCCEFBD5-SegmentedRaftLogWorker: flushIndex: setUnconditionally 0 -> -1
2021-12-28 02:23:41,938 [pool-347-thread-1] INFO  segmented.SegmentedRaftLogWorker (SegmentedRaftLogWorker.java:lambda$new$0(133)) - d44b9b66-006b-4516-8682-2587942b100c@group-E808BCCEFBD5-SegmentedRaftLogWorker: safeCacheEvictIndex: setUnconditionally 0 -> -1
2021-12-28 02:23:41,940 [85b08ac6-0f6d-42de-94fb-508f7dc90a3f@group-956FE40C5CB7-StateMachineUpdater] INFO  safemode.HealthyPipelineSafeModeRule (HealthyPipelineSafeModeRule.java:initializeRule(152)) - Refreshed total pipeline count is 0, healthy pipeline threshold count is 1
2021-12-28 02:23:41,941 [EventQueue-PipelineReportForPipelineReportHandler] INFO  ha.SCMHAInvocationHandler (SCMHAInvocationHandler.java:invokeRatis(113)) - Invoking method public abstract void org.apache.hadoop.hdds.scm.pipeline.PipelineStateManager.updatePipelineState(org.apache.hadoop.hdds.protocol.proto.HddsProtos$PipelineID,org.apache.hadoop.hdds.protocol.proto.HddsProtos$PipelineState) throws java.io.IOException on target org.apache.hadoop.hdds.scm.ha.SCMRatisServerImpl@3131dcab, cost 7994.165us
2021-12-28 02:23:41,941 [EventQueue-OpenPipelineForHealthyPipelineSafeModeRule] INFO  safemode.SCMSafeModeManager (HealthyPipelineSafeModeRule.java:process(124)) - SCM in safe mode. Healthy pipelines reported count is 0, required healthy pipeline reported count is 1
2021-12-28 02:23:41,943 [pool-347-thread-1] INFO  server.RaftServerConfigKeys (ConfUtils.java:logGet(44)) - raft.server.snapshot.auto.trigger.enabled = true (custom)
2021-12-28 02:23:41,943 [pool-347-thread-1] INFO  server.RaftServerConfigKeys (ConfUtils.java:logGet(44)) - raft.server.snapshot.auto.trigger.threshold = 10000 (custom)
2021-12-28 02:23:41,943 [pool-347-thread-1] INFO  server.RaftServerConfigKeys (ConfUtils.java:logGet(44)) - raft.server.snapshot.retention.file.num = 5 (custom)
2021-12-28 02:23:41,943 [pool-347-thread-1] INFO  server.RaftServerConfigKeys (ConfUtils.java:logGet(44)) - raft.server.log.purge.upto.snapshot.index = false (default)
2021-12-28 02:23:41,945 [pool-347-thread-1] INFO  server.RaftServerConfigKeys (ConfUtils.java:logGet(44)) - raft.server.retrycache.expirytime = 600000ms (custom)
2021-12-28 02:23:41,945 [pool-347-thread-1] INFO  server.RaftServerConfigKeys (ConfUtils.java:logGet(44)) - raft.server.retrycache.statistics.expirytime = 100μs (default)
2021-12-28 02:23:41,948 [efeceff2-b5a5-497a-a96d-e28250e5a95d@group-956FE40C5CB7-StateMachineUpdater] INFO  safemode.HealthyPipelineSafeModeRule (HealthyPipelineSafeModeRule.java:initializeRule(152)) - Refreshed total pipeline count is 0, healthy pipeline threshold count is 1
2021-12-28 02:23:41,948 [pool-347-thread-1] INFO  server.RaftServer$Division (RaftServerImpl.java:start(301)) - d44b9b66-006b-4516-8682-2587942b100c@group-E808BCCEFBD5: start as a follower, conf=-1: [d44b9b66-006b-4516-8682-2587942b100c|rpc:127.0.0.1:38031|priority:1], old=null
2021-12-28 02:23:41,948 [pool-347-thread-1] INFO  server.RaftServer$Division (RaftServerImpl.java:setRole(290)) - d44b9b66-006b-4516-8682-2587942b100c@group-E808BCCEFBD5: changes role from      null to FOLLOWER at term 0 for startAsFollower
2021-12-28 02:23:41,948 [pool-347-thread-1] INFO  impl.RoleInfo (RoleInfo.java:updateAndGet(130)) - d44b9b66-006b-4516-8682-2587942b100c: start d44b9b66-006b-4516-8682-2587942b100c@group-E808BCCEFBD5-FollowerState
2021-12-28 02:23:41,951 [pool-347-thread-1] INFO  util.JmxRegister (JmxRegister.java:tryRegister(44)) - Successfully registered JMX Bean with object name Ratis:service=RaftServer,group=group-E808BCCEFBD5,id=d44b9b66-006b-4516-8682-2587942b100c
2021-12-28 02:23:41,970 [Command processor thread] INFO  ratis.XceiverServerRatis (XceiverServerRatis.java:addGroup(768)) - Created group PipelineID=f9415a4e-565e-41a9-9745-e808bccefbd5
2021-12-28 02:23:41,970 [Command processor thread] INFO  commandhandler.CreatePipelineCommandHandler (CreatePipelineCommandHandler.java:handle(106)) - Created Pipeline RATIS ONE PipelineID=f9415a4e-565e-41a9-9745-e808bccefbd5.
2021-12-28 02:23:41,989 [EndpointStateMachine task thread for /127.0.0.1:13517 - 0 ] INFO  ipc.Client (Client.java:handleConnectionFailure(977)) - Retrying connect to server: localhost/127.0.0.1:13517. Already tried 2 time(s); retry policy is RetryUpToMaximumCountWithFixedSleep(maxRetries=15, sleepTime=1000 MILLISECONDS)
2021-12-28 02:23:41,989 [EndpointStateMachine task thread for /127.0.0.1:13537 - 0 ] INFO  ipc.Client (Client.java:handleConnectionFailure(977)) - Retrying connect to server: localhost/127.0.0.1:13537. Already tried 2 time(s); retry policy is RetryUpToMaximumCountWithFixedSleep(maxRetries=15, sleepTime=1000 MILLISECONDS)
2021-12-28 02:23:41,989 [EndpointStateMachine task thread for /127.0.0.1:13527 - 0 ] INFO  ipc.Client (Client.java:handleConnectionFailure(977)) - Retrying connect to server: localhost/127.0.0.1:13527. Already tried 2 time(s); retry policy is RetryUpToMaximumCountWithFixedSleep(maxRetries=15, sleepTime=1000 MILLISECONDS)
2021-12-28 02:23:42,452 [Datanode State Machine Daemon Thread] ERROR datanode.RunningDatanodeState (RunningDatanodeState.java:computeNextContainerState(199)) - Error in executing end point task.
java.util.concurrent.ExecutionException: java.util.concurrent.TimeoutException
	at java.util.concurrent.FutureTask.report(FutureTask.java:122)
	at java.util.concurrent.FutureTask.get(FutureTask.java:192)
	at org.apache.hadoop.ozone.container.common.states.datanode.RunningDatanodeState.computeNextContainerState(RunningDatanodeState.java:191)
	at org.apache.hadoop.ozone.container.common.states.datanode.RunningDatanodeState.await(RunningDatanodeState.java:231)
	at org.apache.hadoop.ozone.container.common.states.datanode.RunningDatanodeState.await(RunningDatanodeState.java:50)
	at org.apache.hadoop.ozone.container.common.statemachine.StateContext.execute(StateContext.java:633)
	at org.apache.hadoop.ozone.container.common.statemachine.DatanodeStateMachine.start(DatanodeStateMachine.java:280)
	at org.apache.hadoop.ozone.container.common.statemachine.DatanodeStateMachine.lambda$startDaemon$0(DatanodeStateMachine.java:468)
	at java.lang.Thread.run(Thread.java:748)
Caused by: java.util.concurrent.TimeoutException
	at java.util.concurrent.FutureTask.get(FutureTask.java:205)
	at org.apache.hadoop.ozone.container.common.states.datanode.RunningDatanodeState.lambda$execute$0(RunningDatanodeState.java:149)
	at java.util.concurrent.FutureTask.run(FutureTask.java:266)
	at java.util.concurrent.Executors$RunnableAdapter.call(Executors.java:511)
	at java.util.concurrent.FutureTask.run(FutureTask.java:266)
	at java.util.concurrent.ThreadPoolExecutor.runWorker(ThreadPoolExecutor.java:1149)
	at java.util.concurrent.ThreadPoolExecutor$Worker.run(ThreadPoolExecutor.java:624)
	... 1 more
2021-12-28 02:23:42,880 [Listener at 127.0.0.1/13852] INFO  ozone.MiniOzoneClusterImpl (MiniOzoneClusterImpl.java:lambda$waitForClusterToBeReady$0(235)) - Nodes are ready. Got 3 of 3 DN Heartbeats.
2021-12-28 02:23:42,880 [Listener at 127.0.0.1/13852] INFO  ozone.MiniOzoneClusterImpl (MiniOzoneClusterImpl.java:lambda$waitForClusterToBeReady$0(238)) - Waiting for cluster to exit safe mode
2021-12-28 02:23:42,880 [Listener at 127.0.0.1/13852] INFO  ozone.MiniOzoneClusterImpl (MiniOzoneClusterImpl.java:lambda$waitForClusterToBeReady$0(240)) - SCM became leader
2021-12-28 02:23:42,990 [EndpointStateMachine task thread for /127.0.0.1:13517 - 0 ] INFO  ipc.Client (Client.java:handleConnectionFailure(977)) - Retrying connect to server: localhost/127.0.0.1:13517. Already tried 3 time(s); retry policy is RetryUpToMaximumCountWithFixedSleep(maxRetries=15, sleepTime=1000 MILLISECONDS)
2021-12-28 02:23:42,990 [EndpointStateMachine task thread for /127.0.0.1:13537 - 0 ] INFO  ipc.Client (Client.java:handleConnectionFailure(977)) - Retrying connect to server: localhost/127.0.0.1:13537. Already tried 3 time(s); retry policy is RetryUpToMaximumCountWithFixedSleep(maxRetries=15, sleepTime=1000 MILLISECONDS)
2021-12-28 02:23:42,990 [EndpointStateMachine task thread for /127.0.0.1:13527 - 0 ] INFO  ipc.Client (Client.java:handleConnectionFailure(977)) - Retrying connect to server: localhost/127.0.0.1:13527. Already tried 3 time(s); retry policy is RetryUpToMaximumCountWithFixedSleep(maxRetries=15, sleepTime=1000 MILLISECONDS)
2021-12-28 02:23:43,334 [Datanode State Machine Daemon Thread] ERROR datanode.RunningDatanodeState (RunningDatanodeState.java:computeNextContainerState(199)) - Error in executing end point task.
java.util.concurrent.ExecutionException: java.util.concurrent.TimeoutException
	at java.util.concurrent.FutureTask.report(FutureTask.java:122)
	at java.util.concurrent.FutureTask.get(FutureTask.java:192)
	at org.apache.hadoop.ozone.container.common.states.datanode.RunningDatanodeState.computeNextContainerState(RunningDatanodeState.java:191)
	at org.apache.hadoop.ozone.container.common.states.datanode.RunningDatanodeState.await(RunningDatanodeState.java:231)
	at org.apache.hadoop.ozone.container.common.states.datanode.RunningDatanodeState.await(RunningDatanodeState.java:50)
	at org.apache.hadoop.ozone.container.common.statemachine.StateContext.execute(StateContext.java:633)
	at org.apache.hadoop.ozone.container.common.statemachine.DatanodeStateMachine.start(DatanodeStateMachine.java:280)
	at org.apache.hadoop.ozone.container.common.statemachine.DatanodeStateMachine.lambda$startDaemon$0(DatanodeStateMachine.java:468)
	at java.lang.Thread.run(Thread.java:748)
Caused by: java.util.concurrent.TimeoutException
	at java.util.concurrent.FutureTask.get(FutureTask.java:205)
	at org.apache.hadoop.ozone.container.common.states.datanode.RunningDatanodeState.lambda$execute$0(RunningDatanodeState.java:149)
	at java.util.concurrent.FutureTask.run(FutureTask.java:266)
	at java.util.concurrent.Executors$RunnableAdapter.call(Executors.java:511)
	at java.util.concurrent.FutureTask.run(FutureTask.java:266)
	at java.util.concurrent.ThreadPoolExecutor.runWorker(ThreadPoolExecutor.java:1149)
	at java.util.concurrent.ThreadPoolExecutor$Worker.run(ThreadPoolExecutor.java:624)
	... 1 more
2021-12-28 02:23:43,880 [Listener at 127.0.0.1/13852] INFO  ozone.MiniOzoneClusterImpl (MiniOzoneClusterImpl.java:lambda$waitForClusterToBeReady$0(235)) - Nodes are ready. Got 3 of 3 DN Heartbeats.
2021-12-28 02:23:43,881 [Listener at 127.0.0.1/13852] INFO  ozone.MiniOzoneClusterImpl (MiniOzoneClusterImpl.java:lambda$waitForClusterToBeReady$0(238)) - Waiting for cluster to exit safe mode
2021-12-28 02:23:43,881 [Listener at 127.0.0.1/13852] INFO  ozone.MiniOzoneClusterImpl (MiniOzoneClusterImpl.java:lambda$waitForClusterToBeReady$0(240)) - SCM became leader
2021-12-28 02:23:43,929 [Datanode State Machine Daemon Thread] ERROR datanode.RunningDatanodeState (RunningDatanodeState.java:computeNextContainerState(199)) - Error in executing end point task.
java.util.concurrent.ExecutionException: java.util.concurrent.TimeoutException
	at java.util.concurrent.FutureTask.report(FutureTask.java:122)
	at java.util.concurrent.FutureTask.get(FutureTask.java:192)
	at org.apache.hadoop.ozone.container.common.states.datanode.RunningDatanodeState.computeNextContainerState(RunningDatanodeState.java:191)
	at org.apache.hadoop.ozone.container.common.states.datanode.RunningDatanodeState.await(RunningDatanodeState.java:231)
	at org.apache.hadoop.ozone.container.common.states.datanode.RunningDatanodeState.await(RunningDatanodeState.java:50)
	at org.apache.hadoop.ozone.container.common.statemachine.StateContext.execute(StateContext.java:633)
	at org.apache.hadoop.ozone.container.common.statemachine.DatanodeStateMachine.start(DatanodeStateMachine.java:280)
	at org.apache.hadoop.ozone.container.common.statemachine.DatanodeStateMachine.lambda$startDaemon$0(DatanodeStateMachine.java:468)
	at java.lang.Thread.run(Thread.java:748)
Caused by: java.util.concurrent.TimeoutException
	at java.util.concurrent.FutureTask.get(FutureTask.java:205)
	at org.apache.hadoop.ozone.container.common.states.datanode.RunningDatanodeState.lambda$execute$0(RunningDatanodeState.java:149)
	at java.util.concurrent.FutureTask.run(FutureTask.java:266)
	at java.util.concurrent.Executors$RunnableAdapter.call(Executors.java:511)
	at java.util.concurrent.FutureTask.run(FutureTask.java:266)
	at java.util.concurrent.ThreadPoolExecutor.runWorker(ThreadPoolExecutor.java:1149)
	at java.util.concurrent.ThreadPoolExecutor$Worker.run(ThreadPoolExecutor.java:624)
	... 1 more
2021-12-28 02:23:43,990 [EndpointStateMachine task thread for /127.0.0.1:13517 - 0 ] INFO  ipc.Client (Client.java:handleConnectionFailure(977)) - Retrying connect to server: localhost/127.0.0.1:13517. Already tried 4 time(s); retry policy is RetryUpToMaximumCountWithFixedSleep(maxRetries=15, sleepTime=1000 MILLISECONDS)
2021-12-28 02:23:43,991 [EndpointStateMachine task thread for /127.0.0.1:13527 - 0 ] INFO  ipc.Client (Client.java:handleConnectionFailure(977)) - Retrying connect to server: localhost/127.0.0.1:13527. Already tried 4 time(s); retry policy is RetryUpToMaximumCountWithFixedSleep(maxRetries=15, sleepTime=1000 MILLISECONDS)
2021-12-28 02:23:43,992 [EndpointStateMachine task thread for /127.0.0.1:13537 - 0 ] INFO  ipc.Client (Client.java:handleConnectionFailure(977)) - Retrying connect to server: localhost/127.0.0.1:13537. Already tried 4 time(s); retry policy is RetryUpToMaximumCountWithFixedSleep(maxRetries=15, sleepTime=1000 MILLISECONDS)
2021-12-28 02:23:44,335 [Datanode State Machine Daemon Thread] ERROR datanode.RunningDatanodeState (RunningDatanodeState.java:computeNextContainerState(199)) - Error in executing end point task.
java.util.concurrent.ExecutionException: java.util.concurrent.TimeoutException
	at java.util.concurrent.FutureTask.report(FutureTask.java:122)
	at java.util.concurrent.FutureTask.get(FutureTask.java:192)
	at org.apache.hadoop.ozone.container.common.states.datanode.RunningDatanodeState.computeNextContainerState(RunningDatanodeState.java:191)
	at org.apache.hadoop.ozone.container.common.states.datanode.RunningDatanodeState.await(RunningDatanodeState.java:231)
	at org.apache.hadoop.ozone.container.common.states.datanode.RunningDatanodeState.await(RunningDatanodeState.java:50)
	at org.apache.hadoop.ozone.container.common.statemachine.StateContext.execute(StateContext.java:633)
	at org.apache.hadoop.ozone.container.common.statemachine.DatanodeStateMachine.start(DatanodeStateMachine.java:280)
	at org.apache.hadoop.ozone.container.common.statemachine.DatanodeStateMachine.lambda$startDaemon$0(DatanodeStateMachine.java:468)
	at java.lang.Thread.run(Thread.java:748)
Caused by: java.util.concurrent.TimeoutException
	at java.util.concurrent.FutureTask.get(FutureTask.java:205)
	at org.apache.hadoop.ozone.container.common.states.datanode.RunningDatanodeState.lambda$execute$0(RunningDatanodeState.java:149)
	at java.util.concurrent.FutureTask.run(FutureTask.java:266)
	at java.util.concurrent.Executors$RunnableAdapter.call(Executors.java:511)
	at java.util.concurrent.FutureTask.run(FutureTask.java:266)
	at java.util.concurrent.ThreadPoolExecutor.runWorker(ThreadPoolExecutor.java:1149)
	at java.util.concurrent.ThreadPoolExecutor$Worker.run(ThreadPoolExecutor.java:624)
	... 1 more
2021-12-28 02:23:44,881 [Listener at 127.0.0.1/13852] INFO  ozone.MiniOzoneClusterImpl (MiniOzoneClusterImpl.java:lambda$waitForClusterToBeReady$0(235)) - Nodes are ready. Got 3 of 3 DN Heartbeats.
2021-12-28 02:23:44,882 [Listener at 127.0.0.1/13852] INFO  ozone.MiniOzoneClusterImpl (MiniOzoneClusterImpl.java:lambda$waitForClusterToBeReady$0(238)) - Waiting for cluster to exit safe mode
2021-12-28 02:23:44,882 [Listener at 127.0.0.1/13852] INFO  ozone.MiniOzoneClusterImpl (MiniOzoneClusterImpl.java:lambda$waitForClusterToBeReady$0(240)) - SCM became leader
2021-12-28 02:23:44,991 [EndpointStateMachine task thread for /127.0.0.1:13517 - 0 ] INFO  ipc.Client (Client.java:handleConnectionFailure(977)) - Retrying connect to server: localhost/127.0.0.1:13517. Already tried 5 time(s); retry policy is RetryUpToMaximumCountWithFixedSleep(maxRetries=15, sleepTime=1000 MILLISECONDS)
2021-12-28 02:23:44,991 [EndpointStateMachine task thread for /127.0.0.1:13527 - 0 ] INFO  ipc.Client (Client.java:handleConnectionFailure(977)) - Retrying connect to server: localhost/127.0.0.1:13527. Already tried 5 time(s); retry policy is RetryUpToMaximumCountWithFixedSleep(maxRetries=15, sleepTime=1000 MILLISECONDS)
2021-12-28 02:23:44,992 [EndpointStateMachine task thread for /127.0.0.1:13537 - 0 ] INFO  ipc.Client (Client.java:handleConnectionFailure(977)) - Retrying connect to server: localhost/127.0.0.1:13537. Already tried 5 time(s); retry policy is RetryUpToMaximumCountWithFixedSleep(maxRetries=15, sleepTime=1000 MILLISECONDS)
2021-12-28 02:23:45,452 [Datanode State Machine Daemon Thread] ERROR datanode.RunningDatanodeState (RunningDatanodeState.java:computeNextContainerState(199)) - Error in executing end point task.
java.util.concurrent.ExecutionException: java.util.concurrent.TimeoutException
	at java.util.concurrent.FutureTask.report(FutureTask.java:122)
	at java.util.concurrent.FutureTask.get(FutureTask.java:192)
	at org.apache.hadoop.ozone.container.common.states.datanode.RunningDatanodeState.computeNextContainerState(RunningDatanodeState.java:191)
	at org.apache.hadoop.ozone.container.common.states.datanode.RunningDatanodeState.await(RunningDatanodeState.java:231)
	at org.apache.hadoop.ozone.container.common.states.datanode.RunningDatanodeState.await(RunningDatanodeState.java:50)
	at org.apache.hadoop.ozone.container.common.statemachine.StateContext.execute(StateContext.java:633)
	at org.apache.hadoop.ozone.container.common.statemachine.DatanodeStateMachine.start(DatanodeStateMachine.java:280)
	at org.apache.hadoop.ozone.container.common.statemachine.DatanodeStateMachine.lambda$startDaemon$0(DatanodeStateMachine.java:468)
	at java.lang.Thread.run(Thread.java:748)
Caused by: java.util.concurrent.TimeoutException
	at java.util.concurrent.FutureTask.get(FutureTask.java:205)
	at org.apache.hadoop.ozone.container.common.states.datanode.RunningDatanodeState.lambda$execute$0(RunningDatanodeState.java:149)
	at java.util.concurrent.FutureTask.run(FutureTask.java:266)
	at java.util.concurrent.Executors$RunnableAdapter.call(Executors.java:511)
	at java.util.concurrent.FutureTask.run(FutureTask.java:266)
	at java.util.concurrent.ThreadPoolExecutor.runWorker(ThreadPoolExecutor.java:1149)
	at java.util.concurrent.ThreadPoolExecutor$Worker.run(ThreadPoolExecutor.java:624)
	... 1 more
2021-12-28 02:23:45,882 [Listener at 127.0.0.1/13852] INFO  ozone.MiniOzoneClusterImpl (MiniOzoneClusterImpl.java:lambda$waitForClusterToBeReady$0(235)) - Nodes are ready. Got 3 of 3 DN Heartbeats.
2021-12-28 02:23:45,883 [Listener at 127.0.0.1/13852] INFO  ozone.MiniOzoneClusterImpl (MiniOzoneClusterImpl.java:lambda$waitForClusterToBeReady$0(238)) - Waiting for cluster to exit safe mode
2021-12-28 02:23:45,883 [Listener at 127.0.0.1/13852] INFO  ozone.MiniOzoneClusterImpl (MiniOzoneClusterImpl.java:lambda$waitForClusterToBeReady$0(240)) - SCM became leader
2021-12-28 02:23:45,991 [EndpointStateMachine task thread for /127.0.0.1:13517 - 0 ] INFO  ipc.Client (Client.java:handleConnectionFailure(977)) - Retrying connect to server: localhost/127.0.0.1:13517. Already tried 6 time(s); retry policy is RetryUpToMaximumCountWithFixedSleep(maxRetries=15, sleepTime=1000 MILLISECONDS)
2021-12-28 02:23:45,995 [EndpointStateMachine task thread for /127.0.0.1:13537 - 0 ] INFO  ipc.Client (Client.java:handleConnectionFailure(977)) - Retrying connect to server: localhost/127.0.0.1:13537. Already tried 6 time(s); retry policy is RetryUpToMaximumCountWithFixedSleep(maxRetries=15, sleepTime=1000 MILLISECONDS)
2021-12-28 02:23:45,995 [EndpointStateMachine task thread for /127.0.0.1:13527 - 0 ] INFO  ipc.Client (Client.java:handleConnectionFailure(977)) - Retrying connect to server: localhost/127.0.0.1:13527. Already tried 6 time(s); retry policy is RetryUpToMaximumCountWithFixedSleep(maxRetries=15, sleepTime=1000 MILLISECONDS)
2021-12-28 02:23:46,041 [e6ec2fd3-a0c6-4f81-ae90-f7327ac63566@group-6789B4CA4529-FollowerState] INFO  impl.FollowerState (FollowerState.java:run(134)) - e6ec2fd3-a0c6-4f81-ae90-f7327ac63566@group-6789B4CA4529-FollowerState: change to CANDIDATE, lastRpcElapsedTime:5029223485ns, electionTimeout:5021ms
2021-12-28 02:23:46,041 [e6ec2fd3-a0c6-4f81-ae90-f7327ac63566@group-6789B4CA4529-FollowerState] INFO  impl.RoleInfo (RoleInfo.java:shutdownFollowerState(108)) - e6ec2fd3-a0c6-4f81-ae90-f7327ac63566: shutdown e6ec2fd3-a0c6-4f81-ae90-f7327ac63566@group-6789B4CA4529-FollowerState
2021-12-28 02:23:46,041 [e6ec2fd3-a0c6-4f81-ae90-f7327ac63566@group-6789B4CA4529-FollowerState] INFO  server.RaftServer$Division (RaftServerImpl.java:setRole(290)) - e6ec2fd3-a0c6-4f81-ae90-f7327ac63566@group-6789B4CA4529: changes role from  FOLLOWER to CANDIDATE at term 0 for changeToCandidate
2021-12-28 02:23:46,042 [e6ec2fd3-a0c6-4f81-ae90-f7327ac63566@group-6789B4CA4529-FollowerState] INFO  server.RaftServerConfigKeys (ConfUtils.java:logGet(44)) - raft.server.leaderelection.pre-vote = false (custom)
2021-12-28 02:23:46,042 [e6ec2fd3-a0c6-4f81-ae90-f7327ac63566@group-6789B4CA4529-FollowerState] INFO  impl.RoleInfo (RoleInfo.java:updateAndGet(130)) - e6ec2fd3-a0c6-4f81-ae90-f7327ac63566: start e6ec2fd3-a0c6-4f81-ae90-f7327ac63566@group-6789B4CA4529-LeaderElection20
2021-12-28 02:23:46,059 [e6ec2fd3-a0c6-4f81-ae90-f7327ac63566@group-6789B4CA4529-LeaderElection20] INFO  impl.LeaderElection (LeaderElection.java:askForVotes(306)) - e6ec2fd3-a0c6-4f81-ae90-f7327ac63566@group-6789B4CA4529-LeaderElection20 ELECTION round 0: submit vote requests at term 1 for -1: [e6ec2fd3-a0c6-4f81-ae90-f7327ac63566|rpc:127.0.0.1:38023|priority:1], old=null
2021-12-28 02:23:46,060 [e6ec2fd3-a0c6-4f81-ae90-f7327ac63566@group-6789B4CA4529-LeaderElection20] INFO  impl.LeaderElection (LeaderElection.java:askForVotes(308)) - e6ec2fd3-a0c6-4f81-ae90-f7327ac63566@group-6789B4CA4529-LeaderElection20 ELECTION round 0: result PASSED (term=1)
2021-12-28 02:23:46,060 [e6ec2fd3-a0c6-4f81-ae90-f7327ac63566@group-6789B4CA4529-LeaderElection20] INFO  impl.RoleInfo (RoleInfo.java:shutdownLeaderElection(121)) - e6ec2fd3-a0c6-4f81-ae90-f7327ac63566: shutdown e6ec2fd3-a0c6-4f81-ae90-f7327ac63566@group-6789B4CA4529-LeaderElection20
2021-12-28 02:23:46,060 [e6ec2fd3-a0c6-4f81-ae90-f7327ac63566@group-6789B4CA4529-LeaderElection20] INFO  server.RaftServer$Division (RaftServerImpl.java:setRole(290)) - e6ec2fd3-a0c6-4f81-ae90-f7327ac63566@group-6789B4CA4529: changes role from CANDIDATE to LEADER at term 1 for changeToLeader
2021-12-28 02:23:46,060 [e6ec2fd3-a0c6-4f81-ae90-f7327ac63566@group-6789B4CA4529-LeaderElection20] INFO  ratis.XceiverServerRatis (XceiverServerRatis.java:handleLeaderChangedNotification(866)) - Leader change notification received for group: group-6789B4CA4529 with new leaderId: e6ec2fd3-a0c6-4f81-ae90-f7327ac63566
2021-12-28 02:23:46,062 [EventQueue-OpenPipelineForHealthyPipelineSafeModeRule] INFO  safemode.SCMSafeModeManager (HealthyPipelineSafeModeRule.java:process(124)) - SCM in safe mode. Healthy pipelines reported count is 0, required healthy pipeline reported count is 1
2021-12-28 02:23:46,062 [EventQueue-OpenPipelineForHealthyPipelineSafeModeRule] INFO  safemode.SCMSafeModeManager (HealthyPipelineSafeModeRule.java:process(124)) - SCM in safe mode. Healthy pipelines reported count is 0, required healthy pipeline reported count is 1
2021-12-28 02:23:46,065 [e6ec2fd3-a0c6-4f81-ae90-f7327ac63566@group-6789B4CA4529-LeaderElection20] INFO  server.RaftServer$Division (ServerState.java:setLeader(285)) - e6ec2fd3-a0c6-4f81-ae90-f7327ac63566@group-6789B4CA4529: change Leader from null to e6ec2fd3-a0c6-4f81-ae90-f7327ac63566 at term 1 for becomeLeader, leader elected after 5112ms
2021-12-28 02:23:46,065 [e6ec2fd3-a0c6-4f81-ae90-f7327ac63566@group-6789B4CA4529-LeaderElection20] INFO  server.RaftServerConfigKeys (ConfUtils.java:logGet(44)) - raft.server.staging.catchup.gap = 1000 (default)
2021-12-28 02:23:46,065 [e6ec2fd3-a0c6-4f81-ae90-f7327ac63566@group-6789B4CA4529-LeaderElection20] INFO  server.RaftServerConfigKeys (ConfUtils.java:logGet(44)) - raft.server.write.element-limit = 1024 (custom)
2021-12-28 02:23:46,065 [e6ec2fd3-a0c6-4f81-ae90-f7327ac63566@group-6789B4CA4529-LeaderElection20] INFO  server.RaftServerConfigKeys (ConfUtils.java:logGet(44)) - raft.server.write.byte-limit = 1024 M (=1073741824) (custom)
2021-12-28 02:23:46,066 [e6ec2fd3-a0c6-4f81-ae90-f7327ac63566@group-6789B4CA4529-LeaderElection20] INFO  server.RaftServerConfigKeys (ConfUtils.java:logGet(44)) - raft.server.watch.timeout = 180s (custom)
2021-12-28 02:23:46,066 [e6ec2fd3-a0c6-4f81-ae90-f7327ac63566@group-6789B4CA4529-LeaderElection20] INFO  server.RaftServerConfigKeys (ConfUtils.java:logGet(44)) - raft.server.watch.timeout.denomination = 1s (default)
2021-12-28 02:23:46,066 [e6ec2fd3-a0c6-4f81-ae90-f7327ac63566@group-6789B4CA4529-LeaderElection20] INFO  server.RaftServerConfigKeys (ConfUtils.java:logGet(44)) - raft.server.watch.element-limit = 65536 (default)
2021-12-28 02:23:46,066 [e6ec2fd3-a0c6-4f81-ae90-f7327ac63566@group-6789B4CA4529-LeaderElection20] INFO  server.RaftServerConfigKeys (ConfUtils.java:logGet(44)) - raft.server.write.element-limit = 1024 (custom)
2021-12-28 02:23:46,066 [e6ec2fd3-a0c6-4f81-ae90-f7327ac63566@group-6789B4CA4529-LeaderElection20] INFO  server.RaftServerConfigKeys (ConfUtils.java:logGet(44)) - raft.server.write.follower.gap.ratio.max = -1.0 (default)
2021-12-28 02:23:46,066 [e6ec2fd3-a0c6-4f81-ae90-f7327ac63566@group-6789B4CA4529-LeaderElection20] INFO  impl.RoleInfo (RoleInfo.java:updateAndGet(130)) - e6ec2fd3-a0c6-4f81-ae90-f7327ac63566: start e6ec2fd3-a0c6-4f81-ae90-f7327ac63566@group-6789B4CA4529-LeaderStateImpl
2021-12-28 02:23:46,066 [e6ec2fd3-a0c6-4f81-ae90-f7327ac63566@group-6789B4CA4529-LeaderElection20] INFO  segmented.SegmentedRaftLogWorker (SegmentedRaftLogWorker.java:startLogSegment(394)) - e6ec2fd3-a0c6-4f81-ae90-f7327ac63566@group-6789B4CA4529-SegmentedRaftLogWorker: Starting segment from index:0
2021-12-28 02:23:46,067 [e6ec2fd3-a0c6-4f81-ae90-f7327ac63566@group-6789B4CA4529-SegmentedRaftLogWorker] INFO  segmented.SegmentedRaftLogWorker (SegmentedRaftLogWorker.java:execute(601)) - e6ec2fd3-a0c6-4f81-ae90-f7327ac63566@group-6789B4CA4529-SegmentedRaftLogWorker: created new log segment /home/runner/work/ozone/ozone/hadoop-ozone/integration-test/target/test-dir/MiniOzoneClusterImpl-b5c7e046-d456-4649-9d8a-956fe40c5cb7/datanode-0/data/ratis/3be6d057-b009-4245-a5ea-6789b4ca4529/current/log_inprogress_0
2021-12-28 02:23:46,075 [e6ec2fd3-a0c6-4f81-ae90-f7327ac63566@group-6789B4CA4529-LeaderElection20] INFO  server.RaftServer$Division (ServerState.java:setRaftConf(387)) - e6ec2fd3-a0c6-4f81-ae90-f7327ac63566@group-6789B4CA4529: set configuration 0: [e6ec2fd3-a0c6-4f81-ae90-f7327ac63566|rpc:127.0.0.1:38023|dataStream:|priority:1], old=null
2021-12-28 02:23:46,150 [e6ec2fd3-a0c6-4f81-ae90-f7327ac63566@group-D498122A220C-FollowerState] INFO  impl.FollowerState (FollowerState.java:run(134)) - e6ec2fd3-a0c6-4f81-ae90-f7327ac63566@group-D498122A220C-FollowerState: change to CANDIDATE, lastRpcElapsedTime:5058784126ns, electionTimeout:5051ms
2021-12-28 02:23:46,150 [e6ec2fd3-a0c6-4f81-ae90-f7327ac63566@group-D498122A220C-FollowerState] INFO  impl.RoleInfo (RoleInfo.java:shutdownFollowerState(108)) - e6ec2fd3-a0c6-4f81-ae90-f7327ac63566: shutdown e6ec2fd3-a0c6-4f81-ae90-f7327ac63566@group-D498122A220C-FollowerState
2021-12-28 02:23:46,150 [e6ec2fd3-a0c6-4f81-ae90-f7327ac63566@group-D498122A220C-FollowerState] INFO  server.RaftServer$Division (RaftServerImpl.java:setRole(290)) - e6ec2fd3-a0c6-4f81-ae90-f7327ac63566@group-D498122A220C: changes role from  FOLLOWER to CANDIDATE at term 0 for changeToCandidate
2021-12-28 02:23:46,150 [e6ec2fd3-a0c6-4f81-ae90-f7327ac63566@group-D498122A220C-FollowerState] INFO  server.RaftServerConfigKeys (ConfUtils.java:logGet(44)) - raft.server.leaderelection.pre-vote = false (custom)
2021-12-28 02:23:46,150 [e6ec2fd3-a0c6-4f81-ae90-f7327ac63566@group-D498122A220C-FollowerState] INFO  impl.RoleInfo (RoleInfo.java:updateAndGet(130)) - e6ec2fd3-a0c6-4f81-ae90-f7327ac63566: start e6ec2fd3-a0c6-4f81-ae90-f7327ac63566@group-D498122A220C-LeaderElection21
2021-12-28 02:23:46,188 [e6ec2fd3-a0c6-4f81-ae90-f7327ac63566@group-D498122A220C-LeaderElection21] INFO  impl.LeaderElection (LeaderElection.java:askForVotes(306)) - e6ec2fd3-a0c6-4f81-ae90-f7327ac63566@group-D498122A220C-LeaderElection21 ELECTION round 0: submit vote requests at term 1 for -1: [e6ec2fd3-a0c6-4f81-ae90-f7327ac63566|rpc:127.0.0.1:38023|priority:0, 1606c9ac-ae8d-4b60-b668-ad188c7b9b7a|rpc:127.0.0.1:44611|priority:0, d44b9b66-006b-4516-8682-2587942b100c|rpc:127.0.0.1:38031|priority:1], old=null
2021-12-28 02:23:46,216 [1606c9ac-ae8d-4b60-b668-ad188c7b9b7a@group-D498122A220C-FollowerState] INFO  impl.FollowerState (FollowerState.java:run(134)) - 1606c9ac-ae8d-4b60-b668-ad188c7b9b7a@group-D498122A220C-FollowerState: change to CANDIDATE, lastRpcElapsedTime:5033931921ns, electionTimeout:5022ms
2021-12-28 02:23:46,216 [1606c9ac-ae8d-4b60-b668-ad188c7b9b7a@group-D498122A220C-FollowerState] INFO  impl.RoleInfo (RoleInfo.java:shutdownFollowerState(108)) - 1606c9ac-ae8d-4b60-b668-ad188c7b9b7a: shutdown 1606c9ac-ae8d-4b60-b668-ad188c7b9b7a@group-D498122A220C-FollowerState
2021-12-28 02:23:46,217 [1606c9ac-ae8d-4b60-b668-ad188c7b9b7a@group-D498122A220C-FollowerState] INFO  server.RaftServer$Division (RaftServerImpl.java:setRole(290)) - 1606c9ac-ae8d-4b60-b668-ad188c7b9b7a@group-D498122A220C: changes role from  FOLLOWER to CANDIDATE at term 0 for changeToCandidate
2021-12-28 02:23:46,223 [grpc-default-executor-1] INFO  server.RaftServer$Division (RaftServerImpl.java:requestVote(1046)) - 1606c9ac-ae8d-4b60-b668-ad188c7b9b7a@group-D498122A220C: receive requestVote(ELECTION, e6ec2fd3-a0c6-4f81-ae90-f7327ac63566, group-D498122A220C, 1, (t:0, i:0))
2021-12-28 02:23:46,223 [1606c9ac-ae8d-4b60-b668-ad188c7b9b7a@group-D498122A220C-FollowerState] INFO  server.RaftServerConfigKeys (ConfUtils.java:logGet(44)) - raft.server.leaderelection.pre-vote = false (custom)
2021-12-28 02:23:46,223 [1606c9ac-ae8d-4b60-b668-ad188c7b9b7a@group-D498122A220C-FollowerState] INFO  impl.RoleInfo (RoleInfo.java:updateAndGet(130)) - 1606c9ac-ae8d-4b60-b668-ad188c7b9b7a: start 1606c9ac-ae8d-4b60-b668-ad188c7b9b7a@group-D498122A220C-LeaderElection22
2021-12-28 02:23:46,235 [grpc-default-executor-1] INFO  impl.VoteContext (VoteContext.java:log(48)) - 1606c9ac-ae8d-4b60-b668-ad188c7b9b7a@group-D498122A220C-CANDIDATE: accept ELECTION from e6ec2fd3-a0c6-4f81-ae90-f7327ac63566: our priority 0 <= candidate's priority 0
2021-12-28 02:23:46,235 [grpc-default-executor-1] INFO  server.RaftServer$Division (RaftServerImpl.java:setRole(290)) - 1606c9ac-ae8d-4b60-b668-ad188c7b9b7a@group-D498122A220C: changes role from CANDIDATE to FOLLOWER at term 1 for candidate:e6ec2fd3-a0c6-4f81-ae90-f7327ac63566
2021-12-28 02:23:46,235 [grpc-default-executor-1] INFO  impl.RoleInfo (RoleInfo.java:shutdownLeaderElection(121)) - 1606c9ac-ae8d-4b60-b668-ad188c7b9b7a: shutdown 1606c9ac-ae8d-4b60-b668-ad188c7b9b7a@group-D498122A220C-LeaderElection22
2021-12-28 02:23:46,235 [grpc-default-executor-1] INFO  impl.RoleInfo (RoleInfo.java:updateAndGet(130)) - 1606c9ac-ae8d-4b60-b668-ad188c7b9b7a: start 1606c9ac-ae8d-4b60-b668-ad188c7b9b7a@group-D498122A220C-FollowerState
2021-12-28 02:23:46,236 [grpc-default-executor-2] INFO  server.RaftServer$Division (RaftServerImpl.java:requestVote(1046)) - d44b9b66-006b-4516-8682-2587942b100c@group-D498122A220C: receive requestVote(ELECTION, e6ec2fd3-a0c6-4f81-ae90-f7327ac63566, group-D498122A220C, 1, (t:0, i:0))
2021-12-28 02:23:46,236 [grpc-default-executor-2] INFO  impl.VoteContext (VoteContext.java:log(48)) - d44b9b66-006b-4516-8682-2587942b100c@group-D498122A220C-FOLLOWER: reject ELECTION from e6ec2fd3-a0c6-4f81-ae90-f7327ac63566: our priority 1 > candidate's priority 0
2021-12-28 02:23:46,236 [grpc-default-executor-2] INFO  server.RaftServer$Division (RaftServerImpl.java:setRole(290)) - d44b9b66-006b-4516-8682-2587942b100c@group-D498122A220C: changes role from  FOLLOWER to FOLLOWER at term 1 for candidate:e6ec2fd3-a0c6-4f81-ae90-f7327ac63566
2021-12-28 02:23:46,236 [grpc-default-executor-2] INFO  impl.RoleInfo (RoleInfo.java:shutdownFollowerState(108)) - d44b9b66-006b-4516-8682-2587942b100c: shutdown d44b9b66-006b-4516-8682-2587942b100c@group-D498122A220C-FollowerState
2021-12-28 02:23:46,236 [grpc-default-executor-2] INFO  impl.RoleInfo (RoleInfo.java:updateAndGet(130)) - d44b9b66-006b-4516-8682-2587942b100c: start d44b9b66-006b-4516-8682-2587942b100c@group-D498122A220C-FollowerState
2021-12-28 02:23:46,236 [d44b9b66-006b-4516-8682-2587942b100c@group-D498122A220C-FollowerState] INFO  impl.FollowerState (FollowerState.java:run(143)) - d44b9b66-006b-4516-8682-2587942b100c@group-D498122A220C-FollowerState was interrupted: {}
java.lang.InterruptedException: sleep interrupted
	at java.lang.Thread.sleep(Native Method)
	at java.lang.Thread.sleep(Thread.java:340)
	at java.util.concurrent.TimeUnit.sleep(TimeUnit.java:386)
	at org.apache.ratis.util.TimeDuration.sleep(TimeDuration.java:324)
	at org.apache.ratis.util.TimeDuration.sleep(TimeDuration.java:309)
	at org.apache.ratis.server.impl.FollowerState.run(FollowerState.java:118)
2021-12-28 02:23:46,238 [grpc-default-executor-1] INFO  server.RaftServer$Division (RaftServerImpl.java:requestVote(1078)) - 1606c9ac-ae8d-4b60-b668-ad188c7b9b7a@group-D498122A220C replies to ELECTION vote request: e6ec2fd3-a0c6-4f81-ae90-f7327ac63566<-1606c9ac-ae8d-4b60-b668-ad188c7b9b7a#0:OK-t1. Peer's state: 1606c9ac-ae8d-4b60-b668-ad188c7b9b7a@group-D498122A220C:t1, leader=null, voted=e6ec2fd3-a0c6-4f81-ae90-f7327ac63566, raftlog=1606c9ac-ae8d-4b60-b668-ad188c7b9b7a@group-D498122A220C-SegmentedRaftLog:OPENED:c-1, conf=-1: [e6ec2fd3-a0c6-4f81-ae90-f7327ac63566|rpc:127.0.0.1:38023|dataStream:|priority:0, 1606c9ac-ae8d-4b60-b668-ad188c7b9b7a|rpc:127.0.0.1:44611|dataStream:|priority:0, d44b9b66-006b-4516-8682-2587942b100c|rpc:127.0.0.1:38031|dataStream:|priority:1], old=null
2021-12-28 02:23:46,242 [grpc-default-executor-2] INFO  server.RaftServer$Division (RaftServerImpl.java:requestVote(1078)) - d44b9b66-006b-4516-8682-2587942b100c@group-D498122A220C replies to ELECTION vote request: e6ec2fd3-a0c6-4f81-ae90-f7327ac63566<-d44b9b66-006b-4516-8682-2587942b100c#0:FAIL-t1. Peer's state: d44b9b66-006b-4516-8682-2587942b100c@group-D498122A220C:t1, leader=null, voted=null, raftlog=d44b9b66-006b-4516-8682-2587942b100c@group-D498122A220C-SegmentedRaftLog:OPENED:c-1, conf=-1: [e6ec2fd3-a0c6-4f81-ae90-f7327ac63566|rpc:127.0.0.1:38023|dataStream:|priority:0, 1606c9ac-ae8d-4b60-b668-ad188c7b9b7a|rpc:127.0.0.1:44611|dataStream:|priority:0, d44b9b66-006b-4516-8682-2587942b100c|rpc:127.0.0.1:38031|dataStream:|priority:1], old=null
2021-12-28 02:23:46,256 [e6ec2fd3-a0c6-4f81-ae90-f7327ac63566@group-D498122A220C-LeaderElection21] INFO  impl.LeaderElection (LeaderElection.java:logAndReturn(89)) - e6ec2fd3-a0c6-4f81-ae90-f7327ac63566@group-D498122A220C-LeaderElection21: ELECTION REJECTED received 2 response(s) and 0 exception(s):
2021-12-28 02:23:46,257 [e6ec2fd3-a0c6-4f81-ae90-f7327ac63566@group-D498122A220C-LeaderElection21] INFO  impl.LeaderElection (LeaderElection.java:logAndReturn(93)) -   Response 0: e6ec2fd3-a0c6-4f81-ae90-f7327ac63566<-1606c9ac-ae8d-4b60-b668-ad188c7b9b7a#0:OK-t1
2021-12-28 02:23:46,257 [e6ec2fd3-a0c6-4f81-ae90-f7327ac63566@group-D498122A220C-LeaderElection21] INFO  impl.LeaderElection (LeaderElection.java:logAndReturn(93)) -   Response 1: e6ec2fd3-a0c6-4f81-ae90-f7327ac63566<-d44b9b66-006b-4516-8682-2587942b100c#0:FAIL-t1
2021-12-28 02:23:46,257 [e6ec2fd3-a0c6-4f81-ae90-f7327ac63566@group-D498122A220C-LeaderElection21] INFO  impl.LeaderElection (LeaderElection.java:askForVotes(308)) - e6ec2fd3-a0c6-4f81-ae90-f7327ac63566@group-D498122A220C-LeaderElection21 ELECTION round 0: result REJECTED
2021-12-28 02:23:46,257 [e6ec2fd3-a0c6-4f81-ae90-f7327ac63566@group-D498122A220C-LeaderElection21] INFO  server.RaftServer$Division (RaftServerImpl.java:setRole(290)) - e6ec2fd3-a0c6-4f81-ae90-f7327ac63566@group-D498122A220C: changes role from CANDIDATE to FOLLOWER at term 1 for REJECTED
2021-12-28 02:23:46,257 [e6ec2fd3-a0c6-4f81-ae90-f7327ac63566@group-D498122A220C-LeaderElection21] INFO  impl.RoleInfo (RoleInfo.java:shutdownLeaderElection(121)) - e6ec2fd3-a0c6-4f81-ae90-f7327ac63566: shutdown e6ec2fd3-a0c6-4f81-ae90-f7327ac63566@group-D498122A220C-LeaderElection21
2021-12-28 02:23:46,257 [e6ec2fd3-a0c6-4f81-ae90-f7327ac63566@group-D498122A220C-LeaderElection21] INFO  impl.RoleInfo (RoleInfo.java:updateAndGet(130)) - e6ec2fd3-a0c6-4f81-ae90-f7327ac63566: start e6ec2fd3-a0c6-4f81-ae90-f7327ac63566@group-D498122A220C-FollowerState
2021-12-28 02:23:46,366 [e6ec2fd3-a0c6-4f81-ae90-f7327ac63566@group-780EFEE5BBA3-FollowerState] INFO  impl.FollowerState (FollowerState.java:run(134)) - e6ec2fd3-a0c6-4f81-ae90-f7327ac63566@group-780EFEE5BBA3-FollowerState: change to CANDIDATE, lastRpcElapsedTime:5025160649ns, electionTimeout:5015ms
2021-12-28 02:23:46,366 [e6ec2fd3-a0c6-4f81-ae90-f7327ac63566@group-780EFEE5BBA3-FollowerState] INFO  impl.RoleInfo (RoleInfo.java:shutdownFollowerState(108)) - e6ec2fd3-a0c6-4f81-ae90-f7327ac63566: shutdown e6ec2fd3-a0c6-4f81-ae90-f7327ac63566@group-780EFEE5BBA3-FollowerState
2021-12-28 02:23:46,366 [e6ec2fd3-a0c6-4f81-ae90-f7327ac63566@group-780EFEE5BBA3-FollowerState] INFO  server.RaftServer$Division (RaftServerImpl.java:setRole(290)) - e6ec2fd3-a0c6-4f81-ae90-f7327ac63566@group-780EFEE5BBA3: changes role from  FOLLOWER to CANDIDATE at term 0 for changeToCandidate
2021-12-28 02:23:46,366 [e6ec2fd3-a0c6-4f81-ae90-f7327ac63566@group-780EFEE5BBA3-FollowerState] INFO  server.RaftServerConfigKeys (ConfUtils.java:logGet(44)) - raft.server.leaderelection.pre-vote = false (custom)
2021-12-28 02:23:46,366 [e6ec2fd3-a0c6-4f81-ae90-f7327ac63566@group-780EFEE5BBA3-FollowerState] INFO  impl.RoleInfo (RoleInfo.java:updateAndGet(130)) - e6ec2fd3-a0c6-4f81-ae90-f7327ac63566: start e6ec2fd3-a0c6-4f81-ae90-f7327ac63566@group-780EFEE5BBA3-LeaderElection23
2021-12-28 02:23:46,396 [e6ec2fd3-a0c6-4f81-ae90-f7327ac63566@group-780EFEE5BBA3-LeaderElection23] INFO  impl.LeaderElection (LeaderElection.java:askForVotes(306)) - e6ec2fd3-a0c6-4f81-ae90-f7327ac63566@group-780EFEE5BBA3-LeaderElection23 ELECTION round 0: submit vote requests at term 1 for -1: [e6ec2fd3-a0c6-4f81-ae90-f7327ac63566|rpc:127.0.0.1:38023|priority:0, 1606c9ac-ae8d-4b60-b668-ad188c7b9b7a|rpc:127.0.0.1:44611|priority:1, d44b9b66-006b-4516-8682-2587942b100c|rpc:127.0.0.1:38031|priority:0], old=null
2021-12-28 02:23:46,417 [grpc-default-executor-2] INFO  server.RaftServer$Division (RaftServerImpl.java:requestVote(1046)) - 1606c9ac-ae8d-4b60-b668-ad188c7b9b7a@group-780EFEE5BBA3: receive requestVote(ELECTION, e6ec2fd3-a0c6-4f81-ae90-f7327ac63566, group-780EFEE5BBA3, 1, (t:0, i:0))
2021-12-28 02:23:46,417 [grpc-default-executor-2] INFO  impl.VoteContext (VoteContext.java:log(48)) - 1606c9ac-ae8d-4b60-b668-ad188c7b9b7a@group-780EFEE5BBA3-FOLLOWER: reject ELECTION from e6ec2fd3-a0c6-4f81-ae90-f7327ac63566: our priority 1 > candidate's priority 0
2021-12-28 02:23:46,417 [grpc-default-executor-2] INFO  server.RaftServer$Division (RaftServerImpl.java:setRole(290)) - 1606c9ac-ae8d-4b60-b668-ad188c7b9b7a@group-780EFEE5BBA3: changes role from  FOLLOWER to FOLLOWER at term 1 for candidate:e6ec2fd3-a0c6-4f81-ae90-f7327ac63566
2021-12-28 02:23:46,417 [grpc-default-executor-2] INFO  impl.RoleInfo (RoleInfo.java:shutdownFollowerState(108)) - 1606c9ac-ae8d-4b60-b668-ad188c7b9b7a: shutdown 1606c9ac-ae8d-4b60-b668-ad188c7b9b7a@group-780EFEE5BBA3-FollowerState
2021-12-28 02:23:46,417 [1606c9ac-ae8d-4b60-b668-ad188c7b9b7a@group-780EFEE5BBA3-FollowerState] INFO  impl.FollowerState (FollowerState.java:run(143)) - 1606c9ac-ae8d-4b60-b668-ad188c7b9b7a@group-780EFEE5BBA3-FollowerState was interrupted: {}
java.lang.InterruptedException: sleep interrupted
	at java.lang.Thread.sleep(Native Method)
	at java.lang.Thread.sleep(Thread.java:340)
	at java.util.concurrent.TimeUnit.sleep(TimeUnit.java:386)
	at org.apache.ratis.util.TimeDuration.sleep(TimeDuration.java:324)
	at org.apache.ratis.util.TimeDuration.sleep(TimeDuration.java:309)
	at org.apache.ratis.server.impl.FollowerState.run(FollowerState.java:118)
2021-12-28 02:23:46,417 [grpc-default-executor-2] INFO  impl.RoleInfo (RoleInfo.java:updateAndGet(130)) - 1606c9ac-ae8d-4b60-b668-ad188c7b9b7a: start 1606c9ac-ae8d-4b60-b668-ad188c7b9b7a@group-780EFEE5BBA3-FollowerState
2021-12-28 02:23:46,443 [grpc-default-executor-2] INFO  server.RaftServer$Division (RaftServerImpl.java:requestVote(1078)) - 1606c9ac-ae8d-4b60-b668-ad188c7b9b7a@group-780EFEE5BBA3 replies to ELECTION vote request: e6ec2fd3-a0c6-4f81-ae90-f7327ac63566<-1606c9ac-ae8d-4b60-b668-ad188c7b9b7a#0:FAIL-t1. Peer's state: 1606c9ac-ae8d-4b60-b668-ad188c7b9b7a@group-780EFEE5BBA3:t1, leader=null, voted=null, raftlog=1606c9ac-ae8d-4b60-b668-ad188c7b9b7a@group-780EFEE5BBA3-SegmentedRaftLog:OPENED:c-1, conf=-1: [e6ec2fd3-a0c6-4f81-ae90-f7327ac63566|rpc:127.0.0.1:38023|dataStream:|priority:0, 1606c9ac-ae8d-4b60-b668-ad188c7b9b7a|rpc:127.0.0.1:44611|dataStream:|priority:1, d44b9b66-006b-4516-8682-2587942b100c|rpc:127.0.0.1:38031|dataStream:|priority:0], old=null
2021-12-28 02:23:46,447 [e6ec2fd3-a0c6-4f81-ae90-f7327ac63566@group-780EFEE5BBA3-LeaderElection23] INFO  impl.LeaderElection (LeaderElection.java:logAndReturn(89)) - e6ec2fd3-a0c6-4f81-ae90-f7327ac63566@group-780EFEE5BBA3-LeaderElection23: ELECTION REJECTED received 1 response(s) and 0 exception(s):
2021-12-28 02:23:46,447 [e6ec2fd3-a0c6-4f81-ae90-f7327ac63566@group-780EFEE5BBA3-LeaderElection23] INFO  impl.LeaderElection (LeaderElection.java:logAndReturn(93)) -   Response 0: e6ec2fd3-a0c6-4f81-ae90-f7327ac63566<-1606c9ac-ae8d-4b60-b668-ad188c7b9b7a#0:FAIL-t1
2021-12-28 02:23:46,447 [e6ec2fd3-a0c6-4f81-ae90-f7327ac63566@group-780EFEE5BBA3-LeaderElection23] INFO  impl.LeaderElection (LeaderElection.java:askForVotes(308)) - e6ec2fd3-a0c6-4f81-ae90-f7327ac63566@group-780EFEE5BBA3-LeaderElection23 ELECTION round 0: result REJECTED
2021-12-28 02:23:46,447 [e6ec2fd3-a0c6-4f81-ae90-f7327ac63566@group-780EFEE5BBA3-LeaderElection23] INFO  server.RaftServer$Division (RaftServerImpl.java:setRole(290)) - e6ec2fd3-a0c6-4f81-ae90-f7327ac63566@group-780EFEE5BBA3: changes role from CANDIDATE to FOLLOWER at term 1 for REJECTED
2021-12-28 02:23:46,447 [e6ec2fd3-a0c6-4f81-ae90-f7327ac63566@group-780EFEE5BBA3-LeaderElection23] INFO  impl.RoleInfo (RoleInfo.java:shutdownLeaderElection(121)) - e6ec2fd3-a0c6-4f81-ae90-f7327ac63566: shutdown e6ec2fd3-a0c6-4f81-ae90-f7327ac63566@group-780EFEE5BBA3-LeaderElection23
2021-12-28 02:23:46,447 [e6ec2fd3-a0c6-4f81-ae90-f7327ac63566@group-780EFEE5BBA3-LeaderElection23] INFO  impl.RoleInfo (RoleInfo.java:updateAndGet(130)) - e6ec2fd3-a0c6-4f81-ae90-f7327ac63566: start e6ec2fd3-a0c6-4f81-ae90-f7327ac63566@group-780EFEE5BBA3-FollowerState
2021-12-28 02:23:46,453 [Datanode State Machine Daemon Thread] ERROR datanode.RunningDatanodeState (RunningDatanodeState.java:computeNextContainerState(199)) - Error in executing end point task.
java.util.concurrent.ExecutionException: java.util.concurrent.TimeoutException
	at java.util.concurrent.FutureTask.report(FutureTask.java:122)
	at java.util.concurrent.FutureTask.get(FutureTask.java:192)
	at org.apache.hadoop.ozone.container.common.states.datanode.RunningDatanodeState.computeNextContainerState(RunningDatanodeState.java:191)
	at org.apache.hadoop.ozone.container.common.states.datanode.RunningDatanodeState.await(RunningDatanodeState.java:231)
	at org.apache.hadoop.ozone.container.common.states.datanode.RunningDatanodeState.await(RunningDatanodeState.java:50)
	at org.apache.hadoop.ozone.container.common.statemachine.StateContext.execute(StateContext.java:633)
	at org.apache.hadoop.ozone.container.common.statemachine.DatanodeStateMachine.start(DatanodeStateMachine.java:280)
	at org.apache.hadoop.ozone.container.common.statemachine.DatanodeStateMachine.lambda$startDaemon$0(DatanodeStateMachine.java:468)
	at java.lang.Thread.run(Thread.java:748)
Caused by: java.util.concurrent.TimeoutException
	at java.util.concurrent.FutureTask.get(FutureTask.java:205)
	at org.apache.hadoop.ozone.container.common.states.datanode.RunningDatanodeState.lambda$execute$0(RunningDatanodeState.java:149)
	at java.util.concurrent.FutureTask.run(FutureTask.java:266)
	at java.util.concurrent.Executors$RunnableAdapter.call(Executors.java:511)
	at java.util.concurrent.FutureTask.run(FutureTask.java:266)
	at java.util.concurrent.ThreadPoolExecutor.runWorker(ThreadPoolExecutor.java:1149)
	at java.util.concurrent.ThreadPoolExecutor$Worker.run(ThreadPoolExecutor.java:624)
	... 1 more
2021-12-28 02:23:46,463 [grpc-default-executor-2] INFO  server.RaftServer$Division (RaftServerImpl.java:requestVote(1046)) - d44b9b66-006b-4516-8682-2587942b100c@group-780EFEE5BBA3: receive requestVote(ELECTION, e6ec2fd3-a0c6-4f81-ae90-f7327ac63566, group-780EFEE5BBA3, 1, (t:0, i:0))
2021-12-28 02:23:46,463 [grpc-default-executor-2] INFO  impl.VoteContext (VoteContext.java:log(48)) - d44b9b66-006b-4516-8682-2587942b100c@group-780EFEE5BBA3-FOLLOWER: accept ELECTION from e6ec2fd3-a0c6-4f81-ae90-f7327ac63566: our priority 0 <= candidate's priority 0
2021-12-28 02:23:46,463 [grpc-default-executor-2] INFO  server.RaftServer$Division (RaftServerImpl.java:setRole(290)) - d44b9b66-006b-4516-8682-2587942b100c@group-780EFEE5BBA3: changes role from  FOLLOWER to FOLLOWER at term 1 for candidate:e6ec2fd3-a0c6-4f81-ae90-f7327ac63566
2021-12-28 02:23:46,463 [grpc-default-executor-2] INFO  impl.RoleInfo (RoleInfo.java:shutdownFollowerState(108)) - d44b9b66-006b-4516-8682-2587942b100c: shutdown d44b9b66-006b-4516-8682-2587942b100c@group-780EFEE5BBA3-FollowerState
2021-12-28 02:23:46,463 [d44b9b66-006b-4516-8682-2587942b100c@group-780EFEE5BBA3-FollowerState] INFO  impl.FollowerState (FollowerState.java:run(143)) - d44b9b66-006b-4516-8682-2587942b100c@group-780EFEE5BBA3-FollowerState was interrupted: {}
java.lang.InterruptedException: sleep interrupted
	at java.lang.Thread.sleep(Native Method)
	at java.lang.Thread.sleep(Thread.java:340)
	at java.util.concurrent.TimeUnit.sleep(TimeUnit.java:386)
	at org.apache.ratis.util.TimeDuration.sleep(TimeDuration.java:324)
	at org.apache.ratis.util.TimeDuration.sleep(TimeDuration.java:309)
	at org.apache.ratis.server.impl.FollowerState.run(FollowerState.java:118)
2021-12-28 02:23:46,463 [grpc-default-executor-2] INFO  impl.RoleInfo (RoleInfo.java:updateAndGet(130)) - d44b9b66-006b-4516-8682-2587942b100c: start d44b9b66-006b-4516-8682-2587942b100c@group-780EFEE5BBA3-FollowerState
2021-12-28 02:23:46,486 [grpc-default-executor-2] INFO  server.RaftServer$Division (RaftServerImpl.java:requestVote(1078)) - d44b9b66-006b-4516-8682-2587942b100c@group-780EFEE5BBA3 replies to ELECTION vote request: e6ec2fd3-a0c6-4f81-ae90-f7327ac63566<-d44b9b66-006b-4516-8682-2587942b100c#0:OK-t1. Peer's state: d44b9b66-006b-4516-8682-2587942b100c@group-780EFEE5BBA3:t1, leader=null, voted=e6ec2fd3-a0c6-4f81-ae90-f7327ac63566, raftlog=d44b9b66-006b-4516-8682-2587942b100c@group-780EFEE5BBA3-SegmentedRaftLog:OPENED:c-1, conf=-1: [e6ec2fd3-a0c6-4f81-ae90-f7327ac63566|rpc:127.0.0.1:38023|dataStream:|priority:0, 1606c9ac-ae8d-4b60-b668-ad188c7b9b7a|rpc:127.0.0.1:44611|dataStream:|priority:1, d44b9b66-006b-4516-8682-2587942b100c|rpc:127.0.0.1:38031|dataStream:|priority:0], old=null
2021-12-28 02:23:46,509 [1606c9ac-ae8d-4b60-b668-ad188c7b9b7a@group-94E367CED92C-FollowerState] INFO  impl.FollowerState (FollowerState.java:run(134)) - 1606c9ac-ae8d-4b60-b668-ad188c7b9b7a@group-94E367CED92C-FollowerState: change to CANDIDATE, lastRpcElapsedTime:5016246875ns, electionTimeout:5007ms
2021-12-28 02:23:46,509 [1606c9ac-ae8d-4b60-b668-ad188c7b9b7a@group-94E367CED92C-FollowerState] INFO  impl.RoleInfo (RoleInfo.java:shutdownFollowerState(108)) - 1606c9ac-ae8d-4b60-b668-ad188c7b9b7a: shutdown 1606c9ac-ae8d-4b60-b668-ad188c7b9b7a@group-94E367CED92C-FollowerState
2021-12-28 02:23:46,510 [1606c9ac-ae8d-4b60-b668-ad188c7b9b7a@group-94E367CED92C-FollowerState] INFO  server.RaftServer$Division (RaftServerImpl.java:setRole(290)) - 1606c9ac-ae8d-4b60-b668-ad188c7b9b7a@group-94E367CED92C: changes role from  FOLLOWER to CANDIDATE at term 0 for changeToCandidate
2021-12-28 02:23:46,510 [1606c9ac-ae8d-4b60-b668-ad188c7b9b7a@group-94E367CED92C-FollowerState] INFO  server.RaftServerConfigKeys (ConfUtils.java:logGet(44)) - raft.server.leaderelection.pre-vote = false (custom)
2021-12-28 02:23:46,510 [1606c9ac-ae8d-4b60-b668-ad188c7b9b7a@group-94E367CED92C-FollowerState] INFO  impl.RoleInfo (RoleInfo.java:updateAndGet(130)) - 1606c9ac-ae8d-4b60-b668-ad188c7b9b7a: start 1606c9ac-ae8d-4b60-b668-ad188c7b9b7a@group-94E367CED92C-LeaderElection24
2021-12-28 02:23:46,522 [1606c9ac-ae8d-4b60-b668-ad188c7b9b7a@group-94E367CED92C-LeaderElection24] INFO  impl.LeaderElection (LeaderElection.java:askForVotes(306)) - 1606c9ac-ae8d-4b60-b668-ad188c7b9b7a@group-94E367CED92C-LeaderElection24 ELECTION round 0: submit vote requests at term 1 for -1: [1606c9ac-ae8d-4b60-b668-ad188c7b9b7a|rpc:127.0.0.1:44611|priority:1], old=null
2021-12-28 02:23:46,522 [1606c9ac-ae8d-4b60-b668-ad188c7b9b7a@group-94E367CED92C-LeaderElection24] INFO  impl.LeaderElection (LeaderElection.java:askForVotes(308)) - 1606c9ac-ae8d-4b60-b668-ad188c7b9b7a@group-94E367CED92C-LeaderElection24 ELECTION round 0: result PASSED (term=1)
2021-12-28 02:23:46,522 [1606c9ac-ae8d-4b60-b668-ad188c7b9b7a@group-94E367CED92C-LeaderElection24] INFO  impl.RoleInfo (RoleInfo.java:shutdownLeaderElection(121)) - 1606c9ac-ae8d-4b60-b668-ad188c7b9b7a: shutdown 1606c9ac-ae8d-4b60-b668-ad188c7b9b7a@group-94E367CED92C-LeaderElection24
2021-12-28 02:23:46,522 [1606c9ac-ae8d-4b60-b668-ad188c7b9b7a@group-94E367CED92C-LeaderElection24] INFO  server.RaftServer$Division (RaftServerImpl.java:setRole(290)) - 1606c9ac-ae8d-4b60-b668-ad188c7b9b7a@group-94E367CED92C: changes role from CANDIDATE to LEADER at term 1 for changeToLeader
2021-12-28 02:23:46,522 [1606c9ac-ae8d-4b60-b668-ad188c7b9b7a@group-94E367CED92C-LeaderElection24] INFO  ratis.XceiverServerRatis (XceiverServerRatis.java:handleLeaderChangedNotification(866)) - Leader change notification received for group: group-94E367CED92C with new leaderId: 1606c9ac-ae8d-4b60-b668-ad188c7b9b7a
2021-12-28 02:23:46,522 [1606c9ac-ae8d-4b60-b668-ad188c7b9b7a@group-94E367CED92C-LeaderElection24] INFO  server.RaftServer$Division (ServerState.java:setLeader(285)) - 1606c9ac-ae8d-4b60-b668-ad188c7b9b7a@group-94E367CED92C: change Leader from null to 1606c9ac-ae8d-4b60-b668-ad188c7b9b7a at term 1 for becomeLeader, leader elected after 5070ms
2021-12-28 02:23:46,522 [1606c9ac-ae8d-4b60-b668-ad188c7b9b7a@group-94E367CED92C-LeaderElection24] INFO  server.RaftServerConfigKeys (ConfUtils.java:logGet(44)) - raft.server.staging.catchup.gap = 1000 (default)
2021-12-28 02:23:46,523 [1606c9ac-ae8d-4b60-b668-ad188c7b9b7a@group-94E367CED92C-LeaderElection24] INFO  server.RaftServerConfigKeys (ConfUtils.java:logGet(44)) - raft.server.write.element-limit = 1024 (custom)
2021-12-28 02:23:46,523 [1606c9ac-ae8d-4b60-b668-ad188c7b9b7a@group-94E367CED92C-LeaderElection24] INFO  server.RaftServerConfigKeys (ConfUtils.java:logGet(44)) - raft.server.write.byte-limit = 1024 M (=1073741824) (custom)
2021-12-28 02:23:46,524 [EventQueue-OpenPipelineForHealthyPipelineSafeModeRule] INFO  safemode.SCMSafeModeManager (HealthyPipelineSafeModeRule.java:process(124)) - SCM in safe mode. Healthy pipelines reported count is 0, required healthy pipeline reported count is 1
2021-12-28 02:23:46,524 [1606c9ac-ae8d-4b60-b668-ad188c7b9b7a@group-94E367CED92C-LeaderElection24] INFO  server.RaftServerConfigKeys (ConfUtils.java:logGet(44)) - raft.server.watch.timeout = 180s (custom)
2021-12-28 02:23:46,524 [1606c9ac-ae8d-4b60-b668-ad188c7b9b7a@group-94E367CED92C-LeaderElection24] INFO  server.RaftServerConfigKeys (ConfUtils.java:logGet(44)) - raft.server.watch.timeout.denomination = 1s (default)
2021-12-28 02:23:46,524 [1606c9ac-ae8d-4b60-b668-ad188c7b9b7a@group-94E367CED92C-LeaderElection24] INFO  server.RaftServerConfigKeys (ConfUtils.java:logGet(44)) - raft.server.watch.element-limit = 65536 (default)
2021-12-28 02:23:46,524 [1606c9ac-ae8d-4b60-b668-ad188c7b9b7a@group-94E367CED92C-LeaderElection24] INFO  server.RaftServerConfigKeys (ConfUtils.java:logGet(44)) - raft.server.write.element-limit = 1024 (custom)
2021-12-28 02:23:46,524 [1606c9ac-ae8d-4b60-b668-ad188c7b9b7a@group-94E367CED92C-LeaderElection24] INFO  server.RaftServerConfigKeys (ConfUtils.java:logGet(44)) - raft.server.write.follower.gap.ratio.max = -1.0 (default)
2021-12-28 02:23:46,524 [1606c9ac-ae8d-4b60-b668-ad188c7b9b7a@group-94E367CED92C-LeaderElection24] INFO  impl.RoleInfo (RoleInfo.java:updateAndGet(130)) - 1606c9ac-ae8d-4b60-b668-ad188c7b9b7a: start 1606c9ac-ae8d-4b60-b668-ad188c7b9b7a@group-94E367CED92C-LeaderStateImpl
2021-12-28 02:23:46,525 [1606c9ac-ae8d-4b60-b668-ad188c7b9b7a@group-94E367CED92C-LeaderElection24] INFO  segmented.SegmentedRaftLogWorker (SegmentedRaftLogWorker.java:startLogSegment(394)) - 1606c9ac-ae8d-4b60-b668-ad188c7b9b7a@group-94E367CED92C-SegmentedRaftLogWorker: Starting segment from index:0
2021-12-28 02:23:46,526 [1606c9ac-ae8d-4b60-b668-ad188c7b9b7a@group-94E367CED92C-SegmentedRaftLogWorker] INFO  segmented.SegmentedRaftLogWorker (SegmentedRaftLogWorker.java:execute(601)) - 1606c9ac-ae8d-4b60-b668-ad188c7b9b7a@group-94E367CED92C-SegmentedRaftLogWorker: created new log segment /home/runner/work/ozone/ozone/hadoop-ozone/integration-test/target/test-dir/MiniOzoneClusterImpl-b5c7e046-d456-4649-9d8a-956fe40c5cb7/datanode-1/data/ratis/398c00e6-2b17-4931-bbf4-94e367ced92c/current/log_inprogress_0
2021-12-28 02:23:46,528 [EventQueue-OpenPipelineForHealthyPipelineSafeModeRule] INFO  safemode.SCMSafeModeManager (HealthyPipelineSafeModeRule.java:process(124)) - SCM in safe mode. Healthy pipelines reported count is 0, required healthy pipeline reported count is 1
2021-12-28 02:23:46,536 [1606c9ac-ae8d-4b60-b668-ad188c7b9b7a@group-94E367CED92C-LeaderElection24] INFO  server.RaftServer$Division (ServerState.java:setRaftConf(387)) - 1606c9ac-ae8d-4b60-b668-ad188c7b9b7a@group-94E367CED92C: set configuration 0: [1606c9ac-ae8d-4b60-b668-ad188c7b9b7a|rpc:127.0.0.1:44611|dataStream:|priority:1], old=null
2021-12-28 02:23:46,883 [Listener at 127.0.0.1/13852] INFO  ozone.MiniOzoneClusterImpl (MiniOzoneClusterImpl.java:lambda$waitForClusterToBeReady$0(235)) - Nodes are ready. Got 3 of 3 DN Heartbeats.
2021-12-28 02:23:46,883 [Listener at 127.0.0.1/13852] INFO  ozone.MiniOzoneClusterImpl (MiniOzoneClusterImpl.java:lambda$waitForClusterToBeReady$0(238)) - Waiting for cluster to exit safe mode
2021-12-28 02:23:46,883 [Listener at 127.0.0.1/13852] INFO  ozone.MiniOzoneClusterImpl (MiniOzoneClusterImpl.java:lambda$waitForClusterToBeReady$0(240)) - SCM became leader
2021-12-28 02:23:46,992 [EndpointStateMachine task thread for /127.0.0.1:13517 - 0 ] INFO  ipc.Client (Client.java:handleConnectionFailure(977)) - Retrying connect to server: localhost/127.0.0.1:13517. Already tried 7 time(s); retry policy is RetryUpToMaximumCountWithFixedSleep(maxRetries=15, sleepTime=1000 MILLISECONDS)
2021-12-28 02:23:46,996 [EndpointStateMachine task thread for /127.0.0.1:13527 - 0 ] INFO  ipc.Client (Client.java:handleConnectionFailure(977)) - Retrying connect to server: localhost/127.0.0.1:13527. Already tried 7 time(s); retry policy is RetryUpToMaximumCountWithFixedSleep(maxRetries=15, sleepTime=1000 MILLISECONDS)
2021-12-28 02:23:46,996 [EndpointStateMachine task thread for /127.0.0.1:13537 - 0 ] INFO  ipc.Client (Client.java:handleConnectionFailure(977)) - Retrying connect to server: localhost/127.0.0.1:13537. Already tried 7 time(s); retry policy is RetryUpToMaximumCountWithFixedSleep(maxRetries=15, sleepTime=1000 MILLISECONDS)
2021-12-28 02:23:47,133 [d44b9b66-006b-4516-8682-2587942b100c@group-E808BCCEFBD5-FollowerState] INFO  impl.FollowerState (FollowerState.java:run(134)) - d44b9b66-006b-4516-8682-2587942b100c@group-E808BCCEFBD5-FollowerState: change to CANDIDATE, lastRpcElapsedTime:5184857054ns, electionTimeout:5172ms
2021-12-28 02:23:47,133 [d44b9b66-006b-4516-8682-2587942b100c@group-E808BCCEFBD5-FollowerState] INFO  impl.RoleInfo (RoleInfo.java:shutdownFollowerState(108)) - d44b9b66-006b-4516-8682-2587942b100c: shutdown d44b9b66-006b-4516-8682-2587942b100c@group-E808BCCEFBD5-FollowerState
2021-12-28 02:23:47,133 [d44b9b66-006b-4516-8682-2587942b100c@group-E808BCCEFBD5-FollowerState] INFO  server.RaftServer$Division (RaftServerImpl.java:setRole(290)) - d44b9b66-006b-4516-8682-2587942b100c@group-E808BCCEFBD5: changes role from  FOLLOWER to CANDIDATE at term 0 for changeToCandidate
2021-12-28 02:23:47,136 [d44b9b66-006b-4516-8682-2587942b100c@group-E808BCCEFBD5-FollowerState] INFO  server.RaftServerConfigKeys (ConfUtils.java:logGet(44)) - raft.server.leaderelection.pre-vote = false (custom)
2021-12-28 02:23:47,136 [d44b9b66-006b-4516-8682-2587942b100c@group-E808BCCEFBD5-FollowerState] INFO  impl.RoleInfo (RoleInfo.java:updateAndGet(130)) - d44b9b66-006b-4516-8682-2587942b100c: start d44b9b66-006b-4516-8682-2587942b100c@group-E808BCCEFBD5-LeaderElection25
2021-12-28 02:23:47,148 [d44b9b66-006b-4516-8682-2587942b100c@group-E808BCCEFBD5-LeaderElection25] INFO  impl.LeaderElection (LeaderElection.java:askForVotes(306)) - d44b9b66-006b-4516-8682-2587942b100c@group-E808BCCEFBD5-LeaderElection25 ELECTION round 0: submit vote requests at term 1 for -1: [d44b9b66-006b-4516-8682-2587942b100c|rpc:127.0.0.1:38031|priority:1], old=null
2021-12-28 02:23:47,149 [d44b9b66-006b-4516-8682-2587942b100c@group-E808BCCEFBD5-LeaderElection25] INFO  impl.LeaderElection (LeaderElection.java:askForVotes(308)) - d44b9b66-006b-4516-8682-2587942b100c@group-E808BCCEFBD5-LeaderElection25 ELECTION round 0: result PASSED (term=1)
2021-12-28 02:23:47,149 [d44b9b66-006b-4516-8682-2587942b100c@group-E808BCCEFBD5-LeaderElection25] INFO  impl.RoleInfo (RoleInfo.java:shutdownLeaderElection(121)) - d44b9b66-006b-4516-8682-2587942b100c: shutdown d44b9b66-006b-4516-8682-2587942b100c@group-E808BCCEFBD5-LeaderElection25
2021-12-28 02:23:47,149 [d44b9b66-006b-4516-8682-2587942b100c@group-E808BCCEFBD5-LeaderElection25] INFO  server.RaftServer$Division (RaftServerImpl.java:setRole(290)) - d44b9b66-006b-4516-8682-2587942b100c@group-E808BCCEFBD5: changes role from CANDIDATE to LEADER at term 1 for changeToLeader
2021-12-28 02:23:47,149 [d44b9b66-006b-4516-8682-2587942b100c@group-E808BCCEFBD5-LeaderElection25] INFO  ratis.XceiverServerRatis (XceiverServerRatis.java:handleLeaderChangedNotification(866)) - Leader change notification received for group: group-E808BCCEFBD5 with new leaderId: d44b9b66-006b-4516-8682-2587942b100c
2021-12-28 02:23:47,150 [d44b9b66-006b-4516-8682-2587942b100c@group-E808BCCEFBD5-LeaderElection25] INFO  server.RaftServer$Division (ServerState.java:setLeader(285)) - d44b9b66-006b-4516-8682-2587942b100c@group-E808BCCEFBD5: change Leader from null to d44b9b66-006b-4516-8682-2587942b100c at term 1 for becomeLeader, leader elected after 5219ms
2021-12-28 02:23:47,150 [d44b9b66-006b-4516-8682-2587942b100c@group-E808BCCEFBD5-LeaderElection25] INFO  server.RaftServerConfigKeys (ConfUtils.java:logGet(44)) - raft.server.staging.catchup.gap = 1000 (default)
2021-12-28 02:23:47,150 [d44b9b66-006b-4516-8682-2587942b100c@group-E808BCCEFBD5-LeaderElection25] INFO  server.RaftServerConfigKeys (ConfUtils.java:logGet(44)) - raft.server.write.element-limit = 1024 (custom)
2021-12-28 02:23:47,150 [d44b9b66-006b-4516-8682-2587942b100c@group-E808BCCEFBD5-LeaderElection25] INFO  server.RaftServerConfigKeys (ConfUtils.java:logGet(44)) - raft.server.write.byte-limit = 1024 M (=1073741824) (custom)
2021-12-28 02:23:47,151 [EventQueue-OpenPipelineForHealthyPipelineSafeModeRule] INFO  safemode.SCMSafeModeManager (HealthyPipelineSafeModeRule.java:process(124)) - SCM in safe mode. Healthy pipelines reported count is 0, required healthy pipeline reported count is 1
2021-12-28 02:23:47,151 [EventQueue-OpenPipelineForHealthyPipelineSafeModeRule] INFO  safemode.SCMSafeModeManager (HealthyPipelineSafeModeRule.java:process(124)) - SCM in safe mode. Healthy pipelines reported count is 0, required healthy pipeline reported count is 1
2021-12-28 02:23:47,153 [d44b9b66-006b-4516-8682-2587942b100c@group-E808BCCEFBD5-LeaderElection25] INFO  server.RaftServerConfigKeys (ConfUtils.java:logGet(44)) - raft.server.watch.timeout = 180s (custom)
2021-12-28 02:23:47,153 [d44b9b66-006b-4516-8682-2587942b100c@group-E808BCCEFBD5-LeaderElection25] INFO  server.RaftServerConfigKeys (ConfUtils.java:logGet(44)) - raft.server.watch.timeout.denomination = 1s (default)
2021-12-28 02:23:47,155 [d44b9b66-006b-4516-8682-2587942b100c@group-E808BCCEFBD5-LeaderElection25] INFO  server.RaftServerConfigKeys (ConfUtils.java:logGet(44)) - raft.server.watch.element-limit = 65536 (default)
2021-12-28 02:23:47,155 [d44b9b66-006b-4516-8682-2587942b100c@group-E808BCCEFBD5-LeaderElection25] INFO  server.RaftServerConfigKeys (ConfUtils.java:logGet(44)) - raft.server.write.element-limit = 1024 (custom)
2021-12-28 02:23:47,156 [d44b9b66-006b-4516-8682-2587942b100c@group-E808BCCEFBD5-LeaderElection25] INFO  server.RaftServerConfigKeys (ConfUtils.java:logGet(44)) - raft.server.write.follower.gap.ratio.max = -1.0 (default)
2021-12-28 02:23:47,156 [d44b9b66-006b-4516-8682-2587942b100c@group-E808BCCEFBD5-LeaderElection25] INFO  impl.RoleInfo (RoleInfo.java:updateAndGet(130)) - d44b9b66-006b-4516-8682-2587942b100c: start d44b9b66-006b-4516-8682-2587942b100c@group-E808BCCEFBD5-LeaderStateImpl
2021-12-28 02:23:47,156 [d44b9b66-006b-4516-8682-2587942b100c@group-E808BCCEFBD5-LeaderElection25] INFO  segmented.SegmentedRaftLogWorker (SegmentedRaftLogWorker.java:startLogSegment(394)) - d44b9b66-006b-4516-8682-2587942b100c@group-E808BCCEFBD5-SegmentedRaftLogWorker: Starting segment from index:0
2021-12-28 02:23:47,161 [d44b9b66-006b-4516-8682-2587942b100c@group-E808BCCEFBD5-LeaderElection25] INFO  server.RaftServer$Division (ServerState.java:setRaftConf(387)) - d44b9b66-006b-4516-8682-2587942b100c@group-E808BCCEFBD5: set configuration 0: [d44b9b66-006b-4516-8682-2587942b100c|rpc:127.0.0.1:38031|dataStream:|priority:1], old=null
2021-12-28 02:23:47,175 [d44b9b66-006b-4516-8682-2587942b100c@group-E808BCCEFBD5-SegmentedRaftLogWorker] INFO  segmented.SegmentedRaftLogWorker (SegmentedRaftLogWorker.java:execute(601)) - d44b9b66-006b-4516-8682-2587942b100c@group-E808BCCEFBD5-SegmentedRaftLogWorker: created new log segment /home/runner/work/ozone/ozone/hadoop-ozone/integration-test/target/test-dir/MiniOzoneClusterImpl-b5c7e046-d456-4649-9d8a-956fe40c5cb7/datanode-2/data/ratis/f9415a4e-565e-41a9-9745-e808bccefbd5/current/log_inprogress_0
2021-12-28 02:23:47,884 [Listener at 127.0.0.1/13852] INFO  ozone.MiniOzoneClusterImpl (MiniOzoneClusterImpl.java:lambda$waitForClusterToBeReady$0(235)) - Nodes are ready. Got 3 of 3 DN Heartbeats.
2021-12-28 02:23:47,884 [Listener at 127.0.0.1/13852] INFO  ozone.MiniOzoneClusterImpl (MiniOzoneClusterImpl.java:lambda$waitForClusterToBeReady$0(238)) - Waiting for cluster to exit safe mode
2021-12-28 02:23:47,884 [Listener at 127.0.0.1/13852] INFO  ozone.MiniOzoneClusterImpl (MiniOzoneClusterImpl.java:lambda$waitForClusterToBeReady$0(240)) - SCM became leader
2021-12-28 02:23:47,992 [EndpointStateMachine task thread for /127.0.0.1:13517 - 0 ] INFO  ipc.Client (Client.java:handleConnectionFailure(977)) - Retrying connect to server: localhost/127.0.0.1:13517. Already tried 8 time(s); retry policy is RetryUpToMaximumCountWithFixedSleep(maxRetries=15, sleepTime=1000 MILLISECONDS)
2021-12-28 02:23:47,996 [EndpointStateMachine task thread for /127.0.0.1:13527 - 0 ] INFO  ipc.Client (Client.java:handleConnectionFailure(977)) - Retrying connect to server: localhost/127.0.0.1:13527. Already tried 8 time(s); retry policy is RetryUpToMaximumCountWithFixedSleep(maxRetries=15, sleepTime=1000 MILLISECONDS)
2021-12-28 02:23:47,996 [EndpointStateMachine task thread for /127.0.0.1:13537 - 0 ] INFO  ipc.Client (Client.java:handleConnectionFailure(977)) - Retrying connect to server: localhost/127.0.0.1:13537. Already tried 8 time(s); retry policy is RetryUpToMaximumCountWithFixedSleep(maxRetries=15, sleepTime=1000 MILLISECONDS)
2021-12-28 02:23:48,526 [Datanode State Machine Daemon Thread] ERROR datanode.RunningDatanodeState (RunningDatanodeState.java:computeNextContainerState(199)) - Error in executing end point task.
java.util.concurrent.ExecutionException: java.util.concurrent.TimeoutException
	at java.util.concurrent.FutureTask.report(FutureTask.java:122)
	at java.util.concurrent.FutureTask.get(FutureTask.java:192)
	at org.apache.hadoop.ozone.container.common.states.datanode.RunningDatanodeState.computeNextContainerState(RunningDatanodeState.java:191)
	at org.apache.hadoop.ozone.container.common.states.datanode.RunningDatanodeState.await(RunningDatanodeState.java:231)
	at org.apache.hadoop.ozone.container.common.states.datanode.RunningDatanodeState.await(RunningDatanodeState.java:50)
	at org.apache.hadoop.ozone.container.common.statemachine.StateContext.execute(StateContext.java:633)
	at org.apache.hadoop.ozone.container.common.statemachine.DatanodeStateMachine.start(DatanodeStateMachine.java:280)
	at org.apache.hadoop.ozone.container.common.statemachine.DatanodeStateMachine.lambda$startDaemon$0(DatanodeStateMachine.java:468)
	at java.lang.Thread.run(Thread.java:748)
Caused by: java.util.concurrent.TimeoutException
	at java.util.concurrent.FutureTask.get(FutureTask.java:205)
	at org.apache.hadoop.ozone.container.common.states.datanode.RunningDatanodeState.lambda$execute$0(RunningDatanodeState.java:149)
	at java.util.concurrent.FutureTask.run(FutureTask.java:266)
	at java.util.concurrent.Executors$RunnableAdapter.call(Executors.java:511)
	at java.util.concurrent.FutureTask.run(FutureTask.java:266)
	at java.util.concurrent.ThreadPoolExecutor.runWorker(ThreadPoolExecutor.java:1149)
	at java.util.concurrent.ThreadPoolExecutor$Worker.run(ThreadPoolExecutor.java:624)
	... 1 more
2021-12-28 02:23:48,884 [Listener at 127.0.0.1/13852] INFO  ozone.MiniOzoneClusterImpl (MiniOzoneClusterImpl.java:lambda$waitForClusterToBeReady$0(235)) - Nodes are ready. Got 3 of 3 DN Heartbeats.
2021-12-28 02:23:48,885 [Listener at 127.0.0.1/13852] INFO  ozone.MiniOzoneClusterImpl (MiniOzoneClusterImpl.java:lambda$waitForClusterToBeReady$0(238)) - Waiting for cluster to exit safe mode
2021-12-28 02:23:48,885 [Listener at 127.0.0.1/13852] INFO  ozone.MiniOzoneClusterImpl (MiniOzoneClusterImpl.java:lambda$waitForClusterToBeReady$0(240)) - SCM became leader
2021-12-28 02:23:48,993 [EndpointStateMachine task thread for /127.0.0.1:13517 - 0 ] INFO  ipc.Client (Client.java:handleConnectionFailure(977)) - Retrying connect to server: localhost/127.0.0.1:13517. Already tried 9 time(s); retry policy is RetryUpToMaximumCountWithFixedSleep(maxRetries=15, sleepTime=1000 MILLISECONDS)
2021-12-28 02:23:48,997 [EndpointStateMachine task thread for /127.0.0.1:13527 - 0 ] INFO  ipc.Client (Client.java:handleConnectionFailure(977)) - Retrying connect to server: localhost/127.0.0.1:13527. Already tried 9 time(s); retry policy is RetryUpToMaximumCountWithFixedSleep(maxRetries=15, sleepTime=1000 MILLISECONDS)
2021-12-28 02:23:48,997 [EndpointStateMachine task thread for /127.0.0.1:13537 - 0 ] INFO  ipc.Client (Client.java:handleConnectionFailure(977)) - Retrying connect to server: localhost/127.0.0.1:13537. Already tried 9 time(s); retry policy is RetryUpToMaximumCountWithFixedSleep(maxRetries=15, sleepTime=1000 MILLISECONDS)
2021-12-28 02:23:49,885 [Listener at 127.0.0.1/13852] INFO  ozone.MiniOzoneClusterImpl (MiniOzoneClusterImpl.java:lambda$waitForClusterToBeReady$0(235)) - Nodes are ready. Got 3 of 3 DN Heartbeats.
2021-12-28 02:23:49,885 [Listener at 127.0.0.1/13852] INFO  ozone.MiniOzoneClusterImpl (MiniOzoneClusterImpl.java:lambda$waitForClusterToBeReady$0(238)) - Waiting for cluster to exit safe mode
2021-12-28 02:23:49,885 [Listener at 127.0.0.1/13852] INFO  ozone.MiniOzoneClusterImpl (MiniOzoneClusterImpl.java:lambda$waitForClusterToBeReady$0(240)) - SCM became leader
2021-12-28 02:23:49,994 [EndpointStateMachine task thread for /127.0.0.1:13517 - 0 ] INFO  ipc.Client (Client.java:handleConnectionFailure(977)) - Retrying connect to server: localhost/127.0.0.1:13517. Already tried 10 time(s); retry policy is RetryUpToMaximumCountWithFixedSleep(maxRetries=15, sleepTime=1000 MILLISECONDS)
2021-12-28 02:23:49,997 [EndpointStateMachine task thread for /127.0.0.1:13527 - 0 ] INFO  ipc.Client (Client.java:handleConnectionFailure(977)) - Retrying connect to server: localhost/127.0.0.1:13527. Already tried 10 time(s); retry policy is RetryUpToMaximumCountWithFixedSleep(maxRetries=15, sleepTime=1000 MILLISECONDS)
2021-12-28 02:23:49,997 [EndpointStateMachine task thread for /127.0.0.1:13537 - 0 ] INFO  ipc.Client (Client.java:handleConnectionFailure(977)) - Retrying connect to server: localhost/127.0.0.1:13537. Already tried 10 time(s); retry policy is RetryUpToMaximumCountWithFixedSleep(maxRetries=15, sleepTime=1000 MILLISECONDS)
2021-12-28 02:23:50,886 [Listener at 127.0.0.1/13852] INFO  ozone.MiniOzoneClusterImpl (MiniOzoneClusterImpl.java:lambda$waitForClusterToBeReady$0(235)) - Nodes are ready. Got 3 of 3 DN Heartbeats.
2021-12-28 02:23:50,886 [Listener at 127.0.0.1/13852] INFO  ozone.MiniOzoneClusterImpl (MiniOzoneClusterImpl.java:lambda$waitForClusterToBeReady$0(238)) - Waiting for cluster to exit safe mode
2021-12-28 02:23:50,886 [Listener at 127.0.0.1/13852] INFO  ozone.MiniOzoneClusterImpl (MiniOzoneClusterImpl.java:lambda$waitForClusterToBeReady$0(240)) - SCM became leader
2021-12-28 02:23:50,994 [EndpointStateMachine task thread for /127.0.0.1:13517 - 0 ] INFO  ipc.Client (Client.java:handleConnectionFailure(977)) - Retrying connect to server: localhost/127.0.0.1:13517. Already tried 11 time(s); retry policy is RetryUpToMaximumCountWithFixedSleep(maxRetries=15, sleepTime=1000 MILLISECONDS)
2021-12-28 02:23:50,997 [EndpointStateMachine task thread for /127.0.0.1:13527 - 0 ] INFO  ipc.Client (Client.java:handleConnectionFailure(977)) - Retrying connect to server: localhost/127.0.0.1:13527. Already tried 11 time(s); retry policy is RetryUpToMaximumCountWithFixedSleep(maxRetries=15, sleepTime=1000 MILLISECONDS)
2021-12-28 02:23:50,998 [EndpointStateMachine task thread for /127.0.0.1:13537 - 0 ] INFO  ipc.Client (Client.java:handleConnectionFailure(977)) - Retrying connect to server: localhost/127.0.0.1:13537. Already tried 11 time(s); retry policy is RetryUpToMaximumCountWithFixedSleep(maxRetries=15, sleepTime=1000 MILLISECONDS)
2021-12-28 02:23:51,264 [1606c9ac-ae8d-4b60-b668-ad188c7b9b7a@group-D498122A220C-FollowerState] INFO  impl.FollowerState (FollowerState.java:run(134)) - 1606c9ac-ae8d-4b60-b668-ad188c7b9b7a@group-D498122A220C-FollowerState: change to CANDIDATE, lastRpcElapsedTime:5026618222ns, electionTimeout:5017ms
2021-12-28 02:23:51,264 [1606c9ac-ae8d-4b60-b668-ad188c7b9b7a@group-D498122A220C-FollowerState] INFO  impl.RoleInfo (RoleInfo.java:shutdownFollowerState(108)) - 1606c9ac-ae8d-4b60-b668-ad188c7b9b7a: shutdown 1606c9ac-ae8d-4b60-b668-ad188c7b9b7a@group-D498122A220C-FollowerState
2021-12-28 02:23:51,264 [1606c9ac-ae8d-4b60-b668-ad188c7b9b7a@group-D498122A220C-FollowerState] INFO  server.RaftServer$Division (RaftServerImpl.java:setRole(290)) - 1606c9ac-ae8d-4b60-b668-ad188c7b9b7a@group-D498122A220C: changes role from  FOLLOWER to CANDIDATE at term 1 for changeToCandidate
2021-12-28 02:23:51,265 [1606c9ac-ae8d-4b60-b668-ad188c7b9b7a@group-D498122A220C-FollowerState] INFO  server.RaftServerConfigKeys (ConfUtils.java:logGet(44)) - raft.server.leaderelection.pre-vote = false (custom)
2021-12-28 02:23:51,265 [1606c9ac-ae8d-4b60-b668-ad188c7b9b7a@group-D498122A220C-FollowerState] INFO  impl.RoleInfo (RoleInfo.java:updateAndGet(130)) - 1606c9ac-ae8d-4b60-b668-ad188c7b9b7a: start 1606c9ac-ae8d-4b60-b668-ad188c7b9b7a@group-D498122A220C-LeaderElection26
2021-12-28 02:23:51,278 [1606c9ac-ae8d-4b60-b668-ad188c7b9b7a@group-D498122A220C-LeaderElection26] INFO  impl.LeaderElection (LeaderElection.java:askForVotes(306)) - 1606c9ac-ae8d-4b60-b668-ad188c7b9b7a@group-D498122A220C-LeaderElection26 ELECTION round 0: submit vote requests at term 2 for -1: [e6ec2fd3-a0c6-4f81-ae90-f7327ac63566|rpc:127.0.0.1:38023|dataStream:|priority:0, 1606c9ac-ae8d-4b60-b668-ad188c7b9b7a|rpc:127.0.0.1:44611|dataStream:|priority:0, d44b9b66-006b-4516-8682-2587942b100c|rpc:127.0.0.1:38031|dataStream:|priority:1], old=null
2021-12-28 02:23:51,303 [grpc-default-executor-2] INFO  server.RaftServer$Division (RaftServerImpl.java:requestVote(1046)) - e6ec2fd3-a0c6-4f81-ae90-f7327ac63566@group-D498122A220C: receive requestVote(ELECTION, 1606c9ac-ae8d-4b60-b668-ad188c7b9b7a, group-D498122A220C, 2, (t:0, i:0))
2021-12-28 02:23:51,303 [grpc-default-executor-2] INFO  impl.VoteContext (VoteContext.java:log(48)) - e6ec2fd3-a0c6-4f81-ae90-f7327ac63566@group-D498122A220C-FOLLOWER: accept ELECTION from 1606c9ac-ae8d-4b60-b668-ad188c7b9b7a: our priority 0 <= candidate's priority 0
2021-12-28 02:23:51,303 [grpc-default-executor-2] INFO  server.RaftServer$Division (RaftServerImpl.java:setRole(290)) - e6ec2fd3-a0c6-4f81-ae90-f7327ac63566@group-D498122A220C: changes role from  FOLLOWER to FOLLOWER at term 2 for candidate:1606c9ac-ae8d-4b60-b668-ad188c7b9b7a
2021-12-28 02:23:51,303 [grpc-default-executor-2] INFO  impl.RoleInfo (RoleInfo.java:shutdownFollowerState(108)) - e6ec2fd3-a0c6-4f81-ae90-f7327ac63566: shutdown e6ec2fd3-a0c6-4f81-ae90-f7327ac63566@group-D498122A220C-FollowerState
2021-12-28 02:23:51,303 [grpc-default-executor-2] INFO  impl.RoleInfo (RoleInfo.java:updateAndGet(130)) - e6ec2fd3-a0c6-4f81-ae90-f7327ac63566: start e6ec2fd3-a0c6-4f81-ae90-f7327ac63566@group-D498122A220C-FollowerState
2021-12-28 02:23:51,303 [e6ec2fd3-a0c6-4f81-ae90-f7327ac63566@group-D498122A220C-FollowerState] INFO  impl.FollowerState (FollowerState.java:run(143)) - e6ec2fd3-a0c6-4f81-ae90-f7327ac63566@group-D498122A220C-FollowerState was interrupted: {}
java.lang.InterruptedException: sleep interrupted
	at java.lang.Thread.sleep(Native Method)
	at java.lang.Thread.sleep(Thread.java:340)
	at java.util.concurrent.TimeUnit.sleep(TimeUnit.java:386)
	at org.apache.ratis.util.TimeDuration.sleep(TimeDuration.java:324)
	at org.apache.ratis.util.TimeDuration.sleep(TimeDuration.java:309)
	at org.apache.ratis.server.impl.FollowerState.run(FollowerState.java:118)
2021-12-28 02:23:51,319 [grpc-default-executor-1] INFO  server.RaftServer$Division (RaftServerImpl.java:requestVote(1046)) - d44b9b66-006b-4516-8682-2587942b100c@group-D498122A220C: receive requestVote(ELECTION, 1606c9ac-ae8d-4b60-b668-ad188c7b9b7a, group-D498122A220C, 2, (t:0, i:0))
2021-12-28 02:23:51,320 [grpc-default-executor-1] INFO  impl.VoteContext (VoteContext.java:log(48)) - d44b9b66-006b-4516-8682-2587942b100c@group-D498122A220C-FOLLOWER: reject ELECTION from 1606c9ac-ae8d-4b60-b668-ad188c7b9b7a: our priority 1 > candidate's priority 0
2021-12-28 02:23:51,320 [grpc-default-executor-1] INFO  server.RaftServer$Division (RaftServerImpl.java:setRole(290)) - d44b9b66-006b-4516-8682-2587942b100c@group-D498122A220C: changes role from  FOLLOWER to FOLLOWER at term 2 for candidate:1606c9ac-ae8d-4b60-b668-ad188c7b9b7a
2021-12-28 02:23:51,320 [grpc-default-executor-1] INFO  impl.RoleInfo (RoleInfo.java:shutdownFollowerState(108)) - d44b9b66-006b-4516-8682-2587942b100c: shutdown d44b9b66-006b-4516-8682-2587942b100c@group-D498122A220C-FollowerState
2021-12-28 02:23:51,320 [grpc-default-executor-2] INFO  server.RaftServer$Division (RaftServerImpl.java:requestVote(1078)) - e6ec2fd3-a0c6-4f81-ae90-f7327ac63566@group-D498122A220C replies to ELECTION vote request: 1606c9ac-ae8d-4b60-b668-ad188c7b9b7a<-e6ec2fd3-a0c6-4f81-ae90-f7327ac63566#0:OK-t2. Peer's state: e6ec2fd3-a0c6-4f81-ae90-f7327ac63566@group-D498122A220C:t2, leader=null, voted=1606c9ac-ae8d-4b60-b668-ad188c7b9b7a, raftlog=e6ec2fd3-a0c6-4f81-ae90-f7327ac63566@group-D498122A220C-SegmentedRaftLog:OPENED:c-1, conf=-1: [e6ec2fd3-a0c6-4f81-ae90-f7327ac63566|rpc:127.0.0.1:38023|priority:0, 1606c9ac-ae8d-4b60-b668-ad188c7b9b7a|rpc:127.0.0.1:44611|priority:0, d44b9b66-006b-4516-8682-2587942b100c|rpc:127.0.0.1:38031|priority:1], old=null
2021-12-28 02:23:51,320 [grpc-default-executor-1] INFO  impl.RoleInfo (RoleInfo.java:updateAndGet(130)) - d44b9b66-006b-4516-8682-2587942b100c: start d44b9b66-006b-4516-8682-2587942b100c@group-D498122A220C-FollowerState
2021-12-28 02:23:51,321 [d44b9b66-006b-4516-8682-2587942b100c@group-D498122A220C-FollowerState] INFO  impl.FollowerState (FollowerState.java:run(143)) - d44b9b66-006b-4516-8682-2587942b100c@group-D498122A220C-FollowerState was interrupted: {}
java.lang.InterruptedException: sleep interrupted
	at java.lang.Thread.sleep(Native Method)
	at java.lang.Thread.sleep(Thread.java:340)
	at java.util.concurrent.TimeUnit.sleep(TimeUnit.java:386)
	at org.apache.ratis.util.TimeDuration.sleep(TimeDuration.java:324)
	at org.apache.ratis.util.TimeDuration.sleep(TimeDuration.java:309)
	at org.apache.ratis.server.impl.FollowerState.run(FollowerState.java:118)
2021-12-28 02:23:51,334 [grpc-default-executor-1] INFO  server.RaftServer$Division (RaftServerImpl.java:requestVote(1078)) - d44b9b66-006b-4516-8682-2587942b100c@group-D498122A220C replies to ELECTION vote request: 1606c9ac-ae8d-4b60-b668-ad188c7b9b7a<-d44b9b66-006b-4516-8682-2587942b100c#0:FAIL-t2. Peer's state: d44b9b66-006b-4516-8682-2587942b100c@group-D498122A220C:t2, leader=null, voted=null, raftlog=d44b9b66-006b-4516-8682-2587942b100c@group-D498122A220C-SegmentedRaftLog:OPENED:c-1, conf=-1: [e6ec2fd3-a0c6-4f81-ae90-f7327ac63566|rpc:127.0.0.1:38023|dataStream:|priority:0, 1606c9ac-ae8d-4b60-b668-ad188c7b9b7a|rpc:127.0.0.1:44611|dataStream:|priority:0, d44b9b66-006b-4516-8682-2587942b100c|rpc:127.0.0.1:38031|dataStream:|priority:1], old=null
2021-12-28 02:23:51,336 [1606c9ac-ae8d-4b60-b668-ad188c7b9b7a@group-D498122A220C-LeaderElection26] INFO  impl.LeaderElection (LeaderElection.java:logAndReturn(89)) - 1606c9ac-ae8d-4b60-b668-ad188c7b9b7a@group-D498122A220C-LeaderElection26: ELECTION REJECTED received 1 response(s) and 0 exception(s):
2021-12-28 02:23:51,336 [1606c9ac-ae8d-4b60-b668-ad188c7b9b7a@group-D498122A220C-LeaderElection26] INFO  impl.LeaderElection (LeaderElection.java:logAndReturn(93)) -   Response 0: 1606c9ac-ae8d-4b60-b668-ad188c7b9b7a<-d44b9b66-006b-4516-8682-2587942b100c#0:FAIL-t2
2021-12-28 02:23:51,336 [1606c9ac-ae8d-4b60-b668-ad188c7b9b7a@group-D498122A220C-LeaderElection26] INFO  impl.LeaderElection (LeaderElection.java:askForVotes(308)) - 1606c9ac-ae8d-4b60-b668-ad188c7b9b7a@group-D498122A220C-LeaderElection26 ELECTION round 0: result REJECTED
2021-12-28 02:23:51,339 [1606c9ac-ae8d-4b60-b668-ad188c7b9b7a@group-D498122A220C-LeaderElection26] INFO  server.RaftServer$Division (RaftServerImpl.java:setRole(290)) - 1606c9ac-ae8d-4b60-b668-ad188c7b9b7a@group-D498122A220C: changes role from CANDIDATE to FOLLOWER at term 2 for REJECTED
2021-12-28 02:23:51,339 [1606c9ac-ae8d-4b60-b668-ad188c7b9b7a@group-D498122A220C-LeaderElection26] INFO  impl.RoleInfo (RoleInfo.java:shutdownLeaderElection(121)) - 1606c9ac-ae8d-4b60-b668-ad188c7b9b7a: shutdown 1606c9ac-ae8d-4b60-b668-ad188c7b9b7a@group-D498122A220C-LeaderElection26
2021-12-28 02:23:51,339 [1606c9ac-ae8d-4b60-b668-ad188c7b9b7a@group-D498122A220C-LeaderElection26] INFO  impl.RoleInfo (RoleInfo.java:updateAndGet(130)) - 1606c9ac-ae8d-4b60-b668-ad188c7b9b7a: start 1606c9ac-ae8d-4b60-b668-ad188c7b9b7a@group-D498122A220C-FollowerState
2021-12-28 02:23:51,481 [1606c9ac-ae8d-4b60-b668-ad188c7b9b7a@group-780EFEE5BBA3-FollowerState] INFO  impl.FollowerState (FollowerState.java:run(134)) - 1606c9ac-ae8d-4b60-b668-ad188c7b9b7a@group-780EFEE5BBA3-FollowerState: change to CANDIDATE, lastRpcElapsedTime:5063787325ns, electionTimeout:5056ms
2021-12-28 02:23:51,481 [1606c9ac-ae8d-4b60-b668-ad188c7b9b7a@group-780EFEE5BBA3-FollowerState] INFO  impl.RoleInfo (RoleInfo.java:shutdownFollowerState(108)) - 1606c9ac-ae8d-4b60-b668-ad188c7b9b7a: shutdown 1606c9ac-ae8d-4b60-b668-ad188c7b9b7a@group-780EFEE5BBA3-FollowerState
2021-12-28 02:23:51,481 [1606c9ac-ae8d-4b60-b668-ad188c7b9b7a@group-780EFEE5BBA3-FollowerState] INFO  server.RaftServer$Division (RaftServerImpl.java:setRole(290)) - 1606c9ac-ae8d-4b60-b668-ad188c7b9b7a@group-780EFEE5BBA3: changes role from  FOLLOWER to CANDIDATE at term 1 for changeToCandidate
2021-12-28 02:23:51,482 [1606c9ac-ae8d-4b60-b668-ad188c7b9b7a@group-780EFEE5BBA3-FollowerState] INFO  server.RaftServerConfigKeys (ConfUtils.java:logGet(44)) - raft.server.leaderelection.pre-vote = false (custom)
2021-12-28 02:23:51,482 [1606c9ac-ae8d-4b60-b668-ad188c7b9b7a@group-780EFEE5BBA3-FollowerState] INFO  impl.RoleInfo (RoleInfo.java:updateAndGet(130)) - 1606c9ac-ae8d-4b60-b668-ad188c7b9b7a: start 1606c9ac-ae8d-4b60-b668-ad188c7b9b7a@group-780EFEE5BBA3-LeaderElection27
2021-12-28 02:23:51,482 [e6ec2fd3-a0c6-4f81-ae90-f7327ac63566@group-780EFEE5BBA3-FollowerState] INFO  impl.FollowerState (FollowerState.java:run(134)) - e6ec2fd3-a0c6-4f81-ae90-f7327ac63566@group-780EFEE5BBA3-FollowerState: change to CANDIDATE, lastRpcElapsedTime:5034489685ns, electionTimeout:5018ms
2021-12-28 02:23:51,482 [e6ec2fd3-a0c6-4f81-ae90-f7327ac63566@group-780EFEE5BBA3-FollowerState] INFO  impl.RoleInfo (RoleInfo.java:shutdownFollowerState(108)) - e6ec2fd3-a0c6-4f81-ae90-f7327ac63566: shutdown e6ec2fd3-a0c6-4f81-ae90-f7327ac63566@group-780EFEE5BBA3-FollowerState
2021-12-28 02:23:51,482 [e6ec2fd3-a0c6-4f81-ae90-f7327ac63566@group-780EFEE5BBA3-FollowerState] INFO  server.RaftServer$Division (RaftServerImpl.java:setRole(290)) - e6ec2fd3-a0c6-4f81-ae90-f7327ac63566@group-780EFEE5BBA3: changes role from  FOLLOWER to CANDIDATE at term 1 for changeToCandidate
2021-12-28 02:23:51,489 [e6ec2fd3-a0c6-4f81-ae90-f7327ac63566@group-780EFEE5BBA3-FollowerState] INFO  server.RaftServerConfigKeys (ConfUtils.java:logGet(44)) - raft.server.leaderelection.pre-vote = false (custom)
2021-12-28 02:23:51,490 [e6ec2fd3-a0c6-4f81-ae90-f7327ac63566@group-780EFEE5BBA3-FollowerState] INFO  impl.RoleInfo (RoleInfo.java:updateAndGet(130)) - e6ec2fd3-a0c6-4f81-ae90-f7327ac63566: start e6ec2fd3-a0c6-4f81-ae90-f7327ac63566@group-780EFEE5BBA3-LeaderElection28
2021-12-28 02:23:51,499 [e6ec2fd3-a0c6-4f81-ae90-f7327ac63566@group-780EFEE5BBA3-LeaderElection28] INFO  impl.LeaderElection (LeaderElection.java:askForVotes(306)) - e6ec2fd3-a0c6-4f81-ae90-f7327ac63566@group-780EFEE5BBA3-LeaderElection28 ELECTION round 0: submit vote requests at term 2 for -1: [e6ec2fd3-a0c6-4f81-ae90-f7327ac63566|rpc:127.0.0.1:38023|priority:0, 1606c9ac-ae8d-4b60-b668-ad188c7b9b7a|rpc:127.0.0.1:44611|priority:1, d44b9b66-006b-4516-8682-2587942b100c|rpc:127.0.0.1:38031|priority:0], old=null
2021-12-28 02:23:51,499 [1606c9ac-ae8d-4b60-b668-ad188c7b9b7a@group-780EFEE5BBA3-LeaderElection27] INFO  impl.LeaderElection (LeaderElection.java:askForVotes(306)) - 1606c9ac-ae8d-4b60-b668-ad188c7b9b7a@group-780EFEE5BBA3-LeaderElection27 ELECTION round 0: submit vote requests at term 2 for -1: [e6ec2fd3-a0c6-4f81-ae90-f7327ac63566|rpc:127.0.0.1:38023|dataStream:|priority:0, 1606c9ac-ae8d-4b60-b668-ad188c7b9b7a|rpc:127.0.0.1:44611|dataStream:|priority:1, d44b9b66-006b-4516-8682-2587942b100c|rpc:127.0.0.1:38031|dataStream:|priority:0], old=null
2021-12-28 02:23:51,546 [grpc-default-executor-2] INFO  server.RaftServer$Division (RaftServerImpl.java:requestVote(1046)) - d44b9b66-006b-4516-8682-2587942b100c@group-780EFEE5BBA3: receive requestVote(ELECTION, e6ec2fd3-a0c6-4f81-ae90-f7327ac63566, group-780EFEE5BBA3, 2, (t:0, i:0))
2021-12-28 02:23:51,546 [grpc-default-executor-2] INFO  impl.VoteContext (VoteContext.java:log(48)) - d44b9b66-006b-4516-8682-2587942b100c@group-780EFEE5BBA3-FOLLOWER: accept ELECTION from e6ec2fd3-a0c6-4f81-ae90-f7327ac63566: our priority 0 <= candidate's priority 0
2021-12-28 02:23:51,547 [grpc-default-executor-2] INFO  server.RaftServer$Division (RaftServerImpl.java:setRole(290)) - d44b9b66-006b-4516-8682-2587942b100c@group-780EFEE5BBA3: changes role from  FOLLOWER to FOLLOWER at term 2 for candidate:e6ec2fd3-a0c6-4f81-ae90-f7327ac63566
2021-12-28 02:23:51,547 [grpc-default-executor-2] INFO  impl.RoleInfo (RoleInfo.java:shutdownFollowerState(108)) - d44b9b66-006b-4516-8682-2587942b100c: shutdown d44b9b66-006b-4516-8682-2587942b100c@group-780EFEE5BBA3-FollowerState
2021-12-28 02:23:51,547 [grpc-default-executor-2] INFO  impl.RoleInfo (RoleInfo.java:updateAndGet(130)) - d44b9b66-006b-4516-8682-2587942b100c: start d44b9b66-006b-4516-8682-2587942b100c@group-780EFEE5BBA3-FollowerState
2021-12-28 02:23:51,548 [grpc-default-executor-2] INFO  server.RaftServer$Division (RaftServerImpl.java:requestVote(1078)) - d44b9b66-006b-4516-8682-2587942b100c@group-780EFEE5BBA3 replies to ELECTION vote request: e6ec2fd3-a0c6-4f81-ae90-f7327ac63566<-d44b9b66-006b-4516-8682-2587942b100c#0:OK-t2. Peer's state: d44b9b66-006b-4516-8682-2587942b100c@group-780EFEE5BBA3:t2, leader=null, voted=e6ec2fd3-a0c6-4f81-ae90-f7327ac63566, raftlog=d44b9b66-006b-4516-8682-2587942b100c@group-780EFEE5BBA3-SegmentedRaftLog:OPENED:c-1, conf=-1: [e6ec2fd3-a0c6-4f81-ae90-f7327ac63566|rpc:127.0.0.1:38023|dataStream:|priority:0, 1606c9ac-ae8d-4b60-b668-ad188c7b9b7a|rpc:127.0.0.1:44611|dataStream:|priority:1, d44b9b66-006b-4516-8682-2587942b100c|rpc:127.0.0.1:38031|dataStream:|priority:0], old=null
2021-12-28 02:23:51,550 [d44b9b66-006b-4516-8682-2587942b100c@group-780EFEE5BBA3-FollowerState] INFO  impl.FollowerState (FollowerState.java:run(143)) - d44b9b66-006b-4516-8682-2587942b100c@group-780EFEE5BBA3-FollowerState was interrupted: {}
java.lang.InterruptedException: sleep interrupted
	at java.lang.Thread.sleep(Native Method)
	at java.lang.Thread.sleep(Thread.java:340)
	at java.util.concurrent.TimeUnit.sleep(TimeUnit.java:386)
	at org.apache.ratis.util.TimeDuration.sleep(TimeDuration.java:324)
	at org.apache.ratis.util.TimeDuration.sleep(TimeDuration.java:309)
	at org.apache.ratis.server.impl.FollowerState.run(FollowerState.java:118)
2021-12-28 02:23:51,553 [Datanode State Machine Daemon Thread] ERROR datanode.RunningDatanodeState (RunningDatanodeState.java:computeNextContainerState(199)) - Error in executing end point task.
java.util.concurrent.ExecutionException: java.util.concurrent.TimeoutException
	at java.util.concurrent.FutureTask.report(FutureTask.java:122)
	at java.util.concurrent.FutureTask.get(FutureTask.java:192)
	at org.apache.hadoop.ozone.container.common.states.datanode.RunningDatanodeState.computeNextContainerState(RunningDatanodeState.java:191)
	at org.apache.hadoop.ozone.container.common.states.datanode.RunningDatanodeState.await(RunningDatanodeState.java:231)
	at org.apache.hadoop.ozone.container.common.states.datanode.RunningDatanodeState.await(RunningDatanodeState.java:50)
	at org.apache.hadoop.ozone.container.common.statemachine.StateContext.execute(StateContext.java:633)
	at org.apache.hadoop.ozone.container.common.statemachine.DatanodeStateMachine.start(DatanodeStateMachine.java:280)
	at org.apache.hadoop.ozone.container.common.statemachine.DatanodeStateMachine.lambda$startDaemon$0(DatanodeStateMachine.java:468)
	at java.lang.Thread.run(Thread.java:748)
Caused by: java.util.concurrent.TimeoutException
	at java.util.concurrent.FutureTask.get(FutureTask.java:205)
	at org.apache.hadoop.ozone.container.common.states.datanode.RunningDatanodeState.lambda$execute$0(RunningDatanodeState.java:149)
	at java.util.concurrent.FutureTask.run(FutureTask.java:266)
	at java.util.concurrent.Executors$RunnableAdapter.call(Executors.java:511)
	at java.util.concurrent.FutureTask.run(FutureTask.java:266)
	at java.util.concurrent.ThreadPoolExecutor.runWorker(ThreadPoolExecutor.java:1149)
	at java.util.concurrent.ThreadPoolExecutor$Worker.run(ThreadPoolExecutor.java:624)
	... 1 more
2021-12-28 02:23:51,572 [grpc-default-executor-1] INFO  server.RaftServer$Division (RaftServerImpl.java:requestVote(1046)) - 1606c9ac-ae8d-4b60-b668-ad188c7b9b7a@group-780EFEE5BBA3: receive requestVote(ELECTION, e6ec2fd3-a0c6-4f81-ae90-f7327ac63566, group-780EFEE5BBA3, 2, (t:0, i:0))
2021-12-28 02:23:51,572 [grpc-default-executor-1] INFO  impl.VoteContext (VoteContext.java:log(48)) - 1606c9ac-ae8d-4b60-b668-ad188c7b9b7a@group-780EFEE5BBA3-CANDIDATE: reject ELECTION from e6ec2fd3-a0c6-4f81-ae90-f7327ac63566: already has voted for 1606c9ac-ae8d-4b60-b668-ad188c7b9b7a at current term 2
2021-12-28 02:23:51,572 [grpc-default-executor-1] INFO  server.RaftServer$Division (RaftServerImpl.java:requestVote(1078)) - 1606c9ac-ae8d-4b60-b668-ad188c7b9b7a@group-780EFEE5BBA3 replies to ELECTION vote request: e6ec2fd3-a0c6-4f81-ae90-f7327ac63566<-1606c9ac-ae8d-4b60-b668-ad188c7b9b7a#0:FAIL-t2. Peer's state: 1606c9ac-ae8d-4b60-b668-ad188c7b9b7a@group-780EFEE5BBA3:t2, leader=null, voted=1606c9ac-ae8d-4b60-b668-ad188c7b9b7a, raftlog=1606c9ac-ae8d-4b60-b668-ad188c7b9b7a@group-780EFEE5BBA3-SegmentedRaftLog:OPENED:c-1, conf=-1: [e6ec2fd3-a0c6-4f81-ae90-f7327ac63566|rpc:127.0.0.1:38023|dataStream:|priority:0, 1606c9ac-ae8d-4b60-b668-ad188c7b9b7a|rpc:127.0.0.1:44611|dataStream:|priority:1, d44b9b66-006b-4516-8682-2587942b100c|rpc:127.0.0.1:38031|dataStream:|priority:0], old=null
2021-12-28 02:23:51,573 [grpc-default-executor-0] INFO  server.RaftServer$Division (RaftServerImpl.java:requestVote(1046)) - e6ec2fd3-a0c6-4f81-ae90-f7327ac63566@group-780EFEE5BBA3: receive requestVote(ELECTION, 1606c9ac-ae8d-4b60-b668-ad188c7b9b7a, group-780EFEE5BBA3, 2, (t:0, i:0))
2021-12-28 02:23:51,573 [grpc-default-executor-0] INFO  impl.VoteContext (VoteContext.java:log(48)) - e6ec2fd3-a0c6-4f81-ae90-f7327ac63566@group-780EFEE5BBA3-CANDIDATE: reject ELECTION from 1606c9ac-ae8d-4b60-b668-ad188c7b9b7a: already has voted for e6ec2fd3-a0c6-4f81-ae90-f7327ac63566 at current term 2
2021-12-28 02:23:51,573 [grpc-default-executor-0] INFO  server.RaftServer$Division (RaftServerImpl.java:requestVote(1078)) - e6ec2fd3-a0c6-4f81-ae90-f7327ac63566@group-780EFEE5BBA3 replies to ELECTION vote request: 1606c9ac-ae8d-4b60-b668-ad188c7b9b7a<-e6ec2fd3-a0c6-4f81-ae90-f7327ac63566#0:FAIL-t2. Peer's state: e6ec2fd3-a0c6-4f81-ae90-f7327ac63566@group-780EFEE5BBA3:t2, leader=null, voted=e6ec2fd3-a0c6-4f81-ae90-f7327ac63566, raftlog=e6ec2fd3-a0c6-4f81-ae90-f7327ac63566@group-780EFEE5BBA3-SegmentedRaftLog:OPENED:c-1, conf=-1: [e6ec2fd3-a0c6-4f81-ae90-f7327ac63566|rpc:127.0.0.1:38023|priority:0, 1606c9ac-ae8d-4b60-b668-ad188c7b9b7a|rpc:127.0.0.1:44611|priority:1, d44b9b66-006b-4516-8682-2587942b100c|rpc:127.0.0.1:38031|priority:0], old=null
2021-12-28 02:23:51,591 [e6ec2fd3-a0c6-4f81-ae90-f7327ac63566@group-780EFEE5BBA3-LeaderElection28] INFO  impl.LeaderElection (LeaderElection.java:logAndReturn(89)) - e6ec2fd3-a0c6-4f81-ae90-f7327ac63566@group-780EFEE5BBA3-LeaderElection28: ELECTION REJECTED received 2 response(s) and 0 exception(s):
2021-12-28 02:23:51,592 [e6ec2fd3-a0c6-4f81-ae90-f7327ac63566@group-780EFEE5BBA3-LeaderElection28] INFO  impl.LeaderElection (LeaderElection.java:logAndReturn(93)) -   Response 0: e6ec2fd3-a0c6-4f81-ae90-f7327ac63566<-d44b9b66-006b-4516-8682-2587942b100c#0:OK-t2
2021-12-28 02:23:51,592 [e6ec2fd3-a0c6-4f81-ae90-f7327ac63566@group-780EFEE5BBA3-LeaderElection28] INFO  impl.LeaderElection (LeaderElection.java:logAndReturn(93)) -   Response 1: e6ec2fd3-a0c6-4f81-ae90-f7327ac63566<-1606c9ac-ae8d-4b60-b668-ad188c7b9b7a#0:FAIL-t2
2021-12-28 02:23:51,592 [e6ec2fd3-a0c6-4f81-ae90-f7327ac63566@group-780EFEE5BBA3-LeaderElection28] INFO  impl.LeaderElection (LeaderElection.java:askForVotes(308)) - e6ec2fd3-a0c6-4f81-ae90-f7327ac63566@group-780EFEE5BBA3-LeaderElection28 ELECTION round 0: result REJECTED
2021-12-28 02:23:51,592 [e6ec2fd3-a0c6-4f81-ae90-f7327ac63566@group-780EFEE5BBA3-LeaderElection28] INFO  server.RaftServer$Division (RaftServerImpl.java:setRole(290)) - e6ec2fd3-a0c6-4f81-ae90-f7327ac63566@group-780EFEE5BBA3: changes role from CANDIDATE to FOLLOWER at term 2 for REJECTED
2021-12-28 02:23:51,592 [e6ec2fd3-a0c6-4f81-ae90-f7327ac63566@group-780EFEE5BBA3-LeaderElection28] INFO  impl.RoleInfo (RoleInfo.java:shutdownLeaderElection(121)) - e6ec2fd3-a0c6-4f81-ae90-f7327ac63566: shutdown e6ec2fd3-a0c6-4f81-ae90-f7327ac63566@group-780EFEE5BBA3-LeaderElection28
2021-12-28 02:23:51,592 [e6ec2fd3-a0c6-4f81-ae90-f7327ac63566@group-780EFEE5BBA3-LeaderElection28] INFO  impl.RoleInfo (RoleInfo.java:updateAndGet(130)) - e6ec2fd3-a0c6-4f81-ae90-f7327ac63566: start e6ec2fd3-a0c6-4f81-ae90-f7327ac63566@group-780EFEE5BBA3-FollowerState
2021-12-28 02:23:51,599 [grpc-default-executor-0] INFO  server.RaftServer$Division (RaftServerImpl.java:requestVote(1046)) - d44b9b66-006b-4516-8682-2587942b100c@group-780EFEE5BBA3: receive requestVote(ELECTION, 1606c9ac-ae8d-4b60-b668-ad188c7b9b7a, group-780EFEE5BBA3, 2, (t:0, i:0))
2021-12-28 02:23:51,600 [grpc-default-executor-0] INFO  impl.VoteContext (VoteContext.java:log(48)) - d44b9b66-006b-4516-8682-2587942b100c@group-780EFEE5BBA3-FOLLOWER: reject ELECTION from 1606c9ac-ae8d-4b60-b668-ad188c7b9b7a: already has voted for e6ec2fd3-a0c6-4f81-ae90-f7327ac63566 at current term 2
2021-12-28 02:23:51,601 [grpc-default-executor-0] INFO  server.RaftServer$Division (RaftServerImpl.java:requestVote(1078)) - d44b9b66-006b-4516-8682-2587942b100c@group-780EFEE5BBA3 replies to ELECTION vote request: 1606c9ac-ae8d-4b60-b668-ad188c7b9b7a<-d44b9b66-006b-4516-8682-2587942b100c#0:FAIL-t2. Peer's state: d44b9b66-006b-4516-8682-2587942b100c@group-780EFEE5BBA3:t2, leader=null, voted=e6ec2fd3-a0c6-4f81-ae90-f7327ac63566, raftlog=d44b9b66-006b-4516-8682-2587942b100c@group-780EFEE5BBA3-SegmentedRaftLog:OPENED:c-1, conf=-1: [e6ec2fd3-a0c6-4f81-ae90-f7327ac63566|rpc:127.0.0.1:38023|dataStream:|priority:0, 1606c9ac-ae8d-4b60-b668-ad188c7b9b7a|rpc:127.0.0.1:44611|dataStream:|priority:1, d44b9b66-006b-4516-8682-2587942b100c|rpc:127.0.0.1:38031|dataStream:|priority:0], old=null
2021-12-28 02:23:51,610 [1606c9ac-ae8d-4b60-b668-ad188c7b9b7a@group-780EFEE5BBA3-LeaderElection27] INFO  impl.LeaderElection (LeaderElection.java:logAndReturn(89)) - 1606c9ac-ae8d-4b60-b668-ad188c7b9b7a@group-780EFEE5BBA3-LeaderElection27: ELECTION REJECTED received 2 response(s) and 0 exception(s):
2021-12-28 02:23:51,610 [1606c9ac-ae8d-4b60-b668-ad188c7b9b7a@group-780EFEE5BBA3-LeaderElection27] INFO  impl.LeaderElection (LeaderElection.java:logAndReturn(93)) -   Response 0: 1606c9ac-ae8d-4b60-b668-ad188c7b9b7a<-e6ec2fd3-a0c6-4f81-ae90-f7327ac63566#0:FAIL-t2
2021-12-28 02:23:51,610 [1606c9ac-ae8d-4b60-b668-ad188c7b9b7a@group-780EFEE5BBA3-LeaderElection27] INFO  impl.LeaderElection (LeaderElection.java:logAndReturn(93)) -   Response 1: 1606c9ac-ae8d-4b60-b668-ad188c7b9b7a<-d44b9b66-006b-4516-8682-2587942b100c#0:FAIL-t2
2021-12-28 02:23:51,610 [1606c9ac-ae8d-4b60-b668-ad188c7b9b7a@group-780EFEE5BBA3-LeaderElection27] INFO  impl.LeaderElection (LeaderElection.java:askForVotes(308)) - 1606c9ac-ae8d-4b60-b668-ad188c7b9b7a@group-780EFEE5BBA3-LeaderElection27 ELECTION round 0: result REJECTED
2021-12-28 02:23:51,610 [1606c9ac-ae8d-4b60-b668-ad188c7b9b7a@group-780EFEE5BBA3-LeaderElection27] INFO  server.RaftServer$Division (RaftServerImpl.java:setRole(290)) - 1606c9ac-ae8d-4b60-b668-ad188c7b9b7a@group-780EFEE5BBA3: changes role from CANDIDATE to FOLLOWER at term 2 for REJECTED
2021-12-28 02:23:51,610 [1606c9ac-ae8d-4b60-b668-ad188c7b9b7a@group-780EFEE5BBA3-LeaderElection27] INFO  impl.RoleInfo (RoleInfo.java:shutdownLeaderElection(121)) - 1606c9ac-ae8d-4b60-b668-ad188c7b9b7a: shutdown 1606c9ac-ae8d-4b60-b668-ad188c7b9b7a@group-780EFEE5BBA3-LeaderElection27
2021-12-28 02:23:51,611 [1606c9ac-ae8d-4b60-b668-ad188c7b9b7a@group-780EFEE5BBA3-LeaderElection27] INFO  impl.RoleInfo (RoleInfo.java:updateAndGet(130)) - 1606c9ac-ae8d-4b60-b668-ad188c7b9b7a: start 1606c9ac-ae8d-4b60-b668-ad188c7b9b7a@group-780EFEE5BBA3-FollowerState
2021-12-28 02:23:51,886 [Listener at 127.0.0.1/13852] INFO  ozone.MiniOzoneClusterImpl (MiniOzoneClusterImpl.java:lambda$waitForClusterToBeReady$0(235)) - Nodes are ready. Got 3 of 3 DN Heartbeats.
2021-12-28 02:23:51,887 [Listener at 127.0.0.1/13852] INFO  ozone.MiniOzoneClusterImpl (MiniOzoneClusterImpl.java:lambda$waitForClusterToBeReady$0(238)) - Waiting for cluster to exit safe mode
2021-12-28 02:23:51,887 [Listener at 127.0.0.1/13852] INFO  ozone.MiniOzoneClusterImpl (MiniOzoneClusterImpl.java:lambda$waitForClusterToBeReady$0(240)) - SCM became leader
2021-12-28 02:23:51,995 [EndpointStateMachine task thread for /127.0.0.1:13517 - 0 ] INFO  ipc.Client (Client.java:handleConnectionFailure(977)) - Retrying connect to server: localhost/127.0.0.1:13517. Already tried 12 time(s); retry policy is RetryUpToMaximumCountWithFixedSleep(maxRetries=15, sleepTime=1000 MILLISECONDS)
2021-12-28 02:23:51,998 [EndpointStateMachine task thread for /127.0.0.1:13527 - 0 ] INFO  ipc.Client (Client.java:handleConnectionFailure(977)) - Retrying connect to server: localhost/127.0.0.1:13527. Already tried 12 time(s); retry policy is RetryUpToMaximumCountWithFixedSleep(maxRetries=15, sleepTime=1000 MILLISECONDS)
2021-12-28 02:23:51,998 [EndpointStateMachine task thread for /127.0.0.1:13537 - 0 ] INFO  ipc.Client (Client.java:handleConnectionFailure(977)) - Retrying connect to server: localhost/127.0.0.1:13537. Already tried 12 time(s); retry policy is RetryUpToMaximumCountWithFixedSleep(maxRetries=15, sleepTime=1000 MILLISECONDS)
2021-12-28 02:23:52,887 [Listener at 127.0.0.1/13852] INFO  ozone.MiniOzoneClusterImpl (MiniOzoneClusterImpl.java:lambda$waitForClusterToBeReady$0(235)) - Nodes are ready. Got 3 of 3 DN Heartbeats.
2021-12-28 02:23:52,887 [Listener at 127.0.0.1/13852] INFO  ozone.MiniOzoneClusterImpl (MiniOzoneClusterImpl.java:lambda$waitForClusterToBeReady$0(238)) - Waiting for cluster to exit safe mode
2021-12-28 02:23:52,888 [Listener at 127.0.0.1/13852] INFO  ozone.MiniOzoneClusterImpl (MiniOzoneClusterImpl.java:lambda$waitForClusterToBeReady$0(240)) - SCM became leader
2021-12-28 02:23:52,996 [EndpointStateMachine task thread for /127.0.0.1:13517 - 0 ] INFO  ipc.Client (Client.java:handleConnectionFailure(977)) - Retrying connect to server: localhost/127.0.0.1:13517. Already tried 13 time(s); retry policy is RetryUpToMaximumCountWithFixedSleep(maxRetries=15, sleepTime=1000 MILLISECONDS)
2021-12-28 02:23:52,998 [EndpointStateMachine task thread for /127.0.0.1:13527 - 0 ] INFO  ipc.Client (Client.java:handleConnectionFailure(977)) - Retrying connect to server: localhost/127.0.0.1:13527. Already tried 13 time(s); retry policy is RetryUpToMaximumCountWithFixedSleep(maxRetries=15, sleepTime=1000 MILLISECONDS)
2021-12-28 02:23:52,998 [EndpointStateMachine task thread for /127.0.0.1:13537 - 0 ] INFO  ipc.Client (Client.java:handleConnectionFailure(977)) - Retrying connect to server: localhost/127.0.0.1:13537. Already tried 13 time(s); retry policy is RetryUpToMaximumCountWithFixedSleep(maxRetries=15, sleepTime=1000 MILLISECONDS)
2021-12-28 02:23:53,557 [Datanode State Machine Daemon Thread] ERROR datanode.RunningDatanodeState (RunningDatanodeState.java:computeNextContainerState(199)) - Error in executing end point task.
java.util.concurrent.ExecutionException: java.util.concurrent.TimeoutException
	at java.util.concurrent.FutureTask.report(FutureTask.java:122)
	at java.util.concurrent.FutureTask.get(FutureTask.java:192)
	at org.apache.hadoop.ozone.container.common.states.datanode.RunningDatanodeState.computeNextContainerState(RunningDatanodeState.java:191)
	at org.apache.hadoop.ozone.container.common.states.datanode.RunningDatanodeState.await(RunningDatanodeState.java:231)
	at org.apache.hadoop.ozone.container.common.states.datanode.RunningDatanodeState.await(RunningDatanodeState.java:50)
	at org.apache.hadoop.ozone.container.common.statemachine.StateContext.execute(StateContext.java:633)
	at org.apache.hadoop.ozone.container.common.statemachine.DatanodeStateMachine.start(DatanodeStateMachine.java:280)
	at org.apache.hadoop.ozone.container.common.statemachine.DatanodeStateMachine.lambda$startDaemon$0(DatanodeStateMachine.java:468)
	at java.lang.Thread.run(Thread.java:748)
Caused by: java.util.concurrent.TimeoutException
	at java.util.concurrent.FutureTask.get(FutureTask.java:205)
	at org.apache.hadoop.ozone.container.common.states.datanode.RunningDatanodeState.lambda$execute$0(RunningDatanodeState.java:149)
	at java.util.concurrent.FutureTask.run(FutureTask.java:266)
	at java.util.concurrent.Executors$RunnableAdapter.call(Executors.java:511)
	at java.util.concurrent.FutureTask.run(FutureTask.java:266)
	at java.util.concurrent.ThreadPoolExecutor.runWorker(ThreadPoolExecutor.java:1149)
	at java.util.concurrent.ThreadPoolExecutor$Worker.run(ThreadPoolExecutor.java:624)
	... 1 more
2021-12-28 02:23:53,888 [Listener at 127.0.0.1/13852] INFO  ozone.MiniOzoneClusterImpl (MiniOzoneClusterImpl.java:lambda$waitForClusterToBeReady$0(235)) - Nodes are ready. Got 3 of 3 DN Heartbeats.
2021-12-28 02:23:53,888 [Listener at 127.0.0.1/13852] INFO  ozone.MiniOzoneClusterImpl (MiniOzoneClusterImpl.java:lambda$waitForClusterToBeReady$0(238)) - Waiting for cluster to exit safe mode
2021-12-28 02:23:53,888 [Listener at 127.0.0.1/13852] INFO  ozone.MiniOzoneClusterImpl (MiniOzoneClusterImpl.java:lambda$waitForClusterToBeReady$0(240)) - SCM became leader
2021-12-28 02:23:53,996 [EndpointStateMachine task thread for /127.0.0.1:13517 - 0 ] INFO  ipc.Client (Client.java:handleConnectionFailure(977)) - Retrying connect to server: localhost/127.0.0.1:13517. Already tried 14 time(s); retry policy is RetryUpToMaximumCountWithFixedSleep(maxRetries=15, sleepTime=1000 MILLISECONDS)
2021-12-28 02:23:54,001 [EndpointStateMachine task thread for /127.0.0.1:13537 - 0 ] INFO  ipc.Client (Client.java:handleConnectionFailure(977)) - Retrying connect to server: localhost/127.0.0.1:13537. Already tried 14 time(s); retry policy is RetryUpToMaximumCountWithFixedSleep(maxRetries=15, sleepTime=1000 MILLISECONDS)
2021-12-28 02:23:54,003 [EndpointStateMachine task thread for /127.0.0.1:13527 - 0 ] INFO  ipc.Client (Client.java:handleConnectionFailure(977)) - Retrying connect to server: localhost/127.0.0.1:13527. Already tried 14 time(s); retry policy is RetryUpToMaximumCountWithFixedSleep(maxRetries=15, sleepTime=1000 MILLISECONDS)
2021-12-28 02:23:54,063 [Datanode State Machine Daemon Thread] ERROR datanode.RunningDatanodeState (RunningDatanodeState.java:computeNextContainerState(199)) - Error in executing end point task.
java.util.concurrent.ExecutionException: java.util.concurrent.TimeoutException
	at java.util.concurrent.FutureTask.report(FutureTask.java:122)
	at java.util.concurrent.FutureTask.get(FutureTask.java:192)
	at org.apache.hadoop.ozone.container.common.states.datanode.RunningDatanodeState.computeNextContainerState(RunningDatanodeState.java:191)
	at org.apache.hadoop.ozone.container.common.states.datanode.RunningDatanodeState.await(RunningDatanodeState.java:231)
	at org.apache.hadoop.ozone.container.common.states.datanode.RunningDatanodeState.await(RunningDatanodeState.java:50)
	at org.apache.hadoop.ozone.container.common.statemachine.StateContext.execute(StateContext.java:633)
	at org.apache.hadoop.ozone.container.common.statemachine.DatanodeStateMachine.start(DatanodeStateMachine.java:280)
	at org.apache.hadoop.ozone.container.common.statemachine.DatanodeStateMachine.lambda$startDaemon$0(DatanodeStateMachine.java:468)
	at java.lang.Thread.run(Thread.java:748)
Caused by: java.util.concurrent.TimeoutException
	at java.util.concurrent.FutureTask.get(FutureTask.java:205)
	at org.apache.hadoop.ozone.container.common.states.datanode.RunningDatanodeState.lambda$execute$0(RunningDatanodeState.java:149)
	at java.util.concurrent.FutureTask.run(FutureTask.java:266)
	at java.util.concurrent.Executors$RunnableAdapter.call(Executors.java:511)
	at java.util.concurrent.FutureTask.run(FutureTask.java:266)
	at java.util.concurrent.ThreadPoolExecutor.runWorker(ThreadPoolExecutor.java:1149)
	at java.util.concurrent.ThreadPoolExecutor$Worker.run(ThreadPoolExecutor.java:624)
	... 1 more
2021-12-28 02:23:54,149 [Datanode State Machine Daemon Thread] ERROR datanode.RunningDatanodeState (RunningDatanodeState.java:computeNextContainerState(199)) - Error in executing end point task.
java.util.concurrent.ExecutionException: java.util.concurrent.TimeoutException
	at java.util.concurrent.FutureTask.report(FutureTask.java:122)
	at java.util.concurrent.FutureTask.get(FutureTask.java:192)
	at org.apache.hadoop.ozone.container.common.states.datanode.RunningDatanodeState.computeNextContainerState(RunningDatanodeState.java:191)
	at org.apache.hadoop.ozone.container.common.states.datanode.RunningDatanodeState.await(RunningDatanodeState.java:231)
	at org.apache.hadoop.ozone.container.common.states.datanode.RunningDatanodeState.await(RunningDatanodeState.java:50)
	at org.apache.hadoop.ozone.container.common.statemachine.StateContext.execute(StateContext.java:633)
	at org.apache.hadoop.ozone.container.common.statemachine.DatanodeStateMachine.start(DatanodeStateMachine.java:280)
	at org.apache.hadoop.ozone.container.common.statemachine.DatanodeStateMachine.lambda$startDaemon$0(DatanodeStateMachine.java:468)
	at java.lang.Thread.run(Thread.java:748)
Caused by: java.util.concurrent.TimeoutException
	at java.util.concurrent.FutureTask.get(FutureTask.java:205)
	at org.apache.hadoop.ozone.container.common.states.datanode.RunningDatanodeState.lambda$execute$0(RunningDatanodeState.java:149)
	at java.util.concurrent.FutureTask.run(FutureTask.java:266)
	at java.util.concurrent.Executors$RunnableAdapter.call(Executors.java:511)
	at java.util.concurrent.FutureTask.run(FutureTask.java:266)
	at java.util.concurrent.ThreadPoolExecutor.runWorker(ThreadPoolExecutor.java:1149)
	at java.util.concurrent.ThreadPoolExecutor$Worker.run(ThreadPoolExecutor.java:624)
	... 1 more
2021-12-28 02:23:54,889 [Listener at 127.0.0.1/13852] INFO  ozone.MiniOzoneClusterImpl (MiniOzoneClusterImpl.java:lambda$waitForClusterToBeReady$0(235)) - Nodes are ready. Got 3 of 3 DN Heartbeats.
2021-12-28 02:23:54,889 [Listener at 127.0.0.1/13852] INFO  ozone.MiniOzoneClusterImpl (MiniOzoneClusterImpl.java:lambda$waitForClusterToBeReady$0(238)) - Waiting for cluster to exit safe mode
2021-12-28 02:23:54,889 [Listener at 127.0.0.1/13852] INFO  ozone.MiniOzoneClusterImpl (MiniOzoneClusterImpl.java:lambda$waitForClusterToBeReady$0(240)) - SCM became leader
2021-12-28 02:23:55,001 [EndpointStateMachine task thread for /127.0.0.1:13517 - 0 ] INFO  ipc.Client (Client.java:handleConnectionFailure(977)) - Retrying connect to server: localhost/127.0.0.1:13517. Already tried 0 time(s); retry policy is RetryUpToMaximumCountWithFixedSleep(maxRetries=15, sleepTime=1000 MILLISECONDS)
2021-12-28 02:23:55,003 [EndpointStateMachine task thread for /127.0.0.1:13537 - 0 ] INFO  ipc.Client (Client.java:handleConnectionFailure(977)) - Retrying connect to server: localhost/127.0.0.1:13537. Already tried 0 time(s); retry policy is RetryUpToMaximumCountWithFixedSleep(maxRetries=15, sleepTime=1000 MILLISECONDS)
2021-12-28 02:23:55,004 [EndpointStateMachine task thread for /127.0.0.1:13527 - 0 ] INFO  ipc.Client (Client.java:handleConnectionFailure(977)) - Retrying connect to server: localhost/127.0.0.1:13527. Already tried 0 time(s); retry policy is RetryUpToMaximumCountWithFixedSleep(maxRetries=15, sleepTime=1000 MILLISECONDS)
2021-12-28 02:23:55,558 [Datanode State Machine Daemon Thread] ERROR datanode.RunningDatanodeState (RunningDatanodeState.java:computeNextContainerState(199)) - Error in executing end point task.
java.util.concurrent.ExecutionException: java.util.concurrent.TimeoutException
	at java.util.concurrent.FutureTask.report(FutureTask.java:122)
	at java.util.concurrent.FutureTask.get(FutureTask.java:192)
	at org.apache.hadoop.ozone.container.common.states.datanode.RunningDatanodeState.computeNextContainerState(RunningDatanodeState.java:191)
	at org.apache.hadoop.ozone.container.common.states.datanode.RunningDatanodeState.await(RunningDatanodeState.java:231)
	at org.apache.hadoop.ozone.container.common.states.datanode.RunningDatanodeState.await(RunningDatanodeState.java:50)
	at org.apache.hadoop.ozone.container.common.statemachine.StateContext.execute(StateContext.java:633)
	at org.apache.hadoop.ozone.container.common.statemachine.DatanodeStateMachine.start(DatanodeStateMachine.java:280)
	at org.apache.hadoop.ozone.container.common.statemachine.DatanodeStateMachine.lambda$startDaemon$0(DatanodeStateMachine.java:468)
	at java.lang.Thread.run(Thread.java:748)
Caused by: java.util.concurrent.TimeoutException
	at java.util.concurrent.FutureTask.get(FutureTask.java:205)
	at org.apache.hadoop.ozone.container.common.states.datanode.RunningDatanodeState.lambda$execute$0(RunningDatanodeState.java:149)
	at java.util.concurrent.FutureTask.run(FutureTask.java:266)
	at java.util.concurrent.Executors$RunnableAdapter.call(Executors.java:511)
	at java.util.concurrent.FutureTask.run(FutureTask.java:266)
	at java.util.concurrent.ThreadPoolExecutor.runWorker(ThreadPoolExecutor.java:1149)
	at java.util.concurrent.ThreadPoolExecutor$Worker.run(ThreadPoolExecutor.java:624)
	... 1 more
2021-12-28 02:23:55,889 [Listener at 127.0.0.1/13852] INFO  ozone.MiniOzoneClusterImpl (MiniOzoneClusterImpl.java:lambda$waitForClusterToBeReady$0(235)) - Nodes are ready. Got 3 of 3 DN Heartbeats.
2021-12-28 02:23:55,890 [Listener at 127.0.0.1/13852] INFO  ozone.MiniOzoneClusterImpl (MiniOzoneClusterImpl.java:lambda$waitForClusterToBeReady$0(238)) - Waiting for cluster to exit safe mode
2021-12-28 02:23:55,890 [Listener at 127.0.0.1/13852] INFO  ozone.MiniOzoneClusterImpl (MiniOzoneClusterImpl.java:lambda$waitForClusterToBeReady$0(240)) - SCM became leader
2021-12-28 02:23:56,002 [EndpointStateMachine task thread for /127.0.0.1:13517 - 0 ] INFO  ipc.Client (Client.java:handleConnectionFailure(977)) - Retrying connect to server: localhost/127.0.0.1:13517. Already tried 1 time(s); retry policy is RetryUpToMaximumCountWithFixedSleep(maxRetries=15, sleepTime=1000 MILLISECONDS)
2021-12-28 02:23:56,004 [EndpointStateMachine task thread for /127.0.0.1:13537 - 0 ] INFO  ipc.Client (Client.java:handleConnectionFailure(977)) - Retrying connect to server: localhost/127.0.0.1:13537. Already tried 1 time(s); retry policy is RetryUpToMaximumCountWithFixedSleep(maxRetries=15, sleepTime=1000 MILLISECONDS)
2021-12-28 02:23:56,005 [EndpointStateMachine task thread for /127.0.0.1:13527 - 0 ] INFO  ipc.Client (Client.java:handleConnectionFailure(977)) - Retrying connect to server: localhost/127.0.0.1:13527. Already tried 1 time(s); retry policy is RetryUpToMaximumCountWithFixedSleep(maxRetries=15, sleepTime=1000 MILLISECONDS)
2021-12-28 02:23:56,363 [d44b9b66-006b-4516-8682-2587942b100c@group-D498122A220C-FollowerState] INFO  impl.FollowerState (FollowerState.java:run(134)) - d44b9b66-006b-4516-8682-2587942b100c@group-D498122A220C-FollowerState: change to CANDIDATE, lastRpcElapsedTime:5043217118ns, electionTimeout:5024ms
2021-12-28 02:23:56,364 [d44b9b66-006b-4516-8682-2587942b100c@group-D498122A220C-FollowerState] INFO  impl.RoleInfo (RoleInfo.java:shutdownFollowerState(108)) - d44b9b66-006b-4516-8682-2587942b100c: shutdown d44b9b66-006b-4516-8682-2587942b100c@group-D498122A220C-FollowerState
2021-12-28 02:23:56,364 [d44b9b66-006b-4516-8682-2587942b100c@group-D498122A220C-FollowerState] INFO  server.RaftServer$Division (RaftServerImpl.java:setRole(290)) - d44b9b66-006b-4516-8682-2587942b100c@group-D498122A220C: changes role from  FOLLOWER to CANDIDATE at term 2 for changeToCandidate
2021-12-28 02:23:56,364 [d44b9b66-006b-4516-8682-2587942b100c@group-D498122A220C-FollowerState] INFO  server.RaftServerConfigKeys (ConfUtils.java:logGet(44)) - raft.server.leaderelection.pre-vote = false (custom)
2021-12-28 02:23:56,364 [d44b9b66-006b-4516-8682-2587942b100c@group-D498122A220C-FollowerState] INFO  impl.RoleInfo (RoleInfo.java:updateAndGet(130)) - d44b9b66-006b-4516-8682-2587942b100c: start d44b9b66-006b-4516-8682-2587942b100c@group-D498122A220C-LeaderElection29
2021-12-28 02:23:56,367 [e6ec2fd3-a0c6-4f81-ae90-f7327ac63566@group-D498122A220C-FollowerState] INFO  impl.FollowerState (FollowerState.java:run(134)) - e6ec2fd3-a0c6-4f81-ae90-f7327ac63566@group-D498122A220C-FollowerState: change to CANDIDATE, lastRpcElapsedTime:5047142050ns, electionTimeout:5033ms
2021-12-28 02:23:56,367 [e6ec2fd3-a0c6-4f81-ae90-f7327ac63566@group-D498122A220C-FollowerState] INFO  impl.RoleInfo (RoleInfo.java:shutdownFollowerState(108)) - e6ec2fd3-a0c6-4f81-ae90-f7327ac63566: shutdown e6ec2fd3-a0c6-4f81-ae90-f7327ac63566@group-D498122A220C-FollowerState
2021-12-28 02:23:56,367 [e6ec2fd3-a0c6-4f81-ae90-f7327ac63566@group-D498122A220C-FollowerState] INFO  server.RaftServer$Division (RaftServerImpl.java:setRole(290)) - e6ec2fd3-a0c6-4f81-ae90-f7327ac63566@group-D498122A220C: changes role from  FOLLOWER to CANDIDATE at term 2 for changeToCandidate
2021-12-28 02:23:56,368 [e6ec2fd3-a0c6-4f81-ae90-f7327ac63566@group-D498122A220C-FollowerState] INFO  server.RaftServerConfigKeys (ConfUtils.java:logGet(44)) - raft.server.leaderelection.pre-vote = false (custom)
2021-12-28 02:23:56,368 [e6ec2fd3-a0c6-4f81-ae90-f7327ac63566@group-D498122A220C-FollowerState] INFO  impl.RoleInfo (RoleInfo.java:updateAndGet(130)) - e6ec2fd3-a0c6-4f81-ae90-f7327ac63566: start e6ec2fd3-a0c6-4f81-ae90-f7327ac63566@group-D498122A220C-LeaderElection30
2021-12-28 02:23:56,371 [d44b9b66-006b-4516-8682-2587942b100c@group-D498122A220C-LeaderElection29] INFO  impl.LeaderElection (LeaderElection.java:askForVotes(306)) - d44b9b66-006b-4516-8682-2587942b100c@group-D498122A220C-LeaderElection29 ELECTION round 0: submit vote requests at term 3 for -1: [e6ec2fd3-a0c6-4f81-ae90-f7327ac63566|rpc:127.0.0.1:38023|dataStream:|priority:0, 1606c9ac-ae8d-4b60-b668-ad188c7b9b7a|rpc:127.0.0.1:44611|dataStream:|priority:0, d44b9b66-006b-4516-8682-2587942b100c|rpc:127.0.0.1:38031|dataStream:|priority:1], old=null
2021-12-28 02:23:56,381 [e6ec2fd3-a0c6-4f81-ae90-f7327ac63566@group-D498122A220C-LeaderElection30] INFO  impl.LeaderElection (LeaderElection.java:askForVotes(306)) - e6ec2fd3-a0c6-4f81-ae90-f7327ac63566@group-D498122A220C-LeaderElection30 ELECTION round 0: submit vote requests at term 3 for -1: [e6ec2fd3-a0c6-4f81-ae90-f7327ac63566|rpc:127.0.0.1:38023|priority:0, 1606c9ac-ae8d-4b60-b668-ad188c7b9b7a|rpc:127.0.0.1:44611|priority:0, d44b9b66-006b-4516-8682-2587942b100c|rpc:127.0.0.1:38031|priority:1], old=null
2021-12-28 02:23:56,398 [grpc-default-executor-0] INFO  server.RaftServer$Division (RaftServerImpl.java:requestVote(1046)) - e6ec2fd3-a0c6-4f81-ae90-f7327ac63566@group-D498122A220C: receive requestVote(ELECTION, d44b9b66-006b-4516-8682-2587942b100c, group-D498122A220C, 3, (t:0, i:0))
2021-12-28 02:23:56,398 [grpc-default-executor-0] INFO  impl.VoteContext (VoteContext.java:log(48)) - e6ec2fd3-a0c6-4f81-ae90-f7327ac63566@group-D498122A220C-CANDIDATE: reject ELECTION from d44b9b66-006b-4516-8682-2587942b100c: already has voted for e6ec2fd3-a0c6-4f81-ae90-f7327ac63566 at current term 3
2021-12-28 02:23:56,398 [grpc-default-executor-0] INFO  server.RaftServer$Division (RaftServerImpl.java:requestVote(1078)) - e6ec2fd3-a0c6-4f81-ae90-f7327ac63566@group-D498122A220C replies to ELECTION vote request: d44b9b66-006b-4516-8682-2587942b100c<-e6ec2fd3-a0c6-4f81-ae90-f7327ac63566#0:FAIL-t3. Peer's state: e6ec2fd3-a0c6-4f81-ae90-f7327ac63566@group-D498122A220C:t3, leader=null, voted=e6ec2fd3-a0c6-4f81-ae90-f7327ac63566, raftlog=e6ec2fd3-a0c6-4f81-ae90-f7327ac63566@group-D498122A220C-SegmentedRaftLog:OPENED:c-1, conf=-1: [e6ec2fd3-a0c6-4f81-ae90-f7327ac63566|rpc:127.0.0.1:38023|priority:0, 1606c9ac-ae8d-4b60-b668-ad188c7b9b7a|rpc:127.0.0.1:44611|priority:0, d44b9b66-006b-4516-8682-2587942b100c|rpc:127.0.0.1:38031|priority:1], old=null
2021-12-28 02:23:56,412 [grpc-default-executor-0] INFO  server.RaftServer$Division (RaftServerImpl.java:requestVote(1046)) - 1606c9ac-ae8d-4b60-b668-ad188c7b9b7a@group-D498122A220C: receive requestVote(ELECTION, d44b9b66-006b-4516-8682-2587942b100c, group-D498122A220C, 3, (t:0, i:0))
2021-12-28 02:23:56,413 [grpc-default-executor-0] INFO  impl.VoteContext (VoteContext.java:log(48)) - 1606c9ac-ae8d-4b60-b668-ad188c7b9b7a@group-D498122A220C-FOLLOWER: accept ELECTION from d44b9b66-006b-4516-8682-2587942b100c: our priority 0 <= candidate's priority 1
2021-12-28 02:23:56,413 [grpc-default-executor-0] INFO  server.RaftServer$Division (RaftServerImpl.java:setRole(290)) - 1606c9ac-ae8d-4b60-b668-ad188c7b9b7a@group-D498122A220C: changes role from  FOLLOWER to FOLLOWER at term 3 for candidate:d44b9b66-006b-4516-8682-2587942b100c
2021-12-28 02:23:56,413 [grpc-default-executor-0] INFO  impl.RoleInfo (RoleInfo.java:shutdownFollowerState(108)) - 1606c9ac-ae8d-4b60-b668-ad188c7b9b7a: shutdown 1606c9ac-ae8d-4b60-b668-ad188c7b9b7a@group-D498122A220C-FollowerState
2021-12-28 02:23:56,413 [grpc-default-executor-0] INFO  impl.RoleInfo (RoleInfo.java:updateAndGet(130)) - 1606c9ac-ae8d-4b60-b668-ad188c7b9b7a: start 1606c9ac-ae8d-4b60-b668-ad188c7b9b7a@group-D498122A220C-FollowerState
2021-12-28 02:23:56,413 [1606c9ac-ae8d-4b60-b668-ad188c7b9b7a@group-D498122A220C-FollowerState] INFO  impl.FollowerState (FollowerState.java:run(143)) - 1606c9ac-ae8d-4b60-b668-ad188c7b9b7a@group-D498122A220C-FollowerState was interrupted: {}
java.lang.InterruptedException: sleep interrupted
	at java.lang.Thread.sleep(Native Method)
	at java.lang.Thread.sleep(Thread.java:340)
	at java.util.concurrent.TimeUnit.sleep(TimeUnit.java:386)
	at org.apache.ratis.util.TimeDuration.sleep(TimeDuration.java:324)
	at org.apache.ratis.util.TimeDuration.sleep(TimeDuration.java:309)
	at org.apache.ratis.server.impl.FollowerState.run(FollowerState.java:118)
2021-12-28 02:23:56,420 [grpc-default-executor-2] INFO  server.RaftServer$Division (RaftServerImpl.java:requestVote(1046)) - 1606c9ac-ae8d-4b60-b668-ad188c7b9b7a@group-D498122A220C: receive requestVote(ELECTION, e6ec2fd3-a0c6-4f81-ae90-f7327ac63566, group-D498122A220C, 3, (t:0, i:0))
2021-12-28 02:23:56,428 [grpc-default-executor-1] INFO  server.RaftServer$Division (RaftServerImpl.java:requestVote(1046)) - d44b9b66-006b-4516-8682-2587942b100c@group-D498122A220C: receive requestVote(ELECTION, e6ec2fd3-a0c6-4f81-ae90-f7327ac63566, group-D498122A220C, 3, (t:0, i:0))
2021-12-28 02:23:56,428 [grpc-default-executor-0] INFO  server.RaftServer$Division (RaftServerImpl.java:requestVote(1078)) - 1606c9ac-ae8d-4b60-b668-ad188c7b9b7a@group-D498122A220C replies to ELECTION vote request: d44b9b66-006b-4516-8682-2587942b100c<-1606c9ac-ae8d-4b60-b668-ad188c7b9b7a#0:OK-t3. Peer's state: 1606c9ac-ae8d-4b60-b668-ad188c7b9b7a@group-D498122A220C:t3, leader=null, voted=d44b9b66-006b-4516-8682-2587942b100c, raftlog=1606c9ac-ae8d-4b60-b668-ad188c7b9b7a@group-D498122A220C-SegmentedRaftLog:OPENED:c-1, conf=-1: [e6ec2fd3-a0c6-4f81-ae90-f7327ac63566|rpc:127.0.0.1:38023|dataStream:|priority:0, 1606c9ac-ae8d-4b60-b668-ad188c7b9b7a|rpc:127.0.0.1:44611|dataStream:|priority:0, d44b9b66-006b-4516-8682-2587942b100c|rpc:127.0.0.1:38031|dataStream:|priority:1], old=null
2021-12-28 02:23:56,428 [grpc-default-executor-1] INFO  impl.VoteContext (VoteContext.java:log(48)) - d44b9b66-006b-4516-8682-2587942b100c@group-D498122A220C-CANDIDATE: reject ELECTION from e6ec2fd3-a0c6-4f81-ae90-f7327ac63566: already has voted for d44b9b66-006b-4516-8682-2587942b100c at current term 3
2021-12-28 02:23:56,428 [grpc-default-executor-1] INFO  server.RaftServer$Division (RaftServerImpl.java:requestVote(1078)) - d44b9b66-006b-4516-8682-2587942b100c@group-D498122A220C replies to ELECTION vote request: e6ec2fd3-a0c6-4f81-ae90-f7327ac63566<-d44b9b66-006b-4516-8682-2587942b100c#0:FAIL-t3. Peer's state: d44b9b66-006b-4516-8682-2587942b100c@group-D498122A220C:t3, leader=null, voted=d44b9b66-006b-4516-8682-2587942b100c, raftlog=d44b9b66-006b-4516-8682-2587942b100c@group-D498122A220C-SegmentedRaftLog:OPENED:c-1, conf=-1: [e6ec2fd3-a0c6-4f81-ae90-f7327ac63566|rpc:127.0.0.1:38023|dataStream:|priority:0, 1606c9ac-ae8d-4b60-b668-ad188c7b9b7a|rpc:127.0.0.1:44611|dataStream:|priority:0, d44b9b66-006b-4516-8682-2587942b100c|rpc:127.0.0.1:38031|dataStream:|priority:1], old=null
2021-12-28 02:23:56,428 [grpc-default-executor-2] INFO  impl.VoteContext (VoteContext.java:log(48)) - 1606c9ac-ae8d-4b60-b668-ad188c7b9b7a@group-D498122A220C-FOLLOWER: reject ELECTION from e6ec2fd3-a0c6-4f81-ae90-f7327ac63566: already has voted for d44b9b66-006b-4516-8682-2587942b100c at current term 3
2021-12-28 02:23:56,428 [grpc-default-executor-2] INFO  server.RaftServer$Division (RaftServerImpl.java:requestVote(1078)) - 1606c9ac-ae8d-4b60-b668-ad188c7b9b7a@group-D498122A220C replies to ELECTION vote request: e6ec2fd3-a0c6-4f81-ae90-f7327ac63566<-1606c9ac-ae8d-4b60-b668-ad188c7b9b7a#0:FAIL-t3. Peer's state: 1606c9ac-ae8d-4b60-b668-ad188c7b9b7a@group-D498122A220C:t3, leader=null, voted=d44b9b66-006b-4516-8682-2587942b100c, raftlog=1606c9ac-ae8d-4b60-b668-ad188c7b9b7a@group-D498122A220C-SegmentedRaftLog:OPENED:c-1, conf=-1: [e6ec2fd3-a0c6-4f81-ae90-f7327ac63566|rpc:127.0.0.1:38023|dataStream:|priority:0, 1606c9ac-ae8d-4b60-b668-ad188c7b9b7a|rpc:127.0.0.1:44611|dataStream:|priority:0, d44b9b66-006b-4516-8682-2587942b100c|rpc:127.0.0.1:38031|dataStream:|priority:1], old=null
2021-12-28 02:23:56,430 [d44b9b66-006b-4516-8682-2587942b100c@group-D498122A220C-LeaderElection29] INFO  impl.LeaderElection (LeaderElection.java:logAndReturn(89)) - d44b9b66-006b-4516-8682-2587942b100c@group-D498122A220C-LeaderElection29: ELECTION PASSED received 2 response(s) and 0 exception(s):
2021-12-28 02:23:56,430 [d44b9b66-006b-4516-8682-2587942b100c@group-D498122A220C-LeaderElection29] INFO  impl.LeaderElection (LeaderElection.java:logAndReturn(93)) -   Response 0: d44b9b66-006b-4516-8682-2587942b100c<-e6ec2fd3-a0c6-4f81-ae90-f7327ac63566#0:FAIL-t3
2021-12-28 02:23:56,430 [d44b9b66-006b-4516-8682-2587942b100c@group-D498122A220C-LeaderElection29] INFO  impl.LeaderElection (LeaderElection.java:logAndReturn(93)) -   Response 1: d44b9b66-006b-4516-8682-2587942b100c<-1606c9ac-ae8d-4b60-b668-ad188c7b9b7a#0:OK-t3
2021-12-28 02:23:56,430 [d44b9b66-006b-4516-8682-2587942b100c@group-D498122A220C-LeaderElection29] INFO  impl.LeaderElection (LeaderElection.java:askForVotes(308)) - d44b9b66-006b-4516-8682-2587942b100c@group-D498122A220C-LeaderElection29 ELECTION round 0: result PASSED
2021-12-28 02:23:56,430 [d44b9b66-006b-4516-8682-2587942b100c@group-D498122A220C-LeaderElection29] INFO  impl.RoleInfo (RoleInfo.java:shutdownLeaderElection(121)) - d44b9b66-006b-4516-8682-2587942b100c: shutdown d44b9b66-006b-4516-8682-2587942b100c@group-D498122A220C-LeaderElection29
2021-12-28 02:23:56,430 [d44b9b66-006b-4516-8682-2587942b100c@group-D498122A220C-LeaderElection29] INFO  server.RaftServer$Division (RaftServerImpl.java:setRole(290)) - d44b9b66-006b-4516-8682-2587942b100c@group-D498122A220C: changes role from CANDIDATE to LEADER at term 3 for changeToLeader
2021-12-28 02:23:56,430 [d44b9b66-006b-4516-8682-2587942b100c@group-D498122A220C-LeaderElection29] INFO  ratis.XceiverServerRatis (XceiverServerRatis.java:handleLeaderChangedNotification(866)) - Leader change notification received for group: group-D498122A220C with new leaderId: d44b9b66-006b-4516-8682-2587942b100c
2021-12-28 02:23:56,431 [d44b9b66-006b-4516-8682-2587942b100c@group-D498122A220C-LeaderElection29] INFO  server.RaftServer$Division (ServerState.java:setLeader(285)) - d44b9b66-006b-4516-8682-2587942b100c@group-D498122A220C: change Leader from null to d44b9b66-006b-4516-8682-2587942b100c at term 3 for becomeLeader, leader elected after 15163ms
2021-12-28 02:23:56,431 [d44b9b66-006b-4516-8682-2587942b100c@group-D498122A220C-LeaderElection29] INFO  server.RaftServerConfigKeys (ConfUtils.java:logGet(44)) - raft.server.staging.catchup.gap = 1000 (default)
2021-12-28 02:23:56,432 [d44b9b66-006b-4516-8682-2587942b100c@group-D498122A220C-LeaderElection29] INFO  server.RaftServerConfigKeys (ConfUtils.java:logGet(44)) - raft.server.write.element-limit = 1024 (custom)
2021-12-28 02:23:56,432 [d44b9b66-006b-4516-8682-2587942b100c@group-D498122A220C-LeaderElection29] INFO  server.RaftServerConfigKeys (ConfUtils.java:logGet(44)) - raft.server.write.byte-limit = 1024 M (=1073741824) (custom)
2021-12-28 02:23:56,432 [d44b9b66-006b-4516-8682-2587942b100c@group-D498122A220C-LeaderElection29] INFO  server.RaftServerConfigKeys (ConfUtils.java:logGet(44)) - raft.server.watch.timeout = 180s (custom)
2021-12-28 02:23:56,432 [d44b9b66-006b-4516-8682-2587942b100c@group-D498122A220C-LeaderElection29] INFO  server.RaftServerConfigKeys (ConfUtils.java:logGet(44)) - raft.server.watch.timeout.denomination = 1s (default)
2021-12-28 02:23:56,432 [d44b9b66-006b-4516-8682-2587942b100c@group-D498122A220C-LeaderElection29] INFO  server.RaftServerConfigKeys (ConfUtils.java:logGet(44)) - raft.server.watch.element-limit = 65536 (default)
2021-12-28 02:23:56,432 [d44b9b66-006b-4516-8682-2587942b100c@group-D498122A220C-LeaderElection29] INFO  server.RaftServerConfigKeys (ConfUtils.java:logGet(44)) - raft.server.write.element-limit = 1024 (custom)
2021-12-28 02:23:56,432 [d44b9b66-006b-4516-8682-2587942b100c@group-D498122A220C-LeaderElection29] INFO  server.RaftServerConfigKeys (ConfUtils.java:logGet(44)) - raft.server.write.follower.gap.ratio.max = -1.0 (default)
2021-12-28 02:23:56,432 [d44b9b66-006b-4516-8682-2587942b100c@group-D498122A220C-LeaderElection29] INFO  server.RaftServerConfigKeys (ConfUtils.java:logGet(44)) - raft.server.log.appender.snapshot.chunk.size.max = 16MB (=16777216) (default)
2021-12-28 02:23:56,432 [d44b9b66-006b-4516-8682-2587942b100c@group-D498122A220C-LeaderElection29] INFO  server.RaftServerConfigKeys (ConfUtils.java:logGet(44)) - raft.server.log.appender.buffer.byte-limit = 33554432 (custom)
2021-12-28 02:23:56,432 [d44b9b66-006b-4516-8682-2587942b100c@group-D498122A220C-LeaderElection29] INFO  server.RaftServerConfigKeys (ConfUtils.java:logGet(44)) - raft.server.log.appender.buffer.element-limit = 1 (custom)
2021-12-28 02:23:56,433 [d44b9b66-006b-4516-8682-2587942b100c@group-D498122A220C-LeaderElection29] INFO  grpc.GrpcConfigKeys (ConfUtils.java:logGet(44)) - raft.grpc.server.leader.outstanding.appends.max = 128 (default)
2021-12-28 02:23:56,433 [d44b9b66-006b-4516-8682-2587942b100c@group-D498122A220C-LeaderElection29] INFO  server.RaftServerConfigKeys (ConfUtils.java:logGet(44)) - raft.server.rpc.request.timeout = 60s (custom)
2021-12-28 02:23:56,433 [d44b9b66-006b-4516-8682-2587942b100c@group-D498122A220C-LeaderElection29] INFO  server.RaftServerConfigKeys (ConfUtils.java:logGet(44)) - raft.server.log.appender.install.snapshot.enabled = false (custom)
2021-12-28 02:23:56,433 [d44b9b66-006b-4516-8682-2587942b100c@group-D498122A220C-LeaderElection29] INFO  server.RaftServerConfigKeys (ConfUtils.java:logGet(44)) - raft.server.log.appender.snapshot.chunk.size.max = 16MB (=16777216) (default)
2021-12-28 02:23:56,434 [d44b9b66-006b-4516-8682-2587942b100c@group-D498122A220C-LeaderElection29] INFO  server.RaftServerConfigKeys (ConfUtils.java:logGet(44)) - raft.server.log.appender.buffer.byte-limit = 33554432 (custom)
2021-12-28 02:23:56,434 [d44b9b66-006b-4516-8682-2587942b100c@group-D498122A220C-LeaderElection29] INFO  server.RaftServerConfigKeys (ConfUtils.java:logGet(44)) - raft.server.log.appender.buffer.element-limit = 1 (custom)
2021-12-28 02:23:56,434 [d44b9b66-006b-4516-8682-2587942b100c@group-D498122A220C-LeaderElection29] INFO  grpc.GrpcConfigKeys (ConfUtils.java:logGet(44)) - raft.grpc.server.leader.outstanding.appends.max = 128 (default)
2021-12-28 02:23:56,434 [d44b9b66-006b-4516-8682-2587942b100c@group-D498122A220C-LeaderElection29] INFO  server.RaftServerConfigKeys (ConfUtils.java:logGet(44)) - raft.server.rpc.request.timeout = 60s (custom)
2021-12-28 02:23:56,434 [d44b9b66-006b-4516-8682-2587942b100c@group-D498122A220C-LeaderElection29] INFO  server.RaftServerConfigKeys (ConfUtils.java:logGet(44)) - raft.server.log.appender.install.snapshot.enabled = false (custom)
2021-12-28 02:23:56,435 [d44b9b66-006b-4516-8682-2587942b100c@group-D498122A220C-LeaderElection29] INFO  impl.RoleInfo (RoleInfo.java:updateAndGet(130)) - d44b9b66-006b-4516-8682-2587942b100c: start d44b9b66-006b-4516-8682-2587942b100c@group-D498122A220C-LeaderStateImpl
2021-12-28 02:23:56,435 [d44b9b66-006b-4516-8682-2587942b100c@group-D498122A220C-LeaderElection29] INFO  segmented.SegmentedRaftLogWorker (SegmentedRaftLogWorker.java:startLogSegment(394)) - d44b9b66-006b-4516-8682-2587942b100c@group-D498122A220C-SegmentedRaftLogWorker: Starting segment from index:0
2021-12-28 02:23:56,437 [EventQueue-PipelineReportForPipelineReportHandler] INFO  pipeline.PipelineManagerImpl (PipelineManagerImpl.java:openPipeline(291)) - Pipeline Pipeline[ Id: e6f8f755-bbc8-4421-a05d-d498122a220c, Nodes: e6ec2fd3-a0c6-4f81-ae90-f7327ac63566{ip: 127.0.0.1, host: localhost, ports: [REPLICATION=36711, RATIS=38023, RATIS_ADMIN=38023, RATIS_SERVER=38023, STANDALONE=42321], networkLocation: /default-rack, certSerialId: null, persistedOpState: IN_SERVICE, persistedOpStateExpiryEpochSec: 0}1606c9ac-ae8d-4b60-b668-ad188c7b9b7a{ip: 127.0.0.1, host: localhost, ports: [REPLICATION=37827, RATIS=44611, RATIS_ADMIN=44611, RATIS_SERVER=44611, STANDALONE=42257], networkLocation: /default-rack, certSerialId: null, persistedOpState: IN_SERVICE, persistedOpStateExpiryEpochSec: 0}d44b9b66-006b-4516-8682-2587942b100c{ip: 127.0.0.1, host: localhost, ports: [REPLICATION=43305, RATIS=38031, RATIS_ADMIN=38031, RATIS_SERVER=38031, STANDALONE=41001], networkLocation: /default-rack, certSerialId: null, persistedOpState: IN_SERVICE, persistedOpStateExpiryEpochSec: 0}, ReplicationConfig: RATIS/THREE, State:ALLOCATED, leaderId:d44b9b66-006b-4516-8682-2587942b100c, CreationTimestamp2021-12-28T02:23:38.942Z[Etc/UTC]] moved to OPEN state
2021-12-28 02:23:56,437 [EventQueue-PipelineReportForPipelineReportHandler] INFO  ha.SCMHAInvocationHandler (SCMHAInvocationHandler.java:invokeRatis(113)) - Invoking method public abstract void org.apache.hadoop.hdds.scm.pipeline.PipelineStateManager.updatePipelineState(org.apache.hadoop.hdds.protocol.proto.HddsProtos$PipelineID,org.apache.hadoop.hdds.protocol.proto.HddsProtos$PipelineState) throws java.io.IOException on target org.apache.hadoop.hdds.scm.ha.SCMRatisServerImpl@6103a56a, cost 249.302us
2021-12-28 02:23:56,437 [EventQueue-PipelineReportForPipelineReportHandler] INFO  pipeline.PipelineManagerImpl (PipelineManagerImpl.java:openPipeline(291)) - Pipeline Pipeline[ Id: e6f8f755-bbc8-4421-a05d-d498122a220c, Nodes: e6ec2fd3-a0c6-4f81-ae90-f7327ac63566{ip: 127.0.0.1, host: localhost, ports: [REPLICATION=36711, RATIS=38023, RATIS_ADMIN=38023, RATIS_SERVER=38023, STANDALONE=42321], networkLocation: /default-rack, certSerialId: null, persistedOpState: IN_SERVICE, persistedOpStateExpiryEpochSec: 0}1606c9ac-ae8d-4b60-b668-ad188c7b9b7a{ip: 127.0.0.1, host: localhost, ports: [REPLICATION=37827, RATIS=44611, RATIS_ADMIN=44611, RATIS_SERVER=44611, STANDALONE=42257], networkLocation: /default-rack, certSerialId: null, persistedOpState: IN_SERVICE, persistedOpStateExpiryEpochSec: 0}d44b9b66-006b-4516-8682-2587942b100c{ip: 127.0.0.1, host: localhost, ports: [REPLICATION=43305, RATIS=38031, RATIS_ADMIN=38031, RATIS_SERVER=38031, STANDALONE=41001], networkLocation: /default-rack, certSerialId: null, persistedOpState: IN_SERVICE, persistedOpStateExpiryEpochSec: 0}, ReplicationConfig: RATIS/THREE, State:ALLOCATED, leaderId:d44b9b66-006b-4516-8682-2587942b100c, CreationTimestamp2021-12-28T02:23:38.942Z[Etc/UTC]] moved to OPEN state
2021-12-28 02:23:56,438 [EventQueue-OpenPipelineForHealthyPipelineSafeModeRule] INFO  safemode.SCMSafeModeManager (HealthyPipelineSafeModeRule.java:process(124)) - SCM in safe mode. Healthy pipelines reported count is 0, required healthy pipeline reported count is 1
2021-12-28 02:23:56,440 [e6ec2fd3-a0c6-4f81-ae90-f7327ac63566@group-D498122A220C-LeaderElection30] INFO  impl.LeaderElection (LeaderElection.java:logAndReturn(89)) - e6ec2fd3-a0c6-4f81-ae90-f7327ac63566@group-D498122A220C-LeaderElection30: ELECTION REJECTED received 1 response(s) and 0 exception(s):
2021-12-28 02:23:56,440 [e6ec2fd3-a0c6-4f81-ae90-f7327ac63566@group-D498122A220C-LeaderElection30] INFO  impl.LeaderElection (LeaderElection.java:logAndReturn(93)) -   Response 0: e6ec2fd3-a0c6-4f81-ae90-f7327ac63566<-d44b9b66-006b-4516-8682-2587942b100c#0:FAIL-t3
2021-12-28 02:23:56,440 [e6ec2fd3-a0c6-4f81-ae90-f7327ac63566@group-D498122A220C-LeaderElection30] INFO  impl.LeaderElection (LeaderElection.java:askForVotes(308)) - e6ec2fd3-a0c6-4f81-ae90-f7327ac63566@group-D498122A220C-LeaderElection30 ELECTION round 0: result REJECTED
2021-12-28 02:23:56,440 [e6ec2fd3-a0c6-4f81-ae90-f7327ac63566@group-D498122A220C-LeaderElection30] INFO  server.RaftServer$Division (RaftServerImpl.java:setRole(290)) - e6ec2fd3-a0c6-4f81-ae90-f7327ac63566@group-D498122A220C: changes role from CANDIDATE to FOLLOWER at term 3 for REJECTED
2021-12-28 02:23:56,440 [e6ec2fd3-a0c6-4f81-ae90-f7327ac63566@group-D498122A220C-LeaderElection30] INFO  impl.RoleInfo (RoleInfo.java:shutdownLeaderElection(121)) - e6ec2fd3-a0c6-4f81-ae90-f7327ac63566: shutdown e6ec2fd3-a0c6-4f81-ae90-f7327ac63566@group-D498122A220C-LeaderElection30
2021-12-28 02:23:56,440 [e6ec2fd3-a0c6-4f81-ae90-f7327ac63566@group-D498122A220C-LeaderElection30] INFO  impl.RoleInfo (RoleInfo.java:updateAndGet(130)) - e6ec2fd3-a0c6-4f81-ae90-f7327ac63566: start e6ec2fd3-a0c6-4f81-ae90-f7327ac63566@group-D498122A220C-FollowerState
2021-12-28 02:23:56,441 [d44b9b66-006b-4516-8682-2587942b100c@group-D498122A220C-SegmentedRaftLogWorker] INFO  segmented.SegmentedRaftLogWorker (SegmentedRaftLogWorker.java:execute(601)) - d44b9b66-006b-4516-8682-2587942b100c@group-D498122A220C-SegmentedRaftLogWorker: created new log segment /home/runner/work/ozone/ozone/hadoop-ozone/integration-test/target/test-dir/MiniOzoneClusterImpl-b5c7e046-d456-4649-9d8a-956fe40c5cb7/datanode-2/data/ratis/e6f8f755-bbc8-4421-a05d-d498122a220c/current/log_inprogress_0
2021-12-28 02:23:56,468 [85b08ac6-0f6d-42de-94fb-508f7dc90a3f@group-956FE40C5CB7-StateMachineUpdater] INFO  safemode.HealthyPipelineSafeModeRule (HealthyPipelineSafeModeRule.java:initializeRule(152)) - Refreshed total pipeline count is 1, healthy pipeline threshold count is 1
2021-12-28 02:23:56,468 [EventQueue-PipelineReportForPipelineReportHandler] INFO  ha.SCMHAInvocationHandler (SCMHAInvocationHandler.java:invokeRatis(113)) - Invoking method public abstract void org.apache.hadoop.hdds.scm.pipeline.PipelineStateManager.updatePipelineState(org.apache.hadoop.hdds.protocol.proto.HddsProtos$PipelineID,org.apache.hadoop.hdds.protocol.proto.HddsProtos$PipelineState) throws java.io.IOException on target org.apache.hadoop.hdds.scm.ha.SCMRatisServerImpl@3131dcab, cost 30511.65us
2021-12-28 02:23:56,468 [EventQueue-OpenPipelineForHealthyPipelineSafeModeRule] INFO  safemode.SCMSafeModeManager (HealthyPipelineSafeModeRule.java:process(124)) - SCM in safe mode. Healthy pipelines reported count is 1, required healthy pipeline reported count is 1
2021-12-28 02:23:56,468 [EventQueue-OpenPipelineForHealthyPipelineSafeModeRule] INFO  safemode.SCMSafeModeManager (SCMSafeModeManager.java:validateSafeModeExitRules(204)) - HealthyPipelineSafeModeRule rule is successfully validated
2021-12-28 02:23:56,468 [EventQueue-OpenPipelineForHealthyPipelineSafeModeRule] INFO  safemode.SCMSafeModeManager (SCMSafeModeManager.java:validateSafeModeExitRules(219)) - ScmSafeModeManager, all rules are successfully validated
2021-12-28 02:23:56,468 [EventQueue-OpenPipelineForHealthyPipelineSafeModeRule] INFO  safemode.SCMSafeModeManager (SCMSafeModeManager.java:exitSafeMode(248)) - SCM exiting safe mode.
2021-12-28 02:23:56,468 [EventQueue-OpenPipelineForHealthyPipelineSafeModeRule] WARN  events.EventQueue (EventQueue.java:fireEvent(194)) - No event handler registered for event TypedEvent{payloadType=SafeModeStatus, name='Safe mode status'}
2021-12-28 02:23:56,468 [EventQueue-OpenPipelineForHealthyPipelineSafeModeRule] INFO  ha.SCMContext (SCMContext.java:updateSafeModeStatus(211)) - Update SafeModeStatus from SafeModeStatus{safeModeStatus=true, preCheckPassed=true} to SafeModeStatus{safeModeStatus=false, preCheckPassed=true}.
2021-12-28 02:23:56,469 [EventQueue-OpenPipelineForHealthyPipelineSafeModeRule] INFO  container.ReplicationManager (ReplicationManager.java:notifyStatusChanged(1758)) - Service ReplicationManager transitions to RUNNING.
2021-12-28 02:23:56,478 [d44b9b66-006b-4516-8682-2587942b100c@group-D498122A220C-LeaderElection29] INFO  server.RaftServer$Division (ServerState.java:setRaftConf(387)) - d44b9b66-006b-4516-8682-2587942b100c@group-D498122A220C: set configuration 0: [e6ec2fd3-a0c6-4f81-ae90-f7327ac63566|rpc:127.0.0.1:38023|dataStream:|priority:0, 1606c9ac-ae8d-4b60-b668-ad188c7b9b7a|rpc:127.0.0.1:44611|dataStream:|priority:0, d44b9b66-006b-4516-8682-2587942b100c|rpc:127.0.0.1:38031|dataStream:|priority:1], old=null
2021-12-28 02:23:56,488 [efeceff2-b5a5-497a-a96d-e28250e5a95d@group-956FE40C5CB7-StateMachineUpdater] INFO  safemode.HealthyPipelineSafeModeRule (HealthyPipelineSafeModeRule.java:initializeRule(152)) - Refreshed total pipeline count is 1, healthy pipeline threshold count is 1
2021-12-28 02:23:56,488 [efeceff2-b5a5-497a-a96d-e28250e5a95d@group-956FE40C5CB7-StateMachineUpdater] INFO  ha.SCMStateMachine (SCMStateMachine.java:takeSnapshot(297)) - Current Snapshot Index 23, takeSnapshot took 0 ms
2021-12-28 02:23:56,488 [efeceff2-b5a5-497a-a96d-e28250e5a95d@group-956FE40C5CB7-StateMachineUpdater] INFO  impl.StateMachineUpdater (StateMachineUpdater.java:takeSnapshot(281)) - efeceff2-b5a5-497a-a96d-e28250e5a95d@group-956FE40C5CB7-StateMachineUpdater: Took a snapshot at index 23
2021-12-28 02:23:56,488 [efeceff2-b5a5-497a-a96d-e28250e5a95d@group-956FE40C5CB7-StateMachineUpdater] INFO  impl.StateMachineUpdater (StateMachineUpdater.java:lambda$new$0(89)) - efeceff2-b5a5-497a-a96d-e28250e5a95d@group-956FE40C5CB7-StateMachineUpdater: snapshotIndex: updateIncreasingly 18 -> 23
2021-12-28 02:23:56,488 [efeceff2-b5a5-497a-a96d-e28250e5a95d@group-956FE40C5CB7-StateMachineUpdater] INFO  raftlog.RaftLog (RaftLogBase.java:purge(306)) - efeceff2-b5a5-497a-a96d-e28250e5a95d@group-956FE40C5CB7-SegmentedRaftLog: purge 23
2021-12-28 02:23:56,488 [efeceff2-b5a5-497a-a96d-e28250e5a95d@group-956FE40C5CB7-StateMachineUpdater] INFO  raftlog.RaftLog (RaftLogBase.java:lambda$new$0(53)) - efeceff2-b5a5-497a-a96d-e28250e5a95d@group-956FE40C5CB7-SegmentedRaftLog: snapshotIndex: updateIncreasingly 18 -> 23
2021-12-28 02:23:56,489 [efeceff2-b5a5-497a-a96d-e28250e5a95d@group-956FE40C5CB7-StateMachineUpdater] INFO  raftlog.RaftLog (RaftLogBase.java:lambda$new$0(53)) - efeceff2-b5a5-497a-a96d-e28250e5a95d@group-956FE40C5CB7-SegmentedRaftLog: purgeIndex: updateToMax old=18, new=23, updated? true
2021-12-28 02:23:56,508 [grpc-default-executor-2] INFO  ratis.XceiverServerRatis (XceiverServerRatis.java:handleLeaderChangedNotification(866)) - Leader change notification received for group: group-D498122A220C with new leaderId: d44b9b66-006b-4516-8682-2587942b100c
2021-12-28 02:23:56,508 [grpc-default-executor-2] INFO  server.RaftServer$Division (ServerState.java:setLeader(285)) - e6ec2fd3-a0c6-4f81-ae90-f7327ac63566@group-D498122A220C: change Leader from null to d44b9b66-006b-4516-8682-2587942b100c at term 3 for appendEntries, leader elected after 15446ms
2021-12-28 02:23:56,510 [grpc-default-executor-1] INFO  server.RaftServer$Division (ServerState.java:setRaftConf(387)) - e6ec2fd3-a0c6-4f81-ae90-f7327ac63566@group-D498122A220C: set configuration 0: [e6ec2fd3-a0c6-4f81-ae90-f7327ac63566|rpc:127.0.0.1:38023|dataStream:|priority:0, 1606c9ac-ae8d-4b60-b668-ad188c7b9b7a|rpc:127.0.0.1:44611|dataStream:|priority:0, d44b9b66-006b-4516-8682-2587942b100c|rpc:127.0.0.1:38031|dataStream:|priority:1], old=null
2021-12-28 02:23:56,511 [grpc-default-executor-1] INFO  segmented.SegmentedRaftLogWorker (SegmentedRaftLogWorker.java:startLogSegment(394)) - e6ec2fd3-a0c6-4f81-ae90-f7327ac63566@group-D498122A220C-SegmentedRaftLogWorker: Starting segment from index:0
2021-12-28 02:23:56,511 [grpc-default-executor-1] INFO  ratis.XceiverServerRatis (XceiverServerRatis.java:handleLeaderChangedNotification(866)) - Leader change notification received for group: group-D498122A220C with new leaderId: d44b9b66-006b-4516-8682-2587942b100c
2021-12-28 02:23:56,511 [grpc-default-executor-1] INFO  server.RaftServer$Division (ServerState.java:setLeader(285)) - 1606c9ac-ae8d-4b60-b668-ad188c7b9b7a@group-D498122A220C: change Leader from null to d44b9b66-006b-4516-8682-2587942b100c at term 3 for appendEntries, leader elected after 15361ms
2021-12-28 02:23:56,512 [e6ec2fd3-a0c6-4f81-ae90-f7327ac63566@group-D498122A220C-SegmentedRaftLogWorker] INFO  segmented.SegmentedRaftLogWorker (SegmentedRaftLogWorker.java:execute(601)) - e6ec2fd3-a0c6-4f81-ae90-f7327ac63566@group-D498122A220C-SegmentedRaftLogWorker: created new log segment /home/runner/work/ozone/ozone/hadoop-ozone/integration-test/target/test-dir/MiniOzoneClusterImpl-b5c7e046-d456-4649-9d8a-956fe40c5cb7/datanode-0/data/ratis/e6f8f755-bbc8-4421-a05d-d498122a220c/current/log_inprogress_0
2021-12-28 02:23:56,515 [grpc-default-executor-1] INFO  server.RaftServer$Division (ServerState.java:setRaftConf(387)) - 1606c9ac-ae8d-4b60-b668-ad188c7b9b7a@group-D498122A220C: set configuration 0: [e6ec2fd3-a0c6-4f81-ae90-f7327ac63566|rpc:127.0.0.1:38023|dataStream:|priority:0, 1606c9ac-ae8d-4b60-b668-ad188c7b9b7a|rpc:127.0.0.1:44611|dataStream:|priority:0, d44b9b66-006b-4516-8682-2587942b100c|rpc:127.0.0.1:38031|dataStream:|priority:1], old=null
2021-12-28 02:23:56,515 [grpc-default-executor-1] INFO  segmented.SegmentedRaftLogWorker (SegmentedRaftLogWorker.java:startLogSegment(394)) - 1606c9ac-ae8d-4b60-b668-ad188c7b9b7a@group-D498122A220C-SegmentedRaftLogWorker: Starting segment from index:0
2021-12-28 02:23:56,516 [1606c9ac-ae8d-4b60-b668-ad188c7b9b7a@group-D498122A220C-SegmentedRaftLogWorker] INFO  segmented.SegmentedRaftLogWorker (SegmentedRaftLogWorker.java:execute(601)) - 1606c9ac-ae8d-4b60-b668-ad188c7b9b7a@group-D498122A220C-SegmentedRaftLogWorker: created new log segment /home/runner/work/ozone/ozone/hadoop-ozone/integration-test/target/test-dir/MiniOzoneClusterImpl-b5c7e046-d456-4649-9d8a-956fe40c5cb7/datanode-1/data/ratis/e6f8f755-bbc8-4421-a05d-d498122a220c/current/log_inprogress_0
2021-12-28 02:23:56,714 [e6ec2fd3-a0c6-4f81-ae90-f7327ac63566@group-780EFEE5BBA3-FollowerState] INFO  impl.FollowerState (FollowerState.java:run(134)) - e6ec2fd3-a0c6-4f81-ae90-f7327ac63566@group-780EFEE5BBA3-FollowerState: change to CANDIDATE, lastRpcElapsedTime:5122033061ns, electionTimeout:5121ms
2021-12-28 02:23:56,714 [e6ec2fd3-a0c6-4f81-ae90-f7327ac63566@group-780EFEE5BBA3-FollowerState] INFO  impl.RoleInfo (RoleInfo.java:shutdownFollowerState(108)) - e6ec2fd3-a0c6-4f81-ae90-f7327ac63566: shutdown e6ec2fd3-a0c6-4f81-ae90-f7327ac63566@group-780EFEE5BBA3-FollowerState
2021-12-28 02:23:56,714 [e6ec2fd3-a0c6-4f81-ae90-f7327ac63566@group-780EFEE5BBA3-FollowerState] INFO  server.RaftServer$Division (RaftServerImpl.java:setRole(290)) - e6ec2fd3-a0c6-4f81-ae90-f7327ac63566@group-780EFEE5BBA3: changes role from  FOLLOWER to CANDIDATE at term 2 for changeToCandidate
2021-12-28 02:23:56,714 [e6ec2fd3-a0c6-4f81-ae90-f7327ac63566@group-780EFEE5BBA3-FollowerState] INFO  server.RaftServerConfigKeys (ConfUtils.java:logGet(44)) - raft.server.leaderelection.pre-vote = false (custom)
2021-12-28 02:23:56,714 [e6ec2fd3-a0c6-4f81-ae90-f7327ac63566@group-780EFEE5BBA3-FollowerState] INFO  impl.RoleInfo (RoleInfo.java:updateAndGet(130)) - e6ec2fd3-a0c6-4f81-ae90-f7327ac63566: start e6ec2fd3-a0c6-4f81-ae90-f7327ac63566@group-780EFEE5BBA3-LeaderElection31
2021-12-28 02:23:56,732 [e6ec2fd3-a0c6-4f81-ae90-f7327ac63566@group-780EFEE5BBA3-LeaderElection31] INFO  impl.LeaderElection (LeaderElection.java:askForVotes(306)) - e6ec2fd3-a0c6-4f81-ae90-f7327ac63566@group-780EFEE5BBA3-LeaderElection31 ELECTION round 0: submit vote requests at term 3 for -1: [e6ec2fd3-a0c6-4f81-ae90-f7327ac63566|rpc:127.0.0.1:38023|priority:0, 1606c9ac-ae8d-4b60-b668-ad188c7b9b7a|rpc:127.0.0.1:44611|priority:1, d44b9b66-006b-4516-8682-2587942b100c|rpc:127.0.0.1:38031|priority:0], old=null
2021-12-28 02:23:56,751 [grpc-default-executor-1] INFO  server.RaftServer$Division (RaftServerImpl.java:requestVote(1046)) - 1606c9ac-ae8d-4b60-b668-ad188c7b9b7a@group-780EFEE5BBA3: receive requestVote(ELECTION, e6ec2fd3-a0c6-4f81-ae90-f7327ac63566, group-780EFEE5BBA3, 3, (t:0, i:0))
2021-12-28 02:23:56,751 [grpc-default-executor-1] INFO  impl.VoteContext (VoteContext.java:log(48)) - 1606c9ac-ae8d-4b60-b668-ad188c7b9b7a@group-780EFEE5BBA3-FOLLOWER: reject ELECTION from e6ec2fd3-a0c6-4f81-ae90-f7327ac63566: our priority 1 > candidate's priority 0
2021-12-28 02:23:56,751 [grpc-default-executor-1] INFO  server.RaftServer$Division (RaftServerImpl.java:setRole(290)) - 1606c9ac-ae8d-4b60-b668-ad188c7b9b7a@group-780EFEE5BBA3: changes role from  FOLLOWER to FOLLOWER at term 3 for candidate:e6ec2fd3-a0c6-4f81-ae90-f7327ac63566
2021-12-28 02:23:56,752 [grpc-default-executor-1] INFO  impl.RoleInfo (RoleInfo.java:shutdownFollowerState(108)) - 1606c9ac-ae8d-4b60-b668-ad188c7b9b7a: shutdown 1606c9ac-ae8d-4b60-b668-ad188c7b9b7a@group-780EFEE5BBA3-FollowerState
2021-12-28 02:23:56,752 [1606c9ac-ae8d-4b60-b668-ad188c7b9b7a@group-780EFEE5BBA3-FollowerState] INFO  impl.FollowerState (FollowerState.java:run(143)) - 1606c9ac-ae8d-4b60-b668-ad188c7b9b7a@group-780EFEE5BBA3-FollowerState was interrupted: {}
java.lang.InterruptedException: sleep interrupted
	at java.lang.Thread.sleep(Native Method)
	at java.lang.Thread.sleep(Thread.java:340)
	at java.util.concurrent.TimeUnit.sleep(TimeUnit.java:386)
	at org.apache.ratis.util.TimeDuration.sleep(TimeDuration.java:324)
	at org.apache.ratis.util.TimeDuration.sleep(TimeDuration.java:309)
	at org.apache.ratis.server.impl.FollowerState.run(FollowerState.java:118)
2021-12-28 02:23:56,752 [grpc-default-executor-1] INFO  impl.RoleInfo (RoleInfo.java:updateAndGet(130)) - 1606c9ac-ae8d-4b60-b668-ad188c7b9b7a: start 1606c9ac-ae8d-4b60-b668-ad188c7b9b7a@group-780EFEE5BBA3-FollowerState
2021-12-28 02:23:56,764 [grpc-default-executor-1] INFO  server.RaftServer$Division (RaftServerImpl.java:requestVote(1078)) - 1606c9ac-ae8d-4b60-b668-ad188c7b9b7a@group-780EFEE5BBA3 replies to ELECTION vote request: e6ec2fd3-a0c6-4f81-ae90-f7327ac63566<-1606c9ac-ae8d-4b60-b668-ad188c7b9b7a#0:FAIL-t3. Peer's state: 1606c9ac-ae8d-4b60-b668-ad188c7b9b7a@group-780EFEE5BBA3:t3, leader=null, voted=null, raftlog=1606c9ac-ae8d-4b60-b668-ad188c7b9b7a@group-780EFEE5BBA3-SegmentedRaftLog:OPENED:c-1, conf=-1: [e6ec2fd3-a0c6-4f81-ae90-f7327ac63566|rpc:127.0.0.1:38023|dataStream:|priority:0, 1606c9ac-ae8d-4b60-b668-ad188c7b9b7a|rpc:127.0.0.1:44611|dataStream:|priority:1, d44b9b66-006b-4516-8682-2587942b100c|rpc:127.0.0.1:38031|dataStream:|priority:0], old=null
2021-12-28 02:23:56,766 [e6ec2fd3-a0c6-4f81-ae90-f7327ac63566@group-780EFEE5BBA3-LeaderElection31] INFO  impl.LeaderElection (LeaderElection.java:logAndReturn(89)) - e6ec2fd3-a0c6-4f81-ae90-f7327ac63566@group-780EFEE5BBA3-LeaderElection31: ELECTION REJECTED received 1 response(s) and 0 exception(s):
2021-12-28 02:23:56,766 [e6ec2fd3-a0c6-4f81-ae90-f7327ac63566@group-780EFEE5BBA3-LeaderElection31] INFO  impl.LeaderElection (LeaderElection.java:logAndReturn(93)) -   Response 0: e6ec2fd3-a0c6-4f81-ae90-f7327ac63566<-1606c9ac-ae8d-4b60-b668-ad188c7b9b7a#0:FAIL-t3
2021-12-28 02:23:56,766 [e6ec2fd3-a0c6-4f81-ae90-f7327ac63566@group-780EFEE5BBA3-LeaderElection31] INFO  impl.LeaderElection (LeaderElection.java:askForVotes(308)) - e6ec2fd3-a0c6-4f81-ae90-f7327ac63566@group-780EFEE5BBA3-LeaderElection31 ELECTION round 0: result REJECTED
2021-12-28 02:23:56,766 [e6ec2fd3-a0c6-4f81-ae90-f7327ac63566@group-780EFEE5BBA3-LeaderElection31] INFO  server.RaftServer$Division (RaftServerImpl.java:setRole(290)) - e6ec2fd3-a0c6-4f81-ae90-f7327ac63566@group-780EFEE5BBA3: changes role from CANDIDATE to FOLLOWER at term 3 for REJECTED
2021-12-28 02:23:56,766 [e6ec2fd3-a0c6-4f81-ae90-f7327ac63566@group-780EFEE5BBA3-LeaderElection31] INFO  impl.RoleInfo (RoleInfo.java:shutdownLeaderElection(121)) - e6ec2fd3-a0c6-4f81-ae90-f7327ac63566: shutdown e6ec2fd3-a0c6-4f81-ae90-f7327ac63566@group-780EFEE5BBA3-LeaderElection31
2021-12-28 02:23:56,766 [e6ec2fd3-a0c6-4f81-ae90-f7327ac63566@group-780EFEE5BBA3-LeaderElection31] INFO  impl.RoleInfo (RoleInfo.java:updateAndGet(130)) - e6ec2fd3-a0c6-4f81-ae90-f7327ac63566: start e6ec2fd3-a0c6-4f81-ae90-f7327ac63566@group-780EFEE5BBA3-FollowerState
2021-12-28 02:23:56,780 [grpc-default-executor-1] INFO  server.RaftServer$Division (RaftServerImpl.java:requestVote(1046)) - d44b9b66-006b-4516-8682-2587942b100c@group-780EFEE5BBA3: receive requestVote(ELECTION, e6ec2fd3-a0c6-4f81-ae90-f7327ac63566, group-780EFEE5BBA3, 3, (t:0, i:0))
2021-12-28 02:23:56,780 [grpc-default-executor-1] INFO  impl.VoteContext (VoteContext.java:log(48)) - d44b9b66-006b-4516-8682-2587942b100c@group-780EFEE5BBA3-FOLLOWER: accept ELECTION from e6ec2fd3-a0c6-4f81-ae90-f7327ac63566: our priority 0 <= candidate's priority 0
2021-12-28 02:23:56,780 [grpc-default-executor-1] INFO  server.RaftServer$Division (RaftServerImpl.java:setRole(290)) - d44b9b66-006b-4516-8682-2587942b100c@group-780EFEE5BBA3: changes role from  FOLLOWER to FOLLOWER at term 3 for candidate:e6ec2fd3-a0c6-4f81-ae90-f7327ac63566
2021-12-28 02:23:56,780 [grpc-default-executor-1] INFO  impl.RoleInfo (RoleInfo.java:shutdownFollowerState(108)) - d44b9b66-006b-4516-8682-2587942b100c: shutdown d44b9b66-006b-4516-8682-2587942b100c@group-780EFEE5BBA3-FollowerState
2021-12-28 02:23:56,780 [grpc-default-executor-1] INFO  impl.RoleInfo (RoleInfo.java:updateAndGet(130)) - d44b9b66-006b-4516-8682-2587942b100c: start d44b9b66-006b-4516-8682-2587942b100c@group-780EFEE5BBA3-FollowerState
2021-12-28 02:23:56,781 [d44b9b66-006b-4516-8682-2587942b100c@group-780EFEE5BBA3-FollowerState] INFO  impl.FollowerState (FollowerState.java:run(143)) - d44b9b66-006b-4516-8682-2587942b100c@group-780EFEE5BBA3-FollowerState was interrupted: {}
java.lang.InterruptedException: sleep interrupted
	at java.lang.Thread.sleep(Native Method)
	at java.lang.Thread.sleep(Thread.java:340)
	at java.util.concurrent.TimeUnit.sleep(TimeUnit.java:386)
	at org.apache.ratis.util.TimeDuration.sleep(TimeDuration.java:324)
	at org.apache.ratis.util.TimeDuration.sleep(TimeDuration.java:309)
	at org.apache.ratis.server.impl.FollowerState.run(FollowerState.java:118)
2021-12-28 02:23:56,787 [grpc-default-executor-1] INFO  server.RaftServer$Division (RaftServerImpl.java:requestVote(1078)) - d44b9b66-006b-4516-8682-2587942b100c@group-780EFEE5BBA3 replies to ELECTION vote request: e6ec2fd3-a0c6-4f81-ae90-f7327ac63566<-d44b9b66-006b-4516-8682-2587942b100c#0:OK-t3. Peer's state: d44b9b66-006b-4516-8682-2587942b100c@group-780EFEE5BBA3:t3, leader=null, voted=e6ec2fd3-a0c6-4f81-ae90-f7327ac63566, raftlog=d44b9b66-006b-4516-8682-2587942b100c@group-780EFEE5BBA3-SegmentedRaftLog:OPENED:c-1, conf=-1: [e6ec2fd3-a0c6-4f81-ae90-f7327ac63566|rpc:127.0.0.1:38023|dataStream:|priority:0, 1606c9ac-ae8d-4b60-b668-ad188c7b9b7a|rpc:127.0.0.1:44611|dataStream:|priority:1, d44b9b66-006b-4516-8682-2587942b100c|rpc:127.0.0.1:38031|dataStream:|priority:0], old=null
2021-12-28 02:23:56,890 [Listener at 127.0.0.1/13852] INFO  ozone.MiniOzoneClusterImpl (MiniOzoneClusterImpl.java:lambda$waitForClusterToBeReady$0(235)) - Nodes are ready. Got 3 of 3 DN Heartbeats.
2021-12-28 02:23:56,890 [Listener at 127.0.0.1/13852] INFO  ozone.MiniOzoneClusterImpl (MiniOzoneClusterImpl.java:lambda$waitForClusterToBeReady$0(238)) - Cluster exits safe mode
2021-12-28 02:23:56,891 [Listener at 127.0.0.1/13852] INFO  ozone.MiniOzoneClusterImpl (MiniOzoneClusterImpl.java:lambda$waitForClusterToBeReady$0(240)) - SCM became leader
2021-12-28 02:23:56,891 [Listener at 127.0.0.1/13852] INFO  server.StorageContainerManager (StorageContainerManager.java:start(1303)) - StorageContainerLocationProtocol RPC server is listening at /0.0.0.0:12531
2021-12-28 02:23:56,891 [Listener at 127.0.0.1/13852] INFO  ha.SCMRatisServerImpl (SCMRatisServerImpl.java:start(177)) - starting ratis server 0.0.0.0:12528
2021-12-28 02:23:56,891 [Listener at 127.0.0.1/13852] INFO  server.RaftServer$Division (RaftServerImpl.java:start(304)) - d3859da6-2e6e-4bb4-8c1a-e0036f112fd7@group-956FE40C5CB7: start with initializing state, conf=-1: [], old=null
2021-12-28 02:23:56,891 [Listener at 127.0.0.1/13852] INFO  server.RaftServer$Division (RaftServerImpl.java:setRole(290)) - d3859da6-2e6e-4bb4-8c1a-e0036f112fd7@group-956FE40C5CB7: changes role from      null to FOLLOWER at term 0 for startInitializing
2021-12-28 02:23:56,892 [Listener at 127.0.0.1/13852] INFO  util.JmxRegister (JmxRegister.java:tryRegister(44)) - Successfully registered JMX Bean with object name Ratis:service=RaftServer,group=group-956FE40C5CB7,id=d3859da6-2e6e-4bb4-8c1a-e0036f112fd7
2021-12-28 02:23:56,906 [Listener at 127.0.0.1/13852] INFO  server.RaftServer (RaftServerProxy.java:lambda$start$5(374)) - d3859da6-2e6e-4bb4-8c1a-e0036f112fd7: start RPC server
2021-12-28 02:23:56,907 [Listener at 127.0.0.1/13852] INFO  server.GrpcService (GrpcService.java:startImpl(253)) - d3859da6-2e6e-4bb4-8c1a-e0036f112fd7: GrpcService started, listening on 12528
2021-12-28 02:23:56,908 [Listener at 127.0.0.1/13852] INFO  ha.SCMNodeInfo (SCMNodeInfo.java:getPort(197)) - ConfigKey ozone.scm.client.address is deprecated, For configuring different ports for each SCM use PortConfigKey ozone.scm.client.port appended with serviceId and nodeId
2021-12-28 02:23:56,908 [Listener at 127.0.0.1/13852] INFO  ha.SCMNodeInfo (SCMNodeInfo.java:getPort(197)) - ConfigKey ozone.scm.block.client.address is deprecated, For configuring different ports for each SCM use PortConfigKey ozone.scm.block.client.port appended with serviceId and nodeId
2021-12-28 02:23:56,909 [Listener at 127.0.0.1/13852] INFO  ha.SCMNodeInfo (SCMNodeInfo.java:getPort(197)) - ConfigKey ozone.scm.datanode.address is deprecated, For configuring different ports for each SCM use PortConfigKey ozone.scm.datanode.port appended with serviceId and nodeId
2021-12-28 02:23:56,909 [Listener at 127.0.0.1/13852] INFO  ha.SCMNodeInfo (SCMNodeInfo.java:getPort(197)) - ConfigKey ozone.scm.client.address is deprecated, For configuring different ports for each SCM use PortConfigKey ozone.scm.client.port appended with serviceId and nodeId
2021-12-28 02:23:56,909 [Listener at 127.0.0.1/13852] INFO  ha.SCMNodeInfo (SCMNodeInfo.java:getPort(197)) - ConfigKey ozone.scm.block.client.address is deprecated, For configuring different ports for each SCM use PortConfigKey ozone.scm.block.client.port appended with serviceId and nodeId
2021-12-28 02:23:56,909 [Listener at 127.0.0.1/13852] INFO  ha.SCMNodeInfo (SCMNodeInfo.java:getPort(197)) - ConfigKey ozone.scm.datanode.address is deprecated, For configuring different ports for each SCM use PortConfigKey ozone.scm.datanode.port appended with serviceId and nodeId
2021-12-28 02:23:56,909 [Listener at 127.0.0.1/13852] INFO  ha.SCMNodeInfo (SCMNodeInfo.java:getPort(197)) - ConfigKey ozone.scm.client.address is deprecated, For configuring different ports for each SCM use PortConfigKey ozone.scm.client.port appended with serviceId and nodeId
2021-12-28 02:23:56,909 [Listener at 127.0.0.1/13852] INFO  ha.SCMNodeInfo (SCMNodeInfo.java:getPort(197)) - ConfigKey ozone.scm.block.client.address is deprecated, For configuring different ports for each SCM use PortConfigKey ozone.scm.block.client.port appended with serviceId and nodeId
2021-12-28 02:23:56,909 [Listener at 127.0.0.1/13852] INFO  ha.SCMNodeInfo (SCMNodeInfo.java:getPort(197)) - ConfigKey ozone.scm.datanode.address is deprecated, For configuring different ports for each SCM use PortConfigKey ozone.scm.datanode.port appended with serviceId and nodeId
2021-12-28 02:23:56,911 [org.apache.ratis.util.JvmPauseMonitor$$Lambda$499/2075133112@59c82fb6] INFO  util.JvmPauseMonitor (JvmPauseMonitor.java:run(103)) - JvmPauseMonitor-d3859da6-2e6e-4bb4-8c1a-e0036f112fd7: Started
2021-12-28 02:23:56,917 [IPC Server handler 3 on default port 12510] INFO  ha.SCMRatisServerImpl (SCMRatisServerImpl.java:addSCM(291)) - 85b08ac6-0f6d-42de-94fb-508f7dc90a3f: Submitting SetConfiguration request to Ratis server with new SCM peers list: [efeceff2-b5a5-497a-a96d-e28250e5a95d|rpc:localhost:12518|priority:0, 85b08ac6-0f6d-42de-94fb-508f7dc90a3f|rpc:localhost:12508|admin:|client:|dataStream:|priority:0, d3859da6-2e6e-4bb4-8c1a-e0036f112fd7|rpc:localhost:12528|priority:0]
2021-12-28 02:23:56,917 [IPC Server handler 3 on default port 12510] INFO  server.RaftServer$Division (RaftServerImpl.java:setConfigurationAsync(974)) - 85b08ac6-0f6d-42de-94fb-508f7dc90a3f@group-956FE40C5CB7: receive setConfiguration SetConfigurationRequest:client-802AEBBE7666->85b08ac6-0f6d-42de-94fb-508f7dc90a3f@group-956FE40C5CB7, cid=10, seq=0, RW, null, peers:[efeceff2-b5a5-497a-a96d-e28250e5a95d|rpc:localhost:12518|priority:0, 85b08ac6-0f6d-42de-94fb-508f7dc90a3f|rpc:localhost:12508|admin:|client:|dataStream:|priority:0, d3859da6-2e6e-4bb4-8c1a-e0036f112fd7|rpc:localhost:12528|priority:0]
2021-12-28 02:23:56,917 [IPC Server handler 3 on default port 12510] INFO  server.RaftServer$Division (LeaderStateImpl.java:startSetConfiguration(358)) - 85b08ac6-0f6d-42de-94fb-508f7dc90a3f@group-956FE40C5CB7-LeaderStateImpl: startSetConfiguration SetConfigurationRequest:client-802AEBBE7666->85b08ac6-0f6d-42de-94fb-508f7dc90a3f@group-956FE40C5CB7, cid=10, seq=0, RW, null, peers:[efeceff2-b5a5-497a-a96d-e28250e5a95d|rpc:localhost:12518|priority:0, 85b08ac6-0f6d-42de-94fb-508f7dc90a3f|rpc:localhost:12508|admin:|client:|dataStream:|priority:0, d3859da6-2e6e-4bb4-8c1a-e0036f112fd7|rpc:localhost:12528|priority:0]
2021-12-28 02:23:56,917 [IPC Server handler 3 on default port 12510] INFO  server.RaftServerConfigKeys (ConfUtils.java:logGet(44)) - raft.server.log.appender.snapshot.chunk.size.max = 16MB (=16777216) (default)
2021-12-28 02:23:56,918 [IPC Server handler 3 on default port 12510] INFO  server.RaftServerConfigKeys (ConfUtils.java:logGet(44)) - raft.server.log.appender.buffer.byte-limit = 33554432 (custom)
2021-12-28 02:23:56,918 [IPC Server handler 3 on default port 12510] INFO  server.RaftServerConfigKeys (ConfUtils.java:logGet(44)) - raft.server.log.appender.buffer.element-limit = 1024 (custom)
2021-12-28 02:23:56,919 [IPC Server handler 3 on default port 12510] INFO  grpc.GrpcConfigKeys (ConfUtils.java:logGet(44)) - raft.grpc.server.leader.outstanding.appends.max = 128 (default)
2021-12-28 02:23:56,919 [IPC Server handler 3 on default port 12510] INFO  server.RaftServerConfigKeys (ConfUtils.java:logGet(44)) - raft.server.rpc.request.timeout = 30000ms (custom)
2021-12-28 02:23:56,919 [IPC Server handler 3 on default port 12510] INFO  server.RaftServerConfigKeys (ConfUtils.java:logGet(44)) - raft.server.log.appender.install.snapshot.enabled = false (custom)
2021-12-28 02:23:56,932 [85b08ac6-0f6d-42de-94fb-508f7dc90a3f@group-956FE40C5CB7->d3859da6-2e6e-4bb4-8c1a-e0036f112fd7-GrpcLogAppender-LogAppenderDaemon] INFO  server.GrpcLogAppender (GrpcLogAppender.java:installSnapshot(550)) - 85b08ac6-0f6d-42de-94fb-508f7dc90a3f@group-956FE40C5CB7->d3859da6-2e6e-4bb4-8c1a-e0036f112fd7-GrpcLogAppender: followerNextIndex = 0 but logStartIndex = 1, notify follower to install snapshot-(t:2, i:24)
2021-12-28 02:23:56,932 [85b08ac6-0f6d-42de-94fb-508f7dc90a3f@group-956FE40C5CB7->d3859da6-2e6e-4bb4-8c1a-e0036f112fd7-GrpcLogAppender-LogAppenderDaemon] INFO  server.GrpcLogAppender (GrpcLogAppender.java:installSnapshot(558)) - 85b08ac6-0f6d-42de-94fb-508f7dc90a3f@group-956FE40C5CB7->d3859da6-2e6e-4bb4-8c1a-e0036f112fd7-GrpcLogAppender: send 85b08ac6-0f6d-42de-94fb-508f7dc90a3f->d3859da6-2e6e-4bb4-8c1a-e0036f112fd7#0-t2,notify:(t:2, i:24)
2021-12-28 02:23:56,943 [grpc-default-executor-1] INFO  server.RaftServer$Division (RaftServerImpl.java:installSnapshot(1332)) - d3859da6-2e6e-4bb4-8c1a-e0036f112fd7@group-956FE40C5CB7: receive installSnapshot: 85b08ac6-0f6d-42de-94fb-508f7dc90a3f->d3859da6-2e6e-4bb4-8c1a-e0036f112fd7#0-t2,notify:(t:2, i:24)
2021-12-28 02:23:56,945 [grpc-default-executor-1] INFO  ha.SCMStateMachine (SCMStateMachine.java:notifyLeaderChanged(255)) - leader changed, yet current SCM is still follower.
2021-12-28 02:23:56,945 [grpc-default-executor-1] INFO  server.RaftServer$Division (ServerState.java:setLeader(285)) - d3859da6-2e6e-4bb4-8c1a-e0036f112fd7@group-956FE40C5CB7: change Leader from null to 85b08ac6-0f6d-42de-94fb-508f7dc90a3f at term 2 for installSnapshot, leader elected after 24538ms
2021-12-28 02:23:56,945 [grpc-default-executor-1] INFO  server.RaftServer$Division (RaftServerImpl.java:notifyStateMachineToInstallSnapshot(1551)) - d3859da6-2e6e-4bb4-8c1a-e0036f112fd7@group-956FE40C5CB7: Received notification to install snapshot at index 24
2021-12-28 02:23:56,945 [grpc-default-executor-1] INFO  server.RaftServer$Division (RaftServerImpl.java:notifyStateMachineToInstallSnapshot(1582)) - d3859da6-2e6e-4bb4-8c1a-e0036f112fd7@group-956FE40C5CB7: notifyInstallSnapshot: nextIndex is 0 but the leader's first available index is 24.
2021-12-28 02:23:56,945 [grpc-default-executor-1] INFO  ha.SCMStateMachine (SCMStateMachine.java:notifyInstallSnapshotFromLeader(219)) - Received install snapshot notification from SCM leader: localhost:12508 with term index: (t:2, i:24)
2021-12-28 02:23:56,951 [pool-265-thread-1] INFO  ha.SCMHAManagerImpl (SCMHAManagerImpl.java:getDBCheckpointFromLeader(206)) - Downloading checkpoint from leader SCM scmNode-1 and reloading state from the checkpoint.
2021-12-28 02:23:56,975 [grpc-default-executor-2] INFO  ha.SCMDBCheckpointProvider (SCMDBCheckpointProvider.java:writeDBCheckPointToSream(48)) - Received request to obtain SCM DB checkpoint snapshot
2021-12-28 02:23:56,984 [grpc-default-executor-2] INFO  db.RDBCheckpointManager (RDBCheckpointManager.java:createCheckpoint(86)) - Created checkpoint at /home/runner/work/ozone/ozone/hadoop-ozone/integration-test/target/test-dir/MiniOzoneClusterImpl-b5c7e046-d456-4649-9d8a-956fe40c5cb7/scmNode-1/db.checkpoints/scm.db_checkpoint_1640658236975 in 9 milliseconds
2021-12-28 02:23:56,994 [grpc-default-executor-2] INFO  ha.SCMGrpcOutputStream (SCMGrpcOutputStream.java:close(111)) - Sent 5793 bytes for cluster b5c7e046-d456-4649-9d8a-956fe40c5cb7
2021-12-28 02:23:56,995 [grpc-default-executor-0] INFO  ha.InterSCMGrpcClient (InterSCMGrpcClient.java:onCompleted(173)) - Checkpoint is downloaded to /home/runner/work/ozone/ozone/hadoop-ozone/integration-test/target/test-dir/MiniOzoneClusterImpl-b5c7e046-d456-4649-9d8a-956fe40c5cb7/scmNode-3/snapshot/scm.db-scmNode-1-1640658236951.tar.gz
2021-12-28 02:23:56,995 [grpc-default-executor-2] INFO  ha.SCMDBCheckpointProvider (SCMDBCheckpointProvider.java:writeDBCheckPointToSream(73)) - Time taken to write the checkpoint to response output stream: 11 milliseconds
2021-12-28 02:23:56,995 [grpc-default-executor-2] INFO  db.RocksDBCheckpoint (RocksDBCheckpoint.java:cleanupCheckpoint(78)) - Cleaning up RocksDB checkpoint at /home/runner/work/ozone/ozone/hadoop-ozone/integration-test/target/test-dir/MiniOzoneClusterImpl-b5c7e046-d456-4649-9d8a-956fe40c5cb7/scmNode-1/db.checkpoints/scm.db_checkpoint_1640658236975
2021-12-28 02:23:57,003 [EndpointStateMachine task thread for /127.0.0.1:13517 - 0 ] INFO  ipc.Client (Client.java:handleConnectionFailure(977)) - Retrying connect to server: localhost/127.0.0.1:13517. Already tried 2 time(s); retry policy is RetryUpToMaximumCountWithFixedSleep(maxRetries=15, sleepTime=1000 MILLISECONDS)
2021-12-28 02:23:57,004 [EndpointStateMachine task thread for /127.0.0.1:13537 - 0 ] INFO  ipc.Client (Client.java:handleConnectionFailure(977)) - Retrying connect to server: localhost/127.0.0.1:13537. Already tried 2 time(s); retry policy is RetryUpToMaximumCountWithFixedSleep(maxRetries=15, sleepTime=1000 MILLISECONDS)
2021-12-28 02:23:57,006 [EndpointStateMachine task thread for /127.0.0.1:13527 - 0 ] INFO  ipc.Client (Client.java:handleConnectionFailure(977)) - Retrying connect to server: localhost/127.0.0.1:13527. Already tried 2 time(s); retry policy is RetryUpToMaximumCountWithFixedSleep(maxRetries=15, sleepTime=1000 MILLISECONDS)
2021-12-28 02:23:57,039 [pool-265-thread-1] INFO  ha.SCMSnapshotProvider (SCMSnapshotProvider.java:getSCMDBSnapshot(131)) - Successfully downloaded latest checkpoint from leader SCM: scmNode-1 path /home/runner/work/ozone/ozone/hadoop-ozone/integration-test/target/test-dir/MiniOzoneClusterImpl-b5c7e046-d456-4649-9d8a-956fe40c5cb7/scmNode-3/snapshot/scm.db-scmNode-1-1640658236951
2021-12-28 02:23:57,039 [pool-265-thread-1] INFO  ha.SCMHAManagerImpl (SCMHAManagerImpl.java:downloadCheckpointFromLeader(158)) - Downloaded checkpoint from Leader scmNode-1 to the location /home/runner/work/ozone/ozone/hadoop-ozone/integration-test/target/test-dir/MiniOzoneClusterImpl-b5c7e046-d456-4649-9d8a-956fe40c5cb7/scmNode-3/snapshot/scm.db-scmNode-1-1640658236951
2021-12-28 02:23:57,063 [Datanode State Machine Daemon Thread] ERROR datanode.RunningDatanodeState (RunningDatanodeState.java:computeNextContainerState(199)) - Error in executing end point task.
java.util.concurrent.ExecutionException: java.util.concurrent.TimeoutException
	at java.util.concurrent.FutureTask.report(FutureTask.java:122)
	at java.util.concurrent.FutureTask.get(FutureTask.java:192)
	at org.apache.hadoop.ozone.container.common.states.datanode.RunningDatanodeState.computeNextContainerState(RunningDatanodeState.java:191)
	at org.apache.hadoop.ozone.container.common.states.datanode.RunningDatanodeState.await(RunningDatanodeState.java:231)
	at org.apache.hadoop.ozone.container.common.states.datanode.RunningDatanodeState.await(RunningDatanodeState.java:50)
	at org.apache.hadoop.ozone.container.common.statemachine.StateContext.execute(StateContext.java:633)
	at org.apache.hadoop.ozone.container.common.statemachine.DatanodeStateMachine.start(DatanodeStateMachine.java:280)
	at org.apache.hadoop.ozone.container.common.statemachine.DatanodeStateMachine.lambda$startDaemon$0(DatanodeStateMachine.java:468)
	at java.lang.Thread.run(Thread.java:748)
Caused by: java.util.concurrent.TimeoutException
	at java.util.concurrent.FutureTask.get(FutureTask.java:205)
	at org.apache.hadoop.ozone.container.common.states.datanode.RunningDatanodeState.lambda$execute$0(RunningDatanodeState.java:149)
	at java.util.concurrent.FutureTask.run(FutureTask.java:266)
	at java.util.concurrent.Executors$RunnableAdapter.call(Executors.java:511)
	at java.util.concurrent.FutureTask.run(FutureTask.java:266)
	at java.util.concurrent.ThreadPoolExecutor.runWorker(ThreadPoolExecutor.java:1149)
	at java.util.concurrent.ThreadPoolExecutor$Worker.run(ThreadPoolExecutor.java:624)
	... 1 more
2021-12-28 02:23:57,116 [pool-265-thread-1] INFO  ha.SCMHAManagerImpl (SCMHAManagerImpl.java:verifyCheckpointFromLeader(172)) - Installing checkpoint with SCMTransactionInfo 2#24
2021-12-28 02:23:57,116 [pool-265-thread-1] INFO  server.RaftServer$Division (RaftServerImpl.java:lambda$notifyStateMachineToInstallSnapshot$30(1595)) - d3859da6-2e6e-4bb4-8c1a-e0036f112fd7@group-956FE40C5CB7: StateMachine successfully installed snapshot index 24. Reloading the StateMachine.
2021-12-28 02:23:57,116 [pool-265-thread-1] INFO  segmented.SegmentedRaftLogWorker (SegmentedRaftLogWorker.java:lambda$new$0(133)) - d3859da6-2e6e-4bb4-8c1a-e0036f112fd7@group-956FE40C5CB7-SegmentedRaftLogWorker: flushIndex: setUnconditionally -1 -> 24
2021-12-28 02:23:57,116 [pool-265-thread-1] INFO  segmented.SegmentedRaftLogWorker (SegmentedRaftLogWorker.java:lambda$new$0(133)) - d3859da6-2e6e-4bb4-8c1a-e0036f112fd7@group-956FE40C5CB7-SegmentedRaftLogWorker: safeCacheEvictIndex: setUnconditionally -1 -> 24
2021-12-28 02:23:57,116 [pool-265-thread-1] INFO  raftlog.RaftLog (RaftLogBase.java:lambda$new$0(53)) - d3859da6-2e6e-4bb4-8c1a-e0036f112fd7@group-956FE40C5CB7-SegmentedRaftLog: snapshotIndex: updateIncreasingly -1 -> 24
2021-12-28 02:23:57,121 [grpc-default-executor-1] INFO  server.RaftServer$Division (RaftServerImpl.java:notifyStateMachineToInstallSnapshot(1638)) - d3859da6-2e6e-4bb4-8c1a-e0036f112fd7@group-956FE40C5CB7: InstallSnapshot notification result: SNAPSHOT_INSTALLED, at index: 24
2021-12-28 02:23:57,122 [grpc-default-executor-1] INFO  server.RaftServer$Division (RaftServerImpl.java:installSnapshotImpl(1462)) - d3859da6-2e6e-4bb4-8c1a-e0036f112fd7@group-956FE40C5CB7: set new configuration index: 5
configurationEntry {
  peers {
    id: "efeceff2-b5a5-497a-a96d-e28250e5a95d"
    address: "localhost:12518"
  }
  peers {
    id: "85b08ac6-0f6d-42de-94fb-508f7dc90a3f"
    address: "localhost:12508"
  }
}
 from snapshot
2021-12-28 02:23:57,122 [grpc-default-executor-1] INFO  server.RaftServer$Division (ServerState.java:setRaftConf(387)) - d3859da6-2e6e-4bb4-8c1a-e0036f112fd7@group-956FE40C5CB7: set configuration 5: [efeceff2-b5a5-497a-a96d-e28250e5a95d|rpc:localhost:12518|admin:|client:|dataStream:|priority:0, 85b08ac6-0f6d-42de-94fb-508f7dc90a3f|rpc:localhost:12508|admin:|client:|dataStream:|priority:0], old=null
2021-12-28 02:23:57,122 [grpc-default-executor-1] INFO  server.RaftServer$Division (RaftServerImpl.java:installSnapshot(1343)) - d3859da6-2e6e-4bb4-8c1a-e0036f112fd7@group-956FE40C5CB7: reply installSnapshot: 85b08ac6-0f6d-42de-94fb-508f7dc90a3f<-d3859da6-2e6e-4bb4-8c1a-e0036f112fd7#0:FAIL-t0,SNAPSHOT_INSTALLED,snapshotIndex=24
2021-12-28 02:23:57,122 [grpc-default-executor-1] INFO  server.GrpcServerProtocolService (GrpcServerProtocolService.java:onCompleted(140)) - d3859da6-2e6e-4bb4-8c1a-e0036f112fd7: Completed INSTALL_SNAPSHOT, lastRequest: 85b08ac6-0f6d-42de-94fb-508f7dc90a3f->d3859da6-2e6e-4bb4-8c1a-e0036f112fd7#0-t2,notify:(t:2, i:24)
2021-12-28 02:23:57,126 [grpc-default-executor-1] INFO  server.GrpcLogAppender (GrpcLogAppender.java:onNext(410)) - 85b08ac6-0f6d-42de-94fb-508f7dc90a3f@group-956FE40C5CB7->d3859da6-2e6e-4bb4-8c1a-e0036f112fd7-InstallSnapshotResponseHandler: received the first reply 85b08ac6-0f6d-42de-94fb-508f7dc90a3f<-d3859da6-2e6e-4bb4-8c1a-e0036f112fd7#0:FAIL-t0,SNAPSHOT_INSTALLED,snapshotIndex=24
2021-12-28 02:23:57,127 [grpc-default-executor-1] INFO  server.GrpcLogAppender (GrpcLogAppender.java:onNext(450)) - 85b08ac6-0f6d-42de-94fb-508f7dc90a3f@group-956FE40C5CB7->d3859da6-2e6e-4bb4-8c1a-e0036f112fd7-InstallSnapshotResponseHandler: Follower installed snapshot at index 24
2021-12-28 02:23:57,127 [grpc-default-executor-1] INFO  leader.FollowerInfo (FollowerInfoImpl.java:lambda$new$0(47)) - 85b08ac6-0f6d-42de-94fb-508f7dc90a3f@group-956FE40C5CB7->d3859da6-2e6e-4bb4-8c1a-e0036f112fd7: snapshotIndex: setUnconditionally 0 -> 24
2021-12-28 02:23:57,127 [grpc-default-executor-1] INFO  leader.FollowerInfo (FollowerInfoImpl.java:lambda$new$0(47)) - 85b08ac6-0f6d-42de-94fb-508f7dc90a3f@group-956FE40C5CB7->d3859da6-2e6e-4bb4-8c1a-e0036f112fd7: matchIndex: setUnconditionally 0 -> 24
2021-12-28 02:23:57,127 [grpc-default-executor-1] INFO  leader.FollowerInfo (FollowerInfoImpl.java:lambda$new$0(47)) - 85b08ac6-0f6d-42de-94fb-508f7dc90a3f@group-956FE40C5CB7->d3859da6-2e6e-4bb4-8c1a-e0036f112fd7: nextIndex: setUnconditionally 0 -> 25
2021-12-28 02:23:57,127 [grpc-default-executor-1] INFO  leader.FollowerInfo (FollowerInfoImpl.java:setAttemptedToInstallSnapshot(116)) - Follower 85b08ac6-0f6d-42de-94fb-508f7dc90a3f@group-956FE40C5CB7->d3859da6-2e6e-4bb4-8c1a-e0036f112fd7 acknowledged installing snapshot
2021-12-28 02:23:57,127 [grpc-default-executor-1] INFO  leader.FollowerInfo (FollowerInfoImpl.java:lambda$new$0(47)) - 85b08ac6-0f6d-42de-94fb-508f7dc90a3f@group-956FE40C5CB7->d3859da6-2e6e-4bb4-8c1a-e0036f112fd7: nextIndex: updateToMax old=25, new=25, updated? false
2021-12-28 02:23:57,131 [grpc-default-executor-2] INFO  impl.RoleInfo (RoleInfo.java:updateAndGet(130)) - d3859da6-2e6e-4bb4-8c1a-e0036f112fd7: start d3859da6-2e6e-4bb4-8c1a-e0036f112fd7@group-956FE40C5CB7-FollowerState
2021-12-28 02:23:57,175 [d3859da6-2e6e-4bb4-8c1a-e0036f112fd7@group-956FE40C5CB7-StateMachineUpdater] INFO  ha.SCMHAManagerImpl (SCMHAManagerImpl.java:installCheckpoint(227)) - Installing checkpoint with SCMTransactionInfo 2#24
2021-12-28 02:23:57,179 [d3859da6-2e6e-4bb4-8c1a-e0036f112fd7@group-956FE40C5CB7-StateMachineUpdater] INFO  ha.SCMHAManagerImpl (SCMHAManagerImpl.java:installCheckpoint(266)) - Replaced DB with checkpoint, term: 2, index: 24
2021-12-28 02:23:57,179 [d3859da6-2e6e-4bb4-8c1a-e0036f112fd7@group-956FE40C5CB7-StateMachineUpdater] WARN  utils.HAUtils (HAUtils.java:getMetaDir(342)) - ozone.scm.db.dirs is not configured. We recommend adding this setting. Falling back to ozone.metadata.dirs instead.
2021-12-28 02:23:57,182 [d3859da6-2e6e-4bb4-8c1a-e0036f112fd7@group-956FE40C5CB7-StateMachineUpdater] WARN  db.DBStoreBuilder (DBStoreBuilder.java:applyDBDefinition(145)) - ozone.scm.db.dirs is not configured. We recommend adding this setting. Falling back to ozone.metadata.dirs instead.
2021-12-28 02:23:57,257 [d3859da6-2e6e-4bb4-8c1a-e0036f112fd7@group-956FE40C5CB7-StateMachineUpdater] INFO  ha.SequenceIdGenerator (SequenceIdGenerator.java:reinitialize(166)) - reinitialize SequenceIdGenerator.
2021-12-28 02:23:57,263 [d3859da6-2e6e-4bb4-8c1a-e0036f112fd7@group-956FE40C5CB7-StateMachineUpdater] INFO  ha.SCMHAManagerImpl (SCMHAManagerImpl.java:installCheckpoint(277)) - Reloaded SCM state with Term: 2 and Index: 24
2021-12-28 02:23:57,263 [d3859da6-2e6e-4bb4-8c1a-e0036f112fd7@group-956FE40C5CB7-StateMachineUpdater] INFO  impl.StateMachineUpdater (StateMachineUpdater.java:lambda$new$0(89)) - d3859da6-2e6e-4bb4-8c1a-e0036f112fd7@group-956FE40C5CB7-StateMachineUpdater: snapshotIndex: setUnconditionally -1 -> 24
2021-12-28 02:23:57,264 [d3859da6-2e6e-4bb4-8c1a-e0036f112fd7@group-956FE40C5CB7-StateMachineUpdater] INFO  impl.StateMachineUpdater (StateMachineUpdater.java:lambda$new$0(89)) - d3859da6-2e6e-4bb4-8c1a-e0036f112fd7@group-956FE40C5CB7-StateMachineUpdater: appliedIndex: setUnconditionally -1 -> 24
2021-12-28 02:23:58,003 [EndpointStateMachine task thread for /127.0.0.1:13517 - 0 ] INFO  ipc.Client (Client.java:handleConnectionFailure(977)) - Retrying connect to server: localhost/127.0.0.1:13517. Already tried 3 time(s); retry policy is RetryUpToMaximumCountWithFixedSleep(maxRetries=15, sleepTime=1000 MILLISECONDS)
2021-12-28 02:23:58,005 [EndpointStateMachine task thread for /127.0.0.1:13537 - 0 ] INFO  ipc.Client (Client.java:handleConnectionFailure(977)) - Retrying connect to server: localhost/127.0.0.1:13537. Already tried 3 time(s); retry policy is RetryUpToMaximumCountWithFixedSleep(maxRetries=15, sleepTime=1000 MILLISECONDS)
2021-12-28 02:23:58,006 [EndpointStateMachine task thread for /127.0.0.1:13527 - 0 ] INFO  ipc.Client (Client.java:handleConnectionFailure(977)) - Retrying connect to server: localhost/127.0.0.1:13527. Already tried 3 time(s); retry policy is RetryUpToMaximumCountWithFixedSleep(maxRetries=15, sleepTime=1000 MILLISECONDS)
2021-12-28 02:23:59,004 [EndpointStateMachine task thread for /127.0.0.1:13517 - 0 ] INFO  ipc.Client (Client.java:handleConnectionFailure(977)) - Retrying connect to server: localhost/127.0.0.1:13517. Already tried 4 time(s); retry policy is RetryUpToMaximumCountWithFixedSleep(maxRetries=15, sleepTime=1000 MILLISECONDS)
2021-12-28 02:23:59,005 [EndpointStateMachine task thread for /127.0.0.1:13537 - 0 ] INFO  ipc.Client (Client.java:handleConnectionFailure(977)) - Retrying connect to server: localhost/127.0.0.1:13537. Already tried 4 time(s); retry policy is RetryUpToMaximumCountWithFixedSleep(maxRetries=15, sleepTime=1000 MILLISECONDS)
2021-12-28 02:23:59,007 [EndpointStateMachine task thread for /127.0.0.1:13527 - 0 ] INFO  ipc.Client (Client.java:handleConnectionFailure(977)) - Retrying connect to server: localhost/127.0.0.1:13527. Already tried 4 time(s); retry policy is RetryUpToMaximumCountWithFixedSleep(maxRetries=15, sleepTime=1000 MILLISECONDS)
2021-12-28 02:24:00,004 [EndpointStateMachine task thread for /127.0.0.1:13517 - 0 ] INFO  ipc.Client (Client.java:handleConnectionFailure(977)) - Retrying connect to server: localhost/127.0.0.1:13517. Already tried 5 time(s); retry policy is RetryUpToMaximumCountWithFixedSleep(maxRetries=15, sleepTime=1000 MILLISECONDS)
2021-12-28 02:24:00,006 [EndpointStateMachine task thread for /127.0.0.1:13537 - 0 ] INFO  ipc.Client (Client.java:handleConnectionFailure(977)) - Retrying connect to server: localhost/127.0.0.1:13537. Already tried 5 time(s); retry policy is RetryUpToMaximumCountWithFixedSleep(maxRetries=15, sleepTime=1000 MILLISECONDS)
2021-12-28 02:24:00,008 [EndpointStateMachine task thread for /127.0.0.1:13527 - 0 ] INFO  ipc.Client (Client.java:handleConnectionFailure(977)) - Retrying connect to server: localhost/127.0.0.1:13527. Already tried 5 time(s); retry policy is RetryUpToMaximumCountWithFixedSleep(maxRetries=15, sleepTime=1000 MILLISECONDS)
2021-12-28 02:24:00,066 [Datanode State Machine Daemon Thread] ERROR datanode.RunningDatanodeState (RunningDatanodeState.java:computeNextContainerState(199)) - Error in executing end point task.
java.util.concurrent.ExecutionException: java.util.concurrent.TimeoutException
	at java.util.concurrent.FutureTask.report(FutureTask.java:122)
	at java.util.concurrent.FutureTask.get(FutureTask.java:192)
	at org.apache.hadoop.ozone.container.common.states.datanode.RunningDatanodeState.computeNextContainerState(RunningDatanodeState.java:191)
	at org.apache.hadoop.ozone.container.common.states.datanode.RunningDatanodeState.await(RunningDatanodeState.java:231)
	at org.apache.hadoop.ozone.container.common.states.datanode.RunningDatanodeState.await(RunningDatanodeState.java:50)
	at org.apache.hadoop.ozone.container.common.statemachine.StateContext.execute(StateContext.java:633)
	at org.apache.hadoop.ozone.container.common.statemachine.DatanodeStateMachine.start(DatanodeStateMachine.java:280)
	at org.apache.hadoop.ozone.container.common.statemachine.DatanodeStateMachine.lambda$startDaemon$0(DatanodeStateMachine.java:468)
	at java.lang.Thread.run(Thread.java:748)
Caused by: java.util.concurrent.TimeoutException
	at java.util.concurrent.FutureTask.get(FutureTask.java:205)
	at org.apache.hadoop.ozone.container.common.states.datanode.RunningDatanodeState.lambda$execute$0(RunningDatanodeState.java:149)
	at java.util.concurrent.FutureTask.run(FutureTask.java:266)
	at java.util.concurrent.Executors$RunnableAdapter.call(Executors.java:511)
	at java.util.concurrent.FutureTask.run(FutureTask.java:266)
	at java.util.concurrent.ThreadPoolExecutor.runWorker(ThreadPoolExecutor.java:1149)
	at java.util.concurrent.ThreadPoolExecutor$Worker.run(ThreadPoolExecutor.java:624)
	... 1 more
2021-12-28 02:24:01,005 [EndpointStateMachine task thread for /127.0.0.1:13517 - 0 ] INFO  ipc.Client (Client.java:handleConnectionFailure(977)) - Retrying connect to server: localhost/127.0.0.1:13517. Already tried 6 time(s); retry policy is RetryUpToMaximumCountWithFixedSleep(maxRetries=15, sleepTime=1000 MILLISECONDS)
2021-12-28 02:24:01,006 [EndpointStateMachine task thread for /127.0.0.1:13537 - 0 ] INFO  ipc.Client (Client.java:handleConnectionFailure(977)) - Retrying connect to server: localhost/127.0.0.1:13537. Already tried 6 time(s); retry policy is RetryUpToMaximumCountWithFixedSleep(maxRetries=15, sleepTime=1000 MILLISECONDS)
2021-12-28 02:24:01,008 [EndpointStateMachine task thread for /127.0.0.1:13527 - 0 ] INFO  ipc.Client (Client.java:handleConnectionFailure(977)) - Retrying connect to server: localhost/127.0.0.1:13527. Already tried 6 time(s); retry policy is RetryUpToMaximumCountWithFixedSleep(maxRetries=15, sleepTime=1000 MILLISECONDS)
2021-12-28 02:24:01,432 [Datanode State Machine Daemon Thread] ERROR datanode.RunningDatanodeState (RunningDatanodeState.java:computeNextContainerState(199)) - Error in executing end point task.
java.util.concurrent.ExecutionException: java.util.concurrent.TimeoutException
	at java.util.concurrent.FutureTask.report(FutureTask.java:122)
	at java.util.concurrent.FutureTask.get(FutureTask.java:192)
	at org.apache.hadoop.ozone.container.common.states.datanode.RunningDatanodeState.computeNextContainerState(RunningDatanodeState.java:191)
	at org.apache.hadoop.ozone.container.common.states.datanode.RunningDatanodeState.await(RunningDatanodeState.java:231)
	at org.apache.hadoop.ozone.container.common.states.datanode.RunningDatanodeState.await(RunningDatanodeState.java:50)
	at org.apache.hadoop.ozone.container.common.statemachine.StateContext.execute(StateContext.java:633)
	at org.apache.hadoop.ozone.container.common.statemachine.DatanodeStateMachine.start(DatanodeStateMachine.java:280)
	at org.apache.hadoop.ozone.container.common.statemachine.DatanodeStateMachine.lambda$startDaemon$0(DatanodeStateMachine.java:468)
	at java.lang.Thread.run(Thread.java:748)
Caused by: java.util.concurrent.TimeoutException
	at java.util.concurrent.FutureTask.get(FutureTask.java:205)
	at org.apache.hadoop.ozone.container.common.states.datanode.RunningDatanodeState.lambda$execute$0(RunningDatanodeState.java:149)
	at java.util.concurrent.FutureTask.run(FutureTask.java:266)
	at java.util.concurrent.Executors$RunnableAdapter.call(Executors.java:511)
	at java.util.concurrent.FutureTask.run(FutureTask.java:266)
	at java.util.concurrent.ThreadPoolExecutor.runWorker(ThreadPoolExecutor.java:1149)
	at java.util.concurrent.ThreadPoolExecutor$Worker.run(ThreadPoolExecutor.java:624)
	... 1 more
2021-12-28 02:24:01,694 [85b08ac6-0f6d-42de-94fb-508f7dc90a3f@group-956FE40C5CB7-LeaderStateImpl] INFO  server.RaftServer$Division (ServerState.java:setRaftConf(387)) - 85b08ac6-0f6d-42de-94fb-508f7dc90a3f@group-956FE40C5CB7: set configuration 25: [efeceff2-b5a5-497a-a96d-e28250e5a95d|rpc:localhost:12518|priority:0, d3859da6-2e6e-4bb4-8c1a-e0036f112fd7|rpc:localhost:12528|priority:0, 85b08ac6-0f6d-42de-94fb-508f7dc90a3f|rpc:localhost:12508|admin:|client:|dataStream:|priority:0], old=[efeceff2-b5a5-497a-a96d-e28250e5a95d|rpc:localhost:12518|priority:0, 85b08ac6-0f6d-42de-94fb-508f7dc90a3f|rpc:localhost:12508|admin:|client:|dataStream:|priority:0]
2021-12-28 02:24:01,702 [grpc-default-executor-1] INFO  server.RaftServer$Division (ServerState.java:setRaftConf(387)) - d3859da6-2e6e-4bb4-8c1a-e0036f112fd7@group-956FE40C5CB7: set configuration 25: [efeceff2-b5a5-497a-a96d-e28250e5a95d|rpc:localhost:12518|admin:|client:|dataStream:|priority:0, d3859da6-2e6e-4bb4-8c1a-e0036f112fd7|rpc:localhost:12528|admin:|client:|dataStream:|priority:0, 85b08ac6-0f6d-42de-94fb-508f7dc90a3f|rpc:localhost:12508|admin:|client:|dataStream:|priority:0], old=[efeceff2-b5a5-497a-a96d-e28250e5a95d|rpc:localhost:12518|admin:|client:|dataStream:|priority:0, 85b08ac6-0f6d-42de-94fb-508f7dc90a3f|rpc:localhost:12508|admin:|client:|dataStream:|priority:0]
2021-12-28 02:24:01,702 [grpc-default-executor-1] INFO  segmented.SegmentedRaftLogWorker (SegmentedRaftLogWorker.java:startLogSegment(394)) - d3859da6-2e6e-4bb4-8c1a-e0036f112fd7@group-956FE40C5CB7-SegmentedRaftLogWorker: Starting segment from index:25
2021-12-28 02:24:01,703 [grpc-default-executor-2] INFO  server.RaftServer$Division (ServerState.java:setRaftConf(387)) - efeceff2-b5a5-497a-a96d-e28250e5a95d@group-956FE40C5CB7: set configuration 25: [efeceff2-b5a5-497a-a96d-e28250e5a95d|rpc:localhost:12518|admin:|client:|dataStream:|priority:0, d3859da6-2e6e-4bb4-8c1a-e0036f112fd7|rpc:localhost:12528|admin:|client:|dataStream:|priority:0, 85b08ac6-0f6d-42de-94fb-508f7dc90a3f|rpc:localhost:12508|admin:|client:|dataStream:|priority:0], old=[efeceff2-b5a5-497a-a96d-e28250e5a95d|rpc:localhost:12518|admin:|client:|dataStream:|priority:0, 85b08ac6-0f6d-42de-94fb-508f7dc90a3f|rpc:localhost:12508|admin:|client:|dataStream:|priority:0]
2021-12-28 02:24:01,712 [85b08ac6-0f6d-42de-94fb-508f7dc90a3f@group-956FE40C5CB7-LeaderStateImpl] INFO  server.RaftServer$Division (ServerState.java:setRaftConf(387)) - 85b08ac6-0f6d-42de-94fb-508f7dc90a3f@group-956FE40C5CB7: set configuration 27: [efeceff2-b5a5-497a-a96d-e28250e5a95d|rpc:localhost:12518|priority:0, d3859da6-2e6e-4bb4-8c1a-e0036f112fd7|rpc:localhost:12528|priority:0, 85b08ac6-0f6d-42de-94fb-508f7dc90a3f|rpc:localhost:12508|admin:|client:|dataStream:|priority:0], old=null
2021-12-28 02:24:01,713 [85b08ac6-0f6d-42de-94fb-508f7dc90a3f@group-956FE40C5CB7-StateMachineUpdater] INFO  ha.SCMStateMachine (SCMStateMachine.java:takeSnapshot(297)) - Current Snapshot Index 25, takeSnapshot took 0 ms
2021-12-28 02:24:01,713 [85b08ac6-0f6d-42de-94fb-508f7dc90a3f@group-956FE40C5CB7-StateMachineUpdater] INFO  impl.StateMachineUpdater (StateMachineUpdater.java:takeSnapshot(281)) - 85b08ac6-0f6d-42de-94fb-508f7dc90a3f@group-956FE40C5CB7-StateMachineUpdater: Took a snapshot at index 25
2021-12-28 02:24:01,713 [85b08ac6-0f6d-42de-94fb-508f7dc90a3f@group-956FE40C5CB7-StateMachineUpdater] INFO  impl.StateMachineUpdater (StateMachineUpdater.java:lambda$new$0(89)) - 85b08ac6-0f6d-42de-94fb-508f7dc90a3f@group-956FE40C5CB7-StateMachineUpdater: snapshotIndex: updateIncreasingly 20 -> 25
2021-12-28 02:24:01,713 [85b08ac6-0f6d-42de-94fb-508f7dc90a3f@group-956FE40C5CB7-StateMachineUpdater] INFO  raftlog.RaftLog (RaftLogBase.java:purge(306)) - 85b08ac6-0f6d-42de-94fb-508f7dc90a3f@group-956FE40C5CB7-SegmentedRaftLog: purge 25
2021-12-28 02:24:01,713 [85b08ac6-0f6d-42de-94fb-508f7dc90a3f@group-956FE40C5CB7-StateMachineUpdater] INFO  raftlog.RaftLog (RaftLogBase.java:lambda$new$0(53)) - 85b08ac6-0f6d-42de-94fb-508f7dc90a3f@group-956FE40C5CB7-SegmentedRaftLog: snapshotIndex: updateIncreasingly 20 -> 25
2021-12-28 02:24:01,713 [85b08ac6-0f6d-42de-94fb-508f7dc90a3f@group-956FE40C5CB7-StateMachineUpdater] INFO  raftlog.RaftLog (RaftLogBase.java:lambda$new$0(53)) - 85b08ac6-0f6d-42de-94fb-508f7dc90a3f@group-956FE40C5CB7-SegmentedRaftLog: purgeIndex: updateToMax old=20, new=25, updated? true
2021-12-28 02:24:01,716 [grpc-default-executor-2] INFO  server.RaftServer$Division (ServerState.java:setRaftConf(387)) - d3859da6-2e6e-4bb4-8c1a-e0036f112fd7@group-956FE40C5CB7: set configuration 27: [efeceff2-b5a5-497a-a96d-e28250e5a95d|rpc:localhost:12518|admin:|client:|dataStream:|priority:0, d3859da6-2e6e-4bb4-8c1a-e0036f112fd7|rpc:localhost:12528|admin:|client:|dataStream:|priority:0, 85b08ac6-0f6d-42de-94fb-508f7dc90a3f|rpc:localhost:12508|admin:|client:|dataStream:|priority:0], old=null
2021-12-28 02:24:01,718 [grpc-default-executor-1] INFO  server.RaftServer$Division (ServerState.java:setRaftConf(387)) - efeceff2-b5a5-497a-a96d-e28250e5a95d@group-956FE40C5CB7: set configuration 27: [efeceff2-b5a5-497a-a96d-e28250e5a95d|rpc:localhost:12518|admin:|client:|dataStream:|priority:0, d3859da6-2e6e-4bb4-8c1a-e0036f112fd7|rpc:localhost:12528|admin:|client:|dataStream:|priority:0, 85b08ac6-0f6d-42de-94fb-508f7dc90a3f|rpc:localhost:12508|admin:|client:|dataStream:|priority:0], old=null
2021-12-28 02:24:01,724 [d3859da6-2e6e-4bb4-8c1a-e0036f112fd7@group-956FE40C5CB7-SegmentedRaftLogWorker] INFO  segmented.SegmentedRaftLogWorker (SegmentedRaftLogWorker.java:execute(601)) - d3859da6-2e6e-4bb4-8c1a-e0036f112fd7@group-956FE40C5CB7-SegmentedRaftLogWorker: created new log segment /home/runner/work/ozone/ozone/hadoop-ozone/integration-test/target/test-dir/MiniOzoneClusterImpl-b5c7e046-d456-4649-9d8a-956fe40c5cb7/scmNode-3/scm-ha/b5c7e046-d456-4649-9d8a-956fe40c5cb7/current/log_inprogress_25
2021-12-28 02:24:01,725 [IPC Server handler 3 on default port 12510] INFO  ha.SCMRatisServerImpl (SCMRatisServerImpl.java:addSCM(302)) - Successfully added new SCM: d3859da6-2e6e-4bb4-8c1a-e0036f112fd7.
2021-12-28 02:24:01,730 [Listener at 127.0.0.1/13852] INFO  ha.SCMHAManagerImpl (SCMHAManagerImpl.java:start(116)) - Successfully added SCM scmNode-3 to group group-956FE40C5CB7:[efeceff2-b5a5-497a-a96d-e28250e5a95d|rpc:localhost:12518|admin:|client:|dataStream:|priority:0, d3859da6-2e6e-4bb4-8c1a-e0036f112fd7|rpc:localhost:12528|admin:|client:|dataStream:|priority:0, 85b08ac6-0f6d-42de-94fb-508f7dc90a3f|rpc:localhost:12508|admin:|client:|dataStream:|priority:0]
2021-12-28 02:24:01,730 [Listener at 127.0.0.1/13852] INFO  ha.InterSCMGrpcService (InterSCMGrpcProtocolService.java:start(94)) - Starting SCM Grpc Service at port 12532
2021-12-28 02:24:01,731 [Listener at 127.0.0.1/13852] INFO  impl.MetricsSystemImpl (MetricsSystemImpl.java:init(158)) - StorageContainerManager metrics system started (again)
2021-12-28 02:24:01,776 [d3859da6-2e6e-4bb4-8c1a-e0036f112fd7@group-956FE40C5CB7-StateMachineUpdater] INFO  safemode.HealthyPipelineSafeModeRule (HealthyPipelineSafeModeRule.java:initializeRule(152)) - Refreshed total pipeline count is 1, healthy pipeline threshold count is 1
2021-12-28 02:24:01,776 [d3859da6-2e6e-4bb4-8c1a-e0036f112fd7@group-956FE40C5CB7-StateMachineUpdater] INFO  safemode.ContainerSafeModeRule (ContainerSafeModeRule.java:reInitializeRule(177)) - Refreshed one replica container threshold 0, currentThreshold 0
2021-12-28 02:24:01,777 [d3859da6-2e6e-4bb4-8c1a-e0036f112fd7@group-956FE40C5CB7-StateMachineUpdater] INFO  safemode.OneReplicaPipelineSafeModeRule (OneReplicaPipelineSafeModeRule.java:initializeRule(176)) - Refreshed Total pipeline count is 1, pipeline's with at least one datanode reported threshold count is 1
2021-12-28 02:24:01,777 [d3859da6-2e6e-4bb4-8c1a-e0036f112fd7@group-956FE40C5CB7-StateMachineUpdater] INFO  server.SCMDatanodeProtocolServer (SCMDatanodeProtocolServer.java:start(181)) - ScmDatanodeProtocol RPC server for DataNodes is listening at /0.0.0.0:12529
2021-12-28 02:24:01,782 [Listener at 127.0.0.1/13852] INFO  server.SCMClientProtocolServer (SCMClientProtocolServer.java:start(164)) - RPC server for Client  is listening at /0.0.0.0:12531
2021-12-28 02:24:01,786 [IPC Server Responder] INFO  ipc.Server (Server.java:run(1507)) - IPC Server Responder: starting
2021-12-28 02:24:01,789 [IPC Server listener on 12531] INFO  ipc.Server (Server.java:run(1344)) - IPC Server listener on 12531: starting
2021-12-28 02:24:01,798 [Listener at 127.0.0.1/13852] INFO  server.StorageContainerManager (StorageContainerManager.java:start(1318)) - ScmBlockLocationProtocol RPC server is listening at /0.0.0.0:12530
2021-12-28 02:24:01,798 [Listener at 127.0.0.1/13852] INFO  server.SCMBlockProtocolServer (SCMBlockProtocolServer.java:start(151)) - RPC server for Block Protocol is listening at /0.0.0.0:12530
2021-12-28 02:24:01,799 [IPC Server Responder] INFO  ipc.Server (Server.java:run(1507)) - IPC Server Responder: starting
2021-12-28 02:24:01,799 [IPC Server listener on 12530] INFO  ipc.Server (Server.java:run(1344)) - IPC Server listener on 12530: starting
2021-12-28 02:24:01,803 [1606c9ac-ae8d-4b60-b668-ad188c7b9b7a@group-780EFEE5BBA3-FollowerState] INFO  impl.FollowerState (FollowerState.java:run(134)) - 1606c9ac-ae8d-4b60-b668-ad188c7b9b7a@group-780EFEE5BBA3-FollowerState: change to CANDIDATE, lastRpcElapsedTime:5051560843ns, electionTimeout:5039ms
2021-12-28 02:24:01,803 [1606c9ac-ae8d-4b60-b668-ad188c7b9b7a@group-780EFEE5BBA3-FollowerState] INFO  impl.RoleInfo (RoleInfo.java:shutdownFollowerState(108)) - 1606c9ac-ae8d-4b60-b668-ad188c7b9b7a: shutdown 1606c9ac-ae8d-4b60-b668-ad188c7b9b7a@group-780EFEE5BBA3-FollowerState
2021-12-28 02:24:01,803 [1606c9ac-ae8d-4b60-b668-ad188c7b9b7a@group-780EFEE5BBA3-FollowerState] INFO  server.RaftServer$Division (RaftServerImpl.java:setRole(290)) - 1606c9ac-ae8d-4b60-b668-ad188c7b9b7a@group-780EFEE5BBA3: changes role from  FOLLOWER to CANDIDATE at term 3 for changeToCandidate
2021-12-28 02:24:01,803 [1606c9ac-ae8d-4b60-b668-ad188c7b9b7a@group-780EFEE5BBA3-FollowerState] INFO  server.RaftServerConfigKeys (ConfUtils.java:logGet(44)) - raft.server.leaderelection.pre-vote = false (custom)
2021-12-28 02:24:01,803 [1606c9ac-ae8d-4b60-b668-ad188c7b9b7a@group-780EFEE5BBA3-FollowerState] INFO  impl.RoleInfo (RoleInfo.java:updateAndGet(130)) - 1606c9ac-ae8d-4b60-b668-ad188c7b9b7a: start 1606c9ac-ae8d-4b60-b668-ad188c7b9b7a@group-780EFEE5BBA3-LeaderElection32
2021-12-28 02:24:01,805 [Listener at 127.0.0.1/13852] INFO  http.BaseHttpServer (BaseHttpServer.java:newHttpServer2BuilderForOzone(209)) - Starting Web-server for scm at: http://0.0.0.0:12526
2021-12-28 02:24:01,806 [Listener at 127.0.0.1/13852] INFO  http.BaseHttpServer (BaseHttpServer.java:<init>(107)) - Hadoop Security Enabled: false Ozone Security Enabled: false Ozone HTTP Security Enabled: false 
2021-12-28 02:24:01,807 [Listener at 127.0.0.1/13852] INFO  server.AuthenticationFilter (AuthenticationFilter.java:constructSecretProvider(240)) - Unable to initialize FileSignerSecretProvider, falling back to use random secrets.
2021-12-28 02:24:01,807 [org.apache.hadoop.util.JvmPauseMonitor$Monitor@a56d443] INFO  util.JvmPauseMonitor (JvmPauseMonitor.java:run(188)) - Starting JVM pause monitor
2021-12-28 02:24:01,810 [Listener at 127.0.0.1/13852] WARN  http.HttpRequestLog (HttpRequestLog.java:getRequestLog(103)) - Jetty request log can only be enabled using Log4j
2021-12-28 02:24:01,811 [Listener at 127.0.0.1/13852] INFO  http.HttpServer2 (HttpServer2.java:addGlobalFilter(1030)) - Added global filter 'safety' (class=org.apache.hadoop.hdds.server.http.HttpServer2$QuotingInputFilter)
2021-12-28 02:24:01,812 [Listener at 127.0.0.1/13852] INFO  http.HttpServer2 (HttpServer2.java:addFilter(1006)) - Added filter static_user_filter (class=org.apache.hadoop.http.lib.StaticUserWebFilter$StaticUserFilter) to context scm
2021-12-28 02:24:01,812 [Listener at 127.0.0.1/13852] INFO  http.HttpServer2 (HttpServer2.java:addFilter(1014)) - Added filter static_user_filter (class=org.apache.hadoop.http.lib.StaticUserWebFilter$StaticUserFilter) to context logs
2021-12-28 02:24:01,812 [Listener at 127.0.0.1/13852] INFO  http.HttpServer2 (HttpServer2.java:addFilter(1014)) - Added filter static_user_filter (class=org.apache.hadoop.http.lib.StaticUserWebFilter$StaticUserFilter) to context static
2021-12-28 02:24:01,813 [Listener at 127.0.0.1/13852] INFO  http.HttpServer2 (HttpServer2.java:bindListener(1249)) - Jetty bound to port 12526
2021-12-28 02:24:01,813 [Listener at 127.0.0.1/13852] INFO  server.Server (Server.java:doStart(375)) - jetty-9.4.43.v20210629; built: 2021-06-30T11:07:22.254Z; git: 526006ecfa3af7f1a27ef3a288e2bef7ea9dd7e8; jvm 1.8.0_292-b10
2021-12-28 02:24:01,823 [1606c9ac-ae8d-4b60-b668-ad188c7b9b7a@group-780EFEE5BBA3-LeaderElection32] INFO  impl.LeaderElection (LeaderElection.java:askForVotes(306)) - 1606c9ac-ae8d-4b60-b668-ad188c7b9b7a@group-780EFEE5BBA3-LeaderElection32 ELECTION round 0: submit vote requests at term 4 for -1: [e6ec2fd3-a0c6-4f81-ae90-f7327ac63566|rpc:127.0.0.1:38023|dataStream:|priority:0, 1606c9ac-ae8d-4b60-b668-ad188c7b9b7a|rpc:127.0.0.1:44611|dataStream:|priority:1, d44b9b66-006b-4516-8682-2587942b100c|rpc:127.0.0.1:38031|dataStream:|priority:0], old=null
2021-12-28 02:24:01,858 [Listener at 127.0.0.1/13852] INFO  server.session (DefaultSessionIdManager.java:doStart(334)) - DefaultSessionIdManager workerName=node0
2021-12-28 02:24:01,859 [Listener at 127.0.0.1/13852] INFO  server.session (DefaultSessionIdManager.java:doStart(339)) - No SessionScavenger set, using defaults
2021-12-28 02:24:01,859 [Listener at 127.0.0.1/13852] INFO  server.session (HouseKeeper.java:startScavenging(132)) - node0 Scavenging every 600000ms
2021-12-28 02:24:01,860 [Listener at 127.0.0.1/13852] INFO  handler.ContextHandler (ContextHandler.java:doStart(915)) - Started o.e.j.s.ServletContextHandler@3f36e502{logs,/logs,file:///home/runner/work/ozone/ozone/hadoop-ozone/integration-test/target/log,AVAILABLE}
2021-12-28 02:24:01,860 [Listener at 127.0.0.1/13852] INFO  handler.ContextHandler (ContextHandler.java:doStart(915)) - Started o.e.j.s.ServletContextHandler@5cab0cdd{static,/static,file:///home/runner/work/ozone/ozone/hadoop-ozone/integration-test/target/test-classes/webapps/static,AVAILABLE}
2021-12-28 02:24:01,865 [Listener at 127.0.0.1/13852] INFO  handler.ContextHandler (ContextHandler.java:doStart(915)) - Started o.e.j.w.WebAppContext@451b7faf{scm,/,file:///home/runner/work/ozone/ozone/hadoop-ozone/integration-test/target/test-classes/webapps/scm/,AVAILABLE}{file:/home/runner/work/ozone/ozone/hadoop-ozone/integration-test/target/test-classes/webapps/scm}
2021-12-28 02:24:01,878 [grpc-default-executor-0] INFO  server.RaftServer$Division (RaftServerImpl.java:requestVote(1046)) - d44b9b66-006b-4516-8682-2587942b100c@group-780EFEE5BBA3: receive requestVote(ELECTION, 1606c9ac-ae8d-4b60-b668-ad188c7b9b7a, group-780EFEE5BBA3, 4, (t:0, i:0))
2021-12-28 02:24:01,878 [grpc-default-executor-0] INFO  impl.VoteContext (VoteContext.java:log(48)) - d44b9b66-006b-4516-8682-2587942b100c@group-780EFEE5BBA3-FOLLOWER: accept ELECTION from 1606c9ac-ae8d-4b60-b668-ad188c7b9b7a: our priority 0 <= candidate's priority 1
2021-12-28 02:24:01,878 [grpc-default-executor-0] INFO  server.RaftServer$Division (RaftServerImpl.java:setRole(290)) - d44b9b66-006b-4516-8682-2587942b100c@group-780EFEE5BBA3: changes role from  FOLLOWER to FOLLOWER at term 4 for candidate:1606c9ac-ae8d-4b60-b668-ad188c7b9b7a
2021-12-28 02:24:01,878 [grpc-default-executor-0] INFO  impl.RoleInfo (RoleInfo.java:shutdownFollowerState(108)) - d44b9b66-006b-4516-8682-2587942b100c: shutdown d44b9b66-006b-4516-8682-2587942b100c@group-780EFEE5BBA3-FollowerState
2021-12-28 02:24:01,878 [grpc-default-executor-2] INFO  server.RaftServer$Division (RaftServerImpl.java:requestVote(1046)) - e6ec2fd3-a0c6-4f81-ae90-f7327ac63566@group-780EFEE5BBA3: receive requestVote(ELECTION, 1606c9ac-ae8d-4b60-b668-ad188c7b9b7a, group-780EFEE5BBA3, 4, (t:0, i:0))
2021-12-28 02:24:01,878 [grpc-default-executor-2] INFO  impl.VoteContext (VoteContext.java:log(48)) - e6ec2fd3-a0c6-4f81-ae90-f7327ac63566@group-780EFEE5BBA3-FOLLOWER: accept ELECTION from 1606c9ac-ae8d-4b60-b668-ad188c7b9b7a: our priority 0 <= candidate's priority 1
2021-12-28 02:24:01,878 [IPC Server listener on 12529] INFO  ipc.Server (Server.java:run(1344)) - IPC Server listener on 12529: starting
2021-12-28 02:24:01,878 [grpc-default-executor-2] INFO  server.RaftServer$Division (RaftServerImpl.java:setRole(290)) - e6ec2fd3-a0c6-4f81-ae90-f7327ac63566@group-780EFEE5BBA3: changes role from  FOLLOWER to FOLLOWER at term 4 for candidate:1606c9ac-ae8d-4b60-b668-ad188c7b9b7a
2021-12-28 02:24:01,878 [grpc-default-executor-2] INFO  impl.RoleInfo (RoleInfo.java:shutdownFollowerState(108)) - e6ec2fd3-a0c6-4f81-ae90-f7327ac63566: shutdown e6ec2fd3-a0c6-4f81-ae90-f7327ac63566@group-780EFEE5BBA3-FollowerState
2021-12-28 02:24:01,881 [d44b9b66-006b-4516-8682-2587942b100c@group-780EFEE5BBA3-FollowerState] INFO  impl.FollowerState (FollowerState.java:run(127)) - d44b9b66-006b-4516-8682-2587942b100c@group-780EFEE5BBA3-FollowerState: Stopping now (isRunning? false, isFollower? true)
2021-12-28 02:24:01,883 [IPC Server Responder] INFO  ipc.Server (Server.java:run(1507)) - IPC Server Responder: starting
2021-12-28 02:24:01,884 [e6ec2fd3-a0c6-4f81-ae90-f7327ac63566@group-780EFEE5BBA3-FollowerState] INFO  impl.FollowerState (FollowerState.java:run(143)) - e6ec2fd3-a0c6-4f81-ae90-f7327ac63566@group-780EFEE5BBA3-FollowerState was interrupted: {}
java.lang.InterruptedException: sleep interrupted
	at java.lang.Thread.sleep(Native Method)
	at java.lang.Thread.sleep(Thread.java:340)
	at java.util.concurrent.TimeUnit.sleep(TimeUnit.java:386)
	at org.apache.ratis.util.TimeDuration.sleep(TimeDuration.java:324)
	at org.apache.ratis.util.TimeDuration.sleep(TimeDuration.java:309)
	at org.apache.ratis.server.impl.FollowerState.run(FollowerState.java:118)
2021-12-28 02:24:01,885 [grpc-default-executor-2] INFO  impl.RoleInfo (RoleInfo.java:updateAndGet(130)) - e6ec2fd3-a0c6-4f81-ae90-f7327ac63566: start e6ec2fd3-a0c6-4f81-ae90-f7327ac63566@group-780EFEE5BBA3-FollowerState
2021-12-28 02:24:01,898 [grpc-default-executor-0] INFO  impl.RoleInfo (RoleInfo.java:updateAndGet(130)) - d44b9b66-006b-4516-8682-2587942b100c: start d44b9b66-006b-4516-8682-2587942b100c@group-780EFEE5BBA3-FollowerState
2021-12-28 02:24:01,899 [Listener at 127.0.0.1/13852] INFO  server.AbstractConnector (AbstractConnector.java:doStart(331)) - Started ServerConnector@79b3937a{HTTP/1.1, (http/1.1)}{0.0.0.0:12526}
2021-12-28 02:24:01,906 [Listener at 127.0.0.1/13852] INFO  server.Server (Server.java:doStart(415)) - Started @128529ms
2021-12-28 02:24:01,906 [Listener at 127.0.0.1/13852] WARN  impl.MetricsSystemImpl (MetricsSystemImpl.java:register(279)) - Sink prometheus already exists!
2021-12-28 02:24:01,907 [Listener at 127.0.0.1/13852] INFO  http.BaseHttpServer (BaseHttpServer.java:updateConnectorAddress(329)) - HTTP server of scm listening at http://0.0.0.0:12526
2021-12-28 02:24:01,907 [Listener at 127.0.0.1/13852] INFO  safemode.SCMSafeModeManager (SCMSafeModeManager.java:exitSafeMode(248)) - SCM exiting safe mode.
2021-12-28 02:24:01,907 [Listener at 127.0.0.1/13852] WARN  events.EventQueue (EventQueue.java:fireEvent(194)) - No event handler registered for event TypedEvent{payloadType=SafeModeStatus, name='Safe mode status'}
2021-12-28 02:24:01,907 [Listener at 127.0.0.1/13852] INFO  ha.SCMContext (SCMContext.java:updateSafeModeStatus(211)) - Update SafeModeStatus from SafeModeStatus{safeModeStatus=true, preCheckPassed=false} to SafeModeStatus{safeModeStatus=false, preCheckPassed=true}.
2021-12-28 02:24:01,908 [grpc-default-executor-2] INFO  server.RaftServer$Division (RaftServerImpl.java:requestVote(1078)) - e6ec2fd3-a0c6-4f81-ae90-f7327ac63566@group-780EFEE5BBA3 replies to ELECTION vote request: 1606c9ac-ae8d-4b60-b668-ad188c7b9b7a<-e6ec2fd3-a0c6-4f81-ae90-f7327ac63566#0:OK-t4. Peer's state: e6ec2fd3-a0c6-4f81-ae90-f7327ac63566@group-780EFEE5BBA3:t4, leader=null, voted=1606c9ac-ae8d-4b60-b668-ad188c7b9b7a, raftlog=e6ec2fd3-a0c6-4f81-ae90-f7327ac63566@group-780EFEE5BBA3-SegmentedRaftLog:OPENED:c-1, conf=-1: [e6ec2fd3-a0c6-4f81-ae90-f7327ac63566|rpc:127.0.0.1:38023|priority:0, 1606c9ac-ae8d-4b60-b668-ad188c7b9b7a|rpc:127.0.0.1:44611|priority:1, d44b9b66-006b-4516-8682-2587942b100c|rpc:127.0.0.1:38031|priority:0], old=null
2021-12-28 02:24:01,908 [IPC Server handler 19 on default port 12529] INFO  ipc.Server (Server.java:run(1026)) - IPC Server handler 19 on default port 12529: skipped Call#368 Retry#0 org.apache.hadoop.ozone.protocol.StorageContainerDatanodeProtocol.submitRequest from 127.0.0.1:33198
2021-12-28 02:24:01,908 [IPC Server handler 19 on default port 12529] INFO  ipc.Server (Server.java:run(1026)) - IPC Server handler 19 on default port 12529: skipped Call#290 Retry#0 org.apache.hadoop.ozone.protocol.StorageContainerDatanodeProtocol.submitRequest from 127.0.0.1:33108
2021-12-28 02:24:01,908 [IPC Server handler 19 on default port 12529] INFO  ipc.Server (Server.java:run(1026)) - IPC Server handler 19 on default port 12529: skipped Call#404 Retry#0 org.apache.hadoop.ozone.protocol.StorageContainerDatanodeProtocol.submitRequest from 127.0.0.1:33248
2021-12-28 02:24:01,908 [IPC Server handler 19 on default port 12529] INFO  ipc.Server (Server.java:run(1026)) - IPC Server handler 19 on default port 12529: skipped Call#265 Retry#0 org.apache.hadoop.ozone.protocol.StorageContainerDatanodeProtocol.submitRequest from 127.0.0.1:33058
2021-12-28 02:24:01,909 [IPC Server handler 19 on default port 12529] INFO  ipc.Server (Server.java:run(1026)) - IPC Server handler 19 on default port 12529: skipped Call#335 Retry#0 org.apache.hadoop.ozone.protocol.StorageContainerDatanodeProtocol.submitRequest from 127.0.0.1:33154
2021-12-28 02:24:01,909 [1606c9ac-ae8d-4b60-b668-ad188c7b9b7a@group-780EFEE5BBA3-LeaderElection32] INFO  impl.LeaderElection (LeaderElection.java:logAndReturn(89)) - 1606c9ac-ae8d-4b60-b668-ad188c7b9b7a@group-780EFEE5BBA3-LeaderElection32: ELECTION PASSED received 1 response(s) and 0 exception(s):
2021-12-28 02:24:01,909 [1606c9ac-ae8d-4b60-b668-ad188c7b9b7a@group-780EFEE5BBA3-LeaderElection32] INFO  impl.LeaderElection (LeaderElection.java:logAndReturn(93)) -   Response 0: 1606c9ac-ae8d-4b60-b668-ad188c7b9b7a<-e6ec2fd3-a0c6-4f81-ae90-f7327ac63566#0:OK-t4
2021-12-28 02:24:01,909 [1606c9ac-ae8d-4b60-b668-ad188c7b9b7a@group-780EFEE5BBA3-LeaderElection32] INFO  impl.LeaderElection (LeaderElection.java:askForVotes(308)) - 1606c9ac-ae8d-4b60-b668-ad188c7b9b7a@group-780EFEE5BBA3-LeaderElection32 ELECTION round 0: result PASSED
2021-12-28 02:24:01,909 [1606c9ac-ae8d-4b60-b668-ad188c7b9b7a@group-780EFEE5BBA3-LeaderElection32] INFO  impl.RoleInfo (RoleInfo.java:shutdownLeaderElection(121)) - 1606c9ac-ae8d-4b60-b668-ad188c7b9b7a: shutdown 1606c9ac-ae8d-4b60-b668-ad188c7b9b7a@group-780EFEE5BBA3-LeaderElection32
2021-12-28 02:24:01,910 [1606c9ac-ae8d-4b60-b668-ad188c7b9b7a@group-780EFEE5BBA3-LeaderElection32] INFO  server.RaftServer$Division (RaftServerImpl.java:setRole(290)) - 1606c9ac-ae8d-4b60-b668-ad188c7b9b7a@group-780EFEE5BBA3: changes role from CANDIDATE to LEADER at term 4 for changeToLeader
2021-12-28 02:24:01,910 [1606c9ac-ae8d-4b60-b668-ad188c7b9b7a@group-780EFEE5BBA3-LeaderElection32] INFO  ratis.XceiverServerRatis (XceiverServerRatis.java:handleLeaderChangedNotification(866)) - Leader change notification received for group: group-780EFEE5BBA3 with new leaderId: 1606c9ac-ae8d-4b60-b668-ad188c7b9b7a
2021-12-28 02:24:01,910 [1606c9ac-ae8d-4b60-b668-ad188c7b9b7a@group-780EFEE5BBA3-LeaderElection32] INFO  server.RaftServer$Division (ServerState.java:setLeader(285)) - 1606c9ac-ae8d-4b60-b668-ad188c7b9b7a@group-780EFEE5BBA3: change Leader from null to 1606c9ac-ae8d-4b60-b668-ad188c7b9b7a at term 4 for becomeLeader, leader elected after 20533ms
2021-12-28 02:24:01,910 [1606c9ac-ae8d-4b60-b668-ad188c7b9b7a@group-780EFEE5BBA3-LeaderElection32] INFO  server.RaftServerConfigKeys (ConfUtils.java:logGet(44)) - raft.server.staging.catchup.gap = 1000 (default)
2021-12-28 02:24:01,910 [1606c9ac-ae8d-4b60-b668-ad188c7b9b7a@group-780EFEE5BBA3-LeaderElection32] INFO  server.RaftServerConfigKeys (ConfUtils.java:logGet(44)) - raft.server.write.element-limit = 1024 (custom)
2021-12-28 02:24:01,910 [1606c9ac-ae8d-4b60-b668-ad188c7b9b7a@group-780EFEE5BBA3-LeaderElection32] INFO  server.RaftServerConfigKeys (ConfUtils.java:logGet(44)) - raft.server.write.byte-limit = 1024 M (=1073741824) (custom)
2021-12-28 02:24:01,910 [1606c9ac-ae8d-4b60-b668-ad188c7b9b7a@group-780EFEE5BBA3-LeaderElection32] INFO  server.RaftServerConfigKeys (ConfUtils.java:logGet(44)) - raft.server.watch.timeout = 180s (custom)
2021-12-28 02:24:01,910 [1606c9ac-ae8d-4b60-b668-ad188c7b9b7a@group-780EFEE5BBA3-LeaderElection32] INFO  server.RaftServerConfigKeys (ConfUtils.java:logGet(44)) - raft.server.watch.timeout.denomination = 1s (default)
2021-12-28 02:24:01,911 [1606c9ac-ae8d-4b60-b668-ad188c7b9b7a@group-780EFEE5BBA3-LeaderElection32] INFO  server.RaftServerConfigKeys (ConfUtils.java:logGet(44)) - raft.server.watch.element-limit = 65536 (default)
2021-12-28 02:24:01,911 [1606c9ac-ae8d-4b60-b668-ad188c7b9b7a@group-780EFEE5BBA3-LeaderElection32] INFO  server.RaftServerConfigKeys (ConfUtils.java:logGet(44)) - raft.server.write.element-limit = 1024 (custom)
2021-12-28 02:24:01,911 [1606c9ac-ae8d-4b60-b668-ad188c7b9b7a@group-780EFEE5BBA3-LeaderElection32] INFO  server.RaftServerConfigKeys (ConfUtils.java:logGet(44)) - raft.server.write.follower.gap.ratio.max = -1.0 (default)
2021-12-28 02:24:01,911 [1606c9ac-ae8d-4b60-b668-ad188c7b9b7a@group-780EFEE5BBA3-LeaderElection32] INFO  server.RaftServerConfigKeys (ConfUtils.java:logGet(44)) - raft.server.log.appender.snapshot.chunk.size.max = 16MB (=16777216) (default)
2021-12-28 02:24:01,911 [1606c9ac-ae8d-4b60-b668-ad188c7b9b7a@group-780EFEE5BBA3-LeaderElection32] INFO  server.RaftServerConfigKeys (ConfUtils.java:logGet(44)) - raft.server.log.appender.buffer.byte-limit = 33554432 (custom)
2021-12-28 02:24:01,911 [1606c9ac-ae8d-4b60-b668-ad188c7b9b7a@group-780EFEE5BBA3-LeaderElection32] INFO  server.RaftServerConfigKeys (ConfUtils.java:logGet(44)) - raft.server.log.appender.buffer.element-limit = 1 (custom)
2021-12-28 02:24:01,911 [1606c9ac-ae8d-4b60-b668-ad188c7b9b7a@group-780EFEE5BBA3-LeaderElection32] INFO  grpc.GrpcConfigKeys (ConfUtils.java:logGet(44)) - raft.grpc.server.leader.outstanding.appends.max = 128 (default)
2021-12-28 02:24:01,911 [1606c9ac-ae8d-4b60-b668-ad188c7b9b7a@group-780EFEE5BBA3-LeaderElection32] INFO  server.RaftServerConfigKeys (ConfUtils.java:logGet(44)) - raft.server.rpc.request.timeout = 60s (custom)
2021-12-28 02:24:01,911 [1606c9ac-ae8d-4b60-b668-ad188c7b9b7a@group-780EFEE5BBA3-LeaderElection32] INFO  server.RaftServerConfigKeys (ConfUtils.java:logGet(44)) - raft.server.log.appender.install.snapshot.enabled = false (custom)
2021-12-28 02:24:01,912 [1606c9ac-ae8d-4b60-b668-ad188c7b9b7a@group-780EFEE5BBA3-LeaderElection32] INFO  server.RaftServerConfigKeys (ConfUtils.java:logGet(44)) - raft.server.log.appender.snapshot.chunk.size.max = 16MB (=16777216) (default)
2021-12-28 02:24:01,912 [1606c9ac-ae8d-4b60-b668-ad188c7b9b7a@group-780EFEE5BBA3-LeaderElection32] INFO  server.RaftServerConfigKeys (ConfUtils.java:logGet(44)) - raft.server.log.appender.buffer.byte-limit = 33554432 (custom)
2021-12-28 02:24:01,912 [1606c9ac-ae8d-4b60-b668-ad188c7b9b7a@group-780EFEE5BBA3-LeaderElection32] INFO  server.RaftServerConfigKeys (ConfUtils.java:logGet(44)) - raft.server.log.appender.buffer.element-limit = 1 (custom)
2021-12-28 02:24:01,912 [1606c9ac-ae8d-4b60-b668-ad188c7b9b7a@group-780EFEE5BBA3-LeaderElection32] INFO  grpc.GrpcConfigKeys (ConfUtils.java:logGet(44)) - raft.grpc.server.leader.outstanding.appends.max = 128 (default)
2021-12-28 02:24:01,912 [1606c9ac-ae8d-4b60-b668-ad188c7b9b7a@group-780EFEE5BBA3-LeaderElection32] INFO  server.RaftServerConfigKeys (ConfUtils.java:logGet(44)) - raft.server.rpc.request.timeout = 60s (custom)
2021-12-28 02:24:01,912 [1606c9ac-ae8d-4b60-b668-ad188c7b9b7a@group-780EFEE5BBA3-LeaderElection32] INFO  server.RaftServerConfigKeys (ConfUtils.java:logGet(44)) - raft.server.log.appender.install.snapshot.enabled = false (custom)
2021-12-28 02:24:01,913 [1606c9ac-ae8d-4b60-b668-ad188c7b9b7a@group-780EFEE5BBA3-LeaderElection32] INFO  impl.RoleInfo (RoleInfo.java:updateAndGet(130)) - 1606c9ac-ae8d-4b60-b668-ad188c7b9b7a: start 1606c9ac-ae8d-4b60-b668-ad188c7b9b7a@group-780EFEE5BBA3-LeaderStateImpl
2021-12-28 02:24:01,913 [1606c9ac-ae8d-4b60-b668-ad188c7b9b7a@group-780EFEE5BBA3-LeaderElection32] INFO  segmented.SegmentedRaftLogWorker (SegmentedRaftLogWorker.java:startLogSegment(394)) - 1606c9ac-ae8d-4b60-b668-ad188c7b9b7a@group-780EFEE5BBA3-SegmentedRaftLogWorker: Starting segment from index:0
2021-12-28 02:24:01,914 [IPC Server handler 4 on default port 12529] INFO  ipc.Server (Server.java:run(1026)) - IPC Server handler 4 on default port 12529: skipped Call#369 Retry#0 org.apache.hadoop.ozone.protocol.StorageContainerDatanodeProtocol.submitRequest from 127.0.0.1:33198
2021-12-28 02:24:01,914 [IPC Server handler 4 on default port 12529] INFO  ipc.Server (Server.java:run(1026)) - IPC Server handler 4 on default port 12529: skipped Call#268 Retry#0 org.apache.hadoop.ozone.protocol.StorageContainerDatanodeProtocol.submitRequest from 127.0.0.1:33058
2021-12-28 02:24:01,914 [IPC Server handler 5 on default port 12529] INFO  ipc.Server (Server.java:run(1026)) - IPC Server handler 5 on default port 12529: skipped Call#405 Retry#0 org.apache.hadoop.ozone.protocol.StorageContainerDatanodeProtocol.submitRequest from 127.0.0.1:33248
2021-12-28 02:24:01,914 [IPC Server handler 4 on default port 12529] INFO  ipc.Server (Server.java:run(1026)) - IPC Server handler 4 on default port 12529: skipped Call#333 Retry#0 org.apache.hadoop.ozone.protocol.StorageContainerDatanodeProtocol.submitRequest from 127.0.0.1:33154
2021-12-28 02:24:01,914 [IPC Server handler 4 on default port 12529] INFO  ipc.Server (Server.java:run(1026)) - IPC Server handler 4 on default port 12529: skipped Call#370 Retry#0 org.apache.hadoop.ozone.protocol.StorageContainerDatanodeProtocol.submitRequest from 127.0.0.1:33198
2021-12-28 02:24:01,914 [IPC Server handler 4 on default port 12529] INFO  ipc.Server (Server.java:run(1026)) - IPC Server handler 4 on default port 12529: skipped Call#291 Retry#0 org.apache.hadoop.ozone.protocol.StorageContainerDatanodeProtocol.submitRequest from 127.0.0.1:33108
2021-12-28 02:24:01,915 [IPC Server handler 6 on default port 12529] INFO  ipc.Server (Server.java:run(1026)) - IPC Server handler 6 on default port 12529: skipped Call#406 Retry#0 org.apache.hadoop.ozone.protocol.StorageContainerDatanodeProtocol.submitRequest from 127.0.0.1:33248
2021-12-28 02:24:01,915 [IPC Server handler 1 on default port 12529] INFO  ipc.Server (Server.java:run(1026)) - IPC Server handler 1 on default port 12529: skipped Call#292 Retry#0 org.apache.hadoop.ozone.protocol.StorageContainerDatanodeProtocol.submitRequest from 127.0.0.1:33108
2021-12-28 02:24:01,916 [EndpointStateMachine task thread for /127.0.0.1:12529 - 0 ] INFO  ozoneimpl.OzoneContainer (OzoneContainer.java:start(311)) - Ignore. OzoneContainer already started.
2021-12-28 02:24:01,916 [grpc-default-executor-0] INFO  server.RaftServer$Division (RaftServerImpl.java:requestVote(1078)) - d44b9b66-006b-4516-8682-2587942b100c@group-780EFEE5BBA3 replies to ELECTION vote request: 1606c9ac-ae8d-4b60-b668-ad188c7b9b7a<-d44b9b66-006b-4516-8682-2587942b100c#0:OK-t4. Peer's state: d44b9b66-006b-4516-8682-2587942b100c@group-780EFEE5BBA3:t4, leader=null, voted=1606c9ac-ae8d-4b60-b668-ad188c7b9b7a, raftlog=d44b9b66-006b-4516-8682-2587942b100c@group-780EFEE5BBA3-SegmentedRaftLog:OPENED:c-1, conf=-1: [e6ec2fd3-a0c6-4f81-ae90-f7327ac63566|rpc:127.0.0.1:38023|dataStream:|priority:0, 1606c9ac-ae8d-4b60-b668-ad188c7b9b7a|rpc:127.0.0.1:44611|dataStream:|priority:1, d44b9b66-006b-4516-8682-2587942b100c|rpc:127.0.0.1:38031|dataStream:|priority:0], old=null
2021-12-28 02:24:01,920 [EventQueue-PipelineReportForPipelineReportHandler] INFO  pipeline.PipelineManagerImpl (PipelineManagerImpl.java:openPipeline(291)) - Pipeline Pipeline[ Id: 8b8acd11-3b83-4fdc-8c9a-780efee5bba3, Nodes: 1606c9ac-ae8d-4b60-b668-ad188c7b9b7a{ip: 127.0.0.1, host: localhost, ports: [REPLICATION=37827, RATIS=44611, RATIS_ADMIN=44611, RATIS_SERVER=44611, STANDALONE=42257], networkLocation: /default-rack, certSerialId: null, persistedOpState: IN_SERVICE, persistedOpStateExpiryEpochSec: 0}d44b9b66-006b-4516-8682-2587942b100c{ip: 127.0.0.1, host: localhost, ports: [REPLICATION=43305, RATIS=38031, RATIS_ADMIN=38031, RATIS_SERVER=38031, STANDALONE=41001], networkLocation: /default-rack, certSerialId: null, persistedOpState: IN_SERVICE, persistedOpStateExpiryEpochSec: 0}e6ec2fd3-a0c6-4f81-ae90-f7327ac63566{ip: 127.0.0.1, host: localhost, ports: [REPLICATION=36711, RATIS=38023, RATIS_ADMIN=38023, RATIS_SERVER=38023, STANDALONE=42321], networkLocation: /default-rack, certSerialId: null, persistedOpState: IN_SERVICE, persistedOpStateExpiryEpochSec: 0}, ReplicationConfig: RATIS/THREE, State:ALLOCATED, leaderId:1606c9ac-ae8d-4b60-b668-ad188c7b9b7a, CreationTimestamp2021-12-28T02:23:38.961Z[Etc/UTC]] moved to OPEN state
2021-12-28 02:24:01,920 [EventQueue-PipelineReportForPipelineReportHandler] INFO  ha.SCMHAInvocationHandler (SCMHAInvocationHandler.java:invokeRatis(113)) - Invoking method public abstract void org.apache.hadoop.hdds.scm.pipeline.PipelineStateManager.updatePipelineState(org.apache.hadoop.hdds.protocol.proto.HddsProtos$PipelineID,org.apache.hadoop.hdds.protocol.proto.HddsProtos$PipelineState) throws java.io.IOException on target org.apache.hadoop.hdds.scm.ha.SCMRatisServerImpl@6103a56a, cost 234.402us
2021-12-28 02:24:01,921 [EventQueue-OpenPipelineForHealthyPipelineSafeModeRule] INFO  safemode.SCMSafeModeManager (HealthyPipelineSafeModeRule.java:process(124)) - SCM in safe mode. Healthy pipelines reported count is 1, required healthy pipeline reported count is 1
2021-12-28 02:24:01,921 [EventQueue-OpenPipelineForHealthyPipelineSafeModeRule] INFO  safemode.SCMSafeModeManager (SCMSafeModeManager.java:validateSafeModeExitRules(204)) - HealthyPipelineSafeModeRule rule is successfully validated
2021-12-28 02:24:01,921 [EventQueue-OpenPipelineForHealthyPipelineSafeModeRule] INFO  safemode.SCMSafeModeManager (SCMSafeModeManager.java:validateSafeModeExitRules(219)) - ScmSafeModeManager, all rules are successfully validated
2021-12-28 02:24:01,921 [EventQueue-OpenPipelineForHealthyPipelineSafeModeRule] INFO  safemode.SCMSafeModeManager (SCMSafeModeManager.java:exitSafeMode(248)) - SCM exiting safe mode.
2021-12-28 02:24:01,921 [EventQueue-OpenPipelineForHealthyPipelineSafeModeRule] WARN  events.EventQueue (EventQueue.java:fireEvent(194)) - No event handler registered for event TypedEvent{payloadType=SafeModeStatus, name='Safe mode status'}
2021-12-28 02:24:01,921 [EventQueue-OpenPipelineForHealthyPipelineSafeModeRule] INFO  ha.SCMContext (SCMContext.java:updateSafeModeStatus(211)) - Update SafeModeStatus from SafeModeStatus{safeModeStatus=true, preCheckPassed=true} to SafeModeStatus{safeModeStatus=false, preCheckPassed=true}.
2021-12-28 02:24:01,921 [EventQueue-PipelineReportForPipelineReportHandler] INFO  pipeline.PipelineManagerImpl (PipelineManagerImpl.java:openPipeline(291)) - Pipeline Pipeline[ Id: 8b8acd11-3b83-4fdc-8c9a-780efee5bba3, Nodes: 1606c9ac-ae8d-4b60-b668-ad188c7b9b7a{ip: 127.0.0.1, host: localhost, ports: [REPLICATION=37827, RATIS=44611, RATIS_ADMIN=44611, RATIS_SERVER=44611, STANDALONE=42257], networkLocation: /default-rack, certSerialId: null, persistedOpState: IN_SERVICE, persistedOpStateExpiryEpochSec: 0}d44b9b66-006b-4516-8682-2587942b100c{ip: 127.0.0.1, host: localhost, ports: [REPLICATION=43305, RATIS=38031, RATIS_ADMIN=38031, RATIS_SERVER=38031, STANDALONE=41001], networkLocation: /default-rack, certSerialId: null, persistedOpState: IN_SERVICE, persistedOpStateExpiryEpochSec: 0}e6ec2fd3-a0c6-4f81-ae90-f7327ac63566{ip: 127.0.0.1, host: localhost, ports: [REPLICATION=36711, RATIS=38023, RATIS_ADMIN=38023, RATIS_SERVER=38023, STANDALONE=42321], networkLocation: /default-rack, certSerialId: null, persistedOpState: IN_SERVICE, persistedOpStateExpiryEpochSec: 0}, ReplicationConfig: RATIS/THREE, State:ALLOCATED, leaderId:1606c9ac-ae8d-4b60-b668-ad188c7b9b7a, CreationTimestamp2021-12-28T02:23:38.961Z[Etc/UTC]] moved to OPEN state
2021-12-28 02:24:01,923 [IPC Server handler 2 on default port 12529] WARN  ipc.Server (Server.java:processResponse(1717)) - IPC Server handler 2 on default port 12529, call Call#334 Retry#0 org.apache.hadoop.ozone.protocol.StorageContainerDatanodeProtocol.submitRequest from 127.0.0.1:33154: output error
2021-12-28 02:24:01,923 [IPC Server handler 0 on default port 12529] WARN  ipc.Server (Server.java:processResponse(1717)) - IPC Server handler 0 on default port 12529, call Call#262 Retry#0 org.apache.hadoop.ozone.protocol.StorageContainerDatanodeProtocol.submitRequest from 127.0.0.1:33058: output error
2021-12-28 02:24:01,923 [IPC Server handler 2 on default port 12529] INFO  ipc.Server (Server.java:run(2979)) - IPC Server handler 2 on default port 12529 caught an exception
java.nio.channels.ClosedChannelException
	at sun.nio.ch.SocketChannelImpl.ensureWriteOpen(SocketChannelImpl.java:269)
	at sun.nio.ch.SocketChannelImpl.write(SocketChannelImpl.java:460)
	at org.apache.hadoop.ipc.Server.channelWrite(Server.java:3605)
	at org.apache.hadoop.ipc.Server.access$1700(Server.java:141)
	at org.apache.hadoop.ipc.Server$Responder.processResponse(Server.java:1667)
	at org.apache.hadoop.ipc.Server$Responder.doRespond(Server.java:1737)
	at org.apache.hadoop.ipc.Server$Connection.sendResponse(Server.java:2837)
	at org.apache.hadoop.ipc.Server$Connection.access$300(Server.java:1809)
	at org.apache.hadoop.ipc.Server$RpcCall.doResponse(Server.java:1117)
	at org.apache.hadoop.ipc.Server$Call.doResponse(Server.java:909)
	at org.apache.hadoop.ipc.Server$Call.sendResponse(Server.java:895)
	at org.apache.hadoop.ipc.Server$RpcCall.run(Server.java:1052)
	at org.apache.hadoop.ipc.Server$RpcCall.run(Server.java:963)
	at java.security.AccessController.doPrivileged(Native Method)
	at javax.security.auth.Subject.doAs(Subject.java:422)
	at org.apache.hadoop.security.UserGroupInformation.doAs(UserGroupInformation.java:1878)
	at org.apache.hadoop.ipc.Server$Handler.run(Server.java:2966)
2021-12-28 02:24:01,923 [IPC Server handler 0 on default port 12529] INFO  ipc.Server (Server.java:run(2979)) - IPC Server handler 0 on default port 12529 caught an exception
java.nio.channels.ClosedChannelException
	at sun.nio.ch.SocketChannelImpl.ensureWriteOpen(SocketChannelImpl.java:269)
	at sun.nio.ch.SocketChannelImpl.write(SocketChannelImpl.java:460)
	at org.apache.hadoop.ipc.Server.channelWrite(Server.java:3605)
	at org.apache.hadoop.ipc.Server.access$1700(Server.java:141)
	at org.apache.hadoop.ipc.Server$Responder.processResponse(Server.java:1667)
	at org.apache.hadoop.ipc.Server$Responder.doRespond(Server.java:1737)
	at org.apache.hadoop.ipc.Server$Connection.sendResponse(Server.java:2837)
	at org.apache.hadoop.ipc.Server$Connection.access$300(Server.java:1809)
	at org.apache.hadoop.ipc.Server$RpcCall.doResponse(Server.java:1117)
	at org.apache.hadoop.ipc.Server$Call.doResponse(Server.java:909)
	at org.apache.hadoop.ipc.Server$Call.sendResponse(Server.java:895)
	at org.apache.hadoop.ipc.Server$RpcCall.run(Server.java:1052)
	at org.apache.hadoop.ipc.Server$RpcCall.run(Server.java:963)
	at java.security.AccessController.doPrivileged(Native Method)
	at javax.security.auth.Subject.doAs(Subject.java:422)
	at org.apache.hadoop.security.UserGroupInformation.doAs(UserGroupInformation.java:1878)
	at org.apache.hadoop.ipc.Server$Handler.run(Server.java:2966)
2021-12-28 02:24:01,925 [1606c9ac-ae8d-4b60-b668-ad188c7b9b7a@group-780EFEE5BBA3-SegmentedRaftLogWorker] INFO  segmented.SegmentedRaftLogWorker (SegmentedRaftLogWorker.java:execute(601)) - 1606c9ac-ae8d-4b60-b668-ad188c7b9b7a@group-780EFEE5BBA3-SegmentedRaftLogWorker: created new log segment /home/runner/work/ozone/ozone/hadoop-ozone/integration-test/target/test-dir/MiniOzoneClusterImpl-b5c7e046-d456-4649-9d8a-956fe40c5cb7/datanode-1/data/ratis/8b8acd11-3b83-4fdc-8c9a-780efee5bba3/current/log_inprogress_0
2021-12-28 02:24:01,931 [Listener at 127.0.0.1/13852] INFO  db.RDBCheckpointManager (RDBCheckpointManager.java:createCheckpoint(86)) - Created checkpoint at /home/runner/work/ozone/ozone/hadoop-ozone/integration-test/target/test-dir/MiniOzoneClusterImpl-b5c7e046-d456-4649-9d8a-956fe40c5cb7/scmNode-1/db.checkpoints/scm.db_checkpoint_1640658241907 in 24 milliseconds
2021-12-28 02:24:01,939 [EndpointStateMachine task thread for /127.0.0.1:12529 - 0 ] INFO  ozoneimpl.OzoneContainer (OzoneContainer.java:start(311)) - Ignore. OzoneContainer already started.
2021-12-28 02:24:01,942 [EndpointStateMachine task thread for /127.0.0.1:12529 - 0 ] INFO  ozoneimpl.OzoneContainer (OzoneContainer.java:start(311)) - Ignore. OzoneContainer already started.
2021-12-28 02:24:01,955 [1606c9ac-ae8d-4b60-b668-ad188c7b9b7a@group-780EFEE5BBA3-LeaderElection32] INFO  server.RaftServer$Division (ServerState.java:setRaftConf(387)) - 1606c9ac-ae8d-4b60-b668-ad188c7b9b7a@group-780EFEE5BBA3: set configuration 0: [e6ec2fd3-a0c6-4f81-ae90-f7327ac63566|rpc:127.0.0.1:38023|dataStream:|priority:0, 1606c9ac-ae8d-4b60-b668-ad188c7b9b7a|rpc:127.0.0.1:44611|dataStream:|priority:1, d44b9b66-006b-4516-8682-2587942b100c|rpc:127.0.0.1:38031|dataStream:|priority:0], old=null
2021-12-28 02:24:01,962 [efeceff2-b5a5-497a-a96d-e28250e5a95d@group-956FE40C5CB7-StateMachineUpdater] INFO  ha.SCMStateMachine (SCMStateMachine.java:takeSnapshot(297)) - Current Snapshot Index 28, takeSnapshot took 0 ms
2021-12-28 02:24:01,962 [efeceff2-b5a5-497a-a96d-e28250e5a95d@group-956FE40C5CB7-StateMachineUpdater] INFO  impl.StateMachineUpdater (StateMachineUpdater.java:takeSnapshot(281)) - efeceff2-b5a5-497a-a96d-e28250e5a95d@group-956FE40C5CB7-StateMachineUpdater: Took a snapshot at index 28
2021-12-28 02:24:01,962 [efeceff2-b5a5-497a-a96d-e28250e5a95d@group-956FE40C5CB7-StateMachineUpdater] INFO  impl.StateMachineUpdater (StateMachineUpdater.java:lambda$new$0(89)) - efeceff2-b5a5-497a-a96d-e28250e5a95d@group-956FE40C5CB7-StateMachineUpdater: snapshotIndex: updateIncreasingly 23 -> 28
2021-12-28 02:24:01,962 [efeceff2-b5a5-497a-a96d-e28250e5a95d@group-956FE40C5CB7-StateMachineUpdater] INFO  raftlog.RaftLog (RaftLogBase.java:purge(306)) - efeceff2-b5a5-497a-a96d-e28250e5a95d@group-956FE40C5CB7-SegmentedRaftLog: purge 28
2021-12-28 02:24:01,962 [efeceff2-b5a5-497a-a96d-e28250e5a95d@group-956FE40C5CB7-StateMachineUpdater] INFO  raftlog.RaftLog (RaftLogBase.java:lambda$new$0(53)) - efeceff2-b5a5-497a-a96d-e28250e5a95d@group-956FE40C5CB7-SegmentedRaftLog: snapshotIndex: updateIncreasingly 23 -> 28
2021-12-28 02:24:01,962 [efeceff2-b5a5-497a-a96d-e28250e5a95d@group-956FE40C5CB7-StateMachineUpdater] INFO  raftlog.RaftLog (RaftLogBase.java:lambda$new$0(53)) - efeceff2-b5a5-497a-a96d-e28250e5a95d@group-956FE40C5CB7-SegmentedRaftLog: purgeIndex: updateToMax old=23, new=28, updated? true
2021-12-28 02:24:01,966 [EventQueue-PipelineReportForPipelineReportHandler] INFO  ha.SCMHAInvocationHandler (SCMHAInvocationHandler.java:invokeRatis(113)) - Invoking method public abstract void org.apache.hadoop.hdds.scm.pipeline.PipelineStateManager.updatePipelineState(org.apache.hadoop.hdds.protocol.proto.HddsProtos$PipelineID,org.apache.hadoop.hdds.protocol.proto.HddsProtos$PipelineState) throws java.io.IOException on target org.apache.hadoop.hdds.scm.ha.SCMRatisServerImpl@3131dcab, cost 44578.865us
2021-12-28 02:24:01,967 [d3859da6-2e6e-4bb4-8c1a-e0036f112fd7@group-956FE40C5CB7-StateMachineUpdater] ERROR impl.StateMachineUpdater (StateMachineUpdater.java:run(191)) - d3859da6-2e6e-4bb4-8c1a-e0036f112fd7@group-956FE40C5CB7-StateMachineUpdater caught a Throwable.
java.lang.IllegalStateException: d3859da6-2e6e-4bb4-8c1a-e0036f112fd7: Failed updateLastAppliedTermIndex: newTI = (t:2, i:28) < oldTI = (t:2, i:128)
	at org.apache.ratis.util.Preconditions.assertTrue(Preconditions.java:72)
	at org.apache.ratis.statemachine.impl.BaseStateMachine.updateLastAppliedTermIndex(BaseStateMachine.java:142)
	at org.apache.hadoop.hdds.scm.ha.SCMStateMachine.notifyTermIndexUpdated(SCMStateMachine.java:310)
	at org.apache.ratis.server.impl.RaftServerImpl.applyLogToStateMachine(RaftServerImpl.java:1701)
	at org.apache.ratis.server.impl.StateMachineUpdater.applyLog(StateMachineUpdater.java:234)
	at org.apache.ratis.server.impl.StateMachineUpdater.run(StateMachineUpdater.java:179)
	at java.lang.Thread.run(Thread.java:748)
2021-12-28 02:24:01,967 [d3859da6-2e6e-4bb4-8c1a-e0036f112fd7@group-956FE40C5CB7-StateMachineUpdater] INFO  server.RaftServer$Division (RaftServerImpl.java:lambda$close$4(412)) - d3859da6-2e6e-4bb4-8c1a-e0036f112fd7@group-956FE40C5CB7: shutdown
2021-12-28 02:24:01,967 [d3859da6-2e6e-4bb4-8c1a-e0036f112fd7@group-956FE40C5CB7-StateMachineUpdater] INFO  util.JmxRegister (JmxRegister.java:unregister(73)) - Successfully un-registered JMX Bean with object name Ratis:service=RaftServer,group=group-956FE40C5CB7,id=d3859da6-2e6e-4bb4-8c1a-e0036f112fd7
2021-12-28 02:24:01,967 [d3859da6-2e6e-4bb4-8c1a-e0036f112fd7@group-956FE40C5CB7-StateMachineUpdater] INFO  impl.RoleInfo (RoleInfo.java:shutdownFollowerState(108)) - d3859da6-2e6e-4bb4-8c1a-e0036f112fd7: shutdown d3859da6-2e6e-4bb4-8c1a-e0036f112fd7@group-956FE40C5CB7-FollowerState
2021-12-28 02:24:01,968 [d3859da6-2e6e-4bb4-8c1a-e0036f112fd7@group-956FE40C5CB7-FollowerState] INFO  impl.FollowerState (FollowerState.java:run(143)) - d3859da6-2e6e-4bb4-8c1a-e0036f112fd7@group-956FE40C5CB7-FollowerState was interrupted: {}
java.lang.InterruptedException: sleep interrupted
	at java.lang.Thread.sleep(Native Method)
	at java.lang.Thread.sleep(Thread.java:340)
	at java.util.concurrent.TimeUnit.sleep(TimeUnit.java:386)
	at org.apache.ratis.util.TimeDuration.sleep(TimeDuration.java:324)
	at org.apache.ratis.util.TimeDuration.sleep(TimeDuration.java:309)
	at org.apache.ratis.server.impl.FollowerState.run(FollowerState.java:118)
2021-12-28 02:24:01,978 [grpc-default-executor-1] INFO  ratis.XceiverServerRatis (XceiverServerRatis.java:handleLeaderChangedNotification(866)) - Leader change notification received for group: group-780EFEE5BBA3 with new leaderId: 1606c9ac-ae8d-4b60-b668-ad188c7b9b7a
2021-12-28 02:24:01,978 [grpc-default-executor-1] INFO  server.RaftServer$Division (ServerState.java:setLeader(285)) - e6ec2fd3-a0c6-4f81-ae90-f7327ac63566@group-780EFEE5BBA3: change Leader from null to 1606c9ac-ae8d-4b60-b668-ad188c7b9b7a at term 4 for appendEntries, leader elected after 20647ms
2021-12-28 02:24:01,979 [grpc-default-executor-2] INFO  ratis.XceiverServerRatis (XceiverServerRatis.java:handleLeaderChangedNotification(866)) - Leader change notification received for group: group-780EFEE5BBA3 with new leaderId: 1606c9ac-ae8d-4b60-b668-ad188c7b9b7a
2021-12-28 02:24:01,979 [grpc-default-executor-2] INFO  server.RaftServer$Division (ServerState.java:setLeader(285)) - d44b9b66-006b-4516-8682-2587942b100c@group-780EFEE5BBA3: change Leader from null to 1606c9ac-ae8d-4b60-b668-ad188c7b9b7a at term 4 for appendEntries, leader elected after 20530ms
2021-12-28 02:24:01,980 [d3859da6-2e6e-4bb4-8c1a-e0036f112fd7@group-956FE40C5CB7-StateMachineUpdater] INFO  server.RaftServer$Division (ServerState.java:close(419)) - d3859da6-2e6e-4bb4-8c1a-e0036f112fd7@group-956FE40C5CB7: closes. applyIndex: 28
2021-12-28 02:24:01,981 [grpc-default-executor-2] INFO  server.RaftServer$Division (ServerState.java:setRaftConf(387)) - d44b9b66-006b-4516-8682-2587942b100c@group-780EFEE5BBA3: set configuration 0: [e6ec2fd3-a0c6-4f81-ae90-f7327ac63566|rpc:127.0.0.1:38023|dataStream:|priority:0, 1606c9ac-ae8d-4b60-b668-ad188c7b9b7a|rpc:127.0.0.1:44611|dataStream:|priority:1, d44b9b66-006b-4516-8682-2587942b100c|rpc:127.0.0.1:38031|dataStream:|priority:0], old=null
2021-12-28 02:24:01,981 [grpc-default-executor-2] INFO  segmented.SegmentedRaftLogWorker (SegmentedRaftLogWorker.java:startLogSegment(394)) - d44b9b66-006b-4516-8682-2587942b100c@group-780EFEE5BBA3-SegmentedRaftLogWorker: Starting segment from index:0
2021-12-28 02:24:01,988 [85b08ac6-0f6d-42de-94fb-508f7dc90a3f@group-956FE40C5CB7-StateMachineUpdater] INFO  ha.SCMStateMachine (SCMStateMachine.java:takeSnapshot(297)) - Current Snapshot Index 30, takeSnapshot took 5 ms
2021-12-28 02:24:01,988 [85b08ac6-0f6d-42de-94fb-508f7dc90a3f@group-956FE40C5CB7-StateMachineUpdater] INFO  impl.StateMachineUpdater (StateMachineUpdater.java:takeSnapshot(281)) - 85b08ac6-0f6d-42de-94fb-508f7dc90a3f@group-956FE40C5CB7-StateMachineUpdater: Took a snapshot at index 30
2021-12-28 02:24:01,988 [85b08ac6-0f6d-42de-94fb-508f7dc90a3f@group-956FE40C5CB7-StateMachineUpdater] INFO  impl.StateMachineUpdater (StateMachineUpdater.java:lambda$new$0(89)) - 85b08ac6-0f6d-42de-94fb-508f7dc90a3f@group-956FE40C5CB7-StateMachineUpdater: snapshotIndex: updateIncreasingly 25 -> 30
2021-12-28 02:24:01,988 [85b08ac6-0f6d-42de-94fb-508f7dc90a3f@group-956FE40C5CB7-StateMachineUpdater] INFO  raftlog.RaftLog (RaftLogBase.java:purge(306)) - 85b08ac6-0f6d-42de-94fb-508f7dc90a3f@group-956FE40C5CB7-SegmentedRaftLog: purge 30
2021-12-28 02:24:01,988 [85b08ac6-0f6d-42de-94fb-508f7dc90a3f@group-956FE40C5CB7-StateMachineUpdater] INFO  raftlog.RaftLog (RaftLogBase.java:lambda$new$0(53)) - 85b08ac6-0f6d-42de-94fb-508f7dc90a3f@group-956FE40C5CB7-SegmentedRaftLog: snapshotIndex: updateIncreasingly 25 -> 30
2021-12-28 02:24:01,989 [85b08ac6-0f6d-42de-94fb-508f7dc90a3f@group-956FE40C5CB7-StateMachineUpdater] INFO  raftlog.RaftLog (RaftLogBase.java:lambda$new$0(53)) - 85b08ac6-0f6d-42de-94fb-508f7dc90a3f@group-956FE40C5CB7-SegmentedRaftLog: purgeIndex: updateToMax old=25, new=30, updated? true
2021-12-28 02:24:01,998 [d3859da6-2e6e-4bb4-8c1a-e0036f112fd7@group-956FE40C5CB7-SegmentedRaftLogWorker] INFO  segmented.SegmentedRaftLogWorker (SegmentedRaftLogWorker.java:run(327)) - d3859da6-2e6e-4bb4-8c1a-e0036f112fd7@group-956FE40C5CB7-SegmentedRaftLogWorker was interrupted, exiting. There are 0 tasks remaining in the queue.
2021-12-28 02:24:02,003 [d44b9b66-006b-4516-8682-2587942b100c@group-780EFEE5BBA3-SegmentedRaftLogWorker] INFO  segmented.SegmentedRaftLogWorker (SegmentedRaftLogWorker.java:execute(601)) - d44b9b66-006b-4516-8682-2587942b100c@group-780EFEE5BBA3-SegmentedRaftLogWorker: created new log segment /home/runner/work/ozone/ozone/hadoop-ozone/integration-test/target/test-dir/MiniOzoneClusterImpl-b5c7e046-d456-4649-9d8a-956fe40c5cb7/datanode-2/data/ratis/8b8acd11-3b83-4fdc-8c9a-780efee5bba3/current/log_inprogress_0
2021-12-28 02:24:02,004 [d3859da6-2e6e-4bb4-8c1a-e0036f112fd7@group-956FE40C5CB7-StateMachineUpdater] INFO  segmented.SegmentedRaftLogWorker (SegmentedRaftLogWorker.java:close(237)) - d3859da6-2e6e-4bb4-8c1a-e0036f112fd7@group-956FE40C5CB7-SegmentedRaftLogWorker close()
2021-12-28 02:24:02,007 [EndpointStateMachine task thread for /127.0.0.1:13537 - 0 ] INFO  ipc.Client (Client.java:handleConnectionFailure(977)) - Retrying connect to server: localhost/127.0.0.1:13537. Already tried 7 time(s); retry policy is RetryUpToMaximumCountWithFixedSleep(maxRetries=15, sleepTime=1000 MILLISECONDS)
2021-12-28 02:24:02,008 [grpc-default-executor-2] INFO  server.RaftServer$Division (ServerState.java:setRaftConf(387)) - e6ec2fd3-a0c6-4f81-ae90-f7327ac63566@group-780EFEE5BBA3: set configuration 0: [e6ec2fd3-a0c6-4f81-ae90-f7327ac63566|rpc:127.0.0.1:38023|dataStream:|priority:0, 1606c9ac-ae8d-4b60-b668-ad188c7b9b7a|rpc:127.0.0.1:44611|dataStream:|priority:1, d44b9b66-006b-4516-8682-2587942b100c|rpc:127.0.0.1:38031|dataStream:|priority:0], old=null
2021-12-28 02:24:02,009 [EndpointStateMachine task thread for /127.0.0.1:13527 - 0 ] INFO  ipc.Client (Client.java:handleConnectionFailure(977)) - Retrying connect to server: localhost/127.0.0.1:13527. Already tried 7 time(s); retry policy is RetryUpToMaximumCountWithFixedSleep(maxRetries=15, sleepTime=1000 MILLISECONDS)
2021-12-28 02:24:02,009 [grpc-default-executor-2] INFO  segmented.SegmentedRaftLogWorker (SegmentedRaftLogWorker.java:startLogSegment(394)) - e6ec2fd3-a0c6-4f81-ae90-f7327ac63566@group-780EFEE5BBA3-SegmentedRaftLogWorker: Starting segment from index:0
2021-12-28 02:24:02,012 [e6ec2fd3-a0c6-4f81-ae90-f7327ac63566@group-780EFEE5BBA3-SegmentedRaftLogWorker] INFO  segmented.SegmentedRaftLogWorker (SegmentedRaftLogWorker.java:execute(601)) - e6ec2fd3-a0c6-4f81-ae90-f7327ac63566@group-780EFEE5BBA3-SegmentedRaftLogWorker: created new log segment /home/runner/work/ozone/ozone/hadoop-ozone/integration-test/target/test-dir/MiniOzoneClusterImpl-b5c7e046-d456-4649-9d8a-956fe40c5cb7/datanode-0/data/ratis/8b8acd11-3b83-4fdc-8c9a-780efee5bba3/current/log_inprogress_0
2021-12-28 02:24:02,018 [EndpointStateMachine task thread for /127.0.0.1:13517 - 0 ] INFO  ipc.Client (Client.java:handleConnectionFailure(977)) - Retrying connect to server: localhost/127.0.0.1:13517. Already tried 7 time(s); retry policy is RetryUpToMaximumCountWithFixedSleep(maxRetries=15, sleepTime=1000 MILLISECONDS)
2021-12-28 02:24:02,020 [Listener at 127.0.0.1/13852] INFO  ha.SCMHAManagerImpl (SCMHAManagerImpl.java:installCheckpoint(227)) - Installing checkpoint with SCMTransactionInfo 2#25
2021-12-28 02:24:02,020 [Listener at 127.0.0.1/13852] WARN  ha.SCMHAManagerImpl (SCMHAManagerImpl.java:installCheckpoint(240)) - Cannot proceed with InstallSnapshot as SCM is at TermIndex (t:2, i:28) and checkpoint has lower TermIndex (t:2, i:25). Reloading old state of SCM.
2021-12-28 02:24:02,027 [Listener at 127.0.0.1/13852] INFO  ozone.MiniOzoneClusterImpl (MiniOzoneClusterImpl.java:shutdown(453)) - Shutting down the Mini Ozone Cluster
2021-12-28 02:24:02,028 [Listener at 127.0.0.1/13852] INFO  ozone.MiniOzoneHAClusterImpl (MiniOzoneHAClusterImpl.java:stop(316)) - Stopping the OzoneManager omNode-1
2021-12-28 02:24:02,035 [Listener at 127.0.0.1/13852] INFO  om.OzoneManager (OzoneManager.java:stop(1893)) - omNode-1[localhost:13852]: Stopping Ozone Manager
2021-12-28 02:24:02,035 [Listener at 127.0.0.1/13852] INFO  ipc.Server (Server.java:stop(3414)) - Stopping server on 13852
2021-12-28 02:24:02,041 [IPC Server listener on 13852] INFO  ipc.Server (Server.java:run(1376)) - Stopping IPC Server listener on 13852
2021-12-28 02:24:02,042 [IPC Server Responder] INFO  ipc.Server (Server.java:run(1512)) - Stopping IPC Server Responder
2021-12-28 02:24:02,042 [Listener at 127.0.0.1/13852] INFO  server.RaftServer (RaftServerProxy.java:lambda$close$6(391)) - omNode-1: close
2021-12-28 02:24:02,042 [Listener at 127.0.0.1/13852] INFO  server.RaftServer$Division (RaftServerImpl.java:lambda$close$4(412)) - omNode-1@group-523986131536: shutdown
2021-12-28 02:24:02,043 [Listener at 127.0.0.1/13852] INFO  util.JmxRegister (JmxRegister.java:unregister(73)) - Successfully un-registered JMX Bean with object name Ratis:service=RaftServer,group=group-523986131536,id=omNode-1
2021-12-28 02:24:02,043 [Listener at 127.0.0.1/13852] INFO  impl.RoleInfo (RoleInfo.java:shutdownLeaderState(91)) - omNode-1: shutdown omNode-1@group-523986131536-LeaderStateImpl
2021-12-28 02:24:02,043 [Listener at 127.0.0.1/13852] INFO  impl.PendingRequests (PendingRequests.java:sendNotLeaderResponses(282)) - omNode-1@group-523986131536-PendingRequests: sendNotLeaderResponses
2021-12-28 02:24:02,044 [omNode-1@group-523986131536-StateMachineUpdater] INFO  ratis.OzoneManagerStateMachine (OzoneManagerStateMachine.java:takeSnapshot(417)) - Current Snapshot Index (t:1, i:0)
2021-12-28 02:24:02,044 [omNode-1@group-523986131536-StateMachineUpdater] INFO  impl.StateMachineUpdater (StateMachineUpdater.java:takeSnapshot(281)) - omNode-1@group-523986131536-StateMachineUpdater: Took a snapshot at index 0
2021-12-28 02:24:02,044 [omNode-1@group-523986131536-StateMachineUpdater] INFO  impl.StateMachineUpdater (StateMachineUpdater.java:lambda$new$0(89)) - omNode-1@group-523986131536-StateMachineUpdater: snapshotIndex: updateIncreasingly -1 -> 0
2021-12-28 02:24:02,044 [omNode-1@group-523986131536-StateMachineUpdater] INFO  ratis.OzoneManagerStateMachine (OzoneManagerStateMachine.java:close(471)) - StateMachine has shutdown. Shutdown OzoneManager if not already shutdown.
2021-12-28 02:24:02,044 [Listener at 127.0.0.1/13852] INFO  impl.StateMachineUpdater (StateMachineUpdater.java:stopAndJoin(149)) - omNode-1@group-523986131536-StateMachineUpdater: set stopIndex = 0
2021-12-28 02:24:02,045 [Listener at 127.0.0.1/13852] INFO  server.RaftServer$Division (ServerState.java:close(419)) - omNode-1@group-523986131536: closes. applyIndex: 0
2021-12-28 02:24:02,045 [omNode-1@group-523986131536-SegmentedRaftLogWorker] INFO  segmented.SegmentedRaftLogWorker (SegmentedRaftLogWorker.java:run(327)) - omNode-1@group-523986131536-SegmentedRaftLogWorker was interrupted, exiting. There are 0 tasks remaining in the queue.
2021-12-28 02:24:02,054 [Listener at 127.0.0.1/13852] INFO  segmented.SegmentedRaftLogWorker (SegmentedRaftLogWorker.java:close(237)) - omNode-1@group-523986131536-SegmentedRaftLogWorker close()
2021-12-28 02:24:02,056 [Listener at 127.0.0.1/13852] INFO  server.GrpcService (GrpcService.java:closeImpl(262)) - omNode-1: shutdown server with port 13856 now
2021-12-28 02:24:02,066 [Listener at 127.0.0.1/13852] INFO  server.GrpcService (GrpcService.java:closeImpl(271)) - omNode-1: shutdown server with port 13856 successfully
2021-12-28 02:24:02,066 [org.apache.ratis.util.JvmPauseMonitor$$Lambda$499/2075133112@3a23241e] INFO  util.JvmPauseMonitor (JvmPauseMonitor.java:run(109)) - JvmPauseMonitor-omNode-1: Stopped
2021-12-28 02:24:02,067 [Listener at 127.0.0.1/13852] INFO  ratis.OzoneManagerDoubleBuffer (OzoneManagerDoubleBuffer.java:stop(437)) - Stopping OMDoubleBuffer flush thread
2021-12-28 02:24:02,067 [OMDoubleBufferFlushThread] INFO  ratis.OzoneManagerDoubleBuffer (OzoneManagerDoubleBuffer.java:flushTransactions(356)) - OMDoubleBuffer flush thread OMDoubleBufferFlushThread is interrupted and will exit. OMDoubleBufferFlushThread
2021-12-28 02:24:02,075 [IPC Server handler 7 on default port 12529] INFO  net.NetworkTopologyImpl (NetworkTopologyImpl.java:add(112)) - Added a new node: /default-rack/e6ec2fd3-a0c6-4f81-ae90-f7327ac63566
2021-12-28 02:24:02,076 [IPC Server handler 7 on default port 12529] INFO  node.SCMNodeManager (SCMNodeManager.java:register(389)) - Registered Data node : e6ec2fd3-a0c6-4f81-ae90-f7327ac63566{ip: 127.0.0.1, host: localhost, ports: [REPLICATION=36711, RATIS=38023, RATIS_ADMIN=38023, RATIS_SERVER=38023, STANDALONE=42321], networkLocation: /default-rack, certSerialId: null, persistedOpState: null, persistedOpStateExpiryEpochSec: 0}
2021-12-28 02:24:02,080 [Listener at 127.0.0.1/13852] INFO  utils.BackgroundService (BackgroundService.java:shutdown(132)) - Shutting down service KeyDeletingService
2021-12-28 02:24:02,080 [Listener at 127.0.0.1/13852] INFO  utils.BackgroundService (BackgroundService.java:shutdown(132)) - Shutting down service DirectoryDeletingService
2021-12-28 02:24:02,102 [EventQueue-NewNodeForNewNodeHandler] INFO  pipeline.BackgroundPipelineCreator (BackgroundPipelineCreator.java:notifyEventTriggered(279)) - ignore, not leader SCM.
2021-12-28 02:24:02,102 [Listener at 127.0.0.1/13852] INFO  handler.ContextHandler (ContextHandler.java:doStop(1153)) - Stopped o.e.j.w.WebAppContext@77544896{ozoneManager,/,null,STOPPED}{file:/home/runner/work/ozone/ozone/hadoop-ozone/integration-test/target/test-classes/webapps/ozoneManager}
2021-12-28 02:24:02,103 [Listener at 127.0.0.1/13852] INFO  server.AbstractConnector (AbstractConnector.java:doStop(381)) - Stopped ServerConnector@6edab6bb{HTTP/1.1, (http/1.1)}{0.0.0.0:13854}
2021-12-28 02:24:02,103 [Listener at 127.0.0.1/13852] INFO  server.session (HouseKeeper.java:stopScavenging(149)) - node0 Stopped scavenging
2021-12-28 02:24:02,103 [Listener at 127.0.0.1/13852] INFO  handler.ContextHandler (ContextHandler.java:doStop(1153)) - Stopped o.e.j.s.ServletContextHandler@2d01c709{static,/static,file:///home/runner/work/ozone/ozone/hadoop-ozone/integration-test/target/test-classes/webapps/static,STOPPED}
2021-12-28 02:24:02,103 [Listener at 127.0.0.1/13852] INFO  handler.ContextHandler (ContextHandler.java:doStop(1153)) - Stopped o.e.j.s.ServletContextHandler@a6c6b0d{logs,/logs,file:///home/runner/work/ozone/ozone/hadoop-ozone/integration-test/target/log,STOPPED}
2021-12-28 02:24:02,107 [Listener at 127.0.0.1/13852] INFO  ozone.MiniOzoneHAClusterImpl (MiniOzoneHAClusterImpl.java:stop(324)) - Stopping the StorageContainerManager efeceff2-b5a5-497a-a96d-e28250e5a95d
2021-12-28 02:24:02,110 [Listener at 127.0.0.1/13852] INFO  server.StorageContainerManager (StorageContainerManager.java:stop(1390)) - Stopping Container Balancer service.
2021-12-28 02:24:02,110 [Listener at 127.0.0.1/13852] INFO  balancer.ContainerBalancer (ContainerBalancer.java:stop(748)) - Container Balancer is not running.
2021-12-28 02:24:02,110 [Listener at 127.0.0.1/13852] INFO  server.StorageContainerManager (StorageContainerManager.java:stop(1397)) - Stopping Replication Manager Service.
2021-12-28 02:24:02,110 [Listener at 127.0.0.1/13852] INFO  container.ReplicationManager (ReplicationManager.java:stop(350)) - Stopping Replication Monitor Thread.
2021-12-28 02:24:02,111 [Listener at 127.0.0.1/13852] INFO  server.StorageContainerManager (StorageContainerManager.java:stop(1404)) - Stopping the Datanode Admin Monitor.
2021-12-28 02:24:02,112 [Listener at 127.0.0.1/13852] INFO  server.StorageContainerManager (StorageContainerManager.java:stop(1411)) - Stopping Lease Manager of the command watchers
2021-12-28 02:24:02,112 [Listener at 127.0.0.1/13852] INFO  server.StorageContainerManager (StorageContainerManager.java:stop(1418)) - Stopping datanode service RPC server
2021-12-28 02:24:02,112 [Listener at 127.0.0.1/13852] INFO  server.SCMDatanodeProtocolServer (SCMDatanodeProtocolServer.java:stop(390)) - Stopping the RPC server for DataNodes
2021-12-28 02:24:02,112 [Listener at 127.0.0.1/13852] INFO  ipc.Server (Server.java:stop(3414)) - Stopping server on 12519
2021-12-28 02:24:02,114 [IPC Server listener on 12519] INFO  ipc.Server (Server.java:run(1376)) - Stopping IPC Server listener on 12519
2021-12-28 02:24:02,114 [IPC Server Responder] INFO  ipc.Server (Server.java:run(1512)) - Stopping IPC Server Responder
2021-12-28 02:24:02,220 [SCM Heartbeat Processing Thread - 0] WARN  node.NodeStateManager (NodeStateManager.java:scheduleNextHealthCheck(799)) - Current Thread is interrupted, shutting down HB processing thread for Node Manager.
2021-12-28 02:24:02,220 [Listener at 127.0.0.1/13852] INFO  server.StorageContainerManager (StorageContainerManager.java:stop(1426)) - Stopping block service RPC server
2021-12-28 02:24:02,221 [Listener at 127.0.0.1/13852] INFO  server.SCMBlockProtocolServer (SCMBlockProtocolServer.java:stop(160)) - Stopping the RPC server for Block Protocol
2021-12-28 02:24:02,221 [Listener at 127.0.0.1/13852] INFO  ipc.Server (Server.java:stop(3414)) - Stopping server on 12520
2021-12-28 02:24:02,223 [IPC Server listener on 12520] INFO  ipc.Server (Server.java:run(1376)) - Stopping IPC Server listener on 12520
2021-12-28 02:24:02,223 [Listener at 127.0.0.1/13852] INFO  server.StorageContainerManager (StorageContainerManager.java:stop(1433)) - Stopping the StorageContainerLocationProtocol RPC server
2021-12-28 02:24:02,223 [IPC Server Responder] INFO  ipc.Server (Server.java:run(1512)) - Stopping IPC Server Responder
2021-12-28 02:24:02,223 [Listener at 127.0.0.1/13852] INFO  server.SCMClientProtocolServer (SCMClientProtocolServer.java:stop(173)) - Stopping the RPC server for Client Protocol
2021-12-28 02:24:02,224 [Listener at 127.0.0.1/13852] INFO  ipc.Server (Server.java:stop(3414)) - Stopping server on 12521
2021-12-28 02:24:02,229 [IPC Server Responder] INFO  ipc.Server (Server.java:run(1512)) - Stopping IPC Server Responder
2021-12-28 02:24:02,229 [Listener at 127.0.0.1/13852] INFO  server.StorageContainerManager (StorageContainerManager.java:stop(1440)) - Stopping Storage Container Manager HTTP server.
2021-12-28 02:24:02,229 [Listener at 127.0.0.1/13852] INFO  handler.ContextHandler (ContextHandler.java:doStop(1153)) - Stopped o.e.j.w.WebAppContext@6dfd4db2{scm,/,null,STOPPED}{file:/home/runner/work/ozone/ozone/hadoop-ozone/integration-test/target/test-classes/webapps/scm}
2021-12-28 02:24:02,230 [IPC Server listener on 12521] INFO  ipc.Server (Server.java:run(1376)) - Stopping IPC Server listener on 12521
2021-12-28 02:24:02,244 [Listener at 127.0.0.1/13852] INFO  server.AbstractConnector (AbstractConnector.java:doStop(381)) - Stopped ServerConnector@4c6c2473{HTTP/1.1, (http/1.1)}{0.0.0.0:12516}
2021-12-28 02:24:02,244 [Listener at 127.0.0.1/13852] INFO  server.session (HouseKeeper.java:stopScavenging(149)) - node0 Stopped scavenging
2021-12-28 02:24:02,244 [Listener at 127.0.0.1/13852] INFO  handler.ContextHandler (ContextHandler.java:doStop(1153)) - Stopped o.e.j.s.ServletContextHandler@534a5e70{static,/static,file:///home/runner/work/ozone/ozone/hadoop-ozone/integration-test/target/test-classes/webapps/static,STOPPED}
2021-12-28 02:24:02,245 [Listener at 127.0.0.1/13852] INFO  handler.ContextHandler (ContextHandler.java:doStop(1153)) - Stopped o.e.j.s.ServletContextHandler@6b0a37a5{logs,/logs,file:///home/runner/work/ozone/ozone/hadoop-ozone/integration-test/target/log,STOPPED}
2021-12-28 02:24:02,246 [Listener at 127.0.0.1/13852] INFO  server.StorageContainerManager (StorageContainerManager.java:stop(1451)) - Stopping Block Manager Service.
2021-12-28 02:24:02,247 [Listener at 127.0.0.1/13852] INFO  utils.BackgroundService (BackgroundService.java:shutdown(132)) - Shutting down service SCMBlockDeletingService
2021-12-28 02:24:02,247 [Listener at 127.0.0.1/13852] INFO  utils.BackgroundService (BackgroundService.java:shutdown(132)) - Shutting down service SCMBlockDeletingService
2021-12-28 02:24:02,247 [Listener at 127.0.0.1/13852] INFO  server.StorageContainerManager (StorageContainerManager.java:stop(1478)) - Stopping SCM Event Queue.
2021-12-28 02:24:02,248 [Listener at 127.0.0.1/13852] INFO  server.StorageContainerManager (StorageContainerManager.java:stop(1489)) - Stopping SCM HA services.
2021-12-28 02:24:02,248 [Listener at 127.0.0.1/13852] INFO  ha.SCMRatisServerImpl (SCMRatisServerImpl.java:stop(236)) - stopping ratis server 0.0.0.0:12518
2021-12-28 02:24:02,249 [Listener at 127.0.0.1/13852] INFO  server.RaftServer (RaftServerProxy.java:lambda$close$6(391)) - efeceff2-b5a5-497a-a96d-e28250e5a95d: close
2021-12-28 02:24:02,249 [Listener at 127.0.0.1/13852] INFO  server.RaftServer$Division (RaftServerImpl.java:lambda$close$4(412)) - efeceff2-b5a5-497a-a96d-e28250e5a95d@group-956FE40C5CB7: shutdown
2021-12-28 02:24:02,249 [Listener at 127.0.0.1/13852] INFO  util.JmxRegister (JmxRegister.java:unregister(73)) - Successfully un-registered JMX Bean with object name Ratis:service=RaftServer,group=group-956FE40C5CB7,id=efeceff2-b5a5-497a-a96d-e28250e5a95d
2021-12-28 02:24:02,249 [Listener at 127.0.0.1/13852] INFO  impl.RoleInfo (RoleInfo.java:shutdownFollowerState(108)) - efeceff2-b5a5-497a-a96d-e28250e5a95d: shutdown efeceff2-b5a5-497a-a96d-e28250e5a95d@group-956FE40C5CB7-FollowerState
2021-12-28 02:24:02,249 [Listener at 127.0.0.1/13852] INFO  impl.StateMachineUpdater (StateMachineUpdater.java:stopAndJoin(149)) - efeceff2-b5a5-497a-a96d-e28250e5a95d@group-956FE40C5CB7-StateMachineUpdater: set stopIndex = 29
2021-12-28 02:24:02,250 [efeceff2-b5a5-497a-a96d-e28250e5a95d@group-956FE40C5CB7-StateMachineUpdater] INFO  ha.SCMStateMachine (SCMStateMachine.java:takeSnapshot(297)) - Current Snapshot Index 29, takeSnapshot took 0 ms
2021-12-28 02:24:02,250 [efeceff2-b5a5-497a-a96d-e28250e5a95d@group-956FE40C5CB7-StateMachineUpdater] INFO  impl.StateMachineUpdater (StateMachineUpdater.java:takeSnapshot(281)) - efeceff2-b5a5-497a-a96d-e28250e5a95d@group-956FE40C5CB7-StateMachineUpdater: Took a snapshot at index 29
2021-12-28 02:24:02,250 [efeceff2-b5a5-497a-a96d-e28250e5a95d@group-956FE40C5CB7-StateMachineUpdater] INFO  impl.StateMachineUpdater (StateMachineUpdater.java:lambda$new$0(89)) - efeceff2-b5a5-497a-a96d-e28250e5a95d@group-956FE40C5CB7-StateMachineUpdater: snapshotIndex: updateIncreasingly 28 -> 29
2021-12-28 02:24:02,249 [efeceff2-b5a5-497a-a96d-e28250e5a95d@group-956FE40C5CB7-FollowerState] INFO  impl.FollowerState (FollowerState.java:run(143)) - efeceff2-b5a5-497a-a96d-e28250e5a95d@group-956FE40C5CB7-FollowerState was interrupted: {}
java.lang.InterruptedException: sleep interrupted
	at java.lang.Thread.sleep(Native Method)
	at java.lang.Thread.sleep(Thread.java:340)
	at java.util.concurrent.TimeUnit.sleep(TimeUnit.java:386)
	at org.apache.ratis.util.TimeDuration.sleep(TimeDuration.java:324)
	at org.apache.ratis.util.TimeDuration.sleep(TimeDuration.java:309)
	at org.apache.ratis.server.impl.FollowerState.run(FollowerState.java:118)
2021-12-28 02:24:02,250 [Listener at 127.0.0.1/13852] INFO  server.RaftServer$Division (ServerState.java:close(419)) - efeceff2-b5a5-497a-a96d-e28250e5a95d@group-956FE40C5CB7: closes. applyIndex: 28
2021-12-28 02:24:02,254 [efeceff2-b5a5-497a-a96d-e28250e5a95d@group-956FE40C5CB7-SegmentedRaftLogWorker] INFO  segmented.SegmentedRaftLogWorker (SegmentedRaftLogWorker.java:run(327)) - efeceff2-b5a5-497a-a96d-e28250e5a95d@group-956FE40C5CB7-SegmentedRaftLogWorker was interrupted, exiting. There are 0 tasks remaining in the queue.
2021-12-28 02:24:02,258 [Listener at 127.0.0.1/13852] INFO  segmented.SegmentedRaftLogWorker (SegmentedRaftLogWorker.java:close(237)) - efeceff2-b5a5-497a-a96d-e28250e5a95d@group-956FE40C5CB7-SegmentedRaftLogWorker close()
2021-12-28 02:24:02,259 [Listener at 127.0.0.1/13852] INFO  server.GrpcService (GrpcService.java:closeImpl(262)) - efeceff2-b5a5-497a-a96d-e28250e5a95d: shutdown server with port 12518 now
2021-12-28 02:24:02,263 [grpc-default-executor-1] WARN  server.GrpcServerProtocolService (LogUtils.java:warn(122)) - efeceff2-b5a5-497a-a96d-e28250e5a95d: installSnapshot onError, lastRequest: 85b08ac6-0f6d-42de-94fb-508f7dc90a3f->efeceff2-b5a5-497a-a96d-e28250e5a95d#1167-t2,previous=(t:2, i:29),leaderCommit=29,initializing? true,entries: size=1, first=(t:2, i:30), METADATAENTRY(c:29): org.apache.ratis.thirdparty.io.grpc.StatusRuntimeException: CANCELLED: client cancelled
2021-12-28 02:24:02,263 [Listener at 127.0.0.1/13852] INFO  server.GrpcService (GrpcService.java:closeImpl(271)) - efeceff2-b5a5-497a-a96d-e28250e5a95d: shutdown server with port 12518 successfully
2021-12-28 02:24:02,263 [grpc-default-executor-0] WARN  server.GrpcLogAppender (LogUtils.java:warn(122)) - 85b08ac6-0f6d-42de-94fb-508f7dc90a3f@group-956FE40C5CB7->efeceff2-b5a5-497a-a96d-e28250e5a95d-AppendLogResponseHandler: Failed appendEntries: org.apache.ratis.thirdparty.io.grpc.StatusRuntimeException: CANCELLED: HTTP/2 error code: CANCEL
Received Rst Stream
2021-12-28 02:24:02,263 [grpc-default-executor-0] INFO  leader.FollowerInfo (FollowerInfoImpl.java:lambda$new$0(47)) - 85b08ac6-0f6d-42de-94fb-508f7dc90a3f@group-956FE40C5CB7->efeceff2-b5a5-497a-a96d-e28250e5a95d: nextIndex: updateUnconditionally 31 -> 30
2021-12-28 02:24:02,263 [org.apache.ratis.util.JvmPauseMonitor$$Lambda$499/2075133112@6c764331] INFO  util.JvmPauseMonitor (JvmPauseMonitor.java:run(109)) - JvmPauseMonitor-efeceff2-b5a5-497a-a96d-e28250e5a95d: Stopped
2021-12-28 02:24:02,264 [Listener at 127.0.0.1/13852] INFO  pipeline.BackgroundPipelineCreator (BackgroundPipelineCreator.java:stop(158)) - Stopping RatisPipelineUtilsThread.
2021-12-28 02:24:02,264 [Listener at 127.0.0.1/13852] INFO  server.StorageContainerManager (StorageContainerManager.java:stop(1499)) - Stopping SCM MetadataStore.
2021-12-28 02:24:02,265 [Listener at 127.0.0.1/13852] INFO  impl.MetricsSystemImpl (MetricsSystemImpl.java:stop(210)) - Stopping StorageContainerManager metrics system...
2021-12-28 02:24:02,272 [grpc-default-executor-2] WARN  server.GrpcLogAppender (LogUtils.java:warn(122)) - 85b08ac6-0f6d-42de-94fb-508f7dc90a3f@group-956FE40C5CB7->efeceff2-b5a5-497a-a96d-e28250e5a95d-AppendLogResponseHandler: Failed appendEntries: org.apache.ratis.thirdparty.io.grpc.StatusRuntimeException: UNAVAILABLE: io exception
2021-12-28 02:24:02,273 [grpc-default-executor-2] INFO  leader.FollowerInfo (FollowerInfoImpl.java:lambda$new$0(47)) - 85b08ac6-0f6d-42de-94fb-508f7dc90a3f@group-956FE40C5CB7->efeceff2-b5a5-497a-a96d-e28250e5a95d: nextIndex: updateUnconditionally 31 -> 30
2021-12-28 02:24:02,277 [prometheus] INFO  impl.MetricsSinkAdapter (MetricsSinkAdapter.java:publishMetricsFromQueue(141)) - prometheus thread interrupted.
2021-12-28 02:24:02,277 [Listener at 127.0.0.1/13852] INFO  impl.MetricsSystemImpl (MetricsSystemImpl.java:stop(216)) - StorageContainerManager metrics system stopped.
2021-12-28 02:24:02,277 [Listener at 127.0.0.1/13852] INFO  ozone.MiniOzoneHAClusterImpl (MiniOzoneHAClusterImpl.java:stop(324)) - Stopping the StorageContainerManager d3859da6-2e6e-4bb4-8c1a-e0036f112fd7
2021-12-28 02:24:02,278 [Listener at 127.0.0.1/13852] INFO  server.StorageContainerManager (StorageContainerManager.java:stop(1390)) - Stopping Container Balancer service.
2021-12-28 02:24:02,278 [Listener at 127.0.0.1/13852] INFO  balancer.ContainerBalancer (ContainerBalancer.java:stop(748)) - Container Balancer is not running.
2021-12-28 02:24:02,278 [Listener at 127.0.0.1/13852] INFO  server.StorageContainerManager (StorageContainerManager.java:stop(1397)) - Stopping Replication Manager Service.
2021-12-28 02:24:02,278 [Listener at 127.0.0.1/13852] INFO  container.ReplicationManager (ReplicationManager.java:stop(350)) - Stopping Replication Monitor Thread.
2021-12-28 02:24:02,278 [Listener at 127.0.0.1/13852] INFO  server.StorageContainerManager (StorageContainerManager.java:stop(1404)) - Stopping the Datanode Admin Monitor.
2021-12-28 02:24:02,278 [Listener at 127.0.0.1/13852] INFO  server.StorageContainerManager (StorageContainerManager.java:stop(1411)) - Stopping Lease Manager of the command watchers
2021-12-28 02:24:02,278 [Listener at 127.0.0.1/13852] INFO  server.StorageContainerManager (StorageContainerManager.java:stop(1418)) - Stopping datanode service RPC server
2021-12-28 02:24:02,278 [Listener at 127.0.0.1/13852] INFO  server.SCMDatanodeProtocolServer (SCMDatanodeProtocolServer.java:stop(390)) - Stopping the RPC server for DataNodes
2021-12-28 02:24:02,278 [Listener at 127.0.0.1/13852] INFO  ipc.Server (Server.java:stop(3414)) - Stopping server on 12529
2021-12-28 02:24:02,287 [IPC Server listener on 12529] INFO  ipc.Server (Server.java:run(1376)) - Stopping IPC Server listener on 12529
2021-12-28 02:24:02,302 [IPC Server Responder] INFO  ipc.Server (Server.java:run(1512)) - Stopping IPC Server Responder
2021-12-28 02:24:02,392 [SCM Heartbeat Processing Thread - 0] WARN  node.NodeStateManager (NodeStateManager.java:scheduleNextHealthCheck(799)) - Current Thread is interrupted, shutting down HB processing thread for Node Manager.
2021-12-28 02:24:02,392 [Listener at 127.0.0.1/13852] INFO  server.StorageContainerManager (StorageContainerManager.java:stop(1426)) - Stopping block service RPC server
2021-12-28 02:24:02,392 [Listener at 127.0.0.1/13852] INFO  server.SCMBlockProtocolServer (SCMBlockProtocolServer.java:stop(160)) - Stopping the RPC server for Block Protocol
2021-12-28 02:24:02,393 [Listener at 127.0.0.1/13852] INFO  ipc.Server (Server.java:stop(3414)) - Stopping server on 12530
2021-12-28 02:24:02,403 [IPC Server listener on 12530] INFO  ipc.Server (Server.java:run(1376)) - Stopping IPC Server listener on 12530
2021-12-28 02:24:02,404 [IPC Server Responder] INFO  ipc.Server (Server.java:run(1512)) - Stopping IPC Server Responder
2021-12-28 02:24:02,404 [Listener at 127.0.0.1/13852] INFO  server.StorageContainerManager (StorageContainerManager.java:stop(1433)) - Stopping the StorageContainerLocationProtocol RPC server
2021-12-28 02:24:02,404 [Listener at 127.0.0.1/13852] INFO  server.SCMClientProtocolServer (SCMClientProtocolServer.java:stop(173)) - Stopping the RPC server for Client Protocol
2021-12-28 02:24:02,404 [Listener at 127.0.0.1/13852] INFO  ipc.Server (Server.java:stop(3414)) - Stopping server on 12531
2021-12-28 02:24:02,405 [Listener at 127.0.0.1/13852] INFO  server.StorageContainerManager (StorageContainerManager.java:stop(1440)) - Stopping Storage Container Manager HTTP server.
2021-12-28 02:24:02,405 [IPC Server Responder] INFO  ipc.Server (Server.java:run(1512)) - Stopping IPC Server Responder
2021-12-28 02:24:02,406 [Listener at 127.0.0.1/13852] INFO  handler.ContextHandler (ContextHandler.java:doStop(1153)) - Stopped o.e.j.w.WebAppContext@451b7faf{scm,/,null,STOPPED}{file:/home/runner/work/ozone/ozone/hadoop-ozone/integration-test/target/test-classes/webapps/scm}
2021-12-28 02:24:02,409 [IPC Server listener on 12531] INFO  ipc.Server (Server.java:run(1376)) - Stopping IPC Server listener on 12531
2021-12-28 02:24:02,413 [Listener at 127.0.0.1/13852] INFO  server.AbstractConnector (AbstractConnector.java:doStop(381)) - Stopped ServerConnector@79b3937a{HTTP/1.1, (http/1.1)}{0.0.0.0:12526}
2021-12-28 02:24:02,413 [Listener at 127.0.0.1/13852] INFO  server.session (HouseKeeper.java:stopScavenging(149)) - node0 Stopped scavenging
2021-12-28 02:24:02,413 [Listener at 127.0.0.1/13852] INFO  handler.ContextHandler (ContextHandler.java:doStop(1153)) - Stopped o.e.j.s.ServletContextHandler@5cab0cdd{static,/static,file:///home/runner/work/ozone/ozone/hadoop-ozone/integration-test/target/test-classes/webapps/static,STOPPED}
2021-12-28 02:24:02,413 [Listener at 127.0.0.1/13852] INFO  handler.ContextHandler (ContextHandler.java:doStop(1153)) - Stopped o.e.j.s.ServletContextHandler@3f36e502{logs,/logs,file:///home/runner/work/ozone/ozone/hadoop-ozone/integration-test/target/log,STOPPED}
2021-12-28 02:24:02,420 [Listener at 127.0.0.1/13852] INFO  server.StorageContainerManager (StorageContainerManager.java:stop(1451)) - Stopping Block Manager Service.
2021-12-28 02:24:02,420 [Listener at 127.0.0.1/13852] INFO  utils.BackgroundService (BackgroundService.java:shutdown(132)) - Shutting down service SCMBlockDeletingService
2021-12-28 02:24:02,420 [Listener at 127.0.0.1/13852] INFO  utils.BackgroundService (BackgroundService.java:shutdown(132)) - Shutting down service SCMBlockDeletingService
2021-12-28 02:24:02,420 [Listener at 127.0.0.1/13852] INFO  server.StorageContainerManager (StorageContainerManager.java:stop(1478)) - Stopping SCM Event Queue.
2021-12-28 02:24:02,425 [Listener at 127.0.0.1/13852] INFO  server.StorageContainerManager (StorageContainerManager.java:stop(1489)) - Stopping SCM HA services.
2021-12-28 02:24:02,425 [Listener at 127.0.0.1/13852] INFO  ha.SCMRatisServerImpl (SCMRatisServerImpl.java:stop(236)) - stopping ratis server 0.0.0.0:12528
2021-12-28 02:24:02,425 [Listener at 127.0.0.1/13852] INFO  server.RaftServer (RaftServerProxy.java:lambda$close$6(391)) - d3859da6-2e6e-4bb4-8c1a-e0036f112fd7: close
2021-12-28 02:24:02,425 [Listener at 127.0.0.1/13852] INFO  server.GrpcService (GrpcService.java:closeImpl(262)) - d3859da6-2e6e-4bb4-8c1a-e0036f112fd7: shutdown server with port 12528 now
2021-12-28 02:24:02,427 [Listener at 127.0.0.1/13852] INFO  server.GrpcService (GrpcService.java:closeImpl(271)) - d3859da6-2e6e-4bb4-8c1a-e0036f112fd7: shutdown server with port 12528 successfully
2021-12-28 02:24:02,428 [grpc-default-executor-2] WARN  server.GrpcServerProtocolService (LogUtils.java:warn(122)) - d3859da6-2e6e-4bb4-8c1a-e0036f112fd7: installSnapshot onError, lastRequest: 85b08ac6-0f6d-42de-94fb-508f7dc90a3f->d3859da6-2e6e-4bb4-8c1a-e0036f112fd7#34-t2,previous=(t:2, i:29),leaderCommit=29,initializing? true,entries: size=1, first=(t:2, i:30), METADATAENTRY(c:29): org.apache.ratis.thirdparty.io.grpc.StatusRuntimeException: CANCELLED: client cancelled
2021-12-28 02:24:02,428 [grpc-default-executor-0] WARN  server.GrpcLogAppender (LogUtils.java:warn(122)) - 85b08ac6-0f6d-42de-94fb-508f7dc90a3f@group-956FE40C5CB7->d3859da6-2e6e-4bb4-8c1a-e0036f112fd7-AppendLogResponseHandler: Failed appendEntries: org.apache.ratis.thirdparty.io.grpc.StatusRuntimeException: CANCELLED: HTTP/2 error code: CANCEL
Received Rst Stream
2021-12-28 02:24:02,428 [grpc-default-executor-0] INFO  leader.FollowerInfo (FollowerInfoImpl.java:lambda$new$0(47)) - 85b08ac6-0f6d-42de-94fb-508f7dc90a3f@group-956FE40C5CB7->d3859da6-2e6e-4bb4-8c1a-e0036f112fd7: nextIndex: updateUnconditionally 31 -> 30
2021-12-28 02:24:02,429 [org.apache.ratis.util.JvmPauseMonitor$$Lambda$499/2075133112@59c82fb6] INFO  util.JvmPauseMonitor (JvmPauseMonitor.java:run(109)) - JvmPauseMonitor-d3859da6-2e6e-4bb4-8c1a-e0036f112fd7: Stopped
2021-12-28 02:24:02,429 [Listener at 127.0.0.1/13852] INFO  pipeline.BackgroundPipelineCreator (BackgroundPipelineCreator.java:stop(158)) - Stopping RatisPipelineUtilsThread.
2021-12-28 02:24:02,430 [Listener at 127.0.0.1/13852] INFO  server.StorageContainerManager (StorageContainerManager.java:stop(1499)) - Stopping SCM MetadataStore.
2021-12-28 02:24:02,431 [Listener at 127.0.0.1/13852] INFO  impl.MetricsSystemImpl (MetricsSystemImpl.java:stop(205)) - StorageContainerManager metrics system stopped (again)
2021-12-28 02:24:02,431 [Listener at 127.0.0.1/13852] INFO  ozone.MiniOzoneHAClusterImpl (MiniOzoneHAClusterImpl.java:stop(324)) - Stopping the StorageContainerManager 85b08ac6-0f6d-42de-94fb-508f7dc90a3f
2021-12-28 02:24:02,431 [Listener at 127.0.0.1/13852] INFO  server.StorageContainerManager (StorageContainerManager.java:stop(1390)) - Stopping Container Balancer service.
2021-12-28 02:24:02,431 [Listener at 127.0.0.1/13852] INFO  balancer.ContainerBalancer (ContainerBalancer.java:stop(748)) - Container Balancer is not running.
2021-12-28 02:24:02,431 [Listener at 127.0.0.1/13852] INFO  server.StorageContainerManager (StorageContainerManager.java:stop(1397)) - Stopping Replication Manager Service.
2021-12-28 02:24:02,431 [Listener at 127.0.0.1/13852] INFO  container.ReplicationManager (ReplicationManager.java:stop(350)) - Stopping Replication Monitor Thread.
2021-12-28 02:24:02,431 [Listener at 127.0.0.1/13852] INFO  server.StorageContainerManager (StorageContainerManager.java:stop(1404)) - Stopping the Datanode Admin Monitor.
2021-12-28 02:24:02,432 [Listener at 127.0.0.1/13852] INFO  server.StorageContainerManager (StorageContainerManager.java:stop(1411)) - Stopping Lease Manager of the command watchers
2021-12-28 02:24:02,432 [Listener at 127.0.0.1/13852] INFO  server.StorageContainerManager (StorageContainerManager.java:stop(1418)) - Stopping datanode service RPC server
2021-12-28 02:24:02,432 [Listener at 127.0.0.1/13852] INFO  server.SCMDatanodeProtocolServer (SCMDatanodeProtocolServer.java:stop(390)) - Stopping the RPC server for DataNodes
2021-12-28 02:24:02,432 [Listener at 127.0.0.1/13852] INFO  ipc.Server (Server.java:stop(3414)) - Stopping server on 12509
2021-12-28 02:24:02,439 [EndpointStateMachine task thread for /127.0.0.1:12519 - 0 ] WARN  statemachine.EndpointStateMachine (EndpointStateMachine.java:logIfNeeded(236)) - Unable to communicate to SCM server at 127.0.0.1:12519 for past 0 seconds.
java.io.EOFException: End of File Exception between local host is: "fv-az184-560/10.1.0.14"; destination host is: "localhost":12519; : java.io.EOFException; For more details see:  http://wiki.apache.org/hadoop/EOFException
	at sun.reflect.NativeConstructorAccessorImpl.newInstance0(Native Method)
	at sun.reflect.NativeConstructorAccessorImpl.newInstance(NativeConstructorAccessorImpl.java:62)
	at sun.reflect.DelegatingConstructorAccessorImpl.newInstance(DelegatingConstructorAccessorImpl.java:45)
	at java.lang.reflect.Constructor.newInstance(Constructor.java:423)
	at org.apache.hadoop.net.NetUtils.wrapWithMessage(NetUtils.java:913)
	at org.apache.hadoop.net.NetUtils.wrapException(NetUtils.java:862)
	at org.apache.hadoop.ipc.Client.getRpcResponse(Client.java:1577)
	at org.apache.hadoop.ipc.Client.call(Client.java:1519)
	at org.apache.hadoop.ipc.Client.call(Client.java:1416)
	at org.apache.hadoop.ipc.ProtobufRpcEngine$Invoker.invoke(ProtobufRpcEngine.java:236)
	at org.apache.hadoop.ipc.ProtobufRpcEngine$Invoker.invoke(ProtobufRpcEngine.java:123)
	at com.sun.proxy.$Proxy48.submitRequest(Unknown Source)
	at org.apache.hadoop.ozone.protocolPB.StorageContainerDatanodeProtocolClientSideTranslatorPB.submitRequest(StorageContainerDatanodeProtocolClientSideTranslatorPB.java:117)
	at org.apache.hadoop.ozone.protocolPB.StorageContainerDatanodeProtocolClientSideTranslatorPB.sendHeartbeat(StorageContainerDatanodeProtocolClientSideTranslatorPB.java:149)
	at org.apache.hadoop.ozone.container.common.states.endpoint.HeartbeatEndpointTask.call(HeartbeatEndpointTask.java:179)
	at org.apache.hadoop.ozone.container.common.states.endpoint.HeartbeatEndpointTask.call(HeartbeatEndpointTask.java:82)
	at java.util.concurrent.FutureTask.run(FutureTask.java:266)
	at java.util.concurrent.ThreadPoolExecutor.runWorker(ThreadPoolExecutor.java:1149)
	at java.util.concurrent.ThreadPoolExecutor$Worker.run(ThreadPoolExecutor.java:624)
	at java.lang.Thread.run(Thread.java:748)
Caused by: java.io.EOFException
	at java.io.DataInputStream.readInt(DataInputStream.java:392)
	at org.apache.hadoop.ipc.Client$IpcStreams.readResponse(Client.java:1892)
	at org.apache.hadoop.ipc.Client$Connection.receiveRpcResponse(Client.java:1202)
	at org.apache.hadoop.ipc.Client$Connection.run(Client.java:1098)
2021-12-28 02:24:02,441 [grpc-default-executor-0] WARN  server.GrpcLogAppender (LogUtils.java:warn(122)) - 85b08ac6-0f6d-42de-94fb-508f7dc90a3f@group-956FE40C5CB7->d3859da6-2e6e-4bb4-8c1a-e0036f112fd7-AppendLogResponseHandler: Failed appendEntries: org.apache.ratis.thirdparty.io.grpc.StatusRuntimeException: UNAVAILABLE: io exception
2021-12-28 02:24:02,441 [EndpointStateMachine task thread for /127.0.0.1:12529 - 0 ] WARN  statemachine.EndpointStateMachine (EndpointStateMachine.java:logIfNeeded(236)) - Unable to communicate to SCM server at localhost:12529 for past 0 seconds.
java.io.EOFException: End of File Exception between local host is: "fv-az184-560/10.1.0.14"; destination host is: "localhost":12529; : java.io.EOFException; For more details see:  http://wiki.apache.org/hadoop/EOFException
	at sun.reflect.NativeConstructorAccessorImpl.newInstance0(Native Method)
	at sun.reflect.NativeConstructorAccessorImpl.newInstance(NativeConstructorAccessorImpl.java:62)
	at sun.reflect.DelegatingConstructorAccessorImpl.newInstance(DelegatingConstructorAccessorImpl.java:45)
	at java.lang.reflect.Constructor.newInstance(Constructor.java:423)
	at org.apache.hadoop.net.NetUtils.wrapWithMessage(NetUtils.java:913)
	at org.apache.hadoop.net.NetUtils.wrapException(NetUtils.java:862)
	at org.apache.hadoop.ipc.Client.getRpcResponse(Client.java:1577)
	at org.apache.hadoop.ipc.Client.call(Client.java:1519)
	at org.apache.hadoop.ipc.Client.call(Client.java:1416)
	at org.apache.hadoop.ipc.ProtobufRpcEngine$Invoker.invoke(ProtobufRpcEngine.java:236)
	at org.apache.hadoop.ipc.ProtobufRpcEngine$Invoker.invoke(ProtobufRpcEngine.java:123)
	at com.sun.proxy.$Proxy48.submitRequest(Unknown Source)
	at org.apache.hadoop.ozone.protocolPB.StorageContainerDatanodeProtocolClientSideTranslatorPB.submitRequest(StorageContainerDatanodeProtocolClientSideTranslatorPB.java:117)
	at org.apache.hadoop.ozone.protocolPB.StorageContainerDatanodeProtocolClientSideTranslatorPB.register(StorageContainerDatanodeProtocolClientSideTranslatorPB.java:180)
	at org.apache.hadoop.ozone.container.common.states.endpoint.RegisterEndpointTask.call(RegisterEndpointTask.java:158)
	at org.apache.hadoop.ozone.container.common.states.endpoint.RegisterEndpointTask.call(RegisterEndpointTask.java:52)
	at java.util.concurrent.FutureTask.run(FutureTask.java:266)
	at java.util.concurrent.ThreadPoolExecutor.runWorker(ThreadPoolExecutor.java:1149)
	at java.util.concurrent.ThreadPoolExecutor$Worker.run(ThreadPoolExecutor.java:624)
	at java.lang.Thread.run(Thread.java:748)
Caused by: java.io.EOFException
	at java.io.DataInputStream.readInt(DataInputStream.java:392)
	at org.apache.hadoop.ipc.Client$IpcStreams.readResponse(Client.java:1892)
	at org.apache.hadoop.ipc.Client$Connection.receiveRpcResponse(Client.java:1202)
	at org.apache.hadoop.ipc.Client$Connection.run(Client.java:1098)
2021-12-28 02:24:02,452 [IPC Server listener on 12509] INFO  ipc.Server (Server.java:run(1376)) - Stopping IPC Server listener on 12509
2021-12-28 02:24:02,449 [grpc-default-executor-0] INFO  leader.FollowerInfo (FollowerInfoImpl.java:lambda$new$0(47)) - 85b08ac6-0f6d-42de-94fb-508f7dc90a3f@group-956FE40C5CB7->d3859da6-2e6e-4bb4-8c1a-e0036f112fd7: nextIndex: updateUnconditionally 31 -> 30
2021-12-28 02:24:02,452 [IPC Server Responder] INFO  ipc.Server (Server.java:run(1512)) - Stopping IPC Server Responder
2021-12-28 02:24:02,911 [EndpointStateMachine task thread for /127.0.0.1:12509 - 0 ] WARN  statemachine.EndpointStateMachine (EndpointStateMachine.java:logIfNeeded(236)) - Unable to communicate to SCM server at 127.0.0.1:12509 for past 0 seconds.
java.io.EOFException: End of File Exception between local host is: "fv-az184-560/10.1.0.14"; destination host is: "localhost":12509; : java.io.EOFException; For more details see:  http://wiki.apache.org/hadoop/EOFException
	at sun.reflect.NativeConstructorAccessorImpl.newInstance0(Native Method)
	at sun.reflect.NativeConstructorAccessorImpl.newInstance(NativeConstructorAccessorImpl.java:62)
	at sun.reflect.DelegatingConstructorAccessorImpl.newInstance(DelegatingConstructorAccessorImpl.java:45)
	at java.lang.reflect.Constructor.newInstance(Constructor.java:423)
	at org.apache.hadoop.net.NetUtils.wrapWithMessage(NetUtils.java:913)
	at org.apache.hadoop.net.NetUtils.wrapException(NetUtils.java:862)
	at org.apache.hadoop.ipc.Client.getRpcResponse(Client.java:1577)
	at org.apache.hadoop.ipc.Client.call(Client.java:1519)
	at org.apache.hadoop.ipc.Client.call(Client.java:1416)
	at org.apache.hadoop.ipc.ProtobufRpcEngine$Invoker.invoke(ProtobufRpcEngine.java:236)
	at org.apache.hadoop.ipc.ProtobufRpcEngine$Invoker.invoke(ProtobufRpcEngine.java:123)
	at com.sun.proxy.$Proxy48.submitRequest(Unknown Source)
	at org.apache.hadoop.ozone.protocolPB.StorageContainerDatanodeProtocolClientSideTranslatorPB.submitRequest(StorageContainerDatanodeProtocolClientSideTranslatorPB.java:117)
	at org.apache.hadoop.ozone.protocolPB.StorageContainerDatanodeProtocolClientSideTranslatorPB.sendHeartbeat(StorageContainerDatanodeProtocolClientSideTranslatorPB.java:149)
	at org.apache.hadoop.ozone.container.common.states.endpoint.HeartbeatEndpointTask.call(HeartbeatEndpointTask.java:179)
	at org.apache.hadoop.ozone.container.common.states.endpoint.HeartbeatEndpointTask.call(HeartbeatEndpointTask.java:82)
	at java.util.concurrent.FutureTask.run(FutureTask.java:266)
	at java.util.concurrent.ThreadPoolExecutor.runWorker(ThreadPoolExecutor.java:1149)
	at java.util.concurrent.ThreadPoolExecutor$Worker.run(ThreadPoolExecutor.java:624)
	at java.lang.Thread.run(Thread.java:748)
Caused by: java.io.EOFException
	at java.io.DataInputStream.readInt(DataInputStream.java:392)
	at org.apache.hadoop.ipc.Client$IpcStreams.readResponse(Client.java:1892)
	at org.apache.hadoop.ipc.Client$Connection.receiveRpcResponse(Client.java:1202)
	at org.apache.hadoop.ipc.Client$Connection.run(Client.java:1098)
2021-12-28 02:24:03,007 [EndpointStateMachine task thread for /127.0.0.1:13537 - 0 ] INFO  ipc.Client (Client.java:handleConnectionFailure(977)) - Retrying connect to server: localhost/127.0.0.1:13537. Already tried 8 time(s); retry policy is RetryUpToMaximumCountWithFixedSleep(maxRetries=15, sleepTime=1000 MILLISECONDS)
2021-12-28 02:24:03,009 [EndpointStateMachine task thread for /127.0.0.1:13527 - 0 ] INFO  ipc.Client (Client.java:handleConnectionFailure(977)) - Retrying connect to server: localhost/127.0.0.1:13527. Already tried 8 time(s); retry policy is RetryUpToMaximumCountWithFixedSleep(maxRetries=15, sleepTime=1000 MILLISECONDS)
2021-12-28 02:24:03,019 [EndpointStateMachine task thread for /127.0.0.1:13517 - 0 ] INFO  ipc.Client (Client.java:handleConnectionFailure(977)) - Retrying connect to server: localhost/127.0.0.1:13517. Already tried 8 time(s); retry policy is RetryUpToMaximumCountWithFixedSleep(maxRetries=15, sleepTime=1000 MILLISECONDS)
2021-12-28 02:24:03,349 [SCM Heartbeat Processing Thread - 0] WARN  node.NodeStateManager (NodeStateManager.java:scheduleNextHealthCheck(799)) - Current Thread is interrupted, shutting down HB processing thread for Node Manager.
2021-12-28 02:24:03,349 [Listener at 127.0.0.1/13852] INFO  server.StorageContainerManager (StorageContainerManager.java:stop(1426)) - Stopping block service RPC server
2021-12-28 02:24:03,350 [Listener at 127.0.0.1/13852] INFO  server.SCMBlockProtocolServer (SCMBlockProtocolServer.java:stop(160)) - Stopping the RPC server for Block Protocol
2021-12-28 02:24:03,350 [Listener at 127.0.0.1/13852] INFO  ipc.Server (Server.java:stop(3414)) - Stopping server on 12510
2021-12-28 02:24:03,354 [IPC Server listener on 12510] INFO  ipc.Server (Server.java:run(1376)) - Stopping IPC Server listener on 12510
2021-12-28 02:24:03,355 [Listener at 127.0.0.1/13852] INFO  server.StorageContainerManager (StorageContainerManager.java:stop(1433)) - Stopping the StorageContainerLocationProtocol RPC server
2021-12-28 02:24:03,355 [Listener at 127.0.0.1/13852] INFO  server.SCMClientProtocolServer (SCMClientProtocolServer.java:stop(173)) - Stopping the RPC server for Client Protocol
2021-12-28 02:24:03,355 [Listener at 127.0.0.1/13852] INFO  ipc.Server (Server.java:stop(3414)) - Stopping server on 12511
2021-12-28 02:24:03,355 [IPC Server Responder] INFO  ipc.Server (Server.java:run(1512)) - Stopping IPC Server Responder
2021-12-28 02:24:03,372 [Listener at 127.0.0.1/13852] INFO  server.StorageContainerManager (StorageContainerManager.java:stop(1440)) - Stopping Storage Container Manager HTTP server.
2021-12-28 02:24:03,373 [Listener at 127.0.0.1/13852] INFO  handler.ContextHandler (ContextHandler.java:doStop(1153)) - Stopped o.e.j.w.WebAppContext@63574fbf{scm,/,null,STOPPED}{file:/home/runner/work/ozone/ozone/hadoop-ozone/integration-test/target/test-classes/webapps/scm}
2021-12-28 02:24:03,373 [IPC Server Responder] INFO  ipc.Server (Server.java:run(1512)) - Stopping IPC Server Responder
2021-12-28 02:24:03,374 [IPC Server listener on 12511] INFO  ipc.Server (Server.java:run(1376)) - Stopping IPC Server listener on 12511
2021-12-28 02:24:03,374 [Listener at 127.0.0.1/13852] INFO  server.AbstractConnector (AbstractConnector.java:doStop(381)) - Stopped ServerConnector@717b5af1{HTTP/1.1, (http/1.1)}{0.0.0.0:12506}
2021-12-28 02:24:03,374 [Listener at 127.0.0.1/13852] INFO  server.session (HouseKeeper.java:stopScavenging(149)) - node0 Stopped scavenging
2021-12-28 02:24:03,376 [Listener at 127.0.0.1/13852] INFO  handler.ContextHandler (ContextHandler.java:doStop(1153)) - Stopped o.e.j.s.ServletContextHandler@3c31169f{static,/static,file:///home/runner/work/ozone/ozone/hadoop-ozone/integration-test/target/test-classes/webapps/static,STOPPED}
2021-12-28 02:24:03,376 [Listener at 127.0.0.1/13852] INFO  handler.ContextHandler (ContextHandler.java:doStop(1153)) - Stopped o.e.j.s.ServletContextHandler@5a187cd4{logs,/logs,file:///home/runner/work/ozone/ozone/hadoop-ozone/integration-test/target/log,STOPPED}
2021-12-28 02:24:03,377 [Listener at 127.0.0.1/13852] INFO  server.StorageContainerManager (StorageContainerManager.java:stop(1451)) - Stopping Block Manager Service.
2021-12-28 02:24:03,378 [Listener at 127.0.0.1/13852] INFO  utils.BackgroundService (BackgroundService.java:shutdown(132)) - Shutting down service SCMBlockDeletingService
2021-12-28 02:24:03,378 [Listener at 127.0.0.1/13852] INFO  utils.BackgroundService (BackgroundService.java:shutdown(132)) - Shutting down service SCMBlockDeletingService
2021-12-28 02:24:03,378 [Listener at 127.0.0.1/13852] INFO  server.StorageContainerManager (StorageContainerManager.java:stop(1478)) - Stopping SCM Event Queue.
2021-12-28 02:24:03,380 [Listener at 127.0.0.1/13852] INFO  server.StorageContainerManager (StorageContainerManager.java:stop(1489)) - Stopping SCM HA services.
2021-12-28 02:24:03,380 [Listener at 127.0.0.1/13852] INFO  ha.SCMRatisServerImpl (SCMRatisServerImpl.java:stop(236)) - stopping ratis server 0.0.0.0:12508
2021-12-28 02:24:03,380 [Listener at 127.0.0.1/13852] INFO  server.RaftServer (RaftServerProxy.java:lambda$close$6(391)) - 85b08ac6-0f6d-42de-94fb-508f7dc90a3f: close
2021-12-28 02:24:03,380 [Listener at 127.0.0.1/13852] INFO  server.RaftServer$Division (RaftServerImpl.java:lambda$close$4(412)) - 85b08ac6-0f6d-42de-94fb-508f7dc90a3f@group-956FE40C5CB7: shutdown
2021-12-28 02:24:03,381 [Listener at 127.0.0.1/13852] INFO  util.JmxRegister (JmxRegister.java:unregister(73)) - Successfully un-registered JMX Bean with object name Ratis:service=RaftServer,group=group-956FE40C5CB7,id=85b08ac6-0f6d-42de-94fb-508f7dc90a3f
2021-12-28 02:24:03,381 [Listener at 127.0.0.1/13852] INFO  impl.RoleInfo (RoleInfo.java:shutdownLeaderState(91)) - 85b08ac6-0f6d-42de-94fb-508f7dc90a3f: shutdown 85b08ac6-0f6d-42de-94fb-508f7dc90a3f@group-956FE40C5CB7-LeaderStateImpl
2021-12-28 02:24:03,381 [Listener at 127.0.0.1/13852] INFO  impl.PendingRequests (PendingRequests.java:sendNotLeaderResponses(282)) - 85b08ac6-0f6d-42de-94fb-508f7dc90a3f@group-956FE40C5CB7-PendingRequests: sendNotLeaderResponses
2021-12-28 02:24:03,381 [Listener at 127.0.0.1/13852] INFO  ha.SCMStateMachine (SCMStateMachine.java:notifyNotLeader(190)) - current leader SCM steps down.
2021-12-28 02:24:03,381 [Listener at 127.0.0.1/13852] INFO  ha.SCMContext (SCMContext.java:updateLeaderAndTerm(90)) - update <isLeader,term> from <true,2> to <false,0>
2021-12-28 02:24:03,381 [Listener at 127.0.0.1/13852] INFO  ha.SCMContext (SCMContext.java:updateLeaderAndTerm(97)) - update <isLeaderReady> from <false> to <false>
2021-12-28 02:24:03,382 [85b08ac6-0f6d-42de-94fb-508f7dc90a3f@group-956FE40C5CB7->d3859da6-2e6e-4bb4-8c1a-e0036f112fd7-GrpcLogAppender-LogAppenderDaemon] WARN  server.GrpcLogAppender (GrpcLogAppender.java:mayWait(177)) - 85b08ac6-0f6d-42de-94fb-508f7dc90a3f@group-956FE40C5CB7->d3859da6-2e6e-4bb4-8c1a-e0036f112fd7-GrpcLogAppender: Wait interrupted by java.lang.InterruptedException
2021-12-28 02:24:03,382 [85b08ac6-0f6d-42de-94fb-508f7dc90a3f@group-956FE40C5CB7->efeceff2-b5a5-497a-a96d-e28250e5a95d-GrpcLogAppender-LogAppenderDaemon] WARN  server.GrpcLogAppender (GrpcLogAppender.java:mayWait(177)) - 85b08ac6-0f6d-42de-94fb-508f7dc90a3f@group-956FE40C5CB7->efeceff2-b5a5-497a-a96d-e28250e5a95d-GrpcLogAppender: Wait interrupted by java.lang.InterruptedException
2021-12-28 02:24:03,384 [Listener at 127.0.0.1/13852] INFO  impl.StateMachineUpdater (StateMachineUpdater.java:stopAndJoin(149)) - 85b08ac6-0f6d-42de-94fb-508f7dc90a3f@group-956FE40C5CB7-StateMachineUpdater: set stopIndex = 30
2021-12-28 02:24:03,384 [Listener at 127.0.0.1/13852] INFO  server.RaftServer$Division (ServerState.java:close(419)) - 85b08ac6-0f6d-42de-94fb-508f7dc90a3f@group-956FE40C5CB7: closes. applyIndex: 30
2021-12-28 02:24:03,384 [85b08ac6-0f6d-42de-94fb-508f7dc90a3f@group-956FE40C5CB7-SegmentedRaftLogWorker] INFO  segmented.SegmentedRaftLogWorker (SegmentedRaftLogWorker.java:run(327)) - 85b08ac6-0f6d-42de-94fb-508f7dc90a3f@group-956FE40C5CB7-SegmentedRaftLogWorker was interrupted, exiting. There are 0 tasks remaining in the queue.
2021-12-28 02:24:03,387 [Listener at 127.0.0.1/13852] INFO  segmented.SegmentedRaftLogWorker (SegmentedRaftLogWorker.java:close(237)) - 85b08ac6-0f6d-42de-94fb-508f7dc90a3f@group-956FE40C5CB7-SegmentedRaftLogWorker close()
2021-12-28 02:24:03,388 [Listener at 127.0.0.1/13852] INFO  server.GrpcService (GrpcService.java:closeImpl(262)) - 85b08ac6-0f6d-42de-94fb-508f7dc90a3f: shutdown server with port 12508 now
2021-12-28 02:24:03,399 [Listener at 127.0.0.1/13852] INFO  server.GrpcService (GrpcService.java:closeImpl(271)) - 85b08ac6-0f6d-42de-94fb-508f7dc90a3f: shutdown server with port 12508 successfully
2021-12-28 02:24:03,399 [org.apache.ratis.util.JvmPauseMonitor$$Lambda$499/2075133112@4a686b43] INFO  util.JvmPauseMonitor (JvmPauseMonitor.java:run(109)) - JvmPauseMonitor-85b08ac6-0f6d-42de-94fb-508f7dc90a3f: Stopped
2021-12-28 02:24:03,406 [Listener at 127.0.0.1/13852] INFO  pipeline.BackgroundPipelineCreator (BackgroundPipelineCreator.java:stop(158)) - Stopping RatisPipelineUtilsThread.
2021-12-28 02:24:03,410 [Listener at 127.0.0.1/13852] INFO  server.StorageContainerManager (StorageContainerManager.java:stop(1499)) - Stopping SCM MetadataStore.
2021-12-28 02:24:03,411 [Listener at 127.0.0.1/13852] INFO  impl.MetricsSystemImpl (MetricsSystemImpl.java:stop(205)) - StorageContainerManager metrics system stopped (again)
2021-12-28 02:24:03,411 [Listener at 127.0.0.1/13852] INFO  ozone.MiniOzoneClusterImpl (MiniOzoneClusterImpl.java:stop(468)) - Stopping the Mini Ozone Cluster
2021-12-28 02:24:03,411 [Listener at 127.0.0.1/13852] INFO  ozone.MiniOzoneClusterImpl (MiniOzoneClusterImpl.java:stopDatanodes(527)) - Stopping the HddsDatanodes
2021-12-28 02:24:03,909 [Datanode State Machine Daemon Thread] WARN  statemachine.StateContext (StateContext.java:setState(249)) - Ignore disallowed transition from SHUTDOWN to RUNNING
2021-12-28 02:24:03,910 [EndpointStateMachine task thread for /127.0.0.1:12529 - 0 ] INFO  ipc.Client (Client.java:handleConnectionFailure(977)) - Retrying connect to server: localhost/127.0.0.1:12529. Already tried 0 time(s); retry policy is RetryUpToMaximumCountWithFixedSleep(maxRetries=15, sleepTime=1000 MILLISECONDS)
2021-12-28 02:24:03,910 [EndpointStateMachine task thread for /127.0.0.1:12519 - 0 ] INFO  ipc.Client (Client.java:handleConnectionFailure(977)) - Retrying connect to server: localhost/127.0.0.1:12519. Already tried 0 time(s); retry policy is RetryUpToMaximumCountWithFixedSleep(maxRetries=15, sleepTime=1000 MILLISECONDS)
2021-12-28 02:24:04,008 [EndpointStateMachine task thread for /127.0.0.1:13537 - 0 ] INFO  ipc.Client (Client.java:handleConnectionFailure(977)) - Retrying connect to server: localhost/127.0.0.1:13537. Already tried 9 time(s); retry policy is RetryUpToMaximumCountWithFixedSleep(maxRetries=15, sleepTime=1000 MILLISECONDS)
2021-12-28 02:24:04,010 [EndpointStateMachine task thread for /127.0.0.1:13527 - 0 ] INFO  ipc.Client (Client.java:handleConnectionFailure(977)) - Retrying connect to server: localhost/127.0.0.1:13527. Already tried 9 time(s); retry policy is RetryUpToMaximumCountWithFixedSleep(maxRetries=15, sleepTime=1000 MILLISECONDS)
2021-12-28 02:24:04,019 [EndpointStateMachine task thread for /127.0.0.1:13517 - 0 ] INFO  ipc.Client (Client.java:handleConnectionFailure(977)) - Retrying connect to server: localhost/127.0.0.1:13517. Already tried 9 time(s); retry policy is RetryUpToMaximumCountWithFixedSleep(maxRetries=15, sleepTime=1000 MILLISECONDS)
2021-12-28 02:24:04,070 [Datanode State Machine Daemon Thread] WARN  statemachine.StateContext (StateContext.java:setState(249)) - Ignore disallowed transition from SHUTDOWN to RUNNING
2021-12-28 02:24:04,071 [EndpointStateMachine task thread for /127.0.0.1:12509 - 0 ] INFO  ipc.Client (Client.java:handleConnectionFailure(977)) - Retrying connect to server: localhost/127.0.0.1:12509. Already tried 0 time(s); retry policy is RetryUpToMaximumCountWithFixedSleep(maxRetries=15, sleepTime=1000 MILLISECONDS)
2021-12-28 02:24:04,911 [EndpointStateMachine task thread for /127.0.0.1:12529 - 0 ] INFO  ipc.Client (Client.java:handleConnectionFailure(977)) - Retrying connect to server: localhost/127.0.0.1:12529. Already tried 1 time(s); retry policy is RetryUpToMaximumCountWithFixedSleep(maxRetries=15, sleepTime=1000 MILLISECONDS)
2021-12-28 02:24:04,911 [EndpointStateMachine task thread for /127.0.0.1:12519 - 0 ] INFO  ipc.Client (Client.java:handleConnectionFailure(977)) - Retrying connect to server: localhost/127.0.0.1:12519. Already tried 1 time(s); retry policy is RetryUpToMaximumCountWithFixedSleep(maxRetries=15, sleepTime=1000 MILLISECONDS)
2021-12-28 02:24:05,009 [EndpointStateMachine task thread for /127.0.0.1:13537 - 0 ] INFO  ipc.Client (Client.java:handleConnectionFailure(977)) - Retrying connect to server: localhost/127.0.0.1:13537. Already tried 10 time(s); retry policy is RetryUpToMaximumCountWithFixedSleep(maxRetries=15, sleepTime=1000 MILLISECONDS)
2021-12-28 02:24:05,010 [EndpointStateMachine task thread for /127.0.0.1:13527 - 0 ] INFO  ipc.Client (Client.java:handleConnectionFailure(977)) - Retrying connect to server: localhost/127.0.0.1:13527. Already tried 10 time(s); retry policy is RetryUpToMaximumCountWithFixedSleep(maxRetries=15, sleepTime=1000 MILLISECONDS)
2021-12-28 02:24:05,019 [EndpointStateMachine task thread for /127.0.0.1:13517 - 0 ] INFO  ipc.Client (Client.java:handleConnectionFailure(977)) - Retrying connect to server: localhost/127.0.0.1:13517. Already tried 10 time(s); retry policy is RetryUpToMaximumCountWithFixedSleep(maxRetries=15, sleepTime=1000 MILLISECONDS)
2021-12-28 02:24:05,071 [EndpointStateMachine task thread for /127.0.0.1:12509 - 0 ] INFO  ipc.Client (Client.java:handleConnectionFailure(977)) - Retrying connect to server: localhost/127.0.0.1:12509. Already tried 1 time(s); retry policy is RetryUpToMaximumCountWithFixedSleep(maxRetries=15, sleepTime=1000 MILLISECONDS)
2021-12-28 02:24:05,438 [Datanode State Machine Daemon Thread] ERROR datanode.RunningDatanodeState (RunningDatanodeState.java:computeNextContainerState(199)) - Error in executing end point task.
java.util.concurrent.ExecutionException: java.util.concurrent.TimeoutException
	at java.util.concurrent.FutureTask.report(FutureTask.java:122)
	at java.util.concurrent.FutureTask.get(FutureTask.java:192)
	at org.apache.hadoop.ozone.container.common.states.datanode.RunningDatanodeState.computeNextContainerState(RunningDatanodeState.java:191)
	at org.apache.hadoop.ozone.container.common.states.datanode.RunningDatanodeState.await(RunningDatanodeState.java:231)
	at org.apache.hadoop.ozone.container.common.states.datanode.RunningDatanodeState.await(RunningDatanodeState.java:50)
	at org.apache.hadoop.ozone.container.common.statemachine.StateContext.execute(StateContext.java:633)
	at org.apache.hadoop.ozone.container.common.statemachine.DatanodeStateMachine.start(DatanodeStateMachine.java:280)
	at org.apache.hadoop.ozone.container.common.statemachine.DatanodeStateMachine.lambda$startDaemon$0(DatanodeStateMachine.java:468)
	at java.lang.Thread.run(Thread.java:748)
Caused by: java.util.concurrent.TimeoutException
	at java.util.concurrent.FutureTask.get(FutureTask.java:205)
	at org.apache.hadoop.ozone.container.common.states.datanode.RunningDatanodeState.lambda$execute$0(RunningDatanodeState.java:149)
	at java.util.concurrent.FutureTask.run(FutureTask.java:266)
	at java.util.concurrent.Executors$RunnableAdapter.call(Executors.java:511)
	at java.util.concurrent.FutureTask.run(FutureTask.java:266)
	at java.util.concurrent.ThreadPoolExecutor.runWorker(ThreadPoolExecutor.java:1149)
	at java.util.concurrent.ThreadPoolExecutor$Worker.run(ThreadPoolExecutor.java:624)
	... 1 more
2021-12-28 02:24:05,912 [EndpointStateMachine task thread for /127.0.0.1:12529 - 0 ] INFO  ipc.Client (Client.java:handleConnectionFailure(977)) - Retrying connect to server: localhost/127.0.0.1:12529. Already tried 2 time(s); retry policy is RetryUpToMaximumCountWithFixedSleep(maxRetries=15, sleepTime=1000 MILLISECONDS)
2021-12-28 02:24:05,912 [EndpointStateMachine task thread for /127.0.0.1:12519 - 0 ] INFO  ipc.Client (Client.java:handleConnectionFailure(977)) - Retrying connect to server: localhost/127.0.0.1:12519. Already tried 2 time(s); retry policy is RetryUpToMaximumCountWithFixedSleep(maxRetries=15, sleepTime=1000 MILLISECONDS)
2021-12-28 02:24:06,009 [EndpointStateMachine task thread for /127.0.0.1:13537 - 0 ] INFO  ipc.Client (Client.java:handleConnectionFailure(977)) - Retrying connect to server: localhost/127.0.0.1:13537. Already tried 11 time(s); retry policy is RetryUpToMaximumCountWithFixedSleep(maxRetries=15, sleepTime=1000 MILLISECONDS)
2021-12-28 02:24:06,011 [EndpointStateMachine task thread for /127.0.0.1:13527 - 0 ] INFO  ipc.Client (Client.java:handleConnectionFailure(977)) - Retrying connect to server: localhost/127.0.0.1:13527. Already tried 11 time(s); retry policy is RetryUpToMaximumCountWithFixedSleep(maxRetries=15, sleepTime=1000 MILLISECONDS)
2021-12-28 02:24:06,020 [EndpointStateMachine task thread for /127.0.0.1:13517 - 0 ] INFO  ipc.Client (Client.java:handleConnectionFailure(977)) - Retrying connect to server: localhost/127.0.0.1:13517. Already tried 11 time(s); retry policy is RetryUpToMaximumCountWithFixedSleep(maxRetries=15, sleepTime=1000 MILLISECONDS)
2021-12-28 02:24:06,072 [EndpointStateMachine task thread for /127.0.0.1:12509 - 0 ] INFO  ipc.Client (Client.java:handleConnectionFailure(977)) - Retrying connect to server: localhost/127.0.0.1:12509. Already tried 2 time(s); retry policy is RetryUpToMaximumCountWithFixedSleep(maxRetries=15, sleepTime=1000 MILLISECONDS)
2021-12-28 02:24:06,912 [EndpointStateMachine task thread for /127.0.0.1:12529 - 0 ] INFO  ipc.Client (Client.java:handleConnectionFailure(977)) - Retrying connect to server: localhost/127.0.0.1:12529. Already tried 3 time(s); retry policy is RetryUpToMaximumCountWithFixedSleep(maxRetries=15, sleepTime=1000 MILLISECONDS)
2021-12-28 02:24:06,913 [EndpointStateMachine task thread for /127.0.0.1:12519 - 0 ] INFO  ipc.Client (Client.java:handleConnectionFailure(977)) - Retrying connect to server: localhost/127.0.0.1:12519. Already tried 3 time(s); retry policy is RetryUpToMaximumCountWithFixedSleep(maxRetries=15, sleepTime=1000 MILLISECONDS)
2021-12-28 02:24:07,010 [EndpointStateMachine task thread for /127.0.0.1:13537 - 0 ] INFO  ipc.Client (Client.java:handleConnectionFailure(977)) - Retrying connect to server: localhost/127.0.0.1:13537. Already tried 12 time(s); retry policy is RetryUpToMaximumCountWithFixedSleep(maxRetries=15, sleepTime=1000 MILLISECONDS)
2021-12-28 02:24:07,011 [EndpointStateMachine task thread for /127.0.0.1:13527 - 0 ] INFO  ipc.Client (Client.java:handleConnectionFailure(977)) - Retrying connect to server: localhost/127.0.0.1:13527. Already tried 12 time(s); retry policy is RetryUpToMaximumCountWithFixedSleep(maxRetries=15, sleepTime=1000 MILLISECONDS)
2021-12-28 02:24:07,020 [EndpointStateMachine task thread for /127.0.0.1:13517 - 0 ] INFO  ipc.Client (Client.java:handleConnectionFailure(977)) - Retrying connect to server: localhost/127.0.0.1:13517. Already tried 12 time(s); retry policy is RetryUpToMaximumCountWithFixedSleep(maxRetries=15, sleepTime=1000 MILLISECONDS)
2021-12-28 02:24:07,072 [EndpointStateMachine task thread for /127.0.0.1:12509 - 0 ] INFO  ipc.Client (Client.java:handleConnectionFailure(977)) - Retrying connect to server: localhost/127.0.0.1:12509. Already tried 3 time(s); retry policy is RetryUpToMaximumCountWithFixedSleep(maxRetries=15, sleepTime=1000 MILLISECONDS)
2021-12-28 02:24:07,913 [EndpointStateMachine task thread for /127.0.0.1:12529 - 0 ] INFO  ipc.Client (Client.java:handleConnectionFailure(977)) - Retrying connect to server: localhost/127.0.0.1:12529. Already tried 4 time(s); retry policy is RetryUpToMaximumCountWithFixedSleep(maxRetries=15, sleepTime=1000 MILLISECONDS)
2021-12-28 02:24:07,913 [EndpointStateMachine task thread for /127.0.0.1:12519 - 0 ] INFO  ipc.Client (Client.java:handleConnectionFailure(977)) - Retrying connect to server: localhost/127.0.0.1:12519. Already tried 4 time(s); retry policy is RetryUpToMaximumCountWithFixedSleep(maxRetries=15, sleepTime=1000 MILLISECONDS)
2021-12-28 02:24:08,011 [EndpointStateMachine task thread for /127.0.0.1:13537 - 0 ] INFO  ipc.Client (Client.java:handleConnectionFailure(977)) - Retrying connect to server: localhost/127.0.0.1:13537. Already tried 13 time(s); retry policy is RetryUpToMaximumCountWithFixedSleep(maxRetries=15, sleepTime=1000 MILLISECONDS)
2021-12-28 02:24:08,014 [EndpointStateMachine task thread for /127.0.0.1:13527 - 0 ] INFO  ipc.Client (Client.java:handleConnectionFailure(977)) - Retrying connect to server: localhost/127.0.0.1:13527. Already tried 13 time(s); retry policy is RetryUpToMaximumCountWithFixedSleep(maxRetries=15, sleepTime=1000 MILLISECONDS)
2021-12-28 02:24:08,020 [EndpointStateMachine task thread for /127.0.0.1:13517 - 0 ] INFO  ipc.Client (Client.java:handleConnectionFailure(977)) - Retrying connect to server: localhost/127.0.0.1:13517. Already tried 13 time(s); retry policy is RetryUpToMaximumCountWithFixedSleep(maxRetries=15, sleepTime=1000 MILLISECONDS)
2021-12-28 02:24:08,073 [EndpointStateMachine task thread for /127.0.0.1:12509 - 0 ] INFO  ipc.Client (Client.java:handleConnectionFailure(977)) - Retrying connect to server: localhost/127.0.0.1:12509. Already tried 4 time(s); retry policy is RetryUpToMaximumCountWithFixedSleep(maxRetries=15, sleepTime=1000 MILLISECONDS)
2021-12-28 02:24:08,412 [Listener at 127.0.0.1/13852] INFO  ozoneimpl.OzoneContainer (OzoneContainer.java:stop(336)) - Attempting to stop container services.
2021-12-28 02:24:08,413 [ForkJoinPool.commonPool-worker-1] INFO  ozoneimpl.OzoneContainer (OzoneContainer.java:stop(336)) - Attempting to stop container services.
2021-12-28 02:24:08,413 [Listener at 127.0.0.1/13852] INFO  server.RaftServer (RaftServerProxy.java:lambda$close$6(391)) - 1606c9ac-ae8d-4b60-b668-ad188c7b9b7a: close
2021-12-28 02:24:08,414 [Listener at 127.0.0.1/13852] INFO  server.RaftServer$Division (RaftServerImpl.java:lambda$close$4(412)) - 1606c9ac-ae8d-4b60-b668-ad188c7b9b7a@group-780EFEE5BBA3: shutdown
2021-12-28 02:24:08,414 [Listener at 127.0.0.1/13852] INFO  util.JmxRegister (JmxRegister.java:unregister(73)) - Successfully un-registered JMX Bean with object name Ratis:service=RaftServer,group=group-780EFEE5BBA3,id=1606c9ac-ae8d-4b60-b668-ad188c7b9b7a
2021-12-28 02:24:08,414 [Listener at 127.0.0.1/13852] INFO  impl.RoleInfo (RoleInfo.java:shutdownLeaderState(91)) - 1606c9ac-ae8d-4b60-b668-ad188c7b9b7a: shutdown 1606c9ac-ae8d-4b60-b668-ad188c7b9b7a@group-780EFEE5BBA3-LeaderStateImpl
2021-12-28 02:24:08,414 [Listener at 127.0.0.1/13852] INFO  impl.PendingRequests (PendingRequests.java:sendNotLeaderResponses(282)) - 1606c9ac-ae8d-4b60-b668-ad188c7b9b7a@group-780EFEE5BBA3-PendingRequests: sendNotLeaderResponses
2021-12-28 02:24:08,415 [1606c9ac-ae8d-4b60-b668-ad188c7b9b7a@group-780EFEE5BBA3->d44b9b66-006b-4516-8682-2587942b100c-GrpcLogAppender-LogAppenderDaemon] WARN  server.GrpcLogAppender (GrpcLogAppender.java:mayWait(177)) - 1606c9ac-ae8d-4b60-b668-ad188c7b9b7a@group-780EFEE5BBA3->d44b9b66-006b-4516-8682-2587942b100c-GrpcLogAppender: Wait interrupted by java.lang.InterruptedException
2021-12-28 02:24:08,415 [1606c9ac-ae8d-4b60-b668-ad188c7b9b7a@group-780EFEE5BBA3->e6ec2fd3-a0c6-4f81-ae90-f7327ac63566-GrpcLogAppender-LogAppenderDaemon] WARN  server.GrpcLogAppender (GrpcLogAppender.java:mayWait(177)) - 1606c9ac-ae8d-4b60-b668-ad188c7b9b7a@group-780EFEE5BBA3->e6ec2fd3-a0c6-4f81-ae90-f7327ac63566-GrpcLogAppender: Wait interrupted by java.lang.InterruptedException
2021-12-28 02:24:08,416 [grpc-default-executor-0] INFO  server.GrpcServerProtocolService (GrpcServerProtocolService.java:onCompleted(140)) - d44b9b66-006b-4516-8682-2587942b100c: Completed APPEND_ENTRIES, lastRequest: 1606c9ac-ae8d-4b60-b668-ad188c7b9b7a->d44b9b66-006b-4516-8682-2587942b100c#1-t4,previous=(t:0, i:0),leaderCommit=0,initializing? true,entries: size=1, first=(t:4, i:0), CONFIGURATIONENTRY
2021-12-28 02:24:08,414 [ForkJoinPool.commonPool-worker-1] INFO  server.RaftServer (RaftServerProxy.java:lambda$close$6(391)) - e6ec2fd3-a0c6-4f81-ae90-f7327ac63566: close
2021-12-28 02:24:08,417 [ForkJoinPool.commonPool-worker-1] INFO  server.RaftServer$Division (RaftServerImpl.java:lambda$close$4(412)) - e6ec2fd3-a0c6-4f81-ae90-f7327ac63566@group-780EFEE5BBA3: shutdown
2021-12-28 02:24:08,417 [ForkJoinPool.commonPool-worker-1] INFO  util.JmxRegister (JmxRegister.java:unregister(73)) - Successfully un-registered JMX Bean with object name Ratis:service=RaftServer,group=group-780EFEE5BBA3,id=e6ec2fd3-a0c6-4f81-ae90-f7327ac63566
2021-12-28 02:24:08,417 [ForkJoinPool.commonPool-worker-1] INFO  impl.RoleInfo (RoleInfo.java:shutdownFollowerState(108)) - e6ec2fd3-a0c6-4f81-ae90-f7327ac63566: shutdown e6ec2fd3-a0c6-4f81-ae90-f7327ac63566@group-780EFEE5BBA3-FollowerState
2021-12-28 02:24:08,417 [ForkJoinPool.commonPool-worker-1] INFO  impl.StateMachineUpdater (StateMachineUpdater.java:stopAndJoin(149)) - e6ec2fd3-a0c6-4f81-ae90-f7327ac63566@group-780EFEE5BBA3-StateMachineUpdater: set stopIndex = 0
2021-12-28 02:24:08,417 [e6ec2fd3-a0c6-4f81-ae90-f7327ac63566@group-780EFEE5BBA3-FollowerState] INFO  impl.FollowerState (FollowerState.java:run(143)) - e6ec2fd3-a0c6-4f81-ae90-f7327ac63566@group-780EFEE5BBA3-FollowerState was interrupted: {}
java.lang.InterruptedException: sleep interrupted
	at java.lang.Thread.sleep(Native Method)
	at java.lang.Thread.sleep(Thread.java:340)
	at java.util.concurrent.TimeUnit.sleep(TimeUnit.java:386)
	at org.apache.ratis.util.TimeDuration.sleep(TimeDuration.java:324)
	at org.apache.ratis.util.TimeDuration.sleep(TimeDuration.java:309)
	at org.apache.ratis.server.impl.FollowerState.run(FollowerState.java:118)
2021-12-28 02:24:08,418 [e6ec2fd3-a0c6-4f81-ae90-f7327ac63566@group-780EFEE5BBA3-StateMachineUpdater] INFO  ratis.ContainerStateMachine (ContainerStateMachine.java:takeSnapshot(299)) - group-780EFEE5BBA3: Taking a snapshot at:(t:4, i:0) file /home/runner/work/ozone/ozone/hadoop-ozone/integration-test/target/test-dir/MiniOzoneClusterImpl-b5c7e046-d456-4649-9d8a-956fe40c5cb7/datanode-0/data/ratis/8b8acd11-3b83-4fdc-8c9a-780efee5bba3/sm/snapshot.4_0
2021-12-28 02:24:08,419 [Listener at 127.0.0.1/13852] INFO  impl.StateMachineUpdater (StateMachineUpdater.java:stopAndJoin(149)) - 1606c9ac-ae8d-4b60-b668-ad188c7b9b7a@group-780EFEE5BBA3-StateMachineUpdater: set stopIndex = 0
2021-12-28 02:24:08,419 [grpc-default-executor-1] INFO  server.GrpcLogAppender (GrpcLogAppender.java:onCompleted(346)) - 1606c9ac-ae8d-4b60-b668-ad188c7b9b7a@group-780EFEE5BBA3->d44b9b66-006b-4516-8682-2587942b100c-AppendLogResponseHandler: follower responses appendEntries COMPLETED
2021-12-28 02:24:08,419 [grpc-default-executor-1] INFO  leader.FollowerInfo (FollowerInfoImpl.java:lambda$new$0(47)) - 1606c9ac-ae8d-4b60-b668-ad188c7b9b7a@group-780EFEE5BBA3->d44b9b66-006b-4516-8682-2587942b100c: nextIndex: updateUnconditionally 1 -> 0
2021-12-28 02:24:08,420 [1606c9ac-ae8d-4b60-b668-ad188c7b9b7a@group-780EFEE5BBA3-StateMachineUpdater] INFO  ratis.ContainerStateMachine (ContainerStateMachine.java:takeSnapshot(299)) - group-780EFEE5BBA3: Taking a snapshot at:(t:4, i:0) file /home/runner/work/ozone/ozone/hadoop-ozone/integration-test/target/test-dir/MiniOzoneClusterImpl-b5c7e046-d456-4649-9d8a-956fe40c5cb7/datanode-1/data/ratis/8b8acd11-3b83-4fdc-8c9a-780efee5bba3/sm/snapshot.4_0
2021-12-28 02:24:08,420 [grpc-default-executor-0] INFO  server.GrpcServerProtocolService (GrpcServerProtocolService.java:onCompleted(140)) - e6ec2fd3-a0c6-4f81-ae90-f7327ac63566: Completed APPEND_ENTRIES, lastRequest: 1606c9ac-ae8d-4b60-b668-ad188c7b9b7a->e6ec2fd3-a0c6-4f81-ae90-f7327ac63566#1-t4,previous=(t:0, i:0),leaderCommit=0,initializing? true,entries: size=1, first=(t:4, i:0), CONFIGURATIONENTRY
2021-12-28 02:24:08,422 [grpc-default-executor-1] INFO  server.GrpcLogAppender (GrpcLogAppender.java:onCompleted(346)) - 1606c9ac-ae8d-4b60-b668-ad188c7b9b7a@group-780EFEE5BBA3->e6ec2fd3-a0c6-4f81-ae90-f7327ac63566-AppendLogResponseHandler: follower responses appendEntries COMPLETED
2021-12-28 02:24:08,422 [grpc-default-executor-1] INFO  leader.FollowerInfo (FollowerInfoImpl.java:lambda$new$0(47)) - 1606c9ac-ae8d-4b60-b668-ad188c7b9b7a@group-780EFEE5BBA3->e6ec2fd3-a0c6-4f81-ae90-f7327ac63566: nextIndex: updateUnconditionally 1 -> 0
2021-12-28 02:24:08,422 [1606c9ac-ae8d-4b60-b668-ad188c7b9b7a@group-780EFEE5BBA3-StateMachineUpdater] INFO  ratis.ContainerStateMachine (ContainerStateMachine.java:takeSnapshot(310)) - group-780EFEE5BBA3: Finished taking a snapshot at:(t:4, i:0) file:/home/runner/work/ozone/ozone/hadoop-ozone/integration-test/target/test-dir/MiniOzoneClusterImpl-b5c7e046-d456-4649-9d8a-956fe40c5cb7/datanode-1/data/ratis/8b8acd11-3b83-4fdc-8c9a-780efee5bba3/sm/snapshot.4_0 took: 2 ms
2021-12-28 02:24:08,422 [1606c9ac-ae8d-4b60-b668-ad188c7b9b7a@group-780EFEE5BBA3-StateMachineUpdater] INFO  impl.StateMachineUpdater (StateMachineUpdater.java:takeSnapshot(281)) - 1606c9ac-ae8d-4b60-b668-ad188c7b9b7a@group-780EFEE5BBA3-StateMachineUpdater: Took a snapshot at index 0
2021-12-28 02:24:08,423 [1606c9ac-ae8d-4b60-b668-ad188c7b9b7a@group-780EFEE5BBA3-StateMachineUpdater] INFO  impl.StateMachineUpdater (StateMachineUpdater.java:lambda$new$0(89)) - 1606c9ac-ae8d-4b60-b668-ad188c7b9b7a@group-780EFEE5BBA3-StateMachineUpdater: snapshotIndex: updateIncreasingly -1 -> 0
2021-12-28 02:24:08,423 [Listener at 127.0.0.1/13852] INFO  server.RaftServer$Division (ServerState.java:close(419)) - 1606c9ac-ae8d-4b60-b668-ad188c7b9b7a@group-780EFEE5BBA3: closes. applyIndex: 0
2021-12-28 02:24:08,419 [e6ec2fd3-a0c6-4f81-ae90-f7327ac63566@group-780EFEE5BBA3-StateMachineUpdater] INFO  ratis.ContainerStateMachine (ContainerStateMachine.java:takeSnapshot(310)) - group-780EFEE5BBA3: Finished taking a snapshot at:(t:4, i:0) file:/home/runner/work/ozone/ozone/hadoop-ozone/integration-test/target/test-dir/MiniOzoneClusterImpl-b5c7e046-d456-4649-9d8a-956fe40c5cb7/datanode-0/data/ratis/8b8acd11-3b83-4fdc-8c9a-780efee5bba3/sm/snapshot.4_0 took: 2 ms
2021-12-28 02:24:08,423 [1606c9ac-ae8d-4b60-b668-ad188c7b9b7a@group-780EFEE5BBA3-SegmentedRaftLogWorker] INFO  segmented.SegmentedRaftLogWorker (SegmentedRaftLogWorker.java:run(327)) - 1606c9ac-ae8d-4b60-b668-ad188c7b9b7a@group-780EFEE5BBA3-SegmentedRaftLogWorker was interrupted, exiting. There are 0 tasks remaining in the queue.
2021-12-28 02:24:08,423 [e6ec2fd3-a0c6-4f81-ae90-f7327ac63566@group-780EFEE5BBA3-StateMachineUpdater] INFO  impl.StateMachineUpdater (StateMachineUpdater.java:takeSnapshot(281)) - e6ec2fd3-a0c6-4f81-ae90-f7327ac63566@group-780EFEE5BBA3-StateMachineUpdater: Took a snapshot at index 0
2021-12-28 02:24:08,424 [e6ec2fd3-a0c6-4f81-ae90-f7327ac63566@group-780EFEE5BBA3-StateMachineUpdater] INFO  impl.StateMachineUpdater (StateMachineUpdater.java:lambda$new$0(89)) - e6ec2fd3-a0c6-4f81-ae90-f7327ac63566@group-780EFEE5BBA3-StateMachineUpdater: snapshotIndex: updateIncreasingly -1 -> 0
2021-12-28 02:24:08,424 [ForkJoinPool.commonPool-worker-1] INFO  server.RaftServer$Division (ServerState.java:close(419)) - e6ec2fd3-a0c6-4f81-ae90-f7327ac63566@group-780EFEE5BBA3: closes. applyIndex: 0
2021-12-28 02:24:08,424 [e6ec2fd3-a0c6-4f81-ae90-f7327ac63566@group-780EFEE5BBA3-SegmentedRaftLogWorker] INFO  segmented.SegmentedRaftLogWorker (SegmentedRaftLogWorker.java:run(327)) - e6ec2fd3-a0c6-4f81-ae90-f7327ac63566@group-780EFEE5BBA3-SegmentedRaftLogWorker was interrupted, exiting. There are 0 tasks remaining in the queue.
2021-12-28 02:24:08,433 [Listener at 127.0.0.1/13852] INFO  segmented.SegmentedRaftLogWorker (SegmentedRaftLogWorker.java:close(237)) - 1606c9ac-ae8d-4b60-b668-ad188c7b9b7a@group-780EFEE5BBA3-SegmentedRaftLogWorker close()
2021-12-28 02:24:08,439 [ForkJoinPool.commonPool-worker-1] INFO  segmented.SegmentedRaftLogWorker (SegmentedRaftLogWorker.java:close(237)) - e6ec2fd3-a0c6-4f81-ae90-f7327ac63566@group-780EFEE5BBA3-SegmentedRaftLogWorker close()
2021-12-28 02:24:08,439 [Listener at 127.0.0.1/13852] INFO  server.RaftServer$Division (RaftServerImpl.java:lambda$close$4(412)) - 1606c9ac-ae8d-4b60-b668-ad188c7b9b7a@group-D498122A220C: shutdown
2021-12-28 02:24:08,440 [Listener at 127.0.0.1/13852] INFO  util.JmxRegister (JmxRegister.java:unregister(73)) - Successfully un-registered JMX Bean with object name Ratis:service=RaftServer,group=group-D498122A220C,id=1606c9ac-ae8d-4b60-b668-ad188c7b9b7a
2021-12-28 02:24:08,440 [Listener at 127.0.0.1/13852] INFO  impl.RoleInfo (RoleInfo.java:shutdownFollowerState(108)) - 1606c9ac-ae8d-4b60-b668-ad188c7b9b7a: shutdown 1606c9ac-ae8d-4b60-b668-ad188c7b9b7a@group-D498122A220C-FollowerState
2021-12-28 02:24:08,440 [Listener at 127.0.0.1/13852] INFO  impl.StateMachineUpdater (StateMachineUpdater.java:stopAndJoin(149)) - 1606c9ac-ae8d-4b60-b668-ad188c7b9b7a@group-D498122A220C-StateMachineUpdater: set stopIndex = 0
2021-12-28 02:24:08,440 [1606c9ac-ae8d-4b60-b668-ad188c7b9b7a@group-D498122A220C-FollowerState] INFO  impl.FollowerState (FollowerState.java:run(143)) - 1606c9ac-ae8d-4b60-b668-ad188c7b9b7a@group-D498122A220C-FollowerState was interrupted: {}
java.lang.InterruptedException: sleep interrupted
	at java.lang.Thread.sleep(Native Method)
	at java.lang.Thread.sleep(Thread.java:340)
	at java.util.concurrent.TimeUnit.sleep(TimeUnit.java:386)
	at org.apache.ratis.util.TimeDuration.sleep(TimeDuration.java:324)
	at org.apache.ratis.util.TimeDuration.sleep(TimeDuration.java:309)
	at org.apache.ratis.server.impl.FollowerState.run(FollowerState.java:118)
2021-12-28 02:24:08,440 [1606c9ac-ae8d-4b60-b668-ad188c7b9b7a@group-D498122A220C-StateMachineUpdater] INFO  ratis.ContainerStateMachine (ContainerStateMachine.java:takeSnapshot(299)) - group-D498122A220C: Taking a snapshot at:(t:3, i:0) file /home/runner/work/ozone/ozone/hadoop-ozone/integration-test/target/test-dir/MiniOzoneClusterImpl-b5c7e046-d456-4649-9d8a-956fe40c5cb7/datanode-1/data/ratis/e6f8f755-bbc8-4421-a05d-d498122a220c/sm/snapshot.3_0
2021-12-28 02:24:08,441 [Datanode State Machine Daemon Thread] ERROR datanode.RunningDatanodeState (RunningDatanodeState.java:computeNextContainerState(199)) - Error in executing end point task.
java.util.concurrent.ExecutionException: java.util.concurrent.TimeoutException
	at java.util.concurrent.FutureTask.report(FutureTask.java:122)
	at java.util.concurrent.FutureTask.get(FutureTask.java:192)
	at org.apache.hadoop.ozone.container.common.states.datanode.RunningDatanodeState.computeNextContainerState(RunningDatanodeState.java:191)
	at org.apache.hadoop.ozone.container.common.states.datanode.RunningDatanodeState.await(RunningDatanodeState.java:231)
	at org.apache.hadoop.ozone.container.common.states.datanode.RunningDatanodeState.await(RunningDatanodeState.java:50)
	at org.apache.hadoop.ozone.container.common.statemachine.StateContext.execute(StateContext.java:633)
	at org.apache.hadoop.ozone.container.common.statemachine.DatanodeStateMachine.start(DatanodeStateMachine.java:280)
	at org.apache.hadoop.ozone.container.common.statemachine.DatanodeStateMachine.lambda$startDaemon$0(DatanodeStateMachine.java:468)
	at java.lang.Thread.run(Thread.java:748)
Caused by: java.util.concurrent.TimeoutException
	at java.util.concurrent.FutureTask.get(FutureTask.java:205)
	at org.apache.hadoop.ozone.container.common.states.datanode.RunningDatanodeState.lambda$execute$0(RunningDatanodeState.java:149)
	at java.util.concurrent.FutureTask.run(FutureTask.java:266)
	at java.util.concurrent.Executors$RunnableAdapter.call(Executors.java:511)
	at java.util.concurrent.FutureTask.run(FutureTask.java:266)
	at java.util.concurrent.ThreadPoolExecutor.runWorker(ThreadPoolExecutor.java:1149)
	at java.util.concurrent.ThreadPoolExecutor$Worker.run(ThreadPoolExecutor.java:624)
	... 1 more
2021-12-28 02:24:08,442 [ForkJoinPool.commonPool-worker-1] INFO  server.RaftServer$Division (RaftServerImpl.java:lambda$close$4(412)) - e6ec2fd3-a0c6-4f81-ae90-f7327ac63566@group-D498122A220C: shutdown
2021-12-28 02:24:08,443 [ForkJoinPool.commonPool-worker-1] INFO  util.JmxRegister (JmxRegister.java:unregister(73)) - Successfully un-registered JMX Bean with object name Ratis:service=RaftServer,group=group-D498122A220C,id=e6ec2fd3-a0c6-4f81-ae90-f7327ac63566
2021-12-28 02:24:08,443 [ForkJoinPool.commonPool-worker-1] INFO  impl.RoleInfo (RoleInfo.java:shutdownFollowerState(108)) - e6ec2fd3-a0c6-4f81-ae90-f7327ac63566: shutdown e6ec2fd3-a0c6-4f81-ae90-f7327ac63566@group-D498122A220C-FollowerState
2021-12-28 02:24:08,443 [ForkJoinPool.commonPool-worker-1] INFO  impl.StateMachineUpdater (StateMachineUpdater.java:stopAndJoin(149)) - e6ec2fd3-a0c6-4f81-ae90-f7327ac63566@group-D498122A220C-StateMachineUpdater: set stopIndex = 0
2021-12-28 02:24:08,443 [1606c9ac-ae8d-4b60-b668-ad188c7b9b7a@group-D498122A220C-StateMachineUpdater] INFO  ratis.ContainerStateMachine (ContainerStateMachine.java:takeSnapshot(310)) - group-D498122A220C: Finished taking a snapshot at:(t:3, i:0) file:/home/runner/work/ozone/ozone/hadoop-ozone/integration-test/target/test-dir/MiniOzoneClusterImpl-b5c7e046-d456-4649-9d8a-956fe40c5cb7/datanode-1/data/ratis/e6f8f755-bbc8-4421-a05d-d498122a220c/sm/snapshot.3_0 took: 2 ms
2021-12-28 02:24:08,443 [1606c9ac-ae8d-4b60-b668-ad188c7b9b7a@group-D498122A220C-StateMachineUpdater] INFO  impl.StateMachineUpdater (StateMachineUpdater.java:takeSnapshot(281)) - 1606c9ac-ae8d-4b60-b668-ad188c7b9b7a@group-D498122A220C-StateMachineUpdater: Took a snapshot at index 0
2021-12-28 02:24:08,443 [1606c9ac-ae8d-4b60-b668-ad188c7b9b7a@group-D498122A220C-StateMachineUpdater] INFO  impl.StateMachineUpdater (StateMachineUpdater.java:lambda$new$0(89)) - 1606c9ac-ae8d-4b60-b668-ad188c7b9b7a@group-D498122A220C-StateMachineUpdater: snapshotIndex: updateIncreasingly -1 -> 0
2021-12-28 02:24:08,443 [e6ec2fd3-a0c6-4f81-ae90-f7327ac63566@group-D498122A220C-FollowerState] INFO  impl.FollowerState (FollowerState.java:run(143)) - e6ec2fd3-a0c6-4f81-ae90-f7327ac63566@group-D498122A220C-FollowerState was interrupted: {}
java.lang.InterruptedException: sleep interrupted
	at java.lang.Thread.sleep(Native Method)
	at java.lang.Thread.sleep(Thread.java:340)
	at java.util.concurrent.TimeUnit.sleep(TimeUnit.java:386)
	at org.apache.ratis.util.TimeDuration.sleep(TimeDuration.java:324)
	at org.apache.ratis.util.TimeDuration.sleep(TimeDuration.java:309)
	at org.apache.ratis.server.impl.FollowerState.run(FollowerState.java:118)
2021-12-28 02:24:08,444 [e6ec2fd3-a0c6-4f81-ae90-f7327ac63566@group-D498122A220C-StateMachineUpdater] INFO  ratis.ContainerStateMachine (ContainerStateMachine.java:takeSnapshot(299)) - group-D498122A220C: Taking a snapshot at:(t:3, i:0) file /home/runner/work/ozone/ozone/hadoop-ozone/integration-test/target/test-dir/MiniOzoneClusterImpl-b5c7e046-d456-4649-9d8a-956fe40c5cb7/datanode-0/data/ratis/e6f8f755-bbc8-4421-a05d-d498122a220c/sm/snapshot.3_0
2021-12-28 02:24:08,444 [Listener at 127.0.0.1/13852] INFO  server.RaftServer$Division (ServerState.java:close(419)) - 1606c9ac-ae8d-4b60-b668-ad188c7b9b7a@group-D498122A220C: closes. applyIndex: 0
2021-12-28 02:24:08,444 [1606c9ac-ae8d-4b60-b668-ad188c7b9b7a@group-D498122A220C-SegmentedRaftLogWorker] INFO  segmented.SegmentedRaftLogWorker (SegmentedRaftLogWorker.java:run(327)) - 1606c9ac-ae8d-4b60-b668-ad188c7b9b7a@group-D498122A220C-SegmentedRaftLogWorker was interrupted, exiting. There are 0 tasks remaining in the queue.
2021-12-28 02:24:08,445 [e6ec2fd3-a0c6-4f81-ae90-f7327ac63566@group-D498122A220C-StateMachineUpdater] INFO  ratis.ContainerStateMachine (ContainerStateMachine.java:takeSnapshot(310)) - group-D498122A220C: Finished taking a snapshot at:(t:3, i:0) file:/home/runner/work/ozone/ozone/hadoop-ozone/integration-test/target/test-dir/MiniOzoneClusterImpl-b5c7e046-d456-4649-9d8a-956fe40c5cb7/datanode-0/data/ratis/e6f8f755-bbc8-4421-a05d-d498122a220c/sm/snapshot.3_0 took: 1 ms
2021-12-28 02:24:08,445 [e6ec2fd3-a0c6-4f81-ae90-f7327ac63566@group-D498122A220C-StateMachineUpdater] INFO  impl.StateMachineUpdater (StateMachineUpdater.java:takeSnapshot(281)) - e6ec2fd3-a0c6-4f81-ae90-f7327ac63566@group-D498122A220C-StateMachineUpdater: Took a snapshot at index 0
2021-12-28 02:24:08,445 [e6ec2fd3-a0c6-4f81-ae90-f7327ac63566@group-D498122A220C-StateMachineUpdater] INFO  impl.StateMachineUpdater (StateMachineUpdater.java:lambda$new$0(89)) - e6ec2fd3-a0c6-4f81-ae90-f7327ac63566@group-D498122A220C-StateMachineUpdater: snapshotIndex: updateIncreasingly -1 -> 0
2021-12-28 02:24:08,445 [ForkJoinPool.commonPool-worker-1] INFO  server.RaftServer$Division (ServerState.java:close(419)) - e6ec2fd3-a0c6-4f81-ae90-f7327ac63566@group-D498122A220C: closes. applyIndex: 0
2021-12-28 02:24:08,445 [e6ec2fd3-a0c6-4f81-ae90-f7327ac63566@group-D498122A220C-SegmentedRaftLogWorker] INFO  segmented.SegmentedRaftLogWorker (SegmentedRaftLogWorker.java:run(327)) - e6ec2fd3-a0c6-4f81-ae90-f7327ac63566@group-D498122A220C-SegmentedRaftLogWorker was interrupted, exiting. There are 0 tasks remaining in the queue.
2021-12-28 02:24:08,450 [Listener at 127.0.0.1/13852] INFO  segmented.SegmentedRaftLogWorker (SegmentedRaftLogWorker.java:close(237)) - 1606c9ac-ae8d-4b60-b668-ad188c7b9b7a@group-D498122A220C-SegmentedRaftLogWorker close()
2021-12-28 02:24:08,451 [ForkJoinPool.commonPool-worker-1] INFO  segmented.SegmentedRaftLogWorker (SegmentedRaftLogWorker.java:close(237)) - e6ec2fd3-a0c6-4f81-ae90-f7327ac63566@group-D498122A220C-SegmentedRaftLogWorker close()
2021-12-28 02:24:08,451 [Listener at 127.0.0.1/13852] INFO  server.RaftServer$Division (RaftServerImpl.java:lambda$close$4(412)) - 1606c9ac-ae8d-4b60-b668-ad188c7b9b7a@group-94E367CED92C: shutdown
2021-12-28 02:24:08,451 [Listener at 127.0.0.1/13852] INFO  util.JmxRegister (JmxRegister.java:unregister(73)) - Successfully un-registered JMX Bean with object name Ratis:service=RaftServer,group=group-94E367CED92C,id=1606c9ac-ae8d-4b60-b668-ad188c7b9b7a
2021-12-28 02:24:08,452 [Listener at 127.0.0.1/13852] INFO  impl.RoleInfo (RoleInfo.java:shutdownLeaderState(91)) - 1606c9ac-ae8d-4b60-b668-ad188c7b9b7a: shutdown 1606c9ac-ae8d-4b60-b668-ad188c7b9b7a@group-94E367CED92C-LeaderStateImpl
2021-12-28 02:24:08,452 [Listener at 127.0.0.1/13852] INFO  impl.PendingRequests (PendingRequests.java:sendNotLeaderResponses(282)) - 1606c9ac-ae8d-4b60-b668-ad188c7b9b7a@group-94E367CED92C-PendingRequests: sendNotLeaderResponses
2021-12-28 02:24:08,453 [Listener at 127.0.0.1/13852] INFO  impl.StateMachineUpdater (StateMachineUpdater.java:stopAndJoin(149)) - 1606c9ac-ae8d-4b60-b668-ad188c7b9b7a@group-94E367CED92C-StateMachineUpdater: set stopIndex = 0
2021-12-28 02:24:08,453 [1606c9ac-ae8d-4b60-b668-ad188c7b9b7a@group-94E367CED92C-StateMachineUpdater] INFO  ratis.ContainerStateMachine (ContainerStateMachine.java:takeSnapshot(299)) - group-94E367CED92C: Taking a snapshot at:(t:1, i:0) file /home/runner/work/ozone/ozone/hadoop-ozone/integration-test/target/test-dir/MiniOzoneClusterImpl-b5c7e046-d456-4649-9d8a-956fe40c5cb7/datanode-1/data/ratis/398c00e6-2b17-4931-bbf4-94e367ced92c/sm/snapshot.1_0
2021-12-28 02:24:08,454 [ForkJoinPool.commonPool-worker-1] INFO  server.RaftServer$Division (RaftServerImpl.java:lambda$close$4(412)) - e6ec2fd3-a0c6-4f81-ae90-f7327ac63566@group-6789B4CA4529: shutdown
2021-12-28 02:24:08,454 [ForkJoinPool.commonPool-worker-1] INFO  util.JmxRegister (JmxRegister.java:unregister(73)) - Successfully un-registered JMX Bean with object name Ratis:service=RaftServer,group=group-6789B4CA4529,id=e6ec2fd3-a0c6-4f81-ae90-f7327ac63566
2021-12-28 02:24:08,454 [ForkJoinPool.commonPool-worker-1] INFO  impl.RoleInfo (RoleInfo.java:shutdownLeaderState(91)) - e6ec2fd3-a0c6-4f81-ae90-f7327ac63566: shutdown e6ec2fd3-a0c6-4f81-ae90-f7327ac63566@group-6789B4CA4529-LeaderStateImpl
2021-12-28 02:24:08,455 [ForkJoinPool.commonPool-worker-1] INFO  impl.PendingRequests (PendingRequests.java:sendNotLeaderResponses(282)) - e6ec2fd3-a0c6-4f81-ae90-f7327ac63566@group-6789B4CA4529-PendingRequests: sendNotLeaderResponses
2021-12-28 02:24:08,455 [ForkJoinPool.commonPool-worker-1] INFO  impl.StateMachineUpdater (StateMachineUpdater.java:stopAndJoin(149)) - e6ec2fd3-a0c6-4f81-ae90-f7327ac63566@group-6789B4CA4529-StateMachineUpdater: set stopIndex = 0
2021-12-28 02:24:08,455 [e6ec2fd3-a0c6-4f81-ae90-f7327ac63566@group-6789B4CA4529-StateMachineUpdater] INFO  ratis.ContainerStateMachine (ContainerStateMachine.java:takeSnapshot(299)) - group-6789B4CA4529: Taking a snapshot at:(t:1, i:0) file /home/runner/work/ozone/ozone/hadoop-ozone/integration-test/target/test-dir/MiniOzoneClusterImpl-b5c7e046-d456-4649-9d8a-956fe40c5cb7/datanode-0/data/ratis/3be6d057-b009-4245-a5ea-6789b4ca4529/sm/snapshot.1_0
2021-12-28 02:24:08,454 [1606c9ac-ae8d-4b60-b668-ad188c7b9b7a@group-94E367CED92C-StateMachineUpdater] INFO  ratis.ContainerStateMachine (ContainerStateMachine.java:takeSnapshot(310)) - group-94E367CED92C: Finished taking a snapshot at:(t:1, i:0) file:/home/runner/work/ozone/ozone/hadoop-ozone/integration-test/target/test-dir/MiniOzoneClusterImpl-b5c7e046-d456-4649-9d8a-956fe40c5cb7/datanode-1/data/ratis/398c00e6-2b17-4931-bbf4-94e367ced92c/sm/snapshot.1_0 took: 0 ms
2021-12-28 02:24:08,456 [1606c9ac-ae8d-4b60-b668-ad188c7b9b7a@group-94E367CED92C-StateMachineUpdater] INFO  impl.StateMachineUpdater (StateMachineUpdater.java:takeSnapshot(281)) - 1606c9ac-ae8d-4b60-b668-ad188c7b9b7a@group-94E367CED92C-StateMachineUpdater: Took a snapshot at index 0
2021-12-28 02:24:08,456 [1606c9ac-ae8d-4b60-b668-ad188c7b9b7a@group-94E367CED92C-StateMachineUpdater] INFO  impl.StateMachineUpdater (StateMachineUpdater.java:lambda$new$0(89)) - 1606c9ac-ae8d-4b60-b668-ad188c7b9b7a@group-94E367CED92C-StateMachineUpdater: snapshotIndex: updateIncreasingly -1 -> 0
2021-12-28 02:24:08,456 [e6ec2fd3-a0c6-4f81-ae90-f7327ac63566@group-6789B4CA4529-StateMachineUpdater] INFO  ratis.ContainerStateMachine (ContainerStateMachine.java:takeSnapshot(310)) - group-6789B4CA4529: Finished taking a snapshot at:(t:1, i:0) file:/home/runner/work/ozone/ozone/hadoop-ozone/integration-test/target/test-dir/MiniOzoneClusterImpl-b5c7e046-d456-4649-9d8a-956fe40c5cb7/datanode-0/data/ratis/3be6d057-b009-4245-a5ea-6789b4ca4529/sm/snapshot.1_0 took: 0 ms
2021-12-28 02:24:08,456 [e6ec2fd3-a0c6-4f81-ae90-f7327ac63566@group-6789B4CA4529-StateMachineUpdater] INFO  impl.StateMachineUpdater (StateMachineUpdater.java:takeSnapshot(281)) - e6ec2fd3-a0c6-4f81-ae90-f7327ac63566@group-6789B4CA4529-StateMachineUpdater: Took a snapshot at index 0
2021-12-28 02:24:08,456 [e6ec2fd3-a0c6-4f81-ae90-f7327ac63566@group-6789B4CA4529-StateMachineUpdater] INFO  impl.StateMachineUpdater (StateMachineUpdater.java:lambda$new$0(89)) - e6ec2fd3-a0c6-4f81-ae90-f7327ac63566@group-6789B4CA4529-StateMachineUpdater: snapshotIndex: updateIncreasingly -1 -> 0
2021-12-28 02:24:08,456 [ForkJoinPool.commonPool-worker-1] INFO  server.RaftServer$Division (ServerState.java:close(419)) - e6ec2fd3-a0c6-4f81-ae90-f7327ac63566@group-6789B4CA4529: closes. applyIndex: 0
2021-12-28 02:24:08,457 [e6ec2fd3-a0c6-4f81-ae90-f7327ac63566@group-6789B4CA4529-SegmentedRaftLogWorker] INFO  segmented.SegmentedRaftLogWorker (SegmentedRaftLogWorker.java:run(327)) - e6ec2fd3-a0c6-4f81-ae90-f7327ac63566@group-6789B4CA4529-SegmentedRaftLogWorker was interrupted, exiting. There are 0 tasks remaining in the queue.
2021-12-28 02:24:08,457 [Listener at 127.0.0.1/13852] INFO  server.RaftServer$Division (ServerState.java:close(419)) - 1606c9ac-ae8d-4b60-b668-ad188c7b9b7a@group-94E367CED92C: closes. applyIndex: 0
2021-12-28 02:24:08,457 [1606c9ac-ae8d-4b60-b668-ad188c7b9b7a@group-94E367CED92C-SegmentedRaftLogWorker] INFO  segmented.SegmentedRaftLogWorker (SegmentedRaftLogWorker.java:run(327)) - 1606c9ac-ae8d-4b60-b668-ad188c7b9b7a@group-94E367CED92C-SegmentedRaftLogWorker was interrupted, exiting. There are 0 tasks remaining in the queue.
2021-12-28 02:24:08,458 [ForkJoinPool.commonPool-worker-1] INFO  segmented.SegmentedRaftLogWorker (SegmentedRaftLogWorker.java:close(237)) - e6ec2fd3-a0c6-4f81-ae90-f7327ac63566@group-6789B4CA4529-SegmentedRaftLogWorker close()
2021-12-28 02:24:08,458 [Listener at 127.0.0.1/13852] INFO  segmented.SegmentedRaftLogWorker (SegmentedRaftLogWorker.java:close(237)) - 1606c9ac-ae8d-4b60-b668-ad188c7b9b7a@group-94E367CED92C-SegmentedRaftLogWorker close()
2021-12-28 02:24:08,460 [ForkJoinPool.commonPool-worker-1] INFO  server.GrpcService (GrpcService.java:closeImpl(262)) - e6ec2fd3-a0c6-4f81-ae90-f7327ac63566: shutdown server with port 38023 now
2021-12-28 02:24:08,460 [Listener at 127.0.0.1/13852] INFO  server.GrpcService (GrpcService.java:closeImpl(262)) - 1606c9ac-ae8d-4b60-b668-ad188c7b9b7a: shutdown server with port 44611 now
2021-12-28 02:24:08,461 [grpc-default-executor-1] WARN  server.GrpcServerProtocolService (LogUtils.java:warn(122)) - e6ec2fd3-a0c6-4f81-ae90-f7327ac63566: installSnapshot onError, lastRequest: d44b9b66-006b-4516-8682-2587942b100c->e6ec2fd3-a0c6-4f81-ae90-f7327ac63566#1-t3,previous=(t:0, i:0),leaderCommit=0,initializing? true,entries: size=1, first=(t:3, i:0), CONFIGURATIONENTRY: org.apache.ratis.thirdparty.io.grpc.StatusRuntimeException: CANCELLED: client cancelled
2021-12-28 02:24:08,461 [grpc-default-executor-2] WARN  server.GrpcLogAppender (LogUtils.java:warn(122)) - d44b9b66-006b-4516-8682-2587942b100c@group-D498122A220C->e6ec2fd3-a0c6-4f81-ae90-f7327ac63566-AppendLogResponseHandler: Failed appendEntries: org.apache.ratis.thirdparty.io.grpc.StatusRuntimeException: CANCELLED: HTTP/2 error code: CANCEL
Received Rst Stream
2021-12-28 02:24:08,462 [grpc-default-executor-2] WARN  server.GrpcLogAppender (GrpcLogAppender.java:resetClient(110)) - d44b9b66-006b-4516-8682-2587942b100c@group-D498122A220C->e6ec2fd3-a0c6-4f81-ae90-f7327ac63566-GrpcLogAppender: Leader has not got in touch with Follower d44b9b66-006b-4516-8682-2587942b100c@group-D498122A220C->e6ec2fd3-a0c6-4f81-ae90-f7327ac63566(c0,m0,n1, attendVote=true, lastRpcSendTime=1894, lastRpcResponseTime=1887) yet, just keep nextIndex unchanged and retry.
2021-12-28 02:24:08,478 [grpc-default-executor-2] WARN  server.GrpcLogAppender (LogUtils.java:warn(122)) - d44b9b66-006b-4516-8682-2587942b100c@group-D498122A220C->1606c9ac-ae8d-4b60-b668-ad188c7b9b7a-AppendLogResponseHandler: Failed appendEntries: org.apache.ratis.thirdparty.io.grpc.StatusRuntimeException: CANCELLED: HTTP/2 error code: CANCEL
Received Rst Stream
2021-12-28 02:24:08,479 [grpc-default-executor-2] WARN  server.GrpcLogAppender (GrpcLogAppender.java:resetClient(110)) - d44b9b66-006b-4516-8682-2587942b100c@group-D498122A220C->1606c9ac-ae8d-4b60-b668-ad188c7b9b7a-GrpcLogAppender: Leader has not got in touch with Follower d44b9b66-006b-4516-8682-2587942b100c@group-D498122A220C->1606c9ac-ae8d-4b60-b668-ad188c7b9b7a(c0,m0,n1, attendVote=true, lastRpcSendTime=1889, lastRpcResponseTime=1883) yet, just keep nextIndex unchanged and retry.
2021-12-28 02:24:08,510 [grpc-default-executor-3] WARN  server.GrpcServerProtocolService (LogUtils.java:warn(122)) - 1606c9ac-ae8d-4b60-b668-ad188c7b9b7a: installSnapshot onError, lastRequest: d44b9b66-006b-4516-8682-2587942b100c->1606c9ac-ae8d-4b60-b668-ad188c7b9b7a#1-t3,previous=(t:0, i:0),leaderCommit=0,initializing? true,entries: size=1, first=(t:3, i:0), CONFIGURATIONENTRY: org.apache.ratis.thirdparty.io.grpc.StatusRuntimeException: CANCELLED: client cancelled
2021-12-28 02:24:08,527 [ForkJoinPool.commonPool-worker-1] INFO  server.GrpcService (GrpcService.java:closeImpl(271)) - e6ec2fd3-a0c6-4f81-ae90-f7327ac63566: shutdown server with port 38023 successfully
2021-12-28 02:24:08,527 [org.apache.ratis.util.JvmPauseMonitor$$Lambda$499/2075133112@ed7d746] INFO  util.JvmPauseMonitor (JvmPauseMonitor.java:run(109)) - JvmPauseMonitor-e6ec2fd3-a0c6-4f81-ae90-f7327ac63566: Stopped
2021-12-28 02:24:08,538 [Listener at 127.0.0.1/13852] INFO  server.GrpcService (GrpcService.java:closeImpl(271)) - 1606c9ac-ae8d-4b60-b668-ad188c7b9b7a: shutdown server with port 44611 successfully
2021-12-28 02:24:08,538 [org.apache.ratis.util.JvmPauseMonitor$$Lambda$499/2075133112@72a273c1] INFO  util.JvmPauseMonitor (JvmPauseMonitor.java:run(109)) - JvmPauseMonitor-1606c9ac-ae8d-4b60-b668-ad188c7b9b7a: Stopped
2021-12-28 02:24:08,913 [EndpointStateMachine task thread for /127.0.0.1:12529 - 0 ] INFO  ipc.Client (Client.java:handleConnectionFailure(977)) - Retrying connect to server: localhost/127.0.0.1:12529. Already tried 5 time(s); retry policy is RetryUpToMaximumCountWithFixedSleep(maxRetries=15, sleepTime=1000 MILLISECONDS)
2021-12-28 02:24:08,914 [EndpointStateMachine task thread for /127.0.0.1:12519 - 0 ] INFO  ipc.Client (Client.java:handleConnectionFailure(977)) - Retrying connect to server: localhost/127.0.0.1:12519. Already tried 5 time(s); retry policy is RetryUpToMaximumCountWithFixedSleep(maxRetries=15, sleepTime=1000 MILLISECONDS)
2021-12-28 02:24:09,011 [EndpointStateMachine task thread for /127.0.0.1:13537 - 0 ] INFO  ipc.Client (Client.java:handleConnectionFailure(977)) - Retrying connect to server: localhost/127.0.0.1:13537. Already tried 14 time(s); retry policy is RetryUpToMaximumCountWithFixedSleep(maxRetries=15, sleepTime=1000 MILLISECONDS)
2021-12-28 02:24:09,014 [EndpointStateMachine task thread for /127.0.0.1:13527 - 0 ] INFO  ipc.Client (Client.java:handleConnectionFailure(977)) - Retrying connect to server: localhost/127.0.0.1:13527. Already tried 14 time(s); retry policy is RetryUpToMaximumCountWithFixedSleep(maxRetries=15, sleepTime=1000 MILLISECONDS)
2021-12-28 02:24:09,021 [EndpointStateMachine task thread for /127.0.0.1:13517 - 0 ] INFO  ipc.Client (Client.java:handleConnectionFailure(977)) - Retrying connect to server: localhost/127.0.0.1:13517. Already tried 14 time(s); retry policy is RetryUpToMaximumCountWithFixedSleep(maxRetries=15, sleepTime=1000 MILLISECONDS)
2021-12-28 02:24:09,075 [EndpointStateMachine task thread for /127.0.0.1:12509 - 0 ] INFO  ipc.Client (Client.java:handleConnectionFailure(977)) - Retrying connect to server: localhost/127.0.0.1:12509. Already tried 5 time(s); retry policy is RetryUpToMaximumCountWithFixedSleep(maxRetries=15, sleepTime=1000 MILLISECONDS)
2021-12-28 02:24:09,095 [grpc-default-executor-0] WARN  server.GrpcLogAppender (LogUtils.java:warn(122)) - d44b9b66-006b-4516-8682-2587942b100c@group-D498122A220C->e6ec2fd3-a0c6-4f81-ae90-f7327ac63566-AppendLogResponseHandler: Failed appendEntries: org.apache.ratis.thirdparty.io.grpc.StatusRuntimeException: UNAVAILABLE: io exception
2021-12-28 02:24:09,096 [grpc-default-executor-0] WARN  server.GrpcLogAppender (GrpcLogAppender.java:resetClient(110)) - d44b9b66-006b-4516-8682-2587942b100c@group-D498122A220C->e6ec2fd3-a0c6-4f81-ae90-f7327ac63566-GrpcLogAppender: Leader has not got in touch with Follower d44b9b66-006b-4516-8682-2587942b100c@group-D498122A220C->e6ec2fd3-a0c6-4f81-ae90-f7327ac63566(c0,m0,n1, attendVote=true, lastRpcSendTime=1, lastRpcResponseTime=2522) yet, just keep nextIndex unchanged and retry.
2021-12-28 02:24:09,110 [grpc-default-executor-3] WARN  server.GrpcLogAppender (LogUtils.java:warn(122)) - d44b9b66-006b-4516-8682-2587942b100c@group-D498122A220C->1606c9ac-ae8d-4b60-b668-ad188c7b9b7a-AppendLogResponseHandler: Failed appendEntries: org.apache.ratis.thirdparty.io.grpc.StatusRuntimeException: UNAVAILABLE: io exception
2021-12-28 02:24:09,111 [grpc-default-executor-3] WARN  server.GrpcLogAppender (GrpcLogAppender.java:resetClient(110)) - d44b9b66-006b-4516-8682-2587942b100c@group-D498122A220C->1606c9ac-ae8d-4b60-b668-ad188c7b9b7a-GrpcLogAppender: Leader has not got in touch with Follower d44b9b66-006b-4516-8682-2587942b100c@group-D498122A220C->1606c9ac-ae8d-4b60-b668-ad188c7b9b7a(c0,m0,n1, attendVote=true, lastRpcSendTime=6, lastRpcResponseTime=2515) yet, just keep nextIndex unchanged and retry.
2021-12-28 02:24:09,916 [EndpointStateMachine task thread for /127.0.0.1:12519 - 0 ] INFO  ipc.Client (Client.java:handleConnectionFailure(977)) - Retrying connect to server: localhost/127.0.0.1:12519. Already tried 6 time(s); retry policy is RetryUpToMaximumCountWithFixedSleep(maxRetries=15, sleepTime=1000 MILLISECONDS)
2021-12-28 02:24:09,917 [EndpointStateMachine task thread for /127.0.0.1:12529 - 0 ] INFO  ipc.Client (Client.java:handleConnectionFailure(977)) - Retrying connect to server: localhost/127.0.0.1:12529. Already tried 6 time(s); retry policy is RetryUpToMaximumCountWithFixedSleep(maxRetries=15, sleepTime=1000 MILLISECONDS)
2021-12-28 02:24:10,013 [EndpointStateMachine task thread for /127.0.0.1:13537 - 0 ] INFO  ipc.Client (Client.java:handleConnectionFailure(977)) - Retrying connect to server: localhost/127.0.0.1:13537. Already tried 0 time(s); retry policy is RetryUpToMaximumCountWithFixedSleep(maxRetries=15, sleepTime=1000 MILLISECONDS)
2021-12-28 02:24:10,015 [EndpointStateMachine task thread for /127.0.0.1:13527 - 0 ] INFO  ipc.Client (Client.java:handleConnectionFailure(977)) - Retrying connect to server: localhost/127.0.0.1:13527. Already tried 0 time(s); retry policy is RetryUpToMaximumCountWithFixedSleep(maxRetries=15, sleepTime=1000 MILLISECONDS)
2021-12-28 02:24:10,022 [EndpointStateMachine task thread for /127.0.0.1:13517 - 0 ] INFO  ipc.Client (Client.java:handleConnectionFailure(977)) - Retrying connect to server: localhost/127.0.0.1:13517. Already tried 0 time(s); retry policy is RetryUpToMaximumCountWithFixedSleep(maxRetries=15, sleepTime=1000 MILLISECONDS)
2021-12-28 02:24:10,075 [EndpointStateMachine task thread for /127.0.0.1:12509 - 0 ] INFO  ipc.Client (Client.java:handleConnectionFailure(977)) - Retrying connect to server: localhost/127.0.0.1:12509. Already tried 6 time(s); retry policy is RetryUpToMaximumCountWithFixedSleep(maxRetries=15, sleepTime=1000 MILLISECONDS)
2021-12-28 02:24:10,554 [Listener at 127.0.0.1/13852] INFO  utils.BackgroundService (BackgroundService.java:shutdown(132)) - Shutting down service BlockDeletingService
2021-12-28 02:24:10,557 [ForkJoinPool.commonPool-worker-1] INFO  utils.BackgroundService (BackgroundService.java:shutdown(132)) - Shutting down service BlockDeletingService
2021-12-28 02:24:10,917 [EndpointStateMachine task thread for /127.0.0.1:12519 - 0 ] INFO  ipc.Client (Client.java:handleConnectionFailure(977)) - Retrying connect to server: localhost/127.0.0.1:12519. Already tried 7 time(s); retry policy is RetryUpToMaximumCountWithFixedSleep(maxRetries=15, sleepTime=1000 MILLISECONDS)
2021-12-28 02:24:10,918 [EndpointStateMachine task thread for /127.0.0.1:12529 - 0 ] INFO  ipc.Client (Client.java:handleConnectionFailure(977)) - Retrying connect to server: localhost/127.0.0.1:12529. Already tried 7 time(s); retry policy is RetryUpToMaximumCountWithFixedSleep(maxRetries=15, sleepTime=1000 MILLISECONDS)
2021-12-28 02:24:11,018 [EndpointStateMachine task thread for /127.0.0.1:13527 - 0 ] INFO  ipc.Client (Client.java:handleConnectionFailure(977)) - Retrying connect to server: localhost/127.0.0.1:13527. Already tried 1 time(s); retry policy is RetryUpToMaximumCountWithFixedSleep(maxRetries=15, sleepTime=1000 MILLISECONDS)
2021-12-28 02:24:11,019 [EndpointStateMachine task thread for /127.0.0.1:13537 - 0 ] INFO  ipc.Client (Client.java:handleConnectionFailure(977)) - Retrying connect to server: localhost/127.0.0.1:13537. Already tried 1 time(s); retry policy is RetryUpToMaximumCountWithFixedSleep(maxRetries=15, sleepTime=1000 MILLISECONDS)
2021-12-28 02:24:11,022 [EndpointStateMachine task thread for /127.0.0.1:13517 - 0 ] INFO  ipc.Client (Client.java:handleConnectionFailure(977)) - Retrying connect to server: localhost/127.0.0.1:13517. Already tried 1 time(s); retry policy is RetryUpToMaximumCountWithFixedSleep(maxRetries=15, sleepTime=1000 MILLISECONDS)
2021-12-28 02:24:11,076 [EndpointStateMachine task thread for /127.0.0.1:12509 - 0 ] INFO  ipc.Client (Client.java:handleConnectionFailure(977)) - Retrying connect to server: localhost/127.0.0.1:12509. Already tried 7 time(s); retry policy is RetryUpToMaximumCountWithFixedSleep(maxRetries=15, sleepTime=1000 MILLISECONDS)
2021-12-28 02:24:11,595 [grpc-default-executor-3] WARN  server.GrpcLogAppender (LogUtils.java:warn(122)) - d44b9b66-006b-4516-8682-2587942b100c@group-D498122A220C->e6ec2fd3-a0c6-4f81-ae90-f7327ac63566-AppendLogResponseHandler: Failed appendEntries: org.apache.ratis.thirdparty.io.grpc.StatusRuntimeException: UNAVAILABLE: io exception
2021-12-28 02:24:11,596 [grpc-default-executor-3] WARN  server.GrpcLogAppender (GrpcLogAppender.java:resetClient(110)) - d44b9b66-006b-4516-8682-2587942b100c@group-D498122A220C->e6ec2fd3-a0c6-4f81-ae90-f7327ac63566-GrpcLogAppender: Leader has not got in touch with Follower d44b9b66-006b-4516-8682-2587942b100c@group-D498122A220C->e6ec2fd3-a0c6-4f81-ae90-f7327ac63566(c0,m0,n1, attendVote=true, lastRpcSendTime=0, lastRpcResponseTime=5022) yet, just keep nextIndex unchanged and retry.
2021-12-28 02:24:11,622 [grpc-default-executor-3] WARN  server.GrpcLogAppender (LogUtils.java:warn(122)) - d44b9b66-006b-4516-8682-2587942b100c@group-D498122A220C->1606c9ac-ae8d-4b60-b668-ad188c7b9b7a-AppendLogResponseHandler: Failed appendEntries: org.apache.ratis.thirdparty.io.grpc.StatusRuntimeException: UNAVAILABLE: io exception
2021-12-28 02:24:11,623 [grpc-default-executor-3] WARN  server.GrpcLogAppender (GrpcLogAppender.java:resetClient(110)) - d44b9b66-006b-4516-8682-2587942b100c@group-D498122A220C->1606c9ac-ae8d-4b60-b668-ad188c7b9b7a-GrpcLogAppender: Leader has not got in touch with Follower d44b9b66-006b-4516-8682-2587942b100c@group-D498122A220C->1606c9ac-ae8d-4b60-b668-ad188c7b9b7a(c0,m0,n1, attendVote=true, lastRpcSendTime=2519, lastRpcResponseTime=5028) yet, just keep nextIndex unchanged and retry.
2021-12-28 02:24:11,917 [EndpointStateMachine task thread for /127.0.0.1:12519 - 0 ] INFO  ipc.Client (Client.java:handleConnectionFailure(977)) - Retrying connect to server: localhost/127.0.0.1:12519. Already tried 8 time(s); retry policy is RetryUpToMaximumCountWithFixedSleep(maxRetries=15, sleepTime=1000 MILLISECONDS)
2021-12-28 02:24:11,920 [EndpointStateMachine task thread for /127.0.0.1:12529 - 0 ] INFO  ipc.Client (Client.java:handleConnectionFailure(977)) - Retrying connect to server: localhost/127.0.0.1:12529. Already tried 8 time(s); retry policy is RetryUpToMaximumCountWithFixedSleep(maxRetries=15, sleepTime=1000 MILLISECONDS)
2021-12-28 02:24:12,019 [EndpointStateMachine task thread for /127.0.0.1:13527 - 0 ] INFO  ipc.Client (Client.java:handleConnectionFailure(977)) - Retrying connect to server: localhost/127.0.0.1:13527. Already tried 2 time(s); retry policy is RetryUpToMaximumCountWithFixedSleep(maxRetries=15, sleepTime=1000 MILLISECONDS)
2021-12-28 02:24:12,020 [EndpointStateMachine task thread for /127.0.0.1:13537 - 0 ] INFO  ipc.Client (Client.java:handleConnectionFailure(977)) - Retrying connect to server: localhost/127.0.0.1:13537. Already tried 2 time(s); retry policy is RetryUpToMaximumCountWithFixedSleep(maxRetries=15, sleepTime=1000 MILLISECONDS)
2021-12-28 02:24:12,022 [EndpointStateMachine task thread for /127.0.0.1:13517 - 0 ] INFO  ipc.Client (Client.java:handleConnectionFailure(977)) - Retrying connect to server: localhost/127.0.0.1:13517. Already tried 2 time(s); retry policy is RetryUpToMaximumCountWithFixedSleep(maxRetries=15, sleepTime=1000 MILLISECONDS)
2021-12-28 02:24:12,076 [EndpointStateMachine task thread for /127.0.0.1:12509 - 0 ] INFO  ipc.Client (Client.java:handleConnectionFailure(977)) - Retrying connect to server: localhost/127.0.0.1:12509. Already tried 8 time(s); retry policy is RetryUpToMaximumCountWithFixedSleep(maxRetries=15, sleepTime=1000 MILLISECONDS)
2021-12-28 02:24:12,103 [d44b9b66-006b-4516-8682-2587942b100c@group-D498122A220C-LeaderStateImpl] WARN  server.RaftServer$Division (LeaderStateImpl.java:checkLeadership(974)) - d44b9b66-006b-4516-8682-2587942b100c@group-D498122A220C-LeaderStateImpl: Lost leadership on term: 3. Election timeout: 5200ms. In charge for: 15672ms. Conf: 0: [e6ec2fd3-a0c6-4f81-ae90-f7327ac63566|rpc:127.0.0.1:38023|dataStream:|priority:0, 1606c9ac-ae8d-4b60-b668-ad188c7b9b7a|rpc:127.0.0.1:44611|dataStream:|priority:0, d44b9b66-006b-4516-8682-2587942b100c|rpc:127.0.0.1:38031|dataStream:|priority:1], old=null
2021-12-28 02:24:12,103 [d44b9b66-006b-4516-8682-2587942b100c@group-D498122A220C-LeaderStateImpl] WARN  server.RaftServer$Division (LeaderStateImpl.java:lambda$checkLeadership$15(978)) - Follower d44b9b66-006b-4516-8682-2587942b100c@group-D498122A220C->e6ec2fd3-a0c6-4f81-ae90-f7327ac63566(c0,m0,n1, attendVote=true, lastRpcSendTime=507, lastRpcResponseTime=5529)
2021-12-28 02:24:12,103 [d44b9b66-006b-4516-8682-2587942b100c@group-D498122A220C-LeaderStateImpl] WARN  server.RaftServer$Division (LeaderStateImpl.java:lambda$checkLeadership$15(978)) - Follower d44b9b66-006b-4516-8682-2587942b100c@group-D498122A220C->1606c9ac-ae8d-4b60-b668-ad188c7b9b7a(c0,m0,n1, attendVote=true, lastRpcSendTime=478, lastRpcResponseTime=5508)
2021-12-28 02:24:12,103 [d44b9b66-006b-4516-8682-2587942b100c@group-D498122A220C-LeaderStateImpl] INFO  server.RaftServer$Division (RaftServerImpl.java:setRole(290)) - d44b9b66-006b-4516-8682-2587942b100c@group-D498122A220C: changes role from    LEADER to FOLLOWER at term 3 for StepDownReason:LOST_MAJORITY_HEARTBEATS
2021-12-28 02:24:12,103 [d44b9b66-006b-4516-8682-2587942b100c@group-D498122A220C-LeaderStateImpl] INFO  impl.RoleInfo (RoleInfo.java:shutdownLeaderState(91)) - d44b9b66-006b-4516-8682-2587942b100c: shutdown d44b9b66-006b-4516-8682-2587942b100c@group-D498122A220C-LeaderStateImpl
2021-12-28 02:24:12,103 [d44b9b66-006b-4516-8682-2587942b100c@group-D498122A220C-LeaderStateImpl] INFO  impl.PendingRequests (PendingRequests.java:sendNotLeaderResponses(282)) - d44b9b66-006b-4516-8682-2587942b100c@group-D498122A220C-PendingRequests: sendNotLeaderResponses
2021-12-28 02:24:12,104 [d44b9b66-006b-4516-8682-2587942b100c@group-D498122A220C-LeaderStateImpl] INFO  impl.RoleInfo (RoleInfo.java:updateAndGet(130)) - d44b9b66-006b-4516-8682-2587942b100c: start d44b9b66-006b-4516-8682-2587942b100c@group-D498122A220C-FollowerState
2021-12-28 02:24:12,918 [EndpointStateMachine task thread for /127.0.0.1:12519 - 0 ] INFO  ipc.Client (Client.java:handleConnectionFailure(977)) - Retrying connect to server: localhost/127.0.0.1:12519. Already tried 9 time(s); retry policy is RetryUpToMaximumCountWithFixedSleep(maxRetries=15, sleepTime=1000 MILLISECONDS)
2021-12-28 02:24:12,921 [EndpointStateMachine task thread for /127.0.0.1:12529 - 0 ] INFO  ipc.Client (Client.java:handleConnectionFailure(977)) - Retrying connect to server: localhost/127.0.0.1:12529. Already tried 9 time(s); retry policy is RetryUpToMaximumCountWithFixedSleep(maxRetries=15, sleepTime=1000 MILLISECONDS)
2021-12-28 02:24:13,022 [EndpointStateMachine task thread for /127.0.0.1:13527 - 0 ] INFO  ipc.Client (Client.java:handleConnectionFailure(977)) - Retrying connect to server: localhost/127.0.0.1:13527. Already tried 3 time(s); retry policy is RetryUpToMaximumCountWithFixedSleep(maxRetries=15, sleepTime=1000 MILLISECONDS)
2021-12-28 02:24:13,023 [EndpointStateMachine task thread for /127.0.0.1:13537 - 0 ] INFO  ipc.Client (Client.java:handleConnectionFailure(977)) - Retrying connect to server: localhost/127.0.0.1:13537. Already tried 3 time(s); retry policy is RetryUpToMaximumCountWithFixedSleep(maxRetries=15, sleepTime=1000 MILLISECONDS)
2021-12-28 02:24:13,023 [EndpointStateMachine task thread for /127.0.0.1:13517 - 0 ] INFO  ipc.Client (Client.java:handleConnectionFailure(977)) - Retrying connect to server: localhost/127.0.0.1:13517. Already tried 3 time(s); retry policy is RetryUpToMaximumCountWithFixedSleep(maxRetries=15, sleepTime=1000 MILLISECONDS)
2021-12-28 02:24:13,077 [EndpointStateMachine task thread for /127.0.0.1:12509 - 0 ] INFO  ipc.Client (Client.java:handleConnectionFailure(977)) - Retrying connect to server: localhost/127.0.0.1:12509. Already tried 9 time(s); retry policy is RetryUpToMaximumCountWithFixedSleep(maxRetries=15, sleepTime=1000 MILLISECONDS)
2021-12-28 02:24:13,586 [ForkJoinPool.commonPool-worker-1] INFO  statemachine.DatanodeStateMachine (DatanodeStateMachine.java:stopDaemon(526)) - Ozone container server stopped.
2021-12-28 02:24:13,591 [ForkJoinPool.commonPool-worker-1] INFO  handler.ContextHandler (ContextHandler.java:doStop(1153)) - Stopped o.e.j.w.WebAppContext@3ecbfcfb{hddsDatanode,/,null,STOPPED}{jar:file:/home/runner/.m2/repository/org/apache/ozone/hdds-container-service/1.3.0-SNAPSHOT/hdds-container-service-1.3.0-SNAPSHOT.jar!/webapps/hddsDatanode}
2021-12-28 02:24:13,592 [ForkJoinPool.commonPool-worker-1] INFO  server.AbstractConnector (AbstractConnector.java:doStop(381)) - Stopped ServerConnector@54a5b509{HTTP/1.1, (http/1.1)}{0.0.0.0:0}
2021-12-28 02:24:13,592 [ForkJoinPool.commonPool-worker-1] INFO  server.session (HouseKeeper.java:stopScavenging(149)) - node0 Stopped scavenging
2021-12-28 02:24:13,593 [ForkJoinPool.commonPool-worker-1] INFO  handler.ContextHandler (ContextHandler.java:doStop(1153)) - Stopped o.e.j.s.ServletContextHandler@62cd39d3{static,/static,jar:file:/home/runner/.m2/repository/org/apache/ozone/hdds-container-service/1.3.0-SNAPSHOT/hdds-container-service-1.3.0-SNAPSHOT.jar!/webapps/static,STOPPED}
2021-12-28 02:24:13,593 [ForkJoinPool.commonPool-worker-1] INFO  handler.ContextHandler (ContextHandler.java:doStop(1153)) - Stopped o.e.j.s.ServletContextHandler@58fd0074{logs,/logs,file:///home/runner/work/ozone/ozone/hadoop-ozone/integration-test/target/log,STOPPED}
2021-12-28 02:24:13,606 [Listener at 127.0.0.1/13852] INFO  statemachine.DatanodeStateMachine (DatanodeStateMachine.java:stopDaemon(526)) - Ozone container server stopped.
2021-12-28 02:24:13,607 [Listener at 127.0.0.1/13852] INFO  handler.ContextHandler (ContextHandler.java:doStop(1153)) - Stopped o.e.j.w.WebAppContext@3c4c595e{hddsDatanode,/,null,STOPPED}{jar:file:/home/runner/.m2/repository/org/apache/ozone/hdds-container-service/1.3.0-SNAPSHOT/hdds-container-service-1.3.0-SNAPSHOT.jar!/webapps/hddsDatanode}
2021-12-28 02:24:13,614 [Listener at 127.0.0.1/13852] INFO  server.AbstractConnector (AbstractConnector.java:doStop(381)) - Stopped ServerConnector@bb2c986{HTTP/1.1, (http/1.1)}{0.0.0.0:0}
2021-12-28 02:24:13,614 [Listener at 127.0.0.1/13852] INFO  server.session (HouseKeeper.java:stopScavenging(149)) - node0 Stopped scavenging
2021-12-28 02:24:13,614 [Listener at 127.0.0.1/13852] INFO  handler.ContextHandler (ContextHandler.java:doStop(1153)) - Stopped o.e.j.s.ServletContextHandler@6b3d3a9a{static,/static,jar:file:/home/runner/.m2/repository/org/apache/ozone/hdds-container-service/1.3.0-SNAPSHOT/hdds-container-service-1.3.0-SNAPSHOT.jar!/webapps/static,STOPPED}
2021-12-28 02:24:13,615 [Listener at 127.0.0.1/13852] INFO  handler.ContextHandler (ContextHandler.java:doStop(1153)) - Stopped o.e.j.s.ServletContextHandler@712626aa{logs,/logs,file:///home/runner/work/ozone/ozone/hadoop-ozone/integration-test/target/log,STOPPED}
2021-12-28 02:24:13,919 [EndpointStateMachine task thread for /127.0.0.1:12519 - 0 ] INFO  ipc.Client (Client.java:handleConnectionFailure(977)) - Retrying connect to server: localhost/127.0.0.1:12519. Already tried 10 time(s); retry policy is RetryUpToMaximumCountWithFixedSleep(maxRetries=15, sleepTime=1000 MILLISECONDS)
2021-12-28 02:24:13,922 [EndpointStateMachine task thread for /127.0.0.1:12529 - 0 ] INFO  ipc.Client (Client.java:handleConnectionFailure(977)) - Retrying connect to server: localhost/127.0.0.1:12529. Already tried 10 time(s); retry policy is RetryUpToMaximumCountWithFixedSleep(maxRetries=15, sleepTime=1000 MILLISECONDS)
2021-12-28 02:24:14,023 [EndpointStateMachine task thread for /127.0.0.1:13527 - 0 ] INFO  ipc.Client (Client.java:handleConnectionFailure(977)) - Retrying connect to server: localhost/127.0.0.1:13527. Already tried 4 time(s); retry policy is RetryUpToMaximumCountWithFixedSleep(maxRetries=15, sleepTime=1000 MILLISECONDS)
2021-12-28 02:24:14,023 [EndpointStateMachine task thread for /127.0.0.1:13517 - 0 ] INFO  ipc.Client (Client.java:handleConnectionFailure(977)) - Retrying connect to server: localhost/127.0.0.1:13517. Already tried 4 time(s); retry policy is RetryUpToMaximumCountWithFixedSleep(maxRetries=15, sleepTime=1000 MILLISECONDS)
2021-12-28 02:24:14,026 [EndpointStateMachine task thread for /127.0.0.1:13537 - 0 ] INFO  ipc.Client (Client.java:handleConnectionFailure(977)) - Retrying connect to server: localhost/127.0.0.1:13537. Already tried 4 time(s); retry policy is RetryUpToMaximumCountWithFixedSleep(maxRetries=15, sleepTime=1000 MILLISECONDS)
2021-12-28 02:24:14,077 [EndpointStateMachine task thread for /127.0.0.1:12509 - 0 ] INFO  ipc.Client (Client.java:handleConnectionFailure(977)) - Retrying connect to server: localhost/127.0.0.1:12509. Already tried 10 time(s); retry policy is RetryUpToMaximumCountWithFixedSleep(maxRetries=15, sleepTime=1000 MILLISECONDS)
2021-12-28 02:24:14,446 [Datanode State Machine Daemon Thread] WARN  statemachine.StateContext (StateContext.java:setState(249)) - Ignore disallowed transition from SHUTDOWN to RUNNING
2021-12-28 02:24:14,919 [EndpointStateMachine task thread for /127.0.0.1:12519 - 0 ] INFO  ipc.Client (Client.java:handleConnectionFailure(977)) - Retrying connect to server: localhost/127.0.0.1:12519. Already tried 11 time(s); retry policy is RetryUpToMaximumCountWithFixedSleep(maxRetries=15, sleepTime=1000 MILLISECONDS)
2021-12-28 02:24:14,923 [EndpointStateMachine task thread for /127.0.0.1:12529 - 0 ] INFO  ipc.Client (Client.java:handleConnectionFailure(977)) - Retrying connect to server: localhost/127.0.0.1:12529. Already tried 11 time(s); retry policy is RetryUpToMaximumCountWithFixedSleep(maxRetries=15, sleepTime=1000 MILLISECONDS)
2021-12-28 02:24:15,023 [EndpointStateMachine task thread for /127.0.0.1:13527 - 0 ] INFO  ipc.Client (Client.java:handleConnectionFailure(977)) - Retrying connect to server: localhost/127.0.0.1:13527. Already tried 5 time(s); retry policy is RetryUpToMaximumCountWithFixedSleep(maxRetries=15, sleepTime=1000 MILLISECONDS)
2021-12-28 02:24:15,024 [EndpointStateMachine task thread for /127.0.0.1:13517 - 0 ] INFO  ipc.Client (Client.java:handleConnectionFailure(977)) - Retrying connect to server: localhost/127.0.0.1:13517. Already tried 5 time(s); retry policy is RetryUpToMaximumCountWithFixedSleep(maxRetries=15, sleepTime=1000 MILLISECONDS)
2021-12-28 02:24:15,026 [EndpointStateMachine task thread for /127.0.0.1:13537 - 0 ] INFO  ipc.Client (Client.java:handleConnectionFailure(977)) - Retrying connect to server: localhost/127.0.0.1:13537. Already tried 5 time(s); retry policy is RetryUpToMaximumCountWithFixedSleep(maxRetries=15, sleepTime=1000 MILLISECONDS)
2021-12-28 02:24:15,078 [EndpointStateMachine task thread for /127.0.0.1:12509 - 0 ] INFO  ipc.Client (Client.java:handleConnectionFailure(977)) - Retrying connect to server: localhost/127.0.0.1:12509. Already tried 11 time(s); retry policy is RetryUpToMaximumCountWithFixedSleep(maxRetries=15, sleepTime=1000 MILLISECONDS)
2021-12-28 02:24:15,920 [EndpointStateMachine task thread for /127.0.0.1:12519 - 0 ] INFO  ipc.Client (Client.java:handleConnectionFailure(977)) - Retrying connect to server: localhost/127.0.0.1:12519. Already tried 12 time(s); retry policy is RetryUpToMaximumCountWithFixedSleep(maxRetries=15, sleepTime=1000 MILLISECONDS)
2021-12-28 02:24:15,923 [EndpointStateMachine task thread for /127.0.0.1:12529 - 0 ] INFO  ipc.Client (Client.java:handleConnectionFailure(977)) - Retrying connect to server: localhost/127.0.0.1:12529. Already tried 12 time(s); retry policy is RetryUpToMaximumCountWithFixedSleep(maxRetries=15, sleepTime=1000 MILLISECONDS)
2021-12-28 02:24:16,024 [EndpointStateMachine task thread for /127.0.0.1:13527 - 0 ] INFO  ipc.Client (Client.java:handleConnectionFailure(977)) - Retrying connect to server: localhost/127.0.0.1:13527. Already tried 6 time(s); retry policy is RetryUpToMaximumCountWithFixedSleep(maxRetries=15, sleepTime=1000 MILLISECONDS)
2021-12-28 02:24:16,024 [EndpointStateMachine task thread for /127.0.0.1:13517 - 0 ] INFO  ipc.Client (Client.java:handleConnectionFailure(977)) - Retrying connect to server: localhost/127.0.0.1:13517. Already tried 6 time(s); retry policy is RetryUpToMaximumCountWithFixedSleep(maxRetries=15, sleepTime=1000 MILLISECONDS)
2021-12-28 02:24:16,026 [EndpointStateMachine task thread for /127.0.0.1:13537 - 0 ] INFO  ipc.Client (Client.java:handleConnectionFailure(977)) - Retrying connect to server: localhost/127.0.0.1:13537. Already tried 6 time(s); retry policy is RetryUpToMaximumCountWithFixedSleep(maxRetries=15, sleepTime=1000 MILLISECONDS)
2021-12-28 02:24:16,078 [EndpointStateMachine task thread for /127.0.0.1:12509 - 0 ] INFO  ipc.Client (Client.java:handleConnectionFailure(977)) - Retrying connect to server: localhost/127.0.0.1:12509. Already tried 12 time(s); retry policy is RetryUpToMaximumCountWithFixedSleep(maxRetries=15, sleepTime=1000 MILLISECONDS)
2021-12-28 02:24:16,921 [EndpointStateMachine task thread for /127.0.0.1:12519 - 0 ] INFO  ipc.Client (Client.java:handleConnectionFailure(977)) - Retrying connect to server: localhost/127.0.0.1:12519. Already tried 13 time(s); retry policy is RetryUpToMaximumCountWithFixedSleep(maxRetries=15, sleepTime=1000 MILLISECONDS)
2021-12-28 02:24:16,923 [EndpointStateMachine task thread for /127.0.0.1:12529 - 0 ] INFO  ipc.Client (Client.java:handleConnectionFailure(977)) - Retrying connect to server: localhost/127.0.0.1:12529. Already tried 13 time(s); retry policy is RetryUpToMaximumCountWithFixedSleep(maxRetries=15, sleepTime=1000 MILLISECONDS)
2021-12-28 02:24:17,024 [EndpointStateMachine task thread for /127.0.0.1:13527 - 0 ] INFO  ipc.Client (Client.java:handleConnectionFailure(977)) - Retrying connect to server: localhost/127.0.0.1:13527. Already tried 7 time(s); retry policy is RetryUpToMaximumCountWithFixedSleep(maxRetries=15, sleepTime=1000 MILLISECONDS)
2021-12-28 02:24:17,025 [EndpointStateMachine task thread for /127.0.0.1:13517 - 0 ] INFO  ipc.Client (Client.java:handleConnectionFailure(977)) - Retrying connect to server: localhost/127.0.0.1:13517. Already tried 7 time(s); retry policy is RetryUpToMaximumCountWithFixedSleep(maxRetries=15, sleepTime=1000 MILLISECONDS)
2021-12-28 02:24:17,027 [EndpointStateMachine task thread for /127.0.0.1:13537 - 0 ] INFO  ipc.Client (Client.java:handleConnectionFailure(977)) - Retrying connect to server: localhost/127.0.0.1:13537. Already tried 7 time(s); retry policy is RetryUpToMaximumCountWithFixedSleep(maxRetries=15, sleepTime=1000 MILLISECONDS)
2021-12-28 02:24:17,079 [EndpointStateMachine task thread for /127.0.0.1:12509 - 0 ] INFO  ipc.Client (Client.java:handleConnectionFailure(977)) - Retrying connect to server: localhost/127.0.0.1:12509. Already tried 13 time(s); retry policy is RetryUpToMaximumCountWithFixedSleep(maxRetries=15, sleepTime=1000 MILLISECONDS)
2021-12-28 02:24:17,249 [d44b9b66-006b-4516-8682-2587942b100c@group-780EFEE5BBA3-FollowerState] INFO  impl.FollowerState (FollowerState.java:run(134)) - d44b9b66-006b-4516-8682-2587942b100c@group-780EFEE5BBA3-FollowerState: change to CANDIDATE, lastRpcElapsedTime:10178937409ns, electionTimeout:5121ms
2021-12-28 02:24:17,250 [d44b9b66-006b-4516-8682-2587942b100c@group-780EFEE5BBA3-FollowerState] INFO  impl.RoleInfo (RoleInfo.java:shutdownFollowerState(108)) - d44b9b66-006b-4516-8682-2587942b100c: shutdown d44b9b66-006b-4516-8682-2587942b100c@group-780EFEE5BBA3-FollowerState
2021-12-28 02:24:17,250 [d44b9b66-006b-4516-8682-2587942b100c@group-780EFEE5BBA3-FollowerState] INFO  server.RaftServer$Division (RaftServerImpl.java:setRole(290)) - d44b9b66-006b-4516-8682-2587942b100c@group-780EFEE5BBA3: changes role from  FOLLOWER to CANDIDATE at term 4 for changeToCandidate
2021-12-28 02:24:17,250 [d44b9b66-006b-4516-8682-2587942b100c@group-780EFEE5BBA3-FollowerState] INFO  server.RaftServerConfigKeys (ConfUtils.java:logGet(44)) - raft.server.leaderelection.pre-vote = false (custom)
2021-12-28 02:24:17,250 [d44b9b66-006b-4516-8682-2587942b100c@group-780EFEE5BBA3-FollowerState] INFO  impl.RoleInfo (RoleInfo.java:updateAndGet(130)) - d44b9b66-006b-4516-8682-2587942b100c: start d44b9b66-006b-4516-8682-2587942b100c@group-780EFEE5BBA3-LeaderElection33
2021-12-28 02:24:17,270 [d44b9b66-006b-4516-8682-2587942b100c@group-780EFEE5BBA3-LeaderElection33] INFO  server.RaftServer$Division (ServerState.java:setLeader(285)) - d44b9b66-006b-4516-8682-2587942b100c@group-780EFEE5BBA3: change Leader from 1606c9ac-ae8d-4b60-b668-ad188c7b9b7a to null at term 4 for ELECTION
2021-12-28 02:24:17,273 [d44b9b66-006b-4516-8682-2587942b100c@group-780EFEE5BBA3-LeaderElection33] INFO  impl.LeaderElection (LeaderElection.java:askForVotes(306)) - d44b9b66-006b-4516-8682-2587942b100c@group-780EFEE5BBA3-LeaderElection33 ELECTION round 0: submit vote requests at term 5 for 0: [e6ec2fd3-a0c6-4f81-ae90-f7327ac63566|rpc:127.0.0.1:38023|dataStream:|priority:0, 1606c9ac-ae8d-4b60-b668-ad188c7b9b7a|rpc:127.0.0.1:44611|dataStream:|priority:1, d44b9b66-006b-4516-8682-2587942b100c|rpc:127.0.0.1:38031|dataStream:|priority:0], old=null
2021-12-28 02:24:17,274 [d44b9b66-006b-4516-8682-2587942b100c@group-D498122A220C-FollowerState] INFO  impl.FollowerState (FollowerState.java:lostMajorityHeartbeatsRecently(107)) - d44b9b66-006b-4516-8682-2587942b100c@group-D498122A220C-FollowerState: Skipping leader election since it stepped down recently (elapsed = 5169ms < waitTime = 10s)
2021-12-28 02:24:17,275 [d44b9b66-006b-4516-8682-2587942b100c@group-780EFEE5BBA3-LeaderElection33] INFO  impl.LeaderElection (LogUtils.java:infoOrTrace(137)) - d44b9b66-006b-4516-8682-2587942b100c@group-780EFEE5BBA3-LeaderElection33 got exception when requesting votes: java.util.concurrent.ExecutionException: org.apache.ratis.thirdparty.io.grpc.StatusRuntimeException: UNAVAILABLE: io exception
2021-12-28 02:24:17,275 [d44b9b66-006b-4516-8682-2587942b100c@group-780EFEE5BBA3-LeaderElection33] INFO  impl.LeaderElection (LogUtils.java:infoOrTrace(137)) - d44b9b66-006b-4516-8682-2587942b100c@group-780EFEE5BBA3-LeaderElection33 got exception when requesting votes: java.util.concurrent.ExecutionException: org.apache.ratis.thirdparty.io.grpc.StatusRuntimeException: UNAVAILABLE: io exception
2021-12-28 02:24:17,275 [d44b9b66-006b-4516-8682-2587942b100c@group-780EFEE5BBA3-LeaderElection33] INFO  impl.LeaderElection (LeaderElection.java:logAndReturn(89)) - d44b9b66-006b-4516-8682-2587942b100c@group-780EFEE5BBA3-LeaderElection33: ELECTION REJECTED received 0 response(s) and 2 exception(s):
2021-12-28 02:24:17,275 [d44b9b66-006b-4516-8682-2587942b100c@group-780EFEE5BBA3-LeaderElection33] INFO  impl.LeaderElection (LogUtils.java:infoOrTrace(137)) -   Exception 0: java.util.concurrent.ExecutionException: org.apache.ratis.thirdparty.io.grpc.StatusRuntimeException: UNAVAILABLE: io exception
2021-12-28 02:24:17,275 [d44b9b66-006b-4516-8682-2587942b100c@group-780EFEE5BBA3-LeaderElection33] INFO  impl.LeaderElection (LogUtils.java:infoOrTrace(137)) -   Exception 1: java.util.concurrent.ExecutionException: org.apache.ratis.thirdparty.io.grpc.StatusRuntimeException: UNAVAILABLE: io exception
2021-12-28 02:24:17,275 [d44b9b66-006b-4516-8682-2587942b100c@group-780EFEE5BBA3-LeaderElection33] INFO  impl.LeaderElection (LeaderElection.java:askForVotes(308)) - d44b9b66-006b-4516-8682-2587942b100c@group-780EFEE5BBA3-LeaderElection33 ELECTION round 0: result REJECTED
2021-12-28 02:24:17,275 [d44b9b66-006b-4516-8682-2587942b100c@group-780EFEE5BBA3-LeaderElection33] INFO  server.RaftServer$Division (RaftServerImpl.java:setRole(290)) - d44b9b66-006b-4516-8682-2587942b100c@group-780EFEE5BBA3: changes role from CANDIDATE to FOLLOWER at term 5 for REJECTED
2021-12-28 02:24:17,275 [d44b9b66-006b-4516-8682-2587942b100c@group-780EFEE5BBA3-LeaderElection33] INFO  impl.RoleInfo (RoleInfo.java:shutdownLeaderElection(121)) - d44b9b66-006b-4516-8682-2587942b100c: shutdown d44b9b66-006b-4516-8682-2587942b100c@group-780EFEE5BBA3-LeaderElection33
2021-12-28 02:24:17,275 [d44b9b66-006b-4516-8682-2587942b100c@group-780EFEE5BBA3-LeaderElection33] INFO  impl.RoleInfo (RoleInfo.java:updateAndGet(130)) - d44b9b66-006b-4516-8682-2587942b100c: start d44b9b66-006b-4516-8682-2587942b100c@group-780EFEE5BBA3-FollowerState
2021-12-28 02:24:17,921 [EndpointStateMachine task thread for /127.0.0.1:12519 - 0 ] INFO  ipc.Client (Client.java:handleConnectionFailure(977)) - Retrying connect to server: localhost/127.0.0.1:12519. Already tried 14 time(s); retry policy is RetryUpToMaximumCountWithFixedSleep(maxRetries=15, sleepTime=1000 MILLISECONDS)
2021-12-28 02:24:17,922 [EndpointStateMachine task thread for /127.0.0.1:12519 - 0 ] WARN  statemachine.EndpointStateMachine (EndpointStateMachine.java:logIfNeeded(236)) - Unable to communicate to SCM server at localhost:12519 for past 0 seconds.
java.net.ConnectException: Call From fv-az184-560/10.1.0.14 to localhost:12519 failed on connection exception: java.net.ConnectException: Connection refused; For more details see:  http://wiki.apache.org/hadoop/ConnectionRefused
	at sun.reflect.GeneratedConstructorAccessor43.newInstance(Unknown Source)
	at sun.reflect.DelegatingConstructorAccessorImpl.newInstance(DelegatingConstructorAccessorImpl.java:45)
	at java.lang.reflect.Constructor.newInstance(Constructor.java:423)
	at org.apache.hadoop.net.NetUtils.wrapWithMessage(NetUtils.java:913)
	at org.apache.hadoop.net.NetUtils.wrapException(NetUtils.java:828)
	at org.apache.hadoop.ipc.Client.getRpcResponse(Client.java:1577)
	at org.apache.hadoop.ipc.Client.call(Client.java:1519)
	at org.apache.hadoop.ipc.Client.call(Client.java:1416)
	at org.apache.hadoop.ipc.ProtobufRpcEngine$Invoker.invoke(ProtobufRpcEngine.java:236)
	at org.apache.hadoop.ipc.ProtobufRpcEngine$Invoker.invoke(ProtobufRpcEngine.java:123)
	at com.sun.proxy.$Proxy48.submitRequest(Unknown Source)
	at org.apache.hadoop.ozone.protocolPB.StorageContainerDatanodeProtocolClientSideTranslatorPB.submitRequest(StorageContainerDatanodeProtocolClientSideTranslatorPB.java:117)
	at org.apache.hadoop.ozone.protocolPB.StorageContainerDatanodeProtocolClientSideTranslatorPB.sendHeartbeat(StorageContainerDatanodeProtocolClientSideTranslatorPB.java:149)
	at org.apache.hadoop.ozone.container.common.states.endpoint.HeartbeatEndpointTask.call(HeartbeatEndpointTask.java:179)
	at org.apache.hadoop.ozone.container.common.states.endpoint.HeartbeatEndpointTask.call(HeartbeatEndpointTask.java:82)
	at java.util.concurrent.FutureTask.run(FutureTask.java:266)
	at java.util.concurrent.ThreadPoolExecutor.runWorker(ThreadPoolExecutor.java:1149)
	at java.util.concurrent.ThreadPoolExecutor$Worker.run(ThreadPoolExecutor.java:624)
	at java.lang.Thread.run(Thread.java:748)
Caused by: java.net.ConnectException: Connection refused
	at sun.nio.ch.SocketChannelImpl.checkConnect(Native Method)
	at sun.nio.ch.SocketChannelImpl.finishConnect(SocketChannelImpl.java:716)
	at org.apache.hadoop.net.SocketIOWithTimeout.connect(SocketIOWithTimeout.java:206)
	at org.apache.hadoop.net.NetUtils.connect(NetUtils.java:586)
	at org.apache.hadoop.ipc.Client$Connection.setupConnection(Client.java:701)
	at org.apache.hadoop.ipc.Client$Connection.setupIOstreams(Client.java:822)
	at org.apache.hadoop.ipc.Client$Connection.access$3800(Client.java:414)
	at org.apache.hadoop.ipc.Client.getConnection(Client.java:1647)
	at org.apache.hadoop.ipc.Client.call(Client.java:1463)
	... 12 more
2021-12-28 02:24:17,930 [EndpointStateMachine task thread for /127.0.0.1:12529 - 0 ] INFO  ipc.Client (Client.java:handleConnectionFailure(977)) - Retrying connect to server: localhost/127.0.0.1:12529. Already tried 14 time(s); retry policy is RetryUpToMaximumCountWithFixedSleep(maxRetries=15, sleepTime=1000 MILLISECONDS)
2021-12-28 02:24:17,930 [EndpointStateMachine task thread for /127.0.0.1:12529 - 0 ] WARN  statemachine.EndpointStateMachine (EndpointStateMachine.java:logIfNeeded(236)) - Unable to communicate to SCM server at localhost:12529 for past 0 seconds.
java.net.ConnectException: Call From fv-az184-560/10.1.0.14 to localhost:12529 failed on connection exception: java.net.ConnectException: Connection refused; For more details see:  http://wiki.apache.org/hadoop/ConnectionRefused
	at sun.reflect.GeneratedConstructorAccessor43.newInstance(Unknown Source)
	at sun.reflect.DelegatingConstructorAccessorImpl.newInstance(DelegatingConstructorAccessorImpl.java:45)
	at java.lang.reflect.Constructor.newInstance(Constructor.java:423)
	at org.apache.hadoop.net.NetUtils.wrapWithMessage(NetUtils.java:913)
	at org.apache.hadoop.net.NetUtils.wrapException(NetUtils.java:828)
	at org.apache.hadoop.ipc.Client.getRpcResponse(Client.java:1577)
	at org.apache.hadoop.ipc.Client.call(Client.java:1519)
	at org.apache.hadoop.ipc.Client.call(Client.java:1416)
	at org.apache.hadoop.ipc.ProtobufRpcEngine$Invoker.invoke(ProtobufRpcEngine.java:236)
	at org.apache.hadoop.ipc.ProtobufRpcEngine$Invoker.invoke(ProtobufRpcEngine.java:123)
	at com.sun.proxy.$Proxy48.submitRequest(Unknown Source)
	at org.apache.hadoop.ozone.protocolPB.StorageContainerDatanodeProtocolClientSideTranslatorPB.submitRequest(StorageContainerDatanodeProtocolClientSideTranslatorPB.java:117)
	at org.apache.hadoop.ozone.protocolPB.StorageContainerDatanodeProtocolClientSideTranslatorPB.register(StorageContainerDatanodeProtocolClientSideTranslatorPB.java:180)
	at org.apache.hadoop.ozone.container.common.states.endpoint.RegisterEndpointTask.call(RegisterEndpointTask.java:158)
	at org.apache.hadoop.ozone.container.common.states.endpoint.RegisterEndpointTask.call(RegisterEndpointTask.java:52)
	at java.util.concurrent.FutureTask.run(FutureTask.java:266)
	at java.util.concurrent.ThreadPoolExecutor.runWorker(ThreadPoolExecutor.java:1149)
	at java.util.concurrent.ThreadPoolExecutor$Worker.run(ThreadPoolExecutor.java:624)
	at java.lang.Thread.run(Thread.java:748)
Caused by: java.net.ConnectException: Connection refused
	at sun.nio.ch.SocketChannelImpl.checkConnect(Native Method)
	at sun.nio.ch.SocketChannelImpl.finishConnect(SocketChannelImpl.java:716)
	at org.apache.hadoop.net.SocketIOWithTimeout.connect(SocketIOWithTimeout.java:206)
	at org.apache.hadoop.net.NetUtils.connect(NetUtils.java:586)
	at org.apache.hadoop.ipc.Client$Connection.setupConnection(Client.java:701)
	at org.apache.hadoop.ipc.Client$Connection.setupIOstreams(Client.java:822)
	at org.apache.hadoop.ipc.Client$Connection.access$3800(Client.java:414)
	at org.apache.hadoop.ipc.Client.getConnection(Client.java:1647)
	at org.apache.hadoop.ipc.Client.call(Client.java:1463)
	... 12 more
2021-12-28 02:24:18,025 [EndpointStateMachine task thread for /127.0.0.1:13527 - 0 ] INFO  ipc.Client (Client.java:handleConnectionFailure(977)) - Retrying connect to server: localhost/127.0.0.1:13527. Already tried 8 time(s); retry policy is RetryUpToMaximumCountWithFixedSleep(maxRetries=15, sleepTime=1000 MILLISECONDS)
2021-12-28 02:24:18,026 [EndpointStateMachine task thread for /127.0.0.1:13517 - 0 ] INFO  ipc.Client (Client.java:handleConnectionFailure(977)) - Retrying connect to server: localhost/127.0.0.1:13517. Already tried 8 time(s); retry policy is RetryUpToMaximumCountWithFixedSleep(maxRetries=15, sleepTime=1000 MILLISECONDS)
2021-12-28 02:24:18,027 [EndpointStateMachine task thread for /127.0.0.1:13537 - 0 ] INFO  ipc.Client (Client.java:handleConnectionFailure(977)) - Retrying connect to server: localhost/127.0.0.1:13537. Already tried 8 time(s); retry policy is RetryUpToMaximumCountWithFixedSleep(maxRetries=15, sleepTime=1000 MILLISECONDS)
2021-12-28 02:24:18,079 [EndpointStateMachine task thread for /127.0.0.1:12509 - 0 ] INFO  ipc.Client (Client.java:handleConnectionFailure(977)) - Retrying connect to server: localhost/127.0.0.1:12509. Already tried 14 time(s); retry policy is RetryUpToMaximumCountWithFixedSleep(maxRetries=15, sleepTime=1000 MILLISECONDS)
2021-12-28 02:24:18,080 [EndpointStateMachine task thread for /127.0.0.1:12509 - 0 ] WARN  statemachine.EndpointStateMachine (EndpointStateMachine.java:logIfNeeded(236)) - Unable to communicate to SCM server at localhost:12509 for past 0 seconds.
java.net.ConnectException: Call From fv-az184-560/10.1.0.14 to localhost:12509 failed on connection exception: java.net.ConnectException: Connection refused; For more details see:  http://wiki.apache.org/hadoop/ConnectionRefused
	at sun.reflect.GeneratedConstructorAccessor43.newInstance(Unknown Source)
	at sun.reflect.DelegatingConstructorAccessorImpl.newInstance(DelegatingConstructorAccessorImpl.java:45)
	at java.lang.reflect.Constructor.newInstance(Constructor.java:423)
	at org.apache.hadoop.net.NetUtils.wrapWithMessage(NetUtils.java:913)
	at org.apache.hadoop.net.NetUtils.wrapException(NetUtils.java:828)
	at org.apache.hadoop.ipc.Client.getRpcResponse(Client.java:1577)
	at org.apache.hadoop.ipc.Client.call(Client.java:1519)
	at org.apache.hadoop.ipc.Client.call(Client.java:1416)
	at org.apache.hadoop.ipc.ProtobufRpcEngine$Invoker.invoke(ProtobufRpcEngine.java:236)
	at org.apache.hadoop.ipc.ProtobufRpcEngine$Invoker.invoke(ProtobufRpcEngine.java:123)
	at com.sun.proxy.$Proxy48.submitRequest(Unknown Source)
	at org.apache.hadoop.ozone.protocolPB.StorageContainerDatanodeProtocolClientSideTranslatorPB.submitRequest(StorageContainerDatanodeProtocolClientSideTranslatorPB.java:117)
	at org.apache.hadoop.ozone.protocolPB.StorageContainerDatanodeProtocolClientSideTranslatorPB.sendHeartbeat(StorageContainerDatanodeProtocolClientSideTranslatorPB.java:149)
	at org.apache.hadoop.ozone.container.common.states.endpoint.HeartbeatEndpointTask.call(HeartbeatEndpointTask.java:179)
	at org.apache.hadoop.ozone.container.common.states.endpoint.HeartbeatEndpointTask.call(HeartbeatEndpointTask.java:82)
	at java.util.concurrent.FutureTask.run(FutureTask.java:266)
	at java.util.concurrent.ThreadPoolExecutor.runWorker(ThreadPoolExecutor.java:1149)
	at java.util.concurrent.ThreadPoolExecutor$Worker.run(ThreadPoolExecutor.java:624)
	at java.lang.Thread.run(Thread.java:748)
Caused by: java.net.ConnectException: Connection refused
	at sun.nio.ch.SocketChannelImpl.checkConnect(Native Method)
	at sun.nio.ch.SocketChannelImpl.finishConnect(SocketChannelImpl.java:716)
	at org.apache.hadoop.net.SocketIOWithTimeout.connect(SocketIOWithTimeout.java:206)
	at org.apache.hadoop.net.NetUtils.connect(NetUtils.java:586)
	at org.apache.hadoop.ipc.Client$Connection.setupConnection(Client.java:701)
	at org.apache.hadoop.ipc.Client$Connection.setupIOstreams(Client.java:822)
	at org.apache.hadoop.ipc.Client$Connection.access$3800(Client.java:414)
	at org.apache.hadoop.ipc.Client.getConnection(Client.java:1647)
	at org.apache.hadoop.ipc.Client.call(Client.java:1463)
	... 12 more
2021-12-28 02:24:18,595 [ForkJoinPool.commonPool-worker-1] INFO  ozoneimpl.OzoneContainer (OzoneContainer.java:stop(336)) - Attempting to stop container services.
2021-12-28 02:24:18,596 [ForkJoinPool.commonPool-worker-1] INFO  server.RaftServer (RaftServerProxy.java:lambda$close$6(391)) - d44b9b66-006b-4516-8682-2587942b100c: close
2021-12-28 02:24:18,596 [ForkJoinPool.commonPool-worker-1] INFO  server.RaftServer$Division (RaftServerImpl.java:lambda$close$4(412)) - d44b9b66-006b-4516-8682-2587942b100c@group-780EFEE5BBA3: shutdown
2021-12-28 02:24:18,596 [ForkJoinPool.commonPool-worker-1] INFO  util.JmxRegister (JmxRegister.java:unregister(73)) - Successfully un-registered JMX Bean with object name Ratis:service=RaftServer,group=group-780EFEE5BBA3,id=d44b9b66-006b-4516-8682-2587942b100c
2021-12-28 02:24:18,596 [ForkJoinPool.commonPool-worker-1] INFO  impl.RoleInfo (RoleInfo.java:shutdownFollowerState(108)) - d44b9b66-006b-4516-8682-2587942b100c: shutdown d44b9b66-006b-4516-8682-2587942b100c@group-780EFEE5BBA3-FollowerState
2021-12-28 02:24:18,596 [ForkJoinPool.commonPool-worker-1] INFO  impl.StateMachineUpdater (StateMachineUpdater.java:stopAndJoin(149)) - d44b9b66-006b-4516-8682-2587942b100c@group-780EFEE5BBA3-StateMachineUpdater: set stopIndex = 0
2021-12-28 02:24:18,596 [d44b9b66-006b-4516-8682-2587942b100c@group-780EFEE5BBA3-FollowerState] INFO  impl.FollowerState (FollowerState.java:run(143)) - d44b9b66-006b-4516-8682-2587942b100c@group-780EFEE5BBA3-FollowerState was interrupted: {}
java.lang.InterruptedException: sleep interrupted
	at java.lang.Thread.sleep(Native Method)
	at java.lang.Thread.sleep(Thread.java:340)
	at java.util.concurrent.TimeUnit.sleep(TimeUnit.java:386)
	at org.apache.ratis.util.TimeDuration.sleep(TimeDuration.java:324)
	at org.apache.ratis.util.TimeDuration.sleep(TimeDuration.java:309)
	at org.apache.ratis.server.impl.FollowerState.run(FollowerState.java:118)
2021-12-28 02:24:18,596 [d44b9b66-006b-4516-8682-2587942b100c@group-780EFEE5BBA3-StateMachineUpdater] INFO  ratis.ContainerStateMachine (ContainerStateMachine.java:takeSnapshot(299)) - group-780EFEE5BBA3: Taking a snapshot at:(t:4, i:0) file /home/runner/work/ozone/ozone/hadoop-ozone/integration-test/target/test-dir/MiniOzoneClusterImpl-b5c7e046-d456-4649-9d8a-956fe40c5cb7/datanode-2/data/ratis/8b8acd11-3b83-4fdc-8c9a-780efee5bba3/sm/snapshot.4_0
2021-12-28 02:24:18,615 [d44b9b66-006b-4516-8682-2587942b100c@group-780EFEE5BBA3-StateMachineUpdater] INFO  ratis.ContainerStateMachine (ContainerStateMachine.java:takeSnapshot(310)) - group-780EFEE5BBA3: Finished taking a snapshot at:(t:4, i:0) file:/home/runner/work/ozone/ozone/hadoop-ozone/integration-test/target/test-dir/MiniOzoneClusterImpl-b5c7e046-d456-4649-9d8a-956fe40c5cb7/datanode-2/data/ratis/8b8acd11-3b83-4fdc-8c9a-780efee5bba3/sm/snapshot.4_0 took: 18 ms
2021-12-28 02:24:18,615 [d44b9b66-006b-4516-8682-2587942b100c@group-780EFEE5BBA3-StateMachineUpdater] INFO  impl.StateMachineUpdater (StateMachineUpdater.java:takeSnapshot(281)) - d44b9b66-006b-4516-8682-2587942b100c@group-780EFEE5BBA3-StateMachineUpdater: Took a snapshot at index 0
2021-12-28 02:24:18,615 [d44b9b66-006b-4516-8682-2587942b100c@group-780EFEE5BBA3-StateMachineUpdater] INFO  impl.StateMachineUpdater (StateMachineUpdater.java:lambda$new$0(89)) - d44b9b66-006b-4516-8682-2587942b100c@group-780EFEE5BBA3-StateMachineUpdater: snapshotIndex: updateIncreasingly -1 -> 0
2021-12-28 02:24:18,616 [ForkJoinPool.commonPool-worker-1] INFO  server.RaftServer$Division (ServerState.java:close(419)) - d44b9b66-006b-4516-8682-2587942b100c@group-780EFEE5BBA3: closes. applyIndex: 0
2021-12-28 02:24:18,618 [d44b9b66-006b-4516-8682-2587942b100c@group-780EFEE5BBA3-SegmentedRaftLogWorker] INFO  segmented.SegmentedRaftLogWorker (SegmentedRaftLogWorker.java:run(327)) - d44b9b66-006b-4516-8682-2587942b100c@group-780EFEE5BBA3-SegmentedRaftLogWorker was interrupted, exiting. There are 0 tasks remaining in the queue.
2021-12-28 02:24:18,618 [ForkJoinPool.commonPool-worker-1] INFO  segmented.SegmentedRaftLogWorker (SegmentedRaftLogWorker.java:close(237)) - d44b9b66-006b-4516-8682-2587942b100c@group-780EFEE5BBA3-SegmentedRaftLogWorker close()
2021-12-28 02:24:18,618 [ForkJoinPool.commonPool-worker-1] INFO  server.RaftServer$Division (RaftServerImpl.java:lambda$close$4(412)) - d44b9b66-006b-4516-8682-2587942b100c@group-D498122A220C: shutdown
2021-12-28 02:24:18,619 [ForkJoinPool.commonPool-worker-1] INFO  util.JmxRegister (JmxRegister.java:unregister(73)) - Successfully un-registered JMX Bean with object name Ratis:service=RaftServer,group=group-D498122A220C,id=d44b9b66-006b-4516-8682-2587942b100c
2021-12-28 02:24:18,619 [ForkJoinPool.commonPool-worker-1] INFO  impl.RoleInfo (RoleInfo.java:shutdownFollowerState(108)) - d44b9b66-006b-4516-8682-2587942b100c: shutdown d44b9b66-006b-4516-8682-2587942b100c@group-D498122A220C-FollowerState
2021-12-28 02:24:18,619 [ForkJoinPool.commonPool-worker-1] INFO  impl.StateMachineUpdater (StateMachineUpdater.java:stopAndJoin(149)) - d44b9b66-006b-4516-8682-2587942b100c@group-D498122A220C-StateMachineUpdater: set stopIndex = 0
2021-12-28 02:24:18,619 [d44b9b66-006b-4516-8682-2587942b100c@group-D498122A220C-FollowerState] INFO  impl.FollowerState (FollowerState.java:run(143)) - d44b9b66-006b-4516-8682-2587942b100c@group-D498122A220C-FollowerState was interrupted: {}
java.lang.InterruptedException: sleep interrupted
	at java.lang.Thread.sleep(Native Method)
	at java.lang.Thread.sleep(Thread.java:340)
	at java.util.concurrent.TimeUnit.sleep(TimeUnit.java:386)
	at org.apache.ratis.util.TimeDuration.sleep(TimeDuration.java:324)
	at org.apache.ratis.util.TimeDuration.sleep(TimeDuration.java:309)
	at org.apache.ratis.server.impl.FollowerState.run(FollowerState.java:118)
2021-12-28 02:24:18,619 [d44b9b66-006b-4516-8682-2587942b100c@group-D498122A220C-StateMachineUpdater] INFO  ratis.ContainerStateMachine (ContainerStateMachine.java:takeSnapshot(299)) - group-D498122A220C: Taking a snapshot at:(t:3, i:0) file /home/runner/work/ozone/ozone/hadoop-ozone/integration-test/target/test-dir/MiniOzoneClusterImpl-b5c7e046-d456-4649-9d8a-956fe40c5cb7/datanode-2/data/ratis/e6f8f755-bbc8-4421-a05d-d498122a220c/sm/snapshot.3_0
2021-12-28 02:24:18,620 [d44b9b66-006b-4516-8682-2587942b100c@group-D498122A220C-StateMachineUpdater] INFO  ratis.ContainerStateMachine (ContainerStateMachine.java:takeSnapshot(310)) - group-D498122A220C: Finished taking a snapshot at:(t:3, i:0) file:/home/runner/work/ozone/ozone/hadoop-ozone/integration-test/target/test-dir/MiniOzoneClusterImpl-b5c7e046-d456-4649-9d8a-956fe40c5cb7/datanode-2/data/ratis/e6f8f755-bbc8-4421-a05d-d498122a220c/sm/snapshot.3_0 took: 1 ms
2021-12-28 02:24:18,620 [d44b9b66-006b-4516-8682-2587942b100c@group-D498122A220C-StateMachineUpdater] INFO  impl.StateMachineUpdater (StateMachineUpdater.java:takeSnapshot(281)) - d44b9b66-006b-4516-8682-2587942b100c@group-D498122A220C-StateMachineUpdater: Took a snapshot at index 0
2021-12-28 02:24:18,620 [d44b9b66-006b-4516-8682-2587942b100c@group-D498122A220C-StateMachineUpdater] INFO  impl.StateMachineUpdater (StateMachineUpdater.java:lambda$new$0(89)) - d44b9b66-006b-4516-8682-2587942b100c@group-D498122A220C-StateMachineUpdater: snapshotIndex: updateIncreasingly -1 -> 0
2021-12-28 02:24:18,620 [ForkJoinPool.commonPool-worker-1] INFO  server.RaftServer$Division (ServerState.java:close(419)) - d44b9b66-006b-4516-8682-2587942b100c@group-D498122A220C: closes. applyIndex: 0
2021-12-28 02:24:18,621 [d44b9b66-006b-4516-8682-2587942b100c@group-D498122A220C-SegmentedRaftLogWorker] INFO  segmented.SegmentedRaftLogWorker (SegmentedRaftLogWorker.java:run(327)) - d44b9b66-006b-4516-8682-2587942b100c@group-D498122A220C-SegmentedRaftLogWorker was interrupted, exiting. There are 0 tasks remaining in the queue.
2021-12-28 02:24:18,621 [ForkJoinPool.commonPool-worker-1] INFO  segmented.SegmentedRaftLogWorker (SegmentedRaftLogWorker.java:close(237)) - d44b9b66-006b-4516-8682-2587942b100c@group-D498122A220C-SegmentedRaftLogWorker close()
2021-12-28 02:24:18,621 [ForkJoinPool.commonPool-worker-1] INFO  server.RaftServer$Division (RaftServerImpl.java:lambda$close$4(412)) - d44b9b66-006b-4516-8682-2587942b100c@group-E808BCCEFBD5: shutdown
2021-12-28 02:24:18,622 [ForkJoinPool.commonPool-worker-1] INFO  util.JmxRegister (JmxRegister.java:unregister(73)) - Successfully un-registered JMX Bean with object name Ratis:service=RaftServer,group=group-E808BCCEFBD5,id=d44b9b66-006b-4516-8682-2587942b100c
2021-12-28 02:24:18,622 [ForkJoinPool.commonPool-worker-1] INFO  impl.RoleInfo (RoleInfo.java:shutdownLeaderState(91)) - d44b9b66-006b-4516-8682-2587942b100c: shutdown d44b9b66-006b-4516-8682-2587942b100c@group-E808BCCEFBD5-LeaderStateImpl
2021-12-28 02:24:18,622 [ForkJoinPool.commonPool-worker-1] INFO  impl.PendingRequests (PendingRequests.java:sendNotLeaderResponses(282)) - d44b9b66-006b-4516-8682-2587942b100c@group-E808BCCEFBD5-PendingRequests: sendNotLeaderResponses
2021-12-28 02:24:18,625 [ForkJoinPool.commonPool-worker-1] INFO  impl.StateMachineUpdater (StateMachineUpdater.java:stopAndJoin(149)) - d44b9b66-006b-4516-8682-2587942b100c@group-E808BCCEFBD5-StateMachineUpdater: set stopIndex = 0
2021-12-28 02:24:18,626 [d44b9b66-006b-4516-8682-2587942b100c@group-E808BCCEFBD5-StateMachineUpdater] INFO  ratis.ContainerStateMachine (ContainerStateMachine.java:takeSnapshot(299)) - group-E808BCCEFBD5: Taking a snapshot at:(t:1, i:0) file /home/runner/work/ozone/ozone/hadoop-ozone/integration-test/target/test-dir/MiniOzoneClusterImpl-b5c7e046-d456-4649-9d8a-956fe40c5cb7/datanode-2/data/ratis/f9415a4e-565e-41a9-9745-e808bccefbd5/sm/snapshot.1_0
2021-12-28 02:24:18,626 [d44b9b66-006b-4516-8682-2587942b100c@group-E808BCCEFBD5-StateMachineUpdater] INFO  ratis.ContainerStateMachine (ContainerStateMachine.java:takeSnapshot(310)) - group-E808BCCEFBD5: Finished taking a snapshot at:(t:1, i:0) file:/home/runner/work/ozone/ozone/hadoop-ozone/integration-test/target/test-dir/MiniOzoneClusterImpl-b5c7e046-d456-4649-9d8a-956fe40c5cb7/datanode-2/data/ratis/f9415a4e-565e-41a9-9745-e808bccefbd5/sm/snapshot.1_0 took: 1 ms
2021-12-28 02:24:18,626 [d44b9b66-006b-4516-8682-2587942b100c@group-E808BCCEFBD5-StateMachineUpdater] INFO  impl.StateMachineUpdater (StateMachineUpdater.java:takeSnapshot(281)) - d44b9b66-006b-4516-8682-2587942b100c@group-E808BCCEFBD5-StateMachineUpdater: Took a snapshot at index 0
2021-12-28 02:24:18,627 [d44b9b66-006b-4516-8682-2587942b100c@group-E808BCCEFBD5-StateMachineUpdater] INFO  impl.StateMachineUpdater (StateMachineUpdater.java:lambda$new$0(89)) - d44b9b66-006b-4516-8682-2587942b100c@group-E808BCCEFBD5-StateMachineUpdater: snapshotIndex: updateIncreasingly -1 -> 0
2021-12-28 02:24:18,628 [ForkJoinPool.commonPool-worker-1] INFO  server.RaftServer$Division (ServerState.java:close(419)) - d44b9b66-006b-4516-8682-2587942b100c@group-E808BCCEFBD5: closes. applyIndex: 0
2021-12-28 02:24:18,628 [d44b9b66-006b-4516-8682-2587942b100c@group-E808BCCEFBD5-SegmentedRaftLogWorker] INFO  segmented.SegmentedRaftLogWorker (SegmentedRaftLogWorker.java:run(327)) - d44b9b66-006b-4516-8682-2587942b100c@group-E808BCCEFBD5-SegmentedRaftLogWorker was interrupted, exiting. There are 0 tasks remaining in the queue.
2021-12-28 02:24:18,628 [ForkJoinPool.commonPool-worker-1] INFO  segmented.SegmentedRaftLogWorker (SegmentedRaftLogWorker.java:close(237)) - d44b9b66-006b-4516-8682-2587942b100c@group-E808BCCEFBD5-SegmentedRaftLogWorker close()
2021-12-28 02:24:18,628 [ForkJoinPool.commonPool-worker-1] INFO  server.GrpcService (GrpcService.java:closeImpl(262)) - d44b9b66-006b-4516-8682-2587942b100c: shutdown server with port 38031 now
2021-12-28 02:24:18,647 [ForkJoinPool.commonPool-worker-1] INFO  server.GrpcService (GrpcService.java:closeImpl(271)) - d44b9b66-006b-4516-8682-2587942b100c: shutdown server with port 38031 successfully
2021-12-28 02:24:18,647 [org.apache.ratis.util.JvmPauseMonitor$$Lambda$499/2075133112@66cfe5e8] INFO  util.JvmPauseMonitor (JvmPauseMonitor.java:run(109)) - JvmPauseMonitor-d44b9b66-006b-4516-8682-2587942b100c: Stopped
2021-12-28 02:24:18,925 [EndpointStateMachine task thread for /127.0.0.1:12519 - 0 ] INFO  ipc.Client (Client.java:handleConnectionFailure(977)) - Retrying connect to server: localhost/127.0.0.1:12519. Already tried 0 time(s); retry policy is RetryUpToMaximumCountWithFixedSleep(maxRetries=15, sleepTime=1000 MILLISECONDS)
2021-12-28 02:24:18,931 [EndpointStateMachine task thread for /127.0.0.1:12529 - 0 ] INFO  ipc.Client (Client.java:handleConnectionFailure(977)) - Retrying connect to server: localhost/127.0.0.1:12529. Already tried 0 time(s); retry policy is RetryUpToMaximumCountWithFixedSleep(maxRetries=15, sleepTime=1000 MILLISECONDS)
2021-12-28 02:24:19,026 [EndpointStateMachine task thread for /127.0.0.1:13527 - 0 ] INFO  ipc.Client (Client.java:handleConnectionFailure(977)) - Retrying connect to server: localhost/127.0.0.1:13527. Already tried 9 time(s); retry policy is RetryUpToMaximumCountWithFixedSleep(maxRetries=15, sleepTime=1000 MILLISECONDS)
2021-12-28 02:24:19,026 [EndpointStateMachine task thread for /127.0.0.1:13517 - 0 ] INFO  ipc.Client (Client.java:handleConnectionFailure(977)) - Retrying connect to server: localhost/127.0.0.1:13517. Already tried 9 time(s); retry policy is RetryUpToMaximumCountWithFixedSleep(maxRetries=15, sleepTime=1000 MILLISECONDS)
2021-12-28 02:24:19,027 [EndpointStateMachine task thread for /127.0.0.1:13537 - 0 ] INFO  ipc.Client (Client.java:handleConnectionFailure(977)) - Retrying connect to server: localhost/127.0.0.1:13537. Already tried 9 time(s); retry policy is RetryUpToMaximumCountWithFixedSleep(maxRetries=15, sleepTime=1000 MILLISECONDS)
2021-12-28 02:24:19,087 [EndpointStateMachine task thread for /127.0.0.1:12509 - 0 ] INFO  ipc.Client (Client.java:handleConnectionFailure(977)) - Retrying connect to server: localhost/127.0.0.1:12509. Already tried 0 time(s); retry policy is RetryUpToMaximumCountWithFixedSleep(maxRetries=15, sleepTime=1000 MILLISECONDS)
2021-12-28 02:24:19,926 [EndpointStateMachine task thread for /127.0.0.1:12519 - 0 ] INFO  ipc.Client (Client.java:handleConnectionFailure(977)) - Retrying connect to server: localhost/127.0.0.1:12519. Already tried 1 time(s); retry policy is RetryUpToMaximumCountWithFixedSleep(maxRetries=15, sleepTime=1000 MILLISECONDS)
2021-12-28 02:24:19,932 [EndpointStateMachine task thread for /127.0.0.1:12529 - 0 ] INFO  ipc.Client (Client.java:handleConnectionFailure(977)) - Retrying connect to server: localhost/127.0.0.1:12529. Already tried 1 time(s); retry policy is RetryUpToMaximumCountWithFixedSleep(maxRetries=15, sleepTime=1000 MILLISECONDS)
2021-12-28 02:24:20,026 [EndpointStateMachine task thread for /127.0.0.1:13527 - 0 ] INFO  ipc.Client (Client.java:handleConnectionFailure(977)) - Retrying connect to server: localhost/127.0.0.1:13527. Already tried 10 time(s); retry policy is RetryUpToMaximumCountWithFixedSleep(maxRetries=15, sleepTime=1000 MILLISECONDS)
2021-12-28 02:24:20,027 [EndpointStateMachine task thread for /127.0.0.1:13517 - 0 ] INFO  ipc.Client (Client.java:handleConnectionFailure(977)) - Retrying connect to server: localhost/127.0.0.1:13517. Already tried 10 time(s); retry policy is RetryUpToMaximumCountWithFixedSleep(maxRetries=15, sleepTime=1000 MILLISECONDS)
2021-12-28 02:24:20,028 [EndpointStateMachine task thread for /127.0.0.1:13537 - 0 ] INFO  ipc.Client (Client.java:handleConnectionFailure(977)) - Retrying connect to server: localhost/127.0.0.1:13537. Already tried 10 time(s); retry policy is RetryUpToMaximumCountWithFixedSleep(maxRetries=15, sleepTime=1000 MILLISECONDS)
2021-12-28 02:24:20,088 [EndpointStateMachine task thread for /127.0.0.1:12509 - 0 ] INFO  ipc.Client (Client.java:handleConnectionFailure(977)) - Retrying connect to server: localhost/127.0.0.1:12509. Already tried 1 time(s); retry policy is RetryUpToMaximumCountWithFixedSleep(maxRetries=15, sleepTime=1000 MILLISECONDS)
2021-12-28 02:24:20,678 [ForkJoinPool.commonPool-worker-1] INFO  utils.BackgroundService (BackgroundService.java:shutdown(132)) - Shutting down service BlockDeletingService
2021-12-28 02:24:20,929 [EndpointStateMachine task thread for /127.0.0.1:12519 - 0 ] INFO  ipc.Client (Client.java:handleConnectionFailure(977)) - Retrying connect to server: localhost/127.0.0.1:12519. Already tried 2 time(s); retry policy is RetryUpToMaximumCountWithFixedSleep(maxRetries=15, sleepTime=1000 MILLISECONDS)
2021-12-28 02:24:20,932 [EndpointStateMachine task thread for /127.0.0.1:12529 - 0 ] INFO  ipc.Client (Client.java:handleConnectionFailure(977)) - Retrying connect to server: localhost/127.0.0.1:12529. Already tried 2 time(s); retry policy is RetryUpToMaximumCountWithFixedSleep(maxRetries=15, sleepTime=1000 MILLISECONDS)
2021-12-28 02:24:21,027 [EndpointStateMachine task thread for /127.0.0.1:13527 - 0 ] INFO  ipc.Client (Client.java:handleConnectionFailure(977)) - Retrying connect to server: localhost/127.0.0.1:13527. Already tried 11 time(s); retry policy is RetryUpToMaximumCountWithFixedSleep(maxRetries=15, sleepTime=1000 MILLISECONDS)
2021-12-28 02:24:21,027 [EndpointStateMachine task thread for /127.0.0.1:13517 - 0 ] INFO  ipc.Client (Client.java:handleConnectionFailure(977)) - Retrying connect to server: localhost/127.0.0.1:13517. Already tried 11 time(s); retry policy is RetryUpToMaximumCountWithFixedSleep(maxRetries=15, sleepTime=1000 MILLISECONDS)
2021-12-28 02:24:21,029 [EndpointStateMachine task thread for /127.0.0.1:13537 - 0 ] INFO  ipc.Client (Client.java:handleConnectionFailure(977)) - Retrying connect to server: localhost/127.0.0.1:13537. Already tried 11 time(s); retry policy is RetryUpToMaximumCountWithFixedSleep(maxRetries=15, sleepTime=1000 MILLISECONDS)
2021-12-28 02:24:21,088 [EndpointStateMachine task thread for /127.0.0.1:12509 - 0 ] INFO  ipc.Client (Client.java:handleConnectionFailure(977)) - Retrying connect to server: localhost/127.0.0.1:12509. Already tried 2 time(s); retry policy is RetryUpToMaximumCountWithFixedSleep(maxRetries=15, sleepTime=1000 MILLISECONDS)
2021-12-28 02:24:21,929 [EndpointStateMachine task thread for /127.0.0.1:12519 - 0 ] INFO  ipc.Client (Client.java:handleConnectionFailure(977)) - Retrying connect to server: localhost/127.0.0.1:12519. Already tried 3 time(s); retry policy is RetryUpToMaximumCountWithFixedSleep(maxRetries=15, sleepTime=1000 MILLISECONDS)
2021-12-28 02:24:21,932 [EndpointStateMachine task thread for /127.0.0.1:12529 - 0 ] INFO  ipc.Client (Client.java:handleConnectionFailure(977)) - Retrying connect to server: localhost/127.0.0.1:12529. Already tried 3 time(s); retry policy is RetryUpToMaximumCountWithFixedSleep(maxRetries=15, sleepTime=1000 MILLISECONDS)
2021-12-28 02:24:22,027 [EndpointStateMachine task thread for /127.0.0.1:13527 - 0 ] INFO  ipc.Client (Client.java:handleConnectionFailure(977)) - Retrying connect to server: localhost/127.0.0.1:13527. Already tried 12 time(s); retry policy is RetryUpToMaximumCountWithFixedSleep(maxRetries=15, sleepTime=1000 MILLISECONDS)
2021-12-28 02:24:22,028 [EndpointStateMachine task thread for /127.0.0.1:13517 - 0 ] INFO  ipc.Client (Client.java:handleConnectionFailure(977)) - Retrying connect to server: localhost/127.0.0.1:13517. Already tried 12 time(s); retry policy is RetryUpToMaximumCountWithFixedSleep(maxRetries=15, sleepTime=1000 MILLISECONDS)
2021-12-28 02:24:22,029 [EndpointStateMachine task thread for /127.0.0.1:13537 - 0 ] INFO  ipc.Client (Client.java:handleConnectionFailure(977)) - Retrying connect to server: localhost/127.0.0.1:13537. Already tried 12 time(s); retry policy is RetryUpToMaximumCountWithFixedSleep(maxRetries=15, sleepTime=1000 MILLISECONDS)
2021-12-28 02:24:22,089 [EndpointStateMachine task thread for /127.0.0.1:12509 - 0 ] INFO  ipc.Client (Client.java:handleConnectionFailure(977)) - Retrying connect to server: localhost/127.0.0.1:12509. Already tried 3 time(s); retry policy is RetryUpToMaximumCountWithFixedSleep(maxRetries=15, sleepTime=1000 MILLISECONDS)
2021-12-28 02:24:22,930 [EndpointStateMachine task thread for /127.0.0.1:12519 - 0 ] INFO  ipc.Client (Client.java:handleConnectionFailure(977)) - Retrying connect to server: localhost/127.0.0.1:12519. Already tried 4 time(s); retry policy is RetryUpToMaximumCountWithFixedSleep(maxRetries=15, sleepTime=1000 MILLISECONDS)
2021-12-28 02:24:22,933 [EndpointStateMachine task thread for /127.0.0.1:12529 - 0 ] INFO  ipc.Client (Client.java:handleConnectionFailure(977)) - Retrying connect to server: localhost/127.0.0.1:12529. Already tried 4 time(s); retry policy is RetryUpToMaximumCountWithFixedSleep(maxRetries=15, sleepTime=1000 MILLISECONDS)
2021-12-28 02:24:23,028 [EndpointStateMachine task thread for /127.0.0.1:13527 - 0 ] INFO  ipc.Client (Client.java:handleConnectionFailure(977)) - Retrying connect to server: localhost/127.0.0.1:13527. Already tried 13 time(s); retry policy is RetryUpToMaximumCountWithFixedSleep(maxRetries=15, sleepTime=1000 MILLISECONDS)
2021-12-28 02:24:23,029 [EndpointStateMachine task thread for /127.0.0.1:13517 - 0 ] INFO  ipc.Client (Client.java:handleConnectionFailure(977)) - Retrying connect to server: localhost/127.0.0.1:13517. Already tried 13 time(s); retry policy is RetryUpToMaximumCountWithFixedSleep(maxRetries=15, sleepTime=1000 MILLISECONDS)
2021-12-28 02:24:23,034 [EndpointStateMachine task thread for /127.0.0.1:13537 - 0 ] INFO  ipc.Client (Client.java:handleConnectionFailure(977)) - Retrying connect to server: localhost/127.0.0.1:13537. Already tried 13 time(s); retry policy is RetryUpToMaximumCountWithFixedSleep(maxRetries=15, sleepTime=1000 MILLISECONDS)
2021-12-28 02:24:23,089 [EndpointStateMachine task thread for /127.0.0.1:12509 - 0 ] INFO  ipc.Client (Client.java:handleConnectionFailure(977)) - Retrying connect to server: localhost/127.0.0.1:12509. Already tried 4 time(s); retry policy is RetryUpToMaximumCountWithFixedSleep(maxRetries=15, sleepTime=1000 MILLISECONDS)
2021-12-28 02:24:23,681 [ForkJoinPool.commonPool-worker-1] INFO  statemachine.DatanodeStateMachine (DatanodeStateMachine.java:stopDaemon(526)) - Ozone container server stopped.
2021-12-28 02:24:23,684 [ForkJoinPool.commonPool-worker-1] INFO  handler.ContextHandler (ContextHandler.java:doStop(1153)) - Stopped o.e.j.w.WebAppContext@2a76555a{hddsDatanode,/,null,STOPPED}{jar:file:/home/runner/.m2/repository/org/apache/ozone/hdds-container-service/1.3.0-SNAPSHOT/hdds-container-service-1.3.0-SNAPSHOT.jar!/webapps/hddsDatanode}
2021-12-28 02:24:23,686 [ForkJoinPool.commonPool-worker-1] INFO  server.AbstractConnector (AbstractConnector.java:doStop(381)) - Stopped ServerConnector@2e754572{HTTP/1.1, (http/1.1)}{0.0.0.0:0}
2021-12-28 02:24:23,686 [ForkJoinPool.commonPool-worker-1] INFO  server.session (HouseKeeper.java:stopScavenging(149)) - node0 Stopped scavenging
2021-12-28 02:24:23,687 [ForkJoinPool.commonPool-worker-1] INFO  handler.ContextHandler (ContextHandler.java:doStop(1153)) - Stopped o.e.j.s.ServletContextHandler@54188be5{static,/static,jar:file:/home/runner/.m2/repository/org/apache/ozone/hdds-container-service/1.3.0-SNAPSHOT/hdds-container-service-1.3.0-SNAPSHOT.jar!/webapps/static,STOPPED}
2021-12-28 02:24:23,688 [ForkJoinPool.commonPool-worker-1] INFO  handler.ContextHandler (ContextHandler.java:doStop(1153)) - Stopped o.e.j.s.ServletContextHandler@49439018{logs,/logs,file:///home/runner/work/ozone/ozone/hadoop-ozone/integration-test/target/log,STOPPED}
]]></system-out>
  </testcase>
  <testcase name="testInstallCorruptedCheckpointFailure" classname="org.apache.hadoop.ozone.scm.TestSCMInstallSnapshotWithHA" time="60.199"/>
</testsuite>