<?xml version="1.0" encoding="UTF-8"?>
<testsuite xmlns:xsi="http://www.w3.org/2001/XMLSchema-instance" xsi:noNamespaceSchemaLocation="https://maven.apache.org/surefire/maven-surefire-plugin/xsd/surefire-test-report-3.0.xsd" version="3.0" name="org.apache.hadoop.hdds.scm.container.balancer.TestContainerBalancerTask" time="8.455" tests="24" errors="1" skipped="0" failures="0">
  <properties>
    <property name="awt.toolkit" value="sun.awt.X11.XToolkit"/>
    <property name="file.encoding.pkg" value="sun.io"/>
    <property name="java.specification.version" value="1.8"/>
    <property name="sun.cpu.isalist" value=""/>
    <property name="sun.jnu.encoding" value="UTF-8"/>
    <property name="java.class.path" value="/home/runner/work/ozone/ozone/hadoop-hdds/server-scm/target/test-classes:/home/runner/work/ozone/ozone/hadoop-hdds/server-scm/target/classes:/home/runner/work/ozone/ozone/hadoop-hdds/test-utils/target/classes:/home/runner/.m2/repository/com/google/guava/guava/32.0.0-jre/guava-32.0.0-jre.jar:/home/runner/.m2/repository/com/google/guava/failureaccess/1.0.1/failureaccess-1.0.1.jar:/home/runner/.m2/repository/com/google/guava/listenablefuture/9999.0-empty-to-avoid-conflict-with-guava/listenablefuture-9999.0-empty-to-avoid-conflict-with-guava.jar:/home/runner/.m2/repository/org/checkerframework/checker-qual/3.33.0/checker-qual-3.33.0.jar:/home/runner/.m2/repository/com/google/errorprone/error_prone_annotations/2.2.0/error_prone_annotations-2.2.0.jar:/home/runner/.m2/repository/com/google/j2objc/j2objc-annotations/2.8/j2objc-annotations-2.8.jar:/home/runner/.m2/repository/commons-io/commons-io/2.11.0/commons-io-2.11.0.jar:/home/runner/.m2/repository/commons-logging/commons-logging/1.2/commons-logging-1.2.jar:/home/runner/.m2/repository/ch/qos/reload4j/reload4j/1.2.22/reload4j-1.2.22.jar:/home/runner/.m2/repository/org/apache/commons/commons-lang3/3.7/commons-lang3-3.7.jar:/home/runner/.m2/repository/org/slf4j/slf4j-api/1.7.36/slf4j-api-1.7.36.jar:/home/runner/.m2/repository/org/apache/logging/log4j/log4j-api/2.17.1/log4j-api-2.17.1.jar:/home/runner/work/ozone/ozone/hadoop-hdds/common/target/classes:/home/runner/work/ozone/ozone/hadoop-hdds/hadoop-dependency-client/target/classes:/home/runner/.m2/repository/info/picocli/picocli/4.6.1/picocli-4.6.1.jar:/home/runner/.m2/repository/com/fasterxml/jackson/core/jackson-annotations/2.13.4/jackson-annotations-2.13.4.jar:/home/runner/.m2/repository/com/fasterxml/jackson/datatype/jackson-datatype-jsr310/2.13.4/jackson-datatype-jsr310-2.13.4.jar:/home/runner/.m2/repository/com/fasterxml/jackson/core/jackson-core/2.13.4/jackson-core-2.13.4.jar:/home/runner/work/ozone/ozone/hadoop-hdds/annotations/target/classes:/home/runner/work/ozone/ozone/hadoop-hdds/config/target/classes:/home/runner/.m2/repository/javax/annotation/javax.annotation-api/1.2/javax.annotation-api-1.2.jar:/home/runner/.m2/repository/org/apache/ratis/ratis-server/2.5.1/ratis-server-2.5.1.jar:/home/runner/.m2/repository/org/apache/ratis/ratis-thirdparty-misc/1.0.4/ratis-thirdparty-misc-1.0.4.jar:/home/runner/.m2/repository/org/apache/ratis/ratis-proto/2.5.1/ratis-proto-2.5.1.jar:/home/runner/.m2/repository/org/apache/ratis/ratis-common/2.5.1/ratis-common-2.5.1.jar:/home/runner/.m2/repository/org/apache/ratis/ratis-client/2.5.1/ratis-client-2.5.1.jar:/home/runner/.m2/repository/org/apache/ratis/ratis-server-api/2.5.1/ratis-server-api-2.5.1.jar:/home/runner/.m2/repository/org/apache/ratis/ratis-metrics/2.5.1/ratis-metrics-2.5.1.jar:/home/runner/.m2/repository/org/apache/ratis/ratis-netty/2.5.1/ratis-netty-2.5.1.jar:/home/runner/.m2/repository/org/apache/ratis/ratis-grpc/2.5.1/ratis-grpc-2.5.1.jar:/home/runner/.m2/repository/org/apache/commons/commons-pool2/2.6.0/commons-pool2-2.6.0.jar:/home/runner/.m2/repository/org/bouncycastle/bcpkix-jdk15on/1.67/bcpkix-jdk15on-1.67.jar:/home/runner/.m2/repository/commons-validator/commons-validator/1.6/commons-validator-1.6.jar:/home/runner/.m2/repository/commons-beanutils/commons-beanutils/1.9.4/commons-beanutils-1.9.4.jar:/home/runner/.m2/repository/commons-digester/commons-digester/1.8.1/commons-digester-1.8.1.jar:/home/runner/.m2/repository/commons-collections/commons-collections/3.2.2/commons-collections-3.2.2.jar:/home/runner/.m2/repository/io/jaegertracing/jaeger-client/1.6.0/jaeger-client-1.6.0.jar:/home/runner/.m2/repository/io/jaegertracing/jaeger-thrift/1.6.0/jaeger-thrift-1.6.0.jar:/home/runner/.m2/repository/org/apache/thrift/libthrift/0.14.1/libthrift-0.14.1.jar:/home/runner/.m2/repository/io/jaegertracing/jaeger-core/1.6.0/jaeger-core-1.6.0.jar:/home/runner/.m2/repository/io/jaegertracing/jaeger-tracerresolver/1.6.0/jaeger-tracerresolver-1.6.0.jar:/home/runner/.m2/repository/io/opentracing/contrib/opentracing-tracerresolver/0.1.8/opentracing-tracerresolver-0.1.8.jar:/home/runner/.m2/repository/org/jetbrains/kotlin/kotlin-stdlib/1.6.21/kotlin-stdlib-1.6.21.jar:/home/runner/.m2/repository/org/jetbrains/annotations/13.0/annotations-13.0.jar:/home/runner/.m2/repository/io/opentracing/opentracing-util/0.33.0/opentracing-util-0.33.0.jar:/home/runner/.m2/repository/io/opentracing/opentracing-api/0.33.0/opentracing-api-0.33.0.jar:/home/runner/.m2/repository/io/opentracing/opentracing-noop/0.33.0/opentracing-noop-0.33.0.jar:/home/runner/.m2/repository/org/yaml/snakeyaml/2.0/snakeyaml-2.0.jar:/home/runner/.m2/repository/org/reflections/reflections/0.9.11/reflections-0.9.11.jar:/home/runner/.m2/repository/org/javassist/javassist/3.21.0-GA/javassist-3.21.0-GA.jar:/home/runner/work/ozone/ozone/hadoop-hdds/interface-client/target/classes:/home/runner/.m2/repository/org/apache/hadoop/thirdparty/hadoop-shaded-protobuf_3_7/1.1.1/hadoop-shaded-protobuf_3_7-1.1.1.jar:/home/runner/work/ozone/ozone/hadoop-hdds/interface-admin/target/classes:/home/runner/.m2/repository/io/grpc/grpc-api/1.51.1/grpc-api-1.51.1.jar:/home/runner/.m2/repository/io/grpc/grpc-context/1.51.1/grpc-context-1.51.1.jar:/home/runner/work/ozone/ozone/hadoop-hdds/container-service/target/classes:/home/runner/.m2/repository/org/apache/commons/commons-compress/1.21/commons-compress-1.21.jar:/home/runner/.m2/repository/com/github/luben/zstd-jni/1.5.2-5/zstd-jni-1.5.2-5.jar:/home/runner/.m2/repository/commons-codec/commons-codec/1.15/commons-codec-1.15.jar:/home/runner/.m2/repository/javax/xml/bind/jaxb-api/2.3.0/jaxb-api-2.3.0.jar:/home/runner/.m2/repository/org/glassfish/jaxb/jaxb-runtime/2.3.0.1/jaxb-runtime-2.3.0.1.jar:/home/runner/.m2/repository/org/glassfish/jaxb/jaxb-core/2.3.0.1/jaxb-core-2.3.0.1.jar:/home/runner/.m2/repository/org/glassfish/jaxb/txw2/2.3.0.1/txw2-2.3.0.1.jar:/home/runner/.m2/repository/com/sun/istack/istack-commons-runtime/3.0.5/istack-commons-runtime-3.0.5.jar:/home/runner/.m2/repository/org/jvnet/staxex/stax-ex/1.7.8/stax-ex-1.7.8.jar:/home/runner/.m2/repository/com/sun/xml/fastinfoset/FastInfoset/1.2.13/FastInfoset-1.2.13.jar:/home/runner/.m2/repository/io/netty/netty-transport/4.1.94.Final/netty-transport-4.1.94.Final.jar:/home/runner/.m2/repository/io/netty/netty-common/4.1.94.Final/netty-common-4.1.94.Final.jar:/home/runner/.m2/repository/io/netty/netty-buffer/4.1.94.Final/netty-buffer-4.1.94.Final.jar:/home/runner/.m2/repository/io/netty/netty-resolver/4.1.94.Final/netty-resolver-4.1.94.Final.jar:/home/runner/.m2/repository/io/netty/netty-codec/4.1.94.Final/netty-codec-4.1.94.Final.jar:/home/runner/.m2/repository/io/netty/netty-handler/4.1.94.Final/netty-handler-4.1.94.Final.jar:/home/runner/.m2/repository/io/netty/netty-transport-native-unix-common/4.1.94.Final/netty-transport-native-unix-common-4.1.94.Final.jar:/home/runner/work/ozone/ozone/hadoop-hdds/client/target/classes:/home/runner/work/ozone/ozone/hadoop-hdds/erasurecode/target/classes:/home/runner/work/ozone/ozone/hadoop-hdds/hadoop-dependency-server/target/classes:/home/runner/.m2/repository/org/apache/hadoop/hadoop-annotations/3.3.6/hadoop-annotations-3.3.6.jar:/usr/lib/jvm/temurin-8-jdk-amd64/jre/../lib/tools.jar:/home/runner/.m2/repository/org/apache/hadoop/hadoop-common/3.3.6/hadoop-common-3.3.6.jar:/home/runner/.m2/repository/org/apache/hadoop/thirdparty/hadoop-shaded-guava/1.1.1/hadoop-shaded-guava-1.1.1.jar:/home/runner/.m2/repository/org/apache/httpcomponents/httpclient/4.5.13/httpclient-4.5.13.jar:/home/runner/.m2/repository/org/apache/httpcomponents/httpcore/4.4.13/httpcore-4.4.13.jar:/home/runner/.m2/repository/commons-net/commons-net/3.9.0/commons-net-3.9.0.jar:/home/runner/.m2/repository/javax/servlet/javax.servlet-api/3.1.0/javax.servlet-api-3.1.0.jar:/home/runner/.m2/repository/jakarta/activation/jakarta.activation-api/1.2.2/jakarta.activation-api-1.2.2.jar:/home/runner/.m2/repository/javax/servlet/jsp/jsp-api/2.1/jsp-api-2.1.jar:/home/runner/.m2/repository/com/sun/jersey/jersey-core/1.19/jersey-core-1.19.jar:/home/runner/.m2/repository/javax/ws/rs/jsr311-api/1.1.1/jsr311-api-1.1.1.jar:/home/runner/.m2/repository/com/sun/jersey/jersey-servlet/1.19/jersey-servlet-1.19.jar:/home/runner/.m2/repository/com/sun/jersey/jersey-server/1.19/jersey-server-1.19.jar:/home/runner/.m2/repository/com/google/re2j/re2j/1.1/re2j-1.1.jar:/home/runner/.m2/repository/com/google/code/gson/gson/2.9.0/gson-2.9.0.jar:/home/runner/.m2/repository/org/apache/hadoop/hadoop-auth/3.3.6/hadoop-auth-3.3.6.jar:/home/runner/.m2/repository/com/nimbusds/nimbus-jose-jwt/9.8.1/nimbus-jose-jwt-9.8.1.jar:/home/runner/.m2/repository/com/github/stephenc/jcip/jcip-annotations/1.0-1/jcip-annotations-1.0-1.jar:/home/runner/.m2/repository/com/jcraft/jsch/0.1.54/jsch-0.1.54.jar:/home/runner/.m2/repository/org/apache/kerby/kerb-core/1.0.1/kerb-core-1.0.1.jar:/home/runner/.m2/repository/org/apache/kerby/kerby-pkix/1.0.1/kerby-pkix-1.0.1.jar:/home/runner/.m2/repository/org/apache/kerby/kerby-asn1/1.0.1/kerby-asn1-1.0.1.jar:/home/runner/.m2/repository/org/apache/kerby/kerby-util/1.0.1/kerby-util-1.0.1.jar:/home/runner/.m2/repository/org/codehaus/woodstox/stax2-api/4.2.1/stax2-api-4.2.1.jar:/home/runner/.m2/repository/com/fasterxml/woodstox/woodstox-core/5.4.0/woodstox-core-5.4.0.jar:/home/runner/.m2/repository/dnsjava/dnsjava/2.1.7/dnsjava-2.1.7.jar:/home/runner/.m2/repository/org/xerial/snappy/snappy-java/1.1.8.2/snappy-java-1.1.8.2.jar:/home/runner/.m2/repository/commons-cli/commons-cli/1.2/commons-cli-1.2.jar:/home/runner/.m2/repository/org/apache/hadoop/hadoop-hdfs/3.3.6/hadoop-hdfs-3.3.6.jar:/home/runner/.m2/repository/org/eclipse/jetty/jetty-util-ajax/9.4.51.v20230217/jetty-util-ajax-9.4.51.v20230217.jar:/home/runner/.m2/repository/commons-daemon/commons-daemon/1.0.13/commons-daemon-1.0.13.jar:/home/runner/work/ozone/ozone/hadoop-hdds/framework/target/classes:/home/runner/work/ozone/ozone/hadoop-hdds/interface-server/target/classes:/home/runner/work/ozone/ozone/hadoop-hdds/managed-rocksdb/target/classes:/home/runner/.m2/repository/org/rocksdb/rocksdbjni/7.7.3/rocksdbjni-7.7.3.jar:/home/runner/.m2/repository/org/slf4j/slf4j-reload4j/1.7.36/slf4j-reload4j-1.7.36.jar:/home/runner/.m2/repository/org/apache/commons/commons-configuration2/2.1.1/commons-configuration2-2.1.1.jar:/home/runner/.m2/repository/commons-fileupload/commons-fileupload/1.5/commons-fileupload-1.5.jar:/home/runner/.m2/repository/org/apache/logging/log4j/log4j-core/2.17.1/log4j-core-2.17.1.jar:/home/runner/.m2/repository/com/lmax/disruptor/3.4.2/disruptor-3.4.2.jar:/home/runner/.m2/repository/org/eclipse/jetty/jetty-util/9.4.51.v20230217/jetty-util-9.4.51.v20230217.jar:/home/runner/.m2/repository/org/eclipse/jetty/jetty-server/9.4.51.v20230217/jetty-server-9.4.51.v20230217.jar:/home/runner/.m2/repository/org/eclipse/jetty/jetty-http/9.4.51.v20230217/jetty-http-9.4.51.v20230217.jar:/home/runner/.m2/repository/org/eclipse/jetty/jetty-io/9.4.51.v20230217/jetty-io-9.4.51.v20230217.jar:/home/runner/.m2/repository/org/eclipse/jetty/jetty-servlet/9.4.51.v20230217/jetty-servlet-9.4.51.v20230217.jar:/home/runner/.m2/repository/org/eclipse/jetty/jetty-security/9.4.51.v20230217/jetty-security-9.4.51.v20230217.jar:/home/runner/.m2/repository/org/eclipse/jetty/jetty-webapp/9.4.51.v20230217/jetty-webapp-9.4.51.v20230217.jar:/home/runner/.m2/repository/org/eclipse/jetty/jetty-xml/9.4.51.v20230217/jetty-xml-9.4.51.v20230217.jar:/home/runner/.m2/repository/io/prometheus/simpleclient_dropwizard/0.7.0/simpleclient_dropwizard-0.7.0.jar:/home/runner/.m2/repository/io/prometheus/simpleclient/0.7.0/simpleclient-0.7.0.jar:/home/runner/.m2/repository/io/prometheus/simpleclient_common/0.7.0/simpleclient_common-0.7.0.jar:/home/runner/work/ozone/ozone/hadoop-hdds/rocksdb-checkpoint-differ/target/classes:/home/runner/work/ozone/ozone/hadoop-hdds/rocks-native/target/classes:/home/runner/.m2/repository/org/jgrapht/jgrapht-core/1.0.1/jgrapht-core-1.0.1.jar:/home/runner/.m2/repository/org/jgrapht/jgrapht-ext/1.0.1/jgrapht-ext-1.0.1.jar:/home/runner/.m2/repository/org/tinyjee/jgraphx/jgraphx/2.0.0.1/jgraphx-2.0.0.1.jar:/home/runner/.m2/repository/jgraph/jgraph/5.13.0.0/jgraph-5.13.0.0.jar:/home/runner/.m2/repository/org/antlr/antlr4-runtime/4.5.3/antlr4-runtime-4.5.3.jar:/home/runner/.m2/repository/org/awaitility/awaitility/4.2.0/awaitility-4.2.0.jar:/home/runner/.m2/repository/org/hamcrest/hamcrest/2.1/hamcrest-2.1.jar:/home/runner/work/ozone/ozone/hadoop-hdds/docs/target/classes:/home/runner/.m2/repository/io/dropwizard/metrics/metrics-core/3.2.4/metrics-core-3.2.4.jar:/home/runner/.m2/repository/com/github/spotbugs/spotbugs-annotations/3.1.12/spotbugs-annotations-3.1.12.jar:/home/runner/.m2/repository/com/google/code/findbugs/jsr305/3.0.0/jsr305-3.0.0.jar:/home/runner/.m2/repository/org/apache/commons/commons-math3/3.1.1/commons-math3-3.1.1.jar:/home/runner/.m2/repository/org/apache/commons/commons-text/1.10.0/commons-text-1.10.0.jar:/home/runner/.m2/repository/org/apache/hadoop/hadoop-hdfs-client/3.3.6/hadoop-hdfs-client-3.3.6.jar:/home/runner/.m2/repository/com/squareup/okhttp3/okhttp/4.9.3/okhttp-4.9.3.jar:/home/runner/.m2/repository/com/squareup/okio/okio/3.4.0/okio-3.4.0.jar:/home/runner/.m2/repository/com/squareup/okio/okio-jvm/3.4.0/okio-jvm-3.4.0.jar:/home/runner/.m2/repository/org/jetbrains/kotlin/kotlin-stdlib-jdk8/1.8.0/kotlin-stdlib-jdk8-1.8.0.jar:/home/runner/.m2/repository/org/jetbrains/kotlin/kotlin-stdlib-jdk7/1.8.0/kotlin-stdlib-jdk7-1.8.0.jar:/home/runner/.m2/repository/org/jetbrains/kotlin/kotlin-stdlib-common/1.6.21/kotlin-stdlib-common-1.6.21.jar:/home/runner/.m2/repository/com/fasterxml/jackson/core/jackson-databind/2.13.4.2/jackson-databind-2.13.4.2.jar:/home/runner/work/ozone/ozone/hadoop-hdds/container-service/target/test-classes:/home/runner/work/ozone/ozone/hadoop-hdds/common/target/test-classes:/home/runner/.m2/repository/org/hamcrest/hamcrest-core/1.3/hamcrest-core-1.3.jar:/home/runner/.m2/repository/org/assertj/assertj-core/3.12.2/assertj-core-3.12.2.jar:/home/runner/.m2/repository/org/mockito/mockito-core/3.5.9/mockito-core-3.5.9.jar:/home/runner/.m2/repository/net/bytebuddy/byte-buddy/1.10.13/byte-buddy-1.10.13.jar:/home/runner/.m2/repository/net/bytebuddy/byte-buddy-agent/1.10.13/byte-buddy-agent-1.10.13.jar:/home/runner/.m2/repository/org/objenesis/objenesis/1.0/objenesis-1.0.jar:/home/runner/.m2/repository/org/hamcrest/hamcrest-all/1.3/hamcrest-all-1.3.jar:/home/runner/.m2/repository/org/bouncycastle/bcprov-jdk15on/1.67/bcprov-jdk15on-1.67.jar:/home/runner/work/ozone/ozone/hadoop-hdds/hadoop-dependency-test/target/classes:/home/runner/.m2/repository/org/apache/hadoop/hadoop-common/3.3.6/hadoop-common-3.3.6-tests.jar:/home/runner/.m2/repository/org/apache/hadoop/hadoop-hdfs/3.3.6/hadoop-hdfs-3.3.6-tests.jar:/home/runner/.m2/repository/com/google/protobuf/protobuf-java/2.5.0/protobuf-java-2.5.0.jar:/home/runner/.m2/repository/org/junit/jupiter/junit-jupiter-api/5.8.2/junit-jupiter-api-5.8.2.jar:/home/runner/.m2/repository/org/opentest4j/opentest4j/1.2.0/opentest4j-1.2.0.jar:/home/runner/.m2/repository/org/junit/platform/junit-platform-commons/1.8.2/junit-platform-commons-1.8.2.jar:/home/runner/.m2/repository/org/apiguardian/apiguardian-api/1.1.2/apiguardian-api-1.1.2.jar:/home/runner/.m2/repository/org/junit/jupiter/junit-jupiter-engine/5.8.2/junit-jupiter-engine-5.8.2.jar:/home/runner/.m2/repository/org/junit/platform/junit-platform-engine/1.8.2/junit-platform-engine-1.8.2.jar:/home/runner/.m2/repository/org/junit/vintage/junit-vintage-engine/5.8.2/junit-vintage-engine-5.8.2.jar:/home/runner/.m2/repository/org/junit/platform/junit-platform-launcher/1.8.2/junit-platform-launcher-1.8.2.jar:/home/runner/.m2/repository/org/junit/jupiter/junit-jupiter-params/5.8.2/junit-jupiter-params-5.8.2.jar:/home/runner/.m2/repository/junit/junit/4.13.1/junit-4.13.1.jar:"/>
    <property name="java.vm.vendor" value="Temurin"/>
    <property name="sun.arch.data.model" value="64"/>
    <property name="test.build.dir" value="/home/runner/work/ozone/ozone/hadoop-hdds/server-scm/target/test-dir"/>
    <property name="test.cache.data" value=""/>
    <property name="java.vendor.url" value="https://adoptium.net/"/>
    <property name="user.timezone" value="Etc/UTC"/>
    <property name="java.vm.specification.version" value="1.8"/>
    <property name="os.name" value="Linux"/>
    <property name="test.build.data" value="/home/runner/work/ozone/ozone/hadoop-hdds/server-scm/target/test-dir"/>
    <property name="sun.java.launcher" value="SUN_STANDARD"/>
    <property name="sun.boot.library.path" value="/usr/lib/jvm/temurin-8-jdk-amd64/jre/lib/amd64"/>
    <property name="sun.java.command" value="/home/runner/work/ozone/ozone/hadoop-hdds/server-scm/target/surefire/surefirebooter7398937872372820528.jar /home/runner/work/ozone/ozone/hadoop-hdds/server-scm/target/surefire 2023-08-30T06-22-13_301-jvmRun1 surefire3085174225941094168tmp surefire_2791893224254081048573tmp"/>
    <property name="native.lib.tmp.dir" value="/tmp"/>
    <property name="surefire.test.class.path" value="/home/runner/work/ozone/ozone/hadoop-hdds/server-scm/target/test-classes:/home/runner/work/ozone/ozone/hadoop-hdds/server-scm/target/classes:/home/runner/work/ozone/ozone/hadoop-hdds/test-utils/target/classes:/home/runner/.m2/repository/com/google/guava/guava/32.0.0-jre/guava-32.0.0-jre.jar:/home/runner/.m2/repository/com/google/guava/failureaccess/1.0.1/failureaccess-1.0.1.jar:/home/runner/.m2/repository/com/google/guava/listenablefuture/9999.0-empty-to-avoid-conflict-with-guava/listenablefuture-9999.0-empty-to-avoid-conflict-with-guava.jar:/home/runner/.m2/repository/org/checkerframework/checker-qual/3.33.0/checker-qual-3.33.0.jar:/home/runner/.m2/repository/com/google/errorprone/error_prone_annotations/2.2.0/error_prone_annotations-2.2.0.jar:/home/runner/.m2/repository/com/google/j2objc/j2objc-annotations/2.8/j2objc-annotations-2.8.jar:/home/runner/.m2/repository/commons-io/commons-io/2.11.0/commons-io-2.11.0.jar:/home/runner/.m2/repository/commons-logging/commons-logging/1.2/commons-logging-1.2.jar:/home/runner/.m2/repository/ch/qos/reload4j/reload4j/1.2.22/reload4j-1.2.22.jar:/home/runner/.m2/repository/org/apache/commons/commons-lang3/3.7/commons-lang3-3.7.jar:/home/runner/.m2/repository/org/slf4j/slf4j-api/1.7.36/slf4j-api-1.7.36.jar:/home/runner/.m2/repository/org/apache/logging/log4j/log4j-api/2.17.1/log4j-api-2.17.1.jar:/home/runner/work/ozone/ozone/hadoop-hdds/common/target/classes:/home/runner/work/ozone/ozone/hadoop-hdds/hadoop-dependency-client/target/classes:/home/runner/.m2/repository/info/picocli/picocli/4.6.1/picocli-4.6.1.jar:/home/runner/.m2/repository/com/fasterxml/jackson/core/jackson-annotations/2.13.4/jackson-annotations-2.13.4.jar:/home/runner/.m2/repository/com/fasterxml/jackson/datatype/jackson-datatype-jsr310/2.13.4/jackson-datatype-jsr310-2.13.4.jar:/home/runner/.m2/repository/com/fasterxml/jackson/core/jackson-core/2.13.4/jackson-core-2.13.4.jar:/home/runner/work/ozone/ozone/hadoop-hdds/annotations/target/classes:/home/runner/work/ozone/ozone/hadoop-hdds/config/target/classes:/home/runner/.m2/repository/javax/annotation/javax.annotation-api/1.2/javax.annotation-api-1.2.jar:/home/runner/.m2/repository/org/apache/ratis/ratis-server/2.5.1/ratis-server-2.5.1.jar:/home/runner/.m2/repository/org/apache/ratis/ratis-thirdparty-misc/1.0.4/ratis-thirdparty-misc-1.0.4.jar:/home/runner/.m2/repository/org/apache/ratis/ratis-proto/2.5.1/ratis-proto-2.5.1.jar:/home/runner/.m2/repository/org/apache/ratis/ratis-common/2.5.1/ratis-common-2.5.1.jar:/home/runner/.m2/repository/org/apache/ratis/ratis-client/2.5.1/ratis-client-2.5.1.jar:/home/runner/.m2/repository/org/apache/ratis/ratis-server-api/2.5.1/ratis-server-api-2.5.1.jar:/home/runner/.m2/repository/org/apache/ratis/ratis-metrics/2.5.1/ratis-metrics-2.5.1.jar:/home/runner/.m2/repository/org/apache/ratis/ratis-netty/2.5.1/ratis-netty-2.5.1.jar:/home/runner/.m2/repository/org/apache/ratis/ratis-grpc/2.5.1/ratis-grpc-2.5.1.jar:/home/runner/.m2/repository/org/apache/commons/commons-pool2/2.6.0/commons-pool2-2.6.0.jar:/home/runner/.m2/repository/org/bouncycastle/bcpkix-jdk15on/1.67/bcpkix-jdk15on-1.67.jar:/home/runner/.m2/repository/commons-validator/commons-validator/1.6/commons-validator-1.6.jar:/home/runner/.m2/repository/commons-beanutils/commons-beanutils/1.9.4/commons-beanutils-1.9.4.jar:/home/runner/.m2/repository/commons-digester/commons-digester/1.8.1/commons-digester-1.8.1.jar:/home/runner/.m2/repository/commons-collections/commons-collections/3.2.2/commons-collections-3.2.2.jar:/home/runner/.m2/repository/io/jaegertracing/jaeger-client/1.6.0/jaeger-client-1.6.0.jar:/home/runner/.m2/repository/io/jaegertracing/jaeger-thrift/1.6.0/jaeger-thrift-1.6.0.jar:/home/runner/.m2/repository/org/apache/thrift/libthrift/0.14.1/libthrift-0.14.1.jar:/home/runner/.m2/repository/io/jaegertracing/jaeger-core/1.6.0/jaeger-core-1.6.0.jar:/home/runner/.m2/repository/io/jaegertracing/jaeger-tracerresolver/1.6.0/jaeger-tracerresolver-1.6.0.jar:/home/runner/.m2/repository/io/opentracing/contrib/opentracing-tracerresolver/0.1.8/opentracing-tracerresolver-0.1.8.jar:/home/runner/.m2/repository/org/jetbrains/kotlin/kotlin-stdlib/1.6.21/kotlin-stdlib-1.6.21.jar:/home/runner/.m2/repository/org/jetbrains/annotations/13.0/annotations-13.0.jar:/home/runner/.m2/repository/io/opentracing/opentracing-util/0.33.0/opentracing-util-0.33.0.jar:/home/runner/.m2/repository/io/opentracing/opentracing-api/0.33.0/opentracing-api-0.33.0.jar:/home/runner/.m2/repository/io/opentracing/opentracing-noop/0.33.0/opentracing-noop-0.33.0.jar:/home/runner/.m2/repository/org/yaml/snakeyaml/2.0/snakeyaml-2.0.jar:/home/runner/.m2/repository/org/reflections/reflections/0.9.11/reflections-0.9.11.jar:/home/runner/.m2/repository/org/javassist/javassist/3.21.0-GA/javassist-3.21.0-GA.jar:/home/runner/work/ozone/ozone/hadoop-hdds/interface-client/target/classes:/home/runner/.m2/repository/org/apache/hadoop/thirdparty/hadoop-shaded-protobuf_3_7/1.1.1/hadoop-shaded-protobuf_3_7-1.1.1.jar:/home/runner/work/ozone/ozone/hadoop-hdds/interface-admin/target/classes:/home/runner/.m2/repository/io/grpc/grpc-api/1.51.1/grpc-api-1.51.1.jar:/home/runner/.m2/repository/io/grpc/grpc-context/1.51.1/grpc-context-1.51.1.jar:/home/runner/work/ozone/ozone/hadoop-hdds/container-service/target/classes:/home/runner/.m2/repository/org/apache/commons/commons-compress/1.21/commons-compress-1.21.jar:/home/runner/.m2/repository/com/github/luben/zstd-jni/1.5.2-5/zstd-jni-1.5.2-5.jar:/home/runner/.m2/repository/commons-codec/commons-codec/1.15/commons-codec-1.15.jar:/home/runner/.m2/repository/javax/xml/bind/jaxb-api/2.3.0/jaxb-api-2.3.0.jar:/home/runner/.m2/repository/org/glassfish/jaxb/jaxb-runtime/2.3.0.1/jaxb-runtime-2.3.0.1.jar:/home/runner/.m2/repository/org/glassfish/jaxb/jaxb-core/2.3.0.1/jaxb-core-2.3.0.1.jar:/home/runner/.m2/repository/org/glassfish/jaxb/txw2/2.3.0.1/txw2-2.3.0.1.jar:/home/runner/.m2/repository/com/sun/istack/istack-commons-runtime/3.0.5/istack-commons-runtime-3.0.5.jar:/home/runner/.m2/repository/org/jvnet/staxex/stax-ex/1.7.8/stax-ex-1.7.8.jar:/home/runner/.m2/repository/com/sun/xml/fastinfoset/FastInfoset/1.2.13/FastInfoset-1.2.13.jar:/home/runner/.m2/repository/io/netty/netty-transport/4.1.94.Final/netty-transport-4.1.94.Final.jar:/home/runner/.m2/repository/io/netty/netty-common/4.1.94.Final/netty-common-4.1.94.Final.jar:/home/runner/.m2/repository/io/netty/netty-buffer/4.1.94.Final/netty-buffer-4.1.94.Final.jar:/home/runner/.m2/repository/io/netty/netty-resolver/4.1.94.Final/netty-resolver-4.1.94.Final.jar:/home/runner/.m2/repository/io/netty/netty-codec/4.1.94.Final/netty-codec-4.1.94.Final.jar:/home/runner/.m2/repository/io/netty/netty-handler/4.1.94.Final/netty-handler-4.1.94.Final.jar:/home/runner/.m2/repository/io/netty/netty-transport-native-unix-common/4.1.94.Final/netty-transport-native-unix-common-4.1.94.Final.jar:/home/runner/work/ozone/ozone/hadoop-hdds/client/target/classes:/home/runner/work/ozone/ozone/hadoop-hdds/erasurecode/target/classes:/home/runner/work/ozone/ozone/hadoop-hdds/hadoop-dependency-server/target/classes:/home/runner/.m2/repository/org/apache/hadoop/hadoop-annotations/3.3.6/hadoop-annotations-3.3.6.jar:/usr/lib/jvm/temurin-8-jdk-amd64/jre/../lib/tools.jar:/home/runner/.m2/repository/org/apache/hadoop/hadoop-common/3.3.6/hadoop-common-3.3.6.jar:/home/runner/.m2/repository/org/apache/hadoop/thirdparty/hadoop-shaded-guava/1.1.1/hadoop-shaded-guava-1.1.1.jar:/home/runner/.m2/repository/org/apache/httpcomponents/httpclient/4.5.13/httpclient-4.5.13.jar:/home/runner/.m2/repository/org/apache/httpcomponents/httpcore/4.4.13/httpcore-4.4.13.jar:/home/runner/.m2/repository/commons-net/commons-net/3.9.0/commons-net-3.9.0.jar:/home/runner/.m2/repository/javax/servlet/javax.servlet-api/3.1.0/javax.servlet-api-3.1.0.jar:/home/runner/.m2/repository/jakarta/activation/jakarta.activation-api/1.2.2/jakarta.activation-api-1.2.2.jar:/home/runner/.m2/repository/javax/servlet/jsp/jsp-api/2.1/jsp-api-2.1.jar:/home/runner/.m2/repository/com/sun/jersey/jersey-core/1.19/jersey-core-1.19.jar:/home/runner/.m2/repository/javax/ws/rs/jsr311-api/1.1.1/jsr311-api-1.1.1.jar:/home/runner/.m2/repository/com/sun/jersey/jersey-servlet/1.19/jersey-servlet-1.19.jar:/home/runner/.m2/repository/com/sun/jersey/jersey-server/1.19/jersey-server-1.19.jar:/home/runner/.m2/repository/com/google/re2j/re2j/1.1/re2j-1.1.jar:/home/runner/.m2/repository/com/google/code/gson/gson/2.9.0/gson-2.9.0.jar:/home/runner/.m2/repository/org/apache/hadoop/hadoop-auth/3.3.6/hadoop-auth-3.3.6.jar:/home/runner/.m2/repository/com/nimbusds/nimbus-jose-jwt/9.8.1/nimbus-jose-jwt-9.8.1.jar:/home/runner/.m2/repository/com/github/stephenc/jcip/jcip-annotations/1.0-1/jcip-annotations-1.0-1.jar:/home/runner/.m2/repository/com/jcraft/jsch/0.1.54/jsch-0.1.54.jar:/home/runner/.m2/repository/org/apache/kerby/kerb-core/1.0.1/kerb-core-1.0.1.jar:/home/runner/.m2/repository/org/apache/kerby/kerby-pkix/1.0.1/kerby-pkix-1.0.1.jar:/home/runner/.m2/repository/org/apache/kerby/kerby-asn1/1.0.1/kerby-asn1-1.0.1.jar:/home/runner/.m2/repository/org/apache/kerby/kerby-util/1.0.1/kerby-util-1.0.1.jar:/home/runner/.m2/repository/org/codehaus/woodstox/stax2-api/4.2.1/stax2-api-4.2.1.jar:/home/runner/.m2/repository/com/fasterxml/woodstox/woodstox-core/5.4.0/woodstox-core-5.4.0.jar:/home/runner/.m2/repository/dnsjava/dnsjava/2.1.7/dnsjava-2.1.7.jar:/home/runner/.m2/repository/org/xerial/snappy/snappy-java/1.1.8.2/snappy-java-1.1.8.2.jar:/home/runner/.m2/repository/commons-cli/commons-cli/1.2/commons-cli-1.2.jar:/home/runner/.m2/repository/org/apache/hadoop/hadoop-hdfs/3.3.6/hadoop-hdfs-3.3.6.jar:/home/runner/.m2/repository/org/eclipse/jetty/jetty-util-ajax/9.4.51.v20230217/jetty-util-ajax-9.4.51.v20230217.jar:/home/runner/.m2/repository/commons-daemon/commons-daemon/1.0.13/commons-daemon-1.0.13.jar:/home/runner/work/ozone/ozone/hadoop-hdds/framework/target/classes:/home/runner/work/ozone/ozone/hadoop-hdds/interface-server/target/classes:/home/runner/work/ozone/ozone/hadoop-hdds/managed-rocksdb/target/classes:/home/runner/.m2/repository/org/rocksdb/rocksdbjni/7.7.3/rocksdbjni-7.7.3.jar:/home/runner/.m2/repository/org/slf4j/slf4j-reload4j/1.7.36/slf4j-reload4j-1.7.36.jar:/home/runner/.m2/repository/org/apache/commons/commons-configuration2/2.1.1/commons-configuration2-2.1.1.jar:/home/runner/.m2/repository/commons-fileupload/commons-fileupload/1.5/commons-fileupload-1.5.jar:/home/runner/.m2/repository/org/apache/logging/log4j/log4j-core/2.17.1/log4j-core-2.17.1.jar:/home/runner/.m2/repository/com/lmax/disruptor/3.4.2/disruptor-3.4.2.jar:/home/runner/.m2/repository/org/eclipse/jetty/jetty-util/9.4.51.v20230217/jetty-util-9.4.51.v20230217.jar:/home/runner/.m2/repository/org/eclipse/jetty/jetty-server/9.4.51.v20230217/jetty-server-9.4.51.v20230217.jar:/home/runner/.m2/repository/org/eclipse/jetty/jetty-http/9.4.51.v20230217/jetty-http-9.4.51.v20230217.jar:/home/runner/.m2/repository/org/eclipse/jetty/jetty-io/9.4.51.v20230217/jetty-io-9.4.51.v20230217.jar:/home/runner/.m2/repository/org/eclipse/jetty/jetty-servlet/9.4.51.v20230217/jetty-servlet-9.4.51.v20230217.jar:/home/runner/.m2/repository/org/eclipse/jetty/jetty-security/9.4.51.v20230217/jetty-security-9.4.51.v20230217.jar:/home/runner/.m2/repository/org/eclipse/jetty/jetty-webapp/9.4.51.v20230217/jetty-webapp-9.4.51.v20230217.jar:/home/runner/.m2/repository/org/eclipse/jetty/jetty-xml/9.4.51.v20230217/jetty-xml-9.4.51.v20230217.jar:/home/runner/.m2/repository/io/prometheus/simpleclient_dropwizard/0.7.0/simpleclient_dropwizard-0.7.0.jar:/home/runner/.m2/repository/io/prometheus/simpleclient/0.7.0/simpleclient-0.7.0.jar:/home/runner/.m2/repository/io/prometheus/simpleclient_common/0.7.0/simpleclient_common-0.7.0.jar:/home/runner/work/ozone/ozone/hadoop-hdds/rocksdb-checkpoint-differ/target/classes:/home/runner/work/ozone/ozone/hadoop-hdds/rocks-native/target/classes:/home/runner/.m2/repository/org/jgrapht/jgrapht-core/1.0.1/jgrapht-core-1.0.1.jar:/home/runner/.m2/repository/org/jgrapht/jgrapht-ext/1.0.1/jgrapht-ext-1.0.1.jar:/home/runner/.m2/repository/org/tinyjee/jgraphx/jgraphx/2.0.0.1/jgraphx-2.0.0.1.jar:/home/runner/.m2/repository/jgraph/jgraph/5.13.0.0/jgraph-5.13.0.0.jar:/home/runner/.m2/repository/org/antlr/antlr4-runtime/4.5.3/antlr4-runtime-4.5.3.jar:/home/runner/.m2/repository/org/awaitility/awaitility/4.2.0/awaitility-4.2.0.jar:/home/runner/.m2/repository/org/hamcrest/hamcrest/2.1/hamcrest-2.1.jar:/home/runner/work/ozone/ozone/hadoop-hdds/docs/target/classes:/home/runner/.m2/repository/io/dropwizard/metrics/metrics-core/3.2.4/metrics-core-3.2.4.jar:/home/runner/.m2/repository/com/github/spotbugs/spotbugs-annotations/3.1.12/spotbugs-annotations-3.1.12.jar:/home/runner/.m2/repository/com/google/code/findbugs/jsr305/3.0.0/jsr305-3.0.0.jar:/home/runner/.m2/repository/org/apache/commons/commons-math3/3.1.1/commons-math3-3.1.1.jar:/home/runner/.m2/repository/org/apache/commons/commons-text/1.10.0/commons-text-1.10.0.jar:/home/runner/.m2/repository/org/apache/hadoop/hadoop-hdfs-client/3.3.6/hadoop-hdfs-client-3.3.6.jar:/home/runner/.m2/repository/com/squareup/okhttp3/okhttp/4.9.3/okhttp-4.9.3.jar:/home/runner/.m2/repository/com/squareup/okio/okio/3.4.0/okio-3.4.0.jar:/home/runner/.m2/repository/com/squareup/okio/okio-jvm/3.4.0/okio-jvm-3.4.0.jar:/home/runner/.m2/repository/org/jetbrains/kotlin/kotlin-stdlib-jdk8/1.8.0/kotlin-stdlib-jdk8-1.8.0.jar:/home/runner/.m2/repository/org/jetbrains/kotlin/kotlin-stdlib-jdk7/1.8.0/kotlin-stdlib-jdk7-1.8.0.jar:/home/runner/.m2/repository/org/jetbrains/kotlin/kotlin-stdlib-common/1.6.21/kotlin-stdlib-common-1.6.21.jar:/home/runner/.m2/repository/com/fasterxml/jackson/core/jackson-databind/2.13.4.2/jackson-databind-2.13.4.2.jar:/home/runner/work/ozone/ozone/hadoop-hdds/container-service/target/test-classes:/home/runner/work/ozone/ozone/hadoop-hdds/common/target/test-classes:/home/runner/.m2/repository/org/hamcrest/hamcrest-core/1.3/hamcrest-core-1.3.jar:/home/runner/.m2/repository/org/assertj/assertj-core/3.12.2/assertj-core-3.12.2.jar:/home/runner/.m2/repository/org/mockito/mockito-core/3.5.9/mockito-core-3.5.9.jar:/home/runner/.m2/repository/net/bytebuddy/byte-buddy/1.10.13/byte-buddy-1.10.13.jar:/home/runner/.m2/repository/net/bytebuddy/byte-buddy-agent/1.10.13/byte-buddy-agent-1.10.13.jar:/home/runner/.m2/repository/org/objenesis/objenesis/1.0/objenesis-1.0.jar:/home/runner/.m2/repository/org/hamcrest/hamcrest-all/1.3/hamcrest-all-1.3.jar:/home/runner/.m2/repository/org/bouncycastle/bcprov-jdk15on/1.67/bcprov-jdk15on-1.67.jar:/home/runner/work/ozone/ozone/hadoop-hdds/hadoop-dependency-test/target/classes:/home/runner/.m2/repository/org/apache/hadoop/hadoop-common/3.3.6/hadoop-common-3.3.6-tests.jar:/home/runner/.m2/repository/org/apache/hadoop/hadoop-hdfs/3.3.6/hadoop-hdfs-3.3.6-tests.jar:/home/runner/.m2/repository/com/google/protobuf/protobuf-java/2.5.0/protobuf-java-2.5.0.jar:/home/runner/.m2/repository/org/junit/jupiter/junit-jupiter-api/5.8.2/junit-jupiter-api-5.8.2.jar:/home/runner/.m2/repository/org/opentest4j/opentest4j/1.2.0/opentest4j-1.2.0.jar:/home/runner/.m2/repository/org/junit/platform/junit-platform-commons/1.8.2/junit-platform-commons-1.8.2.jar:/home/runner/.m2/repository/org/apiguardian/apiguardian-api/1.1.2/apiguardian-api-1.1.2.jar:/home/runner/.m2/repository/org/junit/jupiter/junit-jupiter-engine/5.8.2/junit-jupiter-engine-5.8.2.jar:/home/runner/.m2/repository/org/junit/platform/junit-platform-engine/1.8.2/junit-platform-engine-1.8.2.jar:/home/runner/.m2/repository/org/junit/vintage/junit-vintage-engine/5.8.2/junit-vintage-engine-5.8.2.jar:/home/runner/.m2/repository/org/junit/platform/junit-platform-launcher/1.8.2/junit-platform-launcher-1.8.2.jar:/home/runner/.m2/repository/org/junit/jupiter/junit-jupiter-params/5.8.2/junit-jupiter-params-5.8.2.jar:/home/runner/.m2/repository/junit/junit/4.13.1/junit-4.13.1.jar:"/>
    <property name="sun.cpu.endian" value="little"/>
    <property name="user.home" value="/home/runner"/>
    <property name="user.language" value="en"/>
    <property name="java.specification.vendor" value="Oracle Corporation"/>
    <property name="java.home" value="/usr/lib/jvm/temurin-8-jdk-amd64/jre"/>
    <property name="java.security.krb5.conf" value="/home/runner/work/ozone/ozone/hadoop-hdds/server-scm/target/test-classes/krb5.conf"/>
    <property name="basedir" value="/home/runner/work/ozone/ozone/hadoop-hdds/server-scm"/>
    <property name="file.separator" value="/"/>
    <property name="line.separator" value="&#10;"/>
    <property name="java.vm.specification.vendor" value="Oracle Corporation"/>
    <property name="java.specification.name" value="Java Platform API Specification"/>
    <property name="java.awt.graphicsenv" value="sun.awt.X11GraphicsEnvironment"/>
    <property name="skip.installnpx" value="true"/>
    <property name="surefire.real.class.path" value="/home/runner/work/ozone/ozone/hadoop-hdds/server-scm/target/surefire/surefirebooter7398937872372820528.jar:/home/runner/.m2/repository/org/jacoco/org.jacoco.agent/0.8.5/org.jacoco.agent-0.8.5-runtime.jar"/>
    <property name="hadoop.log.dir" value="/home/runner/work/ozone/ozone/hadoop-hdds/server-scm/target/log"/>
    <property name="sun.boot.class.path" value="/usr/lib/jvm/temurin-8-jdk-amd64/jre/lib/resources.jar:/usr/lib/jvm/temurin-8-jdk-amd64/jre/lib/rt.jar:/usr/lib/jvm/temurin-8-jdk-amd64/jre/lib/sunrsasign.jar:/usr/lib/jvm/temurin-8-jdk-amd64/jre/lib/jsse.jar:/usr/lib/jvm/temurin-8-jdk-amd64/jre/lib/jce.jar:/usr/lib/jvm/temurin-8-jdk-amd64/jre/lib/charsets.jar:/usr/lib/jvm/temurin-8-jdk-amd64/jre/lib/jfr.jar:/usr/lib/jvm/temurin-8-jdk-amd64/jre/classes"/>
    <property name="sun.management.compiler" value="HotSpot 64-Bit Tiered Compilers"/>
    <property name="skip.npx" value="true"/>
    <property name="java.runtime.version" value="1.8.0_382-b05"/>
    <property name="java.net.preferIPv4Stack" value="true"/>
    <property name="user.name" value="runner"/>
    <property name="path.separator" value=":"/>
    <property name="java.security.egd" value="file:///dev/urandom"/>
    <property name="os.version" value="5.15.0-1042-azure"/>
    <property name="java.endorsed.dirs" value="/usr/lib/jvm/temurin-8-jdk-amd64/jre/lib/endorsed"/>
    <property name="java.runtime.name" value="OpenJDK Runtime Environment"/>
    <property name="file.encoding" value="UTF-8"/>
    <property name="java.vm.name" value="OpenJDK 64-Bit Server VM"/>
    <property name="test.build.webapps" value=""/>
    <property name="localRepository" value="/home/runner/.m2/repository"/>
    <property name="java.vendor.url.bug" value="https://github.com/adoptium/adoptium-support/issues"/>
    <property name="java.io.tmpdir" value="/tmp"/>
    <property name="require.test.libhadoop" value=""/>
    <property name="java.version" value="1.8.0_382"/>
    <property name="user.dir" value="/home/runner/work/ozone/ozone/hadoop-hdds/server-scm"/>
    <property name="os.arch" value="amd64"/>
    <property name="java.vm.specification.name" value="Java Virtual Machine Specification"/>
    <property name="test.build.classes" value="/home/runner/work/ozone/ozone/hadoop-hdds/server-scm/target/test-classes"/>
    <property name="java.awt.printerjob" value="sun.print.PSPrinterJob"/>
    <property name="sun.os.patch.level" value="unknown"/>
    <property name="excludedGroups" value="native"/>
    <property name="hadoop.tmp.dir" value="/home/runner/work/ozone/ozone/hadoop-hdds/server-scm/target/tmp"/>
    <property name="java.library.path" value="/usr/java/packages/lib/amd64:/usr/lib64:/lib64:/lib:/usr/lib"/>
    <property name="java.vm.info" value="mixed mode"/>
    <property name="java.vendor" value="Temurin"/>
    <property name="java.vm.version" value="25.382-b05"/>
    <property name="java.specification.maintenance.version" value="5"/>
    <property name="java.ext.dirs" value="/usr/lib/jvm/temurin-8-jdk-amd64/jre/lib/ext:/usr/java/packages/lib/ext"/>
    <property name="sun.io.unicode.encoding" value="UnicodeLittle"/>
    <property name="java.class.version" value="52.0"/>
  </properties>
  <testcase name="containerBalancerShouldObeyMaxSizeToMoveLimit" classname="org.apache.hadoop.hdds.scm.container.balancer.TestContainerBalancerTask" time="3.214">
    <system-out><![CDATA[2023-08-30 06:49:48,165 [main] INFO  net.NodeSchemaLoader (NodeSchemaLoader.java:loadSchemaFromFile(129)) - Loading schema from [file:/home/runner/work/ozone/ozone/hadoop-hdds/common/target/classes/network-topology-default.xml]
2023-08-30 06:49:48,170 [main] INFO  net.NodeSchemaLoader (NodeSchemaLoader.java:loadSchema(176)) - Loading network topology layer schema file
2023-08-30 06:49:48,424 [main] INFO  reflections.Reflections (Reflections.java:scan(232)) - Reflections took 172 ms to scan 6 urls, producing 158 keys and 369 values 
2023-08-30 06:49:48,496 [main] INFO  net.NetworkTopologyImpl (NetworkTopologyImpl.java:add(112)) - Added a new node: /default-rack/b8e453df-91d4-46b4-a65b-52be24ef63d2
2023-08-30 06:49:48,498 [main] INFO  net.NetworkTopologyImpl (NetworkTopologyImpl.java:add(112)) - Added a new node: /default-rack/93f853df-c165-4b23-93a3-506ecffc1353
2023-08-30 06:49:48,499 [main] INFO  net.NetworkTopologyImpl (NetworkTopologyImpl.java:add(112)) - Added a new node: /default-rack/43020f6f-06b4-4bef-a910-939755c4c013
2023-08-30 06:49:48,499 [main] INFO  net.NetworkTopologyImpl (NetworkTopologyImpl.java:add(112)) - Added a new node: /default-rack/e8e51bd9-d076-4ada-9d27-89ab2d634b97
2023-08-30 06:49:48,499 [main] INFO  net.NetworkTopologyImpl (NetworkTopologyImpl.java:add(112)) - Added a new node: /default-rack/cf6c741d-98fa-4a1c-840f-bc07797ddf8b
2023-08-30 06:49:48,500 [main] INFO  net.NetworkTopologyImpl (NetworkTopologyImpl.java:add(112)) - Added a new node: /default-rack/c04956ab-ac59-4c0d-b471-c6c5a2f7cbee
2023-08-30 06:49:48,500 [main] INFO  net.NetworkTopologyImpl (NetworkTopologyImpl.java:add(112)) - Added a new node: /default-rack/0c9dcf6e-8096-46fa-8ddb-f8c52d1930f3
2023-08-30 06:49:48,501 [main] INFO  net.NetworkTopologyImpl (NetworkTopologyImpl.java:add(112)) - Added a new node: /default-rack/26f3e395-ce89-452d-8524-b73c41ae4c3f
2023-08-30 06:49:48,501 [main] INFO  net.NetworkTopologyImpl (NetworkTopologyImpl.java:add(112)) - Added a new node: /default-rack/5eb772f8-7a2b-413c-af24-fa91870e009e
2023-08-30 06:49:48,501 [main] INFO  net.NetworkTopologyImpl (NetworkTopologyImpl.java:add(112)) - Added a new node: /default-rack/49773843-e7da-4c6b-bbb6-19b4b64be582
2023-08-30 06:49:48,514 [main] INFO  algorithms.ContainerPlacementPolicyFactory (ContainerPlacementPolicyFactory.java:getPolicyInternal(86)) - Create container placement policy of type org.apache.hadoop.hdds.scm.container.placement.algorithms.SCMContainerPlacementRackAware
2023-08-30 06:49:48,560 [main] INFO  algorithms.ContainerPlacementPolicyFactory (ContainerPlacementPolicyFactory.java:getPolicyInternal(86)) - Create container placement policy of type org.apache.hadoop.hdds.scm.container.placement.algorithms.SCMContainerPlacementRackScatter
2023-08-30 06:49:48,694 [main] DEBUG balancer.ContainerBalancerTask (ContainerBalancerTask.java:initializeIteration(374)) - Average utilization of the cluster is 0.3368620164515126
2023-08-30 06:49:48,694 [main] DEBUG balancer.ContainerBalancerTask (ContainerBalancerTask.java:initializeIteration(386)) - Lower limit for utilization is 0.3268620164515126 and Upper limit for utilization is 0.3468620164515126
2023-08-30 06:49:48,694 [main] DEBUG balancer.ContainerBalancerTask (ContainerBalancerTask.java:initializeIteration(398)) - Utilization for node 26f3e395-ce89-452d-8524-b73c41ae4c3f with capacity 62038416497B, used 55834574848B, and remaining 6203841649B is 0.9000000000112833
2023-08-30 06:49:48,695 [main] DEBUG balancer.ContainerBalancerTask (ContainerBalancerTask.java:initializeIteration(398)) - Utilization for node cf6c741d-98fa-4a1c-840f-bc07797ddf8b with capacity 71135395840B, used 56908316672B, and remaining 14227079168B is 0.8
2023-08-30 06:49:48,698 [main] DEBUG balancer.ContainerBalancerTask (ContainerBalancerTask.java:initializeIteration(398)) - Utilization for node 0c9dcf6e-8096-46fa-8ddb-f8c52d1930f3 with capacity 46017506742B, used 32212254720B, and remaining 13805252022B is 0.7000000000130385
2023-08-30 06:49:48,698 [main] DEBUG balancer.ContainerBalancerTask (ContainerBalancerTask.java:initializeIteration(398)) - Utilization for node 43020f6f-06b4-4bef-a910-939755c4c013 with capacity 76951497386B, used 46170898432B, and remaining 30780598954B is 0.600000000005198
2023-08-30 06:49:48,698 [main] DEBUG balancer.ContainerBalancerTask (ContainerBalancerTask.java:initializeIteration(398)) - Utilization for node 49773843-e7da-4c6b-bbb6-19b4b64be582 with capacity 88046829568B, used 44023414784B, and remaining 44023414784B is 0.5
2023-08-30 06:49:48,699 [main] DEBUG balancer.ContainerBalancerTask (ContainerBalancerTask.java:initializeIteration(398)) - Utilization for node c04956ab-ac59-4c0d-b471-c6c5a2f7cbee with capacity 115427246080B, used 46170898432B, and remaining 69256347648B is 0.4
2023-08-30 06:49:48,700 [main] DEBUG balancer.ContainerBalancerTask (ContainerBalancerTask.java:initializeIteration(398)) - Utilization for node 93f853df-c165-4b23-93a3-506ecffc1353 with capacity 125269879466B, used 37580963840B, and remaining 87688915626B is 0.30000000000159655
2023-08-30 06:49:48,701 [main] DEBUG balancer.ContainerBalancerTask (ContainerBalancerTask.java:initializeIteration(398)) - Utilization for node b8e453df-91d4-46b4-a65b-52be24ef63d2 with capacity 166429982720B, used 33285996544B, and remaining 133143986176B is 0.2
2023-08-30 06:49:48,701 [main] DEBUG balancer.ContainerBalancerTask (ContainerBalancerTask.java:initializeIteration(398)) - Utilization for node e8e51bd9-d076-4ada-9d27-89ab2d634b97 with capacity 332859965440B, used 33285996544B, and remaining 299573968896B is 0.1
2023-08-30 06:49:48,702 [main] DEBUG balancer.ContainerBalancerTask (ContainerBalancerTask.java:initializeIteration(398)) - Utilization for node 5eb772f8-7a2b-413c-af24-fa91870e009e with capacity 60129542144B, used 0B, and remaining 60129542144B is 0.0
2023-08-30 06:49:48,702 [main] INFO  balancer.ContainerBalancerTask (ContainerBalancerTask.java:initializeIteration(447)) - Container Balancer has identified 6 Over-Utilized and 4 Under-Utilized Datanodes that need to be balanced.
2023-08-30 06:49:48,702 [main] DEBUG balancer.ContainerBalancerTask (ContainerBalancerTask.java:lambda$initializeIteration$1(453)) - Datanode localhost-228.26.225.26 26f3e395-ce89-452d-8524-b73c41ae4c3f is Over-Utilized.
2023-08-30 06:49:48,703 [main] DEBUG balancer.ContainerBalancerTask (ContainerBalancerTask.java:lambda$initializeIteration$1(453)) - Datanode localhost-3.231.105.107 cf6c741d-98fa-4a1c-840f-bc07797ddf8b is Over-Utilized.
2023-08-30 06:49:48,704 [main] DEBUG balancer.ContainerBalancerTask (ContainerBalancerTask.java:lambda$initializeIteration$1(453)) - Datanode localhost-189.249.96.196 0c9dcf6e-8096-46fa-8ddb-f8c52d1930f3 is Over-Utilized.
2023-08-30 06:49:48,704 [main] DEBUG balancer.ContainerBalancerTask (ContainerBalancerTask.java:lambda$initializeIteration$1(453)) - Datanode localhost-209.133.176.75 43020f6f-06b4-4bef-a910-939755c4c013 is Over-Utilized.
2023-08-30 06:49:48,705 [main] DEBUG balancer.ContainerBalancerTask (ContainerBalancerTask.java:lambda$initializeIteration$1(453)) - Datanode localhost-213.162.158.172 49773843-e7da-4c6b-bbb6-19b4b64be582 is Over-Utilized.
2023-08-30 06:49:48,705 [main] DEBUG balancer.ContainerBalancerTask (ContainerBalancerTask.java:lambda$initializeIteration$1(453)) - Datanode localhost-109.77.117.214 c04956ab-ac59-4c0d-b471-c6c5a2f7cbee is Over-Utilized.
2023-08-30 06:49:48,706 [main] DEBUG balancer.ContainerBalancerTask (ContainerBalancerTask.java:lambda$initializeIteration$2(459)) - Datanode localhost-27.29.157.193 5eb772f8-7a2b-413c-af24-fa91870e009e is Under-Utilized.
2023-08-30 06:49:48,706 [main] DEBUG balancer.ContainerBalancerTask (ContainerBalancerTask.java:lambda$initializeIteration$2(459)) - Datanode localhost-138.227.20.9 e8e51bd9-d076-4ada-9d27-89ab2d634b97 is Under-Utilized.
2023-08-30 06:49:48,706 [main] DEBUG balancer.ContainerBalancerTask (ContainerBalancerTask.java:lambda$initializeIteration$2(459)) - Datanode localhost-110.175.165.139 b8e453df-91d4-46b4-a65b-52be24ef63d2 is Under-Utilized.
2023-08-30 06:49:48,706 [main] DEBUG balancer.ContainerBalancerTask (ContainerBalancerTask.java:lambda$initializeIteration$2(459)) - Datanode localhost-243.72.252.111 93f853df-c165-4b23-93a3-506ecffc1353 is Under-Utilized.
2023-08-30 06:49:48,739 [main] DEBUG balancer.ContainerBalancerTask (ContainerBalancerTask.java:matchSourceWithTarget(708)) - ContainerBalancer is finding suitable target for source datanode 26f3e395-ce89-452d-8524-b73c41ae4c3f
2023-08-30 06:49:48,752 [main] INFO  balancer.ContainerBalancerTask (ContainerBalancerTask.java:matchSourceWithTarget(722)) - ContainerBalancer matched source datanode 26f3e395-ce89-452d-8524-b73c41ae4c3f with target datanode 5eb772f8-7a2b-413c-af24-fa91870e009e for container move.
2023-08-30 06:49:48,752 [main] INFO  balancer.ContainerBalancerTask (ContainerBalancerTask.java:processMoveSelection(569)) - ContainerBalancer is trying to move container #85 with size 5368709120B from source datanode 26f3e395-ce89-452d-8524-b73c41ae4c3f to target datanode 5eb772f8-7a2b-413c-af24-fa91870e009e
2023-08-30 06:49:48,754 [main] DEBUG balancer.ContainerBalancerTask (ContainerBalancerTask.java:lambda$moveContainer$3(837)) - Container move completed for container #85 from source 26f3e395-ce89-452d-8524-b73c41ae4c3f to target 5eb772f8-7a2b-413c-af24-fa91870e009e
2023-08-30 06:49:48,772 [main] DEBUG balancer.ContainerBalancerTask (ContainerBalancerTask.java:matchSourceWithTarget(708)) - ContainerBalancer is finding suitable target for source datanode 26f3e395-ce89-452d-8524-b73c41ae4c3f
2023-08-30 06:49:48,773 [main] INFO  balancer.ContainerBalancerTask (ContainerBalancerTask.java:matchSourceWithTarget(722)) - ContainerBalancer matched source datanode 26f3e395-ce89-452d-8524-b73c41ae4c3f with target datanode 5eb772f8-7a2b-413c-af24-fa91870e009e for container move.
2023-08-30 06:49:48,773 [main] INFO  balancer.ContainerBalancerTask (ContainerBalancerTask.java:processMoveSelection(569)) - ContainerBalancer is trying to move container #68 with size 5368709120B from source datanode 26f3e395-ce89-452d-8524-b73c41ae4c3f to target datanode 5eb772f8-7a2b-413c-af24-fa91870e009e
2023-08-30 06:49:48,773 [main] DEBUG balancer.ContainerBalancerTask (ContainerBalancerTask.java:lambda$moveContainer$3(837)) - Container move completed for container #68 from source 26f3e395-ce89-452d-8524-b73c41ae4c3f to target 5eb772f8-7a2b-413c-af24-fa91870e009e
2023-08-30 06:49:48,774 [main] WARN  balancer.ContainerBalancerTask (ContainerBalancerTask.java:reachedMaxSizeToMovePerIteration(733)) - Reached max size to move limit. 10737418240 bytes have already been scheduled for balancing and the limit is 10737418240 bytes.
2023-08-30 06:49:48,775 [main] INFO  balancer.ContainerBalancerTask (ContainerBalancerTask.java:checkIterationMoveResults(642)) - Iteration Summary. Number of Datanodes involved: 2. Size moved: 10 GB (10737418240 Bytes). Number of Container moves completed: 2.
2023-08-30 06:49:48,775 [main] INFO  balancer.ContainerBalancerTask (ContainerBalancerTask.java:balance(259)) - Result of this iteration of Container Balancer: ITERATION_COMPLETED
2023-08-30 06:49:48,787 [main] INFO  balancer.ContainerBalancerTask (ContainerBalancerTask.java:tryStopWithSaveConfiguration(308)) - Save Configuration for stopping. Reason: Completed all iterations.
]]></system-out>
  </testcase>
  <testcase name="balancerShouldFollowExcludeAndIncludeDatanodesConfigurations" classname="org.apache.hadoop.hdds.scm.container.balancer.TestContainerBalancerTask" time="0.122">
    <system-out><![CDATA[2023-08-30 06:49:48,879 [main] INFO  net.NodeSchemaLoader (NodeSchemaLoader.java:loadSchemaFromFile(129)) - Loading schema from [file:/home/runner/work/ozone/ozone/hadoop-hdds/common/target/classes/network-topology-default.xml]
2023-08-30 06:49:48,879 [main] INFO  net.NodeSchemaLoader (NodeSchemaLoader.java:loadSchema(176)) - Loading network topology layer schema file
2023-08-30 06:49:48,883 [main] INFO  net.NetworkTopologyImpl (NetworkTopologyImpl.java:add(112)) - Added a new node: /default-rack/60fb2ed2-a5a3-4579-8152-916240a93c38
2023-08-30 06:49:48,885 [main] INFO  net.NetworkTopologyImpl (NetworkTopologyImpl.java:add(112)) - Added a new node: /default-rack/bd094fcd-aab4-4129-b4a0-588eeb61c195
2023-08-30 06:49:48,886 [main] INFO  net.NetworkTopologyImpl (NetworkTopologyImpl.java:add(112)) - Added a new node: /default-rack/1e14aa64-a342-4f34-9f4e-417998404fb2
2023-08-30 06:49:48,886 [main] INFO  net.NetworkTopologyImpl (NetworkTopologyImpl.java:add(112)) - Added a new node: /default-rack/de547374-0575-4dd9-b263-8e7e2b8276b0
2023-08-30 06:49:48,886 [main] INFO  net.NetworkTopologyImpl (NetworkTopologyImpl.java:add(112)) - Added a new node: /default-rack/2bae245f-1676-41a2-86cb-3448d9721c60
2023-08-30 06:49:48,886 [main] INFO  net.NetworkTopologyImpl (NetworkTopologyImpl.java:add(112)) - Added a new node: /default-rack/e1b5706d-f3f7-4bc1-aab9-6835759fd037
2023-08-30 06:49:48,887 [main] INFO  net.NetworkTopologyImpl (NetworkTopologyImpl.java:add(112)) - Added a new node: /default-rack/7a2b988f-4cac-41f4-b163-03da4cdefcb0
2023-08-30 06:49:48,887 [main] INFO  net.NetworkTopologyImpl (NetworkTopologyImpl.java:add(112)) - Added a new node: /default-rack/ed307008-aa26-464d-94a3-8051468945f7
2023-08-30 06:49:48,888 [main] INFO  net.NetworkTopologyImpl (NetworkTopologyImpl.java:add(112)) - Added a new node: /default-rack/95b3ef72-360e-4f96-854f-608918d2c462
2023-08-30 06:49:48,888 [main] INFO  net.NetworkTopologyImpl (NetworkTopologyImpl.java:add(112)) - Added a new node: /default-rack/3f3b4e30-9105-46b0-ba2d-62b1ed2d94f0
2023-08-30 06:49:48,888 [main] INFO  algorithms.ContainerPlacementPolicyFactory (ContainerPlacementPolicyFactory.java:getPolicyInternal(86)) - Create container placement policy of type org.apache.hadoop.hdds.scm.container.placement.algorithms.SCMContainerPlacementRackAware
2023-08-30 06:49:48,888 [main] INFO  algorithms.ContainerPlacementPolicyFactory (ContainerPlacementPolicyFactory.java:getPolicyInternal(86)) - Create container placement policy of type org.apache.hadoop.hdds.scm.container.placement.algorithms.SCMContainerPlacementRackScatter
2023-08-30 06:49:48,901 [main] DEBUG balancer.ContainerBalancerTask (ContainerBalancerTask.java:initializeIteration(374)) - Average utilization of the cluster is 0.21333333333333335
2023-08-30 06:49:48,901 [main] DEBUG balancer.ContainerBalancerTask (ContainerBalancerTask.java:initializeIteration(386)) - Lower limit for utilization is 0.11333333333333334 and Upper limit for utilization is 0.31333333333333335
2023-08-30 06:49:48,901 [main] DEBUG balancer.ContainerBalancerTask (ContainerBalancerTask.java:initializeIteration(398)) - Utilization for node 3f3b4e30-9105-46b0-ba2d-62b1ed2d94f0 with capacity 68451041280B, used 54760833024B, and remaining 13690208256B is 0.8
2023-08-30 06:49:48,901 [main] DEBUG balancer.ContainerBalancerTask (ContainerBalancerTask.java:initializeIteration(398)) - Utilization for node ed307008-aa26-464d-94a3-8051468945f7 with capacity 354334801920B, used 35433480192B, and remaining 318901321728B is 0.1
2023-08-30 06:49:48,901 [main] INFO  balancer.ContainerBalancerTask (ContainerBalancerTask.java:initializeIteration(447)) - Container Balancer has identified 1 Over-Utilized and 1 Under-Utilized Datanodes that need to be balanced.
2023-08-30 06:49:48,902 [main] DEBUG balancer.ContainerBalancerTask (ContainerBalancerTask.java:lambda$initializeIteration$1(453)) - Datanode localhost-46.201.221.195 3f3b4e30-9105-46b0-ba2d-62b1ed2d94f0 is Over-Utilized.
2023-08-30 06:49:48,902 [main] DEBUG balancer.ContainerBalancerTask (ContainerBalancerTask.java:lambda$initializeIteration$2(459)) - Datanode localhost-25.207.32.39 ed307008-aa26-464d-94a3-8051468945f7 is Under-Utilized.
2023-08-30 06:49:48,917 [main] DEBUG balancer.ContainerBalancerTask (ContainerBalancerTask.java:matchSourceWithTarget(708)) - ContainerBalancer is finding suitable target for source datanode 3f3b4e30-9105-46b0-ba2d-62b1ed2d94f0
2023-08-30 06:49:48,918 [main] INFO  balancer.ContainerBalancerTask (ContainerBalancerTask.java:matchSourceWithTarget(722)) - ContainerBalancer matched source datanode 3f3b4e30-9105-46b0-ba2d-62b1ed2d94f0 with target datanode ed307008-aa26-464d-94a3-8051468945f7 for container move.
2023-08-30 06:49:48,920 [main] INFO  balancer.ContainerBalancerTask (ContainerBalancerTask.java:processMoveSelection(569)) - ContainerBalancer is trying to move container #68 with size 5368709120B from source datanode 3f3b4e30-9105-46b0-ba2d-62b1ed2d94f0 to target datanode ed307008-aa26-464d-94a3-8051468945f7
2023-08-30 06:49:48,920 [main] DEBUG balancer.ContainerBalancerTask (ContainerBalancerTask.java:lambda$moveContainer$3(837)) - Container move completed for container #68 from source 3f3b4e30-9105-46b0-ba2d-62b1ed2d94f0 to target ed307008-aa26-464d-94a3-8051468945f7
2023-08-30 06:49:48,921 [main] DEBUG balancer.ContainerBalancerTask (ContainerBalancerTask.java:adaptOnReachingIterationLimits(782)) - Reached max datanodes to involve limit. 2 datanodes have already been selected for balancing and the limit is 2. Only already selected sources and targets can be involved in balancing now.
2023-08-30 06:49:48,925 [main] DEBUG balancer.ContainerBalancerTask (ContainerBalancerTask.java:matchSourceWithTarget(708)) - ContainerBalancer is finding suitable target for source datanode 3f3b4e30-9105-46b0-ba2d-62b1ed2d94f0
2023-08-30 06:49:48,925 [main] INFO  balancer.ContainerBalancerTask (ContainerBalancerTask.java:matchSourceWithTarget(722)) - ContainerBalancer matched source datanode 3f3b4e30-9105-46b0-ba2d-62b1ed2d94f0 with target datanode ed307008-aa26-464d-94a3-8051468945f7 for container move.
2023-08-30 06:49:48,925 [main] INFO  balancer.ContainerBalancerTask (ContainerBalancerTask.java:processMoveSelection(569)) - ContainerBalancer is trying to move container #29 with size 5368709120B from source datanode 3f3b4e30-9105-46b0-ba2d-62b1ed2d94f0 to target datanode ed307008-aa26-464d-94a3-8051468945f7
2023-08-30 06:49:48,926 [main] DEBUG balancer.ContainerBalancerTask (ContainerBalancerTask.java:lambda$moveContainer$3(837)) - Container move completed for container #29 from source 3f3b4e30-9105-46b0-ba2d-62b1ed2d94f0 to target ed307008-aa26-464d-94a3-8051468945f7
2023-08-30 06:49:48,934 [main] DEBUG balancer.ContainerBalancerTask (ContainerBalancerTask.java:matchSourceWithTarget(708)) - ContainerBalancer is finding suitable target for source datanode 3f3b4e30-9105-46b0-ba2d-62b1ed2d94f0
2023-08-30 06:49:48,934 [main] INFO  balancer.FindTargetGreedyByUsageInfo (AbstractFindTargetGreedy.java:findTargetForContainerMove(133)) - Container Balancer could not find a target for source datanode 3f3b4e30-9105-46b0-ba2d-62b1ed2d94f0
2023-08-30 06:49:48,935 [main] DEBUG balancer.ContainerBalancerTask (ContainerBalancerTask.java:matchSourceWithTarget(717)) - ContainerBalancer could not find a suitable target for source node 3f3b4e30-9105-46b0-ba2d-62b1ed2d94f0.
2023-08-30 06:49:48,936 [main] INFO  balancer.FindSourceGreedy (FindSourceGreedy.java:getNextCandidateSourceDataNode(126)) - no more candidate source data node
2023-08-30 06:49:48,936 [main] INFO  balancer.ContainerBalancerTask (ContainerBalancerTask.java:checkIterationMoveResults(642)) - Iteration Summary. Number of Datanodes involved: 2. Size moved: 10 GB (10737418240 Bytes). Number of Container moves completed: 2.
2023-08-30 06:49:48,936 [main] INFO  balancer.ContainerBalancerTask (ContainerBalancerTask.java:balance(259)) - Result of this iteration of Container Balancer: ITERATION_COMPLETED
2023-08-30 06:49:48,938 [main] INFO  balancer.ContainerBalancerTask (ContainerBalancerTask.java:tryStopWithSaveConfiguration(308)) - Save Configuration for stopping. Reason: Completed all iterations.
]]></system-out>
  </testcase>
  <testcase name="unBalancedNodesListShouldBeEmptyWhenClusterIsBalanced" classname="org.apache.hadoop.hdds.scm.container.balancer.TestContainerBalancerTask" time="0.078">
    <system-out><![CDATA[2023-08-30 06:49:48,995 [main] INFO  net.NodeSchemaLoader (NodeSchemaLoader.java:loadSchemaFromFile(129)) - Loading schema from [file:/home/runner/work/ozone/ozone/hadoop-hdds/common/target/classes/network-topology-default.xml]
2023-08-30 06:49:48,995 [main] INFO  net.NodeSchemaLoader (NodeSchemaLoader.java:loadSchema(176)) - Loading network topology layer schema file
2023-08-30 06:49:49,004 [main] INFO  net.NetworkTopologyImpl (NetworkTopologyImpl.java:add(112)) - Added a new node: /default-rack/02f0e753-4507-4b01-a6c0-047b0a769fb8
2023-08-30 06:49:49,004 [main] INFO  net.NetworkTopologyImpl (NetworkTopologyImpl.java:add(112)) - Added a new node: /default-rack/b4252c66-7e2f-4a5b-8098-34ee4fb82ff8
2023-08-30 06:49:49,004 [main] INFO  net.NetworkTopologyImpl (NetworkTopologyImpl.java:add(112)) - Added a new node: /default-rack/b7a6847c-8c3e-47e6-b712-967e3342440f
2023-08-30 06:49:49,005 [main] INFO  net.NetworkTopologyImpl (NetworkTopologyImpl.java:add(112)) - Added a new node: /default-rack/155990d6-d063-4b1c-9d2d-960907cdbeaa
2023-08-30 06:49:49,005 [main] INFO  net.NetworkTopologyImpl (NetworkTopologyImpl.java:add(112)) - Added a new node: /default-rack/a2e0498e-1453-41a2-a040-aeb9e453deb0
2023-08-30 06:49:49,005 [main] INFO  net.NetworkTopologyImpl (NetworkTopologyImpl.java:add(112)) - Added a new node: /default-rack/35ae8a1a-96bc-4ab9-9987-5a99928dddea
2023-08-30 06:49:49,005 [main] INFO  net.NetworkTopologyImpl (NetworkTopologyImpl.java:add(112)) - Added a new node: /default-rack/0de1d974-b88e-4e9e-bfd0-09570d973fbd
2023-08-30 06:49:49,005 [main] INFO  net.NetworkTopologyImpl (NetworkTopologyImpl.java:add(112)) - Added a new node: /default-rack/44f4a1ba-fd97-4d77-99c4-1f4441929525
2023-08-30 06:49:49,005 [main] INFO  net.NetworkTopologyImpl (NetworkTopologyImpl.java:add(112)) - Added a new node: /default-rack/7e11eed9-c3ae-4c8e-9806-794502ba8f7f
2023-08-30 06:49:49,006 [main] INFO  net.NetworkTopologyImpl (NetworkTopologyImpl.java:add(112)) - Added a new node: /default-rack/a102d755-324b-4470-8014-50c0eada625d
2023-08-30 06:49:49,006 [main] INFO  algorithms.ContainerPlacementPolicyFactory (ContainerPlacementPolicyFactory.java:getPolicyInternal(86)) - Create container placement policy of type org.apache.hadoop.hdds.scm.container.placement.algorithms.SCMContainerPlacementRackAware
2023-08-30 06:49:49,006 [main] INFO  algorithms.ContainerPlacementPolicyFactory (ContainerPlacementPolicyFactory.java:getPolicyInternal(86)) - Create container placement policy of type org.apache.hadoop.hdds.scm.container.placement.algorithms.SCMContainerPlacementRackScatter
2023-08-30 06:49:49,016 [main] DEBUG balancer.ContainerBalancerTask (ContainerBalancerTask.java:initializeIteration(374)) - Average utilization of the cluster is 0.33795089836832565
2023-08-30 06:49:49,016 [main] DEBUG balancer.ContainerBalancerTask (ContainerBalancerTask.java:initializeIteration(386)) - Lower limit for utilization is -0.6619491016316743 and Upper limit for utilization is 1.3378508983683255
2023-08-30 06:49:49,017 [main] DEBUG balancer.ContainerBalancerTask (ContainerBalancerTask.java:initializeIteration(398)) - Utilization for node 02f0e753-4507-4b01-a6c0-047b0a769fb8 with capacity 64424509440B, used 57982058496B, and remaining 6442450944B is 0.9
2023-08-30 06:49:49,017 [main] DEBUG balancer.ContainerBalancerTask (ContainerBalancerTask.java:initializeIteration(398)) - Utilization for node 0de1d974-b88e-4e9e-bfd0-09570d973fbd with capacity 75161927680B, used 60129542144B, and remaining 15032385536B is 0.8
2023-08-30 06:49:49,017 [main] DEBUG balancer.ContainerBalancerTask (ContainerBalancerTask.java:initializeIteration(398)) - Utilization for node a102d755-324b-4470-8014-50c0eada625d with capacity 52153174308B, used 36507222016B, and remaining 15645952292B is 0.7000000000076697
2023-08-30 06:49:49,017 [main] DEBUG balancer.ContainerBalancerTask (ContainerBalancerTask.java:initializeIteration(398)) - Utilization for node b4252c66-7e2f-4a5b-8098-34ee4fb82ff8 with capacity 66214079146B, used 39728447488B, and remaining 26485631658B is 0.600000000006041
2023-08-30 06:49:49,017 [main] DEBUG balancer.ContainerBalancerTask (ContainerBalancerTask.java:initializeIteration(398)) - Utilization for node 44f4a1ba-fd97-4d77-99c4-1f4441929525 with capacity 79456894976B, used 39728447488B, and remaining 39728447488B is 0.5
2023-08-30 06:49:49,019 [main] DEBUG balancer.ContainerBalancerTask (ContainerBalancerTask.java:initializeIteration(398)) - Utilization for node 155990d6-d063-4b1c-9d2d-960907cdbeaa with capacity 75161927680B, used 30064771072B, and remaining 45097156608B is 0.4
2023-08-30 06:49:49,019 [main] DEBUG balancer.ContainerBalancerTask (ContainerBalancerTask.java:initializeIteration(398)) - Utilization for node 7e11eed9-c3ae-4c8e-9806-794502ba8f7f with capacity 110953321813B, used 33285996544B, and remaining 77667325269B is 0.30000000000090127
2023-08-30 06:49:49,019 [main] DEBUG balancer.ContainerBalancerTask (ContainerBalancerTask.java:initializeIteration(398)) - Utilization for node a2e0498e-1453-41a2-a040-aeb9e453deb0 with capacity 257698037760B, used 51539607552B, and remaining 206158430208B is 0.2
2023-08-30 06:49:49,019 [main] DEBUG balancer.ContainerBalancerTask (ContainerBalancerTask.java:initializeIteration(398)) - Utilization for node 35ae8a1a-96bc-4ab9-9987-5a99928dddea with capacity 289910292480B, used 28991029248B, and remaining 260919263232B is 0.1
2023-08-30 06:49:49,020 [main] DEBUG balancer.ContainerBalancerTask (ContainerBalancerTask.java:initializeIteration(398)) - Utilization for node b7a6847c-8c3e-47e6-b712-967e3342440f with capacity 47244640256B, used 0B, and remaining 47244640256B is 0.0
2023-08-30 06:49:49,021 [main] INFO  balancer.ContainerBalancerTask (ContainerBalancerTask.java:initializeIteration(443)) - Did not find any unbalanced Datanodes.
2023-08-30 06:49:49,021 [main] INFO  balancer.ContainerBalancerTask (ContainerBalancerTask.java:tryStopWithSaveConfiguration(308)) - Save Configuration for stopping. Reason: Could not initialize ContainerBalancer's iteration number 0
]]></system-out>
  </testcase>
  <testcase name="containerMoveSelectionShouldFollowPlacementPolicy" classname="org.apache.hadoop.hdds.scm.container.balancer.TestContainerBalancerTask" time="0.173">
    <system-out><![CDATA[2023-08-30 06:49:49,077 [main] INFO  net.NodeSchemaLoader (NodeSchemaLoader.java:loadSchemaFromFile(129)) - Loading schema from [file:/home/runner/work/ozone/ozone/hadoop-hdds/common/target/classes/network-topology-default.xml]
2023-08-30 06:49:49,077 [main] INFO  net.NodeSchemaLoader (NodeSchemaLoader.java:loadSchema(176)) - Loading network topology layer schema file
2023-08-30 06:49:49,082 [main] INFO  net.NetworkTopologyImpl (NetworkTopologyImpl.java:add(112)) - Added a new node: /default-rack/04998e71-0f02-4a9e-a083-c9fcf376185c
2023-08-30 06:49:49,083 [main] INFO  net.NetworkTopologyImpl (NetworkTopologyImpl.java:add(112)) - Added a new node: /default-rack/0831d9f0-6cc4-441a-86ae-e6a91cb9c2d0
2023-08-30 06:49:49,085 [main] INFO  net.NetworkTopologyImpl (NetworkTopologyImpl.java:add(112)) - Added a new node: /default-rack/b26b3bbb-55f8-4b3c-9a8f-2b3a428a4fdf
2023-08-30 06:49:49,085 [main] INFO  net.NetworkTopologyImpl (NetworkTopologyImpl.java:add(112)) - Added a new node: /default-rack/b67cc1c2-689f-47b9-b65b-dc9fe394f53e
2023-08-30 06:49:49,086 [main] INFO  net.NetworkTopologyImpl (NetworkTopologyImpl.java:add(112)) - Added a new node: /default-rack/e59e4183-f12f-44f5-9979-535a03a1303f
2023-08-30 06:49:49,086 [main] INFO  net.NetworkTopologyImpl (NetworkTopologyImpl.java:add(112)) - Added a new node: /default-rack/8c77b548-0929-4ed3-8a1b-52e3357a6add
2023-08-30 06:49:49,086 [main] INFO  net.NetworkTopologyImpl (NetworkTopologyImpl.java:add(112)) - Added a new node: /default-rack/762d2488-57a6-492a-bb1d-280aada95c2b
2023-08-30 06:49:49,086 [main] INFO  net.NetworkTopologyImpl (NetworkTopologyImpl.java:add(112)) - Added a new node: /default-rack/d3f2ef72-f744-4cc0-8348-9ca6fc5bf76f
2023-08-30 06:49:49,087 [main] INFO  net.NetworkTopologyImpl (NetworkTopologyImpl.java:add(112)) - Added a new node: /default-rack/c2d86e52-1d4a-4d28-a84c-3cd6d57d07a1
2023-08-30 06:49:49,088 [main] INFO  net.NetworkTopologyImpl (NetworkTopologyImpl.java:add(112)) - Added a new node: /default-rack/3d7a55b7-5ca5-40ad-b409-0c218bfe877c
2023-08-30 06:49:49,088 [main] INFO  algorithms.ContainerPlacementPolicyFactory (ContainerPlacementPolicyFactory.java:getPolicyInternal(86)) - Create container placement policy of type org.apache.hadoop.hdds.scm.container.placement.algorithms.SCMContainerPlacementRackAware
2023-08-30 06:49:49,089 [main] INFO  algorithms.ContainerPlacementPolicyFactory (ContainerPlacementPolicyFactory.java:getPolicyInternal(86)) - Create container placement policy of type org.apache.hadoop.hdds.scm.container.placement.algorithms.SCMContainerPlacementRackScatter
2023-08-30 06:49:49,095 [main] DEBUG balancer.ContainerBalancerTask (ContainerBalancerTask.java:initializeIteration(374)) - Average utilization of the cluster is 0.3167770940198955
2023-08-30 06:49:49,095 [main] DEBUG balancer.ContainerBalancerTask (ContainerBalancerTask.java:initializeIteration(386)) - Lower limit for utilization is 0.2167770940198955 and Upper limit for utilization is 0.4167770940198955
2023-08-30 06:49:49,095 [main] DEBUG balancer.ContainerBalancerTask (ContainerBalancerTask.java:initializeIteration(398)) - Utilization for node 762d2488-57a6-492a-bb1d-280aada95c2b with capacity 63231462968B, used 56908316672B, and remaining 6323146296B is 0.9000000000126519
2023-08-30 06:49:49,095 [main] DEBUG balancer.ContainerBalancerTask (ContainerBalancerTask.java:initializeIteration(398)) - Utilization for node c2d86e52-1d4a-4d28-a84c-3cd6d57d07a1 with capacity 56371445760B, used 45097156608B, and remaining 11274289152B is 0.8
2023-08-30 06:49:49,095 [main] DEBUG balancer.ContainerBalancerTask (ContainerBalancerTask.java:initializeIteration(398)) - Utilization for node 0831d9f0-6cc4-441a-86ae-e6a91cb9c2d0 with capacity 65958426331B, used 46170898432B, and remaining 19787527899B is 0.7000000000045483
2023-08-30 06:49:49,096 [main] DEBUG balancer.ContainerBalancerTask (ContainerBalancerTask.java:initializeIteration(398)) - Utilization for node 3d7a55b7-5ca5-40ad-b409-0c218bfe877c with capacity 84109776213B, used 50465865728B, and remaining 33643910485B is 0.6000000000023779
2023-08-30 06:49:49,096 [main] DEBUG balancer.ContainerBalancerTask (ContainerBalancerTask.java:initializeIteration(398)) - Utilization for node 8c77b548-0929-4ed3-8a1b-52e3357a6add with capacity 85899345920B, used 42949672960B, and remaining 42949672960B is 0.5
2023-08-30 06:49:49,097 [main] DEBUG balancer.ContainerBalancerTask (ContainerBalancerTask.java:initializeIteration(398)) - Utilization for node b67cc1c2-689f-47b9-b65b-dc9fe394f53e with capacity 91268055040B, used 36507222016B, and remaining 54760833024B is 0.4
2023-08-30 06:49:49,098 [main] DEBUG balancer.ContainerBalancerTask (ContainerBalancerTask.java:initializeIteration(398)) - Utilization for node d3f2ef72-f744-4cc0-8348-9ca6fc5bf76f with capacity 164640413013B, used 49392123904B, and remaining 115248289109B is 0.3000000000006074
2023-08-30 06:49:49,098 [main] DEBUG balancer.ContainerBalancerTask (ContainerBalancerTask.java:initializeIteration(398)) - Utilization for node e59e4183-f12f-44f5-9979-535a03a1303f with capacity 107374182400B, used 21474836480B, and remaining 85899345920B is 0.2
2023-08-30 06:49:49,098 [main] DEBUG balancer.ContainerBalancerTask (ContainerBalancerTask.java:initializeIteration(398)) - Utilization for node b26b3bbb-55f8-4b3c-9a8f-2b3a428a4fdf with capacity 515396075520B, used 51539607552B, and remaining 463856467968B is 0.1
2023-08-30 06:49:49,098 [main] DEBUG balancer.ContainerBalancerTask (ContainerBalancerTask.java:initializeIteration(398)) - Utilization for node 04998e71-0f02-4a9e-a083-c9fcf376185c with capacity 30064771072B, used 0B, and remaining 30064771072B is 0.0
2023-08-30 06:49:49,098 [main] INFO  balancer.ContainerBalancerTask (ContainerBalancerTask.java:initializeIteration(447)) - Container Balancer has identified 5 Over-Utilized and 3 Under-Utilized Datanodes that need to be balanced.
2023-08-30 06:49:49,098 [main] DEBUG balancer.ContainerBalancerTask (ContainerBalancerTask.java:lambda$initializeIteration$1(453)) - Datanode localhost-82.121.64.89 762d2488-57a6-492a-bb1d-280aada95c2b is Over-Utilized.
2023-08-30 06:49:49,098 [main] DEBUG balancer.ContainerBalancerTask (ContainerBalancerTask.java:lambda$initializeIteration$1(453)) - Datanode localhost-241.166.27.62 c2d86e52-1d4a-4d28-a84c-3cd6d57d07a1 is Over-Utilized.
2023-08-30 06:49:49,099 [main] DEBUG balancer.ContainerBalancerTask (ContainerBalancerTask.java:lambda$initializeIteration$1(453)) - Datanode localhost-194.54.4.25 0831d9f0-6cc4-441a-86ae-e6a91cb9c2d0 is Over-Utilized.
2023-08-30 06:49:49,099 [main] DEBUG balancer.ContainerBalancerTask (ContainerBalancerTask.java:lambda$initializeIteration$1(453)) - Datanode localhost-193.35.132.116 3d7a55b7-5ca5-40ad-b409-0c218bfe877c is Over-Utilized.
2023-08-30 06:49:49,099 [main] DEBUG balancer.ContainerBalancerTask (ContainerBalancerTask.java:lambda$initializeIteration$1(453)) - Datanode localhost-185.33.87.219 8c77b548-0929-4ed3-8a1b-52e3357a6add is Over-Utilized.
2023-08-30 06:49:49,099 [main] DEBUG balancer.ContainerBalancerTask (ContainerBalancerTask.java:lambda$initializeIteration$2(459)) - Datanode localhost-61.16.184.59 04998e71-0f02-4a9e-a083-c9fcf376185c is Under-Utilized.
2023-08-30 06:49:49,099 [main] DEBUG balancer.ContainerBalancerTask (ContainerBalancerTask.java:lambda$initializeIteration$2(459)) - Datanode localhost-119.169.7.38 b26b3bbb-55f8-4b3c-9a8f-2b3a428a4fdf is Under-Utilized.
2023-08-30 06:49:49,099 [main] DEBUG balancer.ContainerBalancerTask (ContainerBalancerTask.java:lambda$initializeIteration$2(459)) - Datanode localhost-204.123.235.103 e59e4183-f12f-44f5-9979-535a03a1303f is Under-Utilized.
2023-08-30 06:49:49,105 [main] DEBUG balancer.ContainerBalancerTask (ContainerBalancerTask.java:matchSourceWithTarget(708)) - ContainerBalancer is finding suitable target for source datanode 762d2488-57a6-492a-bb1d-280aada95c2b
2023-08-30 06:49:49,106 [main] INFO  balancer.ContainerBalancerTask (ContainerBalancerTask.java:matchSourceWithTarget(722)) - ContainerBalancer matched source datanode 762d2488-57a6-492a-bb1d-280aada95c2b with target datanode 04998e71-0f02-4a9e-a083-c9fcf376185c for container move.
2023-08-30 06:49:49,106 [main] INFO  balancer.ContainerBalancerTask (ContainerBalancerTask.java:processMoveSelection(569)) - ContainerBalancer is trying to move container #85 with size 5368709120B from source datanode 762d2488-57a6-492a-bb1d-280aada95c2b to target datanode 04998e71-0f02-4a9e-a083-c9fcf376185c
2023-08-30 06:49:49,106 [main] DEBUG balancer.ContainerBalancerTask (ContainerBalancerTask.java:lambda$moveContainer$3(837)) - Container move completed for container #85 from source 762d2488-57a6-492a-bb1d-280aada95c2b to target 04998e71-0f02-4a9e-a083-c9fcf376185c
2023-08-30 06:49:49,112 [main] DEBUG balancer.ContainerBalancerTask (ContainerBalancerTask.java:matchSourceWithTarget(708)) - ContainerBalancer is finding suitable target for source datanode 762d2488-57a6-492a-bb1d-280aada95c2b
2023-08-30 06:49:49,113 [main] INFO  balancer.ContainerBalancerTask (ContainerBalancerTask.java:matchSourceWithTarget(722)) - ContainerBalancer matched source datanode 762d2488-57a6-492a-bb1d-280aada95c2b with target datanode b26b3bbb-55f8-4b3c-9a8f-2b3a428a4fdf for container move.
2023-08-30 06:49:49,113 [main] INFO  balancer.ContainerBalancerTask (ContainerBalancerTask.java:processMoveSelection(569)) - ContainerBalancer is trying to move container #84 with size 4294967296B from source datanode 762d2488-57a6-492a-bb1d-280aada95c2b to target datanode b26b3bbb-55f8-4b3c-9a8f-2b3a428a4fdf
2023-08-30 06:49:49,113 [main] DEBUG balancer.ContainerBalancerTask (ContainerBalancerTask.java:lambda$moveContainer$3(837)) - Container move completed for container #84 from source 762d2488-57a6-492a-bb1d-280aada95c2b to target b26b3bbb-55f8-4b3c-9a8f-2b3a428a4fdf
2023-08-30 06:49:49,118 [main] DEBUG balancer.ContainerBalancerTask (ContainerBalancerTask.java:matchSourceWithTarget(708)) - ContainerBalancer is finding suitable target for source datanode c2d86e52-1d4a-4d28-a84c-3cd6d57d07a1
2023-08-30 06:49:49,118 [main] INFO  balancer.ContainerBalancerTask (ContainerBalancerTask.java:matchSourceWithTarget(722)) - ContainerBalancer matched source datanode c2d86e52-1d4a-4d28-a84c-3cd6d57d07a1 with target datanode b26b3bbb-55f8-4b3c-9a8f-2b3a428a4fdf for container move.
2023-08-30 06:49:49,118 [main] INFO  balancer.ContainerBalancerTask (ContainerBalancerTask.java:processMoveSelection(569)) - ContainerBalancer is trying to move container #68 with size 5368709120B from source datanode c2d86e52-1d4a-4d28-a84c-3cd6d57d07a1 to target datanode b26b3bbb-55f8-4b3c-9a8f-2b3a428a4fdf
2023-08-30 06:49:49,119 [main] DEBUG balancer.ContainerBalancerTask (ContainerBalancerTask.java:lambda$moveContainer$3(837)) - Container move completed for container #68 from source c2d86e52-1d4a-4d28-a84c-3cd6d57d07a1 to target b26b3bbb-55f8-4b3c-9a8f-2b3a428a4fdf
2023-08-30 06:49:49,124 [main] DEBUG balancer.ContainerBalancerTask (ContainerBalancerTask.java:matchSourceWithTarget(708)) - ContainerBalancer is finding suitable target for source datanode 762d2488-57a6-492a-bb1d-280aada95c2b
2023-08-30 06:49:49,124 [main] INFO  balancer.ContainerBalancerTask (ContainerBalancerTask.java:matchSourceWithTarget(722)) - ContainerBalancer matched source datanode 762d2488-57a6-492a-bb1d-280aada95c2b with target datanode b26b3bbb-55f8-4b3c-9a8f-2b3a428a4fdf for container move.
2023-08-30 06:49:49,125 [main] INFO  balancer.ContainerBalancerTask (ContainerBalancerTask.java:processMoveSelection(569)) - ContainerBalancer is trying to move container #88 with size 3221225472B from source datanode 762d2488-57a6-492a-bb1d-280aada95c2b to target datanode b26b3bbb-55f8-4b3c-9a8f-2b3a428a4fdf
2023-08-30 06:49:49,125 [main] DEBUG balancer.ContainerBalancerTask (ContainerBalancerTask.java:lambda$moveContainer$3(837)) - Container move completed for container #88 from source 762d2488-57a6-492a-bb1d-280aada95c2b to target b26b3bbb-55f8-4b3c-9a8f-2b3a428a4fdf
2023-08-30 06:49:49,128 [main] DEBUG balancer.ContainerBalancerTask (ContainerBalancerTask.java:matchSourceWithTarget(708)) - ContainerBalancer is finding suitable target for source datanode c2d86e52-1d4a-4d28-a84c-3cd6d57d07a1
2023-08-30 06:49:49,129 [main] INFO  balancer.ContainerBalancerTask (ContainerBalancerTask.java:matchSourceWithTarget(722)) - ContainerBalancer matched source datanode c2d86e52-1d4a-4d28-a84c-3cd6d57d07a1 with target datanode b26b3bbb-55f8-4b3c-9a8f-2b3a428a4fdf for container move.
2023-08-30 06:49:49,129 [main] INFO  balancer.ContainerBalancerTask (ContainerBalancerTask.java:processMoveSelection(569)) - ContainerBalancer is trying to move container #67 with size 4294967296B from source datanode c2d86e52-1d4a-4d28-a84c-3cd6d57d07a1 to target datanode b26b3bbb-55f8-4b3c-9a8f-2b3a428a4fdf
2023-08-30 06:49:49,130 [main] DEBUG balancer.ContainerBalancerTask (ContainerBalancerTask.java:lambda$moveContainer$3(837)) - Container move completed for container #67 from source c2d86e52-1d4a-4d28-a84c-3cd6d57d07a1 to target b26b3bbb-55f8-4b3c-9a8f-2b3a428a4fdf
2023-08-30 06:49:49,134 [main] DEBUG balancer.ContainerBalancerTask (ContainerBalancerTask.java:matchSourceWithTarget(708)) - ContainerBalancer is finding suitable target for source datanode 0831d9f0-6cc4-441a-86ae-e6a91cb9c2d0
2023-08-30 06:49:49,135 [main] INFO  balancer.ContainerBalancerTask (ContainerBalancerTask.java:matchSourceWithTarget(722)) - ContainerBalancer matched source datanode 0831d9f0-6cc4-441a-86ae-e6a91cb9c2d0 with target datanode b26b3bbb-55f8-4b3c-9a8f-2b3a428a4fdf for container move.
2023-08-30 06:49:49,135 [main] INFO  balancer.ContainerBalancerTask (ContainerBalancerTask.java:processMoveSelection(569)) - ContainerBalancer is trying to move container #53 with size 5368709120B from source datanode 0831d9f0-6cc4-441a-86ae-e6a91cb9c2d0 to target datanode b26b3bbb-55f8-4b3c-9a8f-2b3a428a4fdf
2023-08-30 06:49:49,135 [main] DEBUG balancer.ContainerBalancerTask (ContainerBalancerTask.java:lambda$moveContainer$3(837)) - Container move completed for container #53 from source 0831d9f0-6cc4-441a-86ae-e6a91cb9c2d0 to target b26b3bbb-55f8-4b3c-9a8f-2b3a428a4fdf
2023-08-30 06:49:49,140 [main] DEBUG balancer.ContainerBalancerTask (ContainerBalancerTask.java:matchSourceWithTarget(708)) - ContainerBalancer is finding suitable target for source datanode 762d2488-57a6-492a-bb1d-280aada95c2b
2023-08-30 06:49:49,140 [main] INFO  balancer.ContainerBalancerTask (ContainerBalancerTask.java:matchSourceWithTarget(722)) - ContainerBalancer matched source datanode 762d2488-57a6-492a-bb1d-280aada95c2b with target datanode b26b3bbb-55f8-4b3c-9a8f-2b3a428a4fdf for container move.
2023-08-30 06:49:49,141 [main] INFO  balancer.ContainerBalancerTask (ContainerBalancerTask.java:processMoveSelection(569)) - ContainerBalancer is trying to move container #83 with size 3221225472B from source datanode 762d2488-57a6-492a-bb1d-280aada95c2b to target datanode b26b3bbb-55f8-4b3c-9a8f-2b3a428a4fdf
2023-08-30 06:49:49,141 [main] DEBUG balancer.ContainerBalancerTask (ContainerBalancerTask.java:lambda$moveContainer$3(837)) - Container move completed for container #83 from source 762d2488-57a6-492a-bb1d-280aada95c2b to target b26b3bbb-55f8-4b3c-9a8f-2b3a428a4fdf
2023-08-30 06:49:49,146 [main] DEBUG balancer.ContainerBalancerTask (ContainerBalancerTask.java:matchSourceWithTarget(708)) - ContainerBalancer is finding suitable target for source datanode 762d2488-57a6-492a-bb1d-280aada95c2b
2023-08-30 06:49:49,147 [main] INFO  balancer.ContainerBalancerTask (ContainerBalancerTask.java:matchSourceWithTarget(722)) - ContainerBalancer matched source datanode 762d2488-57a6-492a-bb1d-280aada95c2b with target datanode b26b3bbb-55f8-4b3c-9a8f-2b3a428a4fdf for container move.
2023-08-30 06:49:49,148 [main] INFO  balancer.ContainerBalancerTask (ContainerBalancerTask.java:processMoveSelection(569)) - ContainerBalancer is trying to move container #71 with size 3221225472B from source datanode 762d2488-57a6-492a-bb1d-280aada95c2b to target datanode b26b3bbb-55f8-4b3c-9a8f-2b3a428a4fdf
2023-08-30 06:49:49,148 [main] DEBUG balancer.ContainerBalancerTask (ContainerBalancerTask.java:lambda$moveContainer$3(837)) - Container move completed for container #71 from source 762d2488-57a6-492a-bb1d-280aada95c2b to target b26b3bbb-55f8-4b3c-9a8f-2b3a428a4fdf
2023-08-30 06:49:49,152 [main] DEBUG balancer.ContainerBalancerTask (ContainerBalancerTask.java:matchSourceWithTarget(708)) - ContainerBalancer is finding suitable target for source datanode c2d86e52-1d4a-4d28-a84c-3cd6d57d07a1
2023-08-30 06:49:49,153 [main] INFO  balancer.ContainerBalancerTask (ContainerBalancerTask.java:matchSourceWithTarget(722)) - ContainerBalancer matched source datanode c2d86e52-1d4a-4d28-a84c-3cd6d57d07a1 with target datanode b26b3bbb-55f8-4b3c-9a8f-2b3a428a4fdf for container move.
2023-08-30 06:49:49,153 [main] INFO  balancer.ContainerBalancerTask (ContainerBalancerTask.java:processMoveSelection(569)) - ContainerBalancer is trying to move container #39 with size 4294967296B from source datanode c2d86e52-1d4a-4d28-a84c-3cd6d57d07a1 to target datanode b26b3bbb-55f8-4b3c-9a8f-2b3a428a4fdf
2023-08-30 06:49:49,153 [main] DEBUG balancer.ContainerBalancerTask (ContainerBalancerTask.java:lambda$moveContainer$3(837)) - Container move completed for container #39 from source c2d86e52-1d4a-4d28-a84c-3cd6d57d07a1 to target b26b3bbb-55f8-4b3c-9a8f-2b3a428a4fdf
2023-08-30 06:49:49,161 [main] DEBUG balancer.ContainerBalancerTask (ContainerBalancerTask.java:matchSourceWithTarget(708)) - ContainerBalancer is finding suitable target for source datanode 0831d9f0-6cc4-441a-86ae-e6a91cb9c2d0
2023-08-30 06:49:49,162 [main] INFO  balancer.ContainerBalancerTask (ContainerBalancerTask.java:matchSourceWithTarget(722)) - ContainerBalancer matched source datanode 0831d9f0-6cc4-441a-86ae-e6a91cb9c2d0 with target datanode b26b3bbb-55f8-4b3c-9a8f-2b3a428a4fdf for container move.
2023-08-30 06:49:49,162 [main] INFO  balancer.ContainerBalancerTask (ContainerBalancerTask.java:processMoveSelection(569)) - ContainerBalancer is trying to move container #11 with size 3221225472B from source datanode 0831d9f0-6cc4-441a-86ae-e6a91cb9c2d0 to target datanode b26b3bbb-55f8-4b3c-9a8f-2b3a428a4fdf
2023-08-30 06:49:49,162 [main] DEBUG balancer.ContainerBalancerTask (ContainerBalancerTask.java:lambda$moveContainer$3(837)) - Container move completed for container #11 from source 0831d9f0-6cc4-441a-86ae-e6a91cb9c2d0 to target b26b3bbb-55f8-4b3c-9a8f-2b3a428a4fdf
2023-08-30 06:49:49,171 [main] DEBUG balancer.ContainerBalancerTask (ContainerBalancerTask.java:matchSourceWithTarget(708)) - ContainerBalancer is finding suitable target for source datanode 3d7a55b7-5ca5-40ad-b409-0c218bfe877c
2023-08-30 06:49:49,171 [main] INFO  balancer.ContainerBalancerTask (ContainerBalancerTask.java:matchSourceWithTarget(722)) - ContainerBalancer matched source datanode 3d7a55b7-5ca5-40ad-b409-0c218bfe877c with target datanode b26b3bbb-55f8-4b3c-9a8f-2b3a428a4fdf for container move.
2023-08-30 06:49:49,172 [main] INFO  balancer.ContainerBalancerTask (ContainerBalancerTask.java:processMoveSelection(569)) - ContainerBalancer is trying to move container #38 with size 3221225472B from source datanode 3d7a55b7-5ca5-40ad-b409-0c218bfe877c to target datanode b26b3bbb-55f8-4b3c-9a8f-2b3a428a4fdf
2023-08-30 06:49:49,172 [main] DEBUG balancer.ContainerBalancerTask (ContainerBalancerTask.java:lambda$moveContainer$3(837)) - Container move completed for container #38 from source 3d7a55b7-5ca5-40ad-b409-0c218bfe877c to target b26b3bbb-55f8-4b3c-9a8f-2b3a428a4fdf
2023-08-30 06:49:49,178 [main] DEBUG balancer.ContainerBalancerTask (ContainerBalancerTask.java:matchSourceWithTarget(708)) - ContainerBalancer is finding suitable target for source datanode 762d2488-57a6-492a-bb1d-280aada95c2b
2023-08-30 06:49:49,179 [main] INFO  balancer.ContainerBalancerTask (ContainerBalancerTask.java:matchSourceWithTarget(722)) - ContainerBalancer matched source datanode 762d2488-57a6-492a-bb1d-280aada95c2b with target datanode b26b3bbb-55f8-4b3c-9a8f-2b3a428a4fdf for container move.
2023-08-30 06:49:49,179 [main] INFO  balancer.ContainerBalancerTask (ContainerBalancerTask.java:processMoveSelection(569)) - ContainerBalancer is trying to move container #82 with size 2147483648B from source datanode 762d2488-57a6-492a-bb1d-280aada95c2b to target datanode b26b3bbb-55f8-4b3c-9a8f-2b3a428a4fdf
2023-08-30 06:49:49,179 [main] DEBUG balancer.ContainerBalancerTask (ContainerBalancerTask.java:lambda$moveContainer$3(837)) - Container move completed for container #82 from source 762d2488-57a6-492a-bb1d-280aada95c2b to target b26b3bbb-55f8-4b3c-9a8f-2b3a428a4fdf
2023-08-30 06:49:49,190 [main] DEBUG balancer.ContainerBalancerTask (ContainerBalancerTask.java:matchSourceWithTarget(708)) - ContainerBalancer is finding suitable target for source datanode 0831d9f0-6cc4-441a-86ae-e6a91cb9c2d0
2023-08-30 06:49:49,190 [main] INFO  balancer.ContainerBalancerTask (ContainerBalancerTask.java:matchSourceWithTarget(722)) - ContainerBalancer matched source datanode 0831d9f0-6cc4-441a-86ae-e6a91cb9c2d0 with target datanode 04998e71-0f02-4a9e-a083-c9fcf376185c for container move.
2023-08-30 06:49:49,190 [main] INFO  balancer.ContainerBalancerTask (ContainerBalancerTask.java:processMoveSelection(569)) - ContainerBalancer is trying to move container #29 with size 5368709120B from source datanode 0831d9f0-6cc4-441a-86ae-e6a91cb9c2d0 to target datanode 04998e71-0f02-4a9e-a083-c9fcf376185c
2023-08-30 06:49:49,190 [main] DEBUG balancer.ContainerBalancerTask (ContainerBalancerTask.java:lambda$moveContainer$3(837)) - Container move completed for container #29 from source 0831d9f0-6cc4-441a-86ae-e6a91cb9c2d0 to target 04998e71-0f02-4a9e-a083-c9fcf376185c
2023-08-30 06:49:49,199 [main] DEBUG balancer.ContainerBalancerTask (ContainerBalancerTask.java:matchSourceWithTarget(708)) - ContainerBalancer is finding suitable target for source datanode 3d7a55b7-5ca5-40ad-b409-0c218bfe877c
2023-08-30 06:49:49,199 [main] INFO  balancer.ContainerBalancerTask (ContainerBalancerTask.java:matchSourceWithTarget(722)) - ContainerBalancer matched source datanode 3d7a55b7-5ca5-40ad-b409-0c218bfe877c with target datanode b26b3bbb-55f8-4b3c-9a8f-2b3a428a4fdf for container move.
2023-08-30 06:49:49,199 [main] INFO  balancer.ContainerBalancerTask (ContainerBalancerTask.java:processMoveSelection(569)) - ContainerBalancer is trying to move container #41 with size 1073741824B from source datanode 3d7a55b7-5ca5-40ad-b409-0c218bfe877c to target datanode b26b3bbb-55f8-4b3c-9a8f-2b3a428a4fdf
2023-08-30 06:49:49,199 [main] DEBUG balancer.ContainerBalancerTask (ContainerBalancerTask.java:lambda$moveContainer$3(837)) - Container move completed for container #41 from source 3d7a55b7-5ca5-40ad-b409-0c218bfe877c to target b26b3bbb-55f8-4b3c-9a8f-2b3a428a4fdf
2023-08-30 06:49:49,200 [main] WARN  balancer.ContainerBalancerTask (ContainerBalancerTask.java:reachedMaxSizeToMovePerIteration(733)) - Reached max size to move limit. 53687091200 bytes have already been scheduled for balancing and the limit is 53687091200 bytes.
2023-08-30 06:49:49,200 [main] INFO  balancer.ContainerBalancerTask (ContainerBalancerTask.java:checkIterationMoveResults(642)) - Iteration Summary. Number of Datanodes involved: 6. Size moved: 50 GB (53687091200 Bytes). Number of Container moves completed: 14.
2023-08-30 06:49:49,200 [main] INFO  balancer.ContainerBalancerTask (ContainerBalancerTask.java:balance(259)) - Result of this iteration of Container Balancer: ITERATION_COMPLETED
2023-08-30 06:49:49,200 [main] INFO  balancer.ContainerBalancerTask (ContainerBalancerTask.java:tryStopWithSaveConfiguration(308)) - Save Configuration for stopping. Reason: Completed all iterations.
]]></system-out>
  </testcase>
  <testcase name="testContainerBalancerConfiguration" classname="org.apache.hadoop.hdds.scm.container.balancer.TestContainerBalancerTask" time="0.089">
    <system-out><![CDATA[2023-08-30 06:49:49,254 [main] INFO  net.NodeSchemaLoader (NodeSchemaLoader.java:loadSchemaFromFile(129)) - Loading schema from [file:/home/runner/work/ozone/ozone/hadoop-hdds/common/target/classes/network-topology-default.xml]
2023-08-30 06:49:49,254 [main] INFO  net.NodeSchemaLoader (NodeSchemaLoader.java:loadSchema(176)) - Loading network topology layer schema file
2023-08-30 06:49:49,261 [main] INFO  net.NetworkTopologyImpl (NetworkTopologyImpl.java:add(112)) - Added a new node: /default-rack/c6105dc5-7847-4f64-87a3-7778ce33efef
2023-08-30 06:49:49,262 [main] INFO  net.NetworkTopologyImpl (NetworkTopologyImpl.java:add(112)) - Added a new node: /default-rack/d7a831c4-7a3c-47a5-8444-a74a5668f890
2023-08-30 06:49:49,262 [main] INFO  net.NetworkTopologyImpl (NetworkTopologyImpl.java:add(112)) - Added a new node: /default-rack/07f82e9a-d574-4d7a-add8-22adc79e68e3
2023-08-30 06:49:49,263 [main] INFO  net.NetworkTopologyImpl (NetworkTopologyImpl.java:add(112)) - Added a new node: /default-rack/90b58b7c-d412-4ab7-983f-931ffe97412c
2023-08-30 06:49:49,263 [main] INFO  net.NetworkTopologyImpl (NetworkTopologyImpl.java:add(112)) - Added a new node: /default-rack/6e966722-c138-40af-ad7b-52df4134ba4b
2023-08-30 06:49:49,263 [main] INFO  net.NetworkTopologyImpl (NetworkTopologyImpl.java:add(112)) - Added a new node: /default-rack/a8d7d778-1bbe-442d-abe6-1919a813a279
2023-08-30 06:49:49,263 [main] INFO  net.NetworkTopologyImpl (NetworkTopologyImpl.java:add(112)) - Added a new node: /default-rack/a03e7115-4cf4-4112-8b4c-5396a76fc123
2023-08-30 06:49:49,264 [main] INFO  net.NetworkTopologyImpl (NetworkTopologyImpl.java:add(112)) - Added a new node: /default-rack/29014978-781c-4a6c-adf6-8e338f0c57de
2023-08-30 06:49:49,264 [main] INFO  net.NetworkTopologyImpl (NetworkTopologyImpl.java:add(112)) - Added a new node: /default-rack/2f53b99b-99a7-415f-8bd1-2b9ebea8beb9
2023-08-30 06:49:49,264 [main] INFO  net.NetworkTopologyImpl (NetworkTopologyImpl.java:add(112)) - Added a new node: /default-rack/00f45d35-81f4-43fc-bd02-8cfd51d7aa0e
2023-08-30 06:49:49,264 [main] INFO  algorithms.ContainerPlacementPolicyFactory (ContainerPlacementPolicyFactory.java:getPolicyInternal(86)) - Create container placement policy of type org.apache.hadoop.hdds.scm.container.placement.algorithms.SCMContainerPlacementRackAware
2023-08-30 06:49:49,265 [main] INFO  algorithms.ContainerPlacementPolicyFactory (ContainerPlacementPolicyFactory.java:getPolicyInternal(86)) - Create container placement policy of type org.apache.hadoop.hdds.scm.container.placement.algorithms.SCMContainerPlacementRackScatter
]]></system-out>
  </testcase>
  <testcase name="checkIterationResultTimeoutFromReplicationManager" classname="org.apache.hadoop.hdds.scm.container.balancer.TestContainerBalancerTask" time="0.092">
    <system-out><![CDATA[2023-08-30 06:49:49,330 [main] INFO  net.NodeSchemaLoader (NodeSchemaLoader.java:loadSchemaFromFile(129)) - Loading schema from [file:/home/runner/work/ozone/ozone/hadoop-hdds/common/target/classes/network-topology-default.xml]
2023-08-30 06:49:49,331 [main] INFO  net.NodeSchemaLoader (NodeSchemaLoader.java:loadSchema(176)) - Loading network topology layer schema file
2023-08-30 06:49:49,333 [main] INFO  net.NetworkTopologyImpl (NetworkTopologyImpl.java:add(112)) - Added a new node: /default-rack/b85d2843-56fe-4792-a7e4-44ee4b5fe4e5
2023-08-30 06:49:49,333 [main] INFO  net.NetworkTopologyImpl (NetworkTopologyImpl.java:add(112)) - Added a new node: /default-rack/a5ca5633-44e3-401c-b0a9-f1c5e6d81d96
2023-08-30 06:49:49,333 [main] INFO  net.NetworkTopologyImpl (NetworkTopologyImpl.java:add(112)) - Added a new node: /default-rack/b4ada12b-ab64-482d-b89b-9796705d51b8
2023-08-30 06:49:49,333 [main] INFO  net.NetworkTopologyImpl (NetworkTopologyImpl.java:add(112)) - Added a new node: /default-rack/79e65bb1-9776-44a9-8acd-6a788634bb51
2023-08-30 06:49:49,333 [main] INFO  net.NetworkTopologyImpl (NetworkTopologyImpl.java:add(112)) - Added a new node: /default-rack/05b6083c-ef86-4c04-9143-fd080d984932
2023-08-30 06:49:49,334 [main] INFO  net.NetworkTopologyImpl (NetworkTopologyImpl.java:add(112)) - Added a new node: /default-rack/5ff5291f-b3f4-4ca0-b67b-f195808ff386
2023-08-30 06:49:49,334 [main] INFO  net.NetworkTopologyImpl (NetworkTopologyImpl.java:add(112)) - Added a new node: /default-rack/53c57918-290d-41d4-8255-cda675f09d8d
2023-08-30 06:49:49,334 [main] INFO  net.NetworkTopologyImpl (NetworkTopologyImpl.java:add(112)) - Added a new node: /default-rack/102e4509-4cde-4aeb-b8d2-df5b07daf09a
2023-08-30 06:49:49,334 [main] INFO  net.NetworkTopologyImpl (NetworkTopologyImpl.java:add(112)) - Added a new node: /default-rack/90126e76-0bf1-4509-81fb-d73be35efd2e
2023-08-30 06:49:49,334 [main] INFO  net.NetworkTopologyImpl (NetworkTopologyImpl.java:add(112)) - Added a new node: /default-rack/60afcd17-692d-41fb-9990-fab39b79254b
2023-08-30 06:49:49,334 [main] INFO  algorithms.ContainerPlacementPolicyFactory (ContainerPlacementPolicyFactory.java:getPolicyInternal(86)) - Create container placement policy of type org.apache.hadoop.hdds.scm.container.placement.algorithms.SCMContainerPlacementRackAware
2023-08-30 06:49:49,335 [main] INFO  algorithms.ContainerPlacementPolicyFactory (ContainerPlacementPolicyFactory.java:getPolicyInternal(86)) - Create container placement policy of type org.apache.hadoop.hdds.scm.container.placement.algorithms.SCMContainerPlacementRackScatter
2023-08-30 06:49:49,340 [main] DEBUG balancer.ContainerBalancerTask (ContainerBalancerTask.java:initializeIteration(374)) - Average utilization of the cluster is 0.37801194268561755
2023-08-30 06:49:49,340 [main] DEBUG balancer.ContainerBalancerTask (ContainerBalancerTask.java:initializeIteration(386)) - Lower limit for utilization is 0.2780119426856176 and Upper limit for utilization is 0.47801194268561753
2023-08-30 06:49:49,340 [main] DEBUG balancer.ContainerBalancerTask (ContainerBalancerTask.java:initializeIteration(398)) - Utilization for node 102e4509-4cde-4aeb-b8d2-df5b07daf09a with capacity 65617555911B, used 59055800320B, and remaining 6561755591B is 0.900000000001524
2023-08-30 06:49:49,340 [main] DEBUG balancer.ContainerBalancerTask (ContainerBalancerTask.java:initializeIteration(398)) - Utilization for node b85d2843-56fe-4792-a7e4-44ee4b5fe4e5 with capacity 68451041280B, used 54760833024B, and remaining 13690208256B is 0.8
2023-08-30 06:49:49,341 [main] DEBUG balancer.ContainerBalancerTask (ContainerBalancerTask.java:initializeIteration(398)) - Utilization for node 53c57918-290d-41d4-8255-cda675f09d8d with capacity 84365429028B, used 59055800320B, and remaining 25309628708B is 0.7000000000047413
2023-08-30 06:49:49,341 [main] DEBUG balancer.ContainerBalancerTask (ContainerBalancerTask.java:initializeIteration(398)) - Utilization for node 5ff5291f-b3f4-4ca0-b67b-f195808ff386 with capacity 76951497386B, used 46170898432B, and remaining 30780598954B is 0.600000000005198
2023-08-30 06:49:49,341 [main] DEBUG balancer.ContainerBalancerTask (ContainerBalancerTask.java:initializeIteration(398)) - Utilization for node b4ada12b-ab64-482d-b89b-9796705d51b8 with capacity 92341796864B, used 46170898432B, and remaining 46170898432B is 0.5
2023-08-30 06:49:49,341 [main] DEBUG balancer.ContainerBalancerTask (ContainerBalancerTask.java:initializeIteration(398)) - Utilization for node 90126e76-0bf1-4509-81fb-d73be35efd2e with capacity 120795955200B, used 48318382080B, and remaining 72477573120B is 0.4
2023-08-30 06:49:49,341 [main] DEBUG balancer.ContainerBalancerTask (ContainerBalancerTask.java:initializeIteration(398)) - Utilization for node 60afcd17-692d-41fb-9990-fab39b79254b with capacity 121690740053B, used 36507222016B, and remaining 85183518037B is 0.3000000000008218
2023-08-30 06:49:49,341 [main] DEBUG balancer.ContainerBalancerTask (ContainerBalancerTask.java:initializeIteration(398)) - Utilization for node a5ca5633-44e3-401c-b0a9-f1c5e6d81d96 with capacity 59055800320B, used 11811160064B, and remaining 47244640256B is 0.2
2023-08-30 06:49:49,341 [main] DEBUG balancer.ContainerBalancerTask (ContainerBalancerTask.java:initializeIteration(398)) - Utilization for node 79e65bb1-9776-44a9-8acd-6a788634bb51 with capacity 289910292480B, used 28991029248B, and remaining 260919263232B is 0.1
2023-08-30 06:49:49,341 [main] DEBUG balancer.ContainerBalancerTask (ContainerBalancerTask.java:initializeIteration(398)) - Utilization for node 05b6083c-ef86-4c04-9143-fd080d984932 with capacity 54760833024B, used 0B, and remaining 54760833024B is 0.0
2023-08-30 06:49:49,342 [main] INFO  balancer.ContainerBalancerTask (ContainerBalancerTask.java:initializeIteration(447)) - Container Balancer has identified 5 Over-Utilized and 3 Under-Utilized Datanodes that need to be balanced.
2023-08-30 06:49:49,342 [main] DEBUG balancer.ContainerBalancerTask (ContainerBalancerTask.java:lambda$initializeIteration$1(453)) - Datanode localhost-95.130.8.129 102e4509-4cde-4aeb-b8d2-df5b07daf09a is Over-Utilized.
2023-08-30 06:49:49,342 [main] DEBUG balancer.ContainerBalancerTask (ContainerBalancerTask.java:lambda$initializeIteration$1(453)) - Datanode localhost-188.122.221.225 b85d2843-56fe-4792-a7e4-44ee4b5fe4e5 is Over-Utilized.
2023-08-30 06:49:49,342 [main] DEBUG balancer.ContainerBalancerTask (ContainerBalancerTask.java:lambda$initializeIteration$1(453)) - Datanode localhost-57.146.63.184 53c57918-290d-41d4-8255-cda675f09d8d is Over-Utilized.
2023-08-30 06:49:49,342 [main] DEBUG balancer.ContainerBalancerTask (ContainerBalancerTask.java:lambda$initializeIteration$1(453)) - Datanode localhost-77.105.231.227 5ff5291f-b3f4-4ca0-b67b-f195808ff386 is Over-Utilized.
2023-08-30 06:49:49,342 [main] DEBUG balancer.ContainerBalancerTask (ContainerBalancerTask.java:lambda$initializeIteration$1(453)) - Datanode localhost-98.131.104.13 b4ada12b-ab64-482d-b89b-9796705d51b8 is Over-Utilized.
2023-08-30 06:49:49,342 [main] DEBUG balancer.ContainerBalancerTask (ContainerBalancerTask.java:lambda$initializeIteration$2(459)) - Datanode localhost-179.233.98.119 05b6083c-ef86-4c04-9143-fd080d984932 is Under-Utilized.
2023-08-30 06:49:49,342 [main] DEBUG balancer.ContainerBalancerTask (ContainerBalancerTask.java:lambda$initializeIteration$2(459)) - Datanode localhost-41.0.186.207 79e65bb1-9776-44a9-8acd-6a788634bb51 is Under-Utilized.
2023-08-30 06:49:49,343 [main] DEBUG balancer.ContainerBalancerTask (ContainerBalancerTask.java:lambda$initializeIteration$2(459)) - Datanode localhost-116.173.16.155 a5ca5633-44e3-401c-b0a9-f1c5e6d81d96 is Under-Utilized.
2023-08-30 06:49:49,346 [main] DEBUG balancer.ContainerBalancerTask (ContainerBalancerTask.java:matchSourceWithTarget(708)) - ContainerBalancer is finding suitable target for source datanode 102e4509-4cde-4aeb-b8d2-df5b07daf09a
2023-08-30 06:49:49,346 [main] INFO  balancer.ContainerBalancerTask (ContainerBalancerTask.java:matchSourceWithTarget(722)) - ContainerBalancer matched source datanode 102e4509-4cde-4aeb-b8d2-df5b07daf09a with target datanode 05b6083c-ef86-4c04-9143-fd080d984932 for container move.
2023-08-30 06:49:49,347 [main] INFO  balancer.ContainerBalancerTask (ContainerBalancerTask.java:processMoveSelection(569)) - ContainerBalancer is trying to move container #84 with size 4294967296B from source datanode 102e4509-4cde-4aeb-b8d2-df5b07daf09a to target datanode 05b6083c-ef86-4c04-9143-fd080d984932
2023-08-30 06:49:49,347 [main] WARN  balancer.ContainerBalancerTask (ContainerBalancerTask.java:lambda$moveContainer$3(842)) - Container move for container #84 from source 102e4509-4cde-4aeb-b8d2-df5b07daf09a to target 05b6083c-ef86-4c04-9143-fd080d984932 failed: REPLICATION_FAIL_TIME_OUT
2023-08-30 06:49:49,350 [main] DEBUG balancer.ContainerBalancerTask (ContainerBalancerTask.java:matchSourceWithTarget(708)) - ContainerBalancer is finding suitable target for source datanode b85d2843-56fe-4792-a7e4-44ee4b5fe4e5
2023-08-30 06:49:49,350 [main] INFO  balancer.ContainerBalancerTask (ContainerBalancerTask.java:matchSourceWithTarget(722)) - ContainerBalancer matched source datanode b85d2843-56fe-4792-a7e4-44ee4b5fe4e5 with target datanode 05b6083c-ef86-4c04-9143-fd080d984932 for container move.
2023-08-30 06:49:49,350 [main] INFO  balancer.ContainerBalancerTask (ContainerBalancerTask.java:processMoveSelection(569)) - ContainerBalancer is trying to move container #68 with size 5368709120B from source datanode b85d2843-56fe-4792-a7e4-44ee4b5fe4e5 to target datanode 05b6083c-ef86-4c04-9143-fd080d984932
2023-08-30 06:49:49,351 [main] WARN  balancer.ContainerBalancerTask (ContainerBalancerTask.java:lambda$moveContainer$3(842)) - Container move for container #68 from source b85d2843-56fe-4792-a7e4-44ee4b5fe4e5 to target 05b6083c-ef86-4c04-9143-fd080d984932 failed: DELETION_FAIL_TIME_OUT
2023-08-30 06:49:49,355 [main] DEBUG balancer.ContainerBalancerTask (ContainerBalancerTask.java:matchSourceWithTarget(708)) - ContainerBalancer is finding suitable target for source datanode 53c57918-290d-41d4-8255-cda675f09d8d
2023-08-30 06:49:49,355 [main] INFO  balancer.ContainerBalancerTask (ContainerBalancerTask.java:matchSourceWithTarget(722)) - ContainerBalancer matched source datanode 53c57918-290d-41d4-8255-cda675f09d8d with target datanode 05b6083c-ef86-4c04-9143-fd080d984932 for container move.
2023-08-30 06:49:49,355 [main] INFO  balancer.ContainerBalancerTask (ContainerBalancerTask.java:processMoveSelection(569)) - ContainerBalancer is trying to move container #52 with size 4294967296B from source datanode 53c57918-290d-41d4-8255-cda675f09d8d to target datanode 05b6083c-ef86-4c04-9143-fd080d984932
2023-08-30 06:49:49,355 [main] WARN  balancer.ContainerBalancerTask (ContainerBalancerTask.java:lambda$moveContainer$3(842)) - Container move for container #52 from source 53c57918-290d-41d4-8255-cda675f09d8d to target 05b6083c-ef86-4c04-9143-fd080d984932 failed: DELETION_FAIL_TIME_OUT
2023-08-30 06:49:49,358 [main] DEBUG balancer.ContainerBalancerTask (ContainerBalancerTask.java:matchSourceWithTarget(708)) - ContainerBalancer is finding suitable target for source datanode 5ff5291f-b3f4-4ca0-b67b-f195808ff386
2023-08-30 06:49:49,358 [main] INFO  balancer.ContainerBalancerTask (ContainerBalancerTask.java:matchSourceWithTarget(722)) - ContainerBalancer matched source datanode 5ff5291f-b3f4-4ca0-b67b-f195808ff386 with target datanode 05b6083c-ef86-4c04-9143-fd080d984932 for container move.
2023-08-30 06:49:49,358 [main] INFO  balancer.ContainerBalancerTask (ContainerBalancerTask.java:processMoveSelection(569)) - ContainerBalancer is trying to move container #40 with size 5368709120B from source datanode 5ff5291f-b3f4-4ca0-b67b-f195808ff386 to target datanode 05b6083c-ef86-4c04-9143-fd080d984932
2023-08-30 06:49:49,358 [main] WARN  balancer.ContainerBalancerTask (ContainerBalancerTask.java:lambda$moveContainer$3(842)) - Container move for container #40 from source 5ff5291f-b3f4-4ca0-b67b-f195808ff386 to target 05b6083c-ef86-4c04-9143-fd080d984932 failed: DELETION_FAIL_TIME_OUT
2023-08-30 06:49:49,361 [main] DEBUG balancer.ContainerBalancerTask (ContainerBalancerTask.java:matchSourceWithTarget(708)) - ContainerBalancer is finding suitable target for source datanode b4ada12b-ab64-482d-b89b-9796705d51b8
2023-08-30 06:49:49,361 [main] INFO  balancer.ContainerBalancerTask (ContainerBalancerTask.java:matchSourceWithTarget(722)) - ContainerBalancer matched source datanode b4ada12b-ab64-482d-b89b-9796705d51b8 with target datanode 05b6083c-ef86-4c04-9143-fd080d984932 for container move.
2023-08-30 06:49:49,361 [main] INFO  balancer.ContainerBalancerTask (ContainerBalancerTask.java:processMoveSelection(569)) - ContainerBalancer is trying to move container #40 with size 5368709120B from source datanode b4ada12b-ab64-482d-b89b-9796705d51b8 to target datanode 05b6083c-ef86-4c04-9143-fd080d984932
2023-08-30 06:49:49,361 [main] WARN  balancer.ContainerBalancerTask (ContainerBalancerTask.java:lambda$moveContainer$3(842)) - Container move for container #40 from source b4ada12b-ab64-482d-b89b-9796705d51b8 to target 05b6083c-ef86-4c04-9143-fd080d984932 failed: DELETION_FAIL_TIME_OUT
2023-08-30 06:49:49,361 [main] INFO  balancer.FindSourceGreedy (FindSourceGreedy.java:getNextCandidateSourceDataNode(126)) - no more candidate source data node
2023-08-30 06:49:49,362 [main] INFO  balancer.ContainerBalancerTask (ContainerBalancerTask.java:checkIterationMoveResults(642)) - Iteration Summary. Number of Datanodes involved: 0. Size moved: 0 B (0 Bytes). Number of Container moves completed: 0.
2023-08-30 06:49:49,362 [main] INFO  balancer.ContainerBalancerTask (ContainerBalancerTask.java:balance(259)) - Result of this iteration of Container Balancer: ITERATION_COMPLETED
2023-08-30 06:49:49,362 [main] INFO  balancer.ContainerBalancerTask (ContainerBalancerTask.java:tryStopWithSaveConfiguration(308)) - Save Configuration for stopping. Reason: Completed all iterations.
2023-08-30 06:49:49,363 [main] DEBUG balancer.ContainerBalancerTask (ContainerBalancerTask.java:initializeIteration(374)) - Average utilization of the cluster is 0.37801194268561755
2023-08-30 06:49:49,364 [main] DEBUG balancer.ContainerBalancerTask (ContainerBalancerTask.java:initializeIteration(386)) - Lower limit for utilization is 0.2780119426856176 and Upper limit for utilization is 0.47801194268561753
2023-08-30 06:49:49,364 [main] DEBUG balancer.ContainerBalancerTask (ContainerBalancerTask.java:initializeIteration(398)) - Utilization for node 102e4509-4cde-4aeb-b8d2-df5b07daf09a with capacity 65617555911B, used 59055800320B, and remaining 6561755591B is 0.900000000001524
2023-08-30 06:49:49,364 [main] DEBUG balancer.ContainerBalancerTask (ContainerBalancerTask.java:initializeIteration(398)) - Utilization for node b85d2843-56fe-4792-a7e4-44ee4b5fe4e5 with capacity 68451041280B, used 54760833024B, and remaining 13690208256B is 0.8
2023-08-30 06:49:49,364 [main] DEBUG balancer.ContainerBalancerTask (ContainerBalancerTask.java:initializeIteration(398)) - Utilization for node 53c57918-290d-41d4-8255-cda675f09d8d with capacity 84365429028B, used 59055800320B, and remaining 25309628708B is 0.7000000000047413
2023-08-30 06:49:49,364 [main] DEBUG balancer.ContainerBalancerTask (ContainerBalancerTask.java:initializeIteration(398)) - Utilization for node 5ff5291f-b3f4-4ca0-b67b-f195808ff386 with capacity 76951497386B, used 46170898432B, and remaining 30780598954B is 0.600000000005198
2023-08-30 06:49:49,365 [main] DEBUG balancer.ContainerBalancerTask (ContainerBalancerTask.java:initializeIteration(398)) - Utilization for node b4ada12b-ab64-482d-b89b-9796705d51b8 with capacity 92341796864B, used 46170898432B, and remaining 46170898432B is 0.5
2023-08-30 06:49:49,365 [main] DEBUG balancer.ContainerBalancerTask (ContainerBalancerTask.java:initializeIteration(398)) - Utilization for node 90126e76-0bf1-4509-81fb-d73be35efd2e with capacity 120795955200B, used 48318382080B, and remaining 72477573120B is 0.4
2023-08-30 06:49:49,365 [main] DEBUG balancer.ContainerBalancerTask (ContainerBalancerTask.java:initializeIteration(398)) - Utilization for node 60afcd17-692d-41fb-9990-fab39b79254b with capacity 121690740053B, used 36507222016B, and remaining 85183518037B is 0.3000000000008218
2023-08-30 06:49:49,365 [main] DEBUG balancer.ContainerBalancerTask (ContainerBalancerTask.java:initializeIteration(398)) - Utilization for node a5ca5633-44e3-401c-b0a9-f1c5e6d81d96 with capacity 59055800320B, used 11811160064B, and remaining 47244640256B is 0.2
2023-08-30 06:49:49,365 [main] DEBUG balancer.ContainerBalancerTask (ContainerBalancerTask.java:initializeIteration(398)) - Utilization for node 79e65bb1-9776-44a9-8acd-6a788634bb51 with capacity 289910292480B, used 28991029248B, and remaining 260919263232B is 0.1
2023-08-30 06:49:49,365 [main] DEBUG balancer.ContainerBalancerTask (ContainerBalancerTask.java:initializeIteration(398)) - Utilization for node 05b6083c-ef86-4c04-9143-fd080d984932 with capacity 54760833024B, used 0B, and remaining 54760833024B is 0.0
2023-08-30 06:49:49,365 [main] INFO  balancer.ContainerBalancerTask (ContainerBalancerTask.java:initializeIteration(447)) - Container Balancer has identified 5 Over-Utilized and 3 Under-Utilized Datanodes that need to be balanced.
2023-08-30 06:49:49,365 [main] DEBUG balancer.ContainerBalancerTask (ContainerBalancerTask.java:lambda$initializeIteration$1(453)) - Datanode localhost-95.130.8.129 102e4509-4cde-4aeb-b8d2-df5b07daf09a is Over-Utilized.
2023-08-30 06:49:49,366 [main] DEBUG balancer.ContainerBalancerTask (ContainerBalancerTask.java:lambda$initializeIteration$1(453)) - Datanode localhost-188.122.221.225 b85d2843-56fe-4792-a7e4-44ee4b5fe4e5 is Over-Utilized.
2023-08-30 06:49:49,366 [main] DEBUG balancer.ContainerBalancerTask (ContainerBalancerTask.java:lambda$initializeIteration$1(453)) - Datanode localhost-57.146.63.184 53c57918-290d-41d4-8255-cda675f09d8d is Over-Utilized.
2023-08-30 06:49:49,366 [main] DEBUG balancer.ContainerBalancerTask (ContainerBalancerTask.java:lambda$initializeIteration$1(453)) - Datanode localhost-77.105.231.227 5ff5291f-b3f4-4ca0-b67b-f195808ff386 is Over-Utilized.
2023-08-30 06:49:49,366 [main] DEBUG balancer.ContainerBalancerTask (ContainerBalancerTask.java:lambda$initializeIteration$1(453)) - Datanode localhost-98.131.104.13 b4ada12b-ab64-482d-b89b-9796705d51b8 is Over-Utilized.
2023-08-30 06:49:49,366 [main] DEBUG balancer.ContainerBalancerTask (ContainerBalancerTask.java:lambda$initializeIteration$2(459)) - Datanode localhost-179.233.98.119 05b6083c-ef86-4c04-9143-fd080d984932 is Under-Utilized.
2023-08-30 06:49:49,366 [main] DEBUG balancer.ContainerBalancerTask (ContainerBalancerTask.java:lambda$initializeIteration$2(459)) - Datanode localhost-41.0.186.207 79e65bb1-9776-44a9-8acd-6a788634bb51 is Under-Utilized.
2023-08-30 06:49:49,366 [main] DEBUG balancer.ContainerBalancerTask (ContainerBalancerTask.java:lambda$initializeIteration$2(459)) - Datanode localhost-116.173.16.155 a5ca5633-44e3-401c-b0a9-f1c5e6d81d96 is Under-Utilized.
2023-08-30 06:49:49,370 [main] DEBUG balancer.ContainerBalancerTask (ContainerBalancerTask.java:matchSourceWithTarget(708)) - ContainerBalancer is finding suitable target for source datanode 102e4509-4cde-4aeb-b8d2-df5b07daf09a
2023-08-30 06:49:49,370 [main] INFO  balancer.ContainerBalancerTask (ContainerBalancerTask.java:matchSourceWithTarget(722)) - ContainerBalancer matched source datanode 102e4509-4cde-4aeb-b8d2-df5b07daf09a with target datanode 05b6083c-ef86-4c04-9143-fd080d984932 for container move.
2023-08-30 06:49:49,370 [main] INFO  balancer.ContainerBalancerTask (ContainerBalancerTask.java:processMoveSelection(569)) - ContainerBalancer is trying to move container #85 with size 5368709120B from source datanode 102e4509-4cde-4aeb-b8d2-df5b07daf09a to target datanode 05b6083c-ef86-4c04-9143-fd080d984932
2023-08-30 06:49:49,370 [main] WARN  balancer.ContainerBalancerTask (ContainerBalancerTask.java:lambda$moveContainer$3(842)) - Container move for container #85 from source 102e4509-4cde-4aeb-b8d2-df5b07daf09a to target 05b6083c-ef86-4c04-9143-fd080d984932 failed: REPLICATION_FAIL_TIME_OUT
2023-08-30 06:49:49,373 [main] DEBUG balancer.ContainerBalancerTask (ContainerBalancerTask.java:matchSourceWithTarget(708)) - ContainerBalancer is finding suitable target for source datanode b85d2843-56fe-4792-a7e4-44ee4b5fe4e5
2023-08-30 06:49:49,374 [main] INFO  balancer.ContainerBalancerTask (ContainerBalancerTask.java:matchSourceWithTarget(722)) - ContainerBalancer matched source datanode b85d2843-56fe-4792-a7e4-44ee4b5fe4e5 with target datanode 05b6083c-ef86-4c04-9143-fd080d984932 for container move.
2023-08-30 06:49:49,374 [main] INFO  balancer.ContainerBalancerTask (ContainerBalancerTask.java:processMoveSelection(569)) - ContainerBalancer is trying to move container #68 with size 5368709120B from source datanode b85d2843-56fe-4792-a7e4-44ee4b5fe4e5 to target datanode 05b6083c-ef86-4c04-9143-fd080d984932
2023-08-30 06:49:49,374 [main] WARN  balancer.ContainerBalancerTask (ContainerBalancerTask.java:lambda$moveContainer$3(842)) - Container move for container #68 from source b85d2843-56fe-4792-a7e4-44ee4b5fe4e5 to target 05b6083c-ef86-4c04-9143-fd080d984932 failed: DELETION_FAIL_TIME_OUT
2023-08-30 06:49:49,378 [main] DEBUG balancer.ContainerBalancerTask (ContainerBalancerTask.java:matchSourceWithTarget(708)) - ContainerBalancer is finding suitable target for source datanode 53c57918-290d-41d4-8255-cda675f09d8d
2023-08-30 06:49:49,378 [main] INFO  balancer.ContainerBalancerTask (ContainerBalancerTask.java:matchSourceWithTarget(722)) - ContainerBalancer matched source datanode 53c57918-290d-41d4-8255-cda675f09d8d with target datanode 05b6083c-ef86-4c04-9143-fd080d984932 for container move.
2023-08-30 06:49:49,378 [main] INFO  balancer.ContainerBalancerTask (ContainerBalancerTask.java:processMoveSelection(569)) - ContainerBalancer is trying to move container #85 with size 5368709120B from source datanode 53c57918-290d-41d4-8255-cda675f09d8d to target datanode 05b6083c-ef86-4c04-9143-fd080d984932
2023-08-30 06:49:49,378 [main] WARN  balancer.ContainerBalancerTask (ContainerBalancerTask.java:lambda$moveContainer$3(842)) - Container move for container #85 from source 53c57918-290d-41d4-8255-cda675f09d8d to target 05b6083c-ef86-4c04-9143-fd080d984932 failed: DELETION_FAIL_TIME_OUT
2023-08-30 06:49:49,381 [main] DEBUG balancer.ContainerBalancerTask (ContainerBalancerTask.java:matchSourceWithTarget(708)) - ContainerBalancer is finding suitable target for source datanode 5ff5291f-b3f4-4ca0-b67b-f195808ff386
2023-08-30 06:49:49,381 [main] INFO  balancer.ContainerBalancerTask (ContainerBalancerTask.java:matchSourceWithTarget(722)) - ContainerBalancer matched source datanode 5ff5291f-b3f4-4ca0-b67b-f195808ff386 with target datanode 05b6083c-ef86-4c04-9143-fd080d984932 for container move.
2023-08-30 06:49:49,381 [main] INFO  balancer.ContainerBalancerTask (ContainerBalancerTask.java:processMoveSelection(569)) - ContainerBalancer is trying to move container #40 with size 5368709120B from source datanode 5ff5291f-b3f4-4ca0-b67b-f195808ff386 to target datanode 05b6083c-ef86-4c04-9143-fd080d984932
2023-08-30 06:49:49,381 [main] WARN  balancer.ContainerBalancerTask (ContainerBalancerTask.java:lambda$moveContainer$3(842)) - Container move for container #40 from source 5ff5291f-b3f4-4ca0-b67b-f195808ff386 to target 05b6083c-ef86-4c04-9143-fd080d984932 failed: DELETION_FAIL_TIME_OUT
2023-08-30 06:49:49,384 [main] DEBUG balancer.ContainerBalancerTask (ContainerBalancerTask.java:matchSourceWithTarget(708)) - ContainerBalancer is finding suitable target for source datanode b4ada12b-ab64-482d-b89b-9796705d51b8
2023-08-30 06:49:49,384 [main] INFO  balancer.ContainerBalancerTask (ContainerBalancerTask.java:matchSourceWithTarget(722)) - ContainerBalancer matched source datanode b4ada12b-ab64-482d-b89b-9796705d51b8 with target datanode 05b6083c-ef86-4c04-9143-fd080d984932 for container move.
2023-08-30 06:49:49,384 [main] INFO  balancer.ContainerBalancerTask (ContainerBalancerTask.java:processMoveSelection(569)) - ContainerBalancer is trying to move container #85 with size 5368709120B from source datanode b4ada12b-ab64-482d-b89b-9796705d51b8 to target datanode 05b6083c-ef86-4c04-9143-fd080d984932
2023-08-30 06:49:49,385 [main] WARN  balancer.ContainerBalancerTask (ContainerBalancerTask.java:lambda$moveContainer$3(842)) - Container move for container #85 from source b4ada12b-ab64-482d-b89b-9796705d51b8 to target 05b6083c-ef86-4c04-9143-fd080d984932 failed: DELETION_FAIL_TIME_OUT
2023-08-30 06:49:49,385 [main] INFO  balancer.FindSourceGreedy (FindSourceGreedy.java:getNextCandidateSourceDataNode(126)) - no more candidate source data node
2023-08-30 06:49:49,385 [main] INFO  balancer.ContainerBalancerTask (ContainerBalancerTask.java:checkIterationMoveResults(642)) - Iteration Summary. Number of Datanodes involved: 0. Size moved: 0 B (0 Bytes). Number of Container moves completed: 0.
2023-08-30 06:49:49,385 [main] INFO  balancer.ContainerBalancerTask (ContainerBalancerTask.java:balance(259)) - Result of this iteration of Container Balancer: ITERATION_COMPLETED
2023-08-30 06:49:49,385 [main] INFO  balancer.ContainerBalancerTask (ContainerBalancerTask.java:tryStopWithSaveConfiguration(308)) - Save Configuration for stopping. Reason: Completed all iterations.
]]></system-out>
  </testcase>
  <testcase name="checkIterationResultTimeout" classname="org.apache.hadoop.hdds.scm.container.balancer.TestContainerBalancerTask" time="1.162">
    <system-out><![CDATA[2023-08-30 06:49:49,413 [main] INFO  net.NodeSchemaLoader (NodeSchemaLoader.java:loadSchemaFromFile(129)) - Loading schema from [file:/home/runner/work/ozone/ozone/hadoop-hdds/common/target/classes/network-topology-default.xml]
2023-08-30 06:49:49,414 [main] INFO  net.NodeSchemaLoader (NodeSchemaLoader.java:loadSchema(176)) - Loading network topology layer schema file
2023-08-30 06:49:49,416 [main] INFO  net.NetworkTopologyImpl (NetworkTopologyImpl.java:add(112)) - Added a new node: /default-rack/790188f1-87b3-42c2-ba1a-097c6f1c6368
2023-08-30 06:49:49,416 [main] INFO  net.NetworkTopologyImpl (NetworkTopologyImpl.java:add(112)) - Added a new node: /default-rack/b1e88b19-0346-4fc1-8452-c113abe4cfc7
2023-08-30 06:49:49,416 [main] INFO  net.NetworkTopologyImpl (NetworkTopologyImpl.java:add(112)) - Added a new node: /default-rack/5bacf8b5-1ecd-40f4-9907-f51d97f120cf
2023-08-30 06:49:49,416 [main] INFO  net.NetworkTopologyImpl (NetworkTopologyImpl.java:add(112)) - Added a new node: /default-rack/3f47eedd-b409-488f-bf67-d2e7a5fcf835
2023-08-30 06:49:49,416 [main] INFO  net.NetworkTopologyImpl (NetworkTopologyImpl.java:add(112)) - Added a new node: /default-rack/5791c632-c85b-4af5-8636-3df40889a101
2023-08-30 06:49:49,417 [main] INFO  net.NetworkTopologyImpl (NetworkTopologyImpl.java:add(112)) - Added a new node: /default-rack/5e50eb79-c249-4a62-9af4-26d9f287c534
2023-08-30 06:49:49,417 [main] INFO  net.NetworkTopologyImpl (NetworkTopologyImpl.java:add(112)) - Added a new node: /default-rack/dee568cf-4ff4-481c-b18e-23649ac8d82c
2023-08-30 06:49:49,417 [main] INFO  net.NetworkTopologyImpl (NetworkTopologyImpl.java:add(112)) - Added a new node: /default-rack/9405d821-5fa7-4a8c-bf95-22f0a884f290
2023-08-30 06:49:49,417 [main] INFO  net.NetworkTopologyImpl (NetworkTopologyImpl.java:add(112)) - Added a new node: /default-rack/93db4f2d-595b-401e-bcb1-eb56b952f428
2023-08-30 06:49:49,417 [main] INFO  net.NetworkTopologyImpl (NetworkTopologyImpl.java:add(112)) - Added a new node: /default-rack/6bb3af2d-367c-4213-bd08-e60020446ad2
2023-08-30 06:49:49,417 [main] INFO  algorithms.ContainerPlacementPolicyFactory (ContainerPlacementPolicyFactory.java:getPolicyInternal(86)) - Create container placement policy of type org.apache.hadoop.hdds.scm.container.placement.algorithms.SCMContainerPlacementRackAware
2023-08-30 06:49:49,418 [main] INFO  algorithms.ContainerPlacementPolicyFactory (ContainerPlacementPolicyFactory.java:getPolicyInternal(86)) - Create container placement policy of type org.apache.hadoop.hdds.scm.container.placement.algorithms.SCMContainerPlacementRackScatter
2023-08-30 06:49:49,422 [main] DEBUG balancer.ContainerBalancerTask (ContainerBalancerTask.java:initializeIteration(374)) - Average utilization of the cluster is 0.3198100815505271
2023-08-30 06:49:49,422 [main] DEBUG balancer.ContainerBalancerTask (ContainerBalancerTask.java:initializeIteration(386)) - Lower limit for utilization is 0.2198100815505271 and Upper limit for utilization is 0.4198100815505271
2023-08-30 06:49:49,422 [main] DEBUG balancer.ContainerBalancerTask (ContainerBalancerTask.java:initializeIteration(398)) - Utilization for node 5791c632-c85b-4af5-8636-3df40889a101 with capacity 62038416497B, used 55834574848B, and remaining 6203841649B is 0.9000000000112833
2023-08-30 06:49:49,422 [main] DEBUG balancer.ContainerBalancerTask (ContainerBalancerTask.java:initializeIteration(398)) - Utilization for node 790188f1-87b3-42c2-ba1a-097c6f1c6368 with capacity 67108864000B, used 53687091200B, and remaining 13421772800B is 0.8
2023-08-30 06:49:49,423 [main] DEBUG balancer.ContainerBalancerTask (ContainerBalancerTask.java:initializeIteration(398)) - Utilization for node 93db4f2d-595b-401e-bcb1-eb56b952f428 with capacity 47551423634B, used 33285996544B, and remaining 14265427090B is 0.7000000000042059
2023-08-30 06:49:49,423 [main] DEBUG balancer.ContainerBalancerTask (ContainerBalancerTask.java:initializeIteration(398)) - Utilization for node dee568cf-4ff4-481c-b18e-23649ac8d82c with capacity 71582788266B, used 42949672960B, and remaining 28633115306B is 0.600000000005588
2023-08-30 06:49:49,423 [main] DEBUG balancer.ContainerBalancerTask (ContainerBalancerTask.java:initializeIteration(398)) - Utilization for node 3f47eedd-b409-488f-bf67-d2e7a5fcf835 with capacity 83751862272B, used 41875931136B, and remaining 41875931136B is 0.5
2023-08-30 06:49:49,423 [main] DEBUG balancer.ContainerBalancerTask (ContainerBalancerTask.java:initializeIteration(398)) - Utilization for node 6bb3af2d-367c-4213-bd08-e60020446ad2 with capacity 126164664320B, used 50465865728B, and remaining 75698798592B is 0.4
2023-08-30 06:49:49,423 [main] DEBUG balancer.ContainerBalancerTask (ContainerBalancerTask.java:initializeIteration(398)) - Utilization for node 5bacf8b5-1ecd-40f4-9907-f51d97f120cf with capacity 121690740053B, used 36507222016B, and remaining 85183518037B is 0.3000000000008218
2023-08-30 06:49:49,423 [main] DEBUG balancer.ContainerBalancerTask (ContainerBalancerTask.java:initializeIteration(398)) - Utilization for node 9405d821-5fa7-4a8c-bf95-22f0a884f290 with capacity 204010946560B, used 40802189312B, and remaining 163208757248B is 0.2
2023-08-30 06:49:49,423 [main] DEBUG balancer.ContainerBalancerTask (ContainerBalancerTask.java:initializeIteration(398)) - Utilization for node 5e50eb79-c249-4a62-9af4-26d9f287c534 with capacity 429496729600B, used 42949672960B, and remaining 386547056640B is 0.1
2023-08-30 06:49:49,423 [main] DEBUG balancer.ContainerBalancerTask (ContainerBalancerTask.java:initializeIteration(398)) - Utilization for node b1e88b19-0346-4fc1-8452-c113abe4cfc7 with capacity 32212254720B, used 0B, and remaining 32212254720B is 0.0
2023-08-30 06:49:49,424 [main] INFO  balancer.ContainerBalancerTask (ContainerBalancerTask.java:initializeIteration(447)) - Container Balancer has identified 5 Over-Utilized and 3 Under-Utilized Datanodes that need to be balanced.
2023-08-30 06:49:49,424 [main] DEBUG balancer.ContainerBalancerTask (ContainerBalancerTask.java:lambda$initializeIteration$1(453)) - Datanode localhost-152.141.237.177 5791c632-c85b-4af5-8636-3df40889a101 is Over-Utilized.
2023-08-30 06:49:49,424 [main] DEBUG balancer.ContainerBalancerTask (ContainerBalancerTask.java:lambda$initializeIteration$1(453)) - Datanode localhost-57.248.93.87 790188f1-87b3-42c2-ba1a-097c6f1c6368 is Over-Utilized.
2023-08-30 06:49:49,424 [main] DEBUG balancer.ContainerBalancerTask (ContainerBalancerTask.java:lambda$initializeIteration$1(453)) - Datanode localhost-171.230.245.158 93db4f2d-595b-401e-bcb1-eb56b952f428 is Over-Utilized.
2023-08-30 06:49:49,424 [main] DEBUG balancer.ContainerBalancerTask (ContainerBalancerTask.java:lambda$initializeIteration$1(453)) - Datanode localhost-102.150.124.116 dee568cf-4ff4-481c-b18e-23649ac8d82c is Over-Utilized.
2023-08-30 06:49:49,424 [main] DEBUG balancer.ContainerBalancerTask (ContainerBalancerTask.java:lambda$initializeIteration$1(453)) - Datanode localhost-30.230.230.229 3f47eedd-b409-488f-bf67-d2e7a5fcf835 is Over-Utilized.
2023-08-30 06:49:49,424 [main] DEBUG balancer.ContainerBalancerTask (ContainerBalancerTask.java:lambda$initializeIteration$2(459)) - Datanode localhost-112.113.59.90 b1e88b19-0346-4fc1-8452-c113abe4cfc7 is Under-Utilized.
2023-08-30 06:49:49,424 [main] DEBUG balancer.ContainerBalancerTask (ContainerBalancerTask.java:lambda$initializeIteration$2(459)) - Datanode localhost-233.99.158.96 5e50eb79-c249-4a62-9af4-26d9f287c534 is Under-Utilized.
2023-08-30 06:49:49,424 [main] DEBUG balancer.ContainerBalancerTask (ContainerBalancerTask.java:lambda$initializeIteration$2(459)) - Datanode localhost-30.227.29.68 9405d821-5fa7-4a8c-bf95-22f0a884f290 is Under-Utilized.
2023-08-30 06:49:49,427 [main] DEBUG balancer.ContainerBalancerTask (ContainerBalancerTask.java:matchSourceWithTarget(708)) - ContainerBalancer is finding suitable target for source datanode 5791c632-c85b-4af5-8636-3df40889a101
2023-08-30 06:49:49,428 [main] INFO  balancer.ContainerBalancerTask (ContainerBalancerTask.java:matchSourceWithTarget(722)) - ContainerBalancer matched source datanode 5791c632-c85b-4af5-8636-3df40889a101 with target datanode b1e88b19-0346-4fc1-8452-c113abe4cfc7 for container move.
2023-08-30 06:49:49,428 [main] INFO  balancer.ContainerBalancerTask (ContainerBalancerTask.java:processMoveSelection(569)) - ContainerBalancer is trying to move container #84 with size 4294967296B from source datanode 5791c632-c85b-4af5-8636-3df40889a101 to target datanode b1e88b19-0346-4fc1-8452-c113abe4cfc7
2023-08-30 06:49:49,428 [main] DEBUG balancer.ContainerBalancerTask (ContainerBalancerTask.java:lambda$moveContainer$3(837)) - Container move completed for container #84 from source 5791c632-c85b-4af5-8636-3df40889a101 to target b1e88b19-0346-4fc1-8452-c113abe4cfc7
2023-08-30 06:49:49,431 [main] DEBUG balancer.ContainerBalancerTask (ContainerBalancerTask.java:matchSourceWithTarget(708)) - ContainerBalancer is finding suitable target for source datanode 5791c632-c85b-4af5-8636-3df40889a101
2023-08-30 06:49:49,432 [main] INFO  balancer.ContainerBalancerTask (ContainerBalancerTask.java:matchSourceWithTarget(722)) - ContainerBalancer matched source datanode 5791c632-c85b-4af5-8636-3df40889a101 with target datanode 5e50eb79-c249-4a62-9af4-26d9f287c534 for container move.
2023-08-30 06:49:49,432 [main] INFO  balancer.ContainerBalancerTask (ContainerBalancerTask.java:processMoveSelection(569)) - ContainerBalancer is trying to move container #88 with size 3221225472B from source datanode 5791c632-c85b-4af5-8636-3df40889a101 to target datanode 5e50eb79-c249-4a62-9af4-26d9f287c534
2023-08-30 06:49:49,436 [main] DEBUG balancer.ContainerBalancerTask (ContainerBalancerTask.java:matchSourceWithTarget(708)) - ContainerBalancer is finding suitable target for source datanode 790188f1-87b3-42c2-ba1a-097c6f1c6368
2023-08-30 06:49:49,436 [main] INFO  balancer.ContainerBalancerTask (ContainerBalancerTask.java:matchSourceWithTarget(722)) - ContainerBalancer matched source datanode 790188f1-87b3-42c2-ba1a-097c6f1c6368 with target datanode 5e50eb79-c249-4a62-9af4-26d9f287c534 for container move.
2023-08-30 06:49:49,436 [main] INFO  balancer.ContainerBalancerTask (ContainerBalancerTask.java:processMoveSelection(569)) - ContainerBalancer is trying to move container #68 with size 5368709120B from source datanode 790188f1-87b3-42c2-ba1a-097c6f1c6368 to target datanode 5e50eb79-c249-4a62-9af4-26d9f287c534
2023-08-30 06:49:49,440 [main] DEBUG balancer.ContainerBalancerTask (ContainerBalancerTask.java:matchSourceWithTarget(708)) - ContainerBalancer is finding suitable target for source datanode 5791c632-c85b-4af5-8636-3df40889a101
2023-08-30 06:49:49,440 [main] INFO  balancer.ContainerBalancerTask (ContainerBalancerTask.java:matchSourceWithTarget(722)) - ContainerBalancer matched source datanode 5791c632-c85b-4af5-8636-3df40889a101 with target datanode 5e50eb79-c249-4a62-9af4-26d9f287c534 for container move.
2023-08-30 06:49:49,441 [main] INFO  balancer.ContainerBalancerTask (ContainerBalancerTask.java:processMoveSelection(569)) - ContainerBalancer is trying to move container #82 with size 2147483648B from source datanode 5791c632-c85b-4af5-8636-3df40889a101 to target datanode 5e50eb79-c249-4a62-9af4-26d9f287c534
2023-08-30 06:49:49,444 [main] DEBUG balancer.ContainerBalancerTask (ContainerBalancerTask.java:matchSourceWithTarget(708)) - ContainerBalancer is finding suitable target for source datanode 5791c632-c85b-4af5-8636-3df40889a101
2023-08-30 06:49:49,444 [main] INFO  balancer.ContainerBalancerTask (ContainerBalancerTask.java:matchSourceWithTarget(722)) - ContainerBalancer matched source datanode 5791c632-c85b-4af5-8636-3df40889a101 with target datanode b1e88b19-0346-4fc1-8452-c113abe4cfc7 for container move.
2023-08-30 06:49:49,444 [main] INFO  balancer.ContainerBalancerTask (ContainerBalancerTask.java:processMoveSelection(569)) - ContainerBalancer is trying to move container #52 with size 4294967296B from source datanode 5791c632-c85b-4af5-8636-3df40889a101 to target datanode b1e88b19-0346-4fc1-8452-c113abe4cfc7
2023-08-30 06:49:49,448 [main] DEBUG balancer.ContainerBalancerTask (ContainerBalancerTask.java:matchSourceWithTarget(708)) - ContainerBalancer is finding suitable target for source datanode 790188f1-87b3-42c2-ba1a-097c6f1c6368
2023-08-30 06:49:49,448 [main] INFO  balancer.ContainerBalancerTask (ContainerBalancerTask.java:matchSourceWithTarget(722)) - ContainerBalancer matched source datanode 790188f1-87b3-42c2-ba1a-097c6f1c6368 with target datanode 9405d821-5fa7-4a8c-bf95-22f0a884f290 for container move.
2023-08-30 06:49:49,449 [main] INFO  balancer.ContainerBalancerTask (ContainerBalancerTask.java:processMoveSelection(569)) - ContainerBalancer is trying to move container #70 with size 2147483648B from source datanode 790188f1-87b3-42c2-ba1a-097c6f1c6368 to target datanode 9405d821-5fa7-4a8c-bf95-22f0a884f290
2023-08-30 06:49:49,451 [main] DEBUG balancer.ContainerBalancerTask (ContainerBalancerTask.java:matchSourceWithTarget(708)) - ContainerBalancer is finding suitable target for source datanode 93db4f2d-595b-401e-bcb1-eb56b952f428
2023-08-30 06:49:49,451 [main] INFO  balancer.ContainerBalancerTask (ContainerBalancerTask.java:matchSourceWithTarget(722)) - ContainerBalancer matched source datanode 93db4f2d-595b-401e-bcb1-eb56b952f428 with target datanode 9405d821-5fa7-4a8c-bf95-22f0a884f290 for container move.
2023-08-30 06:49:49,452 [main] INFO  balancer.ContainerBalancerTask (ContainerBalancerTask.java:processMoveSelection(569)) - ContainerBalancer is trying to move container #50 with size 2147483648B from source datanode 93db4f2d-595b-401e-bcb1-eb56b952f428 to target datanode 9405d821-5fa7-4a8c-bf95-22f0a884f290
2023-08-30 06:49:49,457 [main] DEBUG balancer.ContainerBalancerTask (ContainerBalancerTask.java:matchSourceWithTarget(708)) - ContainerBalancer is finding suitable target for source datanode 790188f1-87b3-42c2-ba1a-097c6f1c6368
2023-08-30 06:49:49,458 [main] INFO  balancer.ContainerBalancerTask (ContainerBalancerTask.java:matchSourceWithTarget(722)) - ContainerBalancer matched source datanode 790188f1-87b3-42c2-ba1a-097c6f1c6368 with target datanode 9405d821-5fa7-4a8c-bf95-22f0a884f290 for container move.
2023-08-30 06:49:49,459 [main] INFO  balancer.ContainerBalancerTask (ContainerBalancerTask.java:processMoveSelection(569)) - ContainerBalancer is trying to move container #10 with size 2147483648B from source datanode 790188f1-87b3-42c2-ba1a-097c6f1c6368 to target datanode 9405d821-5fa7-4a8c-bf95-22f0a884f290
2023-08-30 06:49:49,463 [main] DEBUG balancer.ContainerBalancerTask (ContainerBalancerTask.java:matchSourceWithTarget(708)) - ContainerBalancer is finding suitable target for source datanode 5791c632-c85b-4af5-8636-3df40889a101
2023-08-30 06:49:49,463 [main] INFO  balancer.ContainerBalancerTask (ContainerBalancerTask.java:matchSourceWithTarget(722)) - ContainerBalancer matched source datanode 5791c632-c85b-4af5-8636-3df40889a101 with target datanode 9405d821-5fa7-4a8c-bf95-22f0a884f290 for container move.
2023-08-30 06:49:49,464 [main] INFO  balancer.ContainerBalancerTask (ContainerBalancerTask.java:processMoveSelection(569)) - ContainerBalancer is trying to move container #18 with size 3221225472B from source datanode 5791c632-c85b-4af5-8636-3df40889a101 to target datanode 9405d821-5fa7-4a8c-bf95-22f0a884f290
2023-08-30 06:49:49,467 [main] DEBUG balancer.ContainerBalancerTask (ContainerBalancerTask.java:matchSourceWithTarget(708)) - ContainerBalancer is finding suitable target for source datanode 790188f1-87b3-42c2-ba1a-097c6f1c6368
2023-08-30 06:49:49,468 [main] INFO  balancer.ContainerBalancerTask (ContainerBalancerTask.java:matchSourceWithTarget(722)) - ContainerBalancer matched source datanode 790188f1-87b3-42c2-ba1a-097c6f1c6368 with target datanode 9405d821-5fa7-4a8c-bf95-22f0a884f290 for container move.
2023-08-30 06:49:49,468 [main] INFO  balancer.ContainerBalancerTask (ContainerBalancerTask.java:processMoveSelection(569)) - ContainerBalancer is trying to move container #64 with size 1073741824B from source datanode 790188f1-87b3-42c2-ba1a-097c6f1c6368 to target datanode 9405d821-5fa7-4a8c-bf95-22f0a884f290
2023-08-30 06:49:49,472 [main] DEBUG balancer.ContainerBalancerTask (ContainerBalancerTask.java:matchSourceWithTarget(708)) - ContainerBalancer is finding suitable target for source datanode 93db4f2d-595b-401e-bcb1-eb56b952f428
2023-08-30 06:49:49,472 [main] INFO  balancer.ContainerBalancerTask (ContainerBalancerTask.java:matchSourceWithTarget(722)) - ContainerBalancer matched source datanode 93db4f2d-595b-401e-bcb1-eb56b952f428 with target datanode b1e88b19-0346-4fc1-8452-c113abe4cfc7 for container move.
2023-08-30 06:49:49,472 [main] INFO  balancer.ContainerBalancerTask (ContainerBalancerTask.java:processMoveSelection(569)) - ContainerBalancer is trying to move container #26 with size 2147483648B from source datanode 93db4f2d-595b-401e-bcb1-eb56b952f428 to target datanode b1e88b19-0346-4fc1-8452-c113abe4cfc7
2023-08-30 06:49:49,476 [main] DEBUG balancer.ContainerBalancerTask (ContainerBalancerTask.java:matchSourceWithTarget(708)) - ContainerBalancer is finding suitable target for source datanode 790188f1-87b3-42c2-ba1a-097c6f1c6368
2023-08-30 06:49:49,476 [main] INFO  balancer.FindTargetGreedyByUsageInfo (AbstractFindTargetGreedy.java:findTargetForContainerMove(133)) - Container Balancer could not find a target for source datanode 790188f1-87b3-42c2-ba1a-097c6f1c6368
2023-08-30 06:49:49,476 [main] DEBUG balancer.ContainerBalancerTask (ContainerBalancerTask.java:matchSourceWithTarget(717)) - ContainerBalancer could not find a suitable target for source node 790188f1-87b3-42c2-ba1a-097c6f1c6368.
2023-08-30 06:49:49,480 [main] DEBUG balancer.ContainerBalancerTask (ContainerBalancerTask.java:matchSourceWithTarget(708)) - ContainerBalancer is finding suitable target for source datanode 5791c632-c85b-4af5-8636-3df40889a101
2023-08-30 06:49:49,480 [main] INFO  balancer.FindTargetGreedyByUsageInfo (AbstractFindTargetGreedy.java:findTargetForContainerMove(133)) - Container Balancer could not find a target for source datanode 5791c632-c85b-4af5-8636-3df40889a101
2023-08-30 06:49:49,480 [main] DEBUG balancer.ContainerBalancerTask (ContainerBalancerTask.java:matchSourceWithTarget(717)) - ContainerBalancer could not find a suitable target for source node 5791c632-c85b-4af5-8636-3df40889a101.
2023-08-30 06:49:49,484 [main] DEBUG balancer.ContainerBalancerTask (ContainerBalancerTask.java:matchSourceWithTarget(708)) - ContainerBalancer is finding suitable target for source datanode 93db4f2d-595b-401e-bcb1-eb56b952f428
2023-08-30 06:49:49,484 [main] INFO  balancer.FindTargetGreedyByUsageInfo (AbstractFindTargetGreedy.java:findTargetForContainerMove(133)) - Container Balancer could not find a target for source datanode 93db4f2d-595b-401e-bcb1-eb56b952f428
2023-08-30 06:49:49,484 [main] DEBUG balancer.ContainerBalancerTask (ContainerBalancerTask.java:matchSourceWithTarget(717)) - ContainerBalancer could not find a suitable target for source node 93db4f2d-595b-401e-bcb1-eb56b952f428.
2023-08-30 06:49:49,487 [main] DEBUG balancer.ContainerBalancerTask (ContainerBalancerTask.java:matchSourceWithTarget(708)) - ContainerBalancer is finding suitable target for source datanode dee568cf-4ff4-481c-b18e-23649ac8d82c
2023-08-30 06:49:49,487 [main] INFO  balancer.FindTargetGreedyByUsageInfo (AbstractFindTargetGreedy.java:findTargetForContainerMove(133)) - Container Balancer could not find a target for source datanode dee568cf-4ff4-481c-b18e-23649ac8d82c
2023-08-30 06:49:49,487 [main] DEBUG balancer.ContainerBalancerTask (ContainerBalancerTask.java:matchSourceWithTarget(717)) - ContainerBalancer could not find a suitable target for source node dee568cf-4ff4-481c-b18e-23649ac8d82c.
2023-08-30 06:49:49,491 [main] DEBUG balancer.ContainerBalancerTask (ContainerBalancerTask.java:matchSourceWithTarget(708)) - ContainerBalancer is finding suitable target for source datanode 3f47eedd-b409-488f-bf67-d2e7a5fcf835
2023-08-30 06:49:49,491 [main] INFO  balancer.FindTargetGreedyByUsageInfo (AbstractFindTargetGreedy.java:findTargetForContainerMove(133)) - Container Balancer could not find a target for source datanode 3f47eedd-b409-488f-bf67-d2e7a5fcf835
2023-08-30 06:49:49,492 [main] DEBUG balancer.ContainerBalancerTask (ContainerBalancerTask.java:matchSourceWithTarget(717)) - ContainerBalancer could not find a suitable target for source node 3f47eedd-b409-488f-bf67-d2e7a5fcf835.
2023-08-30 06:49:49,492 [main] INFO  balancer.FindSourceGreedy (FindSourceGreedy.java:getNextCandidateSourceDataNode(126)) - no more candidate source data node
2023-08-30 06:49:49,993 [main] WARN  balancer.ContainerBalancerTask (ContainerBalancerTask.java:cancelMovesThatExceedTimeoutDuration(674)) - Container move timed out for container #64 from source 790188f1-87b3-42c2-ba1a-097c6f1c6368 to target 9405d821-5fa7-4a8c-bf95-22f0a884f290.
2023-08-30 06:49:49,993 [main] WARN  balancer.ContainerBalancerTask (ContainerBalancerTask.java:cancelMovesThatExceedTimeoutDuration(674)) - Container move timed out for container #50 from source 93db4f2d-595b-401e-bcb1-eb56b952f428 to target 9405d821-5fa7-4a8c-bf95-22f0a884f290.
2023-08-30 06:49:49,994 [main] WARN  balancer.ContainerBalancerTask (ContainerBalancerTask.java:cancelMovesThatExceedTimeoutDuration(674)) - Container move timed out for container #88 from source 5791c632-c85b-4af5-8636-3df40889a101 to target 5e50eb79-c249-4a62-9af4-26d9f287c534.
2023-08-30 06:49:49,994 [main] WARN  balancer.ContainerBalancerTask (ContainerBalancerTask.java:cancelMovesThatExceedTimeoutDuration(674)) - Container move timed out for container #10 from source 790188f1-87b3-42c2-ba1a-097c6f1c6368 to target 9405d821-5fa7-4a8c-bf95-22f0a884f290.
2023-08-30 06:49:49,994 [main] WARN  balancer.ContainerBalancerTask (ContainerBalancerTask.java:cancelMovesThatExceedTimeoutDuration(674)) - Container move timed out for container #26 from source 93db4f2d-595b-401e-bcb1-eb56b952f428 to target b1e88b19-0346-4fc1-8452-c113abe4cfc7.
2023-08-30 06:49:49,994 [main] WARN  balancer.ContainerBalancerTask (ContainerBalancerTask.java:cancelMovesThatExceedTimeoutDuration(674)) - Container move timed out for container #70 from source 790188f1-87b3-42c2-ba1a-097c6f1c6368 to target 9405d821-5fa7-4a8c-bf95-22f0a884f290.
2023-08-30 06:49:49,994 [main] WARN  balancer.ContainerBalancerTask (ContainerBalancerTask.java:cancelMovesThatExceedTimeoutDuration(674)) - Container move timed out for container #68 from source 790188f1-87b3-42c2-ba1a-097c6f1c6368 to target 5e50eb79-c249-4a62-9af4-26d9f287c534.
2023-08-30 06:49:49,995 [main] WARN  balancer.ContainerBalancerTask (ContainerBalancerTask.java:cancelMovesThatExceedTimeoutDuration(674)) - Container move timed out for container #82 from source 5791c632-c85b-4af5-8636-3df40889a101 to target 5e50eb79-c249-4a62-9af4-26d9f287c534.
2023-08-30 06:49:49,995 [main] WARN  balancer.ContainerBalancerTask (ContainerBalancerTask.java:cancelMovesThatExceedTimeoutDuration(674)) - Container move timed out for container #52 from source 5791c632-c85b-4af5-8636-3df40889a101 to target b1e88b19-0346-4fc1-8452-c113abe4cfc7.
2023-08-30 06:49:49,995 [main] WARN  balancer.ContainerBalancerTask (ContainerBalancerTask.java:cancelMovesThatExceedTimeoutDuration(674)) - Container move timed out for container #18 from source 5791c632-c85b-4af5-8636-3df40889a101 to target 9405d821-5fa7-4a8c-bf95-22f0a884f290.
2023-08-30 06:49:49,995 [main] WARN  balancer.ContainerBalancerTask (ContainerBalancerTask.java:checkIterationMoveResults(620)) - 10 Container moves are canceled.
2023-08-30 06:49:49,995 [main] INFO  balancer.ContainerBalancerTask (ContainerBalancerTask.java:checkIterationMoveResults(642)) - Iteration Summary. Number of Datanodes involved: 6. Size moved: 4 GB (4294967296 Bytes). Number of Container moves completed: 1.
2023-08-30 06:49:49,995 [main] INFO  balancer.ContainerBalancerTask (ContainerBalancerTask.java:balance(259)) - Result of this iteration of Container Balancer: ITERATION_COMPLETED
2023-08-30 06:49:49,996 [main] INFO  balancer.ContainerBalancerTask (ContainerBalancerTask.java:tryStopWithSaveConfiguration(308)) - Save Configuration for stopping. Reason: Completed all iterations.
2023-08-30 06:49:49,998 [main] DEBUG balancer.ContainerBalancerTask (ContainerBalancerTask.java:initializeIteration(374)) - Average utilization of the cluster is 0.3198100815505271
2023-08-30 06:49:49,998 [main] DEBUG balancer.ContainerBalancerTask (ContainerBalancerTask.java:initializeIteration(386)) - Lower limit for utilization is 0.2198100815505271 and Upper limit for utilization is 0.4198100815505271
2023-08-30 06:49:49,998 [main] DEBUG balancer.ContainerBalancerTask (ContainerBalancerTask.java:initializeIteration(398)) - Utilization for node 5791c632-c85b-4af5-8636-3df40889a101 with capacity 62038416497B, used 55834574848B, and remaining 6203841649B is 0.9000000000112833
2023-08-30 06:49:49,998 [main] DEBUG balancer.ContainerBalancerTask (ContainerBalancerTask.java:initializeIteration(398)) - Utilization for node 790188f1-87b3-42c2-ba1a-097c6f1c6368 with capacity 67108864000B, used 53687091200B, and remaining 13421772800B is 0.8
2023-08-30 06:49:49,998 [main] DEBUG balancer.ContainerBalancerTask (ContainerBalancerTask.java:initializeIteration(398)) - Utilization for node 93db4f2d-595b-401e-bcb1-eb56b952f428 with capacity 47551423634B, used 33285996544B, and remaining 14265427090B is 0.7000000000042059
2023-08-30 06:49:49,998 [main] DEBUG balancer.ContainerBalancerTask (ContainerBalancerTask.java:initializeIteration(398)) - Utilization for node dee568cf-4ff4-481c-b18e-23649ac8d82c with capacity 71582788266B, used 42949672960B, and remaining 28633115306B is 0.600000000005588
2023-08-30 06:49:49,999 [main] DEBUG balancer.ContainerBalancerTask (ContainerBalancerTask.java:initializeIteration(398)) - Utilization for node 3f47eedd-b409-488f-bf67-d2e7a5fcf835 with capacity 83751862272B, used 41875931136B, and remaining 41875931136B is 0.5
2023-08-30 06:49:49,999 [main] DEBUG balancer.ContainerBalancerTask (ContainerBalancerTask.java:initializeIteration(398)) - Utilization for node 6bb3af2d-367c-4213-bd08-e60020446ad2 with capacity 126164664320B, used 50465865728B, and remaining 75698798592B is 0.4
2023-08-30 06:49:49,999 [main] DEBUG balancer.ContainerBalancerTask (ContainerBalancerTask.java:initializeIteration(398)) - Utilization for node 5bacf8b5-1ecd-40f4-9907-f51d97f120cf with capacity 121690740053B, used 36507222016B, and remaining 85183518037B is 0.3000000000008218
2023-08-30 06:49:49,999 [main] DEBUG balancer.ContainerBalancerTask (ContainerBalancerTask.java:initializeIteration(398)) - Utilization for node 9405d821-5fa7-4a8c-bf95-22f0a884f290 with capacity 204010946560B, used 40802189312B, and remaining 163208757248B is 0.2
2023-08-30 06:49:49,999 [main] DEBUG balancer.ContainerBalancerTask (ContainerBalancerTask.java:initializeIteration(398)) - Utilization for node 5e50eb79-c249-4a62-9af4-26d9f287c534 with capacity 429496729600B, used 42949672960B, and remaining 386547056640B is 0.1
2023-08-30 06:49:50,000 [main] DEBUG balancer.ContainerBalancerTask (ContainerBalancerTask.java:initializeIteration(398)) - Utilization for node b1e88b19-0346-4fc1-8452-c113abe4cfc7 with capacity 32212254720B, used 0B, and remaining 32212254720B is 0.0
2023-08-30 06:49:50,000 [main] INFO  balancer.ContainerBalancerTask (ContainerBalancerTask.java:initializeIteration(447)) - Container Balancer has identified 5 Over-Utilized and 3 Under-Utilized Datanodes that need to be balanced.
2023-08-30 06:49:50,000 [main] DEBUG balancer.ContainerBalancerTask (ContainerBalancerTask.java:lambda$initializeIteration$1(453)) - Datanode localhost-152.141.237.177 5791c632-c85b-4af5-8636-3df40889a101 is Over-Utilized.
2023-08-30 06:49:50,000 [main] DEBUG balancer.ContainerBalancerTask (ContainerBalancerTask.java:lambda$initializeIteration$1(453)) - Datanode localhost-57.248.93.87 790188f1-87b3-42c2-ba1a-097c6f1c6368 is Over-Utilized.
2023-08-30 06:49:50,000 [main] DEBUG balancer.ContainerBalancerTask (ContainerBalancerTask.java:lambda$initializeIteration$1(453)) - Datanode localhost-171.230.245.158 93db4f2d-595b-401e-bcb1-eb56b952f428 is Over-Utilized.
2023-08-30 06:49:50,000 [main] DEBUG balancer.ContainerBalancerTask (ContainerBalancerTask.java:lambda$initializeIteration$1(453)) - Datanode localhost-102.150.124.116 dee568cf-4ff4-481c-b18e-23649ac8d82c is Over-Utilized.
2023-08-30 06:49:50,001 [main] DEBUG balancer.ContainerBalancerTask (ContainerBalancerTask.java:lambda$initializeIteration$1(453)) - Datanode localhost-30.230.230.229 3f47eedd-b409-488f-bf67-d2e7a5fcf835 is Over-Utilized.
2023-08-30 06:49:50,001 [main] DEBUG balancer.ContainerBalancerTask (ContainerBalancerTask.java:lambda$initializeIteration$2(459)) - Datanode localhost-112.113.59.90 b1e88b19-0346-4fc1-8452-c113abe4cfc7 is Under-Utilized.
2023-08-30 06:49:50,001 [main] DEBUG balancer.ContainerBalancerTask (ContainerBalancerTask.java:lambda$initializeIteration$2(459)) - Datanode localhost-233.99.158.96 5e50eb79-c249-4a62-9af4-26d9f287c534 is Under-Utilized.
2023-08-30 06:49:50,001 [main] DEBUG balancer.ContainerBalancerTask (ContainerBalancerTask.java:lambda$initializeIteration$2(459)) - Datanode localhost-30.227.29.68 9405d821-5fa7-4a8c-bf95-22f0a884f290 is Under-Utilized.
2023-08-30 06:49:50,004 [main] DEBUG balancer.ContainerBalancerTask (ContainerBalancerTask.java:matchSourceWithTarget(708)) - ContainerBalancer is finding suitable target for source datanode 5791c632-c85b-4af5-8636-3df40889a101
2023-08-30 06:49:50,004 [main] INFO  balancer.ContainerBalancerTask (ContainerBalancerTask.java:matchSourceWithTarget(722)) - ContainerBalancer matched source datanode 5791c632-c85b-4af5-8636-3df40889a101 with target datanode b1e88b19-0346-4fc1-8452-c113abe4cfc7 for container move.
2023-08-30 06:49:50,005 [main] INFO  balancer.ContainerBalancerTask (ContainerBalancerTask.java:processMoveSelection(569)) - ContainerBalancer is trying to move container #85 with size 5368709120B from source datanode 5791c632-c85b-4af5-8636-3df40889a101 to target datanode b1e88b19-0346-4fc1-8452-c113abe4cfc7
2023-08-30 06:49:50,005 [main] DEBUG balancer.ContainerBalancerTask (ContainerBalancerTask.java:lambda$moveContainer$3(837)) - Container move completed for container #85 from source 5791c632-c85b-4af5-8636-3df40889a101 to target b1e88b19-0346-4fc1-8452-c113abe4cfc7
2023-08-30 06:49:50,008 [main] DEBUG balancer.ContainerBalancerTask (ContainerBalancerTask.java:matchSourceWithTarget(708)) - ContainerBalancer is finding suitable target for source datanode 5791c632-c85b-4af5-8636-3df40889a101
2023-08-30 06:49:50,008 [main] INFO  balancer.ContainerBalancerTask (ContainerBalancerTask.java:matchSourceWithTarget(722)) - ContainerBalancer matched source datanode 5791c632-c85b-4af5-8636-3df40889a101 with target datanode 5e50eb79-c249-4a62-9af4-26d9f287c534 for container move.
2023-08-30 06:49:50,008 [main] INFO  balancer.ContainerBalancerTask (ContainerBalancerTask.java:processMoveSelection(569)) - ContainerBalancer is trying to move container #29 with size 5368709120B from source datanode 5791c632-c85b-4af5-8636-3df40889a101 to target datanode 5e50eb79-c249-4a62-9af4-26d9f287c534
2023-08-30 06:49:50,011 [main] DEBUG balancer.ContainerBalancerTask (ContainerBalancerTask.java:matchSourceWithTarget(708)) - ContainerBalancer is finding suitable target for source datanode 790188f1-87b3-42c2-ba1a-097c6f1c6368
2023-08-30 06:49:50,012 [main] INFO  balancer.ContainerBalancerTask (ContainerBalancerTask.java:matchSourceWithTarget(722)) - ContainerBalancer matched source datanode 790188f1-87b3-42c2-ba1a-097c6f1c6368 with target datanode 5e50eb79-c249-4a62-9af4-26d9f287c534 for container move.
2023-08-30 06:49:50,012 [main] INFO  balancer.ContainerBalancerTask (ContainerBalancerTask.java:processMoveSelection(569)) - ContainerBalancer is trying to move container #68 with size 5368709120B from source datanode 790188f1-87b3-42c2-ba1a-097c6f1c6368 to target datanode 5e50eb79-c249-4a62-9af4-26d9f287c534
2023-08-30 06:49:50,016 [main] DEBUG balancer.ContainerBalancerTask (ContainerBalancerTask.java:matchSourceWithTarget(708)) - ContainerBalancer is finding suitable target for source datanode 5791c632-c85b-4af5-8636-3df40889a101
2023-08-30 06:49:50,016 [main] INFO  balancer.ContainerBalancerTask (ContainerBalancerTask.java:matchSourceWithTarget(722)) - ContainerBalancer matched source datanode 5791c632-c85b-4af5-8636-3df40889a101 with target datanode b1e88b19-0346-4fc1-8452-c113abe4cfc7 for container move.
2023-08-30 06:49:50,016 [main] INFO  balancer.ContainerBalancerTask (ContainerBalancerTask.java:processMoveSelection(569)) - ContainerBalancer is trying to move container #89 with size 4294967296B from source datanode 5791c632-c85b-4af5-8636-3df40889a101 to target datanode b1e88b19-0346-4fc1-8452-c113abe4cfc7
2023-08-30 06:49:50,019 [main] DEBUG balancer.ContainerBalancerTask (ContainerBalancerTask.java:matchSourceWithTarget(708)) - ContainerBalancer is finding suitable target for source datanode 790188f1-87b3-42c2-ba1a-097c6f1c6368
2023-08-30 06:49:50,019 [main] INFO  balancer.ContainerBalancerTask (ContainerBalancerTask.java:matchSourceWithTarget(722)) - ContainerBalancer matched source datanode 790188f1-87b3-42c2-ba1a-097c6f1c6368 with target datanode 9405d821-5fa7-4a8c-bf95-22f0a884f290 for container move.
2023-08-30 06:49:50,020 [main] INFO  balancer.ContainerBalancerTask (ContainerBalancerTask.java:processMoveSelection(569)) - ContainerBalancer is trying to move container #67 with size 4294967296B from source datanode 790188f1-87b3-42c2-ba1a-097c6f1c6368 to target datanode 9405d821-5fa7-4a8c-bf95-22f0a884f290
2023-08-30 06:49:50,023 [main] DEBUG balancer.ContainerBalancerTask (ContainerBalancerTask.java:matchSourceWithTarget(708)) - ContainerBalancer is finding suitable target for source datanode 93db4f2d-595b-401e-bcb1-eb56b952f428
2023-08-30 06:49:50,023 [main] INFO  balancer.ContainerBalancerTask (ContainerBalancerTask.java:matchSourceWithTarget(722)) - ContainerBalancer matched source datanode 93db4f2d-595b-401e-bcb1-eb56b952f428 with target datanode 9405d821-5fa7-4a8c-bf95-22f0a884f290 for container move.
2023-08-30 06:49:50,023 [main] INFO  balancer.ContainerBalancerTask (ContainerBalancerTask.java:processMoveSelection(569)) - ContainerBalancer is trying to move container #52 with size 4294967296B from source datanode 93db4f2d-595b-401e-bcb1-eb56b952f428 to target datanode 9405d821-5fa7-4a8c-bf95-22f0a884f290
2023-08-30 06:49:50,026 [main] DEBUG balancer.ContainerBalancerTask (ContainerBalancerTask.java:matchSourceWithTarget(708)) - ContainerBalancer is finding suitable target for source datanode 5791c632-c85b-4af5-8636-3df40889a101
2023-08-30 06:49:50,027 [main] INFO  balancer.ContainerBalancerTask (ContainerBalancerTask.java:matchSourceWithTarget(722)) - ContainerBalancer matched source datanode 5791c632-c85b-4af5-8636-3df40889a101 with target datanode 9405d821-5fa7-4a8c-bf95-22f0a884f290 for container move.
2023-08-30 06:49:50,027 [main] INFO  balancer.ContainerBalancerTask (ContainerBalancerTask.java:processMoveSelection(569)) - ContainerBalancer is trying to move container #82 with size 2147483648B from source datanode 5791c632-c85b-4af5-8636-3df40889a101 to target datanode 9405d821-5fa7-4a8c-bf95-22f0a884f290
2023-08-30 06:49:50,031 [main] DEBUG balancer.ContainerBalancerTask (ContainerBalancerTask.java:matchSourceWithTarget(708)) - ContainerBalancer is finding suitable target for source datanode 790188f1-87b3-42c2-ba1a-097c6f1c6368
2023-08-30 06:49:50,031 [main] INFO  balancer.ContainerBalancerTask (ContainerBalancerTask.java:matchSourceWithTarget(722)) - ContainerBalancer matched source datanode 790188f1-87b3-42c2-ba1a-097c6f1c6368 with target datanode b1e88b19-0346-4fc1-8452-c113abe4cfc7 for container move.
2023-08-30 06:49:50,032 [main] INFO  balancer.ContainerBalancerTask (ContainerBalancerTask.java:processMoveSelection(569)) - ContainerBalancer is trying to move container #81 with size 1073741824B from source datanode 790188f1-87b3-42c2-ba1a-097c6f1c6368 to target datanode b1e88b19-0346-4fc1-8452-c113abe4cfc7
2023-08-30 06:49:50,035 [main] DEBUG balancer.ContainerBalancerTask (ContainerBalancerTask.java:matchSourceWithTarget(708)) - ContainerBalancer is finding suitable target for source datanode 790188f1-87b3-42c2-ba1a-097c6f1c6368
2023-08-30 06:49:50,035 [main] INFO  balancer.FindTargetGreedyByUsageInfo (AbstractFindTargetGreedy.java:findTargetForContainerMove(133)) - Container Balancer could not find a target for source datanode 790188f1-87b3-42c2-ba1a-097c6f1c6368
2023-08-30 06:49:50,035 [main] DEBUG balancer.ContainerBalancerTask (ContainerBalancerTask.java:matchSourceWithTarget(717)) - ContainerBalancer could not find a suitable target for source node 790188f1-87b3-42c2-ba1a-097c6f1c6368.
2023-08-30 06:49:50,038 [main] DEBUG balancer.ContainerBalancerTask (ContainerBalancerTask.java:matchSourceWithTarget(708)) - ContainerBalancer is finding suitable target for source datanode 5791c632-c85b-4af5-8636-3df40889a101
2023-08-30 06:49:50,038 [main] INFO  balancer.FindTargetGreedyByUsageInfo (AbstractFindTargetGreedy.java:findTargetForContainerMove(133)) - Container Balancer could not find a target for source datanode 5791c632-c85b-4af5-8636-3df40889a101
2023-08-30 06:49:50,038 [main] DEBUG balancer.ContainerBalancerTask (ContainerBalancerTask.java:matchSourceWithTarget(717)) - ContainerBalancer could not find a suitable target for source node 5791c632-c85b-4af5-8636-3df40889a101.
2023-08-30 06:49:50,041 [main] DEBUG balancer.ContainerBalancerTask (ContainerBalancerTask.java:matchSourceWithTarget(708)) - ContainerBalancer is finding suitable target for source datanode 93db4f2d-595b-401e-bcb1-eb56b952f428
2023-08-30 06:49:50,041 [main] INFO  balancer.FindTargetGreedyByUsageInfo (AbstractFindTargetGreedy.java:findTargetForContainerMove(133)) - Container Balancer could not find a target for source datanode 93db4f2d-595b-401e-bcb1-eb56b952f428
2023-08-30 06:49:50,041 [main] DEBUG balancer.ContainerBalancerTask (ContainerBalancerTask.java:matchSourceWithTarget(717)) - ContainerBalancer could not find a suitable target for source node 93db4f2d-595b-401e-bcb1-eb56b952f428.
2023-08-30 06:49:50,044 [main] DEBUG balancer.ContainerBalancerTask (ContainerBalancerTask.java:matchSourceWithTarget(708)) - ContainerBalancer is finding suitable target for source datanode dee568cf-4ff4-481c-b18e-23649ac8d82c
2023-08-30 06:49:50,044 [main] INFO  balancer.FindTargetGreedyByUsageInfo (AbstractFindTargetGreedy.java:findTargetForContainerMove(133)) - Container Balancer could not find a target for source datanode dee568cf-4ff4-481c-b18e-23649ac8d82c
2023-08-30 06:49:50,044 [main] DEBUG balancer.ContainerBalancerTask (ContainerBalancerTask.java:matchSourceWithTarget(717)) - ContainerBalancer could not find a suitable target for source node dee568cf-4ff4-481c-b18e-23649ac8d82c.
2023-08-30 06:49:50,047 [main] DEBUG balancer.ContainerBalancerTask (ContainerBalancerTask.java:matchSourceWithTarget(708)) - ContainerBalancer is finding suitable target for source datanode 3f47eedd-b409-488f-bf67-d2e7a5fcf835
2023-08-30 06:49:50,047 [main] INFO  balancer.FindTargetGreedyByUsageInfo (AbstractFindTargetGreedy.java:findTargetForContainerMove(133)) - Container Balancer could not find a target for source datanode 3f47eedd-b409-488f-bf67-d2e7a5fcf835
2023-08-30 06:49:50,047 [main] DEBUG balancer.ContainerBalancerTask (ContainerBalancerTask.java:matchSourceWithTarget(717)) - ContainerBalancer could not find a suitable target for source node 3f47eedd-b409-488f-bf67-d2e7a5fcf835.
2023-08-30 06:49:50,047 [main] INFO  balancer.FindSourceGreedy (FindSourceGreedy.java:getNextCandidateSourceDataNode(126)) - no more candidate source data node
2023-08-30 06:49:50,548 [main] WARN  balancer.ContainerBalancerTask (ContainerBalancerTask.java:cancelMovesThatExceedTimeoutDuration(674)) - Container move timed out for container #68 from source 790188f1-87b3-42c2-ba1a-097c6f1c6368 to target 5e50eb79-c249-4a62-9af4-26d9f287c534.
2023-08-30 06:49:50,548 [main] WARN  balancer.ContainerBalancerTask (ContainerBalancerTask.java:cancelMovesThatExceedTimeoutDuration(674)) - Container move timed out for container #89 from source 5791c632-c85b-4af5-8636-3df40889a101 to target b1e88b19-0346-4fc1-8452-c113abe4cfc7.
2023-08-30 06:49:50,548 [main] WARN  balancer.ContainerBalancerTask (ContainerBalancerTask.java:cancelMovesThatExceedTimeoutDuration(674)) - Container move timed out for container #67 from source 790188f1-87b3-42c2-ba1a-097c6f1c6368 to target 9405d821-5fa7-4a8c-bf95-22f0a884f290.
2023-08-30 06:49:50,549 [main] WARN  balancer.ContainerBalancerTask (ContainerBalancerTask.java:cancelMovesThatExceedTimeoutDuration(674)) - Container move timed out for container #29 from source 5791c632-c85b-4af5-8636-3df40889a101 to target 5e50eb79-c249-4a62-9af4-26d9f287c534.
2023-08-30 06:49:50,549 [main] WARN  balancer.ContainerBalancerTask (ContainerBalancerTask.java:cancelMovesThatExceedTimeoutDuration(674)) - Container move timed out for container #52 from source 93db4f2d-595b-401e-bcb1-eb56b952f428 to target 9405d821-5fa7-4a8c-bf95-22f0a884f290.
2023-08-30 06:49:50,549 [main] WARN  balancer.ContainerBalancerTask (ContainerBalancerTask.java:cancelMovesThatExceedTimeoutDuration(674)) - Container move timed out for container #82 from source 5791c632-c85b-4af5-8636-3df40889a101 to target 9405d821-5fa7-4a8c-bf95-22f0a884f290.
2023-08-30 06:49:50,549 [main] WARN  balancer.ContainerBalancerTask (ContainerBalancerTask.java:cancelMovesThatExceedTimeoutDuration(674)) - Container move timed out for container #81 from source 790188f1-87b3-42c2-ba1a-097c6f1c6368 to target b1e88b19-0346-4fc1-8452-c113abe4cfc7.
2023-08-30 06:49:50,549 [main] WARN  balancer.ContainerBalancerTask (ContainerBalancerTask.java:checkIterationMoveResults(620)) - 7 Container moves are canceled.
2023-08-30 06:49:50,549 [main] INFO  balancer.ContainerBalancerTask (ContainerBalancerTask.java:checkIterationMoveResults(642)) - Iteration Summary. Number of Datanodes involved: 6. Size moved: 5 GB (5368709120 Bytes). Number of Container moves completed: 1.
2023-08-30 06:49:50,549 [main] INFO  balancer.ContainerBalancerTask (ContainerBalancerTask.java:balance(259)) - Result of this iteration of Container Balancer: ITERATION_COMPLETED
2023-08-30 06:49:50,550 [main] INFO  balancer.ContainerBalancerTask (ContainerBalancerTask.java:tryStopWithSaveConfiguration(308)) - Save Configuration for stopping. Reason: Completed all iterations.
]]></system-out>
  </testcase>
  <testcase name="targetDatanodeShouldNotAlreadyContainSelectedContainer" classname="org.apache.hadoop.hdds.scm.container.balancer.TestContainerBalancerTask" time="0.173">
    <system-out><![CDATA[2023-08-30 06:49:50,583 [main] INFO  net.NodeSchemaLoader (NodeSchemaLoader.java:loadSchemaFromFile(129)) - Loading schema from [file:/home/runner/work/ozone/ozone/hadoop-hdds/common/target/classes/network-topology-default.xml]
2023-08-30 06:49:50,583 [main] INFO  net.NodeSchemaLoader (NodeSchemaLoader.java:loadSchema(176)) - Loading network topology layer schema file
2023-08-30 06:49:50,586 [main] INFO  net.NetworkTopologyImpl (NetworkTopologyImpl.java:add(112)) - Added a new node: /default-rack/f45a0c17-c156-4805-b0f3-f6dbfa957751
2023-08-30 06:49:50,586 [main] INFO  net.NetworkTopologyImpl (NetworkTopologyImpl.java:add(112)) - Added a new node: /default-rack/c355ef55-0f72-45c7-a8ef-1c39a1027aa2
2023-08-30 06:49:50,587 [main] INFO  net.NetworkTopologyImpl (NetworkTopologyImpl.java:add(112)) - Added a new node: /default-rack/389ab07c-5c77-4adb-b3b7-a5a78399e465
2023-08-30 06:49:50,587 [main] INFO  net.NetworkTopologyImpl (NetworkTopologyImpl.java:add(112)) - Added a new node: /default-rack/6cf50eb1-b187-42d1-990f-151fb49bc34f
2023-08-30 06:49:50,587 [main] INFO  net.NetworkTopologyImpl (NetworkTopologyImpl.java:add(112)) - Added a new node: /default-rack/4cb3c860-6110-4e33-9309-a97f69e7ce39
2023-08-30 06:49:50,587 [main] INFO  net.NetworkTopologyImpl (NetworkTopologyImpl.java:add(112)) - Added a new node: /default-rack/fb7e1754-bc33-434d-9902-fcf0b1d33c3d
2023-08-30 06:49:50,587 [main] INFO  net.NetworkTopologyImpl (NetworkTopologyImpl.java:add(112)) - Added a new node: /default-rack/00f64824-452d-4a4d-ad02-32bda544c632
2023-08-30 06:49:50,587 [main] INFO  net.NetworkTopologyImpl (NetworkTopologyImpl.java:add(112)) - Added a new node: /default-rack/59056143-5f0b-47c9-b556-cc53c1383625
2023-08-30 06:49:50,587 [main] INFO  net.NetworkTopologyImpl (NetworkTopologyImpl.java:add(112)) - Added a new node: /default-rack/d5d7adeb-9470-43ea-9062-e663b88d74f7
2023-08-30 06:49:50,588 [main] INFO  net.NetworkTopologyImpl (NetworkTopologyImpl.java:add(112)) - Added a new node: /default-rack/55814a6e-10ab-458c-90a4-bb8a493d96d5
2023-08-30 06:49:50,595 [main] INFO  algorithms.ContainerPlacementPolicyFactory (ContainerPlacementPolicyFactory.java:getPolicyInternal(86)) - Create container placement policy of type org.apache.hadoop.hdds.scm.container.placement.algorithms.SCMContainerPlacementRackAware
2023-08-30 06:49:50,595 [main] INFO  algorithms.ContainerPlacementPolicyFactory (ContainerPlacementPolicyFactory.java:getPolicyInternal(86)) - Create container placement policy of type org.apache.hadoop.hdds.scm.container.placement.algorithms.SCMContainerPlacementRackScatter
2023-08-30 06:49:50,599 [main] DEBUG balancer.ContainerBalancerTask (ContainerBalancerTask.java:initializeIteration(374)) - Average utilization of the cluster is 0.34884788526962984
2023-08-30 06:49:50,599 [main] DEBUG balancer.ContainerBalancerTask (ContainerBalancerTask.java:initializeIteration(386)) - Lower limit for utilization is 0.24884788526962984 and Upper limit for utilization is 0.4488478852696298
2023-08-30 06:49:50,599 [main] DEBUG balancer.ContainerBalancerTask (ContainerBalancerTask.java:initializeIteration(398)) - Utilization for node c355ef55-0f72-45c7-a8ef-1c39a1027aa2 with capacity 72775834737B, used 65498251264B, and remaining 7277583473B is 0.9000000000096186
2023-08-30 06:49:50,599 [main] DEBUG balancer.ContainerBalancerTask (ContainerBalancerTask.java:initializeIteration(398)) - Utilization for node 59056143-5f0b-47c9-b556-cc53c1383625 with capacity 49660559360B, used 39728447488B, and remaining 9932111872B is 0.8
2023-08-30 06:49:50,599 [main] DEBUG balancer.ContainerBalancerTask (ContainerBalancerTask.java:initializeIteration(398)) - Utilization for node fb7e1754-bc33-434d-9902-fcf0b1d33c3d with capacity 73628010788B, used 51539607552B, and remaining 22088403236B is 0.7000000000054327
2023-08-30 06:49:50,599 [main] DEBUG balancer.ContainerBalancerTask (ContainerBalancerTask.java:initializeIteration(398)) - Utilization for node d5d7adeb-9470-43ea-9062-e663b88d74f7 with capacity 82320206506B, used 49392123904B, and remaining 32928082602B is 0.6000000000048591
2023-08-30 06:49:50,599 [main] DEBUG balancer.ContainerBalancerTask (ContainerBalancerTask.java:initializeIteration(398)) - Utilization for node 00f64824-452d-4a4d-ad02-32bda544c632 with capacity 107374182400B, used 53687091200B, and remaining 53687091200B is 0.5
2023-08-30 06:49:50,599 [main] DEBUG balancer.ContainerBalancerTask (ContainerBalancerTask.java:initializeIteration(398)) - Utilization for node 6cf50eb1-b187-42d1-990f-151fb49bc34f with capacity 136902082560B, used 54760833024B, and remaining 82141249536B is 0.4
2023-08-30 06:49:50,599 [main] DEBUG balancer.ContainerBalancerTask (ContainerBalancerTask.java:initializeIteration(398)) - Utilization for node 55814a6e-10ab-458c-90a4-bb8a493d96d5 with capacity 89478485333B, used 26843545600B, and remaining 62634939733B is 0.3000000000011176
2023-08-30 06:49:50,600 [main] DEBUG balancer.ContainerBalancerTask (ContainerBalancerTask.java:initializeIteration(398)) - Utilization for node 389ab07c-5c77-4adb-b3b7-a5a78399e465 with capacity 220117073920B, used 44023414784B, and remaining 176093659136B is 0.2
2023-08-30 06:49:50,600 [main] DEBUG balancer.ContainerBalancerTask (ContainerBalancerTask.java:initializeIteration(398)) - Utilization for node f45a0c17-c156-4805-b0f3-f6dbfa957751 with capacity 322122547200B, used 32212254720B, and remaining 289910292480B is 0.1
2023-08-30 06:49:50,600 [main] DEBUG balancer.ContainerBalancerTask (ContainerBalancerTask.java:initializeIteration(398)) - Utilization for node 4cb3c860-6110-4e33-9309-a97f69e7ce39 with capacity 42949672960B, used 0B, and remaining 42949672960B is 0.0
2023-08-30 06:49:50,600 [main] INFO  balancer.ContainerBalancerTask (ContainerBalancerTask.java:initializeIteration(447)) - Container Balancer has identified 5 Over-Utilized and 3 Under-Utilized Datanodes that need to be balanced.
2023-08-30 06:49:50,600 [main] DEBUG balancer.ContainerBalancerTask (ContainerBalancerTask.java:lambda$initializeIteration$1(453)) - Datanode localhost-230.191.224.156 c355ef55-0f72-45c7-a8ef-1c39a1027aa2 is Over-Utilized.
2023-08-30 06:49:50,600 [main] DEBUG balancer.ContainerBalancerTask (ContainerBalancerTask.java:lambda$initializeIteration$1(453)) - Datanode localhost-209.105.236.50 59056143-5f0b-47c9-b556-cc53c1383625 is Over-Utilized.
2023-08-30 06:49:50,600 [main] DEBUG balancer.ContainerBalancerTask (ContainerBalancerTask.java:lambda$initializeIteration$1(453)) - Datanode localhost-211.83.98.72 fb7e1754-bc33-434d-9902-fcf0b1d33c3d is Over-Utilized.
2023-08-30 06:49:50,600 [main] DEBUG balancer.ContainerBalancerTask (ContainerBalancerTask.java:lambda$initializeIteration$1(453)) - Datanode localhost-112.113.71.172 d5d7adeb-9470-43ea-9062-e663b88d74f7 is Over-Utilized.
2023-08-30 06:49:50,600 [main] DEBUG balancer.ContainerBalancerTask (ContainerBalancerTask.java:lambda$initializeIteration$1(453)) - Datanode localhost-86.208.180.166 00f64824-452d-4a4d-ad02-32bda544c632 is Over-Utilized.
2023-08-30 06:49:50,600 [main] DEBUG balancer.ContainerBalancerTask (ContainerBalancerTask.java:lambda$initializeIteration$2(459)) - Datanode localhost-205.229.75.26 4cb3c860-6110-4e33-9309-a97f69e7ce39 is Under-Utilized.
2023-08-30 06:49:50,601 [main] DEBUG balancer.ContainerBalancerTask (ContainerBalancerTask.java:lambda$initializeIteration$2(459)) - Datanode localhost-144.47.145.47 f45a0c17-c156-4805-b0f3-f6dbfa957751 is Under-Utilized.
2023-08-30 06:49:50,601 [main] DEBUG balancer.ContainerBalancerTask (ContainerBalancerTask.java:lambda$initializeIteration$2(459)) - Datanode localhost-85.20.185.79 389ab07c-5c77-4adb-b3b7-a5a78399e465 is Under-Utilized.
2023-08-30 06:49:50,604 [main] DEBUG balancer.ContainerBalancerTask (ContainerBalancerTask.java:matchSourceWithTarget(708)) - ContainerBalancer is finding suitable target for source datanode c355ef55-0f72-45c7-a8ef-1c39a1027aa2
2023-08-30 06:49:50,604 [main] INFO  balancer.ContainerBalancerTask (ContainerBalancerTask.java:matchSourceWithTarget(722)) - ContainerBalancer matched source datanode c355ef55-0f72-45c7-a8ef-1c39a1027aa2 with target datanode 4cb3c860-6110-4e33-9309-a97f69e7ce39 for container move.
2023-08-30 06:49:50,604 [main] INFO  balancer.ContainerBalancerTask (ContainerBalancerTask.java:processMoveSelection(569)) - ContainerBalancer is trying to move container #85 with size 5368709120B from source datanode c355ef55-0f72-45c7-a8ef-1c39a1027aa2 to target datanode 4cb3c860-6110-4e33-9309-a97f69e7ce39
2023-08-30 06:49:50,605 [main] DEBUG balancer.ContainerBalancerTask (ContainerBalancerTask.java:lambda$moveContainer$3(837)) - Container move completed for container #85 from source c355ef55-0f72-45c7-a8ef-1c39a1027aa2 to target 4cb3c860-6110-4e33-9309-a97f69e7ce39
2023-08-30 06:49:50,608 [main] DEBUG balancer.ContainerBalancerTask (ContainerBalancerTask.java:matchSourceWithTarget(708)) - ContainerBalancer is finding suitable target for source datanode c355ef55-0f72-45c7-a8ef-1c39a1027aa2
2023-08-30 06:49:50,608 [main] INFO  balancer.ContainerBalancerTask (ContainerBalancerTask.java:matchSourceWithTarget(722)) - ContainerBalancer matched source datanode c355ef55-0f72-45c7-a8ef-1c39a1027aa2 with target datanode f45a0c17-c156-4805-b0f3-f6dbfa957751 for container move.
2023-08-30 06:49:50,608 [main] INFO  balancer.ContainerBalancerTask (ContainerBalancerTask.java:processMoveSelection(569)) - ContainerBalancer is trying to move container #68 with size 5368709120B from source datanode c355ef55-0f72-45c7-a8ef-1c39a1027aa2 to target datanode f45a0c17-c156-4805-b0f3-f6dbfa957751
2023-08-30 06:49:50,608 [main] DEBUG balancer.ContainerBalancerTask (ContainerBalancerTask.java:lambda$moveContainer$3(837)) - Container move completed for container #68 from source c355ef55-0f72-45c7-a8ef-1c39a1027aa2 to target f45a0c17-c156-4805-b0f3-f6dbfa957751
2023-08-30 06:49:50,611 [main] DEBUG balancer.ContainerBalancerTask (ContainerBalancerTask.java:matchSourceWithTarget(708)) - ContainerBalancer is finding suitable target for source datanode 59056143-5f0b-47c9-b556-cc53c1383625
2023-08-30 06:49:50,611 [main] INFO  balancer.ContainerBalancerTask (ContainerBalancerTask.java:matchSourceWithTarget(722)) - ContainerBalancer matched source datanode 59056143-5f0b-47c9-b556-cc53c1383625 with target datanode f45a0c17-c156-4805-b0f3-f6dbfa957751 for container move.
2023-08-30 06:49:50,611 [main] INFO  balancer.ContainerBalancerTask (ContainerBalancerTask.java:processMoveSelection(569)) - ContainerBalancer is trying to move container #67 with size 4294967296B from source datanode 59056143-5f0b-47c9-b556-cc53c1383625 to target datanode f45a0c17-c156-4805-b0f3-f6dbfa957751
2023-08-30 06:49:50,611 [main] DEBUG balancer.ContainerBalancerTask (ContainerBalancerTask.java:lambda$moveContainer$3(837)) - Container move completed for container #67 from source 59056143-5f0b-47c9-b556-cc53c1383625 to target f45a0c17-c156-4805-b0f3-f6dbfa957751
2023-08-30 06:49:50,614 [main] DEBUG balancer.ContainerBalancerTask (ContainerBalancerTask.java:matchSourceWithTarget(708)) - ContainerBalancer is finding suitable target for source datanode c355ef55-0f72-45c7-a8ef-1c39a1027aa2
2023-08-30 06:49:50,615 [main] INFO  balancer.ContainerBalancerTask (ContainerBalancerTask.java:matchSourceWithTarget(722)) - ContainerBalancer matched source datanode c355ef55-0f72-45c7-a8ef-1c39a1027aa2 with target datanode 4cb3c860-6110-4e33-9309-a97f69e7ce39 for container move.
2023-08-30 06:49:50,615 [main] INFO  balancer.ContainerBalancerTask (ContainerBalancerTask.java:processMoveSelection(569)) - ContainerBalancer is trying to move container #53 with size 5368709120B from source datanode c355ef55-0f72-45c7-a8ef-1c39a1027aa2 to target datanode 4cb3c860-6110-4e33-9309-a97f69e7ce39
2023-08-30 06:49:50,615 [main] DEBUG balancer.ContainerBalancerTask (ContainerBalancerTask.java:lambda$moveContainer$3(837)) - Container move completed for container #53 from source c355ef55-0f72-45c7-a8ef-1c39a1027aa2 to target 4cb3c860-6110-4e33-9309-a97f69e7ce39
2023-08-30 06:49:50,617 [main] DEBUG balancer.ContainerBalancerTask (ContainerBalancerTask.java:matchSourceWithTarget(708)) - ContainerBalancer is finding suitable target for source datanode 59056143-5f0b-47c9-b556-cc53c1383625
2023-08-30 06:49:50,618 [main] INFO  balancer.ContainerBalancerTask (ContainerBalancerTask.java:matchSourceWithTarget(722)) - ContainerBalancer matched source datanode 59056143-5f0b-47c9-b556-cc53c1383625 with target datanode f45a0c17-c156-4805-b0f3-f6dbfa957751 for container move.
2023-08-30 06:49:50,618 [main] INFO  balancer.ContainerBalancerTask (ContainerBalancerTask.java:processMoveSelection(569)) - ContainerBalancer is trying to move container #39 with size 4294967296B from source datanode 59056143-5f0b-47c9-b556-cc53c1383625 to target datanode f45a0c17-c156-4805-b0f3-f6dbfa957751
2023-08-30 06:49:50,618 [main] DEBUG balancer.ContainerBalancerTask (ContainerBalancerTask.java:lambda$moveContainer$3(837)) - Container move completed for container #39 from source 59056143-5f0b-47c9-b556-cc53c1383625 to target f45a0c17-c156-4805-b0f3-f6dbfa957751
2023-08-30 06:49:50,621 [main] DEBUG balancer.ContainerBalancerTask (ContainerBalancerTask.java:matchSourceWithTarget(708)) - ContainerBalancer is finding suitable target for source datanode fb7e1754-bc33-434d-9902-fcf0b1d33c3d
2023-08-30 06:49:50,621 [main] INFO  balancer.ContainerBalancerTask (ContainerBalancerTask.java:matchSourceWithTarget(722)) - ContainerBalancer matched source datanode fb7e1754-bc33-434d-9902-fcf0b1d33c3d with target datanode f45a0c17-c156-4805-b0f3-f6dbfa957751 for container move.
2023-08-30 06:49:50,621 [main] INFO  balancer.ContainerBalancerTask (ContainerBalancerTask.java:processMoveSelection(569)) - ContainerBalancer is trying to move container #84 with size 4294967296B from source datanode fb7e1754-bc33-434d-9902-fcf0b1d33c3d to target datanode f45a0c17-c156-4805-b0f3-f6dbfa957751
2023-08-30 06:49:50,621 [main] DEBUG balancer.ContainerBalancerTask (ContainerBalancerTask.java:lambda$moveContainer$3(837)) - Container move completed for container #84 from source fb7e1754-bc33-434d-9902-fcf0b1d33c3d to target f45a0c17-c156-4805-b0f3-f6dbfa957751
2023-08-30 06:49:50,625 [main] DEBUG balancer.ContainerBalancerTask (ContainerBalancerTask.java:matchSourceWithTarget(708)) - ContainerBalancer is finding suitable target for source datanode c355ef55-0f72-45c7-a8ef-1c39a1027aa2
2023-08-30 06:49:50,625 [main] INFO  balancer.ContainerBalancerTask (ContainerBalancerTask.java:matchSourceWithTarget(722)) - ContainerBalancer matched source datanode c355ef55-0f72-45c7-a8ef-1c39a1027aa2 with target datanode f45a0c17-c156-4805-b0f3-f6dbfa957751 for container move.
2023-08-30 06:49:50,625 [main] INFO  balancer.ContainerBalancerTask (ContainerBalancerTask.java:processMoveSelection(569)) - ContainerBalancer is trying to move container #88 with size 3221225472B from source datanode c355ef55-0f72-45c7-a8ef-1c39a1027aa2 to target datanode f45a0c17-c156-4805-b0f3-f6dbfa957751
2023-08-30 06:49:50,625 [main] DEBUG balancer.ContainerBalancerTask (ContainerBalancerTask.java:lambda$moveContainer$3(837)) - Container move completed for container #88 from source c355ef55-0f72-45c7-a8ef-1c39a1027aa2 to target f45a0c17-c156-4805-b0f3-f6dbfa957751
2023-08-30 06:49:50,628 [main] DEBUG balancer.ContainerBalancerTask (ContainerBalancerTask.java:matchSourceWithTarget(708)) - ContainerBalancer is finding suitable target for source datanode fb7e1754-bc33-434d-9902-fcf0b1d33c3d
2023-08-30 06:49:50,629 [main] INFO  balancer.ContainerBalancerTask (ContainerBalancerTask.java:matchSourceWithTarget(722)) - ContainerBalancer matched source datanode fb7e1754-bc33-434d-9902-fcf0b1d33c3d with target datanode f45a0c17-c156-4805-b0f3-f6dbfa957751 for container move.
2023-08-30 06:49:50,629 [main] INFO  balancer.ContainerBalancerTask (ContainerBalancerTask.java:processMoveSelection(569)) - ContainerBalancer is trying to move container #19 with size 4294967296B from source datanode fb7e1754-bc33-434d-9902-fcf0b1d33c3d to target datanode f45a0c17-c156-4805-b0f3-f6dbfa957751
2023-08-30 06:49:50,629 [main] DEBUG balancer.ContainerBalancerTask (ContainerBalancerTask.java:lambda$moveContainer$3(837)) - Container move completed for container #19 from source fb7e1754-bc33-434d-9902-fcf0b1d33c3d to target f45a0c17-c156-4805-b0f3-f6dbfa957751
2023-08-30 06:49:50,632 [main] DEBUG balancer.ContainerBalancerTask (ContainerBalancerTask.java:matchSourceWithTarget(708)) - ContainerBalancer is finding suitable target for source datanode c355ef55-0f72-45c7-a8ef-1c39a1027aa2
2023-08-30 06:49:50,632 [main] INFO  balancer.ContainerBalancerTask (ContainerBalancerTask.java:matchSourceWithTarget(722)) - ContainerBalancer matched source datanode c355ef55-0f72-45c7-a8ef-1c39a1027aa2 with target datanode f45a0c17-c156-4805-b0f3-f6dbfa957751 for container move.
2023-08-30 06:49:50,633 [main] INFO  balancer.ContainerBalancerTask (ContainerBalancerTask.java:processMoveSelection(569)) - ContainerBalancer is trying to move container #83 with size 3221225472B from source datanode c355ef55-0f72-45c7-a8ef-1c39a1027aa2 to target datanode f45a0c17-c156-4805-b0f3-f6dbfa957751
2023-08-30 06:49:50,633 [main] DEBUG balancer.ContainerBalancerTask (ContainerBalancerTask.java:lambda$moveContainer$3(837)) - Container move completed for container #83 from source c355ef55-0f72-45c7-a8ef-1c39a1027aa2 to target f45a0c17-c156-4805-b0f3-f6dbfa957751
2023-08-30 06:49:50,636 [main] DEBUG balancer.ContainerBalancerTask (ContainerBalancerTask.java:matchSourceWithTarget(708)) - ContainerBalancer is finding suitable target for source datanode 59056143-5f0b-47c9-b556-cc53c1383625
2023-08-30 06:49:50,636 [main] INFO  balancer.ContainerBalancerTask (ContainerBalancerTask.java:matchSourceWithTarget(722)) - ContainerBalancer matched source datanode 59056143-5f0b-47c9-b556-cc53c1383625 with target datanode f45a0c17-c156-4805-b0f3-f6dbfa957751 for container move.
2023-08-30 06:49:50,636 [main] INFO  balancer.ContainerBalancerTask (ContainerBalancerTask.java:processMoveSelection(569)) - ContainerBalancer is trying to move container #71 with size 3221225472B from source datanode 59056143-5f0b-47c9-b556-cc53c1383625 to target datanode f45a0c17-c156-4805-b0f3-f6dbfa957751
2023-08-30 06:49:50,636 [main] DEBUG balancer.ContainerBalancerTask (ContainerBalancerTask.java:lambda$moveContainer$3(837)) - Container move completed for container #71 from source 59056143-5f0b-47c9-b556-cc53c1383625 to target f45a0c17-c156-4805-b0f3-f6dbfa957751
2023-08-30 06:49:50,640 [main] DEBUG balancer.ContainerBalancerTask (ContainerBalancerTask.java:matchSourceWithTarget(708)) - ContainerBalancer is finding suitable target for source datanode d5d7adeb-9470-43ea-9062-e663b88d74f7
2023-08-30 06:49:50,640 [main] INFO  balancer.ContainerBalancerTask (ContainerBalancerTask.java:matchSourceWithTarget(722)) - ContainerBalancer matched source datanode d5d7adeb-9470-43ea-9062-e663b88d74f7 with target datanode f45a0c17-c156-4805-b0f3-f6dbfa957751 for container move.
2023-08-30 06:49:50,640 [main] INFO  balancer.ContainerBalancerTask (ContainerBalancerTask.java:processMoveSelection(569)) - ContainerBalancer is trying to move container #40 with size 5368709120B from source datanode d5d7adeb-9470-43ea-9062-e663b88d74f7 to target datanode f45a0c17-c156-4805-b0f3-f6dbfa957751
2023-08-30 06:49:50,640 [main] DEBUG balancer.ContainerBalancerTask (ContainerBalancerTask.java:lambda$moveContainer$3(837)) - Container move completed for container #40 from source d5d7adeb-9470-43ea-9062-e663b88d74f7 to target f45a0c17-c156-4805-b0f3-f6dbfa957751
2023-08-30 06:49:50,644 [main] DEBUG balancer.ContainerBalancerTask (ContainerBalancerTask.java:matchSourceWithTarget(708)) - ContainerBalancer is finding suitable target for source datanode c355ef55-0f72-45c7-a8ef-1c39a1027aa2
2023-08-30 06:49:50,644 [main] INFO  balancer.ContainerBalancerTask (ContainerBalancerTask.java:matchSourceWithTarget(722)) - ContainerBalancer matched source datanode c355ef55-0f72-45c7-a8ef-1c39a1027aa2 with target datanode 389ab07c-5c77-4adb-b3b7-a5a78399e465 for container move.
2023-08-30 06:49:50,644 [main] INFO  balancer.ContainerBalancerTask (ContainerBalancerTask.java:processMoveSelection(569)) - ContainerBalancer is trying to move container #89 with size 4294967296B from source datanode c355ef55-0f72-45c7-a8ef-1c39a1027aa2 to target datanode 389ab07c-5c77-4adb-b3b7-a5a78399e465
2023-08-30 06:49:50,644 [main] DEBUG balancer.ContainerBalancerTask (ContainerBalancerTask.java:lambda$moveContainer$3(837)) - Container move completed for container #89 from source c355ef55-0f72-45c7-a8ef-1c39a1027aa2 to target 389ab07c-5c77-4adb-b3b7-a5a78399e465
2023-08-30 06:49:50,648 [main] DEBUG balancer.ContainerBalancerTask (ContainerBalancerTask.java:matchSourceWithTarget(708)) - ContainerBalancer is finding suitable target for source datanode fb7e1754-bc33-434d-9902-fcf0b1d33c3d
2023-08-30 06:49:50,648 [main] INFO  balancer.ContainerBalancerTask (ContainerBalancerTask.java:matchSourceWithTarget(722)) - ContainerBalancer matched source datanode fb7e1754-bc33-434d-9902-fcf0b1d33c3d with target datanode f45a0c17-c156-4805-b0f3-f6dbfa957751 for container move.
2023-08-30 06:49:50,648 [main] INFO  balancer.ContainerBalancerTask (ContainerBalancerTask.java:processMoveSelection(569)) - ContainerBalancer is trying to move container #51 with size 3221225472B from source datanode fb7e1754-bc33-434d-9902-fcf0b1d33c3d to target datanode f45a0c17-c156-4805-b0f3-f6dbfa957751
2023-08-30 06:49:50,648 [main] DEBUG balancer.ContainerBalancerTask (ContainerBalancerTask.java:lambda$moveContainer$3(837)) - Container move completed for container #51 from source fb7e1754-bc33-434d-9902-fcf0b1d33c3d to target f45a0c17-c156-4805-b0f3-f6dbfa957751
2023-08-30 06:49:50,651 [main] DEBUG balancer.ContainerBalancerTask (ContainerBalancerTask.java:matchSourceWithTarget(708)) - ContainerBalancer is finding suitable target for source datanode 59056143-5f0b-47c9-b556-cc53c1383625
2023-08-30 06:49:50,651 [main] INFO  balancer.ContainerBalancerTask (ContainerBalancerTask.java:matchSourceWithTarget(722)) - ContainerBalancer matched source datanode 59056143-5f0b-47c9-b556-cc53c1383625 with target datanode 389ab07c-5c77-4adb-b3b7-a5a78399e465 for container move.
2023-08-30 06:49:50,651 [main] INFO  balancer.ContainerBalancerTask (ContainerBalancerTask.java:processMoveSelection(569)) - ContainerBalancer is trying to move container #70 with size 2147483648B from source datanode 59056143-5f0b-47c9-b556-cc53c1383625 to target datanode 389ab07c-5c77-4adb-b3b7-a5a78399e465
2023-08-30 06:49:50,652 [main] DEBUG balancer.ContainerBalancerTask (ContainerBalancerTask.java:lambda$moveContainer$3(837)) - Container move completed for container #70 from source 59056143-5f0b-47c9-b556-cc53c1383625 to target 389ab07c-5c77-4adb-b3b7-a5a78399e465
2023-08-30 06:49:50,655 [main] DEBUG balancer.ContainerBalancerTask (ContainerBalancerTask.java:matchSourceWithTarget(708)) - ContainerBalancer is finding suitable target for source datanode fb7e1754-bc33-434d-9902-fcf0b1d33c3d
2023-08-30 06:49:50,655 [main] INFO  balancer.ContainerBalancerTask (ContainerBalancerTask.java:matchSourceWithTarget(722)) - ContainerBalancer matched source datanode fb7e1754-bc33-434d-9902-fcf0b1d33c3d with target datanode f45a0c17-c156-4805-b0f3-f6dbfa957751 for container move.
2023-08-30 06:49:50,655 [main] INFO  balancer.ContainerBalancerTask (ContainerBalancerTask.java:processMoveSelection(569)) - ContainerBalancer is trying to move container #38 with size 3221225472B from source datanode fb7e1754-bc33-434d-9902-fcf0b1d33c3d to target datanode f45a0c17-c156-4805-b0f3-f6dbfa957751
2023-08-30 06:49:50,655 [main] DEBUG balancer.ContainerBalancerTask (ContainerBalancerTask.java:lambda$moveContainer$3(837)) - Container move completed for container #38 from source fb7e1754-bc33-434d-9902-fcf0b1d33c3d to target f45a0c17-c156-4805-b0f3-f6dbfa957751
2023-08-30 06:49:50,659 [main] DEBUG balancer.ContainerBalancerTask (ContainerBalancerTask.java:matchSourceWithTarget(708)) - ContainerBalancer is finding suitable target for source datanode d5d7adeb-9470-43ea-9062-e663b88d74f7
2023-08-30 06:49:50,659 [main] INFO  balancer.ContainerBalancerTask (ContainerBalancerTask.java:matchSourceWithTarget(722)) - ContainerBalancer matched source datanode d5d7adeb-9470-43ea-9062-e663b88d74f7 with target datanode 389ab07c-5c77-4adb-b3b7-a5a78399e465 for container move.
2023-08-30 06:49:50,659 [main] INFO  balancer.ContainerBalancerTask (ContainerBalancerTask.java:processMoveSelection(569)) - ContainerBalancer is trying to move container #37 with size 2147483648B from source datanode d5d7adeb-9470-43ea-9062-e663b88d74f7 to target datanode 389ab07c-5c77-4adb-b3b7-a5a78399e465
2023-08-30 06:49:50,659 [main] DEBUG balancer.ContainerBalancerTask (ContainerBalancerTask.java:lambda$moveContainer$3(837)) - Container move completed for container #37 from source d5d7adeb-9470-43ea-9062-e663b88d74f7 to target 389ab07c-5c77-4adb-b3b7-a5a78399e465
2023-08-30 06:49:50,663 [main] DEBUG balancer.ContainerBalancerTask (ContainerBalancerTask.java:matchSourceWithTarget(708)) - ContainerBalancer is finding suitable target for source datanode c355ef55-0f72-45c7-a8ef-1c39a1027aa2
2023-08-30 06:49:50,663 [main] INFO  balancer.ContainerBalancerTask (ContainerBalancerTask.java:matchSourceWithTarget(722)) - ContainerBalancer matched source datanode c355ef55-0f72-45c7-a8ef-1c39a1027aa2 with target datanode f45a0c17-c156-4805-b0f3-f6dbfa957751 for container move.
2023-08-30 06:49:50,664 [main] INFO  balancer.ContainerBalancerTask (ContainerBalancerTask.java:processMoveSelection(569)) - ContainerBalancer is trying to move container #86 with size 1073741824B from source datanode c355ef55-0f72-45c7-a8ef-1c39a1027aa2 to target datanode f45a0c17-c156-4805-b0f3-f6dbfa957751
2023-08-30 06:49:50,664 [main] DEBUG balancer.ContainerBalancerTask (ContainerBalancerTask.java:lambda$moveContainer$3(837)) - Container move completed for container #86 from source c355ef55-0f72-45c7-a8ef-1c39a1027aa2 to target f45a0c17-c156-4805-b0f3-f6dbfa957751
2023-08-30 06:49:50,665 [main] DEBUG balancer.ContainerBalancerTask (ContainerBalancerTask.java:matchSourceWithTarget(708)) - ContainerBalancer is finding suitable target for source datanode 59056143-5f0b-47c9-b556-cc53c1383625
2023-08-30 06:49:50,666 [main] INFO  balancer.ContainerBalancerTask (ContainerBalancerTask.java:matchSourceWithTarget(722)) - ContainerBalancer matched source datanode 59056143-5f0b-47c9-b556-cc53c1383625 with target datanode 389ab07c-5c77-4adb-b3b7-a5a78399e465 for container move.
2023-08-30 06:49:50,666 [main] INFO  balancer.ContainerBalancerTask (ContainerBalancerTask.java:processMoveSelection(569)) - ContainerBalancer is trying to move container #65 with size 2147483648B from source datanode 59056143-5f0b-47c9-b556-cc53c1383625 to target datanode 389ab07c-5c77-4adb-b3b7-a5a78399e465
2023-08-30 06:49:50,666 [main] DEBUG balancer.ContainerBalancerTask (ContainerBalancerTask.java:lambda$moveContainer$3(837)) - Container move completed for container #65 from source 59056143-5f0b-47c9-b556-cc53c1383625 to target 389ab07c-5c77-4adb-b3b7-a5a78399e465
2023-08-30 06:49:50,670 [main] DEBUG balancer.ContainerBalancerTask (ContainerBalancerTask.java:matchSourceWithTarget(701)) - ContainerBalancer could not find any candidate containers for datanode c355ef55-0f72-45c7-a8ef-1c39a1027aa2
2023-08-30 06:49:50,672 [main] DEBUG balancer.ContainerBalancerTask (ContainerBalancerTask.java:matchSourceWithTarget(708)) - ContainerBalancer is finding suitable target for source datanode d5d7adeb-9470-43ea-9062-e663b88d74f7
2023-08-30 06:49:50,672 [main] INFO  balancer.ContainerBalancerTask (ContainerBalancerTask.java:matchSourceWithTarget(722)) - ContainerBalancer matched source datanode d5d7adeb-9470-43ea-9062-e663b88d74f7 with target datanode f45a0c17-c156-4805-b0f3-f6dbfa957751 for container move.
2023-08-30 06:49:50,672 [main] INFO  balancer.ContainerBalancerTask (ContainerBalancerTask.java:processMoveSelection(569)) - ContainerBalancer is trying to move container #66 with size 3221225472B from source datanode d5d7adeb-9470-43ea-9062-e663b88d74f7 to target datanode f45a0c17-c156-4805-b0f3-f6dbfa957751
2023-08-30 06:49:50,672 [main] DEBUG balancer.ContainerBalancerTask (ContainerBalancerTask.java:lambda$moveContainer$3(837)) - Container move completed for container #66 from source d5d7adeb-9470-43ea-9062-e663b88d74f7 to target f45a0c17-c156-4805-b0f3-f6dbfa957751
2023-08-30 06:49:50,674 [main] DEBUG balancer.ContainerBalancerTask (ContainerBalancerTask.java:matchSourceWithTarget(708)) - ContainerBalancer is finding suitable target for source datanode 00f64824-452d-4a4d-ad02-32bda544c632
2023-08-30 06:49:50,674 [main] INFO  balancer.ContainerBalancerTask (ContainerBalancerTask.java:matchSourceWithTarget(722)) - ContainerBalancer matched source datanode 00f64824-452d-4a4d-ad02-32bda544c632 with target datanode 389ab07c-5c77-4adb-b3b7-a5a78399e465 for container move.
2023-08-30 06:49:50,675 [main] INFO  balancer.ContainerBalancerTask (ContainerBalancerTask.java:processMoveSelection(569)) - ContainerBalancer is trying to move container #29 with size 5368709120B from source datanode 00f64824-452d-4a4d-ad02-32bda544c632 to target datanode 389ab07c-5c77-4adb-b3b7-a5a78399e465
2023-08-30 06:49:50,675 [main] DEBUG balancer.ContainerBalancerTask (ContainerBalancerTask.java:lambda$moveContainer$3(837)) - Container move completed for container #29 from source 00f64824-452d-4a4d-ad02-32bda544c632 to target 389ab07c-5c77-4adb-b3b7-a5a78399e465
2023-08-30 06:49:50,677 [main] DEBUG balancer.ContainerBalancerTask (ContainerBalancerTask.java:matchSourceWithTarget(708)) - ContainerBalancer is finding suitable target for source datanode fb7e1754-bc33-434d-9902-fcf0b1d33c3d
2023-08-30 06:49:50,677 [main] INFO  balancer.ContainerBalancerTask (ContainerBalancerTask.java:matchSourceWithTarget(722)) - ContainerBalancer matched source datanode fb7e1754-bc33-434d-9902-fcf0b1d33c3d with target datanode f45a0c17-c156-4805-b0f3-f6dbfa957751 for container move.
2023-08-30 06:49:50,677 [main] INFO  balancer.ContainerBalancerTask (ContainerBalancerTask.java:processMoveSelection(569)) - ContainerBalancer is trying to move container #27 with size 3221225472B from source datanode fb7e1754-bc33-434d-9902-fcf0b1d33c3d to target datanode f45a0c17-c156-4805-b0f3-f6dbfa957751
2023-08-30 06:49:50,678 [main] DEBUG balancer.ContainerBalancerTask (ContainerBalancerTask.java:lambda$moveContainer$3(837)) - Container move completed for container #27 from source fb7e1754-bc33-434d-9902-fcf0b1d33c3d to target f45a0c17-c156-4805-b0f3-f6dbfa957751
2023-08-30 06:49:50,679 [main] DEBUG balancer.ContainerBalancerTask (ContainerBalancerTask.java:matchSourceWithTarget(708)) - ContainerBalancer is finding suitable target for source datanode 59056143-5f0b-47c9-b556-cc53c1383625
2023-08-30 06:49:50,679 [main] INFO  balancer.ContainerBalancerTask (ContainerBalancerTask.java:matchSourceWithTarget(722)) - ContainerBalancer matched source datanode 59056143-5f0b-47c9-b556-cc53c1383625 with target datanode 4cb3c860-6110-4e33-9309-a97f69e7ce39 for container move.
2023-08-30 06:49:50,679 [main] INFO  balancer.ContainerBalancerTask (ContainerBalancerTask.java:processMoveSelection(569)) - ContainerBalancer is trying to move container #69 with size 1073741824B from source datanode 59056143-5f0b-47c9-b556-cc53c1383625 to target datanode 4cb3c860-6110-4e33-9309-a97f69e7ce39
2023-08-30 06:49:50,680 [main] DEBUG balancer.ContainerBalancerTask (ContainerBalancerTask.java:lambda$moveContainer$3(837)) - Container move completed for container #69 from source 59056143-5f0b-47c9-b556-cc53c1383625 to target 4cb3c860-6110-4e33-9309-a97f69e7ce39
2023-08-30 06:49:50,682 [main] DEBUG balancer.ContainerBalancerTask (ContainerBalancerTask.java:matchSourceWithTarget(708)) - ContainerBalancer is finding suitable target for source datanode d5d7adeb-9470-43ea-9062-e663b88d74f7
2023-08-30 06:49:50,682 [main] INFO  balancer.ContainerBalancerTask (ContainerBalancerTask.java:matchSourceWithTarget(722)) - ContainerBalancer matched source datanode d5d7adeb-9470-43ea-9062-e663b88d74f7 with target datanode f45a0c17-c156-4805-b0f3-f6dbfa957751 for container move.
2023-08-30 06:49:50,682 [main] INFO  balancer.ContainerBalancerTask (ContainerBalancerTask.java:processMoveSelection(569)) - ContainerBalancer is trying to move container #87 with size 2147483648B from source datanode d5d7adeb-9470-43ea-9062-e663b88d74f7 to target datanode f45a0c17-c156-4805-b0f3-f6dbfa957751
2023-08-30 06:49:50,682 [main] DEBUG balancer.ContainerBalancerTask (ContainerBalancerTask.java:lambda$moveContainer$3(837)) - Container move completed for container #87 from source d5d7adeb-9470-43ea-9062-e663b88d74f7 to target f45a0c17-c156-4805-b0f3-f6dbfa957751
2023-08-30 06:49:50,684 [main] DEBUG balancer.ContainerBalancerTask (ContainerBalancerTask.java:matchSourceWithTarget(708)) - ContainerBalancer is finding suitable target for source datanode 59056143-5f0b-47c9-b556-cc53c1383625
2023-08-30 06:49:50,684 [main] INFO  balancer.ContainerBalancerTask (ContainerBalancerTask.java:matchSourceWithTarget(722)) - ContainerBalancer matched source datanode 59056143-5f0b-47c9-b556-cc53c1383625 with target datanode 389ab07c-5c77-4adb-b3b7-a5a78399e465 for container move.
2023-08-30 06:49:50,684 [main] INFO  balancer.ContainerBalancerTask (ContainerBalancerTask.java:processMoveSelection(569)) - ContainerBalancer is trying to move container #64 with size 1073741824B from source datanode 59056143-5f0b-47c9-b556-cc53c1383625 to target datanode 389ab07c-5c77-4adb-b3b7-a5a78399e465
2023-08-30 06:49:50,684 [main] DEBUG balancer.ContainerBalancerTask (ContainerBalancerTask.java:lambda$moveContainer$3(837)) - Container move completed for container #64 from source 59056143-5f0b-47c9-b556-cc53c1383625 to target 389ab07c-5c77-4adb-b3b7-a5a78399e465
2023-08-30 06:49:50,686 [main] DEBUG balancer.ContainerBalancerTask (ContainerBalancerTask.java:matchSourceWithTarget(708)) - ContainerBalancer is finding suitable target for source datanode fb7e1754-bc33-434d-9902-fcf0b1d33c3d
2023-08-30 06:49:50,686 [main] INFO  balancer.ContainerBalancerTask (ContainerBalancerTask.java:matchSourceWithTarget(722)) - ContainerBalancer matched source datanode fb7e1754-bc33-434d-9902-fcf0b1d33c3d with target datanode 4cb3c860-6110-4e33-9309-a97f69e7ce39 for container move.
2023-08-30 06:49:50,686 [main] INFO  balancer.ContainerBalancerTask (ContainerBalancerTask.java:processMoveSelection(569)) - ContainerBalancer is trying to move container #52 with size 4294967296B from source datanode fb7e1754-bc33-434d-9902-fcf0b1d33c3d to target datanode 4cb3c860-6110-4e33-9309-a97f69e7ce39
2023-08-30 06:49:50,687 [main] DEBUG balancer.ContainerBalancerTask (ContainerBalancerTask.java:lambda$moveContainer$3(837)) - Container move completed for container #52 from source fb7e1754-bc33-434d-9902-fcf0b1d33c3d to target 4cb3c860-6110-4e33-9309-a97f69e7ce39
2023-08-30 06:49:50,688 [main] DEBUG balancer.ContainerBalancerTask (ContainerBalancerTask.java:matchSourceWithTarget(708)) - ContainerBalancer is finding suitable target for source datanode 00f64824-452d-4a4d-ad02-32bda544c632
2023-08-30 06:49:50,689 [main] INFO  balancer.ContainerBalancerTask (ContainerBalancerTask.java:matchSourceWithTarget(722)) - ContainerBalancer matched source datanode 00f64824-452d-4a4d-ad02-32bda544c632 with target datanode 389ab07c-5c77-4adb-b3b7-a5a78399e465 for container move.
2023-08-30 06:49:50,689 [main] INFO  balancer.ContainerBalancerTask (ContainerBalancerTask.java:processMoveSelection(569)) - ContainerBalancer is trying to move container #28 with size 4294967296B from source datanode 00f64824-452d-4a4d-ad02-32bda544c632 to target datanode 389ab07c-5c77-4adb-b3b7-a5a78399e465
2023-08-30 06:49:50,689 [main] DEBUG balancer.ContainerBalancerTask (ContainerBalancerTask.java:lambda$moveContainer$3(837)) - Container move completed for container #28 from source 00f64824-452d-4a4d-ad02-32bda544c632 to target 389ab07c-5c77-4adb-b3b7-a5a78399e465
2023-08-30 06:49:50,691 [main] DEBUG balancer.ContainerBalancerTask (ContainerBalancerTask.java:matchSourceWithTarget(708)) - ContainerBalancer is finding suitable target for source datanode d5d7adeb-9470-43ea-9062-e663b88d74f7
2023-08-30 06:49:50,691 [main] INFO  balancer.ContainerBalancerTask (ContainerBalancerTask.java:matchSourceWithTarget(722)) - ContainerBalancer matched source datanode d5d7adeb-9470-43ea-9062-e663b88d74f7 with target datanode 389ab07c-5c77-4adb-b3b7-a5a78399e465 for container move.
2023-08-30 06:49:50,691 [main] INFO  balancer.ContainerBalancerTask (ContainerBalancerTask.java:processMoveSelection(569)) - ContainerBalancer is trying to move container #81 with size 1073741824B from source datanode d5d7adeb-9470-43ea-9062-e663b88d74f7 to target datanode 389ab07c-5c77-4adb-b3b7-a5a78399e465
2023-08-30 06:49:50,692 [main] DEBUG balancer.ContainerBalancerTask (ContainerBalancerTask.java:lambda$moveContainer$3(837)) - Container move completed for container #81 from source d5d7adeb-9470-43ea-9062-e663b88d74f7 to target 389ab07c-5c77-4adb-b3b7-a5a78399e465
2023-08-30 06:49:50,693 [main] DEBUG balancer.ContainerBalancerTask (ContainerBalancerTask.java:matchSourceWithTarget(708)) - ContainerBalancer is finding suitable target for source datanode 59056143-5f0b-47c9-b556-cc53c1383625
2023-08-30 06:49:50,693 [main] INFO  balancer.ContainerBalancerTask (ContainerBalancerTask.java:matchSourceWithTarget(722)) - ContainerBalancer matched source datanode 59056143-5f0b-47c9-b556-cc53c1383625 with target datanode 389ab07c-5c77-4adb-b3b7-a5a78399e465 for container move.
2023-08-30 06:49:50,693 [main] INFO  balancer.ContainerBalancerTask (ContainerBalancerTask.java:processMoveSelection(569)) - ContainerBalancer is trying to move container #49 with size 1073741824B from source datanode 59056143-5f0b-47c9-b556-cc53c1383625 to target datanode 389ab07c-5c77-4adb-b3b7-a5a78399e465
2023-08-30 06:49:50,694 [main] DEBUG balancer.ContainerBalancerTask (ContainerBalancerTask.java:lambda$moveContainer$3(837)) - Container move completed for container #49 from source 59056143-5f0b-47c9-b556-cc53c1383625 to target 389ab07c-5c77-4adb-b3b7-a5a78399e465
2023-08-30 06:49:50,695 [main] DEBUG balancer.ContainerBalancerTask (ContainerBalancerTask.java:matchSourceWithTarget(708)) - ContainerBalancer is finding suitable target for source datanode d5d7adeb-9470-43ea-9062-e663b88d74f7
2023-08-30 06:49:50,696 [main] INFO  balancer.ContainerBalancerTask (ContainerBalancerTask.java:matchSourceWithTarget(722)) - ContainerBalancer matched source datanode d5d7adeb-9470-43ea-9062-e663b88d74f7 with target datanode 389ab07c-5c77-4adb-b3b7-a5a78399e465 for container move.
2023-08-30 06:49:50,696 [main] INFO  balancer.ContainerBalancerTask (ContainerBalancerTask.java:processMoveSelection(569)) - ContainerBalancer is trying to move container #41 with size 1073741824B from source datanode d5d7adeb-9470-43ea-9062-e663b88d74f7 to target datanode 389ab07c-5c77-4adb-b3b7-a5a78399e465
2023-08-30 06:49:50,696 [main] DEBUG balancer.ContainerBalancerTask (ContainerBalancerTask.java:lambda$moveContainer$3(837)) - Container move completed for container #41 from source d5d7adeb-9470-43ea-9062-e663b88d74f7 to target 389ab07c-5c77-4adb-b3b7-a5a78399e465
2023-08-30 06:49:50,698 [main] DEBUG balancer.ContainerBalancerTask (ContainerBalancerTask.java:matchSourceWithTarget(708)) - ContainerBalancer is finding suitable target for source datanode d5d7adeb-9470-43ea-9062-e663b88d74f7
2023-08-30 06:49:50,698 [main] INFO  balancer.ContainerBalancerTask (ContainerBalancerTask.java:matchSourceWithTarget(722)) - ContainerBalancer matched source datanode d5d7adeb-9470-43ea-9062-e663b88d74f7 with target datanode 389ab07c-5c77-4adb-b3b7-a5a78399e465 for container move.
2023-08-30 06:49:50,698 [main] INFO  balancer.ContainerBalancerTask (ContainerBalancerTask.java:processMoveSelection(569)) - ContainerBalancer is trying to move container #9 with size 1073741824B from source datanode d5d7adeb-9470-43ea-9062-e663b88d74f7 to target datanode 389ab07c-5c77-4adb-b3b7-a5a78399e465
2023-08-30 06:49:50,698 [main] DEBUG balancer.ContainerBalancerTask (ContainerBalancerTask.java:lambda$moveContainer$3(837)) - Container move completed for container #9 from source d5d7adeb-9470-43ea-9062-e663b88d74f7 to target 389ab07c-5c77-4adb-b3b7-a5a78399e465
2023-08-30 06:49:50,700 [main] DEBUG balancer.ContainerBalancerTask (ContainerBalancerTask.java:matchSourceWithTarget(708)) - ContainerBalancer is finding suitable target for source datanode 59056143-5f0b-47c9-b556-cc53c1383625
2023-08-30 06:49:50,700 [main] INFO  balancer.ContainerBalancerTask (ContainerBalancerTask.java:matchSourceWithTarget(722)) - ContainerBalancer matched source datanode 59056143-5f0b-47c9-b556-cc53c1383625 with target datanode 4cb3c860-6110-4e33-9309-a97f69e7ce39 for container move.
2023-08-30 06:49:50,700 [main] INFO  balancer.ContainerBalancerTask (ContainerBalancerTask.java:processMoveSelection(569)) - ContainerBalancer is trying to move container #25 with size 1073741824B from source datanode 59056143-5f0b-47c9-b556-cc53c1383625 to target datanode 4cb3c860-6110-4e33-9309-a97f69e7ce39
2023-08-30 06:49:50,700 [main] DEBUG balancer.ContainerBalancerTask (ContainerBalancerTask.java:lambda$moveContainer$3(837)) - Container move completed for container #25 from source 59056143-5f0b-47c9-b556-cc53c1383625 to target 4cb3c860-6110-4e33-9309-a97f69e7ce39
2023-08-30 06:49:50,702 [main] DEBUG balancer.ContainerBalancerTask (ContainerBalancerTask.java:matchSourceWithTarget(708)) - ContainerBalancer is finding suitable target for source datanode 00f64824-452d-4a4d-ad02-32bda544c632
2023-08-30 06:49:50,702 [main] INFO  balancer.ContainerBalancerTask (ContainerBalancerTask.java:matchSourceWithTarget(722)) - ContainerBalancer matched source datanode 00f64824-452d-4a4d-ad02-32bda544c632 with target datanode 389ab07c-5c77-4adb-b3b7-a5a78399e465 for container move.
2023-08-30 06:49:50,702 [main] INFO  balancer.ContainerBalancerTask (ContainerBalancerTask.java:processMoveSelection(569)) - ContainerBalancer is trying to move container #26 with size 2147483648B from source datanode 00f64824-452d-4a4d-ad02-32bda544c632 to target datanode 389ab07c-5c77-4adb-b3b7-a5a78399e465
2023-08-30 06:49:50,703 [main] DEBUG balancer.ContainerBalancerTask (ContainerBalancerTask.java:lambda$moveContainer$3(837)) - Container move completed for container #26 from source 00f64824-452d-4a4d-ad02-32bda544c632 to target 389ab07c-5c77-4adb-b3b7-a5a78399e465
2023-08-30 06:49:50,704 [main] DEBUG balancer.ContainerBalancerTask (ContainerBalancerTask.java:matchSourceWithTarget(708)) - ContainerBalancer is finding suitable target for source datanode d5d7adeb-9470-43ea-9062-e663b88d74f7
2023-08-30 06:49:50,705 [main] INFO  balancer.ContainerBalancerTask (ContainerBalancerTask.java:matchSourceWithTarget(722)) - ContainerBalancer matched source datanode d5d7adeb-9470-43ea-9062-e663b88d74f7 with target datanode 4cb3c860-6110-4e33-9309-a97f69e7ce39 for container move.
2023-08-30 06:49:50,705 [main] INFO  balancer.ContainerBalancerTask (ContainerBalancerTask.java:processMoveSelection(569)) - ContainerBalancer is trying to move container #36 with size 1073741824B from source datanode d5d7adeb-9470-43ea-9062-e663b88d74f7 to target datanode 4cb3c860-6110-4e33-9309-a97f69e7ce39
2023-08-30 06:49:50,705 [main] DEBUG balancer.ContainerBalancerTask (ContainerBalancerTask.java:lambda$moveContainer$3(837)) - Container move completed for container #36 from source d5d7adeb-9470-43ea-9062-e663b88d74f7 to target 4cb3c860-6110-4e33-9309-a97f69e7ce39
2023-08-30 06:49:50,707 [main] DEBUG balancer.ContainerBalancerTask (ContainerBalancerTask.java:matchSourceWithTarget(708)) - ContainerBalancer is finding suitable target for source datanode fb7e1754-bc33-434d-9902-fcf0b1d33c3d
2023-08-30 06:49:50,707 [main] INFO  balancer.ContainerBalancerTask (ContainerBalancerTask.java:matchSourceWithTarget(722)) - ContainerBalancer matched source datanode fb7e1754-bc33-434d-9902-fcf0b1d33c3d with target datanode 389ab07c-5c77-4adb-b3b7-a5a78399e465 for container move.
2023-08-30 06:49:50,707 [main] INFO  balancer.ContainerBalancerTask (ContainerBalancerTask.java:processMoveSelection(569)) - ContainerBalancer is trying to move container #82 with size 2147483648B from source datanode fb7e1754-bc33-434d-9902-fcf0b1d33c3d to target datanode 389ab07c-5c77-4adb-b3b7-a5a78399e465
2023-08-30 06:49:50,707 [main] DEBUG balancer.ContainerBalancerTask (ContainerBalancerTask.java:lambda$moveContainer$3(837)) - Container move completed for container #82 from source fb7e1754-bc33-434d-9902-fcf0b1d33c3d to target 389ab07c-5c77-4adb-b3b7-a5a78399e465
2023-08-30 06:49:50,709 [main] DEBUG balancer.ContainerBalancerTask (ContainerBalancerTask.java:matchSourceWithTarget(708)) - ContainerBalancer is finding suitable target for source datanode d5d7adeb-9470-43ea-9062-e663b88d74f7
2023-08-30 06:49:50,709 [main] INFO  balancer.FindTargetGreedyByUsageInfo (AbstractFindTargetGreedy.java:findTargetForContainerMove(133)) - Container Balancer could not find a target for source datanode d5d7adeb-9470-43ea-9062-e663b88d74f7
2023-08-30 06:49:50,709 [main] DEBUG balancer.ContainerBalancerTask (ContainerBalancerTask.java:matchSourceWithTarget(717)) - ContainerBalancer could not find a suitable target for source node d5d7adeb-9470-43ea-9062-e663b88d74f7.
2023-08-30 06:49:50,711 [main] DEBUG balancer.ContainerBalancerTask (ContainerBalancerTask.java:matchSourceWithTarget(708)) - ContainerBalancer is finding suitable target for source datanode 00f64824-452d-4a4d-ad02-32bda544c632
2023-08-30 06:49:50,711 [main] INFO  balancer.FindTargetGreedyByUsageInfo (AbstractFindTargetGreedy.java:findTargetForContainerMove(133)) - Container Balancer could not find a target for source datanode 00f64824-452d-4a4d-ad02-32bda544c632
2023-08-30 06:49:50,711 [main] DEBUG balancer.ContainerBalancerTask (ContainerBalancerTask.java:matchSourceWithTarget(717)) - ContainerBalancer could not find a suitable target for source node 00f64824-452d-4a4d-ad02-32bda544c632.
2023-08-30 06:49:50,712 [main] DEBUG balancer.ContainerBalancerTask (ContainerBalancerTask.java:matchSourceWithTarget(708)) - ContainerBalancer is finding suitable target for source datanode 59056143-5f0b-47c9-b556-cc53c1383625
2023-08-30 06:49:50,713 [main] INFO  balancer.FindTargetGreedyByUsageInfo (AbstractFindTargetGreedy.java:findTargetForContainerMove(133)) - Container Balancer could not find a target for source datanode 59056143-5f0b-47c9-b556-cc53c1383625
2023-08-30 06:49:50,713 [main] DEBUG balancer.ContainerBalancerTask (ContainerBalancerTask.java:matchSourceWithTarget(717)) - ContainerBalancer could not find a suitable target for source node 59056143-5f0b-47c9-b556-cc53c1383625.
2023-08-30 06:49:50,714 [main] DEBUG balancer.ContainerBalancerTask (ContainerBalancerTask.java:matchSourceWithTarget(708)) - ContainerBalancer is finding suitable target for source datanode fb7e1754-bc33-434d-9902-fcf0b1d33c3d
2023-08-30 06:49:50,715 [main] INFO  balancer.ContainerBalancerTask (ContainerBalancerTask.java:matchSourceWithTarget(722)) - ContainerBalancer matched source datanode fb7e1754-bc33-434d-9902-fcf0b1d33c3d with target datanode 389ab07c-5c77-4adb-b3b7-a5a78399e465 for container move.
2023-08-30 06:49:50,715 [main] INFO  balancer.ContainerBalancerTask (ContainerBalancerTask.java:processMoveSelection(569)) - ContainerBalancer is trying to move container #55 with size 2147483648B from source datanode fb7e1754-bc33-434d-9902-fcf0b1d33c3d to target datanode 389ab07c-5c77-4adb-b3b7-a5a78399e465
2023-08-30 06:49:50,715 [main] DEBUG balancer.ContainerBalancerTask (ContainerBalancerTask.java:lambda$moveContainer$3(837)) - Container move completed for container #55 from source fb7e1754-bc33-434d-9902-fcf0b1d33c3d to target 389ab07c-5c77-4adb-b3b7-a5a78399e465
2023-08-30 06:49:50,717 [main] DEBUG balancer.ContainerBalancerTask (ContainerBalancerTask.java:matchSourceWithTarget(708)) - ContainerBalancer is finding suitable target for source datanode fb7e1754-bc33-434d-9902-fcf0b1d33c3d
2023-08-30 06:49:50,717 [main] INFO  balancer.FindTargetGreedyByUsageInfo (AbstractFindTargetGreedy.java:findTargetForContainerMove(133)) - Container Balancer could not find a target for source datanode fb7e1754-bc33-434d-9902-fcf0b1d33c3d
2023-08-30 06:49:50,717 [main] DEBUG balancer.ContainerBalancerTask (ContainerBalancerTask.java:matchSourceWithTarget(717)) - ContainerBalancer could not find a suitable target for source node fb7e1754-bc33-434d-9902-fcf0b1d33c3d.
2023-08-30 06:49:50,717 [main] INFO  balancer.FindSourceGreedy (FindSourceGreedy.java:getNextCandidateSourceDataNode(126)) - no more candidate source data node
2023-08-30 06:49:50,717 [main] INFO  balancer.ContainerBalancerTask (ContainerBalancerTask.java:checkIterationMoveResults(642)) - Iteration Summary. Number of Datanodes involved: 8. Size moved: 97 GB (104152956928 Bytes). Number of Container moves completed: 35.
2023-08-30 06:49:50,717 [main] INFO  balancer.ContainerBalancerTask (ContainerBalancerTask.java:balance(259)) - Result of this iteration of Container Balancer: ITERATION_COMPLETED
2023-08-30 06:49:50,718 [main] INFO  balancer.ContainerBalancerTask (ContainerBalancerTask.java:tryStopWithSaveConfiguration(308)) - Save Configuration for stopping. Reason: Completed all iterations.
]]></system-out>
  </testcase>
  <testcase name="balancerShouldNotSelectNonClosedContainerReplicas" classname="org.apache.hadoop.hdds.scm.container.balancer.TestContainerBalancerTask" time="0.066">
    <system-out><![CDATA[2023-08-30 06:49:50,761 [main] INFO  net.NodeSchemaLoader (NodeSchemaLoader.java:loadSchemaFromFile(129)) - Loading schema from [file:/home/runner/work/ozone/ozone/hadoop-hdds/common/target/classes/network-topology-default.xml]
2023-08-30 06:49:50,761 [main] INFO  net.NodeSchemaLoader (NodeSchemaLoader.java:loadSchema(176)) - Loading network topology layer schema file
2023-08-30 06:49:50,764 [main] INFO  net.NetworkTopologyImpl (NetworkTopologyImpl.java:add(112)) - Added a new node: /default-rack/19aefc86-bc30-4bc0-83be-0cb494d84fea
2023-08-30 06:49:50,764 [main] INFO  net.NetworkTopologyImpl (NetworkTopologyImpl.java:add(112)) - Added a new node: /default-rack/2e9ea249-b012-4623-aeb6-4cfda5e3d74a
2023-08-30 06:49:50,764 [main] INFO  net.NetworkTopologyImpl (NetworkTopologyImpl.java:add(112)) - Added a new node: /default-rack/5a5ae054-6209-4f67-9409-3515cd89fbc1
2023-08-30 06:49:50,764 [main] INFO  net.NetworkTopologyImpl (NetworkTopologyImpl.java:add(112)) - Added a new node: /default-rack/75c8ece3-45ff-43c9-873b-3a41cd1bab8a
2023-08-30 06:49:50,765 [main] INFO  net.NetworkTopologyImpl (NetworkTopologyImpl.java:add(112)) - Added a new node: /default-rack/c88de06d-869e-4149-8f3f-b368bdf29475
2023-08-30 06:49:50,765 [main] INFO  net.NetworkTopologyImpl (NetworkTopologyImpl.java:add(112)) - Added a new node: /default-rack/91faf07e-2f11-4a6b-a7f3-9696157beb7a
2023-08-30 06:49:50,765 [main] INFO  net.NetworkTopologyImpl (NetworkTopologyImpl.java:add(112)) - Added a new node: /default-rack/a43aecee-1b9a-4ea3-9537-0dbec2a19d7e
2023-08-30 06:49:50,765 [main] INFO  net.NetworkTopologyImpl (NetworkTopologyImpl.java:add(112)) - Added a new node: /default-rack/faa5ec01-0640-4409-8a55-2c013db16df5
2023-08-30 06:49:50,765 [main] INFO  net.NetworkTopologyImpl (NetworkTopologyImpl.java:add(112)) - Added a new node: /default-rack/218462ee-ecb0-44e5-9f13-811c474ce693
2023-08-30 06:49:50,765 [main] INFO  net.NetworkTopologyImpl (NetworkTopologyImpl.java:add(112)) - Added a new node: /default-rack/a1dbf516-0723-489f-8cae-d3bdbb039f7e
2023-08-30 06:49:50,765 [main] INFO  algorithms.ContainerPlacementPolicyFactory (ContainerPlacementPolicyFactory.java:getPolicyInternal(86)) - Create container placement policy of type org.apache.hadoop.hdds.scm.container.placement.algorithms.SCMContainerPlacementRackAware
2023-08-30 06:49:50,765 [main] INFO  algorithms.ContainerPlacementPolicyFactory (ContainerPlacementPolicyFactory.java:getPolicyInternal(86)) - Create container placement policy of type org.apache.hadoop.hdds.scm.container.placement.algorithms.SCMContainerPlacementRackScatter
2023-08-30 06:49:50,775 [main] DEBUG balancer.ContainerBalancerTask (ContainerBalancerTask.java:initializeIteration(374)) - Average utilization of the cluster is 0.34773327640977314
2023-08-30 06:49:50,775 [main] DEBUG balancer.ContainerBalancerTask (ContainerBalancerTask.java:initializeIteration(386)) - Lower limit for utilization is 0.24773327640977313 and Upper limit for utilization is 0.4477332764097731
2023-08-30 06:49:50,775 [main] DEBUG balancer.ContainerBalancerTask (ContainerBalancerTask.java:initializeIteration(398)) - Utilization for node 75c8ece3-45ff-43c9-873b-3a41cd1bab8a with capacity 47721858844B, used 42949672960B, and remaining 4772185884B is 0.9000000000083819
2023-08-30 06:49:50,775 [main] DEBUG balancer.ContainerBalancerTask (ContainerBalancerTask.java:initializeIteration(398)) - Utilization for node 91faf07e-2f11-4a6b-a7f3-9696157beb7a with capacity 57713623040B, used 46170898432B, and remaining 11542724608B is 0.8
2023-08-30 06:49:50,775 [main] DEBUG balancer.ContainerBalancerTask (ContainerBalancerTask.java:initializeIteration(398)) - Utilization for node a1dbf516-0723-489f-8cae-d3bdbb039f7e with capacity 64424509440B, used 45097156608B, and remaining 19327352832B is 0.7
2023-08-30 06:49:50,775 [main] DEBUG balancer.ContainerBalancerTask (ContainerBalancerTask.java:initializeIteration(398)) - Utilization for node 5a5ae054-6209-4f67-9409-3515cd89fbc1 with capacity 80530636800B, used 48318382080B, and remaining 32212254720B is 0.6
2023-08-30 06:49:50,775 [main] DEBUG balancer.ContainerBalancerTask (ContainerBalancerTask.java:initializeIteration(398)) - Utilization for node 19aefc86-bc30-4bc0-83be-0cb494d84fea with capacity 120259084288B, used 60129542144B, and remaining 60129542144B is 0.5
2023-08-30 06:49:50,775 [main] DEBUG balancer.ContainerBalancerTask (ContainerBalancerTask.java:initializeIteration(398)) - Utilization for node 218462ee-ecb0-44e5-9f13-811c474ce693 with capacity 110058536960B, used 44023414784B, and remaining 66035122176B is 0.4
2023-08-30 06:49:50,776 [main] DEBUG balancer.ContainerBalancerTask (ContainerBalancerTask.java:initializeIteration(398)) - Utilization for node 2e9ea249-b012-4623-aeb6-4cfda5e3d74a with capacity 143165576533B, used 42949672960B, and remaining 100215903573B is 0.3000000000006985
2023-08-30 06:49:50,776 [main] DEBUG balancer.ContainerBalancerTask (ContainerBalancerTask.java:initializeIteration(398)) - Utilization for node a43aecee-1b9a-4ea3-9537-0dbec2a19d7e with capacity 118111600640B, used 23622320128B, and remaining 94489280512B is 0.2
2023-08-30 06:49:50,776 [main] DEBUG balancer.ContainerBalancerTask (ContainerBalancerTask.java:initializeIteration(398)) - Utilization for node faa5ec01-0640-4409-8a55-2c013db16df5 with capacity 354334801920B, used 35433480192B, and remaining 318901321728B is 0.1
2023-08-30 06:49:50,776 [main] DEBUG balancer.ContainerBalancerTask (ContainerBalancerTask.java:initializeIteration(398)) - Utilization for node c88de06d-869e-4149-8f3f-b368bdf29475 with capacity 21474836480B, used 0B, and remaining 21474836480B is 0.0
2023-08-30 06:49:50,776 [main] INFO  balancer.ContainerBalancerTask (ContainerBalancerTask.java:initializeIteration(447)) - Container Balancer has identified 5 Over-Utilized and 3 Under-Utilized Datanodes that need to be balanced.
2023-08-30 06:49:50,776 [main] DEBUG balancer.ContainerBalancerTask (ContainerBalancerTask.java:lambda$initializeIteration$1(453)) - Datanode localhost-0.102.250.7 75c8ece3-45ff-43c9-873b-3a41cd1bab8a is Over-Utilized.
2023-08-30 06:49:50,776 [main] DEBUG balancer.ContainerBalancerTask (ContainerBalancerTask.java:lambda$initializeIteration$1(453)) - Datanode localhost-4.250.150.69 91faf07e-2f11-4a6b-a7f3-9696157beb7a is Over-Utilized.
2023-08-30 06:49:50,776 [main] DEBUG balancer.ContainerBalancerTask (ContainerBalancerTask.java:lambda$initializeIteration$1(453)) - Datanode localhost-5.3.204.103 a1dbf516-0723-489f-8cae-d3bdbb039f7e is Over-Utilized.
2023-08-30 06:49:50,776 [main] DEBUG balancer.ContainerBalancerTask (ContainerBalancerTask.java:lambda$initializeIteration$1(453)) - Datanode localhost-97.165.17.247 5a5ae054-6209-4f67-9409-3515cd89fbc1 is Over-Utilized.
2023-08-30 06:49:50,776 [main] DEBUG balancer.ContainerBalancerTask (ContainerBalancerTask.java:lambda$initializeIteration$1(453)) - Datanode localhost-9.196.209.31 19aefc86-bc30-4bc0-83be-0cb494d84fea is Over-Utilized.
2023-08-30 06:49:50,776 [main] DEBUG balancer.ContainerBalancerTask (ContainerBalancerTask.java:lambda$initializeIteration$2(459)) - Datanode localhost-22.201.221.63 c88de06d-869e-4149-8f3f-b368bdf29475 is Under-Utilized.
2023-08-30 06:49:50,777 [main] DEBUG balancer.ContainerBalancerTask (ContainerBalancerTask.java:lambda$initializeIteration$2(459)) - Datanode localhost-42.146.65.116 faa5ec01-0640-4409-8a55-2c013db16df5 is Under-Utilized.
2023-08-30 06:49:50,777 [main] DEBUG balancer.ContainerBalancerTask (ContainerBalancerTask.java:lambda$initializeIteration$2(459)) - Datanode localhost-54.200.80.147 a43aecee-1b9a-4ea3-9537-0dbec2a19d7e is Under-Utilized.
2023-08-30 06:49:50,779 [main] DEBUG balancer.ContainerBalancerTask (ContainerBalancerTask.java:matchSourceWithTarget(701)) - ContainerBalancer could not find any candidate containers for datanode 75c8ece3-45ff-43c9-873b-3a41cd1bab8a
2023-08-30 06:49:50,782 [main] DEBUG balancer.ContainerBalancerTask (ContainerBalancerTask.java:matchSourceWithTarget(701)) - ContainerBalancer could not find any candidate containers for datanode 91faf07e-2f11-4a6b-a7f3-9696157beb7a
2023-08-30 06:49:50,785 [main] DEBUG balancer.ContainerBalancerTask (ContainerBalancerTask.java:matchSourceWithTarget(701)) - ContainerBalancer could not find any candidate containers for datanode a1dbf516-0723-489f-8cae-d3bdbb039f7e
2023-08-30 06:49:50,787 [main] DEBUG balancer.ContainerBalancerTask (ContainerBalancerTask.java:matchSourceWithTarget(701)) - ContainerBalancer could not find any candidate containers for datanode 5a5ae054-6209-4f67-9409-3515cd89fbc1
2023-08-30 06:49:50,790 [main] DEBUG balancer.ContainerBalancerTask (ContainerBalancerTask.java:matchSourceWithTarget(701)) - ContainerBalancer could not find any candidate containers for datanode 19aefc86-bc30-4bc0-83be-0cb494d84fea
2023-08-30 06:49:50,790 [main] INFO  balancer.FindSourceGreedy (FindSourceGreedy.java:getNextCandidateSourceDataNode(126)) - no more candidate source data node
2023-08-30 06:49:50,790 [main] INFO  balancer.ContainerBalancerTask (ContainerBalancerTask.java:balance(259)) - Result of this iteration of Container Balancer: CAN_NOT_BALANCE_ANY_MORE
2023-08-30 06:49:50,790 [main] INFO  balancer.ContainerBalancerTask (ContainerBalancerTask.java:tryStopWithSaveConfiguration(308)) - Save Configuration for stopping. Reason: CAN_NOT_BALANCE_ANY_MORE
]]></system-out>
  </testcase>
  <testcase name="testDelayedStart" classname="org.apache.hadoop.hdds.scm.container.balancer.TestContainerBalancerTask" time="0.099">
    <error type="java.util.concurrent.TimeoutException"><![CDATA[java.util.concurrent.TimeoutException: 
Timed out waiting for condition. Thread diagnostics:
Timestamp: 2023-08-30 06:49:50,877

"Thread-12"  prio=5 tid=23 timed_waiting
java.lang.Thread.State: TIMED_WAITING
        at java.lang.Thread.sleep(Native Method)
        at org.apache.hadoop.hdds.scm.container.balancer.TestContainerBalancerTask.lambda$genCompletableFuture$15(TestContainerBalancerTask.java:1332)
        at org.apache.hadoop.hdds.scm.container.balancer.TestContainerBalancerTask$$Lambda$437/776006216.get(Unknown Source)
        at java.util.concurrent.CompletableFuture$AsyncSupply.run(CompletableFuture.java:1604)
        at java.lang.Thread.run(Thread.java:750)
"process reaper" daemon prio=10 tid=13 timed_waiting
java.lang.Thread.State: TIMED_WAITING
        at sun.misc.Unsafe.park(Native Method)
        at java.util.concurrent.locks.LockSupport.parkNanos(LockSupport.java:215)
        at java.util.concurrent.SynchronousQueue$TransferStack.awaitFulfill(SynchronousQueue.java:460)
        at java.util.concurrent.SynchronousQueue$TransferStack.transfer(SynchronousQueue.java:362)
        at java.util.concurrent.SynchronousQueue.poll(SynchronousQueue.java:941)
        at java.util.concurrent.ThreadPoolExecutor.getTask(ThreadPoolExecutor.java:1073)
        at java.util.concurrent.ThreadPoolExecutor.runWorker(ThreadPoolExecutor.java:1134)
        at java.util.concurrent.ThreadPoolExecutor$Worker.run(ThreadPoolExecutor.java:624)
        at java.lang.Thread.run(Thread.java:750)
"Thread-7"  prio=5 tid=18 timed_waiting
java.lang.Thread.State: TIMED_WAITING
        at java.lang.Thread.sleep(Native Method)
        at org.apache.hadoop.hdds.scm.container.balancer.TestContainerBalancerTask.lambda$genCompletableFuture$15(TestContainerBalancerTask.java:1332)
        at org.apache.hadoop.hdds.scm.container.balancer.TestContainerBalancerTask$$Lambda$437/776006216.get(Unknown Source)
        at java.util.concurrent.CompletableFuture$AsyncSupply.run(CompletableFuture.java:1604)
        at java.lang.Thread.run(Thread.java:750)
"Thread-19"  prio=5 tid=30 timed_waiting
java.lang.Thread.State: TIMED_WAITING
        at java.lang.Thread.sleep(Native Method)
        at org.apache.hadoop.hdds.scm.container.balancer.TestContainerBalancerTask.lambda$genCompletableFuture$15(TestContainerBalancerTask.java:1332)
        at org.apache.hadoop.hdds.scm.container.balancer.TestContainerBalancerTask$$Lambda$437/776006216.get(Unknown Source)
        at java.util.concurrent.CompletableFuture$AsyncSupply.run(CompletableFuture.java:1604)
        at java.lang.Thread.run(Thread.java:750)
"Thread-15"  prio=5 tid=26 timed_waiting
java.lang.Thread.State: TIMED_WAITING
        at java.lang.Thread.sleep(Native Method)
        at org.apache.hadoop.hdds.scm.container.balancer.TestContainerBalancerTask.lambda$genCompletableFuture$15(TestContainerBalancerTask.java:1332)
        at org.apache.hadoop.hdds.scm.container.balancer.TestContainerBalancerTask$$Lambda$437/776006216.get(Unknown Source)
        at java.util.concurrent.CompletableFuture$AsyncSupply.run(CompletableFuture.java:1604)
        at java.lang.Thread.run(Thread.java:750)
"surefire-forkedjvm-command-thread" daemon prio=5 tid=10 runnable
java.lang.Thread.State: RUNNABLE
        at java.io.FileInputStream.readBytes(Native Method)
        at java.io.FileInputStream.read(FileInputStream.java:255)
        at java.io.BufferedInputStream.read1(BufferedInputStream.java:284)
        at java.io.BufferedInputStream.read(BufferedInputStream.java:345)
        at java.io.BufferedInputStream.fill(BufferedInputStream.java:246)
        at java.io.BufferedInputStream.read1(BufferedInputStream.java:286)
        at java.io.BufferedInputStream.read(BufferedInputStream.java:345)
        at org.apache.maven.surefire.api.util.internal.Channels$3.readImpl(Channels.java:214)
        at org.apache.maven.surefire.api.util.internal.AbstractNoninterruptibleReadableChannel.read(AbstractNoninterruptibleReadableChannel.java:54)
        at org.apache.maven.surefire.booter.spi.LegacyMasterProcessChannelDecoder.decode(LegacyMasterProcessChannelDecoder.java:80)
        at org.apache.maven.surefire.booter.CommandReader$CommandRunnable.run(CommandReader.java:343)
        at java.lang.Thread.run(Thread.java:750)
"Thread-18"  prio=5 tid=29 timed_waiting
java.lang.Thread.State: TIMED_WAITING
        at java.lang.Thread.sleep(Native Method)
        at org.apache.hadoop.hdds.scm.container.balancer.TestContainerBalancerTask.lambda$genCompletableFuture$15(TestContainerBalancerTask.java:1332)
        at org.apache.hadoop.hdds.scm.container.balancer.TestContainerBalancerTask$$Lambda$437/776006216.get(Unknown Source)
        at java.util.concurrent.CompletableFuture$AsyncSupply.run(CompletableFuture.java:1604)
        at java.lang.Thread.run(Thread.java:750)
"main"  prio=5 tid=1 runnable
java.lang.Thread.State: RUNNABLE
        at java.lang.Thread.dumpThreads(Native Method)
        at java.lang.Thread.getAllStackTraces(Thread.java:1615)
        at org.apache.ozone.test.TimedOutTestsListener.buildThreadDump(TimedOutTestsListener.java:93)
        at org.apache.ozone.test.TimedOutTestsListener.buildThreadDiagnosticString(TimedOutTestsListener.java:79)
        at org.apache.ozone.test.GenericTestUtils.waitFor(GenericTestUtils.java:231)
        at org.apache.hadoop.hdds.scm.container.balancer.TestContainerBalancerTask.testDelayedStart(TestContainerBalancerTask.java:1078)
        at sun.reflect.NativeMethodAccessorImpl.invoke0(Native Method)
        at sun.reflect.NativeMethodAccessorImpl.invoke(NativeMethodAccessorImpl.java:62)
        at sun.reflect.DelegatingMethodAccessorImpl.invoke(DelegatingMethodAccessorImpl.java:43)
        at java.lang.reflect.Method.invoke(Method.java:498)
        at org.junit.platform.commons.util.ReflectionUtils.invokeMethod(ReflectionUtils.java:725)
        at org.junit.jupiter.engine.execution.MethodInvocation.proceed(MethodInvocation.java:60)
        at org.junit.jupiter.engine.execution.InvocationInterceptorChain$ValidatingInvocation.proceed(InvocationInterceptorChain.java:131)
        at org.junit.jupiter.engine.extension.TimeoutExtension.intercept(TimeoutExtension.java:149)
        at org.junit.jupiter.engine.extension.TimeoutExtension.interceptTestableMethod(TimeoutExtension.java:140)
        at org.junit.jupiter.engine.extension.TimeoutExtension.interceptTestMethod(TimeoutExtension.java:84)
        at org.junit.jupiter.engine.descriptor.TestMethodTestDescriptor$$Lambda$158/1987169128.apply(Unknown Source)
        at org.junit.jupiter.engine.execution.ExecutableInvoker$ReflectiveInterceptorCall.lambda$ofVoidMethod$0(ExecutableInvoker.java:115)
        at org.junit.jupiter.engine.execution.ExecutableInvoker$ReflectiveInterceptorCall$$Lambda$159/980138431.apply(Unknown Source)
        at org.junit.jupiter.engine.execution.ExecutableInvoker.lambda$invoke$0(ExecutableInvoker.java:105)
        at org.junit.jupiter.engine.execution.ExecutableInvoker$$Lambda$317/712410791.apply(Unknown Source)
        at org.junit.jupiter.engine.execution.InvocationInterceptorChain$InterceptedInvocation.proceed(InvocationInterceptorChain.java:106)
        at org.junit.jupiter.engine.execution.InvocationInterceptorChain.proceed(InvocationInterceptorChain.java:64)
        at org.junit.jupiter.engine.execution.InvocationInterceptorChain.chainAndInvoke(InvocationInterceptorChain.java:45)
        at org.junit.jupiter.engine.execution.InvocationInterceptorChain.invoke(InvocationInterceptorChain.java:37)
        at org.junit.jupiter.engine.execution.ExecutableInvoker.invoke(ExecutableInvoker.java:104)
        at org.junit.jupiter.engine.execution.ExecutableInvoker.invoke(ExecutableInvoker.java:98)
        at org.junit.jupiter.engine.descriptor.TestMethodTestDescriptor.lambda$invokeTestMethod$7(TestMethodTestDescriptor.java:214)
        at org.junit.jupiter.engine.descriptor.TestMethodTestDescriptor$$Lambda$379/1273093350.execute(Unknown Source)
        at org.junit.platform.engine.support.hierarchical.ThrowableCollector.execute(ThrowableCollector.java:73)
        at org.junit.jupiter.engine.descriptor.TestMethodTestDescriptor.invokeTestMethod(TestMethodTestDescriptor.java:210)
        at org.junit.jupiter.engine.descriptor.TestMethodTestDescriptor.execute(TestMethodTestDescriptor.java:135)
        at org.junit.jupiter.engine.descriptor.TestMethodTestDescriptor.execute(TestMethodTestDescriptor.java:66)
        at org.junit.platform.engine.support.hierarchical.NodeTestTask.lambda$executeRecursively$6(NodeTestTask.java:151)
        at org.junit.platform.engine.support.hierarchical.NodeTestTask$$Lambda$258/1058609221.execute(Unknown Source)
        at org.junit.platform.engine.support.hierarchical.ThrowableCollector.execute(ThrowableCollector.java:73)
        at org.junit.platform.engine.support.hierarchical.NodeTestTask.lambda$executeRecursively$8(NodeTestTask.java:141)
        at org.junit.platform.engine.support.hierarchical.NodeTestTask$$Lambda$257/1000966072.invoke(Unknown Source)
        at org.junit.platform.engine.support.hierarchical.Node.around(Node.java:137)
        at org.junit.platform.engine.support.hierarchical.NodeTestTask.lambda$executeRecursively$9(NodeTestTask.java:139)
        at org.junit.platform.engine.support.hierarchical.NodeTestTask$$Lambda$256/673586830.execute(Unknown Source)
        at org.junit.platform.engine.support.hierarchical.ThrowableCollector.execute(ThrowableCollector.java:73)
        at org.junit.platform.engine.support.hierarchical.NodeTestTask.executeRecursively(NodeTestTask.java:138)
        at org.junit.platform.engine.support.hierarchical.NodeTestTask.execute(NodeTestTask.java:95)
        at org.junit.platform.engine.support.hierarchical.SameThreadHierarchicalTestExecutorService$$Lambda$262/1617838096.accept(Unknown Source)
        at java.util.ArrayList.forEach(ArrayList.java:1259)
        at org.junit.platform.engine.support.hierarchical.SameThreadHierarchicalTestExecutorService.invokeAll(SameThreadHierarchicalTestExecutorService.java:41)
        at org.junit.platform.engine.support.hierarchical.NodeTestTask.lambda$executeRecursively$6(NodeTestTask.java:155)
        at org.junit.platform.engine.support.hierarchical.NodeTestTask$$Lambda$258/1058609221.execute(Unknown Source)
        at org.junit.platform.engine.support.hierarchical.ThrowableCollector.execute(ThrowableCollector.java:73)
        at org.junit.platform.engine.support.hierarchical.NodeTestTask.lambda$executeRecursively$8(NodeTestTask.java:141)
        at org.junit.platform.engine.support.hierarchical.NodeTestTask$$Lambda$257/1000966072.invoke(Unknown Source)
        at org.junit.platform.engine.support.hierarchical.Node.around(Node.java:137)
        at org.junit.platform.engine.support.hierarchical.NodeTestTask.lambda$executeRecursively$9(NodeTestTask.java:139)
        at org.junit.platform.engine.support.hierarchical.NodeTestTask$$Lambda$256/673586830.execute(Unknown Source)
        at org.junit.platform.engine.support.hierarchical.ThrowableCollector.execute(ThrowableCollector.java:73)
        at org.junit.platform.engine.support.hierarchical.NodeTestTask.executeRecursively(NodeTestTask.java:138)
        at org.junit.platform.engine.support.hierarchical.NodeTestTask.execute(NodeTestTask.java:95)
        at org.junit.platform.engine.support.hierarchical.SameThreadHierarchicalTestExecutorService$$Lambda$262/1617838096.accept(Unknown Source)
        at java.util.ArrayList.forEach(ArrayList.java:1259)
        at org.junit.platform.engine.support.hierarchical.SameThreadHierarchicalTestExecutorService.invokeAll(SameThreadHierarchicalTestExecutorService.java:41)
        at org.junit.platform.engine.support.hierarchical.NodeTestTask.lambda$executeRecursively$6(NodeTestTask.java:155)
        at org.junit.platform.engine.support.hierarchical.NodeTestTask$$Lambda$258/1058609221.execute(Unknown Source)
        at org.junit.platform.engine.support.hierarchical.ThrowableCollector.execute(ThrowableCollector.java:73)
        at org.junit.platform.engine.support.hierarchical.NodeTestTask.lambda$executeRecursively$8(NodeTestTask.java:141)
        at org.junit.platform.engine.support.hierarchical.NodeTestTask$$Lambda$257/1000966072.invoke(Unknown Source)
        at org.junit.platform.engine.support.hierarchical.Node.around(Node.java:137)
        at org.junit.platform.engine.support.hierarchical.NodeTestTask.lambda$executeRecursively$9(NodeTestTask.java:139)
        at org.junit.platform.engine.support.hierarchical.NodeTestTask$$Lambda$256/673586830.execute(Unknown Source)
        at org.junit.platform.engine.support.hierarchical.ThrowableCollector.execute(ThrowableCollector.java:73)
        at org.junit.platform.engine.support.hierarchical.NodeTestTask.executeRecursively(NodeTestTask.java:138)
        at org.junit.platform.engine.support.hierarchical.NodeTestTask.execute(NodeTestTask.java:95)
        at org.junit.platform.engine.support.hierarchical.SameThreadHierarchicalTestExecutorService.submit(SameThreadHierarchicalTestExecutorService.java:35)
        at org.junit.platform.engine.support.hierarchical.HierarchicalTestExecutor.execute(HierarchicalTestExecutor.java:57)
        at org.junit.platform.engine.support.hierarchical.HierarchicalTestEngine.execute(HierarchicalTestEngine.java:54)
        at org.junit.platform.launcher.core.EngineExecutionOrchestrator.execute(EngineExecutionOrchestrator.java:107)
        at org.junit.platform.launcher.core.EngineExecutionOrchestrator.execute(EngineExecutionOrchestrator.java:88)
        at org.junit.platform.launcher.core.EngineExecutionOrchestrator.lambda$execute$0(EngineExecutionOrchestrator.java:54)
        at org.junit.platform.launcher.core.EngineExecutionOrchestrator$$Lambda$214/556281560.accept(Unknown Source)
        at org.junit.platform.launcher.core.EngineExecutionOrchestrator.withInterceptedStreams(EngineExecutionOrchestrator.java:67)
        at org.junit.platform.launcher.core.EngineExecutionOrchestrator.execute(EngineExecutionOrchestrator.java:52)
        at org.junit.platform.launcher.core.DefaultLauncher.execute(DefaultLauncher.java:114)
        at org.junit.platform.launcher.core.DefaultLauncher.execute(DefaultLauncher.java:86)
        at org.junit.platform.launcher.core.DefaultLauncherSession$DelegatingLauncher.execute(DefaultLauncherSession.java:86)
        at org.junit.platform.launcher.core.SessionPerRequestLauncher.execute(SessionPerRequestLauncher.java:53)
        at org.apache.maven.surefire.junitplatform.JUnitPlatformProvider.execute(JUnitPlatformProvider.java:188)
        at org.apache.maven.surefire.junitplatform.JUnitPlatformProvider.invokeAllTests(JUnitPlatformProvider.java:154)
        at org.apache.maven.surefire.junitplatform.JUnitPlatformProvider.invoke(JUnitPlatformProvider.java:124)
        at org.apache.maven.surefire.booter.ForkedBooter.runSuitesInProcess(ForkedBooter.java:428)
        at org.apache.maven.surefire.booter.ForkedBooter.execute(ForkedBooter.java:162)
        at org.apache.maven.surefire.booter.ForkedBooter.run(ForkedBooter.java:562)
        at org.apache.maven.surefire.booter.ForkedBooter.main(ForkedBooter.java:548)
"Thread-21"  prio=5 tid=32 timed_waiting
java.lang.Thread.State: TIMED_WAITING
        at java.lang.Thread.sleep(Native Method)
        at org.apache.hadoop.hdds.scm.container.balancer.TestContainerBalancerTask.lambda$genCompletableFuture$15(TestContainerBalancerTask.java:1332)
        at org.apache.hadoop.hdds.scm.container.balancer.TestContainerBalancerTask$$Lambda$437/776006216.get(Unknown Source)
        at java.util.concurrent.CompletableFuture$AsyncSupply.run(CompletableFuture.java:1604)
        at java.lang.Thread.run(Thread.java:750)
"Thread-13"  prio=5 tid=24 timed_waiting
java.lang.Thread.State: TIMED_WAITING
        at java.lang.Thread.sleep(Native Method)
        at org.apache.hadoop.hdds.scm.container.balancer.TestContainerBalancerTask.lambda$genCompletableFuture$15(TestContainerBalancerTask.java:1332)
        at org.apache.hadoop.hdds.scm.container.balancer.TestContainerBalancerTask$$Lambda$437/776006216.get(Unknown Source)
        at java.util.concurrent.CompletableFuture$AsyncSupply.run(CompletableFuture.java:1604)
        at java.lang.Thread.run(Thread.java:750)
"Finalizer" daemon prio=8 tid=3 runnable
java.lang.Thread.State: RUNNABLE
        at java.util.zip.Inflater.end(Inflater.java:370)
        at java.util.zip.Inflater.finalize(Inflater.java:383)
        at java.lang.System$2.invokeFinalize(System.java:1285)
        at java.lang.ref.Finalizer.runFinalizer(Finalizer.java:102)
        at java.lang.ref.Finalizer.access$100(Finalizer.java:34)
        at java.lang.ref.Finalizer$FinalizerThread.run(Finalizer.java:189)
"Thread-23"  prio=5 tid=34 timed_waiting
java.lang.Thread.State: TIMED_WAITING
        at java.lang.Thread.sleep(Native Method)
        at org.apache.hadoop.hdds.scm.container.balancer.ContainerBalancerTask.run(ContainerBalancerTask.java:177)
        at java.lang.Thread.run(Thread.java:750)
"Thread-17"  prio=5 tid=28 timed_waiting
java.lang.Thread.State: TIMED_WAITING
        at java.lang.Thread.sleep(Native Method)
        at org.apache.hadoop.hdds.scm.container.balancer.TestContainerBalancerTask.lambda$genCompletableFuture$15(TestContainerBalancerTask.java:1332)
        at org.apache.hadoop.hdds.scm.container.balancer.TestContainerBalancerTask$$Lambda$437/776006216.get(Unknown Source)
        at java.util.concurrent.CompletableFuture$AsyncSupply.run(CompletableFuture.java:1604)
        at java.lang.Thread.run(Thread.java:750)
"Thread-6"  prio=5 tid=17 timed_waiting
java.lang.Thread.State: TIMED_WAITING
        at java.lang.Thread.sleep(Native Method)
        at org.apache.hadoop.hdds.scm.container.balancer.TestContainerBalancerTask.lambda$genCompletableFuture$15(TestContainerBalancerTask.java:1332)
        at org.apache.hadoop.hdds.scm.container.balancer.TestContainerBalancerTask$$Lambda$437/776006216.get(Unknown Source)
        at java.util.concurrent.CompletableFuture$AsyncSupply.run(CompletableFuture.java:1604)
        at java.lang.Thread.run(Thread.java:750)
"Attach Listener" daemon prio=9 tid=12 runnable
java.lang.Thread.State: RUNNABLE
"Thread-11"  prio=5 tid=22 timed_waiting
java.lang.Thread.State: TIMED_WAITING
        at java.lang.Thread.sleep(Native Method)
        at org.apache.hadoop.hdds.scm.container.balancer.TestContainerBalancerTask.lambda$genCompletableFuture$15(TestContainerBalancerTask.java:1332)
        at org.apache.hadoop.hdds.scm.container.balancer.TestContainerBalancerTask$$Lambda$437/776006216.get(Unknown Source)
        at java.util.concurrent.CompletableFuture$AsyncSupply.run(CompletableFuture.java:1604)
        at java.lang.Thread.run(Thread.java:750)
"Thread-20"  prio=5 tid=31 timed_waiting
java.lang.Thread.State: TIMED_WAITING
        at java.lang.Thread.sleep(Native Method)
        at org.apache.hadoop.hdds.scm.container.balancer.TestContainerBalancerTask.lambda$genCompletableFuture$15(TestContainerBalancerTask.java:1332)
        at org.apache.hadoop.hdds.scm.container.balancer.TestContainerBalancerTask$$Lambda$437/776006216.get(Unknown Source)
        at java.util.concurrent.CompletableFuture$AsyncSupply.run(CompletableFuture.java:1604)
        at java.lang.Thread.run(Thread.java:750)
"Thread-22"  prio=5 tid=33 timed_waiting
java.lang.Thread.State: TIMED_WAITING
        at java.lang.Thread.sleep(Native Method)
        at org.apache.hadoop.hdds.scm.container.balancer.TestContainerBalancerTask.lambda$genCompletableFuture$15(TestContainerBalancerTask.java:1332)
        at org.apache.hadoop.hdds.scm.container.balancer.TestContainerBalancerTask$$Lambda$437/776006216.get(Unknown Source)
        at java.util.concurrent.CompletableFuture$AsyncSupply.run(CompletableFuture.java:1604)
        at java.lang.Thread.run(Thread.java:750)
"Thread-8"  prio=5 tid=19 timed_waiting
java.lang.Thread.State: TIMED_WAITING
        at java.lang.Thread.sleep(Native Method)
        at org.apache.hadoop.hdds.scm.container.balancer.TestContainerBalancerTask.lambda$genCompletableFuture$15(TestContainerBalancerTask.java:1332)
        at org.apache.hadoop.hdds.scm.container.balancer.TestContainerBalancerTask$$Lambda$437/776006216.get(Unknown Source)
        at java.util.concurrent.CompletableFuture$AsyncSupply.run(CompletableFuture.java:1604)
        at java.lang.Thread.run(Thread.java:750)
"Thread-16"  prio=5 tid=27 timed_waiting
java.lang.Thread.State: TIMED_WAITING
        at java.lang.Thread.sleep(Native Method)
        at org.apache.hadoop.hdds.scm.container.balancer.TestContainerBalancerTask.lambda$genCompletableFuture$15(TestContainerBalancerTask.java:1332)
        at org.apache.hadoop.hdds.scm.container.balancer.TestContainerBalancerTask$$Lambda$437/776006216.get(Unknown Source)
        at java.util.concurrent.CompletableFuture$AsyncSupply.run(CompletableFuture.java:1604)
        at java.lang.Thread.run(Thread.java:750)
"Thread-9"  prio=5 tid=20 timed_waiting
java.lang.Thread.State: TIMED_WAITING
        at java.lang.Thread.sleep(Native Method)
        at org.apache.hadoop.hdds.scm.container.balancer.TestContainerBalancerTask.lambda$genCompletableFuture$15(TestContainerBalancerTask.java:1332)
        at org.apache.hadoop.hdds.scm.container.balancer.TestContainerBalancerTask$$Lambda$437/776006216.get(Unknown Source)
        at java.util.concurrent.CompletableFuture$AsyncSupply.run(CompletableFuture.java:1604)
        at java.lang.Thread.run(Thread.java:750)
"Signal Dispatcher" daemon prio=9 tid=4 runnable
java.lang.Thread.State: RUNNABLE
"Thread-14"  prio=5 tid=25 timed_waiting
java.lang.Thread.State: TIMED_WAITING
        at java.lang.Thread.sleep(Native Method)
        at org.apache.hadoop.hdds.scm.container.balancer.TestContainerBalancerTask.lambda$genCompletableFuture$15(TestContainerBalancerTask.java:1332)
        at org.apache.hadoop.hdds.scm.container.balancer.TestContainerBalancerTask$$Lambda$437/776006216.get(Unknown Source)
        at java.util.concurrent.CompletableFuture$AsyncSupply.run(CompletableFuture.java:1604)
        at java.lang.Thread.run(Thread.java:750)
"Reference Handler" daemon prio=10 tid=2 in Object.wait()
java.lang.Thread.State: WAITING (on object monitor)
        at java.lang.Object.wait(Native Method)
        at java.lang.Object.wait(Object.java:502)
        at java.lang.ref.Reference.tryHandlePending(Reference.java:191)
        at java.lang.ref.Reference$ReferenceHandler.run(Reference.java:153)
"Thread-10"  prio=5 tid=21 timed_waiting
java.lang.Thread.State: TIMED_WAITING
        at java.lang.Thread.sleep(Native Method)
        at org.apache.hadoop.hdds.scm.container.balancer.TestContainerBalancerTask.lambda$genCompletableFuture$15(TestContainerBalancerTask.java:1332)
        at org.apache.hadoop.hdds.scm.container.balancer.TestContainerBalancerTask$$Lambda$437/776006216.get(Unknown Source)
        at java.util.concurrent.CompletableFuture$AsyncSupply.run(CompletableFuture.java:1604)
        at java.lang.Thread.run(Thread.java:750)


	at org.apache.ozone.test.GenericTestUtils.waitFor(GenericTestUtils.java:231)
	at org.apache.hadoop.hdds.scm.container.balancer.TestContainerBalancerTask.testDelayedStart(TestContainerBalancerTask.java:1078)
	at sun.reflect.NativeMethodAccessorImpl.invoke0(Native Method)
	at sun.reflect.NativeMethodAccessorImpl.invoke(NativeMethodAccessorImpl.java:62)
	at sun.reflect.DelegatingMethodAccessorImpl.invoke(DelegatingMethodAccessorImpl.java:43)
	at java.lang.reflect.Method.invoke(Method.java:498)
	at org.junit.platform.commons.util.ReflectionUtils.invokeMethod(ReflectionUtils.java:725)
	at org.junit.jupiter.engine.execution.MethodInvocation.proceed(MethodInvocation.java:60)
	at org.junit.jupiter.engine.execution.InvocationInterceptorChain$ValidatingInvocation.proceed(InvocationInterceptorChain.java:131)
	at org.junit.jupiter.engine.extension.TimeoutExtension.intercept(TimeoutExtension.java:149)
	at org.junit.jupiter.engine.extension.TimeoutExtension.interceptTestableMethod(TimeoutExtension.java:140)
	at org.junit.jupiter.engine.extension.TimeoutExtension.interceptTestMethod(TimeoutExtension.java:84)
	at org.junit.jupiter.engine.execution.ExecutableInvoker$ReflectiveInterceptorCall.lambda$ofVoidMethod$0(ExecutableInvoker.java:115)
	at org.junit.jupiter.engine.execution.ExecutableInvoker.lambda$invoke$0(ExecutableInvoker.java:105)
	at org.junit.jupiter.engine.execution.InvocationInterceptorChain$InterceptedInvocation.proceed(InvocationInterceptorChain.java:106)
	at org.junit.jupiter.engine.execution.InvocationInterceptorChain.proceed(InvocationInterceptorChain.java:64)
	at org.junit.jupiter.engine.execution.InvocationInterceptorChain.chainAndInvoke(InvocationInterceptorChain.java:45)
	at org.junit.jupiter.engine.execution.InvocationInterceptorChain.invoke(InvocationInterceptorChain.java:37)
	at org.junit.jupiter.engine.execution.ExecutableInvoker.invoke(ExecutableInvoker.java:104)
	at org.junit.jupiter.engine.execution.ExecutableInvoker.invoke(ExecutableInvoker.java:98)
	at org.junit.jupiter.engine.descriptor.TestMethodTestDescriptor.lambda$invokeTestMethod$7(TestMethodTestDescriptor.java:214)
	at org.junit.platform.engine.support.hierarchical.ThrowableCollector.execute(ThrowableCollector.java:73)
	at org.junit.jupiter.engine.descriptor.TestMethodTestDescriptor.invokeTestMethod(TestMethodTestDescriptor.java:210)
	at org.junit.jupiter.engine.descriptor.TestMethodTestDescriptor.execute(TestMethodTestDescriptor.java:135)
	at org.junit.jupiter.engine.descriptor.TestMethodTestDescriptor.execute(TestMethodTestDescriptor.java:66)
	at org.junit.platform.engine.support.hierarchical.NodeTestTask.lambda$executeRecursively$6(NodeTestTask.java:151)
	at org.junit.platform.engine.support.hierarchical.ThrowableCollector.execute(ThrowableCollector.java:73)
	at org.junit.platform.engine.support.hierarchical.NodeTestTask.lambda$executeRecursively$8(NodeTestTask.java:141)
	at org.junit.platform.engine.support.hierarchical.Node.around(Node.java:137)
	at org.junit.platform.engine.support.hierarchical.NodeTestTask.lambda$executeRecursively$9(NodeTestTask.java:139)
	at org.junit.platform.engine.support.hierarchical.ThrowableCollector.execute(ThrowableCollector.java:73)
	at org.junit.platform.engine.support.hierarchical.NodeTestTask.executeRecursively(NodeTestTask.java:138)
	at org.junit.platform.engine.support.hierarchical.NodeTestTask.execute(NodeTestTask.java:95)
	at java.util.ArrayList.forEach(ArrayList.java:1259)
	at org.junit.platform.engine.support.hierarchical.SameThreadHierarchicalTestExecutorService.invokeAll(SameThreadHierarchicalTestExecutorService.java:41)
	at org.junit.platform.engine.support.hierarchical.NodeTestTask.lambda$executeRecursively$6(NodeTestTask.java:155)
	at org.junit.platform.engine.support.hierarchical.ThrowableCollector.execute(ThrowableCollector.java:73)
	at org.junit.platform.engine.support.hierarchical.NodeTestTask.lambda$executeRecursively$8(NodeTestTask.java:141)
	at org.junit.platform.engine.support.hierarchical.Node.around(Node.java:137)
	at org.junit.platform.engine.support.hierarchical.NodeTestTask.lambda$executeRecursively$9(NodeTestTask.java:139)
	at org.junit.platform.engine.support.hierarchical.ThrowableCollector.execute(ThrowableCollector.java:73)
	at org.junit.platform.engine.support.hierarchical.NodeTestTask.executeRecursively(NodeTestTask.java:138)
	at org.junit.platform.engine.support.hierarchical.NodeTestTask.execute(NodeTestTask.java:95)
	at java.util.ArrayList.forEach(ArrayList.java:1259)
	at org.junit.platform.engine.support.hierarchical.SameThreadHierarchicalTestExecutorService.invokeAll(SameThreadHierarchicalTestExecutorService.java:41)
	at org.junit.platform.engine.support.hierarchical.NodeTestTask.lambda$executeRecursively$6(NodeTestTask.java:155)
	at org.junit.platform.engine.support.hierarchical.ThrowableCollector.execute(ThrowableCollector.java:73)
	at org.junit.platform.engine.support.hierarchical.NodeTestTask.lambda$executeRecursively$8(NodeTestTask.java:141)
	at org.junit.platform.engine.support.hierarchical.Node.around(Node.java:137)
	at org.junit.platform.engine.support.hierarchical.NodeTestTask.lambda$executeRecursively$9(NodeTestTask.java:139)
	at org.junit.platform.engine.support.hierarchical.ThrowableCollector.execute(ThrowableCollector.java:73)
	at org.junit.platform.engine.support.hierarchical.NodeTestTask.executeRecursively(NodeTestTask.java:138)
	at org.junit.platform.engine.support.hierarchical.NodeTestTask.execute(NodeTestTask.java:95)
	at org.junit.platform.engine.support.hierarchical.SameThreadHierarchicalTestExecutorService.submit(SameThreadHierarchicalTestExecutorService.java:35)
	at org.junit.platform.engine.support.hierarchical.HierarchicalTestExecutor.execute(HierarchicalTestExecutor.java:57)
	at org.junit.platform.engine.support.hierarchical.HierarchicalTestEngine.execute(HierarchicalTestEngine.java:54)
	at org.junit.platform.launcher.core.EngineExecutionOrchestrator.execute(EngineExecutionOrchestrator.java:107)
	at org.junit.platform.launcher.core.EngineExecutionOrchestrator.execute(EngineExecutionOrchestrator.java:88)
	at org.junit.platform.launcher.core.EngineExecutionOrchestrator.lambda$execute$0(EngineExecutionOrchestrator.java:54)
	at org.junit.platform.launcher.core.EngineExecutionOrchestrator.withInterceptedStreams(EngineExecutionOrchestrator.java:67)
	at org.junit.platform.launcher.core.EngineExecutionOrchestrator.execute(EngineExecutionOrchestrator.java:52)
	at org.junit.platform.launcher.core.DefaultLauncher.execute(DefaultLauncher.java:114)
	at org.junit.platform.launcher.core.DefaultLauncher.execute(DefaultLauncher.java:86)
	at org.junit.platform.launcher.core.DefaultLauncherSession$DelegatingLauncher.execute(DefaultLauncherSession.java:86)
	at org.junit.platform.launcher.core.SessionPerRequestLauncher.execute(SessionPerRequestLauncher.java:53)
	at org.apache.maven.surefire.junitplatform.JUnitPlatformProvider.execute(JUnitPlatformProvider.java:188)
	at org.apache.maven.surefire.junitplatform.JUnitPlatformProvider.invokeAllTests(JUnitPlatformProvider.java:154)
	at org.apache.maven.surefire.junitplatform.JUnitPlatformProvider.invoke(JUnitPlatformProvider.java:124)
	at org.apache.maven.surefire.booter.ForkedBooter.runSuitesInProcess(ForkedBooter.java:428)
	at org.apache.maven.surefire.booter.ForkedBooter.execute(ForkedBooter.java:162)
	at org.apache.maven.surefire.booter.ForkedBooter.run(ForkedBooter.java:562)
	at org.apache.maven.surefire.booter.ForkedBooter.main(ForkedBooter.java:548)
]]></error>
    <system-out><![CDATA[2023-08-30 06:49:50,823 [main] INFO  net.NodeSchemaLoader (NodeSchemaLoader.java:loadSchemaFromFile(129)) - Loading schema from [file:/home/runner/work/ozone/ozone/hadoop-hdds/common/target/classes/network-topology-default.xml]
2023-08-30 06:49:50,823 [main] INFO  net.NodeSchemaLoader (NodeSchemaLoader.java:loadSchema(176)) - Loading network topology layer schema file
2023-08-30 06:49:50,829 [main] INFO  net.NetworkTopologyImpl (NetworkTopologyImpl.java:add(112)) - Added a new node: /default-rack/6dfda302-04bf-4582-81cf-1fb12852acf6
2023-08-30 06:49:50,830 [main] INFO  net.NetworkTopologyImpl (NetworkTopologyImpl.java:add(112)) - Added a new node: /default-rack/315cc06b-f692-4a5f-9f90-4c3fb821bcde
2023-08-30 06:49:50,830 [main] INFO  net.NetworkTopologyImpl (NetworkTopologyImpl.java:add(112)) - Added a new node: /default-rack/cb819edc-1686-45cd-b111-f18ba71a986c
2023-08-30 06:49:50,830 [main] INFO  net.NetworkTopologyImpl (NetworkTopologyImpl.java:add(112)) - Added a new node: /default-rack/0d78afa0-5319-43d8-997e-843851a01f05
2023-08-30 06:49:50,830 [main] INFO  net.NetworkTopologyImpl (NetworkTopologyImpl.java:add(112)) - Added a new node: /default-rack/e4e21399-24bd-4950-b7f3-8a41116fb2c1
2023-08-30 06:49:50,830 [main] INFO  net.NetworkTopologyImpl (NetworkTopologyImpl.java:add(112)) - Added a new node: /default-rack/1b389ccd-02cc-4763-a811-4708830d8472
2023-08-30 06:49:50,830 [main] INFO  net.NetworkTopologyImpl (NetworkTopologyImpl.java:add(112)) - Added a new node: /default-rack/e1f411d9-6711-4352-a49b-7a9cc769e33c
2023-08-30 06:49:50,830 [main] INFO  net.NetworkTopologyImpl (NetworkTopologyImpl.java:add(112)) - Added a new node: /default-rack/e5652c04-0af7-4f1f-94a7-0e0963d50b5c
2023-08-30 06:49:50,830 [main] INFO  net.NetworkTopologyImpl (NetworkTopologyImpl.java:add(112)) - Added a new node: /default-rack/f361ab6b-f4dd-4bfc-aa96-990ed7000fed
2023-08-30 06:49:50,830 [main] INFO  net.NetworkTopologyImpl (NetworkTopologyImpl.java:add(112)) - Added a new node: /default-rack/3c2a0836-f8f7-401b-b9b5-3c90114eece4
2023-08-30 06:49:50,831 [main] INFO  algorithms.ContainerPlacementPolicyFactory (ContainerPlacementPolicyFactory.java:getPolicyInternal(86)) - Create container placement policy of type org.apache.hadoop.hdds.scm.container.placement.algorithms.SCMContainerPlacementRackAware
2023-08-30 06:49:50,832 [main] INFO  algorithms.ContainerPlacementPolicyFactory (ContainerPlacementPolicyFactory.java:getPolicyInternal(86)) - Create container placement policy of type org.apache.hadoop.hdds.scm.container.placement.algorithms.SCMContainerPlacementRackScatter
2023-08-30 06:49:50,867 [Thread-23] INFO  balancer.ContainerBalancerTask (ContainerBalancerTask.java:run(175)) - ContainerBalancer will sleep for 10 seconds before starting balancing.
]]></system-out>
  </testcase>
  <testcase name="checkIterationResultException" classname="org.apache.hadoop.hdds.scm.container.balancer.TestContainerBalancerTask" time="0.115">
    <system-out><![CDATA[2023-08-30 06:49:50,933 [main] INFO  net.NodeSchemaLoader (NodeSchemaLoader.java:loadSchemaFromFile(129)) - Loading schema from [file:/home/runner/work/ozone/ozone/hadoop-hdds/common/target/classes/network-topology-default.xml]
2023-08-30 06:49:50,933 [main] INFO  net.NodeSchemaLoader (NodeSchemaLoader.java:loadSchema(176)) - Loading network topology layer schema file
2023-08-30 06:49:50,936 [main] INFO  net.NetworkTopologyImpl (NetworkTopologyImpl.java:add(112)) - Added a new node: /default-rack/09333e21-95cc-4b14-9e9b-1b32648d29fe
2023-08-30 06:49:50,937 [main] INFO  net.NetworkTopologyImpl (NetworkTopologyImpl.java:add(112)) - Added a new node: /default-rack/91ba071f-25ef-4adb-a145-2296d4568e16
2023-08-30 06:49:50,937 [main] INFO  net.NetworkTopologyImpl (NetworkTopologyImpl.java:add(112)) - Added a new node: /default-rack/6a86ed1d-5d6f-4988-906b-e38697446f87
2023-08-30 06:49:50,937 [main] INFO  net.NetworkTopologyImpl (NetworkTopologyImpl.java:add(112)) - Added a new node: /default-rack/e23fc625-244d-4542-83cc-b3b4626c82a5
2023-08-30 06:49:50,937 [main] INFO  net.NetworkTopologyImpl (NetworkTopologyImpl.java:add(112)) - Added a new node: /default-rack/184a001f-5375-4933-8a96-efe544f79283
2023-08-30 06:49:50,937 [main] INFO  net.NetworkTopologyImpl (NetworkTopologyImpl.java:add(112)) - Added a new node: /default-rack/3cfdf939-e073-49e2-a978-f7d5ba4f2b8f
2023-08-30 06:49:50,937 [main] INFO  net.NetworkTopologyImpl (NetworkTopologyImpl.java:add(112)) - Added a new node: /default-rack/9efbbbb7-53f7-49ae-9b55-1984247ade96
2023-08-30 06:49:50,937 [main] INFO  net.NetworkTopologyImpl (NetworkTopologyImpl.java:add(112)) - Added a new node: /default-rack/8d52f8d9-8b76-412a-87c2-39858b23e26a
2023-08-30 06:49:50,938 [main] INFO  net.NetworkTopologyImpl (NetworkTopologyImpl.java:add(112)) - Added a new node: /default-rack/0e49917d-5687-40e7-8f80-026060053d7c
2023-08-30 06:49:50,938 [main] INFO  net.NetworkTopologyImpl (NetworkTopologyImpl.java:add(112)) - Added a new node: /default-rack/b99a5f16-10fe-43d1-a294-18da8b1d6fbe
2023-08-30 06:49:50,938 [main] INFO  algorithms.ContainerPlacementPolicyFactory (ContainerPlacementPolicyFactory.java:getPolicyInternal(86)) - Create container placement policy of type org.apache.hadoop.hdds.scm.container.placement.algorithms.SCMContainerPlacementRackAware
2023-08-30 06:49:50,938 [main] INFO  algorithms.ContainerPlacementPolicyFactory (ContainerPlacementPolicyFactory.java:getPolicyInternal(86)) - Create container placement policy of type org.apache.hadoop.hdds.scm.container.placement.algorithms.SCMContainerPlacementRackScatter
2023-08-30 06:49:50,950 [main] DEBUG balancer.ContainerBalancerTask (ContainerBalancerTask.java:initializeIteration(374)) - Average utilization of the cluster is 0.3290158124889777
2023-08-30 06:49:50,950 [main] DEBUG balancer.ContainerBalancerTask (ContainerBalancerTask.java:initializeIteration(386)) - Lower limit for utilization is 0.2290158124889777 and Upper limit for utilization is 0.4290158124889777
2023-08-30 06:49:50,950 [main] DEBUG balancer.ContainerBalancerTask (ContainerBalancerTask.java:initializeIteration(398)) - Utilization for node 184a001f-5375-4933-8a96-efe544f79283 with capacity 39370533546B, used 35433480192B, and remaining 3937053354B is 0.9000000000152398
2023-08-30 06:49:50,950 [main] DEBUG balancer.ContainerBalancerTask (ContainerBalancerTask.java:initializeIteration(398)) - Utilization for node e23fc625-244d-4542-83cc-b3b4626c82a5 with capacity 75161927680B, used 60129542144B, and remaining 15032385536B is 0.8
2023-08-30 06:49:50,950 [main] DEBUG balancer.ContainerBalancerTask (ContainerBalancerTask.java:initializeIteration(398)) - Utilization for node 6a86ed1d-5d6f-4988-906b-e38697446f87 with capacity 59822758765B, used 41875931136B, and remaining 17946827629B is 0.700000000008358
2023-08-30 06:49:50,951 [main] DEBUG balancer.ContainerBalancerTask (ContainerBalancerTask.java:initializeIteration(398)) - Utilization for node 9efbbbb7-53f7-49ae-9b55-1984247ade96 with capacity 71582788266B, used 42949672960B, and remaining 28633115306B is 0.600000000005588
2023-08-30 06:49:50,954 [main] DEBUG balancer.ContainerBalancerTask (ContainerBalancerTask.java:initializeIteration(398)) - Utilization for node 91ba071f-25ef-4adb-a145-2296d4568e16 with capacity 115964116992B, used 57982058496B, and remaining 57982058496B is 0.5
2023-08-30 06:49:50,954 [main] DEBUG balancer.ContainerBalancerTask (ContainerBalancerTask.java:initializeIteration(398)) - Utilization for node 3cfdf939-e073-49e2-a978-f7d5ba4f2b8f with capacity 104689827840B, used 41875931136B, and remaining 62813896704B is 0.4
2023-08-30 06:49:50,955 [main] DEBUG balancer.ContainerBalancerTask (ContainerBalancerTask.java:initializeIteration(398)) - Utilization for node b99a5f16-10fe-43d1-a294-18da8b1d6fbe with capacity 143165576533B, used 42949672960B, and remaining 100215903573B is 0.3000000000006985
2023-08-30 06:49:50,955 [main] DEBUG balancer.ContainerBalancerTask (ContainerBalancerTask.java:initializeIteration(398)) - Utilization for node 8d52f8d9-8b76-412a-87c2-39858b23e26a with capacity 214748364800B, used 42949672960B, and remaining 171798691840B is 0.2
2023-08-30 06:49:50,955 [main] DEBUG balancer.ContainerBalancerTask (ContainerBalancerTask.java:initializeIteration(398)) - Utilization for node 09333e21-95cc-4b14-9e9b-1b32648d29fe with capacity 397284474880B, used 39728447488B, and remaining 357556027392B is 0.1
2023-08-30 06:49:50,955 [main] DEBUG balancer.ContainerBalancerTask (ContainerBalancerTask.java:initializeIteration(398)) - Utilization for node 0e49917d-5687-40e7-8f80-026060053d7c with capacity 11811160064B, used 0B, and remaining 11811160064B is 0.0
2023-08-30 06:49:50,955 [main] INFO  balancer.ContainerBalancerTask (ContainerBalancerTask.java:initializeIteration(447)) - Container Balancer has identified 5 Over-Utilized and 3 Under-Utilized Datanodes that need to be balanced.
2023-08-30 06:49:50,955 [main] DEBUG balancer.ContainerBalancerTask (ContainerBalancerTask.java:lambda$initializeIteration$1(453)) - Datanode localhost-236.254.3.80 184a001f-5375-4933-8a96-efe544f79283 is Over-Utilized.
2023-08-30 06:49:50,955 [main] DEBUG balancer.ContainerBalancerTask (ContainerBalancerTask.java:lambda$initializeIteration$1(453)) - Datanode localhost-84.174.254.241 e23fc625-244d-4542-83cc-b3b4626c82a5 is Over-Utilized.
2023-08-30 06:49:50,955 [main] DEBUG balancer.ContainerBalancerTask (ContainerBalancerTask.java:lambda$initializeIteration$1(453)) - Datanode localhost-43.156.122.34 6a86ed1d-5d6f-4988-906b-e38697446f87 is Over-Utilized.
2023-08-30 06:49:50,955 [main] DEBUG balancer.ContainerBalancerTask (ContainerBalancerTask.java:lambda$initializeIteration$1(453)) - Datanode localhost-163.108.238.182 9efbbbb7-53f7-49ae-9b55-1984247ade96 is Over-Utilized.
2023-08-30 06:49:50,955 [main] DEBUG balancer.ContainerBalancerTask (ContainerBalancerTask.java:lambda$initializeIteration$1(453)) - Datanode localhost-44.249.39.238 91ba071f-25ef-4adb-a145-2296d4568e16 is Over-Utilized.
2023-08-30 06:49:50,956 [main] DEBUG balancer.ContainerBalancerTask (ContainerBalancerTask.java:lambda$initializeIteration$2(459)) - Datanode localhost-175.177.236.242 0e49917d-5687-40e7-8f80-026060053d7c is Under-Utilized.
2023-08-30 06:49:50,956 [main] DEBUG balancer.ContainerBalancerTask (ContainerBalancerTask.java:lambda$initializeIteration$2(459)) - Datanode localhost-26.44.207.148 09333e21-95cc-4b14-9e9b-1b32648d29fe is Under-Utilized.
2023-08-30 06:49:50,956 [main] DEBUG balancer.ContainerBalancerTask (ContainerBalancerTask.java:lambda$initializeIteration$2(459)) - Datanode localhost-63.111.199.156 8d52f8d9-8b76-412a-87c2-39858b23e26a is Under-Utilized.
2023-08-30 06:49:50,957 [main] DEBUG balancer.ContainerBalancerTask (ContainerBalancerTask.java:matchSourceWithTarget(708)) - ContainerBalancer is finding suitable target for source datanode 184a001f-5375-4933-8a96-efe544f79283
2023-08-30 06:49:50,958 [main] INFO  balancer.ContainerBalancerTask (ContainerBalancerTask.java:matchSourceWithTarget(722)) - ContainerBalancer matched source datanode 184a001f-5375-4933-8a96-efe544f79283 with target datanode 0e49917d-5687-40e7-8f80-026060053d7c for container move.
2023-08-30 06:49:50,958 [main] INFO  balancer.ContainerBalancerTask (ContainerBalancerTask.java:processMoveSelection(569)) - ContainerBalancer is trying to move container #84 with size 4294967296B from source datanode 184a001f-5375-4933-8a96-efe544f79283 to target datanode 0e49917d-5687-40e7-8f80-026060053d7c
2023-08-30 06:49:50,961 [Thread-24] INFO  balancer.ContainerBalancerTask (ContainerBalancerTask.java:lambda$moveContainer$3(827)) - Container move for container #84 from source 184a001f-5375-4933-8a96-efe544f79283 to target 0e49917d-5687-40e7-8f80-026060053d7c failed with exceptions.
java.util.concurrent.CompletionException: java.lang.RuntimeException: Runtime Exception after doing work
	at java.util.concurrent.CompletableFuture.encodeThrowable(CompletableFuture.java:273)
	at java.util.concurrent.CompletableFuture.completeThrowable(CompletableFuture.java:280)
	at java.util.concurrent.CompletableFuture$AsyncSupply.run(CompletableFuture.java:1606)
	at java.lang.Thread.run(Thread.java:750)
Caused by: java.lang.RuntimeException: Runtime Exception after doing work
	at org.apache.hadoop.hdds.scm.container.balancer.TestContainerBalancerTask.lambda$checkIterationResultException$10(TestContainerBalancerTask.java:1011)
	at java.util.concurrent.CompletableFuture$AsyncSupply.run(CompletableFuture.java:1604)
	... 1 more
2023-08-30 06:49:50,967 [main] DEBUG balancer.ContainerBalancerTask (ContainerBalancerTask.java:matchSourceWithTarget(708)) - ContainerBalancer is finding suitable target for source datanode e23fc625-244d-4542-83cc-b3b4626c82a5
2023-08-30 06:49:50,967 [main] INFO  balancer.ContainerBalancerTask (ContainerBalancerTask.java:matchSourceWithTarget(722)) - ContainerBalancer matched source datanode e23fc625-244d-4542-83cc-b3b4626c82a5 with target datanode 09333e21-95cc-4b14-9e9b-1b32648d29fe for container move.
2023-08-30 06:49:50,968 [main] INFO  balancer.ContainerBalancerTask (ContainerBalancerTask.java:processMoveSelection(569)) - ContainerBalancer is trying to move container #68 with size 5368709120B from source datanode e23fc625-244d-4542-83cc-b3b4626c82a5 to target datanode 09333e21-95cc-4b14-9e9b-1b32648d29fe
2023-08-30 06:49:50,968 [main] WARN  balancer.ContainerBalancerTask (ContainerBalancerTask.java:moveContainer(851)) - Could not find Container #68 for container move
org.apache.hadoop.hdds.scm.container.ContainerNotFoundException: Test Container not found
	at org.apache.hadoop.hdds.scm.container.replication.ReplicationManager.move(ReplicationManager.java:1431)
	at org.apache.hadoop.hdds.scm.container.balancer.ContainerBalancerTask.moveContainer(ContainerBalancerTask.java:817)
	at org.apache.hadoop.hdds.scm.container.balancer.ContainerBalancerTask.processMoveSelection(ContainerBalancerTask.java:576)
	at org.apache.hadoop.hdds.scm.container.balancer.ContainerBalancerTask.doIteration(ContainerBalancerTask.java:534)
	at org.apache.hadoop.hdds.scm.container.balancer.ContainerBalancerTask.balance(ContainerBalancerTask.java:257)
	at org.apache.hadoop.hdds.scm.container.balancer.ContainerBalancerTask.run(ContainerBalancerTask.java:179)
	at org.apache.hadoop.hdds.scm.container.balancer.TestContainerBalancerTask.startBalancer(TestContainerBalancerTask.java:1321)
	at org.apache.hadoop.hdds.scm.container.balancer.TestContainerBalancerTask.checkIterationResultException(TestContainerBalancerTask.java:1024)
	at sun.reflect.NativeMethodAccessorImpl.invoke0(Native Method)
	at sun.reflect.NativeMethodAccessorImpl.invoke(NativeMethodAccessorImpl.java:62)
	at sun.reflect.DelegatingMethodAccessorImpl.invoke(DelegatingMethodAccessorImpl.java:43)
	at java.lang.reflect.Method.invoke(Method.java:498)
	at org.junit.platform.commons.util.ReflectionUtils.invokeMethod(ReflectionUtils.java:725)
	at org.junit.jupiter.engine.execution.MethodInvocation.proceed(MethodInvocation.java:60)
	at org.junit.jupiter.engine.execution.InvocationInterceptorChain$ValidatingInvocation.proceed(InvocationInterceptorChain.java:131)
	at org.junit.jupiter.engine.extension.TimeoutExtension.intercept(TimeoutExtension.java:149)
	at org.junit.jupiter.engine.extension.TimeoutExtension.interceptTestableMethod(TimeoutExtension.java:140)
	at org.junit.jupiter.engine.extension.TimeoutExtension.interceptTestMethod(TimeoutExtension.java:84)
	at org.junit.jupiter.engine.execution.ExecutableInvoker$ReflectiveInterceptorCall.lambda$ofVoidMethod$0(ExecutableInvoker.java:115)
	at org.junit.jupiter.engine.execution.ExecutableInvoker.lambda$invoke$0(ExecutableInvoker.java:105)
	at org.junit.jupiter.engine.execution.InvocationInterceptorChain$InterceptedInvocation.proceed(InvocationInterceptorChain.java:106)
	at org.junit.jupiter.engine.execution.InvocationInterceptorChain.proceed(InvocationInterceptorChain.java:64)
	at org.junit.jupiter.engine.execution.InvocationInterceptorChain.chainAndInvoke(InvocationInterceptorChain.java:45)
	at org.junit.jupiter.engine.execution.InvocationInterceptorChain.invoke(InvocationInterceptorChain.java:37)
	at org.junit.jupiter.engine.execution.ExecutableInvoker.invoke(ExecutableInvoker.java:104)
	at org.junit.jupiter.engine.execution.ExecutableInvoker.invoke(ExecutableInvoker.java:98)
	at org.junit.jupiter.engine.descriptor.TestMethodTestDescriptor.lambda$invokeTestMethod$7(TestMethodTestDescriptor.java:214)
	at org.junit.platform.engine.support.hierarchical.ThrowableCollector.execute(ThrowableCollector.java:73)
	at org.junit.jupiter.engine.descriptor.TestMethodTestDescriptor.invokeTestMethod(TestMethodTestDescriptor.java:210)
	at org.junit.jupiter.engine.descriptor.TestMethodTestDescriptor.execute(TestMethodTestDescriptor.java:135)
	at org.junit.jupiter.engine.descriptor.TestMethodTestDescriptor.execute(TestMethodTestDescriptor.java:66)
	at org.junit.platform.engine.support.hierarchical.NodeTestTask.lambda$executeRecursively$6(NodeTestTask.java:151)
	at org.junit.platform.engine.support.hierarchical.ThrowableCollector.execute(ThrowableCollector.java:73)
	at org.junit.platform.engine.support.hierarchical.NodeTestTask.lambda$executeRecursively$8(NodeTestTask.java:141)
	at org.junit.platform.engine.support.hierarchical.Node.around(Node.java:137)
	at org.junit.platform.engine.support.hierarchical.NodeTestTask.lambda$executeRecursively$9(NodeTestTask.java:139)
	at org.junit.platform.engine.support.hierarchical.ThrowableCollector.execute(ThrowableCollector.java:73)
	at org.junit.platform.engine.support.hierarchical.NodeTestTask.executeRecursively(NodeTestTask.java:138)
	at org.junit.platform.engine.support.hierarchical.NodeTestTask.execute(NodeTestTask.java:95)
	at java.util.ArrayList.forEach(ArrayList.java:1259)
	at org.junit.platform.engine.support.hierarchical.SameThreadHierarchicalTestExecutorService.invokeAll(SameThreadHierarchicalTestExecutorService.java:41)
	at org.junit.platform.engine.support.hierarchical.NodeTestTask.lambda$executeRecursively$6(NodeTestTask.java:155)
	at org.junit.platform.engine.support.hierarchical.ThrowableCollector.execute(ThrowableCollector.java:73)
	at org.junit.platform.engine.support.hierarchical.NodeTestTask.lambda$executeRecursively$8(NodeTestTask.java:141)
	at org.junit.platform.engine.support.hierarchical.Node.around(Node.java:137)
	at org.junit.platform.engine.support.hierarchical.NodeTestTask.lambda$executeRecursively$9(NodeTestTask.java:139)
	at org.junit.platform.engine.support.hierarchical.ThrowableCollector.execute(ThrowableCollector.java:73)
	at org.junit.platform.engine.support.hierarchical.NodeTestTask.executeRecursively(NodeTestTask.java:138)
	at org.junit.platform.engine.support.hierarchical.NodeTestTask.execute(NodeTestTask.java:95)
	at java.util.ArrayList.forEach(ArrayList.java:1259)
	at org.junit.platform.engine.support.hierarchical.SameThreadHierarchicalTestExecutorService.invokeAll(SameThreadHierarchicalTestExecutorService.java:41)
	at org.junit.platform.engine.support.hierarchical.NodeTestTask.lambda$executeRecursively$6(NodeTestTask.java:155)
	at org.junit.platform.engine.support.hierarchical.ThrowableCollector.execute(ThrowableCollector.java:73)
	at org.junit.platform.engine.support.hierarchical.NodeTestTask.lambda$executeRecursively$8(NodeTestTask.java:141)
	at org.junit.platform.engine.support.hierarchical.Node.around(Node.java:137)
	at org.junit.platform.engine.support.hierarchical.NodeTestTask.lambda$executeRecursively$9(NodeTestTask.java:139)
	at org.junit.platform.engine.support.hierarchical.ThrowableCollector.execute(ThrowableCollector.java:73)
	at org.junit.platform.engine.support.hierarchical.NodeTestTask.executeRecursively(NodeTestTask.java:138)
	at org.junit.platform.engine.support.hierarchical.NodeTestTask.execute(NodeTestTask.java:95)
	at org.junit.platform.engine.support.hierarchical.SameThreadHierarchicalTestExecutorService.submit(SameThreadHierarchicalTestExecutorService.java:35)
	at org.junit.platform.engine.support.hierarchical.HierarchicalTestExecutor.execute(HierarchicalTestExecutor.java:57)
	at org.junit.platform.engine.support.hierarchical.HierarchicalTestEngine.execute(HierarchicalTestEngine.java:54)
	at org.junit.platform.launcher.core.EngineExecutionOrchestrator.execute(EngineExecutionOrchestrator.java:107)
	at org.junit.platform.launcher.core.EngineExecutionOrchestrator.execute(EngineExecutionOrchestrator.java:88)
	at org.junit.platform.launcher.core.EngineExecutionOrchestrator.lambda$execute$0(EngineExecutionOrchestrator.java:54)
	at org.junit.platform.launcher.core.EngineExecutionOrchestrator.withInterceptedStreams(EngineExecutionOrchestrator.java:67)
	at org.junit.platform.launcher.core.EngineExecutionOrchestrator.execute(EngineExecutionOrchestrator.java:52)
	at org.junit.platform.launcher.core.DefaultLauncher.execute(DefaultLauncher.java:114)
	at org.junit.platform.launcher.core.DefaultLauncher.execute(DefaultLauncher.java:86)
	at org.junit.platform.launcher.core.DefaultLauncherSession$DelegatingLauncher.execute(DefaultLauncherSession.java:86)
	at org.junit.platform.launcher.core.SessionPerRequestLauncher.execute(SessionPerRequestLauncher.java:53)
	at org.apache.maven.surefire.junitplatform.JUnitPlatformProvider.execute(JUnitPlatformProvider.java:188)
	at org.apache.maven.surefire.junitplatform.JUnitPlatformProvider.invokeAllTests(JUnitPlatformProvider.java:154)
	at org.apache.maven.surefire.junitplatform.JUnitPlatformProvider.invoke(JUnitPlatformProvider.java:124)
	at org.apache.maven.surefire.booter.ForkedBooter.runSuitesInProcess(ForkedBooter.java:428)
	at org.apache.maven.surefire.booter.ForkedBooter.execute(ForkedBooter.java:162)
	at org.apache.maven.surefire.booter.ForkedBooter.run(ForkedBooter.java:562)
	at org.apache.maven.surefire.booter.ForkedBooter.main(ForkedBooter.java:548)
2023-08-30 06:49:50,972 [main] DEBUG balancer.ContainerBalancerTask (ContainerBalancerTask.java:matchSourceWithTarget(708)) - ContainerBalancer is finding suitable target for source datanode 184a001f-5375-4933-8a96-efe544f79283
2023-08-30 06:49:50,972 [main] INFO  balancer.ContainerBalancerTask (ContainerBalancerTask.java:matchSourceWithTarget(722)) - ContainerBalancer matched source datanode 184a001f-5375-4933-8a96-efe544f79283 with target datanode 09333e21-95cc-4b14-9e9b-1b32648d29fe for container move.
2023-08-30 06:49:50,972 [main] INFO  balancer.ContainerBalancerTask (ContainerBalancerTask.java:processMoveSelection(569)) - ContainerBalancer is trying to move container #88 with size 3221225472B from source datanode 184a001f-5375-4933-8a96-efe544f79283 to target datanode 09333e21-95cc-4b14-9e9b-1b32648d29fe
2023-08-30 06:49:50,972 [main] INFO  balancer.ContainerBalancerTask (ContainerBalancerTask.java:lambda$moveContainer$3(827)) - Container move for container #88 from source 184a001f-5375-4933-8a96-efe544f79283 to target 09333e21-95cc-4b14-9e9b-1b32648d29fe failed with exceptions.
java.lang.RuntimeException: Runtime Exception
	at org.apache.hadoop.hdds.scm.container.balancer.TestContainerBalancerTask.checkIterationResultException(TestContainerBalancerTask.java:1002)
	at sun.reflect.NativeMethodAccessorImpl.invoke0(Native Method)
	at sun.reflect.NativeMethodAccessorImpl.invoke(NativeMethodAccessorImpl.java:62)
	at sun.reflect.DelegatingMethodAccessorImpl.invoke(DelegatingMethodAccessorImpl.java:43)
	at java.lang.reflect.Method.invoke(Method.java:498)
	at org.junit.platform.commons.util.ReflectionUtils.invokeMethod(ReflectionUtils.java:725)
	at org.junit.jupiter.engine.execution.MethodInvocation.proceed(MethodInvocation.java:60)
	at org.junit.jupiter.engine.execution.InvocationInterceptorChain$ValidatingInvocation.proceed(InvocationInterceptorChain.java:131)
	at org.junit.jupiter.engine.extension.TimeoutExtension.intercept(TimeoutExtension.java:149)
	at org.junit.jupiter.engine.extension.TimeoutExtension.interceptTestableMethod(TimeoutExtension.java:140)
	at org.junit.jupiter.engine.extension.TimeoutExtension.interceptTestMethod(TimeoutExtension.java:84)
	at org.junit.jupiter.engine.execution.ExecutableInvoker$ReflectiveInterceptorCall.lambda$ofVoidMethod$0(ExecutableInvoker.java:115)
	at org.junit.jupiter.engine.execution.ExecutableInvoker.lambda$invoke$0(ExecutableInvoker.java:105)
	at org.junit.jupiter.engine.execution.InvocationInterceptorChain$InterceptedInvocation.proceed(InvocationInterceptorChain.java:106)
	at org.junit.jupiter.engine.execution.InvocationInterceptorChain.proceed(InvocationInterceptorChain.java:64)
	at org.junit.jupiter.engine.execution.InvocationInterceptorChain.chainAndInvoke(InvocationInterceptorChain.java:45)
	at org.junit.jupiter.engine.execution.InvocationInterceptorChain.invoke(InvocationInterceptorChain.java:37)
	at org.junit.jupiter.engine.execution.ExecutableInvoker.invoke(ExecutableInvoker.java:104)
	at org.junit.jupiter.engine.execution.ExecutableInvoker.invoke(ExecutableInvoker.java:98)
	at org.junit.jupiter.engine.descriptor.TestMethodTestDescriptor.lambda$invokeTestMethod$7(TestMethodTestDescriptor.java:214)
	at org.junit.platform.engine.support.hierarchical.ThrowableCollector.execute(ThrowableCollector.java:73)
	at org.junit.jupiter.engine.descriptor.TestMethodTestDescriptor.invokeTestMethod(TestMethodTestDescriptor.java:210)
	at org.junit.jupiter.engine.descriptor.TestMethodTestDescriptor.execute(TestMethodTestDescriptor.java:135)
	at org.junit.jupiter.engine.descriptor.TestMethodTestDescriptor.execute(TestMethodTestDescriptor.java:66)
	at org.junit.platform.engine.support.hierarchical.NodeTestTask.lambda$executeRecursively$6(NodeTestTask.java:151)
	at org.junit.platform.engine.support.hierarchical.ThrowableCollector.execute(ThrowableCollector.java:73)
	at org.junit.platform.engine.support.hierarchical.NodeTestTask.lambda$executeRecursively$8(NodeTestTask.java:141)
	at org.junit.platform.engine.support.hierarchical.Node.around(Node.java:137)
	at org.junit.platform.engine.support.hierarchical.NodeTestTask.lambda$executeRecursively$9(NodeTestTask.java:139)
	at org.junit.platform.engine.support.hierarchical.ThrowableCollector.execute(ThrowableCollector.java:73)
	at org.junit.platform.engine.support.hierarchical.NodeTestTask.executeRecursively(NodeTestTask.java:138)
	at org.junit.platform.engine.support.hierarchical.NodeTestTask.execute(NodeTestTask.java:95)
	at java.util.ArrayList.forEach(ArrayList.java:1259)
	at org.junit.platform.engine.support.hierarchical.SameThreadHierarchicalTestExecutorService.invokeAll(SameThreadHierarchicalTestExecutorService.java:41)
	at org.junit.platform.engine.support.hierarchical.NodeTestTask.lambda$executeRecursively$6(NodeTestTask.java:155)
	at org.junit.platform.engine.support.hierarchical.ThrowableCollector.execute(ThrowableCollector.java:73)
	at org.junit.platform.engine.support.hierarchical.NodeTestTask.lambda$executeRecursively$8(NodeTestTask.java:141)
	at org.junit.platform.engine.support.hierarchical.Node.around(Node.java:137)
	at org.junit.platform.engine.support.hierarchical.NodeTestTask.lambda$executeRecursively$9(NodeTestTask.java:139)
	at org.junit.platform.engine.support.hierarchical.ThrowableCollector.execute(ThrowableCollector.java:73)
	at org.junit.platform.engine.support.hierarchical.NodeTestTask.executeRecursively(NodeTestTask.java:138)
	at org.junit.platform.engine.support.hierarchical.NodeTestTask.execute(NodeTestTask.java:95)
	at java.util.ArrayList.forEach(ArrayList.java:1259)
	at org.junit.platform.engine.support.hierarchical.SameThreadHierarchicalTestExecutorService.invokeAll(SameThreadHierarchicalTestExecutorService.java:41)
	at org.junit.platform.engine.support.hierarchical.NodeTestTask.lambda$executeRecursively$6(NodeTestTask.java:155)
	at org.junit.platform.engine.support.hierarchical.ThrowableCollector.execute(ThrowableCollector.java:73)
	at org.junit.platform.engine.support.hierarchical.NodeTestTask.lambda$executeRecursively$8(NodeTestTask.java:141)
	at org.junit.platform.engine.support.hierarchical.Node.around(Node.java:137)
	at org.junit.platform.engine.support.hierarchical.NodeTestTask.lambda$executeRecursively$9(NodeTestTask.java:139)
	at org.junit.platform.engine.support.hierarchical.ThrowableCollector.execute(ThrowableCollector.java:73)
	at org.junit.platform.engine.support.hierarchical.NodeTestTask.executeRecursively(NodeTestTask.java:138)
	at org.junit.platform.engine.support.hierarchical.NodeTestTask.execute(NodeTestTask.java:95)
	at org.junit.platform.engine.support.hierarchical.SameThreadHierarchicalTestExecutorService.submit(SameThreadHierarchicalTestExecutorService.java:35)
	at org.junit.platform.engine.support.hierarchical.HierarchicalTestExecutor.execute(HierarchicalTestExecutor.java:57)
	at org.junit.platform.engine.support.hierarchical.HierarchicalTestEngine.execute(HierarchicalTestEngine.java:54)
	at org.junit.platform.launcher.core.EngineExecutionOrchestrator.execute(EngineExecutionOrchestrator.java:107)
	at org.junit.platform.launcher.core.EngineExecutionOrchestrator.execute(EngineExecutionOrchestrator.java:88)
	at org.junit.platform.launcher.core.EngineExecutionOrchestrator.lambda$execute$0(EngineExecutionOrchestrator.java:54)
	at org.junit.platform.launcher.core.EngineExecutionOrchestrator.withInterceptedStreams(EngineExecutionOrchestrator.java:67)
	at org.junit.platform.launcher.core.EngineExecutionOrchestrator.execute(EngineExecutionOrchestrator.java:52)
	at org.junit.platform.launcher.core.DefaultLauncher.execute(DefaultLauncher.java:114)
	at org.junit.platform.launcher.core.DefaultLauncher.execute(DefaultLauncher.java:86)
	at org.junit.platform.launcher.core.DefaultLauncherSession$DelegatingLauncher.execute(DefaultLauncherSession.java:86)
	at org.junit.platform.launcher.core.SessionPerRequestLauncher.execute(SessionPerRequestLauncher.java:53)
	at org.apache.maven.surefire.junitplatform.JUnitPlatformProvider.execute(JUnitPlatformProvider.java:188)
	at org.apache.maven.surefire.junitplatform.JUnitPlatformProvider.invokeAllTests(JUnitPlatformProvider.java:154)
	at org.apache.maven.surefire.junitplatform.JUnitPlatformProvider.invoke(JUnitPlatformProvider.java:124)
	at org.apache.maven.surefire.booter.ForkedBooter.runSuitesInProcess(ForkedBooter.java:428)
	at org.apache.maven.surefire.booter.ForkedBooter.execute(ForkedBooter.java:162)
	at org.apache.maven.surefire.booter.ForkedBooter.run(ForkedBooter.java:562)
	at org.apache.maven.surefire.booter.ForkedBooter.main(ForkedBooter.java:548)
2023-08-30 06:49:50,975 [main] DEBUG balancer.ContainerBalancerTask (ContainerBalancerTask.java:matchSourceWithTarget(708)) - ContainerBalancer is finding suitable target for source datanode 6a86ed1d-5d6f-4988-906b-e38697446f87
2023-08-30 06:49:50,975 [main] INFO  balancer.ContainerBalancerTask (ContainerBalancerTask.java:matchSourceWithTarget(722)) - ContainerBalancer matched source datanode 6a86ed1d-5d6f-4988-906b-e38697446f87 with target datanode 09333e21-95cc-4b14-9e9b-1b32648d29fe for container move.
2023-08-30 06:49:50,975 [main] INFO  balancer.ContainerBalancerTask (ContainerBalancerTask.java:processMoveSelection(569)) - ContainerBalancer is trying to move container #52 with size 4294967296B from source datanode 6a86ed1d-5d6f-4988-906b-e38697446f87 to target datanode 09333e21-95cc-4b14-9e9b-1b32648d29fe
2023-08-30 06:49:50,976 [main] INFO  balancer.ContainerBalancerTask (ContainerBalancerTask.java:lambda$moveContainer$3(827)) - Container move for container #52 from source 6a86ed1d-5d6f-4988-906b-e38697446f87 to target 09333e21-95cc-4b14-9e9b-1b32648d29fe failed with exceptions.
java.lang.RuntimeException: Runtime Exception
	at org.apache.hadoop.hdds.scm.container.balancer.TestContainerBalancerTask.checkIterationResultException(TestContainerBalancerTask.java:1002)
	at sun.reflect.NativeMethodAccessorImpl.invoke0(Native Method)
	at sun.reflect.NativeMethodAccessorImpl.invoke(NativeMethodAccessorImpl.java:62)
	at sun.reflect.DelegatingMethodAccessorImpl.invoke(DelegatingMethodAccessorImpl.java:43)
	at java.lang.reflect.Method.invoke(Method.java:498)
	at org.junit.platform.commons.util.ReflectionUtils.invokeMethod(ReflectionUtils.java:725)
	at org.junit.jupiter.engine.execution.MethodInvocation.proceed(MethodInvocation.java:60)
	at org.junit.jupiter.engine.execution.InvocationInterceptorChain$ValidatingInvocation.proceed(InvocationInterceptorChain.java:131)
	at org.junit.jupiter.engine.extension.TimeoutExtension.intercept(TimeoutExtension.java:149)
	at org.junit.jupiter.engine.extension.TimeoutExtension.interceptTestableMethod(TimeoutExtension.java:140)
	at org.junit.jupiter.engine.extension.TimeoutExtension.interceptTestMethod(TimeoutExtension.java:84)
	at org.junit.jupiter.engine.execution.ExecutableInvoker$ReflectiveInterceptorCall.lambda$ofVoidMethod$0(ExecutableInvoker.java:115)
	at org.junit.jupiter.engine.execution.ExecutableInvoker.lambda$invoke$0(ExecutableInvoker.java:105)
	at org.junit.jupiter.engine.execution.InvocationInterceptorChain$InterceptedInvocation.proceed(InvocationInterceptorChain.java:106)
	at org.junit.jupiter.engine.execution.InvocationInterceptorChain.proceed(InvocationInterceptorChain.java:64)
	at org.junit.jupiter.engine.execution.InvocationInterceptorChain.chainAndInvoke(InvocationInterceptorChain.java:45)
	at org.junit.jupiter.engine.execution.InvocationInterceptorChain.invoke(InvocationInterceptorChain.java:37)
	at org.junit.jupiter.engine.execution.ExecutableInvoker.invoke(ExecutableInvoker.java:104)
	at org.junit.jupiter.engine.execution.ExecutableInvoker.invoke(ExecutableInvoker.java:98)
	at org.junit.jupiter.engine.descriptor.TestMethodTestDescriptor.lambda$invokeTestMethod$7(TestMethodTestDescriptor.java:214)
	at org.junit.platform.engine.support.hierarchical.ThrowableCollector.execute(ThrowableCollector.java:73)
	at org.junit.jupiter.engine.descriptor.TestMethodTestDescriptor.invokeTestMethod(TestMethodTestDescriptor.java:210)
	at org.junit.jupiter.engine.descriptor.TestMethodTestDescriptor.execute(TestMethodTestDescriptor.java:135)
	at org.junit.jupiter.engine.descriptor.TestMethodTestDescriptor.execute(TestMethodTestDescriptor.java:66)
	at org.junit.platform.engine.support.hierarchical.NodeTestTask.lambda$executeRecursively$6(NodeTestTask.java:151)
	at org.junit.platform.engine.support.hierarchical.ThrowableCollector.execute(ThrowableCollector.java:73)
	at org.junit.platform.engine.support.hierarchical.NodeTestTask.lambda$executeRecursively$8(NodeTestTask.java:141)
	at org.junit.platform.engine.support.hierarchical.Node.around(Node.java:137)
	at org.junit.platform.engine.support.hierarchical.NodeTestTask.lambda$executeRecursively$9(NodeTestTask.java:139)
	at org.junit.platform.engine.support.hierarchical.ThrowableCollector.execute(ThrowableCollector.java:73)
	at org.junit.platform.engine.support.hierarchical.NodeTestTask.executeRecursively(NodeTestTask.java:138)
	at org.junit.platform.engine.support.hierarchical.NodeTestTask.execute(NodeTestTask.java:95)
	at java.util.ArrayList.forEach(ArrayList.java:1259)
	at org.junit.platform.engine.support.hierarchical.SameThreadHierarchicalTestExecutorService.invokeAll(SameThreadHierarchicalTestExecutorService.java:41)
	at org.junit.platform.engine.support.hierarchical.NodeTestTask.lambda$executeRecursively$6(NodeTestTask.java:155)
	at org.junit.platform.engine.support.hierarchical.ThrowableCollector.execute(ThrowableCollector.java:73)
	at org.junit.platform.engine.support.hierarchical.NodeTestTask.lambda$executeRecursively$8(NodeTestTask.java:141)
	at org.junit.platform.engine.support.hierarchical.Node.around(Node.java:137)
	at org.junit.platform.engine.support.hierarchical.NodeTestTask.lambda$executeRecursively$9(NodeTestTask.java:139)
	at org.junit.platform.engine.support.hierarchical.ThrowableCollector.execute(ThrowableCollector.java:73)
	at org.junit.platform.engine.support.hierarchical.NodeTestTask.executeRecursively(NodeTestTask.java:138)
	at org.junit.platform.engine.support.hierarchical.NodeTestTask.execute(NodeTestTask.java:95)
	at java.util.ArrayList.forEach(ArrayList.java:1259)
	at org.junit.platform.engine.support.hierarchical.SameThreadHierarchicalTestExecutorService.invokeAll(SameThreadHierarchicalTestExecutorService.java:41)
	at org.junit.platform.engine.support.hierarchical.NodeTestTask.lambda$executeRecursively$6(NodeTestTask.java:155)
	at org.junit.platform.engine.support.hierarchical.ThrowableCollector.execute(ThrowableCollector.java:73)
	at org.junit.platform.engine.support.hierarchical.NodeTestTask.lambda$executeRecursively$8(NodeTestTask.java:141)
	at org.junit.platform.engine.support.hierarchical.Node.around(Node.java:137)
	at org.junit.platform.engine.support.hierarchical.NodeTestTask.lambda$executeRecursively$9(NodeTestTask.java:139)
	at org.junit.platform.engine.support.hierarchical.ThrowableCollector.execute(ThrowableCollector.java:73)
	at org.junit.platform.engine.support.hierarchical.NodeTestTask.executeRecursively(NodeTestTask.java:138)
	at org.junit.platform.engine.support.hierarchical.NodeTestTask.execute(NodeTestTask.java:95)
	at org.junit.platform.engine.support.hierarchical.SameThreadHierarchicalTestExecutorService.submit(SameThreadHierarchicalTestExecutorService.java:35)
	at org.junit.platform.engine.support.hierarchical.HierarchicalTestExecutor.execute(HierarchicalTestExecutor.java:57)
	at org.junit.platform.engine.support.hierarchical.HierarchicalTestEngine.execute(HierarchicalTestEngine.java:54)
	at org.junit.platform.launcher.core.EngineExecutionOrchestrator.execute(EngineExecutionOrchestrator.java:107)
	at org.junit.platform.launcher.core.EngineExecutionOrchestrator.execute(EngineExecutionOrchestrator.java:88)
	at org.junit.platform.launcher.core.EngineExecutionOrchestrator.lambda$execute$0(EngineExecutionOrchestrator.java:54)
	at org.junit.platform.launcher.core.EngineExecutionOrchestrator.withInterceptedStreams(EngineExecutionOrchestrator.java:67)
	at org.junit.platform.launcher.core.EngineExecutionOrchestrator.execute(EngineExecutionOrchestrator.java:52)
	at org.junit.platform.launcher.core.DefaultLauncher.execute(DefaultLauncher.java:114)
	at org.junit.platform.launcher.core.DefaultLauncher.execute(DefaultLauncher.java:86)
	at org.junit.platform.launcher.core.DefaultLauncherSession$DelegatingLauncher.execute(DefaultLauncherSession.java:86)
	at org.junit.platform.launcher.core.SessionPerRequestLauncher.execute(SessionPerRequestLauncher.java:53)
	at org.apache.maven.surefire.junitplatform.JUnitPlatformProvider.execute(JUnitPlatformProvider.java:188)
	at org.apache.maven.surefire.junitplatform.JUnitPlatformProvider.invokeAllTests(JUnitPlatformProvider.java:154)
	at org.apache.maven.surefire.junitplatform.JUnitPlatformProvider.invoke(JUnitPlatformProvider.java:124)
	at org.apache.maven.surefire.booter.ForkedBooter.runSuitesInProcess(ForkedBooter.java:428)
	at org.apache.maven.surefire.booter.ForkedBooter.execute(ForkedBooter.java:162)
	at org.apache.maven.surefire.booter.ForkedBooter.run(ForkedBooter.java:562)
	at org.apache.maven.surefire.booter.ForkedBooter.main(ForkedBooter.java:548)
2023-08-30 06:49:50,978 [main] DEBUG balancer.ContainerBalancerTask (ContainerBalancerTask.java:matchSourceWithTarget(708)) - ContainerBalancer is finding suitable target for source datanode 9efbbbb7-53f7-49ae-9b55-1984247ade96
2023-08-30 06:49:50,978 [main] INFO  balancer.ContainerBalancerTask (ContainerBalancerTask.java:matchSourceWithTarget(722)) - ContainerBalancer matched source datanode 9efbbbb7-53f7-49ae-9b55-1984247ade96 with target datanode 09333e21-95cc-4b14-9e9b-1b32648d29fe for container move.
2023-08-30 06:49:50,978 [main] INFO  balancer.ContainerBalancerTask (ContainerBalancerTask.java:processMoveSelection(569)) - ContainerBalancer is trying to move container #40 with size 5368709120B from source datanode 9efbbbb7-53f7-49ae-9b55-1984247ade96 to target datanode 09333e21-95cc-4b14-9e9b-1b32648d29fe
2023-08-30 06:49:50,979 [main] INFO  balancer.ContainerBalancerTask (ContainerBalancerTask.java:lambda$moveContainer$3(827)) - Container move for container #40 from source 9efbbbb7-53f7-49ae-9b55-1984247ade96 to target 09333e21-95cc-4b14-9e9b-1b32648d29fe failed with exceptions.
java.lang.RuntimeException: Runtime Exception
	at org.apache.hadoop.hdds.scm.container.balancer.TestContainerBalancerTask.checkIterationResultException(TestContainerBalancerTask.java:1002)
	at sun.reflect.NativeMethodAccessorImpl.invoke0(Native Method)
	at sun.reflect.NativeMethodAccessorImpl.invoke(NativeMethodAccessorImpl.java:62)
	at sun.reflect.DelegatingMethodAccessorImpl.invoke(DelegatingMethodAccessorImpl.java:43)
	at java.lang.reflect.Method.invoke(Method.java:498)
	at org.junit.platform.commons.util.ReflectionUtils.invokeMethod(ReflectionUtils.java:725)
	at org.junit.jupiter.engine.execution.MethodInvocation.proceed(MethodInvocation.java:60)
	at org.junit.jupiter.engine.execution.InvocationInterceptorChain$ValidatingInvocation.proceed(InvocationInterceptorChain.java:131)
	at org.junit.jupiter.engine.extension.TimeoutExtension.intercept(TimeoutExtension.java:149)
	at org.junit.jupiter.engine.extension.TimeoutExtension.interceptTestableMethod(TimeoutExtension.java:140)
	at org.junit.jupiter.engine.extension.TimeoutExtension.interceptTestMethod(TimeoutExtension.java:84)
	at org.junit.jupiter.engine.execution.ExecutableInvoker$ReflectiveInterceptorCall.lambda$ofVoidMethod$0(ExecutableInvoker.java:115)
	at org.junit.jupiter.engine.execution.ExecutableInvoker.lambda$invoke$0(ExecutableInvoker.java:105)
	at org.junit.jupiter.engine.execution.InvocationInterceptorChain$InterceptedInvocation.proceed(InvocationInterceptorChain.java:106)
	at org.junit.jupiter.engine.execution.InvocationInterceptorChain.proceed(InvocationInterceptorChain.java:64)
	at org.junit.jupiter.engine.execution.InvocationInterceptorChain.chainAndInvoke(InvocationInterceptorChain.java:45)
	at org.junit.jupiter.engine.execution.InvocationInterceptorChain.invoke(InvocationInterceptorChain.java:37)
	at org.junit.jupiter.engine.execution.ExecutableInvoker.invoke(ExecutableInvoker.java:104)
	at org.junit.jupiter.engine.execution.ExecutableInvoker.invoke(ExecutableInvoker.java:98)
	at org.junit.jupiter.engine.descriptor.TestMethodTestDescriptor.lambda$invokeTestMethod$7(TestMethodTestDescriptor.java:214)
	at org.junit.platform.engine.support.hierarchical.ThrowableCollector.execute(ThrowableCollector.java:73)
	at org.junit.jupiter.engine.descriptor.TestMethodTestDescriptor.invokeTestMethod(TestMethodTestDescriptor.java:210)
	at org.junit.jupiter.engine.descriptor.TestMethodTestDescriptor.execute(TestMethodTestDescriptor.java:135)
	at org.junit.jupiter.engine.descriptor.TestMethodTestDescriptor.execute(TestMethodTestDescriptor.java:66)
	at org.junit.platform.engine.support.hierarchical.NodeTestTask.lambda$executeRecursively$6(NodeTestTask.java:151)
	at org.junit.platform.engine.support.hierarchical.ThrowableCollector.execute(ThrowableCollector.java:73)
	at org.junit.platform.engine.support.hierarchical.NodeTestTask.lambda$executeRecursively$8(NodeTestTask.java:141)
	at org.junit.platform.engine.support.hierarchical.Node.around(Node.java:137)
	at org.junit.platform.engine.support.hierarchical.NodeTestTask.lambda$executeRecursively$9(NodeTestTask.java:139)
	at org.junit.platform.engine.support.hierarchical.ThrowableCollector.execute(ThrowableCollector.java:73)
	at org.junit.platform.engine.support.hierarchical.NodeTestTask.executeRecursively(NodeTestTask.java:138)
	at org.junit.platform.engine.support.hierarchical.NodeTestTask.execute(NodeTestTask.java:95)
	at java.util.ArrayList.forEach(ArrayList.java:1259)
	at org.junit.platform.engine.support.hierarchical.SameThreadHierarchicalTestExecutorService.invokeAll(SameThreadHierarchicalTestExecutorService.java:41)
	at org.junit.platform.engine.support.hierarchical.NodeTestTask.lambda$executeRecursively$6(NodeTestTask.java:155)
	at org.junit.platform.engine.support.hierarchical.ThrowableCollector.execute(ThrowableCollector.java:73)
	at org.junit.platform.engine.support.hierarchical.NodeTestTask.lambda$executeRecursively$8(NodeTestTask.java:141)
	at org.junit.platform.engine.support.hierarchical.Node.around(Node.java:137)
	at org.junit.platform.engine.support.hierarchical.NodeTestTask.lambda$executeRecursively$9(NodeTestTask.java:139)
	at org.junit.platform.engine.support.hierarchical.ThrowableCollector.execute(ThrowableCollector.java:73)
	at org.junit.platform.engine.support.hierarchical.NodeTestTask.executeRecursively(NodeTestTask.java:138)
	at org.junit.platform.engine.support.hierarchical.NodeTestTask.execute(NodeTestTask.java:95)
	at java.util.ArrayList.forEach(ArrayList.java:1259)
	at org.junit.platform.engine.support.hierarchical.SameThreadHierarchicalTestExecutorService.invokeAll(SameThreadHierarchicalTestExecutorService.java:41)
	at org.junit.platform.engine.support.hierarchical.NodeTestTask.lambda$executeRecursively$6(NodeTestTask.java:155)
	at org.junit.platform.engine.support.hierarchical.ThrowableCollector.execute(ThrowableCollector.java:73)
	at org.junit.platform.engine.support.hierarchical.NodeTestTask.lambda$executeRecursively$8(NodeTestTask.java:141)
	at org.junit.platform.engine.support.hierarchical.Node.around(Node.java:137)
	at org.junit.platform.engine.support.hierarchical.NodeTestTask.lambda$executeRecursively$9(NodeTestTask.java:139)
	at org.junit.platform.engine.support.hierarchical.ThrowableCollector.execute(ThrowableCollector.java:73)
	at org.junit.platform.engine.support.hierarchical.NodeTestTask.executeRecursively(NodeTestTask.java:138)
	at org.junit.platform.engine.support.hierarchical.NodeTestTask.execute(NodeTestTask.java:95)
	at org.junit.platform.engine.support.hierarchical.SameThreadHierarchicalTestExecutorService.submit(SameThreadHierarchicalTestExecutorService.java:35)
	at org.junit.platform.engine.support.hierarchical.HierarchicalTestExecutor.execute(HierarchicalTestExecutor.java:57)
	at org.junit.platform.engine.support.hierarchical.HierarchicalTestEngine.execute(HierarchicalTestEngine.java:54)
	at org.junit.platform.launcher.core.EngineExecutionOrchestrator.execute(EngineExecutionOrchestrator.java:107)
	at org.junit.platform.launcher.core.EngineExecutionOrchestrator.execute(EngineExecutionOrchestrator.java:88)
	at org.junit.platform.launcher.core.EngineExecutionOrchestrator.lambda$execute$0(EngineExecutionOrchestrator.java:54)
	at org.junit.platform.launcher.core.EngineExecutionOrchestrator.withInterceptedStreams(EngineExecutionOrchestrator.java:67)
	at org.junit.platform.launcher.core.EngineExecutionOrchestrator.execute(EngineExecutionOrchestrator.java:52)
	at org.junit.platform.launcher.core.DefaultLauncher.execute(DefaultLauncher.java:114)
	at org.junit.platform.launcher.core.DefaultLauncher.execute(DefaultLauncher.java:86)
	at org.junit.platform.launcher.core.DefaultLauncherSession$DelegatingLauncher.execute(DefaultLauncherSession.java:86)
	at org.junit.platform.launcher.core.SessionPerRequestLauncher.execute(SessionPerRequestLauncher.java:53)
	at org.apache.maven.surefire.junitplatform.JUnitPlatformProvider.execute(JUnitPlatformProvider.java:188)
	at org.apache.maven.surefire.junitplatform.JUnitPlatformProvider.invokeAllTests(JUnitPlatformProvider.java:154)
	at org.apache.maven.surefire.junitplatform.JUnitPlatformProvider.invoke(JUnitPlatformProvider.java:124)
	at org.apache.maven.surefire.booter.ForkedBooter.runSuitesInProcess(ForkedBooter.java:428)
	at org.apache.maven.surefire.booter.ForkedBooter.execute(ForkedBooter.java:162)
	at org.apache.maven.surefire.booter.ForkedBooter.run(ForkedBooter.java:562)
	at org.apache.maven.surefire.booter.ForkedBooter.main(ForkedBooter.java:548)
2023-08-30 06:49:50,981 [main] DEBUG balancer.ContainerBalancerTask (ContainerBalancerTask.java:matchSourceWithTarget(708)) - ContainerBalancer is finding suitable target for source datanode 91ba071f-25ef-4adb-a145-2296d4568e16
2023-08-30 06:49:50,982 [main] INFO  balancer.ContainerBalancerTask (ContainerBalancerTask.java:matchSourceWithTarget(722)) - ContainerBalancer matched source datanode 91ba071f-25ef-4adb-a145-2296d4568e16 with target datanode 09333e21-95cc-4b14-9e9b-1b32648d29fe for container move.
2023-08-30 06:49:50,982 [main] INFO  balancer.ContainerBalancerTask (ContainerBalancerTask.java:processMoveSelection(569)) - ContainerBalancer is trying to move container #68 with size 5368709120B from source datanode 91ba071f-25ef-4adb-a145-2296d4568e16 to target datanode 09333e21-95cc-4b14-9e9b-1b32648d29fe
2023-08-30 06:49:50,982 [main] INFO  balancer.ContainerBalancerTask (ContainerBalancerTask.java:lambda$moveContainer$3(827)) - Container move for container #68 from source 91ba071f-25ef-4adb-a145-2296d4568e16 to target 09333e21-95cc-4b14-9e9b-1b32648d29fe failed with exceptions.
java.lang.RuntimeException: Runtime Exception
	at org.apache.hadoop.hdds.scm.container.balancer.TestContainerBalancerTask.checkIterationResultException(TestContainerBalancerTask.java:1002)
	at sun.reflect.NativeMethodAccessorImpl.invoke0(Native Method)
	at sun.reflect.NativeMethodAccessorImpl.invoke(NativeMethodAccessorImpl.java:62)
	at sun.reflect.DelegatingMethodAccessorImpl.invoke(DelegatingMethodAccessorImpl.java:43)
	at java.lang.reflect.Method.invoke(Method.java:498)
	at org.junit.platform.commons.util.ReflectionUtils.invokeMethod(ReflectionUtils.java:725)
	at org.junit.jupiter.engine.execution.MethodInvocation.proceed(MethodInvocation.java:60)
	at org.junit.jupiter.engine.execution.InvocationInterceptorChain$ValidatingInvocation.proceed(InvocationInterceptorChain.java:131)
	at org.junit.jupiter.engine.extension.TimeoutExtension.intercept(TimeoutExtension.java:149)
	at org.junit.jupiter.engine.extension.TimeoutExtension.interceptTestableMethod(TimeoutExtension.java:140)
	at org.junit.jupiter.engine.extension.TimeoutExtension.interceptTestMethod(TimeoutExtension.java:84)
	at org.junit.jupiter.engine.execution.ExecutableInvoker$ReflectiveInterceptorCall.lambda$ofVoidMethod$0(ExecutableInvoker.java:115)
	at org.junit.jupiter.engine.execution.ExecutableInvoker.lambda$invoke$0(ExecutableInvoker.java:105)
	at org.junit.jupiter.engine.execution.InvocationInterceptorChain$InterceptedInvocation.proceed(InvocationInterceptorChain.java:106)
	at org.junit.jupiter.engine.execution.InvocationInterceptorChain.proceed(InvocationInterceptorChain.java:64)
	at org.junit.jupiter.engine.execution.InvocationInterceptorChain.chainAndInvoke(InvocationInterceptorChain.java:45)
	at org.junit.jupiter.engine.execution.InvocationInterceptorChain.invoke(InvocationInterceptorChain.java:37)
	at org.junit.jupiter.engine.execution.ExecutableInvoker.invoke(ExecutableInvoker.java:104)
	at org.junit.jupiter.engine.execution.ExecutableInvoker.invoke(ExecutableInvoker.java:98)
	at org.junit.jupiter.engine.descriptor.TestMethodTestDescriptor.lambda$invokeTestMethod$7(TestMethodTestDescriptor.java:214)
	at org.junit.platform.engine.support.hierarchical.ThrowableCollector.execute(ThrowableCollector.java:73)
	at org.junit.jupiter.engine.descriptor.TestMethodTestDescriptor.invokeTestMethod(TestMethodTestDescriptor.java:210)
	at org.junit.jupiter.engine.descriptor.TestMethodTestDescriptor.execute(TestMethodTestDescriptor.java:135)
	at org.junit.jupiter.engine.descriptor.TestMethodTestDescriptor.execute(TestMethodTestDescriptor.java:66)
	at org.junit.platform.engine.support.hierarchical.NodeTestTask.lambda$executeRecursively$6(NodeTestTask.java:151)
	at org.junit.platform.engine.support.hierarchical.ThrowableCollector.execute(ThrowableCollector.java:73)
	at org.junit.platform.engine.support.hierarchical.NodeTestTask.lambda$executeRecursively$8(NodeTestTask.java:141)
	at org.junit.platform.engine.support.hierarchical.Node.around(Node.java:137)
	at org.junit.platform.engine.support.hierarchical.NodeTestTask.lambda$executeRecursively$9(NodeTestTask.java:139)
	at org.junit.platform.engine.support.hierarchical.ThrowableCollector.execute(ThrowableCollector.java:73)
	at org.junit.platform.engine.support.hierarchical.NodeTestTask.executeRecursively(NodeTestTask.java:138)
	at org.junit.platform.engine.support.hierarchical.NodeTestTask.execute(NodeTestTask.java:95)
	at java.util.ArrayList.forEach(ArrayList.java:1259)
	at org.junit.platform.engine.support.hierarchical.SameThreadHierarchicalTestExecutorService.invokeAll(SameThreadHierarchicalTestExecutorService.java:41)
	at org.junit.platform.engine.support.hierarchical.NodeTestTask.lambda$executeRecursively$6(NodeTestTask.java:155)
	at org.junit.platform.engine.support.hierarchical.ThrowableCollector.execute(ThrowableCollector.java:73)
	at org.junit.platform.engine.support.hierarchical.NodeTestTask.lambda$executeRecursively$8(NodeTestTask.java:141)
	at org.junit.platform.engine.support.hierarchical.Node.around(Node.java:137)
	at org.junit.platform.engine.support.hierarchical.NodeTestTask.lambda$executeRecursively$9(NodeTestTask.java:139)
	at org.junit.platform.engine.support.hierarchical.ThrowableCollector.execute(ThrowableCollector.java:73)
	at org.junit.platform.engine.support.hierarchical.NodeTestTask.executeRecursively(NodeTestTask.java:138)
	at org.junit.platform.engine.support.hierarchical.NodeTestTask.execute(NodeTestTask.java:95)
	at java.util.ArrayList.forEach(ArrayList.java:1259)
	at org.junit.platform.engine.support.hierarchical.SameThreadHierarchicalTestExecutorService.invokeAll(SameThreadHierarchicalTestExecutorService.java:41)
	at org.junit.platform.engine.support.hierarchical.NodeTestTask.lambda$executeRecursively$6(NodeTestTask.java:155)
	at org.junit.platform.engine.support.hierarchical.ThrowableCollector.execute(ThrowableCollector.java:73)
	at org.junit.platform.engine.support.hierarchical.NodeTestTask.lambda$executeRecursively$8(NodeTestTask.java:141)
	at org.junit.platform.engine.support.hierarchical.Node.around(Node.java:137)
	at org.junit.platform.engine.support.hierarchical.NodeTestTask.lambda$executeRecursively$9(NodeTestTask.java:139)
	at org.junit.platform.engine.support.hierarchical.ThrowableCollector.execute(ThrowableCollector.java:73)
	at org.junit.platform.engine.support.hierarchical.NodeTestTask.executeRecursively(NodeTestTask.java:138)
	at org.junit.platform.engine.support.hierarchical.NodeTestTask.execute(NodeTestTask.java:95)
	at org.junit.platform.engine.support.hierarchical.SameThreadHierarchicalTestExecutorService.submit(SameThreadHierarchicalTestExecutorService.java:35)
	at org.junit.platform.engine.support.hierarchical.HierarchicalTestExecutor.execute(HierarchicalTestExecutor.java:57)
	at org.junit.platform.engine.support.hierarchical.HierarchicalTestEngine.execute(HierarchicalTestEngine.java:54)
	at org.junit.platform.launcher.core.EngineExecutionOrchestrator.execute(EngineExecutionOrchestrator.java:107)
	at org.junit.platform.launcher.core.EngineExecutionOrchestrator.execute(EngineExecutionOrchestrator.java:88)
	at org.junit.platform.launcher.core.EngineExecutionOrchestrator.lambda$execute$0(EngineExecutionOrchestrator.java:54)
	at org.junit.platform.launcher.core.EngineExecutionOrchestrator.withInterceptedStreams(EngineExecutionOrchestrator.java:67)
	at org.junit.platform.launcher.core.EngineExecutionOrchestrator.execute(EngineExecutionOrchestrator.java:52)
	at org.junit.platform.launcher.core.DefaultLauncher.execute(DefaultLauncher.java:114)
	at org.junit.platform.launcher.core.DefaultLauncher.execute(DefaultLauncher.java:86)
	at org.junit.platform.launcher.core.DefaultLauncherSession$DelegatingLauncher.execute(DefaultLauncherSession.java:86)
	at org.junit.platform.launcher.core.SessionPerRequestLauncher.execute(SessionPerRequestLauncher.java:53)
	at org.apache.maven.surefire.junitplatform.JUnitPlatformProvider.execute(JUnitPlatformProvider.java:188)
	at org.apache.maven.surefire.junitplatform.JUnitPlatformProvider.invokeAllTests(JUnitPlatformProvider.java:154)
	at org.apache.maven.surefire.junitplatform.JUnitPlatformProvider.invoke(JUnitPlatformProvider.java:124)
	at org.apache.maven.surefire.booter.ForkedBooter.runSuitesInProcess(ForkedBooter.java:428)
	at org.apache.maven.surefire.booter.ForkedBooter.execute(ForkedBooter.java:162)
	at org.apache.maven.surefire.booter.ForkedBooter.run(ForkedBooter.java:562)
	at org.apache.maven.surefire.booter.ForkedBooter.main(ForkedBooter.java:548)
2023-08-30 06:49:50,983 [main] INFO  balancer.FindSourceGreedy (FindSourceGreedy.java:getNextCandidateSourceDataNode(126)) - no more candidate source data node
2023-08-30 06:49:50,983 [main] ERROR balancer.ContainerBalancerTask (ContainerBalancerTask.java:checkIterationMoveResults(623)) - Got exception while checkIterationMoveResults
java.util.concurrent.ExecutionException: java.lang.RuntimeException: Runtime Exception after doing work
	at java.util.concurrent.CompletableFuture.reportGet(CompletableFuture.java:357)
	at java.util.concurrent.CompletableFuture.get(CompletableFuture.java:1928)
	at org.apache.hadoop.hdds.scm.container.balancer.ContainerBalancerTask.checkIterationMoveResults(ContainerBalancerTask.java:613)
	at org.apache.hadoop.hdds.scm.container.balancer.ContainerBalancerTask.checkIterationResults(ContainerBalancerTask.java:600)
	at org.apache.hadoop.hdds.scm.container.balancer.ContainerBalancerTask.doIteration(ContainerBalancerTask.java:543)
	at org.apache.hadoop.hdds.scm.container.balancer.ContainerBalancerTask.balance(ContainerBalancerTask.java:257)
	at org.apache.hadoop.hdds.scm.container.balancer.ContainerBalancerTask.run(ContainerBalancerTask.java:179)
	at org.apache.hadoop.hdds.scm.container.balancer.TestContainerBalancerTask.startBalancer(TestContainerBalancerTask.java:1321)
	at org.apache.hadoop.hdds.scm.container.balancer.TestContainerBalancerTask.checkIterationResultException(TestContainerBalancerTask.java:1024)
	at sun.reflect.NativeMethodAccessorImpl.invoke0(Native Method)
	at sun.reflect.NativeMethodAccessorImpl.invoke(NativeMethodAccessorImpl.java:62)
	at sun.reflect.DelegatingMethodAccessorImpl.invoke(DelegatingMethodAccessorImpl.java:43)
	at java.lang.reflect.Method.invoke(Method.java:498)
	at org.junit.platform.commons.util.ReflectionUtils.invokeMethod(ReflectionUtils.java:725)
	at org.junit.jupiter.engine.execution.MethodInvocation.proceed(MethodInvocation.java:60)
	at org.junit.jupiter.engine.execution.InvocationInterceptorChain$ValidatingInvocation.proceed(InvocationInterceptorChain.java:131)
	at org.junit.jupiter.engine.extension.TimeoutExtension.intercept(TimeoutExtension.java:149)
	at org.junit.jupiter.engine.extension.TimeoutExtension.interceptTestableMethod(TimeoutExtension.java:140)
	at org.junit.jupiter.engine.extension.TimeoutExtension.interceptTestMethod(TimeoutExtension.java:84)
	at org.junit.jupiter.engine.execution.ExecutableInvoker$ReflectiveInterceptorCall.lambda$ofVoidMethod$0(ExecutableInvoker.java:115)
	at org.junit.jupiter.engine.execution.ExecutableInvoker.lambda$invoke$0(ExecutableInvoker.java:105)
	at org.junit.jupiter.engine.execution.InvocationInterceptorChain$InterceptedInvocation.proceed(InvocationInterceptorChain.java:106)
	at org.junit.jupiter.engine.execution.InvocationInterceptorChain.proceed(InvocationInterceptorChain.java:64)
	at org.junit.jupiter.engine.execution.InvocationInterceptorChain.chainAndInvoke(InvocationInterceptorChain.java:45)
	at org.junit.jupiter.engine.execution.InvocationInterceptorChain.invoke(InvocationInterceptorChain.java:37)
	at org.junit.jupiter.engine.execution.ExecutableInvoker.invoke(ExecutableInvoker.java:104)
	at org.junit.jupiter.engine.execution.ExecutableInvoker.invoke(ExecutableInvoker.java:98)
	at org.junit.jupiter.engine.descriptor.TestMethodTestDescriptor.lambda$invokeTestMethod$7(TestMethodTestDescriptor.java:214)
	at org.junit.platform.engine.support.hierarchical.ThrowableCollector.execute(ThrowableCollector.java:73)
	at org.junit.jupiter.engine.descriptor.TestMethodTestDescriptor.invokeTestMethod(TestMethodTestDescriptor.java:210)
	at org.junit.jupiter.engine.descriptor.TestMethodTestDescriptor.execute(TestMethodTestDescriptor.java:135)
	at org.junit.jupiter.engine.descriptor.TestMethodTestDescriptor.execute(TestMethodTestDescriptor.java:66)
	at org.junit.platform.engine.support.hierarchical.NodeTestTask.lambda$executeRecursively$6(NodeTestTask.java:151)
	at org.junit.platform.engine.support.hierarchical.ThrowableCollector.execute(ThrowableCollector.java:73)
	at org.junit.platform.engine.support.hierarchical.NodeTestTask.lambda$executeRecursively$8(NodeTestTask.java:141)
	at org.junit.platform.engine.support.hierarchical.Node.around(Node.java:137)
	at org.junit.platform.engine.support.hierarchical.NodeTestTask.lambda$executeRecursively$9(NodeTestTask.java:139)
	at org.junit.platform.engine.support.hierarchical.ThrowableCollector.execute(ThrowableCollector.java:73)
	at org.junit.platform.engine.support.hierarchical.NodeTestTask.executeRecursively(NodeTestTask.java:138)
	at org.junit.platform.engine.support.hierarchical.NodeTestTask.execute(NodeTestTask.java:95)
	at java.util.ArrayList.forEach(ArrayList.java:1259)
	at org.junit.platform.engine.support.hierarchical.SameThreadHierarchicalTestExecutorService.invokeAll(SameThreadHierarchicalTestExecutorService.java:41)
	at org.junit.platform.engine.support.hierarchical.NodeTestTask.lambda$executeRecursively$6(NodeTestTask.java:155)
	at org.junit.platform.engine.support.hierarchical.ThrowableCollector.execute(ThrowableCollector.java:73)
	at org.junit.platform.engine.support.hierarchical.NodeTestTask.lambda$executeRecursively$8(NodeTestTask.java:141)
	at org.junit.platform.engine.support.hierarchical.Node.around(Node.java:137)
	at org.junit.platform.engine.support.hierarchical.NodeTestTask.lambda$executeRecursively$9(NodeTestTask.java:139)
	at org.junit.platform.engine.support.hierarchical.ThrowableCollector.execute(ThrowableCollector.java:73)
	at org.junit.platform.engine.support.hierarchical.NodeTestTask.executeRecursively(NodeTestTask.java:138)
	at org.junit.platform.engine.support.hierarchical.NodeTestTask.execute(NodeTestTask.java:95)
	at java.util.ArrayList.forEach(ArrayList.java:1259)
	at org.junit.platform.engine.support.hierarchical.SameThreadHierarchicalTestExecutorService.invokeAll(SameThreadHierarchicalTestExecutorService.java:41)
	at org.junit.platform.engine.support.hierarchical.NodeTestTask.lambda$executeRecursively$6(NodeTestTask.java:155)
	at org.junit.platform.engine.support.hierarchical.ThrowableCollector.execute(ThrowableCollector.java:73)
	at org.junit.platform.engine.support.hierarchical.NodeTestTask.lambda$executeRecursively$8(NodeTestTask.java:141)
	at org.junit.platform.engine.support.hierarchical.Node.around(Node.java:137)
	at org.junit.platform.engine.support.hierarchical.NodeTestTask.lambda$executeRecursively$9(NodeTestTask.java:139)
	at org.junit.platform.engine.support.hierarchical.ThrowableCollector.execute(ThrowableCollector.java:73)
	at org.junit.platform.engine.support.hierarchical.NodeTestTask.executeRecursively(NodeTestTask.java:138)
	at org.junit.platform.engine.support.hierarchical.NodeTestTask.execute(NodeTestTask.java:95)
	at org.junit.platform.engine.support.hierarchical.SameThreadHierarchicalTestExecutorService.submit(SameThreadHierarchicalTestExecutorService.java:35)
	at org.junit.platform.engine.support.hierarchical.HierarchicalTestExecutor.execute(HierarchicalTestExecutor.java:57)
	at org.junit.platform.engine.support.hierarchical.HierarchicalTestEngine.execute(HierarchicalTestEngine.java:54)
	at org.junit.platform.launcher.core.EngineExecutionOrchestrator.execute(EngineExecutionOrchestrator.java:107)
	at org.junit.platform.launcher.core.EngineExecutionOrchestrator.execute(EngineExecutionOrchestrator.java:88)
	at org.junit.platform.launcher.core.EngineExecutionOrchestrator.lambda$execute$0(EngineExecutionOrchestrator.java:54)
	at org.junit.platform.launcher.core.EngineExecutionOrchestrator.withInterceptedStreams(EngineExecutionOrchestrator.java:67)
	at org.junit.platform.launcher.core.EngineExecutionOrchestrator.execute(EngineExecutionOrchestrator.java:52)
	at org.junit.platform.launcher.core.DefaultLauncher.execute(DefaultLauncher.java:114)
	at org.junit.platform.launcher.core.DefaultLauncher.execute(DefaultLauncher.java:86)
	at org.junit.platform.launcher.core.DefaultLauncherSession$DelegatingLauncher.execute(DefaultLauncherSession.java:86)
	at org.junit.platform.launcher.core.SessionPerRequestLauncher.execute(SessionPerRequestLauncher.java:53)
	at org.apache.maven.surefire.junitplatform.JUnitPlatformProvider.execute(JUnitPlatformProvider.java:188)
	at org.apache.maven.surefire.junitplatform.JUnitPlatformProvider.invokeAllTests(JUnitPlatformProvider.java:154)
	at org.apache.maven.surefire.junitplatform.JUnitPlatformProvider.invoke(JUnitPlatformProvider.java:124)
	at org.apache.maven.surefire.booter.ForkedBooter.runSuitesInProcess(ForkedBooter.java:428)
	at org.apache.maven.surefire.booter.ForkedBooter.execute(ForkedBooter.java:162)
	at org.apache.maven.surefire.booter.ForkedBooter.run(ForkedBooter.java:562)
	at org.apache.maven.surefire.booter.ForkedBooter.main(ForkedBooter.java:548)
Caused by: java.lang.RuntimeException: Runtime Exception after doing work
	at org.apache.hadoop.hdds.scm.container.balancer.TestContainerBalancerTask.lambda$checkIterationResultException$10(TestContainerBalancerTask.java:1011)
	at java.util.concurrent.CompletableFuture$AsyncSupply.run(CompletableFuture.java:1604)
	at java.lang.Thread.run(Thread.java:750)
2023-08-30 06:49:50,984 [main] INFO  balancer.ContainerBalancerTask (ContainerBalancerTask.java:checkIterationMoveResults(642)) - Iteration Summary. Number of Datanodes involved: 2. Size moved: 0 B (0 Bytes). Number of Container moves completed: 0.
2023-08-30 06:49:50,984 [main] INFO  balancer.ContainerBalancerTask (ContainerBalancerTask.java:balance(259)) - Result of this iteration of Container Balancer: ITERATION_COMPLETED
2023-08-30 06:49:50,984 [main] INFO  balancer.ContainerBalancerTask (ContainerBalancerTask.java:tryStopWithSaveConfiguration(308)) - Save Configuration for stopping. Reason: Completed all iterations.
2023-08-30 06:49:50,985 [main] DEBUG balancer.ContainerBalancerTask (ContainerBalancerTask.java:initializeIteration(374)) - Average utilization of the cluster is 0.3290158124889777
2023-08-30 06:49:50,986 [main] DEBUG balancer.ContainerBalancerTask (ContainerBalancerTask.java:initializeIteration(386)) - Lower limit for utilization is 0.2290158124889777 and Upper limit for utilization is 0.4290158124889777
2023-08-30 06:49:50,986 [main] DEBUG balancer.ContainerBalancerTask (ContainerBalancerTask.java:initializeIteration(398)) - Utilization for node 184a001f-5375-4933-8a96-efe544f79283 with capacity 39370533546B, used 35433480192B, and remaining 3937053354B is 0.9000000000152398
2023-08-30 06:49:50,986 [main] DEBUG balancer.ContainerBalancerTask (ContainerBalancerTask.java:initializeIteration(398)) - Utilization for node e23fc625-244d-4542-83cc-b3b4626c82a5 with capacity 75161927680B, used 60129542144B, and remaining 15032385536B is 0.8
2023-08-30 06:49:50,986 [main] DEBUG balancer.ContainerBalancerTask (ContainerBalancerTask.java:initializeIteration(398)) - Utilization for node 6a86ed1d-5d6f-4988-906b-e38697446f87 with capacity 59822758765B, used 41875931136B, and remaining 17946827629B is 0.700000000008358
2023-08-30 06:49:50,986 [main] DEBUG balancer.ContainerBalancerTask (ContainerBalancerTask.java:initializeIteration(398)) - Utilization for node 9efbbbb7-53f7-49ae-9b55-1984247ade96 with capacity 71582788266B, used 42949672960B, and remaining 28633115306B is 0.600000000005588
2023-08-30 06:49:50,986 [main] DEBUG balancer.ContainerBalancerTask (ContainerBalancerTask.java:initializeIteration(398)) - Utilization for node 91ba071f-25ef-4adb-a145-2296d4568e16 with capacity 115964116992B, used 57982058496B, and remaining 57982058496B is 0.5
2023-08-30 06:49:50,986 [main] DEBUG balancer.ContainerBalancerTask (ContainerBalancerTask.java:initializeIteration(398)) - Utilization for node 3cfdf939-e073-49e2-a978-f7d5ba4f2b8f with capacity 104689827840B, used 41875931136B, and remaining 62813896704B is 0.4
2023-08-30 06:49:50,986 [main] DEBUG balancer.ContainerBalancerTask (ContainerBalancerTask.java:initializeIteration(398)) - Utilization for node b99a5f16-10fe-43d1-a294-18da8b1d6fbe with capacity 143165576533B, used 42949672960B, and remaining 100215903573B is 0.3000000000006985
2023-08-30 06:49:50,986 [main] DEBUG balancer.ContainerBalancerTask (ContainerBalancerTask.java:initializeIteration(398)) - Utilization for node 8d52f8d9-8b76-412a-87c2-39858b23e26a with capacity 214748364800B, used 42949672960B, and remaining 171798691840B is 0.2
2023-08-30 06:49:50,986 [main] DEBUG balancer.ContainerBalancerTask (ContainerBalancerTask.java:initializeIteration(398)) - Utilization for node 09333e21-95cc-4b14-9e9b-1b32648d29fe with capacity 397284474880B, used 39728447488B, and remaining 357556027392B is 0.1
2023-08-30 06:49:50,987 [main] DEBUG balancer.ContainerBalancerTask (ContainerBalancerTask.java:initializeIteration(398)) - Utilization for node 0e49917d-5687-40e7-8f80-026060053d7c with capacity 11811160064B, used 0B, and remaining 11811160064B is 0.0
2023-08-30 06:49:50,987 [main] INFO  balancer.ContainerBalancerTask (ContainerBalancerTask.java:initializeIteration(447)) - Container Balancer has identified 5 Over-Utilized and 3 Under-Utilized Datanodes that need to be balanced.
2023-08-30 06:49:50,987 [main] DEBUG balancer.ContainerBalancerTask (ContainerBalancerTask.java:lambda$initializeIteration$1(453)) - Datanode localhost-236.254.3.80 184a001f-5375-4933-8a96-efe544f79283 is Over-Utilized.
2023-08-30 06:49:50,987 [main] DEBUG balancer.ContainerBalancerTask (ContainerBalancerTask.java:lambda$initializeIteration$1(453)) - Datanode localhost-84.174.254.241 e23fc625-244d-4542-83cc-b3b4626c82a5 is Over-Utilized.
2023-08-30 06:49:50,987 [main] DEBUG balancer.ContainerBalancerTask (ContainerBalancerTask.java:lambda$initializeIteration$1(453)) - Datanode localhost-43.156.122.34 6a86ed1d-5d6f-4988-906b-e38697446f87 is Over-Utilized.
2023-08-30 06:49:50,987 [main] DEBUG balancer.ContainerBalancerTask (ContainerBalancerTask.java:lambda$initializeIteration$1(453)) - Datanode localhost-163.108.238.182 9efbbbb7-53f7-49ae-9b55-1984247ade96 is Over-Utilized.
2023-08-30 06:49:50,987 [main] DEBUG balancer.ContainerBalancerTask (ContainerBalancerTask.java:lambda$initializeIteration$1(453)) - Datanode localhost-44.249.39.238 91ba071f-25ef-4adb-a145-2296d4568e16 is Over-Utilized.
2023-08-30 06:49:50,987 [main] DEBUG balancer.ContainerBalancerTask (ContainerBalancerTask.java:lambda$initializeIteration$2(459)) - Datanode localhost-175.177.236.242 0e49917d-5687-40e7-8f80-026060053d7c is Under-Utilized.
2023-08-30 06:49:50,987 [main] DEBUG balancer.ContainerBalancerTask (ContainerBalancerTask.java:lambda$initializeIteration$2(459)) - Datanode localhost-26.44.207.148 09333e21-95cc-4b14-9e9b-1b32648d29fe is Under-Utilized.
2023-08-30 06:49:50,987 [main] DEBUG balancer.ContainerBalancerTask (ContainerBalancerTask.java:lambda$initializeIteration$2(459)) - Datanode localhost-63.111.199.156 8d52f8d9-8b76-412a-87c2-39858b23e26a is Under-Utilized.
2023-08-30 06:49:50,989 [main] DEBUG balancer.ContainerBalancerTask (ContainerBalancerTask.java:matchSourceWithTarget(708)) - ContainerBalancer is finding suitable target for source datanode 184a001f-5375-4933-8a96-efe544f79283
2023-08-30 06:49:50,989 [main] INFO  balancer.ContainerBalancerTask (ContainerBalancerTask.java:matchSourceWithTarget(722)) - ContainerBalancer matched source datanode 184a001f-5375-4933-8a96-efe544f79283 with target datanode 0e49917d-5687-40e7-8f80-026060053d7c for container move.
2023-08-30 06:49:50,990 [main] INFO  balancer.ContainerBalancerTask (ContainerBalancerTask.java:processMoveSelection(569)) - ContainerBalancer is trying to move container #89 with size 4294967296B from source datanode 184a001f-5375-4933-8a96-efe544f79283 to target datanode 0e49917d-5687-40e7-8f80-026060053d7c
2023-08-30 06:49:50,993 [main] DEBUG balancer.ContainerBalancerTask (ContainerBalancerTask.java:matchSourceWithTarget(708)) - ContainerBalancer is finding suitable target for source datanode e23fc625-244d-4542-83cc-b3b4626c82a5
2023-08-30 06:49:50,993 [main] INFO  balancer.ContainerBalancerTask (ContainerBalancerTask.java:matchSourceWithTarget(722)) - ContainerBalancer matched source datanode e23fc625-244d-4542-83cc-b3b4626c82a5 with target datanode 09333e21-95cc-4b14-9e9b-1b32648d29fe for container move.
2023-08-30 06:49:50,993 [main] INFO  balancer.ContainerBalancerTask (ContainerBalancerTask.java:processMoveSelection(569)) - ContainerBalancer is trying to move container #85 with size 5368709120B from source datanode e23fc625-244d-4542-83cc-b3b4626c82a5 to target datanode 09333e21-95cc-4b14-9e9b-1b32648d29fe
2023-08-30 06:49:50,994 [main] WARN  balancer.ContainerBalancerTask (ContainerBalancerTask.java:moveContainer(851)) - Could not find Container #85 for container move
org.apache.hadoop.hdds.scm.container.ContainerNotFoundException: Test Container not found
	at org.apache.hadoop.hdds.scm.container.balancer.MoveManager.move(MoveManager.java:212)
	at org.apache.hadoop.hdds.scm.container.balancer.ContainerBalancerTask.moveContainer(ContainerBalancerTask.java:819)
	at org.apache.hadoop.hdds.scm.container.balancer.ContainerBalancerTask.processMoveSelection(ContainerBalancerTask.java:576)
	at org.apache.hadoop.hdds.scm.container.balancer.ContainerBalancerTask.doIteration(ContainerBalancerTask.java:534)
	at org.apache.hadoop.hdds.scm.container.balancer.ContainerBalancerTask.balance(ContainerBalancerTask.java:257)
	at org.apache.hadoop.hdds.scm.container.balancer.ContainerBalancerTask.run(ContainerBalancerTask.java:179)
	at org.apache.hadoop.hdds.scm.container.balancer.TestContainerBalancerTask.startBalancer(TestContainerBalancerTask.java:1321)
	at org.apache.hadoop.hdds.scm.container.balancer.TestContainerBalancerTask.checkIterationResultException(TestContainerBalancerTask.java:1051)
	at sun.reflect.NativeMethodAccessorImpl.invoke0(Native Method)
	at sun.reflect.NativeMethodAccessorImpl.invoke(NativeMethodAccessorImpl.java:62)
	at sun.reflect.DelegatingMethodAccessorImpl.invoke(DelegatingMethodAccessorImpl.java:43)
	at java.lang.reflect.Method.invoke(Method.java:498)
	at org.junit.platform.commons.util.ReflectionUtils.invokeMethod(ReflectionUtils.java:725)
	at org.junit.jupiter.engine.execution.MethodInvocation.proceed(MethodInvocation.java:60)
	at org.junit.jupiter.engine.execution.InvocationInterceptorChain$ValidatingInvocation.proceed(InvocationInterceptorChain.java:131)
	at org.junit.jupiter.engine.extension.TimeoutExtension.intercept(TimeoutExtension.java:149)
	at org.junit.jupiter.engine.extension.TimeoutExtension.interceptTestableMethod(TimeoutExtension.java:140)
	at org.junit.jupiter.engine.extension.TimeoutExtension.interceptTestMethod(TimeoutExtension.java:84)
	at org.junit.jupiter.engine.execution.ExecutableInvoker$ReflectiveInterceptorCall.lambda$ofVoidMethod$0(ExecutableInvoker.java:115)
	at org.junit.jupiter.engine.execution.ExecutableInvoker.lambda$invoke$0(ExecutableInvoker.java:105)
	at org.junit.jupiter.engine.execution.InvocationInterceptorChain$InterceptedInvocation.proceed(InvocationInterceptorChain.java:106)
	at org.junit.jupiter.engine.execution.InvocationInterceptorChain.proceed(InvocationInterceptorChain.java:64)
	at org.junit.jupiter.engine.execution.InvocationInterceptorChain.chainAndInvoke(InvocationInterceptorChain.java:45)
	at org.junit.jupiter.engine.execution.InvocationInterceptorChain.invoke(InvocationInterceptorChain.java:37)
	at org.junit.jupiter.engine.execution.ExecutableInvoker.invoke(ExecutableInvoker.java:104)
	at org.junit.jupiter.engine.execution.ExecutableInvoker.invoke(ExecutableInvoker.java:98)
	at org.junit.jupiter.engine.descriptor.TestMethodTestDescriptor.lambda$invokeTestMethod$7(TestMethodTestDescriptor.java:214)
	at org.junit.platform.engine.support.hierarchical.ThrowableCollector.execute(ThrowableCollector.java:73)
	at org.junit.jupiter.engine.descriptor.TestMethodTestDescriptor.invokeTestMethod(TestMethodTestDescriptor.java:210)
	at org.junit.jupiter.engine.descriptor.TestMethodTestDescriptor.execute(TestMethodTestDescriptor.java:135)
	at org.junit.jupiter.engine.descriptor.TestMethodTestDescriptor.execute(TestMethodTestDescriptor.java:66)
	at org.junit.platform.engine.support.hierarchical.NodeTestTask.lambda$executeRecursively$6(NodeTestTask.java:151)
	at org.junit.platform.engine.support.hierarchical.ThrowableCollector.execute(ThrowableCollector.java:73)
	at org.junit.platform.engine.support.hierarchical.NodeTestTask.lambda$executeRecursively$8(NodeTestTask.java:141)
	at org.junit.platform.engine.support.hierarchical.Node.around(Node.java:137)
	at org.junit.platform.engine.support.hierarchical.NodeTestTask.lambda$executeRecursively$9(NodeTestTask.java:139)
	at org.junit.platform.engine.support.hierarchical.ThrowableCollector.execute(ThrowableCollector.java:73)
	at org.junit.platform.engine.support.hierarchical.NodeTestTask.executeRecursively(NodeTestTask.java:138)
	at org.junit.platform.engine.support.hierarchical.NodeTestTask.execute(NodeTestTask.java:95)
	at java.util.ArrayList.forEach(ArrayList.java:1259)
	at org.junit.platform.engine.support.hierarchical.SameThreadHierarchicalTestExecutorService.invokeAll(SameThreadHierarchicalTestExecutorService.java:41)
	at org.junit.platform.engine.support.hierarchical.NodeTestTask.lambda$executeRecursively$6(NodeTestTask.java:155)
	at org.junit.platform.engine.support.hierarchical.ThrowableCollector.execute(ThrowableCollector.java:73)
	at org.junit.platform.engine.support.hierarchical.NodeTestTask.lambda$executeRecursively$8(NodeTestTask.java:141)
	at org.junit.platform.engine.support.hierarchical.Node.around(Node.java:137)
	at org.junit.platform.engine.support.hierarchical.NodeTestTask.lambda$executeRecursively$9(NodeTestTask.java:139)
	at org.junit.platform.engine.support.hierarchical.ThrowableCollector.execute(ThrowableCollector.java:73)
	at org.junit.platform.engine.support.hierarchical.NodeTestTask.executeRecursively(NodeTestTask.java:138)
	at org.junit.platform.engine.support.hierarchical.NodeTestTask.execute(NodeTestTask.java:95)
	at java.util.ArrayList.forEach(ArrayList.java:1259)
	at org.junit.platform.engine.support.hierarchical.SameThreadHierarchicalTestExecutorService.invokeAll(SameThreadHierarchicalTestExecutorService.java:41)
	at org.junit.platform.engine.support.hierarchical.NodeTestTask.lambda$executeRecursively$6(NodeTestTask.java:155)
	at org.junit.platform.engine.support.hierarchical.ThrowableCollector.execute(ThrowableCollector.java:73)
	at org.junit.platform.engine.support.hierarchical.NodeTestTask.lambda$executeRecursively$8(NodeTestTask.java:141)
	at org.junit.platform.engine.support.hierarchical.Node.around(Node.java:137)
	at org.junit.platform.engine.support.hierarchical.NodeTestTask.lambda$executeRecursively$9(NodeTestTask.java:139)
	at org.junit.platform.engine.support.hierarchical.ThrowableCollector.execute(ThrowableCollector.java:73)
	at org.junit.platform.engine.support.hierarchical.NodeTestTask.executeRecursively(NodeTestTask.java:138)
	at org.junit.platform.engine.support.hierarchical.NodeTestTask.execute(NodeTestTask.java:95)
	at org.junit.platform.engine.support.hierarchical.SameThreadHierarchicalTestExecutorService.submit(SameThreadHierarchicalTestExecutorService.java:35)
	at org.junit.platform.engine.support.hierarchical.HierarchicalTestExecutor.execute(HierarchicalTestExecutor.java:57)
	at org.junit.platform.engine.support.hierarchical.HierarchicalTestEngine.execute(HierarchicalTestEngine.java:54)
	at org.junit.platform.launcher.core.EngineExecutionOrchestrator.execute(EngineExecutionOrchestrator.java:107)
	at org.junit.platform.launcher.core.EngineExecutionOrchestrator.execute(EngineExecutionOrchestrator.java:88)
	at org.junit.platform.launcher.core.EngineExecutionOrchestrator.lambda$execute$0(EngineExecutionOrchestrator.java:54)
	at org.junit.platform.launcher.core.EngineExecutionOrchestrator.withInterceptedStreams(EngineExecutionOrchestrator.java:67)
	at org.junit.platform.launcher.core.EngineExecutionOrchestrator.execute(EngineExecutionOrchestrator.java:52)
	at org.junit.platform.launcher.core.DefaultLauncher.execute(DefaultLauncher.java:114)
	at org.junit.platform.launcher.core.DefaultLauncher.execute(DefaultLauncher.java:86)
	at org.junit.platform.launcher.core.DefaultLauncherSession$DelegatingLauncher.execute(DefaultLauncherSession.java:86)
	at org.junit.platform.launcher.core.SessionPerRequestLauncher.execute(SessionPerRequestLauncher.java:53)
	at org.apache.maven.surefire.junitplatform.JUnitPlatformProvider.execute(JUnitPlatformProvider.java:188)
	at org.apache.maven.surefire.junitplatform.JUnitPlatformProvider.invokeAllTests(JUnitPlatformProvider.java:154)
	at org.apache.maven.surefire.junitplatform.JUnitPlatformProvider.invoke(JUnitPlatformProvider.java:124)
	at org.apache.maven.surefire.booter.ForkedBooter.runSuitesInProcess(ForkedBooter.java:428)
	at org.apache.maven.surefire.booter.ForkedBooter.execute(ForkedBooter.java:162)
	at org.apache.maven.surefire.booter.ForkedBooter.run(ForkedBooter.java:562)
	at org.apache.maven.surefire.booter.ForkedBooter.main(ForkedBooter.java:548)
2023-08-30 06:49:50,994 [Thread-25] INFO  balancer.ContainerBalancerTask (ContainerBalancerTask.java:lambda$moveContainer$3(827)) - Container move for container #89 from source 184a001f-5375-4933-8a96-efe544f79283 to target 0e49917d-5687-40e7-8f80-026060053d7c failed with exceptions.
java.util.concurrent.CompletionException: java.lang.RuntimeException: Runtime Exception after doing work
	at java.util.concurrent.CompletableFuture.encodeThrowable(CompletableFuture.java:273)
	at java.util.concurrent.CompletableFuture.completeThrowable(CompletableFuture.java:280)
	at java.util.concurrent.CompletableFuture$AsyncSupply.run(CompletableFuture.java:1606)
	at java.lang.Thread.run(Thread.java:750)
Caused by: java.lang.RuntimeException: Runtime Exception after doing work
	at org.apache.hadoop.hdds.scm.container.balancer.TestContainerBalancerTask.lambda$checkIterationResultException$11(TestContainerBalancerTask.java:1045)
	at java.util.concurrent.CompletableFuture$AsyncSupply.run(CompletableFuture.java:1604)
	... 1 more
2023-08-30 06:49:50,999 [main] DEBUG balancer.ContainerBalancerTask (ContainerBalancerTask.java:matchSourceWithTarget(708)) - ContainerBalancer is finding suitable target for source datanode 184a001f-5375-4933-8a96-efe544f79283
2023-08-30 06:49:50,999 [main] INFO  balancer.ContainerBalancerTask (ContainerBalancerTask.java:matchSourceWithTarget(722)) - ContainerBalancer matched source datanode 184a001f-5375-4933-8a96-efe544f79283 with target datanode 09333e21-95cc-4b14-9e9b-1b32648d29fe for container move.
2023-08-30 06:49:50,999 [main] INFO  balancer.ContainerBalancerTask (ContainerBalancerTask.java:processMoveSelection(569)) - ContainerBalancer is trying to move container #85 with size 5368709120B from source datanode 184a001f-5375-4933-8a96-efe544f79283 to target datanode 09333e21-95cc-4b14-9e9b-1b32648d29fe
2023-08-30 06:49:51,000 [main] INFO  balancer.ContainerBalancerTask (ContainerBalancerTask.java:lambda$moveContainer$3(827)) - Container move for container #85 from source 184a001f-5375-4933-8a96-efe544f79283 to target 09333e21-95cc-4b14-9e9b-1b32648d29fe failed with exceptions.
java.lang.RuntimeException: Runtime Exception
	at org.apache.hadoop.hdds.scm.container.balancer.TestContainerBalancerTask.checkIterationResultException(TestContainerBalancerTask.java:1002)
	at sun.reflect.NativeMethodAccessorImpl.invoke0(Native Method)
	at sun.reflect.NativeMethodAccessorImpl.invoke(NativeMethodAccessorImpl.java:62)
	at sun.reflect.DelegatingMethodAccessorImpl.invoke(DelegatingMethodAccessorImpl.java:43)
	at java.lang.reflect.Method.invoke(Method.java:498)
	at org.junit.platform.commons.util.ReflectionUtils.invokeMethod(ReflectionUtils.java:725)
	at org.junit.jupiter.engine.execution.MethodInvocation.proceed(MethodInvocation.java:60)
	at org.junit.jupiter.engine.execution.InvocationInterceptorChain$ValidatingInvocation.proceed(InvocationInterceptorChain.java:131)
	at org.junit.jupiter.engine.extension.TimeoutExtension.intercept(TimeoutExtension.java:149)
	at org.junit.jupiter.engine.extension.TimeoutExtension.interceptTestableMethod(TimeoutExtension.java:140)
	at org.junit.jupiter.engine.extension.TimeoutExtension.interceptTestMethod(TimeoutExtension.java:84)
	at org.junit.jupiter.engine.execution.ExecutableInvoker$ReflectiveInterceptorCall.lambda$ofVoidMethod$0(ExecutableInvoker.java:115)
	at org.junit.jupiter.engine.execution.ExecutableInvoker.lambda$invoke$0(ExecutableInvoker.java:105)
	at org.junit.jupiter.engine.execution.InvocationInterceptorChain$InterceptedInvocation.proceed(InvocationInterceptorChain.java:106)
	at org.junit.jupiter.engine.execution.InvocationInterceptorChain.proceed(InvocationInterceptorChain.java:64)
	at org.junit.jupiter.engine.execution.InvocationInterceptorChain.chainAndInvoke(InvocationInterceptorChain.java:45)
	at org.junit.jupiter.engine.execution.InvocationInterceptorChain.invoke(InvocationInterceptorChain.java:37)
	at org.junit.jupiter.engine.execution.ExecutableInvoker.invoke(ExecutableInvoker.java:104)
	at org.junit.jupiter.engine.execution.ExecutableInvoker.invoke(ExecutableInvoker.java:98)
	at org.junit.jupiter.engine.descriptor.TestMethodTestDescriptor.lambda$invokeTestMethod$7(TestMethodTestDescriptor.java:214)
	at org.junit.platform.engine.support.hierarchical.ThrowableCollector.execute(ThrowableCollector.java:73)
	at org.junit.jupiter.engine.descriptor.TestMethodTestDescriptor.invokeTestMethod(TestMethodTestDescriptor.java:210)
	at org.junit.jupiter.engine.descriptor.TestMethodTestDescriptor.execute(TestMethodTestDescriptor.java:135)
	at org.junit.jupiter.engine.descriptor.TestMethodTestDescriptor.execute(TestMethodTestDescriptor.java:66)
	at org.junit.platform.engine.support.hierarchical.NodeTestTask.lambda$executeRecursively$6(NodeTestTask.java:151)
	at org.junit.platform.engine.support.hierarchical.ThrowableCollector.execute(ThrowableCollector.java:73)
	at org.junit.platform.engine.support.hierarchical.NodeTestTask.lambda$executeRecursively$8(NodeTestTask.java:141)
	at org.junit.platform.engine.support.hierarchical.Node.around(Node.java:137)
	at org.junit.platform.engine.support.hierarchical.NodeTestTask.lambda$executeRecursively$9(NodeTestTask.java:139)
	at org.junit.platform.engine.support.hierarchical.ThrowableCollector.execute(ThrowableCollector.java:73)
	at org.junit.platform.engine.support.hierarchical.NodeTestTask.executeRecursively(NodeTestTask.java:138)
	at org.junit.platform.engine.support.hierarchical.NodeTestTask.execute(NodeTestTask.java:95)
	at java.util.ArrayList.forEach(ArrayList.java:1259)
	at org.junit.platform.engine.support.hierarchical.SameThreadHierarchicalTestExecutorService.invokeAll(SameThreadHierarchicalTestExecutorService.java:41)
	at org.junit.platform.engine.support.hierarchical.NodeTestTask.lambda$executeRecursively$6(NodeTestTask.java:155)
	at org.junit.platform.engine.support.hierarchical.ThrowableCollector.execute(ThrowableCollector.java:73)
	at org.junit.platform.engine.support.hierarchical.NodeTestTask.lambda$executeRecursively$8(NodeTestTask.java:141)
	at org.junit.platform.engine.support.hierarchical.Node.around(Node.java:137)
	at org.junit.platform.engine.support.hierarchical.NodeTestTask.lambda$executeRecursively$9(NodeTestTask.java:139)
	at org.junit.platform.engine.support.hierarchical.ThrowableCollector.execute(ThrowableCollector.java:73)
	at org.junit.platform.engine.support.hierarchical.NodeTestTask.executeRecursively(NodeTestTask.java:138)
	at org.junit.platform.engine.support.hierarchical.NodeTestTask.execute(NodeTestTask.java:95)
	at java.util.ArrayList.forEach(ArrayList.java:1259)
	at org.junit.platform.engine.support.hierarchical.SameThreadHierarchicalTestExecutorService.invokeAll(SameThreadHierarchicalTestExecutorService.java:41)
	at org.junit.platform.engine.support.hierarchical.NodeTestTask.lambda$executeRecursively$6(NodeTestTask.java:155)
	at org.junit.platform.engine.support.hierarchical.ThrowableCollector.execute(ThrowableCollector.java:73)
	at org.junit.platform.engine.support.hierarchical.NodeTestTask.lambda$executeRecursively$8(NodeTestTask.java:141)
	at org.junit.platform.engine.support.hierarchical.Node.around(Node.java:137)
	at org.junit.platform.engine.support.hierarchical.NodeTestTask.lambda$executeRecursively$9(NodeTestTask.java:139)
	at org.junit.platform.engine.support.hierarchical.ThrowableCollector.execute(ThrowableCollector.java:73)
	at org.junit.platform.engine.support.hierarchical.NodeTestTask.executeRecursively(NodeTestTask.java:138)
	at org.junit.platform.engine.support.hierarchical.NodeTestTask.execute(NodeTestTask.java:95)
	at org.junit.platform.engine.support.hierarchical.SameThreadHierarchicalTestExecutorService.submit(SameThreadHierarchicalTestExecutorService.java:35)
	at org.junit.platform.engine.support.hierarchical.HierarchicalTestExecutor.execute(HierarchicalTestExecutor.java:57)
	at org.junit.platform.engine.support.hierarchical.HierarchicalTestEngine.execute(HierarchicalTestEngine.java:54)
	at org.junit.platform.launcher.core.EngineExecutionOrchestrator.execute(EngineExecutionOrchestrator.java:107)
	at org.junit.platform.launcher.core.EngineExecutionOrchestrator.execute(EngineExecutionOrchestrator.java:88)
	at org.junit.platform.launcher.core.EngineExecutionOrchestrator.lambda$execute$0(EngineExecutionOrchestrator.java:54)
	at org.junit.platform.launcher.core.EngineExecutionOrchestrator.withInterceptedStreams(EngineExecutionOrchestrator.java:67)
	at org.junit.platform.launcher.core.EngineExecutionOrchestrator.execute(EngineExecutionOrchestrator.java:52)
	at org.junit.platform.launcher.core.DefaultLauncher.execute(DefaultLauncher.java:114)
	at org.junit.platform.launcher.core.DefaultLauncher.execute(DefaultLauncher.java:86)
	at org.junit.platform.launcher.core.DefaultLauncherSession$DelegatingLauncher.execute(DefaultLauncherSession.java:86)
	at org.junit.platform.launcher.core.SessionPerRequestLauncher.execute(SessionPerRequestLauncher.java:53)
	at org.apache.maven.surefire.junitplatform.JUnitPlatformProvider.execute(JUnitPlatformProvider.java:188)
	at org.apache.maven.surefire.junitplatform.JUnitPlatformProvider.invokeAllTests(JUnitPlatformProvider.java:154)
	at org.apache.maven.surefire.junitplatform.JUnitPlatformProvider.invoke(JUnitPlatformProvider.java:124)
	at org.apache.maven.surefire.booter.ForkedBooter.runSuitesInProcess(ForkedBooter.java:428)
	at org.apache.maven.surefire.booter.ForkedBooter.execute(ForkedBooter.java:162)
	at org.apache.maven.surefire.booter.ForkedBooter.run(ForkedBooter.java:562)
	at org.apache.maven.surefire.booter.ForkedBooter.main(ForkedBooter.java:548)
2023-08-30 06:49:51,002 [main] DEBUG balancer.ContainerBalancerTask (ContainerBalancerTask.java:matchSourceWithTarget(708)) - ContainerBalancer is finding suitable target for source datanode 6a86ed1d-5d6f-4988-906b-e38697446f87
2023-08-30 06:49:51,003 [main] INFO  balancer.ContainerBalancerTask (ContainerBalancerTask.java:matchSourceWithTarget(722)) - ContainerBalancer matched source datanode 6a86ed1d-5d6f-4988-906b-e38697446f87 with target datanode 09333e21-95cc-4b14-9e9b-1b32648d29fe for container move.
2023-08-30 06:49:51,003 [main] INFO  balancer.ContainerBalancerTask (ContainerBalancerTask.java:processMoveSelection(569)) - ContainerBalancer is trying to move container #52 with size 4294967296B from source datanode 6a86ed1d-5d6f-4988-906b-e38697446f87 to target datanode 09333e21-95cc-4b14-9e9b-1b32648d29fe
2023-08-30 06:49:51,003 [main] INFO  balancer.ContainerBalancerTask (ContainerBalancerTask.java:lambda$moveContainer$3(827)) - Container move for container #52 from source 6a86ed1d-5d6f-4988-906b-e38697446f87 to target 09333e21-95cc-4b14-9e9b-1b32648d29fe failed with exceptions.
java.lang.RuntimeException: Runtime Exception
	at org.apache.hadoop.hdds.scm.container.balancer.TestContainerBalancerTask.checkIterationResultException(TestContainerBalancerTask.java:1002)
	at sun.reflect.NativeMethodAccessorImpl.invoke0(Native Method)
	at sun.reflect.NativeMethodAccessorImpl.invoke(NativeMethodAccessorImpl.java:62)
	at sun.reflect.DelegatingMethodAccessorImpl.invoke(DelegatingMethodAccessorImpl.java:43)
	at java.lang.reflect.Method.invoke(Method.java:498)
	at org.junit.platform.commons.util.ReflectionUtils.invokeMethod(ReflectionUtils.java:725)
	at org.junit.jupiter.engine.execution.MethodInvocation.proceed(MethodInvocation.java:60)
	at org.junit.jupiter.engine.execution.InvocationInterceptorChain$ValidatingInvocation.proceed(InvocationInterceptorChain.java:131)
	at org.junit.jupiter.engine.extension.TimeoutExtension.intercept(TimeoutExtension.java:149)
	at org.junit.jupiter.engine.extension.TimeoutExtension.interceptTestableMethod(TimeoutExtension.java:140)
	at org.junit.jupiter.engine.extension.TimeoutExtension.interceptTestMethod(TimeoutExtension.java:84)
	at org.junit.jupiter.engine.execution.ExecutableInvoker$ReflectiveInterceptorCall.lambda$ofVoidMethod$0(ExecutableInvoker.java:115)
	at org.junit.jupiter.engine.execution.ExecutableInvoker.lambda$invoke$0(ExecutableInvoker.java:105)
	at org.junit.jupiter.engine.execution.InvocationInterceptorChain$InterceptedInvocation.proceed(InvocationInterceptorChain.java:106)
	at org.junit.jupiter.engine.execution.InvocationInterceptorChain.proceed(InvocationInterceptorChain.java:64)
	at org.junit.jupiter.engine.execution.InvocationInterceptorChain.chainAndInvoke(InvocationInterceptorChain.java:45)
	at org.junit.jupiter.engine.execution.InvocationInterceptorChain.invoke(InvocationInterceptorChain.java:37)
	at org.junit.jupiter.engine.execution.ExecutableInvoker.invoke(ExecutableInvoker.java:104)
	at org.junit.jupiter.engine.execution.ExecutableInvoker.invoke(ExecutableInvoker.java:98)
	at org.junit.jupiter.engine.descriptor.TestMethodTestDescriptor.lambda$invokeTestMethod$7(TestMethodTestDescriptor.java:214)
	at org.junit.platform.engine.support.hierarchical.ThrowableCollector.execute(ThrowableCollector.java:73)
	at org.junit.jupiter.engine.descriptor.TestMethodTestDescriptor.invokeTestMethod(TestMethodTestDescriptor.java:210)
	at org.junit.jupiter.engine.descriptor.TestMethodTestDescriptor.execute(TestMethodTestDescriptor.java:135)
	at org.junit.jupiter.engine.descriptor.TestMethodTestDescriptor.execute(TestMethodTestDescriptor.java:66)
	at org.junit.platform.engine.support.hierarchical.NodeTestTask.lambda$executeRecursively$6(NodeTestTask.java:151)
	at org.junit.platform.engine.support.hierarchical.ThrowableCollector.execute(ThrowableCollector.java:73)
	at org.junit.platform.engine.support.hierarchical.NodeTestTask.lambda$executeRecursively$8(NodeTestTask.java:141)
	at org.junit.platform.engine.support.hierarchical.Node.around(Node.java:137)
	at org.junit.platform.engine.support.hierarchical.NodeTestTask.lambda$executeRecursively$9(NodeTestTask.java:139)
	at org.junit.platform.engine.support.hierarchical.ThrowableCollector.execute(ThrowableCollector.java:73)
	at org.junit.platform.engine.support.hierarchical.NodeTestTask.executeRecursively(NodeTestTask.java:138)
	at org.junit.platform.engine.support.hierarchical.NodeTestTask.execute(NodeTestTask.java:95)
	at java.util.ArrayList.forEach(ArrayList.java:1259)
	at org.junit.platform.engine.support.hierarchical.SameThreadHierarchicalTestExecutorService.invokeAll(SameThreadHierarchicalTestExecutorService.java:41)
	at org.junit.platform.engine.support.hierarchical.NodeTestTask.lambda$executeRecursively$6(NodeTestTask.java:155)
	at org.junit.platform.engine.support.hierarchical.ThrowableCollector.execute(ThrowableCollector.java:73)
	at org.junit.platform.engine.support.hierarchical.NodeTestTask.lambda$executeRecursively$8(NodeTestTask.java:141)
	at org.junit.platform.engine.support.hierarchical.Node.around(Node.java:137)
	at org.junit.platform.engine.support.hierarchical.NodeTestTask.lambda$executeRecursively$9(NodeTestTask.java:139)
	at org.junit.platform.engine.support.hierarchical.ThrowableCollector.execute(ThrowableCollector.java:73)
	at org.junit.platform.engine.support.hierarchical.NodeTestTask.executeRecursively(NodeTestTask.java:138)
	at org.junit.platform.engine.support.hierarchical.NodeTestTask.execute(NodeTestTask.java:95)
	at java.util.ArrayList.forEach(ArrayList.java:1259)
	at org.junit.platform.engine.support.hierarchical.SameThreadHierarchicalTestExecutorService.invokeAll(SameThreadHierarchicalTestExecutorService.java:41)
	at org.junit.platform.engine.support.hierarchical.NodeTestTask.lambda$executeRecursively$6(NodeTestTask.java:155)
	at org.junit.platform.engine.support.hierarchical.ThrowableCollector.execute(ThrowableCollector.java:73)
	at org.junit.platform.engine.support.hierarchical.NodeTestTask.lambda$executeRecursively$8(NodeTestTask.java:141)
	at org.junit.platform.engine.support.hierarchical.Node.around(Node.java:137)
	at org.junit.platform.engine.support.hierarchical.NodeTestTask.lambda$executeRecursively$9(NodeTestTask.java:139)
	at org.junit.platform.engine.support.hierarchical.ThrowableCollector.execute(ThrowableCollector.java:73)
	at org.junit.platform.engine.support.hierarchical.NodeTestTask.executeRecursively(NodeTestTask.java:138)
	at org.junit.platform.engine.support.hierarchical.NodeTestTask.execute(NodeTestTask.java:95)
	at org.junit.platform.engine.support.hierarchical.SameThreadHierarchicalTestExecutorService.submit(SameThreadHierarchicalTestExecutorService.java:35)
	at org.junit.platform.engine.support.hierarchical.HierarchicalTestExecutor.execute(HierarchicalTestExecutor.java:57)
	at org.junit.platform.engine.support.hierarchical.HierarchicalTestEngine.execute(HierarchicalTestEngine.java:54)
	at org.junit.platform.launcher.core.EngineExecutionOrchestrator.execute(EngineExecutionOrchestrator.java:107)
	at org.junit.platform.launcher.core.EngineExecutionOrchestrator.execute(EngineExecutionOrchestrator.java:88)
	at org.junit.platform.launcher.core.EngineExecutionOrchestrator.lambda$execute$0(EngineExecutionOrchestrator.java:54)
	at org.junit.platform.launcher.core.EngineExecutionOrchestrator.withInterceptedStreams(EngineExecutionOrchestrator.java:67)
	at org.junit.platform.launcher.core.EngineExecutionOrchestrator.execute(EngineExecutionOrchestrator.java:52)
	at org.junit.platform.launcher.core.DefaultLauncher.execute(DefaultLauncher.java:114)
	at org.junit.platform.launcher.core.DefaultLauncher.execute(DefaultLauncher.java:86)
	at org.junit.platform.launcher.core.DefaultLauncherSession$DelegatingLauncher.execute(DefaultLauncherSession.java:86)
	at org.junit.platform.launcher.core.SessionPerRequestLauncher.execute(SessionPerRequestLauncher.java:53)
	at org.apache.maven.surefire.junitplatform.JUnitPlatformProvider.execute(JUnitPlatformProvider.java:188)
	at org.apache.maven.surefire.junitplatform.JUnitPlatformProvider.invokeAllTests(JUnitPlatformProvider.java:154)
	at org.apache.maven.surefire.junitplatform.JUnitPlatformProvider.invoke(JUnitPlatformProvider.java:124)
	at org.apache.maven.surefire.booter.ForkedBooter.runSuitesInProcess(ForkedBooter.java:428)
	at org.apache.maven.surefire.booter.ForkedBooter.execute(ForkedBooter.java:162)
	at org.apache.maven.surefire.booter.ForkedBooter.run(ForkedBooter.java:562)
	at org.apache.maven.surefire.booter.ForkedBooter.main(ForkedBooter.java:548)
2023-08-30 06:49:51,012 [main] DEBUG balancer.ContainerBalancerTask (ContainerBalancerTask.java:matchSourceWithTarget(708)) - ContainerBalancer is finding suitable target for source datanode 9efbbbb7-53f7-49ae-9b55-1984247ade96
2023-08-30 06:49:51,014 [main] INFO  balancer.ContainerBalancerTask (ContainerBalancerTask.java:matchSourceWithTarget(722)) - ContainerBalancer matched source datanode 9efbbbb7-53f7-49ae-9b55-1984247ade96 with target datanode 09333e21-95cc-4b14-9e9b-1b32648d29fe for container move.
2023-08-30 06:49:51,014 [main] INFO  balancer.ContainerBalancerTask (ContainerBalancerTask.java:processMoveSelection(569)) - ContainerBalancer is trying to move container #85 with size 5368709120B from source datanode 9efbbbb7-53f7-49ae-9b55-1984247ade96 to target datanode 09333e21-95cc-4b14-9e9b-1b32648d29fe
2023-08-30 06:49:51,014 [main] INFO  balancer.ContainerBalancerTask (ContainerBalancerTask.java:lambda$moveContainer$3(827)) - Container move for container #85 from source 9efbbbb7-53f7-49ae-9b55-1984247ade96 to target 09333e21-95cc-4b14-9e9b-1b32648d29fe failed with exceptions.
java.lang.RuntimeException: Runtime Exception
	at org.apache.hadoop.hdds.scm.container.balancer.TestContainerBalancerTask.checkIterationResultException(TestContainerBalancerTask.java:1002)
	at sun.reflect.NativeMethodAccessorImpl.invoke0(Native Method)
	at sun.reflect.NativeMethodAccessorImpl.invoke(NativeMethodAccessorImpl.java:62)
	at sun.reflect.DelegatingMethodAccessorImpl.invoke(DelegatingMethodAccessorImpl.java:43)
	at java.lang.reflect.Method.invoke(Method.java:498)
	at org.junit.platform.commons.util.ReflectionUtils.invokeMethod(ReflectionUtils.java:725)
	at org.junit.jupiter.engine.execution.MethodInvocation.proceed(MethodInvocation.java:60)
	at org.junit.jupiter.engine.execution.InvocationInterceptorChain$ValidatingInvocation.proceed(InvocationInterceptorChain.java:131)
	at org.junit.jupiter.engine.extension.TimeoutExtension.intercept(TimeoutExtension.java:149)
	at org.junit.jupiter.engine.extension.TimeoutExtension.interceptTestableMethod(TimeoutExtension.java:140)
	at org.junit.jupiter.engine.extension.TimeoutExtension.interceptTestMethod(TimeoutExtension.java:84)
	at org.junit.jupiter.engine.execution.ExecutableInvoker$ReflectiveInterceptorCall.lambda$ofVoidMethod$0(ExecutableInvoker.java:115)
	at org.junit.jupiter.engine.execution.ExecutableInvoker.lambda$invoke$0(ExecutableInvoker.java:105)
	at org.junit.jupiter.engine.execution.InvocationInterceptorChain$InterceptedInvocation.proceed(InvocationInterceptorChain.java:106)
	at org.junit.jupiter.engine.execution.InvocationInterceptorChain.proceed(InvocationInterceptorChain.java:64)
	at org.junit.jupiter.engine.execution.InvocationInterceptorChain.chainAndInvoke(InvocationInterceptorChain.java:45)
	at org.junit.jupiter.engine.execution.InvocationInterceptorChain.invoke(InvocationInterceptorChain.java:37)
	at org.junit.jupiter.engine.execution.ExecutableInvoker.invoke(ExecutableInvoker.java:104)
	at org.junit.jupiter.engine.execution.ExecutableInvoker.invoke(ExecutableInvoker.java:98)
	at org.junit.jupiter.engine.descriptor.TestMethodTestDescriptor.lambda$invokeTestMethod$7(TestMethodTestDescriptor.java:214)
	at org.junit.platform.engine.support.hierarchical.ThrowableCollector.execute(ThrowableCollector.java:73)
	at org.junit.jupiter.engine.descriptor.TestMethodTestDescriptor.invokeTestMethod(TestMethodTestDescriptor.java:210)
	at org.junit.jupiter.engine.descriptor.TestMethodTestDescriptor.execute(TestMethodTestDescriptor.java:135)
	at org.junit.jupiter.engine.descriptor.TestMethodTestDescriptor.execute(TestMethodTestDescriptor.java:66)
	at org.junit.platform.engine.support.hierarchical.NodeTestTask.lambda$executeRecursively$6(NodeTestTask.java:151)
	at org.junit.platform.engine.support.hierarchical.ThrowableCollector.execute(ThrowableCollector.java:73)
	at org.junit.platform.engine.support.hierarchical.NodeTestTask.lambda$executeRecursively$8(NodeTestTask.java:141)
	at org.junit.platform.engine.support.hierarchical.Node.around(Node.java:137)
	at org.junit.platform.engine.support.hierarchical.NodeTestTask.lambda$executeRecursively$9(NodeTestTask.java:139)
	at org.junit.platform.engine.support.hierarchical.ThrowableCollector.execute(ThrowableCollector.java:73)
	at org.junit.platform.engine.support.hierarchical.NodeTestTask.executeRecursively(NodeTestTask.java:138)
	at org.junit.platform.engine.support.hierarchical.NodeTestTask.execute(NodeTestTask.java:95)
	at java.util.ArrayList.forEach(ArrayList.java:1259)
	at org.junit.platform.engine.support.hierarchical.SameThreadHierarchicalTestExecutorService.invokeAll(SameThreadHierarchicalTestExecutorService.java:41)
	at org.junit.platform.engine.support.hierarchical.NodeTestTask.lambda$executeRecursively$6(NodeTestTask.java:155)
	at org.junit.platform.engine.support.hierarchical.ThrowableCollector.execute(ThrowableCollector.java:73)
	at org.junit.platform.engine.support.hierarchical.NodeTestTask.lambda$executeRecursively$8(NodeTestTask.java:141)
	at org.junit.platform.engine.support.hierarchical.Node.around(Node.java:137)
	at org.junit.platform.engine.support.hierarchical.NodeTestTask.lambda$executeRecursively$9(NodeTestTask.java:139)
	at org.junit.platform.engine.support.hierarchical.ThrowableCollector.execute(ThrowableCollector.java:73)
	at org.junit.platform.engine.support.hierarchical.NodeTestTask.executeRecursively(NodeTestTask.java:138)
	at org.junit.platform.engine.support.hierarchical.NodeTestTask.execute(NodeTestTask.java:95)
	at java.util.ArrayList.forEach(ArrayList.java:1259)
	at org.junit.platform.engine.support.hierarchical.SameThreadHierarchicalTestExecutorService.invokeAll(SameThreadHierarchicalTestExecutorService.java:41)
	at org.junit.platform.engine.support.hierarchical.NodeTestTask.lambda$executeRecursively$6(NodeTestTask.java:155)
	at org.junit.platform.engine.support.hierarchical.ThrowableCollector.execute(ThrowableCollector.java:73)
	at org.junit.platform.engine.support.hierarchical.NodeTestTask.lambda$executeRecursively$8(NodeTestTask.java:141)
	at org.junit.platform.engine.support.hierarchical.Node.around(Node.java:137)
	at org.junit.platform.engine.support.hierarchical.NodeTestTask.lambda$executeRecursively$9(NodeTestTask.java:139)
	at org.junit.platform.engine.support.hierarchical.ThrowableCollector.execute(ThrowableCollector.java:73)
	at org.junit.platform.engine.support.hierarchical.NodeTestTask.executeRecursively(NodeTestTask.java:138)
	at org.junit.platform.engine.support.hierarchical.NodeTestTask.execute(NodeTestTask.java:95)
	at org.junit.platform.engine.support.hierarchical.SameThreadHierarchicalTestExecutorService.submit(SameThreadHierarchicalTestExecutorService.java:35)
	at org.junit.platform.engine.support.hierarchical.HierarchicalTestExecutor.execute(HierarchicalTestExecutor.java:57)
	at org.junit.platform.engine.support.hierarchical.HierarchicalTestEngine.execute(HierarchicalTestEngine.java:54)
	at org.junit.platform.launcher.core.EngineExecutionOrchestrator.execute(EngineExecutionOrchestrator.java:107)
	at org.junit.platform.launcher.core.EngineExecutionOrchestrator.execute(EngineExecutionOrchestrator.java:88)
	at org.junit.platform.launcher.core.EngineExecutionOrchestrator.lambda$execute$0(EngineExecutionOrchestrator.java:54)
	at org.junit.platform.launcher.core.EngineExecutionOrchestrator.withInterceptedStreams(EngineExecutionOrchestrator.java:67)
	at org.junit.platform.launcher.core.EngineExecutionOrchestrator.execute(EngineExecutionOrchestrator.java:52)
	at org.junit.platform.launcher.core.DefaultLauncher.execute(DefaultLauncher.java:114)
	at org.junit.platform.launcher.core.DefaultLauncher.execute(DefaultLauncher.java:86)
	at org.junit.platform.launcher.core.DefaultLauncherSession$DelegatingLauncher.execute(DefaultLauncherSession.java:86)
	at org.junit.platform.launcher.core.SessionPerRequestLauncher.execute(SessionPerRequestLauncher.java:53)
	at org.apache.maven.surefire.junitplatform.JUnitPlatformProvider.execute(JUnitPlatformProvider.java:188)
	at org.apache.maven.surefire.junitplatform.JUnitPlatformProvider.invokeAllTests(JUnitPlatformProvider.java:154)
	at org.apache.maven.surefire.junitplatform.JUnitPlatformProvider.invoke(JUnitPlatformProvider.java:124)
	at org.apache.maven.surefire.booter.ForkedBooter.runSuitesInProcess(ForkedBooter.java:428)
	at org.apache.maven.surefire.booter.ForkedBooter.execute(ForkedBooter.java:162)
	at org.apache.maven.surefire.booter.ForkedBooter.run(ForkedBooter.java:562)
	at org.apache.maven.surefire.booter.ForkedBooter.main(ForkedBooter.java:548)
2023-08-30 06:49:51,017 [main] DEBUG balancer.ContainerBalancerTask (ContainerBalancerTask.java:matchSourceWithTarget(708)) - ContainerBalancer is finding suitable target for source datanode 91ba071f-25ef-4adb-a145-2296d4568e16
2023-08-30 06:49:51,018 [main] INFO  balancer.ContainerBalancerTask (ContainerBalancerTask.java:matchSourceWithTarget(722)) - ContainerBalancer matched source datanode 91ba071f-25ef-4adb-a145-2296d4568e16 with target datanode 09333e21-95cc-4b14-9e9b-1b32648d29fe for container move.
2023-08-30 06:49:51,018 [main] INFO  balancer.ContainerBalancerTask (ContainerBalancerTask.java:processMoveSelection(569)) - ContainerBalancer is trying to move container #68 with size 5368709120B from source datanode 91ba071f-25ef-4adb-a145-2296d4568e16 to target datanode 09333e21-95cc-4b14-9e9b-1b32648d29fe
2023-08-30 06:49:51,018 [main] INFO  balancer.ContainerBalancerTask (ContainerBalancerTask.java:lambda$moveContainer$3(827)) - Container move for container #68 from source 91ba071f-25ef-4adb-a145-2296d4568e16 to target 09333e21-95cc-4b14-9e9b-1b32648d29fe failed with exceptions.
java.lang.RuntimeException: Runtime Exception
	at org.apache.hadoop.hdds.scm.container.balancer.TestContainerBalancerTask.checkIterationResultException(TestContainerBalancerTask.java:1002)
	at sun.reflect.NativeMethodAccessorImpl.invoke0(Native Method)
	at sun.reflect.NativeMethodAccessorImpl.invoke(NativeMethodAccessorImpl.java:62)
	at sun.reflect.DelegatingMethodAccessorImpl.invoke(DelegatingMethodAccessorImpl.java:43)
	at java.lang.reflect.Method.invoke(Method.java:498)
	at org.junit.platform.commons.util.ReflectionUtils.invokeMethod(ReflectionUtils.java:725)
	at org.junit.jupiter.engine.execution.MethodInvocation.proceed(MethodInvocation.java:60)
	at org.junit.jupiter.engine.execution.InvocationInterceptorChain$ValidatingInvocation.proceed(InvocationInterceptorChain.java:131)
	at org.junit.jupiter.engine.extension.TimeoutExtension.intercept(TimeoutExtension.java:149)
	at org.junit.jupiter.engine.extension.TimeoutExtension.interceptTestableMethod(TimeoutExtension.java:140)
	at org.junit.jupiter.engine.extension.TimeoutExtension.interceptTestMethod(TimeoutExtension.java:84)
	at org.junit.jupiter.engine.execution.ExecutableInvoker$ReflectiveInterceptorCall.lambda$ofVoidMethod$0(ExecutableInvoker.java:115)
	at org.junit.jupiter.engine.execution.ExecutableInvoker.lambda$invoke$0(ExecutableInvoker.java:105)
	at org.junit.jupiter.engine.execution.InvocationInterceptorChain$InterceptedInvocation.proceed(InvocationInterceptorChain.java:106)
	at org.junit.jupiter.engine.execution.InvocationInterceptorChain.proceed(InvocationInterceptorChain.java:64)
	at org.junit.jupiter.engine.execution.InvocationInterceptorChain.chainAndInvoke(InvocationInterceptorChain.java:45)
	at org.junit.jupiter.engine.execution.InvocationInterceptorChain.invoke(InvocationInterceptorChain.java:37)
	at org.junit.jupiter.engine.execution.ExecutableInvoker.invoke(ExecutableInvoker.java:104)
	at org.junit.jupiter.engine.execution.ExecutableInvoker.invoke(ExecutableInvoker.java:98)
	at org.junit.jupiter.engine.descriptor.TestMethodTestDescriptor.lambda$invokeTestMethod$7(TestMethodTestDescriptor.java:214)
	at org.junit.platform.engine.support.hierarchical.ThrowableCollector.execute(ThrowableCollector.java:73)
	at org.junit.jupiter.engine.descriptor.TestMethodTestDescriptor.invokeTestMethod(TestMethodTestDescriptor.java:210)
	at org.junit.jupiter.engine.descriptor.TestMethodTestDescriptor.execute(TestMethodTestDescriptor.java:135)
	at org.junit.jupiter.engine.descriptor.TestMethodTestDescriptor.execute(TestMethodTestDescriptor.java:66)
	at org.junit.platform.engine.support.hierarchical.NodeTestTask.lambda$executeRecursively$6(NodeTestTask.java:151)
	at org.junit.platform.engine.support.hierarchical.ThrowableCollector.execute(ThrowableCollector.java:73)
	at org.junit.platform.engine.support.hierarchical.NodeTestTask.lambda$executeRecursively$8(NodeTestTask.java:141)
	at org.junit.platform.engine.support.hierarchical.Node.around(Node.java:137)
	at org.junit.platform.engine.support.hierarchical.NodeTestTask.lambda$executeRecursively$9(NodeTestTask.java:139)
	at org.junit.platform.engine.support.hierarchical.ThrowableCollector.execute(ThrowableCollector.java:73)
	at org.junit.platform.engine.support.hierarchical.NodeTestTask.executeRecursively(NodeTestTask.java:138)
	at org.junit.platform.engine.support.hierarchical.NodeTestTask.execute(NodeTestTask.java:95)
	at java.util.ArrayList.forEach(ArrayList.java:1259)
	at org.junit.platform.engine.support.hierarchical.SameThreadHierarchicalTestExecutorService.invokeAll(SameThreadHierarchicalTestExecutorService.java:41)
	at org.junit.platform.engine.support.hierarchical.NodeTestTask.lambda$executeRecursively$6(NodeTestTask.java:155)
	at org.junit.platform.engine.support.hierarchical.ThrowableCollector.execute(ThrowableCollector.java:73)
	at org.junit.platform.engine.support.hierarchical.NodeTestTask.lambda$executeRecursively$8(NodeTestTask.java:141)
	at org.junit.platform.engine.support.hierarchical.Node.around(Node.java:137)
	at org.junit.platform.engine.support.hierarchical.NodeTestTask.lambda$executeRecursively$9(NodeTestTask.java:139)
	at org.junit.platform.engine.support.hierarchical.ThrowableCollector.execute(ThrowableCollector.java:73)
	at org.junit.platform.engine.support.hierarchical.NodeTestTask.executeRecursively(NodeTestTask.java:138)
	at org.junit.platform.engine.support.hierarchical.NodeTestTask.execute(NodeTestTask.java:95)
	at java.util.ArrayList.forEach(ArrayList.java:1259)
	at org.junit.platform.engine.support.hierarchical.SameThreadHierarchicalTestExecutorService.invokeAll(SameThreadHierarchicalTestExecutorService.java:41)
	at org.junit.platform.engine.support.hierarchical.NodeTestTask.lambda$executeRecursively$6(NodeTestTask.java:155)
	at org.junit.platform.engine.support.hierarchical.ThrowableCollector.execute(ThrowableCollector.java:73)
	at org.junit.platform.engine.support.hierarchical.NodeTestTask.lambda$executeRecursively$8(NodeTestTask.java:141)
	at org.junit.platform.engine.support.hierarchical.Node.around(Node.java:137)
	at org.junit.platform.engine.support.hierarchical.NodeTestTask.lambda$executeRecursively$9(NodeTestTask.java:139)
	at org.junit.platform.engine.support.hierarchical.ThrowableCollector.execute(ThrowableCollector.java:73)
	at org.junit.platform.engine.support.hierarchical.NodeTestTask.executeRecursively(NodeTestTask.java:138)
	at org.junit.platform.engine.support.hierarchical.NodeTestTask.execute(NodeTestTask.java:95)
	at org.junit.platform.engine.support.hierarchical.SameThreadHierarchicalTestExecutorService.submit(SameThreadHierarchicalTestExecutorService.java:35)
	at org.junit.platform.engine.support.hierarchical.HierarchicalTestExecutor.execute(HierarchicalTestExecutor.java:57)
	at org.junit.platform.engine.support.hierarchical.HierarchicalTestEngine.execute(HierarchicalTestEngine.java:54)
	at org.junit.platform.launcher.core.EngineExecutionOrchestrator.execute(EngineExecutionOrchestrator.java:107)
	at org.junit.platform.launcher.core.EngineExecutionOrchestrator.execute(EngineExecutionOrchestrator.java:88)
	at org.junit.platform.launcher.core.EngineExecutionOrchestrator.lambda$execute$0(EngineExecutionOrchestrator.java:54)
	at org.junit.platform.launcher.core.EngineExecutionOrchestrator.withInterceptedStreams(EngineExecutionOrchestrator.java:67)
	at org.junit.platform.launcher.core.EngineExecutionOrchestrator.execute(EngineExecutionOrchestrator.java:52)
	at org.junit.platform.launcher.core.DefaultLauncher.execute(DefaultLauncher.java:114)
	at org.junit.platform.launcher.core.DefaultLauncher.execute(DefaultLauncher.java:86)
	at org.junit.platform.launcher.core.DefaultLauncherSession$DelegatingLauncher.execute(DefaultLauncherSession.java:86)
	at org.junit.platform.launcher.core.SessionPerRequestLauncher.execute(SessionPerRequestLauncher.java:53)
	at org.apache.maven.surefire.junitplatform.JUnitPlatformProvider.execute(JUnitPlatformProvider.java:188)
	at org.apache.maven.surefire.junitplatform.JUnitPlatformProvider.invokeAllTests(JUnitPlatformProvider.java:154)
	at org.apache.maven.surefire.junitplatform.JUnitPlatformProvider.invoke(JUnitPlatformProvider.java:124)
	at org.apache.maven.surefire.booter.ForkedBooter.runSuitesInProcess(ForkedBooter.java:428)
	at org.apache.maven.surefire.booter.ForkedBooter.execute(ForkedBooter.java:162)
	at org.apache.maven.surefire.booter.ForkedBooter.run(ForkedBooter.java:562)
	at org.apache.maven.surefire.booter.ForkedBooter.main(ForkedBooter.java:548)
2023-08-30 06:49:51,019 [main] INFO  balancer.FindSourceGreedy (FindSourceGreedy.java:getNextCandidateSourceDataNode(126)) - no more candidate source data node
2023-08-30 06:49:51,019 [main] ERROR balancer.ContainerBalancerTask (ContainerBalancerTask.java:checkIterationMoveResults(623)) - Got exception while checkIterationMoveResults
java.util.concurrent.ExecutionException: java.lang.RuntimeException: Runtime Exception after doing work
	at java.util.concurrent.CompletableFuture.reportGet(CompletableFuture.java:357)
	at java.util.concurrent.CompletableFuture.get(CompletableFuture.java:1928)
	at org.apache.hadoop.hdds.scm.container.balancer.ContainerBalancerTask.checkIterationMoveResults(ContainerBalancerTask.java:613)
	at org.apache.hadoop.hdds.scm.container.balancer.ContainerBalancerTask.checkIterationResults(ContainerBalancerTask.java:600)
	at org.apache.hadoop.hdds.scm.container.balancer.ContainerBalancerTask.doIteration(ContainerBalancerTask.java:543)
	at org.apache.hadoop.hdds.scm.container.balancer.ContainerBalancerTask.balance(ContainerBalancerTask.java:257)
	at org.apache.hadoop.hdds.scm.container.balancer.ContainerBalancerTask.run(ContainerBalancerTask.java:179)
	at org.apache.hadoop.hdds.scm.container.balancer.TestContainerBalancerTask.startBalancer(TestContainerBalancerTask.java:1321)
	at org.apache.hadoop.hdds.scm.container.balancer.TestContainerBalancerTask.checkIterationResultException(TestContainerBalancerTask.java:1051)
	at sun.reflect.NativeMethodAccessorImpl.invoke0(Native Method)
	at sun.reflect.NativeMethodAccessorImpl.invoke(NativeMethodAccessorImpl.java:62)
	at sun.reflect.DelegatingMethodAccessorImpl.invoke(DelegatingMethodAccessorImpl.java:43)
	at java.lang.reflect.Method.invoke(Method.java:498)
	at org.junit.platform.commons.util.ReflectionUtils.invokeMethod(ReflectionUtils.java:725)
	at org.junit.jupiter.engine.execution.MethodInvocation.proceed(MethodInvocation.java:60)
	at org.junit.jupiter.engine.execution.InvocationInterceptorChain$ValidatingInvocation.proceed(InvocationInterceptorChain.java:131)
	at org.junit.jupiter.engine.extension.TimeoutExtension.intercept(TimeoutExtension.java:149)
	at org.junit.jupiter.engine.extension.TimeoutExtension.interceptTestableMethod(TimeoutExtension.java:140)
	at org.junit.jupiter.engine.extension.TimeoutExtension.interceptTestMethod(TimeoutExtension.java:84)
	at org.junit.jupiter.engine.execution.ExecutableInvoker$ReflectiveInterceptorCall.lambda$ofVoidMethod$0(ExecutableInvoker.java:115)
	at org.junit.jupiter.engine.execution.ExecutableInvoker.lambda$invoke$0(ExecutableInvoker.java:105)
	at org.junit.jupiter.engine.execution.InvocationInterceptorChain$InterceptedInvocation.proceed(InvocationInterceptorChain.java:106)
	at org.junit.jupiter.engine.execution.InvocationInterceptorChain.proceed(InvocationInterceptorChain.java:64)
	at org.junit.jupiter.engine.execution.InvocationInterceptorChain.chainAndInvoke(InvocationInterceptorChain.java:45)
	at org.junit.jupiter.engine.execution.InvocationInterceptorChain.invoke(InvocationInterceptorChain.java:37)
	at org.junit.jupiter.engine.execution.ExecutableInvoker.invoke(ExecutableInvoker.java:104)
	at org.junit.jupiter.engine.execution.ExecutableInvoker.invoke(ExecutableInvoker.java:98)
	at org.junit.jupiter.engine.descriptor.TestMethodTestDescriptor.lambda$invokeTestMethod$7(TestMethodTestDescriptor.java:214)
	at org.junit.platform.engine.support.hierarchical.ThrowableCollector.execute(ThrowableCollector.java:73)
	at org.junit.jupiter.engine.descriptor.TestMethodTestDescriptor.invokeTestMethod(TestMethodTestDescriptor.java:210)
	at org.junit.jupiter.engine.descriptor.TestMethodTestDescriptor.execute(TestMethodTestDescriptor.java:135)
	at org.junit.jupiter.engine.descriptor.TestMethodTestDescriptor.execute(TestMethodTestDescriptor.java:66)
	at org.junit.platform.engine.support.hierarchical.NodeTestTask.lambda$executeRecursively$6(NodeTestTask.java:151)
	at org.junit.platform.engine.support.hierarchical.ThrowableCollector.execute(ThrowableCollector.java:73)
	at org.junit.platform.engine.support.hierarchical.NodeTestTask.lambda$executeRecursively$8(NodeTestTask.java:141)
	at org.junit.platform.engine.support.hierarchical.Node.around(Node.java:137)
	at org.junit.platform.engine.support.hierarchical.NodeTestTask.lambda$executeRecursively$9(NodeTestTask.java:139)
	at org.junit.platform.engine.support.hierarchical.ThrowableCollector.execute(ThrowableCollector.java:73)
	at org.junit.platform.engine.support.hierarchical.NodeTestTask.executeRecursively(NodeTestTask.java:138)
	at org.junit.platform.engine.support.hierarchical.NodeTestTask.execute(NodeTestTask.java:95)
	at java.util.ArrayList.forEach(ArrayList.java:1259)
	at org.junit.platform.engine.support.hierarchical.SameThreadHierarchicalTestExecutorService.invokeAll(SameThreadHierarchicalTestExecutorService.java:41)
	at org.junit.platform.engine.support.hierarchical.NodeTestTask.lambda$executeRecursively$6(NodeTestTask.java:155)
	at org.junit.platform.engine.support.hierarchical.ThrowableCollector.execute(ThrowableCollector.java:73)
	at org.junit.platform.engine.support.hierarchical.NodeTestTask.lambda$executeRecursively$8(NodeTestTask.java:141)
	at org.junit.platform.engine.support.hierarchical.Node.around(Node.java:137)
	at org.junit.platform.engine.support.hierarchical.NodeTestTask.lambda$executeRecursively$9(NodeTestTask.java:139)
	at org.junit.platform.engine.support.hierarchical.ThrowableCollector.execute(ThrowableCollector.java:73)
	at org.junit.platform.engine.support.hierarchical.NodeTestTask.executeRecursively(NodeTestTask.java:138)
	at org.junit.platform.engine.support.hierarchical.NodeTestTask.execute(NodeTestTask.java:95)
	at java.util.ArrayList.forEach(ArrayList.java:1259)
	at org.junit.platform.engine.support.hierarchical.SameThreadHierarchicalTestExecutorService.invokeAll(SameThreadHierarchicalTestExecutorService.java:41)
	at org.junit.platform.engine.support.hierarchical.NodeTestTask.lambda$executeRecursively$6(NodeTestTask.java:155)
	at org.junit.platform.engine.support.hierarchical.ThrowableCollector.execute(ThrowableCollector.java:73)
	at org.junit.platform.engine.support.hierarchical.NodeTestTask.lambda$executeRecursively$8(NodeTestTask.java:141)
	at org.junit.platform.engine.support.hierarchical.Node.around(Node.java:137)
	at org.junit.platform.engine.support.hierarchical.NodeTestTask.lambda$executeRecursively$9(NodeTestTask.java:139)
	at org.junit.platform.engine.support.hierarchical.ThrowableCollector.execute(ThrowableCollector.java:73)
	at org.junit.platform.engine.support.hierarchical.NodeTestTask.executeRecursively(NodeTestTask.java:138)
	at org.junit.platform.engine.support.hierarchical.NodeTestTask.execute(NodeTestTask.java:95)
	at org.junit.platform.engine.support.hierarchical.SameThreadHierarchicalTestExecutorService.submit(SameThreadHierarchicalTestExecutorService.java:35)
	at org.junit.platform.engine.support.hierarchical.HierarchicalTestExecutor.execute(HierarchicalTestExecutor.java:57)
	at org.junit.platform.engine.support.hierarchical.HierarchicalTestEngine.execute(HierarchicalTestEngine.java:54)
	at org.junit.platform.launcher.core.EngineExecutionOrchestrator.execute(EngineExecutionOrchestrator.java:107)
	at org.junit.platform.launcher.core.EngineExecutionOrchestrator.execute(EngineExecutionOrchestrator.java:88)
	at org.junit.platform.launcher.core.EngineExecutionOrchestrator.lambda$execute$0(EngineExecutionOrchestrator.java:54)
	at org.junit.platform.launcher.core.EngineExecutionOrchestrator.withInterceptedStreams(EngineExecutionOrchestrator.java:67)
	at org.junit.platform.launcher.core.EngineExecutionOrchestrator.execute(EngineExecutionOrchestrator.java:52)
	at org.junit.platform.launcher.core.DefaultLauncher.execute(DefaultLauncher.java:114)
	at org.junit.platform.launcher.core.DefaultLauncher.execute(DefaultLauncher.java:86)
	at org.junit.platform.launcher.core.DefaultLauncherSession$DelegatingLauncher.execute(DefaultLauncherSession.java:86)
	at org.junit.platform.launcher.core.SessionPerRequestLauncher.execute(SessionPerRequestLauncher.java:53)
	at org.apache.maven.surefire.junitplatform.JUnitPlatformProvider.execute(JUnitPlatformProvider.java:188)
	at org.apache.maven.surefire.junitplatform.JUnitPlatformProvider.invokeAllTests(JUnitPlatformProvider.java:154)
	at org.apache.maven.surefire.junitplatform.JUnitPlatformProvider.invoke(JUnitPlatformProvider.java:124)
	at org.apache.maven.surefire.booter.ForkedBooter.runSuitesInProcess(ForkedBooter.java:428)
	at org.apache.maven.surefire.booter.ForkedBooter.execute(ForkedBooter.java:162)
	at org.apache.maven.surefire.booter.ForkedBooter.run(ForkedBooter.java:562)
	at org.apache.maven.surefire.booter.ForkedBooter.main(ForkedBooter.java:548)
Caused by: java.lang.RuntimeException: Runtime Exception after doing work
	at org.apache.hadoop.hdds.scm.container.balancer.TestContainerBalancerTask.lambda$checkIterationResultException$11(TestContainerBalancerTask.java:1045)
	at java.util.concurrent.CompletableFuture$AsyncSupply.run(CompletableFuture.java:1604)
	at java.lang.Thread.run(Thread.java:750)
2023-08-30 06:49:51,020 [main] INFO  balancer.ContainerBalancerTask (ContainerBalancerTask.java:checkIterationMoveResults(642)) - Iteration Summary. Number of Datanodes involved: 2. Size moved: 0 B (0 Bytes). Number of Container moves completed: 0.
2023-08-30 06:49:51,020 [main] INFO  balancer.ContainerBalancerTask (ContainerBalancerTask.java:balance(259)) - Result of this iteration of Container Balancer: ITERATION_COMPLETED
2023-08-30 06:49:51,020 [main] INFO  balancer.ContainerBalancerTask (ContainerBalancerTask.java:tryStopWithSaveConfiguration(308)) - Save Configuration for stopping. Reason: Completed all iterations.
]]></system-out>
  </testcase>
  <testcase name="balancerShouldObeyMaxSizeLeavingSourceLimit" classname="org.apache.hadoop.hdds.scm.container.balancer.TestContainerBalancerTask" time="0.282">
    <system-out><![CDATA[2023-08-30 06:49:51,052 [main] INFO  net.NodeSchemaLoader (NodeSchemaLoader.java:loadSchemaFromFile(129)) - Loading schema from [file:/home/runner/work/ozone/ozone/hadoop-hdds/common/target/classes/network-topology-default.xml]
2023-08-30 06:49:51,053 [main] INFO  net.NodeSchemaLoader (NodeSchemaLoader.java:loadSchema(176)) - Loading network topology layer schema file
2023-08-30 06:49:51,058 [main] INFO  net.NetworkTopologyImpl (NetworkTopologyImpl.java:add(112)) - Added a new node: /default-rack/114789e4-98a4-4097-8b73-6fa3b069f9cb
2023-08-30 06:49:51,058 [main] INFO  net.NetworkTopologyImpl (NetworkTopologyImpl.java:add(112)) - Added a new node: /default-rack/68f0472c-7a34-49c9-a065-ba9cc8b6547b
2023-08-30 06:49:51,058 [main] INFO  net.NetworkTopologyImpl (NetworkTopologyImpl.java:add(112)) - Added a new node: /default-rack/bb9cb632-9ad8-4a09-83b6-1f1b704b8fac
2023-08-30 06:49:51,058 [main] INFO  net.NetworkTopologyImpl (NetworkTopologyImpl.java:add(112)) - Added a new node: /default-rack/c5ad1419-7251-4837-ad17-3f19423b8b60
2023-08-30 06:49:51,059 [main] INFO  net.NetworkTopologyImpl (NetworkTopologyImpl.java:add(112)) - Added a new node: /default-rack/3d8968cd-42a3-435b-8954-a61aebf9f453
2023-08-30 06:49:51,059 [main] INFO  net.NetworkTopologyImpl (NetworkTopologyImpl.java:add(112)) - Added a new node: /default-rack/46d421d7-27a5-4dc7-acd3-450c1a5c848b
2023-08-30 06:49:51,059 [main] INFO  net.NetworkTopologyImpl (NetworkTopologyImpl.java:add(112)) - Added a new node: /default-rack/3cfa7e9d-6b67-430f-b18f-4731482112b9
2023-08-30 06:49:51,059 [main] INFO  net.NetworkTopologyImpl (NetworkTopologyImpl.java:add(112)) - Added a new node: /default-rack/53aad91d-8ca0-4526-98a1-8e93815f7bd2
2023-08-30 06:49:51,060 [main] INFO  net.NetworkTopologyImpl (NetworkTopologyImpl.java:add(112)) - Added a new node: /default-rack/7770682c-537b-443c-bee8-e2dca4b6ee67
2023-08-30 06:49:51,060 [main] INFO  net.NetworkTopologyImpl (NetworkTopologyImpl.java:add(112)) - Added a new node: /default-rack/f726c02f-c436-4c76-8708-30e0031a44a4
2023-08-30 06:49:51,060 [main] INFO  algorithms.ContainerPlacementPolicyFactory (ContainerPlacementPolicyFactory.java:getPolicyInternal(86)) - Create container placement policy of type org.apache.hadoop.hdds.scm.container.placement.algorithms.SCMContainerPlacementRackAware
2023-08-30 06:49:51,062 [main] INFO  algorithms.ContainerPlacementPolicyFactory (ContainerPlacementPolicyFactory.java:getPolicyInternal(86)) - Create container placement policy of type org.apache.hadoop.hdds.scm.container.placement.algorithms.SCMContainerPlacementRackScatter
2023-08-30 06:49:51,069 [main] DEBUG balancer.ContainerBalancerTask (ContainerBalancerTask.java:initializeIteration(374)) - Average utilization of the cluster is 0.34780426599788744
2023-08-30 06:49:51,069 [main] DEBUG balancer.ContainerBalancerTask (ContainerBalancerTask.java:initializeIteration(386)) - Lower limit for utilization is 0.24780426599788744 and Upper limit for utilization is 0.4478042659978875
2023-08-30 06:49:51,070 [main] DEBUG balancer.ContainerBalancerTask (ContainerBalancerTask.java:initializeIteration(398)) - Utilization for node c5ad1419-7251-4837-ad17-3f19423b8b60 with capacity 66810602382B, used 60129542144B, and remaining 6681060238B is 0.9000000000029935
2023-08-30 06:49:51,070 [main] DEBUG balancer.ContainerBalancerTask (ContainerBalancerTask.java:initializeIteration(398)) - Utilization for node 3cfa7e9d-6b67-430f-b18f-4731482112b9 with capacity 75161927680B, used 60129542144B, and remaining 15032385536B is 0.8
2023-08-30 06:49:51,070 [main] DEBUG balancer.ContainerBalancerTask (ContainerBalancerTask.java:initializeIteration(398)) - Utilization for node bb9cb632-9ad8-4a09-83b6-1f1b704b8fac with capacity 65958426331B, used 46170898432B, and remaining 19787527899B is 0.7000000000045483
2023-08-30 06:49:51,070 [main] DEBUG balancer.ContainerBalancerTask (ContainerBalancerTask.java:initializeIteration(398)) - Utilization for node 114789e4-98a4-4097-8b73-6fa3b069f9cb with capacity 71582788266B, used 42949672960B, and remaining 28633115306B is 0.600000000005588
2023-08-30 06:49:51,071 [main] DEBUG balancer.ContainerBalancerTask (ContainerBalancerTask.java:initializeIteration(398)) - Utilization for node 3d8968cd-42a3-435b-8954-a61aebf9f453 with capacity 85899345920B, used 42949672960B, and remaining 42949672960B is 0.5
2023-08-30 06:49:51,071 [main] DEBUG balancer.ContainerBalancerTask (ContainerBalancerTask.java:initializeIteration(398)) - Utilization for node 46d421d7-27a5-4dc7-acd3-450c1a5c848b with capacity 112742891520B, used 45097156608B, and remaining 67645734912B is 0.4
2023-08-30 06:49:51,071 [main] DEBUG balancer.ContainerBalancerTask (ContainerBalancerTask.java:initializeIteration(398)) - Utilization for node 7770682c-537b-443c-bee8-e2dca4b6ee67 with capacity 118111600640B, used 35433480192B, and remaining 82678120448B is 0.3
2023-08-30 06:49:51,071 [main] DEBUG balancer.ContainerBalancerTask (ContainerBalancerTask.java:initializeIteration(398)) - Utilization for node f726c02f-c436-4c76-8708-30e0031a44a4 with capacity 166429982720B, used 33285996544B, and remaining 133143986176B is 0.2
2023-08-30 06:49:51,071 [main] DEBUG balancer.ContainerBalancerTask (ContainerBalancerTask.java:initializeIteration(398)) - Utilization for node 53aad91d-8ca0-4526-98a1-8e93815f7bd2 with capacity 354334801920B, used 35433480192B, and remaining 318901321728B is 0.1
2023-08-30 06:49:51,071 [main] DEBUG balancer.ContainerBalancerTask (ContainerBalancerTask.java:initializeIteration(398)) - Utilization for node 68f0472c-7a34-49c9-a065-ba9cc8b6547b with capacity 37580963840B, used 0B, and remaining 37580963840B is 0.0
2023-08-30 06:49:51,071 [main] INFO  balancer.ContainerBalancerTask (ContainerBalancerTask.java:initializeIteration(447)) - Container Balancer has identified 5 Over-Utilized and 3 Under-Utilized Datanodes that need to be balanced.
2023-08-30 06:49:51,072 [main] DEBUG balancer.ContainerBalancerTask (ContainerBalancerTask.java:lambda$initializeIteration$1(453)) - Datanode localhost-20.159.207.58 c5ad1419-7251-4837-ad17-3f19423b8b60 is Over-Utilized.
2023-08-30 06:49:51,072 [main] DEBUG balancer.ContainerBalancerTask (ContainerBalancerTask.java:lambda$initializeIteration$1(453)) - Datanode localhost-137.79.69.114 3cfa7e9d-6b67-430f-b18f-4731482112b9 is Over-Utilized.
2023-08-30 06:49:51,072 [main] DEBUG balancer.ContainerBalancerTask (ContainerBalancerTask.java:lambda$initializeIteration$1(453)) - Datanode localhost-29.39.221.246 bb9cb632-9ad8-4a09-83b6-1f1b704b8fac is Over-Utilized.
2023-08-30 06:49:51,072 [main] DEBUG balancer.ContainerBalancerTask (ContainerBalancerTask.java:lambda$initializeIteration$1(453)) - Datanode localhost-200.11.118.215 114789e4-98a4-4097-8b73-6fa3b069f9cb is Over-Utilized.
2023-08-30 06:49:51,072 [main] DEBUG balancer.ContainerBalancerTask (ContainerBalancerTask.java:lambda$initializeIteration$1(453)) - Datanode localhost-147.123.246.106 3d8968cd-42a3-435b-8954-a61aebf9f453 is Over-Utilized.
2023-08-30 06:49:51,072 [main] DEBUG balancer.ContainerBalancerTask (ContainerBalancerTask.java:lambda$initializeIteration$2(459)) - Datanode localhost-198.221.73.161 68f0472c-7a34-49c9-a065-ba9cc8b6547b is Under-Utilized.
2023-08-30 06:49:51,072 [main] DEBUG balancer.ContainerBalancerTask (ContainerBalancerTask.java:lambda$initializeIteration$2(459)) - Datanode localhost-140.224.189.163 53aad91d-8ca0-4526-98a1-8e93815f7bd2 is Under-Utilized.
2023-08-30 06:49:51,072 [main] DEBUG balancer.ContainerBalancerTask (ContainerBalancerTask.java:lambda$initializeIteration$2(459)) - Datanode localhost-30.209.64.199 f726c02f-c436-4c76-8708-30e0031a44a4 is Under-Utilized.
2023-08-30 06:49:51,075 [main] DEBUG balancer.ContainerBalancerTask (ContainerBalancerTask.java:matchSourceWithTarget(701)) - ContainerBalancer could not find any candidate containers for datanode c5ad1419-7251-4837-ad17-3f19423b8b60
2023-08-30 06:49:51,078 [main] DEBUG balancer.ContainerBalancerTask (ContainerBalancerTask.java:matchSourceWithTarget(701)) - ContainerBalancer could not find any candidate containers for datanode 3cfa7e9d-6b67-430f-b18f-4731482112b9
2023-08-30 06:49:51,080 [main] DEBUG balancer.ContainerBalancerTask (ContainerBalancerTask.java:matchSourceWithTarget(701)) - ContainerBalancer could not find any candidate containers for datanode bb9cb632-9ad8-4a09-83b6-1f1b704b8fac
2023-08-30 06:49:51,082 [main] DEBUG balancer.ContainerBalancerTask (ContainerBalancerTask.java:matchSourceWithTarget(701)) - ContainerBalancer could not find any candidate containers for datanode 114789e4-98a4-4097-8b73-6fa3b069f9cb
2023-08-30 06:49:51,085 [main] DEBUG balancer.ContainerBalancerTask (ContainerBalancerTask.java:matchSourceWithTarget(701)) - ContainerBalancer could not find any candidate containers for datanode 3d8968cd-42a3-435b-8954-a61aebf9f453
2023-08-30 06:49:51,085 [main] INFO  balancer.FindSourceGreedy (FindSourceGreedy.java:getNextCandidateSourceDataNode(126)) - no more candidate source data node
2023-08-30 06:49:51,085 [main] INFO  balancer.ContainerBalancerTask (ContainerBalancerTask.java:balance(259)) - Result of this iteration of Container Balancer: CAN_NOT_BALANCE_ANY_MORE
2023-08-30 06:49:51,085 [main] INFO  balancer.ContainerBalancerTask (ContainerBalancerTask.java:tryStopWithSaveConfiguration(308)) - Save Configuration for stopping. Reason: CAN_NOT_BALANCE_ANY_MORE
2023-08-30 06:49:51,103 [main] DEBUG balancer.ContainerBalancerTask (ContainerBalancerTask.java:initializeIteration(374)) - Average utilization of the cluster is 0.34780426599788744
2023-08-30 06:49:51,104 [main] DEBUG balancer.ContainerBalancerTask (ContainerBalancerTask.java:initializeIteration(386)) - Lower limit for utilization is 0.24780426599788744 and Upper limit for utilization is 0.4478042659978875
2023-08-30 06:49:51,104 [main] DEBUG balancer.ContainerBalancerTask (ContainerBalancerTask.java:initializeIteration(398)) - Utilization for node c5ad1419-7251-4837-ad17-3f19423b8b60 with capacity 66810602382B, used 60129542144B, and remaining 6681060238B is 0.9000000000029935
2023-08-30 06:49:51,104 [main] DEBUG balancer.ContainerBalancerTask (ContainerBalancerTask.java:initializeIteration(398)) - Utilization for node 3cfa7e9d-6b67-430f-b18f-4731482112b9 with capacity 75161927680B, used 60129542144B, and remaining 15032385536B is 0.8
2023-08-30 06:49:51,104 [main] DEBUG balancer.ContainerBalancerTask (ContainerBalancerTask.java:initializeIteration(398)) - Utilization for node bb9cb632-9ad8-4a09-83b6-1f1b704b8fac with capacity 65958426331B, used 46170898432B, and remaining 19787527899B is 0.7000000000045483
2023-08-30 06:49:51,105 [main] DEBUG balancer.ContainerBalancerTask (ContainerBalancerTask.java:initializeIteration(398)) - Utilization for node 114789e4-98a4-4097-8b73-6fa3b069f9cb with capacity 71582788266B, used 42949672960B, and remaining 28633115306B is 0.600000000005588
2023-08-30 06:49:51,105 [main] DEBUG balancer.ContainerBalancerTask (ContainerBalancerTask.java:initializeIteration(398)) - Utilization for node 3d8968cd-42a3-435b-8954-a61aebf9f453 with capacity 85899345920B, used 42949672960B, and remaining 42949672960B is 0.5
2023-08-30 06:49:51,105 [main] DEBUG balancer.ContainerBalancerTask (ContainerBalancerTask.java:initializeIteration(398)) - Utilization for node 46d421d7-27a5-4dc7-acd3-450c1a5c848b with capacity 112742891520B, used 45097156608B, and remaining 67645734912B is 0.4
2023-08-30 06:49:51,105 [main] DEBUG balancer.ContainerBalancerTask (ContainerBalancerTask.java:initializeIteration(398)) - Utilization for node 7770682c-537b-443c-bee8-e2dca4b6ee67 with capacity 118111600640B, used 35433480192B, and remaining 82678120448B is 0.3
2023-08-30 06:49:51,105 [main] DEBUG balancer.ContainerBalancerTask (ContainerBalancerTask.java:initializeIteration(398)) - Utilization for node f726c02f-c436-4c76-8708-30e0031a44a4 with capacity 166429982720B, used 33285996544B, and remaining 133143986176B is 0.2
2023-08-30 06:49:51,105 [main] DEBUG balancer.ContainerBalancerTask (ContainerBalancerTask.java:initializeIteration(398)) - Utilization for node 53aad91d-8ca0-4526-98a1-8e93815f7bd2 with capacity 354334801920B, used 35433480192B, and remaining 318901321728B is 0.1
2023-08-30 06:49:51,105 [main] DEBUG balancer.ContainerBalancerTask (ContainerBalancerTask.java:initializeIteration(398)) - Utilization for node 68f0472c-7a34-49c9-a065-ba9cc8b6547b with capacity 37580963840B, used 0B, and remaining 37580963840B is 0.0
2023-08-30 06:49:51,105 [main] INFO  balancer.ContainerBalancerTask (ContainerBalancerTask.java:initializeIteration(447)) - Container Balancer has identified 5 Over-Utilized and 3 Under-Utilized Datanodes that need to be balanced.
2023-08-30 06:49:51,105 [main] DEBUG balancer.ContainerBalancerTask (ContainerBalancerTask.java:lambda$initializeIteration$1(453)) - Datanode localhost-20.159.207.58 c5ad1419-7251-4837-ad17-3f19423b8b60 is Over-Utilized.
2023-08-30 06:49:51,105 [main] DEBUG balancer.ContainerBalancerTask (ContainerBalancerTask.java:lambda$initializeIteration$1(453)) - Datanode localhost-137.79.69.114 3cfa7e9d-6b67-430f-b18f-4731482112b9 is Over-Utilized.
2023-08-30 06:49:51,105 [main] DEBUG balancer.ContainerBalancerTask (ContainerBalancerTask.java:lambda$initializeIteration$1(453)) - Datanode localhost-29.39.221.246 bb9cb632-9ad8-4a09-83b6-1f1b704b8fac is Over-Utilized.
2023-08-30 06:49:51,106 [main] DEBUG balancer.ContainerBalancerTask (ContainerBalancerTask.java:lambda$initializeIteration$1(453)) - Datanode localhost-200.11.118.215 114789e4-98a4-4097-8b73-6fa3b069f9cb is Over-Utilized.
2023-08-30 06:49:51,106 [main] DEBUG balancer.ContainerBalancerTask (ContainerBalancerTask.java:lambda$initializeIteration$1(453)) - Datanode localhost-147.123.246.106 3d8968cd-42a3-435b-8954-a61aebf9f453 is Over-Utilized.
2023-08-30 06:49:51,106 [main] DEBUG balancer.ContainerBalancerTask (ContainerBalancerTask.java:lambda$initializeIteration$2(459)) - Datanode localhost-198.221.73.161 68f0472c-7a34-49c9-a065-ba9cc8b6547b is Under-Utilized.
2023-08-30 06:49:51,106 [main] DEBUG balancer.ContainerBalancerTask (ContainerBalancerTask.java:lambda$initializeIteration$2(459)) - Datanode localhost-140.224.189.163 53aad91d-8ca0-4526-98a1-8e93815f7bd2 is Under-Utilized.
2023-08-30 06:49:51,106 [main] DEBUG balancer.ContainerBalancerTask (ContainerBalancerTask.java:lambda$initializeIteration$2(459)) - Datanode localhost-30.209.64.199 f726c02f-c436-4c76-8708-30e0031a44a4 is Under-Utilized.
2023-08-30 06:49:51,109 [main] DEBUG balancer.ContainerBalancerTask (ContainerBalancerTask.java:matchSourceWithTarget(708)) - ContainerBalancer is finding suitable target for source datanode c5ad1419-7251-4837-ad17-3f19423b8b60
2023-08-30 06:49:51,109 [main] INFO  balancer.ContainerBalancerTask (ContainerBalancerTask.java:matchSourceWithTarget(722)) - ContainerBalancer matched source datanode c5ad1419-7251-4837-ad17-3f19423b8b60 with target datanode 68f0472c-7a34-49c9-a065-ba9cc8b6547b for container move.
2023-08-30 06:49:51,110 [main] INFO  balancer.ContainerBalancerTask (ContainerBalancerTask.java:processMoveSelection(569)) - ContainerBalancer is trying to move container #85 with size 5368709120B from source datanode c5ad1419-7251-4837-ad17-3f19423b8b60 to target datanode 68f0472c-7a34-49c9-a065-ba9cc8b6547b
2023-08-30 06:49:51,110 [main] DEBUG balancer.ContainerBalancerTask (ContainerBalancerTask.java:lambda$moveContainer$3(837)) - Container move completed for container #85 from source c5ad1419-7251-4837-ad17-3f19423b8b60 to target 68f0472c-7a34-49c9-a065-ba9cc8b6547b
2023-08-30 06:49:51,110 [main] DEBUG balancer.ContainerBalancerTask (ContainerBalancerTask.java:adaptOnReachingIterationLimits(782)) - Reached max datanodes to involve limit. 2 datanodes have already been selected for balancing and the limit is 2. Only already selected sources and targets can be involved in balancing now.
2023-08-30 06:49:51,113 [main] DEBUG balancer.ContainerBalancerTask (ContainerBalancerTask.java:matchSourceWithTarget(708)) - ContainerBalancer is finding suitable target for source datanode c5ad1419-7251-4837-ad17-3f19423b8b60
2023-08-30 06:49:51,113 [main] INFO  balancer.ContainerBalancerTask (ContainerBalancerTask.java:matchSourceWithTarget(722)) - ContainerBalancer matched source datanode c5ad1419-7251-4837-ad17-3f19423b8b60 with target datanode 68f0472c-7a34-49c9-a065-ba9cc8b6547b for container move.
2023-08-30 06:49:51,113 [main] INFO  balancer.ContainerBalancerTask (ContainerBalancerTask.java:processMoveSelection(569)) - ContainerBalancer is trying to move container #53 with size 5368709120B from source datanode c5ad1419-7251-4837-ad17-3f19423b8b60 to target datanode 68f0472c-7a34-49c9-a065-ba9cc8b6547b
2023-08-30 06:49:51,113 [main] DEBUG balancer.ContainerBalancerTask (ContainerBalancerTask.java:lambda$moveContainer$3(837)) - Container move completed for container #53 from source c5ad1419-7251-4837-ad17-3f19423b8b60 to target 68f0472c-7a34-49c9-a065-ba9cc8b6547b
2023-08-30 06:49:51,116 [main] DEBUG balancer.ContainerBalancerTask (ContainerBalancerTask.java:matchSourceWithTarget(708)) - ContainerBalancer is finding suitable target for source datanode c5ad1419-7251-4837-ad17-3f19423b8b60
2023-08-30 06:49:51,117 [main] INFO  balancer.ContainerBalancerTask (ContainerBalancerTask.java:matchSourceWithTarget(722)) - ContainerBalancer matched source datanode c5ad1419-7251-4837-ad17-3f19423b8b60 with target datanode 68f0472c-7a34-49c9-a065-ba9cc8b6547b for container move.
2023-08-30 06:49:51,117 [main] INFO  balancer.ContainerBalancerTask (ContainerBalancerTask.java:processMoveSelection(569)) - ContainerBalancer is trying to move container #29 with size 5368709120B from source datanode c5ad1419-7251-4837-ad17-3f19423b8b60 to target datanode 68f0472c-7a34-49c9-a065-ba9cc8b6547b
2023-08-30 06:49:51,117 [main] DEBUG balancer.ContainerBalancerTask (ContainerBalancerTask.java:lambda$moveContainer$3(837)) - Container move completed for container #29 from source c5ad1419-7251-4837-ad17-3f19423b8b60 to target 68f0472c-7a34-49c9-a065-ba9cc8b6547b
2023-08-30 06:49:51,120 [main] DEBUG balancer.ContainerBalancerTask (ContainerBalancerTask.java:matchSourceWithTarget(708)) - ContainerBalancer is finding suitable target for source datanode c5ad1419-7251-4837-ad17-3f19423b8b60
2023-08-30 06:49:51,123 [main] INFO  balancer.FindTargetGreedyByUsageInfo (AbstractFindTargetGreedy.java:findTargetForContainerMove(133)) - Container Balancer could not find a target for source datanode c5ad1419-7251-4837-ad17-3f19423b8b60
2023-08-30 06:49:51,123 [main] DEBUG balancer.ContainerBalancerTask (ContainerBalancerTask.java:matchSourceWithTarget(717)) - ContainerBalancer could not find a suitable target for source node c5ad1419-7251-4837-ad17-3f19423b8b60.
2023-08-30 06:49:51,123 [main] INFO  balancer.FindSourceGreedy (FindSourceGreedy.java:getNextCandidateSourceDataNode(126)) - no more candidate source data node
2023-08-30 06:49:51,123 [main] INFO  balancer.ContainerBalancerTask (ContainerBalancerTask.java:checkIterationMoveResults(642)) - Iteration Summary. Number of Datanodes involved: 2. Size moved: 15 GB (16106127360 Bytes). Number of Container moves completed: 3.
2023-08-30 06:49:51,123 [main] INFO  balancer.ContainerBalancerTask (ContainerBalancerTask.java:balance(259)) - Result of this iteration of Container Balancer: ITERATION_COMPLETED
2023-08-30 06:49:51,126 [main] DEBUG balancer.ContainerBalancerTask (ContainerBalancerTask.java:initializeIteration(374)) - Average utilization of the cluster is 0.34780426599788744
2023-08-30 06:49:51,126 [main] DEBUG balancer.ContainerBalancerTask (ContainerBalancerTask.java:initializeIteration(386)) - Lower limit for utilization is 0.24780426599788744 and Upper limit for utilization is 0.4478042659978875
2023-08-30 06:49:51,126 [main] DEBUG balancer.ContainerBalancerTask (ContainerBalancerTask.java:initializeIteration(398)) - Utilization for node c5ad1419-7251-4837-ad17-3f19423b8b60 with capacity 66810602382B, used 60129542144B, and remaining 6681060238B is 0.9000000000029935
2023-08-30 06:49:51,126 [main] DEBUG balancer.ContainerBalancerTask (ContainerBalancerTask.java:initializeIteration(398)) - Utilization for node 3cfa7e9d-6b67-430f-b18f-4731482112b9 with capacity 75161927680B, used 60129542144B, and remaining 15032385536B is 0.8
2023-08-30 06:49:51,127 [main] DEBUG balancer.ContainerBalancerTask (ContainerBalancerTask.java:initializeIteration(398)) - Utilization for node bb9cb632-9ad8-4a09-83b6-1f1b704b8fac with capacity 65958426331B, used 46170898432B, and remaining 19787527899B is 0.7000000000045483
2023-08-30 06:49:51,127 [main] DEBUG balancer.ContainerBalancerTask (ContainerBalancerTask.java:initializeIteration(398)) - Utilization for node 114789e4-98a4-4097-8b73-6fa3b069f9cb with capacity 71582788266B, used 42949672960B, and remaining 28633115306B is 0.600000000005588
2023-08-30 06:49:51,127 [main] DEBUG balancer.ContainerBalancerTask (ContainerBalancerTask.java:initializeIteration(398)) - Utilization for node 3d8968cd-42a3-435b-8954-a61aebf9f453 with capacity 85899345920B, used 42949672960B, and remaining 42949672960B is 0.5
2023-08-30 06:49:51,127 [main] DEBUG balancer.ContainerBalancerTask (ContainerBalancerTask.java:initializeIteration(398)) - Utilization for node 46d421d7-27a5-4dc7-acd3-450c1a5c848b with capacity 112742891520B, used 45097156608B, and remaining 67645734912B is 0.4
2023-08-30 06:49:51,127 [main] DEBUG balancer.ContainerBalancerTask (ContainerBalancerTask.java:initializeIteration(398)) - Utilization for node 7770682c-537b-443c-bee8-e2dca4b6ee67 with capacity 118111600640B, used 35433480192B, and remaining 82678120448B is 0.3
2023-08-30 06:49:51,127 [main] DEBUG balancer.ContainerBalancerTask (ContainerBalancerTask.java:initializeIteration(398)) - Utilization for node f726c02f-c436-4c76-8708-30e0031a44a4 with capacity 166429982720B, used 33285996544B, and remaining 133143986176B is 0.2
2023-08-30 06:49:51,127 [main] DEBUG balancer.ContainerBalancerTask (ContainerBalancerTask.java:initializeIteration(398)) - Utilization for node 53aad91d-8ca0-4526-98a1-8e93815f7bd2 with capacity 354334801920B, used 35433480192B, and remaining 318901321728B is 0.1
2023-08-30 06:49:51,127 [main] DEBUG balancer.ContainerBalancerTask (ContainerBalancerTask.java:initializeIteration(398)) - Utilization for node 68f0472c-7a34-49c9-a065-ba9cc8b6547b with capacity 37580963840B, used 0B, and remaining 37580963840B is 0.0
2023-08-30 06:49:51,127 [main] INFO  balancer.ContainerBalancerTask (ContainerBalancerTask.java:initializeIteration(447)) - Container Balancer has identified 5 Over-Utilized and 3 Under-Utilized Datanodes that need to be balanced.
2023-08-30 06:49:51,127 [main] DEBUG balancer.ContainerBalancerTask (ContainerBalancerTask.java:lambda$initializeIteration$1(453)) - Datanode localhost-20.159.207.58 c5ad1419-7251-4837-ad17-3f19423b8b60 is Over-Utilized.
2023-08-30 06:49:51,128 [main] DEBUG balancer.ContainerBalancerTask (ContainerBalancerTask.java:lambda$initializeIteration$1(453)) - Datanode localhost-137.79.69.114 3cfa7e9d-6b67-430f-b18f-4731482112b9 is Over-Utilized.
2023-08-30 06:49:51,128 [main] DEBUG balancer.ContainerBalancerTask (ContainerBalancerTask.java:lambda$initializeIteration$1(453)) - Datanode localhost-29.39.221.246 bb9cb632-9ad8-4a09-83b6-1f1b704b8fac is Over-Utilized.
2023-08-30 06:49:51,128 [main] DEBUG balancer.ContainerBalancerTask (ContainerBalancerTask.java:lambda$initializeIteration$1(453)) - Datanode localhost-200.11.118.215 114789e4-98a4-4097-8b73-6fa3b069f9cb is Over-Utilized.
2023-08-30 06:49:51,128 [main] DEBUG balancer.ContainerBalancerTask (ContainerBalancerTask.java:lambda$initializeIteration$1(453)) - Datanode localhost-147.123.246.106 3d8968cd-42a3-435b-8954-a61aebf9f453 is Over-Utilized.
2023-08-30 06:49:51,128 [main] DEBUG balancer.ContainerBalancerTask (ContainerBalancerTask.java:lambda$initializeIteration$2(459)) - Datanode localhost-198.221.73.161 68f0472c-7a34-49c9-a065-ba9cc8b6547b is Under-Utilized.
2023-08-30 06:49:51,128 [main] DEBUG balancer.ContainerBalancerTask (ContainerBalancerTask.java:lambda$initializeIteration$2(459)) - Datanode localhost-140.224.189.163 53aad91d-8ca0-4526-98a1-8e93815f7bd2 is Under-Utilized.
2023-08-30 06:49:51,128 [main] DEBUG balancer.ContainerBalancerTask (ContainerBalancerTask.java:lambda$initializeIteration$2(459)) - Datanode localhost-30.209.64.199 f726c02f-c436-4c76-8708-30e0031a44a4 is Under-Utilized.
2023-08-30 06:49:51,131 [main] DEBUG balancer.ContainerBalancerTask (ContainerBalancerTask.java:matchSourceWithTarget(708)) - ContainerBalancer is finding suitable target for source datanode c5ad1419-7251-4837-ad17-3f19423b8b60
2023-08-30 06:49:51,131 [main] INFO  balancer.ContainerBalancerTask (ContainerBalancerTask.java:matchSourceWithTarget(722)) - ContainerBalancer matched source datanode c5ad1419-7251-4837-ad17-3f19423b8b60 with target datanode 68f0472c-7a34-49c9-a065-ba9cc8b6547b for container move.
2023-08-30 06:49:51,131 [main] INFO  balancer.ContainerBalancerTask (ContainerBalancerTask.java:processMoveSelection(569)) - ContainerBalancer is trying to move container #85 with size 5368709120B from source datanode c5ad1419-7251-4837-ad17-3f19423b8b60 to target datanode 68f0472c-7a34-49c9-a065-ba9cc8b6547b
2023-08-30 06:49:51,132 [main] DEBUG balancer.ContainerBalancerTask (ContainerBalancerTask.java:lambda$moveContainer$3(837)) - Container move completed for container #85 from source c5ad1419-7251-4837-ad17-3f19423b8b60 to target 68f0472c-7a34-49c9-a065-ba9cc8b6547b
2023-08-30 06:49:51,132 [main] DEBUG balancer.ContainerBalancerTask (ContainerBalancerTask.java:adaptOnReachingIterationLimits(782)) - Reached max datanodes to involve limit. 2 datanodes have already been selected for balancing and the limit is 2. Only already selected sources and targets can be involved in balancing now.
2023-08-30 06:49:51,135 [main] DEBUG balancer.ContainerBalancerTask (ContainerBalancerTask.java:matchSourceWithTarget(708)) - ContainerBalancer is finding suitable target for source datanode c5ad1419-7251-4837-ad17-3f19423b8b60
2023-08-30 06:49:51,135 [main] INFO  balancer.ContainerBalancerTask (ContainerBalancerTask.java:matchSourceWithTarget(722)) - ContainerBalancer matched source datanode c5ad1419-7251-4837-ad17-3f19423b8b60 with target datanode 68f0472c-7a34-49c9-a065-ba9cc8b6547b for container move.
2023-08-30 06:49:51,135 [main] INFO  balancer.ContainerBalancerTask (ContainerBalancerTask.java:processMoveSelection(569)) - ContainerBalancer is trying to move container #53 with size 5368709120B from source datanode c5ad1419-7251-4837-ad17-3f19423b8b60 to target datanode 68f0472c-7a34-49c9-a065-ba9cc8b6547b
2023-08-30 06:49:51,135 [main] DEBUG balancer.ContainerBalancerTask (ContainerBalancerTask.java:lambda$moveContainer$3(837)) - Container move completed for container #53 from source c5ad1419-7251-4837-ad17-3f19423b8b60 to target 68f0472c-7a34-49c9-a065-ba9cc8b6547b
2023-08-30 06:49:51,138 [main] DEBUG balancer.ContainerBalancerTask (ContainerBalancerTask.java:matchSourceWithTarget(708)) - ContainerBalancer is finding suitable target for source datanode c5ad1419-7251-4837-ad17-3f19423b8b60
2023-08-30 06:49:51,139 [main] INFO  balancer.ContainerBalancerTask (ContainerBalancerTask.java:matchSourceWithTarget(722)) - ContainerBalancer matched source datanode c5ad1419-7251-4837-ad17-3f19423b8b60 with target datanode 68f0472c-7a34-49c9-a065-ba9cc8b6547b for container move.
2023-08-30 06:49:51,139 [main] INFO  balancer.ContainerBalancerTask (ContainerBalancerTask.java:processMoveSelection(569)) - ContainerBalancer is trying to move container #29 with size 5368709120B from source datanode c5ad1419-7251-4837-ad17-3f19423b8b60 to target datanode 68f0472c-7a34-49c9-a065-ba9cc8b6547b
2023-08-30 06:49:51,139 [main] DEBUG balancer.ContainerBalancerTask (ContainerBalancerTask.java:lambda$moveContainer$3(837)) - Container move completed for container #29 from source c5ad1419-7251-4837-ad17-3f19423b8b60 to target 68f0472c-7a34-49c9-a065-ba9cc8b6547b
2023-08-30 06:49:51,143 [main] DEBUG balancer.ContainerBalancerTask (ContainerBalancerTask.java:matchSourceWithTarget(708)) - ContainerBalancer is finding suitable target for source datanode c5ad1419-7251-4837-ad17-3f19423b8b60
2023-08-30 06:49:51,144 [main] INFO  balancer.FindTargetGreedyByUsageInfo (AbstractFindTargetGreedy.java:findTargetForContainerMove(133)) - Container Balancer could not find a target for source datanode c5ad1419-7251-4837-ad17-3f19423b8b60
2023-08-30 06:49:51,144 [main] DEBUG balancer.ContainerBalancerTask (ContainerBalancerTask.java:matchSourceWithTarget(717)) - ContainerBalancer could not find a suitable target for source node c5ad1419-7251-4837-ad17-3f19423b8b60.
2023-08-30 06:49:51,144 [main] INFO  balancer.FindSourceGreedy (FindSourceGreedy.java:getNextCandidateSourceDataNode(126)) - no more candidate source data node
2023-08-30 06:49:51,144 [main] INFO  balancer.ContainerBalancerTask (ContainerBalancerTask.java:checkIterationMoveResults(642)) - Iteration Summary. Number of Datanodes involved: 2. Size moved: 15 GB (16106127360 Bytes). Number of Container moves completed: 3.
2023-08-30 06:49:51,144 [main] INFO  balancer.ContainerBalancerTask (ContainerBalancerTask.java:balance(259)) - Result of this iteration of Container Balancer: ITERATION_COMPLETED
2023-08-30 06:49:51,146 [main] DEBUG balancer.ContainerBalancerTask (ContainerBalancerTask.java:initializeIteration(374)) - Average utilization of the cluster is 0.34780426599788744
2023-08-30 06:49:51,146 [main] DEBUG balancer.ContainerBalancerTask (ContainerBalancerTask.java:initializeIteration(386)) - Lower limit for utilization is 0.24780426599788744 and Upper limit for utilization is 0.4478042659978875
2023-08-30 06:49:51,146 [main] DEBUG balancer.ContainerBalancerTask (ContainerBalancerTask.java:initializeIteration(398)) - Utilization for node c5ad1419-7251-4837-ad17-3f19423b8b60 with capacity 66810602382B, used 60129542144B, and remaining 6681060238B is 0.9000000000029935
2023-08-30 06:49:51,146 [main] DEBUG balancer.ContainerBalancerTask (ContainerBalancerTask.java:initializeIteration(398)) - Utilization for node 3cfa7e9d-6b67-430f-b18f-4731482112b9 with capacity 75161927680B, used 60129542144B, and remaining 15032385536B is 0.8
2023-08-30 06:49:51,147 [main] DEBUG balancer.ContainerBalancerTask (ContainerBalancerTask.java:initializeIteration(398)) - Utilization for node bb9cb632-9ad8-4a09-83b6-1f1b704b8fac with capacity 65958426331B, used 46170898432B, and remaining 19787527899B is 0.7000000000045483
2023-08-30 06:49:51,147 [main] DEBUG balancer.ContainerBalancerTask (ContainerBalancerTask.java:initializeIteration(398)) - Utilization for node 114789e4-98a4-4097-8b73-6fa3b069f9cb with capacity 71582788266B, used 42949672960B, and remaining 28633115306B is 0.600000000005588
2023-08-30 06:49:51,147 [main] DEBUG balancer.ContainerBalancerTask (ContainerBalancerTask.java:initializeIteration(398)) - Utilization for node 3d8968cd-42a3-435b-8954-a61aebf9f453 with capacity 85899345920B, used 42949672960B, and remaining 42949672960B is 0.5
2023-08-30 06:49:51,147 [main] DEBUG balancer.ContainerBalancerTask (ContainerBalancerTask.java:initializeIteration(398)) - Utilization for node 46d421d7-27a5-4dc7-acd3-450c1a5c848b with capacity 112742891520B, used 45097156608B, and remaining 67645734912B is 0.4
2023-08-30 06:49:51,147 [main] DEBUG balancer.ContainerBalancerTask (ContainerBalancerTask.java:initializeIteration(398)) - Utilization for node 7770682c-537b-443c-bee8-e2dca4b6ee67 with capacity 118111600640B, used 35433480192B, and remaining 82678120448B is 0.3
2023-08-30 06:49:51,147 [main] DEBUG balancer.ContainerBalancerTask (ContainerBalancerTask.java:initializeIteration(398)) - Utilization for node f726c02f-c436-4c76-8708-30e0031a44a4 with capacity 166429982720B, used 33285996544B, and remaining 133143986176B is 0.2
2023-08-30 06:49:51,147 [main] DEBUG balancer.ContainerBalancerTask (ContainerBalancerTask.java:initializeIteration(398)) - Utilization for node 53aad91d-8ca0-4526-98a1-8e93815f7bd2 with capacity 354334801920B, used 35433480192B, and remaining 318901321728B is 0.1
2023-08-30 06:49:51,147 [main] DEBUG balancer.ContainerBalancerTask (ContainerBalancerTask.java:initializeIteration(398)) - Utilization for node 68f0472c-7a34-49c9-a065-ba9cc8b6547b with capacity 37580963840B, used 0B, and remaining 37580963840B is 0.0
2023-08-30 06:49:51,147 [main] INFO  balancer.ContainerBalancerTask (ContainerBalancerTask.java:initializeIteration(447)) - Container Balancer has identified 5 Over-Utilized and 3 Under-Utilized Datanodes that need to be balanced.
2023-08-30 06:49:51,147 [main] DEBUG balancer.ContainerBalancerTask (ContainerBalancerTask.java:lambda$initializeIteration$1(453)) - Datanode localhost-20.159.207.58 c5ad1419-7251-4837-ad17-3f19423b8b60 is Over-Utilized.
2023-08-30 06:49:51,147 [main] DEBUG balancer.ContainerBalancerTask (ContainerBalancerTask.java:lambda$initializeIteration$1(453)) - Datanode localhost-137.79.69.114 3cfa7e9d-6b67-430f-b18f-4731482112b9 is Over-Utilized.
2023-08-30 06:49:51,148 [main] DEBUG balancer.ContainerBalancerTask (ContainerBalancerTask.java:lambda$initializeIteration$1(453)) - Datanode localhost-29.39.221.246 bb9cb632-9ad8-4a09-83b6-1f1b704b8fac is Over-Utilized.
2023-08-30 06:49:51,148 [main] DEBUG balancer.ContainerBalancerTask (ContainerBalancerTask.java:lambda$initializeIteration$1(453)) - Datanode localhost-200.11.118.215 114789e4-98a4-4097-8b73-6fa3b069f9cb is Over-Utilized.
2023-08-30 06:49:51,148 [main] DEBUG balancer.ContainerBalancerTask (ContainerBalancerTask.java:lambda$initializeIteration$1(453)) - Datanode localhost-147.123.246.106 3d8968cd-42a3-435b-8954-a61aebf9f453 is Over-Utilized.
2023-08-30 06:49:51,148 [main] DEBUG balancer.ContainerBalancerTask (ContainerBalancerTask.java:lambda$initializeIteration$2(459)) - Datanode localhost-198.221.73.161 68f0472c-7a34-49c9-a065-ba9cc8b6547b is Under-Utilized.
2023-08-30 06:49:51,148 [main] DEBUG balancer.ContainerBalancerTask (ContainerBalancerTask.java:lambda$initializeIteration$2(459)) - Datanode localhost-140.224.189.163 53aad91d-8ca0-4526-98a1-8e93815f7bd2 is Under-Utilized.
2023-08-30 06:49:51,148 [main] DEBUG balancer.ContainerBalancerTask (ContainerBalancerTask.java:lambda$initializeIteration$2(459)) - Datanode localhost-30.209.64.199 f726c02f-c436-4c76-8708-30e0031a44a4 is Under-Utilized.
2023-08-30 06:49:51,151 [main] DEBUG balancer.ContainerBalancerTask (ContainerBalancerTask.java:matchSourceWithTarget(708)) - ContainerBalancer is finding suitable target for source datanode c5ad1419-7251-4837-ad17-3f19423b8b60
2023-08-30 06:49:51,151 [main] INFO  balancer.ContainerBalancerTask (ContainerBalancerTask.java:matchSourceWithTarget(722)) - ContainerBalancer matched source datanode c5ad1419-7251-4837-ad17-3f19423b8b60 with target datanode 68f0472c-7a34-49c9-a065-ba9cc8b6547b for container move.
2023-08-30 06:49:51,151 [main] INFO  balancer.ContainerBalancerTask (ContainerBalancerTask.java:processMoveSelection(569)) - ContainerBalancer is trying to move container #85 with size 5368709120B from source datanode c5ad1419-7251-4837-ad17-3f19423b8b60 to target datanode 68f0472c-7a34-49c9-a065-ba9cc8b6547b
2023-08-30 06:49:51,152 [main] DEBUG balancer.ContainerBalancerTask (ContainerBalancerTask.java:lambda$moveContainer$3(837)) - Container move completed for container #85 from source c5ad1419-7251-4837-ad17-3f19423b8b60 to target 68f0472c-7a34-49c9-a065-ba9cc8b6547b
2023-08-30 06:49:51,152 [main] DEBUG balancer.ContainerBalancerTask (ContainerBalancerTask.java:adaptOnReachingIterationLimits(782)) - Reached max datanodes to involve limit. 2 datanodes have already been selected for balancing and the limit is 2. Only already selected sources and targets can be involved in balancing now.
2023-08-30 06:49:51,155 [main] DEBUG balancer.ContainerBalancerTask (ContainerBalancerTask.java:matchSourceWithTarget(708)) - ContainerBalancer is finding suitable target for source datanode c5ad1419-7251-4837-ad17-3f19423b8b60
2023-08-30 06:49:51,155 [main] INFO  balancer.ContainerBalancerTask (ContainerBalancerTask.java:matchSourceWithTarget(722)) - ContainerBalancer matched source datanode c5ad1419-7251-4837-ad17-3f19423b8b60 with target datanode 68f0472c-7a34-49c9-a065-ba9cc8b6547b for container move.
2023-08-30 06:49:51,156 [main] INFO  balancer.ContainerBalancerTask (ContainerBalancerTask.java:processMoveSelection(569)) - ContainerBalancer is trying to move container #53 with size 5368709120B from source datanode c5ad1419-7251-4837-ad17-3f19423b8b60 to target datanode 68f0472c-7a34-49c9-a065-ba9cc8b6547b
2023-08-30 06:49:51,156 [main] DEBUG balancer.ContainerBalancerTask (ContainerBalancerTask.java:lambda$moveContainer$3(837)) - Container move completed for container #53 from source c5ad1419-7251-4837-ad17-3f19423b8b60 to target 68f0472c-7a34-49c9-a065-ba9cc8b6547b
2023-08-30 06:49:51,159 [main] DEBUG balancer.ContainerBalancerTask (ContainerBalancerTask.java:matchSourceWithTarget(708)) - ContainerBalancer is finding suitable target for source datanode c5ad1419-7251-4837-ad17-3f19423b8b60
2023-08-30 06:49:51,159 [main] INFO  balancer.ContainerBalancerTask (ContainerBalancerTask.java:matchSourceWithTarget(722)) - ContainerBalancer matched source datanode c5ad1419-7251-4837-ad17-3f19423b8b60 with target datanode 68f0472c-7a34-49c9-a065-ba9cc8b6547b for container move.
2023-08-30 06:49:51,159 [main] INFO  balancer.ContainerBalancerTask (ContainerBalancerTask.java:processMoveSelection(569)) - ContainerBalancer is trying to move container #29 with size 5368709120B from source datanode c5ad1419-7251-4837-ad17-3f19423b8b60 to target datanode 68f0472c-7a34-49c9-a065-ba9cc8b6547b
2023-08-30 06:49:51,159 [main] DEBUG balancer.ContainerBalancerTask (ContainerBalancerTask.java:lambda$moveContainer$3(837)) - Container move completed for container #29 from source c5ad1419-7251-4837-ad17-3f19423b8b60 to target 68f0472c-7a34-49c9-a065-ba9cc8b6547b
2023-08-30 06:49:51,162 [main] DEBUG balancer.ContainerBalancerTask (ContainerBalancerTask.java:matchSourceWithTarget(708)) - ContainerBalancer is finding suitable target for source datanode c5ad1419-7251-4837-ad17-3f19423b8b60
2023-08-30 06:49:51,163 [main] INFO  balancer.FindTargetGreedyByUsageInfo (AbstractFindTargetGreedy.java:findTargetForContainerMove(133)) - Container Balancer could not find a target for source datanode c5ad1419-7251-4837-ad17-3f19423b8b60
2023-08-30 06:49:51,164 [main] DEBUG balancer.ContainerBalancerTask (ContainerBalancerTask.java:matchSourceWithTarget(717)) - ContainerBalancer could not find a suitable target for source node c5ad1419-7251-4837-ad17-3f19423b8b60.
2023-08-30 06:49:51,164 [main] INFO  balancer.FindSourceGreedy (FindSourceGreedy.java:getNextCandidateSourceDataNode(126)) - no more candidate source data node
2023-08-30 06:49:51,165 [main] INFO  balancer.ContainerBalancerTask (ContainerBalancerTask.java:checkIterationMoveResults(642)) - Iteration Summary. Number of Datanodes involved: 2. Size moved: 15 GB (16106127360 Bytes). Number of Container moves completed: 3.
2023-08-30 06:49:51,165 [main] INFO  balancer.ContainerBalancerTask (ContainerBalancerTask.java:balance(259)) - Result of this iteration of Container Balancer: ITERATION_COMPLETED
2023-08-30 06:49:51,167 [main] DEBUG balancer.ContainerBalancerTask (ContainerBalancerTask.java:initializeIteration(374)) - Average utilization of the cluster is 0.34780426599788744
2023-08-30 06:49:51,167 [main] DEBUG balancer.ContainerBalancerTask (ContainerBalancerTask.java:initializeIteration(386)) - Lower limit for utilization is 0.24780426599788744 and Upper limit for utilization is 0.4478042659978875
2023-08-30 06:49:51,167 [main] DEBUG balancer.ContainerBalancerTask (ContainerBalancerTask.java:initializeIteration(398)) - Utilization for node c5ad1419-7251-4837-ad17-3f19423b8b60 with capacity 66810602382B, used 60129542144B, and remaining 6681060238B is 0.9000000000029935
2023-08-30 06:49:51,168 [main] DEBUG balancer.ContainerBalancerTask (ContainerBalancerTask.java:initializeIteration(398)) - Utilization for node 3cfa7e9d-6b67-430f-b18f-4731482112b9 with capacity 75161927680B, used 60129542144B, and remaining 15032385536B is 0.8
2023-08-30 06:49:51,168 [main] DEBUG balancer.ContainerBalancerTask (ContainerBalancerTask.java:initializeIteration(398)) - Utilization for node bb9cb632-9ad8-4a09-83b6-1f1b704b8fac with capacity 65958426331B, used 46170898432B, and remaining 19787527899B is 0.7000000000045483
2023-08-30 06:49:51,168 [main] DEBUG balancer.ContainerBalancerTask (ContainerBalancerTask.java:initializeIteration(398)) - Utilization for node 114789e4-98a4-4097-8b73-6fa3b069f9cb with capacity 71582788266B, used 42949672960B, and remaining 28633115306B is 0.600000000005588
2023-08-30 06:49:51,168 [main] DEBUG balancer.ContainerBalancerTask (ContainerBalancerTask.java:initializeIteration(398)) - Utilization for node 3d8968cd-42a3-435b-8954-a61aebf9f453 with capacity 85899345920B, used 42949672960B, and remaining 42949672960B is 0.5
2023-08-30 06:49:51,168 [main] DEBUG balancer.ContainerBalancerTask (ContainerBalancerTask.java:initializeIteration(398)) - Utilization for node 46d421d7-27a5-4dc7-acd3-450c1a5c848b with capacity 112742891520B, used 45097156608B, and remaining 67645734912B is 0.4
2023-08-30 06:49:51,168 [main] DEBUG balancer.ContainerBalancerTask (ContainerBalancerTask.java:initializeIteration(398)) - Utilization for node 7770682c-537b-443c-bee8-e2dca4b6ee67 with capacity 118111600640B, used 35433480192B, and remaining 82678120448B is 0.3
2023-08-30 06:49:51,168 [main] DEBUG balancer.ContainerBalancerTask (ContainerBalancerTask.java:initializeIteration(398)) - Utilization for node f726c02f-c436-4c76-8708-30e0031a44a4 with capacity 166429982720B, used 33285996544B, and remaining 133143986176B is 0.2
2023-08-30 06:49:51,170 [main] DEBUG balancer.ContainerBalancerTask (ContainerBalancerTask.java:initializeIteration(398)) - Utilization for node 53aad91d-8ca0-4526-98a1-8e93815f7bd2 with capacity 354334801920B, used 35433480192B, and remaining 318901321728B is 0.1
2023-08-30 06:49:51,170 [main] DEBUG balancer.ContainerBalancerTask (ContainerBalancerTask.java:initializeIteration(398)) - Utilization for node 68f0472c-7a34-49c9-a065-ba9cc8b6547b with capacity 37580963840B, used 0B, and remaining 37580963840B is 0.0
2023-08-30 06:49:51,170 [main] INFO  balancer.ContainerBalancerTask (ContainerBalancerTask.java:initializeIteration(447)) - Container Balancer has identified 5 Over-Utilized and 3 Under-Utilized Datanodes that need to be balanced.
2023-08-30 06:49:51,170 [main] DEBUG balancer.ContainerBalancerTask (ContainerBalancerTask.java:lambda$initializeIteration$1(453)) - Datanode localhost-20.159.207.58 c5ad1419-7251-4837-ad17-3f19423b8b60 is Over-Utilized.
2023-08-30 06:49:51,171 [main] DEBUG balancer.ContainerBalancerTask (ContainerBalancerTask.java:lambda$initializeIteration$1(453)) - Datanode localhost-137.79.69.114 3cfa7e9d-6b67-430f-b18f-4731482112b9 is Over-Utilized.
2023-08-30 06:49:51,171 [main] DEBUG balancer.ContainerBalancerTask (ContainerBalancerTask.java:lambda$initializeIteration$1(453)) - Datanode localhost-29.39.221.246 bb9cb632-9ad8-4a09-83b6-1f1b704b8fac is Over-Utilized.
2023-08-30 06:49:51,171 [main] DEBUG balancer.ContainerBalancerTask (ContainerBalancerTask.java:lambda$initializeIteration$1(453)) - Datanode localhost-200.11.118.215 114789e4-98a4-4097-8b73-6fa3b069f9cb is Over-Utilized.
2023-08-30 06:49:51,171 [main] DEBUG balancer.ContainerBalancerTask (ContainerBalancerTask.java:lambda$initializeIteration$1(453)) - Datanode localhost-147.123.246.106 3d8968cd-42a3-435b-8954-a61aebf9f453 is Over-Utilized.
2023-08-30 06:49:51,171 [main] DEBUG balancer.ContainerBalancerTask (ContainerBalancerTask.java:lambda$initializeIteration$2(459)) - Datanode localhost-198.221.73.161 68f0472c-7a34-49c9-a065-ba9cc8b6547b is Under-Utilized.
2023-08-30 06:49:51,171 [main] DEBUG balancer.ContainerBalancerTask (ContainerBalancerTask.java:lambda$initializeIteration$2(459)) - Datanode localhost-140.224.189.163 53aad91d-8ca0-4526-98a1-8e93815f7bd2 is Under-Utilized.
2023-08-30 06:49:51,171 [main] DEBUG balancer.ContainerBalancerTask (ContainerBalancerTask.java:lambda$initializeIteration$2(459)) - Datanode localhost-30.209.64.199 f726c02f-c436-4c76-8708-30e0031a44a4 is Under-Utilized.
2023-08-30 06:49:51,174 [main] DEBUG balancer.ContainerBalancerTask (ContainerBalancerTask.java:matchSourceWithTarget(708)) - ContainerBalancer is finding suitable target for source datanode c5ad1419-7251-4837-ad17-3f19423b8b60
2023-08-30 06:49:51,175 [main] INFO  balancer.ContainerBalancerTask (ContainerBalancerTask.java:matchSourceWithTarget(722)) - ContainerBalancer matched source datanode c5ad1419-7251-4837-ad17-3f19423b8b60 with target datanode 68f0472c-7a34-49c9-a065-ba9cc8b6547b for container move.
2023-08-30 06:49:51,175 [main] INFO  balancer.ContainerBalancerTask (ContainerBalancerTask.java:processMoveSelection(569)) - ContainerBalancer is trying to move container #85 with size 5368709120B from source datanode c5ad1419-7251-4837-ad17-3f19423b8b60 to target datanode 68f0472c-7a34-49c9-a065-ba9cc8b6547b
2023-08-30 06:49:51,175 [main] DEBUG balancer.ContainerBalancerTask (ContainerBalancerTask.java:lambda$moveContainer$3(837)) - Container move completed for container #85 from source c5ad1419-7251-4837-ad17-3f19423b8b60 to target 68f0472c-7a34-49c9-a065-ba9cc8b6547b
2023-08-30 06:49:51,175 [main] DEBUG balancer.ContainerBalancerTask (ContainerBalancerTask.java:adaptOnReachingIterationLimits(782)) - Reached max datanodes to involve limit. 2 datanodes have already been selected for balancing and the limit is 2. Only already selected sources and targets can be involved in balancing now.
2023-08-30 06:49:51,178 [main] DEBUG balancer.ContainerBalancerTask (ContainerBalancerTask.java:matchSourceWithTarget(708)) - ContainerBalancer is finding suitable target for source datanode c5ad1419-7251-4837-ad17-3f19423b8b60
2023-08-30 06:49:51,179 [main] INFO  balancer.ContainerBalancerTask (ContainerBalancerTask.java:matchSourceWithTarget(722)) - ContainerBalancer matched source datanode c5ad1419-7251-4837-ad17-3f19423b8b60 with target datanode 68f0472c-7a34-49c9-a065-ba9cc8b6547b for container move.
2023-08-30 06:49:51,179 [main] INFO  balancer.ContainerBalancerTask (ContainerBalancerTask.java:processMoveSelection(569)) - ContainerBalancer is trying to move container #53 with size 5368709120B from source datanode c5ad1419-7251-4837-ad17-3f19423b8b60 to target datanode 68f0472c-7a34-49c9-a065-ba9cc8b6547b
2023-08-30 06:49:51,179 [main] DEBUG balancer.ContainerBalancerTask (ContainerBalancerTask.java:lambda$moveContainer$3(837)) - Container move completed for container #53 from source c5ad1419-7251-4837-ad17-3f19423b8b60 to target 68f0472c-7a34-49c9-a065-ba9cc8b6547b
2023-08-30 06:49:51,182 [main] DEBUG balancer.ContainerBalancerTask (ContainerBalancerTask.java:matchSourceWithTarget(708)) - ContainerBalancer is finding suitable target for source datanode c5ad1419-7251-4837-ad17-3f19423b8b60
2023-08-30 06:49:51,182 [main] INFO  balancer.ContainerBalancerTask (ContainerBalancerTask.java:matchSourceWithTarget(722)) - ContainerBalancer matched source datanode c5ad1419-7251-4837-ad17-3f19423b8b60 with target datanode 68f0472c-7a34-49c9-a065-ba9cc8b6547b for container move.
2023-08-30 06:49:51,182 [main] INFO  balancer.ContainerBalancerTask (ContainerBalancerTask.java:processMoveSelection(569)) - ContainerBalancer is trying to move container #29 with size 5368709120B from source datanode c5ad1419-7251-4837-ad17-3f19423b8b60 to target datanode 68f0472c-7a34-49c9-a065-ba9cc8b6547b
2023-08-30 06:49:51,182 [main] DEBUG balancer.ContainerBalancerTask (ContainerBalancerTask.java:lambda$moveContainer$3(837)) - Container move completed for container #29 from source c5ad1419-7251-4837-ad17-3f19423b8b60 to target 68f0472c-7a34-49c9-a065-ba9cc8b6547b
2023-08-30 06:49:51,185 [main] DEBUG balancer.ContainerBalancerTask (ContainerBalancerTask.java:matchSourceWithTarget(708)) - ContainerBalancer is finding suitable target for source datanode c5ad1419-7251-4837-ad17-3f19423b8b60
2023-08-30 06:49:51,187 [main] INFO  balancer.FindTargetGreedyByUsageInfo (AbstractFindTargetGreedy.java:findTargetForContainerMove(133)) - Container Balancer could not find a target for source datanode c5ad1419-7251-4837-ad17-3f19423b8b60
2023-08-30 06:49:51,187 [main] DEBUG balancer.ContainerBalancerTask (ContainerBalancerTask.java:matchSourceWithTarget(717)) - ContainerBalancer could not find a suitable target for source node c5ad1419-7251-4837-ad17-3f19423b8b60.
2023-08-30 06:49:51,187 [main] INFO  balancer.FindSourceGreedy (FindSourceGreedy.java:getNextCandidateSourceDataNode(126)) - no more candidate source data node
2023-08-30 06:49:51,187 [main] INFO  balancer.ContainerBalancerTask (ContainerBalancerTask.java:checkIterationMoveResults(642)) - Iteration Summary. Number of Datanodes involved: 2. Size moved: 15 GB (16106127360 Bytes). Number of Container moves completed: 3.
2023-08-30 06:49:51,187 [main] INFO  balancer.ContainerBalancerTask (ContainerBalancerTask.java:balance(259)) - Result of this iteration of Container Balancer: ITERATION_COMPLETED
2023-08-30 06:49:51,190 [main] DEBUG balancer.ContainerBalancerTask (ContainerBalancerTask.java:initializeIteration(374)) - Average utilization of the cluster is 0.34780426599788744
2023-08-30 06:49:51,190 [main] DEBUG balancer.ContainerBalancerTask (ContainerBalancerTask.java:initializeIteration(386)) - Lower limit for utilization is 0.24780426599788744 and Upper limit for utilization is 0.4478042659978875
2023-08-30 06:49:51,190 [main] DEBUG balancer.ContainerBalancerTask (ContainerBalancerTask.java:initializeIteration(398)) - Utilization for node c5ad1419-7251-4837-ad17-3f19423b8b60 with capacity 66810602382B, used 60129542144B, and remaining 6681060238B is 0.9000000000029935
2023-08-30 06:49:51,190 [main] DEBUG balancer.ContainerBalancerTask (ContainerBalancerTask.java:initializeIteration(398)) - Utilization for node 3cfa7e9d-6b67-430f-b18f-4731482112b9 with capacity 75161927680B, used 60129542144B, and remaining 15032385536B is 0.8
2023-08-30 06:49:51,190 [main] DEBUG balancer.ContainerBalancerTask (ContainerBalancerTask.java:initializeIteration(398)) - Utilization for node bb9cb632-9ad8-4a09-83b6-1f1b704b8fac with capacity 65958426331B, used 46170898432B, and remaining 19787527899B is 0.7000000000045483
2023-08-30 06:49:51,190 [main] DEBUG balancer.ContainerBalancerTask (ContainerBalancerTask.java:initializeIteration(398)) - Utilization for node 114789e4-98a4-4097-8b73-6fa3b069f9cb with capacity 71582788266B, used 42949672960B, and remaining 28633115306B is 0.600000000005588
2023-08-30 06:49:51,191 [main] DEBUG balancer.ContainerBalancerTask (ContainerBalancerTask.java:initializeIteration(398)) - Utilization for node 3d8968cd-42a3-435b-8954-a61aebf9f453 with capacity 85899345920B, used 42949672960B, and remaining 42949672960B is 0.5
2023-08-30 06:49:51,191 [main] DEBUG balancer.ContainerBalancerTask (ContainerBalancerTask.java:initializeIteration(398)) - Utilization for node 46d421d7-27a5-4dc7-acd3-450c1a5c848b with capacity 112742891520B, used 45097156608B, and remaining 67645734912B is 0.4
2023-08-30 06:49:51,191 [main] DEBUG balancer.ContainerBalancerTask (ContainerBalancerTask.java:initializeIteration(398)) - Utilization for node 7770682c-537b-443c-bee8-e2dca4b6ee67 with capacity 118111600640B, used 35433480192B, and remaining 82678120448B is 0.3
2023-08-30 06:49:51,191 [main] DEBUG balancer.ContainerBalancerTask (ContainerBalancerTask.java:initializeIteration(398)) - Utilization for node f726c02f-c436-4c76-8708-30e0031a44a4 with capacity 166429982720B, used 33285996544B, and remaining 133143986176B is 0.2
2023-08-30 06:49:51,192 [main] DEBUG balancer.ContainerBalancerTask (ContainerBalancerTask.java:initializeIteration(398)) - Utilization for node 53aad91d-8ca0-4526-98a1-8e93815f7bd2 with capacity 354334801920B, used 35433480192B, and remaining 318901321728B is 0.1
2023-08-30 06:49:51,192 [main] DEBUG balancer.ContainerBalancerTask (ContainerBalancerTask.java:initializeIteration(398)) - Utilization for node 68f0472c-7a34-49c9-a065-ba9cc8b6547b with capacity 37580963840B, used 0B, and remaining 37580963840B is 0.0
2023-08-30 06:49:51,192 [main] INFO  balancer.ContainerBalancerTask (ContainerBalancerTask.java:initializeIteration(447)) - Container Balancer has identified 5 Over-Utilized and 3 Under-Utilized Datanodes that need to be balanced.
2023-08-30 06:49:51,192 [main] DEBUG balancer.ContainerBalancerTask (ContainerBalancerTask.java:lambda$initializeIteration$1(453)) - Datanode localhost-20.159.207.58 c5ad1419-7251-4837-ad17-3f19423b8b60 is Over-Utilized.
2023-08-30 06:49:51,192 [main] DEBUG balancer.ContainerBalancerTask (ContainerBalancerTask.java:lambda$initializeIteration$1(453)) - Datanode localhost-137.79.69.114 3cfa7e9d-6b67-430f-b18f-4731482112b9 is Over-Utilized.
2023-08-30 06:49:51,192 [main] DEBUG balancer.ContainerBalancerTask (ContainerBalancerTask.java:lambda$initializeIteration$1(453)) - Datanode localhost-29.39.221.246 bb9cb632-9ad8-4a09-83b6-1f1b704b8fac is Over-Utilized.
2023-08-30 06:49:51,192 [main] DEBUG balancer.ContainerBalancerTask (ContainerBalancerTask.java:lambda$initializeIteration$1(453)) - Datanode localhost-200.11.118.215 114789e4-98a4-4097-8b73-6fa3b069f9cb is Over-Utilized.
2023-08-30 06:49:51,192 [main] DEBUG balancer.ContainerBalancerTask (ContainerBalancerTask.java:lambda$initializeIteration$1(453)) - Datanode localhost-147.123.246.106 3d8968cd-42a3-435b-8954-a61aebf9f453 is Over-Utilized.
2023-08-30 06:49:51,192 [main] DEBUG balancer.ContainerBalancerTask (ContainerBalancerTask.java:lambda$initializeIteration$2(459)) - Datanode localhost-198.221.73.161 68f0472c-7a34-49c9-a065-ba9cc8b6547b is Under-Utilized.
2023-08-30 06:49:51,192 [main] DEBUG balancer.ContainerBalancerTask (ContainerBalancerTask.java:lambda$initializeIteration$2(459)) - Datanode localhost-140.224.189.163 53aad91d-8ca0-4526-98a1-8e93815f7bd2 is Under-Utilized.
2023-08-30 06:49:51,192 [main] DEBUG balancer.ContainerBalancerTask (ContainerBalancerTask.java:lambda$initializeIteration$2(459)) - Datanode localhost-30.209.64.199 f726c02f-c436-4c76-8708-30e0031a44a4 is Under-Utilized.
2023-08-30 06:49:51,195 [main] DEBUG balancer.ContainerBalancerTask (ContainerBalancerTask.java:matchSourceWithTarget(708)) - ContainerBalancer is finding suitable target for source datanode c5ad1419-7251-4837-ad17-3f19423b8b60
2023-08-30 06:49:51,196 [main] INFO  balancer.ContainerBalancerTask (ContainerBalancerTask.java:matchSourceWithTarget(722)) - ContainerBalancer matched source datanode c5ad1419-7251-4837-ad17-3f19423b8b60 with target datanode 68f0472c-7a34-49c9-a065-ba9cc8b6547b for container move.
2023-08-30 06:49:51,196 [main] INFO  balancer.ContainerBalancerTask (ContainerBalancerTask.java:processMoveSelection(569)) - ContainerBalancer is trying to move container #85 with size 5368709120B from source datanode c5ad1419-7251-4837-ad17-3f19423b8b60 to target datanode 68f0472c-7a34-49c9-a065-ba9cc8b6547b
2023-08-30 06:49:51,196 [main] DEBUG balancer.ContainerBalancerTask (ContainerBalancerTask.java:lambda$moveContainer$3(837)) - Container move completed for container #85 from source c5ad1419-7251-4837-ad17-3f19423b8b60 to target 68f0472c-7a34-49c9-a065-ba9cc8b6547b
2023-08-30 06:49:51,196 [main] DEBUG balancer.ContainerBalancerTask (ContainerBalancerTask.java:adaptOnReachingIterationLimits(782)) - Reached max datanodes to involve limit. 2 datanodes have already been selected for balancing and the limit is 2. Only already selected sources and targets can be involved in balancing now.
2023-08-30 06:49:51,199 [main] DEBUG balancer.ContainerBalancerTask (ContainerBalancerTask.java:matchSourceWithTarget(708)) - ContainerBalancer is finding suitable target for source datanode c5ad1419-7251-4837-ad17-3f19423b8b60
2023-08-30 06:49:51,199 [main] INFO  balancer.ContainerBalancerTask (ContainerBalancerTask.java:matchSourceWithTarget(722)) - ContainerBalancer matched source datanode c5ad1419-7251-4837-ad17-3f19423b8b60 with target datanode 68f0472c-7a34-49c9-a065-ba9cc8b6547b for container move.
2023-08-30 06:49:51,199 [main] INFO  balancer.ContainerBalancerTask (ContainerBalancerTask.java:processMoveSelection(569)) - ContainerBalancer is trying to move container #53 with size 5368709120B from source datanode c5ad1419-7251-4837-ad17-3f19423b8b60 to target datanode 68f0472c-7a34-49c9-a065-ba9cc8b6547b
2023-08-30 06:49:51,200 [main] DEBUG balancer.ContainerBalancerTask (ContainerBalancerTask.java:lambda$moveContainer$3(837)) - Container move completed for container #53 from source c5ad1419-7251-4837-ad17-3f19423b8b60 to target 68f0472c-7a34-49c9-a065-ba9cc8b6547b
2023-08-30 06:49:51,203 [main] DEBUG balancer.ContainerBalancerTask (ContainerBalancerTask.java:matchSourceWithTarget(708)) - ContainerBalancer is finding suitable target for source datanode c5ad1419-7251-4837-ad17-3f19423b8b60
2023-08-30 06:49:51,203 [main] INFO  balancer.ContainerBalancerTask (ContainerBalancerTask.java:matchSourceWithTarget(722)) - ContainerBalancer matched source datanode c5ad1419-7251-4837-ad17-3f19423b8b60 with target datanode 68f0472c-7a34-49c9-a065-ba9cc8b6547b for container move.
2023-08-30 06:49:51,203 [main] INFO  balancer.ContainerBalancerTask (ContainerBalancerTask.java:processMoveSelection(569)) - ContainerBalancer is trying to move container #29 with size 5368709120B from source datanode c5ad1419-7251-4837-ad17-3f19423b8b60 to target datanode 68f0472c-7a34-49c9-a065-ba9cc8b6547b
2023-08-30 06:49:51,203 [main] DEBUG balancer.ContainerBalancerTask (ContainerBalancerTask.java:lambda$moveContainer$3(837)) - Container move completed for container #29 from source c5ad1419-7251-4837-ad17-3f19423b8b60 to target 68f0472c-7a34-49c9-a065-ba9cc8b6547b
2023-08-30 06:49:51,206 [main] DEBUG balancer.ContainerBalancerTask (ContainerBalancerTask.java:matchSourceWithTarget(708)) - ContainerBalancer is finding suitable target for source datanode c5ad1419-7251-4837-ad17-3f19423b8b60
2023-08-30 06:49:51,208 [main] INFO  balancer.FindTargetGreedyByUsageInfo (AbstractFindTargetGreedy.java:findTargetForContainerMove(133)) - Container Balancer could not find a target for source datanode c5ad1419-7251-4837-ad17-3f19423b8b60
2023-08-30 06:49:51,208 [main] DEBUG balancer.ContainerBalancerTask (ContainerBalancerTask.java:matchSourceWithTarget(717)) - ContainerBalancer could not find a suitable target for source node c5ad1419-7251-4837-ad17-3f19423b8b60.
2023-08-30 06:49:51,208 [main] INFO  balancer.FindSourceGreedy (FindSourceGreedy.java:getNextCandidateSourceDataNode(126)) - no more candidate source data node
2023-08-30 06:49:51,208 [main] INFO  balancer.ContainerBalancerTask (ContainerBalancerTask.java:checkIterationMoveResults(642)) - Iteration Summary. Number of Datanodes involved: 2. Size moved: 15 GB (16106127360 Bytes). Number of Container moves completed: 3.
2023-08-30 06:49:51,208 [main] INFO  balancer.ContainerBalancerTask (ContainerBalancerTask.java:balance(259)) - Result of this iteration of Container Balancer: ITERATION_COMPLETED
2023-08-30 06:49:51,210 [main] DEBUG balancer.ContainerBalancerTask (ContainerBalancerTask.java:initializeIteration(374)) - Average utilization of the cluster is 0.34780426599788744
2023-08-30 06:49:51,210 [main] DEBUG balancer.ContainerBalancerTask (ContainerBalancerTask.java:initializeIteration(386)) - Lower limit for utilization is 0.24780426599788744 and Upper limit for utilization is 0.4478042659978875
2023-08-30 06:49:51,210 [main] DEBUG balancer.ContainerBalancerTask (ContainerBalancerTask.java:initializeIteration(398)) - Utilization for node c5ad1419-7251-4837-ad17-3f19423b8b60 with capacity 66810602382B, used 60129542144B, and remaining 6681060238B is 0.9000000000029935
2023-08-30 06:49:51,210 [main] DEBUG balancer.ContainerBalancerTask (ContainerBalancerTask.java:initializeIteration(398)) - Utilization for node 3cfa7e9d-6b67-430f-b18f-4731482112b9 with capacity 75161927680B, used 60129542144B, and remaining 15032385536B is 0.8
2023-08-30 06:49:51,210 [main] DEBUG balancer.ContainerBalancerTask (ContainerBalancerTask.java:initializeIteration(398)) - Utilization for node bb9cb632-9ad8-4a09-83b6-1f1b704b8fac with capacity 65958426331B, used 46170898432B, and remaining 19787527899B is 0.7000000000045483
2023-08-30 06:49:51,210 [main] DEBUG balancer.ContainerBalancerTask (ContainerBalancerTask.java:initializeIteration(398)) - Utilization for node 114789e4-98a4-4097-8b73-6fa3b069f9cb with capacity 71582788266B, used 42949672960B, and remaining 28633115306B is 0.600000000005588
2023-08-30 06:49:51,211 [main] DEBUG balancer.ContainerBalancerTask (ContainerBalancerTask.java:initializeIteration(398)) - Utilization for node 3d8968cd-42a3-435b-8954-a61aebf9f453 with capacity 85899345920B, used 42949672960B, and remaining 42949672960B is 0.5
2023-08-30 06:49:51,211 [main] DEBUG balancer.ContainerBalancerTask (ContainerBalancerTask.java:initializeIteration(398)) - Utilization for node 46d421d7-27a5-4dc7-acd3-450c1a5c848b with capacity 112742891520B, used 45097156608B, and remaining 67645734912B is 0.4
2023-08-30 06:49:51,211 [main] DEBUG balancer.ContainerBalancerTask (ContainerBalancerTask.java:initializeIteration(398)) - Utilization for node 7770682c-537b-443c-bee8-e2dca4b6ee67 with capacity 118111600640B, used 35433480192B, and remaining 82678120448B is 0.3
2023-08-30 06:49:51,211 [main] DEBUG balancer.ContainerBalancerTask (ContainerBalancerTask.java:initializeIteration(398)) - Utilization for node f726c02f-c436-4c76-8708-30e0031a44a4 with capacity 166429982720B, used 33285996544B, and remaining 133143986176B is 0.2
2023-08-30 06:49:51,211 [main] DEBUG balancer.ContainerBalancerTask (ContainerBalancerTask.java:initializeIteration(398)) - Utilization for node 53aad91d-8ca0-4526-98a1-8e93815f7bd2 with capacity 354334801920B, used 35433480192B, and remaining 318901321728B is 0.1
2023-08-30 06:49:51,211 [main] DEBUG balancer.ContainerBalancerTask (ContainerBalancerTask.java:initializeIteration(398)) - Utilization for node 68f0472c-7a34-49c9-a065-ba9cc8b6547b with capacity 37580963840B, used 0B, and remaining 37580963840B is 0.0
2023-08-30 06:49:51,211 [main] INFO  balancer.ContainerBalancerTask (ContainerBalancerTask.java:initializeIteration(447)) - Container Balancer has identified 5 Over-Utilized and 3 Under-Utilized Datanodes that need to be balanced.
2023-08-30 06:49:51,211 [main] DEBUG balancer.ContainerBalancerTask (ContainerBalancerTask.java:lambda$initializeIteration$1(453)) - Datanode localhost-20.159.207.58 c5ad1419-7251-4837-ad17-3f19423b8b60 is Over-Utilized.
2023-08-30 06:49:51,211 [main] DEBUG balancer.ContainerBalancerTask (ContainerBalancerTask.java:lambda$initializeIteration$1(453)) - Datanode localhost-137.79.69.114 3cfa7e9d-6b67-430f-b18f-4731482112b9 is Over-Utilized.
2023-08-30 06:49:51,211 [main] DEBUG balancer.ContainerBalancerTask (ContainerBalancerTask.java:lambda$initializeIteration$1(453)) - Datanode localhost-29.39.221.246 bb9cb632-9ad8-4a09-83b6-1f1b704b8fac is Over-Utilized.
2023-08-30 06:49:51,211 [main] DEBUG balancer.ContainerBalancerTask (ContainerBalancerTask.java:lambda$initializeIteration$1(453)) - Datanode localhost-200.11.118.215 114789e4-98a4-4097-8b73-6fa3b069f9cb is Over-Utilized.
2023-08-30 06:49:51,212 [main] DEBUG balancer.ContainerBalancerTask (ContainerBalancerTask.java:lambda$initializeIteration$1(453)) - Datanode localhost-147.123.246.106 3d8968cd-42a3-435b-8954-a61aebf9f453 is Over-Utilized.
2023-08-30 06:49:51,212 [main] DEBUG balancer.ContainerBalancerTask (ContainerBalancerTask.java:lambda$initializeIteration$2(459)) - Datanode localhost-198.221.73.161 68f0472c-7a34-49c9-a065-ba9cc8b6547b is Under-Utilized.
2023-08-30 06:49:51,212 [main] DEBUG balancer.ContainerBalancerTask (ContainerBalancerTask.java:lambda$initializeIteration$2(459)) - Datanode localhost-140.224.189.163 53aad91d-8ca0-4526-98a1-8e93815f7bd2 is Under-Utilized.
2023-08-30 06:49:51,212 [main] DEBUG balancer.ContainerBalancerTask (ContainerBalancerTask.java:lambda$initializeIteration$2(459)) - Datanode localhost-30.209.64.199 f726c02f-c436-4c76-8708-30e0031a44a4 is Under-Utilized.
2023-08-30 06:49:51,215 [main] DEBUG balancer.ContainerBalancerTask (ContainerBalancerTask.java:matchSourceWithTarget(708)) - ContainerBalancer is finding suitable target for source datanode c5ad1419-7251-4837-ad17-3f19423b8b60
2023-08-30 06:49:51,215 [main] INFO  balancer.ContainerBalancerTask (ContainerBalancerTask.java:matchSourceWithTarget(722)) - ContainerBalancer matched source datanode c5ad1419-7251-4837-ad17-3f19423b8b60 with target datanode 68f0472c-7a34-49c9-a065-ba9cc8b6547b for container move.
2023-08-30 06:49:51,215 [main] INFO  balancer.ContainerBalancerTask (ContainerBalancerTask.java:processMoveSelection(569)) - ContainerBalancer is trying to move container #85 with size 5368709120B from source datanode c5ad1419-7251-4837-ad17-3f19423b8b60 to target datanode 68f0472c-7a34-49c9-a065-ba9cc8b6547b
2023-08-30 06:49:51,215 [main] DEBUG balancer.ContainerBalancerTask (ContainerBalancerTask.java:lambda$moveContainer$3(837)) - Container move completed for container #85 from source c5ad1419-7251-4837-ad17-3f19423b8b60 to target 68f0472c-7a34-49c9-a065-ba9cc8b6547b
2023-08-30 06:49:51,215 [main] DEBUG balancer.ContainerBalancerTask (ContainerBalancerTask.java:adaptOnReachingIterationLimits(782)) - Reached max datanodes to involve limit. 2 datanodes have already been selected for balancing and the limit is 2. Only already selected sources and targets can be involved in balancing now.
2023-08-30 06:49:51,218 [main] DEBUG balancer.ContainerBalancerTask (ContainerBalancerTask.java:matchSourceWithTarget(708)) - ContainerBalancer is finding suitable target for source datanode c5ad1419-7251-4837-ad17-3f19423b8b60
2023-08-30 06:49:51,218 [main] INFO  balancer.ContainerBalancerTask (ContainerBalancerTask.java:matchSourceWithTarget(722)) - ContainerBalancer matched source datanode c5ad1419-7251-4837-ad17-3f19423b8b60 with target datanode 68f0472c-7a34-49c9-a065-ba9cc8b6547b for container move.
2023-08-30 06:49:51,219 [main] INFO  balancer.ContainerBalancerTask (ContainerBalancerTask.java:processMoveSelection(569)) - ContainerBalancer is trying to move container #53 with size 5368709120B from source datanode c5ad1419-7251-4837-ad17-3f19423b8b60 to target datanode 68f0472c-7a34-49c9-a065-ba9cc8b6547b
2023-08-30 06:49:51,219 [main] DEBUG balancer.ContainerBalancerTask (ContainerBalancerTask.java:lambda$moveContainer$3(837)) - Container move completed for container #53 from source c5ad1419-7251-4837-ad17-3f19423b8b60 to target 68f0472c-7a34-49c9-a065-ba9cc8b6547b
2023-08-30 06:49:51,222 [main] DEBUG balancer.ContainerBalancerTask (ContainerBalancerTask.java:matchSourceWithTarget(708)) - ContainerBalancer is finding suitable target for source datanode c5ad1419-7251-4837-ad17-3f19423b8b60
2023-08-30 06:49:51,222 [main] INFO  balancer.ContainerBalancerTask (ContainerBalancerTask.java:matchSourceWithTarget(722)) - ContainerBalancer matched source datanode c5ad1419-7251-4837-ad17-3f19423b8b60 with target datanode 68f0472c-7a34-49c9-a065-ba9cc8b6547b for container move.
2023-08-30 06:49:51,222 [main] INFO  balancer.ContainerBalancerTask (ContainerBalancerTask.java:processMoveSelection(569)) - ContainerBalancer is trying to move container #29 with size 5368709120B from source datanode c5ad1419-7251-4837-ad17-3f19423b8b60 to target datanode 68f0472c-7a34-49c9-a065-ba9cc8b6547b
2023-08-30 06:49:51,222 [main] DEBUG balancer.ContainerBalancerTask (ContainerBalancerTask.java:lambda$moveContainer$3(837)) - Container move completed for container #29 from source c5ad1419-7251-4837-ad17-3f19423b8b60 to target 68f0472c-7a34-49c9-a065-ba9cc8b6547b
2023-08-30 06:49:51,225 [main] DEBUG balancer.ContainerBalancerTask (ContainerBalancerTask.java:matchSourceWithTarget(708)) - ContainerBalancer is finding suitable target for source datanode c5ad1419-7251-4837-ad17-3f19423b8b60
2023-08-30 06:49:51,227 [main] INFO  balancer.FindTargetGreedyByUsageInfo (AbstractFindTargetGreedy.java:findTargetForContainerMove(133)) - Container Balancer could not find a target for source datanode c5ad1419-7251-4837-ad17-3f19423b8b60
2023-08-30 06:49:51,227 [main] DEBUG balancer.ContainerBalancerTask (ContainerBalancerTask.java:matchSourceWithTarget(717)) - ContainerBalancer could not find a suitable target for source node c5ad1419-7251-4837-ad17-3f19423b8b60.
2023-08-30 06:49:51,227 [main] INFO  balancer.FindSourceGreedy (FindSourceGreedy.java:getNextCandidateSourceDataNode(126)) - no more candidate source data node
2023-08-30 06:49:51,227 [main] INFO  balancer.ContainerBalancerTask (ContainerBalancerTask.java:checkIterationMoveResults(642)) - Iteration Summary. Number of Datanodes involved: 2. Size moved: 15 GB (16106127360 Bytes). Number of Container moves completed: 3.
2023-08-30 06:49:51,228 [main] INFO  balancer.ContainerBalancerTask (ContainerBalancerTask.java:balance(259)) - Result of this iteration of Container Balancer: ITERATION_COMPLETED
2023-08-30 06:49:51,234 [main] DEBUG balancer.ContainerBalancerTask (ContainerBalancerTask.java:initializeIteration(374)) - Average utilization of the cluster is 0.34780426599788744
2023-08-30 06:49:51,234 [main] DEBUG balancer.ContainerBalancerTask (ContainerBalancerTask.java:initializeIteration(386)) - Lower limit for utilization is 0.24780426599788744 and Upper limit for utilization is 0.4478042659978875
2023-08-30 06:49:51,234 [main] DEBUG balancer.ContainerBalancerTask (ContainerBalancerTask.java:initializeIteration(398)) - Utilization for node c5ad1419-7251-4837-ad17-3f19423b8b60 with capacity 66810602382B, used 60129542144B, and remaining 6681060238B is 0.9000000000029935
2023-08-30 06:49:51,234 [main] DEBUG balancer.ContainerBalancerTask (ContainerBalancerTask.java:initializeIteration(398)) - Utilization for node 3cfa7e9d-6b67-430f-b18f-4731482112b9 with capacity 75161927680B, used 60129542144B, and remaining 15032385536B is 0.8
2023-08-30 06:49:51,234 [main] DEBUG balancer.ContainerBalancerTask (ContainerBalancerTask.java:initializeIteration(398)) - Utilization for node bb9cb632-9ad8-4a09-83b6-1f1b704b8fac with capacity 65958426331B, used 46170898432B, and remaining 19787527899B is 0.7000000000045483
2023-08-30 06:49:51,234 [main] DEBUG balancer.ContainerBalancerTask (ContainerBalancerTask.java:initializeIteration(398)) - Utilization for node 114789e4-98a4-4097-8b73-6fa3b069f9cb with capacity 71582788266B, used 42949672960B, and remaining 28633115306B is 0.600000000005588
2023-08-30 06:49:51,234 [main] DEBUG balancer.ContainerBalancerTask (ContainerBalancerTask.java:initializeIteration(398)) - Utilization for node 3d8968cd-42a3-435b-8954-a61aebf9f453 with capacity 85899345920B, used 42949672960B, and remaining 42949672960B is 0.5
2023-08-30 06:49:51,234 [main] DEBUG balancer.ContainerBalancerTask (ContainerBalancerTask.java:initializeIteration(398)) - Utilization for node 46d421d7-27a5-4dc7-acd3-450c1a5c848b with capacity 112742891520B, used 45097156608B, and remaining 67645734912B is 0.4
2023-08-30 06:49:51,234 [main] DEBUG balancer.ContainerBalancerTask (ContainerBalancerTask.java:initializeIteration(398)) - Utilization for node 7770682c-537b-443c-bee8-e2dca4b6ee67 with capacity 118111600640B, used 35433480192B, and remaining 82678120448B is 0.3
2023-08-30 06:49:51,234 [main] DEBUG balancer.ContainerBalancerTask (ContainerBalancerTask.java:initializeIteration(398)) - Utilization for node f726c02f-c436-4c76-8708-30e0031a44a4 with capacity 166429982720B, used 33285996544B, and remaining 133143986176B is 0.2
2023-08-30 06:49:51,235 [main] DEBUG balancer.ContainerBalancerTask (ContainerBalancerTask.java:initializeIteration(398)) - Utilization for node 53aad91d-8ca0-4526-98a1-8e93815f7bd2 with capacity 354334801920B, used 35433480192B, and remaining 318901321728B is 0.1
2023-08-30 06:49:51,235 [main] DEBUG balancer.ContainerBalancerTask (ContainerBalancerTask.java:initializeIteration(398)) - Utilization for node 68f0472c-7a34-49c9-a065-ba9cc8b6547b with capacity 37580963840B, used 0B, and remaining 37580963840B is 0.0
2023-08-30 06:49:51,235 [main] INFO  balancer.ContainerBalancerTask (ContainerBalancerTask.java:initializeIteration(447)) - Container Balancer has identified 5 Over-Utilized and 3 Under-Utilized Datanodes that need to be balanced.
2023-08-30 06:49:51,235 [main] DEBUG balancer.ContainerBalancerTask (ContainerBalancerTask.java:lambda$initializeIteration$1(453)) - Datanode localhost-20.159.207.58 c5ad1419-7251-4837-ad17-3f19423b8b60 is Over-Utilized.
2023-08-30 06:49:51,235 [main] DEBUG balancer.ContainerBalancerTask (ContainerBalancerTask.java:lambda$initializeIteration$1(453)) - Datanode localhost-137.79.69.114 3cfa7e9d-6b67-430f-b18f-4731482112b9 is Over-Utilized.
2023-08-30 06:49:51,235 [main] DEBUG balancer.ContainerBalancerTask (ContainerBalancerTask.java:lambda$initializeIteration$1(453)) - Datanode localhost-29.39.221.246 bb9cb632-9ad8-4a09-83b6-1f1b704b8fac is Over-Utilized.
2023-08-30 06:49:51,235 [main] DEBUG balancer.ContainerBalancerTask (ContainerBalancerTask.java:lambda$initializeIteration$1(453)) - Datanode localhost-200.11.118.215 114789e4-98a4-4097-8b73-6fa3b069f9cb is Over-Utilized.
2023-08-30 06:49:51,235 [main] DEBUG balancer.ContainerBalancerTask (ContainerBalancerTask.java:lambda$initializeIteration$1(453)) - Datanode localhost-147.123.246.106 3d8968cd-42a3-435b-8954-a61aebf9f453 is Over-Utilized.
2023-08-30 06:49:51,235 [main] DEBUG balancer.ContainerBalancerTask (ContainerBalancerTask.java:lambda$initializeIteration$2(459)) - Datanode localhost-198.221.73.161 68f0472c-7a34-49c9-a065-ba9cc8b6547b is Under-Utilized.
2023-08-30 06:49:51,235 [main] DEBUG balancer.ContainerBalancerTask (ContainerBalancerTask.java:lambda$initializeIteration$2(459)) - Datanode localhost-140.224.189.163 53aad91d-8ca0-4526-98a1-8e93815f7bd2 is Under-Utilized.
2023-08-30 06:49:51,235 [main] DEBUG balancer.ContainerBalancerTask (ContainerBalancerTask.java:lambda$initializeIteration$2(459)) - Datanode localhost-30.209.64.199 f726c02f-c436-4c76-8708-30e0031a44a4 is Under-Utilized.
2023-08-30 06:49:51,238 [main] DEBUG balancer.ContainerBalancerTask (ContainerBalancerTask.java:matchSourceWithTarget(708)) - ContainerBalancer is finding suitable target for source datanode c5ad1419-7251-4837-ad17-3f19423b8b60
2023-08-30 06:49:51,239 [main] INFO  balancer.ContainerBalancerTask (ContainerBalancerTask.java:matchSourceWithTarget(722)) - ContainerBalancer matched source datanode c5ad1419-7251-4837-ad17-3f19423b8b60 with target datanode 68f0472c-7a34-49c9-a065-ba9cc8b6547b for container move.
2023-08-30 06:49:51,239 [main] INFO  balancer.ContainerBalancerTask (ContainerBalancerTask.java:processMoveSelection(569)) - ContainerBalancer is trying to move container #85 with size 5368709120B from source datanode c5ad1419-7251-4837-ad17-3f19423b8b60 to target datanode 68f0472c-7a34-49c9-a065-ba9cc8b6547b
2023-08-30 06:49:51,239 [main] DEBUG balancer.ContainerBalancerTask (ContainerBalancerTask.java:lambda$moveContainer$3(837)) - Container move completed for container #85 from source c5ad1419-7251-4837-ad17-3f19423b8b60 to target 68f0472c-7a34-49c9-a065-ba9cc8b6547b
2023-08-30 06:49:51,239 [main] DEBUG balancer.ContainerBalancerTask (ContainerBalancerTask.java:adaptOnReachingIterationLimits(782)) - Reached max datanodes to involve limit. 2 datanodes have already been selected for balancing and the limit is 2. Only already selected sources and targets can be involved in balancing now.
2023-08-30 06:49:51,242 [main] DEBUG balancer.ContainerBalancerTask (ContainerBalancerTask.java:matchSourceWithTarget(708)) - ContainerBalancer is finding suitable target for source datanode c5ad1419-7251-4837-ad17-3f19423b8b60
2023-08-30 06:49:51,242 [main] INFO  balancer.ContainerBalancerTask (ContainerBalancerTask.java:matchSourceWithTarget(722)) - ContainerBalancer matched source datanode c5ad1419-7251-4837-ad17-3f19423b8b60 with target datanode 68f0472c-7a34-49c9-a065-ba9cc8b6547b for container move.
2023-08-30 06:49:51,242 [main] INFO  balancer.ContainerBalancerTask (ContainerBalancerTask.java:processMoveSelection(569)) - ContainerBalancer is trying to move container #53 with size 5368709120B from source datanode c5ad1419-7251-4837-ad17-3f19423b8b60 to target datanode 68f0472c-7a34-49c9-a065-ba9cc8b6547b
2023-08-30 06:49:51,243 [main] DEBUG balancer.ContainerBalancerTask (ContainerBalancerTask.java:lambda$moveContainer$3(837)) - Container move completed for container #53 from source c5ad1419-7251-4837-ad17-3f19423b8b60 to target 68f0472c-7a34-49c9-a065-ba9cc8b6547b
2023-08-30 06:49:51,246 [main] DEBUG balancer.ContainerBalancerTask (ContainerBalancerTask.java:matchSourceWithTarget(708)) - ContainerBalancer is finding suitable target for source datanode c5ad1419-7251-4837-ad17-3f19423b8b60
2023-08-30 06:49:51,246 [main] INFO  balancer.ContainerBalancerTask (ContainerBalancerTask.java:matchSourceWithTarget(722)) - ContainerBalancer matched source datanode c5ad1419-7251-4837-ad17-3f19423b8b60 with target datanode 68f0472c-7a34-49c9-a065-ba9cc8b6547b for container move.
2023-08-30 06:49:51,246 [main] INFO  balancer.ContainerBalancerTask (ContainerBalancerTask.java:processMoveSelection(569)) - ContainerBalancer is trying to move container #29 with size 5368709120B from source datanode c5ad1419-7251-4837-ad17-3f19423b8b60 to target datanode 68f0472c-7a34-49c9-a065-ba9cc8b6547b
2023-08-30 06:49:51,246 [main] DEBUG balancer.ContainerBalancerTask (ContainerBalancerTask.java:lambda$moveContainer$3(837)) - Container move completed for container #29 from source c5ad1419-7251-4837-ad17-3f19423b8b60 to target 68f0472c-7a34-49c9-a065-ba9cc8b6547b
2023-08-30 06:49:51,249 [main] DEBUG balancer.ContainerBalancerTask (ContainerBalancerTask.java:matchSourceWithTarget(708)) - ContainerBalancer is finding suitable target for source datanode c5ad1419-7251-4837-ad17-3f19423b8b60
2023-08-30 06:49:51,250 [main] INFO  balancer.FindTargetGreedyByUsageInfo (AbstractFindTargetGreedy.java:findTargetForContainerMove(133)) - Container Balancer could not find a target for source datanode c5ad1419-7251-4837-ad17-3f19423b8b60
2023-08-30 06:49:51,250 [main] DEBUG balancer.ContainerBalancerTask (ContainerBalancerTask.java:matchSourceWithTarget(717)) - ContainerBalancer could not find a suitable target for source node c5ad1419-7251-4837-ad17-3f19423b8b60.
2023-08-30 06:49:51,250 [main] INFO  balancer.FindSourceGreedy (FindSourceGreedy.java:getNextCandidateSourceDataNode(126)) - no more candidate source data node
2023-08-30 06:49:51,250 [main] INFO  balancer.ContainerBalancerTask (ContainerBalancerTask.java:checkIterationMoveResults(642)) - Iteration Summary. Number of Datanodes involved: 2. Size moved: 15 GB (16106127360 Bytes). Number of Container moves completed: 3.
2023-08-30 06:49:51,250 [main] INFO  balancer.ContainerBalancerTask (ContainerBalancerTask.java:balance(259)) - Result of this iteration of Container Balancer: ITERATION_COMPLETED
2023-08-30 06:49:51,252 [main] DEBUG balancer.ContainerBalancerTask (ContainerBalancerTask.java:initializeIteration(374)) - Average utilization of the cluster is 0.34780426599788744
2023-08-30 06:49:51,252 [main] DEBUG balancer.ContainerBalancerTask (ContainerBalancerTask.java:initializeIteration(386)) - Lower limit for utilization is 0.24780426599788744 and Upper limit for utilization is 0.4478042659978875
2023-08-30 06:49:51,253 [main] DEBUG balancer.ContainerBalancerTask (ContainerBalancerTask.java:initializeIteration(398)) - Utilization for node c5ad1419-7251-4837-ad17-3f19423b8b60 with capacity 66810602382B, used 60129542144B, and remaining 6681060238B is 0.9000000000029935
2023-08-30 06:49:51,253 [main] DEBUG balancer.ContainerBalancerTask (ContainerBalancerTask.java:initializeIteration(398)) - Utilization for node 3cfa7e9d-6b67-430f-b18f-4731482112b9 with capacity 75161927680B, used 60129542144B, and remaining 15032385536B is 0.8
2023-08-30 06:49:51,253 [main] DEBUG balancer.ContainerBalancerTask (ContainerBalancerTask.java:initializeIteration(398)) - Utilization for node bb9cb632-9ad8-4a09-83b6-1f1b704b8fac with capacity 65958426331B, used 46170898432B, and remaining 19787527899B is 0.7000000000045483
2023-08-30 06:49:51,253 [main] DEBUG balancer.ContainerBalancerTask (ContainerBalancerTask.java:initializeIteration(398)) - Utilization for node 114789e4-98a4-4097-8b73-6fa3b069f9cb with capacity 71582788266B, used 42949672960B, and remaining 28633115306B is 0.600000000005588
2023-08-30 06:49:51,253 [main] DEBUG balancer.ContainerBalancerTask (ContainerBalancerTask.java:initializeIteration(398)) - Utilization for node 3d8968cd-42a3-435b-8954-a61aebf9f453 with capacity 85899345920B, used 42949672960B, and remaining 42949672960B is 0.5
2023-08-30 06:49:51,253 [main] DEBUG balancer.ContainerBalancerTask (ContainerBalancerTask.java:initializeIteration(398)) - Utilization for node 46d421d7-27a5-4dc7-acd3-450c1a5c848b with capacity 112742891520B, used 45097156608B, and remaining 67645734912B is 0.4
2023-08-30 06:49:51,253 [main] DEBUG balancer.ContainerBalancerTask (ContainerBalancerTask.java:initializeIteration(398)) - Utilization for node 7770682c-537b-443c-bee8-e2dca4b6ee67 with capacity 118111600640B, used 35433480192B, and remaining 82678120448B is 0.3
2023-08-30 06:49:51,253 [main] DEBUG balancer.ContainerBalancerTask (ContainerBalancerTask.java:initializeIteration(398)) - Utilization for node f726c02f-c436-4c76-8708-30e0031a44a4 with capacity 166429982720B, used 33285996544B, and remaining 133143986176B is 0.2
2023-08-30 06:49:51,253 [main] DEBUG balancer.ContainerBalancerTask (ContainerBalancerTask.java:initializeIteration(398)) - Utilization for node 53aad91d-8ca0-4526-98a1-8e93815f7bd2 with capacity 354334801920B, used 35433480192B, and remaining 318901321728B is 0.1
2023-08-30 06:49:51,253 [main] DEBUG balancer.ContainerBalancerTask (ContainerBalancerTask.java:initializeIteration(398)) - Utilization for node 68f0472c-7a34-49c9-a065-ba9cc8b6547b with capacity 37580963840B, used 0B, and remaining 37580963840B is 0.0
2023-08-30 06:49:51,253 [main] INFO  balancer.ContainerBalancerTask (ContainerBalancerTask.java:initializeIteration(447)) - Container Balancer has identified 5 Over-Utilized and 3 Under-Utilized Datanodes that need to be balanced.
2023-08-30 06:49:51,254 [main] DEBUG balancer.ContainerBalancerTask (ContainerBalancerTask.java:lambda$initializeIteration$1(453)) - Datanode localhost-20.159.207.58 c5ad1419-7251-4837-ad17-3f19423b8b60 is Over-Utilized.
2023-08-30 06:49:51,254 [main] DEBUG balancer.ContainerBalancerTask (ContainerBalancerTask.java:lambda$initializeIteration$1(453)) - Datanode localhost-137.79.69.114 3cfa7e9d-6b67-430f-b18f-4731482112b9 is Over-Utilized.
2023-08-30 06:49:51,254 [main] DEBUG balancer.ContainerBalancerTask (ContainerBalancerTask.java:lambda$initializeIteration$1(453)) - Datanode localhost-29.39.221.246 bb9cb632-9ad8-4a09-83b6-1f1b704b8fac is Over-Utilized.
2023-08-30 06:49:51,254 [main] DEBUG balancer.ContainerBalancerTask (ContainerBalancerTask.java:lambda$initializeIteration$1(453)) - Datanode localhost-200.11.118.215 114789e4-98a4-4097-8b73-6fa3b069f9cb is Over-Utilized.
2023-08-30 06:49:51,254 [main] DEBUG balancer.ContainerBalancerTask (ContainerBalancerTask.java:lambda$initializeIteration$1(453)) - Datanode localhost-147.123.246.106 3d8968cd-42a3-435b-8954-a61aebf9f453 is Over-Utilized.
2023-08-30 06:49:51,254 [main] DEBUG balancer.ContainerBalancerTask (ContainerBalancerTask.java:lambda$initializeIteration$2(459)) - Datanode localhost-198.221.73.161 68f0472c-7a34-49c9-a065-ba9cc8b6547b is Under-Utilized.
2023-08-30 06:49:51,254 [main] DEBUG balancer.ContainerBalancerTask (ContainerBalancerTask.java:lambda$initializeIteration$2(459)) - Datanode localhost-140.224.189.163 53aad91d-8ca0-4526-98a1-8e93815f7bd2 is Under-Utilized.
2023-08-30 06:49:51,254 [main] DEBUG balancer.ContainerBalancerTask (ContainerBalancerTask.java:lambda$initializeIteration$2(459)) - Datanode localhost-30.209.64.199 f726c02f-c436-4c76-8708-30e0031a44a4 is Under-Utilized.
2023-08-30 06:49:51,257 [main] DEBUG balancer.ContainerBalancerTask (ContainerBalancerTask.java:matchSourceWithTarget(708)) - ContainerBalancer is finding suitable target for source datanode c5ad1419-7251-4837-ad17-3f19423b8b60
2023-08-30 06:49:51,258 [main] INFO  balancer.ContainerBalancerTask (ContainerBalancerTask.java:matchSourceWithTarget(722)) - ContainerBalancer matched source datanode c5ad1419-7251-4837-ad17-3f19423b8b60 with target datanode 68f0472c-7a34-49c9-a065-ba9cc8b6547b for container move.
2023-08-30 06:49:51,258 [main] INFO  balancer.ContainerBalancerTask (ContainerBalancerTask.java:processMoveSelection(569)) - ContainerBalancer is trying to move container #85 with size 5368709120B from source datanode c5ad1419-7251-4837-ad17-3f19423b8b60 to target datanode 68f0472c-7a34-49c9-a065-ba9cc8b6547b
2023-08-30 06:49:51,258 [main] DEBUG balancer.ContainerBalancerTask (ContainerBalancerTask.java:lambda$moveContainer$3(837)) - Container move completed for container #85 from source c5ad1419-7251-4837-ad17-3f19423b8b60 to target 68f0472c-7a34-49c9-a065-ba9cc8b6547b
2023-08-30 06:49:51,258 [main] DEBUG balancer.ContainerBalancerTask (ContainerBalancerTask.java:adaptOnReachingIterationLimits(782)) - Reached max datanodes to involve limit. 2 datanodes have already been selected for balancing and the limit is 2. Only already selected sources and targets can be involved in balancing now.
2023-08-30 06:49:51,261 [main] DEBUG balancer.ContainerBalancerTask (ContainerBalancerTask.java:matchSourceWithTarget(708)) - ContainerBalancer is finding suitable target for source datanode c5ad1419-7251-4837-ad17-3f19423b8b60
2023-08-30 06:49:51,261 [main] INFO  balancer.ContainerBalancerTask (ContainerBalancerTask.java:matchSourceWithTarget(722)) - ContainerBalancer matched source datanode c5ad1419-7251-4837-ad17-3f19423b8b60 with target datanode 68f0472c-7a34-49c9-a065-ba9cc8b6547b for container move.
2023-08-30 06:49:51,261 [main] INFO  balancer.ContainerBalancerTask (ContainerBalancerTask.java:processMoveSelection(569)) - ContainerBalancer is trying to move container #53 with size 5368709120B from source datanode c5ad1419-7251-4837-ad17-3f19423b8b60 to target datanode 68f0472c-7a34-49c9-a065-ba9cc8b6547b
2023-08-30 06:49:51,261 [main] DEBUG balancer.ContainerBalancerTask (ContainerBalancerTask.java:lambda$moveContainer$3(837)) - Container move completed for container #53 from source c5ad1419-7251-4837-ad17-3f19423b8b60 to target 68f0472c-7a34-49c9-a065-ba9cc8b6547b
2023-08-30 06:49:51,264 [main] DEBUG balancer.ContainerBalancerTask (ContainerBalancerTask.java:matchSourceWithTarget(708)) - ContainerBalancer is finding suitable target for source datanode c5ad1419-7251-4837-ad17-3f19423b8b60
2023-08-30 06:49:51,265 [main] INFO  balancer.ContainerBalancerTask (ContainerBalancerTask.java:matchSourceWithTarget(722)) - ContainerBalancer matched source datanode c5ad1419-7251-4837-ad17-3f19423b8b60 with target datanode 68f0472c-7a34-49c9-a065-ba9cc8b6547b for container move.
2023-08-30 06:49:51,265 [main] INFO  balancer.ContainerBalancerTask (ContainerBalancerTask.java:processMoveSelection(569)) - ContainerBalancer is trying to move container #29 with size 5368709120B from source datanode c5ad1419-7251-4837-ad17-3f19423b8b60 to target datanode 68f0472c-7a34-49c9-a065-ba9cc8b6547b
2023-08-30 06:49:51,265 [main] DEBUG balancer.ContainerBalancerTask (ContainerBalancerTask.java:lambda$moveContainer$3(837)) - Container move completed for container #29 from source c5ad1419-7251-4837-ad17-3f19423b8b60 to target 68f0472c-7a34-49c9-a065-ba9cc8b6547b
2023-08-30 06:49:51,268 [main] DEBUG balancer.ContainerBalancerTask (ContainerBalancerTask.java:matchSourceWithTarget(708)) - ContainerBalancer is finding suitable target for source datanode c5ad1419-7251-4837-ad17-3f19423b8b60
2023-08-30 06:49:51,269 [main] INFO  balancer.FindTargetGreedyByUsageInfo (AbstractFindTargetGreedy.java:findTargetForContainerMove(133)) - Container Balancer could not find a target for source datanode c5ad1419-7251-4837-ad17-3f19423b8b60
2023-08-30 06:49:51,269 [main] DEBUG balancer.ContainerBalancerTask (ContainerBalancerTask.java:matchSourceWithTarget(717)) - ContainerBalancer could not find a suitable target for source node c5ad1419-7251-4837-ad17-3f19423b8b60.
2023-08-30 06:49:51,269 [main] INFO  balancer.FindSourceGreedy (FindSourceGreedy.java:getNextCandidateSourceDataNode(126)) - no more candidate source data node
2023-08-30 06:49:51,269 [main] INFO  balancer.ContainerBalancerTask (ContainerBalancerTask.java:checkIterationMoveResults(642)) - Iteration Summary. Number of Datanodes involved: 2. Size moved: 15 GB (16106127360 Bytes). Number of Container moves completed: 3.
2023-08-30 06:49:51,269 [main] INFO  balancer.ContainerBalancerTask (ContainerBalancerTask.java:balance(259)) - Result of this iteration of Container Balancer: ITERATION_COMPLETED
2023-08-30 06:49:51,271 [main] DEBUG balancer.ContainerBalancerTask (ContainerBalancerTask.java:initializeIteration(374)) - Average utilization of the cluster is 0.34780426599788744
2023-08-30 06:49:51,271 [main] DEBUG balancer.ContainerBalancerTask (ContainerBalancerTask.java:initializeIteration(386)) - Lower limit for utilization is 0.24780426599788744 and Upper limit for utilization is 0.4478042659978875
2023-08-30 06:49:51,271 [main] DEBUG balancer.ContainerBalancerTask (ContainerBalancerTask.java:initializeIteration(398)) - Utilization for node c5ad1419-7251-4837-ad17-3f19423b8b60 with capacity 66810602382B, used 60129542144B, and remaining 6681060238B is 0.9000000000029935
2023-08-30 06:49:51,271 [main] DEBUG balancer.ContainerBalancerTask (ContainerBalancerTask.java:initializeIteration(398)) - Utilization for node 3cfa7e9d-6b67-430f-b18f-4731482112b9 with capacity 75161927680B, used 60129542144B, and remaining 15032385536B is 0.8
2023-08-30 06:49:51,271 [main] DEBUG balancer.ContainerBalancerTask (ContainerBalancerTask.java:initializeIteration(398)) - Utilization for node bb9cb632-9ad8-4a09-83b6-1f1b704b8fac with capacity 65958426331B, used 46170898432B, and remaining 19787527899B is 0.7000000000045483
2023-08-30 06:49:51,272 [main] DEBUG balancer.ContainerBalancerTask (ContainerBalancerTask.java:initializeIteration(398)) - Utilization for node 114789e4-98a4-4097-8b73-6fa3b069f9cb with capacity 71582788266B, used 42949672960B, and remaining 28633115306B is 0.600000000005588
2023-08-30 06:49:51,272 [main] DEBUG balancer.ContainerBalancerTask (ContainerBalancerTask.java:initializeIteration(398)) - Utilization for node 3d8968cd-42a3-435b-8954-a61aebf9f453 with capacity 85899345920B, used 42949672960B, and remaining 42949672960B is 0.5
2023-08-30 06:49:51,272 [main] DEBUG balancer.ContainerBalancerTask (ContainerBalancerTask.java:initializeIteration(398)) - Utilization for node 46d421d7-27a5-4dc7-acd3-450c1a5c848b with capacity 112742891520B, used 45097156608B, and remaining 67645734912B is 0.4
2023-08-30 06:49:51,272 [main] DEBUG balancer.ContainerBalancerTask (ContainerBalancerTask.java:initializeIteration(398)) - Utilization for node 7770682c-537b-443c-bee8-e2dca4b6ee67 with capacity 118111600640B, used 35433480192B, and remaining 82678120448B is 0.3
2023-08-30 06:49:51,272 [main] DEBUG balancer.ContainerBalancerTask (ContainerBalancerTask.java:initializeIteration(398)) - Utilization for node f726c02f-c436-4c76-8708-30e0031a44a4 with capacity 166429982720B, used 33285996544B, and remaining 133143986176B is 0.2
2023-08-30 06:49:51,272 [main] DEBUG balancer.ContainerBalancerTask (ContainerBalancerTask.java:initializeIteration(398)) - Utilization for node 53aad91d-8ca0-4526-98a1-8e93815f7bd2 with capacity 354334801920B, used 35433480192B, and remaining 318901321728B is 0.1
2023-08-30 06:49:51,272 [main] DEBUG balancer.ContainerBalancerTask (ContainerBalancerTask.java:initializeIteration(398)) - Utilization for node 68f0472c-7a34-49c9-a065-ba9cc8b6547b with capacity 37580963840B, used 0B, and remaining 37580963840B is 0.0
2023-08-30 06:49:51,272 [main] INFO  balancer.ContainerBalancerTask (ContainerBalancerTask.java:initializeIteration(447)) - Container Balancer has identified 5 Over-Utilized and 3 Under-Utilized Datanodes that need to be balanced.
2023-08-30 06:49:51,272 [main] DEBUG balancer.ContainerBalancerTask (ContainerBalancerTask.java:lambda$initializeIteration$1(453)) - Datanode localhost-20.159.207.58 c5ad1419-7251-4837-ad17-3f19423b8b60 is Over-Utilized.
2023-08-30 06:49:51,272 [main] DEBUG balancer.ContainerBalancerTask (ContainerBalancerTask.java:lambda$initializeIteration$1(453)) - Datanode localhost-137.79.69.114 3cfa7e9d-6b67-430f-b18f-4731482112b9 is Over-Utilized.
2023-08-30 06:49:51,272 [main] DEBUG balancer.ContainerBalancerTask (ContainerBalancerTask.java:lambda$initializeIteration$1(453)) - Datanode localhost-29.39.221.246 bb9cb632-9ad8-4a09-83b6-1f1b704b8fac is Over-Utilized.
2023-08-30 06:49:51,273 [main] DEBUG balancer.ContainerBalancerTask (ContainerBalancerTask.java:lambda$initializeIteration$1(453)) - Datanode localhost-200.11.118.215 114789e4-98a4-4097-8b73-6fa3b069f9cb is Over-Utilized.
2023-08-30 06:49:51,273 [main] DEBUG balancer.ContainerBalancerTask (ContainerBalancerTask.java:lambda$initializeIteration$1(453)) - Datanode localhost-147.123.246.106 3d8968cd-42a3-435b-8954-a61aebf9f453 is Over-Utilized.
2023-08-30 06:49:51,273 [main] DEBUG balancer.ContainerBalancerTask (ContainerBalancerTask.java:lambda$initializeIteration$2(459)) - Datanode localhost-198.221.73.161 68f0472c-7a34-49c9-a065-ba9cc8b6547b is Under-Utilized.
2023-08-30 06:49:51,273 [main] DEBUG balancer.ContainerBalancerTask (ContainerBalancerTask.java:lambda$initializeIteration$2(459)) - Datanode localhost-140.224.189.163 53aad91d-8ca0-4526-98a1-8e93815f7bd2 is Under-Utilized.
2023-08-30 06:49:51,273 [main] DEBUG balancer.ContainerBalancerTask (ContainerBalancerTask.java:lambda$initializeIteration$2(459)) - Datanode localhost-30.209.64.199 f726c02f-c436-4c76-8708-30e0031a44a4 is Under-Utilized.
2023-08-30 06:49:51,276 [main] DEBUG balancer.ContainerBalancerTask (ContainerBalancerTask.java:matchSourceWithTarget(708)) - ContainerBalancer is finding suitable target for source datanode c5ad1419-7251-4837-ad17-3f19423b8b60
2023-08-30 06:49:51,276 [main] INFO  balancer.ContainerBalancerTask (ContainerBalancerTask.java:matchSourceWithTarget(722)) - ContainerBalancer matched source datanode c5ad1419-7251-4837-ad17-3f19423b8b60 with target datanode 68f0472c-7a34-49c9-a065-ba9cc8b6547b for container move.
2023-08-30 06:49:51,276 [main] INFO  balancer.ContainerBalancerTask (ContainerBalancerTask.java:processMoveSelection(569)) - ContainerBalancer is trying to move container #85 with size 5368709120B from source datanode c5ad1419-7251-4837-ad17-3f19423b8b60 to target datanode 68f0472c-7a34-49c9-a065-ba9cc8b6547b
2023-08-30 06:49:51,276 [main] DEBUG balancer.ContainerBalancerTask (ContainerBalancerTask.java:lambda$moveContainer$3(837)) - Container move completed for container #85 from source c5ad1419-7251-4837-ad17-3f19423b8b60 to target 68f0472c-7a34-49c9-a065-ba9cc8b6547b
2023-08-30 06:49:51,276 [main] DEBUG balancer.ContainerBalancerTask (ContainerBalancerTask.java:adaptOnReachingIterationLimits(782)) - Reached max datanodes to involve limit. 2 datanodes have already been selected for balancing and the limit is 2. Only already selected sources and targets can be involved in balancing now.
2023-08-30 06:49:51,279 [main] DEBUG balancer.ContainerBalancerTask (ContainerBalancerTask.java:matchSourceWithTarget(708)) - ContainerBalancer is finding suitable target for source datanode c5ad1419-7251-4837-ad17-3f19423b8b60
2023-08-30 06:49:51,279 [main] INFO  balancer.ContainerBalancerTask (ContainerBalancerTask.java:matchSourceWithTarget(722)) - ContainerBalancer matched source datanode c5ad1419-7251-4837-ad17-3f19423b8b60 with target datanode 68f0472c-7a34-49c9-a065-ba9cc8b6547b for container move.
2023-08-30 06:49:51,279 [main] INFO  balancer.ContainerBalancerTask (ContainerBalancerTask.java:processMoveSelection(569)) - ContainerBalancer is trying to move container #53 with size 5368709120B from source datanode c5ad1419-7251-4837-ad17-3f19423b8b60 to target datanode 68f0472c-7a34-49c9-a065-ba9cc8b6547b
2023-08-30 06:49:51,280 [main] DEBUG balancer.ContainerBalancerTask (ContainerBalancerTask.java:lambda$moveContainer$3(837)) - Container move completed for container #53 from source c5ad1419-7251-4837-ad17-3f19423b8b60 to target 68f0472c-7a34-49c9-a065-ba9cc8b6547b
2023-08-30 06:49:51,282 [main] DEBUG balancer.ContainerBalancerTask (ContainerBalancerTask.java:matchSourceWithTarget(708)) - ContainerBalancer is finding suitable target for source datanode c5ad1419-7251-4837-ad17-3f19423b8b60
2023-08-30 06:49:51,283 [main] INFO  balancer.ContainerBalancerTask (ContainerBalancerTask.java:matchSourceWithTarget(722)) - ContainerBalancer matched source datanode c5ad1419-7251-4837-ad17-3f19423b8b60 with target datanode 68f0472c-7a34-49c9-a065-ba9cc8b6547b for container move.
2023-08-30 06:49:51,283 [main] INFO  balancer.ContainerBalancerTask (ContainerBalancerTask.java:processMoveSelection(569)) - ContainerBalancer is trying to move container #29 with size 5368709120B from source datanode c5ad1419-7251-4837-ad17-3f19423b8b60 to target datanode 68f0472c-7a34-49c9-a065-ba9cc8b6547b
2023-08-30 06:49:51,283 [main] DEBUG balancer.ContainerBalancerTask (ContainerBalancerTask.java:lambda$moveContainer$3(837)) - Container move completed for container #29 from source c5ad1419-7251-4837-ad17-3f19423b8b60 to target 68f0472c-7a34-49c9-a065-ba9cc8b6547b
2023-08-30 06:49:51,286 [main] DEBUG balancer.ContainerBalancerTask (ContainerBalancerTask.java:matchSourceWithTarget(708)) - ContainerBalancer is finding suitable target for source datanode c5ad1419-7251-4837-ad17-3f19423b8b60
2023-08-30 06:49:51,287 [main] INFO  balancer.FindTargetGreedyByUsageInfo (AbstractFindTargetGreedy.java:findTargetForContainerMove(133)) - Container Balancer could not find a target for source datanode c5ad1419-7251-4837-ad17-3f19423b8b60
2023-08-30 06:49:51,287 [main] DEBUG balancer.ContainerBalancerTask (ContainerBalancerTask.java:matchSourceWithTarget(717)) - ContainerBalancer could not find a suitable target for source node c5ad1419-7251-4837-ad17-3f19423b8b60.
2023-08-30 06:49:51,287 [main] INFO  balancer.FindSourceGreedy (FindSourceGreedy.java:getNextCandidateSourceDataNode(126)) - no more candidate source data node
2023-08-30 06:49:51,287 [main] INFO  balancer.ContainerBalancerTask (ContainerBalancerTask.java:checkIterationMoveResults(642)) - Iteration Summary. Number of Datanodes involved: 2. Size moved: 15 GB (16106127360 Bytes). Number of Container moves completed: 3.
2023-08-30 06:49:51,287 [main] INFO  balancer.ContainerBalancerTask (ContainerBalancerTask.java:balance(259)) - Result of this iteration of Container Balancer: ITERATION_COMPLETED
2023-08-30 06:49:51,289 [main] DEBUG balancer.ContainerBalancerTask (ContainerBalancerTask.java:initializeIteration(374)) - Average utilization of the cluster is 0.34780426599788744
2023-08-30 06:49:51,289 [main] DEBUG balancer.ContainerBalancerTask (ContainerBalancerTask.java:initializeIteration(386)) - Lower limit for utilization is 0.24780426599788744 and Upper limit for utilization is 0.4478042659978875
2023-08-30 06:49:51,289 [main] DEBUG balancer.ContainerBalancerTask (ContainerBalancerTask.java:initializeIteration(398)) - Utilization for node c5ad1419-7251-4837-ad17-3f19423b8b60 with capacity 66810602382B, used 60129542144B, and remaining 6681060238B is 0.9000000000029935
2023-08-30 06:49:51,289 [main] DEBUG balancer.ContainerBalancerTask (ContainerBalancerTask.java:initializeIteration(398)) - Utilization for node 3cfa7e9d-6b67-430f-b18f-4731482112b9 with capacity 75161927680B, used 60129542144B, and remaining 15032385536B is 0.8
2023-08-30 06:49:51,290 [main] DEBUG balancer.ContainerBalancerTask (ContainerBalancerTask.java:initializeIteration(398)) - Utilization for node bb9cb632-9ad8-4a09-83b6-1f1b704b8fac with capacity 65958426331B, used 46170898432B, and remaining 19787527899B is 0.7000000000045483
2023-08-30 06:49:51,290 [main] DEBUG balancer.ContainerBalancerTask (ContainerBalancerTask.java:initializeIteration(398)) - Utilization for node 114789e4-98a4-4097-8b73-6fa3b069f9cb with capacity 71582788266B, used 42949672960B, and remaining 28633115306B is 0.600000000005588
2023-08-30 06:49:51,290 [main] DEBUG balancer.ContainerBalancerTask (ContainerBalancerTask.java:initializeIteration(398)) - Utilization for node 3d8968cd-42a3-435b-8954-a61aebf9f453 with capacity 85899345920B, used 42949672960B, and remaining 42949672960B is 0.5
2023-08-30 06:49:51,290 [main] DEBUG balancer.ContainerBalancerTask (ContainerBalancerTask.java:initializeIteration(398)) - Utilization for node 46d421d7-27a5-4dc7-acd3-450c1a5c848b with capacity 112742891520B, used 45097156608B, and remaining 67645734912B is 0.4
2023-08-30 06:49:51,290 [main] DEBUG balancer.ContainerBalancerTask (ContainerBalancerTask.java:initializeIteration(398)) - Utilization for node 7770682c-537b-443c-bee8-e2dca4b6ee67 with capacity 118111600640B, used 35433480192B, and remaining 82678120448B is 0.3
2023-08-30 06:49:51,290 [main] DEBUG balancer.ContainerBalancerTask (ContainerBalancerTask.java:initializeIteration(398)) - Utilization for node f726c02f-c436-4c76-8708-30e0031a44a4 with capacity 166429982720B, used 33285996544B, and remaining 133143986176B is 0.2
2023-08-30 06:49:51,290 [main] DEBUG balancer.ContainerBalancerTask (ContainerBalancerTask.java:initializeIteration(398)) - Utilization for node 53aad91d-8ca0-4526-98a1-8e93815f7bd2 with capacity 354334801920B, used 35433480192B, and remaining 318901321728B is 0.1
2023-08-30 06:49:51,290 [main] DEBUG balancer.ContainerBalancerTask (ContainerBalancerTask.java:initializeIteration(398)) - Utilization for node 68f0472c-7a34-49c9-a065-ba9cc8b6547b with capacity 37580963840B, used 0B, and remaining 37580963840B is 0.0
2023-08-30 06:49:51,290 [main] INFO  balancer.ContainerBalancerTask (ContainerBalancerTask.java:initializeIteration(447)) - Container Balancer has identified 5 Over-Utilized and 3 Under-Utilized Datanodes that need to be balanced.
2023-08-30 06:49:51,290 [main] DEBUG balancer.ContainerBalancerTask (ContainerBalancerTask.java:lambda$initializeIteration$1(453)) - Datanode localhost-20.159.207.58 c5ad1419-7251-4837-ad17-3f19423b8b60 is Over-Utilized.
2023-08-30 06:49:51,290 [main] DEBUG balancer.ContainerBalancerTask (ContainerBalancerTask.java:lambda$initializeIteration$1(453)) - Datanode localhost-137.79.69.114 3cfa7e9d-6b67-430f-b18f-4731482112b9 is Over-Utilized.
2023-08-30 06:49:51,291 [main] DEBUG balancer.ContainerBalancerTask (ContainerBalancerTask.java:lambda$initializeIteration$1(453)) - Datanode localhost-29.39.221.246 bb9cb632-9ad8-4a09-83b6-1f1b704b8fac is Over-Utilized.
2023-08-30 06:49:51,291 [main] DEBUG balancer.ContainerBalancerTask (ContainerBalancerTask.java:lambda$initializeIteration$1(453)) - Datanode localhost-200.11.118.215 114789e4-98a4-4097-8b73-6fa3b069f9cb is Over-Utilized.
2023-08-30 06:49:51,291 [main] DEBUG balancer.ContainerBalancerTask (ContainerBalancerTask.java:lambda$initializeIteration$1(453)) - Datanode localhost-147.123.246.106 3d8968cd-42a3-435b-8954-a61aebf9f453 is Over-Utilized.
2023-08-30 06:49:51,291 [main] DEBUG balancer.ContainerBalancerTask (ContainerBalancerTask.java:lambda$initializeIteration$2(459)) - Datanode localhost-198.221.73.161 68f0472c-7a34-49c9-a065-ba9cc8b6547b is Under-Utilized.
2023-08-30 06:49:51,291 [main] DEBUG balancer.ContainerBalancerTask (ContainerBalancerTask.java:lambda$initializeIteration$2(459)) - Datanode localhost-140.224.189.163 53aad91d-8ca0-4526-98a1-8e93815f7bd2 is Under-Utilized.
2023-08-30 06:49:51,291 [main] DEBUG balancer.ContainerBalancerTask (ContainerBalancerTask.java:lambda$initializeIteration$2(459)) - Datanode localhost-30.209.64.199 f726c02f-c436-4c76-8708-30e0031a44a4 is Under-Utilized.
2023-08-30 06:49:51,294 [main] DEBUG balancer.ContainerBalancerTask (ContainerBalancerTask.java:matchSourceWithTarget(708)) - ContainerBalancer is finding suitable target for source datanode c5ad1419-7251-4837-ad17-3f19423b8b60
2023-08-30 06:49:51,294 [main] INFO  balancer.ContainerBalancerTask (ContainerBalancerTask.java:matchSourceWithTarget(722)) - ContainerBalancer matched source datanode c5ad1419-7251-4837-ad17-3f19423b8b60 with target datanode 68f0472c-7a34-49c9-a065-ba9cc8b6547b for container move.
2023-08-30 06:49:51,294 [main] INFO  balancer.ContainerBalancerTask (ContainerBalancerTask.java:processMoveSelection(569)) - ContainerBalancer is trying to move container #85 with size 5368709120B from source datanode c5ad1419-7251-4837-ad17-3f19423b8b60 to target datanode 68f0472c-7a34-49c9-a065-ba9cc8b6547b
2023-08-30 06:49:51,294 [main] DEBUG balancer.ContainerBalancerTask (ContainerBalancerTask.java:lambda$moveContainer$3(837)) - Container move completed for container #85 from source c5ad1419-7251-4837-ad17-3f19423b8b60 to target 68f0472c-7a34-49c9-a065-ba9cc8b6547b
2023-08-30 06:49:51,294 [main] DEBUG balancer.ContainerBalancerTask (ContainerBalancerTask.java:adaptOnReachingIterationLimits(782)) - Reached max datanodes to involve limit. 2 datanodes have already been selected for balancing and the limit is 2. Only already selected sources and targets can be involved in balancing now.
2023-08-30 06:49:51,297 [main] DEBUG balancer.ContainerBalancerTask (ContainerBalancerTask.java:matchSourceWithTarget(708)) - ContainerBalancer is finding suitable target for source datanode c5ad1419-7251-4837-ad17-3f19423b8b60
2023-08-30 06:49:51,297 [main] INFO  balancer.ContainerBalancerTask (ContainerBalancerTask.java:matchSourceWithTarget(722)) - ContainerBalancer matched source datanode c5ad1419-7251-4837-ad17-3f19423b8b60 with target datanode 68f0472c-7a34-49c9-a065-ba9cc8b6547b for container move.
2023-08-30 06:49:51,298 [main] INFO  balancer.ContainerBalancerTask (ContainerBalancerTask.java:processMoveSelection(569)) - ContainerBalancer is trying to move container #53 with size 5368709120B from source datanode c5ad1419-7251-4837-ad17-3f19423b8b60 to target datanode 68f0472c-7a34-49c9-a065-ba9cc8b6547b
2023-08-30 06:49:51,298 [main] DEBUG balancer.ContainerBalancerTask (ContainerBalancerTask.java:lambda$moveContainer$3(837)) - Container move completed for container #53 from source c5ad1419-7251-4837-ad17-3f19423b8b60 to target 68f0472c-7a34-49c9-a065-ba9cc8b6547b
2023-08-30 06:49:51,301 [main] DEBUG balancer.ContainerBalancerTask (ContainerBalancerTask.java:matchSourceWithTarget(708)) - ContainerBalancer is finding suitable target for source datanode c5ad1419-7251-4837-ad17-3f19423b8b60
2023-08-30 06:49:51,301 [main] INFO  balancer.ContainerBalancerTask (ContainerBalancerTask.java:matchSourceWithTarget(722)) - ContainerBalancer matched source datanode c5ad1419-7251-4837-ad17-3f19423b8b60 with target datanode 68f0472c-7a34-49c9-a065-ba9cc8b6547b for container move.
2023-08-30 06:49:51,301 [main] INFO  balancer.ContainerBalancerTask (ContainerBalancerTask.java:processMoveSelection(569)) - ContainerBalancer is trying to move container #29 with size 5368709120B from source datanode c5ad1419-7251-4837-ad17-3f19423b8b60 to target datanode 68f0472c-7a34-49c9-a065-ba9cc8b6547b
2023-08-30 06:49:51,301 [main] DEBUG balancer.ContainerBalancerTask (ContainerBalancerTask.java:lambda$moveContainer$3(837)) - Container move completed for container #29 from source c5ad1419-7251-4837-ad17-3f19423b8b60 to target 68f0472c-7a34-49c9-a065-ba9cc8b6547b
2023-08-30 06:49:51,304 [main] DEBUG balancer.ContainerBalancerTask (ContainerBalancerTask.java:matchSourceWithTarget(708)) - ContainerBalancer is finding suitable target for source datanode c5ad1419-7251-4837-ad17-3f19423b8b60
2023-08-30 06:49:51,305 [main] INFO  balancer.FindTargetGreedyByUsageInfo (AbstractFindTargetGreedy.java:findTargetForContainerMove(133)) - Container Balancer could not find a target for source datanode c5ad1419-7251-4837-ad17-3f19423b8b60
2023-08-30 06:49:51,305 [main] DEBUG balancer.ContainerBalancerTask (ContainerBalancerTask.java:matchSourceWithTarget(717)) - ContainerBalancer could not find a suitable target for source node c5ad1419-7251-4837-ad17-3f19423b8b60.
2023-08-30 06:49:51,305 [main] INFO  balancer.FindSourceGreedy (FindSourceGreedy.java:getNextCandidateSourceDataNode(126)) - no more candidate source data node
2023-08-30 06:49:51,305 [main] INFO  balancer.ContainerBalancerTask (ContainerBalancerTask.java:checkIterationMoveResults(642)) - Iteration Summary. Number of Datanodes involved: 2. Size moved: 15 GB (16106127360 Bytes). Number of Container moves completed: 3.
2023-08-30 06:49:51,305 [main] INFO  balancer.ContainerBalancerTask (ContainerBalancerTask.java:balance(259)) - Result of this iteration of Container Balancer: ITERATION_COMPLETED
2023-08-30 06:49:51,305 [main] INFO  balancer.ContainerBalancerTask (ContainerBalancerTask.java:tryStopWithSaveConfiguration(308)) - Save Configuration for stopping. Reason: Completed all iterations.
]]></system-out>
  </testcase>
  <testcase name="checkIterationResult" classname="org.apache.hadoop.hdds.scm.container.balancer.TestContainerBalancerTask" time="0.1">
    <system-out><![CDATA[2023-08-30 06:49:51,330 [main] INFO  net.NodeSchemaLoader (NodeSchemaLoader.java:loadSchemaFromFile(129)) - Loading schema from [file:/home/runner/work/ozone/ozone/hadoop-hdds/common/target/classes/network-topology-default.xml]
2023-08-30 06:49:51,330 [main] INFO  net.NodeSchemaLoader (NodeSchemaLoader.java:loadSchema(176)) - Loading network topology layer schema file
2023-08-30 06:49:51,332 [main] INFO  net.NetworkTopologyImpl (NetworkTopologyImpl.java:add(112)) - Added a new node: /default-rack/3e24ec70-c540-4d46-b47e-b69c6cd4c124
2023-08-30 06:49:51,332 [main] INFO  net.NetworkTopologyImpl (NetworkTopologyImpl.java:add(112)) - Added a new node: /default-rack/58de360c-c42a-4580-89df-6e069e0a9b2b
2023-08-30 06:49:51,332 [main] INFO  net.NetworkTopologyImpl (NetworkTopologyImpl.java:add(112)) - Added a new node: /default-rack/e6922850-9444-48a6-8737-577884a8ca37
2023-08-30 06:49:51,332 [main] INFO  net.NetworkTopologyImpl (NetworkTopologyImpl.java:add(112)) - Added a new node: /default-rack/3c62987f-04b9-4379-8df3-47472982bc88
2023-08-30 06:49:51,332 [main] INFO  net.NetworkTopologyImpl (NetworkTopologyImpl.java:add(112)) - Added a new node: /default-rack/f1eb209e-0516-4a80-b52c-4d3c7e3b5fed
2023-08-30 06:49:51,332 [main] INFO  net.NetworkTopologyImpl (NetworkTopologyImpl.java:add(112)) - Added a new node: /default-rack/c6400d35-02ca-4e68-9039-dbaa54f24ae0
2023-08-30 06:49:51,332 [main] INFO  net.NetworkTopologyImpl (NetworkTopologyImpl.java:add(112)) - Added a new node: /default-rack/5d2c313b-475e-4332-b8d9-9450be380e4c
2023-08-30 06:49:51,333 [main] INFO  net.NetworkTopologyImpl (NetworkTopologyImpl.java:add(112)) - Added a new node: /default-rack/65a71771-bd0f-46fe-a335-6519b3cb8737
2023-08-30 06:49:51,333 [main] INFO  net.NetworkTopologyImpl (NetworkTopologyImpl.java:add(112)) - Added a new node: /default-rack/92bd6103-10a3-4d70-8820-b8026cd49f83
2023-08-30 06:49:51,333 [main] INFO  net.NetworkTopologyImpl (NetworkTopologyImpl.java:add(112)) - Added a new node: /default-rack/6d231009-21ec-4195-8d36-aae1aceb8c35
2023-08-30 06:49:51,333 [main] INFO  algorithms.ContainerPlacementPolicyFactory (ContainerPlacementPolicyFactory.java:getPolicyInternal(86)) - Create container placement policy of type org.apache.hadoop.hdds.scm.container.placement.algorithms.SCMContainerPlacementRackAware
2023-08-30 06:49:51,333 [main] INFO  algorithms.ContainerPlacementPolicyFactory (ContainerPlacementPolicyFactory.java:getPolicyInternal(86)) - Create container placement policy of type org.apache.hadoop.hdds.scm.container.placement.algorithms.SCMContainerPlacementRackScatter
2023-08-30 06:49:51,337 [main] DEBUG balancer.ContainerBalancerTask (ContainerBalancerTask.java:initializeIteration(374)) - Average utilization of the cluster is 0.34141491395803225
2023-08-30 06:49:51,337 [main] DEBUG balancer.ContainerBalancerTask (ContainerBalancerTask.java:initializeIteration(386)) - Lower limit for utilization is 0.24141491395803225 and Upper limit for utilization is 0.44141491395803223
2023-08-30 06:49:51,337 [main] DEBUG balancer.ContainerBalancerTask (ContainerBalancerTask.java:initializeIteration(398)) - Utilization for node e6922850-9444-48a6-8737-577884a8ca37 with capacity 53687091200B, used 48318382080B, and remaining 5368709120B is 0.9
2023-08-30 06:49:51,337 [main] DEBUG balancer.ContainerBalancerTask (ContainerBalancerTask.java:initializeIteration(398)) - Utilization for node 3c62987f-04b9-4379-8df3-47472982bc88 with capacity 60397977600B, used 48318382080B, and remaining 12079595520B is 0.8
2023-08-30 06:49:51,337 [main] DEBUG balancer.ContainerBalancerTask (ContainerBalancerTask.java:initializeIteration(398)) - Utilization for node 65a71771-bd0f-46fe-a335-6519b3cb8737 with capacity 75161927680B, used 52613349376B, and remaining 22548578304B is 0.7
2023-08-30 06:49:51,337 [main] DEBUG balancer.ContainerBalancerTask (ContainerBalancerTask.java:initializeIteration(398)) - Utilization for node 6d231009-21ec-4195-8d36-aae1aceb8c35 with capacity 75161927680B, used 45097156608B, and remaining 30064771072B is 0.6
2023-08-30 06:49:51,337 [main] DEBUG balancer.ContainerBalancerTask (ContainerBalancerTask.java:initializeIteration(398)) - Utilization for node f1eb209e-0516-4a80-b52c-4d3c7e3b5fed with capacity 98784247808B, used 49392123904B, and remaining 49392123904B is 0.5
2023-08-30 06:49:51,337 [main] DEBUG balancer.ContainerBalancerTask (ContainerBalancerTask.java:initializeIteration(398)) - Utilization for node 5d2c313b-475e-4332-b8d9-9450be380e4c with capacity 107374182400B, used 42949672960B, and remaining 64424509440B is 0.4
2023-08-30 06:49:51,337 [main] DEBUG balancer.ContainerBalancerTask (ContainerBalancerTask.java:initializeIteration(398)) - Utilization for node 58de360c-c42a-4580-89df-6e069e0a9b2b with capacity 121690740053B, used 36507222016B, and remaining 85183518037B is 0.3000000000008218
2023-08-30 06:49:51,337 [main] DEBUG balancer.ContainerBalancerTask (ContainerBalancerTask.java:initializeIteration(398)) - Utilization for node 92bd6103-10a3-4d70-8820-b8026cd49f83 with capacity 209379655680B, used 41875931136B, and remaining 167503724544B is 0.2
2023-08-30 06:49:51,338 [main] DEBUG balancer.ContainerBalancerTask (ContainerBalancerTask.java:initializeIteration(398)) - Utilization for node c6400d35-02ca-4e68-9039-dbaa54f24ae0 with capacity 343597383680B, used 34359738368B, and remaining 309237645312B is 0.1
2023-08-30 06:49:51,338 [main] DEBUG balancer.ContainerBalancerTask (ContainerBalancerTask.java:initializeIteration(398)) - Utilization for node 3e24ec70-c540-4d46-b47e-b69c6cd4c124 with capacity 24696061952B, used 0B, and remaining 24696061952B is 0.0
2023-08-30 06:49:51,338 [main] INFO  balancer.ContainerBalancerTask (ContainerBalancerTask.java:initializeIteration(447)) - Container Balancer has identified 5 Over-Utilized and 3 Under-Utilized Datanodes that need to be balanced.
2023-08-30 06:49:51,338 [main] DEBUG balancer.ContainerBalancerTask (ContainerBalancerTask.java:lambda$initializeIteration$1(453)) - Datanode localhost-76.133.190.191 e6922850-9444-48a6-8737-577884a8ca37 is Over-Utilized.
2023-08-30 06:49:51,338 [main] DEBUG balancer.ContainerBalancerTask (ContainerBalancerTask.java:lambda$initializeIteration$1(453)) - Datanode localhost-45.255.198.251 3c62987f-04b9-4379-8df3-47472982bc88 is Over-Utilized.
2023-08-30 06:49:51,338 [main] DEBUG balancer.ContainerBalancerTask (ContainerBalancerTask.java:lambda$initializeIteration$1(453)) - Datanode localhost-147.206.11.136 65a71771-bd0f-46fe-a335-6519b3cb8737 is Over-Utilized.
2023-08-30 06:49:51,338 [main] DEBUG balancer.ContainerBalancerTask (ContainerBalancerTask.java:lambda$initializeIteration$1(453)) - Datanode localhost-149.249.15.110 6d231009-21ec-4195-8d36-aae1aceb8c35 is Over-Utilized.
2023-08-30 06:49:51,338 [main] DEBUG balancer.ContainerBalancerTask (ContainerBalancerTask.java:lambda$initializeIteration$1(453)) - Datanode localhost-105.81.186.158 f1eb209e-0516-4a80-b52c-4d3c7e3b5fed is Over-Utilized.
2023-08-30 06:49:51,338 [main] DEBUG balancer.ContainerBalancerTask (ContainerBalancerTask.java:lambda$initializeIteration$2(459)) - Datanode localhost-163.231.249.234 3e24ec70-c540-4d46-b47e-b69c6cd4c124 is Under-Utilized.
2023-08-30 06:49:51,338 [main] DEBUG balancer.ContainerBalancerTask (ContainerBalancerTask.java:lambda$initializeIteration$2(459)) - Datanode localhost-172.33.111.44 c6400d35-02ca-4e68-9039-dbaa54f24ae0 is Under-Utilized.
2023-08-30 06:49:51,338 [main] DEBUG balancer.ContainerBalancerTask (ContainerBalancerTask.java:lambda$initializeIteration$2(459)) - Datanode localhost-190.64.253.130 92bd6103-10a3-4d70-8820-b8026cd49f83 is Under-Utilized.
2023-08-30 06:49:51,341 [main] DEBUG balancer.ContainerBalancerTask (ContainerBalancerTask.java:matchSourceWithTarget(708)) - ContainerBalancer is finding suitable target for source datanode e6922850-9444-48a6-8737-577884a8ca37
2023-08-30 06:49:51,341 [main] INFO  balancer.ContainerBalancerTask (ContainerBalancerTask.java:matchSourceWithTarget(722)) - ContainerBalancer matched source datanode e6922850-9444-48a6-8737-577884a8ca37 with target datanode 3e24ec70-c540-4d46-b47e-b69c6cd4c124 for container move.
2023-08-30 06:49:51,341 [main] INFO  balancer.ContainerBalancerTask (ContainerBalancerTask.java:processMoveSelection(569)) - ContainerBalancer is trying to move container #84 with size 4294967296B from source datanode e6922850-9444-48a6-8737-577884a8ca37 to target datanode 3e24ec70-c540-4d46-b47e-b69c6cd4c124
2023-08-30 06:49:51,341 [main] DEBUG balancer.ContainerBalancerTask (ContainerBalancerTask.java:lambda$moveContainer$3(837)) - Container move completed for container #84 from source e6922850-9444-48a6-8737-577884a8ca37 to target 3e24ec70-c540-4d46-b47e-b69c6cd4c124
2023-08-30 06:49:51,343 [main] DEBUG balancer.ContainerBalancerTask (ContainerBalancerTask.java:matchSourceWithTarget(708)) - ContainerBalancer is finding suitable target for source datanode e6922850-9444-48a6-8737-577884a8ca37
2023-08-30 06:49:51,343 [main] INFO  balancer.ContainerBalancerTask (ContainerBalancerTask.java:matchSourceWithTarget(722)) - ContainerBalancer matched source datanode e6922850-9444-48a6-8737-577884a8ca37 with target datanode c6400d35-02ca-4e68-9039-dbaa54f24ae0 for container move.
2023-08-30 06:49:51,344 [main] INFO  balancer.ContainerBalancerTask (ContainerBalancerTask.java:processMoveSelection(569)) - ContainerBalancer is trying to move container #82 with size 2147483648B from source datanode e6922850-9444-48a6-8737-577884a8ca37 to target datanode c6400d35-02ca-4e68-9039-dbaa54f24ae0
2023-08-30 06:49:51,344 [main] DEBUG balancer.ContainerBalancerTask (ContainerBalancerTask.java:lambda$moveContainer$3(837)) - Container move completed for container #82 from source e6922850-9444-48a6-8737-577884a8ca37 to target c6400d35-02ca-4e68-9039-dbaa54f24ae0
2023-08-30 06:49:51,345 [main] DEBUG balancer.ContainerBalancerTask (ContainerBalancerTask.java:matchSourceWithTarget(708)) - ContainerBalancer is finding suitable target for source datanode 3c62987f-04b9-4379-8df3-47472982bc88
2023-08-30 06:49:51,346 [main] INFO  balancer.ContainerBalancerTask (ContainerBalancerTask.java:matchSourceWithTarget(722)) - ContainerBalancer matched source datanode 3c62987f-04b9-4379-8df3-47472982bc88 with target datanode c6400d35-02ca-4e68-9039-dbaa54f24ae0 for container move.
2023-08-30 06:49:51,346 [main] INFO  balancer.ContainerBalancerTask (ContainerBalancerTask.java:processMoveSelection(569)) - ContainerBalancer is trying to move container #28 with size 4294967296B from source datanode 3c62987f-04b9-4379-8df3-47472982bc88 to target datanode c6400d35-02ca-4e68-9039-dbaa54f24ae0
2023-08-30 06:49:51,346 [main] DEBUG balancer.ContainerBalancerTask (ContainerBalancerTask.java:lambda$moveContainer$3(837)) - Container move completed for container #28 from source 3c62987f-04b9-4379-8df3-47472982bc88 to target c6400d35-02ca-4e68-9039-dbaa54f24ae0
2023-08-30 06:49:51,348 [main] DEBUG balancer.ContainerBalancerTask (ContainerBalancerTask.java:matchSourceWithTarget(708)) - ContainerBalancer is finding suitable target for source datanode e6922850-9444-48a6-8737-577884a8ca37
2023-08-30 06:49:51,348 [main] INFO  balancer.ContainerBalancerTask (ContainerBalancerTask.java:matchSourceWithTarget(722)) - ContainerBalancer matched source datanode e6922850-9444-48a6-8737-577884a8ca37 with target datanode c6400d35-02ca-4e68-9039-dbaa54f24ae0 for container move.
2023-08-30 06:49:51,349 [main] INFO  balancer.ContainerBalancerTask (ContainerBalancerTask.java:processMoveSelection(569)) - ContainerBalancer is trying to move container #70 with size 2147483648B from source datanode e6922850-9444-48a6-8737-577884a8ca37 to target datanode c6400d35-02ca-4e68-9039-dbaa54f24ae0
2023-08-30 06:49:51,349 [main] DEBUG balancer.ContainerBalancerTask (ContainerBalancerTask.java:lambda$moveContainer$3(837)) - Container move completed for container #70 from source e6922850-9444-48a6-8737-577884a8ca37 to target c6400d35-02ca-4e68-9039-dbaa54f24ae0
2023-08-30 06:49:51,351 [main] DEBUG balancer.ContainerBalancerTask (ContainerBalancerTask.java:matchSourceWithTarget(708)) - ContainerBalancer is finding suitable target for source datanode e6922850-9444-48a6-8737-577884a8ca37
2023-08-30 06:49:51,351 [main] INFO  balancer.ContainerBalancerTask (ContainerBalancerTask.java:matchSourceWithTarget(722)) - ContainerBalancer matched source datanode e6922850-9444-48a6-8737-577884a8ca37 with target datanode c6400d35-02ca-4e68-9039-dbaa54f24ae0 for container move.
2023-08-30 06:49:51,351 [main] INFO  balancer.ContainerBalancerTask (ContainerBalancerTask.java:processMoveSelection(569)) - ContainerBalancer is trying to move container #10 with size 2147483648B from source datanode e6922850-9444-48a6-8737-577884a8ca37 to target datanode c6400d35-02ca-4e68-9039-dbaa54f24ae0
2023-08-30 06:49:51,352 [main] DEBUG balancer.ContainerBalancerTask (ContainerBalancerTask.java:lambda$moveContainer$3(837)) - Container move completed for container #10 from source e6922850-9444-48a6-8737-577884a8ca37 to target c6400d35-02ca-4e68-9039-dbaa54f24ae0
2023-08-30 06:49:51,353 [main] DEBUG balancer.ContainerBalancerTask (ContainerBalancerTask.java:matchSourceWithTarget(708)) - ContainerBalancer is finding suitable target for source datanode 3c62987f-04b9-4379-8df3-47472982bc88
2023-08-30 06:49:51,354 [main] INFO  balancer.ContainerBalancerTask (ContainerBalancerTask.java:matchSourceWithTarget(722)) - ContainerBalancer matched source datanode 3c62987f-04b9-4379-8df3-47472982bc88 with target datanode 3e24ec70-c540-4d46-b47e-b69c6cd4c124 for container move.
2023-08-30 06:49:51,354 [main] INFO  balancer.ContainerBalancerTask (ContainerBalancerTask.java:processMoveSelection(569)) - ContainerBalancer is trying to move container #68 with size 5368709120B from source datanode 3c62987f-04b9-4379-8df3-47472982bc88 to target datanode 3e24ec70-c540-4d46-b47e-b69c6cd4c124
2023-08-30 06:49:51,354 [main] DEBUG balancer.ContainerBalancerTask (ContainerBalancerTask.java:lambda$moveContainer$3(837)) - Container move completed for container #68 from source 3c62987f-04b9-4379-8df3-47472982bc88 to target 3e24ec70-c540-4d46-b47e-b69c6cd4c124
2023-08-30 06:49:51,356 [main] DEBUG balancer.ContainerBalancerTask (ContainerBalancerTask.java:matchSourceWithTarget(708)) - ContainerBalancer is finding suitable target for source datanode e6922850-9444-48a6-8737-577884a8ca37
2023-08-30 06:49:51,356 [main] INFO  balancer.ContainerBalancerTask (ContainerBalancerTask.java:matchSourceWithTarget(722)) - ContainerBalancer matched source datanode e6922850-9444-48a6-8737-577884a8ca37 with target datanode 92bd6103-10a3-4d70-8820-b8026cd49f83 for container move.
2023-08-30 06:49:51,357 [main] INFO  balancer.ContainerBalancerTask (ContainerBalancerTask.java:processMoveSelection(569)) - ContainerBalancer is trying to move container #88 with size 3221225472B from source datanode e6922850-9444-48a6-8737-577884a8ca37 to target datanode 92bd6103-10a3-4d70-8820-b8026cd49f83
2023-08-30 06:49:51,357 [main] DEBUG balancer.ContainerBalancerTask (ContainerBalancerTask.java:lambda$moveContainer$3(837)) - Container move completed for container #88 from source e6922850-9444-48a6-8737-577884a8ca37 to target 92bd6103-10a3-4d70-8820-b8026cd49f83
2023-08-30 06:49:51,360 [main] DEBUG balancer.ContainerBalancerTask (ContainerBalancerTask.java:matchSourceWithTarget(708)) - ContainerBalancer is finding suitable target for source datanode 65a71771-bd0f-46fe-a335-6519b3cb8737
2023-08-30 06:49:51,360 [main] INFO  balancer.ContainerBalancerTask (ContainerBalancerTask.java:matchSourceWithTarget(722)) - ContainerBalancer matched source datanode 65a71771-bd0f-46fe-a335-6519b3cb8737 with target datanode 92bd6103-10a3-4d70-8820-b8026cd49f83 for container move.
2023-08-30 06:49:51,360 [main] INFO  balancer.ContainerBalancerTask (ContainerBalancerTask.java:processMoveSelection(569)) - ContainerBalancer is trying to move container #52 with size 4294967296B from source datanode 65a71771-bd0f-46fe-a335-6519b3cb8737 to target datanode 92bd6103-10a3-4d70-8820-b8026cd49f83
2023-08-30 06:49:51,360 [main] DEBUG balancer.ContainerBalancerTask (ContainerBalancerTask.java:lambda$moveContainer$3(837)) - Container move completed for container #52 from source 65a71771-bd0f-46fe-a335-6519b3cb8737 to target 92bd6103-10a3-4d70-8820-b8026cd49f83
2023-08-30 06:49:51,363 [main] DEBUG balancer.ContainerBalancerTask (ContainerBalancerTask.java:matchSourceWithTarget(708)) - ContainerBalancer is finding suitable target for source datanode 65a71771-bd0f-46fe-a335-6519b3cb8737
2023-08-30 06:49:51,364 [main] INFO  balancer.ContainerBalancerTask (ContainerBalancerTask.java:matchSourceWithTarget(722)) - ContainerBalancer matched source datanode 65a71771-bd0f-46fe-a335-6519b3cb8737 with target datanode 92bd6103-10a3-4d70-8820-b8026cd49f83 for container move.
2023-08-30 06:49:51,364 [main] INFO  balancer.ContainerBalancerTask (ContainerBalancerTask.java:processMoveSelection(569)) - ContainerBalancer is trying to move container #66 with size 3221225472B from source datanode 65a71771-bd0f-46fe-a335-6519b3cb8737 to target datanode 92bd6103-10a3-4d70-8820-b8026cd49f83
2023-08-30 06:49:51,364 [main] DEBUG balancer.ContainerBalancerTask (ContainerBalancerTask.java:lambda$moveContainer$3(837)) - Container move completed for container #66 from source 65a71771-bd0f-46fe-a335-6519b3cb8737 to target 92bd6103-10a3-4d70-8820-b8026cd49f83
2023-08-30 06:49:51,366 [main] DEBUG balancer.ContainerBalancerTask (ContainerBalancerTask.java:matchSourceWithTarget(708)) - ContainerBalancer is finding suitable target for source datanode e6922850-9444-48a6-8737-577884a8ca37
2023-08-30 06:49:51,367 [main] INFO  balancer.ContainerBalancerTask (ContainerBalancerTask.java:matchSourceWithTarget(722)) - ContainerBalancer matched source datanode e6922850-9444-48a6-8737-577884a8ca37 with target datanode 3e24ec70-c540-4d46-b47e-b69c6cd4c124 for container move.
2023-08-30 06:49:51,367 [main] INFO  balancer.ContainerBalancerTask (ContainerBalancerTask.java:processMoveSelection(569)) - ContainerBalancer is trying to move container #86 with size 1073741824B from source datanode e6922850-9444-48a6-8737-577884a8ca37 to target datanode 3e24ec70-c540-4d46-b47e-b69c6cd4c124
2023-08-30 06:49:51,367 [main] DEBUG balancer.ContainerBalancerTask (ContainerBalancerTask.java:lambda$moveContainer$3(837)) - Container move completed for container #86 from source e6922850-9444-48a6-8737-577884a8ca37 to target 3e24ec70-c540-4d46-b47e-b69c6cd4c124
2023-08-30 06:49:51,369 [main] DEBUG balancer.ContainerBalancerTask (ContainerBalancerTask.java:matchSourceWithTarget(708)) - ContainerBalancer is finding suitable target for source datanode 3c62987f-04b9-4379-8df3-47472982bc88
2023-08-30 06:49:51,369 [main] INFO  balancer.FindTargetGreedyByUsageInfo (AbstractFindTargetGreedy.java:findTargetForContainerMove(133)) - Container Balancer could not find a target for source datanode 3c62987f-04b9-4379-8df3-47472982bc88
2023-08-30 06:49:51,369 [main] DEBUG balancer.ContainerBalancerTask (ContainerBalancerTask.java:matchSourceWithTarget(717)) - ContainerBalancer could not find a suitable target for source node 3c62987f-04b9-4379-8df3-47472982bc88.
2023-08-30 06:49:51,372 [main] DEBUG balancer.ContainerBalancerTask (ContainerBalancerTask.java:matchSourceWithTarget(708)) - ContainerBalancer is finding suitable target for source datanode e6922850-9444-48a6-8737-577884a8ca37
2023-08-30 06:49:51,372 [main] INFO  balancer.FindTargetGreedyByUsageInfo (AbstractFindTargetGreedy.java:findTargetForContainerMove(133)) - Container Balancer could not find a target for source datanode e6922850-9444-48a6-8737-577884a8ca37
2023-08-30 06:49:51,372 [main] DEBUG balancer.ContainerBalancerTask (ContainerBalancerTask.java:matchSourceWithTarget(717)) - ContainerBalancer could not find a suitable target for source node e6922850-9444-48a6-8737-577884a8ca37.
2023-08-30 06:49:51,375 [main] DEBUG balancer.ContainerBalancerTask (ContainerBalancerTask.java:matchSourceWithTarget(708)) - ContainerBalancer is finding suitable target for source datanode 65a71771-bd0f-46fe-a335-6519b3cb8737
2023-08-30 06:49:51,376 [main] INFO  balancer.FindTargetGreedyByUsageInfo (AbstractFindTargetGreedy.java:findTargetForContainerMove(133)) - Container Balancer could not find a target for source datanode 65a71771-bd0f-46fe-a335-6519b3cb8737
2023-08-30 06:49:51,376 [main] DEBUG balancer.ContainerBalancerTask (ContainerBalancerTask.java:matchSourceWithTarget(717)) - ContainerBalancer could not find a suitable target for source node 65a71771-bd0f-46fe-a335-6519b3cb8737.
2023-08-30 06:49:51,379 [main] DEBUG balancer.ContainerBalancerTask (ContainerBalancerTask.java:matchSourceWithTarget(708)) - ContainerBalancer is finding suitable target for source datanode 6d231009-21ec-4195-8d36-aae1aceb8c35
2023-08-30 06:49:51,379 [main] INFO  balancer.FindTargetGreedyByUsageInfo (AbstractFindTargetGreedy.java:findTargetForContainerMove(133)) - Container Balancer could not find a target for source datanode 6d231009-21ec-4195-8d36-aae1aceb8c35
2023-08-30 06:49:51,379 [main] DEBUG balancer.ContainerBalancerTask (ContainerBalancerTask.java:matchSourceWithTarget(717)) - ContainerBalancer could not find a suitable target for source node 6d231009-21ec-4195-8d36-aae1aceb8c35.
2023-08-30 06:49:51,381 [main] DEBUG balancer.ContainerBalancerTask (ContainerBalancerTask.java:matchSourceWithTarget(708)) - ContainerBalancer is finding suitable target for source datanode f1eb209e-0516-4a80-b52c-4d3c7e3b5fed
2023-08-30 06:49:51,381 [main] INFO  balancer.FindTargetGreedyByUsageInfo (AbstractFindTargetGreedy.java:findTargetForContainerMove(133)) - Container Balancer could not find a target for source datanode f1eb209e-0516-4a80-b52c-4d3c7e3b5fed
2023-08-30 06:49:51,382 [main] DEBUG balancer.ContainerBalancerTask (ContainerBalancerTask.java:matchSourceWithTarget(717)) - ContainerBalancer could not find a suitable target for source node f1eb209e-0516-4a80-b52c-4d3c7e3b5fed.
2023-08-30 06:49:51,382 [main] INFO  balancer.FindSourceGreedy (FindSourceGreedy.java:getNextCandidateSourceDataNode(126)) - no more candidate source data node
2023-08-30 06:49:51,382 [main] INFO  balancer.ContainerBalancerTask (ContainerBalancerTask.java:checkIterationMoveResults(642)) - Iteration Summary. Number of Datanodes involved: 6. Size moved: 30 GB (32212254720 Bytes). Number of Container moves completed: 10.
2023-08-30 06:49:51,382 [main] INFO  balancer.ContainerBalancerTask (ContainerBalancerTask.java:balance(259)) - Result of this iteration of Container Balancer: ITERATION_COMPLETED
2023-08-30 06:49:51,382 [main] INFO  balancer.ContainerBalancerTask (ContainerBalancerTask.java:tryStopWithSaveConfiguration(308)) - Save Configuration for stopping. Reason: Completed all iterations.
2023-08-30 06:49:51,383 [main] DEBUG balancer.ContainerBalancerTask (ContainerBalancerTask.java:initializeIteration(374)) - Average utilization of the cluster is 0.34141491395803225
2023-08-30 06:49:51,383 [main] DEBUG balancer.ContainerBalancerTask (ContainerBalancerTask.java:initializeIteration(386)) - Lower limit for utilization is 0.24141491395803225 and Upper limit for utilization is 0.44141491395803223
2023-08-30 06:49:51,383 [main] DEBUG balancer.ContainerBalancerTask (ContainerBalancerTask.java:initializeIteration(398)) - Utilization for node e6922850-9444-48a6-8737-577884a8ca37 with capacity 53687091200B, used 48318382080B, and remaining 5368709120B is 0.9
2023-08-30 06:49:51,384 [main] DEBUG balancer.ContainerBalancerTask (ContainerBalancerTask.java:initializeIteration(398)) - Utilization for node 3c62987f-04b9-4379-8df3-47472982bc88 with capacity 60397977600B, used 48318382080B, and remaining 12079595520B is 0.8
2023-08-30 06:49:51,384 [main] DEBUG balancer.ContainerBalancerTask (ContainerBalancerTask.java:initializeIteration(398)) - Utilization for node 65a71771-bd0f-46fe-a335-6519b3cb8737 with capacity 75161927680B, used 52613349376B, and remaining 22548578304B is 0.7
2023-08-30 06:49:51,384 [main] DEBUG balancer.ContainerBalancerTask (ContainerBalancerTask.java:initializeIteration(398)) - Utilization for node 6d231009-21ec-4195-8d36-aae1aceb8c35 with capacity 75161927680B, used 45097156608B, and remaining 30064771072B is 0.6
2023-08-30 06:49:51,384 [main] DEBUG balancer.ContainerBalancerTask (ContainerBalancerTask.java:initializeIteration(398)) - Utilization for node f1eb209e-0516-4a80-b52c-4d3c7e3b5fed with capacity 98784247808B, used 49392123904B, and remaining 49392123904B is 0.5
2023-08-30 06:49:51,384 [main] DEBUG balancer.ContainerBalancerTask (ContainerBalancerTask.java:initializeIteration(398)) - Utilization for node 5d2c313b-475e-4332-b8d9-9450be380e4c with capacity 107374182400B, used 42949672960B, and remaining 64424509440B is 0.4
2023-08-30 06:49:51,384 [main] DEBUG balancer.ContainerBalancerTask (ContainerBalancerTask.java:initializeIteration(398)) - Utilization for node 58de360c-c42a-4580-89df-6e069e0a9b2b with capacity 121690740053B, used 36507222016B, and remaining 85183518037B is 0.3000000000008218
2023-08-30 06:49:51,384 [main] DEBUG balancer.ContainerBalancerTask (ContainerBalancerTask.java:initializeIteration(398)) - Utilization for node 92bd6103-10a3-4d70-8820-b8026cd49f83 with capacity 209379655680B, used 41875931136B, and remaining 167503724544B is 0.2
2023-08-30 06:49:51,384 [main] DEBUG balancer.ContainerBalancerTask (ContainerBalancerTask.java:initializeIteration(398)) - Utilization for node c6400d35-02ca-4e68-9039-dbaa54f24ae0 with capacity 343597383680B, used 34359738368B, and remaining 309237645312B is 0.1
2023-08-30 06:49:51,384 [main] DEBUG balancer.ContainerBalancerTask (ContainerBalancerTask.java:initializeIteration(398)) - Utilization for node 3e24ec70-c540-4d46-b47e-b69c6cd4c124 with capacity 24696061952B, used 0B, and remaining 24696061952B is 0.0
2023-08-30 06:49:51,384 [main] INFO  balancer.ContainerBalancerTask (ContainerBalancerTask.java:initializeIteration(447)) - Container Balancer has identified 5 Over-Utilized and 3 Under-Utilized Datanodes that need to be balanced.
2023-08-30 06:49:51,384 [main] DEBUG balancer.ContainerBalancerTask (ContainerBalancerTask.java:lambda$initializeIteration$1(453)) - Datanode localhost-76.133.190.191 e6922850-9444-48a6-8737-577884a8ca37 is Over-Utilized.
2023-08-30 06:49:51,385 [main] DEBUG balancer.ContainerBalancerTask (ContainerBalancerTask.java:lambda$initializeIteration$1(453)) - Datanode localhost-45.255.198.251 3c62987f-04b9-4379-8df3-47472982bc88 is Over-Utilized.
2023-08-30 06:49:51,385 [main] DEBUG balancer.ContainerBalancerTask (ContainerBalancerTask.java:lambda$initializeIteration$1(453)) - Datanode localhost-147.206.11.136 65a71771-bd0f-46fe-a335-6519b3cb8737 is Over-Utilized.
2023-08-30 06:49:51,385 [main] DEBUG balancer.ContainerBalancerTask (ContainerBalancerTask.java:lambda$initializeIteration$1(453)) - Datanode localhost-149.249.15.110 6d231009-21ec-4195-8d36-aae1aceb8c35 is Over-Utilized.
2023-08-30 06:49:51,385 [main] DEBUG balancer.ContainerBalancerTask (ContainerBalancerTask.java:lambda$initializeIteration$1(453)) - Datanode localhost-105.81.186.158 f1eb209e-0516-4a80-b52c-4d3c7e3b5fed is Over-Utilized.
2023-08-30 06:49:51,385 [main] DEBUG balancer.ContainerBalancerTask (ContainerBalancerTask.java:lambda$initializeIteration$2(459)) - Datanode localhost-163.231.249.234 3e24ec70-c540-4d46-b47e-b69c6cd4c124 is Under-Utilized.
2023-08-30 06:49:51,385 [main] DEBUG balancer.ContainerBalancerTask (ContainerBalancerTask.java:lambda$initializeIteration$2(459)) - Datanode localhost-172.33.111.44 c6400d35-02ca-4e68-9039-dbaa54f24ae0 is Under-Utilized.
2023-08-30 06:49:51,385 [main] DEBUG balancer.ContainerBalancerTask (ContainerBalancerTask.java:lambda$initializeIteration$2(459)) - Datanode localhost-190.64.253.130 92bd6103-10a3-4d70-8820-b8026cd49f83 is Under-Utilized.
2023-08-30 06:49:51,387 [main] DEBUG balancer.ContainerBalancerTask (ContainerBalancerTask.java:matchSourceWithTarget(708)) - ContainerBalancer is finding suitable target for source datanode e6922850-9444-48a6-8737-577884a8ca37
2023-08-30 06:49:51,387 [main] INFO  balancer.ContainerBalancerTask (ContainerBalancerTask.java:matchSourceWithTarget(722)) - ContainerBalancer matched source datanode e6922850-9444-48a6-8737-577884a8ca37 with target datanode 3e24ec70-c540-4d46-b47e-b69c6cd4c124 for container move.
2023-08-30 06:49:51,387 [main] INFO  balancer.ContainerBalancerTask (ContainerBalancerTask.java:processMoveSelection(569)) - ContainerBalancer is trying to move container #84 with size 4294967296B from source datanode e6922850-9444-48a6-8737-577884a8ca37 to target datanode 3e24ec70-c540-4d46-b47e-b69c6cd4c124
2023-08-30 06:49:51,388 [main] WARN  balancer.ContainerBalancerTask (ContainerBalancerTask.java:lambda$moveContainer$3(842)) - Container move for container #84 from source e6922850-9444-48a6-8737-577884a8ca37 to target 3e24ec70-c540-4d46-b47e-b69c6cd4c124 failed: REPLICATION_FAIL_NODE_UNHEALTHY
2023-08-30 06:49:51,389 [main] DEBUG balancer.ContainerBalancerTask (ContainerBalancerTask.java:matchSourceWithTarget(708)) - ContainerBalancer is finding suitable target for source datanode 3c62987f-04b9-4379-8df3-47472982bc88
2023-08-30 06:49:51,389 [main] INFO  balancer.ContainerBalancerTask (ContainerBalancerTask.java:matchSourceWithTarget(722)) - ContainerBalancer matched source datanode 3c62987f-04b9-4379-8df3-47472982bc88 with target datanode 3e24ec70-c540-4d46-b47e-b69c6cd4c124 for container move.
2023-08-30 06:49:51,390 [main] INFO  balancer.ContainerBalancerTask (ContainerBalancerTask.java:processMoveSelection(569)) - ContainerBalancer is trying to move container #68 with size 5368709120B from source datanode 3c62987f-04b9-4379-8df3-47472982bc88 to target datanode 3e24ec70-c540-4d46-b47e-b69c6cd4c124
2023-08-30 06:49:51,390 [main] WARN  balancer.ContainerBalancerTask (ContainerBalancerTask.java:lambda$moveContainer$3(842)) - Container move for container #68 from source 3c62987f-04b9-4379-8df3-47472982bc88 to target 3e24ec70-c540-4d46-b47e-b69c6cd4c124 failed: REPLICATION_FAIL_NODE_UNHEALTHY
2023-08-30 06:49:51,392 [main] DEBUG balancer.ContainerBalancerTask (ContainerBalancerTask.java:matchSourceWithTarget(708)) - ContainerBalancer is finding suitable target for source datanode 65a71771-bd0f-46fe-a335-6519b3cb8737
2023-08-30 06:49:51,392 [main] INFO  balancer.ContainerBalancerTask (ContainerBalancerTask.java:matchSourceWithTarget(722)) - ContainerBalancer matched source datanode 65a71771-bd0f-46fe-a335-6519b3cb8737 with target datanode 3e24ec70-c540-4d46-b47e-b69c6cd4c124 for container move.
2023-08-30 06:49:51,392 [main] INFO  balancer.ContainerBalancerTask (ContainerBalancerTask.java:processMoveSelection(569)) - ContainerBalancer is trying to move container #52 with size 4294967296B from source datanode 65a71771-bd0f-46fe-a335-6519b3cb8737 to target datanode 3e24ec70-c540-4d46-b47e-b69c6cd4c124
2023-08-30 06:49:51,392 [main] WARN  balancer.ContainerBalancerTask (ContainerBalancerTask.java:lambda$moveContainer$3(842)) - Container move for container #52 from source 65a71771-bd0f-46fe-a335-6519b3cb8737 to target 3e24ec70-c540-4d46-b47e-b69c6cd4c124 failed: REPLICATION_FAIL_NODE_UNHEALTHY
2023-08-30 06:49:51,394 [main] DEBUG balancer.ContainerBalancerTask (ContainerBalancerTask.java:matchSourceWithTarget(708)) - ContainerBalancer is finding suitable target for source datanode 6d231009-21ec-4195-8d36-aae1aceb8c35
2023-08-30 06:49:51,395 [main] INFO  balancer.ContainerBalancerTask (ContainerBalancerTask.java:matchSourceWithTarget(722)) - ContainerBalancer matched source datanode 6d231009-21ec-4195-8d36-aae1aceb8c35 with target datanode 3e24ec70-c540-4d46-b47e-b69c6cd4c124 for container move.
2023-08-30 06:49:51,395 [main] INFO  balancer.ContainerBalancerTask (ContainerBalancerTask.java:processMoveSelection(569)) - ContainerBalancer is trying to move container #40 with size 5368709120B from source datanode 6d231009-21ec-4195-8d36-aae1aceb8c35 to target datanode 3e24ec70-c540-4d46-b47e-b69c6cd4c124
2023-08-30 06:49:51,395 [main] WARN  balancer.ContainerBalancerTask (ContainerBalancerTask.java:lambda$moveContainer$3(842)) - Container move for container #40 from source 6d231009-21ec-4195-8d36-aae1aceb8c35 to target 3e24ec70-c540-4d46-b47e-b69c6cd4c124 failed: REPLICATION_FAIL_NODE_UNHEALTHY
2023-08-30 06:49:51,397 [main] DEBUG balancer.ContainerBalancerTask (ContainerBalancerTask.java:matchSourceWithTarget(708)) - ContainerBalancer is finding suitable target for source datanode f1eb209e-0516-4a80-b52c-4d3c7e3b5fed
2023-08-30 06:49:51,397 [main] INFO  balancer.ContainerBalancerTask (ContainerBalancerTask.java:matchSourceWithTarget(722)) - ContainerBalancer matched source datanode f1eb209e-0516-4a80-b52c-4d3c7e3b5fed with target datanode 3e24ec70-c540-4d46-b47e-b69c6cd4c124 for container move.
2023-08-30 06:49:51,397 [main] INFO  balancer.ContainerBalancerTask (ContainerBalancerTask.java:processMoveSelection(569)) - ContainerBalancer is trying to move container #40 with size 5368709120B from source datanode f1eb209e-0516-4a80-b52c-4d3c7e3b5fed to target datanode 3e24ec70-c540-4d46-b47e-b69c6cd4c124
2023-08-30 06:49:51,397 [main] WARN  balancer.ContainerBalancerTask (ContainerBalancerTask.java:lambda$moveContainer$3(842)) - Container move for container #40 from source f1eb209e-0516-4a80-b52c-4d3c7e3b5fed to target 3e24ec70-c540-4d46-b47e-b69c6cd4c124 failed: REPLICATION_FAIL_NODE_UNHEALTHY
2023-08-30 06:49:51,397 [main] INFO  balancer.FindSourceGreedy (FindSourceGreedy.java:getNextCandidateSourceDataNode(126)) - no more candidate source data node
2023-08-30 06:49:51,397 [main] INFO  balancer.ContainerBalancerTask (ContainerBalancerTask.java:checkIterationMoveResults(642)) - Iteration Summary. Number of Datanodes involved: 0. Size moved: 0 B (0 Bytes). Number of Container moves completed: 0.
2023-08-30 06:49:51,397 [main] INFO  balancer.ContainerBalancerTask (ContainerBalancerTask.java:balance(259)) - Result of this iteration of Container Balancer: ITERATION_COMPLETED
2023-08-30 06:49:51,398 [main] INFO  balancer.ContainerBalancerTask (ContainerBalancerTask.java:tryStopWithSaveConfiguration(308)) - Save Configuration for stopping. Reason: Completed all iterations.
2023-08-30 06:49:51,398 [main] DEBUG balancer.ContainerBalancerTask (ContainerBalancerTask.java:initializeIteration(374)) - Average utilization of the cluster is 0.34141491395803225
2023-08-30 06:49:51,398 [main] DEBUG balancer.ContainerBalancerTask (ContainerBalancerTask.java:initializeIteration(386)) - Lower limit for utilization is 0.24141491395803225 and Upper limit for utilization is 0.44141491395803223
2023-08-30 06:49:51,399 [main] DEBUG balancer.ContainerBalancerTask (ContainerBalancerTask.java:initializeIteration(398)) - Utilization for node e6922850-9444-48a6-8737-577884a8ca37 with capacity 53687091200B, used 48318382080B, and remaining 5368709120B is 0.9
2023-08-30 06:49:51,399 [main] DEBUG balancer.ContainerBalancerTask (ContainerBalancerTask.java:initializeIteration(398)) - Utilization for node 3c62987f-04b9-4379-8df3-47472982bc88 with capacity 60397977600B, used 48318382080B, and remaining 12079595520B is 0.8
2023-08-30 06:49:51,399 [main] DEBUG balancer.ContainerBalancerTask (ContainerBalancerTask.java:initializeIteration(398)) - Utilization for node 65a71771-bd0f-46fe-a335-6519b3cb8737 with capacity 75161927680B, used 52613349376B, and remaining 22548578304B is 0.7
2023-08-30 06:49:51,399 [main] DEBUG balancer.ContainerBalancerTask (ContainerBalancerTask.java:initializeIteration(398)) - Utilization for node 6d231009-21ec-4195-8d36-aae1aceb8c35 with capacity 75161927680B, used 45097156608B, and remaining 30064771072B is 0.6
2023-08-30 06:49:51,399 [main] DEBUG balancer.ContainerBalancerTask (ContainerBalancerTask.java:initializeIteration(398)) - Utilization for node f1eb209e-0516-4a80-b52c-4d3c7e3b5fed with capacity 98784247808B, used 49392123904B, and remaining 49392123904B is 0.5
2023-08-30 06:49:51,399 [main] DEBUG balancer.ContainerBalancerTask (ContainerBalancerTask.java:initializeIteration(398)) - Utilization for node 5d2c313b-475e-4332-b8d9-9450be380e4c with capacity 107374182400B, used 42949672960B, and remaining 64424509440B is 0.4
2023-08-30 06:49:51,399 [main] DEBUG balancer.ContainerBalancerTask (ContainerBalancerTask.java:initializeIteration(398)) - Utilization for node 58de360c-c42a-4580-89df-6e069e0a9b2b with capacity 121690740053B, used 36507222016B, and remaining 85183518037B is 0.3000000000008218
2023-08-30 06:49:51,399 [main] DEBUG balancer.ContainerBalancerTask (ContainerBalancerTask.java:initializeIteration(398)) - Utilization for node 92bd6103-10a3-4d70-8820-b8026cd49f83 with capacity 209379655680B, used 41875931136B, and remaining 167503724544B is 0.2
2023-08-30 06:49:51,399 [main] DEBUG balancer.ContainerBalancerTask (ContainerBalancerTask.java:initializeIteration(398)) - Utilization for node c6400d35-02ca-4e68-9039-dbaa54f24ae0 with capacity 343597383680B, used 34359738368B, and remaining 309237645312B is 0.1
2023-08-30 06:49:51,399 [main] DEBUG balancer.ContainerBalancerTask (ContainerBalancerTask.java:initializeIteration(398)) - Utilization for node 3e24ec70-c540-4d46-b47e-b69c6cd4c124 with capacity 24696061952B, used 0B, and remaining 24696061952B is 0.0
2023-08-30 06:49:51,399 [main] INFO  balancer.ContainerBalancerTask (ContainerBalancerTask.java:initializeIteration(447)) - Container Balancer has identified 5 Over-Utilized and 3 Under-Utilized Datanodes that need to be balanced.
2023-08-30 06:49:51,400 [main] DEBUG balancer.ContainerBalancerTask (ContainerBalancerTask.java:lambda$initializeIteration$1(453)) - Datanode localhost-76.133.190.191 e6922850-9444-48a6-8737-577884a8ca37 is Over-Utilized.
2023-08-30 06:49:51,400 [main] DEBUG balancer.ContainerBalancerTask (ContainerBalancerTask.java:lambda$initializeIteration$1(453)) - Datanode localhost-45.255.198.251 3c62987f-04b9-4379-8df3-47472982bc88 is Over-Utilized.
2023-08-30 06:49:51,400 [main] DEBUG balancer.ContainerBalancerTask (ContainerBalancerTask.java:lambda$initializeIteration$1(453)) - Datanode localhost-147.206.11.136 65a71771-bd0f-46fe-a335-6519b3cb8737 is Over-Utilized.
2023-08-30 06:49:51,400 [main] DEBUG balancer.ContainerBalancerTask (ContainerBalancerTask.java:lambda$initializeIteration$1(453)) - Datanode localhost-149.249.15.110 6d231009-21ec-4195-8d36-aae1aceb8c35 is Over-Utilized.
2023-08-30 06:49:51,400 [main] DEBUG balancer.ContainerBalancerTask (ContainerBalancerTask.java:lambda$initializeIteration$1(453)) - Datanode localhost-105.81.186.158 f1eb209e-0516-4a80-b52c-4d3c7e3b5fed is Over-Utilized.
2023-08-30 06:49:51,400 [main] DEBUG balancer.ContainerBalancerTask (ContainerBalancerTask.java:lambda$initializeIteration$2(459)) - Datanode localhost-163.231.249.234 3e24ec70-c540-4d46-b47e-b69c6cd4c124 is Under-Utilized.
2023-08-30 06:49:51,400 [main] DEBUG balancer.ContainerBalancerTask (ContainerBalancerTask.java:lambda$initializeIteration$2(459)) - Datanode localhost-172.33.111.44 c6400d35-02ca-4e68-9039-dbaa54f24ae0 is Under-Utilized.
2023-08-30 06:49:51,400 [main] DEBUG balancer.ContainerBalancerTask (ContainerBalancerTask.java:lambda$initializeIteration$2(459)) - Datanode localhost-190.64.253.130 92bd6103-10a3-4d70-8820-b8026cd49f83 is Under-Utilized.
2023-08-30 06:49:51,402 [main] DEBUG balancer.ContainerBalancerTask (ContainerBalancerTask.java:matchSourceWithTarget(708)) - ContainerBalancer is finding suitable target for source datanode e6922850-9444-48a6-8737-577884a8ca37
2023-08-30 06:49:51,403 [main] INFO  balancer.ContainerBalancerTask (ContainerBalancerTask.java:matchSourceWithTarget(722)) - ContainerBalancer matched source datanode e6922850-9444-48a6-8737-577884a8ca37 with target datanode 3e24ec70-c540-4d46-b47e-b69c6cd4c124 for container move.
2023-08-30 06:49:51,403 [main] INFO  balancer.ContainerBalancerTask (ContainerBalancerTask.java:processMoveSelection(569)) - ContainerBalancer is trying to move container #85 with size 5368709120B from source datanode e6922850-9444-48a6-8737-577884a8ca37 to target datanode 3e24ec70-c540-4d46-b47e-b69c6cd4c124
2023-08-30 06:49:51,403 [main] DEBUG balancer.ContainerBalancerTask (ContainerBalancerTask.java:lambda$moveContainer$3(837)) - Container move completed for container #85 from source e6922850-9444-48a6-8737-577884a8ca37 to target 3e24ec70-c540-4d46-b47e-b69c6cd4c124
2023-08-30 06:49:51,405 [main] DEBUG balancer.ContainerBalancerTask (ContainerBalancerTask.java:matchSourceWithTarget(708)) - ContainerBalancer is finding suitable target for source datanode e6922850-9444-48a6-8737-577884a8ca37
2023-08-30 06:49:51,405 [main] INFO  balancer.ContainerBalancerTask (ContainerBalancerTask.java:matchSourceWithTarget(722)) - ContainerBalancer matched source datanode e6922850-9444-48a6-8737-577884a8ca37 with target datanode c6400d35-02ca-4e68-9039-dbaa54f24ae0 for container move.
2023-08-30 06:49:51,405 [main] INFO  balancer.ContainerBalancerTask (ContainerBalancerTask.java:processMoveSelection(569)) - ContainerBalancer is trying to move container #29 with size 5368709120B from source datanode e6922850-9444-48a6-8737-577884a8ca37 to target datanode c6400d35-02ca-4e68-9039-dbaa54f24ae0
2023-08-30 06:49:51,405 [main] DEBUG balancer.ContainerBalancerTask (ContainerBalancerTask.java:lambda$moveContainer$3(837)) - Container move completed for container #29 from source e6922850-9444-48a6-8737-577884a8ca37 to target c6400d35-02ca-4e68-9039-dbaa54f24ae0
2023-08-30 06:49:51,406 [main] WARN  balancer.ContainerBalancerTask (ContainerBalancerTask.java:reachedMaxSizeToMovePerIteration(733)) - Reached max size to move limit. 10737418240 bytes have already been scheduled for balancing and the limit is 10737418240 bytes.
2023-08-30 06:49:51,406 [main] INFO  balancer.ContainerBalancerTask (ContainerBalancerTask.java:checkIterationMoveResults(642)) - Iteration Summary. Number of Datanodes involved: 3. Size moved: 10 GB (10737418240 Bytes). Number of Container moves completed: 2.
2023-08-30 06:49:51,406 [main] INFO  balancer.ContainerBalancerTask (ContainerBalancerTask.java:balance(259)) - Result of this iteration of Container Balancer: ITERATION_COMPLETED
2023-08-30 06:49:51,406 [main] INFO  balancer.ContainerBalancerTask (ContainerBalancerTask.java:tryStopWithSaveConfiguration(308)) - Save Configuration for stopping. Reason: Completed all iterations.
]]></system-out>
  </testcase>
  <testcase name="targetDatanodeShouldBeInServiceHealthy" classname="org.apache.hadoop.hdds.scm.container.balancer.TestContainerBalancerTask" time="0.092">
    <system-out><![CDATA[2023-08-30 06:49:51,444 [main] INFO  net.NodeSchemaLoader (NodeSchemaLoader.java:loadSchemaFromFile(129)) - Loading schema from [file:/home/runner/work/ozone/ozone/hadoop-hdds/common/target/classes/network-topology-default.xml]
2023-08-30 06:49:51,444 [main] INFO  net.NodeSchemaLoader (NodeSchemaLoader.java:loadSchema(176)) - Loading network topology layer schema file
2023-08-30 06:49:51,450 [main] INFO  net.NetworkTopologyImpl (NetworkTopologyImpl.java:add(112)) - Added a new node: /default-rack/a4f59219-8d4e-45b2-aafc-a3d1d9053338
2023-08-30 06:49:51,450 [main] INFO  net.NetworkTopologyImpl (NetworkTopologyImpl.java:add(112)) - Added a new node: /default-rack/00684ce1-7018-43a5-8dda-44fe2d170597
2023-08-30 06:49:51,451 [main] INFO  net.NetworkTopologyImpl (NetworkTopologyImpl.java:add(112)) - Added a new node: /default-rack/6203b044-9115-4497-8369-3df470e1571a
2023-08-30 06:49:51,451 [main] INFO  net.NetworkTopologyImpl (NetworkTopologyImpl.java:add(112)) - Added a new node: /default-rack/b9e26ee4-2215-4705-80c4-302e405ca0c6
2023-08-30 06:49:51,451 [main] INFO  net.NetworkTopologyImpl (NetworkTopologyImpl.java:add(112)) - Added a new node: /default-rack/5d1d47a0-9afb-4b7b-a245-20fa2e3f6564
2023-08-30 06:49:51,451 [main] INFO  net.NetworkTopologyImpl (NetworkTopologyImpl.java:add(112)) - Added a new node: /default-rack/d7ca109f-aaf0-4a87-8ce1-64c44e3a3427
2023-08-30 06:49:51,451 [main] INFO  net.NetworkTopologyImpl (NetworkTopologyImpl.java:add(112)) - Added a new node: /default-rack/9a5492f3-cc4c-4c3c-a2fd-ffc54f0851ad
2023-08-30 06:49:51,451 [main] INFO  net.NetworkTopologyImpl (NetworkTopologyImpl.java:add(112)) - Added a new node: /default-rack/1ccfced7-dead-40a2-b7b9-0a42cf9be79d
2023-08-30 06:49:51,451 [main] INFO  net.NetworkTopologyImpl (NetworkTopologyImpl.java:add(112)) - Added a new node: /default-rack/e3185104-2d53-46da-9e6f-e18525f32577
2023-08-30 06:49:51,451 [main] INFO  net.NetworkTopologyImpl (NetworkTopologyImpl.java:add(112)) - Added a new node: /default-rack/454c8b6b-1720-4c5f-baa6-66da49e24379
2023-08-30 06:49:51,452 [main] INFO  algorithms.ContainerPlacementPolicyFactory (ContainerPlacementPolicyFactory.java:getPolicyInternal(86)) - Create container placement policy of type org.apache.hadoop.hdds.scm.container.placement.algorithms.SCMContainerPlacementRackAware
2023-08-30 06:49:51,452 [main] INFO  algorithms.ContainerPlacementPolicyFactory (ContainerPlacementPolicyFactory.java:getPolicyInternal(86)) - Create container placement policy of type org.apache.hadoop.hdds.scm.container.placement.algorithms.SCMContainerPlacementRackScatter
2023-08-30 06:49:51,455 [main] DEBUG balancer.ContainerBalancerTask (ContainerBalancerTask.java:initializeIteration(374)) - Average utilization of the cluster is 0.3261656644523885
2023-08-30 06:49:51,457 [main] DEBUG balancer.ContainerBalancerTask (ContainerBalancerTask.java:initializeIteration(386)) - Lower limit for utilization is 0.22616566445238848 and Upper limit for utilization is 0.42616566445238846
2023-08-30 06:49:51,457 [main] DEBUG balancer.ContainerBalancerTask (ContainerBalancerTask.java:initializeIteration(398)) - Utilization for node 5d1d47a0-9afb-4b7b-a245-20fa2e3f6564 with capacity 53687091200B, used 48318382080B, and remaining 5368709120B is 0.9
2023-08-30 06:49:51,457 [main] DEBUG balancer.ContainerBalancerTask (ContainerBalancerTask.java:initializeIteration(398)) - Utilization for node 454c8b6b-1720-4c5f-baa6-66da49e24379 with capacity 49660559360B, used 39728447488B, and remaining 9932111872B is 0.8
2023-08-30 06:49:51,457 [main] DEBUG balancer.ContainerBalancerTask (ContainerBalancerTask.java:initializeIteration(398)) - Utilization for node 00684ce1-7018-43a5-8dda-44fe2d170597 with capacity 82831512137B, used 57982058496B, and remaining 24849453641B is 0.7000000000012073
2023-08-30 06:49:51,458 [main] DEBUG balancer.ContainerBalancerTask (ContainerBalancerTask.java:initializeIteration(398)) - Utilization for node b9e26ee4-2215-4705-80c4-302e405ca0c6 with capacity 64424509440B, used 38654705664B, and remaining 25769803776B is 0.6
2023-08-30 06:49:51,458 [main] DEBUG balancer.ContainerBalancerTask (ContainerBalancerTask.java:initializeIteration(398)) - Utilization for node 6203b044-9115-4497-8369-3df470e1571a with capacity 75161927680B, used 37580963840B, and remaining 37580963840B is 0.5
2023-08-30 06:49:51,458 [main] DEBUG balancer.ContainerBalancerTask (ContainerBalancerTask.java:initializeIteration(398)) - Utilization for node 1ccfced7-dead-40a2-b7b9-0a42cf9be79d with capacity 107374182400B, used 42949672960B, and remaining 64424509440B is 0.4
2023-08-30 06:49:51,458 [main] DEBUG balancer.ContainerBalancerTask (ContainerBalancerTask.java:initializeIteration(398)) - Utilization for node 9a5492f3-cc4c-4c3c-a2fd-ffc54f0851ad with capacity 171798691840B, used 51539607552B, and remaining 120259084288B is 0.3
2023-08-30 06:49:51,458 [main] DEBUG balancer.ContainerBalancerTask (ContainerBalancerTask.java:initializeIteration(398)) - Utilization for node a4f59219-8d4e-45b2-aafc-a3d1d9053338 with capacity 209379655680B, used 41875931136B, and remaining 167503724544B is 0.2
2023-08-30 06:49:51,458 [main] DEBUG balancer.ContainerBalancerTask (ContainerBalancerTask.java:initializeIteration(398)) - Utilization for node e3185104-2d53-46da-9e6f-e18525f32577 with capacity 386547056640B, used 38654705664B, and remaining 347892350976B is 0.1
2023-08-30 06:49:51,458 [main] DEBUG balancer.ContainerBalancerTask (ContainerBalancerTask.java:initializeIteration(398)) - Utilization for node d7ca109f-aaf0-4a87-8ce1-64c44e3a3427 with capacity 17179869184B, used 0B, and remaining 17179869184B is 0.0
2023-08-30 06:49:51,458 [main] INFO  balancer.ContainerBalancerTask (ContainerBalancerTask.java:initializeIteration(447)) - Container Balancer has identified 5 Over-Utilized and 3 Under-Utilized Datanodes that need to be balanced.
2023-08-30 06:49:51,458 [main] DEBUG balancer.ContainerBalancerTask (ContainerBalancerTask.java:lambda$initializeIteration$1(453)) - Datanode localhost-76.53.39.111 5d1d47a0-9afb-4b7b-a245-20fa2e3f6564 is Over-Utilized.
2023-08-30 06:49:51,459 [main] DEBUG balancer.ContainerBalancerTask (ContainerBalancerTask.java:lambda$initializeIteration$1(453)) - Datanode localhost-194.202.140.101 454c8b6b-1720-4c5f-baa6-66da49e24379 is Over-Utilized.
2023-08-30 06:49:51,459 [main] DEBUG balancer.ContainerBalancerTask (ContainerBalancerTask.java:lambda$initializeIteration$1(453)) - Datanode localhost-200.211.160.236 00684ce1-7018-43a5-8dda-44fe2d170597 is Over-Utilized.
2023-08-30 06:49:51,459 [main] DEBUG balancer.ContainerBalancerTask (ContainerBalancerTask.java:lambda$initializeIteration$1(453)) - Datanode localhost-167.125.37.35 b9e26ee4-2215-4705-80c4-302e405ca0c6 is Over-Utilized.
2023-08-30 06:49:51,459 [main] DEBUG balancer.ContainerBalancerTask (ContainerBalancerTask.java:lambda$initializeIteration$1(453)) - Datanode localhost-48.34.122.106 6203b044-9115-4497-8369-3df470e1571a is Over-Utilized.
2023-08-30 06:49:51,459 [main] DEBUG balancer.ContainerBalancerTask (ContainerBalancerTask.java:lambda$initializeIteration$2(459)) - Datanode localhost-55.178.130.196 d7ca109f-aaf0-4a87-8ce1-64c44e3a3427 is Under-Utilized.
2023-08-30 06:49:51,459 [main] DEBUG balancer.ContainerBalancerTask (ContainerBalancerTask.java:lambda$initializeIteration$2(459)) - Datanode localhost-20.100.19.7 e3185104-2d53-46da-9e6f-e18525f32577 is Under-Utilized.
2023-08-30 06:49:51,459 [main] DEBUG balancer.ContainerBalancerTask (ContainerBalancerTask.java:lambda$initializeIteration$2(459)) - Datanode localhost-83.72.65.163 a4f59219-8d4e-45b2-aafc-a3d1d9053338 is Under-Utilized.
2023-08-30 06:49:51,461 [main] DEBUG balancer.ContainerBalancerTask (ContainerBalancerTask.java:matchSourceWithTarget(708)) - ContainerBalancer is finding suitable target for source datanode 5d1d47a0-9afb-4b7b-a245-20fa2e3f6564
2023-08-30 06:49:51,462 [main] INFO  balancer.ContainerBalancerTask (ContainerBalancerTask.java:matchSourceWithTarget(722)) - ContainerBalancer matched source datanode 5d1d47a0-9afb-4b7b-a245-20fa2e3f6564 with target datanode d7ca109f-aaf0-4a87-8ce1-64c44e3a3427 for container move.
2023-08-30 06:49:51,462 [main] INFO  balancer.ContainerBalancerTask (ContainerBalancerTask.java:processMoveSelection(569)) - ContainerBalancer is trying to move container #85 with size 5368709120B from source datanode 5d1d47a0-9afb-4b7b-a245-20fa2e3f6564 to target datanode d7ca109f-aaf0-4a87-8ce1-64c44e3a3427
2023-08-30 06:49:51,462 [main] DEBUG balancer.ContainerBalancerTask (ContainerBalancerTask.java:lambda$moveContainer$3(837)) - Container move completed for container #85 from source 5d1d47a0-9afb-4b7b-a245-20fa2e3f6564 to target d7ca109f-aaf0-4a87-8ce1-64c44e3a3427
2023-08-30 06:49:51,464 [main] DEBUG balancer.ContainerBalancerTask (ContainerBalancerTask.java:matchSourceWithTarget(708)) - ContainerBalancer is finding suitable target for source datanode 454c8b6b-1720-4c5f-baa6-66da49e24379
2023-08-30 06:49:51,465 [main] INFO  balancer.ContainerBalancerTask (ContainerBalancerTask.java:matchSourceWithTarget(722)) - ContainerBalancer matched source datanode 454c8b6b-1720-4c5f-baa6-66da49e24379 with target datanode e3185104-2d53-46da-9e6f-e18525f32577 for container move.
2023-08-30 06:49:51,465 [main] INFO  balancer.ContainerBalancerTask (ContainerBalancerTask.java:processMoveSelection(569)) - ContainerBalancer is trying to move container #68 with size 5368709120B from source datanode 454c8b6b-1720-4c5f-baa6-66da49e24379 to target datanode e3185104-2d53-46da-9e6f-e18525f32577
2023-08-30 06:49:51,465 [main] DEBUG balancer.ContainerBalancerTask (ContainerBalancerTask.java:lambda$moveContainer$3(837)) - Container move completed for container #68 from source 454c8b6b-1720-4c5f-baa6-66da49e24379 to target e3185104-2d53-46da-9e6f-e18525f32577
2023-08-30 06:49:51,467 [main] DEBUG balancer.ContainerBalancerTask (ContainerBalancerTask.java:matchSourceWithTarget(708)) - ContainerBalancer is finding suitable target for source datanode 5d1d47a0-9afb-4b7b-a245-20fa2e3f6564
2023-08-30 06:49:51,468 [main] INFO  balancer.ContainerBalancerTask (ContainerBalancerTask.java:matchSourceWithTarget(722)) - ContainerBalancer matched source datanode 5d1d47a0-9afb-4b7b-a245-20fa2e3f6564 with target datanode e3185104-2d53-46da-9e6f-e18525f32577 for container move.
2023-08-30 06:49:51,468 [main] INFO  balancer.ContainerBalancerTask (ContainerBalancerTask.java:processMoveSelection(569)) - ContainerBalancer is trying to move container #89 with size 4294967296B from source datanode 5d1d47a0-9afb-4b7b-a245-20fa2e3f6564 to target datanode e3185104-2d53-46da-9e6f-e18525f32577
2023-08-30 06:49:51,468 [main] DEBUG balancer.ContainerBalancerTask (ContainerBalancerTask.java:lambda$moveContainer$3(837)) - Container move completed for container #89 from source 5d1d47a0-9afb-4b7b-a245-20fa2e3f6564 to target e3185104-2d53-46da-9e6f-e18525f32577
2023-08-30 06:49:51,470 [main] DEBUG balancer.ContainerBalancerTask (ContainerBalancerTask.java:matchSourceWithTarget(708)) - ContainerBalancer is finding suitable target for source datanode 5d1d47a0-9afb-4b7b-a245-20fa2e3f6564
2023-08-30 06:49:51,471 [main] INFO  balancer.ContainerBalancerTask (ContainerBalancerTask.java:matchSourceWithTarget(722)) - ContainerBalancer matched source datanode 5d1d47a0-9afb-4b7b-a245-20fa2e3f6564 with target datanode e3185104-2d53-46da-9e6f-e18525f32577 for container move.
2023-08-30 06:49:51,471 [main] INFO  balancer.ContainerBalancerTask (ContainerBalancerTask.java:processMoveSelection(569)) - ContainerBalancer is trying to move container #67 with size 4294967296B from source datanode 5d1d47a0-9afb-4b7b-a245-20fa2e3f6564 to target datanode e3185104-2d53-46da-9e6f-e18525f32577
2023-08-30 06:49:51,471 [main] DEBUG balancer.ContainerBalancerTask (ContainerBalancerTask.java:lambda$moveContainer$3(837)) - Container move completed for container #67 from source 5d1d47a0-9afb-4b7b-a245-20fa2e3f6564 to target e3185104-2d53-46da-9e6f-e18525f32577
2023-08-30 06:49:51,473 [main] DEBUG balancer.ContainerBalancerTask (ContainerBalancerTask.java:matchSourceWithTarget(708)) - ContainerBalancer is finding suitable target for source datanode 00684ce1-7018-43a5-8dda-44fe2d170597
2023-08-30 06:49:51,474 [main] INFO  balancer.ContainerBalancerTask (ContainerBalancerTask.java:matchSourceWithTarget(722)) - ContainerBalancer matched source datanode 00684ce1-7018-43a5-8dda-44fe2d170597 with target datanode e3185104-2d53-46da-9e6f-e18525f32577 for container move.
2023-08-30 06:49:51,474 [main] INFO  balancer.ContainerBalancerTask (ContainerBalancerTask.java:processMoveSelection(569)) - ContainerBalancer is trying to move container #40 with size 5368709120B from source datanode 00684ce1-7018-43a5-8dda-44fe2d170597 to target datanode e3185104-2d53-46da-9e6f-e18525f32577
2023-08-30 06:49:51,474 [main] DEBUG balancer.ContainerBalancerTask (ContainerBalancerTask.java:lambda$moveContainer$3(837)) - Container move completed for container #40 from source 00684ce1-7018-43a5-8dda-44fe2d170597 to target e3185104-2d53-46da-9e6f-e18525f32577
2023-08-30 06:49:51,476 [main] DEBUG balancer.ContainerBalancerTask (ContainerBalancerTask.java:matchSourceWithTarget(708)) - ContainerBalancer is finding suitable target for source datanode 454c8b6b-1720-4c5f-baa6-66da49e24379
2023-08-30 06:49:51,476 [main] INFO  balancer.ContainerBalancerTask (ContainerBalancerTask.java:matchSourceWithTarget(722)) - ContainerBalancer matched source datanode 454c8b6b-1720-4c5f-baa6-66da49e24379 with target datanode e3185104-2d53-46da-9e6f-e18525f32577 for container move.
2023-08-30 06:49:51,477 [main] INFO  balancer.ContainerBalancerTask (ContainerBalancerTask.java:processMoveSelection(569)) - ContainerBalancer is trying to move container #88 with size 3221225472B from source datanode 454c8b6b-1720-4c5f-baa6-66da49e24379 to target datanode e3185104-2d53-46da-9e6f-e18525f32577
2023-08-30 06:49:51,477 [main] DEBUG balancer.ContainerBalancerTask (ContainerBalancerTask.java:lambda$moveContainer$3(837)) - Container move completed for container #88 from source 454c8b6b-1720-4c5f-baa6-66da49e24379 to target e3185104-2d53-46da-9e6f-e18525f32577
2023-08-30 06:49:51,479 [main] DEBUG balancer.ContainerBalancerTask (ContainerBalancerTask.java:matchSourceWithTarget(708)) - ContainerBalancer is finding suitable target for source datanode 5d1d47a0-9afb-4b7b-a245-20fa2e3f6564
2023-08-30 06:49:51,479 [main] INFO  balancer.ContainerBalancerTask (ContainerBalancerTask.java:matchSourceWithTarget(722)) - ContainerBalancer matched source datanode 5d1d47a0-9afb-4b7b-a245-20fa2e3f6564 with target datanode e3185104-2d53-46da-9e6f-e18525f32577 for container move.
2023-08-30 06:49:51,480 [main] INFO  balancer.ContainerBalancerTask (ContainerBalancerTask.java:processMoveSelection(569)) - ContainerBalancer is trying to move container #19 with size 4294967296B from source datanode 5d1d47a0-9afb-4b7b-a245-20fa2e3f6564 to target datanode e3185104-2d53-46da-9e6f-e18525f32577
2023-08-30 06:49:51,480 [main] DEBUG balancer.ContainerBalancerTask (ContainerBalancerTask.java:lambda$moveContainer$3(837)) - Container move completed for container #19 from source 5d1d47a0-9afb-4b7b-a245-20fa2e3f6564 to target e3185104-2d53-46da-9e6f-e18525f32577
2023-08-30 06:49:51,482 [main] DEBUG balancer.ContainerBalancerTask (ContainerBalancerTask.java:matchSourceWithTarget(708)) - ContainerBalancer is finding suitable target for source datanode 00684ce1-7018-43a5-8dda-44fe2d170597
2023-08-30 06:49:51,483 [main] INFO  balancer.ContainerBalancerTask (ContainerBalancerTask.java:matchSourceWithTarget(722)) - ContainerBalancer matched source datanode 00684ce1-7018-43a5-8dda-44fe2d170597 with target datanode e3185104-2d53-46da-9e6f-e18525f32577 for container move.
2023-08-30 06:49:51,483 [main] INFO  balancer.ContainerBalancerTask (ContainerBalancerTask.java:processMoveSelection(569)) - ContainerBalancer is trying to move container #71 with size 3221225472B from source datanode 00684ce1-7018-43a5-8dda-44fe2d170597 to target datanode e3185104-2d53-46da-9e6f-e18525f32577
2023-08-30 06:49:51,483 [main] DEBUG balancer.ContainerBalancerTask (ContainerBalancerTask.java:lambda$moveContainer$3(837)) - Container move completed for container #71 from source 00684ce1-7018-43a5-8dda-44fe2d170597 to target e3185104-2d53-46da-9e6f-e18525f32577
2023-08-30 06:49:51,485 [main] DEBUG balancer.ContainerBalancerTask (ContainerBalancerTask.java:matchSourceWithTarget(708)) - ContainerBalancer is finding suitable target for source datanode 454c8b6b-1720-4c5f-baa6-66da49e24379
2023-08-30 06:49:51,485 [main] INFO  balancer.ContainerBalancerTask (ContainerBalancerTask.java:matchSourceWithTarget(722)) - ContainerBalancer matched source datanode 454c8b6b-1720-4c5f-baa6-66da49e24379 with target datanode e3185104-2d53-46da-9e6f-e18525f32577 for container move.
2023-08-30 06:49:51,486 [main] INFO  balancer.ContainerBalancerTask (ContainerBalancerTask.java:processMoveSelection(569)) - ContainerBalancer is trying to move container #27 with size 3221225472B from source datanode 454c8b6b-1720-4c5f-baa6-66da49e24379 to target datanode e3185104-2d53-46da-9e6f-e18525f32577
2023-08-30 06:49:51,486 [main] DEBUG balancer.ContainerBalancerTask (ContainerBalancerTask.java:lambda$moveContainer$3(837)) - Container move completed for container #27 from source 454c8b6b-1720-4c5f-baa6-66da49e24379 to target e3185104-2d53-46da-9e6f-e18525f32577
2023-08-30 06:49:51,488 [main] DEBUG balancer.ContainerBalancerTask (ContainerBalancerTask.java:matchSourceWithTarget(708)) - ContainerBalancer is finding suitable target for source datanode b9e26ee4-2215-4705-80c4-302e405ca0c6
2023-08-30 06:49:51,489 [main] INFO  balancer.ContainerBalancerTask (ContainerBalancerTask.java:matchSourceWithTarget(722)) - ContainerBalancer matched source datanode b9e26ee4-2215-4705-80c4-302e405ca0c6 with target datanode e3185104-2d53-46da-9e6f-e18525f32577 for container move.
2023-08-30 06:49:51,489 [main] INFO  balancer.ContainerBalancerTask (ContainerBalancerTask.java:processMoveSelection(569)) - ContainerBalancer is trying to move container #39 with size 4294967296B from source datanode b9e26ee4-2215-4705-80c4-302e405ca0c6 to target datanode e3185104-2d53-46da-9e6f-e18525f32577
2023-08-30 06:49:51,489 [main] DEBUG balancer.ContainerBalancerTask (ContainerBalancerTask.java:lambda$moveContainer$3(837)) - Container move completed for container #39 from source b9e26ee4-2215-4705-80c4-302e405ca0c6 to target e3185104-2d53-46da-9e6f-e18525f32577
2023-08-30 06:49:51,492 [main] DEBUG balancer.ContainerBalancerTask (ContainerBalancerTask.java:matchSourceWithTarget(708)) - ContainerBalancer is finding suitable target for source datanode 00684ce1-7018-43a5-8dda-44fe2d170597
2023-08-30 06:49:51,492 [main] INFO  balancer.ContainerBalancerTask (ContainerBalancerTask.java:matchSourceWithTarget(722)) - ContainerBalancer matched source datanode 00684ce1-7018-43a5-8dda-44fe2d170597 with target datanode e3185104-2d53-46da-9e6f-e18525f32577 for container move.
2023-08-30 06:49:51,492 [main] INFO  balancer.ContainerBalancerTask (ContainerBalancerTask.java:processMoveSelection(569)) - ContainerBalancer is trying to move container #51 with size 3221225472B from source datanode 00684ce1-7018-43a5-8dda-44fe2d170597 to target datanode e3185104-2d53-46da-9e6f-e18525f32577
2023-08-30 06:49:51,492 [main] DEBUG balancer.ContainerBalancerTask (ContainerBalancerTask.java:lambda$moveContainer$3(837)) - Container move completed for container #51 from source 00684ce1-7018-43a5-8dda-44fe2d170597 to target e3185104-2d53-46da-9e6f-e18525f32577
2023-08-30 06:49:51,495 [main] DEBUG balancer.ContainerBalancerTask (ContainerBalancerTask.java:matchSourceWithTarget(708)) - ContainerBalancer is finding suitable target for source datanode 454c8b6b-1720-4c5f-baa6-66da49e24379
2023-08-30 06:49:51,495 [main] INFO  balancer.ContainerBalancerTask (ContainerBalancerTask.java:matchSourceWithTarget(722)) - ContainerBalancer matched source datanode 454c8b6b-1720-4c5f-baa6-66da49e24379 with target datanode a4f59219-8d4e-45b2-aafc-a3d1d9053338 for container move.
2023-08-30 06:49:51,495 [main] INFO  balancer.ContainerBalancerTask (ContainerBalancerTask.java:processMoveSelection(569)) - ContainerBalancer is trying to move container #84 with size 4294967296B from source datanode 454c8b6b-1720-4c5f-baa6-66da49e24379 to target datanode a4f59219-8d4e-45b2-aafc-a3d1d9053338
2023-08-30 06:49:51,495 [main] DEBUG balancer.ContainerBalancerTask (ContainerBalancerTask.java:lambda$moveContainer$3(837)) - Container move completed for container #84 from source 454c8b6b-1720-4c5f-baa6-66da49e24379 to target a4f59219-8d4e-45b2-aafc-a3d1d9053338
2023-08-30 06:49:51,499 [main] DEBUG balancer.ContainerBalancerTask (ContainerBalancerTask.java:matchSourceWithTarget(708)) - ContainerBalancer is finding suitable target for source datanode 5d1d47a0-9afb-4b7b-a245-20fa2e3f6564
2023-08-30 06:49:51,499 [main] INFO  balancer.ContainerBalancerTask (ContainerBalancerTask.java:matchSourceWithTarget(722)) - ContainerBalancer matched source datanode 5d1d47a0-9afb-4b7b-a245-20fa2e3f6564 with target datanode e3185104-2d53-46da-9e6f-e18525f32577 for container move.
2023-08-30 06:49:51,499 [main] INFO  balancer.ContainerBalancerTask (ContainerBalancerTask.java:processMoveSelection(569)) - ContainerBalancer is trying to move container #18 with size 3221225472B from source datanode 5d1d47a0-9afb-4b7b-a245-20fa2e3f6564 to target datanode e3185104-2d53-46da-9e6f-e18525f32577
2023-08-30 06:49:51,500 [main] DEBUG balancer.ContainerBalancerTask (ContainerBalancerTask.java:lambda$moveContainer$3(837)) - Container move completed for container #18 from source 5d1d47a0-9afb-4b7b-a245-20fa2e3f6564 to target e3185104-2d53-46da-9e6f-e18525f32577
2023-08-30 06:49:51,500 [main] WARN  balancer.ContainerBalancerTask (ContainerBalancerTask.java:reachedMaxSizeToMovePerIteration(733)) - Reached max size to move limit. 53687091200 bytes have already been scheduled for balancing and the limit is 53687091200 bytes.
2023-08-30 06:49:51,500 [main] INFO  balancer.ContainerBalancerTask (ContainerBalancerTask.java:checkIterationMoveResults(642)) - Iteration Summary. Number of Datanodes involved: 7. Size moved: 50 GB (53687091200 Bytes). Number of Container moves completed: 13.
2023-08-30 06:49:51,501 [main] INFO  balancer.ContainerBalancerTask (ContainerBalancerTask.java:balance(259)) - Result of this iteration of Container Balancer: ITERATION_COMPLETED
2023-08-30 06:49:51,501 [main] INFO  balancer.ContainerBalancerTask (ContainerBalancerTask.java:tryStopWithSaveConfiguration(308)) - Save Configuration for stopping. Reason: Completed all iterations.
]]></system-out>
  </testcase>
  <testcase name="containerBalancerShouldObeyMaxDatanodesToInvolveLimit" classname="org.apache.hadoop.hdds.scm.container.balancer.TestContainerBalancerTask" time="0.119">
    <system-out><![CDATA[2023-08-30 06:49:51,539 [main] INFO  net.NodeSchemaLoader (NodeSchemaLoader.java:loadSchemaFromFile(129)) - Loading schema from [file:/home/runner/work/ozone/ozone/hadoop-hdds/common/target/classes/network-topology-default.xml]
2023-08-30 06:49:51,539 [main] INFO  net.NodeSchemaLoader (NodeSchemaLoader.java:loadSchema(176)) - Loading network topology layer schema file
2023-08-30 06:49:51,546 [main] INFO  net.NetworkTopologyImpl (NetworkTopologyImpl.java:add(112)) - Added a new node: /default-rack/5f94d84f-cb73-4846-a9fc-4825ce49dc09
2023-08-30 06:49:51,546 [main] INFO  net.NetworkTopologyImpl (NetworkTopologyImpl.java:add(112)) - Added a new node: /default-rack/4dc39eeb-8ef8-4a99-9173-968e800310ff
2023-08-30 06:49:51,546 [main] INFO  net.NetworkTopologyImpl (NetworkTopologyImpl.java:add(112)) - Added a new node: /default-rack/44c2d838-9ad8-4f37-ac81-50ce7b98e7fa
2023-08-30 06:49:51,546 [main] INFO  net.NetworkTopologyImpl (NetworkTopologyImpl.java:add(112)) - Added a new node: /default-rack/868c6a17-bfac-4a5e-8164-48ee8583a67c
2023-08-30 06:49:51,547 [main] INFO  net.NetworkTopologyImpl (NetworkTopologyImpl.java:add(112)) - Added a new node: /default-rack/32d5bb44-5737-4b0f-b14f-652a8acf60de
2023-08-30 06:49:51,547 [main] INFO  net.NetworkTopologyImpl (NetworkTopologyImpl.java:add(112)) - Added a new node: /default-rack/9847edc9-379c-47c0-8080-c0016a34c36a
2023-08-30 06:49:51,547 [main] INFO  net.NetworkTopologyImpl (NetworkTopologyImpl.java:add(112)) - Added a new node: /default-rack/a7e85b7a-0a26-42c3-b7d6-00b1ad9bb9d6
2023-08-30 06:49:51,547 [main] INFO  net.NetworkTopologyImpl (NetworkTopologyImpl.java:add(112)) - Added a new node: /default-rack/d19c0b2e-9b47-415c-85be-05f37867fd4d
2023-08-30 06:49:51,547 [main] INFO  net.NetworkTopologyImpl (NetworkTopologyImpl.java:add(112)) - Added a new node: /default-rack/3a1a078a-c077-4508-a8c8-27230333ab29
2023-08-30 06:49:51,547 [main] INFO  net.NetworkTopologyImpl (NetworkTopologyImpl.java:add(112)) - Added a new node: /default-rack/c6ebd3f0-7f90-4e2d-b3fa-d256d563dcd6
2023-08-30 06:49:51,547 [main] INFO  algorithms.ContainerPlacementPolicyFactory (ContainerPlacementPolicyFactory.java:getPolicyInternal(86)) - Create container placement policy of type org.apache.hadoop.hdds.scm.container.placement.algorithms.SCMContainerPlacementRackAware
2023-08-30 06:49:51,547 [main] INFO  algorithms.ContainerPlacementPolicyFactory (ContainerPlacementPolicyFactory.java:getPolicyInternal(86)) - Create container placement policy of type org.apache.hadoop.hdds.scm.container.placement.algorithms.SCMContainerPlacementRackScatter
2023-08-30 06:49:51,550 [main] DEBUG balancer.ContainerBalancerTask (ContainerBalancerTask.java:initializeIteration(374)) - Average utilization of the cluster is 0.31626674478706684
2023-08-30 06:49:51,550 [main] DEBUG balancer.ContainerBalancerTask (ContainerBalancerTask.java:initializeIteration(386)) - Lower limit for utilization is 0.30626674478706684 and Upper limit for utilization is 0.32626674478706685
2023-08-30 06:49:51,551 [main] DEBUG balancer.ContainerBalancerTask (ContainerBalancerTask.java:initializeIteration(398)) - Utilization for node 5f94d84f-cb73-4846-a9fc-4825ce49dc09 with capacity 59652323555B, used 53687091200B, and remaining 5965232355B is 0.9000000000083819
2023-08-30 06:49:51,552 [main] DEBUG balancer.ContainerBalancerTask (ContainerBalancerTask.java:initializeIteration(398)) - Utilization for node c6ebd3f0-7f90-4e2d-b3fa-d256d563dcd6 with capacity 69793218560B, used 55834574848B, and remaining 13958643712B is 0.8
2023-08-30 06:49:51,552 [main] DEBUG balancer.ContainerBalancerTask (ContainerBalancerTask.java:initializeIteration(398)) - Utilization for node a7e85b7a-0a26-42c3-b7d6-00b1ad9bb9d6 with capacity 61356675657B, used 42949672960B, and remaining 18407002697B is 0.7000000000016298
2023-08-30 06:49:51,552 [main] DEBUG balancer.ContainerBalancerTask (ContainerBalancerTask.java:initializeIteration(398)) - Utilization for node 44c2d838-9ad8-4f37-ac81-50ce7b98e7fa with capacity 73372357973B, used 44023414784B, and remaining 29348943189B is 0.6000000000027258
2023-08-30 06:49:51,552 [main] DEBUG balancer.ContainerBalancerTask (ContainerBalancerTask.java:initializeIteration(398)) - Utilization for node 4dc39eeb-8ef8-4a99-9173-968e800310ff with capacity 79456894976B, used 39728447488B, and remaining 39728447488B is 0.5
2023-08-30 06:49:51,553 [main] DEBUG balancer.ContainerBalancerTask (ContainerBalancerTask.java:initializeIteration(398)) - Utilization for node 868c6a17-bfac-4a5e-8164-48ee8583a67c with capacity 123480309760B, used 49392123904B, and remaining 74088185856B is 0.4
2023-08-30 06:49:51,553 [main] DEBUG balancer.ContainerBalancerTask (ContainerBalancerTask.java:initializeIteration(398)) - Utilization for node 3a1a078a-c077-4508-a8c8-27230333ab29 with capacity 96636764160B, used 28991029248B, and remaining 67645734912B is 0.3
2023-08-30 06:49:51,553 [main] DEBUG balancer.ContainerBalancerTask (ContainerBalancerTask.java:initializeIteration(398)) - Utilization for node d19c0b2e-9b47-415c-85be-05f37867fd4d with capacity 246960619520B, used 49392123904B, and remaining 197568495616B is 0.2
2023-08-30 06:49:51,553 [main] DEBUG balancer.ContainerBalancerTask (ContainerBalancerTask.java:initializeIteration(398)) - Utilization for node 9847edc9-379c-47c0-8080-c0016a34c36a with capacity 408021893120B, used 40802189312B, and remaining 367219703808B is 0.1
2023-08-30 06:49:51,553 [main] DEBUG balancer.ContainerBalancerTask (ContainerBalancerTask.java:initializeIteration(398)) - Utilization for node 32d5bb44-5737-4b0f-b14f-652a8acf60de with capacity 61203283968B, used 0B, and remaining 61203283968B is 0.0
2023-08-30 06:49:51,553 [main] INFO  balancer.ContainerBalancerTask (ContainerBalancerTask.java:initializeIteration(447)) - Container Balancer has identified 6 Over-Utilized and 4 Under-Utilized Datanodes that need to be balanced.
2023-08-30 06:49:51,553 [main] DEBUG balancer.ContainerBalancerTask (ContainerBalancerTask.java:lambda$initializeIteration$1(453)) - Datanode localhost-162.93.237.74 5f94d84f-cb73-4846-a9fc-4825ce49dc09 is Over-Utilized.
2023-08-30 06:49:51,553 [main] DEBUG balancer.ContainerBalancerTask (ContainerBalancerTask.java:lambda$initializeIteration$1(453)) - Datanode localhost-91.157.171.251 c6ebd3f0-7f90-4e2d-b3fa-d256d563dcd6 is Over-Utilized.
2023-08-30 06:49:51,553 [main] DEBUG balancer.ContainerBalancerTask (ContainerBalancerTask.java:lambda$initializeIteration$1(453)) - Datanode localhost-253.180.48.202 a7e85b7a-0a26-42c3-b7d6-00b1ad9bb9d6 is Over-Utilized.
2023-08-30 06:49:51,553 [main] DEBUG balancer.ContainerBalancerTask (ContainerBalancerTask.java:lambda$initializeIteration$1(453)) - Datanode localhost-119.154.12.86 44c2d838-9ad8-4f37-ac81-50ce7b98e7fa is Over-Utilized.
2023-08-30 06:49:51,553 [main] DEBUG balancer.ContainerBalancerTask (ContainerBalancerTask.java:lambda$initializeIteration$1(453)) - Datanode localhost-15.145.46.126 4dc39eeb-8ef8-4a99-9173-968e800310ff is Over-Utilized.
2023-08-30 06:49:51,554 [main] DEBUG balancer.ContainerBalancerTask (ContainerBalancerTask.java:lambda$initializeIteration$1(453)) - Datanode localhost-142.111.155.155 868c6a17-bfac-4a5e-8164-48ee8583a67c is Over-Utilized.
2023-08-30 06:49:51,554 [main] DEBUG balancer.ContainerBalancerTask (ContainerBalancerTask.java:lambda$initializeIteration$2(459)) - Datanode localhost-135.77.167.26 32d5bb44-5737-4b0f-b14f-652a8acf60de is Under-Utilized.
2023-08-30 06:49:51,554 [main] DEBUG balancer.ContainerBalancerTask (ContainerBalancerTask.java:lambda$initializeIteration$2(459)) - Datanode localhost-243.176.251.41 9847edc9-379c-47c0-8080-c0016a34c36a is Under-Utilized.
2023-08-30 06:49:51,554 [main] DEBUG balancer.ContainerBalancerTask (ContainerBalancerTask.java:lambda$initializeIteration$2(459)) - Datanode localhost-204.95.11.121 d19c0b2e-9b47-415c-85be-05f37867fd4d is Under-Utilized.
2023-08-30 06:49:51,554 [main] DEBUG balancer.ContainerBalancerTask (ContainerBalancerTask.java:lambda$initializeIteration$2(459)) - Datanode localhost-120.177.0.84 3a1a078a-c077-4508-a8c8-27230333ab29 is Under-Utilized.
2023-08-30 06:49:51,557 [main] DEBUG balancer.ContainerBalancerTask (ContainerBalancerTask.java:matchSourceWithTarget(708)) - ContainerBalancer is finding suitable target for source datanode 5f94d84f-cb73-4846-a9fc-4825ce49dc09
2023-08-30 06:49:51,557 [main] INFO  balancer.ContainerBalancerTask (ContainerBalancerTask.java:matchSourceWithTarget(722)) - ContainerBalancer matched source datanode 5f94d84f-cb73-4846-a9fc-4825ce49dc09 with target datanode 32d5bb44-5737-4b0f-b14f-652a8acf60de for container move.
2023-08-30 06:49:51,557 [main] INFO  balancer.ContainerBalancerTask (ContainerBalancerTask.java:processMoveSelection(569)) - ContainerBalancer is trying to move container #85 with size 5368709120B from source datanode 5f94d84f-cb73-4846-a9fc-4825ce49dc09 to target datanode 32d5bb44-5737-4b0f-b14f-652a8acf60de
2023-08-30 06:49:51,557 [main] DEBUG balancer.ContainerBalancerTask (ContainerBalancerTask.java:lambda$moveContainer$3(837)) - Container move completed for container #85 from source 5f94d84f-cb73-4846-a9fc-4825ce49dc09 to target 32d5bb44-5737-4b0f-b14f-652a8acf60de
2023-08-30 06:49:51,560 [main] DEBUG balancer.ContainerBalancerTask (ContainerBalancerTask.java:matchSourceWithTarget(708)) - ContainerBalancer is finding suitable target for source datanode 5f94d84f-cb73-4846-a9fc-4825ce49dc09
2023-08-30 06:49:51,560 [main] INFO  balancer.ContainerBalancerTask (ContainerBalancerTask.java:matchSourceWithTarget(722)) - ContainerBalancer matched source datanode 5f94d84f-cb73-4846-a9fc-4825ce49dc09 with target datanode 32d5bb44-5737-4b0f-b14f-652a8acf60de for container move.
2023-08-30 06:49:51,560 [main] INFO  balancer.ContainerBalancerTask (ContainerBalancerTask.java:processMoveSelection(569)) - ContainerBalancer is trying to move container #53 with size 5368709120B from source datanode 5f94d84f-cb73-4846-a9fc-4825ce49dc09 to target datanode 32d5bb44-5737-4b0f-b14f-652a8acf60de
2023-08-30 06:49:51,561 [main] DEBUG balancer.ContainerBalancerTask (ContainerBalancerTask.java:lambda$moveContainer$3(837)) - Container move completed for container #53 from source 5f94d84f-cb73-4846-a9fc-4825ce49dc09 to target 32d5bb44-5737-4b0f-b14f-652a8acf60de
2023-08-30 06:49:51,564 [main] DEBUG balancer.ContainerBalancerTask (ContainerBalancerTask.java:matchSourceWithTarget(708)) - ContainerBalancer is finding suitable target for source datanode c6ebd3f0-7f90-4e2d-b3fa-d256d563dcd6
2023-08-30 06:49:51,564 [main] INFO  balancer.ContainerBalancerTask (ContainerBalancerTask.java:matchSourceWithTarget(722)) - ContainerBalancer matched source datanode c6ebd3f0-7f90-4e2d-b3fa-d256d563dcd6 with target datanode 9847edc9-379c-47c0-8080-c0016a34c36a for container move.
2023-08-30 06:49:51,564 [main] INFO  balancer.ContainerBalancerTask (ContainerBalancerTask.java:processMoveSelection(569)) - ContainerBalancer is trying to move container #68 with size 5368709120B from source datanode c6ebd3f0-7f90-4e2d-b3fa-d256d563dcd6 to target datanode 9847edc9-379c-47c0-8080-c0016a34c36a
2023-08-30 06:49:51,564 [main] DEBUG balancer.ContainerBalancerTask (ContainerBalancerTask.java:lambda$moveContainer$3(837)) - Container move completed for container #68 from source c6ebd3f0-7f90-4e2d-b3fa-d256d563dcd6 to target 9847edc9-379c-47c0-8080-c0016a34c36a
2023-08-30 06:49:51,565 [main] DEBUG balancer.ContainerBalancerTask (ContainerBalancerTask.java:adaptOnReachingIterationLimits(782)) - Reached max datanodes to involve limit. 4 datanodes have already been selected for balancing and the limit is 4. Only already selected sources and targets can be involved in balancing now.
2023-08-30 06:49:51,568 [main] DEBUG balancer.ContainerBalancerTask (ContainerBalancerTask.java:matchSourceWithTarget(708)) - ContainerBalancer is finding suitable target for source datanode c6ebd3f0-7f90-4e2d-b3fa-d256d563dcd6
2023-08-30 06:49:51,568 [main] INFO  balancer.ContainerBalancerTask (ContainerBalancerTask.java:matchSourceWithTarget(722)) - ContainerBalancer matched source datanode c6ebd3f0-7f90-4e2d-b3fa-d256d563dcd6 with target datanode 9847edc9-379c-47c0-8080-c0016a34c36a for container move.
2023-08-30 06:49:51,568 [main] INFO  balancer.ContainerBalancerTask (ContainerBalancerTask.java:processMoveSelection(569)) - ContainerBalancer is trying to move container #19 with size 4294967296B from source datanode c6ebd3f0-7f90-4e2d-b3fa-d256d563dcd6 to target datanode 9847edc9-379c-47c0-8080-c0016a34c36a
2023-08-30 06:49:51,569 [main] DEBUG balancer.ContainerBalancerTask (ContainerBalancerTask.java:lambda$moveContainer$3(837)) - Container move completed for container #19 from source c6ebd3f0-7f90-4e2d-b3fa-d256d563dcd6 to target 9847edc9-379c-47c0-8080-c0016a34c36a
2023-08-30 06:49:51,572 [main] DEBUG balancer.ContainerBalancerTask (ContainerBalancerTask.java:matchSourceWithTarget(708)) - ContainerBalancer is finding suitable target for source datanode 5f94d84f-cb73-4846-a9fc-4825ce49dc09
2023-08-30 06:49:51,572 [main] INFO  balancer.ContainerBalancerTask (ContainerBalancerTask.java:matchSourceWithTarget(722)) - ContainerBalancer matched source datanode 5f94d84f-cb73-4846-a9fc-4825ce49dc09 with target datanode 9847edc9-379c-47c0-8080-c0016a34c36a for container move.
2023-08-30 06:49:51,572 [main] INFO  balancer.ContainerBalancerTask (ContainerBalancerTask.java:processMoveSelection(569)) - ContainerBalancer is trying to move container #84 with size 4294967296B from source datanode 5f94d84f-cb73-4846-a9fc-4825ce49dc09 to target datanode 9847edc9-379c-47c0-8080-c0016a34c36a
2023-08-30 06:49:51,573 [main] DEBUG balancer.ContainerBalancerTask (ContainerBalancerTask.java:lambda$moveContainer$3(837)) - Container move completed for container #84 from source 5f94d84f-cb73-4846-a9fc-4825ce49dc09 to target 9847edc9-379c-47c0-8080-c0016a34c36a
2023-08-30 06:49:51,577 [main] DEBUG balancer.ContainerBalancerTask (ContainerBalancerTask.java:matchSourceWithTarget(708)) - ContainerBalancer is finding suitable target for source datanode c6ebd3f0-7f90-4e2d-b3fa-d256d563dcd6
2023-08-30 06:49:51,577 [main] INFO  balancer.ContainerBalancerTask (ContainerBalancerTask.java:matchSourceWithTarget(722)) - ContainerBalancer matched source datanode c6ebd3f0-7f90-4e2d-b3fa-d256d563dcd6 with target datanode 9847edc9-379c-47c0-8080-c0016a34c36a for container move.
2023-08-30 06:49:51,577 [main] INFO  balancer.ContainerBalancerTask (ContainerBalancerTask.java:processMoveSelection(569)) - ContainerBalancer is trying to move container #83 with size 3221225472B from source datanode c6ebd3f0-7f90-4e2d-b3fa-d256d563dcd6 to target datanode 9847edc9-379c-47c0-8080-c0016a34c36a
2023-08-30 06:49:51,578 [main] DEBUG balancer.ContainerBalancerTask (ContainerBalancerTask.java:lambda$moveContainer$3(837)) - Container move completed for container #83 from source c6ebd3f0-7f90-4e2d-b3fa-d256d563dcd6 to target 9847edc9-379c-47c0-8080-c0016a34c36a
2023-08-30 06:49:51,580 [main] DEBUG balancer.ContainerBalancerTask (ContainerBalancerTask.java:matchSourceWithTarget(708)) - ContainerBalancer is finding suitable target for source datanode 5f94d84f-cb73-4846-a9fc-4825ce49dc09
2023-08-30 06:49:51,580 [main] INFO  balancer.ContainerBalancerTask (ContainerBalancerTask.java:matchSourceWithTarget(722)) - ContainerBalancer matched source datanode 5f94d84f-cb73-4846-a9fc-4825ce49dc09 with target datanode 9847edc9-379c-47c0-8080-c0016a34c36a for container move.
2023-08-30 06:49:51,581 [main] INFO  balancer.ContainerBalancerTask (ContainerBalancerTask.java:processMoveSelection(569)) - ContainerBalancer is trying to move container #28 with size 4294967296B from source datanode 5f94d84f-cb73-4846-a9fc-4825ce49dc09 to target datanode 9847edc9-379c-47c0-8080-c0016a34c36a
2023-08-30 06:49:51,581 [main] DEBUG balancer.ContainerBalancerTask (ContainerBalancerTask.java:lambda$moveContainer$3(837)) - Container move completed for container #28 from source 5f94d84f-cb73-4846-a9fc-4825ce49dc09 to target 9847edc9-379c-47c0-8080-c0016a34c36a
2023-08-30 06:49:51,585 [main] DEBUG balancer.ContainerBalancerTask (ContainerBalancerTask.java:matchSourceWithTarget(708)) - ContainerBalancer is finding suitable target for source datanode c6ebd3f0-7f90-4e2d-b3fa-d256d563dcd6
2023-08-30 06:49:51,585 [main] INFO  balancer.ContainerBalancerTask (ContainerBalancerTask.java:matchSourceWithTarget(722)) - ContainerBalancer matched source datanode c6ebd3f0-7f90-4e2d-b3fa-d256d563dcd6 with target datanode 9847edc9-379c-47c0-8080-c0016a34c36a for container move.
2023-08-30 06:49:51,586 [main] INFO  balancer.ContainerBalancerTask (ContainerBalancerTask.java:processMoveSelection(569)) - ContainerBalancer is trying to move container #71 with size 3221225472B from source datanode c6ebd3f0-7f90-4e2d-b3fa-d256d563dcd6 to target datanode 9847edc9-379c-47c0-8080-c0016a34c36a
2023-08-30 06:49:51,586 [main] DEBUG balancer.ContainerBalancerTask (ContainerBalancerTask.java:lambda$moveContainer$3(837)) - Container move completed for container #71 from source c6ebd3f0-7f90-4e2d-b3fa-d256d563dcd6 to target 9847edc9-379c-47c0-8080-c0016a34c36a
2023-08-30 06:49:51,589 [main] DEBUG balancer.ContainerBalancerTask (ContainerBalancerTask.java:matchSourceWithTarget(708)) - ContainerBalancer is finding suitable target for source datanode 5f94d84f-cb73-4846-a9fc-4825ce49dc09
2023-08-30 06:49:51,589 [main] INFO  balancer.ContainerBalancerTask (ContainerBalancerTask.java:matchSourceWithTarget(722)) - ContainerBalancer matched source datanode 5f94d84f-cb73-4846-a9fc-4825ce49dc09 with target datanode 9847edc9-379c-47c0-8080-c0016a34c36a for container move.
2023-08-30 06:49:51,589 [main] INFO  balancer.ContainerBalancerTask (ContainerBalancerTask.java:processMoveSelection(569)) - ContainerBalancer is trying to move container #66 with size 3221225472B from source datanode 5f94d84f-cb73-4846-a9fc-4825ce49dc09 to target datanode 9847edc9-379c-47c0-8080-c0016a34c36a
2023-08-30 06:49:51,589 [main] DEBUG balancer.ContainerBalancerTask (ContainerBalancerTask.java:lambda$moveContainer$3(837)) - Container move completed for container #66 from source 5f94d84f-cb73-4846-a9fc-4825ce49dc09 to target 9847edc9-379c-47c0-8080-c0016a34c36a
2023-08-30 06:49:51,593 [main] DEBUG balancer.ContainerBalancerTask (ContainerBalancerTask.java:matchSourceWithTarget(708)) - ContainerBalancer is finding suitable target for source datanode c6ebd3f0-7f90-4e2d-b3fa-d256d563dcd6
2023-08-30 06:49:51,593 [main] INFO  balancer.ContainerBalancerTask (ContainerBalancerTask.java:matchSourceWithTarget(722)) - ContainerBalancer matched source datanode c6ebd3f0-7f90-4e2d-b3fa-d256d563dcd6 with target datanode 9847edc9-379c-47c0-8080-c0016a34c36a for container move.
2023-08-30 06:49:51,593 [main] INFO  balancer.ContainerBalancerTask (ContainerBalancerTask.java:processMoveSelection(569)) - ContainerBalancer is trying to move container #11 with size 3221225472B from source datanode c6ebd3f0-7f90-4e2d-b3fa-d256d563dcd6 to target datanode 9847edc9-379c-47c0-8080-c0016a34c36a
2023-08-30 06:49:51,593 [main] DEBUG balancer.ContainerBalancerTask (ContainerBalancerTask.java:lambda$moveContainer$3(837)) - Container move completed for container #11 from source c6ebd3f0-7f90-4e2d-b3fa-d256d563dcd6 to target 9847edc9-379c-47c0-8080-c0016a34c36a
2023-08-30 06:49:51,596 [main] DEBUG balancer.ContainerBalancerTask (ContainerBalancerTask.java:matchSourceWithTarget(708)) - ContainerBalancer is finding suitable target for source datanode c6ebd3f0-7f90-4e2d-b3fa-d256d563dcd6
2023-08-30 06:49:51,597 [main] INFO  balancer.ContainerBalancerTask (ContainerBalancerTask.java:matchSourceWithTarget(722)) - ContainerBalancer matched source datanode c6ebd3f0-7f90-4e2d-b3fa-d256d563dcd6 with target datanode 32d5bb44-5737-4b0f-b14f-652a8acf60de for container move.
2023-08-30 06:49:51,597 [main] INFO  balancer.ContainerBalancerTask (ContainerBalancerTask.java:processMoveSelection(569)) - ContainerBalancer is trying to move container #67 with size 4294967296B from source datanode c6ebd3f0-7f90-4e2d-b3fa-d256d563dcd6 to target datanode 32d5bb44-5737-4b0f-b14f-652a8acf60de
2023-08-30 06:49:51,597 [main] DEBUG balancer.ContainerBalancerTask (ContainerBalancerTask.java:lambda$moveContainer$3(837)) - Container move completed for container #67 from source c6ebd3f0-7f90-4e2d-b3fa-d256d563dcd6 to target 32d5bb44-5737-4b0f-b14f-652a8acf60de
2023-08-30 06:49:51,600 [main] DEBUG balancer.ContainerBalancerTask (ContainerBalancerTask.java:matchSourceWithTarget(708)) - ContainerBalancer is finding suitable target for source datanode 5f94d84f-cb73-4846-a9fc-4825ce49dc09
2023-08-30 06:49:51,600 [main] INFO  balancer.ContainerBalancerTask (ContainerBalancerTask.java:matchSourceWithTarget(722)) - ContainerBalancer matched source datanode 5f94d84f-cb73-4846-a9fc-4825ce49dc09 with target datanode 9847edc9-379c-47c0-8080-c0016a34c36a for container move.
2023-08-30 06:49:51,600 [main] INFO  balancer.ContainerBalancerTask (ContainerBalancerTask.java:processMoveSelection(569)) - ContainerBalancer is trying to move container #82 with size 2147483648B from source datanode 5f94d84f-cb73-4846-a9fc-4825ce49dc09 to target datanode 9847edc9-379c-47c0-8080-c0016a34c36a
2023-08-30 06:49:51,601 [main] DEBUG balancer.ContainerBalancerTask (ContainerBalancerTask.java:lambda$moveContainer$3(837)) - Container move completed for container #82 from source 5f94d84f-cb73-4846-a9fc-4825ce49dc09 to target 9847edc9-379c-47c0-8080-c0016a34c36a
2023-08-30 06:49:51,604 [main] DEBUG balancer.ContainerBalancerTask (ContainerBalancerTask.java:matchSourceWithTarget(708)) - ContainerBalancer is finding suitable target for source datanode 5f94d84f-cb73-4846-a9fc-4825ce49dc09
2023-08-30 06:49:51,604 [main] INFO  balancer.ContainerBalancerTask (ContainerBalancerTask.java:matchSourceWithTarget(722)) - ContainerBalancer matched source datanode 5f94d84f-cb73-4846-a9fc-4825ce49dc09 with target datanode 9847edc9-379c-47c0-8080-c0016a34c36a for container move.
2023-08-30 06:49:51,604 [main] INFO  balancer.ContainerBalancerTask (ContainerBalancerTask.java:processMoveSelection(569)) - ContainerBalancer is trying to move container #55 with size 2147483648B from source datanode 5f94d84f-cb73-4846-a9fc-4825ce49dc09 to target datanode 9847edc9-379c-47c0-8080-c0016a34c36a
2023-08-30 06:49:51,604 [main] DEBUG balancer.ContainerBalancerTask (ContainerBalancerTask.java:lambda$moveContainer$3(837)) - Container move completed for container #55 from source 5f94d84f-cb73-4846-a9fc-4825ce49dc09 to target 9847edc9-379c-47c0-8080-c0016a34c36a
2023-08-30 06:49:51,608 [main] DEBUG balancer.ContainerBalancerTask (ContainerBalancerTask.java:matchSourceWithTarget(708)) - ContainerBalancer is finding suitable target for source datanode c6ebd3f0-7f90-4e2d-b3fa-d256d563dcd6
2023-08-30 06:49:51,608 [main] INFO  balancer.ContainerBalancerTask (ContainerBalancerTask.java:matchSourceWithTarget(722)) - ContainerBalancer matched source datanode c6ebd3f0-7f90-4e2d-b3fa-d256d563dcd6 with target datanode 9847edc9-379c-47c0-8080-c0016a34c36a for container move.
2023-08-30 06:49:51,608 [main] INFO  balancer.ContainerBalancerTask (ContainerBalancerTask.java:processMoveSelection(569)) - ContainerBalancer is trying to move container #70 with size 2147483648B from source datanode c6ebd3f0-7f90-4e2d-b3fa-d256d563dcd6 to target datanode 9847edc9-379c-47c0-8080-c0016a34c36a
2023-08-30 06:49:51,608 [main] DEBUG balancer.ContainerBalancerTask (ContainerBalancerTask.java:lambda$moveContainer$3(837)) - Container move completed for container #70 from source c6ebd3f0-7f90-4e2d-b3fa-d256d563dcd6 to target 9847edc9-379c-47c0-8080-c0016a34c36a
2023-08-30 06:49:51,611 [main] DEBUG balancer.ContainerBalancerTask (ContainerBalancerTask.java:matchSourceWithTarget(708)) - ContainerBalancer is finding suitable target for source datanode 5f94d84f-cb73-4846-a9fc-4825ce49dc09
2023-08-30 06:49:51,612 [main] INFO  balancer.ContainerBalancerTask (ContainerBalancerTask.java:matchSourceWithTarget(722)) - ContainerBalancer matched source datanode 5f94d84f-cb73-4846-a9fc-4825ce49dc09 with target datanode 9847edc9-379c-47c0-8080-c0016a34c36a for container move.
2023-08-30 06:49:51,612 [main] INFO  balancer.ContainerBalancerTask (ContainerBalancerTask.java:processMoveSelection(569)) - ContainerBalancer is trying to move container #86 with size 1073741824B from source datanode 5f94d84f-cb73-4846-a9fc-4825ce49dc09 to target datanode 9847edc9-379c-47c0-8080-c0016a34c36a
2023-08-30 06:49:51,612 [main] DEBUG balancer.ContainerBalancerTask (ContainerBalancerTask.java:lambda$moveContainer$3(837)) - Container move completed for container #86 from source 5f94d84f-cb73-4846-a9fc-4825ce49dc09 to target 9847edc9-379c-47c0-8080-c0016a34c36a
2023-08-30 06:49:51,615 [main] DEBUG balancer.ContainerBalancerTask (ContainerBalancerTask.java:matchSourceWithTarget(701)) - ContainerBalancer could not find any candidate containers for datanode 5f94d84f-cb73-4846-a9fc-4825ce49dc09
2023-08-30 06:49:51,618 [main] DEBUG balancer.ContainerBalancerTask (ContainerBalancerTask.java:matchSourceWithTarget(708)) - ContainerBalancer is finding suitable target for source datanode c6ebd3f0-7f90-4e2d-b3fa-d256d563dcd6
2023-08-30 06:49:51,619 [main] INFO  balancer.ContainerBalancerTask (ContainerBalancerTask.java:matchSourceWithTarget(722)) - ContainerBalancer matched source datanode c6ebd3f0-7f90-4e2d-b3fa-d256d563dcd6 with target datanode 9847edc9-379c-47c0-8080-c0016a34c36a for container move.
2023-08-30 06:49:51,619 [main] INFO  balancer.ContainerBalancerTask (ContainerBalancerTask.java:processMoveSelection(569)) - ContainerBalancer is trying to move container #65 with size 2147483648B from source datanode c6ebd3f0-7f90-4e2d-b3fa-d256d563dcd6 to target datanode 9847edc9-379c-47c0-8080-c0016a34c36a
2023-08-30 06:49:51,619 [main] DEBUG balancer.ContainerBalancerTask (ContainerBalancerTask.java:lambda$moveContainer$3(837)) - Container move completed for container #65 from source c6ebd3f0-7f90-4e2d-b3fa-d256d563dcd6 to target 9847edc9-379c-47c0-8080-c0016a34c36a
2023-08-30 06:49:51,622 [main] DEBUG balancer.ContainerBalancerTask (ContainerBalancerTask.java:matchSourceWithTarget(701)) - ContainerBalancer could not find any candidate containers for datanode c6ebd3f0-7f90-4e2d-b3fa-d256d563dcd6
2023-08-30 06:49:51,622 [main] INFO  balancer.FindSourceGreedy (FindSourceGreedy.java:getNextCandidateSourceDataNode(126)) - no more candidate source data node
2023-08-30 06:49:51,623 [main] INFO  balancer.ContainerBalancerTask (ContainerBalancerTask.java:checkIterationMoveResults(642)) - Iteration Summary. Number of Datanodes involved: 4. Size moved: 52 GB (55834574848 Bytes). Number of Container moves completed: 16.
2023-08-30 06:49:51,623 [main] INFO  balancer.ContainerBalancerTask (ContainerBalancerTask.java:balance(259)) - Result of this iteration of Container Balancer: ITERATION_COMPLETED
2023-08-30 06:49:51,623 [main] INFO  balancer.ContainerBalancerTask (ContainerBalancerTask.java:tryStopWithSaveConfiguration(308)) - Save Configuration for stopping. Reason: Completed all iterations.
]]></system-out>
  </testcase>
  <testcase name="testBalancerWithMoveManager" classname="org.apache.hadoop.hdds.scm.container.balancer.TestContainerBalancerTask" time="0.083">
    <system-out><![CDATA[2023-08-30 06:49:51,649 [main] INFO  net.NodeSchemaLoader (NodeSchemaLoader.java:loadSchemaFromFile(129)) - Loading schema from [file:/home/runner/work/ozone/ozone/hadoop-hdds/common/target/classes/network-topology-default.xml]
2023-08-30 06:49:51,649 [main] INFO  net.NodeSchemaLoader (NodeSchemaLoader.java:loadSchema(176)) - Loading network topology layer schema file
2023-08-30 06:49:51,651 [main] INFO  net.NetworkTopologyImpl (NetworkTopologyImpl.java:add(112)) - Added a new node: /default-rack/e9353392-1996-49cc-9ad9-d8989ddf8bb3
2023-08-30 06:49:51,651 [main] INFO  net.NetworkTopologyImpl (NetworkTopologyImpl.java:add(112)) - Added a new node: /default-rack/6ace6d40-62af-4083-8668-6bc953e9ebac
2023-08-30 06:49:51,651 [main] INFO  net.NetworkTopologyImpl (NetworkTopologyImpl.java:add(112)) - Added a new node: /default-rack/80d39a28-8246-4085-808e-b9ace595b388
2023-08-30 06:49:51,651 [main] INFO  net.NetworkTopologyImpl (NetworkTopologyImpl.java:add(112)) - Added a new node: /default-rack/374c7263-0814-4c9c-9dc7-1d0caf48846c
2023-08-30 06:49:51,652 [main] INFO  net.NetworkTopologyImpl (NetworkTopologyImpl.java:add(112)) - Added a new node: /default-rack/f9f675f8-ed02-4bdf-b170-fb56b24086ed
2023-08-30 06:49:51,652 [main] INFO  net.NetworkTopologyImpl (NetworkTopologyImpl.java:add(112)) - Added a new node: /default-rack/0ad19c25-7581-44f6-8931-f39b54f1be91
2023-08-30 06:49:51,652 [main] INFO  net.NetworkTopologyImpl (NetworkTopologyImpl.java:add(112)) - Added a new node: /default-rack/ee4a3019-c944-40dd-939b-1d54b2f0c0f9
2023-08-30 06:49:51,652 [main] INFO  net.NetworkTopologyImpl (NetworkTopologyImpl.java:add(112)) - Added a new node: /default-rack/c5e312eb-9f8a-41a1-91ce-aa1875ec8a34
2023-08-30 06:49:51,652 [main] INFO  net.NetworkTopologyImpl (NetworkTopologyImpl.java:add(112)) - Added a new node: /default-rack/bd218cde-c4c0-4fc2-ad5a-e32885e295b0
2023-08-30 06:49:51,652 [main] INFO  net.NetworkTopologyImpl (NetworkTopologyImpl.java:add(112)) - Added a new node: /default-rack/797bbabb-b155-4b3c-9269-904351f1475f
2023-08-30 06:49:51,652 [main] INFO  algorithms.ContainerPlacementPolicyFactory (ContainerPlacementPolicyFactory.java:getPolicyInternal(86)) - Create container placement policy of type org.apache.hadoop.hdds.scm.container.placement.algorithms.SCMContainerPlacementRackAware
2023-08-30 06:49:51,653 [main] INFO  algorithms.ContainerPlacementPolicyFactory (ContainerPlacementPolicyFactory.java:getPolicyInternal(86)) - Create container placement policy of type org.apache.hadoop.hdds.scm.container.placement.algorithms.SCMContainerPlacementRackScatter
2023-08-30 06:49:51,658 [main] DEBUG balancer.ContainerBalancerTask (ContainerBalancerTask.java:initializeIteration(374)) - Average utilization of the cluster is 0.3517644055905965
2023-08-30 06:49:51,658 [main] DEBUG balancer.ContainerBalancerTask (ContainerBalancerTask.java:initializeIteration(386)) - Lower limit for utilization is 0.25176440559059654 and Upper limit for utilization is 0.4517644055905965
2023-08-30 06:49:51,658 [main] DEBUG balancer.ContainerBalancerTask (ContainerBalancerTask.java:initializeIteration(398)) - Utilization for node 80d39a28-8246-4085-808e-b9ace595b388 with capacity 48914905315B, used 44023414784B, and remaining 4891490531B is 0.9000000000102218
2023-08-30 06:49:51,658 [main] DEBUG balancer.ContainerBalancerTask (ContainerBalancerTask.java:initializeIteration(398)) - Utilization for node f9f675f8-ed02-4bdf-b170-fb56b24086ed with capacity 40265318400B, used 32212254720B, and remaining 8053063680B is 0.8
2023-08-30 06:49:51,658 [main] DEBUG balancer.ContainerBalancerTask (ContainerBalancerTask.java:initializeIteration(398)) - Utilization for node ee4a3019-c944-40dd-939b-1d54b2f0c0f9 with capacity 65958426331B, used 46170898432B, and remaining 19787527899B is 0.7000000000045483
2023-08-30 06:49:51,658 [main] DEBUG balancer.ContainerBalancerTask (ContainerBalancerTask.java:initializeIteration(398)) - Utilization for node 797bbabb-b155-4b3c-9269-904351f1475f with capacity 66214079146B, used 39728447488B, and remaining 26485631658B is 0.600000000006041
2023-08-30 06:49:51,658 [main] DEBUG balancer.ContainerBalancerTask (ContainerBalancerTask.java:initializeIteration(398)) - Utilization for node 6ace6d40-62af-4083-8668-6bc953e9ebac with capacity 118111600640B, used 59055800320B, and remaining 59055800320B is 0.5
2023-08-30 06:49:51,659 [main] DEBUG balancer.ContainerBalancerTask (ContainerBalancerTask.java:initializeIteration(398)) - Utilization for node bd218cde-c4c0-4fc2-ad5a-e32885e295b0 with capacity 142270791680B, used 56908316672B, and remaining 85362475008B is 0.4
2023-08-30 06:49:51,659 [main] DEBUG balancer.ContainerBalancerTask (ContainerBalancerTask.java:initializeIteration(398)) - Utilization for node e9353392-1996-49cc-9ad9-d8989ddf8bb3 with capacity 164640413013B, used 49392123904B, and remaining 115248289109B is 0.3000000000006074
2023-08-30 06:49:51,659 [main] DEBUG balancer.ContainerBalancerTask (ContainerBalancerTask.java:initializeIteration(398)) - Utilization for node 0ad19c25-7581-44f6-8931-f39b54f1be91 with capacity 112742891520B, used 22548578304B, and remaining 90194313216B is 0.2
2023-08-30 06:49:51,659 [main] DEBUG balancer.ContainerBalancerTask (ContainerBalancerTask.java:initializeIteration(398)) - Utilization for node 374c7263-0814-4c9c-9dc7-1d0caf48846c with capacity 257698037760B, used 25769803776B, and remaining 231928233984B is 0.1
2023-08-30 06:49:51,659 [main] DEBUG balancer.ContainerBalancerTask (ContainerBalancerTask.java:initializeIteration(398)) - Utilization for node c5e312eb-9f8a-41a1-91ce-aa1875ec8a34 with capacity 51539607552B, used 0B, and remaining 51539607552B is 0.0
2023-08-30 06:49:51,659 [main] INFO  balancer.ContainerBalancerTask (ContainerBalancerTask.java:initializeIteration(447)) - Container Balancer has identified 5 Over-Utilized and 3 Under-Utilized Datanodes that need to be balanced.
2023-08-30 06:49:51,659 [main] DEBUG balancer.ContainerBalancerTask (ContainerBalancerTask.java:lambda$initializeIteration$1(453)) - Datanode localhost-49.76.121.60 80d39a28-8246-4085-808e-b9ace595b388 is Over-Utilized.
2023-08-30 06:49:51,659 [main] DEBUG balancer.ContainerBalancerTask (ContainerBalancerTask.java:lambda$initializeIteration$1(453)) - Datanode localhost-33.205.193.67 f9f675f8-ed02-4bdf-b170-fb56b24086ed is Over-Utilized.
2023-08-30 06:49:51,659 [main] DEBUG balancer.ContainerBalancerTask (ContainerBalancerTask.java:lambda$initializeIteration$1(453)) - Datanode localhost-179.79.88.6 ee4a3019-c944-40dd-939b-1d54b2f0c0f9 is Over-Utilized.
2023-08-30 06:49:51,659 [main] DEBUG balancer.ContainerBalancerTask (ContainerBalancerTask.java:lambda$initializeIteration$1(453)) - Datanode localhost-61.141.1.166 797bbabb-b155-4b3c-9269-904351f1475f is Over-Utilized.
2023-08-30 06:49:51,659 [main] DEBUG balancer.ContainerBalancerTask (ContainerBalancerTask.java:lambda$initializeIteration$1(453)) - Datanode localhost-175.105.120.163 6ace6d40-62af-4083-8668-6bc953e9ebac is Over-Utilized.
2023-08-30 06:49:51,660 [main] DEBUG balancer.ContainerBalancerTask (ContainerBalancerTask.java:lambda$initializeIteration$2(459)) - Datanode localhost-141.216.208.97 c5e312eb-9f8a-41a1-91ce-aa1875ec8a34 is Under-Utilized.
2023-08-30 06:49:51,660 [main] DEBUG balancer.ContainerBalancerTask (ContainerBalancerTask.java:lambda$initializeIteration$2(459)) - Datanode localhost-163.85.15.110 374c7263-0814-4c9c-9dc7-1d0caf48846c is Under-Utilized.
2023-08-30 06:49:51,660 [main] DEBUG balancer.ContainerBalancerTask (ContainerBalancerTask.java:lambda$initializeIteration$2(459)) - Datanode localhost-221.64.150.92 0ad19c25-7581-44f6-8931-f39b54f1be91 is Under-Utilized.
2023-08-30 06:49:51,662 [main] DEBUG balancer.ContainerBalancerTask (ContainerBalancerTask.java:matchSourceWithTarget(708)) - ContainerBalancer is finding suitable target for source datanode 80d39a28-8246-4085-808e-b9ace595b388
2023-08-30 06:49:51,662 [main] INFO  balancer.ContainerBalancerTask (ContainerBalancerTask.java:matchSourceWithTarget(722)) - ContainerBalancer matched source datanode 80d39a28-8246-4085-808e-b9ace595b388 with target datanode c5e312eb-9f8a-41a1-91ce-aa1875ec8a34 for container move.
2023-08-30 06:49:51,662 [main] INFO  balancer.ContainerBalancerTask (ContainerBalancerTask.java:processMoveSelection(569)) - ContainerBalancer is trying to move container #85 with size 5368709120B from source datanode 80d39a28-8246-4085-808e-b9ace595b388 to target datanode c5e312eb-9f8a-41a1-91ce-aa1875ec8a34
2023-08-30 06:49:51,662 [main] DEBUG balancer.ContainerBalancerTask (ContainerBalancerTask.java:lambda$moveContainer$3(837)) - Container move completed for container #85 from source 80d39a28-8246-4085-808e-b9ace595b388 to target c5e312eb-9f8a-41a1-91ce-aa1875ec8a34
2023-08-30 06:49:51,664 [main] DEBUG balancer.ContainerBalancerTask (ContainerBalancerTask.java:matchSourceWithTarget(708)) - ContainerBalancer is finding suitable target for source datanode f9f675f8-ed02-4bdf-b170-fb56b24086ed
2023-08-30 06:49:51,664 [main] INFO  balancer.ContainerBalancerTask (ContainerBalancerTask.java:matchSourceWithTarget(722)) - ContainerBalancer matched source datanode f9f675f8-ed02-4bdf-b170-fb56b24086ed with target datanode 374c7263-0814-4c9c-9dc7-1d0caf48846c for container move.
2023-08-30 06:49:51,664 [main] INFO  balancer.ContainerBalancerTask (ContainerBalancerTask.java:processMoveSelection(569)) - ContainerBalancer is trying to move container #68 with size 5368709120B from source datanode f9f675f8-ed02-4bdf-b170-fb56b24086ed to target datanode 374c7263-0814-4c9c-9dc7-1d0caf48846c
2023-08-30 06:49:51,665 [main] DEBUG balancer.ContainerBalancerTask (ContainerBalancerTask.java:lambda$moveContainer$3(837)) - Container move completed for container #68 from source f9f675f8-ed02-4bdf-b170-fb56b24086ed to target 374c7263-0814-4c9c-9dc7-1d0caf48846c
2023-08-30 06:49:51,667 [main] DEBUG balancer.ContainerBalancerTask (ContainerBalancerTask.java:matchSourceWithTarget(708)) - ContainerBalancer is finding suitable target for source datanode 80d39a28-8246-4085-808e-b9ace595b388
2023-08-30 06:49:51,667 [main] INFO  balancer.ContainerBalancerTask (ContainerBalancerTask.java:matchSourceWithTarget(722)) - ContainerBalancer matched source datanode 80d39a28-8246-4085-808e-b9ace595b388 with target datanode c5e312eb-9f8a-41a1-91ce-aa1875ec8a34 for container move.
2023-08-30 06:49:51,667 [main] INFO  balancer.ContainerBalancerTask (ContainerBalancerTask.java:processMoveSelection(569)) - ContainerBalancer is trying to move container #89 with size 4294967296B from source datanode 80d39a28-8246-4085-808e-b9ace595b388 to target datanode c5e312eb-9f8a-41a1-91ce-aa1875ec8a34
2023-08-30 06:49:51,667 [main] DEBUG balancer.ContainerBalancerTask (ContainerBalancerTask.java:lambda$moveContainer$3(837)) - Container move completed for container #89 from source 80d39a28-8246-4085-808e-b9ace595b388 to target c5e312eb-9f8a-41a1-91ce-aa1875ec8a34
2023-08-30 06:49:51,669 [main] DEBUG balancer.ContainerBalancerTask (ContainerBalancerTask.java:matchSourceWithTarget(708)) - ContainerBalancer is finding suitable target for source datanode 80d39a28-8246-4085-808e-b9ace595b388
2023-08-30 06:49:51,670 [main] INFO  balancer.ContainerBalancerTask (ContainerBalancerTask.java:matchSourceWithTarget(722)) - ContainerBalancer matched source datanode 80d39a28-8246-4085-808e-b9ace595b388 with target datanode 374c7263-0814-4c9c-9dc7-1d0caf48846c for container move.
2023-08-30 06:49:51,670 [main] INFO  balancer.ContainerBalancerTask (ContainerBalancerTask.java:processMoveSelection(569)) - ContainerBalancer is trying to move container #84 with size 4294967296B from source datanode 80d39a28-8246-4085-808e-b9ace595b388 to target datanode 374c7263-0814-4c9c-9dc7-1d0caf48846c
2023-08-30 06:49:51,670 [main] DEBUG balancer.ContainerBalancerTask (ContainerBalancerTask.java:lambda$moveContainer$3(837)) - Container move completed for container #84 from source 80d39a28-8246-4085-808e-b9ace595b388 to target 374c7263-0814-4c9c-9dc7-1d0caf48846c
2023-08-30 06:49:51,672 [main] DEBUG balancer.ContainerBalancerTask (ContainerBalancerTask.java:matchSourceWithTarget(708)) - ContainerBalancer is finding suitable target for source datanode ee4a3019-c944-40dd-939b-1d54b2f0c0f9
2023-08-30 06:49:51,672 [main] INFO  balancer.ContainerBalancerTask (ContainerBalancerTask.java:matchSourceWithTarget(722)) - ContainerBalancer matched source datanode ee4a3019-c944-40dd-939b-1d54b2f0c0f9 with target datanode 374c7263-0814-4c9c-9dc7-1d0caf48846c for container move.
2023-08-30 06:49:51,672 [main] INFO  balancer.ContainerBalancerTask (ContainerBalancerTask.java:processMoveSelection(569)) - ContainerBalancer is trying to move container #53 with size 5368709120B from source datanode ee4a3019-c944-40dd-939b-1d54b2f0c0f9 to target datanode 374c7263-0814-4c9c-9dc7-1d0caf48846c
2023-08-30 06:49:51,673 [main] DEBUG balancer.ContainerBalancerTask (ContainerBalancerTask.java:lambda$moveContainer$3(837)) - Container move completed for container #53 from source ee4a3019-c944-40dd-939b-1d54b2f0c0f9 to target 374c7263-0814-4c9c-9dc7-1d0caf48846c
2023-08-30 06:49:51,674 [main] DEBUG balancer.ContainerBalancerTask (ContainerBalancerTask.java:matchSourceWithTarget(708)) - ContainerBalancer is finding suitable target for source datanode f9f675f8-ed02-4bdf-b170-fb56b24086ed
2023-08-30 06:49:51,675 [main] INFO  balancer.ContainerBalancerTask (ContainerBalancerTask.java:matchSourceWithTarget(722)) - ContainerBalancer matched source datanode f9f675f8-ed02-4bdf-b170-fb56b24086ed with target datanode 374c7263-0814-4c9c-9dc7-1d0caf48846c for container move.
2023-08-30 06:49:51,675 [main] INFO  balancer.ContainerBalancerTask (ContainerBalancerTask.java:processMoveSelection(569)) - ContainerBalancer is trying to move container #88 with size 3221225472B from source datanode f9f675f8-ed02-4bdf-b170-fb56b24086ed to target datanode 374c7263-0814-4c9c-9dc7-1d0caf48846c
2023-08-30 06:49:51,675 [main] DEBUG balancer.ContainerBalancerTask (ContainerBalancerTask.java:lambda$moveContainer$3(837)) - Container move completed for container #88 from source f9f675f8-ed02-4bdf-b170-fb56b24086ed to target 374c7263-0814-4c9c-9dc7-1d0caf48846c
2023-08-30 06:49:51,677 [main] DEBUG balancer.ContainerBalancerTask (ContainerBalancerTask.java:matchSourceWithTarget(708)) - ContainerBalancer is finding suitable target for source datanode ee4a3019-c944-40dd-939b-1d54b2f0c0f9
2023-08-30 06:49:51,678 [main] INFO  balancer.ContainerBalancerTask (ContainerBalancerTask.java:matchSourceWithTarget(722)) - ContainerBalancer matched source datanode ee4a3019-c944-40dd-939b-1d54b2f0c0f9 with target datanode 374c7263-0814-4c9c-9dc7-1d0caf48846c for container move.
2023-08-30 06:49:51,678 [main] INFO  balancer.ContainerBalancerTask (ContainerBalancerTask.java:processMoveSelection(569)) - ContainerBalancer is trying to move container #52 with size 4294967296B from source datanode ee4a3019-c944-40dd-939b-1d54b2f0c0f9 to target datanode 374c7263-0814-4c9c-9dc7-1d0caf48846c
2023-08-30 06:49:51,678 [main] DEBUG balancer.ContainerBalancerTask (ContainerBalancerTask.java:lambda$moveContainer$3(837)) - Container move completed for container #52 from source ee4a3019-c944-40dd-939b-1d54b2f0c0f9 to target 374c7263-0814-4c9c-9dc7-1d0caf48846c
2023-08-30 06:49:51,680 [main] DEBUG balancer.ContainerBalancerTask (ContainerBalancerTask.java:matchSourceWithTarget(708)) - ContainerBalancer is finding suitable target for source datanode 80d39a28-8246-4085-808e-b9ace595b388
2023-08-30 06:49:51,680 [main] INFO  balancer.ContainerBalancerTask (ContainerBalancerTask.java:matchSourceWithTarget(722)) - ContainerBalancer matched source datanode 80d39a28-8246-4085-808e-b9ace595b388 with target datanode c5e312eb-9f8a-41a1-91ce-aa1875ec8a34 for container move.
2023-08-30 06:49:51,680 [main] INFO  balancer.ContainerBalancerTask (ContainerBalancerTask.java:processMoveSelection(569)) - ContainerBalancer is trying to move container #19 with size 4294967296B from source datanode 80d39a28-8246-4085-808e-b9ace595b388 to target datanode c5e312eb-9f8a-41a1-91ce-aa1875ec8a34
2023-08-30 06:49:51,681 [main] DEBUG balancer.ContainerBalancerTask (ContainerBalancerTask.java:lambda$moveContainer$3(837)) - Container move completed for container #19 from source 80d39a28-8246-4085-808e-b9ace595b388 to target c5e312eb-9f8a-41a1-91ce-aa1875ec8a34
2023-08-30 06:49:51,683 [main] DEBUG balancer.ContainerBalancerTask (ContainerBalancerTask.java:matchSourceWithTarget(708)) - ContainerBalancer is finding suitable target for source datanode 797bbabb-b155-4b3c-9269-904351f1475f
2023-08-30 06:49:51,683 [main] INFO  balancer.ContainerBalancerTask (ContainerBalancerTask.java:matchSourceWithTarget(722)) - ContainerBalancer matched source datanode 797bbabb-b155-4b3c-9269-904351f1475f with target datanode 374c7263-0814-4c9c-9dc7-1d0caf48846c for container move.
2023-08-30 06:49:51,683 [main] INFO  balancer.ContainerBalancerTask (ContainerBalancerTask.java:processMoveSelection(569)) - ContainerBalancer is trying to move container #40 with size 5368709120B from source datanode 797bbabb-b155-4b3c-9269-904351f1475f to target datanode 374c7263-0814-4c9c-9dc7-1d0caf48846c
2023-08-30 06:49:51,683 [main] DEBUG balancer.ContainerBalancerTask (ContainerBalancerTask.java:lambda$moveContainer$3(837)) - Container move completed for container #40 from source 797bbabb-b155-4b3c-9269-904351f1475f to target 374c7263-0814-4c9c-9dc7-1d0caf48846c
2023-08-30 06:49:51,686 [main] DEBUG balancer.ContainerBalancerTask (ContainerBalancerTask.java:matchSourceWithTarget(708)) - ContainerBalancer is finding suitable target for source datanode f9f675f8-ed02-4bdf-b170-fb56b24086ed
2023-08-30 06:49:51,686 [main] INFO  balancer.ContainerBalancerTask (ContainerBalancerTask.java:matchSourceWithTarget(722)) - ContainerBalancer matched source datanode f9f675f8-ed02-4bdf-b170-fb56b24086ed with target datanode 0ad19c25-7581-44f6-8931-f39b54f1be91 for container move.
2023-08-30 06:49:51,686 [main] INFO  balancer.ContainerBalancerTask (ContainerBalancerTask.java:processMoveSelection(569)) - ContainerBalancer is trying to move container #67 with size 4294967296B from source datanode f9f675f8-ed02-4bdf-b170-fb56b24086ed to target datanode 0ad19c25-7581-44f6-8931-f39b54f1be91
2023-08-30 06:49:51,686 [main] DEBUG balancer.ContainerBalancerTask (ContainerBalancerTask.java:lambda$moveContainer$3(837)) - Container move completed for container #67 from source f9f675f8-ed02-4bdf-b170-fb56b24086ed to target 0ad19c25-7581-44f6-8931-f39b54f1be91
2023-08-30 06:49:51,689 [main] DEBUG balancer.ContainerBalancerTask (ContainerBalancerTask.java:matchSourceWithTarget(708)) - ContainerBalancer is finding suitable target for source datanode ee4a3019-c944-40dd-939b-1d54b2f0c0f9
2023-08-30 06:49:51,689 [main] INFO  balancer.ContainerBalancerTask (ContainerBalancerTask.java:matchSourceWithTarget(722)) - ContainerBalancer matched source datanode ee4a3019-c944-40dd-939b-1d54b2f0c0f9 with target datanode 374c7263-0814-4c9c-9dc7-1d0caf48846c for container move.
2023-08-30 06:49:51,689 [main] INFO  balancer.ContainerBalancerTask (ContainerBalancerTask.java:processMoveSelection(569)) - ContainerBalancer is trying to move container #71 with size 3221225472B from source datanode ee4a3019-c944-40dd-939b-1d54b2f0c0f9 to target datanode 374c7263-0814-4c9c-9dc7-1d0caf48846c
2023-08-30 06:49:51,689 [main] DEBUG balancer.ContainerBalancerTask (ContainerBalancerTask.java:lambda$moveContainer$3(837)) - Container move completed for container #71 from source ee4a3019-c944-40dd-939b-1d54b2f0c0f9 to target 374c7263-0814-4c9c-9dc7-1d0caf48846c
2023-08-30 06:49:51,692 [main] DEBUG balancer.ContainerBalancerTask (ContainerBalancerTask.java:matchSourceWithTarget(708)) - ContainerBalancer is finding suitable target for source datanode 80d39a28-8246-4085-808e-b9ace595b388
2023-08-30 06:49:51,692 [main] INFO  balancer.ContainerBalancerTask (ContainerBalancerTask.java:matchSourceWithTarget(722)) - ContainerBalancer matched source datanode 80d39a28-8246-4085-808e-b9ace595b388 with target datanode 374c7263-0814-4c9c-9dc7-1d0caf48846c for container move.
2023-08-30 06:49:51,692 [main] INFO  balancer.ContainerBalancerTask (ContainerBalancerTask.java:processMoveSelection(569)) - ContainerBalancer is trying to move container #66 with size 3221225472B from source datanode 80d39a28-8246-4085-808e-b9ace595b388 to target datanode 374c7263-0814-4c9c-9dc7-1d0caf48846c
2023-08-30 06:49:51,692 [main] DEBUG balancer.ContainerBalancerTask (ContainerBalancerTask.java:lambda$moveContainer$3(837)) - Container move completed for container #66 from source 80d39a28-8246-4085-808e-b9ace595b388 to target 374c7263-0814-4c9c-9dc7-1d0caf48846c
2023-08-30 06:49:51,695 [main] DEBUG balancer.ContainerBalancerTask (ContainerBalancerTask.java:matchSourceWithTarget(708)) - ContainerBalancer is finding suitable target for source datanode 797bbabb-b155-4b3c-9269-904351f1475f
2023-08-30 06:49:51,695 [main] INFO  balancer.ContainerBalancerTask (ContainerBalancerTask.java:matchSourceWithTarget(722)) - ContainerBalancer matched source datanode 797bbabb-b155-4b3c-9269-904351f1475f with target datanode 374c7263-0814-4c9c-9dc7-1d0caf48846c for container move.
2023-08-30 06:49:51,695 [main] INFO  balancer.ContainerBalancerTask (ContainerBalancerTask.java:processMoveSelection(569)) - ContainerBalancer is trying to move container #36 with size 1073741824B from source datanode 797bbabb-b155-4b3c-9269-904351f1475f to target datanode 374c7263-0814-4c9c-9dc7-1d0caf48846c
2023-08-30 06:49:51,695 [main] DEBUG balancer.ContainerBalancerTask (ContainerBalancerTask.java:lambda$moveContainer$3(837)) - Container move completed for container #36 from source 797bbabb-b155-4b3c-9269-904351f1475f to target 374c7263-0814-4c9c-9dc7-1d0caf48846c
2023-08-30 06:49:51,695 [main] WARN  balancer.ContainerBalancerTask (ContainerBalancerTask.java:reachedMaxSizeToMovePerIteration(733)) - Reached max size to move limit. 53687091200 bytes have already been scheduled for balancing and the limit is 53687091200 bytes.
2023-08-30 06:49:51,695 [main] INFO  balancer.ContainerBalancerTask (ContainerBalancerTask.java:checkIterationMoveResults(642)) - Iteration Summary. Number of Datanodes involved: 7. Size moved: 50 GB (53687091200 Bytes). Number of Container moves completed: 13.
2023-08-30 06:49:51,695 [main] INFO  balancer.ContainerBalancerTask (ContainerBalancerTask.java:balance(259)) - Result of this iteration of Container Balancer: ITERATION_COMPLETED
2023-08-30 06:49:51,696 [main] INFO  balancer.ContainerBalancerTask (ContainerBalancerTask.java:tryStopWithSaveConfiguration(308)) - Save Configuration for stopping. Reason: Completed all iterations.
]]></system-out>
  </testcase>
  <testcase name="balancerShouldExcludeECContainersWhenLegacyRmIsEnabled" classname="org.apache.hadoop.hdds.scm.container.balancer.TestContainerBalancerTask" time="0.087">
    <system-out><![CDATA[2023-08-30 06:49:51,730 [main] INFO  net.NodeSchemaLoader (NodeSchemaLoader.java:loadSchemaFromFile(129)) - Loading schema from [file:/home/runner/work/ozone/ozone/hadoop-hdds/common/target/classes/network-topology-default.xml]
2023-08-30 06:49:51,731 [main] INFO  net.NodeSchemaLoader (NodeSchemaLoader.java:loadSchema(176)) - Loading network topology layer schema file
2023-08-30 06:49:51,732 [main] INFO  net.NetworkTopologyImpl (NetworkTopologyImpl.java:add(112)) - Added a new node: /default-rack/bede22d7-4946-47d9-a041-19a452f4afa6
2023-08-30 06:49:51,732 [main] INFO  net.NetworkTopologyImpl (NetworkTopologyImpl.java:add(112)) - Added a new node: /default-rack/846d0cbe-204d-4b29-b8d2-a5822805df21
2023-08-30 06:49:51,733 [main] INFO  net.NetworkTopologyImpl (NetworkTopologyImpl.java:add(112)) - Added a new node: /default-rack/5fc518ac-94b8-4615-bbd5-f2d8477774bd
2023-08-30 06:49:51,733 [main] INFO  net.NetworkTopologyImpl (NetworkTopologyImpl.java:add(112)) - Added a new node: /default-rack/98f2f394-1c3b-4e4e-a0f6-3b0ac717a51b
2023-08-30 06:49:51,733 [main] INFO  net.NetworkTopologyImpl (NetworkTopologyImpl.java:add(112)) - Added a new node: /default-rack/a96c05c1-ae28-4786-94c6-507d1b28b8f3
2023-08-30 06:49:51,733 [main] INFO  net.NetworkTopologyImpl (NetworkTopologyImpl.java:add(112)) - Added a new node: /default-rack/75dfac6e-736f-4d61-a685-73f403b540fd
2023-08-30 06:49:51,733 [main] INFO  net.NetworkTopologyImpl (NetworkTopologyImpl.java:add(112)) - Added a new node: /default-rack/004416f7-9f00-4283-99f4-3a9e5758c5ab
2023-08-30 06:49:51,733 [main] INFO  net.NetworkTopologyImpl (NetworkTopologyImpl.java:add(112)) - Added a new node: /default-rack/9e9313a4-7393-4767-b98b-255c389d6762
2023-08-30 06:49:51,733 [main] INFO  net.NetworkTopologyImpl (NetworkTopologyImpl.java:add(112)) - Added a new node: /default-rack/6c0cb3a9-306a-4b51-8d97-1206313d9c9e
2023-08-30 06:49:51,733 [main] INFO  net.NetworkTopologyImpl (NetworkTopologyImpl.java:add(112)) - Added a new node: /default-rack/ea5e29b7-c1b6-4a04-981b-ab03342d44f3
2023-08-30 06:49:51,733 [main] INFO  algorithms.ContainerPlacementPolicyFactory (ContainerPlacementPolicyFactory.java:getPolicyInternal(86)) - Create container placement policy of type org.apache.hadoop.hdds.scm.container.placement.algorithms.SCMContainerPlacementRackAware
2023-08-30 06:49:51,734 [main] INFO  algorithms.ContainerPlacementPolicyFactory (ContainerPlacementPolicyFactory.java:getPolicyInternal(86)) - Create container placement policy of type org.apache.hadoop.hdds.scm.container.placement.algorithms.SCMContainerPlacementRackScatter
2023-08-30 06:49:51,737 [main] DEBUG balancer.ContainerBalancerTask (ContainerBalancerTask.java:initializeIteration(374)) - Average utilization of the cluster is 0.3424517794131395
2023-08-30 06:49:51,737 [main] DEBUG balancer.ContainerBalancerTask (ContainerBalancerTask.java:initializeIteration(386)) - Lower limit for utilization is 0.24245177941313947 and Upper limit for utilization is 0.4424517794131395
2023-08-30 06:49:51,737 [main] DEBUG balancer.ContainerBalancerTask (ContainerBalancerTask.java:initializeIteration(398)) - Utilization for node 6c0cb3a9-306a-4b51-8d97-1206313d9c9e with capacity 58459277084B, used 52613349376B, and remaining 5845927708B is 0.9000000000068423
2023-08-30 06:49:51,737 [main] DEBUG balancer.ContainerBalancerTask (ContainerBalancerTask.java:initializeIteration(398)) - Utilization for node 9e9313a4-7393-4767-b98b-255c389d6762 with capacity 73819750400B, used 59055800320B, and remaining 14763950080B is 0.8
2023-08-30 06:49:51,737 [main] DEBUG balancer.ContainerBalancerTask (ContainerBalancerTask.java:initializeIteration(398)) - Utilization for node a96c05c1-ae28-4786-94c6-507d1b28b8f3 with capacity 67492343222B, used 47244640256B, and remaining 20247702966B is 0.7000000000088898
2023-08-30 06:49:51,737 [main] DEBUG balancer.ContainerBalancerTask (ContainerBalancerTask.java:initializeIteration(398)) - Utilization for node bede22d7-4946-47d9-a041-19a452f4afa6 with capacity 94847194453B, used 56908316672B, and remaining 37938877781B is 0.6000000000021086
2023-08-30 06:49:51,737 [main] DEBUG balancer.ContainerBalancerTask (ContainerBalancerTask.java:initializeIteration(398)) - Utilization for node 98f2f394-1c3b-4e4e-a0f6-3b0ac717a51b with capacity 98784247808B, used 49392123904B, and remaining 49392123904B is 0.5
2023-08-30 06:49:51,738 [main] DEBUG balancer.ContainerBalancerTask (ContainerBalancerTask.java:initializeIteration(398)) - Utilization for node 75dfac6e-736f-4d61-a685-73f403b540fd with capacity 88583700480B, used 35433480192B, and remaining 53150220288B is 0.4
2023-08-30 06:49:51,738 [main] DEBUG balancer.ContainerBalancerTask (ContainerBalancerTask.java:initializeIteration(398)) - Utilization for node ea5e29b7-c1b6-4a04-981b-ab03342d44f3 with capacity 128849018880B, used 38654705664B, and remaining 90194313216B is 0.3
2023-08-30 06:49:51,738 [main] DEBUG balancer.ContainerBalancerTask (ContainerBalancerTask.java:initializeIteration(398)) - Utilization for node 5fc518ac-94b8-4615-bbd5-f2d8477774bd with capacity 123480309760B, used 24696061952B, and remaining 98784247808B is 0.2
2023-08-30 06:49:51,738 [main] DEBUG balancer.ContainerBalancerTask (ContainerBalancerTask.java:initializeIteration(398)) - Utilization for node 846d0cbe-204d-4b29-b8d2-a5822805df21 with capacity 408021893120B, used 40802189312B, and remaining 367219703808B is 0.1
2023-08-30 06:49:51,738 [main] DEBUG balancer.ContainerBalancerTask (ContainerBalancerTask.java:initializeIteration(398)) - Utilization for node 004416f7-9f00-4283-99f4-3a9e5758c5ab with capacity 39728447488B, used 0B, and remaining 39728447488B is 0.0
2023-08-30 06:49:51,738 [main] INFO  balancer.ContainerBalancerTask (ContainerBalancerTask.java:initializeIteration(447)) - Container Balancer has identified 5 Over-Utilized and 3 Under-Utilized Datanodes that need to be balanced.
2023-08-30 06:49:51,738 [main] DEBUG balancer.ContainerBalancerTask (ContainerBalancerTask.java:lambda$initializeIteration$1(453)) - Datanode localhost-179.166.117.136 6c0cb3a9-306a-4b51-8d97-1206313d9c9e is Over-Utilized.
2023-08-30 06:49:51,738 [main] DEBUG balancer.ContainerBalancerTask (ContainerBalancerTask.java:lambda$initializeIteration$1(453)) - Datanode localhost-50.21.146.166 9e9313a4-7393-4767-b98b-255c389d6762 is Over-Utilized.
2023-08-30 06:49:51,738 [main] DEBUG balancer.ContainerBalancerTask (ContainerBalancerTask.java:lambda$initializeIteration$1(453)) - Datanode localhost-156.103.151.82 a96c05c1-ae28-4786-94c6-507d1b28b8f3 is Over-Utilized.
2023-08-30 06:49:51,738 [main] DEBUG balancer.ContainerBalancerTask (ContainerBalancerTask.java:lambda$initializeIteration$1(453)) - Datanode localhost-116.140.150.184 bede22d7-4946-47d9-a041-19a452f4afa6 is Over-Utilized.
2023-08-30 06:49:51,738 [main] DEBUG balancer.ContainerBalancerTask (ContainerBalancerTask.java:lambda$initializeIteration$1(453)) - Datanode localhost-96.38.176.221 98f2f394-1c3b-4e4e-a0f6-3b0ac717a51b is Over-Utilized.
2023-08-30 06:49:51,739 [main] DEBUG balancer.ContainerBalancerTask (ContainerBalancerTask.java:lambda$initializeIteration$2(459)) - Datanode localhost-198.199.203.249 004416f7-9f00-4283-99f4-3a9e5758c5ab is Under-Utilized.
2023-08-30 06:49:51,739 [main] DEBUG balancer.ContainerBalancerTask (ContainerBalancerTask.java:lambda$initializeIteration$2(459)) - Datanode localhost-184.199.7.51 846d0cbe-204d-4b29-b8d2-a5822805df21 is Under-Utilized.
2023-08-30 06:49:51,739 [main] DEBUG balancer.ContainerBalancerTask (ContainerBalancerTask.java:lambda$initializeIteration$2(459)) - Datanode localhost-135.188.205.11 5fc518ac-94b8-4615-bbd5-f2d8477774bd is Under-Utilized.
2023-08-30 06:49:51,741 [main] DEBUG balancer.ContainerBalancerTask (ContainerBalancerTask.java:matchSourceWithTarget(708)) - ContainerBalancer is finding suitable target for source datanode 6c0cb3a9-306a-4b51-8d97-1206313d9c9e
2023-08-30 06:49:51,742 [main] INFO  balancer.ContainerBalancerTask (ContainerBalancerTask.java:matchSourceWithTarget(722)) - ContainerBalancer matched source datanode 6c0cb3a9-306a-4b51-8d97-1206313d9c9e with target datanode 004416f7-9f00-4283-99f4-3a9e5758c5ab for container move.
2023-08-30 06:49:51,742 [main] INFO  balancer.ContainerBalancerTask (ContainerBalancerTask.java:processMoveSelection(569)) - ContainerBalancer is trying to move container #84 with size 4294967296B from source datanode 6c0cb3a9-306a-4b51-8d97-1206313d9c9e to target datanode 004416f7-9f00-4283-99f4-3a9e5758c5ab
2023-08-30 06:49:51,742 [main] DEBUG balancer.ContainerBalancerTask (ContainerBalancerTask.java:lambda$moveContainer$3(837)) - Container move completed for container #84 from source 6c0cb3a9-306a-4b51-8d97-1206313d9c9e to target 004416f7-9f00-4283-99f4-3a9e5758c5ab
2023-08-30 06:49:51,745 [main] DEBUG balancer.ContainerBalancerTask (ContainerBalancerTask.java:matchSourceWithTarget(708)) - ContainerBalancer is finding suitable target for source datanode 6c0cb3a9-306a-4b51-8d97-1206313d9c9e
2023-08-30 06:49:51,745 [main] INFO  balancer.ContainerBalancerTask (ContainerBalancerTask.java:matchSourceWithTarget(722)) - ContainerBalancer matched source datanode 6c0cb3a9-306a-4b51-8d97-1206313d9c9e with target datanode 846d0cbe-204d-4b29-b8d2-a5822805df21 for container move.
2023-08-30 06:49:51,745 [main] INFO  balancer.ContainerBalancerTask (ContainerBalancerTask.java:processMoveSelection(569)) - ContainerBalancer is trying to move container #50 with size 2147483648B from source datanode 6c0cb3a9-306a-4b51-8d97-1206313d9c9e to target datanode 846d0cbe-204d-4b29-b8d2-a5822805df21
2023-08-30 06:49:51,745 [main] DEBUG balancer.ContainerBalancerTask (ContainerBalancerTask.java:lambda$moveContainer$3(837)) - Container move completed for container #50 from source 6c0cb3a9-306a-4b51-8d97-1206313d9c9e to target 846d0cbe-204d-4b29-b8d2-a5822805df21
2023-08-30 06:49:51,748 [main] DEBUG balancer.ContainerBalancerTask (ContainerBalancerTask.java:matchSourceWithTarget(708)) - ContainerBalancer is finding suitable target for source datanode 9e9313a4-7393-4767-b98b-255c389d6762
2023-08-30 06:49:51,748 [main] INFO  balancer.ContainerBalancerTask (ContainerBalancerTask.java:matchSourceWithTarget(722)) - ContainerBalancer matched source datanode 9e9313a4-7393-4767-b98b-255c389d6762 with target datanode 846d0cbe-204d-4b29-b8d2-a5822805df21 for container move.
2023-08-30 06:49:51,749 [main] INFO  balancer.ContainerBalancerTask (ContainerBalancerTask.java:processMoveSelection(569)) - ContainerBalancer is trying to move container #68 with size 5368709120B from source datanode 9e9313a4-7393-4767-b98b-255c389d6762 to target datanode 846d0cbe-204d-4b29-b8d2-a5822805df21
2023-08-30 06:49:51,749 [main] DEBUG balancer.ContainerBalancerTask (ContainerBalancerTask.java:lambda$moveContainer$3(837)) - Container move completed for container #68 from source 9e9313a4-7393-4767-b98b-255c389d6762 to target 846d0cbe-204d-4b29-b8d2-a5822805df21
2023-08-30 06:49:51,752 [main] DEBUG balancer.ContainerBalancerTask (ContainerBalancerTask.java:matchSourceWithTarget(708)) - ContainerBalancer is finding suitable target for source datanode 6c0cb3a9-306a-4b51-8d97-1206313d9c9e
2023-08-30 06:49:51,752 [main] INFO  balancer.ContainerBalancerTask (ContainerBalancerTask.java:matchSourceWithTarget(722)) - ContainerBalancer matched source datanode 6c0cb3a9-306a-4b51-8d97-1206313d9c9e with target datanode 004416f7-9f00-4283-99f4-3a9e5758c5ab for container move.
2023-08-30 06:49:51,752 [main] INFO  balancer.ContainerBalancerTask (ContainerBalancerTask.java:processMoveSelection(569)) - ContainerBalancer is trying to move container #88 with size 3221225472B from source datanode 6c0cb3a9-306a-4b51-8d97-1206313d9c9e to target datanode 004416f7-9f00-4283-99f4-3a9e5758c5ab
2023-08-30 06:49:51,752 [main] DEBUG balancer.ContainerBalancerTask (ContainerBalancerTask.java:lambda$moveContainer$3(837)) - Container move completed for container #88 from source 6c0cb3a9-306a-4b51-8d97-1206313d9c9e to target 004416f7-9f00-4283-99f4-3a9e5758c5ab
2023-08-30 06:49:51,755 [main] DEBUG balancer.ContainerBalancerTask (ContainerBalancerTask.java:matchSourceWithTarget(708)) - ContainerBalancer is finding suitable target for source datanode 6c0cb3a9-306a-4b51-8d97-1206313d9c9e
2023-08-30 06:49:51,755 [main] INFO  balancer.ContainerBalancerTask (ContainerBalancerTask.java:matchSourceWithTarget(722)) - ContainerBalancer matched source datanode 6c0cb3a9-306a-4b51-8d97-1206313d9c9e with target datanode 846d0cbe-204d-4b29-b8d2-a5822805df21 for container move.
2023-08-30 06:49:51,755 [main] INFO  balancer.ContainerBalancerTask (ContainerBalancerTask.java:processMoveSelection(569)) - ContainerBalancer is trying to move container #10 with size 2147483648B from source datanode 6c0cb3a9-306a-4b51-8d97-1206313d9c9e to target datanode 846d0cbe-204d-4b29-b8d2-a5822805df21
2023-08-30 06:49:51,756 [main] DEBUG balancer.ContainerBalancerTask (ContainerBalancerTask.java:lambda$moveContainer$3(837)) - Container move completed for container #10 from source 6c0cb3a9-306a-4b51-8d97-1206313d9c9e to target 846d0cbe-204d-4b29-b8d2-a5822805df21
2023-08-30 06:49:51,759 [main] DEBUG balancer.ContainerBalancerTask (ContainerBalancerTask.java:matchSourceWithTarget(708)) - ContainerBalancer is finding suitable target for source datanode 9e9313a4-7393-4767-b98b-255c389d6762
2023-08-30 06:49:51,760 [main] INFO  balancer.ContainerBalancerTask (ContainerBalancerTask.java:matchSourceWithTarget(722)) - ContainerBalancer matched source datanode 9e9313a4-7393-4767-b98b-255c389d6762 with target datanode 846d0cbe-204d-4b29-b8d2-a5822805df21 for container move.
2023-08-30 06:49:51,760 [main] INFO  balancer.ContainerBalancerTask (ContainerBalancerTask.java:processMoveSelection(569)) - ContainerBalancer is trying to move container #64 with size 1073741824B from source datanode 9e9313a4-7393-4767-b98b-255c389d6762 to target datanode 846d0cbe-204d-4b29-b8d2-a5822805df21
2023-08-30 06:49:51,760 [main] DEBUG balancer.ContainerBalancerTask (ContainerBalancerTask.java:lambda$moveContainer$3(837)) - Container move completed for container #64 from source 9e9313a4-7393-4767-b98b-255c389d6762 to target 846d0cbe-204d-4b29-b8d2-a5822805df21
2023-08-30 06:49:51,763 [main] DEBUG balancer.ContainerBalancerTask (ContainerBalancerTask.java:matchSourceWithTarget(708)) - ContainerBalancer is finding suitable target for source datanode 9e9313a4-7393-4767-b98b-255c389d6762
2023-08-30 06:49:51,764 [main] INFO  balancer.ContainerBalancerTask (ContainerBalancerTask.java:matchSourceWithTarget(722)) - ContainerBalancer matched source datanode 9e9313a4-7393-4767-b98b-255c389d6762 with target datanode 004416f7-9f00-4283-99f4-3a9e5758c5ab for container move.
2023-08-30 06:49:51,764 [main] INFO  balancer.ContainerBalancerTask (ContainerBalancerTask.java:processMoveSelection(569)) - ContainerBalancer is trying to move container #66 with size 3221225472B from source datanode 9e9313a4-7393-4767-b98b-255c389d6762 to target datanode 004416f7-9f00-4283-99f4-3a9e5758c5ab
2023-08-30 06:49:51,764 [main] DEBUG balancer.ContainerBalancerTask (ContainerBalancerTask.java:lambda$moveContainer$3(837)) - Container move completed for container #66 from source 9e9313a4-7393-4767-b98b-255c389d6762 to target 004416f7-9f00-4283-99f4-3a9e5758c5ab
2023-08-30 06:49:51,766 [main] DEBUG balancer.ContainerBalancerTask (ContainerBalancerTask.java:matchSourceWithTarget(708)) - ContainerBalancer is finding suitable target for source datanode a96c05c1-ae28-4786-94c6-507d1b28b8f3
2023-08-30 06:49:51,767 [main] INFO  balancer.ContainerBalancerTask (ContainerBalancerTask.java:matchSourceWithTarget(722)) - ContainerBalancer matched source datanode a96c05c1-ae28-4786-94c6-507d1b28b8f3 with target datanode 5fc518ac-94b8-4615-bbd5-f2d8477774bd for container move.
2023-08-30 06:49:51,767 [main] INFO  balancer.ContainerBalancerTask (ContainerBalancerTask.java:processMoveSelection(569)) - ContainerBalancer is trying to move container #52 with size 4294967296B from source datanode a96c05c1-ae28-4786-94c6-507d1b28b8f3 to target datanode 5fc518ac-94b8-4615-bbd5-f2d8477774bd
2023-08-30 06:49:51,767 [main] DEBUG balancer.ContainerBalancerTask (ContainerBalancerTask.java:lambda$moveContainer$3(837)) - Container move completed for container #52 from source a96c05c1-ae28-4786-94c6-507d1b28b8f3 to target 5fc518ac-94b8-4615-bbd5-f2d8477774bd
2023-08-30 06:49:51,770 [main] DEBUG balancer.ContainerBalancerTask (ContainerBalancerTask.java:matchSourceWithTarget(708)) - ContainerBalancer is finding suitable target for source datanode 6c0cb3a9-306a-4b51-8d97-1206313d9c9e
2023-08-30 06:49:51,771 [main] INFO  balancer.ContainerBalancerTask (ContainerBalancerTask.java:matchSourceWithTarget(722)) - ContainerBalancer matched source datanode 6c0cb3a9-306a-4b51-8d97-1206313d9c9e with target datanode 5fc518ac-94b8-4615-bbd5-f2d8477774bd for container move.
2023-08-30 06:49:51,771 [main] INFO  balancer.ContainerBalancerTask (ContainerBalancerTask.java:processMoveSelection(569)) - ContainerBalancer is trying to move container #82 with size 2147483648B from source datanode 6c0cb3a9-306a-4b51-8d97-1206313d9c9e to target datanode 5fc518ac-94b8-4615-bbd5-f2d8477774bd
2023-08-30 06:49:51,771 [main] DEBUG balancer.ContainerBalancerTask (ContainerBalancerTask.java:lambda$moveContainer$3(837)) - Container move completed for container #82 from source 6c0cb3a9-306a-4b51-8d97-1206313d9c9e to target 5fc518ac-94b8-4615-bbd5-f2d8477774bd
2023-08-30 06:49:51,775 [main] DEBUG balancer.ContainerBalancerTask (ContainerBalancerTask.java:matchSourceWithTarget(708)) - ContainerBalancer is finding suitable target for source datanode 9e9313a4-7393-4767-b98b-255c389d6762
2023-08-30 06:49:51,775 [main] INFO  balancer.ContainerBalancerTask (ContainerBalancerTask.java:matchSourceWithTarget(722)) - ContainerBalancer matched source datanode 9e9313a4-7393-4767-b98b-255c389d6762 with target datanode 5fc518ac-94b8-4615-bbd5-f2d8477774bd for container move.
2023-08-30 06:49:51,775 [main] INFO  balancer.ContainerBalancerTask (ContainerBalancerTask.java:processMoveSelection(569)) - ContainerBalancer is trying to move container #28 with size 4294967296B from source datanode 9e9313a4-7393-4767-b98b-255c389d6762 to target datanode 5fc518ac-94b8-4615-bbd5-f2d8477774bd
2023-08-30 06:49:51,775 [main] DEBUG balancer.ContainerBalancerTask (ContainerBalancerTask.java:lambda$moveContainer$3(837)) - Container move completed for container #28 from source 9e9313a4-7393-4767-b98b-255c389d6762 to target 5fc518ac-94b8-4615-bbd5-f2d8477774bd
2023-08-30 06:49:51,778 [main] DEBUG balancer.ContainerBalancerTask (ContainerBalancerTask.java:matchSourceWithTarget(708)) - ContainerBalancer is finding suitable target for source datanode 6c0cb3a9-306a-4b51-8d97-1206313d9c9e
2023-08-30 06:49:51,778 [main] INFO  balancer.FindTargetGreedyByUsageInfo (AbstractFindTargetGreedy.java:findTargetForContainerMove(133)) - Container Balancer could not find a target for source datanode 6c0cb3a9-306a-4b51-8d97-1206313d9c9e
2023-08-30 06:49:51,778 [main] DEBUG balancer.ContainerBalancerTask (ContainerBalancerTask.java:matchSourceWithTarget(717)) - ContainerBalancer could not find a suitable target for source node 6c0cb3a9-306a-4b51-8d97-1206313d9c9e.
2023-08-30 06:49:51,782 [main] DEBUG balancer.ContainerBalancerTask (ContainerBalancerTask.java:matchSourceWithTarget(708)) - ContainerBalancer is finding suitable target for source datanode a96c05c1-ae28-4786-94c6-507d1b28b8f3
2023-08-30 06:49:51,782 [main] INFO  balancer.FindTargetGreedyByUsageInfo (AbstractFindTargetGreedy.java:findTargetForContainerMove(133)) - Container Balancer could not find a target for source datanode a96c05c1-ae28-4786-94c6-507d1b28b8f3
2023-08-30 06:49:51,782 [main] DEBUG balancer.ContainerBalancerTask (ContainerBalancerTask.java:matchSourceWithTarget(717)) - ContainerBalancer could not find a suitable target for source node a96c05c1-ae28-4786-94c6-507d1b28b8f3.
2023-08-30 06:49:51,785 [main] DEBUG balancer.ContainerBalancerTask (ContainerBalancerTask.java:matchSourceWithTarget(708)) - ContainerBalancer is finding suitable target for source datanode 9e9313a4-7393-4767-b98b-255c389d6762
2023-08-30 06:49:51,785 [main] INFO  balancer.FindTargetGreedyByUsageInfo (AbstractFindTargetGreedy.java:findTargetForContainerMove(133)) - Container Balancer could not find a target for source datanode 9e9313a4-7393-4767-b98b-255c389d6762
2023-08-30 06:49:51,785 [main] DEBUG balancer.ContainerBalancerTask (ContainerBalancerTask.java:matchSourceWithTarget(717)) - ContainerBalancer could not find a suitable target for source node 9e9313a4-7393-4767-b98b-255c389d6762.
2023-08-30 06:49:51,789 [main] DEBUG balancer.ContainerBalancerTask (ContainerBalancerTask.java:matchSourceWithTarget(708)) - ContainerBalancer is finding suitable target for source datanode bede22d7-4946-47d9-a041-19a452f4afa6
2023-08-30 06:49:51,789 [main] INFO  balancer.FindTargetGreedyByUsageInfo (AbstractFindTargetGreedy.java:findTargetForContainerMove(133)) - Container Balancer could not find a target for source datanode bede22d7-4946-47d9-a041-19a452f4afa6
2023-08-30 06:49:51,789 [main] DEBUG balancer.ContainerBalancerTask (ContainerBalancerTask.java:matchSourceWithTarget(717)) - ContainerBalancer could not find a suitable target for source node bede22d7-4946-47d9-a041-19a452f4afa6.
2023-08-30 06:49:51,793 [main] DEBUG balancer.ContainerBalancerTask (ContainerBalancerTask.java:matchSourceWithTarget(708)) - ContainerBalancer is finding suitable target for source datanode 98f2f394-1c3b-4e4e-a0f6-3b0ac717a51b
2023-08-30 06:49:51,793 [main] INFO  balancer.FindTargetGreedyByUsageInfo (AbstractFindTargetGreedy.java:findTargetForContainerMove(133)) - Container Balancer could not find a target for source datanode 98f2f394-1c3b-4e4e-a0f6-3b0ac717a51b
2023-08-30 06:49:51,793 [main] DEBUG balancer.ContainerBalancerTask (ContainerBalancerTask.java:matchSourceWithTarget(717)) - ContainerBalancer could not find a suitable target for source node 98f2f394-1c3b-4e4e-a0f6-3b0ac717a51b.
2023-08-30 06:49:51,793 [main] INFO  balancer.FindSourceGreedy (FindSourceGreedy.java:getNextCandidateSourceDataNode(126)) - no more candidate source data node
2023-08-30 06:49:51,793 [main] INFO  balancer.ContainerBalancerTask (ContainerBalancerTask.java:checkIterationMoveResults(642)) - Iteration Summary. Number of Datanodes involved: 6. Size moved: 30 GB (32212254720 Bytes). Number of Container moves completed: 10.
2023-08-30 06:49:51,793 [main] INFO  balancer.ContainerBalancerTask (ContainerBalancerTask.java:balance(259)) - Result of this iteration of Container Balancer: ITERATION_COMPLETED
2023-08-30 06:49:51,793 [main] INFO  balancer.ContainerBalancerTask (ContainerBalancerTask.java:tryStopWithSaveConfiguration(308)) - Save Configuration for stopping. Reason: Completed all iterations.
]]></system-out>
  </testcase>
  <testcase name="testMetrics" classname="org.apache.hadoop.hdds.scm.container.balancer.TestContainerBalancerTask" time="0.044">
    <system-out><![CDATA[2023-08-30 06:49:51,819 [main] INFO  net.NodeSchemaLoader (NodeSchemaLoader.java:loadSchemaFromFile(129)) - Loading schema from [file:/home/runner/work/ozone/ozone/hadoop-hdds/common/target/classes/network-topology-default.xml]
2023-08-30 06:49:51,819 [main] INFO  net.NodeSchemaLoader (NodeSchemaLoader.java:loadSchema(176)) - Loading network topology layer schema file
2023-08-30 06:49:51,821 [main] INFO  net.NetworkTopologyImpl (NetworkTopologyImpl.java:add(112)) - Added a new node: /default-rack/3d5c07d8-d298-4ef0-86b1-4f370ca1aa7a
2023-08-30 06:49:51,821 [main] INFO  net.NetworkTopologyImpl (NetworkTopologyImpl.java:add(112)) - Added a new node: /default-rack/b0ba4821-01fd-49c1-9c2b-f6066ec0432e
2023-08-30 06:49:51,821 [main] INFO  net.NetworkTopologyImpl (NetworkTopologyImpl.java:add(112)) - Added a new node: /default-rack/2788a88b-2fb9-40c3-8362-60e34dcd4cc0
2023-08-30 06:49:51,821 [main] INFO  net.NetworkTopologyImpl (NetworkTopologyImpl.java:add(112)) - Added a new node: /default-rack/fecfa039-004f-4fbe-ad10-6519b9d4847c
2023-08-30 06:49:51,821 [main] INFO  net.NetworkTopologyImpl (NetworkTopologyImpl.java:add(112)) - Added a new node: /default-rack/beebb010-fa6f-49e5-9792-6e5bf8f35dbd
2023-08-30 06:49:51,821 [main] INFO  net.NetworkTopologyImpl (NetworkTopologyImpl.java:add(112)) - Added a new node: /default-rack/c0982df6-60fd-4e0f-ad5b-9b14376a3fdf
2023-08-30 06:49:51,822 [main] INFO  net.NetworkTopologyImpl (NetworkTopologyImpl.java:add(112)) - Added a new node: /default-rack/4e6fbf2c-09b8-49cb-b4b9-069443fbdf4e
2023-08-30 06:49:51,822 [main] INFO  net.NetworkTopologyImpl (NetworkTopologyImpl.java:add(112)) - Added a new node: /default-rack/e90f372f-57d2-4211-9a73-e59569340b3a
2023-08-30 06:49:51,822 [main] INFO  net.NetworkTopologyImpl (NetworkTopologyImpl.java:add(112)) - Added a new node: /default-rack/41af01f1-d5f8-4223-a0a3-42c19e1f3e13
2023-08-30 06:49:51,822 [main] INFO  net.NetworkTopologyImpl (NetworkTopologyImpl.java:add(112)) - Added a new node: /default-rack/d190aca2-7a91-4739-b0fb-f3f888618c05
2023-08-30 06:49:51,822 [main] INFO  algorithms.ContainerPlacementPolicyFactory (ContainerPlacementPolicyFactory.java:getPolicyInternal(86)) - Create container placement policy of type org.apache.hadoop.hdds.scm.container.placement.algorithms.SCMContainerPlacementRackAware
2023-08-30 06:49:51,822 [main] INFO  algorithms.ContainerPlacementPolicyFactory (ContainerPlacementPolicyFactory.java:getPolicyInternal(86)) - Create container placement policy of type org.apache.hadoop.hdds.scm.container.placement.algorithms.SCMContainerPlacementRackScatter
2023-08-30 06:49:51,826 [main] DEBUG balancer.ContainerBalancerTask (ContainerBalancerTask.java:initializeIteration(374)) - Average utilization of the cluster is 0.3060376126049232
2023-08-30 06:49:51,826 [main] DEBUG balancer.ContainerBalancerTask (ContainerBalancerTask.java:initializeIteration(386)) - Lower limit for utilization is 0.20603761260492318 and Upper limit for utilization is 0.4060376126049232
2023-08-30 06:49:51,826 [main] DEBUG balancer.ContainerBalancerTask (ContainerBalancerTask.java:initializeIteration(398)) - Utilization for node 41af01f1-d5f8-4223-a0a3-42c19e1f3e13 with capacity 54880137671B, used 49392123904B, and remaining 5488013767B is 0.9000000000018221
2023-08-30 06:49:51,826 [main] DEBUG balancer.ContainerBalancerTask (ContainerBalancerTask.java:initializeIteration(398)) - Utilization for node 3d5c07d8-d298-4ef0-86b1-4f370ca1aa7a with capacity 71135395840B, used 56908316672B, and remaining 14227079168B is 0.8
2023-08-30 06:49:51,826 [main] DEBUG balancer.ContainerBalancerTask (ContainerBalancerTask.java:initializeIteration(398)) - Utilization for node 4e6fbf2c-09b8-49cb-b4b9-069443fbdf4e with capacity 58288841874B, used 40802189312B, and remaining 17486652562B is 0.7000000000034312
2023-08-30 06:49:51,826 [main] DEBUG balancer.ContainerBalancerTask (ContainerBalancerTask.java:initializeIteration(398)) - Utilization for node c0982df6-60fd-4e0f-ad5b-9b14376a3fdf with capacity 59055800320B, used 35433480192B, and remaining 23622320128B is 0.6
2023-08-30 06:49:51,827 [main] DEBUG balancer.ContainerBalancerTask (ContainerBalancerTask.java:initializeIteration(398)) - Utilization for node beebb010-fa6f-49e5-9792-6e5bf8f35dbd with capacity 70866960384B, used 35433480192B, and remaining 35433480192B is 0.5
2023-08-30 06:49:51,827 [main] DEBUG balancer.ContainerBalancerTask (ContainerBalancerTask.java:initializeIteration(398)) - Utilization for node e90f372f-57d2-4211-9a73-e59569340b3a with capacity 110058536960B, used 44023414784B, and remaining 66035122176B is 0.4
2023-08-30 06:49:51,827 [main] DEBUG balancer.ContainerBalancerTask (ContainerBalancerTask.java:initializeIteration(398)) - Utilization for node 2788a88b-2fb9-40c3-8362-60e34dcd4cc0 with capacity 153902994773B, used 46170898432B, and remaining 107732096341B is 0.30000000000064975
2023-08-30 06:49:51,827 [main] DEBUG balancer.ContainerBalancerTask (ContainerBalancerTask.java:initializeIteration(398)) - Utilization for node d190aca2-7a91-4739-b0fb-f3f888618c05 with capacity 289910292480B, used 57982058496B, and remaining 231928233984B is 0.2
2023-08-30 06:49:51,827 [main] DEBUG balancer.ContainerBalancerTask (ContainerBalancerTask.java:initializeIteration(398)) - Utilization for node fecfa039-004f-4fbe-ad10-6519b9d4847c with capacity 450971566080B, used 45097156608B, and remaining 405874409472B is 0.1
2023-08-30 06:49:51,827 [main] DEBUG balancer.ContainerBalancerTask (ContainerBalancerTask.java:initializeIteration(398)) - Utilization for node b0ba4821-01fd-49c1-9c2b-f6066ec0432e with capacity 24696061952B, used 0B, and remaining 24696061952B is 0.0
2023-08-30 06:49:51,828 [main] INFO  balancer.ContainerBalancerTask (ContainerBalancerTask.java:initializeIteration(447)) - Container Balancer has identified 5 Over-Utilized and 3 Under-Utilized Datanodes that need to be balanced.
2023-08-30 06:49:51,828 [main] DEBUG balancer.ContainerBalancerTask (ContainerBalancerTask.java:lambda$initializeIteration$1(453)) - Datanode localhost-241.177.64.113 41af01f1-d5f8-4223-a0a3-42c19e1f3e13 is Over-Utilized.
2023-08-30 06:49:51,828 [main] DEBUG balancer.ContainerBalancerTask (ContainerBalancerTask.java:lambda$initializeIteration$1(453)) - Datanode localhost-141.67.99.125 3d5c07d8-d298-4ef0-86b1-4f370ca1aa7a is Over-Utilized.
2023-08-30 06:49:51,828 [main] DEBUG balancer.ContainerBalancerTask (ContainerBalancerTask.java:lambda$initializeIteration$1(453)) - Datanode localhost-27.208.2.82 4e6fbf2c-09b8-49cb-b4b9-069443fbdf4e is Over-Utilized.
2023-08-30 06:49:51,828 [main] DEBUG balancer.ContainerBalancerTask (ContainerBalancerTask.java:lambda$initializeIteration$1(453)) - Datanode localhost-179.8.39.100 c0982df6-60fd-4e0f-ad5b-9b14376a3fdf is Over-Utilized.
2023-08-30 06:49:51,828 [main] DEBUG balancer.ContainerBalancerTask (ContainerBalancerTask.java:lambda$initializeIteration$1(453)) - Datanode localhost-235.59.82.94 beebb010-fa6f-49e5-9792-6e5bf8f35dbd is Over-Utilized.
2023-08-30 06:49:51,828 [main] DEBUG balancer.ContainerBalancerTask (ContainerBalancerTask.java:lambda$initializeIteration$2(459)) - Datanode localhost-110.132.92.99 b0ba4821-01fd-49c1-9c2b-f6066ec0432e is Under-Utilized.
2023-08-30 06:49:51,828 [main] DEBUG balancer.ContainerBalancerTask (ContainerBalancerTask.java:lambda$initializeIteration$2(459)) - Datanode localhost-33.87.159.69 fecfa039-004f-4fbe-ad10-6519b9d4847c is Under-Utilized.
2023-08-30 06:49:51,828 [main] DEBUG balancer.ContainerBalancerTask (ContainerBalancerTask.java:lambda$initializeIteration$2(459)) - Datanode localhost-155.204.56.75 d190aca2-7a91-4739-b0fb-f3f888618c05 is Under-Utilized.
2023-08-30 06:49:51,830 [main] DEBUG balancer.ContainerBalancerTask (ContainerBalancerTask.java:matchSourceWithTarget(708)) - ContainerBalancer is finding suitable target for source datanode 41af01f1-d5f8-4223-a0a3-42c19e1f3e13
2023-08-30 06:49:51,831 [main] INFO  balancer.ContainerBalancerTask (ContainerBalancerTask.java:matchSourceWithTarget(722)) - ContainerBalancer matched source datanode 41af01f1-d5f8-4223-a0a3-42c19e1f3e13 with target datanode b0ba4821-01fd-49c1-9c2b-f6066ec0432e for container move.
2023-08-30 06:49:51,831 [main] INFO  balancer.ContainerBalancerTask (ContainerBalancerTask.java:processMoveSelection(569)) - ContainerBalancer is trying to move container #85 with size 5368709120B from source datanode 41af01f1-d5f8-4223-a0a3-42c19e1f3e13 to target datanode b0ba4821-01fd-49c1-9c2b-f6066ec0432e
2023-08-30 06:49:51,831 [main] WARN  balancer.ContainerBalancerTask (ContainerBalancerTask.java:lambda$moveContainer$3(842)) - Container move for container #85 from source 41af01f1-d5f8-4223-a0a3-42c19e1f3e13 to target b0ba4821-01fd-49c1-9c2b-f6066ec0432e failed: REPLICATION_FAIL_NODE_UNHEALTHY
2023-08-30 06:49:51,834 [main] DEBUG balancer.ContainerBalancerTask (ContainerBalancerTask.java:matchSourceWithTarget(708)) - ContainerBalancer is finding suitable target for source datanode 3d5c07d8-d298-4ef0-86b1-4f370ca1aa7a
2023-08-30 06:49:51,835 [main] INFO  balancer.ContainerBalancerTask (ContainerBalancerTask.java:matchSourceWithTarget(722)) - ContainerBalancer matched source datanode 3d5c07d8-d298-4ef0-86b1-4f370ca1aa7a with target datanode b0ba4821-01fd-49c1-9c2b-f6066ec0432e for container move.
2023-08-30 06:49:51,835 [main] INFO  balancer.ContainerBalancerTask (ContainerBalancerTask.java:processMoveSelection(569)) - ContainerBalancer is trying to move container #68 with size 5368709120B from source datanode 3d5c07d8-d298-4ef0-86b1-4f370ca1aa7a to target datanode b0ba4821-01fd-49c1-9c2b-f6066ec0432e
2023-08-30 06:49:51,835 [main] DEBUG balancer.ContainerBalancerTask (ContainerBalancerTask.java:lambda$moveContainer$3(837)) - Container move completed for container #68 from source 3d5c07d8-d298-4ef0-86b1-4f370ca1aa7a to target b0ba4821-01fd-49c1-9c2b-f6066ec0432e
2023-08-30 06:49:51,838 [main] DEBUG balancer.ContainerBalancerTask (ContainerBalancerTask.java:matchSourceWithTarget(708)) - ContainerBalancer is finding suitable target for source datanode 3d5c07d8-d298-4ef0-86b1-4f370ca1aa7a
2023-08-30 06:49:51,838 [main] INFO  balancer.ContainerBalancerTask (ContainerBalancerTask.java:matchSourceWithTarget(722)) - ContainerBalancer matched source datanode 3d5c07d8-d298-4ef0-86b1-4f370ca1aa7a with target datanode fecfa039-004f-4fbe-ad10-6519b9d4847c for container move.
2023-08-30 06:49:51,838 [main] INFO  balancer.ContainerBalancerTask (ContainerBalancerTask.java:processMoveSelection(569)) - ContainerBalancer is trying to move container #69 with size 1073741824B from source datanode 3d5c07d8-d298-4ef0-86b1-4f370ca1aa7a to target datanode fecfa039-004f-4fbe-ad10-6519b9d4847c
2023-08-30 06:49:51,838 [main] DEBUG balancer.ContainerBalancerTask (ContainerBalancerTask.java:lambda$moveContainer$3(837)) - Container move completed for container #69 from source 3d5c07d8-d298-4ef0-86b1-4f370ca1aa7a to target fecfa039-004f-4fbe-ad10-6519b9d4847c
2023-08-30 06:49:51,838 [main] WARN  balancer.ContainerBalancerTask (ContainerBalancerTask.java:reachedMaxSizeToMovePerIteration(733)) - Reached max size to move limit. 6442450944 bytes have already been scheduled for balancing and the limit is 6442450944 bytes.
2023-08-30 06:49:51,839 [main] INFO  balancer.ContainerBalancerTask (ContainerBalancerTask.java:checkIterationMoveResults(642)) - Iteration Summary. Number of Datanodes involved: 3. Size moved: 6 GB (6442450944 Bytes). Number of Container moves completed: 2.
2023-08-30 06:49:51,839 [main] INFO  balancer.ContainerBalancerTask (ContainerBalancerTask.java:balance(259)) - Result of this iteration of Container Balancer: ITERATION_COMPLETED
2023-08-30 06:49:51,839 [main] INFO  balancer.ContainerBalancerTask (ContainerBalancerTask.java:tryStopWithSaveConfiguration(308)) - Save Configuration for stopping. Reason: Completed all iterations.
]]></system-out>
  </testcase>
  <testcase name="balancerShouldNotSelectConfiguredExcludeContainers" classname="org.apache.hadoop.hdds.scm.container.balancer.TestContainerBalancerTask" time="0.084">
    <system-out><![CDATA[2023-08-30 06:49:51,863 [main] INFO  net.NodeSchemaLoader (NodeSchemaLoader.java:loadSchemaFromFile(129)) - Loading schema from [file:/home/runner/work/ozone/ozone/hadoop-hdds/common/target/classes/network-topology-default.xml]
2023-08-30 06:49:51,863 [main] INFO  net.NodeSchemaLoader (NodeSchemaLoader.java:loadSchema(176)) - Loading network topology layer schema file
2023-08-30 06:49:51,865 [main] INFO  net.NetworkTopologyImpl (NetworkTopologyImpl.java:add(112)) - Added a new node: /default-rack/5c02c3eb-19de-49b1-8d99-e0ae212d138d
2023-08-30 06:49:51,866 [main] INFO  net.NetworkTopologyImpl (NetworkTopologyImpl.java:add(112)) - Added a new node: /default-rack/55a08da2-af0f-48e9-a2ee-82b313f0fc7c
2023-08-30 06:49:51,866 [main] INFO  net.NetworkTopologyImpl (NetworkTopologyImpl.java:add(112)) - Added a new node: /default-rack/86cfbf68-97ab-4311-aa09-b871c0872414
2023-08-30 06:49:51,866 [main] INFO  net.NetworkTopologyImpl (NetworkTopologyImpl.java:add(112)) - Added a new node: /default-rack/89a966c8-9835-479f-8550-c23f8898512b
2023-08-30 06:49:51,866 [main] INFO  net.NetworkTopologyImpl (NetworkTopologyImpl.java:add(112)) - Added a new node: /default-rack/f08daa1b-4da7-4c4c-abf3-888f3db89401
2023-08-30 06:49:51,866 [main] INFO  net.NetworkTopologyImpl (NetworkTopologyImpl.java:add(112)) - Added a new node: /default-rack/636dfa43-4b99-4a53-9641-7fd9efae2d8b
2023-08-30 06:49:51,866 [main] INFO  net.NetworkTopologyImpl (NetworkTopologyImpl.java:add(112)) - Added a new node: /default-rack/2c5bb5df-252b-4c7f-a584-e4ce5f686bab
2023-08-30 06:49:51,866 [main] INFO  net.NetworkTopologyImpl (NetworkTopologyImpl.java:add(112)) - Added a new node: /default-rack/33c10d82-5d4d-46a5-b724-5399efac43d1
2023-08-30 06:49:51,866 [main] INFO  net.NetworkTopologyImpl (NetworkTopologyImpl.java:add(112)) - Added a new node: /default-rack/b56b55cd-e2db-479a-9a01-a31f9002d047
2023-08-30 06:49:51,866 [main] INFO  net.NetworkTopologyImpl (NetworkTopologyImpl.java:add(112)) - Added a new node: /default-rack/78be1568-ca78-4fc1-9da4-4e01bcc2beb4
2023-08-30 06:49:51,866 [main] INFO  algorithms.ContainerPlacementPolicyFactory (ContainerPlacementPolicyFactory.java:getPolicyInternal(86)) - Create container placement policy of type org.apache.hadoop.hdds.scm.container.placement.algorithms.SCMContainerPlacementRackAware
2023-08-30 06:49:51,867 [main] INFO  algorithms.ContainerPlacementPolicyFactory (ContainerPlacementPolicyFactory.java:getPolicyInternal(86)) - Create container placement policy of type org.apache.hadoop.hdds.scm.container.placement.algorithms.SCMContainerPlacementRackScatter
2023-08-30 06:49:51,869 [main] DEBUG balancer.ContainerBalancerTask (ContainerBalancerTask.java:initializeIteration(374)) - Average utilization of the cluster is 0.35839881695697834
2023-08-30 06:49:51,870 [main] DEBUG balancer.ContainerBalancerTask (ContainerBalancerTask.java:initializeIteration(386)) - Lower limit for utilization is 0.2583988169569783 and Upper limit for utilization is 0.45839881695697837
2023-08-30 06:49:51,870 [main] DEBUG balancer.ContainerBalancerTask (ContainerBalancerTask.java:initializeIteration(398)) - Utilization for node 55a08da2-af0f-48e9-a2ee-82b313f0fc7c with capacity 59652323555B, used 53687091200B, and remaining 5965232355B is 0.9000000000083819
2023-08-30 06:49:51,870 [main] DEBUG balancer.ContainerBalancerTask (ContainerBalancerTask.java:initializeIteration(398)) - Utilization for node 2c5bb5df-252b-4c7f-a584-e4ce5f686bab with capacity 79188459520B, used 63350767616B, and remaining 15837691904B is 0.8
2023-08-30 06:49:51,870 [main] DEBUG balancer.ContainerBalancerTask (ContainerBalancerTask.java:initializeIteration(398)) - Utilization for node 86cfbf68-97ab-4311-aa09-b871c0872414 with capacity 76695844571B, used 53687091200B, and remaining 23008753371B is 0.7000000000039116
2023-08-30 06:49:51,870 [main] DEBUG balancer.ContainerBalancerTask (ContainerBalancerTask.java:initializeIteration(398)) - Utilization for node 636dfa43-4b99-4a53-9641-7fd9efae2d8b with capacity 69793218560B, used 41875931136B, and remaining 27917287424B is 0.6
2023-08-30 06:49:51,870 [main] DEBUG balancer.ContainerBalancerTask (ContainerBalancerTask.java:initializeIteration(398)) - Utilization for node 5c02c3eb-19de-49b1-8d99-e0ae212d138d with capacity 92341796864B, used 46170898432B, and remaining 46170898432B is 0.5
2023-08-30 06:49:51,870 [main] DEBUG balancer.ContainerBalancerTask (ContainerBalancerTask.java:initializeIteration(398)) - Utilization for node 78be1568-ca78-4fc1-9da4-4e01bcc2beb4 with capacity 93952409600B, used 37580963840B, and remaining 56371445760B is 0.4
2023-08-30 06:49:51,870 [main] DEBUG balancer.ContainerBalancerTask (ContainerBalancerTask.java:initializeIteration(398)) - Utilization for node f08daa1b-4da7-4c4c-abf3-888f3db89401 with capacity 157482134186B, used 47244640256B, and remaining 110237493930B is 0.30000000000127
2023-08-30 06:49:51,870 [main] DEBUG balancer.ContainerBalancerTask (ContainerBalancerTask.java:initializeIteration(398)) - Utilization for node 33c10d82-5d4d-46a5-b724-5399efac43d1 with capacity 150323855360B, used 30064771072B, and remaining 120259084288B is 0.2
2023-08-30 06:49:51,870 [main] DEBUG balancer.ContainerBalancerTask (ContainerBalancerTask.java:initializeIteration(398)) - Utilization for node 89a966c8-9835-479f-8550-c23f8898512b with capacity 311385128960B, used 31138512896B, and remaining 280246616064B is 0.1
2023-08-30 06:49:51,870 [main] DEBUG balancer.ContainerBalancerTask (ContainerBalancerTask.java:initializeIteration(398)) - Utilization for node b56b55cd-e2db-479a-9a01-a31f9002d047 with capacity 38654705664B, used 0B, and remaining 38654705664B is 0.0
2023-08-30 06:49:51,870 [main] INFO  balancer.ContainerBalancerTask (ContainerBalancerTask.java:initializeIteration(447)) - Container Balancer has identified 5 Over-Utilized and 3 Under-Utilized Datanodes that need to be balanced.
2023-08-30 06:49:51,871 [main] DEBUG balancer.ContainerBalancerTask (ContainerBalancerTask.java:lambda$initializeIteration$1(453)) - Datanode localhost-139.184.186.91 55a08da2-af0f-48e9-a2ee-82b313f0fc7c is Over-Utilized.
2023-08-30 06:49:51,871 [main] DEBUG balancer.ContainerBalancerTask (ContainerBalancerTask.java:lambda$initializeIteration$1(453)) - Datanode localhost-181.161.15.225 2c5bb5df-252b-4c7f-a584-e4ce5f686bab is Over-Utilized.
2023-08-30 06:49:51,871 [main] DEBUG balancer.ContainerBalancerTask (ContainerBalancerTask.java:lambda$initializeIteration$1(453)) - Datanode localhost-236.6.85.77 86cfbf68-97ab-4311-aa09-b871c0872414 is Over-Utilized.
2023-08-30 06:49:51,871 [main] DEBUG balancer.ContainerBalancerTask (ContainerBalancerTask.java:lambda$initializeIteration$1(453)) - Datanode localhost-156.72.46.177 636dfa43-4b99-4a53-9641-7fd9efae2d8b is Over-Utilized.
2023-08-30 06:49:51,871 [main] DEBUG balancer.ContainerBalancerTask (ContainerBalancerTask.java:lambda$initializeIteration$1(453)) - Datanode localhost-111.14.143.26 5c02c3eb-19de-49b1-8d99-e0ae212d138d is Over-Utilized.
2023-08-30 06:49:51,871 [main] DEBUG balancer.ContainerBalancerTask (ContainerBalancerTask.java:lambda$initializeIteration$2(459)) - Datanode localhost-108.157.114.139 b56b55cd-e2db-479a-9a01-a31f9002d047 is Under-Utilized.
2023-08-30 06:49:51,871 [main] DEBUG balancer.ContainerBalancerTask (ContainerBalancerTask.java:lambda$initializeIteration$2(459)) - Datanode localhost-250.68.30.193 89a966c8-9835-479f-8550-c23f8898512b is Under-Utilized.
2023-08-30 06:49:51,871 [main] DEBUG balancer.ContainerBalancerTask (ContainerBalancerTask.java:lambda$initializeIteration$2(459)) - Datanode localhost-4.43.171.243 33c10d82-5d4d-46a5-b724-5399efac43d1 is Under-Utilized.
2023-08-30 06:49:51,875 [main] DEBUG balancer.ContainerBalancerTask (ContainerBalancerTask.java:matchSourceWithTarget(708)) - ContainerBalancer is finding suitable target for source datanode 55a08da2-af0f-48e9-a2ee-82b313f0fc7c
2023-08-30 06:49:51,876 [main] INFO  balancer.ContainerBalancerTask (ContainerBalancerTask.java:matchSourceWithTarget(722)) - ContainerBalancer matched source datanode 55a08da2-af0f-48e9-a2ee-82b313f0fc7c with target datanode b56b55cd-e2db-479a-9a01-a31f9002d047 for container move.
2023-08-30 06:49:51,876 [main] INFO  balancer.ContainerBalancerTask (ContainerBalancerTask.java:processMoveSelection(569)) - ContainerBalancer is trying to move container #85 with size 5368709120B from source datanode 55a08da2-af0f-48e9-a2ee-82b313f0fc7c to target datanode b56b55cd-e2db-479a-9a01-a31f9002d047
2023-08-30 06:49:51,876 [main] DEBUG balancer.ContainerBalancerTask (ContainerBalancerTask.java:lambda$moveContainer$3(837)) - Container move completed for container #85 from source 55a08da2-af0f-48e9-a2ee-82b313f0fc7c to target b56b55cd-e2db-479a-9a01-a31f9002d047
2023-08-30 06:49:51,879 [main] DEBUG balancer.ContainerBalancerTask (ContainerBalancerTask.java:matchSourceWithTarget(708)) - ContainerBalancer is finding suitable target for source datanode 55a08da2-af0f-48e9-a2ee-82b313f0fc7c
2023-08-30 06:49:51,879 [main] INFO  balancer.ContainerBalancerTask (ContainerBalancerTask.java:matchSourceWithTarget(722)) - ContainerBalancer matched source datanode 55a08da2-af0f-48e9-a2ee-82b313f0fc7c with target datanode 89a966c8-9835-479f-8550-c23f8898512b for container move.
2023-08-30 06:49:51,879 [main] INFO  balancer.ContainerBalancerTask (ContainerBalancerTask.java:processMoveSelection(569)) - ContainerBalancer is trying to move container #68 with size 5368709120B from source datanode 55a08da2-af0f-48e9-a2ee-82b313f0fc7c to target datanode 89a966c8-9835-479f-8550-c23f8898512b
2023-08-30 06:49:51,879 [main] DEBUG balancer.ContainerBalancerTask (ContainerBalancerTask.java:lambda$moveContainer$3(837)) - Container move completed for container #68 from source 55a08da2-af0f-48e9-a2ee-82b313f0fc7c to target 89a966c8-9835-479f-8550-c23f8898512b
2023-08-30 06:49:51,883 [main] DEBUG balancer.ContainerBalancerTask (ContainerBalancerTask.java:matchSourceWithTarget(708)) - ContainerBalancer is finding suitable target for source datanode 2c5bb5df-252b-4c7f-a584-e4ce5f686bab
2023-08-30 06:49:51,883 [main] INFO  balancer.ContainerBalancerTask (ContainerBalancerTask.java:matchSourceWithTarget(722)) - ContainerBalancer matched source datanode 2c5bb5df-252b-4c7f-a584-e4ce5f686bab with target datanode 89a966c8-9835-479f-8550-c23f8898512b for container move.
2023-08-30 06:49:51,884 [main] INFO  balancer.ContainerBalancerTask (ContainerBalancerTask.java:processMoveSelection(569)) - ContainerBalancer is trying to move container #89 with size 4294967296B from source datanode 2c5bb5df-252b-4c7f-a584-e4ce5f686bab to target datanode 89a966c8-9835-479f-8550-c23f8898512b
2023-08-30 06:49:51,884 [main] DEBUG balancer.ContainerBalancerTask (ContainerBalancerTask.java:lambda$moveContainer$3(837)) - Container move completed for container #89 from source 2c5bb5df-252b-4c7f-a584-e4ce5f686bab to target 89a966c8-9835-479f-8550-c23f8898512b
2023-08-30 06:49:51,888 [main] DEBUG balancer.ContainerBalancerTask (ContainerBalancerTask.java:matchSourceWithTarget(708)) - ContainerBalancer is finding suitable target for source datanode 2c5bb5df-252b-4c7f-a584-e4ce5f686bab
2023-08-30 06:49:51,888 [main] INFO  balancer.ContainerBalancerTask (ContainerBalancerTask.java:matchSourceWithTarget(722)) - ContainerBalancer matched source datanode 2c5bb5df-252b-4c7f-a584-e4ce5f686bab with target datanode 89a966c8-9835-479f-8550-c23f8898512b for container move.
2023-08-30 06:49:51,888 [main] INFO  balancer.ContainerBalancerTask (ContainerBalancerTask.java:processMoveSelection(569)) - ContainerBalancer is trying to move container #39 with size 4294967296B from source datanode 2c5bb5df-252b-4c7f-a584-e4ce5f686bab to target datanode 89a966c8-9835-479f-8550-c23f8898512b
2023-08-30 06:49:51,888 [main] DEBUG balancer.ContainerBalancerTask (ContainerBalancerTask.java:lambda$moveContainer$3(837)) - Container move completed for container #39 from source 2c5bb5df-252b-4c7f-a584-e4ce5f686bab to target 89a966c8-9835-479f-8550-c23f8898512b
2023-08-30 06:49:51,891 [main] DEBUG balancer.ContainerBalancerTask (ContainerBalancerTask.java:matchSourceWithTarget(708)) - ContainerBalancer is finding suitable target for source datanode 55a08da2-af0f-48e9-a2ee-82b313f0fc7c
2023-08-30 06:49:51,891 [main] INFO  balancer.ContainerBalancerTask (ContainerBalancerTask.java:matchSourceWithTarget(722)) - ContainerBalancer matched source datanode 55a08da2-af0f-48e9-a2ee-82b313f0fc7c with target datanode b56b55cd-e2db-479a-9a01-a31f9002d047 for container move.
2023-08-30 06:49:51,891 [main] INFO  balancer.ContainerBalancerTask (ContainerBalancerTask.java:processMoveSelection(569)) - ContainerBalancer is trying to move container #40 with size 5368709120B from source datanode 55a08da2-af0f-48e9-a2ee-82b313f0fc7c to target datanode b56b55cd-e2db-479a-9a01-a31f9002d047
2023-08-30 06:49:51,892 [main] DEBUG balancer.ContainerBalancerTask (ContainerBalancerTask.java:lambda$moveContainer$3(837)) - Container move completed for container #40 from source 55a08da2-af0f-48e9-a2ee-82b313f0fc7c to target b56b55cd-e2db-479a-9a01-a31f9002d047
2023-08-30 06:49:51,896 [main] DEBUG balancer.ContainerBalancerTask (ContainerBalancerTask.java:matchSourceWithTarget(708)) - ContainerBalancer is finding suitable target for source datanode 86cfbf68-97ab-4311-aa09-b871c0872414
2023-08-30 06:49:51,896 [main] INFO  balancer.ContainerBalancerTask (ContainerBalancerTask.java:matchSourceWithTarget(722)) - ContainerBalancer matched source datanode 86cfbf68-97ab-4311-aa09-b871c0872414 with target datanode 89a966c8-9835-479f-8550-c23f8898512b for container move.
2023-08-30 06:49:51,896 [main] INFO  balancer.ContainerBalancerTask (ContainerBalancerTask.java:processMoveSelection(569)) - ContainerBalancer is trying to move container #29 with size 5368709120B from source datanode 86cfbf68-97ab-4311-aa09-b871c0872414 to target datanode 89a966c8-9835-479f-8550-c23f8898512b
2023-08-30 06:49:51,896 [main] DEBUG balancer.ContainerBalancerTask (ContainerBalancerTask.java:lambda$moveContainer$3(837)) - Container move completed for container #29 from source 86cfbf68-97ab-4311-aa09-b871c0872414 to target 89a966c8-9835-479f-8550-c23f8898512b
2023-08-30 06:49:51,901 [main] DEBUG balancer.ContainerBalancerTask (ContainerBalancerTask.java:matchSourceWithTarget(708)) - ContainerBalancer is finding suitable target for source datanode 2c5bb5df-252b-4c7f-a584-e4ce5f686bab
2023-08-30 06:49:51,901 [main] INFO  balancer.ContainerBalancerTask (ContainerBalancerTask.java:matchSourceWithTarget(722)) - ContainerBalancer matched source datanode 2c5bb5df-252b-4c7f-a584-e4ce5f686bab with target datanode 89a966c8-9835-479f-8550-c23f8898512b for container move.
2023-08-30 06:49:51,901 [main] INFO  balancer.ContainerBalancerTask (ContainerBalancerTask.java:processMoveSelection(569)) - ContainerBalancer is trying to move container #28 with size 4294967296B from source datanode 2c5bb5df-252b-4c7f-a584-e4ce5f686bab to target datanode 89a966c8-9835-479f-8550-c23f8898512b
2023-08-30 06:49:51,901 [main] DEBUG balancer.ContainerBalancerTask (ContainerBalancerTask.java:lambda$moveContainer$3(837)) - Container move completed for container #28 from source 2c5bb5df-252b-4c7f-a584-e4ce5f686bab to target 89a966c8-9835-479f-8550-c23f8898512b
2023-08-30 06:49:51,905 [main] DEBUG balancer.ContainerBalancerTask (ContainerBalancerTask.java:matchSourceWithTarget(708)) - ContainerBalancer is finding suitable target for source datanode 2c5bb5df-252b-4c7f-a584-e4ce5f686bab
2023-08-30 06:49:51,905 [main] INFO  balancer.ContainerBalancerTask (ContainerBalancerTask.java:matchSourceWithTarget(722)) - ContainerBalancer matched source datanode 2c5bb5df-252b-4c7f-a584-e4ce5f686bab with target datanode 89a966c8-9835-479f-8550-c23f8898512b for container move.
2023-08-30 06:49:51,905 [main] INFO  balancer.ContainerBalancerTask (ContainerBalancerTask.java:processMoveSelection(569)) - ContainerBalancer is trying to move container #19 with size 4294967296B from source datanode 2c5bb5df-252b-4c7f-a584-e4ce5f686bab to target datanode 89a966c8-9835-479f-8550-c23f8898512b
2023-08-30 06:49:51,905 [main] DEBUG balancer.ContainerBalancerTask (ContainerBalancerTask.java:lambda$moveContainer$3(837)) - Container move completed for container #19 from source 2c5bb5df-252b-4c7f-a584-e4ce5f686bab to target 89a966c8-9835-479f-8550-c23f8898512b
2023-08-30 06:49:51,909 [main] DEBUG balancer.ContainerBalancerTask (ContainerBalancerTask.java:matchSourceWithTarget(708)) - ContainerBalancer is finding suitable target for source datanode 55a08da2-af0f-48e9-a2ee-82b313f0fc7c
2023-08-30 06:49:51,909 [main] INFO  balancer.ContainerBalancerTask (ContainerBalancerTask.java:matchSourceWithTarget(722)) - ContainerBalancer matched source datanode 55a08da2-af0f-48e9-a2ee-82b313f0fc7c with target datanode 89a966c8-9835-479f-8550-c23f8898512b for container move.
2023-08-30 06:49:51,909 [main] INFO  balancer.ContainerBalancerTask (ContainerBalancerTask.java:processMoveSelection(569)) - ContainerBalancer is trying to move container #84 with size 4294967296B from source datanode 55a08da2-af0f-48e9-a2ee-82b313f0fc7c to target datanode 89a966c8-9835-479f-8550-c23f8898512b
2023-08-30 06:49:51,909 [main] DEBUG balancer.ContainerBalancerTask (ContainerBalancerTask.java:lambda$moveContainer$3(837)) - Container move completed for container #84 from source 55a08da2-af0f-48e9-a2ee-82b313f0fc7c to target 89a966c8-9835-479f-8550-c23f8898512b
2023-08-30 06:49:51,914 [main] DEBUG balancer.ContainerBalancerTask (ContainerBalancerTask.java:matchSourceWithTarget(708)) - ContainerBalancer is finding suitable target for source datanode 86cfbf68-97ab-4311-aa09-b871c0872414
2023-08-30 06:49:51,914 [main] INFO  balancer.ContainerBalancerTask (ContainerBalancerTask.java:matchSourceWithTarget(722)) - ContainerBalancer matched source datanode 86cfbf68-97ab-4311-aa09-b871c0872414 with target datanode 33c10d82-5d4d-46a5-b724-5399efac43d1 for container move.
2023-08-30 06:49:51,914 [main] INFO  balancer.ContainerBalancerTask (ContainerBalancerTask.java:processMoveSelection(569)) - ContainerBalancer is trying to move container #53 with size 5368709120B from source datanode 86cfbf68-97ab-4311-aa09-b871c0872414 to target datanode 33c10d82-5d4d-46a5-b724-5399efac43d1
2023-08-30 06:49:51,915 [main] DEBUG balancer.ContainerBalancerTask (ContainerBalancerTask.java:lambda$moveContainer$3(837)) - Container move completed for container #53 from source 86cfbf68-97ab-4311-aa09-b871c0872414 to target 33c10d82-5d4d-46a5-b724-5399efac43d1
2023-08-30 06:49:51,917 [main] DEBUG balancer.ContainerBalancerTask (ContainerBalancerTask.java:matchSourceWithTarget(708)) - ContainerBalancer is finding suitable target for source datanode 636dfa43-4b99-4a53-9641-7fd9efae2d8b
2023-08-30 06:49:51,917 [main] INFO  balancer.ContainerBalancerTask (ContainerBalancerTask.java:matchSourceWithTarget(722)) - ContainerBalancer matched source datanode 636dfa43-4b99-4a53-9641-7fd9efae2d8b with target datanode 89a966c8-9835-479f-8550-c23f8898512b for container move.
2023-08-30 06:49:51,918 [main] INFO  balancer.ContainerBalancerTask (ContainerBalancerTask.java:processMoveSelection(569)) - ContainerBalancer is trying to move container #71 with size 3221225472B from source datanode 636dfa43-4b99-4a53-9641-7fd9efae2d8b to target datanode 89a966c8-9835-479f-8550-c23f8898512b
2023-08-30 06:49:51,918 [main] DEBUG balancer.ContainerBalancerTask (ContainerBalancerTask.java:lambda$moveContainer$3(837)) - Container move completed for container #71 from source 636dfa43-4b99-4a53-9641-7fd9efae2d8b to target 89a966c8-9835-479f-8550-c23f8898512b
2023-08-30 06:49:51,922 [main] DEBUG balancer.ContainerBalancerTask (ContainerBalancerTask.java:matchSourceWithTarget(708)) - ContainerBalancer is finding suitable target for source datanode 2c5bb5df-252b-4c7f-a584-e4ce5f686bab
2023-08-30 06:49:51,923 [main] INFO  balancer.ContainerBalancerTask (ContainerBalancerTask.java:matchSourceWithTarget(722)) - ContainerBalancer matched source datanode 2c5bb5df-252b-4c7f-a584-e4ce5f686bab with target datanode 89a966c8-9835-479f-8550-c23f8898512b for container move.
2023-08-30 06:49:51,923 [main] INFO  balancer.ContainerBalancerTask (ContainerBalancerTask.java:processMoveSelection(569)) - ContainerBalancer is trying to move container #50 with size 2147483648B from source datanode 2c5bb5df-252b-4c7f-a584-e4ce5f686bab to target datanode 89a966c8-9835-479f-8550-c23f8898512b
2023-08-30 06:49:51,923 [main] DEBUG balancer.ContainerBalancerTask (ContainerBalancerTask.java:lambda$moveContainer$3(837)) - Container move completed for container #50 from source 2c5bb5df-252b-4c7f-a584-e4ce5f686bab to target 89a966c8-9835-479f-8550-c23f8898512b
2023-08-30 06:49:51,923 [main] WARN  balancer.ContainerBalancerTask (ContainerBalancerTask.java:reachedMaxSizeToMovePerIteration(733)) - Reached max size to move limit. 53687091200 bytes have already been scheduled for balancing and the limit is 53687091200 bytes.
2023-08-30 06:49:51,923 [main] INFO  balancer.ContainerBalancerTask (ContainerBalancerTask.java:checkIterationMoveResults(642)) - Iteration Summary. Number of Datanodes involved: 7. Size moved: 50 GB (53687091200 Bytes). Number of Container moves completed: 12.
2023-08-30 06:49:51,923 [main] INFO  balancer.ContainerBalancerTask (ContainerBalancerTask.java:balance(259)) - Result of this iteration of Container Balancer: ITERATION_COMPLETED
2023-08-30 06:49:51,923 [main] INFO  balancer.ContainerBalancerTask (ContainerBalancerTask.java:tryStopWithSaveConfiguration(308)) - Save Configuration for stopping. Reason: Completed all iterations.
]]></system-out>
  </testcase>
  <testcase name="testCalculationOfUtilization" classname="org.apache.hadoop.hdds.scm.container.balancer.TestContainerBalancerTask" time="0.075">
    <system-out><![CDATA[2023-08-30 06:49:51,948 [main] INFO  net.NodeSchemaLoader (NodeSchemaLoader.java:loadSchemaFromFile(129)) - Loading schema from [file:/home/runner/work/ozone/ozone/hadoop-hdds/common/target/classes/network-topology-default.xml]
2023-08-30 06:49:51,948 [main] INFO  net.NodeSchemaLoader (NodeSchemaLoader.java:loadSchema(176)) - Loading network topology layer schema file
2023-08-30 06:49:51,950 [main] INFO  net.NetworkTopologyImpl (NetworkTopologyImpl.java:add(112)) - Added a new node: /default-rack/0fcea5f3-f7ca-4b64-bed0-70bdaaecfd02
2023-08-30 06:49:51,950 [main] INFO  net.NetworkTopologyImpl (NetworkTopologyImpl.java:add(112)) - Added a new node: /default-rack/d92ad37f-6e13-4f2a-b803-7667234e4144
2023-08-30 06:49:51,950 [main] INFO  net.NetworkTopologyImpl (NetworkTopologyImpl.java:add(112)) - Added a new node: /default-rack/c5fe9551-b884-4dbf-817f-b88432c6914b
2023-08-30 06:49:51,950 [main] INFO  net.NetworkTopologyImpl (NetworkTopologyImpl.java:add(112)) - Added a new node: /default-rack/970904ea-c855-42d5-a85d-533f1f903ce2
2023-08-30 06:49:51,951 [main] INFO  net.NetworkTopologyImpl (NetworkTopologyImpl.java:add(112)) - Added a new node: /default-rack/a5bd26b9-255a-4b04-96ee-7f27ee2c023b
2023-08-30 06:49:51,951 [main] INFO  net.NetworkTopologyImpl (NetworkTopologyImpl.java:add(112)) - Added a new node: /default-rack/5fa21654-c801-41fe-9d98-a2e174907676
2023-08-30 06:49:51,951 [main] INFO  net.NetworkTopologyImpl (NetworkTopologyImpl.java:add(112)) - Added a new node: /default-rack/f9a67158-f551-4c4d-8888-23e29a740f7b
2023-08-30 06:49:51,951 [main] INFO  net.NetworkTopologyImpl (NetworkTopologyImpl.java:add(112)) - Added a new node: /default-rack/903f5bfd-3aa5-44d6-9e1f-4212d112ae33
2023-08-30 06:49:51,951 [main] INFO  net.NetworkTopologyImpl (NetworkTopologyImpl.java:add(112)) - Added a new node: /default-rack/3705ff0c-a71e-4449-8a2e-460b600ce308
2023-08-30 06:49:51,951 [main] INFO  net.NetworkTopologyImpl (NetworkTopologyImpl.java:add(112)) - Added a new node: /default-rack/1dc989a7-8a9c-4891-aeb6-8df8d8ed09cf
2023-08-30 06:49:51,951 [main] INFO  algorithms.ContainerPlacementPolicyFactory (ContainerPlacementPolicyFactory.java:getPolicyInternal(86)) - Create container placement policy of type org.apache.hadoop.hdds.scm.container.placement.algorithms.SCMContainerPlacementRackAware
2023-08-30 06:49:51,951 [main] INFO  algorithms.ContainerPlacementPolicyFactory (ContainerPlacementPolicyFactory.java:getPolicyInternal(86)) - Create container placement policy of type org.apache.hadoop.hdds.scm.container.placement.algorithms.SCMContainerPlacementRackScatter
]]></system-out>
  </testcase>
  <testcase name="initializeIterationShouldUpdateUnBalancedNodesWhenThresholdChanges" classname="org.apache.hadoop.hdds.scm.container.balancer.TestContainerBalancerTask" time="1.431">
    <system-out><![CDATA[2023-08-30 06:49:52,036 [main] INFO  net.NodeSchemaLoader (NodeSchemaLoader.java:loadSchemaFromFile(129)) - Loading schema from [file:/home/runner/work/ozone/ozone/hadoop-hdds/common/target/classes/network-topology-default.xml]
2023-08-30 06:49:52,036 [main] INFO  net.NodeSchemaLoader (NodeSchemaLoader.java:loadSchema(176)) - Loading network topology layer schema file
2023-08-30 06:49:52,042 [main] INFO  net.NetworkTopologyImpl (NetworkTopologyImpl.java:add(112)) - Added a new node: /default-rack/19d3f880-e223-44b8-abcc-495fd19dfa86
2023-08-30 06:49:52,042 [main] INFO  net.NetworkTopologyImpl (NetworkTopologyImpl.java:add(112)) - Added a new node: /default-rack/a8dc8e14-51a9-4d83-a5bf-6c6ac6975915
2023-08-30 06:49:52,042 [main] INFO  net.NetworkTopologyImpl (NetworkTopologyImpl.java:add(112)) - Added a new node: /default-rack/d6fa954d-9233-4334-9bea-1522c897d56a
2023-08-30 06:49:52,042 [main] INFO  net.NetworkTopologyImpl (NetworkTopologyImpl.java:add(112)) - Added a new node: /default-rack/1e842003-d8bf-4dba-a164-35eddf1d3511
2023-08-30 06:49:52,043 [main] INFO  net.NetworkTopologyImpl (NetworkTopologyImpl.java:add(112)) - Added a new node: /default-rack/58e93824-a32b-4139-b1c8-aad9a9795a7d
2023-08-30 06:49:52,043 [main] INFO  net.NetworkTopologyImpl (NetworkTopologyImpl.java:add(112)) - Added a new node: /default-rack/1c4b2f89-40d2-467b-9872-4fa6e5223cd7
2023-08-30 06:49:52,043 [main] INFO  net.NetworkTopologyImpl (NetworkTopologyImpl.java:add(112)) - Added a new node: /default-rack/681ae63e-a876-4c5c-8c02-3bf495d957cd
2023-08-30 06:49:52,043 [main] INFO  net.NetworkTopologyImpl (NetworkTopologyImpl.java:add(112)) - Added a new node: /default-rack/522d7852-c2b1-4f4d-9914-dde8150cadfe
2023-08-30 06:49:52,043 [main] INFO  net.NetworkTopologyImpl (NetworkTopologyImpl.java:add(112)) - Added a new node: /default-rack/4a7a5e61-2b3f-4981-a9a4-6af45d934c18
2023-08-30 06:49:52,043 [main] INFO  net.NetworkTopologyImpl (NetworkTopologyImpl.java:add(112)) - Added a new node: /default-rack/0298b916-6136-4321-989b-5bb354a0b70e
2023-08-30 06:49:52,043 [main] INFO  algorithms.ContainerPlacementPolicyFactory (ContainerPlacementPolicyFactory.java:getPolicyInternal(86)) - Create container placement policy of type org.apache.hadoop.hdds.scm.container.placement.algorithms.SCMContainerPlacementRackAware
2023-08-30 06:49:52,043 [main] INFO  algorithms.ContainerPlacementPolicyFactory (ContainerPlacementPolicyFactory.java:getPolicyInternal(86)) - Create container placement policy of type org.apache.hadoop.hdds.scm.container.placement.algorithms.SCMContainerPlacementRackScatter
2023-08-30 06:49:52,052 [main] DEBUG balancer.ContainerBalancerTask (ContainerBalancerTask.java:initializeIteration(374)) - Average utilization of the cluster is 0.38698078579770684
2023-08-30 06:49:52,052 [main] DEBUG balancer.ContainerBalancerTask (ContainerBalancerTask.java:initializeIteration(386)) - Lower limit for utilization is -0.15466559985174227 and Upper limit for utilization is 0.9286271714471559
2023-08-30 06:49:52,052 [main] DEBUG balancer.ContainerBalancerTask (ContainerBalancerTask.java:initializeIteration(398)) - Utilization for node d6fa954d-9233-4334-9bea-1522c897d56a with capacity 68003648853B, used 61203283968B, and remaining 6800364885B is 0.9000000000044115
2023-08-30 06:49:52,052 [main] DEBUG balancer.ContainerBalancerTask (ContainerBalancerTask.java:initializeIteration(398)) - Utilization for node 681ae63e-a876-4c5c-8c02-3bf495d957cd with capacity 87241523200B, used 69793218560B, and remaining 17448304640B is 0.8
2023-08-30 06:49:52,052 [main] DEBUG balancer.ContainerBalancerTask (ContainerBalancerTask.java:initializeIteration(398)) - Utilization for node 19d3f880-e223-44b8-abcc-495fd19dfa86 with capacity 69026260114B, used 48318382080B, and remaining 20707878034B is 0.7000000000028974
2023-08-30 06:49:52,052 [main] DEBUG balancer.ContainerBalancerTask (ContainerBalancerTask.java:initializeIteration(398)) - Utilization for node 1e842003-d8bf-4dba-a164-35eddf1d3511 with capacity 59055800320B, used 35433480192B, and remaining 23622320128B is 0.6
2023-08-30 06:49:52,052 [main] DEBUG balancer.ContainerBalancerTask (ContainerBalancerTask.java:initializeIteration(398)) - Utilization for node 1c4b2f89-40d2-467b-9872-4fa6e5223cd7 with capacity 130996502528B, used 65498251264B, and remaining 65498251264B is 0.5
2023-08-30 06:49:52,053 [main] DEBUG balancer.ContainerBalancerTask (ContainerBalancerTask.java:initializeIteration(398)) - Utilization for node 522d7852-c2b1-4f4d-9914-dde8150cadfe with capacity 64424509440B, used 25769803776B, and remaining 38654705664B is 0.4
2023-08-30 06:49:52,053 [main] DEBUG balancer.ContainerBalancerTask (ContainerBalancerTask.java:initializeIteration(398)) - Utilization for node 58e93824-a32b-4139-b1c8-aad9a9795a7d with capacity 136007297706B, used 40802189312B, and remaining 95205108394B is 0.30000000000147053
2023-08-30 06:49:52,053 [main] DEBUG balancer.ContainerBalancerTask (ContainerBalancerTask.java:initializeIteration(398)) - Utilization for node 4a7a5e61-2b3f-4981-a9a4-6af45d934c18 with capacity 118111600640B, used 23622320128B, and remaining 94489280512B is 0.2
2023-08-30 06:49:52,053 [main] DEBUG balancer.ContainerBalancerTask (ContainerBalancerTask.java:initializeIteration(398)) - Utilization for node 0298b916-6136-4321-989b-5bb354a0b70e with capacity 257698037760B, used 25769803776B, and remaining 231928233984B is 0.1
2023-08-30 06:49:52,053 [main] DEBUG balancer.ContainerBalancerTask (ContainerBalancerTask.java:initializeIteration(398)) - Utilization for node a8dc8e14-51a9-4d83-a5bf-6c6ac6975915 with capacity 33285996544B, used 0B, and remaining 33285996544B is 0.0
2023-08-30 06:49:52,053 [main] INFO  balancer.ContainerBalancerTask (ContainerBalancerTask.java:initializeIteration(443)) - Did not find any unbalanced Datanodes.
2023-08-30 06:49:52,053 [main] INFO  balancer.ContainerBalancerTask (ContainerBalancerTask.java:tryStopWithSaveConfiguration(308)) - Save Configuration for stopping. Reason: Could not initialize ContainerBalancer's iteration number 0
2023-08-30 06:49:52,054 [main] DEBUG balancer.ContainerBalancerTask (ContainerBalancerTask.java:initializeIteration(374)) - Average utilization of the cluster is 0.38698078579770684
2023-08-30 06:49:52,054 [main] DEBUG balancer.ContainerBalancerTask (ContainerBalancerTask.java:initializeIteration(386)) - Lower limit for utilization is -0.605238329886929 and Upper limit for utilization is 1.3791999014823426
2023-08-30 06:49:52,055 [main] DEBUG balancer.ContainerBalancerTask (ContainerBalancerTask.java:initializeIteration(398)) - Utilization for node d6fa954d-9233-4334-9bea-1522c897d56a with capacity 68003648853B, used 61203283968B, and remaining 6800364885B is 0.9000000000044115
2023-08-30 06:49:52,055 [main] DEBUG balancer.ContainerBalancerTask (ContainerBalancerTask.java:initializeIteration(398)) - Utilization for node 681ae63e-a876-4c5c-8c02-3bf495d957cd with capacity 87241523200B, used 69793218560B, and remaining 17448304640B is 0.8
2023-08-30 06:49:52,055 [main] DEBUG balancer.ContainerBalancerTask (ContainerBalancerTask.java:initializeIteration(398)) - Utilization for node 19d3f880-e223-44b8-abcc-495fd19dfa86 with capacity 69026260114B, used 48318382080B, and remaining 20707878034B is 0.7000000000028974
2023-08-30 06:49:52,055 [main] DEBUG balancer.ContainerBalancerTask (ContainerBalancerTask.java:initializeIteration(398)) - Utilization for node 1e842003-d8bf-4dba-a164-35eddf1d3511 with capacity 59055800320B, used 35433480192B, and remaining 23622320128B is 0.6
2023-08-30 06:49:52,055 [main] DEBUG balancer.ContainerBalancerTask (ContainerBalancerTask.java:initializeIteration(398)) - Utilization for node 1c4b2f89-40d2-467b-9872-4fa6e5223cd7 with capacity 130996502528B, used 65498251264B, and remaining 65498251264B is 0.5
2023-08-30 06:49:52,055 [main] DEBUG balancer.ContainerBalancerTask (ContainerBalancerTask.java:initializeIteration(398)) - Utilization for node 522d7852-c2b1-4f4d-9914-dde8150cadfe with capacity 64424509440B, used 25769803776B, and remaining 38654705664B is 0.4
2023-08-30 06:49:52,055 [main] DEBUG balancer.ContainerBalancerTask (ContainerBalancerTask.java:initializeIteration(398)) - Utilization for node 58e93824-a32b-4139-b1c8-aad9a9795a7d with capacity 136007297706B, used 40802189312B, and remaining 95205108394B is 0.30000000000147053
2023-08-30 06:49:52,055 [main] DEBUG balancer.ContainerBalancerTask (ContainerBalancerTask.java:initializeIteration(398)) - Utilization for node 4a7a5e61-2b3f-4981-a9a4-6af45d934c18 with capacity 118111600640B, used 23622320128B, and remaining 94489280512B is 0.2
2023-08-30 06:49:52,055 [main] DEBUG balancer.ContainerBalancerTask (ContainerBalancerTask.java:initializeIteration(398)) - Utilization for node 0298b916-6136-4321-989b-5bb354a0b70e with capacity 257698037760B, used 25769803776B, and remaining 231928233984B is 0.1
2023-08-30 06:49:52,055 [main] DEBUG balancer.ContainerBalancerTask (ContainerBalancerTask.java:initializeIteration(398)) - Utilization for node a8dc8e14-51a9-4d83-a5bf-6c6ac6975915 with capacity 33285996544B, used 0B, and remaining 33285996544B is 0.0
2023-08-30 06:49:52,055 [main] INFO  balancer.ContainerBalancerTask (ContainerBalancerTask.java:initializeIteration(443)) - Did not find any unbalanced Datanodes.
2023-08-30 06:49:52,056 [main] INFO  balancer.ContainerBalancerTask (ContainerBalancerTask.java:tryStopWithSaveConfiguration(308)) - Save Configuration for stopping. Reason: Could not initialize ContainerBalancer's iteration number 0
2023-08-30 06:49:52,056 [main] DEBUG balancer.ContainerBalancerTask (ContainerBalancerTask.java:initializeIteration(374)) - Average utilization of the cluster is 0.38698078579770684
2023-08-30 06:49:52,056 [main] DEBUG balancer.ContainerBalancerTask (ContainerBalancerTask.java:initializeIteration(386)) - Lower limit for utilization is -0.2402352386747239 and Upper limit for utilization is 1.0141968102701375
2023-08-30 06:49:52,057 [main] DEBUG balancer.ContainerBalancerTask (ContainerBalancerTask.java:initializeIteration(398)) - Utilization for node d6fa954d-9233-4334-9bea-1522c897d56a with capacity 68003648853B, used 61203283968B, and remaining 6800364885B is 0.9000000000044115
2023-08-30 06:49:52,057 [main] DEBUG balancer.ContainerBalancerTask (ContainerBalancerTask.java:initializeIteration(398)) - Utilization for node 681ae63e-a876-4c5c-8c02-3bf495d957cd with capacity 87241523200B, used 69793218560B, and remaining 17448304640B is 0.8
2023-08-30 06:49:52,057 [main] DEBUG balancer.ContainerBalancerTask (ContainerBalancerTask.java:initializeIteration(398)) - Utilization for node 19d3f880-e223-44b8-abcc-495fd19dfa86 with capacity 69026260114B, used 48318382080B, and remaining 20707878034B is 0.7000000000028974
2023-08-30 06:49:52,057 [main] DEBUG balancer.ContainerBalancerTask (ContainerBalancerTask.java:initializeIteration(398)) - Utilization for node 1e842003-d8bf-4dba-a164-35eddf1d3511 with capacity 59055800320B, used 35433480192B, and remaining 23622320128B is 0.6
2023-08-30 06:49:52,057 [main] DEBUG balancer.ContainerBalancerTask (ContainerBalancerTask.java:initializeIteration(398)) - Utilization for node 1c4b2f89-40d2-467b-9872-4fa6e5223cd7 with capacity 130996502528B, used 65498251264B, and remaining 65498251264B is 0.5
2023-08-30 06:49:52,057 [main] DEBUG balancer.ContainerBalancerTask (ContainerBalancerTask.java:initializeIteration(398)) - Utilization for node 522d7852-c2b1-4f4d-9914-dde8150cadfe with capacity 64424509440B, used 25769803776B, and remaining 38654705664B is 0.4
2023-08-30 06:49:52,057 [main] DEBUG balancer.ContainerBalancerTask (ContainerBalancerTask.java:initializeIteration(398)) - Utilization for node 58e93824-a32b-4139-b1c8-aad9a9795a7d with capacity 136007297706B, used 40802189312B, and remaining 95205108394B is 0.30000000000147053
2023-08-30 06:49:52,057 [main] DEBUG balancer.ContainerBalancerTask (ContainerBalancerTask.java:initializeIteration(398)) - Utilization for node 4a7a5e61-2b3f-4981-a9a4-6af45d934c18 with capacity 118111600640B, used 23622320128B, and remaining 94489280512B is 0.2
2023-08-30 06:49:52,057 [main] DEBUG balancer.ContainerBalancerTask (ContainerBalancerTask.java:initializeIteration(398)) - Utilization for node 0298b916-6136-4321-989b-5bb354a0b70e with capacity 257698037760B, used 25769803776B, and remaining 231928233984B is 0.1
2023-08-30 06:49:52,057 [main] DEBUG balancer.ContainerBalancerTask (ContainerBalancerTask.java:initializeIteration(398)) - Utilization for node a8dc8e14-51a9-4d83-a5bf-6c6ac6975915 with capacity 33285996544B, used 0B, and remaining 33285996544B is 0.0
2023-08-30 06:49:52,057 [main] INFO  balancer.ContainerBalancerTask (ContainerBalancerTask.java:initializeIteration(443)) - Did not find any unbalanced Datanodes.
2023-08-30 06:49:52,057 [main] INFO  balancer.ContainerBalancerTask (ContainerBalancerTask.java:tryStopWithSaveConfiguration(308)) - Save Configuration for stopping. Reason: Could not initialize ContainerBalancer's iteration number 0
2023-08-30 06:49:52,058 [main] DEBUG balancer.ContainerBalancerTask (ContainerBalancerTask.java:initializeIteration(374)) - Average utilization of the cluster is 0.38698078579770684
2023-08-30 06:49:52,058 [main] DEBUG balancer.ContainerBalancerTask (ContainerBalancerTask.java:initializeIteration(386)) - Lower limit for utilization is -0.3505554615164275 and Upper limit for utilization is 1.1245170331118413
2023-08-30 06:49:52,059 [main] DEBUG balancer.ContainerBalancerTask (ContainerBalancerTask.java:initializeIteration(398)) - Utilization for node d6fa954d-9233-4334-9bea-1522c897d56a with capacity 68003648853B, used 61203283968B, and remaining 6800364885B is 0.9000000000044115
2023-08-30 06:49:52,059 [main] DEBUG balancer.ContainerBalancerTask (ContainerBalancerTask.java:initializeIteration(398)) - Utilization for node 681ae63e-a876-4c5c-8c02-3bf495d957cd with capacity 87241523200B, used 69793218560B, and remaining 17448304640B is 0.8
2023-08-30 06:49:52,059 [main] DEBUG balancer.ContainerBalancerTask (ContainerBalancerTask.java:initializeIteration(398)) - Utilization for node 19d3f880-e223-44b8-abcc-495fd19dfa86 with capacity 69026260114B, used 48318382080B, and remaining 20707878034B is 0.7000000000028974
2023-08-30 06:49:52,059 [main] DEBUG balancer.ContainerBalancerTask (ContainerBalancerTask.java:initializeIteration(398)) - Utilization for node 1e842003-d8bf-4dba-a164-35eddf1d3511 with capacity 59055800320B, used 35433480192B, and remaining 23622320128B is 0.6
2023-08-30 06:49:52,059 [main] DEBUG balancer.ContainerBalancerTask (ContainerBalancerTask.java:initializeIteration(398)) - Utilization for node 1c4b2f89-40d2-467b-9872-4fa6e5223cd7 with capacity 130996502528B, used 65498251264B, and remaining 65498251264B is 0.5
2023-08-30 06:49:52,059 [main] DEBUG balancer.ContainerBalancerTask (ContainerBalancerTask.java:initializeIteration(398)) - Utilization for node 522d7852-c2b1-4f4d-9914-dde8150cadfe with capacity 64424509440B, used 25769803776B, and remaining 38654705664B is 0.4
2023-08-30 06:49:52,059 [main] DEBUG balancer.ContainerBalancerTask (ContainerBalancerTask.java:initializeIteration(398)) - Utilization for node 58e93824-a32b-4139-b1c8-aad9a9795a7d with capacity 136007297706B, used 40802189312B, and remaining 95205108394B is 0.30000000000147053
2023-08-30 06:49:52,059 [main] DEBUG balancer.ContainerBalancerTask (ContainerBalancerTask.java:initializeIteration(398)) - Utilization for node 4a7a5e61-2b3f-4981-a9a4-6af45d934c18 with capacity 118111600640B, used 23622320128B, and remaining 94489280512B is 0.2
2023-08-30 06:49:52,059 [main] DEBUG balancer.ContainerBalancerTask (ContainerBalancerTask.java:initializeIteration(398)) - Utilization for node 0298b916-6136-4321-989b-5bb354a0b70e with capacity 257698037760B, used 25769803776B, and remaining 231928233984B is 0.1
2023-08-30 06:49:52,059 [main] DEBUG balancer.ContainerBalancerTask (ContainerBalancerTask.java:initializeIteration(398)) - Utilization for node a8dc8e14-51a9-4d83-a5bf-6c6ac6975915 with capacity 33285996544B, used 0B, and remaining 33285996544B is 0.0
2023-08-30 06:49:52,059 [main] INFO  balancer.ContainerBalancerTask (ContainerBalancerTask.java:initializeIteration(443)) - Did not find any unbalanced Datanodes.
2023-08-30 06:49:52,060 [main] INFO  balancer.ContainerBalancerTask (ContainerBalancerTask.java:tryStopWithSaveConfiguration(308)) - Save Configuration for stopping. Reason: Could not initialize ContainerBalancer's iteration number 0
2023-08-30 06:49:52,061 [main] DEBUG balancer.ContainerBalancerTask (ContainerBalancerTask.java:initializeIteration(374)) - Average utilization of the cluster is 0.38698078579770684
2023-08-30 06:49:52,061 [main] DEBUG balancer.ContainerBalancerTask (ContainerBalancerTask.java:initializeIteration(386)) - Lower limit for utilization is -0.3890482387839633 and Upper limit for utilization is 1.163009810379377
2023-08-30 06:49:52,061 [main] DEBUG balancer.ContainerBalancerTask (ContainerBalancerTask.java:initializeIteration(398)) - Utilization for node d6fa954d-9233-4334-9bea-1522c897d56a with capacity 68003648853B, used 61203283968B, and remaining 6800364885B is 0.9000000000044115
2023-08-30 06:49:52,061 [main] DEBUG balancer.ContainerBalancerTask (ContainerBalancerTask.java:initializeIteration(398)) - Utilization for node 681ae63e-a876-4c5c-8c02-3bf495d957cd with capacity 87241523200B, used 69793218560B, and remaining 17448304640B is 0.8
2023-08-30 06:49:52,061 [main] DEBUG balancer.ContainerBalancerTask (ContainerBalancerTask.java:initializeIteration(398)) - Utilization for node 19d3f880-e223-44b8-abcc-495fd19dfa86 with capacity 69026260114B, used 48318382080B, and remaining 20707878034B is 0.7000000000028974
2023-08-30 06:49:52,061 [main] DEBUG balancer.ContainerBalancerTask (ContainerBalancerTask.java:initializeIteration(398)) - Utilization for node 1e842003-d8bf-4dba-a164-35eddf1d3511 with capacity 59055800320B, used 35433480192B, and remaining 23622320128B is 0.6
2023-08-30 06:49:52,061 [main] DEBUG balancer.ContainerBalancerTask (ContainerBalancerTask.java:initializeIteration(398)) - Utilization for node 1c4b2f89-40d2-467b-9872-4fa6e5223cd7 with capacity 130996502528B, used 65498251264B, and remaining 65498251264B is 0.5
2023-08-30 06:49:52,061 [main] DEBUG balancer.ContainerBalancerTask (ContainerBalancerTask.java:initializeIteration(398)) - Utilization for node 522d7852-c2b1-4f4d-9914-dde8150cadfe with capacity 64424509440B, used 25769803776B, and remaining 38654705664B is 0.4
2023-08-30 06:49:52,061 [main] DEBUG balancer.ContainerBalancerTask (ContainerBalancerTask.java:initializeIteration(398)) - Utilization for node 58e93824-a32b-4139-b1c8-aad9a9795a7d with capacity 136007297706B, used 40802189312B, and remaining 95205108394B is 0.30000000000147053
2023-08-30 06:49:52,062 [main] DEBUG balancer.ContainerBalancerTask (ContainerBalancerTask.java:initializeIteration(398)) - Utilization for node 4a7a5e61-2b3f-4981-a9a4-6af45d934c18 with capacity 118111600640B, used 23622320128B, and remaining 94489280512B is 0.2
2023-08-30 06:49:52,062 [main] DEBUG balancer.ContainerBalancerTask (ContainerBalancerTask.java:initializeIteration(398)) - Utilization for node 0298b916-6136-4321-989b-5bb354a0b70e with capacity 257698037760B, used 25769803776B, and remaining 231928233984B is 0.1
2023-08-30 06:49:52,062 [main] DEBUG balancer.ContainerBalancerTask (ContainerBalancerTask.java:initializeIteration(398)) - Utilization for node a8dc8e14-51a9-4d83-a5bf-6c6ac6975915 with capacity 33285996544B, used 0B, and remaining 33285996544B is 0.0
2023-08-30 06:49:52,062 [main] INFO  balancer.ContainerBalancerTask (ContainerBalancerTask.java:initializeIteration(443)) - Did not find any unbalanced Datanodes.
2023-08-30 06:49:52,062 [main] INFO  balancer.ContainerBalancerTask (ContainerBalancerTask.java:tryStopWithSaveConfiguration(308)) - Save Configuration for stopping. Reason: Could not initialize ContainerBalancer's iteration number 0
2023-08-30 06:49:52,063 [main] DEBUG balancer.ContainerBalancerTask (ContainerBalancerTask.java:initializeIteration(374)) - Average utilization of the cluster is 0.38698078579770684
2023-08-30 06:49:52,063 [main] DEBUG balancer.ContainerBalancerTask (ContainerBalancerTask.java:initializeIteration(386)) - Lower limit for utilization is 0.09211807740550276 and Upper limit for utilization is 0.681843494189911
2023-08-30 06:49:52,063 [main] DEBUG balancer.ContainerBalancerTask (ContainerBalancerTask.java:initializeIteration(398)) - Utilization for node d6fa954d-9233-4334-9bea-1522c897d56a with capacity 68003648853B, used 61203283968B, and remaining 6800364885B is 0.9000000000044115
2023-08-30 06:49:52,063 [main] DEBUG balancer.ContainerBalancerTask (ContainerBalancerTask.java:initializeIteration(398)) - Utilization for node 681ae63e-a876-4c5c-8c02-3bf495d957cd with capacity 87241523200B, used 69793218560B, and remaining 17448304640B is 0.8
2023-08-30 06:49:52,063 [main] DEBUG balancer.ContainerBalancerTask (ContainerBalancerTask.java:initializeIteration(398)) - Utilization for node 19d3f880-e223-44b8-abcc-495fd19dfa86 with capacity 69026260114B, used 48318382080B, and remaining 20707878034B is 0.7000000000028974
2023-08-30 06:49:52,063 [main] DEBUG balancer.ContainerBalancerTask (ContainerBalancerTask.java:initializeIteration(398)) - Utilization for node 1e842003-d8bf-4dba-a164-35eddf1d3511 with capacity 59055800320B, used 35433480192B, and remaining 23622320128B is 0.6
2023-08-30 06:49:52,063 [main] DEBUG balancer.ContainerBalancerTask (ContainerBalancerTask.java:initializeIteration(398)) - Utilization for node 1c4b2f89-40d2-467b-9872-4fa6e5223cd7 with capacity 130996502528B, used 65498251264B, and remaining 65498251264B is 0.5
2023-08-30 06:49:52,063 [main] DEBUG balancer.ContainerBalancerTask (ContainerBalancerTask.java:initializeIteration(398)) - Utilization for node 522d7852-c2b1-4f4d-9914-dde8150cadfe with capacity 64424509440B, used 25769803776B, and remaining 38654705664B is 0.4
2023-08-30 06:49:52,063 [main] DEBUG balancer.ContainerBalancerTask (ContainerBalancerTask.java:initializeIteration(398)) - Utilization for node 58e93824-a32b-4139-b1c8-aad9a9795a7d with capacity 136007297706B, used 40802189312B, and remaining 95205108394B is 0.30000000000147053
2023-08-30 06:49:52,063 [main] DEBUG balancer.ContainerBalancerTask (ContainerBalancerTask.java:initializeIteration(398)) - Utilization for node 4a7a5e61-2b3f-4981-a9a4-6af45d934c18 with capacity 118111600640B, used 23622320128B, and remaining 94489280512B is 0.2
2023-08-30 06:49:52,063 [main] DEBUG balancer.ContainerBalancerTask (ContainerBalancerTask.java:initializeIteration(398)) - Utilization for node 0298b916-6136-4321-989b-5bb354a0b70e with capacity 257698037760B, used 25769803776B, and remaining 231928233984B is 0.1
2023-08-30 06:49:52,064 [main] DEBUG balancer.ContainerBalancerTask (ContainerBalancerTask.java:initializeIteration(398)) - Utilization for node a8dc8e14-51a9-4d83-a5bf-6c6ac6975915 with capacity 33285996544B, used 0B, and remaining 33285996544B is 0.0
2023-08-30 06:49:52,064 [main] INFO  balancer.ContainerBalancerTask (ContainerBalancerTask.java:initializeIteration(447)) - Container Balancer has identified 3 Over-Utilized and 1 Under-Utilized Datanodes that need to be balanced.
2023-08-30 06:49:52,064 [main] DEBUG balancer.ContainerBalancerTask (ContainerBalancerTask.java:lambda$initializeIteration$1(453)) - Datanode localhost-146.188.160.172 d6fa954d-9233-4334-9bea-1522c897d56a is Over-Utilized.
2023-08-30 06:49:52,064 [main] DEBUG balancer.ContainerBalancerTask (ContainerBalancerTask.java:lambda$initializeIteration$1(453)) - Datanode localhost-233.191.17.208 681ae63e-a876-4c5c-8c02-3bf495d957cd is Over-Utilized.
2023-08-30 06:49:52,064 [main] DEBUG balancer.ContainerBalancerTask (ContainerBalancerTask.java:lambda$initializeIteration$1(453)) - Datanode localhost-123.88.214.81 19d3f880-e223-44b8-abcc-495fd19dfa86 is Over-Utilized.
2023-08-30 06:49:52,064 [main] DEBUG balancer.ContainerBalancerTask (ContainerBalancerTask.java:lambda$initializeIteration$2(459)) - Datanode localhost-89.157.111.179 a8dc8e14-51a9-4d83-a5bf-6c6ac6975915 is Under-Utilized.
2023-08-30 06:49:52,067 [main] DEBUG balancer.ContainerBalancerTask (ContainerBalancerTask.java:matchSourceWithTarget(708)) - ContainerBalancer is finding suitable target for source datanode d6fa954d-9233-4334-9bea-1522c897d56a
2023-08-30 06:49:52,067 [main] INFO  balancer.ContainerBalancerTask (ContainerBalancerTask.java:matchSourceWithTarget(722)) - ContainerBalancer matched source datanode d6fa954d-9233-4334-9bea-1522c897d56a with target datanode a8dc8e14-51a9-4d83-a5bf-6c6ac6975915 for container move.
2023-08-30 06:49:52,067 [main] INFO  balancer.ContainerBalancerTask (ContainerBalancerTask.java:processMoveSelection(569)) - ContainerBalancer is trying to move container #85 with size 5368709120B from source datanode d6fa954d-9233-4334-9bea-1522c897d56a to target datanode a8dc8e14-51a9-4d83-a5bf-6c6ac6975915
2023-08-30 06:49:52,068 [main] DEBUG balancer.ContainerBalancerTask (ContainerBalancerTask.java:lambda$moveContainer$3(837)) - Container move completed for container #85 from source d6fa954d-9233-4334-9bea-1522c897d56a to target a8dc8e14-51a9-4d83-a5bf-6c6ac6975915
2023-08-30 06:49:52,070 [main] DEBUG balancer.ContainerBalancerTask (ContainerBalancerTask.java:matchSourceWithTarget(708)) - ContainerBalancer is finding suitable target for source datanode d6fa954d-9233-4334-9bea-1522c897d56a
2023-08-30 06:49:52,071 [main] INFO  balancer.ContainerBalancerTask (ContainerBalancerTask.java:matchSourceWithTarget(722)) - ContainerBalancer matched source datanode d6fa954d-9233-4334-9bea-1522c897d56a with target datanode a8dc8e14-51a9-4d83-a5bf-6c6ac6975915 for container move.
2023-08-30 06:49:52,071 [main] INFO  balancer.ContainerBalancerTask (ContainerBalancerTask.java:processMoveSelection(569)) - ContainerBalancer is trying to move container #53 with size 5368709120B from source datanode d6fa954d-9233-4334-9bea-1522c897d56a to target datanode a8dc8e14-51a9-4d83-a5bf-6c6ac6975915
2023-08-30 06:49:52,071 [main] DEBUG balancer.ContainerBalancerTask (ContainerBalancerTask.java:lambda$moveContainer$3(837)) - Container move completed for container #53 from source d6fa954d-9233-4334-9bea-1522c897d56a to target a8dc8e14-51a9-4d83-a5bf-6c6ac6975915
2023-08-30 06:49:52,074 [main] DEBUG balancer.ContainerBalancerTask (ContainerBalancerTask.java:matchSourceWithTarget(708)) - ContainerBalancer is finding suitable target for source datanode 681ae63e-a876-4c5c-8c02-3bf495d957cd
2023-08-30 06:49:52,074 [main] INFO  balancer.ContainerBalancerTask (ContainerBalancerTask.java:matchSourceWithTarget(722)) - ContainerBalancer matched source datanode 681ae63e-a876-4c5c-8c02-3bf495d957cd with target datanode a8dc8e14-51a9-4d83-a5bf-6c6ac6975915 for container move.
2023-08-30 06:49:52,074 [main] INFO  balancer.ContainerBalancerTask (ContainerBalancerTask.java:processMoveSelection(569)) - ContainerBalancer is trying to move container #68 with size 5368709120B from source datanode 681ae63e-a876-4c5c-8c02-3bf495d957cd to target datanode a8dc8e14-51a9-4d83-a5bf-6c6ac6975915
2023-08-30 06:49:52,074 [main] DEBUG balancer.ContainerBalancerTask (ContainerBalancerTask.java:lambda$moveContainer$3(837)) - Container move completed for container #68 from source 681ae63e-a876-4c5c-8c02-3bf495d957cd to target a8dc8e14-51a9-4d83-a5bf-6c6ac6975915
2023-08-30 06:49:52,077 [main] DEBUG balancer.ContainerBalancerTask (ContainerBalancerTask.java:matchSourceWithTarget(708)) - ContainerBalancer is finding suitable target for source datanode d6fa954d-9233-4334-9bea-1522c897d56a
2023-08-30 06:49:52,078 [main] INFO  balancer.ContainerBalancerTask (ContainerBalancerTask.java:matchSourceWithTarget(722)) - ContainerBalancer matched source datanode d6fa954d-9233-4334-9bea-1522c897d56a with target datanode a8dc8e14-51a9-4d83-a5bf-6c6ac6975915 for container move.
2023-08-30 06:49:52,078 [main] INFO  balancer.ContainerBalancerTask (ContainerBalancerTask.java:processMoveSelection(569)) - ContainerBalancer is trying to move container #29 with size 5368709120B from source datanode d6fa954d-9233-4334-9bea-1522c897d56a to target datanode a8dc8e14-51a9-4d83-a5bf-6c6ac6975915
2023-08-30 06:49:52,078 [main] DEBUG balancer.ContainerBalancerTask (ContainerBalancerTask.java:lambda$moveContainer$3(837)) - Container move completed for container #29 from source d6fa954d-9233-4334-9bea-1522c897d56a to target a8dc8e14-51a9-4d83-a5bf-6c6ac6975915
2023-08-30 06:49:52,081 [main] DEBUG balancer.ContainerBalancerTask (ContainerBalancerTask.java:matchSourceWithTarget(708)) - ContainerBalancer is finding suitable target for source datanode 681ae63e-a876-4c5c-8c02-3bf495d957cd
2023-08-30 06:49:52,082 [main] INFO  balancer.ContainerBalancerTask (ContainerBalancerTask.java:matchSourceWithTarget(722)) - ContainerBalancer matched source datanode 681ae63e-a876-4c5c-8c02-3bf495d957cd with target datanode a8dc8e14-51a9-4d83-a5bf-6c6ac6975915 for container move.
2023-08-30 06:49:52,083 [main] INFO  balancer.ContainerBalancerTask (ContainerBalancerTask.java:processMoveSelection(569)) - ContainerBalancer is trying to move container #69 with size 1073741824B from source datanode 681ae63e-a876-4c5c-8c02-3bf495d957cd to target datanode a8dc8e14-51a9-4d83-a5bf-6c6ac6975915
2023-08-30 06:49:52,083 [main] DEBUG balancer.ContainerBalancerTask (ContainerBalancerTask.java:lambda$moveContainer$3(837)) - Container move completed for container #69 from source 681ae63e-a876-4c5c-8c02-3bf495d957cd to target a8dc8e14-51a9-4d83-a5bf-6c6ac6975915
2023-08-30 06:49:52,086 [main] DEBUG balancer.ContainerBalancerTask (ContainerBalancerTask.java:matchSourceWithTarget(708)) - ContainerBalancer is finding suitable target for source datanode 681ae63e-a876-4c5c-8c02-3bf495d957cd
2023-08-30 06:49:52,087 [main] INFO  balancer.FindTargetGreedyByUsageInfo (AbstractFindTargetGreedy.java:findTargetForContainerMove(133)) - Container Balancer could not find a target for source datanode 681ae63e-a876-4c5c-8c02-3bf495d957cd
2023-08-30 06:49:52,087 [main] DEBUG balancer.ContainerBalancerTask (ContainerBalancerTask.java:matchSourceWithTarget(717)) - ContainerBalancer could not find a suitable target for source node 681ae63e-a876-4c5c-8c02-3bf495d957cd.
2023-08-30 06:49:52,090 [main] DEBUG balancer.ContainerBalancerTask (ContainerBalancerTask.java:matchSourceWithTarget(708)) - ContainerBalancer is finding suitable target for source datanode 19d3f880-e223-44b8-abcc-495fd19dfa86
2023-08-30 06:49:52,091 [main] INFO  balancer.FindTargetGreedyByUsageInfo (AbstractFindTargetGreedy.java:findTargetForContainerMove(133)) - Container Balancer could not find a target for source datanode 19d3f880-e223-44b8-abcc-495fd19dfa86
2023-08-30 06:49:52,091 [main] DEBUG balancer.ContainerBalancerTask (ContainerBalancerTask.java:matchSourceWithTarget(717)) - ContainerBalancer could not find a suitable target for source node 19d3f880-e223-44b8-abcc-495fd19dfa86.
2023-08-30 06:49:52,094 [main] DEBUG balancer.ContainerBalancerTask (ContainerBalancerTask.java:matchSourceWithTarget(708)) - ContainerBalancer is finding suitable target for source datanode d6fa954d-9233-4334-9bea-1522c897d56a
2023-08-30 06:49:52,095 [main] INFO  balancer.FindTargetGreedyByUsageInfo (AbstractFindTargetGreedy.java:findTargetForContainerMove(133)) - Container Balancer could not find a target for source datanode d6fa954d-9233-4334-9bea-1522c897d56a
2023-08-30 06:49:52,095 [main] DEBUG balancer.ContainerBalancerTask (ContainerBalancerTask.java:matchSourceWithTarget(717)) - ContainerBalancer could not find a suitable target for source node d6fa954d-9233-4334-9bea-1522c897d56a.
2023-08-30 06:49:52,095 [main] INFO  balancer.FindSourceGreedy (FindSourceGreedy.java:getNextCandidateSourceDataNode(126)) - no more candidate source data node
2023-08-30 06:49:52,095 [main] INFO  balancer.ContainerBalancerTask (ContainerBalancerTask.java:checkIterationMoveResults(642)) - Iteration Summary. Number of Datanodes involved: 3. Size moved: 21 GB (22548578304 Bytes). Number of Container moves completed: 5.
2023-08-30 06:49:52,095 [main] INFO  balancer.ContainerBalancerTask (ContainerBalancerTask.java:balance(259)) - Result of this iteration of Container Balancer: ITERATION_COMPLETED
2023-08-30 06:49:52,096 [main] INFO  balancer.ContainerBalancerTask (ContainerBalancerTask.java:tryStopWithSaveConfiguration(308)) - Save Configuration for stopping. Reason: Completed all iterations.
2023-08-30 06:49:52,101 [main] DEBUG balancer.ContainerBalancerTask (ContainerBalancerTask.java:initializeIteration(374)) - Average utilization of the cluster is 0.38698078579770684
2023-08-30 06:49:52,102 [main] DEBUG balancer.ContainerBalancerTask (ContainerBalancerTask.java:initializeIteration(386)) - Lower limit for utilization is -0.30875884060003017 and Upper limit for utilization is 1.082720412195444
2023-08-30 06:49:52,102 [main] DEBUG balancer.ContainerBalancerTask (ContainerBalancerTask.java:initializeIteration(398)) - Utilization for node d6fa954d-9233-4334-9bea-1522c897d56a with capacity 68003648853B, used 61203283968B, and remaining 6800364885B is 0.9000000000044115
2023-08-30 06:49:52,102 [main] DEBUG balancer.ContainerBalancerTask (ContainerBalancerTask.java:initializeIteration(398)) - Utilization for node 681ae63e-a876-4c5c-8c02-3bf495d957cd with capacity 87241523200B, used 69793218560B, and remaining 17448304640B is 0.8
2023-08-30 06:49:52,102 [main] DEBUG balancer.ContainerBalancerTask (ContainerBalancerTask.java:initializeIteration(398)) - Utilization for node 19d3f880-e223-44b8-abcc-495fd19dfa86 with capacity 69026260114B, used 48318382080B, and remaining 20707878034B is 0.7000000000028974
2023-08-30 06:49:52,102 [main] DEBUG balancer.ContainerBalancerTask (ContainerBalancerTask.java:initializeIteration(398)) - Utilization for node 1e842003-d8bf-4dba-a164-35eddf1d3511 with capacity 59055800320B, used 35433480192B, and remaining 23622320128B is 0.6
2023-08-30 06:49:52,102 [main] DEBUG balancer.ContainerBalancerTask (ContainerBalancerTask.java:initializeIteration(398)) - Utilization for node 1c4b2f89-40d2-467b-9872-4fa6e5223cd7 with capacity 130996502528B, used 65498251264B, and remaining 65498251264B is 0.5
2023-08-30 06:49:52,102 [main] DEBUG balancer.ContainerBalancerTask (ContainerBalancerTask.java:initializeIteration(398)) - Utilization for node 522d7852-c2b1-4f4d-9914-dde8150cadfe with capacity 64424509440B, used 25769803776B, and remaining 38654705664B is 0.4
2023-08-30 06:49:52,102 [main] DEBUG balancer.ContainerBalancerTask (ContainerBalancerTask.java:initializeIteration(398)) - Utilization for node 58e93824-a32b-4139-b1c8-aad9a9795a7d with capacity 136007297706B, used 40802189312B, and remaining 95205108394B is 0.30000000000147053
2023-08-30 06:49:52,102 [main] DEBUG balancer.ContainerBalancerTask (ContainerBalancerTask.java:initializeIteration(398)) - Utilization for node 4a7a5e61-2b3f-4981-a9a4-6af45d934c18 with capacity 118111600640B, used 23622320128B, and remaining 94489280512B is 0.2
2023-08-30 06:49:52,102 [main] DEBUG balancer.ContainerBalancerTask (ContainerBalancerTask.java:initializeIteration(398)) - Utilization for node 0298b916-6136-4321-989b-5bb354a0b70e with capacity 257698037760B, used 25769803776B, and remaining 231928233984B is 0.1
2023-08-30 06:49:52,103 [main] DEBUG balancer.ContainerBalancerTask (ContainerBalancerTask.java:initializeIteration(398)) - Utilization for node a8dc8e14-51a9-4d83-a5bf-6c6ac6975915 with capacity 33285996544B, used 0B, and remaining 33285996544B is 0.0
2023-08-30 06:49:52,103 [main] INFO  balancer.ContainerBalancerTask (ContainerBalancerTask.java:initializeIteration(443)) - Did not find any unbalanced Datanodes.
2023-08-30 06:49:52,103 [main] INFO  balancer.ContainerBalancerTask (ContainerBalancerTask.java:tryStopWithSaveConfiguration(308)) - Save Configuration for stopping. Reason: Could not initialize ContainerBalancer's iteration number 0
2023-08-30 06:49:52,103 [main] DEBUG balancer.ContainerBalancerTask (ContainerBalancerTask.java:initializeIteration(374)) - Average utilization of the cluster is 0.38698078579770684
2023-08-30 06:49:52,104 [main] DEBUG balancer.ContainerBalancerTask (ContainerBalancerTask.java:initializeIteration(386)) - Lower limit for utilization is 0.12061579685759177 and Upper limit for utilization is 0.653345774737822
2023-08-30 06:49:52,104 [main] DEBUG balancer.ContainerBalancerTask (ContainerBalancerTask.java:initializeIteration(398)) - Utilization for node d6fa954d-9233-4334-9bea-1522c897d56a with capacity 68003648853B, used 61203283968B, and remaining 6800364885B is 0.9000000000044115
2023-08-30 06:49:52,104 [main] DEBUG balancer.ContainerBalancerTask (ContainerBalancerTask.java:initializeIteration(398)) - Utilization for node 681ae63e-a876-4c5c-8c02-3bf495d957cd with capacity 87241523200B, used 69793218560B, and remaining 17448304640B is 0.8
2023-08-30 06:49:52,104 [main] DEBUG balancer.ContainerBalancerTask (ContainerBalancerTask.java:initializeIteration(398)) - Utilization for node 19d3f880-e223-44b8-abcc-495fd19dfa86 with capacity 69026260114B, used 48318382080B, and remaining 20707878034B is 0.7000000000028974
2023-08-30 06:49:52,104 [main] DEBUG balancer.ContainerBalancerTask (ContainerBalancerTask.java:initializeIteration(398)) - Utilization for node 1e842003-d8bf-4dba-a164-35eddf1d3511 with capacity 59055800320B, used 35433480192B, and remaining 23622320128B is 0.6
2023-08-30 06:49:52,104 [main] DEBUG balancer.ContainerBalancerTask (ContainerBalancerTask.java:initializeIteration(398)) - Utilization for node 1c4b2f89-40d2-467b-9872-4fa6e5223cd7 with capacity 130996502528B, used 65498251264B, and remaining 65498251264B is 0.5
2023-08-30 06:49:52,104 [main] DEBUG balancer.ContainerBalancerTask (ContainerBalancerTask.java:initializeIteration(398)) - Utilization for node 522d7852-c2b1-4f4d-9914-dde8150cadfe with capacity 64424509440B, used 25769803776B, and remaining 38654705664B is 0.4
2023-08-30 06:49:52,104 [main] DEBUG balancer.ContainerBalancerTask (ContainerBalancerTask.java:initializeIteration(398)) - Utilization for node 58e93824-a32b-4139-b1c8-aad9a9795a7d with capacity 136007297706B, used 40802189312B, and remaining 95205108394B is 0.30000000000147053
2023-08-30 06:49:52,104 [main] DEBUG balancer.ContainerBalancerTask (ContainerBalancerTask.java:initializeIteration(398)) - Utilization for node 4a7a5e61-2b3f-4981-a9a4-6af45d934c18 with capacity 118111600640B, used 23622320128B, and remaining 94489280512B is 0.2
2023-08-30 06:49:52,104 [main] DEBUG balancer.ContainerBalancerTask (ContainerBalancerTask.java:initializeIteration(398)) - Utilization for node 0298b916-6136-4321-989b-5bb354a0b70e with capacity 257698037760B, used 25769803776B, and remaining 231928233984B is 0.1
2023-08-30 06:49:52,104 [main] DEBUG balancer.ContainerBalancerTask (ContainerBalancerTask.java:initializeIteration(398)) - Utilization for node a8dc8e14-51a9-4d83-a5bf-6c6ac6975915 with capacity 33285996544B, used 0B, and remaining 33285996544B is 0.0
2023-08-30 06:49:52,105 [main] INFO  balancer.ContainerBalancerTask (ContainerBalancerTask.java:initializeIteration(447)) - Container Balancer has identified 3 Over-Utilized and 2 Under-Utilized Datanodes that need to be balanced.
2023-08-30 06:49:52,105 [main] DEBUG balancer.ContainerBalancerTask (ContainerBalancerTask.java:lambda$initializeIteration$1(453)) - Datanode localhost-146.188.160.172 d6fa954d-9233-4334-9bea-1522c897d56a is Over-Utilized.
2023-08-30 06:49:52,105 [main] DEBUG balancer.ContainerBalancerTask (ContainerBalancerTask.java:lambda$initializeIteration$1(453)) - Datanode localhost-233.191.17.208 681ae63e-a876-4c5c-8c02-3bf495d957cd is Over-Utilized.
2023-08-30 06:49:52,105 [main] DEBUG balancer.ContainerBalancerTask (ContainerBalancerTask.java:lambda$initializeIteration$1(453)) - Datanode localhost-123.88.214.81 19d3f880-e223-44b8-abcc-495fd19dfa86 is Over-Utilized.
2023-08-30 06:49:52,105 [main] DEBUG balancer.ContainerBalancerTask (ContainerBalancerTask.java:lambda$initializeIteration$2(459)) - Datanode localhost-89.157.111.179 a8dc8e14-51a9-4d83-a5bf-6c6ac6975915 is Under-Utilized.
2023-08-30 06:49:52,105 [main] DEBUG balancer.ContainerBalancerTask (ContainerBalancerTask.java:lambda$initializeIteration$2(459)) - Datanode localhost-248.15.158.135 0298b916-6136-4321-989b-5bb354a0b70e is Under-Utilized.
2023-08-30 06:49:52,109 [main] DEBUG balancer.ContainerBalancerTask (ContainerBalancerTask.java:matchSourceWithTarget(708)) - ContainerBalancer is finding suitable target for source datanode d6fa954d-9233-4334-9bea-1522c897d56a
2023-08-30 06:49:52,109 [main] INFO  balancer.ContainerBalancerTask (ContainerBalancerTask.java:matchSourceWithTarget(722)) - ContainerBalancer matched source datanode d6fa954d-9233-4334-9bea-1522c897d56a with target datanode a8dc8e14-51a9-4d83-a5bf-6c6ac6975915 for container move.
2023-08-30 06:49:52,109 [main] INFO  balancer.ContainerBalancerTask (ContainerBalancerTask.java:processMoveSelection(569)) - ContainerBalancer is trying to move container #85 with size 5368709120B from source datanode d6fa954d-9233-4334-9bea-1522c897d56a to target datanode a8dc8e14-51a9-4d83-a5bf-6c6ac6975915
2023-08-30 06:49:52,110 [main] DEBUG balancer.ContainerBalancerTask (ContainerBalancerTask.java:lambda$moveContainer$3(837)) - Container move completed for container #85 from source d6fa954d-9233-4334-9bea-1522c897d56a to target a8dc8e14-51a9-4d83-a5bf-6c6ac6975915
2023-08-30 06:49:52,112 [main] DEBUG balancer.ContainerBalancerTask (ContainerBalancerTask.java:matchSourceWithTarget(708)) - ContainerBalancer is finding suitable target for source datanode d6fa954d-9233-4334-9bea-1522c897d56a
2023-08-30 06:49:52,113 [main] INFO  balancer.ContainerBalancerTask (ContainerBalancerTask.java:matchSourceWithTarget(722)) - ContainerBalancer matched source datanode d6fa954d-9233-4334-9bea-1522c897d56a with target datanode 0298b916-6136-4321-989b-5bb354a0b70e for container move.
2023-08-30 06:49:52,115 [main] INFO  balancer.ContainerBalancerTask (ContainerBalancerTask.java:processMoveSelection(569)) - ContainerBalancer is trying to move container #29 with size 5368709120B from source datanode d6fa954d-9233-4334-9bea-1522c897d56a to target datanode 0298b916-6136-4321-989b-5bb354a0b70e
2023-08-30 06:49:52,115 [main] DEBUG balancer.ContainerBalancerTask (ContainerBalancerTask.java:lambda$moveContainer$3(837)) - Container move completed for container #29 from source d6fa954d-9233-4334-9bea-1522c897d56a to target 0298b916-6136-4321-989b-5bb354a0b70e
2023-08-30 06:49:52,118 [main] DEBUG balancer.ContainerBalancerTask (ContainerBalancerTask.java:matchSourceWithTarget(708)) - ContainerBalancer is finding suitable target for source datanode 681ae63e-a876-4c5c-8c02-3bf495d957cd
2023-08-30 06:49:52,118 [main] INFO  balancer.ContainerBalancerTask (ContainerBalancerTask.java:matchSourceWithTarget(722)) - ContainerBalancer matched source datanode 681ae63e-a876-4c5c-8c02-3bf495d957cd with target datanode 0298b916-6136-4321-989b-5bb354a0b70e for container move.
2023-08-30 06:49:52,119 [main] INFO  balancer.ContainerBalancerTask (ContainerBalancerTask.java:processMoveSelection(569)) - ContainerBalancer is trying to move container #68 with size 5368709120B from source datanode 681ae63e-a876-4c5c-8c02-3bf495d957cd to target datanode 0298b916-6136-4321-989b-5bb354a0b70e
2023-08-30 06:49:52,119 [main] DEBUG balancer.ContainerBalancerTask (ContainerBalancerTask.java:lambda$moveContainer$3(837)) - Container move completed for container #68 from source 681ae63e-a876-4c5c-8c02-3bf495d957cd to target 0298b916-6136-4321-989b-5bb354a0b70e
2023-08-30 06:49:52,123 [main] DEBUG balancer.ContainerBalancerTask (ContainerBalancerTask.java:matchSourceWithTarget(708)) - ContainerBalancer is finding suitable target for source datanode d6fa954d-9233-4334-9bea-1522c897d56a
2023-08-30 06:49:52,123 [main] INFO  balancer.ContainerBalancerTask (ContainerBalancerTask.java:matchSourceWithTarget(722)) - ContainerBalancer matched source datanode d6fa954d-9233-4334-9bea-1522c897d56a with target datanode 0298b916-6136-4321-989b-5bb354a0b70e for container move.
2023-08-30 06:49:52,123 [main] INFO  balancer.ContainerBalancerTask (ContainerBalancerTask.java:processMoveSelection(569)) - ContainerBalancer is trying to move container #84 with size 4294967296B from source datanode d6fa954d-9233-4334-9bea-1522c897d56a to target datanode 0298b916-6136-4321-989b-5bb354a0b70e
2023-08-30 06:49:52,123 [main] DEBUG balancer.ContainerBalancerTask (ContainerBalancerTask.java:lambda$moveContainer$3(837)) - Container move completed for container #84 from source d6fa954d-9233-4334-9bea-1522c897d56a to target 0298b916-6136-4321-989b-5bb354a0b70e
2023-08-30 06:49:52,127 [main] DEBUG balancer.ContainerBalancerTask (ContainerBalancerTask.java:matchSourceWithTarget(708)) - ContainerBalancer is finding suitable target for source datanode 681ae63e-a876-4c5c-8c02-3bf495d957cd
2023-08-30 06:49:52,127 [main] INFO  balancer.ContainerBalancerTask (ContainerBalancerTask.java:matchSourceWithTarget(722)) - ContainerBalancer matched source datanode 681ae63e-a876-4c5c-8c02-3bf495d957cd with target datanode 0298b916-6136-4321-989b-5bb354a0b70e for container move.
2023-08-30 06:49:52,127 [main] INFO  balancer.ContainerBalancerTask (ContainerBalancerTask.java:processMoveSelection(569)) - ContainerBalancer is trying to move container #40 with size 5368709120B from source datanode 681ae63e-a876-4c5c-8c02-3bf495d957cd to target datanode 0298b916-6136-4321-989b-5bb354a0b70e
2023-08-30 06:49:52,127 [main] DEBUG balancer.ContainerBalancerTask (ContainerBalancerTask.java:lambda$moveContainer$3(837)) - Container move completed for container #40 from source 681ae63e-a876-4c5c-8c02-3bf495d957cd to target 0298b916-6136-4321-989b-5bb354a0b70e
2023-08-30 06:49:52,130 [main] DEBUG balancer.ContainerBalancerTask (ContainerBalancerTask.java:matchSourceWithTarget(708)) - ContainerBalancer is finding suitable target for source datanode 19d3f880-e223-44b8-abcc-495fd19dfa86
2023-08-30 06:49:52,130 [main] INFO  balancer.ContainerBalancerTask (ContainerBalancerTask.java:matchSourceWithTarget(722)) - ContainerBalancer matched source datanode 19d3f880-e223-44b8-abcc-495fd19dfa86 with target datanode a8dc8e14-51a9-4d83-a5bf-6c6ac6975915 for container move.
2023-08-30 06:49:52,131 [main] INFO  balancer.ContainerBalancerTask (ContainerBalancerTask.java:processMoveSelection(569)) - ContainerBalancer is trying to move container #53 with size 5368709120B from source datanode 19d3f880-e223-44b8-abcc-495fd19dfa86 to target datanode a8dc8e14-51a9-4d83-a5bf-6c6ac6975915
2023-08-30 06:49:52,131 [main] DEBUG balancer.ContainerBalancerTask (ContainerBalancerTask.java:lambda$moveContainer$3(837)) - Container move completed for container #53 from source 19d3f880-e223-44b8-abcc-495fd19dfa86 to target a8dc8e14-51a9-4d83-a5bf-6c6ac6975915
2023-08-30 06:49:52,134 [main] DEBUG balancer.ContainerBalancerTask (ContainerBalancerTask.java:matchSourceWithTarget(708)) - ContainerBalancer is finding suitable target for source datanode d6fa954d-9233-4334-9bea-1522c897d56a
2023-08-30 06:49:52,135 [main] INFO  balancer.ContainerBalancerTask (ContainerBalancerTask.java:matchSourceWithTarget(722)) - ContainerBalancer matched source datanode d6fa954d-9233-4334-9bea-1522c897d56a with target datanode 0298b916-6136-4321-989b-5bb354a0b70e for container move.
2023-08-30 06:49:52,135 [main] INFO  balancer.ContainerBalancerTask (ContainerBalancerTask.java:processMoveSelection(569)) - ContainerBalancer is trying to move container #67 with size 4294967296B from source datanode d6fa954d-9233-4334-9bea-1522c897d56a to target datanode 0298b916-6136-4321-989b-5bb354a0b70e
2023-08-30 06:49:52,135 [main] DEBUG balancer.ContainerBalancerTask (ContainerBalancerTask.java:lambda$moveContainer$3(837)) - Container move completed for container #67 from source d6fa954d-9233-4334-9bea-1522c897d56a to target 0298b916-6136-4321-989b-5bb354a0b70e
2023-08-30 06:49:52,138 [main] DEBUG balancer.ContainerBalancerTask (ContainerBalancerTask.java:matchSourceWithTarget(708)) - ContainerBalancer is finding suitable target for source datanode 681ae63e-a876-4c5c-8c02-3bf495d957cd
2023-08-30 06:49:52,138 [main] INFO  balancer.ContainerBalancerTask (ContainerBalancerTask.java:matchSourceWithTarget(722)) - ContainerBalancer matched source datanode 681ae63e-a876-4c5c-8c02-3bf495d957cd with target datanode 0298b916-6136-4321-989b-5bb354a0b70e for container move.
2023-08-30 06:49:52,138 [main] INFO  balancer.ContainerBalancerTask (ContainerBalancerTask.java:processMoveSelection(569)) - ContainerBalancer is trying to move container #28 with size 4294967296B from source datanode 681ae63e-a876-4c5c-8c02-3bf495d957cd to target datanode 0298b916-6136-4321-989b-5bb354a0b70e
2023-08-30 06:49:52,138 [main] DEBUG balancer.ContainerBalancerTask (ContainerBalancerTask.java:lambda$moveContainer$3(837)) - Container move completed for container #28 from source 681ae63e-a876-4c5c-8c02-3bf495d957cd to target 0298b916-6136-4321-989b-5bb354a0b70e
2023-08-30 06:49:52,141 [main] DEBUG balancer.ContainerBalancerTask (ContainerBalancerTask.java:matchSourceWithTarget(708)) - ContainerBalancer is finding suitable target for source datanode 681ae63e-a876-4c5c-8c02-3bf495d957cd
2023-08-30 06:49:52,142 [main] INFO  balancer.ContainerBalancerTask (ContainerBalancerTask.java:matchSourceWithTarget(722)) - ContainerBalancer matched source datanode 681ae63e-a876-4c5c-8c02-3bf495d957cd with target datanode 0298b916-6136-4321-989b-5bb354a0b70e for container move.
2023-08-30 06:49:52,142 [main] INFO  balancer.ContainerBalancerTask (ContainerBalancerTask.java:processMoveSelection(569)) - ContainerBalancer is trying to move container #88 with size 3221225472B from source datanode 681ae63e-a876-4c5c-8c02-3bf495d957cd to target datanode 0298b916-6136-4321-989b-5bb354a0b70e
2023-08-30 06:49:52,142 [main] DEBUG balancer.ContainerBalancerTask (ContainerBalancerTask.java:lambda$moveContainer$3(837)) - Container move completed for container #88 from source 681ae63e-a876-4c5c-8c02-3bf495d957cd to target 0298b916-6136-4321-989b-5bb354a0b70e
2023-08-30 06:49:52,145 [main] DEBUG balancer.ContainerBalancerTask (ContainerBalancerTask.java:matchSourceWithTarget(708)) - ContainerBalancer is finding suitable target for source datanode 19d3f880-e223-44b8-abcc-495fd19dfa86
2023-08-30 06:49:52,145 [main] INFO  balancer.ContainerBalancerTask (ContainerBalancerTask.java:matchSourceWithTarget(722)) - ContainerBalancer matched source datanode 19d3f880-e223-44b8-abcc-495fd19dfa86 with target datanode 0298b916-6136-4321-989b-5bb354a0b70e for container move.
2023-08-30 06:49:52,145 [main] INFO  balancer.ContainerBalancerTask (ContainerBalancerTask.java:processMoveSelection(569)) - ContainerBalancer is trying to move container #52 with size 4294967296B from source datanode 19d3f880-e223-44b8-abcc-495fd19dfa86 to target datanode 0298b916-6136-4321-989b-5bb354a0b70e
2023-08-30 06:49:52,146 [main] DEBUG balancer.ContainerBalancerTask (ContainerBalancerTask.java:lambda$moveContainer$3(837)) - Container move completed for container #52 from source 19d3f880-e223-44b8-abcc-495fd19dfa86 to target 0298b916-6136-4321-989b-5bb354a0b70e
2023-08-30 06:49:52,149 [main] DEBUG balancer.ContainerBalancerTask (ContainerBalancerTask.java:matchSourceWithTarget(708)) - ContainerBalancer is finding suitable target for source datanode d6fa954d-9233-4334-9bea-1522c897d56a
2023-08-30 06:49:52,149 [main] INFO  balancer.ContainerBalancerTask (ContainerBalancerTask.java:matchSourceWithTarget(722)) - ContainerBalancer matched source datanode d6fa954d-9233-4334-9bea-1522c897d56a with target datanode 0298b916-6136-4321-989b-5bb354a0b70e for container move.
2023-08-30 06:49:52,149 [main] INFO  balancer.ContainerBalancerTask (ContainerBalancerTask.java:processMoveSelection(569)) - ContainerBalancer is trying to move container #19 with size 4294967296B from source datanode d6fa954d-9233-4334-9bea-1522c897d56a to target datanode 0298b916-6136-4321-989b-5bb354a0b70e
2023-08-30 06:49:52,149 [main] DEBUG balancer.ContainerBalancerTask (ContainerBalancerTask.java:lambda$moveContainer$3(837)) - Container move completed for container #19 from source d6fa954d-9233-4334-9bea-1522c897d56a to target 0298b916-6136-4321-989b-5bb354a0b70e
2023-08-30 06:49:52,153 [main] DEBUG balancer.ContainerBalancerTask (ContainerBalancerTask.java:matchSourceWithTarget(708)) - ContainerBalancer is finding suitable target for source datanode 681ae63e-a876-4c5c-8c02-3bf495d957cd
2023-08-30 06:49:52,153 [main] INFO  balancer.ContainerBalancerTask (ContainerBalancerTask.java:matchSourceWithTarget(722)) - ContainerBalancer matched source datanode 681ae63e-a876-4c5c-8c02-3bf495d957cd with target datanode 0298b916-6136-4321-989b-5bb354a0b70e for container move.
2023-08-30 06:49:52,153 [main] INFO  balancer.ContainerBalancerTask (ContainerBalancerTask.java:processMoveSelection(569)) - ContainerBalancer is trying to move container #70 with size 2147483648B from source datanode 681ae63e-a876-4c5c-8c02-3bf495d957cd to target datanode 0298b916-6136-4321-989b-5bb354a0b70e
2023-08-30 06:49:52,154 [main] DEBUG balancer.ContainerBalancerTask (ContainerBalancerTask.java:lambda$moveContainer$3(837)) - Container move completed for container #70 from source 681ae63e-a876-4c5c-8c02-3bf495d957cd to target 0298b916-6136-4321-989b-5bb354a0b70e
2023-08-30 06:49:52,154 [main] WARN  balancer.ContainerBalancerTask (ContainerBalancerTask.java:reachedMaxSizeToMovePerIteration(733)) - Reached max size to move limit. 53687091200 bytes have already been scheduled for balancing and the limit is 53687091200 bytes.
2023-08-30 06:49:52,154 [main] INFO  balancer.ContainerBalancerTask (ContainerBalancerTask.java:checkIterationMoveResults(642)) - Iteration Summary. Number of Datanodes involved: 5. Size moved: 50 GB (53687091200 Bytes). Number of Container moves completed: 12.
2023-08-30 06:49:52,154 [main] INFO  balancer.ContainerBalancerTask (ContainerBalancerTask.java:balance(259)) - Result of this iteration of Container Balancer: ITERATION_COMPLETED
2023-08-30 06:49:52,154 [main] INFO  balancer.ContainerBalancerTask (ContainerBalancerTask.java:tryStopWithSaveConfiguration(308)) - Save Configuration for stopping. Reason: Completed all iterations.
2023-08-30 06:49:52,155 [main] DEBUG balancer.ContainerBalancerTask (ContainerBalancerTask.java:initializeIteration(374)) - Average utilization of the cluster is 0.38698078579770684
2023-08-30 06:49:52,155 [main] DEBUG balancer.ContainerBalancerTask (ContainerBalancerTask.java:initializeIteration(386)) - Lower limit for utilization is -0.1227322146300705 and Upper limit for utilization is 0.8966937862254842
2023-08-30 06:49:52,155 [main] DEBUG balancer.ContainerBalancerTask (ContainerBalancerTask.java:initializeIteration(398)) - Utilization for node d6fa954d-9233-4334-9bea-1522c897d56a with capacity 68003648853B, used 61203283968B, and remaining 6800364885B is 0.9000000000044115
2023-08-30 06:49:52,156 [main] DEBUG balancer.ContainerBalancerTask (ContainerBalancerTask.java:initializeIteration(398)) - Utilization for node 681ae63e-a876-4c5c-8c02-3bf495d957cd with capacity 87241523200B, used 69793218560B, and remaining 17448304640B is 0.8
2023-08-30 06:49:52,156 [main] DEBUG balancer.ContainerBalancerTask (ContainerBalancerTask.java:initializeIteration(398)) - Utilization for node 19d3f880-e223-44b8-abcc-495fd19dfa86 with capacity 69026260114B, used 48318382080B, and remaining 20707878034B is 0.7000000000028974
2023-08-30 06:49:52,156 [main] DEBUG balancer.ContainerBalancerTask (ContainerBalancerTask.java:initializeIteration(398)) - Utilization for node 1e842003-d8bf-4dba-a164-35eddf1d3511 with capacity 59055800320B, used 35433480192B, and remaining 23622320128B is 0.6
2023-08-30 06:49:52,156 [main] DEBUG balancer.ContainerBalancerTask (ContainerBalancerTask.java:initializeIteration(398)) - Utilization for node 1c4b2f89-40d2-467b-9872-4fa6e5223cd7 with capacity 130996502528B, used 65498251264B, and remaining 65498251264B is 0.5
2023-08-30 06:49:52,156 [main] DEBUG balancer.ContainerBalancerTask (ContainerBalancerTask.java:initializeIteration(398)) - Utilization for node 522d7852-c2b1-4f4d-9914-dde8150cadfe with capacity 64424509440B, used 25769803776B, and remaining 38654705664B is 0.4
2023-08-30 06:49:52,156 [main] DEBUG balancer.ContainerBalancerTask (ContainerBalancerTask.java:initializeIteration(398)) - Utilization for node 58e93824-a32b-4139-b1c8-aad9a9795a7d with capacity 136007297706B, used 40802189312B, and remaining 95205108394B is 0.30000000000147053
2023-08-30 06:49:52,156 [main] DEBUG balancer.ContainerBalancerTask (ContainerBalancerTask.java:initializeIteration(398)) - Utilization for node 4a7a5e61-2b3f-4981-a9a4-6af45d934c18 with capacity 118111600640B, used 23622320128B, and remaining 94489280512B is 0.2
2023-08-30 06:49:52,156 [main] DEBUG balancer.ContainerBalancerTask (ContainerBalancerTask.java:initializeIteration(398)) - Utilization for node 0298b916-6136-4321-989b-5bb354a0b70e with capacity 257698037760B, used 25769803776B, and remaining 231928233984B is 0.1
2023-08-30 06:49:52,156 [main] DEBUG balancer.ContainerBalancerTask (ContainerBalancerTask.java:initializeIteration(398)) - Utilization for node a8dc8e14-51a9-4d83-a5bf-6c6ac6975915 with capacity 33285996544B, used 0B, and remaining 33285996544B is 0.0
2023-08-30 06:49:52,156 [main] INFO  balancer.ContainerBalancerTask (ContainerBalancerTask.java:initializeIteration(447)) - Container Balancer has identified 1 Over-Utilized and 0 Under-Utilized Datanodes that need to be balanced.
2023-08-30 06:49:52,156 [main] DEBUG balancer.ContainerBalancerTask (ContainerBalancerTask.java:lambda$initializeIteration$1(453)) - Datanode localhost-146.188.160.172 d6fa954d-9233-4334-9bea-1522c897d56a is Over-Utilized.
2023-08-30 06:49:52,159 [main] DEBUG balancer.ContainerBalancerTask (ContainerBalancerTask.java:matchSourceWithTarget(708)) - ContainerBalancer is finding suitable target for source datanode d6fa954d-9233-4334-9bea-1522c897d56a
2023-08-30 06:49:52,159 [main] INFO  balancer.FindTargetGreedyByUsageInfo (AbstractFindTargetGreedy.java:findTargetForContainerMove(133)) - Container Balancer could not find a target for source datanode d6fa954d-9233-4334-9bea-1522c897d56a
2023-08-30 06:49:52,159 [main] DEBUG balancer.ContainerBalancerTask (ContainerBalancerTask.java:matchSourceWithTarget(717)) - ContainerBalancer could not find a suitable target for source node d6fa954d-9233-4334-9bea-1522c897d56a.
2023-08-30 06:49:52,161 [main] INFO  balancer.FindSourceGreedy (FindSourceGreedy.java:getNextCandidateSourceDataNode(126)) - no more candidate source data node
2023-08-30 06:49:52,161 [main] INFO  balancer.ContainerBalancerTask (ContainerBalancerTask.java:balance(259)) - Result of this iteration of Container Balancer: CAN_NOT_BALANCE_ANY_MORE
2023-08-30 06:49:52,161 [main] INFO  balancer.ContainerBalancerTask (ContainerBalancerTask.java:tryStopWithSaveConfiguration(308)) - Save Configuration for stopping. Reason: CAN_NOT_BALANCE_ANY_MORE
2023-08-30 06:49:52,163 [main] DEBUG balancer.ContainerBalancerTask (ContainerBalancerTask.java:initializeIteration(374)) - Average utilization of the cluster is 0.38698078579770684
2023-08-30 06:49:52,164 [main] DEBUG balancer.ContainerBalancerTask (ContainerBalancerTask.java:initializeIteration(386)) - Lower limit for utilization is -0.01596501183439991 and Upper limit for utilization is 0.7899265834298136
2023-08-30 06:49:52,164 [main] DEBUG balancer.ContainerBalancerTask (ContainerBalancerTask.java:initializeIteration(398)) - Utilization for node d6fa954d-9233-4334-9bea-1522c897d56a with capacity 68003648853B, used 61203283968B, and remaining 6800364885B is 0.9000000000044115
2023-08-30 06:49:52,164 [main] DEBUG balancer.ContainerBalancerTask (ContainerBalancerTask.java:initializeIteration(398)) - Utilization for node 681ae63e-a876-4c5c-8c02-3bf495d957cd with capacity 87241523200B, used 69793218560B, and remaining 17448304640B is 0.8
2023-08-30 06:49:52,164 [main] DEBUG balancer.ContainerBalancerTask (ContainerBalancerTask.java:initializeIteration(398)) - Utilization for node 19d3f880-e223-44b8-abcc-495fd19dfa86 with capacity 69026260114B, used 48318382080B, and remaining 20707878034B is 0.7000000000028974
2023-08-30 06:49:52,164 [main] DEBUG balancer.ContainerBalancerTask (ContainerBalancerTask.java:initializeIteration(398)) - Utilization for node 1e842003-d8bf-4dba-a164-35eddf1d3511 with capacity 59055800320B, used 35433480192B, and remaining 23622320128B is 0.6
2023-08-30 06:49:52,164 [main] DEBUG balancer.ContainerBalancerTask (ContainerBalancerTask.java:initializeIteration(398)) - Utilization for node 1c4b2f89-40d2-467b-9872-4fa6e5223cd7 with capacity 130996502528B, used 65498251264B, and remaining 65498251264B is 0.5
2023-08-30 06:49:52,164 [main] DEBUG balancer.ContainerBalancerTask (ContainerBalancerTask.java:initializeIteration(398)) - Utilization for node 522d7852-c2b1-4f4d-9914-dde8150cadfe with capacity 64424509440B, used 25769803776B, and remaining 38654705664B is 0.4
2023-08-30 06:49:52,164 [main] DEBUG balancer.ContainerBalancerTask (ContainerBalancerTask.java:initializeIteration(398)) - Utilization for node 58e93824-a32b-4139-b1c8-aad9a9795a7d with capacity 136007297706B, used 40802189312B, and remaining 95205108394B is 0.30000000000147053
2023-08-30 06:49:52,164 [main] DEBUG balancer.ContainerBalancerTask (ContainerBalancerTask.java:initializeIteration(398)) - Utilization for node 4a7a5e61-2b3f-4981-a9a4-6af45d934c18 with capacity 118111600640B, used 23622320128B, and remaining 94489280512B is 0.2
2023-08-30 06:49:52,164 [main] DEBUG balancer.ContainerBalancerTask (ContainerBalancerTask.java:initializeIteration(398)) - Utilization for node 0298b916-6136-4321-989b-5bb354a0b70e with capacity 257698037760B, used 25769803776B, and remaining 231928233984B is 0.1
2023-08-30 06:49:52,164 [main] DEBUG balancer.ContainerBalancerTask (ContainerBalancerTask.java:initializeIteration(398)) - Utilization for node a8dc8e14-51a9-4d83-a5bf-6c6ac6975915 with capacity 33285996544B, used 0B, and remaining 33285996544B is 0.0
2023-08-30 06:49:52,165 [main] INFO  balancer.ContainerBalancerTask (ContainerBalancerTask.java:initializeIteration(447)) - Container Balancer has identified 2 Over-Utilized and 0 Under-Utilized Datanodes that need to be balanced.
2023-08-30 06:49:52,165 [main] DEBUG balancer.ContainerBalancerTask (ContainerBalancerTask.java:lambda$initializeIteration$1(453)) - Datanode localhost-146.188.160.172 d6fa954d-9233-4334-9bea-1522c897d56a is Over-Utilized.
2023-08-30 06:49:52,165 [main] DEBUG balancer.ContainerBalancerTask (ContainerBalancerTask.java:lambda$initializeIteration$1(453)) - Datanode localhost-233.191.17.208 681ae63e-a876-4c5c-8c02-3bf495d957cd is Over-Utilized.
2023-08-30 06:49:52,169 [main] DEBUG balancer.ContainerBalancerTask (ContainerBalancerTask.java:matchSourceWithTarget(708)) - ContainerBalancer is finding suitable target for source datanode d6fa954d-9233-4334-9bea-1522c897d56a
2023-08-30 06:49:52,170 [main] INFO  balancer.FindTargetGreedyByUsageInfo (AbstractFindTargetGreedy.java:findTargetForContainerMove(133)) - Container Balancer could not find a target for source datanode d6fa954d-9233-4334-9bea-1522c897d56a
2023-08-30 06:49:52,170 [main] DEBUG balancer.ContainerBalancerTask (ContainerBalancerTask.java:matchSourceWithTarget(717)) - ContainerBalancer could not find a suitable target for source node d6fa954d-9233-4334-9bea-1522c897d56a.
2023-08-30 06:49:52,173 [main] DEBUG balancer.ContainerBalancerTask (ContainerBalancerTask.java:matchSourceWithTarget(708)) - ContainerBalancer is finding suitable target for source datanode 681ae63e-a876-4c5c-8c02-3bf495d957cd
2023-08-30 06:49:52,173 [main] INFO  balancer.FindTargetGreedyByUsageInfo (AbstractFindTargetGreedy.java:findTargetForContainerMove(133)) - Container Balancer could not find a target for source datanode 681ae63e-a876-4c5c-8c02-3bf495d957cd
2023-08-30 06:49:52,173 [main] DEBUG balancer.ContainerBalancerTask (ContainerBalancerTask.java:matchSourceWithTarget(717)) - ContainerBalancer could not find a suitable target for source node 681ae63e-a876-4c5c-8c02-3bf495d957cd.
2023-08-30 06:49:52,173 [main] INFO  balancer.FindSourceGreedy (FindSourceGreedy.java:getNextCandidateSourceDataNode(126)) - no more candidate source data node
2023-08-30 06:49:52,173 [main] INFO  balancer.ContainerBalancerTask (ContainerBalancerTask.java:balance(259)) - Result of this iteration of Container Balancer: CAN_NOT_BALANCE_ANY_MORE
2023-08-30 06:49:52,173 [main] INFO  balancer.ContainerBalancerTask (ContainerBalancerTask.java:tryStopWithSaveConfiguration(308)) - Save Configuration for stopping. Reason: CAN_NOT_BALANCE_ANY_MORE
2023-08-30 06:49:52,175 [main] DEBUG balancer.ContainerBalancerTask (ContainerBalancerTask.java:initializeIteration(374)) - Average utilization of the cluster is 0.38698078579770684
2023-08-30 06:49:52,176 [main] DEBUG balancer.ContainerBalancerTask (ContainerBalancerTask.java:initializeIteration(386)) - Lower limit for utilization is -0.14040807135135897 and Upper limit for utilization is 0.9143696429467727
2023-08-30 06:49:52,176 [main] DEBUG balancer.ContainerBalancerTask (ContainerBalancerTask.java:initializeIteration(398)) - Utilization for node d6fa954d-9233-4334-9bea-1522c897d56a with capacity 68003648853B, used 61203283968B, and remaining 6800364885B is 0.9000000000044115
2023-08-30 06:49:52,176 [main] DEBUG balancer.ContainerBalancerTask (ContainerBalancerTask.java:initializeIteration(398)) - Utilization for node 681ae63e-a876-4c5c-8c02-3bf495d957cd with capacity 87241523200B, used 69793218560B, and remaining 17448304640B is 0.8
2023-08-30 06:49:52,176 [main] DEBUG balancer.ContainerBalancerTask (ContainerBalancerTask.java:initializeIteration(398)) - Utilization for node 19d3f880-e223-44b8-abcc-495fd19dfa86 with capacity 69026260114B, used 48318382080B, and remaining 20707878034B is 0.7000000000028974
2023-08-30 06:49:52,176 [main] DEBUG balancer.ContainerBalancerTask (ContainerBalancerTask.java:initializeIteration(398)) - Utilization for node 1e842003-d8bf-4dba-a164-35eddf1d3511 with capacity 59055800320B, used 35433480192B, and remaining 23622320128B is 0.6
2023-08-30 06:49:52,176 [main] DEBUG balancer.ContainerBalancerTask (ContainerBalancerTask.java:initializeIteration(398)) - Utilization for node 1c4b2f89-40d2-467b-9872-4fa6e5223cd7 with capacity 130996502528B, used 65498251264B, and remaining 65498251264B is 0.5
2023-08-30 06:49:52,177 [main] DEBUG balancer.ContainerBalancerTask (ContainerBalancerTask.java:initializeIteration(398)) - Utilization for node 522d7852-c2b1-4f4d-9914-dde8150cadfe with capacity 64424509440B, used 25769803776B, and remaining 38654705664B is 0.4
2023-08-30 06:49:52,177 [main] DEBUG balancer.ContainerBalancerTask (ContainerBalancerTask.java:initializeIteration(398)) - Utilization for node 58e93824-a32b-4139-b1c8-aad9a9795a7d with capacity 136007297706B, used 40802189312B, and remaining 95205108394B is 0.30000000000147053
2023-08-30 06:49:52,177 [main] DEBUG balancer.ContainerBalancerTask (ContainerBalancerTask.java:initializeIteration(398)) - Utilization for node 4a7a5e61-2b3f-4981-a9a4-6af45d934c18 with capacity 118111600640B, used 23622320128B, and remaining 94489280512B is 0.2
2023-08-30 06:49:52,177 [main] DEBUG balancer.ContainerBalancerTask (ContainerBalancerTask.java:initializeIteration(398)) - Utilization for node 0298b916-6136-4321-989b-5bb354a0b70e with capacity 257698037760B, used 25769803776B, and remaining 231928233984B is 0.1
2023-08-30 06:49:52,177 [main] DEBUG balancer.ContainerBalancerTask (ContainerBalancerTask.java:initializeIteration(398)) - Utilization for node a8dc8e14-51a9-4d83-a5bf-6c6ac6975915 with capacity 33285996544B, used 0B, and remaining 33285996544B is 0.0
2023-08-30 06:49:52,177 [main] INFO  balancer.ContainerBalancerTask (ContainerBalancerTask.java:initializeIteration(443)) - Did not find any unbalanced Datanodes.
2023-08-30 06:49:52,178 [main] INFO  balancer.ContainerBalancerTask (ContainerBalancerTask.java:tryStopWithSaveConfiguration(308)) - Save Configuration for stopping. Reason: Could not initialize ContainerBalancer's iteration number 0
2023-08-30 06:49:52,178 [main] DEBUG balancer.ContainerBalancerTask (ContainerBalancerTask.java:initializeIteration(374)) - Average utilization of the cluster is 0.38698078579770684
2023-08-30 06:49:52,178 [main] DEBUG balancer.ContainerBalancerTask (ContainerBalancerTask.java:initializeIteration(386)) - Lower limit for utilization is 0.21791623160170487 and Upper limit for utilization is 0.5560453399937089
2023-08-30 06:49:52,179 [main] DEBUG balancer.ContainerBalancerTask (ContainerBalancerTask.java:initializeIteration(398)) - Utilization for node d6fa954d-9233-4334-9bea-1522c897d56a with capacity 68003648853B, used 61203283968B, and remaining 6800364885B is 0.9000000000044115
2023-08-30 06:49:52,179 [main] DEBUG balancer.ContainerBalancerTask (ContainerBalancerTask.java:initializeIteration(398)) - Utilization for node 681ae63e-a876-4c5c-8c02-3bf495d957cd with capacity 87241523200B, used 69793218560B, and remaining 17448304640B is 0.8
2023-08-30 06:49:52,179 [main] DEBUG balancer.ContainerBalancerTask (ContainerBalancerTask.java:initializeIteration(398)) - Utilization for node 19d3f880-e223-44b8-abcc-495fd19dfa86 with capacity 69026260114B, used 48318382080B, and remaining 20707878034B is 0.7000000000028974
2023-08-30 06:49:52,179 [main] DEBUG balancer.ContainerBalancerTask (ContainerBalancerTask.java:initializeIteration(398)) - Utilization for node 1e842003-d8bf-4dba-a164-35eddf1d3511 with capacity 59055800320B, used 35433480192B, and remaining 23622320128B is 0.6
2023-08-30 06:49:52,179 [main] DEBUG balancer.ContainerBalancerTask (ContainerBalancerTask.java:initializeIteration(398)) - Utilization for node 1c4b2f89-40d2-467b-9872-4fa6e5223cd7 with capacity 130996502528B, used 65498251264B, and remaining 65498251264B is 0.5
2023-08-30 06:49:52,179 [main] DEBUG balancer.ContainerBalancerTask (ContainerBalancerTask.java:initializeIteration(398)) - Utilization for node 522d7852-c2b1-4f4d-9914-dde8150cadfe with capacity 64424509440B, used 25769803776B, and remaining 38654705664B is 0.4
2023-08-30 06:49:52,179 [main] DEBUG balancer.ContainerBalancerTask (ContainerBalancerTask.java:initializeIteration(398)) - Utilization for node 58e93824-a32b-4139-b1c8-aad9a9795a7d with capacity 136007297706B, used 40802189312B, and remaining 95205108394B is 0.30000000000147053
2023-08-30 06:49:52,179 [main] DEBUG balancer.ContainerBalancerTask (ContainerBalancerTask.java:initializeIteration(398)) - Utilization for node 4a7a5e61-2b3f-4981-a9a4-6af45d934c18 with capacity 118111600640B, used 23622320128B, and remaining 94489280512B is 0.2
2023-08-30 06:49:52,179 [main] DEBUG balancer.ContainerBalancerTask (ContainerBalancerTask.java:initializeIteration(398)) - Utilization for node 0298b916-6136-4321-989b-5bb354a0b70e with capacity 257698037760B, used 25769803776B, and remaining 231928233984B is 0.1
2023-08-30 06:49:52,179 [main] DEBUG balancer.ContainerBalancerTask (ContainerBalancerTask.java:initializeIteration(398)) - Utilization for node a8dc8e14-51a9-4d83-a5bf-6c6ac6975915 with capacity 33285996544B, used 0B, and remaining 33285996544B is 0.0
2023-08-30 06:49:52,179 [main] INFO  balancer.ContainerBalancerTask (ContainerBalancerTask.java:initializeIteration(447)) - Container Balancer has identified 4 Over-Utilized and 3 Under-Utilized Datanodes that need to be balanced.
2023-08-30 06:49:52,179 [main] DEBUG balancer.ContainerBalancerTask (ContainerBalancerTask.java:lambda$initializeIteration$1(453)) - Datanode localhost-146.188.160.172 d6fa954d-9233-4334-9bea-1522c897d56a is Over-Utilized.
2023-08-30 06:49:52,180 [main] DEBUG balancer.ContainerBalancerTask (ContainerBalancerTask.java:lambda$initializeIteration$1(453)) - Datanode localhost-233.191.17.208 681ae63e-a876-4c5c-8c02-3bf495d957cd is Over-Utilized.
2023-08-30 06:49:52,180 [main] DEBUG balancer.ContainerBalancerTask (ContainerBalancerTask.java:lambda$initializeIteration$1(453)) - Datanode localhost-123.88.214.81 19d3f880-e223-44b8-abcc-495fd19dfa86 is Over-Utilized.
2023-08-30 06:49:52,180 [main] DEBUG balancer.ContainerBalancerTask (ContainerBalancerTask.java:lambda$initializeIteration$1(453)) - Datanode localhost-159.142.142.145 1e842003-d8bf-4dba-a164-35eddf1d3511 is Over-Utilized.
2023-08-30 06:49:52,180 [main] DEBUG balancer.ContainerBalancerTask (ContainerBalancerTask.java:lambda$initializeIteration$2(459)) - Datanode localhost-89.157.111.179 a8dc8e14-51a9-4d83-a5bf-6c6ac6975915 is Under-Utilized.
2023-08-30 06:49:52,180 [main] DEBUG balancer.ContainerBalancerTask (ContainerBalancerTask.java:lambda$initializeIteration$2(459)) - Datanode localhost-248.15.158.135 0298b916-6136-4321-989b-5bb354a0b70e is Under-Utilized.
2023-08-30 06:49:52,180 [main] DEBUG balancer.ContainerBalancerTask (ContainerBalancerTask.java:lambda$initializeIteration$2(459)) - Datanode localhost-35.144.11.124 4a7a5e61-2b3f-4981-a9a4-6af45d934c18 is Under-Utilized.
2023-08-30 06:49:52,183 [main] DEBUG balancer.ContainerBalancerTask (ContainerBalancerTask.java:matchSourceWithTarget(708)) - ContainerBalancer is finding suitable target for source datanode d6fa954d-9233-4334-9bea-1522c897d56a
2023-08-30 06:49:52,183 [main] INFO  balancer.ContainerBalancerTask (ContainerBalancerTask.java:matchSourceWithTarget(722)) - ContainerBalancer matched source datanode d6fa954d-9233-4334-9bea-1522c897d56a with target datanode a8dc8e14-51a9-4d83-a5bf-6c6ac6975915 for container move.
2023-08-30 06:49:52,183 [main] INFO  balancer.ContainerBalancerTask (ContainerBalancerTask.java:processMoveSelection(569)) - ContainerBalancer is trying to move container #85 with size 5368709120B from source datanode d6fa954d-9233-4334-9bea-1522c897d56a to target datanode a8dc8e14-51a9-4d83-a5bf-6c6ac6975915
2023-08-30 06:49:52,183 [main] DEBUG balancer.ContainerBalancerTask (ContainerBalancerTask.java:lambda$moveContainer$3(837)) - Container move completed for container #85 from source d6fa954d-9233-4334-9bea-1522c897d56a to target a8dc8e14-51a9-4d83-a5bf-6c6ac6975915
2023-08-30 06:49:52,186 [main] DEBUG balancer.ContainerBalancerTask (ContainerBalancerTask.java:matchSourceWithTarget(708)) - ContainerBalancer is finding suitable target for source datanode d6fa954d-9233-4334-9bea-1522c897d56a
2023-08-30 06:49:52,186 [main] INFO  balancer.ContainerBalancerTask (ContainerBalancerTask.java:matchSourceWithTarget(722)) - ContainerBalancer matched source datanode d6fa954d-9233-4334-9bea-1522c897d56a with target datanode 0298b916-6136-4321-989b-5bb354a0b70e for container move.
2023-08-30 06:49:52,186 [main] INFO  balancer.ContainerBalancerTask (ContainerBalancerTask.java:processMoveSelection(569)) - ContainerBalancer is trying to move container #29 with size 5368709120B from source datanode d6fa954d-9233-4334-9bea-1522c897d56a to target datanode 0298b916-6136-4321-989b-5bb354a0b70e
2023-08-30 06:49:52,187 [main] DEBUG balancer.ContainerBalancerTask (ContainerBalancerTask.java:lambda$moveContainer$3(837)) - Container move completed for container #29 from source d6fa954d-9233-4334-9bea-1522c897d56a to target 0298b916-6136-4321-989b-5bb354a0b70e
2023-08-30 06:49:52,190 [main] DEBUG balancer.ContainerBalancerTask (ContainerBalancerTask.java:matchSourceWithTarget(708)) - ContainerBalancer is finding suitable target for source datanode 681ae63e-a876-4c5c-8c02-3bf495d957cd
2023-08-30 06:49:52,191 [main] INFO  balancer.ContainerBalancerTask (ContainerBalancerTask.java:matchSourceWithTarget(722)) - ContainerBalancer matched source datanode 681ae63e-a876-4c5c-8c02-3bf495d957cd with target datanode 0298b916-6136-4321-989b-5bb354a0b70e for container move.
2023-08-30 06:49:52,191 [main] INFO  balancer.ContainerBalancerTask (ContainerBalancerTask.java:processMoveSelection(569)) - ContainerBalancer is trying to move container #68 with size 5368709120B from source datanode 681ae63e-a876-4c5c-8c02-3bf495d957cd to target datanode 0298b916-6136-4321-989b-5bb354a0b70e
2023-08-30 06:49:52,191 [main] DEBUG balancer.ContainerBalancerTask (ContainerBalancerTask.java:lambda$moveContainer$3(837)) - Container move completed for container #68 from source 681ae63e-a876-4c5c-8c02-3bf495d957cd to target 0298b916-6136-4321-989b-5bb354a0b70e
2023-08-30 06:49:52,194 [main] DEBUG balancer.ContainerBalancerTask (ContainerBalancerTask.java:matchSourceWithTarget(708)) - ContainerBalancer is finding suitable target for source datanode d6fa954d-9233-4334-9bea-1522c897d56a
2023-08-30 06:49:52,195 [main] INFO  balancer.ContainerBalancerTask (ContainerBalancerTask.java:matchSourceWithTarget(722)) - ContainerBalancer matched source datanode d6fa954d-9233-4334-9bea-1522c897d56a with target datanode 0298b916-6136-4321-989b-5bb354a0b70e for container move.
2023-08-30 06:49:52,195 [main] INFO  balancer.ContainerBalancerTask (ContainerBalancerTask.java:processMoveSelection(569)) - ContainerBalancer is trying to move container #84 with size 4294967296B from source datanode d6fa954d-9233-4334-9bea-1522c897d56a to target datanode 0298b916-6136-4321-989b-5bb354a0b70e
2023-08-30 06:49:52,195 [main] DEBUG balancer.ContainerBalancerTask (ContainerBalancerTask.java:lambda$moveContainer$3(837)) - Container move completed for container #84 from source d6fa954d-9233-4334-9bea-1522c897d56a to target 0298b916-6136-4321-989b-5bb354a0b70e
2023-08-30 06:49:52,198 [main] DEBUG balancer.ContainerBalancerTask (ContainerBalancerTask.java:matchSourceWithTarget(708)) - ContainerBalancer is finding suitable target for source datanode 681ae63e-a876-4c5c-8c02-3bf495d957cd
2023-08-30 06:49:52,198 [main] INFO  balancer.ContainerBalancerTask (ContainerBalancerTask.java:matchSourceWithTarget(722)) - ContainerBalancer matched source datanode 681ae63e-a876-4c5c-8c02-3bf495d957cd with target datanode 0298b916-6136-4321-989b-5bb354a0b70e for container move.
2023-08-30 06:49:52,198 [main] INFO  balancer.ContainerBalancerTask (ContainerBalancerTask.java:processMoveSelection(569)) - ContainerBalancer is trying to move container #40 with size 5368709120B from source datanode 681ae63e-a876-4c5c-8c02-3bf495d957cd to target datanode 0298b916-6136-4321-989b-5bb354a0b70e
2023-08-30 06:49:52,199 [main] DEBUG balancer.ContainerBalancerTask (ContainerBalancerTask.java:lambda$moveContainer$3(837)) - Container move completed for container #40 from source 681ae63e-a876-4c5c-8c02-3bf495d957cd to target 0298b916-6136-4321-989b-5bb354a0b70e
2023-08-30 06:49:52,202 [main] DEBUG balancer.ContainerBalancerTask (ContainerBalancerTask.java:matchSourceWithTarget(708)) - ContainerBalancer is finding suitable target for source datanode 19d3f880-e223-44b8-abcc-495fd19dfa86
2023-08-30 06:49:52,202 [main] INFO  balancer.ContainerBalancerTask (ContainerBalancerTask.java:matchSourceWithTarget(722)) - ContainerBalancer matched source datanode 19d3f880-e223-44b8-abcc-495fd19dfa86 with target datanode a8dc8e14-51a9-4d83-a5bf-6c6ac6975915 for container move.
2023-08-30 06:49:52,202 [main] INFO  balancer.ContainerBalancerTask (ContainerBalancerTask.java:processMoveSelection(569)) - ContainerBalancer is trying to move container #53 with size 5368709120B from source datanode 19d3f880-e223-44b8-abcc-495fd19dfa86 to target datanode a8dc8e14-51a9-4d83-a5bf-6c6ac6975915
2023-08-30 06:49:52,203 [main] DEBUG balancer.ContainerBalancerTask (ContainerBalancerTask.java:lambda$moveContainer$3(837)) - Container move completed for container #53 from source 19d3f880-e223-44b8-abcc-495fd19dfa86 to target a8dc8e14-51a9-4d83-a5bf-6c6ac6975915
2023-08-30 06:49:52,206 [main] DEBUG balancer.ContainerBalancerTask (ContainerBalancerTask.java:matchSourceWithTarget(708)) - ContainerBalancer is finding suitable target for source datanode d6fa954d-9233-4334-9bea-1522c897d56a
2023-08-30 06:49:52,206 [main] INFO  balancer.ContainerBalancerTask (ContainerBalancerTask.java:matchSourceWithTarget(722)) - ContainerBalancer matched source datanode d6fa954d-9233-4334-9bea-1522c897d56a with target datanode 0298b916-6136-4321-989b-5bb354a0b70e for container move.
2023-08-30 06:49:52,206 [main] INFO  balancer.ContainerBalancerTask (ContainerBalancerTask.java:processMoveSelection(569)) - ContainerBalancer is trying to move container #67 with size 4294967296B from source datanode d6fa954d-9233-4334-9bea-1522c897d56a to target datanode 0298b916-6136-4321-989b-5bb354a0b70e
2023-08-30 06:49:52,206 [main] DEBUG balancer.ContainerBalancerTask (ContainerBalancerTask.java:lambda$moveContainer$3(837)) - Container move completed for container #67 from source d6fa954d-9233-4334-9bea-1522c897d56a to target 0298b916-6136-4321-989b-5bb354a0b70e
2023-08-30 06:49:52,209 [main] DEBUG balancer.ContainerBalancerTask (ContainerBalancerTask.java:matchSourceWithTarget(708)) - ContainerBalancer is finding suitable target for source datanode 681ae63e-a876-4c5c-8c02-3bf495d957cd
2023-08-30 06:49:52,209 [main] INFO  balancer.ContainerBalancerTask (ContainerBalancerTask.java:matchSourceWithTarget(722)) - ContainerBalancer matched source datanode 681ae63e-a876-4c5c-8c02-3bf495d957cd with target datanode 0298b916-6136-4321-989b-5bb354a0b70e for container move.
2023-08-30 06:49:52,209 [main] INFO  balancer.ContainerBalancerTask (ContainerBalancerTask.java:processMoveSelection(569)) - ContainerBalancer is trying to move container #28 with size 4294967296B from source datanode 681ae63e-a876-4c5c-8c02-3bf495d957cd to target datanode 0298b916-6136-4321-989b-5bb354a0b70e
2023-08-30 06:49:52,210 [main] DEBUG balancer.ContainerBalancerTask (ContainerBalancerTask.java:lambda$moveContainer$3(837)) - Container move completed for container #28 from source 681ae63e-a876-4c5c-8c02-3bf495d957cd to target 0298b916-6136-4321-989b-5bb354a0b70e
2023-08-30 06:49:52,213 [main] DEBUG balancer.ContainerBalancerTask (ContainerBalancerTask.java:matchSourceWithTarget(708)) - ContainerBalancer is finding suitable target for source datanode 681ae63e-a876-4c5c-8c02-3bf495d957cd
2023-08-30 06:49:52,213 [main] INFO  balancer.ContainerBalancerTask (ContainerBalancerTask.java:matchSourceWithTarget(722)) - ContainerBalancer matched source datanode 681ae63e-a876-4c5c-8c02-3bf495d957cd with target datanode 4a7a5e61-2b3f-4981-a9a4-6af45d934c18 for container move.
2023-08-30 06:49:52,213 [main] INFO  balancer.ContainerBalancerTask (ContainerBalancerTask.java:processMoveSelection(569)) - ContainerBalancer is trying to move container #88 with size 3221225472B from source datanode 681ae63e-a876-4c5c-8c02-3bf495d957cd to target datanode 4a7a5e61-2b3f-4981-a9a4-6af45d934c18
2023-08-30 06:49:52,213 [main] DEBUG balancer.ContainerBalancerTask (ContainerBalancerTask.java:lambda$moveContainer$3(837)) - Container move completed for container #88 from source 681ae63e-a876-4c5c-8c02-3bf495d957cd to target 4a7a5e61-2b3f-4981-a9a4-6af45d934c18
2023-08-30 06:49:52,216 [main] DEBUG balancer.ContainerBalancerTask (ContainerBalancerTask.java:matchSourceWithTarget(708)) - ContainerBalancer is finding suitable target for source datanode 19d3f880-e223-44b8-abcc-495fd19dfa86
2023-08-30 06:49:52,216 [main] INFO  balancer.ContainerBalancerTask (ContainerBalancerTask.java:matchSourceWithTarget(722)) - ContainerBalancer matched source datanode 19d3f880-e223-44b8-abcc-495fd19dfa86 with target datanode 0298b916-6136-4321-989b-5bb354a0b70e for container move.
2023-08-30 06:49:52,217 [main] INFO  balancer.ContainerBalancerTask (ContainerBalancerTask.java:processMoveSelection(569)) - ContainerBalancer is trying to move container #52 with size 4294967296B from source datanode 19d3f880-e223-44b8-abcc-495fd19dfa86 to target datanode 0298b916-6136-4321-989b-5bb354a0b70e
2023-08-30 06:49:52,217 [main] DEBUG balancer.ContainerBalancerTask (ContainerBalancerTask.java:lambda$moveContainer$3(837)) - Container move completed for container #52 from source 19d3f880-e223-44b8-abcc-495fd19dfa86 to target 0298b916-6136-4321-989b-5bb354a0b70e
2023-08-30 06:49:52,222 [main] DEBUG balancer.ContainerBalancerTask (ContainerBalancerTask.java:matchSourceWithTarget(708)) - ContainerBalancer is finding suitable target for source datanode d6fa954d-9233-4334-9bea-1522c897d56a
2023-08-30 06:49:52,222 [main] INFO  balancer.ContainerBalancerTask (ContainerBalancerTask.java:matchSourceWithTarget(722)) - ContainerBalancer matched source datanode d6fa954d-9233-4334-9bea-1522c897d56a with target datanode 4a7a5e61-2b3f-4981-a9a4-6af45d934c18 for container move.
2023-08-30 06:49:52,222 [main] INFO  balancer.ContainerBalancerTask (ContainerBalancerTask.java:processMoveSelection(569)) - ContainerBalancer is trying to move container #89 with size 4294967296B from source datanode d6fa954d-9233-4334-9bea-1522c897d56a to target datanode 4a7a5e61-2b3f-4981-a9a4-6af45d934c18
2023-08-30 06:49:52,222 [main] DEBUG balancer.ContainerBalancerTask (ContainerBalancerTask.java:lambda$moveContainer$3(837)) - Container move completed for container #89 from source d6fa954d-9233-4334-9bea-1522c897d56a to target 4a7a5e61-2b3f-4981-a9a4-6af45d934c18
2023-08-30 06:49:52,225 [main] DEBUG balancer.ContainerBalancerTask (ContainerBalancerTask.java:matchSourceWithTarget(708)) - ContainerBalancer is finding suitable target for source datanode 1e842003-d8bf-4dba-a164-35eddf1d3511
2023-08-30 06:49:52,225 [main] INFO  balancer.ContainerBalancerTask (ContainerBalancerTask.java:matchSourceWithTarget(722)) - ContainerBalancer matched source datanode 1e842003-d8bf-4dba-a164-35eddf1d3511 with target datanode 0298b916-6136-4321-989b-5bb354a0b70e for container move.
2023-08-30 06:49:52,225 [main] INFO  balancer.ContainerBalancerTask (ContainerBalancerTask.java:processMoveSelection(569)) - ContainerBalancer is trying to move container #50 with size 2147483648B from source datanode 1e842003-d8bf-4dba-a164-35eddf1d3511 to target datanode 0298b916-6136-4321-989b-5bb354a0b70e
2023-08-30 06:49:52,225 [main] DEBUG balancer.ContainerBalancerTask (ContainerBalancerTask.java:lambda$moveContainer$3(837)) - Container move completed for container #50 from source 1e842003-d8bf-4dba-a164-35eddf1d3511 to target 0298b916-6136-4321-989b-5bb354a0b70e
2023-08-30 06:49:52,225 [main] WARN  balancer.ContainerBalancerTask (ContainerBalancerTask.java:reachedMaxSizeToMovePerIteration(733)) - Reached max size to move limit. 53687091200 bytes have already been scheduled for balancing and the limit is 53687091200 bytes.
2023-08-30 06:49:52,225 [main] INFO  balancer.ContainerBalancerTask (ContainerBalancerTask.java:checkIterationMoveResults(642)) - Iteration Summary. Number of Datanodes involved: 7. Size moved: 50 GB (53687091200 Bytes). Number of Container moves completed: 12.
2023-08-30 06:49:52,226 [main] INFO  balancer.ContainerBalancerTask (ContainerBalancerTask.java:balance(259)) - Result of this iteration of Container Balancer: ITERATION_COMPLETED
2023-08-30 06:49:52,226 [main] INFO  balancer.ContainerBalancerTask (ContainerBalancerTask.java:tryStopWithSaveConfiguration(308)) - Save Configuration for stopping. Reason: Completed all iterations.
2023-08-30 06:49:52,227 [main] DEBUG balancer.ContainerBalancerTask (ContainerBalancerTask.java:initializeIteration(374)) - Average utilization of the cluster is 0.38698078579770684
2023-08-30 06:49:52,227 [main] DEBUG balancer.ContainerBalancerTask (ContainerBalancerTask.java:initializeIteration(386)) - Lower limit for utilization is 0.20117024685131518 and Upper limit for utilization is 0.5727913247440986
2023-08-30 06:49:52,227 [main] DEBUG balancer.ContainerBalancerTask (ContainerBalancerTask.java:initializeIteration(398)) - Utilization for node d6fa954d-9233-4334-9bea-1522c897d56a with capacity 68003648853B, used 61203283968B, and remaining 6800364885B is 0.9000000000044115
2023-08-30 06:49:52,227 [main] DEBUG balancer.ContainerBalancerTask (ContainerBalancerTask.java:initializeIteration(398)) - Utilization for node 681ae63e-a876-4c5c-8c02-3bf495d957cd with capacity 87241523200B, used 69793218560B, and remaining 17448304640B is 0.8
2023-08-30 06:49:52,227 [main] DEBUG balancer.ContainerBalancerTask (ContainerBalancerTask.java:initializeIteration(398)) - Utilization for node 19d3f880-e223-44b8-abcc-495fd19dfa86 with capacity 69026260114B, used 48318382080B, and remaining 20707878034B is 0.7000000000028974
2023-08-30 06:49:52,227 [main] DEBUG balancer.ContainerBalancerTask (ContainerBalancerTask.java:initializeIteration(398)) - Utilization for node 1e842003-d8bf-4dba-a164-35eddf1d3511 with capacity 59055800320B, used 35433480192B, and remaining 23622320128B is 0.6
2023-08-30 06:49:52,227 [main] DEBUG balancer.ContainerBalancerTask (ContainerBalancerTask.java:initializeIteration(398)) - Utilization for node 1c4b2f89-40d2-467b-9872-4fa6e5223cd7 with capacity 130996502528B, used 65498251264B, and remaining 65498251264B is 0.5
2023-08-30 06:49:52,227 [main] DEBUG balancer.ContainerBalancerTask (ContainerBalancerTask.java:initializeIteration(398)) - Utilization for node 522d7852-c2b1-4f4d-9914-dde8150cadfe with capacity 64424509440B, used 25769803776B, and remaining 38654705664B is 0.4
2023-08-30 06:49:52,227 [main] DEBUG balancer.ContainerBalancerTask (ContainerBalancerTask.java:initializeIteration(398)) - Utilization for node 58e93824-a32b-4139-b1c8-aad9a9795a7d with capacity 136007297706B, used 40802189312B, and remaining 95205108394B is 0.30000000000147053
2023-08-30 06:49:52,227 [main] DEBUG balancer.ContainerBalancerTask (ContainerBalancerTask.java:initializeIteration(398)) - Utilization for node 4a7a5e61-2b3f-4981-a9a4-6af45d934c18 with capacity 118111600640B, used 23622320128B, and remaining 94489280512B is 0.2
2023-08-30 06:49:52,227 [main] DEBUG balancer.ContainerBalancerTask (ContainerBalancerTask.java:initializeIteration(398)) - Utilization for node 0298b916-6136-4321-989b-5bb354a0b70e with capacity 257698037760B, used 25769803776B, and remaining 231928233984B is 0.1
2023-08-30 06:49:52,228 [main] DEBUG balancer.ContainerBalancerTask (ContainerBalancerTask.java:initializeIteration(398)) - Utilization for node a8dc8e14-51a9-4d83-a5bf-6c6ac6975915 with capacity 33285996544B, used 0B, and remaining 33285996544B is 0.0
2023-08-30 06:49:52,228 [main] INFO  balancer.ContainerBalancerTask (ContainerBalancerTask.java:initializeIteration(447)) - Container Balancer has identified 4 Over-Utilized and 3 Under-Utilized Datanodes that need to be balanced.
2023-08-30 06:49:52,228 [main] DEBUG balancer.ContainerBalancerTask (ContainerBalancerTask.java:lambda$initializeIteration$1(453)) - Datanode localhost-146.188.160.172 d6fa954d-9233-4334-9bea-1522c897d56a is Over-Utilized.
2023-08-30 06:49:52,228 [main] DEBUG balancer.ContainerBalancerTask (ContainerBalancerTask.java:lambda$initializeIteration$1(453)) - Datanode localhost-233.191.17.208 681ae63e-a876-4c5c-8c02-3bf495d957cd is Over-Utilized.
2023-08-30 06:49:52,228 [main] DEBUG balancer.ContainerBalancerTask (ContainerBalancerTask.java:lambda$initializeIteration$1(453)) - Datanode localhost-123.88.214.81 19d3f880-e223-44b8-abcc-495fd19dfa86 is Over-Utilized.
2023-08-30 06:49:52,228 [main] DEBUG balancer.ContainerBalancerTask (ContainerBalancerTask.java:lambda$initializeIteration$1(453)) - Datanode localhost-159.142.142.145 1e842003-d8bf-4dba-a164-35eddf1d3511 is Over-Utilized.
2023-08-30 06:49:52,228 [main] DEBUG balancer.ContainerBalancerTask (ContainerBalancerTask.java:lambda$initializeIteration$2(459)) - Datanode localhost-89.157.111.179 a8dc8e14-51a9-4d83-a5bf-6c6ac6975915 is Under-Utilized.
2023-08-30 06:49:52,228 [main] DEBUG balancer.ContainerBalancerTask (ContainerBalancerTask.java:lambda$initializeIteration$2(459)) - Datanode localhost-248.15.158.135 0298b916-6136-4321-989b-5bb354a0b70e is Under-Utilized.
2023-08-30 06:49:52,228 [main] DEBUG balancer.ContainerBalancerTask (ContainerBalancerTask.java:lambda$initializeIteration$2(459)) - Datanode localhost-35.144.11.124 4a7a5e61-2b3f-4981-a9a4-6af45d934c18 is Under-Utilized.
2023-08-30 06:49:52,231 [main] DEBUG balancer.ContainerBalancerTask (ContainerBalancerTask.java:matchSourceWithTarget(708)) - ContainerBalancer is finding suitable target for source datanode d6fa954d-9233-4334-9bea-1522c897d56a
2023-08-30 06:49:52,231 [main] INFO  balancer.ContainerBalancerTask (ContainerBalancerTask.java:matchSourceWithTarget(722)) - ContainerBalancer matched source datanode d6fa954d-9233-4334-9bea-1522c897d56a with target datanode a8dc8e14-51a9-4d83-a5bf-6c6ac6975915 for container move.
2023-08-30 06:49:52,231 [main] INFO  balancer.ContainerBalancerTask (ContainerBalancerTask.java:processMoveSelection(569)) - ContainerBalancer is trying to move container #85 with size 5368709120B from source datanode d6fa954d-9233-4334-9bea-1522c897d56a to target datanode a8dc8e14-51a9-4d83-a5bf-6c6ac6975915
2023-08-30 06:49:52,232 [main] DEBUG balancer.ContainerBalancerTask (ContainerBalancerTask.java:lambda$moveContainer$3(837)) - Container move completed for container #85 from source d6fa954d-9233-4334-9bea-1522c897d56a to target a8dc8e14-51a9-4d83-a5bf-6c6ac6975915
2023-08-30 06:49:52,234 [main] DEBUG balancer.ContainerBalancerTask (ContainerBalancerTask.java:matchSourceWithTarget(708)) - ContainerBalancer is finding suitable target for source datanode d6fa954d-9233-4334-9bea-1522c897d56a
2023-08-30 06:49:52,235 [main] INFO  balancer.ContainerBalancerTask (ContainerBalancerTask.java:matchSourceWithTarget(722)) - ContainerBalancer matched source datanode d6fa954d-9233-4334-9bea-1522c897d56a with target datanode 0298b916-6136-4321-989b-5bb354a0b70e for container move.
2023-08-30 06:49:52,235 [main] INFO  balancer.ContainerBalancerTask (ContainerBalancerTask.java:processMoveSelection(569)) - ContainerBalancer is trying to move container #29 with size 5368709120B from source datanode d6fa954d-9233-4334-9bea-1522c897d56a to target datanode 0298b916-6136-4321-989b-5bb354a0b70e
2023-08-30 06:49:52,235 [main] DEBUG balancer.ContainerBalancerTask (ContainerBalancerTask.java:lambda$moveContainer$3(837)) - Container move completed for container #29 from source d6fa954d-9233-4334-9bea-1522c897d56a to target 0298b916-6136-4321-989b-5bb354a0b70e
2023-08-30 06:49:52,238 [main] DEBUG balancer.ContainerBalancerTask (ContainerBalancerTask.java:matchSourceWithTarget(708)) - ContainerBalancer is finding suitable target for source datanode 681ae63e-a876-4c5c-8c02-3bf495d957cd
2023-08-30 06:49:52,238 [main] INFO  balancer.ContainerBalancerTask (ContainerBalancerTask.java:matchSourceWithTarget(722)) - ContainerBalancer matched source datanode 681ae63e-a876-4c5c-8c02-3bf495d957cd with target datanode 0298b916-6136-4321-989b-5bb354a0b70e for container move.
2023-08-30 06:49:52,239 [main] INFO  balancer.ContainerBalancerTask (ContainerBalancerTask.java:processMoveSelection(569)) - ContainerBalancer is trying to move container #68 with size 5368709120B from source datanode 681ae63e-a876-4c5c-8c02-3bf495d957cd to target datanode 0298b916-6136-4321-989b-5bb354a0b70e
2023-08-30 06:49:52,239 [main] DEBUG balancer.ContainerBalancerTask (ContainerBalancerTask.java:lambda$moveContainer$3(837)) - Container move completed for container #68 from source 681ae63e-a876-4c5c-8c02-3bf495d957cd to target 0298b916-6136-4321-989b-5bb354a0b70e
2023-08-30 06:49:52,242 [main] DEBUG balancer.ContainerBalancerTask (ContainerBalancerTask.java:matchSourceWithTarget(708)) - ContainerBalancer is finding suitable target for source datanode d6fa954d-9233-4334-9bea-1522c897d56a
2023-08-30 06:49:52,242 [main] INFO  balancer.ContainerBalancerTask (ContainerBalancerTask.java:matchSourceWithTarget(722)) - ContainerBalancer matched source datanode d6fa954d-9233-4334-9bea-1522c897d56a with target datanode 0298b916-6136-4321-989b-5bb354a0b70e for container move.
2023-08-30 06:49:52,242 [main] INFO  balancer.ContainerBalancerTask (ContainerBalancerTask.java:processMoveSelection(569)) - ContainerBalancer is trying to move container #84 with size 4294967296B from source datanode d6fa954d-9233-4334-9bea-1522c897d56a to target datanode 0298b916-6136-4321-989b-5bb354a0b70e
2023-08-30 06:49:52,242 [main] DEBUG balancer.ContainerBalancerTask (ContainerBalancerTask.java:lambda$moveContainer$3(837)) - Container move completed for container #84 from source d6fa954d-9233-4334-9bea-1522c897d56a to target 0298b916-6136-4321-989b-5bb354a0b70e
2023-08-30 06:49:52,245 [main] DEBUG balancer.ContainerBalancerTask (ContainerBalancerTask.java:matchSourceWithTarget(708)) - ContainerBalancer is finding suitable target for source datanode 681ae63e-a876-4c5c-8c02-3bf495d957cd
2023-08-30 06:49:52,246 [main] INFO  balancer.ContainerBalancerTask (ContainerBalancerTask.java:matchSourceWithTarget(722)) - ContainerBalancer matched source datanode 681ae63e-a876-4c5c-8c02-3bf495d957cd with target datanode 0298b916-6136-4321-989b-5bb354a0b70e for container move.
2023-08-30 06:49:52,246 [main] INFO  balancer.ContainerBalancerTask (ContainerBalancerTask.java:processMoveSelection(569)) - ContainerBalancer is trying to move container #40 with size 5368709120B from source datanode 681ae63e-a876-4c5c-8c02-3bf495d957cd to target datanode 0298b916-6136-4321-989b-5bb354a0b70e
2023-08-30 06:49:52,246 [main] DEBUG balancer.ContainerBalancerTask (ContainerBalancerTask.java:lambda$moveContainer$3(837)) - Container move completed for container #40 from source 681ae63e-a876-4c5c-8c02-3bf495d957cd to target 0298b916-6136-4321-989b-5bb354a0b70e
2023-08-30 06:49:52,249 [main] DEBUG balancer.ContainerBalancerTask (ContainerBalancerTask.java:matchSourceWithTarget(708)) - ContainerBalancer is finding suitable target for source datanode 19d3f880-e223-44b8-abcc-495fd19dfa86
2023-08-30 06:49:52,249 [main] INFO  balancer.ContainerBalancerTask (ContainerBalancerTask.java:matchSourceWithTarget(722)) - ContainerBalancer matched source datanode 19d3f880-e223-44b8-abcc-495fd19dfa86 with target datanode a8dc8e14-51a9-4d83-a5bf-6c6ac6975915 for container move.
2023-08-30 06:49:52,249 [main] INFO  balancer.ContainerBalancerTask (ContainerBalancerTask.java:processMoveSelection(569)) - ContainerBalancer is trying to move container #53 with size 5368709120B from source datanode 19d3f880-e223-44b8-abcc-495fd19dfa86 to target datanode a8dc8e14-51a9-4d83-a5bf-6c6ac6975915
2023-08-30 06:49:52,249 [main] DEBUG balancer.ContainerBalancerTask (ContainerBalancerTask.java:lambda$moveContainer$3(837)) - Container move completed for container #53 from source 19d3f880-e223-44b8-abcc-495fd19dfa86 to target a8dc8e14-51a9-4d83-a5bf-6c6ac6975915
2023-08-30 06:49:52,252 [main] DEBUG balancer.ContainerBalancerTask (ContainerBalancerTask.java:matchSourceWithTarget(708)) - ContainerBalancer is finding suitable target for source datanode d6fa954d-9233-4334-9bea-1522c897d56a
2023-08-30 06:49:52,252 [main] INFO  balancer.ContainerBalancerTask (ContainerBalancerTask.java:matchSourceWithTarget(722)) - ContainerBalancer matched source datanode d6fa954d-9233-4334-9bea-1522c897d56a with target datanode 0298b916-6136-4321-989b-5bb354a0b70e for container move.
2023-08-30 06:49:52,253 [main] INFO  balancer.ContainerBalancerTask (ContainerBalancerTask.java:processMoveSelection(569)) - ContainerBalancer is trying to move container #67 with size 4294967296B from source datanode d6fa954d-9233-4334-9bea-1522c897d56a to target datanode 0298b916-6136-4321-989b-5bb354a0b70e
2023-08-30 06:49:52,253 [main] DEBUG balancer.ContainerBalancerTask (ContainerBalancerTask.java:lambda$moveContainer$3(837)) - Container move completed for container #67 from source d6fa954d-9233-4334-9bea-1522c897d56a to target 0298b916-6136-4321-989b-5bb354a0b70e
2023-08-30 06:49:52,256 [main] DEBUG balancer.ContainerBalancerTask (ContainerBalancerTask.java:matchSourceWithTarget(708)) - ContainerBalancer is finding suitable target for source datanode 681ae63e-a876-4c5c-8c02-3bf495d957cd
2023-08-30 06:49:52,256 [main] INFO  balancer.ContainerBalancerTask (ContainerBalancerTask.java:matchSourceWithTarget(722)) - ContainerBalancer matched source datanode 681ae63e-a876-4c5c-8c02-3bf495d957cd with target datanode 0298b916-6136-4321-989b-5bb354a0b70e for container move.
2023-08-30 06:49:52,256 [main] INFO  balancer.ContainerBalancerTask (ContainerBalancerTask.java:processMoveSelection(569)) - ContainerBalancer is trying to move container #28 with size 4294967296B from source datanode 681ae63e-a876-4c5c-8c02-3bf495d957cd to target datanode 0298b916-6136-4321-989b-5bb354a0b70e
2023-08-30 06:49:52,256 [main] DEBUG balancer.ContainerBalancerTask (ContainerBalancerTask.java:lambda$moveContainer$3(837)) - Container move completed for container #28 from source 681ae63e-a876-4c5c-8c02-3bf495d957cd to target 0298b916-6136-4321-989b-5bb354a0b70e
2023-08-30 06:49:52,259 [main] DEBUG balancer.ContainerBalancerTask (ContainerBalancerTask.java:matchSourceWithTarget(708)) - ContainerBalancer is finding suitable target for source datanode 681ae63e-a876-4c5c-8c02-3bf495d957cd
2023-08-30 06:49:52,260 [main] INFO  balancer.ContainerBalancerTask (ContainerBalancerTask.java:matchSourceWithTarget(722)) - ContainerBalancer matched source datanode 681ae63e-a876-4c5c-8c02-3bf495d957cd with target datanode 4a7a5e61-2b3f-4981-a9a4-6af45d934c18 for container move.
2023-08-30 06:49:52,260 [main] INFO  balancer.ContainerBalancerTask (ContainerBalancerTask.java:processMoveSelection(569)) - ContainerBalancer is trying to move container #88 with size 3221225472B from source datanode 681ae63e-a876-4c5c-8c02-3bf495d957cd to target datanode 4a7a5e61-2b3f-4981-a9a4-6af45d934c18
2023-08-30 06:49:52,260 [main] DEBUG balancer.ContainerBalancerTask (ContainerBalancerTask.java:lambda$moveContainer$3(837)) - Container move completed for container #88 from source 681ae63e-a876-4c5c-8c02-3bf495d957cd to target 4a7a5e61-2b3f-4981-a9a4-6af45d934c18
2023-08-30 06:49:52,263 [main] DEBUG balancer.ContainerBalancerTask (ContainerBalancerTask.java:matchSourceWithTarget(708)) - ContainerBalancer is finding suitable target for source datanode 19d3f880-e223-44b8-abcc-495fd19dfa86
2023-08-30 06:49:52,263 [main] INFO  balancer.ContainerBalancerTask (ContainerBalancerTask.java:matchSourceWithTarget(722)) - ContainerBalancer matched source datanode 19d3f880-e223-44b8-abcc-495fd19dfa86 with target datanode 0298b916-6136-4321-989b-5bb354a0b70e for container move.
2023-08-30 06:49:52,263 [main] INFO  balancer.ContainerBalancerTask (ContainerBalancerTask.java:processMoveSelection(569)) - ContainerBalancer is trying to move container #52 with size 4294967296B from source datanode 19d3f880-e223-44b8-abcc-495fd19dfa86 to target datanode 0298b916-6136-4321-989b-5bb354a0b70e
2023-08-30 06:49:52,263 [main] DEBUG balancer.ContainerBalancerTask (ContainerBalancerTask.java:lambda$moveContainer$3(837)) - Container move completed for container #52 from source 19d3f880-e223-44b8-abcc-495fd19dfa86 to target 0298b916-6136-4321-989b-5bb354a0b70e
2023-08-30 06:49:52,267 [main] DEBUG balancer.ContainerBalancerTask (ContainerBalancerTask.java:matchSourceWithTarget(708)) - ContainerBalancer is finding suitable target for source datanode d6fa954d-9233-4334-9bea-1522c897d56a
2023-08-30 06:49:52,267 [main] INFO  balancer.ContainerBalancerTask (ContainerBalancerTask.java:matchSourceWithTarget(722)) - ContainerBalancer matched source datanode d6fa954d-9233-4334-9bea-1522c897d56a with target datanode 4a7a5e61-2b3f-4981-a9a4-6af45d934c18 for container move.
2023-08-30 06:49:52,267 [main] INFO  balancer.ContainerBalancerTask (ContainerBalancerTask.java:processMoveSelection(569)) - ContainerBalancer is trying to move container #89 with size 4294967296B from source datanode d6fa954d-9233-4334-9bea-1522c897d56a to target datanode 4a7a5e61-2b3f-4981-a9a4-6af45d934c18
2023-08-30 06:49:52,267 [main] DEBUG balancer.ContainerBalancerTask (ContainerBalancerTask.java:lambda$moveContainer$3(837)) - Container move completed for container #89 from source d6fa954d-9233-4334-9bea-1522c897d56a to target 4a7a5e61-2b3f-4981-a9a4-6af45d934c18
2023-08-30 06:49:52,270 [main] DEBUG balancer.ContainerBalancerTask (ContainerBalancerTask.java:matchSourceWithTarget(708)) - ContainerBalancer is finding suitable target for source datanode 1e842003-d8bf-4dba-a164-35eddf1d3511
2023-08-30 06:49:52,270 [main] INFO  balancer.ContainerBalancerTask (ContainerBalancerTask.java:matchSourceWithTarget(722)) - ContainerBalancer matched source datanode 1e842003-d8bf-4dba-a164-35eddf1d3511 with target datanode 0298b916-6136-4321-989b-5bb354a0b70e for container move.
2023-08-30 06:49:52,270 [main] INFO  balancer.ContainerBalancerTask (ContainerBalancerTask.java:processMoveSelection(569)) - ContainerBalancer is trying to move container #50 with size 2147483648B from source datanode 1e842003-d8bf-4dba-a164-35eddf1d3511 to target datanode 0298b916-6136-4321-989b-5bb354a0b70e
2023-08-30 06:49:52,270 [main] DEBUG balancer.ContainerBalancerTask (ContainerBalancerTask.java:lambda$moveContainer$3(837)) - Container move completed for container #50 from source 1e842003-d8bf-4dba-a164-35eddf1d3511 to target 0298b916-6136-4321-989b-5bb354a0b70e
2023-08-30 06:49:52,270 [main] WARN  balancer.ContainerBalancerTask (ContainerBalancerTask.java:reachedMaxSizeToMovePerIteration(733)) - Reached max size to move limit. 53687091200 bytes have already been scheduled for balancing and the limit is 53687091200 bytes.
2023-08-30 06:49:52,271 [main] INFO  balancer.ContainerBalancerTask (ContainerBalancerTask.java:checkIterationMoveResults(642)) - Iteration Summary. Number of Datanodes involved: 7. Size moved: 50 GB (53687091200 Bytes). Number of Container moves completed: 12.
2023-08-30 06:49:52,271 [main] INFO  balancer.ContainerBalancerTask (ContainerBalancerTask.java:balance(259)) - Result of this iteration of Container Balancer: ITERATION_COMPLETED
2023-08-30 06:49:52,271 [main] INFO  balancer.ContainerBalancerTask (ContainerBalancerTask.java:tryStopWithSaveConfiguration(308)) - Save Configuration for stopping. Reason: Completed all iterations.
2023-08-30 06:49:52,272 [main] DEBUG balancer.ContainerBalancerTask (ContainerBalancerTask.java:initializeIteration(374)) - Average utilization of the cluster is 0.38698078579770684
2023-08-30 06:49:52,272 [main] DEBUG balancer.ContainerBalancerTask (ContainerBalancerTask.java:initializeIteration(386)) - Lower limit for utilization is 0.14556599388802657 and Upper limit for utilization is 0.6283955777073871
2023-08-30 06:49:52,272 [main] DEBUG balancer.ContainerBalancerTask (ContainerBalancerTask.java:initializeIteration(398)) - Utilization for node d6fa954d-9233-4334-9bea-1522c897d56a with capacity 68003648853B, used 61203283968B, and remaining 6800364885B is 0.9000000000044115
2023-08-30 06:49:52,272 [main] DEBUG balancer.ContainerBalancerTask (ContainerBalancerTask.java:initializeIteration(398)) - Utilization for node 681ae63e-a876-4c5c-8c02-3bf495d957cd with capacity 87241523200B, used 69793218560B, and remaining 17448304640B is 0.8
2023-08-30 06:49:52,272 [main] DEBUG balancer.ContainerBalancerTask (ContainerBalancerTask.java:initializeIteration(398)) - Utilization for node 19d3f880-e223-44b8-abcc-495fd19dfa86 with capacity 69026260114B, used 48318382080B, and remaining 20707878034B is 0.7000000000028974
2023-08-30 06:49:52,273 [main] DEBUG balancer.ContainerBalancerTask (ContainerBalancerTask.java:initializeIteration(398)) - Utilization for node 1e842003-d8bf-4dba-a164-35eddf1d3511 with capacity 59055800320B, used 35433480192B, and remaining 23622320128B is 0.6
2023-08-30 06:49:52,273 [main] DEBUG balancer.ContainerBalancerTask (ContainerBalancerTask.java:initializeIteration(398)) - Utilization for node 1c4b2f89-40d2-467b-9872-4fa6e5223cd7 with capacity 130996502528B, used 65498251264B, and remaining 65498251264B is 0.5
2023-08-30 06:49:52,273 [main] DEBUG balancer.ContainerBalancerTask (ContainerBalancerTask.java:initializeIteration(398)) - Utilization for node 522d7852-c2b1-4f4d-9914-dde8150cadfe with capacity 64424509440B, used 25769803776B, and remaining 38654705664B is 0.4
2023-08-30 06:49:52,273 [main] DEBUG balancer.ContainerBalancerTask (ContainerBalancerTask.java:initializeIteration(398)) - Utilization for node 58e93824-a32b-4139-b1c8-aad9a9795a7d with capacity 136007297706B, used 40802189312B, and remaining 95205108394B is 0.30000000000147053
2023-08-30 06:49:52,273 [main] DEBUG balancer.ContainerBalancerTask (ContainerBalancerTask.java:initializeIteration(398)) - Utilization for node 4a7a5e61-2b3f-4981-a9a4-6af45d934c18 with capacity 118111600640B, used 23622320128B, and remaining 94489280512B is 0.2
2023-08-30 06:49:52,273 [main] DEBUG balancer.ContainerBalancerTask (ContainerBalancerTask.java:initializeIteration(398)) - Utilization for node 0298b916-6136-4321-989b-5bb354a0b70e with capacity 257698037760B, used 25769803776B, and remaining 231928233984B is 0.1
2023-08-30 06:49:52,273 [main] DEBUG balancer.ContainerBalancerTask (ContainerBalancerTask.java:initializeIteration(398)) - Utilization for node a8dc8e14-51a9-4d83-a5bf-6c6ac6975915 with capacity 33285996544B, used 0B, and remaining 33285996544B is 0.0
2023-08-30 06:49:52,273 [main] INFO  balancer.ContainerBalancerTask (ContainerBalancerTask.java:initializeIteration(447)) - Container Balancer has identified 3 Over-Utilized and 2 Under-Utilized Datanodes that need to be balanced.
2023-08-30 06:49:52,273 [main] DEBUG balancer.ContainerBalancerTask (ContainerBalancerTask.java:lambda$initializeIteration$1(453)) - Datanode localhost-146.188.160.172 d6fa954d-9233-4334-9bea-1522c897d56a is Over-Utilized.
2023-08-30 06:49:52,273 [main] DEBUG balancer.ContainerBalancerTask (ContainerBalancerTask.java:lambda$initializeIteration$1(453)) - Datanode localhost-233.191.17.208 681ae63e-a876-4c5c-8c02-3bf495d957cd is Over-Utilized.
2023-08-30 06:49:52,273 [main] DEBUG balancer.ContainerBalancerTask (ContainerBalancerTask.java:lambda$initializeIteration$1(453)) - Datanode localhost-123.88.214.81 19d3f880-e223-44b8-abcc-495fd19dfa86 is Over-Utilized.
2023-08-30 06:49:52,273 [main] DEBUG balancer.ContainerBalancerTask (ContainerBalancerTask.java:lambda$initializeIteration$2(459)) - Datanode localhost-89.157.111.179 a8dc8e14-51a9-4d83-a5bf-6c6ac6975915 is Under-Utilized.
2023-08-30 06:49:52,274 [main] DEBUG balancer.ContainerBalancerTask (ContainerBalancerTask.java:lambda$initializeIteration$2(459)) - Datanode localhost-248.15.158.135 0298b916-6136-4321-989b-5bb354a0b70e is Under-Utilized.
2023-08-30 06:49:52,276 [main] DEBUG balancer.ContainerBalancerTask (ContainerBalancerTask.java:matchSourceWithTarget(708)) - ContainerBalancer is finding suitable target for source datanode d6fa954d-9233-4334-9bea-1522c897d56a
2023-08-30 06:49:52,277 [main] INFO  balancer.ContainerBalancerTask (ContainerBalancerTask.java:matchSourceWithTarget(722)) - ContainerBalancer matched source datanode d6fa954d-9233-4334-9bea-1522c897d56a with target datanode a8dc8e14-51a9-4d83-a5bf-6c6ac6975915 for container move.
2023-08-30 06:49:52,277 [main] INFO  balancer.ContainerBalancerTask (ContainerBalancerTask.java:processMoveSelection(569)) - ContainerBalancer is trying to move container #85 with size 5368709120B from source datanode d6fa954d-9233-4334-9bea-1522c897d56a to target datanode a8dc8e14-51a9-4d83-a5bf-6c6ac6975915
2023-08-30 06:49:52,277 [main] DEBUG balancer.ContainerBalancerTask (ContainerBalancerTask.java:lambda$moveContainer$3(837)) - Container move completed for container #85 from source d6fa954d-9233-4334-9bea-1522c897d56a to target a8dc8e14-51a9-4d83-a5bf-6c6ac6975915
2023-08-30 06:49:52,280 [main] DEBUG balancer.ContainerBalancerTask (ContainerBalancerTask.java:matchSourceWithTarget(708)) - ContainerBalancer is finding suitable target for source datanode d6fa954d-9233-4334-9bea-1522c897d56a
2023-08-30 06:49:52,280 [main] INFO  balancer.ContainerBalancerTask (ContainerBalancerTask.java:matchSourceWithTarget(722)) - ContainerBalancer matched source datanode d6fa954d-9233-4334-9bea-1522c897d56a with target datanode 0298b916-6136-4321-989b-5bb354a0b70e for container move.
2023-08-30 06:49:52,280 [main] INFO  balancer.ContainerBalancerTask (ContainerBalancerTask.java:processMoveSelection(569)) - ContainerBalancer is trying to move container #29 with size 5368709120B from source datanode d6fa954d-9233-4334-9bea-1522c897d56a to target datanode 0298b916-6136-4321-989b-5bb354a0b70e
2023-08-30 06:49:52,280 [main] DEBUG balancer.ContainerBalancerTask (ContainerBalancerTask.java:lambda$moveContainer$3(837)) - Container move completed for container #29 from source d6fa954d-9233-4334-9bea-1522c897d56a to target 0298b916-6136-4321-989b-5bb354a0b70e
2023-08-30 06:49:52,283 [main] DEBUG balancer.ContainerBalancerTask (ContainerBalancerTask.java:matchSourceWithTarget(708)) - ContainerBalancer is finding suitable target for source datanode 681ae63e-a876-4c5c-8c02-3bf495d957cd
2023-08-30 06:49:52,284 [main] INFO  balancer.ContainerBalancerTask (ContainerBalancerTask.java:matchSourceWithTarget(722)) - ContainerBalancer matched source datanode 681ae63e-a876-4c5c-8c02-3bf495d957cd with target datanode 0298b916-6136-4321-989b-5bb354a0b70e for container move.
2023-08-30 06:49:52,284 [main] INFO  balancer.ContainerBalancerTask (ContainerBalancerTask.java:processMoveSelection(569)) - ContainerBalancer is trying to move container #68 with size 5368709120B from source datanode 681ae63e-a876-4c5c-8c02-3bf495d957cd to target datanode 0298b916-6136-4321-989b-5bb354a0b70e
2023-08-30 06:49:52,284 [main] DEBUG balancer.ContainerBalancerTask (ContainerBalancerTask.java:lambda$moveContainer$3(837)) - Container move completed for container #68 from source 681ae63e-a876-4c5c-8c02-3bf495d957cd to target 0298b916-6136-4321-989b-5bb354a0b70e
2023-08-30 06:49:52,287 [main] DEBUG balancer.ContainerBalancerTask (ContainerBalancerTask.java:matchSourceWithTarget(708)) - ContainerBalancer is finding suitable target for source datanode d6fa954d-9233-4334-9bea-1522c897d56a
2023-08-30 06:49:52,287 [main] INFO  balancer.ContainerBalancerTask (ContainerBalancerTask.java:matchSourceWithTarget(722)) - ContainerBalancer matched source datanode d6fa954d-9233-4334-9bea-1522c897d56a with target datanode 0298b916-6136-4321-989b-5bb354a0b70e for container move.
2023-08-30 06:49:52,287 [main] INFO  balancer.ContainerBalancerTask (ContainerBalancerTask.java:processMoveSelection(569)) - ContainerBalancer is trying to move container #84 with size 4294967296B from source datanode d6fa954d-9233-4334-9bea-1522c897d56a to target datanode 0298b916-6136-4321-989b-5bb354a0b70e
2023-08-30 06:49:52,288 [main] DEBUG balancer.ContainerBalancerTask (ContainerBalancerTask.java:lambda$moveContainer$3(837)) - Container move completed for container #84 from source d6fa954d-9233-4334-9bea-1522c897d56a to target 0298b916-6136-4321-989b-5bb354a0b70e
2023-08-30 06:49:52,291 [main] DEBUG balancer.ContainerBalancerTask (ContainerBalancerTask.java:matchSourceWithTarget(708)) - ContainerBalancer is finding suitable target for source datanode 681ae63e-a876-4c5c-8c02-3bf495d957cd
2023-08-30 06:49:52,291 [main] INFO  balancer.ContainerBalancerTask (ContainerBalancerTask.java:matchSourceWithTarget(722)) - ContainerBalancer matched source datanode 681ae63e-a876-4c5c-8c02-3bf495d957cd with target datanode 0298b916-6136-4321-989b-5bb354a0b70e for container move.
2023-08-30 06:49:52,291 [main] INFO  balancer.ContainerBalancerTask (ContainerBalancerTask.java:processMoveSelection(569)) - ContainerBalancer is trying to move container #40 with size 5368709120B from source datanode 681ae63e-a876-4c5c-8c02-3bf495d957cd to target datanode 0298b916-6136-4321-989b-5bb354a0b70e
2023-08-30 06:49:52,291 [main] DEBUG balancer.ContainerBalancerTask (ContainerBalancerTask.java:lambda$moveContainer$3(837)) - Container move completed for container #40 from source 681ae63e-a876-4c5c-8c02-3bf495d957cd to target 0298b916-6136-4321-989b-5bb354a0b70e
2023-08-30 06:49:52,294 [main] DEBUG balancer.ContainerBalancerTask (ContainerBalancerTask.java:matchSourceWithTarget(708)) - ContainerBalancer is finding suitable target for source datanode 19d3f880-e223-44b8-abcc-495fd19dfa86
2023-08-30 06:49:52,294 [main] INFO  balancer.ContainerBalancerTask (ContainerBalancerTask.java:matchSourceWithTarget(722)) - ContainerBalancer matched source datanode 19d3f880-e223-44b8-abcc-495fd19dfa86 with target datanode a8dc8e14-51a9-4d83-a5bf-6c6ac6975915 for container move.
2023-08-30 06:49:52,295 [main] INFO  balancer.ContainerBalancerTask (ContainerBalancerTask.java:processMoveSelection(569)) - ContainerBalancer is trying to move container #53 with size 5368709120B from source datanode 19d3f880-e223-44b8-abcc-495fd19dfa86 to target datanode a8dc8e14-51a9-4d83-a5bf-6c6ac6975915
2023-08-30 06:49:52,295 [main] DEBUG balancer.ContainerBalancerTask (ContainerBalancerTask.java:lambda$moveContainer$3(837)) - Container move completed for container #53 from source 19d3f880-e223-44b8-abcc-495fd19dfa86 to target a8dc8e14-51a9-4d83-a5bf-6c6ac6975915
2023-08-30 06:49:52,298 [main] DEBUG balancer.ContainerBalancerTask (ContainerBalancerTask.java:matchSourceWithTarget(708)) - ContainerBalancer is finding suitable target for source datanode d6fa954d-9233-4334-9bea-1522c897d56a
2023-08-30 06:49:52,298 [main] INFO  balancer.ContainerBalancerTask (ContainerBalancerTask.java:matchSourceWithTarget(722)) - ContainerBalancer matched source datanode d6fa954d-9233-4334-9bea-1522c897d56a with target datanode 0298b916-6136-4321-989b-5bb354a0b70e for container move.
2023-08-30 06:49:52,300 [main] INFO  balancer.ContainerBalancerTask (ContainerBalancerTask.java:processMoveSelection(569)) - ContainerBalancer is trying to move container #67 with size 4294967296B from source datanode d6fa954d-9233-4334-9bea-1522c897d56a to target datanode 0298b916-6136-4321-989b-5bb354a0b70e
2023-08-30 06:49:52,300 [main] DEBUG balancer.ContainerBalancerTask (ContainerBalancerTask.java:lambda$moveContainer$3(837)) - Container move completed for container #67 from source d6fa954d-9233-4334-9bea-1522c897d56a to target 0298b916-6136-4321-989b-5bb354a0b70e
2023-08-30 06:49:52,303 [main] DEBUG balancer.ContainerBalancerTask (ContainerBalancerTask.java:matchSourceWithTarget(708)) - ContainerBalancer is finding suitable target for source datanode 681ae63e-a876-4c5c-8c02-3bf495d957cd
2023-08-30 06:49:52,303 [main] INFO  balancer.ContainerBalancerTask (ContainerBalancerTask.java:matchSourceWithTarget(722)) - ContainerBalancer matched source datanode 681ae63e-a876-4c5c-8c02-3bf495d957cd with target datanode 0298b916-6136-4321-989b-5bb354a0b70e for container move.
2023-08-30 06:49:52,303 [main] INFO  balancer.ContainerBalancerTask (ContainerBalancerTask.java:processMoveSelection(569)) - ContainerBalancer is trying to move container #28 with size 4294967296B from source datanode 681ae63e-a876-4c5c-8c02-3bf495d957cd to target datanode 0298b916-6136-4321-989b-5bb354a0b70e
2023-08-30 06:49:52,303 [main] DEBUG balancer.ContainerBalancerTask (ContainerBalancerTask.java:lambda$moveContainer$3(837)) - Container move completed for container #28 from source 681ae63e-a876-4c5c-8c02-3bf495d957cd to target 0298b916-6136-4321-989b-5bb354a0b70e
2023-08-30 06:49:52,306 [main] DEBUG balancer.ContainerBalancerTask (ContainerBalancerTask.java:matchSourceWithTarget(708)) - ContainerBalancer is finding suitable target for source datanode 681ae63e-a876-4c5c-8c02-3bf495d957cd
2023-08-30 06:49:52,307 [main] INFO  balancer.ContainerBalancerTask (ContainerBalancerTask.java:matchSourceWithTarget(722)) - ContainerBalancer matched source datanode 681ae63e-a876-4c5c-8c02-3bf495d957cd with target datanode 0298b916-6136-4321-989b-5bb354a0b70e for container move.
2023-08-30 06:49:52,307 [main] INFO  balancer.ContainerBalancerTask (ContainerBalancerTask.java:processMoveSelection(569)) - ContainerBalancer is trying to move container #88 with size 3221225472B from source datanode 681ae63e-a876-4c5c-8c02-3bf495d957cd to target datanode 0298b916-6136-4321-989b-5bb354a0b70e
2023-08-30 06:49:52,307 [main] DEBUG balancer.ContainerBalancerTask (ContainerBalancerTask.java:lambda$moveContainer$3(837)) - Container move completed for container #88 from source 681ae63e-a876-4c5c-8c02-3bf495d957cd to target 0298b916-6136-4321-989b-5bb354a0b70e
2023-08-30 06:49:52,311 [main] DEBUG balancer.ContainerBalancerTask (ContainerBalancerTask.java:matchSourceWithTarget(708)) - ContainerBalancer is finding suitable target for source datanode 19d3f880-e223-44b8-abcc-495fd19dfa86
2023-08-30 06:49:52,311 [main] INFO  balancer.ContainerBalancerTask (ContainerBalancerTask.java:matchSourceWithTarget(722)) - ContainerBalancer matched source datanode 19d3f880-e223-44b8-abcc-495fd19dfa86 with target datanode 0298b916-6136-4321-989b-5bb354a0b70e for container move.
2023-08-30 06:49:52,311 [main] INFO  balancer.ContainerBalancerTask (ContainerBalancerTask.java:processMoveSelection(569)) - ContainerBalancer is trying to move container #52 with size 4294967296B from source datanode 19d3f880-e223-44b8-abcc-495fd19dfa86 to target datanode 0298b916-6136-4321-989b-5bb354a0b70e
2023-08-30 06:49:52,311 [main] DEBUG balancer.ContainerBalancerTask (ContainerBalancerTask.java:lambda$moveContainer$3(837)) - Container move completed for container #52 from source 19d3f880-e223-44b8-abcc-495fd19dfa86 to target 0298b916-6136-4321-989b-5bb354a0b70e
2023-08-30 06:49:52,314 [main] DEBUG balancer.ContainerBalancerTask (ContainerBalancerTask.java:matchSourceWithTarget(708)) - ContainerBalancer is finding suitable target for source datanode d6fa954d-9233-4334-9bea-1522c897d56a
2023-08-30 06:49:52,314 [main] INFO  balancer.ContainerBalancerTask (ContainerBalancerTask.java:matchSourceWithTarget(722)) - ContainerBalancer matched source datanode d6fa954d-9233-4334-9bea-1522c897d56a with target datanode 0298b916-6136-4321-989b-5bb354a0b70e for container move.
2023-08-30 06:49:52,314 [main] INFO  balancer.ContainerBalancerTask (ContainerBalancerTask.java:processMoveSelection(569)) - ContainerBalancer is trying to move container #19 with size 4294967296B from source datanode d6fa954d-9233-4334-9bea-1522c897d56a to target datanode 0298b916-6136-4321-989b-5bb354a0b70e
2023-08-30 06:49:52,314 [main] DEBUG balancer.ContainerBalancerTask (ContainerBalancerTask.java:lambda$moveContainer$3(837)) - Container move completed for container #19 from source d6fa954d-9233-4334-9bea-1522c897d56a to target 0298b916-6136-4321-989b-5bb354a0b70e
2023-08-30 06:49:52,318 [main] DEBUG balancer.ContainerBalancerTask (ContainerBalancerTask.java:matchSourceWithTarget(708)) - ContainerBalancer is finding suitable target for source datanode 681ae63e-a876-4c5c-8c02-3bf495d957cd
2023-08-30 06:49:52,318 [main] INFO  balancer.ContainerBalancerTask (ContainerBalancerTask.java:matchSourceWithTarget(722)) - ContainerBalancer matched source datanode 681ae63e-a876-4c5c-8c02-3bf495d957cd with target datanode 0298b916-6136-4321-989b-5bb354a0b70e for container move.
2023-08-30 06:49:52,318 [main] INFO  balancer.ContainerBalancerTask (ContainerBalancerTask.java:processMoveSelection(569)) - ContainerBalancer is trying to move container #70 with size 2147483648B from source datanode 681ae63e-a876-4c5c-8c02-3bf495d957cd to target datanode 0298b916-6136-4321-989b-5bb354a0b70e
2023-08-30 06:49:52,318 [main] DEBUG balancer.ContainerBalancerTask (ContainerBalancerTask.java:lambda$moveContainer$3(837)) - Container move completed for container #70 from source 681ae63e-a876-4c5c-8c02-3bf495d957cd to target 0298b916-6136-4321-989b-5bb354a0b70e
2023-08-30 06:49:52,318 [main] WARN  balancer.ContainerBalancerTask (ContainerBalancerTask.java:reachedMaxSizeToMovePerIteration(733)) - Reached max size to move limit. 53687091200 bytes have already been scheduled for balancing and the limit is 53687091200 bytes.
2023-08-30 06:49:52,319 [main] INFO  balancer.ContainerBalancerTask (ContainerBalancerTask.java:checkIterationMoveResults(642)) - Iteration Summary. Number of Datanodes involved: 5. Size moved: 50 GB (53687091200 Bytes). Number of Container moves completed: 12.
2023-08-30 06:49:52,319 [main] INFO  balancer.ContainerBalancerTask (ContainerBalancerTask.java:balance(259)) - Result of this iteration of Container Balancer: ITERATION_COMPLETED
2023-08-30 06:49:52,319 [main] INFO  balancer.ContainerBalancerTask (ContainerBalancerTask.java:tryStopWithSaveConfiguration(308)) - Save Configuration for stopping. Reason: Completed all iterations.
2023-08-30 06:49:52,320 [main] DEBUG balancer.ContainerBalancerTask (ContainerBalancerTask.java:initializeIteration(374)) - Average utilization of the cluster is 0.38698078579770684
2023-08-30 06:49:52,320 [main] DEBUG balancer.ContainerBalancerTask (ContainerBalancerTask.java:initializeIteration(386)) - Lower limit for utilization is 0.198783436921747 and Upper limit for utilization is 0.5751781346736666
2023-08-30 06:49:52,320 [main] DEBUG balancer.ContainerBalancerTask (ContainerBalancerTask.java:initializeIteration(398)) - Utilization for node d6fa954d-9233-4334-9bea-1522c897d56a with capacity 68003648853B, used 61203283968B, and remaining 6800364885B is 0.9000000000044115
2023-08-30 06:49:52,320 [main] DEBUG balancer.ContainerBalancerTask (ContainerBalancerTask.java:initializeIteration(398)) - Utilization for node 681ae63e-a876-4c5c-8c02-3bf495d957cd with capacity 87241523200B, used 69793218560B, and remaining 17448304640B is 0.8
2023-08-30 06:49:52,320 [main] DEBUG balancer.ContainerBalancerTask (ContainerBalancerTask.java:initializeIteration(398)) - Utilization for node 19d3f880-e223-44b8-abcc-495fd19dfa86 with capacity 69026260114B, used 48318382080B, and remaining 20707878034B is 0.7000000000028974
2023-08-30 06:49:52,320 [main] DEBUG balancer.ContainerBalancerTask (ContainerBalancerTask.java:initializeIteration(398)) - Utilization for node 1e842003-d8bf-4dba-a164-35eddf1d3511 with capacity 59055800320B, used 35433480192B, and remaining 23622320128B is 0.6
2023-08-30 06:49:52,320 [main] DEBUG balancer.ContainerBalancerTask (ContainerBalancerTask.java:initializeIteration(398)) - Utilization for node 1c4b2f89-40d2-467b-9872-4fa6e5223cd7 with capacity 130996502528B, used 65498251264B, and remaining 65498251264B is 0.5
2023-08-30 06:49:52,322 [main] DEBUG balancer.ContainerBalancerTask (ContainerBalancerTask.java:initializeIteration(398)) - Utilization for node 522d7852-c2b1-4f4d-9914-dde8150cadfe with capacity 64424509440B, used 25769803776B, and remaining 38654705664B is 0.4
2023-08-30 06:49:52,322 [main] DEBUG balancer.ContainerBalancerTask (ContainerBalancerTask.java:initializeIteration(398)) - Utilization for node 58e93824-a32b-4139-b1c8-aad9a9795a7d with capacity 136007297706B, used 40802189312B, and remaining 95205108394B is 0.30000000000147053
2023-08-30 06:49:52,323 [main] DEBUG balancer.ContainerBalancerTask (ContainerBalancerTask.java:initializeIteration(398)) - Utilization for node 4a7a5e61-2b3f-4981-a9a4-6af45d934c18 with capacity 118111600640B, used 23622320128B, and remaining 94489280512B is 0.2
2023-08-30 06:49:52,323 [main] DEBUG balancer.ContainerBalancerTask (ContainerBalancerTask.java:initializeIteration(398)) - Utilization for node 0298b916-6136-4321-989b-5bb354a0b70e with capacity 257698037760B, used 25769803776B, and remaining 231928233984B is 0.1
2023-08-30 06:49:52,323 [main] DEBUG balancer.ContainerBalancerTask (ContainerBalancerTask.java:initializeIteration(398)) - Utilization for node a8dc8e14-51a9-4d83-a5bf-6c6ac6975915 with capacity 33285996544B, used 0B, and remaining 33285996544B is 0.0
2023-08-30 06:49:52,323 [main] INFO  balancer.ContainerBalancerTask (ContainerBalancerTask.java:initializeIteration(447)) - Container Balancer has identified 4 Over-Utilized and 2 Under-Utilized Datanodes that need to be balanced.
2023-08-30 06:49:52,323 [main] DEBUG balancer.ContainerBalancerTask (ContainerBalancerTask.java:lambda$initializeIteration$1(453)) - Datanode localhost-146.188.160.172 d6fa954d-9233-4334-9bea-1522c897d56a is Over-Utilized.
2023-08-30 06:49:52,323 [main] DEBUG balancer.ContainerBalancerTask (ContainerBalancerTask.java:lambda$initializeIteration$1(453)) - Datanode localhost-233.191.17.208 681ae63e-a876-4c5c-8c02-3bf495d957cd is Over-Utilized.
2023-08-30 06:49:52,323 [main] DEBUG balancer.ContainerBalancerTask (ContainerBalancerTask.java:lambda$initializeIteration$1(453)) - Datanode localhost-123.88.214.81 19d3f880-e223-44b8-abcc-495fd19dfa86 is Over-Utilized.
2023-08-30 06:49:52,323 [main] DEBUG balancer.ContainerBalancerTask (ContainerBalancerTask.java:lambda$initializeIteration$1(453)) - Datanode localhost-159.142.142.145 1e842003-d8bf-4dba-a164-35eddf1d3511 is Over-Utilized.
2023-08-30 06:49:52,323 [main] DEBUG balancer.ContainerBalancerTask (ContainerBalancerTask.java:lambda$initializeIteration$2(459)) - Datanode localhost-89.157.111.179 a8dc8e14-51a9-4d83-a5bf-6c6ac6975915 is Under-Utilized.
2023-08-30 06:49:52,323 [main] DEBUG balancer.ContainerBalancerTask (ContainerBalancerTask.java:lambda$initializeIteration$2(459)) - Datanode localhost-248.15.158.135 0298b916-6136-4321-989b-5bb354a0b70e is Under-Utilized.
2023-08-30 06:49:52,326 [main] DEBUG balancer.ContainerBalancerTask (ContainerBalancerTask.java:matchSourceWithTarget(708)) - ContainerBalancer is finding suitable target for source datanode d6fa954d-9233-4334-9bea-1522c897d56a
2023-08-30 06:49:52,326 [main] INFO  balancer.ContainerBalancerTask (ContainerBalancerTask.java:matchSourceWithTarget(722)) - ContainerBalancer matched source datanode d6fa954d-9233-4334-9bea-1522c897d56a with target datanode a8dc8e14-51a9-4d83-a5bf-6c6ac6975915 for container move.
2023-08-30 06:49:52,326 [main] INFO  balancer.ContainerBalancerTask (ContainerBalancerTask.java:processMoveSelection(569)) - ContainerBalancer is trying to move container #85 with size 5368709120B from source datanode d6fa954d-9233-4334-9bea-1522c897d56a to target datanode a8dc8e14-51a9-4d83-a5bf-6c6ac6975915
2023-08-30 06:49:52,326 [main] DEBUG balancer.ContainerBalancerTask (ContainerBalancerTask.java:lambda$moveContainer$3(837)) - Container move completed for container #85 from source d6fa954d-9233-4334-9bea-1522c897d56a to target a8dc8e14-51a9-4d83-a5bf-6c6ac6975915
2023-08-30 06:49:52,329 [main] DEBUG balancer.ContainerBalancerTask (ContainerBalancerTask.java:matchSourceWithTarget(708)) - ContainerBalancer is finding suitable target for source datanode d6fa954d-9233-4334-9bea-1522c897d56a
2023-08-30 06:49:52,329 [main] INFO  balancer.ContainerBalancerTask (ContainerBalancerTask.java:matchSourceWithTarget(722)) - ContainerBalancer matched source datanode d6fa954d-9233-4334-9bea-1522c897d56a with target datanode 0298b916-6136-4321-989b-5bb354a0b70e for container move.
2023-08-30 06:49:52,330 [main] INFO  balancer.ContainerBalancerTask (ContainerBalancerTask.java:processMoveSelection(569)) - ContainerBalancer is trying to move container #29 with size 5368709120B from source datanode d6fa954d-9233-4334-9bea-1522c897d56a to target datanode 0298b916-6136-4321-989b-5bb354a0b70e
2023-08-30 06:49:52,330 [main] DEBUG balancer.ContainerBalancerTask (ContainerBalancerTask.java:lambda$moveContainer$3(837)) - Container move completed for container #29 from source d6fa954d-9233-4334-9bea-1522c897d56a to target 0298b916-6136-4321-989b-5bb354a0b70e
2023-08-30 06:49:52,333 [main] DEBUG balancer.ContainerBalancerTask (ContainerBalancerTask.java:matchSourceWithTarget(708)) - ContainerBalancer is finding suitable target for source datanode 681ae63e-a876-4c5c-8c02-3bf495d957cd
2023-08-30 06:49:52,333 [main] INFO  balancer.ContainerBalancerTask (ContainerBalancerTask.java:matchSourceWithTarget(722)) - ContainerBalancer matched source datanode 681ae63e-a876-4c5c-8c02-3bf495d957cd with target datanode 0298b916-6136-4321-989b-5bb354a0b70e for container move.
2023-08-30 06:49:52,333 [main] INFO  balancer.ContainerBalancerTask (ContainerBalancerTask.java:processMoveSelection(569)) - ContainerBalancer is trying to move container #68 with size 5368709120B from source datanode 681ae63e-a876-4c5c-8c02-3bf495d957cd to target datanode 0298b916-6136-4321-989b-5bb354a0b70e
2023-08-30 06:49:52,333 [main] DEBUG balancer.ContainerBalancerTask (ContainerBalancerTask.java:lambda$moveContainer$3(837)) - Container move completed for container #68 from source 681ae63e-a876-4c5c-8c02-3bf495d957cd to target 0298b916-6136-4321-989b-5bb354a0b70e
2023-08-30 06:49:52,336 [main] DEBUG balancer.ContainerBalancerTask (ContainerBalancerTask.java:matchSourceWithTarget(708)) - ContainerBalancer is finding suitable target for source datanode d6fa954d-9233-4334-9bea-1522c897d56a
2023-08-30 06:49:52,336 [main] INFO  balancer.ContainerBalancerTask (ContainerBalancerTask.java:matchSourceWithTarget(722)) - ContainerBalancer matched source datanode d6fa954d-9233-4334-9bea-1522c897d56a with target datanode 0298b916-6136-4321-989b-5bb354a0b70e for container move.
2023-08-30 06:49:52,336 [main] INFO  balancer.ContainerBalancerTask (ContainerBalancerTask.java:processMoveSelection(569)) - ContainerBalancer is trying to move container #84 with size 4294967296B from source datanode d6fa954d-9233-4334-9bea-1522c897d56a to target datanode 0298b916-6136-4321-989b-5bb354a0b70e
2023-08-30 06:49:52,336 [main] DEBUG balancer.ContainerBalancerTask (ContainerBalancerTask.java:lambda$moveContainer$3(837)) - Container move completed for container #84 from source d6fa954d-9233-4334-9bea-1522c897d56a to target 0298b916-6136-4321-989b-5bb354a0b70e
2023-08-30 06:49:52,340 [main] DEBUG balancer.ContainerBalancerTask (ContainerBalancerTask.java:matchSourceWithTarget(708)) - ContainerBalancer is finding suitable target for source datanode 681ae63e-a876-4c5c-8c02-3bf495d957cd
2023-08-30 06:49:52,340 [main] INFO  balancer.ContainerBalancerTask (ContainerBalancerTask.java:matchSourceWithTarget(722)) - ContainerBalancer matched source datanode 681ae63e-a876-4c5c-8c02-3bf495d957cd with target datanode 0298b916-6136-4321-989b-5bb354a0b70e for container move.
2023-08-30 06:49:52,340 [main] INFO  balancer.ContainerBalancerTask (ContainerBalancerTask.java:processMoveSelection(569)) - ContainerBalancer is trying to move container #40 with size 5368709120B from source datanode 681ae63e-a876-4c5c-8c02-3bf495d957cd to target datanode 0298b916-6136-4321-989b-5bb354a0b70e
2023-08-30 06:49:52,340 [main] DEBUG balancer.ContainerBalancerTask (ContainerBalancerTask.java:lambda$moveContainer$3(837)) - Container move completed for container #40 from source 681ae63e-a876-4c5c-8c02-3bf495d957cd to target 0298b916-6136-4321-989b-5bb354a0b70e
2023-08-30 06:49:52,343 [main] DEBUG balancer.ContainerBalancerTask (ContainerBalancerTask.java:matchSourceWithTarget(708)) - ContainerBalancer is finding suitable target for source datanode 19d3f880-e223-44b8-abcc-495fd19dfa86
2023-08-30 06:49:52,343 [main] INFO  balancer.ContainerBalancerTask (ContainerBalancerTask.java:matchSourceWithTarget(722)) - ContainerBalancer matched source datanode 19d3f880-e223-44b8-abcc-495fd19dfa86 with target datanode a8dc8e14-51a9-4d83-a5bf-6c6ac6975915 for container move.
2023-08-30 06:49:52,343 [main] INFO  balancer.ContainerBalancerTask (ContainerBalancerTask.java:processMoveSelection(569)) - ContainerBalancer is trying to move container #53 with size 5368709120B from source datanode 19d3f880-e223-44b8-abcc-495fd19dfa86 to target datanode a8dc8e14-51a9-4d83-a5bf-6c6ac6975915
2023-08-30 06:49:52,343 [main] DEBUG balancer.ContainerBalancerTask (ContainerBalancerTask.java:lambda$moveContainer$3(837)) - Container move completed for container #53 from source 19d3f880-e223-44b8-abcc-495fd19dfa86 to target a8dc8e14-51a9-4d83-a5bf-6c6ac6975915
2023-08-30 06:49:52,346 [main] DEBUG balancer.ContainerBalancerTask (ContainerBalancerTask.java:matchSourceWithTarget(708)) - ContainerBalancer is finding suitable target for source datanode d6fa954d-9233-4334-9bea-1522c897d56a
2023-08-30 06:49:52,347 [main] INFO  balancer.ContainerBalancerTask (ContainerBalancerTask.java:matchSourceWithTarget(722)) - ContainerBalancer matched source datanode d6fa954d-9233-4334-9bea-1522c897d56a with target datanode 0298b916-6136-4321-989b-5bb354a0b70e for container move.
2023-08-30 06:49:52,347 [main] INFO  balancer.ContainerBalancerTask (ContainerBalancerTask.java:processMoveSelection(569)) - ContainerBalancer is trying to move container #67 with size 4294967296B from source datanode d6fa954d-9233-4334-9bea-1522c897d56a to target datanode 0298b916-6136-4321-989b-5bb354a0b70e
2023-08-30 06:49:52,347 [main] DEBUG balancer.ContainerBalancerTask (ContainerBalancerTask.java:lambda$moveContainer$3(837)) - Container move completed for container #67 from source d6fa954d-9233-4334-9bea-1522c897d56a to target 0298b916-6136-4321-989b-5bb354a0b70e
2023-08-30 06:49:52,350 [main] DEBUG balancer.ContainerBalancerTask (ContainerBalancerTask.java:matchSourceWithTarget(708)) - ContainerBalancer is finding suitable target for source datanode 681ae63e-a876-4c5c-8c02-3bf495d957cd
2023-08-30 06:49:52,350 [main] INFO  balancer.ContainerBalancerTask (ContainerBalancerTask.java:matchSourceWithTarget(722)) - ContainerBalancer matched source datanode 681ae63e-a876-4c5c-8c02-3bf495d957cd with target datanode 0298b916-6136-4321-989b-5bb354a0b70e for container move.
2023-08-30 06:49:52,350 [main] INFO  balancer.ContainerBalancerTask (ContainerBalancerTask.java:processMoveSelection(569)) - ContainerBalancer is trying to move container #28 with size 4294967296B from source datanode 681ae63e-a876-4c5c-8c02-3bf495d957cd to target datanode 0298b916-6136-4321-989b-5bb354a0b70e
2023-08-30 06:49:52,351 [main] DEBUG balancer.ContainerBalancerTask (ContainerBalancerTask.java:lambda$moveContainer$3(837)) - Container move completed for container #28 from source 681ae63e-a876-4c5c-8c02-3bf495d957cd to target 0298b916-6136-4321-989b-5bb354a0b70e
2023-08-30 06:49:52,354 [main] DEBUG balancer.ContainerBalancerTask (ContainerBalancerTask.java:matchSourceWithTarget(708)) - ContainerBalancer is finding suitable target for source datanode 681ae63e-a876-4c5c-8c02-3bf495d957cd
2023-08-30 06:49:52,354 [main] INFO  balancer.ContainerBalancerTask (ContainerBalancerTask.java:matchSourceWithTarget(722)) - ContainerBalancer matched source datanode 681ae63e-a876-4c5c-8c02-3bf495d957cd with target datanode 0298b916-6136-4321-989b-5bb354a0b70e for container move.
2023-08-30 06:49:52,354 [main] INFO  balancer.ContainerBalancerTask (ContainerBalancerTask.java:processMoveSelection(569)) - ContainerBalancer is trying to move container #88 with size 3221225472B from source datanode 681ae63e-a876-4c5c-8c02-3bf495d957cd to target datanode 0298b916-6136-4321-989b-5bb354a0b70e
2023-08-30 06:49:52,354 [main] DEBUG balancer.ContainerBalancerTask (ContainerBalancerTask.java:lambda$moveContainer$3(837)) - Container move completed for container #88 from source 681ae63e-a876-4c5c-8c02-3bf495d957cd to target 0298b916-6136-4321-989b-5bb354a0b70e
2023-08-30 06:49:52,357 [main] DEBUG balancer.ContainerBalancerTask (ContainerBalancerTask.java:matchSourceWithTarget(708)) - ContainerBalancer is finding suitable target for source datanode 19d3f880-e223-44b8-abcc-495fd19dfa86
2023-08-30 06:49:52,357 [main] INFO  balancer.ContainerBalancerTask (ContainerBalancerTask.java:matchSourceWithTarget(722)) - ContainerBalancer matched source datanode 19d3f880-e223-44b8-abcc-495fd19dfa86 with target datanode 0298b916-6136-4321-989b-5bb354a0b70e for container move.
2023-08-30 06:49:52,357 [main] INFO  balancer.ContainerBalancerTask (ContainerBalancerTask.java:processMoveSelection(569)) - ContainerBalancer is trying to move container #52 with size 4294967296B from source datanode 19d3f880-e223-44b8-abcc-495fd19dfa86 to target datanode 0298b916-6136-4321-989b-5bb354a0b70e
2023-08-30 06:49:52,358 [main] DEBUG balancer.ContainerBalancerTask (ContainerBalancerTask.java:lambda$moveContainer$3(837)) - Container move completed for container #52 from source 19d3f880-e223-44b8-abcc-495fd19dfa86 to target 0298b916-6136-4321-989b-5bb354a0b70e
2023-08-30 06:49:52,361 [main] DEBUG balancer.ContainerBalancerTask (ContainerBalancerTask.java:matchSourceWithTarget(708)) - ContainerBalancer is finding suitable target for source datanode d6fa954d-9233-4334-9bea-1522c897d56a
2023-08-30 06:49:52,361 [main] INFO  balancer.ContainerBalancerTask (ContainerBalancerTask.java:matchSourceWithTarget(722)) - ContainerBalancer matched source datanode d6fa954d-9233-4334-9bea-1522c897d56a with target datanode 0298b916-6136-4321-989b-5bb354a0b70e for container move.
2023-08-30 06:49:52,361 [main] INFO  balancer.ContainerBalancerTask (ContainerBalancerTask.java:processMoveSelection(569)) - ContainerBalancer is trying to move container #19 with size 4294967296B from source datanode d6fa954d-9233-4334-9bea-1522c897d56a to target datanode 0298b916-6136-4321-989b-5bb354a0b70e
2023-08-30 06:49:52,361 [main] DEBUG balancer.ContainerBalancerTask (ContainerBalancerTask.java:lambda$moveContainer$3(837)) - Container move completed for container #19 from source d6fa954d-9233-4334-9bea-1522c897d56a to target 0298b916-6136-4321-989b-5bb354a0b70e
2023-08-30 06:49:52,364 [main] DEBUG balancer.ContainerBalancerTask (ContainerBalancerTask.java:matchSourceWithTarget(708)) - ContainerBalancer is finding suitable target for source datanode 1e842003-d8bf-4dba-a164-35eddf1d3511
2023-08-30 06:49:52,364 [main] INFO  balancer.ContainerBalancerTask (ContainerBalancerTask.java:matchSourceWithTarget(722)) - ContainerBalancer matched source datanode 1e842003-d8bf-4dba-a164-35eddf1d3511 with target datanode 0298b916-6136-4321-989b-5bb354a0b70e for container move.
2023-08-30 06:49:52,364 [main] INFO  balancer.ContainerBalancerTask (ContainerBalancerTask.java:processMoveSelection(569)) - ContainerBalancer is trying to move container #50 with size 2147483648B from source datanode 1e842003-d8bf-4dba-a164-35eddf1d3511 to target datanode 0298b916-6136-4321-989b-5bb354a0b70e
2023-08-30 06:49:52,364 [main] DEBUG balancer.ContainerBalancerTask (ContainerBalancerTask.java:lambda$moveContainer$3(837)) - Container move completed for container #50 from source 1e842003-d8bf-4dba-a164-35eddf1d3511 to target 0298b916-6136-4321-989b-5bb354a0b70e
2023-08-30 06:49:52,364 [main] WARN  balancer.ContainerBalancerTask (ContainerBalancerTask.java:reachedMaxSizeToMovePerIteration(733)) - Reached max size to move limit. 53687091200 bytes have already been scheduled for balancing and the limit is 53687091200 bytes.
2023-08-30 06:49:52,364 [main] INFO  balancer.ContainerBalancerTask (ContainerBalancerTask.java:checkIterationMoveResults(642)) - Iteration Summary. Number of Datanodes involved: 6. Size moved: 50 GB (53687091200 Bytes). Number of Container moves completed: 12.
2023-08-30 06:49:52,364 [main] INFO  balancer.ContainerBalancerTask (ContainerBalancerTask.java:balance(259)) - Result of this iteration of Container Balancer: ITERATION_COMPLETED
2023-08-30 06:49:52,365 [main] INFO  balancer.ContainerBalancerTask (ContainerBalancerTask.java:tryStopWithSaveConfiguration(308)) - Save Configuration for stopping. Reason: Completed all iterations.
2023-08-30 06:49:52,365 [main] DEBUG balancer.ContainerBalancerTask (ContainerBalancerTask.java:initializeIteration(374)) - Average utilization of the cluster is 0.38698078579770684
2023-08-30 06:49:52,365 [main] DEBUG balancer.ContainerBalancerTask (ContainerBalancerTask.java:initializeIteration(386)) - Lower limit for utilization is 0.18738914441908322 and Upper limit for utilization is 0.5865724271763304
2023-08-30 06:49:52,365 [main] DEBUG balancer.ContainerBalancerTask (ContainerBalancerTask.java:initializeIteration(398)) - Utilization for node d6fa954d-9233-4334-9bea-1522c897d56a with capacity 68003648853B, used 61203283968B, and remaining 6800364885B is 0.9000000000044115
2023-08-30 06:49:52,366 [main] DEBUG balancer.ContainerBalancerTask (ContainerBalancerTask.java:initializeIteration(398)) - Utilization for node 681ae63e-a876-4c5c-8c02-3bf495d957cd with capacity 87241523200B, used 69793218560B, and remaining 17448304640B is 0.8
2023-08-30 06:49:52,366 [main] DEBUG balancer.ContainerBalancerTask (ContainerBalancerTask.java:initializeIteration(398)) - Utilization for node 19d3f880-e223-44b8-abcc-495fd19dfa86 with capacity 69026260114B, used 48318382080B, and remaining 20707878034B is 0.7000000000028974
2023-08-30 06:49:52,366 [main] DEBUG balancer.ContainerBalancerTask (ContainerBalancerTask.java:initializeIteration(398)) - Utilization for node 1e842003-d8bf-4dba-a164-35eddf1d3511 with capacity 59055800320B, used 35433480192B, and remaining 23622320128B is 0.6
2023-08-30 06:49:52,366 [main] DEBUG balancer.ContainerBalancerTask (ContainerBalancerTask.java:initializeIteration(398)) - Utilization for node 1c4b2f89-40d2-467b-9872-4fa6e5223cd7 with capacity 130996502528B, used 65498251264B, and remaining 65498251264B is 0.5
2023-08-30 06:49:52,366 [main] DEBUG balancer.ContainerBalancerTask (ContainerBalancerTask.java:initializeIteration(398)) - Utilization for node 522d7852-c2b1-4f4d-9914-dde8150cadfe with capacity 64424509440B, used 25769803776B, and remaining 38654705664B is 0.4
2023-08-30 06:49:52,366 [main] DEBUG balancer.ContainerBalancerTask (ContainerBalancerTask.java:initializeIteration(398)) - Utilization for node 58e93824-a32b-4139-b1c8-aad9a9795a7d with capacity 136007297706B, used 40802189312B, and remaining 95205108394B is 0.30000000000147053
2023-08-30 06:49:52,366 [main] DEBUG balancer.ContainerBalancerTask (ContainerBalancerTask.java:initializeIteration(398)) - Utilization for node 4a7a5e61-2b3f-4981-a9a4-6af45d934c18 with capacity 118111600640B, used 23622320128B, and remaining 94489280512B is 0.2
2023-08-30 06:49:52,366 [main] DEBUG balancer.ContainerBalancerTask (ContainerBalancerTask.java:initializeIteration(398)) - Utilization for node 0298b916-6136-4321-989b-5bb354a0b70e with capacity 257698037760B, used 25769803776B, and remaining 231928233984B is 0.1
2023-08-30 06:49:52,366 [main] DEBUG balancer.ContainerBalancerTask (ContainerBalancerTask.java:initializeIteration(398)) - Utilization for node a8dc8e14-51a9-4d83-a5bf-6c6ac6975915 with capacity 33285996544B, used 0B, and remaining 33285996544B is 0.0
2023-08-30 06:49:52,366 [main] INFO  balancer.ContainerBalancerTask (ContainerBalancerTask.java:initializeIteration(447)) - Container Balancer has identified 4 Over-Utilized and 2 Under-Utilized Datanodes that need to be balanced.
2023-08-30 06:49:52,366 [main] DEBUG balancer.ContainerBalancerTask (ContainerBalancerTask.java:lambda$initializeIteration$1(453)) - Datanode localhost-146.188.160.172 d6fa954d-9233-4334-9bea-1522c897d56a is Over-Utilized.
2023-08-30 06:49:52,366 [main] DEBUG balancer.ContainerBalancerTask (ContainerBalancerTask.java:lambda$initializeIteration$1(453)) - Datanode localhost-233.191.17.208 681ae63e-a876-4c5c-8c02-3bf495d957cd is Over-Utilized.
2023-08-30 06:49:52,367 [main] DEBUG balancer.ContainerBalancerTask (ContainerBalancerTask.java:lambda$initializeIteration$1(453)) - Datanode localhost-123.88.214.81 19d3f880-e223-44b8-abcc-495fd19dfa86 is Over-Utilized.
2023-08-30 06:49:52,367 [main] DEBUG balancer.ContainerBalancerTask (ContainerBalancerTask.java:lambda$initializeIteration$1(453)) - Datanode localhost-159.142.142.145 1e842003-d8bf-4dba-a164-35eddf1d3511 is Over-Utilized.
2023-08-30 06:49:52,367 [main] DEBUG balancer.ContainerBalancerTask (ContainerBalancerTask.java:lambda$initializeIteration$2(459)) - Datanode localhost-89.157.111.179 a8dc8e14-51a9-4d83-a5bf-6c6ac6975915 is Under-Utilized.
2023-08-30 06:49:52,367 [main] DEBUG balancer.ContainerBalancerTask (ContainerBalancerTask.java:lambda$initializeIteration$2(459)) - Datanode localhost-248.15.158.135 0298b916-6136-4321-989b-5bb354a0b70e is Under-Utilized.
2023-08-30 06:49:52,370 [main] DEBUG balancer.ContainerBalancerTask (ContainerBalancerTask.java:matchSourceWithTarget(708)) - ContainerBalancer is finding suitable target for source datanode d6fa954d-9233-4334-9bea-1522c897d56a
2023-08-30 06:49:52,370 [main] INFO  balancer.ContainerBalancerTask (ContainerBalancerTask.java:matchSourceWithTarget(722)) - ContainerBalancer matched source datanode d6fa954d-9233-4334-9bea-1522c897d56a with target datanode a8dc8e14-51a9-4d83-a5bf-6c6ac6975915 for container move.
2023-08-30 06:49:52,370 [main] INFO  balancer.ContainerBalancerTask (ContainerBalancerTask.java:processMoveSelection(569)) - ContainerBalancer is trying to move container #85 with size 5368709120B from source datanode d6fa954d-9233-4334-9bea-1522c897d56a to target datanode a8dc8e14-51a9-4d83-a5bf-6c6ac6975915
2023-08-30 06:49:52,370 [main] DEBUG balancer.ContainerBalancerTask (ContainerBalancerTask.java:lambda$moveContainer$3(837)) - Container move completed for container #85 from source d6fa954d-9233-4334-9bea-1522c897d56a to target a8dc8e14-51a9-4d83-a5bf-6c6ac6975915
2023-08-30 06:49:52,373 [main] DEBUG balancer.ContainerBalancerTask (ContainerBalancerTask.java:matchSourceWithTarget(708)) - ContainerBalancer is finding suitable target for source datanode d6fa954d-9233-4334-9bea-1522c897d56a
2023-08-30 06:49:52,373 [main] INFO  balancer.ContainerBalancerTask (ContainerBalancerTask.java:matchSourceWithTarget(722)) - ContainerBalancer matched source datanode d6fa954d-9233-4334-9bea-1522c897d56a with target datanode 0298b916-6136-4321-989b-5bb354a0b70e for container move.
2023-08-30 06:49:52,373 [main] INFO  balancer.ContainerBalancerTask (ContainerBalancerTask.java:processMoveSelection(569)) - ContainerBalancer is trying to move container #29 with size 5368709120B from source datanode d6fa954d-9233-4334-9bea-1522c897d56a to target datanode 0298b916-6136-4321-989b-5bb354a0b70e
2023-08-30 06:49:52,374 [main] DEBUG balancer.ContainerBalancerTask (ContainerBalancerTask.java:lambda$moveContainer$3(837)) - Container move completed for container #29 from source d6fa954d-9233-4334-9bea-1522c897d56a to target 0298b916-6136-4321-989b-5bb354a0b70e
2023-08-30 06:49:52,377 [main] DEBUG balancer.ContainerBalancerTask (ContainerBalancerTask.java:matchSourceWithTarget(708)) - ContainerBalancer is finding suitable target for source datanode 681ae63e-a876-4c5c-8c02-3bf495d957cd
2023-08-30 06:49:52,378 [main] INFO  balancer.ContainerBalancerTask (ContainerBalancerTask.java:matchSourceWithTarget(722)) - ContainerBalancer matched source datanode 681ae63e-a876-4c5c-8c02-3bf495d957cd with target datanode 0298b916-6136-4321-989b-5bb354a0b70e for container move.
2023-08-30 06:49:52,378 [main] INFO  balancer.ContainerBalancerTask (ContainerBalancerTask.java:processMoveSelection(569)) - ContainerBalancer is trying to move container #68 with size 5368709120B from source datanode 681ae63e-a876-4c5c-8c02-3bf495d957cd to target datanode 0298b916-6136-4321-989b-5bb354a0b70e
2023-08-30 06:49:52,378 [main] DEBUG balancer.ContainerBalancerTask (ContainerBalancerTask.java:lambda$moveContainer$3(837)) - Container move completed for container #68 from source 681ae63e-a876-4c5c-8c02-3bf495d957cd to target 0298b916-6136-4321-989b-5bb354a0b70e
2023-08-30 06:49:52,381 [main] DEBUG balancer.ContainerBalancerTask (ContainerBalancerTask.java:matchSourceWithTarget(708)) - ContainerBalancer is finding suitable target for source datanode d6fa954d-9233-4334-9bea-1522c897d56a
2023-08-30 06:49:52,381 [main] INFO  balancer.ContainerBalancerTask (ContainerBalancerTask.java:matchSourceWithTarget(722)) - ContainerBalancer matched source datanode d6fa954d-9233-4334-9bea-1522c897d56a with target datanode 0298b916-6136-4321-989b-5bb354a0b70e for container move.
2023-08-30 06:49:52,381 [main] INFO  balancer.ContainerBalancerTask (ContainerBalancerTask.java:processMoveSelection(569)) - ContainerBalancer is trying to move container #84 with size 4294967296B from source datanode d6fa954d-9233-4334-9bea-1522c897d56a to target datanode 0298b916-6136-4321-989b-5bb354a0b70e
2023-08-30 06:49:52,385 [main] DEBUG balancer.ContainerBalancerTask (ContainerBalancerTask.java:lambda$moveContainer$3(837)) - Container move completed for container #84 from source d6fa954d-9233-4334-9bea-1522c897d56a to target 0298b916-6136-4321-989b-5bb354a0b70e
2023-08-30 06:49:52,388 [main] DEBUG balancer.ContainerBalancerTask (ContainerBalancerTask.java:matchSourceWithTarget(708)) - ContainerBalancer is finding suitable target for source datanode 681ae63e-a876-4c5c-8c02-3bf495d957cd
2023-08-30 06:49:52,388 [main] INFO  balancer.ContainerBalancerTask (ContainerBalancerTask.java:matchSourceWithTarget(722)) - ContainerBalancer matched source datanode 681ae63e-a876-4c5c-8c02-3bf495d957cd with target datanode 0298b916-6136-4321-989b-5bb354a0b70e for container move.
2023-08-30 06:49:52,388 [main] INFO  balancer.ContainerBalancerTask (ContainerBalancerTask.java:processMoveSelection(569)) - ContainerBalancer is trying to move container #40 with size 5368709120B from source datanode 681ae63e-a876-4c5c-8c02-3bf495d957cd to target datanode 0298b916-6136-4321-989b-5bb354a0b70e
2023-08-30 06:49:52,389 [main] DEBUG balancer.ContainerBalancerTask (ContainerBalancerTask.java:lambda$moveContainer$3(837)) - Container move completed for container #40 from source 681ae63e-a876-4c5c-8c02-3bf495d957cd to target 0298b916-6136-4321-989b-5bb354a0b70e
2023-08-30 06:49:52,392 [main] DEBUG balancer.ContainerBalancerTask (ContainerBalancerTask.java:matchSourceWithTarget(708)) - ContainerBalancer is finding suitable target for source datanode 19d3f880-e223-44b8-abcc-495fd19dfa86
2023-08-30 06:49:52,392 [main] INFO  balancer.ContainerBalancerTask (ContainerBalancerTask.java:matchSourceWithTarget(722)) - ContainerBalancer matched source datanode 19d3f880-e223-44b8-abcc-495fd19dfa86 with target datanode a8dc8e14-51a9-4d83-a5bf-6c6ac6975915 for container move.
2023-08-30 06:49:52,392 [main] INFO  balancer.ContainerBalancerTask (ContainerBalancerTask.java:processMoveSelection(569)) - ContainerBalancer is trying to move container #53 with size 5368709120B from source datanode 19d3f880-e223-44b8-abcc-495fd19dfa86 to target datanode a8dc8e14-51a9-4d83-a5bf-6c6ac6975915
2023-08-30 06:49:52,392 [main] DEBUG balancer.ContainerBalancerTask (ContainerBalancerTask.java:lambda$moveContainer$3(837)) - Container move completed for container #53 from source 19d3f880-e223-44b8-abcc-495fd19dfa86 to target a8dc8e14-51a9-4d83-a5bf-6c6ac6975915
2023-08-30 06:49:52,395 [main] DEBUG balancer.ContainerBalancerTask (ContainerBalancerTask.java:matchSourceWithTarget(708)) - ContainerBalancer is finding suitable target for source datanode d6fa954d-9233-4334-9bea-1522c897d56a
2023-08-30 06:49:52,395 [main] INFO  balancer.ContainerBalancerTask (ContainerBalancerTask.java:matchSourceWithTarget(722)) - ContainerBalancer matched source datanode d6fa954d-9233-4334-9bea-1522c897d56a with target datanode 0298b916-6136-4321-989b-5bb354a0b70e for container move.
2023-08-30 06:49:52,395 [main] INFO  balancer.ContainerBalancerTask (ContainerBalancerTask.java:processMoveSelection(569)) - ContainerBalancer is trying to move container #67 with size 4294967296B from source datanode d6fa954d-9233-4334-9bea-1522c897d56a to target datanode 0298b916-6136-4321-989b-5bb354a0b70e
2023-08-30 06:49:52,395 [main] DEBUG balancer.ContainerBalancerTask (ContainerBalancerTask.java:lambda$moveContainer$3(837)) - Container move completed for container #67 from source d6fa954d-9233-4334-9bea-1522c897d56a to target 0298b916-6136-4321-989b-5bb354a0b70e
2023-08-30 06:49:52,399 [main] DEBUG balancer.ContainerBalancerTask (ContainerBalancerTask.java:matchSourceWithTarget(708)) - ContainerBalancer is finding suitable target for source datanode 681ae63e-a876-4c5c-8c02-3bf495d957cd
2023-08-30 06:49:52,399 [main] INFO  balancer.ContainerBalancerTask (ContainerBalancerTask.java:matchSourceWithTarget(722)) - ContainerBalancer matched source datanode 681ae63e-a876-4c5c-8c02-3bf495d957cd with target datanode 0298b916-6136-4321-989b-5bb354a0b70e for container move.
2023-08-30 06:49:52,399 [main] INFO  balancer.ContainerBalancerTask (ContainerBalancerTask.java:processMoveSelection(569)) - ContainerBalancer is trying to move container #28 with size 4294967296B from source datanode 681ae63e-a876-4c5c-8c02-3bf495d957cd to target datanode 0298b916-6136-4321-989b-5bb354a0b70e
2023-08-30 06:49:52,400 [main] DEBUG balancer.ContainerBalancerTask (ContainerBalancerTask.java:lambda$moveContainer$3(837)) - Container move completed for container #28 from source 681ae63e-a876-4c5c-8c02-3bf495d957cd to target 0298b916-6136-4321-989b-5bb354a0b70e
2023-08-30 06:49:52,403 [main] DEBUG balancer.ContainerBalancerTask (ContainerBalancerTask.java:matchSourceWithTarget(708)) - ContainerBalancer is finding suitable target for source datanode 681ae63e-a876-4c5c-8c02-3bf495d957cd
2023-08-30 06:49:52,403 [main] INFO  balancer.ContainerBalancerTask (ContainerBalancerTask.java:matchSourceWithTarget(722)) - ContainerBalancer matched source datanode 681ae63e-a876-4c5c-8c02-3bf495d957cd with target datanode 0298b916-6136-4321-989b-5bb354a0b70e for container move.
2023-08-30 06:49:52,403 [main] INFO  balancer.ContainerBalancerTask (ContainerBalancerTask.java:processMoveSelection(569)) - ContainerBalancer is trying to move container #88 with size 3221225472B from source datanode 681ae63e-a876-4c5c-8c02-3bf495d957cd to target datanode 0298b916-6136-4321-989b-5bb354a0b70e
2023-08-30 06:49:52,404 [main] DEBUG balancer.ContainerBalancerTask (ContainerBalancerTask.java:lambda$moveContainer$3(837)) - Container move completed for container #88 from source 681ae63e-a876-4c5c-8c02-3bf495d957cd to target 0298b916-6136-4321-989b-5bb354a0b70e
2023-08-30 06:49:52,408 [main] DEBUG balancer.ContainerBalancerTask (ContainerBalancerTask.java:matchSourceWithTarget(708)) - ContainerBalancer is finding suitable target for source datanode 19d3f880-e223-44b8-abcc-495fd19dfa86
2023-08-30 06:49:52,408 [main] INFO  balancer.ContainerBalancerTask (ContainerBalancerTask.java:matchSourceWithTarget(722)) - ContainerBalancer matched source datanode 19d3f880-e223-44b8-abcc-495fd19dfa86 with target datanode 0298b916-6136-4321-989b-5bb354a0b70e for container move.
2023-08-30 06:49:52,408 [main] INFO  balancer.ContainerBalancerTask (ContainerBalancerTask.java:processMoveSelection(569)) - ContainerBalancer is trying to move container #52 with size 4294967296B from source datanode 19d3f880-e223-44b8-abcc-495fd19dfa86 to target datanode 0298b916-6136-4321-989b-5bb354a0b70e
2023-08-30 06:49:52,408 [main] DEBUG balancer.ContainerBalancerTask (ContainerBalancerTask.java:lambda$moveContainer$3(837)) - Container move completed for container #52 from source 19d3f880-e223-44b8-abcc-495fd19dfa86 to target 0298b916-6136-4321-989b-5bb354a0b70e
2023-08-30 06:49:52,411 [main] DEBUG balancer.ContainerBalancerTask (ContainerBalancerTask.java:matchSourceWithTarget(708)) - ContainerBalancer is finding suitable target for source datanode d6fa954d-9233-4334-9bea-1522c897d56a
2023-08-30 06:49:52,412 [main] INFO  balancer.ContainerBalancerTask (ContainerBalancerTask.java:matchSourceWithTarget(722)) - ContainerBalancer matched source datanode d6fa954d-9233-4334-9bea-1522c897d56a with target datanode 0298b916-6136-4321-989b-5bb354a0b70e for container move.
2023-08-30 06:49:52,412 [main] INFO  balancer.ContainerBalancerTask (ContainerBalancerTask.java:processMoveSelection(569)) - ContainerBalancer is trying to move container #19 with size 4294967296B from source datanode d6fa954d-9233-4334-9bea-1522c897d56a to target datanode 0298b916-6136-4321-989b-5bb354a0b70e
2023-08-30 06:49:52,412 [main] DEBUG balancer.ContainerBalancerTask (ContainerBalancerTask.java:lambda$moveContainer$3(837)) - Container move completed for container #19 from source d6fa954d-9233-4334-9bea-1522c897d56a to target 0298b916-6136-4321-989b-5bb354a0b70e
2023-08-30 06:49:52,414 [main] DEBUG balancer.ContainerBalancerTask (ContainerBalancerTask.java:matchSourceWithTarget(708)) - ContainerBalancer is finding suitable target for source datanode 1e842003-d8bf-4dba-a164-35eddf1d3511
2023-08-30 06:49:52,415 [main] INFO  balancer.ContainerBalancerTask (ContainerBalancerTask.java:matchSourceWithTarget(722)) - ContainerBalancer matched source datanode 1e842003-d8bf-4dba-a164-35eddf1d3511 with target datanode 0298b916-6136-4321-989b-5bb354a0b70e for container move.
2023-08-30 06:49:52,415 [main] INFO  balancer.ContainerBalancerTask (ContainerBalancerTask.java:processMoveSelection(569)) - ContainerBalancer is trying to move container #50 with size 2147483648B from source datanode 1e842003-d8bf-4dba-a164-35eddf1d3511 to target datanode 0298b916-6136-4321-989b-5bb354a0b70e
2023-08-30 06:49:52,415 [main] DEBUG balancer.ContainerBalancerTask (ContainerBalancerTask.java:lambda$moveContainer$3(837)) - Container move completed for container #50 from source 1e842003-d8bf-4dba-a164-35eddf1d3511 to target 0298b916-6136-4321-989b-5bb354a0b70e
2023-08-30 06:49:52,415 [main] WARN  balancer.ContainerBalancerTask (ContainerBalancerTask.java:reachedMaxSizeToMovePerIteration(733)) - Reached max size to move limit. 53687091200 bytes have already been scheduled for balancing and the limit is 53687091200 bytes.
2023-08-30 06:49:52,415 [main] INFO  balancer.ContainerBalancerTask (ContainerBalancerTask.java:checkIterationMoveResults(642)) - Iteration Summary. Number of Datanodes involved: 6. Size moved: 50 GB (53687091200 Bytes). Number of Container moves completed: 12.
2023-08-30 06:49:52,416 [main] INFO  balancer.ContainerBalancerTask (ContainerBalancerTask.java:balance(259)) - Result of this iteration of Container Balancer: ITERATION_COMPLETED
2023-08-30 06:49:52,416 [main] INFO  balancer.ContainerBalancerTask (ContainerBalancerTask.java:tryStopWithSaveConfiguration(308)) - Save Configuration for stopping. Reason: Completed all iterations.
2023-08-30 06:49:52,417 [main] DEBUG balancer.ContainerBalancerTask (ContainerBalancerTask.java:initializeIteration(374)) - Average utilization of the cluster is 0.38698078579770684
2023-08-30 06:49:52,417 [main] DEBUG balancer.ContainerBalancerTask (ContainerBalancerTask.java:initializeIteration(386)) - Lower limit for utilization is 0.29623256251460456 and Upper limit for utilization is 0.4777290090808091
2023-08-30 06:49:52,417 [main] DEBUG balancer.ContainerBalancerTask (ContainerBalancerTask.java:initializeIteration(398)) - Utilization for node d6fa954d-9233-4334-9bea-1522c897d56a with capacity 68003648853B, used 61203283968B, and remaining 6800364885B is 0.9000000000044115
2023-08-30 06:49:52,417 [main] DEBUG balancer.ContainerBalancerTask (ContainerBalancerTask.java:initializeIteration(398)) - Utilization for node 681ae63e-a876-4c5c-8c02-3bf495d957cd with capacity 87241523200B, used 69793218560B, and remaining 17448304640B is 0.8
2023-08-30 06:49:52,417 [main] DEBUG balancer.ContainerBalancerTask (ContainerBalancerTask.java:initializeIteration(398)) - Utilization for node 19d3f880-e223-44b8-abcc-495fd19dfa86 with capacity 69026260114B, used 48318382080B, and remaining 20707878034B is 0.7000000000028974
2023-08-30 06:49:52,417 [main] DEBUG balancer.ContainerBalancerTask (ContainerBalancerTask.java:initializeIteration(398)) - Utilization for node 1e842003-d8bf-4dba-a164-35eddf1d3511 with capacity 59055800320B, used 35433480192B, and remaining 23622320128B is 0.6
2023-08-30 06:49:52,417 [main] DEBUG balancer.ContainerBalancerTask (ContainerBalancerTask.java:initializeIteration(398)) - Utilization for node 1c4b2f89-40d2-467b-9872-4fa6e5223cd7 with capacity 130996502528B, used 65498251264B, and remaining 65498251264B is 0.5
2023-08-30 06:49:52,417 [main] DEBUG balancer.ContainerBalancerTask (ContainerBalancerTask.java:initializeIteration(398)) - Utilization for node 522d7852-c2b1-4f4d-9914-dde8150cadfe with capacity 64424509440B, used 25769803776B, and remaining 38654705664B is 0.4
2023-08-30 06:49:52,417 [main] DEBUG balancer.ContainerBalancerTask (ContainerBalancerTask.java:initializeIteration(398)) - Utilization for node 58e93824-a32b-4139-b1c8-aad9a9795a7d with capacity 136007297706B, used 40802189312B, and remaining 95205108394B is 0.30000000000147053
2023-08-30 06:49:52,417 [main] DEBUG balancer.ContainerBalancerTask (ContainerBalancerTask.java:initializeIteration(398)) - Utilization for node 4a7a5e61-2b3f-4981-a9a4-6af45d934c18 with capacity 118111600640B, used 23622320128B, and remaining 94489280512B is 0.2
2023-08-30 06:49:52,417 [main] DEBUG balancer.ContainerBalancerTask (ContainerBalancerTask.java:initializeIteration(398)) - Utilization for node 0298b916-6136-4321-989b-5bb354a0b70e with capacity 257698037760B, used 25769803776B, and remaining 231928233984B is 0.1
2023-08-30 06:49:52,418 [main] DEBUG balancer.ContainerBalancerTask (ContainerBalancerTask.java:initializeIteration(398)) - Utilization for node a8dc8e14-51a9-4d83-a5bf-6c6ac6975915 with capacity 33285996544B, used 0B, and remaining 33285996544B is 0.0
2023-08-30 06:49:52,418 [main] INFO  balancer.ContainerBalancerTask (ContainerBalancerTask.java:initializeIteration(447)) - Container Balancer has identified 5 Over-Utilized and 3 Under-Utilized Datanodes that need to be balanced.
2023-08-30 06:49:52,418 [main] DEBUG balancer.ContainerBalancerTask (ContainerBalancerTask.java:lambda$initializeIteration$1(453)) - Datanode localhost-146.188.160.172 d6fa954d-9233-4334-9bea-1522c897d56a is Over-Utilized.
2023-08-30 06:49:52,418 [main] DEBUG balancer.ContainerBalancerTask (ContainerBalancerTask.java:lambda$initializeIteration$1(453)) - Datanode localhost-233.191.17.208 681ae63e-a876-4c5c-8c02-3bf495d957cd is Over-Utilized.
2023-08-30 06:49:52,418 [main] DEBUG balancer.ContainerBalancerTask (ContainerBalancerTask.java:lambda$initializeIteration$1(453)) - Datanode localhost-123.88.214.81 19d3f880-e223-44b8-abcc-495fd19dfa86 is Over-Utilized.
2023-08-30 06:49:52,418 [main] DEBUG balancer.ContainerBalancerTask (ContainerBalancerTask.java:lambda$initializeIteration$1(453)) - Datanode localhost-159.142.142.145 1e842003-d8bf-4dba-a164-35eddf1d3511 is Over-Utilized.
2023-08-30 06:49:52,418 [main] DEBUG balancer.ContainerBalancerTask (ContainerBalancerTask.java:lambda$initializeIteration$1(453)) - Datanode localhost-146.95.252.126 1c4b2f89-40d2-467b-9872-4fa6e5223cd7 is Over-Utilized.
2023-08-30 06:49:52,418 [main] DEBUG balancer.ContainerBalancerTask (ContainerBalancerTask.java:lambda$initializeIteration$2(459)) - Datanode localhost-89.157.111.179 a8dc8e14-51a9-4d83-a5bf-6c6ac6975915 is Under-Utilized.
2023-08-30 06:49:52,418 [main] DEBUG balancer.ContainerBalancerTask (ContainerBalancerTask.java:lambda$initializeIteration$2(459)) - Datanode localhost-248.15.158.135 0298b916-6136-4321-989b-5bb354a0b70e is Under-Utilized.
2023-08-30 06:49:52,418 [main] DEBUG balancer.ContainerBalancerTask (ContainerBalancerTask.java:lambda$initializeIteration$2(459)) - Datanode localhost-35.144.11.124 4a7a5e61-2b3f-4981-a9a4-6af45d934c18 is Under-Utilized.
2023-08-30 06:49:52,421 [main] DEBUG balancer.ContainerBalancerTask (ContainerBalancerTask.java:matchSourceWithTarget(708)) - ContainerBalancer is finding suitable target for source datanode d6fa954d-9233-4334-9bea-1522c897d56a
2023-08-30 06:49:52,421 [main] INFO  balancer.ContainerBalancerTask (ContainerBalancerTask.java:matchSourceWithTarget(722)) - ContainerBalancer matched source datanode d6fa954d-9233-4334-9bea-1522c897d56a with target datanode a8dc8e14-51a9-4d83-a5bf-6c6ac6975915 for container move.
2023-08-30 06:49:52,421 [main] INFO  balancer.ContainerBalancerTask (ContainerBalancerTask.java:processMoveSelection(569)) - ContainerBalancer is trying to move container #85 with size 5368709120B from source datanode d6fa954d-9233-4334-9bea-1522c897d56a to target datanode a8dc8e14-51a9-4d83-a5bf-6c6ac6975915
2023-08-30 06:49:52,422 [main] DEBUG balancer.ContainerBalancerTask (ContainerBalancerTask.java:lambda$moveContainer$3(837)) - Container move completed for container #85 from source d6fa954d-9233-4334-9bea-1522c897d56a to target a8dc8e14-51a9-4d83-a5bf-6c6ac6975915
2023-08-30 06:49:52,424 [main] DEBUG balancer.ContainerBalancerTask (ContainerBalancerTask.java:matchSourceWithTarget(708)) - ContainerBalancer is finding suitable target for source datanode d6fa954d-9233-4334-9bea-1522c897d56a
2023-08-30 06:49:52,424 [main] INFO  balancer.ContainerBalancerTask (ContainerBalancerTask.java:matchSourceWithTarget(722)) - ContainerBalancer matched source datanode d6fa954d-9233-4334-9bea-1522c897d56a with target datanode 0298b916-6136-4321-989b-5bb354a0b70e for container move.
2023-08-30 06:49:52,426 [main] INFO  balancer.ContainerBalancerTask (ContainerBalancerTask.java:processMoveSelection(569)) - ContainerBalancer is trying to move container #29 with size 5368709120B from source datanode d6fa954d-9233-4334-9bea-1522c897d56a to target datanode 0298b916-6136-4321-989b-5bb354a0b70e
2023-08-30 06:49:52,427 [main] DEBUG balancer.ContainerBalancerTask (ContainerBalancerTask.java:lambda$moveContainer$3(837)) - Container move completed for container #29 from source d6fa954d-9233-4334-9bea-1522c897d56a to target 0298b916-6136-4321-989b-5bb354a0b70e
2023-08-30 06:49:52,430 [main] DEBUG balancer.ContainerBalancerTask (ContainerBalancerTask.java:matchSourceWithTarget(708)) - ContainerBalancer is finding suitable target for source datanode 681ae63e-a876-4c5c-8c02-3bf495d957cd
2023-08-30 06:49:52,430 [main] INFO  balancer.ContainerBalancerTask (ContainerBalancerTask.java:matchSourceWithTarget(722)) - ContainerBalancer matched source datanode 681ae63e-a876-4c5c-8c02-3bf495d957cd with target datanode 0298b916-6136-4321-989b-5bb354a0b70e for container move.
2023-08-30 06:49:52,430 [main] INFO  balancer.ContainerBalancerTask (ContainerBalancerTask.java:processMoveSelection(569)) - ContainerBalancer is trying to move container #68 with size 5368709120B from source datanode 681ae63e-a876-4c5c-8c02-3bf495d957cd to target datanode 0298b916-6136-4321-989b-5bb354a0b70e
2023-08-30 06:49:52,430 [main] DEBUG balancer.ContainerBalancerTask (ContainerBalancerTask.java:lambda$moveContainer$3(837)) - Container move completed for container #68 from source 681ae63e-a876-4c5c-8c02-3bf495d957cd to target 0298b916-6136-4321-989b-5bb354a0b70e
2023-08-30 06:49:52,433 [main] DEBUG balancer.ContainerBalancerTask (ContainerBalancerTask.java:matchSourceWithTarget(708)) - ContainerBalancer is finding suitable target for source datanode d6fa954d-9233-4334-9bea-1522c897d56a
2023-08-30 06:49:52,433 [main] INFO  balancer.ContainerBalancerTask (ContainerBalancerTask.java:matchSourceWithTarget(722)) - ContainerBalancer matched source datanode d6fa954d-9233-4334-9bea-1522c897d56a with target datanode 0298b916-6136-4321-989b-5bb354a0b70e for container move.
2023-08-30 06:49:52,433 [main] INFO  balancer.ContainerBalancerTask (ContainerBalancerTask.java:processMoveSelection(569)) - ContainerBalancer is trying to move container #84 with size 4294967296B from source datanode d6fa954d-9233-4334-9bea-1522c897d56a to target datanode 0298b916-6136-4321-989b-5bb354a0b70e
2023-08-30 06:49:52,433 [main] DEBUG balancer.ContainerBalancerTask (ContainerBalancerTask.java:lambda$moveContainer$3(837)) - Container move completed for container #84 from source d6fa954d-9233-4334-9bea-1522c897d56a to target 0298b916-6136-4321-989b-5bb354a0b70e
2023-08-30 06:49:52,436 [main] DEBUG balancer.ContainerBalancerTask (ContainerBalancerTask.java:matchSourceWithTarget(708)) - ContainerBalancer is finding suitable target for source datanode 681ae63e-a876-4c5c-8c02-3bf495d957cd
2023-08-30 06:49:52,437 [main] INFO  balancer.ContainerBalancerTask (ContainerBalancerTask.java:matchSourceWithTarget(722)) - ContainerBalancer matched source datanode 681ae63e-a876-4c5c-8c02-3bf495d957cd with target datanode 0298b916-6136-4321-989b-5bb354a0b70e for container move.
2023-08-30 06:49:52,437 [main] INFO  balancer.ContainerBalancerTask (ContainerBalancerTask.java:processMoveSelection(569)) - ContainerBalancer is trying to move container #40 with size 5368709120B from source datanode 681ae63e-a876-4c5c-8c02-3bf495d957cd to target datanode 0298b916-6136-4321-989b-5bb354a0b70e
2023-08-30 06:49:52,437 [main] DEBUG balancer.ContainerBalancerTask (ContainerBalancerTask.java:lambda$moveContainer$3(837)) - Container move completed for container #40 from source 681ae63e-a876-4c5c-8c02-3bf495d957cd to target 0298b916-6136-4321-989b-5bb354a0b70e
2023-08-30 06:49:52,440 [main] DEBUG balancer.ContainerBalancerTask (ContainerBalancerTask.java:matchSourceWithTarget(708)) - ContainerBalancer is finding suitable target for source datanode 19d3f880-e223-44b8-abcc-495fd19dfa86
2023-08-30 06:49:52,440 [main] INFO  balancer.ContainerBalancerTask (ContainerBalancerTask.java:matchSourceWithTarget(722)) - ContainerBalancer matched source datanode 19d3f880-e223-44b8-abcc-495fd19dfa86 with target datanode a8dc8e14-51a9-4d83-a5bf-6c6ac6975915 for container move.
2023-08-30 06:49:52,440 [main] INFO  balancer.ContainerBalancerTask (ContainerBalancerTask.java:processMoveSelection(569)) - ContainerBalancer is trying to move container #53 with size 5368709120B from source datanode 19d3f880-e223-44b8-abcc-495fd19dfa86 to target datanode a8dc8e14-51a9-4d83-a5bf-6c6ac6975915
2023-08-30 06:49:52,440 [main] DEBUG balancer.ContainerBalancerTask (ContainerBalancerTask.java:lambda$moveContainer$3(837)) - Container move completed for container #53 from source 19d3f880-e223-44b8-abcc-495fd19dfa86 to target a8dc8e14-51a9-4d83-a5bf-6c6ac6975915
2023-08-30 06:49:52,443 [main] DEBUG balancer.ContainerBalancerTask (ContainerBalancerTask.java:matchSourceWithTarget(708)) - ContainerBalancer is finding suitable target for source datanode d6fa954d-9233-4334-9bea-1522c897d56a
2023-08-30 06:49:52,443 [main] INFO  balancer.ContainerBalancerTask (ContainerBalancerTask.java:matchSourceWithTarget(722)) - ContainerBalancer matched source datanode d6fa954d-9233-4334-9bea-1522c897d56a with target datanode 0298b916-6136-4321-989b-5bb354a0b70e for container move.
2023-08-30 06:49:52,443 [main] INFO  balancer.ContainerBalancerTask (ContainerBalancerTask.java:processMoveSelection(569)) - ContainerBalancer is trying to move container #67 with size 4294967296B from source datanode d6fa954d-9233-4334-9bea-1522c897d56a to target datanode 0298b916-6136-4321-989b-5bb354a0b70e
2023-08-30 06:49:52,443 [main] DEBUG balancer.ContainerBalancerTask (ContainerBalancerTask.java:lambda$moveContainer$3(837)) - Container move completed for container #67 from source d6fa954d-9233-4334-9bea-1522c897d56a to target 0298b916-6136-4321-989b-5bb354a0b70e
2023-08-30 06:49:52,446 [main] DEBUG balancer.ContainerBalancerTask (ContainerBalancerTask.java:matchSourceWithTarget(708)) - ContainerBalancer is finding suitable target for source datanode 681ae63e-a876-4c5c-8c02-3bf495d957cd
2023-08-30 06:49:52,446 [main] INFO  balancer.ContainerBalancerTask (ContainerBalancerTask.java:matchSourceWithTarget(722)) - ContainerBalancer matched source datanode 681ae63e-a876-4c5c-8c02-3bf495d957cd with target datanode 0298b916-6136-4321-989b-5bb354a0b70e for container move.
2023-08-30 06:49:52,447 [main] INFO  balancer.ContainerBalancerTask (ContainerBalancerTask.java:processMoveSelection(569)) - ContainerBalancer is trying to move container #28 with size 4294967296B from source datanode 681ae63e-a876-4c5c-8c02-3bf495d957cd to target datanode 0298b916-6136-4321-989b-5bb354a0b70e
2023-08-30 06:49:52,447 [main] DEBUG balancer.ContainerBalancerTask (ContainerBalancerTask.java:lambda$moveContainer$3(837)) - Container move completed for container #28 from source 681ae63e-a876-4c5c-8c02-3bf495d957cd to target 0298b916-6136-4321-989b-5bb354a0b70e
2023-08-30 06:49:52,450 [main] DEBUG balancer.ContainerBalancerTask (ContainerBalancerTask.java:matchSourceWithTarget(708)) - ContainerBalancer is finding suitable target for source datanode 681ae63e-a876-4c5c-8c02-3bf495d957cd
2023-08-30 06:49:52,450 [main] INFO  balancer.ContainerBalancerTask (ContainerBalancerTask.java:matchSourceWithTarget(722)) - ContainerBalancer matched source datanode 681ae63e-a876-4c5c-8c02-3bf495d957cd with target datanode 4a7a5e61-2b3f-4981-a9a4-6af45d934c18 for container move.
2023-08-30 06:49:52,450 [main] INFO  balancer.ContainerBalancerTask (ContainerBalancerTask.java:processMoveSelection(569)) - ContainerBalancer is trying to move container #88 with size 3221225472B from source datanode 681ae63e-a876-4c5c-8c02-3bf495d957cd to target datanode 4a7a5e61-2b3f-4981-a9a4-6af45d934c18
2023-08-30 06:49:52,450 [main] DEBUG balancer.ContainerBalancerTask (ContainerBalancerTask.java:lambda$moveContainer$3(837)) - Container move completed for container #88 from source 681ae63e-a876-4c5c-8c02-3bf495d957cd to target 4a7a5e61-2b3f-4981-a9a4-6af45d934c18
2023-08-30 06:49:52,454 [main] DEBUG balancer.ContainerBalancerTask (ContainerBalancerTask.java:matchSourceWithTarget(708)) - ContainerBalancer is finding suitable target for source datanode 19d3f880-e223-44b8-abcc-495fd19dfa86
2023-08-30 06:49:52,454 [main] INFO  balancer.ContainerBalancerTask (ContainerBalancerTask.java:matchSourceWithTarget(722)) - ContainerBalancer matched source datanode 19d3f880-e223-44b8-abcc-495fd19dfa86 with target datanode 0298b916-6136-4321-989b-5bb354a0b70e for container move.
2023-08-30 06:49:52,454 [main] INFO  balancer.ContainerBalancerTask (ContainerBalancerTask.java:processMoveSelection(569)) - ContainerBalancer is trying to move container #52 with size 4294967296B from source datanode 19d3f880-e223-44b8-abcc-495fd19dfa86 to target datanode 0298b916-6136-4321-989b-5bb354a0b70e
2023-08-30 06:49:52,454 [main] DEBUG balancer.ContainerBalancerTask (ContainerBalancerTask.java:lambda$moveContainer$3(837)) - Container move completed for container #52 from source 19d3f880-e223-44b8-abcc-495fd19dfa86 to target 0298b916-6136-4321-989b-5bb354a0b70e
2023-08-30 06:49:52,457 [main] DEBUG balancer.ContainerBalancerTask (ContainerBalancerTask.java:matchSourceWithTarget(708)) - ContainerBalancer is finding suitable target for source datanode d6fa954d-9233-4334-9bea-1522c897d56a
2023-08-30 06:49:52,457 [main] INFO  balancer.ContainerBalancerTask (ContainerBalancerTask.java:matchSourceWithTarget(722)) - ContainerBalancer matched source datanode d6fa954d-9233-4334-9bea-1522c897d56a with target datanode 4a7a5e61-2b3f-4981-a9a4-6af45d934c18 for container move.
2023-08-30 06:49:52,458 [main] INFO  balancer.ContainerBalancerTask (ContainerBalancerTask.java:processMoveSelection(569)) - ContainerBalancer is trying to move container #89 with size 4294967296B from source datanode d6fa954d-9233-4334-9bea-1522c897d56a to target datanode 4a7a5e61-2b3f-4981-a9a4-6af45d934c18
2023-08-30 06:49:52,458 [main] DEBUG balancer.ContainerBalancerTask (ContainerBalancerTask.java:lambda$moveContainer$3(837)) - Container move completed for container #89 from source d6fa954d-9233-4334-9bea-1522c897d56a to target 4a7a5e61-2b3f-4981-a9a4-6af45d934c18
2023-08-30 06:49:52,460 [main] DEBUG balancer.ContainerBalancerTask (ContainerBalancerTask.java:matchSourceWithTarget(708)) - ContainerBalancer is finding suitable target for source datanode 1e842003-d8bf-4dba-a164-35eddf1d3511
2023-08-30 06:49:52,461 [main] INFO  balancer.ContainerBalancerTask (ContainerBalancerTask.java:matchSourceWithTarget(722)) - ContainerBalancer matched source datanode 1e842003-d8bf-4dba-a164-35eddf1d3511 with target datanode 0298b916-6136-4321-989b-5bb354a0b70e for container move.
2023-08-30 06:49:52,461 [main] INFO  balancer.ContainerBalancerTask (ContainerBalancerTask.java:processMoveSelection(569)) - ContainerBalancer is trying to move container #50 with size 2147483648B from source datanode 1e842003-d8bf-4dba-a164-35eddf1d3511 to target datanode 0298b916-6136-4321-989b-5bb354a0b70e
2023-08-30 06:49:52,461 [main] DEBUG balancer.ContainerBalancerTask (ContainerBalancerTask.java:lambda$moveContainer$3(837)) - Container move completed for container #50 from source 1e842003-d8bf-4dba-a164-35eddf1d3511 to target 0298b916-6136-4321-989b-5bb354a0b70e
2023-08-30 06:49:52,461 [main] WARN  balancer.ContainerBalancerTask (ContainerBalancerTask.java:reachedMaxSizeToMovePerIteration(733)) - Reached max size to move limit. 53687091200 bytes have already been scheduled for balancing and the limit is 53687091200 bytes.
2023-08-30 06:49:52,461 [main] INFO  balancer.ContainerBalancerTask (ContainerBalancerTask.java:checkIterationMoveResults(642)) - Iteration Summary. Number of Datanodes involved: 7. Size moved: 50 GB (53687091200 Bytes). Number of Container moves completed: 12.
2023-08-30 06:49:52,461 [main] INFO  balancer.ContainerBalancerTask (ContainerBalancerTask.java:balance(259)) - Result of this iteration of Container Balancer: ITERATION_COMPLETED
2023-08-30 06:49:52,461 [main] INFO  balancer.ContainerBalancerTask (ContainerBalancerTask.java:tryStopWithSaveConfiguration(308)) - Save Configuration for stopping. Reason: Completed all iterations.
2023-08-30 06:49:52,463 [main] DEBUG balancer.ContainerBalancerTask (ContainerBalancerTask.java:initializeIteration(374)) - Average utilization of the cluster is 0.38698078579770684
2023-08-30 06:49:52,463 [main] DEBUG balancer.ContainerBalancerTask (ContainerBalancerTask.java:initializeIteration(386)) - Lower limit for utilization is 0.022842984782082965 and Upper limit for utilization is 0.7511185868133308
2023-08-30 06:49:52,463 [main] DEBUG balancer.ContainerBalancerTask (ContainerBalancerTask.java:initializeIteration(398)) - Utilization for node d6fa954d-9233-4334-9bea-1522c897d56a with capacity 68003648853B, used 61203283968B, and remaining 6800364885B is 0.9000000000044115
2023-08-30 06:49:52,463 [main] DEBUG balancer.ContainerBalancerTask (ContainerBalancerTask.java:initializeIteration(398)) - Utilization for node 681ae63e-a876-4c5c-8c02-3bf495d957cd with capacity 87241523200B, used 69793218560B, and remaining 17448304640B is 0.8
2023-08-30 06:49:52,463 [main] DEBUG balancer.ContainerBalancerTask (ContainerBalancerTask.java:initializeIteration(398)) - Utilization for node 19d3f880-e223-44b8-abcc-495fd19dfa86 with capacity 69026260114B, used 48318382080B, and remaining 20707878034B is 0.7000000000028974
2023-08-30 06:49:52,463 [main] DEBUG balancer.ContainerBalancerTask (ContainerBalancerTask.java:initializeIteration(398)) - Utilization for node 1e842003-d8bf-4dba-a164-35eddf1d3511 with capacity 59055800320B, used 35433480192B, and remaining 23622320128B is 0.6
2023-08-30 06:49:52,463 [main] DEBUG balancer.ContainerBalancerTask (ContainerBalancerTask.java:initializeIteration(398)) - Utilization for node 1c4b2f89-40d2-467b-9872-4fa6e5223cd7 with capacity 130996502528B, used 65498251264B, and remaining 65498251264B is 0.5
2023-08-30 06:49:52,463 [main] DEBUG balancer.ContainerBalancerTask (ContainerBalancerTask.java:initializeIteration(398)) - Utilization for node 522d7852-c2b1-4f4d-9914-dde8150cadfe with capacity 64424509440B, used 25769803776B, and remaining 38654705664B is 0.4
2023-08-30 06:49:52,463 [main] DEBUG balancer.ContainerBalancerTask (ContainerBalancerTask.java:initializeIteration(398)) - Utilization for node 58e93824-a32b-4139-b1c8-aad9a9795a7d with capacity 136007297706B, used 40802189312B, and remaining 95205108394B is 0.30000000000147053
2023-08-30 06:49:52,464 [main] DEBUG balancer.ContainerBalancerTask (ContainerBalancerTask.java:initializeIteration(398)) - Utilization for node 4a7a5e61-2b3f-4981-a9a4-6af45d934c18 with capacity 118111600640B, used 23622320128B, and remaining 94489280512B is 0.2
2023-08-30 06:49:52,464 [main] DEBUG balancer.ContainerBalancerTask (ContainerBalancerTask.java:initializeIteration(398)) - Utilization for node 0298b916-6136-4321-989b-5bb354a0b70e with capacity 257698037760B, used 25769803776B, and remaining 231928233984B is 0.1
2023-08-30 06:49:52,465 [main] DEBUG balancer.ContainerBalancerTask (ContainerBalancerTask.java:initializeIteration(398)) - Utilization for node a8dc8e14-51a9-4d83-a5bf-6c6ac6975915 with capacity 33285996544B, used 0B, and remaining 33285996544B is 0.0
2023-08-30 06:49:52,465 [main] INFO  balancer.ContainerBalancerTask (ContainerBalancerTask.java:initializeIteration(447)) - Container Balancer has identified 2 Over-Utilized and 1 Under-Utilized Datanodes that need to be balanced.
2023-08-30 06:49:52,465 [main] DEBUG balancer.ContainerBalancerTask (ContainerBalancerTask.java:lambda$initializeIteration$1(453)) - Datanode localhost-146.188.160.172 d6fa954d-9233-4334-9bea-1522c897d56a is Over-Utilized.
2023-08-30 06:49:52,465 [main] DEBUG balancer.ContainerBalancerTask (ContainerBalancerTask.java:lambda$initializeIteration$1(453)) - Datanode localhost-233.191.17.208 681ae63e-a876-4c5c-8c02-3bf495d957cd is Over-Utilized.
2023-08-30 06:49:52,465 [main] DEBUG balancer.ContainerBalancerTask (ContainerBalancerTask.java:lambda$initializeIteration$2(459)) - Datanode localhost-89.157.111.179 a8dc8e14-51a9-4d83-a5bf-6c6ac6975915 is Under-Utilized.
2023-08-30 06:49:52,468 [main] DEBUG balancer.ContainerBalancerTask (ContainerBalancerTask.java:matchSourceWithTarget(708)) - ContainerBalancer is finding suitable target for source datanode d6fa954d-9233-4334-9bea-1522c897d56a
2023-08-30 06:49:52,468 [main] INFO  balancer.ContainerBalancerTask (ContainerBalancerTask.java:matchSourceWithTarget(722)) - ContainerBalancer matched source datanode d6fa954d-9233-4334-9bea-1522c897d56a with target datanode a8dc8e14-51a9-4d83-a5bf-6c6ac6975915 for container move.
2023-08-30 06:49:52,468 [main] INFO  balancer.ContainerBalancerTask (ContainerBalancerTask.java:processMoveSelection(569)) - ContainerBalancer is trying to move container #85 with size 5368709120B from source datanode d6fa954d-9233-4334-9bea-1522c897d56a to target datanode a8dc8e14-51a9-4d83-a5bf-6c6ac6975915
2023-08-30 06:49:52,468 [main] DEBUG balancer.ContainerBalancerTask (ContainerBalancerTask.java:lambda$moveContainer$3(837)) - Container move completed for container #85 from source d6fa954d-9233-4334-9bea-1522c897d56a to target a8dc8e14-51a9-4d83-a5bf-6c6ac6975915
2023-08-30 06:49:52,471 [main] DEBUG balancer.ContainerBalancerTask (ContainerBalancerTask.java:matchSourceWithTarget(708)) - ContainerBalancer is finding suitable target for source datanode d6fa954d-9233-4334-9bea-1522c897d56a
2023-08-30 06:49:52,471 [main] INFO  balancer.ContainerBalancerTask (ContainerBalancerTask.java:matchSourceWithTarget(722)) - ContainerBalancer matched source datanode d6fa954d-9233-4334-9bea-1522c897d56a with target datanode a8dc8e14-51a9-4d83-a5bf-6c6ac6975915 for container move.
2023-08-30 06:49:52,471 [main] INFO  balancer.ContainerBalancerTask (ContainerBalancerTask.java:processMoveSelection(569)) - ContainerBalancer is trying to move container #53 with size 5368709120B from source datanode d6fa954d-9233-4334-9bea-1522c897d56a to target datanode a8dc8e14-51a9-4d83-a5bf-6c6ac6975915
2023-08-30 06:49:52,471 [main] DEBUG balancer.ContainerBalancerTask (ContainerBalancerTask.java:lambda$moveContainer$3(837)) - Container move completed for container #53 from source d6fa954d-9233-4334-9bea-1522c897d56a to target a8dc8e14-51a9-4d83-a5bf-6c6ac6975915
2023-08-30 06:49:52,474 [main] DEBUG balancer.ContainerBalancerTask (ContainerBalancerTask.java:matchSourceWithTarget(708)) - ContainerBalancer is finding suitable target for source datanode 681ae63e-a876-4c5c-8c02-3bf495d957cd
2023-08-30 06:49:52,474 [main] INFO  balancer.ContainerBalancerTask (ContainerBalancerTask.java:matchSourceWithTarget(722)) - ContainerBalancer matched source datanode 681ae63e-a876-4c5c-8c02-3bf495d957cd with target datanode a8dc8e14-51a9-4d83-a5bf-6c6ac6975915 for container move.
2023-08-30 06:49:52,474 [main] INFO  balancer.ContainerBalancerTask (ContainerBalancerTask.java:processMoveSelection(569)) - ContainerBalancer is trying to move container #68 with size 5368709120B from source datanode 681ae63e-a876-4c5c-8c02-3bf495d957cd to target datanode a8dc8e14-51a9-4d83-a5bf-6c6ac6975915
2023-08-30 06:49:52,475 [main] DEBUG balancer.ContainerBalancerTask (ContainerBalancerTask.java:lambda$moveContainer$3(837)) - Container move completed for container #68 from source 681ae63e-a876-4c5c-8c02-3bf495d957cd to target a8dc8e14-51a9-4d83-a5bf-6c6ac6975915
2023-08-30 06:49:52,478 [main] DEBUG balancer.ContainerBalancerTask (ContainerBalancerTask.java:matchSourceWithTarget(708)) - ContainerBalancer is finding suitable target for source datanode d6fa954d-9233-4334-9bea-1522c897d56a
2023-08-30 06:49:52,479 [main] INFO  balancer.ContainerBalancerTask (ContainerBalancerTask.java:matchSourceWithTarget(722)) - ContainerBalancer matched source datanode d6fa954d-9233-4334-9bea-1522c897d56a with target datanode a8dc8e14-51a9-4d83-a5bf-6c6ac6975915 for container move.
2023-08-30 06:49:52,479 [main] INFO  balancer.ContainerBalancerTask (ContainerBalancerTask.java:processMoveSelection(569)) - ContainerBalancer is trying to move container #29 with size 5368709120B from source datanode d6fa954d-9233-4334-9bea-1522c897d56a to target datanode a8dc8e14-51a9-4d83-a5bf-6c6ac6975915
2023-08-30 06:49:52,479 [main] DEBUG balancer.ContainerBalancerTask (ContainerBalancerTask.java:lambda$moveContainer$3(837)) - Container move completed for container #29 from source d6fa954d-9233-4334-9bea-1522c897d56a to target a8dc8e14-51a9-4d83-a5bf-6c6ac6975915
2023-08-30 06:49:52,482 [main] DEBUG balancer.ContainerBalancerTask (ContainerBalancerTask.java:matchSourceWithTarget(708)) - ContainerBalancer is finding suitable target for source datanode 681ae63e-a876-4c5c-8c02-3bf495d957cd
2023-08-30 06:49:52,483 [main] INFO  balancer.ContainerBalancerTask (ContainerBalancerTask.java:matchSourceWithTarget(722)) - ContainerBalancer matched source datanode 681ae63e-a876-4c5c-8c02-3bf495d957cd with target datanode a8dc8e14-51a9-4d83-a5bf-6c6ac6975915 for container move.
2023-08-30 06:49:52,483 [main] INFO  balancer.ContainerBalancerTask (ContainerBalancerTask.java:processMoveSelection(569)) - ContainerBalancer is trying to move container #88 with size 3221225472B from source datanode 681ae63e-a876-4c5c-8c02-3bf495d957cd to target datanode a8dc8e14-51a9-4d83-a5bf-6c6ac6975915
2023-08-30 06:49:52,483 [main] DEBUG balancer.ContainerBalancerTask (ContainerBalancerTask.java:lambda$moveContainer$3(837)) - Container move completed for container #88 from source 681ae63e-a876-4c5c-8c02-3bf495d957cd to target a8dc8e14-51a9-4d83-a5bf-6c6ac6975915
2023-08-30 06:49:52,486 [main] DEBUG balancer.ContainerBalancerTask (ContainerBalancerTask.java:matchSourceWithTarget(708)) - ContainerBalancer is finding suitable target for source datanode 681ae63e-a876-4c5c-8c02-3bf495d957cd
2023-08-30 06:49:52,488 [main] INFO  balancer.FindTargetGreedyByUsageInfo (AbstractFindTargetGreedy.java:findTargetForContainerMove(133)) - Container Balancer could not find a target for source datanode 681ae63e-a876-4c5c-8c02-3bf495d957cd
2023-08-30 06:49:52,488 [main] DEBUG balancer.ContainerBalancerTask (ContainerBalancerTask.java:matchSourceWithTarget(717)) - ContainerBalancer could not find a suitable target for source node 681ae63e-a876-4c5c-8c02-3bf495d957cd.
2023-08-30 06:49:52,491 [main] DEBUG balancer.ContainerBalancerTask (ContainerBalancerTask.java:matchSourceWithTarget(708)) - ContainerBalancer is finding suitable target for source datanode d6fa954d-9233-4334-9bea-1522c897d56a
2023-08-30 06:49:52,491 [main] INFO  balancer.FindTargetGreedyByUsageInfo (AbstractFindTargetGreedy.java:findTargetForContainerMove(133)) - Container Balancer could not find a target for source datanode d6fa954d-9233-4334-9bea-1522c897d56a
2023-08-30 06:49:52,491 [main] DEBUG balancer.ContainerBalancerTask (ContainerBalancerTask.java:matchSourceWithTarget(717)) - ContainerBalancer could not find a suitable target for source node d6fa954d-9233-4334-9bea-1522c897d56a.
2023-08-30 06:49:52,492 [main] INFO  balancer.FindSourceGreedy (FindSourceGreedy.java:getNextCandidateSourceDataNode(126)) - no more candidate source data node
2023-08-30 06:49:52,492 [main] INFO  balancer.ContainerBalancerTask (ContainerBalancerTask.java:checkIterationMoveResults(642)) - Iteration Summary. Number of Datanodes involved: 3. Size moved: 23 GB (24696061952 Bytes). Number of Container moves completed: 5.
2023-08-30 06:49:52,493 [main] INFO  balancer.ContainerBalancerTask (ContainerBalancerTask.java:balance(259)) - Result of this iteration of Container Balancer: ITERATION_COMPLETED
2023-08-30 06:49:52,493 [main] INFO  balancer.ContainerBalancerTask (ContainerBalancerTask.java:tryStopWithSaveConfiguration(308)) - Save Configuration for stopping. Reason: Completed all iterations.
2023-08-30 06:49:52,494 [main] DEBUG balancer.ContainerBalancerTask (ContainerBalancerTask.java:initializeIteration(374)) - Average utilization of the cluster is 0.38698078579770684
2023-08-30 06:49:52,495 [main] DEBUG balancer.ContainerBalancerTask (ContainerBalancerTask.java:initializeIteration(386)) - Lower limit for utilization is 0.20955941998878197 and Upper limit for utilization is 0.5644021516066318
2023-08-30 06:49:52,495 [main] DEBUG balancer.ContainerBalancerTask (ContainerBalancerTask.java:initializeIteration(398)) - Utilization for node d6fa954d-9233-4334-9bea-1522c897d56a with capacity 68003648853B, used 61203283968B, and remaining 6800364885B is 0.9000000000044115
2023-08-30 06:49:52,495 [main] DEBUG balancer.ContainerBalancerTask (ContainerBalancerTask.java:initializeIteration(398)) - Utilization for node 681ae63e-a876-4c5c-8c02-3bf495d957cd with capacity 87241523200B, used 69793218560B, and remaining 17448304640B is 0.8
2023-08-30 06:49:52,495 [main] DEBUG balancer.ContainerBalancerTask (ContainerBalancerTask.java:initializeIteration(398)) - Utilization for node 19d3f880-e223-44b8-abcc-495fd19dfa86 with capacity 69026260114B, used 48318382080B, and remaining 20707878034B is 0.7000000000028974
2023-08-30 06:49:52,495 [main] DEBUG balancer.ContainerBalancerTask (ContainerBalancerTask.java:initializeIteration(398)) - Utilization for node 1e842003-d8bf-4dba-a164-35eddf1d3511 with capacity 59055800320B, used 35433480192B, and remaining 23622320128B is 0.6
2023-08-30 06:49:52,495 [main] DEBUG balancer.ContainerBalancerTask (ContainerBalancerTask.java:initializeIteration(398)) - Utilization for node 1c4b2f89-40d2-467b-9872-4fa6e5223cd7 with capacity 130996502528B, used 65498251264B, and remaining 65498251264B is 0.5
2023-08-30 06:49:52,495 [main] DEBUG balancer.ContainerBalancerTask (ContainerBalancerTask.java:initializeIteration(398)) - Utilization for node 522d7852-c2b1-4f4d-9914-dde8150cadfe with capacity 64424509440B, used 25769803776B, and remaining 38654705664B is 0.4
2023-08-30 06:49:52,495 [main] DEBUG balancer.ContainerBalancerTask (ContainerBalancerTask.java:initializeIteration(398)) - Utilization for node 58e93824-a32b-4139-b1c8-aad9a9795a7d with capacity 136007297706B, used 40802189312B, and remaining 95205108394B is 0.30000000000147053
2023-08-30 06:49:52,496 [main] DEBUG balancer.ContainerBalancerTask (ContainerBalancerTask.java:initializeIteration(398)) - Utilization for node 4a7a5e61-2b3f-4981-a9a4-6af45d934c18 with capacity 118111600640B, used 23622320128B, and remaining 94489280512B is 0.2
2023-08-30 06:49:52,496 [main] DEBUG balancer.ContainerBalancerTask (ContainerBalancerTask.java:initializeIteration(398)) - Utilization for node 0298b916-6136-4321-989b-5bb354a0b70e with capacity 257698037760B, used 25769803776B, and remaining 231928233984B is 0.1
2023-08-30 06:49:52,496 [main] DEBUG balancer.ContainerBalancerTask (ContainerBalancerTask.java:initializeIteration(398)) - Utilization for node a8dc8e14-51a9-4d83-a5bf-6c6ac6975915 with capacity 33285996544B, used 0B, and remaining 33285996544B is 0.0
2023-08-30 06:49:52,496 [main] INFO  balancer.ContainerBalancerTask (ContainerBalancerTask.java:initializeIteration(447)) - Container Balancer has identified 4 Over-Utilized and 3 Under-Utilized Datanodes that need to be balanced.
2023-08-30 06:49:52,496 [main] DEBUG balancer.ContainerBalancerTask (ContainerBalancerTask.java:lambda$initializeIteration$1(453)) - Datanode localhost-146.188.160.172 d6fa954d-9233-4334-9bea-1522c897d56a is Over-Utilized.
2023-08-30 06:49:52,496 [main] DEBUG balancer.ContainerBalancerTask (ContainerBalancerTask.java:lambda$initializeIteration$1(453)) - Datanode localhost-233.191.17.208 681ae63e-a876-4c5c-8c02-3bf495d957cd is Over-Utilized.
2023-08-30 06:49:52,496 [main] DEBUG balancer.ContainerBalancerTask (ContainerBalancerTask.java:lambda$initializeIteration$1(453)) - Datanode localhost-123.88.214.81 19d3f880-e223-44b8-abcc-495fd19dfa86 is Over-Utilized.
2023-08-30 06:49:52,496 [main] DEBUG balancer.ContainerBalancerTask (ContainerBalancerTask.java:lambda$initializeIteration$1(453)) - Datanode localhost-159.142.142.145 1e842003-d8bf-4dba-a164-35eddf1d3511 is Over-Utilized.
2023-08-30 06:49:52,496 [main] DEBUG balancer.ContainerBalancerTask (ContainerBalancerTask.java:lambda$initializeIteration$2(459)) - Datanode localhost-89.157.111.179 a8dc8e14-51a9-4d83-a5bf-6c6ac6975915 is Under-Utilized.
2023-08-30 06:49:52,496 [main] DEBUG balancer.ContainerBalancerTask (ContainerBalancerTask.java:lambda$initializeIteration$2(459)) - Datanode localhost-248.15.158.135 0298b916-6136-4321-989b-5bb354a0b70e is Under-Utilized.
2023-08-30 06:49:52,496 [main] DEBUG balancer.ContainerBalancerTask (ContainerBalancerTask.java:lambda$initializeIteration$2(459)) - Datanode localhost-35.144.11.124 4a7a5e61-2b3f-4981-a9a4-6af45d934c18 is Under-Utilized.
2023-08-30 06:49:52,499 [main] DEBUG balancer.ContainerBalancerTask (ContainerBalancerTask.java:matchSourceWithTarget(708)) - ContainerBalancer is finding suitable target for source datanode d6fa954d-9233-4334-9bea-1522c897d56a
2023-08-30 06:49:52,499 [main] INFO  balancer.ContainerBalancerTask (ContainerBalancerTask.java:matchSourceWithTarget(722)) - ContainerBalancer matched source datanode d6fa954d-9233-4334-9bea-1522c897d56a with target datanode a8dc8e14-51a9-4d83-a5bf-6c6ac6975915 for container move.
2023-08-30 06:49:52,499 [main] INFO  balancer.ContainerBalancerTask (ContainerBalancerTask.java:processMoveSelection(569)) - ContainerBalancer is trying to move container #85 with size 5368709120B from source datanode d6fa954d-9233-4334-9bea-1522c897d56a to target datanode a8dc8e14-51a9-4d83-a5bf-6c6ac6975915
2023-08-30 06:49:52,500 [main] DEBUG balancer.ContainerBalancerTask (ContainerBalancerTask.java:lambda$moveContainer$3(837)) - Container move completed for container #85 from source d6fa954d-9233-4334-9bea-1522c897d56a to target a8dc8e14-51a9-4d83-a5bf-6c6ac6975915
2023-08-30 06:49:52,503 [main] DEBUG balancer.ContainerBalancerTask (ContainerBalancerTask.java:matchSourceWithTarget(708)) - ContainerBalancer is finding suitable target for source datanode d6fa954d-9233-4334-9bea-1522c897d56a
2023-08-30 06:49:52,503 [main] INFO  balancer.ContainerBalancerTask (ContainerBalancerTask.java:matchSourceWithTarget(722)) - ContainerBalancer matched source datanode d6fa954d-9233-4334-9bea-1522c897d56a with target datanode 0298b916-6136-4321-989b-5bb354a0b70e for container move.
2023-08-30 06:49:52,503 [main] INFO  balancer.ContainerBalancerTask (ContainerBalancerTask.java:processMoveSelection(569)) - ContainerBalancer is trying to move container #29 with size 5368709120B from source datanode d6fa954d-9233-4334-9bea-1522c897d56a to target datanode 0298b916-6136-4321-989b-5bb354a0b70e
2023-08-30 06:49:52,504 [main] DEBUG balancer.ContainerBalancerTask (ContainerBalancerTask.java:lambda$moveContainer$3(837)) - Container move completed for container #29 from source d6fa954d-9233-4334-9bea-1522c897d56a to target 0298b916-6136-4321-989b-5bb354a0b70e
2023-08-30 06:49:52,507 [main] DEBUG balancer.ContainerBalancerTask (ContainerBalancerTask.java:matchSourceWithTarget(708)) - ContainerBalancer is finding suitable target for source datanode 681ae63e-a876-4c5c-8c02-3bf495d957cd
2023-08-30 06:49:52,508 [main] INFO  balancer.ContainerBalancerTask (ContainerBalancerTask.java:matchSourceWithTarget(722)) - ContainerBalancer matched source datanode 681ae63e-a876-4c5c-8c02-3bf495d957cd with target datanode 0298b916-6136-4321-989b-5bb354a0b70e for container move.
2023-08-30 06:49:52,508 [main] INFO  balancer.ContainerBalancerTask (ContainerBalancerTask.java:processMoveSelection(569)) - ContainerBalancer is trying to move container #68 with size 5368709120B from source datanode 681ae63e-a876-4c5c-8c02-3bf495d957cd to target datanode 0298b916-6136-4321-989b-5bb354a0b70e
2023-08-30 06:49:52,508 [main] DEBUG balancer.ContainerBalancerTask (ContainerBalancerTask.java:lambda$moveContainer$3(837)) - Container move completed for container #68 from source 681ae63e-a876-4c5c-8c02-3bf495d957cd to target 0298b916-6136-4321-989b-5bb354a0b70e
2023-08-30 06:49:52,511 [main] DEBUG balancer.ContainerBalancerTask (ContainerBalancerTask.java:matchSourceWithTarget(708)) - ContainerBalancer is finding suitable target for source datanode d6fa954d-9233-4334-9bea-1522c897d56a
2023-08-30 06:49:52,512 [main] INFO  balancer.ContainerBalancerTask (ContainerBalancerTask.java:matchSourceWithTarget(722)) - ContainerBalancer matched source datanode d6fa954d-9233-4334-9bea-1522c897d56a with target datanode 0298b916-6136-4321-989b-5bb354a0b70e for container move.
2023-08-30 06:49:52,512 [main] INFO  balancer.ContainerBalancerTask (ContainerBalancerTask.java:processMoveSelection(569)) - ContainerBalancer is trying to move container #84 with size 4294967296B from source datanode d6fa954d-9233-4334-9bea-1522c897d56a to target datanode 0298b916-6136-4321-989b-5bb354a0b70e
2023-08-30 06:49:52,512 [main] DEBUG balancer.ContainerBalancerTask (ContainerBalancerTask.java:lambda$moveContainer$3(837)) - Container move completed for container #84 from source d6fa954d-9233-4334-9bea-1522c897d56a to target 0298b916-6136-4321-989b-5bb354a0b70e
2023-08-30 06:49:52,515 [main] DEBUG balancer.ContainerBalancerTask (ContainerBalancerTask.java:matchSourceWithTarget(708)) - ContainerBalancer is finding suitable target for source datanode 681ae63e-a876-4c5c-8c02-3bf495d957cd
2023-08-30 06:49:52,515 [main] INFO  balancer.ContainerBalancerTask (ContainerBalancerTask.java:matchSourceWithTarget(722)) - ContainerBalancer matched source datanode 681ae63e-a876-4c5c-8c02-3bf495d957cd with target datanode 0298b916-6136-4321-989b-5bb354a0b70e for container move.
2023-08-30 06:49:52,515 [main] INFO  balancer.ContainerBalancerTask (ContainerBalancerTask.java:processMoveSelection(569)) - ContainerBalancer is trying to move container #40 with size 5368709120B from source datanode 681ae63e-a876-4c5c-8c02-3bf495d957cd to target datanode 0298b916-6136-4321-989b-5bb354a0b70e
2023-08-30 06:49:52,515 [main] DEBUG balancer.ContainerBalancerTask (ContainerBalancerTask.java:lambda$moveContainer$3(837)) - Container move completed for container #40 from source 681ae63e-a876-4c5c-8c02-3bf495d957cd to target 0298b916-6136-4321-989b-5bb354a0b70e
2023-08-30 06:49:52,518 [main] DEBUG balancer.ContainerBalancerTask (ContainerBalancerTask.java:matchSourceWithTarget(708)) - ContainerBalancer is finding suitable target for source datanode 19d3f880-e223-44b8-abcc-495fd19dfa86
2023-08-30 06:49:52,518 [main] INFO  balancer.ContainerBalancerTask (ContainerBalancerTask.java:matchSourceWithTarget(722)) - ContainerBalancer matched source datanode 19d3f880-e223-44b8-abcc-495fd19dfa86 with target datanode a8dc8e14-51a9-4d83-a5bf-6c6ac6975915 for container move.
2023-08-30 06:49:52,518 [main] INFO  balancer.ContainerBalancerTask (ContainerBalancerTask.java:processMoveSelection(569)) - ContainerBalancer is trying to move container #53 with size 5368709120B from source datanode 19d3f880-e223-44b8-abcc-495fd19dfa86 to target datanode a8dc8e14-51a9-4d83-a5bf-6c6ac6975915
2023-08-30 06:49:52,519 [main] DEBUG balancer.ContainerBalancerTask (ContainerBalancerTask.java:lambda$moveContainer$3(837)) - Container move completed for container #53 from source 19d3f880-e223-44b8-abcc-495fd19dfa86 to target a8dc8e14-51a9-4d83-a5bf-6c6ac6975915
2023-08-30 06:49:52,521 [main] DEBUG balancer.ContainerBalancerTask (ContainerBalancerTask.java:matchSourceWithTarget(708)) - ContainerBalancer is finding suitable target for source datanode d6fa954d-9233-4334-9bea-1522c897d56a
2023-08-30 06:49:52,522 [main] INFO  balancer.ContainerBalancerTask (ContainerBalancerTask.java:matchSourceWithTarget(722)) - ContainerBalancer matched source datanode d6fa954d-9233-4334-9bea-1522c897d56a with target datanode 0298b916-6136-4321-989b-5bb354a0b70e for container move.
2023-08-30 06:49:52,522 [main] INFO  balancer.ContainerBalancerTask (ContainerBalancerTask.java:processMoveSelection(569)) - ContainerBalancer is trying to move container #67 with size 4294967296B from source datanode d6fa954d-9233-4334-9bea-1522c897d56a to target datanode 0298b916-6136-4321-989b-5bb354a0b70e
2023-08-30 06:49:52,522 [main] DEBUG balancer.ContainerBalancerTask (ContainerBalancerTask.java:lambda$moveContainer$3(837)) - Container move completed for container #67 from source d6fa954d-9233-4334-9bea-1522c897d56a to target 0298b916-6136-4321-989b-5bb354a0b70e
2023-08-30 06:49:52,525 [main] DEBUG balancer.ContainerBalancerTask (ContainerBalancerTask.java:matchSourceWithTarget(708)) - ContainerBalancer is finding suitable target for source datanode 681ae63e-a876-4c5c-8c02-3bf495d957cd
2023-08-30 06:49:52,525 [main] INFO  balancer.ContainerBalancerTask (ContainerBalancerTask.java:matchSourceWithTarget(722)) - ContainerBalancer matched source datanode 681ae63e-a876-4c5c-8c02-3bf495d957cd with target datanode 0298b916-6136-4321-989b-5bb354a0b70e for container move.
2023-08-30 06:49:52,525 [main] INFO  balancer.ContainerBalancerTask (ContainerBalancerTask.java:processMoveSelection(569)) - ContainerBalancer is trying to move container #28 with size 4294967296B from source datanode 681ae63e-a876-4c5c-8c02-3bf495d957cd to target datanode 0298b916-6136-4321-989b-5bb354a0b70e
2023-08-30 06:49:52,525 [main] DEBUG balancer.ContainerBalancerTask (ContainerBalancerTask.java:lambda$moveContainer$3(837)) - Container move completed for container #28 from source 681ae63e-a876-4c5c-8c02-3bf495d957cd to target 0298b916-6136-4321-989b-5bb354a0b70e
2023-08-30 06:49:52,533 [main] DEBUG balancer.ContainerBalancerTask (ContainerBalancerTask.java:matchSourceWithTarget(708)) - ContainerBalancer is finding suitable target for source datanode 681ae63e-a876-4c5c-8c02-3bf495d957cd
2023-08-30 06:49:52,533 [main] INFO  balancer.ContainerBalancerTask (ContainerBalancerTask.java:matchSourceWithTarget(722)) - ContainerBalancer matched source datanode 681ae63e-a876-4c5c-8c02-3bf495d957cd with target datanode 4a7a5e61-2b3f-4981-a9a4-6af45d934c18 for container move.
2023-08-30 06:49:52,533 [main] INFO  balancer.ContainerBalancerTask (ContainerBalancerTask.java:processMoveSelection(569)) - ContainerBalancer is trying to move container #88 with size 3221225472B from source datanode 681ae63e-a876-4c5c-8c02-3bf495d957cd to target datanode 4a7a5e61-2b3f-4981-a9a4-6af45d934c18
2023-08-30 06:49:52,533 [main] DEBUG balancer.ContainerBalancerTask (ContainerBalancerTask.java:lambda$moveContainer$3(837)) - Container move completed for container #88 from source 681ae63e-a876-4c5c-8c02-3bf495d957cd to target 4a7a5e61-2b3f-4981-a9a4-6af45d934c18
2023-08-30 06:49:52,536 [main] DEBUG balancer.ContainerBalancerTask (ContainerBalancerTask.java:matchSourceWithTarget(708)) - ContainerBalancer is finding suitable target for source datanode 19d3f880-e223-44b8-abcc-495fd19dfa86
2023-08-30 06:49:52,536 [main] INFO  balancer.ContainerBalancerTask (ContainerBalancerTask.java:matchSourceWithTarget(722)) - ContainerBalancer matched source datanode 19d3f880-e223-44b8-abcc-495fd19dfa86 with target datanode 0298b916-6136-4321-989b-5bb354a0b70e for container move.
2023-08-30 06:49:52,536 [main] INFO  balancer.ContainerBalancerTask (ContainerBalancerTask.java:processMoveSelection(569)) - ContainerBalancer is trying to move container #52 with size 4294967296B from source datanode 19d3f880-e223-44b8-abcc-495fd19dfa86 to target datanode 0298b916-6136-4321-989b-5bb354a0b70e
2023-08-30 06:49:52,537 [main] DEBUG balancer.ContainerBalancerTask (ContainerBalancerTask.java:lambda$moveContainer$3(837)) - Container move completed for container #52 from source 19d3f880-e223-44b8-abcc-495fd19dfa86 to target 0298b916-6136-4321-989b-5bb354a0b70e
2023-08-30 06:49:52,540 [main] DEBUG balancer.ContainerBalancerTask (ContainerBalancerTask.java:matchSourceWithTarget(708)) - ContainerBalancer is finding suitable target for source datanode d6fa954d-9233-4334-9bea-1522c897d56a
2023-08-30 06:49:52,541 [main] INFO  balancer.ContainerBalancerTask (ContainerBalancerTask.java:matchSourceWithTarget(722)) - ContainerBalancer matched source datanode d6fa954d-9233-4334-9bea-1522c897d56a with target datanode 4a7a5e61-2b3f-4981-a9a4-6af45d934c18 for container move.
2023-08-30 06:49:52,541 [main] INFO  balancer.ContainerBalancerTask (ContainerBalancerTask.java:processMoveSelection(569)) - ContainerBalancer is trying to move container #89 with size 4294967296B from source datanode d6fa954d-9233-4334-9bea-1522c897d56a to target datanode 4a7a5e61-2b3f-4981-a9a4-6af45d934c18
2023-08-30 06:49:52,541 [main] DEBUG balancer.ContainerBalancerTask (ContainerBalancerTask.java:lambda$moveContainer$3(837)) - Container move completed for container #89 from source d6fa954d-9233-4334-9bea-1522c897d56a to target 4a7a5e61-2b3f-4981-a9a4-6af45d934c18
2023-08-30 06:49:52,543 [main] DEBUG balancer.ContainerBalancerTask (ContainerBalancerTask.java:matchSourceWithTarget(708)) - ContainerBalancer is finding suitable target for source datanode 1e842003-d8bf-4dba-a164-35eddf1d3511
2023-08-30 06:49:52,544 [main] INFO  balancer.ContainerBalancerTask (ContainerBalancerTask.java:matchSourceWithTarget(722)) - ContainerBalancer matched source datanode 1e842003-d8bf-4dba-a164-35eddf1d3511 with target datanode 0298b916-6136-4321-989b-5bb354a0b70e for container move.
2023-08-30 06:49:52,544 [main] INFO  balancer.ContainerBalancerTask (ContainerBalancerTask.java:processMoveSelection(569)) - ContainerBalancer is trying to move container #50 with size 2147483648B from source datanode 1e842003-d8bf-4dba-a164-35eddf1d3511 to target datanode 0298b916-6136-4321-989b-5bb354a0b70e
2023-08-30 06:49:52,544 [main] DEBUG balancer.ContainerBalancerTask (ContainerBalancerTask.java:lambda$moveContainer$3(837)) - Container move completed for container #50 from source 1e842003-d8bf-4dba-a164-35eddf1d3511 to target 0298b916-6136-4321-989b-5bb354a0b70e
2023-08-30 06:49:52,544 [main] WARN  balancer.ContainerBalancerTask (ContainerBalancerTask.java:reachedMaxSizeToMovePerIteration(733)) - Reached max size to move limit. 53687091200 bytes have already been scheduled for balancing and the limit is 53687091200 bytes.
2023-08-30 06:49:52,546 [main] INFO  balancer.ContainerBalancerTask (ContainerBalancerTask.java:checkIterationMoveResults(642)) - Iteration Summary. Number of Datanodes involved: 7. Size moved: 50 GB (53687091200 Bytes). Number of Container moves completed: 12.
2023-08-30 06:49:52,546 [main] INFO  balancer.ContainerBalancerTask (ContainerBalancerTask.java:balance(259)) - Result of this iteration of Container Balancer: ITERATION_COMPLETED
2023-08-30 06:49:52,546 [main] INFO  balancer.ContainerBalancerTask (ContainerBalancerTask.java:tryStopWithSaveConfiguration(308)) - Save Configuration for stopping. Reason: Completed all iterations.
2023-08-30 06:49:52,552 [main] DEBUG balancer.ContainerBalancerTask (ContainerBalancerTask.java:initializeIteration(374)) - Average utilization of the cluster is 0.38698078579770684
2023-08-30 06:49:52,552 [main] DEBUG balancer.ContainerBalancerTask (ContainerBalancerTask.java:initializeIteration(386)) - Lower limit for utilization is -0.02740671361117558 and Upper limit for utilization is 0.8013682852065893
2023-08-30 06:49:52,552 [main] DEBUG balancer.ContainerBalancerTask (ContainerBalancerTask.java:initializeIteration(398)) - Utilization for node d6fa954d-9233-4334-9bea-1522c897d56a with capacity 68003648853B, used 61203283968B, and remaining 6800364885B is 0.9000000000044115
2023-08-30 06:49:52,552 [main] DEBUG balancer.ContainerBalancerTask (ContainerBalancerTask.java:initializeIteration(398)) - Utilization for node 681ae63e-a876-4c5c-8c02-3bf495d957cd with capacity 87241523200B, used 69793218560B, and remaining 17448304640B is 0.8
2023-08-30 06:49:52,553 [main] DEBUG balancer.ContainerBalancerTask (ContainerBalancerTask.java:initializeIteration(398)) - Utilization for node 19d3f880-e223-44b8-abcc-495fd19dfa86 with capacity 69026260114B, used 48318382080B, and remaining 20707878034B is 0.7000000000028974
2023-08-30 06:49:52,553 [main] DEBUG balancer.ContainerBalancerTask (ContainerBalancerTask.java:initializeIteration(398)) - Utilization for node 1e842003-d8bf-4dba-a164-35eddf1d3511 with capacity 59055800320B, used 35433480192B, and remaining 23622320128B is 0.6
2023-08-30 06:49:52,553 [main] DEBUG balancer.ContainerBalancerTask (ContainerBalancerTask.java:initializeIteration(398)) - Utilization for node 1c4b2f89-40d2-467b-9872-4fa6e5223cd7 with capacity 130996502528B, used 65498251264B, and remaining 65498251264B is 0.5
2023-08-30 06:49:52,553 [main] DEBUG balancer.ContainerBalancerTask (ContainerBalancerTask.java:initializeIteration(398)) - Utilization for node 522d7852-c2b1-4f4d-9914-dde8150cadfe with capacity 64424509440B, used 25769803776B, and remaining 38654705664B is 0.4
2023-08-30 06:49:52,553 [main] DEBUG balancer.ContainerBalancerTask (ContainerBalancerTask.java:initializeIteration(398)) - Utilization for node 58e93824-a32b-4139-b1c8-aad9a9795a7d with capacity 136007297706B, used 40802189312B, and remaining 95205108394B is 0.30000000000147053
2023-08-30 06:49:52,553 [main] DEBUG balancer.ContainerBalancerTask (ContainerBalancerTask.java:initializeIteration(398)) - Utilization for node 4a7a5e61-2b3f-4981-a9a4-6af45d934c18 with capacity 118111600640B, used 23622320128B, and remaining 94489280512B is 0.2
2023-08-30 06:49:52,553 [main] DEBUG balancer.ContainerBalancerTask (ContainerBalancerTask.java:initializeIteration(398)) - Utilization for node 0298b916-6136-4321-989b-5bb354a0b70e with capacity 257698037760B, used 25769803776B, and remaining 231928233984B is 0.1
2023-08-30 06:49:52,553 [main] DEBUG balancer.ContainerBalancerTask (ContainerBalancerTask.java:initializeIteration(398)) - Utilization for node a8dc8e14-51a9-4d83-a5bf-6c6ac6975915 with capacity 33285996544B, used 0B, and remaining 33285996544B is 0.0
2023-08-30 06:49:52,553 [main] INFO  balancer.ContainerBalancerTask (ContainerBalancerTask.java:initializeIteration(447)) - Container Balancer has identified 1 Over-Utilized and 0 Under-Utilized Datanodes that need to be balanced.
2023-08-30 06:49:52,553 [main] DEBUG balancer.ContainerBalancerTask (ContainerBalancerTask.java:lambda$initializeIteration$1(453)) - Datanode localhost-146.188.160.172 d6fa954d-9233-4334-9bea-1522c897d56a is Over-Utilized.
2023-08-30 06:49:52,556 [main] DEBUG balancer.ContainerBalancerTask (ContainerBalancerTask.java:matchSourceWithTarget(708)) - ContainerBalancer is finding suitable target for source datanode d6fa954d-9233-4334-9bea-1522c897d56a
2023-08-30 06:49:52,556 [main] INFO  balancer.FindTargetGreedyByUsageInfo (AbstractFindTargetGreedy.java:findTargetForContainerMove(133)) - Container Balancer could not find a target for source datanode d6fa954d-9233-4334-9bea-1522c897d56a
2023-08-30 06:49:52,556 [main] DEBUG balancer.ContainerBalancerTask (ContainerBalancerTask.java:matchSourceWithTarget(717)) - ContainerBalancer could not find a suitable target for source node d6fa954d-9233-4334-9bea-1522c897d56a.
2023-08-30 06:49:52,556 [main] INFO  balancer.FindSourceGreedy (FindSourceGreedy.java:getNextCandidateSourceDataNode(126)) - no more candidate source data node
2023-08-30 06:49:52,556 [main] INFO  balancer.ContainerBalancerTask (ContainerBalancerTask.java:balance(259)) - Result of this iteration of Container Balancer: CAN_NOT_BALANCE_ANY_MORE
2023-08-30 06:49:52,556 [main] INFO  balancer.ContainerBalancerTask (ContainerBalancerTask.java:tryStopWithSaveConfiguration(308)) - Save Configuration for stopping. Reason: CAN_NOT_BALANCE_ANY_MORE
2023-08-30 06:49:52,557 [main] DEBUG balancer.ContainerBalancerTask (ContainerBalancerTask.java:initializeIteration(374)) - Average utilization of the cluster is 0.38698078579770684
2023-08-30 06:49:52,557 [main] DEBUG balancer.ContainerBalancerTask (ContainerBalancerTask.java:initializeIteration(386)) - Lower limit for utilization is 0.16984105614242334 and Upper limit for utilization is 0.6041205154529903
2023-08-30 06:49:52,557 [main] DEBUG balancer.ContainerBalancerTask (ContainerBalancerTask.java:initializeIteration(398)) - Utilization for node d6fa954d-9233-4334-9bea-1522c897d56a with capacity 68003648853B, used 61203283968B, and remaining 6800364885B is 0.9000000000044115
2023-08-30 06:49:52,557 [main] DEBUG balancer.ContainerBalancerTask (ContainerBalancerTask.java:initializeIteration(398)) - Utilization for node 681ae63e-a876-4c5c-8c02-3bf495d957cd with capacity 87241523200B, used 69793218560B, and remaining 17448304640B is 0.8
2023-08-30 06:49:52,558 [main] DEBUG balancer.ContainerBalancerTask (ContainerBalancerTask.java:initializeIteration(398)) - Utilization for node 19d3f880-e223-44b8-abcc-495fd19dfa86 with capacity 69026260114B, used 48318382080B, and remaining 20707878034B is 0.7000000000028974
2023-08-30 06:49:52,558 [main] DEBUG balancer.ContainerBalancerTask (ContainerBalancerTask.java:initializeIteration(398)) - Utilization for node 1e842003-d8bf-4dba-a164-35eddf1d3511 with capacity 59055800320B, used 35433480192B, and remaining 23622320128B is 0.6
2023-08-30 06:49:52,558 [main] DEBUG balancer.ContainerBalancerTask (ContainerBalancerTask.java:initializeIteration(398)) - Utilization for node 1c4b2f89-40d2-467b-9872-4fa6e5223cd7 with capacity 130996502528B, used 65498251264B, and remaining 65498251264B is 0.5
2023-08-30 06:49:52,558 [main] DEBUG balancer.ContainerBalancerTask (ContainerBalancerTask.java:initializeIteration(398)) - Utilization for node 522d7852-c2b1-4f4d-9914-dde8150cadfe with capacity 64424509440B, used 25769803776B, and remaining 38654705664B is 0.4
2023-08-30 06:49:52,558 [main] DEBUG balancer.ContainerBalancerTask (ContainerBalancerTask.java:initializeIteration(398)) - Utilization for node 58e93824-a32b-4139-b1c8-aad9a9795a7d with capacity 136007297706B, used 40802189312B, and remaining 95205108394B is 0.30000000000147053
2023-08-30 06:49:52,558 [main] DEBUG balancer.ContainerBalancerTask (ContainerBalancerTask.java:initializeIteration(398)) - Utilization for node 4a7a5e61-2b3f-4981-a9a4-6af45d934c18 with capacity 118111600640B, used 23622320128B, and remaining 94489280512B is 0.2
2023-08-30 06:49:52,558 [main] DEBUG balancer.ContainerBalancerTask (ContainerBalancerTask.java:initializeIteration(398)) - Utilization for node 0298b916-6136-4321-989b-5bb354a0b70e with capacity 257698037760B, used 25769803776B, and remaining 231928233984B is 0.1
2023-08-30 06:49:52,558 [main] DEBUG balancer.ContainerBalancerTask (ContainerBalancerTask.java:initializeIteration(398)) - Utilization for node a8dc8e14-51a9-4d83-a5bf-6c6ac6975915 with capacity 33285996544B, used 0B, and remaining 33285996544B is 0.0
2023-08-30 06:49:52,558 [main] INFO  balancer.ContainerBalancerTask (ContainerBalancerTask.java:initializeIteration(447)) - Container Balancer has identified 3 Over-Utilized and 2 Under-Utilized Datanodes that need to be balanced.
2023-08-30 06:49:52,558 [main] DEBUG balancer.ContainerBalancerTask (ContainerBalancerTask.java:lambda$initializeIteration$1(453)) - Datanode localhost-146.188.160.172 d6fa954d-9233-4334-9bea-1522c897d56a is Over-Utilized.
2023-08-30 06:49:52,558 [main] DEBUG balancer.ContainerBalancerTask (ContainerBalancerTask.java:lambda$initializeIteration$1(453)) - Datanode localhost-233.191.17.208 681ae63e-a876-4c5c-8c02-3bf495d957cd is Over-Utilized.
2023-08-30 06:49:52,559 [main] DEBUG balancer.ContainerBalancerTask (ContainerBalancerTask.java:lambda$initializeIteration$1(453)) - Datanode localhost-123.88.214.81 19d3f880-e223-44b8-abcc-495fd19dfa86 is Over-Utilized.
2023-08-30 06:49:52,559 [main] DEBUG balancer.ContainerBalancerTask (ContainerBalancerTask.java:lambda$initializeIteration$2(459)) - Datanode localhost-89.157.111.179 a8dc8e14-51a9-4d83-a5bf-6c6ac6975915 is Under-Utilized.
2023-08-30 06:49:52,559 [main] DEBUG balancer.ContainerBalancerTask (ContainerBalancerTask.java:lambda$initializeIteration$2(459)) - Datanode localhost-248.15.158.135 0298b916-6136-4321-989b-5bb354a0b70e is Under-Utilized.
2023-08-30 06:49:52,561 [main] DEBUG balancer.ContainerBalancerTask (ContainerBalancerTask.java:matchSourceWithTarget(708)) - ContainerBalancer is finding suitable target for source datanode d6fa954d-9233-4334-9bea-1522c897d56a
2023-08-30 06:49:52,562 [main] INFO  balancer.ContainerBalancerTask (ContainerBalancerTask.java:matchSourceWithTarget(722)) - ContainerBalancer matched source datanode d6fa954d-9233-4334-9bea-1522c897d56a with target datanode a8dc8e14-51a9-4d83-a5bf-6c6ac6975915 for container move.
2023-08-30 06:49:52,562 [main] INFO  balancer.ContainerBalancerTask (ContainerBalancerTask.java:processMoveSelection(569)) - ContainerBalancer is trying to move container #85 with size 5368709120B from source datanode d6fa954d-9233-4334-9bea-1522c897d56a to target datanode a8dc8e14-51a9-4d83-a5bf-6c6ac6975915
2023-08-30 06:49:52,562 [main] DEBUG balancer.ContainerBalancerTask (ContainerBalancerTask.java:lambda$moveContainer$3(837)) - Container move completed for container #85 from source d6fa954d-9233-4334-9bea-1522c897d56a to target a8dc8e14-51a9-4d83-a5bf-6c6ac6975915
2023-08-30 06:49:52,564 [main] DEBUG balancer.ContainerBalancerTask (ContainerBalancerTask.java:matchSourceWithTarget(708)) - ContainerBalancer is finding suitable target for source datanode d6fa954d-9233-4334-9bea-1522c897d56a
2023-08-30 06:49:52,565 [main] INFO  balancer.ContainerBalancerTask (ContainerBalancerTask.java:matchSourceWithTarget(722)) - ContainerBalancer matched source datanode d6fa954d-9233-4334-9bea-1522c897d56a with target datanode 0298b916-6136-4321-989b-5bb354a0b70e for container move.
2023-08-30 06:49:52,565 [main] INFO  balancer.ContainerBalancerTask (ContainerBalancerTask.java:processMoveSelection(569)) - ContainerBalancer is trying to move container #29 with size 5368709120B from source datanode d6fa954d-9233-4334-9bea-1522c897d56a to target datanode 0298b916-6136-4321-989b-5bb354a0b70e
2023-08-30 06:49:52,565 [main] DEBUG balancer.ContainerBalancerTask (ContainerBalancerTask.java:lambda$moveContainer$3(837)) - Container move completed for container #29 from source d6fa954d-9233-4334-9bea-1522c897d56a to target 0298b916-6136-4321-989b-5bb354a0b70e
2023-08-30 06:49:52,568 [main] DEBUG balancer.ContainerBalancerTask (ContainerBalancerTask.java:matchSourceWithTarget(708)) - ContainerBalancer is finding suitable target for source datanode 681ae63e-a876-4c5c-8c02-3bf495d957cd
2023-08-30 06:49:52,568 [main] INFO  balancer.ContainerBalancerTask (ContainerBalancerTask.java:matchSourceWithTarget(722)) - ContainerBalancer matched source datanode 681ae63e-a876-4c5c-8c02-3bf495d957cd with target datanode 0298b916-6136-4321-989b-5bb354a0b70e for container move.
2023-08-30 06:49:52,568 [main] INFO  balancer.ContainerBalancerTask (ContainerBalancerTask.java:processMoveSelection(569)) - ContainerBalancer is trying to move container #68 with size 5368709120B from source datanode 681ae63e-a876-4c5c-8c02-3bf495d957cd to target datanode 0298b916-6136-4321-989b-5bb354a0b70e
2023-08-30 06:49:52,568 [main] DEBUG balancer.ContainerBalancerTask (ContainerBalancerTask.java:lambda$moveContainer$3(837)) - Container move completed for container #68 from source 681ae63e-a876-4c5c-8c02-3bf495d957cd to target 0298b916-6136-4321-989b-5bb354a0b70e
2023-08-30 06:49:52,571 [main] DEBUG balancer.ContainerBalancerTask (ContainerBalancerTask.java:matchSourceWithTarget(708)) - ContainerBalancer is finding suitable target for source datanode d6fa954d-9233-4334-9bea-1522c897d56a
2023-08-30 06:49:52,571 [main] INFO  balancer.ContainerBalancerTask (ContainerBalancerTask.java:matchSourceWithTarget(722)) - ContainerBalancer matched source datanode d6fa954d-9233-4334-9bea-1522c897d56a with target datanode 0298b916-6136-4321-989b-5bb354a0b70e for container move.
2023-08-30 06:49:52,571 [main] INFO  balancer.ContainerBalancerTask (ContainerBalancerTask.java:processMoveSelection(569)) - ContainerBalancer is trying to move container #84 with size 4294967296B from source datanode d6fa954d-9233-4334-9bea-1522c897d56a to target datanode 0298b916-6136-4321-989b-5bb354a0b70e
2023-08-30 06:49:52,571 [main] DEBUG balancer.ContainerBalancerTask (ContainerBalancerTask.java:lambda$moveContainer$3(837)) - Container move completed for container #84 from source d6fa954d-9233-4334-9bea-1522c897d56a to target 0298b916-6136-4321-989b-5bb354a0b70e
2023-08-30 06:49:52,574 [main] DEBUG balancer.ContainerBalancerTask (ContainerBalancerTask.java:matchSourceWithTarget(708)) - ContainerBalancer is finding suitable target for source datanode 681ae63e-a876-4c5c-8c02-3bf495d957cd
2023-08-30 06:49:52,574 [main] INFO  balancer.ContainerBalancerTask (ContainerBalancerTask.java:matchSourceWithTarget(722)) - ContainerBalancer matched source datanode 681ae63e-a876-4c5c-8c02-3bf495d957cd with target datanode 0298b916-6136-4321-989b-5bb354a0b70e for container move.
2023-08-30 06:49:52,575 [main] INFO  balancer.ContainerBalancerTask (ContainerBalancerTask.java:processMoveSelection(569)) - ContainerBalancer is trying to move container #40 with size 5368709120B from source datanode 681ae63e-a876-4c5c-8c02-3bf495d957cd to target datanode 0298b916-6136-4321-989b-5bb354a0b70e
2023-08-30 06:49:52,575 [main] DEBUG balancer.ContainerBalancerTask (ContainerBalancerTask.java:lambda$moveContainer$3(837)) - Container move completed for container #40 from source 681ae63e-a876-4c5c-8c02-3bf495d957cd to target 0298b916-6136-4321-989b-5bb354a0b70e
2023-08-30 06:49:52,578 [main] DEBUG balancer.ContainerBalancerTask (ContainerBalancerTask.java:matchSourceWithTarget(708)) - ContainerBalancer is finding suitable target for source datanode 19d3f880-e223-44b8-abcc-495fd19dfa86
2023-08-30 06:49:52,578 [main] INFO  balancer.ContainerBalancerTask (ContainerBalancerTask.java:matchSourceWithTarget(722)) - ContainerBalancer matched source datanode 19d3f880-e223-44b8-abcc-495fd19dfa86 with target datanode a8dc8e14-51a9-4d83-a5bf-6c6ac6975915 for container move.
2023-08-30 06:49:52,578 [main] INFO  balancer.ContainerBalancerTask (ContainerBalancerTask.java:processMoveSelection(569)) - ContainerBalancer is trying to move container #53 with size 5368709120B from source datanode 19d3f880-e223-44b8-abcc-495fd19dfa86 to target datanode a8dc8e14-51a9-4d83-a5bf-6c6ac6975915
2023-08-30 06:49:52,578 [main] DEBUG balancer.ContainerBalancerTask (ContainerBalancerTask.java:lambda$moveContainer$3(837)) - Container move completed for container #53 from source 19d3f880-e223-44b8-abcc-495fd19dfa86 to target a8dc8e14-51a9-4d83-a5bf-6c6ac6975915
2023-08-30 06:49:52,581 [main] DEBUG balancer.ContainerBalancerTask (ContainerBalancerTask.java:matchSourceWithTarget(708)) - ContainerBalancer is finding suitable target for source datanode d6fa954d-9233-4334-9bea-1522c897d56a
2023-08-30 06:49:52,581 [main] INFO  balancer.ContainerBalancerTask (ContainerBalancerTask.java:matchSourceWithTarget(722)) - ContainerBalancer matched source datanode d6fa954d-9233-4334-9bea-1522c897d56a with target datanode 0298b916-6136-4321-989b-5bb354a0b70e for container move.
2023-08-30 06:49:52,581 [main] INFO  balancer.ContainerBalancerTask (ContainerBalancerTask.java:processMoveSelection(569)) - ContainerBalancer is trying to move container #67 with size 4294967296B from source datanode d6fa954d-9233-4334-9bea-1522c897d56a to target datanode 0298b916-6136-4321-989b-5bb354a0b70e
2023-08-30 06:49:52,581 [main] DEBUG balancer.ContainerBalancerTask (ContainerBalancerTask.java:lambda$moveContainer$3(837)) - Container move completed for container #67 from source d6fa954d-9233-4334-9bea-1522c897d56a to target 0298b916-6136-4321-989b-5bb354a0b70e
2023-08-30 06:49:52,584 [main] DEBUG balancer.ContainerBalancerTask (ContainerBalancerTask.java:matchSourceWithTarget(708)) - ContainerBalancer is finding suitable target for source datanode 681ae63e-a876-4c5c-8c02-3bf495d957cd
2023-08-30 06:49:52,584 [main] INFO  balancer.ContainerBalancerTask (ContainerBalancerTask.java:matchSourceWithTarget(722)) - ContainerBalancer matched source datanode 681ae63e-a876-4c5c-8c02-3bf495d957cd with target datanode 0298b916-6136-4321-989b-5bb354a0b70e for container move.
2023-08-30 06:49:52,584 [main] INFO  balancer.ContainerBalancerTask (ContainerBalancerTask.java:processMoveSelection(569)) - ContainerBalancer is trying to move container #28 with size 4294967296B from source datanode 681ae63e-a876-4c5c-8c02-3bf495d957cd to target datanode 0298b916-6136-4321-989b-5bb354a0b70e
2023-08-30 06:49:52,585 [main] DEBUG balancer.ContainerBalancerTask (ContainerBalancerTask.java:lambda$moveContainer$3(837)) - Container move completed for container #28 from source 681ae63e-a876-4c5c-8c02-3bf495d957cd to target 0298b916-6136-4321-989b-5bb354a0b70e
2023-08-30 06:49:52,588 [main] DEBUG balancer.ContainerBalancerTask (ContainerBalancerTask.java:matchSourceWithTarget(708)) - ContainerBalancer is finding suitable target for source datanode 681ae63e-a876-4c5c-8c02-3bf495d957cd
2023-08-30 06:49:52,588 [main] INFO  balancer.ContainerBalancerTask (ContainerBalancerTask.java:matchSourceWithTarget(722)) - ContainerBalancer matched source datanode 681ae63e-a876-4c5c-8c02-3bf495d957cd with target datanode 0298b916-6136-4321-989b-5bb354a0b70e for container move.
2023-08-30 06:49:52,588 [main] INFO  balancer.ContainerBalancerTask (ContainerBalancerTask.java:processMoveSelection(569)) - ContainerBalancer is trying to move container #88 with size 3221225472B from source datanode 681ae63e-a876-4c5c-8c02-3bf495d957cd to target datanode 0298b916-6136-4321-989b-5bb354a0b70e
2023-08-30 06:49:52,588 [main] DEBUG balancer.ContainerBalancerTask (ContainerBalancerTask.java:lambda$moveContainer$3(837)) - Container move completed for container #88 from source 681ae63e-a876-4c5c-8c02-3bf495d957cd to target 0298b916-6136-4321-989b-5bb354a0b70e
2023-08-30 06:49:52,591 [main] DEBUG balancer.ContainerBalancerTask (ContainerBalancerTask.java:matchSourceWithTarget(708)) - ContainerBalancer is finding suitable target for source datanode 19d3f880-e223-44b8-abcc-495fd19dfa86
2023-08-30 06:49:52,591 [main] INFO  balancer.ContainerBalancerTask (ContainerBalancerTask.java:matchSourceWithTarget(722)) - ContainerBalancer matched source datanode 19d3f880-e223-44b8-abcc-495fd19dfa86 with target datanode 0298b916-6136-4321-989b-5bb354a0b70e for container move.
2023-08-30 06:49:52,591 [main] INFO  balancer.ContainerBalancerTask (ContainerBalancerTask.java:processMoveSelection(569)) - ContainerBalancer is trying to move container #52 with size 4294967296B from source datanode 19d3f880-e223-44b8-abcc-495fd19dfa86 to target datanode 0298b916-6136-4321-989b-5bb354a0b70e
2023-08-30 06:49:52,591 [main] DEBUG balancer.ContainerBalancerTask (ContainerBalancerTask.java:lambda$moveContainer$3(837)) - Container move completed for container #52 from source 19d3f880-e223-44b8-abcc-495fd19dfa86 to target 0298b916-6136-4321-989b-5bb354a0b70e
2023-08-30 06:49:52,594 [main] DEBUG balancer.ContainerBalancerTask (ContainerBalancerTask.java:matchSourceWithTarget(708)) - ContainerBalancer is finding suitable target for source datanode d6fa954d-9233-4334-9bea-1522c897d56a
2023-08-30 06:49:52,594 [main] INFO  balancer.ContainerBalancerTask (ContainerBalancerTask.java:matchSourceWithTarget(722)) - ContainerBalancer matched source datanode d6fa954d-9233-4334-9bea-1522c897d56a with target datanode 0298b916-6136-4321-989b-5bb354a0b70e for container move.
2023-08-30 06:49:52,594 [main] INFO  balancer.ContainerBalancerTask (ContainerBalancerTask.java:processMoveSelection(569)) - ContainerBalancer is trying to move container #19 with size 4294967296B from source datanode d6fa954d-9233-4334-9bea-1522c897d56a to target datanode 0298b916-6136-4321-989b-5bb354a0b70e
2023-08-30 06:49:52,595 [main] DEBUG balancer.ContainerBalancerTask (ContainerBalancerTask.java:lambda$moveContainer$3(837)) - Container move completed for container #19 from source d6fa954d-9233-4334-9bea-1522c897d56a to target 0298b916-6136-4321-989b-5bb354a0b70e
2023-08-30 06:49:52,598 [main] DEBUG balancer.ContainerBalancerTask (ContainerBalancerTask.java:matchSourceWithTarget(708)) - ContainerBalancer is finding suitable target for source datanode 681ae63e-a876-4c5c-8c02-3bf495d957cd
2023-08-30 06:49:52,598 [main] INFO  balancer.ContainerBalancerTask (ContainerBalancerTask.java:matchSourceWithTarget(722)) - ContainerBalancer matched source datanode 681ae63e-a876-4c5c-8c02-3bf495d957cd with target datanode 0298b916-6136-4321-989b-5bb354a0b70e for container move.
2023-08-30 06:49:52,598 [main] INFO  balancer.ContainerBalancerTask (ContainerBalancerTask.java:processMoveSelection(569)) - ContainerBalancer is trying to move container #70 with size 2147483648B from source datanode 681ae63e-a876-4c5c-8c02-3bf495d957cd to target datanode 0298b916-6136-4321-989b-5bb354a0b70e
2023-08-30 06:49:52,598 [main] DEBUG balancer.ContainerBalancerTask (ContainerBalancerTask.java:lambda$moveContainer$3(837)) - Container move completed for container #70 from source 681ae63e-a876-4c5c-8c02-3bf495d957cd to target 0298b916-6136-4321-989b-5bb354a0b70e
2023-08-30 06:49:52,598 [main] WARN  balancer.ContainerBalancerTask (ContainerBalancerTask.java:reachedMaxSizeToMovePerIteration(733)) - Reached max size to move limit. 53687091200 bytes have already been scheduled for balancing and the limit is 53687091200 bytes.
2023-08-30 06:49:52,598 [main] INFO  balancer.ContainerBalancerTask (ContainerBalancerTask.java:checkIterationMoveResults(642)) - Iteration Summary. Number of Datanodes involved: 5. Size moved: 50 GB (53687091200 Bytes). Number of Container moves completed: 12.
2023-08-30 06:49:52,598 [main] INFO  balancer.ContainerBalancerTask (ContainerBalancerTask.java:balance(259)) - Result of this iteration of Container Balancer: ITERATION_COMPLETED
2023-08-30 06:49:52,599 [main] INFO  balancer.ContainerBalancerTask (ContainerBalancerTask.java:tryStopWithSaveConfiguration(308)) - Save Configuration for stopping. Reason: Completed all iterations.
2023-08-30 06:49:52,599 [main] DEBUG balancer.ContainerBalancerTask (ContainerBalancerTask.java:initializeIteration(374)) - Average utilization of the cluster is 0.38698078579770684
2023-08-30 06:49:52,600 [main] DEBUG balancer.ContainerBalancerTask (ContainerBalancerTask.java:initializeIteration(386)) - Lower limit for utilization is 0.01833466868305761 and Upper limit for utilization is 0.7556269029123561
2023-08-30 06:49:52,600 [main] DEBUG balancer.ContainerBalancerTask (ContainerBalancerTask.java:initializeIteration(398)) - Utilization for node d6fa954d-9233-4334-9bea-1522c897d56a with capacity 68003648853B, used 61203283968B, and remaining 6800364885B is 0.9000000000044115
2023-08-30 06:49:52,600 [main] DEBUG balancer.ContainerBalancerTask (ContainerBalancerTask.java:initializeIteration(398)) - Utilization for node 681ae63e-a876-4c5c-8c02-3bf495d957cd with capacity 87241523200B, used 69793218560B, and remaining 17448304640B is 0.8
2023-08-30 06:49:52,600 [main] DEBUG balancer.ContainerBalancerTask (ContainerBalancerTask.java:initializeIteration(398)) - Utilization for node 19d3f880-e223-44b8-abcc-495fd19dfa86 with capacity 69026260114B, used 48318382080B, and remaining 20707878034B is 0.7000000000028974
2023-08-30 06:49:52,600 [main] DEBUG balancer.ContainerBalancerTask (ContainerBalancerTask.java:initializeIteration(398)) - Utilization for node 1e842003-d8bf-4dba-a164-35eddf1d3511 with capacity 59055800320B, used 35433480192B, and remaining 23622320128B is 0.6
2023-08-30 06:49:52,600 [main] DEBUG balancer.ContainerBalancerTask (ContainerBalancerTask.java:initializeIteration(398)) - Utilization for node 1c4b2f89-40d2-467b-9872-4fa6e5223cd7 with capacity 130996502528B, used 65498251264B, and remaining 65498251264B is 0.5
2023-08-30 06:49:52,600 [main] DEBUG balancer.ContainerBalancerTask (ContainerBalancerTask.java:initializeIteration(398)) - Utilization for node 522d7852-c2b1-4f4d-9914-dde8150cadfe with capacity 64424509440B, used 25769803776B, and remaining 38654705664B is 0.4
2023-08-30 06:49:52,600 [main] DEBUG balancer.ContainerBalancerTask (ContainerBalancerTask.java:initializeIteration(398)) - Utilization for node 58e93824-a32b-4139-b1c8-aad9a9795a7d with capacity 136007297706B, used 40802189312B, and remaining 95205108394B is 0.30000000000147053
2023-08-30 06:49:52,600 [main] DEBUG balancer.ContainerBalancerTask (ContainerBalancerTask.java:initializeIteration(398)) - Utilization for node 4a7a5e61-2b3f-4981-a9a4-6af45d934c18 with capacity 118111600640B, used 23622320128B, and remaining 94489280512B is 0.2
2023-08-30 06:49:52,600 [main] DEBUG balancer.ContainerBalancerTask (ContainerBalancerTask.java:initializeIteration(398)) - Utilization for node 0298b916-6136-4321-989b-5bb354a0b70e with capacity 257698037760B, used 25769803776B, and remaining 231928233984B is 0.1
2023-08-30 06:49:52,600 [main] DEBUG balancer.ContainerBalancerTask (ContainerBalancerTask.java:initializeIteration(398)) - Utilization for node a8dc8e14-51a9-4d83-a5bf-6c6ac6975915 with capacity 33285996544B, used 0B, and remaining 33285996544B is 0.0
2023-08-30 06:49:52,601 [main] INFO  balancer.ContainerBalancerTask (ContainerBalancerTask.java:initializeIteration(447)) - Container Balancer has identified 2 Over-Utilized and 1 Under-Utilized Datanodes that need to be balanced.
2023-08-30 06:49:52,601 [main] DEBUG balancer.ContainerBalancerTask (ContainerBalancerTask.java:lambda$initializeIteration$1(453)) - Datanode localhost-146.188.160.172 d6fa954d-9233-4334-9bea-1522c897d56a is Over-Utilized.
2023-08-30 06:49:52,601 [main] DEBUG balancer.ContainerBalancerTask (ContainerBalancerTask.java:lambda$initializeIteration$1(453)) - Datanode localhost-233.191.17.208 681ae63e-a876-4c5c-8c02-3bf495d957cd is Over-Utilized.
2023-08-30 06:49:52,601 [main] DEBUG balancer.ContainerBalancerTask (ContainerBalancerTask.java:lambda$initializeIteration$2(459)) - Datanode localhost-89.157.111.179 a8dc8e14-51a9-4d83-a5bf-6c6ac6975915 is Under-Utilized.
2023-08-30 06:49:52,603 [main] DEBUG balancer.ContainerBalancerTask (ContainerBalancerTask.java:matchSourceWithTarget(708)) - ContainerBalancer is finding suitable target for source datanode d6fa954d-9233-4334-9bea-1522c897d56a
2023-08-30 06:49:52,604 [main] INFO  balancer.ContainerBalancerTask (ContainerBalancerTask.java:matchSourceWithTarget(722)) - ContainerBalancer matched source datanode d6fa954d-9233-4334-9bea-1522c897d56a with target datanode a8dc8e14-51a9-4d83-a5bf-6c6ac6975915 for container move.
2023-08-30 06:49:52,604 [main] INFO  balancer.ContainerBalancerTask (ContainerBalancerTask.java:processMoveSelection(569)) - ContainerBalancer is trying to move container #85 with size 5368709120B from source datanode d6fa954d-9233-4334-9bea-1522c897d56a to target datanode a8dc8e14-51a9-4d83-a5bf-6c6ac6975915
2023-08-30 06:49:52,604 [main] DEBUG balancer.ContainerBalancerTask (ContainerBalancerTask.java:lambda$moveContainer$3(837)) - Container move completed for container #85 from source d6fa954d-9233-4334-9bea-1522c897d56a to target a8dc8e14-51a9-4d83-a5bf-6c6ac6975915
2023-08-30 06:49:52,606 [main] DEBUG balancer.ContainerBalancerTask (ContainerBalancerTask.java:matchSourceWithTarget(708)) - ContainerBalancer is finding suitable target for source datanode d6fa954d-9233-4334-9bea-1522c897d56a
2023-08-30 06:49:52,607 [main] INFO  balancer.ContainerBalancerTask (ContainerBalancerTask.java:matchSourceWithTarget(722)) - ContainerBalancer matched source datanode d6fa954d-9233-4334-9bea-1522c897d56a with target datanode a8dc8e14-51a9-4d83-a5bf-6c6ac6975915 for container move.
2023-08-30 06:49:52,607 [main] INFO  balancer.ContainerBalancerTask (ContainerBalancerTask.java:processMoveSelection(569)) - ContainerBalancer is trying to move container #53 with size 5368709120B from source datanode d6fa954d-9233-4334-9bea-1522c897d56a to target datanode a8dc8e14-51a9-4d83-a5bf-6c6ac6975915
2023-08-30 06:49:52,607 [main] DEBUG balancer.ContainerBalancerTask (ContainerBalancerTask.java:lambda$moveContainer$3(837)) - Container move completed for container #53 from source d6fa954d-9233-4334-9bea-1522c897d56a to target a8dc8e14-51a9-4d83-a5bf-6c6ac6975915
2023-08-30 06:49:52,610 [main] DEBUG balancer.ContainerBalancerTask (ContainerBalancerTask.java:matchSourceWithTarget(708)) - ContainerBalancer is finding suitable target for source datanode 681ae63e-a876-4c5c-8c02-3bf495d957cd
2023-08-30 06:49:52,610 [main] INFO  balancer.ContainerBalancerTask (ContainerBalancerTask.java:matchSourceWithTarget(722)) - ContainerBalancer matched source datanode 681ae63e-a876-4c5c-8c02-3bf495d957cd with target datanode a8dc8e14-51a9-4d83-a5bf-6c6ac6975915 for container move.
2023-08-30 06:49:52,610 [main] INFO  balancer.ContainerBalancerTask (ContainerBalancerTask.java:processMoveSelection(569)) - ContainerBalancer is trying to move container #68 with size 5368709120B from source datanode 681ae63e-a876-4c5c-8c02-3bf495d957cd to target datanode a8dc8e14-51a9-4d83-a5bf-6c6ac6975915
2023-08-30 06:49:52,610 [main] DEBUG balancer.ContainerBalancerTask (ContainerBalancerTask.java:lambda$moveContainer$3(837)) - Container move completed for container #68 from source 681ae63e-a876-4c5c-8c02-3bf495d957cd to target a8dc8e14-51a9-4d83-a5bf-6c6ac6975915
2023-08-30 06:49:52,613 [main] DEBUG balancer.ContainerBalancerTask (ContainerBalancerTask.java:matchSourceWithTarget(708)) - ContainerBalancer is finding suitable target for source datanode d6fa954d-9233-4334-9bea-1522c897d56a
2023-08-30 06:49:52,613 [main] INFO  balancer.ContainerBalancerTask (ContainerBalancerTask.java:matchSourceWithTarget(722)) - ContainerBalancer matched source datanode d6fa954d-9233-4334-9bea-1522c897d56a with target datanode a8dc8e14-51a9-4d83-a5bf-6c6ac6975915 for container move.
2023-08-30 06:49:52,613 [main] INFO  balancer.ContainerBalancerTask (ContainerBalancerTask.java:processMoveSelection(569)) - ContainerBalancer is trying to move container #29 with size 5368709120B from source datanode d6fa954d-9233-4334-9bea-1522c897d56a to target datanode a8dc8e14-51a9-4d83-a5bf-6c6ac6975915
2023-08-30 06:49:52,613 [main] DEBUG balancer.ContainerBalancerTask (ContainerBalancerTask.java:lambda$moveContainer$3(837)) - Container move completed for container #29 from source d6fa954d-9233-4334-9bea-1522c897d56a to target a8dc8e14-51a9-4d83-a5bf-6c6ac6975915
2023-08-30 06:49:52,616 [main] DEBUG balancer.ContainerBalancerTask (ContainerBalancerTask.java:matchSourceWithTarget(708)) - ContainerBalancer is finding suitable target for source datanode 681ae63e-a876-4c5c-8c02-3bf495d957cd
2023-08-30 06:49:52,617 [main] INFO  balancer.ContainerBalancerTask (ContainerBalancerTask.java:matchSourceWithTarget(722)) - ContainerBalancer matched source datanode 681ae63e-a876-4c5c-8c02-3bf495d957cd with target datanode a8dc8e14-51a9-4d83-a5bf-6c6ac6975915 for container move.
2023-08-30 06:49:52,617 [main] INFO  balancer.ContainerBalancerTask (ContainerBalancerTask.java:processMoveSelection(569)) - ContainerBalancer is trying to move container #88 with size 3221225472B from source datanode 681ae63e-a876-4c5c-8c02-3bf495d957cd to target datanode a8dc8e14-51a9-4d83-a5bf-6c6ac6975915
2023-08-30 06:49:52,617 [main] DEBUG balancer.ContainerBalancerTask (ContainerBalancerTask.java:lambda$moveContainer$3(837)) - Container move completed for container #88 from source 681ae63e-a876-4c5c-8c02-3bf495d957cd to target a8dc8e14-51a9-4d83-a5bf-6c6ac6975915
2023-08-30 06:49:52,620 [main] DEBUG balancer.ContainerBalancerTask (ContainerBalancerTask.java:matchSourceWithTarget(708)) - ContainerBalancer is finding suitable target for source datanode 681ae63e-a876-4c5c-8c02-3bf495d957cd
2023-08-30 06:49:52,620 [main] INFO  balancer.FindTargetGreedyByUsageInfo (AbstractFindTargetGreedy.java:findTargetForContainerMove(133)) - Container Balancer could not find a target for source datanode 681ae63e-a876-4c5c-8c02-3bf495d957cd
2023-08-30 06:49:52,621 [main] DEBUG balancer.ContainerBalancerTask (ContainerBalancerTask.java:matchSourceWithTarget(717)) - ContainerBalancer could not find a suitable target for source node 681ae63e-a876-4c5c-8c02-3bf495d957cd.
2023-08-30 06:49:52,623 [main] DEBUG balancer.ContainerBalancerTask (ContainerBalancerTask.java:matchSourceWithTarget(708)) - ContainerBalancer is finding suitable target for source datanode d6fa954d-9233-4334-9bea-1522c897d56a
2023-08-30 06:49:52,624 [main] INFO  balancer.FindTargetGreedyByUsageInfo (AbstractFindTargetGreedy.java:findTargetForContainerMove(133)) - Container Balancer could not find a target for source datanode d6fa954d-9233-4334-9bea-1522c897d56a
2023-08-30 06:49:52,624 [main] DEBUG balancer.ContainerBalancerTask (ContainerBalancerTask.java:matchSourceWithTarget(717)) - ContainerBalancer could not find a suitable target for source node d6fa954d-9233-4334-9bea-1522c897d56a.
2023-08-30 06:49:52,624 [main] INFO  balancer.FindSourceGreedy (FindSourceGreedy.java:getNextCandidateSourceDataNode(126)) - no more candidate source data node
2023-08-30 06:49:52,624 [main] INFO  balancer.ContainerBalancerTask (ContainerBalancerTask.java:checkIterationMoveResults(642)) - Iteration Summary. Number of Datanodes involved: 3. Size moved: 23 GB (24696061952 Bytes). Number of Container moves completed: 5.
2023-08-30 06:49:52,624 [main] INFO  balancer.ContainerBalancerTask (ContainerBalancerTask.java:balance(259)) - Result of this iteration of Container Balancer: ITERATION_COMPLETED
2023-08-30 06:49:52,625 [main] INFO  balancer.ContainerBalancerTask (ContainerBalancerTask.java:tryStopWithSaveConfiguration(308)) - Save Configuration for stopping. Reason: Completed all iterations.
2023-08-30 06:49:52,625 [main] DEBUG balancer.ContainerBalancerTask (ContainerBalancerTask.java:initializeIteration(374)) - Average utilization of the cluster is 0.38698078579770684
2023-08-30 06:49:52,625 [main] DEBUG balancer.ContainerBalancerTask (ContainerBalancerTask.java:initializeIteration(386)) - Lower limit for utilization is -0.5001959351826846 and Upper limit for utilization is 1.2741575067780981
2023-08-30 06:49:52,626 [main] DEBUG balancer.ContainerBalancerTask (ContainerBalancerTask.java:initializeIteration(398)) - Utilization for node d6fa954d-9233-4334-9bea-1522c897d56a with capacity 68003648853B, used 61203283968B, and remaining 6800364885B is 0.9000000000044115
2023-08-30 06:49:52,626 [main] DEBUG balancer.ContainerBalancerTask (ContainerBalancerTask.java:initializeIteration(398)) - Utilization for node 681ae63e-a876-4c5c-8c02-3bf495d957cd with capacity 87241523200B, used 69793218560B, and remaining 17448304640B is 0.8
2023-08-30 06:49:52,626 [main] DEBUG balancer.ContainerBalancerTask (ContainerBalancerTask.java:initializeIteration(398)) - Utilization for node 19d3f880-e223-44b8-abcc-495fd19dfa86 with capacity 69026260114B, used 48318382080B, and remaining 20707878034B is 0.7000000000028974
2023-08-30 06:49:52,626 [main] DEBUG balancer.ContainerBalancerTask (ContainerBalancerTask.java:initializeIteration(398)) - Utilization for node 1e842003-d8bf-4dba-a164-35eddf1d3511 with capacity 59055800320B, used 35433480192B, and remaining 23622320128B is 0.6
2023-08-30 06:49:52,626 [main] DEBUG balancer.ContainerBalancerTask (ContainerBalancerTask.java:initializeIteration(398)) - Utilization for node 1c4b2f89-40d2-467b-9872-4fa6e5223cd7 with capacity 130996502528B, used 65498251264B, and remaining 65498251264B is 0.5
2023-08-30 06:49:52,626 [main] DEBUG balancer.ContainerBalancerTask (ContainerBalancerTask.java:initializeIteration(398)) - Utilization for node 522d7852-c2b1-4f4d-9914-dde8150cadfe with capacity 64424509440B, used 25769803776B, and remaining 38654705664B is 0.4
2023-08-30 06:49:52,626 [main] DEBUG balancer.ContainerBalancerTask (ContainerBalancerTask.java:initializeIteration(398)) - Utilization for node 58e93824-a32b-4139-b1c8-aad9a9795a7d with capacity 136007297706B, used 40802189312B, and remaining 95205108394B is 0.30000000000147053
2023-08-30 06:49:52,626 [main] DEBUG balancer.ContainerBalancerTask (ContainerBalancerTask.java:initializeIteration(398)) - Utilization for node 4a7a5e61-2b3f-4981-a9a4-6af45d934c18 with capacity 118111600640B, used 23622320128B, and remaining 94489280512B is 0.2
2023-08-30 06:49:52,626 [main] DEBUG balancer.ContainerBalancerTask (ContainerBalancerTask.java:initializeIteration(398)) - Utilization for node 0298b916-6136-4321-989b-5bb354a0b70e with capacity 257698037760B, used 25769803776B, and remaining 231928233984B is 0.1
2023-08-30 06:49:52,626 [main] DEBUG balancer.ContainerBalancerTask (ContainerBalancerTask.java:initializeIteration(398)) - Utilization for node a8dc8e14-51a9-4d83-a5bf-6c6ac6975915 with capacity 33285996544B, used 0B, and remaining 33285996544B is 0.0
2023-08-30 06:49:52,626 [main] INFO  balancer.ContainerBalancerTask (ContainerBalancerTask.java:initializeIteration(443)) - Did not find any unbalanced Datanodes.
2023-08-30 06:49:52,626 [main] INFO  balancer.ContainerBalancerTask (ContainerBalancerTask.java:tryStopWithSaveConfiguration(308)) - Save Configuration for stopping. Reason: Could not initialize ContainerBalancer's iteration number 0
2023-08-30 06:49:52,627 [main] DEBUG balancer.ContainerBalancerTask (ContainerBalancerTask.java:initializeIteration(374)) - Average utilization of the cluster is 0.38698078579770684
2023-08-30 06:49:52,627 [main] DEBUG balancer.ContainerBalancerTask (ContainerBalancerTask.java:initializeIteration(386)) - Lower limit for utilization is -0.37701624722577826 and Upper limit for utilization is 1.1509778188211919
2023-08-30 06:49:52,627 [main] DEBUG balancer.ContainerBalancerTask (ContainerBalancerTask.java:initializeIteration(398)) - Utilization for node d6fa954d-9233-4334-9bea-1522c897d56a with capacity 68003648853B, used 61203283968B, and remaining 6800364885B is 0.9000000000044115
2023-08-30 06:49:52,627 [main] DEBUG balancer.ContainerBalancerTask (ContainerBalancerTask.java:initializeIteration(398)) - Utilization for node 681ae63e-a876-4c5c-8c02-3bf495d957cd with capacity 87241523200B, used 69793218560B, and remaining 17448304640B is 0.8
2023-08-30 06:49:52,627 [main] DEBUG balancer.ContainerBalancerTask (ContainerBalancerTask.java:initializeIteration(398)) - Utilization for node 19d3f880-e223-44b8-abcc-495fd19dfa86 with capacity 69026260114B, used 48318382080B, and remaining 20707878034B is 0.7000000000028974
2023-08-30 06:49:52,628 [main] DEBUG balancer.ContainerBalancerTask (ContainerBalancerTask.java:initializeIteration(398)) - Utilization for node 1e842003-d8bf-4dba-a164-35eddf1d3511 with capacity 59055800320B, used 35433480192B, and remaining 23622320128B is 0.6
2023-08-30 06:49:52,628 [main] DEBUG balancer.ContainerBalancerTask (ContainerBalancerTask.java:initializeIteration(398)) - Utilization for node 1c4b2f89-40d2-467b-9872-4fa6e5223cd7 with capacity 130996502528B, used 65498251264B, and remaining 65498251264B is 0.5
2023-08-30 06:49:52,628 [main] DEBUG balancer.ContainerBalancerTask (ContainerBalancerTask.java:initializeIteration(398)) - Utilization for node 522d7852-c2b1-4f4d-9914-dde8150cadfe with capacity 64424509440B, used 25769803776B, and remaining 38654705664B is 0.4
2023-08-30 06:49:52,628 [main] DEBUG balancer.ContainerBalancerTask (ContainerBalancerTask.java:initializeIteration(398)) - Utilization for node 58e93824-a32b-4139-b1c8-aad9a9795a7d with capacity 136007297706B, used 40802189312B, and remaining 95205108394B is 0.30000000000147053
2023-08-30 06:49:52,628 [main] DEBUG balancer.ContainerBalancerTask (ContainerBalancerTask.java:initializeIteration(398)) - Utilization for node 4a7a5e61-2b3f-4981-a9a4-6af45d934c18 with capacity 118111600640B, used 23622320128B, and remaining 94489280512B is 0.2
2023-08-30 06:49:52,628 [main] DEBUG balancer.ContainerBalancerTask (ContainerBalancerTask.java:initializeIteration(398)) - Utilization for node 0298b916-6136-4321-989b-5bb354a0b70e with capacity 257698037760B, used 25769803776B, and remaining 231928233984B is 0.1
2023-08-30 06:49:52,628 [main] DEBUG balancer.ContainerBalancerTask (ContainerBalancerTask.java:initializeIteration(398)) - Utilization for node a8dc8e14-51a9-4d83-a5bf-6c6ac6975915 with capacity 33285996544B, used 0B, and remaining 33285996544B is 0.0
2023-08-30 06:49:52,630 [main] INFO  balancer.ContainerBalancerTask (ContainerBalancerTask.java:initializeIteration(443)) - Did not find any unbalanced Datanodes.
2023-08-30 06:49:52,630 [main] INFO  balancer.ContainerBalancerTask (ContainerBalancerTask.java:tryStopWithSaveConfiguration(308)) - Save Configuration for stopping. Reason: Could not initialize ContainerBalancer's iteration number 0
2023-08-30 06:49:52,631 [main] DEBUG balancer.ContainerBalancerTask (ContainerBalancerTask.java:initializeIteration(374)) - Average utilization of the cluster is 0.38698078579770684
2023-08-30 06:49:52,631 [main] DEBUG balancer.ContainerBalancerTask (ContainerBalancerTask.java:initializeIteration(386)) - Lower limit for utilization is 0.07161193205708355 and Upper limit for utilization is 0.7023496395383302
2023-08-30 06:49:52,631 [main] DEBUG balancer.ContainerBalancerTask (ContainerBalancerTask.java:initializeIteration(398)) - Utilization for node d6fa954d-9233-4334-9bea-1522c897d56a with capacity 68003648853B, used 61203283968B, and remaining 6800364885B is 0.9000000000044115
2023-08-30 06:49:52,631 [main] DEBUG balancer.ContainerBalancerTask (ContainerBalancerTask.java:initializeIteration(398)) - Utilization for node 681ae63e-a876-4c5c-8c02-3bf495d957cd with capacity 87241523200B, used 69793218560B, and remaining 17448304640B is 0.8
2023-08-30 06:49:52,631 [main] DEBUG balancer.ContainerBalancerTask (ContainerBalancerTask.java:initializeIteration(398)) - Utilization for node 19d3f880-e223-44b8-abcc-495fd19dfa86 with capacity 69026260114B, used 48318382080B, and remaining 20707878034B is 0.7000000000028974
2023-08-30 06:49:52,631 [main] DEBUG balancer.ContainerBalancerTask (ContainerBalancerTask.java:initializeIteration(398)) - Utilization for node 1e842003-d8bf-4dba-a164-35eddf1d3511 with capacity 59055800320B, used 35433480192B, and remaining 23622320128B is 0.6
2023-08-30 06:49:52,632 [main] DEBUG balancer.ContainerBalancerTask (ContainerBalancerTask.java:initializeIteration(398)) - Utilization for node 1c4b2f89-40d2-467b-9872-4fa6e5223cd7 with capacity 130996502528B, used 65498251264B, and remaining 65498251264B is 0.5
2023-08-30 06:49:52,632 [main] DEBUG balancer.ContainerBalancerTask (ContainerBalancerTask.java:initializeIteration(398)) - Utilization for node 522d7852-c2b1-4f4d-9914-dde8150cadfe with capacity 64424509440B, used 25769803776B, and remaining 38654705664B is 0.4
2023-08-30 06:49:52,632 [main] DEBUG balancer.ContainerBalancerTask (ContainerBalancerTask.java:initializeIteration(398)) - Utilization for node 58e93824-a32b-4139-b1c8-aad9a9795a7d with capacity 136007297706B, used 40802189312B, and remaining 95205108394B is 0.30000000000147053
2023-08-30 06:49:52,632 [main] DEBUG balancer.ContainerBalancerTask (ContainerBalancerTask.java:initializeIteration(398)) - Utilization for node 4a7a5e61-2b3f-4981-a9a4-6af45d934c18 with capacity 118111600640B, used 23622320128B, and remaining 94489280512B is 0.2
2023-08-30 06:49:52,632 [main] DEBUG balancer.ContainerBalancerTask (ContainerBalancerTask.java:initializeIteration(398)) - Utilization for node 0298b916-6136-4321-989b-5bb354a0b70e with capacity 257698037760B, used 25769803776B, and remaining 231928233984B is 0.1
2023-08-30 06:49:52,632 [main] DEBUG balancer.ContainerBalancerTask (ContainerBalancerTask.java:initializeIteration(398)) - Utilization for node a8dc8e14-51a9-4d83-a5bf-6c6ac6975915 with capacity 33285996544B, used 0B, and remaining 33285996544B is 0.0
2023-08-30 06:49:52,632 [main] INFO  balancer.ContainerBalancerTask (ContainerBalancerTask.java:initializeIteration(447)) - Container Balancer has identified 2 Over-Utilized and 1 Under-Utilized Datanodes that need to be balanced.
2023-08-30 06:49:52,632 [main] DEBUG balancer.ContainerBalancerTask (ContainerBalancerTask.java:lambda$initializeIteration$1(453)) - Datanode localhost-146.188.160.172 d6fa954d-9233-4334-9bea-1522c897d56a is Over-Utilized.
2023-08-30 06:49:52,632 [main] DEBUG balancer.ContainerBalancerTask (ContainerBalancerTask.java:lambda$initializeIteration$1(453)) - Datanode localhost-233.191.17.208 681ae63e-a876-4c5c-8c02-3bf495d957cd is Over-Utilized.
2023-08-30 06:49:52,632 [main] DEBUG balancer.ContainerBalancerTask (ContainerBalancerTask.java:lambda$initializeIteration$2(459)) - Datanode localhost-89.157.111.179 a8dc8e14-51a9-4d83-a5bf-6c6ac6975915 is Under-Utilized.
2023-08-30 06:49:52,635 [main] DEBUG balancer.ContainerBalancerTask (ContainerBalancerTask.java:matchSourceWithTarget(708)) - ContainerBalancer is finding suitable target for source datanode d6fa954d-9233-4334-9bea-1522c897d56a
2023-08-30 06:49:52,635 [main] INFO  balancer.ContainerBalancerTask (ContainerBalancerTask.java:matchSourceWithTarget(722)) - ContainerBalancer matched source datanode d6fa954d-9233-4334-9bea-1522c897d56a with target datanode a8dc8e14-51a9-4d83-a5bf-6c6ac6975915 for container move.
2023-08-30 06:49:52,635 [main] INFO  balancer.ContainerBalancerTask (ContainerBalancerTask.java:processMoveSelection(569)) - ContainerBalancer is trying to move container #85 with size 5368709120B from source datanode d6fa954d-9233-4334-9bea-1522c897d56a to target datanode a8dc8e14-51a9-4d83-a5bf-6c6ac6975915
2023-08-30 06:49:52,635 [main] DEBUG balancer.ContainerBalancerTask (ContainerBalancerTask.java:lambda$moveContainer$3(837)) - Container move completed for container #85 from source d6fa954d-9233-4334-9bea-1522c897d56a to target a8dc8e14-51a9-4d83-a5bf-6c6ac6975915
2023-08-30 06:49:52,638 [main] DEBUG balancer.ContainerBalancerTask (ContainerBalancerTask.java:matchSourceWithTarget(708)) - ContainerBalancer is finding suitable target for source datanode d6fa954d-9233-4334-9bea-1522c897d56a
2023-08-30 06:49:52,638 [main] INFO  balancer.ContainerBalancerTask (ContainerBalancerTask.java:matchSourceWithTarget(722)) - ContainerBalancer matched source datanode d6fa954d-9233-4334-9bea-1522c897d56a with target datanode a8dc8e14-51a9-4d83-a5bf-6c6ac6975915 for container move.
2023-08-30 06:49:52,638 [main] INFO  balancer.ContainerBalancerTask (ContainerBalancerTask.java:processMoveSelection(569)) - ContainerBalancer is trying to move container #53 with size 5368709120B from source datanode d6fa954d-9233-4334-9bea-1522c897d56a to target datanode a8dc8e14-51a9-4d83-a5bf-6c6ac6975915
2023-08-30 06:49:52,638 [main] DEBUG balancer.ContainerBalancerTask (ContainerBalancerTask.java:lambda$moveContainer$3(837)) - Container move completed for container #53 from source d6fa954d-9233-4334-9bea-1522c897d56a to target a8dc8e14-51a9-4d83-a5bf-6c6ac6975915
2023-08-30 06:49:52,641 [main] DEBUG balancer.ContainerBalancerTask (ContainerBalancerTask.java:matchSourceWithTarget(708)) - ContainerBalancer is finding suitable target for source datanode 681ae63e-a876-4c5c-8c02-3bf495d957cd
2023-08-30 06:49:52,641 [main] INFO  balancer.ContainerBalancerTask (ContainerBalancerTask.java:matchSourceWithTarget(722)) - ContainerBalancer matched source datanode 681ae63e-a876-4c5c-8c02-3bf495d957cd with target datanode a8dc8e14-51a9-4d83-a5bf-6c6ac6975915 for container move.
2023-08-30 06:49:52,642 [main] INFO  balancer.ContainerBalancerTask (ContainerBalancerTask.java:processMoveSelection(569)) - ContainerBalancer is trying to move container #68 with size 5368709120B from source datanode 681ae63e-a876-4c5c-8c02-3bf495d957cd to target datanode a8dc8e14-51a9-4d83-a5bf-6c6ac6975915
2023-08-30 06:49:52,642 [main] DEBUG balancer.ContainerBalancerTask (ContainerBalancerTask.java:lambda$moveContainer$3(837)) - Container move completed for container #68 from source 681ae63e-a876-4c5c-8c02-3bf495d957cd to target a8dc8e14-51a9-4d83-a5bf-6c6ac6975915
2023-08-30 06:49:52,644 [main] DEBUG balancer.ContainerBalancerTask (ContainerBalancerTask.java:matchSourceWithTarget(708)) - ContainerBalancer is finding suitable target for source datanode d6fa954d-9233-4334-9bea-1522c897d56a
2023-08-30 06:49:52,644 [main] INFO  balancer.ContainerBalancerTask (ContainerBalancerTask.java:matchSourceWithTarget(722)) - ContainerBalancer matched source datanode d6fa954d-9233-4334-9bea-1522c897d56a with target datanode a8dc8e14-51a9-4d83-a5bf-6c6ac6975915 for container move.
2023-08-30 06:49:52,645 [main] INFO  balancer.ContainerBalancerTask (ContainerBalancerTask.java:processMoveSelection(569)) - ContainerBalancer is trying to move container #29 with size 5368709120B from source datanode d6fa954d-9233-4334-9bea-1522c897d56a to target datanode a8dc8e14-51a9-4d83-a5bf-6c6ac6975915
2023-08-30 06:49:52,645 [main] DEBUG balancer.ContainerBalancerTask (ContainerBalancerTask.java:lambda$moveContainer$3(837)) - Container move completed for container #29 from source d6fa954d-9233-4334-9bea-1522c897d56a to target a8dc8e14-51a9-4d83-a5bf-6c6ac6975915
2023-08-30 06:49:52,648 [main] DEBUG balancer.ContainerBalancerTask (ContainerBalancerTask.java:matchSourceWithTarget(708)) - ContainerBalancer is finding suitable target for source datanode 681ae63e-a876-4c5c-8c02-3bf495d957cd
2023-08-30 06:49:52,648 [main] INFO  balancer.ContainerBalancerTask (ContainerBalancerTask.java:matchSourceWithTarget(722)) - ContainerBalancer matched source datanode 681ae63e-a876-4c5c-8c02-3bf495d957cd with target datanode a8dc8e14-51a9-4d83-a5bf-6c6ac6975915 for container move.
2023-08-30 06:49:52,648 [main] INFO  balancer.ContainerBalancerTask (ContainerBalancerTask.java:processMoveSelection(569)) - ContainerBalancer is trying to move container #69 with size 1073741824B from source datanode 681ae63e-a876-4c5c-8c02-3bf495d957cd to target datanode a8dc8e14-51a9-4d83-a5bf-6c6ac6975915
2023-08-30 06:49:52,649 [main] DEBUG balancer.ContainerBalancerTask (ContainerBalancerTask.java:lambda$moveContainer$3(837)) - Container move completed for container #69 from source 681ae63e-a876-4c5c-8c02-3bf495d957cd to target a8dc8e14-51a9-4d83-a5bf-6c6ac6975915
2023-08-30 06:49:52,651 [main] DEBUG balancer.ContainerBalancerTask (ContainerBalancerTask.java:matchSourceWithTarget(708)) - ContainerBalancer is finding suitable target for source datanode 681ae63e-a876-4c5c-8c02-3bf495d957cd
2023-08-30 06:49:52,652 [main] INFO  balancer.FindTargetGreedyByUsageInfo (AbstractFindTargetGreedy.java:findTargetForContainerMove(133)) - Container Balancer could not find a target for source datanode 681ae63e-a876-4c5c-8c02-3bf495d957cd
2023-08-30 06:49:52,652 [main] DEBUG balancer.ContainerBalancerTask (ContainerBalancerTask.java:matchSourceWithTarget(717)) - ContainerBalancer could not find a suitable target for source node 681ae63e-a876-4c5c-8c02-3bf495d957cd.
2023-08-30 06:49:52,655 [main] DEBUG balancer.ContainerBalancerTask (ContainerBalancerTask.java:matchSourceWithTarget(708)) - ContainerBalancer is finding suitable target for source datanode d6fa954d-9233-4334-9bea-1522c897d56a
2023-08-30 06:49:52,656 [main] INFO  balancer.FindTargetGreedyByUsageInfo (AbstractFindTargetGreedy.java:findTargetForContainerMove(133)) - Container Balancer could not find a target for source datanode d6fa954d-9233-4334-9bea-1522c897d56a
2023-08-30 06:49:52,656 [main] DEBUG balancer.ContainerBalancerTask (ContainerBalancerTask.java:matchSourceWithTarget(717)) - ContainerBalancer could not find a suitable target for source node d6fa954d-9233-4334-9bea-1522c897d56a.
2023-08-30 06:49:52,656 [main] INFO  balancer.FindSourceGreedy (FindSourceGreedy.java:getNextCandidateSourceDataNode(126)) - no more candidate source data node
2023-08-30 06:49:52,656 [main] INFO  balancer.ContainerBalancerTask (ContainerBalancerTask.java:checkIterationMoveResults(642)) - Iteration Summary. Number of Datanodes involved: 3. Size moved: 21 GB (22548578304 Bytes). Number of Container moves completed: 5.
2023-08-30 06:49:52,656 [main] INFO  balancer.ContainerBalancerTask (ContainerBalancerTask.java:balance(259)) - Result of this iteration of Container Balancer: ITERATION_COMPLETED
2023-08-30 06:49:52,656 [main] INFO  balancer.ContainerBalancerTask (ContainerBalancerTask.java:tryStopWithSaveConfiguration(308)) - Save Configuration for stopping. Reason: Completed all iterations.
2023-08-30 06:49:52,657 [main] DEBUG balancer.ContainerBalancerTask (ContainerBalancerTask.java:initializeIteration(374)) - Average utilization of the cluster is 0.38698078579770684
2023-08-30 06:49:52,657 [main] DEBUG balancer.ContainerBalancerTask (ContainerBalancerTask.java:initializeIteration(386)) - Lower limit for utilization is 0.06985441972757594 and Upper limit for utilization is 0.7041071518678377
2023-08-30 06:49:52,657 [main] DEBUG balancer.ContainerBalancerTask (ContainerBalancerTask.java:initializeIteration(398)) - Utilization for node d6fa954d-9233-4334-9bea-1522c897d56a with capacity 68003648853B, used 61203283968B, and remaining 6800364885B is 0.9000000000044115
2023-08-30 06:49:52,657 [main] DEBUG balancer.ContainerBalancerTask (ContainerBalancerTask.java:initializeIteration(398)) - Utilization for node 681ae63e-a876-4c5c-8c02-3bf495d957cd with capacity 87241523200B, used 69793218560B, and remaining 17448304640B is 0.8
2023-08-30 06:49:52,657 [main] DEBUG balancer.ContainerBalancerTask (ContainerBalancerTask.java:initializeIteration(398)) - Utilization for node 19d3f880-e223-44b8-abcc-495fd19dfa86 with capacity 69026260114B, used 48318382080B, and remaining 20707878034B is 0.7000000000028974
2023-08-30 06:49:52,657 [main] DEBUG balancer.ContainerBalancerTask (ContainerBalancerTask.java:initializeIteration(398)) - Utilization for node 1e842003-d8bf-4dba-a164-35eddf1d3511 with capacity 59055800320B, used 35433480192B, and remaining 23622320128B is 0.6
2023-08-30 06:49:52,657 [main] DEBUG balancer.ContainerBalancerTask (ContainerBalancerTask.java:initializeIteration(398)) - Utilization for node 1c4b2f89-40d2-467b-9872-4fa6e5223cd7 with capacity 130996502528B, used 65498251264B, and remaining 65498251264B is 0.5
2023-08-30 06:49:52,657 [main] DEBUG balancer.ContainerBalancerTask (ContainerBalancerTask.java:initializeIteration(398)) - Utilization for node 522d7852-c2b1-4f4d-9914-dde8150cadfe with capacity 64424509440B, used 25769803776B, and remaining 38654705664B is 0.4
2023-08-30 06:49:52,658 [main] DEBUG balancer.ContainerBalancerTask (ContainerBalancerTask.java:initializeIteration(398)) - Utilization for node 58e93824-a32b-4139-b1c8-aad9a9795a7d with capacity 136007297706B, used 40802189312B, and remaining 95205108394B is 0.30000000000147053
2023-08-30 06:49:52,658 [main] DEBUG balancer.ContainerBalancerTask (ContainerBalancerTask.java:initializeIteration(398)) - Utilization for node 4a7a5e61-2b3f-4981-a9a4-6af45d934c18 with capacity 118111600640B, used 23622320128B, and remaining 94489280512B is 0.2
2023-08-30 06:49:52,658 [main] DEBUG balancer.ContainerBalancerTask (ContainerBalancerTask.java:initializeIteration(398)) - Utilization for node 0298b916-6136-4321-989b-5bb354a0b70e with capacity 257698037760B, used 25769803776B, and remaining 231928233984B is 0.1
2023-08-30 06:49:52,658 [main] DEBUG balancer.ContainerBalancerTask (ContainerBalancerTask.java:initializeIteration(398)) - Utilization for node a8dc8e14-51a9-4d83-a5bf-6c6ac6975915 with capacity 33285996544B, used 0B, and remaining 33285996544B is 0.0
2023-08-30 06:49:52,658 [main] INFO  balancer.ContainerBalancerTask (ContainerBalancerTask.java:initializeIteration(447)) - Container Balancer has identified 2 Over-Utilized and 1 Under-Utilized Datanodes that need to be balanced.
2023-08-30 06:49:52,658 [main] DEBUG balancer.ContainerBalancerTask (ContainerBalancerTask.java:lambda$initializeIteration$1(453)) - Datanode localhost-146.188.160.172 d6fa954d-9233-4334-9bea-1522c897d56a is Over-Utilized.
2023-08-30 06:49:52,658 [main] DEBUG balancer.ContainerBalancerTask (ContainerBalancerTask.java:lambda$initializeIteration$1(453)) - Datanode localhost-233.191.17.208 681ae63e-a876-4c5c-8c02-3bf495d957cd is Over-Utilized.
2023-08-30 06:49:52,658 [main] DEBUG balancer.ContainerBalancerTask (ContainerBalancerTask.java:lambda$initializeIteration$2(459)) - Datanode localhost-89.157.111.179 a8dc8e14-51a9-4d83-a5bf-6c6ac6975915 is Under-Utilized.
2023-08-30 06:49:52,661 [main] DEBUG balancer.ContainerBalancerTask (ContainerBalancerTask.java:matchSourceWithTarget(708)) - ContainerBalancer is finding suitable target for source datanode d6fa954d-9233-4334-9bea-1522c897d56a
2023-08-30 06:49:52,661 [main] INFO  balancer.ContainerBalancerTask (ContainerBalancerTask.java:matchSourceWithTarget(722)) - ContainerBalancer matched source datanode d6fa954d-9233-4334-9bea-1522c897d56a with target datanode a8dc8e14-51a9-4d83-a5bf-6c6ac6975915 for container move.
2023-08-30 06:49:52,661 [main] INFO  balancer.ContainerBalancerTask (ContainerBalancerTask.java:processMoveSelection(569)) - ContainerBalancer is trying to move container #85 with size 5368709120B from source datanode d6fa954d-9233-4334-9bea-1522c897d56a to target datanode a8dc8e14-51a9-4d83-a5bf-6c6ac6975915
2023-08-30 06:49:52,661 [main] DEBUG balancer.ContainerBalancerTask (ContainerBalancerTask.java:lambda$moveContainer$3(837)) - Container move completed for container #85 from source d6fa954d-9233-4334-9bea-1522c897d56a to target a8dc8e14-51a9-4d83-a5bf-6c6ac6975915
2023-08-30 06:49:52,664 [main] DEBUG balancer.ContainerBalancerTask (ContainerBalancerTask.java:matchSourceWithTarget(708)) - ContainerBalancer is finding suitable target for source datanode d6fa954d-9233-4334-9bea-1522c897d56a
2023-08-30 06:49:52,664 [main] INFO  balancer.ContainerBalancerTask (ContainerBalancerTask.java:matchSourceWithTarget(722)) - ContainerBalancer matched source datanode d6fa954d-9233-4334-9bea-1522c897d56a with target datanode a8dc8e14-51a9-4d83-a5bf-6c6ac6975915 for container move.
2023-08-30 06:49:52,664 [main] INFO  balancer.ContainerBalancerTask (ContainerBalancerTask.java:processMoveSelection(569)) - ContainerBalancer is trying to move container #53 with size 5368709120B from source datanode d6fa954d-9233-4334-9bea-1522c897d56a to target datanode a8dc8e14-51a9-4d83-a5bf-6c6ac6975915
2023-08-30 06:49:52,664 [main] DEBUG balancer.ContainerBalancerTask (ContainerBalancerTask.java:lambda$moveContainer$3(837)) - Container move completed for container #53 from source d6fa954d-9233-4334-9bea-1522c897d56a to target a8dc8e14-51a9-4d83-a5bf-6c6ac6975915
2023-08-30 06:49:52,667 [main] DEBUG balancer.ContainerBalancerTask (ContainerBalancerTask.java:matchSourceWithTarget(708)) - ContainerBalancer is finding suitable target for source datanode 681ae63e-a876-4c5c-8c02-3bf495d957cd
2023-08-30 06:49:52,667 [main] INFO  balancer.ContainerBalancerTask (ContainerBalancerTask.java:matchSourceWithTarget(722)) - ContainerBalancer matched source datanode 681ae63e-a876-4c5c-8c02-3bf495d957cd with target datanode a8dc8e14-51a9-4d83-a5bf-6c6ac6975915 for container move.
2023-08-30 06:49:52,667 [main] INFO  balancer.ContainerBalancerTask (ContainerBalancerTask.java:processMoveSelection(569)) - ContainerBalancer is trying to move container #68 with size 5368709120B from source datanode 681ae63e-a876-4c5c-8c02-3bf495d957cd to target datanode a8dc8e14-51a9-4d83-a5bf-6c6ac6975915
2023-08-30 06:49:52,668 [main] DEBUG balancer.ContainerBalancerTask (ContainerBalancerTask.java:lambda$moveContainer$3(837)) - Container move completed for container #68 from source 681ae63e-a876-4c5c-8c02-3bf495d957cd to target a8dc8e14-51a9-4d83-a5bf-6c6ac6975915
2023-08-30 06:49:52,670 [main] DEBUG balancer.ContainerBalancerTask (ContainerBalancerTask.java:matchSourceWithTarget(708)) - ContainerBalancer is finding suitable target for source datanode d6fa954d-9233-4334-9bea-1522c897d56a
2023-08-30 06:49:52,670 [main] INFO  balancer.ContainerBalancerTask (ContainerBalancerTask.java:matchSourceWithTarget(722)) - ContainerBalancer matched source datanode d6fa954d-9233-4334-9bea-1522c897d56a with target datanode a8dc8e14-51a9-4d83-a5bf-6c6ac6975915 for container move.
2023-08-30 06:49:52,671 [main] INFO  balancer.ContainerBalancerTask (ContainerBalancerTask.java:processMoveSelection(569)) - ContainerBalancer is trying to move container #29 with size 5368709120B from source datanode d6fa954d-9233-4334-9bea-1522c897d56a to target datanode a8dc8e14-51a9-4d83-a5bf-6c6ac6975915
2023-08-30 06:49:52,671 [main] DEBUG balancer.ContainerBalancerTask (ContainerBalancerTask.java:lambda$moveContainer$3(837)) - Container move completed for container #29 from source d6fa954d-9233-4334-9bea-1522c897d56a to target a8dc8e14-51a9-4d83-a5bf-6c6ac6975915
2023-08-30 06:49:52,673 [main] DEBUG balancer.ContainerBalancerTask (ContainerBalancerTask.java:matchSourceWithTarget(708)) - ContainerBalancer is finding suitable target for source datanode 681ae63e-a876-4c5c-8c02-3bf495d957cd
2023-08-30 06:49:52,674 [main] INFO  balancer.ContainerBalancerTask (ContainerBalancerTask.java:matchSourceWithTarget(722)) - ContainerBalancer matched source datanode 681ae63e-a876-4c5c-8c02-3bf495d957cd with target datanode a8dc8e14-51a9-4d83-a5bf-6c6ac6975915 for container move.
2023-08-30 06:49:52,674 [main] INFO  balancer.ContainerBalancerTask (ContainerBalancerTask.java:processMoveSelection(569)) - ContainerBalancer is trying to move container #69 with size 1073741824B from source datanode 681ae63e-a876-4c5c-8c02-3bf495d957cd to target datanode a8dc8e14-51a9-4d83-a5bf-6c6ac6975915
2023-08-30 06:49:52,674 [main] DEBUG balancer.ContainerBalancerTask (ContainerBalancerTask.java:lambda$moveContainer$3(837)) - Container move completed for container #69 from source 681ae63e-a876-4c5c-8c02-3bf495d957cd to target a8dc8e14-51a9-4d83-a5bf-6c6ac6975915
2023-08-30 06:49:52,678 [main] DEBUG balancer.ContainerBalancerTask (ContainerBalancerTask.java:matchSourceWithTarget(708)) - ContainerBalancer is finding suitable target for source datanode 681ae63e-a876-4c5c-8c02-3bf495d957cd
2023-08-30 06:49:52,679 [main] INFO  balancer.FindTargetGreedyByUsageInfo (AbstractFindTargetGreedy.java:findTargetForContainerMove(133)) - Container Balancer could not find a target for source datanode 681ae63e-a876-4c5c-8c02-3bf495d957cd
2023-08-30 06:49:52,679 [main] DEBUG balancer.ContainerBalancerTask (ContainerBalancerTask.java:matchSourceWithTarget(717)) - ContainerBalancer could not find a suitable target for source node 681ae63e-a876-4c5c-8c02-3bf495d957cd.
2023-08-30 06:49:52,681 [main] DEBUG balancer.ContainerBalancerTask (ContainerBalancerTask.java:matchSourceWithTarget(708)) - ContainerBalancer is finding suitable target for source datanode d6fa954d-9233-4334-9bea-1522c897d56a
2023-08-30 06:49:52,682 [main] INFO  balancer.FindTargetGreedyByUsageInfo (AbstractFindTargetGreedy.java:findTargetForContainerMove(133)) - Container Balancer could not find a target for source datanode d6fa954d-9233-4334-9bea-1522c897d56a
2023-08-30 06:49:52,682 [main] DEBUG balancer.ContainerBalancerTask (ContainerBalancerTask.java:matchSourceWithTarget(717)) - ContainerBalancer could not find a suitable target for source node d6fa954d-9233-4334-9bea-1522c897d56a.
2023-08-30 06:49:52,683 [main] INFO  balancer.FindSourceGreedy (FindSourceGreedy.java:getNextCandidateSourceDataNode(126)) - no more candidate source data node
2023-08-30 06:49:52,683 [main] INFO  balancer.ContainerBalancerTask (ContainerBalancerTask.java:checkIterationMoveResults(642)) - Iteration Summary. Number of Datanodes involved: 3. Size moved: 21 GB (22548578304 Bytes). Number of Container moves completed: 5.
2023-08-30 06:49:52,683 [main] INFO  balancer.ContainerBalancerTask (ContainerBalancerTask.java:balance(259)) - Result of this iteration of Container Balancer: ITERATION_COMPLETED
2023-08-30 06:49:52,683 [main] INFO  balancer.ContainerBalancerTask (ContainerBalancerTask.java:tryStopWithSaveConfiguration(308)) - Save Configuration for stopping. Reason: Completed all iterations.
2023-08-30 06:49:52,684 [main] DEBUG balancer.ContainerBalancerTask (ContainerBalancerTask.java:initializeIteration(374)) - Average utilization of the cluster is 0.38698078579770684
2023-08-30 06:49:52,684 [main] DEBUG balancer.ContainerBalancerTask (ContainerBalancerTask.java:initializeIteration(386)) - Lower limit for utilization is 0.09393970743750285 and Upper limit for utilization is 0.6800218641579108
2023-08-30 06:49:52,684 [main] DEBUG balancer.ContainerBalancerTask (ContainerBalancerTask.java:initializeIteration(398)) - Utilization for node d6fa954d-9233-4334-9bea-1522c897d56a with capacity 68003648853B, used 61203283968B, and remaining 6800364885B is 0.9000000000044115
2023-08-30 06:49:52,684 [main] DEBUG balancer.ContainerBalancerTask (ContainerBalancerTask.java:initializeIteration(398)) - Utilization for node 681ae63e-a876-4c5c-8c02-3bf495d957cd with capacity 87241523200B, used 69793218560B, and remaining 17448304640B is 0.8
2023-08-30 06:49:52,684 [main] DEBUG balancer.ContainerBalancerTask (ContainerBalancerTask.java:initializeIteration(398)) - Utilization for node 19d3f880-e223-44b8-abcc-495fd19dfa86 with capacity 69026260114B, used 48318382080B, and remaining 20707878034B is 0.7000000000028974
2023-08-30 06:49:52,684 [main] DEBUG balancer.ContainerBalancerTask (ContainerBalancerTask.java:initializeIteration(398)) - Utilization for node 1e842003-d8bf-4dba-a164-35eddf1d3511 with capacity 59055800320B, used 35433480192B, and remaining 23622320128B is 0.6
2023-08-30 06:49:52,684 [main] DEBUG balancer.ContainerBalancerTask (ContainerBalancerTask.java:initializeIteration(398)) - Utilization for node 1c4b2f89-40d2-467b-9872-4fa6e5223cd7 with capacity 130996502528B, used 65498251264B, and remaining 65498251264B is 0.5
2023-08-30 06:49:52,684 [main] DEBUG balancer.ContainerBalancerTask (ContainerBalancerTask.java:initializeIteration(398)) - Utilization for node 522d7852-c2b1-4f4d-9914-dde8150cadfe with capacity 64424509440B, used 25769803776B, and remaining 38654705664B is 0.4
2023-08-30 06:49:52,684 [main] DEBUG balancer.ContainerBalancerTask (ContainerBalancerTask.java:initializeIteration(398)) - Utilization for node 58e93824-a32b-4139-b1c8-aad9a9795a7d with capacity 136007297706B, used 40802189312B, and remaining 95205108394B is 0.30000000000147053
2023-08-30 06:49:52,684 [main] DEBUG balancer.ContainerBalancerTask (ContainerBalancerTask.java:initializeIteration(398)) - Utilization for node 4a7a5e61-2b3f-4981-a9a4-6af45d934c18 with capacity 118111600640B, used 23622320128B, and remaining 94489280512B is 0.2
2023-08-30 06:49:52,685 [main] DEBUG balancer.ContainerBalancerTask (ContainerBalancerTask.java:initializeIteration(398)) - Utilization for node 0298b916-6136-4321-989b-5bb354a0b70e with capacity 257698037760B, used 25769803776B, and remaining 231928233984B is 0.1
2023-08-30 06:49:52,685 [main] DEBUG balancer.ContainerBalancerTask (ContainerBalancerTask.java:initializeIteration(398)) - Utilization for node a8dc8e14-51a9-4d83-a5bf-6c6ac6975915 with capacity 33285996544B, used 0B, and remaining 33285996544B is 0.0
2023-08-30 06:49:52,685 [main] INFO  balancer.ContainerBalancerTask (ContainerBalancerTask.java:initializeIteration(447)) - Container Balancer has identified 3 Over-Utilized and 1 Under-Utilized Datanodes that need to be balanced.
2023-08-30 06:49:52,685 [main] DEBUG balancer.ContainerBalancerTask (ContainerBalancerTask.java:lambda$initializeIteration$1(453)) - Datanode localhost-146.188.160.172 d6fa954d-9233-4334-9bea-1522c897d56a is Over-Utilized.
2023-08-30 06:49:52,685 [main] DEBUG balancer.ContainerBalancerTask (ContainerBalancerTask.java:lambda$initializeIteration$1(453)) - Datanode localhost-233.191.17.208 681ae63e-a876-4c5c-8c02-3bf495d957cd is Over-Utilized.
2023-08-30 06:49:52,685 [main] DEBUG balancer.ContainerBalancerTask (ContainerBalancerTask.java:lambda$initializeIteration$1(453)) - Datanode localhost-123.88.214.81 19d3f880-e223-44b8-abcc-495fd19dfa86 is Over-Utilized.
2023-08-30 06:49:52,685 [main] DEBUG balancer.ContainerBalancerTask (ContainerBalancerTask.java:lambda$initializeIteration$2(459)) - Datanode localhost-89.157.111.179 a8dc8e14-51a9-4d83-a5bf-6c6ac6975915 is Under-Utilized.
2023-08-30 06:49:52,688 [main] DEBUG balancer.ContainerBalancerTask (ContainerBalancerTask.java:matchSourceWithTarget(708)) - ContainerBalancer is finding suitable target for source datanode d6fa954d-9233-4334-9bea-1522c897d56a
2023-08-30 06:49:52,688 [main] INFO  balancer.ContainerBalancerTask (ContainerBalancerTask.java:matchSourceWithTarget(722)) - ContainerBalancer matched source datanode d6fa954d-9233-4334-9bea-1522c897d56a with target datanode a8dc8e14-51a9-4d83-a5bf-6c6ac6975915 for container move.
2023-08-30 06:49:52,688 [main] INFO  balancer.ContainerBalancerTask (ContainerBalancerTask.java:processMoveSelection(569)) - ContainerBalancer is trying to move container #85 with size 5368709120B from source datanode d6fa954d-9233-4334-9bea-1522c897d56a to target datanode a8dc8e14-51a9-4d83-a5bf-6c6ac6975915
2023-08-30 06:49:52,688 [main] DEBUG balancer.ContainerBalancerTask (ContainerBalancerTask.java:lambda$moveContainer$3(837)) - Container move completed for container #85 from source d6fa954d-9233-4334-9bea-1522c897d56a to target a8dc8e14-51a9-4d83-a5bf-6c6ac6975915
2023-08-30 06:49:52,691 [main] DEBUG balancer.ContainerBalancerTask (ContainerBalancerTask.java:matchSourceWithTarget(708)) - ContainerBalancer is finding suitable target for source datanode d6fa954d-9233-4334-9bea-1522c897d56a
2023-08-30 06:49:52,691 [main] INFO  balancer.ContainerBalancerTask (ContainerBalancerTask.java:matchSourceWithTarget(722)) - ContainerBalancer matched source datanode d6fa954d-9233-4334-9bea-1522c897d56a with target datanode a8dc8e14-51a9-4d83-a5bf-6c6ac6975915 for container move.
2023-08-30 06:49:52,691 [main] INFO  balancer.ContainerBalancerTask (ContainerBalancerTask.java:processMoveSelection(569)) - ContainerBalancer is trying to move container #53 with size 5368709120B from source datanode d6fa954d-9233-4334-9bea-1522c897d56a to target datanode a8dc8e14-51a9-4d83-a5bf-6c6ac6975915
2023-08-30 06:49:52,691 [main] DEBUG balancer.ContainerBalancerTask (ContainerBalancerTask.java:lambda$moveContainer$3(837)) - Container move completed for container #53 from source d6fa954d-9233-4334-9bea-1522c897d56a to target a8dc8e14-51a9-4d83-a5bf-6c6ac6975915
2023-08-30 06:49:52,694 [main] DEBUG balancer.ContainerBalancerTask (ContainerBalancerTask.java:matchSourceWithTarget(708)) - ContainerBalancer is finding suitable target for source datanode 681ae63e-a876-4c5c-8c02-3bf495d957cd
2023-08-30 06:49:52,694 [main] INFO  balancer.ContainerBalancerTask (ContainerBalancerTask.java:matchSourceWithTarget(722)) - ContainerBalancer matched source datanode 681ae63e-a876-4c5c-8c02-3bf495d957cd with target datanode a8dc8e14-51a9-4d83-a5bf-6c6ac6975915 for container move.
2023-08-30 06:49:52,694 [main] INFO  balancer.ContainerBalancerTask (ContainerBalancerTask.java:processMoveSelection(569)) - ContainerBalancer is trying to move container #68 with size 5368709120B from source datanode 681ae63e-a876-4c5c-8c02-3bf495d957cd to target datanode a8dc8e14-51a9-4d83-a5bf-6c6ac6975915
2023-08-30 06:49:52,694 [main] DEBUG balancer.ContainerBalancerTask (ContainerBalancerTask.java:lambda$moveContainer$3(837)) - Container move completed for container #68 from source 681ae63e-a876-4c5c-8c02-3bf495d957cd to target a8dc8e14-51a9-4d83-a5bf-6c6ac6975915
2023-08-30 06:49:52,697 [main] DEBUG balancer.ContainerBalancerTask (ContainerBalancerTask.java:matchSourceWithTarget(708)) - ContainerBalancer is finding suitable target for source datanode d6fa954d-9233-4334-9bea-1522c897d56a
2023-08-30 06:49:52,697 [main] INFO  balancer.ContainerBalancerTask (ContainerBalancerTask.java:matchSourceWithTarget(722)) - ContainerBalancer matched source datanode d6fa954d-9233-4334-9bea-1522c897d56a with target datanode a8dc8e14-51a9-4d83-a5bf-6c6ac6975915 for container move.
2023-08-30 06:49:52,697 [main] INFO  balancer.ContainerBalancerTask (ContainerBalancerTask.java:processMoveSelection(569)) - ContainerBalancer is trying to move container #29 with size 5368709120B from source datanode d6fa954d-9233-4334-9bea-1522c897d56a to target datanode a8dc8e14-51a9-4d83-a5bf-6c6ac6975915
2023-08-30 06:49:52,697 [main] DEBUG balancer.ContainerBalancerTask (ContainerBalancerTask.java:lambda$moveContainer$3(837)) - Container move completed for container #29 from source d6fa954d-9233-4334-9bea-1522c897d56a to target a8dc8e14-51a9-4d83-a5bf-6c6ac6975915
2023-08-30 06:49:52,700 [main] DEBUG balancer.ContainerBalancerTask (ContainerBalancerTask.java:matchSourceWithTarget(708)) - ContainerBalancer is finding suitable target for source datanode 681ae63e-a876-4c5c-8c02-3bf495d957cd
2023-08-30 06:49:52,701 [main] INFO  balancer.ContainerBalancerTask (ContainerBalancerTask.java:matchSourceWithTarget(722)) - ContainerBalancer matched source datanode 681ae63e-a876-4c5c-8c02-3bf495d957cd with target datanode a8dc8e14-51a9-4d83-a5bf-6c6ac6975915 for container move.
2023-08-30 06:49:52,701 [main] INFO  balancer.ContainerBalancerTask (ContainerBalancerTask.java:processMoveSelection(569)) - ContainerBalancer is trying to move container #69 with size 1073741824B from source datanode 681ae63e-a876-4c5c-8c02-3bf495d957cd to target datanode a8dc8e14-51a9-4d83-a5bf-6c6ac6975915
2023-08-30 06:49:52,701 [main] DEBUG balancer.ContainerBalancerTask (ContainerBalancerTask.java:lambda$moveContainer$3(837)) - Container move completed for container #69 from source 681ae63e-a876-4c5c-8c02-3bf495d957cd to target a8dc8e14-51a9-4d83-a5bf-6c6ac6975915
2023-08-30 06:49:52,704 [main] DEBUG balancer.ContainerBalancerTask (ContainerBalancerTask.java:matchSourceWithTarget(708)) - ContainerBalancer is finding suitable target for source datanode 681ae63e-a876-4c5c-8c02-3bf495d957cd
2023-08-30 06:49:52,705 [main] INFO  balancer.FindTargetGreedyByUsageInfo (AbstractFindTargetGreedy.java:findTargetForContainerMove(133)) - Container Balancer could not find a target for source datanode 681ae63e-a876-4c5c-8c02-3bf495d957cd
2023-08-30 06:49:52,705 [main] DEBUG balancer.ContainerBalancerTask (ContainerBalancerTask.java:matchSourceWithTarget(717)) - ContainerBalancer could not find a suitable target for source node 681ae63e-a876-4c5c-8c02-3bf495d957cd.
2023-08-30 06:49:52,708 [main] DEBUG balancer.ContainerBalancerTask (ContainerBalancerTask.java:matchSourceWithTarget(708)) - ContainerBalancer is finding suitable target for source datanode 19d3f880-e223-44b8-abcc-495fd19dfa86
2023-08-30 06:49:52,709 [main] INFO  balancer.FindTargetGreedyByUsageInfo (AbstractFindTargetGreedy.java:findTargetForContainerMove(133)) - Container Balancer could not find a target for source datanode 19d3f880-e223-44b8-abcc-495fd19dfa86
2023-08-30 06:49:52,709 [main] DEBUG balancer.ContainerBalancerTask (ContainerBalancerTask.java:matchSourceWithTarget(717)) - ContainerBalancer could not find a suitable target for source node 19d3f880-e223-44b8-abcc-495fd19dfa86.
2023-08-30 06:49:52,711 [main] DEBUG balancer.ContainerBalancerTask (ContainerBalancerTask.java:matchSourceWithTarget(708)) - ContainerBalancer is finding suitable target for source datanode d6fa954d-9233-4334-9bea-1522c897d56a
2023-08-30 06:49:52,712 [main] INFO  balancer.FindTargetGreedyByUsageInfo (AbstractFindTargetGreedy.java:findTargetForContainerMove(133)) - Container Balancer could not find a target for source datanode d6fa954d-9233-4334-9bea-1522c897d56a
2023-08-30 06:49:52,712 [main] DEBUG balancer.ContainerBalancerTask (ContainerBalancerTask.java:matchSourceWithTarget(717)) - ContainerBalancer could not find a suitable target for source node d6fa954d-9233-4334-9bea-1522c897d56a.
2023-08-30 06:49:52,712 [main] INFO  balancer.FindSourceGreedy (FindSourceGreedy.java:getNextCandidateSourceDataNode(126)) - no more candidate source data node
2023-08-30 06:49:52,712 [main] INFO  balancer.ContainerBalancerTask (ContainerBalancerTask.java:checkIterationMoveResults(642)) - Iteration Summary. Number of Datanodes involved: 3. Size moved: 21 GB (22548578304 Bytes). Number of Container moves completed: 5.
2023-08-30 06:49:52,712 [main] INFO  balancer.ContainerBalancerTask (ContainerBalancerTask.java:balance(259)) - Result of this iteration of Container Balancer: ITERATION_COMPLETED
2023-08-30 06:49:52,713 [main] INFO  balancer.ContainerBalancerTask (ContainerBalancerTask.java:tryStopWithSaveConfiguration(308)) - Save Configuration for stopping. Reason: Completed all iterations.
2023-08-30 06:49:52,713 [main] DEBUG balancer.ContainerBalancerTask (ContainerBalancerTask.java:initializeIteration(374)) - Average utilization of the cluster is 0.38698078579770684
2023-08-30 06:49:52,713 [main] DEBUG balancer.ContainerBalancerTask (ContainerBalancerTask.java:initializeIteration(386)) - Lower limit for utilization is -0.04616611241524221 and Upper limit for utilization is 0.8201276840106559
2023-08-30 06:49:52,713 [main] DEBUG balancer.ContainerBalancerTask (ContainerBalancerTask.java:initializeIteration(398)) - Utilization for node d6fa954d-9233-4334-9bea-1522c897d56a with capacity 68003648853B, used 61203283968B, and remaining 6800364885B is 0.9000000000044115
2023-08-30 06:49:52,714 [main] DEBUG balancer.ContainerBalancerTask (ContainerBalancerTask.java:initializeIteration(398)) - Utilization for node 681ae63e-a876-4c5c-8c02-3bf495d957cd with capacity 87241523200B, used 69793218560B, and remaining 17448304640B is 0.8
2023-08-30 06:49:52,714 [main] DEBUG balancer.ContainerBalancerTask (ContainerBalancerTask.java:initializeIteration(398)) - Utilization for node 19d3f880-e223-44b8-abcc-495fd19dfa86 with capacity 69026260114B, used 48318382080B, and remaining 20707878034B is 0.7000000000028974
2023-08-30 06:49:52,714 [main] DEBUG balancer.ContainerBalancerTask (ContainerBalancerTask.java:initializeIteration(398)) - Utilization for node 1e842003-d8bf-4dba-a164-35eddf1d3511 with capacity 59055800320B, used 35433480192B, and remaining 23622320128B is 0.6
2023-08-30 06:49:52,714 [main] DEBUG balancer.ContainerBalancerTask (ContainerBalancerTask.java:initializeIteration(398)) - Utilization for node 1c4b2f89-40d2-467b-9872-4fa6e5223cd7 with capacity 130996502528B, used 65498251264B, and remaining 65498251264B is 0.5
2023-08-30 06:49:52,714 [main] DEBUG balancer.ContainerBalancerTask (ContainerBalancerTask.java:initializeIteration(398)) - Utilization for node 522d7852-c2b1-4f4d-9914-dde8150cadfe with capacity 64424509440B, used 25769803776B, and remaining 38654705664B is 0.4
2023-08-30 06:49:52,714 [main] DEBUG balancer.ContainerBalancerTask (ContainerBalancerTask.java:initializeIteration(398)) - Utilization for node 58e93824-a32b-4139-b1c8-aad9a9795a7d with capacity 136007297706B, used 40802189312B, and remaining 95205108394B is 0.30000000000147053
2023-08-30 06:49:52,714 [main] DEBUG balancer.ContainerBalancerTask (ContainerBalancerTask.java:initializeIteration(398)) - Utilization for node 4a7a5e61-2b3f-4981-a9a4-6af45d934c18 with capacity 118111600640B, used 23622320128B, and remaining 94489280512B is 0.2
2023-08-30 06:49:52,714 [main] DEBUG balancer.ContainerBalancerTask (ContainerBalancerTask.java:initializeIteration(398)) - Utilization for node 0298b916-6136-4321-989b-5bb354a0b70e with capacity 257698037760B, used 25769803776B, and remaining 231928233984B is 0.1
2023-08-30 06:49:52,714 [main] DEBUG balancer.ContainerBalancerTask (ContainerBalancerTask.java:initializeIteration(398)) - Utilization for node a8dc8e14-51a9-4d83-a5bf-6c6ac6975915 with capacity 33285996544B, used 0B, and remaining 33285996544B is 0.0
2023-08-30 06:49:52,714 [main] INFO  balancer.ContainerBalancerTask (ContainerBalancerTask.java:initializeIteration(447)) - Container Balancer has identified 1 Over-Utilized and 0 Under-Utilized Datanodes that need to be balanced.
2023-08-30 06:49:52,714 [main] DEBUG balancer.ContainerBalancerTask (ContainerBalancerTask.java:lambda$initializeIteration$1(453)) - Datanode localhost-146.188.160.172 d6fa954d-9233-4334-9bea-1522c897d56a is Over-Utilized.
2023-08-30 06:49:52,717 [main] DEBUG balancer.ContainerBalancerTask (ContainerBalancerTask.java:matchSourceWithTarget(708)) - ContainerBalancer is finding suitable target for source datanode d6fa954d-9233-4334-9bea-1522c897d56a
2023-08-30 06:49:52,717 [main] INFO  balancer.FindTargetGreedyByUsageInfo (AbstractFindTargetGreedy.java:findTargetForContainerMove(133)) - Container Balancer could not find a target for source datanode d6fa954d-9233-4334-9bea-1522c897d56a
2023-08-30 06:49:52,717 [main] DEBUG balancer.ContainerBalancerTask (ContainerBalancerTask.java:matchSourceWithTarget(717)) - ContainerBalancer could not find a suitable target for source node d6fa954d-9233-4334-9bea-1522c897d56a.
2023-08-30 06:49:52,717 [main] INFO  balancer.FindSourceGreedy (FindSourceGreedy.java:getNextCandidateSourceDataNode(126)) - no more candidate source data node
2023-08-30 06:49:52,717 [main] INFO  balancer.ContainerBalancerTask (ContainerBalancerTask.java:balance(259)) - Result of this iteration of Container Balancer: CAN_NOT_BALANCE_ANY_MORE
2023-08-30 06:49:52,717 [main] INFO  balancer.ContainerBalancerTask (ContainerBalancerTask.java:tryStopWithSaveConfiguration(308)) - Save Configuration for stopping. Reason: CAN_NOT_BALANCE_ANY_MORE
2023-08-30 06:49:52,718 [main] DEBUG balancer.ContainerBalancerTask (ContainerBalancerTask.java:initializeIteration(374)) - Average utilization of the cluster is 0.38698078579770684
2023-08-30 06:49:52,718 [main] DEBUG balancer.ContainerBalancerTask (ContainerBalancerTask.java:initializeIteration(386)) - Lower limit for utilization is -0.31686957278124844 and Upper limit for utilization is 1.090831144376662
2023-08-30 06:49:52,718 [main] DEBUG balancer.ContainerBalancerTask (ContainerBalancerTask.java:initializeIteration(398)) - Utilization for node d6fa954d-9233-4334-9bea-1522c897d56a with capacity 68003648853B, used 61203283968B, and remaining 6800364885B is 0.9000000000044115
2023-08-30 06:49:52,718 [main] DEBUG balancer.ContainerBalancerTask (ContainerBalancerTask.java:initializeIteration(398)) - Utilization for node 681ae63e-a876-4c5c-8c02-3bf495d957cd with capacity 87241523200B, used 69793218560B, and remaining 17448304640B is 0.8
2023-08-30 06:49:52,720 [main] DEBUG balancer.ContainerBalancerTask (ContainerBalancerTask.java:initializeIteration(398)) - Utilization for node 19d3f880-e223-44b8-abcc-495fd19dfa86 with capacity 69026260114B, used 48318382080B, and remaining 20707878034B is 0.7000000000028974
2023-08-30 06:49:52,720 [main] DEBUG balancer.ContainerBalancerTask (ContainerBalancerTask.java:initializeIteration(398)) - Utilization for node 1e842003-d8bf-4dba-a164-35eddf1d3511 with capacity 59055800320B, used 35433480192B, and remaining 23622320128B is 0.6
2023-08-30 06:49:52,721 [main] DEBUG balancer.ContainerBalancerTask (ContainerBalancerTask.java:initializeIteration(398)) - Utilization for node 1c4b2f89-40d2-467b-9872-4fa6e5223cd7 with capacity 130996502528B, used 65498251264B, and remaining 65498251264B is 0.5
2023-08-30 06:49:52,721 [main] DEBUG balancer.ContainerBalancerTask (ContainerBalancerTask.java:initializeIteration(398)) - Utilization for node 522d7852-c2b1-4f4d-9914-dde8150cadfe with capacity 64424509440B, used 25769803776B, and remaining 38654705664B is 0.4
2023-08-30 06:49:52,721 [main] DEBUG balancer.ContainerBalancerTask (ContainerBalancerTask.java:initializeIteration(398)) - Utilization for node 58e93824-a32b-4139-b1c8-aad9a9795a7d with capacity 136007297706B, used 40802189312B, and remaining 95205108394B is 0.30000000000147053
2023-08-30 06:49:52,721 [main] DEBUG balancer.ContainerBalancerTask (ContainerBalancerTask.java:initializeIteration(398)) - Utilization for node 4a7a5e61-2b3f-4981-a9a4-6af45d934c18 with capacity 118111600640B, used 23622320128B, and remaining 94489280512B is 0.2
2023-08-30 06:49:52,721 [main] DEBUG balancer.ContainerBalancerTask (ContainerBalancerTask.java:initializeIteration(398)) - Utilization for node 0298b916-6136-4321-989b-5bb354a0b70e with capacity 257698037760B, used 25769803776B, and remaining 231928233984B is 0.1
2023-08-30 06:49:52,721 [main] DEBUG balancer.ContainerBalancerTask (ContainerBalancerTask.java:initializeIteration(398)) - Utilization for node a8dc8e14-51a9-4d83-a5bf-6c6ac6975915 with capacity 33285996544B, used 0B, and remaining 33285996544B is 0.0
2023-08-30 06:49:52,721 [main] INFO  balancer.ContainerBalancerTask (ContainerBalancerTask.java:initializeIteration(443)) - Did not find any unbalanced Datanodes.
2023-08-30 06:49:52,721 [main] INFO  balancer.ContainerBalancerTask (ContainerBalancerTask.java:tryStopWithSaveConfiguration(308)) - Save Configuration for stopping. Reason: Could not initialize ContainerBalancer's iteration number 0
2023-08-30 06:49:52,722 [main] DEBUG balancer.ContainerBalancerTask (ContainerBalancerTask.java:initializeIteration(374)) - Average utilization of the cluster is 0.38698078579770684
2023-08-30 06:49:52,722 [main] DEBUG balancer.ContainerBalancerTask (ContainerBalancerTask.java:initializeIteration(386)) - Lower limit for utilization is -0.4798612854450171 and Upper limit for utilization is 1.2538228570404308
2023-08-30 06:49:52,722 [main] DEBUG balancer.ContainerBalancerTask (ContainerBalancerTask.java:initializeIteration(398)) - Utilization for node d6fa954d-9233-4334-9bea-1522c897d56a with capacity 68003648853B, used 61203283968B, and remaining 6800364885B is 0.9000000000044115
2023-08-30 06:49:52,722 [main] DEBUG balancer.ContainerBalancerTask (ContainerBalancerTask.java:initializeIteration(398)) - Utilization for node 681ae63e-a876-4c5c-8c02-3bf495d957cd with capacity 87241523200B, used 69793218560B, and remaining 17448304640B is 0.8
2023-08-30 06:49:52,722 [main] DEBUG balancer.ContainerBalancerTask (ContainerBalancerTask.java:initializeIteration(398)) - Utilization for node 19d3f880-e223-44b8-abcc-495fd19dfa86 with capacity 69026260114B, used 48318382080B, and remaining 20707878034B is 0.7000000000028974
2023-08-30 06:49:52,722 [main] DEBUG balancer.ContainerBalancerTask (ContainerBalancerTask.java:initializeIteration(398)) - Utilization for node 1e842003-d8bf-4dba-a164-35eddf1d3511 with capacity 59055800320B, used 35433480192B, and remaining 23622320128B is 0.6
2023-08-30 06:49:52,722 [main] DEBUG balancer.ContainerBalancerTask (ContainerBalancerTask.java:initializeIteration(398)) - Utilization for node 1c4b2f89-40d2-467b-9872-4fa6e5223cd7 with capacity 130996502528B, used 65498251264B, and remaining 65498251264B is 0.5
2023-08-30 06:49:52,722 [main] DEBUG balancer.ContainerBalancerTask (ContainerBalancerTask.java:initializeIteration(398)) - Utilization for node 522d7852-c2b1-4f4d-9914-dde8150cadfe with capacity 64424509440B, used 25769803776B, and remaining 38654705664B is 0.4
2023-08-30 06:49:52,722 [main] DEBUG balancer.ContainerBalancerTask (ContainerBalancerTask.java:initializeIteration(398)) - Utilization for node 58e93824-a32b-4139-b1c8-aad9a9795a7d with capacity 136007297706B, used 40802189312B, and remaining 95205108394B is 0.30000000000147053
2023-08-30 06:49:52,723 [main] DEBUG balancer.ContainerBalancerTask (ContainerBalancerTask.java:initializeIteration(398)) - Utilization for node 4a7a5e61-2b3f-4981-a9a4-6af45d934c18 with capacity 118111600640B, used 23622320128B, and remaining 94489280512B is 0.2
2023-08-30 06:49:52,723 [main] DEBUG balancer.ContainerBalancerTask (ContainerBalancerTask.java:initializeIteration(398)) - Utilization for node 0298b916-6136-4321-989b-5bb354a0b70e with capacity 257698037760B, used 25769803776B, and remaining 231928233984B is 0.1
2023-08-30 06:49:52,723 [main] DEBUG balancer.ContainerBalancerTask (ContainerBalancerTask.java:initializeIteration(398)) - Utilization for node a8dc8e14-51a9-4d83-a5bf-6c6ac6975915 with capacity 33285996544B, used 0B, and remaining 33285996544B is 0.0
2023-08-30 06:49:52,723 [main] INFO  balancer.ContainerBalancerTask (ContainerBalancerTask.java:initializeIteration(443)) - Did not find any unbalanced Datanodes.
2023-08-30 06:49:52,723 [main] INFO  balancer.ContainerBalancerTask (ContainerBalancerTask.java:tryStopWithSaveConfiguration(308)) - Save Configuration for stopping. Reason: Could not initialize ContainerBalancer's iteration number 0
2023-08-30 06:49:52,723 [main] DEBUG balancer.ContainerBalancerTask (ContainerBalancerTask.java:initializeIteration(374)) - Average utilization of the cluster is 0.38698078579770684
2023-08-30 06:49:52,724 [main] DEBUG balancer.ContainerBalancerTask (ContainerBalancerTask.java:initializeIteration(386)) - Lower limit for utilization is 0.027515304187682277 and Upper limit for utilization is 0.7464462674077315
2023-08-30 06:49:52,724 [main] DEBUG balancer.ContainerBalancerTask (ContainerBalancerTask.java:initializeIteration(398)) - Utilization for node d6fa954d-9233-4334-9bea-1522c897d56a with capacity 68003648853B, used 61203283968B, and remaining 6800364885B is 0.9000000000044115
2023-08-30 06:49:52,724 [main] DEBUG balancer.ContainerBalancerTask (ContainerBalancerTask.java:initializeIteration(398)) - Utilization for node 681ae63e-a876-4c5c-8c02-3bf495d957cd with capacity 87241523200B, used 69793218560B, and remaining 17448304640B is 0.8
2023-08-30 06:49:52,724 [main] DEBUG balancer.ContainerBalancerTask (ContainerBalancerTask.java:initializeIteration(398)) - Utilization for node 19d3f880-e223-44b8-abcc-495fd19dfa86 with capacity 69026260114B, used 48318382080B, and remaining 20707878034B is 0.7000000000028974
2023-08-30 06:49:52,724 [main] DEBUG balancer.ContainerBalancerTask (ContainerBalancerTask.java:initializeIteration(398)) - Utilization for node 1e842003-d8bf-4dba-a164-35eddf1d3511 with capacity 59055800320B, used 35433480192B, and remaining 23622320128B is 0.6
2023-08-30 06:49:52,724 [main] DEBUG balancer.ContainerBalancerTask (ContainerBalancerTask.java:initializeIteration(398)) - Utilization for node 1c4b2f89-40d2-467b-9872-4fa6e5223cd7 with capacity 130996502528B, used 65498251264B, and remaining 65498251264B is 0.5
2023-08-30 06:49:52,724 [main] DEBUG balancer.ContainerBalancerTask (ContainerBalancerTask.java:initializeIteration(398)) - Utilization for node 522d7852-c2b1-4f4d-9914-dde8150cadfe with capacity 64424509440B, used 25769803776B, and remaining 38654705664B is 0.4
2023-08-30 06:49:52,724 [main] DEBUG balancer.ContainerBalancerTask (ContainerBalancerTask.java:initializeIteration(398)) - Utilization for node 58e93824-a32b-4139-b1c8-aad9a9795a7d with capacity 136007297706B, used 40802189312B, and remaining 95205108394B is 0.30000000000147053
2023-08-30 06:49:52,724 [main] DEBUG balancer.ContainerBalancerTask (ContainerBalancerTask.java:initializeIteration(398)) - Utilization for node 4a7a5e61-2b3f-4981-a9a4-6af45d934c18 with capacity 118111600640B, used 23622320128B, and remaining 94489280512B is 0.2
2023-08-30 06:49:52,724 [main] DEBUG balancer.ContainerBalancerTask (ContainerBalancerTask.java:initializeIteration(398)) - Utilization for node 0298b916-6136-4321-989b-5bb354a0b70e with capacity 257698037760B, used 25769803776B, and remaining 231928233984B is 0.1
2023-08-30 06:49:52,724 [main] DEBUG balancer.ContainerBalancerTask (ContainerBalancerTask.java:initializeIteration(398)) - Utilization for node a8dc8e14-51a9-4d83-a5bf-6c6ac6975915 with capacity 33285996544B, used 0B, and remaining 33285996544B is 0.0
2023-08-30 06:49:52,725 [main] INFO  balancer.ContainerBalancerTask (ContainerBalancerTask.java:initializeIteration(447)) - Container Balancer has identified 2 Over-Utilized and 1 Under-Utilized Datanodes that need to be balanced.
2023-08-30 06:49:52,725 [main] DEBUG balancer.ContainerBalancerTask (ContainerBalancerTask.java:lambda$initializeIteration$1(453)) - Datanode localhost-146.188.160.172 d6fa954d-9233-4334-9bea-1522c897d56a is Over-Utilized.
2023-08-30 06:49:52,725 [main] DEBUG balancer.ContainerBalancerTask (ContainerBalancerTask.java:lambda$initializeIteration$1(453)) - Datanode localhost-233.191.17.208 681ae63e-a876-4c5c-8c02-3bf495d957cd is Over-Utilized.
2023-08-30 06:49:52,725 [main] DEBUG balancer.ContainerBalancerTask (ContainerBalancerTask.java:lambda$initializeIteration$2(459)) - Datanode localhost-89.157.111.179 a8dc8e14-51a9-4d83-a5bf-6c6ac6975915 is Under-Utilized.
2023-08-30 06:49:52,727 [main] DEBUG balancer.ContainerBalancerTask (ContainerBalancerTask.java:matchSourceWithTarget(708)) - ContainerBalancer is finding suitable target for source datanode d6fa954d-9233-4334-9bea-1522c897d56a
2023-08-30 06:49:52,728 [main] INFO  balancer.ContainerBalancerTask (ContainerBalancerTask.java:matchSourceWithTarget(722)) - ContainerBalancer matched source datanode d6fa954d-9233-4334-9bea-1522c897d56a with target datanode a8dc8e14-51a9-4d83-a5bf-6c6ac6975915 for container move.
2023-08-30 06:49:52,728 [main] INFO  balancer.ContainerBalancerTask (ContainerBalancerTask.java:processMoveSelection(569)) - ContainerBalancer is trying to move container #85 with size 5368709120B from source datanode d6fa954d-9233-4334-9bea-1522c897d56a to target datanode a8dc8e14-51a9-4d83-a5bf-6c6ac6975915
2023-08-30 06:49:52,728 [main] DEBUG balancer.ContainerBalancerTask (ContainerBalancerTask.java:lambda$moveContainer$3(837)) - Container move completed for container #85 from source d6fa954d-9233-4334-9bea-1522c897d56a to target a8dc8e14-51a9-4d83-a5bf-6c6ac6975915
2023-08-30 06:49:52,730 [main] DEBUG balancer.ContainerBalancerTask (ContainerBalancerTask.java:matchSourceWithTarget(708)) - ContainerBalancer is finding suitable target for source datanode d6fa954d-9233-4334-9bea-1522c897d56a
2023-08-30 06:49:52,731 [main] INFO  balancer.ContainerBalancerTask (ContainerBalancerTask.java:matchSourceWithTarget(722)) - ContainerBalancer matched source datanode d6fa954d-9233-4334-9bea-1522c897d56a with target datanode a8dc8e14-51a9-4d83-a5bf-6c6ac6975915 for container move.
2023-08-30 06:49:52,731 [main] INFO  balancer.ContainerBalancerTask (ContainerBalancerTask.java:processMoveSelection(569)) - ContainerBalancer is trying to move container #53 with size 5368709120B from source datanode d6fa954d-9233-4334-9bea-1522c897d56a to target datanode a8dc8e14-51a9-4d83-a5bf-6c6ac6975915
2023-08-30 06:49:52,731 [main] DEBUG balancer.ContainerBalancerTask (ContainerBalancerTask.java:lambda$moveContainer$3(837)) - Container move completed for container #53 from source d6fa954d-9233-4334-9bea-1522c897d56a to target a8dc8e14-51a9-4d83-a5bf-6c6ac6975915
2023-08-30 06:49:52,734 [main] DEBUG balancer.ContainerBalancerTask (ContainerBalancerTask.java:matchSourceWithTarget(708)) - ContainerBalancer is finding suitable target for source datanode 681ae63e-a876-4c5c-8c02-3bf495d957cd
2023-08-30 06:49:52,734 [main] INFO  balancer.ContainerBalancerTask (ContainerBalancerTask.java:matchSourceWithTarget(722)) - ContainerBalancer matched source datanode 681ae63e-a876-4c5c-8c02-3bf495d957cd with target datanode a8dc8e14-51a9-4d83-a5bf-6c6ac6975915 for container move.
2023-08-30 06:49:52,734 [main] INFO  balancer.ContainerBalancerTask (ContainerBalancerTask.java:processMoveSelection(569)) - ContainerBalancer is trying to move container #68 with size 5368709120B from source datanode 681ae63e-a876-4c5c-8c02-3bf495d957cd to target datanode a8dc8e14-51a9-4d83-a5bf-6c6ac6975915
2023-08-30 06:49:52,734 [main] DEBUG balancer.ContainerBalancerTask (ContainerBalancerTask.java:lambda$moveContainer$3(837)) - Container move completed for container #68 from source 681ae63e-a876-4c5c-8c02-3bf495d957cd to target a8dc8e14-51a9-4d83-a5bf-6c6ac6975915
2023-08-30 06:49:52,737 [main] DEBUG balancer.ContainerBalancerTask (ContainerBalancerTask.java:matchSourceWithTarget(708)) - ContainerBalancer is finding suitable target for source datanode d6fa954d-9233-4334-9bea-1522c897d56a
2023-08-30 06:49:52,737 [main] INFO  balancer.ContainerBalancerTask (ContainerBalancerTask.java:matchSourceWithTarget(722)) - ContainerBalancer matched source datanode d6fa954d-9233-4334-9bea-1522c897d56a with target datanode a8dc8e14-51a9-4d83-a5bf-6c6ac6975915 for container move.
2023-08-30 06:49:52,737 [main] INFO  balancer.ContainerBalancerTask (ContainerBalancerTask.java:processMoveSelection(569)) - ContainerBalancer is trying to move container #29 with size 5368709120B from source datanode d6fa954d-9233-4334-9bea-1522c897d56a to target datanode a8dc8e14-51a9-4d83-a5bf-6c6ac6975915
2023-08-30 06:49:52,737 [main] DEBUG balancer.ContainerBalancerTask (ContainerBalancerTask.java:lambda$moveContainer$3(837)) - Container move completed for container #29 from source d6fa954d-9233-4334-9bea-1522c897d56a to target a8dc8e14-51a9-4d83-a5bf-6c6ac6975915
2023-08-30 06:49:52,740 [main] DEBUG balancer.ContainerBalancerTask (ContainerBalancerTask.java:matchSourceWithTarget(708)) - ContainerBalancer is finding suitable target for source datanode 681ae63e-a876-4c5c-8c02-3bf495d957cd
2023-08-30 06:49:52,740 [main] INFO  balancer.ContainerBalancerTask (ContainerBalancerTask.java:matchSourceWithTarget(722)) - ContainerBalancer matched source datanode 681ae63e-a876-4c5c-8c02-3bf495d957cd with target datanode a8dc8e14-51a9-4d83-a5bf-6c6ac6975915 for container move.
2023-08-30 06:49:52,740 [main] INFO  balancer.ContainerBalancerTask (ContainerBalancerTask.java:processMoveSelection(569)) - ContainerBalancer is trying to move container #88 with size 3221225472B from source datanode 681ae63e-a876-4c5c-8c02-3bf495d957cd to target datanode a8dc8e14-51a9-4d83-a5bf-6c6ac6975915
2023-08-30 06:49:52,741 [main] DEBUG balancer.ContainerBalancerTask (ContainerBalancerTask.java:lambda$moveContainer$3(837)) - Container move completed for container #88 from source 681ae63e-a876-4c5c-8c02-3bf495d957cd to target a8dc8e14-51a9-4d83-a5bf-6c6ac6975915
2023-08-30 06:49:52,743 [main] DEBUG balancer.ContainerBalancerTask (ContainerBalancerTask.java:matchSourceWithTarget(708)) - ContainerBalancer is finding suitable target for source datanode 681ae63e-a876-4c5c-8c02-3bf495d957cd
2023-08-30 06:49:52,744 [main] INFO  balancer.FindTargetGreedyByUsageInfo (AbstractFindTargetGreedy.java:findTargetForContainerMove(133)) - Container Balancer could not find a target for source datanode 681ae63e-a876-4c5c-8c02-3bf495d957cd
2023-08-30 06:49:52,744 [main] DEBUG balancer.ContainerBalancerTask (ContainerBalancerTask.java:matchSourceWithTarget(717)) - ContainerBalancer could not find a suitable target for source node 681ae63e-a876-4c5c-8c02-3bf495d957cd.
2023-08-30 06:49:52,747 [main] DEBUG balancer.ContainerBalancerTask (ContainerBalancerTask.java:matchSourceWithTarget(708)) - ContainerBalancer is finding suitable target for source datanode d6fa954d-9233-4334-9bea-1522c897d56a
2023-08-30 06:49:52,748 [main] INFO  balancer.FindTargetGreedyByUsageInfo (AbstractFindTargetGreedy.java:findTargetForContainerMove(133)) - Container Balancer could not find a target for source datanode d6fa954d-9233-4334-9bea-1522c897d56a
2023-08-30 06:49:52,748 [main] DEBUG balancer.ContainerBalancerTask (ContainerBalancerTask.java:matchSourceWithTarget(717)) - ContainerBalancer could not find a suitable target for source node d6fa954d-9233-4334-9bea-1522c897d56a.
2023-08-30 06:49:52,748 [main] INFO  balancer.FindSourceGreedy (FindSourceGreedy.java:getNextCandidateSourceDataNode(126)) - no more candidate source data node
2023-08-30 06:49:52,748 [main] INFO  balancer.ContainerBalancerTask (ContainerBalancerTask.java:checkIterationMoveResults(642)) - Iteration Summary. Number of Datanodes involved: 3. Size moved: 23 GB (24696061952 Bytes). Number of Container moves completed: 5.
2023-08-30 06:49:52,748 [main] INFO  balancer.ContainerBalancerTask (ContainerBalancerTask.java:balance(259)) - Result of this iteration of Container Balancer: ITERATION_COMPLETED
2023-08-30 06:49:52,748 [main] INFO  balancer.ContainerBalancerTask (ContainerBalancerTask.java:tryStopWithSaveConfiguration(308)) - Save Configuration for stopping. Reason: Completed all iterations.
2023-08-30 06:49:52,749 [main] DEBUG balancer.ContainerBalancerTask (ContainerBalancerTask.java:initializeIteration(374)) - Average utilization of the cluster is 0.38698078579770684
2023-08-30 06:49:52,749 [main] DEBUG balancer.ContainerBalancerTask (ContainerBalancerTask.java:initializeIteration(386)) - Lower limit for utilization is 0.28687461107388484 and Upper limit for utilization is 0.48708696052152883
2023-08-30 06:49:52,749 [main] DEBUG balancer.ContainerBalancerTask (ContainerBalancerTask.java:initializeIteration(398)) - Utilization for node d6fa954d-9233-4334-9bea-1522c897d56a with capacity 68003648853B, used 61203283968B, and remaining 6800364885B is 0.9000000000044115
2023-08-30 06:49:52,749 [main] DEBUG balancer.ContainerBalancerTask (ContainerBalancerTask.java:initializeIteration(398)) - Utilization for node 681ae63e-a876-4c5c-8c02-3bf495d957cd with capacity 87241523200B, used 69793218560B, and remaining 17448304640B is 0.8
2023-08-30 06:49:52,749 [main] DEBUG balancer.ContainerBalancerTask (ContainerBalancerTask.java:initializeIteration(398)) - Utilization for node 19d3f880-e223-44b8-abcc-495fd19dfa86 with capacity 69026260114B, used 48318382080B, and remaining 20707878034B is 0.7000000000028974
2023-08-30 06:49:52,749 [main] DEBUG balancer.ContainerBalancerTask (ContainerBalancerTask.java:initializeIteration(398)) - Utilization for node 1e842003-d8bf-4dba-a164-35eddf1d3511 with capacity 59055800320B, used 35433480192B, and remaining 23622320128B is 0.6
2023-08-30 06:49:52,749 [main] DEBUG balancer.ContainerBalancerTask (ContainerBalancerTask.java:initializeIteration(398)) - Utilization for node 1c4b2f89-40d2-467b-9872-4fa6e5223cd7 with capacity 130996502528B, used 65498251264B, and remaining 65498251264B is 0.5
2023-08-30 06:49:52,750 [main] DEBUG balancer.ContainerBalancerTask (ContainerBalancerTask.java:initializeIteration(398)) - Utilization for node 522d7852-c2b1-4f4d-9914-dde8150cadfe with capacity 64424509440B, used 25769803776B, and remaining 38654705664B is 0.4
2023-08-30 06:49:52,750 [main] DEBUG balancer.ContainerBalancerTask (ContainerBalancerTask.java:initializeIteration(398)) - Utilization for node 58e93824-a32b-4139-b1c8-aad9a9795a7d with capacity 136007297706B, used 40802189312B, and remaining 95205108394B is 0.30000000000147053
2023-08-30 06:49:52,750 [main] DEBUG balancer.ContainerBalancerTask (ContainerBalancerTask.java:initializeIteration(398)) - Utilization for node 4a7a5e61-2b3f-4981-a9a4-6af45d934c18 with capacity 118111600640B, used 23622320128B, and remaining 94489280512B is 0.2
2023-08-30 06:49:52,750 [main] DEBUG balancer.ContainerBalancerTask (ContainerBalancerTask.java:initializeIteration(398)) - Utilization for node 0298b916-6136-4321-989b-5bb354a0b70e with capacity 257698037760B, used 25769803776B, and remaining 231928233984B is 0.1
2023-08-30 06:49:52,750 [main] DEBUG balancer.ContainerBalancerTask (ContainerBalancerTask.java:initializeIteration(398)) - Utilization for node a8dc8e14-51a9-4d83-a5bf-6c6ac6975915 with capacity 33285996544B, used 0B, and remaining 33285996544B is 0.0
2023-08-30 06:49:52,750 [main] INFO  balancer.ContainerBalancerTask (ContainerBalancerTask.java:initializeIteration(447)) - Container Balancer has identified 5 Over-Utilized and 3 Under-Utilized Datanodes that need to be balanced.
2023-08-30 06:49:52,750 [main] DEBUG balancer.ContainerBalancerTask (ContainerBalancerTask.java:lambda$initializeIteration$1(453)) - Datanode localhost-146.188.160.172 d6fa954d-9233-4334-9bea-1522c897d56a is Over-Utilized.
2023-08-30 06:49:52,750 [main] DEBUG balancer.ContainerBalancerTask (ContainerBalancerTask.java:lambda$initializeIteration$1(453)) - Datanode localhost-233.191.17.208 681ae63e-a876-4c5c-8c02-3bf495d957cd is Over-Utilized.
2023-08-30 06:49:52,750 [main] DEBUG balancer.ContainerBalancerTask (ContainerBalancerTask.java:lambda$initializeIteration$1(453)) - Datanode localhost-123.88.214.81 19d3f880-e223-44b8-abcc-495fd19dfa86 is Over-Utilized.
2023-08-30 06:49:52,750 [main] DEBUG balancer.ContainerBalancerTask (ContainerBalancerTask.java:lambda$initializeIteration$1(453)) - Datanode localhost-159.142.142.145 1e842003-d8bf-4dba-a164-35eddf1d3511 is Over-Utilized.
2023-08-30 06:49:52,750 [main] DEBUG balancer.ContainerBalancerTask (ContainerBalancerTask.java:lambda$initializeIteration$1(453)) - Datanode localhost-146.95.252.126 1c4b2f89-40d2-467b-9872-4fa6e5223cd7 is Over-Utilized.
2023-08-30 06:49:52,751 [main] DEBUG balancer.ContainerBalancerTask (ContainerBalancerTask.java:lambda$initializeIteration$2(459)) - Datanode localhost-89.157.111.179 a8dc8e14-51a9-4d83-a5bf-6c6ac6975915 is Under-Utilized.
2023-08-30 06:49:52,751 [main] DEBUG balancer.ContainerBalancerTask (ContainerBalancerTask.java:lambda$initializeIteration$2(459)) - Datanode localhost-248.15.158.135 0298b916-6136-4321-989b-5bb354a0b70e is Under-Utilized.
2023-08-30 06:49:52,751 [main] DEBUG balancer.ContainerBalancerTask (ContainerBalancerTask.java:lambda$initializeIteration$2(459)) - Datanode localhost-35.144.11.124 4a7a5e61-2b3f-4981-a9a4-6af45d934c18 is Under-Utilized.
2023-08-30 06:49:52,753 [main] DEBUG balancer.ContainerBalancerTask (ContainerBalancerTask.java:matchSourceWithTarget(708)) - ContainerBalancer is finding suitable target for source datanode d6fa954d-9233-4334-9bea-1522c897d56a
2023-08-30 06:49:52,753 [main] INFO  balancer.ContainerBalancerTask (ContainerBalancerTask.java:matchSourceWithTarget(722)) - ContainerBalancer matched source datanode d6fa954d-9233-4334-9bea-1522c897d56a with target datanode a8dc8e14-51a9-4d83-a5bf-6c6ac6975915 for container move.
2023-08-30 06:49:52,754 [main] INFO  balancer.ContainerBalancerTask (ContainerBalancerTask.java:processMoveSelection(569)) - ContainerBalancer is trying to move container #85 with size 5368709120B from source datanode d6fa954d-9233-4334-9bea-1522c897d56a to target datanode a8dc8e14-51a9-4d83-a5bf-6c6ac6975915
2023-08-30 06:49:52,754 [main] DEBUG balancer.ContainerBalancerTask (ContainerBalancerTask.java:lambda$moveContainer$3(837)) - Container move completed for container #85 from source d6fa954d-9233-4334-9bea-1522c897d56a to target a8dc8e14-51a9-4d83-a5bf-6c6ac6975915
2023-08-30 06:49:52,756 [main] DEBUG balancer.ContainerBalancerTask (ContainerBalancerTask.java:matchSourceWithTarget(708)) - ContainerBalancer is finding suitable target for source datanode d6fa954d-9233-4334-9bea-1522c897d56a
2023-08-30 06:49:52,756 [main] INFO  balancer.ContainerBalancerTask (ContainerBalancerTask.java:matchSourceWithTarget(722)) - ContainerBalancer matched source datanode d6fa954d-9233-4334-9bea-1522c897d56a with target datanode 0298b916-6136-4321-989b-5bb354a0b70e for container move.
2023-08-30 06:49:52,757 [main] INFO  balancer.ContainerBalancerTask (ContainerBalancerTask.java:processMoveSelection(569)) - ContainerBalancer is trying to move container #29 with size 5368709120B from source datanode d6fa954d-9233-4334-9bea-1522c897d56a to target datanode 0298b916-6136-4321-989b-5bb354a0b70e
2023-08-30 06:49:52,757 [main] DEBUG balancer.ContainerBalancerTask (ContainerBalancerTask.java:lambda$moveContainer$3(837)) - Container move completed for container #29 from source d6fa954d-9233-4334-9bea-1522c897d56a to target 0298b916-6136-4321-989b-5bb354a0b70e
2023-08-30 06:49:52,760 [main] DEBUG balancer.ContainerBalancerTask (ContainerBalancerTask.java:matchSourceWithTarget(708)) - ContainerBalancer is finding suitable target for source datanode 681ae63e-a876-4c5c-8c02-3bf495d957cd
2023-08-30 06:49:52,760 [main] INFO  balancer.ContainerBalancerTask (ContainerBalancerTask.java:matchSourceWithTarget(722)) - ContainerBalancer matched source datanode 681ae63e-a876-4c5c-8c02-3bf495d957cd with target datanode 0298b916-6136-4321-989b-5bb354a0b70e for container move.
2023-08-30 06:49:52,760 [main] INFO  balancer.ContainerBalancerTask (ContainerBalancerTask.java:processMoveSelection(569)) - ContainerBalancer is trying to move container #68 with size 5368709120B from source datanode 681ae63e-a876-4c5c-8c02-3bf495d957cd to target datanode 0298b916-6136-4321-989b-5bb354a0b70e
2023-08-30 06:49:52,760 [main] DEBUG balancer.ContainerBalancerTask (ContainerBalancerTask.java:lambda$moveContainer$3(837)) - Container move completed for container #68 from source 681ae63e-a876-4c5c-8c02-3bf495d957cd to target 0298b916-6136-4321-989b-5bb354a0b70e
2023-08-30 06:49:52,763 [main] DEBUG balancer.ContainerBalancerTask (ContainerBalancerTask.java:matchSourceWithTarget(708)) - ContainerBalancer is finding suitable target for source datanode d6fa954d-9233-4334-9bea-1522c897d56a
2023-08-30 06:49:52,763 [main] INFO  balancer.ContainerBalancerTask (ContainerBalancerTask.java:matchSourceWithTarget(722)) - ContainerBalancer matched source datanode d6fa954d-9233-4334-9bea-1522c897d56a with target datanode 0298b916-6136-4321-989b-5bb354a0b70e for container move.
2023-08-30 06:49:52,763 [main] INFO  balancer.ContainerBalancerTask (ContainerBalancerTask.java:processMoveSelection(569)) - ContainerBalancer is trying to move container #84 with size 4294967296B from source datanode d6fa954d-9233-4334-9bea-1522c897d56a to target datanode 0298b916-6136-4321-989b-5bb354a0b70e
2023-08-30 06:49:52,763 [main] DEBUG balancer.ContainerBalancerTask (ContainerBalancerTask.java:lambda$moveContainer$3(837)) - Container move completed for container #84 from source d6fa954d-9233-4334-9bea-1522c897d56a to target 0298b916-6136-4321-989b-5bb354a0b70e
2023-08-30 06:49:52,766 [main] DEBUG balancer.ContainerBalancerTask (ContainerBalancerTask.java:matchSourceWithTarget(708)) - ContainerBalancer is finding suitable target for source datanode 681ae63e-a876-4c5c-8c02-3bf495d957cd
2023-08-30 06:49:52,766 [main] INFO  balancer.ContainerBalancerTask (ContainerBalancerTask.java:matchSourceWithTarget(722)) - ContainerBalancer matched source datanode 681ae63e-a876-4c5c-8c02-3bf495d957cd with target datanode 0298b916-6136-4321-989b-5bb354a0b70e for container move.
2023-08-30 06:49:52,766 [main] INFO  balancer.ContainerBalancerTask (ContainerBalancerTask.java:processMoveSelection(569)) - ContainerBalancer is trying to move container #40 with size 5368709120B from source datanode 681ae63e-a876-4c5c-8c02-3bf495d957cd to target datanode 0298b916-6136-4321-989b-5bb354a0b70e
2023-08-30 06:49:52,766 [main] DEBUG balancer.ContainerBalancerTask (ContainerBalancerTask.java:lambda$moveContainer$3(837)) - Container move completed for container #40 from source 681ae63e-a876-4c5c-8c02-3bf495d957cd to target 0298b916-6136-4321-989b-5bb354a0b70e
2023-08-30 06:49:52,769 [main] DEBUG balancer.ContainerBalancerTask (ContainerBalancerTask.java:matchSourceWithTarget(708)) - ContainerBalancer is finding suitable target for source datanode 19d3f880-e223-44b8-abcc-495fd19dfa86
2023-08-30 06:49:52,769 [main] INFO  balancer.ContainerBalancerTask (ContainerBalancerTask.java:matchSourceWithTarget(722)) - ContainerBalancer matched source datanode 19d3f880-e223-44b8-abcc-495fd19dfa86 with target datanode a8dc8e14-51a9-4d83-a5bf-6c6ac6975915 for container move.
2023-08-30 06:49:52,769 [main] INFO  balancer.ContainerBalancerTask (ContainerBalancerTask.java:processMoveSelection(569)) - ContainerBalancer is trying to move container #53 with size 5368709120B from source datanode 19d3f880-e223-44b8-abcc-495fd19dfa86 to target datanode a8dc8e14-51a9-4d83-a5bf-6c6ac6975915
2023-08-30 06:49:52,770 [main] DEBUG balancer.ContainerBalancerTask (ContainerBalancerTask.java:lambda$moveContainer$3(837)) - Container move completed for container #53 from source 19d3f880-e223-44b8-abcc-495fd19dfa86 to target a8dc8e14-51a9-4d83-a5bf-6c6ac6975915
2023-08-30 06:49:52,772 [main] DEBUG balancer.ContainerBalancerTask (ContainerBalancerTask.java:matchSourceWithTarget(708)) - ContainerBalancer is finding suitable target for source datanode d6fa954d-9233-4334-9bea-1522c897d56a
2023-08-30 06:49:52,773 [main] INFO  balancer.ContainerBalancerTask (ContainerBalancerTask.java:matchSourceWithTarget(722)) - ContainerBalancer matched source datanode d6fa954d-9233-4334-9bea-1522c897d56a with target datanode 0298b916-6136-4321-989b-5bb354a0b70e for container move.
2023-08-30 06:49:52,773 [main] INFO  balancer.ContainerBalancerTask (ContainerBalancerTask.java:processMoveSelection(569)) - ContainerBalancer is trying to move container #67 with size 4294967296B from source datanode d6fa954d-9233-4334-9bea-1522c897d56a to target datanode 0298b916-6136-4321-989b-5bb354a0b70e
2023-08-30 06:49:52,773 [main] DEBUG balancer.ContainerBalancerTask (ContainerBalancerTask.java:lambda$moveContainer$3(837)) - Container move completed for container #67 from source d6fa954d-9233-4334-9bea-1522c897d56a to target 0298b916-6136-4321-989b-5bb354a0b70e
2023-08-30 06:49:52,776 [main] DEBUG balancer.ContainerBalancerTask (ContainerBalancerTask.java:matchSourceWithTarget(708)) - ContainerBalancer is finding suitable target for source datanode 681ae63e-a876-4c5c-8c02-3bf495d957cd
2023-08-30 06:49:52,776 [main] INFO  balancer.ContainerBalancerTask (ContainerBalancerTask.java:matchSourceWithTarget(722)) - ContainerBalancer matched source datanode 681ae63e-a876-4c5c-8c02-3bf495d957cd with target datanode 0298b916-6136-4321-989b-5bb354a0b70e for container move.
2023-08-30 06:49:52,776 [main] INFO  balancer.ContainerBalancerTask (ContainerBalancerTask.java:processMoveSelection(569)) - ContainerBalancer is trying to move container #28 with size 4294967296B from source datanode 681ae63e-a876-4c5c-8c02-3bf495d957cd to target datanode 0298b916-6136-4321-989b-5bb354a0b70e
2023-08-30 06:49:52,776 [main] DEBUG balancer.ContainerBalancerTask (ContainerBalancerTask.java:lambda$moveContainer$3(837)) - Container move completed for container #28 from source 681ae63e-a876-4c5c-8c02-3bf495d957cd to target 0298b916-6136-4321-989b-5bb354a0b70e
2023-08-30 06:49:52,779 [main] DEBUG balancer.ContainerBalancerTask (ContainerBalancerTask.java:matchSourceWithTarget(708)) - ContainerBalancer is finding suitable target for source datanode 681ae63e-a876-4c5c-8c02-3bf495d957cd
2023-08-30 06:49:52,779 [main] INFO  balancer.ContainerBalancerTask (ContainerBalancerTask.java:matchSourceWithTarget(722)) - ContainerBalancer matched source datanode 681ae63e-a876-4c5c-8c02-3bf495d957cd with target datanode 4a7a5e61-2b3f-4981-a9a4-6af45d934c18 for container move.
2023-08-30 06:49:52,779 [main] INFO  balancer.ContainerBalancerTask (ContainerBalancerTask.java:processMoveSelection(569)) - ContainerBalancer is trying to move container #88 with size 3221225472B from source datanode 681ae63e-a876-4c5c-8c02-3bf495d957cd to target datanode 4a7a5e61-2b3f-4981-a9a4-6af45d934c18
2023-08-30 06:49:52,779 [main] DEBUG balancer.ContainerBalancerTask (ContainerBalancerTask.java:lambda$moveContainer$3(837)) - Container move completed for container #88 from source 681ae63e-a876-4c5c-8c02-3bf495d957cd to target 4a7a5e61-2b3f-4981-a9a4-6af45d934c18
2023-08-30 06:49:52,782 [main] DEBUG balancer.ContainerBalancerTask (ContainerBalancerTask.java:matchSourceWithTarget(708)) - ContainerBalancer is finding suitable target for source datanode 19d3f880-e223-44b8-abcc-495fd19dfa86
2023-08-30 06:49:52,782 [main] INFO  balancer.ContainerBalancerTask (ContainerBalancerTask.java:matchSourceWithTarget(722)) - ContainerBalancer matched source datanode 19d3f880-e223-44b8-abcc-495fd19dfa86 with target datanode 0298b916-6136-4321-989b-5bb354a0b70e for container move.
2023-08-30 06:49:52,783 [main] INFO  balancer.ContainerBalancerTask (ContainerBalancerTask.java:processMoveSelection(569)) - ContainerBalancer is trying to move container #52 with size 4294967296B from source datanode 19d3f880-e223-44b8-abcc-495fd19dfa86 to target datanode 0298b916-6136-4321-989b-5bb354a0b70e
2023-08-30 06:49:52,783 [main] DEBUG balancer.ContainerBalancerTask (ContainerBalancerTask.java:lambda$moveContainer$3(837)) - Container move completed for container #52 from source 19d3f880-e223-44b8-abcc-495fd19dfa86 to target 0298b916-6136-4321-989b-5bb354a0b70e
2023-08-30 06:49:52,785 [main] DEBUG balancer.ContainerBalancerTask (ContainerBalancerTask.java:matchSourceWithTarget(708)) - ContainerBalancer is finding suitable target for source datanode d6fa954d-9233-4334-9bea-1522c897d56a
2023-08-30 06:49:52,786 [main] INFO  balancer.ContainerBalancerTask (ContainerBalancerTask.java:matchSourceWithTarget(722)) - ContainerBalancer matched source datanode d6fa954d-9233-4334-9bea-1522c897d56a with target datanode 4a7a5e61-2b3f-4981-a9a4-6af45d934c18 for container move.
2023-08-30 06:49:52,786 [main] INFO  balancer.ContainerBalancerTask (ContainerBalancerTask.java:processMoveSelection(569)) - ContainerBalancer is trying to move container #89 with size 4294967296B from source datanode d6fa954d-9233-4334-9bea-1522c897d56a to target datanode 4a7a5e61-2b3f-4981-a9a4-6af45d934c18
2023-08-30 06:49:52,786 [main] DEBUG balancer.ContainerBalancerTask (ContainerBalancerTask.java:lambda$moveContainer$3(837)) - Container move completed for container #89 from source d6fa954d-9233-4334-9bea-1522c897d56a to target 4a7a5e61-2b3f-4981-a9a4-6af45d934c18
2023-08-30 06:49:52,788 [main] DEBUG balancer.ContainerBalancerTask (ContainerBalancerTask.java:matchSourceWithTarget(708)) - ContainerBalancer is finding suitable target for source datanode 1e842003-d8bf-4dba-a164-35eddf1d3511
2023-08-30 06:49:52,788 [main] INFO  balancer.ContainerBalancerTask (ContainerBalancerTask.java:matchSourceWithTarget(722)) - ContainerBalancer matched source datanode 1e842003-d8bf-4dba-a164-35eddf1d3511 with target datanode 0298b916-6136-4321-989b-5bb354a0b70e for container move.
2023-08-30 06:49:52,789 [main] INFO  balancer.ContainerBalancerTask (ContainerBalancerTask.java:processMoveSelection(569)) - ContainerBalancer is trying to move container #50 with size 2147483648B from source datanode 1e842003-d8bf-4dba-a164-35eddf1d3511 to target datanode 0298b916-6136-4321-989b-5bb354a0b70e
2023-08-30 06:49:52,789 [main] DEBUG balancer.ContainerBalancerTask (ContainerBalancerTask.java:lambda$moveContainer$3(837)) - Container move completed for container #50 from source 1e842003-d8bf-4dba-a164-35eddf1d3511 to target 0298b916-6136-4321-989b-5bb354a0b70e
2023-08-30 06:49:52,789 [main] WARN  balancer.ContainerBalancerTask (ContainerBalancerTask.java:reachedMaxSizeToMovePerIteration(733)) - Reached max size to move limit. 53687091200 bytes have already been scheduled for balancing and the limit is 53687091200 bytes.
2023-08-30 06:49:52,789 [main] INFO  balancer.ContainerBalancerTask (ContainerBalancerTask.java:checkIterationMoveResults(642)) - Iteration Summary. Number of Datanodes involved: 7. Size moved: 50 GB (53687091200 Bytes). Number of Container moves completed: 12.
2023-08-30 06:49:52,789 [main] INFO  balancer.ContainerBalancerTask (ContainerBalancerTask.java:balance(259)) - Result of this iteration of Container Balancer: ITERATION_COMPLETED
2023-08-30 06:49:52,789 [main] INFO  balancer.ContainerBalancerTask (ContainerBalancerTask.java:tryStopWithSaveConfiguration(308)) - Save Configuration for stopping. Reason: Completed all iterations.
2023-08-30 06:49:52,790 [main] DEBUG balancer.ContainerBalancerTask (ContainerBalancerTask.java:initializeIteration(374)) - Average utilization of the cluster is 0.38698078579770684
2023-08-30 06:49:52,790 [main] DEBUG balancer.ContainerBalancerTask (ContainerBalancerTask.java:initializeIteration(386)) - Lower limit for utilization is -0.42866181187496405 and Upper limit for utilization is 1.2026233834703777
2023-08-30 06:49:52,790 [main] DEBUG balancer.ContainerBalancerTask (ContainerBalancerTask.java:initializeIteration(398)) - Utilization for node d6fa954d-9233-4334-9bea-1522c897d56a with capacity 68003648853B, used 61203283968B, and remaining 6800364885B is 0.9000000000044115
2023-08-30 06:49:52,790 [main] DEBUG balancer.ContainerBalancerTask (ContainerBalancerTask.java:initializeIteration(398)) - Utilization for node 681ae63e-a876-4c5c-8c02-3bf495d957cd with capacity 87241523200B, used 69793218560B, and remaining 17448304640B is 0.8
2023-08-30 06:49:52,790 [main] DEBUG balancer.ContainerBalancerTask (ContainerBalancerTask.java:initializeIteration(398)) - Utilization for node 19d3f880-e223-44b8-abcc-495fd19dfa86 with capacity 69026260114B, used 48318382080B, and remaining 20707878034B is 0.7000000000028974
2023-08-30 06:49:52,790 [main] DEBUG balancer.ContainerBalancerTask (ContainerBalancerTask.java:initializeIteration(398)) - Utilization for node 1e842003-d8bf-4dba-a164-35eddf1d3511 with capacity 59055800320B, used 35433480192B, and remaining 23622320128B is 0.6
2023-08-30 06:49:52,790 [main] DEBUG balancer.ContainerBalancerTask (ContainerBalancerTask.java:initializeIteration(398)) - Utilization for node 1c4b2f89-40d2-467b-9872-4fa6e5223cd7 with capacity 130996502528B, used 65498251264B, and remaining 65498251264B is 0.5
2023-08-30 06:49:52,791 [main] DEBUG balancer.ContainerBalancerTask (ContainerBalancerTask.java:initializeIteration(398)) - Utilization for node 522d7852-c2b1-4f4d-9914-dde8150cadfe with capacity 64424509440B, used 25769803776B, and remaining 38654705664B is 0.4
2023-08-30 06:49:52,791 [main] DEBUG balancer.ContainerBalancerTask (ContainerBalancerTask.java:initializeIteration(398)) - Utilization for node 58e93824-a32b-4139-b1c8-aad9a9795a7d with capacity 136007297706B, used 40802189312B, and remaining 95205108394B is 0.30000000000147053
2023-08-30 06:49:52,791 [main] DEBUG balancer.ContainerBalancerTask (ContainerBalancerTask.java:initializeIteration(398)) - Utilization for node 4a7a5e61-2b3f-4981-a9a4-6af45d934c18 with capacity 118111600640B, used 23622320128B, and remaining 94489280512B is 0.2
2023-08-30 06:49:52,791 [main] DEBUG balancer.ContainerBalancerTask (ContainerBalancerTask.java:initializeIteration(398)) - Utilization for node 0298b916-6136-4321-989b-5bb354a0b70e with capacity 257698037760B, used 25769803776B, and remaining 231928233984B is 0.1
2023-08-30 06:49:52,791 [main] DEBUG balancer.ContainerBalancerTask (ContainerBalancerTask.java:initializeIteration(398)) - Utilization for node a8dc8e14-51a9-4d83-a5bf-6c6ac6975915 with capacity 33285996544B, used 0B, and remaining 33285996544B is 0.0
2023-08-30 06:49:52,791 [main] INFO  balancer.ContainerBalancerTask (ContainerBalancerTask.java:initializeIteration(443)) - Did not find any unbalanced Datanodes.
2023-08-30 06:49:52,791 [main] INFO  balancer.ContainerBalancerTask (ContainerBalancerTask.java:tryStopWithSaveConfiguration(308)) - Save Configuration for stopping. Reason: Could not initialize ContainerBalancer's iteration number 0
2023-08-30 06:49:52,792 [main] DEBUG balancer.ContainerBalancerTask (ContainerBalancerTask.java:initializeIteration(374)) - Average utilization of the cluster is 0.38698078579770684
2023-08-30 06:49:52,792 [main] DEBUG balancer.ContainerBalancerTask (ContainerBalancerTask.java:initializeIteration(386)) - Lower limit for utilization is -0.31520427178373994 and Upper limit for utilization is 1.0891658433791536
2023-08-30 06:49:52,792 [main] DEBUG balancer.ContainerBalancerTask (ContainerBalancerTask.java:initializeIteration(398)) - Utilization for node d6fa954d-9233-4334-9bea-1522c897d56a with capacity 68003648853B, used 61203283968B, and remaining 6800364885B is 0.9000000000044115
2023-08-30 06:49:52,792 [main] DEBUG balancer.ContainerBalancerTask (ContainerBalancerTask.java:initializeIteration(398)) - Utilization for node 681ae63e-a876-4c5c-8c02-3bf495d957cd with capacity 87241523200B, used 69793218560B, and remaining 17448304640B is 0.8
2023-08-30 06:49:52,792 [main] DEBUG balancer.ContainerBalancerTask (ContainerBalancerTask.java:initializeIteration(398)) - Utilization for node 19d3f880-e223-44b8-abcc-495fd19dfa86 with capacity 69026260114B, used 48318382080B, and remaining 20707878034B is 0.7000000000028974
2023-08-30 06:49:52,792 [main] DEBUG balancer.ContainerBalancerTask (ContainerBalancerTask.java:initializeIteration(398)) - Utilization for node 1e842003-d8bf-4dba-a164-35eddf1d3511 with capacity 59055800320B, used 35433480192B, and remaining 23622320128B is 0.6
2023-08-30 06:49:52,792 [main] DEBUG balancer.ContainerBalancerTask (ContainerBalancerTask.java:initializeIteration(398)) - Utilization for node 1c4b2f89-40d2-467b-9872-4fa6e5223cd7 with capacity 130996502528B, used 65498251264B, and remaining 65498251264B is 0.5
2023-08-30 06:49:52,794 [main] DEBUG balancer.ContainerBalancerTask (ContainerBalancerTask.java:initializeIteration(398)) - Utilization for node 522d7852-c2b1-4f4d-9914-dde8150cadfe with capacity 64424509440B, used 25769803776B, and remaining 38654705664B is 0.4
2023-08-30 06:49:52,794 [main] DEBUG balancer.ContainerBalancerTask (ContainerBalancerTask.java:initializeIteration(398)) - Utilization for node 58e93824-a32b-4139-b1c8-aad9a9795a7d with capacity 136007297706B, used 40802189312B, and remaining 95205108394B is 0.30000000000147053
2023-08-30 06:49:52,794 [main] DEBUG balancer.ContainerBalancerTask (ContainerBalancerTask.java:initializeIteration(398)) - Utilization for node 4a7a5e61-2b3f-4981-a9a4-6af45d934c18 with capacity 118111600640B, used 23622320128B, and remaining 94489280512B is 0.2
2023-08-30 06:49:52,794 [main] DEBUG balancer.ContainerBalancerTask (ContainerBalancerTask.java:initializeIteration(398)) - Utilization for node 0298b916-6136-4321-989b-5bb354a0b70e with capacity 257698037760B, used 25769803776B, and remaining 231928233984B is 0.1
2023-08-30 06:49:52,795 [main] DEBUG balancer.ContainerBalancerTask (ContainerBalancerTask.java:initializeIteration(398)) - Utilization for node a8dc8e14-51a9-4d83-a5bf-6c6ac6975915 with capacity 33285996544B, used 0B, and remaining 33285996544B is 0.0
2023-08-30 06:49:52,795 [main] INFO  balancer.ContainerBalancerTask (ContainerBalancerTask.java:initializeIteration(443)) - Did not find any unbalanced Datanodes.
2023-08-30 06:49:52,795 [main] INFO  balancer.ContainerBalancerTask (ContainerBalancerTask.java:tryStopWithSaveConfiguration(308)) - Save Configuration for stopping. Reason: Could not initialize ContainerBalancer's iteration number 0
2023-08-30 06:49:52,796 [main] DEBUG balancer.ContainerBalancerTask (ContainerBalancerTask.java:initializeIteration(374)) - Average utilization of the cluster is 0.38698078579770684
2023-08-30 06:49:52,796 [main] DEBUG balancer.ContainerBalancerTask (ContainerBalancerTask.java:initializeIteration(386)) - Lower limit for utilization is 0.1745394649960808 and Upper limit for utilization is 0.5994221065993328
2023-08-30 06:49:52,796 [main] DEBUG balancer.ContainerBalancerTask (ContainerBalancerTask.java:initializeIteration(398)) - Utilization for node d6fa954d-9233-4334-9bea-1522c897d56a with capacity 68003648853B, used 61203283968B, and remaining 6800364885B is 0.9000000000044115
2023-08-30 06:49:52,796 [main] DEBUG balancer.ContainerBalancerTask (ContainerBalancerTask.java:initializeIteration(398)) - Utilization for node 681ae63e-a876-4c5c-8c02-3bf495d957cd with capacity 87241523200B, used 69793218560B, and remaining 17448304640B is 0.8
2023-08-30 06:49:52,796 [main] DEBUG balancer.ContainerBalancerTask (ContainerBalancerTask.java:initializeIteration(398)) - Utilization for node 19d3f880-e223-44b8-abcc-495fd19dfa86 with capacity 69026260114B, used 48318382080B, and remaining 20707878034B is 0.7000000000028974
2023-08-30 06:49:52,796 [main] DEBUG balancer.ContainerBalancerTask (ContainerBalancerTask.java:initializeIteration(398)) - Utilization for node 1e842003-d8bf-4dba-a164-35eddf1d3511 with capacity 59055800320B, used 35433480192B, and remaining 23622320128B is 0.6
2023-08-30 06:49:52,796 [main] DEBUG balancer.ContainerBalancerTask (ContainerBalancerTask.java:initializeIteration(398)) - Utilization for node 1c4b2f89-40d2-467b-9872-4fa6e5223cd7 with capacity 130996502528B, used 65498251264B, and remaining 65498251264B is 0.5
2023-08-30 06:49:52,796 [main] DEBUG balancer.ContainerBalancerTask (ContainerBalancerTask.java:initializeIteration(398)) - Utilization for node 522d7852-c2b1-4f4d-9914-dde8150cadfe with capacity 64424509440B, used 25769803776B, and remaining 38654705664B is 0.4
2023-08-30 06:49:52,796 [main] DEBUG balancer.ContainerBalancerTask (ContainerBalancerTask.java:initializeIteration(398)) - Utilization for node 58e93824-a32b-4139-b1c8-aad9a9795a7d with capacity 136007297706B, used 40802189312B, and remaining 95205108394B is 0.30000000000147053
2023-08-30 06:49:52,796 [main] DEBUG balancer.ContainerBalancerTask (ContainerBalancerTask.java:initializeIteration(398)) - Utilization for node 4a7a5e61-2b3f-4981-a9a4-6af45d934c18 with capacity 118111600640B, used 23622320128B, and remaining 94489280512B is 0.2
2023-08-30 06:49:52,797 [main] DEBUG balancer.ContainerBalancerTask (ContainerBalancerTask.java:initializeIteration(398)) - Utilization for node 0298b916-6136-4321-989b-5bb354a0b70e with capacity 257698037760B, used 25769803776B, and remaining 231928233984B is 0.1
2023-08-30 06:49:52,797 [main] DEBUG balancer.ContainerBalancerTask (ContainerBalancerTask.java:initializeIteration(398)) - Utilization for node a8dc8e14-51a9-4d83-a5bf-6c6ac6975915 with capacity 33285996544B, used 0B, and remaining 33285996544B is 0.0
2023-08-30 06:49:52,797 [main] INFO  balancer.ContainerBalancerTask (ContainerBalancerTask.java:initializeIteration(447)) - Container Balancer has identified 4 Over-Utilized and 2 Under-Utilized Datanodes that need to be balanced.
2023-08-30 06:49:52,797 [main] DEBUG balancer.ContainerBalancerTask (ContainerBalancerTask.java:lambda$initializeIteration$1(453)) - Datanode localhost-146.188.160.172 d6fa954d-9233-4334-9bea-1522c897d56a is Over-Utilized.
2023-08-30 06:49:52,797 [main] DEBUG balancer.ContainerBalancerTask (ContainerBalancerTask.java:lambda$initializeIteration$1(453)) - Datanode localhost-233.191.17.208 681ae63e-a876-4c5c-8c02-3bf495d957cd is Over-Utilized.
2023-08-30 06:49:52,797 [main] DEBUG balancer.ContainerBalancerTask (ContainerBalancerTask.java:lambda$initializeIteration$1(453)) - Datanode localhost-123.88.214.81 19d3f880-e223-44b8-abcc-495fd19dfa86 is Over-Utilized.
2023-08-30 06:49:52,797 [main] DEBUG balancer.ContainerBalancerTask (ContainerBalancerTask.java:lambda$initializeIteration$1(453)) - Datanode localhost-159.142.142.145 1e842003-d8bf-4dba-a164-35eddf1d3511 is Over-Utilized.
2023-08-30 06:49:52,797 [main] DEBUG balancer.ContainerBalancerTask (ContainerBalancerTask.java:lambda$initializeIteration$2(459)) - Datanode localhost-89.157.111.179 a8dc8e14-51a9-4d83-a5bf-6c6ac6975915 is Under-Utilized.
2023-08-30 06:49:52,797 [main] DEBUG balancer.ContainerBalancerTask (ContainerBalancerTask.java:lambda$initializeIteration$2(459)) - Datanode localhost-248.15.158.135 0298b916-6136-4321-989b-5bb354a0b70e is Under-Utilized.
2023-08-30 06:49:52,800 [main] DEBUG balancer.ContainerBalancerTask (ContainerBalancerTask.java:matchSourceWithTarget(708)) - ContainerBalancer is finding suitable target for source datanode d6fa954d-9233-4334-9bea-1522c897d56a
2023-08-30 06:49:52,800 [main] INFO  balancer.ContainerBalancerTask (ContainerBalancerTask.java:matchSourceWithTarget(722)) - ContainerBalancer matched source datanode d6fa954d-9233-4334-9bea-1522c897d56a with target datanode a8dc8e14-51a9-4d83-a5bf-6c6ac6975915 for container move.
2023-08-30 06:49:52,800 [main] INFO  balancer.ContainerBalancerTask (ContainerBalancerTask.java:processMoveSelection(569)) - ContainerBalancer is trying to move container #85 with size 5368709120B from source datanode d6fa954d-9233-4334-9bea-1522c897d56a to target datanode a8dc8e14-51a9-4d83-a5bf-6c6ac6975915
2023-08-30 06:49:52,800 [main] DEBUG balancer.ContainerBalancerTask (ContainerBalancerTask.java:lambda$moveContainer$3(837)) - Container move completed for container #85 from source d6fa954d-9233-4334-9bea-1522c897d56a to target a8dc8e14-51a9-4d83-a5bf-6c6ac6975915
2023-08-30 06:49:52,803 [main] DEBUG balancer.ContainerBalancerTask (ContainerBalancerTask.java:matchSourceWithTarget(708)) - ContainerBalancer is finding suitable target for source datanode d6fa954d-9233-4334-9bea-1522c897d56a
2023-08-30 06:49:52,803 [main] INFO  balancer.ContainerBalancerTask (ContainerBalancerTask.java:matchSourceWithTarget(722)) - ContainerBalancer matched source datanode d6fa954d-9233-4334-9bea-1522c897d56a with target datanode 0298b916-6136-4321-989b-5bb354a0b70e for container move.
2023-08-30 06:49:52,803 [main] INFO  balancer.ContainerBalancerTask (ContainerBalancerTask.java:processMoveSelection(569)) - ContainerBalancer is trying to move container #29 with size 5368709120B from source datanode d6fa954d-9233-4334-9bea-1522c897d56a to target datanode 0298b916-6136-4321-989b-5bb354a0b70e
2023-08-30 06:49:52,803 [main] DEBUG balancer.ContainerBalancerTask (ContainerBalancerTask.java:lambda$moveContainer$3(837)) - Container move completed for container #29 from source d6fa954d-9233-4334-9bea-1522c897d56a to target 0298b916-6136-4321-989b-5bb354a0b70e
2023-08-30 06:49:52,806 [main] DEBUG balancer.ContainerBalancerTask (ContainerBalancerTask.java:matchSourceWithTarget(708)) - ContainerBalancer is finding suitable target for source datanode 681ae63e-a876-4c5c-8c02-3bf495d957cd
2023-08-30 06:49:52,806 [main] INFO  balancer.ContainerBalancerTask (ContainerBalancerTask.java:matchSourceWithTarget(722)) - ContainerBalancer matched source datanode 681ae63e-a876-4c5c-8c02-3bf495d957cd with target datanode 0298b916-6136-4321-989b-5bb354a0b70e for container move.
2023-08-30 06:49:52,806 [main] INFO  balancer.ContainerBalancerTask (ContainerBalancerTask.java:processMoveSelection(569)) - ContainerBalancer is trying to move container #68 with size 5368709120B from source datanode 681ae63e-a876-4c5c-8c02-3bf495d957cd to target datanode 0298b916-6136-4321-989b-5bb354a0b70e
2023-08-30 06:49:52,806 [main] DEBUG balancer.ContainerBalancerTask (ContainerBalancerTask.java:lambda$moveContainer$3(837)) - Container move completed for container #68 from source 681ae63e-a876-4c5c-8c02-3bf495d957cd to target 0298b916-6136-4321-989b-5bb354a0b70e
2023-08-30 06:49:52,809 [main] DEBUG balancer.ContainerBalancerTask (ContainerBalancerTask.java:matchSourceWithTarget(708)) - ContainerBalancer is finding suitable target for source datanode d6fa954d-9233-4334-9bea-1522c897d56a
2023-08-30 06:49:52,809 [main] INFO  balancer.ContainerBalancerTask (ContainerBalancerTask.java:matchSourceWithTarget(722)) - ContainerBalancer matched source datanode d6fa954d-9233-4334-9bea-1522c897d56a with target datanode 0298b916-6136-4321-989b-5bb354a0b70e for container move.
2023-08-30 06:49:52,809 [main] INFO  balancer.ContainerBalancerTask (ContainerBalancerTask.java:processMoveSelection(569)) - ContainerBalancer is trying to move container #84 with size 4294967296B from source datanode d6fa954d-9233-4334-9bea-1522c897d56a to target datanode 0298b916-6136-4321-989b-5bb354a0b70e
2023-08-30 06:49:52,810 [main] DEBUG balancer.ContainerBalancerTask (ContainerBalancerTask.java:lambda$moveContainer$3(837)) - Container move completed for container #84 from source d6fa954d-9233-4334-9bea-1522c897d56a to target 0298b916-6136-4321-989b-5bb354a0b70e
2023-08-30 06:49:52,812 [main] DEBUG balancer.ContainerBalancerTask (ContainerBalancerTask.java:matchSourceWithTarget(708)) - ContainerBalancer is finding suitable target for source datanode 681ae63e-a876-4c5c-8c02-3bf495d957cd
2023-08-30 06:49:52,813 [main] INFO  balancer.ContainerBalancerTask (ContainerBalancerTask.java:matchSourceWithTarget(722)) - ContainerBalancer matched source datanode 681ae63e-a876-4c5c-8c02-3bf495d957cd with target datanode 0298b916-6136-4321-989b-5bb354a0b70e for container move.
2023-08-30 06:49:52,813 [main] INFO  balancer.ContainerBalancerTask (ContainerBalancerTask.java:processMoveSelection(569)) - ContainerBalancer is trying to move container #40 with size 5368709120B from source datanode 681ae63e-a876-4c5c-8c02-3bf495d957cd to target datanode 0298b916-6136-4321-989b-5bb354a0b70e
2023-08-30 06:49:52,813 [main] DEBUG balancer.ContainerBalancerTask (ContainerBalancerTask.java:lambda$moveContainer$3(837)) - Container move completed for container #40 from source 681ae63e-a876-4c5c-8c02-3bf495d957cd to target 0298b916-6136-4321-989b-5bb354a0b70e
2023-08-30 06:49:52,816 [main] DEBUG balancer.ContainerBalancerTask (ContainerBalancerTask.java:matchSourceWithTarget(708)) - ContainerBalancer is finding suitable target for source datanode 19d3f880-e223-44b8-abcc-495fd19dfa86
2023-08-30 06:49:52,816 [main] INFO  balancer.ContainerBalancerTask (ContainerBalancerTask.java:matchSourceWithTarget(722)) - ContainerBalancer matched source datanode 19d3f880-e223-44b8-abcc-495fd19dfa86 with target datanode a8dc8e14-51a9-4d83-a5bf-6c6ac6975915 for container move.
2023-08-30 06:49:52,816 [main] INFO  balancer.ContainerBalancerTask (ContainerBalancerTask.java:processMoveSelection(569)) - ContainerBalancer is trying to move container #53 with size 5368709120B from source datanode 19d3f880-e223-44b8-abcc-495fd19dfa86 to target datanode a8dc8e14-51a9-4d83-a5bf-6c6ac6975915
2023-08-30 06:49:52,816 [main] DEBUG balancer.ContainerBalancerTask (ContainerBalancerTask.java:lambda$moveContainer$3(837)) - Container move completed for container #53 from source 19d3f880-e223-44b8-abcc-495fd19dfa86 to target a8dc8e14-51a9-4d83-a5bf-6c6ac6975915
2023-08-30 06:49:52,819 [main] DEBUG balancer.ContainerBalancerTask (ContainerBalancerTask.java:matchSourceWithTarget(708)) - ContainerBalancer is finding suitable target for source datanode d6fa954d-9233-4334-9bea-1522c897d56a
2023-08-30 06:49:52,819 [main] INFO  balancer.ContainerBalancerTask (ContainerBalancerTask.java:matchSourceWithTarget(722)) - ContainerBalancer matched source datanode d6fa954d-9233-4334-9bea-1522c897d56a with target datanode 0298b916-6136-4321-989b-5bb354a0b70e for container move.
2023-08-30 06:49:52,819 [main] INFO  balancer.ContainerBalancerTask (ContainerBalancerTask.java:processMoveSelection(569)) - ContainerBalancer is trying to move container #67 with size 4294967296B from source datanode d6fa954d-9233-4334-9bea-1522c897d56a to target datanode 0298b916-6136-4321-989b-5bb354a0b70e
2023-08-30 06:49:52,819 [main] DEBUG balancer.ContainerBalancerTask (ContainerBalancerTask.java:lambda$moveContainer$3(837)) - Container move completed for container #67 from source d6fa954d-9233-4334-9bea-1522c897d56a to target 0298b916-6136-4321-989b-5bb354a0b70e
2023-08-30 06:49:52,822 [main] DEBUG balancer.ContainerBalancerTask (ContainerBalancerTask.java:matchSourceWithTarget(708)) - ContainerBalancer is finding suitable target for source datanode 681ae63e-a876-4c5c-8c02-3bf495d957cd
2023-08-30 06:49:52,822 [main] INFO  balancer.ContainerBalancerTask (ContainerBalancerTask.java:matchSourceWithTarget(722)) - ContainerBalancer matched source datanode 681ae63e-a876-4c5c-8c02-3bf495d957cd with target datanode 0298b916-6136-4321-989b-5bb354a0b70e for container move.
2023-08-30 06:49:52,822 [main] INFO  balancer.ContainerBalancerTask (ContainerBalancerTask.java:processMoveSelection(569)) - ContainerBalancer is trying to move container #28 with size 4294967296B from source datanode 681ae63e-a876-4c5c-8c02-3bf495d957cd to target datanode 0298b916-6136-4321-989b-5bb354a0b70e
2023-08-30 06:49:52,823 [main] DEBUG balancer.ContainerBalancerTask (ContainerBalancerTask.java:lambda$moveContainer$3(837)) - Container move completed for container #28 from source 681ae63e-a876-4c5c-8c02-3bf495d957cd to target 0298b916-6136-4321-989b-5bb354a0b70e
2023-08-30 06:49:52,825 [main] DEBUG balancer.ContainerBalancerTask (ContainerBalancerTask.java:matchSourceWithTarget(708)) - ContainerBalancer is finding suitable target for source datanode 681ae63e-a876-4c5c-8c02-3bf495d957cd
2023-08-30 06:49:52,826 [main] INFO  balancer.ContainerBalancerTask (ContainerBalancerTask.java:matchSourceWithTarget(722)) - ContainerBalancer matched source datanode 681ae63e-a876-4c5c-8c02-3bf495d957cd with target datanode 0298b916-6136-4321-989b-5bb354a0b70e for container move.
2023-08-30 06:49:52,826 [main] INFO  balancer.ContainerBalancerTask (ContainerBalancerTask.java:processMoveSelection(569)) - ContainerBalancer is trying to move container #88 with size 3221225472B from source datanode 681ae63e-a876-4c5c-8c02-3bf495d957cd to target datanode 0298b916-6136-4321-989b-5bb354a0b70e
2023-08-30 06:49:52,826 [main] DEBUG balancer.ContainerBalancerTask (ContainerBalancerTask.java:lambda$moveContainer$3(837)) - Container move completed for container #88 from source 681ae63e-a876-4c5c-8c02-3bf495d957cd to target 0298b916-6136-4321-989b-5bb354a0b70e
2023-08-30 06:49:52,829 [main] DEBUG balancer.ContainerBalancerTask (ContainerBalancerTask.java:matchSourceWithTarget(708)) - ContainerBalancer is finding suitable target for source datanode 19d3f880-e223-44b8-abcc-495fd19dfa86
2023-08-30 06:49:52,829 [main] INFO  balancer.ContainerBalancerTask (ContainerBalancerTask.java:matchSourceWithTarget(722)) - ContainerBalancer matched source datanode 19d3f880-e223-44b8-abcc-495fd19dfa86 with target datanode 0298b916-6136-4321-989b-5bb354a0b70e for container move.
2023-08-30 06:49:52,829 [main] INFO  balancer.ContainerBalancerTask (ContainerBalancerTask.java:processMoveSelection(569)) - ContainerBalancer is trying to move container #52 with size 4294967296B from source datanode 19d3f880-e223-44b8-abcc-495fd19dfa86 to target datanode 0298b916-6136-4321-989b-5bb354a0b70e
2023-08-30 06:49:52,829 [main] DEBUG balancer.ContainerBalancerTask (ContainerBalancerTask.java:lambda$moveContainer$3(837)) - Container move completed for container #52 from source 19d3f880-e223-44b8-abcc-495fd19dfa86 to target 0298b916-6136-4321-989b-5bb354a0b70e
2023-08-30 06:49:52,832 [main] DEBUG balancer.ContainerBalancerTask (ContainerBalancerTask.java:matchSourceWithTarget(708)) - ContainerBalancer is finding suitable target for source datanode d6fa954d-9233-4334-9bea-1522c897d56a
2023-08-30 06:49:52,832 [main] INFO  balancer.ContainerBalancerTask (ContainerBalancerTask.java:matchSourceWithTarget(722)) - ContainerBalancer matched source datanode d6fa954d-9233-4334-9bea-1522c897d56a with target datanode 0298b916-6136-4321-989b-5bb354a0b70e for container move.
2023-08-30 06:49:52,832 [main] INFO  balancer.ContainerBalancerTask (ContainerBalancerTask.java:processMoveSelection(569)) - ContainerBalancer is trying to move container #19 with size 4294967296B from source datanode d6fa954d-9233-4334-9bea-1522c897d56a to target datanode 0298b916-6136-4321-989b-5bb354a0b70e
2023-08-30 06:49:52,832 [main] DEBUG balancer.ContainerBalancerTask (ContainerBalancerTask.java:lambda$moveContainer$3(837)) - Container move completed for container #19 from source d6fa954d-9233-4334-9bea-1522c897d56a to target 0298b916-6136-4321-989b-5bb354a0b70e
2023-08-30 06:49:52,835 [main] DEBUG balancer.ContainerBalancerTask (ContainerBalancerTask.java:matchSourceWithTarget(708)) - ContainerBalancer is finding suitable target for source datanode 1e842003-d8bf-4dba-a164-35eddf1d3511
2023-08-30 06:49:52,835 [main] INFO  balancer.ContainerBalancerTask (ContainerBalancerTask.java:matchSourceWithTarget(722)) - ContainerBalancer matched source datanode 1e842003-d8bf-4dba-a164-35eddf1d3511 with target datanode 0298b916-6136-4321-989b-5bb354a0b70e for container move.
2023-08-30 06:49:52,835 [main] INFO  balancer.ContainerBalancerTask (ContainerBalancerTask.java:processMoveSelection(569)) - ContainerBalancer is trying to move container #50 with size 2147483648B from source datanode 1e842003-d8bf-4dba-a164-35eddf1d3511 to target datanode 0298b916-6136-4321-989b-5bb354a0b70e
2023-08-30 06:49:52,835 [main] DEBUG balancer.ContainerBalancerTask (ContainerBalancerTask.java:lambda$moveContainer$3(837)) - Container move completed for container #50 from source 1e842003-d8bf-4dba-a164-35eddf1d3511 to target 0298b916-6136-4321-989b-5bb354a0b70e
2023-08-30 06:49:52,835 [main] WARN  balancer.ContainerBalancerTask (ContainerBalancerTask.java:reachedMaxSizeToMovePerIteration(733)) - Reached max size to move limit. 53687091200 bytes have already been scheduled for balancing and the limit is 53687091200 bytes.
2023-08-30 06:49:52,835 [main] INFO  balancer.ContainerBalancerTask (ContainerBalancerTask.java:checkIterationMoveResults(642)) - Iteration Summary. Number of Datanodes involved: 6. Size moved: 50 GB (53687091200 Bytes). Number of Container moves completed: 12.
2023-08-30 06:49:52,836 [main] INFO  balancer.ContainerBalancerTask (ContainerBalancerTask.java:balance(259)) - Result of this iteration of Container Balancer: ITERATION_COMPLETED
2023-08-30 06:49:52,836 [main] INFO  balancer.ContainerBalancerTask (ContainerBalancerTask.java:tryStopWithSaveConfiguration(308)) - Save Configuration for stopping. Reason: Completed all iterations.
2023-08-30 06:49:52,836 [main] DEBUG balancer.ContainerBalancerTask (ContainerBalancerTask.java:initializeIteration(374)) - Average utilization of the cluster is 0.38698078579770684
2023-08-30 06:49:52,837 [main] DEBUG balancer.ContainerBalancerTask (ContainerBalancerTask.java:initializeIteration(386)) - Lower limit for utilization is -0.5131309017794985 and Upper limit for utilization is 1.2870924733749123
2023-08-30 06:49:52,837 [main] DEBUG balancer.ContainerBalancerTask (ContainerBalancerTask.java:initializeIteration(398)) - Utilization for node d6fa954d-9233-4334-9bea-1522c897d56a with capacity 68003648853B, used 61203283968B, and remaining 6800364885B is 0.9000000000044115
2023-08-30 06:49:52,837 [main] DEBUG balancer.ContainerBalancerTask (ContainerBalancerTask.java:initializeIteration(398)) - Utilization for node 681ae63e-a876-4c5c-8c02-3bf495d957cd with capacity 87241523200B, used 69793218560B, and remaining 17448304640B is 0.8
2023-08-30 06:49:52,837 [main] DEBUG balancer.ContainerBalancerTask (ContainerBalancerTask.java:initializeIteration(398)) - Utilization for node 19d3f880-e223-44b8-abcc-495fd19dfa86 with capacity 69026260114B, used 48318382080B, and remaining 20707878034B is 0.7000000000028974
2023-08-30 06:49:52,837 [main] DEBUG balancer.ContainerBalancerTask (ContainerBalancerTask.java:initializeIteration(398)) - Utilization for node 1e842003-d8bf-4dba-a164-35eddf1d3511 with capacity 59055800320B, used 35433480192B, and remaining 23622320128B is 0.6
2023-08-30 06:49:52,837 [main] DEBUG balancer.ContainerBalancerTask (ContainerBalancerTask.java:initializeIteration(398)) - Utilization for node 1c4b2f89-40d2-467b-9872-4fa6e5223cd7 with capacity 130996502528B, used 65498251264B, and remaining 65498251264B is 0.5
2023-08-30 06:49:52,837 [main] DEBUG balancer.ContainerBalancerTask (ContainerBalancerTask.java:initializeIteration(398)) - Utilization for node 522d7852-c2b1-4f4d-9914-dde8150cadfe with capacity 64424509440B, used 25769803776B, and remaining 38654705664B is 0.4
2023-08-30 06:49:52,837 [main] DEBUG balancer.ContainerBalancerTask (ContainerBalancerTask.java:initializeIteration(398)) - Utilization for node 58e93824-a32b-4139-b1c8-aad9a9795a7d with capacity 136007297706B, used 40802189312B, and remaining 95205108394B is 0.30000000000147053
2023-08-30 06:49:52,837 [main] DEBUG balancer.ContainerBalancerTask (ContainerBalancerTask.java:initializeIteration(398)) - Utilization for node 4a7a5e61-2b3f-4981-a9a4-6af45d934c18 with capacity 118111600640B, used 23622320128B, and remaining 94489280512B is 0.2
2023-08-30 06:49:52,837 [main] DEBUG balancer.ContainerBalancerTask (ContainerBalancerTask.java:initializeIteration(398)) - Utilization for node 0298b916-6136-4321-989b-5bb354a0b70e with capacity 257698037760B, used 25769803776B, and remaining 231928233984B is 0.1
2023-08-30 06:49:52,837 [main] DEBUG balancer.ContainerBalancerTask (ContainerBalancerTask.java:initializeIteration(398)) - Utilization for node a8dc8e14-51a9-4d83-a5bf-6c6ac6975915 with capacity 33285996544B, used 0B, and remaining 33285996544B is 0.0
2023-08-30 06:49:52,837 [main] INFO  balancer.ContainerBalancerTask (ContainerBalancerTask.java:initializeIteration(443)) - Did not find any unbalanced Datanodes.
2023-08-30 06:49:52,838 [main] INFO  balancer.ContainerBalancerTask (ContainerBalancerTask.java:tryStopWithSaveConfiguration(308)) - Save Configuration for stopping. Reason: Could not initialize ContainerBalancer's iteration number 0
2023-08-30 06:49:52,838 [main] DEBUG balancer.ContainerBalancerTask (ContainerBalancerTask.java:initializeIteration(374)) - Average utilization of the cluster is 0.38698078579770684
2023-08-30 06:49:52,838 [main] DEBUG balancer.ContainerBalancerTask (ContainerBalancerTask.java:initializeIteration(386)) - Lower limit for utilization is -0.11836649098859892 and Upper limit for utilization is 0.8923280625840126
2023-08-30 06:49:52,838 [main] DEBUG balancer.ContainerBalancerTask (ContainerBalancerTask.java:initializeIteration(398)) - Utilization for node d6fa954d-9233-4334-9bea-1522c897d56a with capacity 68003648853B, used 61203283968B, and remaining 6800364885B is 0.9000000000044115
2023-08-30 06:49:52,838 [main] DEBUG balancer.ContainerBalancerTask (ContainerBalancerTask.java:initializeIteration(398)) - Utilization for node 681ae63e-a876-4c5c-8c02-3bf495d957cd with capacity 87241523200B, used 69793218560B, and remaining 17448304640B is 0.8
2023-08-30 06:49:52,838 [main] DEBUG balancer.ContainerBalancerTask (ContainerBalancerTask.java:initializeIteration(398)) - Utilization for node 19d3f880-e223-44b8-abcc-495fd19dfa86 with capacity 69026260114B, used 48318382080B, and remaining 20707878034B is 0.7000000000028974
2023-08-30 06:49:52,839 [main] DEBUG balancer.ContainerBalancerTask (ContainerBalancerTask.java:initializeIteration(398)) - Utilization for node 1e842003-d8bf-4dba-a164-35eddf1d3511 with capacity 59055800320B, used 35433480192B, and remaining 23622320128B is 0.6
2023-08-30 06:49:52,839 [main] DEBUG balancer.ContainerBalancerTask (ContainerBalancerTask.java:initializeIteration(398)) - Utilization for node 1c4b2f89-40d2-467b-9872-4fa6e5223cd7 with capacity 130996502528B, used 65498251264B, and remaining 65498251264B is 0.5
2023-08-30 06:49:52,839 [main] DEBUG balancer.ContainerBalancerTask (ContainerBalancerTask.java:initializeIteration(398)) - Utilization for node 522d7852-c2b1-4f4d-9914-dde8150cadfe with capacity 64424509440B, used 25769803776B, and remaining 38654705664B is 0.4
2023-08-30 06:49:52,839 [main] DEBUG balancer.ContainerBalancerTask (ContainerBalancerTask.java:initializeIteration(398)) - Utilization for node 58e93824-a32b-4139-b1c8-aad9a9795a7d with capacity 136007297706B, used 40802189312B, and remaining 95205108394B is 0.30000000000147053
2023-08-30 06:49:52,839 [main] DEBUG balancer.ContainerBalancerTask (ContainerBalancerTask.java:initializeIteration(398)) - Utilization for node 4a7a5e61-2b3f-4981-a9a4-6af45d934c18 with capacity 118111600640B, used 23622320128B, and remaining 94489280512B is 0.2
2023-08-30 06:49:52,839 [main] DEBUG balancer.ContainerBalancerTask (ContainerBalancerTask.java:initializeIteration(398)) - Utilization for node 0298b916-6136-4321-989b-5bb354a0b70e with capacity 257698037760B, used 25769803776B, and remaining 231928233984B is 0.1
2023-08-30 06:49:52,839 [main] DEBUG balancer.ContainerBalancerTask (ContainerBalancerTask.java:initializeIteration(398)) - Utilization for node a8dc8e14-51a9-4d83-a5bf-6c6ac6975915 with capacity 33285996544B, used 0B, and remaining 33285996544B is 0.0
2023-08-30 06:49:52,839 [main] INFO  balancer.ContainerBalancerTask (ContainerBalancerTask.java:initializeIteration(447)) - Container Balancer has identified 1 Over-Utilized and 0 Under-Utilized Datanodes that need to be balanced.
2023-08-30 06:49:52,839 [main] DEBUG balancer.ContainerBalancerTask (ContainerBalancerTask.java:lambda$initializeIteration$1(453)) - Datanode localhost-146.188.160.172 d6fa954d-9233-4334-9bea-1522c897d56a is Over-Utilized.
2023-08-30 06:49:52,842 [main] DEBUG balancer.ContainerBalancerTask (ContainerBalancerTask.java:matchSourceWithTarget(708)) - ContainerBalancer is finding suitable target for source datanode d6fa954d-9233-4334-9bea-1522c897d56a
2023-08-30 06:49:52,842 [main] INFO  balancer.FindTargetGreedyByUsageInfo (AbstractFindTargetGreedy.java:findTargetForContainerMove(133)) - Container Balancer could not find a target for source datanode d6fa954d-9233-4334-9bea-1522c897d56a
2023-08-30 06:49:52,842 [main] DEBUG balancer.ContainerBalancerTask (ContainerBalancerTask.java:matchSourceWithTarget(717)) - ContainerBalancer could not find a suitable target for source node d6fa954d-9233-4334-9bea-1522c897d56a.
2023-08-30 06:49:52,842 [main] INFO  balancer.FindSourceGreedy (FindSourceGreedy.java:getNextCandidateSourceDataNode(126)) - no more candidate source data node
2023-08-30 06:49:52,842 [main] INFO  balancer.ContainerBalancerTask (ContainerBalancerTask.java:balance(259)) - Result of this iteration of Container Balancer: CAN_NOT_BALANCE_ANY_MORE
2023-08-30 06:49:52,842 [main] INFO  balancer.ContainerBalancerTask (ContainerBalancerTask.java:tryStopWithSaveConfiguration(308)) - Save Configuration for stopping. Reason: CAN_NOT_BALANCE_ANY_MORE
2023-08-30 06:49:52,843 [main] DEBUG balancer.ContainerBalancerTask (ContainerBalancerTask.java:initializeIteration(374)) - Average utilization of the cluster is 0.38698078579770684
2023-08-30 06:49:52,843 [main] DEBUG balancer.ContainerBalancerTask (ContainerBalancerTask.java:initializeIteration(386)) - Lower limit for utilization is -0.07623538796756163 and Upper limit for utilization is 0.8501969595629753
2023-08-30 06:49:52,843 [main] DEBUG balancer.ContainerBalancerTask (ContainerBalancerTask.java:initializeIteration(398)) - Utilization for node d6fa954d-9233-4334-9bea-1522c897d56a with capacity 68003648853B, used 61203283968B, and remaining 6800364885B is 0.9000000000044115
2023-08-30 06:49:52,843 [main] DEBUG balancer.ContainerBalancerTask (ContainerBalancerTask.java:initializeIteration(398)) - Utilization for node 681ae63e-a876-4c5c-8c02-3bf495d957cd with capacity 87241523200B, used 69793218560B, and remaining 17448304640B is 0.8
2023-08-30 06:49:52,843 [main] DEBUG balancer.ContainerBalancerTask (ContainerBalancerTask.java:initializeIteration(398)) - Utilization for node 19d3f880-e223-44b8-abcc-495fd19dfa86 with capacity 69026260114B, used 48318382080B, and remaining 20707878034B is 0.7000000000028974
2023-08-30 06:49:52,843 [main] DEBUG balancer.ContainerBalancerTask (ContainerBalancerTask.java:initializeIteration(398)) - Utilization for node 1e842003-d8bf-4dba-a164-35eddf1d3511 with capacity 59055800320B, used 35433480192B, and remaining 23622320128B is 0.6
2023-08-30 06:49:52,843 [main] DEBUG balancer.ContainerBalancerTask (ContainerBalancerTask.java:initializeIteration(398)) - Utilization for node 1c4b2f89-40d2-467b-9872-4fa6e5223cd7 with capacity 130996502528B, used 65498251264B, and remaining 65498251264B is 0.5
2023-08-30 06:49:52,843 [main] DEBUG balancer.ContainerBalancerTask (ContainerBalancerTask.java:initializeIteration(398)) - Utilization for node 522d7852-c2b1-4f4d-9914-dde8150cadfe with capacity 64424509440B, used 25769803776B, and remaining 38654705664B is 0.4
2023-08-30 06:49:52,843 [main] DEBUG balancer.ContainerBalancerTask (ContainerBalancerTask.java:initializeIteration(398)) - Utilization for node 58e93824-a32b-4139-b1c8-aad9a9795a7d with capacity 136007297706B, used 40802189312B, and remaining 95205108394B is 0.30000000000147053
2023-08-30 06:49:52,844 [main] DEBUG balancer.ContainerBalancerTask (ContainerBalancerTask.java:initializeIteration(398)) - Utilization for node 4a7a5e61-2b3f-4981-a9a4-6af45d934c18 with capacity 118111600640B, used 23622320128B, and remaining 94489280512B is 0.2
2023-08-30 06:49:52,844 [main] DEBUG balancer.ContainerBalancerTask (ContainerBalancerTask.java:initializeIteration(398)) - Utilization for node 0298b916-6136-4321-989b-5bb354a0b70e with capacity 257698037760B, used 25769803776B, and remaining 231928233984B is 0.1
2023-08-30 06:49:52,844 [main] DEBUG balancer.ContainerBalancerTask (ContainerBalancerTask.java:initializeIteration(398)) - Utilization for node a8dc8e14-51a9-4d83-a5bf-6c6ac6975915 with capacity 33285996544B, used 0B, and remaining 33285996544B is 0.0
2023-08-30 06:49:52,844 [main] INFO  balancer.ContainerBalancerTask (ContainerBalancerTask.java:initializeIteration(447)) - Container Balancer has identified 1 Over-Utilized and 0 Under-Utilized Datanodes that need to be balanced.
2023-08-30 06:49:52,844 [main] DEBUG balancer.ContainerBalancerTask (ContainerBalancerTask.java:lambda$initializeIteration$1(453)) - Datanode localhost-146.188.160.172 d6fa954d-9233-4334-9bea-1522c897d56a is Over-Utilized.
2023-08-30 06:49:52,846 [main] DEBUG balancer.ContainerBalancerTask (ContainerBalancerTask.java:matchSourceWithTarget(708)) - ContainerBalancer is finding suitable target for source datanode d6fa954d-9233-4334-9bea-1522c897d56a
2023-08-30 06:49:52,847 [main] INFO  balancer.FindTargetGreedyByUsageInfo (AbstractFindTargetGreedy.java:findTargetForContainerMove(133)) - Container Balancer could not find a target for source datanode d6fa954d-9233-4334-9bea-1522c897d56a
2023-08-30 06:49:52,847 [main] DEBUG balancer.ContainerBalancerTask (ContainerBalancerTask.java:matchSourceWithTarget(717)) - ContainerBalancer could not find a suitable target for source node d6fa954d-9233-4334-9bea-1522c897d56a.
2023-08-30 06:49:52,847 [main] INFO  balancer.FindSourceGreedy (FindSourceGreedy.java:getNextCandidateSourceDataNode(126)) - no more candidate source data node
2023-08-30 06:49:52,847 [main] INFO  balancer.ContainerBalancerTask (ContainerBalancerTask.java:balance(259)) - Result of this iteration of Container Balancer: CAN_NOT_BALANCE_ANY_MORE
2023-08-30 06:49:52,847 [main] INFO  balancer.ContainerBalancerTask (ContainerBalancerTask.java:tryStopWithSaveConfiguration(308)) - Save Configuration for stopping. Reason: CAN_NOT_BALANCE_ANY_MORE
2023-08-30 06:49:52,847 [main] DEBUG balancer.ContainerBalancerTask (ContainerBalancerTask.java:initializeIteration(374)) - Average utilization of the cluster is 0.38698078579770684
2023-08-30 06:49:52,848 [main] DEBUG balancer.ContainerBalancerTask (ContainerBalancerTask.java:initializeIteration(386)) - Lower limit for utilization is 0.3106549269817603 and Upper limit for utilization is 0.4633066446136534
2023-08-30 06:49:52,848 [main] DEBUG balancer.ContainerBalancerTask (ContainerBalancerTask.java:initializeIteration(398)) - Utilization for node d6fa954d-9233-4334-9bea-1522c897d56a with capacity 68003648853B, used 61203283968B, and remaining 6800364885B is 0.9000000000044115
2023-08-30 06:49:52,848 [main] DEBUG balancer.ContainerBalancerTask (ContainerBalancerTask.java:initializeIteration(398)) - Utilization for node 681ae63e-a876-4c5c-8c02-3bf495d957cd with capacity 87241523200B, used 69793218560B, and remaining 17448304640B is 0.8
2023-08-30 06:49:52,848 [main] DEBUG balancer.ContainerBalancerTask (ContainerBalancerTask.java:initializeIteration(398)) - Utilization for node 19d3f880-e223-44b8-abcc-495fd19dfa86 with capacity 69026260114B, used 48318382080B, and remaining 20707878034B is 0.7000000000028974
2023-08-30 06:49:52,848 [main] DEBUG balancer.ContainerBalancerTask (ContainerBalancerTask.java:initializeIteration(398)) - Utilization for node 1e842003-d8bf-4dba-a164-35eddf1d3511 with capacity 59055800320B, used 35433480192B, and remaining 23622320128B is 0.6
2023-08-30 06:49:52,848 [main] DEBUG balancer.ContainerBalancerTask (ContainerBalancerTask.java:initializeIteration(398)) - Utilization for node 1c4b2f89-40d2-467b-9872-4fa6e5223cd7 with capacity 130996502528B, used 65498251264B, and remaining 65498251264B is 0.5
2023-08-30 06:49:52,848 [main] DEBUG balancer.ContainerBalancerTask (ContainerBalancerTask.java:initializeIteration(398)) - Utilization for node 522d7852-c2b1-4f4d-9914-dde8150cadfe with capacity 64424509440B, used 25769803776B, and remaining 38654705664B is 0.4
2023-08-30 06:49:52,848 [main] DEBUG balancer.ContainerBalancerTask (ContainerBalancerTask.java:initializeIteration(398)) - Utilization for node 58e93824-a32b-4139-b1c8-aad9a9795a7d with capacity 136007297706B, used 40802189312B, and remaining 95205108394B is 0.30000000000147053
2023-08-30 06:49:52,848 [main] DEBUG balancer.ContainerBalancerTask (ContainerBalancerTask.java:initializeIteration(398)) - Utilization for node 4a7a5e61-2b3f-4981-a9a4-6af45d934c18 with capacity 118111600640B, used 23622320128B, and remaining 94489280512B is 0.2
2023-08-30 06:49:52,848 [main] DEBUG balancer.ContainerBalancerTask (ContainerBalancerTask.java:initializeIteration(398)) - Utilization for node 0298b916-6136-4321-989b-5bb354a0b70e with capacity 257698037760B, used 25769803776B, and remaining 231928233984B is 0.1
2023-08-30 06:49:52,848 [main] DEBUG balancer.ContainerBalancerTask (ContainerBalancerTask.java:initializeIteration(398)) - Utilization for node a8dc8e14-51a9-4d83-a5bf-6c6ac6975915 with capacity 33285996544B, used 0B, and remaining 33285996544B is 0.0
2023-08-30 06:49:52,849 [main] INFO  balancer.ContainerBalancerTask (ContainerBalancerTask.java:initializeIteration(447)) - Container Balancer has identified 5 Over-Utilized and 4 Under-Utilized Datanodes that need to be balanced.
2023-08-30 06:49:52,849 [main] DEBUG balancer.ContainerBalancerTask (ContainerBalancerTask.java:lambda$initializeIteration$1(453)) - Datanode localhost-146.188.160.172 d6fa954d-9233-4334-9bea-1522c897d56a is Over-Utilized.
2023-08-30 06:49:52,849 [main] DEBUG balancer.ContainerBalancerTask (ContainerBalancerTask.java:lambda$initializeIteration$1(453)) - Datanode localhost-233.191.17.208 681ae63e-a876-4c5c-8c02-3bf495d957cd is Over-Utilized.
2023-08-30 06:49:52,849 [main] DEBUG balancer.ContainerBalancerTask (ContainerBalancerTask.java:lambda$initializeIteration$1(453)) - Datanode localhost-123.88.214.81 19d3f880-e223-44b8-abcc-495fd19dfa86 is Over-Utilized.
2023-08-30 06:49:52,849 [main] DEBUG balancer.ContainerBalancerTask (ContainerBalancerTask.java:lambda$initializeIteration$1(453)) - Datanode localhost-159.142.142.145 1e842003-d8bf-4dba-a164-35eddf1d3511 is Over-Utilized.
2023-08-30 06:49:52,849 [main] DEBUG balancer.ContainerBalancerTask (ContainerBalancerTask.java:lambda$initializeIteration$1(453)) - Datanode localhost-146.95.252.126 1c4b2f89-40d2-467b-9872-4fa6e5223cd7 is Over-Utilized.
2023-08-30 06:49:52,849 [main] DEBUG balancer.ContainerBalancerTask (ContainerBalancerTask.java:lambda$initializeIteration$2(459)) - Datanode localhost-89.157.111.179 a8dc8e14-51a9-4d83-a5bf-6c6ac6975915 is Under-Utilized.
2023-08-30 06:49:52,849 [main] DEBUG balancer.ContainerBalancerTask (ContainerBalancerTask.java:lambda$initializeIteration$2(459)) - Datanode localhost-248.15.158.135 0298b916-6136-4321-989b-5bb354a0b70e is Under-Utilized.
2023-08-30 06:49:52,850 [main] DEBUG balancer.ContainerBalancerTask (ContainerBalancerTask.java:lambda$initializeIteration$2(459)) - Datanode localhost-35.144.11.124 4a7a5e61-2b3f-4981-a9a4-6af45d934c18 is Under-Utilized.
2023-08-30 06:49:52,850 [main] DEBUG balancer.ContainerBalancerTask (ContainerBalancerTask.java:lambda$initializeIteration$2(459)) - Datanode localhost-56.207.11.45 58e93824-a32b-4139-b1c8-aad9a9795a7d is Under-Utilized.
2023-08-30 06:49:52,852 [main] DEBUG balancer.ContainerBalancerTask (ContainerBalancerTask.java:matchSourceWithTarget(708)) - ContainerBalancer is finding suitable target for source datanode d6fa954d-9233-4334-9bea-1522c897d56a
2023-08-30 06:49:52,853 [main] INFO  balancer.ContainerBalancerTask (ContainerBalancerTask.java:matchSourceWithTarget(722)) - ContainerBalancer matched source datanode d6fa954d-9233-4334-9bea-1522c897d56a with target datanode a8dc8e14-51a9-4d83-a5bf-6c6ac6975915 for container move.
2023-08-30 06:49:52,853 [main] INFO  balancer.ContainerBalancerTask (ContainerBalancerTask.java:processMoveSelection(569)) - ContainerBalancer is trying to move container #85 with size 5368709120B from source datanode d6fa954d-9233-4334-9bea-1522c897d56a to target datanode a8dc8e14-51a9-4d83-a5bf-6c6ac6975915
2023-08-30 06:49:52,853 [main] DEBUG balancer.ContainerBalancerTask (ContainerBalancerTask.java:lambda$moveContainer$3(837)) - Container move completed for container #85 from source d6fa954d-9233-4334-9bea-1522c897d56a to target a8dc8e14-51a9-4d83-a5bf-6c6ac6975915
2023-08-30 06:49:52,855 [main] DEBUG balancer.ContainerBalancerTask (ContainerBalancerTask.java:matchSourceWithTarget(708)) - ContainerBalancer is finding suitable target for source datanode d6fa954d-9233-4334-9bea-1522c897d56a
2023-08-30 06:49:52,856 [main] INFO  balancer.ContainerBalancerTask (ContainerBalancerTask.java:matchSourceWithTarget(722)) - ContainerBalancer matched source datanode d6fa954d-9233-4334-9bea-1522c897d56a with target datanode 0298b916-6136-4321-989b-5bb354a0b70e for container move.
2023-08-30 06:49:52,856 [main] INFO  balancer.ContainerBalancerTask (ContainerBalancerTask.java:processMoveSelection(569)) - ContainerBalancer is trying to move container #29 with size 5368709120B from source datanode d6fa954d-9233-4334-9bea-1522c897d56a to target datanode 0298b916-6136-4321-989b-5bb354a0b70e
2023-08-30 06:49:52,856 [main] DEBUG balancer.ContainerBalancerTask (ContainerBalancerTask.java:lambda$moveContainer$3(837)) - Container move completed for container #29 from source d6fa954d-9233-4334-9bea-1522c897d56a to target 0298b916-6136-4321-989b-5bb354a0b70e
2023-08-30 06:49:52,859 [main] DEBUG balancer.ContainerBalancerTask (ContainerBalancerTask.java:matchSourceWithTarget(708)) - ContainerBalancer is finding suitable target for source datanode 681ae63e-a876-4c5c-8c02-3bf495d957cd
2023-08-30 06:49:52,859 [main] INFO  balancer.ContainerBalancerTask (ContainerBalancerTask.java:matchSourceWithTarget(722)) - ContainerBalancer matched source datanode 681ae63e-a876-4c5c-8c02-3bf495d957cd with target datanode 0298b916-6136-4321-989b-5bb354a0b70e for container move.
2023-08-30 06:49:52,859 [main] INFO  balancer.ContainerBalancerTask (ContainerBalancerTask.java:processMoveSelection(569)) - ContainerBalancer is trying to move container #68 with size 5368709120B from source datanode 681ae63e-a876-4c5c-8c02-3bf495d957cd to target datanode 0298b916-6136-4321-989b-5bb354a0b70e
2023-08-30 06:49:52,859 [main] DEBUG balancer.ContainerBalancerTask (ContainerBalancerTask.java:lambda$moveContainer$3(837)) - Container move completed for container #68 from source 681ae63e-a876-4c5c-8c02-3bf495d957cd to target 0298b916-6136-4321-989b-5bb354a0b70e
2023-08-30 06:49:52,864 [main] DEBUG balancer.ContainerBalancerTask (ContainerBalancerTask.java:matchSourceWithTarget(708)) - ContainerBalancer is finding suitable target for source datanode d6fa954d-9233-4334-9bea-1522c897d56a
2023-08-30 06:49:52,864 [main] INFO  balancer.ContainerBalancerTask (ContainerBalancerTask.java:matchSourceWithTarget(722)) - ContainerBalancer matched source datanode d6fa954d-9233-4334-9bea-1522c897d56a with target datanode 0298b916-6136-4321-989b-5bb354a0b70e for container move.
2023-08-30 06:49:52,864 [main] INFO  balancer.ContainerBalancerTask (ContainerBalancerTask.java:processMoveSelection(569)) - ContainerBalancer is trying to move container #84 with size 4294967296B from source datanode d6fa954d-9233-4334-9bea-1522c897d56a to target datanode 0298b916-6136-4321-989b-5bb354a0b70e
2023-08-30 06:49:52,864 [main] DEBUG balancer.ContainerBalancerTask (ContainerBalancerTask.java:lambda$moveContainer$3(837)) - Container move completed for container #84 from source d6fa954d-9233-4334-9bea-1522c897d56a to target 0298b916-6136-4321-989b-5bb354a0b70e
2023-08-30 06:49:52,867 [main] DEBUG balancer.ContainerBalancerTask (ContainerBalancerTask.java:matchSourceWithTarget(708)) - ContainerBalancer is finding suitable target for source datanode 681ae63e-a876-4c5c-8c02-3bf495d957cd
2023-08-30 06:49:52,867 [main] INFO  balancer.ContainerBalancerTask (ContainerBalancerTask.java:matchSourceWithTarget(722)) - ContainerBalancer matched source datanode 681ae63e-a876-4c5c-8c02-3bf495d957cd with target datanode 0298b916-6136-4321-989b-5bb354a0b70e for container move.
2023-08-30 06:49:52,867 [main] INFO  balancer.ContainerBalancerTask (ContainerBalancerTask.java:processMoveSelection(569)) - ContainerBalancer is trying to move container #40 with size 5368709120B from source datanode 681ae63e-a876-4c5c-8c02-3bf495d957cd to target datanode 0298b916-6136-4321-989b-5bb354a0b70e
2023-08-30 06:49:52,867 [main] DEBUG balancer.ContainerBalancerTask (ContainerBalancerTask.java:lambda$moveContainer$3(837)) - Container move completed for container #40 from source 681ae63e-a876-4c5c-8c02-3bf495d957cd to target 0298b916-6136-4321-989b-5bb354a0b70e
2023-08-30 06:49:52,870 [main] DEBUG balancer.ContainerBalancerTask (ContainerBalancerTask.java:matchSourceWithTarget(708)) - ContainerBalancer is finding suitable target for source datanode 19d3f880-e223-44b8-abcc-495fd19dfa86
2023-08-30 06:49:52,870 [main] INFO  balancer.ContainerBalancerTask (ContainerBalancerTask.java:matchSourceWithTarget(722)) - ContainerBalancer matched source datanode 19d3f880-e223-44b8-abcc-495fd19dfa86 with target datanode a8dc8e14-51a9-4d83-a5bf-6c6ac6975915 for container move.
2023-08-30 06:49:52,870 [main] INFO  balancer.ContainerBalancerTask (ContainerBalancerTask.java:processMoveSelection(569)) - ContainerBalancer is trying to move container #53 with size 5368709120B from source datanode 19d3f880-e223-44b8-abcc-495fd19dfa86 to target datanode a8dc8e14-51a9-4d83-a5bf-6c6ac6975915
2023-08-30 06:49:52,870 [main] DEBUG balancer.ContainerBalancerTask (ContainerBalancerTask.java:lambda$moveContainer$3(837)) - Container move completed for container #53 from source 19d3f880-e223-44b8-abcc-495fd19dfa86 to target a8dc8e14-51a9-4d83-a5bf-6c6ac6975915
2023-08-30 06:49:52,873 [main] DEBUG balancer.ContainerBalancerTask (ContainerBalancerTask.java:matchSourceWithTarget(708)) - ContainerBalancer is finding suitable target for source datanode d6fa954d-9233-4334-9bea-1522c897d56a
2023-08-30 06:49:52,873 [main] INFO  balancer.ContainerBalancerTask (ContainerBalancerTask.java:matchSourceWithTarget(722)) - ContainerBalancer matched source datanode d6fa954d-9233-4334-9bea-1522c897d56a with target datanode 0298b916-6136-4321-989b-5bb354a0b70e for container move.
2023-08-30 06:49:52,874 [main] INFO  balancer.ContainerBalancerTask (ContainerBalancerTask.java:processMoveSelection(569)) - ContainerBalancer is trying to move container #67 with size 4294967296B from source datanode d6fa954d-9233-4334-9bea-1522c897d56a to target datanode 0298b916-6136-4321-989b-5bb354a0b70e
2023-08-30 06:49:52,874 [main] DEBUG balancer.ContainerBalancerTask (ContainerBalancerTask.java:lambda$moveContainer$3(837)) - Container move completed for container #67 from source d6fa954d-9233-4334-9bea-1522c897d56a to target 0298b916-6136-4321-989b-5bb354a0b70e
2023-08-30 06:49:52,876 [main] DEBUG balancer.ContainerBalancerTask (ContainerBalancerTask.java:matchSourceWithTarget(708)) - ContainerBalancer is finding suitable target for source datanode 681ae63e-a876-4c5c-8c02-3bf495d957cd
2023-08-30 06:49:52,877 [main] INFO  balancer.ContainerBalancerTask (ContainerBalancerTask.java:matchSourceWithTarget(722)) - ContainerBalancer matched source datanode 681ae63e-a876-4c5c-8c02-3bf495d957cd with target datanode 0298b916-6136-4321-989b-5bb354a0b70e for container move.
2023-08-30 06:49:52,877 [main] INFO  balancer.ContainerBalancerTask (ContainerBalancerTask.java:processMoveSelection(569)) - ContainerBalancer is trying to move container #28 with size 4294967296B from source datanode 681ae63e-a876-4c5c-8c02-3bf495d957cd to target datanode 0298b916-6136-4321-989b-5bb354a0b70e
2023-08-30 06:49:52,877 [main] DEBUG balancer.ContainerBalancerTask (ContainerBalancerTask.java:lambda$moveContainer$3(837)) - Container move completed for container #28 from source 681ae63e-a876-4c5c-8c02-3bf495d957cd to target 0298b916-6136-4321-989b-5bb354a0b70e
2023-08-30 06:49:52,880 [main] DEBUG balancer.ContainerBalancerTask (ContainerBalancerTask.java:matchSourceWithTarget(708)) - ContainerBalancer is finding suitable target for source datanode 681ae63e-a876-4c5c-8c02-3bf495d957cd
2023-08-30 06:49:52,880 [main] INFO  balancer.ContainerBalancerTask (ContainerBalancerTask.java:matchSourceWithTarget(722)) - ContainerBalancer matched source datanode 681ae63e-a876-4c5c-8c02-3bf495d957cd with target datanode 4a7a5e61-2b3f-4981-a9a4-6af45d934c18 for container move.
2023-08-30 06:49:52,880 [main] INFO  balancer.ContainerBalancerTask (ContainerBalancerTask.java:processMoveSelection(569)) - ContainerBalancer is trying to move container #88 with size 3221225472B from source datanode 681ae63e-a876-4c5c-8c02-3bf495d957cd to target datanode 4a7a5e61-2b3f-4981-a9a4-6af45d934c18
2023-08-30 06:49:52,880 [main] DEBUG balancer.ContainerBalancerTask (ContainerBalancerTask.java:lambda$moveContainer$3(837)) - Container move completed for container #88 from source 681ae63e-a876-4c5c-8c02-3bf495d957cd to target 4a7a5e61-2b3f-4981-a9a4-6af45d934c18
2023-08-30 06:49:52,883 [main] DEBUG balancer.ContainerBalancerTask (ContainerBalancerTask.java:matchSourceWithTarget(708)) - ContainerBalancer is finding suitable target for source datanode 19d3f880-e223-44b8-abcc-495fd19dfa86
2023-08-30 06:49:52,883 [main] INFO  balancer.ContainerBalancerTask (ContainerBalancerTask.java:matchSourceWithTarget(722)) - ContainerBalancer matched source datanode 19d3f880-e223-44b8-abcc-495fd19dfa86 with target datanode 0298b916-6136-4321-989b-5bb354a0b70e for container move.
2023-08-30 06:49:52,883 [main] INFO  balancer.ContainerBalancerTask (ContainerBalancerTask.java:processMoveSelection(569)) - ContainerBalancer is trying to move container #52 with size 4294967296B from source datanode 19d3f880-e223-44b8-abcc-495fd19dfa86 to target datanode 0298b916-6136-4321-989b-5bb354a0b70e
2023-08-30 06:49:52,884 [main] DEBUG balancer.ContainerBalancerTask (ContainerBalancerTask.java:lambda$moveContainer$3(837)) - Container move completed for container #52 from source 19d3f880-e223-44b8-abcc-495fd19dfa86 to target 0298b916-6136-4321-989b-5bb354a0b70e
2023-08-30 06:49:52,887 [main] DEBUG balancer.ContainerBalancerTask (ContainerBalancerTask.java:matchSourceWithTarget(708)) - ContainerBalancer is finding suitable target for source datanode d6fa954d-9233-4334-9bea-1522c897d56a
2023-08-30 06:49:52,887 [main] INFO  balancer.ContainerBalancerTask (ContainerBalancerTask.java:matchSourceWithTarget(722)) - ContainerBalancer matched source datanode d6fa954d-9233-4334-9bea-1522c897d56a with target datanode 4a7a5e61-2b3f-4981-a9a4-6af45d934c18 for container move.
2023-08-30 06:49:52,887 [main] INFO  balancer.ContainerBalancerTask (ContainerBalancerTask.java:processMoveSelection(569)) - ContainerBalancer is trying to move container #89 with size 4294967296B from source datanode d6fa954d-9233-4334-9bea-1522c897d56a to target datanode 4a7a5e61-2b3f-4981-a9a4-6af45d934c18
2023-08-30 06:49:52,887 [main] DEBUG balancer.ContainerBalancerTask (ContainerBalancerTask.java:lambda$moveContainer$3(837)) - Container move completed for container #89 from source d6fa954d-9233-4334-9bea-1522c897d56a to target 4a7a5e61-2b3f-4981-a9a4-6af45d934c18
2023-08-30 06:49:52,889 [main] DEBUG balancer.ContainerBalancerTask (ContainerBalancerTask.java:matchSourceWithTarget(708)) - ContainerBalancer is finding suitable target for source datanode 1e842003-d8bf-4dba-a164-35eddf1d3511
2023-08-30 06:49:52,889 [main] INFO  balancer.ContainerBalancerTask (ContainerBalancerTask.java:matchSourceWithTarget(722)) - ContainerBalancer matched source datanode 1e842003-d8bf-4dba-a164-35eddf1d3511 with target datanode 0298b916-6136-4321-989b-5bb354a0b70e for container move.
2023-08-30 06:49:52,890 [main] INFO  balancer.ContainerBalancerTask (ContainerBalancerTask.java:processMoveSelection(569)) - ContainerBalancer is trying to move container #50 with size 2147483648B from source datanode 1e842003-d8bf-4dba-a164-35eddf1d3511 to target datanode 0298b916-6136-4321-989b-5bb354a0b70e
2023-08-30 06:49:52,890 [main] DEBUG balancer.ContainerBalancerTask (ContainerBalancerTask.java:lambda$moveContainer$3(837)) - Container move completed for container #50 from source 1e842003-d8bf-4dba-a164-35eddf1d3511 to target 0298b916-6136-4321-989b-5bb354a0b70e
2023-08-30 06:49:52,890 [main] WARN  balancer.ContainerBalancerTask (ContainerBalancerTask.java:reachedMaxSizeToMovePerIteration(733)) - Reached max size to move limit. 53687091200 bytes have already been scheduled for balancing and the limit is 53687091200 bytes.
2023-08-30 06:49:52,890 [main] INFO  balancer.ContainerBalancerTask (ContainerBalancerTask.java:checkIterationMoveResults(642)) - Iteration Summary. Number of Datanodes involved: 7. Size moved: 50 GB (53687091200 Bytes). Number of Container moves completed: 12.
2023-08-30 06:49:52,890 [main] INFO  balancer.ContainerBalancerTask (ContainerBalancerTask.java:balance(259)) - Result of this iteration of Container Balancer: ITERATION_COMPLETED
2023-08-30 06:49:52,890 [main] INFO  balancer.ContainerBalancerTask (ContainerBalancerTask.java:tryStopWithSaveConfiguration(308)) - Save Configuration for stopping. Reason: Completed all iterations.
2023-08-30 06:49:52,891 [main] DEBUG balancer.ContainerBalancerTask (ContainerBalancerTask.java:initializeIteration(374)) - Average utilization of the cluster is 0.38698078579770684
2023-08-30 06:49:52,891 [main] DEBUG balancer.ContainerBalancerTask (ContainerBalancerTask.java:initializeIteration(386)) - Lower limit for utilization is -0.22133899113012606 and Upper limit for utilization is 0.9953005627255398
2023-08-30 06:49:52,891 [main] DEBUG balancer.ContainerBalancerTask (ContainerBalancerTask.java:initializeIteration(398)) - Utilization for node d6fa954d-9233-4334-9bea-1522c897d56a with capacity 68003648853B, used 61203283968B, and remaining 6800364885B is 0.9000000000044115
2023-08-30 06:49:52,891 [main] DEBUG balancer.ContainerBalancerTask (ContainerBalancerTask.java:initializeIteration(398)) - Utilization for node 681ae63e-a876-4c5c-8c02-3bf495d957cd with capacity 87241523200B, used 69793218560B, and remaining 17448304640B is 0.8
2023-08-30 06:49:52,891 [main] DEBUG balancer.ContainerBalancerTask (ContainerBalancerTask.java:initializeIteration(398)) - Utilization for node 19d3f880-e223-44b8-abcc-495fd19dfa86 with capacity 69026260114B, used 48318382080B, and remaining 20707878034B is 0.7000000000028974
2023-08-30 06:49:52,891 [main] DEBUG balancer.ContainerBalancerTask (ContainerBalancerTask.java:initializeIteration(398)) - Utilization for node 1e842003-d8bf-4dba-a164-35eddf1d3511 with capacity 59055800320B, used 35433480192B, and remaining 23622320128B is 0.6
2023-08-30 06:49:52,891 [main] DEBUG balancer.ContainerBalancerTask (ContainerBalancerTask.java:initializeIteration(398)) - Utilization for node 1c4b2f89-40d2-467b-9872-4fa6e5223cd7 with capacity 130996502528B, used 65498251264B, and remaining 65498251264B is 0.5
2023-08-30 06:49:52,891 [main] DEBUG balancer.ContainerBalancerTask (ContainerBalancerTask.java:initializeIteration(398)) - Utilization for node 522d7852-c2b1-4f4d-9914-dde8150cadfe with capacity 64424509440B, used 25769803776B, and remaining 38654705664B is 0.4
2023-08-30 06:49:52,892 [main] DEBUG balancer.ContainerBalancerTask (ContainerBalancerTask.java:initializeIteration(398)) - Utilization for node 58e93824-a32b-4139-b1c8-aad9a9795a7d with capacity 136007297706B, used 40802189312B, and remaining 95205108394B is 0.30000000000147053
2023-08-30 06:49:52,892 [main] DEBUG balancer.ContainerBalancerTask (ContainerBalancerTask.java:initializeIteration(398)) - Utilization for node 4a7a5e61-2b3f-4981-a9a4-6af45d934c18 with capacity 118111600640B, used 23622320128B, and remaining 94489280512B is 0.2
2023-08-30 06:49:52,892 [main] DEBUG balancer.ContainerBalancerTask (ContainerBalancerTask.java:initializeIteration(398)) - Utilization for node 0298b916-6136-4321-989b-5bb354a0b70e with capacity 257698037760B, used 25769803776B, and remaining 231928233984B is 0.1
2023-08-30 06:49:52,892 [main] DEBUG balancer.ContainerBalancerTask (ContainerBalancerTask.java:initializeIteration(398)) - Utilization for node a8dc8e14-51a9-4d83-a5bf-6c6ac6975915 with capacity 33285996544B, used 0B, and remaining 33285996544B is 0.0
2023-08-30 06:49:52,892 [main] INFO  balancer.ContainerBalancerTask (ContainerBalancerTask.java:initializeIteration(443)) - Did not find any unbalanced Datanodes.
2023-08-30 06:49:52,892 [main] INFO  balancer.ContainerBalancerTask (ContainerBalancerTask.java:tryStopWithSaveConfiguration(308)) - Save Configuration for stopping. Reason: Could not initialize ContainerBalancer's iteration number 0
2023-08-30 06:49:52,893 [main] DEBUG balancer.ContainerBalancerTask (ContainerBalancerTask.java:initializeIteration(374)) - Average utilization of the cluster is 0.38698078579770684
2023-08-30 06:49:52,893 [main] DEBUG balancer.ContainerBalancerTask (ContainerBalancerTask.java:initializeIteration(386)) - Lower limit for utilization is -0.5793369471830814 and Upper limit for utilization is 1.353298518778495
2023-08-30 06:49:52,893 [main] DEBUG balancer.ContainerBalancerTask (ContainerBalancerTask.java:initializeIteration(398)) - Utilization for node d6fa954d-9233-4334-9bea-1522c897d56a with capacity 68003648853B, used 61203283968B, and remaining 6800364885B is 0.9000000000044115
2023-08-30 06:49:52,893 [main] DEBUG balancer.ContainerBalancerTask (ContainerBalancerTask.java:initializeIteration(398)) - Utilization for node 681ae63e-a876-4c5c-8c02-3bf495d957cd with capacity 87241523200B, used 69793218560B, and remaining 17448304640B is 0.8
2023-08-30 06:49:52,893 [main] DEBUG balancer.ContainerBalancerTask (ContainerBalancerTask.java:initializeIteration(398)) - Utilization for node 19d3f880-e223-44b8-abcc-495fd19dfa86 with capacity 69026260114B, used 48318382080B, and remaining 20707878034B is 0.7000000000028974
2023-08-30 06:49:52,893 [main] DEBUG balancer.ContainerBalancerTask (ContainerBalancerTask.java:initializeIteration(398)) - Utilization for node 1e842003-d8bf-4dba-a164-35eddf1d3511 with capacity 59055800320B, used 35433480192B, and remaining 23622320128B is 0.6
2023-08-30 06:49:52,893 [main] DEBUG balancer.ContainerBalancerTask (ContainerBalancerTask.java:initializeIteration(398)) - Utilization for node 1c4b2f89-40d2-467b-9872-4fa6e5223cd7 with capacity 130996502528B, used 65498251264B, and remaining 65498251264B is 0.5
2023-08-30 06:49:52,893 [main] DEBUG balancer.ContainerBalancerTask (ContainerBalancerTask.java:initializeIteration(398)) - Utilization for node 522d7852-c2b1-4f4d-9914-dde8150cadfe with capacity 64424509440B, used 25769803776B, and remaining 38654705664B is 0.4
2023-08-30 06:49:52,893 [main] DEBUG balancer.ContainerBalancerTask (ContainerBalancerTask.java:initializeIteration(398)) - Utilization for node 58e93824-a32b-4139-b1c8-aad9a9795a7d with capacity 136007297706B, used 40802189312B, and remaining 95205108394B is 0.30000000000147053
2023-08-30 06:49:52,893 [main] DEBUG balancer.ContainerBalancerTask (ContainerBalancerTask.java:initializeIteration(398)) - Utilization for node 4a7a5e61-2b3f-4981-a9a4-6af45d934c18 with capacity 118111600640B, used 23622320128B, and remaining 94489280512B is 0.2
2023-08-30 06:49:52,893 [main] DEBUG balancer.ContainerBalancerTask (ContainerBalancerTask.java:initializeIteration(398)) - Utilization for node 0298b916-6136-4321-989b-5bb354a0b70e with capacity 257698037760B, used 25769803776B, and remaining 231928233984B is 0.1
2023-08-30 06:49:52,894 [main] DEBUG balancer.ContainerBalancerTask (ContainerBalancerTask.java:initializeIteration(398)) - Utilization for node a8dc8e14-51a9-4d83-a5bf-6c6ac6975915 with capacity 33285996544B, used 0B, and remaining 33285996544B is 0.0
2023-08-30 06:49:52,894 [main] INFO  balancer.ContainerBalancerTask (ContainerBalancerTask.java:initializeIteration(443)) - Did not find any unbalanced Datanodes.
2023-08-30 06:49:52,894 [main] INFO  balancer.ContainerBalancerTask (ContainerBalancerTask.java:tryStopWithSaveConfiguration(308)) - Save Configuration for stopping. Reason: Could not initialize ContainerBalancer's iteration number 0
2023-08-30 06:49:52,894 [main] DEBUG balancer.ContainerBalancerTask (ContainerBalancerTask.java:initializeIteration(374)) - Average utilization of the cluster is 0.38698078579770684
2023-08-30 06:49:52,894 [main] DEBUG balancer.ContainerBalancerTask (ContainerBalancerTask.java:initializeIteration(386)) - Lower limit for utilization is -0.4133969092865743 and Upper limit for utilization is 1.187358480881988
2023-08-30 06:49:52,894 [main] DEBUG balancer.ContainerBalancerTask (ContainerBalancerTask.java:initializeIteration(398)) - Utilization for node d6fa954d-9233-4334-9bea-1522c897d56a with capacity 68003648853B, used 61203283968B, and remaining 6800364885B is 0.9000000000044115
2023-08-30 06:49:52,894 [main] DEBUG balancer.ContainerBalancerTask (ContainerBalancerTask.java:initializeIteration(398)) - Utilization for node 681ae63e-a876-4c5c-8c02-3bf495d957cd with capacity 87241523200B, used 69793218560B, and remaining 17448304640B is 0.8
2023-08-30 06:49:52,895 [main] DEBUG balancer.ContainerBalancerTask (ContainerBalancerTask.java:initializeIteration(398)) - Utilization for node 19d3f880-e223-44b8-abcc-495fd19dfa86 with capacity 69026260114B, used 48318382080B, and remaining 20707878034B is 0.7000000000028974
2023-08-30 06:49:52,895 [main] DEBUG balancer.ContainerBalancerTask (ContainerBalancerTask.java:initializeIteration(398)) - Utilization for node 1e842003-d8bf-4dba-a164-35eddf1d3511 with capacity 59055800320B, used 35433480192B, and remaining 23622320128B is 0.6
2023-08-30 06:49:52,895 [main] DEBUG balancer.ContainerBalancerTask (ContainerBalancerTask.java:initializeIteration(398)) - Utilization for node 1c4b2f89-40d2-467b-9872-4fa6e5223cd7 with capacity 130996502528B, used 65498251264B, and remaining 65498251264B is 0.5
2023-08-30 06:49:52,895 [main] DEBUG balancer.ContainerBalancerTask (ContainerBalancerTask.java:initializeIteration(398)) - Utilization for node 522d7852-c2b1-4f4d-9914-dde8150cadfe with capacity 64424509440B, used 25769803776B, and remaining 38654705664B is 0.4
2023-08-30 06:49:52,895 [main] DEBUG balancer.ContainerBalancerTask (ContainerBalancerTask.java:initializeIteration(398)) - Utilization for node 58e93824-a32b-4139-b1c8-aad9a9795a7d with capacity 136007297706B, used 40802189312B, and remaining 95205108394B is 0.30000000000147053
2023-08-30 06:49:52,895 [main] DEBUG balancer.ContainerBalancerTask (ContainerBalancerTask.java:initializeIteration(398)) - Utilization for node 4a7a5e61-2b3f-4981-a9a4-6af45d934c18 with capacity 118111600640B, used 23622320128B, and remaining 94489280512B is 0.2
2023-08-30 06:49:52,895 [main] DEBUG balancer.ContainerBalancerTask (ContainerBalancerTask.java:initializeIteration(398)) - Utilization for node 0298b916-6136-4321-989b-5bb354a0b70e with capacity 257698037760B, used 25769803776B, and remaining 231928233984B is 0.1
2023-08-30 06:49:52,895 [main] DEBUG balancer.ContainerBalancerTask (ContainerBalancerTask.java:initializeIteration(398)) - Utilization for node a8dc8e14-51a9-4d83-a5bf-6c6ac6975915 with capacity 33285996544B, used 0B, and remaining 33285996544B is 0.0
2023-08-30 06:49:52,895 [main] INFO  balancer.ContainerBalancerTask (ContainerBalancerTask.java:initializeIteration(443)) - Did not find any unbalanced Datanodes.
2023-08-30 06:49:52,895 [main] INFO  balancer.ContainerBalancerTask (ContainerBalancerTask.java:tryStopWithSaveConfiguration(308)) - Save Configuration for stopping. Reason: Could not initialize ContainerBalancer's iteration number 0
2023-08-30 06:49:52,896 [main] DEBUG balancer.ContainerBalancerTask (ContainerBalancerTask.java:initializeIteration(374)) - Average utilization of the cluster is 0.38698078579770684
2023-08-30 06:49:52,896 [main] DEBUG balancer.ContainerBalancerTask (ContainerBalancerTask.java:initializeIteration(386)) - Lower limit for utilization is -0.33580889837568834 and Upper limit for utilization is 1.109770469971102
2023-08-30 06:49:52,896 [main] DEBUG balancer.ContainerBalancerTask (ContainerBalancerTask.java:initializeIteration(398)) - Utilization for node d6fa954d-9233-4334-9bea-1522c897d56a with capacity 68003648853B, used 61203283968B, and remaining 6800364885B is 0.9000000000044115
2023-08-30 06:49:52,896 [main] DEBUG balancer.ContainerBalancerTask (ContainerBalancerTask.java:initializeIteration(398)) - Utilization for node 681ae63e-a876-4c5c-8c02-3bf495d957cd with capacity 87241523200B, used 69793218560B, and remaining 17448304640B is 0.8
2023-08-30 06:49:52,896 [main] DEBUG balancer.ContainerBalancerTask (ContainerBalancerTask.java:initializeIteration(398)) - Utilization for node 19d3f880-e223-44b8-abcc-495fd19dfa86 with capacity 69026260114B, used 48318382080B, and remaining 20707878034B is 0.7000000000028974
2023-08-30 06:49:52,896 [main] DEBUG balancer.ContainerBalancerTask (ContainerBalancerTask.java:initializeIteration(398)) - Utilization for node 1e842003-d8bf-4dba-a164-35eddf1d3511 with capacity 59055800320B, used 35433480192B, and remaining 23622320128B is 0.6
2023-08-30 06:49:52,896 [main] DEBUG balancer.ContainerBalancerTask (ContainerBalancerTask.java:initializeIteration(398)) - Utilization for node 1c4b2f89-40d2-467b-9872-4fa6e5223cd7 with capacity 130996502528B, used 65498251264B, and remaining 65498251264B is 0.5
2023-08-30 06:49:52,896 [main] DEBUG balancer.ContainerBalancerTask (ContainerBalancerTask.java:initializeIteration(398)) - Utilization for node 522d7852-c2b1-4f4d-9914-dde8150cadfe with capacity 64424509440B, used 25769803776B, and remaining 38654705664B is 0.4
2023-08-30 06:49:52,897 [main] DEBUG balancer.ContainerBalancerTask (ContainerBalancerTask.java:initializeIteration(398)) - Utilization for node 58e93824-a32b-4139-b1c8-aad9a9795a7d with capacity 136007297706B, used 40802189312B, and remaining 95205108394B is 0.30000000000147053
2023-08-30 06:49:52,897 [main] DEBUG balancer.ContainerBalancerTask (ContainerBalancerTask.java:initializeIteration(398)) - Utilization for node 4a7a5e61-2b3f-4981-a9a4-6af45d934c18 with capacity 118111600640B, used 23622320128B, and remaining 94489280512B is 0.2
2023-08-30 06:49:52,897 [main] DEBUG balancer.ContainerBalancerTask (ContainerBalancerTask.java:initializeIteration(398)) - Utilization for node 0298b916-6136-4321-989b-5bb354a0b70e with capacity 257698037760B, used 25769803776B, and remaining 231928233984B is 0.1
2023-08-30 06:49:52,897 [main] DEBUG balancer.ContainerBalancerTask (ContainerBalancerTask.java:initializeIteration(398)) - Utilization for node a8dc8e14-51a9-4d83-a5bf-6c6ac6975915 with capacity 33285996544B, used 0B, and remaining 33285996544B is 0.0
2023-08-30 06:49:52,897 [main] INFO  balancer.ContainerBalancerTask (ContainerBalancerTask.java:initializeIteration(443)) - Did not find any unbalanced Datanodes.
2023-08-30 06:49:52,897 [main] INFO  balancer.ContainerBalancerTask (ContainerBalancerTask.java:tryStopWithSaveConfiguration(308)) - Save Configuration for stopping. Reason: Could not initialize ContainerBalancer's iteration number 0
2023-08-30 06:49:52,897 [main] DEBUG balancer.ContainerBalancerTask (ContainerBalancerTask.java:initializeIteration(374)) - Average utilization of the cluster is 0.38698078579770684
2023-08-30 06:49:52,898 [main] DEBUG balancer.ContainerBalancerTask (ContainerBalancerTask.java:initializeIteration(386)) - Lower limit for utilization is 0.02524439194942163 and Upper limit for utilization is 0.748717179645992
2023-08-30 06:49:52,898 [main] DEBUG balancer.ContainerBalancerTask (ContainerBalancerTask.java:initializeIteration(398)) - Utilization for node d6fa954d-9233-4334-9bea-1522c897d56a with capacity 68003648853B, used 61203283968B, and remaining 6800364885B is 0.9000000000044115
2023-08-30 06:49:52,898 [main] DEBUG balancer.ContainerBalancerTask (ContainerBalancerTask.java:initializeIteration(398)) - Utilization for node 681ae63e-a876-4c5c-8c02-3bf495d957cd with capacity 87241523200B, used 69793218560B, and remaining 17448304640B is 0.8
2023-08-30 06:49:52,898 [main] DEBUG balancer.ContainerBalancerTask (ContainerBalancerTask.java:initializeIteration(398)) - Utilization for node 19d3f880-e223-44b8-abcc-495fd19dfa86 with capacity 69026260114B, used 48318382080B, and remaining 20707878034B is 0.7000000000028974
2023-08-30 06:49:52,898 [main] DEBUG balancer.ContainerBalancerTask (ContainerBalancerTask.java:initializeIteration(398)) - Utilization for node 1e842003-d8bf-4dba-a164-35eddf1d3511 with capacity 59055800320B, used 35433480192B, and remaining 23622320128B is 0.6
2023-08-30 06:49:52,898 [main] DEBUG balancer.ContainerBalancerTask (ContainerBalancerTask.java:initializeIteration(398)) - Utilization for node 1c4b2f89-40d2-467b-9872-4fa6e5223cd7 with capacity 130996502528B, used 65498251264B, and remaining 65498251264B is 0.5
2023-08-30 06:49:52,898 [main] DEBUG balancer.ContainerBalancerTask (ContainerBalancerTask.java:initializeIteration(398)) - Utilization for node 522d7852-c2b1-4f4d-9914-dde8150cadfe with capacity 64424509440B, used 25769803776B, and remaining 38654705664B is 0.4
2023-08-30 06:49:52,898 [main] DEBUG balancer.ContainerBalancerTask (ContainerBalancerTask.java:initializeIteration(398)) - Utilization for node 58e93824-a32b-4139-b1c8-aad9a9795a7d with capacity 136007297706B, used 40802189312B, and remaining 95205108394B is 0.30000000000147053
2023-08-30 06:49:52,898 [main] DEBUG balancer.ContainerBalancerTask (ContainerBalancerTask.java:initializeIteration(398)) - Utilization for node 4a7a5e61-2b3f-4981-a9a4-6af45d934c18 with capacity 118111600640B, used 23622320128B, and remaining 94489280512B is 0.2
2023-08-30 06:49:52,898 [main] DEBUG balancer.ContainerBalancerTask (ContainerBalancerTask.java:initializeIteration(398)) - Utilization for node 0298b916-6136-4321-989b-5bb354a0b70e with capacity 257698037760B, used 25769803776B, and remaining 231928233984B is 0.1
2023-08-30 06:49:52,898 [main] DEBUG balancer.ContainerBalancerTask (ContainerBalancerTask.java:initializeIteration(398)) - Utilization for node a8dc8e14-51a9-4d83-a5bf-6c6ac6975915 with capacity 33285996544B, used 0B, and remaining 33285996544B is 0.0
2023-08-30 06:49:52,899 [main] INFO  balancer.ContainerBalancerTask (ContainerBalancerTask.java:initializeIteration(447)) - Container Balancer has identified 2 Over-Utilized and 1 Under-Utilized Datanodes that need to be balanced.
2023-08-30 06:49:52,899 [main] DEBUG balancer.ContainerBalancerTask (ContainerBalancerTask.java:lambda$initializeIteration$1(453)) - Datanode localhost-146.188.160.172 d6fa954d-9233-4334-9bea-1522c897d56a is Over-Utilized.
2023-08-30 06:49:52,899 [main] DEBUG balancer.ContainerBalancerTask (ContainerBalancerTask.java:lambda$initializeIteration$1(453)) - Datanode localhost-233.191.17.208 681ae63e-a876-4c5c-8c02-3bf495d957cd is Over-Utilized.
2023-08-30 06:49:52,899 [main] DEBUG balancer.ContainerBalancerTask (ContainerBalancerTask.java:lambda$initializeIteration$2(459)) - Datanode localhost-89.157.111.179 a8dc8e14-51a9-4d83-a5bf-6c6ac6975915 is Under-Utilized.
2023-08-30 06:49:53,277 [main] DEBUG balancer.ContainerBalancerTask (ContainerBalancerTask.java:matchSourceWithTarget(708)) - ContainerBalancer is finding suitable target for source datanode d6fa954d-9233-4334-9bea-1522c897d56a
2023-08-30 06:49:53,277 [main] INFO  balancer.ContainerBalancerTask (ContainerBalancerTask.java:matchSourceWithTarget(722)) - ContainerBalancer matched source datanode d6fa954d-9233-4334-9bea-1522c897d56a with target datanode a8dc8e14-51a9-4d83-a5bf-6c6ac6975915 for container move.
2023-08-30 06:49:53,278 [main] INFO  balancer.ContainerBalancerTask (ContainerBalancerTask.java:processMoveSelection(569)) - ContainerBalancer is trying to move container #85 with size 5368709120B from source datanode d6fa954d-9233-4334-9bea-1522c897d56a to target datanode a8dc8e14-51a9-4d83-a5bf-6c6ac6975915
2023-08-30 06:49:53,278 [main] DEBUG balancer.ContainerBalancerTask (ContainerBalancerTask.java:lambda$moveContainer$3(837)) - Container move completed for container #85 from source d6fa954d-9233-4334-9bea-1522c897d56a to target a8dc8e14-51a9-4d83-a5bf-6c6ac6975915
2023-08-30 06:49:53,280 [main] DEBUG balancer.ContainerBalancerTask (ContainerBalancerTask.java:matchSourceWithTarget(708)) - ContainerBalancer is finding suitable target for source datanode d6fa954d-9233-4334-9bea-1522c897d56a
2023-08-30 06:49:53,281 [main] INFO  balancer.ContainerBalancerTask (ContainerBalancerTask.java:matchSourceWithTarget(722)) - ContainerBalancer matched source datanode d6fa954d-9233-4334-9bea-1522c897d56a with target datanode a8dc8e14-51a9-4d83-a5bf-6c6ac6975915 for container move.
2023-08-30 06:49:53,281 [main] INFO  balancer.ContainerBalancerTask (ContainerBalancerTask.java:processMoveSelection(569)) - ContainerBalancer is trying to move container #53 with size 5368709120B from source datanode d6fa954d-9233-4334-9bea-1522c897d56a to target datanode a8dc8e14-51a9-4d83-a5bf-6c6ac6975915
2023-08-30 06:49:53,281 [main] DEBUG balancer.ContainerBalancerTask (ContainerBalancerTask.java:lambda$moveContainer$3(837)) - Container move completed for container #53 from source d6fa954d-9233-4334-9bea-1522c897d56a to target a8dc8e14-51a9-4d83-a5bf-6c6ac6975915
2023-08-30 06:49:53,284 [main] DEBUG balancer.ContainerBalancerTask (ContainerBalancerTask.java:matchSourceWithTarget(708)) - ContainerBalancer is finding suitable target for source datanode 681ae63e-a876-4c5c-8c02-3bf495d957cd
2023-08-30 06:49:53,284 [main] INFO  balancer.ContainerBalancerTask (ContainerBalancerTask.java:matchSourceWithTarget(722)) - ContainerBalancer matched source datanode 681ae63e-a876-4c5c-8c02-3bf495d957cd with target datanode a8dc8e14-51a9-4d83-a5bf-6c6ac6975915 for container move.
2023-08-30 06:49:53,284 [main] INFO  balancer.ContainerBalancerTask (ContainerBalancerTask.java:processMoveSelection(569)) - ContainerBalancer is trying to move container #68 with size 5368709120B from source datanode 681ae63e-a876-4c5c-8c02-3bf495d957cd to target datanode a8dc8e14-51a9-4d83-a5bf-6c6ac6975915
2023-08-30 06:49:53,284 [main] DEBUG balancer.ContainerBalancerTask (ContainerBalancerTask.java:lambda$moveContainer$3(837)) - Container move completed for container #68 from source 681ae63e-a876-4c5c-8c02-3bf495d957cd to target a8dc8e14-51a9-4d83-a5bf-6c6ac6975915
2023-08-30 06:49:53,287 [main] DEBUG balancer.ContainerBalancerTask (ContainerBalancerTask.java:matchSourceWithTarget(708)) - ContainerBalancer is finding suitable target for source datanode d6fa954d-9233-4334-9bea-1522c897d56a
2023-08-30 06:49:53,287 [main] INFO  balancer.ContainerBalancerTask (ContainerBalancerTask.java:matchSourceWithTarget(722)) - ContainerBalancer matched source datanode d6fa954d-9233-4334-9bea-1522c897d56a with target datanode a8dc8e14-51a9-4d83-a5bf-6c6ac6975915 for container move.
2023-08-30 06:49:53,287 [main] INFO  balancer.ContainerBalancerTask (ContainerBalancerTask.java:processMoveSelection(569)) - ContainerBalancer is trying to move container #29 with size 5368709120B from source datanode d6fa954d-9233-4334-9bea-1522c897d56a to target datanode a8dc8e14-51a9-4d83-a5bf-6c6ac6975915
2023-08-30 06:49:53,287 [main] DEBUG balancer.ContainerBalancerTask (ContainerBalancerTask.java:lambda$moveContainer$3(837)) - Container move completed for container #29 from source d6fa954d-9233-4334-9bea-1522c897d56a to target a8dc8e14-51a9-4d83-a5bf-6c6ac6975915
2023-08-30 06:49:53,290 [main] DEBUG balancer.ContainerBalancerTask (ContainerBalancerTask.java:matchSourceWithTarget(708)) - ContainerBalancer is finding suitable target for source datanode 681ae63e-a876-4c5c-8c02-3bf495d957cd
2023-08-30 06:49:53,291 [main] INFO  balancer.ContainerBalancerTask (ContainerBalancerTask.java:matchSourceWithTarget(722)) - ContainerBalancer matched source datanode 681ae63e-a876-4c5c-8c02-3bf495d957cd with target datanode a8dc8e14-51a9-4d83-a5bf-6c6ac6975915 for container move.
2023-08-30 06:49:53,291 [main] INFO  balancer.ContainerBalancerTask (ContainerBalancerTask.java:processMoveSelection(569)) - ContainerBalancer is trying to move container #88 with size 3221225472B from source datanode 681ae63e-a876-4c5c-8c02-3bf495d957cd to target datanode a8dc8e14-51a9-4d83-a5bf-6c6ac6975915
2023-08-30 06:49:53,291 [main] DEBUG balancer.ContainerBalancerTask (ContainerBalancerTask.java:lambda$moveContainer$3(837)) - Container move completed for container #88 from source 681ae63e-a876-4c5c-8c02-3bf495d957cd to target a8dc8e14-51a9-4d83-a5bf-6c6ac6975915
2023-08-30 06:49:53,294 [main] DEBUG balancer.ContainerBalancerTask (ContainerBalancerTask.java:matchSourceWithTarget(708)) - ContainerBalancer is finding suitable target for source datanode 681ae63e-a876-4c5c-8c02-3bf495d957cd
2023-08-30 06:49:53,294 [main] INFO  balancer.FindTargetGreedyByUsageInfo (AbstractFindTargetGreedy.java:findTargetForContainerMove(133)) - Container Balancer could not find a target for source datanode 681ae63e-a876-4c5c-8c02-3bf495d957cd
2023-08-30 06:49:53,294 [main] DEBUG balancer.ContainerBalancerTask (ContainerBalancerTask.java:matchSourceWithTarget(717)) - ContainerBalancer could not find a suitable target for source node 681ae63e-a876-4c5c-8c02-3bf495d957cd.
2023-08-30 06:49:53,297 [main] DEBUG balancer.ContainerBalancerTask (ContainerBalancerTask.java:matchSourceWithTarget(708)) - ContainerBalancer is finding suitable target for source datanode d6fa954d-9233-4334-9bea-1522c897d56a
2023-08-30 06:49:53,298 [main] INFO  balancer.FindTargetGreedyByUsageInfo (AbstractFindTargetGreedy.java:findTargetForContainerMove(133)) - Container Balancer could not find a target for source datanode d6fa954d-9233-4334-9bea-1522c897d56a
2023-08-30 06:49:53,298 [main] DEBUG balancer.ContainerBalancerTask (ContainerBalancerTask.java:matchSourceWithTarget(717)) - ContainerBalancer could not find a suitable target for source node d6fa954d-9233-4334-9bea-1522c897d56a.
2023-08-30 06:49:53,298 [main] INFO  balancer.FindSourceGreedy (FindSourceGreedy.java:getNextCandidateSourceDataNode(126)) - no more candidate source data node
2023-08-30 06:49:53,298 [main] INFO  balancer.ContainerBalancerTask (ContainerBalancerTask.java:checkIterationMoveResults(642)) - Iteration Summary. Number of Datanodes involved: 3. Size moved: 23 GB (24696061952 Bytes). Number of Container moves completed: 5.
2023-08-30 06:49:53,298 [main] INFO  balancer.ContainerBalancerTask (ContainerBalancerTask.java:balance(259)) - Result of this iteration of Container Balancer: ITERATION_COMPLETED
2023-08-30 06:49:53,298 [main] INFO  balancer.ContainerBalancerTask (ContainerBalancerTask.java:tryStopWithSaveConfiguration(308)) - Save Configuration for stopping. Reason: Completed all iterations.
2023-08-30 06:49:53,299 [main] DEBUG balancer.ContainerBalancerTask (ContainerBalancerTask.java:initializeIteration(374)) - Average utilization of the cluster is 0.38698078579770684
2023-08-30 06:49:53,299 [main] DEBUG balancer.ContainerBalancerTask (ContainerBalancerTask.java:initializeIteration(386)) - Lower limit for utilization is -0.35890604703167844 and Upper limit for utilization is 1.132867618627092
2023-08-30 06:49:53,299 [main] DEBUG balancer.ContainerBalancerTask (ContainerBalancerTask.java:initializeIteration(398)) - Utilization for node d6fa954d-9233-4334-9bea-1522c897d56a with capacity 68003648853B, used 61203283968B, and remaining 6800364885B is 0.9000000000044115
2023-08-30 06:49:53,299 [main] DEBUG balancer.ContainerBalancerTask (ContainerBalancerTask.java:initializeIteration(398)) - Utilization for node 681ae63e-a876-4c5c-8c02-3bf495d957cd with capacity 87241523200B, used 69793218560B, and remaining 17448304640B is 0.8
2023-08-30 06:49:53,300 [main] DEBUG balancer.ContainerBalancerTask (ContainerBalancerTask.java:initializeIteration(398)) - Utilization for node 19d3f880-e223-44b8-abcc-495fd19dfa86 with capacity 69026260114B, used 48318382080B, and remaining 20707878034B is 0.7000000000028974
2023-08-30 06:49:53,300 [main] DEBUG balancer.ContainerBalancerTask (ContainerBalancerTask.java:initializeIteration(398)) - Utilization for node 1e842003-d8bf-4dba-a164-35eddf1d3511 with capacity 59055800320B, used 35433480192B, and remaining 23622320128B is 0.6
2023-08-30 06:49:53,300 [main] DEBUG balancer.ContainerBalancerTask (ContainerBalancerTask.java:initializeIteration(398)) - Utilization for node 1c4b2f89-40d2-467b-9872-4fa6e5223cd7 with capacity 130996502528B, used 65498251264B, and remaining 65498251264B is 0.5
2023-08-30 06:49:53,300 [main] DEBUG balancer.ContainerBalancerTask (ContainerBalancerTask.java:initializeIteration(398)) - Utilization for node 522d7852-c2b1-4f4d-9914-dde8150cadfe with capacity 64424509440B, used 25769803776B, and remaining 38654705664B is 0.4
2023-08-30 06:49:53,300 [main] DEBUG balancer.ContainerBalancerTask (ContainerBalancerTask.java:initializeIteration(398)) - Utilization for node 58e93824-a32b-4139-b1c8-aad9a9795a7d with capacity 136007297706B, used 40802189312B, and remaining 95205108394B is 0.30000000000147053
2023-08-30 06:49:53,300 [main] DEBUG balancer.ContainerBalancerTask (ContainerBalancerTask.java:initializeIteration(398)) - Utilization for node 4a7a5e61-2b3f-4981-a9a4-6af45d934c18 with capacity 118111600640B, used 23622320128B, and remaining 94489280512B is 0.2
2023-08-30 06:49:53,300 [main] DEBUG balancer.ContainerBalancerTask (ContainerBalancerTask.java:initializeIteration(398)) - Utilization for node 0298b916-6136-4321-989b-5bb354a0b70e with capacity 257698037760B, used 25769803776B, and remaining 231928233984B is 0.1
2023-08-30 06:49:53,300 [main] DEBUG balancer.ContainerBalancerTask (ContainerBalancerTask.java:initializeIteration(398)) - Utilization for node a8dc8e14-51a9-4d83-a5bf-6c6ac6975915 with capacity 33285996544B, used 0B, and remaining 33285996544B is 0.0
2023-08-30 06:49:53,300 [main] INFO  balancer.ContainerBalancerTask (ContainerBalancerTask.java:initializeIteration(443)) - Did not find any unbalanced Datanodes.
2023-08-30 06:49:53,300 [main] INFO  balancer.ContainerBalancerTask (ContainerBalancerTask.java:tryStopWithSaveConfiguration(308)) - Save Configuration for stopping. Reason: Could not initialize ContainerBalancer's iteration number 0
2023-08-30 06:49:53,301 [main] DEBUG balancer.ContainerBalancerTask (ContainerBalancerTask.java:initializeIteration(374)) - Average utilization of the cluster is 0.38698078579770684
2023-08-30 06:49:53,301 [main] DEBUG balancer.ContainerBalancerTask (ContainerBalancerTask.java:initializeIteration(386)) - Lower limit for utilization is -0.5894313037657406 and Upper limit for utilization is 1.3633928753611542
2023-08-30 06:49:53,301 [main] DEBUG balancer.ContainerBalancerTask (ContainerBalancerTask.java:initializeIteration(398)) - Utilization for node d6fa954d-9233-4334-9bea-1522c897d56a with capacity 68003648853B, used 61203283968B, and remaining 6800364885B is 0.9000000000044115
2023-08-30 06:49:53,301 [main] DEBUG balancer.ContainerBalancerTask (ContainerBalancerTask.java:initializeIteration(398)) - Utilization for node 681ae63e-a876-4c5c-8c02-3bf495d957cd with capacity 87241523200B, used 69793218560B, and remaining 17448304640B is 0.8
2023-08-30 06:49:53,301 [main] DEBUG balancer.ContainerBalancerTask (ContainerBalancerTask.java:initializeIteration(398)) - Utilization for node 19d3f880-e223-44b8-abcc-495fd19dfa86 with capacity 69026260114B, used 48318382080B, and remaining 20707878034B is 0.7000000000028974
2023-08-30 06:49:53,301 [main] DEBUG balancer.ContainerBalancerTask (ContainerBalancerTask.java:initializeIteration(398)) - Utilization for node 1e842003-d8bf-4dba-a164-35eddf1d3511 with capacity 59055800320B, used 35433480192B, and remaining 23622320128B is 0.6
2023-08-30 06:49:53,301 [main] DEBUG balancer.ContainerBalancerTask (ContainerBalancerTask.java:initializeIteration(398)) - Utilization for node 1c4b2f89-40d2-467b-9872-4fa6e5223cd7 with capacity 130996502528B, used 65498251264B, and remaining 65498251264B is 0.5
2023-08-30 06:49:53,302 [main] DEBUG balancer.ContainerBalancerTask (ContainerBalancerTask.java:initializeIteration(398)) - Utilization for node 522d7852-c2b1-4f4d-9914-dde8150cadfe with capacity 64424509440B, used 25769803776B, and remaining 38654705664B is 0.4
2023-08-30 06:49:53,302 [main] DEBUG balancer.ContainerBalancerTask (ContainerBalancerTask.java:initializeIteration(398)) - Utilization for node 58e93824-a32b-4139-b1c8-aad9a9795a7d with capacity 136007297706B, used 40802189312B, and remaining 95205108394B is 0.30000000000147053
2023-08-30 06:49:53,304 [main] DEBUG balancer.ContainerBalancerTask (ContainerBalancerTask.java:initializeIteration(398)) - Utilization for node 4a7a5e61-2b3f-4981-a9a4-6af45d934c18 with capacity 118111600640B, used 23622320128B, and remaining 94489280512B is 0.2
2023-08-30 06:49:53,304 [main] DEBUG balancer.ContainerBalancerTask (ContainerBalancerTask.java:initializeIteration(398)) - Utilization for node 0298b916-6136-4321-989b-5bb354a0b70e with capacity 257698037760B, used 25769803776B, and remaining 231928233984B is 0.1
2023-08-30 06:49:53,304 [main] DEBUG balancer.ContainerBalancerTask (ContainerBalancerTask.java:initializeIteration(398)) - Utilization for node a8dc8e14-51a9-4d83-a5bf-6c6ac6975915 with capacity 33285996544B, used 0B, and remaining 33285996544B is 0.0
2023-08-30 06:49:53,304 [main] INFO  balancer.ContainerBalancerTask (ContainerBalancerTask.java:initializeIteration(443)) - Did not find any unbalanced Datanodes.
2023-08-30 06:49:53,304 [main] INFO  balancer.ContainerBalancerTask (ContainerBalancerTask.java:tryStopWithSaveConfiguration(308)) - Save Configuration for stopping. Reason: Could not initialize ContainerBalancer's iteration number 0
2023-08-30 06:49:53,305 [main] DEBUG balancer.ContainerBalancerTask (ContainerBalancerTask.java:initializeIteration(374)) - Average utilization of the cluster is 0.38698078579770684
2023-08-30 06:49:53,305 [main] DEBUG balancer.ContainerBalancerTask (ContainerBalancerTask.java:initializeIteration(386)) - Lower limit for utilization is -0.5671381594491425 and Upper limit for utilization is 1.341099731044556
2023-08-30 06:49:53,305 [main] DEBUG balancer.ContainerBalancerTask (ContainerBalancerTask.java:initializeIteration(398)) - Utilization for node d6fa954d-9233-4334-9bea-1522c897d56a with capacity 68003648853B, used 61203283968B, and remaining 6800364885B is 0.9000000000044115
2023-08-30 06:49:53,305 [main] DEBUG balancer.ContainerBalancerTask (ContainerBalancerTask.java:initializeIteration(398)) - Utilization for node 681ae63e-a876-4c5c-8c02-3bf495d957cd with capacity 87241523200B, used 69793218560B, and remaining 17448304640B is 0.8
2023-08-30 06:49:53,305 [main] DEBUG balancer.ContainerBalancerTask (ContainerBalancerTask.java:initializeIteration(398)) - Utilization for node 19d3f880-e223-44b8-abcc-495fd19dfa86 with capacity 69026260114B, used 48318382080B, and remaining 20707878034B is 0.7000000000028974
2023-08-30 06:49:53,305 [main] DEBUG balancer.ContainerBalancerTask (ContainerBalancerTask.java:initializeIteration(398)) - Utilization for node 1e842003-d8bf-4dba-a164-35eddf1d3511 with capacity 59055800320B, used 35433480192B, and remaining 23622320128B is 0.6
2023-08-30 06:49:53,305 [main] DEBUG balancer.ContainerBalancerTask (ContainerBalancerTask.java:initializeIteration(398)) - Utilization for node 1c4b2f89-40d2-467b-9872-4fa6e5223cd7 with capacity 130996502528B, used 65498251264B, and remaining 65498251264B is 0.5
2023-08-30 06:49:53,305 [main] DEBUG balancer.ContainerBalancerTask (ContainerBalancerTask.java:initializeIteration(398)) - Utilization for node 522d7852-c2b1-4f4d-9914-dde8150cadfe with capacity 64424509440B, used 25769803776B, and remaining 38654705664B is 0.4
2023-08-30 06:49:53,305 [main] DEBUG balancer.ContainerBalancerTask (ContainerBalancerTask.java:initializeIteration(398)) - Utilization for node 58e93824-a32b-4139-b1c8-aad9a9795a7d with capacity 136007297706B, used 40802189312B, and remaining 95205108394B is 0.30000000000147053
2023-08-30 06:49:53,305 [main] DEBUG balancer.ContainerBalancerTask (ContainerBalancerTask.java:initializeIteration(398)) - Utilization for node 4a7a5e61-2b3f-4981-a9a4-6af45d934c18 with capacity 118111600640B, used 23622320128B, and remaining 94489280512B is 0.2
2023-08-30 06:49:53,305 [main] DEBUG balancer.ContainerBalancerTask (ContainerBalancerTask.java:initializeIteration(398)) - Utilization for node 0298b916-6136-4321-989b-5bb354a0b70e with capacity 257698037760B, used 25769803776B, and remaining 231928233984B is 0.1
2023-08-30 06:49:53,306 [main] DEBUG balancer.ContainerBalancerTask (ContainerBalancerTask.java:initializeIteration(398)) - Utilization for node a8dc8e14-51a9-4d83-a5bf-6c6ac6975915 with capacity 33285996544B, used 0B, and remaining 33285996544B is 0.0
2023-08-30 06:49:53,306 [main] INFO  balancer.ContainerBalancerTask (ContainerBalancerTask.java:initializeIteration(443)) - Did not find any unbalanced Datanodes.
2023-08-30 06:49:53,306 [main] INFO  balancer.ContainerBalancerTask (ContainerBalancerTask.java:tryStopWithSaveConfiguration(308)) - Save Configuration for stopping. Reason: Could not initialize ContainerBalancer's iteration number 0
2023-08-30 06:49:53,306 [main] DEBUG balancer.ContainerBalancerTask (ContainerBalancerTask.java:initializeIteration(374)) - Average utilization of the cluster is 0.38698078579770684
2023-08-30 06:49:53,306 [main] DEBUG balancer.ContainerBalancerTask (ContainerBalancerTask.java:initializeIteration(386)) - Lower limit for utilization is 0.13162577546955584 and Upper limit for utilization is 0.6423357961258578
2023-08-30 06:49:53,306 [main] DEBUG balancer.ContainerBalancerTask (ContainerBalancerTask.java:initializeIteration(398)) - Utilization for node d6fa954d-9233-4334-9bea-1522c897d56a with capacity 68003648853B, used 61203283968B, and remaining 6800364885B is 0.9000000000044115
2023-08-30 06:49:53,306 [main] DEBUG balancer.ContainerBalancerTask (ContainerBalancerTask.java:initializeIteration(398)) - Utilization for node 681ae63e-a876-4c5c-8c02-3bf495d957cd with capacity 87241523200B, used 69793218560B, and remaining 17448304640B is 0.8
2023-08-30 06:49:53,307 [main] DEBUG balancer.ContainerBalancerTask (ContainerBalancerTask.java:initializeIteration(398)) - Utilization for node 19d3f880-e223-44b8-abcc-495fd19dfa86 with capacity 69026260114B, used 48318382080B, and remaining 20707878034B is 0.7000000000028974
2023-08-30 06:49:53,307 [main] DEBUG balancer.ContainerBalancerTask (ContainerBalancerTask.java:initializeIteration(398)) - Utilization for node 1e842003-d8bf-4dba-a164-35eddf1d3511 with capacity 59055800320B, used 35433480192B, and remaining 23622320128B is 0.6
2023-08-30 06:49:53,307 [main] DEBUG balancer.ContainerBalancerTask (ContainerBalancerTask.java:initializeIteration(398)) - Utilization for node 1c4b2f89-40d2-467b-9872-4fa6e5223cd7 with capacity 130996502528B, used 65498251264B, and remaining 65498251264B is 0.5
2023-08-30 06:49:53,307 [main] DEBUG balancer.ContainerBalancerTask (ContainerBalancerTask.java:initializeIteration(398)) - Utilization for node 522d7852-c2b1-4f4d-9914-dde8150cadfe with capacity 64424509440B, used 25769803776B, and remaining 38654705664B is 0.4
2023-08-30 06:49:53,307 [main] DEBUG balancer.ContainerBalancerTask (ContainerBalancerTask.java:initializeIteration(398)) - Utilization for node 58e93824-a32b-4139-b1c8-aad9a9795a7d with capacity 136007297706B, used 40802189312B, and remaining 95205108394B is 0.30000000000147053
2023-08-30 06:49:53,307 [main] DEBUG balancer.ContainerBalancerTask (ContainerBalancerTask.java:initializeIteration(398)) - Utilization for node 4a7a5e61-2b3f-4981-a9a4-6af45d934c18 with capacity 118111600640B, used 23622320128B, and remaining 94489280512B is 0.2
2023-08-30 06:49:53,307 [main] DEBUG balancer.ContainerBalancerTask (ContainerBalancerTask.java:initializeIteration(398)) - Utilization for node 0298b916-6136-4321-989b-5bb354a0b70e with capacity 257698037760B, used 25769803776B, and remaining 231928233984B is 0.1
2023-08-30 06:49:53,307 [main] DEBUG balancer.ContainerBalancerTask (ContainerBalancerTask.java:initializeIteration(398)) - Utilization for node a8dc8e14-51a9-4d83-a5bf-6c6ac6975915 with capacity 33285996544B, used 0B, and remaining 33285996544B is 0.0
2023-08-30 06:49:53,307 [main] INFO  balancer.ContainerBalancerTask (ContainerBalancerTask.java:initializeIteration(447)) - Container Balancer has identified 3 Over-Utilized and 2 Under-Utilized Datanodes that need to be balanced.
2023-08-30 06:49:53,307 [main] DEBUG balancer.ContainerBalancerTask (ContainerBalancerTask.java:lambda$initializeIteration$1(453)) - Datanode localhost-146.188.160.172 d6fa954d-9233-4334-9bea-1522c897d56a is Over-Utilized.
2023-08-30 06:49:53,307 [main] DEBUG balancer.ContainerBalancerTask (ContainerBalancerTask.java:lambda$initializeIteration$1(453)) - Datanode localhost-233.191.17.208 681ae63e-a876-4c5c-8c02-3bf495d957cd is Over-Utilized.
2023-08-30 06:49:53,308 [main] DEBUG balancer.ContainerBalancerTask (ContainerBalancerTask.java:lambda$initializeIteration$1(453)) - Datanode localhost-123.88.214.81 19d3f880-e223-44b8-abcc-495fd19dfa86 is Over-Utilized.
2023-08-30 06:49:53,308 [main] DEBUG balancer.ContainerBalancerTask (ContainerBalancerTask.java:lambda$initializeIteration$2(459)) - Datanode localhost-89.157.111.179 a8dc8e14-51a9-4d83-a5bf-6c6ac6975915 is Under-Utilized.
2023-08-30 06:49:53,308 [main] DEBUG balancer.ContainerBalancerTask (ContainerBalancerTask.java:lambda$initializeIteration$2(459)) - Datanode localhost-248.15.158.135 0298b916-6136-4321-989b-5bb354a0b70e is Under-Utilized.
2023-08-30 06:49:53,310 [main] DEBUG balancer.ContainerBalancerTask (ContainerBalancerTask.java:matchSourceWithTarget(708)) - ContainerBalancer is finding suitable target for source datanode d6fa954d-9233-4334-9bea-1522c897d56a
2023-08-30 06:49:53,310 [main] INFO  balancer.ContainerBalancerTask (ContainerBalancerTask.java:matchSourceWithTarget(722)) - ContainerBalancer matched source datanode d6fa954d-9233-4334-9bea-1522c897d56a with target datanode a8dc8e14-51a9-4d83-a5bf-6c6ac6975915 for container move.
2023-08-30 06:49:53,311 [main] INFO  balancer.ContainerBalancerTask (ContainerBalancerTask.java:processMoveSelection(569)) - ContainerBalancer is trying to move container #85 with size 5368709120B from source datanode d6fa954d-9233-4334-9bea-1522c897d56a to target datanode a8dc8e14-51a9-4d83-a5bf-6c6ac6975915
2023-08-30 06:49:53,311 [main] DEBUG balancer.ContainerBalancerTask (ContainerBalancerTask.java:lambda$moveContainer$3(837)) - Container move completed for container #85 from source d6fa954d-9233-4334-9bea-1522c897d56a to target a8dc8e14-51a9-4d83-a5bf-6c6ac6975915
2023-08-30 06:49:53,313 [main] DEBUG balancer.ContainerBalancerTask (ContainerBalancerTask.java:matchSourceWithTarget(708)) - ContainerBalancer is finding suitable target for source datanode d6fa954d-9233-4334-9bea-1522c897d56a
2023-08-30 06:49:53,313 [main] INFO  balancer.ContainerBalancerTask (ContainerBalancerTask.java:matchSourceWithTarget(722)) - ContainerBalancer matched source datanode d6fa954d-9233-4334-9bea-1522c897d56a with target datanode 0298b916-6136-4321-989b-5bb354a0b70e for container move.
2023-08-30 06:49:53,314 [main] INFO  balancer.ContainerBalancerTask (ContainerBalancerTask.java:processMoveSelection(569)) - ContainerBalancer is trying to move container #29 with size 5368709120B from source datanode d6fa954d-9233-4334-9bea-1522c897d56a to target datanode 0298b916-6136-4321-989b-5bb354a0b70e
2023-08-30 06:49:53,314 [main] DEBUG balancer.ContainerBalancerTask (ContainerBalancerTask.java:lambda$moveContainer$3(837)) - Container move completed for container #29 from source d6fa954d-9233-4334-9bea-1522c897d56a to target 0298b916-6136-4321-989b-5bb354a0b70e
2023-08-30 06:49:53,317 [main] DEBUG balancer.ContainerBalancerTask (ContainerBalancerTask.java:matchSourceWithTarget(708)) - ContainerBalancer is finding suitable target for source datanode 681ae63e-a876-4c5c-8c02-3bf495d957cd
2023-08-30 06:49:53,317 [main] INFO  balancer.ContainerBalancerTask (ContainerBalancerTask.java:matchSourceWithTarget(722)) - ContainerBalancer matched source datanode 681ae63e-a876-4c5c-8c02-3bf495d957cd with target datanode 0298b916-6136-4321-989b-5bb354a0b70e for container move.
2023-08-30 06:49:53,317 [main] INFO  balancer.ContainerBalancerTask (ContainerBalancerTask.java:processMoveSelection(569)) - ContainerBalancer is trying to move container #68 with size 5368709120B from source datanode 681ae63e-a876-4c5c-8c02-3bf495d957cd to target datanode 0298b916-6136-4321-989b-5bb354a0b70e
2023-08-30 06:49:53,317 [main] DEBUG balancer.ContainerBalancerTask (ContainerBalancerTask.java:lambda$moveContainer$3(837)) - Container move completed for container #68 from source 681ae63e-a876-4c5c-8c02-3bf495d957cd to target 0298b916-6136-4321-989b-5bb354a0b70e
2023-08-30 06:49:53,320 [main] DEBUG balancer.ContainerBalancerTask (ContainerBalancerTask.java:matchSourceWithTarget(708)) - ContainerBalancer is finding suitable target for source datanode d6fa954d-9233-4334-9bea-1522c897d56a
2023-08-30 06:49:53,320 [main] INFO  balancer.ContainerBalancerTask (ContainerBalancerTask.java:matchSourceWithTarget(722)) - ContainerBalancer matched source datanode d6fa954d-9233-4334-9bea-1522c897d56a with target datanode 0298b916-6136-4321-989b-5bb354a0b70e for container move.
2023-08-30 06:49:53,320 [main] INFO  balancer.ContainerBalancerTask (ContainerBalancerTask.java:processMoveSelection(569)) - ContainerBalancer is trying to move container #84 with size 4294967296B from source datanode d6fa954d-9233-4334-9bea-1522c897d56a to target datanode 0298b916-6136-4321-989b-5bb354a0b70e
2023-08-30 06:49:53,320 [main] DEBUG balancer.ContainerBalancerTask (ContainerBalancerTask.java:lambda$moveContainer$3(837)) - Container move completed for container #84 from source d6fa954d-9233-4334-9bea-1522c897d56a to target 0298b916-6136-4321-989b-5bb354a0b70e
2023-08-30 06:49:53,323 [main] DEBUG balancer.ContainerBalancerTask (ContainerBalancerTask.java:matchSourceWithTarget(708)) - ContainerBalancer is finding suitable target for source datanode 681ae63e-a876-4c5c-8c02-3bf495d957cd
2023-08-30 06:49:53,323 [main] INFO  balancer.ContainerBalancerTask (ContainerBalancerTask.java:matchSourceWithTarget(722)) - ContainerBalancer matched source datanode 681ae63e-a876-4c5c-8c02-3bf495d957cd with target datanode 0298b916-6136-4321-989b-5bb354a0b70e for container move.
2023-08-30 06:49:53,323 [main] INFO  balancer.ContainerBalancerTask (ContainerBalancerTask.java:processMoveSelection(569)) - ContainerBalancer is trying to move container #40 with size 5368709120B from source datanode 681ae63e-a876-4c5c-8c02-3bf495d957cd to target datanode 0298b916-6136-4321-989b-5bb354a0b70e
2023-08-30 06:49:53,323 [main] DEBUG balancer.ContainerBalancerTask (ContainerBalancerTask.java:lambda$moveContainer$3(837)) - Container move completed for container #40 from source 681ae63e-a876-4c5c-8c02-3bf495d957cd to target 0298b916-6136-4321-989b-5bb354a0b70e
2023-08-30 06:49:53,326 [main] DEBUG balancer.ContainerBalancerTask (ContainerBalancerTask.java:matchSourceWithTarget(708)) - ContainerBalancer is finding suitable target for source datanode 19d3f880-e223-44b8-abcc-495fd19dfa86
2023-08-30 06:49:53,326 [main] INFO  balancer.ContainerBalancerTask (ContainerBalancerTask.java:matchSourceWithTarget(722)) - ContainerBalancer matched source datanode 19d3f880-e223-44b8-abcc-495fd19dfa86 with target datanode a8dc8e14-51a9-4d83-a5bf-6c6ac6975915 for container move.
2023-08-30 06:49:53,326 [main] INFO  balancer.ContainerBalancerTask (ContainerBalancerTask.java:processMoveSelection(569)) - ContainerBalancer is trying to move container #53 with size 5368709120B from source datanode 19d3f880-e223-44b8-abcc-495fd19dfa86 to target datanode a8dc8e14-51a9-4d83-a5bf-6c6ac6975915
2023-08-30 06:49:53,326 [main] DEBUG balancer.ContainerBalancerTask (ContainerBalancerTask.java:lambda$moveContainer$3(837)) - Container move completed for container #53 from source 19d3f880-e223-44b8-abcc-495fd19dfa86 to target a8dc8e14-51a9-4d83-a5bf-6c6ac6975915
2023-08-30 06:49:53,329 [main] DEBUG balancer.ContainerBalancerTask (ContainerBalancerTask.java:matchSourceWithTarget(708)) - ContainerBalancer is finding suitable target for source datanode d6fa954d-9233-4334-9bea-1522c897d56a
2023-08-30 06:49:53,329 [main] INFO  balancer.ContainerBalancerTask (ContainerBalancerTask.java:matchSourceWithTarget(722)) - ContainerBalancer matched source datanode d6fa954d-9233-4334-9bea-1522c897d56a with target datanode 0298b916-6136-4321-989b-5bb354a0b70e for container move.
2023-08-30 06:49:53,329 [main] INFO  balancer.ContainerBalancerTask (ContainerBalancerTask.java:processMoveSelection(569)) - ContainerBalancer is trying to move container #67 with size 4294967296B from source datanode d6fa954d-9233-4334-9bea-1522c897d56a to target datanode 0298b916-6136-4321-989b-5bb354a0b70e
2023-08-30 06:49:53,330 [main] DEBUG balancer.ContainerBalancerTask (ContainerBalancerTask.java:lambda$moveContainer$3(837)) - Container move completed for container #67 from source d6fa954d-9233-4334-9bea-1522c897d56a to target 0298b916-6136-4321-989b-5bb354a0b70e
2023-08-30 06:49:53,332 [main] DEBUG balancer.ContainerBalancerTask (ContainerBalancerTask.java:matchSourceWithTarget(708)) - ContainerBalancer is finding suitable target for source datanode 681ae63e-a876-4c5c-8c02-3bf495d957cd
2023-08-30 06:49:53,333 [main] INFO  balancer.ContainerBalancerTask (ContainerBalancerTask.java:matchSourceWithTarget(722)) - ContainerBalancer matched source datanode 681ae63e-a876-4c5c-8c02-3bf495d957cd with target datanode 0298b916-6136-4321-989b-5bb354a0b70e for container move.
2023-08-30 06:49:53,333 [main] INFO  balancer.ContainerBalancerTask (ContainerBalancerTask.java:processMoveSelection(569)) - ContainerBalancer is trying to move container #28 with size 4294967296B from source datanode 681ae63e-a876-4c5c-8c02-3bf495d957cd to target datanode 0298b916-6136-4321-989b-5bb354a0b70e
2023-08-30 06:49:53,333 [main] DEBUG balancer.ContainerBalancerTask (ContainerBalancerTask.java:lambda$moveContainer$3(837)) - Container move completed for container #28 from source 681ae63e-a876-4c5c-8c02-3bf495d957cd to target 0298b916-6136-4321-989b-5bb354a0b70e
2023-08-30 06:49:53,336 [main] DEBUG balancer.ContainerBalancerTask (ContainerBalancerTask.java:matchSourceWithTarget(708)) - ContainerBalancer is finding suitable target for source datanode 681ae63e-a876-4c5c-8c02-3bf495d957cd
2023-08-30 06:49:53,336 [main] INFO  balancer.ContainerBalancerTask (ContainerBalancerTask.java:matchSourceWithTarget(722)) - ContainerBalancer matched source datanode 681ae63e-a876-4c5c-8c02-3bf495d957cd with target datanode 0298b916-6136-4321-989b-5bb354a0b70e for container move.
2023-08-30 06:49:53,336 [main] INFO  balancer.ContainerBalancerTask (ContainerBalancerTask.java:processMoveSelection(569)) - ContainerBalancer is trying to move container #88 with size 3221225472B from source datanode 681ae63e-a876-4c5c-8c02-3bf495d957cd to target datanode 0298b916-6136-4321-989b-5bb354a0b70e
2023-08-30 06:49:53,336 [main] DEBUG balancer.ContainerBalancerTask (ContainerBalancerTask.java:lambda$moveContainer$3(837)) - Container move completed for container #88 from source 681ae63e-a876-4c5c-8c02-3bf495d957cd to target 0298b916-6136-4321-989b-5bb354a0b70e
2023-08-30 06:49:53,339 [main] DEBUG balancer.ContainerBalancerTask (ContainerBalancerTask.java:matchSourceWithTarget(708)) - ContainerBalancer is finding suitable target for source datanode 19d3f880-e223-44b8-abcc-495fd19dfa86
2023-08-30 06:49:53,339 [main] INFO  balancer.ContainerBalancerTask (ContainerBalancerTask.java:matchSourceWithTarget(722)) - ContainerBalancer matched source datanode 19d3f880-e223-44b8-abcc-495fd19dfa86 with target datanode 0298b916-6136-4321-989b-5bb354a0b70e for container move.
2023-08-30 06:49:53,339 [main] INFO  balancer.ContainerBalancerTask (ContainerBalancerTask.java:processMoveSelection(569)) - ContainerBalancer is trying to move container #52 with size 4294967296B from source datanode 19d3f880-e223-44b8-abcc-495fd19dfa86 to target datanode 0298b916-6136-4321-989b-5bb354a0b70e
2023-08-30 06:49:53,340 [main] DEBUG balancer.ContainerBalancerTask (ContainerBalancerTask.java:lambda$moveContainer$3(837)) - Container move completed for container #52 from source 19d3f880-e223-44b8-abcc-495fd19dfa86 to target 0298b916-6136-4321-989b-5bb354a0b70e
2023-08-30 06:49:53,342 [main] DEBUG balancer.ContainerBalancerTask (ContainerBalancerTask.java:matchSourceWithTarget(708)) - ContainerBalancer is finding suitable target for source datanode d6fa954d-9233-4334-9bea-1522c897d56a
2023-08-30 06:49:53,343 [main] INFO  balancer.ContainerBalancerTask (ContainerBalancerTask.java:matchSourceWithTarget(722)) - ContainerBalancer matched source datanode d6fa954d-9233-4334-9bea-1522c897d56a with target datanode 0298b916-6136-4321-989b-5bb354a0b70e for container move.
2023-08-30 06:49:53,343 [main] INFO  balancer.ContainerBalancerTask (ContainerBalancerTask.java:processMoveSelection(569)) - ContainerBalancer is trying to move container #19 with size 4294967296B from source datanode d6fa954d-9233-4334-9bea-1522c897d56a to target datanode 0298b916-6136-4321-989b-5bb354a0b70e
2023-08-30 06:49:53,343 [main] DEBUG balancer.ContainerBalancerTask (ContainerBalancerTask.java:lambda$moveContainer$3(837)) - Container move completed for container #19 from source d6fa954d-9233-4334-9bea-1522c897d56a to target 0298b916-6136-4321-989b-5bb354a0b70e
2023-08-30 06:49:53,346 [main] DEBUG balancer.ContainerBalancerTask (ContainerBalancerTask.java:matchSourceWithTarget(708)) - ContainerBalancer is finding suitable target for source datanode 681ae63e-a876-4c5c-8c02-3bf495d957cd
2023-08-30 06:49:53,346 [main] INFO  balancer.ContainerBalancerTask (ContainerBalancerTask.java:matchSourceWithTarget(722)) - ContainerBalancer matched source datanode 681ae63e-a876-4c5c-8c02-3bf495d957cd with target datanode 0298b916-6136-4321-989b-5bb354a0b70e for container move.
2023-08-30 06:49:53,346 [main] INFO  balancer.ContainerBalancerTask (ContainerBalancerTask.java:processMoveSelection(569)) - ContainerBalancer is trying to move container #70 with size 2147483648B from source datanode 681ae63e-a876-4c5c-8c02-3bf495d957cd to target datanode 0298b916-6136-4321-989b-5bb354a0b70e
2023-08-30 06:49:53,346 [main] DEBUG balancer.ContainerBalancerTask (ContainerBalancerTask.java:lambda$moveContainer$3(837)) - Container move completed for container #70 from source 681ae63e-a876-4c5c-8c02-3bf495d957cd to target 0298b916-6136-4321-989b-5bb354a0b70e
2023-08-30 06:49:53,346 [main] WARN  balancer.ContainerBalancerTask (ContainerBalancerTask.java:reachedMaxSizeToMovePerIteration(733)) - Reached max size to move limit. 53687091200 bytes have already been scheduled for balancing and the limit is 53687091200 bytes.
2023-08-30 06:49:53,346 [main] INFO  balancer.ContainerBalancerTask (ContainerBalancerTask.java:checkIterationMoveResults(642)) - Iteration Summary. Number of Datanodes involved: 5. Size moved: 50 GB (53687091200 Bytes). Number of Container moves completed: 12.
2023-08-30 06:49:53,347 [main] INFO  balancer.ContainerBalancerTask (ContainerBalancerTask.java:balance(259)) - Result of this iteration of Container Balancer: ITERATION_COMPLETED
2023-08-30 06:49:53,347 [main] INFO  balancer.ContainerBalancerTask (ContainerBalancerTask.java:tryStopWithSaveConfiguration(308)) - Save Configuration for stopping. Reason: Completed all iterations.
2023-08-30 06:49:53,347 [main] DEBUG balancer.ContainerBalancerTask (ContainerBalancerTask.java:initializeIteration(374)) - Average utilization of the cluster is 0.38698078579770684
2023-08-30 06:49:53,347 [main] DEBUG balancer.ContainerBalancerTask (ContainerBalancerTask.java:initializeIteration(386)) - Lower limit for utilization is 0.1528367869725173 and Upper limit for utilization is 0.6211247846228964
2023-08-30 06:49:53,348 [main] DEBUG balancer.ContainerBalancerTask (ContainerBalancerTask.java:initializeIteration(398)) - Utilization for node d6fa954d-9233-4334-9bea-1522c897d56a with capacity 68003648853B, used 61203283968B, and remaining 6800364885B is 0.9000000000044115
2023-08-30 06:49:53,348 [main] DEBUG balancer.ContainerBalancerTask (ContainerBalancerTask.java:initializeIteration(398)) - Utilization for node 681ae63e-a876-4c5c-8c02-3bf495d957cd with capacity 87241523200B, used 69793218560B, and remaining 17448304640B is 0.8
2023-08-30 06:49:53,348 [main] DEBUG balancer.ContainerBalancerTask (ContainerBalancerTask.java:initializeIteration(398)) - Utilization for node 19d3f880-e223-44b8-abcc-495fd19dfa86 with capacity 69026260114B, used 48318382080B, and remaining 20707878034B is 0.7000000000028974
2023-08-30 06:49:53,348 [main] DEBUG balancer.ContainerBalancerTask (ContainerBalancerTask.java:initializeIteration(398)) - Utilization for node 1e842003-d8bf-4dba-a164-35eddf1d3511 with capacity 59055800320B, used 35433480192B, and remaining 23622320128B is 0.6
2023-08-30 06:49:53,348 [main] DEBUG balancer.ContainerBalancerTask (ContainerBalancerTask.java:initializeIteration(398)) - Utilization for node 1c4b2f89-40d2-467b-9872-4fa6e5223cd7 with capacity 130996502528B, used 65498251264B, and remaining 65498251264B is 0.5
2023-08-30 06:49:53,348 [main] DEBUG balancer.ContainerBalancerTask (ContainerBalancerTask.java:initializeIteration(398)) - Utilization for node 522d7852-c2b1-4f4d-9914-dde8150cadfe with capacity 64424509440B, used 25769803776B, and remaining 38654705664B is 0.4
2023-08-30 06:49:53,348 [main] DEBUG balancer.ContainerBalancerTask (ContainerBalancerTask.java:initializeIteration(398)) - Utilization for node 58e93824-a32b-4139-b1c8-aad9a9795a7d with capacity 136007297706B, used 40802189312B, and remaining 95205108394B is 0.30000000000147053
2023-08-30 06:49:53,348 [main] DEBUG balancer.ContainerBalancerTask (ContainerBalancerTask.java:initializeIteration(398)) - Utilization for node 4a7a5e61-2b3f-4981-a9a4-6af45d934c18 with capacity 118111600640B, used 23622320128B, and remaining 94489280512B is 0.2
2023-08-30 06:49:53,348 [main] DEBUG balancer.ContainerBalancerTask (ContainerBalancerTask.java:initializeIteration(398)) - Utilization for node 0298b916-6136-4321-989b-5bb354a0b70e with capacity 257698037760B, used 25769803776B, and remaining 231928233984B is 0.1
2023-08-30 06:49:53,348 [main] DEBUG balancer.ContainerBalancerTask (ContainerBalancerTask.java:initializeIteration(398)) - Utilization for node a8dc8e14-51a9-4d83-a5bf-6c6ac6975915 with capacity 33285996544B, used 0B, and remaining 33285996544B is 0.0
2023-08-30 06:49:53,348 [main] INFO  balancer.ContainerBalancerTask (ContainerBalancerTask.java:initializeIteration(447)) - Container Balancer has identified 3 Over-Utilized and 2 Under-Utilized Datanodes that need to be balanced.
2023-08-30 06:49:53,349 [main] DEBUG balancer.ContainerBalancerTask (ContainerBalancerTask.java:lambda$initializeIteration$1(453)) - Datanode localhost-146.188.160.172 d6fa954d-9233-4334-9bea-1522c897d56a is Over-Utilized.
2023-08-30 06:49:53,349 [main] DEBUG balancer.ContainerBalancerTask (ContainerBalancerTask.java:lambda$initializeIteration$1(453)) - Datanode localhost-233.191.17.208 681ae63e-a876-4c5c-8c02-3bf495d957cd is Over-Utilized.
2023-08-30 06:49:53,349 [main] DEBUG balancer.ContainerBalancerTask (ContainerBalancerTask.java:lambda$initializeIteration$1(453)) - Datanode localhost-123.88.214.81 19d3f880-e223-44b8-abcc-495fd19dfa86 is Over-Utilized.
2023-08-30 06:49:53,349 [main] DEBUG balancer.ContainerBalancerTask (ContainerBalancerTask.java:lambda$initializeIteration$2(459)) - Datanode localhost-89.157.111.179 a8dc8e14-51a9-4d83-a5bf-6c6ac6975915 is Under-Utilized.
2023-08-30 06:49:53,349 [main] DEBUG balancer.ContainerBalancerTask (ContainerBalancerTask.java:lambda$initializeIteration$2(459)) - Datanode localhost-248.15.158.135 0298b916-6136-4321-989b-5bb354a0b70e is Under-Utilized.
2023-08-30 06:49:53,351 [main] DEBUG balancer.ContainerBalancerTask (ContainerBalancerTask.java:matchSourceWithTarget(708)) - ContainerBalancer is finding suitable target for source datanode d6fa954d-9233-4334-9bea-1522c897d56a
2023-08-30 06:49:53,352 [main] INFO  balancer.ContainerBalancerTask (ContainerBalancerTask.java:matchSourceWithTarget(722)) - ContainerBalancer matched source datanode d6fa954d-9233-4334-9bea-1522c897d56a with target datanode a8dc8e14-51a9-4d83-a5bf-6c6ac6975915 for container move.
2023-08-30 06:49:53,352 [main] INFO  balancer.ContainerBalancerTask (ContainerBalancerTask.java:processMoveSelection(569)) - ContainerBalancer is trying to move container #85 with size 5368709120B from source datanode d6fa954d-9233-4334-9bea-1522c897d56a to target datanode a8dc8e14-51a9-4d83-a5bf-6c6ac6975915
2023-08-30 06:49:53,352 [main] DEBUG balancer.ContainerBalancerTask (ContainerBalancerTask.java:lambda$moveContainer$3(837)) - Container move completed for container #85 from source d6fa954d-9233-4334-9bea-1522c897d56a to target a8dc8e14-51a9-4d83-a5bf-6c6ac6975915
2023-08-30 06:49:53,354 [main] DEBUG balancer.ContainerBalancerTask (ContainerBalancerTask.java:matchSourceWithTarget(708)) - ContainerBalancer is finding suitable target for source datanode d6fa954d-9233-4334-9bea-1522c897d56a
2023-08-30 06:49:53,355 [main] INFO  balancer.ContainerBalancerTask (ContainerBalancerTask.java:matchSourceWithTarget(722)) - ContainerBalancer matched source datanode d6fa954d-9233-4334-9bea-1522c897d56a with target datanode 0298b916-6136-4321-989b-5bb354a0b70e for container move.
2023-08-30 06:49:53,355 [main] INFO  balancer.ContainerBalancerTask (ContainerBalancerTask.java:processMoveSelection(569)) - ContainerBalancer is trying to move container #29 with size 5368709120B from source datanode d6fa954d-9233-4334-9bea-1522c897d56a to target datanode 0298b916-6136-4321-989b-5bb354a0b70e
2023-08-30 06:49:53,355 [main] DEBUG balancer.ContainerBalancerTask (ContainerBalancerTask.java:lambda$moveContainer$3(837)) - Container move completed for container #29 from source d6fa954d-9233-4334-9bea-1522c897d56a to target 0298b916-6136-4321-989b-5bb354a0b70e
2023-08-30 06:49:53,358 [main] DEBUG balancer.ContainerBalancerTask (ContainerBalancerTask.java:matchSourceWithTarget(708)) - ContainerBalancer is finding suitable target for source datanode 681ae63e-a876-4c5c-8c02-3bf495d957cd
2023-08-30 06:49:53,358 [main] INFO  balancer.ContainerBalancerTask (ContainerBalancerTask.java:matchSourceWithTarget(722)) - ContainerBalancer matched source datanode 681ae63e-a876-4c5c-8c02-3bf495d957cd with target datanode 0298b916-6136-4321-989b-5bb354a0b70e for container move.
2023-08-30 06:49:53,358 [main] INFO  balancer.ContainerBalancerTask (ContainerBalancerTask.java:processMoveSelection(569)) - ContainerBalancer is trying to move container #68 with size 5368709120B from source datanode 681ae63e-a876-4c5c-8c02-3bf495d957cd to target datanode 0298b916-6136-4321-989b-5bb354a0b70e
2023-08-30 06:49:53,358 [main] DEBUG balancer.ContainerBalancerTask (ContainerBalancerTask.java:lambda$moveContainer$3(837)) - Container move completed for container #68 from source 681ae63e-a876-4c5c-8c02-3bf495d957cd to target 0298b916-6136-4321-989b-5bb354a0b70e
2023-08-30 06:49:53,361 [main] DEBUG balancer.ContainerBalancerTask (ContainerBalancerTask.java:matchSourceWithTarget(708)) - ContainerBalancer is finding suitable target for source datanode d6fa954d-9233-4334-9bea-1522c897d56a
2023-08-30 06:49:53,361 [main] INFO  balancer.ContainerBalancerTask (ContainerBalancerTask.java:matchSourceWithTarget(722)) - ContainerBalancer matched source datanode d6fa954d-9233-4334-9bea-1522c897d56a with target datanode 0298b916-6136-4321-989b-5bb354a0b70e for container move.
2023-08-30 06:49:53,361 [main] INFO  balancer.ContainerBalancerTask (ContainerBalancerTask.java:processMoveSelection(569)) - ContainerBalancer is trying to move container #84 with size 4294967296B from source datanode d6fa954d-9233-4334-9bea-1522c897d56a to target datanode 0298b916-6136-4321-989b-5bb354a0b70e
2023-08-30 06:49:53,361 [main] DEBUG balancer.ContainerBalancerTask (ContainerBalancerTask.java:lambda$moveContainer$3(837)) - Container move completed for container #84 from source d6fa954d-9233-4334-9bea-1522c897d56a to target 0298b916-6136-4321-989b-5bb354a0b70e
2023-08-30 06:49:53,364 [main] DEBUG balancer.ContainerBalancerTask (ContainerBalancerTask.java:matchSourceWithTarget(708)) - ContainerBalancer is finding suitable target for source datanode 681ae63e-a876-4c5c-8c02-3bf495d957cd
2023-08-30 06:49:53,364 [main] INFO  balancer.ContainerBalancerTask (ContainerBalancerTask.java:matchSourceWithTarget(722)) - ContainerBalancer matched source datanode 681ae63e-a876-4c5c-8c02-3bf495d957cd with target datanode 0298b916-6136-4321-989b-5bb354a0b70e for container move.
2023-08-30 06:49:53,364 [main] INFO  balancer.ContainerBalancerTask (ContainerBalancerTask.java:processMoveSelection(569)) - ContainerBalancer is trying to move container #40 with size 5368709120B from source datanode 681ae63e-a876-4c5c-8c02-3bf495d957cd to target datanode 0298b916-6136-4321-989b-5bb354a0b70e
2023-08-30 06:49:53,364 [main] DEBUG balancer.ContainerBalancerTask (ContainerBalancerTask.java:lambda$moveContainer$3(837)) - Container move completed for container #40 from source 681ae63e-a876-4c5c-8c02-3bf495d957cd to target 0298b916-6136-4321-989b-5bb354a0b70e
2023-08-30 06:49:53,367 [main] DEBUG balancer.ContainerBalancerTask (ContainerBalancerTask.java:matchSourceWithTarget(708)) - ContainerBalancer is finding suitable target for source datanode 19d3f880-e223-44b8-abcc-495fd19dfa86
2023-08-30 06:49:53,367 [main] INFO  balancer.ContainerBalancerTask (ContainerBalancerTask.java:matchSourceWithTarget(722)) - ContainerBalancer matched source datanode 19d3f880-e223-44b8-abcc-495fd19dfa86 with target datanode a8dc8e14-51a9-4d83-a5bf-6c6ac6975915 for container move.
2023-08-30 06:49:53,367 [main] INFO  balancer.ContainerBalancerTask (ContainerBalancerTask.java:processMoveSelection(569)) - ContainerBalancer is trying to move container #53 with size 5368709120B from source datanode 19d3f880-e223-44b8-abcc-495fd19dfa86 to target datanode a8dc8e14-51a9-4d83-a5bf-6c6ac6975915
2023-08-30 06:49:53,367 [main] DEBUG balancer.ContainerBalancerTask (ContainerBalancerTask.java:lambda$moveContainer$3(837)) - Container move completed for container #53 from source 19d3f880-e223-44b8-abcc-495fd19dfa86 to target a8dc8e14-51a9-4d83-a5bf-6c6ac6975915
2023-08-30 06:49:53,370 [main] DEBUG balancer.ContainerBalancerTask (ContainerBalancerTask.java:matchSourceWithTarget(708)) - ContainerBalancer is finding suitable target for source datanode d6fa954d-9233-4334-9bea-1522c897d56a
2023-08-30 06:49:53,370 [main] INFO  balancer.ContainerBalancerTask (ContainerBalancerTask.java:matchSourceWithTarget(722)) - ContainerBalancer matched source datanode d6fa954d-9233-4334-9bea-1522c897d56a with target datanode 0298b916-6136-4321-989b-5bb354a0b70e for container move.
2023-08-30 06:49:53,370 [main] INFO  balancer.ContainerBalancerTask (ContainerBalancerTask.java:processMoveSelection(569)) - ContainerBalancer is trying to move container #67 with size 4294967296B from source datanode d6fa954d-9233-4334-9bea-1522c897d56a to target datanode 0298b916-6136-4321-989b-5bb354a0b70e
2023-08-30 06:49:53,371 [main] DEBUG balancer.ContainerBalancerTask (ContainerBalancerTask.java:lambda$moveContainer$3(837)) - Container move completed for container #67 from source d6fa954d-9233-4334-9bea-1522c897d56a to target 0298b916-6136-4321-989b-5bb354a0b70e
2023-08-30 06:49:53,373 [main] DEBUG balancer.ContainerBalancerTask (ContainerBalancerTask.java:matchSourceWithTarget(708)) - ContainerBalancer is finding suitable target for source datanode 681ae63e-a876-4c5c-8c02-3bf495d957cd
2023-08-30 06:49:53,374 [main] INFO  balancer.ContainerBalancerTask (ContainerBalancerTask.java:matchSourceWithTarget(722)) - ContainerBalancer matched source datanode 681ae63e-a876-4c5c-8c02-3bf495d957cd with target datanode 0298b916-6136-4321-989b-5bb354a0b70e for container move.
2023-08-30 06:49:53,374 [main] INFO  balancer.ContainerBalancerTask (ContainerBalancerTask.java:processMoveSelection(569)) - ContainerBalancer is trying to move container #28 with size 4294967296B from source datanode 681ae63e-a876-4c5c-8c02-3bf495d957cd to target datanode 0298b916-6136-4321-989b-5bb354a0b70e
2023-08-30 06:49:53,374 [main] DEBUG balancer.ContainerBalancerTask (ContainerBalancerTask.java:lambda$moveContainer$3(837)) - Container move completed for container #28 from source 681ae63e-a876-4c5c-8c02-3bf495d957cd to target 0298b916-6136-4321-989b-5bb354a0b70e
2023-08-30 06:49:53,377 [main] DEBUG balancer.ContainerBalancerTask (ContainerBalancerTask.java:matchSourceWithTarget(708)) - ContainerBalancer is finding suitable target for source datanode 681ae63e-a876-4c5c-8c02-3bf495d957cd
2023-08-30 06:49:53,377 [main] INFO  balancer.ContainerBalancerTask (ContainerBalancerTask.java:matchSourceWithTarget(722)) - ContainerBalancer matched source datanode 681ae63e-a876-4c5c-8c02-3bf495d957cd with target datanode 0298b916-6136-4321-989b-5bb354a0b70e for container move.
2023-08-30 06:49:53,377 [main] INFO  balancer.ContainerBalancerTask (ContainerBalancerTask.java:processMoveSelection(569)) - ContainerBalancer is trying to move container #88 with size 3221225472B from source datanode 681ae63e-a876-4c5c-8c02-3bf495d957cd to target datanode 0298b916-6136-4321-989b-5bb354a0b70e
2023-08-30 06:49:53,377 [main] DEBUG balancer.ContainerBalancerTask (ContainerBalancerTask.java:lambda$moveContainer$3(837)) - Container move completed for container #88 from source 681ae63e-a876-4c5c-8c02-3bf495d957cd to target 0298b916-6136-4321-989b-5bb354a0b70e
2023-08-30 06:49:53,380 [main] DEBUG balancer.ContainerBalancerTask (ContainerBalancerTask.java:matchSourceWithTarget(708)) - ContainerBalancer is finding suitable target for source datanode 19d3f880-e223-44b8-abcc-495fd19dfa86
2023-08-30 06:49:53,380 [main] INFO  balancer.ContainerBalancerTask (ContainerBalancerTask.java:matchSourceWithTarget(722)) - ContainerBalancer matched source datanode 19d3f880-e223-44b8-abcc-495fd19dfa86 with target datanode 0298b916-6136-4321-989b-5bb354a0b70e for container move.
2023-08-30 06:49:53,380 [main] INFO  balancer.ContainerBalancerTask (ContainerBalancerTask.java:processMoveSelection(569)) - ContainerBalancer is trying to move container #52 with size 4294967296B from source datanode 19d3f880-e223-44b8-abcc-495fd19dfa86 to target datanode 0298b916-6136-4321-989b-5bb354a0b70e
2023-08-30 06:49:53,380 [main] DEBUG balancer.ContainerBalancerTask (ContainerBalancerTask.java:lambda$moveContainer$3(837)) - Container move completed for container #52 from source 19d3f880-e223-44b8-abcc-495fd19dfa86 to target 0298b916-6136-4321-989b-5bb354a0b70e
2023-08-30 06:49:53,383 [main] DEBUG balancer.ContainerBalancerTask (ContainerBalancerTask.java:matchSourceWithTarget(708)) - ContainerBalancer is finding suitable target for source datanode d6fa954d-9233-4334-9bea-1522c897d56a
2023-08-30 06:49:53,384 [main] INFO  balancer.ContainerBalancerTask (ContainerBalancerTask.java:matchSourceWithTarget(722)) - ContainerBalancer matched source datanode d6fa954d-9233-4334-9bea-1522c897d56a with target datanode 0298b916-6136-4321-989b-5bb354a0b70e for container move.
2023-08-30 06:49:53,384 [main] INFO  balancer.ContainerBalancerTask (ContainerBalancerTask.java:processMoveSelection(569)) - ContainerBalancer is trying to move container #19 with size 4294967296B from source datanode d6fa954d-9233-4334-9bea-1522c897d56a to target datanode 0298b916-6136-4321-989b-5bb354a0b70e
2023-08-30 06:49:53,384 [main] DEBUG balancer.ContainerBalancerTask (ContainerBalancerTask.java:lambda$moveContainer$3(837)) - Container move completed for container #19 from source d6fa954d-9233-4334-9bea-1522c897d56a to target 0298b916-6136-4321-989b-5bb354a0b70e
2023-08-30 06:49:53,387 [main] DEBUG balancer.ContainerBalancerTask (ContainerBalancerTask.java:matchSourceWithTarget(708)) - ContainerBalancer is finding suitable target for source datanode 681ae63e-a876-4c5c-8c02-3bf495d957cd
2023-08-30 06:49:53,387 [main] INFO  balancer.ContainerBalancerTask (ContainerBalancerTask.java:matchSourceWithTarget(722)) - ContainerBalancer matched source datanode 681ae63e-a876-4c5c-8c02-3bf495d957cd with target datanode 0298b916-6136-4321-989b-5bb354a0b70e for container move.
2023-08-30 06:49:53,387 [main] INFO  balancer.ContainerBalancerTask (ContainerBalancerTask.java:processMoveSelection(569)) - ContainerBalancer is trying to move container #70 with size 2147483648B from source datanode 681ae63e-a876-4c5c-8c02-3bf495d957cd to target datanode 0298b916-6136-4321-989b-5bb354a0b70e
2023-08-30 06:49:53,387 [main] DEBUG balancer.ContainerBalancerTask (ContainerBalancerTask.java:lambda$moveContainer$3(837)) - Container move completed for container #70 from source 681ae63e-a876-4c5c-8c02-3bf495d957cd to target 0298b916-6136-4321-989b-5bb354a0b70e
2023-08-30 06:49:53,387 [main] WARN  balancer.ContainerBalancerTask (ContainerBalancerTask.java:reachedMaxSizeToMovePerIteration(733)) - Reached max size to move limit. 53687091200 bytes have already been scheduled for balancing and the limit is 53687091200 bytes.
2023-08-30 06:49:53,387 [main] INFO  balancer.ContainerBalancerTask (ContainerBalancerTask.java:checkIterationMoveResults(642)) - Iteration Summary. Number of Datanodes involved: 5. Size moved: 50 GB (53687091200 Bytes). Number of Container moves completed: 12.
2023-08-30 06:49:53,388 [main] INFO  balancer.ContainerBalancerTask (ContainerBalancerTask.java:balance(259)) - Result of this iteration of Container Balancer: ITERATION_COMPLETED
2023-08-30 06:49:53,388 [main] INFO  balancer.ContainerBalancerTask (ContainerBalancerTask.java:tryStopWithSaveConfiguration(308)) - Save Configuration for stopping. Reason: Completed all iterations.
2023-08-30 06:49:53,388 [main] DEBUG balancer.ContainerBalancerTask (ContainerBalancerTask.java:initializeIteration(374)) - Average utilization of the cluster is 0.38698078579770684
2023-08-30 06:49:53,388 [main] DEBUG balancer.ContainerBalancerTask (ContainerBalancerTask.java:initializeIteration(386)) - Lower limit for utilization is 0.32065064559974804 and Upper limit for utilization is 0.45331092599566564
2023-08-30 06:49:53,388 [main] DEBUG balancer.ContainerBalancerTask (ContainerBalancerTask.java:initializeIteration(398)) - Utilization for node d6fa954d-9233-4334-9bea-1522c897d56a with capacity 68003648853B, used 61203283968B, and remaining 6800364885B is 0.9000000000044115
2023-08-30 06:49:53,390 [main] DEBUG balancer.ContainerBalancerTask (ContainerBalancerTask.java:initializeIteration(398)) - Utilization for node 681ae63e-a876-4c5c-8c02-3bf495d957cd with capacity 87241523200B, used 69793218560B, and remaining 17448304640B is 0.8
2023-08-30 06:49:53,391 [main] DEBUG balancer.ContainerBalancerTask (ContainerBalancerTask.java:initializeIteration(398)) - Utilization for node 19d3f880-e223-44b8-abcc-495fd19dfa86 with capacity 69026260114B, used 48318382080B, and remaining 20707878034B is 0.7000000000028974
2023-08-30 06:49:53,391 [main] DEBUG balancer.ContainerBalancerTask (ContainerBalancerTask.java:initializeIteration(398)) - Utilization for node 1e842003-d8bf-4dba-a164-35eddf1d3511 with capacity 59055800320B, used 35433480192B, and remaining 23622320128B is 0.6
2023-08-30 06:49:53,391 [main] DEBUG balancer.ContainerBalancerTask (ContainerBalancerTask.java:initializeIteration(398)) - Utilization for node 1c4b2f89-40d2-467b-9872-4fa6e5223cd7 with capacity 130996502528B, used 65498251264B, and remaining 65498251264B is 0.5
2023-08-30 06:49:53,391 [main] DEBUG balancer.ContainerBalancerTask (ContainerBalancerTask.java:initializeIteration(398)) - Utilization for node 522d7852-c2b1-4f4d-9914-dde8150cadfe with capacity 64424509440B, used 25769803776B, and remaining 38654705664B is 0.4
2023-08-30 06:49:53,391 [main] DEBUG balancer.ContainerBalancerTask (ContainerBalancerTask.java:initializeIteration(398)) - Utilization for node 58e93824-a32b-4139-b1c8-aad9a9795a7d with capacity 136007297706B, used 40802189312B, and remaining 95205108394B is 0.30000000000147053
2023-08-30 06:49:53,391 [main] DEBUG balancer.ContainerBalancerTask (ContainerBalancerTask.java:initializeIteration(398)) - Utilization for node 4a7a5e61-2b3f-4981-a9a4-6af45d934c18 with capacity 118111600640B, used 23622320128B, and remaining 94489280512B is 0.2
2023-08-30 06:49:53,391 [main] DEBUG balancer.ContainerBalancerTask (ContainerBalancerTask.java:initializeIteration(398)) - Utilization for node 0298b916-6136-4321-989b-5bb354a0b70e with capacity 257698037760B, used 25769803776B, and remaining 231928233984B is 0.1
2023-08-30 06:49:53,391 [main] DEBUG balancer.ContainerBalancerTask (ContainerBalancerTask.java:initializeIteration(398)) - Utilization for node a8dc8e14-51a9-4d83-a5bf-6c6ac6975915 with capacity 33285996544B, used 0B, and remaining 33285996544B is 0.0
2023-08-30 06:49:53,391 [main] INFO  balancer.ContainerBalancerTask (ContainerBalancerTask.java:initializeIteration(447)) - Container Balancer has identified 5 Over-Utilized and 4 Under-Utilized Datanodes that need to be balanced.
2023-08-30 06:49:53,391 [main] DEBUG balancer.ContainerBalancerTask (ContainerBalancerTask.java:lambda$initializeIteration$1(453)) - Datanode localhost-146.188.160.172 d6fa954d-9233-4334-9bea-1522c897d56a is Over-Utilized.
2023-08-30 06:49:53,391 [main] DEBUG balancer.ContainerBalancerTask (ContainerBalancerTask.java:lambda$initializeIteration$1(453)) - Datanode localhost-233.191.17.208 681ae63e-a876-4c5c-8c02-3bf495d957cd is Over-Utilized.
2023-08-30 06:49:53,392 [main] DEBUG balancer.ContainerBalancerTask (ContainerBalancerTask.java:lambda$initializeIteration$1(453)) - Datanode localhost-123.88.214.81 19d3f880-e223-44b8-abcc-495fd19dfa86 is Over-Utilized.
2023-08-30 06:49:53,392 [main] DEBUG balancer.ContainerBalancerTask (ContainerBalancerTask.java:lambda$initializeIteration$1(453)) - Datanode localhost-159.142.142.145 1e842003-d8bf-4dba-a164-35eddf1d3511 is Over-Utilized.
2023-08-30 06:49:53,392 [main] DEBUG balancer.ContainerBalancerTask (ContainerBalancerTask.java:lambda$initializeIteration$1(453)) - Datanode localhost-146.95.252.126 1c4b2f89-40d2-467b-9872-4fa6e5223cd7 is Over-Utilized.
2023-08-30 06:49:53,392 [main] DEBUG balancer.ContainerBalancerTask (ContainerBalancerTask.java:lambda$initializeIteration$2(459)) - Datanode localhost-89.157.111.179 a8dc8e14-51a9-4d83-a5bf-6c6ac6975915 is Under-Utilized.
2023-08-30 06:49:53,392 [main] DEBUG balancer.ContainerBalancerTask (ContainerBalancerTask.java:lambda$initializeIteration$2(459)) - Datanode localhost-248.15.158.135 0298b916-6136-4321-989b-5bb354a0b70e is Under-Utilized.
2023-08-30 06:49:53,392 [main] DEBUG balancer.ContainerBalancerTask (ContainerBalancerTask.java:lambda$initializeIteration$2(459)) - Datanode localhost-35.144.11.124 4a7a5e61-2b3f-4981-a9a4-6af45d934c18 is Under-Utilized.
2023-08-30 06:49:53,392 [main] DEBUG balancer.ContainerBalancerTask (ContainerBalancerTask.java:lambda$initializeIteration$2(459)) - Datanode localhost-56.207.11.45 58e93824-a32b-4139-b1c8-aad9a9795a7d is Under-Utilized.
2023-08-30 06:49:53,395 [main] DEBUG balancer.ContainerBalancerTask (ContainerBalancerTask.java:matchSourceWithTarget(708)) - ContainerBalancer is finding suitable target for source datanode d6fa954d-9233-4334-9bea-1522c897d56a
2023-08-30 06:49:53,395 [main] INFO  balancer.ContainerBalancerTask (ContainerBalancerTask.java:matchSourceWithTarget(722)) - ContainerBalancer matched source datanode d6fa954d-9233-4334-9bea-1522c897d56a with target datanode a8dc8e14-51a9-4d83-a5bf-6c6ac6975915 for container move.
2023-08-30 06:49:53,395 [main] INFO  balancer.ContainerBalancerTask (ContainerBalancerTask.java:processMoveSelection(569)) - ContainerBalancer is trying to move container #85 with size 5368709120B from source datanode d6fa954d-9233-4334-9bea-1522c897d56a to target datanode a8dc8e14-51a9-4d83-a5bf-6c6ac6975915
2023-08-30 06:49:53,395 [main] DEBUG balancer.ContainerBalancerTask (ContainerBalancerTask.java:lambda$moveContainer$3(837)) - Container move completed for container #85 from source d6fa954d-9233-4334-9bea-1522c897d56a to target a8dc8e14-51a9-4d83-a5bf-6c6ac6975915
2023-08-30 06:49:53,398 [main] DEBUG balancer.ContainerBalancerTask (ContainerBalancerTask.java:matchSourceWithTarget(708)) - ContainerBalancer is finding suitable target for source datanode d6fa954d-9233-4334-9bea-1522c897d56a
2023-08-30 06:49:53,398 [main] INFO  balancer.ContainerBalancerTask (ContainerBalancerTask.java:matchSourceWithTarget(722)) - ContainerBalancer matched source datanode d6fa954d-9233-4334-9bea-1522c897d56a with target datanode 0298b916-6136-4321-989b-5bb354a0b70e for container move.
2023-08-30 06:49:53,398 [main] INFO  balancer.ContainerBalancerTask (ContainerBalancerTask.java:processMoveSelection(569)) - ContainerBalancer is trying to move container #29 with size 5368709120B from source datanode d6fa954d-9233-4334-9bea-1522c897d56a to target datanode 0298b916-6136-4321-989b-5bb354a0b70e
2023-08-30 06:49:53,398 [main] DEBUG balancer.ContainerBalancerTask (ContainerBalancerTask.java:lambda$moveContainer$3(837)) - Container move completed for container #29 from source d6fa954d-9233-4334-9bea-1522c897d56a to target 0298b916-6136-4321-989b-5bb354a0b70e
2023-08-30 06:49:53,401 [main] DEBUG balancer.ContainerBalancerTask (ContainerBalancerTask.java:matchSourceWithTarget(708)) - ContainerBalancer is finding suitable target for source datanode 681ae63e-a876-4c5c-8c02-3bf495d957cd
2023-08-30 06:49:53,401 [main] INFO  balancer.ContainerBalancerTask (ContainerBalancerTask.java:matchSourceWithTarget(722)) - ContainerBalancer matched source datanode 681ae63e-a876-4c5c-8c02-3bf495d957cd with target datanode 0298b916-6136-4321-989b-5bb354a0b70e for container move.
2023-08-30 06:49:53,401 [main] INFO  balancer.ContainerBalancerTask (ContainerBalancerTask.java:processMoveSelection(569)) - ContainerBalancer is trying to move container #68 with size 5368709120B from source datanode 681ae63e-a876-4c5c-8c02-3bf495d957cd to target datanode 0298b916-6136-4321-989b-5bb354a0b70e
2023-08-30 06:49:53,401 [main] DEBUG balancer.ContainerBalancerTask (ContainerBalancerTask.java:lambda$moveContainer$3(837)) - Container move completed for container #68 from source 681ae63e-a876-4c5c-8c02-3bf495d957cd to target 0298b916-6136-4321-989b-5bb354a0b70e
2023-08-30 06:49:53,404 [main] DEBUG balancer.ContainerBalancerTask (ContainerBalancerTask.java:matchSourceWithTarget(708)) - ContainerBalancer is finding suitable target for source datanode d6fa954d-9233-4334-9bea-1522c897d56a
2023-08-30 06:49:53,404 [main] INFO  balancer.ContainerBalancerTask (ContainerBalancerTask.java:matchSourceWithTarget(722)) - ContainerBalancer matched source datanode d6fa954d-9233-4334-9bea-1522c897d56a with target datanode 0298b916-6136-4321-989b-5bb354a0b70e for container move.
2023-08-30 06:49:53,404 [main] INFO  balancer.ContainerBalancerTask (ContainerBalancerTask.java:processMoveSelection(569)) - ContainerBalancer is trying to move container #84 with size 4294967296B from source datanode d6fa954d-9233-4334-9bea-1522c897d56a to target datanode 0298b916-6136-4321-989b-5bb354a0b70e
2023-08-30 06:49:53,404 [main] DEBUG balancer.ContainerBalancerTask (ContainerBalancerTask.java:lambda$moveContainer$3(837)) - Container move completed for container #84 from source d6fa954d-9233-4334-9bea-1522c897d56a to target 0298b916-6136-4321-989b-5bb354a0b70e
2023-08-30 06:49:53,407 [main] DEBUG balancer.ContainerBalancerTask (ContainerBalancerTask.java:matchSourceWithTarget(708)) - ContainerBalancer is finding suitable target for source datanode 681ae63e-a876-4c5c-8c02-3bf495d957cd
2023-08-30 06:49:53,407 [main] INFO  balancer.ContainerBalancerTask (ContainerBalancerTask.java:matchSourceWithTarget(722)) - ContainerBalancer matched source datanode 681ae63e-a876-4c5c-8c02-3bf495d957cd with target datanode 0298b916-6136-4321-989b-5bb354a0b70e for container move.
2023-08-30 06:49:53,407 [main] INFO  balancer.ContainerBalancerTask (ContainerBalancerTask.java:processMoveSelection(569)) - ContainerBalancer is trying to move container #40 with size 5368709120B from source datanode 681ae63e-a876-4c5c-8c02-3bf495d957cd to target datanode 0298b916-6136-4321-989b-5bb354a0b70e
2023-08-30 06:49:53,408 [main] DEBUG balancer.ContainerBalancerTask (ContainerBalancerTask.java:lambda$moveContainer$3(837)) - Container move completed for container #40 from source 681ae63e-a876-4c5c-8c02-3bf495d957cd to target 0298b916-6136-4321-989b-5bb354a0b70e
2023-08-30 06:49:53,410 [main] DEBUG balancer.ContainerBalancerTask (ContainerBalancerTask.java:matchSourceWithTarget(708)) - ContainerBalancer is finding suitable target for source datanode 19d3f880-e223-44b8-abcc-495fd19dfa86
2023-08-30 06:49:53,410 [main] INFO  balancer.ContainerBalancerTask (ContainerBalancerTask.java:matchSourceWithTarget(722)) - ContainerBalancer matched source datanode 19d3f880-e223-44b8-abcc-495fd19dfa86 with target datanode a8dc8e14-51a9-4d83-a5bf-6c6ac6975915 for container move.
2023-08-30 06:49:53,411 [main] INFO  balancer.ContainerBalancerTask (ContainerBalancerTask.java:processMoveSelection(569)) - ContainerBalancer is trying to move container #53 with size 5368709120B from source datanode 19d3f880-e223-44b8-abcc-495fd19dfa86 to target datanode a8dc8e14-51a9-4d83-a5bf-6c6ac6975915
2023-08-30 06:49:53,411 [main] DEBUG balancer.ContainerBalancerTask (ContainerBalancerTask.java:lambda$moveContainer$3(837)) - Container move completed for container #53 from source 19d3f880-e223-44b8-abcc-495fd19dfa86 to target a8dc8e14-51a9-4d83-a5bf-6c6ac6975915
2023-08-30 06:49:53,413 [main] DEBUG balancer.ContainerBalancerTask (ContainerBalancerTask.java:matchSourceWithTarget(708)) - ContainerBalancer is finding suitable target for source datanode d6fa954d-9233-4334-9bea-1522c897d56a
2023-08-30 06:49:53,414 [main] INFO  balancer.ContainerBalancerTask (ContainerBalancerTask.java:matchSourceWithTarget(722)) - ContainerBalancer matched source datanode d6fa954d-9233-4334-9bea-1522c897d56a with target datanode 0298b916-6136-4321-989b-5bb354a0b70e for container move.
2023-08-30 06:49:53,414 [main] INFO  balancer.ContainerBalancerTask (ContainerBalancerTask.java:processMoveSelection(569)) - ContainerBalancer is trying to move container #67 with size 4294967296B from source datanode d6fa954d-9233-4334-9bea-1522c897d56a to target datanode 0298b916-6136-4321-989b-5bb354a0b70e
2023-08-30 06:49:53,414 [main] DEBUG balancer.ContainerBalancerTask (ContainerBalancerTask.java:lambda$moveContainer$3(837)) - Container move completed for container #67 from source d6fa954d-9233-4334-9bea-1522c897d56a to target 0298b916-6136-4321-989b-5bb354a0b70e
2023-08-30 06:49:53,417 [main] DEBUG balancer.ContainerBalancerTask (ContainerBalancerTask.java:matchSourceWithTarget(708)) - ContainerBalancer is finding suitable target for source datanode 681ae63e-a876-4c5c-8c02-3bf495d957cd
2023-08-30 06:49:53,417 [main] INFO  balancer.ContainerBalancerTask (ContainerBalancerTask.java:matchSourceWithTarget(722)) - ContainerBalancer matched source datanode 681ae63e-a876-4c5c-8c02-3bf495d957cd with target datanode 0298b916-6136-4321-989b-5bb354a0b70e for container move.
2023-08-30 06:49:53,417 [main] INFO  balancer.ContainerBalancerTask (ContainerBalancerTask.java:processMoveSelection(569)) - ContainerBalancer is trying to move container #28 with size 4294967296B from source datanode 681ae63e-a876-4c5c-8c02-3bf495d957cd to target datanode 0298b916-6136-4321-989b-5bb354a0b70e
2023-08-30 06:49:53,417 [main] DEBUG balancer.ContainerBalancerTask (ContainerBalancerTask.java:lambda$moveContainer$3(837)) - Container move completed for container #28 from source 681ae63e-a876-4c5c-8c02-3bf495d957cd to target 0298b916-6136-4321-989b-5bb354a0b70e
2023-08-30 06:49:53,420 [main] DEBUG balancer.ContainerBalancerTask (ContainerBalancerTask.java:matchSourceWithTarget(708)) - ContainerBalancer is finding suitable target for source datanode 681ae63e-a876-4c5c-8c02-3bf495d957cd
2023-08-30 06:49:53,420 [main] INFO  balancer.ContainerBalancerTask (ContainerBalancerTask.java:matchSourceWithTarget(722)) - ContainerBalancer matched source datanode 681ae63e-a876-4c5c-8c02-3bf495d957cd with target datanode 4a7a5e61-2b3f-4981-a9a4-6af45d934c18 for container move.
2023-08-30 06:49:53,420 [main] INFO  balancer.ContainerBalancerTask (ContainerBalancerTask.java:processMoveSelection(569)) - ContainerBalancer is trying to move container #88 with size 3221225472B from source datanode 681ae63e-a876-4c5c-8c02-3bf495d957cd to target datanode 4a7a5e61-2b3f-4981-a9a4-6af45d934c18
2023-08-30 06:49:53,420 [main] DEBUG balancer.ContainerBalancerTask (ContainerBalancerTask.java:lambda$moveContainer$3(837)) - Container move completed for container #88 from source 681ae63e-a876-4c5c-8c02-3bf495d957cd to target 4a7a5e61-2b3f-4981-a9a4-6af45d934c18
2023-08-30 06:49:53,423 [main] DEBUG balancer.ContainerBalancerTask (ContainerBalancerTask.java:matchSourceWithTarget(708)) - ContainerBalancer is finding suitable target for source datanode 19d3f880-e223-44b8-abcc-495fd19dfa86
2023-08-30 06:49:53,423 [main] INFO  balancer.ContainerBalancerTask (ContainerBalancerTask.java:matchSourceWithTarget(722)) - ContainerBalancer matched source datanode 19d3f880-e223-44b8-abcc-495fd19dfa86 with target datanode 0298b916-6136-4321-989b-5bb354a0b70e for container move.
2023-08-30 06:49:53,423 [main] INFO  balancer.ContainerBalancerTask (ContainerBalancerTask.java:processMoveSelection(569)) - ContainerBalancer is trying to move container #52 with size 4294967296B from source datanode 19d3f880-e223-44b8-abcc-495fd19dfa86 to target datanode 0298b916-6136-4321-989b-5bb354a0b70e
2023-08-30 06:49:53,424 [main] DEBUG balancer.ContainerBalancerTask (ContainerBalancerTask.java:lambda$moveContainer$3(837)) - Container move completed for container #52 from source 19d3f880-e223-44b8-abcc-495fd19dfa86 to target 0298b916-6136-4321-989b-5bb354a0b70e
2023-08-30 06:49:53,426 [main] DEBUG balancer.ContainerBalancerTask (ContainerBalancerTask.java:matchSourceWithTarget(708)) - ContainerBalancer is finding suitable target for source datanode d6fa954d-9233-4334-9bea-1522c897d56a
2023-08-30 06:49:53,426 [main] INFO  balancer.ContainerBalancerTask (ContainerBalancerTask.java:matchSourceWithTarget(722)) - ContainerBalancer matched source datanode d6fa954d-9233-4334-9bea-1522c897d56a with target datanode 4a7a5e61-2b3f-4981-a9a4-6af45d934c18 for container move.
2023-08-30 06:49:53,427 [main] INFO  balancer.ContainerBalancerTask (ContainerBalancerTask.java:processMoveSelection(569)) - ContainerBalancer is trying to move container #89 with size 4294967296B from source datanode d6fa954d-9233-4334-9bea-1522c897d56a to target datanode 4a7a5e61-2b3f-4981-a9a4-6af45d934c18
2023-08-30 06:49:53,427 [main] DEBUG balancer.ContainerBalancerTask (ContainerBalancerTask.java:lambda$moveContainer$3(837)) - Container move completed for container #89 from source d6fa954d-9233-4334-9bea-1522c897d56a to target 4a7a5e61-2b3f-4981-a9a4-6af45d934c18
2023-08-30 06:49:53,429 [main] DEBUG balancer.ContainerBalancerTask (ContainerBalancerTask.java:matchSourceWithTarget(708)) - ContainerBalancer is finding suitable target for source datanode 1e842003-d8bf-4dba-a164-35eddf1d3511
2023-08-30 06:49:53,429 [main] INFO  balancer.ContainerBalancerTask (ContainerBalancerTask.java:matchSourceWithTarget(722)) - ContainerBalancer matched source datanode 1e842003-d8bf-4dba-a164-35eddf1d3511 with target datanode 0298b916-6136-4321-989b-5bb354a0b70e for container move.
2023-08-30 06:49:53,429 [main] INFO  balancer.ContainerBalancerTask (ContainerBalancerTask.java:processMoveSelection(569)) - ContainerBalancer is trying to move container #50 with size 2147483648B from source datanode 1e842003-d8bf-4dba-a164-35eddf1d3511 to target datanode 0298b916-6136-4321-989b-5bb354a0b70e
2023-08-30 06:49:53,429 [main] DEBUG balancer.ContainerBalancerTask (ContainerBalancerTask.java:lambda$moveContainer$3(837)) - Container move completed for container #50 from source 1e842003-d8bf-4dba-a164-35eddf1d3511 to target 0298b916-6136-4321-989b-5bb354a0b70e
2023-08-30 06:49:53,430 [main] WARN  balancer.ContainerBalancerTask (ContainerBalancerTask.java:reachedMaxSizeToMovePerIteration(733)) - Reached max size to move limit. 53687091200 bytes have already been scheduled for balancing and the limit is 53687091200 bytes.
2023-08-30 06:49:53,430 [main] INFO  balancer.ContainerBalancerTask (ContainerBalancerTask.java:checkIterationMoveResults(642)) - Iteration Summary. Number of Datanodes involved: 7. Size moved: 50 GB (53687091200 Bytes). Number of Container moves completed: 12.
2023-08-30 06:49:53,430 [main] INFO  balancer.ContainerBalancerTask (ContainerBalancerTask.java:balance(259)) - Result of this iteration of Container Balancer: ITERATION_COMPLETED
2023-08-30 06:49:53,430 [main] INFO  balancer.ContainerBalancerTask (ContainerBalancerTask.java:tryStopWithSaveConfiguration(308)) - Save Configuration for stopping. Reason: Completed all iterations.
]]></system-out>
  </testcase>
  <testcase name="balancerShouldObeyMaxSizeEnteringTargetLimit" classname="org.apache.hadoop.hdds.scm.container.balancer.TestContainerBalancerTask" time="0.284">
    <system-out><![CDATA[2023-08-30 06:49:53,455 [main] INFO  net.NodeSchemaLoader (NodeSchemaLoader.java:loadSchemaFromFile(129)) - Loading schema from [file:/home/runner/work/ozone/ozone/hadoop-hdds/common/target/classes/network-topology-default.xml]
2023-08-30 06:49:53,455 [main] INFO  net.NodeSchemaLoader (NodeSchemaLoader.java:loadSchema(176)) - Loading network topology layer schema file
2023-08-30 06:49:53,456 [main] INFO  net.NetworkTopologyImpl (NetworkTopologyImpl.java:add(112)) - Added a new node: /default-rack/ab38f6a9-785f-4ae3-a396-3e4c6d9a044e
2023-08-30 06:49:53,456 [main] INFO  net.NetworkTopologyImpl (NetworkTopologyImpl.java:add(112)) - Added a new node: /default-rack/484fbadf-34fa-4d9a-bb2b-7d3f84f1fcc1
2023-08-30 06:49:53,457 [main] INFO  net.NetworkTopologyImpl (NetworkTopologyImpl.java:add(112)) - Added a new node: /default-rack/bf996bf7-f280-49ca-9e29-9e5f9cd6ed13
2023-08-30 06:49:53,457 [main] INFO  net.NetworkTopologyImpl (NetworkTopologyImpl.java:add(112)) - Added a new node: /default-rack/d206a6a5-3054-4c58-a374-8e2da33efb81
2023-08-30 06:49:53,457 [main] INFO  net.NetworkTopologyImpl (NetworkTopologyImpl.java:add(112)) - Added a new node: /default-rack/c57fe900-4bcf-49d2-b20d-2c32e06e385a
2023-08-30 06:49:53,457 [main] INFO  net.NetworkTopologyImpl (NetworkTopologyImpl.java:add(112)) - Added a new node: /default-rack/3eec90b4-a799-41a2-93a9-17d10a5882c9
2023-08-30 06:49:53,457 [main] INFO  net.NetworkTopologyImpl (NetworkTopologyImpl.java:add(112)) - Added a new node: /default-rack/1a851684-b45b-4c91-af5a-f505865c6ce2
2023-08-30 06:49:53,457 [main] INFO  net.NetworkTopologyImpl (NetworkTopologyImpl.java:add(112)) - Added a new node: /default-rack/06ad6b99-8aa2-49ea-b5e5-621473806416
2023-08-30 06:49:53,457 [main] INFO  net.NetworkTopologyImpl (NetworkTopologyImpl.java:add(112)) - Added a new node: /default-rack/a6e4390b-de55-4143-9374-78300c1d4cbd
2023-08-30 06:49:53,457 [main] INFO  net.NetworkTopologyImpl (NetworkTopologyImpl.java:add(112)) - Added a new node: /default-rack/5c7c586b-dc4a-4107-a822-00dabee5ad79
2023-08-30 06:49:53,457 [main] INFO  algorithms.ContainerPlacementPolicyFactory (ContainerPlacementPolicyFactory.java:getPolicyInternal(86)) - Create container placement policy of type org.apache.hadoop.hdds.scm.container.placement.algorithms.SCMContainerPlacementRackAware
2023-08-30 06:49:53,458 [main] INFO  algorithms.ContainerPlacementPolicyFactory (ContainerPlacementPolicyFactory.java:getPolicyInternal(86)) - Create container placement policy of type org.apache.hadoop.hdds.scm.container.placement.algorithms.SCMContainerPlacementRackScatter
2023-08-30 06:49:53,460 [main] DEBUG balancer.ContainerBalancerTask (ContainerBalancerTask.java:initializeIteration(374)) - Average utilization of the cluster is 0.33682902082110305
2023-08-30 06:49:53,460 [main] DEBUG balancer.ContainerBalancerTask (ContainerBalancerTask.java:initializeIteration(386)) - Lower limit for utilization is 0.23682902082110305 and Upper limit for utilization is 0.4368290208211031
2023-08-30 06:49:53,460 [main] DEBUG balancer.ContainerBalancerTask (ContainerBalancerTask.java:initializeIteration(398)) - Utilization for node ab38f6a9-785f-4ae3-a396-3e4c6d9a044e with capacity 65617555911B, used 59055800320B, and remaining 6561755591B is 0.900000000001524
2023-08-30 06:49:53,461 [main] DEBUG balancer.ContainerBalancerTask (ContainerBalancerTask.java:initializeIteration(398)) - Utilization for node 5c7c586b-dc4a-4107-a822-00dabee5ad79 with capacity 55029268480B, used 44023414784B, and remaining 11005853696B is 0.8
2023-08-30 06:49:53,461 [main] DEBUG balancer.ContainerBalancerTask (ContainerBalancerTask.java:initializeIteration(398)) - Utilization for node 1a851684-b45b-4c91-af5a-f505865c6ce2 with capacity 67492343222B, used 47244640256B, and remaining 20247702966B is 0.7000000000088898
2023-08-30 06:49:53,461 [main] DEBUG balancer.ContainerBalancerTask (ContainerBalancerTask.java:initializeIteration(398)) - Utilization for node c57fe900-4bcf-49d2-b20d-2c32e06e385a with capacity 102005473280B, used 61203283968B, and remaining 40802189312B is 0.6
2023-08-30 06:49:53,461 [main] DEBUG balancer.ContainerBalancerTask (ContainerBalancerTask.java:initializeIteration(398)) - Utilization for node d206a6a5-3054-4c58-a374-8e2da33efb81 with capacity 62277025792B, used 31138512896B, and remaining 31138512896B is 0.5
2023-08-30 06:49:53,461 [main] DEBUG balancer.ContainerBalancerTask (ContainerBalancerTask.java:initializeIteration(398)) - Utilization for node 3eec90b4-a799-41a2-93a9-17d10a5882c9 with capacity 80530636800B, used 32212254720B, and remaining 48318382080B is 0.4
2023-08-30 06:49:53,461 [main] DEBUG balancer.ContainerBalancerTask (ContainerBalancerTask.java:initializeIteration(398)) - Utilization for node a6e4390b-de55-4143-9374-78300c1d4cbd with capacity 125269879466B, used 37580963840B, and remaining 87688915626B is 0.30000000000159655
2023-08-30 06:49:53,461 [main] DEBUG balancer.ContainerBalancerTask (ContainerBalancerTask.java:initializeIteration(398)) - Utilization for node 06ad6b99-8aa2-49ea-b5e5-621473806416 with capacity 182536110080B, used 36507222016B, and remaining 146028888064B is 0.2
2023-08-30 06:49:53,461 [main] DEBUG balancer.ContainerBalancerTask (ContainerBalancerTask.java:initializeIteration(398)) - Utilization for node 484fbadf-34fa-4d9a-bb2b-7d3f84f1fcc1 with capacity 343597383680B, used 34359738368B, and remaining 309237645312B is 0.1
2023-08-30 06:49:53,461 [main] DEBUG balancer.ContainerBalancerTask (ContainerBalancerTask.java:initializeIteration(398)) - Utilization for node bf996bf7-f280-49ca-9e29-9e5f9cd6ed13 with capacity 53687091200B, used 0B, and remaining 53687091200B is 0.0
2023-08-30 06:49:53,461 [main] INFO  balancer.ContainerBalancerTask (ContainerBalancerTask.java:initializeIteration(447)) - Container Balancer has identified 5 Over-Utilized and 3 Under-Utilized Datanodes that need to be balanced.
2023-08-30 06:49:53,461 [main] DEBUG balancer.ContainerBalancerTask (ContainerBalancerTask.java:lambda$initializeIteration$1(453)) - Datanode localhost-73.228.163.60 ab38f6a9-785f-4ae3-a396-3e4c6d9a044e is Over-Utilized.
2023-08-30 06:49:53,461 [main] DEBUG balancer.ContainerBalancerTask (ContainerBalancerTask.java:lambda$initializeIteration$1(453)) - Datanode localhost-107.195.200.104 5c7c586b-dc4a-4107-a822-00dabee5ad79 is Over-Utilized.
2023-08-30 06:49:53,462 [main] DEBUG balancer.ContainerBalancerTask (ContainerBalancerTask.java:lambda$initializeIteration$1(453)) - Datanode localhost-18.186.21.95 1a851684-b45b-4c91-af5a-f505865c6ce2 is Over-Utilized.
2023-08-30 06:49:53,462 [main] DEBUG balancer.ContainerBalancerTask (ContainerBalancerTask.java:lambda$initializeIteration$1(453)) - Datanode localhost-236.248.183.2 c57fe900-4bcf-49d2-b20d-2c32e06e385a is Over-Utilized.
2023-08-30 06:49:53,462 [main] DEBUG balancer.ContainerBalancerTask (ContainerBalancerTask.java:lambda$initializeIteration$1(453)) - Datanode localhost-225.44.166.81 d206a6a5-3054-4c58-a374-8e2da33efb81 is Over-Utilized.
2023-08-30 06:49:53,462 [main] DEBUG balancer.ContainerBalancerTask (ContainerBalancerTask.java:lambda$initializeIteration$2(459)) - Datanode localhost-189.84.218.235 bf996bf7-f280-49ca-9e29-9e5f9cd6ed13 is Under-Utilized.
2023-08-30 06:49:53,462 [main] DEBUG balancer.ContainerBalancerTask (ContainerBalancerTask.java:lambda$initializeIteration$2(459)) - Datanode localhost-126.151.152.255 484fbadf-34fa-4d9a-bb2b-7d3f84f1fcc1 is Under-Utilized.
2023-08-30 06:49:53,462 [main] DEBUG balancer.ContainerBalancerTask (ContainerBalancerTask.java:lambda$initializeIteration$2(459)) - Datanode localhost-69.121.26.190 06ad6b99-8aa2-49ea-b5e5-621473806416 is Under-Utilized.
2023-08-30 06:49:53,465 [main] DEBUG balancer.ContainerBalancerTask (ContainerBalancerTask.java:matchSourceWithTarget(708)) - ContainerBalancer is finding suitable target for source datanode ab38f6a9-785f-4ae3-a396-3e4c6d9a044e
2023-08-30 06:49:53,467 [main] INFO  balancer.FindTargetGreedyByUsageInfo (AbstractFindTargetGreedy.java:findTargetForContainerMove(133)) - Container Balancer could not find a target for source datanode ab38f6a9-785f-4ae3-a396-3e4c6d9a044e
2023-08-30 06:49:53,467 [main] DEBUG balancer.ContainerBalancerTask (ContainerBalancerTask.java:matchSourceWithTarget(717)) - ContainerBalancer could not find a suitable target for source node ab38f6a9-785f-4ae3-a396-3e4c6d9a044e.
2023-08-30 06:49:53,469 [main] DEBUG balancer.ContainerBalancerTask (ContainerBalancerTask.java:matchSourceWithTarget(708)) - ContainerBalancer is finding suitable target for source datanode 5c7c586b-dc4a-4107-a822-00dabee5ad79
2023-08-30 06:49:53,470 [main] INFO  balancer.FindTargetGreedyByUsageInfo (AbstractFindTargetGreedy.java:findTargetForContainerMove(133)) - Container Balancer could not find a target for source datanode 5c7c586b-dc4a-4107-a822-00dabee5ad79
2023-08-30 06:49:53,470 [main] DEBUG balancer.ContainerBalancerTask (ContainerBalancerTask.java:matchSourceWithTarget(717)) - ContainerBalancer could not find a suitable target for source node 5c7c586b-dc4a-4107-a822-00dabee5ad79.
2023-08-30 06:49:53,472 [main] DEBUG balancer.ContainerBalancerTask (ContainerBalancerTask.java:matchSourceWithTarget(708)) - ContainerBalancer is finding suitable target for source datanode 1a851684-b45b-4c91-af5a-f505865c6ce2
2023-08-30 06:49:53,474 [main] INFO  balancer.FindTargetGreedyByUsageInfo (AbstractFindTargetGreedy.java:findTargetForContainerMove(133)) - Container Balancer could not find a target for source datanode 1a851684-b45b-4c91-af5a-f505865c6ce2
2023-08-30 06:49:53,474 [main] DEBUG balancer.ContainerBalancerTask (ContainerBalancerTask.java:matchSourceWithTarget(717)) - ContainerBalancer could not find a suitable target for source node 1a851684-b45b-4c91-af5a-f505865c6ce2.
2023-08-30 06:49:53,476 [main] DEBUG balancer.ContainerBalancerTask (ContainerBalancerTask.java:matchSourceWithTarget(708)) - ContainerBalancer is finding suitable target for source datanode c57fe900-4bcf-49d2-b20d-2c32e06e385a
2023-08-30 06:49:53,478 [main] INFO  balancer.FindTargetGreedyByUsageInfo (AbstractFindTargetGreedy.java:findTargetForContainerMove(133)) - Container Balancer could not find a target for source datanode c57fe900-4bcf-49d2-b20d-2c32e06e385a
2023-08-30 06:49:53,478 [main] DEBUG balancer.ContainerBalancerTask (ContainerBalancerTask.java:matchSourceWithTarget(717)) - ContainerBalancer could not find a suitable target for source node c57fe900-4bcf-49d2-b20d-2c32e06e385a.
2023-08-30 06:49:53,480 [main] DEBUG balancer.ContainerBalancerTask (ContainerBalancerTask.java:matchSourceWithTarget(708)) - ContainerBalancer is finding suitable target for source datanode d206a6a5-3054-4c58-a374-8e2da33efb81
2023-08-30 06:49:53,481 [main] INFO  balancer.FindTargetGreedyByUsageInfo (AbstractFindTargetGreedy.java:findTargetForContainerMove(133)) - Container Balancer could not find a target for source datanode d206a6a5-3054-4c58-a374-8e2da33efb81
2023-08-30 06:49:53,481 [main] DEBUG balancer.ContainerBalancerTask (ContainerBalancerTask.java:matchSourceWithTarget(717)) - ContainerBalancer could not find a suitable target for source node d206a6a5-3054-4c58-a374-8e2da33efb81.
2023-08-30 06:49:53,481 [main] INFO  balancer.FindSourceGreedy (FindSourceGreedy.java:getNextCandidateSourceDataNode(126)) - no more candidate source data node
2023-08-30 06:49:53,481 [main] INFO  balancer.ContainerBalancerTask (ContainerBalancerTask.java:balance(259)) - Result of this iteration of Container Balancer: CAN_NOT_BALANCE_ANY_MORE
2023-08-30 06:49:53,481 [main] INFO  balancer.ContainerBalancerTask (ContainerBalancerTask.java:tryStopWithSaveConfiguration(308)) - Save Configuration for stopping. Reason: CAN_NOT_BALANCE_ANY_MORE
2023-08-30 06:49:53,493 [main] DEBUG balancer.ContainerBalancerTask (ContainerBalancerTask.java:initializeIteration(374)) - Average utilization of the cluster is 0.33682902082110305
2023-08-30 06:49:53,493 [main] DEBUG balancer.ContainerBalancerTask (ContainerBalancerTask.java:initializeIteration(386)) - Lower limit for utilization is 0.23682902082110305 and Upper limit for utilization is 0.4368290208211031
2023-08-30 06:49:53,493 [main] DEBUG balancer.ContainerBalancerTask (ContainerBalancerTask.java:initializeIteration(398)) - Utilization for node ab38f6a9-785f-4ae3-a396-3e4c6d9a044e with capacity 65617555911B, used 59055800320B, and remaining 6561755591B is 0.900000000001524
2023-08-30 06:49:53,493 [main] DEBUG balancer.ContainerBalancerTask (ContainerBalancerTask.java:initializeIteration(398)) - Utilization for node 5c7c586b-dc4a-4107-a822-00dabee5ad79 with capacity 55029268480B, used 44023414784B, and remaining 11005853696B is 0.8
2023-08-30 06:49:53,493 [main] DEBUG balancer.ContainerBalancerTask (ContainerBalancerTask.java:initializeIteration(398)) - Utilization for node 1a851684-b45b-4c91-af5a-f505865c6ce2 with capacity 67492343222B, used 47244640256B, and remaining 20247702966B is 0.7000000000088898
2023-08-30 06:49:53,493 [main] DEBUG balancer.ContainerBalancerTask (ContainerBalancerTask.java:initializeIteration(398)) - Utilization for node c57fe900-4bcf-49d2-b20d-2c32e06e385a with capacity 102005473280B, used 61203283968B, and remaining 40802189312B is 0.6
2023-08-30 06:49:53,494 [main] DEBUG balancer.ContainerBalancerTask (ContainerBalancerTask.java:initializeIteration(398)) - Utilization for node d206a6a5-3054-4c58-a374-8e2da33efb81 with capacity 62277025792B, used 31138512896B, and remaining 31138512896B is 0.5
2023-08-30 06:49:53,494 [main] DEBUG balancer.ContainerBalancerTask (ContainerBalancerTask.java:initializeIteration(398)) - Utilization for node 3eec90b4-a799-41a2-93a9-17d10a5882c9 with capacity 80530636800B, used 32212254720B, and remaining 48318382080B is 0.4
2023-08-30 06:49:53,494 [main] DEBUG balancer.ContainerBalancerTask (ContainerBalancerTask.java:initializeIteration(398)) - Utilization for node a6e4390b-de55-4143-9374-78300c1d4cbd with capacity 125269879466B, used 37580963840B, and remaining 87688915626B is 0.30000000000159655
2023-08-30 06:49:53,494 [main] DEBUG balancer.ContainerBalancerTask (ContainerBalancerTask.java:initializeIteration(398)) - Utilization for node 06ad6b99-8aa2-49ea-b5e5-621473806416 with capacity 182536110080B, used 36507222016B, and remaining 146028888064B is 0.2
2023-08-30 06:49:53,494 [main] DEBUG balancer.ContainerBalancerTask (ContainerBalancerTask.java:initializeIteration(398)) - Utilization for node 484fbadf-34fa-4d9a-bb2b-7d3f84f1fcc1 with capacity 343597383680B, used 34359738368B, and remaining 309237645312B is 0.1
2023-08-30 06:49:53,494 [main] DEBUG balancer.ContainerBalancerTask (ContainerBalancerTask.java:initializeIteration(398)) - Utilization for node bf996bf7-f280-49ca-9e29-9e5f9cd6ed13 with capacity 53687091200B, used 0B, and remaining 53687091200B is 0.0
2023-08-30 06:49:53,494 [main] INFO  balancer.ContainerBalancerTask (ContainerBalancerTask.java:initializeIteration(447)) - Container Balancer has identified 5 Over-Utilized and 3 Under-Utilized Datanodes that need to be balanced.
2023-08-30 06:49:53,494 [main] DEBUG balancer.ContainerBalancerTask (ContainerBalancerTask.java:lambda$initializeIteration$1(453)) - Datanode localhost-73.228.163.60 ab38f6a9-785f-4ae3-a396-3e4c6d9a044e is Over-Utilized.
2023-08-30 06:49:53,494 [main] DEBUG balancer.ContainerBalancerTask (ContainerBalancerTask.java:lambda$initializeIteration$1(453)) - Datanode localhost-107.195.200.104 5c7c586b-dc4a-4107-a822-00dabee5ad79 is Over-Utilized.
2023-08-30 06:49:53,494 [main] DEBUG balancer.ContainerBalancerTask (ContainerBalancerTask.java:lambda$initializeIteration$1(453)) - Datanode localhost-18.186.21.95 1a851684-b45b-4c91-af5a-f505865c6ce2 is Over-Utilized.
2023-08-30 06:49:53,494 [main] DEBUG balancer.ContainerBalancerTask (ContainerBalancerTask.java:lambda$initializeIteration$1(453)) - Datanode localhost-236.248.183.2 c57fe900-4bcf-49d2-b20d-2c32e06e385a is Over-Utilized.
2023-08-30 06:49:53,494 [main] DEBUG balancer.ContainerBalancerTask (ContainerBalancerTask.java:lambda$initializeIteration$1(453)) - Datanode localhost-225.44.166.81 d206a6a5-3054-4c58-a374-8e2da33efb81 is Over-Utilized.
2023-08-30 06:49:53,495 [main] DEBUG balancer.ContainerBalancerTask (ContainerBalancerTask.java:lambda$initializeIteration$2(459)) - Datanode localhost-189.84.218.235 bf996bf7-f280-49ca-9e29-9e5f9cd6ed13 is Under-Utilized.
2023-08-30 06:49:53,495 [main] DEBUG balancer.ContainerBalancerTask (ContainerBalancerTask.java:lambda$initializeIteration$2(459)) - Datanode localhost-126.151.152.255 484fbadf-34fa-4d9a-bb2b-7d3f84f1fcc1 is Under-Utilized.
2023-08-30 06:49:53,495 [main] DEBUG balancer.ContainerBalancerTask (ContainerBalancerTask.java:lambda$initializeIteration$2(459)) - Datanode localhost-69.121.26.190 06ad6b99-8aa2-49ea-b5e5-621473806416 is Under-Utilized.
2023-08-30 06:49:53,497 [main] DEBUG balancer.ContainerBalancerTask (ContainerBalancerTask.java:matchSourceWithTarget(708)) - ContainerBalancer is finding suitable target for source datanode ab38f6a9-785f-4ae3-a396-3e4c6d9a044e
2023-08-30 06:49:53,497 [main] INFO  balancer.ContainerBalancerTask (ContainerBalancerTask.java:matchSourceWithTarget(722)) - ContainerBalancer matched source datanode ab38f6a9-785f-4ae3-a396-3e4c6d9a044e with target datanode bf996bf7-f280-49ca-9e29-9e5f9cd6ed13 for container move.
2023-08-30 06:49:53,498 [main] INFO  balancer.ContainerBalancerTask (ContainerBalancerTask.java:processMoveSelection(569)) - ContainerBalancer is trying to move container #85 with size 5368709120B from source datanode ab38f6a9-785f-4ae3-a396-3e4c6d9a044e to target datanode bf996bf7-f280-49ca-9e29-9e5f9cd6ed13
2023-08-30 06:49:53,498 [main] DEBUG balancer.ContainerBalancerTask (ContainerBalancerTask.java:lambda$moveContainer$3(837)) - Container move completed for container #85 from source ab38f6a9-785f-4ae3-a396-3e4c6d9a044e to target bf996bf7-f280-49ca-9e29-9e5f9cd6ed13
2023-08-30 06:49:53,498 [main] DEBUG balancer.ContainerBalancerTask (ContainerBalancerTask.java:adaptOnReachingIterationLimits(782)) - Reached max datanodes to involve limit. 2 datanodes have already been selected for balancing and the limit is 2. Only already selected sources and targets can be involved in balancing now.
2023-08-30 06:49:53,500 [main] DEBUG balancer.ContainerBalancerTask (ContainerBalancerTask.java:matchSourceWithTarget(708)) - ContainerBalancer is finding suitable target for source datanode ab38f6a9-785f-4ae3-a396-3e4c6d9a044e
2023-08-30 06:49:53,501 [main] INFO  balancer.ContainerBalancerTask (ContainerBalancerTask.java:matchSourceWithTarget(722)) - ContainerBalancer matched source datanode ab38f6a9-785f-4ae3-a396-3e4c6d9a044e with target datanode bf996bf7-f280-49ca-9e29-9e5f9cd6ed13 for container move.
2023-08-30 06:49:53,501 [main] INFO  balancer.ContainerBalancerTask (ContainerBalancerTask.java:processMoveSelection(569)) - ContainerBalancer is trying to move container #68 with size 5368709120B from source datanode ab38f6a9-785f-4ae3-a396-3e4c6d9a044e to target datanode bf996bf7-f280-49ca-9e29-9e5f9cd6ed13
2023-08-30 06:49:53,501 [main] DEBUG balancer.ContainerBalancerTask (ContainerBalancerTask.java:lambda$moveContainer$3(837)) - Container move completed for container #68 from source ab38f6a9-785f-4ae3-a396-3e4c6d9a044e to target bf996bf7-f280-49ca-9e29-9e5f9cd6ed13
2023-08-30 06:49:53,503 [main] DEBUG balancer.ContainerBalancerTask (ContainerBalancerTask.java:matchSourceWithTarget(708)) - ContainerBalancer is finding suitable target for source datanode ab38f6a9-785f-4ae3-a396-3e4c6d9a044e
2023-08-30 06:49:53,504 [main] INFO  balancer.ContainerBalancerTask (ContainerBalancerTask.java:matchSourceWithTarget(722)) - ContainerBalancer matched source datanode ab38f6a9-785f-4ae3-a396-3e4c6d9a044e with target datanode bf996bf7-f280-49ca-9e29-9e5f9cd6ed13 for container move.
2023-08-30 06:49:53,504 [main] INFO  balancer.ContainerBalancerTask (ContainerBalancerTask.java:processMoveSelection(569)) - ContainerBalancer is trying to move container #53 with size 5368709120B from source datanode ab38f6a9-785f-4ae3-a396-3e4c6d9a044e to target datanode bf996bf7-f280-49ca-9e29-9e5f9cd6ed13
2023-08-30 06:49:53,504 [main] DEBUG balancer.ContainerBalancerTask (ContainerBalancerTask.java:lambda$moveContainer$3(837)) - Container move completed for container #53 from source ab38f6a9-785f-4ae3-a396-3e4c6d9a044e to target bf996bf7-f280-49ca-9e29-9e5f9cd6ed13
2023-08-30 06:49:53,506 [main] DEBUG balancer.ContainerBalancerTask (ContainerBalancerTask.java:matchSourceWithTarget(708)) - ContainerBalancer is finding suitable target for source datanode ab38f6a9-785f-4ae3-a396-3e4c6d9a044e
2023-08-30 06:49:53,506 [main] INFO  balancer.ContainerBalancerTask (ContainerBalancerTask.java:matchSourceWithTarget(722)) - ContainerBalancer matched source datanode ab38f6a9-785f-4ae3-a396-3e4c6d9a044e with target datanode bf996bf7-f280-49ca-9e29-9e5f9cd6ed13 for container move.
2023-08-30 06:49:53,507 [main] INFO  balancer.ContainerBalancerTask (ContainerBalancerTask.java:processMoveSelection(569)) - ContainerBalancer is trying to move container #89 with size 4294967296B from source datanode ab38f6a9-785f-4ae3-a396-3e4c6d9a044e to target datanode bf996bf7-f280-49ca-9e29-9e5f9cd6ed13
2023-08-30 06:49:53,507 [main] DEBUG balancer.ContainerBalancerTask (ContainerBalancerTask.java:lambda$moveContainer$3(837)) - Container move completed for container #89 from source ab38f6a9-785f-4ae3-a396-3e4c6d9a044e to target bf996bf7-f280-49ca-9e29-9e5f9cd6ed13
2023-08-30 06:49:53,509 [main] DEBUG balancer.ContainerBalancerTask (ContainerBalancerTask.java:matchSourceWithTarget(708)) - ContainerBalancer is finding suitable target for source datanode ab38f6a9-785f-4ae3-a396-3e4c6d9a044e
2023-08-30 06:49:53,510 [main] INFO  balancer.ContainerBalancerTask (ContainerBalancerTask.java:matchSourceWithTarget(722)) - ContainerBalancer matched source datanode ab38f6a9-785f-4ae3-a396-3e4c6d9a044e with target datanode bf996bf7-f280-49ca-9e29-9e5f9cd6ed13 for container move.
2023-08-30 06:49:53,510 [main] INFO  balancer.ContainerBalancerTask (ContainerBalancerTask.java:processMoveSelection(569)) - ContainerBalancer is trying to move container #87 with size 2147483648B from source datanode ab38f6a9-785f-4ae3-a396-3e4c6d9a044e to target datanode bf996bf7-f280-49ca-9e29-9e5f9cd6ed13
2023-08-30 06:49:53,510 [main] DEBUG balancer.ContainerBalancerTask (ContainerBalancerTask.java:lambda$moveContainer$3(837)) - Container move completed for container #87 from source ab38f6a9-785f-4ae3-a396-3e4c6d9a044e to target bf996bf7-f280-49ca-9e29-9e5f9cd6ed13
2023-08-30 06:49:53,512 [main] DEBUG balancer.ContainerBalancerTask (ContainerBalancerTask.java:matchSourceWithTarget(708)) - ContainerBalancer is finding suitable target for source datanode ab38f6a9-785f-4ae3-a396-3e4c6d9a044e
2023-08-30 06:49:53,513 [main] INFO  balancer.FindTargetGreedyByUsageInfo (AbstractFindTargetGreedy.java:findTargetForContainerMove(133)) - Container Balancer could not find a target for source datanode ab38f6a9-785f-4ae3-a396-3e4c6d9a044e
2023-08-30 06:49:53,513 [main] DEBUG balancer.ContainerBalancerTask (ContainerBalancerTask.java:matchSourceWithTarget(717)) - ContainerBalancer could not find a suitable target for source node ab38f6a9-785f-4ae3-a396-3e4c6d9a044e.
2023-08-30 06:49:53,513 [main] INFO  balancer.FindSourceGreedy (FindSourceGreedy.java:getNextCandidateSourceDataNode(126)) - no more candidate source data node
2023-08-30 06:49:53,513 [main] INFO  balancer.ContainerBalancerTask (ContainerBalancerTask.java:checkIterationMoveResults(642)) - Iteration Summary. Number of Datanodes involved: 2. Size moved: 21 GB (22548578304 Bytes). Number of Container moves completed: 5.
2023-08-30 06:49:53,513 [main] INFO  balancer.ContainerBalancerTask (ContainerBalancerTask.java:balance(259)) - Result of this iteration of Container Balancer: ITERATION_COMPLETED
2023-08-30 06:49:53,515 [main] DEBUG balancer.ContainerBalancerTask (ContainerBalancerTask.java:initializeIteration(374)) - Average utilization of the cluster is 0.33682902082110305
2023-08-30 06:49:53,515 [main] DEBUG balancer.ContainerBalancerTask (ContainerBalancerTask.java:initializeIteration(386)) - Lower limit for utilization is 0.23682902082110305 and Upper limit for utilization is 0.4368290208211031
2023-08-30 06:49:53,515 [main] DEBUG balancer.ContainerBalancerTask (ContainerBalancerTask.java:initializeIteration(398)) - Utilization for node ab38f6a9-785f-4ae3-a396-3e4c6d9a044e with capacity 65617555911B, used 59055800320B, and remaining 6561755591B is 0.900000000001524
2023-08-30 06:49:53,515 [main] DEBUG balancer.ContainerBalancerTask (ContainerBalancerTask.java:initializeIteration(398)) - Utilization for node 5c7c586b-dc4a-4107-a822-00dabee5ad79 with capacity 55029268480B, used 44023414784B, and remaining 11005853696B is 0.8
2023-08-30 06:49:53,515 [main] DEBUG balancer.ContainerBalancerTask (ContainerBalancerTask.java:initializeIteration(398)) - Utilization for node 1a851684-b45b-4c91-af5a-f505865c6ce2 with capacity 67492343222B, used 47244640256B, and remaining 20247702966B is 0.7000000000088898
2023-08-30 06:49:53,515 [main] DEBUG balancer.ContainerBalancerTask (ContainerBalancerTask.java:initializeIteration(398)) - Utilization for node c57fe900-4bcf-49d2-b20d-2c32e06e385a with capacity 102005473280B, used 61203283968B, and remaining 40802189312B is 0.6
2023-08-30 06:49:53,515 [main] DEBUG balancer.ContainerBalancerTask (ContainerBalancerTask.java:initializeIteration(398)) - Utilization for node d206a6a5-3054-4c58-a374-8e2da33efb81 with capacity 62277025792B, used 31138512896B, and remaining 31138512896B is 0.5
2023-08-30 06:49:53,516 [main] DEBUG balancer.ContainerBalancerTask (ContainerBalancerTask.java:initializeIteration(398)) - Utilization for node 3eec90b4-a799-41a2-93a9-17d10a5882c9 with capacity 80530636800B, used 32212254720B, and remaining 48318382080B is 0.4
2023-08-30 06:49:53,516 [main] DEBUG balancer.ContainerBalancerTask (ContainerBalancerTask.java:initializeIteration(398)) - Utilization for node a6e4390b-de55-4143-9374-78300c1d4cbd with capacity 125269879466B, used 37580963840B, and remaining 87688915626B is 0.30000000000159655
2023-08-30 06:49:53,516 [main] DEBUG balancer.ContainerBalancerTask (ContainerBalancerTask.java:initializeIteration(398)) - Utilization for node 06ad6b99-8aa2-49ea-b5e5-621473806416 with capacity 182536110080B, used 36507222016B, and remaining 146028888064B is 0.2
2023-08-30 06:49:53,516 [main] DEBUG balancer.ContainerBalancerTask (ContainerBalancerTask.java:initializeIteration(398)) - Utilization for node 484fbadf-34fa-4d9a-bb2b-7d3f84f1fcc1 with capacity 343597383680B, used 34359738368B, and remaining 309237645312B is 0.1
2023-08-30 06:49:53,516 [main] DEBUG balancer.ContainerBalancerTask (ContainerBalancerTask.java:initializeIteration(398)) - Utilization for node bf996bf7-f280-49ca-9e29-9e5f9cd6ed13 with capacity 53687091200B, used 0B, and remaining 53687091200B is 0.0
2023-08-30 06:49:53,516 [main] INFO  balancer.ContainerBalancerTask (ContainerBalancerTask.java:initializeIteration(447)) - Container Balancer has identified 5 Over-Utilized and 3 Under-Utilized Datanodes that need to be balanced.
2023-08-30 06:49:53,516 [main] DEBUG balancer.ContainerBalancerTask (ContainerBalancerTask.java:lambda$initializeIteration$1(453)) - Datanode localhost-73.228.163.60 ab38f6a9-785f-4ae3-a396-3e4c6d9a044e is Over-Utilized.
2023-08-30 06:49:53,516 [main] DEBUG balancer.ContainerBalancerTask (ContainerBalancerTask.java:lambda$initializeIteration$1(453)) - Datanode localhost-107.195.200.104 5c7c586b-dc4a-4107-a822-00dabee5ad79 is Over-Utilized.
2023-08-30 06:49:53,516 [main] DEBUG balancer.ContainerBalancerTask (ContainerBalancerTask.java:lambda$initializeIteration$1(453)) - Datanode localhost-18.186.21.95 1a851684-b45b-4c91-af5a-f505865c6ce2 is Over-Utilized.
2023-08-30 06:49:53,516 [main] DEBUG balancer.ContainerBalancerTask (ContainerBalancerTask.java:lambda$initializeIteration$1(453)) - Datanode localhost-236.248.183.2 c57fe900-4bcf-49d2-b20d-2c32e06e385a is Over-Utilized.
2023-08-30 06:49:53,516 [main] DEBUG balancer.ContainerBalancerTask (ContainerBalancerTask.java:lambda$initializeIteration$1(453)) - Datanode localhost-225.44.166.81 d206a6a5-3054-4c58-a374-8e2da33efb81 is Over-Utilized.
2023-08-30 06:49:53,517 [main] DEBUG balancer.ContainerBalancerTask (ContainerBalancerTask.java:lambda$initializeIteration$2(459)) - Datanode localhost-189.84.218.235 bf996bf7-f280-49ca-9e29-9e5f9cd6ed13 is Under-Utilized.
2023-08-30 06:49:53,517 [main] DEBUG balancer.ContainerBalancerTask (ContainerBalancerTask.java:lambda$initializeIteration$2(459)) - Datanode localhost-126.151.152.255 484fbadf-34fa-4d9a-bb2b-7d3f84f1fcc1 is Under-Utilized.
2023-08-30 06:49:53,517 [main] DEBUG balancer.ContainerBalancerTask (ContainerBalancerTask.java:lambda$initializeIteration$2(459)) - Datanode localhost-69.121.26.190 06ad6b99-8aa2-49ea-b5e5-621473806416 is Under-Utilized.
2023-08-30 06:49:53,519 [main] DEBUG balancer.ContainerBalancerTask (ContainerBalancerTask.java:matchSourceWithTarget(708)) - ContainerBalancer is finding suitable target for source datanode ab38f6a9-785f-4ae3-a396-3e4c6d9a044e
2023-08-30 06:49:53,519 [main] INFO  balancer.ContainerBalancerTask (ContainerBalancerTask.java:matchSourceWithTarget(722)) - ContainerBalancer matched source datanode ab38f6a9-785f-4ae3-a396-3e4c6d9a044e with target datanode bf996bf7-f280-49ca-9e29-9e5f9cd6ed13 for container move.
2023-08-30 06:49:53,519 [main] INFO  balancer.ContainerBalancerTask (ContainerBalancerTask.java:processMoveSelection(569)) - ContainerBalancer is trying to move container #85 with size 5368709120B from source datanode ab38f6a9-785f-4ae3-a396-3e4c6d9a044e to target datanode bf996bf7-f280-49ca-9e29-9e5f9cd6ed13
2023-08-30 06:49:53,520 [main] DEBUG balancer.ContainerBalancerTask (ContainerBalancerTask.java:lambda$moveContainer$3(837)) - Container move completed for container #85 from source ab38f6a9-785f-4ae3-a396-3e4c6d9a044e to target bf996bf7-f280-49ca-9e29-9e5f9cd6ed13
2023-08-30 06:49:53,520 [main] DEBUG balancer.ContainerBalancerTask (ContainerBalancerTask.java:adaptOnReachingIterationLimits(782)) - Reached max datanodes to involve limit. 2 datanodes have already been selected for balancing and the limit is 2. Only already selected sources and targets can be involved in balancing now.
2023-08-30 06:49:53,522 [main] DEBUG balancer.ContainerBalancerTask (ContainerBalancerTask.java:matchSourceWithTarget(708)) - ContainerBalancer is finding suitable target for source datanode ab38f6a9-785f-4ae3-a396-3e4c6d9a044e
2023-08-30 06:49:53,522 [main] INFO  balancer.ContainerBalancerTask (ContainerBalancerTask.java:matchSourceWithTarget(722)) - ContainerBalancer matched source datanode ab38f6a9-785f-4ae3-a396-3e4c6d9a044e with target datanode bf996bf7-f280-49ca-9e29-9e5f9cd6ed13 for container move.
2023-08-30 06:49:53,522 [main] INFO  balancer.ContainerBalancerTask (ContainerBalancerTask.java:processMoveSelection(569)) - ContainerBalancer is trying to move container #68 with size 5368709120B from source datanode ab38f6a9-785f-4ae3-a396-3e4c6d9a044e to target datanode bf996bf7-f280-49ca-9e29-9e5f9cd6ed13
2023-08-30 06:49:53,522 [main] DEBUG balancer.ContainerBalancerTask (ContainerBalancerTask.java:lambda$moveContainer$3(837)) - Container move completed for container #68 from source ab38f6a9-785f-4ae3-a396-3e4c6d9a044e to target bf996bf7-f280-49ca-9e29-9e5f9cd6ed13
2023-08-30 06:49:53,525 [main] DEBUG balancer.ContainerBalancerTask (ContainerBalancerTask.java:matchSourceWithTarget(708)) - ContainerBalancer is finding suitable target for source datanode ab38f6a9-785f-4ae3-a396-3e4c6d9a044e
2023-08-30 06:49:53,525 [main] INFO  balancer.ContainerBalancerTask (ContainerBalancerTask.java:matchSourceWithTarget(722)) - ContainerBalancer matched source datanode ab38f6a9-785f-4ae3-a396-3e4c6d9a044e with target datanode bf996bf7-f280-49ca-9e29-9e5f9cd6ed13 for container move.
2023-08-30 06:49:53,525 [main] INFO  balancer.ContainerBalancerTask (ContainerBalancerTask.java:processMoveSelection(569)) - ContainerBalancer is trying to move container #53 with size 5368709120B from source datanode ab38f6a9-785f-4ae3-a396-3e4c6d9a044e to target datanode bf996bf7-f280-49ca-9e29-9e5f9cd6ed13
2023-08-30 06:49:53,525 [main] DEBUG balancer.ContainerBalancerTask (ContainerBalancerTask.java:lambda$moveContainer$3(837)) - Container move completed for container #53 from source ab38f6a9-785f-4ae3-a396-3e4c6d9a044e to target bf996bf7-f280-49ca-9e29-9e5f9cd6ed13
2023-08-30 06:49:53,528 [main] DEBUG balancer.ContainerBalancerTask (ContainerBalancerTask.java:matchSourceWithTarget(708)) - ContainerBalancer is finding suitable target for source datanode ab38f6a9-785f-4ae3-a396-3e4c6d9a044e
2023-08-30 06:49:53,528 [main] INFO  balancer.ContainerBalancerTask (ContainerBalancerTask.java:matchSourceWithTarget(722)) - ContainerBalancer matched source datanode ab38f6a9-785f-4ae3-a396-3e4c6d9a044e with target datanode bf996bf7-f280-49ca-9e29-9e5f9cd6ed13 for container move.
2023-08-30 06:49:53,528 [main] INFO  balancer.ContainerBalancerTask (ContainerBalancerTask.java:processMoveSelection(569)) - ContainerBalancer is trying to move container #89 with size 4294967296B from source datanode ab38f6a9-785f-4ae3-a396-3e4c6d9a044e to target datanode bf996bf7-f280-49ca-9e29-9e5f9cd6ed13
2023-08-30 06:49:53,528 [main] DEBUG balancer.ContainerBalancerTask (ContainerBalancerTask.java:lambda$moveContainer$3(837)) - Container move completed for container #89 from source ab38f6a9-785f-4ae3-a396-3e4c6d9a044e to target bf996bf7-f280-49ca-9e29-9e5f9cd6ed13
2023-08-30 06:49:53,531 [main] DEBUG balancer.ContainerBalancerTask (ContainerBalancerTask.java:matchSourceWithTarget(708)) - ContainerBalancer is finding suitable target for source datanode ab38f6a9-785f-4ae3-a396-3e4c6d9a044e
2023-08-30 06:49:53,531 [main] INFO  balancer.ContainerBalancerTask (ContainerBalancerTask.java:matchSourceWithTarget(722)) - ContainerBalancer matched source datanode ab38f6a9-785f-4ae3-a396-3e4c6d9a044e with target datanode bf996bf7-f280-49ca-9e29-9e5f9cd6ed13 for container move.
2023-08-30 06:49:53,531 [main] INFO  balancer.ContainerBalancerTask (ContainerBalancerTask.java:processMoveSelection(569)) - ContainerBalancer is trying to move container #87 with size 2147483648B from source datanode ab38f6a9-785f-4ae3-a396-3e4c6d9a044e to target datanode bf996bf7-f280-49ca-9e29-9e5f9cd6ed13
2023-08-30 06:49:53,531 [main] DEBUG balancer.ContainerBalancerTask (ContainerBalancerTask.java:lambda$moveContainer$3(837)) - Container move completed for container #87 from source ab38f6a9-785f-4ae3-a396-3e4c6d9a044e to target bf996bf7-f280-49ca-9e29-9e5f9cd6ed13
2023-08-30 06:49:53,534 [main] DEBUG balancer.ContainerBalancerTask (ContainerBalancerTask.java:matchSourceWithTarget(708)) - ContainerBalancer is finding suitable target for source datanode ab38f6a9-785f-4ae3-a396-3e4c6d9a044e
2023-08-30 06:49:53,535 [main] INFO  balancer.FindTargetGreedyByUsageInfo (AbstractFindTargetGreedy.java:findTargetForContainerMove(133)) - Container Balancer could not find a target for source datanode ab38f6a9-785f-4ae3-a396-3e4c6d9a044e
2023-08-30 06:49:53,535 [main] DEBUG balancer.ContainerBalancerTask (ContainerBalancerTask.java:matchSourceWithTarget(717)) - ContainerBalancer could not find a suitable target for source node ab38f6a9-785f-4ae3-a396-3e4c6d9a044e.
2023-08-30 06:49:53,535 [main] INFO  balancer.FindSourceGreedy (FindSourceGreedy.java:getNextCandidateSourceDataNode(126)) - no more candidate source data node
2023-08-30 06:49:53,535 [main] INFO  balancer.ContainerBalancerTask (ContainerBalancerTask.java:checkIterationMoveResults(642)) - Iteration Summary. Number of Datanodes involved: 2. Size moved: 21 GB (22548578304 Bytes). Number of Container moves completed: 5.
2023-08-30 06:49:53,535 [main] INFO  balancer.ContainerBalancerTask (ContainerBalancerTask.java:balance(259)) - Result of this iteration of Container Balancer: ITERATION_COMPLETED
2023-08-30 06:49:53,537 [main] DEBUG balancer.ContainerBalancerTask (ContainerBalancerTask.java:initializeIteration(374)) - Average utilization of the cluster is 0.33682902082110305
2023-08-30 06:49:53,537 [main] DEBUG balancer.ContainerBalancerTask (ContainerBalancerTask.java:initializeIteration(386)) - Lower limit for utilization is 0.23682902082110305 and Upper limit for utilization is 0.4368290208211031
2023-08-30 06:49:53,537 [main] DEBUG balancer.ContainerBalancerTask (ContainerBalancerTask.java:initializeIteration(398)) - Utilization for node ab38f6a9-785f-4ae3-a396-3e4c6d9a044e with capacity 65617555911B, used 59055800320B, and remaining 6561755591B is 0.900000000001524
2023-08-30 06:49:53,537 [main] DEBUG balancer.ContainerBalancerTask (ContainerBalancerTask.java:initializeIteration(398)) - Utilization for node 5c7c586b-dc4a-4107-a822-00dabee5ad79 with capacity 55029268480B, used 44023414784B, and remaining 11005853696B is 0.8
2023-08-30 06:49:53,537 [main] DEBUG balancer.ContainerBalancerTask (ContainerBalancerTask.java:initializeIteration(398)) - Utilization for node 1a851684-b45b-4c91-af5a-f505865c6ce2 with capacity 67492343222B, used 47244640256B, and remaining 20247702966B is 0.7000000000088898
2023-08-30 06:49:53,537 [main] DEBUG balancer.ContainerBalancerTask (ContainerBalancerTask.java:initializeIteration(398)) - Utilization for node c57fe900-4bcf-49d2-b20d-2c32e06e385a with capacity 102005473280B, used 61203283968B, and remaining 40802189312B is 0.6
2023-08-30 06:49:53,537 [main] DEBUG balancer.ContainerBalancerTask (ContainerBalancerTask.java:initializeIteration(398)) - Utilization for node d206a6a5-3054-4c58-a374-8e2da33efb81 with capacity 62277025792B, used 31138512896B, and remaining 31138512896B is 0.5
2023-08-30 06:49:53,537 [main] DEBUG balancer.ContainerBalancerTask (ContainerBalancerTask.java:initializeIteration(398)) - Utilization for node 3eec90b4-a799-41a2-93a9-17d10a5882c9 with capacity 80530636800B, used 32212254720B, and remaining 48318382080B is 0.4
2023-08-30 06:49:53,537 [main] DEBUG balancer.ContainerBalancerTask (ContainerBalancerTask.java:initializeIteration(398)) - Utilization for node a6e4390b-de55-4143-9374-78300c1d4cbd with capacity 125269879466B, used 37580963840B, and remaining 87688915626B is 0.30000000000159655
2023-08-30 06:49:53,537 [main] DEBUG balancer.ContainerBalancerTask (ContainerBalancerTask.java:initializeIteration(398)) - Utilization for node 06ad6b99-8aa2-49ea-b5e5-621473806416 with capacity 182536110080B, used 36507222016B, and remaining 146028888064B is 0.2
2023-08-30 06:49:53,537 [main] DEBUG balancer.ContainerBalancerTask (ContainerBalancerTask.java:initializeIteration(398)) - Utilization for node 484fbadf-34fa-4d9a-bb2b-7d3f84f1fcc1 with capacity 343597383680B, used 34359738368B, and remaining 309237645312B is 0.1
2023-08-30 06:49:53,538 [main] DEBUG balancer.ContainerBalancerTask (ContainerBalancerTask.java:initializeIteration(398)) - Utilization for node bf996bf7-f280-49ca-9e29-9e5f9cd6ed13 with capacity 53687091200B, used 0B, and remaining 53687091200B is 0.0
2023-08-30 06:49:53,538 [main] INFO  balancer.ContainerBalancerTask (ContainerBalancerTask.java:initializeIteration(447)) - Container Balancer has identified 5 Over-Utilized and 3 Under-Utilized Datanodes that need to be balanced.
2023-08-30 06:49:53,538 [main] DEBUG balancer.ContainerBalancerTask (ContainerBalancerTask.java:lambda$initializeIteration$1(453)) - Datanode localhost-73.228.163.60 ab38f6a9-785f-4ae3-a396-3e4c6d9a044e is Over-Utilized.
2023-08-30 06:49:53,538 [main] DEBUG balancer.ContainerBalancerTask (ContainerBalancerTask.java:lambda$initializeIteration$1(453)) - Datanode localhost-107.195.200.104 5c7c586b-dc4a-4107-a822-00dabee5ad79 is Over-Utilized.
2023-08-30 06:49:53,538 [main] DEBUG balancer.ContainerBalancerTask (ContainerBalancerTask.java:lambda$initializeIteration$1(453)) - Datanode localhost-18.186.21.95 1a851684-b45b-4c91-af5a-f505865c6ce2 is Over-Utilized.
2023-08-30 06:49:53,538 [main] DEBUG balancer.ContainerBalancerTask (ContainerBalancerTask.java:lambda$initializeIteration$1(453)) - Datanode localhost-236.248.183.2 c57fe900-4bcf-49d2-b20d-2c32e06e385a is Over-Utilized.
2023-08-30 06:49:53,538 [main] DEBUG balancer.ContainerBalancerTask (ContainerBalancerTask.java:lambda$initializeIteration$1(453)) - Datanode localhost-225.44.166.81 d206a6a5-3054-4c58-a374-8e2da33efb81 is Over-Utilized.
2023-08-30 06:49:53,538 [main] DEBUG balancer.ContainerBalancerTask (ContainerBalancerTask.java:lambda$initializeIteration$2(459)) - Datanode localhost-189.84.218.235 bf996bf7-f280-49ca-9e29-9e5f9cd6ed13 is Under-Utilized.
2023-08-30 06:49:53,538 [main] DEBUG balancer.ContainerBalancerTask (ContainerBalancerTask.java:lambda$initializeIteration$2(459)) - Datanode localhost-126.151.152.255 484fbadf-34fa-4d9a-bb2b-7d3f84f1fcc1 is Under-Utilized.
2023-08-30 06:49:53,538 [main] DEBUG balancer.ContainerBalancerTask (ContainerBalancerTask.java:lambda$initializeIteration$2(459)) - Datanode localhost-69.121.26.190 06ad6b99-8aa2-49ea-b5e5-621473806416 is Under-Utilized.
2023-08-30 06:49:53,541 [main] DEBUG balancer.ContainerBalancerTask (ContainerBalancerTask.java:matchSourceWithTarget(708)) - ContainerBalancer is finding suitable target for source datanode ab38f6a9-785f-4ae3-a396-3e4c6d9a044e
2023-08-30 06:49:53,541 [main] INFO  balancer.ContainerBalancerTask (ContainerBalancerTask.java:matchSourceWithTarget(722)) - ContainerBalancer matched source datanode ab38f6a9-785f-4ae3-a396-3e4c6d9a044e with target datanode bf996bf7-f280-49ca-9e29-9e5f9cd6ed13 for container move.
2023-08-30 06:49:53,541 [main] INFO  balancer.ContainerBalancerTask (ContainerBalancerTask.java:processMoveSelection(569)) - ContainerBalancer is trying to move container #85 with size 5368709120B from source datanode ab38f6a9-785f-4ae3-a396-3e4c6d9a044e to target datanode bf996bf7-f280-49ca-9e29-9e5f9cd6ed13
2023-08-30 06:49:53,543 [main] DEBUG balancer.ContainerBalancerTask (ContainerBalancerTask.java:lambda$moveContainer$3(837)) - Container move completed for container #85 from source ab38f6a9-785f-4ae3-a396-3e4c6d9a044e to target bf996bf7-f280-49ca-9e29-9e5f9cd6ed13
2023-08-30 06:49:53,543 [main] DEBUG balancer.ContainerBalancerTask (ContainerBalancerTask.java:adaptOnReachingIterationLimits(782)) - Reached max datanodes to involve limit. 2 datanodes have already been selected for balancing and the limit is 2. Only already selected sources and targets can be involved in balancing now.
2023-08-30 06:49:53,546 [main] DEBUG balancer.ContainerBalancerTask (ContainerBalancerTask.java:matchSourceWithTarget(708)) - ContainerBalancer is finding suitable target for source datanode ab38f6a9-785f-4ae3-a396-3e4c6d9a044e
2023-08-30 06:49:53,546 [main] INFO  balancer.ContainerBalancerTask (ContainerBalancerTask.java:matchSourceWithTarget(722)) - ContainerBalancer matched source datanode ab38f6a9-785f-4ae3-a396-3e4c6d9a044e with target datanode bf996bf7-f280-49ca-9e29-9e5f9cd6ed13 for container move.
2023-08-30 06:49:53,546 [main] INFO  balancer.ContainerBalancerTask (ContainerBalancerTask.java:processMoveSelection(569)) - ContainerBalancer is trying to move container #68 with size 5368709120B from source datanode ab38f6a9-785f-4ae3-a396-3e4c6d9a044e to target datanode bf996bf7-f280-49ca-9e29-9e5f9cd6ed13
2023-08-30 06:49:53,546 [main] DEBUG balancer.ContainerBalancerTask (ContainerBalancerTask.java:lambda$moveContainer$3(837)) - Container move completed for container #68 from source ab38f6a9-785f-4ae3-a396-3e4c6d9a044e to target bf996bf7-f280-49ca-9e29-9e5f9cd6ed13
2023-08-30 06:49:53,549 [main] DEBUG balancer.ContainerBalancerTask (ContainerBalancerTask.java:matchSourceWithTarget(708)) - ContainerBalancer is finding suitable target for source datanode ab38f6a9-785f-4ae3-a396-3e4c6d9a044e
2023-08-30 06:49:53,549 [main] INFO  balancer.ContainerBalancerTask (ContainerBalancerTask.java:matchSourceWithTarget(722)) - ContainerBalancer matched source datanode ab38f6a9-785f-4ae3-a396-3e4c6d9a044e with target datanode bf996bf7-f280-49ca-9e29-9e5f9cd6ed13 for container move.
2023-08-30 06:49:53,549 [main] INFO  balancer.ContainerBalancerTask (ContainerBalancerTask.java:processMoveSelection(569)) - ContainerBalancer is trying to move container #53 with size 5368709120B from source datanode ab38f6a9-785f-4ae3-a396-3e4c6d9a044e to target datanode bf996bf7-f280-49ca-9e29-9e5f9cd6ed13
2023-08-30 06:49:53,549 [main] DEBUG balancer.ContainerBalancerTask (ContainerBalancerTask.java:lambda$moveContainer$3(837)) - Container move completed for container #53 from source ab38f6a9-785f-4ae3-a396-3e4c6d9a044e to target bf996bf7-f280-49ca-9e29-9e5f9cd6ed13
2023-08-30 06:49:53,552 [main] DEBUG balancer.ContainerBalancerTask (ContainerBalancerTask.java:matchSourceWithTarget(708)) - ContainerBalancer is finding suitable target for source datanode ab38f6a9-785f-4ae3-a396-3e4c6d9a044e
2023-08-30 06:49:53,552 [main] INFO  balancer.ContainerBalancerTask (ContainerBalancerTask.java:matchSourceWithTarget(722)) - ContainerBalancer matched source datanode ab38f6a9-785f-4ae3-a396-3e4c6d9a044e with target datanode bf996bf7-f280-49ca-9e29-9e5f9cd6ed13 for container move.
2023-08-30 06:49:53,552 [main] INFO  balancer.ContainerBalancerTask (ContainerBalancerTask.java:processMoveSelection(569)) - ContainerBalancer is trying to move container #89 with size 4294967296B from source datanode ab38f6a9-785f-4ae3-a396-3e4c6d9a044e to target datanode bf996bf7-f280-49ca-9e29-9e5f9cd6ed13
2023-08-30 06:49:53,552 [main] DEBUG balancer.ContainerBalancerTask (ContainerBalancerTask.java:lambda$moveContainer$3(837)) - Container move completed for container #89 from source ab38f6a9-785f-4ae3-a396-3e4c6d9a044e to target bf996bf7-f280-49ca-9e29-9e5f9cd6ed13
2023-08-30 06:49:53,554 [main] DEBUG balancer.ContainerBalancerTask (ContainerBalancerTask.java:matchSourceWithTarget(708)) - ContainerBalancer is finding suitable target for source datanode ab38f6a9-785f-4ae3-a396-3e4c6d9a044e
2023-08-30 06:49:53,555 [main] INFO  balancer.ContainerBalancerTask (ContainerBalancerTask.java:matchSourceWithTarget(722)) - ContainerBalancer matched source datanode ab38f6a9-785f-4ae3-a396-3e4c6d9a044e with target datanode bf996bf7-f280-49ca-9e29-9e5f9cd6ed13 for container move.
2023-08-30 06:49:53,555 [main] INFO  balancer.ContainerBalancerTask (ContainerBalancerTask.java:processMoveSelection(569)) - ContainerBalancer is trying to move container #87 with size 2147483648B from source datanode ab38f6a9-785f-4ae3-a396-3e4c6d9a044e to target datanode bf996bf7-f280-49ca-9e29-9e5f9cd6ed13
2023-08-30 06:49:53,555 [main] DEBUG balancer.ContainerBalancerTask (ContainerBalancerTask.java:lambda$moveContainer$3(837)) - Container move completed for container #87 from source ab38f6a9-785f-4ae3-a396-3e4c6d9a044e to target bf996bf7-f280-49ca-9e29-9e5f9cd6ed13
2023-08-30 06:49:53,558 [main] DEBUG balancer.ContainerBalancerTask (ContainerBalancerTask.java:matchSourceWithTarget(708)) - ContainerBalancer is finding suitable target for source datanode ab38f6a9-785f-4ae3-a396-3e4c6d9a044e
2023-08-30 06:49:53,558 [main] INFO  balancer.FindTargetGreedyByUsageInfo (AbstractFindTargetGreedy.java:findTargetForContainerMove(133)) - Container Balancer could not find a target for source datanode ab38f6a9-785f-4ae3-a396-3e4c6d9a044e
2023-08-30 06:49:53,558 [main] DEBUG balancer.ContainerBalancerTask (ContainerBalancerTask.java:matchSourceWithTarget(717)) - ContainerBalancer could not find a suitable target for source node ab38f6a9-785f-4ae3-a396-3e4c6d9a044e.
2023-08-30 06:49:53,558 [main] INFO  balancer.FindSourceGreedy (FindSourceGreedy.java:getNextCandidateSourceDataNode(126)) - no more candidate source data node
2023-08-30 06:49:53,559 [main] INFO  balancer.ContainerBalancerTask (ContainerBalancerTask.java:checkIterationMoveResults(642)) - Iteration Summary. Number of Datanodes involved: 2. Size moved: 21 GB (22548578304 Bytes). Number of Container moves completed: 5.
2023-08-30 06:49:53,559 [main] INFO  balancer.ContainerBalancerTask (ContainerBalancerTask.java:balance(259)) - Result of this iteration of Container Balancer: ITERATION_COMPLETED
2023-08-30 06:49:53,560 [main] DEBUG balancer.ContainerBalancerTask (ContainerBalancerTask.java:initializeIteration(374)) - Average utilization of the cluster is 0.33682902082110305
2023-08-30 06:49:53,560 [main] DEBUG balancer.ContainerBalancerTask (ContainerBalancerTask.java:initializeIteration(386)) - Lower limit for utilization is 0.23682902082110305 and Upper limit for utilization is 0.4368290208211031
2023-08-30 06:49:53,560 [main] DEBUG balancer.ContainerBalancerTask (ContainerBalancerTask.java:initializeIteration(398)) - Utilization for node ab38f6a9-785f-4ae3-a396-3e4c6d9a044e with capacity 65617555911B, used 59055800320B, and remaining 6561755591B is 0.900000000001524
2023-08-30 06:49:53,561 [main] DEBUG balancer.ContainerBalancerTask (ContainerBalancerTask.java:initializeIteration(398)) - Utilization for node 5c7c586b-dc4a-4107-a822-00dabee5ad79 with capacity 55029268480B, used 44023414784B, and remaining 11005853696B is 0.8
2023-08-30 06:49:53,561 [main] DEBUG balancer.ContainerBalancerTask (ContainerBalancerTask.java:initializeIteration(398)) - Utilization for node 1a851684-b45b-4c91-af5a-f505865c6ce2 with capacity 67492343222B, used 47244640256B, and remaining 20247702966B is 0.7000000000088898
2023-08-30 06:49:53,561 [main] DEBUG balancer.ContainerBalancerTask (ContainerBalancerTask.java:initializeIteration(398)) - Utilization for node c57fe900-4bcf-49d2-b20d-2c32e06e385a with capacity 102005473280B, used 61203283968B, and remaining 40802189312B is 0.6
2023-08-30 06:49:53,561 [main] DEBUG balancer.ContainerBalancerTask (ContainerBalancerTask.java:initializeIteration(398)) - Utilization for node d206a6a5-3054-4c58-a374-8e2da33efb81 with capacity 62277025792B, used 31138512896B, and remaining 31138512896B is 0.5
2023-08-30 06:49:53,561 [main] DEBUG balancer.ContainerBalancerTask (ContainerBalancerTask.java:initializeIteration(398)) - Utilization for node 3eec90b4-a799-41a2-93a9-17d10a5882c9 with capacity 80530636800B, used 32212254720B, and remaining 48318382080B is 0.4
2023-08-30 06:49:53,561 [main] DEBUG balancer.ContainerBalancerTask (ContainerBalancerTask.java:initializeIteration(398)) - Utilization for node a6e4390b-de55-4143-9374-78300c1d4cbd with capacity 125269879466B, used 37580963840B, and remaining 87688915626B is 0.30000000000159655
2023-08-30 06:49:53,561 [main] DEBUG balancer.ContainerBalancerTask (ContainerBalancerTask.java:initializeIteration(398)) - Utilization for node 06ad6b99-8aa2-49ea-b5e5-621473806416 with capacity 182536110080B, used 36507222016B, and remaining 146028888064B is 0.2
2023-08-30 06:49:53,561 [main] DEBUG balancer.ContainerBalancerTask (ContainerBalancerTask.java:initializeIteration(398)) - Utilization for node 484fbadf-34fa-4d9a-bb2b-7d3f84f1fcc1 with capacity 343597383680B, used 34359738368B, and remaining 309237645312B is 0.1
2023-08-30 06:49:53,561 [main] DEBUG balancer.ContainerBalancerTask (ContainerBalancerTask.java:initializeIteration(398)) - Utilization for node bf996bf7-f280-49ca-9e29-9e5f9cd6ed13 with capacity 53687091200B, used 0B, and remaining 53687091200B is 0.0
2023-08-30 06:49:53,561 [main] INFO  balancer.ContainerBalancerTask (ContainerBalancerTask.java:initializeIteration(447)) - Container Balancer has identified 5 Over-Utilized and 3 Under-Utilized Datanodes that need to be balanced.
2023-08-30 06:49:53,561 [main] DEBUG balancer.ContainerBalancerTask (ContainerBalancerTask.java:lambda$initializeIteration$1(453)) - Datanode localhost-73.228.163.60 ab38f6a9-785f-4ae3-a396-3e4c6d9a044e is Over-Utilized.
2023-08-30 06:49:53,562 [main] DEBUG balancer.ContainerBalancerTask (ContainerBalancerTask.java:lambda$initializeIteration$1(453)) - Datanode localhost-107.195.200.104 5c7c586b-dc4a-4107-a822-00dabee5ad79 is Over-Utilized.
2023-08-30 06:49:53,562 [main] DEBUG balancer.ContainerBalancerTask (ContainerBalancerTask.java:lambda$initializeIteration$1(453)) - Datanode localhost-18.186.21.95 1a851684-b45b-4c91-af5a-f505865c6ce2 is Over-Utilized.
2023-08-30 06:49:53,562 [main] DEBUG balancer.ContainerBalancerTask (ContainerBalancerTask.java:lambda$initializeIteration$1(453)) - Datanode localhost-236.248.183.2 c57fe900-4bcf-49d2-b20d-2c32e06e385a is Over-Utilized.
2023-08-30 06:49:53,562 [main] DEBUG balancer.ContainerBalancerTask (ContainerBalancerTask.java:lambda$initializeIteration$1(453)) - Datanode localhost-225.44.166.81 d206a6a5-3054-4c58-a374-8e2da33efb81 is Over-Utilized.
2023-08-30 06:49:53,562 [main] DEBUG balancer.ContainerBalancerTask (ContainerBalancerTask.java:lambda$initializeIteration$2(459)) - Datanode localhost-189.84.218.235 bf996bf7-f280-49ca-9e29-9e5f9cd6ed13 is Under-Utilized.
2023-08-30 06:49:53,562 [main] DEBUG balancer.ContainerBalancerTask (ContainerBalancerTask.java:lambda$initializeIteration$2(459)) - Datanode localhost-126.151.152.255 484fbadf-34fa-4d9a-bb2b-7d3f84f1fcc1 is Under-Utilized.
2023-08-30 06:49:53,562 [main] DEBUG balancer.ContainerBalancerTask (ContainerBalancerTask.java:lambda$initializeIteration$2(459)) - Datanode localhost-69.121.26.190 06ad6b99-8aa2-49ea-b5e5-621473806416 is Under-Utilized.
2023-08-30 06:49:53,564 [main] DEBUG balancer.ContainerBalancerTask (ContainerBalancerTask.java:matchSourceWithTarget(708)) - ContainerBalancer is finding suitable target for source datanode ab38f6a9-785f-4ae3-a396-3e4c6d9a044e
2023-08-30 06:49:53,565 [main] INFO  balancer.ContainerBalancerTask (ContainerBalancerTask.java:matchSourceWithTarget(722)) - ContainerBalancer matched source datanode ab38f6a9-785f-4ae3-a396-3e4c6d9a044e with target datanode bf996bf7-f280-49ca-9e29-9e5f9cd6ed13 for container move.
2023-08-30 06:49:53,565 [main] INFO  balancer.ContainerBalancerTask (ContainerBalancerTask.java:processMoveSelection(569)) - ContainerBalancer is trying to move container #85 with size 5368709120B from source datanode ab38f6a9-785f-4ae3-a396-3e4c6d9a044e to target datanode bf996bf7-f280-49ca-9e29-9e5f9cd6ed13
2023-08-30 06:49:53,565 [main] DEBUG balancer.ContainerBalancerTask (ContainerBalancerTask.java:lambda$moveContainer$3(837)) - Container move completed for container #85 from source ab38f6a9-785f-4ae3-a396-3e4c6d9a044e to target bf996bf7-f280-49ca-9e29-9e5f9cd6ed13
2023-08-30 06:49:53,565 [main] DEBUG balancer.ContainerBalancerTask (ContainerBalancerTask.java:adaptOnReachingIterationLimits(782)) - Reached max datanodes to involve limit. 2 datanodes have already been selected for balancing and the limit is 2. Only already selected sources and targets can be involved in balancing now.
2023-08-30 06:49:53,567 [main] DEBUG balancer.ContainerBalancerTask (ContainerBalancerTask.java:matchSourceWithTarget(708)) - ContainerBalancer is finding suitable target for source datanode ab38f6a9-785f-4ae3-a396-3e4c6d9a044e
2023-08-30 06:49:53,568 [main] INFO  balancer.ContainerBalancerTask (ContainerBalancerTask.java:matchSourceWithTarget(722)) - ContainerBalancer matched source datanode ab38f6a9-785f-4ae3-a396-3e4c6d9a044e with target datanode bf996bf7-f280-49ca-9e29-9e5f9cd6ed13 for container move.
2023-08-30 06:49:53,568 [main] INFO  balancer.ContainerBalancerTask (ContainerBalancerTask.java:processMoveSelection(569)) - ContainerBalancer is trying to move container #68 with size 5368709120B from source datanode ab38f6a9-785f-4ae3-a396-3e4c6d9a044e to target datanode bf996bf7-f280-49ca-9e29-9e5f9cd6ed13
2023-08-30 06:49:53,568 [main] DEBUG balancer.ContainerBalancerTask (ContainerBalancerTask.java:lambda$moveContainer$3(837)) - Container move completed for container #68 from source ab38f6a9-785f-4ae3-a396-3e4c6d9a044e to target bf996bf7-f280-49ca-9e29-9e5f9cd6ed13
2023-08-30 06:49:53,570 [main] DEBUG balancer.ContainerBalancerTask (ContainerBalancerTask.java:matchSourceWithTarget(708)) - ContainerBalancer is finding suitable target for source datanode ab38f6a9-785f-4ae3-a396-3e4c6d9a044e
2023-08-30 06:49:53,571 [main] INFO  balancer.ContainerBalancerTask (ContainerBalancerTask.java:matchSourceWithTarget(722)) - ContainerBalancer matched source datanode ab38f6a9-785f-4ae3-a396-3e4c6d9a044e with target datanode bf996bf7-f280-49ca-9e29-9e5f9cd6ed13 for container move.
2023-08-30 06:49:53,571 [main] INFO  balancer.ContainerBalancerTask (ContainerBalancerTask.java:processMoveSelection(569)) - ContainerBalancer is trying to move container #53 with size 5368709120B from source datanode ab38f6a9-785f-4ae3-a396-3e4c6d9a044e to target datanode bf996bf7-f280-49ca-9e29-9e5f9cd6ed13
2023-08-30 06:49:53,571 [main] DEBUG balancer.ContainerBalancerTask (ContainerBalancerTask.java:lambda$moveContainer$3(837)) - Container move completed for container #53 from source ab38f6a9-785f-4ae3-a396-3e4c6d9a044e to target bf996bf7-f280-49ca-9e29-9e5f9cd6ed13
2023-08-30 06:49:53,573 [main] DEBUG balancer.ContainerBalancerTask (ContainerBalancerTask.java:matchSourceWithTarget(708)) - ContainerBalancer is finding suitable target for source datanode ab38f6a9-785f-4ae3-a396-3e4c6d9a044e
2023-08-30 06:49:53,573 [main] INFO  balancer.ContainerBalancerTask (ContainerBalancerTask.java:matchSourceWithTarget(722)) - ContainerBalancer matched source datanode ab38f6a9-785f-4ae3-a396-3e4c6d9a044e with target datanode bf996bf7-f280-49ca-9e29-9e5f9cd6ed13 for container move.
2023-08-30 06:49:53,574 [main] INFO  balancer.ContainerBalancerTask (ContainerBalancerTask.java:processMoveSelection(569)) - ContainerBalancer is trying to move container #89 with size 4294967296B from source datanode ab38f6a9-785f-4ae3-a396-3e4c6d9a044e to target datanode bf996bf7-f280-49ca-9e29-9e5f9cd6ed13
2023-08-30 06:49:53,574 [main] DEBUG balancer.ContainerBalancerTask (ContainerBalancerTask.java:lambda$moveContainer$3(837)) - Container move completed for container #89 from source ab38f6a9-785f-4ae3-a396-3e4c6d9a044e to target bf996bf7-f280-49ca-9e29-9e5f9cd6ed13
2023-08-30 06:49:53,576 [main] DEBUG balancer.ContainerBalancerTask (ContainerBalancerTask.java:matchSourceWithTarget(708)) - ContainerBalancer is finding suitable target for source datanode ab38f6a9-785f-4ae3-a396-3e4c6d9a044e
2023-08-30 06:49:53,577 [main] INFO  balancer.ContainerBalancerTask (ContainerBalancerTask.java:matchSourceWithTarget(722)) - ContainerBalancer matched source datanode ab38f6a9-785f-4ae3-a396-3e4c6d9a044e with target datanode bf996bf7-f280-49ca-9e29-9e5f9cd6ed13 for container move.
2023-08-30 06:49:53,577 [main] INFO  balancer.ContainerBalancerTask (ContainerBalancerTask.java:processMoveSelection(569)) - ContainerBalancer is trying to move container #87 with size 2147483648B from source datanode ab38f6a9-785f-4ae3-a396-3e4c6d9a044e to target datanode bf996bf7-f280-49ca-9e29-9e5f9cd6ed13
2023-08-30 06:49:53,577 [main] DEBUG balancer.ContainerBalancerTask (ContainerBalancerTask.java:lambda$moveContainer$3(837)) - Container move completed for container #87 from source ab38f6a9-785f-4ae3-a396-3e4c6d9a044e to target bf996bf7-f280-49ca-9e29-9e5f9cd6ed13
2023-08-30 06:49:53,579 [main] DEBUG balancer.ContainerBalancerTask (ContainerBalancerTask.java:matchSourceWithTarget(708)) - ContainerBalancer is finding suitable target for source datanode ab38f6a9-785f-4ae3-a396-3e4c6d9a044e
2023-08-30 06:49:53,580 [main] INFO  balancer.FindTargetGreedyByUsageInfo (AbstractFindTargetGreedy.java:findTargetForContainerMove(133)) - Container Balancer could not find a target for source datanode ab38f6a9-785f-4ae3-a396-3e4c6d9a044e
2023-08-30 06:49:53,580 [main] DEBUG balancer.ContainerBalancerTask (ContainerBalancerTask.java:matchSourceWithTarget(717)) - ContainerBalancer could not find a suitable target for source node ab38f6a9-785f-4ae3-a396-3e4c6d9a044e.
2023-08-30 06:49:53,580 [main] INFO  balancer.FindSourceGreedy (FindSourceGreedy.java:getNextCandidateSourceDataNode(126)) - no more candidate source data node
2023-08-30 06:49:53,580 [main] INFO  balancer.ContainerBalancerTask (ContainerBalancerTask.java:checkIterationMoveResults(642)) - Iteration Summary. Number of Datanodes involved: 2. Size moved: 21 GB (22548578304 Bytes). Number of Container moves completed: 5.
2023-08-30 06:49:53,580 [main] INFO  balancer.ContainerBalancerTask (ContainerBalancerTask.java:balance(259)) - Result of this iteration of Container Balancer: ITERATION_COMPLETED
2023-08-30 06:49:53,582 [main] DEBUG balancer.ContainerBalancerTask (ContainerBalancerTask.java:initializeIteration(374)) - Average utilization of the cluster is 0.33682902082110305
2023-08-30 06:49:53,582 [main] DEBUG balancer.ContainerBalancerTask (ContainerBalancerTask.java:initializeIteration(386)) - Lower limit for utilization is 0.23682902082110305 and Upper limit for utilization is 0.4368290208211031
2023-08-30 06:49:53,582 [main] DEBUG balancer.ContainerBalancerTask (ContainerBalancerTask.java:initializeIteration(398)) - Utilization for node ab38f6a9-785f-4ae3-a396-3e4c6d9a044e with capacity 65617555911B, used 59055800320B, and remaining 6561755591B is 0.900000000001524
2023-08-30 06:49:53,582 [main] DEBUG balancer.ContainerBalancerTask (ContainerBalancerTask.java:initializeIteration(398)) - Utilization for node 5c7c586b-dc4a-4107-a822-00dabee5ad79 with capacity 55029268480B, used 44023414784B, and remaining 11005853696B is 0.8
2023-08-30 06:49:53,582 [main] DEBUG balancer.ContainerBalancerTask (ContainerBalancerTask.java:initializeIteration(398)) - Utilization for node 1a851684-b45b-4c91-af5a-f505865c6ce2 with capacity 67492343222B, used 47244640256B, and remaining 20247702966B is 0.7000000000088898
2023-08-30 06:49:53,582 [main] DEBUG balancer.ContainerBalancerTask (ContainerBalancerTask.java:initializeIteration(398)) - Utilization for node c57fe900-4bcf-49d2-b20d-2c32e06e385a with capacity 102005473280B, used 61203283968B, and remaining 40802189312B is 0.6
2023-08-30 06:49:53,583 [main] DEBUG balancer.ContainerBalancerTask (ContainerBalancerTask.java:initializeIteration(398)) - Utilization for node d206a6a5-3054-4c58-a374-8e2da33efb81 with capacity 62277025792B, used 31138512896B, and remaining 31138512896B is 0.5
2023-08-30 06:49:53,583 [main] DEBUG balancer.ContainerBalancerTask (ContainerBalancerTask.java:initializeIteration(398)) - Utilization for node 3eec90b4-a799-41a2-93a9-17d10a5882c9 with capacity 80530636800B, used 32212254720B, and remaining 48318382080B is 0.4
2023-08-30 06:49:53,583 [main] DEBUG balancer.ContainerBalancerTask (ContainerBalancerTask.java:initializeIteration(398)) - Utilization for node a6e4390b-de55-4143-9374-78300c1d4cbd with capacity 125269879466B, used 37580963840B, and remaining 87688915626B is 0.30000000000159655
2023-08-30 06:49:53,583 [main] DEBUG balancer.ContainerBalancerTask (ContainerBalancerTask.java:initializeIteration(398)) - Utilization for node 06ad6b99-8aa2-49ea-b5e5-621473806416 with capacity 182536110080B, used 36507222016B, and remaining 146028888064B is 0.2
2023-08-30 06:49:53,583 [main] DEBUG balancer.ContainerBalancerTask (ContainerBalancerTask.java:initializeIteration(398)) - Utilization for node 484fbadf-34fa-4d9a-bb2b-7d3f84f1fcc1 with capacity 343597383680B, used 34359738368B, and remaining 309237645312B is 0.1
2023-08-30 06:49:53,583 [main] DEBUG balancer.ContainerBalancerTask (ContainerBalancerTask.java:initializeIteration(398)) - Utilization for node bf996bf7-f280-49ca-9e29-9e5f9cd6ed13 with capacity 53687091200B, used 0B, and remaining 53687091200B is 0.0
2023-08-30 06:49:53,583 [main] INFO  balancer.ContainerBalancerTask (ContainerBalancerTask.java:initializeIteration(447)) - Container Balancer has identified 5 Over-Utilized and 3 Under-Utilized Datanodes that need to be balanced.
2023-08-30 06:49:53,583 [main] DEBUG balancer.ContainerBalancerTask (ContainerBalancerTask.java:lambda$initializeIteration$1(453)) - Datanode localhost-73.228.163.60 ab38f6a9-785f-4ae3-a396-3e4c6d9a044e is Over-Utilized.
2023-08-30 06:49:53,583 [main] DEBUG balancer.ContainerBalancerTask (ContainerBalancerTask.java:lambda$initializeIteration$1(453)) - Datanode localhost-107.195.200.104 5c7c586b-dc4a-4107-a822-00dabee5ad79 is Over-Utilized.
2023-08-30 06:49:53,583 [main] DEBUG balancer.ContainerBalancerTask (ContainerBalancerTask.java:lambda$initializeIteration$1(453)) - Datanode localhost-18.186.21.95 1a851684-b45b-4c91-af5a-f505865c6ce2 is Over-Utilized.
2023-08-30 06:49:53,583 [main] DEBUG balancer.ContainerBalancerTask (ContainerBalancerTask.java:lambda$initializeIteration$1(453)) - Datanode localhost-236.248.183.2 c57fe900-4bcf-49d2-b20d-2c32e06e385a is Over-Utilized.
2023-08-30 06:49:53,583 [main] DEBUG balancer.ContainerBalancerTask (ContainerBalancerTask.java:lambda$initializeIteration$1(453)) - Datanode localhost-225.44.166.81 d206a6a5-3054-4c58-a374-8e2da33efb81 is Over-Utilized.
2023-08-30 06:49:53,584 [main] DEBUG balancer.ContainerBalancerTask (ContainerBalancerTask.java:lambda$initializeIteration$2(459)) - Datanode localhost-189.84.218.235 bf996bf7-f280-49ca-9e29-9e5f9cd6ed13 is Under-Utilized.
2023-08-30 06:49:53,584 [main] DEBUG balancer.ContainerBalancerTask (ContainerBalancerTask.java:lambda$initializeIteration$2(459)) - Datanode localhost-126.151.152.255 484fbadf-34fa-4d9a-bb2b-7d3f84f1fcc1 is Under-Utilized.
2023-08-30 06:49:53,584 [main] DEBUG balancer.ContainerBalancerTask (ContainerBalancerTask.java:lambda$initializeIteration$2(459)) - Datanode localhost-69.121.26.190 06ad6b99-8aa2-49ea-b5e5-621473806416 is Under-Utilized.
2023-08-30 06:49:53,586 [main] DEBUG balancer.ContainerBalancerTask (ContainerBalancerTask.java:matchSourceWithTarget(708)) - ContainerBalancer is finding suitable target for source datanode ab38f6a9-785f-4ae3-a396-3e4c6d9a044e
2023-08-30 06:49:53,586 [main] INFO  balancer.ContainerBalancerTask (ContainerBalancerTask.java:matchSourceWithTarget(722)) - ContainerBalancer matched source datanode ab38f6a9-785f-4ae3-a396-3e4c6d9a044e with target datanode bf996bf7-f280-49ca-9e29-9e5f9cd6ed13 for container move.
2023-08-30 06:49:53,586 [main] INFO  balancer.ContainerBalancerTask (ContainerBalancerTask.java:processMoveSelection(569)) - ContainerBalancer is trying to move container #85 with size 5368709120B from source datanode ab38f6a9-785f-4ae3-a396-3e4c6d9a044e to target datanode bf996bf7-f280-49ca-9e29-9e5f9cd6ed13
2023-08-30 06:49:53,587 [main] DEBUG balancer.ContainerBalancerTask (ContainerBalancerTask.java:lambda$moveContainer$3(837)) - Container move completed for container #85 from source ab38f6a9-785f-4ae3-a396-3e4c6d9a044e to target bf996bf7-f280-49ca-9e29-9e5f9cd6ed13
2023-08-30 06:49:53,587 [main] DEBUG balancer.ContainerBalancerTask (ContainerBalancerTask.java:adaptOnReachingIterationLimits(782)) - Reached max datanodes to involve limit. 2 datanodes have already been selected for balancing and the limit is 2. Only already selected sources and targets can be involved in balancing now.
2023-08-30 06:49:53,589 [main] DEBUG balancer.ContainerBalancerTask (ContainerBalancerTask.java:matchSourceWithTarget(708)) - ContainerBalancer is finding suitable target for source datanode ab38f6a9-785f-4ae3-a396-3e4c6d9a044e
2023-08-30 06:49:53,589 [main] INFO  balancer.ContainerBalancerTask (ContainerBalancerTask.java:matchSourceWithTarget(722)) - ContainerBalancer matched source datanode ab38f6a9-785f-4ae3-a396-3e4c6d9a044e with target datanode bf996bf7-f280-49ca-9e29-9e5f9cd6ed13 for container move.
2023-08-30 06:49:53,589 [main] INFO  balancer.ContainerBalancerTask (ContainerBalancerTask.java:processMoveSelection(569)) - ContainerBalancer is trying to move container #68 with size 5368709120B from source datanode ab38f6a9-785f-4ae3-a396-3e4c6d9a044e to target datanode bf996bf7-f280-49ca-9e29-9e5f9cd6ed13
2023-08-30 06:49:53,590 [main] DEBUG balancer.ContainerBalancerTask (ContainerBalancerTask.java:lambda$moveContainer$3(837)) - Container move completed for container #68 from source ab38f6a9-785f-4ae3-a396-3e4c6d9a044e to target bf996bf7-f280-49ca-9e29-9e5f9cd6ed13
2023-08-30 06:49:53,592 [main] DEBUG balancer.ContainerBalancerTask (ContainerBalancerTask.java:matchSourceWithTarget(708)) - ContainerBalancer is finding suitable target for source datanode ab38f6a9-785f-4ae3-a396-3e4c6d9a044e
2023-08-30 06:49:53,592 [main] INFO  balancer.ContainerBalancerTask (ContainerBalancerTask.java:matchSourceWithTarget(722)) - ContainerBalancer matched source datanode ab38f6a9-785f-4ae3-a396-3e4c6d9a044e with target datanode bf996bf7-f280-49ca-9e29-9e5f9cd6ed13 for container move.
2023-08-30 06:49:53,592 [main] INFO  balancer.ContainerBalancerTask (ContainerBalancerTask.java:processMoveSelection(569)) - ContainerBalancer is trying to move container #53 with size 5368709120B from source datanode ab38f6a9-785f-4ae3-a396-3e4c6d9a044e to target datanode bf996bf7-f280-49ca-9e29-9e5f9cd6ed13
2023-08-30 06:49:53,592 [main] DEBUG balancer.ContainerBalancerTask (ContainerBalancerTask.java:lambda$moveContainer$3(837)) - Container move completed for container #53 from source ab38f6a9-785f-4ae3-a396-3e4c6d9a044e to target bf996bf7-f280-49ca-9e29-9e5f9cd6ed13
2023-08-30 06:49:53,595 [main] DEBUG balancer.ContainerBalancerTask (ContainerBalancerTask.java:matchSourceWithTarget(708)) - ContainerBalancer is finding suitable target for source datanode ab38f6a9-785f-4ae3-a396-3e4c6d9a044e
2023-08-30 06:49:53,595 [main] INFO  balancer.ContainerBalancerTask (ContainerBalancerTask.java:matchSourceWithTarget(722)) - ContainerBalancer matched source datanode ab38f6a9-785f-4ae3-a396-3e4c6d9a044e with target datanode bf996bf7-f280-49ca-9e29-9e5f9cd6ed13 for container move.
2023-08-30 06:49:53,595 [main] INFO  balancer.ContainerBalancerTask (ContainerBalancerTask.java:processMoveSelection(569)) - ContainerBalancer is trying to move container #89 with size 4294967296B from source datanode ab38f6a9-785f-4ae3-a396-3e4c6d9a044e to target datanode bf996bf7-f280-49ca-9e29-9e5f9cd6ed13
2023-08-30 06:49:53,595 [main] DEBUG balancer.ContainerBalancerTask (ContainerBalancerTask.java:lambda$moveContainer$3(837)) - Container move completed for container #89 from source ab38f6a9-785f-4ae3-a396-3e4c6d9a044e to target bf996bf7-f280-49ca-9e29-9e5f9cd6ed13
2023-08-30 06:49:53,598 [main] DEBUG balancer.ContainerBalancerTask (ContainerBalancerTask.java:matchSourceWithTarget(708)) - ContainerBalancer is finding suitable target for source datanode ab38f6a9-785f-4ae3-a396-3e4c6d9a044e
2023-08-30 06:49:53,598 [main] INFO  balancer.ContainerBalancerTask (ContainerBalancerTask.java:matchSourceWithTarget(722)) - ContainerBalancer matched source datanode ab38f6a9-785f-4ae3-a396-3e4c6d9a044e with target datanode bf996bf7-f280-49ca-9e29-9e5f9cd6ed13 for container move.
2023-08-30 06:49:53,598 [main] INFO  balancer.ContainerBalancerTask (ContainerBalancerTask.java:processMoveSelection(569)) - ContainerBalancer is trying to move container #87 with size 2147483648B from source datanode ab38f6a9-785f-4ae3-a396-3e4c6d9a044e to target datanode bf996bf7-f280-49ca-9e29-9e5f9cd6ed13
2023-08-30 06:49:53,599 [main] DEBUG balancer.ContainerBalancerTask (ContainerBalancerTask.java:lambda$moveContainer$3(837)) - Container move completed for container #87 from source ab38f6a9-785f-4ae3-a396-3e4c6d9a044e to target bf996bf7-f280-49ca-9e29-9e5f9cd6ed13
2023-08-30 06:49:53,601 [main] DEBUG balancer.ContainerBalancerTask (ContainerBalancerTask.java:matchSourceWithTarget(708)) - ContainerBalancer is finding suitable target for source datanode ab38f6a9-785f-4ae3-a396-3e4c6d9a044e
2023-08-30 06:49:53,602 [main] INFO  balancer.FindTargetGreedyByUsageInfo (AbstractFindTargetGreedy.java:findTargetForContainerMove(133)) - Container Balancer could not find a target for source datanode ab38f6a9-785f-4ae3-a396-3e4c6d9a044e
2023-08-30 06:49:53,602 [main] DEBUG balancer.ContainerBalancerTask (ContainerBalancerTask.java:matchSourceWithTarget(717)) - ContainerBalancer could not find a suitable target for source node ab38f6a9-785f-4ae3-a396-3e4c6d9a044e.
2023-08-30 06:49:53,602 [main] INFO  balancer.FindSourceGreedy (FindSourceGreedy.java:getNextCandidateSourceDataNode(126)) - no more candidate source data node
2023-08-30 06:49:53,602 [main] INFO  balancer.ContainerBalancerTask (ContainerBalancerTask.java:checkIterationMoveResults(642)) - Iteration Summary. Number of Datanodes involved: 2. Size moved: 21 GB (22548578304 Bytes). Number of Container moves completed: 5.
2023-08-30 06:49:53,602 [main] INFO  balancer.ContainerBalancerTask (ContainerBalancerTask.java:balance(259)) - Result of this iteration of Container Balancer: ITERATION_COMPLETED
2023-08-30 06:49:53,604 [main] DEBUG balancer.ContainerBalancerTask (ContainerBalancerTask.java:initializeIteration(374)) - Average utilization of the cluster is 0.33682902082110305
2023-08-30 06:49:53,604 [main] DEBUG balancer.ContainerBalancerTask (ContainerBalancerTask.java:initializeIteration(386)) - Lower limit for utilization is 0.23682902082110305 and Upper limit for utilization is 0.4368290208211031
2023-08-30 06:49:53,604 [main] DEBUG balancer.ContainerBalancerTask (ContainerBalancerTask.java:initializeIteration(398)) - Utilization for node ab38f6a9-785f-4ae3-a396-3e4c6d9a044e with capacity 65617555911B, used 59055800320B, and remaining 6561755591B is 0.900000000001524
2023-08-30 06:49:53,604 [main] DEBUG balancer.ContainerBalancerTask (ContainerBalancerTask.java:initializeIteration(398)) - Utilization for node 5c7c586b-dc4a-4107-a822-00dabee5ad79 with capacity 55029268480B, used 44023414784B, and remaining 11005853696B is 0.8
2023-08-30 06:49:53,604 [main] DEBUG balancer.ContainerBalancerTask (ContainerBalancerTask.java:initializeIteration(398)) - Utilization for node 1a851684-b45b-4c91-af5a-f505865c6ce2 with capacity 67492343222B, used 47244640256B, and remaining 20247702966B is 0.7000000000088898
2023-08-30 06:49:53,604 [main] DEBUG balancer.ContainerBalancerTask (ContainerBalancerTask.java:initializeIteration(398)) - Utilization for node c57fe900-4bcf-49d2-b20d-2c32e06e385a with capacity 102005473280B, used 61203283968B, and remaining 40802189312B is 0.6
2023-08-30 06:49:53,604 [main] DEBUG balancer.ContainerBalancerTask (ContainerBalancerTask.java:initializeIteration(398)) - Utilization for node d206a6a5-3054-4c58-a374-8e2da33efb81 with capacity 62277025792B, used 31138512896B, and remaining 31138512896B is 0.5
2023-08-30 06:49:53,604 [main] DEBUG balancer.ContainerBalancerTask (ContainerBalancerTask.java:initializeIteration(398)) - Utilization for node 3eec90b4-a799-41a2-93a9-17d10a5882c9 with capacity 80530636800B, used 32212254720B, and remaining 48318382080B is 0.4
2023-08-30 06:49:53,604 [main] DEBUG balancer.ContainerBalancerTask (ContainerBalancerTask.java:initializeIteration(398)) - Utilization for node a6e4390b-de55-4143-9374-78300c1d4cbd with capacity 125269879466B, used 37580963840B, and remaining 87688915626B is 0.30000000000159655
2023-08-30 06:49:53,604 [main] DEBUG balancer.ContainerBalancerTask (ContainerBalancerTask.java:initializeIteration(398)) - Utilization for node 06ad6b99-8aa2-49ea-b5e5-621473806416 with capacity 182536110080B, used 36507222016B, and remaining 146028888064B is 0.2
2023-08-30 06:49:53,605 [main] DEBUG balancer.ContainerBalancerTask (ContainerBalancerTask.java:initializeIteration(398)) - Utilization for node 484fbadf-34fa-4d9a-bb2b-7d3f84f1fcc1 with capacity 343597383680B, used 34359738368B, and remaining 309237645312B is 0.1
2023-08-30 06:49:53,605 [main] DEBUG balancer.ContainerBalancerTask (ContainerBalancerTask.java:initializeIteration(398)) - Utilization for node bf996bf7-f280-49ca-9e29-9e5f9cd6ed13 with capacity 53687091200B, used 0B, and remaining 53687091200B is 0.0
2023-08-30 06:49:53,605 [main] INFO  balancer.ContainerBalancerTask (ContainerBalancerTask.java:initializeIteration(447)) - Container Balancer has identified 5 Over-Utilized and 3 Under-Utilized Datanodes that need to be balanced.
2023-08-30 06:49:53,605 [main] DEBUG balancer.ContainerBalancerTask (ContainerBalancerTask.java:lambda$initializeIteration$1(453)) - Datanode localhost-73.228.163.60 ab38f6a9-785f-4ae3-a396-3e4c6d9a044e is Over-Utilized.
2023-08-30 06:49:53,605 [main] DEBUG balancer.ContainerBalancerTask (ContainerBalancerTask.java:lambda$initializeIteration$1(453)) - Datanode localhost-107.195.200.104 5c7c586b-dc4a-4107-a822-00dabee5ad79 is Over-Utilized.
2023-08-30 06:49:53,605 [main] DEBUG balancer.ContainerBalancerTask (ContainerBalancerTask.java:lambda$initializeIteration$1(453)) - Datanode localhost-18.186.21.95 1a851684-b45b-4c91-af5a-f505865c6ce2 is Over-Utilized.
2023-08-30 06:49:53,605 [main] DEBUG balancer.ContainerBalancerTask (ContainerBalancerTask.java:lambda$initializeIteration$1(453)) - Datanode localhost-236.248.183.2 c57fe900-4bcf-49d2-b20d-2c32e06e385a is Over-Utilized.
2023-08-30 06:49:53,605 [main] DEBUG balancer.ContainerBalancerTask (ContainerBalancerTask.java:lambda$initializeIteration$1(453)) - Datanode localhost-225.44.166.81 d206a6a5-3054-4c58-a374-8e2da33efb81 is Over-Utilized.
2023-08-30 06:49:53,605 [main] DEBUG balancer.ContainerBalancerTask (ContainerBalancerTask.java:lambda$initializeIteration$2(459)) - Datanode localhost-189.84.218.235 bf996bf7-f280-49ca-9e29-9e5f9cd6ed13 is Under-Utilized.
2023-08-30 06:49:53,605 [main] DEBUG balancer.ContainerBalancerTask (ContainerBalancerTask.java:lambda$initializeIteration$2(459)) - Datanode localhost-126.151.152.255 484fbadf-34fa-4d9a-bb2b-7d3f84f1fcc1 is Under-Utilized.
2023-08-30 06:49:53,605 [main] DEBUG balancer.ContainerBalancerTask (ContainerBalancerTask.java:lambda$initializeIteration$2(459)) - Datanode localhost-69.121.26.190 06ad6b99-8aa2-49ea-b5e5-621473806416 is Under-Utilized.
2023-08-30 06:49:53,608 [main] DEBUG balancer.ContainerBalancerTask (ContainerBalancerTask.java:matchSourceWithTarget(708)) - ContainerBalancer is finding suitable target for source datanode ab38f6a9-785f-4ae3-a396-3e4c6d9a044e
2023-08-30 06:49:53,608 [main] INFO  balancer.ContainerBalancerTask (ContainerBalancerTask.java:matchSourceWithTarget(722)) - ContainerBalancer matched source datanode ab38f6a9-785f-4ae3-a396-3e4c6d9a044e with target datanode bf996bf7-f280-49ca-9e29-9e5f9cd6ed13 for container move.
2023-08-30 06:49:53,608 [main] INFO  balancer.ContainerBalancerTask (ContainerBalancerTask.java:processMoveSelection(569)) - ContainerBalancer is trying to move container #85 with size 5368709120B from source datanode ab38f6a9-785f-4ae3-a396-3e4c6d9a044e to target datanode bf996bf7-f280-49ca-9e29-9e5f9cd6ed13
2023-08-30 06:49:53,608 [main] DEBUG balancer.ContainerBalancerTask (ContainerBalancerTask.java:lambda$moveContainer$3(837)) - Container move completed for container #85 from source ab38f6a9-785f-4ae3-a396-3e4c6d9a044e to target bf996bf7-f280-49ca-9e29-9e5f9cd6ed13
2023-08-30 06:49:53,608 [main] DEBUG balancer.ContainerBalancerTask (ContainerBalancerTask.java:adaptOnReachingIterationLimits(782)) - Reached max datanodes to involve limit. 2 datanodes have already been selected for balancing and the limit is 2. Only already selected sources and targets can be involved in balancing now.
2023-08-30 06:49:53,611 [main] DEBUG balancer.ContainerBalancerTask (ContainerBalancerTask.java:matchSourceWithTarget(708)) - ContainerBalancer is finding suitable target for source datanode ab38f6a9-785f-4ae3-a396-3e4c6d9a044e
2023-08-30 06:49:53,611 [main] INFO  balancer.ContainerBalancerTask (ContainerBalancerTask.java:matchSourceWithTarget(722)) - ContainerBalancer matched source datanode ab38f6a9-785f-4ae3-a396-3e4c6d9a044e with target datanode bf996bf7-f280-49ca-9e29-9e5f9cd6ed13 for container move.
2023-08-30 06:49:53,611 [main] INFO  balancer.ContainerBalancerTask (ContainerBalancerTask.java:processMoveSelection(569)) - ContainerBalancer is trying to move container #68 with size 5368709120B from source datanode ab38f6a9-785f-4ae3-a396-3e4c6d9a044e to target datanode bf996bf7-f280-49ca-9e29-9e5f9cd6ed13
2023-08-30 06:49:53,611 [main] DEBUG balancer.ContainerBalancerTask (ContainerBalancerTask.java:lambda$moveContainer$3(837)) - Container move completed for container #68 from source ab38f6a9-785f-4ae3-a396-3e4c6d9a044e to target bf996bf7-f280-49ca-9e29-9e5f9cd6ed13
2023-08-30 06:49:53,614 [main] DEBUG balancer.ContainerBalancerTask (ContainerBalancerTask.java:matchSourceWithTarget(708)) - ContainerBalancer is finding suitable target for source datanode ab38f6a9-785f-4ae3-a396-3e4c6d9a044e
2023-08-30 06:49:53,614 [main] INFO  balancer.ContainerBalancerTask (ContainerBalancerTask.java:matchSourceWithTarget(722)) - ContainerBalancer matched source datanode ab38f6a9-785f-4ae3-a396-3e4c6d9a044e with target datanode bf996bf7-f280-49ca-9e29-9e5f9cd6ed13 for container move.
2023-08-30 06:49:53,614 [main] INFO  balancer.ContainerBalancerTask (ContainerBalancerTask.java:processMoveSelection(569)) - ContainerBalancer is trying to move container #53 with size 5368709120B from source datanode ab38f6a9-785f-4ae3-a396-3e4c6d9a044e to target datanode bf996bf7-f280-49ca-9e29-9e5f9cd6ed13
2023-08-30 06:49:53,614 [main] DEBUG balancer.ContainerBalancerTask (ContainerBalancerTask.java:lambda$moveContainer$3(837)) - Container move completed for container #53 from source ab38f6a9-785f-4ae3-a396-3e4c6d9a044e to target bf996bf7-f280-49ca-9e29-9e5f9cd6ed13
2023-08-30 06:49:53,617 [main] DEBUG balancer.ContainerBalancerTask (ContainerBalancerTask.java:matchSourceWithTarget(708)) - ContainerBalancer is finding suitable target for source datanode ab38f6a9-785f-4ae3-a396-3e4c6d9a044e
2023-08-30 06:49:53,617 [main] INFO  balancer.ContainerBalancerTask (ContainerBalancerTask.java:matchSourceWithTarget(722)) - ContainerBalancer matched source datanode ab38f6a9-785f-4ae3-a396-3e4c6d9a044e with target datanode bf996bf7-f280-49ca-9e29-9e5f9cd6ed13 for container move.
2023-08-30 06:49:53,617 [main] INFO  balancer.ContainerBalancerTask (ContainerBalancerTask.java:processMoveSelection(569)) - ContainerBalancer is trying to move container #89 with size 4294967296B from source datanode ab38f6a9-785f-4ae3-a396-3e4c6d9a044e to target datanode bf996bf7-f280-49ca-9e29-9e5f9cd6ed13
2023-08-30 06:49:53,617 [main] DEBUG balancer.ContainerBalancerTask (ContainerBalancerTask.java:lambda$moveContainer$3(837)) - Container move completed for container #89 from source ab38f6a9-785f-4ae3-a396-3e4c6d9a044e to target bf996bf7-f280-49ca-9e29-9e5f9cd6ed13
2023-08-30 06:49:53,620 [main] DEBUG balancer.ContainerBalancerTask (ContainerBalancerTask.java:matchSourceWithTarget(708)) - ContainerBalancer is finding suitable target for source datanode ab38f6a9-785f-4ae3-a396-3e4c6d9a044e
2023-08-30 06:49:53,620 [main] INFO  balancer.ContainerBalancerTask (ContainerBalancerTask.java:matchSourceWithTarget(722)) - ContainerBalancer matched source datanode ab38f6a9-785f-4ae3-a396-3e4c6d9a044e with target datanode bf996bf7-f280-49ca-9e29-9e5f9cd6ed13 for container move.
2023-08-30 06:49:53,620 [main] INFO  balancer.ContainerBalancerTask (ContainerBalancerTask.java:processMoveSelection(569)) - ContainerBalancer is trying to move container #87 with size 2147483648B from source datanode ab38f6a9-785f-4ae3-a396-3e4c6d9a044e to target datanode bf996bf7-f280-49ca-9e29-9e5f9cd6ed13
2023-08-30 06:49:53,620 [main] DEBUG balancer.ContainerBalancerTask (ContainerBalancerTask.java:lambda$moveContainer$3(837)) - Container move completed for container #87 from source ab38f6a9-785f-4ae3-a396-3e4c6d9a044e to target bf996bf7-f280-49ca-9e29-9e5f9cd6ed13
2023-08-30 06:49:53,623 [main] DEBUG balancer.ContainerBalancerTask (ContainerBalancerTask.java:matchSourceWithTarget(708)) - ContainerBalancer is finding suitable target for source datanode ab38f6a9-785f-4ae3-a396-3e4c6d9a044e
2023-08-30 06:49:53,623 [main] INFO  balancer.FindTargetGreedyByUsageInfo (AbstractFindTargetGreedy.java:findTargetForContainerMove(133)) - Container Balancer could not find a target for source datanode ab38f6a9-785f-4ae3-a396-3e4c6d9a044e
2023-08-30 06:49:53,625 [main] DEBUG balancer.ContainerBalancerTask (ContainerBalancerTask.java:matchSourceWithTarget(717)) - ContainerBalancer could not find a suitable target for source node ab38f6a9-785f-4ae3-a396-3e4c6d9a044e.
2023-08-30 06:49:53,625 [main] INFO  balancer.FindSourceGreedy (FindSourceGreedy.java:getNextCandidateSourceDataNode(126)) - no more candidate source data node
2023-08-30 06:49:53,626 [main] INFO  balancer.ContainerBalancerTask (ContainerBalancerTask.java:checkIterationMoveResults(642)) - Iteration Summary. Number of Datanodes involved: 2. Size moved: 21 GB (22548578304 Bytes). Number of Container moves completed: 5.
2023-08-30 06:49:53,626 [main] INFO  balancer.ContainerBalancerTask (ContainerBalancerTask.java:balance(259)) - Result of this iteration of Container Balancer: ITERATION_COMPLETED
2023-08-30 06:49:53,627 [main] DEBUG balancer.ContainerBalancerTask (ContainerBalancerTask.java:initializeIteration(374)) - Average utilization of the cluster is 0.33682902082110305
2023-08-30 06:49:53,627 [main] DEBUG balancer.ContainerBalancerTask (ContainerBalancerTask.java:initializeIteration(386)) - Lower limit for utilization is 0.23682902082110305 and Upper limit for utilization is 0.4368290208211031
2023-08-30 06:49:53,627 [main] DEBUG balancer.ContainerBalancerTask (ContainerBalancerTask.java:initializeIteration(398)) - Utilization for node ab38f6a9-785f-4ae3-a396-3e4c6d9a044e with capacity 65617555911B, used 59055800320B, and remaining 6561755591B is 0.900000000001524
2023-08-30 06:49:53,628 [main] DEBUG balancer.ContainerBalancerTask (ContainerBalancerTask.java:initializeIteration(398)) - Utilization for node 5c7c586b-dc4a-4107-a822-00dabee5ad79 with capacity 55029268480B, used 44023414784B, and remaining 11005853696B is 0.8
2023-08-30 06:49:53,628 [main] DEBUG balancer.ContainerBalancerTask (ContainerBalancerTask.java:initializeIteration(398)) - Utilization for node 1a851684-b45b-4c91-af5a-f505865c6ce2 with capacity 67492343222B, used 47244640256B, and remaining 20247702966B is 0.7000000000088898
2023-08-30 06:49:53,628 [main] DEBUG balancer.ContainerBalancerTask (ContainerBalancerTask.java:initializeIteration(398)) - Utilization for node c57fe900-4bcf-49d2-b20d-2c32e06e385a with capacity 102005473280B, used 61203283968B, and remaining 40802189312B is 0.6
2023-08-30 06:49:53,628 [main] DEBUG balancer.ContainerBalancerTask (ContainerBalancerTask.java:initializeIteration(398)) - Utilization for node d206a6a5-3054-4c58-a374-8e2da33efb81 with capacity 62277025792B, used 31138512896B, and remaining 31138512896B is 0.5
2023-08-30 06:49:53,628 [main] DEBUG balancer.ContainerBalancerTask (ContainerBalancerTask.java:initializeIteration(398)) - Utilization for node 3eec90b4-a799-41a2-93a9-17d10a5882c9 with capacity 80530636800B, used 32212254720B, and remaining 48318382080B is 0.4
2023-08-30 06:49:53,628 [main] DEBUG balancer.ContainerBalancerTask (ContainerBalancerTask.java:initializeIteration(398)) - Utilization for node a6e4390b-de55-4143-9374-78300c1d4cbd with capacity 125269879466B, used 37580963840B, and remaining 87688915626B is 0.30000000000159655
2023-08-30 06:49:53,628 [main] DEBUG balancer.ContainerBalancerTask (ContainerBalancerTask.java:initializeIteration(398)) - Utilization for node 06ad6b99-8aa2-49ea-b5e5-621473806416 with capacity 182536110080B, used 36507222016B, and remaining 146028888064B is 0.2
2023-08-30 06:49:53,628 [main] DEBUG balancer.ContainerBalancerTask (ContainerBalancerTask.java:initializeIteration(398)) - Utilization for node 484fbadf-34fa-4d9a-bb2b-7d3f84f1fcc1 with capacity 343597383680B, used 34359738368B, and remaining 309237645312B is 0.1
2023-08-30 06:49:53,628 [main] DEBUG balancer.ContainerBalancerTask (ContainerBalancerTask.java:initializeIteration(398)) - Utilization for node bf996bf7-f280-49ca-9e29-9e5f9cd6ed13 with capacity 53687091200B, used 0B, and remaining 53687091200B is 0.0
2023-08-30 06:49:53,628 [main] INFO  balancer.ContainerBalancerTask (ContainerBalancerTask.java:initializeIteration(447)) - Container Balancer has identified 5 Over-Utilized and 3 Under-Utilized Datanodes that need to be balanced.
2023-08-30 06:49:53,628 [main] DEBUG balancer.ContainerBalancerTask (ContainerBalancerTask.java:lambda$initializeIteration$1(453)) - Datanode localhost-73.228.163.60 ab38f6a9-785f-4ae3-a396-3e4c6d9a044e is Over-Utilized.
2023-08-30 06:49:53,629 [main] DEBUG balancer.ContainerBalancerTask (ContainerBalancerTask.java:lambda$initializeIteration$1(453)) - Datanode localhost-107.195.200.104 5c7c586b-dc4a-4107-a822-00dabee5ad79 is Over-Utilized.
2023-08-30 06:49:53,629 [main] DEBUG balancer.ContainerBalancerTask (ContainerBalancerTask.java:lambda$initializeIteration$1(453)) - Datanode localhost-18.186.21.95 1a851684-b45b-4c91-af5a-f505865c6ce2 is Over-Utilized.
2023-08-30 06:49:53,629 [main] DEBUG balancer.ContainerBalancerTask (ContainerBalancerTask.java:lambda$initializeIteration$1(453)) - Datanode localhost-236.248.183.2 c57fe900-4bcf-49d2-b20d-2c32e06e385a is Over-Utilized.
2023-08-30 06:49:53,629 [main] DEBUG balancer.ContainerBalancerTask (ContainerBalancerTask.java:lambda$initializeIteration$1(453)) - Datanode localhost-225.44.166.81 d206a6a5-3054-4c58-a374-8e2da33efb81 is Over-Utilized.
2023-08-30 06:49:53,629 [main] DEBUG balancer.ContainerBalancerTask (ContainerBalancerTask.java:lambda$initializeIteration$2(459)) - Datanode localhost-189.84.218.235 bf996bf7-f280-49ca-9e29-9e5f9cd6ed13 is Under-Utilized.
2023-08-30 06:49:53,629 [main] DEBUG balancer.ContainerBalancerTask (ContainerBalancerTask.java:lambda$initializeIteration$2(459)) - Datanode localhost-126.151.152.255 484fbadf-34fa-4d9a-bb2b-7d3f84f1fcc1 is Under-Utilized.
2023-08-30 06:49:53,629 [main] DEBUG balancer.ContainerBalancerTask (ContainerBalancerTask.java:lambda$initializeIteration$2(459)) - Datanode localhost-69.121.26.190 06ad6b99-8aa2-49ea-b5e5-621473806416 is Under-Utilized.
2023-08-30 06:49:53,632 [main] DEBUG balancer.ContainerBalancerTask (ContainerBalancerTask.java:matchSourceWithTarget(708)) - ContainerBalancer is finding suitable target for source datanode ab38f6a9-785f-4ae3-a396-3e4c6d9a044e
2023-08-30 06:49:53,632 [main] INFO  balancer.ContainerBalancerTask (ContainerBalancerTask.java:matchSourceWithTarget(722)) - ContainerBalancer matched source datanode ab38f6a9-785f-4ae3-a396-3e4c6d9a044e with target datanode bf996bf7-f280-49ca-9e29-9e5f9cd6ed13 for container move.
2023-08-30 06:49:53,632 [main] INFO  balancer.ContainerBalancerTask (ContainerBalancerTask.java:processMoveSelection(569)) - ContainerBalancer is trying to move container #85 with size 5368709120B from source datanode ab38f6a9-785f-4ae3-a396-3e4c6d9a044e to target datanode bf996bf7-f280-49ca-9e29-9e5f9cd6ed13
2023-08-30 06:49:53,632 [main] DEBUG balancer.ContainerBalancerTask (ContainerBalancerTask.java:lambda$moveContainer$3(837)) - Container move completed for container #85 from source ab38f6a9-785f-4ae3-a396-3e4c6d9a044e to target bf996bf7-f280-49ca-9e29-9e5f9cd6ed13
2023-08-30 06:49:53,632 [main] DEBUG balancer.ContainerBalancerTask (ContainerBalancerTask.java:adaptOnReachingIterationLimits(782)) - Reached max datanodes to involve limit. 2 datanodes have already been selected for balancing and the limit is 2. Only already selected sources and targets can be involved in balancing now.
2023-08-30 06:49:53,635 [main] DEBUG balancer.ContainerBalancerTask (ContainerBalancerTask.java:matchSourceWithTarget(708)) - ContainerBalancer is finding suitable target for source datanode ab38f6a9-785f-4ae3-a396-3e4c6d9a044e
2023-08-30 06:49:53,635 [main] INFO  balancer.ContainerBalancerTask (ContainerBalancerTask.java:matchSourceWithTarget(722)) - ContainerBalancer matched source datanode ab38f6a9-785f-4ae3-a396-3e4c6d9a044e with target datanode bf996bf7-f280-49ca-9e29-9e5f9cd6ed13 for container move.
2023-08-30 06:49:53,635 [main] INFO  balancer.ContainerBalancerTask (ContainerBalancerTask.java:processMoveSelection(569)) - ContainerBalancer is trying to move container #68 with size 5368709120B from source datanode ab38f6a9-785f-4ae3-a396-3e4c6d9a044e to target datanode bf996bf7-f280-49ca-9e29-9e5f9cd6ed13
2023-08-30 06:49:53,635 [main] DEBUG balancer.ContainerBalancerTask (ContainerBalancerTask.java:lambda$moveContainer$3(837)) - Container move completed for container #68 from source ab38f6a9-785f-4ae3-a396-3e4c6d9a044e to target bf996bf7-f280-49ca-9e29-9e5f9cd6ed13
2023-08-30 06:49:53,638 [main] DEBUG balancer.ContainerBalancerTask (ContainerBalancerTask.java:matchSourceWithTarget(708)) - ContainerBalancer is finding suitable target for source datanode ab38f6a9-785f-4ae3-a396-3e4c6d9a044e
2023-08-30 06:49:53,638 [main] INFO  balancer.ContainerBalancerTask (ContainerBalancerTask.java:matchSourceWithTarget(722)) - ContainerBalancer matched source datanode ab38f6a9-785f-4ae3-a396-3e4c6d9a044e with target datanode bf996bf7-f280-49ca-9e29-9e5f9cd6ed13 for container move.
2023-08-30 06:49:53,638 [main] INFO  balancer.ContainerBalancerTask (ContainerBalancerTask.java:processMoveSelection(569)) - ContainerBalancer is trying to move container #53 with size 5368709120B from source datanode ab38f6a9-785f-4ae3-a396-3e4c6d9a044e to target datanode bf996bf7-f280-49ca-9e29-9e5f9cd6ed13
2023-08-30 06:49:53,638 [main] DEBUG balancer.ContainerBalancerTask (ContainerBalancerTask.java:lambda$moveContainer$3(837)) - Container move completed for container #53 from source ab38f6a9-785f-4ae3-a396-3e4c6d9a044e to target bf996bf7-f280-49ca-9e29-9e5f9cd6ed13
2023-08-30 06:49:53,641 [main] DEBUG balancer.ContainerBalancerTask (ContainerBalancerTask.java:matchSourceWithTarget(708)) - ContainerBalancer is finding suitable target for source datanode ab38f6a9-785f-4ae3-a396-3e4c6d9a044e
2023-08-30 06:49:53,641 [main] INFO  balancer.ContainerBalancerTask (ContainerBalancerTask.java:matchSourceWithTarget(722)) - ContainerBalancer matched source datanode ab38f6a9-785f-4ae3-a396-3e4c6d9a044e with target datanode bf996bf7-f280-49ca-9e29-9e5f9cd6ed13 for container move.
2023-08-30 06:49:53,641 [main] INFO  balancer.ContainerBalancerTask (ContainerBalancerTask.java:processMoveSelection(569)) - ContainerBalancer is trying to move container #89 with size 4294967296B from source datanode ab38f6a9-785f-4ae3-a396-3e4c6d9a044e to target datanode bf996bf7-f280-49ca-9e29-9e5f9cd6ed13
2023-08-30 06:49:53,641 [main] DEBUG balancer.ContainerBalancerTask (ContainerBalancerTask.java:lambda$moveContainer$3(837)) - Container move completed for container #89 from source ab38f6a9-785f-4ae3-a396-3e4c6d9a044e to target bf996bf7-f280-49ca-9e29-9e5f9cd6ed13
2023-08-30 06:49:53,643 [main] DEBUG balancer.ContainerBalancerTask (ContainerBalancerTask.java:matchSourceWithTarget(708)) - ContainerBalancer is finding suitable target for source datanode ab38f6a9-785f-4ae3-a396-3e4c6d9a044e
2023-08-30 06:49:53,644 [main] INFO  balancer.ContainerBalancerTask (ContainerBalancerTask.java:matchSourceWithTarget(722)) - ContainerBalancer matched source datanode ab38f6a9-785f-4ae3-a396-3e4c6d9a044e with target datanode bf996bf7-f280-49ca-9e29-9e5f9cd6ed13 for container move.
2023-08-30 06:49:53,644 [main] INFO  balancer.ContainerBalancerTask (ContainerBalancerTask.java:processMoveSelection(569)) - ContainerBalancer is trying to move container #87 with size 2147483648B from source datanode ab38f6a9-785f-4ae3-a396-3e4c6d9a044e to target datanode bf996bf7-f280-49ca-9e29-9e5f9cd6ed13
2023-08-30 06:49:53,644 [main] DEBUG balancer.ContainerBalancerTask (ContainerBalancerTask.java:lambda$moveContainer$3(837)) - Container move completed for container #87 from source ab38f6a9-785f-4ae3-a396-3e4c6d9a044e to target bf996bf7-f280-49ca-9e29-9e5f9cd6ed13
2023-08-30 06:49:53,647 [main] DEBUG balancer.ContainerBalancerTask (ContainerBalancerTask.java:matchSourceWithTarget(708)) - ContainerBalancer is finding suitable target for source datanode ab38f6a9-785f-4ae3-a396-3e4c6d9a044e
2023-08-30 06:49:53,647 [main] INFO  balancer.FindTargetGreedyByUsageInfo (AbstractFindTargetGreedy.java:findTargetForContainerMove(133)) - Container Balancer could not find a target for source datanode ab38f6a9-785f-4ae3-a396-3e4c6d9a044e
2023-08-30 06:49:53,647 [main] DEBUG balancer.ContainerBalancerTask (ContainerBalancerTask.java:matchSourceWithTarget(717)) - ContainerBalancer could not find a suitable target for source node ab38f6a9-785f-4ae3-a396-3e4c6d9a044e.
2023-08-30 06:49:53,647 [main] INFO  balancer.FindSourceGreedy (FindSourceGreedy.java:getNextCandidateSourceDataNode(126)) - no more candidate source data node
2023-08-30 06:49:53,648 [main] INFO  balancer.ContainerBalancerTask (ContainerBalancerTask.java:checkIterationMoveResults(642)) - Iteration Summary. Number of Datanodes involved: 2. Size moved: 21 GB (22548578304 Bytes). Number of Container moves completed: 5.
2023-08-30 06:49:53,648 [main] INFO  balancer.ContainerBalancerTask (ContainerBalancerTask.java:balance(259)) - Result of this iteration of Container Balancer: ITERATION_COMPLETED
2023-08-30 06:49:53,649 [main] DEBUG balancer.ContainerBalancerTask (ContainerBalancerTask.java:initializeIteration(374)) - Average utilization of the cluster is 0.33682902082110305
2023-08-30 06:49:53,649 [main] DEBUG balancer.ContainerBalancerTask (ContainerBalancerTask.java:initializeIteration(386)) - Lower limit for utilization is 0.23682902082110305 and Upper limit for utilization is 0.4368290208211031
2023-08-30 06:49:53,649 [main] DEBUG balancer.ContainerBalancerTask (ContainerBalancerTask.java:initializeIteration(398)) - Utilization for node ab38f6a9-785f-4ae3-a396-3e4c6d9a044e with capacity 65617555911B, used 59055800320B, and remaining 6561755591B is 0.900000000001524
2023-08-30 06:49:53,650 [main] DEBUG balancer.ContainerBalancerTask (ContainerBalancerTask.java:initializeIteration(398)) - Utilization for node 5c7c586b-dc4a-4107-a822-00dabee5ad79 with capacity 55029268480B, used 44023414784B, and remaining 11005853696B is 0.8
2023-08-30 06:49:53,650 [main] DEBUG balancer.ContainerBalancerTask (ContainerBalancerTask.java:initializeIteration(398)) - Utilization for node 1a851684-b45b-4c91-af5a-f505865c6ce2 with capacity 67492343222B, used 47244640256B, and remaining 20247702966B is 0.7000000000088898
2023-08-30 06:49:53,650 [main] DEBUG balancer.ContainerBalancerTask (ContainerBalancerTask.java:initializeIteration(398)) - Utilization for node c57fe900-4bcf-49d2-b20d-2c32e06e385a with capacity 102005473280B, used 61203283968B, and remaining 40802189312B is 0.6
2023-08-30 06:49:53,650 [main] DEBUG balancer.ContainerBalancerTask (ContainerBalancerTask.java:initializeIteration(398)) - Utilization for node d206a6a5-3054-4c58-a374-8e2da33efb81 with capacity 62277025792B, used 31138512896B, and remaining 31138512896B is 0.5
2023-08-30 06:49:53,650 [main] DEBUG balancer.ContainerBalancerTask (ContainerBalancerTask.java:initializeIteration(398)) - Utilization for node 3eec90b4-a799-41a2-93a9-17d10a5882c9 with capacity 80530636800B, used 32212254720B, and remaining 48318382080B is 0.4
2023-08-30 06:49:53,650 [main] DEBUG balancer.ContainerBalancerTask (ContainerBalancerTask.java:initializeIteration(398)) - Utilization for node a6e4390b-de55-4143-9374-78300c1d4cbd with capacity 125269879466B, used 37580963840B, and remaining 87688915626B is 0.30000000000159655
2023-08-30 06:49:53,650 [main] DEBUG balancer.ContainerBalancerTask (ContainerBalancerTask.java:initializeIteration(398)) - Utilization for node 06ad6b99-8aa2-49ea-b5e5-621473806416 with capacity 182536110080B, used 36507222016B, and remaining 146028888064B is 0.2
2023-08-30 06:49:53,650 [main] DEBUG balancer.ContainerBalancerTask (ContainerBalancerTask.java:initializeIteration(398)) - Utilization for node 484fbadf-34fa-4d9a-bb2b-7d3f84f1fcc1 with capacity 343597383680B, used 34359738368B, and remaining 309237645312B is 0.1
2023-08-30 06:49:53,650 [main] DEBUG balancer.ContainerBalancerTask (ContainerBalancerTask.java:initializeIteration(398)) - Utilization for node bf996bf7-f280-49ca-9e29-9e5f9cd6ed13 with capacity 53687091200B, used 0B, and remaining 53687091200B is 0.0
2023-08-30 06:49:53,650 [main] INFO  balancer.ContainerBalancerTask (ContainerBalancerTask.java:initializeIteration(447)) - Container Balancer has identified 5 Over-Utilized and 3 Under-Utilized Datanodes that need to be balanced.
2023-08-30 06:49:53,650 [main] DEBUG balancer.ContainerBalancerTask (ContainerBalancerTask.java:lambda$initializeIteration$1(453)) - Datanode localhost-73.228.163.60 ab38f6a9-785f-4ae3-a396-3e4c6d9a044e is Over-Utilized.
2023-08-30 06:49:53,651 [main] DEBUG balancer.ContainerBalancerTask (ContainerBalancerTask.java:lambda$initializeIteration$1(453)) - Datanode localhost-107.195.200.104 5c7c586b-dc4a-4107-a822-00dabee5ad79 is Over-Utilized.
2023-08-30 06:49:53,651 [main] DEBUG balancer.ContainerBalancerTask (ContainerBalancerTask.java:lambda$initializeIteration$1(453)) - Datanode localhost-18.186.21.95 1a851684-b45b-4c91-af5a-f505865c6ce2 is Over-Utilized.
2023-08-30 06:49:53,651 [main] DEBUG balancer.ContainerBalancerTask (ContainerBalancerTask.java:lambda$initializeIteration$1(453)) - Datanode localhost-236.248.183.2 c57fe900-4bcf-49d2-b20d-2c32e06e385a is Over-Utilized.
2023-08-30 06:49:53,651 [main] DEBUG balancer.ContainerBalancerTask (ContainerBalancerTask.java:lambda$initializeIteration$1(453)) - Datanode localhost-225.44.166.81 d206a6a5-3054-4c58-a374-8e2da33efb81 is Over-Utilized.
2023-08-30 06:49:53,651 [main] DEBUG balancer.ContainerBalancerTask (ContainerBalancerTask.java:lambda$initializeIteration$2(459)) - Datanode localhost-189.84.218.235 bf996bf7-f280-49ca-9e29-9e5f9cd6ed13 is Under-Utilized.
2023-08-30 06:49:53,651 [main] DEBUG balancer.ContainerBalancerTask (ContainerBalancerTask.java:lambda$initializeIteration$2(459)) - Datanode localhost-126.151.152.255 484fbadf-34fa-4d9a-bb2b-7d3f84f1fcc1 is Under-Utilized.
2023-08-30 06:49:53,651 [main] DEBUG balancer.ContainerBalancerTask (ContainerBalancerTask.java:lambda$initializeIteration$2(459)) - Datanode localhost-69.121.26.190 06ad6b99-8aa2-49ea-b5e5-621473806416 is Under-Utilized.
2023-08-30 06:49:53,653 [main] DEBUG balancer.ContainerBalancerTask (ContainerBalancerTask.java:matchSourceWithTarget(708)) - ContainerBalancer is finding suitable target for source datanode ab38f6a9-785f-4ae3-a396-3e4c6d9a044e
2023-08-30 06:49:53,654 [main] INFO  balancer.ContainerBalancerTask (ContainerBalancerTask.java:matchSourceWithTarget(722)) - ContainerBalancer matched source datanode ab38f6a9-785f-4ae3-a396-3e4c6d9a044e with target datanode bf996bf7-f280-49ca-9e29-9e5f9cd6ed13 for container move.
2023-08-30 06:49:53,654 [main] INFO  balancer.ContainerBalancerTask (ContainerBalancerTask.java:processMoveSelection(569)) - ContainerBalancer is trying to move container #85 with size 5368709120B from source datanode ab38f6a9-785f-4ae3-a396-3e4c6d9a044e to target datanode bf996bf7-f280-49ca-9e29-9e5f9cd6ed13
2023-08-30 06:49:53,654 [main] DEBUG balancer.ContainerBalancerTask (ContainerBalancerTask.java:lambda$moveContainer$3(837)) - Container move completed for container #85 from source ab38f6a9-785f-4ae3-a396-3e4c6d9a044e to target bf996bf7-f280-49ca-9e29-9e5f9cd6ed13
2023-08-30 06:49:53,654 [main] DEBUG balancer.ContainerBalancerTask (ContainerBalancerTask.java:adaptOnReachingIterationLimits(782)) - Reached max datanodes to involve limit. 2 datanodes have already been selected for balancing and the limit is 2. Only already selected sources and targets can be involved in balancing now.
2023-08-30 06:49:53,657 [main] DEBUG balancer.ContainerBalancerTask (ContainerBalancerTask.java:matchSourceWithTarget(708)) - ContainerBalancer is finding suitable target for source datanode ab38f6a9-785f-4ae3-a396-3e4c6d9a044e
2023-08-30 06:49:53,657 [main] INFO  balancer.ContainerBalancerTask (ContainerBalancerTask.java:matchSourceWithTarget(722)) - ContainerBalancer matched source datanode ab38f6a9-785f-4ae3-a396-3e4c6d9a044e with target datanode bf996bf7-f280-49ca-9e29-9e5f9cd6ed13 for container move.
2023-08-30 06:49:53,657 [main] INFO  balancer.ContainerBalancerTask (ContainerBalancerTask.java:processMoveSelection(569)) - ContainerBalancer is trying to move container #68 with size 5368709120B from source datanode ab38f6a9-785f-4ae3-a396-3e4c6d9a044e to target datanode bf996bf7-f280-49ca-9e29-9e5f9cd6ed13
2023-08-30 06:49:53,657 [main] DEBUG balancer.ContainerBalancerTask (ContainerBalancerTask.java:lambda$moveContainer$3(837)) - Container move completed for container #68 from source ab38f6a9-785f-4ae3-a396-3e4c6d9a044e to target bf996bf7-f280-49ca-9e29-9e5f9cd6ed13
2023-08-30 06:49:53,659 [main] DEBUG balancer.ContainerBalancerTask (ContainerBalancerTask.java:matchSourceWithTarget(708)) - ContainerBalancer is finding suitable target for source datanode ab38f6a9-785f-4ae3-a396-3e4c6d9a044e
2023-08-30 06:49:53,660 [main] INFO  balancer.ContainerBalancerTask (ContainerBalancerTask.java:matchSourceWithTarget(722)) - ContainerBalancer matched source datanode ab38f6a9-785f-4ae3-a396-3e4c6d9a044e with target datanode bf996bf7-f280-49ca-9e29-9e5f9cd6ed13 for container move.
2023-08-30 06:49:53,660 [main] INFO  balancer.ContainerBalancerTask (ContainerBalancerTask.java:processMoveSelection(569)) - ContainerBalancer is trying to move container #53 with size 5368709120B from source datanode ab38f6a9-785f-4ae3-a396-3e4c6d9a044e to target datanode bf996bf7-f280-49ca-9e29-9e5f9cd6ed13
2023-08-30 06:49:53,660 [main] DEBUG balancer.ContainerBalancerTask (ContainerBalancerTask.java:lambda$moveContainer$3(837)) - Container move completed for container #53 from source ab38f6a9-785f-4ae3-a396-3e4c6d9a044e to target bf996bf7-f280-49ca-9e29-9e5f9cd6ed13
2023-08-30 06:49:53,662 [main] DEBUG balancer.ContainerBalancerTask (ContainerBalancerTask.java:matchSourceWithTarget(708)) - ContainerBalancer is finding suitable target for source datanode ab38f6a9-785f-4ae3-a396-3e4c6d9a044e
2023-08-30 06:49:53,663 [main] INFO  balancer.ContainerBalancerTask (ContainerBalancerTask.java:matchSourceWithTarget(722)) - ContainerBalancer matched source datanode ab38f6a9-785f-4ae3-a396-3e4c6d9a044e with target datanode bf996bf7-f280-49ca-9e29-9e5f9cd6ed13 for container move.
2023-08-30 06:49:53,663 [main] INFO  balancer.ContainerBalancerTask (ContainerBalancerTask.java:processMoveSelection(569)) - ContainerBalancer is trying to move container #89 with size 4294967296B from source datanode ab38f6a9-785f-4ae3-a396-3e4c6d9a044e to target datanode bf996bf7-f280-49ca-9e29-9e5f9cd6ed13
2023-08-30 06:49:53,663 [main] DEBUG balancer.ContainerBalancerTask (ContainerBalancerTask.java:lambda$moveContainer$3(837)) - Container move completed for container #89 from source ab38f6a9-785f-4ae3-a396-3e4c6d9a044e to target bf996bf7-f280-49ca-9e29-9e5f9cd6ed13
2023-08-30 06:49:53,665 [main] DEBUG balancer.ContainerBalancerTask (ContainerBalancerTask.java:matchSourceWithTarget(708)) - ContainerBalancer is finding suitable target for source datanode ab38f6a9-785f-4ae3-a396-3e4c6d9a044e
2023-08-30 06:49:53,666 [main] INFO  balancer.ContainerBalancerTask (ContainerBalancerTask.java:matchSourceWithTarget(722)) - ContainerBalancer matched source datanode ab38f6a9-785f-4ae3-a396-3e4c6d9a044e with target datanode bf996bf7-f280-49ca-9e29-9e5f9cd6ed13 for container move.
2023-08-30 06:49:53,666 [main] INFO  balancer.ContainerBalancerTask (ContainerBalancerTask.java:processMoveSelection(569)) - ContainerBalancer is trying to move container #87 with size 2147483648B from source datanode ab38f6a9-785f-4ae3-a396-3e4c6d9a044e to target datanode bf996bf7-f280-49ca-9e29-9e5f9cd6ed13
2023-08-30 06:49:53,666 [main] DEBUG balancer.ContainerBalancerTask (ContainerBalancerTask.java:lambda$moveContainer$3(837)) - Container move completed for container #87 from source ab38f6a9-785f-4ae3-a396-3e4c6d9a044e to target bf996bf7-f280-49ca-9e29-9e5f9cd6ed13
2023-08-30 06:49:53,669 [main] DEBUG balancer.ContainerBalancerTask (ContainerBalancerTask.java:matchSourceWithTarget(708)) - ContainerBalancer is finding suitable target for source datanode ab38f6a9-785f-4ae3-a396-3e4c6d9a044e
2023-08-30 06:49:53,669 [main] INFO  balancer.FindTargetGreedyByUsageInfo (AbstractFindTargetGreedy.java:findTargetForContainerMove(133)) - Container Balancer could not find a target for source datanode ab38f6a9-785f-4ae3-a396-3e4c6d9a044e
2023-08-30 06:49:53,669 [main] DEBUG balancer.ContainerBalancerTask (ContainerBalancerTask.java:matchSourceWithTarget(717)) - ContainerBalancer could not find a suitable target for source node ab38f6a9-785f-4ae3-a396-3e4c6d9a044e.
2023-08-30 06:49:53,669 [main] INFO  balancer.FindSourceGreedy (FindSourceGreedy.java:getNextCandidateSourceDataNode(126)) - no more candidate source data node
2023-08-30 06:49:53,670 [main] INFO  balancer.ContainerBalancerTask (ContainerBalancerTask.java:checkIterationMoveResults(642)) - Iteration Summary. Number of Datanodes involved: 2. Size moved: 21 GB (22548578304 Bytes). Number of Container moves completed: 5.
2023-08-30 06:49:53,670 [main] INFO  balancer.ContainerBalancerTask (ContainerBalancerTask.java:balance(259)) - Result of this iteration of Container Balancer: ITERATION_COMPLETED
2023-08-30 06:49:53,671 [main] DEBUG balancer.ContainerBalancerTask (ContainerBalancerTask.java:initializeIteration(374)) - Average utilization of the cluster is 0.33682902082110305
2023-08-30 06:49:53,671 [main] DEBUG balancer.ContainerBalancerTask (ContainerBalancerTask.java:initializeIteration(386)) - Lower limit for utilization is 0.23682902082110305 and Upper limit for utilization is 0.4368290208211031
2023-08-30 06:49:53,671 [main] DEBUG balancer.ContainerBalancerTask (ContainerBalancerTask.java:initializeIteration(398)) - Utilization for node ab38f6a9-785f-4ae3-a396-3e4c6d9a044e with capacity 65617555911B, used 59055800320B, and remaining 6561755591B is 0.900000000001524
2023-08-30 06:49:53,671 [main] DEBUG balancer.ContainerBalancerTask (ContainerBalancerTask.java:initializeIteration(398)) - Utilization for node 5c7c586b-dc4a-4107-a822-00dabee5ad79 with capacity 55029268480B, used 44023414784B, and remaining 11005853696B is 0.8
2023-08-30 06:49:53,672 [main] DEBUG balancer.ContainerBalancerTask (ContainerBalancerTask.java:initializeIteration(398)) - Utilization for node 1a851684-b45b-4c91-af5a-f505865c6ce2 with capacity 67492343222B, used 47244640256B, and remaining 20247702966B is 0.7000000000088898
2023-08-30 06:49:53,672 [main] DEBUG balancer.ContainerBalancerTask (ContainerBalancerTask.java:initializeIteration(398)) - Utilization for node c57fe900-4bcf-49d2-b20d-2c32e06e385a with capacity 102005473280B, used 61203283968B, and remaining 40802189312B is 0.6
2023-08-30 06:49:53,672 [main] DEBUG balancer.ContainerBalancerTask (ContainerBalancerTask.java:initializeIteration(398)) - Utilization for node d206a6a5-3054-4c58-a374-8e2da33efb81 with capacity 62277025792B, used 31138512896B, and remaining 31138512896B is 0.5
2023-08-30 06:49:53,672 [main] DEBUG balancer.ContainerBalancerTask (ContainerBalancerTask.java:initializeIteration(398)) - Utilization for node 3eec90b4-a799-41a2-93a9-17d10a5882c9 with capacity 80530636800B, used 32212254720B, and remaining 48318382080B is 0.4
2023-08-30 06:49:53,672 [main] DEBUG balancer.ContainerBalancerTask (ContainerBalancerTask.java:initializeIteration(398)) - Utilization for node a6e4390b-de55-4143-9374-78300c1d4cbd with capacity 125269879466B, used 37580963840B, and remaining 87688915626B is 0.30000000000159655
2023-08-30 06:49:53,672 [main] DEBUG balancer.ContainerBalancerTask (ContainerBalancerTask.java:initializeIteration(398)) - Utilization for node 06ad6b99-8aa2-49ea-b5e5-621473806416 with capacity 182536110080B, used 36507222016B, and remaining 146028888064B is 0.2
2023-08-30 06:49:53,672 [main] DEBUG balancer.ContainerBalancerTask (ContainerBalancerTask.java:initializeIteration(398)) - Utilization for node 484fbadf-34fa-4d9a-bb2b-7d3f84f1fcc1 with capacity 343597383680B, used 34359738368B, and remaining 309237645312B is 0.1
2023-08-30 06:49:53,672 [main] DEBUG balancer.ContainerBalancerTask (ContainerBalancerTask.java:initializeIteration(398)) - Utilization for node bf996bf7-f280-49ca-9e29-9e5f9cd6ed13 with capacity 53687091200B, used 0B, and remaining 53687091200B is 0.0
2023-08-30 06:49:53,672 [main] INFO  balancer.ContainerBalancerTask (ContainerBalancerTask.java:initializeIteration(447)) - Container Balancer has identified 5 Over-Utilized and 3 Under-Utilized Datanodes that need to be balanced.
2023-08-30 06:49:53,672 [main] DEBUG balancer.ContainerBalancerTask (ContainerBalancerTask.java:lambda$initializeIteration$1(453)) - Datanode localhost-73.228.163.60 ab38f6a9-785f-4ae3-a396-3e4c6d9a044e is Over-Utilized.
2023-08-30 06:49:53,672 [main] DEBUG balancer.ContainerBalancerTask (ContainerBalancerTask.java:lambda$initializeIteration$1(453)) - Datanode localhost-107.195.200.104 5c7c586b-dc4a-4107-a822-00dabee5ad79 is Over-Utilized.
2023-08-30 06:49:53,673 [main] DEBUG balancer.ContainerBalancerTask (ContainerBalancerTask.java:lambda$initializeIteration$1(453)) - Datanode localhost-18.186.21.95 1a851684-b45b-4c91-af5a-f505865c6ce2 is Over-Utilized.
2023-08-30 06:49:53,673 [main] DEBUG balancer.ContainerBalancerTask (ContainerBalancerTask.java:lambda$initializeIteration$1(453)) - Datanode localhost-236.248.183.2 c57fe900-4bcf-49d2-b20d-2c32e06e385a is Over-Utilized.
2023-08-30 06:49:53,673 [main] DEBUG balancer.ContainerBalancerTask (ContainerBalancerTask.java:lambda$initializeIteration$1(453)) - Datanode localhost-225.44.166.81 d206a6a5-3054-4c58-a374-8e2da33efb81 is Over-Utilized.
2023-08-30 06:49:53,673 [main] DEBUG balancer.ContainerBalancerTask (ContainerBalancerTask.java:lambda$initializeIteration$2(459)) - Datanode localhost-189.84.218.235 bf996bf7-f280-49ca-9e29-9e5f9cd6ed13 is Under-Utilized.
2023-08-30 06:49:53,673 [main] DEBUG balancer.ContainerBalancerTask (ContainerBalancerTask.java:lambda$initializeIteration$2(459)) - Datanode localhost-126.151.152.255 484fbadf-34fa-4d9a-bb2b-7d3f84f1fcc1 is Under-Utilized.
2023-08-30 06:49:53,673 [main] DEBUG balancer.ContainerBalancerTask (ContainerBalancerTask.java:lambda$initializeIteration$2(459)) - Datanode localhost-69.121.26.190 06ad6b99-8aa2-49ea-b5e5-621473806416 is Under-Utilized.
2023-08-30 06:49:53,677 [main] DEBUG balancer.ContainerBalancerTask (ContainerBalancerTask.java:matchSourceWithTarget(708)) - ContainerBalancer is finding suitable target for source datanode ab38f6a9-785f-4ae3-a396-3e4c6d9a044e
2023-08-30 06:49:53,677 [main] INFO  balancer.ContainerBalancerTask (ContainerBalancerTask.java:matchSourceWithTarget(722)) - ContainerBalancer matched source datanode ab38f6a9-785f-4ae3-a396-3e4c6d9a044e with target datanode bf996bf7-f280-49ca-9e29-9e5f9cd6ed13 for container move.
2023-08-30 06:49:53,677 [main] INFO  balancer.ContainerBalancerTask (ContainerBalancerTask.java:processMoveSelection(569)) - ContainerBalancer is trying to move container #85 with size 5368709120B from source datanode ab38f6a9-785f-4ae3-a396-3e4c6d9a044e to target datanode bf996bf7-f280-49ca-9e29-9e5f9cd6ed13
2023-08-30 06:49:53,677 [main] DEBUG balancer.ContainerBalancerTask (ContainerBalancerTask.java:lambda$moveContainer$3(837)) - Container move completed for container #85 from source ab38f6a9-785f-4ae3-a396-3e4c6d9a044e to target bf996bf7-f280-49ca-9e29-9e5f9cd6ed13
2023-08-30 06:49:53,677 [main] DEBUG balancer.ContainerBalancerTask (ContainerBalancerTask.java:adaptOnReachingIterationLimits(782)) - Reached max datanodes to involve limit. 2 datanodes have already been selected for balancing and the limit is 2. Only already selected sources and targets can be involved in balancing now.
2023-08-30 06:49:53,680 [main] DEBUG balancer.ContainerBalancerTask (ContainerBalancerTask.java:matchSourceWithTarget(708)) - ContainerBalancer is finding suitable target for source datanode ab38f6a9-785f-4ae3-a396-3e4c6d9a044e
2023-08-30 06:49:53,680 [main] INFO  balancer.ContainerBalancerTask (ContainerBalancerTask.java:matchSourceWithTarget(722)) - ContainerBalancer matched source datanode ab38f6a9-785f-4ae3-a396-3e4c6d9a044e with target datanode bf996bf7-f280-49ca-9e29-9e5f9cd6ed13 for container move.
2023-08-30 06:49:53,680 [main] INFO  balancer.ContainerBalancerTask (ContainerBalancerTask.java:processMoveSelection(569)) - ContainerBalancer is trying to move container #68 with size 5368709120B from source datanode ab38f6a9-785f-4ae3-a396-3e4c6d9a044e to target datanode bf996bf7-f280-49ca-9e29-9e5f9cd6ed13
2023-08-30 06:49:53,680 [main] DEBUG balancer.ContainerBalancerTask (ContainerBalancerTask.java:lambda$moveContainer$3(837)) - Container move completed for container #68 from source ab38f6a9-785f-4ae3-a396-3e4c6d9a044e to target bf996bf7-f280-49ca-9e29-9e5f9cd6ed13
2023-08-30 06:49:53,683 [main] DEBUG balancer.ContainerBalancerTask (ContainerBalancerTask.java:matchSourceWithTarget(708)) - ContainerBalancer is finding suitable target for source datanode ab38f6a9-785f-4ae3-a396-3e4c6d9a044e
2023-08-30 06:49:53,683 [main] INFO  balancer.ContainerBalancerTask (ContainerBalancerTask.java:matchSourceWithTarget(722)) - ContainerBalancer matched source datanode ab38f6a9-785f-4ae3-a396-3e4c6d9a044e with target datanode bf996bf7-f280-49ca-9e29-9e5f9cd6ed13 for container move.
2023-08-30 06:49:53,683 [main] INFO  balancer.ContainerBalancerTask (ContainerBalancerTask.java:processMoveSelection(569)) - ContainerBalancer is trying to move container #53 with size 5368709120B from source datanode ab38f6a9-785f-4ae3-a396-3e4c6d9a044e to target datanode bf996bf7-f280-49ca-9e29-9e5f9cd6ed13
2023-08-30 06:49:53,683 [main] DEBUG balancer.ContainerBalancerTask (ContainerBalancerTask.java:lambda$moveContainer$3(837)) - Container move completed for container #53 from source ab38f6a9-785f-4ae3-a396-3e4c6d9a044e to target bf996bf7-f280-49ca-9e29-9e5f9cd6ed13
2023-08-30 06:49:53,686 [main] DEBUG balancer.ContainerBalancerTask (ContainerBalancerTask.java:matchSourceWithTarget(708)) - ContainerBalancer is finding suitable target for source datanode ab38f6a9-785f-4ae3-a396-3e4c6d9a044e
2023-08-30 06:49:53,686 [main] INFO  balancer.ContainerBalancerTask (ContainerBalancerTask.java:matchSourceWithTarget(722)) - ContainerBalancer matched source datanode ab38f6a9-785f-4ae3-a396-3e4c6d9a044e with target datanode bf996bf7-f280-49ca-9e29-9e5f9cd6ed13 for container move.
2023-08-30 06:49:53,686 [main] INFO  balancer.ContainerBalancerTask (ContainerBalancerTask.java:processMoveSelection(569)) - ContainerBalancer is trying to move container #89 with size 4294967296B from source datanode ab38f6a9-785f-4ae3-a396-3e4c6d9a044e to target datanode bf996bf7-f280-49ca-9e29-9e5f9cd6ed13
2023-08-30 06:49:53,686 [main] DEBUG balancer.ContainerBalancerTask (ContainerBalancerTask.java:lambda$moveContainer$3(837)) - Container move completed for container #89 from source ab38f6a9-785f-4ae3-a396-3e4c6d9a044e to target bf996bf7-f280-49ca-9e29-9e5f9cd6ed13
2023-08-30 06:49:53,689 [main] DEBUG balancer.ContainerBalancerTask (ContainerBalancerTask.java:matchSourceWithTarget(708)) - ContainerBalancer is finding suitable target for source datanode ab38f6a9-785f-4ae3-a396-3e4c6d9a044e
2023-08-30 06:49:53,689 [main] INFO  balancer.ContainerBalancerTask (ContainerBalancerTask.java:matchSourceWithTarget(722)) - ContainerBalancer matched source datanode ab38f6a9-785f-4ae3-a396-3e4c6d9a044e with target datanode bf996bf7-f280-49ca-9e29-9e5f9cd6ed13 for container move.
2023-08-30 06:49:53,689 [main] INFO  balancer.ContainerBalancerTask (ContainerBalancerTask.java:processMoveSelection(569)) - ContainerBalancer is trying to move container #87 with size 2147483648B from source datanode ab38f6a9-785f-4ae3-a396-3e4c6d9a044e to target datanode bf996bf7-f280-49ca-9e29-9e5f9cd6ed13
2023-08-30 06:49:53,689 [main] DEBUG balancer.ContainerBalancerTask (ContainerBalancerTask.java:lambda$moveContainer$3(837)) - Container move completed for container #87 from source ab38f6a9-785f-4ae3-a396-3e4c6d9a044e to target bf996bf7-f280-49ca-9e29-9e5f9cd6ed13
2023-08-30 06:49:53,692 [main] DEBUG balancer.ContainerBalancerTask (ContainerBalancerTask.java:matchSourceWithTarget(708)) - ContainerBalancer is finding suitable target for source datanode ab38f6a9-785f-4ae3-a396-3e4c6d9a044e
2023-08-30 06:49:53,692 [main] INFO  balancer.FindTargetGreedyByUsageInfo (AbstractFindTargetGreedy.java:findTargetForContainerMove(133)) - Container Balancer could not find a target for source datanode ab38f6a9-785f-4ae3-a396-3e4c6d9a044e
2023-08-30 06:49:53,692 [main] DEBUG balancer.ContainerBalancerTask (ContainerBalancerTask.java:matchSourceWithTarget(717)) - ContainerBalancer could not find a suitable target for source node ab38f6a9-785f-4ae3-a396-3e4c6d9a044e.
2023-08-30 06:49:53,693 [main] INFO  balancer.FindSourceGreedy (FindSourceGreedy.java:getNextCandidateSourceDataNode(126)) - no more candidate source data node
2023-08-30 06:49:53,693 [main] INFO  balancer.ContainerBalancerTask (ContainerBalancerTask.java:checkIterationMoveResults(642)) - Iteration Summary. Number of Datanodes involved: 2. Size moved: 21 GB (22548578304 Bytes). Number of Container moves completed: 5.
2023-08-30 06:49:53,693 [main] INFO  balancer.ContainerBalancerTask (ContainerBalancerTask.java:balance(259)) - Result of this iteration of Container Balancer: ITERATION_COMPLETED
2023-08-30 06:49:53,694 [main] DEBUG balancer.ContainerBalancerTask (ContainerBalancerTask.java:initializeIteration(374)) - Average utilization of the cluster is 0.33682902082110305
2023-08-30 06:49:53,694 [main] DEBUG balancer.ContainerBalancerTask (ContainerBalancerTask.java:initializeIteration(386)) - Lower limit for utilization is 0.23682902082110305 and Upper limit for utilization is 0.4368290208211031
2023-08-30 06:49:53,695 [main] DEBUG balancer.ContainerBalancerTask (ContainerBalancerTask.java:initializeIteration(398)) - Utilization for node ab38f6a9-785f-4ae3-a396-3e4c6d9a044e with capacity 65617555911B, used 59055800320B, and remaining 6561755591B is 0.900000000001524
2023-08-30 06:49:53,695 [main] DEBUG balancer.ContainerBalancerTask (ContainerBalancerTask.java:initializeIteration(398)) - Utilization for node 5c7c586b-dc4a-4107-a822-00dabee5ad79 with capacity 55029268480B, used 44023414784B, and remaining 11005853696B is 0.8
2023-08-30 06:49:53,695 [main] DEBUG balancer.ContainerBalancerTask (ContainerBalancerTask.java:initializeIteration(398)) - Utilization for node 1a851684-b45b-4c91-af5a-f505865c6ce2 with capacity 67492343222B, used 47244640256B, and remaining 20247702966B is 0.7000000000088898
2023-08-30 06:49:53,695 [main] DEBUG balancer.ContainerBalancerTask (ContainerBalancerTask.java:initializeIteration(398)) - Utilization for node c57fe900-4bcf-49d2-b20d-2c32e06e385a with capacity 102005473280B, used 61203283968B, and remaining 40802189312B is 0.6
2023-08-30 06:49:53,695 [main] DEBUG balancer.ContainerBalancerTask (ContainerBalancerTask.java:initializeIteration(398)) - Utilization for node d206a6a5-3054-4c58-a374-8e2da33efb81 with capacity 62277025792B, used 31138512896B, and remaining 31138512896B is 0.5
2023-08-30 06:49:53,695 [main] DEBUG balancer.ContainerBalancerTask (ContainerBalancerTask.java:initializeIteration(398)) - Utilization for node 3eec90b4-a799-41a2-93a9-17d10a5882c9 with capacity 80530636800B, used 32212254720B, and remaining 48318382080B is 0.4
2023-08-30 06:49:53,695 [main] DEBUG balancer.ContainerBalancerTask (ContainerBalancerTask.java:initializeIteration(398)) - Utilization for node a6e4390b-de55-4143-9374-78300c1d4cbd with capacity 125269879466B, used 37580963840B, and remaining 87688915626B is 0.30000000000159655
2023-08-30 06:49:53,695 [main] DEBUG balancer.ContainerBalancerTask (ContainerBalancerTask.java:initializeIteration(398)) - Utilization for node 06ad6b99-8aa2-49ea-b5e5-621473806416 with capacity 182536110080B, used 36507222016B, and remaining 146028888064B is 0.2
2023-08-30 06:49:53,695 [main] DEBUG balancer.ContainerBalancerTask (ContainerBalancerTask.java:initializeIteration(398)) - Utilization for node 484fbadf-34fa-4d9a-bb2b-7d3f84f1fcc1 with capacity 343597383680B, used 34359738368B, and remaining 309237645312B is 0.1
2023-08-30 06:49:53,695 [main] DEBUG balancer.ContainerBalancerTask (ContainerBalancerTask.java:initializeIteration(398)) - Utilization for node bf996bf7-f280-49ca-9e29-9e5f9cd6ed13 with capacity 53687091200B, used 0B, and remaining 53687091200B is 0.0
2023-08-30 06:49:53,695 [main] INFO  balancer.ContainerBalancerTask (ContainerBalancerTask.java:initializeIteration(447)) - Container Balancer has identified 5 Over-Utilized and 3 Under-Utilized Datanodes that need to be balanced.
2023-08-30 06:49:53,696 [main] DEBUG balancer.ContainerBalancerTask (ContainerBalancerTask.java:lambda$initializeIteration$1(453)) - Datanode localhost-73.228.163.60 ab38f6a9-785f-4ae3-a396-3e4c6d9a044e is Over-Utilized.
2023-08-30 06:49:53,696 [main] DEBUG balancer.ContainerBalancerTask (ContainerBalancerTask.java:lambda$initializeIteration$1(453)) - Datanode localhost-107.195.200.104 5c7c586b-dc4a-4107-a822-00dabee5ad79 is Over-Utilized.
2023-08-30 06:49:53,696 [main] DEBUG balancer.ContainerBalancerTask (ContainerBalancerTask.java:lambda$initializeIteration$1(453)) - Datanode localhost-18.186.21.95 1a851684-b45b-4c91-af5a-f505865c6ce2 is Over-Utilized.
2023-08-30 06:49:53,696 [main] DEBUG balancer.ContainerBalancerTask (ContainerBalancerTask.java:lambda$initializeIteration$1(453)) - Datanode localhost-236.248.183.2 c57fe900-4bcf-49d2-b20d-2c32e06e385a is Over-Utilized.
2023-08-30 06:49:53,696 [main] DEBUG balancer.ContainerBalancerTask (ContainerBalancerTask.java:lambda$initializeIteration$1(453)) - Datanode localhost-225.44.166.81 d206a6a5-3054-4c58-a374-8e2da33efb81 is Over-Utilized.
2023-08-30 06:49:53,696 [main] DEBUG balancer.ContainerBalancerTask (ContainerBalancerTask.java:lambda$initializeIteration$2(459)) - Datanode localhost-189.84.218.235 bf996bf7-f280-49ca-9e29-9e5f9cd6ed13 is Under-Utilized.
2023-08-30 06:49:53,698 [main] DEBUG balancer.ContainerBalancerTask (ContainerBalancerTask.java:lambda$initializeIteration$2(459)) - Datanode localhost-126.151.152.255 484fbadf-34fa-4d9a-bb2b-7d3f84f1fcc1 is Under-Utilized.
2023-08-30 06:49:53,698 [main] DEBUG balancer.ContainerBalancerTask (ContainerBalancerTask.java:lambda$initializeIteration$2(459)) - Datanode localhost-69.121.26.190 06ad6b99-8aa2-49ea-b5e5-621473806416 is Under-Utilized.
2023-08-30 06:49:53,701 [main] DEBUG balancer.ContainerBalancerTask (ContainerBalancerTask.java:matchSourceWithTarget(708)) - ContainerBalancer is finding suitable target for source datanode ab38f6a9-785f-4ae3-a396-3e4c6d9a044e
2023-08-30 06:49:53,701 [main] INFO  balancer.ContainerBalancerTask (ContainerBalancerTask.java:matchSourceWithTarget(722)) - ContainerBalancer matched source datanode ab38f6a9-785f-4ae3-a396-3e4c6d9a044e with target datanode bf996bf7-f280-49ca-9e29-9e5f9cd6ed13 for container move.
2023-08-30 06:49:53,701 [main] INFO  balancer.ContainerBalancerTask (ContainerBalancerTask.java:processMoveSelection(569)) - ContainerBalancer is trying to move container #85 with size 5368709120B from source datanode ab38f6a9-785f-4ae3-a396-3e4c6d9a044e to target datanode bf996bf7-f280-49ca-9e29-9e5f9cd6ed13
2023-08-30 06:49:53,701 [main] DEBUG balancer.ContainerBalancerTask (ContainerBalancerTask.java:lambda$moveContainer$3(837)) - Container move completed for container #85 from source ab38f6a9-785f-4ae3-a396-3e4c6d9a044e to target bf996bf7-f280-49ca-9e29-9e5f9cd6ed13
2023-08-30 06:49:53,701 [main] DEBUG balancer.ContainerBalancerTask (ContainerBalancerTask.java:adaptOnReachingIterationLimits(782)) - Reached max datanodes to involve limit. 2 datanodes have already been selected for balancing and the limit is 2. Only already selected sources and targets can be involved in balancing now.
2023-08-30 06:49:53,704 [main] DEBUG balancer.ContainerBalancerTask (ContainerBalancerTask.java:matchSourceWithTarget(708)) - ContainerBalancer is finding suitable target for source datanode ab38f6a9-785f-4ae3-a396-3e4c6d9a044e
2023-08-30 06:49:53,704 [main] INFO  balancer.ContainerBalancerTask (ContainerBalancerTask.java:matchSourceWithTarget(722)) - ContainerBalancer matched source datanode ab38f6a9-785f-4ae3-a396-3e4c6d9a044e with target datanode bf996bf7-f280-49ca-9e29-9e5f9cd6ed13 for container move.
2023-08-30 06:49:53,704 [main] INFO  balancer.ContainerBalancerTask (ContainerBalancerTask.java:processMoveSelection(569)) - ContainerBalancer is trying to move container #68 with size 5368709120B from source datanode ab38f6a9-785f-4ae3-a396-3e4c6d9a044e to target datanode bf996bf7-f280-49ca-9e29-9e5f9cd6ed13
2023-08-30 06:49:53,704 [main] DEBUG balancer.ContainerBalancerTask (ContainerBalancerTask.java:lambda$moveContainer$3(837)) - Container move completed for container #68 from source ab38f6a9-785f-4ae3-a396-3e4c6d9a044e to target bf996bf7-f280-49ca-9e29-9e5f9cd6ed13
2023-08-30 06:49:53,706 [main] DEBUG balancer.ContainerBalancerTask (ContainerBalancerTask.java:matchSourceWithTarget(708)) - ContainerBalancer is finding suitable target for source datanode ab38f6a9-785f-4ae3-a396-3e4c6d9a044e
2023-08-30 06:49:53,707 [main] INFO  balancer.ContainerBalancerTask (ContainerBalancerTask.java:matchSourceWithTarget(722)) - ContainerBalancer matched source datanode ab38f6a9-785f-4ae3-a396-3e4c6d9a044e with target datanode bf996bf7-f280-49ca-9e29-9e5f9cd6ed13 for container move.
2023-08-30 06:49:53,707 [main] INFO  balancer.ContainerBalancerTask (ContainerBalancerTask.java:processMoveSelection(569)) - ContainerBalancer is trying to move container #53 with size 5368709120B from source datanode ab38f6a9-785f-4ae3-a396-3e4c6d9a044e to target datanode bf996bf7-f280-49ca-9e29-9e5f9cd6ed13
2023-08-30 06:49:53,707 [main] DEBUG balancer.ContainerBalancerTask (ContainerBalancerTask.java:lambda$moveContainer$3(837)) - Container move completed for container #53 from source ab38f6a9-785f-4ae3-a396-3e4c6d9a044e to target bf996bf7-f280-49ca-9e29-9e5f9cd6ed13
2023-08-30 06:49:53,709 [main] DEBUG balancer.ContainerBalancerTask (ContainerBalancerTask.java:matchSourceWithTarget(708)) - ContainerBalancer is finding suitable target for source datanode ab38f6a9-785f-4ae3-a396-3e4c6d9a044e
2023-08-30 06:49:53,709 [main] INFO  balancer.ContainerBalancerTask (ContainerBalancerTask.java:matchSourceWithTarget(722)) - ContainerBalancer matched source datanode ab38f6a9-785f-4ae3-a396-3e4c6d9a044e with target datanode bf996bf7-f280-49ca-9e29-9e5f9cd6ed13 for container move.
2023-08-30 06:49:53,710 [main] INFO  balancer.ContainerBalancerTask (ContainerBalancerTask.java:processMoveSelection(569)) - ContainerBalancer is trying to move container #89 with size 4294967296B from source datanode ab38f6a9-785f-4ae3-a396-3e4c6d9a044e to target datanode bf996bf7-f280-49ca-9e29-9e5f9cd6ed13
2023-08-30 06:49:53,710 [main] DEBUG balancer.ContainerBalancerTask (ContainerBalancerTask.java:lambda$moveContainer$3(837)) - Container move completed for container #89 from source ab38f6a9-785f-4ae3-a396-3e4c6d9a044e to target bf996bf7-f280-49ca-9e29-9e5f9cd6ed13
2023-08-30 06:49:53,712 [main] DEBUG balancer.ContainerBalancerTask (ContainerBalancerTask.java:matchSourceWithTarget(708)) - ContainerBalancer is finding suitable target for source datanode ab38f6a9-785f-4ae3-a396-3e4c6d9a044e
2023-08-30 06:49:53,713 [main] INFO  balancer.ContainerBalancerTask (ContainerBalancerTask.java:matchSourceWithTarget(722)) - ContainerBalancer matched source datanode ab38f6a9-785f-4ae3-a396-3e4c6d9a044e with target datanode bf996bf7-f280-49ca-9e29-9e5f9cd6ed13 for container move.
2023-08-30 06:49:53,713 [main] INFO  balancer.ContainerBalancerTask (ContainerBalancerTask.java:processMoveSelection(569)) - ContainerBalancer is trying to move container #87 with size 2147483648B from source datanode ab38f6a9-785f-4ae3-a396-3e4c6d9a044e to target datanode bf996bf7-f280-49ca-9e29-9e5f9cd6ed13
2023-08-30 06:49:53,713 [main] DEBUG balancer.ContainerBalancerTask (ContainerBalancerTask.java:lambda$moveContainer$3(837)) - Container move completed for container #87 from source ab38f6a9-785f-4ae3-a396-3e4c6d9a044e to target bf996bf7-f280-49ca-9e29-9e5f9cd6ed13
2023-08-30 06:49:53,715 [main] DEBUG balancer.ContainerBalancerTask (ContainerBalancerTask.java:matchSourceWithTarget(708)) - ContainerBalancer is finding suitable target for source datanode ab38f6a9-785f-4ae3-a396-3e4c6d9a044e
2023-08-30 06:49:53,716 [main] INFO  balancer.FindTargetGreedyByUsageInfo (AbstractFindTargetGreedy.java:findTargetForContainerMove(133)) - Container Balancer could not find a target for source datanode ab38f6a9-785f-4ae3-a396-3e4c6d9a044e
2023-08-30 06:49:53,716 [main] DEBUG balancer.ContainerBalancerTask (ContainerBalancerTask.java:matchSourceWithTarget(717)) - ContainerBalancer could not find a suitable target for source node ab38f6a9-785f-4ae3-a396-3e4c6d9a044e.
2023-08-30 06:49:53,716 [main] INFO  balancer.FindSourceGreedy (FindSourceGreedy.java:getNextCandidateSourceDataNode(126)) - no more candidate source data node
2023-08-30 06:49:53,716 [main] INFO  balancer.ContainerBalancerTask (ContainerBalancerTask.java:checkIterationMoveResults(642)) - Iteration Summary. Number of Datanodes involved: 2. Size moved: 21 GB (22548578304 Bytes). Number of Container moves completed: 5.
2023-08-30 06:49:53,716 [main] INFO  balancer.ContainerBalancerTask (ContainerBalancerTask.java:balance(259)) - Result of this iteration of Container Balancer: ITERATION_COMPLETED
2023-08-30 06:49:53,717 [main] INFO  balancer.ContainerBalancerTask (ContainerBalancerTask.java:tryStopWithSaveConfiguration(308)) - Save Configuration for stopping. Reason: Completed all iterations.
]]></system-out>
  </testcase>
  <testcase name="selectedContainerShouldNotAlreadyHaveBeenSelected" classname="org.apache.hadoop.hdds.scm.container.balancer.TestContainerBalancerTask" time="0.163">
    <system-out><![CDATA[2023-08-30 06:49:53,740 [main] INFO  net.NodeSchemaLoader (NodeSchemaLoader.java:loadSchemaFromFile(129)) - Loading schema from [file:/home/runner/work/ozone/ozone/hadoop-hdds/common/target/classes/network-topology-default.xml]
2023-08-30 06:49:53,740 [main] INFO  net.NodeSchemaLoader (NodeSchemaLoader.java:loadSchema(176)) - Loading network topology layer schema file
2023-08-30 06:49:53,741 [main] INFO  net.NetworkTopologyImpl (NetworkTopologyImpl.java:add(112)) - Added a new node: /default-rack/085898ff-ed76-4ddf-8180-8ffe3cc3a7a3
2023-08-30 06:49:53,742 [main] INFO  net.NetworkTopologyImpl (NetworkTopologyImpl.java:add(112)) - Added a new node: /default-rack/86b7cca4-2bd4-4556-bb9e-ffbcc0469474
2023-08-30 06:49:53,742 [main] INFO  net.NetworkTopologyImpl (NetworkTopologyImpl.java:add(112)) - Added a new node: /default-rack/188098df-ac1c-4220-9332-4e2c1d58a1c7
2023-08-30 06:49:53,742 [main] INFO  net.NetworkTopologyImpl (NetworkTopologyImpl.java:add(112)) - Added a new node: /default-rack/41a27677-bad5-4e70-9755-d04e81720d3a
2023-08-30 06:49:53,742 [main] INFO  net.NetworkTopologyImpl (NetworkTopologyImpl.java:add(112)) - Added a new node: /default-rack/2029662c-bbc7-4337-9440-84f4f6f17a64
2023-08-30 06:49:53,742 [main] INFO  net.NetworkTopologyImpl (NetworkTopologyImpl.java:add(112)) - Added a new node: /default-rack/813b5c74-1c56-45fb-994f-9db5982c361d
2023-08-30 06:49:53,742 [main] INFO  net.NetworkTopologyImpl (NetworkTopologyImpl.java:add(112)) - Added a new node: /default-rack/38a2f9b4-be66-4f8d-8e63-13e8706e2a61
2023-08-30 06:49:53,742 [main] INFO  net.NetworkTopologyImpl (NetworkTopologyImpl.java:add(112)) - Added a new node: /default-rack/65945ba4-634e-4628-94ee-5ea3f7935ee3
2023-08-30 06:49:53,742 [main] INFO  net.NetworkTopologyImpl (NetworkTopologyImpl.java:add(112)) - Added a new node: /default-rack/873f66fb-9da8-4caf-91d1-e81b4719fe9f
2023-08-30 06:49:53,742 [main] INFO  net.NetworkTopologyImpl (NetworkTopologyImpl.java:add(112)) - Added a new node: /default-rack/d66f74d9-d044-43c5-9a1e-e682ac9c6418
2023-08-30 06:49:53,743 [main] INFO  algorithms.ContainerPlacementPolicyFactory (ContainerPlacementPolicyFactory.java:getPolicyInternal(86)) - Create container placement policy of type org.apache.hadoop.hdds.scm.container.placement.algorithms.SCMContainerPlacementRackAware
2023-08-30 06:49:53,743 [main] INFO  algorithms.ContainerPlacementPolicyFactory (ContainerPlacementPolicyFactory.java:getPolicyInternal(86)) - Create container placement policy of type org.apache.hadoop.hdds.scm.container.placement.algorithms.SCMContainerPlacementRackScatter
2023-08-30 06:49:53,745 [main] DEBUG balancer.ContainerBalancerTask (ContainerBalancerTask.java:initializeIteration(374)) - Average utilization of the cluster is 0.34586450647579964
2023-08-30 06:49:53,745 [main] DEBUG balancer.ContainerBalancerTask (ContainerBalancerTask.java:initializeIteration(386)) - Lower limit for utilization is 0.24586450647579963 and Upper limit for utilization is 0.44586450647579967
2023-08-30 06:49:53,745 [main] DEBUG balancer.ContainerBalancerTask (ContainerBalancerTask.java:initializeIteration(398)) - Utilization for node 86b7cca4-2bd4-4556-bb9e-ffbcc0469474 with capacity 68003648853B, used 61203283968B, and remaining 6800364885B is 0.9000000000044115
2023-08-30 06:49:53,745 [main] DEBUG balancer.ContainerBalancerTask (ContainerBalancerTask.java:initializeIteration(398)) - Utilization for node d66f74d9-d044-43c5-9a1e-e682ac9c6418 with capacity 68451041280B, used 54760833024B, and remaining 13690208256B is 0.8
2023-08-30 06:49:53,745 [main] DEBUG balancer.ContainerBalancerTask (ContainerBalancerTask.java:initializeIteration(398)) - Utilization for node 38a2f9b4-be66-4f8d-8e63-13e8706e2a61 with capacity 81297595245B, used 56908316672B, and remaining 24389278573B is 0.7000000000061503
2023-08-30 06:49:53,746 [main] DEBUG balancer.ContainerBalancerTask (ContainerBalancerTask.java:initializeIteration(398)) - Utilization for node 65945ba4-634e-4628-94ee-5ea3f7935ee3 with capacity 73372357973B, used 44023414784B, and remaining 29348943189B is 0.6000000000027258
2023-08-30 06:49:53,746 [main] DEBUG balancer.ContainerBalancerTask (ContainerBalancerTask.java:initializeIteration(398)) - Utilization for node 2029662c-bbc7-4337-9440-84f4f6f17a64 with capacity 115964116992B, used 57982058496B, and remaining 57982058496B is 0.5
2023-08-30 06:49:53,746 [main] DEBUG balancer.ContainerBalancerTask (ContainerBalancerTask.java:initializeIteration(398)) - Utilization for node 813b5c74-1c56-45fb-994f-9db5982c361d with capacity 115427246080B, used 46170898432B, and remaining 69256347648B is 0.4
2023-08-30 06:49:53,746 [main] DEBUG balancer.ContainerBalancerTask (ContainerBalancerTask.java:initializeIteration(398)) - Utilization for node 873f66fb-9da8-4caf-91d1-e81b4719fe9f with capacity 150323855360B, used 45097156608B, and remaining 105226698752B is 0.3
2023-08-30 06:49:53,746 [main] DEBUG balancer.ContainerBalancerTask (ContainerBalancerTask.java:initializeIteration(398)) - Utilization for node 085898ff-ed76-4ddf-8180-8ffe3cc3a7a3 with capacity 75161927680B, used 15032385536B, and remaining 60129542144B is 0.2
2023-08-30 06:49:53,746 [main] DEBUG balancer.ContainerBalancerTask (ContainerBalancerTask.java:initializeIteration(398)) - Utilization for node 188098df-ac1c-4220-9332-4e2c1d58a1c7 with capacity 472446402560B, used 47244640256B, and remaining 425201762304B is 0.1
2023-08-30 06:49:53,746 [main] DEBUG balancer.ContainerBalancerTask (ContainerBalancerTask.java:initializeIteration(398)) - Utilization for node 41a27677-bad5-4e70-9755-d04e81720d3a with capacity 18253611008B, used 0B, and remaining 18253611008B is 0.0
2023-08-30 06:49:53,746 [main] INFO  balancer.ContainerBalancerTask (ContainerBalancerTask.java:initializeIteration(447)) - Container Balancer has identified 5 Over-Utilized and 3 Under-Utilized Datanodes that need to be balanced.
2023-08-30 06:49:53,746 [main] DEBUG balancer.ContainerBalancerTask (ContainerBalancerTask.java:lambda$initializeIteration$1(453)) - Datanode localhost-137.159.30.200 86b7cca4-2bd4-4556-bb9e-ffbcc0469474 is Over-Utilized.
2023-08-30 06:49:53,746 [main] DEBUG balancer.ContainerBalancerTask (ContainerBalancerTask.java:lambda$initializeIteration$1(453)) - Datanode localhost-0.206.229.220 d66f74d9-d044-43c5-9a1e-e682ac9c6418 is Over-Utilized.
2023-08-30 06:49:53,746 [main] DEBUG balancer.ContainerBalancerTask (ContainerBalancerTask.java:lambda$initializeIteration$1(453)) - Datanode localhost-126.185.126.39 38a2f9b4-be66-4f8d-8e63-13e8706e2a61 is Over-Utilized.
2023-08-30 06:49:53,746 [main] DEBUG balancer.ContainerBalancerTask (ContainerBalancerTask.java:lambda$initializeIteration$1(453)) - Datanode localhost-99.144.210.200 65945ba4-634e-4628-94ee-5ea3f7935ee3 is Over-Utilized.
2023-08-30 06:49:53,747 [main] DEBUG balancer.ContainerBalancerTask (ContainerBalancerTask.java:lambda$initializeIteration$1(453)) - Datanode localhost-71.7.235.43 2029662c-bbc7-4337-9440-84f4f6f17a64 is Over-Utilized.
2023-08-30 06:49:53,747 [main] DEBUG balancer.ContainerBalancerTask (ContainerBalancerTask.java:lambda$initializeIteration$2(459)) - Datanode localhost-55.101.91.50 41a27677-bad5-4e70-9755-d04e81720d3a is Under-Utilized.
2023-08-30 06:49:53,747 [main] DEBUG balancer.ContainerBalancerTask (ContainerBalancerTask.java:lambda$initializeIteration$2(459)) - Datanode localhost-20.118.147.248 188098df-ac1c-4220-9332-4e2c1d58a1c7 is Under-Utilized.
2023-08-30 06:49:53,747 [main] DEBUG balancer.ContainerBalancerTask (ContainerBalancerTask.java:lambda$initializeIteration$2(459)) - Datanode localhost-197.80.41.63 085898ff-ed76-4ddf-8180-8ffe3cc3a7a3 is Under-Utilized.
2023-08-30 06:49:53,750 [main] DEBUG balancer.ContainerBalancerTask (ContainerBalancerTask.java:matchSourceWithTarget(708)) - ContainerBalancer is finding suitable target for source datanode 86b7cca4-2bd4-4556-bb9e-ffbcc0469474
2023-08-30 06:49:53,750 [main] INFO  balancer.ContainerBalancerTask (ContainerBalancerTask.java:matchSourceWithTarget(722)) - ContainerBalancer matched source datanode 86b7cca4-2bd4-4556-bb9e-ffbcc0469474 with target datanode 41a27677-bad5-4e70-9755-d04e81720d3a for container move.
2023-08-30 06:49:53,750 [main] INFO  balancer.ContainerBalancerTask (ContainerBalancerTask.java:processMoveSelection(569)) - ContainerBalancer is trying to move container #84 with size 4294967296B from source datanode 86b7cca4-2bd4-4556-bb9e-ffbcc0469474 to target datanode 41a27677-bad5-4e70-9755-d04e81720d3a
2023-08-30 06:49:53,750 [main] DEBUG balancer.ContainerBalancerTask (ContainerBalancerTask.java:lambda$moveContainer$3(837)) - Container move completed for container #84 from source 86b7cca4-2bd4-4556-bb9e-ffbcc0469474 to target 41a27677-bad5-4e70-9755-d04e81720d3a
2023-08-30 06:49:53,753 [main] DEBUG balancer.ContainerBalancerTask (ContainerBalancerTask.java:matchSourceWithTarget(708)) - ContainerBalancer is finding suitable target for source datanode 86b7cca4-2bd4-4556-bb9e-ffbcc0469474
2023-08-30 06:49:53,753 [main] INFO  balancer.ContainerBalancerTask (ContainerBalancerTask.java:matchSourceWithTarget(722)) - ContainerBalancer matched source datanode 86b7cca4-2bd4-4556-bb9e-ffbcc0469474 with target datanode 188098df-ac1c-4220-9332-4e2c1d58a1c7 for container move.
2023-08-30 06:49:53,753 [main] INFO  balancer.ContainerBalancerTask (ContainerBalancerTask.java:processMoveSelection(569)) - ContainerBalancer is trying to move container #88 with size 3221225472B from source datanode 86b7cca4-2bd4-4556-bb9e-ffbcc0469474 to target datanode 188098df-ac1c-4220-9332-4e2c1d58a1c7
2023-08-30 06:49:53,753 [main] DEBUG balancer.ContainerBalancerTask (ContainerBalancerTask.java:lambda$moveContainer$3(837)) - Container move completed for container #88 from source 86b7cca4-2bd4-4556-bb9e-ffbcc0469474 to target 188098df-ac1c-4220-9332-4e2c1d58a1c7
2023-08-30 06:49:53,756 [main] DEBUG balancer.ContainerBalancerTask (ContainerBalancerTask.java:matchSourceWithTarget(708)) - ContainerBalancer is finding suitable target for source datanode d66f74d9-d044-43c5-9a1e-e682ac9c6418
2023-08-30 06:49:53,756 [main] INFO  balancer.ContainerBalancerTask (ContainerBalancerTask.java:matchSourceWithTarget(722)) - ContainerBalancer matched source datanode d66f74d9-d044-43c5-9a1e-e682ac9c6418 with target datanode 188098df-ac1c-4220-9332-4e2c1d58a1c7 for container move.
2023-08-30 06:49:53,756 [main] INFO  balancer.ContainerBalancerTask (ContainerBalancerTask.java:processMoveSelection(569)) - ContainerBalancer is trying to move container #68 with size 5368709120B from source datanode d66f74d9-d044-43c5-9a1e-e682ac9c6418 to target datanode 188098df-ac1c-4220-9332-4e2c1d58a1c7
2023-08-30 06:49:53,756 [main] DEBUG balancer.ContainerBalancerTask (ContainerBalancerTask.java:lambda$moveContainer$3(837)) - Container move completed for container #68 from source d66f74d9-d044-43c5-9a1e-e682ac9c6418 to target 188098df-ac1c-4220-9332-4e2c1d58a1c7
2023-08-30 06:49:53,759 [main] DEBUG balancer.ContainerBalancerTask (ContainerBalancerTask.java:matchSourceWithTarget(708)) - ContainerBalancer is finding suitable target for source datanode 86b7cca4-2bd4-4556-bb9e-ffbcc0469474
2023-08-30 06:49:53,759 [main] INFO  balancer.ContainerBalancerTask (ContainerBalancerTask.java:matchSourceWithTarget(722)) - ContainerBalancer matched source datanode 86b7cca4-2bd4-4556-bb9e-ffbcc0469474 with target datanode 188098df-ac1c-4220-9332-4e2c1d58a1c7 for container move.
2023-08-30 06:49:53,759 [main] INFO  balancer.ContainerBalancerTask (ContainerBalancerTask.java:processMoveSelection(569)) - ContainerBalancer is trying to move container #82 with size 2147483648B from source datanode 86b7cca4-2bd4-4556-bb9e-ffbcc0469474 to target datanode 188098df-ac1c-4220-9332-4e2c1d58a1c7
2023-08-30 06:49:53,760 [main] DEBUG balancer.ContainerBalancerTask (ContainerBalancerTask.java:lambda$moveContainer$3(837)) - Container move completed for container #82 from source 86b7cca4-2bd4-4556-bb9e-ffbcc0469474 to target 188098df-ac1c-4220-9332-4e2c1d58a1c7
2023-08-30 06:49:53,762 [main] DEBUG balancer.ContainerBalancerTask (ContainerBalancerTask.java:matchSourceWithTarget(708)) - ContainerBalancer is finding suitable target for source datanode 86b7cca4-2bd4-4556-bb9e-ffbcc0469474
2023-08-30 06:49:53,763 [main] INFO  balancer.ContainerBalancerTask (ContainerBalancerTask.java:matchSourceWithTarget(722)) - ContainerBalancer matched source datanode 86b7cca4-2bd4-4556-bb9e-ffbcc0469474 with target datanode 188098df-ac1c-4220-9332-4e2c1d58a1c7 for container move.
2023-08-30 06:49:53,763 [main] INFO  balancer.ContainerBalancerTask (ContainerBalancerTask.java:processMoveSelection(569)) - ContainerBalancer is trying to move container #36 with size 1073741824B from source datanode 86b7cca4-2bd4-4556-bb9e-ffbcc0469474 to target datanode 188098df-ac1c-4220-9332-4e2c1d58a1c7
2023-08-30 06:49:53,763 [main] DEBUG balancer.ContainerBalancerTask (ContainerBalancerTask.java:lambda$moveContainer$3(837)) - Container move completed for container #36 from source 86b7cca4-2bd4-4556-bb9e-ffbcc0469474 to target 188098df-ac1c-4220-9332-4e2c1d58a1c7
2023-08-30 06:49:53,766 [main] DEBUG balancer.ContainerBalancerTask (ContainerBalancerTask.java:matchSourceWithTarget(708)) - ContainerBalancer is finding suitable target for source datanode 86b7cca4-2bd4-4556-bb9e-ffbcc0469474
2023-08-30 06:49:53,766 [main] INFO  balancer.ContainerBalancerTask (ContainerBalancerTask.java:matchSourceWithTarget(722)) - ContainerBalancer matched source datanode 86b7cca4-2bd4-4556-bb9e-ffbcc0469474 with target datanode 085898ff-ed76-4ddf-8180-8ffe3cc3a7a3 for container move.
2023-08-30 06:49:53,766 [main] INFO  balancer.ContainerBalancerTask (ContainerBalancerTask.java:processMoveSelection(569)) - ContainerBalancer is trying to move container #28 with size 4294967296B from source datanode 86b7cca4-2bd4-4556-bb9e-ffbcc0469474 to target datanode 085898ff-ed76-4ddf-8180-8ffe3cc3a7a3
2023-08-30 06:49:53,766 [main] DEBUG balancer.ContainerBalancerTask (ContainerBalancerTask.java:lambda$moveContainer$3(837)) - Container move completed for container #28 from source 86b7cca4-2bd4-4556-bb9e-ffbcc0469474 to target 085898ff-ed76-4ddf-8180-8ffe3cc3a7a3
2023-08-30 06:49:53,769 [main] DEBUG balancer.ContainerBalancerTask (ContainerBalancerTask.java:matchSourceWithTarget(708)) - ContainerBalancer is finding suitable target for source datanode d66f74d9-d044-43c5-9a1e-e682ac9c6418
2023-08-30 06:49:53,769 [main] INFO  balancer.ContainerBalancerTask (ContainerBalancerTask.java:matchSourceWithTarget(722)) - ContainerBalancer matched source datanode d66f74d9-d044-43c5-9a1e-e682ac9c6418 with target datanode 188098df-ac1c-4220-9332-4e2c1d58a1c7 for container move.
2023-08-30 06:49:53,769 [main] INFO  balancer.ContainerBalancerTask (ContainerBalancerTask.java:processMoveSelection(569)) - ContainerBalancer is trying to move container #66 with size 3221225472B from source datanode d66f74d9-d044-43c5-9a1e-e682ac9c6418 to target datanode 188098df-ac1c-4220-9332-4e2c1d58a1c7
2023-08-30 06:49:53,769 [main] DEBUG balancer.ContainerBalancerTask (ContainerBalancerTask.java:lambda$moveContainer$3(837)) - Container move completed for container #66 from source d66f74d9-d044-43c5-9a1e-e682ac9c6418 to target 188098df-ac1c-4220-9332-4e2c1d58a1c7
2023-08-30 06:49:53,772 [main] DEBUG balancer.ContainerBalancerTask (ContainerBalancerTask.java:matchSourceWithTarget(708)) - ContainerBalancer is finding suitable target for source datanode 38a2f9b4-be66-4f8d-8e63-13e8706e2a61
2023-08-30 06:49:53,772 [main] INFO  balancer.ContainerBalancerTask (ContainerBalancerTask.java:matchSourceWithTarget(722)) - ContainerBalancer matched source datanode 38a2f9b4-be66-4f8d-8e63-13e8706e2a61 with target datanode 188098df-ac1c-4220-9332-4e2c1d58a1c7 for container move.
2023-08-30 06:49:53,772 [main] INFO  balancer.ContainerBalancerTask (ContainerBalancerTask.java:processMoveSelection(569)) - ContainerBalancer is trying to move container #52 with size 4294967296B from source datanode 38a2f9b4-be66-4f8d-8e63-13e8706e2a61 to target datanode 188098df-ac1c-4220-9332-4e2c1d58a1c7
2023-08-30 06:49:53,772 [main] DEBUG balancer.ContainerBalancerTask (ContainerBalancerTask.java:lambda$moveContainer$3(837)) - Container move completed for container #52 from source 38a2f9b4-be66-4f8d-8e63-13e8706e2a61 to target 188098df-ac1c-4220-9332-4e2c1d58a1c7
2023-08-30 06:49:53,776 [main] DEBUG balancer.ContainerBalancerTask (ContainerBalancerTask.java:matchSourceWithTarget(708)) - ContainerBalancer is finding suitable target for source datanode 86b7cca4-2bd4-4556-bb9e-ffbcc0469474
2023-08-30 06:49:53,776 [main] INFO  balancer.ContainerBalancerTask (ContainerBalancerTask.java:matchSourceWithTarget(722)) - ContainerBalancer matched source datanode 86b7cca4-2bd4-4556-bb9e-ffbcc0469474 with target datanode 41a27677-bad5-4e70-9755-d04e81720d3a for container move.
2023-08-30 06:49:53,776 [main] INFO  balancer.ContainerBalancerTask (ContainerBalancerTask.java:processMoveSelection(569)) - ContainerBalancer is trying to move container #70 with size 2147483648B from source datanode 86b7cca4-2bd4-4556-bb9e-ffbcc0469474 to target datanode 41a27677-bad5-4e70-9755-d04e81720d3a
2023-08-30 06:49:53,776 [main] DEBUG balancer.ContainerBalancerTask (ContainerBalancerTask.java:lambda$moveContainer$3(837)) - Container move completed for container #70 from source 86b7cca4-2bd4-4556-bb9e-ffbcc0469474 to target 41a27677-bad5-4e70-9755-d04e81720d3a
2023-08-30 06:49:53,779 [main] DEBUG balancer.ContainerBalancerTask (ContainerBalancerTask.java:matchSourceWithTarget(708)) - ContainerBalancer is finding suitable target for source datanode d66f74d9-d044-43c5-9a1e-e682ac9c6418
2023-08-30 06:49:53,779 [main] INFO  balancer.ContainerBalancerTask (ContainerBalancerTask.java:matchSourceWithTarget(722)) - ContainerBalancer matched source datanode d66f74d9-d044-43c5-9a1e-e682ac9c6418 with target datanode 188098df-ac1c-4220-9332-4e2c1d58a1c7 for container move.
2023-08-30 06:49:53,779 [main] INFO  balancer.ContainerBalancerTask (ContainerBalancerTask.java:processMoveSelection(569)) - ContainerBalancer is trying to move container #38 with size 3221225472B from source datanode d66f74d9-d044-43c5-9a1e-e682ac9c6418 to target datanode 188098df-ac1c-4220-9332-4e2c1d58a1c7
2023-08-30 06:49:53,779 [main] DEBUG balancer.ContainerBalancerTask (ContainerBalancerTask.java:lambda$moveContainer$3(837)) - Container move completed for container #38 from source d66f74d9-d044-43c5-9a1e-e682ac9c6418 to target 188098df-ac1c-4220-9332-4e2c1d58a1c7
2023-08-30 06:49:53,783 [main] DEBUG balancer.ContainerBalancerTask (ContainerBalancerTask.java:matchSourceWithTarget(708)) - ContainerBalancer is finding suitable target for source datanode 86b7cca4-2bd4-4556-bb9e-ffbcc0469474
2023-08-30 06:49:53,783 [main] INFO  balancer.ContainerBalancerTask (ContainerBalancerTask.java:matchSourceWithTarget(722)) - ContainerBalancer matched source datanode 86b7cca4-2bd4-4556-bb9e-ffbcc0469474 with target datanode 085898ff-ed76-4ddf-8180-8ffe3cc3a7a3 for container move.
2023-08-30 06:49:53,783 [main] INFO  balancer.ContainerBalancerTask (ContainerBalancerTask.java:processMoveSelection(569)) - ContainerBalancer is trying to move container #86 with size 1073741824B from source datanode 86b7cca4-2bd4-4556-bb9e-ffbcc0469474 to target datanode 085898ff-ed76-4ddf-8180-8ffe3cc3a7a3
2023-08-30 06:49:53,783 [main] DEBUG balancer.ContainerBalancerTask (ContainerBalancerTask.java:lambda$moveContainer$3(837)) - Container move completed for container #86 from source 86b7cca4-2bd4-4556-bb9e-ffbcc0469474 to target 085898ff-ed76-4ddf-8180-8ffe3cc3a7a3
2023-08-30 06:49:53,786 [main] DEBUG balancer.ContainerBalancerTask (ContainerBalancerTask.java:matchSourceWithTarget(708)) - ContainerBalancer is finding suitable target for source datanode 38a2f9b4-be66-4f8d-8e63-13e8706e2a61
2023-08-30 06:49:53,786 [main] INFO  balancer.ContainerBalancerTask (ContainerBalancerTask.java:matchSourceWithTarget(722)) - ContainerBalancer matched source datanode 38a2f9b4-be66-4f8d-8e63-13e8706e2a61 with target datanode 188098df-ac1c-4220-9332-4e2c1d58a1c7 for container move.
2023-08-30 06:49:53,786 [main] INFO  balancer.ContainerBalancerTask (ContainerBalancerTask.java:processMoveSelection(569)) - ContainerBalancer is trying to move container #50 with size 2147483648B from source datanode 38a2f9b4-be66-4f8d-8e63-13e8706e2a61 to target datanode 188098df-ac1c-4220-9332-4e2c1d58a1c7
2023-08-30 06:49:53,786 [main] DEBUG balancer.ContainerBalancerTask (ContainerBalancerTask.java:lambda$moveContainer$3(837)) - Container move completed for container #50 from source 38a2f9b4-be66-4f8d-8e63-13e8706e2a61 to target 188098df-ac1c-4220-9332-4e2c1d58a1c7
2023-08-30 06:49:53,790 [main] DEBUG balancer.ContainerBalancerTask (ContainerBalancerTask.java:matchSourceWithTarget(701)) - ContainerBalancer could not find any candidate containers for datanode 86b7cca4-2bd4-4556-bb9e-ffbcc0469474
2023-08-30 06:49:53,793 [main] DEBUG balancer.ContainerBalancerTask (ContainerBalancerTask.java:matchSourceWithTarget(708)) - ContainerBalancer is finding suitable target for source datanode d66f74d9-d044-43c5-9a1e-e682ac9c6418
2023-08-30 06:49:53,793 [main] INFO  balancer.ContainerBalancerTask (ContainerBalancerTask.java:matchSourceWithTarget(722)) - ContainerBalancer matched source datanode d66f74d9-d044-43c5-9a1e-e682ac9c6418 with target datanode 188098df-ac1c-4220-9332-4e2c1d58a1c7 for container move.
2023-08-30 06:49:53,793 [main] INFO  balancer.ContainerBalancerTask (ContainerBalancerTask.java:processMoveSelection(569)) - ContainerBalancer is trying to move container #16 with size 1073741824B from source datanode d66f74d9-d044-43c5-9a1e-e682ac9c6418 to target datanode 188098df-ac1c-4220-9332-4e2c1d58a1c7
2023-08-30 06:49:53,793 [main] DEBUG balancer.ContainerBalancerTask (ContainerBalancerTask.java:lambda$moveContainer$3(837)) - Container move completed for container #16 from source d66f74d9-d044-43c5-9a1e-e682ac9c6418 to target 188098df-ac1c-4220-9332-4e2c1d58a1c7
2023-08-30 06:49:53,796 [main] DEBUG balancer.ContainerBalancerTask (ContainerBalancerTask.java:matchSourceWithTarget(708)) - ContainerBalancer is finding suitable target for source datanode 38a2f9b4-be66-4f8d-8e63-13e8706e2a61
2023-08-30 06:49:53,797 [main] INFO  balancer.ContainerBalancerTask (ContainerBalancerTask.java:matchSourceWithTarget(722)) - ContainerBalancer matched source datanode 38a2f9b4-be66-4f8d-8e63-13e8706e2a61 with target datanode 188098df-ac1c-4220-9332-4e2c1d58a1c7 for container move.
2023-08-30 06:49:53,797 [main] INFO  balancer.ContainerBalancerTask (ContainerBalancerTask.java:processMoveSelection(569)) - ContainerBalancer is trying to move container #54 with size 1073741824B from source datanode 38a2f9b4-be66-4f8d-8e63-13e8706e2a61 to target datanode 188098df-ac1c-4220-9332-4e2c1d58a1c7
2023-08-30 06:49:53,797 [main] DEBUG balancer.ContainerBalancerTask (ContainerBalancerTask.java:lambda$moveContainer$3(837)) - Container move completed for container #54 from source 38a2f9b4-be66-4f8d-8e63-13e8706e2a61 to target 188098df-ac1c-4220-9332-4e2c1d58a1c7
2023-08-30 06:49:53,800 [main] DEBUG balancer.ContainerBalancerTask (ContainerBalancerTask.java:matchSourceWithTarget(708)) - ContainerBalancer is finding suitable target for source datanode d66f74d9-d044-43c5-9a1e-e682ac9c6418
2023-08-30 06:49:53,800 [main] INFO  balancer.ContainerBalancerTask (ContainerBalancerTask.java:matchSourceWithTarget(722)) - ContainerBalancer matched source datanode d66f74d9-d044-43c5-9a1e-e682ac9c6418 with target datanode 41a27677-bad5-4e70-9755-d04e81720d3a for container move.
2023-08-30 06:49:53,800 [main] INFO  balancer.ContainerBalancerTask (ContainerBalancerTask.java:processMoveSelection(569)) - ContainerBalancer is trying to move container #64 with size 1073741824B from source datanode d66f74d9-d044-43c5-9a1e-e682ac9c6418 to target datanode 41a27677-bad5-4e70-9755-d04e81720d3a
2023-08-30 06:49:53,801 [main] DEBUG balancer.ContainerBalancerTask (ContainerBalancerTask.java:lambda$moveContainer$3(837)) - Container move completed for container #64 from source d66f74d9-d044-43c5-9a1e-e682ac9c6418 to target 41a27677-bad5-4e70-9755-d04e81720d3a
2023-08-30 06:49:53,804 [main] DEBUG balancer.ContainerBalancerTask (ContainerBalancerTask.java:matchSourceWithTarget(701)) - ContainerBalancer could not find any candidate containers for datanode 38a2f9b4-be66-4f8d-8e63-13e8706e2a61
2023-08-30 06:49:53,807 [main] DEBUG balancer.ContainerBalancerTask (ContainerBalancerTask.java:matchSourceWithTarget(708)) - ContainerBalancer is finding suitable target for source datanode 65945ba4-634e-4628-94ee-5ea3f7935ee3
2023-08-30 06:49:53,807 [main] INFO  balancer.ContainerBalancerTask (ContainerBalancerTask.java:matchSourceWithTarget(722)) - ContainerBalancer matched source datanode 65945ba4-634e-4628-94ee-5ea3f7935ee3 with target datanode 188098df-ac1c-4220-9332-4e2c1d58a1c7 for container move.
2023-08-30 06:49:53,807 [main] INFO  balancer.ContainerBalancerTask (ContainerBalancerTask.java:processMoveSelection(569)) - ContainerBalancer is trying to move container #40 with size 5368709120B from source datanode 65945ba4-634e-4628-94ee-5ea3f7935ee3 to target datanode 188098df-ac1c-4220-9332-4e2c1d58a1c7
2023-08-30 06:49:53,807 [main] DEBUG balancer.ContainerBalancerTask (ContainerBalancerTask.java:lambda$moveContainer$3(837)) - Container move completed for container #40 from source 65945ba4-634e-4628-94ee-5ea3f7935ee3 to target 188098df-ac1c-4220-9332-4e2c1d58a1c7
2023-08-30 06:49:53,810 [main] DEBUG balancer.ContainerBalancerTask (ContainerBalancerTask.java:matchSourceWithTarget(701)) - ContainerBalancer could not find any candidate containers for datanode d66f74d9-d044-43c5-9a1e-e682ac9c6418
2023-08-30 06:49:53,814 [main] DEBUG balancer.ContainerBalancerTask (ContainerBalancerTask.java:matchSourceWithTarget(708)) - ContainerBalancer is finding suitable target for source datanode 65945ba4-634e-4628-94ee-5ea3f7935ee3
2023-08-30 06:49:53,814 [main] INFO  balancer.ContainerBalancerTask (ContainerBalancerTask.java:matchSourceWithTarget(722)) - ContainerBalancer matched source datanode 65945ba4-634e-4628-94ee-5ea3f7935ee3 with target datanode 188098df-ac1c-4220-9332-4e2c1d58a1c7 for container move.
2023-08-30 06:49:53,814 [main] INFO  balancer.ContainerBalancerTask (ContainerBalancerTask.java:processMoveSelection(569)) - ContainerBalancer is trying to move container #26 with size 2147483648B from source datanode 65945ba4-634e-4628-94ee-5ea3f7935ee3 to target datanode 188098df-ac1c-4220-9332-4e2c1d58a1c7
2023-08-30 06:49:53,814 [main] DEBUG balancer.ContainerBalancerTask (ContainerBalancerTask.java:lambda$moveContainer$3(837)) - Container move completed for container #26 from source 65945ba4-634e-4628-94ee-5ea3f7935ee3 to target 188098df-ac1c-4220-9332-4e2c1d58a1c7
2023-08-30 06:49:53,818 [main] DEBUG balancer.ContainerBalancerTask (ContainerBalancerTask.java:matchSourceWithTarget(708)) - ContainerBalancer is finding suitable target for source datanode 2029662c-bbc7-4337-9440-84f4f6f17a64
2023-08-30 06:49:53,818 [main] INFO  balancer.ContainerBalancerTask (ContainerBalancerTask.java:matchSourceWithTarget(722)) - ContainerBalancer matched source datanode 2029662c-bbc7-4337-9440-84f4f6f17a64 with target datanode 188098df-ac1c-4220-9332-4e2c1d58a1c7 for container move.
2023-08-30 06:49:53,818 [main] INFO  balancer.ContainerBalancerTask (ContainerBalancerTask.java:processMoveSelection(569)) - ContainerBalancer is trying to move container #18 with size 3221225472B from source datanode 2029662c-bbc7-4337-9440-84f4f6f17a64 to target datanode 188098df-ac1c-4220-9332-4e2c1d58a1c7
2023-08-30 06:49:53,818 [main] DEBUG balancer.ContainerBalancerTask (ContainerBalancerTask.java:lambda$moveContainer$3(837)) - Container move completed for container #18 from source 2029662c-bbc7-4337-9440-84f4f6f17a64 to target 188098df-ac1c-4220-9332-4e2c1d58a1c7
2023-08-30 06:49:53,820 [main] DEBUG balancer.ContainerBalancerTask (ContainerBalancerTask.java:matchSourceWithTarget(708)) - ContainerBalancer is finding suitable target for source datanode 65945ba4-634e-4628-94ee-5ea3f7935ee3
2023-08-30 06:49:53,820 [main] INFO  balancer.ContainerBalancerTask (ContainerBalancerTask.java:matchSourceWithTarget(722)) - ContainerBalancer matched source datanode 65945ba4-634e-4628-94ee-5ea3f7935ee3 with target datanode 188098df-ac1c-4220-9332-4e2c1d58a1c7 for container move.
2023-08-30 06:49:53,820 [main] INFO  balancer.ContainerBalancerTask (ContainerBalancerTask.java:processMoveSelection(569)) - ContainerBalancer is trying to move container #10 with size 2147483648B from source datanode 65945ba4-634e-4628-94ee-5ea3f7935ee3 to target datanode 188098df-ac1c-4220-9332-4e2c1d58a1c7
2023-08-30 06:49:53,820 [main] DEBUG balancer.ContainerBalancerTask (ContainerBalancerTask.java:lambda$moveContainer$3(837)) - Container move completed for container #10 from source 65945ba4-634e-4628-94ee-5ea3f7935ee3 to target 188098df-ac1c-4220-9332-4e2c1d58a1c7
2023-08-30 06:49:53,824 [main] DEBUG balancer.ContainerBalancerTask (ContainerBalancerTask.java:matchSourceWithTarget(708)) - ContainerBalancer is finding suitable target for source datanode 2029662c-bbc7-4337-9440-84f4f6f17a64
2023-08-30 06:49:53,824 [main] INFO  balancer.ContainerBalancerTask (ContainerBalancerTask.java:matchSourceWithTarget(722)) - ContainerBalancer matched source datanode 2029662c-bbc7-4337-9440-84f4f6f17a64 with target datanode 188098df-ac1c-4220-9332-4e2c1d58a1c7 for container move.
2023-08-30 06:49:53,825 [main] INFO  balancer.ContainerBalancerTask (ContainerBalancerTask.java:processMoveSelection(569)) - ContainerBalancer is trying to move container #4 with size 1073741824B from source datanode 2029662c-bbc7-4337-9440-84f4f6f17a64 to target datanode 188098df-ac1c-4220-9332-4e2c1d58a1c7
2023-08-30 06:49:53,825 [main] DEBUG balancer.ContainerBalancerTask (ContainerBalancerTask.java:lambda$moveContainer$3(837)) - Container move completed for container #4 from source 2029662c-bbc7-4337-9440-84f4f6f17a64 to target 188098df-ac1c-4220-9332-4e2c1d58a1c7
2023-08-30 06:49:53,825 [main] WARN  balancer.ContainerBalancerTask (ContainerBalancerTask.java:reachedMaxSizeToMovePerIteration(733)) - Reached max size to move limit. 53687091200 bytes have already been scheduled for balancing and the limit is 53687091200 bytes.
2023-08-30 06:49:53,825 [main] INFO  balancer.ContainerBalancerTask (ContainerBalancerTask.java:checkIterationMoveResults(642)) - Iteration Summary. Number of Datanodes involved: 8. Size moved: 50 GB (53687091200 Bytes). Number of Container moves completed: 20.
2023-08-30 06:49:53,825 [main] INFO  balancer.ContainerBalancerTask (ContainerBalancerTask.java:balance(259)) - Result of this iteration of Container Balancer: ITERATION_COMPLETED
2023-08-30 06:49:53,825 [main] INFO  balancer.ContainerBalancerTask (ContainerBalancerTask.java:tryStopWithSaveConfiguration(308)) - Save Configuration for stopping. Reason: Completed all iterations.
2023-08-30 06:49:53,826 [main] DEBUG balancer.ContainerBalancerTask (ContainerBalancerTask.java:initializeIteration(374)) - Average utilization of the cluster is 0.34586450647579964
2023-08-30 06:49:53,827 [main] DEBUG balancer.ContainerBalancerTask (ContainerBalancerTask.java:initializeIteration(386)) - Lower limit for utilization is 0.24586450647579963 and Upper limit for utilization is 0.44586450647579967
2023-08-30 06:49:53,827 [main] DEBUG balancer.ContainerBalancerTask (ContainerBalancerTask.java:initializeIteration(398)) - Utilization for node 86b7cca4-2bd4-4556-bb9e-ffbcc0469474 with capacity 68003648853B, used 61203283968B, and remaining 6800364885B is 0.9000000000044115
2023-08-30 06:49:53,827 [main] DEBUG balancer.ContainerBalancerTask (ContainerBalancerTask.java:initializeIteration(398)) - Utilization for node d66f74d9-d044-43c5-9a1e-e682ac9c6418 with capacity 68451041280B, used 54760833024B, and remaining 13690208256B is 0.8
2023-08-30 06:49:53,827 [main] DEBUG balancer.ContainerBalancerTask (ContainerBalancerTask.java:initializeIteration(398)) - Utilization for node 38a2f9b4-be66-4f8d-8e63-13e8706e2a61 with capacity 81297595245B, used 56908316672B, and remaining 24389278573B is 0.7000000000061503
2023-08-30 06:49:53,827 [main] DEBUG balancer.ContainerBalancerTask (ContainerBalancerTask.java:initializeIteration(398)) - Utilization for node 65945ba4-634e-4628-94ee-5ea3f7935ee3 with capacity 73372357973B, used 44023414784B, and remaining 29348943189B is 0.6000000000027258
2023-08-30 06:49:53,827 [main] DEBUG balancer.ContainerBalancerTask (ContainerBalancerTask.java:initializeIteration(398)) - Utilization for node 2029662c-bbc7-4337-9440-84f4f6f17a64 with capacity 115964116992B, used 57982058496B, and remaining 57982058496B is 0.5
2023-08-30 06:49:53,827 [main] DEBUG balancer.ContainerBalancerTask (ContainerBalancerTask.java:initializeIteration(398)) - Utilization for node 813b5c74-1c56-45fb-994f-9db5982c361d with capacity 115427246080B, used 46170898432B, and remaining 69256347648B is 0.4
2023-08-30 06:49:53,827 [main] DEBUG balancer.ContainerBalancerTask (ContainerBalancerTask.java:initializeIteration(398)) - Utilization for node 873f66fb-9da8-4caf-91d1-e81b4719fe9f with capacity 150323855360B, used 45097156608B, and remaining 105226698752B is 0.3
2023-08-30 06:49:53,827 [main] DEBUG balancer.ContainerBalancerTask (ContainerBalancerTask.java:initializeIteration(398)) - Utilization for node 085898ff-ed76-4ddf-8180-8ffe3cc3a7a3 with capacity 75161927680B, used 15032385536B, and remaining 60129542144B is 0.2
2023-08-30 06:49:53,827 [main] DEBUG balancer.ContainerBalancerTask (ContainerBalancerTask.java:initializeIteration(398)) - Utilization for node 188098df-ac1c-4220-9332-4e2c1d58a1c7 with capacity 472446402560B, used 47244640256B, and remaining 425201762304B is 0.1
2023-08-30 06:49:53,827 [main] DEBUG balancer.ContainerBalancerTask (ContainerBalancerTask.java:initializeIteration(398)) - Utilization for node 41a27677-bad5-4e70-9755-d04e81720d3a with capacity 18253611008B, used 0B, and remaining 18253611008B is 0.0
2023-08-30 06:49:53,828 [main] INFO  balancer.ContainerBalancerTask (ContainerBalancerTask.java:initializeIteration(447)) - Container Balancer has identified 5 Over-Utilized and 3 Under-Utilized Datanodes that need to be balanced.
2023-08-30 06:49:53,828 [main] DEBUG balancer.ContainerBalancerTask (ContainerBalancerTask.java:lambda$initializeIteration$1(453)) - Datanode localhost-137.159.30.200 86b7cca4-2bd4-4556-bb9e-ffbcc0469474 is Over-Utilized.
2023-08-30 06:49:53,828 [main] DEBUG balancer.ContainerBalancerTask (ContainerBalancerTask.java:lambda$initializeIteration$1(453)) - Datanode localhost-0.206.229.220 d66f74d9-d044-43c5-9a1e-e682ac9c6418 is Over-Utilized.
2023-08-30 06:49:53,828 [main] DEBUG balancer.ContainerBalancerTask (ContainerBalancerTask.java:lambda$initializeIteration$1(453)) - Datanode localhost-126.185.126.39 38a2f9b4-be66-4f8d-8e63-13e8706e2a61 is Over-Utilized.
2023-08-30 06:49:53,828 [main] DEBUG balancer.ContainerBalancerTask (ContainerBalancerTask.java:lambda$initializeIteration$1(453)) - Datanode localhost-99.144.210.200 65945ba4-634e-4628-94ee-5ea3f7935ee3 is Over-Utilized.
2023-08-30 06:49:53,828 [main] DEBUG balancer.ContainerBalancerTask (ContainerBalancerTask.java:lambda$initializeIteration$1(453)) - Datanode localhost-71.7.235.43 2029662c-bbc7-4337-9440-84f4f6f17a64 is Over-Utilized.
2023-08-30 06:49:53,828 [main] DEBUG balancer.ContainerBalancerTask (ContainerBalancerTask.java:lambda$initializeIteration$2(459)) - Datanode localhost-55.101.91.50 41a27677-bad5-4e70-9755-d04e81720d3a is Under-Utilized.
2023-08-30 06:49:53,828 [main] DEBUG balancer.ContainerBalancerTask (ContainerBalancerTask.java:lambda$initializeIteration$2(459)) - Datanode localhost-20.118.147.248 188098df-ac1c-4220-9332-4e2c1d58a1c7 is Under-Utilized.
2023-08-30 06:49:53,828 [main] DEBUG balancer.ContainerBalancerTask (ContainerBalancerTask.java:lambda$initializeIteration$2(459)) - Datanode localhost-197.80.41.63 085898ff-ed76-4ddf-8180-8ffe3cc3a7a3 is Under-Utilized.
2023-08-30 06:49:53,831 [main] DEBUG balancer.ContainerBalancerTask (ContainerBalancerTask.java:matchSourceWithTarget(708)) - ContainerBalancer is finding suitable target for source datanode 86b7cca4-2bd4-4556-bb9e-ffbcc0469474
2023-08-30 06:49:53,831 [main] INFO  balancer.ContainerBalancerTask (ContainerBalancerTask.java:matchSourceWithTarget(722)) - ContainerBalancer matched source datanode 86b7cca4-2bd4-4556-bb9e-ffbcc0469474 with target datanode 41a27677-bad5-4e70-9755-d04e81720d3a for container move.
2023-08-30 06:49:53,831 [main] INFO  balancer.ContainerBalancerTask (ContainerBalancerTask.java:processMoveSelection(569)) - ContainerBalancer is trying to move container #85 with size 5368709120B from source datanode 86b7cca4-2bd4-4556-bb9e-ffbcc0469474 to target datanode 41a27677-bad5-4e70-9755-d04e81720d3a
2023-08-30 06:49:53,832 [main] DEBUG balancer.ContainerBalancerTask (ContainerBalancerTask.java:lambda$moveContainer$3(837)) - Container move completed for container #85 from source 86b7cca4-2bd4-4556-bb9e-ffbcc0469474 to target 41a27677-bad5-4e70-9755-d04e81720d3a
2023-08-30 06:49:53,834 [main] DEBUG balancer.ContainerBalancerTask (ContainerBalancerTask.java:matchSourceWithTarget(708)) - ContainerBalancer is finding suitable target for source datanode 86b7cca4-2bd4-4556-bb9e-ffbcc0469474
2023-08-30 06:49:53,835 [main] INFO  balancer.ContainerBalancerTask (ContainerBalancerTask.java:matchSourceWithTarget(722)) - ContainerBalancer matched source datanode 86b7cca4-2bd4-4556-bb9e-ffbcc0469474 with target datanode 188098df-ac1c-4220-9332-4e2c1d58a1c7 for container move.
2023-08-30 06:49:53,835 [main] INFO  balancer.ContainerBalancerTask (ContainerBalancerTask.java:processMoveSelection(569)) - ContainerBalancer is trying to move container #19 with size 4294967296B from source datanode 86b7cca4-2bd4-4556-bb9e-ffbcc0469474 to target datanode 188098df-ac1c-4220-9332-4e2c1d58a1c7
2023-08-30 06:49:53,835 [main] DEBUG balancer.ContainerBalancerTask (ContainerBalancerTask.java:lambda$moveContainer$3(837)) - Container move completed for container #19 from source 86b7cca4-2bd4-4556-bb9e-ffbcc0469474 to target 188098df-ac1c-4220-9332-4e2c1d58a1c7
2023-08-30 06:49:53,837 [main] DEBUG balancer.ContainerBalancerTask (ContainerBalancerTask.java:matchSourceWithTarget(708)) - ContainerBalancer is finding suitable target for source datanode d66f74d9-d044-43c5-9a1e-e682ac9c6418
2023-08-30 06:49:53,837 [main] INFO  balancer.ContainerBalancerTask (ContainerBalancerTask.java:matchSourceWithTarget(722)) - ContainerBalancer matched source datanode d66f74d9-d044-43c5-9a1e-e682ac9c6418 with target datanode 188098df-ac1c-4220-9332-4e2c1d58a1c7 for container move.
2023-08-30 06:49:53,838 [main] INFO  balancer.ContainerBalancerTask (ContainerBalancerTask.java:processMoveSelection(569)) - ContainerBalancer is trying to move container #68 with size 5368709120B from source datanode d66f74d9-d044-43c5-9a1e-e682ac9c6418 to target datanode 188098df-ac1c-4220-9332-4e2c1d58a1c7
2023-08-30 06:49:53,838 [main] DEBUG balancer.ContainerBalancerTask (ContainerBalancerTask.java:lambda$moveContainer$3(837)) - Container move completed for container #68 from source d66f74d9-d044-43c5-9a1e-e682ac9c6418 to target 188098df-ac1c-4220-9332-4e2c1d58a1c7
2023-08-30 06:49:53,841 [main] DEBUG balancer.ContainerBalancerTask (ContainerBalancerTask.java:matchSourceWithTarget(708)) - ContainerBalancer is finding suitable target for source datanode 86b7cca4-2bd4-4556-bb9e-ffbcc0469474
2023-08-30 06:49:53,841 [main] INFO  balancer.ContainerBalancerTask (ContainerBalancerTask.java:matchSourceWithTarget(722)) - ContainerBalancer matched source datanode 86b7cca4-2bd4-4556-bb9e-ffbcc0469474 with target datanode 188098df-ac1c-4220-9332-4e2c1d58a1c7 for container move.
2023-08-30 06:49:53,841 [main] INFO  balancer.ContainerBalancerTask (ContainerBalancerTask.java:processMoveSelection(569)) - ContainerBalancer is trying to move container #88 with size 3221225472B from source datanode 86b7cca4-2bd4-4556-bb9e-ffbcc0469474 to target datanode 188098df-ac1c-4220-9332-4e2c1d58a1c7
2023-08-30 06:49:53,841 [main] DEBUG balancer.ContainerBalancerTask (ContainerBalancerTask.java:lambda$moveContainer$3(837)) - Container move completed for container #88 from source 86b7cca4-2bd4-4556-bb9e-ffbcc0469474 to target 188098df-ac1c-4220-9332-4e2c1d58a1c7
2023-08-30 06:49:53,844 [main] DEBUG balancer.ContainerBalancerTask (ContainerBalancerTask.java:matchSourceWithTarget(708)) - ContainerBalancer is finding suitable target for source datanode d66f74d9-d044-43c5-9a1e-e682ac9c6418
2023-08-30 06:49:53,844 [main] INFO  balancer.ContainerBalancerTask (ContainerBalancerTask.java:matchSourceWithTarget(722)) - ContainerBalancer matched source datanode d66f74d9-d044-43c5-9a1e-e682ac9c6418 with target datanode 188098df-ac1c-4220-9332-4e2c1d58a1c7 for container move.
2023-08-30 06:49:53,844 [main] INFO  balancer.ContainerBalancerTask (ContainerBalancerTask.java:processMoveSelection(569)) - ContainerBalancer is trying to move container #39 with size 4294967296B from source datanode d66f74d9-d044-43c5-9a1e-e682ac9c6418 to target datanode 188098df-ac1c-4220-9332-4e2c1d58a1c7
2023-08-30 06:49:53,844 [main] DEBUG balancer.ContainerBalancerTask (ContainerBalancerTask.java:lambda$moveContainer$3(837)) - Container move completed for container #39 from source d66f74d9-d044-43c5-9a1e-e682ac9c6418 to target 188098df-ac1c-4220-9332-4e2c1d58a1c7
2023-08-30 06:49:53,847 [main] DEBUG balancer.ContainerBalancerTask (ContainerBalancerTask.java:matchSourceWithTarget(708)) - ContainerBalancer is finding suitable target for source datanode 86b7cca4-2bd4-4556-bb9e-ffbcc0469474
2023-08-30 06:49:53,848 [main] INFO  balancer.ContainerBalancerTask (ContainerBalancerTask.java:matchSourceWithTarget(722)) - ContainerBalancer matched source datanode 86b7cca4-2bd4-4556-bb9e-ffbcc0469474 with target datanode 188098df-ac1c-4220-9332-4e2c1d58a1c7 for container move.
2023-08-30 06:49:53,850 [main] INFO  balancer.ContainerBalancerTask (ContainerBalancerTask.java:processMoveSelection(569)) - ContainerBalancer is trying to move container #83 with size 3221225472B from source datanode 86b7cca4-2bd4-4556-bb9e-ffbcc0469474 to target datanode 188098df-ac1c-4220-9332-4e2c1d58a1c7
2023-08-30 06:49:53,850 [main] DEBUG balancer.ContainerBalancerTask (ContainerBalancerTask.java:lambda$moveContainer$3(837)) - Container move completed for container #83 from source 86b7cca4-2bd4-4556-bb9e-ffbcc0469474 to target 188098df-ac1c-4220-9332-4e2c1d58a1c7
2023-08-30 06:49:53,852 [main] DEBUG balancer.ContainerBalancerTask (ContainerBalancerTask.java:matchSourceWithTarget(708)) - ContainerBalancer is finding suitable target for source datanode 38a2f9b4-be66-4f8d-8e63-13e8706e2a61
2023-08-30 06:49:53,853 [main] INFO  balancer.ContainerBalancerTask (ContainerBalancerTask.java:matchSourceWithTarget(722)) - ContainerBalancer matched source datanode 38a2f9b4-be66-4f8d-8e63-13e8706e2a61 with target datanode 188098df-ac1c-4220-9332-4e2c1d58a1c7 for container move.
2023-08-30 06:49:53,853 [main] INFO  balancer.ContainerBalancerTask (ContainerBalancerTask.java:processMoveSelection(569)) - ContainerBalancer is trying to move container #52 with size 4294967296B from source datanode 38a2f9b4-be66-4f8d-8e63-13e8706e2a61 to target datanode 188098df-ac1c-4220-9332-4e2c1d58a1c7
2023-08-30 06:49:53,853 [main] DEBUG balancer.ContainerBalancerTask (ContainerBalancerTask.java:lambda$moveContainer$3(837)) - Container move completed for container #52 from source 38a2f9b4-be66-4f8d-8e63-13e8706e2a61 to target 188098df-ac1c-4220-9332-4e2c1d58a1c7
2023-08-30 06:49:53,856 [main] DEBUG balancer.ContainerBalancerTask (ContainerBalancerTask.java:matchSourceWithTarget(708)) - ContainerBalancer is finding suitable target for source datanode 86b7cca4-2bd4-4556-bb9e-ffbcc0469474
2023-08-30 06:49:53,856 [main] INFO  balancer.ContainerBalancerTask (ContainerBalancerTask.java:matchSourceWithTarget(722)) - ContainerBalancer matched source datanode 86b7cca4-2bd4-4556-bb9e-ffbcc0469474 with target datanode 188098df-ac1c-4220-9332-4e2c1d58a1c7 for container move.
2023-08-30 06:49:53,856 [main] INFO  balancer.ContainerBalancerTask (ContainerBalancerTask.java:processMoveSelection(569)) - ContainerBalancer is trying to move container #27 with size 3221225472B from source datanode 86b7cca4-2bd4-4556-bb9e-ffbcc0469474 to target datanode 188098df-ac1c-4220-9332-4e2c1d58a1c7
2023-08-30 06:49:53,856 [main] DEBUG balancer.ContainerBalancerTask (ContainerBalancerTask.java:lambda$moveContainer$3(837)) - Container move completed for container #27 from source 86b7cca4-2bd4-4556-bb9e-ffbcc0469474 to target 188098df-ac1c-4220-9332-4e2c1d58a1c7
2023-08-30 06:49:53,859 [main] DEBUG balancer.ContainerBalancerTask (ContainerBalancerTask.java:matchSourceWithTarget(708)) - ContainerBalancer is finding suitable target for source datanode d66f74d9-d044-43c5-9a1e-e682ac9c6418
2023-08-30 06:49:53,859 [main] INFO  balancer.ContainerBalancerTask (ContainerBalancerTask.java:matchSourceWithTarget(722)) - ContainerBalancer matched source datanode d66f74d9-d044-43c5-9a1e-e682ac9c6418 with target datanode 188098df-ac1c-4220-9332-4e2c1d58a1c7 for container move.
2023-08-30 06:49:53,859 [main] INFO  balancer.ContainerBalancerTask (ContainerBalancerTask.java:processMoveSelection(569)) - ContainerBalancer is trying to move container #66 with size 3221225472B from source datanode d66f74d9-d044-43c5-9a1e-e682ac9c6418 to target datanode 188098df-ac1c-4220-9332-4e2c1d58a1c7
2023-08-30 06:49:53,860 [main] DEBUG balancer.ContainerBalancerTask (ContainerBalancerTask.java:lambda$moveContainer$3(837)) - Container move completed for container #66 from source d66f74d9-d044-43c5-9a1e-e682ac9c6418 to target 188098df-ac1c-4220-9332-4e2c1d58a1c7
2023-08-30 06:49:53,862 [main] DEBUG balancer.ContainerBalancerTask (ContainerBalancerTask.java:matchSourceWithTarget(708)) - ContainerBalancer is finding suitable target for source datanode 38a2f9b4-be66-4f8d-8e63-13e8706e2a61
2023-08-30 06:49:53,862 [main] INFO  balancer.ContainerBalancerTask (ContainerBalancerTask.java:matchSourceWithTarget(722)) - ContainerBalancer matched source datanode 38a2f9b4-be66-4f8d-8e63-13e8706e2a61 with target datanode 188098df-ac1c-4220-9332-4e2c1d58a1c7 for container move.
2023-08-30 06:49:53,863 [main] INFO  balancer.ContainerBalancerTask (ContainerBalancerTask.java:processMoveSelection(569)) - ContainerBalancer is trying to move container #87 with size 2147483648B from source datanode 38a2f9b4-be66-4f8d-8e63-13e8706e2a61 to target datanode 188098df-ac1c-4220-9332-4e2c1d58a1c7
2023-08-30 06:49:53,863 [main] DEBUG balancer.ContainerBalancerTask (ContainerBalancerTask.java:lambda$moveContainer$3(837)) - Container move completed for container #87 from source 38a2f9b4-be66-4f8d-8e63-13e8706e2a61 to target 188098df-ac1c-4220-9332-4e2c1d58a1c7
2023-08-30 06:49:53,865 [main] DEBUG balancer.ContainerBalancerTask (ContainerBalancerTask.java:matchSourceWithTarget(708)) - ContainerBalancer is finding suitable target for source datanode 38a2f9b4-be66-4f8d-8e63-13e8706e2a61
2023-08-30 06:49:53,866 [main] INFO  balancer.ContainerBalancerTask (ContainerBalancerTask.java:matchSourceWithTarget(722)) - ContainerBalancer matched source datanode 38a2f9b4-be66-4f8d-8e63-13e8706e2a61 with target datanode 188098df-ac1c-4220-9332-4e2c1d58a1c7 for container move.
2023-08-30 06:49:53,866 [main] INFO  balancer.ContainerBalancerTask (ContainerBalancerTask.java:processMoveSelection(569)) - ContainerBalancer is trying to move container #82 with size 2147483648B from source datanode 38a2f9b4-be66-4f8d-8e63-13e8706e2a61 to target datanode 188098df-ac1c-4220-9332-4e2c1d58a1c7
2023-08-30 06:49:53,866 [main] DEBUG balancer.ContainerBalancerTask (ContainerBalancerTask.java:lambda$moveContainer$3(837)) - Container move completed for container #82 from source 38a2f9b4-be66-4f8d-8e63-13e8706e2a61 to target 188098df-ac1c-4220-9332-4e2c1d58a1c7
2023-08-30 06:49:53,869 [main] DEBUG balancer.ContainerBalancerTask (ContainerBalancerTask.java:matchSourceWithTarget(708)) - ContainerBalancer is finding suitable target for source datanode 86b7cca4-2bd4-4556-bb9e-ffbcc0469474
2023-08-30 06:49:53,869 [main] INFO  balancer.ContainerBalancerTask (ContainerBalancerTask.java:matchSourceWithTarget(722)) - ContainerBalancer matched source datanode 86b7cca4-2bd4-4556-bb9e-ffbcc0469474 with target datanode 188098df-ac1c-4220-9332-4e2c1d58a1c7 for container move.
2023-08-30 06:49:53,870 [main] INFO  balancer.ContainerBalancerTask (ContainerBalancerTask.java:processMoveSelection(569)) - ContainerBalancer is trying to move container #11 with size 3221225472B from source datanode 86b7cca4-2bd4-4556-bb9e-ffbcc0469474 to target datanode 188098df-ac1c-4220-9332-4e2c1d58a1c7
2023-08-30 06:49:53,870 [main] DEBUG balancer.ContainerBalancerTask (ContainerBalancerTask.java:lambda$moveContainer$3(837)) - Container move completed for container #11 from source 86b7cca4-2bd4-4556-bb9e-ffbcc0469474 to target 188098df-ac1c-4220-9332-4e2c1d58a1c7
2023-08-30 06:49:53,873 [main] DEBUG balancer.ContainerBalancerTask (ContainerBalancerTask.java:matchSourceWithTarget(708)) - ContainerBalancer is finding suitable target for source datanode d66f74d9-d044-43c5-9a1e-e682ac9c6418
2023-08-30 06:49:53,873 [main] INFO  balancer.ContainerBalancerTask (ContainerBalancerTask.java:matchSourceWithTarget(722)) - ContainerBalancer matched source datanode d66f74d9-d044-43c5-9a1e-e682ac9c6418 with target datanode 188098df-ac1c-4220-9332-4e2c1d58a1c7 for container move.
2023-08-30 06:49:53,873 [main] INFO  balancer.ContainerBalancerTask (ContainerBalancerTask.java:processMoveSelection(569)) - ContainerBalancer is trying to move container #38 with size 3221225472B from source datanode d66f74d9-d044-43c5-9a1e-e682ac9c6418 to target datanode 188098df-ac1c-4220-9332-4e2c1d58a1c7
2023-08-30 06:49:53,873 [main] DEBUG balancer.ContainerBalancerTask (ContainerBalancerTask.java:lambda$moveContainer$3(837)) - Container move completed for container #38 from source d66f74d9-d044-43c5-9a1e-e682ac9c6418 to target 188098df-ac1c-4220-9332-4e2c1d58a1c7
2023-08-30 06:49:53,876 [main] DEBUG balancer.ContainerBalancerTask (ContainerBalancerTask.java:matchSourceWithTarget(708)) - ContainerBalancer is finding suitable target for source datanode 65945ba4-634e-4628-94ee-5ea3f7935ee3
2023-08-30 06:49:53,876 [main] INFO  balancer.ContainerBalancerTask (ContainerBalancerTask.java:matchSourceWithTarget(722)) - ContainerBalancer matched source datanode 65945ba4-634e-4628-94ee-5ea3f7935ee3 with target datanode 188098df-ac1c-4220-9332-4e2c1d58a1c7 for container move.
2023-08-30 06:49:53,876 [main] INFO  balancer.ContainerBalancerTask (ContainerBalancerTask.java:processMoveSelection(569)) - ContainerBalancer is trying to move container #40 with size 5368709120B from source datanode 65945ba4-634e-4628-94ee-5ea3f7935ee3 to target datanode 188098df-ac1c-4220-9332-4e2c1d58a1c7
2023-08-30 06:49:53,876 [main] DEBUG balancer.ContainerBalancerTask (ContainerBalancerTask.java:lambda$moveContainer$3(837)) - Container move completed for container #40 from source 65945ba4-634e-4628-94ee-5ea3f7935ee3 to target 188098df-ac1c-4220-9332-4e2c1d58a1c7
2023-08-30 06:49:53,879 [main] DEBUG balancer.ContainerBalancerTask (ContainerBalancerTask.java:matchSourceWithTarget(708)) - ContainerBalancer is finding suitable target for source datanode 38a2f9b4-be66-4f8d-8e63-13e8706e2a61
2023-08-30 06:49:53,880 [main] INFO  balancer.ContainerBalancerTask (ContainerBalancerTask.java:matchSourceWithTarget(722)) - ContainerBalancer matched source datanode 38a2f9b4-be66-4f8d-8e63-13e8706e2a61 with target datanode 085898ff-ed76-4ddf-8180-8ffe3cc3a7a3 for container move.
2023-08-30 06:49:53,880 [main] INFO  balancer.ContainerBalancerTask (ContainerBalancerTask.java:processMoveSelection(569)) - ContainerBalancer is trying to move container #41 with size 1073741824B from source datanode 38a2f9b4-be66-4f8d-8e63-13e8706e2a61 to target datanode 085898ff-ed76-4ddf-8180-8ffe3cc3a7a3
2023-08-30 06:49:53,880 [main] DEBUG balancer.ContainerBalancerTask (ContainerBalancerTask.java:lambda$moveContainer$3(837)) - Container move completed for container #41 from source 38a2f9b4-be66-4f8d-8e63-13e8706e2a61 to target 085898ff-ed76-4ddf-8180-8ffe3cc3a7a3
2023-08-30 06:49:53,880 [main] WARN  balancer.ContainerBalancerTask (ContainerBalancerTask.java:reachedMaxSizeToMovePerIteration(733)) - Reached max size to move limit. 53687091200 bytes have already been scheduled for balancing and the limit is 53687091200 bytes.
2023-08-30 06:49:53,880 [main] INFO  balancer.ContainerBalancerTask (ContainerBalancerTask.java:checkIterationMoveResults(642)) - Iteration Summary. Number of Datanodes involved: 7. Size moved: 50 GB (53687091200 Bytes). Number of Container moves completed: 15.
2023-08-30 06:49:53,880 [main] INFO  balancer.ContainerBalancerTask (ContainerBalancerTask.java:balance(259)) - Result of this iteration of Container Balancer: ITERATION_COMPLETED
2023-08-30 06:49:53,880 [main] INFO  balancer.ContainerBalancerTask (ContainerBalancerTask.java:tryStopWithSaveConfiguration(308)) - Save Configuration for stopping. Reason: Completed all iterations.
]]></system-out>
  </testcase>
  <testcase name="containerBalancerShouldSelectOnlyClosedContainers" classname="org.apache.hadoop.hdds.scm.container.balancer.TestContainerBalancerTask" time="0.079">
    <system-out><![CDATA[2023-08-30 06:49:53,904 [main] INFO  net.NodeSchemaLoader (NodeSchemaLoader.java:loadSchemaFromFile(129)) - Loading schema from [file:/home/runner/work/ozone/ozone/hadoop-hdds/common/target/classes/network-topology-default.xml]
2023-08-30 06:49:53,904 [main] INFO  net.NodeSchemaLoader (NodeSchemaLoader.java:loadSchema(176)) - Loading network topology layer schema file
2023-08-30 06:49:53,905 [main] INFO  net.NetworkTopologyImpl (NetworkTopologyImpl.java:add(112)) - Added a new node: /default-rack/ab5108f1-3b0a-4a2f-bff9-51d3ffed9da0
2023-08-30 06:49:53,905 [main] INFO  net.NetworkTopologyImpl (NetworkTopologyImpl.java:add(112)) - Added a new node: /default-rack/ebb2967f-227a-480f-afeb-46657cded6ba
2023-08-30 06:49:53,906 [main] INFO  net.NetworkTopologyImpl (NetworkTopologyImpl.java:add(112)) - Added a new node: /default-rack/c6ca7189-36aa-41c0-88f2-34f50b5af387
2023-08-30 06:49:53,906 [main] INFO  net.NetworkTopologyImpl (NetworkTopologyImpl.java:add(112)) - Added a new node: /default-rack/f24e0369-f749-4d81-aa95-a4ad3aea0269
2023-08-30 06:49:53,906 [main] INFO  net.NetworkTopologyImpl (NetworkTopologyImpl.java:add(112)) - Added a new node: /default-rack/d1d3b41d-8770-456b-aff9-ef327fd8b390
2023-08-30 06:49:53,906 [main] INFO  net.NetworkTopologyImpl (NetworkTopologyImpl.java:add(112)) - Added a new node: /default-rack/3338bb4f-d037-4e4d-a038-11e9c771a3ab
2023-08-30 06:49:53,906 [main] INFO  net.NetworkTopologyImpl (NetworkTopologyImpl.java:add(112)) - Added a new node: /default-rack/4e7132d4-da1e-4fcc-a57e-0aeee6f00a01
2023-08-30 06:49:53,906 [main] INFO  net.NetworkTopologyImpl (NetworkTopologyImpl.java:add(112)) - Added a new node: /default-rack/fbee8e2e-2b8b-4a54-ac00-1502849a362c
2023-08-30 06:49:53,906 [main] INFO  net.NetworkTopologyImpl (NetworkTopologyImpl.java:add(112)) - Added a new node: /default-rack/e2442ab3-67ed-4c6b-99a9-6567eb3a1b98
2023-08-30 06:49:53,906 [main] INFO  net.NetworkTopologyImpl (NetworkTopologyImpl.java:add(112)) - Added a new node: /default-rack/2660ce1a-d11f-4dee-ae31-31cd961d64b7
2023-08-30 06:49:53,906 [main] INFO  algorithms.ContainerPlacementPolicyFactory (ContainerPlacementPolicyFactory.java:getPolicyInternal(86)) - Create container placement policy of type org.apache.hadoop.hdds.scm.container.placement.algorithms.SCMContainerPlacementRackAware
2023-08-30 06:49:53,907 [main] INFO  algorithms.ContainerPlacementPolicyFactory (ContainerPlacementPolicyFactory.java:getPolicyInternal(86)) - Create container placement policy of type org.apache.hadoop.hdds.scm.container.placement.algorithms.SCMContainerPlacementRackScatter
2023-08-30 06:49:53,909 [main] DEBUG balancer.ContainerBalancerTask (ContainerBalancerTask.java:initializeIteration(374)) - Average utilization of the cluster is 0.3000328024206294
2023-08-30 06:49:53,909 [main] DEBUG balancer.ContainerBalancerTask (ContainerBalancerTask.java:initializeIteration(386)) - Lower limit for utilization is 0.2000328024206294 and Upper limit for utilization is 0.40003280242062944
2023-08-30 06:49:53,909 [main] DEBUG balancer.ContainerBalancerTask (ContainerBalancerTask.java:initializeIteration(398)) - Utilization for node fbee8e2e-2b8b-4a54-ac00-1502849a362c with capacity 60845370026B, used 54760833024B, and remaining 6084537002B is 0.900000000009861
2023-08-30 06:49:53,909 [main] DEBUG balancer.ContainerBalancerTask (ContainerBalancerTask.java:initializeIteration(398)) - Utilization for node 2660ce1a-d11f-4dee-ae31-31cd961d64b7 with capacity 59055800320B, used 47244640256B, and remaining 11811160064B is 0.8
2023-08-30 06:49:53,909 [main] DEBUG balancer.ContainerBalancerTask (ContainerBalancerTask.java:initializeIteration(398)) - Utilization for node 4e7132d4-da1e-4fcc-a57e-0aeee6f00a01 with capacity 78229761462B, used 54760833024B, and remaining 23468928438B is 0.7000000000076697
2023-08-30 06:49:53,909 [main] DEBUG balancer.ContainerBalancerTask (ContainerBalancerTask.java:initializeIteration(398)) - Utilization for node ebb2967f-227a-480f-afeb-46657cded6ba with capacity 66214079146B, used 39728447488B, and remaining 26485631658B is 0.600000000006041
2023-08-30 06:49:53,910 [main] DEBUG balancer.ContainerBalancerTask (ContainerBalancerTask.java:initializeIteration(398)) - Utilization for node ab5108f1-3b0a-4a2f-bff9-51d3ffed9da0 with capacity 105226698752B, used 52613349376B, and remaining 52613349376B is 0.5
2023-08-30 06:49:53,910 [main] DEBUG balancer.ContainerBalancerTask (ContainerBalancerTask.java:initializeIteration(398)) - Utilization for node 3338bb4f-d037-4e4d-a038-11e9c771a3ab with capacity 118111600640B, used 47244640256B, and remaining 70866960384B is 0.4
2023-08-30 06:49:53,910 [main] DEBUG balancer.ContainerBalancerTask (ContainerBalancerTask.java:initializeIteration(398)) - Utilization for node e2442ab3-67ed-4c6b-99a9-6567eb3a1b98 with capacity 89478485333B, used 26843545600B, and remaining 62634939733B is 0.3000000000011176
2023-08-30 06:49:53,910 [main] DEBUG balancer.ContainerBalancerTask (ContainerBalancerTask.java:initializeIteration(398)) - Utilization for node f24e0369-f749-4d81-aa95-a4ad3aea0269 with capacity 204010946560B, used 40802189312B, and remaining 163208757248B is 0.2
2023-08-30 06:49:53,910 [main] DEBUG balancer.ContainerBalancerTask (ContainerBalancerTask.java:initializeIteration(398)) - Utilization for node d1d3b41d-8770-456b-aff9-ef327fd8b390 with capacity 569083166720B, used 56908316672B, and remaining 512174850048B is 0.1
2023-08-30 06:49:53,910 [main] DEBUG balancer.ContainerBalancerTask (ContainerBalancerTask.java:initializeIteration(398)) - Utilization for node c6ca7189-36aa-41c0-88f2-34f50b5af387 with capacity 52613349376B, used 0B, and remaining 52613349376B is 0.0
2023-08-30 06:49:53,910 [main] INFO  balancer.ContainerBalancerTask (ContainerBalancerTask.java:initializeIteration(447)) - Container Balancer has identified 5 Over-Utilized and 3 Under-Utilized Datanodes that need to be balanced.
2023-08-30 06:49:53,910 [main] DEBUG balancer.ContainerBalancerTask (ContainerBalancerTask.java:lambda$initializeIteration$1(453)) - Datanode localhost-119.88.111.213 fbee8e2e-2b8b-4a54-ac00-1502849a362c is Over-Utilized.
2023-08-30 06:49:53,910 [main] DEBUG balancer.ContainerBalancerTask (ContainerBalancerTask.java:lambda$initializeIteration$1(453)) - Datanode localhost-114.246.78.149 2660ce1a-d11f-4dee-ae31-31cd961d64b7 is Over-Utilized.
2023-08-30 06:49:53,910 [main] DEBUG balancer.ContainerBalancerTask (ContainerBalancerTask.java:lambda$initializeIteration$1(453)) - Datanode localhost-255.140.201.10 4e7132d4-da1e-4fcc-a57e-0aeee6f00a01 is Over-Utilized.
2023-08-30 06:49:53,910 [main] DEBUG balancer.ContainerBalancerTask (ContainerBalancerTask.java:lambda$initializeIteration$1(453)) - Datanode localhost-154.51.202.61 ebb2967f-227a-480f-afeb-46657cded6ba is Over-Utilized.
2023-08-30 06:49:53,910 [main] DEBUG balancer.ContainerBalancerTask (ContainerBalancerTask.java:lambda$initializeIteration$1(453)) - Datanode localhost-217.126.184.251 ab5108f1-3b0a-4a2f-bff9-51d3ffed9da0 is Over-Utilized.
2023-08-30 06:49:53,911 [main] DEBUG balancer.ContainerBalancerTask (ContainerBalancerTask.java:lambda$initializeIteration$2(459)) - Datanode localhost-156.97.50.61 c6ca7189-36aa-41c0-88f2-34f50b5af387 is Under-Utilized.
2023-08-30 06:49:53,911 [main] DEBUG balancer.ContainerBalancerTask (ContainerBalancerTask.java:lambda$initializeIteration$2(459)) - Datanode localhost-93.230.176.165 d1d3b41d-8770-456b-aff9-ef327fd8b390 is Under-Utilized.
2023-08-30 06:49:53,911 [main] DEBUG balancer.ContainerBalancerTask (ContainerBalancerTask.java:lambda$initializeIteration$2(459)) - Datanode localhost-78.6.101.3 f24e0369-f749-4d81-aa95-a4ad3aea0269 is Under-Utilized.
2023-08-30 06:49:53,912 [main] DEBUG balancer.ContainerBalancerTask (ContainerBalancerTask.java:matchSourceWithTarget(701)) - ContainerBalancer could not find any candidate containers for datanode fbee8e2e-2b8b-4a54-ac00-1502849a362c
2023-08-30 06:49:53,914 [main] DEBUG balancer.ContainerBalancerTask (ContainerBalancerTask.java:matchSourceWithTarget(701)) - ContainerBalancer could not find any candidate containers for datanode 2660ce1a-d11f-4dee-ae31-31cd961d64b7
2023-08-30 06:49:53,915 [main] DEBUG balancer.ContainerBalancerTask (ContainerBalancerTask.java:matchSourceWithTarget(701)) - ContainerBalancer could not find any candidate containers for datanode 4e7132d4-da1e-4fcc-a57e-0aeee6f00a01
2023-08-30 06:49:53,917 [main] DEBUG balancer.ContainerBalancerTask (ContainerBalancerTask.java:matchSourceWithTarget(701)) - ContainerBalancer could not find any candidate containers for datanode ebb2967f-227a-480f-afeb-46657cded6ba
2023-08-30 06:49:53,918 [main] DEBUG balancer.ContainerBalancerTask (ContainerBalancerTask.java:matchSourceWithTarget(701)) - ContainerBalancer could not find any candidate containers for datanode ab5108f1-3b0a-4a2f-bff9-51d3ffed9da0
2023-08-30 06:49:53,918 [main] INFO  balancer.FindSourceGreedy (FindSourceGreedy.java:getNextCandidateSourceDataNode(126)) - no more candidate source data node
2023-08-30 06:49:53,918 [main] INFO  balancer.ContainerBalancerTask (ContainerBalancerTask.java:balance(259)) - Result of this iteration of Container Balancer: CAN_NOT_BALANCE_ANY_MORE
2023-08-30 06:49:53,918 [main] INFO  balancer.ContainerBalancerTask (ContainerBalancerTask.java:tryStopWithSaveConfiguration(308)) - Save Configuration for stopping. Reason: CAN_NOT_BALANCE_ANY_MORE
2023-08-30 06:49:53,919 [main] DEBUG balancer.ContainerBalancerTask (ContainerBalancerTask.java:initializeIteration(374)) - Average utilization of the cluster is 0.3000328024206294
2023-08-30 06:49:53,919 [main] DEBUG balancer.ContainerBalancerTask (ContainerBalancerTask.java:initializeIteration(386)) - Lower limit for utilization is 0.2000328024206294 and Upper limit for utilization is 0.40003280242062944
2023-08-30 06:49:53,919 [main] DEBUG balancer.ContainerBalancerTask (ContainerBalancerTask.java:initializeIteration(398)) - Utilization for node fbee8e2e-2b8b-4a54-ac00-1502849a362c with capacity 60845370026B, used 54760833024B, and remaining 6084537002B is 0.900000000009861
2023-08-30 06:49:53,919 [main] DEBUG balancer.ContainerBalancerTask (ContainerBalancerTask.java:initializeIteration(398)) - Utilization for node 2660ce1a-d11f-4dee-ae31-31cd961d64b7 with capacity 59055800320B, used 47244640256B, and remaining 11811160064B is 0.8
2023-08-30 06:49:53,919 [main] DEBUG balancer.ContainerBalancerTask (ContainerBalancerTask.java:initializeIteration(398)) - Utilization for node 4e7132d4-da1e-4fcc-a57e-0aeee6f00a01 with capacity 78229761462B, used 54760833024B, and remaining 23468928438B is 0.7000000000076697
2023-08-30 06:49:53,919 [main] DEBUG balancer.ContainerBalancerTask (ContainerBalancerTask.java:initializeIteration(398)) - Utilization for node ebb2967f-227a-480f-afeb-46657cded6ba with capacity 66214079146B, used 39728447488B, and remaining 26485631658B is 0.600000000006041
2023-08-30 06:49:53,919 [main] DEBUG balancer.ContainerBalancerTask (ContainerBalancerTask.java:initializeIteration(398)) - Utilization for node ab5108f1-3b0a-4a2f-bff9-51d3ffed9da0 with capacity 105226698752B, used 52613349376B, and remaining 52613349376B is 0.5
2023-08-30 06:49:53,920 [main] DEBUG balancer.ContainerBalancerTask (ContainerBalancerTask.java:initializeIteration(398)) - Utilization for node 3338bb4f-d037-4e4d-a038-11e9c771a3ab with capacity 118111600640B, used 47244640256B, and remaining 70866960384B is 0.4
2023-08-30 06:49:53,920 [main] DEBUG balancer.ContainerBalancerTask (ContainerBalancerTask.java:initializeIteration(398)) - Utilization for node e2442ab3-67ed-4c6b-99a9-6567eb3a1b98 with capacity 89478485333B, used 26843545600B, and remaining 62634939733B is 0.3000000000011176
2023-08-30 06:49:53,920 [main] DEBUG balancer.ContainerBalancerTask (ContainerBalancerTask.java:initializeIteration(398)) - Utilization for node f24e0369-f749-4d81-aa95-a4ad3aea0269 with capacity 204010946560B, used 40802189312B, and remaining 163208757248B is 0.2
2023-08-30 06:49:53,920 [main] DEBUG balancer.ContainerBalancerTask (ContainerBalancerTask.java:initializeIteration(398)) - Utilization for node d1d3b41d-8770-456b-aff9-ef327fd8b390 with capacity 569083166720B, used 56908316672B, and remaining 512174850048B is 0.1
2023-08-30 06:49:53,920 [main] DEBUG balancer.ContainerBalancerTask (ContainerBalancerTask.java:initializeIteration(398)) - Utilization for node c6ca7189-36aa-41c0-88f2-34f50b5af387 with capacity 52613349376B, used 0B, and remaining 52613349376B is 0.0
2023-08-30 06:49:53,920 [main] INFO  balancer.ContainerBalancerTask (ContainerBalancerTask.java:initializeIteration(447)) - Container Balancer has identified 5 Over-Utilized and 3 Under-Utilized Datanodes that need to be balanced.
2023-08-30 06:49:53,920 [main] DEBUG balancer.ContainerBalancerTask (ContainerBalancerTask.java:lambda$initializeIteration$1(453)) - Datanode localhost-119.88.111.213 fbee8e2e-2b8b-4a54-ac00-1502849a362c is Over-Utilized.
2023-08-30 06:49:53,920 [main] DEBUG balancer.ContainerBalancerTask (ContainerBalancerTask.java:lambda$initializeIteration$1(453)) - Datanode localhost-114.246.78.149 2660ce1a-d11f-4dee-ae31-31cd961d64b7 is Over-Utilized.
2023-08-30 06:49:53,920 [main] DEBUG balancer.ContainerBalancerTask (ContainerBalancerTask.java:lambda$initializeIteration$1(453)) - Datanode localhost-255.140.201.10 4e7132d4-da1e-4fcc-a57e-0aeee6f00a01 is Over-Utilized.
2023-08-30 06:49:53,920 [main] DEBUG balancer.ContainerBalancerTask (ContainerBalancerTask.java:lambda$initializeIteration$1(453)) - Datanode localhost-154.51.202.61 ebb2967f-227a-480f-afeb-46657cded6ba is Over-Utilized.
2023-08-30 06:49:53,920 [main] DEBUG balancer.ContainerBalancerTask (ContainerBalancerTask.java:lambda$initializeIteration$1(453)) - Datanode localhost-217.126.184.251 ab5108f1-3b0a-4a2f-bff9-51d3ffed9da0 is Over-Utilized.
2023-08-30 06:49:53,921 [main] DEBUG balancer.ContainerBalancerTask (ContainerBalancerTask.java:lambda$initializeIteration$2(459)) - Datanode localhost-156.97.50.61 c6ca7189-36aa-41c0-88f2-34f50b5af387 is Under-Utilized.
2023-08-30 06:49:53,921 [main] DEBUG balancer.ContainerBalancerTask (ContainerBalancerTask.java:lambda$initializeIteration$2(459)) - Datanode localhost-93.230.176.165 d1d3b41d-8770-456b-aff9-ef327fd8b390 is Under-Utilized.
2023-08-30 06:49:53,921 [main] DEBUG balancer.ContainerBalancerTask (ContainerBalancerTask.java:lambda$initializeIteration$2(459)) - Datanode localhost-78.6.101.3 f24e0369-f749-4d81-aa95-a4ad3aea0269 is Under-Utilized.
2023-08-30 06:49:53,923 [main] DEBUG balancer.ContainerBalancerTask (ContainerBalancerTask.java:matchSourceWithTarget(708)) - ContainerBalancer is finding suitable target for source datanode fbee8e2e-2b8b-4a54-ac00-1502849a362c
2023-08-30 06:49:53,923 [main] INFO  balancer.ContainerBalancerTask (ContainerBalancerTask.java:matchSourceWithTarget(722)) - ContainerBalancer matched source datanode fbee8e2e-2b8b-4a54-ac00-1502849a362c with target datanode c6ca7189-36aa-41c0-88f2-34f50b5af387 for container move.
2023-08-30 06:49:53,923 [main] INFO  balancer.ContainerBalancerTask (ContainerBalancerTask.java:processMoveSelection(569)) - ContainerBalancer is trying to move container #85 with size 5368709120B from source datanode fbee8e2e-2b8b-4a54-ac00-1502849a362c to target datanode c6ca7189-36aa-41c0-88f2-34f50b5af387
2023-08-30 06:49:53,923 [main] DEBUG balancer.ContainerBalancerTask (ContainerBalancerTask.java:lambda$moveContainer$3(837)) - Container move completed for container #85 from source fbee8e2e-2b8b-4a54-ac00-1502849a362c to target c6ca7189-36aa-41c0-88f2-34f50b5af387
2023-08-30 06:49:53,925 [main] DEBUG balancer.ContainerBalancerTask (ContainerBalancerTask.java:matchSourceWithTarget(708)) - ContainerBalancer is finding suitable target for source datanode fbee8e2e-2b8b-4a54-ac00-1502849a362c
2023-08-30 06:49:53,926 [main] INFO  balancer.ContainerBalancerTask (ContainerBalancerTask.java:matchSourceWithTarget(722)) - ContainerBalancer matched source datanode fbee8e2e-2b8b-4a54-ac00-1502849a362c with target datanode d1d3b41d-8770-456b-aff9-ef327fd8b390 for container move.
2023-08-30 06:49:53,926 [main] INFO  balancer.ContainerBalancerTask (ContainerBalancerTask.java:processMoveSelection(569)) - ContainerBalancer is trying to move container #40 with size 5368709120B from source datanode fbee8e2e-2b8b-4a54-ac00-1502849a362c to target datanode d1d3b41d-8770-456b-aff9-ef327fd8b390
2023-08-30 06:49:53,926 [main] DEBUG balancer.ContainerBalancerTask (ContainerBalancerTask.java:lambda$moveContainer$3(837)) - Container move completed for container #40 from source fbee8e2e-2b8b-4a54-ac00-1502849a362c to target d1d3b41d-8770-456b-aff9-ef327fd8b390
2023-08-30 06:49:53,928 [main] DEBUG balancer.ContainerBalancerTask (ContainerBalancerTask.java:matchSourceWithTarget(708)) - ContainerBalancer is finding suitable target for source datanode 2660ce1a-d11f-4dee-ae31-31cd961d64b7
2023-08-30 06:49:53,928 [main] INFO  balancer.ContainerBalancerTask (ContainerBalancerTask.java:matchSourceWithTarget(722)) - ContainerBalancer matched source datanode 2660ce1a-d11f-4dee-ae31-31cd961d64b7 with target datanode c6ca7189-36aa-41c0-88f2-34f50b5af387 for container move.
2023-08-30 06:49:53,928 [main] INFO  balancer.ContainerBalancerTask (ContainerBalancerTask.java:processMoveSelection(569)) - ContainerBalancer is trying to move container #68 with size 5368709120B from source datanode 2660ce1a-d11f-4dee-ae31-31cd961d64b7 to target datanode c6ca7189-36aa-41c0-88f2-34f50b5af387
2023-08-30 06:49:53,928 [main] DEBUG balancer.ContainerBalancerTask (ContainerBalancerTask.java:lambda$moveContainer$3(837)) - Container move completed for container #68 from source 2660ce1a-d11f-4dee-ae31-31cd961d64b7 to target c6ca7189-36aa-41c0-88f2-34f50b5af387
2023-08-30 06:49:53,931 [main] DEBUG balancer.ContainerBalancerTask (ContainerBalancerTask.java:matchSourceWithTarget(708)) - ContainerBalancer is finding suitable target for source datanode fbee8e2e-2b8b-4a54-ac00-1502849a362c
2023-08-30 06:49:53,931 [main] INFO  balancer.ContainerBalancerTask (ContainerBalancerTask.java:matchSourceWithTarget(722)) - ContainerBalancer matched source datanode fbee8e2e-2b8b-4a54-ac00-1502849a362c with target datanode d1d3b41d-8770-456b-aff9-ef327fd8b390 for container move.
2023-08-30 06:49:53,931 [main] INFO  balancer.ContainerBalancerTask (ContainerBalancerTask.java:processMoveSelection(569)) - ContainerBalancer is trying to move container #84 with size 4294967296B from source datanode fbee8e2e-2b8b-4a54-ac00-1502849a362c to target datanode d1d3b41d-8770-456b-aff9-ef327fd8b390
2023-08-30 06:49:53,931 [main] DEBUG balancer.ContainerBalancerTask (ContainerBalancerTask.java:lambda$moveContainer$3(837)) - Container move completed for container #84 from source fbee8e2e-2b8b-4a54-ac00-1502849a362c to target d1d3b41d-8770-456b-aff9-ef327fd8b390
2023-08-30 06:49:53,933 [main] DEBUG balancer.ContainerBalancerTask (ContainerBalancerTask.java:matchSourceWithTarget(708)) - ContainerBalancer is finding suitable target for source datanode 2660ce1a-d11f-4dee-ae31-31cd961d64b7
2023-08-30 06:49:53,934 [main] INFO  balancer.ContainerBalancerTask (ContainerBalancerTask.java:matchSourceWithTarget(722)) - ContainerBalancer matched source datanode 2660ce1a-d11f-4dee-ae31-31cd961d64b7 with target datanode d1d3b41d-8770-456b-aff9-ef327fd8b390 for container move.
2023-08-30 06:49:53,934 [main] INFO  balancer.ContainerBalancerTask (ContainerBalancerTask.java:processMoveSelection(569)) - ContainerBalancer is trying to move container #83 with size 3221225472B from source datanode 2660ce1a-d11f-4dee-ae31-31cd961d64b7 to target datanode d1d3b41d-8770-456b-aff9-ef327fd8b390
2023-08-30 06:49:53,934 [main] DEBUG balancer.ContainerBalancerTask (ContainerBalancerTask.java:lambda$moveContainer$3(837)) - Container move completed for container #83 from source 2660ce1a-d11f-4dee-ae31-31cd961d64b7 to target d1d3b41d-8770-456b-aff9-ef327fd8b390
2023-08-30 06:49:53,936 [main] DEBUG balancer.ContainerBalancerTask (ContainerBalancerTask.java:matchSourceWithTarget(708)) - ContainerBalancer is finding suitable target for source datanode 4e7132d4-da1e-4fcc-a57e-0aeee6f00a01
2023-08-30 06:49:53,936 [main] INFO  balancer.ContainerBalancerTask (ContainerBalancerTask.java:matchSourceWithTarget(722)) - ContainerBalancer matched source datanode 4e7132d4-da1e-4fcc-a57e-0aeee6f00a01 with target datanode d1d3b41d-8770-456b-aff9-ef327fd8b390 for container move.
2023-08-30 06:49:53,936 [main] INFO  balancer.ContainerBalancerTask (ContainerBalancerTask.java:processMoveSelection(569)) - ContainerBalancer is trying to move container #53 with size 5368709120B from source datanode 4e7132d4-da1e-4fcc-a57e-0aeee6f00a01 to target datanode d1d3b41d-8770-456b-aff9-ef327fd8b390
2023-08-30 06:49:53,937 [main] DEBUG balancer.ContainerBalancerTask (ContainerBalancerTask.java:lambda$moveContainer$3(837)) - Container move completed for container #53 from source 4e7132d4-da1e-4fcc-a57e-0aeee6f00a01 to target d1d3b41d-8770-456b-aff9-ef327fd8b390
2023-08-30 06:49:53,939 [main] DEBUG balancer.ContainerBalancerTask (ContainerBalancerTask.java:matchSourceWithTarget(708)) - ContainerBalancer is finding suitable target for source datanode 2660ce1a-d11f-4dee-ae31-31cd961d64b7
2023-08-30 06:49:53,939 [main] INFO  balancer.ContainerBalancerTask (ContainerBalancerTask.java:matchSourceWithTarget(722)) - ContainerBalancer matched source datanode 2660ce1a-d11f-4dee-ae31-31cd961d64b7 with target datanode d1d3b41d-8770-456b-aff9-ef327fd8b390 for container move.
2023-08-30 06:49:53,939 [main] INFO  balancer.ContainerBalancerTask (ContainerBalancerTask.java:processMoveSelection(569)) - ContainerBalancer is trying to move container #71 with size 3221225472B from source datanode 2660ce1a-d11f-4dee-ae31-31cd961d64b7 to target datanode d1d3b41d-8770-456b-aff9-ef327fd8b390
2023-08-30 06:49:53,939 [main] DEBUG balancer.ContainerBalancerTask (ContainerBalancerTask.java:lambda$moveContainer$3(837)) - Container move completed for container #71 from source 2660ce1a-d11f-4dee-ae31-31cd961d64b7 to target d1d3b41d-8770-456b-aff9-ef327fd8b390
2023-08-30 06:49:53,942 [main] DEBUG balancer.ContainerBalancerTask (ContainerBalancerTask.java:matchSourceWithTarget(708)) - ContainerBalancer is finding suitable target for source datanode fbee8e2e-2b8b-4a54-ac00-1502849a362c
2023-08-30 06:49:53,942 [main] INFO  balancer.ContainerBalancerTask (ContainerBalancerTask.java:matchSourceWithTarget(722)) - ContainerBalancer matched source datanode fbee8e2e-2b8b-4a54-ac00-1502849a362c with target datanode d1d3b41d-8770-456b-aff9-ef327fd8b390 for container move.
2023-08-30 06:49:53,942 [main] INFO  balancer.ContainerBalancerTask (ContainerBalancerTask.java:processMoveSelection(569)) - ContainerBalancer is trying to move container #28 with size 4294967296B from source datanode fbee8e2e-2b8b-4a54-ac00-1502849a362c to target datanode d1d3b41d-8770-456b-aff9-ef327fd8b390
2023-08-30 06:49:53,942 [main] DEBUG balancer.ContainerBalancerTask (ContainerBalancerTask.java:lambda$moveContainer$3(837)) - Container move completed for container #28 from source fbee8e2e-2b8b-4a54-ac00-1502849a362c to target d1d3b41d-8770-456b-aff9-ef327fd8b390
2023-08-30 06:49:53,945 [main] DEBUG balancer.ContainerBalancerTask (ContainerBalancerTask.java:matchSourceWithTarget(708)) - ContainerBalancer is finding suitable target for source datanode 4e7132d4-da1e-4fcc-a57e-0aeee6f00a01
2023-08-30 06:49:53,945 [main] INFO  balancer.ContainerBalancerTask (ContainerBalancerTask.java:matchSourceWithTarget(722)) - ContainerBalancer matched source datanode 4e7132d4-da1e-4fcc-a57e-0aeee6f00a01 with target datanode d1d3b41d-8770-456b-aff9-ef327fd8b390 for container move.
2023-08-30 06:49:53,945 [main] INFO  balancer.ContainerBalancerTask (ContainerBalancerTask.java:processMoveSelection(569)) - ContainerBalancer is trying to move container #19 with size 4294967296B from source datanode 4e7132d4-da1e-4fcc-a57e-0aeee6f00a01 to target datanode d1d3b41d-8770-456b-aff9-ef327fd8b390
2023-08-30 06:49:53,945 [main] DEBUG balancer.ContainerBalancerTask (ContainerBalancerTask.java:lambda$moveContainer$3(837)) - Container move completed for container #19 from source 4e7132d4-da1e-4fcc-a57e-0aeee6f00a01 to target d1d3b41d-8770-456b-aff9-ef327fd8b390
2023-08-30 06:49:53,948 [main] DEBUG balancer.ContainerBalancerTask (ContainerBalancerTask.java:matchSourceWithTarget(708)) - ContainerBalancer is finding suitable target for source datanode ebb2967f-227a-480f-afeb-46657cded6ba
2023-08-30 06:49:53,948 [main] INFO  balancer.ContainerBalancerTask (ContainerBalancerTask.java:matchSourceWithTarget(722)) - ContainerBalancer matched source datanode ebb2967f-227a-480f-afeb-46657cded6ba with target datanode d1d3b41d-8770-456b-aff9-ef327fd8b390 for container move.
2023-08-30 06:49:53,948 [main] INFO  balancer.ContainerBalancerTask (ContainerBalancerTask.java:processMoveSelection(569)) - ContainerBalancer is trying to move container #51 with size 3221225472B from source datanode ebb2967f-227a-480f-afeb-46657cded6ba to target datanode d1d3b41d-8770-456b-aff9-ef327fd8b390
2023-08-30 06:49:53,948 [main] DEBUG balancer.ContainerBalancerTask (ContainerBalancerTask.java:lambda$moveContainer$3(837)) - Container move completed for container #51 from source ebb2967f-227a-480f-afeb-46657cded6ba to target d1d3b41d-8770-456b-aff9-ef327fd8b390
2023-08-30 06:49:53,951 [main] DEBUG balancer.ContainerBalancerTask (ContainerBalancerTask.java:matchSourceWithTarget(708)) - ContainerBalancer is finding suitable target for source datanode 2660ce1a-d11f-4dee-ae31-31cd961d64b7
2023-08-30 06:49:53,951 [main] INFO  balancer.ContainerBalancerTask (ContainerBalancerTask.java:matchSourceWithTarget(722)) - ContainerBalancer matched source datanode 2660ce1a-d11f-4dee-ae31-31cd961d64b7 with target datanode d1d3b41d-8770-456b-aff9-ef327fd8b390 for container move.
2023-08-30 06:49:53,951 [main] INFO  balancer.ContainerBalancerTask (ContainerBalancerTask.java:processMoveSelection(569)) - ContainerBalancer is trying to move container #66 with size 3221225472B from source datanode 2660ce1a-d11f-4dee-ae31-31cd961d64b7 to target datanode d1d3b41d-8770-456b-aff9-ef327fd8b390
2023-08-30 06:49:53,951 [main] DEBUG balancer.ContainerBalancerTask (ContainerBalancerTask.java:lambda$moveContainer$3(837)) - Container move completed for container #66 from source 2660ce1a-d11f-4dee-ae31-31cd961d64b7 to target d1d3b41d-8770-456b-aff9-ef327fd8b390
2023-08-30 06:49:53,954 [main] DEBUG balancer.ContainerBalancerTask (ContainerBalancerTask.java:matchSourceWithTarget(708)) - ContainerBalancer is finding suitable target for source datanode fbee8e2e-2b8b-4a54-ac00-1502849a362c
2023-08-30 06:49:53,954 [main] INFO  balancer.ContainerBalancerTask (ContainerBalancerTask.java:matchSourceWithTarget(722)) - ContainerBalancer matched source datanode fbee8e2e-2b8b-4a54-ac00-1502849a362c with target datanode d1d3b41d-8770-456b-aff9-ef327fd8b390 for container move.
2023-08-30 06:49:53,954 [main] INFO  balancer.ContainerBalancerTask (ContainerBalancerTask.java:processMoveSelection(569)) - ContainerBalancer is trying to move container #88 with size 3221225472B from source datanode fbee8e2e-2b8b-4a54-ac00-1502849a362c to target datanode d1d3b41d-8770-456b-aff9-ef327fd8b390
2023-08-30 06:49:53,954 [main] DEBUG balancer.ContainerBalancerTask (ContainerBalancerTask.java:lambda$moveContainer$3(837)) - Container move completed for container #88 from source fbee8e2e-2b8b-4a54-ac00-1502849a362c to target d1d3b41d-8770-456b-aff9-ef327fd8b390
2023-08-30 06:49:53,957 [main] DEBUG balancer.ContainerBalancerTask (ContainerBalancerTask.java:matchSourceWithTarget(708)) - ContainerBalancer is finding suitable target for source datanode 4e7132d4-da1e-4fcc-a57e-0aeee6f00a01
2023-08-30 06:49:53,957 [main] INFO  balancer.ContainerBalancerTask (ContainerBalancerTask.java:matchSourceWithTarget(722)) - ContainerBalancer matched source datanode 4e7132d4-da1e-4fcc-a57e-0aeee6f00a01 with target datanode d1d3b41d-8770-456b-aff9-ef327fd8b390 for container move.
2023-08-30 06:49:53,957 [main] INFO  balancer.ContainerBalancerTask (ContainerBalancerTask.java:processMoveSelection(569)) - ContainerBalancer is trying to move container #55 with size 2147483648B from source datanode 4e7132d4-da1e-4fcc-a57e-0aeee6f00a01 to target datanode d1d3b41d-8770-456b-aff9-ef327fd8b390
2023-08-30 06:49:53,957 [main] DEBUG balancer.ContainerBalancerTask (ContainerBalancerTask.java:lambda$moveContainer$3(837)) - Container move completed for container #55 from source 4e7132d4-da1e-4fcc-a57e-0aeee6f00a01 to target d1d3b41d-8770-456b-aff9-ef327fd8b390
2023-08-30 06:49:53,960 [main] DEBUG balancer.ContainerBalancerTask (ContainerBalancerTask.java:matchSourceWithTarget(708)) - ContainerBalancer is finding suitable target for source datanode ebb2967f-227a-480f-afeb-46657cded6ba
2023-08-30 06:49:53,961 [main] INFO  balancer.ContainerBalancerTask (ContainerBalancerTask.java:matchSourceWithTarget(722)) - ContainerBalancer matched source datanode ebb2967f-227a-480f-afeb-46657cded6ba with target datanode d1d3b41d-8770-456b-aff9-ef327fd8b390 for container move.
2023-08-30 06:49:53,961 [main] INFO  balancer.ContainerBalancerTask (ContainerBalancerTask.java:processMoveSelection(569)) - ContainerBalancer is trying to move container #41 with size 1073741824B from source datanode ebb2967f-227a-480f-afeb-46657cded6ba to target datanode d1d3b41d-8770-456b-aff9-ef327fd8b390
2023-08-30 06:49:53,961 [main] DEBUG balancer.ContainerBalancerTask (ContainerBalancerTask.java:lambda$moveContainer$3(837)) - Container move completed for container #41 from source ebb2967f-227a-480f-afeb-46657cded6ba to target d1d3b41d-8770-456b-aff9-ef327fd8b390
2023-08-30 06:49:53,961 [main] WARN  balancer.ContainerBalancerTask (ContainerBalancerTask.java:reachedMaxSizeToMovePerIteration(733)) - Reached max size to move limit. 53687091200 bytes have already been scheduled for balancing and the limit is 53687091200 bytes.
2023-08-30 06:49:53,961 [main] INFO  balancer.ContainerBalancerTask (ContainerBalancerTask.java:checkIterationMoveResults(642)) - Iteration Summary. Number of Datanodes involved: 6. Size moved: 50 GB (53687091200 Bytes). Number of Container moves completed: 14.
2023-08-30 06:49:53,961 [main] INFO  balancer.ContainerBalancerTask (ContainerBalancerTask.java:balance(259)) - Result of this iteration of Container Balancer: ITERATION_COMPLETED
2023-08-30 06:49:53,961 [main] INFO  balancer.ContainerBalancerTask (ContainerBalancerTask.java:tryStopWithSaveConfiguration(308)) - Save Configuration for stopping. Reason: Completed all iterations.
]]></system-out>
  </testcase>
</testsuite>