<?xml version="1.0" encoding="UTF-8"?>
<testsuite xmlns:xsi="http://www.w3.org/2001/XMLSchema-instance" xsi:noNamespaceSchemaLocation="https://maven.apache.org/surefire/maven-surefire-plugin/xsd/surefire-test-report.xsd" name="org.apache.hadoop.hdds.upgrade.TestHDDSUpgrade" time="346.979" tests="13" errors="1" skipped="4" failures="0">
  <properties>
    <property name="awt.toolkit" value="sun.awt.X11.XToolkit"/>
    <property name="file.encoding.pkg" value="sun.io"/>
    <property name="java.specification.version" value="1.8"/>
    <property name="sun.cpu.isalist" value=""/>
    <property name="sun.jnu.encoding" value="UTF-8"/>
    <property name="java.class.path" value="/home/runner/work/ozone/ozone/hadoop-ozone/integration-test/target/test-classes:/home/runner/work/ozone/ozone/hadoop-ozone/integration-test/target/classes:/home/runner/.m2/repository/org/apache/ozone/ozone-common/1.3.0-SNAPSHOT/ozone-common-1.3.0-SNAPSHOT.jar:/home/runner/.m2/repository/org/apache/commons/commons-compress/1.21/commons-compress-1.21.jar:/home/runner/.m2/repository/org/apache/ozone/hdds-common/1.3.0-SNAPSHOT/hdds-common-1.3.0-SNAPSHOT.jar:/home/runner/.m2/repository/org/apache/ozone/hdds-client/1.3.0-SNAPSHOT/hdds-client-1.3.0-SNAPSHOT.jar:/home/runner/.m2/repository/org/apache/ozone/ozone-interface-client/1.3.0-SNAPSHOT/ozone-interface-client-1.3.0-SNAPSHOT.jar:/home/runner/.m2/repository/org/apache/ozone/hdds-test-utils/1.3.0-SNAPSHOT/hdds-test-utils-1.3.0-SNAPSHOT.jar:/home/runner/.m2/repository/com/google/guava/guava/30.1.1-jre/guava-30.1.1-jre.jar:/home/runner/.m2/repository/com/google/guava/failureaccess/1.0.1/failureaccess-1.0.1.jar:/home/runner/.m2/repository/com/google/guava/listenablefuture/9999.0-empty-to-avoid-conflict-with-guava/listenablefuture-9999.0-empty-to-avoid-conflict-with-guava.jar:/home/runner/.m2/repository/com/google/code/findbugs/jsr305/3.0.0/jsr305-3.0.0.jar:/home/runner/.m2/repository/org/checkerframework/checker-qual/3.8.0/checker-qual-3.8.0.jar:/home/runner/.m2/repository/com/google/errorprone/error_prone_annotations/2.2.0/error_prone_annotations-2.2.0.jar:/home/runner/.m2/repository/com/google/j2objc/j2objc-annotations/1.3/j2objc-annotations-1.3.jar:/home/runner/.m2/repository/commons-io/commons-io/2.11.0/commons-io-2.11.0.jar:/home/runner/.m2/repository/commons-logging/commons-logging/1.2/commons-logging-1.2.jar:/home/runner/.m2/repository/log4j/log4j/1.2.17/log4j-1.2.17.jar:/home/runner/.m2/repository/org/slf4j/slf4j-api/1.7.30/slf4j-api-1.7.30.jar:/home/runner/.m2/repository/org/apache/ozone/hdds-server-scm/1.3.0-SNAPSHOT/hdds-server-scm-1.3.0-SNAPSHOT.jar:/home/runner/.m2/repository/org/apache/ozone/hdds-container-service/1.3.0-SNAPSHOT/hdds-container-service-1.3.0-SNAPSHOT.jar:/home/runner/.m2/repository/org/apache/ozone/hdds-hadoop-dependency-server/1.3.0-SNAPSHOT/hdds-hadoop-dependency-server-1.3.0-SNAPSHOT.jar:/home/runner/.m2/repository/org/apache/hadoop/hadoop-hdfs/3.3.1/hadoop-hdfs-3.3.1.jar:/home/runner/.m2/repository/org/apache/ozone/hdds-server-framework/1.3.0-SNAPSHOT/hdds-server-framework-1.3.0-SNAPSHOT.jar:/home/runner/.m2/repository/org/apache/ozone/hdds-interface-server/1.3.0-SNAPSHOT/hdds-interface-server-1.3.0-SNAPSHOT.jar:/home/runner/.m2/repository/org/eclipse/jetty/jetty-servlet/9.4.43.v20210629/jetty-servlet-9.4.43.v20210629.jar:/home/runner/.m2/repository/org/eclipse/jetty/jetty-security/9.4.43.v20210629/jetty-security-9.4.43.v20210629.jar:/home/runner/.m2/repository/org/rocksdb/rocksdbjni/6.25.3/rocksdbjni-6.25.3.jar:/home/runner/.m2/repository/io/prometheus/simpleclient_dropwizard/0.7.0/simpleclient_dropwizard-0.7.0.jar:/home/runner/.m2/repository/io/prometheus/simpleclient/0.7.0/simpleclient-0.7.0.jar:/home/runner/.m2/repository/io/prometheus/simpleclient_common/0.7.0/simpleclient_common-0.7.0.jar:/home/runner/.m2/repository/com/fasterxml/jackson/datatype/jackson-datatype-jsr310/2.12.1/jackson-datatype-jsr310-2.12.1.jar:/home/runner/.m2/repository/io/dropwizard/metrics/metrics-core/3.2.4/metrics-core-3.2.4.jar:/home/runner/.m2/repository/org/apache/hadoop/hadoop-hdfs-client/3.3.1/hadoop-hdfs-client-3.3.1.jar:/home/runner/.m2/repository/org/bouncycastle/bcprov-jdk15on/1.67/bcprov-jdk15on-1.67.jar:/home/runner/.m2/repository/com/google/protobuf/protobuf-java/2.5.0/protobuf-java-2.5.0.jar:/home/runner/.m2/repository/org/apache/ozone/ozone-manager/1.3.0-SNAPSHOT/ozone-manager-1.3.0-SNAPSHOT.jar:/home/runner/.m2/repository/org/aspectj/aspectjrt/1.9.7/aspectjrt-1.9.7.jar:/home/runner/.m2/repository/org/aspectj/aspectjweaver/1.9.7/aspectjweaver-1.9.7.jar:/home/runner/.m2/repository/org/apache/ozone/hdds-interface-client/1.3.0-SNAPSHOT/hdds-interface-client-1.3.0-SNAPSHOT.jar:/home/runner/.m2/repository/org/apache/hadoop/thirdparty/hadoop-shaded-protobuf_3_7/1.1.1/hadoop-shaded-protobuf_3_7-1.1.1.jar:/home/runner/.m2/repository/org/apache/ozone/ozone-interface-storage/1.3.0-SNAPSHOT/ozone-interface-storage-1.3.0-SNAPSHOT.jar:/home/runner/.m2/repository/org/reflections/reflections/0.9.11/reflections-0.9.11.jar:/home/runner/.m2/repository/org/apache/hadoop/hadoop-minikdc/3.3.1/hadoop-minikdc-3.3.1.jar:/home/runner/.m2/repository/org/apache/kerby/kerb-simplekdc/1.0.1/kerb-simplekdc-1.0.1.jar:/home/runner/.m2/repository/org/apache/kerby/kerb-client/1.0.1/kerb-client-1.0.1.jar:/home/runner/.m2/repository/org/apache/kerby/kerby-config/1.0.1/kerby-config-1.0.1.jar:/home/runner/.m2/repository/org/apache/kerby/kerb-common/1.0.1/kerb-common-1.0.1.jar:/home/runner/.m2/repository/org/apache/kerby/kerb-crypto/1.0.1/kerb-crypto-1.0.1.jar:/home/runner/.m2/repository/org/apache/kerby/kerb-util/1.0.1/kerb-util-1.0.1.jar:/home/runner/.m2/repository/org/apache/kerby/token-provider/1.0.1/token-provider-1.0.1.jar:/home/runner/.m2/repository/org/apache/kerby/kerb-admin/1.0.1/kerb-admin-1.0.1.jar:/home/runner/.m2/repository/org/apache/kerby/kerb-server/1.0.1/kerb-server-1.0.1.jar:/home/runner/.m2/repository/org/apache/kerby/kerb-identity/1.0.1/kerb-identity-1.0.1.jar:/home/runner/.m2/repository/org/apache/kerby/kerby-xdr/1.0.1/kerby-xdr-1.0.1.jar:/home/runner/.m2/repository/org/slf4j/slf4j-log4j12/1.7.30/slf4j-log4j12-1.7.30.jar:/home/runner/.m2/repository/org/apache/ozone/ozone-s3gateway/1.3.0-SNAPSHOT/ozone-s3gateway-1.3.0-SNAPSHOT.jar:/home/runner/.m2/repository/org/javassist/javassist/3.21.0-GA/javassist-3.21.0-GA.jar:/home/runner/.m2/repository/org/jboss/weld/servlet/weld-servlet/2.4.7.Final/weld-servlet-2.4.7.Final.jar:/home/runner/.m2/repository/org/glassfish/jersey/containers/jersey-container-servlet-core/2.33/jersey-container-servlet-core-2.33.jar:/home/runner/.m2/repository/org/glassfish/hk2/external/jakarta.inject/2.6.1/jakarta.inject-2.6.1.jar:/home/runner/.m2/repository/org/glassfish/jersey/core/jersey-common/2.33/jersey-common-2.33.jar:/home/runner/.m2/repository/jakarta/ws/rs/jakarta.ws.rs-api/2.1.6/jakarta.ws.rs-api-2.1.6.jar:/home/runner/.m2/repository/org/glassfish/jersey/ext/cdi/jersey-cdi1x/2.33/jersey-cdi1x-2.33.jar:/home/runner/.m2/repository/org/glassfish/jersey/inject/jersey-hk2/2.33/jersey-hk2-2.33.jar:/home/runner/.m2/repository/org/glassfish/hk2/hk2-locator/2.6.1/hk2-locator-2.6.1.jar:/home/runner/.m2/repository/org/glassfish/jersey/media/jersey-media-jaxb/2.33/jersey-media-jaxb-2.33.jar:/home/runner/.m2/repository/org/glassfish/hk2/osgi-resource-locator/1.0.3/osgi-resource-locator-1.0.3.jar:/home/runner/.m2/repository/org/glassfish/hk2/hk2-api/2.5.0/hk2-api-2.5.0.jar:/home/runner/.m2/repository/org/glassfish/hk2/hk2-utils/2.5.0/hk2-utils-2.5.0.jar:/home/runner/.m2/repository/org/glassfish/hk2/external/aopalliance-repackaged/2.5.0/aopalliance-repackaged-2.5.0.jar:/home/runner/.m2/repository/com/fasterxml/jackson/dataformat/jackson-dataformat-xml/2.12.1/jackson-dataformat-xml-2.12.1.jar:/home/runner/.m2/repository/com/fasterxml/jackson/core/jackson-core/2.12.1/jackson-core-2.12.1.jar:/home/runner/.m2/repository/com/fasterxml/jackson/module/jackson-module-jaxb-annotations/2.12.1/jackson-module-jaxb-annotations-2.12.1.jar:/home/runner/.m2/repository/jakarta/xml/bind/jakarta.xml.bind-api/2.3.2/jakarta.xml.bind-api-2.3.2.jar:/home/runner/.m2/repository/org/codehaus/woodstox/stax2-api/3.1.4/stax2-api-3.1.4.jar:/home/runner/.m2/repository/com/fasterxml/woodstox/woodstox-core/5.0.3/woodstox-core-5.0.3.jar:/home/runner/.m2/repository/javax/enterprise/cdi-api/1.2/cdi-api-1.2.jar:/home/runner/.m2/repository/javax/el/javax.el-api/3.0.0/javax.el-api-3.0.0.jar:/home/runner/.m2/repository/javax/interceptor/javax.interceptor-api/1.2/javax.interceptor-api-1.2.jar:/home/runner/.m2/repository/javax/inject/javax.inject/1/javax.inject-1.jar:/home/runner/.m2/repository/javax/xml/bind/jaxb-api/2.3.0/jaxb-api-2.3.0.jar:/home/runner/.m2/repository/org/glassfish/jaxb/jaxb-runtime/2.3.0.1/jaxb-runtime-2.3.0.1.jar:/home/runner/.m2/repository/org/glassfish/jaxb/jaxb-core/2.3.0.1/jaxb-core-2.3.0.1.jar:/home/runner/.m2/repository/org/glassfish/jaxb/txw2/2.3.0.1/txw2-2.3.0.1.jar:/home/runner/.m2/repository/com/sun/istack/istack-commons-runtime/3.0.5/istack-commons-runtime-3.0.5.jar:/home/runner/.m2/repository/org/jvnet/staxex/stax-ex/1.7.8/stax-ex-1.7.8.jar:/home/runner/.m2/repository/com/sun/xml/fastinfoset/FastInfoset/1.2.13/FastInfoset-1.2.13.jar:/home/runner/.m2/repository/javax/activation/activation/1.1.1/activation-1.1.1.jar:/home/runner/.m2/repository/org/apache/ozone/ozone-csi/1.3.0-SNAPSHOT/ozone-csi-1.3.0-SNAPSHOT.jar:/home/runner/.m2/repository/com/google/protobuf/protobuf-java-util/3.12.0/protobuf-java-util-3.12.0.jar:/home/runner/.m2/repository/com/google/code/gson/gson/2.2.4/gson-2.2.4.jar:/home/runner/.m2/repository/org/apache/ozone/hdds-config/1.3.0-SNAPSHOT/hdds-config-1.3.0-SNAPSHOT.jar:/home/runner/.m2/repository/io/grpc/grpc-netty/1.33.0/grpc-netty-1.33.0.jar:/home/runner/.m2/repository/io/grpc/grpc-core/1.33.0/grpc-core-1.33.0.jar:/home/runner/.m2/repository/com/google/android/annotations/4.1.1.4/annotations-4.1.1.4.jar:/home/runner/.m2/repository/io/netty/netty-codec-http2/4.1.63.Final/netty-codec-http2-4.1.63.Final.jar:/home/runner/.m2/repository/io/netty/netty-codec-http/4.1.63.Final/netty-codec-http-4.1.63.Final.jar:/home/runner/.m2/repository/io/netty/netty-handler-proxy/4.1.63.Final/netty-handler-proxy-4.1.63.Final.jar:/home/runner/.m2/repository/io/netty/netty-codec-socks/4.1.63.Final/netty-codec-socks-4.1.63.Final.jar:/home/runner/.m2/repository/io/perfmark/perfmark-api/0.19.0/perfmark-api-0.19.0.jar:/home/runner/.m2/repository/org/codehaus/mojo/animal-sniffer-annotations/1.18/animal-sniffer-annotations-1.18.jar:/home/runner/.m2/repository/io/netty/netty-transport-native-epoll/4.1.63.Final/netty-transport-native-epoll-4.1.63.Final.jar:/home/runner/.m2/repository/io/netty/netty-common/4.1.63.Final/netty-common-4.1.63.Final.jar:/home/runner/.m2/repository/io/netty/netty-buffer/4.1.63.Final/netty-buffer-4.1.63.Final.jar:/home/runner/.m2/repository/io/netty/netty-transport-native-unix-common/4.1.63.Final/netty-transport-native-unix-common-4.1.63.Final.jar:/home/runner/.m2/repository/io/grpc/grpc-protobuf/1.33.0/grpc-protobuf-1.33.0.jar:/home/runner/.m2/repository/io/grpc/grpc-api/1.33.0/grpc-api-1.33.0.jar:/home/runner/.m2/repository/io/grpc/grpc-context/1.33.0/grpc-context-1.33.0.jar:/home/runner/.m2/repository/com/google/api/grpc/proto-google-common-protos/1.17.0/proto-google-common-protos-1.17.0.jar:/home/runner/.m2/repository/io/grpc/grpc-protobuf-lite/1.33.0/grpc-protobuf-lite-1.33.0.jar:/home/runner/.m2/repository/io/grpc/grpc-stub/1.33.0/grpc-stub-1.33.0.jar:/home/runner/.m2/repository/org/apache/ozone/ozone-recon/1.3.0-SNAPSHOT/ozone-recon-1.3.0-SNAPSHOT.jar:/home/runner/.m2/repository/org/apache/ozone/ozone-reconcodegen/1.3.0-SNAPSHOT/ozone-reconcodegen-1.3.0-SNAPSHOT.jar:/home/runner/.m2/repository/com/google/inject/extensions/guice-multibindings/4.0/guice-multibindings-4.0.jar:/home/runner/.m2/repository/com/google/inject/guice/4.0/guice-4.0.jar:/home/runner/.m2/repository/aopalliance/aopalliance/1.0/aopalliance-1.0.jar:/home/runner/.m2/repository/com/google/inject/extensions/guice-assistedinject/4.0/guice-assistedinject-4.0.jar:/home/runner/.m2/repository/com/google/inject/extensions/guice-servlet/4.0/guice-servlet-4.0.jar:/home/runner/.m2/repository/org/glassfish/jersey/containers/jersey-container-servlet/2.33/jersey-container-servlet-2.33.jar:/home/runner/.m2/repository/org/glassfish/hk2/guice-bridge/2.5.0/guice-bridge-2.5.0.jar:/home/runner/.m2/repository/org/glassfish/jersey/core/jersey-server/2.33/jersey-server-2.33.jar:/home/runner/.m2/repository/org/glassfish/jersey/core/jersey-client/2.33/jersey-client-2.33.jar:/home/runner/.m2/repository/jakarta/annotation/jakarta.annotation-api/1.3.5/jakarta.annotation-api-1.3.5.jar:/home/runner/.m2/repository/jakarta/validation/jakarta.validation-api/2.0.2/jakarta.validation-api-2.0.2.jar:/home/runner/.m2/repository/org/glassfish/jersey/media/jersey-media-json-jackson/2.33/jersey-media-json-jackson-2.33.jar:/home/runner/.m2/repository/org/glassfish/jersey/ext/jersey-entity-filtering/2.33/jersey-entity-filtering-2.33.jar:/home/runner/.m2/repository/org/jooq/jooq/3.11.10/jooq-3.11.10.jar:/home/runner/.m2/repository/org/jooq/jooq-meta/3.11.10/jooq-meta-3.11.10.jar:/home/runner/.m2/repository/org/jooq/jooq-codegen/3.11.10/jooq-codegen-3.11.10.jar:/home/runner/.m2/repository/com/jolbox/bonecp/0.8.0.RELEASE/bonecp-0.8.0.RELEASE.jar:/home/runner/.m2/repository/org/apache/derby/derby/10.14.2.0/derby-10.14.2.0.jar:/home/runner/.m2/repository/org/xerial/sqlite-jdbc/3.25.2/sqlite-jdbc-3.25.2.jar:/home/runner/.m2/repository/org/springframework/spring-jdbc/5.2.18.RELEASE/spring-jdbc-5.2.18.RELEASE.jar:/home/runner/.m2/repository/org/springframework/spring-beans/5.2.18.RELEASE/spring-beans-5.2.18.RELEASE.jar:/home/runner/.m2/repository/org/springframework/spring-core/5.2.18.RELEASE/spring-core-5.2.18.RELEASE.jar:/home/runner/.m2/repository/org/springframework/spring-jcl/5.2.18.RELEASE/spring-jcl-5.2.18.RELEASE.jar:/home/runner/.m2/repository/org/springframework/spring-tx/5.2.18.RELEASE/spring-tx-5.2.18.RELEASE.jar:/home/runner/.m2/repository/org/apache/ozone/ozone-client/1.3.0-SNAPSHOT/ozone-client-1.3.0-SNAPSHOT.jar:/home/runner/.m2/repository/org/apache/ozone/ozone-filesystem/1.3.0-SNAPSHOT/ozone-filesystem-1.3.0-SNAPSHOT.jar:/home/runner/.m2/repository/org/apache/ozone/ozone-filesystem-common/1.3.0-SNAPSHOT/ozone-filesystem-common-1.3.0-SNAPSHOT.jar:/home/runner/.m2/repository/org/apache/ozone/ozone-tools/1.3.0-SNAPSHOT/ozone-tools-1.3.0-SNAPSHOT.jar:/home/runner/.m2/repository/org/apache/ratis/ratis-tools/2.2.0/ratis-tools-2.2.0.jar:/home/runner/.m2/repository/com/amazonaws/aws-java-sdk-core/1.11.1034/aws-java-sdk-core-1.11.1034.jar:/home/runner/.m2/repository/org/apache/httpcomponents/httpclient/4.5.13/httpclient-4.5.13.jar:/home/runner/.m2/repository/org/apache/httpcomponents/httpcore/4.4.13/httpcore-4.4.13.jar:/home/runner/.m2/repository/software/amazon/ion/ion-java/1.0.2/ion-java-1.0.2.jar:/home/runner/.m2/repository/com/fasterxml/jackson/dataformat/jackson-dataformat-cbor/2.12.1/jackson-dataformat-cbor-2.12.1.jar:/home/runner/.m2/repository/joda-time/joda-time/2.8.1/joda-time-2.8.1.jar:/home/runner/.m2/repository/com/amazonaws/aws-java-sdk-s3/1.11.1034/aws-java-sdk-s3-1.11.1034.jar:/home/runner/.m2/repository/com/amazonaws/aws-java-sdk-kms/1.11.1034/aws-java-sdk-kms-1.11.1034.jar:/home/runner/.m2/repository/com/amazonaws/jmespath-java/1.11.1034/jmespath-java-1.11.1034.jar:/home/runner/.m2/repository/org/kohsuke/metainf-services/metainf-services/1.8/metainf-services-1.8.jar:/home/runner/.m2/repository/org/apache/ozone/hdds-tools/1.3.0-SNAPSHOT/hdds-tools-1.3.0-SNAPSHOT.jar:/home/runner/.m2/repository/commons-cli/commons-cli/1.2/commons-cli-1.2.jar:/home/runner/.m2/repository/org/apache/commons/commons-lang3/3.7/commons-lang3-3.7.jar:/home/runner/.m2/repository/org/apache/ozone/ozone-manager/1.3.0-SNAPSHOT/ozone-manager-1.3.0-SNAPSHOT-tests.jar:/home/runner/.m2/repository/org/apache/ozone/hdds-common/1.3.0-SNAPSHOT/hdds-common-1.3.0-SNAPSHOT-tests.jar:/home/runner/.m2/repository/org/apache/ozone/hdds-hadoop-dependency-client/1.3.0-SNAPSHOT/hdds-hadoop-dependency-client-1.3.0-SNAPSHOT.jar:/home/runner/.m2/repository/info/picocli/picocli/4.6.1/picocli-4.6.1.jar:/home/runner/.m2/repository/com/fasterxml/jackson/core/jackson-annotations/2.12.1/jackson-annotations-2.12.1.jar:/home/runner/.m2/repository/javax/annotation/javax.annotation-api/1.2/javax.annotation-api-1.2.jar:/home/runner/.m2/repository/org/apache/ratis/ratis-server/2.2.0/ratis-server-2.2.0.jar:/home/runner/.m2/repository/org/apache/ratis/ratis-client/2.2.0/ratis-client-2.2.0.jar:/home/runner/.m2/repository/org/apache/ratis/ratis-server-api/2.2.0/ratis-server-api-2.2.0.jar:/home/runner/.m2/repository/org/apache/ratis/ratis-metrics/2.2.0/ratis-metrics-2.2.0.jar:/home/runner/.m2/repository/org/apache/ratis/ratis-netty/2.2.0/ratis-netty-2.2.0.jar:/home/runner/.m2/repository/org/apache/ratis/ratis-grpc/2.2.0/ratis-grpc-2.2.0.jar:/home/runner/.m2/repository/org/apache/logging/log4j/log4j-api/2.13.3/log4j-api-2.13.3.jar:/home/runner/.m2/repository/org/apache/logging/log4j/log4j-core/2.13.3/log4j-core-2.13.3.jar:/home/runner/.m2/repository/com/lmax/disruptor/3.4.2/disruptor-3.4.2.jar:/home/runner/.m2/repository/org/apache/commons/commons-pool2/2.6.0/commons-pool2-2.6.0.jar:/home/runner/.m2/repository/org/bouncycastle/bcpkix-jdk15on/1.67/bcpkix-jdk15on-1.67.jar:/home/runner/.m2/repository/commons-validator/commons-validator/1.6/commons-validator-1.6.jar:/home/runner/.m2/repository/commons-beanutils/commons-beanutils/1.9.4/commons-beanutils-1.9.4.jar:/home/runner/.m2/repository/commons-digester/commons-digester/1.8.1/commons-digester-1.8.1.jar:/home/runner/.m2/repository/commons-collections/commons-collections/3.2.2/commons-collections-3.2.2.jar:/home/runner/.m2/repository/io/jaegertracing/jaeger-client/1.6.0/jaeger-client-1.6.0.jar:/home/runner/.m2/repository/io/jaegertracing/jaeger-thrift/1.6.0/jaeger-thrift-1.6.0.jar:/home/runner/.m2/repository/org/apache/thrift/libthrift/0.14.1/libthrift-0.14.1.jar:/home/runner/.m2/repository/com/squareup/okhttp3/okhttp/4.9.0/okhttp-4.9.0.jar:/home/runner/.m2/repository/com/squareup/okio/okio/2.8.0/okio-2.8.0.jar:/home/runner/.m2/repository/io/jaegertracing/jaeger-core/1.6.0/jaeger-core-1.6.0.jar:/home/runner/.m2/repository/io/jaegertracing/jaeger-tracerresolver/1.6.0/jaeger-tracerresolver-1.6.0.jar:/home/runner/.m2/repository/io/opentracing/contrib/opentracing-tracerresolver/0.1.8/opentracing-tracerresolver-0.1.8.jar:/home/runner/.m2/repository/org/jetbrains/kotlin/kotlin-stdlib/1.4.31/kotlin-stdlib-1.4.31.jar:/home/runner/.m2/repository/org/jetbrains/kotlin/kotlin-stdlib-common/1.4.31/kotlin-stdlib-common-1.4.31.jar:/home/runner/.m2/repository/org/jetbrains/annotations/13.0/annotations-13.0.jar:/home/runner/.m2/repository/io/opentracing/opentracing-util/0.33.0/opentracing-util-0.33.0.jar:/home/runner/.m2/repository/io/opentracing/opentracing-api/0.33.0/opentracing-api-0.33.0.jar:/home/runner/.m2/repository/io/opentracing/opentracing-noop/0.33.0/opentracing-noop-0.33.0.jar:/home/runner/.m2/repository/org/yaml/snakeyaml/1.26/snakeyaml-1.26.jar:/home/runner/.m2/repository/org/apache/ozone/hdds-interface-admin/1.3.0-SNAPSHOT/hdds-interface-admin-1.3.0-SNAPSHOT.jar:/home/runner/.m2/repository/junit/junit/4.13.1/junit-4.13.1.jar:/home/runner/.m2/repository/org/hamcrest/hamcrest-core/1.3/hamcrest-core-1.3.jar:/home/runner/.m2/repository/org/junit/jupiter/junit-jupiter-api/5.7.0/junit-jupiter-api-5.7.0.jar:/home/runner/.m2/repository/org/apiguardian/apiguardian-api/1.1.0/apiguardian-api-1.1.0.jar:/home/runner/.m2/repository/org/opentest4j/opentest4j/1.2.0/opentest4j-1.2.0.jar:/home/runner/.m2/repository/org/junit/platform/junit-platform-commons/1.7.0/junit-platform-commons-1.7.0.jar:/home/runner/.m2/repository/org/junit/jupiter/junit-jupiter-engine/5.7.0/junit-jupiter-engine-5.7.0.jar:/home/runner/.m2/repository/org/junit/platform/junit-platform-engine/1.7.0/junit-platform-engine-1.7.0.jar:/home/runner/.m2/repository/org/junit/vintage/junit-vintage-engine/5.7.0/junit-vintage-engine-5.7.0.jar:/home/runner/.m2/repository/org/junit/platform/junit-platform-launcher/1.7.0/junit-platform-launcher-1.7.0.jar:/home/runner/.m2/repository/org/openjdk/jmh/jmh-core/1.19/jmh-core-1.19.jar:/home/runner/.m2/repository/net/sf/jopt-simple/jopt-simple/4.6/jopt-simple-4.6.jar:/home/runner/.m2/repository/org/apache/commons/commons-math3/3.1.1/commons-math3-3.1.1.jar:/home/runner/.m2/repository/org/openjdk/jmh/jmh-generator-annprocess/1.19/jmh-generator-annprocess-1.19.jar:/home/runner/.m2/repository/org/mockito/mockito-core/2.28.2/mockito-core-2.28.2.jar:/home/runner/.m2/repository/net/bytebuddy/byte-buddy/1.9.10/byte-buddy-1.9.10.jar:/home/runner/.m2/repository/net/bytebuddy/byte-buddy-agent/1.9.10/byte-buddy-agent-1.9.10.jar:/home/runner/.m2/repository/org/objenesis/objenesis/1.0/objenesis-1.0.jar:/home/runner/.m2/repository/org/apache/hadoop/hadoop-kms/3.3.1/hadoop-kms-3.3.1.jar:/home/runner/.m2/repository/org/apache/hadoop/hadoop-auth/3.3.1/hadoop-auth-3.3.1.jar:/home/runner/.m2/repository/com/nimbusds/nimbus-jose-jwt/7.9/nimbus-jose-jwt-7.9.jar:/home/runner/.m2/repository/com/github/stephenc/jcip/jcip-annotations/1.0-1/jcip-annotations-1.0-1.jar:/home/runner/.m2/repository/net/minidev/json-smart/2.3.1/json-smart-2.3.1.jar:/home/runner/.m2/repository/net/minidev/accessors-smart/2.3.1/accessors-smart-2.3.1.jar:/home/runner/.m2/repository/org/ow2/asm/asm/5.0.4/asm-5.0.4.jar:/home/runner/.m2/repository/org/apache/zookeeper/zookeeper/3.5.6/zookeeper-3.5.6.jar:/home/runner/.m2/repository/org/apache/zookeeper/zookeeper-jute/3.5.6/zookeeper-jute-3.5.6.jar:/home/runner/.m2/repository/org/apache/yetus/audience-annotations/0.5.0/audience-annotations-0.5.0.jar:/home/runner/.m2/repository/org/apache/curator/curator-framework/4.2.0/curator-framework-4.2.0.jar:/home/runner/.m2/repository/org/apache/hadoop/thirdparty/hadoop-shaded-guava/1.1.1/hadoop-shaded-guava-1.1.1.jar:/home/runner/.m2/repository/com/sun/jersey/jersey-core/1.19/jersey-core-1.19.jar:/home/runner/.m2/repository/javax/ws/rs/jsr311-api/1.1.1/jsr311-api-1.1.1.jar:/home/runner/.m2/repository/com/sun/jersey/jersey-server/1.19/jersey-server-1.19.jar:/home/runner/.m2/repository/javax/servlet/javax.servlet-api/3.1.0/javax.servlet-api-3.1.0.jar:/home/runner/.m2/repository/org/eclipse/jetty/jetty-server/9.4.43.v20210629/jetty-server-9.4.43.v20210629.jar:/home/runner/.m2/repository/org/eclipse/jetty/jetty-http/9.4.43.v20210629/jetty-http-9.4.43.v20210629.jar:/home/runner/.m2/repository/org/eclipse/jetty/jetty-io/9.4.43.v20210629/jetty-io-9.4.43.v20210629.jar:/home/runner/.m2/repository/org/eclipse/jetty/jetty-webapp/9.4.43.v20210629/jetty-webapp-9.4.43.v20210629.jar:/home/runner/.m2/repository/org/eclipse/jetty/jetty-xml/9.4.43.v20210629/jetty-xml-9.4.43.v20210629.jar:/home/runner/.m2/repository/org/apache/hadoop/hadoop-common/3.3.1/hadoop-common-3.3.1.jar:/home/runner/.m2/repository/commons-net/commons-net/3.6/commons-net-3.6.jar:/home/runner/.m2/repository/jakarta/activation/jakarta.activation-api/1.2.1/jakarta.activation-api-1.2.1.jar:/home/runner/.m2/repository/com/sun/jersey/jersey-servlet/1.19/jersey-servlet-1.19.jar:/home/runner/.m2/repository/com/sun/jersey/jersey-json/1.19/jersey-json-1.19.jar:/home/runner/.m2/repository/org/codehaus/jettison/jettison/1.1/jettison-1.1.jar:/home/runner/.m2/repository/com/sun/xml/bind/jaxb-impl/2.2.3-1/jaxb-impl-2.2.3-1.jar:/home/runner/.m2/repository/org/codehaus/jackson/jackson-jaxrs/1.9.2/jackson-jaxrs-1.9.2.jar:/home/runner/.m2/repository/org/codehaus/jackson/jackson-xc/1.9.2/jackson-xc-1.9.2.jar:/home/runner/.m2/repository/org/apache/commons/commons-configuration2/2.1.1/commons-configuration2-2.1.1.jar:/home/runner/.m2/repository/org/apache/commons/commons-text/1.4/commons-text-1.4.jar:/home/runner/.m2/repository/com/google/re2j/re2j/1.1/re2j-1.1.jar:/home/runner/.m2/repository/com/jcraft/jsch/0.1.54/jsch-0.1.54.jar:/home/runner/.m2/repository/org/apache/curator/curator-client/4.2.0/curator-client-4.2.0.jar:/home/runner/.m2/repository/org/apache/curator/curator-recipes/4.2.0/curator-recipes-4.2.0.jar:/home/runner/.m2/repository/org/apache/kerby/kerb-core/1.0.1/kerb-core-1.0.1.jar:/home/runner/.m2/repository/org/apache/kerby/kerby-pkix/1.0.1/kerby-pkix-1.0.1.jar:/home/runner/.m2/repository/org/apache/kerby/kerby-asn1/1.0.1/kerby-asn1-1.0.1.jar:/home/runner/.m2/repository/org/apache/kerby/kerby-util/1.0.1/kerby-util-1.0.1.jar:/home/runner/.m2/repository/dnsjava/dnsjava/2.1.7/dnsjava-2.1.7.jar:/home/runner/.m2/repository/org/xerial/snappy/snappy-java/1.1.8.2/snappy-java-1.1.8.2.jar:/home/runner/.m2/repository/org/slf4j/jul-to-slf4j/1.7.30/jul-to-slf4j-1.7.30.jar:/home/runner/.m2/repository/org/eclipse/jetty/jetty-util/9.4.43.v20210629/jetty-util-9.4.43.v20210629.jar:/home/runner/.m2/repository/com/fasterxml/jackson/core/jackson-databind/2.12.1/jackson-databind-2.12.1.jar:/home/runner/.m2/repository/org/apache/hadoop/hadoop-kms/3.3.1/hadoop-kms-3.3.1-tests.jar:/home/runner/.m2/repository/org/apache/ozone/hdds-server-scm/1.3.0-SNAPSHOT/hdds-server-scm-1.3.0-SNAPSHOT-tests.jar:/home/runner/.m2/repository/org/apache/ozone/hdds-container-service/1.3.0-SNAPSHOT/hdds-container-service-1.3.0-SNAPSHOT-tests.jar:/home/runner/.m2/repository/commons-codec/commons-codec/1.11/commons-codec-1.11.jar:/home/runner/.m2/repository/io/netty/netty-transport/4.1.63.Final/netty-transport-4.1.63.Final.jar:/home/runner/.m2/repository/io/netty/netty-resolver/4.1.63.Final/netty-resolver-4.1.63.Final.jar:/home/runner/.m2/repository/io/netty/netty-codec/4.1.63.Final/netty-codec-4.1.63.Final.jar:/home/runner/.m2/repository/io/netty/netty-handler/4.1.63.Final/netty-handler-4.1.63.Final.jar:/home/runner/.m2/repository/org/apache/ozone/hdds-hadoop-dependency-test/1.3.0-SNAPSHOT/hdds-hadoop-dependency-test-1.3.0-SNAPSHOT.jar:/home/runner/.m2/repository/org/apache/hadoop/hadoop-common/3.3.1/hadoop-common-3.3.1-tests.jar:/home/runner/.m2/repository/org/assertj/assertj-core/3.12.2/assertj-core-3.12.2.jar:/home/runner/.m2/repository/org/apache/hadoop/hadoop-hdfs/3.3.1/hadoop-hdfs-3.3.1-tests.jar:/home/runner/.m2/repository/org/eclipse/jetty/jetty-util-ajax/9.4.43.v20210629/jetty-util-ajax-9.4.43.v20210629.jar:/home/runner/.m2/repository/commons-daemon/commons-daemon/1.0.13/commons-daemon-1.0.13.jar:/home/runner/.m2/repository/io/netty/netty/3.10.6.Final/netty-3.10.6.Final.jar:/home/runner/.m2/repository/io/netty/netty-all/4.1.63.Final/netty-all-4.1.63.Final.jar:/home/runner/.m2/repository/org/apache/htrace/htrace-core4/4.1.0-incubating/htrace-core4-4.1.0-incubating.jar:/home/runner/.m2/repository/org/fusesource/leveldbjni/leveldbjni-all/1.8/leveldbjni-all-1.8.jar:/home/runner/.m2/repository/org/apache/hadoop/hadoop-distcp/3.3.1/hadoop-distcp-3.3.1.jar:/home/runner/.m2/repository/org/apache/hadoop/hadoop-mapreduce-client-jobclient/3.3.1/hadoop-mapreduce-client-jobclient-3.3.1.jar:/home/runner/.m2/repository/org/apache/hadoop/hadoop-mapreduce-client-common/3.3.1/hadoop-mapreduce-client-common-3.3.1.jar:/home/runner/.m2/repository/org/apache/hadoop/hadoop-yarn-common/3.3.1/hadoop-yarn-common-3.3.1.jar:/home/runner/.m2/repository/org/apache/hadoop/hadoop-yarn-api/3.3.1/hadoop-yarn-api-3.3.1.jar:/home/runner/.m2/repository/com/sun/jersey/jersey-client/1.19/jersey-client-1.19.jar:/home/runner/.m2/repository/com/sun/jersey/contribs/jersey-guice/1.19/jersey-guice-1.19.jar:/home/runner/.m2/repository/com/fasterxml/jackson/jaxrs/jackson-jaxrs-json-provider/2.12.1/jackson-jaxrs-json-provider-2.12.1.jar:/home/runner/.m2/repository/com/fasterxml/jackson/jaxrs/jackson-jaxrs-base/2.12.1/jackson-jaxrs-base-2.12.1.jar:/home/runner/.m2/repository/org/apache/hadoop/hadoop-yarn-client/3.3.1/hadoop-yarn-client-3.3.1.jar:/home/runner/.m2/repository/org/eclipse/jetty/websocket/websocket-client/9.4.40.v20210413/websocket-client-9.4.40.v20210413.jar:/home/runner/.m2/repository/org/eclipse/jetty/jetty-client/9.4.40.v20210413/jetty-client-9.4.40.v20210413.jar:/home/runner/.m2/repository/org/eclipse/jetty/websocket/websocket-common/9.4.40.v20210413/websocket-common-9.4.40.v20210413.jar:/home/runner/.m2/repository/org/eclipse/jetty/websocket/websocket-api/9.4.40.v20210413/websocket-api-9.4.40.v20210413.jar:/home/runner/.m2/repository/org/jline/jline/3.9.0/jline-3.9.0.jar:/home/runner/.m2/repository/org/apache/hadoop/hadoop-mapreduce-client-core/3.3.1/hadoop-mapreduce-client-core-3.3.1.jar:/home/runner/.m2/repository/org/apache/avro/avro/1.7.7/avro-1.7.7.jar:/home/runner/.m2/repository/org/codehaus/jackson/jackson-core-asl/1.9.13/jackson-core-asl-1.9.13.jar:/home/runner/.m2/repository/org/codehaus/jackson/jackson-mapper-asl/1.9.13/jackson-mapper-asl-1.9.13.jar:/home/runner/.m2/repository/com/thoughtworks/paranamer/paranamer/2.3/paranamer-2.3.jar:/home/runner/.m2/repository/org/apache/hadoop/hadoop-annotations/3.3.1/hadoop-annotations-3.3.1.jar:/usr/lib/jvm/adoptopenjdk-8-hotspot-amd64/jre/../lib/tools.jar:/home/runner/.m2/repository/org/apache/hadoop/hadoop-distcp/3.3.1/hadoop-distcp-3.3.1-tests.jar:/home/runner/.m2/repository/org/apache/ratis/ratis-common/2.2.0/ratis-common-2.2.0.jar:/home/runner/.m2/repository/org/apache/ratis/ratis-thirdparty-misc/0.7.0/ratis-thirdparty-misc-0.7.0.jar:/home/runner/.m2/repository/org/apache/ratis/ratis-proto/2.2.0/ratis-proto-2.2.0.jar:"/>
    <property name="java.vm.vendor" value="AdoptOpenJDK"/>
    <property name="sun.arch.data.model" value="64"/>
    <property name="test.build.dir" value="/home/runner/work/ozone/ozone/hadoop-ozone/integration-test/target/test-dir"/>
    <property name="test.cache.data" value=""/>
    <property name="java.vendor.url" value="https://adoptopenjdk.net/"/>
    <property name="user.timezone" value=""/>
    <property name="java.vm.specification.version" value="1.8"/>
    <property name="os.name" value="Linux"/>
    <property name="test.build.data" value="/home/runner/work/ozone/ozone/hadoop-ozone/integration-test/target/test-dir"/>
    <property name="sun.java.launcher" value="SUN_STANDARD"/>
    <property name="sun.boot.library.path" value="/usr/lib/jvm/adoptopenjdk-8-hotspot-amd64/jre/lib/amd64"/>
    <property name="sun.java.command" value="/home/runner/work/ozone/ozone/hadoop-ozone/integration-test/target/surefire/surefirebooter2266212370286133198.jar /home/runner/work/ozone/ozone/hadoop-ozone/integration-test/target/surefire 2021-12-02T00-53-57_155-jvmRun1 surefire5661910549007680628tmp surefire_341742861100015511455tmp"/>
    <property name="surefire.test.class.path" value="/home/runner/work/ozone/ozone/hadoop-ozone/integration-test/target/test-classes:/home/runner/work/ozone/ozone/hadoop-ozone/integration-test/target/classes:/home/runner/.m2/repository/org/apache/ozone/ozone-common/1.3.0-SNAPSHOT/ozone-common-1.3.0-SNAPSHOT.jar:/home/runner/.m2/repository/org/apache/commons/commons-compress/1.21/commons-compress-1.21.jar:/home/runner/.m2/repository/org/apache/ozone/hdds-common/1.3.0-SNAPSHOT/hdds-common-1.3.0-SNAPSHOT.jar:/home/runner/.m2/repository/org/apache/ozone/hdds-client/1.3.0-SNAPSHOT/hdds-client-1.3.0-SNAPSHOT.jar:/home/runner/.m2/repository/org/apache/ozone/ozone-interface-client/1.3.0-SNAPSHOT/ozone-interface-client-1.3.0-SNAPSHOT.jar:/home/runner/.m2/repository/org/apache/ozone/hdds-test-utils/1.3.0-SNAPSHOT/hdds-test-utils-1.3.0-SNAPSHOT.jar:/home/runner/.m2/repository/com/google/guava/guava/30.1.1-jre/guava-30.1.1-jre.jar:/home/runner/.m2/repository/com/google/guava/failureaccess/1.0.1/failureaccess-1.0.1.jar:/home/runner/.m2/repository/com/google/guava/listenablefuture/9999.0-empty-to-avoid-conflict-with-guava/listenablefuture-9999.0-empty-to-avoid-conflict-with-guava.jar:/home/runner/.m2/repository/com/google/code/findbugs/jsr305/3.0.0/jsr305-3.0.0.jar:/home/runner/.m2/repository/org/checkerframework/checker-qual/3.8.0/checker-qual-3.8.0.jar:/home/runner/.m2/repository/com/google/errorprone/error_prone_annotations/2.2.0/error_prone_annotations-2.2.0.jar:/home/runner/.m2/repository/com/google/j2objc/j2objc-annotations/1.3/j2objc-annotations-1.3.jar:/home/runner/.m2/repository/commons-io/commons-io/2.11.0/commons-io-2.11.0.jar:/home/runner/.m2/repository/commons-logging/commons-logging/1.2/commons-logging-1.2.jar:/home/runner/.m2/repository/log4j/log4j/1.2.17/log4j-1.2.17.jar:/home/runner/.m2/repository/org/slf4j/slf4j-api/1.7.30/slf4j-api-1.7.30.jar:/home/runner/.m2/repository/org/apache/ozone/hdds-server-scm/1.3.0-SNAPSHOT/hdds-server-scm-1.3.0-SNAPSHOT.jar:/home/runner/.m2/repository/org/apache/ozone/hdds-container-service/1.3.0-SNAPSHOT/hdds-container-service-1.3.0-SNAPSHOT.jar:/home/runner/.m2/repository/org/apache/ozone/hdds-hadoop-dependency-server/1.3.0-SNAPSHOT/hdds-hadoop-dependency-server-1.3.0-SNAPSHOT.jar:/home/runner/.m2/repository/org/apache/hadoop/hadoop-hdfs/3.3.1/hadoop-hdfs-3.3.1.jar:/home/runner/.m2/repository/org/apache/ozone/hdds-server-framework/1.3.0-SNAPSHOT/hdds-server-framework-1.3.0-SNAPSHOT.jar:/home/runner/.m2/repository/org/apache/ozone/hdds-interface-server/1.3.0-SNAPSHOT/hdds-interface-server-1.3.0-SNAPSHOT.jar:/home/runner/.m2/repository/org/eclipse/jetty/jetty-servlet/9.4.43.v20210629/jetty-servlet-9.4.43.v20210629.jar:/home/runner/.m2/repository/org/eclipse/jetty/jetty-security/9.4.43.v20210629/jetty-security-9.4.43.v20210629.jar:/home/runner/.m2/repository/org/rocksdb/rocksdbjni/6.25.3/rocksdbjni-6.25.3.jar:/home/runner/.m2/repository/io/prometheus/simpleclient_dropwizard/0.7.0/simpleclient_dropwizard-0.7.0.jar:/home/runner/.m2/repository/io/prometheus/simpleclient/0.7.0/simpleclient-0.7.0.jar:/home/runner/.m2/repository/io/prometheus/simpleclient_common/0.7.0/simpleclient_common-0.7.0.jar:/home/runner/.m2/repository/com/fasterxml/jackson/datatype/jackson-datatype-jsr310/2.12.1/jackson-datatype-jsr310-2.12.1.jar:/home/runner/.m2/repository/io/dropwizard/metrics/metrics-core/3.2.4/metrics-core-3.2.4.jar:/home/runner/.m2/repository/org/apache/hadoop/hadoop-hdfs-client/3.3.1/hadoop-hdfs-client-3.3.1.jar:/home/runner/.m2/repository/org/bouncycastle/bcprov-jdk15on/1.67/bcprov-jdk15on-1.67.jar:/home/runner/.m2/repository/com/google/protobuf/protobuf-java/2.5.0/protobuf-java-2.5.0.jar:/home/runner/.m2/repository/org/apache/ozone/ozone-manager/1.3.0-SNAPSHOT/ozone-manager-1.3.0-SNAPSHOT.jar:/home/runner/.m2/repository/org/aspectj/aspectjrt/1.9.7/aspectjrt-1.9.7.jar:/home/runner/.m2/repository/org/aspectj/aspectjweaver/1.9.7/aspectjweaver-1.9.7.jar:/home/runner/.m2/repository/org/apache/ozone/hdds-interface-client/1.3.0-SNAPSHOT/hdds-interface-client-1.3.0-SNAPSHOT.jar:/home/runner/.m2/repository/org/apache/hadoop/thirdparty/hadoop-shaded-protobuf_3_7/1.1.1/hadoop-shaded-protobuf_3_7-1.1.1.jar:/home/runner/.m2/repository/org/apache/ozone/ozone-interface-storage/1.3.0-SNAPSHOT/ozone-interface-storage-1.3.0-SNAPSHOT.jar:/home/runner/.m2/repository/org/reflections/reflections/0.9.11/reflections-0.9.11.jar:/home/runner/.m2/repository/org/apache/hadoop/hadoop-minikdc/3.3.1/hadoop-minikdc-3.3.1.jar:/home/runner/.m2/repository/org/apache/kerby/kerb-simplekdc/1.0.1/kerb-simplekdc-1.0.1.jar:/home/runner/.m2/repository/org/apache/kerby/kerb-client/1.0.1/kerb-client-1.0.1.jar:/home/runner/.m2/repository/org/apache/kerby/kerby-config/1.0.1/kerby-config-1.0.1.jar:/home/runner/.m2/repository/org/apache/kerby/kerb-common/1.0.1/kerb-common-1.0.1.jar:/home/runner/.m2/repository/org/apache/kerby/kerb-crypto/1.0.1/kerb-crypto-1.0.1.jar:/home/runner/.m2/repository/org/apache/kerby/kerb-util/1.0.1/kerb-util-1.0.1.jar:/home/runner/.m2/repository/org/apache/kerby/token-provider/1.0.1/token-provider-1.0.1.jar:/home/runner/.m2/repository/org/apache/kerby/kerb-admin/1.0.1/kerb-admin-1.0.1.jar:/home/runner/.m2/repository/org/apache/kerby/kerb-server/1.0.1/kerb-server-1.0.1.jar:/home/runner/.m2/repository/org/apache/kerby/kerb-identity/1.0.1/kerb-identity-1.0.1.jar:/home/runner/.m2/repository/org/apache/kerby/kerby-xdr/1.0.1/kerby-xdr-1.0.1.jar:/home/runner/.m2/repository/org/slf4j/slf4j-log4j12/1.7.30/slf4j-log4j12-1.7.30.jar:/home/runner/.m2/repository/org/apache/ozone/ozone-s3gateway/1.3.0-SNAPSHOT/ozone-s3gateway-1.3.0-SNAPSHOT.jar:/home/runner/.m2/repository/org/javassist/javassist/3.21.0-GA/javassist-3.21.0-GA.jar:/home/runner/.m2/repository/org/jboss/weld/servlet/weld-servlet/2.4.7.Final/weld-servlet-2.4.7.Final.jar:/home/runner/.m2/repository/org/glassfish/jersey/containers/jersey-container-servlet-core/2.33/jersey-container-servlet-core-2.33.jar:/home/runner/.m2/repository/org/glassfish/hk2/external/jakarta.inject/2.6.1/jakarta.inject-2.6.1.jar:/home/runner/.m2/repository/org/glassfish/jersey/core/jersey-common/2.33/jersey-common-2.33.jar:/home/runner/.m2/repository/jakarta/ws/rs/jakarta.ws.rs-api/2.1.6/jakarta.ws.rs-api-2.1.6.jar:/home/runner/.m2/repository/org/glassfish/jersey/ext/cdi/jersey-cdi1x/2.33/jersey-cdi1x-2.33.jar:/home/runner/.m2/repository/org/glassfish/jersey/inject/jersey-hk2/2.33/jersey-hk2-2.33.jar:/home/runner/.m2/repository/org/glassfish/hk2/hk2-locator/2.6.1/hk2-locator-2.6.1.jar:/home/runner/.m2/repository/org/glassfish/jersey/media/jersey-media-jaxb/2.33/jersey-media-jaxb-2.33.jar:/home/runner/.m2/repository/org/glassfish/hk2/osgi-resource-locator/1.0.3/osgi-resource-locator-1.0.3.jar:/home/runner/.m2/repository/org/glassfish/hk2/hk2-api/2.5.0/hk2-api-2.5.0.jar:/home/runner/.m2/repository/org/glassfish/hk2/hk2-utils/2.5.0/hk2-utils-2.5.0.jar:/home/runner/.m2/repository/org/glassfish/hk2/external/aopalliance-repackaged/2.5.0/aopalliance-repackaged-2.5.0.jar:/home/runner/.m2/repository/com/fasterxml/jackson/dataformat/jackson-dataformat-xml/2.12.1/jackson-dataformat-xml-2.12.1.jar:/home/runner/.m2/repository/com/fasterxml/jackson/core/jackson-core/2.12.1/jackson-core-2.12.1.jar:/home/runner/.m2/repository/com/fasterxml/jackson/module/jackson-module-jaxb-annotations/2.12.1/jackson-module-jaxb-annotations-2.12.1.jar:/home/runner/.m2/repository/jakarta/xml/bind/jakarta.xml.bind-api/2.3.2/jakarta.xml.bind-api-2.3.2.jar:/home/runner/.m2/repository/org/codehaus/woodstox/stax2-api/3.1.4/stax2-api-3.1.4.jar:/home/runner/.m2/repository/com/fasterxml/woodstox/woodstox-core/5.0.3/woodstox-core-5.0.3.jar:/home/runner/.m2/repository/javax/enterprise/cdi-api/1.2/cdi-api-1.2.jar:/home/runner/.m2/repository/javax/el/javax.el-api/3.0.0/javax.el-api-3.0.0.jar:/home/runner/.m2/repository/javax/interceptor/javax.interceptor-api/1.2/javax.interceptor-api-1.2.jar:/home/runner/.m2/repository/javax/inject/javax.inject/1/javax.inject-1.jar:/home/runner/.m2/repository/javax/xml/bind/jaxb-api/2.3.0/jaxb-api-2.3.0.jar:/home/runner/.m2/repository/org/glassfish/jaxb/jaxb-runtime/2.3.0.1/jaxb-runtime-2.3.0.1.jar:/home/runner/.m2/repository/org/glassfish/jaxb/jaxb-core/2.3.0.1/jaxb-core-2.3.0.1.jar:/home/runner/.m2/repository/org/glassfish/jaxb/txw2/2.3.0.1/txw2-2.3.0.1.jar:/home/runner/.m2/repository/com/sun/istack/istack-commons-runtime/3.0.5/istack-commons-runtime-3.0.5.jar:/home/runner/.m2/repository/org/jvnet/staxex/stax-ex/1.7.8/stax-ex-1.7.8.jar:/home/runner/.m2/repository/com/sun/xml/fastinfoset/FastInfoset/1.2.13/FastInfoset-1.2.13.jar:/home/runner/.m2/repository/javax/activation/activation/1.1.1/activation-1.1.1.jar:/home/runner/.m2/repository/org/apache/ozone/ozone-csi/1.3.0-SNAPSHOT/ozone-csi-1.3.0-SNAPSHOT.jar:/home/runner/.m2/repository/com/google/protobuf/protobuf-java-util/3.12.0/protobuf-java-util-3.12.0.jar:/home/runner/.m2/repository/com/google/code/gson/gson/2.2.4/gson-2.2.4.jar:/home/runner/.m2/repository/org/apache/ozone/hdds-config/1.3.0-SNAPSHOT/hdds-config-1.3.0-SNAPSHOT.jar:/home/runner/.m2/repository/io/grpc/grpc-netty/1.33.0/grpc-netty-1.33.0.jar:/home/runner/.m2/repository/io/grpc/grpc-core/1.33.0/grpc-core-1.33.0.jar:/home/runner/.m2/repository/com/google/android/annotations/4.1.1.4/annotations-4.1.1.4.jar:/home/runner/.m2/repository/io/netty/netty-codec-http2/4.1.63.Final/netty-codec-http2-4.1.63.Final.jar:/home/runner/.m2/repository/io/netty/netty-codec-http/4.1.63.Final/netty-codec-http-4.1.63.Final.jar:/home/runner/.m2/repository/io/netty/netty-handler-proxy/4.1.63.Final/netty-handler-proxy-4.1.63.Final.jar:/home/runner/.m2/repository/io/netty/netty-codec-socks/4.1.63.Final/netty-codec-socks-4.1.63.Final.jar:/home/runner/.m2/repository/io/perfmark/perfmark-api/0.19.0/perfmark-api-0.19.0.jar:/home/runner/.m2/repository/org/codehaus/mojo/animal-sniffer-annotations/1.18/animal-sniffer-annotations-1.18.jar:/home/runner/.m2/repository/io/netty/netty-transport-native-epoll/4.1.63.Final/netty-transport-native-epoll-4.1.63.Final.jar:/home/runner/.m2/repository/io/netty/netty-common/4.1.63.Final/netty-common-4.1.63.Final.jar:/home/runner/.m2/repository/io/netty/netty-buffer/4.1.63.Final/netty-buffer-4.1.63.Final.jar:/home/runner/.m2/repository/io/netty/netty-transport-native-unix-common/4.1.63.Final/netty-transport-native-unix-common-4.1.63.Final.jar:/home/runner/.m2/repository/io/grpc/grpc-protobuf/1.33.0/grpc-protobuf-1.33.0.jar:/home/runner/.m2/repository/io/grpc/grpc-api/1.33.0/grpc-api-1.33.0.jar:/home/runner/.m2/repository/io/grpc/grpc-context/1.33.0/grpc-context-1.33.0.jar:/home/runner/.m2/repository/com/google/api/grpc/proto-google-common-protos/1.17.0/proto-google-common-protos-1.17.0.jar:/home/runner/.m2/repository/io/grpc/grpc-protobuf-lite/1.33.0/grpc-protobuf-lite-1.33.0.jar:/home/runner/.m2/repository/io/grpc/grpc-stub/1.33.0/grpc-stub-1.33.0.jar:/home/runner/.m2/repository/org/apache/ozone/ozone-recon/1.3.0-SNAPSHOT/ozone-recon-1.3.0-SNAPSHOT.jar:/home/runner/.m2/repository/org/apache/ozone/ozone-reconcodegen/1.3.0-SNAPSHOT/ozone-reconcodegen-1.3.0-SNAPSHOT.jar:/home/runner/.m2/repository/com/google/inject/extensions/guice-multibindings/4.0/guice-multibindings-4.0.jar:/home/runner/.m2/repository/com/google/inject/guice/4.0/guice-4.0.jar:/home/runner/.m2/repository/aopalliance/aopalliance/1.0/aopalliance-1.0.jar:/home/runner/.m2/repository/com/google/inject/extensions/guice-assistedinject/4.0/guice-assistedinject-4.0.jar:/home/runner/.m2/repository/com/google/inject/extensions/guice-servlet/4.0/guice-servlet-4.0.jar:/home/runner/.m2/repository/org/glassfish/jersey/containers/jersey-container-servlet/2.33/jersey-container-servlet-2.33.jar:/home/runner/.m2/repository/org/glassfish/hk2/guice-bridge/2.5.0/guice-bridge-2.5.0.jar:/home/runner/.m2/repository/org/glassfish/jersey/core/jersey-server/2.33/jersey-server-2.33.jar:/home/runner/.m2/repository/org/glassfish/jersey/core/jersey-client/2.33/jersey-client-2.33.jar:/home/runner/.m2/repository/jakarta/annotation/jakarta.annotation-api/1.3.5/jakarta.annotation-api-1.3.5.jar:/home/runner/.m2/repository/jakarta/validation/jakarta.validation-api/2.0.2/jakarta.validation-api-2.0.2.jar:/home/runner/.m2/repository/org/glassfish/jersey/media/jersey-media-json-jackson/2.33/jersey-media-json-jackson-2.33.jar:/home/runner/.m2/repository/org/glassfish/jersey/ext/jersey-entity-filtering/2.33/jersey-entity-filtering-2.33.jar:/home/runner/.m2/repository/org/jooq/jooq/3.11.10/jooq-3.11.10.jar:/home/runner/.m2/repository/org/jooq/jooq-meta/3.11.10/jooq-meta-3.11.10.jar:/home/runner/.m2/repository/org/jooq/jooq-codegen/3.11.10/jooq-codegen-3.11.10.jar:/home/runner/.m2/repository/com/jolbox/bonecp/0.8.0.RELEASE/bonecp-0.8.0.RELEASE.jar:/home/runner/.m2/repository/org/apache/derby/derby/10.14.2.0/derby-10.14.2.0.jar:/home/runner/.m2/repository/org/xerial/sqlite-jdbc/3.25.2/sqlite-jdbc-3.25.2.jar:/home/runner/.m2/repository/org/springframework/spring-jdbc/5.2.18.RELEASE/spring-jdbc-5.2.18.RELEASE.jar:/home/runner/.m2/repository/org/springframework/spring-beans/5.2.18.RELEASE/spring-beans-5.2.18.RELEASE.jar:/home/runner/.m2/repository/org/springframework/spring-core/5.2.18.RELEASE/spring-core-5.2.18.RELEASE.jar:/home/runner/.m2/repository/org/springframework/spring-jcl/5.2.18.RELEASE/spring-jcl-5.2.18.RELEASE.jar:/home/runner/.m2/repository/org/springframework/spring-tx/5.2.18.RELEASE/spring-tx-5.2.18.RELEASE.jar:/home/runner/.m2/repository/org/apache/ozone/ozone-client/1.3.0-SNAPSHOT/ozone-client-1.3.0-SNAPSHOT.jar:/home/runner/.m2/repository/org/apache/ozone/ozone-filesystem/1.3.0-SNAPSHOT/ozone-filesystem-1.3.0-SNAPSHOT.jar:/home/runner/.m2/repository/org/apache/ozone/ozone-filesystem-common/1.3.0-SNAPSHOT/ozone-filesystem-common-1.3.0-SNAPSHOT.jar:/home/runner/.m2/repository/org/apache/ozone/ozone-tools/1.3.0-SNAPSHOT/ozone-tools-1.3.0-SNAPSHOT.jar:/home/runner/.m2/repository/org/apache/ratis/ratis-tools/2.2.0/ratis-tools-2.2.0.jar:/home/runner/.m2/repository/com/amazonaws/aws-java-sdk-core/1.11.1034/aws-java-sdk-core-1.11.1034.jar:/home/runner/.m2/repository/org/apache/httpcomponents/httpclient/4.5.13/httpclient-4.5.13.jar:/home/runner/.m2/repository/org/apache/httpcomponents/httpcore/4.4.13/httpcore-4.4.13.jar:/home/runner/.m2/repository/software/amazon/ion/ion-java/1.0.2/ion-java-1.0.2.jar:/home/runner/.m2/repository/com/fasterxml/jackson/dataformat/jackson-dataformat-cbor/2.12.1/jackson-dataformat-cbor-2.12.1.jar:/home/runner/.m2/repository/joda-time/joda-time/2.8.1/joda-time-2.8.1.jar:/home/runner/.m2/repository/com/amazonaws/aws-java-sdk-s3/1.11.1034/aws-java-sdk-s3-1.11.1034.jar:/home/runner/.m2/repository/com/amazonaws/aws-java-sdk-kms/1.11.1034/aws-java-sdk-kms-1.11.1034.jar:/home/runner/.m2/repository/com/amazonaws/jmespath-java/1.11.1034/jmespath-java-1.11.1034.jar:/home/runner/.m2/repository/org/kohsuke/metainf-services/metainf-services/1.8/metainf-services-1.8.jar:/home/runner/.m2/repository/org/apache/ozone/hdds-tools/1.3.0-SNAPSHOT/hdds-tools-1.3.0-SNAPSHOT.jar:/home/runner/.m2/repository/commons-cli/commons-cli/1.2/commons-cli-1.2.jar:/home/runner/.m2/repository/org/apache/commons/commons-lang3/3.7/commons-lang3-3.7.jar:/home/runner/.m2/repository/org/apache/ozone/ozone-manager/1.3.0-SNAPSHOT/ozone-manager-1.3.0-SNAPSHOT-tests.jar:/home/runner/.m2/repository/org/apache/ozone/hdds-common/1.3.0-SNAPSHOT/hdds-common-1.3.0-SNAPSHOT-tests.jar:/home/runner/.m2/repository/org/apache/ozone/hdds-hadoop-dependency-client/1.3.0-SNAPSHOT/hdds-hadoop-dependency-client-1.3.0-SNAPSHOT.jar:/home/runner/.m2/repository/info/picocli/picocli/4.6.1/picocli-4.6.1.jar:/home/runner/.m2/repository/com/fasterxml/jackson/core/jackson-annotations/2.12.1/jackson-annotations-2.12.1.jar:/home/runner/.m2/repository/javax/annotation/javax.annotation-api/1.2/javax.annotation-api-1.2.jar:/home/runner/.m2/repository/org/apache/ratis/ratis-server/2.2.0/ratis-server-2.2.0.jar:/home/runner/.m2/repository/org/apache/ratis/ratis-client/2.2.0/ratis-client-2.2.0.jar:/home/runner/.m2/repository/org/apache/ratis/ratis-server-api/2.2.0/ratis-server-api-2.2.0.jar:/home/runner/.m2/repository/org/apache/ratis/ratis-metrics/2.2.0/ratis-metrics-2.2.0.jar:/home/runner/.m2/repository/org/apache/ratis/ratis-netty/2.2.0/ratis-netty-2.2.0.jar:/home/runner/.m2/repository/org/apache/ratis/ratis-grpc/2.2.0/ratis-grpc-2.2.0.jar:/home/runner/.m2/repository/org/apache/logging/log4j/log4j-api/2.13.3/log4j-api-2.13.3.jar:/home/runner/.m2/repository/org/apache/logging/log4j/log4j-core/2.13.3/log4j-core-2.13.3.jar:/home/runner/.m2/repository/com/lmax/disruptor/3.4.2/disruptor-3.4.2.jar:/home/runner/.m2/repository/org/apache/commons/commons-pool2/2.6.0/commons-pool2-2.6.0.jar:/home/runner/.m2/repository/org/bouncycastle/bcpkix-jdk15on/1.67/bcpkix-jdk15on-1.67.jar:/home/runner/.m2/repository/commons-validator/commons-validator/1.6/commons-validator-1.6.jar:/home/runner/.m2/repository/commons-beanutils/commons-beanutils/1.9.4/commons-beanutils-1.9.4.jar:/home/runner/.m2/repository/commons-digester/commons-digester/1.8.1/commons-digester-1.8.1.jar:/home/runner/.m2/repository/commons-collections/commons-collections/3.2.2/commons-collections-3.2.2.jar:/home/runner/.m2/repository/io/jaegertracing/jaeger-client/1.6.0/jaeger-client-1.6.0.jar:/home/runner/.m2/repository/io/jaegertracing/jaeger-thrift/1.6.0/jaeger-thrift-1.6.0.jar:/home/runner/.m2/repository/org/apache/thrift/libthrift/0.14.1/libthrift-0.14.1.jar:/home/runner/.m2/repository/com/squareup/okhttp3/okhttp/4.9.0/okhttp-4.9.0.jar:/home/runner/.m2/repository/com/squareup/okio/okio/2.8.0/okio-2.8.0.jar:/home/runner/.m2/repository/io/jaegertracing/jaeger-core/1.6.0/jaeger-core-1.6.0.jar:/home/runner/.m2/repository/io/jaegertracing/jaeger-tracerresolver/1.6.0/jaeger-tracerresolver-1.6.0.jar:/home/runner/.m2/repository/io/opentracing/contrib/opentracing-tracerresolver/0.1.8/opentracing-tracerresolver-0.1.8.jar:/home/runner/.m2/repository/org/jetbrains/kotlin/kotlin-stdlib/1.4.31/kotlin-stdlib-1.4.31.jar:/home/runner/.m2/repository/org/jetbrains/kotlin/kotlin-stdlib-common/1.4.31/kotlin-stdlib-common-1.4.31.jar:/home/runner/.m2/repository/org/jetbrains/annotations/13.0/annotations-13.0.jar:/home/runner/.m2/repository/io/opentracing/opentracing-util/0.33.0/opentracing-util-0.33.0.jar:/home/runner/.m2/repository/io/opentracing/opentracing-api/0.33.0/opentracing-api-0.33.0.jar:/home/runner/.m2/repository/io/opentracing/opentracing-noop/0.33.0/opentracing-noop-0.33.0.jar:/home/runner/.m2/repository/org/yaml/snakeyaml/1.26/snakeyaml-1.26.jar:/home/runner/.m2/repository/org/apache/ozone/hdds-interface-admin/1.3.0-SNAPSHOT/hdds-interface-admin-1.3.0-SNAPSHOT.jar:/home/runner/.m2/repository/junit/junit/4.13.1/junit-4.13.1.jar:/home/runner/.m2/repository/org/hamcrest/hamcrest-core/1.3/hamcrest-core-1.3.jar:/home/runner/.m2/repository/org/junit/jupiter/junit-jupiter-api/5.7.0/junit-jupiter-api-5.7.0.jar:/home/runner/.m2/repository/org/apiguardian/apiguardian-api/1.1.0/apiguardian-api-1.1.0.jar:/home/runner/.m2/repository/org/opentest4j/opentest4j/1.2.0/opentest4j-1.2.0.jar:/home/runner/.m2/repository/org/junit/platform/junit-platform-commons/1.7.0/junit-platform-commons-1.7.0.jar:/home/runner/.m2/repository/org/junit/jupiter/junit-jupiter-engine/5.7.0/junit-jupiter-engine-5.7.0.jar:/home/runner/.m2/repository/org/junit/platform/junit-platform-engine/1.7.0/junit-platform-engine-1.7.0.jar:/home/runner/.m2/repository/org/junit/vintage/junit-vintage-engine/5.7.0/junit-vintage-engine-5.7.0.jar:/home/runner/.m2/repository/org/junit/platform/junit-platform-launcher/1.7.0/junit-platform-launcher-1.7.0.jar:/home/runner/.m2/repository/org/openjdk/jmh/jmh-core/1.19/jmh-core-1.19.jar:/home/runner/.m2/repository/net/sf/jopt-simple/jopt-simple/4.6/jopt-simple-4.6.jar:/home/runner/.m2/repository/org/apache/commons/commons-math3/3.1.1/commons-math3-3.1.1.jar:/home/runner/.m2/repository/org/openjdk/jmh/jmh-generator-annprocess/1.19/jmh-generator-annprocess-1.19.jar:/home/runner/.m2/repository/org/mockito/mockito-core/2.28.2/mockito-core-2.28.2.jar:/home/runner/.m2/repository/net/bytebuddy/byte-buddy/1.9.10/byte-buddy-1.9.10.jar:/home/runner/.m2/repository/net/bytebuddy/byte-buddy-agent/1.9.10/byte-buddy-agent-1.9.10.jar:/home/runner/.m2/repository/org/objenesis/objenesis/1.0/objenesis-1.0.jar:/home/runner/.m2/repository/org/apache/hadoop/hadoop-kms/3.3.1/hadoop-kms-3.3.1.jar:/home/runner/.m2/repository/org/apache/hadoop/hadoop-auth/3.3.1/hadoop-auth-3.3.1.jar:/home/runner/.m2/repository/com/nimbusds/nimbus-jose-jwt/7.9/nimbus-jose-jwt-7.9.jar:/home/runner/.m2/repository/com/github/stephenc/jcip/jcip-annotations/1.0-1/jcip-annotations-1.0-1.jar:/home/runner/.m2/repository/net/minidev/json-smart/2.3.1/json-smart-2.3.1.jar:/home/runner/.m2/repository/net/minidev/accessors-smart/2.3.1/accessors-smart-2.3.1.jar:/home/runner/.m2/repository/org/ow2/asm/asm/5.0.4/asm-5.0.4.jar:/home/runner/.m2/repository/org/apache/zookeeper/zookeeper/3.5.6/zookeeper-3.5.6.jar:/home/runner/.m2/repository/org/apache/zookeeper/zookeeper-jute/3.5.6/zookeeper-jute-3.5.6.jar:/home/runner/.m2/repository/org/apache/yetus/audience-annotations/0.5.0/audience-annotations-0.5.0.jar:/home/runner/.m2/repository/org/apache/curator/curator-framework/4.2.0/curator-framework-4.2.0.jar:/home/runner/.m2/repository/org/apache/hadoop/thirdparty/hadoop-shaded-guava/1.1.1/hadoop-shaded-guava-1.1.1.jar:/home/runner/.m2/repository/com/sun/jersey/jersey-core/1.19/jersey-core-1.19.jar:/home/runner/.m2/repository/javax/ws/rs/jsr311-api/1.1.1/jsr311-api-1.1.1.jar:/home/runner/.m2/repository/com/sun/jersey/jersey-server/1.19/jersey-server-1.19.jar:/home/runner/.m2/repository/javax/servlet/javax.servlet-api/3.1.0/javax.servlet-api-3.1.0.jar:/home/runner/.m2/repository/org/eclipse/jetty/jetty-server/9.4.43.v20210629/jetty-server-9.4.43.v20210629.jar:/home/runner/.m2/repository/org/eclipse/jetty/jetty-http/9.4.43.v20210629/jetty-http-9.4.43.v20210629.jar:/home/runner/.m2/repository/org/eclipse/jetty/jetty-io/9.4.43.v20210629/jetty-io-9.4.43.v20210629.jar:/home/runner/.m2/repository/org/eclipse/jetty/jetty-webapp/9.4.43.v20210629/jetty-webapp-9.4.43.v20210629.jar:/home/runner/.m2/repository/org/eclipse/jetty/jetty-xml/9.4.43.v20210629/jetty-xml-9.4.43.v20210629.jar:/home/runner/.m2/repository/org/apache/hadoop/hadoop-common/3.3.1/hadoop-common-3.3.1.jar:/home/runner/.m2/repository/commons-net/commons-net/3.6/commons-net-3.6.jar:/home/runner/.m2/repository/jakarta/activation/jakarta.activation-api/1.2.1/jakarta.activation-api-1.2.1.jar:/home/runner/.m2/repository/com/sun/jersey/jersey-servlet/1.19/jersey-servlet-1.19.jar:/home/runner/.m2/repository/com/sun/jersey/jersey-json/1.19/jersey-json-1.19.jar:/home/runner/.m2/repository/org/codehaus/jettison/jettison/1.1/jettison-1.1.jar:/home/runner/.m2/repository/com/sun/xml/bind/jaxb-impl/2.2.3-1/jaxb-impl-2.2.3-1.jar:/home/runner/.m2/repository/org/codehaus/jackson/jackson-jaxrs/1.9.2/jackson-jaxrs-1.9.2.jar:/home/runner/.m2/repository/org/codehaus/jackson/jackson-xc/1.9.2/jackson-xc-1.9.2.jar:/home/runner/.m2/repository/org/apache/commons/commons-configuration2/2.1.1/commons-configuration2-2.1.1.jar:/home/runner/.m2/repository/org/apache/commons/commons-text/1.4/commons-text-1.4.jar:/home/runner/.m2/repository/com/google/re2j/re2j/1.1/re2j-1.1.jar:/home/runner/.m2/repository/com/jcraft/jsch/0.1.54/jsch-0.1.54.jar:/home/runner/.m2/repository/org/apache/curator/curator-client/4.2.0/curator-client-4.2.0.jar:/home/runner/.m2/repository/org/apache/curator/curator-recipes/4.2.0/curator-recipes-4.2.0.jar:/home/runner/.m2/repository/org/apache/kerby/kerb-core/1.0.1/kerb-core-1.0.1.jar:/home/runner/.m2/repository/org/apache/kerby/kerby-pkix/1.0.1/kerby-pkix-1.0.1.jar:/home/runner/.m2/repository/org/apache/kerby/kerby-asn1/1.0.1/kerby-asn1-1.0.1.jar:/home/runner/.m2/repository/org/apache/kerby/kerby-util/1.0.1/kerby-util-1.0.1.jar:/home/runner/.m2/repository/dnsjava/dnsjava/2.1.7/dnsjava-2.1.7.jar:/home/runner/.m2/repository/org/xerial/snappy/snappy-java/1.1.8.2/snappy-java-1.1.8.2.jar:/home/runner/.m2/repository/org/slf4j/jul-to-slf4j/1.7.30/jul-to-slf4j-1.7.30.jar:/home/runner/.m2/repository/org/eclipse/jetty/jetty-util/9.4.43.v20210629/jetty-util-9.4.43.v20210629.jar:/home/runner/.m2/repository/com/fasterxml/jackson/core/jackson-databind/2.12.1/jackson-databind-2.12.1.jar:/home/runner/.m2/repository/org/apache/hadoop/hadoop-kms/3.3.1/hadoop-kms-3.3.1-tests.jar:/home/runner/.m2/repository/org/apache/ozone/hdds-server-scm/1.3.0-SNAPSHOT/hdds-server-scm-1.3.0-SNAPSHOT-tests.jar:/home/runner/.m2/repository/org/apache/ozone/hdds-container-service/1.3.0-SNAPSHOT/hdds-container-service-1.3.0-SNAPSHOT-tests.jar:/home/runner/.m2/repository/commons-codec/commons-codec/1.11/commons-codec-1.11.jar:/home/runner/.m2/repository/io/netty/netty-transport/4.1.63.Final/netty-transport-4.1.63.Final.jar:/home/runner/.m2/repository/io/netty/netty-resolver/4.1.63.Final/netty-resolver-4.1.63.Final.jar:/home/runner/.m2/repository/io/netty/netty-codec/4.1.63.Final/netty-codec-4.1.63.Final.jar:/home/runner/.m2/repository/io/netty/netty-handler/4.1.63.Final/netty-handler-4.1.63.Final.jar:/home/runner/.m2/repository/org/apache/ozone/hdds-hadoop-dependency-test/1.3.0-SNAPSHOT/hdds-hadoop-dependency-test-1.3.0-SNAPSHOT.jar:/home/runner/.m2/repository/org/apache/hadoop/hadoop-common/3.3.1/hadoop-common-3.3.1-tests.jar:/home/runner/.m2/repository/org/assertj/assertj-core/3.12.2/assertj-core-3.12.2.jar:/home/runner/.m2/repository/org/apache/hadoop/hadoop-hdfs/3.3.1/hadoop-hdfs-3.3.1-tests.jar:/home/runner/.m2/repository/org/eclipse/jetty/jetty-util-ajax/9.4.43.v20210629/jetty-util-ajax-9.4.43.v20210629.jar:/home/runner/.m2/repository/commons-daemon/commons-daemon/1.0.13/commons-daemon-1.0.13.jar:/home/runner/.m2/repository/io/netty/netty/3.10.6.Final/netty-3.10.6.Final.jar:/home/runner/.m2/repository/io/netty/netty-all/4.1.63.Final/netty-all-4.1.63.Final.jar:/home/runner/.m2/repository/org/apache/htrace/htrace-core4/4.1.0-incubating/htrace-core4-4.1.0-incubating.jar:/home/runner/.m2/repository/org/fusesource/leveldbjni/leveldbjni-all/1.8/leveldbjni-all-1.8.jar:/home/runner/.m2/repository/org/apache/hadoop/hadoop-distcp/3.3.1/hadoop-distcp-3.3.1.jar:/home/runner/.m2/repository/org/apache/hadoop/hadoop-mapreduce-client-jobclient/3.3.1/hadoop-mapreduce-client-jobclient-3.3.1.jar:/home/runner/.m2/repository/org/apache/hadoop/hadoop-mapreduce-client-common/3.3.1/hadoop-mapreduce-client-common-3.3.1.jar:/home/runner/.m2/repository/org/apache/hadoop/hadoop-yarn-common/3.3.1/hadoop-yarn-common-3.3.1.jar:/home/runner/.m2/repository/org/apache/hadoop/hadoop-yarn-api/3.3.1/hadoop-yarn-api-3.3.1.jar:/home/runner/.m2/repository/com/sun/jersey/jersey-client/1.19/jersey-client-1.19.jar:/home/runner/.m2/repository/com/sun/jersey/contribs/jersey-guice/1.19/jersey-guice-1.19.jar:/home/runner/.m2/repository/com/fasterxml/jackson/jaxrs/jackson-jaxrs-json-provider/2.12.1/jackson-jaxrs-json-provider-2.12.1.jar:/home/runner/.m2/repository/com/fasterxml/jackson/jaxrs/jackson-jaxrs-base/2.12.1/jackson-jaxrs-base-2.12.1.jar:/home/runner/.m2/repository/org/apache/hadoop/hadoop-yarn-client/3.3.1/hadoop-yarn-client-3.3.1.jar:/home/runner/.m2/repository/org/eclipse/jetty/websocket/websocket-client/9.4.40.v20210413/websocket-client-9.4.40.v20210413.jar:/home/runner/.m2/repository/org/eclipse/jetty/jetty-client/9.4.40.v20210413/jetty-client-9.4.40.v20210413.jar:/home/runner/.m2/repository/org/eclipse/jetty/websocket/websocket-common/9.4.40.v20210413/websocket-common-9.4.40.v20210413.jar:/home/runner/.m2/repository/org/eclipse/jetty/websocket/websocket-api/9.4.40.v20210413/websocket-api-9.4.40.v20210413.jar:/home/runner/.m2/repository/org/jline/jline/3.9.0/jline-3.9.0.jar:/home/runner/.m2/repository/org/apache/hadoop/hadoop-mapreduce-client-core/3.3.1/hadoop-mapreduce-client-core-3.3.1.jar:/home/runner/.m2/repository/org/apache/avro/avro/1.7.7/avro-1.7.7.jar:/home/runner/.m2/repository/org/codehaus/jackson/jackson-core-asl/1.9.13/jackson-core-asl-1.9.13.jar:/home/runner/.m2/repository/org/codehaus/jackson/jackson-mapper-asl/1.9.13/jackson-mapper-asl-1.9.13.jar:/home/runner/.m2/repository/com/thoughtworks/paranamer/paranamer/2.3/paranamer-2.3.jar:/home/runner/.m2/repository/org/apache/hadoop/hadoop-annotations/3.3.1/hadoop-annotations-3.3.1.jar:/usr/lib/jvm/adoptopenjdk-8-hotspot-amd64/jre/../lib/tools.jar:/home/runner/.m2/repository/org/apache/hadoop/hadoop-distcp/3.3.1/hadoop-distcp-3.3.1-tests.jar:/home/runner/.m2/repository/org/apache/ratis/ratis-common/2.2.0/ratis-common-2.2.0.jar:/home/runner/.m2/repository/org/apache/ratis/ratis-thirdparty-misc/0.7.0/ratis-thirdparty-misc-0.7.0.jar:/home/runner/.m2/repository/org/apache/ratis/ratis-proto/2.2.0/ratis-proto-2.2.0.jar:"/>
    <property name="sun.cpu.endian" value="little"/>
    <property name="user.home" value="/home/runner"/>
    <property name="user.language" value="en"/>
    <property name="java.specification.vendor" value="Oracle Corporation"/>
    <property name="java.home" value="/usr/lib/jvm/adoptopenjdk-8-hotspot-amd64/jre"/>
    <property name="java.security.krb5.conf" value="/home/runner/work/ozone/ozone/hadoop-ozone/integration-test/target/test-classes/krb5.conf"/>
    <property name="basedir" value="/home/runner/work/ozone/ozone/hadoop-ozone/integration-test"/>
    <property name="file.separator" value="/"/>
    <property name="line.separator" value="&#10;"/>
    <property name="java.vm.specification.vendor" value="Oracle Corporation"/>
    <property name="java.specification.name" value="Java Platform API Specification"/>
    <property name="java.awt.graphicsenv" value="sun.awt.X11GraphicsEnvironment"/>
    <property name="skip.installnpx" value="true"/>
    <property name="surefire.real.class.path" value="/home/runner/work/ozone/ozone/hadoop-ozone/integration-test/target/surefire/surefirebooter2266212370286133198.jar:/home/runner/.m2/repository/org/jacoco/org.jacoco.agent/0.8.5/org.jacoco.agent-0.8.5-runtime.jar"/>
    <property name="hadoop.log.dir" value="/home/runner/work/ozone/ozone/hadoop-ozone/integration-test/target/log"/>
    <property name="sun.boot.class.path" value="/usr/lib/jvm/adoptopenjdk-8-hotspot-amd64/jre/lib/resources.jar:/usr/lib/jvm/adoptopenjdk-8-hotspot-amd64/jre/lib/rt.jar:/usr/lib/jvm/adoptopenjdk-8-hotspot-amd64/jre/lib/sunrsasign.jar:/usr/lib/jvm/adoptopenjdk-8-hotspot-amd64/jre/lib/jsse.jar:/usr/lib/jvm/adoptopenjdk-8-hotspot-amd64/jre/lib/jce.jar:/usr/lib/jvm/adoptopenjdk-8-hotspot-amd64/jre/lib/charsets.jar:/usr/lib/jvm/adoptopenjdk-8-hotspot-amd64/jre/lib/jfr.jar:/usr/lib/jvm/adoptopenjdk-8-hotspot-amd64/jre/classes"/>
    <property name="sun.management.compiler" value="HotSpot 64-Bit Tiered Compilers"/>
    <property name="skip.npx" value="true"/>
    <property name="java.runtime.version" value="1.8.0_292-b10"/>
    <property name="java.net.preferIPv4Stack" value="true"/>
    <property name="user.name" value="runner"/>
    <property name="path.separator" value=":"/>
    <property name="java.security.egd" value="file:///dev/urandom"/>
    <property name="os.version" value="5.4.0-1063-azure"/>
    <property name="java.endorsed.dirs" value="/usr/lib/jvm/adoptopenjdk-8-hotspot-amd64/jre/lib/endorsed"/>
    <property name="java.runtime.name" value="OpenJDK Runtime Environment"/>
    <property name="file.encoding" value="UTF-8"/>
    <property name="java.vm.name" value="OpenJDK 64-Bit Server VM"/>
    <property name="test.build.webapps" value=""/>
    <property name="localRepository" value="/home/runner/.m2/repository"/>
    <property name="java.vendor.url.bug" value="https://github.com/AdoptOpenJDK/openjdk-support/issues"/>
    <property name="java.io.tmpdir" value="/tmp"/>
    <property name="require.test.libhadoop" value=""/>
    <property name="java.version" value="1.8.0_292"/>
    <property name="user.dir" value="/home/runner/work/ozone/ozone/hadoop-ozone/integration-test"/>
    <property name="os.arch" value="amd64"/>
    <property name="java.vm.specification.name" value="Java Virtual Machine Specification"/>
    <property name="test.build.classes" value="/home/runner/work/ozone/ozone/hadoop-ozone/integration-test/target/test-classes"/>
    <property name="java.awt.printerjob" value="sun.print.PSPrinterJob"/>
    <property name="sun.os.patch.level" value="unknown"/>
    <property name="hadoop.tmp.dir" value="/home/runner/work/ozone/ozone/hadoop-ozone/integration-test/target/tmp"/>
    <property name="java.library.path" value="/usr/java/packages/lib/amd64:/usr/lib64:/lib64:/lib:/usr/lib"/>
    <property name="java.vm.info" value="mixed mode"/>
    <property name="java.vendor" value="AdoptOpenJDK"/>
    <property name="java.vm.version" value="25.292-b10"/>
    <property name="java.ext.dirs" value="/usr/lib/jvm/adoptopenjdk-8-hotspot-amd64/jre/lib/ext:/usr/java/packages/lib/ext"/>
    <property name="sun.io.unicode.encoding" value="UnicodeLittle"/>
    <property name="java.class.version" value="52.0"/>
  </properties>
  <testcase name="testDataNodeAndSCMFailuresTogetherDuringDataNodeUpgrade" classname="org.apache.hadoop.hdds.upgrade.TestHDDSUpgrade" time="0">
    <skipped/>
  </testcase>
  <testcase name="testDataNodeAndSCMFailuresTogetherDuringSCMUpgrade" classname="org.apache.hadoop.hdds.upgrade.TestHDDSUpgrade" time="0">
    <skipped/>
  </testcase>
  <testcase name="testScmFailuresAfterScmPostFinalizeUpgrade" classname="org.apache.hadoop.hdds.upgrade.TestHDDSUpgrade" time="41.936"/>
  <testcase name="testScmFailuresAfterScmPreFinalizeUpgrade" classname="org.apache.hadoop.hdds.upgrade.TestHDDSUpgrade" time="30.948"/>
  <testcase name="testAllDataNodeFailuresAfterScmPreFinalizeUpgrade" classname="org.apache.hadoop.hdds.upgrade.TestHDDSUpgrade" time="47.099"/>
  <testcase name="testAllDataNodeFailuresBeforeScmPreFinalizeUpgrade" classname="org.apache.hadoop.hdds.upgrade.TestHDDSUpgrade" time="42.34"/>
  <testcase name="testScmFailuresAfterScmCompleteFinalization" classname="org.apache.hadoop.hdds.upgrade.TestHDDSUpgrade" time="22.682"/>
  <testcase name="testScmFailuresBeforeScmPreFinalizeUpgrade" classname="org.apache.hadoop.hdds.upgrade.TestHDDSUpgrade" time="18.137"/>
  <testcase name="testDataNodeFailuresDuringDataNodeUpgrade" classname="org.apache.hadoop.hdds.upgrade.TestHDDSUpgrade" time="0">
    <skipped/>
  </testcase>
  <testcase name="testAllPossibleDataNodeFailuresAndSCMFailures" classname="org.apache.hadoop.hdds.upgrade.TestHDDSUpgrade" time="0">
    <skipped/>
  </testcase>
  <testcase name="testAllDataNodeFailuresAfterScmCompleteFinalization" classname="org.apache.hadoop.hdds.upgrade.TestHDDSUpgrade" time="43.048"/>
  <testcase name="testAllDataNodeFailuresAfterScmPostFinalizeUpgrade" classname="org.apache.hadoop.hdds.upgrade.TestHDDSUpgrade" time="30.268">
    <error type="java.lang.NullPointerException">java.lang.NullPointerException
	at org.apache.hadoop.hdds.upgrade.TestHDDSUpgrade.lambda$testPostUpgradeConditionsDataNodes$1(TestHDDSUpgrade.java:315)
	at org.apache.ozone.test.GenericTestUtils.waitFor(GenericTestUtils.java:215)
	at org.apache.hadoop.hdds.upgrade.TestHDDSUpgrade.testPostUpgradeConditionsDataNodes(TestHDDSUpgrade.java:311)
	at org.apache.hadoop.hdds.upgrade.TestHDDSUpgrade.testFinalizationWithFailureInjectionHelper(TestHDDSUpgrade.java:1086)
	at org.apache.hadoop.hdds.upgrade.TestHDDSUpgrade.testAllDataNodeFailuresAfterScmPostFinalizeUpgrade(TestHDDSUpgrade.java:842)
	at sun.reflect.NativeMethodAccessorImpl.invoke0(Native Method)
	at sun.reflect.NativeMethodAccessorImpl.invoke(NativeMethodAccessorImpl.java:62)
	at sun.reflect.DelegatingMethodAccessorImpl.invoke(DelegatingMethodAccessorImpl.java:43)
	at java.lang.reflect.Method.invoke(Method.java:498)
	at org.junit.runners.model.FrameworkMethod$1.runReflectiveCall(FrameworkMethod.java:59)
	at org.junit.internal.runners.model.ReflectiveCallable.run(ReflectiveCallable.java:12)
	at org.junit.runners.model.FrameworkMethod.invokeExplosively(FrameworkMethod.java:56)
	at org.junit.internal.runners.statements.InvokeMethod.evaluate(InvokeMethod.java:17)
	at org.junit.internal.runners.statements.RunBefores.evaluate(RunBefores.java:26)
	at org.junit.internal.runners.statements.RunAfters.evaluate(RunAfters.java:27)
	at org.junit.internal.runners.statements.FailOnTimeout$CallableStatement.call(FailOnTimeout.java:288)
	at org.junit.internal.runners.statements.FailOnTimeout$CallableStatement.call(FailOnTimeout.java:282)
	at java.util.concurrent.FutureTask.run(FutureTask.java:266)
	at java.lang.Thread.run(Thread.java:748)
</error>
    <system-out><![CDATA[2021-12-02 01:43:18,906 [Mini-Cluster-Provider-Reap] INFO  ozone.MiniOzoneClusterImpl (MiniOzoneClusterImpl.java:shutdown(453)) - Shutting down the Mini Ozone Cluster
2021-12-02 01:43:18,906 [Mini-Cluster-Provider-Reap] INFO  ozone.MiniOzoneClusterImpl (MiniOzoneClusterImpl.java:stop(468)) - Stopping the Mini Ozone Cluster
2021-12-02 01:43:18,906 [Mini-Cluster-Provider-Reap] INFO  ozone.MiniOzoneClusterImpl (MiniOzoneClusterImpl.java:stopOM(550)) - Stopping the OzoneManager
2021-12-02 01:43:18,906 [Mini-Cluster-Provider-Reap] INFO  om.OzoneManager (OzoneManager.java:stop(1830)) - om1[localhost:0]: Stopping Ozone Manager
2021-12-02 01:43:18,906 [Mini-Cluster-Provider-Reap] INFO  ipc.Server (Server.java:stop(3414)) - Stopping server on 38669
2021-12-02 01:43:18,907 [Time-limited test] INFO  ha.SequenceIdGenerator (SequenceIdGenerator.java:getNextId(127)) - Allocate a batch for containerId, change lastId from 0 to 1000.
2021-12-02 01:43:18,996 [IPC Server listener on 0] INFO  ipc.Server (Server.java:run(1376)) - Stopping IPC Server listener on 0
2021-12-02 01:43:18,997 [IPC Server Responder] INFO  ipc.Server (Server.java:run(1512)) - Stopping IPC Server Responder
2021-12-02 01:43:18,998 [Mini-Cluster-Provider-Reap] INFO  server.RaftServer (RaftServerProxy.java:lambda$close$6(391)) - om1: close
2021-12-02 01:43:18,999 [Mini-Cluster-Provider-Reap] INFO  server.RaftServer$Division (RaftServerImpl.java:lambda$close$4(412)) - om1@group-C5BA1605619E: shutdown
2021-12-02 01:43:19,000 [Mini-Cluster-Provider-Reap] INFO  util.JmxRegister (JmxRegister.java:unregister(73)) - Successfully un-registered JMX Bean with object name Ratis:service=RaftServer,group=group-C5BA1605619E,id=om1
2021-12-02 01:43:19,000 [Mini-Cluster-Provider-Reap] INFO  impl.RoleInfo (RoleInfo.java:shutdownLeaderState(91)) - om1: shutdown om1@group-C5BA1605619E-LeaderStateImpl
2021-12-02 01:43:19,000 [Mini-Cluster-Provider-Reap] INFO  impl.PendingRequests (PendingRequests.java:sendNotLeaderResponses(282)) - om1@group-C5BA1605619E-PendingRequests: sendNotLeaderResponses
2021-12-02 01:43:19,007 [Mini-Cluster-Provider-Reap] INFO  impl.StateMachineUpdater (StateMachineUpdater.java:stopAndJoin(149)) - om1@group-C5BA1605619E-StateMachineUpdater: set stopIndex = 8
2021-12-02 01:43:19,008 [om1@group-C5BA1605619E-StateMachineUpdater] INFO  ratis.OzoneManagerStateMachine (OzoneManagerStateMachine.java:takeSnapshot(417)) - Current Snapshot Index (t:1, i:8)
2021-12-02 01:43:19,008 [om1@group-C5BA1605619E-StateMachineUpdater] INFO  impl.StateMachineUpdater (StateMachineUpdater.java:takeSnapshot(281)) - om1@group-C5BA1605619E-StateMachineUpdater: Took a snapshot at index 8
2021-12-02 01:43:19,008 [om1@group-C5BA1605619E-StateMachineUpdater] INFO  impl.StateMachineUpdater (StateMachineUpdater.java:lambda$new$0(89)) - om1@group-C5BA1605619E-StateMachineUpdater: snapshotIndex: updateIncreasingly -1 -> 8
2021-12-02 01:43:19,008 [om1@group-C5BA1605619E-StateMachineUpdater] INFO  ratis.OzoneManagerStateMachine (OzoneManagerStateMachine.java:close(471)) - StateMachine has shutdown. Shutdown OzoneManager if not already shutdown.
2021-12-02 01:43:19,010 [Mini-Cluster-Provider-Reap] INFO  server.RaftServer$Division (ServerState.java:close(419)) - om1@group-C5BA1605619E: closes. applyIndex: 8
2021-12-02 01:43:19,013 [om1@group-C5BA1605619E-SegmentedRaftLogWorker] INFO  segmented.SegmentedRaftLogWorker (SegmentedRaftLogWorker.java:run(327)) - om1@group-C5BA1605619E-SegmentedRaftLogWorker was interrupted, exiting. There are 0 tasks remaining in the queue.
2021-12-02 01:43:19,022 [Mini-Cluster-Provider-Reap] INFO  segmented.SegmentedRaftLogWorker (SegmentedRaftLogWorker.java:close(237)) - om1@group-C5BA1605619E-SegmentedRaftLogWorker close()
2021-12-02 01:43:19,022 [Mini-Cluster-Provider-Reap] INFO  server.GrpcService (GrpcService.java:closeImpl(262)) - om1: shutdown server with port 35285 now
2021-12-02 01:43:19,029 [Mini-Cluster-Provider-Reap] INFO  server.GrpcService (GrpcService.java:closeImpl(271)) - om1: shutdown server with port 35285 successfully
2021-12-02 01:43:19,082 [org.apache.ratis.util.JvmPauseMonitor$$Lambda$540/557107915@609c6e83] INFO  util.JvmPauseMonitor (JvmPauseMonitor.java:run(109)) - JvmPauseMonitor-om1: Stopped
2021-12-02 01:43:19,082 [Mini-Cluster-Provider-Reap] INFO  ratis.OzoneManagerDoubleBuffer (OzoneManagerDoubleBuffer.java:stop(437)) - Stopping OMDoubleBuffer flush thread
2021-12-02 01:43:19,084 [OMDoubleBufferFlushThread] INFO  ratis.OzoneManagerDoubleBuffer (OzoneManagerDoubleBuffer.java:flushTransactions(356)) - OMDoubleBuffer flush thread OMDoubleBufferFlushThread is interrupted and will exit. OMDoubleBufferFlushThread
2021-12-02 01:43:19,086 [Mini-Cluster-Provider-Reap] INFO  utils.BackgroundService (BackgroundService.java:shutdown(132)) - Shutting down service KeyDeletingService
2021-12-02 01:43:19,092 [Mini-Cluster-Provider-Reap] INFO  utils.BackgroundService (BackgroundService.java:shutdown(132)) - Shutting down service DirectoryDeletingService
2021-12-02 01:43:19,097 [Mini-Cluster-Provider-Reap] INFO  handler.ContextHandler (ContextHandler.java:doStop(1153)) - Stopped o.e.j.w.WebAppContext@e26039c{ozoneManager,/,null,STOPPED}{file:/home/runner/work/ozone/ozone/hadoop-ozone/integration-test/target/test-classes/webapps/ozoneManager}
2021-12-02 01:43:19,108 [Mini-Cluster-Provider-Reap] INFO  server.AbstractConnector (AbstractConnector.java:doStop(381)) - Stopped ServerConnector@5e2cff4{HTTP/1.1, (http/1.1)}{0.0.0.0:0}
2021-12-02 01:43:19,108 [Mini-Cluster-Provider-Reap] INFO  server.session (HouseKeeper.java:stopScavenging(149)) - node0 Stopped scavenging
2021-12-02 01:43:19,108 [Mini-Cluster-Provider-Reap] INFO  handler.ContextHandler (ContextHandler.java:doStop(1153)) - Stopped o.e.j.s.ServletContextHandler@31d80095{static,/static,file:///home/runner/work/ozone/ozone/hadoop-ozone/integration-test/target/test-classes/webapps/static,STOPPED}
2021-12-02 01:43:19,108 [Mini-Cluster-Provider-Reap] INFO  handler.ContextHandler (ContextHandler.java:doStop(1153)) - Stopped o.e.j.s.ServletContextHandler@27528a8c{logs,/logs,file:///home/runner/work/ozone/ozone/hadoop-ozone/integration-test/target/log,STOPPED}
2021-12-02 01:43:19,126 [Listener at 127.0.0.1/41183] INFO  ozone.MiniOzoneClusterImpl (MiniOzoneClusterImpl.java:lambda$waitForClusterToBeReady$0(235)) - Nodes are ready. Got 3 of 3 DN Heartbeats.
2021-12-02 01:43:19,126 [Listener at 127.0.0.1/41183] INFO  ozone.MiniOzoneClusterImpl (MiniOzoneClusterImpl.java:lambda$waitForClusterToBeReady$0(238)) - Waiting for cluster to exit safe mode
2021-12-02 01:43:19,126 [Listener at 127.0.0.1/41183] INFO  ozone.MiniOzoneClusterImpl (MiniOzoneClusterImpl.java:lambda$waitForClusterToBeReady$0(240)) - SCM became leader
2021-12-02 01:43:19,129 [Mini-Cluster-Provider-Reap] INFO  ozone.MiniOzoneClusterImpl (MiniOzoneClusterImpl.java:stopDatanodes(527)) - Stopping the HddsDatanodes
2021-12-02 01:43:19,237 [EventQueue-OpenPipelineForHealthyPipelineSafeModeRule] INFO  safemode.SCMSafeModeManager (HealthyPipelineSafeModeRule.java:process(124)) - SCM in safe mode. Healthy pipelines reported count is 0, required healthy pipeline reported count is 1
2021-12-02 01:43:19,373 [Time-limited test] INFO  rpc.RpcClient (RpcClient.java:createVolume(389)) - Creating Volume: testhddsupgrade, with runner as owner and space quota set to -1 bytes, counts quota set to -1
2021-12-02 01:43:19,513 [OM StateMachine ApplyTransaction Thread - 0] INFO  volume.OMVolumeCreateRequest (OMVolumeCreateRequest.java:validateAndUpdateCache(195)) - created volume:testhddsupgrade for user:runner
2021-12-02 01:43:19,552 [Time-limited test] INFO  rpc.RpcClient (RpcClient.java:createBucket(549)) - Creating Bucket: testhddsupgrade/testhddsupgrade, with Versioning false and Storage Type set to DISK and Encryption set to false 
2021-12-02 01:43:19,656 [IPC Server handler 18 on default port 46375] WARN  ha.SequenceIdGenerator (SequenceIdGenerator.java:allocateBatch(235)) - Failed to allocate a batch for localId, expected lastId is 0, actual lastId is 107544261427200000.
2021-12-02 01:43:19,656 [IPC Server handler 18 on default port 46375] INFO  ha.SequenceIdGenerator (SequenceIdGenerator.java:getNextId(127)) - Allocate a batch for localId, change lastId from 107544261427200000 to 107544261427201000.
2021-12-02 01:43:19,754 [EventQueue-OpenPipelineForHealthyPipelineSafeModeRule] INFO  safemode.SCMSafeModeManager (HealthyPipelineSafeModeRule.java:process(124)) - SCM in safe mode. Healthy pipelines reported count is 0, required healthy pipeline reported count is 1
2021-12-02 01:43:19,954 [EventQueue-OpenPipelineForHealthyPipelineSafeModeRule] INFO  safemode.SCMSafeModeManager (HealthyPipelineSafeModeRule.java:process(124)) - SCM in safe mode. Healthy pipelines reported count is 0, required healthy pipeline reported count is 1
2021-12-02 01:43:20,126 [Listener at 127.0.0.1/41183] INFO  ozone.MiniOzoneClusterImpl (MiniOzoneClusterImpl.java:lambda$waitForClusterToBeReady$0(235)) - Nodes are ready. Got 3 of 3 DN Heartbeats.
2021-12-02 01:43:20,126 [Listener at 127.0.0.1/41183] INFO  ozone.MiniOzoneClusterImpl (MiniOzoneClusterImpl.java:lambda$waitForClusterToBeReady$0(238)) - Waiting for cluster to exit safe mode
2021-12-02 01:43:20,126 [Listener at 127.0.0.1/41183] INFO  ozone.MiniOzoneClusterImpl (MiniOzoneClusterImpl.java:lambda$waitForClusterToBeReady$0(240)) - SCM became leader
2021-12-02 01:43:20,316 [Time-limited test] INFO  upgrade.UpgradeFinalizer (BasicUpgradeFinalizer.java:logAndEmit(342)) - Finalization started.
2021-12-02 01:43:20,316 [Time-limited test] INFO  pipeline.BackgroundPipelineCreator (BackgroundPipelineCreator.java:stop(158)) - Stopping RatisPipelineUtilsThread.
2021-12-02 01:43:20,316 [Time-limited test] INFO  pipeline.PipelineManagerImpl (PipelineManagerImpl.java:closePipeline(349)) - Pipeline Pipeline[ Id: 117ca088-58ed-4f34-8b57-bbd823968526, Nodes: 7e03f375-d49a-42ab-b7b9-c2f67bc739a3{ip: 10.1.0.43, host: fv-az122-438.zf1tlrj3kn4expqppa1j4mpycf.xx.internal.cloudapp.net, ports: [REPLICATION=36061, RATIS=37893, RATIS_ADMIN=37893, RATIS_SERVER=37893, STANDALONE=36207], networkLocation: /default-rack, certSerialId: null, persistedOpState: IN_SERVICE, persistedOpStateExpiryEpochSec: 0}24275692-492e-4f92-b24d-cb5c5113d796{ip: 10.1.0.43, host: fv-az122-438.zf1tlrj3kn4expqppa1j4mpycf.xx.internal.cloudapp.net, ports: [REPLICATION=41531, RATIS=43787, RATIS_ADMIN=43787, RATIS_SERVER=43787, STANDALONE=33163], networkLocation: /default-rack, certSerialId: null, persistedOpState: IN_SERVICE, persistedOpStateExpiryEpochSec: 0}e0d25c1b-b502-41c3-a142-f82b5e97ff03{ip: 10.1.0.43, host: fv-az122-438.zf1tlrj3kn4expqppa1j4mpycf.xx.internal.cloudapp.net, ports: [REPLICATION=40041, RATIS=41039, RATIS_ADMIN=41039, RATIS_SERVER=41039, STANDALONE=42751], networkLocation: /default-rack, certSerialId: null, persistedOpState: IN_SERVICE, persistedOpStateExpiryEpochSec: 0}, ReplicationConfig: RATIS/THREE, State:OPEN, leaderId:e0d25c1b-b502-41c3-a142-f82b5e97ff03, CreationTimestamp2021-12-02T01:42:34.238Z[Etc/UTC]] moved to CLOSED state
2021-12-02 01:43:20,354 [Time-limited test] INFO  pipeline.PipelineManagerImpl (PipelineManagerImpl.java:closePipeline(349)) - Pipeline Pipeline[ Id: b8a2d33a-2d14-4eb2-829e-4c090d3093fa, Nodes: 7e03f375-d49a-42ab-b7b9-c2f67bc739a3{ip: 10.1.0.43, host: fv-az122-438.zf1tlrj3kn4expqppa1j4mpycf.xx.internal.cloudapp.net, ports: [REPLICATION=36061, RATIS=37893, RATIS_ADMIN=37893, RATIS_SERVER=37893, STANDALONE=36207], networkLocation: /default-rack, certSerialId: null, persistedOpState: IN_SERVICE, persistedOpStateExpiryEpochSec: 0}, ReplicationConfig: RATIS/ONE, State:OPEN, leaderId:7e03f375-d49a-42ab-b7b9-c2f67bc739a3, CreationTimestamp2021-12-02T01:42:32.797Z[Etc/UTC]] moved to CLOSED state
2021-12-02 01:43:20,354 [Time-limited test] INFO  pipeline.PipelineManagerImpl (PipelineManagerImpl.java:closePipeline(349)) - Pipeline Pipeline[ Id: 8d1d0e8f-684b-4032-8e88-b95596296843, Nodes: 24275692-492e-4f92-b24d-cb5c5113d796{ip: 10.1.0.43, host: fv-az122-438.zf1tlrj3kn4expqppa1j4mpycf.xx.internal.cloudapp.net, ports: [REPLICATION=41531, RATIS=43787, RATIS_ADMIN=43787, RATIS_SERVER=43787, STANDALONE=33163], networkLocation: /default-rack, certSerialId: null, persistedOpState: IN_SERVICE, persistedOpStateExpiryEpochSec: 0}, ReplicationConfig: RATIS/ONE, State:OPEN, leaderId:24275692-492e-4f92-b24d-cb5c5113d796, CreationTimestamp2021-12-02T01:42:33.576Z[Etc/UTC]] moved to CLOSED state
2021-12-02 01:43:20,354 [Time-limited test] INFO  pipeline.PipelineManagerImpl (PipelineManagerImpl.java:closePipeline(349)) - Pipeline Pipeline[ Id: 655fb833-67d6-43d0-be3d-fd7fed179681, Nodes: e0d25c1b-b502-41c3-a142-f82b5e97ff03{ip: 10.1.0.43, host: fv-az122-438.zf1tlrj3kn4expqppa1j4mpycf.xx.internal.cloudapp.net, ports: [REPLICATION=40041, RATIS=41039, RATIS_ADMIN=41039, RATIS_SERVER=41039, STANDALONE=42751], networkLocation: /default-rack, certSerialId: null, persistedOpState: IN_SERVICE, persistedOpStateExpiryEpochSec: 0}, ReplicationConfig: RATIS/ONE, State:OPEN, leaderId:e0d25c1b-b502-41c3-a142-f82b5e97ff03, CreationTimestamp2021-12-02T01:42:34.222Z[Etc/UTC]] moved to CLOSED state
2021-12-02 01:43:20,354 [Time-limited test] INFO  upgrade.UpgradeFinalizer (SCMUpgradeFinalizer.java:waitForAllPipelinesToDestroy(155)) - Waiting for all pipelines to close.
2021-12-02 01:43:20,375 [EventQueue-CloseContainerForCloseContainerEventHandler] INFO  container.CloseContainerEventHandler (CloseContainerEventHandler.java:onMessage(69)) - Close container Event triggered for container : #1
2021-12-02 01:43:20,375 [EventQueue-CloseContainerForCloseContainerEventHandler] INFO  container.CloseContainerEventHandler (CloseContainerEventHandler.java:onMessage(69)) - Close container Event triggered for container : #2
2021-12-02 01:43:20,743 [EventQueue-OpenPipelineForHealthyPipelineSafeModeRule] INFO  safemode.SCMSafeModeManager (HealthyPipelineSafeModeRule.java:process(124)) - SCM in safe mode. Healthy pipelines reported count is 0, required healthy pipeline reported count is 1
2021-12-02 01:43:20,950 [EventQueue-OpenPipelineForHealthyPipelineSafeModeRule] INFO  safemode.SCMSafeModeManager (HealthyPipelineSafeModeRule.java:process(124)) - SCM in safe mode. Healthy pipelines reported count is 0, required healthy pipeline reported count is 1
2021-12-02 01:43:21,126 [Listener at 127.0.0.1/41183] INFO  ozone.MiniOzoneClusterImpl (MiniOzoneClusterImpl.java:lambda$waitForClusterToBeReady$0(235)) - Nodes are ready. Got 3 of 3 DN Heartbeats.
2021-12-02 01:43:21,126 [Listener at 127.0.0.1/41183] INFO  ozone.MiniOzoneClusterImpl (MiniOzoneClusterImpl.java:lambda$waitForClusterToBeReady$0(238)) - Waiting for cluster to exit safe mode
2021-12-02 01:43:21,126 [Listener at 127.0.0.1/41183] INFO  ozone.MiniOzoneClusterImpl (MiniOzoneClusterImpl.java:lambda$waitForClusterToBeReady$0(240)) - SCM became leader
2021-12-02 01:43:21,172 [c808c82f-f1ba-4b50-9449-343d2008498e@group-F3F1AD88AECF-FollowerState] INFO  impl.FollowerState (FollowerState.java:run(134)) - c808c82f-f1ba-4b50-9449-343d2008498e@group-F3F1AD88AECF-FollowerState: change to CANDIDATE, lastRpcElapsedTime:5034552758ns, electionTimeout:5023ms
2021-12-02 01:43:21,172 [c808c82f-f1ba-4b50-9449-343d2008498e@group-F3F1AD88AECF-FollowerState] INFO  impl.RoleInfo (RoleInfo.java:shutdownFollowerState(108)) - c808c82f-f1ba-4b50-9449-343d2008498e: shutdown c808c82f-f1ba-4b50-9449-343d2008498e@group-F3F1AD88AECF-FollowerState
2021-12-02 01:43:21,172 [c808c82f-f1ba-4b50-9449-343d2008498e@group-F3F1AD88AECF-FollowerState] INFO  server.RaftServer$Division (RaftServerImpl.java:setRole(290)) - c808c82f-f1ba-4b50-9449-343d2008498e@group-F3F1AD88AECF: changes role from  FOLLOWER to CANDIDATE at term 0 for changeToCandidate
2021-12-02 01:43:21,172 [c808c82f-f1ba-4b50-9449-343d2008498e@group-F3F1AD88AECF-FollowerState] INFO  server.RaftServerConfigKeys (ConfUtils.java:logGet(44)) - raft.server.leaderelection.pre-vote = false (custom)
2021-12-02 01:43:21,172 [c808c82f-f1ba-4b50-9449-343d2008498e@group-F3F1AD88AECF-FollowerState] INFO  impl.RoleInfo (RoleInfo.java:updateAndGet(130)) - c808c82f-f1ba-4b50-9449-343d2008498e: start c808c82f-f1ba-4b50-9449-343d2008498e@group-F3F1AD88AECF-LeaderElection140
2021-12-02 01:43:21,184 [c808c82f-f1ba-4b50-9449-343d2008498e@group-F3F1AD88AECF-LeaderElection140] INFO  impl.LeaderElection (LeaderElection.java:askForVotes(306)) - c808c82f-f1ba-4b50-9449-343d2008498e@group-F3F1AD88AECF-LeaderElection140 ELECTION round 0: submit vote requests at term 1 for -1: [c808c82f-f1ba-4b50-9449-343d2008498e|rpc:10.1.0.43:43673|priority:1], old=null
2021-12-02 01:43:21,184 [c808c82f-f1ba-4b50-9449-343d2008498e@group-F3F1AD88AECF-LeaderElection140] INFO  impl.LeaderElection (LeaderElection.java:askForVotes(308)) - c808c82f-f1ba-4b50-9449-343d2008498e@group-F3F1AD88AECF-LeaderElection140 ELECTION round 0: result PASSED (term=1)
2021-12-02 01:43:21,185 [c808c82f-f1ba-4b50-9449-343d2008498e@group-F3F1AD88AECF-LeaderElection140] INFO  impl.RoleInfo (RoleInfo.java:shutdownLeaderElection(121)) - c808c82f-f1ba-4b50-9449-343d2008498e: shutdown c808c82f-f1ba-4b50-9449-343d2008498e@group-F3F1AD88AECF-LeaderElection140
2021-12-02 01:43:21,185 [c808c82f-f1ba-4b50-9449-343d2008498e@group-F3F1AD88AECF-LeaderElection140] INFO  server.RaftServer$Division (RaftServerImpl.java:setRole(290)) - c808c82f-f1ba-4b50-9449-343d2008498e@group-F3F1AD88AECF: changes role from CANDIDATE to LEADER at term 1 for changeToLeader
2021-12-02 01:43:21,185 [c808c82f-f1ba-4b50-9449-343d2008498e@group-F3F1AD88AECF-LeaderElection140] INFO  ratis.XceiverServerRatis (XceiverServerRatis.java:handleLeaderChangedNotification(866)) - Leader change notification received for group: group-F3F1AD88AECF with new leaderId: c808c82f-f1ba-4b50-9449-343d2008498e
2021-12-02 01:43:21,185 [c808c82f-f1ba-4b50-9449-343d2008498e@group-F3F1AD88AECF-LeaderElection140] INFO  server.RaftServer$Division (ServerState.java:setLeader(285)) - c808c82f-f1ba-4b50-9449-343d2008498e@group-F3F1AD88AECF: change Leader from null to c808c82f-f1ba-4b50-9449-343d2008498e at term 1 for becomeLeader, leader elected after 5070ms
2021-12-02 01:43:21,185 [c808c82f-f1ba-4b50-9449-343d2008498e@group-F3F1AD88AECF-LeaderElection140] INFO  server.RaftServerConfigKeys (ConfUtils.java:logGet(44)) - raft.server.staging.catchup.gap = 1000 (default)
2021-12-02 01:43:21,186 [c808c82f-f1ba-4b50-9449-343d2008498e@group-F3F1AD88AECF-LeaderElection140] INFO  server.RaftServerConfigKeys (ConfUtils.java:logGet(44)) - raft.server.write.element-limit = 1024 (custom)
2021-12-02 01:43:21,186 [c808c82f-f1ba-4b50-9449-343d2008498e@group-F3F1AD88AECF-LeaderElection140] INFO  server.RaftServerConfigKeys (ConfUtils.java:logGet(44)) - raft.server.write.byte-limit = 1024 M (=1073741824) (custom)
2021-12-02 01:43:21,187 [c808c82f-f1ba-4b50-9449-343d2008498e@group-F3F1AD88AECF-LeaderElection140] INFO  server.RaftServerConfigKeys (ConfUtils.java:logGet(44)) - raft.server.watch.timeout = 180s (custom)
2021-12-02 01:43:21,192 [c808c82f-f1ba-4b50-9449-343d2008498e@group-F3F1AD88AECF-LeaderElection140] INFO  server.RaftServerConfigKeys (ConfUtils.java:logGet(44)) - raft.server.watch.timeout.denomination = 1s (default)
2021-12-02 01:43:21,192 [c808c82f-f1ba-4b50-9449-343d2008498e@group-F3F1AD88AECF-LeaderElection140] INFO  server.RaftServerConfigKeys (ConfUtils.java:logGet(44)) - raft.server.watch.element-limit = 65536 (default)
2021-12-02 01:43:21,192 [c808c82f-f1ba-4b50-9449-343d2008498e@group-F3F1AD88AECF-LeaderElection140] INFO  server.RaftServerConfigKeys (ConfUtils.java:logGet(44)) - raft.server.write.element-limit = 1024 (custom)
2021-12-02 01:43:21,192 [c808c82f-f1ba-4b50-9449-343d2008498e@group-F3F1AD88AECF-LeaderElection140] INFO  server.RaftServerConfigKeys (ConfUtils.java:logGet(44)) - raft.server.write.follower.gap.ratio.max = -1.0 (default)
2021-12-02 01:43:21,192 [c808c82f-f1ba-4b50-9449-343d2008498e@group-F3F1AD88AECF-LeaderElection140] INFO  impl.RoleInfo (RoleInfo.java:updateAndGet(130)) - c808c82f-f1ba-4b50-9449-343d2008498e: start c808c82f-f1ba-4b50-9449-343d2008498e@group-F3F1AD88AECF-LeaderStateImpl
2021-12-02 01:43:21,193 [c808c82f-f1ba-4b50-9449-343d2008498e@group-F3F1AD88AECF-LeaderElection140] INFO  segmented.SegmentedRaftLogWorker (SegmentedRaftLogWorker.java:startLogSegment(394)) - c808c82f-f1ba-4b50-9449-343d2008498e@group-F3F1AD88AECF-SegmentedRaftLogWorker: Starting segment from index:0
2021-12-02 01:43:21,199 [c808c82f-f1ba-4b50-9449-343d2008498e@group-F3F1AD88AECF-LeaderElection140] INFO  server.RaftServer$Division (ServerState.java:setRaftConf(387)) - c808c82f-f1ba-4b50-9449-343d2008498e@group-F3F1AD88AECF: set configuration 0: [c808c82f-f1ba-4b50-9449-343d2008498e|rpc:10.1.0.43:43673|dataStream:|priority:1], old=null
2021-12-02 01:43:21,229 [c808c82f-f1ba-4b50-9449-343d2008498e@group-F3F1AD88AECF-SegmentedRaftLogWorker] INFO  segmented.SegmentedRaftLogWorker (SegmentedRaftLogWorker.java:execute(601)) - c808c82f-f1ba-4b50-9449-343d2008498e@group-F3F1AD88AECF-SegmentedRaftLogWorker: created new log segment /home/runner/work/ozone/ozone/hadoop-ozone/integration-test/target/test-dir/MiniOzoneClusterImpl-bd841458-cc16-4df7-9c43-a3a8e3c493cf/datanode-2/data/ratis/b82bb989-7e29-4523-8958-f3f1ad88aecf/current/log_inprogress_0
2021-12-02 01:43:21,252 [EventQueue-OpenPipelineForHealthyPipelineSafeModeRule] INFO  safemode.SCMSafeModeManager (HealthyPipelineSafeModeRule.java:process(124)) - SCM in safe mode. Healthy pipelines reported count is 0, required healthy pipeline reported count is 1
2021-12-02 01:43:21,675 [pool-1229-thread-4] INFO  keyvalue.KeyValueContainer (KeyValueContainer.java:flushAndSyncDB(397)) - Container 1 is synced with bcsId 0.
2021-12-02 01:43:21,675 [pool-1229-thread-4] INFO  keyvalue.KeyValueContainer (KeyValueContainer.java:flushAndSyncDB(397)) - Container 1 is synced with bcsId 0.
2021-12-02 01:43:21,680 [pool-1225-thread-4] INFO  keyvalue.KeyValueContainer (KeyValueContainer.java:flushAndSyncDB(397)) - Container 1 is synced with bcsId 0.
2021-12-02 01:43:21,680 [pool-1225-thread-4] INFO  keyvalue.KeyValueContainer (KeyValueContainer.java:flushAndSyncDB(397)) - Container 1 is synced with bcsId 0.
2021-12-02 01:43:21,681 [pool-1229-thread-4] INFO  keyvalue.KeyValueContainer (KeyValueContainer.java:close(334)) - Container 1 is closed with bcsId 0.
2021-12-02 01:43:21,710 [EventQueue-IncrementalContainerReportForIncrementalContainerReportHandler] INFO  container.IncrementalContainerReportHandler (AbstractContainerReportHandler.java:updateContainerState(223)) - Moving container #1 to CLOSED state, datanode e0d25c1b-b502-41c3-a142-f82b5e97ff03{ip: 10.1.0.43, host: fv-az122-438.zf1tlrj3kn4expqppa1j4mpycf.xx.internal.cloudapp.net, ports: [REPLICATION=40041, RATIS=41039, RATIS_ADMIN=41039, RATIS_SERVER=41039, STANDALONE=42751], networkLocation: /default-rack, certSerialId: null, persistedOpState: IN_SERVICE, persistedOpStateExpiryEpochSec: 0} reported CLOSED replica.
2021-12-02 01:43:21,711 [pool-1225-thread-4] INFO  keyvalue.KeyValueContainer (KeyValueContainer.java:close(334)) - Container 1 is closed with bcsId 0.
2021-12-02 01:43:21,733 [pool-1224-thread-4] INFO  keyvalue.KeyValueContainer (KeyValueContainer.java:flushAndSyncDB(397)) - Container 1 is synced with bcsId 0.
2021-12-02 01:43:21,733 [pool-1224-thread-4] INFO  keyvalue.KeyValueContainer (KeyValueContainer.java:flushAndSyncDB(397)) - Container 1 is synced with bcsId 0.
2021-12-02 01:43:21,743 [pool-1224-thread-4] INFO  keyvalue.KeyValueContainer (KeyValueContainer.java:close(334)) - Container 1 is closed with bcsId 0.
2021-12-02 01:43:21,793 [pool-1229-thread-5] INFO  keyvalue.KeyValueContainer (KeyValueContainer.java:flushAndSyncDB(397)) - Container 2 is synced with bcsId 4.
2021-12-02 01:43:21,794 [pool-1229-thread-5] INFO  keyvalue.KeyValueContainer (KeyValueContainer.java:flushAndSyncDB(397)) - Container 2 is synced with bcsId 4.
2021-12-02 01:43:21,800 [pool-1229-thread-5] INFO  keyvalue.KeyValueContainer (KeyValueContainer.java:close(334)) - Container 2 is closed with bcsId 4.
2021-12-02 01:43:21,833 [pool-1224-thread-5] INFO  keyvalue.KeyValueContainer (KeyValueContainer.java:flushAndSyncDB(397)) - Container 2 is synced with bcsId 4.
2021-12-02 01:43:21,833 [pool-1224-thread-5] INFO  keyvalue.KeyValueContainer (KeyValueContainer.java:flushAndSyncDB(397)) - Container 2 is synced with bcsId 4.
2021-12-02 01:43:21,834 [pool-1225-thread-5] INFO  keyvalue.KeyValueContainer (KeyValueContainer.java:flushAndSyncDB(397)) - Container 2 is synced with bcsId 4.
2021-12-02 01:43:21,834 [pool-1225-thread-5] INFO  keyvalue.KeyValueContainer (KeyValueContainer.java:flushAndSyncDB(397)) - Container 2 is synced with bcsId 4.
2021-12-02 01:43:21,835 [EventQueue-IncrementalContainerReportForIncrementalContainerReportHandler] INFO  container.IncrementalContainerReportHandler (AbstractContainerReportHandler.java:updateContainerState(223)) - Moving container #2 to CLOSED state, datanode e0d25c1b-b502-41c3-a142-f82b5e97ff03{ip: 10.1.0.43, host: fv-az122-438.zf1tlrj3kn4expqppa1j4mpycf.xx.internal.cloudapp.net, ports: [REPLICATION=40041, RATIS=41039, RATIS_ADMIN=41039, RATIS_SERVER=41039, STANDALONE=42751], networkLocation: /default-rack, certSerialId: null, persistedOpState: IN_SERVICE, persistedOpStateExpiryEpochSec: 0} reported CLOSED replica.
2021-12-02 01:43:21,837 [pool-1225-thread-5] INFO  keyvalue.KeyValueContainer (KeyValueContainer.java:close(334)) - Container 2 is closed with bcsId 4.
2021-12-02 01:43:21,837 [pool-1224-thread-5] INFO  keyvalue.KeyValueContainer (KeyValueContainer.java:close(334)) - Container 2 is closed with bcsId 4.
2021-12-02 01:43:21,950 [EventQueue-OpenPipelineForHealthyPipelineSafeModeRule] INFO  safemode.SCMSafeModeManager (HealthyPipelineSafeModeRule.java:process(124)) - SCM in safe mode. Healthy pipelines reported count is 0, required healthy pipeline reported count is 1
2021-12-02 01:43:22,129 [Listener at 127.0.0.1/41183] INFO  ozone.MiniOzoneClusterImpl (MiniOzoneClusterImpl.java:lambda$waitForClusterToBeReady$0(235)) - Nodes are ready. Got 3 of 3 DN Heartbeats.
2021-12-02 01:43:22,129 [Listener at 127.0.0.1/41183] INFO  ozone.MiniOzoneClusterImpl (MiniOzoneClusterImpl.java:lambda$waitForClusterToBeReady$0(238)) - Waiting for cluster to exit safe mode
2021-12-02 01:43:22,129 [Listener at 127.0.0.1/41183] INFO  ozone.MiniOzoneClusterImpl (MiniOzoneClusterImpl.java:lambda$waitForClusterToBeReady$0(240)) - SCM became leader
2021-12-02 01:43:22,552 [93155b15-512d-4c8d-b4b5-3701a6ff6ed7@group-BFBF8A2CDC57-FollowerState] INFO  impl.FollowerState (FollowerState.java:run(134)) - 93155b15-512d-4c8d-b4b5-3701a6ff6ed7@group-BFBF8A2CDC57-FollowerState: change to CANDIDATE, lastRpcElapsedTime:5107936634ns, electionTimeout:5048ms
2021-12-02 01:43:22,552 [93155b15-512d-4c8d-b4b5-3701a6ff6ed7@group-BFBF8A2CDC57-FollowerState] INFO  impl.RoleInfo (RoleInfo.java:shutdownFollowerState(108)) - 93155b15-512d-4c8d-b4b5-3701a6ff6ed7: shutdown 93155b15-512d-4c8d-b4b5-3701a6ff6ed7@group-BFBF8A2CDC57-FollowerState
2021-12-02 01:43:22,552 [93155b15-512d-4c8d-b4b5-3701a6ff6ed7@group-BFBF8A2CDC57-FollowerState] INFO  server.RaftServer$Division (RaftServerImpl.java:setRole(290)) - 93155b15-512d-4c8d-b4b5-3701a6ff6ed7@group-BFBF8A2CDC57: changes role from  FOLLOWER to CANDIDATE at term 1 for changeToCandidate
2021-12-02 01:43:22,552 [93155b15-512d-4c8d-b4b5-3701a6ff6ed7@group-BFBF8A2CDC57-FollowerState] INFO  server.RaftServerConfigKeys (ConfUtils.java:logGet(44)) - raft.server.leaderelection.pre-vote = false (custom)
2021-12-02 01:43:22,552 [93155b15-512d-4c8d-b4b5-3701a6ff6ed7@group-BFBF8A2CDC57-FollowerState] INFO  impl.RoleInfo (RoleInfo.java:updateAndGet(130)) - 93155b15-512d-4c8d-b4b5-3701a6ff6ed7: start 93155b15-512d-4c8d-b4b5-3701a6ff6ed7@group-BFBF8A2CDC57-LeaderElection141
2021-12-02 01:43:22,585 [93155b15-512d-4c8d-b4b5-3701a6ff6ed7@group-BFBF8A2CDC57-LeaderElection141] INFO  impl.LeaderElection (LeaderElection.java:askForVotes(306)) - 93155b15-512d-4c8d-b4b5-3701a6ff6ed7@group-BFBF8A2CDC57-LeaderElection141 ELECTION round 0: submit vote requests at term 2 for -1: [93155b15-512d-4c8d-b4b5-3701a6ff6ed7|rpc:10.1.0.43:43723|dataStream:|priority:0, fbdafa3d-fbd0-48e3-8b83-ea1e54fefb5d|rpc:10.1.0.43:37327|dataStream:|priority:0, fd7bdda1-593d-4007-bd0c-6fbef76da485|rpc:10.1.0.43:36783|dataStream:|priority:1], old=null
2021-12-02 01:43:22,642 [grpc-default-executor-1] INFO  server.RaftServer$Division (RaftServerImpl.java:requestVote(1046)) - fbdafa3d-fbd0-48e3-8b83-ea1e54fefb5d@group-BFBF8A2CDC57: receive requestVote(ELECTION, 93155b15-512d-4c8d-b4b5-3701a6ff6ed7, group-BFBF8A2CDC57, 2, (t:0, i:0))
2021-12-02 01:43:22,642 [grpc-default-executor-1] INFO  impl.VoteContext (VoteContext.java:log(48)) - fbdafa3d-fbd0-48e3-8b83-ea1e54fefb5d@group-BFBF8A2CDC57-FOLLOWER: accept ELECTION from 93155b15-512d-4c8d-b4b5-3701a6ff6ed7: our priority 0 <= candidate's priority 0
2021-12-02 01:43:22,642 [grpc-default-executor-1] INFO  server.RaftServer$Division (RaftServerImpl.java:setRole(290)) - fbdafa3d-fbd0-48e3-8b83-ea1e54fefb5d@group-BFBF8A2CDC57: changes role from  FOLLOWER to FOLLOWER at term 2 for candidate:93155b15-512d-4c8d-b4b5-3701a6ff6ed7
2021-12-02 01:43:22,642 [grpc-default-executor-1] INFO  impl.RoleInfo (RoleInfo.java:shutdownFollowerState(108)) - fbdafa3d-fbd0-48e3-8b83-ea1e54fefb5d: shutdown fbdafa3d-fbd0-48e3-8b83-ea1e54fefb5d@group-BFBF8A2CDC57-FollowerState
2021-12-02 01:43:22,642 [grpc-default-executor-1] INFO  impl.RoleInfo (RoleInfo.java:updateAndGet(130)) - fbdafa3d-fbd0-48e3-8b83-ea1e54fefb5d: start fbdafa3d-fbd0-48e3-8b83-ea1e54fefb5d@group-BFBF8A2CDC57-FollowerState
2021-12-02 01:43:22,645 [fbdafa3d-fbd0-48e3-8b83-ea1e54fefb5d@group-BFBF8A2CDC57-FollowerState] INFO  impl.FollowerState (FollowerState.java:run(143)) - fbdafa3d-fbd0-48e3-8b83-ea1e54fefb5d@group-BFBF8A2CDC57-FollowerState was interrupted: {}
java.lang.InterruptedException: sleep interrupted
	at java.lang.Thread.sleep(Native Method)
	at java.lang.Thread.sleep(Thread.java:340)
	at java.util.concurrent.TimeUnit.sleep(TimeUnit.java:386)
	at org.apache.ratis.util.TimeDuration.sleep(TimeDuration.java:324)
	at org.apache.ratis.util.TimeDuration.sleep(TimeDuration.java:309)
	at org.apache.ratis.server.impl.FollowerState.run(FollowerState.java:118)
2021-12-02 01:43:22,670 [grpc-default-executor-1] INFO  server.RaftServer$Division (RaftServerImpl.java:requestVote(1078)) - fbdafa3d-fbd0-48e3-8b83-ea1e54fefb5d@group-BFBF8A2CDC57 replies to ELECTION vote request: 93155b15-512d-4c8d-b4b5-3701a6ff6ed7<-fbdafa3d-fbd0-48e3-8b83-ea1e54fefb5d#0:OK-t2. Peer's state: fbdafa3d-fbd0-48e3-8b83-ea1e54fefb5d@group-BFBF8A2CDC57:t2, leader=null, voted=93155b15-512d-4c8d-b4b5-3701a6ff6ed7, raftlog=fbdafa3d-fbd0-48e3-8b83-ea1e54fefb5d@group-BFBF8A2CDC57-SegmentedRaftLog:OPENED:c-1, conf=-1: [93155b15-512d-4c8d-b4b5-3701a6ff6ed7|rpc:10.1.0.43:43723|dataStream:|priority:0, fbdafa3d-fbd0-48e3-8b83-ea1e54fefb5d|rpc:10.1.0.43:37327|dataStream:|priority:0, fd7bdda1-593d-4007-bd0c-6fbef76da485|rpc:10.1.0.43:36783|dataStream:|priority:1], old=null
2021-12-02 01:43:22,672 [grpc-default-executor-1] INFO  server.RaftServer$Division (RaftServerImpl.java:requestVote(1046)) - fd7bdda1-593d-4007-bd0c-6fbef76da485@group-BFBF8A2CDC57: receive requestVote(ELECTION, 93155b15-512d-4c8d-b4b5-3701a6ff6ed7, group-BFBF8A2CDC57, 2, (t:0, i:0))
2021-12-02 01:43:22,672 [grpc-default-executor-1] INFO  impl.VoteContext (VoteContext.java:log(48)) - fd7bdda1-593d-4007-bd0c-6fbef76da485@group-BFBF8A2CDC57-FOLLOWER: reject ELECTION from 93155b15-512d-4c8d-b4b5-3701a6ff6ed7: our priority 1 > candidate's priority 0
2021-12-02 01:43:22,672 [grpc-default-executor-1] INFO  server.RaftServer$Division (RaftServerImpl.java:setRole(290)) - fd7bdda1-593d-4007-bd0c-6fbef76da485@group-BFBF8A2CDC57: changes role from  FOLLOWER to FOLLOWER at term 2 for candidate:93155b15-512d-4c8d-b4b5-3701a6ff6ed7
2021-12-02 01:43:22,672 [grpc-default-executor-1] INFO  impl.RoleInfo (RoleInfo.java:shutdownFollowerState(108)) - fd7bdda1-593d-4007-bd0c-6fbef76da485: shutdown fd7bdda1-593d-4007-bd0c-6fbef76da485@group-BFBF8A2CDC57-FollowerState
2021-12-02 01:43:22,672 [grpc-default-executor-1] INFO  impl.RoleInfo (RoleInfo.java:updateAndGet(130)) - fd7bdda1-593d-4007-bd0c-6fbef76da485: start fd7bdda1-593d-4007-bd0c-6fbef76da485@group-BFBF8A2CDC57-FollowerState
2021-12-02 01:43:22,672 [fd7bdda1-593d-4007-bd0c-6fbef76da485@group-BFBF8A2CDC57-FollowerState] INFO  impl.FollowerState (FollowerState.java:run(143)) - fd7bdda1-593d-4007-bd0c-6fbef76da485@group-BFBF8A2CDC57-FollowerState was interrupted: {}
java.lang.InterruptedException: sleep interrupted
	at java.lang.Thread.sleep(Native Method)
	at java.lang.Thread.sleep(Thread.java:340)
	at java.util.concurrent.TimeUnit.sleep(TimeUnit.java:386)
	at org.apache.ratis.util.TimeDuration.sleep(TimeDuration.java:324)
	at org.apache.ratis.util.TimeDuration.sleep(TimeDuration.java:309)
	at org.apache.ratis.server.impl.FollowerState.run(FollowerState.java:118)
2021-12-02 01:43:22,674 [grpc-default-executor-1] INFO  server.RaftServer$Division (RaftServerImpl.java:requestVote(1078)) - fd7bdda1-593d-4007-bd0c-6fbef76da485@group-BFBF8A2CDC57 replies to ELECTION vote request: 93155b15-512d-4c8d-b4b5-3701a6ff6ed7<-fd7bdda1-593d-4007-bd0c-6fbef76da485#0:FAIL-t2. Peer's state: fd7bdda1-593d-4007-bd0c-6fbef76da485@group-BFBF8A2CDC57:t2, leader=null, voted=null, raftlog=fd7bdda1-593d-4007-bd0c-6fbef76da485@group-BFBF8A2CDC57-SegmentedRaftLog:OPENED:c-1, conf=-1: [93155b15-512d-4c8d-b4b5-3701a6ff6ed7|rpc:10.1.0.43:43723|priority:0, fbdafa3d-fbd0-48e3-8b83-ea1e54fefb5d|rpc:10.1.0.43:37327|priority:0, fd7bdda1-593d-4007-bd0c-6fbef76da485|rpc:10.1.0.43:36783|priority:1], old=null
2021-12-02 01:43:22,677 [93155b15-512d-4c8d-b4b5-3701a6ff6ed7@group-BFBF8A2CDC57-LeaderElection141] INFO  impl.LeaderElection (LeaderElection.java:logAndReturn(89)) - 93155b15-512d-4c8d-b4b5-3701a6ff6ed7@group-BFBF8A2CDC57-LeaderElection141: ELECTION REJECTED received 2 response(s) and 0 exception(s):
2021-12-02 01:43:22,677 [93155b15-512d-4c8d-b4b5-3701a6ff6ed7@group-BFBF8A2CDC57-LeaderElection141] INFO  impl.LeaderElection (LeaderElection.java:logAndReturn(93)) -   Response 0: 93155b15-512d-4c8d-b4b5-3701a6ff6ed7<-fbdafa3d-fbd0-48e3-8b83-ea1e54fefb5d#0:OK-t2
2021-12-02 01:43:22,677 [93155b15-512d-4c8d-b4b5-3701a6ff6ed7@group-BFBF8A2CDC57-LeaderElection141] INFO  impl.LeaderElection (LeaderElection.java:logAndReturn(93)) -   Response 1: 93155b15-512d-4c8d-b4b5-3701a6ff6ed7<-fd7bdda1-593d-4007-bd0c-6fbef76da485#0:FAIL-t2
2021-12-02 01:43:22,677 [93155b15-512d-4c8d-b4b5-3701a6ff6ed7@group-BFBF8A2CDC57-LeaderElection141] INFO  impl.LeaderElection (LeaderElection.java:askForVotes(308)) - 93155b15-512d-4c8d-b4b5-3701a6ff6ed7@group-BFBF8A2CDC57-LeaderElection141 ELECTION round 0: result REJECTED
2021-12-02 01:43:22,677 [93155b15-512d-4c8d-b4b5-3701a6ff6ed7@group-BFBF8A2CDC57-LeaderElection141] INFO  server.RaftServer$Division (RaftServerImpl.java:setRole(290)) - 93155b15-512d-4c8d-b4b5-3701a6ff6ed7@group-BFBF8A2CDC57: changes role from CANDIDATE to FOLLOWER at term 2 for REJECTED
2021-12-02 01:43:22,678 [93155b15-512d-4c8d-b4b5-3701a6ff6ed7@group-BFBF8A2CDC57-LeaderElection141] INFO  impl.RoleInfo (RoleInfo.java:shutdownLeaderElection(121)) - 93155b15-512d-4c8d-b4b5-3701a6ff6ed7: shutdown 93155b15-512d-4c8d-b4b5-3701a6ff6ed7@group-BFBF8A2CDC57-LeaderElection141
2021-12-02 01:43:22,678 [93155b15-512d-4c8d-b4b5-3701a6ff6ed7@group-BFBF8A2CDC57-LeaderElection141] INFO  impl.RoleInfo (RoleInfo.java:updateAndGet(130)) - 93155b15-512d-4c8d-b4b5-3701a6ff6ed7: start 93155b15-512d-4c8d-b4b5-3701a6ff6ed7@group-BFBF8A2CDC57-FollowerState
2021-12-02 01:43:22,750 [EventQueue-OpenPipelineForHealthyPipelineSafeModeRule] INFO  safemode.SCMSafeModeManager (HealthyPipelineSafeModeRule.java:process(124)) - SCM in safe mode. Healthy pipelines reported count is 0, required healthy pipeline reported count is 1
2021-12-02 01:43:22,750 [EventQueue-OpenPipelineForHealthyPipelineSafeModeRule] INFO  safemode.SCMSafeModeManager (HealthyPipelineSafeModeRule.java:process(124)) - SCM in safe mode. Healthy pipelines reported count is 0, required healthy pipeline reported count is 1
2021-12-02 01:43:23,131 [Listener at 127.0.0.1/41183] INFO  ozone.MiniOzoneClusterImpl (MiniOzoneClusterImpl.java:lambda$waitForClusterToBeReady$0(235)) - Nodes are ready. Got 3 of 3 DN Heartbeats.
2021-12-02 01:43:23,131 [Listener at 127.0.0.1/41183] INFO  ozone.MiniOzoneClusterImpl (MiniOzoneClusterImpl.java:lambda$waitForClusterToBeReady$0(238)) - Waiting for cluster to exit safe mode
2021-12-02 01:43:23,131 [Listener at 127.0.0.1/41183] INFO  ozone.MiniOzoneClusterImpl (MiniOzoneClusterImpl.java:lambda$waitForClusterToBeReady$0(240)) - SCM became leader
2021-12-02 01:43:23,750 [EventQueue-OpenPipelineForHealthyPipelineSafeModeRule] INFO  safemode.SCMSafeModeManager (HealthyPipelineSafeModeRule.java:process(124)) - SCM in safe mode. Healthy pipelines reported count is 0, required healthy pipeline reported count is 1
2021-12-02 01:43:23,952 [EventQueue-OpenPipelineForHealthyPipelineSafeModeRule] INFO  safemode.SCMSafeModeManager (HealthyPipelineSafeModeRule.java:process(124)) - SCM in safe mode. Healthy pipelines reported count is 0, required healthy pipeline reported count is 1
2021-12-02 01:43:24,130 [Mini-Cluster-Provider-Reap] INFO  ozoneimpl.OzoneContainer (OzoneContainer.java:stop(325)) - Attempting to stop container services.
2021-12-02 01:43:24,130 [Mini-Cluster-Provider-Reap] INFO  server.RaftServer (RaftServerProxy.java:lambda$close$6(391)) - d6e0519a-99ef-41ca-ad1c-bee48bc44174: close
2021-12-02 01:43:24,131 [Mini-Cluster-Provider-Reap] INFO  server.RaftServer$Division (RaftServerImpl.java:lambda$close$4(412)) - d6e0519a-99ef-41ca-ad1c-bee48bc44174@group-410889143A4E: shutdown
2021-12-02 01:43:24,131 [Mini-Cluster-Provider-Reap] INFO  util.JmxRegister (JmxRegister.java:unregister(73)) - Successfully un-registered JMX Bean with object name Ratis:service=RaftServer,group=group-410889143A4E,id=d6e0519a-99ef-41ca-ad1c-bee48bc44174
2021-12-02 01:43:24,131 [Mini-Cluster-Provider-Reap] INFO  impl.RoleInfo (RoleInfo.java:shutdownFollowerState(108)) - d6e0519a-99ef-41ca-ad1c-bee48bc44174: shutdown d6e0519a-99ef-41ca-ad1c-bee48bc44174@group-410889143A4E-FollowerState
2021-12-02 01:43:24,131 [Mini-Cluster-Provider-Reap] INFO  impl.StateMachineUpdater (StateMachineUpdater.java:stopAndJoin(149)) - d6e0519a-99ef-41ca-ad1c-bee48bc44174@group-410889143A4E-StateMachineUpdater: set stopIndex = 0
2021-12-02 01:43:24,133 [Listener at 127.0.0.1/41183] INFO  ozone.MiniOzoneClusterImpl (MiniOzoneClusterImpl.java:lambda$waitForClusterToBeReady$0(235)) - Nodes are ready. Got 3 of 3 DN Heartbeats.
2021-12-02 01:43:24,133 [Listener at 127.0.0.1/41183] INFO  ozone.MiniOzoneClusterImpl (MiniOzoneClusterImpl.java:lambda$waitForClusterToBeReady$0(238)) - Waiting for cluster to exit safe mode
2021-12-02 01:43:24,133 [Listener at 127.0.0.1/41183] INFO  ozone.MiniOzoneClusterImpl (MiniOzoneClusterImpl.java:lambda$waitForClusterToBeReady$0(240)) - SCM became leader
2021-12-02 01:43:24,134 [d6e0519a-99ef-41ca-ad1c-bee48bc44174@group-410889143A4E-StateMachineUpdater] INFO  ratis.ContainerStateMachine (ContainerStateMachine.java:takeSnapshot(292)) - group-410889143A4E: Taking a snapshot at:(t:1, i:0) file /home/runner/work/ozone/ozone/hadoop-ozone/integration-test/target/test-dir/MiniOzoneClusterImpl-bd841458-cc16-4df7-9c43-a3a8e3c493cf/datanode-1/data/ratis/7ce748f4-0a2f-43cb-b9e0-410889143a4e/sm/snapshot.1_0
2021-12-02 01:43:24,134 [ForkJoinPool.commonPool-worker-1] INFO  ozoneimpl.OzoneContainer (OzoneContainer.java:stop(325)) - Attempting to stop container services.
2021-12-02 01:43:24,135 [ForkJoinPool.commonPool-worker-1] INFO  server.RaftServer (RaftServerProxy.java:lambda$close$6(391)) - 9efe10a8-0b95-4993-b765-d56dfe4aafb9: close
2021-12-02 01:43:24,135 [ForkJoinPool.commonPool-worker-1] INFO  server.RaftServer$Division (RaftServerImpl.java:lambda$close$4(412)) - 9efe10a8-0b95-4993-b765-d56dfe4aafb9@group-410889143A4E: shutdown
2021-12-02 01:43:24,135 [ForkJoinPool.commonPool-worker-1] INFO  util.JmxRegister (JmxRegister.java:unregister(73)) - Successfully un-registered JMX Bean with object name Ratis:service=RaftServer,group=group-410889143A4E,id=9efe10a8-0b95-4993-b765-d56dfe4aafb9
2021-12-02 01:43:24,135 [ForkJoinPool.commonPool-worker-1] INFO  impl.RoleInfo (RoleInfo.java:shutdownLeaderState(91)) - 9efe10a8-0b95-4993-b765-d56dfe4aafb9: shutdown 9efe10a8-0b95-4993-b765-d56dfe4aafb9@group-410889143A4E-LeaderStateImpl
2021-12-02 01:43:24,135 [ForkJoinPool.commonPool-worker-1] INFO  impl.PendingRequests (PendingRequests.java:sendNotLeaderResponses(282)) - 9efe10a8-0b95-4993-b765-d56dfe4aafb9@group-410889143A4E-PendingRequests: sendNotLeaderResponses
2021-12-02 01:43:24,136 [ForkJoinPool.commonPool-worker-1] INFO  impl.StateMachineUpdater (StateMachineUpdater.java:stopAndJoin(149)) - 9efe10a8-0b95-4993-b765-d56dfe4aafb9@group-410889143A4E-StateMachineUpdater: set stopIndex = 0
2021-12-02 01:43:24,136 [d6e0519a-99ef-41ca-ad1c-bee48bc44174@group-410889143A4E-StateMachineUpdater] INFO  ratis.ContainerStateMachine (ContainerStateMachine.java:takeSnapshot(303)) - group-410889143A4E: Finished taking a snapshot at:(t:1, i:0) file:/home/runner/work/ozone/ozone/hadoop-ozone/integration-test/target/test-dir/MiniOzoneClusterImpl-bd841458-cc16-4df7-9c43-a3a8e3c493cf/datanode-1/data/ratis/7ce748f4-0a2f-43cb-b9e0-410889143a4e/sm/snapshot.1_0 took: 3 ms
2021-12-02 01:43:24,137 [9efe10a8-0b95-4993-b765-d56dfe4aafb9@group-410889143A4E-StateMachineUpdater] INFO  ratis.ContainerStateMachine (ContainerStateMachine.java:takeSnapshot(292)) - group-410889143A4E: Taking a snapshot at:(t:1, i:0) file /home/runner/work/ozone/ozone/hadoop-ozone/integration-test/target/test-dir/MiniOzoneClusterImpl-bd841458-cc16-4df7-9c43-a3a8e3c493cf/datanode-0/data/ratis/7ce748f4-0a2f-43cb-b9e0-410889143a4e/sm/snapshot.1_0
2021-12-02 01:43:24,137 [d6e0519a-99ef-41ca-ad1c-bee48bc44174@group-410889143A4E-StateMachineUpdater] INFO  impl.StateMachineUpdater (StateMachineUpdater.java:takeSnapshot(281)) - d6e0519a-99ef-41ca-ad1c-bee48bc44174@group-410889143A4E-StateMachineUpdater: Took a snapshot at index 0
2021-12-02 01:43:24,137 [d6e0519a-99ef-41ca-ad1c-bee48bc44174@group-410889143A4E-StateMachineUpdater] INFO  impl.StateMachineUpdater (StateMachineUpdater.java:lambda$new$0(89)) - d6e0519a-99ef-41ca-ad1c-bee48bc44174@group-410889143A4E-StateMachineUpdater: snapshotIndex: updateIncreasingly -1 -> 0
2021-12-02 01:43:24,137 [9efe10a8-0b95-4993-b765-d56dfe4aafb9@group-410889143A4E->c808c82f-f1ba-4b50-9449-343d2008498e-GrpcLogAppender-LogAppenderDaemon] WARN  server.GrpcLogAppender (GrpcLogAppender.java:mayWait(177)) - 9efe10a8-0b95-4993-b765-d56dfe4aafb9@group-410889143A4E->c808c82f-f1ba-4b50-9449-343d2008498e-GrpcLogAppender: Wait interrupted by java.lang.InterruptedException
2021-12-02 01:43:24,137 [Mini-Cluster-Provider-Reap] INFO  server.RaftServer$Division (ServerState.java:close(419)) - d6e0519a-99ef-41ca-ad1c-bee48bc44174@group-410889143A4E: closes. applyIndex: 0
2021-12-02 01:43:24,137 [grpc-default-executor-1] INFO  server.GrpcServerProtocolService (GrpcServerProtocolService.java:onCompleted(140)) - c808c82f-f1ba-4b50-9449-343d2008498e: Completed APPEND_ENTRIES, lastRequest: 9efe10a8-0b95-4993-b765-d56dfe4aafb9->c808c82f-f1ba-4b50-9449-343d2008498e#5-t1,previous=(t:0, i:0),leaderCommit=0,initializing? true,entries: size=1, first=(t:1, i:0), CONFIGURATIONENTRY
2021-12-02 01:43:24,137 [9efe10a8-0b95-4993-b765-d56dfe4aafb9@group-410889143A4E->d6e0519a-99ef-41ca-ad1c-bee48bc44174-GrpcLogAppender-LogAppenderDaemon] WARN  server.GrpcLogAppender (GrpcLogAppender.java:mayWait(177)) - 9efe10a8-0b95-4993-b765-d56dfe4aafb9@group-410889143A4E->d6e0519a-99ef-41ca-ad1c-bee48bc44174-GrpcLogAppender: Wait interrupted by java.lang.InterruptedException
2021-12-02 01:43:24,138 [d6e0519a-99ef-41ca-ad1c-bee48bc44174@group-410889143A4E-SegmentedRaftLogWorker] INFO  segmented.SegmentedRaftLogWorker (SegmentedRaftLogWorker.java:run(327)) - d6e0519a-99ef-41ca-ad1c-bee48bc44174@group-410889143A4E-SegmentedRaftLogWorker was interrupted, exiting. There are 0 tasks remaining in the queue.
2021-12-02 01:43:24,139 [grpc-default-executor-0] INFO  server.GrpcLogAppender (GrpcLogAppender.java:onCompleted(346)) - 9efe10a8-0b95-4993-b765-d56dfe4aafb9@group-410889143A4E->c808c82f-f1ba-4b50-9449-343d2008498e-AppendLogResponseHandler: follower responses appendEntries COMPLETED
2021-12-02 01:43:24,139 [grpc-default-executor-0] INFO  leader.FollowerInfo (FollowerInfoImpl.java:lambda$new$0(47)) - 9efe10a8-0b95-4993-b765-d56dfe4aafb9@group-410889143A4E->c808c82f-f1ba-4b50-9449-343d2008498e: nextIndex: updateUnconditionally 1 -> 0
2021-12-02 01:43:24,139 [grpc-default-executor-5] INFO  server.GrpcServerProtocolService (GrpcServerProtocolService.java:onCompleted(140)) - d6e0519a-99ef-41ca-ad1c-bee48bc44174: Completed APPEND_ENTRIES, lastRequest: 9efe10a8-0b95-4993-b765-d56dfe4aafb9->d6e0519a-99ef-41ca-ad1c-bee48bc44174#1-t1,previous=(t:0, i:0),leaderCommit=-1,initializing? true,entries: size=1, first=(t:1, i:0), CONFIGURATIONENTRY
2021-12-02 01:43:24,139 [grpc-default-executor-0] INFO  server.GrpcLogAppender (GrpcLogAppender.java:onCompleted(346)) - 9efe10a8-0b95-4993-b765-d56dfe4aafb9@group-410889143A4E->d6e0519a-99ef-41ca-ad1c-bee48bc44174-AppendLogResponseHandler: follower responses appendEntries COMPLETED
2021-12-02 01:43:24,139 [grpc-default-executor-0] INFO  leader.FollowerInfo (FollowerInfoImpl.java:lambda$new$0(47)) - 9efe10a8-0b95-4993-b765-d56dfe4aafb9@group-410889143A4E->d6e0519a-99ef-41ca-ad1c-bee48bc44174: nextIndex: updateUnconditionally 1 -> 0
2021-12-02 01:43:24,140 [9efe10a8-0b95-4993-b765-d56dfe4aafb9@group-410889143A4E-StateMachineUpdater] INFO  ratis.ContainerStateMachine (ContainerStateMachine.java:takeSnapshot(303)) - group-410889143A4E: Finished taking a snapshot at:(t:1, i:0) file:/home/runner/work/ozone/ozone/hadoop-ozone/integration-test/target/test-dir/MiniOzoneClusterImpl-bd841458-cc16-4df7-9c43-a3a8e3c493cf/datanode-0/data/ratis/7ce748f4-0a2f-43cb-b9e0-410889143a4e/sm/snapshot.1_0 took: 3 ms
2021-12-02 01:43:24,140 [9efe10a8-0b95-4993-b765-d56dfe4aafb9@group-410889143A4E-StateMachineUpdater] INFO  impl.StateMachineUpdater (StateMachineUpdater.java:takeSnapshot(281)) - 9efe10a8-0b95-4993-b765-d56dfe4aafb9@group-410889143A4E-StateMachineUpdater: Took a snapshot at index 0
2021-12-02 01:43:24,140 [9efe10a8-0b95-4993-b765-d56dfe4aafb9@group-410889143A4E-StateMachineUpdater] INFO  impl.StateMachineUpdater (StateMachineUpdater.java:lambda$new$0(89)) - 9efe10a8-0b95-4993-b765-d56dfe4aafb9@group-410889143A4E-StateMachineUpdater: snapshotIndex: updateIncreasingly -1 -> 0
2021-12-02 01:43:24,140 [ForkJoinPool.commonPool-worker-1] INFO  server.RaftServer$Division (ServerState.java:close(419)) - 9efe10a8-0b95-4993-b765-d56dfe4aafb9@group-410889143A4E: closes. applyIndex: 0
2021-12-02 01:43:24,140 [9efe10a8-0b95-4993-b765-d56dfe4aafb9@group-410889143A4E-SegmentedRaftLogWorker] INFO  segmented.SegmentedRaftLogWorker (SegmentedRaftLogWorker.java:run(327)) - 9efe10a8-0b95-4993-b765-d56dfe4aafb9@group-410889143A4E-SegmentedRaftLogWorker was interrupted, exiting. There are 0 tasks remaining in the queue.
2021-12-02 01:43:24,150 [d6e0519a-99ef-41ca-ad1c-bee48bc44174@group-410889143A4E-FollowerState] INFO  impl.FollowerState (FollowerState.java:run(143)) - d6e0519a-99ef-41ca-ad1c-bee48bc44174@group-410889143A4E-FollowerState was interrupted: {}
java.lang.InterruptedException: sleep interrupted
	at java.lang.Thread.sleep(Native Method)
	at java.lang.Thread.sleep(Thread.java:340)
	at java.util.concurrent.TimeUnit.sleep(TimeUnit.java:386)
	at org.apache.ratis.util.TimeDuration.sleep(TimeDuration.java:324)
	at org.apache.ratis.util.TimeDuration.sleep(TimeDuration.java:309)
	at org.apache.ratis.server.impl.FollowerState.run(FollowerState.java:118)
2021-12-02 01:43:24,157 [ForkJoinPool.commonPool-worker-1] INFO  segmented.SegmentedRaftLogWorker (SegmentedRaftLogWorker.java:close(237)) - 9efe10a8-0b95-4993-b765-d56dfe4aafb9@group-410889143A4E-SegmentedRaftLogWorker close()
2021-12-02 01:43:24,160 [Mini-Cluster-Provider-Reap] INFO  segmented.SegmentedRaftLogWorker (SegmentedRaftLogWorker.java:close(237)) - d6e0519a-99ef-41ca-ad1c-bee48bc44174@group-410889143A4E-SegmentedRaftLogWorker close()
2021-12-02 01:43:24,162 [ForkJoinPool.commonPool-worker-1] INFO  server.RaftServer$Division (RaftServerImpl.java:lambda$close$4(412)) - 9efe10a8-0b95-4993-b765-d56dfe4aafb9@group-1FFCA7C8DAF8: shutdown
2021-12-02 01:43:24,162 [ForkJoinPool.commonPool-worker-1] INFO  util.JmxRegister (JmxRegister.java:unregister(73)) - Successfully un-registered JMX Bean with object name Ratis:service=RaftServer,group=group-1FFCA7C8DAF8,id=9efe10a8-0b95-4993-b765-d56dfe4aafb9
2021-12-02 01:43:24,162 [ForkJoinPool.commonPool-worker-1] INFO  impl.RoleInfo (RoleInfo.java:shutdownLeaderState(91)) - 9efe10a8-0b95-4993-b765-d56dfe4aafb9: shutdown 9efe10a8-0b95-4993-b765-d56dfe4aafb9@group-1FFCA7C8DAF8-LeaderStateImpl
2021-12-02 01:43:24,162 [ForkJoinPool.commonPool-worker-1] INFO  impl.PendingRequests (PendingRequests.java:sendNotLeaderResponses(282)) - 9efe10a8-0b95-4993-b765-d56dfe4aafb9@group-1FFCA7C8DAF8-PendingRequests: sendNotLeaderResponses
2021-12-02 01:43:24,163 [ForkJoinPool.commonPool-worker-1] INFO  impl.StateMachineUpdater (StateMachineUpdater.java:stopAndJoin(149)) - 9efe10a8-0b95-4993-b765-d56dfe4aafb9@group-1FFCA7C8DAF8-StateMachineUpdater: set stopIndex = 0
2021-12-02 01:43:24,163 [9efe10a8-0b95-4993-b765-d56dfe4aafb9@group-1FFCA7C8DAF8-StateMachineUpdater] INFO  ratis.ContainerStateMachine (ContainerStateMachine.java:takeSnapshot(292)) - group-1FFCA7C8DAF8: Taking a snapshot at:(t:1, i:0) file /home/runner/work/ozone/ozone/hadoop-ozone/integration-test/target/test-dir/MiniOzoneClusterImpl-bd841458-cc16-4df7-9c43-a3a8e3c493cf/datanode-0/data/ratis/607d9ce6-15cb-45ce-98c9-1ffca7c8daf8/sm/snapshot.1_0
2021-12-02 01:43:24,165 [Mini-Cluster-Provider-Reap] INFO  server.RaftServer$Division (RaftServerImpl.java:lambda$close$4(412)) - d6e0519a-99ef-41ca-ad1c-bee48bc44174@group-1840C3CE2257: shutdown
2021-12-02 01:43:24,165 [Mini-Cluster-Provider-Reap] INFO  util.JmxRegister (JmxRegister.java:unregister(73)) - Successfully un-registered JMX Bean with object name Ratis:service=RaftServer,group=group-1840C3CE2257,id=d6e0519a-99ef-41ca-ad1c-bee48bc44174
2021-12-02 01:43:24,165 [Mini-Cluster-Provider-Reap] INFO  impl.RoleInfo (RoleInfo.java:shutdownLeaderState(91)) - d6e0519a-99ef-41ca-ad1c-bee48bc44174: shutdown d6e0519a-99ef-41ca-ad1c-bee48bc44174@group-1840C3CE2257-LeaderStateImpl
2021-12-02 01:43:24,165 [Mini-Cluster-Provider-Reap] INFO  impl.PendingRequests (PendingRequests.java:sendNotLeaderResponses(282)) - d6e0519a-99ef-41ca-ad1c-bee48bc44174@group-1840C3CE2257-PendingRequests: sendNotLeaderResponses
2021-12-02 01:43:24,166 [Mini-Cluster-Provider-Reap] INFO  impl.StateMachineUpdater (StateMachineUpdater.java:stopAndJoin(149)) - d6e0519a-99ef-41ca-ad1c-bee48bc44174@group-1840C3CE2257-StateMachineUpdater: set stopIndex = 0
2021-12-02 01:43:24,169 [d6e0519a-99ef-41ca-ad1c-bee48bc44174@group-1840C3CE2257-StateMachineUpdater] INFO  ratis.ContainerStateMachine (ContainerStateMachine.java:takeSnapshot(292)) - group-1840C3CE2257: Taking a snapshot at:(t:1, i:0) file /home/runner/work/ozone/ozone/hadoop-ozone/integration-test/target/test-dir/MiniOzoneClusterImpl-bd841458-cc16-4df7-9c43-a3a8e3c493cf/datanode-1/data/ratis/b87a8aef-2782-4819-9d99-1840c3ce2257/sm/snapshot.1_0
2021-12-02 01:43:24,170 [d6e0519a-99ef-41ca-ad1c-bee48bc44174@group-1840C3CE2257-StateMachineUpdater] INFO  ratis.ContainerStateMachine (ContainerStateMachine.java:takeSnapshot(303)) - group-1840C3CE2257: Finished taking a snapshot at:(t:1, i:0) file:/home/runner/work/ozone/ozone/hadoop-ozone/integration-test/target/test-dir/MiniOzoneClusterImpl-bd841458-cc16-4df7-9c43-a3a8e3c493cf/datanode-1/data/ratis/b87a8aef-2782-4819-9d99-1840c3ce2257/sm/snapshot.1_0 took: 1 ms
2021-12-02 01:43:24,170 [d6e0519a-99ef-41ca-ad1c-bee48bc44174@group-1840C3CE2257-StateMachineUpdater] INFO  impl.StateMachineUpdater (StateMachineUpdater.java:takeSnapshot(281)) - d6e0519a-99ef-41ca-ad1c-bee48bc44174@group-1840C3CE2257-StateMachineUpdater: Took a snapshot at index 0
2021-12-02 01:43:24,170 [d6e0519a-99ef-41ca-ad1c-bee48bc44174@group-1840C3CE2257-StateMachineUpdater] INFO  impl.StateMachineUpdater (StateMachineUpdater.java:lambda$new$0(89)) - d6e0519a-99ef-41ca-ad1c-bee48bc44174@group-1840C3CE2257-StateMachineUpdater: snapshotIndex: updateIncreasingly -1 -> 0
2021-12-02 01:43:24,170 [Mini-Cluster-Provider-Reap] INFO  server.RaftServer$Division (ServerState.java:close(419)) - d6e0519a-99ef-41ca-ad1c-bee48bc44174@group-1840C3CE2257: closes. applyIndex: 0
2021-12-02 01:43:24,170 [d6e0519a-99ef-41ca-ad1c-bee48bc44174@group-1840C3CE2257-SegmentedRaftLogWorker] INFO  segmented.SegmentedRaftLogWorker (SegmentedRaftLogWorker.java:run(327)) - d6e0519a-99ef-41ca-ad1c-bee48bc44174@group-1840C3CE2257-SegmentedRaftLogWorker was interrupted, exiting. There are 0 tasks remaining in the queue.
2021-12-02 01:43:24,199 [9efe10a8-0b95-4993-b765-d56dfe4aafb9@group-1FFCA7C8DAF8-StateMachineUpdater] INFO  ratis.ContainerStateMachine (ContainerStateMachine.java:takeSnapshot(303)) - group-1FFCA7C8DAF8: Finished taking a snapshot at:(t:1, i:0) file:/home/runner/work/ozone/ozone/hadoop-ozone/integration-test/target/test-dir/MiniOzoneClusterImpl-bd841458-cc16-4df7-9c43-a3a8e3c493cf/datanode-0/data/ratis/607d9ce6-15cb-45ce-98c9-1ffca7c8daf8/sm/snapshot.1_0 took: 36 ms
2021-12-02 01:43:24,200 [9efe10a8-0b95-4993-b765-d56dfe4aafb9@group-1FFCA7C8DAF8-StateMachineUpdater] INFO  impl.StateMachineUpdater (StateMachineUpdater.java:takeSnapshot(281)) - 9efe10a8-0b95-4993-b765-d56dfe4aafb9@group-1FFCA7C8DAF8-StateMachineUpdater: Took a snapshot at index 0
2021-12-02 01:43:24,200 [9efe10a8-0b95-4993-b765-d56dfe4aafb9@group-1FFCA7C8DAF8-StateMachineUpdater] INFO  impl.StateMachineUpdater (StateMachineUpdater.java:lambda$new$0(89)) - 9efe10a8-0b95-4993-b765-d56dfe4aafb9@group-1FFCA7C8DAF8-StateMachineUpdater: snapshotIndex: updateIncreasingly -1 -> 0
2021-12-02 01:43:24,200 [ForkJoinPool.commonPool-worker-1] INFO  server.RaftServer$Division (ServerState.java:close(419)) - 9efe10a8-0b95-4993-b765-d56dfe4aafb9@group-1FFCA7C8DAF8: closes. applyIndex: 0
2021-12-02 01:43:24,200 [9efe10a8-0b95-4993-b765-d56dfe4aafb9@group-1FFCA7C8DAF8-SegmentedRaftLogWorker] INFO  segmented.SegmentedRaftLogWorker (SegmentedRaftLogWorker.java:run(327)) - 9efe10a8-0b95-4993-b765-d56dfe4aafb9@group-1FFCA7C8DAF8-SegmentedRaftLogWorker was interrupted, exiting. There are 0 tasks remaining in the queue.
2021-12-02 01:43:24,213 [Mini-Cluster-Provider-Reap] INFO  segmented.SegmentedRaftLogWorker (SegmentedRaftLogWorker.java:close(237)) - d6e0519a-99ef-41ca-ad1c-bee48bc44174@group-1840C3CE2257-SegmentedRaftLogWorker close()
2021-12-02 01:43:24,241 [ForkJoinPool.commonPool-worker-1] INFO  segmented.SegmentedRaftLogWorker (SegmentedRaftLogWorker.java:close(237)) - 9efe10a8-0b95-4993-b765-d56dfe4aafb9@group-1FFCA7C8DAF8-SegmentedRaftLogWorker close()
2021-12-02 01:43:24,245 [ForkJoinPool.commonPool-worker-1] INFO  server.GrpcService (GrpcService.java:closeImpl(262)) - 9efe10a8-0b95-4993-b765-d56dfe4aafb9: shutdown server with port 46293 now
2021-12-02 01:43:24,334 [ForkJoinPool.commonPool-worker-1] INFO  server.GrpcService (GrpcService.java:closeImpl(271)) - 9efe10a8-0b95-4993-b765-d56dfe4aafb9: shutdown server with port 46293 successfully
2021-12-02 01:43:24,334 [org.apache.ratis.util.JvmPauseMonitor$$Lambda$540/557107915@4aea79c0] INFO  util.JvmPauseMonitor (JvmPauseMonitor.java:run(109)) - JvmPauseMonitor-9efe10a8-0b95-4993-b765-d56dfe4aafb9: Stopped
2021-12-02 01:43:24,341 [ForkJoinPool.commonPool-worker-1] INFO  utils.BackgroundService (BackgroundService.java:shutdown(132)) - Shutting down service BlockDeletingService
2021-12-02 01:43:24,343 [Mini-Cluster-Provider-Reap] INFO  server.GrpcService (GrpcService.java:closeImpl(262)) - d6e0519a-99ef-41ca-ad1c-bee48bc44174: shutdown server with port 36521 now
2021-12-02 01:43:24,345 [Mini-Cluster-Provider-Reap] INFO  server.GrpcService (GrpcService.java:closeImpl(271)) - d6e0519a-99ef-41ca-ad1c-bee48bc44174: shutdown server with port 36521 successfully
2021-12-02 01:43:24,349 [org.apache.ratis.util.JvmPauseMonitor$$Lambda$540/557107915@6a28c4c5] INFO  util.JvmPauseMonitor (JvmPauseMonitor.java:run(109)) - JvmPauseMonitor-d6e0519a-99ef-41ca-ad1c-bee48bc44174: Stopped
2021-12-02 01:43:24,354 [Mini-Cluster-Provider-Reap] INFO  utils.BackgroundService (BackgroundService.java:shutdown(132)) - Shutting down service BlockDeletingService
2021-12-02 01:43:24,750 [EventQueue-OpenPipelineForHealthyPipelineSafeModeRule] INFO  safemode.SCMSafeModeManager (HealthyPipelineSafeModeRule.java:process(124)) - SCM in safe mode. Healthy pipelines reported count is 0, required healthy pipeline reported count is 1
2021-12-02 01:43:25,135 [Listener at 127.0.0.1/41183] INFO  ozone.MiniOzoneClusterImpl (MiniOzoneClusterImpl.java:lambda$waitForClusterToBeReady$0(235)) - Nodes are ready. Got 3 of 3 DN Heartbeats.
2021-12-02 01:43:25,135 [Listener at 127.0.0.1/41183] INFO  ozone.MiniOzoneClusterImpl (MiniOzoneClusterImpl.java:lambda$waitForClusterToBeReady$0(238)) - Waiting for cluster to exit safe mode
2021-12-02 01:43:25,135 [Listener at 127.0.0.1/41183] INFO  ozone.MiniOzoneClusterImpl (MiniOzoneClusterImpl.java:lambda$waitForClusterToBeReady$0(240)) - SCM became leader
2021-12-02 01:43:25,354 [Time-limited test] INFO  upgrade.UpgradeFinalizer (BasicUpgradeFinalizer.java:logAndEmit(342)) -   Existing pipelines and containers will be closed during Upgrade.
  New pipelines creation will remain frozen until Upgrade is finalized.
2021-12-02 01:43:25,354 [Time-limited test] INFO  upgrade.ScmOnFinalizeActionForDatanodeSchemaV2 (ScmOnFinalizeActionForDatanodeSchemaV2.java:execute(43)) - Executing SCM On Finalize action for layout feature DATANODE_SCHEMA_V2
2021-12-02 01:43:25,357 [Time-limited test] INFO  upgrade.UpgradeFinalizer (BasicUpgradeFinalizer.java:logAndEmit(342)) - No onFinalize work defined for feature: SCM_HA.
2021-12-02 01:43:25,363 [Time-limited test] INFO  pipeline.BackgroundPipelineCreator (BackgroundPipelineCreator.java:start(130)) - Starting RatisPipelineUtilsThread.
2021-12-02 01:43:25,363 [EventQueue-HealthyReadonlyNodeForHealthyReadOnlyNodeHandler] INFO  node.HealthyReadOnlyNodeHandler (HealthyReadOnlyNodeHandler.java:onMessage(58)) - Datanode e0d25c1b-b502-41c3-a142-f82b5e97ff03{ip: 10.1.0.43, host: fv-az122-438.zf1tlrj3kn4expqppa1j4mpycf.xx.internal.cloudapp.net, ports: [REPLICATION=40041, RATIS=41039, RATIS_ADMIN=41039, RATIS_SERVER=41039, STANDALONE=42751], networkLocation: /default-rack, certSerialId: null, persistedOpState: IN_SERVICE, persistedOpStateExpiryEpochSec: 0} moved to HEALTHY READONLY state.
2021-12-02 01:43:25,363 [EventQueue-HealthyReadonlyNodeForHealthyReadOnlyNodeHandler] INFO  node.HealthyReadOnlyNodeHandler (HealthyReadOnlyNodeHandler.java:onMessage(62)) - Closing pipeline PipelineID=117ca088-58ed-4f34-8b57-bbd823968526 which uses HEALTHY READONLY datanode e0d25c1b-b502-41c3-a142-f82b5e97ff03{ip: 10.1.0.43, host: fv-az122-438.zf1tlrj3kn4expqppa1j4mpycf.xx.internal.cloudapp.net, ports: [REPLICATION=40041, RATIS=41039, RATIS_ADMIN=41039, RATIS_SERVER=41039, STANDALONE=42751], networkLocation: /default-rack, certSerialId: null, persistedOpState: IN_SERVICE, persistedOpStateExpiryEpochSec: 0} 
2021-12-02 01:43:25,363 [EventQueue-HealthyReadonlyNodeForHealthyReadOnlyNodeHandler] INFO  pipeline.RatisPipelineProvider (RatisPipelineProvider.java:lambda$close$1(222)) - Send pipeline:PipelineID=117ca088-58ed-4f34-8b57-bbd823968526 close command to datanode 7e03f375-d49a-42ab-b7b9-c2f67bc739a3
2021-12-02 01:43:25,364 [EventQueue-HealthyReadonlyNodeForHealthyReadOnlyNodeHandler] INFO  pipeline.RatisPipelineProvider (RatisPipelineProvider.java:lambda$close$1(222)) - Send pipeline:PipelineID=117ca088-58ed-4f34-8b57-bbd823968526 close command to datanode 24275692-492e-4f92-b24d-cb5c5113d796
2021-12-02 01:43:25,364 [EventQueue-HealthyReadonlyNodeForHealthyReadOnlyNodeHandler] INFO  pipeline.RatisPipelineProvider (RatisPipelineProvider.java:lambda$close$1(222)) - Send pipeline:PipelineID=117ca088-58ed-4f34-8b57-bbd823968526 close command to datanode e0d25c1b-b502-41c3-a142-f82b5e97ff03
2021-12-02 01:43:25,368 [IPC Server handler 4 on default port 45659] WARN  node.SCMNodeManager (SCMNodeManager.java:processLayoutVersionReport(598)) - Data node fv-az122-438.zf1tlrj3kn4expqppa1j4mpycf.xx.internal.cloudapp.net can not be used in any pipeline in the cluster. DataNode MetadataLayoutVersion = 0, SCM MetadataLayoutVersion = 2
2021-12-02 01:43:25,375 [EventQueue-HealthyReadonlyNodeForHealthyReadOnlyNodeHandler] INFO  pipeline.PipelineStateManagerImpl (PipelineStateManagerImpl.java:removePipeline(223)) - Pipeline Pipeline[ Id: 117ca088-58ed-4f34-8b57-bbd823968526, Nodes: 7e03f375-d49a-42ab-b7b9-c2f67bc739a3{ip: 10.1.0.43, host: fv-az122-438.zf1tlrj3kn4expqppa1j4mpycf.xx.internal.cloudapp.net, ports: [REPLICATION=36061, RATIS=37893, RATIS_ADMIN=37893, RATIS_SERVER=37893, STANDALONE=36207], networkLocation: /default-rack, certSerialId: null, persistedOpState: IN_SERVICE, persistedOpStateExpiryEpochSec: 0}24275692-492e-4f92-b24d-cb5c5113d796{ip: 10.1.0.43, host: fv-az122-438.zf1tlrj3kn4expqppa1j4mpycf.xx.internal.cloudapp.net, ports: [REPLICATION=41531, RATIS=43787, RATIS_ADMIN=43787, RATIS_SERVER=43787, STANDALONE=33163], networkLocation: /default-rack, certSerialId: null, persistedOpState: IN_SERVICE, persistedOpStateExpiryEpochSec: 0}e0d25c1b-b502-41c3-a142-f82b5e97ff03{ip: 10.1.0.43, host: fv-az122-438.zf1tlrj3kn4expqppa1j4mpycf.xx.internal.cloudapp.net, ports: [REPLICATION=40041, RATIS=41039, RATIS_ADMIN=41039, RATIS_SERVER=41039, STANDALONE=42751], networkLocation: /default-rack, certSerialId: null, persistedOpState: IN_SERVICE, persistedOpStateExpiryEpochSec: 0}, ReplicationConfig: RATIS/THREE, State:CLOSED, leaderId:e0d25c1b-b502-41c3-a142-f82b5e97ff03, CreationTimestamp2021-12-02T01:42:34.238Z[Etc/UTC]] removed.
2021-12-02 01:43:25,375 [EventQueue-HealthyReadonlyNodeForHealthyReadOnlyNodeHandler] INFO  node.HealthyReadOnlyNodeHandler (HealthyReadOnlyNodeHandler.java:onMessage(62)) - Closing pipeline PipelineID=655fb833-67d6-43d0-be3d-fd7fed179681 which uses HEALTHY READONLY datanode e0d25c1b-b502-41c3-a142-f82b5e97ff03{ip: 10.1.0.43, host: fv-az122-438.zf1tlrj3kn4expqppa1j4mpycf.xx.internal.cloudapp.net, ports: [REPLICATION=40041, RATIS=41039, RATIS_ADMIN=41039, RATIS_SERVER=41039, STANDALONE=42751], networkLocation: /default-rack, certSerialId: null, persistedOpState: IN_SERVICE, persistedOpStateExpiryEpochSec: 0} 
2021-12-02 01:43:25,375 [EventQueue-HealthyReadonlyNodeForHealthyReadOnlyNodeHandler] INFO  pipeline.RatisPipelineProvider (RatisPipelineProvider.java:lambda$close$1(222)) - Send pipeline:PipelineID=655fb833-67d6-43d0-be3d-fd7fed179681 close command to datanode e0d25c1b-b502-41c3-a142-f82b5e97ff03
2021-12-02 01:43:25,375 [EventQueue-HealthyReadonlyNodeForHealthyReadOnlyNodeHandler] INFO  pipeline.PipelineStateManagerImpl (PipelineStateManagerImpl.java:removePipeline(223)) - Pipeline Pipeline[ Id: 655fb833-67d6-43d0-be3d-fd7fed179681, Nodes: e0d25c1b-b502-41c3-a142-f82b5e97ff03{ip: 10.1.0.43, host: fv-az122-438.zf1tlrj3kn4expqppa1j4mpycf.xx.internal.cloudapp.net, ports: [REPLICATION=40041, RATIS=41039, RATIS_ADMIN=41039, RATIS_SERVER=41039, STANDALONE=42751], networkLocation: /default-rack, certSerialId: null, persistedOpState: IN_SERVICE, persistedOpStateExpiryEpochSec: 0}, ReplicationConfig: RATIS/ONE, State:CLOSED, leaderId:e0d25c1b-b502-41c3-a142-f82b5e97ff03, CreationTimestamp2021-12-02T01:42:34.222Z[Etc/UTC]] removed.
2021-12-02 01:43:25,375 [EventQueue-HealthyReadonlyNodeForHealthyReadOnlyNodeHandler] INFO  node.HealthyReadOnlyNodeHandler (HealthyReadOnlyNodeHandler.java:onMessage(58)) - Datanode 7e03f375-d49a-42ab-b7b9-c2f67bc739a3{ip: 10.1.0.43, host: fv-az122-438.zf1tlrj3kn4expqppa1j4mpycf.xx.internal.cloudapp.net, ports: [REPLICATION=36061, RATIS=37893, RATIS_ADMIN=37893, RATIS_SERVER=37893, STANDALONE=36207], networkLocation: /default-rack, certSerialId: null, persistedOpState: IN_SERVICE, persistedOpStateExpiryEpochSec: 0} moved to HEALTHY READONLY state.
2021-12-02 01:43:25,375 [EventQueue-HealthyReadonlyNodeForHealthyReadOnlyNodeHandler] INFO  node.HealthyReadOnlyNodeHandler (HealthyReadOnlyNodeHandler.java:onMessage(62)) - Closing pipeline PipelineID=b8a2d33a-2d14-4eb2-829e-4c090d3093fa which uses HEALTHY READONLY datanode 7e03f375-d49a-42ab-b7b9-c2f67bc739a3{ip: 10.1.0.43, host: fv-az122-438.zf1tlrj3kn4expqppa1j4mpycf.xx.internal.cloudapp.net, ports: [REPLICATION=36061, RATIS=37893, RATIS_ADMIN=37893, RATIS_SERVER=37893, STANDALONE=36207], networkLocation: /default-rack, certSerialId: null, persistedOpState: IN_SERVICE, persistedOpStateExpiryEpochSec: 0} 
2021-12-02 01:43:25,375 [EventQueue-HealthyReadonlyNodeForHealthyReadOnlyNodeHandler] INFO  pipeline.RatisPipelineProvider (RatisPipelineProvider.java:lambda$close$1(222)) - Send pipeline:PipelineID=b8a2d33a-2d14-4eb2-829e-4c090d3093fa close command to datanode 7e03f375-d49a-42ab-b7b9-c2f67bc739a3
2021-12-02 01:43:25,375 [EventQueue-HealthyReadonlyNodeForHealthyReadOnlyNodeHandler] INFO  pipeline.PipelineStateManagerImpl (PipelineStateManagerImpl.java:removePipeline(223)) - Pipeline Pipeline[ Id: b8a2d33a-2d14-4eb2-829e-4c090d3093fa, Nodes: 7e03f375-d49a-42ab-b7b9-c2f67bc739a3{ip: 10.1.0.43, host: fv-az122-438.zf1tlrj3kn4expqppa1j4mpycf.xx.internal.cloudapp.net, ports: [REPLICATION=36061, RATIS=37893, RATIS_ADMIN=37893, RATIS_SERVER=37893, STANDALONE=36207], networkLocation: /default-rack, certSerialId: null, persistedOpState: IN_SERVICE, persistedOpStateExpiryEpochSec: 0}, ReplicationConfig: RATIS/ONE, State:CLOSED, leaderId:7e03f375-d49a-42ab-b7b9-c2f67bc739a3, CreationTimestamp2021-12-02T01:42:32.797Z[Etc/UTC]] removed.
2021-12-02 01:43:25,375 [EventQueue-HealthyReadonlyNodeForHealthyReadOnlyNodeHandler] INFO  node.HealthyReadOnlyNodeHandler (HealthyReadOnlyNodeHandler.java:onMessage(58)) - Datanode 24275692-492e-4f92-b24d-cb5c5113d796{ip: 10.1.0.43, host: fv-az122-438.zf1tlrj3kn4expqppa1j4mpycf.xx.internal.cloudapp.net, ports: [REPLICATION=41531, RATIS=43787, RATIS_ADMIN=43787, RATIS_SERVER=43787, STANDALONE=33163], networkLocation: /default-rack, certSerialId: null, persistedOpState: IN_SERVICE, persistedOpStateExpiryEpochSec: 0} moved to HEALTHY READONLY state.
2021-12-02 01:43:25,375 [EventQueue-HealthyReadonlyNodeForHealthyReadOnlyNodeHandler] INFO  node.HealthyReadOnlyNodeHandler (HealthyReadOnlyNodeHandler.java:onMessage(62)) - Closing pipeline PipelineID=8d1d0e8f-684b-4032-8e88-b95596296843 which uses HEALTHY READONLY datanode 24275692-492e-4f92-b24d-cb5c5113d796{ip: 10.1.0.43, host: fv-az122-438.zf1tlrj3kn4expqppa1j4mpycf.xx.internal.cloudapp.net, ports: [REPLICATION=41531, RATIS=43787, RATIS_ADMIN=43787, RATIS_SERVER=43787, STANDALONE=33163], networkLocation: /default-rack, certSerialId: null, persistedOpState: IN_SERVICE, persistedOpStateExpiryEpochSec: 0} 
2021-12-02 01:43:25,375 [EventQueue-HealthyReadonlyNodeForHealthyReadOnlyNodeHandler] INFO  pipeline.RatisPipelineProvider (RatisPipelineProvider.java:lambda$close$1(222)) - Send pipeline:PipelineID=8d1d0e8f-684b-4032-8e88-b95596296843 close command to datanode 24275692-492e-4f92-b24d-cb5c5113d796
2021-12-02 01:43:25,375 [EventQueue-HealthyReadonlyNodeForHealthyReadOnlyNodeHandler] INFO  pipeline.PipelineStateManagerImpl (PipelineStateManagerImpl.java:removePipeline(223)) - Pipeline Pipeline[ Id: 8d1d0e8f-684b-4032-8e88-b95596296843, Nodes: 24275692-492e-4f92-b24d-cb5c5113d796{ip: 10.1.0.43, host: fv-az122-438.zf1tlrj3kn4expqppa1j4mpycf.xx.internal.cloudapp.net, ports: [REPLICATION=41531, RATIS=43787, RATIS_ADMIN=43787, RATIS_SERVER=43787, STANDALONE=33163], networkLocation: /default-rack, certSerialId: null, persistedOpState: IN_SERVICE, persistedOpStateExpiryEpochSec: 0}, ReplicationConfig: RATIS/ONE, State:CLOSED, leaderId:24275692-492e-4f92-b24d-cb5c5113d796, CreationTimestamp2021-12-02T01:42:33.576Z[Etc/UTC]] removed.
2021-12-02 01:43:25,376 [Time-limited test] INFO  upgrade.UpgradeFinalizer (SCMUpgradeFinalizer.java:postFinalizeUpgrade(115)) - Waiting for at least one open pipeline after SCM finalization.
2021-12-02 01:43:25,376 [EventQueue-PipelineReportForPipelineReportHandler] INFO  pipeline.PipelineReportHandler (PipelineReportHandler.java:processPipelineReport(113)) - Reported pipeline PipelineID=117ca088-58ed-4f34-8b57-bbd823968526 is not found
2021-12-02 01:43:25,376 [EventQueue-PipelineReportForPipelineReportHandler] INFO  pipeline.PipelineReportHandler (PipelineReportHandler.java:processPipelineReport(113)) - Reported pipeline PipelineID=8d1d0e8f-684b-4032-8e88-b95596296843 is not found
2021-12-02 01:43:25,412 [RatisPipelineUtilsThread - 0] ERROR scm.SCMCommonPlacementPolicy (SCMCommonPlacementPolicy.java:filterNodesWithSpace(171)) - Unable to find enough nodes that meet the space requirement of 1073741824 bytes for metadata and 5368709120 bytes for data in healthy node set. Required 3. Found 0.
2021-12-02 01:43:25,453 [EventQueue-OpenPipelineForHealthyPipelineSafeModeRule] INFO  safemode.SCMSafeModeManager (HealthyPipelineSafeModeRule.java:process(124)) - SCM in safe mode. Healthy pipelines reported count is 0, required healthy pipeline reported count is 1
2021-12-02 01:43:25,758 [EventQueue-OpenPipelineForHealthyPipelineSafeModeRule] INFO  safemode.SCMSafeModeManager (HealthyPipelineSafeModeRule.java:process(124)) - SCM in safe mode. Healthy pipelines reported count is 0, required healthy pipeline reported count is 1
2021-12-02 01:43:25,758 [EventQueue-OpenPipelineForHealthyPipelineSafeModeRule] INFO  safemode.SCMSafeModeManager (HealthyPipelineSafeModeRule.java:process(124)) - SCM in safe mode. Healthy pipelines reported count is 0, required healthy pipeline reported count is 1
2021-12-02 01:43:25,814 [IPC Server handler 12 on default port 45659] WARN  node.SCMNodeManager (SCMNodeManager.java:processLayoutVersionReport(598)) - Data node fv-az122-438.zf1tlrj3kn4expqppa1j4mpycf.xx.internal.cloudapp.net can not be used in any pipeline in the cluster. DataNode MetadataLayoutVersion = 0, SCM MetadataLayoutVersion = 2
2021-12-02 01:43:25,851 [IPC Server handler 1 on default port 45659] WARN  node.SCMNodeManager (SCMNodeManager.java:processLayoutVersionReport(598)) - Data node fv-az122-438.zf1tlrj3kn4expqppa1j4mpycf.xx.internal.cloudapp.net can not be used in any pipeline in the cluster. DataNode MetadataLayoutVersion = 0, SCM MetadataLayoutVersion = 2
2021-12-02 01:43:25,868 [Command processor thread] INFO  server.RaftServer (RaftServerProxy.java:remove(106)) - 24275692-492e-4f92-b24d-cb5c5113d796: remove  FOLLOWER 24275692-492e-4f92-b24d-cb5c5113d796@group-BBD823968526:t5, leader=e0d25c1b-b502-41c3-a142-f82b5e97ff03, voted=e0d25c1b-b502-41c3-a142-f82b5e97ff03, raftlog=24275692-492e-4f92-b24d-cb5c5113d796@group-BBD823968526-SegmentedRaftLog:OPENED:c9, conf=0: [e0d25c1b-b502-41c3-a142-f82b5e97ff03|rpc:10.1.0.43:41039|dataStream:|priority:1, 7e03f375-d49a-42ab-b7b9-c2f67bc739a3|rpc:10.1.0.43:37893|dataStream:|priority:0, 24275692-492e-4f92-b24d-cb5c5113d796|rpc:10.1.0.43:43787|dataStream:|priority:0], old=null RUNNING
2021-12-02 01:43:25,868 [Command processor thread] INFO  server.RaftServer$Division (RaftServerImpl.java:lambda$close$4(412)) - 24275692-492e-4f92-b24d-cb5c5113d796@group-BBD823968526: shutdown
2021-12-02 01:43:25,868 [Command processor thread] INFO  util.JmxRegister (JmxRegister.java:unregister(73)) - Successfully un-registered JMX Bean with object name Ratis:service=RaftServer,group=group-BBD823968526,id=24275692-492e-4f92-b24d-cb5c5113d796
2021-12-02 01:43:25,868 [Command processor thread] INFO  impl.RoleInfo (RoleInfo.java:shutdownFollowerState(108)) - 24275692-492e-4f92-b24d-cb5c5113d796: shutdown 24275692-492e-4f92-b24d-cb5c5113d796@group-BBD823968526-FollowerState
2021-12-02 01:43:25,868 [Command processor thread] INFO  impl.StateMachineUpdater (StateMachineUpdater.java:stopAndJoin(149)) - 24275692-492e-4f92-b24d-cb5c5113d796@group-BBD823968526-StateMachineUpdater: set stopIndex = 9
2021-12-02 01:43:25,869 [24275692-492e-4f92-b24d-cb5c5113d796@group-BBD823968526-FollowerState] INFO  impl.FollowerState (FollowerState.java:run(143)) - 24275692-492e-4f92-b24d-cb5c5113d796@group-BBD823968526-FollowerState was interrupted: {}
java.lang.InterruptedException: sleep interrupted
	at java.lang.Thread.sleep(Native Method)
	at java.lang.Thread.sleep(Thread.java:340)
	at java.util.concurrent.TimeUnit.sleep(TimeUnit.java:386)
	at org.apache.ratis.util.TimeDuration.sleep(TimeDuration.java:324)
	at org.apache.ratis.util.TimeDuration.sleep(TimeDuration.java:309)
	at org.apache.ratis.server.impl.FollowerState.run(FollowerState.java:118)
2021-12-02 01:43:25,869 [IPC Server handler 6 on default port 45659] WARN  node.SCMNodeManager (SCMNodeManager.java:processLayoutVersionReport(598)) - Data node fv-az122-438.zf1tlrj3kn4expqppa1j4mpycf.xx.internal.cloudapp.net can not be used in any pipeline in the cluster. DataNode MetadataLayoutVersion = 0, SCM MetadataLayoutVersion = 2
2021-12-02 01:43:25,870 [24275692-492e-4f92-b24d-cb5c5113d796@group-BBD823968526-StateMachineUpdater] INFO  ratis.ContainerStateMachine (ContainerStateMachine.java:takeSnapshot(292)) - group-BBD823968526: Taking a snapshot at:(t:5, i:9) file /home/runner/work/ozone/ozone/hadoop-ozone/integration-test/target/test-dir/MiniOzoneClusterImpl-93dc72d0-b1bf-46db-be81-fee59e1e35ad/datanode-1/data/ratis/117ca088-58ed-4f34-8b57-bbd823968526/sm/snapshot.5_9
2021-12-02 01:43:25,872 [24275692-492e-4f92-b24d-cb5c5113d796@group-BBD823968526-StateMachineUpdater] INFO  ratis.ContainerStateMachine (ContainerStateMachine.java:takeSnapshot(303)) - group-BBD823968526: Finished taking a snapshot at:(t:5, i:9) file:/home/runner/work/ozone/ozone/hadoop-ozone/integration-test/target/test-dir/MiniOzoneClusterImpl-93dc72d0-b1bf-46db-be81-fee59e1e35ad/datanode-1/data/ratis/117ca088-58ed-4f34-8b57-bbd823968526/sm/snapshot.5_9 took: 2 ms
2021-12-02 01:43:25,872 [24275692-492e-4f92-b24d-cb5c5113d796@group-BBD823968526-StateMachineUpdater] INFO  impl.StateMachineUpdater (StateMachineUpdater.java:takeSnapshot(281)) - 24275692-492e-4f92-b24d-cb5c5113d796@group-BBD823968526-StateMachineUpdater: Took a snapshot at index 9
2021-12-02 01:43:25,872 [24275692-492e-4f92-b24d-cb5c5113d796@group-BBD823968526-StateMachineUpdater] INFO  impl.StateMachineUpdater (StateMachineUpdater.java:lambda$new$0(89)) - 24275692-492e-4f92-b24d-cb5c5113d796@group-BBD823968526-StateMachineUpdater: snapshotIndex: updateIncreasingly -1 -> 9
2021-12-02 01:43:25,873 [Command processor thread] INFO  server.RaftServer$Division (ServerState.java:close(419)) - 24275692-492e-4f92-b24d-cb5c5113d796@group-BBD823968526: closes. applyIndex: 9
2021-12-02 01:43:25,873 [24275692-492e-4f92-b24d-cb5c5113d796@group-BBD823968526-SegmentedRaftLogWorker] INFO  segmented.SegmentedRaftLogWorker (SegmentedRaftLogWorker.java:run(327)) - 24275692-492e-4f92-b24d-cb5c5113d796@group-BBD823968526-SegmentedRaftLogWorker was interrupted, exiting. There are 0 tasks remaining in the queue.
2021-12-02 01:43:25,879 [Command processor thread] INFO  segmented.SegmentedRaftLogWorker (SegmentedRaftLogWorker.java:close(237)) - 24275692-492e-4f92-b24d-cb5c5113d796@group-BBD823968526-SegmentedRaftLogWorker close()
2021-12-02 01:43:25,883 [Command processor thread] INFO  server.RaftServer$Division (RaftServerImpl.java:groupRemove(382)) - 24275692-492e-4f92-b24d-cb5c5113d796@group-BBD823968526: Succeed to remove RaftStorageDirectory Storage Directory /home/runner/work/ozone/ozone/hadoop-ozone/integration-test/target/test-dir/MiniOzoneClusterImpl-93dc72d0-b1bf-46db-be81-fee59e1e35ad/datanode-1/data/ratis/117ca088-58ed-4f34-8b57-bbd823968526
2021-12-02 01:43:25,883 [Command processor thread] INFO  commandhandler.ClosePipelineCommandHandler (ClosePipelineCommandHandler.java:handle(78)) - Close Pipeline PipelineID=117ca088-58ed-4f34-8b57-bbd823968526 command on datanode 24275692-492e-4f92-b24d-cb5c5113d796.
2021-12-02 01:43:25,883 [Command processor thread] INFO  commandhandler.FinalizeNewLayoutVersionCommandHandler (FinalizeNewLayoutVersionCommandHandler.java:handle(64)) - Processing FinalizeNewLayoutVersionCommandHandler command.
2021-12-02 01:43:25,883 [Command processor thread] INFO  commandhandler.FinalizeNewLayoutVersionCommandHandler (FinalizeNewLayoutVersionCommandHandler.java:handle(77)) - Finalize Upgrade called!
2021-12-02 01:43:25,883 [Command processor thread] INFO  upgrade.UpgradeFinalizer (BasicUpgradeFinalizer.java:logAndEmit(342)) - Finalization started.
2021-12-02 01:43:25,883 [Command processor thread] INFO  upgrade.DatanodeSchemaV2FinalizeAction (DatanodeSchemaV2FinalizeAction.java:execute(44)) - Executing datanode 'onFinalize' action for the first version with upgrade support. New containers will be created with Schema Version 2 henceforth.
2021-12-02 01:43:25,887 [Command processor thread] INFO  upgrade.ScmHAFinalizeUpgradeActionDatanode (ScmHAFinalizeUpgradeActionDatanode.java:execute(52)) - Upgrading Datanode volume layout for SCM HA support.
2021-12-02 01:43:25,887 [Command processor thread] INFO  upgrade.ScmHAFinalizeUpgradeActionDatanode (ScmHAFinalizeUpgradeActionDatanode.java:upgradeVolume(122)) - Volume already contains cluster ID directory /home/runner/work/ozone/ozone/hadoop-ozone/integration-test/target/test-dir/MiniOzoneClusterImpl-93dc72d0-b1bf-46db-be81-fee59e1e35ad/datanode-1/data-0/containers/hdds/93dc72d0-b1bf-46db-be81-fee59e1e35ad. No action required for SCM HA finalization.
2021-12-02 01:43:25,889 [Command processor thread] INFO  upgrade.UpgradeFinalizer (BasicUpgradeFinalizer.java:logAndEmit(342)) - Finalization is done.
2021-12-02 01:43:25,889 [Command processor thread] INFO  server.RaftServer (RaftServerProxy.java:remove(106)) - 24275692-492e-4f92-b24d-cb5c5113d796: remove    LEADER 24275692-492e-4f92-b24d-cb5c5113d796@group-B95596296843:t1, leader=24275692-492e-4f92-b24d-cb5c5113d796, voted=24275692-492e-4f92-b24d-cb5c5113d796, raftlog=24275692-492e-4f92-b24d-cb5c5113d796@group-B95596296843-SegmentedRaftLog:OPENED:c0, conf=0: [24275692-492e-4f92-b24d-cb5c5113d796|rpc:10.1.0.43:43787|dataStream:|priority:1], old=null RUNNING
2021-12-02 01:43:25,890 [Command processor thread] INFO  server.RaftServer$Division (RaftServerImpl.java:lambda$close$4(412)) - 24275692-492e-4f92-b24d-cb5c5113d796@group-B95596296843: shutdown
2021-12-02 01:43:25,890 [Command processor thread] INFO  util.JmxRegister (JmxRegister.java:unregister(73)) - Successfully un-registered JMX Bean with object name Ratis:service=RaftServer,group=group-B95596296843,id=24275692-492e-4f92-b24d-cb5c5113d796
2021-12-02 01:43:25,890 [Command processor thread] INFO  impl.RoleInfo (RoleInfo.java:shutdownLeaderState(91)) - 24275692-492e-4f92-b24d-cb5c5113d796: shutdown 24275692-492e-4f92-b24d-cb5c5113d796@group-B95596296843-LeaderStateImpl
2021-12-02 01:43:25,890 [Command processor thread] INFO  impl.PendingRequests (PendingRequests.java:sendNotLeaderResponses(282)) - 24275692-492e-4f92-b24d-cb5c5113d796@group-B95596296843-PendingRequests: sendNotLeaderResponses
2021-12-02 01:43:25,891 [24275692-492e-4f92-b24d-cb5c5113d796@group-B95596296843-StateMachineUpdater] INFO  ratis.ContainerStateMachine (ContainerStateMachine.java:takeSnapshot(292)) - group-B95596296843: Taking a snapshot at:(t:1, i:0) file /home/runner/work/ozone/ozone/hadoop-ozone/integration-test/target/test-dir/MiniOzoneClusterImpl-93dc72d0-b1bf-46db-be81-fee59e1e35ad/datanode-1/data/ratis/8d1d0e8f-684b-4032-8e88-b95596296843/sm/snapshot.1_0
2021-12-02 01:43:25,891 [Command processor thread] INFO  impl.StateMachineUpdater (StateMachineUpdater.java:stopAndJoin(149)) - 24275692-492e-4f92-b24d-cb5c5113d796@group-B95596296843-StateMachineUpdater: set stopIndex = 0
2021-12-02 01:43:25,891 [24275692-492e-4f92-b24d-cb5c5113d796@group-B95596296843-StateMachineUpdater] INFO  ratis.ContainerStateMachine (ContainerStateMachine.java:takeSnapshot(303)) - group-B95596296843: Finished taking a snapshot at:(t:1, i:0) file:/home/runner/work/ozone/ozone/hadoop-ozone/integration-test/target/test-dir/MiniOzoneClusterImpl-93dc72d0-b1bf-46db-be81-fee59e1e35ad/datanode-1/data/ratis/8d1d0e8f-684b-4032-8e88-b95596296843/sm/snapshot.1_0 took: 0 ms
2021-12-02 01:43:25,892 [24275692-492e-4f92-b24d-cb5c5113d796@group-B95596296843-StateMachineUpdater] INFO  impl.StateMachineUpdater (StateMachineUpdater.java:takeSnapshot(281)) - 24275692-492e-4f92-b24d-cb5c5113d796@group-B95596296843-StateMachineUpdater: Took a snapshot at index 0
2021-12-02 01:43:25,892 [24275692-492e-4f92-b24d-cb5c5113d796@group-B95596296843-StateMachineUpdater] INFO  impl.StateMachineUpdater (StateMachineUpdater.java:lambda$new$0(89)) - 24275692-492e-4f92-b24d-cb5c5113d796@group-B95596296843-StateMachineUpdater: snapshotIndex: updateIncreasingly -1 -> 0
2021-12-02 01:43:25,892 [Command processor thread] INFO  server.RaftServer$Division (ServerState.java:close(419)) - 24275692-492e-4f92-b24d-cb5c5113d796@group-B95596296843: closes. applyIndex: 0
2021-12-02 01:43:25,892 [24275692-492e-4f92-b24d-cb5c5113d796@group-B95596296843-SegmentedRaftLogWorker] INFO  segmented.SegmentedRaftLogWorker (SegmentedRaftLogWorker.java:run(327)) - 24275692-492e-4f92-b24d-cb5c5113d796@group-B95596296843-SegmentedRaftLogWorker was interrupted, exiting. There are 0 tasks remaining in the queue.
2021-12-02 01:43:25,904 [Command processor thread] INFO  segmented.SegmentedRaftLogWorker (SegmentedRaftLogWorker.java:close(237)) - 24275692-492e-4f92-b24d-cb5c5113d796@group-B95596296843-SegmentedRaftLogWorker close()
2021-12-02 01:43:25,930 [Command processor thread] INFO  server.RaftServer$Division (RaftServerImpl.java:groupRemove(382)) - 24275692-492e-4f92-b24d-cb5c5113d796@group-B95596296843: Succeed to remove RaftStorageDirectory Storage Directory /home/runner/work/ozone/ozone/hadoop-ozone/integration-test/target/test-dir/MiniOzoneClusterImpl-93dc72d0-b1bf-46db-be81-fee59e1e35ad/datanode-1/data/ratis/8d1d0e8f-684b-4032-8e88-b95596296843
2021-12-02 01:43:25,931 [Command processor thread] INFO  commandhandler.ClosePipelineCommandHandler (ClosePipelineCommandHandler.java:handle(78)) - Close Pipeline PipelineID=8d1d0e8f-684b-4032-8e88-b95596296843 command on datanode 24275692-492e-4f92-b24d-cb5c5113d796.
2021-12-02 01:43:26,136 [Listener at 127.0.0.1/41183] INFO  ozone.MiniOzoneClusterImpl (MiniOzoneClusterImpl.java:lambda$waitForClusterToBeReady$0(235)) - Nodes are ready. Got 3 of 3 DN Heartbeats.
2021-12-02 01:43:26,136 [Listener at 127.0.0.1/41183] INFO  ozone.MiniOzoneClusterImpl (MiniOzoneClusterImpl.java:lambda$waitForClusterToBeReady$0(238)) - Waiting for cluster to exit safe mode
2021-12-02 01:43:26,136 [Listener at 127.0.0.1/41183] INFO  ozone.MiniOzoneClusterImpl (MiniOzoneClusterImpl.java:lambda$waitForClusterToBeReady$0(240)) - SCM became leader
2021-12-02 01:43:26,315 [IPC Server handler 7 on default port 45659] WARN  node.SCMNodeManager (SCMNodeManager.java:processLayoutVersionReport(598)) - Data node fv-az122-438.zf1tlrj3kn4expqppa1j4mpycf.xx.internal.cloudapp.net can not be used in any pipeline in the cluster. DataNode MetadataLayoutVersion = 0, SCM MetadataLayoutVersion = 2
2021-12-02 01:43:26,316 [EventQueue-PipelineReportForPipelineReportHandler] INFO  pipeline.PipelineReportHandler (PipelineReportHandler.java:processPipelineReport(113)) - Reported pipeline PipelineID=117ca088-58ed-4f34-8b57-bbd823968526 is not found
2021-12-02 01:43:26,316 [EventQueue-PipelineReportForPipelineReportHandler] INFO  pipeline.PipelineReportHandler (PipelineReportHandler.java:processPipelineReport(113)) - Reported pipeline PipelineID=655fb833-67d6-43d0-be3d-fd7fed179681 is not found
2021-12-02 01:43:26,350 [Command processor thread] INFO  server.RaftServer (RaftServerProxy.java:remove(106)) - 7e03f375-d49a-42ab-b7b9-c2f67bc739a3: remove  FOLLOWER 7e03f375-d49a-42ab-b7b9-c2f67bc739a3@group-BBD823968526:t5, leader=e0d25c1b-b502-41c3-a142-f82b5e97ff03, voted=e0d25c1b-b502-41c3-a142-f82b5e97ff03, raftlog=7e03f375-d49a-42ab-b7b9-c2f67bc739a3@group-BBD823968526-SegmentedRaftLog:OPENED:c9, conf=0: [e0d25c1b-b502-41c3-a142-f82b5e97ff03|rpc:10.1.0.43:41039|dataStream:|priority:1, 7e03f375-d49a-42ab-b7b9-c2f67bc739a3|rpc:10.1.0.43:37893|dataStream:|priority:0, 24275692-492e-4f92-b24d-cb5c5113d796|rpc:10.1.0.43:43787|dataStream:|priority:0], old=null RUNNING
2021-12-02 01:43:26,350 [Command processor thread] INFO  server.RaftServer$Division (RaftServerImpl.java:lambda$close$4(412)) - 7e03f375-d49a-42ab-b7b9-c2f67bc739a3@group-BBD823968526: shutdown
2021-12-02 01:43:26,350 [Command processor thread] INFO  util.JmxRegister (JmxRegister.java:unregister(73)) - Successfully un-registered JMX Bean with object name Ratis:service=RaftServer,group=group-BBD823968526,id=7e03f375-d49a-42ab-b7b9-c2f67bc739a3
2021-12-02 01:43:26,350 [Command processor thread] INFO  impl.RoleInfo (RoleInfo.java:shutdownFollowerState(108)) - 7e03f375-d49a-42ab-b7b9-c2f67bc739a3: shutdown 7e03f375-d49a-42ab-b7b9-c2f67bc739a3@group-BBD823968526-FollowerState
2021-12-02 01:43:26,350 [Command processor thread] INFO  impl.StateMachineUpdater (StateMachineUpdater.java:stopAndJoin(149)) - 7e03f375-d49a-42ab-b7b9-c2f67bc739a3@group-BBD823968526-StateMachineUpdater: set stopIndex = 9
2021-12-02 01:43:26,352 [7e03f375-d49a-42ab-b7b9-c2f67bc739a3@group-BBD823968526-FollowerState] INFO  impl.FollowerState (FollowerState.java:run(143)) - 7e03f375-d49a-42ab-b7b9-c2f67bc739a3@group-BBD823968526-FollowerState was interrupted: {}
java.lang.InterruptedException: sleep interrupted
	at java.lang.Thread.sleep(Native Method)
	at java.lang.Thread.sleep(Thread.java:340)
	at java.util.concurrent.TimeUnit.sleep(TimeUnit.java:386)
	at org.apache.ratis.util.TimeDuration.sleep(TimeDuration.java:324)
	at org.apache.ratis.util.TimeDuration.sleep(TimeDuration.java:309)
	at org.apache.ratis.server.impl.FollowerState.run(FollowerState.java:118)
2021-12-02 01:43:26,353 [7e03f375-d49a-42ab-b7b9-c2f67bc739a3@group-BBD823968526-StateMachineUpdater] INFO  ratis.ContainerStateMachine (ContainerStateMachine.java:takeSnapshot(292)) - group-BBD823968526: Taking a snapshot at:(t:5, i:9) file /home/runner/work/ozone/ozone/hadoop-ozone/integration-test/target/test-dir/MiniOzoneClusterImpl-93dc72d0-b1bf-46db-be81-fee59e1e35ad/datanode-0/data/ratis/117ca088-58ed-4f34-8b57-bbd823968526/sm/snapshot.5_9
2021-12-02 01:43:26,353 [IPC Server handler 8 on default port 45659] WARN  node.SCMNodeManager (SCMNodeManager.java:processLayoutVersionReport(598)) - Data node fv-az122-438.zf1tlrj3kn4expqppa1j4mpycf.xx.internal.cloudapp.net can not be used in any pipeline in the cluster. DataNode MetadataLayoutVersion = 0, SCM MetadataLayoutVersion = 2
2021-12-02 01:43:26,358 [7e03f375-d49a-42ab-b7b9-c2f67bc739a3@group-BBD823968526-StateMachineUpdater] INFO  ratis.ContainerStateMachine (ContainerStateMachine.java:takeSnapshot(303)) - group-BBD823968526: Finished taking a snapshot at:(t:5, i:9) file:/home/runner/work/ozone/ozone/hadoop-ozone/integration-test/target/test-dir/MiniOzoneClusterImpl-93dc72d0-b1bf-46db-be81-fee59e1e35ad/datanode-0/data/ratis/117ca088-58ed-4f34-8b57-bbd823968526/sm/snapshot.5_9 took: 5 ms
2021-12-02 01:43:26,358 [7e03f375-d49a-42ab-b7b9-c2f67bc739a3@group-BBD823968526-StateMachineUpdater] INFO  impl.StateMachineUpdater (StateMachineUpdater.java:takeSnapshot(281)) - 7e03f375-d49a-42ab-b7b9-c2f67bc739a3@group-BBD823968526-StateMachineUpdater: Took a snapshot at index 9
2021-12-02 01:43:26,358 [7e03f375-d49a-42ab-b7b9-c2f67bc739a3@group-BBD823968526-StateMachineUpdater] INFO  impl.StateMachineUpdater (StateMachineUpdater.java:lambda$new$0(89)) - 7e03f375-d49a-42ab-b7b9-c2f67bc739a3@group-BBD823968526-StateMachineUpdater: snapshotIndex: updateIncreasingly -1 -> 9
2021-12-02 01:43:26,361 [Command processor thread] INFO  server.RaftServer$Division (ServerState.java:close(419)) - 7e03f375-d49a-42ab-b7b9-c2f67bc739a3@group-BBD823968526: closes. applyIndex: 9
2021-12-02 01:43:26,361 [7e03f375-d49a-42ab-b7b9-c2f67bc739a3@group-BBD823968526-SegmentedRaftLogWorker] INFO  segmented.SegmentedRaftLogWorker (SegmentedRaftLogWorker.java:run(327)) - 7e03f375-d49a-42ab-b7b9-c2f67bc739a3@group-BBD823968526-SegmentedRaftLogWorker was interrupted, exiting. There are 0 tasks remaining in the queue.
2021-12-02 01:43:26,362 [Command processor thread] INFO  segmented.SegmentedRaftLogWorker (SegmentedRaftLogWorker.java:close(237)) - 7e03f375-d49a-42ab-b7b9-c2f67bc739a3@group-BBD823968526-SegmentedRaftLogWorker close()
2021-12-02 01:43:26,362 [Command processor thread] INFO  server.RaftServer$Division (RaftServerImpl.java:groupRemove(382)) - 7e03f375-d49a-42ab-b7b9-c2f67bc739a3@group-BBD823968526: Succeed to remove RaftStorageDirectory Storage Directory /home/runner/work/ozone/ozone/hadoop-ozone/integration-test/target/test-dir/MiniOzoneClusterImpl-93dc72d0-b1bf-46db-be81-fee59e1e35ad/datanode-0/data/ratis/117ca088-58ed-4f34-8b57-bbd823968526
2021-12-02 01:43:26,362 [Command processor thread] INFO  commandhandler.ClosePipelineCommandHandler (ClosePipelineCommandHandler.java:handle(78)) - Close Pipeline PipelineID=117ca088-58ed-4f34-8b57-bbd823968526 command on datanode 7e03f375-d49a-42ab-b7b9-c2f67bc739a3.
2021-12-02 01:43:26,362 [Command processor thread] INFO  server.RaftServer (RaftServerProxy.java:remove(106)) - 7e03f375-d49a-42ab-b7b9-c2f67bc739a3: remove    LEADER 7e03f375-d49a-42ab-b7b9-c2f67bc739a3@group-4C090D3093FA:t1, leader=7e03f375-d49a-42ab-b7b9-c2f67bc739a3, voted=7e03f375-d49a-42ab-b7b9-c2f67bc739a3, raftlog=7e03f375-d49a-42ab-b7b9-c2f67bc739a3@group-4C090D3093FA-SegmentedRaftLog:OPENED:c0, conf=0: [7e03f375-d49a-42ab-b7b9-c2f67bc739a3|rpc:10.1.0.43:37893|dataStream:|priority:1], old=null RUNNING
2021-12-02 01:43:26,362 [Command processor thread] INFO  server.RaftServer$Division (RaftServerImpl.java:lambda$close$4(412)) - 7e03f375-d49a-42ab-b7b9-c2f67bc739a3@group-4C090D3093FA: shutdown
2021-12-02 01:43:26,362 [Command processor thread] INFO  util.JmxRegister (JmxRegister.java:unregister(73)) - Successfully un-registered JMX Bean with object name Ratis:service=RaftServer,group=group-4C090D3093FA,id=7e03f375-d49a-42ab-b7b9-c2f67bc739a3
2021-12-02 01:43:26,363 [Command processor thread] INFO  impl.RoleInfo (RoleInfo.java:shutdownLeaderState(91)) - 7e03f375-d49a-42ab-b7b9-c2f67bc739a3: shutdown 7e03f375-d49a-42ab-b7b9-c2f67bc739a3@group-4C090D3093FA-LeaderStateImpl
2021-12-02 01:43:26,363 [Command processor thread] INFO  impl.PendingRequests (PendingRequests.java:sendNotLeaderResponses(282)) - 7e03f375-d49a-42ab-b7b9-c2f67bc739a3@group-4C090D3093FA-PendingRequests: sendNotLeaderResponses
2021-12-02 01:43:26,363 [Command processor thread] INFO  impl.StateMachineUpdater (StateMachineUpdater.java:stopAndJoin(149)) - 7e03f375-d49a-42ab-b7b9-c2f67bc739a3@group-4C090D3093FA-StateMachineUpdater: set stopIndex = 0
2021-12-02 01:43:26,363 [7e03f375-d49a-42ab-b7b9-c2f67bc739a3@group-4C090D3093FA-StateMachineUpdater] INFO  ratis.ContainerStateMachine (ContainerStateMachine.java:takeSnapshot(292)) - group-4C090D3093FA: Taking a snapshot at:(t:1, i:0) file /home/runner/work/ozone/ozone/hadoop-ozone/integration-test/target/test-dir/MiniOzoneClusterImpl-93dc72d0-b1bf-46db-be81-fee59e1e35ad/datanode-0/data/ratis/b8a2d33a-2d14-4eb2-829e-4c090d3093fa/sm/snapshot.1_0
2021-12-02 01:43:26,365 [7e03f375-d49a-42ab-b7b9-c2f67bc739a3@group-4C090D3093FA-StateMachineUpdater] INFO  ratis.ContainerStateMachine (ContainerStateMachine.java:takeSnapshot(303)) - group-4C090D3093FA: Finished taking a snapshot at:(t:1, i:0) file:/home/runner/work/ozone/ozone/hadoop-ozone/integration-test/target/test-dir/MiniOzoneClusterImpl-93dc72d0-b1bf-46db-be81-fee59e1e35ad/datanode-0/data/ratis/b8a2d33a-2d14-4eb2-829e-4c090d3093fa/sm/snapshot.1_0 took: 2 ms
2021-12-02 01:43:26,365 [7e03f375-d49a-42ab-b7b9-c2f67bc739a3@group-4C090D3093FA-StateMachineUpdater] INFO  impl.StateMachineUpdater (StateMachineUpdater.java:takeSnapshot(281)) - 7e03f375-d49a-42ab-b7b9-c2f67bc739a3@group-4C090D3093FA-StateMachineUpdater: Took a snapshot at index 0
2021-12-02 01:43:26,368 [7e03f375-d49a-42ab-b7b9-c2f67bc739a3@group-4C090D3093FA-StateMachineUpdater] INFO  impl.StateMachineUpdater (StateMachineUpdater.java:lambda$new$0(89)) - 7e03f375-d49a-42ab-b7b9-c2f67bc739a3@group-4C090D3093FA-StateMachineUpdater: snapshotIndex: updateIncreasingly -1 -> 0
2021-12-02 01:43:26,369 [Command processor thread] INFO  server.RaftServer$Division (ServerState.java:close(419)) - 7e03f375-d49a-42ab-b7b9-c2f67bc739a3@group-4C090D3093FA: closes. applyIndex: 0
2021-12-02 01:43:26,369 [7e03f375-d49a-42ab-b7b9-c2f67bc739a3@group-4C090D3093FA-SegmentedRaftLogWorker] INFO  segmented.SegmentedRaftLogWorker (SegmentedRaftLogWorker.java:run(327)) - 7e03f375-d49a-42ab-b7b9-c2f67bc739a3@group-4C090D3093FA-SegmentedRaftLogWorker was interrupted, exiting. There are 0 tasks remaining in the queue.
2021-12-02 01:43:26,369 [Command processor thread] INFO  segmented.SegmentedRaftLogWorker (SegmentedRaftLogWorker.java:close(237)) - 7e03f375-d49a-42ab-b7b9-c2f67bc739a3@group-4C090D3093FA-SegmentedRaftLogWorker close()
2021-12-02 01:43:26,376 [Command processor thread] INFO  server.RaftServer$Division (RaftServerImpl.java:groupRemove(382)) - 7e03f375-d49a-42ab-b7b9-c2f67bc739a3@group-4C090D3093FA: Succeed to remove RaftStorageDirectory Storage Directory /home/runner/work/ozone/ozone/hadoop-ozone/integration-test/target/test-dir/MiniOzoneClusterImpl-93dc72d0-b1bf-46db-be81-fee59e1e35ad/datanode-0/data/ratis/b8a2d33a-2d14-4eb2-829e-4c090d3093fa
2021-12-02 01:43:26,381 [Command processor thread] INFO  commandhandler.ClosePipelineCommandHandler (ClosePipelineCommandHandler.java:handle(78)) - Close Pipeline PipelineID=b8a2d33a-2d14-4eb2-829e-4c090d3093fa command on datanode 7e03f375-d49a-42ab-b7b9-c2f67bc739a3.
2021-12-02 01:43:26,381 [Command processor thread] INFO  commandhandler.FinalizeNewLayoutVersionCommandHandler (FinalizeNewLayoutVersionCommandHandler.java:handle(64)) - Processing FinalizeNewLayoutVersionCommandHandler command.
2021-12-02 01:43:26,381 [Command processor thread] INFO  commandhandler.FinalizeNewLayoutVersionCommandHandler (FinalizeNewLayoutVersionCommandHandler.java:handle(77)) - Finalize Upgrade called!
2021-12-02 01:43:26,381 [Command processor thread] INFO  upgrade.UpgradeFinalizer (BasicUpgradeFinalizer.java:logAndEmit(342)) - Finalization started.
2021-12-02 01:43:26,381 [Command processor thread] INFO  upgrade.DatanodeSchemaV2FinalizeAction (DatanodeSchemaV2FinalizeAction.java:execute(44)) - Executing datanode 'onFinalize' action for the first version with upgrade support. New containers will be created with Schema Version 2 henceforth.
2021-12-02 01:43:26,384 [Command processor thread] INFO  upgrade.ScmHAFinalizeUpgradeActionDatanode (ScmHAFinalizeUpgradeActionDatanode.java:execute(52)) - Upgrading Datanode volume layout for SCM HA support.
2021-12-02 01:43:26,385 [Command processor thread] INFO  upgrade.ScmHAFinalizeUpgradeActionDatanode (ScmHAFinalizeUpgradeActionDatanode.java:upgradeVolume(122)) - Volume already contains cluster ID directory /home/runner/work/ozone/ozone/hadoop-ozone/integration-test/target/test-dir/MiniOzoneClusterImpl-93dc72d0-b1bf-46db-be81-fee59e1e35ad/datanode-0/data-0/containers/hdds/93dc72d0-b1bf-46db-be81-fee59e1e35ad. No action required for SCM HA finalization.
2021-12-02 01:43:26,386 [Command processor thread] INFO  upgrade.UpgradeFinalizer (BasicUpgradeFinalizer.java:logAndEmit(342)) - Finalization is done.
2021-12-02 01:43:26,694 [EventQueue-HealthyReadonlyToHealthyNodeForReadOnlyHealthyToHealthyNodeHandler] INFO  node.ReadOnlyHealthyToHealthyNodeHandler (ReadOnlyHealthyToHealthyNodeHandler.java:onMessage(51)) - Datanode 24275692-492e-4f92-b24d-cb5c5113d796{ip: 10.1.0.43, host: fv-az122-438.zf1tlrj3kn4expqppa1j4mpycf.xx.internal.cloudapp.net, ports: [REPLICATION=41531, RATIS=43787, RATIS_ADMIN=43787, RATIS_SERVER=43787, STANDALONE=33163], networkLocation: /default-rack, certSerialId: null, persistedOpState: IN_SERVICE, persistedOpStateExpiryEpochSec: 0} moved to HEALTHY state.
2021-12-02 01:43:26,694 [EventQueue-HealthyReadonlyToHealthyNodeForReadOnlyHealthyToHealthyNodeHandler] INFO  pipeline.BackgroundPipelineCreator (BackgroundPipelineCreator.java:notifyEventTriggered(285)) - trigger a one-shot run on RatisPipelineUtilsThread.
2021-12-02 01:43:26,695 [RatisPipelineUtilsThread - 0] INFO  pipeline.RatisPipelineProvider (RatisPipelineProvider.java:lambda$create$0(183)) - Sending CreatePipelineCommand for pipeline:PipelineID=efd79cd6-3043-497f-a667-e5d7f5f5efce to datanode:24275692-492e-4f92-b24d-cb5c5113d796
2021-12-02 01:43:26,695 [RatisPipelineUtilsThread - 0] INFO  pipeline.PipelineStateManagerImpl (PipelineStateManagerImpl.java:addPipeline(101)) - Created pipeline Pipeline[ Id: efd79cd6-3043-497f-a667-e5d7f5f5efce, Nodes: 24275692-492e-4f92-b24d-cb5c5113d796{ip: 10.1.0.43, host: fv-az122-438.zf1tlrj3kn4expqppa1j4mpycf.xx.internal.cloudapp.net, ports: [REPLICATION=41531, RATIS=43787, RATIS_ADMIN=43787, RATIS_SERVER=43787, STANDALONE=33163], networkLocation: /default-rack, certSerialId: null, persistedOpState: IN_SERVICE, persistedOpStateExpiryEpochSec: 0}, ReplicationConfig: RATIS/ONE, State:ALLOCATED, leaderId:, CreationTimestamp2021-12-02T01:43:26.695Z[Etc/UTC]].
2021-12-02 01:43:26,695 [RatisPipelineUtilsThread - 0] ERROR scm.SCMCommonPlacementPolicy (SCMCommonPlacementPolicy.java:filterNodesWithSpace(171)) - Unable to find enough nodes that meet the space requirement of 1073741824 bytes for metadata and 5368709120 bytes for data in healthy node set. Required 3. Found 1.
2021-12-02 01:43:26,814 [Command processor thread] INFO  server.RaftServer (RaftServerProxy.java:remove(106)) - e0d25c1b-b502-41c3-a142-f82b5e97ff03: remove    LEADER e0d25c1b-b502-41c3-a142-f82b5e97ff03@group-BBD823968526:t5, leader=e0d25c1b-b502-41c3-a142-f82b5e97ff03, voted=e0d25c1b-b502-41c3-a142-f82b5e97ff03, raftlog=e0d25c1b-b502-41c3-a142-f82b5e97ff03@group-BBD823968526-SegmentedRaftLog:OPENED:c9, conf=0: [e0d25c1b-b502-41c3-a142-f82b5e97ff03|rpc:10.1.0.43:41039|dataStream:|priority:1, 7e03f375-d49a-42ab-b7b9-c2f67bc739a3|rpc:10.1.0.43:37893|dataStream:|priority:0, 24275692-492e-4f92-b24d-cb5c5113d796|rpc:10.1.0.43:43787|dataStream:|priority:0], old=null RUNNING
2021-12-02 01:43:26,814 [Command processor thread] INFO  server.RaftServer$Division (RaftServerImpl.java:lambda$close$4(412)) - e0d25c1b-b502-41c3-a142-f82b5e97ff03@group-BBD823968526: shutdown
2021-12-02 01:43:26,814 [Command processor thread] INFO  util.JmxRegister (JmxRegister.java:unregister(73)) - Successfully un-registered JMX Bean with object name Ratis:service=RaftServer,group=group-BBD823968526,id=e0d25c1b-b502-41c3-a142-f82b5e97ff03
2021-12-02 01:43:26,814 [Command processor thread] INFO  impl.RoleInfo (RoleInfo.java:shutdownLeaderState(91)) - e0d25c1b-b502-41c3-a142-f82b5e97ff03: shutdown e0d25c1b-b502-41c3-a142-f82b5e97ff03@group-BBD823968526-LeaderStateImpl
2021-12-02 01:43:26,814 [IPC Server handler 12 on default port 45659] WARN  node.SCMNodeManager (SCMNodeManager.java:processLayoutVersionReport(598)) - Data node fv-az122-438.zf1tlrj3kn4expqppa1j4mpycf.xx.internal.cloudapp.net can not be used in any pipeline in the cluster. DataNode MetadataLayoutVersion = 0, SCM MetadataLayoutVersion = 2
2021-12-02 01:43:26,814 [Command processor thread] INFO  impl.PendingRequests (PendingRequests.java:sendNotLeaderResponses(282)) - e0d25c1b-b502-41c3-a142-f82b5e97ff03@group-BBD823968526-PendingRequests: sendNotLeaderResponses
2021-12-02 01:43:26,814 [e0d25c1b-b502-41c3-a142-f82b5e97ff03@group-BBD823968526->24275692-492e-4f92-b24d-cb5c5113d796-GrpcLogAppender-LogAppenderDaemon] WARN  server.GrpcLogAppender (GrpcLogAppender.java:mayWait(177)) - e0d25c1b-b502-41c3-a142-f82b5e97ff03@group-BBD823968526->24275692-492e-4f92-b24d-cb5c5113d796-GrpcLogAppender: Wait interrupted by java.lang.InterruptedException
2021-12-02 01:43:26,853 [e0d25c1b-b502-41c3-a142-f82b5e97ff03@group-BBD823968526->7e03f375-d49a-42ab-b7b9-c2f67bc739a3-GrpcLogAppender-LogAppenderDaemon] WARN  server.GrpcLogAppender (GrpcLogAppender.java:mayWait(177)) - e0d25c1b-b502-41c3-a142-f82b5e97ff03@group-BBD823968526->7e03f375-d49a-42ab-b7b9-c2f67bc739a3-GrpcLogAppender: Wait interrupted by java.lang.InterruptedException
2021-12-02 01:43:26,822 [e0d25c1b-b502-41c3-a142-f82b5e97ff03@group-BBD823968526-StateMachineUpdater] INFO  ratis.ContainerStateMachine (ContainerStateMachine.java:takeSnapshot(292)) - group-BBD823968526: Taking a snapshot at:(t:5, i:9) file /home/runner/work/ozone/ozone/hadoop-ozone/integration-test/target/test-dir/MiniOzoneClusterImpl-93dc72d0-b1bf-46db-be81-fee59e1e35ad/datanode-2/data/ratis/117ca088-58ed-4f34-8b57-bbd823968526/sm/snapshot.5_9
2021-12-02 01:43:26,864 [grpc-default-executor-0] INFO  server.GrpcServerProtocolService (GrpcServerProtocolService.java:onCompleted(140)) - 24275692-492e-4f92-b24d-cb5c5113d796: Completed APPEND_ENTRIES, lastRequest: e0d25c1b-b502-41c3-a142-f82b5e97ff03->24275692-492e-4f92-b24d-cb5c5113d796#235-t5,previous=(t:5, i:8),leaderCommit=8,initializing? true,entries: size=1, first=(t:5, i:9), METADATAENTRY(c:8)
2021-12-02 01:43:26,818 [Command processor thread] INFO  impl.StateMachineUpdater (StateMachineUpdater.java:stopAndJoin(149)) - e0d25c1b-b502-41c3-a142-f82b5e97ff03@group-BBD823968526-StateMachineUpdater: set stopIndex = 9
2021-12-02 01:43:26,865 [grpc-default-executor-1] INFO  server.GrpcServerProtocolService (GrpcServerProtocolService.java:onCompleted(140)) - 7e03f375-d49a-42ab-b7b9-c2f67bc739a3: Completed APPEND_ENTRIES, lastRequest: e0d25c1b-b502-41c3-a142-f82b5e97ff03->7e03f375-d49a-42ab-b7b9-c2f67bc739a3#231-t5,previous=(t:5, i:8),leaderCommit=8,initializing? true,entries: size=1, first=(t:5, i:9), METADATAENTRY(c:8)
2021-12-02 01:43:26,865 [grpc-default-executor-5] INFO  server.GrpcLogAppender (GrpcLogAppender.java:onCompleted(346)) - e0d25c1b-b502-41c3-a142-f82b5e97ff03@group-BBD823968526->7e03f375-d49a-42ab-b7b9-c2f67bc739a3-AppendLogResponseHandler: follower responses appendEntries COMPLETED
2021-12-02 01:43:26,866 [grpc-default-executor-5] INFO  leader.FollowerInfo (FollowerInfoImpl.java:lambda$new$0(47)) - e0d25c1b-b502-41c3-a142-f82b5e97ff03@group-BBD823968526->7e03f375-d49a-42ab-b7b9-c2f67bc739a3: nextIndex: updateUnconditionally 10 -> 9
2021-12-02 01:43:26,866 [grpc-default-executor-5] INFO  server.GrpcLogAppender (GrpcLogAppender.java:onCompleted(346)) - e0d25c1b-b502-41c3-a142-f82b5e97ff03@group-BBD823968526->24275692-492e-4f92-b24d-cb5c5113d796-AppendLogResponseHandler: follower responses appendEntries COMPLETED
2021-12-02 01:43:26,866 [grpc-default-executor-5] INFO  leader.FollowerInfo (FollowerInfoImpl.java:lambda$new$0(47)) - e0d25c1b-b502-41c3-a142-f82b5e97ff03@group-BBD823968526->24275692-492e-4f92-b24d-cb5c5113d796: nextIndex: updateUnconditionally 10 -> 9
2021-12-02 01:43:26,866 [e0d25c1b-b502-41c3-a142-f82b5e97ff03@group-BBD823968526-StateMachineUpdater] INFO  ratis.ContainerStateMachine (ContainerStateMachine.java:takeSnapshot(303)) - group-BBD823968526: Finished taking a snapshot at:(t:5, i:9) file:/home/runner/work/ozone/ozone/hadoop-ozone/integration-test/target/test-dir/MiniOzoneClusterImpl-93dc72d0-b1bf-46db-be81-fee59e1e35ad/datanode-2/data/ratis/117ca088-58ed-4f34-8b57-bbd823968526/sm/snapshot.5_9 took: 44 ms
2021-12-02 01:43:26,867 [e0d25c1b-b502-41c3-a142-f82b5e97ff03@group-BBD823968526-StateMachineUpdater] INFO  impl.StateMachineUpdater (StateMachineUpdater.java:takeSnapshot(281)) - e0d25c1b-b502-41c3-a142-f82b5e97ff03@group-BBD823968526-StateMachineUpdater: Took a snapshot at index 9
2021-12-02 01:43:26,867 [e0d25c1b-b502-41c3-a142-f82b5e97ff03@group-BBD823968526-StateMachineUpdater] INFO  impl.StateMachineUpdater (StateMachineUpdater.java:lambda$new$0(89)) - e0d25c1b-b502-41c3-a142-f82b5e97ff03@group-BBD823968526-StateMachineUpdater: snapshotIndex: updateIncreasingly -1 -> 9
2021-12-02 01:43:26,867 [Command processor thread] INFO  server.RaftServer$Division (ServerState.java:close(419)) - e0d25c1b-b502-41c3-a142-f82b5e97ff03@group-BBD823968526: closes. applyIndex: 9
2021-12-02 01:43:26,868 [e0d25c1b-b502-41c3-a142-f82b5e97ff03@group-BBD823968526-SegmentedRaftLogWorker] INFO  segmented.SegmentedRaftLogWorker (SegmentedRaftLogWorker.java:run(327)) - e0d25c1b-b502-41c3-a142-f82b5e97ff03@group-BBD823968526-SegmentedRaftLogWorker was interrupted, exiting. There are 0 tasks remaining in the queue.
2021-12-02 01:43:26,868 [Command processor thread] INFO  segmented.SegmentedRaftLogWorker (SegmentedRaftLogWorker.java:close(237)) - e0d25c1b-b502-41c3-a142-f82b5e97ff03@group-BBD823968526-SegmentedRaftLogWorker close()
2021-12-02 01:43:26,868 [Command processor thread] INFO  server.RaftServer$Division (RaftServerImpl.java:groupRemove(382)) - e0d25c1b-b502-41c3-a142-f82b5e97ff03@group-BBD823968526: Succeed to remove RaftStorageDirectory Storage Directory /home/runner/work/ozone/ozone/hadoop-ozone/integration-test/target/test-dir/MiniOzoneClusterImpl-93dc72d0-b1bf-46db-be81-fee59e1e35ad/datanode-2/data/ratis/117ca088-58ed-4f34-8b57-bbd823968526
2021-12-02 01:43:26,869 [Command processor thread] INFO  commandhandler.ClosePipelineCommandHandler (ClosePipelineCommandHandler.java:handle(78)) - Close Pipeline PipelineID=117ca088-58ed-4f34-8b57-bbd823968526 command on datanode e0d25c1b-b502-41c3-a142-f82b5e97ff03.
2021-12-02 01:43:26,869 [Command processor thread] INFO  server.RaftServer (RaftServerProxy.java:remove(106)) - e0d25c1b-b502-41c3-a142-f82b5e97ff03: remove    LEADER e0d25c1b-b502-41c3-a142-f82b5e97ff03@group-FD7FED179681:t1, leader=e0d25c1b-b502-41c3-a142-f82b5e97ff03, voted=e0d25c1b-b502-41c3-a142-f82b5e97ff03, raftlog=e0d25c1b-b502-41c3-a142-f82b5e97ff03@group-FD7FED179681-SegmentedRaftLog:OPENED:c0, conf=0: [e0d25c1b-b502-41c3-a142-f82b5e97ff03|rpc:10.1.0.43:41039|dataStream:|priority:1], old=null RUNNING
2021-12-02 01:43:26,869 [Command processor thread] INFO  server.RaftServer$Division (RaftServerImpl.java:lambda$close$4(412)) - e0d25c1b-b502-41c3-a142-f82b5e97ff03@group-FD7FED179681: shutdown
2021-12-02 01:43:26,869 [Command processor thread] INFO  util.JmxRegister (JmxRegister.java:unregister(73)) - Successfully un-registered JMX Bean with object name Ratis:service=RaftServer,group=group-FD7FED179681,id=e0d25c1b-b502-41c3-a142-f82b5e97ff03
2021-12-02 01:43:26,869 [Command processor thread] INFO  impl.RoleInfo (RoleInfo.java:shutdownLeaderState(91)) - e0d25c1b-b502-41c3-a142-f82b5e97ff03: shutdown e0d25c1b-b502-41c3-a142-f82b5e97ff03@group-FD7FED179681-LeaderStateImpl
2021-12-02 01:43:26,869 [Command processor thread] INFO  impl.PendingRequests (PendingRequests.java:sendNotLeaderResponses(282)) - e0d25c1b-b502-41c3-a142-f82b5e97ff03@group-FD7FED179681-PendingRequests: sendNotLeaderResponses
2021-12-02 01:43:26,870 [Command processor thread] INFO  impl.StateMachineUpdater (StateMachineUpdater.java:stopAndJoin(149)) - e0d25c1b-b502-41c3-a142-f82b5e97ff03@group-FD7FED179681-StateMachineUpdater: set stopIndex = 0
2021-12-02 01:43:26,870 [e0d25c1b-b502-41c3-a142-f82b5e97ff03@group-FD7FED179681-StateMachineUpdater] INFO  ratis.ContainerStateMachine (ContainerStateMachine.java:takeSnapshot(292)) - group-FD7FED179681: Taking a snapshot at:(t:1, i:0) file /home/runner/work/ozone/ozone/hadoop-ozone/integration-test/target/test-dir/MiniOzoneClusterImpl-93dc72d0-b1bf-46db-be81-fee59e1e35ad/datanode-2/data/ratis/655fb833-67d6-43d0-be3d-fd7fed179681/sm/snapshot.1_0
2021-12-02 01:43:26,871 [e0d25c1b-b502-41c3-a142-f82b5e97ff03@group-FD7FED179681-StateMachineUpdater] INFO  ratis.ContainerStateMachine (ContainerStateMachine.java:takeSnapshot(303)) - group-FD7FED179681: Finished taking a snapshot at:(t:1, i:0) file:/home/runner/work/ozone/ozone/hadoop-ozone/integration-test/target/test-dir/MiniOzoneClusterImpl-93dc72d0-b1bf-46db-be81-fee59e1e35ad/datanode-2/data/ratis/655fb833-67d6-43d0-be3d-fd7fed179681/sm/snapshot.1_0 took: 0 ms
2021-12-02 01:43:26,871 [e0d25c1b-b502-41c3-a142-f82b5e97ff03@group-FD7FED179681-StateMachineUpdater] INFO  impl.StateMachineUpdater (StateMachineUpdater.java:takeSnapshot(281)) - e0d25c1b-b502-41c3-a142-f82b5e97ff03@group-FD7FED179681-StateMachineUpdater: Took a snapshot at index 0
2021-12-02 01:43:26,871 [e0d25c1b-b502-41c3-a142-f82b5e97ff03@group-FD7FED179681-StateMachineUpdater] INFO  impl.StateMachineUpdater (StateMachineUpdater.java:lambda$new$0(89)) - e0d25c1b-b502-41c3-a142-f82b5e97ff03@group-FD7FED179681-StateMachineUpdater: snapshotIndex: updateIncreasingly -1 -> 0
2021-12-02 01:43:26,871 [Command processor thread] INFO  server.RaftServer$Division (ServerState.java:close(419)) - e0d25c1b-b502-41c3-a142-f82b5e97ff03@group-FD7FED179681: closes. applyIndex: 0
2021-12-02 01:43:26,871 [e0d25c1b-b502-41c3-a142-f82b5e97ff03@group-FD7FED179681-SegmentedRaftLogWorker] INFO  segmented.SegmentedRaftLogWorker (SegmentedRaftLogWorker.java:run(327)) - e0d25c1b-b502-41c3-a142-f82b5e97ff03@group-FD7FED179681-SegmentedRaftLogWorker was interrupted, exiting. There are 0 tasks remaining in the queue.
2021-12-02 01:43:26,872 [Command processor thread] INFO  segmented.SegmentedRaftLogWorker (SegmentedRaftLogWorker.java:close(237)) - e0d25c1b-b502-41c3-a142-f82b5e97ff03@group-FD7FED179681-SegmentedRaftLogWorker close()
2021-12-02 01:43:26,873 [Command processor thread] INFO  server.RaftServer$Division (RaftServerImpl.java:groupRemove(382)) - e0d25c1b-b502-41c3-a142-f82b5e97ff03@group-FD7FED179681: Succeed to remove RaftStorageDirectory Storage Directory /home/runner/work/ozone/ozone/hadoop-ozone/integration-test/target/test-dir/MiniOzoneClusterImpl-93dc72d0-b1bf-46db-be81-fee59e1e35ad/datanode-2/data/ratis/655fb833-67d6-43d0-be3d-fd7fed179681
2021-12-02 01:43:26,873 [Command processor thread] INFO  commandhandler.ClosePipelineCommandHandler (ClosePipelineCommandHandler.java:handle(78)) - Close Pipeline PipelineID=655fb833-67d6-43d0-be3d-fd7fed179681 command on datanode e0d25c1b-b502-41c3-a142-f82b5e97ff03.
2021-12-02 01:43:26,873 [Command processor thread] INFO  commandhandler.FinalizeNewLayoutVersionCommandHandler (FinalizeNewLayoutVersionCommandHandler.java:handle(64)) - Processing FinalizeNewLayoutVersionCommandHandler command.
2021-12-02 01:43:26,873 [Command processor thread] INFO  commandhandler.FinalizeNewLayoutVersionCommandHandler (FinalizeNewLayoutVersionCommandHandler.java:handle(77)) - Finalize Upgrade called!
2021-12-02 01:43:26,873 [Command processor thread] INFO  upgrade.UpgradeFinalizer (BasicUpgradeFinalizer.java:logAndEmit(342)) - Finalization started.
2021-12-02 01:43:26,873 [Command processor thread] INFO  upgrade.DatanodeSchemaV2FinalizeAction (DatanodeSchemaV2FinalizeAction.java:execute(44)) - Executing datanode 'onFinalize' action for the first version with upgrade support. New containers will be created with Schema Version 2 henceforth.
2021-12-02 01:43:26,877 [Command processor thread] INFO  upgrade.ScmHAFinalizeUpgradeActionDatanode (ScmHAFinalizeUpgradeActionDatanode.java:execute(52)) - Upgrading Datanode volume layout for SCM HA support.
2021-12-02 01:43:26,878 [Command processor thread] INFO  upgrade.ScmHAFinalizeUpgradeActionDatanode (ScmHAFinalizeUpgradeActionDatanode.java:upgradeVolume(122)) - Volume already contains cluster ID directory /home/runner/work/ozone/ozone/hadoop-ozone/integration-test/target/test-dir/MiniOzoneClusterImpl-93dc72d0-b1bf-46db-be81-fee59e1e35ad/datanode-2/data-0/containers/hdds/93dc72d0-b1bf-46db-be81-fee59e1e35ad. No action required for SCM HA finalization.
2021-12-02 01:43:26,879 [Command processor thread] INFO  upgrade.UpgradeFinalizer (BasicUpgradeFinalizer.java:logAndEmit(342)) - Finalization is done.
2021-12-02 01:43:26,879 [Command processor thread] INFO  commandhandler.FinalizeNewLayoutVersionCommandHandler (FinalizeNewLayoutVersionCommandHandler.java:handle(64)) - Processing FinalizeNewLayoutVersionCommandHandler command.
2021-12-02 01:43:27,137 [Listener at 127.0.0.1/41183] INFO  ozone.MiniOzoneClusterImpl (MiniOzoneClusterImpl.java:lambda$waitForClusterToBeReady$0(235)) - Nodes are ready. Got 3 of 3 DN Heartbeats.
2021-12-02 01:43:27,137 [Listener at 127.0.0.1/41183] INFO  ozone.MiniOzoneClusterImpl (MiniOzoneClusterImpl.java:lambda$waitForClusterToBeReady$0(238)) - Waiting for cluster to exit safe mode
2021-12-02 01:43:27,137 [Listener at 127.0.0.1/41183] INFO  ozone.MiniOzoneClusterImpl (MiniOzoneClusterImpl.java:lambda$waitForClusterToBeReady$0(240)) - SCM became leader
2021-12-02 01:43:27,194 [EventQueue-HealthyReadonlyToHealthyNodeForReadOnlyHealthyToHealthyNodeHandler] INFO  node.ReadOnlyHealthyToHealthyNodeHandler (ReadOnlyHealthyToHealthyNodeHandler.java:onMessage(51)) - Datanode 7e03f375-d49a-42ab-b7b9-c2f67bc739a3{ip: 10.1.0.43, host: fv-az122-438.zf1tlrj3kn4expqppa1j4mpycf.xx.internal.cloudapp.net, ports: [REPLICATION=36061, RATIS=37893, RATIS_ADMIN=37893, RATIS_SERVER=37893, STANDALONE=36207], networkLocation: /default-rack, certSerialId: null, persistedOpState: IN_SERVICE, persistedOpStateExpiryEpochSec: 0} moved to HEALTHY state.
2021-12-02 01:43:27,194 [EventQueue-HealthyReadonlyToHealthyNodeForReadOnlyHealthyToHealthyNodeHandler] INFO  pipeline.BackgroundPipelineCreator (BackgroundPipelineCreator.java:notifyEventTriggered(285)) - trigger a one-shot run on RatisPipelineUtilsThread.
2021-12-02 01:43:27,195 [RatisPipelineUtilsThread - 0] INFO  pipeline.RatisPipelineProvider (RatisPipelineProvider.java:lambda$create$0(183)) - Sending CreatePipelineCommand for pipeline:PipelineID=7151e141-d915-4cd5-9dbe-4d1102e5c1f2 to datanode:7e03f375-d49a-42ab-b7b9-c2f67bc739a3
2021-12-02 01:43:27,195 [RatisPipelineUtilsThread - 0] INFO  pipeline.PipelineStateManagerImpl (PipelineStateManagerImpl.java:addPipeline(101)) - Created pipeline Pipeline[ Id: 7151e141-d915-4cd5-9dbe-4d1102e5c1f2, Nodes: 7e03f375-d49a-42ab-b7b9-c2f67bc739a3{ip: 10.1.0.43, host: fv-az122-438.zf1tlrj3kn4expqppa1j4mpycf.xx.internal.cloudapp.net, ports: [REPLICATION=36061, RATIS=37893, RATIS_ADMIN=37893, RATIS_SERVER=37893, STANDALONE=36207], networkLocation: /default-rack, certSerialId: null, persistedOpState: IN_SERVICE, persistedOpStateExpiryEpochSec: 0}, ReplicationConfig: RATIS/ONE, State:ALLOCATED, leaderId:, CreationTimestamp2021-12-02T01:43:27.195Z[Etc/UTC]].
2021-12-02 01:43:27,195 [RatisPipelineUtilsThread - 0] ERROR scm.SCMCommonPlacementPolicy (SCMCommonPlacementPolicy.java:filterNodesWithSpace(171)) - Unable to find enough nodes that meet the space requirement of 1073741824 bytes for metadata and 5368709120 bytes for data in healthy node set. Required 3. Found 2.
2021-12-02 01:43:27,253 [EventQueue-OpenPipelineForHealthyPipelineSafeModeRule] INFO  safemode.SCMSafeModeManager (HealthyPipelineSafeModeRule.java:process(124)) - SCM in safe mode. Healthy pipelines reported count is 0, required healthy pipeline reported count is 1
2021-12-02 01:43:27,369 [Command processor thread] INFO  commandhandler.FinalizeNewLayoutVersionCommandHandler (FinalizeNewLayoutVersionCommandHandler.java:handle(64)) - Processing FinalizeNewLayoutVersionCommandHandler command.
2021-12-02 01:43:27,369 [Command processor thread] INFO  server.RaftServer (RaftServerProxy.java:addNew(95)) - 24275692-492e-4f92-b24d-cb5c5113d796: addNew group-E5D7F5F5EFCE:[24275692-492e-4f92-b24d-cb5c5113d796|rpc:10.1.0.43:43787|priority:1] returns group-E5D7F5F5EFCE:java.util.concurrent.CompletableFuture@1d7019b3[Not completed]
2021-12-02 01:43:27,369 [pool-1196-thread-1] INFO  server.RaftServer$Division (RaftServerImpl.java:<init>(184)) - 24275692-492e-4f92-b24d-cb5c5113d796: new RaftServerImpl for group-E5D7F5F5EFCE:[24275692-492e-4f92-b24d-cb5c5113d796|rpc:10.1.0.43:43787|priority:1] with ContainerStateMachine:uninitialized
2021-12-02 01:43:27,370 [pool-1196-thread-1] INFO  server.RaftServerConfigKeys (ConfUtils.java:logGet(44)) - raft.server.rpc.timeout.min = 5s (custom)
2021-12-02 01:43:27,370 [pool-1196-thread-1] INFO  server.RaftServerConfigKeys (ConfUtils.java:logGet(44)) - raft.server.rpc.timeout.max = 5200ms (custom)
2021-12-02 01:43:27,370 [pool-1196-thread-1] INFO  server.RaftServerConfigKeys (ConfUtils.java:logGet(44)) - raft.server.rpc.sleep.time = 25ms (default)
2021-12-02 01:43:27,370 [pool-1196-thread-1] INFO  server.RaftServerConfigKeys (ConfUtils.java:logGet(44)) - raft.server.rpc.slowness.timeout = 300s (custom)
2021-12-02 01:43:27,370 [pool-1196-thread-1] INFO  server.RaftServerConfigKeys (ConfUtils.java:logGet(44)) - raft.server.leaderelection.leader.step-down.wait-time = 10s (default)
2021-12-02 01:43:27,370 [pool-1196-thread-1] INFO  server.RaftServerConfigKeys (ConfUtils.java:logGet(44)) - raft.server.sleep.deviation.threshold = 300ms (default)
2021-12-02 01:43:27,370 [pool-1196-thread-1] INFO  server.RaftServerConfigKeys (ConfUtils.java:logGet(44)) - raft.server.log.appender.install.snapshot.enabled = false (custom)
2021-12-02 01:43:27,370 [pool-1196-thread-1] INFO  server.RaftServer$Division (ServerState.java:<init>(105)) - 24275692-492e-4f92-b24d-cb5c5113d796@group-E5D7F5F5EFCE: ConfigurationManager, init=-1: [24275692-492e-4f92-b24d-cb5c5113d796|rpc:10.1.0.43:43787|priority:1], old=null, confs=<EMPTY_MAP>
2021-12-02 01:43:27,370 [pool-1196-thread-1] INFO  server.RaftServerConfigKeys (ConfUtils.java:logGet(44)) - raft.server.storage.dir = [/home/runner/work/ozone/ozone/hadoop-ozone/integration-test/target/test-dir/MiniOzoneClusterImpl-93dc72d0-b1bf-46db-be81-fee59e1e35ad/datanode-1/data/ratis] (custom)
2021-12-02 01:43:27,370 [pool-1196-thread-1] INFO  server.RaftServerConfigKeys (ConfUtils.java:logGet(44)) - raft.server.log.corruption.policy = EXCEPTION (default)
2021-12-02 01:43:27,370 [pool-1196-thread-1] INFO  server.RaftServerConfigKeys (ConfUtils.java:logGet(44)) - raft.server.storage.free-space.min = 0MB (=0) (default)
2021-12-02 01:43:27,370 [pool-1196-thread-1] INFO  storage.RaftStorageDirectory (RaftStorageDirectoryImpl.java:analyzeStorage(135)) - The storage directory /home/runner/work/ozone/ozone/hadoop-ozone/integration-test/target/test-dir/MiniOzoneClusterImpl-93dc72d0-b1bf-46db-be81-fee59e1e35ad/datanode-1/data/ratis/efd79cd6-3043-497f-a667-e5d7f5f5efce does not exist. Creating ...
2021-12-02 01:43:27,376 [pool-1196-thread-1] INFO  storage.RaftStorageDirectory (RaftStorageDirectoryImpl.java:tryLock(230)) - Lock on /home/runner/work/ozone/ozone/hadoop-ozone/integration-test/target/test-dir/MiniOzoneClusterImpl-93dc72d0-b1bf-46db-be81-fee59e1e35ad/datanode-1/data/ratis/efd79cd6-3043-497f-a667-e5d7f5f5efce/in_use.lock acquired by nodename 24779@fv-az122-438
2021-12-02 01:43:27,378 [pool-1196-thread-1] INFO  storage.RaftStorage (RaftStorageImpl.java:format(89)) - Storage directory /home/runner/work/ozone/ozone/hadoop-ozone/integration-test/target/test-dir/MiniOzoneClusterImpl-93dc72d0-b1bf-46db-be81-fee59e1e35ad/datanode-1/data/ratis/efd79cd6-3043-497f-a667-e5d7f5f5efce has been successfully formatted.
2021-12-02 01:43:27,378 [pool-1196-thread-1] INFO  ratis.ContainerStateMachine (ContainerStateMachine.java:loadSnapshot(224)) - group-E5D7F5F5EFCE: The snapshot info is null. Setting the last applied indexto:(t:0, i:~)
2021-12-02 01:43:27,378 [pool-1196-thread-1] INFO  server.RaftServerConfigKeys (ConfUtils.java:logGet(44)) - raft.server.notification.no-leader.timeout = 300s (custom)
2021-12-02 01:43:27,378 [pool-1196-thread-1] INFO  server.RaftServerConfigKeys (ConfUtils.java:logGet(44)) - raft.server.log.use.memory = false (default)
2021-12-02 01:43:27,378 [pool-1196-thread-1] INFO  server.RaftServerConfigKeys (ConfUtils.java:logGet(44)) - raft.server.log.purge.gap = 1000000 (custom)
2021-12-02 01:43:27,378 [pool-1196-thread-1] INFO  server.RaftServerConfigKeys (ConfUtils.java:logGet(44)) - raft.server.log.appender.buffer.byte-limit = 33554432 (custom)
2021-12-02 01:43:27,379 [pool-1196-thread-1] INFO  server.RaftServerConfigKeys (ConfUtils.java:logGet(44)) - raft.server.log.segment.size.max = 1048576 (custom)
2021-12-02 01:43:27,379 [pool-1196-thread-1] INFO  server.RaftServerConfigKeys (ConfUtils.java:logGet(44)) - raft.server.log.segment.cache.num.max = 2 (custom)
2021-12-02 01:43:27,379 [pool-1196-thread-1] INFO  server.RaftServerConfigKeys (ConfUtils.java:logGet(44)) - raft.server.log.segment.cache.size.max = 200MB (=209715200) (default)
2021-12-02 01:43:27,380 [pool-1196-thread-1] INFO  segmented.SegmentedRaftLogWorker (SegmentedRaftLogWorker.java:<init>(182)) - new 24275692-492e-4f92-b24d-cb5c5113d796@group-E5D7F5F5EFCE-SegmentedRaftLogWorker for RaftStorageImpl:Storage Directory /home/runner/work/ozone/ozone/hadoop-ozone/integration-test/target/test-dir/MiniOzoneClusterImpl-93dc72d0-b1bf-46db-be81-fee59e1e35ad/datanode-1/data/ratis/efd79cd6-3043-497f-a667-e5d7f5f5efce
2021-12-02 01:43:27,380 [pool-1196-thread-1] INFO  server.RaftServerConfigKeys (ConfUtils.java:logGet(44)) - raft.server.log.queue.byte-limit = 2147483647 (custom)
2021-12-02 01:43:27,380 [pool-1196-thread-1] INFO  server.RaftServerConfigKeys (ConfUtils.java:logGet(44)) - raft.server.log.queue.element-limit = 1024 (custom)
2021-12-02 01:43:27,380 [pool-1196-thread-1] INFO  server.RaftServerConfigKeys (ConfUtils.java:logGet(44)) - raft.server.log.segment.size.max = 1048576 (custom)
2021-12-02 01:43:27,380 [pool-1196-thread-1] INFO  server.RaftServerConfigKeys (ConfUtils.java:logGet(44)) - raft.server.log.preallocated.size = 16384 (custom)
2021-12-02 01:43:27,380 [pool-1196-thread-1] INFO  server.RaftServerConfigKeys (ConfUtils.java:logGet(44)) - raft.server.log.force.sync.num = 128 (default)
2021-12-02 01:43:27,380 [pool-1196-thread-1] INFO  server.RaftServerConfigKeys (ConfUtils.java:logGet(44)) - raft.server.log.statemachine.data.sync = true (default)
2021-12-02 01:43:27,380 [pool-1196-thread-1] INFO  server.RaftServerConfigKeys (ConfUtils.java:logGet(44)) - raft.server.log.statemachine.data.sync.timeout = 10s (default)
2021-12-02 01:43:27,380 [pool-1196-thread-1] INFO  server.RaftServerConfigKeys (ConfUtils.java:logGet(44)) - raft.server.log.statemachine.data.sync.timeout.retry = -1 (default)
2021-12-02 01:43:27,382 [pool-1196-thread-1] INFO  server.RaftServerConfigKeys (ConfUtils.java:logGet(44)) - raft.server.log.write.buffer.size = 1048576 (custom)
2021-12-02 01:43:27,382 [pool-1196-thread-1] INFO  server.RaftServerConfigKeys (ConfUtils.java:logGet(44)) - raft.server.log.statemachine.data.caching.enabled = true (custom)
2021-12-02 01:43:27,383 [pool-1196-thread-1] INFO  segmented.SegmentedRaftLogWorker (SegmentedRaftLogWorker.java:lambda$new$0(133)) - 24275692-492e-4f92-b24d-cb5c5113d796@group-E5D7F5F5EFCE-SegmentedRaftLogWorker: flushIndex: setUnconditionally 0 -> -1
2021-12-02 01:43:27,383 [pool-1196-thread-1] INFO  segmented.SegmentedRaftLogWorker (SegmentedRaftLogWorker.java:lambda$new$0(133)) - 24275692-492e-4f92-b24d-cb5c5113d796@group-E5D7F5F5EFCE-SegmentedRaftLogWorker: safeCacheEvictIndex: setUnconditionally 0 -> -1
2021-12-02 01:43:27,383 [pool-1196-thread-1] INFO  server.RaftServerConfigKeys (ConfUtils.java:logGet(44)) - raft.server.snapshot.auto.trigger.enabled = true (custom)
2021-12-02 01:43:27,383 [pool-1196-thread-1] INFO  server.RaftServerConfigKeys (ConfUtils.java:logGet(44)) - raft.server.snapshot.auto.trigger.threshold = 10000 (custom)
2021-12-02 01:43:27,383 [pool-1196-thread-1] INFO  server.RaftServerConfigKeys (ConfUtils.java:logGet(44)) - raft.server.snapshot.retention.file.num = 5 (custom)
2021-12-02 01:43:27,383 [pool-1196-thread-1] INFO  server.RaftServerConfigKeys (ConfUtils.java:logGet(44)) - raft.server.log.purge.upto.snapshot.index = false (default)
2021-12-02 01:43:27,383 [pool-1196-thread-1] INFO  server.RaftServerConfigKeys (ConfUtils.java:logGet(44)) - raft.server.retrycache.expirytime = 600000ms (custom)
2021-12-02 01:43:27,383 [pool-1196-thread-1] INFO  server.RaftServerConfigKeys (ConfUtils.java:logGet(44)) - raft.server.retrycache.statistics.expirytime = 100μs (default)
2021-12-02 01:43:27,388 [pool-1196-thread-1] INFO  server.RaftServer$Division (RaftServerImpl.java:start(301)) - 24275692-492e-4f92-b24d-cb5c5113d796@group-E5D7F5F5EFCE: start as a follower, conf=-1: [24275692-492e-4f92-b24d-cb5c5113d796|rpc:10.1.0.43:43787|priority:1], old=null
2021-12-02 01:43:27,388 [pool-1196-thread-1] INFO  server.RaftServer$Division (RaftServerImpl.java:setRole(290)) - 24275692-492e-4f92-b24d-cb5c5113d796@group-E5D7F5F5EFCE: changes role from      null to FOLLOWER at term 0 for startAsFollower
2021-12-02 01:43:27,388 [pool-1196-thread-1] INFO  impl.RoleInfo (RoleInfo.java:updateAndGet(130)) - 24275692-492e-4f92-b24d-cb5c5113d796: start 24275692-492e-4f92-b24d-cb5c5113d796@group-E5D7F5F5EFCE-FollowerState
2021-12-02 01:43:27,388 [pool-1196-thread-1] INFO  util.JmxRegister (JmxRegister.java:tryRegister(44)) - Successfully registered JMX Bean with object name Ratis:service=RaftServer,group=group-E5D7F5F5EFCE,id=24275692-492e-4f92-b24d-cb5c5113d796
2021-12-02 01:43:27,389 [Command processor thread] INFO  ratis.XceiverServerRatis (XceiverServerRatis.java:addGroup(768)) - Created group PipelineID=efd79cd6-3043-497f-a667-e5d7f5f5efce
2021-12-02 01:43:27,389 [Command processor thread] INFO  commandhandler.CreatePipelineCommandHandler (CreatePipelineCommandHandler.java:handle(106)) - Created Pipeline RATIS ONE PipelineID=efd79cd6-3043-497f-a667-e5d7f5f5efce.
2021-12-02 01:43:27,412 [Mini-Cluster-Provider-Reap] INFO  statemachine.DatanodeStateMachine (DatanodeStateMachine.java:stopDaemon(526)) - Ozone container server stopped.
2021-12-02 01:43:27,428 [Mini-Cluster-Provider-Reap] INFO  handler.ContextHandler (ContextHandler.java:doStop(1153)) - Stopped o.e.j.w.WebAppContext@51d9d706{hddsDatanode,/,null,STOPPED}{jar:file:/home/runner/.m2/repository/org/apache/ozone/hdds-container-service/1.3.0-SNAPSHOT/hdds-container-service-1.3.0-SNAPSHOT.jar!/webapps/hddsDatanode}
2021-12-02 01:43:27,433 [Mini-Cluster-Provider-Reap] INFO  server.AbstractConnector (AbstractConnector.java:doStop(381)) - Stopped ServerConnector@3d6a1b93{HTTP/1.1, (http/1.1)}{0.0.0.0:45965}
2021-12-02 01:43:27,433 [Mini-Cluster-Provider-Reap] INFO  server.session (HouseKeeper.java:stopScavenging(149)) - node0 Stopped scavenging
2021-12-02 01:43:27,438 [Mini-Cluster-Provider-Reap] INFO  handler.ContextHandler (ContextHandler.java:doStop(1153)) - Stopped o.e.j.s.ServletContextHandler@66366e27{static,/static,jar:file:/home/runner/.m2/repository/org/apache/ozone/hdds-container-service/1.3.0-SNAPSHOT/hdds-container-service-1.3.0-SNAPSHOT.jar!/webapps/static,STOPPED}
2021-12-02 01:43:27,446 [ForkJoinPool.commonPool-worker-1] INFO  statemachine.DatanodeStateMachine (DatanodeStateMachine.java:stopDaemon(526)) - Ozone container server stopped.
2021-12-02 01:43:27,446 [Mini-Cluster-Provider-Reap] INFO  handler.ContextHandler (ContextHandler.java:doStop(1153)) - Stopped o.e.j.s.ServletContextHandler@79515aaf{logs,/logs,file:///home/runner/work/ozone/ozone/hadoop-ozone/integration-test/target/log,STOPPED}
2021-12-02 01:43:27,450 [EventQueue-PipelineReportForPipelineReportHandler] INFO  pipeline.PipelineManagerImpl (PipelineManagerImpl.java:openPipeline(289)) - Pipeline Pipeline[ Id: efd79cd6-3043-497f-a667-e5d7f5f5efce, Nodes: 24275692-492e-4f92-b24d-cb5c5113d796{ip: 10.1.0.43, host: fv-az122-438.zf1tlrj3kn4expqppa1j4mpycf.xx.internal.cloudapp.net, ports: [REPLICATION=41531, RATIS=43787, RATIS_ADMIN=43787, RATIS_SERVER=43787, STANDALONE=33163], networkLocation: /default-rack, certSerialId: null, persistedOpState: IN_SERVICE, persistedOpStateExpiryEpochSec: 0}, ReplicationConfig: RATIS/ONE, State:ALLOCATED, leaderId:24275692-492e-4f92-b24d-cb5c5113d796, CreationTimestamp2021-12-02T01:43:26.695Z[Etc/UTC]] moved to OPEN state
2021-12-02 01:43:27,455 [EventQueue-OpenPipelineForHealthyPipelineSafeModeRule] INFO  safemode.SCMSafeModeManager (HealthyPipelineSafeModeRule.java:process(124)) - SCM in safe mode. Healthy pipelines reported count is 0, required healthy pipeline reported count is 1
2021-12-02 01:43:27,469 [ForkJoinPool.commonPool-worker-1] INFO  handler.ContextHandler (ContextHandler.java:doStop(1153)) - Stopped o.e.j.w.WebAppContext@46c5a821{hddsDatanode,/,null,STOPPED}{jar:file:/home/runner/.m2/repository/org/apache/ozone/hdds-container-service/1.3.0-SNAPSHOT/hdds-container-service-1.3.0-SNAPSHOT.jar!/webapps/hddsDatanode}
2021-12-02 01:43:27,472 [ForkJoinPool.commonPool-worker-1] INFO  server.AbstractConnector (AbstractConnector.java:doStop(381)) - Stopped ServerConnector@36e2a875{HTTP/1.1, (http/1.1)}{0.0.0.0:46807}
2021-12-02 01:43:27,472 [ForkJoinPool.commonPool-worker-1] INFO  server.session (HouseKeeper.java:stopScavenging(149)) - node0 Stopped scavenging
2021-12-02 01:43:27,485 [ForkJoinPool.commonPool-worker-1] INFO  handler.ContextHandler (ContextHandler.java:doStop(1153)) - Stopped o.e.j.s.ServletContextHandler@627ca9b{static,/static,jar:file:/home/runner/.m2/repository/org/apache/ozone/hdds-container-service/1.3.0-SNAPSHOT/hdds-container-service-1.3.0-SNAPSHOT.jar!/webapps/static,STOPPED}
2021-12-02 01:43:27,494 [ForkJoinPool.commonPool-worker-1] INFO  handler.ContextHandler (ContextHandler.java:doStop(1153)) - Stopped o.e.j.s.ServletContextHandler@9b17b53{logs,/logs,file:///home/runner/work/ozone/ozone/hadoop-ozone/integration-test/target/log,STOPPED}
2021-12-02 01:43:27,694 [EventQueue-HealthyReadonlyToHealthyNodeForReadOnlyHealthyToHealthyNodeHandler] INFO  node.ReadOnlyHealthyToHealthyNodeHandler (ReadOnlyHealthyToHealthyNodeHandler.java:onMessage(51)) - Datanode e0d25c1b-b502-41c3-a142-f82b5e97ff03{ip: 10.1.0.43, host: fv-az122-438.zf1tlrj3kn4expqppa1j4mpycf.xx.internal.cloudapp.net, ports: [REPLICATION=40041, RATIS=41039, RATIS_ADMIN=41039, RATIS_SERVER=41039, STANDALONE=42751], networkLocation: /default-rack, certSerialId: null, persistedOpState: IN_SERVICE, persistedOpStateExpiryEpochSec: 0} moved to HEALTHY state.
2021-12-02 01:43:27,694 [EventQueue-HealthyReadonlyToHealthyNodeForReadOnlyHealthyToHealthyNodeHandler] INFO  pipeline.BackgroundPipelineCreator (BackgroundPipelineCreator.java:notifyEventTriggered(285)) - trigger a one-shot run on RatisPipelineUtilsThread.
2021-12-02 01:43:27,695 [RatisPipelineUtilsThread - 0] INFO  pipeline.RatisPipelineProvider (RatisPipelineProvider.java:lambda$create$0(183)) - Sending CreatePipelineCommand for pipeline:PipelineID=e47afad0-7192-498e-8ec1-1d0b2b4dcfae to datanode:e0d25c1b-b502-41c3-a142-f82b5e97ff03
2021-12-02 01:43:27,695 [RatisPipelineUtilsThread - 0] INFO  pipeline.PipelineStateManagerImpl (PipelineStateManagerImpl.java:addPipeline(101)) - Created pipeline Pipeline[ Id: e47afad0-7192-498e-8ec1-1d0b2b4dcfae, Nodes: e0d25c1b-b502-41c3-a142-f82b5e97ff03{ip: 10.1.0.43, host: fv-az122-438.zf1tlrj3kn4expqppa1j4mpycf.xx.internal.cloudapp.net, ports: [REPLICATION=40041, RATIS=41039, RATIS_ADMIN=41039, RATIS_SERVER=41039, STANDALONE=42751], networkLocation: /default-rack, certSerialId: null, persistedOpState: IN_SERVICE, persistedOpStateExpiryEpochSec: 0}, ReplicationConfig: RATIS/ONE, State:ALLOCATED, leaderId:, CreationTimestamp2021-12-02T01:43:27.695Z[Etc/UTC]].
2021-12-02 01:43:27,695 [RatisPipelineUtilsThread - 0] INFO  pipeline.RatisPipelineProvider (RatisPipelineProvider.java:lambda$create$0(183)) - Sending CreatePipelineCommand for pipeline:PipelineID=997c7752-6dbb-4ec0-b04a-77077d228a21 to datanode:e0d25c1b-b502-41c3-a142-f82b5e97ff03
2021-12-02 01:43:27,695 [RatisPipelineUtilsThread - 0] INFO  pipeline.RatisPipelineProvider (RatisPipelineProvider.java:lambda$create$0(183)) - Sending CreatePipelineCommand for pipeline:PipelineID=997c7752-6dbb-4ec0-b04a-77077d228a21 to datanode:7e03f375-d49a-42ab-b7b9-c2f67bc739a3
2021-12-02 01:43:27,695 [RatisPipelineUtilsThread - 0] INFO  pipeline.RatisPipelineProvider (RatisPipelineProvider.java:lambda$create$0(183)) - Sending CreatePipelineCommand for pipeline:PipelineID=997c7752-6dbb-4ec0-b04a-77077d228a21 to datanode:24275692-492e-4f92-b24d-cb5c5113d796
2021-12-02 01:43:27,696 [RatisPipelineUtilsThread - 0] INFO  pipeline.PipelineStateManagerImpl (PipelineStateManagerImpl.java:addPipeline(101)) - Created pipeline Pipeline[ Id: 997c7752-6dbb-4ec0-b04a-77077d228a21, Nodes: e0d25c1b-b502-41c3-a142-f82b5e97ff03{ip: 10.1.0.43, host: fv-az122-438.zf1tlrj3kn4expqppa1j4mpycf.xx.internal.cloudapp.net, ports: [REPLICATION=40041, RATIS=41039, RATIS_ADMIN=41039, RATIS_SERVER=41039, STANDALONE=42751], networkLocation: /default-rack, certSerialId: null, persistedOpState: IN_SERVICE, persistedOpStateExpiryEpochSec: 0}7e03f375-d49a-42ab-b7b9-c2f67bc739a3{ip: 10.1.0.43, host: fv-az122-438.zf1tlrj3kn4expqppa1j4mpycf.xx.internal.cloudapp.net, ports: [REPLICATION=36061, RATIS=37893, RATIS_ADMIN=37893, RATIS_SERVER=37893, STANDALONE=36207], networkLocation: /default-rack, certSerialId: null, persistedOpState: IN_SERVICE, persistedOpStateExpiryEpochSec: 0}24275692-492e-4f92-b24d-cb5c5113d796{ip: 10.1.0.43, host: fv-az122-438.zf1tlrj3kn4expqppa1j4mpycf.xx.internal.cloudapp.net, ports: [REPLICATION=41531, RATIS=43787, RATIS_ADMIN=43787, RATIS_SERVER=43787, STANDALONE=33163], networkLocation: /default-rack, certSerialId: null, persistedOpState: IN_SERVICE, persistedOpStateExpiryEpochSec: 0}, ReplicationConfig: RATIS/THREE, State:ALLOCATED, leaderId:, CreationTimestamp2021-12-02T01:43:27.695Z[Etc/UTC]].
2021-12-02 01:43:27,733 [fbdafa3d-fbd0-48e3-8b83-ea1e54fefb5d@group-BFBF8A2CDC57-FollowerState] INFO  impl.FollowerState (FollowerState.java:run(134)) - fbdafa3d-fbd0-48e3-8b83-ea1e54fefb5d@group-BFBF8A2CDC57-FollowerState: change to CANDIDATE, lastRpcElapsedTime:5063144928ns, electionTimeout:5061ms
2021-12-02 01:43:27,733 [fbdafa3d-fbd0-48e3-8b83-ea1e54fefb5d@group-BFBF8A2CDC57-FollowerState] INFO  impl.RoleInfo (RoleInfo.java:shutdownFollowerState(108)) - fbdafa3d-fbd0-48e3-8b83-ea1e54fefb5d: shutdown fbdafa3d-fbd0-48e3-8b83-ea1e54fefb5d@group-BFBF8A2CDC57-FollowerState
2021-12-02 01:43:27,733 [fbdafa3d-fbd0-48e3-8b83-ea1e54fefb5d@group-BFBF8A2CDC57-FollowerState] INFO  server.RaftServer$Division (RaftServerImpl.java:setRole(290)) - fbdafa3d-fbd0-48e3-8b83-ea1e54fefb5d@group-BFBF8A2CDC57: changes role from  FOLLOWER to CANDIDATE at term 2 for changeToCandidate
2021-12-02 01:43:27,733 [fbdafa3d-fbd0-48e3-8b83-ea1e54fefb5d@group-BFBF8A2CDC57-FollowerState] INFO  server.RaftServerConfigKeys (ConfUtils.java:logGet(44)) - raft.server.leaderelection.pre-vote = false (custom)
2021-12-02 01:43:27,733 [fbdafa3d-fbd0-48e3-8b83-ea1e54fefb5d@group-BFBF8A2CDC57-FollowerState] INFO  impl.RoleInfo (RoleInfo.java:updateAndGet(130)) - fbdafa3d-fbd0-48e3-8b83-ea1e54fefb5d: start fbdafa3d-fbd0-48e3-8b83-ea1e54fefb5d@group-BFBF8A2CDC57-LeaderElection142
2021-12-02 01:43:27,746 [fbdafa3d-fbd0-48e3-8b83-ea1e54fefb5d@group-BFBF8A2CDC57-LeaderElection142] INFO  impl.LeaderElection (LeaderElection.java:askForVotes(306)) - fbdafa3d-fbd0-48e3-8b83-ea1e54fefb5d@group-BFBF8A2CDC57-LeaderElection142 ELECTION round 0: submit vote requests at term 3 for -1: [93155b15-512d-4c8d-b4b5-3701a6ff6ed7|rpc:10.1.0.43:43723|dataStream:|priority:0, fbdafa3d-fbd0-48e3-8b83-ea1e54fefb5d|rpc:10.1.0.43:37327|dataStream:|priority:0, fd7bdda1-593d-4007-bd0c-6fbef76da485|rpc:10.1.0.43:36783|dataStream:|priority:1], old=null
2021-12-02 01:43:27,748 [grpc-default-executor-0] INFO  server.RaftServer$Division (RaftServerImpl.java:requestVote(1046)) - 93155b15-512d-4c8d-b4b5-3701a6ff6ed7@group-BFBF8A2CDC57: receive requestVote(ELECTION, fbdafa3d-fbd0-48e3-8b83-ea1e54fefb5d, group-BFBF8A2CDC57, 3, (t:0, i:0))
2021-12-02 01:43:27,748 [grpc-default-executor-0] INFO  impl.VoteContext (VoteContext.java:log(48)) - 93155b15-512d-4c8d-b4b5-3701a6ff6ed7@group-BFBF8A2CDC57-FOLLOWER: accept ELECTION from fbdafa3d-fbd0-48e3-8b83-ea1e54fefb5d: our priority 0 <= candidate's priority 0
2021-12-02 01:43:27,748 [grpc-default-executor-0] INFO  server.RaftServer$Division (RaftServerImpl.java:setRole(290)) - 93155b15-512d-4c8d-b4b5-3701a6ff6ed7@group-BFBF8A2CDC57: changes role from  FOLLOWER to FOLLOWER at term 3 for candidate:fbdafa3d-fbd0-48e3-8b83-ea1e54fefb5d
2021-12-02 01:43:27,748 [grpc-default-executor-0] INFO  impl.RoleInfo (RoleInfo.java:shutdownFollowerState(108)) - 93155b15-512d-4c8d-b4b5-3701a6ff6ed7: shutdown 93155b15-512d-4c8d-b4b5-3701a6ff6ed7@group-BFBF8A2CDC57-FollowerState
2021-12-02 01:43:27,748 [grpc-default-executor-0] INFO  impl.RoleInfo (RoleInfo.java:updateAndGet(130)) - 93155b15-512d-4c8d-b4b5-3701a6ff6ed7: start 93155b15-512d-4c8d-b4b5-3701a6ff6ed7@group-BFBF8A2CDC57-FollowerState
2021-12-02 01:43:27,748 [93155b15-512d-4c8d-b4b5-3701a6ff6ed7@group-BFBF8A2CDC57-FollowerState] INFO  impl.FollowerState (FollowerState.java:run(143)) - 93155b15-512d-4c8d-b4b5-3701a6ff6ed7@group-BFBF8A2CDC57-FollowerState was interrupted: {}
java.lang.InterruptedException: sleep interrupted
	at java.lang.Thread.sleep(Native Method)
	at java.lang.Thread.sleep(Thread.java:340)
	at java.util.concurrent.TimeUnit.sleep(TimeUnit.java:386)
	at org.apache.ratis.util.TimeDuration.sleep(TimeDuration.java:324)
	at org.apache.ratis.util.TimeDuration.sleep(TimeDuration.java:309)
	at org.apache.ratis.server.impl.FollowerState.run(FollowerState.java:118)
2021-12-02 01:43:27,751 [grpc-default-executor-1] INFO  server.RaftServer$Division (RaftServerImpl.java:requestVote(1046)) - fd7bdda1-593d-4007-bd0c-6fbef76da485@group-BFBF8A2CDC57: receive requestVote(ELECTION, fbdafa3d-fbd0-48e3-8b83-ea1e54fefb5d, group-BFBF8A2CDC57, 3, (t:0, i:0))
2021-12-02 01:43:27,751 [grpc-default-executor-1] INFO  impl.VoteContext (VoteContext.java:log(48)) - fd7bdda1-593d-4007-bd0c-6fbef76da485@group-BFBF8A2CDC57-FOLLOWER: reject ELECTION from fbdafa3d-fbd0-48e3-8b83-ea1e54fefb5d: our priority 1 > candidate's priority 0
2021-12-02 01:43:27,751 [grpc-default-executor-1] INFO  server.RaftServer$Division (RaftServerImpl.java:setRole(290)) - fd7bdda1-593d-4007-bd0c-6fbef76da485@group-BFBF8A2CDC57: changes role from  FOLLOWER to FOLLOWER at term 3 for candidate:fbdafa3d-fbd0-48e3-8b83-ea1e54fefb5d
2021-12-02 01:43:27,751 [grpc-default-executor-1] INFO  impl.RoleInfo (RoleInfo.java:shutdownFollowerState(108)) - fd7bdda1-593d-4007-bd0c-6fbef76da485: shutdown fd7bdda1-593d-4007-bd0c-6fbef76da485@group-BFBF8A2CDC57-FollowerState
2021-12-02 01:43:27,756 [grpc-default-executor-1] INFO  impl.RoleInfo (RoleInfo.java:updateAndGet(130)) - fd7bdda1-593d-4007-bd0c-6fbef76da485: start fd7bdda1-593d-4007-bd0c-6fbef76da485@group-BFBF8A2CDC57-FollowerState
2021-12-02 01:43:27,758 [fd7bdda1-593d-4007-bd0c-6fbef76da485@group-BFBF8A2CDC57-FollowerState] INFO  impl.FollowerState (FollowerState.java:run(143)) - fd7bdda1-593d-4007-bd0c-6fbef76da485@group-BFBF8A2CDC57-FollowerState was interrupted: {}
java.lang.InterruptedException: sleep interrupted
	at java.lang.Thread.sleep(Native Method)
	at java.lang.Thread.sleep(Thread.java:340)
	at java.util.concurrent.TimeUnit.sleep(TimeUnit.java:386)
	at org.apache.ratis.util.TimeDuration.sleep(TimeDuration.java:324)
	at org.apache.ratis.util.TimeDuration.sleep(TimeDuration.java:309)
	at org.apache.ratis.server.impl.FollowerState.run(FollowerState.java:118)
2021-12-02 01:43:27,760 [EventQueue-OpenPipelineForHealthyPipelineSafeModeRule] INFO  safemode.SCMSafeModeManager (HealthyPipelineSafeModeRule.java:process(124)) - SCM in safe mode. Healthy pipelines reported count is 0, required healthy pipeline reported count is 1
2021-12-02 01:43:27,765 [grpc-default-executor-1] INFO  server.RaftServer$Division (RaftServerImpl.java:requestVote(1078)) - fd7bdda1-593d-4007-bd0c-6fbef76da485@group-BFBF8A2CDC57 replies to ELECTION vote request: fbdafa3d-fbd0-48e3-8b83-ea1e54fefb5d<-fd7bdda1-593d-4007-bd0c-6fbef76da485#0:FAIL-t3. Peer's state: fd7bdda1-593d-4007-bd0c-6fbef76da485@group-BFBF8A2CDC57:t3, leader=null, voted=null, raftlog=fd7bdda1-593d-4007-bd0c-6fbef76da485@group-BFBF8A2CDC57-SegmentedRaftLog:OPENED:c-1, conf=-1: [93155b15-512d-4c8d-b4b5-3701a6ff6ed7|rpc:10.1.0.43:43723|priority:0, fbdafa3d-fbd0-48e3-8b83-ea1e54fefb5d|rpc:10.1.0.43:37327|priority:0, fd7bdda1-593d-4007-bd0c-6fbef76da485|rpc:10.1.0.43:36783|priority:1], old=null
2021-12-02 01:43:27,767 [grpc-default-executor-0] INFO  server.RaftServer$Division (RaftServerImpl.java:requestVote(1078)) - 93155b15-512d-4c8d-b4b5-3701a6ff6ed7@group-BFBF8A2CDC57 replies to ELECTION vote request: fbdafa3d-fbd0-48e3-8b83-ea1e54fefb5d<-93155b15-512d-4c8d-b4b5-3701a6ff6ed7#0:OK-t3. Peer's state: 93155b15-512d-4c8d-b4b5-3701a6ff6ed7@group-BFBF8A2CDC57:t3, leader=null, voted=fbdafa3d-fbd0-48e3-8b83-ea1e54fefb5d, raftlog=93155b15-512d-4c8d-b4b5-3701a6ff6ed7@group-BFBF8A2CDC57-SegmentedRaftLog:OPENED:c-1, conf=-1: [93155b15-512d-4c8d-b4b5-3701a6ff6ed7|rpc:10.1.0.43:43723|dataStream:|priority:0, fbdafa3d-fbd0-48e3-8b83-ea1e54fefb5d|rpc:10.1.0.43:37327|dataStream:|priority:0, fd7bdda1-593d-4007-bd0c-6fbef76da485|rpc:10.1.0.43:36783|dataStream:|priority:1], old=null
2021-12-02 01:43:27,772 [fbdafa3d-fbd0-48e3-8b83-ea1e54fefb5d@group-BFBF8A2CDC57-LeaderElection142] INFO  impl.LeaderElection (LeaderElection.java:logAndReturn(89)) - fbdafa3d-fbd0-48e3-8b83-ea1e54fefb5d@group-BFBF8A2CDC57-LeaderElection142: ELECTION REJECTED received 2 response(s) and 0 exception(s):
2021-12-02 01:43:27,772 [fbdafa3d-fbd0-48e3-8b83-ea1e54fefb5d@group-BFBF8A2CDC57-LeaderElection142] INFO  impl.LeaderElection (LeaderElection.java:logAndReturn(93)) -   Response 0: fbdafa3d-fbd0-48e3-8b83-ea1e54fefb5d<-93155b15-512d-4c8d-b4b5-3701a6ff6ed7#0:OK-t3
2021-12-02 01:43:27,772 [fbdafa3d-fbd0-48e3-8b83-ea1e54fefb5d@group-BFBF8A2CDC57-LeaderElection142] INFO  impl.LeaderElection (LeaderElection.java:logAndReturn(93)) -   Response 1: fbdafa3d-fbd0-48e3-8b83-ea1e54fefb5d<-fd7bdda1-593d-4007-bd0c-6fbef76da485#0:FAIL-t3
2021-12-02 01:43:27,772 [fbdafa3d-fbd0-48e3-8b83-ea1e54fefb5d@group-BFBF8A2CDC57-LeaderElection142] INFO  impl.LeaderElection (LeaderElection.java:askForVotes(308)) - fbdafa3d-fbd0-48e3-8b83-ea1e54fefb5d@group-BFBF8A2CDC57-LeaderElection142 ELECTION round 0: result REJECTED
2021-12-02 01:43:27,772 [fbdafa3d-fbd0-48e3-8b83-ea1e54fefb5d@group-BFBF8A2CDC57-LeaderElection142] INFO  server.RaftServer$Division (RaftServerImpl.java:setRole(290)) - fbdafa3d-fbd0-48e3-8b83-ea1e54fefb5d@group-BFBF8A2CDC57: changes role from CANDIDATE to FOLLOWER at term 3 for REJECTED
2021-12-02 01:43:27,772 [fbdafa3d-fbd0-48e3-8b83-ea1e54fefb5d@group-BFBF8A2CDC57-LeaderElection142] INFO  impl.RoleInfo (RoleInfo.java:shutdownLeaderElection(121)) - fbdafa3d-fbd0-48e3-8b83-ea1e54fefb5d: shutdown fbdafa3d-fbd0-48e3-8b83-ea1e54fefb5d@group-BFBF8A2CDC57-LeaderElection142
2021-12-02 01:43:27,772 [fbdafa3d-fbd0-48e3-8b83-ea1e54fefb5d@group-BFBF8A2CDC57-LeaderElection142] INFO  impl.RoleInfo (RoleInfo.java:updateAndGet(130)) - fbdafa3d-fbd0-48e3-8b83-ea1e54fefb5d: start fbdafa3d-fbd0-48e3-8b83-ea1e54fefb5d@group-BFBF8A2CDC57-FollowerState
2021-12-02 01:43:27,853 [Command processor thread] INFO  commandhandler.FinalizeNewLayoutVersionCommandHandler (FinalizeNewLayoutVersionCommandHandler.java:handle(64)) - Processing FinalizeNewLayoutVersionCommandHandler command.
2021-12-02 01:43:27,854 [Command processor thread] INFO  server.RaftServer (RaftServerProxy.java:addNew(95)) - 7e03f375-d49a-42ab-b7b9-c2f67bc739a3: addNew group-4D1102E5C1F2:[7e03f375-d49a-42ab-b7b9-c2f67bc739a3|rpc:10.1.0.43:37893|priority:1] returns group-4D1102E5C1F2:java.util.concurrent.CompletableFuture@5284b542[Not completed]
2021-12-02 01:43:27,854 [pool-1172-thread-1] INFO  server.RaftServer$Division (RaftServerImpl.java:<init>(184)) - 7e03f375-d49a-42ab-b7b9-c2f67bc739a3: new RaftServerImpl for group-4D1102E5C1F2:[7e03f375-d49a-42ab-b7b9-c2f67bc739a3|rpc:10.1.0.43:37893|priority:1] with ContainerStateMachine:uninitialized
2021-12-02 01:43:27,854 [pool-1172-thread-1] INFO  server.RaftServerConfigKeys (ConfUtils.java:logGet(44)) - raft.server.rpc.timeout.min = 5s (custom)
2021-12-02 01:43:27,854 [pool-1172-thread-1] INFO  server.RaftServerConfigKeys (ConfUtils.java:logGet(44)) - raft.server.rpc.timeout.max = 5200ms (custom)
2021-12-02 01:43:27,855 [pool-1172-thread-1] INFO  server.RaftServerConfigKeys (ConfUtils.java:logGet(44)) - raft.server.rpc.sleep.time = 25ms (default)
2021-12-02 01:43:27,855 [pool-1172-thread-1] INFO  server.RaftServerConfigKeys (ConfUtils.java:logGet(44)) - raft.server.rpc.slowness.timeout = 300s (custom)
2021-12-02 01:43:27,855 [pool-1172-thread-1] INFO  server.RaftServerConfigKeys (ConfUtils.java:logGet(44)) - raft.server.leaderelection.leader.step-down.wait-time = 10s (default)
2021-12-02 01:43:27,855 [pool-1172-thread-1] INFO  server.RaftServerConfigKeys (ConfUtils.java:logGet(44)) - raft.server.sleep.deviation.threshold = 300ms (default)
2021-12-02 01:43:27,855 [pool-1172-thread-1] INFO  server.RaftServerConfigKeys (ConfUtils.java:logGet(44)) - raft.server.log.appender.install.snapshot.enabled = false (custom)
2021-12-02 01:43:27,855 [pool-1172-thread-1] INFO  server.RaftServer$Division (ServerState.java:<init>(105)) - 7e03f375-d49a-42ab-b7b9-c2f67bc739a3@group-4D1102E5C1F2: ConfigurationManager, init=-1: [7e03f375-d49a-42ab-b7b9-c2f67bc739a3|rpc:10.1.0.43:37893|priority:1], old=null, confs=<EMPTY_MAP>
2021-12-02 01:43:27,855 [pool-1172-thread-1] INFO  server.RaftServerConfigKeys (ConfUtils.java:logGet(44)) - raft.server.storage.dir = [/home/runner/work/ozone/ozone/hadoop-ozone/integration-test/target/test-dir/MiniOzoneClusterImpl-93dc72d0-b1bf-46db-be81-fee59e1e35ad/datanode-0/data/ratis] (custom)
2021-12-02 01:43:27,855 [pool-1172-thread-1] INFO  server.RaftServerConfigKeys (ConfUtils.java:logGet(44)) - raft.server.log.corruption.policy = EXCEPTION (default)
2021-12-02 01:43:27,855 [pool-1172-thread-1] INFO  server.RaftServerConfigKeys (ConfUtils.java:logGet(44)) - raft.server.storage.free-space.min = 0MB (=0) (default)
2021-12-02 01:43:27,855 [pool-1172-thread-1] INFO  storage.RaftStorageDirectory (RaftStorageDirectoryImpl.java:analyzeStorage(135)) - The storage directory /home/runner/work/ozone/ozone/hadoop-ozone/integration-test/target/test-dir/MiniOzoneClusterImpl-93dc72d0-b1bf-46db-be81-fee59e1e35ad/datanode-0/data/ratis/7151e141-d915-4cd5-9dbe-4d1102e5c1f2 does not exist. Creating ...
2021-12-02 01:43:27,861 [pool-1172-thread-1] INFO  storage.RaftStorageDirectory (RaftStorageDirectoryImpl.java:tryLock(230)) - Lock on /home/runner/work/ozone/ozone/hadoop-ozone/integration-test/target/test-dir/MiniOzoneClusterImpl-93dc72d0-b1bf-46db-be81-fee59e1e35ad/datanode-0/data/ratis/7151e141-d915-4cd5-9dbe-4d1102e5c1f2/in_use.lock acquired by nodename 24779@fv-az122-438
2021-12-02 01:43:27,864 [pool-1172-thread-1] INFO  storage.RaftStorage (RaftStorageImpl.java:format(89)) - Storage directory /home/runner/work/ozone/ozone/hadoop-ozone/integration-test/target/test-dir/MiniOzoneClusterImpl-93dc72d0-b1bf-46db-be81-fee59e1e35ad/datanode-0/data/ratis/7151e141-d915-4cd5-9dbe-4d1102e5c1f2 has been successfully formatted.
2021-12-02 01:43:27,864 [pool-1172-thread-1] INFO  ratis.ContainerStateMachine (ContainerStateMachine.java:loadSnapshot(224)) - group-4D1102E5C1F2: The snapshot info is null. Setting the last applied indexto:(t:0, i:~)
2021-12-02 01:43:27,864 [pool-1172-thread-1] INFO  server.RaftServerConfigKeys (ConfUtils.java:logGet(44)) - raft.server.notification.no-leader.timeout = 300s (custom)
2021-12-02 01:43:27,864 [pool-1172-thread-1] INFO  server.RaftServerConfigKeys (ConfUtils.java:logGet(44)) - raft.server.log.use.memory = false (default)
2021-12-02 01:43:27,864 [pool-1172-thread-1] INFO  server.RaftServerConfigKeys (ConfUtils.java:logGet(44)) - raft.server.log.purge.gap = 1000000 (custom)
2021-12-02 01:43:27,864 [pool-1172-thread-1] INFO  server.RaftServerConfigKeys (ConfUtils.java:logGet(44)) - raft.server.log.appender.buffer.byte-limit = 33554432 (custom)
2021-12-02 01:43:27,865 [pool-1172-thread-1] INFO  server.RaftServerConfigKeys (ConfUtils.java:logGet(44)) - raft.server.log.segment.size.max = 1048576 (custom)
2021-12-02 01:43:27,865 [pool-1172-thread-1] INFO  server.RaftServerConfigKeys (ConfUtils.java:logGet(44)) - raft.server.log.segment.cache.num.max = 2 (custom)
2021-12-02 01:43:27,865 [pool-1172-thread-1] INFO  server.RaftServerConfigKeys (ConfUtils.java:logGet(44)) - raft.server.log.segment.cache.size.max = 200MB (=209715200) (default)
2021-12-02 01:43:27,865 [pool-1172-thread-1] INFO  segmented.SegmentedRaftLogWorker (SegmentedRaftLogWorker.java:<init>(182)) - new 7e03f375-d49a-42ab-b7b9-c2f67bc739a3@group-4D1102E5C1F2-SegmentedRaftLogWorker for RaftStorageImpl:Storage Directory /home/runner/work/ozone/ozone/hadoop-ozone/integration-test/target/test-dir/MiniOzoneClusterImpl-93dc72d0-b1bf-46db-be81-fee59e1e35ad/datanode-0/data/ratis/7151e141-d915-4cd5-9dbe-4d1102e5c1f2
2021-12-02 01:43:27,865 [pool-1172-thread-1] INFO  server.RaftServerConfigKeys (ConfUtils.java:logGet(44)) - raft.server.log.queue.byte-limit = 2147483647 (custom)
2021-12-02 01:43:27,865 [pool-1172-thread-1] INFO  server.RaftServerConfigKeys (ConfUtils.java:logGet(44)) - raft.server.log.queue.element-limit = 1024 (custom)
2021-12-02 01:43:27,866 [pool-1172-thread-1] INFO  server.RaftServerConfigKeys (ConfUtils.java:logGet(44)) - raft.server.log.segment.size.max = 1048576 (custom)
2021-12-02 01:43:27,866 [pool-1172-thread-1] INFO  server.RaftServerConfigKeys (ConfUtils.java:logGet(44)) - raft.server.log.preallocated.size = 16384 (custom)
2021-12-02 01:43:27,866 [pool-1172-thread-1] INFO  server.RaftServerConfigKeys (ConfUtils.java:logGet(44)) - raft.server.log.force.sync.num = 128 (default)
2021-12-02 01:43:27,866 [pool-1172-thread-1] INFO  server.RaftServerConfigKeys (ConfUtils.java:logGet(44)) - raft.server.log.statemachine.data.sync = true (default)
2021-12-02 01:43:27,866 [pool-1172-thread-1] INFO  server.RaftServerConfigKeys (ConfUtils.java:logGet(44)) - raft.server.log.statemachine.data.sync.timeout = 10s (default)
2021-12-02 01:43:27,866 [pool-1172-thread-1] INFO  server.RaftServerConfigKeys (ConfUtils.java:logGet(44)) - raft.server.log.statemachine.data.sync.timeout.retry = -1 (default)
2021-12-02 01:43:27,867 [pool-1172-thread-1] INFO  server.RaftServerConfigKeys (ConfUtils.java:logGet(44)) - raft.server.log.write.buffer.size = 1048576 (custom)
2021-12-02 01:43:27,868 [pool-1172-thread-1] INFO  server.RaftServerConfigKeys (ConfUtils.java:logGet(44)) - raft.server.log.statemachine.data.caching.enabled = true (custom)
2021-12-02 01:43:27,868 [pool-1172-thread-1] INFO  segmented.SegmentedRaftLogWorker (SegmentedRaftLogWorker.java:lambda$new$0(133)) - 7e03f375-d49a-42ab-b7b9-c2f67bc739a3@group-4D1102E5C1F2-SegmentedRaftLogWorker: flushIndex: setUnconditionally 0 -> -1
2021-12-02 01:43:27,868 [pool-1172-thread-1] INFO  segmented.SegmentedRaftLogWorker (SegmentedRaftLogWorker.java:lambda$new$0(133)) - 7e03f375-d49a-42ab-b7b9-c2f67bc739a3@group-4D1102E5C1F2-SegmentedRaftLogWorker: safeCacheEvictIndex: setUnconditionally 0 -> -1
2021-12-02 01:43:27,869 [EventQueue-PipelineReportForPipelineReportHandler] INFO  pipeline.PipelineManagerImpl (PipelineManagerImpl.java:openPipeline(289)) - Pipeline Pipeline[ Id: 7151e141-d915-4cd5-9dbe-4d1102e5c1f2, Nodes: 7e03f375-d49a-42ab-b7b9-c2f67bc739a3{ip: 10.1.0.43, host: fv-az122-438.zf1tlrj3kn4expqppa1j4mpycf.xx.internal.cloudapp.net, ports: [REPLICATION=36061, RATIS=37893, RATIS_ADMIN=37893, RATIS_SERVER=37893, STANDALONE=36207], networkLocation: /default-rack, certSerialId: null, persistedOpState: IN_SERVICE, persistedOpStateExpiryEpochSec: 0}, ReplicationConfig: RATIS/ONE, State:ALLOCATED, leaderId:7e03f375-d49a-42ab-b7b9-c2f67bc739a3, CreationTimestamp2021-12-02T01:43:27.195Z[Etc/UTC]] moved to OPEN state
2021-12-02 01:43:27,872 [pool-1172-thread-1] INFO  server.RaftServerConfigKeys (ConfUtils.java:logGet(44)) - raft.server.snapshot.auto.trigger.enabled = true (custom)
2021-12-02 01:43:27,872 [pool-1172-thread-1] INFO  server.RaftServerConfigKeys (ConfUtils.java:logGet(44)) - raft.server.snapshot.auto.trigger.threshold = 10000 (custom)
2021-12-02 01:43:27,872 [pool-1172-thread-1] INFO  server.RaftServerConfigKeys (ConfUtils.java:logGet(44)) - raft.server.snapshot.retention.file.num = 5 (custom)
2021-12-02 01:43:27,872 [pool-1172-thread-1] INFO  server.RaftServerConfigKeys (ConfUtils.java:logGet(44)) - raft.server.log.purge.upto.snapshot.index = false (default)
2021-12-02 01:43:27,872 [pool-1172-thread-1] INFO  server.RaftServerConfigKeys (ConfUtils.java:logGet(44)) - raft.server.retrycache.expirytime = 600000ms (custom)
2021-12-02 01:43:27,872 [pool-1172-thread-1] INFO  server.RaftServerConfigKeys (ConfUtils.java:logGet(44)) - raft.server.retrycache.statistics.expirytime = 100μs (default)
2021-12-02 01:43:27,874 [pool-1172-thread-1] INFO  server.RaftServer$Division (RaftServerImpl.java:start(301)) - 7e03f375-d49a-42ab-b7b9-c2f67bc739a3@group-4D1102E5C1F2: start as a follower, conf=-1: [7e03f375-d49a-42ab-b7b9-c2f67bc739a3|rpc:10.1.0.43:37893|priority:1], old=null
2021-12-02 01:43:27,877 [pool-1172-thread-1] INFO  server.RaftServer$Division (RaftServerImpl.java:setRole(290)) - 7e03f375-d49a-42ab-b7b9-c2f67bc739a3@group-4D1102E5C1F2: changes role from      null to FOLLOWER at term 0 for startAsFollower
2021-12-02 01:43:27,877 [pool-1172-thread-1] INFO  impl.RoleInfo (RoleInfo.java:updateAndGet(130)) - 7e03f375-d49a-42ab-b7b9-c2f67bc739a3: start 7e03f375-d49a-42ab-b7b9-c2f67bc739a3@group-4D1102E5C1F2-FollowerState
2021-12-02 01:43:27,877 [pool-1172-thread-1] INFO  util.JmxRegister (JmxRegister.java:tryRegister(44)) - Successfully registered JMX Bean with object name Ratis:service=RaftServer,group=group-4D1102E5C1F2,id=7e03f375-d49a-42ab-b7b9-c2f67bc739a3
2021-12-02 01:43:27,879 [Command processor thread] INFO  ratis.XceiverServerRatis (XceiverServerRatis.java:addGroup(768)) - Created group PipelineID=7151e141-d915-4cd5-9dbe-4d1102e5c1f2
2021-12-02 01:43:27,879 [Command processor thread] INFO  commandhandler.CreatePipelineCommandHandler (CreatePipelineCommandHandler.java:handle(106)) - Created Pipeline RATIS ONE PipelineID=7151e141-d915-4cd5-9dbe-4d1102e5c1f2.
2021-12-02 01:43:27,879 [Command processor thread] INFO  server.RaftServer (RaftServerProxy.java:addNew(95)) - 7e03f375-d49a-42ab-b7b9-c2f67bc739a3: addNew group-77077D228A21:[e0d25c1b-b502-41c3-a142-f82b5e97ff03|rpc:10.1.0.43:41039|priority:1, 7e03f375-d49a-42ab-b7b9-c2f67bc739a3|rpc:10.1.0.43:37893|priority:0, 24275692-492e-4f92-b24d-cb5c5113d796|rpc:10.1.0.43:43787|priority:0] returns group-77077D228A21:java.util.concurrent.CompletableFuture@4395750d[Not completed]
2021-12-02 01:43:27,879 [pool-1172-thread-1] INFO  server.RaftServer$Division (RaftServerImpl.java:<init>(184)) - 7e03f375-d49a-42ab-b7b9-c2f67bc739a3: new RaftServerImpl for group-77077D228A21:[e0d25c1b-b502-41c3-a142-f82b5e97ff03|rpc:10.1.0.43:41039|priority:1, 7e03f375-d49a-42ab-b7b9-c2f67bc739a3|rpc:10.1.0.43:37893|priority:0, 24275692-492e-4f92-b24d-cb5c5113d796|rpc:10.1.0.43:43787|priority:0] with ContainerStateMachine:uninitialized
2021-12-02 01:43:27,879 [pool-1172-thread-1] INFO  server.RaftServerConfigKeys (ConfUtils.java:logGet(44)) - raft.server.rpc.timeout.min = 5s (custom)
2021-12-02 01:43:27,879 [pool-1172-thread-1] INFO  server.RaftServerConfigKeys (ConfUtils.java:logGet(44)) - raft.server.rpc.timeout.max = 5200ms (custom)
2021-12-02 01:43:27,879 [pool-1172-thread-1] INFO  server.RaftServerConfigKeys (ConfUtils.java:logGet(44)) - raft.server.rpc.sleep.time = 25ms (default)
2021-12-02 01:43:27,880 [pool-1172-thread-1] INFO  server.RaftServerConfigKeys (ConfUtils.java:logGet(44)) - raft.server.rpc.slowness.timeout = 300s (custom)
2021-12-02 01:43:27,880 [pool-1172-thread-1] INFO  server.RaftServerConfigKeys (ConfUtils.java:logGet(44)) - raft.server.leaderelection.leader.step-down.wait-time = 10s (default)
2021-12-02 01:43:27,880 [pool-1172-thread-1] INFO  server.RaftServerConfigKeys (ConfUtils.java:logGet(44)) - raft.server.sleep.deviation.threshold = 300ms (default)
2021-12-02 01:43:27,880 [pool-1172-thread-1] INFO  server.RaftServerConfigKeys (ConfUtils.java:logGet(44)) - raft.server.log.appender.install.snapshot.enabled = false (custom)
2021-12-02 01:43:27,880 [pool-1172-thread-1] INFO  server.RaftServer$Division (ServerState.java:<init>(105)) - 7e03f375-d49a-42ab-b7b9-c2f67bc739a3@group-77077D228A21: ConfigurationManager, init=-1: [e0d25c1b-b502-41c3-a142-f82b5e97ff03|rpc:10.1.0.43:41039|priority:1, 7e03f375-d49a-42ab-b7b9-c2f67bc739a3|rpc:10.1.0.43:37893|priority:0, 24275692-492e-4f92-b24d-cb5c5113d796|rpc:10.1.0.43:43787|priority:0], old=null, confs=<EMPTY_MAP>
2021-12-02 01:43:27,880 [pool-1172-thread-1] INFO  server.RaftServerConfigKeys (ConfUtils.java:logGet(44)) - raft.server.storage.dir = [/home/runner/work/ozone/ozone/hadoop-ozone/integration-test/target/test-dir/MiniOzoneClusterImpl-93dc72d0-b1bf-46db-be81-fee59e1e35ad/datanode-0/data/ratis] (custom)
2021-12-02 01:43:27,880 [pool-1172-thread-1] INFO  server.RaftServerConfigKeys (ConfUtils.java:logGet(44)) - raft.server.log.corruption.policy = EXCEPTION (default)
2021-12-02 01:43:27,880 [pool-1172-thread-1] INFO  server.RaftServerConfigKeys (ConfUtils.java:logGet(44)) - raft.server.storage.free-space.min = 0MB (=0) (default)
2021-12-02 01:43:27,880 [pool-1172-thread-1] INFO  storage.RaftStorageDirectory (RaftStorageDirectoryImpl.java:analyzeStorage(135)) - The storage directory /home/runner/work/ozone/ozone/hadoop-ozone/integration-test/target/test-dir/MiniOzoneClusterImpl-93dc72d0-b1bf-46db-be81-fee59e1e35ad/datanode-0/data/ratis/997c7752-6dbb-4ec0-b04a-77077d228a21 does not exist. Creating ...
2021-12-02 01:43:27,888 [pool-1172-thread-1] INFO  storage.RaftStorageDirectory (RaftStorageDirectoryImpl.java:tryLock(230)) - Lock on /home/runner/work/ozone/ozone/hadoop-ozone/integration-test/target/test-dir/MiniOzoneClusterImpl-93dc72d0-b1bf-46db-be81-fee59e1e35ad/datanode-0/data/ratis/997c7752-6dbb-4ec0-b04a-77077d228a21/in_use.lock acquired by nodename 24779@fv-az122-438
2021-12-02 01:43:27,921 [pool-1172-thread-1] INFO  storage.RaftStorage (RaftStorageImpl.java:format(89)) - Storage directory /home/runner/work/ozone/ozone/hadoop-ozone/integration-test/target/test-dir/MiniOzoneClusterImpl-93dc72d0-b1bf-46db-be81-fee59e1e35ad/datanode-0/data/ratis/997c7752-6dbb-4ec0-b04a-77077d228a21 has been successfully formatted.
2021-12-02 01:43:27,922 [pool-1172-thread-1] INFO  ratis.ContainerStateMachine (ContainerStateMachine.java:loadSnapshot(224)) - group-77077D228A21: The snapshot info is null. Setting the last applied indexto:(t:0, i:~)
2021-12-02 01:43:27,922 [pool-1172-thread-1] INFO  server.RaftServerConfigKeys (ConfUtils.java:logGet(44)) - raft.server.notification.no-leader.timeout = 300s (custom)
2021-12-02 01:43:27,922 [pool-1172-thread-1] INFO  server.RaftServerConfigKeys (ConfUtils.java:logGet(44)) - raft.server.log.use.memory = false (default)
2021-12-02 01:43:27,922 [pool-1172-thread-1] INFO  server.RaftServerConfigKeys (ConfUtils.java:logGet(44)) - raft.server.log.purge.gap = 1000000 (custom)
2021-12-02 01:43:27,922 [pool-1172-thread-1] INFO  server.RaftServerConfigKeys (ConfUtils.java:logGet(44)) - raft.server.log.appender.buffer.byte-limit = 33554432 (custom)
2021-12-02 01:43:27,922 [pool-1172-thread-1] INFO  server.RaftServerConfigKeys (ConfUtils.java:logGet(44)) - raft.server.log.segment.size.max = 1048576 (custom)
2021-12-02 01:43:27,923 [pool-1172-thread-1] INFO  server.RaftServerConfigKeys (ConfUtils.java:logGet(44)) - raft.server.log.segment.cache.num.max = 2 (custom)
2021-12-02 01:43:27,923 [pool-1172-thread-1] INFO  server.RaftServerConfigKeys (ConfUtils.java:logGet(44)) - raft.server.log.segment.cache.size.max = 200MB (=209715200) (default)
2021-12-02 01:43:27,923 [pool-1172-thread-1] INFO  segmented.SegmentedRaftLogWorker (SegmentedRaftLogWorker.java:<init>(182)) - new 7e03f375-d49a-42ab-b7b9-c2f67bc739a3@group-77077D228A21-SegmentedRaftLogWorker for RaftStorageImpl:Storage Directory /home/runner/work/ozone/ozone/hadoop-ozone/integration-test/target/test-dir/MiniOzoneClusterImpl-93dc72d0-b1bf-46db-be81-fee59e1e35ad/datanode-0/data/ratis/997c7752-6dbb-4ec0-b04a-77077d228a21
2021-12-02 01:43:27,923 [pool-1172-thread-1] INFO  server.RaftServerConfigKeys (ConfUtils.java:logGet(44)) - raft.server.log.queue.byte-limit = 2147483647 (custom)
2021-12-02 01:43:27,923 [pool-1172-thread-1] INFO  server.RaftServerConfigKeys (ConfUtils.java:logGet(44)) - raft.server.log.queue.element-limit = 1024 (custom)
2021-12-02 01:43:27,923 [pool-1172-thread-1] INFO  server.RaftServerConfigKeys (ConfUtils.java:logGet(44)) - raft.server.log.segment.size.max = 1048576 (custom)
2021-12-02 01:43:27,923 [pool-1172-thread-1] INFO  server.RaftServerConfigKeys (ConfUtils.java:logGet(44)) - raft.server.log.preallocated.size = 16384 (custom)
2021-12-02 01:43:27,923 [pool-1172-thread-1] INFO  server.RaftServerConfigKeys (ConfUtils.java:logGet(44)) - raft.server.log.force.sync.num = 128 (default)
2021-12-02 01:43:27,923 [pool-1172-thread-1] INFO  server.RaftServerConfigKeys (ConfUtils.java:logGet(44)) - raft.server.log.statemachine.data.sync = true (default)
2021-12-02 01:43:27,923 [pool-1172-thread-1] INFO  server.RaftServerConfigKeys (ConfUtils.java:logGet(44)) - raft.server.log.statemachine.data.sync.timeout = 10s (default)
2021-12-02 01:43:27,923 [pool-1172-thread-1] INFO  server.RaftServerConfigKeys (ConfUtils.java:logGet(44)) - raft.server.log.statemachine.data.sync.timeout.retry = -1 (default)
2021-12-02 01:43:27,925 [pool-1172-thread-1] INFO  server.RaftServerConfigKeys (ConfUtils.java:logGet(44)) - raft.server.log.write.buffer.size = 1048576 (custom)
2021-12-02 01:43:27,930 [pool-1172-thread-1] INFO  server.RaftServerConfigKeys (ConfUtils.java:logGet(44)) - raft.server.log.statemachine.data.caching.enabled = true (custom)
2021-12-02 01:43:27,930 [pool-1172-thread-1] INFO  segmented.SegmentedRaftLogWorker (SegmentedRaftLogWorker.java:lambda$new$0(133)) - 7e03f375-d49a-42ab-b7b9-c2f67bc739a3@group-77077D228A21-SegmentedRaftLogWorker: flushIndex: setUnconditionally 0 -> -1
2021-12-02 01:43:27,931 [pool-1172-thread-1] INFO  segmented.SegmentedRaftLogWorker (SegmentedRaftLogWorker.java:lambda$new$0(133)) - 7e03f375-d49a-42ab-b7b9-c2f67bc739a3@group-77077D228A21-SegmentedRaftLogWorker: safeCacheEvictIndex: setUnconditionally 0 -> -1
2021-12-02 01:43:27,937 [pool-1172-thread-1] INFO  server.RaftServerConfigKeys (ConfUtils.java:logGet(44)) - raft.server.snapshot.auto.trigger.enabled = true (custom)
2021-12-02 01:43:27,937 [pool-1172-thread-1] INFO  server.RaftServerConfigKeys (ConfUtils.java:logGet(44)) - raft.server.snapshot.auto.trigger.threshold = 10000 (custom)
2021-12-02 01:43:27,938 [pool-1172-thread-1] INFO  server.RaftServerConfigKeys (ConfUtils.java:logGet(44)) - raft.server.snapshot.retention.file.num = 5 (custom)
2021-12-02 01:43:27,938 [pool-1172-thread-1] INFO  server.RaftServerConfigKeys (ConfUtils.java:logGet(44)) - raft.server.log.purge.upto.snapshot.index = false (default)
2021-12-02 01:43:27,938 [pool-1172-thread-1] INFO  server.RaftServerConfigKeys (ConfUtils.java:logGet(44)) - raft.server.retrycache.expirytime = 600000ms (custom)
2021-12-02 01:43:27,938 [pool-1172-thread-1] INFO  server.RaftServerConfigKeys (ConfUtils.java:logGet(44)) - raft.server.retrycache.statistics.expirytime = 100μs (default)
2021-12-02 01:43:27,940 [pool-1172-thread-1] INFO  server.RaftServer$Division (RaftServerImpl.java:start(301)) - 7e03f375-d49a-42ab-b7b9-c2f67bc739a3@group-77077D228A21: start as a follower, conf=-1: [e0d25c1b-b502-41c3-a142-f82b5e97ff03|rpc:10.1.0.43:41039|priority:1, 7e03f375-d49a-42ab-b7b9-c2f67bc739a3|rpc:10.1.0.43:37893|priority:0, 24275692-492e-4f92-b24d-cb5c5113d796|rpc:10.1.0.43:43787|priority:0], old=null
2021-12-02 01:43:27,940 [pool-1172-thread-1] INFO  server.RaftServer$Division (RaftServerImpl.java:setRole(290)) - 7e03f375-d49a-42ab-b7b9-c2f67bc739a3@group-77077D228A21: changes role from      null to FOLLOWER at term 0 for startAsFollower
2021-12-02 01:43:27,940 [pool-1172-thread-1] INFO  impl.RoleInfo (RoleInfo.java:updateAndGet(130)) - 7e03f375-d49a-42ab-b7b9-c2f67bc739a3: start 7e03f375-d49a-42ab-b7b9-c2f67bc739a3@group-77077D228A21-FollowerState
2021-12-02 01:43:27,940 [pool-1172-thread-1] INFO  util.JmxRegister (JmxRegister.java:tryRegister(44)) - Successfully registered JMX Bean with object name Ratis:service=RaftServer,group=group-77077D228A21,id=7e03f375-d49a-42ab-b7b9-c2f67bc739a3
2021-12-02 01:43:27,941 [Command processor thread] INFO  ratis.XceiverServerRatis (XceiverServerRatis.java:addGroup(768)) - Created group PipelineID=997c7752-6dbb-4ec0-b04a-77077d228a21
2021-12-02 01:43:27,946 [grpc-default-executor-1] INFO  server.RaftServer (RaftServerProxy.java:addNew(95)) - e0d25c1b-b502-41c3-a142-f82b5e97ff03: addNew group-77077D228A21:[e0d25c1b-b502-41c3-a142-f82b5e97ff03|rpc:10.1.0.43:41039|dataStream:|priority:1, 7e03f375-d49a-42ab-b7b9-c2f67bc739a3|rpc:10.1.0.43:37893|dataStream:|priority:0, 24275692-492e-4f92-b24d-cb5c5113d796|rpc:10.1.0.43:43787|dataStream:|priority:0] returns group-77077D228A21:java.util.concurrent.CompletableFuture@6b103553[Not completed]
2021-12-02 01:43:27,947 [pool-1215-thread-1] INFO  server.RaftServer$Division (RaftServerImpl.java:<init>(184)) - e0d25c1b-b502-41c3-a142-f82b5e97ff03: new RaftServerImpl for group-77077D228A21:[e0d25c1b-b502-41c3-a142-f82b5e97ff03|rpc:10.1.0.43:41039|dataStream:|priority:1, 7e03f375-d49a-42ab-b7b9-c2f67bc739a3|rpc:10.1.0.43:37893|dataStream:|priority:0, 24275692-492e-4f92-b24d-cb5c5113d796|rpc:10.1.0.43:43787|dataStream:|priority:0] with ContainerStateMachine:uninitialized
2021-12-02 01:43:27,947 [pool-1215-thread-1] INFO  server.RaftServerConfigKeys (ConfUtils.java:logGet(44)) - raft.server.rpc.timeout.min = 5s (custom)
2021-12-02 01:43:27,947 [pool-1215-thread-1] INFO  server.RaftServerConfigKeys (ConfUtils.java:logGet(44)) - raft.server.rpc.timeout.max = 5200ms (custom)
2021-12-02 01:43:27,947 [pool-1215-thread-1] INFO  server.RaftServerConfigKeys (ConfUtils.java:logGet(44)) - raft.server.rpc.sleep.time = 25ms (default)
2021-12-02 01:43:27,947 [pool-1215-thread-1] INFO  server.RaftServerConfigKeys (ConfUtils.java:logGet(44)) - raft.server.rpc.slowness.timeout = 300s (custom)
2021-12-02 01:43:27,947 [pool-1215-thread-1] INFO  server.RaftServerConfigKeys (ConfUtils.java:logGet(44)) - raft.server.leaderelection.leader.step-down.wait-time = 10s (default)
2021-12-02 01:43:27,947 [pool-1215-thread-1] INFO  server.RaftServerConfigKeys (ConfUtils.java:logGet(44)) - raft.server.sleep.deviation.threshold = 300ms (default)
2021-12-02 01:43:27,947 [pool-1215-thread-1] INFO  server.RaftServerConfigKeys (ConfUtils.java:logGet(44)) - raft.server.log.appender.install.snapshot.enabled = false (custom)
2021-12-02 01:43:27,947 [pool-1215-thread-1] INFO  server.RaftServer$Division (ServerState.java:<init>(105)) - e0d25c1b-b502-41c3-a142-f82b5e97ff03@group-77077D228A21: ConfigurationManager, init=-1: [e0d25c1b-b502-41c3-a142-f82b5e97ff03|rpc:10.1.0.43:41039|dataStream:|priority:1, 7e03f375-d49a-42ab-b7b9-c2f67bc739a3|rpc:10.1.0.43:37893|dataStream:|priority:0, 24275692-492e-4f92-b24d-cb5c5113d796|rpc:10.1.0.43:43787|dataStream:|priority:0], old=null, confs=<EMPTY_MAP>
2021-12-02 01:43:27,947 [pool-1215-thread-1] INFO  server.RaftServerConfigKeys (ConfUtils.java:logGet(44)) - raft.server.storage.dir = [/home/runner/work/ozone/ozone/hadoop-ozone/integration-test/target/test-dir/MiniOzoneClusterImpl-93dc72d0-b1bf-46db-be81-fee59e1e35ad/datanode-2/data/ratis] (custom)
2021-12-02 01:43:27,947 [pool-1215-thread-1] INFO  server.RaftServerConfigKeys (ConfUtils.java:logGet(44)) - raft.server.log.corruption.policy = EXCEPTION (default)
2021-12-02 01:43:27,947 [pool-1215-thread-1] INFO  server.RaftServerConfigKeys (ConfUtils.java:logGet(44)) - raft.server.storage.free-space.min = 0MB (=0) (default)
2021-12-02 01:43:27,947 [pool-1215-thread-1] INFO  storage.RaftStorageDirectory (RaftStorageDirectoryImpl.java:analyzeStorage(135)) - The storage directory /home/runner/work/ozone/ozone/hadoop-ozone/integration-test/target/test-dir/MiniOzoneClusterImpl-93dc72d0-b1bf-46db-be81-fee59e1e35ad/datanode-2/data/ratis/997c7752-6dbb-4ec0-b04a-77077d228a21 does not exist. Creating ...
2021-12-02 01:43:27,956 [pool-1215-thread-1] INFO  storage.RaftStorageDirectory (RaftStorageDirectoryImpl.java:tryLock(230)) - Lock on /home/runner/work/ozone/ozone/hadoop-ozone/integration-test/target/test-dir/MiniOzoneClusterImpl-93dc72d0-b1bf-46db-be81-fee59e1e35ad/datanode-2/data/ratis/997c7752-6dbb-4ec0-b04a-77077d228a21/in_use.lock acquired by nodename 24779@fv-az122-438
2021-12-02 01:43:27,960 [pool-1215-thread-1] INFO  storage.RaftStorage (RaftStorageImpl.java:format(89)) - Storage directory /home/runner/work/ozone/ozone/hadoop-ozone/integration-test/target/test-dir/MiniOzoneClusterImpl-93dc72d0-b1bf-46db-be81-fee59e1e35ad/datanode-2/data/ratis/997c7752-6dbb-4ec0-b04a-77077d228a21 has been successfully formatted.
2021-12-02 01:43:27,960 [pool-1215-thread-1] INFO  ratis.ContainerStateMachine (ContainerStateMachine.java:loadSnapshot(224)) - group-77077D228A21: The snapshot info is null. Setting the last applied indexto:(t:0, i:~)
2021-12-02 01:43:27,960 [pool-1215-thread-1] INFO  server.RaftServerConfigKeys (ConfUtils.java:logGet(44)) - raft.server.notification.no-leader.timeout = 300s (custom)
2021-12-02 01:43:27,960 [pool-1215-thread-1] INFO  server.RaftServerConfigKeys (ConfUtils.java:logGet(44)) - raft.server.log.use.memory = false (default)
2021-12-02 01:43:27,960 [pool-1215-thread-1] INFO  server.RaftServerConfigKeys (ConfUtils.java:logGet(44)) - raft.server.log.purge.gap = 1000000 (custom)
2021-12-02 01:43:27,960 [pool-1215-thread-1] INFO  server.RaftServerConfigKeys (ConfUtils.java:logGet(44)) - raft.server.log.appender.buffer.byte-limit = 33554432 (custom)
2021-12-02 01:43:27,960 [pool-1215-thread-1] INFO  server.RaftServerConfigKeys (ConfUtils.java:logGet(44)) - raft.server.log.segment.size.max = 1048576 (custom)
2021-12-02 01:43:27,961 [pool-1215-thread-1] INFO  server.RaftServerConfigKeys (ConfUtils.java:logGet(44)) - raft.server.log.segment.cache.num.max = 2 (custom)
2021-12-02 01:43:27,961 [pool-1215-thread-1] INFO  server.RaftServerConfigKeys (ConfUtils.java:logGet(44)) - raft.server.log.segment.cache.size.max = 200MB (=209715200) (default)
2021-12-02 01:43:27,961 [pool-1215-thread-1] INFO  segmented.SegmentedRaftLogWorker (SegmentedRaftLogWorker.java:<init>(182)) - new e0d25c1b-b502-41c3-a142-f82b5e97ff03@group-77077D228A21-SegmentedRaftLogWorker for RaftStorageImpl:Storage Directory /home/runner/work/ozone/ozone/hadoop-ozone/integration-test/target/test-dir/MiniOzoneClusterImpl-93dc72d0-b1bf-46db-be81-fee59e1e35ad/datanode-2/data/ratis/997c7752-6dbb-4ec0-b04a-77077d228a21
2021-12-02 01:43:27,961 [pool-1215-thread-1] INFO  server.RaftServerConfigKeys (ConfUtils.java:logGet(44)) - raft.server.log.queue.byte-limit = 2147483647 (custom)
2021-12-02 01:43:27,961 [pool-1215-thread-1] INFO  server.RaftServerConfigKeys (ConfUtils.java:logGet(44)) - raft.server.log.queue.element-limit = 1024 (custom)
2021-12-02 01:43:27,962 [pool-1215-thread-1] INFO  server.RaftServerConfigKeys (ConfUtils.java:logGet(44)) - raft.server.log.segment.size.max = 1048576 (custom)
2021-12-02 01:43:27,962 [pool-1215-thread-1] INFO  server.RaftServerConfigKeys (ConfUtils.java:logGet(44)) - raft.server.log.preallocated.size = 16384 (custom)
2021-12-02 01:43:27,962 [pool-1215-thread-1] INFO  server.RaftServerConfigKeys (ConfUtils.java:logGet(44)) - raft.server.log.force.sync.num = 128 (default)
2021-12-02 01:43:27,962 [pool-1215-thread-1] INFO  server.RaftServerConfigKeys (ConfUtils.java:logGet(44)) - raft.server.log.statemachine.data.sync = true (default)
2021-12-02 01:43:27,962 [pool-1215-thread-1] INFO  server.RaftServerConfigKeys (ConfUtils.java:logGet(44)) - raft.server.log.statemachine.data.sync.timeout = 10s (default)
2021-12-02 01:43:27,962 [pool-1215-thread-1] INFO  server.RaftServerConfigKeys (ConfUtils.java:logGet(44)) - raft.server.log.statemachine.data.sync.timeout.retry = -1 (default)
2021-12-02 01:43:27,964 [pool-1215-thread-1] INFO  server.RaftServerConfigKeys (ConfUtils.java:logGet(44)) - raft.server.log.write.buffer.size = 1048576 (custom)
2021-12-02 01:43:27,964 [pool-1215-thread-1] INFO  server.RaftServerConfigKeys (ConfUtils.java:logGet(44)) - raft.server.log.statemachine.data.caching.enabled = true (custom)
2021-12-02 01:43:27,964 [pool-1215-thread-1] INFO  segmented.SegmentedRaftLogWorker (SegmentedRaftLogWorker.java:lambda$new$0(133)) - e0d25c1b-b502-41c3-a142-f82b5e97ff03@group-77077D228A21-SegmentedRaftLogWorker: flushIndex: setUnconditionally 0 -> -1
2021-12-02 01:43:27,964 [pool-1215-thread-1] INFO  segmented.SegmentedRaftLogWorker (SegmentedRaftLogWorker.java:lambda$new$0(133)) - e0d25c1b-b502-41c3-a142-f82b5e97ff03@group-77077D228A21-SegmentedRaftLogWorker: safeCacheEvictIndex: setUnconditionally 0 -> -1
2021-12-02 01:43:27,985 [pool-1215-thread-1] INFO  server.RaftServerConfigKeys (ConfUtils.java:logGet(44)) - raft.server.snapshot.auto.trigger.enabled = true (custom)
2021-12-02 01:43:27,985 [pool-1215-thread-1] INFO  server.RaftServerConfigKeys (ConfUtils.java:logGet(44)) - raft.server.snapshot.auto.trigger.threshold = 10000 (custom)
2021-12-02 01:43:27,985 [pool-1215-thread-1] INFO  server.RaftServerConfigKeys (ConfUtils.java:logGet(44)) - raft.server.snapshot.retention.file.num = 5 (custom)
2021-12-02 01:43:27,986 [pool-1215-thread-1] INFO  server.RaftServerConfigKeys (ConfUtils.java:logGet(44)) - raft.server.log.purge.upto.snapshot.index = false (default)
2021-12-02 01:43:27,986 [pool-1215-thread-1] INFO  server.RaftServerConfigKeys (ConfUtils.java:logGet(44)) - raft.server.retrycache.expirytime = 600000ms (custom)
2021-12-02 01:43:27,986 [pool-1215-thread-1] INFO  server.RaftServerConfigKeys (ConfUtils.java:logGet(44)) - raft.server.retrycache.statistics.expirytime = 100μs (default)
2021-12-02 01:43:27,988 [pool-1215-thread-1] INFO  server.RaftServer$Division (RaftServerImpl.java:start(301)) - e0d25c1b-b502-41c3-a142-f82b5e97ff03@group-77077D228A21: start as a follower, conf=-1: [e0d25c1b-b502-41c3-a142-f82b5e97ff03|rpc:10.1.0.43:41039|dataStream:|priority:1, 7e03f375-d49a-42ab-b7b9-c2f67bc739a3|rpc:10.1.0.43:37893|dataStream:|priority:0, 24275692-492e-4f92-b24d-cb5c5113d796|rpc:10.1.0.43:43787|dataStream:|priority:0], old=null
2021-12-02 01:43:27,988 [pool-1215-thread-1] INFO  server.RaftServer$Division (RaftServerImpl.java:setRole(290)) - e0d25c1b-b502-41c3-a142-f82b5e97ff03@group-77077D228A21: changes role from      null to FOLLOWER at term 0 for startAsFollower
2021-12-02 01:43:27,988 [pool-1215-thread-1] INFO  impl.RoleInfo (RoleInfo.java:updateAndGet(130)) - e0d25c1b-b502-41c3-a142-f82b5e97ff03: start e0d25c1b-b502-41c3-a142-f82b5e97ff03@group-77077D228A21-FollowerState
2021-12-02 01:43:27,989 [pool-1215-thread-1] INFO  util.JmxRegister (JmxRegister.java:tryRegister(44)) - Successfully registered JMX Bean with object name Ratis:service=RaftServer,group=group-77077D228A21,id=e0d25c1b-b502-41c3-a142-f82b5e97ff03
2021-12-02 01:43:28,062 [grpc-default-executor-1] INFO  server.RaftServer (RaftServerProxy.java:addNew(95)) - 24275692-492e-4f92-b24d-cb5c5113d796: addNew group-77077D228A21:[e0d25c1b-b502-41c3-a142-f82b5e97ff03|rpc:10.1.0.43:41039|dataStream:|priority:1, 7e03f375-d49a-42ab-b7b9-c2f67bc739a3|rpc:10.1.0.43:37893|dataStream:|priority:0, 24275692-492e-4f92-b24d-cb5c5113d796|rpc:10.1.0.43:43787|dataStream:|priority:0] returns group-77077D228A21:java.util.concurrent.CompletableFuture@6193416f[Not completed]
2021-12-02 01:43:28,063 [pool-1196-thread-1] INFO  server.RaftServer$Division (RaftServerImpl.java:<init>(184)) - 24275692-492e-4f92-b24d-cb5c5113d796: new RaftServerImpl for group-77077D228A21:[e0d25c1b-b502-41c3-a142-f82b5e97ff03|rpc:10.1.0.43:41039|dataStream:|priority:1, 7e03f375-d49a-42ab-b7b9-c2f67bc739a3|rpc:10.1.0.43:37893|dataStream:|priority:0, 24275692-492e-4f92-b24d-cb5c5113d796|rpc:10.1.0.43:43787|dataStream:|priority:0] with ContainerStateMachine:uninitialized
2021-12-02 01:43:28,063 [pool-1196-thread-1] INFO  server.RaftServerConfigKeys (ConfUtils.java:logGet(44)) - raft.server.rpc.timeout.min = 5s (custom)
2021-12-02 01:43:28,063 [pool-1196-thread-1] INFO  server.RaftServerConfigKeys (ConfUtils.java:logGet(44)) - raft.server.rpc.timeout.max = 5200ms (custom)
2021-12-02 01:43:28,063 [pool-1196-thread-1] INFO  server.RaftServerConfigKeys (ConfUtils.java:logGet(44)) - raft.server.rpc.sleep.time = 25ms (default)
2021-12-02 01:43:28,063 [pool-1196-thread-1] INFO  server.RaftServerConfigKeys (ConfUtils.java:logGet(44)) - raft.server.rpc.slowness.timeout = 300s (custom)
2021-12-02 01:43:28,063 [pool-1196-thread-1] INFO  server.RaftServerConfigKeys (ConfUtils.java:logGet(44)) - raft.server.leaderelection.leader.step-down.wait-time = 10s (default)
2021-12-02 01:43:28,063 [pool-1196-thread-1] INFO  server.RaftServerConfigKeys (ConfUtils.java:logGet(44)) - raft.server.sleep.deviation.threshold = 300ms (default)
2021-12-02 01:43:28,063 [pool-1196-thread-1] INFO  server.RaftServerConfigKeys (ConfUtils.java:logGet(44)) - raft.server.log.appender.install.snapshot.enabled = false (custom)
2021-12-02 01:43:28,063 [pool-1196-thread-1] INFO  server.RaftServer$Division (ServerState.java:<init>(105)) - 24275692-492e-4f92-b24d-cb5c5113d796@group-77077D228A21: ConfigurationManager, init=-1: [e0d25c1b-b502-41c3-a142-f82b5e97ff03|rpc:10.1.0.43:41039|dataStream:|priority:1, 7e03f375-d49a-42ab-b7b9-c2f67bc739a3|rpc:10.1.0.43:37893|dataStream:|priority:0, 24275692-492e-4f92-b24d-cb5c5113d796|rpc:10.1.0.43:43787|dataStream:|priority:0], old=null, confs=<EMPTY_MAP>
2021-12-02 01:43:28,063 [pool-1196-thread-1] INFO  server.RaftServerConfigKeys (ConfUtils.java:logGet(44)) - raft.server.storage.dir = [/home/runner/work/ozone/ozone/hadoop-ozone/integration-test/target/test-dir/MiniOzoneClusterImpl-93dc72d0-b1bf-46db-be81-fee59e1e35ad/datanode-1/data/ratis] (custom)
2021-12-02 01:43:28,063 [pool-1196-thread-1] INFO  server.RaftServerConfigKeys (ConfUtils.java:logGet(44)) - raft.server.log.corruption.policy = EXCEPTION (default)
2021-12-02 01:43:28,063 [pool-1196-thread-1] INFO  server.RaftServerConfigKeys (ConfUtils.java:logGet(44)) - raft.server.storage.free-space.min = 0MB (=0) (default)
2021-12-02 01:43:28,064 [pool-1196-thread-1] INFO  storage.RaftStorageDirectory (RaftStorageDirectoryImpl.java:analyzeStorage(135)) - The storage directory /home/runner/work/ozone/ozone/hadoop-ozone/integration-test/target/test-dir/MiniOzoneClusterImpl-93dc72d0-b1bf-46db-be81-fee59e1e35ad/datanode-1/data/ratis/997c7752-6dbb-4ec0-b04a-77077d228a21 does not exist. Creating ...
2021-12-02 01:43:28,068 [pool-1196-thread-1] INFO  storage.RaftStorageDirectory (RaftStorageDirectoryImpl.java:tryLock(230)) - Lock on /home/runner/work/ozone/ozone/hadoop-ozone/integration-test/target/test-dir/MiniOzoneClusterImpl-93dc72d0-b1bf-46db-be81-fee59e1e35ad/datanode-1/data/ratis/997c7752-6dbb-4ec0-b04a-77077d228a21/in_use.lock acquired by nodename 24779@fv-az122-438
2021-12-02 01:43:28,073 [pool-1196-thread-1] INFO  storage.RaftStorage (RaftStorageImpl.java:format(89)) - Storage directory /home/runner/work/ozone/ozone/hadoop-ozone/integration-test/target/test-dir/MiniOzoneClusterImpl-93dc72d0-b1bf-46db-be81-fee59e1e35ad/datanode-1/data/ratis/997c7752-6dbb-4ec0-b04a-77077d228a21 has been successfully formatted.
2021-12-02 01:43:28,073 [pool-1196-thread-1] INFO  ratis.ContainerStateMachine (ContainerStateMachine.java:loadSnapshot(224)) - group-77077D228A21: The snapshot info is null. Setting the last applied indexto:(t:0, i:~)
2021-12-02 01:43:28,073 [pool-1196-thread-1] INFO  server.RaftServerConfigKeys (ConfUtils.java:logGet(44)) - raft.server.notification.no-leader.timeout = 300s (custom)
2021-12-02 01:43:28,074 [pool-1196-thread-1] INFO  server.RaftServerConfigKeys (ConfUtils.java:logGet(44)) - raft.server.log.use.memory = false (default)
2021-12-02 01:43:28,074 [pool-1196-thread-1] INFO  server.RaftServerConfigKeys (ConfUtils.java:logGet(44)) - raft.server.log.purge.gap = 1000000 (custom)
2021-12-02 01:43:28,074 [pool-1196-thread-1] INFO  server.RaftServerConfigKeys (ConfUtils.java:logGet(44)) - raft.server.log.appender.buffer.byte-limit = 33554432 (custom)
2021-12-02 01:43:28,074 [pool-1196-thread-1] INFO  server.RaftServerConfigKeys (ConfUtils.java:logGet(44)) - raft.server.log.segment.size.max = 1048576 (custom)
2021-12-02 01:43:28,075 [pool-1196-thread-1] INFO  server.RaftServerConfigKeys (ConfUtils.java:logGet(44)) - raft.server.log.segment.cache.num.max = 2 (custom)
2021-12-02 01:43:28,075 [pool-1196-thread-1] INFO  server.RaftServerConfigKeys (ConfUtils.java:logGet(44)) - raft.server.log.segment.cache.size.max = 200MB (=209715200) (default)
2021-12-02 01:43:28,075 [pool-1196-thread-1] INFO  segmented.SegmentedRaftLogWorker (SegmentedRaftLogWorker.java:<init>(182)) - new 24275692-492e-4f92-b24d-cb5c5113d796@group-77077D228A21-SegmentedRaftLogWorker for RaftStorageImpl:Storage Directory /home/runner/work/ozone/ozone/hadoop-ozone/integration-test/target/test-dir/MiniOzoneClusterImpl-93dc72d0-b1bf-46db-be81-fee59e1e35ad/datanode-1/data/ratis/997c7752-6dbb-4ec0-b04a-77077d228a21
2021-12-02 01:43:28,075 [pool-1196-thread-1] INFO  server.RaftServerConfigKeys (ConfUtils.java:logGet(44)) - raft.server.log.queue.byte-limit = 2147483647 (custom)
2021-12-02 01:43:28,075 [pool-1196-thread-1] INFO  server.RaftServerConfigKeys (ConfUtils.java:logGet(44)) - raft.server.log.queue.element-limit = 1024 (custom)
2021-12-02 01:43:28,075 [pool-1196-thread-1] INFO  server.RaftServerConfigKeys (ConfUtils.java:logGet(44)) - raft.server.log.segment.size.max = 1048576 (custom)
2021-12-02 01:43:28,075 [pool-1196-thread-1] INFO  server.RaftServerConfigKeys (ConfUtils.java:logGet(44)) - raft.server.log.preallocated.size = 16384 (custom)
2021-12-02 01:43:28,075 [pool-1196-thread-1] INFO  server.RaftServerConfigKeys (ConfUtils.java:logGet(44)) - raft.server.log.force.sync.num = 128 (default)
2021-12-02 01:43:28,075 [pool-1196-thread-1] INFO  server.RaftServerConfigKeys (ConfUtils.java:logGet(44)) - raft.server.log.statemachine.data.sync = true (default)
2021-12-02 01:43:28,075 [pool-1196-thread-1] INFO  server.RaftServerConfigKeys (ConfUtils.java:logGet(44)) - raft.server.log.statemachine.data.sync.timeout = 10s (default)
2021-12-02 01:43:28,075 [pool-1196-thread-1] INFO  server.RaftServerConfigKeys (ConfUtils.java:logGet(44)) - raft.server.log.statemachine.data.sync.timeout.retry = -1 (default)
2021-12-02 01:43:28,079 [pool-1196-thread-1] INFO  server.RaftServerConfigKeys (ConfUtils.java:logGet(44)) - raft.server.log.write.buffer.size = 1048576 (custom)
2021-12-02 01:43:28,080 [pool-1196-thread-1] INFO  server.RaftServerConfigKeys (ConfUtils.java:logGet(44)) - raft.server.log.statemachine.data.caching.enabled = true (custom)
2021-12-02 01:43:28,080 [pool-1196-thread-1] INFO  segmented.SegmentedRaftLogWorker (SegmentedRaftLogWorker.java:lambda$new$0(133)) - 24275692-492e-4f92-b24d-cb5c5113d796@group-77077D228A21-SegmentedRaftLogWorker: flushIndex: setUnconditionally 0 -> -1
2021-12-02 01:43:28,080 [pool-1196-thread-1] INFO  segmented.SegmentedRaftLogWorker (SegmentedRaftLogWorker.java:lambda$new$0(133)) - 24275692-492e-4f92-b24d-cb5c5113d796@group-77077D228A21-SegmentedRaftLogWorker: safeCacheEvictIndex: setUnconditionally 0 -> -1
2021-12-02 01:43:28,092 [pool-1196-thread-1] INFO  server.RaftServerConfigKeys (ConfUtils.java:logGet(44)) - raft.server.snapshot.auto.trigger.enabled = true (custom)
2021-12-02 01:43:28,092 [pool-1196-thread-1] INFO  server.RaftServerConfigKeys (ConfUtils.java:logGet(44)) - raft.server.snapshot.auto.trigger.threshold = 10000 (custom)
2021-12-02 01:43:28,092 [pool-1196-thread-1] INFO  server.RaftServerConfigKeys (ConfUtils.java:logGet(44)) - raft.server.snapshot.retention.file.num = 5 (custom)
2021-12-02 01:43:28,092 [pool-1196-thread-1] INFO  server.RaftServerConfigKeys (ConfUtils.java:logGet(44)) - raft.server.log.purge.upto.snapshot.index = false (default)
2021-12-02 01:43:28,092 [pool-1196-thread-1] INFO  server.RaftServerConfigKeys (ConfUtils.java:logGet(44)) - raft.server.retrycache.expirytime = 600000ms (custom)
2021-12-02 01:43:28,092 [pool-1196-thread-1] INFO  server.RaftServerConfigKeys (ConfUtils.java:logGet(44)) - raft.server.retrycache.statistics.expirytime = 100μs (default)
2021-12-02 01:43:28,095 [pool-1196-thread-1] INFO  server.RaftServer$Division (RaftServerImpl.java:start(301)) - 24275692-492e-4f92-b24d-cb5c5113d796@group-77077D228A21: start as a follower, conf=-1: [e0d25c1b-b502-41c3-a142-f82b5e97ff03|rpc:10.1.0.43:41039|dataStream:|priority:1, 7e03f375-d49a-42ab-b7b9-c2f67bc739a3|rpc:10.1.0.43:37893|dataStream:|priority:0, 24275692-492e-4f92-b24d-cb5c5113d796|rpc:10.1.0.43:43787|dataStream:|priority:0], old=null
2021-12-02 01:43:28,095 [pool-1196-thread-1] INFO  server.RaftServer$Division (RaftServerImpl.java:setRole(290)) - 24275692-492e-4f92-b24d-cb5c5113d796@group-77077D228A21: changes role from      null to FOLLOWER at term 0 for startAsFollower
2021-12-02 01:43:28,106 [pool-1196-thread-1] INFO  impl.RoleInfo (RoleInfo.java:updateAndGet(130)) - 24275692-492e-4f92-b24d-cb5c5113d796: start 24275692-492e-4f92-b24d-cb5c5113d796@group-77077D228A21-FollowerState
2021-12-02 01:43:28,106 [pool-1196-thread-1] INFO  util.JmxRegister (JmxRegister.java:tryRegister(44)) - Successfully registered JMX Bean with object name Ratis:service=RaftServer,group=group-77077D228A21,id=24275692-492e-4f92-b24d-cb5c5113d796
2021-12-02 01:43:28,113 [Command processor thread] INFO  commandhandler.CreatePipelineCommandHandler (CreatePipelineCommandHandler.java:handle(106)) - Created Pipeline RATIS THREE PipelineID=997c7752-6dbb-4ec0-b04a-77077d228a21.
2021-12-02 01:43:28,137 [Listener at 127.0.0.1/41183] INFO  ozone.MiniOzoneClusterImpl (MiniOzoneClusterImpl.java:lambda$waitForClusterToBeReady$0(235)) - Nodes are ready. Got 3 of 3 DN Heartbeats.
2021-12-02 01:43:28,137 [Listener at 127.0.0.1/41183] INFO  ozone.MiniOzoneClusterImpl (MiniOzoneClusterImpl.java:lambda$waitForClusterToBeReady$0(238)) - Waiting for cluster to exit safe mode
2021-12-02 01:43:28,137 [Listener at 127.0.0.1/41183] INFO  ozone.MiniOzoneClusterImpl (MiniOzoneClusterImpl.java:lambda$waitForClusterToBeReady$0(240)) - SCM became leader
2021-12-02 01:43:28,314 [Command processor thread] INFO  commandhandler.FinalizeNewLayoutVersionCommandHandler (FinalizeNewLayoutVersionCommandHandler.java:handle(64)) - Processing FinalizeNewLayoutVersionCommandHandler command.
2021-12-02 01:43:28,314 [Command processor thread] INFO  server.RaftServer (RaftServerProxy.java:addNew(95)) - e0d25c1b-b502-41c3-a142-f82b5e97ff03: addNew group-1D0B2B4DCFAE:[e0d25c1b-b502-41c3-a142-f82b5e97ff03|rpc:10.1.0.43:41039|priority:1] returns group-1D0B2B4DCFAE:java.util.concurrent.CompletableFuture@62839d8[Not completed]
2021-12-02 01:43:28,314 [pool-1215-thread-1] INFO  server.RaftServer$Division (RaftServerImpl.java:<init>(184)) - e0d25c1b-b502-41c3-a142-f82b5e97ff03: new RaftServerImpl for group-1D0B2B4DCFAE:[e0d25c1b-b502-41c3-a142-f82b5e97ff03|rpc:10.1.0.43:41039|priority:1] with ContainerStateMachine:uninitialized
2021-12-02 01:43:28,315 [pool-1215-thread-1] INFO  server.RaftServerConfigKeys (ConfUtils.java:logGet(44)) - raft.server.rpc.timeout.min = 5s (custom)
2021-12-02 01:43:28,315 [pool-1215-thread-1] INFO  server.RaftServerConfigKeys (ConfUtils.java:logGet(44)) - raft.server.rpc.timeout.max = 5200ms (custom)
2021-12-02 01:43:28,315 [pool-1215-thread-1] INFO  server.RaftServerConfigKeys (ConfUtils.java:logGet(44)) - raft.server.rpc.sleep.time = 25ms (default)
2021-12-02 01:43:28,315 [pool-1215-thread-1] INFO  server.RaftServerConfigKeys (ConfUtils.java:logGet(44)) - raft.server.rpc.slowness.timeout = 300s (custom)
2021-12-02 01:43:28,315 [pool-1215-thread-1] INFO  server.RaftServerConfigKeys (ConfUtils.java:logGet(44)) - raft.server.leaderelection.leader.step-down.wait-time = 10s (default)
2021-12-02 01:43:28,315 [pool-1215-thread-1] INFO  server.RaftServerConfigKeys (ConfUtils.java:logGet(44)) - raft.server.sleep.deviation.threshold = 300ms (default)
2021-12-02 01:43:28,315 [pool-1215-thread-1] INFO  server.RaftServerConfigKeys (ConfUtils.java:logGet(44)) - raft.server.log.appender.install.snapshot.enabled = false (custom)
2021-12-02 01:43:28,315 [pool-1215-thread-1] INFO  server.RaftServer$Division (ServerState.java:<init>(105)) - e0d25c1b-b502-41c3-a142-f82b5e97ff03@group-1D0B2B4DCFAE: ConfigurationManager, init=-1: [e0d25c1b-b502-41c3-a142-f82b5e97ff03|rpc:10.1.0.43:41039|priority:1], old=null, confs=<EMPTY_MAP>
2021-12-02 01:43:28,315 [pool-1215-thread-1] INFO  server.RaftServerConfigKeys (ConfUtils.java:logGet(44)) - raft.server.storage.dir = [/home/runner/work/ozone/ozone/hadoop-ozone/integration-test/target/test-dir/MiniOzoneClusterImpl-93dc72d0-b1bf-46db-be81-fee59e1e35ad/datanode-2/data/ratis] (custom)
2021-12-02 01:43:28,315 [pool-1215-thread-1] INFO  server.RaftServerConfigKeys (ConfUtils.java:logGet(44)) - raft.server.log.corruption.policy = EXCEPTION (default)
2021-12-02 01:43:28,315 [pool-1215-thread-1] INFO  server.RaftServerConfigKeys (ConfUtils.java:logGet(44)) - raft.server.storage.free-space.min = 0MB (=0) (default)
2021-12-02 01:43:28,315 [pool-1215-thread-1] INFO  storage.RaftStorageDirectory (RaftStorageDirectoryImpl.java:analyzeStorage(135)) - The storage directory /home/runner/work/ozone/ozone/hadoop-ozone/integration-test/target/test-dir/MiniOzoneClusterImpl-93dc72d0-b1bf-46db-be81-fee59e1e35ad/datanode-2/data/ratis/e47afad0-7192-498e-8ec1-1d0b2b4dcfae does not exist. Creating ...
2021-12-02 01:43:28,324 [pool-1215-thread-1] INFO  storage.RaftStorageDirectory (RaftStorageDirectoryImpl.java:tryLock(230)) - Lock on /home/runner/work/ozone/ozone/hadoop-ozone/integration-test/target/test-dir/MiniOzoneClusterImpl-93dc72d0-b1bf-46db-be81-fee59e1e35ad/datanode-2/data/ratis/e47afad0-7192-498e-8ec1-1d0b2b4dcfae/in_use.lock acquired by nodename 24779@fv-az122-438
2021-12-02 01:43:28,326 [pool-1215-thread-1] INFO  storage.RaftStorage (RaftStorageImpl.java:format(89)) - Storage directory /home/runner/work/ozone/ozone/hadoop-ozone/integration-test/target/test-dir/MiniOzoneClusterImpl-93dc72d0-b1bf-46db-be81-fee59e1e35ad/datanode-2/data/ratis/e47afad0-7192-498e-8ec1-1d0b2b4dcfae has been successfully formatted.
2021-12-02 01:43:28,326 [pool-1215-thread-1] INFO  ratis.ContainerStateMachine (ContainerStateMachine.java:loadSnapshot(224)) - group-1D0B2B4DCFAE: The snapshot info is null. Setting the last applied indexto:(t:0, i:~)
2021-12-02 01:43:28,326 [pool-1215-thread-1] INFO  server.RaftServerConfigKeys (ConfUtils.java:logGet(44)) - raft.server.notification.no-leader.timeout = 300s (custom)
2021-12-02 01:43:28,326 [pool-1215-thread-1] INFO  server.RaftServerConfigKeys (ConfUtils.java:logGet(44)) - raft.server.log.use.memory = false (default)
2021-12-02 01:43:28,326 [pool-1215-thread-1] INFO  server.RaftServerConfigKeys (ConfUtils.java:logGet(44)) - raft.server.log.purge.gap = 1000000 (custom)
2021-12-02 01:43:28,326 [pool-1215-thread-1] INFO  server.RaftServerConfigKeys (ConfUtils.java:logGet(44)) - raft.server.log.appender.buffer.byte-limit = 33554432 (custom)
2021-12-02 01:43:28,326 [pool-1215-thread-1] INFO  server.RaftServerConfigKeys (ConfUtils.java:logGet(44)) - raft.server.log.segment.size.max = 1048576 (custom)
2021-12-02 01:43:28,327 [pool-1215-thread-1] INFO  server.RaftServerConfigKeys (ConfUtils.java:logGet(44)) - raft.server.log.segment.cache.num.max = 2 (custom)
2021-12-02 01:43:28,327 [pool-1215-thread-1] INFO  server.RaftServerConfigKeys (ConfUtils.java:logGet(44)) - raft.server.log.segment.cache.size.max = 200MB (=209715200) (default)
2021-12-02 01:43:28,327 [pool-1215-thread-1] INFO  segmented.SegmentedRaftLogWorker (SegmentedRaftLogWorker.java:<init>(182)) - new e0d25c1b-b502-41c3-a142-f82b5e97ff03@group-1D0B2B4DCFAE-SegmentedRaftLogWorker for RaftStorageImpl:Storage Directory /home/runner/work/ozone/ozone/hadoop-ozone/integration-test/target/test-dir/MiniOzoneClusterImpl-93dc72d0-b1bf-46db-be81-fee59e1e35ad/datanode-2/data/ratis/e47afad0-7192-498e-8ec1-1d0b2b4dcfae
2021-12-02 01:43:28,327 [pool-1215-thread-1] INFO  server.RaftServerConfigKeys (ConfUtils.java:logGet(44)) - raft.server.log.queue.byte-limit = 2147483647 (custom)
2021-12-02 01:43:28,327 [pool-1215-thread-1] INFO  server.RaftServerConfigKeys (ConfUtils.java:logGet(44)) - raft.server.log.queue.element-limit = 1024 (custom)
2021-12-02 01:43:28,327 [pool-1215-thread-1] INFO  server.RaftServerConfigKeys (ConfUtils.java:logGet(44)) - raft.server.log.segment.size.max = 1048576 (custom)
2021-12-02 01:43:28,327 [pool-1215-thread-1] INFO  server.RaftServerConfigKeys (ConfUtils.java:logGet(44)) - raft.server.log.preallocated.size = 16384 (custom)
2021-12-02 01:43:28,327 [pool-1215-thread-1] INFO  server.RaftServerConfigKeys (ConfUtils.java:logGet(44)) - raft.server.log.force.sync.num = 128 (default)
2021-12-02 01:43:28,327 [pool-1215-thread-1] INFO  server.RaftServerConfigKeys (ConfUtils.java:logGet(44)) - raft.server.log.statemachine.data.sync = true (default)
2021-12-02 01:43:28,327 [pool-1215-thread-1] INFO  server.RaftServerConfigKeys (ConfUtils.java:logGet(44)) - raft.server.log.statemachine.data.sync.timeout = 10s (default)
2021-12-02 01:43:28,327 [pool-1215-thread-1] INFO  server.RaftServerConfigKeys (ConfUtils.java:logGet(44)) - raft.server.log.statemachine.data.sync.timeout.retry = -1 (default)
2021-12-02 01:43:28,330 [pool-1215-thread-1] INFO  server.RaftServerConfigKeys (ConfUtils.java:logGet(44)) - raft.server.log.write.buffer.size = 1048576 (custom)
2021-12-02 01:43:28,330 [pool-1215-thread-1] INFO  server.RaftServerConfigKeys (ConfUtils.java:logGet(44)) - raft.server.log.statemachine.data.caching.enabled = true (custom)
2021-12-02 01:43:28,331 [pool-1215-thread-1] INFO  segmented.SegmentedRaftLogWorker (SegmentedRaftLogWorker.java:lambda$new$0(133)) - e0d25c1b-b502-41c3-a142-f82b5e97ff03@group-1D0B2B4DCFAE-SegmentedRaftLogWorker: flushIndex: setUnconditionally 0 -> -1
2021-12-02 01:43:28,331 [pool-1215-thread-1] INFO  segmented.SegmentedRaftLogWorker (SegmentedRaftLogWorker.java:lambda$new$0(133)) - e0d25c1b-b502-41c3-a142-f82b5e97ff03@group-1D0B2B4DCFAE-SegmentedRaftLogWorker: safeCacheEvictIndex: setUnconditionally 0 -> -1
2021-12-02 01:43:28,331 [EventQueue-PipelineReportForPipelineReportHandler] INFO  pipeline.PipelineManagerImpl (PipelineManagerImpl.java:openPipeline(289)) - Pipeline Pipeline[ Id: e47afad0-7192-498e-8ec1-1d0b2b4dcfae, Nodes: e0d25c1b-b502-41c3-a142-f82b5e97ff03{ip: 10.1.0.43, host: fv-az122-438.zf1tlrj3kn4expqppa1j4mpycf.xx.internal.cloudapp.net, ports: [REPLICATION=40041, RATIS=41039, RATIS_ADMIN=41039, RATIS_SERVER=41039, STANDALONE=42751], networkLocation: /default-rack, certSerialId: null, persistedOpState: IN_SERVICE, persistedOpStateExpiryEpochSec: 0}, ReplicationConfig: RATIS/ONE, State:ALLOCATED, leaderId:e0d25c1b-b502-41c3-a142-f82b5e97ff03, CreationTimestamp2021-12-02T01:43:27.695Z[Etc/UTC]] moved to OPEN state
2021-12-02 01:43:28,335 [pool-1215-thread-1] INFO  server.RaftServerConfigKeys (ConfUtils.java:logGet(44)) - raft.server.snapshot.auto.trigger.enabled = true (custom)
2021-12-02 01:43:28,335 [pool-1215-thread-1] INFO  server.RaftServerConfigKeys (ConfUtils.java:logGet(44)) - raft.server.snapshot.auto.trigger.threshold = 10000 (custom)
2021-12-02 01:43:28,335 [pool-1215-thread-1] INFO  server.RaftServerConfigKeys (ConfUtils.java:logGet(44)) - raft.server.snapshot.retention.file.num = 5 (custom)
2021-12-02 01:43:28,335 [pool-1215-thread-1] INFO  server.RaftServerConfigKeys (ConfUtils.java:logGet(44)) - raft.server.log.purge.upto.snapshot.index = false (default)
2021-12-02 01:43:28,335 [pool-1215-thread-1] INFO  server.RaftServerConfigKeys (ConfUtils.java:logGet(44)) - raft.server.retrycache.expirytime = 600000ms (custom)
2021-12-02 01:43:28,335 [pool-1215-thread-1] INFO  server.RaftServerConfigKeys (ConfUtils.java:logGet(44)) - raft.server.retrycache.statistics.expirytime = 100μs (default)
2021-12-02 01:43:28,338 [pool-1215-thread-1] INFO  server.RaftServer$Division (RaftServerImpl.java:start(301)) - e0d25c1b-b502-41c3-a142-f82b5e97ff03@group-1D0B2B4DCFAE: start as a follower, conf=-1: [e0d25c1b-b502-41c3-a142-f82b5e97ff03|rpc:10.1.0.43:41039|priority:1], old=null
2021-12-02 01:43:28,338 [pool-1215-thread-1] INFO  server.RaftServer$Division (RaftServerImpl.java:setRole(290)) - e0d25c1b-b502-41c3-a142-f82b5e97ff03@group-1D0B2B4DCFAE: changes role from      null to FOLLOWER at term 0 for startAsFollower
2021-12-02 01:43:28,338 [pool-1215-thread-1] INFO  impl.RoleInfo (RoleInfo.java:updateAndGet(130)) - e0d25c1b-b502-41c3-a142-f82b5e97ff03: start e0d25c1b-b502-41c3-a142-f82b5e97ff03@group-1D0B2B4DCFAE-FollowerState
2021-12-02 01:43:28,338 [pool-1215-thread-1] INFO  util.JmxRegister (JmxRegister.java:tryRegister(44)) - Successfully registered JMX Bean with object name Ratis:service=RaftServer,group=group-1D0B2B4DCFAE,id=e0d25c1b-b502-41c3-a142-f82b5e97ff03
2021-12-02 01:43:28,339 [Command processor thread] INFO  ratis.XceiverServerRatis (XceiverServerRatis.java:addGroup(768)) - Created group PipelineID=e47afad0-7192-498e-8ec1-1d0b2b4dcfae
2021-12-02 01:43:28,340 [Command processor thread] INFO  commandhandler.CreatePipelineCommandHandler (CreatePipelineCommandHandler.java:handle(106)) - Created Pipeline RATIS ONE PipelineID=e47afad0-7192-498e-8ec1-1d0b2b4dcfae.
2021-12-02 01:43:28,455 [EventQueue-OpenPipelineForHealthyPipelineSafeModeRule] INFO  safemode.SCMSafeModeManager (HealthyPipelineSafeModeRule.java:process(124)) - SCM in safe mode. Healthy pipelines reported count is 0, required healthy pipeline reported count is 1
2021-12-02 01:43:29,137 [Listener at 127.0.0.1/41183] INFO  ozone.MiniOzoneClusterImpl (MiniOzoneClusterImpl.java:lambda$waitForClusterToBeReady$0(235)) - Nodes are ready. Got 3 of 3 DN Heartbeats.
2021-12-02 01:43:29,137 [Listener at 127.0.0.1/41183] INFO  ozone.MiniOzoneClusterImpl (MiniOzoneClusterImpl.java:lambda$waitForClusterToBeReady$0(238)) - Waiting for cluster to exit safe mode
2021-12-02 01:43:29,137 [Listener at 127.0.0.1/41183] INFO  ozone.MiniOzoneClusterImpl (MiniOzoneClusterImpl.java:lambda$waitForClusterToBeReady$0(240)) - SCM became leader
2021-12-02 01:43:29,306 [EventQueue-OpenPipelineForHealthyPipelineSafeModeRule] INFO  safemode.SCMSafeModeManager (HealthyPipelineSafeModeRule.java:process(124)) - SCM in safe mode. Healthy pipelines reported count is 0, required healthy pipeline reported count is 1
2021-12-02 01:43:29,307 [EventQueue-OpenPipelineForHealthyPipelineSafeModeRule] INFO  safemode.SCMSafeModeManager (HealthyPipelineSafeModeRule.java:process(124)) - SCM in safe mode. Healthy pipelines reported count is 0, required healthy pipeline reported count is 1
2021-12-02 01:43:29,961 [EventQueue-OpenPipelineForHealthyPipelineSafeModeRule] INFO  safemode.SCMSafeModeManager (HealthyPipelineSafeModeRule.java:process(124)) - SCM in safe mode. Healthy pipelines reported count is 0, required healthy pipeline reported count is 1
2021-12-02 01:43:30,138 [Listener at 127.0.0.1/41183] INFO  ozone.MiniOzoneClusterImpl (MiniOzoneClusterImpl.java:lambda$waitForClusterToBeReady$0(235)) - Nodes are ready. Got 3 of 3 DN Heartbeats.
2021-12-02 01:43:30,138 [Listener at 127.0.0.1/41183] INFO  ozone.MiniOzoneClusterImpl (MiniOzoneClusterImpl.java:lambda$waitForClusterToBeReady$0(238)) - Waiting for cluster to exit safe mode
2021-12-02 01:43:30,138 [Listener at 127.0.0.1/41183] INFO  ozone.MiniOzoneClusterImpl (MiniOzoneClusterImpl.java:lambda$waitForClusterToBeReady$0(240)) - SCM became leader
2021-12-02 01:43:30,379 [Time-limited test] INFO  upgrade.UpgradeFinalizer (SCMUpgradeFinalizer.java:postFinalizeUpgrade(115)) - Waiting for at least one open pipeline after SCM finalization.
2021-12-02 01:43:30,813 [EventQueue-OpenPipelineForHealthyPipelineSafeModeRule] INFO  safemode.SCMSafeModeManager (HealthyPipelineSafeModeRule.java:process(124)) - SCM in safe mode. Healthy pipelines reported count is 0, required healthy pipeline reported count is 1
2021-12-02 01:43:31,138 [Listener at 127.0.0.1/41183] INFO  ozone.MiniOzoneClusterImpl (MiniOzoneClusterImpl.java:lambda$waitForClusterToBeReady$0(235)) - Nodes are ready. Got 3 of 3 DN Heartbeats.
2021-12-02 01:43:31,138 [Listener at 127.0.0.1/41183] INFO  ozone.MiniOzoneClusterImpl (MiniOzoneClusterImpl.java:lambda$waitForClusterToBeReady$0(238)) - Waiting for cluster to exit safe mode
2021-12-02 01:43:31,138 [Listener at 127.0.0.1/41183] INFO  ozone.MiniOzoneClusterImpl (MiniOzoneClusterImpl.java:lambda$waitForClusterToBeReady$0(240)) - SCM became leader
2021-12-02 01:43:31,236 [c808c82f-f1ba-4b50-9449-343d2008498e@group-410889143A4E-FollowerState] INFO  impl.FollowerState (FollowerState.java:run(134)) - c808c82f-f1ba-4b50-9449-343d2008498e@group-410889143A4E-FollowerState: change to CANDIDATE, lastRpcElapsedTime:8319702665ns, electionTimeout:5178ms
2021-12-02 01:43:31,236 [c808c82f-f1ba-4b50-9449-343d2008498e@group-410889143A4E-FollowerState] INFO  impl.RoleInfo (RoleInfo.java:shutdownFollowerState(108)) - c808c82f-f1ba-4b50-9449-343d2008498e: shutdown c808c82f-f1ba-4b50-9449-343d2008498e@group-410889143A4E-FollowerState
2021-12-02 01:43:31,237 [c808c82f-f1ba-4b50-9449-343d2008498e@group-410889143A4E-FollowerState] INFO  server.RaftServer$Division (RaftServerImpl.java:setRole(290)) - c808c82f-f1ba-4b50-9449-343d2008498e@group-410889143A4E: changes role from  FOLLOWER to CANDIDATE at term 1 for changeToCandidate
2021-12-02 01:43:31,237 [c808c82f-f1ba-4b50-9449-343d2008498e@group-410889143A4E-FollowerState] INFO  server.RaftServerConfigKeys (ConfUtils.java:logGet(44)) - raft.server.leaderelection.pre-vote = false (custom)
2021-12-02 01:43:31,237 [c808c82f-f1ba-4b50-9449-343d2008498e@group-410889143A4E-FollowerState] INFO  impl.RoleInfo (RoleInfo.java:updateAndGet(130)) - c808c82f-f1ba-4b50-9449-343d2008498e: start c808c82f-f1ba-4b50-9449-343d2008498e@group-410889143A4E-LeaderElection143
2021-12-02 01:43:31,246 [c808c82f-f1ba-4b50-9449-343d2008498e@group-410889143A4E-LeaderElection143] INFO  server.RaftServer$Division (ServerState.java:setLeader(285)) - c808c82f-f1ba-4b50-9449-343d2008498e@group-410889143A4E: change Leader from 9efe10a8-0b95-4993-b765-d56dfe4aafb9 to null at term 1 for ELECTION
2021-12-02 01:43:31,253 [c808c82f-f1ba-4b50-9449-343d2008498e@group-410889143A4E-LeaderElection143] INFO  impl.LeaderElection (LeaderElection.java:askForVotes(306)) - c808c82f-f1ba-4b50-9449-343d2008498e@group-410889143A4E-LeaderElection143 ELECTION round 0: submit vote requests at term 2 for 0: [c808c82f-f1ba-4b50-9449-343d2008498e|rpc:10.1.0.43:43673|dataStream:|priority:0, 9efe10a8-0b95-4993-b765-d56dfe4aafb9|rpc:10.1.0.43:46293|dataStream:|priority:1, d6e0519a-99ef-41ca-ad1c-bee48bc44174|rpc:10.1.0.43:36521|dataStream:|priority:0], old=null
2021-12-02 01:43:31,263 [EventQueue-OpenPipelineForHealthyPipelineSafeModeRule] INFO  safemode.SCMSafeModeManager (HealthyPipelineSafeModeRule.java:process(124)) - SCM in safe mode. Healthy pipelines reported count is 0, required healthy pipeline reported count is 1
2021-12-02 01:43:31,288 [c808c82f-f1ba-4b50-9449-343d2008498e@group-410889143A4E-LeaderElection143] INFO  impl.LeaderElection (LogUtils.java:infoOrTrace(137)) - c808c82f-f1ba-4b50-9449-343d2008498e@group-410889143A4E-LeaderElection143 got exception when requesting votes: java.util.concurrent.ExecutionException: org.apache.ratis.thirdparty.io.grpc.StatusRuntimeException: UNAVAILABLE: io exception
2021-12-02 01:43:31,291 [c808c82f-f1ba-4b50-9449-343d2008498e@group-410889143A4E-LeaderElection143] INFO  impl.LeaderElection (LogUtils.java:infoOrTrace(137)) - c808c82f-f1ba-4b50-9449-343d2008498e@group-410889143A4E-LeaderElection143 got exception when requesting votes: java.util.concurrent.ExecutionException: org.apache.ratis.thirdparty.io.grpc.StatusRuntimeException: UNAVAILABLE: io exception
2021-12-02 01:43:31,291 [c808c82f-f1ba-4b50-9449-343d2008498e@group-410889143A4E-LeaderElection143] INFO  impl.LeaderElection (LeaderElection.java:logAndReturn(89)) - c808c82f-f1ba-4b50-9449-343d2008498e@group-410889143A4E-LeaderElection143: ELECTION REJECTED received 0 response(s) and 2 exception(s):
2021-12-02 01:43:31,291 [c808c82f-f1ba-4b50-9449-343d2008498e@group-410889143A4E-LeaderElection143] INFO  impl.LeaderElection (LogUtils.java:infoOrTrace(137)) -   Exception 0: java.util.concurrent.ExecutionException: org.apache.ratis.thirdparty.io.grpc.StatusRuntimeException: UNAVAILABLE: io exception
2021-12-02 01:43:31,291 [c808c82f-f1ba-4b50-9449-343d2008498e@group-410889143A4E-LeaderElection143] INFO  impl.LeaderElection (LogUtils.java:infoOrTrace(137)) -   Exception 1: java.util.concurrent.ExecutionException: org.apache.ratis.thirdparty.io.grpc.StatusRuntimeException: UNAVAILABLE: io exception
2021-12-02 01:43:31,291 [c808c82f-f1ba-4b50-9449-343d2008498e@group-410889143A4E-LeaderElection143] INFO  impl.LeaderElection (LeaderElection.java:askForVotes(308)) - c808c82f-f1ba-4b50-9449-343d2008498e@group-410889143A4E-LeaderElection143 ELECTION round 0: result REJECTED
2021-12-02 01:43:31,291 [c808c82f-f1ba-4b50-9449-343d2008498e@group-410889143A4E-LeaderElection143] INFO  server.RaftServer$Division (RaftServerImpl.java:setRole(290)) - c808c82f-f1ba-4b50-9449-343d2008498e@group-410889143A4E: changes role from CANDIDATE to FOLLOWER at term 2 for REJECTED
2021-12-02 01:43:31,291 [c808c82f-f1ba-4b50-9449-343d2008498e@group-410889143A4E-LeaderElection143] INFO  impl.RoleInfo (RoleInfo.java:shutdownLeaderElection(121)) - c808c82f-f1ba-4b50-9449-343d2008498e: shutdown c808c82f-f1ba-4b50-9449-343d2008498e@group-410889143A4E-LeaderElection143
2021-12-02 01:43:31,291 [c808c82f-f1ba-4b50-9449-343d2008498e@group-410889143A4E-LeaderElection143] INFO  impl.RoleInfo (RoleInfo.java:updateAndGet(130)) - c808c82f-f1ba-4b50-9449-343d2008498e: start c808c82f-f1ba-4b50-9449-343d2008498e@group-410889143A4E-FollowerState
2021-12-02 01:43:31,464 [EventQueue-OpenPipelineForHealthyPipelineSafeModeRule] INFO  safemode.SCMSafeModeManager (HealthyPipelineSafeModeRule.java:process(124)) - SCM in safe mode. Healthy pipelines reported count is 0, required healthy pipeline reported count is 1
2021-12-02 01:43:32,138 [Listener at 127.0.0.1/41183] INFO  ozone.MiniOzoneClusterImpl (MiniOzoneClusterImpl.java:lambda$waitForClusterToBeReady$0(235)) - Nodes are ready. Got 3 of 3 DN Heartbeats.
2021-12-02 01:43:32,138 [Listener at 127.0.0.1/41183] INFO  ozone.MiniOzoneClusterImpl (MiniOzoneClusterImpl.java:lambda$waitForClusterToBeReady$0(238)) - Waiting for cluster to exit safe mode
2021-12-02 01:43:32,138 [Listener at 127.0.0.1/41183] INFO  ozone.MiniOzoneClusterImpl (MiniOzoneClusterImpl.java:lambda$waitForClusterToBeReady$0(240)) - SCM became leader
2021-12-02 01:43:32,333 [EventQueue-OpenPipelineForHealthyPipelineSafeModeRule] INFO  safemode.SCMSafeModeManager (HealthyPipelineSafeModeRule.java:process(124)) - SCM in safe mode. Healthy pipelines reported count is 0, required healthy pipeline reported count is 1
2021-12-02 01:43:32,400 [24275692-492e-4f92-b24d-cb5c5113d796@group-E5D7F5F5EFCE-FollowerState] INFO  impl.FollowerState (FollowerState.java:run(134)) - 24275692-492e-4f92-b24d-cb5c5113d796@group-E5D7F5F5EFCE-FollowerState: change to CANDIDATE, lastRpcElapsedTime:5012267385ns, electionTimeout:5011ms
2021-12-02 01:43:32,401 [24275692-492e-4f92-b24d-cb5c5113d796@group-E5D7F5F5EFCE-FollowerState] INFO  impl.RoleInfo (RoleInfo.java:shutdownFollowerState(108)) - 24275692-492e-4f92-b24d-cb5c5113d796: shutdown 24275692-492e-4f92-b24d-cb5c5113d796@group-E5D7F5F5EFCE-FollowerState
2021-12-02 01:43:32,401 [24275692-492e-4f92-b24d-cb5c5113d796@group-E5D7F5F5EFCE-FollowerState] INFO  server.RaftServer$Division (RaftServerImpl.java:setRole(290)) - 24275692-492e-4f92-b24d-cb5c5113d796@group-E5D7F5F5EFCE: changes role from  FOLLOWER to CANDIDATE at term 0 for changeToCandidate
2021-12-02 01:43:32,401 [24275692-492e-4f92-b24d-cb5c5113d796@group-E5D7F5F5EFCE-FollowerState] INFO  server.RaftServerConfigKeys (ConfUtils.java:logGet(44)) - raft.server.leaderelection.pre-vote = false (custom)
2021-12-02 01:43:32,401 [24275692-492e-4f92-b24d-cb5c5113d796@group-E5D7F5F5EFCE-FollowerState] INFO  impl.RoleInfo (RoleInfo.java:updateAndGet(130)) - 24275692-492e-4f92-b24d-cb5c5113d796: start 24275692-492e-4f92-b24d-cb5c5113d796@group-E5D7F5F5EFCE-LeaderElection144
2021-12-02 01:43:32,429 [24275692-492e-4f92-b24d-cb5c5113d796@group-E5D7F5F5EFCE-LeaderElection144] INFO  impl.LeaderElection (LeaderElection.java:askForVotes(306)) - 24275692-492e-4f92-b24d-cb5c5113d796@group-E5D7F5F5EFCE-LeaderElection144 ELECTION round 0: submit vote requests at term 1 for -1: [24275692-492e-4f92-b24d-cb5c5113d796|rpc:10.1.0.43:43787|priority:1], old=null
2021-12-02 01:43:32,429 [24275692-492e-4f92-b24d-cb5c5113d796@group-E5D7F5F5EFCE-LeaderElection144] INFO  impl.LeaderElection (LeaderElection.java:askForVotes(308)) - 24275692-492e-4f92-b24d-cb5c5113d796@group-E5D7F5F5EFCE-LeaderElection144 ELECTION round 0: result PASSED (term=1)
2021-12-02 01:43:32,429 [24275692-492e-4f92-b24d-cb5c5113d796@group-E5D7F5F5EFCE-LeaderElection144] INFO  impl.RoleInfo (RoleInfo.java:shutdownLeaderElection(121)) - 24275692-492e-4f92-b24d-cb5c5113d796: shutdown 24275692-492e-4f92-b24d-cb5c5113d796@group-E5D7F5F5EFCE-LeaderElection144
2021-12-02 01:43:32,429 [24275692-492e-4f92-b24d-cb5c5113d796@group-E5D7F5F5EFCE-LeaderElection144] INFO  server.RaftServer$Division (RaftServerImpl.java:setRole(290)) - 24275692-492e-4f92-b24d-cb5c5113d796@group-E5D7F5F5EFCE: changes role from CANDIDATE to LEADER at term 1 for changeToLeader
2021-12-02 01:43:32,429 [24275692-492e-4f92-b24d-cb5c5113d796@group-E5D7F5F5EFCE-LeaderElection144] INFO  ratis.XceiverServerRatis (XceiverServerRatis.java:handleLeaderChangedNotification(866)) - Leader change notification received for group: group-E5D7F5F5EFCE with new leaderId: 24275692-492e-4f92-b24d-cb5c5113d796
2021-12-02 01:43:32,435 [24275692-492e-4f92-b24d-cb5c5113d796@group-E5D7F5F5EFCE-LeaderElection144] INFO  server.RaftServer$Division (ServerState.java:setLeader(285)) - 24275692-492e-4f92-b24d-cb5c5113d796@group-E5D7F5F5EFCE: change Leader from null to 24275692-492e-4f92-b24d-cb5c5113d796 at term 1 for becomeLeader, leader elected after 5050ms
2021-12-02 01:43:32,435 [24275692-492e-4f92-b24d-cb5c5113d796@group-E5D7F5F5EFCE-LeaderElection144] INFO  server.RaftServerConfigKeys (ConfUtils.java:logGet(44)) - raft.server.staging.catchup.gap = 1000 (default)
2021-12-02 01:43:32,435 [24275692-492e-4f92-b24d-cb5c5113d796@group-E5D7F5F5EFCE-LeaderElection144] INFO  server.RaftServerConfigKeys (ConfUtils.java:logGet(44)) - raft.server.write.element-limit = 1024 (custom)
2021-12-02 01:43:32,435 [24275692-492e-4f92-b24d-cb5c5113d796@group-E5D7F5F5EFCE-LeaderElection144] INFO  server.RaftServerConfigKeys (ConfUtils.java:logGet(44)) - raft.server.write.byte-limit = 1024 M (=1073741824) (custom)
2021-12-02 01:43:32,436 [24275692-492e-4f92-b24d-cb5c5113d796@group-E5D7F5F5EFCE-LeaderElection144] INFO  server.RaftServerConfigKeys (ConfUtils.java:logGet(44)) - raft.server.watch.timeout = 180s (custom)
2021-12-02 01:43:32,436 [24275692-492e-4f92-b24d-cb5c5113d796@group-E5D7F5F5EFCE-LeaderElection144] INFO  server.RaftServerConfigKeys (ConfUtils.java:logGet(44)) - raft.server.watch.timeout.denomination = 1s (default)
2021-12-02 01:43:32,436 [24275692-492e-4f92-b24d-cb5c5113d796@group-E5D7F5F5EFCE-LeaderElection144] INFO  server.RaftServerConfigKeys (ConfUtils.java:logGet(44)) - raft.server.watch.element-limit = 65536 (default)
2021-12-02 01:43:32,436 [24275692-492e-4f92-b24d-cb5c5113d796@group-E5D7F5F5EFCE-LeaderElection144] INFO  server.RaftServerConfigKeys (ConfUtils.java:logGet(44)) - raft.server.write.element-limit = 1024 (custom)
2021-12-02 01:43:32,436 [24275692-492e-4f92-b24d-cb5c5113d796@group-E5D7F5F5EFCE-LeaderElection144] INFO  server.RaftServerConfigKeys (ConfUtils.java:logGet(44)) - raft.server.write.follower.gap.ratio.max = -1.0 (default)
2021-12-02 01:43:32,436 [24275692-492e-4f92-b24d-cb5c5113d796@group-E5D7F5F5EFCE-LeaderElection144] INFO  impl.RoleInfo (RoleInfo.java:updateAndGet(130)) - 24275692-492e-4f92-b24d-cb5c5113d796: start 24275692-492e-4f92-b24d-cb5c5113d796@group-E5D7F5F5EFCE-LeaderStateImpl
2021-12-02 01:43:32,437 [24275692-492e-4f92-b24d-cb5c5113d796@group-E5D7F5F5EFCE-LeaderElection144] INFO  segmented.SegmentedRaftLogWorker (SegmentedRaftLogWorker.java:startLogSegment(394)) - 24275692-492e-4f92-b24d-cb5c5113d796@group-E5D7F5F5EFCE-SegmentedRaftLogWorker: Starting segment from index:0
2021-12-02 01:43:32,447 [24275692-492e-4f92-b24d-cb5c5113d796@group-E5D7F5F5EFCE-LeaderElection144] INFO  server.RaftServer$Division (ServerState.java:setRaftConf(387)) - 24275692-492e-4f92-b24d-cb5c5113d796@group-E5D7F5F5EFCE: set configuration 0: [24275692-492e-4f92-b24d-cb5c5113d796|rpc:10.1.0.43:43787|dataStream:|priority:1], old=null
2021-12-02 01:43:32,452 [Mini-Cluster-Provider-Reap] INFO  ozoneimpl.OzoneContainer (OzoneContainer.java:stop(325)) - Attempting to stop container services.
2021-12-02 01:43:32,452 [Mini-Cluster-Provider-Reap] INFO  server.RaftServer (RaftServerProxy.java:lambda$close$6(391)) - c808c82f-f1ba-4b50-9449-343d2008498e: close
2021-12-02 01:43:32,456 [Mini-Cluster-Provider-Reap] INFO  server.RaftServer$Division (RaftServerImpl.java:lambda$close$4(412)) - c808c82f-f1ba-4b50-9449-343d2008498e@group-410889143A4E: shutdown
2021-12-02 01:43:32,456 [Mini-Cluster-Provider-Reap] INFO  util.JmxRegister (JmxRegister.java:unregister(73)) - Successfully un-registered JMX Bean with object name Ratis:service=RaftServer,group=group-410889143A4E,id=c808c82f-f1ba-4b50-9449-343d2008498e
2021-12-02 01:43:32,456 [Mini-Cluster-Provider-Reap] INFO  impl.RoleInfo (RoleInfo.java:shutdownFollowerState(108)) - c808c82f-f1ba-4b50-9449-343d2008498e: shutdown c808c82f-f1ba-4b50-9449-343d2008498e@group-410889143A4E-FollowerState
2021-12-02 01:43:32,456 [Mini-Cluster-Provider-Reap] INFO  impl.StateMachineUpdater (StateMachineUpdater.java:stopAndJoin(149)) - c808c82f-f1ba-4b50-9449-343d2008498e@group-410889143A4E-StateMachineUpdater: set stopIndex = 0
2021-12-02 01:43:32,456 [c808c82f-f1ba-4b50-9449-343d2008498e@group-410889143A4E-FollowerState] INFO  impl.FollowerState (FollowerState.java:run(143)) - c808c82f-f1ba-4b50-9449-343d2008498e@group-410889143A4E-FollowerState was interrupted: {}
java.lang.InterruptedException: sleep interrupted
	at java.lang.Thread.sleep(Native Method)
	at java.lang.Thread.sleep(Thread.java:340)
	at java.util.concurrent.TimeUnit.sleep(TimeUnit.java:386)
	at org.apache.ratis.util.TimeDuration.sleep(TimeDuration.java:324)
	at org.apache.ratis.util.TimeDuration.sleep(TimeDuration.java:309)
	at org.apache.ratis.server.impl.FollowerState.run(FollowerState.java:118)
2021-12-02 01:43:32,457 [c808c82f-f1ba-4b50-9449-343d2008498e@group-410889143A4E-StateMachineUpdater] INFO  ratis.ContainerStateMachine (ContainerStateMachine.java:takeSnapshot(292)) - group-410889143A4E: Taking a snapshot at:(t:1, i:0) file /home/runner/work/ozone/ozone/hadoop-ozone/integration-test/target/test-dir/MiniOzoneClusterImpl-bd841458-cc16-4df7-9c43-a3a8e3c493cf/datanode-2/data/ratis/7ce748f4-0a2f-43cb-b9e0-410889143a4e/sm/snapshot.1_0
2021-12-02 01:43:32,458 [c808c82f-f1ba-4b50-9449-343d2008498e@group-410889143A4E-StateMachineUpdater] INFO  ratis.ContainerStateMachine (ContainerStateMachine.java:takeSnapshot(303)) - group-410889143A4E: Finished taking a snapshot at:(t:1, i:0) file:/home/runner/work/ozone/ozone/hadoop-ozone/integration-test/target/test-dir/MiniOzoneClusterImpl-bd841458-cc16-4df7-9c43-a3a8e3c493cf/datanode-2/data/ratis/7ce748f4-0a2f-43cb-b9e0-410889143a4e/sm/snapshot.1_0 took: 2 ms
2021-12-02 01:43:32,458 [c808c82f-f1ba-4b50-9449-343d2008498e@group-410889143A4E-StateMachineUpdater] INFO  impl.StateMachineUpdater (StateMachineUpdater.java:takeSnapshot(281)) - c808c82f-f1ba-4b50-9449-343d2008498e@group-410889143A4E-StateMachineUpdater: Took a snapshot at index 0
2021-12-02 01:43:32,458 [c808c82f-f1ba-4b50-9449-343d2008498e@group-410889143A4E-StateMachineUpdater] INFO  impl.StateMachineUpdater (StateMachineUpdater.java:lambda$new$0(89)) - c808c82f-f1ba-4b50-9449-343d2008498e@group-410889143A4E-StateMachineUpdater: snapshotIndex: updateIncreasingly -1 -> 0
2021-12-02 01:43:32,459 [Mini-Cluster-Provider-Reap] INFO  server.RaftServer$Division (ServerState.java:close(419)) - c808c82f-f1ba-4b50-9449-343d2008498e@group-410889143A4E: closes. applyIndex: 0
2021-12-02 01:43:32,459 [c808c82f-f1ba-4b50-9449-343d2008498e@group-410889143A4E-SegmentedRaftLogWorker] INFO  segmented.SegmentedRaftLogWorker (SegmentedRaftLogWorker.java:run(327)) - c808c82f-f1ba-4b50-9449-343d2008498e@group-410889143A4E-SegmentedRaftLogWorker was interrupted, exiting. There are 0 tasks remaining in the queue.
2021-12-02 01:43:32,459 [Mini-Cluster-Provider-Reap] INFO  segmented.SegmentedRaftLogWorker (SegmentedRaftLogWorker.java:close(237)) - c808c82f-f1ba-4b50-9449-343d2008498e@group-410889143A4E-SegmentedRaftLogWorker close()
2021-12-02 01:43:32,477 [24275692-492e-4f92-b24d-cb5c5113d796@group-E5D7F5F5EFCE-SegmentedRaftLogWorker] INFO  segmented.SegmentedRaftLogWorker (SegmentedRaftLogWorker.java:execute(601)) - 24275692-492e-4f92-b24d-cb5c5113d796@group-E5D7F5F5EFCE-SegmentedRaftLogWorker: created new log segment /home/runner/work/ozone/ozone/hadoop-ozone/integration-test/target/test-dir/MiniOzoneClusterImpl-93dc72d0-b1bf-46db-be81-fee59e1e35ad/datanode-1/data/ratis/efd79cd6-3043-497f-a667-e5d7f5f5efce/current/log_inprogress_0
2021-12-02 01:43:32,483 [Mini-Cluster-Provider-Reap] INFO  server.RaftServer$Division (RaftServerImpl.java:lambda$close$4(412)) - c808c82f-f1ba-4b50-9449-343d2008498e@group-F3F1AD88AECF: shutdown
2021-12-02 01:43:32,483 [Mini-Cluster-Provider-Reap] INFO  util.JmxRegister (JmxRegister.java:unregister(73)) - Successfully un-registered JMX Bean with object name Ratis:service=RaftServer,group=group-F3F1AD88AECF,id=c808c82f-f1ba-4b50-9449-343d2008498e
2021-12-02 01:43:32,483 [Mini-Cluster-Provider-Reap] INFO  impl.RoleInfo (RoleInfo.java:shutdownLeaderState(91)) - c808c82f-f1ba-4b50-9449-343d2008498e: shutdown c808c82f-f1ba-4b50-9449-343d2008498e@group-F3F1AD88AECF-LeaderStateImpl
2021-12-02 01:43:32,483 [Mini-Cluster-Provider-Reap] INFO  impl.PendingRequests (PendingRequests.java:sendNotLeaderResponses(282)) - c808c82f-f1ba-4b50-9449-343d2008498e@group-F3F1AD88AECF-PendingRequests: sendNotLeaderResponses
2021-12-02 01:43:32,485 [Mini-Cluster-Provider-Reap] INFO  impl.StateMachineUpdater (StateMachineUpdater.java:stopAndJoin(149)) - c808c82f-f1ba-4b50-9449-343d2008498e@group-F3F1AD88AECF-StateMachineUpdater: set stopIndex = 0
2021-12-02 01:43:32,485 [c808c82f-f1ba-4b50-9449-343d2008498e@group-F3F1AD88AECF-StateMachineUpdater] INFO  ratis.ContainerStateMachine (ContainerStateMachine.java:takeSnapshot(292)) - group-F3F1AD88AECF: Taking a snapshot at:(t:1, i:0) file /home/runner/work/ozone/ozone/hadoop-ozone/integration-test/target/test-dir/MiniOzoneClusterImpl-bd841458-cc16-4df7-9c43-a3a8e3c493cf/datanode-2/data/ratis/b82bb989-7e29-4523-8958-f3f1ad88aecf/sm/snapshot.1_0
2021-12-02 01:43:32,489 [c808c82f-f1ba-4b50-9449-343d2008498e@group-F3F1AD88AECF-StateMachineUpdater] INFO  ratis.ContainerStateMachine (ContainerStateMachine.java:takeSnapshot(303)) - group-F3F1AD88AECF: Finished taking a snapshot at:(t:1, i:0) file:/home/runner/work/ozone/ozone/hadoop-ozone/integration-test/target/test-dir/MiniOzoneClusterImpl-bd841458-cc16-4df7-9c43-a3a8e3c493cf/datanode-2/data/ratis/b82bb989-7e29-4523-8958-f3f1ad88aecf/sm/snapshot.1_0 took: 4 ms
2021-12-02 01:43:32,490 [c808c82f-f1ba-4b50-9449-343d2008498e@group-F3F1AD88AECF-StateMachineUpdater] INFO  impl.StateMachineUpdater (StateMachineUpdater.java:takeSnapshot(281)) - c808c82f-f1ba-4b50-9449-343d2008498e@group-F3F1AD88AECF-StateMachineUpdater: Took a snapshot at index 0
2021-12-02 01:43:32,490 [c808c82f-f1ba-4b50-9449-343d2008498e@group-F3F1AD88AECF-StateMachineUpdater] INFO  impl.StateMachineUpdater (StateMachineUpdater.java:lambda$new$0(89)) - c808c82f-f1ba-4b50-9449-343d2008498e@group-F3F1AD88AECF-StateMachineUpdater: snapshotIndex: updateIncreasingly -1 -> 0
2021-12-02 01:43:32,491 [Mini-Cluster-Provider-Reap] INFO  server.RaftServer$Division (ServerState.java:close(419)) - c808c82f-f1ba-4b50-9449-343d2008498e@group-F3F1AD88AECF: closes. applyIndex: 0
2021-12-02 01:43:32,491 [c808c82f-f1ba-4b50-9449-343d2008498e@group-F3F1AD88AECF-SegmentedRaftLogWorker] INFO  segmented.SegmentedRaftLogWorker (SegmentedRaftLogWorker.java:run(327)) - c808c82f-f1ba-4b50-9449-343d2008498e@group-F3F1AD88AECF-SegmentedRaftLogWorker was interrupted, exiting. There are 0 tasks remaining in the queue.
2021-12-02 01:43:32,491 [Mini-Cluster-Provider-Reap] INFO  segmented.SegmentedRaftLogWorker (SegmentedRaftLogWorker.java:close(237)) - c808c82f-f1ba-4b50-9449-343d2008498e@group-F3F1AD88AECF-SegmentedRaftLogWorker close()
2021-12-02 01:43:32,498 [Mini-Cluster-Provider-Reap] INFO  server.GrpcService (GrpcService.java:closeImpl(262)) - c808c82f-f1ba-4b50-9449-343d2008498e: shutdown server with port 43673 now
2021-12-02 01:43:32,525 [Mini-Cluster-Provider-Reap] INFO  server.GrpcService (GrpcService.java:closeImpl(271)) - c808c82f-f1ba-4b50-9449-343d2008498e: shutdown server with port 43673 successfully
2021-12-02 01:43:32,525 [org.apache.ratis.util.JvmPauseMonitor$$Lambda$540/557107915@7cc5a068] INFO  util.JvmPauseMonitor (JvmPauseMonitor.java:run(109)) - JvmPauseMonitor-c808c82f-f1ba-4b50-9449-343d2008498e: Stopped
2021-12-02 01:43:32,533 [Mini-Cluster-Provider-Reap] INFO  utils.BackgroundService (BackgroundService.java:shutdown(132)) - Shutting down service BlockDeletingService
2021-12-02 01:43:32,790 [fbdafa3d-fbd0-48e3-8b83-ea1e54fefb5d@group-BFBF8A2CDC57-FollowerState] INFO  impl.FollowerState (FollowerState.java:run(134)) - fbdafa3d-fbd0-48e3-8b83-ea1e54fefb5d@group-BFBF8A2CDC57-FollowerState: change to CANDIDATE, lastRpcElapsedTime:5017411318ns, electionTimeout:5012ms
2021-12-02 01:43:32,790 [fbdafa3d-fbd0-48e3-8b83-ea1e54fefb5d@group-BFBF8A2CDC57-FollowerState] INFO  impl.RoleInfo (RoleInfo.java:shutdownFollowerState(108)) - fbdafa3d-fbd0-48e3-8b83-ea1e54fefb5d: shutdown fbdafa3d-fbd0-48e3-8b83-ea1e54fefb5d@group-BFBF8A2CDC57-FollowerState
2021-12-02 01:43:32,790 [fbdafa3d-fbd0-48e3-8b83-ea1e54fefb5d@group-BFBF8A2CDC57-FollowerState] INFO  server.RaftServer$Division (RaftServerImpl.java:setRole(290)) - fbdafa3d-fbd0-48e3-8b83-ea1e54fefb5d@group-BFBF8A2CDC57: changes role from  FOLLOWER to CANDIDATE at term 3 for changeToCandidate
2021-12-02 01:43:32,790 [fbdafa3d-fbd0-48e3-8b83-ea1e54fefb5d@group-BFBF8A2CDC57-FollowerState] INFO  server.RaftServerConfigKeys (ConfUtils.java:logGet(44)) - raft.server.leaderelection.pre-vote = false (custom)
2021-12-02 01:43:32,790 [fbdafa3d-fbd0-48e3-8b83-ea1e54fefb5d@group-BFBF8A2CDC57-FollowerState] INFO  impl.RoleInfo (RoleInfo.java:updateAndGet(130)) - fbdafa3d-fbd0-48e3-8b83-ea1e54fefb5d: start fbdafa3d-fbd0-48e3-8b83-ea1e54fefb5d@group-BFBF8A2CDC57-LeaderElection145
2021-12-02 01:43:32,807 [93155b15-512d-4c8d-b4b5-3701a6ff6ed7@group-BFBF8A2CDC57-FollowerState] INFO  impl.FollowerState (FollowerState.java:run(134)) - 93155b15-512d-4c8d-b4b5-3701a6ff6ed7@group-BFBF8A2CDC57-FollowerState: change to CANDIDATE, lastRpcElapsedTime:5040145266ns, electionTimeout:5026ms
2021-12-02 01:43:32,807 [93155b15-512d-4c8d-b4b5-3701a6ff6ed7@group-BFBF8A2CDC57-FollowerState] INFO  impl.RoleInfo (RoleInfo.java:shutdownFollowerState(108)) - 93155b15-512d-4c8d-b4b5-3701a6ff6ed7: shutdown 93155b15-512d-4c8d-b4b5-3701a6ff6ed7@group-BFBF8A2CDC57-FollowerState
2021-12-02 01:43:32,807 [93155b15-512d-4c8d-b4b5-3701a6ff6ed7@group-BFBF8A2CDC57-FollowerState] INFO  server.RaftServer$Division (RaftServerImpl.java:setRole(290)) - 93155b15-512d-4c8d-b4b5-3701a6ff6ed7@group-BFBF8A2CDC57: changes role from  FOLLOWER to CANDIDATE at term 3 for changeToCandidate
2021-12-02 01:43:32,808 [93155b15-512d-4c8d-b4b5-3701a6ff6ed7@group-BFBF8A2CDC57-FollowerState] INFO  server.RaftServerConfigKeys (ConfUtils.java:logGet(44)) - raft.server.leaderelection.pre-vote = false (custom)
2021-12-02 01:43:32,808 [93155b15-512d-4c8d-b4b5-3701a6ff6ed7@group-BFBF8A2CDC57-FollowerState] INFO  impl.RoleInfo (RoleInfo.java:updateAndGet(130)) - 93155b15-512d-4c8d-b4b5-3701a6ff6ed7: start 93155b15-512d-4c8d-b4b5-3701a6ff6ed7@group-BFBF8A2CDC57-LeaderElection146
2021-12-02 01:43:32,812 [93155b15-512d-4c8d-b4b5-3701a6ff6ed7@group-BFBF8A2CDC57-LeaderElection146] INFO  impl.LeaderElection (LeaderElection.java:askForVotes(306)) - 93155b15-512d-4c8d-b4b5-3701a6ff6ed7@group-BFBF8A2CDC57-LeaderElection146 ELECTION round 0: submit vote requests at term 4 for -1: [93155b15-512d-4c8d-b4b5-3701a6ff6ed7|rpc:10.1.0.43:43723|dataStream:|priority:0, fbdafa3d-fbd0-48e3-8b83-ea1e54fefb5d|rpc:10.1.0.43:37327|dataStream:|priority:0, fd7bdda1-593d-4007-bd0c-6fbef76da485|rpc:10.1.0.43:36783|dataStream:|priority:1], old=null
2021-12-02 01:43:32,828 [grpc-default-executor-1] INFO  server.RaftServer$Division (RaftServerImpl.java:requestVote(1046)) - fbdafa3d-fbd0-48e3-8b83-ea1e54fefb5d@group-BFBF8A2CDC57: receive requestVote(ELECTION, 93155b15-512d-4c8d-b4b5-3701a6ff6ed7, group-BFBF8A2CDC57, 4, (t:0, i:0))
2021-12-02 01:43:32,845 [fbdafa3d-fbd0-48e3-8b83-ea1e54fefb5d@group-BFBF8A2CDC57-LeaderElection145] INFO  impl.LeaderElection (LeaderElection.java:askForVotes(306)) - fbdafa3d-fbd0-48e3-8b83-ea1e54fefb5d@group-BFBF8A2CDC57-LeaderElection145 ELECTION round 0: submit vote requests at term 4 for -1: [93155b15-512d-4c8d-b4b5-3701a6ff6ed7|rpc:10.1.0.43:43723|dataStream:|priority:0, fbdafa3d-fbd0-48e3-8b83-ea1e54fefb5d|rpc:10.1.0.43:37327|dataStream:|priority:0, fd7bdda1-593d-4007-bd0c-6fbef76da485|rpc:10.1.0.43:36783|dataStream:|priority:1], old=null
2021-12-02 01:43:32,846 [grpc-default-executor-1] INFO  impl.VoteContext (VoteContext.java:log(48)) - fbdafa3d-fbd0-48e3-8b83-ea1e54fefb5d@group-BFBF8A2CDC57-CANDIDATE: reject ELECTION from 93155b15-512d-4c8d-b4b5-3701a6ff6ed7: already has voted for fbdafa3d-fbd0-48e3-8b83-ea1e54fefb5d at current term 4
2021-12-02 01:43:32,846 [grpc-default-executor-1] INFO  server.RaftServer$Division (RaftServerImpl.java:requestVote(1078)) - fbdafa3d-fbd0-48e3-8b83-ea1e54fefb5d@group-BFBF8A2CDC57 replies to ELECTION vote request: 93155b15-512d-4c8d-b4b5-3701a6ff6ed7<-fbdafa3d-fbd0-48e3-8b83-ea1e54fefb5d#0:FAIL-t4. Peer's state: fbdafa3d-fbd0-48e3-8b83-ea1e54fefb5d@group-BFBF8A2CDC57:t4, leader=null, voted=fbdafa3d-fbd0-48e3-8b83-ea1e54fefb5d, raftlog=fbdafa3d-fbd0-48e3-8b83-ea1e54fefb5d@group-BFBF8A2CDC57-SegmentedRaftLog:OPENED:c-1, conf=-1: [93155b15-512d-4c8d-b4b5-3701a6ff6ed7|rpc:10.1.0.43:43723|dataStream:|priority:0, fbdafa3d-fbd0-48e3-8b83-ea1e54fefb5d|rpc:10.1.0.43:37327|dataStream:|priority:0, fd7bdda1-593d-4007-bd0c-6fbef76da485|rpc:10.1.0.43:36783|dataStream:|priority:1], old=null
2021-12-02 01:43:32,850 [grpc-default-executor-1] INFO  server.RaftServer$Division (RaftServerImpl.java:requestVote(1046)) - fd7bdda1-593d-4007-bd0c-6fbef76da485@group-BFBF8A2CDC57: receive requestVote(ELECTION, 93155b15-512d-4c8d-b4b5-3701a6ff6ed7, group-BFBF8A2CDC57, 4, (t:0, i:0))
2021-12-02 01:43:32,850 [grpc-default-executor-1] INFO  impl.VoteContext (VoteContext.java:log(48)) - fd7bdda1-593d-4007-bd0c-6fbef76da485@group-BFBF8A2CDC57-FOLLOWER: reject ELECTION from 93155b15-512d-4c8d-b4b5-3701a6ff6ed7: our priority 1 > candidate's priority 0
2021-12-02 01:43:32,850 [grpc-default-executor-1] INFO  server.RaftServer$Division (RaftServerImpl.java:setRole(290)) - fd7bdda1-593d-4007-bd0c-6fbef76da485@group-BFBF8A2CDC57: changes role from  FOLLOWER to FOLLOWER at term 4 for candidate:93155b15-512d-4c8d-b4b5-3701a6ff6ed7
2021-12-02 01:43:32,850 [grpc-default-executor-1] INFO  impl.RoleInfo (RoleInfo.java:shutdownFollowerState(108)) - fd7bdda1-593d-4007-bd0c-6fbef76da485: shutdown fd7bdda1-593d-4007-bd0c-6fbef76da485@group-BFBF8A2CDC57-FollowerState
2021-12-02 01:43:32,851 [grpc-default-executor-0] INFO  server.RaftServer$Division (RaftServerImpl.java:requestVote(1046)) - 93155b15-512d-4c8d-b4b5-3701a6ff6ed7@group-BFBF8A2CDC57: receive requestVote(ELECTION, fbdafa3d-fbd0-48e3-8b83-ea1e54fefb5d, group-BFBF8A2CDC57, 4, (t:0, i:0))
2021-12-02 01:43:32,851 [grpc-default-executor-0] INFO  impl.VoteContext (VoteContext.java:log(48)) - 93155b15-512d-4c8d-b4b5-3701a6ff6ed7@group-BFBF8A2CDC57-CANDIDATE: reject ELECTION from fbdafa3d-fbd0-48e3-8b83-ea1e54fefb5d: already has voted for 93155b15-512d-4c8d-b4b5-3701a6ff6ed7 at current term 4
2021-12-02 01:43:32,851 [grpc-default-executor-0] INFO  server.RaftServer$Division (RaftServerImpl.java:requestVote(1078)) - 93155b15-512d-4c8d-b4b5-3701a6ff6ed7@group-BFBF8A2CDC57 replies to ELECTION vote request: fbdafa3d-fbd0-48e3-8b83-ea1e54fefb5d<-93155b15-512d-4c8d-b4b5-3701a6ff6ed7#0:FAIL-t4. Peer's state: 93155b15-512d-4c8d-b4b5-3701a6ff6ed7@group-BFBF8A2CDC57:t4, leader=null, voted=93155b15-512d-4c8d-b4b5-3701a6ff6ed7, raftlog=93155b15-512d-4c8d-b4b5-3701a6ff6ed7@group-BFBF8A2CDC57-SegmentedRaftLog:OPENED:c-1, conf=-1: [93155b15-512d-4c8d-b4b5-3701a6ff6ed7|rpc:10.1.0.43:43723|dataStream:|priority:0, fbdafa3d-fbd0-48e3-8b83-ea1e54fefb5d|rpc:10.1.0.43:37327|dataStream:|priority:0, fd7bdda1-593d-4007-bd0c-6fbef76da485|rpc:10.1.0.43:36783|dataStream:|priority:1], old=null
2021-12-02 01:43:32,852 [grpc-default-executor-1] INFO  impl.RoleInfo (RoleInfo.java:updateAndGet(130)) - fd7bdda1-593d-4007-bd0c-6fbef76da485: start fd7bdda1-593d-4007-bd0c-6fbef76da485@group-BFBF8A2CDC57-FollowerState
2021-12-02 01:43:32,852 [fd7bdda1-593d-4007-bd0c-6fbef76da485@group-BFBF8A2CDC57-FollowerState] INFO  impl.FollowerState (FollowerState.java:run(143)) - fd7bdda1-593d-4007-bd0c-6fbef76da485@group-BFBF8A2CDC57-FollowerState was interrupted: {}
java.lang.InterruptedException: sleep interrupted
	at java.lang.Thread.sleep(Native Method)
	at java.lang.Thread.sleep(Thread.java:340)
	at java.util.concurrent.TimeUnit.sleep(TimeUnit.java:386)
	at org.apache.ratis.util.TimeDuration.sleep(TimeDuration.java:324)
	at org.apache.ratis.util.TimeDuration.sleep(TimeDuration.java:309)
	at org.apache.ratis.server.impl.FollowerState.run(FollowerState.java:118)
2021-12-02 01:43:32,855 [grpc-default-executor-0] INFO  server.RaftServer$Division (RaftServerImpl.java:requestVote(1046)) - fd7bdda1-593d-4007-bd0c-6fbef76da485@group-BFBF8A2CDC57: receive requestVote(ELECTION, fbdafa3d-fbd0-48e3-8b83-ea1e54fefb5d, group-BFBF8A2CDC57, 4, (t:0, i:0))
2021-12-02 01:43:32,857 [grpc-default-executor-1] INFO  server.RaftServer$Division (RaftServerImpl.java:requestVote(1078)) - fd7bdda1-593d-4007-bd0c-6fbef76da485@group-BFBF8A2CDC57 replies to ELECTION vote request: 93155b15-512d-4c8d-b4b5-3701a6ff6ed7<-fd7bdda1-593d-4007-bd0c-6fbef76da485#0:FAIL-t4. Peer's state: fd7bdda1-593d-4007-bd0c-6fbef76da485@group-BFBF8A2CDC57:t4, leader=null, voted=null, raftlog=fd7bdda1-593d-4007-bd0c-6fbef76da485@group-BFBF8A2CDC57-SegmentedRaftLog:OPENED:c-1, conf=-1: [93155b15-512d-4c8d-b4b5-3701a6ff6ed7|rpc:10.1.0.43:43723|priority:0, fbdafa3d-fbd0-48e3-8b83-ea1e54fefb5d|rpc:10.1.0.43:37327|priority:0, fd7bdda1-593d-4007-bd0c-6fbef76da485|rpc:10.1.0.43:36783|priority:1], old=null
2021-12-02 01:43:32,857 [grpc-default-executor-0] INFO  impl.VoteContext (VoteContext.java:log(48)) - fd7bdda1-593d-4007-bd0c-6fbef76da485@group-BFBF8A2CDC57-FOLLOWER: reject ELECTION from fbdafa3d-fbd0-48e3-8b83-ea1e54fefb5d: our priority 1 > candidate's priority 0
2021-12-02 01:43:32,857 [grpc-default-executor-0] INFO  server.RaftServer$Division (RaftServerImpl.java:setRole(290)) - fd7bdda1-593d-4007-bd0c-6fbef76da485@group-BFBF8A2CDC57: changes role from  FOLLOWER to FOLLOWER at term 4 for candidate:fbdafa3d-fbd0-48e3-8b83-ea1e54fefb5d
2021-12-02 01:43:32,857 [grpc-default-executor-0] INFO  impl.RoleInfo (RoleInfo.java:shutdownFollowerState(108)) - fd7bdda1-593d-4007-bd0c-6fbef76da485: shutdown fd7bdda1-593d-4007-bd0c-6fbef76da485@group-BFBF8A2CDC57-FollowerState
2021-12-02 01:43:32,857 [grpc-default-executor-0] INFO  impl.RoleInfo (RoleInfo.java:updateAndGet(130)) - fd7bdda1-593d-4007-bd0c-6fbef76da485: start fd7bdda1-593d-4007-bd0c-6fbef76da485@group-BFBF8A2CDC57-FollowerState
2021-12-02 01:43:32,865 [93155b15-512d-4c8d-b4b5-3701a6ff6ed7@group-BFBF8A2CDC57-LeaderElection146] INFO  impl.LeaderElection (LeaderElection.java:logAndReturn(89)) - 93155b15-512d-4c8d-b4b5-3701a6ff6ed7@group-BFBF8A2CDC57-LeaderElection146: ELECTION REJECTED received 2 response(s) and 0 exception(s):
2021-12-02 01:43:32,865 [93155b15-512d-4c8d-b4b5-3701a6ff6ed7@group-BFBF8A2CDC57-LeaderElection146] INFO  impl.LeaderElection (LeaderElection.java:logAndReturn(93)) -   Response 0: 93155b15-512d-4c8d-b4b5-3701a6ff6ed7<-fbdafa3d-fbd0-48e3-8b83-ea1e54fefb5d#0:FAIL-t4
2021-12-02 01:43:32,865 [93155b15-512d-4c8d-b4b5-3701a6ff6ed7@group-BFBF8A2CDC57-LeaderElection146] INFO  impl.LeaderElection (LeaderElection.java:logAndReturn(93)) -   Response 1: 93155b15-512d-4c8d-b4b5-3701a6ff6ed7<-fd7bdda1-593d-4007-bd0c-6fbef76da485#0:FAIL-t4
2021-12-02 01:43:32,867 [fd7bdda1-593d-4007-bd0c-6fbef76da485@group-BFBF8A2CDC57-FollowerState] INFO  impl.FollowerState (FollowerState.java:run(143)) - fd7bdda1-593d-4007-bd0c-6fbef76da485@group-BFBF8A2CDC57-FollowerState was interrupted: {}
java.lang.InterruptedException: sleep interrupted
	at java.lang.Thread.sleep(Native Method)
	at java.lang.Thread.sleep(Thread.java:340)
	at java.util.concurrent.TimeUnit.sleep(TimeUnit.java:386)
	at org.apache.ratis.util.TimeDuration.sleep(TimeDuration.java:324)
	at org.apache.ratis.util.TimeDuration.sleep(TimeDuration.java:309)
	at org.apache.ratis.server.impl.FollowerState.run(FollowerState.java:118)
2021-12-02 01:43:32,890 [grpc-default-executor-0] INFO  server.RaftServer$Division (RaftServerImpl.java:requestVote(1078)) - fd7bdda1-593d-4007-bd0c-6fbef76da485@group-BFBF8A2CDC57 replies to ELECTION vote request: fbdafa3d-fbd0-48e3-8b83-ea1e54fefb5d<-fd7bdda1-593d-4007-bd0c-6fbef76da485#0:FAIL-t4. Peer's state: fd7bdda1-593d-4007-bd0c-6fbef76da485@group-BFBF8A2CDC57:t4, leader=null, voted=null, raftlog=fd7bdda1-593d-4007-bd0c-6fbef76da485@group-BFBF8A2CDC57-SegmentedRaftLog:OPENED:c-1, conf=-1: [93155b15-512d-4c8d-b4b5-3701a6ff6ed7|rpc:10.1.0.43:43723|priority:0, fbdafa3d-fbd0-48e3-8b83-ea1e54fefb5d|rpc:10.1.0.43:37327|priority:0, fd7bdda1-593d-4007-bd0c-6fbef76da485|rpc:10.1.0.43:36783|priority:1], old=null
2021-12-02 01:43:32,890 [93155b15-512d-4c8d-b4b5-3701a6ff6ed7@group-BFBF8A2CDC57-LeaderElection146] INFO  impl.LeaderElection (LeaderElection.java:askForVotes(308)) - 93155b15-512d-4c8d-b4b5-3701a6ff6ed7@group-BFBF8A2CDC57-LeaderElection146 ELECTION round 0: result REJECTED
2021-12-02 01:43:32,890 [93155b15-512d-4c8d-b4b5-3701a6ff6ed7@group-BFBF8A2CDC57-LeaderElection146] INFO  server.RaftServer$Division (RaftServerImpl.java:setRole(290)) - 93155b15-512d-4c8d-b4b5-3701a6ff6ed7@group-BFBF8A2CDC57: changes role from CANDIDATE to FOLLOWER at term 4 for REJECTED
2021-12-02 01:43:32,890 [93155b15-512d-4c8d-b4b5-3701a6ff6ed7@group-BFBF8A2CDC57-LeaderElection146] INFO  impl.RoleInfo (RoleInfo.java:shutdownLeaderElection(121)) - 93155b15-512d-4c8d-b4b5-3701a6ff6ed7: shutdown 93155b15-512d-4c8d-b4b5-3701a6ff6ed7@group-BFBF8A2CDC57-LeaderElection146
2021-12-02 01:43:32,890 [93155b15-512d-4c8d-b4b5-3701a6ff6ed7@group-BFBF8A2CDC57-LeaderElection146] INFO  impl.RoleInfo (RoleInfo.java:updateAndGet(130)) - 93155b15-512d-4c8d-b4b5-3701a6ff6ed7: start 93155b15-512d-4c8d-b4b5-3701a6ff6ed7@group-BFBF8A2CDC57-FollowerState
2021-12-02 01:43:32,905 [7e03f375-d49a-42ab-b7b9-c2f67bc739a3@group-4D1102E5C1F2-FollowerState] INFO  impl.FollowerState (FollowerState.java:run(134)) - 7e03f375-d49a-42ab-b7b9-c2f67bc739a3@group-4D1102E5C1F2-FollowerState: change to CANDIDATE, lastRpcElapsedTime:5027907686ns, electionTimeout:5021ms
2021-12-02 01:43:32,905 [7e03f375-d49a-42ab-b7b9-c2f67bc739a3@group-4D1102E5C1F2-FollowerState] INFO  impl.RoleInfo (RoleInfo.java:shutdownFollowerState(108)) - 7e03f375-d49a-42ab-b7b9-c2f67bc739a3: shutdown 7e03f375-d49a-42ab-b7b9-c2f67bc739a3@group-4D1102E5C1F2-FollowerState
2021-12-02 01:43:32,906 [7e03f375-d49a-42ab-b7b9-c2f67bc739a3@group-4D1102E5C1F2-FollowerState] INFO  server.RaftServer$Division (RaftServerImpl.java:setRole(290)) - 7e03f375-d49a-42ab-b7b9-c2f67bc739a3@group-4D1102E5C1F2: changes role from  FOLLOWER to CANDIDATE at term 0 for changeToCandidate
2021-12-02 01:43:32,915 [7e03f375-d49a-42ab-b7b9-c2f67bc739a3@group-4D1102E5C1F2-FollowerState] INFO  server.RaftServerConfigKeys (ConfUtils.java:logGet(44)) - raft.server.leaderelection.pre-vote = false (custom)
2021-12-02 01:43:32,915 [7e03f375-d49a-42ab-b7b9-c2f67bc739a3@group-4D1102E5C1F2-FollowerState] INFO  impl.RoleInfo (RoleInfo.java:updateAndGet(130)) - 7e03f375-d49a-42ab-b7b9-c2f67bc739a3: start 7e03f375-d49a-42ab-b7b9-c2f67bc739a3@group-4D1102E5C1F2-LeaderElection147
2021-12-02 01:43:32,915 [fbdafa3d-fbd0-48e3-8b83-ea1e54fefb5d@group-BFBF8A2CDC57-LeaderElection145] INFO  impl.LeaderElection (LeaderElection.java:logAndReturn(89)) - fbdafa3d-fbd0-48e3-8b83-ea1e54fefb5d@group-BFBF8A2CDC57-LeaderElection145: ELECTION REJECTED received 2 response(s) and 0 exception(s):
2021-12-02 01:43:32,915 [fbdafa3d-fbd0-48e3-8b83-ea1e54fefb5d@group-BFBF8A2CDC57-LeaderElection145] INFO  impl.LeaderElection (LeaderElection.java:logAndReturn(93)) -   Response 0: fbdafa3d-fbd0-48e3-8b83-ea1e54fefb5d<-93155b15-512d-4c8d-b4b5-3701a6ff6ed7#0:FAIL-t4
2021-12-02 01:43:32,915 [fbdafa3d-fbd0-48e3-8b83-ea1e54fefb5d@group-BFBF8A2CDC57-LeaderElection145] INFO  impl.LeaderElection (LeaderElection.java:logAndReturn(93)) -   Response 1: fbdafa3d-fbd0-48e3-8b83-ea1e54fefb5d<-fd7bdda1-593d-4007-bd0c-6fbef76da485#0:FAIL-t4
2021-12-02 01:43:32,916 [fbdafa3d-fbd0-48e3-8b83-ea1e54fefb5d@group-BFBF8A2CDC57-LeaderElection145] INFO  impl.LeaderElection (LeaderElection.java:askForVotes(308)) - fbdafa3d-fbd0-48e3-8b83-ea1e54fefb5d@group-BFBF8A2CDC57-LeaderElection145 ELECTION round 0: result REJECTED
2021-12-02 01:43:32,916 [fbdafa3d-fbd0-48e3-8b83-ea1e54fefb5d@group-BFBF8A2CDC57-LeaderElection145] INFO  server.RaftServer$Division (RaftServerImpl.java:setRole(290)) - fbdafa3d-fbd0-48e3-8b83-ea1e54fefb5d@group-BFBF8A2CDC57: changes role from CANDIDATE to FOLLOWER at term 4 for REJECTED
2021-12-02 01:43:32,916 [fbdafa3d-fbd0-48e3-8b83-ea1e54fefb5d@group-BFBF8A2CDC57-LeaderElection145] INFO  impl.RoleInfo (RoleInfo.java:shutdownLeaderElection(121)) - fbdafa3d-fbd0-48e3-8b83-ea1e54fefb5d: shutdown fbdafa3d-fbd0-48e3-8b83-ea1e54fefb5d@group-BFBF8A2CDC57-LeaderElection145
2021-12-02 01:43:32,916 [fbdafa3d-fbd0-48e3-8b83-ea1e54fefb5d@group-BFBF8A2CDC57-LeaderElection145] INFO  impl.RoleInfo (RoleInfo.java:updateAndGet(130)) - fbdafa3d-fbd0-48e3-8b83-ea1e54fefb5d: start fbdafa3d-fbd0-48e3-8b83-ea1e54fefb5d@group-BFBF8A2CDC57-FollowerState
2021-12-02 01:43:32,918 [7e03f375-d49a-42ab-b7b9-c2f67bc739a3@group-4D1102E5C1F2-LeaderElection147] INFO  impl.LeaderElection (LeaderElection.java:askForVotes(306)) - 7e03f375-d49a-42ab-b7b9-c2f67bc739a3@group-4D1102E5C1F2-LeaderElection147 ELECTION round 0: submit vote requests at term 1 for -1: [7e03f375-d49a-42ab-b7b9-c2f67bc739a3|rpc:10.1.0.43:37893|priority:1], old=null
2021-12-02 01:43:32,918 [7e03f375-d49a-42ab-b7b9-c2f67bc739a3@group-4D1102E5C1F2-LeaderElection147] INFO  impl.LeaderElection (LeaderElection.java:askForVotes(308)) - 7e03f375-d49a-42ab-b7b9-c2f67bc739a3@group-4D1102E5C1F2-LeaderElection147 ELECTION round 0: result PASSED (term=1)
2021-12-02 01:43:32,926 [7e03f375-d49a-42ab-b7b9-c2f67bc739a3@group-4D1102E5C1F2-LeaderElection147] INFO  impl.RoleInfo (RoleInfo.java:shutdownLeaderElection(121)) - 7e03f375-d49a-42ab-b7b9-c2f67bc739a3: shutdown 7e03f375-d49a-42ab-b7b9-c2f67bc739a3@group-4D1102E5C1F2-LeaderElection147
2021-12-02 01:43:32,926 [7e03f375-d49a-42ab-b7b9-c2f67bc739a3@group-4D1102E5C1F2-LeaderElection147] INFO  server.RaftServer$Division (RaftServerImpl.java:setRole(290)) - 7e03f375-d49a-42ab-b7b9-c2f67bc739a3@group-4D1102E5C1F2: changes role from CANDIDATE to LEADER at term 1 for changeToLeader
2021-12-02 01:43:32,926 [7e03f375-d49a-42ab-b7b9-c2f67bc739a3@group-4D1102E5C1F2-LeaderElection147] INFO  ratis.XceiverServerRatis (XceiverServerRatis.java:handleLeaderChangedNotification(866)) - Leader change notification received for group: group-4D1102E5C1F2 with new leaderId: 7e03f375-d49a-42ab-b7b9-c2f67bc739a3
2021-12-02 01:43:32,927 [7e03f375-d49a-42ab-b7b9-c2f67bc739a3@group-4D1102E5C1F2-LeaderElection147] INFO  server.RaftServer$Division (ServerState.java:setLeader(285)) - 7e03f375-d49a-42ab-b7b9-c2f67bc739a3@group-4D1102E5C1F2: change Leader from null to 7e03f375-d49a-42ab-b7b9-c2f67bc739a3 at term 1 for becomeLeader, leader elected after 5062ms
2021-12-02 01:43:32,927 [7e03f375-d49a-42ab-b7b9-c2f67bc739a3@group-4D1102E5C1F2-LeaderElection147] INFO  server.RaftServerConfigKeys (ConfUtils.java:logGet(44)) - raft.server.staging.catchup.gap = 1000 (default)
2021-12-02 01:43:32,927 [7e03f375-d49a-42ab-b7b9-c2f67bc739a3@group-4D1102E5C1F2-LeaderElection147] INFO  server.RaftServerConfigKeys (ConfUtils.java:logGet(44)) - raft.server.write.element-limit = 1024 (custom)
2021-12-02 01:43:32,927 [7e03f375-d49a-42ab-b7b9-c2f67bc739a3@group-4D1102E5C1F2-LeaderElection147] INFO  server.RaftServerConfigKeys (ConfUtils.java:logGet(44)) - raft.server.write.byte-limit = 1024 M (=1073741824) (custom)
2021-12-02 01:43:32,928 [7e03f375-d49a-42ab-b7b9-c2f67bc739a3@group-4D1102E5C1F2-LeaderElection147] INFO  server.RaftServerConfigKeys (ConfUtils.java:logGet(44)) - raft.server.watch.timeout = 180s (custom)
2021-12-02 01:43:32,928 [7e03f375-d49a-42ab-b7b9-c2f67bc739a3@group-4D1102E5C1F2-LeaderElection147] INFO  server.RaftServerConfigKeys (ConfUtils.java:logGet(44)) - raft.server.watch.timeout.denomination = 1s (default)
2021-12-02 01:43:32,928 [7e03f375-d49a-42ab-b7b9-c2f67bc739a3@group-4D1102E5C1F2-LeaderElection147] INFO  server.RaftServerConfigKeys (ConfUtils.java:logGet(44)) - raft.server.watch.element-limit = 65536 (default)
2021-12-02 01:43:32,928 [7e03f375-d49a-42ab-b7b9-c2f67bc739a3@group-4D1102E5C1F2-LeaderElection147] INFO  server.RaftServerConfigKeys (ConfUtils.java:logGet(44)) - raft.server.write.element-limit = 1024 (custom)
2021-12-02 01:43:32,928 [7e03f375-d49a-42ab-b7b9-c2f67bc739a3@group-4D1102E5C1F2-LeaderElection147] INFO  server.RaftServerConfigKeys (ConfUtils.java:logGet(44)) - raft.server.write.follower.gap.ratio.max = -1.0 (default)
2021-12-02 01:43:32,928 [7e03f375-d49a-42ab-b7b9-c2f67bc739a3@group-4D1102E5C1F2-LeaderElection147] INFO  impl.RoleInfo (RoleInfo.java:updateAndGet(130)) - 7e03f375-d49a-42ab-b7b9-c2f67bc739a3: start 7e03f375-d49a-42ab-b7b9-c2f67bc739a3@group-4D1102E5C1F2-LeaderStateImpl
2021-12-02 01:43:32,928 [7e03f375-d49a-42ab-b7b9-c2f67bc739a3@group-4D1102E5C1F2-LeaderElection147] INFO  segmented.SegmentedRaftLogWorker (SegmentedRaftLogWorker.java:startLogSegment(394)) - 7e03f375-d49a-42ab-b7b9-c2f67bc739a3@group-4D1102E5C1F2-SegmentedRaftLogWorker: Starting segment from index:0
2021-12-02 01:43:32,931 [7e03f375-d49a-42ab-b7b9-c2f67bc739a3@group-4D1102E5C1F2-SegmentedRaftLogWorker] INFO  segmented.SegmentedRaftLogWorker (SegmentedRaftLogWorker.java:execute(601)) - 7e03f375-d49a-42ab-b7b9-c2f67bc739a3@group-4D1102E5C1F2-SegmentedRaftLogWorker: created new log segment /home/runner/work/ozone/ozone/hadoop-ozone/integration-test/target/test-dir/MiniOzoneClusterImpl-93dc72d0-b1bf-46db-be81-fee59e1e35ad/datanode-0/data/ratis/7151e141-d915-4cd5-9dbe-4d1102e5c1f2/current/log_inprogress_0
2021-12-02 01:43:32,951 [7e03f375-d49a-42ab-b7b9-c2f67bc739a3@group-77077D228A21-FollowerState] INFO  impl.FollowerState (FollowerState.java:run(134)) - 7e03f375-d49a-42ab-b7b9-c2f67bc739a3@group-77077D228A21-FollowerState: change to CANDIDATE, lastRpcElapsedTime:5011240277ns, electionTimeout:5010ms
2021-12-02 01:43:32,951 [7e03f375-d49a-42ab-b7b9-c2f67bc739a3@group-77077D228A21-FollowerState] INFO  impl.RoleInfo (RoleInfo.java:shutdownFollowerState(108)) - 7e03f375-d49a-42ab-b7b9-c2f67bc739a3: shutdown 7e03f375-d49a-42ab-b7b9-c2f67bc739a3@group-77077D228A21-FollowerState
2021-12-02 01:43:32,951 [7e03f375-d49a-42ab-b7b9-c2f67bc739a3@group-77077D228A21-FollowerState] INFO  server.RaftServer$Division (RaftServerImpl.java:setRole(290)) - 7e03f375-d49a-42ab-b7b9-c2f67bc739a3@group-77077D228A21: changes role from  FOLLOWER to CANDIDATE at term 0 for changeToCandidate
2021-12-02 01:43:32,951 [7e03f375-d49a-42ab-b7b9-c2f67bc739a3@group-77077D228A21-FollowerState] INFO  server.RaftServerConfigKeys (ConfUtils.java:logGet(44)) - raft.server.leaderelection.pre-vote = false (custom)
2021-12-02 01:43:32,951 [7e03f375-d49a-42ab-b7b9-c2f67bc739a3@group-77077D228A21-FollowerState] INFO  impl.RoleInfo (RoleInfo.java:updateAndGet(130)) - 7e03f375-d49a-42ab-b7b9-c2f67bc739a3: start 7e03f375-d49a-42ab-b7b9-c2f67bc739a3@group-77077D228A21-LeaderElection148
2021-12-02 01:43:32,959 [7e03f375-d49a-42ab-b7b9-c2f67bc739a3@group-4D1102E5C1F2-LeaderElection147] INFO  server.RaftServer$Division (ServerState.java:setRaftConf(387)) - 7e03f375-d49a-42ab-b7b9-c2f67bc739a3@group-4D1102E5C1F2: set configuration 0: [7e03f375-d49a-42ab-b7b9-c2f67bc739a3|rpc:10.1.0.43:37893|dataStream:|priority:1], old=null
2021-12-02 01:43:32,974 [7e03f375-d49a-42ab-b7b9-c2f67bc739a3@group-77077D228A21-LeaderElection148] INFO  impl.LeaderElection (LeaderElection.java:askForVotes(306)) - 7e03f375-d49a-42ab-b7b9-c2f67bc739a3@group-77077D228A21-LeaderElection148 ELECTION round 0: submit vote requests at term 1 for -1: [e0d25c1b-b502-41c3-a142-f82b5e97ff03|rpc:10.1.0.43:41039|priority:1, 7e03f375-d49a-42ab-b7b9-c2f67bc739a3|rpc:10.1.0.43:37893|priority:0, 24275692-492e-4f92-b24d-cb5c5113d796|rpc:10.1.0.43:43787|priority:0], old=null
2021-12-02 01:43:32,978 [grpc-default-executor-1] INFO  server.RaftServer$Division (RaftServerImpl.java:requestVote(1046)) - e0d25c1b-b502-41c3-a142-f82b5e97ff03@group-77077D228A21: receive requestVote(ELECTION, 7e03f375-d49a-42ab-b7b9-c2f67bc739a3, group-77077D228A21, 1, (t:0, i:0))
2021-12-02 01:43:32,978 [grpc-default-executor-1] INFO  impl.VoteContext (VoteContext.java:log(48)) - e0d25c1b-b502-41c3-a142-f82b5e97ff03@group-77077D228A21-FOLLOWER: reject ELECTION from 7e03f375-d49a-42ab-b7b9-c2f67bc739a3: our priority 1 > candidate's priority 0
2021-12-02 01:43:32,978 [grpc-default-executor-1] INFO  server.RaftServer$Division (RaftServerImpl.java:setRole(290)) - e0d25c1b-b502-41c3-a142-f82b5e97ff03@group-77077D228A21: changes role from  FOLLOWER to FOLLOWER at term 1 for candidate:7e03f375-d49a-42ab-b7b9-c2f67bc739a3
2021-12-02 01:43:32,978 [grpc-default-executor-1] INFO  impl.RoleInfo (RoleInfo.java:shutdownFollowerState(108)) - e0d25c1b-b502-41c3-a142-f82b5e97ff03: shutdown e0d25c1b-b502-41c3-a142-f82b5e97ff03@group-77077D228A21-FollowerState
2021-12-02 01:43:32,978 [grpc-default-executor-1] INFO  impl.RoleInfo (RoleInfo.java:updateAndGet(130)) - e0d25c1b-b502-41c3-a142-f82b5e97ff03: start e0d25c1b-b502-41c3-a142-f82b5e97ff03@group-77077D228A21-FollowerState
2021-12-02 01:43:32,978 [e0d25c1b-b502-41c3-a142-f82b5e97ff03@group-77077D228A21-FollowerState] INFO  impl.FollowerState (FollowerState.java:run(143)) - e0d25c1b-b502-41c3-a142-f82b5e97ff03@group-77077D228A21-FollowerState was interrupted: {}
java.lang.InterruptedException: sleep interrupted
	at java.lang.Thread.sleep(Native Method)
	at java.lang.Thread.sleep(Thread.java:340)
	at java.util.concurrent.TimeUnit.sleep(TimeUnit.java:386)
	at org.apache.ratis.util.TimeDuration.sleep(TimeDuration.java:324)
	at org.apache.ratis.util.TimeDuration.sleep(TimeDuration.java:309)
	at org.apache.ratis.server.impl.FollowerState.run(FollowerState.java:118)
2021-12-02 01:43:32,979 [grpc-default-executor-0] INFO  server.RaftServer$Division (RaftServerImpl.java:requestVote(1046)) - 24275692-492e-4f92-b24d-cb5c5113d796@group-77077D228A21: receive requestVote(ELECTION, 7e03f375-d49a-42ab-b7b9-c2f67bc739a3, group-77077D228A21, 1, (t:0, i:0))
2021-12-02 01:43:32,979 [grpc-default-executor-0] INFO  impl.VoteContext (VoteContext.java:log(48)) - 24275692-492e-4f92-b24d-cb5c5113d796@group-77077D228A21-FOLLOWER: accept ELECTION from 7e03f375-d49a-42ab-b7b9-c2f67bc739a3: our priority 0 <= candidate's priority 0
2021-12-02 01:43:32,979 [grpc-default-executor-0] INFO  server.RaftServer$Division (RaftServerImpl.java:setRole(290)) - 24275692-492e-4f92-b24d-cb5c5113d796@group-77077D228A21: changes role from  FOLLOWER to FOLLOWER at term 1 for candidate:7e03f375-d49a-42ab-b7b9-c2f67bc739a3
2021-12-02 01:43:32,979 [grpc-default-executor-0] INFO  impl.RoleInfo (RoleInfo.java:shutdownFollowerState(108)) - 24275692-492e-4f92-b24d-cb5c5113d796: shutdown 24275692-492e-4f92-b24d-cb5c5113d796@group-77077D228A21-FollowerState
2021-12-02 01:43:32,989 [grpc-default-executor-0] INFO  impl.RoleInfo (RoleInfo.java:updateAndGet(130)) - 24275692-492e-4f92-b24d-cb5c5113d796: start 24275692-492e-4f92-b24d-cb5c5113d796@group-77077D228A21-FollowerState
2021-12-02 01:43:32,989 [24275692-492e-4f92-b24d-cb5c5113d796@group-77077D228A21-FollowerState] INFO  impl.FollowerState (FollowerState.java:run(143)) - 24275692-492e-4f92-b24d-cb5c5113d796@group-77077D228A21-FollowerState was interrupted: {}
java.lang.InterruptedException: sleep interrupted
	at java.lang.Thread.sleep(Native Method)
	at java.lang.Thread.sleep(Thread.java:340)
	at java.util.concurrent.TimeUnit.sleep(TimeUnit.java:386)
	at org.apache.ratis.util.TimeDuration.sleep(TimeDuration.java:324)
	at org.apache.ratis.util.TimeDuration.sleep(TimeDuration.java:309)
	at org.apache.ratis.server.impl.FollowerState.run(FollowerState.java:118)
2021-12-02 01:43:32,990 [grpc-default-executor-1] INFO  server.RaftServer$Division (RaftServerImpl.java:requestVote(1078)) - e0d25c1b-b502-41c3-a142-f82b5e97ff03@group-77077D228A21 replies to ELECTION vote request: 7e03f375-d49a-42ab-b7b9-c2f67bc739a3<-e0d25c1b-b502-41c3-a142-f82b5e97ff03#0:FAIL-t1. Peer's state: e0d25c1b-b502-41c3-a142-f82b5e97ff03@group-77077D228A21:t1, leader=null, voted=null, raftlog=e0d25c1b-b502-41c3-a142-f82b5e97ff03@group-77077D228A21-SegmentedRaftLog:OPENED:c-1, conf=-1: [e0d25c1b-b502-41c3-a142-f82b5e97ff03|rpc:10.1.0.43:41039|dataStream:|priority:1, 7e03f375-d49a-42ab-b7b9-c2f67bc739a3|rpc:10.1.0.43:37893|dataStream:|priority:0, 24275692-492e-4f92-b24d-cb5c5113d796|rpc:10.1.0.43:43787|dataStream:|priority:0], old=null
2021-12-02 01:43:32,991 [grpc-default-executor-0] INFO  server.RaftServer$Division (RaftServerImpl.java:requestVote(1078)) - 24275692-492e-4f92-b24d-cb5c5113d796@group-77077D228A21 replies to ELECTION vote request: 7e03f375-d49a-42ab-b7b9-c2f67bc739a3<-24275692-492e-4f92-b24d-cb5c5113d796#0:OK-t1. Peer's state: 24275692-492e-4f92-b24d-cb5c5113d796@group-77077D228A21:t1, leader=null, voted=7e03f375-d49a-42ab-b7b9-c2f67bc739a3, raftlog=24275692-492e-4f92-b24d-cb5c5113d796@group-77077D228A21-SegmentedRaftLog:OPENED:c-1, conf=-1: [e0d25c1b-b502-41c3-a142-f82b5e97ff03|rpc:10.1.0.43:41039|dataStream:|priority:1, 7e03f375-d49a-42ab-b7b9-c2f67bc739a3|rpc:10.1.0.43:37893|dataStream:|priority:0, 24275692-492e-4f92-b24d-cb5c5113d796|rpc:10.1.0.43:43787|dataStream:|priority:0], old=null
2021-12-02 01:43:32,992 [7e03f375-d49a-42ab-b7b9-c2f67bc739a3@group-77077D228A21-LeaderElection148] INFO  impl.LeaderElection (LeaderElection.java:logAndReturn(89)) - 7e03f375-d49a-42ab-b7b9-c2f67bc739a3@group-77077D228A21-LeaderElection148: ELECTION REJECTED received 1 response(s) and 0 exception(s):
2021-12-02 01:43:32,992 [7e03f375-d49a-42ab-b7b9-c2f67bc739a3@group-77077D228A21-LeaderElection148] INFO  impl.LeaderElection (LeaderElection.java:logAndReturn(93)) -   Response 0: 7e03f375-d49a-42ab-b7b9-c2f67bc739a3<-e0d25c1b-b502-41c3-a142-f82b5e97ff03#0:FAIL-t1
2021-12-02 01:43:32,992 [7e03f375-d49a-42ab-b7b9-c2f67bc739a3@group-77077D228A21-LeaderElection148] INFO  impl.LeaderElection (LeaderElection.java:askForVotes(308)) - 7e03f375-d49a-42ab-b7b9-c2f67bc739a3@group-77077D228A21-LeaderElection148 ELECTION round 0: result REJECTED
2021-12-02 01:43:32,992 [7e03f375-d49a-42ab-b7b9-c2f67bc739a3@group-77077D228A21-LeaderElection148] INFO  server.RaftServer$Division (RaftServerImpl.java:setRole(290)) - 7e03f375-d49a-42ab-b7b9-c2f67bc739a3@group-77077D228A21: changes role from CANDIDATE to FOLLOWER at term 1 for REJECTED
2021-12-02 01:43:32,992 [7e03f375-d49a-42ab-b7b9-c2f67bc739a3@group-77077D228A21-LeaderElection148] INFO  impl.RoleInfo (RoleInfo.java:shutdownLeaderElection(121)) - 7e03f375-d49a-42ab-b7b9-c2f67bc739a3: shutdown 7e03f375-d49a-42ab-b7b9-c2f67bc739a3@group-77077D228A21-LeaderElection148
2021-12-02 01:43:32,992 [7e03f375-d49a-42ab-b7b9-c2f67bc739a3@group-77077D228A21-LeaderElection148] INFO  impl.RoleInfo (RoleInfo.java:updateAndGet(130)) - 7e03f375-d49a-42ab-b7b9-c2f67bc739a3: start 7e03f375-d49a-42ab-b7b9-c2f67bc739a3@group-77077D228A21-FollowerState
2021-12-02 01:43:33,139 [Listener at 127.0.0.1/41183] INFO  ozone.MiniOzoneClusterImpl (MiniOzoneClusterImpl.java:lambda$waitForClusterToBeReady$0(235)) - Nodes are ready. Got 3 of 3 DN Heartbeats.
2021-12-02 01:43:33,139 [Listener at 127.0.0.1/41183] INFO  ozone.MiniOzoneClusterImpl (MiniOzoneClusterImpl.java:lambda$waitForClusterToBeReady$0(238)) - Waiting for cluster to exit safe mode
2021-12-02 01:43:33,139 [Listener at 127.0.0.1/41183] INFO  ozone.MiniOzoneClusterImpl (MiniOzoneClusterImpl.java:lambda$waitForClusterToBeReady$0(240)) - SCM became leader
2021-12-02 01:43:33,267 [EventQueue-OpenPipelineForHealthyPipelineSafeModeRule] INFO  safemode.SCMSafeModeManager (HealthyPipelineSafeModeRule.java:process(124)) - SCM in safe mode. Healthy pipelines reported count is 0, required healthy pipeline reported count is 1
2021-12-02 01:43:33,322 [EventQueue-OpenPipelineForHealthyPipelineSafeModeRule] INFO  safemode.SCMSafeModeManager (HealthyPipelineSafeModeRule.java:process(124)) - SCM in safe mode. Healthy pipelines reported count is 0, required healthy pipeline reported count is 1
2021-12-02 01:43:33,474 [EventQueue-OpenPipelineForHealthyPipelineSafeModeRule] INFO  safemode.SCMSafeModeManager (HealthyPipelineSafeModeRule.java:process(124)) - SCM in safe mode. Healthy pipelines reported count is 0, required healthy pipeline reported count is 1
2021-12-02 01:43:33,494 [e0d25c1b-b502-41c3-a142-f82b5e97ff03@group-1D0B2B4DCFAE-FollowerState] INFO  impl.FollowerState (FollowerState.java:run(134)) - e0d25c1b-b502-41c3-a142-f82b5e97ff03@group-1D0B2B4DCFAE-FollowerState: change to CANDIDATE, lastRpcElapsedTime:5156173721ns, electionTimeout:5154ms
2021-12-02 01:43:33,495 [e0d25c1b-b502-41c3-a142-f82b5e97ff03@group-1D0B2B4DCFAE-FollowerState] INFO  impl.RoleInfo (RoleInfo.java:shutdownFollowerState(108)) - e0d25c1b-b502-41c3-a142-f82b5e97ff03: shutdown e0d25c1b-b502-41c3-a142-f82b5e97ff03@group-1D0B2B4DCFAE-FollowerState
2021-12-02 01:43:33,495 [e0d25c1b-b502-41c3-a142-f82b5e97ff03@group-1D0B2B4DCFAE-FollowerState] INFO  server.RaftServer$Division (RaftServerImpl.java:setRole(290)) - e0d25c1b-b502-41c3-a142-f82b5e97ff03@group-1D0B2B4DCFAE: changes role from  FOLLOWER to CANDIDATE at term 0 for changeToCandidate
2021-12-02 01:43:33,495 [e0d25c1b-b502-41c3-a142-f82b5e97ff03@group-1D0B2B4DCFAE-FollowerState] INFO  server.RaftServerConfigKeys (ConfUtils.java:logGet(44)) - raft.server.leaderelection.pre-vote = false (custom)
2021-12-02 01:43:33,495 [e0d25c1b-b502-41c3-a142-f82b5e97ff03@group-1D0B2B4DCFAE-FollowerState] INFO  impl.RoleInfo (RoleInfo.java:updateAndGet(130)) - e0d25c1b-b502-41c3-a142-f82b5e97ff03: start e0d25c1b-b502-41c3-a142-f82b5e97ff03@group-1D0B2B4DCFAE-LeaderElection149
2021-12-02 01:43:33,505 [e0d25c1b-b502-41c3-a142-f82b5e97ff03@group-1D0B2B4DCFAE-LeaderElection149] INFO  impl.LeaderElection (LeaderElection.java:askForVotes(306)) - e0d25c1b-b502-41c3-a142-f82b5e97ff03@group-1D0B2B4DCFAE-LeaderElection149 ELECTION round 0: submit vote requests at term 1 for -1: [e0d25c1b-b502-41c3-a142-f82b5e97ff03|rpc:10.1.0.43:41039|priority:1], old=null
2021-12-02 01:43:33,506 [e0d25c1b-b502-41c3-a142-f82b5e97ff03@group-1D0B2B4DCFAE-LeaderElection149] INFO  impl.LeaderElection (LeaderElection.java:askForVotes(308)) - e0d25c1b-b502-41c3-a142-f82b5e97ff03@group-1D0B2B4DCFAE-LeaderElection149 ELECTION round 0: result PASSED (term=1)
2021-12-02 01:43:33,506 [e0d25c1b-b502-41c3-a142-f82b5e97ff03@group-1D0B2B4DCFAE-LeaderElection149] INFO  impl.RoleInfo (RoleInfo.java:shutdownLeaderElection(121)) - e0d25c1b-b502-41c3-a142-f82b5e97ff03: shutdown e0d25c1b-b502-41c3-a142-f82b5e97ff03@group-1D0B2B4DCFAE-LeaderElection149
2021-12-02 01:43:33,506 [e0d25c1b-b502-41c3-a142-f82b5e97ff03@group-1D0B2B4DCFAE-LeaderElection149] INFO  server.RaftServer$Division (RaftServerImpl.java:setRole(290)) - e0d25c1b-b502-41c3-a142-f82b5e97ff03@group-1D0B2B4DCFAE: changes role from CANDIDATE to LEADER at term 1 for changeToLeader
2021-12-02 01:43:33,517 [e0d25c1b-b502-41c3-a142-f82b5e97ff03@group-1D0B2B4DCFAE-LeaderElection149] INFO  ratis.XceiverServerRatis (XceiverServerRatis.java:handleLeaderChangedNotification(866)) - Leader change notification received for group: group-1D0B2B4DCFAE with new leaderId: e0d25c1b-b502-41c3-a142-f82b5e97ff03
2021-12-02 01:43:33,517 [e0d25c1b-b502-41c3-a142-f82b5e97ff03@group-1D0B2B4DCFAE-LeaderElection149] INFO  server.RaftServer$Division (ServerState.java:setLeader(285)) - e0d25c1b-b502-41c3-a142-f82b5e97ff03@group-1D0B2B4DCFAE: change Leader from null to e0d25c1b-b502-41c3-a142-f82b5e97ff03 at term 1 for becomeLeader, leader elected after 5191ms
2021-12-02 01:43:33,518 [e0d25c1b-b502-41c3-a142-f82b5e97ff03@group-1D0B2B4DCFAE-LeaderElection149] INFO  server.RaftServerConfigKeys (ConfUtils.java:logGet(44)) - raft.server.staging.catchup.gap = 1000 (default)
2021-12-02 01:43:33,518 [e0d25c1b-b502-41c3-a142-f82b5e97ff03@group-1D0B2B4DCFAE-LeaderElection149] INFO  server.RaftServerConfigKeys (ConfUtils.java:logGet(44)) - raft.server.write.element-limit = 1024 (custom)
2021-12-02 01:43:33,518 [e0d25c1b-b502-41c3-a142-f82b5e97ff03@group-1D0B2B4DCFAE-LeaderElection149] INFO  server.RaftServerConfigKeys (ConfUtils.java:logGet(44)) - raft.server.write.byte-limit = 1024 M (=1073741824) (custom)
2021-12-02 01:43:33,519 [e0d25c1b-b502-41c3-a142-f82b5e97ff03@group-1D0B2B4DCFAE-LeaderElection149] INFO  server.RaftServerConfigKeys (ConfUtils.java:logGet(44)) - raft.server.watch.timeout = 180s (custom)
2021-12-02 01:43:33,519 [e0d25c1b-b502-41c3-a142-f82b5e97ff03@group-1D0B2B4DCFAE-LeaderElection149] INFO  server.RaftServerConfigKeys (ConfUtils.java:logGet(44)) - raft.server.watch.timeout.denomination = 1s (default)
2021-12-02 01:43:33,519 [e0d25c1b-b502-41c3-a142-f82b5e97ff03@group-1D0B2B4DCFAE-LeaderElection149] INFO  server.RaftServerConfigKeys (ConfUtils.java:logGet(44)) - raft.server.watch.element-limit = 65536 (default)
2021-12-02 01:43:33,519 [e0d25c1b-b502-41c3-a142-f82b5e97ff03@group-1D0B2B4DCFAE-LeaderElection149] INFO  server.RaftServerConfigKeys (ConfUtils.java:logGet(44)) - raft.server.write.element-limit = 1024 (custom)
2021-12-02 01:43:33,519 [e0d25c1b-b502-41c3-a142-f82b5e97ff03@group-1D0B2B4DCFAE-LeaderElection149] INFO  server.RaftServerConfigKeys (ConfUtils.java:logGet(44)) - raft.server.write.follower.gap.ratio.max = -1.0 (default)
2021-12-02 01:43:33,519 [e0d25c1b-b502-41c3-a142-f82b5e97ff03@group-1D0B2B4DCFAE-LeaderElection149] INFO  impl.RoleInfo (RoleInfo.java:updateAndGet(130)) - e0d25c1b-b502-41c3-a142-f82b5e97ff03: start e0d25c1b-b502-41c3-a142-f82b5e97ff03@group-1D0B2B4DCFAE-LeaderStateImpl
2021-12-02 01:43:33,519 [e0d25c1b-b502-41c3-a142-f82b5e97ff03@group-1D0B2B4DCFAE-LeaderElection149] INFO  segmented.SegmentedRaftLogWorker (SegmentedRaftLogWorker.java:startLogSegment(394)) - e0d25c1b-b502-41c3-a142-f82b5e97ff03@group-1D0B2B4DCFAE-SegmentedRaftLogWorker: Starting segment from index:0
2021-12-02 01:43:33,523 [e0d25c1b-b502-41c3-a142-f82b5e97ff03@group-1D0B2B4DCFAE-SegmentedRaftLogWorker] INFO  segmented.SegmentedRaftLogWorker (SegmentedRaftLogWorker.java:execute(601)) - e0d25c1b-b502-41c3-a142-f82b5e97ff03@group-1D0B2B4DCFAE-SegmentedRaftLogWorker: created new log segment /home/runner/work/ozone/ozone/hadoop-ozone/integration-test/target/test-dir/MiniOzoneClusterImpl-93dc72d0-b1bf-46db-be81-fee59e1e35ad/datanode-2/data/ratis/e47afad0-7192-498e-8ec1-1d0b2b4dcfae/current/log_inprogress_0
2021-12-02 01:43:33,531 [e0d25c1b-b502-41c3-a142-f82b5e97ff03@group-1D0B2B4DCFAE-LeaderElection149] INFO  server.RaftServer$Division (ServerState.java:setRaftConf(387)) - e0d25c1b-b502-41c3-a142-f82b5e97ff03@group-1D0B2B4DCFAE: set configuration 0: [e0d25c1b-b502-41c3-a142-f82b5e97ff03|rpc:10.1.0.43:41039|dataStream:|priority:1], old=null
2021-12-02 01:43:34,139 [Listener at 127.0.0.1/41183] INFO  ozone.MiniOzoneClusterImpl (MiniOzoneClusterImpl.java:lambda$waitForClusterToBeReady$0(235)) - Nodes are ready. Got 3 of 3 DN Heartbeats.
2021-12-02 01:43:34,140 [Listener at 127.0.0.1/41183] INFO  ozone.MiniOzoneClusterImpl (MiniOzoneClusterImpl.java:lambda$waitForClusterToBeReady$0(238)) - Waiting for cluster to exit safe mode
2021-12-02 01:43:34,140 [Listener at 127.0.0.1/41183] INFO  ozone.MiniOzoneClusterImpl (MiniOzoneClusterImpl.java:lambda$waitForClusterToBeReady$0(240)) - SCM became leader
2021-12-02 01:43:34,329 [EventQueue-OpenPipelineForHealthyPipelineSafeModeRule] INFO  safemode.SCMSafeModeManager (HealthyPipelineSafeModeRule.java:process(124)) - SCM in safe mode. Healthy pipelines reported count is 0, required healthy pipeline reported count is 1
2021-12-02 01:43:35,140 [Listener at 127.0.0.1/41183] INFO  ozone.MiniOzoneClusterImpl (MiniOzoneClusterImpl.java:lambda$waitForClusterToBeReady$0(235)) - Nodes are ready. Got 3 of 3 DN Heartbeats.
2021-12-02 01:43:35,140 [Listener at 127.0.0.1/41183] INFO  ozone.MiniOzoneClusterImpl (MiniOzoneClusterImpl.java:lambda$waitForClusterToBeReady$0(238)) - Waiting for cluster to exit safe mode
2021-12-02 01:43:35,140 [Listener at 127.0.0.1/41183] INFO  ozone.MiniOzoneClusterImpl (MiniOzoneClusterImpl.java:lambda$waitForClusterToBeReady$0(240)) - SCM became leader
2021-12-02 01:43:35,273 [EventQueue-OpenPipelineForHealthyPipelineSafeModeRule] INFO  safemode.SCMSafeModeManager (HealthyPipelineSafeModeRule.java:process(124)) - SCM in safe mode. Healthy pipelines reported count is 0, required healthy pipeline reported count is 1
2021-12-02 01:43:35,380 [Time-limited test] INFO  upgrade.UpgradeFinalizer (SCMUpgradeFinalizer.java:postFinalizeUpgrade(115)) - Waiting for at least one open pipeline after SCM finalization.
2021-12-02 01:43:35,477 [EventQueue-OpenPipelineForHealthyPipelineSafeModeRule] INFO  safemode.SCMSafeModeManager (HealthyPipelineSafeModeRule.java:process(124)) - SCM in safe mode. Healthy pipelines reported count is 0, required healthy pipeline reported count is 1
2021-12-02 01:43:35,567 [Mini-Cluster-Provider-Reap] INFO  statemachine.DatanodeStateMachine (DatanodeStateMachine.java:stopDaemon(526)) - Ozone container server stopped.
2021-12-02 01:43:35,577 [Mini-Cluster-Provider-Reap] INFO  handler.ContextHandler (ContextHandler.java:doStop(1153)) - Stopped o.e.j.w.WebAppContext@dad556c{hddsDatanode,/,null,STOPPED}{jar:file:/home/runner/.m2/repository/org/apache/ozone/hdds-container-service/1.3.0-SNAPSHOT/hdds-container-service-1.3.0-SNAPSHOT.jar!/webapps/hddsDatanode}
2021-12-02 01:43:35,593 [Mini-Cluster-Provider-Reap] INFO  server.AbstractConnector (AbstractConnector.java:doStop(381)) - Stopped ServerConnector@842312e{HTTP/1.1, (http/1.1)}{0.0.0.0:33693}
2021-12-02 01:43:35,594 [Mini-Cluster-Provider-Reap] INFO  server.session (HouseKeeper.java:stopScavenging(149)) - node0 Stopped scavenging
2021-12-02 01:43:35,595 [Mini-Cluster-Provider-Reap] INFO  handler.ContextHandler (ContextHandler.java:doStop(1153)) - Stopped o.e.j.s.ServletContextHandler@2520678f{static,/static,jar:file:/home/runner/.m2/repository/org/apache/ozone/hdds-container-service/1.3.0-SNAPSHOT/hdds-container-service-1.3.0-SNAPSHOT.jar!/webapps/static,STOPPED}
2021-12-02 01:43:35,597 [Mini-Cluster-Provider-Reap] INFO  handler.ContextHandler (ContextHandler.java:doStop(1153)) - Stopped o.e.j.s.ServletContextHandler@555c734f{logs,/logs,file:///home/runner/work/ozone/ozone/hadoop-ozone/integration-test/target/log,STOPPED}
2021-12-02 01:43:35,605 [Mini-Cluster-Provider-Reap] INFO  ozone.MiniOzoneClusterImpl (MiniOzoneClusterImpl.java:stopSCM(542)) - Stopping the StorageContainerManager
2021-12-02 01:43:35,605 [Mini-Cluster-Provider-Reap] INFO  server.StorageContainerManager (StorageContainerManager.java:stop(1395)) - Stopping Container Balancer service.
2021-12-02 01:43:35,605 [Mini-Cluster-Provider-Reap] INFO  balancer.ContainerBalancer (ContainerBalancer.java:stop(734)) - Container Balancer is not running.
2021-12-02 01:43:35,605 [Mini-Cluster-Provider-Reap] INFO  server.StorageContainerManager (StorageContainerManager.java:stop(1402)) - Stopping Replication Manager Service.
2021-12-02 01:43:35,605 [Mini-Cluster-Provider-Reap] INFO  container.ReplicationManager (ReplicationManager.java:stop(350)) - Stopping Replication Monitor Thread.
2021-12-02 01:43:35,605 [Mini-Cluster-Provider-Reap] INFO  server.StorageContainerManager (StorageContainerManager.java:stop(1409)) - Stopping the Datanode Admin Monitor.
2021-12-02 01:43:35,605 [Mini-Cluster-Provider-Reap] INFO  server.StorageContainerManager (StorageContainerManager.java:stop(1416)) - Stopping Lease Manager of the command watchers
2021-12-02 01:43:35,605 [Mini-Cluster-Provider-Reap] INFO  server.StorageContainerManager (StorageContainerManager.java:stop(1423)) - Stopping datanode service RPC server
2021-12-02 01:43:35,606 [Mini-Cluster-Provider-Reap] INFO  server.SCMDatanodeProtocolServer (SCMDatanodeProtocolServer.java:stop(389)) - Stopping the RPC server for DataNodes
2021-12-02 01:43:35,606 [Mini-Cluster-Provider-Reap] INFO  ipc.Server (Server.java:stop(3414)) - Stopping server on 37557
2021-12-02 01:43:35,613 [IPC Server listener on 0] INFO  ipc.Server (Server.java:run(1376)) - Stopping IPC Server listener on 0
2021-12-02 01:43:35,614 [IPC Server Responder] INFO  ipc.Server (Server.java:run(1512)) - Stopping IPC Server Responder
2021-12-02 01:43:35,833 [EventQueue-OpenPipelineForHealthyPipelineSafeModeRule] INFO  safemode.SCMSafeModeManager (HealthyPipelineSafeModeRule.java:process(124)) - SCM in safe mode. Healthy pipelines reported count is 0, required healthy pipeline reported count is 1
2021-12-02 01:43:35,986 [SCM Heartbeat Processing Thread - 0] WARN  node.NodeStateManager (NodeStateManager.java:scheduleNextHealthCheck(799)) - Current Thread is interrupted, shutting down HB processing thread for Node Manager.
2021-12-02 01:43:35,986 [Mini-Cluster-Provider-Reap] INFO  server.StorageContainerManager (StorageContainerManager.java:stop(1431)) - Stopping block service RPC server
2021-12-02 01:43:35,986 [Mini-Cluster-Provider-Reap] INFO  server.SCMBlockProtocolServer (SCMBlockProtocolServer.java:stop(160)) - Stopping the RPC server for Block Protocol
2021-12-02 01:43:35,986 [Mini-Cluster-Provider-Reap] INFO  ipc.Server (Server.java:stop(3414)) - Stopping server on 41609
2021-12-02 01:43:35,994 [IPC Server listener on 0] INFO  ipc.Server (Server.java:run(1376)) - Stopping IPC Server listener on 0
2021-12-02 01:43:36,029 [Mini-Cluster-Provider-Reap] INFO  server.StorageContainerManager (StorageContainerManager.java:stop(1438)) - Stopping the StorageContainerLocationProtocol RPC server
2021-12-02 01:43:36,030 [Mini-Cluster-Provider-Reap] INFO  server.SCMClientProtocolServer (SCMClientProtocolServer.java:stop(173)) - Stopping the RPC server for Client Protocol
2021-12-02 01:43:36,030 [Mini-Cluster-Provider-Reap] INFO  ipc.Server (Server.java:stop(3414)) - Stopping server on 35995
2021-12-02 01:43:36,030 [IPC Server Responder] INFO  ipc.Server (Server.java:run(1512)) - Stopping IPC Server Responder
2021-12-02 01:43:36,036 [Mini-Cluster-Provider-Reap] INFO  server.StorageContainerManager (StorageContainerManager.java:stop(1445)) - Stopping Storage Container Manager HTTP server.
2021-12-02 01:43:36,036 [IPC Server listener on 0] INFO  ipc.Server (Server.java:run(1376)) - Stopping IPC Server listener on 0
2021-12-02 01:43:36,041 [Mini-Cluster-Provider-Reap] INFO  handler.ContextHandler (ContextHandler.java:doStop(1153)) - Stopped o.e.j.w.WebAppContext@16ddfb75{scm,/,null,STOPPED}{file:/home/runner/work/ozone/ozone/hadoop-ozone/integration-test/target/test-classes/webapps/scm}
2021-12-02 01:43:36,041 [Mini-Cluster-Provider-Reap] INFO  server.AbstractConnector (AbstractConnector.java:doStop(381)) - Stopped ServerConnector@1de3fee{HTTP/1.1, (http/1.1)}{0.0.0.0:0}
2021-12-02 01:43:36,041 [Mini-Cluster-Provider-Reap] INFO  server.session (HouseKeeper.java:stopScavenging(149)) - node0 Stopped scavenging
2021-12-02 01:43:36,042 [Mini-Cluster-Provider-Reap] INFO  handler.ContextHandler (ContextHandler.java:doStop(1153)) - Stopped o.e.j.s.ServletContextHandler@138d9c9{static,/static,file:///home/runner/work/ozone/ozone/hadoop-ozone/integration-test/target/test-classes/webapps/static,STOPPED}
2021-12-02 01:43:36,042 [Mini-Cluster-Provider-Reap] INFO  handler.ContextHandler (ContextHandler.java:doStop(1153)) - Stopped o.e.j.s.ServletContextHandler@51b43022{logs,/logs,file:///home/runner/work/ozone/ozone/hadoop-ozone/integration-test/target/log,STOPPED}
2021-12-02 01:43:36,057 [Mini-Cluster-Provider-Reap] INFO  server.StorageContainerManager (StorageContainerManager.java:stop(1456)) - Stopping Block Manager Service.
2021-12-02 01:43:36,057 [Mini-Cluster-Provider-Reap] INFO  utils.BackgroundService (BackgroundService.java:shutdown(132)) - Shutting down service SCMBlockDeletingService
2021-12-02 01:43:36,057 [Mini-Cluster-Provider-Reap] INFO  utils.BackgroundService (BackgroundService.java:shutdown(132)) - Shutting down service SCMBlockDeletingService
2021-12-02 01:43:36,058 [Mini-Cluster-Provider-Reap] INFO  server.StorageContainerManager (StorageContainerManager.java:stop(1483)) - Stopping SCM Event Queue.
2021-12-02 01:43:36,065 [IPC Server Responder] INFO  ipc.Server (Server.java:run(1512)) - Stopping IPC Server Responder
2021-12-02 01:43:36,110 [Mini-Cluster-Provider-Reap] INFO  server.StorageContainerManager (StorageContainerManager.java:stop(1494)) - Stopping SCM HA services.
2021-12-02 01:43:36,110 [Mini-Cluster-Provider-Reap] INFO  pipeline.BackgroundPipelineCreator (BackgroundPipelineCreator.java:stop(158)) - Stopping RatisPipelineUtilsThread.
2021-12-02 01:43:36,110 [Mini-Cluster-Provider-Reap] INFO  server.StorageContainerManager (StorageContainerManager.java:stop(1504)) - Stopping SCM MetadataStore.
2021-12-02 01:43:36,112 [Mini-Cluster-Provider-Reap] INFO  impl.MetricsSystemImpl (MetricsSystemImpl.java:stop(210)) - Stopping HddsDatanode metrics system...
2021-12-02 01:43:36,113 [prometheus] INFO  impl.MetricsSinkAdapter (MetricsSinkAdapter.java:publishMetricsFromQueue(141)) - prometheus thread interrupted.
2021-12-02 01:43:36,132 [Mini-Cluster-Provider-Reap] INFO  impl.MetricsSystemImpl (MetricsSystemImpl.java:stop(216)) - HddsDatanode metrics system stopped.
2021-12-02 01:43:36,140 [Listener at 127.0.0.1/41183] INFO  ozone.MiniOzoneClusterImpl (MiniOzoneClusterImpl.java:lambda$waitForClusterToBeReady$0(235)) - Nodes are ready. Got 3 of 3 DN Heartbeats.
2021-12-02 01:43:36,140 [Listener at 127.0.0.1/41183] INFO  ozone.MiniOzoneClusterImpl (MiniOzoneClusterImpl.java:lambda$waitForClusterToBeReady$0(238)) - Waiting for cluster to exit safe mode
2021-12-02 01:43:36,140 [Listener at 127.0.0.1/41183] INFO  ozone.MiniOzoneClusterImpl (MiniOzoneClusterImpl.java:lambda$waitForClusterToBeReady$0(240)) - SCM became leader
2021-12-02 01:43:36,771 [EventQueue-OpenPipelineForHealthyPipelineSafeModeRule] INFO  safemode.SCMSafeModeManager (HealthyPipelineSafeModeRule.java:process(124)) - SCM in safe mode. Healthy pipelines reported count is 0, required healthy pipeline reported count is 1
2021-12-02 01:43:36,978 [EventQueue-OpenPipelineForHealthyPipelineSafeModeRule] INFO  safemode.SCMSafeModeManager (HealthyPipelineSafeModeRule.java:process(124)) - SCM in safe mode. Healthy pipelines reported count is 0, required healthy pipeline reported count is 1
2021-12-02 01:43:37,140 [Listener at 127.0.0.1/41183] INFO  ozone.MiniOzoneClusterImpl (MiniOzoneClusterImpl.java:lambda$waitForClusterToBeReady$0(235)) - Nodes are ready. Got 3 of 3 DN Heartbeats.
2021-12-02 01:43:37,140 [Listener at 127.0.0.1/41183] INFO  ozone.MiniOzoneClusterImpl (MiniOzoneClusterImpl.java:lambda$waitForClusterToBeReady$0(238)) - Waiting for cluster to exit safe mode
2021-12-02 01:43:37,140 [Listener at 127.0.0.1/41183] INFO  ozone.MiniOzoneClusterImpl (MiniOzoneClusterImpl.java:lambda$waitForClusterToBeReady$0(240)) - SCM became leader
2021-12-02 01:43:37,338 [EventQueue-OpenPipelineForHealthyPipelineSafeModeRule] INFO  safemode.SCMSafeModeManager (HealthyPipelineSafeModeRule.java:process(124)) - SCM in safe mode. Healthy pipelines reported count is 0, required healthy pipeline reported count is 1
2021-12-02 01:43:37,938 [fbdafa3d-fbd0-48e3-8b83-ea1e54fefb5d@group-BFBF8A2CDC57-FollowerState] INFO  impl.FollowerState (FollowerState.java:run(134)) - fbdafa3d-fbd0-48e3-8b83-ea1e54fefb5d@group-BFBF8A2CDC57-FollowerState: change to CANDIDATE, lastRpcElapsedTime:5021969535ns, electionTimeout:5021ms
2021-12-02 01:43:37,938 [fbdafa3d-fbd0-48e3-8b83-ea1e54fefb5d@group-BFBF8A2CDC57-FollowerState] INFO  impl.RoleInfo (RoleInfo.java:shutdownFollowerState(108)) - fbdafa3d-fbd0-48e3-8b83-ea1e54fefb5d: shutdown fbdafa3d-fbd0-48e3-8b83-ea1e54fefb5d@group-BFBF8A2CDC57-FollowerState
2021-12-02 01:43:37,938 [fbdafa3d-fbd0-48e3-8b83-ea1e54fefb5d@group-BFBF8A2CDC57-FollowerState] INFO  server.RaftServer$Division (RaftServerImpl.java:setRole(290)) - fbdafa3d-fbd0-48e3-8b83-ea1e54fefb5d@group-BFBF8A2CDC57: changes role from  FOLLOWER to CANDIDATE at term 4 for changeToCandidate
2021-12-02 01:43:37,938 [fbdafa3d-fbd0-48e3-8b83-ea1e54fefb5d@group-BFBF8A2CDC57-FollowerState] INFO  server.RaftServerConfigKeys (ConfUtils.java:logGet(44)) - raft.server.leaderelection.pre-vote = false (custom)
2021-12-02 01:43:37,938 [fbdafa3d-fbd0-48e3-8b83-ea1e54fefb5d@group-BFBF8A2CDC57-FollowerState] INFO  impl.RoleInfo (RoleInfo.java:updateAndGet(130)) - fbdafa3d-fbd0-48e3-8b83-ea1e54fefb5d: start fbdafa3d-fbd0-48e3-8b83-ea1e54fefb5d@group-BFBF8A2CDC57-LeaderElection150
2021-12-02 01:43:37,974 [fbdafa3d-fbd0-48e3-8b83-ea1e54fefb5d@group-BFBF8A2CDC57-LeaderElection150] INFO  impl.LeaderElection (LeaderElection.java:askForVotes(306)) - fbdafa3d-fbd0-48e3-8b83-ea1e54fefb5d@group-BFBF8A2CDC57-LeaderElection150 ELECTION round 0: submit vote requests at term 5 for -1: [93155b15-512d-4c8d-b4b5-3701a6ff6ed7|rpc:10.1.0.43:43723|dataStream:|priority:0, fbdafa3d-fbd0-48e3-8b83-ea1e54fefb5d|rpc:10.1.0.43:37327|dataStream:|priority:0, fd7bdda1-593d-4007-bd0c-6fbef76da485|rpc:10.1.0.43:36783|dataStream:|priority:1], old=null
2021-12-02 01:43:37,978 [grpc-default-executor-1] INFO  server.RaftServer$Division (RaftServerImpl.java:requestVote(1046)) - 93155b15-512d-4c8d-b4b5-3701a6ff6ed7@group-BFBF8A2CDC57: receive requestVote(ELECTION, fbdafa3d-fbd0-48e3-8b83-ea1e54fefb5d, group-BFBF8A2CDC57, 5, (t:0, i:0))
2021-12-02 01:43:37,978 [grpc-default-executor-1] INFO  impl.VoteContext (VoteContext.java:log(48)) - 93155b15-512d-4c8d-b4b5-3701a6ff6ed7@group-BFBF8A2CDC57-FOLLOWER: accept ELECTION from fbdafa3d-fbd0-48e3-8b83-ea1e54fefb5d: our priority 0 <= candidate's priority 0
2021-12-02 01:43:37,978 [grpc-default-executor-1] INFO  server.RaftServer$Division (RaftServerImpl.java:setRole(290)) - 93155b15-512d-4c8d-b4b5-3701a6ff6ed7@group-BFBF8A2CDC57: changes role from  FOLLOWER to FOLLOWER at term 5 for candidate:fbdafa3d-fbd0-48e3-8b83-ea1e54fefb5d
2021-12-02 01:43:37,978 [grpc-default-executor-1] INFO  impl.RoleInfo (RoleInfo.java:shutdownFollowerState(108)) - 93155b15-512d-4c8d-b4b5-3701a6ff6ed7: shutdown 93155b15-512d-4c8d-b4b5-3701a6ff6ed7@group-BFBF8A2CDC57-FollowerState
2021-12-02 01:43:37,978 [grpc-default-executor-1] INFO  impl.RoleInfo (RoleInfo.java:updateAndGet(130)) - 93155b15-512d-4c8d-b4b5-3701a6ff6ed7: start 93155b15-512d-4c8d-b4b5-3701a6ff6ed7@group-BFBF8A2CDC57-FollowerState
2021-12-02 01:43:37,978 [93155b15-512d-4c8d-b4b5-3701a6ff6ed7@group-BFBF8A2CDC57-FollowerState] INFO  impl.FollowerState (FollowerState.java:run(143)) - 93155b15-512d-4c8d-b4b5-3701a6ff6ed7@group-BFBF8A2CDC57-FollowerState was interrupted: {}
java.lang.InterruptedException: sleep interrupted
	at java.lang.Thread.sleep(Native Method)
	at java.lang.Thread.sleep(Thread.java:340)
	at java.util.concurrent.TimeUnit.sleep(TimeUnit.java:386)
	at org.apache.ratis.util.TimeDuration.sleep(TimeDuration.java:324)
	at org.apache.ratis.util.TimeDuration.sleep(TimeDuration.java:309)
	at org.apache.ratis.server.impl.FollowerState.run(FollowerState.java:118)
2021-12-02 01:43:37,979 [grpc-default-executor-0] INFO  server.RaftServer$Division (RaftServerImpl.java:requestVote(1046)) - fd7bdda1-593d-4007-bd0c-6fbef76da485@group-BFBF8A2CDC57: receive requestVote(ELECTION, fbdafa3d-fbd0-48e3-8b83-ea1e54fefb5d, group-BFBF8A2CDC57, 5, (t:0, i:0))
2021-12-02 01:43:37,979 [grpc-default-executor-0] INFO  impl.VoteContext (VoteContext.java:log(48)) - fd7bdda1-593d-4007-bd0c-6fbef76da485@group-BFBF8A2CDC57-FOLLOWER: reject ELECTION from fbdafa3d-fbd0-48e3-8b83-ea1e54fefb5d: our priority 1 > candidate's priority 0
2021-12-02 01:43:37,979 [grpc-default-executor-0] INFO  server.RaftServer$Division (RaftServerImpl.java:setRole(290)) - fd7bdda1-593d-4007-bd0c-6fbef76da485@group-BFBF8A2CDC57: changes role from  FOLLOWER to FOLLOWER at term 5 for candidate:fbdafa3d-fbd0-48e3-8b83-ea1e54fefb5d
2021-12-02 01:43:37,979 [grpc-default-executor-0] INFO  impl.RoleInfo (RoleInfo.java:shutdownFollowerState(108)) - fd7bdda1-593d-4007-bd0c-6fbef76da485: shutdown fd7bdda1-593d-4007-bd0c-6fbef76da485@group-BFBF8A2CDC57-FollowerState
2021-12-02 01:43:37,980 [grpc-default-executor-0] INFO  impl.RoleInfo (RoleInfo.java:updateAndGet(130)) - fd7bdda1-593d-4007-bd0c-6fbef76da485: start fd7bdda1-593d-4007-bd0c-6fbef76da485@group-BFBF8A2CDC57-FollowerState
2021-12-02 01:43:37,980 [fd7bdda1-593d-4007-bd0c-6fbef76da485@group-BFBF8A2CDC57-FollowerState] INFO  impl.FollowerState (FollowerState.java:run(143)) - fd7bdda1-593d-4007-bd0c-6fbef76da485@group-BFBF8A2CDC57-FollowerState was interrupted: {}
java.lang.InterruptedException: sleep interrupted
	at java.lang.Thread.sleep(Native Method)
	at java.lang.Thread.sleep(Thread.java:340)
	at java.util.concurrent.TimeUnit.sleep(TimeUnit.java:386)
	at org.apache.ratis.util.TimeDuration.sleep(TimeDuration.java:324)
	at org.apache.ratis.util.TimeDuration.sleep(TimeDuration.java:309)
	at org.apache.ratis.server.impl.FollowerState.run(FollowerState.java:118)
2021-12-02 01:43:37,984 [grpc-default-executor-1] INFO  server.RaftServer$Division (RaftServerImpl.java:requestVote(1078)) - 93155b15-512d-4c8d-b4b5-3701a6ff6ed7@group-BFBF8A2CDC57 replies to ELECTION vote request: fbdafa3d-fbd0-48e3-8b83-ea1e54fefb5d<-93155b15-512d-4c8d-b4b5-3701a6ff6ed7#0:OK-t5. Peer's state: 93155b15-512d-4c8d-b4b5-3701a6ff6ed7@group-BFBF8A2CDC57:t5, leader=null, voted=fbdafa3d-fbd0-48e3-8b83-ea1e54fefb5d, raftlog=93155b15-512d-4c8d-b4b5-3701a6ff6ed7@group-BFBF8A2CDC57-SegmentedRaftLog:OPENED:c-1, conf=-1: [93155b15-512d-4c8d-b4b5-3701a6ff6ed7|rpc:10.1.0.43:43723|dataStream:|priority:0, fbdafa3d-fbd0-48e3-8b83-ea1e54fefb5d|rpc:10.1.0.43:37327|dataStream:|priority:0, fd7bdda1-593d-4007-bd0c-6fbef76da485|rpc:10.1.0.43:36783|dataStream:|priority:1], old=null
2021-12-02 01:43:37,993 [grpc-default-executor-0] INFO  server.RaftServer$Division (RaftServerImpl.java:requestVote(1078)) - fd7bdda1-593d-4007-bd0c-6fbef76da485@group-BFBF8A2CDC57 replies to ELECTION vote request: fbdafa3d-fbd0-48e3-8b83-ea1e54fefb5d<-fd7bdda1-593d-4007-bd0c-6fbef76da485#0:FAIL-t5. Peer's state: fd7bdda1-593d-4007-bd0c-6fbef76da485@group-BFBF8A2CDC57:t5, leader=null, voted=null, raftlog=fd7bdda1-593d-4007-bd0c-6fbef76da485@group-BFBF8A2CDC57-SegmentedRaftLog:OPENED:c-1, conf=-1: [93155b15-512d-4c8d-b4b5-3701a6ff6ed7|rpc:10.1.0.43:43723|priority:0, fbdafa3d-fbd0-48e3-8b83-ea1e54fefb5d|rpc:10.1.0.43:37327|priority:0, fd7bdda1-593d-4007-bd0c-6fbef76da485|rpc:10.1.0.43:36783|priority:1], old=null
2021-12-02 01:43:38,004 [fbdafa3d-fbd0-48e3-8b83-ea1e54fefb5d@group-BFBF8A2CDC57-LeaderElection150] INFO  impl.LeaderElection (LeaderElection.java:logAndReturn(89)) - fbdafa3d-fbd0-48e3-8b83-ea1e54fefb5d@group-BFBF8A2CDC57-LeaderElection150: ELECTION REJECTED received 2 response(s) and 0 exception(s):
2021-12-02 01:43:38,004 [fbdafa3d-fbd0-48e3-8b83-ea1e54fefb5d@group-BFBF8A2CDC57-LeaderElection150] INFO  impl.LeaderElection (LeaderElection.java:logAndReturn(93)) -   Response 0: fbdafa3d-fbd0-48e3-8b83-ea1e54fefb5d<-93155b15-512d-4c8d-b4b5-3701a6ff6ed7#0:OK-t5
2021-12-02 01:43:38,004 [fbdafa3d-fbd0-48e3-8b83-ea1e54fefb5d@group-BFBF8A2CDC57-LeaderElection150] INFO  impl.LeaderElection (LeaderElection.java:logAndReturn(93)) -   Response 1: fbdafa3d-fbd0-48e3-8b83-ea1e54fefb5d<-fd7bdda1-593d-4007-bd0c-6fbef76da485#0:FAIL-t5
2021-12-02 01:43:38,004 [fbdafa3d-fbd0-48e3-8b83-ea1e54fefb5d@group-BFBF8A2CDC57-LeaderElection150] INFO  impl.LeaderElection (LeaderElection.java:askForVotes(308)) - fbdafa3d-fbd0-48e3-8b83-ea1e54fefb5d@group-BFBF8A2CDC57-LeaderElection150 ELECTION round 0: result REJECTED
2021-12-02 01:43:38,004 [fbdafa3d-fbd0-48e3-8b83-ea1e54fefb5d@group-BFBF8A2CDC57-LeaderElection150] INFO  server.RaftServer$Division (RaftServerImpl.java:setRole(290)) - fbdafa3d-fbd0-48e3-8b83-ea1e54fefb5d@group-BFBF8A2CDC57: changes role from CANDIDATE to FOLLOWER at term 5 for REJECTED
2021-12-02 01:43:38,004 [fbdafa3d-fbd0-48e3-8b83-ea1e54fefb5d@group-BFBF8A2CDC57-LeaderElection150] INFO  impl.RoleInfo (RoleInfo.java:shutdownLeaderElection(121)) - fbdafa3d-fbd0-48e3-8b83-ea1e54fefb5d: shutdown fbdafa3d-fbd0-48e3-8b83-ea1e54fefb5d@group-BFBF8A2CDC57-LeaderElection150
2021-12-02 01:43:38,004 [fbdafa3d-fbd0-48e3-8b83-ea1e54fefb5d@group-BFBF8A2CDC57-LeaderElection150] INFO  impl.RoleInfo (RoleInfo.java:updateAndGet(130)) - fbdafa3d-fbd0-48e3-8b83-ea1e54fefb5d: start fbdafa3d-fbd0-48e3-8b83-ea1e54fefb5d@group-BFBF8A2CDC57-FollowerState
2021-12-02 01:43:38,044 [e0d25c1b-b502-41c3-a142-f82b5e97ff03@group-77077D228A21-FollowerState] INFO  impl.FollowerState (FollowerState.java:run(134)) - e0d25c1b-b502-41c3-a142-f82b5e97ff03@group-77077D228A21-FollowerState: change to CANDIDATE, lastRpcElapsedTime:5065297418ns, electionTimeout:5054ms
2021-12-02 01:43:38,044 [e0d25c1b-b502-41c3-a142-f82b5e97ff03@group-77077D228A21-FollowerState] INFO  impl.RoleInfo (RoleInfo.java:shutdownFollowerState(108)) - e0d25c1b-b502-41c3-a142-f82b5e97ff03: shutdown e0d25c1b-b502-41c3-a142-f82b5e97ff03@group-77077D228A21-FollowerState
2021-12-02 01:43:38,044 [e0d25c1b-b502-41c3-a142-f82b5e97ff03@group-77077D228A21-FollowerState] INFO  server.RaftServer$Division (RaftServerImpl.java:setRole(290)) - e0d25c1b-b502-41c3-a142-f82b5e97ff03@group-77077D228A21: changes role from  FOLLOWER to CANDIDATE at term 1 for changeToCandidate
2021-12-02 01:43:38,044 [e0d25c1b-b502-41c3-a142-f82b5e97ff03@group-77077D228A21-FollowerState] INFO  server.RaftServerConfigKeys (ConfUtils.java:logGet(44)) - raft.server.leaderelection.pre-vote = false (custom)
2021-12-02 01:43:38,044 [e0d25c1b-b502-41c3-a142-f82b5e97ff03@group-77077D228A21-FollowerState] INFO  impl.RoleInfo (RoleInfo.java:updateAndGet(130)) - e0d25c1b-b502-41c3-a142-f82b5e97ff03: start e0d25c1b-b502-41c3-a142-f82b5e97ff03@group-77077D228A21-LeaderElection151
2021-12-02 01:43:38,047 [e0d25c1b-b502-41c3-a142-f82b5e97ff03@group-77077D228A21-LeaderElection151] INFO  impl.LeaderElection (LeaderElection.java:askForVotes(306)) - e0d25c1b-b502-41c3-a142-f82b5e97ff03@group-77077D228A21-LeaderElection151 ELECTION round 0: submit vote requests at term 2 for -1: [e0d25c1b-b502-41c3-a142-f82b5e97ff03|rpc:10.1.0.43:41039|dataStream:|priority:1, 7e03f375-d49a-42ab-b7b9-c2f67bc739a3|rpc:10.1.0.43:37893|dataStream:|priority:0, 24275692-492e-4f92-b24d-cb5c5113d796|rpc:10.1.0.43:43787|dataStream:|priority:0], old=null
2021-12-02 01:43:38,049 [grpc-default-executor-0] INFO  server.RaftServer$Division (RaftServerImpl.java:requestVote(1046)) - 7e03f375-d49a-42ab-b7b9-c2f67bc739a3@group-77077D228A21: receive requestVote(ELECTION, e0d25c1b-b502-41c3-a142-f82b5e97ff03, group-77077D228A21, 2, (t:0, i:0))
2021-12-02 01:43:38,049 [grpc-default-executor-0] INFO  impl.VoteContext (VoteContext.java:log(48)) - 7e03f375-d49a-42ab-b7b9-c2f67bc739a3@group-77077D228A21-FOLLOWER: accept ELECTION from e0d25c1b-b502-41c3-a142-f82b5e97ff03: our priority 0 <= candidate's priority 1
2021-12-02 01:43:38,049 [grpc-default-executor-0] INFO  server.RaftServer$Division (RaftServerImpl.java:setRole(290)) - 7e03f375-d49a-42ab-b7b9-c2f67bc739a3@group-77077D228A21: changes role from  FOLLOWER to FOLLOWER at term 2 for candidate:e0d25c1b-b502-41c3-a142-f82b5e97ff03
2021-12-02 01:43:38,049 [grpc-default-executor-0] INFO  impl.RoleInfo (RoleInfo.java:shutdownFollowerState(108)) - 7e03f375-d49a-42ab-b7b9-c2f67bc739a3: shutdown 7e03f375-d49a-42ab-b7b9-c2f67bc739a3@group-77077D228A21-FollowerState
2021-12-02 01:43:38,049 [grpc-default-executor-0] INFO  impl.RoleInfo (RoleInfo.java:updateAndGet(130)) - 7e03f375-d49a-42ab-b7b9-c2f67bc739a3: start 7e03f375-d49a-42ab-b7b9-c2f67bc739a3@group-77077D228A21-FollowerState
2021-12-02 01:43:38,050 [7e03f375-d49a-42ab-b7b9-c2f67bc739a3@group-77077D228A21-FollowerState] INFO  impl.FollowerState (FollowerState.java:run(143)) - 7e03f375-d49a-42ab-b7b9-c2f67bc739a3@group-77077D228A21-FollowerState was interrupted: {}
java.lang.InterruptedException: sleep interrupted
	at java.lang.Thread.sleep(Native Method)
	at java.lang.Thread.sleep(Thread.java:340)
	at java.util.concurrent.TimeUnit.sleep(TimeUnit.java:386)
	at org.apache.ratis.util.TimeDuration.sleep(TimeDuration.java:324)
	at org.apache.ratis.util.TimeDuration.sleep(TimeDuration.java:309)
	at org.apache.ratis.server.impl.FollowerState.run(FollowerState.java:118)
2021-12-02 01:43:38,051 [grpc-default-executor-1] INFO  server.RaftServer$Division (RaftServerImpl.java:requestVote(1046)) - 24275692-492e-4f92-b24d-cb5c5113d796@group-77077D228A21: receive requestVote(ELECTION, e0d25c1b-b502-41c3-a142-f82b5e97ff03, group-77077D228A21, 2, (t:0, i:0))
2021-12-02 01:43:38,051 [grpc-default-executor-1] INFO  impl.VoteContext (VoteContext.java:log(48)) - 24275692-492e-4f92-b24d-cb5c5113d796@group-77077D228A21-FOLLOWER: accept ELECTION from e0d25c1b-b502-41c3-a142-f82b5e97ff03: our priority 0 <= candidate's priority 1
2021-12-02 01:43:38,051 [grpc-default-executor-1] INFO  server.RaftServer$Division (RaftServerImpl.java:setRole(290)) - 24275692-492e-4f92-b24d-cb5c5113d796@group-77077D228A21: changes role from  FOLLOWER to FOLLOWER at term 2 for candidate:e0d25c1b-b502-41c3-a142-f82b5e97ff03
2021-12-02 01:43:38,051 [grpc-default-executor-1] INFO  impl.RoleInfo (RoleInfo.java:shutdownFollowerState(108)) - 24275692-492e-4f92-b24d-cb5c5113d796: shutdown 24275692-492e-4f92-b24d-cb5c5113d796@group-77077D228A21-FollowerState
2021-12-02 01:43:38,051 [grpc-default-executor-1] INFO  impl.RoleInfo (RoleInfo.java:updateAndGet(130)) - 24275692-492e-4f92-b24d-cb5c5113d796: start 24275692-492e-4f92-b24d-cb5c5113d796@group-77077D228A21-FollowerState
2021-12-02 01:43:38,051 [24275692-492e-4f92-b24d-cb5c5113d796@group-77077D228A21-FollowerState] INFO  impl.FollowerState (FollowerState.java:run(143)) - 24275692-492e-4f92-b24d-cb5c5113d796@group-77077D228A21-FollowerState was interrupted: {}
java.lang.InterruptedException: sleep interrupted
	at java.lang.Thread.sleep(Native Method)
	at java.lang.Thread.sleep(Thread.java:340)
	at java.util.concurrent.TimeUnit.sleep(TimeUnit.java:386)
	at org.apache.ratis.util.TimeDuration.sleep(TimeDuration.java:324)
	at org.apache.ratis.util.TimeDuration.sleep(TimeDuration.java:309)
	at org.apache.ratis.server.impl.FollowerState.run(FollowerState.java:118)
2021-12-02 01:43:38,055 [grpc-default-executor-0] INFO  server.RaftServer$Division (RaftServerImpl.java:requestVote(1078)) - 7e03f375-d49a-42ab-b7b9-c2f67bc739a3@group-77077D228A21 replies to ELECTION vote request: e0d25c1b-b502-41c3-a142-f82b5e97ff03<-7e03f375-d49a-42ab-b7b9-c2f67bc739a3#0:OK-t2. Peer's state: 7e03f375-d49a-42ab-b7b9-c2f67bc739a3@group-77077D228A21:t2, leader=null, voted=e0d25c1b-b502-41c3-a142-f82b5e97ff03, raftlog=7e03f375-d49a-42ab-b7b9-c2f67bc739a3@group-77077D228A21-SegmentedRaftLog:OPENED:c-1, conf=-1: [e0d25c1b-b502-41c3-a142-f82b5e97ff03|rpc:10.1.0.43:41039|priority:1, 7e03f375-d49a-42ab-b7b9-c2f67bc739a3|rpc:10.1.0.43:37893|priority:0, 24275692-492e-4f92-b24d-cb5c5113d796|rpc:10.1.0.43:43787|priority:0], old=null
2021-12-02 01:43:38,056 [e0d25c1b-b502-41c3-a142-f82b5e97ff03@group-77077D228A21-LeaderElection151] INFO  impl.LeaderElection (LeaderElection.java:logAndReturn(89)) - e0d25c1b-b502-41c3-a142-f82b5e97ff03@group-77077D228A21-LeaderElection151: ELECTION PASSED received 1 response(s) and 0 exception(s):
2021-12-02 01:43:38,056 [e0d25c1b-b502-41c3-a142-f82b5e97ff03@group-77077D228A21-LeaderElection151] INFO  impl.LeaderElection (LeaderElection.java:logAndReturn(93)) -   Response 0: e0d25c1b-b502-41c3-a142-f82b5e97ff03<-7e03f375-d49a-42ab-b7b9-c2f67bc739a3#0:OK-t2
2021-12-02 01:43:38,056 [e0d25c1b-b502-41c3-a142-f82b5e97ff03@group-77077D228A21-LeaderElection151] INFO  impl.LeaderElection (LeaderElection.java:askForVotes(308)) - e0d25c1b-b502-41c3-a142-f82b5e97ff03@group-77077D228A21-LeaderElection151 ELECTION round 0: result PASSED
2021-12-02 01:43:38,056 [e0d25c1b-b502-41c3-a142-f82b5e97ff03@group-77077D228A21-LeaderElection151] INFO  impl.RoleInfo (RoleInfo.java:shutdownLeaderElection(121)) - e0d25c1b-b502-41c3-a142-f82b5e97ff03: shutdown e0d25c1b-b502-41c3-a142-f82b5e97ff03@group-77077D228A21-LeaderElection151
2021-12-02 01:43:38,056 [e0d25c1b-b502-41c3-a142-f82b5e97ff03@group-77077D228A21-LeaderElection151] INFO  server.RaftServer$Division (RaftServerImpl.java:setRole(290)) - e0d25c1b-b502-41c3-a142-f82b5e97ff03@group-77077D228A21: changes role from CANDIDATE to LEADER at term 2 for changeToLeader
2021-12-02 01:43:38,056 [e0d25c1b-b502-41c3-a142-f82b5e97ff03@group-77077D228A21-LeaderElection151] INFO  ratis.XceiverServerRatis (XceiverServerRatis.java:handleLeaderChangedNotification(866)) - Leader change notification received for group: group-77077D228A21 with new leaderId: e0d25c1b-b502-41c3-a142-f82b5e97ff03
2021-12-02 01:43:38,056 [e0d25c1b-b502-41c3-a142-f82b5e97ff03@group-77077D228A21-LeaderElection151] INFO  server.RaftServer$Division (ServerState.java:setLeader(285)) - e0d25c1b-b502-41c3-a142-f82b5e97ff03@group-77077D228A21: change Leader from null to e0d25c1b-b502-41c3-a142-f82b5e97ff03 at term 2 for becomeLeader, leader elected after 10095ms
2021-12-02 01:43:38,056 [e0d25c1b-b502-41c3-a142-f82b5e97ff03@group-77077D228A21-LeaderElection151] INFO  server.RaftServerConfigKeys (ConfUtils.java:logGet(44)) - raft.server.staging.catchup.gap = 1000 (default)
2021-12-02 01:43:38,056 [e0d25c1b-b502-41c3-a142-f82b5e97ff03@group-77077D228A21-LeaderElection151] INFO  server.RaftServerConfigKeys (ConfUtils.java:logGet(44)) - raft.server.write.element-limit = 1024 (custom)
2021-12-02 01:43:38,056 [e0d25c1b-b502-41c3-a142-f82b5e97ff03@group-77077D228A21-LeaderElection151] INFO  server.RaftServerConfigKeys (ConfUtils.java:logGet(44)) - raft.server.write.byte-limit = 1024 M (=1073741824) (custom)
2021-12-02 01:43:38,057 [e0d25c1b-b502-41c3-a142-f82b5e97ff03@group-77077D228A21-LeaderElection151] INFO  server.RaftServerConfigKeys (ConfUtils.java:logGet(44)) - raft.server.watch.timeout = 180s (custom)
2021-12-02 01:43:38,057 [e0d25c1b-b502-41c3-a142-f82b5e97ff03@group-77077D228A21-LeaderElection151] INFO  server.RaftServerConfigKeys (ConfUtils.java:logGet(44)) - raft.server.watch.timeout.denomination = 1s (default)
2021-12-02 01:43:38,057 [e0d25c1b-b502-41c3-a142-f82b5e97ff03@group-77077D228A21-LeaderElection151] INFO  server.RaftServerConfigKeys (ConfUtils.java:logGet(44)) - raft.server.watch.element-limit = 65536 (default)
2021-12-02 01:43:38,057 [e0d25c1b-b502-41c3-a142-f82b5e97ff03@group-77077D228A21-LeaderElection151] INFO  server.RaftServerConfigKeys (ConfUtils.java:logGet(44)) - raft.server.write.element-limit = 1024 (custom)
2021-12-02 01:43:38,057 [e0d25c1b-b502-41c3-a142-f82b5e97ff03@group-77077D228A21-LeaderElection151] INFO  server.RaftServerConfigKeys (ConfUtils.java:logGet(44)) - raft.server.write.follower.gap.ratio.max = -1.0 (default)
2021-12-02 01:43:38,057 [e0d25c1b-b502-41c3-a142-f82b5e97ff03@group-77077D228A21-LeaderElection151] INFO  server.RaftServerConfigKeys (ConfUtils.java:logGet(44)) - raft.server.log.appender.snapshot.chunk.size.max = 16MB (=16777216) (default)
2021-12-02 01:43:38,057 [e0d25c1b-b502-41c3-a142-f82b5e97ff03@group-77077D228A21-LeaderElection151] INFO  server.RaftServerConfigKeys (ConfUtils.java:logGet(44)) - raft.server.log.appender.buffer.byte-limit = 33554432 (custom)
2021-12-02 01:43:38,059 [e0d25c1b-b502-41c3-a142-f82b5e97ff03@group-77077D228A21-LeaderElection151] INFO  server.RaftServerConfigKeys (ConfUtils.java:logGet(44)) - raft.server.log.appender.buffer.element-limit = 1 (custom)
2021-12-02 01:43:38,059 [e0d25c1b-b502-41c3-a142-f82b5e97ff03@group-77077D228A21-LeaderElection151] INFO  grpc.GrpcConfigKeys (ConfUtils.java:logGet(44)) - raft.grpc.server.leader.outstanding.appends.max = 128 (default)
2021-12-02 01:43:38,059 [e0d25c1b-b502-41c3-a142-f82b5e97ff03@group-77077D228A21-LeaderElection151] INFO  server.RaftServerConfigKeys (ConfUtils.java:logGet(44)) - raft.server.rpc.request.timeout = 60s (custom)
2021-12-02 01:43:38,060 [e0d25c1b-b502-41c3-a142-f82b5e97ff03@group-77077D228A21-LeaderElection151] INFO  server.RaftServerConfigKeys (ConfUtils.java:logGet(44)) - raft.server.log.appender.install.snapshot.enabled = false (custom)
2021-12-02 01:43:38,059 [EventQueue-PipelineReportForPipelineReportHandler] INFO  pipeline.PipelineManagerImpl (PipelineManagerImpl.java:openPipeline(289)) - Pipeline Pipeline[ Id: 997c7752-6dbb-4ec0-b04a-77077d228a21, Nodes: e0d25c1b-b502-41c3-a142-f82b5e97ff03{ip: 10.1.0.43, host: fv-az122-438.zf1tlrj3kn4expqppa1j4mpycf.xx.internal.cloudapp.net, ports: [REPLICATION=40041, RATIS=41039, RATIS_ADMIN=41039, RATIS_SERVER=41039, STANDALONE=42751], networkLocation: /default-rack, certSerialId: null, persistedOpState: IN_SERVICE, persistedOpStateExpiryEpochSec: 0}7e03f375-d49a-42ab-b7b9-c2f67bc739a3{ip: 10.1.0.43, host: fv-az122-438.zf1tlrj3kn4expqppa1j4mpycf.xx.internal.cloudapp.net, ports: [REPLICATION=36061, RATIS=37893, RATIS_ADMIN=37893, RATIS_SERVER=37893, STANDALONE=36207], networkLocation: /default-rack, certSerialId: null, persistedOpState: IN_SERVICE, persistedOpStateExpiryEpochSec: 0}24275692-492e-4f92-b24d-cb5c5113d796{ip: 10.1.0.43, host: fv-az122-438.zf1tlrj3kn4expqppa1j4mpycf.xx.internal.cloudapp.net, ports: [REPLICATION=41531, RATIS=43787, RATIS_ADMIN=43787, RATIS_SERVER=43787, STANDALONE=33163], networkLocation: /default-rack, certSerialId: null, persistedOpState: IN_SERVICE, persistedOpStateExpiryEpochSec: 0}, ReplicationConfig: RATIS/THREE, State:ALLOCATED, leaderId:e0d25c1b-b502-41c3-a142-f82b5e97ff03, CreationTimestamp2021-12-02T01:43:27.695Z[Etc/UTC]] moved to OPEN state
2021-12-02 01:43:38,061 [grpc-default-executor-1] INFO  server.RaftServer$Division (RaftServerImpl.java:requestVote(1078)) - 24275692-492e-4f92-b24d-cb5c5113d796@group-77077D228A21 replies to ELECTION vote request: e0d25c1b-b502-41c3-a142-f82b5e97ff03<-24275692-492e-4f92-b24d-cb5c5113d796#0:OK-t2. Peer's state: 24275692-492e-4f92-b24d-cb5c5113d796@group-77077D228A21:t2, leader=null, voted=e0d25c1b-b502-41c3-a142-f82b5e97ff03, raftlog=24275692-492e-4f92-b24d-cb5c5113d796@group-77077D228A21-SegmentedRaftLog:OPENED:c-1, conf=-1: [e0d25c1b-b502-41c3-a142-f82b5e97ff03|rpc:10.1.0.43:41039|dataStream:|priority:1, 7e03f375-d49a-42ab-b7b9-c2f67bc739a3|rpc:10.1.0.43:37893|dataStream:|priority:0, 24275692-492e-4f92-b24d-cb5c5113d796|rpc:10.1.0.43:43787|dataStream:|priority:0], old=null
2021-12-02 01:43:38,064 [e0d25c1b-b502-41c3-a142-f82b5e97ff03@group-77077D228A21-LeaderElection151] INFO  server.RaftServerConfigKeys (ConfUtils.java:logGet(44)) - raft.server.log.appender.snapshot.chunk.size.max = 16MB (=16777216) (default)
2021-12-02 01:43:38,064 [e0d25c1b-b502-41c3-a142-f82b5e97ff03@group-77077D228A21-LeaderElection151] INFO  server.RaftServerConfigKeys (ConfUtils.java:logGet(44)) - raft.server.log.appender.buffer.byte-limit = 33554432 (custom)
2021-12-02 01:43:38,064 [e0d25c1b-b502-41c3-a142-f82b5e97ff03@group-77077D228A21-LeaderElection151] INFO  server.RaftServerConfigKeys (ConfUtils.java:logGet(44)) - raft.server.log.appender.buffer.element-limit = 1 (custom)
2021-12-02 01:43:38,064 [e0d25c1b-b502-41c3-a142-f82b5e97ff03@group-77077D228A21-LeaderElection151] INFO  grpc.GrpcConfigKeys (ConfUtils.java:logGet(44)) - raft.grpc.server.leader.outstanding.appends.max = 128 (default)
2021-12-02 01:43:38,064 [e0d25c1b-b502-41c3-a142-f82b5e97ff03@group-77077D228A21-LeaderElection151] INFO  server.RaftServerConfigKeys (ConfUtils.java:logGet(44)) - raft.server.rpc.request.timeout = 60s (custom)
2021-12-02 01:43:38,064 [e0d25c1b-b502-41c3-a142-f82b5e97ff03@group-77077D228A21-LeaderElection151] INFO  server.RaftServerConfigKeys (ConfUtils.java:logGet(44)) - raft.server.log.appender.install.snapshot.enabled = false (custom)
2021-12-02 01:43:38,096 [e0d25c1b-b502-41c3-a142-f82b5e97ff03@group-77077D228A21-LeaderElection151] INFO  impl.RoleInfo (RoleInfo.java:updateAndGet(130)) - e0d25c1b-b502-41c3-a142-f82b5e97ff03: start e0d25c1b-b502-41c3-a142-f82b5e97ff03@group-77077D228A21-LeaderStateImpl
2021-12-02 01:43:38,104 [e0d25c1b-b502-41c3-a142-f82b5e97ff03@group-77077D228A21-LeaderElection151] INFO  segmented.SegmentedRaftLogWorker (SegmentedRaftLogWorker.java:startLogSegment(394)) - e0d25c1b-b502-41c3-a142-f82b5e97ff03@group-77077D228A21-SegmentedRaftLogWorker: Starting segment from index:0
2021-12-02 01:43:38,107 [e0d25c1b-b502-41c3-a142-f82b5e97ff03@group-77077D228A21-SegmentedRaftLogWorker] INFO  segmented.SegmentedRaftLogWorker (SegmentedRaftLogWorker.java:execute(601)) - e0d25c1b-b502-41c3-a142-f82b5e97ff03@group-77077D228A21-SegmentedRaftLogWorker: created new log segment /home/runner/work/ozone/ozone/hadoop-ozone/integration-test/target/test-dir/MiniOzoneClusterImpl-93dc72d0-b1bf-46db-be81-fee59e1e35ad/datanode-2/data/ratis/997c7752-6dbb-4ec0-b04a-77077d228a21/current/log_inprogress_0
2021-12-02 01:43:38,110 [grpc-default-executor-0] INFO  ratis.XceiverServerRatis (XceiverServerRatis.java:handleLeaderChangedNotification(866)) - Leader change notification received for group: group-77077D228A21 with new leaderId: e0d25c1b-b502-41c3-a142-f82b5e97ff03
2021-12-02 01:43:38,110 [grpc-default-executor-0] INFO  server.RaftServer$Division (ServerState.java:setLeader(285)) - 24275692-492e-4f92-b24d-cb5c5113d796@group-77077D228A21: change Leader from null to e0d25c1b-b502-41c3-a142-f82b5e97ff03 at term 2 for appendEntries, leader elected after 10036ms
2021-12-02 01:43:38,127 [e0d25c1b-b502-41c3-a142-f82b5e97ff03@group-77077D228A21-LeaderElection151] INFO  server.RaftServer$Division (ServerState.java:setRaftConf(387)) - e0d25c1b-b502-41c3-a142-f82b5e97ff03@group-77077D228A21: set configuration 0: [e0d25c1b-b502-41c3-a142-f82b5e97ff03|rpc:10.1.0.43:41039|dataStream:|priority:1, 7e03f375-d49a-42ab-b7b9-c2f67bc739a3|rpc:10.1.0.43:37893|dataStream:|priority:0, 24275692-492e-4f92-b24d-cb5c5113d796|rpc:10.1.0.43:43787|dataStream:|priority:0], old=null
2021-12-02 01:43:38,141 [Listener at 127.0.0.1/41183] INFO  ozone.MiniOzoneClusterImpl (MiniOzoneClusterImpl.java:lambda$waitForClusterToBeReady$0(235)) - Nodes are ready. Got 3 of 3 DN Heartbeats.
2021-12-02 01:43:38,141 [Listener at 127.0.0.1/41183] INFO  ozone.MiniOzoneClusterImpl (MiniOzoneClusterImpl.java:lambda$waitForClusterToBeReady$0(238)) - Waiting for cluster to exit safe mode
2021-12-02 01:43:38,141 [Listener at 127.0.0.1/41183] INFO  ozone.MiniOzoneClusterImpl (MiniOzoneClusterImpl.java:lambda$waitForClusterToBeReady$0(240)) - SCM became leader
2021-12-02 01:43:38,170 [grpc-default-executor-1] INFO  ratis.XceiverServerRatis (XceiverServerRatis.java:handleLeaderChangedNotification(866)) - Leader change notification received for group: group-77077D228A21 with new leaderId: e0d25c1b-b502-41c3-a142-f82b5e97ff03
2021-12-02 01:43:38,170 [grpc-default-executor-1] INFO  server.RaftServer$Division (ServerState.java:setLeader(285)) - 7e03f375-d49a-42ab-b7b9-c2f67bc739a3@group-77077D228A21: change Leader from null to e0d25c1b-b502-41c3-a142-f82b5e97ff03 at term 2 for appendEntries, leader elected after 10248ms
2021-12-02 01:43:38,170 [grpc-default-executor-0] INFO  server.RaftServer$Division (ServerState.java:setRaftConf(387)) - 24275692-492e-4f92-b24d-cb5c5113d796@group-77077D228A21: set configuration 0: [e0d25c1b-b502-41c3-a142-f82b5e97ff03|rpc:10.1.0.43:41039|dataStream:|priority:1, 7e03f375-d49a-42ab-b7b9-c2f67bc739a3|rpc:10.1.0.43:37893|dataStream:|priority:0, 24275692-492e-4f92-b24d-cb5c5113d796|rpc:10.1.0.43:43787|dataStream:|priority:0], old=null
2021-12-02 01:43:38,171 [grpc-default-executor-0] INFO  segmented.SegmentedRaftLogWorker (SegmentedRaftLogWorker.java:startLogSegment(394)) - 24275692-492e-4f92-b24d-cb5c5113d796@group-77077D228A21-SegmentedRaftLogWorker: Starting segment from index:0
2021-12-02 01:43:38,173 [grpc-default-executor-0] INFO  server.RaftServer$Division (ServerState.java:setRaftConf(387)) - 7e03f375-d49a-42ab-b7b9-c2f67bc739a3@group-77077D228A21: set configuration 0: [e0d25c1b-b502-41c3-a142-f82b5e97ff03|rpc:10.1.0.43:41039|dataStream:|priority:1, 7e03f375-d49a-42ab-b7b9-c2f67bc739a3|rpc:10.1.0.43:37893|dataStream:|priority:0, 24275692-492e-4f92-b24d-cb5c5113d796|rpc:10.1.0.43:43787|dataStream:|priority:0], old=null
2021-12-02 01:43:38,177 [24275692-492e-4f92-b24d-cb5c5113d796@group-77077D228A21-SegmentedRaftLogWorker] INFO  segmented.SegmentedRaftLogWorker (SegmentedRaftLogWorker.java:execute(601)) - 24275692-492e-4f92-b24d-cb5c5113d796@group-77077D228A21-SegmentedRaftLogWorker: created new log segment /home/runner/work/ozone/ozone/hadoop-ozone/integration-test/target/test-dir/MiniOzoneClusterImpl-93dc72d0-b1bf-46db-be81-fee59e1e35ad/datanode-1/data/ratis/997c7752-6dbb-4ec0-b04a-77077d228a21/current/log_inprogress_0
2021-12-02 01:43:38,177 [grpc-default-executor-0] INFO  segmented.SegmentedRaftLogWorker (SegmentedRaftLogWorker.java:startLogSegment(394)) - 7e03f375-d49a-42ab-b7b9-c2f67bc739a3@group-77077D228A21-SegmentedRaftLogWorker: Starting segment from index:0
2021-12-02 01:43:38,184 [7e03f375-d49a-42ab-b7b9-c2f67bc739a3@group-77077D228A21-SegmentedRaftLogWorker] INFO  segmented.SegmentedRaftLogWorker (SegmentedRaftLogWorker.java:execute(601)) - 7e03f375-d49a-42ab-b7b9-c2f67bc739a3@group-77077D228A21-SegmentedRaftLogWorker: created new log segment /home/runner/work/ozone/ozone/hadoop-ozone/integration-test/target/test-dir/MiniOzoneClusterImpl-93dc72d0-b1bf-46db-be81-fee59e1e35ad/datanode-0/data/ratis/997c7752-6dbb-4ec0-b04a-77077d228a21/current/log_inprogress_0
2021-12-02 01:43:38,282 [EventQueue-OpenPipelineForHealthyPipelineSafeModeRule] INFO  safemode.SCMSafeModeManager (HealthyPipelineSafeModeRule.java:process(124)) - SCM in safe mode. Healthy pipelines reported count is 0, required healthy pipeline reported count is 1
2021-12-02 01:43:38,338 [EventQueue-OpenPipelineForHealthyPipelineSafeModeRule] INFO  safemode.SCMSafeModeManager (HealthyPipelineSafeModeRule.java:process(124)) - SCM in safe mode. Healthy pipelines reported count is 0, required healthy pipeline reported count is 1
2021-12-02 01:43:38,478 [EventQueue-OpenPipelineForHealthyPipelineSafeModeRule] INFO  safemode.SCMSafeModeManager (HealthyPipelineSafeModeRule.java:process(124)) - SCM in safe mode. Healthy pipelines reported count is 0, required healthy pipeline reported count is 1
2021-12-02 01:43:39,141 [Listener at 127.0.0.1/41183] INFO  ozone.MiniOzoneClusterImpl (MiniOzoneClusterImpl.java:lambda$waitForClusterToBeReady$0(235)) - Nodes are ready. Got 3 of 3 DN Heartbeats.
2021-12-02 01:43:39,141 [Listener at 127.0.0.1/41183] INFO  ozone.MiniOzoneClusterImpl (MiniOzoneClusterImpl.java:lambda$waitForClusterToBeReady$0(238)) - Waiting for cluster to exit safe mode
2021-12-02 01:43:39,141 [Listener at 127.0.0.1/41183] INFO  ozone.MiniOzoneClusterImpl (MiniOzoneClusterImpl.java:lambda$waitForClusterToBeReady$0(240)) - SCM became leader
2021-12-02 01:43:39,344 [EventQueue-OpenPipelineForHealthyPipelineSafeModeRule] INFO  safemode.SCMSafeModeManager (HealthyPipelineSafeModeRule.java:process(124)) - SCM in safe mode. Healthy pipelines reported count is 0, required healthy pipeline reported count is 1
2021-12-02 01:43:39,784 [EventQueue-OpenPipelineForHealthyPipelineSafeModeRule] INFO  safemode.SCMSafeModeManager (HealthyPipelineSafeModeRule.java:process(124)) - SCM in safe mode. Healthy pipelines reported count is 0, required healthy pipeline reported count is 1
2021-12-02 01:43:39,980 [EventQueue-OpenPipelineForHealthyPipelineSafeModeRule] INFO  safemode.SCMSafeModeManager (HealthyPipelineSafeModeRule.java:process(124)) - SCM in safe mode. Healthy pipelines reported count is 0, required healthy pipeline reported count is 1
2021-12-02 01:43:40,142 [Listener at 127.0.0.1/41183] INFO  ozone.MiniOzoneClusterImpl (MiniOzoneClusterImpl.java:lambda$waitForClusterToBeReady$0(235)) - Nodes are ready. Got 3 of 3 DN Heartbeats.
2021-12-02 01:43:40,142 [Listener at 127.0.0.1/41183] INFO  ozone.MiniOzoneClusterImpl (MiniOzoneClusterImpl.java:lambda$waitForClusterToBeReady$0(238)) - Waiting for cluster to exit safe mode
2021-12-02 01:43:40,142 [Listener at 127.0.0.1/41183] INFO  ozone.MiniOzoneClusterImpl (MiniOzoneClusterImpl.java:lambda$waitForClusterToBeReady$0(240)) - SCM became leader
2021-12-02 01:43:40,380 [Time-limited test] INFO  upgrade.UpgradeFinalizer (SCMUpgradeFinalizer.java:postFinalizeUpgrade(124)) - Open pipeline found after SCM finalization
2021-12-02 01:43:40,380 [Time-limited test] INFO  upgrade.UpgradeFinalizer (BasicUpgradeFinalizer.java:logAndEmit(342)) - Finalization is done.
2021-12-02 01:43:40,380 [Time-limited test] INFO  upgrade.TestHDDSUpgrade (TestHDDSUpgrade.java:injectDataNodeFailureDuringSCMUpgrade(548)) - Restarting datanode 7e03f375-d49a-42ab-b7b9-c2f67bc739a3
2021-12-02 01:43:41,142 [Listener at 127.0.0.1/41183] INFO  ozone.MiniOzoneClusterImpl (MiniOzoneClusterImpl.java:lambda$waitForClusterToBeReady$0(235)) - Nodes are ready. Got 3 of 3 DN Heartbeats.
2021-12-02 01:43:41,142 [Listener at 127.0.0.1/41183] INFO  ozone.MiniOzoneClusterImpl (MiniOzoneClusterImpl.java:lambda$waitForClusterToBeReady$0(238)) - Waiting for cluster to exit safe mode
2021-12-02 01:43:41,142 [Listener at 127.0.0.1/41183] INFO  ozone.MiniOzoneClusterImpl (MiniOzoneClusterImpl.java:lambda$waitForClusterToBeReady$0(240)) - SCM became leader
2021-12-02 01:43:41,280 [EventQueue-OpenPipelineForHealthyPipelineSafeModeRule] INFO  safemode.SCMSafeModeManager (HealthyPipelineSafeModeRule.java:process(124)) - SCM in safe mode. Healthy pipelines reported count is 0, required healthy pipeline reported count is 1
2021-12-02 01:43:41,343 [EventQueue-OpenPipelineForHealthyPipelineSafeModeRule] INFO  safemode.SCMSafeModeManager (HealthyPipelineSafeModeRule.java:process(124)) - SCM in safe mode. Healthy pipelines reported count is 0, required healthy pipeline reported count is 1
2021-12-02 01:43:41,982 [EventQueue-OpenPipelineForHealthyPipelineSafeModeRule] INFO  safemode.SCMSafeModeManager (HealthyPipelineSafeModeRule.java:process(124)) - SCM in safe mode. Healthy pipelines reported count is 0, required healthy pipeline reported count is 1
2021-12-02 01:43:42,142 [Listener at 127.0.0.1/41183] INFO  ozone.MiniOzoneClusterImpl (MiniOzoneClusterImpl.java:lambda$waitForClusterToBeReady$0(235)) - Nodes are ready. Got 3 of 3 DN Heartbeats.
2021-12-02 01:43:42,142 [Listener at 127.0.0.1/41183] INFO  ozone.MiniOzoneClusterImpl (MiniOzoneClusterImpl.java:lambda$waitForClusterToBeReady$0(238)) - Waiting for cluster to exit safe mode
2021-12-02 01:43:42,142 [Listener at 127.0.0.1/41183] INFO  ozone.MiniOzoneClusterImpl (MiniOzoneClusterImpl.java:lambda$waitForClusterToBeReady$0(240)) - SCM became leader
2021-12-02 01:43:42,346 [EventQueue-OpenPipelineForHealthyPipelineSafeModeRule] INFO  safemode.SCMSafeModeManager (HealthyPipelineSafeModeRule.java:process(124)) - SCM in safe mode. Healthy pipelines reported count is 0, required healthy pipeline reported count is 1
2021-12-02 01:43:43,096 [fd7bdda1-593d-4007-bd0c-6fbef76da485@group-BFBF8A2CDC57-FollowerState] INFO  impl.FollowerState (FollowerState.java:run(134)) - fd7bdda1-593d-4007-bd0c-6fbef76da485@group-BFBF8A2CDC57-FollowerState: change to CANDIDATE, lastRpcElapsedTime:5115586434ns, electionTimeout:5112ms
2021-12-02 01:43:43,096 [fd7bdda1-593d-4007-bd0c-6fbef76da485@group-BFBF8A2CDC57-FollowerState] INFO  impl.RoleInfo (RoleInfo.java:shutdownFollowerState(108)) - fd7bdda1-593d-4007-bd0c-6fbef76da485: shutdown fd7bdda1-593d-4007-bd0c-6fbef76da485@group-BFBF8A2CDC57-FollowerState
2021-12-02 01:43:43,096 [fd7bdda1-593d-4007-bd0c-6fbef76da485@group-BFBF8A2CDC57-FollowerState] INFO  server.RaftServer$Division (RaftServerImpl.java:setRole(290)) - fd7bdda1-593d-4007-bd0c-6fbef76da485@group-BFBF8A2CDC57: changes role from  FOLLOWER to CANDIDATE at term 5 for changeToCandidate
2021-12-02 01:43:43,096 [fd7bdda1-593d-4007-bd0c-6fbef76da485@group-BFBF8A2CDC57-FollowerState] INFO  server.RaftServerConfigKeys (ConfUtils.java:logGet(44)) - raft.server.leaderelection.pre-vote = false (custom)
2021-12-02 01:43:43,096 [fd7bdda1-593d-4007-bd0c-6fbef76da485@group-BFBF8A2CDC57-FollowerState] INFO  impl.RoleInfo (RoleInfo.java:updateAndGet(130)) - fd7bdda1-593d-4007-bd0c-6fbef76da485: start fd7bdda1-593d-4007-bd0c-6fbef76da485@group-BFBF8A2CDC57-LeaderElection152
2021-12-02 01:43:43,125 [fd7bdda1-593d-4007-bd0c-6fbef76da485@group-BFBF8A2CDC57-LeaderElection152] INFO  impl.LeaderElection (LeaderElection.java:askForVotes(306)) - fd7bdda1-593d-4007-bd0c-6fbef76da485@group-BFBF8A2CDC57-LeaderElection152 ELECTION round 0: submit vote requests at term 6 for -1: [93155b15-512d-4c8d-b4b5-3701a6ff6ed7|rpc:10.1.0.43:43723|priority:0, fbdafa3d-fbd0-48e3-8b83-ea1e54fefb5d|rpc:10.1.0.43:37327|priority:0, fd7bdda1-593d-4007-bd0c-6fbef76da485|rpc:10.1.0.43:36783|priority:1], old=null
2021-12-02 01:43:43,127 [grpc-default-executor-1] INFO  server.RaftServer$Division (RaftServerImpl.java:requestVote(1046)) - 93155b15-512d-4c8d-b4b5-3701a6ff6ed7@group-BFBF8A2CDC57: receive requestVote(ELECTION, fd7bdda1-593d-4007-bd0c-6fbef76da485, group-BFBF8A2CDC57, 6, (t:0, i:0))
2021-12-02 01:43:43,127 [grpc-default-executor-1] INFO  impl.VoteContext (VoteContext.java:log(48)) - 93155b15-512d-4c8d-b4b5-3701a6ff6ed7@group-BFBF8A2CDC57-FOLLOWER: accept ELECTION from fd7bdda1-593d-4007-bd0c-6fbef76da485: our priority 0 <= candidate's priority 1
2021-12-02 01:43:43,127 [grpc-default-executor-1] INFO  server.RaftServer$Division (RaftServerImpl.java:setRole(290)) - 93155b15-512d-4c8d-b4b5-3701a6ff6ed7@group-BFBF8A2CDC57: changes role from  FOLLOWER to FOLLOWER at term 6 for candidate:fd7bdda1-593d-4007-bd0c-6fbef76da485
2021-12-02 01:43:43,127 [grpc-default-executor-1] INFO  impl.RoleInfo (RoleInfo.java:shutdownFollowerState(108)) - 93155b15-512d-4c8d-b4b5-3701a6ff6ed7: shutdown 93155b15-512d-4c8d-b4b5-3701a6ff6ed7@group-BFBF8A2CDC57-FollowerState
2021-12-02 01:43:43,127 [grpc-default-executor-1] INFO  impl.RoleInfo (RoleInfo.java:updateAndGet(130)) - 93155b15-512d-4c8d-b4b5-3701a6ff6ed7: start 93155b15-512d-4c8d-b4b5-3701a6ff6ed7@group-BFBF8A2CDC57-FollowerState
2021-12-02 01:43:43,128 [93155b15-512d-4c8d-b4b5-3701a6ff6ed7@group-BFBF8A2CDC57-FollowerState] INFO  impl.FollowerState (FollowerState.java:run(143)) - 93155b15-512d-4c8d-b4b5-3701a6ff6ed7@group-BFBF8A2CDC57-FollowerState was interrupted: {}
java.lang.InterruptedException: sleep interrupted
	at java.lang.Thread.sleep(Native Method)
	at java.lang.Thread.sleep(Thread.java:340)
	at java.util.concurrent.TimeUnit.sleep(TimeUnit.java:386)
	at org.apache.ratis.util.TimeDuration.sleep(TimeDuration.java:324)
	at org.apache.ratis.util.TimeDuration.sleep(TimeDuration.java:309)
	at org.apache.ratis.server.impl.FollowerState.run(FollowerState.java:118)
2021-12-02 01:43:43,129 [grpc-default-executor-0] INFO  server.RaftServer$Division (RaftServerImpl.java:requestVote(1046)) - fbdafa3d-fbd0-48e3-8b83-ea1e54fefb5d@group-BFBF8A2CDC57: receive requestVote(ELECTION, fd7bdda1-593d-4007-bd0c-6fbef76da485, group-BFBF8A2CDC57, 6, (t:0, i:0))
2021-12-02 01:43:43,129 [grpc-default-executor-0] INFO  impl.VoteContext (VoteContext.java:log(48)) - fbdafa3d-fbd0-48e3-8b83-ea1e54fefb5d@group-BFBF8A2CDC57-FOLLOWER: accept ELECTION from fd7bdda1-593d-4007-bd0c-6fbef76da485: our priority 0 <= candidate's priority 1
2021-12-02 01:43:43,129 [grpc-default-executor-0] INFO  server.RaftServer$Division (RaftServerImpl.java:setRole(290)) - fbdafa3d-fbd0-48e3-8b83-ea1e54fefb5d@group-BFBF8A2CDC57: changes role from  FOLLOWER to FOLLOWER at term 6 for candidate:fd7bdda1-593d-4007-bd0c-6fbef76da485
2021-12-02 01:43:43,129 [grpc-default-executor-0] INFO  impl.RoleInfo (RoleInfo.java:shutdownFollowerState(108)) - fbdafa3d-fbd0-48e3-8b83-ea1e54fefb5d: shutdown fbdafa3d-fbd0-48e3-8b83-ea1e54fefb5d@group-BFBF8A2CDC57-FollowerState
2021-12-02 01:43:43,130 [grpc-default-executor-0] INFO  impl.RoleInfo (RoleInfo.java:updateAndGet(130)) - fbdafa3d-fbd0-48e3-8b83-ea1e54fefb5d: start fbdafa3d-fbd0-48e3-8b83-ea1e54fefb5d@group-BFBF8A2CDC57-FollowerState
2021-12-02 01:43:43,130 [fbdafa3d-fbd0-48e3-8b83-ea1e54fefb5d@group-BFBF8A2CDC57-FollowerState] INFO  impl.FollowerState (FollowerState.java:run(143)) - fbdafa3d-fbd0-48e3-8b83-ea1e54fefb5d@group-BFBF8A2CDC57-FollowerState was interrupted: {}
java.lang.InterruptedException: sleep interrupted
	at java.lang.Thread.sleep(Native Method)
	at java.lang.Thread.sleep(Thread.java:340)
	at java.util.concurrent.TimeUnit.sleep(TimeUnit.java:386)
	at org.apache.ratis.util.TimeDuration.sleep(TimeDuration.java:324)
	at org.apache.ratis.util.TimeDuration.sleep(TimeDuration.java:309)
	at org.apache.ratis.server.impl.FollowerState.run(FollowerState.java:118)
2021-12-02 01:43:43,133 [grpc-default-executor-1] INFO  server.RaftServer$Division (RaftServerImpl.java:requestVote(1078)) - 93155b15-512d-4c8d-b4b5-3701a6ff6ed7@group-BFBF8A2CDC57 replies to ELECTION vote request: fd7bdda1-593d-4007-bd0c-6fbef76da485<-93155b15-512d-4c8d-b4b5-3701a6ff6ed7#0:OK-t6. Peer's state: 93155b15-512d-4c8d-b4b5-3701a6ff6ed7@group-BFBF8A2CDC57:t6, leader=null, voted=fd7bdda1-593d-4007-bd0c-6fbef76da485, raftlog=93155b15-512d-4c8d-b4b5-3701a6ff6ed7@group-BFBF8A2CDC57-SegmentedRaftLog:OPENED:c-1, conf=-1: [93155b15-512d-4c8d-b4b5-3701a6ff6ed7|rpc:10.1.0.43:43723|dataStream:|priority:0, fbdafa3d-fbd0-48e3-8b83-ea1e54fefb5d|rpc:10.1.0.43:37327|dataStream:|priority:0, fd7bdda1-593d-4007-bd0c-6fbef76da485|rpc:10.1.0.43:36783|dataStream:|priority:1], old=null
2021-12-02 01:43:43,141 [grpc-default-executor-0] INFO  server.RaftServer$Division (RaftServerImpl.java:requestVote(1078)) - fbdafa3d-fbd0-48e3-8b83-ea1e54fefb5d@group-BFBF8A2CDC57 replies to ELECTION vote request: fd7bdda1-593d-4007-bd0c-6fbef76da485<-fbdafa3d-fbd0-48e3-8b83-ea1e54fefb5d#0:OK-t6. Peer's state: fbdafa3d-fbd0-48e3-8b83-ea1e54fefb5d@group-BFBF8A2CDC57:t6, leader=null, voted=fd7bdda1-593d-4007-bd0c-6fbef76da485, raftlog=fbdafa3d-fbd0-48e3-8b83-ea1e54fefb5d@group-BFBF8A2CDC57-SegmentedRaftLog:OPENED:c-1, conf=-1: [93155b15-512d-4c8d-b4b5-3701a6ff6ed7|rpc:10.1.0.43:43723|dataStream:|priority:0, fbdafa3d-fbd0-48e3-8b83-ea1e54fefb5d|rpc:10.1.0.43:37327|dataStream:|priority:0, fd7bdda1-593d-4007-bd0c-6fbef76da485|rpc:10.1.0.43:36783|dataStream:|priority:1], old=null
2021-12-02 01:43:43,145 [Listener at 127.0.0.1/41183] INFO  ozone.MiniOzoneClusterImpl (MiniOzoneClusterImpl.java:lambda$waitForClusterToBeReady$0(235)) - Nodes are ready. Got 3 of 3 DN Heartbeats.
2021-12-02 01:43:43,145 [Listener at 127.0.0.1/41183] INFO  ozone.MiniOzoneClusterImpl (MiniOzoneClusterImpl.java:lambda$waitForClusterToBeReady$0(238)) - Waiting for cluster to exit safe mode
2021-12-02 01:43:43,145 [Listener at 127.0.0.1/41183] INFO  ozone.MiniOzoneClusterImpl (MiniOzoneClusterImpl.java:lambda$waitForClusterToBeReady$0(240)) - SCM became leader
2021-12-02 01:43:43,149 [fd7bdda1-593d-4007-bd0c-6fbef76da485@group-BFBF8A2CDC57-LeaderElection152] INFO  impl.LeaderElection (LeaderElection.java:logAndReturn(89)) - fd7bdda1-593d-4007-bd0c-6fbef76da485@group-BFBF8A2CDC57-LeaderElection152: ELECTION PASSED received 1 response(s) and 0 exception(s):
2021-12-02 01:43:43,149 [fd7bdda1-593d-4007-bd0c-6fbef76da485@group-BFBF8A2CDC57-LeaderElection152] INFO  impl.LeaderElection (LeaderElection.java:logAndReturn(93)) -   Response 0: fd7bdda1-593d-4007-bd0c-6fbef76da485<-93155b15-512d-4c8d-b4b5-3701a6ff6ed7#0:OK-t6
2021-12-02 01:43:43,149 [fd7bdda1-593d-4007-bd0c-6fbef76da485@group-BFBF8A2CDC57-LeaderElection152] INFO  impl.LeaderElection (LeaderElection.java:askForVotes(308)) - fd7bdda1-593d-4007-bd0c-6fbef76da485@group-BFBF8A2CDC57-LeaderElection152 ELECTION round 0: result PASSED
2021-12-02 01:43:43,149 [fd7bdda1-593d-4007-bd0c-6fbef76da485@group-BFBF8A2CDC57-LeaderElection152] INFO  impl.RoleInfo (RoleInfo.java:shutdownLeaderElection(121)) - fd7bdda1-593d-4007-bd0c-6fbef76da485: shutdown fd7bdda1-593d-4007-bd0c-6fbef76da485@group-BFBF8A2CDC57-LeaderElection152
2021-12-02 01:43:43,149 [fd7bdda1-593d-4007-bd0c-6fbef76da485@group-BFBF8A2CDC57-LeaderElection152] INFO  server.RaftServer$Division (RaftServerImpl.java:setRole(290)) - fd7bdda1-593d-4007-bd0c-6fbef76da485@group-BFBF8A2CDC57: changes role from CANDIDATE to LEADER at term 6 for changeToLeader
2021-12-02 01:43:43,150 [fd7bdda1-593d-4007-bd0c-6fbef76da485@group-BFBF8A2CDC57-LeaderElection152] INFO  ratis.XceiverServerRatis (XceiverServerRatis.java:handleLeaderChangedNotification(866)) - Leader change notification received for group: group-BFBF8A2CDC57 with new leaderId: fd7bdda1-593d-4007-bd0c-6fbef76da485
2021-12-02 01:43:43,150 [fd7bdda1-593d-4007-bd0c-6fbef76da485@group-BFBF8A2CDC57-LeaderElection152] INFO  server.RaftServer$Division (ServerState.java:setLeader(285)) - fd7bdda1-593d-4007-bd0c-6fbef76da485@group-BFBF8A2CDC57: change Leader from null to fd7bdda1-593d-4007-bd0c-6fbef76da485 at term 6 for becomeLeader, leader elected after 31077ms
2021-12-02 01:43:43,150 [fd7bdda1-593d-4007-bd0c-6fbef76da485@group-BFBF8A2CDC57-LeaderElection152] INFO  server.RaftServerConfigKeys (ConfUtils.java:logGet(44)) - raft.server.staging.catchup.gap = 1000 (default)
2021-12-02 01:43:43,150 [fd7bdda1-593d-4007-bd0c-6fbef76da485@group-BFBF8A2CDC57-LeaderElection152] INFO  server.RaftServerConfigKeys (ConfUtils.java:logGet(44)) - raft.server.write.element-limit = 1024 (custom)
2021-12-02 01:43:43,150 [fd7bdda1-593d-4007-bd0c-6fbef76da485@group-BFBF8A2CDC57-LeaderElection152] INFO  server.RaftServerConfigKeys (ConfUtils.java:logGet(44)) - raft.server.write.byte-limit = 1024 M (=1073741824) (custom)
2021-12-02 01:43:43,150 [fd7bdda1-593d-4007-bd0c-6fbef76da485@group-BFBF8A2CDC57-LeaderElection152] INFO  server.RaftServerConfigKeys (ConfUtils.java:logGet(44)) - raft.server.watch.timeout = 180s (custom)
2021-12-02 01:43:43,151 [fd7bdda1-593d-4007-bd0c-6fbef76da485@group-BFBF8A2CDC57-LeaderElection152] INFO  server.RaftServerConfigKeys (ConfUtils.java:logGet(44)) - raft.server.watch.timeout.denomination = 1s (default)
2021-12-02 01:43:43,151 [fd7bdda1-593d-4007-bd0c-6fbef76da485@group-BFBF8A2CDC57-LeaderElection152] INFO  server.RaftServerConfigKeys (ConfUtils.java:logGet(44)) - raft.server.watch.element-limit = 65536 (default)
2021-12-02 01:43:43,151 [fd7bdda1-593d-4007-bd0c-6fbef76da485@group-BFBF8A2CDC57-LeaderElection152] INFO  server.RaftServerConfigKeys (ConfUtils.java:logGet(44)) - raft.server.write.element-limit = 1024 (custom)
2021-12-02 01:43:43,151 [fd7bdda1-593d-4007-bd0c-6fbef76da485@group-BFBF8A2CDC57-LeaderElection152] INFO  server.RaftServerConfigKeys (ConfUtils.java:logGet(44)) - raft.server.write.follower.gap.ratio.max = -1.0 (default)
2021-12-02 01:43:43,151 [fd7bdda1-593d-4007-bd0c-6fbef76da485@group-BFBF8A2CDC57-LeaderElection152] INFO  server.RaftServerConfigKeys (ConfUtils.java:logGet(44)) - raft.server.log.appender.snapshot.chunk.size.max = 16MB (=16777216) (default)
2021-12-02 01:43:43,151 [fd7bdda1-593d-4007-bd0c-6fbef76da485@group-BFBF8A2CDC57-LeaderElection152] INFO  server.RaftServerConfigKeys (ConfUtils.java:logGet(44)) - raft.server.log.appender.buffer.byte-limit = 33554432 (custom)
2021-12-02 01:43:43,151 [fd7bdda1-593d-4007-bd0c-6fbef76da485@group-BFBF8A2CDC57-LeaderElection152] INFO  server.RaftServerConfigKeys (ConfUtils.java:logGet(44)) - raft.server.log.appender.buffer.element-limit = 1 (custom)
2021-12-02 01:43:43,151 [fd7bdda1-593d-4007-bd0c-6fbef76da485@group-BFBF8A2CDC57-LeaderElection152] INFO  grpc.GrpcConfigKeys (ConfUtils.java:logGet(44)) - raft.grpc.server.leader.outstanding.appends.max = 128 (default)
2021-12-02 01:43:43,151 [fd7bdda1-593d-4007-bd0c-6fbef76da485@group-BFBF8A2CDC57-LeaderElection152] INFO  server.RaftServerConfigKeys (ConfUtils.java:logGet(44)) - raft.server.rpc.request.timeout = 60s (custom)
2021-12-02 01:43:43,151 [fd7bdda1-593d-4007-bd0c-6fbef76da485@group-BFBF8A2CDC57-LeaderElection152] INFO  server.RaftServerConfigKeys (ConfUtils.java:logGet(44)) - raft.server.log.appender.install.snapshot.enabled = false (custom)
2021-12-02 01:43:43,154 [EventQueue-PipelineReportForPipelineReportHandler] INFO  pipeline.PipelineManagerImpl (PipelineManagerImpl.java:openPipeline(289)) - Pipeline Pipeline[ Id: b6611ec7-8cb0-4f20-9e78-bfbf8a2cdc57, Nodes: fd7bdda1-593d-4007-bd0c-6fbef76da485{ip: 10.1.0.43, host: fv-az122-438.zf1tlrj3kn4expqppa1j4mpycf.xx.internal.cloudapp.net, ports: [REPLICATION=43555, RATIS=36783, RATIS_ADMIN=36783, RATIS_SERVER=36783, STANDALONE=37841], networkLocation: /default-rack, certSerialId: null, persistedOpState: IN_SERVICE, persistedOpStateExpiryEpochSec: 0}fbdafa3d-fbd0-48e3-8b83-ea1e54fefb5d{ip: 10.1.0.43, host: fv-az122-438.zf1tlrj3kn4expqppa1j4mpycf.xx.internal.cloudapp.net, ports: [REPLICATION=36141, RATIS=37327, RATIS_ADMIN=37327, RATIS_SERVER=37327, STANDALONE=37387], networkLocation: /default-rack, certSerialId: null, persistedOpState: IN_SERVICE, persistedOpStateExpiryEpochSec: 0}93155b15-512d-4c8d-b4b5-3701a6ff6ed7{ip: 10.1.0.43, host: fv-az122-438.zf1tlrj3kn4expqppa1j4mpycf.xx.internal.cloudapp.net, ports: [REPLICATION=38735, RATIS=43723, RATIS_ADMIN=43723, RATIS_SERVER=43723, STANDALONE=44103], networkLocation: /default-rack, certSerialId: null, persistedOpState: IN_SERVICE, persistedOpStateExpiryEpochSec: 0}, ReplicationConfig: RATIS/THREE, State:ALLOCATED, leaderId:fd7bdda1-593d-4007-bd0c-6fbef76da485, CreationTimestamp2021-12-02T01:43:10.242Z[Etc/UTC]] moved to OPEN state
2021-12-02 01:43:43,154 [EventQueue-OpenPipelineForHealthyPipelineSafeModeRule] INFO  safemode.SCMSafeModeManager (HealthyPipelineSafeModeRule.java:process(124)) - SCM in safe mode. Healthy pipelines reported count is 1, required healthy pipeline reported count is 1
2021-12-02 01:43:43,154 [EventQueue-OpenPipelineForHealthyPipelineSafeModeRule] INFO  safemode.SCMSafeModeManager (SCMSafeModeManager.java:validateSafeModeExitRules(204)) - HealthyPipelineSafeModeRule rule is successfully validated
2021-12-02 01:43:43,154 [EventQueue-OpenPipelineForHealthyPipelineSafeModeRule] INFO  safemode.SCMSafeModeManager (SCMSafeModeManager.java:validateSafeModeExitRules(219)) - ScmSafeModeManager, all rules are successfully validated
2021-12-02 01:43:43,154 [EventQueue-OpenPipelineForHealthyPipelineSafeModeRule] INFO  safemode.SCMSafeModeManager (SCMSafeModeManager.java:exitSafeMode(248)) - SCM exiting safe mode.
2021-12-02 01:43:43,155 [EventQueue-OpenPipelineForHealthyPipelineSafeModeRule] WARN  events.EventQueue (EventQueue.java:fireEvent(194)) - No event handler registered for event TypedEvent{payloadType=SafeModeStatus, name='Safe mode status'}
2021-12-02 01:43:43,155 [EventQueue-OpenPipelineForHealthyPipelineSafeModeRule] INFO  ha.SCMContext (SCMContext.java:updateSafeModeStatus(205)) - Update SafeModeStatus from SafeModeStatus{safeModeStatus=true, preCheckPassed=true} to SafeModeStatus{safeModeStatus=false, preCheckPassed=true}.
2021-12-02 01:43:43,155 [EventQueue-OpenPipelineForHealthyPipelineSafeModeRule] INFO  pipeline.BackgroundPipelineCreator (BackgroundPipelineCreator.java:notifyStatusChanged(264)) - Service BackgroundPipelineCreator transitions to RUNNING.
2021-12-02 01:43:43,155 [EventQueue-OpenPipelineForHealthyPipelineSafeModeRule] INFO  container.ReplicationManager (ReplicationManager.java:notifyStatusChanged(1756)) - Service ReplicationManager transitions to RUNNING.
2021-12-02 01:43:43,155 [fd7bdda1-593d-4007-bd0c-6fbef76da485@group-BFBF8A2CDC57-LeaderElection152] INFO  server.RaftServerConfigKeys (ConfUtils.java:logGet(44)) - raft.server.log.appender.snapshot.chunk.size.max = 16MB (=16777216) (default)
2021-12-02 01:43:43,156 [fd7bdda1-593d-4007-bd0c-6fbef76da485@group-BFBF8A2CDC57-LeaderElection152] INFO  server.RaftServerConfigKeys (ConfUtils.java:logGet(44)) - raft.server.log.appender.buffer.byte-limit = 33554432 (custom)
2021-12-02 01:43:43,156 [fd7bdda1-593d-4007-bd0c-6fbef76da485@group-BFBF8A2CDC57-LeaderElection152] INFO  server.RaftServerConfigKeys (ConfUtils.java:logGet(44)) - raft.server.log.appender.buffer.element-limit = 1 (custom)
2021-12-02 01:43:43,163 [fd7bdda1-593d-4007-bd0c-6fbef76da485@group-BFBF8A2CDC57-LeaderElection152] INFO  grpc.GrpcConfigKeys (ConfUtils.java:logGet(44)) - raft.grpc.server.leader.outstanding.appends.max = 128 (default)
2021-12-02 01:43:43,163 [fd7bdda1-593d-4007-bd0c-6fbef76da485@group-BFBF8A2CDC57-LeaderElection152] INFO  server.RaftServerConfigKeys (ConfUtils.java:logGet(44)) - raft.server.rpc.request.timeout = 60s (custom)
2021-12-02 01:43:43,164 [fd7bdda1-593d-4007-bd0c-6fbef76da485@group-BFBF8A2CDC57-LeaderElection152] INFO  server.RaftServerConfigKeys (ConfUtils.java:logGet(44)) - raft.server.log.appender.install.snapshot.enabled = false (custom)
2021-12-02 01:43:43,166 [fd7bdda1-593d-4007-bd0c-6fbef76da485@group-BFBF8A2CDC57-LeaderElection152] INFO  impl.RoleInfo (RoleInfo.java:updateAndGet(130)) - fd7bdda1-593d-4007-bd0c-6fbef76da485: start fd7bdda1-593d-4007-bd0c-6fbef76da485@group-BFBF8A2CDC57-LeaderStateImpl
2021-12-02 01:43:43,195 [fd7bdda1-593d-4007-bd0c-6fbef76da485@group-BFBF8A2CDC57-LeaderElection152] INFO  segmented.SegmentedRaftLogWorker (SegmentedRaftLogWorker.java:startLogSegment(394)) - fd7bdda1-593d-4007-bd0c-6fbef76da485@group-BFBF8A2CDC57-SegmentedRaftLogWorker: Starting segment from index:0
2021-12-02 01:43:43,197 [fd7bdda1-593d-4007-bd0c-6fbef76da485@group-BFBF8A2CDC57-SegmentedRaftLogWorker] INFO  segmented.SegmentedRaftLogWorker (SegmentedRaftLogWorker.java:execute(601)) - fd7bdda1-593d-4007-bd0c-6fbef76da485@group-BFBF8A2CDC57-SegmentedRaftLogWorker: created new log segment /home/runner/work/ozone/ozone/hadoop-ozone/integration-test/target/test-dir/MiniOzoneClusterImpl-678482ad-dd87-406d-b7c8-4c28c8452e13/datanode-0/data/ratis/b6611ec7-8cb0-4f20-9e78-bfbf8a2cdc57/current/log_inprogress_0
2021-12-02 01:43:43,239 [grpc-default-executor-0] INFO  ratis.XceiverServerRatis (XceiverServerRatis.java:handleLeaderChangedNotification(866)) - Leader change notification received for group: group-BFBF8A2CDC57 with new leaderId: fd7bdda1-593d-4007-bd0c-6fbef76da485
2021-12-02 01:43:43,239 [grpc-default-executor-0] INFO  server.RaftServer$Division (ServerState.java:setLeader(285)) - fbdafa3d-fbd0-48e3-8b83-ea1e54fefb5d@group-BFBF8A2CDC57: change Leader from null to fd7bdda1-593d-4007-bd0c-6fbef76da485 at term 6 for appendEntries, leader elected after 30934ms
2021-12-02 01:43:43,257 [fd7bdda1-593d-4007-bd0c-6fbef76da485@group-BFBF8A2CDC57-LeaderElection152] INFO  server.RaftServer$Division (ServerState.java:setRaftConf(387)) - fd7bdda1-593d-4007-bd0c-6fbef76da485@group-BFBF8A2CDC57: set configuration 0: [93155b15-512d-4c8d-b4b5-3701a6ff6ed7|rpc:10.1.0.43:43723|dataStream:|priority:0, fbdafa3d-fbd0-48e3-8b83-ea1e54fefb5d|rpc:10.1.0.43:37327|dataStream:|priority:0, fd7bdda1-593d-4007-bd0c-6fbef76da485|rpc:10.1.0.43:36783|dataStream:|priority:1], old=null
2021-12-02 01:43:43,264 [grpc-default-executor-1] INFO  server.RaftServer$Division (ServerState.java:setRaftConf(387)) - fbdafa3d-fbd0-48e3-8b83-ea1e54fefb5d@group-BFBF8A2CDC57: set configuration 0: [93155b15-512d-4c8d-b4b5-3701a6ff6ed7|rpc:10.1.0.43:43723|dataStream:|priority:0, fbdafa3d-fbd0-48e3-8b83-ea1e54fefb5d|rpc:10.1.0.43:37327|dataStream:|priority:0, fd7bdda1-593d-4007-bd0c-6fbef76da485|rpc:10.1.0.43:36783|dataStream:|priority:1], old=null
2021-12-02 01:43:43,265 [grpc-default-executor-1] INFO  segmented.SegmentedRaftLogWorker (SegmentedRaftLogWorker.java:startLogSegment(394)) - fbdafa3d-fbd0-48e3-8b83-ea1e54fefb5d@group-BFBF8A2CDC57-SegmentedRaftLogWorker: Starting segment from index:0
2021-12-02 01:43:43,270 [fbdafa3d-fbd0-48e3-8b83-ea1e54fefb5d@group-BFBF8A2CDC57-SegmentedRaftLogWorker] INFO  segmented.SegmentedRaftLogWorker (SegmentedRaftLogWorker.java:execute(601)) - fbdafa3d-fbd0-48e3-8b83-ea1e54fefb5d@group-BFBF8A2CDC57-SegmentedRaftLogWorker: created new log segment /home/runner/work/ozone/ozone/hadoop-ozone/integration-test/target/test-dir/MiniOzoneClusterImpl-678482ad-dd87-406d-b7c8-4c28c8452e13/datanode-1/data/ratis/b6611ec7-8cb0-4f20-9e78-bfbf8a2cdc57/current/log_inprogress_0
2021-12-02 01:43:43,290 [grpc-default-executor-0] INFO  ratis.XceiverServerRatis (XceiverServerRatis.java:handleLeaderChangedNotification(866)) - Leader change notification received for group: group-BFBF8A2CDC57 with new leaderId: fd7bdda1-593d-4007-bd0c-6fbef76da485
2021-12-02 01:43:43,290 [grpc-default-executor-0] INFO  server.RaftServer$Division (ServerState.java:setLeader(285)) - 93155b15-512d-4c8d-b4b5-3701a6ff6ed7@group-BFBF8A2CDC57: change Leader from null to fd7bdda1-593d-4007-bd0c-6fbef76da485 at term 6 for appendEntries, leader elected after 30851ms
2021-12-02 01:43:43,308 [grpc-default-executor-0] INFO  server.RaftServer$Division (ServerState.java:setRaftConf(387)) - 93155b15-512d-4c8d-b4b5-3701a6ff6ed7@group-BFBF8A2CDC57: set configuration 0: [93155b15-512d-4c8d-b4b5-3701a6ff6ed7|rpc:10.1.0.43:43723|dataStream:|priority:0, fbdafa3d-fbd0-48e3-8b83-ea1e54fefb5d|rpc:10.1.0.43:37327|dataStream:|priority:0, fd7bdda1-593d-4007-bd0c-6fbef76da485|rpc:10.1.0.43:36783|dataStream:|priority:1], old=null
2021-12-02 01:43:43,308 [grpc-default-executor-0] INFO  segmented.SegmentedRaftLogWorker (SegmentedRaftLogWorker.java:startLogSegment(394)) - 93155b15-512d-4c8d-b4b5-3701a6ff6ed7@group-BFBF8A2CDC57-SegmentedRaftLogWorker: Starting segment from index:0
2021-12-02 01:43:43,311 [93155b15-512d-4c8d-b4b5-3701a6ff6ed7@group-BFBF8A2CDC57-SegmentedRaftLogWorker] INFO  segmented.SegmentedRaftLogWorker (SegmentedRaftLogWorker.java:execute(601)) - 93155b15-512d-4c8d-b4b5-3701a6ff6ed7@group-BFBF8A2CDC57-SegmentedRaftLogWorker: created new log segment /home/runner/work/ozone/ozone/hadoop-ozone/integration-test/target/test-dir/MiniOzoneClusterImpl-678482ad-dd87-406d-b7c8-4c28c8452e13/datanode-2/data/ratis/b6611ec7-8cb0-4f20-9e78-bfbf8a2cdc57/current/log_inprogress_0
2021-12-02 01:43:44,146 [Listener at 127.0.0.1/41183] INFO  ozone.MiniOzoneClusterImpl (MiniOzoneClusterImpl.java:lambda$waitForClusterToBeReady$0(235)) - Nodes are ready. Got 3 of 3 DN Heartbeats.
2021-12-02 01:43:44,146 [Listener at 127.0.0.1/41183] INFO  ozone.MiniOzoneClusterImpl (MiniOzoneClusterImpl.java:lambda$waitForClusterToBeReady$0(238)) - Cluster exits safe mode
2021-12-02 01:43:44,146 [Listener at 127.0.0.1/41183] INFO  ozone.MiniOzoneClusterImpl (MiniOzoneClusterImpl.java:lambda$waitForClusterToBeReady$0(240)) - SCM became leader
2021-12-02 01:43:44,147 [Listener at 127.0.0.1/41183] WARN  server.ServerUtils (ServerUtils.java:getScmDbDir(148)) - ozone.scm.db.dirs is not configured. We recommend adding this setting. Falling back to ozone.metadata.dirs instead.
2021-12-02 01:43:44,149 [Listener at 127.0.0.1/41183] INFO  ha.SCMHANodeDetails (SCMHANodeDetails.java:loadSCMHAConfig(157)) - ServiceID for StorageContainerManager is null
2021-12-02 01:43:44,149 [Listener at 127.0.0.1/41183] INFO  ha.SCMHANodeDetails (SCMHANodeDetails.java:loadSCMHAConfig(162)) - ozone.scm.default.service.id is not defined, falling back to ozone.scm.service.ids to find serviceID for StorageContainerManager if it is HA enabled cluster
2021-12-02 01:43:44,150 [Listener at 127.0.0.1/41183] WARN  server.ServerUtils (ServerUtils.java:getScmDbDir(148)) - ozone.scm.db.dirs is not configured. We recommend adding this setting. Falling back to ozone.metadata.dirs instead.
2021-12-02 01:43:44,150 [Listener at 127.0.0.1/41183] INFO  upgrade.AbstractLayoutVersionManager (AbstractLayoutVersionManager.java:init(79)) - Initializing Layout version manager with metadata layout = INITIAL_VERSION (version = 0), software layout = SCM_HA (version = 2)
2021-12-02 01:43:44,209 [Listener at 127.0.0.1/41183] INFO  reflections.Reflections (Reflections.java:scan(232)) - Reflections took 58 ms to scan 7 urls, producing 119 keys and 279 values 
2021-12-02 01:43:44,210 [Listener at 127.0.0.1/41183] INFO  upgrade.HDDSLayoutVersionManager (HDDSLayoutVersionManager.java:lambda$registerUpgradeActions$0(76)) - Registering Upgrade Action : ScmHAUnfinalizedStateValidationAction
2021-12-02 01:43:44,210 [Listener at 127.0.0.1/41183] INFO  upgrade.HDDSLayoutVersionManager (HDDSLayoutVersionManager.java:lambda$registerUpgradeActions$0(76)) - Registering Upgrade Action : ScmHAFinalizeUpgradeActionDatanode
2021-12-02 01:43:44,210 [Listener at 127.0.0.1/41183] INFO  upgrade.HDDSLayoutVersionManager (HDDSLayoutVersionManager.java:lambda$registerUpgradeActions$0(76)) - Registering Upgrade Action : ScmOnFinalizeActionForDatanodeSchemaV2
2021-12-02 01:43:44,210 [Listener at 127.0.0.1/41183] INFO  upgrade.HDDSLayoutVersionManager (HDDSLayoutVersionManager.java:lambda$registerUpgradeActions$0(76)) - Registering Upgrade Action : DatanodeSchemaV2FinalizeAction
2021-12-02 01:43:44,210 [Listener at 127.0.0.1/41183] WARN  utils.HAUtils (HAUtils.java:getMetaDir(342)) - ozone.scm.db.dirs is not configured. We recommend adding this setting. Falling back to ozone.metadata.dirs instead.
2021-12-02 01:43:44,211 [Listener at 127.0.0.1/41183] WARN  db.DBStoreBuilder (DBStoreBuilder.java:applyDBDefinition(145)) - ozone.scm.db.dirs is not configured. We recommend adding this setting. Falling back to ozone.metadata.dirs instead.
2021-12-02 01:43:44,455 [Listener at 127.0.0.1/41183] INFO  net.NodeSchemaLoader (NodeSchemaLoader.java:loadSchemaFromFile(129)) - Loading schema from [jar:file:/home/runner/.m2/repository/org/apache/ozone/hdds-common/1.3.0-SNAPSHOT/hdds-common-1.3.0-SNAPSHOT.jar!/network-topology-default.xml]
2021-12-02 01:43:44,455 [Listener at 127.0.0.1/41183] INFO  net.NodeSchemaLoader (NodeSchemaLoader.java:loadSchema(176)) - Loading network topology layer schema file
2021-12-02 01:43:44,469 [Listener at 127.0.0.1/41183] WARN  impl.MetricRegistriesImpl (MetricRegistriesImpl.java:addReporterRegistration(111)) - New reporters are added after registries were created. Some metrics will be missing from the reporter. Please add reporter before adding any new registry.
2021-12-02 01:43:44,469 [Listener at 127.0.0.1/41183] WARN  impl.MetricRegistriesImpl (MetricRegistriesImpl.java:addReporterRegistration(111)) - New reporters are added after registries were created. Some metrics will be missing from the reporter. Please add reporter before adding any new registry.
2021-12-02 01:43:44,470 [Listener at 127.0.0.1/41183] INFO  ha.SequenceIdGenerator (SequenceIdGenerator.java:upgradeToSequenceId(347)) - upgrade localId to 107544261427200000
2021-12-02 01:43:44,470 [Listener at 127.0.0.1/41183] INFO  ha.SequenceIdGenerator (SequenceIdGenerator.java:upgradeToSequenceId(357)) - upgrade delTxnId to 0
2021-12-02 01:43:44,470 [Listener at 127.0.0.1/41183] INFO  ha.SequenceIdGenerator (SequenceIdGenerator.java:upgradeToSequenceId(371)) - upgrade containerId to 0
2021-12-02 01:43:44,472 [Listener at 127.0.0.1/41183] INFO  ha.SequenceIdGenerator (SequenceIdGenerator.java:<init>(218)) - Init the HA SequenceIdGenerator.
2021-12-02 01:43:44,472 [Listener at 127.0.0.1/41183] INFO  node.SCMNodeManager (SCMNodeManager.java:<init>(144)) - Entering startup safe mode.
2021-12-02 01:43:44,473 [Listener at 127.0.0.1/41183] INFO  algorithms.ContainerPlacementPolicyFactory (ContainerPlacementPolicyFactory.java:getPolicy(60)) - Create container placement policy of type org.apache.hadoop.hdds.scm.container.placement.algorithms.SCMContainerPlacementRandom
2021-12-02 01:43:44,473 [Listener at 127.0.0.1/41183] INFO  pipeline.PipelineStateManagerImpl (PipelineStateManagerImpl.java:initialize(78)) - No pipeline exists in current db
2021-12-02 01:43:44,473 [Listener at 127.0.0.1/41183] INFO  algorithms.LeaderChoosePolicyFactory (LeaderChoosePolicyFactory.java:getPolicy(57)) - Create leader choose policy of type org.apache.hadoop.hdds.scm.pipeline.leader.choose.algorithms.MinLeaderCountChoosePolicy
2021-12-02 01:43:44,473 [Listener at 127.0.0.1/41183] INFO  ha.SCMServiceManager (SCMServiceManager.java:register(43)) - Registering service BackgroundPipelineCreator.
2021-12-02 01:43:44,473 [Listener at 127.0.0.1/41183] INFO  pipeline.BackgroundPipelineCreator (BackgroundPipelineCreator.java:start(130)) - Starting RatisPipelineUtilsThread.
2021-12-02 01:43:44,474 [Listener at 127.0.0.1/41183] INFO  algorithms.PipelineChoosePolicyFactory (PipelineChoosePolicyFactory.java:createPipelineChoosePolicyFromClass(73)) - Create pipeline choose policy of type org.apache.hadoop.hdds.scm.pipeline.choose.algorithms.RandomPipelineChoosePolicy
2021-12-02 01:43:44,474 [Listener at 127.0.0.1/41183] INFO  ha.SCMServiceManager (SCMServiceManager.java:register(43)) - Registering service SCMBlockDeletingService.
2021-12-02 01:43:44,474 [Listener at 127.0.0.1/41183] INFO  ha.SCMServiceManager (SCMServiceManager.java:register(43)) - Registering service ReplicationManager.
2021-12-02 01:43:44,474 [Listener at 127.0.0.1/41183] INFO  container.ReplicationManager (ReplicationManager.java:start(319)) - Starting Replication Monitor Thread.
2021-12-02 01:43:44,485 [Listener at 127.0.0.1/41183] INFO  safemode.ContainerSafeModeRule (ContainerSafeModeRule.java:<init>(89)) - containers with one replica threshold count 0
2021-12-02 01:43:44,485 [Listener at 127.0.0.1/41183] INFO  safemode.HealthyPipelineSafeModeRule (HealthyPipelineSafeModeRule.java:initializeRule(156)) - Total pipeline count is 0, healthy pipeline threshold count is 1
2021-12-02 01:43:44,485 [Listener at 127.0.0.1/41183] INFO  safemode.OneReplicaPipelineSafeModeRule (OneReplicaPipelineSafeModeRule.java:initializeRule(180)) - Total pipeline count is 0, pipeline's with at least one datanode reported threshold count is 0
2021-12-02 01:43:44,500 [ReplicationMonitor] INFO  container.ReplicationManager (ReplicationManager.java:processAll(371)) - Replication Monitor Thread took 0 milliseconds for processing 0 containers.
2021-12-02 01:43:44,549 [Listener at 127.0.0.1/41183] INFO  ipc.CallQueueManager (CallQueueManager.java:<init>(90)) - Using callQueue: class java.util.concurrent.LinkedBlockingQueue, queueCapacity: 2000, scheduler: class org.apache.hadoop.ipc.DefaultRpcScheduler, ipcBackoff: false.
2021-12-02 01:43:44,554 [Socket Reader #1 for port 0] INFO  ipc.Server (Server.java:run(1265)) - Starting Socket Reader #1 for port 0
2021-12-02 01:43:44,554 [Listener at 0.0.0.0/42723] INFO  ipc.CallQueueManager (CallQueueManager.java:<init>(90)) - Using callQueue: class java.util.concurrent.LinkedBlockingQueue, queueCapacity: 2000, scheduler: class org.apache.hadoop.ipc.DefaultRpcScheduler, ipcBackoff: false.
2021-12-02 01:43:44,563 [Socket Reader #1 for port 0] INFO  ipc.Server (Server.java:run(1265)) - Starting Socket Reader #1 for port 0
2021-12-02 01:43:44,563 [Listener at 0.0.0.0/42245] INFO  ipc.CallQueueManager (CallQueueManager.java:<init>(90)) - Using callQueue: class java.util.concurrent.LinkedBlockingQueue, queueCapacity: 2000, scheduler: class org.apache.hadoop.ipc.DefaultRpcScheduler, ipcBackoff: false.
2021-12-02 01:43:44,564 [Socket Reader #1 for port 0] INFO  ipc.Server (Server.java:run(1265)) - Starting Socket Reader #1 for port 0
2021-12-02 01:43:44,594 [Listener at 0.0.0.0/37625] INFO  algorithms.ContainerPlacementPolicyFactory (ContainerPlacementPolicyFactory.java:getPolicy(60)) - Create container placement policy of type org.apache.hadoop.hdds.scm.container.placement.algorithms.SCMContainerPlacementRandom
2021-12-02 01:43:44,594 [Listener at 0.0.0.0/37625] INFO  server.StorageContainerManager (StorageContainerManager.java:<init>(388)) - 
Container Balancer status:
Key                            Value
Running                        false
Container Balancer Configuration values:
Key                                                Value
Threshold                                          0.1
Max Datanodes to Involve per Iteration(ratio)      0.2
Max Size to Move per Iteration                     30GB
Max Size Entering Target per Iteration             1GB
Max Size Leaving Source per Iteration              1GB

2021-12-02 01:43:44,594 [Listener at 0.0.0.0/37625] WARN  events.EventQueue (EventQueue.java:fireEvent(194)) - No event handler registered for event TypedEvent{payloadType=SafeModeStatus, name='Safe mode status'}
2021-12-02 01:43:44,595 [Listener at 0.0.0.0/37625] INFO  ha.SCMContext (SCMContext.java:updateSafeModeStatus(205)) - Update SafeModeStatus from SafeModeStatus{safeModeStatus=true, preCheckPassed=false} to SafeModeStatus{safeModeStatus=true, preCheckPassed=false}.
2021-12-02 01:43:44,595 [Listener at 0.0.0.0/37625] INFO  upgrade.UpgradeFinalizer (BasicUpgradeFinalizer.java:runPrefinalizeStateActions(235)) - Running pre-finalized state validations for unfinalized layout features.
2021-12-02 01:43:44,595 [Listener at 0.0.0.0/37625] INFO  upgrade.UpgradeFinalizer (BasicUpgradeFinalizer.java:runValidationAction(264)) - Executing pre finalize state validation ScmHAUnfinalizedStateValidationAction
2021-12-02 01:43:44,595 [Listener at 0.0.0.0/37625] INFO  upgrade.UpgradeFinalizer (BasicUpgradeFinalizer.java:runPrefinalizeStateActions(248)) - Running first upgrade commands for unfinalized layout features.
2021-12-02 01:43:44,595 [Listener at 0.0.0.0/37625] INFO  server.StorageContainerManager (StorageContainerManager.java:start(1303)) - StorageContainerLocationProtocol RPC server is listening at /0.0.0.0:37625
2021-12-02 01:43:44,600 [Listener at 0.0.0.0/37625] WARN  impl.MetricsConfig (MetricsConfig.java:loadFirst(136)) - Cannot locate configuration: tried hadoop-metrics2-storagecontainermanager.properties,hadoop-metrics2.properties
2021-12-02 01:43:44,615 [Listener at 0.0.0.0/37625] INFO  impl.MetricsSystemImpl (MetricsSystemImpl.java:startTimer(378)) - Scheduled Metric snapshot period at 10 second(s).
2021-12-02 01:43:44,615 [Listener at 0.0.0.0/37625] INFO  impl.MetricsSystemImpl (MetricsSystemImpl.java:start(191)) - StorageContainerManager metrics system started
2021-12-02 01:43:44,707 [Listener at 0.0.0.0/37625] INFO  impl.MetricsSinkAdapter (MetricsSinkAdapter.java:start(204)) - Sink prometheus started
2021-12-02 01:43:44,708 [Listener at 0.0.0.0/37625] INFO  impl.MetricsSystemImpl (MetricsSystemImpl.java:registerSink(305)) - Registered sink prometheus
2021-12-02 01:43:44,769 [Listener at 0.0.0.0/37625] INFO  server.SCMClientProtocolServer (SCMClientProtocolServer.java:start(164)) - RPC server for Client  is listening at /0.0.0.0:37625
2021-12-02 01:43:44,770 [IPC Server Responder] INFO  ipc.Server (Server.java:run(1507)) - IPC Server Responder: starting
2021-12-02 01:43:44,770 [IPC Server listener on 0] INFO  ipc.Server (Server.java:run(1344)) - IPC Server listener on 0: starting
2021-12-02 01:43:44,771 [Listener at 0.0.0.0/37625] INFO  server.StorageContainerManager (StorageContainerManager.java:start(1318)) - ScmBlockLocationProtocol RPC server is listening at /0.0.0.0:42245
2021-12-02 01:43:44,771 [Listener at 0.0.0.0/37625] INFO  server.SCMBlockProtocolServer (SCMBlockProtocolServer.java:start(151)) - RPC server for Block Protocol is listening at /0.0.0.0:42245
2021-12-02 01:43:44,771 [IPC Server Responder] INFO  ipc.Server (Server.java:run(1507)) - IPC Server Responder: starting
2021-12-02 01:43:44,772 [IPC Server listener on 0] INFO  ipc.Server (Server.java:run(1344)) - IPC Server listener on 0: starting
2021-12-02 01:43:44,773 [Listener at 0.0.0.0/37625] INFO  server.StorageContainerManager (StorageContainerManager.java:start(1324)) - ScmDatanodeProtocl RPC server is listening at /0.0.0.0:42723
2021-12-02 01:43:44,773 [Listener at 0.0.0.0/37625] INFO  server.SCMDatanodeProtocolServer (SCMDatanodeProtocolServer.java:start(181)) - RPC server for DataNodes is listening at /0.0.0.0:42723
2021-12-02 01:43:44,773 [IPC Server Responder] INFO  ipc.Server (Server.java:run(1507)) - IPC Server Responder: starting
2021-12-02 01:43:44,782 [IPC Server listener on 0] INFO  ipc.Server (Server.java:run(1344)) - IPC Server listener on 0: starting
2021-12-02 01:43:44,796 [Listener at 0.0.0.0/37625] INFO  http.BaseHttpServer (BaseHttpServer.java:newHttpServer2BuilderForOzone(209)) - Starting Web-server for scm at: http://0.0.0.0:0
2021-12-02 01:43:44,796 [Listener at 0.0.0.0/37625] INFO  http.BaseHttpServer (BaseHttpServer.java:<init>(107)) - Hadoop Security Enabled: false Ozone Security Enabled: false Ozone HTTP Security Enabled: false 
2021-12-02 01:43:44,797 [Listener at 0.0.0.0/37625] INFO  server.AuthenticationFilter (AuthenticationFilter.java:constructSecretProvider(240)) - Unable to initialize FileSignerSecretProvider, falling back to use random secrets.
2021-12-02 01:43:44,843 [Listener at 0.0.0.0/37625] WARN  http.HttpRequestLog (HttpRequestLog.java:getRequestLog(103)) - Jetty request log can only be enabled using Log4j
2021-12-02 01:43:44,844 [Listener at 0.0.0.0/37625] INFO  http.HttpServer2 (HttpServer2.java:addGlobalFilter(1030)) - Added global filter 'safety' (class=org.apache.hadoop.hdds.server.http.HttpServer2$QuotingInputFilter)
2021-12-02 01:43:44,844 [Listener at 0.0.0.0/37625] INFO  http.HttpServer2 (HttpServer2.java:addFilter(1006)) - Added filter static_user_filter (class=org.apache.hadoop.http.lib.StaticUserWebFilter$StaticUserFilter) to context scm
2021-12-02 01:43:44,844 [Listener at 0.0.0.0/37625] INFO  http.HttpServer2 (HttpServer2.java:addFilter(1014)) - Added filter static_user_filter (class=org.apache.hadoop.http.lib.StaticUserWebFilter$StaticUserFilter) to context logs
2021-12-02 01:43:44,844 [Listener at 0.0.0.0/37625] INFO  http.HttpServer2 (HttpServer2.java:addFilter(1014)) - Added filter static_user_filter (class=org.apache.hadoop.http.lib.StaticUserWebFilter$StaticUserFilter) to context static
2021-12-02 01:43:44,845 [Listener at 0.0.0.0/37625] INFO  http.HttpServer2 (HttpServer2.java:bindListener(1249)) - Jetty bound to port 33307
2021-12-02 01:43:44,845 [Listener at 0.0.0.0/37625] INFO  server.Server (Server.java:doStart(375)) - jetty-9.4.43.v20210629; built: 2021-06-30T11:07:22.254Z; git: 526006ecfa3af7f1a27ef3a288e2bef7ea9dd7e8; jvm 1.8.0_292-b10
2021-12-02 01:43:44,871 [Listener at 0.0.0.0/37625] INFO  server.session (DefaultSessionIdManager.java:doStart(334)) - DefaultSessionIdManager workerName=node0
2021-12-02 01:43:44,871 [Listener at 0.0.0.0/37625] INFO  server.session (DefaultSessionIdManager.java:doStart(339)) - No SessionScavenger set, using defaults
2021-12-02 01:43:44,871 [Listener at 0.0.0.0/37625] INFO  server.session (HouseKeeper.java:startScavenging(132)) - node0 Scavenging every 600000ms
2021-12-02 01:43:44,872 [Listener at 0.0.0.0/37625] INFO  handler.ContextHandler (ContextHandler.java:doStart(915)) - Started o.e.j.s.ServletContextHandler@3e47d41e{logs,/logs,file:///home/runner/work/ozone/ozone/hadoop-ozone/integration-test/target/log,AVAILABLE}
2021-12-02 01:43:44,872 [Listener at 0.0.0.0/37625] INFO  handler.ContextHandler (ContextHandler.java:doStart(915)) - Started o.e.j.s.ServletContextHandler@691d21e1{static,/static,file:///home/runner/work/ozone/ozone/hadoop-ozone/integration-test/target/test-classes/webapps/static,AVAILABLE}
2021-12-02 01:43:44,874 [Listener at 0.0.0.0/37625] INFO  handler.ContextHandler (ContextHandler.java:doStart(915)) - Started o.e.j.w.WebAppContext@424f737d{scm,/,file:///home/runner/work/ozone/ozone/hadoop-ozone/integration-test/target/test-classes/webapps/scm/,AVAILABLE}{file:/home/runner/work/ozone/ozone/hadoop-ozone/integration-test/target/test-classes/webapps/scm}
2021-12-02 01:43:44,880 [org.apache.hadoop.util.JvmPauseMonitor$Monitor@f683f97] INFO  util.JvmPauseMonitor (JvmPauseMonitor.java:run(188)) - Starting JVM pause monitor
2021-12-02 01:43:44,899 [Listener at 0.0.0.0/37625] INFO  server.AbstractConnector (AbstractConnector.java:doStart(331)) - Started ServerConnector@78252e58{HTTP/1.1, (http/1.1)}{0.0.0.0:33307}
2021-12-02 01:43:44,899 [Listener at 0.0.0.0/37625] INFO  server.Server (Server.java:doStart(415)) - Started @273432ms
2021-12-02 01:43:44,899 [Listener at 0.0.0.0/37625] WARN  impl.MetricsSystemImpl (MetricsSystemImpl.java:register(279)) - Sink prometheus already exists!
2021-12-02 01:43:44,900 [Listener at 0.0.0.0/37625] INFO  http.BaseHttpServer (BaseHttpServer.java:updateConnectorAddress(329)) - HTTP server of scm listening at http://0.0.0.0:33307
2021-12-02 01:43:44,900 [Listener at 0.0.0.0/37625] WARN  server.ServerUtils (ServerUtils.java:getDBPath(225)) - ozone.om.db.dirs is not configured. We recommend adding this setting. Falling back to ozone.metadata.dirs instead.
2021-12-02 01:43:44,902 [Listener at 0.0.0.0/37625] INFO  ha.OMHANodeDetails (OMHANodeDetails.java:loadOMHAConfig(112)) - ozone.om.internal.service.id is not defined, falling back to ozone.om.service.ids to find serviceID for OzoneManager if it is HA enabled cluster
2021-12-02 01:43:44,902 [Listener at 0.0.0.0/37625] INFO  ha.OMHANodeDetails (OMHANodeDetails.java:loadOMHAConfig(217)) - Configuration does not have ozone.om.address set. Falling back to the default OM address /127.0.0.1:0
2021-12-02 01:43:44,902 [Listener at 0.0.0.0/37625] INFO  ha.OMHANodeDetails (OMHANodeDetails.java:getOMNodeDetailsForNonHA(245)) - OM Service ID is not set. Setting it to the default ID: omServiceIdDefault
2021-12-02 01:43:44,902 [Listener at 0.0.0.0/37625] INFO  ha.OMHANodeDetails (OMHANodeDetails.java:getOMNodeDetailsForNonHA(252)) - OM Node ID is not set. Setting it to the default ID: om1
2021-12-02 01:43:44,909 [Listener at 0.0.0.0/37625] WARN  server.ServerUtils (ServerUtils.java:getDBPath(225)) - ozone.om.db.dirs is not configured. We recommend adding this setting. Falling back to ozone.metadata.dirs instead.
2021-12-02 01:43:44,909 [Listener at 0.0.0.0/37625] INFO  upgrade.AbstractLayoutVersionManager (AbstractLayoutVersionManager.java:init(79)) - Initializing Layout version manager with metadata layout = INITIAL_VERSION (version = 0), software layout = INITIAL_VERSION (version = 0)
2021-12-02 01:43:45,120 [Listener at 0.0.0.0/37625] INFO  reflections.Reflections (Reflections.java:scan(232)) - Reflections took 210 ms to scan 2 urls, producing 132 keys and 344 values [using 2 cores]
2021-12-02 01:43:45,121 [Listener at 0.0.0.0/37625] INFO  upgrade.OMLayoutVersionManager (OMLayoutVersionManager.java:lambda$0(115)) - Skipping Upgrade Action MockOmUpgradeAction since it has been finalized.
2021-12-02 01:43:45,121 [Listener at 0.0.0.0/37625] WARN  server.ServerUtils (ServerUtils.java:getDBPath(225)) - ozone.om.db.dirs is not configured. We recommend adding this setting. Falling back to ozone.metadata.dirs instead.
2021-12-02 01:43:45,217 [Listener at 0.0.0.0/37625] WARN  server.ServerUtils (ServerUtils.java:getDBPath(225)) - ozone.om.db.dirs is not configured. We recommend adding this setting. Falling back to ozone.metadata.dirs instead.
2021-12-02 01:43:45,217 [Listener at 0.0.0.0/37625] INFO  codec.OmKeyInfoCodec (OmKeyInfoCodec.java:<init>(50)) - OmKeyInfoCodec ignorePipeline = true
2021-12-02 01:43:45,217 [Listener at 0.0.0.0/37625] INFO  codec.RepeatedOmKeyInfoCodec (RepeatedOmKeyInfoCodec.java:<init>(42)) - RepeatedOmKeyInfoCodec ignorePipeline = true
2021-12-02 01:43:45,381 [Time-limited test] INFO  ozoneimpl.OzoneContainer (OzoneContainer.java:stop(325)) - Attempting to stop container services.
2021-12-02 01:43:45,381 [Time-limited test] INFO  server.RaftServer (RaftServerProxy.java:lambda$close$6(391)) - 7e03f375-d49a-42ab-b7b9-c2f67bc739a3: close
2021-12-02 01:43:45,382 [Time-limited test] INFO  server.RaftServer$Division (RaftServerImpl.java:lambda$close$4(412)) - 7e03f375-d49a-42ab-b7b9-c2f67bc739a3@group-4D1102E5C1F2: shutdown
2021-12-02 01:43:45,382 [Time-limited test] INFO  util.JmxRegister (JmxRegister.java:unregister(73)) - Successfully un-registered JMX Bean with object name Ratis:service=RaftServer,group=group-4D1102E5C1F2,id=7e03f375-d49a-42ab-b7b9-c2f67bc739a3
2021-12-02 01:43:45,382 [Time-limited test] INFO  impl.RoleInfo (RoleInfo.java:shutdownLeaderState(91)) - 7e03f375-d49a-42ab-b7b9-c2f67bc739a3: shutdown 7e03f375-d49a-42ab-b7b9-c2f67bc739a3@group-4D1102E5C1F2-LeaderStateImpl
2021-12-02 01:43:45,382 [Time-limited test] INFO  impl.PendingRequests (PendingRequests.java:sendNotLeaderResponses(282)) - 7e03f375-d49a-42ab-b7b9-c2f67bc739a3@group-4D1102E5C1F2-PendingRequests: sendNotLeaderResponses
2021-12-02 01:43:45,383 [Time-limited test] INFO  impl.StateMachineUpdater (StateMachineUpdater.java:stopAndJoin(149)) - 7e03f375-d49a-42ab-b7b9-c2f67bc739a3@group-4D1102E5C1F2-StateMachineUpdater: set stopIndex = 0
2021-12-02 01:43:45,385 [7e03f375-d49a-42ab-b7b9-c2f67bc739a3@group-4D1102E5C1F2-StateMachineUpdater] INFO  ratis.ContainerStateMachine (ContainerStateMachine.java:takeSnapshot(292)) - group-4D1102E5C1F2: Taking a snapshot at:(t:1, i:0) file /home/runner/work/ozone/ozone/hadoop-ozone/integration-test/target/test-dir/MiniOzoneClusterImpl-93dc72d0-b1bf-46db-be81-fee59e1e35ad/datanode-0/data/ratis/7151e141-d915-4cd5-9dbe-4d1102e5c1f2/sm/snapshot.1_0
2021-12-02 01:43:45,386 [7e03f375-d49a-42ab-b7b9-c2f67bc739a3@group-4D1102E5C1F2-StateMachineUpdater] INFO  ratis.ContainerStateMachine (ContainerStateMachine.java:takeSnapshot(303)) - group-4D1102E5C1F2: Finished taking a snapshot at:(t:1, i:0) file:/home/runner/work/ozone/ozone/hadoop-ozone/integration-test/target/test-dir/MiniOzoneClusterImpl-93dc72d0-b1bf-46db-be81-fee59e1e35ad/datanode-0/data/ratis/7151e141-d915-4cd5-9dbe-4d1102e5c1f2/sm/snapshot.1_0 took: 1 ms
2021-12-02 01:43:45,387 [7e03f375-d49a-42ab-b7b9-c2f67bc739a3@group-4D1102E5C1F2-StateMachineUpdater] INFO  impl.StateMachineUpdater (StateMachineUpdater.java:takeSnapshot(281)) - 7e03f375-d49a-42ab-b7b9-c2f67bc739a3@group-4D1102E5C1F2-StateMachineUpdater: Took a snapshot at index 0
2021-12-02 01:43:45,387 [7e03f375-d49a-42ab-b7b9-c2f67bc739a3@group-4D1102E5C1F2-StateMachineUpdater] INFO  impl.StateMachineUpdater (StateMachineUpdater.java:lambda$new$0(89)) - 7e03f375-d49a-42ab-b7b9-c2f67bc739a3@group-4D1102E5C1F2-StateMachineUpdater: snapshotIndex: updateIncreasingly -1 -> 0
2021-12-02 01:43:45,391 [Time-limited test] INFO  server.RaftServer$Division (ServerState.java:close(419)) - 7e03f375-d49a-42ab-b7b9-c2f67bc739a3@group-4D1102E5C1F2: closes. applyIndex: 0
2021-12-02 01:43:45,391 [7e03f375-d49a-42ab-b7b9-c2f67bc739a3@group-4D1102E5C1F2-SegmentedRaftLogWorker] INFO  segmented.SegmentedRaftLogWorker (SegmentedRaftLogWorker.java:run(327)) - 7e03f375-d49a-42ab-b7b9-c2f67bc739a3@group-4D1102E5C1F2-SegmentedRaftLogWorker was interrupted, exiting. There are 0 tasks remaining in the queue.
2021-12-02 01:43:45,404 [Time-limited test] INFO  segmented.SegmentedRaftLogWorker (SegmentedRaftLogWorker.java:close(237)) - 7e03f375-d49a-42ab-b7b9-c2f67bc739a3@group-4D1102E5C1F2-SegmentedRaftLogWorker close()
2021-12-02 01:43:45,412 [Time-limited test] INFO  server.RaftServer$Division (RaftServerImpl.java:lambda$close$4(412)) - 7e03f375-d49a-42ab-b7b9-c2f67bc739a3@group-77077D228A21: shutdown
2021-12-02 01:43:45,412 [Time-limited test] INFO  util.JmxRegister (JmxRegister.java:unregister(73)) - Successfully un-registered JMX Bean with object name Ratis:service=RaftServer,group=group-77077D228A21,id=7e03f375-d49a-42ab-b7b9-c2f67bc739a3
2021-12-02 01:43:45,412 [Time-limited test] INFO  impl.RoleInfo (RoleInfo.java:shutdownFollowerState(108)) - 7e03f375-d49a-42ab-b7b9-c2f67bc739a3: shutdown 7e03f375-d49a-42ab-b7b9-c2f67bc739a3@group-77077D228A21-FollowerState
2021-12-02 01:43:45,412 [Time-limited test] INFO  impl.StateMachineUpdater (StateMachineUpdater.java:stopAndJoin(149)) - 7e03f375-d49a-42ab-b7b9-c2f67bc739a3@group-77077D228A21-StateMachineUpdater: set stopIndex = 0
2021-12-02 01:43:45,413 [7e03f375-d49a-42ab-b7b9-c2f67bc739a3@group-77077D228A21-StateMachineUpdater] INFO  ratis.ContainerStateMachine (ContainerStateMachine.java:takeSnapshot(292)) - group-77077D228A21: Taking a snapshot at:(t:2, i:0) file /home/runner/work/ozone/ozone/hadoop-ozone/integration-test/target/test-dir/MiniOzoneClusterImpl-93dc72d0-b1bf-46db-be81-fee59e1e35ad/datanode-0/data/ratis/997c7752-6dbb-4ec0-b04a-77077d228a21/sm/snapshot.2_0
2021-12-02 01:43:45,413 [7e03f375-d49a-42ab-b7b9-c2f67bc739a3@group-77077D228A21-FollowerState] INFO  impl.FollowerState (FollowerState.java:run(143)) - 7e03f375-d49a-42ab-b7b9-c2f67bc739a3@group-77077D228A21-FollowerState was interrupted: {}
java.lang.InterruptedException: sleep interrupted
	at java.lang.Thread.sleep(Native Method)
	at java.lang.Thread.sleep(Thread.java:340)
	at java.util.concurrent.TimeUnit.sleep(TimeUnit.java:386)
	at org.apache.ratis.util.TimeDuration.sleep(TimeDuration.java:324)
	at org.apache.ratis.util.TimeDuration.sleep(TimeDuration.java:309)
	at org.apache.ratis.server.impl.FollowerState.run(FollowerState.java:118)
2021-12-02 01:43:45,421 [7e03f375-d49a-42ab-b7b9-c2f67bc739a3@group-77077D228A21-StateMachineUpdater] INFO  ratis.ContainerStateMachine (ContainerStateMachine.java:takeSnapshot(303)) - group-77077D228A21: Finished taking a snapshot at:(t:2, i:0) file:/home/runner/work/ozone/ozone/hadoop-ozone/integration-test/target/test-dir/MiniOzoneClusterImpl-93dc72d0-b1bf-46db-be81-fee59e1e35ad/datanode-0/data/ratis/997c7752-6dbb-4ec0-b04a-77077d228a21/sm/snapshot.2_0 took: 9 ms
2021-12-02 01:43:45,421 [7e03f375-d49a-42ab-b7b9-c2f67bc739a3@group-77077D228A21-StateMachineUpdater] INFO  impl.StateMachineUpdater (StateMachineUpdater.java:takeSnapshot(281)) - 7e03f375-d49a-42ab-b7b9-c2f67bc739a3@group-77077D228A21-StateMachineUpdater: Took a snapshot at index 0
2021-12-02 01:43:45,421 [7e03f375-d49a-42ab-b7b9-c2f67bc739a3@group-77077D228A21-StateMachineUpdater] INFO  impl.StateMachineUpdater (StateMachineUpdater.java:lambda$new$0(89)) - 7e03f375-d49a-42ab-b7b9-c2f67bc739a3@group-77077D228A21-StateMachineUpdater: snapshotIndex: updateIncreasingly -1 -> 0
2021-12-02 01:43:45,422 [Time-limited test] INFO  server.RaftServer$Division (ServerState.java:close(419)) - 7e03f375-d49a-42ab-b7b9-c2f67bc739a3@group-77077D228A21: closes. applyIndex: 0
2021-12-02 01:43:45,422 [7e03f375-d49a-42ab-b7b9-c2f67bc739a3@group-77077D228A21-SegmentedRaftLogWorker] INFO  segmented.SegmentedRaftLogWorker (SegmentedRaftLogWorker.java:run(327)) - 7e03f375-d49a-42ab-b7b9-c2f67bc739a3@group-77077D228A21-SegmentedRaftLogWorker was interrupted, exiting. There are 0 tasks remaining in the queue.
2021-12-02 01:43:45,426 [Time-limited test] INFO  segmented.SegmentedRaftLogWorker (SegmentedRaftLogWorker.java:close(237)) - 7e03f375-d49a-42ab-b7b9-c2f67bc739a3@group-77077D228A21-SegmentedRaftLogWorker close()
2021-12-02 01:43:45,475 [Time-limited test] INFO  server.GrpcService (GrpcService.java:closeImpl(262)) - 7e03f375-d49a-42ab-b7b9-c2f67bc739a3: shutdown server with port 37893 now
2021-12-02 01:43:45,477 [grpc-default-executor-1] WARN  server.GrpcServerProtocolService (LogUtils.java:warn(122)) - 7e03f375-d49a-42ab-b7b9-c2f67bc739a3: installSnapshot onError, lastRequest: e0d25c1b-b502-41c3-a142-f82b5e97ff03->7e03f375-d49a-42ab-b7b9-c2f67bc739a3#1-t2,previous=(t:0, i:0),leaderCommit=0,initializing? true,entries: size=1, first=(t:2, i:0), CONFIGURATIONENTRY: org.apache.ratis.thirdparty.io.grpc.StatusRuntimeException: CANCELLED: client cancelled
2021-12-02 01:43:45,477 [Time-limited test] INFO  server.GrpcService (GrpcService.java:closeImpl(271)) - 7e03f375-d49a-42ab-b7b9-c2f67bc739a3: shutdown server with port 37893 successfully
2021-12-02 01:43:45,477 [org.apache.ratis.util.JvmPauseMonitor$$Lambda$540/557107915@2be48709] INFO  util.JvmPauseMonitor (JvmPauseMonitor.java:run(109)) - JvmPauseMonitor-7e03f375-d49a-42ab-b7b9-c2f67bc739a3: Stopped
2021-12-02 01:43:45,477 [grpc-default-executor-0] WARN  server.GrpcLogAppender (LogUtils.java:warn(122)) - e0d25c1b-b502-41c3-a142-f82b5e97ff03@group-77077D228A21->7e03f375-d49a-42ab-b7b9-c2f67bc739a3-AppendLogResponseHandler: Failed appendEntries: org.apache.ratis.thirdparty.io.grpc.StatusRuntimeException: CANCELLED: HTTP/2 error code: CANCEL
Received Rst Stream
2021-12-02 01:43:45,478 [grpc-default-executor-0] WARN  server.GrpcLogAppender (GrpcLogAppender.java:resetClient(110)) - e0d25c1b-b502-41c3-a142-f82b5e97ff03@group-77077D228A21->7e03f375-d49a-42ab-b7b9-c2f67bc739a3-GrpcLogAppender: Leader has not got in touch with Follower e0d25c1b-b502-41c3-a142-f82b5e97ff03@group-77077D228A21->7e03f375-d49a-42ab-b7b9-c2f67bc739a3(c0,m0,n1, attendVote=true, lastRpcSendTime=2217, lastRpcResponseTime=2207) yet, just keep nextIndex unchanged and retry.
2021-12-02 01:43:45,478 [Time-limited test] INFO  utils.BackgroundService (BackgroundService.java:shutdown(132)) - Shutting down service BlockDeletingService
2021-12-02 01:43:45,547 [Listener at 0.0.0.0/37625] INFO  om.OzoneManager (OzoneManager.java:addS3GVolumeToDB(3609)) - Created Volume s3v With Owner runner required for S3Gateway operations.
2021-12-02 01:43:45,547 [Listener at 0.0.0.0/37625] WARN  server.ServerUtils (ServerUtils.java:getDefaultRatisDirectory(237)) - Storage directory for Ratis is not configured. It is a good idea to map this to an SSD disk. Falling back to ozone.metadata.dirs
2021-12-02 01:43:45,548 [Listener at 0.0.0.0/37625] WARN  utils.OzoneManagerRatisUtils (OzoneManagerRatisUtils.java:getOMRatisSnapshotDirectory(323)) - ozone.om.ratis.snapshot.dir is not configured. Falling back to ozone.metadata.dirs config
2021-12-02 01:43:45,548 [Listener at 0.0.0.0/37625] WARN  impl.MetricRegistriesImpl (MetricRegistriesImpl.java:addReporterRegistration(111)) - New reporters are added after registries were created. Some metrics will be missing from the reporter. Please add reporter before adding any new registry.
2021-12-02 01:43:45,548 [Listener at 0.0.0.0/37625] WARN  impl.MetricRegistriesImpl (MetricRegistriesImpl.java:addReporterRegistration(111)) - New reporters are added after registries were created. Some metrics will be missing from the reporter. Please add reporter before adding any new registry.
2021-12-02 01:43:45,548 [Listener at 0.0.0.0/37625] WARN  server.ServerUtils (ServerUtils.java:getDefaultRatisDirectory(237)) - Storage directory for Ratis is not configured. It is a good idea to map this to an SSD disk. Falling back to ozone.metadata.dirs
2021-12-02 01:43:45,549 [Listener at 0.0.0.0/37625] INFO  ratis.OzoneManagerRatisServer (OzoneManagerRatisServer.java:<init>(159)) - Instantiating OM Ratis server with groupID: omServiceIdDefault and peers: localhost:38087
2021-12-02 01:43:45,549 [Listener at 0.0.0.0/37625] INFO  ratis.OzoneManagerStateMachine (OzoneManagerStateMachine.java:loadSnapshotInfoFromDB(605)) - LastAppliedIndex is set from TransactionInfo from OM DB as (t:0, i:~)
2021-12-02 01:43:45,569 [Listener at 0.0.0.0/37625] INFO  server.RaftServer (ConfUtils.java:logGet(44)) - raft.rpc.type = GRPC (default)
2021-12-02 01:43:45,569 [Listener at 0.0.0.0/37625] INFO  grpc.GrpcFactory (GrpcFactory.java:checkPooledByteBufAllocatorUseCacheForAllThreads(48)) - PERFORMANCE WARNING: useCacheForAllThreads is true that may cause Netty to create a lot garbage objects and, as a result, trigger GC.
	It is recommended to disable useCacheForAllThreads by setting -Dorg.apache.ratis.thirdparty.io.netty.allocator.useCacheForAllThreads=false in command line.
2021-12-02 01:43:45,570 [Listener at 0.0.0.0/37625] INFO  grpc.GrpcConfigKeys (ConfUtils.java:logGet(44)) - raft.grpc.admin.port = -1 (default)
2021-12-02 01:43:45,570 [Listener at 0.0.0.0/37625] INFO  grpc.GrpcConfigKeys (ConfUtils.java:logGet(44)) - raft.grpc.server.port = 38087 (custom)
2021-12-02 01:43:45,570 [Listener at 0.0.0.0/37625] INFO  grpc.GrpcConfigKeys (ConfUtils.java:logGet(44)) - raft.grpc.client.port = -1 (default)
2021-12-02 01:43:45,570 [Listener at 0.0.0.0/37625] INFO  grpc.GrpcConfigKeys (ConfUtils.java:logGet(44)) - raft.grpc.server.port = 38087 (custom)
2021-12-02 01:43:45,570 [Listener at 0.0.0.0/37625] INFO  grpc.GrpcConfigKeys (ConfUtils.java:logGet(44)) - raft.grpc.server.port = 38087 (custom)
2021-12-02 01:43:45,570 [Listener at 0.0.0.0/37625] INFO  server.GrpcService (ConfUtils.java:logGet(44)) - raft.grpc.message.size.max = 33554432 (custom)
2021-12-02 01:43:45,570 [Listener at 0.0.0.0/37625] INFO  server.RaftServerConfigKeys (ConfUtils.java:logGet(44)) - raft.server.log.appender.buffer.byte-limit = 33554432 (custom)
2021-12-02 01:43:45,570 [Listener at 0.0.0.0/37625] INFO  server.GrpcService (ConfUtils.java:logGet(44)) - raft.grpc.flow.control.window = 1MB (=1048576) (default)
2021-12-02 01:43:45,570 [Listener at 0.0.0.0/37625] INFO  server.RaftServerConfigKeys (ConfUtils.java:logGet(44)) - raft.server.rpc.request.timeout = 3000ms (default)
2021-12-02 01:43:45,571 [Listener at 0.0.0.0/37625] INFO  impl.DataStreamServerImpl (ConfUtils.java:logGet(44)) - raft.datastream.type = DISABLED (default)
2021-12-02 01:43:45,571 [Listener at 0.0.0.0/37625] INFO  server.RaftServerConfigKeys (ConfUtils.java:logGet(44)) - raft.server.rpc.slowness.timeout = 120s (custom)
2021-12-02 01:43:45,571 [Listener at 0.0.0.0/37625] INFO  server.RaftServerConfigKeys (ConfUtils.java:logGet(44)) - raft.server.leaderelection.leader.step-down.wait-time = 10s (default)
2021-12-02 01:43:45,571 [Listener at 0.0.0.0/37625] INFO  server.RaftServerConfigKeys (ConfUtils.java:logGet(44)) - raft.server.storage.dir = [/home/runner/work/ozone/ozone/hadoop-ozone/integration-test/target/test-dir/MiniOzoneClusterImpl-f28e935a-48e2-46bd-a44c-46cb514c7b34/ozone-meta/ratis] (custom)
2021-12-02 01:43:45,592 [Listener at 0.0.0.0/37625] INFO  server.RaftServer (RaftServerProxy.java:addNew(95)) - om1: addNew group-C5BA1605619E:[om1|rpc:localhost:38087|priority:0] returns group-C5BA1605619E:java.util.concurrent.CompletableFuture@1914938b[Not completed]
2021-12-02 01:43:45,592 [Listener at 0.0.0.0/37625] INFO  om.OzoneManager (OzoneManager.java:initializeRatisServer(1771)) - OzoneManager Ratis server initialized at port 38087
2021-12-02 01:43:45,593 [Listener at 0.0.0.0/37625] INFO  ipc.CallQueueManager (CallQueueManager.java:<init>(90)) - Using callQueue: class java.util.concurrent.LinkedBlockingQueue, queueCapacity: 2000, scheduler: class org.apache.hadoop.ipc.DefaultRpcScheduler, ipcBackoff: false.
2021-12-02 01:43:45,593 [pool-1501-thread-1] INFO  server.RaftServer$Division (RaftServerImpl.java:<init>(184)) - om1: new RaftServerImpl for group-C5BA1605619E:[om1|rpc:localhost:38087|priority:0] with OzoneManagerStateMachine:uninitialized
2021-12-02 01:43:45,637 [Socket Reader #1 for port 0] INFO  ipc.Server (Server.java:run(1265)) - Starting Socket Reader #1 for port 0
2021-12-02 01:43:45,649 [pool-1501-thread-1] INFO  server.RaftServerConfigKeys (ConfUtils.java:logGet(44)) - raft.server.rpc.timeout.min = 1s (custom)
2021-12-02 01:43:45,649 [pool-1501-thread-1] INFO  server.RaftServerConfigKeys (ConfUtils.java:logGet(44)) - raft.server.rpc.timeout.max = 1200ms (custom)
2021-12-02 01:43:45,649 [pool-1501-thread-1] INFO  server.RaftServerConfigKeys (ConfUtils.java:logGet(44)) - raft.server.rpc.sleep.time = 25ms (default)
2021-12-02 01:43:45,649 [pool-1501-thread-1] INFO  server.RaftServerConfigKeys (ConfUtils.java:logGet(44)) - raft.server.rpc.slowness.timeout = 120s (custom)
2021-12-02 01:43:45,649 [pool-1501-thread-1] INFO  server.RaftServerConfigKeys (ConfUtils.java:logGet(44)) - raft.server.leaderelection.leader.step-down.wait-time = 10s (default)
2021-12-02 01:43:45,649 [pool-1501-thread-1] INFO  server.RaftServerConfigKeys (ConfUtils.java:logGet(44)) - raft.server.sleep.deviation.threshold = 300ms (default)
2021-12-02 01:43:45,649 [pool-1501-thread-1] INFO  server.RaftServerConfigKeys (ConfUtils.java:logGet(44)) - raft.server.log.appender.install.snapshot.enabled = false (custom)
2021-12-02 01:43:45,649 [pool-1501-thread-1] INFO  server.RaftServer$Division (ServerState.java:<init>(105)) - om1@group-C5BA1605619E: ConfigurationManager, init=-1: [om1|rpc:localhost:38087|priority:0], old=null, confs=<EMPTY_MAP>
2021-12-02 01:43:45,649 [pool-1501-thread-1] INFO  server.RaftServerConfigKeys (ConfUtils.java:logGet(44)) - raft.server.storage.dir = [/home/runner/work/ozone/ozone/hadoop-ozone/integration-test/target/test-dir/MiniOzoneClusterImpl-f28e935a-48e2-46bd-a44c-46cb514c7b34/ozone-meta/ratis] (custom)
2021-12-02 01:43:45,650 [pool-1501-thread-1] INFO  server.RaftServerConfigKeys (ConfUtils.java:logGet(44)) - raft.server.log.corruption.policy = EXCEPTION (default)
2021-12-02 01:43:45,650 [pool-1501-thread-1] INFO  server.RaftServerConfigKeys (ConfUtils.java:logGet(44)) - raft.server.storage.free-space.min = 0MB (=0) (default)
2021-12-02 01:43:45,650 [pool-1501-thread-1] INFO  storage.RaftStorageDirectory (RaftStorageDirectoryImpl.java:analyzeStorage(135)) - The storage directory /home/runner/work/ozone/ozone/hadoop-ozone/integration-test/target/test-dir/MiniOzoneClusterImpl-f28e935a-48e2-46bd-a44c-46cb514c7b34/ozone-meta/ratis/bf265839-605b-3f16-9796-c5ba1605619e does not exist. Creating ...
2021-12-02 01:43:45,661 [pool-1501-thread-1] INFO  storage.RaftStorageDirectory (RaftStorageDirectoryImpl.java:tryLock(230)) - Lock on /home/runner/work/ozone/ozone/hadoop-ozone/integration-test/target/test-dir/MiniOzoneClusterImpl-f28e935a-48e2-46bd-a44c-46cb514c7b34/ozone-meta/ratis/bf265839-605b-3f16-9796-c5ba1605619e/in_use.lock acquired by nodename 24779@fv-az122-438
2021-12-02 01:43:45,718 [pool-1501-thread-1] INFO  storage.RaftStorage (RaftStorageImpl.java:format(89)) - Storage directory /home/runner/work/ozone/ozone/hadoop-ozone/integration-test/target/test-dir/MiniOzoneClusterImpl-f28e935a-48e2-46bd-a44c-46cb514c7b34/ozone-meta/ratis/bf265839-605b-3f16-9796-c5ba1605619e has been successfully formatted.
2021-12-02 01:43:45,718 [pool-1501-thread-1] INFO  server.RaftServerConfigKeys (ConfUtils.java:logGet(44)) - raft.server.notification.no-leader.timeout = 120s (custom)
2021-12-02 01:43:45,718 [pool-1501-thread-1] INFO  server.RaftServerConfigKeys (ConfUtils.java:logGet(44)) - raft.server.log.use.memory = false (default)
2021-12-02 01:43:45,718 [pool-1501-thread-1] INFO  server.RaftServerConfigKeys (ConfUtils.java:logGet(44)) - raft.server.log.purge.gap = 1000000 (custom)
2021-12-02 01:43:45,719 [pool-1501-thread-1] INFO  server.RaftServerConfigKeys (ConfUtils.java:logGet(44)) - raft.server.log.appender.buffer.byte-limit = 33554432 (custom)
2021-12-02 01:43:45,719 [pool-1501-thread-1] INFO  server.RaftServerConfigKeys (ConfUtils.java:logGet(44)) - raft.server.log.segment.size.max = 4194304 (custom)
2021-12-02 01:43:45,720 [pool-1501-thread-1] INFO  server.RaftServerConfigKeys (ConfUtils.java:logGet(44)) - raft.server.log.segment.cache.num.max = 2 (custom)
2021-12-02 01:43:45,720 [pool-1501-thread-1] INFO  server.RaftServerConfigKeys (ConfUtils.java:logGet(44)) - raft.server.log.segment.cache.size.max = 200MB (=209715200) (default)
2021-12-02 01:43:45,720 [pool-1501-thread-1] INFO  segmented.SegmentedRaftLogWorker (SegmentedRaftLogWorker.java:<init>(182)) - new om1@group-C5BA1605619E-SegmentedRaftLogWorker for RaftStorageImpl:Storage Directory /home/runner/work/ozone/ozone/hadoop-ozone/integration-test/target/test-dir/MiniOzoneClusterImpl-f28e935a-48e2-46bd-a44c-46cb514c7b34/ozone-meta/ratis/bf265839-605b-3f16-9796-c5ba1605619e
2021-12-02 01:43:45,720 [pool-1501-thread-1] INFO  server.RaftServerConfigKeys (ConfUtils.java:logGet(44)) - raft.server.log.queue.byte-limit = 64MB (=67108864) (default)
2021-12-02 01:43:45,720 [pool-1501-thread-1] INFO  server.RaftServerConfigKeys (ConfUtils.java:logGet(44)) - raft.server.log.queue.element-limit = 4096 (default)
2021-12-02 01:43:45,720 [pool-1501-thread-1] INFO  server.RaftServerConfigKeys (ConfUtils.java:logGet(44)) - raft.server.log.segment.size.max = 4194304 (custom)
2021-12-02 01:43:45,720 [pool-1501-thread-1] INFO  server.RaftServerConfigKeys (ConfUtils.java:logGet(44)) - raft.server.log.preallocated.size = 4194304 (custom)
2021-12-02 01:43:45,720 [pool-1501-thread-1] INFO  server.RaftServerConfigKeys (ConfUtils.java:logGet(44)) - raft.server.log.force.sync.num = 128 (default)
2021-12-02 01:43:45,720 [pool-1501-thread-1] INFO  server.RaftServerConfigKeys (ConfUtils.java:logGet(44)) - raft.server.log.statemachine.data.sync = true (default)
2021-12-02 01:43:45,720 [pool-1501-thread-1] INFO  server.RaftServerConfigKeys (ConfUtils.java:logGet(44)) - raft.server.log.statemachine.data.sync.timeout = 10s (default)
2021-12-02 01:43:45,720 [pool-1501-thread-1] INFO  server.RaftServerConfigKeys (ConfUtils.java:logGet(44)) - raft.server.log.statemachine.data.sync.timeout.retry = -1 (default)
2021-12-02 01:43:45,733 [Listener at 127.0.0.1/43703] INFO  om.OzoneManager (OzoneManager.java:initFSOLayout(3786)) - Configured ozone.om.metadata.layout=SIMPLE and disabled optimized OM FS operations
2021-12-02 01:43:45,734 [pool-1501-thread-1] INFO  server.RaftServerConfigKeys (ConfUtils.java:logGet(44)) - raft.server.log.write.buffer.size = 64KB (=65536) (default)
2021-12-02 01:43:45,734 [pool-1501-thread-1] INFO  server.RaftServerConfigKeys (ConfUtils.java:logGet(44)) - raft.server.log.statemachine.data.caching.enabled = false (default)
2021-12-02 01:43:45,734 [Listener at 127.0.0.1/43703] INFO  impl.MetricsSystemImpl (MetricsSystemImpl.java:init(158)) - OzoneManager metrics system started (again)
2021-12-02 01:43:45,734 [pool-1501-thread-1] INFO  segmented.SegmentedRaftLogWorker (SegmentedRaftLogWorker.java:lambda$new$0(133)) - om1@group-C5BA1605619E-SegmentedRaftLogWorker: flushIndex: setUnconditionally 0 -> -1
2021-12-02 01:43:45,734 [pool-1501-thread-1] INFO  segmented.SegmentedRaftLogWorker (SegmentedRaftLogWorker.java:lambda$new$0(133)) - om1@group-C5BA1605619E-SegmentedRaftLogWorker: safeCacheEvictIndex: setUnconditionally 0 -> -1
2021-12-02 01:43:45,737 [pool-1501-thread-1] INFO  server.RaftServerConfigKeys (ConfUtils.java:logGet(44)) - raft.server.snapshot.auto.trigger.enabled = true (custom)
2021-12-02 01:43:45,737 [pool-1501-thread-1] INFO  server.RaftServerConfigKeys (ConfUtils.java:logGet(44)) - raft.server.snapshot.auto.trigger.threshold = 400000 (default)
2021-12-02 01:43:45,741 [pool-1501-thread-1] INFO  server.RaftServerConfigKeys (ConfUtils.java:logGet(44)) - raft.server.snapshot.retention.file.num = -1 (default)
2021-12-02 01:43:45,744 [pool-1501-thread-1] INFO  server.RaftServerConfigKeys (ConfUtils.java:logGet(44)) - raft.server.log.purge.upto.snapshot.index = true (custom)
2021-12-02 01:43:45,744 [pool-1501-thread-1] INFO  server.RaftServerConfigKeys (ConfUtils.java:logGet(44)) - raft.server.retrycache.expirytime = 300s (custom)
2021-12-02 01:43:45,744 [pool-1501-thread-1] INFO  server.RaftServerConfigKeys (ConfUtils.java:logGet(44)) - raft.server.retrycache.statistics.expirytime = 100μs (default)
2021-12-02 01:43:45,764 [Listener at 127.0.0.1/43703] INFO  om.OzoneManager (OzoneManager.java:start(1365)) - OzoneManager RPC server is listening at localhost/127.0.0.1:43703
2021-12-02 01:43:45,764 [Listener at 127.0.0.1/43703] INFO  ratis.OzoneManagerRatisServer (OzoneManagerRatisServer.java:start(516)) - Starting OzoneManagerRatisServer om1 at port 38087
2021-12-02 01:43:45,764 [Listener at 127.0.0.1/43703] INFO  server.RaftServer$Division (RaftServerImpl.java:start(301)) - om1@group-C5BA1605619E: start as a follower, conf=-1: [om1|rpc:localhost:38087|priority:0], old=null
2021-12-02 01:43:45,764 [Listener at 127.0.0.1/43703] INFO  server.RaftServer$Division (RaftServerImpl.java:setRole(290)) - om1@group-C5BA1605619E: changes role from      null to FOLLOWER at term 0 for startAsFollower
2021-12-02 01:43:45,765 [Listener at 127.0.0.1/43703] INFO  impl.RoleInfo (RoleInfo.java:updateAndGet(130)) - om1: start om1@group-C5BA1605619E-FollowerState
2021-12-02 01:43:45,769 [Listener at 127.0.0.1/43703] INFO  util.JmxRegister (JmxRegister.java:tryRegister(44)) - Successfully registered JMX Bean with object name Ratis:service=RaftServer,group=group-C5BA1605619E,id=om1
2021-12-02 01:43:45,782 [Listener at 127.0.0.1/43703] INFO  server.RaftServer (RaftServerProxy.java:lambda$start$5(374)) - om1: start RPC server
2021-12-02 01:43:45,797 [grpc-default-executor-0] WARN  server.GrpcLogAppender (LogUtils.java:warn(122)) - e0d25c1b-b502-41c3-a142-f82b5e97ff03@group-77077D228A21->7e03f375-d49a-42ab-b7b9-c2f67bc739a3-AppendLogResponseHandler: Failed appendEntries: org.apache.ratis.thirdparty.io.grpc.StatusRuntimeException: UNAVAILABLE: io exception
2021-12-02 01:43:45,798 [grpc-default-executor-0] WARN  server.GrpcLogAppender (GrpcLogAppender.java:resetClient(110)) - e0d25c1b-b502-41c3-a142-f82b5e97ff03@group-77077D228A21->7e03f375-d49a-42ab-b7b9-c2f67bc739a3-GrpcLogAppender: Leader has not got in touch with Follower e0d25c1b-b502-41c3-a142-f82b5e97ff03@group-77077D228A21->7e03f375-d49a-42ab-b7b9-c2f67bc739a3(c0,m0,n1, attendVote=true, lastRpcSendTime=0, lastRpcResponseTime=2527) yet, just keep nextIndex unchanged and retry.
2021-12-02 01:43:45,852 [Listener at 127.0.0.1/43703] INFO  server.GrpcService (GrpcService.java:startImpl(253)) - om1: GrpcService started, listening on 38087
2021-12-02 01:43:45,860 [Listener at 127.0.0.1/43703] INFO  om.OzoneManager (OzoneManager.java:start(1381)) - Version File has different layout version (0) than OM DB (null). That is expected if this OM has never been finalized to a newer layout version.
2021-12-02 01:43:45,860 [org.apache.ratis.util.JvmPauseMonitor$$Lambda$540/557107915@35da479d] INFO  util.JvmPauseMonitor (JvmPauseMonitor.java:run(103)) - JvmPauseMonitor-om1: Started
2021-12-02 01:43:45,929 [Listener at 127.0.0.1/43703] INFO  http.BaseHttpServer (BaseHttpServer.java:newHttpServer2BuilderForOzone(209)) - Starting Web-server for ozoneManager at: http://0.0.0.0:0
2021-12-02 01:43:45,929 [Listener at 127.0.0.1/43703] INFO  http.BaseHttpServer (BaseHttpServer.java:<init>(107)) - Hadoop Security Enabled: false Ozone Security Enabled: false Ozone HTTP Security Enabled: false 
2021-12-02 01:43:45,930 [Listener at 127.0.0.1/43703] INFO  server.AuthenticationFilter (AuthenticationFilter.java:constructSecretProvider(240)) - Unable to initialize FileSignerSecretProvider, falling back to use random secrets.
2021-12-02 01:43:45,931 [Listener at 127.0.0.1/43703] WARN  http.HttpRequestLog (HttpRequestLog.java:getRequestLog(103)) - Jetty request log can only be enabled using Log4j
2021-12-02 01:43:45,931 [Listener at 127.0.0.1/43703] INFO  http.HttpServer2 (HttpServer2.java:addGlobalFilter(1030)) - Added global filter 'safety' (class=org.apache.hadoop.hdds.server.http.HttpServer2$QuotingInputFilter)
2021-12-02 01:43:45,932 [Listener at 127.0.0.1/43703] INFO  http.HttpServer2 (HttpServer2.java:addFilter(1006)) - Added filter static_user_filter (class=org.apache.hadoop.http.lib.StaticUserWebFilter$StaticUserFilter) to context ozoneManager
2021-12-02 01:43:45,932 [Listener at 127.0.0.1/43703] INFO  http.HttpServer2 (HttpServer2.java:addFilter(1014)) - Added filter static_user_filter (class=org.apache.hadoop.http.lib.StaticUserWebFilter$StaticUserFilter) to context static
2021-12-02 01:43:45,932 [Listener at 127.0.0.1/43703] INFO  http.HttpServer2 (HttpServer2.java:addFilter(1014)) - Added filter static_user_filter (class=org.apache.hadoop.http.lib.StaticUserWebFilter$StaticUserFilter) to context logs
2021-12-02 01:43:45,932 [Listener at 127.0.0.1/43703] INFO  http.HttpServer2 (HttpServer2.java:bindListener(1249)) - Jetty bound to port 36257
2021-12-02 01:43:45,932 [Listener at 127.0.0.1/43703] INFO  server.Server (Server.java:doStart(375)) - jetty-9.4.43.v20210629; built: 2021-06-30T11:07:22.254Z; git: 526006ecfa3af7f1a27ef3a288e2bef7ea9dd7e8; jvm 1.8.0_292-b10
2021-12-02 01:43:45,933 [Listener at 127.0.0.1/43703] INFO  server.session (DefaultSessionIdManager.java:doStart(334)) - DefaultSessionIdManager workerName=node0
2021-12-02 01:43:45,933 [Listener at 127.0.0.1/43703] INFO  server.session (DefaultSessionIdManager.java:doStart(339)) - No SessionScavenger set, using defaults
2021-12-02 01:43:45,933 [Listener at 127.0.0.1/43703] INFO  server.session (HouseKeeper.java:startScavenging(132)) - node0 Scavenging every 600000ms
2021-12-02 01:43:45,949 [Listener at 127.0.0.1/43703] INFO  handler.ContextHandler (ContextHandler.java:doStart(915)) - Started o.e.j.s.ServletContextHandler@4a962bfa{logs,/logs,file:///home/runner/work/ozone/ozone/hadoop-ozone/integration-test/target/log,AVAILABLE}
2021-12-02 01:43:45,949 [Listener at 127.0.0.1/43703] INFO  handler.ContextHandler (ContextHandler.java:doStart(915)) - Started o.e.j.s.ServletContextHandler@3af5d452{static,/static,file:///home/runner/work/ozone/ozone/hadoop-ozone/integration-test/target/test-classes/webapps/static,AVAILABLE}
2021-12-02 01:43:45,951 [Listener at 127.0.0.1/43703] INFO  handler.ContextHandler (ContextHandler.java:doStart(915)) - Started o.e.j.w.WebAppContext@5bf6a7b3{ozoneManager,/,file:///home/runner/work/ozone/ozone/hadoop-ozone/integration-test/target/test-classes/webapps/ozoneManager/,AVAILABLE}{file:/home/runner/work/ozone/ozone/hadoop-ozone/integration-test/target/test-classes/webapps/ozoneManager}
2021-12-02 01:43:45,989 [Listener at 127.0.0.1/43703] INFO  server.AbstractConnector (AbstractConnector.java:doStart(331)) - Started ServerConnector@5c49d8b8{HTTP/1.1, (http/1.1)}{0.0.0.0:36257}
2021-12-02 01:43:45,989 [Listener at 127.0.0.1/43703] INFO  server.Server (Server.java:doStart(415)) - Started @274523ms
2021-12-02 01:43:45,989 [Listener at 127.0.0.1/43703] WARN  impl.MetricsSystemImpl (MetricsSystemImpl.java:register(279)) - Sink prometheus already exists!
2021-12-02 01:43:46,013 [Listener at 127.0.0.1/43703] INFO  http.BaseHttpServer (BaseHttpServer.java:updateConnectorAddress(329)) - HTTP server of ozoneManager listening at http://0.0.0.0:36257
2021-12-02 01:43:46,036 [IPC Server Responder] INFO  ipc.Server (Server.java:run(1507)) - IPC Server Responder: starting
2021-12-02 01:43:46,063 [IPC Server listener on 0] INFO  ipc.Server (Server.java:run(1344)) - IPC Server listener on 0: starting
2021-12-02 01:43:46,351 [Listener at 127.0.0.1/43703] INFO  om.OzoneManager (OzoneManager.java:startTrashEmptier(1729)) - Trash Interval set to 0. Files deleted will not move to trash
2021-12-02 01:43:46,365 [org.apache.hadoop.util.JvmPauseMonitor$Monitor@4a95710a] INFO  util.JvmPauseMonitor (JvmPauseMonitor.java:run(188)) - Starting JVM pause monitor
2021-12-02 01:43:46,397 [Listener at 127.0.0.1/43703] WARN  impl.MetricRegistriesImpl (MetricRegistriesImpl.java:addReporterRegistration(111)) - New reporters are added after registries were created. Some metrics will be missing from the reporter. Please add reporter before adding any new registry.
2021-12-02 01:43:46,398 [Listener at 127.0.0.1/43703] WARN  impl.MetricRegistriesImpl (MetricRegistriesImpl.java:addReporterRegistration(111)) - New reporters are added after registries were created. Some metrics will be missing from the reporter. Please add reporter before adding any new registry.
2021-12-02 01:43:46,398 [Listener at 127.0.0.1/43703] INFO  impl.MetricsSystemImpl (MetricsSystemImpl.java:init(158)) - HddsDatanode metrics system started (again)
2021-12-02 01:43:46,438 [Listener at 127.0.0.1/43703] INFO  ozone.HddsDatanodeService (HddsDatanodeService.java:start(234)) - HddsDatanodeService host:fv-az122-438.zf1tlrj3kn4expqppa1j4mpycf.xx.internal.cloudapp.net ip:10.1.0.43
2021-12-02 01:43:46,515 [Listener at 127.0.0.1/43703] INFO  upgrade.AbstractLayoutVersionManager (AbstractLayoutVersionManager.java:init(79)) - Initializing Layout version manager with metadata layout = INITIAL_VERSION (version = 0), software layout = SCM_HA (version = 2)
2021-12-02 01:43:46,727 [Listener at 127.0.0.1/43703] INFO  reflections.Reflections (Reflections.java:scan(232)) - Reflections took 192 ms to scan 7 urls, producing 119 keys and 279 values 
2021-12-02 01:43:46,728 [Listener at 127.0.0.1/43703] INFO  upgrade.HDDSLayoutVersionManager (HDDSLayoutVersionManager.java:lambda$registerUpgradeActions$0(76)) - Registering Upgrade Action : ScmHAUnfinalizedStateValidationAction
2021-12-02 01:43:46,730 [Listener at 127.0.0.1/43703] INFO  upgrade.HDDSLayoutVersionManager (HDDSLayoutVersionManager.java:lambda$registerUpgradeActions$0(76)) - Registering Upgrade Action : ScmHAFinalizeUpgradeActionDatanode
2021-12-02 01:43:46,730 [Listener at 127.0.0.1/43703] INFO  upgrade.HDDSLayoutVersionManager (HDDSLayoutVersionManager.java:lambda$registerUpgradeActions$0(76)) - Registering Upgrade Action : ScmOnFinalizeActionForDatanodeSchemaV2
2021-12-02 01:43:46,730 [Listener at 127.0.0.1/43703] INFO  upgrade.HDDSLayoutVersionManager (HDDSLayoutVersionManager.java:lambda$registerUpgradeActions$0(76)) - Registering Upgrade Action : DatanodeSchemaV2FinalizeAction
2021-12-02 01:43:46,730 [Listener at 127.0.0.1/43703] INFO  statemachine.DatanodeStateMachine (DatanodeStateMachine.java:getEndPointTaskThreadPoolSize(219)) - Datanode State Machine Task Thread Pool size 2
2021-12-02 01:43:46,747 [Listener at 127.0.0.1/43703] INFO  volume.HddsVolume (HddsVolume.java:<init>(120)) - Creating HddsVolume: /home/runner/work/ozone/ozone/hadoop-ozone/integration-test/target/test-dir/MiniOzoneClusterImpl-f28e935a-48e2-46bd-a44c-46cb514c7b34/datanode-0/data-0/containers/hdds of storage type : DISK capacity : 9223372036854775807
2021-12-02 01:43:46,747 [Listener at 127.0.0.1/43703] INFO  volume.MutableVolumeSet (MutableVolumeSet.java:initializeVolumeSet(168)) - Added Volume : /home/runner/work/ozone/ozone/hadoop-ozone/integration-test/target/test-dir/MiniOzoneClusterImpl-f28e935a-48e2-46bd-a44c-46cb514c7b34/datanode-0/data-0/containers/hdds to VolumeSet
2021-12-02 01:43:46,748 [Listener at 127.0.0.1/43703] INFO  volume.ThrottledAsyncChecker (ThrottledAsyncChecker.java:schedule(141)) - Scheduling a check for /home/runner/work/ozone/ozone/hadoop-ozone/integration-test/target/test-dir/MiniOzoneClusterImpl-f28e935a-48e2-46bd-a44c-46cb514c7b34/datanode-0/data-0/containers/hdds
2021-12-02 01:43:46,748 [Listener at 127.0.0.1/43703] INFO  volume.StorageVolumeChecker (StorageVolumeChecker.java:checkAllVolumes(202)) - Scheduled health check for volume /home/runner/work/ozone/ozone/hadoop-ozone/integration-test/target/test-dir/MiniOzoneClusterImpl-f28e935a-48e2-46bd-a44c-46cb514c7b34/datanode-0/data-0/containers/hdds
2021-12-02 01:43:46,791 [Listener at 127.0.0.1/43703] INFO  volume.MutableVolumeSet (MutableVolumeSet.java:initializeVolumeSet(168)) - Added Volume : /home/runner/work/ozone/ozone/hadoop-ozone/integration-test/target/test-dir/MiniOzoneClusterImpl-f28e935a-48e2-46bd-a44c-46cb514c7b34/datanode-0/data/ratis to VolumeSet
2021-12-02 01:43:46,797 [Listener at 127.0.0.1/43703] INFO  volume.ThrottledAsyncChecker (ThrottledAsyncChecker.java:schedule(141)) - Scheduling a check for /home/runner/work/ozone/ozone/hadoop-ozone/integration-test/target/test-dir/MiniOzoneClusterImpl-f28e935a-48e2-46bd-a44c-46cb514c7b34/datanode-0/data/ratis
2021-12-02 01:43:46,797 [Listener at 127.0.0.1/43703] INFO  volume.StorageVolumeChecker (StorageVolumeChecker.java:checkAllVolumes(202)) - Scheduled health check for volume /home/runner/work/ozone/ozone/hadoop-ozone/integration-test/target/test-dir/MiniOzoneClusterImpl-f28e935a-48e2-46bd-a44c-46cb514c7b34/datanode-0/data/ratis
2021-12-02 01:43:46,848 [Thread-3682] INFO  ozoneimpl.ContainerReader (ContainerReader.java:readVolume(172)) - Finish verifying containers on volume /home/runner/work/ozone/ozone/hadoop-ozone/integration-test/target/test-dir/MiniOzoneClusterImpl-f28e935a-48e2-46bd-a44c-46cb514c7b34/datanode-0/data-0/containers/hdds
2021-12-02 01:43:46,849 [Listener at 127.0.0.1/43703] INFO  ozoneimpl.OzoneContainer (OzoneContainer.java:buildContainerSet(236)) - Build ContainerSet costs 0s
2021-12-02 01:43:46,850 [Listener at 127.0.0.1/43703] INFO  server.RaftServer (ConfUtils.java:logGet(44)) - raft.rpc.type = GRPC (default)
2021-12-02 01:43:46,850 [Listener at 127.0.0.1/43703] INFO  grpc.GrpcFactory (GrpcFactory.java:checkPooledByteBufAllocatorUseCacheForAllThreads(48)) - PERFORMANCE WARNING: useCacheForAllThreads is true that may cause Netty to create a lot garbage objects and, as a result, trigger GC.
	It is recommended to disable useCacheForAllThreads by setting -Dorg.apache.ratis.thirdparty.io.netty.allocator.useCacheForAllThreads=false in command line.
2021-12-02 01:43:46,850 [Listener at 127.0.0.1/43703] INFO  grpc.GrpcConfigKeys (ConfUtils.java:logGet(44)) - raft.grpc.admin.port = 0 (custom)
2021-12-02 01:43:46,850 [Listener at 127.0.0.1/43703] INFO  grpc.GrpcConfigKeys (ConfUtils.java:logGet(44)) - raft.grpc.client.port = 0 (custom)
2021-12-02 01:43:46,851 [Listener at 127.0.0.1/43703] INFO  grpc.GrpcConfigKeys (ConfUtils.java:logGet(44)) - raft.grpc.server.port = 0 (default)
2021-12-02 01:43:46,851 [Listener at 127.0.0.1/43703] INFO  server.GrpcService (ConfUtils.java:logGet(44)) - raft.grpc.message.size.max = 32MB (=33554432) (custom)
2021-12-02 01:43:46,851 [Listener at 127.0.0.1/43703] INFO  server.RaftServerConfigKeys (ConfUtils.java:logGet(44)) - raft.server.log.appender.buffer.byte-limit = 33554432 (custom)
2021-12-02 01:43:46,851 [Listener at 127.0.0.1/43703] INFO  server.GrpcService (ConfUtils.java:logGet(44)) - raft.grpc.flow.control.window = 5MB (=5242880) (custom)
2021-12-02 01:43:46,851 [Listener at 127.0.0.1/43703] INFO  server.RaftServerConfigKeys (ConfUtils.java:logGet(44)) - raft.server.rpc.request.timeout = 60s (custom)
2021-12-02 01:43:46,852 [Listener at 127.0.0.1/43703] INFO  impl.DataStreamServerImpl (ConfUtils.java:logGet(44)) - raft.datastream.type = DISABLED (default)
2021-12-02 01:43:46,852 [Listener at 127.0.0.1/43703] INFO  server.RaftServerConfigKeys (ConfUtils.java:logGet(44)) - raft.server.rpc.slowness.timeout = 300s (custom)
2021-12-02 01:43:46,852 [Listener at 127.0.0.1/43703] INFO  server.RaftServerConfigKeys (ConfUtils.java:logGet(44)) - raft.server.leaderelection.leader.step-down.wait-time = 10s (default)
2021-12-02 01:43:46,855 [Listener at 127.0.0.1/43703] INFO  server.RaftServerConfigKeys (ConfUtils.java:logGet(44)) - raft.server.storage.dir = [/home/runner/work/ozone/ozone/hadoop-ozone/integration-test/target/test-dir/MiniOzoneClusterImpl-f28e935a-48e2-46bd-a44c-46cb514c7b34/datanode-0/data/ratis] (custom)
2021-12-02 01:43:46,917 [Listener at 127.0.0.1/43703] INFO  http.BaseHttpServer (BaseHttpServer.java:newHttpServer2BuilderForOzone(209)) - Starting Web-server for hddsDatanode at: http://0.0.0.0:0
2021-12-02 01:43:46,917 [Listener at 127.0.0.1/43703] INFO  http.BaseHttpServer (BaseHttpServer.java:<init>(107)) - Hadoop Security Enabled: false Ozone Security Enabled: false Ozone HTTP Security Enabled: false 
2021-12-02 01:43:46,918 [Listener at 127.0.0.1/43703] INFO  server.AuthenticationFilter (AuthenticationFilter.java:constructSecretProvider(240)) - Unable to initialize FileSignerSecretProvider, falling back to use random secrets.
2021-12-02 01:43:46,920 [Listener at 127.0.0.1/43703] WARN  http.HttpRequestLog (HttpRequestLog.java:getRequestLog(103)) - Jetty request log can only be enabled using Log4j
2021-12-02 01:43:46,921 [Listener at 127.0.0.1/43703] INFO  http.HttpServer2 (HttpServer2.java:addGlobalFilter(1030)) - Added global filter 'safety' (class=org.apache.hadoop.hdds.server.http.HttpServer2$QuotingInputFilter)
2021-12-02 01:43:46,921 [Listener at 127.0.0.1/43703] INFO  http.HttpServer2 (HttpServer2.java:addFilter(1006)) - Added filter static_user_filter (class=org.apache.hadoop.http.lib.StaticUserWebFilter$StaticUserFilter) to context hddsDatanode
2021-12-02 01:43:46,922 [Listener at 127.0.0.1/43703] INFO  http.HttpServer2 (HttpServer2.java:addFilter(1014)) - Added filter static_user_filter (class=org.apache.hadoop.http.lib.StaticUserWebFilter$StaticUserFilter) to context static
2021-12-02 01:43:46,922 [Listener at 127.0.0.1/43703] INFO  http.HttpServer2 (HttpServer2.java:addFilter(1014)) - Added filter static_user_filter (class=org.apache.hadoop.http.lib.StaticUserWebFilter$StaticUserFilter) to context logs
2021-12-02 01:43:46,922 [Listener at 127.0.0.1/43703] INFO  http.HttpServer2 (HttpServer2.java:bindListener(1249)) - Jetty bound to port 42303
2021-12-02 01:43:46,922 [Listener at 127.0.0.1/43703] INFO  server.Server (Server.java:doStart(375)) - jetty-9.4.43.v20210629; built: 2021-06-30T11:07:22.254Z; git: 526006ecfa3af7f1a27ef3a288e2bef7ea9dd7e8; jvm 1.8.0_292-b10
2021-12-02 01:43:46,936 [om1@group-C5BA1605619E-FollowerState] INFO  impl.FollowerState (FollowerState.java:run(134)) - om1@group-C5BA1605619E-FollowerState: change to CANDIDATE, lastRpcElapsedTime:1171034328ns, electionTimeout:1165ms
2021-12-02 01:43:46,936 [om1@group-C5BA1605619E-FollowerState] INFO  impl.RoleInfo (RoleInfo.java:shutdownFollowerState(108)) - om1: shutdown om1@group-C5BA1605619E-FollowerState
2021-12-02 01:43:46,936 [om1@group-C5BA1605619E-FollowerState] INFO  server.RaftServer$Division (RaftServerImpl.java:setRole(290)) - om1@group-C5BA1605619E: changes role from  FOLLOWER to CANDIDATE at term 0 for changeToCandidate
2021-12-02 01:43:47,008 [om1@group-C5BA1605619E-FollowerState] INFO  server.RaftServerConfigKeys (ConfUtils.java:logGet(44)) - raft.server.leaderelection.pre-vote = false (custom)
2021-12-02 01:43:47,008 [om1@group-C5BA1605619E-FollowerState] INFO  impl.RoleInfo (RoleInfo.java:updateAndGet(130)) - om1: start om1@group-C5BA1605619E-LeaderElection153
2021-12-02 01:43:47,058 [om1@group-C5BA1605619E-LeaderElection153] INFO  impl.LeaderElection (LeaderElection.java:askForVotes(306)) - om1@group-C5BA1605619E-LeaderElection153 ELECTION round 0: submit vote requests at term 1 for -1: [om1|rpc:localhost:38087|priority:0], old=null
2021-12-02 01:43:47,058 [om1@group-C5BA1605619E-LeaderElection153] INFO  impl.LeaderElection (LeaderElection.java:askForVotes(308)) - om1@group-C5BA1605619E-LeaderElection153 ELECTION round 0: result PASSED (term=1)
2021-12-02 01:43:47,058 [om1@group-C5BA1605619E-LeaderElection153] INFO  impl.RoleInfo (RoleInfo.java:shutdownLeaderElection(121)) - om1: shutdown om1@group-C5BA1605619E-LeaderElection153
2021-12-02 01:43:47,058 [om1@group-C5BA1605619E-LeaderElection153] INFO  server.RaftServer$Division (RaftServerImpl.java:setRole(290)) - om1@group-C5BA1605619E: changes role from CANDIDATE to LEADER at term 1 for changeToLeader
2021-12-02 01:43:47,058 [om1@group-C5BA1605619E-LeaderElection153] INFO  server.RaftServer$Division (ServerState.java:setLeader(285)) - om1@group-C5BA1605619E: change Leader from null to om1 at term 1 for becomeLeader, leader elected after 1339ms
2021-12-02 01:43:47,058 [om1@group-C5BA1605619E-LeaderElection153] INFO  server.RaftServerConfigKeys (ConfUtils.java:logGet(44)) - raft.server.staging.catchup.gap = 1000 (default)
2021-12-02 01:43:47,146 [Listener at 127.0.0.1/43703] INFO  server.session (DefaultSessionIdManager.java:doStart(334)) - DefaultSessionIdManager workerName=node0
2021-12-02 01:43:47,146 [Listener at 127.0.0.1/43703] INFO  server.session (DefaultSessionIdManager.java:doStart(339)) - No SessionScavenger set, using defaults
2021-12-02 01:43:47,147 [Listener at 127.0.0.1/43703] INFO  server.session (HouseKeeper.java:startScavenging(132)) - node0 Scavenging every 600000ms
2021-12-02 01:43:47,161 [Listener at 127.0.0.1/43703] INFO  handler.ContextHandler (ContextHandler.java:doStart(915)) - Started o.e.j.s.ServletContextHandler@e7ff043{logs,/logs,file:///home/runner/work/ozone/ozone/hadoop-ozone/integration-test/target/log,AVAILABLE}
2021-12-02 01:43:47,162 [Listener at 127.0.0.1/43703] INFO  handler.ContextHandler (ContextHandler.java:doStart(915)) - Started o.e.j.s.ServletContextHandler@6a1c03e5{static,/static,jar:file:/home/runner/.m2/repository/org/apache/ozone/hdds-container-service/1.3.0-SNAPSHOT/hdds-container-service-1.3.0-SNAPSHOT.jar!/webapps/static,AVAILABLE}
2021-12-02 01:43:47,163 [om1@group-C5BA1605619E-LeaderElection153] INFO  server.RaftServerConfigKeys (ConfUtils.java:logGet(44)) - raft.server.write.element-limit = 4096 (default)
2021-12-02 01:43:47,163 [om1@group-C5BA1605619E-LeaderElection153] INFO  server.RaftServerConfigKeys (ConfUtils.java:logGet(44)) - raft.server.write.byte-limit = 64MB (=67108864) (default)
2021-12-02 01:43:47,164 [om1@group-C5BA1605619E-LeaderElection153] INFO  server.RaftServerConfigKeys (ConfUtils.java:logGet(44)) - raft.server.watch.timeout = 10s (default)
2021-12-02 01:43:47,164 [om1@group-C5BA1605619E-LeaderElection153] INFO  server.RaftServerConfigKeys (ConfUtils.java:logGet(44)) - raft.server.watch.timeout.denomination = 1s (default)
2021-12-02 01:43:47,164 [om1@group-C5BA1605619E-LeaderElection153] INFO  server.RaftServerConfigKeys (ConfUtils.java:logGet(44)) - raft.server.watch.element-limit = 65536 (default)
2021-12-02 01:43:47,164 [om1@group-C5BA1605619E-LeaderElection153] INFO  server.RaftServerConfigKeys (ConfUtils.java:logGet(44)) - raft.server.write.element-limit = 4096 (default)
2021-12-02 01:43:47,164 [om1@group-C5BA1605619E-LeaderElection153] INFO  server.RaftServerConfigKeys (ConfUtils.java:logGet(44)) - raft.server.write.follower.gap.ratio.max = -1.0 (default)
2021-12-02 01:43:47,164 [om1@group-C5BA1605619E-LeaderElection153] INFO  impl.RoleInfo (RoleInfo.java:updateAndGet(130)) - om1: start om1@group-C5BA1605619E-LeaderStateImpl
2021-12-02 01:43:47,164 [om1@group-C5BA1605619E-LeaderElection153] INFO  segmented.SegmentedRaftLogWorker (SegmentedRaftLogWorker.java:startLogSegment(394)) - om1@group-C5BA1605619E-SegmentedRaftLogWorker: Starting segment from index:0
2021-12-02 01:43:47,175 [om1@group-C5BA1605619E-SegmentedRaftLogWorker] INFO  segmented.SegmentedRaftLogWorker (SegmentedRaftLogWorker.java:execute(601)) - om1@group-C5BA1605619E-SegmentedRaftLogWorker: created new log segment /home/runner/work/ozone/ozone/hadoop-ozone/integration-test/target/test-dir/MiniOzoneClusterImpl-f28e935a-48e2-46bd-a44c-46cb514c7b34/ozone-meta/ratis/bf265839-605b-3f16-9796-c5ba1605619e/current/log_inprogress_0
2021-12-02 01:43:47,198 [om1@group-C5BA1605619E-LeaderElection153] INFO  server.RaftServer$Division (ServerState.java:setRaftConf(387)) - om1@group-C5BA1605619E: set configuration 0: [om1|rpc:localhost:38087|admin:|client:|dataStream:|priority:0], old=null
2021-12-02 01:43:47,238 [om1@group-C5BA1605619E-StateMachineUpdater] INFO  ratis.OzoneManagerStateMachine (OzoneManagerStateMachine.java:notifyConfigurationChanged(188)) - Received Configuration change notification from Ratis. New Peer list:
[id: "om1"
address: "localhost:38087"
]
2021-12-02 01:43:47,323 [Listener at 127.0.0.1/43703] INFO  handler.ContextHandler (ContextHandler.java:doStart(915)) - Started o.e.j.w.WebAppContext@6fcaebcf{hddsDatanode,/,file:///tmp/jetty-0_0_0_0-42303-hdds-container-service-1_3_0-SNAPSHOT_jar-_-any-1598984321592649490/webapp/,AVAILABLE}{jar:file:/home/runner/.m2/repository/org/apache/ozone/hdds-container-service/1.3.0-SNAPSHOT/hdds-container-service-1.3.0-SNAPSHOT.jar!/webapps/hddsDatanode}
2021-12-02 01:43:47,402 [Listener at 127.0.0.1/43703] INFO  server.AbstractConnector (AbstractConnector.java:doStart(331)) - Started ServerConnector@135f6f2f{HTTP/1.1, (http/1.1)}{0.0.0.0:42303}
2021-12-02 01:43:47,403 [Listener at 127.0.0.1/43703] INFO  server.Server (Server.java:doStart(415)) - Started @275937ms
2021-12-02 01:43:47,403 [Listener at 127.0.0.1/43703] WARN  impl.MetricsSystemImpl (MetricsSystemImpl.java:register(279)) - Sink prometheus already exists!
2021-12-02 01:43:47,428 [Listener at 127.0.0.1/43703] INFO  http.BaseHttpServer (BaseHttpServer.java:updateConnectorAddress(329)) - HTTP server of hddsDatanode listening at http://0.0.0.0:42303
2021-12-02 01:43:47,431 [Listener at 127.0.0.1/43703] WARN  impl.MetricRegistriesImpl (MetricRegistriesImpl.java:addReporterRegistration(111)) - New reporters are added after registries were created. Some metrics will be missing from the reporter. Please add reporter before adding any new registry.
2021-12-02 01:43:47,431 [Listener at 127.0.0.1/43703] WARN  impl.MetricRegistriesImpl (MetricRegistriesImpl.java:addReporterRegistration(111)) - New reporters are added after registries were created. Some metrics will be missing from the reporter. Please add reporter before adding any new registry.
2021-12-02 01:43:47,431 [Listener at 127.0.0.1/43703] INFO  impl.MetricsSystemImpl (MetricsSystemImpl.java:init(158)) - HddsDatanode metrics system started (again)
2021-12-02 01:43:47,468 [Datanode State Machine Daemon Thread] INFO  statemachine.DatanodeStateMachine (DatanodeStateMachine.java:lambda$startDaemon$0(467)) - Ozone container server started.
2021-12-02 01:43:47,512 [Listener at 127.0.0.1/43703] INFO  ozone.HddsDatanodeService (HddsDatanodeService.java:start(234)) - HddsDatanodeService host:fv-az122-438.zf1tlrj3kn4expqppa1j4mpycf.xx.internal.cloudapp.net ip:10.1.0.43
2021-12-02 01:43:47,515 [Datanode State Machine Daemon Thread] INFO  upgrade.UpgradeFinalizer (BasicUpgradeFinalizer.java:runPrefinalizeStateActions(235)) - Running pre-finalized state validations for unfinalized layout features.
2021-12-02 01:43:47,515 [Datanode State Machine Daemon Thread] INFO  upgrade.UpgradeFinalizer (BasicUpgradeFinalizer.java:runPrefinalizeStateActions(248)) - Running first upgrade commands for unfinalized layout features.
2021-12-02 01:43:47,518 [org.apache.hadoop.util.JvmPauseMonitor$Monitor@76e5f78f] INFO  util.JvmPauseMonitor (JvmPauseMonitor.java:run(188)) - Starting JVM pause monitor
2021-12-02 01:43:47,566 [Datanode State Machine Task Thread - 0] INFO  datanode.InitDatanodeState (InitDatanodeState.java:persistContainerDatanodeDetails(145)) - DatanodeDetails is persisted to /home/runner/work/ozone/ozone/hadoop-ozone/integration-test/target/test-dir/MiniOzoneClusterImpl-f28e935a-48e2-46bd-a44c-46cb514c7b34/datanode-0/meta/datanode.id
2021-12-02 01:43:47,607 [Listener at 127.0.0.1/43703] INFO  upgrade.AbstractLayoutVersionManager (AbstractLayoutVersionManager.java:init(79)) - Initializing Layout version manager with metadata layout = INITIAL_VERSION (version = 0), software layout = SCM_HA (version = 2)
2021-12-02 01:43:47,771 [Listener at 127.0.0.1/43703] INFO  reflections.Reflections (Reflections.java:scan(232)) - Reflections took 163 ms to scan 7 urls, producing 119 keys and 279 values 
2021-12-02 01:43:47,776 [Listener at 127.0.0.1/43703] INFO  upgrade.HDDSLayoutVersionManager (HDDSLayoutVersionManager.java:lambda$registerUpgradeActions$0(76)) - Registering Upgrade Action : ScmHAUnfinalizedStateValidationAction
2021-12-02 01:43:47,777 [Listener at 127.0.0.1/43703] INFO  upgrade.HDDSLayoutVersionManager (HDDSLayoutVersionManager.java:lambda$registerUpgradeActions$0(76)) - Registering Upgrade Action : ScmHAFinalizeUpgradeActionDatanode
2021-12-02 01:43:47,777 [Listener at 127.0.0.1/43703] INFO  upgrade.HDDSLayoutVersionManager (HDDSLayoutVersionManager.java:lambda$registerUpgradeActions$0(76)) - Registering Upgrade Action : ScmOnFinalizeActionForDatanodeSchemaV2
2021-12-02 01:43:47,777 [Listener at 127.0.0.1/43703] INFO  upgrade.HDDSLayoutVersionManager (HDDSLayoutVersionManager.java:lambda$registerUpgradeActions$0(76)) - Registering Upgrade Action : DatanodeSchemaV2FinalizeAction
2021-12-02 01:43:47,777 [Listener at 127.0.0.1/43703] INFO  statemachine.DatanodeStateMachine (DatanodeStateMachine.java:getEndPointTaskThreadPoolSize(219)) - Datanode State Machine Task Thread Pool size 2
2021-12-02 01:43:47,778 [Listener at 127.0.0.1/43703] INFO  volume.HddsVolume (HddsVolume.java:<init>(120)) - Creating HddsVolume: /home/runner/work/ozone/ozone/hadoop-ozone/integration-test/target/test-dir/MiniOzoneClusterImpl-f28e935a-48e2-46bd-a44c-46cb514c7b34/datanode-1/data-0/containers/hdds of storage type : DISK capacity : 9223372036854775807
2021-12-02 01:43:47,778 [Listener at 127.0.0.1/43703] INFO  volume.MutableVolumeSet (MutableVolumeSet.java:initializeVolumeSet(168)) - Added Volume : /home/runner/work/ozone/ozone/hadoop-ozone/integration-test/target/test-dir/MiniOzoneClusterImpl-f28e935a-48e2-46bd-a44c-46cb514c7b34/datanode-1/data-0/containers/hdds to VolumeSet
2021-12-02 01:43:47,778 [Listener at 127.0.0.1/43703] INFO  volume.ThrottledAsyncChecker (ThrottledAsyncChecker.java:schedule(141)) - Scheduling a check for /home/runner/work/ozone/ozone/hadoop-ozone/integration-test/target/test-dir/MiniOzoneClusterImpl-f28e935a-48e2-46bd-a44c-46cb514c7b34/datanode-1/data-0/containers/hdds
2021-12-02 01:43:47,779 [Listener at 127.0.0.1/43703] INFO  volume.StorageVolumeChecker (StorageVolumeChecker.java:checkAllVolumes(202)) - Scheduled health check for volume /home/runner/work/ozone/ozone/hadoop-ozone/integration-test/target/test-dir/MiniOzoneClusterImpl-f28e935a-48e2-46bd-a44c-46cb514c7b34/datanode-1/data-0/containers/hdds
2021-12-02 01:43:47,848 [Listener at 127.0.0.1/43703] INFO  volume.MutableVolumeSet (MutableVolumeSet.java:initializeVolumeSet(168)) - Added Volume : /home/runner/work/ozone/ozone/hadoop-ozone/integration-test/target/test-dir/MiniOzoneClusterImpl-f28e935a-48e2-46bd-a44c-46cb514c7b34/datanode-1/data/ratis to VolumeSet
2021-12-02 01:43:47,848 [Listener at 127.0.0.1/43703] INFO  volume.ThrottledAsyncChecker (ThrottledAsyncChecker.java:schedule(141)) - Scheduling a check for /home/runner/work/ozone/ozone/hadoop-ozone/integration-test/target/test-dir/MiniOzoneClusterImpl-f28e935a-48e2-46bd-a44c-46cb514c7b34/datanode-1/data/ratis
2021-12-02 01:43:47,848 [Listener at 127.0.0.1/43703] INFO  volume.StorageVolumeChecker (StorageVolumeChecker.java:checkAllVolumes(202)) - Scheduled health check for volume /home/runner/work/ozone/ozone/hadoop-ozone/integration-test/target/test-dir/MiniOzoneClusterImpl-f28e935a-48e2-46bd-a44c-46cb514c7b34/datanode-1/data/ratis
2021-12-02 01:43:47,985 [Thread-3696] INFO  ozoneimpl.ContainerReader (ContainerReader.java:readVolume(172)) - Finish verifying containers on volume /home/runner/work/ozone/ozone/hadoop-ozone/integration-test/target/test-dir/MiniOzoneClusterImpl-f28e935a-48e2-46bd-a44c-46cb514c7b34/datanode-1/data-0/containers/hdds
2021-12-02 01:43:47,985 [Listener at 127.0.0.1/43703] INFO  ozoneimpl.OzoneContainer (OzoneContainer.java:buildContainerSet(236)) - Build ContainerSet costs 0s
2021-12-02 01:43:48,013 [Listener at 127.0.0.1/43703] INFO  server.RaftServer (ConfUtils.java:logGet(44)) - raft.rpc.type = GRPC (default)
2021-12-02 01:43:48,013 [Listener at 127.0.0.1/43703] INFO  grpc.GrpcFactory (GrpcFactory.java:checkPooledByteBufAllocatorUseCacheForAllThreads(48)) - PERFORMANCE WARNING: useCacheForAllThreads is true that may cause Netty to create a lot garbage objects and, as a result, trigger GC.
	It is recommended to disable useCacheForAllThreads by setting -Dorg.apache.ratis.thirdparty.io.netty.allocator.useCacheForAllThreads=false in command line.
2021-12-02 01:43:48,013 [Listener at 127.0.0.1/43703] INFO  grpc.GrpcConfigKeys (ConfUtils.java:logGet(44)) - raft.grpc.admin.port = 0 (custom)
2021-12-02 01:43:48,013 [Listener at 127.0.0.1/43703] INFO  grpc.GrpcConfigKeys (ConfUtils.java:logGet(44)) - raft.grpc.client.port = 0 (custom)
2021-12-02 01:43:48,013 [Listener at 127.0.0.1/43703] INFO  grpc.GrpcConfigKeys (ConfUtils.java:logGet(44)) - raft.grpc.server.port = 0 (default)
2021-12-02 01:43:48,013 [Listener at 127.0.0.1/43703] INFO  server.GrpcService (ConfUtils.java:logGet(44)) - raft.grpc.message.size.max = 32MB (=33554432) (custom)
2021-12-02 01:43:48,013 [Listener at 127.0.0.1/43703] INFO  server.RaftServerConfigKeys (ConfUtils.java:logGet(44)) - raft.server.log.appender.buffer.byte-limit = 33554432 (custom)
2021-12-02 01:43:48,013 [Listener at 127.0.0.1/43703] INFO  server.GrpcService (ConfUtils.java:logGet(44)) - raft.grpc.flow.control.window = 5MB (=5242880) (custom)
2021-12-02 01:43:48,013 [Listener at 127.0.0.1/43703] INFO  server.RaftServerConfigKeys (ConfUtils.java:logGet(44)) - raft.server.rpc.request.timeout = 60s (custom)
2021-12-02 01:43:48,050 [Listener at 127.0.0.1/43703] INFO  impl.DataStreamServerImpl (ConfUtils.java:logGet(44)) - raft.datastream.type = DISABLED (default)
2021-12-02 01:43:48,051 [Listener at 127.0.0.1/43703] INFO  server.RaftServerConfigKeys (ConfUtils.java:logGet(44)) - raft.server.rpc.slowness.timeout = 300s (custom)
2021-12-02 01:43:48,051 [Listener at 127.0.0.1/43703] INFO  server.RaftServerConfigKeys (ConfUtils.java:logGet(44)) - raft.server.leaderelection.leader.step-down.wait-time = 10s (default)
2021-12-02 01:43:48,051 [Listener at 127.0.0.1/43703] INFO  server.RaftServerConfigKeys (ConfUtils.java:logGet(44)) - raft.server.storage.dir = [/home/runner/work/ozone/ozone/hadoop-ozone/integration-test/target/test-dir/MiniOzoneClusterImpl-f28e935a-48e2-46bd-a44c-46cb514c7b34/datanode-1/data/ratis] (custom)
2021-12-02 01:43:48,086 [Listener at 127.0.0.1/43703] INFO  http.BaseHttpServer (BaseHttpServer.java:newHttpServer2BuilderForOzone(209)) - Starting Web-server for hddsDatanode at: http://0.0.0.0:0
2021-12-02 01:43:48,086 [Listener at 127.0.0.1/43703] INFO  http.BaseHttpServer (BaseHttpServer.java:<init>(107)) - Hadoop Security Enabled: false Ozone Security Enabled: false Ozone HTTP Security Enabled: false 
2021-12-02 01:43:48,088 [Listener at 127.0.0.1/43703] INFO  server.AuthenticationFilter (AuthenticationFilter.java:constructSecretProvider(240)) - Unable to initialize FileSignerSecretProvider, falling back to use random secrets.
2021-12-02 01:43:48,092 [Listener at 127.0.0.1/43703] WARN  http.HttpRequestLog (HttpRequestLog.java:getRequestLog(103)) - Jetty request log can only be enabled using Log4j
2021-12-02 01:43:48,125 [Listener at 127.0.0.1/43703] INFO  http.HttpServer2 (HttpServer2.java:addGlobalFilter(1030)) - Added global filter 'safety' (class=org.apache.hadoop.hdds.server.http.HttpServer2$QuotingInputFilter)
2021-12-02 01:43:48,150 [Listener at 127.0.0.1/43703] INFO  http.HttpServer2 (HttpServer2.java:addFilter(1006)) - Added filter static_user_filter (class=org.apache.hadoop.http.lib.StaticUserWebFilter$StaticUserFilter) to context hddsDatanode
2021-12-02 01:43:48,150 [Listener at 127.0.0.1/43703] INFO  http.HttpServer2 (HttpServer2.java:addFilter(1014)) - Added filter static_user_filter (class=org.apache.hadoop.http.lib.StaticUserWebFilter$StaticUserFilter) to context logs
2021-12-02 01:43:48,150 [Listener at 127.0.0.1/43703] INFO  http.HttpServer2 (HttpServer2.java:addFilter(1014)) - Added filter static_user_filter (class=org.apache.hadoop.http.lib.StaticUserWebFilter$StaticUserFilter) to context static
2021-12-02 01:43:48,151 [Listener at 127.0.0.1/43703] INFO  http.HttpServer2 (HttpServer2.java:bindListener(1249)) - Jetty bound to port 46223
2021-12-02 01:43:48,151 [Listener at 127.0.0.1/43703] INFO  server.Server (Server.java:doStart(375)) - jetty-9.4.43.v20210629; built: 2021-06-30T11:07:22.254Z; git: 526006ecfa3af7f1a27ef3a288e2bef7ea9dd7e8; jvm 1.8.0_292-b10
2021-12-02 01:43:48,205 [Listener at 127.0.0.1/43703] INFO  server.session (DefaultSessionIdManager.java:doStart(334)) - DefaultSessionIdManager workerName=node0
2021-12-02 01:43:48,205 [Listener at 127.0.0.1/43703] INFO  server.session (DefaultSessionIdManager.java:doStart(339)) - No SessionScavenger set, using defaults
2021-12-02 01:43:48,205 [Listener at 127.0.0.1/43703] INFO  server.session (HouseKeeper.java:startScavenging(132)) - node0 Scavenging every 600000ms
2021-12-02 01:43:48,209 [Listener at 127.0.0.1/43703] INFO  handler.ContextHandler (ContextHandler.java:doStart(915)) - Started o.e.j.s.ServletContextHandler@57801af7{logs,/logs,file:///home/runner/work/ozone/ozone/hadoop-ozone/integration-test/target/log,AVAILABLE}
2021-12-02 01:43:48,210 [Listener at 127.0.0.1/43703] INFO  handler.ContextHandler (ContextHandler.java:doStart(915)) - Started o.e.j.s.ServletContextHandler@6bbc6a24{static,/static,jar:file:/home/runner/.m2/repository/org/apache/ozone/hdds-container-service/1.3.0-SNAPSHOT/hdds-container-service-1.3.0-SNAPSHOT.jar!/webapps/static,AVAILABLE}
2021-12-02 01:43:48,302 [Listener at 127.0.0.1/43703] INFO  handler.ContextHandler (ContextHandler.java:doStart(915)) - Started o.e.j.w.WebAppContext@61352285{hddsDatanode,/,file:///tmp/jetty-0_0_0_0-46223-hdds-container-service-1_3_0-SNAPSHOT_jar-_-any-2803668585132245343/webapp/,AVAILABLE}{jar:file:/home/runner/.m2/repository/org/apache/ozone/hdds-container-service/1.3.0-SNAPSHOT/hdds-container-service-1.3.0-SNAPSHOT.jar!/webapps/hddsDatanode}
2021-12-02 01:43:48,303 [grpc-default-executor-0] WARN  server.GrpcLogAppender (LogUtils.java:warn(122)) - e0d25c1b-b502-41c3-a142-f82b5e97ff03@group-77077D228A21->7e03f375-d49a-42ab-b7b9-c2f67bc739a3-AppendLogResponseHandler: Failed appendEntries: org.apache.ratis.thirdparty.io.grpc.StatusRuntimeException: UNAVAILABLE: io exception
2021-12-02 01:43:48,303 [grpc-default-executor-0] WARN  server.GrpcLogAppender (GrpcLogAppender.java:resetClient(110)) - e0d25c1b-b502-41c3-a142-f82b5e97ff03@group-77077D228A21->7e03f375-d49a-42ab-b7b9-c2f67bc739a3-GrpcLogAppender: Leader has not got in touch with Follower e0d25c1b-b502-41c3-a142-f82b5e97ff03@group-77077D228A21->7e03f375-d49a-42ab-b7b9-c2f67bc739a3(c0,m0,n1, attendVote=true, lastRpcSendTime=2506, lastRpcResponseTime=5033) yet, just keep nextIndex unchanged and retry.
2021-12-02 01:43:48,345 [Listener at 127.0.0.1/43703] INFO  server.AbstractConnector (AbstractConnector.java:doStart(331)) - Started ServerConnector@54ac4122{HTTP/1.1, (http/1.1)}{0.0.0.0:46223}
2021-12-02 01:43:48,346 [Listener at 127.0.0.1/43703] INFO  server.Server (Server.java:doStart(415)) - Started @276879ms
2021-12-02 01:43:48,346 [Listener at 127.0.0.1/43703] WARN  impl.MetricsSystemImpl (MetricsSystemImpl.java:register(279)) - Sink prometheus already exists!
2021-12-02 01:43:48,346 [Listener at 127.0.0.1/43703] INFO  http.BaseHttpServer (BaseHttpServer.java:updateConnectorAddress(329)) - HTTP server of hddsDatanode listening at http://0.0.0.0:46223
2021-12-02 01:43:48,347 [Listener at 127.0.0.1/43703] WARN  impl.MetricRegistriesImpl (MetricRegistriesImpl.java:addReporterRegistration(111)) - New reporters are added after registries were created. Some metrics will be missing from the reporter. Please add reporter before adding any new registry.
2021-12-02 01:43:48,347 [Listener at 127.0.0.1/43703] WARN  impl.MetricRegistriesImpl (MetricRegistriesImpl.java:addReporterRegistration(111)) - New reporters are added after registries were created. Some metrics will be missing from the reporter. Please add reporter before adding any new registry.
2021-12-02 01:43:48,347 [Listener at 127.0.0.1/43703] INFO  impl.MetricsSystemImpl (MetricsSystemImpl.java:init(158)) - HddsDatanode metrics system started (again)
2021-12-02 01:43:48,353 [Datanode State Machine Daemon Thread] INFO  statemachine.DatanodeStateMachine (DatanodeStateMachine.java:lambda$startDaemon$0(467)) - Ozone container server started.
2021-12-02 01:43:48,416 [Datanode State Machine Daemon Thread] INFO  upgrade.UpgradeFinalizer (BasicUpgradeFinalizer.java:runPrefinalizeStateActions(235)) - Running pre-finalized state validations for unfinalized layout features.
2021-12-02 01:43:48,416 [Datanode State Machine Daemon Thread] INFO  upgrade.UpgradeFinalizer (BasicUpgradeFinalizer.java:runPrefinalizeStateActions(248)) - Running first upgrade commands for unfinalized layout features.
2021-12-02 01:43:48,420 [org.apache.hadoop.util.JvmPauseMonitor$Monitor@5cd68646] INFO  util.JvmPauseMonitor (JvmPauseMonitor.java:run(188)) - Starting JVM pause monitor
2021-12-02 01:43:48,448 [Listener at 127.0.0.1/43703] INFO  ozone.HddsDatanodeService (HddsDatanodeService.java:start(234)) - HddsDatanodeService host:fv-az122-438.zf1tlrj3kn4expqppa1j4mpycf.xx.internal.cloudapp.net ip:10.1.0.43
2021-12-02 01:43:48,461 [Datanode State Machine Task Thread - 0] INFO  datanode.InitDatanodeState (InitDatanodeState.java:persistContainerDatanodeDetails(145)) - DatanodeDetails is persisted to /home/runner/work/ozone/ozone/hadoop-ozone/integration-test/target/test-dir/MiniOzoneClusterImpl-f28e935a-48e2-46bd-a44c-46cb514c7b34/datanode-1/meta/datanode.id
2021-12-02 01:43:48,486 [Time-limited test] INFO  statemachine.DatanodeStateMachine (DatanodeStateMachine.java:stopDaemon(526)) - Ozone container server stopped.
2021-12-02 01:43:48,540 [Time-limited test] INFO  handler.ContextHandler (ContextHandler.java:doStop(1153)) - Stopped o.e.j.w.WebAppContext@fdbfb18{hddsDatanode,/,null,STOPPED}{jar:file:/home/runner/.m2/repository/org/apache/ozone/hdds-container-service/1.3.0-SNAPSHOT/hdds-container-service-1.3.0-SNAPSHOT.jar!/webapps/hddsDatanode}
2021-12-02 01:43:48,558 [Time-limited test] INFO  server.AbstractConnector (AbstractConnector.java:doStop(381)) - Stopped ServerConnector@679ac621{HTTP/1.1, (http/1.1)}{0.0.0.0:0}
2021-12-02 01:43:48,558 [Time-limited test] INFO  server.session (HouseKeeper.java:stopScavenging(149)) - node0 Stopped scavenging
2021-12-02 01:43:48,562 [Time-limited test] INFO  handler.ContextHandler (ContextHandler.java:doStop(1153)) - Stopped o.e.j.s.ServletContextHandler@4038df2b{static,/static,jar:file:/home/runner/.m2/repository/org/apache/ozone/hdds-container-service/1.3.0-SNAPSHOT/hdds-container-service-1.3.0-SNAPSHOT.jar!/webapps/static,STOPPED}
2021-12-02 01:43:48,597 [Time-limited test] INFO  handler.ContextHandler (ContextHandler.java:doStop(1153)) - Stopped o.e.j.s.ServletContextHandler@4fa1adc2{logs,/logs,file:///home/runner/work/ozone/ozone/hadoop-ozone/integration-test/target/log,STOPPED}
2021-12-02 01:43:48,615 [Time-limited test] WARN  impl.MetricRegistriesImpl (MetricRegistriesImpl.java:addReporterRegistration(111)) - New reporters are added after registries were created. Some metrics will be missing from the reporter. Please add reporter before adding any new registry.
2021-12-02 01:43:48,615 [Time-limited test] WARN  impl.MetricRegistriesImpl (MetricRegistriesImpl.java:addReporterRegistration(111)) - New reporters are added after registries were created. Some metrics will be missing from the reporter. Please add reporter before adding any new registry.
2021-12-02 01:43:48,616 [Time-limited test] INFO  impl.MetricsSystemImpl (MetricsSystemImpl.java:init(158)) - HddsDatanode metrics system started (again)
2021-12-02 01:43:48,639 [Listener at 127.0.0.1/43703] INFO  upgrade.AbstractLayoutVersionManager (AbstractLayoutVersionManager.java:init(79)) - Initializing Layout version manager with metadata layout = INITIAL_VERSION (version = 0), software layout = SCM_HA (version = 2)
2021-12-02 01:43:48,672 [Time-limited test] INFO  ozone.HddsDatanodeService (HddsDatanodeService.java:start(234)) - HddsDatanodeService host:fv-az122-438.zf1tlrj3kn4expqppa1j4mpycf.xx.internal.cloudapp.net ip:10.1.0.43
2021-12-02 01:43:48,738 [Time-limited test] INFO  upgrade.AbstractLayoutVersionManager (AbstractLayoutVersionManager.java:init(79)) - Initializing Layout version manager with metadata layout = SCM_HA (version = 2), software layout = SCM_HA (version = 2)
2021-12-02 01:43:48,929 [Time-limited test] INFO  upgrade.TestHDDSUpgrade (TestHDDSUpgrade.java:injectDataNodeFailureDuringSCMUpgrade(553)) - DataNode Restarts Failed!
2021-12-02 01:43:48,929 [Time-limited test] INFO  upgrade.UpgradeFinalizer (BasicUpgradeFinalizer.java:logAndEmit(342)) - Finalization is done.
2021-12-02 01:43:48,929 [Time-limited test] INFO  upgrade.TestHDDSUpgrade (TestHDDSUpgrade.java:testPostUpgradeConditionsSCM(259)) - testPostUpgradeConditionsSCM: container state is CLOSED
2021-12-02 01:43:48,929 [Time-limited test] INFO  upgrade.TestHDDSUpgrade (TestHDDSUpgrade.java:testPostUpgradeConditionsSCM(259)) - testPostUpgradeConditionsSCM: container state is CLOSED
2021-12-02 01:43:48,971 [Listener at 127.0.0.1/43703] INFO  reflections.Reflections (Reflections.java:scan(232)) - Reflections took 331 ms to scan 7 urls, producing 119 keys and 279 values 
2021-12-02 01:43:48,972 [Listener at 127.0.0.1/43703] INFO  upgrade.HDDSLayoutVersionManager (HDDSLayoutVersionManager.java:lambda$registerUpgradeActions$0(76)) - Registering Upgrade Action : ScmHAUnfinalizedStateValidationAction
2021-12-02 01:43:48,974 [Listener at 127.0.0.1/43703] INFO  upgrade.HDDSLayoutVersionManager (HDDSLayoutVersionManager.java:lambda$registerUpgradeActions$0(76)) - Registering Upgrade Action : ScmHAFinalizeUpgradeActionDatanode
2021-12-02 01:43:48,974 [Listener at 127.0.0.1/43703] INFO  upgrade.HDDSLayoutVersionManager (HDDSLayoutVersionManager.java:lambda$registerUpgradeActions$0(76)) - Registering Upgrade Action : ScmOnFinalizeActionForDatanodeSchemaV2
2021-12-02 01:43:48,974 [Listener at 127.0.0.1/43703] INFO  upgrade.HDDSLayoutVersionManager (HDDSLayoutVersionManager.java:lambda$registerUpgradeActions$0(76)) - Registering Upgrade Action : DatanodeSchemaV2FinalizeAction
2021-12-02 01:43:48,974 [Listener at 127.0.0.1/43703] INFO  statemachine.DatanodeStateMachine (DatanodeStateMachine.java:getEndPointTaskThreadPoolSize(219)) - Datanode State Machine Task Thread Pool size 2
2021-12-02 01:43:48,975 [Listener at 127.0.0.1/43703] INFO  volume.HddsVolume (HddsVolume.java:<init>(120)) - Creating HddsVolume: /home/runner/work/ozone/ozone/hadoop-ozone/integration-test/target/test-dir/MiniOzoneClusterImpl-f28e935a-48e2-46bd-a44c-46cb514c7b34/datanode-2/data-0/containers/hdds of storage type : DISK capacity : 9223372036854775807
2021-12-02 01:43:48,976 [Listener at 127.0.0.1/43703] INFO  volume.MutableVolumeSet (MutableVolumeSet.java:initializeVolumeSet(168)) - Added Volume : /home/runner/work/ozone/ozone/hadoop-ozone/integration-test/target/test-dir/MiniOzoneClusterImpl-f28e935a-48e2-46bd-a44c-46cb514c7b34/datanode-2/data-0/containers/hdds to VolumeSet
2021-12-02 01:43:48,976 [Listener at 127.0.0.1/43703] INFO  volume.ThrottledAsyncChecker (ThrottledAsyncChecker.java:schedule(141)) - Scheduling a check for /home/runner/work/ozone/ozone/hadoop-ozone/integration-test/target/test-dir/MiniOzoneClusterImpl-f28e935a-48e2-46bd-a44c-46cb514c7b34/datanode-2/data-0/containers/hdds
2021-12-02 01:43:48,976 [Listener at 127.0.0.1/43703] INFO  volume.StorageVolumeChecker (StorageVolumeChecker.java:checkAllVolumes(202)) - Scheduled health check for volume /home/runner/work/ozone/ozone/hadoop-ozone/integration-test/target/test-dir/MiniOzoneClusterImpl-f28e935a-48e2-46bd-a44c-46cb514c7b34/datanode-2/data-0/containers/hdds
2021-12-02 01:43:49,034 [Mini-Cluster-Provider-Reap] INFO  ozone.MiniOzoneClusterImpl (MiniOzoneClusterImpl.java:shutdown(453)) - Shutting down the Mini Ozone Cluster
2021-12-02 01:43:49,034 [Mini-Cluster-Provider-Reap] INFO  ozone.MiniOzoneClusterImpl (MiniOzoneClusterImpl.java:stop(468)) - Stopping the Mini Ozone Cluster
2021-12-02 01:43:49,034 [Mini-Cluster-Provider-Reap] INFO  ozone.MiniOzoneClusterImpl (MiniOzoneClusterImpl.java:stopOM(550)) - Stopping the OzoneManager
2021-12-02 01:43:49,034 [Mini-Cluster-Provider-Reap] INFO  om.OzoneManager (OzoneManager.java:stop(1830)) - om1[localhost:0]: Stopping Ozone Manager
2021-12-02 01:43:49,037 [Mini-Cluster-Provider-Reap] INFO  ipc.Server (Server.java:stop(3414)) - Stopping server on 36225
2021-12-02 01:43:49,050 [IPC Server Responder] INFO  ipc.Server (Server.java:run(1512)) - Stopping IPC Server Responder
2021-12-02 01:43:49,050 [IPC Server listener on 0] INFO  ipc.Server (Server.java:run(1376)) - Stopping IPC Server listener on 0
2021-12-02 01:43:49,051 [Mini-Cluster-Provider-Reap] INFO  server.RaftServer (RaftServerProxy.java:lambda$close$6(391)) - om1: close
2021-12-02 01:43:49,055 [Mini-Cluster-Provider-Reap] INFO  server.RaftServer$Division (RaftServerImpl.java:lambda$close$4(412)) - om1@group-C5BA1605619E: shutdown
2021-12-02 01:43:49,056 [Mini-Cluster-Provider-Reap] INFO  util.JmxRegister (JmxRegister.java:unregister(73)) - Successfully un-registered JMX Bean with object name Ratis:service=RaftServer,group=group-C5BA1605619E,id="om1"
2021-12-02 01:43:49,056 [Mini-Cluster-Provider-Reap] INFO  impl.RoleInfo (RoleInfo.java:shutdownLeaderState(91)) - om1: shutdown om1@group-C5BA1605619E-LeaderStateImpl
2021-12-02 01:43:49,056 [Mini-Cluster-Provider-Reap] INFO  impl.PendingRequests (PendingRequests.java:sendNotLeaderResponses(282)) - om1@group-C5BA1605619E-PendingRequests: sendNotLeaderResponses
2021-12-02 01:43:49,061 [Mini-Cluster-Provider-Reap] INFO  impl.StateMachineUpdater (StateMachineUpdater.java:stopAndJoin(149)) - om1@group-C5BA1605619E-StateMachineUpdater: set stopIndex = 8
2021-12-02 01:43:49,061 [om1@group-C5BA1605619E-StateMachineUpdater] INFO  ratis.OzoneManagerStateMachine (OzoneManagerStateMachine.java:takeSnapshot(417)) - Current Snapshot Index (t:1, i:8)
2021-12-02 01:43:49,062 [om1@group-C5BA1605619E-StateMachineUpdater] INFO  impl.StateMachineUpdater (StateMachineUpdater.java:takeSnapshot(281)) - om1@group-C5BA1605619E-StateMachineUpdater: Took a snapshot at index 8
2021-12-02 01:43:49,062 [om1@group-C5BA1605619E-StateMachineUpdater] INFO  impl.StateMachineUpdater (StateMachineUpdater.java:lambda$new$0(89)) - om1@group-C5BA1605619E-StateMachineUpdater: snapshotIndex: updateIncreasingly -1 -> 8
2021-12-02 01:43:49,062 [om1@group-C5BA1605619E-StateMachineUpdater] INFO  ratis.OzoneManagerStateMachine (OzoneManagerStateMachine.java:close(471)) - StateMachine has shutdown. Shutdown OzoneManager if not already shutdown.
2021-12-02 01:43:49,062 [Mini-Cluster-Provider-Reap] INFO  server.RaftServer$Division (ServerState.java:close(419)) - om1@group-C5BA1605619E: closes. applyIndex: 8
2021-12-02 01:43:49,062 [om1@group-C5BA1605619E-SegmentedRaftLogWorker] INFO  segmented.SegmentedRaftLogWorker (SegmentedRaftLogWorker.java:run(327)) - om1@group-C5BA1605619E-SegmentedRaftLogWorker was interrupted, exiting. There are 0 tasks remaining in the queue.
2021-12-02 01:43:49,063 [Mini-Cluster-Provider-Reap] INFO  segmented.SegmentedRaftLogWorker (SegmentedRaftLogWorker.java:close(237)) - om1@group-C5BA1605619E-SegmentedRaftLogWorker close()
2021-12-02 01:43:49,063 [Mini-Cluster-Provider-Reap] INFO  server.GrpcService (GrpcService.java:closeImpl(262)) - om1: shutdown server with port 46175 now
2021-12-02 01:43:49,067 [Mini-Cluster-Provider-Reap] INFO  server.GrpcService (GrpcService.java:closeImpl(271)) - om1: shutdown server with port 46175 successfully
2021-12-02 01:43:49,067 [org.apache.ratis.util.JvmPauseMonitor$$Lambda$540/557107915@22ce689a] INFO  util.JvmPauseMonitor (JvmPauseMonitor.java:run(109)) - JvmPauseMonitor-om1: Stopped
2021-12-02 01:43:49,067 [Mini-Cluster-Provider-Reap] INFO  ratis.OzoneManagerDoubleBuffer (OzoneManagerDoubleBuffer.java:stop(437)) - Stopping OMDoubleBuffer flush thread
2021-12-02 01:43:49,067 [OMDoubleBufferFlushThread] INFO  ratis.OzoneManagerDoubleBuffer (OzoneManagerDoubleBuffer.java:flushTransactions(356)) - OMDoubleBuffer flush thread OMDoubleBufferFlushThread is interrupted and will exit. OMDoubleBufferFlushThread
2021-12-02 01:43:49,068 [Mini-Cluster-Provider-Reap] INFO  utils.BackgroundService (BackgroundService.java:shutdown(132)) - Shutting down service KeyDeletingService
2021-12-02 01:43:49,069 [Mini-Cluster-Provider-Reap] INFO  utils.BackgroundService (BackgroundService.java:shutdown(132)) - Shutting down service DirectoryDeletingService
2021-12-02 01:43:49,074 [Mini-Cluster-Provider-Reap] INFO  handler.ContextHandler (ContextHandler.java:doStop(1153)) - Stopped o.e.j.w.WebAppContext@8cab664{ozoneManager,/,null,STOPPED}{file:/home/runner/work/ozone/ozone/hadoop-ozone/integration-test/target/test-classes/webapps/ozoneManager}
2021-12-02 01:43:49,118 [Mini-Cluster-Provider-Reap] INFO  server.AbstractConnector (AbstractConnector.java:doStop(381)) - Stopped ServerConnector@39729898{HTTP/1.1, (http/1.1)}{0.0.0.0:0}
2021-12-02 01:43:49,118 [Mini-Cluster-Provider-Reap] INFO  server.session (HouseKeeper.java:stopScavenging(149)) - node0 Stopped scavenging
2021-12-02 01:43:49,127 [Mini-Cluster-Provider-Reap] INFO  handler.ContextHandler (ContextHandler.java:doStop(1153)) - Stopped o.e.j.s.ServletContextHandler@15e50f3b{static,/static,file:///home/runner/work/ozone/ozone/hadoop-ozone/integration-test/target/test-classes/webapps/static,STOPPED}
2021-12-02 01:43:49,134 [Mini-Cluster-Provider-Reap] INFO  handler.ContextHandler (ContextHandler.java:doStop(1153)) - Stopped o.e.j.s.ServletContextHandler@772eab7c{logs,/logs,file:///home/runner/work/ozone/ozone/hadoop-ozone/integration-test/target/log,STOPPED}
2021-12-02 01:43:49,162 [Listener at 127.0.0.1/43703] INFO  volume.MutableVolumeSet (MutableVolumeSet.java:initializeVolumeSet(168)) - Added Volume : /home/runner/work/ozone/ozone/hadoop-ozone/integration-test/target/test-dir/MiniOzoneClusterImpl-f28e935a-48e2-46bd-a44c-46cb514c7b34/datanode-2/data/ratis to VolumeSet
2021-12-02 01:43:49,162 [Listener at 127.0.0.1/43703] INFO  volume.ThrottledAsyncChecker (ThrottledAsyncChecker.java:schedule(141)) - Scheduling a check for /home/runner/work/ozone/ozone/hadoop-ozone/integration-test/target/test-dir/MiniOzoneClusterImpl-f28e935a-48e2-46bd-a44c-46cb514c7b34/datanode-2/data/ratis
2021-12-02 01:43:49,163 [Listener at 127.0.0.1/43703] INFO  volume.StorageVolumeChecker (StorageVolumeChecker.java:checkAllVolumes(202)) - Scheduled health check for volume /home/runner/work/ozone/ozone/hadoop-ozone/integration-test/target/test-dir/MiniOzoneClusterImpl-f28e935a-48e2-46bd-a44c-46cb514c7b34/datanode-2/data/ratis
]]></system-out>
  </testcase>
  <testcase name="testFinalizationFromInitialVersionToLatestVersion" classname="org.apache.hadoop.hdds.upgrade.TestHDDSUpgrade" time="36.253"/>
</testsuite>