<?xml version="1.0" encoding="UTF-8"?>
<testsuite xmlns:xsi="http://www.w3.org/2001/XMLSchema-instance" xsi:noNamespaceSchemaLocation="https://maven.apache.org/surefire/maven-surefire-plugin/xsd/surefire-test-report.xsd" name="org.apache.hadoop.ozone.client.rpc.TestDeleteWithSlowFollower" time="150.838" tests="1" errors="0" skipped="0" failures="1">
  <properties>
    <property name="awt.toolkit" value="sun.awt.X11.XToolkit"/>
    <property name="file.encoding.pkg" value="sun.io"/>
    <property name="java.specification.version" value="1.8"/>
    <property name="sun.cpu.isalist" value=""/>
    <property name="sun.jnu.encoding" value="ANSI_X3.4-1968"/>
    <property name="java.class.path" value="/github/workspace/mnt/ozone/hadoop-ozone/integration-test/target/test-classes:/github/workspace/mnt/ozone/hadoop-ozone/integration-test/target/classes:/home/user/.m2/repository/org/apache/hadoop/hadoop-ozone-common/1.1.0-SNAPSHOT/hadoop-ozone-common-1.1.0-SNAPSHOT.jar:/home/user/.m2/repository/org/apache/commons/commons-compress/1.4.1/commons-compress-1.4.1.jar:/home/user/.m2/repository/org/tukaani/xz/1.0/xz-1.0.jar:/home/user/.m2/repository/org/apache/hadoop/hadoop-hdds-common/1.1.0-SNAPSHOT/hadoop-hdds-common-1.1.0-SNAPSHOT.jar:/home/user/.m2/repository/org/apache/hadoop/hadoop-hdds-hadoop-dependency-client/1.1.0-SNAPSHOT/hadoop-hdds-hadoop-dependency-client-1.1.0-SNAPSHOT.jar:/home/user/.m2/repository/info/picocli/picocli/4.4.0/picocli-4.4.0.jar:/home/user/.m2/repository/com/fasterxml/jackson/core/jackson-annotations/2.10.3/jackson-annotations-2.10.3.jar:/home/user/.m2/repository/javax/annotation/javax.annotation-api/1.2/javax.annotation-api-1.2.jar:/home/user/.m2/repository/org/apache/ratis/ratis-server/1.1.0-913f5a4-SNAPSHOT/ratis-server-1.1.0-913f5a4-SNAPSHOT.jar:/home/user/.m2/repository/org/apache/ratis/ratis-client/1.1.0-913f5a4-SNAPSHOT/ratis-client-1.1.0-913f5a4-SNAPSHOT.jar:/home/user/.m2/repository/org/apache/ratis/ratis-metrics/1.1.0-913f5a4-SNAPSHOT/ratis-metrics-1.1.0-913f5a4-SNAPSHOT.jar:/home/user/.m2/repository/org/apache/ratis/ratis-netty/1.1.0-913f5a4-SNAPSHOT/ratis-netty-1.1.0-913f5a4-SNAPSHOT.jar:/home/user/.m2/repository/org/apache/ratis/ratis-grpc/1.1.0-913f5a4-SNAPSHOT/ratis-grpc-1.1.0-913f5a4-SNAPSHOT.jar:/home/user/.m2/repository/org/apache/logging/log4j/log4j-api/2.13.3/log4j-api-2.13.3.jar:/home/user/.m2/repository/org/apache/logging/log4j/log4j-core/2.13.3/log4j-core-2.13.3.jar:/home/user/.m2/repository/com/lmax/disruptor/3.4.2/disruptor-3.4.2.jar:/home/user/.m2/repository/org/apache/commons/commons-pool2/2.6.0/commons-pool2-2.6.0.jar:/home/user/.m2/repository/org/bouncycastle/bcpkix-jdk15on/1.60/bcpkix-jdk15on-1.60.jar:/home/user/.m2/repository/commons-validator/commons-validator/1.6/commons-validator-1.6.jar:/home/user/.m2/repository/commons-digester/commons-digester/1.8.1/commons-digester-1.8.1.jar:/home/user/.m2/repository/io/jaegertracing/jaeger-client/1.2.0/jaeger-client-1.2.0.jar:/home/user/.m2/repository/io/jaegertracing/jaeger-thrift/1.2.0/jaeger-thrift-1.2.0.jar:/home/user/.m2/repository/org/apache/thrift/libthrift/0.13.0/libthrift-0.13.0.jar:/home/user/.m2/repository/com/squareup/okhttp3/okhttp/4.2.2/okhttp-4.2.2.jar:/home/user/.m2/repository/com/squareup/okio/okio/2.2.2/okio-2.2.2.jar:/home/user/.m2/repository/org/jetbrains/kotlin/kotlin-stdlib/1.3.50/kotlin-stdlib-1.3.50.jar:/home/user/.m2/repository/org/jetbrains/kotlin/kotlin-stdlib-common/1.3.50/kotlin-stdlib-common-1.3.50.jar:/home/user/.m2/repository/org/jetbrains/annotations/13.0/annotations-13.0.jar:/home/user/.m2/repository/io/jaegertracing/jaeger-core/1.2.0/jaeger-core-1.2.0.jar:/home/user/.m2/repository/io/jaegertracing/jaeger-tracerresolver/1.2.0/jaeger-tracerresolver-1.2.0.jar:/home/user/.m2/repository/io/opentracing/contrib/opentracing-tracerresolver/0.1.8/opentracing-tracerresolver-0.1.8.jar:/home/user/.m2/repository/io/opentracing/opentracing-util/0.33.0/opentracing-util-0.33.0.jar:/home/user/.m2/repository/io/opentracing/opentracing-api/0.33.0/opentracing-api-0.33.0.jar:/home/user/.m2/repository/io/opentracing/opentracing-noop/0.33.0/opentracing-noop-0.33.0.jar:/home/user/.m2/repository/org/apache/hadoop/hadoop-hdds-client/1.1.0-SNAPSHOT/hadoop-hdds-client-1.1.0-SNAPSHOT.jar:/home/user/.m2/repository/org/apache/hadoop/hadoop-ozone-interface-client/1.1.0-SNAPSHOT/hadoop-ozone-interface-client-1.1.0-SNAPSHOT.jar:/home/user/.m2/repository/org/apache/hadoop/hadoop-hdds-test-utils/1.1.0-SNAPSHOT/hadoop-hdds-test-utils-1.1.0-SNAPSHOT.jar:/home/user/.m2/repository/com/google/guava/guava/28.2-jre/guava-28.2-jre.jar:/home/user/.m2/repository/com/google/guava/failureaccess/1.0.1/failureaccess-1.0.1.jar:/home/user/.m2/repository/com/google/guava/listenablefuture/9999.0-empty-to-avoid-conflict-with-guava/listenablefuture-9999.0-empty-to-avoid-conflict-with-guava.jar:/home/user/.m2/repository/com/google/code/findbugs/jsr305/3.0.0/jsr305-3.0.0.jar:/home/user/.m2/repository/org/checkerframework/checker-qual/2.10.0/checker-qual-2.10.0.jar:/home/user/.m2/repository/com/google/errorprone/error_prone_annotations/2.2.0/error_prone_annotations-2.2.0.jar:/home/user/.m2/repository/com/google/j2objc/j2objc-annotations/1.3/j2objc-annotations-1.3.jar:/home/user/.m2/repository/commons-io/commons-io/2.5/commons-io-2.5.jar:/home/user/.m2/repository/commons-logging/commons-logging/1.2/commons-logging-1.2.jar:/home/user/.m2/repository/log4j/log4j/1.2.17/log4j-1.2.17.jar:/home/user/.m2/repository/org/slf4j/slf4j-api/1.7.25/slf4j-api-1.7.25.jar:/home/user/.m2/repository/org/apache/hadoop/hadoop-hdds-server-scm/1.1.0-SNAPSHOT/hadoop-hdds-server-scm-1.1.0-SNAPSHOT.jar:/home/user/.m2/repository/org/apache/hadoop/hadoop-hdds-container-service/1.1.0-SNAPSHOT/hadoop-hdds-container-service-1.1.0-SNAPSHOT.jar:/home/user/.m2/repository/org/apache/hadoop/hadoop-hdds-hadoop-dependency-server/1.1.0-SNAPSHOT/hadoop-hdds-hadoop-dependency-server-1.1.0-SNAPSHOT.jar:/home/user/.m2/repository/org/apache/hadoop/hadoop-hdds-server-framework/1.1.0-SNAPSHOT/hadoop-hdds-server-framework-1.1.0-SNAPSHOT.jar:/home/user/.m2/repository/org/apache/hadoop/hadoop-hdds-interface-server/1.1.0-SNAPSHOT/hadoop-hdds-interface-server-1.1.0-SNAPSHOT.jar:/home/user/.m2/repository/org/apache/hadoop/hadoop-hdds-interface-admin/1.1.0-SNAPSHOT/hadoop-hdds-interface-admin-1.1.0-SNAPSHOT.jar:/home/user/.m2/repository/org/rocksdb/rocksdbjni/6.8.1/rocksdbjni-6.8.1.jar:/home/user/.m2/repository/io/prometheus/simpleclient_dropwizard/0.7.0/simpleclient_dropwizard-0.7.0.jar:/home/user/.m2/repository/io/prometheus/simpleclient/0.7.0/simpleclient-0.7.0.jar:/home/user/.m2/repository/io/prometheus/simpleclient_common/0.7.0/simpleclient_common-0.7.0.jar:/home/user/.m2/repository/com/fasterxml/jackson/datatype/jackson-datatype-jsr310/2.10.3/jackson-datatype-jsr310-2.10.3.jar:/home/user/.m2/repository/io/dropwizard/metrics/metrics-core/3.2.4/metrics-core-3.2.4.jar:/home/user/.m2/repository/org/apache/hadoop/hadoop-hdfs-client/3.2.1/hadoop-hdfs-client-3.2.1.jar:/home/user/.m2/repository/org/bouncycastle/bcprov-jdk15on/1.60/bcprov-jdk15on-1.60.jar:/home/user/.m2/repository/org/apache/hadoop/hadoop-ozone-ozone-manager/1.1.0-SNAPSHOT/hadoop-ozone-ozone-manager-1.1.0-SNAPSHOT.jar:/home/user/.m2/repository/org/apache/hadoop/hadoop-hdds-interface-client/1.1.0-SNAPSHOT/hadoop-hdds-interface-client-1.1.0-SNAPSHOT.jar:/home/user/.m2/repository/org/apache/ratis/ratis-thirdparty-misc/0.6.0-SNAPSHOT/ratis-thirdparty-misc-0.6.0-SNAPSHOT.jar:/home/user/.m2/repository/org/apache/hadoop/hadoop-ozone-interface-storage/1.1.0-SNAPSHOT/hadoop-ozone-interface-storage-1.1.0-SNAPSHOT.jar:/home/user/.m2/repository/org/apache/hadoop/hadoop-minikdc/3.2.1/hadoop-minikdc-3.2.1.jar:/home/user/.m2/repository/org/apache/kerby/kerb-simplekdc/1.0.1/kerb-simplekdc-1.0.1.jar:/home/user/.m2/repository/org/apache/kerby/kerb-client/1.0.1/kerb-client-1.0.1.jar:/home/user/.m2/repository/org/apache/kerby/kerby-config/1.0.1/kerby-config-1.0.1.jar:/home/user/.m2/repository/org/apache/kerby/kerb-core/1.0.1/kerb-core-1.0.1.jar:/home/user/.m2/repository/org/apache/kerby/kerby-pkix/1.0.1/kerby-pkix-1.0.1.jar:/home/user/.m2/repository/org/apache/kerby/kerby-asn1/1.0.1/kerby-asn1-1.0.1.jar:/home/user/.m2/repository/org/apache/kerby/kerby-util/1.0.1/kerby-util-1.0.1.jar:/home/user/.m2/repository/org/apache/kerby/kerb-common/1.0.1/kerb-common-1.0.1.jar:/home/user/.m2/repository/org/apache/kerby/kerb-crypto/1.0.1/kerb-crypto-1.0.1.jar:/home/user/.m2/repository/org/apache/kerby/kerb-util/1.0.1/kerb-util-1.0.1.jar:/home/user/.m2/repository/org/apache/kerby/token-provider/1.0.1/token-provider-1.0.1.jar:/home/user/.m2/repository/org/apache/kerby/kerb-admin/1.0.1/kerb-admin-1.0.1.jar:/home/user/.m2/repository/org/apache/kerby/kerb-server/1.0.1/kerb-server-1.0.1.jar:/home/user/.m2/repository/org/apache/kerby/kerb-identity/1.0.1/kerb-identity-1.0.1.jar:/home/user/.m2/repository/org/apache/kerby/kerby-xdr/1.0.1/kerby-xdr-1.0.1.jar:/home/user/.m2/repository/org/slf4j/slf4j-log4j12/1.7.25/slf4j-log4j12-1.7.25.jar:/home/user/.m2/repository/org/apache/hadoop/hadoop-ozone-s3gateway/1.1.0-SNAPSHOT/hadoop-ozone-s3gateway-1.1.0-SNAPSHOT.jar:/home/user/.m2/repository/org/jboss/weld/servlet/weld-servlet/2.4.7.Final/weld-servlet-2.4.7.Final.jar:/home/user/.m2/repository/org/glassfish/jersey/containers/jersey-container-servlet-core/2.27/jersey-container-servlet-core-2.27.jar:/home/user/.m2/repository/org/glassfish/hk2/external/javax.inject/2.5.0-b42/javax.inject-2.5.0-b42.jar:/home/user/.m2/repository/org/glassfish/jersey/core/jersey-common/2.27/jersey-common-2.27.jar:/home/user/.m2/repository/org/glassfish/hk2/osgi-resource-locator/1.0.1/osgi-resource-locator-1.0.1.jar:/home/user/.m2/repository/javax/ws/rs/javax.ws.rs-api/2.1/javax.ws.rs-api-2.1.jar:/home/user/.m2/repository/org/glassfish/jersey/ext/cdi/jersey-cdi1x/2.27/jersey-cdi1x-2.27.jar:/home/user/.m2/repository/org/glassfish/jersey/inject/jersey-hk2/2.27/jersey-hk2-2.27.jar:/home/user/.m2/repository/org/glassfish/hk2/hk2-locator/2.5.0-b42/hk2-locator-2.5.0-b42.jar:/home/user/.m2/repository/org/javassist/javassist/3.22.0-CR2/javassist-3.22.0-CR2.jar:/home/user/.m2/repository/org/glassfish/hk2/hk2-api/2.5.0/hk2-api-2.5.0.jar:/home/user/.m2/repository/org/glassfish/hk2/external/jakarta.inject/2.5.0/jakarta.inject-2.5.0.jar:/home/user/.m2/repository/org/glassfish/hk2/hk2-utils/2.5.0/hk2-utils-2.5.0.jar:/home/user/.m2/repository/jakarta/annotation/jakarta.annotation-api/1.3.4/jakarta.annotation-api-1.3.4.jar:/home/user/.m2/repository/org/glassfish/hk2/external/aopalliance-repackaged/2.5.0/aopalliance-repackaged-2.5.0.jar:/home/user/.m2/repository/com/fasterxml/jackson/dataformat/jackson-dataformat-xml/2.10.3/jackson-dataformat-xml-2.10.3.jar:/home/user/.m2/repository/com/fasterxml/jackson/core/jackson-core/2.10.3/jackson-core-2.10.3.jar:/home/user/.m2/repository/com/fasterxml/jackson/module/jackson-module-jaxb-annotations/2.10.3/jackson-module-jaxb-annotations-2.10.3.jar:/home/user/.m2/repository/jakarta/xml/bind/jakarta.xml.bind-api/2.3.2/jakarta.xml.bind-api-2.3.2.jar:/home/user/.m2/repository/jakarta/activation/jakarta.activation-api/1.2.1/jakarta.activation-api-1.2.1.jar:/home/user/.m2/repository/org/codehaus/woodstox/stax2-api/3.1.4/stax2-api-3.1.4.jar:/home/user/.m2/repository/com/fasterxml/woodstox/woodstox-core/5.0.3/woodstox-core-5.0.3.jar:/home/user/.m2/repository/javax/enterprise/cdi-api/1.2/cdi-api-1.2.jar:/home/user/.m2/repository/javax/el/javax.el-api/3.0.0/javax.el-api-3.0.0.jar:/home/user/.m2/repository/javax/interceptor/javax.interceptor-api/1.2/javax.interceptor-api-1.2.jar:/home/user/.m2/repository/javax/inject/javax.inject/1/javax.inject-1.jar:/home/user/.m2/repository/com/sun/xml/bind/jaxb-impl/2.3.0.1/jaxb-impl-2.3.0.1.jar:/home/user/.m2/repository/com/sun/xml/bind/jaxb-core/2.3.0.1/jaxb-core-2.3.0.1.jar:/home/user/.m2/repository/javax/xml/bind/jaxb-api/2.3.0/jaxb-api-2.3.0.jar:/home/user/.m2/repository/javax/activation/activation/1.1.1/activation-1.1.1.jar:/home/user/.m2/repository/org/apache/hadoop/hadoop-ozone-csi/1.1.0-SNAPSHOT/hadoop-ozone-csi-1.1.0-SNAPSHOT.jar:/home/user/.m2/repository/com/google/protobuf/protobuf-java-util/3.11.0/protobuf-java-util-3.11.0.jar:/home/user/.m2/repository/com/google/code/gson/gson/2.2.4/gson-2.2.4.jar:/home/user/.m2/repository/org/apache/hadoop/hadoop-hdds-config/1.1.0-SNAPSHOT/hadoop-hdds-config-1.1.0-SNAPSHOT.jar:/home/user/.m2/repository/com/google/protobuf/protobuf-java/2.5.0/protobuf-java-2.5.0.jar:/home/user/.m2/repository/io/grpc/grpc-netty/1.29.0/grpc-netty-1.29.0.jar:/home/user/.m2/repository/io/grpc/grpc-core/1.29.0/grpc-core-1.29.0.jar:/home/user/.m2/repository/com/google/android/annotations/4.1.1.4/annotations-4.1.1.4.jar:/home/user/.m2/repository/io/perfmark/perfmark-api/0.19.0/perfmark-api-0.19.0.jar:/home/user/.m2/repository/io/netty/netty-codec-http2/4.1.48.Final/netty-codec-http2-4.1.48.Final.jar:/home/user/.m2/repository/io/netty/netty-codec/4.1.48.Final/netty-codec-4.1.48.Final.jar:/home/user/.m2/repository/io/netty/netty-handler/4.1.48.Final/netty-handler-4.1.48.Final.jar:/home/user/.m2/repository/io/netty/netty-codec-http/4.1.48.Final/netty-codec-http-4.1.48.Final.jar:/home/user/.m2/repository/io/netty/netty-handler-proxy/4.1.48.Final/netty-handler-proxy-4.1.48.Final.jar:/home/user/.m2/repository/io/netty/netty-codec-socks/4.1.48.Final/netty-codec-socks-4.1.48.Final.jar:/home/user/.m2/repository/io/netty/netty-transport-native-epoll/4.1.48.Final/netty-transport-native-epoll-4.1.48.Final.jar:/home/user/.m2/repository/io/netty/netty-common/4.1.48.Final/netty-common-4.1.48.Final.jar:/home/user/.m2/repository/io/netty/netty-buffer/4.1.48.Final/netty-buffer-4.1.48.Final.jar:/home/user/.m2/repository/io/netty/netty-transport/4.1.48.Final/netty-transport-4.1.48.Final.jar:/home/user/.m2/repository/io/netty/netty-resolver/4.1.48.Final/netty-resolver-4.1.48.Final.jar:/home/user/.m2/repository/io/netty/netty-transport-native-unix-common/4.1.48.Final/netty-transport-native-unix-common-4.1.48.Final.jar:/home/user/.m2/repository/io/grpc/grpc-protobuf/1.29.0/grpc-protobuf-1.29.0.jar:/home/user/.m2/repository/io/grpc/grpc-api/1.29.0/grpc-api-1.29.0.jar:/home/user/.m2/repository/io/grpc/grpc-context/1.29.0/grpc-context-1.29.0.jar:/home/user/.m2/repository/org/codehaus/mojo/animal-sniffer-annotations/1.18/animal-sniffer-annotations-1.18.jar:/home/user/.m2/repository/com/google/api/grpc/proto-google-common-protos/1.17.0/proto-google-common-protos-1.17.0.jar:/home/user/.m2/repository/io/grpc/grpc-protobuf-lite/1.29.0/grpc-protobuf-lite-1.29.0.jar:/home/user/.m2/repository/io/grpc/grpc-stub/1.29.0/grpc-stub-1.29.0.jar:/home/user/.m2/repository/org/apache/hadoop/hadoop-ozone-recon/1.1.0-SNAPSHOT/hadoop-ozone-recon-1.1.0-SNAPSHOT.jar:/home/user/.m2/repository/org/apache/hadoop/hadoop-ozone-reconcodegen/1.1.0-SNAPSHOT/hadoop-ozone-reconcodegen-1.1.0-SNAPSHOT.jar:/home/user/.m2/repository/com/google/inject/extensions/guice-multibindings/4.0/guice-multibindings-4.0.jar:/home/user/.m2/repository/com/google/inject/guice/4.0/guice-4.0.jar:/home/user/.m2/repository/aopalliance/aopalliance/1.0/aopalliance-1.0.jar:/home/user/.m2/repository/com/google/inject/extensions/guice-assistedinject/4.0/guice-assistedinject-4.0.jar:/home/user/.m2/repository/com/google/inject/extensions/guice-servlet/4.0/guice-servlet-4.0.jar:/home/user/.m2/repository/org/glassfish/jersey/containers/jersey-container-servlet/2.27/jersey-container-servlet-2.27.jar:/home/user/.m2/repository/org/glassfish/hk2/guice-bridge/2.5.0/guice-bridge-2.5.0.jar:/home/user/.m2/repository/org/glassfish/jersey/core/jersey-server/2.27/jersey-server-2.27.jar:/home/user/.m2/repository/org/glassfish/jersey/core/jersey-client/2.27/jersey-client-2.27.jar:/home/user/.m2/repository/org/glassfish/jersey/media/jersey-media-jaxb/2.27/jersey-media-jaxb-2.27.jar:/home/user/.m2/repository/javax/validation/validation-api/1.1.0.Final/validation-api-1.1.0.Final.jar:/home/user/.m2/repository/org/glassfish/jersey/media/jersey-media-json-jackson/2.27/jersey-media-json-jackson-2.27.jar:/home/user/.m2/repository/org/glassfish/jersey/ext/jersey-entity-filtering/2.27/jersey-entity-filtering-2.27.jar:/home/user/.m2/repository/org/jooq/jooq/3.11.10/jooq-3.11.10.jar:/home/user/.m2/repository/org/jooq/jooq-meta/3.11.10/jooq-meta-3.11.10.jar:/home/user/.m2/repository/org/jooq/jooq-codegen/3.11.10/jooq-codegen-3.11.10.jar:/home/user/.m2/repository/com/jolbox/bonecp/0.8.0.RELEASE/bonecp-0.8.0.RELEASE.jar:/home/user/.m2/repository/org/apache/derby/derby/10.14.2.0/derby-10.14.2.0.jar:/home/user/.m2/repository/org/xerial/sqlite-jdbc/3.25.2/sqlite-jdbc-3.25.2.jar:/home/user/.m2/repository/org/springframework/spring-jdbc/5.2.5.RELEASE/spring-jdbc-5.2.5.RELEASE.jar:/home/user/.m2/repository/org/springframework/spring-beans/5.2.5.RELEASE/spring-beans-5.2.5.RELEASE.jar:/home/user/.m2/repository/org/springframework/spring-core/5.2.5.RELEASE/spring-core-5.2.5.RELEASE.jar:/home/user/.m2/repository/org/springframework/spring-jcl/5.2.5.RELEASE/spring-jcl-5.2.5.RELEASE.jar:/home/user/.m2/repository/org/springframework/spring-tx/5.2.5.RELEASE/spring-tx-5.2.5.RELEASE.jar:/home/user/.m2/repository/org/apache/hadoop/hadoop-ozone-client/1.1.0-SNAPSHOT/hadoop-ozone-client-1.1.0-SNAPSHOT.jar:/home/user/.m2/repository/org/apache/hadoop/hadoop-ozone-filesystem/1.1.0-SNAPSHOT/hadoop-ozone-filesystem-1.1.0-SNAPSHOT.jar:/home/user/.m2/repository/org/apache/hadoop/hadoop-ozone-filesystem-common/1.1.0-SNAPSHOT/hadoop-ozone-filesystem-common-1.1.0-SNAPSHOT.jar:/home/user/.m2/repository/org/apache/hadoop/hadoop-ozone-tools/1.1.0-SNAPSHOT/hadoop-ozone-tools-1.1.0-SNAPSHOT.jar:/home/user/.m2/repository/org/apache/hadoop/hadoop-hdfs/3.2.1/hadoop-hdfs-3.2.1.jar:/home/user/.m2/repository/org/apache/ratis/ratis-tools/1.1.0-913f5a4-SNAPSHOT/ratis-tools-1.1.0-913f5a4-SNAPSHOT.jar:/home/user/.m2/repository/org/apache/ratis/ratis-proto/1.1.0-913f5a4-SNAPSHOT/ratis-proto-1.1.0-913f5a4-SNAPSHOT.jar:/home/user/.m2/repository/org/apache/ratis/ratis-common/1.1.0-913f5a4-SNAPSHOT/ratis-common-1.1.0-913f5a4-SNAPSHOT.jar:/home/user/.m2/repository/com/amazonaws/aws-java-sdk-core/1.11.615/aws-java-sdk-core-1.11.615.jar:/home/user/.m2/repository/org/apache/httpcomponents/httpclient/4.5.13/httpclient-4.5.13.jar:/home/user/.m2/repository/org/apache/httpcomponents/httpcore/4.4.13/httpcore-4.4.13.jar:/home/user/.m2/repository/software/amazon/ion/ion-java/1.0.2/ion-java-1.0.2.jar:/home/user/.m2/repository/com/fasterxml/jackson/dataformat/jackson-dataformat-cbor/2.10.3/jackson-dataformat-cbor-2.10.3.jar:/home/user/.m2/repository/joda-time/joda-time/2.8.1/joda-time-2.8.1.jar:/home/user/.m2/repository/com/amazonaws/aws-java-sdk-s3/1.11.615/aws-java-sdk-s3-1.11.615.jar:/home/user/.m2/repository/com/amazonaws/aws-java-sdk-kms/1.11.615/aws-java-sdk-kms-1.11.615.jar:/home/user/.m2/repository/com/amazonaws/jmespath-java/1.11.615/jmespath-java-1.11.615.jar:/home/user/.m2/repository/org/kohsuke/metainf-services/metainf-services/1.8/metainf-services-1.8.jar:/home/user/.m2/repository/org/apache/hadoop/hadoop-hdds-tools/1.1.0-SNAPSHOT/hadoop-hdds-tools-1.1.0-SNAPSHOT.jar:/home/user/.m2/repository/commons-cli/commons-cli/1.2/commons-cli-1.2.jar:/home/user/.m2/repository/org/apache/commons/commons-lang3/3.7/commons-lang3-3.7.jar:/home/user/.m2/repository/org/apache/hadoop/hadoop-ozone-ozone-manager/1.1.0-SNAPSHOT/hadoop-ozone-ozone-manager-1.1.0-SNAPSHOT-tests.jar:/home/user/.m2/repository/junit/junit/4.11/junit-4.11.jar:/home/user/.m2/repository/org/hamcrest/hamcrest-core/1.3/hamcrest-core-1.3.jar:/home/user/.m2/repository/org/openjdk/jmh/jmh-core/1.19/jmh-core-1.19.jar:/home/user/.m2/repository/net/sf/jopt-simple/jopt-simple/4.6/jopt-simple-4.6.jar:/home/user/.m2/repository/org/apache/commons/commons-math3/3.1.1/commons-math3-3.1.1.jar:/home/user/.m2/repository/org/openjdk/jmh/jmh-generator-annprocess/1.19/jmh-generator-annprocess-1.19.jar:/home/user/.m2/repository/org/mockito/mockito-all/1.8.5/mockito-all-1.8.5.jar:/home/user/.m2/repository/org/apache/hadoop/hadoop-kms/3.2.1/hadoop-kms-3.2.1.jar:/home/user/.m2/repository/org/apache/hadoop/hadoop-auth/3.2.1/hadoop-auth-3.2.1.jar:/home/user/.m2/repository/com/nimbusds/nimbus-jose-jwt/7.9/nimbus-jose-jwt-7.9.jar:/home/user/.m2/repository/com/github/stephenc/jcip/jcip-annotations/1.0-1/jcip-annotations-1.0-1.jar:/home/user/.m2/repository/net/minidev/json-smart/2.3/json-smart-2.3.jar:/home/user/.m2/repository/net/minidev/accessors-smart/1.2/accessors-smart-1.2.jar:/home/user/.m2/repository/org/ow2/asm/asm/5.0.4/asm-5.0.4.jar:/home/user/.m2/repository/org/apache/zookeeper/zookeeper/3.4.13/zookeeper-3.4.13.jar:/home/user/.m2/repository/org/apache/yetus/audience-annotations/0.5.0/audience-annotations-0.5.0.jar:/home/user/.m2/repository/org/apache/curator/curator-framework/2.13.0/curator-framework-2.13.0.jar:/home/user/.m2/repository/com/sun/jersey/jersey-core/1.19/jersey-core-1.19.jar:/home/user/.m2/repository/javax/ws/rs/jsr311-api/1.1.1/jsr311-api-1.1.1.jar:/home/user/.m2/repository/com/sun/jersey/jersey-server/1.19/jersey-server-1.19.jar:/home/user/.m2/repository/javax/servlet/javax.servlet-api/3.1.0/javax.servlet-api-3.1.0.jar:/home/user/.m2/repository/org/eclipse/jetty/jetty-server/9.4.34.v20201102/jetty-server-9.4.34.v20201102.jar:/home/user/.m2/repository/org/eclipse/jetty/jetty-http/9.4.34.v20201102/jetty-http-9.4.34.v20201102.jar:/home/user/.m2/repository/org/eclipse/jetty/jetty-io/9.4.34.v20201102/jetty-io-9.4.34.v20201102.jar:/home/user/.m2/repository/org/eclipse/jetty/jetty-webapp/9.4.34.v20201102/jetty-webapp-9.4.34.v20201102.jar:/home/user/.m2/repository/org/eclipse/jetty/jetty-xml/9.4.34.v20201102/jetty-xml-9.4.34.v20201102.jar:/home/user/.m2/repository/org/eclipse/jetty/jetty-servlet/9.4.34.v20201102/jetty-servlet-9.4.34.v20201102.jar:/home/user/.m2/repository/org/eclipse/jetty/jetty-security/9.4.34.v20201102/jetty-security-9.4.34.v20201102.jar:/home/user/.m2/repository/org/apache/hadoop/hadoop-common/3.2.1/hadoop-common-3.2.1.jar:/home/user/.m2/repository/commons-net/commons-net/3.6/commons-net-3.6.jar:/home/user/.m2/repository/commons-collections/commons-collections/3.2.2/commons-collections-3.2.2.jar:/home/user/.m2/repository/com/sun/jersey/jersey-servlet/1.19/jersey-servlet-1.19.jar:/home/user/.m2/repository/com/sun/jersey/jersey-json/1.19/jersey-json-1.19.jar:/home/user/.m2/repository/org/codehaus/jettison/jettison/1.1/jettison-1.1.jar:/home/user/.m2/repository/org/codehaus/jackson/jackson-jaxrs/1.9.2/jackson-jaxrs-1.9.2.jar:/home/user/.m2/repository/org/codehaus/jackson/jackson-xc/1.9.2/jackson-xc-1.9.2.jar:/home/user/.m2/repository/commons-beanutils/commons-beanutils/1.9.4/commons-beanutils-1.9.4.jar:/home/user/.m2/repository/org/apache/commons/commons-configuration2/2.1.1/commons-configuration2-2.1.1.jar:/home/user/.m2/repository/org/apache/commons/commons-text/1.4/commons-text-1.4.jar:/home/user/.m2/repository/com/google/re2j/re2j/1.1/re2j-1.1.jar:/home/user/.m2/repository/com/jcraft/jsch/0.1.54/jsch-0.1.54.jar:/home/user/.m2/repository/org/apache/curator/curator-client/2.13.0/curator-client-2.13.0.jar:/home/user/.m2/repository/org/apache/curator/curator-recipes/2.13.0/curator-recipes-2.13.0.jar:/home/user/.m2/repository/dnsjava/dnsjava/2.1.7/dnsjava-2.1.7.jar:/home/user/.m2/repository/org/slf4j/jul-to-slf4j/1.7.25/jul-to-slf4j-1.7.25.jar:/home/user/.m2/repository/org/eclipse/jetty/jetty-util/9.4.34.v20201102/jetty-util-9.4.34.v20201102.jar:/home/user/.m2/repository/com/fasterxml/jackson/core/jackson-databind/2.10.3/jackson-databind-2.10.3.jar:/home/user/.m2/repository/org/apache/hadoop/hadoop-kms/3.2.1/hadoop-kms-3.2.1-tests.jar:/home/user/.m2/repository/org/apache/hadoop/hadoop-hdds-server-scm/1.1.0-SNAPSHOT/hadoop-hdds-server-scm-1.1.0-SNAPSHOT-tests.jar:/home/user/.m2/repository/org/apache/hadoop/hadoop-hdds-container-service/1.1.0-SNAPSHOT/hadoop-hdds-container-service-1.1.0-SNAPSHOT-tests.jar:/home/user/.m2/repository/org/apache/hadoop/hadoop-hdds-common/1.1.0-SNAPSHOT/hadoop-hdds-common-1.1.0-SNAPSHOT-tests.jar:/home/user/.m2/repository/org/yaml/snakeyaml/1.16/snakeyaml-1.16.jar:/home/user/.m2/repository/org/apache/hadoop/hadoop-hdds-hadoop-dependency-test/1.1.0-SNAPSHOT/hadoop-hdds-hadoop-dependency-test-1.1.0-SNAPSHOT.jar:/home/user/.m2/repository/org/apache/hadoop/hadoop-common/3.2.1/hadoop-common-3.2.1-tests.jar:/home/user/.m2/repository/javax/servlet/jsp/jsp-api/2.1/jsp-api-2.1.jar:/home/user/.m2/repository/org/apache/hadoop/hadoop-hdfs/3.2.1/hadoop-hdfs-3.2.1-tests.jar:/home/user/.m2/repository/org/eclipse/jetty/jetty-util-ajax/9.4.34.v20201102/jetty-util-ajax-9.4.34.v20201102.jar:/home/user/.m2/repository/commons-codec/commons-codec/1.11/commons-codec-1.11.jar:/home/user/.m2/repository/commons-daemon/commons-daemon/1.0.13/commons-daemon-1.0.13.jar:/home/user/.m2/repository/io/netty/netty/3.10.5.Final/netty-3.10.5.Final.jar:/home/user/.m2/repository/io/netty/netty-all/4.1.48.Final/netty-all-4.1.48.Final.jar:/home/user/.m2/repository/org/apache/htrace/htrace-core4/4.1.0-incubating/htrace-core4-4.1.0-incubating.jar:/home/user/.m2/repository/org/fusesource/leveldbjni/leveldbjni-all/1.8/leveldbjni-all-1.8.jar:/home/user/.m2/repository/org/apache/hadoop/hadoop-distcp/3.2.1/hadoop-distcp-3.2.1.jar:/home/user/.m2/repository/org/apache/hadoop/hadoop-mapreduce-client-jobclient/3.2.1/hadoop-mapreduce-client-jobclient-3.2.1.jar:/home/user/.m2/repository/org/apache/hadoop/hadoop-mapreduce-client-common/3.2.1/hadoop-mapreduce-client-common-3.2.1.jar:/home/user/.m2/repository/org/apache/hadoop/hadoop-yarn-common/3.2.1/hadoop-yarn-common-3.2.1.jar:/home/user/.m2/repository/org/apache/hadoop/hadoop-yarn-api/3.2.1/hadoop-yarn-api-3.2.1.jar:/home/user/.m2/repository/com/sun/jersey/jersey-client/1.19/jersey-client-1.19.jar:/home/user/.m2/repository/com/sun/jersey/contribs/jersey-guice/1.19/jersey-guice-1.19.jar:/home/user/.m2/repository/com/fasterxml/jackson/jaxrs/jackson-jaxrs-json-provider/2.10.3/jackson-jaxrs-json-provider-2.10.3.jar:/home/user/.m2/repository/com/fasterxml/jackson/jaxrs/jackson-jaxrs-base/2.10.3/jackson-jaxrs-base-2.10.3.jar:/home/user/.m2/repository/org/apache/hadoop/hadoop-yarn-client/3.2.1/hadoop-yarn-client-3.2.1.jar:/home/user/.m2/repository/org/apache/hadoop/hadoop-mapreduce-client-core/3.2.1/hadoop-mapreduce-client-core-3.2.1.jar:/home/user/.m2/repository/org/apache/avro/avro/1.7.7/avro-1.7.7.jar:/home/user/.m2/repository/org/codehaus/jackson/jackson-core-asl/1.9.13/jackson-core-asl-1.9.13.jar:/home/user/.m2/repository/org/codehaus/jackson/jackson-mapper-asl/1.9.13/jackson-mapper-asl-1.9.13.jar:/home/user/.m2/repository/com/thoughtworks/paranamer/paranamer/2.3/paranamer-2.3.jar:/home/user/.m2/repository/org/xerial/snappy/snappy-java/1.0.5/snappy-java-1.0.5.jar:/home/user/.m2/repository/org/apache/hadoop/hadoop-annotations/3.2.1/hadoop-annotations-3.2.1.jar:/usr/lib/jvm/java-1.8.0-openjdk-1.8.0.232.b09-0.el7_7.x86_64/jre/../lib/tools.jar:/home/user/.m2/repository/org/apache/hadoop/hadoop-distcp/3.2.1/hadoop-distcp-3.2.1-tests.jar:"/>
    <property name="java.vm.vendor" value="Oracle Corporation"/>
    <property name="sun.arch.data.model" value="64"/>
    <property name="test.build.dir" value="/github/workspace/mnt/ozone/hadoop-ozone/integration-test/target/test-dir"/>
    <property name="test.cache.data" value=""/>
    <property name="java.vendor.url" value="http://java.oracle.com/"/>
    <property name="user.timezone" value=""/>
    <property name="java.vm.specification.version" value="1.8"/>
    <property name="os.name" value="Linux"/>
    <property name="test.build.data" value="/github/workspace/mnt/ozone/hadoop-ozone/integration-test/target/test-dir"/>
    <property name="user.country" value="US"/>
    <property name="sun.java.launcher" value="SUN_STANDARD"/>
    <property name="sun.boot.library.path" value="/usr/lib/jvm/java-1.8.0-openjdk-1.8.0.232.b09-0.el7_7.x86_64/jre/lib/amd64"/>
    <property name="sun.java.command" value="/github/workspace/mnt/ozone/hadoop-ozone/integration-test/target/surefire/surefirebooter2568097262783949807.jar /github/workspace/mnt/ozone/hadoop-ozone/integration-test/target/surefire 2020-11-25T10-30-23_665-jvmRun1 surefire5633199395764448220tmp surefire_3675583321236073255tmp"/>
    <property name="surefire.test.class.path" value="/github/workspace/mnt/ozone/hadoop-ozone/integration-test/target/test-classes:/github/workspace/mnt/ozone/hadoop-ozone/integration-test/target/classes:/home/user/.m2/repository/org/apache/hadoop/hadoop-ozone-common/1.1.0-SNAPSHOT/hadoop-ozone-common-1.1.0-SNAPSHOT.jar:/home/user/.m2/repository/org/apache/commons/commons-compress/1.4.1/commons-compress-1.4.1.jar:/home/user/.m2/repository/org/tukaani/xz/1.0/xz-1.0.jar:/home/user/.m2/repository/org/apache/hadoop/hadoop-hdds-common/1.1.0-SNAPSHOT/hadoop-hdds-common-1.1.0-SNAPSHOT.jar:/home/user/.m2/repository/org/apache/hadoop/hadoop-hdds-hadoop-dependency-client/1.1.0-SNAPSHOT/hadoop-hdds-hadoop-dependency-client-1.1.0-SNAPSHOT.jar:/home/user/.m2/repository/info/picocli/picocli/4.4.0/picocli-4.4.0.jar:/home/user/.m2/repository/com/fasterxml/jackson/core/jackson-annotations/2.10.3/jackson-annotations-2.10.3.jar:/home/user/.m2/repository/javax/annotation/javax.annotation-api/1.2/javax.annotation-api-1.2.jar:/home/user/.m2/repository/org/apache/ratis/ratis-server/1.1.0-913f5a4-SNAPSHOT/ratis-server-1.1.0-913f5a4-SNAPSHOT.jar:/home/user/.m2/repository/org/apache/ratis/ratis-client/1.1.0-913f5a4-SNAPSHOT/ratis-client-1.1.0-913f5a4-SNAPSHOT.jar:/home/user/.m2/repository/org/apache/ratis/ratis-metrics/1.1.0-913f5a4-SNAPSHOT/ratis-metrics-1.1.0-913f5a4-SNAPSHOT.jar:/home/user/.m2/repository/org/apache/ratis/ratis-netty/1.1.0-913f5a4-SNAPSHOT/ratis-netty-1.1.0-913f5a4-SNAPSHOT.jar:/home/user/.m2/repository/org/apache/ratis/ratis-grpc/1.1.0-913f5a4-SNAPSHOT/ratis-grpc-1.1.0-913f5a4-SNAPSHOT.jar:/home/user/.m2/repository/org/apache/logging/log4j/log4j-api/2.13.3/log4j-api-2.13.3.jar:/home/user/.m2/repository/org/apache/logging/log4j/log4j-core/2.13.3/log4j-core-2.13.3.jar:/home/user/.m2/repository/com/lmax/disruptor/3.4.2/disruptor-3.4.2.jar:/home/user/.m2/repository/org/apache/commons/commons-pool2/2.6.0/commons-pool2-2.6.0.jar:/home/user/.m2/repository/org/bouncycastle/bcpkix-jdk15on/1.60/bcpkix-jdk15on-1.60.jar:/home/user/.m2/repository/commons-validator/commons-validator/1.6/commons-validator-1.6.jar:/home/user/.m2/repository/commons-digester/commons-digester/1.8.1/commons-digester-1.8.1.jar:/home/user/.m2/repository/io/jaegertracing/jaeger-client/1.2.0/jaeger-client-1.2.0.jar:/home/user/.m2/repository/io/jaegertracing/jaeger-thrift/1.2.0/jaeger-thrift-1.2.0.jar:/home/user/.m2/repository/org/apache/thrift/libthrift/0.13.0/libthrift-0.13.0.jar:/home/user/.m2/repository/com/squareup/okhttp3/okhttp/4.2.2/okhttp-4.2.2.jar:/home/user/.m2/repository/com/squareup/okio/okio/2.2.2/okio-2.2.2.jar:/home/user/.m2/repository/org/jetbrains/kotlin/kotlin-stdlib/1.3.50/kotlin-stdlib-1.3.50.jar:/home/user/.m2/repository/org/jetbrains/kotlin/kotlin-stdlib-common/1.3.50/kotlin-stdlib-common-1.3.50.jar:/home/user/.m2/repository/org/jetbrains/annotations/13.0/annotations-13.0.jar:/home/user/.m2/repository/io/jaegertracing/jaeger-core/1.2.0/jaeger-core-1.2.0.jar:/home/user/.m2/repository/io/jaegertracing/jaeger-tracerresolver/1.2.0/jaeger-tracerresolver-1.2.0.jar:/home/user/.m2/repository/io/opentracing/contrib/opentracing-tracerresolver/0.1.8/opentracing-tracerresolver-0.1.8.jar:/home/user/.m2/repository/io/opentracing/opentracing-util/0.33.0/opentracing-util-0.33.0.jar:/home/user/.m2/repository/io/opentracing/opentracing-api/0.33.0/opentracing-api-0.33.0.jar:/home/user/.m2/repository/io/opentracing/opentracing-noop/0.33.0/opentracing-noop-0.33.0.jar:/home/user/.m2/repository/org/apache/hadoop/hadoop-hdds-client/1.1.0-SNAPSHOT/hadoop-hdds-client-1.1.0-SNAPSHOT.jar:/home/user/.m2/repository/org/apache/hadoop/hadoop-ozone-interface-client/1.1.0-SNAPSHOT/hadoop-ozone-interface-client-1.1.0-SNAPSHOT.jar:/home/user/.m2/repository/org/apache/hadoop/hadoop-hdds-test-utils/1.1.0-SNAPSHOT/hadoop-hdds-test-utils-1.1.0-SNAPSHOT.jar:/home/user/.m2/repository/com/google/guava/guava/28.2-jre/guava-28.2-jre.jar:/home/user/.m2/repository/com/google/guava/failureaccess/1.0.1/failureaccess-1.0.1.jar:/home/user/.m2/repository/com/google/guava/listenablefuture/9999.0-empty-to-avoid-conflict-with-guava/listenablefuture-9999.0-empty-to-avoid-conflict-with-guava.jar:/home/user/.m2/repository/com/google/code/findbugs/jsr305/3.0.0/jsr305-3.0.0.jar:/home/user/.m2/repository/org/checkerframework/checker-qual/2.10.0/checker-qual-2.10.0.jar:/home/user/.m2/repository/com/google/errorprone/error_prone_annotations/2.2.0/error_prone_annotations-2.2.0.jar:/home/user/.m2/repository/com/google/j2objc/j2objc-annotations/1.3/j2objc-annotations-1.3.jar:/home/user/.m2/repository/commons-io/commons-io/2.5/commons-io-2.5.jar:/home/user/.m2/repository/commons-logging/commons-logging/1.2/commons-logging-1.2.jar:/home/user/.m2/repository/log4j/log4j/1.2.17/log4j-1.2.17.jar:/home/user/.m2/repository/org/slf4j/slf4j-api/1.7.25/slf4j-api-1.7.25.jar:/home/user/.m2/repository/org/apache/hadoop/hadoop-hdds-server-scm/1.1.0-SNAPSHOT/hadoop-hdds-server-scm-1.1.0-SNAPSHOT.jar:/home/user/.m2/repository/org/apache/hadoop/hadoop-hdds-container-service/1.1.0-SNAPSHOT/hadoop-hdds-container-service-1.1.0-SNAPSHOT.jar:/home/user/.m2/repository/org/apache/hadoop/hadoop-hdds-hadoop-dependency-server/1.1.0-SNAPSHOT/hadoop-hdds-hadoop-dependency-server-1.1.0-SNAPSHOT.jar:/home/user/.m2/repository/org/apache/hadoop/hadoop-hdds-server-framework/1.1.0-SNAPSHOT/hadoop-hdds-server-framework-1.1.0-SNAPSHOT.jar:/home/user/.m2/repository/org/apache/hadoop/hadoop-hdds-interface-server/1.1.0-SNAPSHOT/hadoop-hdds-interface-server-1.1.0-SNAPSHOT.jar:/home/user/.m2/repository/org/apache/hadoop/hadoop-hdds-interface-admin/1.1.0-SNAPSHOT/hadoop-hdds-interface-admin-1.1.0-SNAPSHOT.jar:/home/user/.m2/repository/org/rocksdb/rocksdbjni/6.8.1/rocksdbjni-6.8.1.jar:/home/user/.m2/repository/io/prometheus/simpleclient_dropwizard/0.7.0/simpleclient_dropwizard-0.7.0.jar:/home/user/.m2/repository/io/prometheus/simpleclient/0.7.0/simpleclient-0.7.0.jar:/home/user/.m2/repository/io/prometheus/simpleclient_common/0.7.0/simpleclient_common-0.7.0.jar:/home/user/.m2/repository/com/fasterxml/jackson/datatype/jackson-datatype-jsr310/2.10.3/jackson-datatype-jsr310-2.10.3.jar:/home/user/.m2/repository/io/dropwizard/metrics/metrics-core/3.2.4/metrics-core-3.2.4.jar:/home/user/.m2/repository/org/apache/hadoop/hadoop-hdfs-client/3.2.1/hadoop-hdfs-client-3.2.1.jar:/home/user/.m2/repository/org/bouncycastle/bcprov-jdk15on/1.60/bcprov-jdk15on-1.60.jar:/home/user/.m2/repository/org/apache/hadoop/hadoop-ozone-ozone-manager/1.1.0-SNAPSHOT/hadoop-ozone-ozone-manager-1.1.0-SNAPSHOT.jar:/home/user/.m2/repository/org/apache/hadoop/hadoop-hdds-interface-client/1.1.0-SNAPSHOT/hadoop-hdds-interface-client-1.1.0-SNAPSHOT.jar:/home/user/.m2/repository/org/apache/ratis/ratis-thirdparty-misc/0.6.0-SNAPSHOT/ratis-thirdparty-misc-0.6.0-SNAPSHOT.jar:/home/user/.m2/repository/org/apache/hadoop/hadoop-ozone-interface-storage/1.1.0-SNAPSHOT/hadoop-ozone-interface-storage-1.1.0-SNAPSHOT.jar:/home/user/.m2/repository/org/apache/hadoop/hadoop-minikdc/3.2.1/hadoop-minikdc-3.2.1.jar:/home/user/.m2/repository/org/apache/kerby/kerb-simplekdc/1.0.1/kerb-simplekdc-1.0.1.jar:/home/user/.m2/repository/org/apache/kerby/kerb-client/1.0.1/kerb-client-1.0.1.jar:/home/user/.m2/repository/org/apache/kerby/kerby-config/1.0.1/kerby-config-1.0.1.jar:/home/user/.m2/repository/org/apache/kerby/kerb-core/1.0.1/kerb-core-1.0.1.jar:/home/user/.m2/repository/org/apache/kerby/kerby-pkix/1.0.1/kerby-pkix-1.0.1.jar:/home/user/.m2/repository/org/apache/kerby/kerby-asn1/1.0.1/kerby-asn1-1.0.1.jar:/home/user/.m2/repository/org/apache/kerby/kerby-util/1.0.1/kerby-util-1.0.1.jar:/home/user/.m2/repository/org/apache/kerby/kerb-common/1.0.1/kerb-common-1.0.1.jar:/home/user/.m2/repository/org/apache/kerby/kerb-crypto/1.0.1/kerb-crypto-1.0.1.jar:/home/user/.m2/repository/org/apache/kerby/kerb-util/1.0.1/kerb-util-1.0.1.jar:/home/user/.m2/repository/org/apache/kerby/token-provider/1.0.1/token-provider-1.0.1.jar:/home/user/.m2/repository/org/apache/kerby/kerb-admin/1.0.1/kerb-admin-1.0.1.jar:/home/user/.m2/repository/org/apache/kerby/kerb-server/1.0.1/kerb-server-1.0.1.jar:/home/user/.m2/repository/org/apache/kerby/kerb-identity/1.0.1/kerb-identity-1.0.1.jar:/home/user/.m2/repository/org/apache/kerby/kerby-xdr/1.0.1/kerby-xdr-1.0.1.jar:/home/user/.m2/repository/org/slf4j/slf4j-log4j12/1.7.25/slf4j-log4j12-1.7.25.jar:/home/user/.m2/repository/org/apache/hadoop/hadoop-ozone-s3gateway/1.1.0-SNAPSHOT/hadoop-ozone-s3gateway-1.1.0-SNAPSHOT.jar:/home/user/.m2/repository/org/jboss/weld/servlet/weld-servlet/2.4.7.Final/weld-servlet-2.4.7.Final.jar:/home/user/.m2/repository/org/glassfish/jersey/containers/jersey-container-servlet-core/2.27/jersey-container-servlet-core-2.27.jar:/home/user/.m2/repository/org/glassfish/hk2/external/javax.inject/2.5.0-b42/javax.inject-2.5.0-b42.jar:/home/user/.m2/repository/org/glassfish/jersey/core/jersey-common/2.27/jersey-common-2.27.jar:/home/user/.m2/repository/org/glassfish/hk2/osgi-resource-locator/1.0.1/osgi-resource-locator-1.0.1.jar:/home/user/.m2/repository/javax/ws/rs/javax.ws.rs-api/2.1/javax.ws.rs-api-2.1.jar:/home/user/.m2/repository/org/glassfish/jersey/ext/cdi/jersey-cdi1x/2.27/jersey-cdi1x-2.27.jar:/home/user/.m2/repository/org/glassfish/jersey/inject/jersey-hk2/2.27/jersey-hk2-2.27.jar:/home/user/.m2/repository/org/glassfish/hk2/hk2-locator/2.5.0-b42/hk2-locator-2.5.0-b42.jar:/home/user/.m2/repository/org/javassist/javassist/3.22.0-CR2/javassist-3.22.0-CR2.jar:/home/user/.m2/repository/org/glassfish/hk2/hk2-api/2.5.0/hk2-api-2.5.0.jar:/home/user/.m2/repository/org/glassfish/hk2/external/jakarta.inject/2.5.0/jakarta.inject-2.5.0.jar:/home/user/.m2/repository/org/glassfish/hk2/hk2-utils/2.5.0/hk2-utils-2.5.0.jar:/home/user/.m2/repository/jakarta/annotation/jakarta.annotation-api/1.3.4/jakarta.annotation-api-1.3.4.jar:/home/user/.m2/repository/org/glassfish/hk2/external/aopalliance-repackaged/2.5.0/aopalliance-repackaged-2.5.0.jar:/home/user/.m2/repository/com/fasterxml/jackson/dataformat/jackson-dataformat-xml/2.10.3/jackson-dataformat-xml-2.10.3.jar:/home/user/.m2/repository/com/fasterxml/jackson/core/jackson-core/2.10.3/jackson-core-2.10.3.jar:/home/user/.m2/repository/com/fasterxml/jackson/module/jackson-module-jaxb-annotations/2.10.3/jackson-module-jaxb-annotations-2.10.3.jar:/home/user/.m2/repository/jakarta/xml/bind/jakarta.xml.bind-api/2.3.2/jakarta.xml.bind-api-2.3.2.jar:/home/user/.m2/repository/jakarta/activation/jakarta.activation-api/1.2.1/jakarta.activation-api-1.2.1.jar:/home/user/.m2/repository/org/codehaus/woodstox/stax2-api/3.1.4/stax2-api-3.1.4.jar:/home/user/.m2/repository/com/fasterxml/woodstox/woodstox-core/5.0.3/woodstox-core-5.0.3.jar:/home/user/.m2/repository/javax/enterprise/cdi-api/1.2/cdi-api-1.2.jar:/home/user/.m2/repository/javax/el/javax.el-api/3.0.0/javax.el-api-3.0.0.jar:/home/user/.m2/repository/javax/interceptor/javax.interceptor-api/1.2/javax.interceptor-api-1.2.jar:/home/user/.m2/repository/javax/inject/javax.inject/1/javax.inject-1.jar:/home/user/.m2/repository/com/sun/xml/bind/jaxb-impl/2.3.0.1/jaxb-impl-2.3.0.1.jar:/home/user/.m2/repository/com/sun/xml/bind/jaxb-core/2.3.0.1/jaxb-core-2.3.0.1.jar:/home/user/.m2/repository/javax/xml/bind/jaxb-api/2.3.0/jaxb-api-2.3.0.jar:/home/user/.m2/repository/javax/activation/activation/1.1.1/activation-1.1.1.jar:/home/user/.m2/repository/org/apache/hadoop/hadoop-ozone-csi/1.1.0-SNAPSHOT/hadoop-ozone-csi-1.1.0-SNAPSHOT.jar:/home/user/.m2/repository/com/google/protobuf/protobuf-java-util/3.11.0/protobuf-java-util-3.11.0.jar:/home/user/.m2/repository/com/google/code/gson/gson/2.2.4/gson-2.2.4.jar:/home/user/.m2/repository/org/apache/hadoop/hadoop-hdds-config/1.1.0-SNAPSHOT/hadoop-hdds-config-1.1.0-SNAPSHOT.jar:/home/user/.m2/repository/com/google/protobuf/protobuf-java/2.5.0/protobuf-java-2.5.0.jar:/home/user/.m2/repository/io/grpc/grpc-netty/1.29.0/grpc-netty-1.29.0.jar:/home/user/.m2/repository/io/grpc/grpc-core/1.29.0/grpc-core-1.29.0.jar:/home/user/.m2/repository/com/google/android/annotations/4.1.1.4/annotations-4.1.1.4.jar:/home/user/.m2/repository/io/perfmark/perfmark-api/0.19.0/perfmark-api-0.19.0.jar:/home/user/.m2/repository/io/netty/netty-codec-http2/4.1.48.Final/netty-codec-http2-4.1.48.Final.jar:/home/user/.m2/repository/io/netty/netty-codec/4.1.48.Final/netty-codec-4.1.48.Final.jar:/home/user/.m2/repository/io/netty/netty-handler/4.1.48.Final/netty-handler-4.1.48.Final.jar:/home/user/.m2/repository/io/netty/netty-codec-http/4.1.48.Final/netty-codec-http-4.1.48.Final.jar:/home/user/.m2/repository/io/netty/netty-handler-proxy/4.1.48.Final/netty-handler-proxy-4.1.48.Final.jar:/home/user/.m2/repository/io/netty/netty-codec-socks/4.1.48.Final/netty-codec-socks-4.1.48.Final.jar:/home/user/.m2/repository/io/netty/netty-transport-native-epoll/4.1.48.Final/netty-transport-native-epoll-4.1.48.Final.jar:/home/user/.m2/repository/io/netty/netty-common/4.1.48.Final/netty-common-4.1.48.Final.jar:/home/user/.m2/repository/io/netty/netty-buffer/4.1.48.Final/netty-buffer-4.1.48.Final.jar:/home/user/.m2/repository/io/netty/netty-transport/4.1.48.Final/netty-transport-4.1.48.Final.jar:/home/user/.m2/repository/io/netty/netty-resolver/4.1.48.Final/netty-resolver-4.1.48.Final.jar:/home/user/.m2/repository/io/netty/netty-transport-native-unix-common/4.1.48.Final/netty-transport-native-unix-common-4.1.48.Final.jar:/home/user/.m2/repository/io/grpc/grpc-protobuf/1.29.0/grpc-protobuf-1.29.0.jar:/home/user/.m2/repository/io/grpc/grpc-api/1.29.0/grpc-api-1.29.0.jar:/home/user/.m2/repository/io/grpc/grpc-context/1.29.0/grpc-context-1.29.0.jar:/home/user/.m2/repository/org/codehaus/mojo/animal-sniffer-annotations/1.18/animal-sniffer-annotations-1.18.jar:/home/user/.m2/repository/com/google/api/grpc/proto-google-common-protos/1.17.0/proto-google-common-protos-1.17.0.jar:/home/user/.m2/repository/io/grpc/grpc-protobuf-lite/1.29.0/grpc-protobuf-lite-1.29.0.jar:/home/user/.m2/repository/io/grpc/grpc-stub/1.29.0/grpc-stub-1.29.0.jar:/home/user/.m2/repository/org/apache/hadoop/hadoop-ozone-recon/1.1.0-SNAPSHOT/hadoop-ozone-recon-1.1.0-SNAPSHOT.jar:/home/user/.m2/repository/org/apache/hadoop/hadoop-ozone-reconcodegen/1.1.0-SNAPSHOT/hadoop-ozone-reconcodegen-1.1.0-SNAPSHOT.jar:/home/user/.m2/repository/com/google/inject/extensions/guice-multibindings/4.0/guice-multibindings-4.0.jar:/home/user/.m2/repository/com/google/inject/guice/4.0/guice-4.0.jar:/home/user/.m2/repository/aopalliance/aopalliance/1.0/aopalliance-1.0.jar:/home/user/.m2/repository/com/google/inject/extensions/guice-assistedinject/4.0/guice-assistedinject-4.0.jar:/home/user/.m2/repository/com/google/inject/extensions/guice-servlet/4.0/guice-servlet-4.0.jar:/home/user/.m2/repository/org/glassfish/jersey/containers/jersey-container-servlet/2.27/jersey-container-servlet-2.27.jar:/home/user/.m2/repository/org/glassfish/hk2/guice-bridge/2.5.0/guice-bridge-2.5.0.jar:/home/user/.m2/repository/org/glassfish/jersey/core/jersey-server/2.27/jersey-server-2.27.jar:/home/user/.m2/repository/org/glassfish/jersey/core/jersey-client/2.27/jersey-client-2.27.jar:/home/user/.m2/repository/org/glassfish/jersey/media/jersey-media-jaxb/2.27/jersey-media-jaxb-2.27.jar:/home/user/.m2/repository/javax/validation/validation-api/1.1.0.Final/validation-api-1.1.0.Final.jar:/home/user/.m2/repository/org/glassfish/jersey/media/jersey-media-json-jackson/2.27/jersey-media-json-jackson-2.27.jar:/home/user/.m2/repository/org/glassfish/jersey/ext/jersey-entity-filtering/2.27/jersey-entity-filtering-2.27.jar:/home/user/.m2/repository/org/jooq/jooq/3.11.10/jooq-3.11.10.jar:/home/user/.m2/repository/org/jooq/jooq-meta/3.11.10/jooq-meta-3.11.10.jar:/home/user/.m2/repository/org/jooq/jooq-codegen/3.11.10/jooq-codegen-3.11.10.jar:/home/user/.m2/repository/com/jolbox/bonecp/0.8.0.RELEASE/bonecp-0.8.0.RELEASE.jar:/home/user/.m2/repository/org/apache/derby/derby/10.14.2.0/derby-10.14.2.0.jar:/home/user/.m2/repository/org/xerial/sqlite-jdbc/3.25.2/sqlite-jdbc-3.25.2.jar:/home/user/.m2/repository/org/springframework/spring-jdbc/5.2.5.RELEASE/spring-jdbc-5.2.5.RELEASE.jar:/home/user/.m2/repository/org/springframework/spring-beans/5.2.5.RELEASE/spring-beans-5.2.5.RELEASE.jar:/home/user/.m2/repository/org/springframework/spring-core/5.2.5.RELEASE/spring-core-5.2.5.RELEASE.jar:/home/user/.m2/repository/org/springframework/spring-jcl/5.2.5.RELEASE/spring-jcl-5.2.5.RELEASE.jar:/home/user/.m2/repository/org/springframework/spring-tx/5.2.5.RELEASE/spring-tx-5.2.5.RELEASE.jar:/home/user/.m2/repository/org/apache/hadoop/hadoop-ozone-client/1.1.0-SNAPSHOT/hadoop-ozone-client-1.1.0-SNAPSHOT.jar:/home/user/.m2/repository/org/apache/hadoop/hadoop-ozone-filesystem/1.1.0-SNAPSHOT/hadoop-ozone-filesystem-1.1.0-SNAPSHOT.jar:/home/user/.m2/repository/org/apache/hadoop/hadoop-ozone-filesystem-common/1.1.0-SNAPSHOT/hadoop-ozone-filesystem-common-1.1.0-SNAPSHOT.jar:/home/user/.m2/repository/org/apache/hadoop/hadoop-ozone-tools/1.1.0-SNAPSHOT/hadoop-ozone-tools-1.1.0-SNAPSHOT.jar:/home/user/.m2/repository/org/apache/hadoop/hadoop-hdfs/3.2.1/hadoop-hdfs-3.2.1.jar:/home/user/.m2/repository/org/apache/ratis/ratis-tools/1.1.0-913f5a4-SNAPSHOT/ratis-tools-1.1.0-913f5a4-SNAPSHOT.jar:/home/user/.m2/repository/org/apache/ratis/ratis-proto/1.1.0-913f5a4-SNAPSHOT/ratis-proto-1.1.0-913f5a4-SNAPSHOT.jar:/home/user/.m2/repository/org/apache/ratis/ratis-common/1.1.0-913f5a4-SNAPSHOT/ratis-common-1.1.0-913f5a4-SNAPSHOT.jar:/home/user/.m2/repository/com/amazonaws/aws-java-sdk-core/1.11.615/aws-java-sdk-core-1.11.615.jar:/home/user/.m2/repository/org/apache/httpcomponents/httpclient/4.5.13/httpclient-4.5.13.jar:/home/user/.m2/repository/org/apache/httpcomponents/httpcore/4.4.13/httpcore-4.4.13.jar:/home/user/.m2/repository/software/amazon/ion/ion-java/1.0.2/ion-java-1.0.2.jar:/home/user/.m2/repository/com/fasterxml/jackson/dataformat/jackson-dataformat-cbor/2.10.3/jackson-dataformat-cbor-2.10.3.jar:/home/user/.m2/repository/joda-time/joda-time/2.8.1/joda-time-2.8.1.jar:/home/user/.m2/repository/com/amazonaws/aws-java-sdk-s3/1.11.615/aws-java-sdk-s3-1.11.615.jar:/home/user/.m2/repository/com/amazonaws/aws-java-sdk-kms/1.11.615/aws-java-sdk-kms-1.11.615.jar:/home/user/.m2/repository/com/amazonaws/jmespath-java/1.11.615/jmespath-java-1.11.615.jar:/home/user/.m2/repository/org/kohsuke/metainf-services/metainf-services/1.8/metainf-services-1.8.jar:/home/user/.m2/repository/org/apache/hadoop/hadoop-hdds-tools/1.1.0-SNAPSHOT/hadoop-hdds-tools-1.1.0-SNAPSHOT.jar:/home/user/.m2/repository/commons-cli/commons-cli/1.2/commons-cli-1.2.jar:/home/user/.m2/repository/org/apache/commons/commons-lang3/3.7/commons-lang3-3.7.jar:/home/user/.m2/repository/org/apache/hadoop/hadoop-ozone-ozone-manager/1.1.0-SNAPSHOT/hadoop-ozone-ozone-manager-1.1.0-SNAPSHOT-tests.jar:/home/user/.m2/repository/junit/junit/4.11/junit-4.11.jar:/home/user/.m2/repository/org/hamcrest/hamcrest-core/1.3/hamcrest-core-1.3.jar:/home/user/.m2/repository/org/openjdk/jmh/jmh-core/1.19/jmh-core-1.19.jar:/home/user/.m2/repository/net/sf/jopt-simple/jopt-simple/4.6/jopt-simple-4.6.jar:/home/user/.m2/repository/org/apache/commons/commons-math3/3.1.1/commons-math3-3.1.1.jar:/home/user/.m2/repository/org/openjdk/jmh/jmh-generator-annprocess/1.19/jmh-generator-annprocess-1.19.jar:/home/user/.m2/repository/org/mockito/mockito-all/1.8.5/mockito-all-1.8.5.jar:/home/user/.m2/repository/org/apache/hadoop/hadoop-kms/3.2.1/hadoop-kms-3.2.1.jar:/home/user/.m2/repository/org/apache/hadoop/hadoop-auth/3.2.1/hadoop-auth-3.2.1.jar:/home/user/.m2/repository/com/nimbusds/nimbus-jose-jwt/7.9/nimbus-jose-jwt-7.9.jar:/home/user/.m2/repository/com/github/stephenc/jcip/jcip-annotations/1.0-1/jcip-annotations-1.0-1.jar:/home/user/.m2/repository/net/minidev/json-smart/2.3/json-smart-2.3.jar:/home/user/.m2/repository/net/minidev/accessors-smart/1.2/accessors-smart-1.2.jar:/home/user/.m2/repository/org/ow2/asm/asm/5.0.4/asm-5.0.4.jar:/home/user/.m2/repository/org/apache/zookeeper/zookeeper/3.4.13/zookeeper-3.4.13.jar:/home/user/.m2/repository/org/apache/yetus/audience-annotations/0.5.0/audience-annotations-0.5.0.jar:/home/user/.m2/repository/org/apache/curator/curator-framework/2.13.0/curator-framework-2.13.0.jar:/home/user/.m2/repository/com/sun/jersey/jersey-core/1.19/jersey-core-1.19.jar:/home/user/.m2/repository/javax/ws/rs/jsr311-api/1.1.1/jsr311-api-1.1.1.jar:/home/user/.m2/repository/com/sun/jersey/jersey-server/1.19/jersey-server-1.19.jar:/home/user/.m2/repository/javax/servlet/javax.servlet-api/3.1.0/javax.servlet-api-3.1.0.jar:/home/user/.m2/repository/org/eclipse/jetty/jetty-server/9.4.34.v20201102/jetty-server-9.4.34.v20201102.jar:/home/user/.m2/repository/org/eclipse/jetty/jetty-http/9.4.34.v20201102/jetty-http-9.4.34.v20201102.jar:/home/user/.m2/repository/org/eclipse/jetty/jetty-io/9.4.34.v20201102/jetty-io-9.4.34.v20201102.jar:/home/user/.m2/repository/org/eclipse/jetty/jetty-webapp/9.4.34.v20201102/jetty-webapp-9.4.34.v20201102.jar:/home/user/.m2/repository/org/eclipse/jetty/jetty-xml/9.4.34.v20201102/jetty-xml-9.4.34.v20201102.jar:/home/user/.m2/repository/org/eclipse/jetty/jetty-servlet/9.4.34.v20201102/jetty-servlet-9.4.34.v20201102.jar:/home/user/.m2/repository/org/eclipse/jetty/jetty-security/9.4.34.v20201102/jetty-security-9.4.34.v20201102.jar:/home/user/.m2/repository/org/apache/hadoop/hadoop-common/3.2.1/hadoop-common-3.2.1.jar:/home/user/.m2/repository/commons-net/commons-net/3.6/commons-net-3.6.jar:/home/user/.m2/repository/commons-collections/commons-collections/3.2.2/commons-collections-3.2.2.jar:/home/user/.m2/repository/com/sun/jersey/jersey-servlet/1.19/jersey-servlet-1.19.jar:/home/user/.m2/repository/com/sun/jersey/jersey-json/1.19/jersey-json-1.19.jar:/home/user/.m2/repository/org/codehaus/jettison/jettison/1.1/jettison-1.1.jar:/home/user/.m2/repository/org/codehaus/jackson/jackson-jaxrs/1.9.2/jackson-jaxrs-1.9.2.jar:/home/user/.m2/repository/org/codehaus/jackson/jackson-xc/1.9.2/jackson-xc-1.9.2.jar:/home/user/.m2/repository/commons-beanutils/commons-beanutils/1.9.4/commons-beanutils-1.9.4.jar:/home/user/.m2/repository/org/apache/commons/commons-configuration2/2.1.1/commons-configuration2-2.1.1.jar:/home/user/.m2/repository/org/apache/commons/commons-text/1.4/commons-text-1.4.jar:/home/user/.m2/repository/com/google/re2j/re2j/1.1/re2j-1.1.jar:/home/user/.m2/repository/com/jcraft/jsch/0.1.54/jsch-0.1.54.jar:/home/user/.m2/repository/org/apache/curator/curator-client/2.13.0/curator-client-2.13.0.jar:/home/user/.m2/repository/org/apache/curator/curator-recipes/2.13.0/curator-recipes-2.13.0.jar:/home/user/.m2/repository/dnsjava/dnsjava/2.1.7/dnsjava-2.1.7.jar:/home/user/.m2/repository/org/slf4j/jul-to-slf4j/1.7.25/jul-to-slf4j-1.7.25.jar:/home/user/.m2/repository/org/eclipse/jetty/jetty-util/9.4.34.v20201102/jetty-util-9.4.34.v20201102.jar:/home/user/.m2/repository/com/fasterxml/jackson/core/jackson-databind/2.10.3/jackson-databind-2.10.3.jar:/home/user/.m2/repository/org/apache/hadoop/hadoop-kms/3.2.1/hadoop-kms-3.2.1-tests.jar:/home/user/.m2/repository/org/apache/hadoop/hadoop-hdds-server-scm/1.1.0-SNAPSHOT/hadoop-hdds-server-scm-1.1.0-SNAPSHOT-tests.jar:/home/user/.m2/repository/org/apache/hadoop/hadoop-hdds-container-service/1.1.0-SNAPSHOT/hadoop-hdds-container-service-1.1.0-SNAPSHOT-tests.jar:/home/user/.m2/repository/org/apache/hadoop/hadoop-hdds-common/1.1.0-SNAPSHOT/hadoop-hdds-common-1.1.0-SNAPSHOT-tests.jar:/home/user/.m2/repository/org/yaml/snakeyaml/1.16/snakeyaml-1.16.jar:/home/user/.m2/repository/org/apache/hadoop/hadoop-hdds-hadoop-dependency-test/1.1.0-SNAPSHOT/hadoop-hdds-hadoop-dependency-test-1.1.0-SNAPSHOT.jar:/home/user/.m2/repository/org/apache/hadoop/hadoop-common/3.2.1/hadoop-common-3.2.1-tests.jar:/home/user/.m2/repository/javax/servlet/jsp/jsp-api/2.1/jsp-api-2.1.jar:/home/user/.m2/repository/org/apache/hadoop/hadoop-hdfs/3.2.1/hadoop-hdfs-3.2.1-tests.jar:/home/user/.m2/repository/org/eclipse/jetty/jetty-util-ajax/9.4.34.v20201102/jetty-util-ajax-9.4.34.v20201102.jar:/home/user/.m2/repository/commons-codec/commons-codec/1.11/commons-codec-1.11.jar:/home/user/.m2/repository/commons-daemon/commons-daemon/1.0.13/commons-daemon-1.0.13.jar:/home/user/.m2/repository/io/netty/netty/3.10.5.Final/netty-3.10.5.Final.jar:/home/user/.m2/repository/io/netty/netty-all/4.1.48.Final/netty-all-4.1.48.Final.jar:/home/user/.m2/repository/org/apache/htrace/htrace-core4/4.1.0-incubating/htrace-core4-4.1.0-incubating.jar:/home/user/.m2/repository/org/fusesource/leveldbjni/leveldbjni-all/1.8/leveldbjni-all-1.8.jar:/home/user/.m2/repository/org/apache/hadoop/hadoop-distcp/3.2.1/hadoop-distcp-3.2.1.jar:/home/user/.m2/repository/org/apache/hadoop/hadoop-mapreduce-client-jobclient/3.2.1/hadoop-mapreduce-client-jobclient-3.2.1.jar:/home/user/.m2/repository/org/apache/hadoop/hadoop-mapreduce-client-common/3.2.1/hadoop-mapreduce-client-common-3.2.1.jar:/home/user/.m2/repository/org/apache/hadoop/hadoop-yarn-common/3.2.1/hadoop-yarn-common-3.2.1.jar:/home/user/.m2/repository/org/apache/hadoop/hadoop-yarn-api/3.2.1/hadoop-yarn-api-3.2.1.jar:/home/user/.m2/repository/com/sun/jersey/jersey-client/1.19/jersey-client-1.19.jar:/home/user/.m2/repository/com/sun/jersey/contribs/jersey-guice/1.19/jersey-guice-1.19.jar:/home/user/.m2/repository/com/fasterxml/jackson/jaxrs/jackson-jaxrs-json-provider/2.10.3/jackson-jaxrs-json-provider-2.10.3.jar:/home/user/.m2/repository/com/fasterxml/jackson/jaxrs/jackson-jaxrs-base/2.10.3/jackson-jaxrs-base-2.10.3.jar:/home/user/.m2/repository/org/apache/hadoop/hadoop-yarn-client/3.2.1/hadoop-yarn-client-3.2.1.jar:/home/user/.m2/repository/org/apache/hadoop/hadoop-mapreduce-client-core/3.2.1/hadoop-mapreduce-client-core-3.2.1.jar:/home/user/.m2/repository/org/apache/avro/avro/1.7.7/avro-1.7.7.jar:/home/user/.m2/repository/org/codehaus/jackson/jackson-core-asl/1.9.13/jackson-core-asl-1.9.13.jar:/home/user/.m2/repository/org/codehaus/jackson/jackson-mapper-asl/1.9.13/jackson-mapper-asl-1.9.13.jar:/home/user/.m2/repository/com/thoughtworks/paranamer/paranamer/2.3/paranamer-2.3.jar:/home/user/.m2/repository/org/xerial/snappy/snappy-java/1.0.5/snappy-java-1.0.5.jar:/home/user/.m2/repository/org/apache/hadoop/hadoop-annotations/3.2.1/hadoop-annotations-3.2.1.jar:/usr/lib/jvm/java-1.8.0-openjdk-1.8.0.232.b09-0.el7_7.x86_64/jre/../lib/tools.jar:/home/user/.m2/repository/org/apache/hadoop/hadoop-distcp/3.2.1/hadoop-distcp-3.2.1-tests.jar:"/>
    <property name="sun.cpu.endian" value="little"/>
    <property name="user.home" value="/home/user"/>
    <property name="user.language" value="en"/>
    <property name="java.specification.vendor" value="Oracle Corporation"/>
    <property name="java.home" value="/usr/lib/jvm/java-1.8.0-openjdk-1.8.0.232.b09-0.el7_7.x86_64/jre"/>
    <property name="java.security.krb5.conf" value="/github/workspace/mnt/ozone/hadoop-ozone/integration-test/target/test-classes/krb5.conf"/>
    <property name="basedir" value="/github/workspace/mnt/ozone/hadoop-ozone/integration-test"/>
    <property name="file.separator" value="/"/>
    <property name="line.separator" value="&#10;"/>
    <property name="java.vm.specification.vendor" value="Oracle Corporation"/>
    <property name="java.specification.name" value="Java Platform API Specification"/>
    <property name="java.awt.graphicsenv" value="sun.awt.X11GraphicsEnvironment"/>
    <property name="skip.installnpx" value="true"/>
    <property name="surefire.real.class.path" value="/github/workspace/mnt/ozone/hadoop-ozone/integration-test/target/surefire/surefirebooter2568097262783949807.jar:/home/user/.m2/repository/org/jacoco/org.jacoco.agent/0.8.5/org.jacoco.agent-0.8.5-runtime.jar"/>
    <property name="hadoop.log.dir" value="/github/workspace/mnt/ozone/hadoop-ozone/integration-test/target/log"/>
    <property name="sun.boot.class.path" value="/usr/lib/jvm/java-1.8.0-openjdk-1.8.0.232.b09-0.el7_7.x86_64/jre/lib/resources.jar:/usr/lib/jvm/java-1.8.0-openjdk-1.8.0.232.b09-0.el7_7.x86_64/jre/lib/rt.jar:/usr/lib/jvm/java-1.8.0-openjdk-1.8.0.232.b09-0.el7_7.x86_64/jre/lib/sunrsasign.jar:/usr/lib/jvm/java-1.8.0-openjdk-1.8.0.232.b09-0.el7_7.x86_64/jre/lib/jsse.jar:/usr/lib/jvm/java-1.8.0-openjdk-1.8.0.232.b09-0.el7_7.x86_64/jre/lib/jce.jar:/usr/lib/jvm/java-1.8.0-openjdk-1.8.0.232.b09-0.el7_7.x86_64/jre/lib/charsets.jar:/usr/lib/jvm/java-1.8.0-openjdk-1.8.0.232.b09-0.el7_7.x86_64/jre/lib/jfr.jar:/usr/lib/jvm/java-1.8.0-openjdk-1.8.0.232.b09-0.el7_7.x86_64/jre/classes"/>
    <property name="sun.management.compiler" value="HotSpot 64-Bit Tiered Compilers"/>
    <property name="skip.npx" value="true"/>
    <property name="java.runtime.version" value="1.8.0_232-b09"/>
    <property name="java.net.preferIPv4Stack" value="true"/>
    <property name="user.name" value="jenkins1001"/>
    <property name="path.separator" value=":"/>
    <property name="java.security.egd" value="file:///dev/urandom"/>
    <property name="os.version" value="5.4.0-1031-azure"/>
    <property name="java.endorsed.dirs" value="/usr/lib/jvm/java-1.8.0-openjdk-1.8.0.232.b09-0.el7_7.x86_64/jre/lib/endorsed"/>
    <property name="java.runtime.name" value="OpenJDK Runtime Environment"/>
    <property name="file.encoding" value="ANSI_X3.4-1968"/>
    <property name="java.vm.name" value="OpenJDK 64-Bit Server VM"/>
    <property name="test.build.webapps" value=""/>
    <property name="localRepository" value="/home/user/.m2/repository"/>
    <property name="java.vendor.url.bug" value="http://bugreport.sun.com/bugreport/"/>
    <property name="java.io.tmpdir" value="/tmp"/>
    <property name="require.test.libhadoop" value=""/>
    <property name="java.version" value="1.8.0_232"/>
    <property name="user.dir" value="/github/workspace/mnt/ozone/hadoop-ozone/integration-test"/>
    <property name="os.arch" value="amd64"/>
    <property name="java.vm.specification.name" value="Java Virtual Machine Specification"/>
    <property name="test.build.classes" value="/github/workspace/mnt/ozone/hadoop-ozone/integration-test/target/test-classes"/>
    <property name="java.awt.printerjob" value="sun.print.PSPrinterJob"/>
    <property name="sun.os.patch.level" value="unknown"/>
    <property name="hadoop.tmp.dir" value="/github/workspace/mnt/ozone/hadoop-ozone/integration-test/target/tmp"/>
    <property name="java.library.path" value="/usr/lib:/usr/java/packages/lib/amd64:/usr/lib64:/lib64:/lib:/usr/lib"/>
    <property name="java.vm.info" value="mixed mode"/>
    <property name="java.vendor" value="Oracle Corporation"/>
    <property name="java.vm.version" value="25.232-b09"/>
    <property name="java.ext.dirs" value="/usr/lib/jvm/java-1.8.0-openjdk-1.8.0.232.b09-0.el7_7.x86_64/jre/lib/ext:/usr/java/packages/lib/ext"/>
    <property name="sun.io.unicode.encoding" value="UnicodeLittle"/>
    <property name="java.class.version" value="52.0"/>
  </properties>
  <testcase name="testDeleteKeyWithSlowFollower" classname="org.apache.hadoop.ozone.client.rpc.TestDeleteWithSlowFollower" time="122.685">
    <failure message="Expected exception is not thrown" type="java.lang.AssertionError">java.lang.AssertionError: Expected exception is not thrown
	at org.junit.Assert.fail(Assert.java:88)
	at org.apache.hadoop.ozone.client.rpc.TestDeleteWithSlowFollower.testDeleteKeyWithSlowFollower(TestDeleteWithSlowFollower.java:319)
	at sun.reflect.NativeMethodAccessorImpl.invoke0(Native Method)
	at sun.reflect.NativeMethodAccessorImpl.invoke(NativeMethodAccessorImpl.java:62)
	at sun.reflect.DelegatingMethodAccessorImpl.invoke(DelegatingMethodAccessorImpl.java:43)
	at java.lang.reflect.Method.invoke(Method.java:498)
	at org.junit.runners.model.FrameworkMethod$1.runReflectiveCall(FrameworkMethod.java:47)
	at org.junit.internal.runners.model.ReflectiveCallable.run(ReflectiveCallable.java:12)
	at org.junit.runners.model.FrameworkMethod.invokeExplosively(FrameworkMethod.java:44)
	at org.junit.internal.runners.statements.InvokeMethod.evaluate(InvokeMethod.java:17)
	at org.junit.runners.ParentRunner.runLeaf(ParentRunner.java:271)
	at org.junit.runners.BlockJUnit4ClassRunner.runChild(BlockJUnit4ClassRunner.java:70)
	at org.junit.runners.BlockJUnit4ClassRunner.runChild(BlockJUnit4ClassRunner.java:50)
	at org.junit.runners.ParentRunner$3.run(ParentRunner.java:238)
	at org.junit.runners.ParentRunner$1.schedule(ParentRunner.java:63)
	at org.junit.runners.ParentRunner.runChildren(ParentRunner.java:236)
	at org.junit.runners.ParentRunner.access$000(ParentRunner.java:53)
	at org.junit.runners.ParentRunner$2.evaluate(ParentRunner.java:229)
	at org.junit.internal.runners.statements.RunBefores.evaluate(RunBefores.java:26)
	at org.junit.internal.runners.statements.RunAfters.evaluate(RunAfters.java:27)
	at org.junit.runners.ParentRunner.run(ParentRunner.java:309)
	at org.apache.maven.surefire.junit4.JUnit4Provider.execute(JUnit4Provider.java:365)
	at org.apache.maven.surefire.junit4.JUnit4Provider.executeWithRerun(JUnit4Provider.java:273)
	at org.apache.maven.surefire.junit4.JUnit4Provider.executeTestSet(JUnit4Provider.java:238)
	at org.apache.maven.surefire.junit4.JUnit4Provider.invoke(JUnit4Provider.java:159)
	at org.apache.maven.surefire.booter.ForkedBooter.invokeProviderInSameClassLoader(ForkedBooter.java:384)
	at org.apache.maven.surefire.booter.ForkedBooter.runSuitesInProcess(ForkedBooter.java:345)
	at org.apache.maven.surefire.booter.ForkedBooter.execute(ForkedBooter.java:126)
	at org.apache.maven.surefire.booter.ForkedBooter.main(ForkedBooter.java:418)
</failure>
    <system-out><![CDATA[2020-11-25 10:33:58,449 [main] WARN  server.ServerUtils (ServerUtils.java:getScmDbDir(148)) - ozone.scm.db.dirs is not configured. We recommend adding this setting. Falling back to ozone.metadata.dirs instead.
2020-11-25 10:33:58,539 [main] WARN  server.ServerUtils (ServerUtils.java:getScmDbDir(148)) - ozone.scm.db.dirs is not configured. We recommend adding this setting. Falling back to ozone.metadata.dirs instead.
2020-11-25 10:33:58,667 [main] WARN  db.DBStoreBuilder (DBStoreBuilder.java:applyDBDefinition(145)) - ozone.scm.db.dirs is not configured. We recommend adding this setting. Falling back to ozone.metadata.dirs instead.
2020-11-25 10:33:58,794 [main] INFO  net.NodeSchemaLoader (NodeSchemaLoader.java:loadSchemaFromFile(126)) - Loading file from sun.misc.CompoundEnumeration@780ec4a5
2020-11-25 10:33:58,795 [main] INFO  net.NodeSchemaLoader (NodeSchemaLoader.java:loadSchema(172)) - Loading network topology layer schema file
2020-11-25 10:33:58,857 [main] WARN  server.ServerUtils (ServerUtils.java:sanitizeUserArgs(73)) - ozone.scm.stale.node.interval value = 1000000 is larger than max = 100000 based on the key value of ozone.scm.heartbeat.thread.interval, reset to the max value 100000.
2020-11-25 10:33:58,857 [main] WARN  server.ServerUtils (ServerUtils.java:sanitizeUserArgs(73)) - ozone.scm.stale.node.interval value = 1000000 is larger than max = 100000 based on the key value of ozone.scm.heartbeat.thread.interval, reset to the max value 100000.
2020-11-25 10:33:58,860 [main] INFO  node.SCMNodeManager (SCMNodeManager.java:<init>(120)) - Entering startup safe mode.
2020-11-25 10:33:58,949 [main] INFO  algorithms.ContainerPlacementPolicyFactory (ContainerPlacementPolicyFactory.java:getPolicy(60)) - Create container placement policy of type org.apache.hadoop.hdds.scm.container.placement.algorithms.SCMContainerPlacementRandom
2020-11-25 10:33:58,976 [main] INFO  algorithms.LeaderChoosePolicyFactory (LeaderChoosePolicyFactory.java:getPolicy(57)) - Create leader choose policy of type org.apache.hadoop.hdds.scm.pipeline.leader.choose.algorithms.DefaultLeaderChoosePolicy
2020-11-25 10:33:58,976 [main] INFO  pipeline.SCMPipelineManager (SCMPipelineManager.java:initializePipelineState(161)) - No pipeline exists in current db
2020-11-25 10:33:58,991 [main] INFO  algorithms.PipelineChoosePolicyFactory (PipelineChoosePolicyFactory.java:createPipelineChoosePolicyFromClass(75)) - Create pipeline choose policy of type org.apache.hadoop.hdds.scm.pipeline.choose.algorithms.RandomPipelineChoosePolicy
2020-11-25 10:33:59,063 [main] INFO  safemode.HealthyPipelineSafeModeRule (HealthyPipelineSafeModeRule.java:<init>(89)) - Total pipeline count is 0, healthy pipeline threshold count is 0
2020-11-25 10:33:59,066 [main] INFO  safemode.OneReplicaPipelineSafeModeRule (OneReplicaPipelineSafeModeRule.java:<init>(84)) - Total pipeline count is 0, pipeline's with at least one datanode reported threshold count is 0
2020-11-25 10:33:59,419 [main] INFO  ipc.CallQueueManager (CallQueueManager.java:<init>(84)) - Using callQueue: class java.util.concurrent.LinkedBlockingQueue, queueCapacity: 2000, scheduler: class org.apache.hadoop.ipc.DefaultRpcScheduler, ipcBackoff: false.
2020-11-25 10:33:59,440 [Socket Reader #1 for port 0] INFO  ipc.Server (Server.java:run(1219)) - Starting Socket Reader #1 for port 0
2020-11-25 10:33:59,470 [Listener at 0.0.0.0/40653] INFO  ipc.CallQueueManager (CallQueueManager.java:<init>(84)) - Using callQueue: class java.util.concurrent.LinkedBlockingQueue, queueCapacity: 2000, scheduler: class org.apache.hadoop.ipc.DefaultRpcScheduler, ipcBackoff: false.
2020-11-25 10:33:59,471 [Socket Reader #1 for port 0] INFO  ipc.Server (Server.java:run(1219)) - Starting Socket Reader #1 for port 0
2020-11-25 10:33:59,481 [Listener at 0.0.0.0/40815] INFO  ipc.CallQueueManager (CallQueueManager.java:<init>(84)) - Using callQueue: class java.util.concurrent.LinkedBlockingQueue, queueCapacity: 2000, scheduler: class org.apache.hadoop.ipc.DefaultRpcScheduler, ipcBackoff: false.
2020-11-25 10:33:59,484 [Socket Reader #1 for port 0] INFO  ipc.Server (Server.java:run(1219)) - Starting Socket Reader #1 for port 0
2020-11-25 10:33:59,507 [Listener at 0.0.0.0/37353] INFO  http.BaseHttpServer (BaseHttpServer.java:newHttpServer2BuilderForOzone(207)) - Starting Web-server for scm at: http://0.0.0.0:0
2020-11-25 10:33:59,507 [Listener at 0.0.0.0/37353] INFO  http.BaseHttpServer (BaseHttpServer.java:<init>(106)) - Hadoop Security Enabled: false Ozone Security Enabled: false Ozone HTTP Security Enabled: false 
2020-11-25 10:33:59,532 [Listener at 0.0.0.0/37353] INFO  util.log (Log.java:initialized(169)) - Logging initialized @2061ms to org.eclipse.jetty.util.log.Slf4jLog
2020-11-25 10:33:59,643 [Listener at 0.0.0.0/37353] INFO  server.AuthenticationFilter (AuthenticationFilter.java:constructSecretProvider(240)) - Unable to initialize FileSignerSecretProvider, falling back to use random secrets.
2020-11-25 10:33:59,656 [Listener at 0.0.0.0/37353] WARN  http.HttpRequestLog (HttpRequestLog.java:getRequestLog(103)) - Jetty request log can only be enabled using Log4j
2020-11-25 10:33:59,661 [Listener at 0.0.0.0/37353] INFO  http.HttpServer2 (HttpServer2.java:addGlobalFilter(1019)) - Added global filter 'safety' (class=org.apache.hadoop.hdds.server.http.HttpServer2$QuotingInputFilter)
2020-11-25 10:33:59,663 [Listener at 0.0.0.0/37353] INFO  http.HttpServer2 (HttpServer2.java:addFilter(995)) - Added filter static_user_filter (class=org.apache.hadoop.http.lib.StaticUserWebFilter$StaticUserFilter) to context scm
2020-11-25 10:33:59,663 [Listener at 0.0.0.0/37353] INFO  http.HttpServer2 (HttpServer2.java:addFilter(1003)) - Added filter static_user_filter (class=org.apache.hadoop.http.lib.StaticUserWebFilter$StaticUserFilter) to context logs
2020-11-25 10:33:59,663 [Listener at 0.0.0.0/37353] INFO  http.HttpServer2 (HttpServer2.java:addFilter(1003)) - Added filter static_user_filter (class=org.apache.hadoop.http.lib.StaticUserWebFilter$StaticUserFilter) to context static
2020-11-25 10:33:59,702 [Listener at 0.0.0.0/37353] INFO  server.StorageContainerManager (StorageContainerManager.java:start(789)) - StorageContainerLocationProtocol RPC server is listening at /0.0.0.0:37353
2020-11-25 10:33:59,747 [Listener at 0.0.0.0/37353] WARN  impl.MetricsConfig (MetricsConfig.java:loadFirst(134)) - Cannot locate configuration: tried hadoop-metrics2-storagecontainermanager.properties,hadoop-metrics2.properties
2020-11-25 10:33:59,760 [Listener at 0.0.0.0/37353] INFO  impl.MetricsSystemImpl (MetricsSystemImpl.java:startTimer(374)) - Scheduled Metric snapshot period at 10 second(s).
2020-11-25 10:33:59,760 [Listener at 0.0.0.0/37353] INFO  impl.MetricsSystemImpl (MetricsSystemImpl.java:start(191)) - StorageContainerManager metrics system started
2020-11-25 10:33:59,957 [Listener at 0.0.0.0/37353] INFO  server.SCMClientProtocolServer (SCMClientProtocolServer.java:start(156)) - RPC server for Client  is listening at /0.0.0.0:37353
2020-11-25 10:33:59,958 [IPC Server Responder] INFO  ipc.Server (Server.java:run(1460)) - IPC Server Responder: starting
2020-11-25 10:33:59,958 [IPC Server listener on 0] INFO  ipc.Server (Server.java:run(1298)) - IPC Server listener on 0: starting
2020-11-25 10:33:59,962 [Listener at 0.0.0.0/37353] INFO  server.StorageContainerManager (StorageContainerManager.java:start(801)) - ScmBlockLocationProtocol RPC server is listening at /0.0.0.0:40815
2020-11-25 10:33:59,963 [Listener at 0.0.0.0/37353] INFO  server.SCMBlockProtocolServer (SCMBlockProtocolServer.java:start(150)) - RPC server for Block Protocol is listening at /0.0.0.0:40815
2020-11-25 10:33:59,963 [IPC Server Responder] INFO  ipc.Server (Server.java:run(1460)) - IPC Server Responder: starting
2020-11-25 10:33:59,963 [IPC Server listener on 0] INFO  ipc.Server (Server.java:run(1298)) - IPC Server listener on 0: starting
2020-11-25 10:33:59,966 [Listener at 0.0.0.0/37353] INFO  server.StorageContainerManager (StorageContainerManager.java:start(807)) - ScmDatanodeProtocl RPC server is listening at /0.0.0.0:40653
2020-11-25 10:33:59,966 [Listener at 0.0.0.0/37353] INFO  server.SCMDatanodeProtocolServer (SCMDatanodeProtocolServer.java:start(172)) - RPC server for DataNodes is listening at /0.0.0.0:40653
2020-11-25 10:33:59,967 [IPC Server Responder] INFO  ipc.Server (Server.java:run(1460)) - IPC Server Responder: starting
2020-11-25 10:33:59,967 [IPC Server listener on 0] INFO  ipc.Server (Server.java:run(1298)) - IPC Server listener on 0: starting
2020-11-25 10:33:59,971 [Listener at 0.0.0.0/37353] INFO  http.HttpServer2 (HttpServer2.java:bindListener(1237)) - Jetty bound to port 44981
2020-11-25 10:33:59,973 [Listener at 0.0.0.0/37353] INFO  server.Server (Server.java:doStart(375)) - jetty-9.4.34.v20201102; built: 2020-11-02T14:15:39.302Z; git: e46af88704a893fc12cb0e3bf46e2c7b48a009e7; jvm 1.8.0_232-b09
2020-11-25 10:34:00,004 [Listener at 0.0.0.0/37353] INFO  server.session (DefaultSessionIdManager.java:doStart(334)) - DefaultSessionIdManager workerName=node0
2020-11-25 10:34:00,005 [Listener at 0.0.0.0/37353] INFO  server.session (DefaultSessionIdManager.java:doStart(339)) - No SessionScavenger set, using defaults
2020-11-25 10:34:00,006 [Listener at 0.0.0.0/37353] INFO  server.session (HouseKeeper.java:startScavenging(132)) - node0 Scavenging every 600000ms
2020-11-25 10:34:00,021 [Listener at 0.0.0.0/37353] INFO  handler.ContextHandler (ContextHandler.java:doStart(916)) - Started o.e.j.s.ServletContextHandler@245253d8{logs,/logs,file:///github/workspace/mnt/ozone/hadoop-ozone/integration-test/target/log,AVAILABLE}
2020-11-25 10:34:00,022 [Listener at 0.0.0.0/37353] INFO  handler.ContextHandler (ContextHandler.java:doStart(916)) - Started o.e.j.s.ServletContextHandler@67fb5025{static,/static,file:///github/workspace/mnt/ozone/hadoop-ozone/integration-test/target/test-classes/webapps/static,AVAILABLE}
2020-11-25 10:34:00,061 [Listener at 0.0.0.0/37353] INFO  handler.ContextHandler (ContextHandler.java:doStart(916)) - Started o.e.j.w.WebAppContext@1c6a0103{scm,/,file:///github/workspace/mnt/ozone/hadoop-ozone/integration-test/target/test-classes/webapps/scm/,AVAILABLE}{file:/github/workspace/mnt/ozone/hadoop-ozone/integration-test/target/test-classes/webapps/scm}
2020-11-25 10:34:00,070 [Listener at 0.0.0.0/37353] INFO  server.AbstractConnector (AbstractConnector.java:doStart(331)) - Started ServerConnector@d3e3085{HTTP/1.1, (http/1.1)}{0.0.0.0:44981}
2020-11-25 10:34:00,070 [Listener at 0.0.0.0/37353] INFO  server.Server (Server.java:doStart(415)) - Started @2598ms
2020-11-25 10:34:00,076 [Listener at 0.0.0.0/37353] INFO  impl.MetricsSinkAdapter (MetricsSinkAdapter.java:start(204)) - Sink prometheus started
2020-11-25 10:34:00,076 [Listener at 0.0.0.0/37353] INFO  impl.MetricsSystemImpl (MetricsSystemImpl.java:registerSink(301)) - Registered sink prometheus
2020-11-25 10:34:00,080 [Listener at 0.0.0.0/37353] INFO  http.BaseHttpServer (BaseHttpServer.java:updateConnectorAddress(327)) - HTTP server of scm listening at http://0.0.0.0:44981
2020-11-25 10:34:00,085 [Listener at 0.0.0.0/37353] WARN  server.ServerUtils (ServerUtils.java:getDBPath(225)) - ozone.om.db.dirs is not configured. We recommend adding this setting. Falling back to ozone.metadata.dirs instead.
2020-11-25 10:34:00,093 [org.apache.hadoop.util.JvmPauseMonitor$Monitor@79ca7bea] INFO  util.JvmPauseMonitor (JvmPauseMonitor.java:run(188)) - Starting JVM pause monitor
2020-11-25 10:34:00,183 [Listener at 0.0.0.0/37353] INFO  ha.OMHANodeDetails (OMHANodeDetails.java:loadOMHAConfig(104)) - ozone.om.internal.service.id is not defined, falling back to ozone.om.service.ids to find serviceID for OzoneManager if it is HA enabled cluster
2020-11-25 10:34:00,186 [Listener at 0.0.0.0/37353] INFO  ha.OMHANodeDetails (OMHANodeDetails.java:loadOMHAConfig(213)) - Configuration either no ozone.om.address set. Falling back to the default OM address /127.0.0.1:0
2020-11-25 10:34:00,186 [Listener at 0.0.0.0/37353] INFO  ha.OMHANodeDetails (OMHANodeDetails.java:getOMNodeDetails(241)) - OM Service ID is not set. Setting it to the default ID: omServiceIdDefault
2020-11-25 10:34:00,188 [Listener at 0.0.0.0/37353] WARN  server.ServerUtils (ServerUtils.java:getDBPath(225)) - ozone.om.db.dirs is not configured. We recommend adding this setting. Falling back to ozone.metadata.dirs instead.
2020-11-25 10:34:00,189 [Listener at 0.0.0.0/37353] WARN  server.ServerUtils (ServerUtils.java:getDBPath(225)) - ozone.om.db.dirs is not configured. We recommend adding this setting. Falling back to ozone.metadata.dirs instead.
2020-11-25 10:34:00,770 [Listener at 0.0.0.0/37353] WARN  server.ServerUtils (ServerUtils.java:getDBPath(225)) - ozone.om.db.dirs is not configured. We recommend adding this setting. Falling back to ozone.metadata.dirs instead.
2020-11-25 10:34:00,776 [Listener at 0.0.0.0/37353] INFO  codec.OmKeyInfoCodec (OmKeyInfoCodec.java:<init>(41)) - OmKeyInfoCodec ignorePipeline = true
2020-11-25 10:34:00,777 [Listener at 0.0.0.0/37353] INFO  codec.RepeatedOmKeyInfoCodec (RepeatedOmKeyInfoCodec.java:<init>(40)) - RepeatedOmKeyInfoCodec ignorePipeline = true
2020-11-25 10:34:00,899 [Listener at 0.0.0.0/37353] INFO  om.OzoneManager (OzoneManager.java:addS3GVolumeToDB(3741)) - Created Volume s3v With Owner jenkins1001 required for S3Gateway operations.
2020-11-25 10:34:00,918 [Listener at 0.0.0.0/37353] INFO  ipc.CallQueueManager (CallQueueManager.java:<init>(84)) - Using callQueue: class java.util.concurrent.LinkedBlockingQueue, queueCapacity: 2000, scheduler: class org.apache.hadoop.ipc.DefaultRpcScheduler, ipcBackoff: false.
2020-11-25 10:34:00,920 [Socket Reader #1 for port 0] INFO  ipc.Server (Server.java:run(1219)) - Starting Socket Reader #1 for port 0
2020-11-25 10:34:00,939 [Listener at 127.0.0.1/38909] INFO  impl.MetricsSystemImpl (MetricsSystemImpl.java:init(158)) - OzoneManager metrics system started (again)
2020-11-25 10:34:00,946 [Listener at 127.0.0.1/38909] INFO  om.OzoneManager (OzoneManager.java:start(1144)) - OzoneManager RPC server is listening at localhost/127.0.0.1:38909
2020-11-25 10:34:00,981 [Listener at 127.0.0.1/38909] INFO  http.BaseHttpServer (BaseHttpServer.java:newHttpServer2BuilderForOzone(207)) - Starting Web-server for ozoneManager at: http://0.0.0.0:0
2020-11-25 10:34:00,982 [Listener at 127.0.0.1/38909] INFO  http.BaseHttpServer (BaseHttpServer.java:<init>(106)) - Hadoop Security Enabled: false Ozone Security Enabled: false Ozone HTTP Security Enabled: false 
2020-11-25 10:34:00,983 [Listener at 127.0.0.1/38909] INFO  server.AuthenticationFilter (AuthenticationFilter.java:constructSecretProvider(240)) - Unable to initialize FileSignerSecretProvider, falling back to use random secrets.
2020-11-25 10:34:00,984 [Listener at 127.0.0.1/38909] WARN  http.HttpRequestLog (HttpRequestLog.java:getRequestLog(103)) - Jetty request log can only be enabled using Log4j
2020-11-25 10:34:00,985 [Listener at 127.0.0.1/38909] INFO  http.HttpServer2 (HttpServer2.java:addGlobalFilter(1019)) - Added global filter 'safety' (class=org.apache.hadoop.hdds.server.http.HttpServer2$QuotingInputFilter)
2020-11-25 10:34:00,986 [Listener at 127.0.0.1/38909] INFO  http.HttpServer2 (HttpServer2.java:addFilter(995)) - Added filter static_user_filter (class=org.apache.hadoop.http.lib.StaticUserWebFilter$StaticUserFilter) to context ozoneManager
2020-11-25 10:34:00,987 [Listener at 127.0.0.1/38909] INFO  http.HttpServer2 (HttpServer2.java:addFilter(1003)) - Added filter static_user_filter (class=org.apache.hadoop.http.lib.StaticUserWebFilter$StaticUserFilter) to context static
2020-11-25 10:34:00,987 [Listener at 127.0.0.1/38909] INFO  http.HttpServer2 (HttpServer2.java:addFilter(1003)) - Added filter static_user_filter (class=org.apache.hadoop.http.lib.StaticUserWebFilter$StaticUserFilter) to context logs
2020-11-25 10:34:00,990 [Listener at 127.0.0.1/38909] INFO  http.HttpServer2 (HttpServer2.java:bindListener(1237)) - Jetty bound to port 35573
2020-11-25 10:34:00,991 [Listener at 127.0.0.1/38909] INFO  server.Server (Server.java:doStart(375)) - jetty-9.4.34.v20201102; built: 2020-11-02T14:15:39.302Z; git: e46af88704a893fc12cb0e3bf46e2c7b48a009e7; jvm 1.8.0_232-b09
2020-11-25 10:34:00,992 [Listener at 127.0.0.1/38909] INFO  server.session (DefaultSessionIdManager.java:doStart(334)) - DefaultSessionIdManager workerName=node0
2020-11-25 10:34:00,993 [Listener at 127.0.0.1/38909] INFO  server.session (DefaultSessionIdManager.java:doStart(339)) - No SessionScavenger set, using defaults
2020-11-25 10:34:00,993 [Listener at 127.0.0.1/38909] INFO  server.session (HouseKeeper.java:startScavenging(132)) - node0 Scavenging every 600000ms
2020-11-25 10:34:00,994 [Listener at 127.0.0.1/38909] INFO  handler.ContextHandler (ContextHandler.java:doStart(916)) - Started o.e.j.s.ServletContextHandler@25f73119{logs,/logs,file:///github/workspace/mnt/ozone/hadoop-ozone/integration-test/target/log,AVAILABLE}
2020-11-25 10:34:00,994 [Listener at 127.0.0.1/38909] INFO  handler.ContextHandler (ContextHandler.java:doStart(916)) - Started o.e.j.s.ServletContextHandler@f0d01c9{static,/static,file:///github/workspace/mnt/ozone/hadoop-ozone/integration-test/target/test-classes/webapps/static,AVAILABLE}
2020-11-25 10:34:00,998 [Listener at 127.0.0.1/38909] INFO  handler.ContextHandler (ContextHandler.java:doStart(916)) - Started o.e.j.w.WebAppContext@36e358de{ozoneManager,/,file:///github/workspace/mnt/ozone/hadoop-ozone/integration-test/target/test-classes/webapps/ozoneManager/,AVAILABLE}{file:/github/workspace/mnt/ozone/hadoop-ozone/integration-test/target/test-classes/webapps/ozoneManager}
2020-11-25 10:34:01,000 [Listener at 127.0.0.1/38909] INFO  server.AbstractConnector (AbstractConnector.java:doStart(331)) - Started ServerConnector@5b2c41f9{HTTP/1.1, (http/1.1)}{0.0.0.0:35573}
2020-11-25 10:34:01,000 [Listener at 127.0.0.1/38909] INFO  server.Server (Server.java:doStart(415)) - Started @3528ms
2020-11-25 10:34:01,000 [Listener at 127.0.0.1/38909] WARN  impl.MetricsSystemImpl (MetricsSystemImpl.java:register(276)) - Sink prometheus already exists!
2020-11-25 10:34:01,004 [Listener at 127.0.0.1/38909] INFO  http.BaseHttpServer (BaseHttpServer.java:updateConnectorAddress(327)) - HTTP server of ozoneManager listening at http://0.0.0.0:35573
2020-11-25 10:34:01,005 [IPC Server Responder] INFO  ipc.Server (Server.java:run(1460)) - IPC Server Responder: starting
2020-11-25 10:34:01,005 [IPC Server listener on 0] INFO  ipc.Server (Server.java:run(1298)) - IPC Server listener on 0: starting
2020-11-25 10:34:01,009 [Listener at 127.0.0.1/38909] INFO  om.OzoneManager (OzoneManager.java:startTrashEmptier(1269)) - Trash Interval set to 0. Files deleted will not move to trash
2020-11-25 10:34:01,024 [org.apache.hadoop.util.JvmPauseMonitor$Monitor@549404e7] INFO  util.JvmPauseMonitor (JvmPauseMonitor.java:run(188)) - Starting JVM pause monitor
2020-11-25 10:34:01,167 [Listener at 127.0.0.1/38909] INFO  metrics.MetricRegistries (MetricRegistriesLoader.java:load(64)) - Loaded MetricRegistries class org.apache.ratis.metrics.impl.MetricRegistriesImpl
2020-11-25 10:34:01,169 [Listener at 127.0.0.1/38909] INFO  impl.MetricsSystemImpl (MetricsSystemImpl.java:init(158)) - HddsDatanode metrics system started (again)
2020-11-25 10:34:01,175 [Listener at 127.0.0.1/38909] INFO  ozone.HddsDatanodeService (HddsDatanodeService.java:start(217)) - HddsDatanodeService host:282a3b4cfeb7 ip:172.17.0.2
2020-11-25 10:34:01,220 [Listener at 127.0.0.1/38909] INFO  volume.HddsVolume (HddsVolume.java:<init>(176)) - Creating Volume: /github/workspace/mnt/ozone/hadoop-ozone/integration-test/target/test-dir/MiniOzoneClusterImpl-f614b51c-2266-4ad1-9b0e-e2e5cf61c483/datanode-0/data-0/containers/hdds of storage type : DISK and capacity : 9223372036854775807
2020-11-25 10:34:01,222 [Listener at 127.0.0.1/38909] INFO  volume.MutableVolumeSet (MutableVolumeSet.java:initializeVolumeSet(179)) - Added Volume : /github/workspace/mnt/ozone/hadoop-ozone/integration-test/target/test-dir/MiniOzoneClusterImpl-f614b51c-2266-4ad1-9b0e-e2e5cf61c483/datanode-0/data-0/containers/hdds to VolumeSet
2020-11-25 10:34:01,223 [Listener at 127.0.0.1/38909] INFO  volume.ThrottledAsyncChecker (ThrottledAsyncChecker.java:schedule(141)) - Scheduling a check for /github/workspace/mnt/ozone/hadoop-ozone/integration-test/target/test-dir/MiniOzoneClusterImpl-f614b51c-2266-4ad1-9b0e-e2e5cf61c483/datanode-0/data-0/containers/hdds
2020-11-25 10:34:01,243 [Listener at 127.0.0.1/38909] INFO  volume.HddsVolumeChecker (HddsVolumeChecker.java:checkAllVolumes(200)) - Scheduled health check for volume /github/workspace/mnt/ozone/hadoop-ozone/integration-test/target/test-dir/MiniOzoneClusterImpl-f614b51c-2266-4ad1-9b0e-e2e5cf61c483/datanode-0/data-0/containers/hdds
2020-11-25 10:34:01,264 [Thread-128] INFO  ozoneimpl.ContainerReader (ContainerReader.java:readVolume(123)) - Start to verify containers on volume /github/workspace/mnt/ozone/hadoop-ozone/integration-test/target/test-dir/MiniOzoneClusterImpl-f614b51c-2266-4ad1-9b0e-e2e5cf61c483/datanode-0/data-0/containers/hdds
2020-11-25 10:34:01,264 [Thread-128] INFO  ozoneimpl.ContainerReader (ContainerReader.java:readVolume(148)) - Finish verifying containers on volume /github/workspace/mnt/ozone/hadoop-ozone/integration-test/target/test-dir/MiniOzoneClusterImpl-f614b51c-2266-4ad1-9b0e-e2e5cf61c483/datanode-0/data-0/containers/hdds
2020-11-25 10:34:01,264 [Listener at 127.0.0.1/38909] INFO  ozoneimpl.OzoneContainer (OzoneContainer.java:buildContainerSet(194)) - Build ContainerSet costs 0s
2020-11-25 10:34:01,395 [Listener at 127.0.0.1/38909] INFO  impl.RaftServerProxy (ConfUtils.java:logGet(44)) - raft.rpc.type = GRPC (default)
2020-11-25 10:34:01,471 [Listener at 127.0.0.1/38909] INFO  grpc.GrpcFactory (GrpcFactory.java:checkPooledByteBufAllocatorUseCacheForAllThreads(45)) - PERFORMANCE WARNING: useCacheForAllThreads is true that may cause Netty to create a lot garbage objects and, as a result, trigger GC.
	It is recommended to disable useCacheForAllThreads by setting -Dorg.apache.ratis.thirdparty.io.netty.allocator.useCacheForAllThreads=false in command line.
2020-11-25 10:34:01,476 [Listener at 127.0.0.1/38909] INFO  grpc.GrpcConfigKeys (ConfUtils.java:logGet(44)) - raft.grpc.server.port = 0 (default)
2020-11-25 10:34:01,477 [Listener at 127.0.0.1/38909] INFO  server.GrpcService (ConfUtils.java:logGet(44)) - raft.grpc.message.size.max = 32MB (=33554432) (custom)
2020-11-25 10:34:01,478 [Listener at 127.0.0.1/38909] INFO  server.RaftServerConfigKeys (ConfUtils.java:logGet(44)) - raft.server.log.appender.buffer.byte-limit = 33554432 (custom)
2020-11-25 10:34:01,479 [Listener at 127.0.0.1/38909] INFO  server.GrpcService (ConfUtils.java:logGet(44)) - raft.grpc.flow.control.window = 5MB (=5242880) (custom)
2020-11-25 10:34:01,480 [Listener at 127.0.0.1/38909] INFO  server.RaftServerConfigKeys (ConfUtils.java:logGet(44)) - raft.server.rpc.request.timeout = 3000ms (default)
2020-11-25 10:34:01,678 [Listener at 127.0.0.1/38909] INFO  impl.DataStreamServerImpl (ConfUtils.java:logGet(44)) - raft.datastream.type = DISABLED (default)
2020-11-25 10:34:01,690 [Listener at 127.0.0.1/38909] INFO  server.RaftServerConfigKeys (ConfUtils.java:logGet(44)) - raft.server.storage.dir = [/github/workspace/mnt/ozone/hadoop-ozone/integration-test/target/test-dir/MiniOzoneClusterImpl-f614b51c-2266-4ad1-9b0e-e2e5cf61c483/datanode-0/data/ratis] (custom)
2020-11-25 10:34:01,759 [Listener at 127.0.0.1/38909] INFO  http.BaseHttpServer (BaseHttpServer.java:newHttpServer2BuilderForOzone(207)) - Starting Web-server for hddsDatanode at: http://0.0.0.0:0
2020-11-25 10:34:01,759 [Listener at 127.0.0.1/38909] INFO  http.BaseHttpServer (BaseHttpServer.java:<init>(106)) - Hadoop Security Enabled: false Ozone Security Enabled: false Ozone HTTP Security Enabled: false 
2020-11-25 10:34:01,761 [Listener at 127.0.0.1/38909] INFO  server.AuthenticationFilter (AuthenticationFilter.java:constructSecretProvider(240)) - Unable to initialize FileSignerSecretProvider, falling back to use random secrets.
2020-11-25 10:34:01,762 [Listener at 127.0.0.1/38909] WARN  http.HttpRequestLog (HttpRequestLog.java:getRequestLog(103)) - Jetty request log can only be enabled using Log4j
2020-11-25 10:34:01,763 [Listener at 127.0.0.1/38909] INFO  http.HttpServer2 (HttpServer2.java:addGlobalFilter(1019)) - Added global filter 'safety' (class=org.apache.hadoop.hdds.server.http.HttpServer2$QuotingInputFilter)
2020-11-25 10:34:01,764 [Listener at 127.0.0.1/38909] INFO  http.HttpServer2 (HttpServer2.java:addFilter(995)) - Added filter static_user_filter (class=org.apache.hadoop.http.lib.StaticUserWebFilter$StaticUserFilter) to context hddsDatanode
2020-11-25 10:34:01,765 [Listener at 127.0.0.1/38909] INFO  http.HttpServer2 (HttpServer2.java:addFilter(1003)) - Added filter static_user_filter (class=org.apache.hadoop.http.lib.StaticUserWebFilter$StaticUserFilter) to context static
2020-11-25 10:34:01,765 [Listener at 127.0.0.1/38909] INFO  http.HttpServer2 (HttpServer2.java:addFilter(1003)) - Added filter static_user_filter (class=org.apache.hadoop.http.lib.StaticUserWebFilter$StaticUserFilter) to context logs
2020-11-25 10:34:01,765 [Listener at 127.0.0.1/38909] INFO  http.HttpServer2 (HttpServer2.java:bindListener(1237)) - Jetty bound to port 39737
2020-11-25 10:34:01,766 [Listener at 127.0.0.1/38909] INFO  server.Server (Server.java:doStart(375)) - jetty-9.4.34.v20201102; built: 2020-11-02T14:15:39.302Z; git: e46af88704a893fc12cb0e3bf46e2c7b48a009e7; jvm 1.8.0_232-b09
2020-11-25 10:34:01,769 [Listener at 127.0.0.1/38909] INFO  server.session (DefaultSessionIdManager.java:doStart(334)) - DefaultSessionIdManager workerName=node0
2020-11-25 10:34:01,769 [Listener at 127.0.0.1/38909] INFO  server.session (DefaultSessionIdManager.java:doStart(339)) - No SessionScavenger set, using defaults
2020-11-25 10:34:01,769 [Listener at 127.0.0.1/38909] INFO  server.session (HouseKeeper.java:startScavenging(132)) - node0 Scavenging every 600000ms
2020-11-25 10:34:01,772 [Listener at 127.0.0.1/38909] INFO  handler.ContextHandler (ContextHandler.java:doStart(916)) - Started o.e.j.s.ServletContextHandler@7c98bac0{logs,/logs,file:///github/workspace/mnt/ozone/hadoop-ozone/integration-test/target/log,AVAILABLE}
2020-11-25 10:34:01,773 [Listener at 127.0.0.1/38909] INFO  handler.ContextHandler (ContextHandler.java:doStart(916)) - Started o.e.j.s.ServletContextHandler@6fc9c0cc{static,/static,jar:file:/home/user/.m2/repository/org/apache/hadoop/hadoop-hdds-container-service/1.1.0-SNAPSHOT/hadoop-hdds-container-service-1.1.0-SNAPSHOT.jar!/webapps/static,AVAILABLE}
2020-11-25 10:34:01,959 [Listener at 127.0.0.1/38909] INFO  handler.ContextHandler (ContextHandler.java:doStart(916)) - Started o.e.j.w.WebAppContext@49a46f29{hddsDatanode,/,file:///tmp/jetty-0_0_0_0-39737-hadoop-hdds-container-service-1_1_0-SNAPSHOT_jar-_-any-8487536961731148487/webapp/,AVAILABLE}{jar:file:/home/user/.m2/repository/org/apache/hadoop/hadoop-hdds-container-service/1.1.0-SNAPSHOT/hadoop-hdds-container-service-1.1.0-SNAPSHOT.jar!/webapps/hddsDatanode}
2020-11-25 10:34:01,960 [Listener at 127.0.0.1/38909] INFO  server.AbstractConnector (AbstractConnector.java:doStart(331)) - Started ServerConnector@76629f82{HTTP/1.1, (http/1.1)}{0.0.0.0:39737}
2020-11-25 10:34:01,961 [Listener at 127.0.0.1/38909] INFO  server.Server (Server.java:doStart(415)) - Started @4489ms
2020-11-25 10:34:01,961 [Listener at 127.0.0.1/38909] WARN  impl.MetricsSystemImpl (MetricsSystemImpl.java:register(276)) - Sink prometheus already exists!
2020-11-25 10:34:01,964 [Listener at 127.0.0.1/38909] INFO  http.BaseHttpServer (BaseHttpServer.java:updateConnectorAddress(327)) - HTTP server of hddsDatanode listening at http://0.0.0.0:39737
2020-11-25 10:34:01,966 [Listener at 127.0.0.1/38909] INFO  impl.MetricsSystemImpl (MetricsSystemImpl.java:init(158)) - HddsDatanode metrics system started (again)
2020-11-25 10:34:01,967 [Listener at 127.0.0.1/38909] INFO  ozone.HddsDatanodeService (HddsDatanodeService.java:start(217)) - HddsDatanodeService host:282a3b4cfeb7 ip:172.17.0.2
2020-11-25 10:34:01,969 [Listener at 127.0.0.1/38909] INFO  volume.HddsVolume (HddsVolume.java:<init>(176)) - Creating Volume: /github/workspace/mnt/ozone/hadoop-ozone/integration-test/target/test-dir/MiniOzoneClusterImpl-f614b51c-2266-4ad1-9b0e-e2e5cf61c483/datanode-1/data-0/containers/hdds of storage type : DISK and capacity : 9223372036854775807
2020-11-25 10:34:01,969 [Listener at 127.0.0.1/38909] INFO  volume.MutableVolumeSet (MutableVolumeSet.java:initializeVolumeSet(179)) - Added Volume : /github/workspace/mnt/ozone/hadoop-ozone/integration-test/target/test-dir/MiniOzoneClusterImpl-f614b51c-2266-4ad1-9b0e-e2e5cf61c483/datanode-1/data-0/containers/hdds to VolumeSet
2020-11-25 10:34:01,970 [Listener at 127.0.0.1/38909] INFO  volume.ThrottledAsyncChecker (ThrottledAsyncChecker.java:schedule(141)) - Scheduling a check for /github/workspace/mnt/ozone/hadoop-ozone/integration-test/target/test-dir/MiniOzoneClusterImpl-f614b51c-2266-4ad1-9b0e-e2e5cf61c483/datanode-1/data-0/containers/hdds
2020-11-25 10:34:01,972 [Listener at 127.0.0.1/38909] INFO  volume.HddsVolumeChecker (HddsVolumeChecker.java:checkAllVolumes(200)) - Scheduled health check for volume /github/workspace/mnt/ozone/hadoop-ozone/integration-test/target/test-dir/MiniOzoneClusterImpl-f614b51c-2266-4ad1-9b0e-e2e5cf61c483/datanode-1/data-0/containers/hdds
2020-11-25 10:34:01,988 [Thread-137] INFO  ozoneimpl.ContainerReader (ContainerReader.java:readVolume(123)) - Start to verify containers on volume /github/workspace/mnt/ozone/hadoop-ozone/integration-test/target/test-dir/MiniOzoneClusterImpl-f614b51c-2266-4ad1-9b0e-e2e5cf61c483/datanode-1/data-0/containers/hdds
2020-11-25 10:34:01,988 [Thread-137] INFO  ozoneimpl.ContainerReader (ContainerReader.java:readVolume(148)) - Finish verifying containers on volume /github/workspace/mnt/ozone/hadoop-ozone/integration-test/target/test-dir/MiniOzoneClusterImpl-f614b51c-2266-4ad1-9b0e-e2e5cf61c483/datanode-1/data-0/containers/hdds
2020-11-25 10:34:01,988 [Listener at 127.0.0.1/38909] INFO  ozoneimpl.OzoneContainer (OzoneContainer.java:buildContainerSet(194)) - Build ContainerSet costs 0s
2020-11-25 10:34:01,991 [Listener at 127.0.0.1/38909] INFO  impl.RaftServerProxy (ConfUtils.java:logGet(44)) - raft.rpc.type = GRPC (default)
2020-11-25 10:34:01,991 [Listener at 127.0.0.1/38909] INFO  grpc.GrpcFactory (GrpcFactory.java:checkPooledByteBufAllocatorUseCacheForAllThreads(45)) - PERFORMANCE WARNING: useCacheForAllThreads is true that may cause Netty to create a lot garbage objects and, as a result, trigger GC.
	It is recommended to disable useCacheForAllThreads by setting -Dorg.apache.ratis.thirdparty.io.netty.allocator.useCacheForAllThreads=false in command line.
2020-11-25 10:34:01,992 [Listener at 127.0.0.1/38909] INFO  grpc.GrpcConfigKeys (ConfUtils.java:logGet(44)) - raft.grpc.server.port = 0 (default)
2020-11-25 10:34:01,992 [Listener at 127.0.0.1/38909] INFO  server.GrpcService (ConfUtils.java:logGet(44)) - raft.grpc.message.size.max = 32MB (=33554432) (custom)
2020-11-25 10:34:01,992 [Listener at 127.0.0.1/38909] INFO  server.RaftServerConfigKeys (ConfUtils.java:logGet(44)) - raft.server.log.appender.buffer.byte-limit = 33554432 (custom)
2020-11-25 10:34:01,992 [Listener at 127.0.0.1/38909] INFO  server.GrpcService (ConfUtils.java:logGet(44)) - raft.grpc.flow.control.window = 5MB (=5242880) (custom)
2020-11-25 10:34:01,992 [Listener at 127.0.0.1/38909] INFO  server.RaftServerConfigKeys (ConfUtils.java:logGet(44)) - raft.server.rpc.request.timeout = 3000ms (default)
2020-11-25 10:34:01,993 [Listener at 127.0.0.1/38909] INFO  impl.DataStreamServerImpl (ConfUtils.java:logGet(44)) - raft.datastream.type = DISABLED (default)
2020-11-25 10:34:01,993 [Listener at 127.0.0.1/38909] INFO  server.RaftServerConfigKeys (ConfUtils.java:logGet(44)) - raft.server.storage.dir = [/github/workspace/mnt/ozone/hadoop-ozone/integration-test/target/test-dir/MiniOzoneClusterImpl-f614b51c-2266-4ad1-9b0e-e2e5cf61c483/datanode-1/data/ratis] (custom)
2020-11-25 10:34:02,006 [org.apache.hadoop.util.JvmPauseMonitor$Monitor@7b5e4c39] INFO  util.JvmPauseMonitor (JvmPauseMonitor.java:run(188)) - Starting JVM pause monitor
2020-11-25 10:34:02,014 [Listener at 127.0.0.1/38909] INFO  http.BaseHttpServer (BaseHttpServer.java:newHttpServer2BuilderForOzone(207)) - Starting Web-server for hddsDatanode at: http://0.0.0.0:0
2020-11-25 10:34:02,014 [Listener at 127.0.0.1/38909] INFO  http.BaseHttpServer (BaseHttpServer.java:<init>(106)) - Hadoop Security Enabled: false Ozone Security Enabled: false Ozone HTTP Security Enabled: false 
2020-11-25 10:34:02,016 [Listener at 127.0.0.1/38909] INFO  server.AuthenticationFilter (AuthenticationFilter.java:constructSecretProvider(240)) - Unable to initialize FileSignerSecretProvider, falling back to use random secrets.
2020-11-25 10:34:02,024 [Listener at 127.0.0.1/38909] WARN  http.HttpRequestLog (HttpRequestLog.java:getRequestLog(103)) - Jetty request log can only be enabled using Log4j
2020-11-25 10:34:02,025 [Listener at 127.0.0.1/38909] INFO  http.HttpServer2 (HttpServer2.java:addGlobalFilter(1019)) - Added global filter 'safety' (class=org.apache.hadoop.hdds.server.http.HttpServer2$QuotingInputFilter)
2020-11-25 10:34:02,026 [Listener at 127.0.0.1/38909] INFO  http.HttpServer2 (HttpServer2.java:addFilter(995)) - Added filter static_user_filter (class=org.apache.hadoop.http.lib.StaticUserWebFilter$StaticUserFilter) to context hddsDatanode
2020-11-25 10:34:02,026 [Listener at 127.0.0.1/38909] INFO  http.HttpServer2 (HttpServer2.java:addFilter(1003)) - Added filter static_user_filter (class=org.apache.hadoop.http.lib.StaticUserWebFilter$StaticUserFilter) to context static
2020-11-25 10:34:02,026 [Listener at 127.0.0.1/38909] INFO  http.HttpServer2 (HttpServer2.java:addFilter(1003)) - Added filter static_user_filter (class=org.apache.hadoop.http.lib.StaticUserWebFilter$StaticUserFilter) to context logs
2020-11-25 10:34:02,027 [Listener at 127.0.0.1/38909] INFO  http.HttpServer2 (HttpServer2.java:bindListener(1237)) - Jetty bound to port 45159
2020-11-25 10:34:02,027 [Listener at 127.0.0.1/38909] INFO  server.Server (Server.java:doStart(375)) - jetty-9.4.34.v20201102; built: 2020-11-02T14:15:39.302Z; git: e46af88704a893fc12cb0e3bf46e2c7b48a009e7; jvm 1.8.0_232-b09
2020-11-25 10:34:02,075 [Listener at 127.0.0.1/38909] INFO  server.session (DefaultSessionIdManager.java:doStart(334)) - DefaultSessionIdManager workerName=node0
2020-11-25 10:34:02,076 [Listener at 127.0.0.1/38909] INFO  server.session (DefaultSessionIdManager.java:doStart(339)) - No SessionScavenger set, using defaults
2020-11-25 10:34:02,076 [Listener at 127.0.0.1/38909] INFO  server.session (HouseKeeper.java:startScavenging(132)) - node0 Scavenging every 660000ms
2020-11-25 10:34:02,089 [Listener at 127.0.0.1/38909] INFO  handler.ContextHandler (ContextHandler.java:doStart(916)) - Started o.e.j.s.ServletContextHandler@23938caa{logs,/logs,file:///github/workspace/mnt/ozone/hadoop-ozone/integration-test/target/log,AVAILABLE}
2020-11-25 10:34:02,089 [Listener at 127.0.0.1/38909] INFO  handler.ContextHandler (ContextHandler.java:doStart(916)) - Started o.e.j.s.ServletContextHandler@6049b4c9{static,/static,jar:file:/home/user/.m2/repository/org/apache/hadoop/hadoop-hdds-container-service/1.1.0-SNAPSHOT/hadoop-hdds-container-service-1.1.0-SNAPSHOT.jar!/webapps/static,AVAILABLE}
2020-11-25 10:34:02,137 [Datanode State Machine Task Thread - 0] INFO  datanode.InitDatanodeState (InitDatanodeState.java:persistContainerDatanodeDetails(145)) - DatanodeDetails is persisted to /github/workspace/mnt/ozone/hadoop-ozone/integration-test/target/test-dir/MiniOzoneClusterImpl-f614b51c-2266-4ad1-9b0e-e2e5cf61c483/datanode-0/meta/datanode.id
2020-11-25 10:34:02,247 [Listener at 127.0.0.1/38909] INFO  handler.ContextHandler (ContextHandler.java:doStart(916)) - Started o.e.j.w.WebAppContext@6affa355{hddsDatanode,/,file:///tmp/jetty-0_0_0_0-45159-hadoop-hdds-container-service-1_1_0-SNAPSHOT_jar-_-any-6555716613258680065/webapp/,AVAILABLE}{jar:file:/home/user/.m2/repository/org/apache/hadoop/hadoop-hdds-container-service/1.1.0-SNAPSHOT/hadoop-hdds-container-service-1.1.0-SNAPSHOT.jar!/webapps/hddsDatanode}
2020-11-25 10:34:02,251 [Listener at 127.0.0.1/38909] INFO  server.AbstractConnector (AbstractConnector.java:doStart(331)) - Started ServerConnector@297db6ad{HTTP/1.1, (http/1.1)}{0.0.0.0:45159}
2020-11-25 10:34:02,251 [Listener at 127.0.0.1/38909] INFO  server.Server (Server.java:doStart(415)) - Started @4779ms
2020-11-25 10:34:02,251 [Listener at 127.0.0.1/38909] WARN  impl.MetricsSystemImpl (MetricsSystemImpl.java:register(276)) - Sink prometheus already exists!
2020-11-25 10:34:02,254 [Listener at 127.0.0.1/38909] INFO  http.BaseHttpServer (BaseHttpServer.java:updateConnectorAddress(327)) - HTTP server of hddsDatanode listening at http://0.0.0.0:45159
2020-11-25 10:34:02,255 [Listener at 127.0.0.1/38909] INFO  impl.MetricsSystemImpl (MetricsSystemImpl.java:init(158)) - HddsDatanode metrics system started (again)
2020-11-25 10:34:02,256 [Listener at 127.0.0.1/38909] INFO  ozone.HddsDatanodeService (HddsDatanodeService.java:start(217)) - HddsDatanodeService host:282a3b4cfeb7 ip:172.17.0.2
2020-11-25 10:34:02,263 [Listener at 127.0.0.1/38909] INFO  volume.HddsVolume (HddsVolume.java:<init>(176)) - Creating Volume: /github/workspace/mnt/ozone/hadoop-ozone/integration-test/target/test-dir/MiniOzoneClusterImpl-f614b51c-2266-4ad1-9b0e-e2e5cf61c483/datanode-2/data-0/containers/hdds of storage type : DISK and capacity : 9223372036854775807
2020-11-25 10:34:02,263 [Listener at 127.0.0.1/38909] INFO  volume.MutableVolumeSet (MutableVolumeSet.java:initializeVolumeSet(179)) - Added Volume : /github/workspace/mnt/ozone/hadoop-ozone/integration-test/target/test-dir/MiniOzoneClusterImpl-f614b51c-2266-4ad1-9b0e-e2e5cf61c483/datanode-2/data-0/containers/hdds to VolumeSet
2020-11-25 10:34:02,264 [Listener at 127.0.0.1/38909] INFO  volume.ThrottledAsyncChecker (ThrottledAsyncChecker.java:schedule(141)) - Scheduling a check for /github/workspace/mnt/ozone/hadoop-ozone/integration-test/target/test-dir/MiniOzoneClusterImpl-f614b51c-2266-4ad1-9b0e-e2e5cf61c483/datanode-2/data-0/containers/hdds
2020-11-25 10:34:02,264 [Listener at 127.0.0.1/38909] INFO  volume.HddsVolumeChecker (HddsVolumeChecker.java:checkAllVolumes(200)) - Scheduled health check for volume /github/workspace/mnt/ozone/hadoop-ozone/integration-test/target/test-dir/MiniOzoneClusterImpl-f614b51c-2266-4ad1-9b0e-e2e5cf61c483/datanode-2/data-0/containers/hdds
2020-11-25 10:34:02,284 [org.apache.hadoop.util.JvmPauseMonitor$Monitor@63600bd2] INFO  util.JvmPauseMonitor (JvmPauseMonitor.java:run(188)) - Starting JVM pause monitor
2020-11-25 10:34:02,284 [Thread-148] INFO  ozoneimpl.ContainerReader (ContainerReader.java:readVolume(123)) - Start to verify containers on volume /github/workspace/mnt/ozone/hadoop-ozone/integration-test/target/test-dir/MiniOzoneClusterImpl-f614b51c-2266-4ad1-9b0e-e2e5cf61c483/datanode-2/data-0/containers/hdds
2020-11-25 10:34:02,285 [Thread-148] INFO  ozoneimpl.ContainerReader (ContainerReader.java:readVolume(148)) - Finish verifying containers on volume /github/workspace/mnt/ozone/hadoop-ozone/integration-test/target/test-dir/MiniOzoneClusterImpl-f614b51c-2266-4ad1-9b0e-e2e5cf61c483/datanode-2/data-0/containers/hdds
2020-11-25 10:34:02,285 [Listener at 127.0.0.1/38909] INFO  ozoneimpl.OzoneContainer (OzoneContainer.java:buildContainerSet(194)) - Build ContainerSet costs 0s
2020-11-25 10:34:02,288 [Listener at 127.0.0.1/38909] INFO  impl.RaftServerProxy (ConfUtils.java:logGet(44)) - raft.rpc.type = GRPC (default)
2020-11-25 10:34:02,288 [Listener at 127.0.0.1/38909] INFO  grpc.GrpcFactory (GrpcFactory.java:checkPooledByteBufAllocatorUseCacheForAllThreads(45)) - PERFORMANCE WARNING: useCacheForAllThreads is true that may cause Netty to create a lot garbage objects and, as a result, trigger GC.
	It is recommended to disable useCacheForAllThreads by setting -Dorg.apache.ratis.thirdparty.io.netty.allocator.useCacheForAllThreads=false in command line.
2020-11-25 10:34:02,288 [Listener at 127.0.0.1/38909] INFO  grpc.GrpcConfigKeys (ConfUtils.java:logGet(44)) - raft.grpc.server.port = 0 (default)
2020-11-25 10:34:02,288 [Listener at 127.0.0.1/38909] INFO  server.GrpcService (ConfUtils.java:logGet(44)) - raft.grpc.message.size.max = 32MB (=33554432) (custom)
2020-11-25 10:34:02,288 [Listener at 127.0.0.1/38909] INFO  server.RaftServerConfigKeys (ConfUtils.java:logGet(44)) - raft.server.log.appender.buffer.byte-limit = 33554432 (custom)
2020-11-25 10:34:02,288 [Listener at 127.0.0.1/38909] INFO  server.GrpcService (ConfUtils.java:logGet(44)) - raft.grpc.flow.control.window = 5MB (=5242880) (custom)
2020-11-25 10:34:02,288 [Listener at 127.0.0.1/38909] INFO  server.RaftServerConfigKeys (ConfUtils.java:logGet(44)) - raft.server.rpc.request.timeout = 3000ms (default)
2020-11-25 10:34:02,289 [Listener at 127.0.0.1/38909] INFO  impl.DataStreamServerImpl (ConfUtils.java:logGet(44)) - raft.datastream.type = DISABLED (default)
2020-11-25 10:34:02,290 [Listener at 127.0.0.1/38909] INFO  server.RaftServerConfigKeys (ConfUtils.java:logGet(44)) - raft.server.storage.dir = [/github/workspace/mnt/ozone/hadoop-ozone/integration-test/target/test-dir/MiniOzoneClusterImpl-f614b51c-2266-4ad1-9b0e-e2e5cf61c483/datanode-2/data/ratis] (custom)
2020-11-25 10:34:02,300 [Datanode State Machine Task Thread - 0] INFO  datanode.InitDatanodeState (InitDatanodeState.java:persistContainerDatanodeDetails(145)) - DatanodeDetails is persisted to /github/workspace/mnt/ozone/hadoop-ozone/integration-test/target/test-dir/MiniOzoneClusterImpl-f614b51c-2266-4ad1-9b0e-e2e5cf61c483/datanode-1/meta/datanode.id
2020-11-25 10:34:02,302 [Listener at 127.0.0.1/38909] INFO  http.BaseHttpServer (BaseHttpServer.java:newHttpServer2BuilderForOzone(207)) - Starting Web-server for hddsDatanode at: http://0.0.0.0:0
2020-11-25 10:34:02,302 [Listener at 127.0.0.1/38909] INFO  http.BaseHttpServer (BaseHttpServer.java:<init>(106)) - Hadoop Security Enabled: false Ozone Security Enabled: false Ozone HTTP Security Enabled: false 
2020-11-25 10:34:02,303 [Listener at 127.0.0.1/38909] INFO  server.AuthenticationFilter (AuthenticationFilter.java:constructSecretProvider(240)) - Unable to initialize FileSignerSecretProvider, falling back to use random secrets.
2020-11-25 10:34:02,304 [Listener at 127.0.0.1/38909] WARN  http.HttpRequestLog (HttpRequestLog.java:getRequestLog(103)) - Jetty request log can only be enabled using Log4j
2020-11-25 10:34:02,304 [Listener at 127.0.0.1/38909] INFO  http.HttpServer2 (HttpServer2.java:addGlobalFilter(1019)) - Added global filter 'safety' (class=org.apache.hadoop.hdds.server.http.HttpServer2$QuotingInputFilter)
2020-11-25 10:34:02,305 [Listener at 127.0.0.1/38909] INFO  http.HttpServer2 (HttpServer2.java:addFilter(995)) - Added filter static_user_filter (class=org.apache.hadoop.http.lib.StaticUserWebFilter$StaticUserFilter) to context hddsDatanode
2020-11-25 10:34:02,305 [Listener at 127.0.0.1/38909] INFO  http.HttpServer2 (HttpServer2.java:addFilter(1003)) - Added filter static_user_filter (class=org.apache.hadoop.http.lib.StaticUserWebFilter$StaticUserFilter) to context logs
2020-11-25 10:34:02,305 [Listener at 127.0.0.1/38909] INFO  http.HttpServer2 (HttpServer2.java:addFilter(1003)) - Added filter static_user_filter (class=org.apache.hadoop.http.lib.StaticUserWebFilter$StaticUserFilter) to context static
2020-11-25 10:34:02,306 [Listener at 127.0.0.1/38909] INFO  http.HttpServer2 (HttpServer2.java:bindListener(1237)) - Jetty bound to port 42489
2020-11-25 10:34:02,306 [Listener at 127.0.0.1/38909] INFO  server.Server (Server.java:doStart(375)) - jetty-9.4.34.v20201102; built: 2020-11-02T14:15:39.302Z; git: e46af88704a893fc12cb0e3bf46e2c7b48a009e7; jvm 1.8.0_232-b09
2020-11-25 10:34:02,313 [Listener at 127.0.0.1/38909] INFO  server.session (DefaultSessionIdManager.java:doStart(334)) - DefaultSessionIdManager workerName=node0
2020-11-25 10:34:02,313 [Listener at 127.0.0.1/38909] INFO  server.session (DefaultSessionIdManager.java:doStart(339)) - No SessionScavenger set, using defaults
2020-11-25 10:34:02,313 [Listener at 127.0.0.1/38909] INFO  server.session (HouseKeeper.java:startScavenging(132)) - node0 Scavenging every 600000ms
2020-11-25 10:34:02,314 [Listener at 127.0.0.1/38909] INFO  handler.ContextHandler (ContextHandler.java:doStart(916)) - Started o.e.j.s.ServletContextHandler@1d7914a5{logs,/logs,file:///github/workspace/mnt/ozone/hadoop-ozone/integration-test/target/log,AVAILABLE}
2020-11-25 10:34:02,315 [Listener at 127.0.0.1/38909] INFO  handler.ContextHandler (ContextHandler.java:doStart(916)) - Started o.e.j.s.ServletContextHandler@18ce7872{static,/static,jar:file:/home/user/.m2/repository/org/apache/hadoop/hadoop-hdds-container-service/1.1.0-SNAPSHOT/hadoop-hdds-container-service-1.1.0-SNAPSHOT.jar!/webapps/static,AVAILABLE}
2020-11-25 10:34:02,451 [Listener at 127.0.0.1/38909] INFO  handler.ContextHandler (ContextHandler.java:doStart(916)) - Started o.e.j.w.WebAppContext@45dbbb97{hddsDatanode,/,file:///tmp/jetty-0_0_0_0-42489-hadoop-hdds-container-service-1_1_0-SNAPSHOT_jar-_-any-8415870612724359422/webapp/,AVAILABLE}{jar:file:/home/user/.m2/repository/org/apache/hadoop/hadoop-hdds-container-service/1.1.0-SNAPSHOT/hadoop-hdds-container-service-1.1.0-SNAPSHOT.jar!/webapps/hddsDatanode}
2020-11-25 10:34:02,453 [Listener at 127.0.0.1/38909] INFO  server.AbstractConnector (AbstractConnector.java:doStart(331)) - Started ServerConnector@c358f32{HTTP/1.1, (http/1.1)}{0.0.0.0:42489}
2020-11-25 10:34:02,455 [Listener at 127.0.0.1/38909] INFO  server.Server (Server.java:doStart(415)) - Started @4983ms
2020-11-25 10:34:02,455 [Listener at 127.0.0.1/38909] WARN  impl.MetricsSystemImpl (MetricsSystemImpl.java:register(276)) - Sink prometheus already exists!
2020-11-25 10:34:02,459 [Listener at 127.0.0.1/38909] INFO  http.BaseHttpServer (BaseHttpServer.java:updateConnectorAddress(327)) - HTTP server of hddsDatanode listening at http://0.0.0.0:42489
2020-11-25 10:34:02,460 [Listener at 127.0.0.1/38909] INFO  ozone.MiniOzoneClusterImpl (MiniOzoneClusterImpl.java:lambda$waitForClusterToBeReady$0(178)) - Waiting for nodes to be ready. Got 0 of 3 DN Heartbeats.
2020-11-25 10:34:02,460 [Listener at 127.0.0.1/38909] INFO  ozone.MiniOzoneClusterImpl (MiniOzoneClusterImpl.java:lambda$waitForClusterToBeReady$0(181)) - Waiting for cluster to exit safe mode
2020-11-25 10:34:02,466 [org.apache.hadoop.util.JvmPauseMonitor$Monitor@f49ed8f] INFO  util.JvmPauseMonitor (JvmPauseMonitor.java:run(188)) - Starting JVM pause monitor
2020-11-25 10:34:02,470 [Datanode State Machine Task Thread - 0] INFO  datanode.InitDatanodeState (InitDatanodeState.java:persistContainerDatanodeDetails(145)) - DatanodeDetails is persisted to /github/workspace/mnt/ozone/hadoop-ozone/integration-test/target/test-dir/MiniOzoneClusterImpl-f614b51c-2266-4ad1-9b0e-e2e5cf61c483/datanode-2/meta/datanode.id
2020-11-25 10:34:03,461 [Listener at 127.0.0.1/38909] INFO  ozone.MiniOzoneClusterImpl (MiniOzoneClusterImpl.java:lambda$waitForClusterToBeReady$0(178)) - Waiting for nodes to be ready. Got 0 of 3 DN Heartbeats.
2020-11-25 10:34:03,461 [Listener at 127.0.0.1/38909] INFO  ozone.MiniOzoneClusterImpl (MiniOzoneClusterImpl.java:lambda$waitForClusterToBeReady$0(181)) - Waiting for cluster to exit safe mode
2020-11-25 10:34:04,068 [EndpointStateMachine task thread for /0.0.0.0:40653 - 0 ] INFO  ozoneimpl.OzoneContainer (OzoneContainer.java:start(243)) - Attempting to start container services.
2020-11-25 10:34:04,069 [EndpointStateMachine task thread for /0.0.0.0:40653 - 0 ] INFO  ozoneimpl.OzoneContainer (OzoneContainer.java:startContainerScrub(207)) - Background container scanner has been disabled.
2020-11-25 10:34:04,070 [EndpointStateMachine task thread for /0.0.0.0:40653 - 0 ] INFO  ratis.XceiverServerRatis (XceiverServerRatis.java:start(456)) - Starting XceiverServerRatis 8480b9c0-5cfc-430b-9047-adac07e56377 at port 0
2020-11-25 10:34:04,079 [EndpointStateMachine task thread for /0.0.0.0:40653 - 0 ] INFO  impl.RaftServerProxy (RaftServerProxy.java:lambda$start$3(321)) - 8480b9c0-5cfc-430b-9047-adac07e56377: start RPC server
2020-11-25 10:34:04,139 [EndpointStateMachine task thread for /0.0.0.0:40653 - 0 ] INFO  server.GrpcService (GrpcService.java:startImpl(177)) - 8480b9c0-5cfc-430b-9047-adac07e56377: GrpcService started, listening on 0.0.0.0/0.0.0.0:36521
2020-11-25 10:34:04,144 [EndpointStateMachine task thread for /0.0.0.0:40653 - 0 ] INFO  ratis.XceiverServerRatis (XceiverServerRatis.java:start(468)) - XceiverServerRatis 8480b9c0-5cfc-430b-9047-adac07e56377 is started using port 36521
2020-11-25 10:34:04,147 [EndpointStateMachine task thread for /0.0.0.0:40653 - 0 ] INFO  server.XceiverServerGrpc (XceiverServerGrpc.java:start(145)) - XceiverServerGrpc 8480b9c0-5cfc-430b-9047-adac07e56377 is started using port 37765
2020-11-25 10:34:04,152 [org.apache.ratis.server.JvmPauseMonitor@47ba0b08-Monitor] INFO  server.RaftServerConfigKeys (ConfUtils.java:logGet(44)) - raft.server.leaderelection.leader.step-down.wait-time = 10s (default)
2020-11-25 10:34:04,152 [org.apache.ratis.server.JvmPauseMonitor@47ba0b08-Monitor] INFO  server.RaftServerConfigKeys (ConfUtils.java:logGet(44)) - raft.server.rpc.slowness.timeout = 1000000ms (custom)
2020-11-25 10:34:04,162 [org.apache.ratis.server.JvmPauseMonitor@47ba0b08-Monitor] INFO  server.JvmPauseMonitor (JvmPauseMonitor.java:run(129)) - Starting Ratis JVM pause monitor
2020-11-25 10:34:04,289 [EndpointStateMachine task thread for /0.0.0.0:40653 - 0 ] INFO  ozoneimpl.OzoneContainer (OzoneContainer.java:start(243)) - Attempting to start container services.
2020-11-25 10:34:04,293 [EndpointStateMachine task thread for /0.0.0.0:40653 - 0 ] INFO  ozoneimpl.OzoneContainer (OzoneContainer.java:startContainerScrub(207)) - Background container scanner has been disabled.
2020-11-25 10:34:04,294 [EndpointStateMachine task thread for /0.0.0.0:40653 - 0 ] INFO  ratis.XceiverServerRatis (XceiverServerRatis.java:start(456)) - Starting XceiverServerRatis 764aab50-4a86-400e-87a3-bdf7204b618f at port 0
2020-11-25 10:34:04,295 [EndpointStateMachine task thread for /0.0.0.0:40653 - 0 ] INFO  impl.RaftServerProxy (RaftServerProxy.java:lambda$start$3(321)) - 764aab50-4a86-400e-87a3-bdf7204b618f: start RPC server
2020-11-25 10:34:04,303 [EndpointStateMachine task thread for /0.0.0.0:40653 - 0 ] INFO  server.GrpcService (GrpcService.java:startImpl(177)) - 764aab50-4a86-400e-87a3-bdf7204b618f: GrpcService started, listening on 0.0.0.0/0.0.0.0:42181
2020-11-25 10:34:04,304 [EndpointStateMachine task thread for /0.0.0.0:40653 - 0 ] INFO  ratis.XceiverServerRatis (XceiverServerRatis.java:start(468)) - XceiverServerRatis 764aab50-4a86-400e-87a3-bdf7204b618f is started using port 42181
2020-11-25 10:34:04,309 [org.apache.ratis.server.JvmPauseMonitor@14a4ba7-Monitor] INFO  server.RaftServerConfigKeys (ConfUtils.java:logGet(44)) - raft.server.leaderelection.leader.step-down.wait-time = 10s (default)
2020-11-25 10:34:04,310 [org.apache.ratis.server.JvmPauseMonitor@14a4ba7-Monitor] INFO  server.RaftServerConfigKeys (ConfUtils.java:logGet(44)) - raft.server.rpc.slowness.timeout = 1000000ms (custom)
2020-11-25 10:34:04,310 [org.apache.ratis.server.JvmPauseMonitor@14a4ba7-Monitor] INFO  server.JvmPauseMonitor (JvmPauseMonitor.java:run(129)) - Starting Ratis JVM pause monitor
2020-11-25 10:34:04,311 [EndpointStateMachine task thread for /0.0.0.0:40653 - 0 ] INFO  server.XceiverServerGrpc (XceiverServerGrpc.java:start(145)) - XceiverServerGrpc 764aab50-4a86-400e-87a3-bdf7204b618f is started using port 35047
2020-11-25 10:34:04,462 [Listener at 127.0.0.1/38909] INFO  ozone.MiniOzoneClusterImpl (MiniOzoneClusterImpl.java:lambda$waitForClusterToBeReady$0(178)) - Waiting for nodes to be ready. Got 0 of 3 DN Heartbeats.
2020-11-25 10:34:04,462 [Listener at 127.0.0.1/38909] INFO  ozone.MiniOzoneClusterImpl (MiniOzoneClusterImpl.java:lambda$waitForClusterToBeReady$0(181)) - Waiting for cluster to exit safe mode
2020-11-25 10:34:04,472 [EndpointStateMachine task thread for /0.0.0.0:40653 - 0 ] INFO  ozoneimpl.OzoneContainer (OzoneContainer.java:start(243)) - Attempting to start container services.
2020-11-25 10:34:04,473 [EndpointStateMachine task thread for /0.0.0.0:40653 - 0 ] INFO  ozoneimpl.OzoneContainer (OzoneContainer.java:startContainerScrub(207)) - Background container scanner has been disabled.
2020-11-25 10:34:04,473 [EndpointStateMachine task thread for /0.0.0.0:40653 - 0 ] INFO  ratis.XceiverServerRatis (XceiverServerRatis.java:start(456)) - Starting XceiverServerRatis dab95924-0a6b-4573-a804-c369a72f7a37 at port 0
2020-11-25 10:34:04,477 [EndpointStateMachine task thread for /0.0.0.0:40653 - 0 ] INFO  impl.RaftServerProxy (RaftServerProxy.java:lambda$start$3(321)) - dab95924-0a6b-4573-a804-c369a72f7a37: start RPC server
2020-11-25 10:34:04,483 [EndpointStateMachine task thread for /0.0.0.0:40653 - 0 ] INFO  server.GrpcService (GrpcService.java:startImpl(177)) - dab95924-0a6b-4573-a804-c369a72f7a37: GrpcService started, listening on 0.0.0.0/0.0.0.0:44169
2020-11-25 10:34:04,483 [EndpointStateMachine task thread for /0.0.0.0:40653 - 0 ] INFO  ratis.XceiverServerRatis (XceiverServerRatis.java:start(468)) - XceiverServerRatis dab95924-0a6b-4573-a804-c369a72f7a37 is started using port 44169
2020-11-25 10:34:04,485 [org.apache.ratis.server.JvmPauseMonitor@4e7d300f-Monitor] INFO  server.RaftServerConfigKeys (ConfUtils.java:logGet(44)) - raft.server.leaderelection.leader.step-down.wait-time = 10s (default)
2020-11-25 10:34:04,485 [org.apache.ratis.server.JvmPauseMonitor@4e7d300f-Monitor] INFO  server.RaftServerConfigKeys (ConfUtils.java:logGet(44)) - raft.server.rpc.slowness.timeout = 1000000ms (custom)
2020-11-25 10:34:04,485 [org.apache.ratis.server.JvmPauseMonitor@4e7d300f-Monitor] INFO  server.JvmPauseMonitor (JvmPauseMonitor.java:run(129)) - Starting Ratis JVM pause monitor
2020-11-25 10:34:04,487 [EndpointStateMachine task thread for /0.0.0.0:40653 - 0 ] INFO  server.XceiverServerGrpc (XceiverServerGrpc.java:start(145)) - XceiverServerGrpc dab95924-0a6b-4573-a804-c369a72f7a37 is started using port 42803
2020-11-25 10:34:05,463 [Listener at 127.0.0.1/38909] INFO  ozone.MiniOzoneClusterImpl (MiniOzoneClusterImpl.java:lambda$waitForClusterToBeReady$0(178)) - Waiting for nodes to be ready. Got 0 of 3 DN Heartbeats.
2020-11-25 10:34:05,463 [Listener at 127.0.0.1/38909] INFO  ozone.MiniOzoneClusterImpl (MiniOzoneClusterImpl.java:lambda$waitForClusterToBeReady$0(181)) - Waiting for cluster to exit safe mode
2020-11-25 10:34:06,035 [IPC Server handler 0 on default port 40653] INFO  net.NetworkTopologyImpl (NetworkTopologyImpl.java:add(111)) - Added a new node: /default-rack/8480b9c0-5cfc-430b-9047-adac07e56377
2020-11-25 10:34:06,036 [IPC Server handler 0 on default port 40653] INFO  node.SCMNodeManager (SCMNodeManager.java:register(282)) - Registered Data node : 8480b9c0-5cfc-430b-9047-adac07e56377{ip: 172.17.0.2, host: 282a3b4cfeb7, networkLocation: /default-rack, certSerialId: null}
2020-11-25 10:34:06,041 [EventQueue-NodeRegistrationContainerReportForContainerSafeModeRule] INFO  safemode.SCMSafeModeManager (SCMSafeModeManager.java:validateSafeModeExitRules(214)) - ContainerSafeModeRule rule is successfully validated
2020-11-25 10:34:06,044 [EventQueue-NodeRegistrationContainerReportForDataNodeSafeModeRule] INFO  safemode.SCMSafeModeManager (DataNodeSafeModeRule.java:process(71)) - SCM in safe mode. 1 DataNodes registered, 1 required.
2020-11-25 10:34:06,044 [EventQueue-NodeRegistrationContainerReportForDataNodeSafeModeRule] INFO  safemode.SCMSafeModeManager (SCMSafeModeManager.java:validateSafeModeExitRules(214)) - DataNodeSafeModeRule rule is successfully validated
2020-11-25 10:34:06,044 [EventQueue-NodeRegistrationContainerReportForDataNodeSafeModeRule] INFO  safemode.SCMSafeModeManager (SCMSafeModeManager.java:completePreCheck(242)) - All SCM safe mode pre check rules have passed
2020-11-25 10:34:06,053 [EventQueue-PipelineReportForOneReplicaPipelineSafeModeRule] INFO  safemode.SCMSafeModeManager (SCMSafeModeManager.java:validateSafeModeExitRules(214)) - AtleastOneDatanodeReportedRule rule is successfully validated
2020-11-25 10:34:06,059 [RatisPipelineUtilsThread] INFO  pipeline.RatisPipelineProvider (RatisPipelineProvider.java:lambda$create$0(161)) - Sending CreatePipelineCommand for pipeline:PipelineID=369b40d3-ad78-42ea-9573-68839209743b to datanode:8480b9c0-5cfc-430b-9047-adac07e56377
2020-11-25 10:34:06,094 [RatisPipelineUtilsThread] INFO  pipeline.PipelineStateManager (PipelineStateManager.java:addPipeline(54)) - Created pipeline Pipeline[ Id: 369b40d3-ad78-42ea-9573-68839209743b, Nodes: 8480b9c0-5cfc-430b-9047-adac07e56377{ip: 172.17.0.2, host: 282a3b4cfeb7, networkLocation: /default-rack, certSerialId: null}, Type:RATIS, Factor:ONE, State:ALLOCATED, leaderId:, CreationTimestamp2020-11-25T10:34:06.056Z]
2020-11-25 10:34:06,096 [RatisPipelineUtilsThread] WARN  pipeline.PipelinePlacementPolicy (PipelinePlacementPolicy.java:filterViableNodes(138)) - Pipeline creation failed due to no sufficient healthy datanodes. Required 3. Found 1.
2020-11-25 10:34:06,286 [IPC Server handler 1 on default port 40653] INFO  net.NetworkTopologyImpl (NetworkTopologyImpl.java:add(111)) - Added a new node: /default-rack/764aab50-4a86-400e-87a3-bdf7204b618f
2020-11-25 10:34:06,287 [IPC Server handler 1 on default port 40653] INFO  node.SCMNodeManager (SCMNodeManager.java:register(282)) - Registered Data node : 764aab50-4a86-400e-87a3-bdf7204b618f{ip: 172.17.0.2, host: 282a3b4cfeb7, networkLocation: /default-rack, certSerialId: null}
2020-11-25 10:34:06,287 [EventQueue-PipelineReportForOneReplicaPipelineSafeModeRule] INFO  safemode.SCMSafeModeManager (SCMSafeModeManager.java:validateSafeModeExitRules(214)) - AtleastOneDatanodeReportedRule rule is successfully validated
2020-11-25 10:34:06,287 [EventQueue-NodeRegistrationContainerReportForDataNodeSafeModeRule] INFO  safemode.SCMSafeModeManager (SCMSafeModeManager.java:validateSafeModeExitRules(214)) - DataNodeSafeModeRule rule is successfully validated
2020-11-25 10:34:06,287 [EventQueue-NodeRegistrationContainerReportForContainerSafeModeRule] INFO  safemode.SCMSafeModeManager (SCMSafeModeManager.java:validateSafeModeExitRules(214)) - ContainerSafeModeRule rule is successfully validated
2020-11-25 10:34:06,289 [RatisPipelineUtilsThread] INFO  pipeline.RatisPipelineProvider (RatisPipelineProvider.java:lambda$create$0(161)) - Sending CreatePipelineCommand for pipeline:PipelineID=1e1728ff-54ad-4d4e-b4d4-81e7ecede313 to datanode:764aab50-4a86-400e-87a3-bdf7204b618f
2020-11-25 10:34:06,289 [RatisPipelineUtilsThread] INFO  pipeline.PipelineStateManager (PipelineStateManager.java:addPipeline(54)) - Created pipeline Pipeline[ Id: 1e1728ff-54ad-4d4e-b4d4-81e7ecede313, Nodes: 764aab50-4a86-400e-87a3-bdf7204b618f{ip: 172.17.0.2, host: 282a3b4cfeb7, networkLocation: /default-rack, certSerialId: null}, Type:RATIS, Factor:ONE, State:ALLOCATED, leaderId:, CreationTimestamp2020-11-25T10:34:06.289Z]
2020-11-25 10:34:06,290 [RatisPipelineUtilsThread] WARN  pipeline.PipelinePlacementPolicy (PipelinePlacementPolicy.java:filterViableNodes(138)) - Pipeline creation failed due to no sufficient healthy datanodes. Required 3. Found 2.
2020-11-25 10:34:06,463 [Listener at 127.0.0.1/38909] INFO  ozone.MiniOzoneClusterImpl (MiniOzoneClusterImpl.java:lambda$waitForClusterToBeReady$0(178)) - Waiting for nodes to be ready. Got 2 of 3 DN Heartbeats.
2020-11-25 10:34:06,464 [Listener at 127.0.0.1/38909] INFO  ozone.MiniOzoneClusterImpl (MiniOzoneClusterImpl.java:lambda$waitForClusterToBeReady$0(181)) - Waiting for cluster to exit safe mode
2020-11-25 10:34:06,471 [IPC Server handler 2 on default port 40653] INFO  net.NetworkTopologyImpl (NetworkTopologyImpl.java:add(111)) - Added a new node: /default-rack/dab95924-0a6b-4573-a804-c369a72f7a37
2020-11-25 10:34:06,471 [IPC Server handler 2 on default port 40653] INFO  node.SCMNodeManager (SCMNodeManager.java:register(282)) - Registered Data node : dab95924-0a6b-4573-a804-c369a72f7a37{ip: 172.17.0.2, host: 282a3b4cfeb7, networkLocation: /default-rack, certSerialId: null}
2020-11-25 10:34:06,471 [EventQueue-NodeRegistrationContainerReportForContainerSafeModeRule] INFO  safemode.SCMSafeModeManager (SCMSafeModeManager.java:validateSafeModeExitRules(214)) - ContainerSafeModeRule rule is successfully validated
2020-11-25 10:34:06,472 [EventQueue-NodeRegistrationContainerReportForDataNodeSafeModeRule] INFO  safemode.SCMSafeModeManager (SCMSafeModeManager.java:validateSafeModeExitRules(214)) - DataNodeSafeModeRule rule is successfully validated
2020-11-25 10:34:06,472 [EventQueue-PipelineReportForOneReplicaPipelineSafeModeRule] INFO  safemode.SCMSafeModeManager (SCMSafeModeManager.java:validateSafeModeExitRules(214)) - AtleastOneDatanodeReportedRule rule is successfully validated
2020-11-25 10:34:06,472 [RatisPipelineUtilsThread] INFO  pipeline.RatisPipelineProvider (RatisPipelineProvider.java:lambda$create$0(161)) - Sending CreatePipelineCommand for pipeline:PipelineID=d4a8b973-d16d-4464-a029-3f389127220a to datanode:dab95924-0a6b-4573-a804-c369a72f7a37
2020-11-25 10:34:06,473 [RatisPipelineUtilsThread] INFO  pipeline.PipelineStateManager (PipelineStateManager.java:addPipeline(54)) - Created pipeline Pipeline[ Id: d4a8b973-d16d-4464-a029-3f389127220a, Nodes: dab95924-0a6b-4573-a804-c369a72f7a37{ip: 172.17.0.2, host: 282a3b4cfeb7, networkLocation: /default-rack, certSerialId: null}, Type:RATIS, Factor:ONE, State:ALLOCATED, leaderId:, CreationTimestamp2020-11-25T10:34:06.472Z]
2020-11-25 10:34:06,477 [RatisPipelineUtilsThread] INFO  pipeline.RatisPipelineProvider (RatisPipelineProvider.java:lambda$create$0(161)) - Sending CreatePipelineCommand for pipeline:PipelineID=02551242-eb8a-4e1c-abb4-c457ab8721d5 to datanode:dab95924-0a6b-4573-a804-c369a72f7a37
2020-11-25 10:34:06,477 [RatisPipelineUtilsThread] INFO  pipeline.RatisPipelineProvider (RatisPipelineProvider.java:lambda$create$0(161)) - Sending CreatePipelineCommand for pipeline:PipelineID=02551242-eb8a-4e1c-abb4-c457ab8721d5 to datanode:764aab50-4a86-400e-87a3-bdf7204b618f
2020-11-25 10:34:06,477 [RatisPipelineUtilsThread] INFO  pipeline.RatisPipelineProvider (RatisPipelineProvider.java:lambda$create$0(161)) - Sending CreatePipelineCommand for pipeline:PipelineID=02551242-eb8a-4e1c-abb4-c457ab8721d5 to datanode:8480b9c0-5cfc-430b-9047-adac07e56377
2020-11-25 10:34:06,478 [RatisPipelineUtilsThread] INFO  pipeline.PipelineStateManager (PipelineStateManager.java:addPipeline(54)) - Created pipeline Pipeline[ Id: 02551242-eb8a-4e1c-abb4-c457ab8721d5, Nodes: dab95924-0a6b-4573-a804-c369a72f7a37{ip: 172.17.0.2, host: 282a3b4cfeb7, networkLocation: /default-rack, certSerialId: null}764aab50-4a86-400e-87a3-bdf7204b618f{ip: 172.17.0.2, host: 282a3b4cfeb7, networkLocation: /default-rack, certSerialId: null}8480b9c0-5cfc-430b-9047-adac07e56377{ip: 172.17.0.2, host: 282a3b4cfeb7, networkLocation: /default-rack, certSerialId: null}, Type:RATIS, Factor:THREE, State:ALLOCATED, leaderId:, CreationTimestamp2020-11-25T10:34:06.477Z]
2020-11-25 10:34:07,464 [Listener at 127.0.0.1/38909] INFO  ozone.MiniOzoneClusterImpl (MiniOzoneClusterImpl.java:lambda$waitForClusterToBeReady$0(178)) - Nodes are ready. Got 3 of 3 DN Heartbeats.
2020-11-25 10:34:07,464 [Listener at 127.0.0.1/38909] INFO  ozone.MiniOzoneClusterImpl (MiniOzoneClusterImpl.java:lambda$waitForClusterToBeReady$0(181)) - Waiting for cluster to exit safe mode
2020-11-25 10:34:08,464 [Listener at 127.0.0.1/38909] INFO  ozone.MiniOzoneClusterImpl (MiniOzoneClusterImpl.java:lambda$waitForClusterToBeReady$0(178)) - Nodes are ready. Got 3 of 3 DN Heartbeats.
2020-11-25 10:34:08,465 [Listener at 127.0.0.1/38909] INFO  ozone.MiniOzoneClusterImpl (MiniOzoneClusterImpl.java:lambda$waitForClusterToBeReady$0(181)) - Waiting for cluster to exit safe mode
2020-11-25 10:34:09,024 [Command processor thread] INFO  impl.RaftServerProxy (RaftServerProxy.java:addNew(93)) - 8480b9c0-5cfc-430b-9047-adac07e56377: addNew group-68839209743B:[8480b9c0-5cfc-430b-9047-adac07e56377|rpc:172.17.0.2:36521] returns group-68839209743B:java.util.concurrent.CompletableFuture@3895f8c5[Not completed]
2020-11-25 10:34:09,040 [pool-33-thread-1] INFO  impl.RaftServerImpl (RaftServerImpl.java:<init>(121)) - 8480b9c0-5cfc-430b-9047-adac07e56377: new RaftServerImpl for group-68839209743B:[8480b9c0-5cfc-430b-9047-adac07e56377|rpc:172.17.0.2:36521] with ContainerStateMachine:uninitialized
2020-11-25 10:34:09,041 [pool-33-thread-1] INFO  server.RaftServerConfigKeys (ConfUtils.java:logGet(44)) - raft.server.rpc.timeout.min = 5s (custom)
2020-11-25 10:34:09,041 [pool-33-thread-1] INFO  server.RaftServerConfigKeys (ConfUtils.java:logGet(44)) - raft.server.rpc.timeout.max = 5200ms (custom)
2020-11-25 10:34:09,041 [pool-33-thread-1] INFO  server.RaftServerConfigKeys (ConfUtils.java:logGet(44)) - raft.server.rpc.slowness.timeout = 1000000ms (custom)
2020-11-25 10:34:09,042 [pool-33-thread-1] INFO  server.RaftServerConfigKeys (ConfUtils.java:logGet(44)) - raft.server.leaderelection.leader.step-down.wait-time = 10s (default)
2020-11-25 10:34:09,042 [pool-33-thread-1] INFO  server.RaftServerConfigKeys (ConfUtils.java:logGet(44)) - raft.server.sleep.deviation.threshold = 300 (default)
2020-11-25 10:34:09,043 [pool-33-thread-1] INFO  server.RaftServerConfigKeys (ConfUtils.java:logGet(44)) - raft.server.log.appender.install.snapshot.enabled = false (custom)
2020-11-25 10:34:09,048 [pool-33-thread-1] INFO  impl.RaftServerImpl (ServerState.java:<init>(104)) - 8480b9c0-5cfc-430b-9047-adac07e56377@group-68839209743B: ConfigurationManager, init=-1: [8480b9c0-5cfc-430b-9047-adac07e56377|rpc:172.17.0.2:36521], old=null, confs=<EMPTY_MAP>
2020-11-25 10:34:09,048 [pool-33-thread-1] INFO  server.RaftServerConfigKeys (ConfUtils.java:logGet(44)) - raft.server.storage.dir = [/github/workspace/mnt/ozone/hadoop-ozone/integration-test/target/test-dir/MiniOzoneClusterImpl-f614b51c-2266-4ad1-9b0e-e2e5cf61c483/datanode-0/data/ratis] (custom)
2020-11-25 10:34:09,053 [pool-33-thread-1] INFO  server.RaftServerConfigKeys (ConfUtils.java:logGet(44)) - raft.server.log.corruption.policy = EXCEPTION (default)
2020-11-25 10:34:09,054 [pool-33-thread-1] INFO  storage.RaftStorageDirectory (RaftStorageDirectory.java:analyzeStorage(261)) - The storage directory /github/workspace/mnt/ozone/hadoop-ozone/integration-test/target/test-dir/MiniOzoneClusterImpl-f614b51c-2266-4ad1-9b0e-e2e5cf61c483/datanode-0/data/ratis/369b40d3-ad78-42ea-9573-68839209743b does not exist. Creating ...
2020-11-25 10:34:09,058 [pool-33-thread-1] INFO  storage.RaftStorageDirectory (RaftStorageDirectory.java:tryLock(343)) - Lock on /github/workspace/mnt/ozone/hadoop-ozone/integration-test/target/test-dir/MiniOzoneClusterImpl-f614b51c-2266-4ad1-9b0e-e2e5cf61c483/datanode-0/data/ratis/369b40d3-ad78-42ea-9573-68839209743b/in_use.lock acquired by nodename 2803@282a3b4cfeb7
2020-11-25 10:34:09,061 [pool-33-thread-1] INFO  storage.RaftStorage (RaftStorage.java:format(85)) - Storage directory /github/workspace/mnt/ozone/hadoop-ozone/integration-test/target/test-dir/MiniOzoneClusterImpl-f614b51c-2266-4ad1-9b0e-e2e5cf61c483/datanode-0/data/ratis/369b40d3-ad78-42ea-9573-68839209743b has been successfully formatted.
2020-11-25 10:34:09,065 [pool-33-thread-1] INFO  ratis.ContainerStateMachine (ContainerStateMachine.java:loadSnapshot(225)) - group-68839209743B: The snapshot info is null. Setting the last applied indexto:(t:0, i:~)
2020-11-25 10:34:09,066 [pool-33-thread-1] INFO  server.RaftServerConfigKeys (ConfUtils.java:logGet(44)) - raft.server.notification.no-leader.timeout = 1000000ms (custom)
2020-11-25 10:34:09,068 [pool-33-thread-1] INFO  server.RaftServerConfigKeys (ConfUtils.java:logGet(44)) - raft.server.log.use.memory = false (default)
2020-11-25 10:34:09,068 [EventQueue-PipelineReportForPipelineReportHandler] INFO  pipeline.PipelineStateManager (PipelineStateManager.java:openPipeline(132)) - Pipeline Pipeline[ Id: 369b40d3-ad78-42ea-9573-68839209743b, Nodes: 8480b9c0-5cfc-430b-9047-adac07e56377{ip: 172.17.0.2, host: 282a3b4cfeb7, networkLocation: /default-rack, certSerialId: null}, Type:RATIS, Factor:ONE, State:ALLOCATED, leaderId:8480b9c0-5cfc-430b-9047-adac07e56377, CreationTimestamp2020-11-25T10:34:06.056Z] moved to OPEN state
2020-11-25 10:34:09,071 [EventQueue-PipelineReportForOneReplicaPipelineSafeModeRule] INFO  safemode.SCMSafeModeManager (SCMSafeModeManager.java:validateSafeModeExitRules(214)) - AtleastOneDatanodeReportedRule rule is successfully validated
2020-11-25 10:34:09,073 [pool-33-thread-1] INFO  server.RaftServerConfigKeys (ConfUtils.java:logGet(44)) - raft.server.log.purge.gap = 1000000 (custom)
2020-11-25 10:34:09,076 [pool-33-thread-1] INFO  metrics.RatisMetrics (RatisMetrics.java:lambda$create$0(36)) - Creating Metrics Registry : ratis.log_worker.8480b9c0-5cfc-430b-9047-adac07e56377@group-68839209743B
2020-11-25 10:34:09,082 [EventQueue-OpenPipelineForHealthyPipelineSafeModeRule] INFO  safemode.SCMSafeModeManager (HealthyPipelineSafeModeRule.java:process(128)) - SCM in safe mode. Healthy pipelines reported count is 0, required healthy pipeline reported count is 1
2020-11-25 10:34:09,090 [pool-33-thread-1] INFO  server.RaftServerConfigKeys (ConfUtils.java:logGet(44)) - raft.server.log.appender.buffer.byte-limit = 33554432 (custom)
2020-11-25 10:34:09,092 [pool-33-thread-1] INFO  server.RaftServerConfigKeys (ConfUtils.java:logGet(44)) - raft.server.log.segment.size.max = 1048576 (custom)
2020-11-25 10:34:09,098 [pool-33-thread-1] INFO  server.RaftServerConfigKeys (ConfUtils.java:logGet(44)) - raft.server.log.segment.cache.num.max = 2 (custom)
2020-11-25 10:34:09,105 [pool-33-thread-1] INFO  segmented.SegmentedRaftLogWorker (SegmentedRaftLogWorker.java:<init>(180)) - new 8480b9c0-5cfc-430b-9047-adac07e56377@group-68839209743B-SegmentedRaftLogWorker for RaftStorage:Storage Directory /github/workspace/mnt/ozone/hadoop-ozone/integration-test/target/test-dir/MiniOzoneClusterImpl-f614b51c-2266-4ad1-9b0e-e2e5cf61c483/datanode-0/data/ratis/369b40d3-ad78-42ea-9573-68839209743b
2020-11-25 10:34:09,105 [pool-33-thread-1] INFO  server.RaftServerConfigKeys (ConfUtils.java:logGet(44)) - raft.server.log.queue.byte-limit = 2147483647 (custom)
2020-11-25 10:34:09,109 [pool-33-thread-1] INFO  server.RaftServerConfigKeys (ConfUtils.java:logGet(44)) - raft.server.log.queue.element-limit = 1024 (custom)
2020-11-25 10:34:09,110 [pool-33-thread-1] INFO  server.RaftServerConfigKeys (ConfUtils.java:logGet(44)) - raft.server.log.segment.size.max = 1048576 (custom)
2020-11-25 10:34:09,112 [pool-33-thread-1] INFO  server.RaftServerConfigKeys (ConfUtils.java:logGet(44)) - raft.server.log.preallocated.size = 16384 (custom)
2020-11-25 10:34:09,112 [pool-33-thread-1] INFO  server.RaftServerConfigKeys (ConfUtils.java:logGet(44)) - raft.server.log.write.buffer.size = 1048576 (custom)
2020-11-25 10:34:09,113 [pool-33-thread-1] INFO  server.RaftServerConfigKeys (ConfUtils.java:logGet(44)) - raft.server.log.force.sync.num = 128 (default)
2020-11-25 10:34:09,114 [pool-33-thread-1] INFO  server.RaftServerConfigKeys (ConfUtils.java:logGet(44)) - raft.server.log.statemachine.data.sync = true (default)
2020-11-25 10:34:09,114 [pool-33-thread-1] INFO  server.RaftServerConfigKeys (ConfUtils.java:logGet(44)) - raft.server.log.statemachine.data.sync.timeout = 10s (default)
2020-11-25 10:34:09,114 [pool-33-thread-1] INFO  server.RaftServerConfigKeys (ConfUtils.java:logGet(44)) - raft.server.log.statemachine.data.sync.timeout.retry = -1 (default)
2020-11-25 10:34:09,126 [pool-33-thread-1] INFO  server.RaftServerConfigKeys (ConfUtils.java:logGet(44)) - raft.server.log.statemachine.data.caching.enabled = true (custom)
2020-11-25 10:34:09,129 [pool-33-thread-1] INFO  segmented.SegmentedRaftLogWorker (SegmentedRaftLogWorker.java:lambda$new$0(129)) - 8480b9c0-5cfc-430b-9047-adac07e56377@group-68839209743B-SegmentedRaftLogWorker: flushIndex: setUnconditionally 0 -> -1
2020-11-25 10:34:09,130 [pool-33-thread-1] INFO  segmented.SegmentedRaftLogWorker (SegmentedRaftLogWorker.java:lambda$new$0(129)) - 8480b9c0-5cfc-430b-9047-adac07e56377@group-68839209743B-SegmentedRaftLogWorker: safeCacheEvictIndex: setUnconditionally 0 -> -1
2020-11-25 10:34:09,139 [pool-33-thread-1] INFO  server.RaftServerConfigKeys (ConfUtils.java:logGet(44)) - raft.server.snapshot.auto.trigger.enabled = true (custom)
2020-11-25 10:34:09,140 [pool-33-thread-1] INFO  server.RaftServerConfigKeys (ConfUtils.java:logGet(44)) - raft.server.snapshot.auto.trigger.threshold = 10000 (custom)
2020-11-25 10:34:09,141 [pool-33-thread-1] INFO  server.RaftServerConfigKeys (ConfUtils.java:logGet(44)) - raft.server.snapshot.retention.file.num = 5 (custom)
2020-11-25 10:34:09,144 [pool-33-thread-1] INFO  server.RaftServerConfigKeys (ConfUtils.java:logGet(44)) - raft.server.log.purge.upto.snapshot.index = false (default)
2020-11-25 10:34:09,144 [pool-33-thread-1] INFO  server.RaftServerConfigKeys (ConfUtils.java:logGet(44)) - raft.server.retrycache.expirytime = 600000ms (custom)
2020-11-25 10:34:09,161 [pool-33-thread-1] INFO  metrics.RatisMetrics (RatisMetrics.java:lambda$create$0(36)) - Creating Metrics Registry : ratis.leader_election.8480b9c0-5cfc-430b-9047-adac07e56377@group-68839209743B
2020-11-25 10:34:09,164 [pool-33-thread-1] INFO  metrics.RatisMetrics (RatisMetrics.java:lambda$create$0(36)) - Creating Metrics Registry : ratis.server.8480b9c0-5cfc-430b-9047-adac07e56377@group-68839209743B
2020-11-25 10:34:09,173 [pool-33-thread-1] INFO  impl.RaftServerImpl (RaftServerImpl.java:start(215)) - 8480b9c0-5cfc-430b-9047-adac07e56377@group-68839209743B: start as a follower, conf=-1: [8480b9c0-5cfc-430b-9047-adac07e56377|rpc:172.17.0.2:36521], old=null
2020-11-25 10:34:09,175 [pool-33-thread-1] INFO  impl.RaftServerImpl (RaftServerImpl.java:setRole(204)) - 8480b9c0-5cfc-430b-9047-adac07e56377@group-68839209743B: changes role from      null to FOLLOWER at term 0 for startAsFollower
2020-11-25 10:34:09,176 [pool-33-thread-1] INFO  impl.RoleInfo (RoleInfo.java:updateAndGet(143)) - 8480b9c0-5cfc-430b-9047-adac07e56377: start 8480b9c0-5cfc-430b-9047-adac07e56377@group-68839209743B-FollowerState
2020-11-25 10:34:09,183 [pool-33-thread-1] INFO  util.JmxRegister (JmxRegister.java:tryRegister(44)) - Successfully registered JMX Bean with object name Ratis:service=RaftServer,group=group-68839209743B,id=8480b9c0-5cfc-430b-9047-adac07e56377
2020-11-25 10:34:09,184 [pool-33-thread-1] INFO  metrics.RatisMetrics (RatisMetrics.java:lambda$create$0(36)) - Creating Metrics Registry : ratis.state_machine.8480b9c0-5cfc-430b-9047-adac07e56377@group-68839209743B
2020-11-25 10:34:09,201 [Command processor thread] INFO  commandhandler.CreatePipelineCommandHandler (CreatePipelineCommandHandler.java:handle(106)) - Created Pipeline RATIS ONE PipelineID=369b40d3-ad78-42ea-9573-68839209743b.
2020-11-25 10:34:09,201 [Command processor thread] INFO  impl.RaftServerProxy (RaftServerProxy.java:addNew(93)) - 8480b9c0-5cfc-430b-9047-adac07e56377: addNew group-C457AB8721D5:[dab95924-0a6b-4573-a804-c369a72f7a37|rpc:172.17.0.2:44169, 8480b9c0-5cfc-430b-9047-adac07e56377|rpc:172.17.0.2:36521, 764aab50-4a86-400e-87a3-bdf7204b618f|rpc:172.17.0.2:42181] returns group-C457AB8721D5:java.util.concurrent.CompletableFuture@6396bf86[Not completed]
2020-11-25 10:34:09,202 [pool-33-thread-1] INFO  impl.RaftServerImpl (RaftServerImpl.java:<init>(121)) - 8480b9c0-5cfc-430b-9047-adac07e56377: new RaftServerImpl for group-C457AB8721D5:[dab95924-0a6b-4573-a804-c369a72f7a37|rpc:172.17.0.2:44169, 8480b9c0-5cfc-430b-9047-adac07e56377|rpc:172.17.0.2:36521, 764aab50-4a86-400e-87a3-bdf7204b618f|rpc:172.17.0.2:42181] with ContainerStateMachine:uninitialized
2020-11-25 10:34:09,202 [pool-33-thread-1] INFO  server.RaftServerConfigKeys (ConfUtils.java:logGet(44)) - raft.server.rpc.timeout.min = 5s (custom)
2020-11-25 10:34:09,202 [pool-33-thread-1] INFO  server.RaftServerConfigKeys (ConfUtils.java:logGet(44)) - raft.server.rpc.timeout.max = 5200ms (custom)
2020-11-25 10:34:09,202 [pool-33-thread-1] INFO  server.RaftServerConfigKeys (ConfUtils.java:logGet(44)) - raft.server.rpc.slowness.timeout = 1000000ms (custom)
2020-11-25 10:34:09,203 [pool-33-thread-1] INFO  server.RaftServerConfigKeys (ConfUtils.java:logGet(44)) - raft.server.leaderelection.leader.step-down.wait-time = 10s (default)
2020-11-25 10:34:09,203 [pool-33-thread-1] INFO  server.RaftServerConfigKeys (ConfUtils.java:logGet(44)) - raft.server.sleep.deviation.threshold = 300 (default)
2020-11-25 10:34:09,203 [pool-33-thread-1] INFO  server.RaftServerConfigKeys (ConfUtils.java:logGet(44)) - raft.server.log.appender.install.snapshot.enabled = false (custom)
2020-11-25 10:34:09,203 [pool-33-thread-1] INFO  impl.RaftServerImpl (ServerState.java:<init>(104)) - 8480b9c0-5cfc-430b-9047-adac07e56377@group-C457AB8721D5: ConfigurationManager, init=-1: [dab95924-0a6b-4573-a804-c369a72f7a37|rpc:172.17.0.2:44169, 8480b9c0-5cfc-430b-9047-adac07e56377|rpc:172.17.0.2:36521, 764aab50-4a86-400e-87a3-bdf7204b618f|rpc:172.17.0.2:42181], old=null, confs=<EMPTY_MAP>
2020-11-25 10:34:09,203 [pool-33-thread-1] INFO  server.RaftServerConfigKeys (ConfUtils.java:logGet(44)) - raft.server.storage.dir = [/github/workspace/mnt/ozone/hadoop-ozone/integration-test/target/test-dir/MiniOzoneClusterImpl-f614b51c-2266-4ad1-9b0e-e2e5cf61c483/datanode-0/data/ratis] (custom)
2020-11-25 10:34:09,203 [pool-33-thread-1] INFO  server.RaftServerConfigKeys (ConfUtils.java:logGet(44)) - raft.server.log.corruption.policy = EXCEPTION (default)
2020-11-25 10:34:09,203 [pool-33-thread-1] INFO  storage.RaftStorageDirectory (RaftStorageDirectory.java:analyzeStorage(261)) - The storage directory /github/workspace/mnt/ozone/hadoop-ozone/integration-test/target/test-dir/MiniOzoneClusterImpl-f614b51c-2266-4ad1-9b0e-e2e5cf61c483/datanode-0/data/ratis/02551242-eb8a-4e1c-abb4-c457ab8721d5 does not exist. Creating ...
2020-11-25 10:34:09,205 [pool-33-thread-1] INFO  storage.RaftStorageDirectory (RaftStorageDirectory.java:tryLock(343)) - Lock on /github/workspace/mnt/ozone/hadoop-ozone/integration-test/target/test-dir/MiniOzoneClusterImpl-f614b51c-2266-4ad1-9b0e-e2e5cf61c483/datanode-0/data/ratis/02551242-eb8a-4e1c-abb4-c457ab8721d5/in_use.lock acquired by nodename 2803@282a3b4cfeb7
2020-11-25 10:34:09,206 [pool-33-thread-1] INFO  storage.RaftStorage (RaftStorage.java:format(85)) - Storage directory /github/workspace/mnt/ozone/hadoop-ozone/integration-test/target/test-dir/MiniOzoneClusterImpl-f614b51c-2266-4ad1-9b0e-e2e5cf61c483/datanode-0/data/ratis/02551242-eb8a-4e1c-abb4-c457ab8721d5 has been successfully formatted.
2020-11-25 10:34:09,207 [pool-33-thread-1] INFO  ratis.ContainerStateMachine (ContainerStateMachine.java:loadSnapshot(225)) - group-C457AB8721D5: The snapshot info is null. Setting the last applied indexto:(t:0, i:~)
2020-11-25 10:34:09,210 [EventQueue-OpenPipelineForHealthyPipelineSafeModeRule] INFO  safemode.SCMSafeModeManager (HealthyPipelineSafeModeRule.java:process(128)) - SCM in safe mode. Healthy pipelines reported count is 0, required healthy pipeline reported count is 1
2020-11-25 10:34:09,210 [EventQueue-PipelineReportForOneReplicaPipelineSafeModeRule] INFO  safemode.SCMSafeModeManager (SCMSafeModeManager.java:validateSafeModeExitRules(214)) - AtleastOneDatanodeReportedRule rule is successfully validated
2020-11-25 10:34:09,210 [pool-33-thread-1] INFO  server.RaftServerConfigKeys (ConfUtils.java:logGet(44)) - raft.server.notification.no-leader.timeout = 1000000ms (custom)
2020-11-25 10:34:09,210 [pool-33-thread-1] INFO  server.RaftServerConfigKeys (ConfUtils.java:logGet(44)) - raft.server.log.use.memory = false (default)
2020-11-25 10:34:09,211 [pool-33-thread-1] INFO  server.RaftServerConfigKeys (ConfUtils.java:logGet(44)) - raft.server.log.purge.gap = 1000000 (custom)
2020-11-25 10:34:09,211 [pool-33-thread-1] INFO  metrics.RatisMetrics (RatisMetrics.java:lambda$create$0(36)) - Creating Metrics Registry : ratis.log_worker.8480b9c0-5cfc-430b-9047-adac07e56377@group-C457AB8721D5
2020-11-25 10:34:09,211 [pool-33-thread-1] INFO  server.RaftServerConfigKeys (ConfUtils.java:logGet(44)) - raft.server.log.appender.buffer.byte-limit = 33554432 (custom)
2020-11-25 10:34:09,211 [pool-33-thread-1] INFO  server.RaftServerConfigKeys (ConfUtils.java:logGet(44)) - raft.server.log.segment.size.max = 1048576 (custom)
2020-11-25 10:34:09,211 [pool-33-thread-1] INFO  server.RaftServerConfigKeys (ConfUtils.java:logGet(44)) - raft.server.log.segment.cache.num.max = 2 (custom)
2020-11-25 10:34:09,212 [pool-33-thread-1] INFO  segmented.SegmentedRaftLogWorker (SegmentedRaftLogWorker.java:<init>(180)) - new 8480b9c0-5cfc-430b-9047-adac07e56377@group-C457AB8721D5-SegmentedRaftLogWorker for RaftStorage:Storage Directory /github/workspace/mnt/ozone/hadoop-ozone/integration-test/target/test-dir/MiniOzoneClusterImpl-f614b51c-2266-4ad1-9b0e-e2e5cf61c483/datanode-0/data/ratis/02551242-eb8a-4e1c-abb4-c457ab8721d5
2020-11-25 10:34:09,212 [pool-33-thread-1] INFO  server.RaftServerConfigKeys (ConfUtils.java:logGet(44)) - raft.server.log.queue.byte-limit = 2147483647 (custom)
2020-11-25 10:34:09,212 [pool-33-thread-1] INFO  server.RaftServerConfigKeys (ConfUtils.java:logGet(44)) - raft.server.log.queue.element-limit = 1024 (custom)
2020-11-25 10:34:09,212 [pool-33-thread-1] INFO  server.RaftServerConfigKeys (ConfUtils.java:logGet(44)) - raft.server.log.segment.size.max = 1048576 (custom)
2020-11-25 10:34:09,212 [pool-33-thread-1] INFO  server.RaftServerConfigKeys (ConfUtils.java:logGet(44)) - raft.server.log.preallocated.size = 16384 (custom)
2020-11-25 10:34:09,212 [pool-33-thread-1] INFO  server.RaftServerConfigKeys (ConfUtils.java:logGet(44)) - raft.server.log.write.buffer.size = 1048576 (custom)
2020-11-25 10:34:09,212 [pool-33-thread-1] INFO  server.RaftServerConfigKeys (ConfUtils.java:logGet(44)) - raft.server.log.force.sync.num = 128 (default)
2020-11-25 10:34:09,212 [pool-33-thread-1] INFO  server.RaftServerConfigKeys (ConfUtils.java:logGet(44)) - raft.server.log.statemachine.data.sync = true (default)
2020-11-25 10:34:09,212 [pool-33-thread-1] INFO  server.RaftServerConfigKeys (ConfUtils.java:logGet(44)) - raft.server.log.statemachine.data.sync.timeout = 10s (default)
2020-11-25 10:34:09,213 [pool-33-thread-1] INFO  server.RaftServerConfigKeys (ConfUtils.java:logGet(44)) - raft.server.log.statemachine.data.sync.timeout.retry = -1 (default)
2020-11-25 10:34:09,214 [pool-33-thread-1] INFO  server.RaftServerConfigKeys (ConfUtils.java:logGet(44)) - raft.server.log.statemachine.data.caching.enabled = true (custom)
2020-11-25 10:34:09,214 [pool-33-thread-1] INFO  segmented.SegmentedRaftLogWorker (SegmentedRaftLogWorker.java:lambda$new$0(129)) - 8480b9c0-5cfc-430b-9047-adac07e56377@group-C457AB8721D5-SegmentedRaftLogWorker: flushIndex: setUnconditionally 0 -> -1
2020-11-25 10:34:09,214 [pool-33-thread-1] INFO  segmented.SegmentedRaftLogWorker (SegmentedRaftLogWorker.java:lambda$new$0(129)) - 8480b9c0-5cfc-430b-9047-adac07e56377@group-C457AB8721D5-SegmentedRaftLogWorker: safeCacheEvictIndex: setUnconditionally 0 -> -1
2020-11-25 10:34:09,215 [pool-33-thread-1] INFO  server.RaftServerConfigKeys (ConfUtils.java:logGet(44)) - raft.server.snapshot.auto.trigger.enabled = true (custom)
2020-11-25 10:34:09,215 [pool-33-thread-1] INFO  server.RaftServerConfigKeys (ConfUtils.java:logGet(44)) - raft.server.snapshot.auto.trigger.threshold = 10000 (custom)
2020-11-25 10:34:09,215 [pool-33-thread-1] INFO  server.RaftServerConfigKeys (ConfUtils.java:logGet(44)) - raft.server.snapshot.retention.file.num = 5 (custom)
2020-11-25 10:34:09,215 [pool-33-thread-1] INFO  server.RaftServerConfigKeys (ConfUtils.java:logGet(44)) - raft.server.log.purge.upto.snapshot.index = false (default)
2020-11-25 10:34:09,215 [pool-33-thread-1] INFO  server.RaftServerConfigKeys (ConfUtils.java:logGet(44)) - raft.server.retrycache.expirytime = 600000ms (custom)
2020-11-25 10:34:09,215 [pool-33-thread-1] INFO  metrics.RatisMetrics (RatisMetrics.java:lambda$create$0(36)) - Creating Metrics Registry : ratis.leader_election.8480b9c0-5cfc-430b-9047-adac07e56377@group-C457AB8721D5
2020-11-25 10:34:09,215 [pool-33-thread-1] INFO  metrics.RatisMetrics (RatisMetrics.java:lambda$create$0(36)) - Creating Metrics Registry : ratis.server.8480b9c0-5cfc-430b-9047-adac07e56377@group-C457AB8721D5
2020-11-25 10:34:09,216 [pool-33-thread-1] INFO  impl.RaftServerImpl (RaftServerImpl.java:start(215)) - 8480b9c0-5cfc-430b-9047-adac07e56377@group-C457AB8721D5: start as a follower, conf=-1: [dab95924-0a6b-4573-a804-c369a72f7a37|rpc:172.17.0.2:44169, 8480b9c0-5cfc-430b-9047-adac07e56377|rpc:172.17.0.2:36521, 764aab50-4a86-400e-87a3-bdf7204b618f|rpc:172.17.0.2:42181], old=null
2020-11-25 10:34:09,216 [pool-33-thread-1] INFO  impl.RaftServerImpl (RaftServerImpl.java:setRole(204)) - 8480b9c0-5cfc-430b-9047-adac07e56377@group-C457AB8721D5: changes role from      null to FOLLOWER at term 0 for startAsFollower
2020-11-25 10:34:09,216 [pool-33-thread-1] INFO  impl.RoleInfo (RoleInfo.java:updateAndGet(143)) - 8480b9c0-5cfc-430b-9047-adac07e56377: start 8480b9c0-5cfc-430b-9047-adac07e56377@group-C457AB8721D5-FollowerState
2020-11-25 10:34:09,220 [pool-33-thread-1] INFO  util.JmxRegister (JmxRegister.java:tryRegister(44)) - Successfully registered JMX Bean with object name Ratis:service=RaftServer,group=group-C457AB8721D5,id=8480b9c0-5cfc-430b-9047-adac07e56377
2020-11-25 10:34:09,220 [pool-33-thread-1] INFO  metrics.RatisMetrics (RatisMetrics.java:lambda$create$0(36)) - Creating Metrics Registry : ratis.state_machine.8480b9c0-5cfc-430b-9047-adac07e56377@group-C457AB8721D5
2020-11-25 10:34:09,256 [Command processor thread] INFO  metrics.RatisMetrics (RatisMetrics.java:lambda$create$0(36)) - Creating Metrics Registry : ratis.client_message_metrics.client-BAAA93FDAD24->dab95924-0a6b-4573-a804-c369a72f7a37
2020-11-25 10:34:09,286 [Command processor thread] INFO  impl.RaftServerProxy (RaftServerProxy.java:addNew(93)) - 764aab50-4a86-400e-87a3-bdf7204b618f: addNew group-81E7ECEDE313:[764aab50-4a86-400e-87a3-bdf7204b618f|rpc:172.17.0.2:42181] returns group-81E7ECEDE313:java.util.concurrent.CompletableFuture@331aac19[Not completed]
2020-11-25 10:34:09,331 [pool-48-thread-1] INFO  impl.RaftServerImpl (RaftServerImpl.java:<init>(121)) - 764aab50-4a86-400e-87a3-bdf7204b618f: new RaftServerImpl for group-81E7ECEDE313:[764aab50-4a86-400e-87a3-bdf7204b618f|rpc:172.17.0.2:42181] with ContainerStateMachine:uninitialized
2020-11-25 10:34:09,332 [pool-48-thread-1] INFO  server.RaftServerConfigKeys (ConfUtils.java:logGet(44)) - raft.server.rpc.timeout.min = 5s (custom)
2020-11-25 10:34:09,332 [pool-48-thread-1] INFO  server.RaftServerConfigKeys (ConfUtils.java:logGet(44)) - raft.server.rpc.timeout.max = 5200ms (custom)
2020-11-25 10:34:09,332 [pool-48-thread-1] INFO  server.RaftServerConfigKeys (ConfUtils.java:logGet(44)) - raft.server.rpc.slowness.timeout = 1000000ms (custom)
2020-11-25 10:34:09,332 [pool-48-thread-1] INFO  server.RaftServerConfigKeys (ConfUtils.java:logGet(44)) - raft.server.leaderelection.leader.step-down.wait-time = 10s (default)
2020-11-25 10:34:09,332 [pool-48-thread-1] INFO  server.RaftServerConfigKeys (ConfUtils.java:logGet(44)) - raft.server.sleep.deviation.threshold = 300 (default)
2020-11-25 10:34:09,333 [pool-48-thread-1] INFO  server.RaftServerConfigKeys (ConfUtils.java:logGet(44)) - raft.server.log.appender.install.snapshot.enabled = false (custom)
2020-11-25 10:34:09,333 [pool-48-thread-1] INFO  impl.RaftServerImpl (ServerState.java:<init>(104)) - 764aab50-4a86-400e-87a3-bdf7204b618f@group-81E7ECEDE313: ConfigurationManager, init=-1: [764aab50-4a86-400e-87a3-bdf7204b618f|rpc:172.17.0.2:42181], old=null, confs=<EMPTY_MAP>
2020-11-25 10:34:09,333 [pool-48-thread-1] INFO  server.RaftServerConfigKeys (ConfUtils.java:logGet(44)) - raft.server.storage.dir = [/github/workspace/mnt/ozone/hadoop-ozone/integration-test/target/test-dir/MiniOzoneClusterImpl-f614b51c-2266-4ad1-9b0e-e2e5cf61c483/datanode-1/data/ratis] (custom)
2020-11-25 10:34:09,334 [pool-48-thread-1] INFO  server.RaftServerConfigKeys (ConfUtils.java:logGet(44)) - raft.server.log.corruption.policy = EXCEPTION (default)
2020-11-25 10:34:09,334 [pool-48-thread-1] INFO  storage.RaftStorageDirectory (RaftStorageDirectory.java:analyzeStorage(261)) - The storage directory /github/workspace/mnt/ozone/hadoop-ozone/integration-test/target/test-dir/MiniOzoneClusterImpl-f614b51c-2266-4ad1-9b0e-e2e5cf61c483/datanode-1/data/ratis/1e1728ff-54ad-4d4e-b4d4-81e7ecede313 does not exist. Creating ...
2020-11-25 10:34:09,338 [pool-48-thread-1] INFO  storage.RaftStorageDirectory (RaftStorageDirectory.java:tryLock(343)) - Lock on /github/workspace/mnt/ozone/hadoop-ozone/integration-test/target/test-dir/MiniOzoneClusterImpl-f614b51c-2266-4ad1-9b0e-e2e5cf61c483/datanode-1/data/ratis/1e1728ff-54ad-4d4e-b4d4-81e7ecede313/in_use.lock acquired by nodename 2803@282a3b4cfeb7
2020-11-25 10:34:09,339 [pool-48-thread-1] INFO  storage.RaftStorage (RaftStorage.java:format(85)) - Storage directory /github/workspace/mnt/ozone/hadoop-ozone/integration-test/target/test-dir/MiniOzoneClusterImpl-f614b51c-2266-4ad1-9b0e-e2e5cf61c483/datanode-1/data/ratis/1e1728ff-54ad-4d4e-b4d4-81e7ecede313 has been successfully formatted.
2020-11-25 10:34:09,346 [EventQueue-PipelineReportForPipelineReportHandler] INFO  pipeline.PipelineStateManager (PipelineStateManager.java:openPipeline(132)) - Pipeline Pipeline[ Id: 1e1728ff-54ad-4d4e-b4d4-81e7ecede313, Nodes: 764aab50-4a86-400e-87a3-bdf7204b618f{ip: 172.17.0.2, host: 282a3b4cfeb7, networkLocation: /default-rack, certSerialId: null}, Type:RATIS, Factor:ONE, State:ALLOCATED, leaderId:764aab50-4a86-400e-87a3-bdf7204b618f, CreationTimestamp2020-11-25T10:34:06.289Z] moved to OPEN state
2020-11-25 10:34:09,346 [EventQueue-PipelineReportForOneReplicaPipelineSafeModeRule] INFO  safemode.SCMSafeModeManager (SCMSafeModeManager.java:validateSafeModeExitRules(214)) - AtleastOneDatanodeReportedRule rule is successfully validated
2020-11-25 10:34:09,347 [EventQueue-OpenPipelineForHealthyPipelineSafeModeRule] INFO  safemode.SCMSafeModeManager (HealthyPipelineSafeModeRule.java:process(128)) - SCM in safe mode. Healthy pipelines reported count is 0, required healthy pipeline reported count is 1
2020-11-25 10:34:09,344 [pool-48-thread-1] INFO  ratis.ContainerStateMachine (ContainerStateMachine.java:loadSnapshot(225)) - group-81E7ECEDE313: The snapshot info is null. Setting the last applied indexto:(t:0, i:~)
2020-11-25 10:34:09,349 [pool-48-thread-1] INFO  server.RaftServerConfigKeys (ConfUtils.java:logGet(44)) - raft.server.notification.no-leader.timeout = 1000000ms (custom)
2020-11-25 10:34:09,349 [pool-48-thread-1] INFO  server.RaftServerConfigKeys (ConfUtils.java:logGet(44)) - raft.server.log.use.memory = false (default)
2020-11-25 10:34:09,349 [pool-48-thread-1] INFO  server.RaftServerConfigKeys (ConfUtils.java:logGet(44)) - raft.server.log.purge.gap = 1000000 (custom)
2020-11-25 10:34:09,349 [pool-48-thread-1] INFO  metrics.RatisMetrics (RatisMetrics.java:lambda$create$0(36)) - Creating Metrics Registry : ratis.log_worker.764aab50-4a86-400e-87a3-bdf7204b618f@group-81E7ECEDE313
2020-11-25 10:34:09,349 [pool-48-thread-1] INFO  server.RaftServerConfigKeys (ConfUtils.java:logGet(44)) - raft.server.log.appender.buffer.byte-limit = 33554432 (custom)
2020-11-25 10:34:09,349 [pool-48-thread-1] INFO  server.RaftServerConfigKeys (ConfUtils.java:logGet(44)) - raft.server.log.segment.size.max = 1048576 (custom)
2020-11-25 10:34:09,350 [pool-48-thread-1] INFO  server.RaftServerConfigKeys (ConfUtils.java:logGet(44)) - raft.server.log.segment.cache.num.max = 2 (custom)
2020-11-25 10:34:09,352 [pool-48-thread-1] INFO  segmented.SegmentedRaftLogWorker (SegmentedRaftLogWorker.java:<init>(180)) - new 764aab50-4a86-400e-87a3-bdf7204b618f@group-81E7ECEDE313-SegmentedRaftLogWorker for RaftStorage:Storage Directory /github/workspace/mnt/ozone/hadoop-ozone/integration-test/target/test-dir/MiniOzoneClusterImpl-f614b51c-2266-4ad1-9b0e-e2e5cf61c483/datanode-1/data/ratis/1e1728ff-54ad-4d4e-b4d4-81e7ecede313
2020-11-25 10:34:09,352 [pool-48-thread-1] INFO  server.RaftServerConfigKeys (ConfUtils.java:logGet(44)) - raft.server.log.queue.byte-limit = 2147483647 (custom)
2020-11-25 10:34:09,352 [pool-48-thread-1] INFO  server.RaftServerConfigKeys (ConfUtils.java:logGet(44)) - raft.server.log.queue.element-limit = 1024 (custom)
2020-11-25 10:34:09,352 [pool-48-thread-1] INFO  server.RaftServerConfigKeys (ConfUtils.java:logGet(44)) - raft.server.log.segment.size.max = 1048576 (custom)
2020-11-25 10:34:09,352 [pool-48-thread-1] INFO  server.RaftServerConfigKeys (ConfUtils.java:logGet(44)) - raft.server.log.preallocated.size = 16384 (custom)
2020-11-25 10:34:09,352 [pool-48-thread-1] INFO  server.RaftServerConfigKeys (ConfUtils.java:logGet(44)) - raft.server.log.write.buffer.size = 1048576 (custom)
2020-11-25 10:34:09,352 [pool-48-thread-1] INFO  server.RaftServerConfigKeys (ConfUtils.java:logGet(44)) - raft.server.log.force.sync.num = 128 (default)
2020-11-25 10:34:09,352 [pool-48-thread-1] INFO  server.RaftServerConfigKeys (ConfUtils.java:logGet(44)) - raft.server.log.statemachine.data.sync = true (default)
2020-11-25 10:34:09,352 [pool-48-thread-1] INFO  server.RaftServerConfigKeys (ConfUtils.java:logGet(44)) - raft.server.log.statemachine.data.sync.timeout = 10s (default)
2020-11-25 10:34:09,352 [pool-48-thread-1] INFO  server.RaftServerConfigKeys (ConfUtils.java:logGet(44)) - raft.server.log.statemachine.data.sync.timeout.retry = -1 (default)
2020-11-25 10:34:09,353 [pool-48-thread-1] INFO  server.RaftServerConfigKeys (ConfUtils.java:logGet(44)) - raft.server.log.statemachine.data.caching.enabled = true (custom)
2020-11-25 10:34:09,354 [pool-48-thread-1] INFO  segmented.SegmentedRaftLogWorker (SegmentedRaftLogWorker.java:lambda$new$0(129)) - 764aab50-4a86-400e-87a3-bdf7204b618f@group-81E7ECEDE313-SegmentedRaftLogWorker: flushIndex: setUnconditionally 0 -> -1
2020-11-25 10:34:09,354 [pool-48-thread-1] INFO  segmented.SegmentedRaftLogWorker (SegmentedRaftLogWorker.java:lambda$new$0(129)) - 764aab50-4a86-400e-87a3-bdf7204b618f@group-81E7ECEDE313-SegmentedRaftLogWorker: safeCacheEvictIndex: setUnconditionally 0 -> -1
2020-11-25 10:34:09,364 [pool-48-thread-1] INFO  server.RaftServerConfigKeys (ConfUtils.java:logGet(44)) - raft.server.snapshot.auto.trigger.enabled = true (custom)
2020-11-25 10:34:09,365 [pool-48-thread-1] INFO  server.RaftServerConfigKeys (ConfUtils.java:logGet(44)) - raft.server.snapshot.auto.trigger.threshold = 10000 (custom)
2020-11-25 10:34:09,365 [pool-48-thread-1] INFO  server.RaftServerConfigKeys (ConfUtils.java:logGet(44)) - raft.server.snapshot.retention.file.num = 5 (custom)
2020-11-25 10:34:09,365 [pool-48-thread-1] INFO  server.RaftServerConfigKeys (ConfUtils.java:logGet(44)) - raft.server.log.purge.upto.snapshot.index = false (default)
2020-11-25 10:34:09,365 [pool-48-thread-1] INFO  server.RaftServerConfigKeys (ConfUtils.java:logGet(44)) - raft.server.retrycache.expirytime = 600000ms (custom)
2020-11-25 10:34:09,365 [pool-48-thread-1] INFO  metrics.RatisMetrics (RatisMetrics.java:lambda$create$0(36)) - Creating Metrics Registry : ratis.leader_election.764aab50-4a86-400e-87a3-bdf7204b618f@group-81E7ECEDE313
2020-11-25 10:34:09,365 [pool-48-thread-1] INFO  metrics.RatisMetrics (RatisMetrics.java:lambda$create$0(36)) - Creating Metrics Registry : ratis.server.764aab50-4a86-400e-87a3-bdf7204b618f@group-81E7ECEDE313
2020-11-25 10:34:09,381 [pool-48-thread-1] INFO  impl.RaftServerImpl (RaftServerImpl.java:start(215)) - 764aab50-4a86-400e-87a3-bdf7204b618f@group-81E7ECEDE313: start as a follower, conf=-1: [764aab50-4a86-400e-87a3-bdf7204b618f|rpc:172.17.0.2:42181], old=null
2020-11-25 10:34:09,382 [pool-48-thread-1] INFO  impl.RaftServerImpl (RaftServerImpl.java:setRole(204)) - 764aab50-4a86-400e-87a3-bdf7204b618f@group-81E7ECEDE313: changes role from      null to FOLLOWER at term 0 for startAsFollower
2020-11-25 10:34:09,382 [pool-48-thread-1] INFO  impl.RoleInfo (RoleInfo.java:updateAndGet(143)) - 764aab50-4a86-400e-87a3-bdf7204b618f: start 764aab50-4a86-400e-87a3-bdf7204b618f@group-81E7ECEDE313-FollowerState
2020-11-25 10:34:09,390 [pool-48-thread-1] INFO  util.JmxRegister (JmxRegister.java:tryRegister(44)) - Successfully registered JMX Bean with object name Ratis:service=RaftServer,group=group-81E7ECEDE313,id=764aab50-4a86-400e-87a3-bdf7204b618f
2020-11-25 10:34:09,395 [pool-48-thread-1] INFO  metrics.RatisMetrics (RatisMetrics.java:lambda$create$0(36)) - Creating Metrics Registry : ratis.state_machine.764aab50-4a86-400e-87a3-bdf7204b618f@group-81E7ECEDE313
2020-11-25 10:34:09,404 [Command processor thread] INFO  commandhandler.CreatePipelineCommandHandler (CreatePipelineCommandHandler.java:handle(106)) - Created Pipeline RATIS ONE PipelineID=1e1728ff-54ad-4d4e-b4d4-81e7ecede313.
2020-11-25 10:34:09,406 [Command processor thread] INFO  impl.RaftServerProxy (RaftServerProxy.java:addNew(93)) - 764aab50-4a86-400e-87a3-bdf7204b618f: addNew group-C457AB8721D5:[dab95924-0a6b-4573-a804-c369a72f7a37|rpc:172.17.0.2:44169, 8480b9c0-5cfc-430b-9047-adac07e56377|rpc:172.17.0.2:36521, 764aab50-4a86-400e-87a3-bdf7204b618f|rpc:172.17.0.2:42181] returns group-C457AB8721D5:java.util.concurrent.CompletableFuture@37252ea2[Not completed]
2020-11-25 10:34:09,407 [pool-48-thread-1] INFO  impl.RaftServerImpl (RaftServerImpl.java:<init>(121)) - 764aab50-4a86-400e-87a3-bdf7204b618f: new RaftServerImpl for group-C457AB8721D5:[dab95924-0a6b-4573-a804-c369a72f7a37|rpc:172.17.0.2:44169, 8480b9c0-5cfc-430b-9047-adac07e56377|rpc:172.17.0.2:36521, 764aab50-4a86-400e-87a3-bdf7204b618f|rpc:172.17.0.2:42181] with ContainerStateMachine:uninitialized
2020-11-25 10:34:09,407 [pool-48-thread-1] INFO  server.RaftServerConfigKeys (ConfUtils.java:logGet(44)) - raft.server.rpc.timeout.min = 5s (custom)
2020-11-25 10:34:09,407 [pool-48-thread-1] INFO  server.RaftServerConfigKeys (ConfUtils.java:logGet(44)) - raft.server.rpc.timeout.max = 5200ms (custom)
2020-11-25 10:34:09,407 [pool-48-thread-1] INFO  server.RaftServerConfigKeys (ConfUtils.java:logGet(44)) - raft.server.rpc.slowness.timeout = 1000000ms (custom)
2020-11-25 10:34:09,407 [pool-48-thread-1] INFO  server.RaftServerConfigKeys (ConfUtils.java:logGet(44)) - raft.server.leaderelection.leader.step-down.wait-time = 10s (default)
2020-11-25 10:34:09,407 [pool-48-thread-1] INFO  server.RaftServerConfigKeys (ConfUtils.java:logGet(44)) - raft.server.sleep.deviation.threshold = 300 (default)
2020-11-25 10:34:09,407 [pool-48-thread-1] INFO  server.RaftServerConfigKeys (ConfUtils.java:logGet(44)) - raft.server.log.appender.install.snapshot.enabled = false (custom)
2020-11-25 10:34:09,407 [pool-48-thread-1] INFO  impl.RaftServerImpl (ServerState.java:<init>(104)) - 764aab50-4a86-400e-87a3-bdf7204b618f@group-C457AB8721D5: ConfigurationManager, init=-1: [dab95924-0a6b-4573-a804-c369a72f7a37|rpc:172.17.0.2:44169, 8480b9c0-5cfc-430b-9047-adac07e56377|rpc:172.17.0.2:36521, 764aab50-4a86-400e-87a3-bdf7204b618f|rpc:172.17.0.2:42181], old=null, confs=<EMPTY_MAP>
2020-11-25 10:34:09,408 [pool-48-thread-1] INFO  server.RaftServerConfigKeys (ConfUtils.java:logGet(44)) - raft.server.storage.dir = [/github/workspace/mnt/ozone/hadoop-ozone/integration-test/target/test-dir/MiniOzoneClusterImpl-f614b51c-2266-4ad1-9b0e-e2e5cf61c483/datanode-1/data/ratis] (custom)
2020-11-25 10:34:09,408 [pool-48-thread-1] INFO  server.RaftServerConfigKeys (ConfUtils.java:logGet(44)) - raft.server.log.corruption.policy = EXCEPTION (default)
2020-11-25 10:34:09,408 [pool-48-thread-1] INFO  storage.RaftStorageDirectory (RaftStorageDirectory.java:analyzeStorage(261)) - The storage directory /github/workspace/mnt/ozone/hadoop-ozone/integration-test/target/test-dir/MiniOzoneClusterImpl-f614b51c-2266-4ad1-9b0e-e2e5cf61c483/datanode-1/data/ratis/02551242-eb8a-4e1c-abb4-c457ab8721d5 does not exist. Creating ...
2020-11-25 10:34:09,410 [pool-48-thread-1] INFO  storage.RaftStorageDirectory (RaftStorageDirectory.java:tryLock(343)) - Lock on /github/workspace/mnt/ozone/hadoop-ozone/integration-test/target/test-dir/MiniOzoneClusterImpl-f614b51c-2266-4ad1-9b0e-e2e5cf61c483/datanode-1/data/ratis/02551242-eb8a-4e1c-abb4-c457ab8721d5/in_use.lock acquired by nodename 2803@282a3b4cfeb7
2020-11-25 10:34:09,412 [pool-48-thread-1] INFO  storage.RaftStorage (RaftStorage.java:format(85)) - Storage directory /github/workspace/mnt/ozone/hadoop-ozone/integration-test/target/test-dir/MiniOzoneClusterImpl-f614b51c-2266-4ad1-9b0e-e2e5cf61c483/datanode-1/data/ratis/02551242-eb8a-4e1c-abb4-c457ab8721d5 has been successfully formatted.
2020-11-25 10:34:09,412 [pool-48-thread-1] INFO  ratis.ContainerStateMachine (ContainerStateMachine.java:loadSnapshot(225)) - group-C457AB8721D5: The snapshot info is null. Setting the last applied indexto:(t:0, i:~)
2020-11-25 10:34:09,412 [pool-48-thread-1] INFO  server.RaftServerConfigKeys (ConfUtils.java:logGet(44)) - raft.server.notification.no-leader.timeout = 1000000ms (custom)
2020-11-25 10:34:09,412 [pool-48-thread-1] INFO  server.RaftServerConfigKeys (ConfUtils.java:logGet(44)) - raft.server.log.use.memory = false (default)
2020-11-25 10:34:09,412 [pool-48-thread-1] INFO  server.RaftServerConfigKeys (ConfUtils.java:logGet(44)) - raft.server.log.purge.gap = 1000000 (custom)
2020-11-25 10:34:09,412 [pool-48-thread-1] INFO  metrics.RatisMetrics (RatisMetrics.java:lambda$create$0(36)) - Creating Metrics Registry : ratis.log_worker.764aab50-4a86-400e-87a3-bdf7204b618f@group-C457AB8721D5
2020-11-25 10:34:09,413 [EventQueue-PipelineReportForOneReplicaPipelineSafeModeRule] INFO  safemode.SCMSafeModeManager (SCMSafeModeManager.java:validateSafeModeExitRules(214)) - AtleastOneDatanodeReportedRule rule is successfully validated
2020-11-25 10:34:09,413 [EventQueue-OpenPipelineForHealthyPipelineSafeModeRule] INFO  safemode.SCMSafeModeManager (HealthyPipelineSafeModeRule.java:process(128)) - SCM in safe mode. Healthy pipelines reported count is 0, required healthy pipeline reported count is 1
2020-11-25 10:34:09,413 [pool-48-thread-1] INFO  server.RaftServerConfigKeys (ConfUtils.java:logGet(44)) - raft.server.log.appender.buffer.byte-limit = 33554432 (custom)
2020-11-25 10:34:09,414 [pool-48-thread-1] INFO  server.RaftServerConfigKeys (ConfUtils.java:logGet(44)) - raft.server.log.segment.size.max = 1048576 (custom)
2020-11-25 10:34:09,414 [pool-48-thread-1] INFO  server.RaftServerConfigKeys (ConfUtils.java:logGet(44)) - raft.server.log.segment.cache.num.max = 2 (custom)
2020-11-25 10:34:09,414 [pool-48-thread-1] INFO  segmented.SegmentedRaftLogWorker (SegmentedRaftLogWorker.java:<init>(180)) - new 764aab50-4a86-400e-87a3-bdf7204b618f@group-C457AB8721D5-SegmentedRaftLogWorker for RaftStorage:Storage Directory /github/workspace/mnt/ozone/hadoop-ozone/integration-test/target/test-dir/MiniOzoneClusterImpl-f614b51c-2266-4ad1-9b0e-e2e5cf61c483/datanode-1/data/ratis/02551242-eb8a-4e1c-abb4-c457ab8721d5
2020-11-25 10:34:09,414 [pool-48-thread-1] INFO  server.RaftServerConfigKeys (ConfUtils.java:logGet(44)) - raft.server.log.queue.byte-limit = 2147483647 (custom)
2020-11-25 10:34:09,414 [pool-48-thread-1] INFO  server.RaftServerConfigKeys (ConfUtils.java:logGet(44)) - raft.server.log.queue.element-limit = 1024 (custom)
2020-11-25 10:34:09,414 [pool-48-thread-1] INFO  server.RaftServerConfigKeys (ConfUtils.java:logGet(44)) - raft.server.log.segment.size.max = 1048576 (custom)
2020-11-25 10:34:09,414 [pool-48-thread-1] INFO  server.RaftServerConfigKeys (ConfUtils.java:logGet(44)) - raft.server.log.preallocated.size = 16384 (custom)
2020-11-25 10:34:09,414 [pool-48-thread-1] INFO  server.RaftServerConfigKeys (ConfUtils.java:logGet(44)) - raft.server.log.write.buffer.size = 1048576 (custom)
2020-11-25 10:34:09,414 [pool-48-thread-1] INFO  server.RaftServerConfigKeys (ConfUtils.java:logGet(44)) - raft.server.log.force.sync.num = 128 (default)
2020-11-25 10:34:09,415 [pool-48-thread-1] INFO  server.RaftServerConfigKeys (ConfUtils.java:logGet(44)) - raft.server.log.statemachine.data.sync = true (default)
2020-11-25 10:34:09,415 [pool-48-thread-1] INFO  server.RaftServerConfigKeys (ConfUtils.java:logGet(44)) - raft.server.log.statemachine.data.sync.timeout = 10s (default)
2020-11-25 10:34:09,415 [pool-48-thread-1] INFO  server.RaftServerConfigKeys (ConfUtils.java:logGet(44)) - raft.server.log.statemachine.data.sync.timeout.retry = -1 (default)
2020-11-25 10:34:09,416 [pool-48-thread-1] INFO  server.RaftServerConfigKeys (ConfUtils.java:logGet(44)) - raft.server.log.statemachine.data.caching.enabled = true (custom)
2020-11-25 10:34:09,416 [pool-48-thread-1] INFO  segmented.SegmentedRaftLogWorker (SegmentedRaftLogWorker.java:lambda$new$0(129)) - 764aab50-4a86-400e-87a3-bdf7204b618f@group-C457AB8721D5-SegmentedRaftLogWorker: flushIndex: setUnconditionally 0 -> -1
2020-11-25 10:34:09,416 [pool-48-thread-1] INFO  segmented.SegmentedRaftLogWorker (SegmentedRaftLogWorker.java:lambda$new$0(129)) - 764aab50-4a86-400e-87a3-bdf7204b618f@group-C457AB8721D5-SegmentedRaftLogWorker: safeCacheEvictIndex: setUnconditionally 0 -> -1
2020-11-25 10:34:09,423 [pool-48-thread-1] INFO  server.RaftServerConfigKeys (ConfUtils.java:logGet(44)) - raft.server.snapshot.auto.trigger.enabled = true (custom)
2020-11-25 10:34:09,423 [pool-48-thread-1] INFO  server.RaftServerConfigKeys (ConfUtils.java:logGet(44)) - raft.server.snapshot.auto.trigger.threshold = 10000 (custom)
2020-11-25 10:34:09,423 [pool-48-thread-1] INFO  server.RaftServerConfigKeys (ConfUtils.java:logGet(44)) - raft.server.snapshot.retention.file.num = 5 (custom)
2020-11-25 10:34:09,423 [pool-48-thread-1] INFO  server.RaftServerConfigKeys (ConfUtils.java:logGet(44)) - raft.server.log.purge.upto.snapshot.index = false (default)
2020-11-25 10:34:09,424 [pool-48-thread-1] INFO  server.RaftServerConfigKeys (ConfUtils.java:logGet(44)) - raft.server.retrycache.expirytime = 600000ms (custom)
2020-11-25 10:34:09,424 [pool-48-thread-1] INFO  metrics.RatisMetrics (RatisMetrics.java:lambda$create$0(36)) - Creating Metrics Registry : ratis.leader_election.764aab50-4a86-400e-87a3-bdf7204b618f@group-C457AB8721D5
2020-11-25 10:34:09,424 [pool-48-thread-1] INFO  metrics.RatisMetrics (RatisMetrics.java:lambda$create$0(36)) - Creating Metrics Registry : ratis.server.764aab50-4a86-400e-87a3-bdf7204b618f@group-C457AB8721D5
2020-11-25 10:34:09,425 [pool-48-thread-1] INFO  impl.RaftServerImpl (RaftServerImpl.java:start(215)) - 764aab50-4a86-400e-87a3-bdf7204b618f@group-C457AB8721D5: start as a follower, conf=-1: [dab95924-0a6b-4573-a804-c369a72f7a37|rpc:172.17.0.2:44169, 8480b9c0-5cfc-430b-9047-adac07e56377|rpc:172.17.0.2:36521, 764aab50-4a86-400e-87a3-bdf7204b618f|rpc:172.17.0.2:42181], old=null
2020-11-25 10:34:09,425 [pool-48-thread-1] INFO  impl.RaftServerImpl (RaftServerImpl.java:setRole(204)) - 764aab50-4a86-400e-87a3-bdf7204b618f@group-C457AB8721D5: changes role from      null to FOLLOWER at term 0 for startAsFollower
2020-11-25 10:34:09,425 [pool-48-thread-1] INFO  impl.RoleInfo (RoleInfo.java:updateAndGet(143)) - 764aab50-4a86-400e-87a3-bdf7204b618f: start 764aab50-4a86-400e-87a3-bdf7204b618f@group-C457AB8721D5-FollowerState
2020-11-25 10:34:09,431 [pool-48-thread-1] INFO  util.JmxRegister (JmxRegister.java:tryRegister(44)) - Successfully registered JMX Bean with object name Ratis:service=RaftServer,group=group-C457AB8721D5,id=764aab50-4a86-400e-87a3-bdf7204b618f
2020-11-25 10:34:09,431 [pool-48-thread-1] INFO  metrics.RatisMetrics (RatisMetrics.java:lambda$create$0(36)) - Creating Metrics Registry : ratis.state_machine.764aab50-4a86-400e-87a3-bdf7204b618f@group-C457AB8721D5
2020-11-25 10:34:09,434 [Command processor thread] INFO  metrics.RatisMetrics (RatisMetrics.java:lambda$create$0(36)) - Creating Metrics Registry : ratis.client_message_metrics.client-1C42F0504918->dab95924-0a6b-4573-a804-c369a72f7a37
2020-11-25 10:34:09,465 [Listener at 127.0.0.1/38909] INFO  ozone.MiniOzoneClusterImpl (MiniOzoneClusterImpl.java:lambda$waitForClusterToBeReady$0(178)) - Nodes are ready. Got 3 of 3 DN Heartbeats.
2020-11-25 10:34:09,465 [Listener at 127.0.0.1/38909] INFO  ozone.MiniOzoneClusterImpl (MiniOzoneClusterImpl.java:lambda$waitForClusterToBeReady$0(181)) - Waiting for cluster to exit safe mode
2020-11-25 10:34:09,476 [Command processor thread] INFO  impl.RaftServerProxy (RaftServerProxy.java:addNew(93)) - dab95924-0a6b-4573-a804-c369a72f7a37: addNew group-3F389127220A:[dab95924-0a6b-4573-a804-c369a72f7a37|rpc:172.17.0.2:44169] returns group-3F389127220A:java.util.concurrent.CompletableFuture@69c82588[Not completed]
2020-11-25 10:34:09,487 [pool-64-thread-1] INFO  impl.RaftServerImpl (RaftServerImpl.java:<init>(121)) - dab95924-0a6b-4573-a804-c369a72f7a37: new RaftServerImpl for group-3F389127220A:[dab95924-0a6b-4573-a804-c369a72f7a37|rpc:172.17.0.2:44169] with ContainerStateMachine:uninitialized
2020-11-25 10:34:09,487 [pool-64-thread-1] INFO  server.RaftServerConfigKeys (ConfUtils.java:logGet(44)) - raft.server.rpc.timeout.min = 5s (custom)
2020-11-25 10:34:09,487 [pool-64-thread-1] INFO  server.RaftServerConfigKeys (ConfUtils.java:logGet(44)) - raft.server.rpc.timeout.max = 5200ms (custom)
2020-11-25 10:34:09,487 [pool-64-thread-1] INFO  server.RaftServerConfigKeys (ConfUtils.java:logGet(44)) - raft.server.rpc.slowness.timeout = 1000000ms (custom)
2020-11-25 10:34:09,487 [pool-64-thread-1] INFO  server.RaftServerConfigKeys (ConfUtils.java:logGet(44)) - raft.server.leaderelection.leader.step-down.wait-time = 10s (default)
2020-11-25 10:34:09,487 [pool-64-thread-1] INFO  server.RaftServerConfigKeys (ConfUtils.java:logGet(44)) - raft.server.sleep.deviation.threshold = 300 (default)
2020-11-25 10:34:09,487 [pool-64-thread-1] INFO  server.RaftServerConfigKeys (ConfUtils.java:logGet(44)) - raft.server.log.appender.install.snapshot.enabled = false (custom)
2020-11-25 10:34:09,487 [pool-64-thread-1] INFO  impl.RaftServerImpl (ServerState.java:<init>(104)) - dab95924-0a6b-4573-a804-c369a72f7a37@group-3F389127220A: ConfigurationManager, init=-1: [dab95924-0a6b-4573-a804-c369a72f7a37|rpc:172.17.0.2:44169], old=null, confs=<EMPTY_MAP>
2020-11-25 10:34:09,487 [pool-64-thread-1] INFO  server.RaftServerConfigKeys (ConfUtils.java:logGet(44)) - raft.server.storage.dir = [/github/workspace/mnt/ozone/hadoop-ozone/integration-test/target/test-dir/MiniOzoneClusterImpl-f614b51c-2266-4ad1-9b0e-e2e5cf61c483/datanode-2/data/ratis] (custom)
2020-11-25 10:34:09,488 [pool-64-thread-1] INFO  server.RaftServerConfigKeys (ConfUtils.java:logGet(44)) - raft.server.log.corruption.policy = EXCEPTION (default)
2020-11-25 10:34:09,488 [pool-64-thread-1] INFO  storage.RaftStorageDirectory (RaftStorageDirectory.java:analyzeStorage(261)) - The storage directory /github/workspace/mnt/ozone/hadoop-ozone/integration-test/target/test-dir/MiniOzoneClusterImpl-f614b51c-2266-4ad1-9b0e-e2e5cf61c483/datanode-2/data/ratis/d4a8b973-d16d-4464-a029-3f389127220a does not exist. Creating ...
2020-11-25 10:34:09,490 [pool-64-thread-1] INFO  storage.RaftStorageDirectory (RaftStorageDirectory.java:tryLock(343)) - Lock on /github/workspace/mnt/ozone/hadoop-ozone/integration-test/target/test-dir/MiniOzoneClusterImpl-f614b51c-2266-4ad1-9b0e-e2e5cf61c483/datanode-2/data/ratis/d4a8b973-d16d-4464-a029-3f389127220a/in_use.lock acquired by nodename 2803@282a3b4cfeb7
2020-11-25 10:34:09,491 [pool-64-thread-1] INFO  storage.RaftStorage (RaftStorage.java:format(85)) - Storage directory /github/workspace/mnt/ozone/hadoop-ozone/integration-test/target/test-dir/MiniOzoneClusterImpl-f614b51c-2266-4ad1-9b0e-e2e5cf61c483/datanode-2/data/ratis/d4a8b973-d16d-4464-a029-3f389127220a has been successfully formatted.
2020-11-25 10:34:09,492 [pool-64-thread-1] INFO  ratis.ContainerStateMachine (ContainerStateMachine.java:loadSnapshot(225)) - group-3F389127220A: The snapshot info is null. Setting the last applied indexto:(t:0, i:~)
2020-11-25 10:34:09,493 [EventQueue-PipelineReportForOneReplicaPipelineSafeModeRule] INFO  safemode.SCMSafeModeManager (SCMSafeModeManager.java:validateSafeModeExitRules(214)) - AtleastOneDatanodeReportedRule rule is successfully validated
2020-11-25 10:34:09,493 [EventQueue-PipelineReportForPipelineReportHandler] INFO  pipeline.PipelineStateManager (PipelineStateManager.java:openPipeline(132)) - Pipeline Pipeline[ Id: d4a8b973-d16d-4464-a029-3f389127220a, Nodes: dab95924-0a6b-4573-a804-c369a72f7a37{ip: 172.17.0.2, host: 282a3b4cfeb7, networkLocation: /default-rack, certSerialId: null}, Type:RATIS, Factor:ONE, State:ALLOCATED, leaderId:dab95924-0a6b-4573-a804-c369a72f7a37, CreationTimestamp2020-11-25T10:34:06.472Z] moved to OPEN state
2020-11-25 10:34:09,495 [EventQueue-OpenPipelineForHealthyPipelineSafeModeRule] INFO  safemode.SCMSafeModeManager (HealthyPipelineSafeModeRule.java:process(128)) - SCM in safe mode. Healthy pipelines reported count is 0, required healthy pipeline reported count is 1
2020-11-25 10:34:09,495 [pool-64-thread-1] INFO  server.RaftServerConfigKeys (ConfUtils.java:logGet(44)) - raft.server.notification.no-leader.timeout = 1000000ms (custom)
2020-11-25 10:34:09,495 [pool-64-thread-1] INFO  server.RaftServerConfigKeys (ConfUtils.java:logGet(44)) - raft.server.log.use.memory = false (default)
2020-11-25 10:34:09,495 [pool-64-thread-1] INFO  server.RaftServerConfigKeys (ConfUtils.java:logGet(44)) - raft.server.log.purge.gap = 1000000 (custom)
2020-11-25 10:34:09,495 [pool-64-thread-1] INFO  metrics.RatisMetrics (RatisMetrics.java:lambda$create$0(36)) - Creating Metrics Registry : ratis.log_worker.dab95924-0a6b-4573-a804-c369a72f7a37@group-3F389127220A
2020-11-25 10:34:09,499 [pool-64-thread-1] INFO  server.RaftServerConfigKeys (ConfUtils.java:logGet(44)) - raft.server.log.appender.buffer.byte-limit = 33554432 (custom)
2020-11-25 10:34:09,499 [pool-64-thread-1] INFO  server.RaftServerConfigKeys (ConfUtils.java:logGet(44)) - raft.server.log.segment.size.max = 1048576 (custom)
2020-11-25 10:34:09,500 [pool-64-thread-1] INFO  server.RaftServerConfigKeys (ConfUtils.java:logGet(44)) - raft.server.log.segment.cache.num.max = 2 (custom)
2020-11-25 10:34:09,500 [pool-64-thread-1] INFO  segmented.SegmentedRaftLogWorker (SegmentedRaftLogWorker.java:<init>(180)) - new dab95924-0a6b-4573-a804-c369a72f7a37@group-3F389127220A-SegmentedRaftLogWorker for RaftStorage:Storage Directory /github/workspace/mnt/ozone/hadoop-ozone/integration-test/target/test-dir/MiniOzoneClusterImpl-f614b51c-2266-4ad1-9b0e-e2e5cf61c483/datanode-2/data/ratis/d4a8b973-d16d-4464-a029-3f389127220a
2020-11-25 10:34:09,500 [pool-64-thread-1] INFO  server.RaftServerConfigKeys (ConfUtils.java:logGet(44)) - raft.server.log.queue.byte-limit = 2147483647 (custom)
2020-11-25 10:34:09,500 [pool-64-thread-1] INFO  server.RaftServerConfigKeys (ConfUtils.java:logGet(44)) - raft.server.log.queue.element-limit = 1024 (custom)
2020-11-25 10:34:09,500 [pool-64-thread-1] INFO  server.RaftServerConfigKeys (ConfUtils.java:logGet(44)) - raft.server.log.segment.size.max = 1048576 (custom)
2020-11-25 10:34:09,500 [pool-64-thread-1] INFO  server.RaftServerConfigKeys (ConfUtils.java:logGet(44)) - raft.server.log.preallocated.size = 16384 (custom)
2020-11-25 10:34:09,500 [pool-64-thread-1] INFO  server.RaftServerConfigKeys (ConfUtils.java:logGet(44)) - raft.server.log.write.buffer.size = 1048576 (custom)
2020-11-25 10:34:09,500 [pool-64-thread-1] INFO  server.RaftServerConfigKeys (ConfUtils.java:logGet(44)) - raft.server.log.force.sync.num = 128 (default)
2020-11-25 10:34:09,501 [pool-64-thread-1] INFO  server.RaftServerConfigKeys (ConfUtils.java:logGet(44)) - raft.server.log.statemachine.data.sync = true (default)
2020-11-25 10:34:09,501 [pool-64-thread-1] INFO  server.RaftServerConfigKeys (ConfUtils.java:logGet(44)) - raft.server.log.statemachine.data.sync.timeout = 10s (default)
2020-11-25 10:34:09,501 [pool-64-thread-1] INFO  server.RaftServerConfigKeys (ConfUtils.java:logGet(44)) - raft.server.log.statemachine.data.sync.timeout.retry = -1 (default)
2020-11-25 10:34:09,502 [pool-64-thread-1] INFO  server.RaftServerConfigKeys (ConfUtils.java:logGet(44)) - raft.server.log.statemachine.data.caching.enabled = true (custom)
2020-11-25 10:34:09,503 [pool-64-thread-1] INFO  segmented.SegmentedRaftLogWorker (SegmentedRaftLogWorker.java:lambda$new$0(129)) - dab95924-0a6b-4573-a804-c369a72f7a37@group-3F389127220A-SegmentedRaftLogWorker: flushIndex: setUnconditionally 0 -> -1
2020-11-25 10:34:09,503 [pool-64-thread-1] INFO  segmented.SegmentedRaftLogWorker (SegmentedRaftLogWorker.java:lambda$new$0(129)) - dab95924-0a6b-4573-a804-c369a72f7a37@group-3F389127220A-SegmentedRaftLogWorker: safeCacheEvictIndex: setUnconditionally 0 -> -1
2020-11-25 10:34:09,505 [pool-64-thread-1] INFO  server.RaftServerConfigKeys (ConfUtils.java:logGet(44)) - raft.server.snapshot.auto.trigger.enabled = true (custom)
2020-11-25 10:34:09,505 [pool-64-thread-1] INFO  server.RaftServerConfigKeys (ConfUtils.java:logGet(44)) - raft.server.snapshot.auto.trigger.threshold = 10000 (custom)
2020-11-25 10:34:09,505 [pool-64-thread-1] INFO  server.RaftServerConfigKeys (ConfUtils.java:logGet(44)) - raft.server.snapshot.retention.file.num = 5 (custom)
2020-11-25 10:34:09,505 [pool-64-thread-1] INFO  server.RaftServerConfigKeys (ConfUtils.java:logGet(44)) - raft.server.log.purge.upto.snapshot.index = false (default)
2020-11-25 10:34:09,505 [pool-64-thread-1] INFO  server.RaftServerConfigKeys (ConfUtils.java:logGet(44)) - raft.server.retrycache.expirytime = 600000ms (custom)
2020-11-25 10:34:09,506 [pool-64-thread-1] INFO  metrics.RatisMetrics (RatisMetrics.java:lambda$create$0(36)) - Creating Metrics Registry : ratis.leader_election.dab95924-0a6b-4573-a804-c369a72f7a37@group-3F389127220A
2020-11-25 10:34:09,506 [pool-64-thread-1] INFO  metrics.RatisMetrics (RatisMetrics.java:lambda$create$0(36)) - Creating Metrics Registry : ratis.server.dab95924-0a6b-4573-a804-c369a72f7a37@group-3F389127220A
2020-11-25 10:34:09,507 [pool-64-thread-1] INFO  impl.RaftServerImpl (RaftServerImpl.java:start(215)) - dab95924-0a6b-4573-a804-c369a72f7a37@group-3F389127220A: start as a follower, conf=-1: [dab95924-0a6b-4573-a804-c369a72f7a37|rpc:172.17.0.2:44169], old=null
2020-11-25 10:34:09,508 [pool-64-thread-1] INFO  impl.RaftServerImpl (RaftServerImpl.java:setRole(204)) - dab95924-0a6b-4573-a804-c369a72f7a37@group-3F389127220A: changes role from      null to FOLLOWER at term 0 for startAsFollower
2020-11-25 10:34:09,508 [pool-64-thread-1] INFO  impl.RoleInfo (RoleInfo.java:updateAndGet(143)) - dab95924-0a6b-4573-a804-c369a72f7a37: start dab95924-0a6b-4573-a804-c369a72f7a37@group-3F389127220A-FollowerState
2020-11-25 10:34:09,509 [pool-64-thread-1] INFO  util.JmxRegister (JmxRegister.java:tryRegister(44)) - Successfully registered JMX Bean with object name Ratis:service=RaftServer,group=group-3F389127220A,id=dab95924-0a6b-4573-a804-c369a72f7a37
2020-11-25 10:34:09,509 [pool-64-thread-1] INFO  metrics.RatisMetrics (RatisMetrics.java:lambda$create$0(36)) - Creating Metrics Registry : ratis.state_machine.dab95924-0a6b-4573-a804-c369a72f7a37@group-3F389127220A
2020-11-25 10:34:09,510 [Command processor thread] INFO  commandhandler.CreatePipelineCommandHandler (CreatePipelineCommandHandler.java:handle(106)) - Created Pipeline RATIS ONE PipelineID=d4a8b973-d16d-4464-a029-3f389127220a.
2020-11-25 10:34:09,511 [Command processor thread] INFO  impl.RaftServerProxy (RaftServerProxy.java:addNew(93)) - dab95924-0a6b-4573-a804-c369a72f7a37: addNew group-C457AB8721D5:[dab95924-0a6b-4573-a804-c369a72f7a37|rpc:172.17.0.2:44169, 8480b9c0-5cfc-430b-9047-adac07e56377|rpc:172.17.0.2:36521, 764aab50-4a86-400e-87a3-bdf7204b618f|rpc:172.17.0.2:42181] returns group-C457AB8721D5:java.util.concurrent.CompletableFuture@6df7bc69[Not completed]
2020-11-25 10:34:09,512 [pool-64-thread-1] INFO  impl.RaftServerImpl (RaftServerImpl.java:<init>(121)) - dab95924-0a6b-4573-a804-c369a72f7a37: new RaftServerImpl for group-C457AB8721D5:[dab95924-0a6b-4573-a804-c369a72f7a37|rpc:172.17.0.2:44169, 8480b9c0-5cfc-430b-9047-adac07e56377|rpc:172.17.0.2:36521, 764aab50-4a86-400e-87a3-bdf7204b618f|rpc:172.17.0.2:42181] with ContainerStateMachine:uninitialized
2020-11-25 10:34:09,512 [pool-64-thread-1] INFO  server.RaftServerConfigKeys (ConfUtils.java:logGet(44)) - raft.server.rpc.timeout.min = 5s (custom)
2020-11-25 10:34:09,512 [pool-64-thread-1] INFO  server.RaftServerConfigKeys (ConfUtils.java:logGet(44)) - raft.server.rpc.timeout.max = 5200ms (custom)
2020-11-25 10:34:09,512 [pool-64-thread-1] INFO  server.RaftServerConfigKeys (ConfUtils.java:logGet(44)) - raft.server.rpc.slowness.timeout = 1000000ms (custom)
2020-11-25 10:34:09,512 [pool-64-thread-1] INFO  server.RaftServerConfigKeys (ConfUtils.java:logGet(44)) - raft.server.leaderelection.leader.step-down.wait-time = 10s (default)
2020-11-25 10:34:09,512 [pool-64-thread-1] INFO  server.RaftServerConfigKeys (ConfUtils.java:logGet(44)) - raft.server.sleep.deviation.threshold = 300 (default)
2020-11-25 10:34:09,512 [pool-64-thread-1] INFO  server.RaftServerConfigKeys (ConfUtils.java:logGet(44)) - raft.server.log.appender.install.snapshot.enabled = false (custom)
2020-11-25 10:34:09,512 [pool-64-thread-1] INFO  impl.RaftServerImpl (ServerState.java:<init>(104)) - dab95924-0a6b-4573-a804-c369a72f7a37@group-C457AB8721D5: ConfigurationManager, init=-1: [dab95924-0a6b-4573-a804-c369a72f7a37|rpc:172.17.0.2:44169, 8480b9c0-5cfc-430b-9047-adac07e56377|rpc:172.17.0.2:36521, 764aab50-4a86-400e-87a3-bdf7204b618f|rpc:172.17.0.2:42181], old=null, confs=<EMPTY_MAP>
2020-11-25 10:34:09,512 [pool-64-thread-1] INFO  server.RaftServerConfigKeys (ConfUtils.java:logGet(44)) - raft.server.storage.dir = [/github/workspace/mnt/ozone/hadoop-ozone/integration-test/target/test-dir/MiniOzoneClusterImpl-f614b51c-2266-4ad1-9b0e-e2e5cf61c483/datanode-2/data/ratis] (custom)
2020-11-25 10:34:09,513 [pool-64-thread-1] INFO  server.RaftServerConfigKeys (ConfUtils.java:logGet(44)) - raft.server.log.corruption.policy = EXCEPTION (default)
2020-11-25 10:34:09,513 [pool-64-thread-1] INFO  storage.RaftStorageDirectory (RaftStorageDirectory.java:analyzeStorage(261)) - The storage directory /github/workspace/mnt/ozone/hadoop-ozone/integration-test/target/test-dir/MiniOzoneClusterImpl-f614b51c-2266-4ad1-9b0e-e2e5cf61c483/datanode-2/data/ratis/02551242-eb8a-4e1c-abb4-c457ab8721d5 does not exist. Creating ...
2020-11-25 10:34:09,523 [pool-64-thread-1] INFO  storage.RaftStorageDirectory (RaftStorageDirectory.java:tryLock(343)) - Lock on /github/workspace/mnt/ozone/hadoop-ozone/integration-test/target/test-dir/MiniOzoneClusterImpl-f614b51c-2266-4ad1-9b0e-e2e5cf61c483/datanode-2/data/ratis/02551242-eb8a-4e1c-abb4-c457ab8721d5/in_use.lock acquired by nodename 2803@282a3b4cfeb7
2020-11-25 10:34:09,524 [pool-64-thread-1] INFO  storage.RaftStorage (RaftStorage.java:format(85)) - Storage directory /github/workspace/mnt/ozone/hadoop-ozone/integration-test/target/test-dir/MiniOzoneClusterImpl-f614b51c-2266-4ad1-9b0e-e2e5cf61c483/datanode-2/data/ratis/02551242-eb8a-4e1c-abb4-c457ab8721d5 has been successfully formatted.
2020-11-25 10:34:09,524 [pool-64-thread-1] INFO  ratis.ContainerStateMachine (ContainerStateMachine.java:loadSnapshot(225)) - group-C457AB8721D5: The snapshot info is null. Setting the last applied indexto:(t:0, i:~)
2020-11-25 10:34:09,524 [pool-64-thread-1] INFO  server.RaftServerConfigKeys (ConfUtils.java:logGet(44)) - raft.server.notification.no-leader.timeout = 1000000ms (custom)
2020-11-25 10:34:09,525 [pool-64-thread-1] INFO  server.RaftServerConfigKeys (ConfUtils.java:logGet(44)) - raft.server.log.use.memory = false (default)
2020-11-25 10:34:09,525 [pool-64-thread-1] INFO  server.RaftServerConfigKeys (ConfUtils.java:logGet(44)) - raft.server.log.purge.gap = 1000000 (custom)
2020-11-25 10:34:09,525 [pool-64-thread-1] INFO  metrics.RatisMetrics (RatisMetrics.java:lambda$create$0(36)) - Creating Metrics Registry : ratis.log_worker.dab95924-0a6b-4573-a804-c369a72f7a37@group-C457AB8721D5
2020-11-25 10:34:09,525 [pool-64-thread-1] INFO  server.RaftServerConfigKeys (ConfUtils.java:logGet(44)) - raft.server.log.appender.buffer.byte-limit = 33554432 (custom)
2020-11-25 10:34:09,525 [pool-64-thread-1] INFO  server.RaftServerConfigKeys (ConfUtils.java:logGet(44)) - raft.server.log.segment.size.max = 1048576 (custom)
2020-11-25 10:34:09,525 [pool-64-thread-1] INFO  server.RaftServerConfigKeys (ConfUtils.java:logGet(44)) - raft.server.log.segment.cache.num.max = 2 (custom)
2020-11-25 10:34:09,525 [EventQueue-PipelineReportForOneReplicaPipelineSafeModeRule] INFO  safemode.SCMSafeModeManager (SCMSafeModeManager.java:validateSafeModeExitRules(214)) - AtleastOneDatanodeReportedRule rule is successfully validated
2020-11-25 10:34:09,525 [EventQueue-OpenPipelineForHealthyPipelineSafeModeRule] INFO  safemode.SCMSafeModeManager (HealthyPipelineSafeModeRule.java:process(128)) - SCM in safe mode. Healthy pipelines reported count is 0, required healthy pipeline reported count is 1
2020-11-25 10:34:09,525 [pool-64-thread-1] INFO  segmented.SegmentedRaftLogWorker (SegmentedRaftLogWorker.java:<init>(180)) - new dab95924-0a6b-4573-a804-c369a72f7a37@group-C457AB8721D5-SegmentedRaftLogWorker for RaftStorage:Storage Directory /github/workspace/mnt/ozone/hadoop-ozone/integration-test/target/test-dir/MiniOzoneClusterImpl-f614b51c-2266-4ad1-9b0e-e2e5cf61c483/datanode-2/data/ratis/02551242-eb8a-4e1c-abb4-c457ab8721d5
2020-11-25 10:34:09,526 [pool-64-thread-1] INFO  server.RaftServerConfigKeys (ConfUtils.java:logGet(44)) - raft.server.log.queue.byte-limit = 2147483647 (custom)
2020-11-25 10:34:09,526 [pool-64-thread-1] INFO  server.RaftServerConfigKeys (ConfUtils.java:logGet(44)) - raft.server.log.queue.element-limit = 1024 (custom)
2020-11-25 10:34:09,526 [pool-64-thread-1] INFO  server.RaftServerConfigKeys (ConfUtils.java:logGet(44)) - raft.server.log.segment.size.max = 1048576 (custom)
2020-11-25 10:34:09,526 [pool-64-thread-1] INFO  server.RaftServerConfigKeys (ConfUtils.java:logGet(44)) - raft.server.log.preallocated.size = 16384 (custom)
2020-11-25 10:34:09,526 [pool-64-thread-1] INFO  server.RaftServerConfigKeys (ConfUtils.java:logGet(44)) - raft.server.log.write.buffer.size = 1048576 (custom)
2020-11-25 10:34:09,526 [pool-64-thread-1] INFO  server.RaftServerConfigKeys (ConfUtils.java:logGet(44)) - raft.server.log.force.sync.num = 128 (default)
2020-11-25 10:34:09,526 [pool-64-thread-1] INFO  server.RaftServerConfigKeys (ConfUtils.java:logGet(44)) - raft.server.log.statemachine.data.sync = true (default)
2020-11-25 10:34:09,526 [pool-64-thread-1] INFO  server.RaftServerConfigKeys (ConfUtils.java:logGet(44)) - raft.server.log.statemachine.data.sync.timeout = 10s (default)
2020-11-25 10:34:09,526 [pool-64-thread-1] INFO  server.RaftServerConfigKeys (ConfUtils.java:logGet(44)) - raft.server.log.statemachine.data.sync.timeout.retry = -1 (default)
2020-11-25 10:34:09,528 [pool-64-thread-1] INFO  server.RaftServerConfigKeys (ConfUtils.java:logGet(44)) - raft.server.log.statemachine.data.caching.enabled = true (custom)
2020-11-25 10:34:09,528 [pool-64-thread-1] INFO  segmented.SegmentedRaftLogWorker (SegmentedRaftLogWorker.java:lambda$new$0(129)) - dab95924-0a6b-4573-a804-c369a72f7a37@group-C457AB8721D5-SegmentedRaftLogWorker: flushIndex: setUnconditionally 0 -> -1
2020-11-25 10:34:09,528 [pool-64-thread-1] INFO  segmented.SegmentedRaftLogWorker (SegmentedRaftLogWorker.java:lambda$new$0(129)) - dab95924-0a6b-4573-a804-c369a72f7a37@group-C457AB8721D5-SegmentedRaftLogWorker: safeCacheEvictIndex: setUnconditionally 0 -> -1
2020-11-25 10:34:09,528 [pool-64-thread-1] INFO  server.RaftServerConfigKeys (ConfUtils.java:logGet(44)) - raft.server.snapshot.auto.trigger.enabled = true (custom)
2020-11-25 10:34:09,528 [pool-64-thread-1] INFO  server.RaftServerConfigKeys (ConfUtils.java:logGet(44)) - raft.server.snapshot.auto.trigger.threshold = 10000 (custom)
2020-11-25 10:34:09,528 [pool-64-thread-1] INFO  server.RaftServerConfigKeys (ConfUtils.java:logGet(44)) - raft.server.snapshot.retention.file.num = 5 (custom)
2020-11-25 10:34:09,528 [pool-64-thread-1] INFO  server.RaftServerConfigKeys (ConfUtils.java:logGet(44)) - raft.server.log.purge.upto.snapshot.index = false (default)
2020-11-25 10:34:09,529 [pool-64-thread-1] INFO  server.RaftServerConfigKeys (ConfUtils.java:logGet(44)) - raft.server.retrycache.expirytime = 600000ms (custom)
2020-11-25 10:34:09,529 [pool-64-thread-1] INFO  metrics.RatisMetrics (RatisMetrics.java:lambda$create$0(36)) - Creating Metrics Registry : ratis.leader_election.dab95924-0a6b-4573-a804-c369a72f7a37@group-C457AB8721D5
2020-11-25 10:34:09,529 [pool-64-thread-1] INFO  metrics.RatisMetrics (RatisMetrics.java:lambda$create$0(36)) - Creating Metrics Registry : ratis.server.dab95924-0a6b-4573-a804-c369a72f7a37@group-C457AB8721D5
2020-11-25 10:34:09,530 [pool-64-thread-1] INFO  impl.RaftServerImpl (RaftServerImpl.java:start(215)) - dab95924-0a6b-4573-a804-c369a72f7a37@group-C457AB8721D5: start as a follower, conf=-1: [dab95924-0a6b-4573-a804-c369a72f7a37|rpc:172.17.0.2:44169, 8480b9c0-5cfc-430b-9047-adac07e56377|rpc:172.17.0.2:36521, 764aab50-4a86-400e-87a3-bdf7204b618f|rpc:172.17.0.2:42181], old=null
2020-11-25 10:34:09,530 [pool-64-thread-1] INFO  impl.RaftServerImpl (RaftServerImpl.java:setRole(204)) - dab95924-0a6b-4573-a804-c369a72f7a37@group-C457AB8721D5: changes role from      null to FOLLOWER at term 0 for startAsFollower
2020-11-25 10:34:09,530 [pool-64-thread-1] INFO  impl.RoleInfo (RoleInfo.java:updateAndGet(143)) - dab95924-0a6b-4573-a804-c369a72f7a37: start dab95924-0a6b-4573-a804-c369a72f7a37@group-C457AB8721D5-FollowerState
2020-11-25 10:34:09,530 [pool-64-thread-1] INFO  util.JmxRegister (JmxRegister.java:tryRegister(44)) - Successfully registered JMX Bean with object name Ratis:service=RaftServer,group=group-C457AB8721D5,id=dab95924-0a6b-4573-a804-c369a72f7a37
2020-11-25 10:34:09,530 [pool-64-thread-1] INFO  metrics.RatisMetrics (RatisMetrics.java:lambda$create$0(36)) - Creating Metrics Registry : ratis.state_machine.dab95924-0a6b-4573-a804-c369a72f7a37@group-C457AB8721D5
2020-11-25 10:34:09,537 [Command processor thread] INFO  metrics.RatisMetrics (RatisMetrics.java:lambda$create$0(36)) - Creating Metrics Registry : ratis.client_message_metrics.client-E4F3E8DDE74C->764aab50-4a86-400e-87a3-bdf7204b618f
2020-11-25 10:34:09,675 [org.apache.ratis.server.JvmPauseMonitor@47ba0b08-Monitor] WARN  server.JvmPauseMonitor (JvmPauseMonitor.java:run(141)) - Detected pause in JVM or host machine (eg GC): pause of approximately 4ms
GC pool 'PS Scavenge' had collection(s): count=1 time=17ms
2020-11-25 10:34:09,684 [grpc-default-executor-0] INFO  metrics.RatisMetrics (RatisMetrics.java:lambda$create$0(36)) - Creating Metrics Registry : ratis.server_message_metrics.dab95924-0a6b-4573-a804-c369a72f7a37
2020-11-25 10:34:09,695 [grpc-default-executor-1] INFO  metrics.RatisMetrics (RatisMetrics.java:lambda$create$0(36)) - Creating Metrics Registry : ratis.server_message_metrics.764aab50-4a86-400e-87a3-bdf7204b618f
2020-11-25 10:34:09,784 [Command processor thread] INFO  metrics.RatisMetrics (RatisMetrics.java:lambda$create$0(36)) - Creating Metrics Registry : ratis.client_message_metrics.client-599729F61FBC->8480b9c0-5cfc-430b-9047-adac07e56377
2020-11-25 10:34:09,785 [Command processor thread] INFO  metrics.RatisMetrics (RatisMetrics.java:lambda$create$0(36)) - Creating Metrics Registry : ratis.client_message_metrics.client-111054609FCE->8480b9c0-5cfc-430b-9047-adac07e56377
2020-11-25 10:34:09,790 [Command processor thread] INFO  metrics.RatisMetrics (RatisMetrics.java:lambda$create$0(36)) - Creating Metrics Registry : ratis.client_message_metrics.client-54DBB5C7CD44->764aab50-4a86-400e-87a3-bdf7204b618f
2020-11-25 10:34:09,802 [grpc-default-executor-0] INFO  metrics.RatisMetrics (RatisMetrics.java:lambda$create$0(36)) - Creating Metrics Registry : ratis.server_message_metrics.8480b9c0-5cfc-430b-9047-adac07e56377
2020-11-25 10:34:09,832 [Command processor thread] INFO  commandhandler.CreatePipelineCommandHandler (CreatePipelineCommandHandler.java:handle(106)) - Created Pipeline RATIS THREE PipelineID=02551242-eb8a-4e1c-abb4-c457ab8721d5.
2020-11-25 10:34:09,843 [Command processor thread] INFO  commandhandler.CreatePipelineCommandHandler (CreatePipelineCommandHandler.java:handle(106)) - Created Pipeline RATIS THREE PipelineID=02551242-eb8a-4e1c-abb4-c457ab8721d5.
2020-11-25 10:34:09,859 [Command processor thread] INFO  commandhandler.CreatePipelineCommandHandler (CreatePipelineCommandHandler.java:handle(106)) - Created Pipeline RATIS THREE PipelineID=02551242-eb8a-4e1c-abb4-c457ab8721d5.
2020-11-25 10:34:10,465 [Listener at 127.0.0.1/38909] INFO  ozone.MiniOzoneClusterImpl (MiniOzoneClusterImpl.java:lambda$waitForClusterToBeReady$0(178)) - Nodes are ready. Got 3 of 3 DN Heartbeats.
2020-11-25 10:34:10,466 [Listener at 127.0.0.1/38909] INFO  ozone.MiniOzoneClusterImpl (MiniOzoneClusterImpl.java:lambda$waitForClusterToBeReady$0(181)) - Waiting for cluster to exit safe mode
2020-11-25 10:34:11,466 [Listener at 127.0.0.1/38909] INFO  ozone.MiniOzoneClusterImpl (MiniOzoneClusterImpl.java:lambda$waitForClusterToBeReady$0(178)) - Nodes are ready. Got 3 of 3 DN Heartbeats.
2020-11-25 10:34:11,466 [Listener at 127.0.0.1/38909] INFO  ozone.MiniOzoneClusterImpl (MiniOzoneClusterImpl.java:lambda$waitForClusterToBeReady$0(181)) - Waiting for cluster to exit safe mode
2020-11-25 10:34:12,466 [Listener at 127.0.0.1/38909] INFO  ozone.MiniOzoneClusterImpl (MiniOzoneClusterImpl.java:lambda$waitForClusterToBeReady$0(178)) - Nodes are ready. Got 3 of 3 DN Heartbeats.
2020-11-25 10:34:12,467 [Listener at 127.0.0.1/38909] INFO  ozone.MiniOzoneClusterImpl (MiniOzoneClusterImpl.java:lambda$waitForClusterToBeReady$0(181)) - Waiting for cluster to exit safe mode
2020-11-25 10:34:13,467 [Listener at 127.0.0.1/38909] INFO  ozone.MiniOzoneClusterImpl (MiniOzoneClusterImpl.java:lambda$waitForClusterToBeReady$0(178)) - Nodes are ready. Got 3 of 3 DN Heartbeats.
2020-11-25 10:34:13,467 [Listener at 127.0.0.1/38909] INFO  ozone.MiniOzoneClusterImpl (MiniOzoneClusterImpl.java:lambda$waitForClusterToBeReady$0(181)) - Waiting for cluster to exit safe mode
2020-11-25 10:34:14,260 [Thread-180] INFO  impl.FollowerState (FollowerState.java:run(128)) - 8480b9c0-5cfc-430b-9047-adac07e56377@group-68839209743B-FollowerState: change to CANDIDATE, lastRpcTime:5084ms, electionTimeout:5072ms
2020-11-25 10:34:14,260 [Thread-180] INFO  impl.RoleInfo (RoleInfo.java:shutdownFollowerState(121)) - 8480b9c0-5cfc-430b-9047-adac07e56377: shutdown 8480b9c0-5cfc-430b-9047-adac07e56377@group-68839209743B-FollowerState
2020-11-25 10:34:14,260 [Thread-180] INFO  impl.RaftServerImpl (RaftServerImpl.java:setRole(204)) - 8480b9c0-5cfc-430b-9047-adac07e56377@group-68839209743B: changes role from  FOLLOWER to CANDIDATE at term 0 for changeToCandidate
2020-11-25 10:34:14,262 [Thread-180] INFO  impl.RoleInfo (RoleInfo.java:updateAndGet(143)) - 8480b9c0-5cfc-430b-9047-adac07e56377: start 8480b9c0-5cfc-430b-9047-adac07e56377@group-68839209743B-LeaderElection1
2020-11-25 10:34:14,267 [8480b9c0-5cfc-430b-9047-adac07e56377@group-68839209743B-LeaderElection1] INFO  impl.LeaderElection (LeaderElection.java:askForVotes(215)) - 8480b9c0-5cfc-430b-9047-adac07e56377@group-68839209743B-LeaderElection1: begin an election at term 1 for -1: [8480b9c0-5cfc-430b-9047-adac07e56377|rpc:172.17.0.2:36521], old=null
2020-11-25 10:34:14,268 [8480b9c0-5cfc-430b-9047-adac07e56377@group-68839209743B-LeaderElection1] INFO  impl.RoleInfo (RoleInfo.java:shutdownLeaderElection(134)) - 8480b9c0-5cfc-430b-9047-adac07e56377: shutdown 8480b9c0-5cfc-430b-9047-adac07e56377@group-68839209743B-LeaderElection1
2020-11-25 10:34:14,269 [8480b9c0-5cfc-430b-9047-adac07e56377@group-68839209743B-LeaderElection1] INFO  impl.RaftServerImpl (RaftServerImpl.java:setRole(204)) - 8480b9c0-5cfc-430b-9047-adac07e56377@group-68839209743B: changes role from CANDIDATE to LEADER at term 1 for changeToLeader
2020-11-25 10:34:14,269 [8480b9c0-5cfc-430b-9047-adac07e56377@group-68839209743B-LeaderElection1] INFO  ratis.XceiverServerRatis (XceiverServerRatis.java:handleLeaderChangedNotification(854)) - Leader change notification received for group: group-68839209743B with new leaderId: 8480b9c0-5cfc-430b-9047-adac07e56377
2020-11-25 10:34:14,269 [8480b9c0-5cfc-430b-9047-adac07e56377@group-68839209743B-LeaderElection1] INFO  impl.RaftServerImpl (ServerState.java:setLeader(256)) - 8480b9c0-5cfc-430b-9047-adac07e56377@group-68839209743B: change Leader from null to 8480b9c0-5cfc-430b-9047-adac07e56377 at term 1 for becomeLeader, leader elected after 5203ms
2020-11-25 10:34:14,271 [8480b9c0-5cfc-430b-9047-adac07e56377@group-68839209743B-LeaderElection1] INFO  server.RaftServerConfigKeys (ConfUtils.java:logGet(44)) - raft.server.staging.catchup.gap = 1000 (default)
2020-11-25 10:34:14,271 [8480b9c0-5cfc-430b-9047-adac07e56377@group-68839209743B-LeaderElection1] INFO  server.RaftServerConfigKeys (ConfUtils.java:logGet(44)) - raft.server.rpc.sleep.time = 25ms (default)
2020-11-25 10:34:14,271 [8480b9c0-5cfc-430b-9047-adac07e56377@group-68839209743B-LeaderElection1] INFO  metrics.RatisMetrics (RatisMetrics.java:lambda$create$0(36)) - Creating Metrics Registry : ratis.log_appender.8480b9c0-5cfc-430b-9047-adac07e56377@group-68839209743B
2020-11-25 10:34:14,273 [EventQueue-PipelineReportForOneReplicaPipelineSafeModeRule] INFO  safemode.SCMSafeModeManager (SCMSafeModeManager.java:validateSafeModeExitRules(214)) - AtleastOneDatanodeReportedRule rule is successfully validated
2020-11-25 10:34:14,273 [EventQueue-OpenPipelineForHealthyPipelineSafeModeRule] INFO  safemode.SCMSafeModeManager (HealthyPipelineSafeModeRule.java:process(128)) - SCM in safe mode. Healthy pipelines reported count is 0, required healthy pipeline reported count is 1
2020-11-25 10:34:14,274 [8480b9c0-5cfc-430b-9047-adac07e56377@group-68839209743B-LeaderElection1] INFO  server.RaftServerConfigKeys (ConfUtils.java:logGet(44)) - raft.server.write.element-limit = 1024 (custom)
2020-11-25 10:34:14,274 [8480b9c0-5cfc-430b-9047-adac07e56377@group-68839209743B-LeaderElection1] INFO  server.RaftServerConfigKeys (ConfUtils.java:logGet(44)) - raft.server.write.byte-limit = 1073741824 (custom)
2020-11-25 10:34:14,278 [8480b9c0-5cfc-430b-9047-adac07e56377@group-68839209743B-LeaderElection1] INFO  server.RaftServerConfigKeys (ConfUtils.java:logGet(44)) - raft.server.watch.timeout = 3000ms (custom)
2020-11-25 10:34:14,279 [8480b9c0-5cfc-430b-9047-adac07e56377@group-68839209743B-LeaderElection1] INFO  server.RaftServerConfigKeys (ConfUtils.java:logGet(44)) - raft.server.watch.timeout.denomination = 1s (default)
2020-11-25 10:34:14,279 [8480b9c0-5cfc-430b-9047-adac07e56377@group-68839209743B-LeaderElection1] INFO  server.RaftServerConfigKeys (ConfUtils.java:logGet(44)) - raft.server.watch.element-limit = 65536 (default)
2020-11-25 10:34:14,283 [8480b9c0-5cfc-430b-9047-adac07e56377@group-68839209743B-LeaderElection1] INFO  impl.RoleInfo (RoleInfo.java:updateAndGet(143)) - 8480b9c0-5cfc-430b-9047-adac07e56377: start 8480b9c0-5cfc-430b-9047-adac07e56377@group-68839209743B-LeaderState
2020-11-25 10:34:14,404 [org.apache.ratis.server.JvmPauseMonitor@14a4ba7-Monitor] WARN  server.JvmPauseMonitor (JvmPauseMonitor.java:run(141)) - Detected pause in JVM or host machine (eg GC): pause of approximately 90ms
GC pool 'PS MarkSweep' had collection(s): count=1 time=100ms
GC pool 'PS Scavenge' had collection(s): count=2 time=32ms
2020-11-25 10:34:14,404 [Thread-182] INFO  impl.FollowerState (FollowerState.java:run(128)) - 8480b9c0-5cfc-430b-9047-adac07e56377@group-C457AB8721D5-FollowerState: change to CANDIDATE, lastRpcTime:5187ms, electionTimeout:5079ms
2020-11-25 10:34:14,408 [Thread-182] INFO  impl.RoleInfo (RoleInfo.java:shutdownFollowerState(121)) - 8480b9c0-5cfc-430b-9047-adac07e56377: shutdown 8480b9c0-5cfc-430b-9047-adac07e56377@group-C457AB8721D5-FollowerState
2020-11-25 10:34:14,408 [Thread-182] INFO  impl.RaftServerImpl (RaftServerImpl.java:setRole(204)) - 8480b9c0-5cfc-430b-9047-adac07e56377@group-C457AB8721D5: changes role from  FOLLOWER to CANDIDATE at term 0 for changeToCandidate
2020-11-25 10:34:14,408 [Thread-182] INFO  impl.RoleInfo (RoleInfo.java:updateAndGet(143)) - 8480b9c0-5cfc-430b-9047-adac07e56377: start 8480b9c0-5cfc-430b-9047-adac07e56377@group-C457AB8721D5-LeaderElection2
2020-11-25 10:34:14,430 [8480b9c0-5cfc-430b-9047-adac07e56377@group-C457AB8721D5-LeaderElection2] INFO  impl.LeaderElection (LeaderElection.java:askForVotes(215)) - 8480b9c0-5cfc-430b-9047-adac07e56377@group-C457AB8721D5-LeaderElection2: begin an election at term 1 for -1: [dab95924-0a6b-4573-a804-c369a72f7a37|rpc:172.17.0.2:44169, 8480b9c0-5cfc-430b-9047-adac07e56377|rpc:172.17.0.2:36521, 764aab50-4a86-400e-87a3-bdf7204b618f|rpc:172.17.0.2:42181], old=null
2020-11-25 10:34:14,432 [8480b9c0-5cfc-430b-9047-adac07e56377@group-68839209743B-LeaderElection1] INFO  segmented.SegmentedRaftLogWorker (SegmentedRaftLogWorker.java:startLogSegment(398)) - 8480b9c0-5cfc-430b-9047-adac07e56377@group-68839209743B-SegmentedRaftLogWorker: Starting segment from index:0
2020-11-25 10:34:14,468 [Listener at 127.0.0.1/38909] INFO  ozone.MiniOzoneClusterImpl (MiniOzoneClusterImpl.java:lambda$waitForClusterToBeReady$0(178)) - Nodes are ready. Got 3 of 3 DN Heartbeats.
2020-11-25 10:34:14,468 [Listener at 127.0.0.1/38909] INFO  ozone.MiniOzoneClusterImpl (MiniOzoneClusterImpl.java:lambda$waitForClusterToBeReady$0(181)) - Waiting for cluster to exit safe mode
2020-11-25 10:34:14,469 [8480b9c0-5cfc-430b-9047-adac07e56377@group-68839209743B-LeaderElection1] INFO  impl.RaftServerImpl (ServerState.java:setRaftConf(374)) - 8480b9c0-5cfc-430b-9047-adac07e56377@group-68839209743B: set configuration 0: [8480b9c0-5cfc-430b-9047-adac07e56377|rpc:172.17.0.2:36521|dataStream:], old=null at 0
2020-11-25 10:34:14,470 [Thread-184] INFO  impl.FollowerState (FollowerState.java:run(128)) - 764aab50-4a86-400e-87a3-bdf7204b618f@group-81E7ECEDE313-FollowerState: change to CANDIDATE, lastRpcTime:5088ms, electionTimeout:5066ms
2020-11-25 10:34:14,470 [Thread-184] INFO  impl.RoleInfo (RoleInfo.java:shutdownFollowerState(121)) - 764aab50-4a86-400e-87a3-bdf7204b618f: shutdown 764aab50-4a86-400e-87a3-bdf7204b618f@group-81E7ECEDE313-FollowerState
2020-11-25 10:34:14,470 [Thread-184] INFO  impl.RaftServerImpl (RaftServerImpl.java:setRole(204)) - 764aab50-4a86-400e-87a3-bdf7204b618f@group-81E7ECEDE313: changes role from  FOLLOWER to CANDIDATE at term 0 for changeToCandidate
2020-11-25 10:34:14,471 [Thread-184] INFO  impl.RoleInfo (RoleInfo.java:updateAndGet(143)) - 764aab50-4a86-400e-87a3-bdf7204b618f: start 764aab50-4a86-400e-87a3-bdf7204b618f@group-81E7ECEDE313-LeaderElection3
2020-11-25 10:34:14,486 [grpc-default-executor-2] INFO  impl.RaftServerImpl (RaftServerImpl.java:setRole(204)) - dab95924-0a6b-4573-a804-c369a72f7a37@group-C457AB8721D5: changes role from  FOLLOWER to FOLLOWER at term 1 for recognizeCandidate:8480b9c0-5cfc-430b-9047-adac07e56377
2020-11-25 10:34:14,486 [grpc-default-executor-2] INFO  impl.RoleInfo (RoleInfo.java:shutdownFollowerState(121)) - dab95924-0a6b-4573-a804-c369a72f7a37: shutdown dab95924-0a6b-4573-a804-c369a72f7a37@group-C457AB8721D5-FollowerState
2020-11-25 10:34:14,486 [grpc-default-executor-2] INFO  impl.RoleInfo (RoleInfo.java:updateAndGet(143)) - dab95924-0a6b-4573-a804-c369a72f7a37: start dab95924-0a6b-4573-a804-c369a72f7a37@group-C457AB8721D5-FollowerState
2020-11-25 10:34:14,486 [grpc-default-executor-1] INFO  impl.RaftServerImpl (RaftServerImpl.java:setRole(204)) - 764aab50-4a86-400e-87a3-bdf7204b618f@group-C457AB8721D5: changes role from  FOLLOWER to FOLLOWER at term 1 for recognizeCandidate:8480b9c0-5cfc-430b-9047-adac07e56377
2020-11-25 10:34:14,486 [grpc-default-executor-1] INFO  impl.RoleInfo (RoleInfo.java:shutdownFollowerState(121)) - 764aab50-4a86-400e-87a3-bdf7204b618f: shutdown 764aab50-4a86-400e-87a3-bdf7204b618f@group-C457AB8721D5-FollowerState
2020-11-25 10:34:14,486 [Thread-190] INFO  impl.FollowerState (FollowerState.java:run(137)) - dab95924-0a6b-4573-a804-c369a72f7a37@group-C457AB8721D5-FollowerState was interrupted: {}
java.lang.InterruptedException: sleep interrupted
	at java.lang.Thread.sleep(Native Method)
	at org.apache.ratis.util.JavaUtils.sleep(JavaUtils.java:250)
	at org.apache.ratis.server.impl.FollowerState.run(FollowerState.java:116)
2020-11-25 10:34:14,487 [grpc-default-executor-2] INFO  impl.RaftServerImpl (RaftServerImpl.java:requestVote(963)) -  FOLLOWER dab95924-0a6b-4573-a804-c369a72f7a37@group-C457AB8721D5:t1, leader=null, voted=null, raftlog=dab95924-0a6b-4573-a804-c369a72f7a37@group-C457AB8721D5-SegmentedRaftLog:OPENED:c-1,f-1,i0, conf=-1: [dab95924-0a6b-4573-a804-c369a72f7a37|rpc:172.17.0.2:44169, 8480b9c0-5cfc-430b-9047-adac07e56377|rpc:172.17.0.2:36521, 764aab50-4a86-400e-87a3-bdf7204b618f|rpc:172.17.0.2:42181], old=null RUNNING priority:0 candidate:8480b9c0-5cfc-430b-9047-adac07e56377|rpc:172.17.0.2:36521 candidatePriority:0 compare:0
2020-11-25 10:34:14,492 [Thread-186] INFO  impl.FollowerState (FollowerState.java:run(137)) - 764aab50-4a86-400e-87a3-bdf7204b618f@group-C457AB8721D5-FollowerState was interrupted: {}
java.lang.InterruptedException: sleep interrupted
	at java.lang.Thread.sleep(Native Method)
	at org.apache.ratis.util.JavaUtils.sleep(JavaUtils.java:250)
	at org.apache.ratis.server.impl.FollowerState.run(FollowerState.java:116)
2020-11-25 10:34:14,492 [grpc-default-executor-1] INFO  impl.RoleInfo (RoleInfo.java:updateAndGet(143)) - 764aab50-4a86-400e-87a3-bdf7204b618f: start 764aab50-4a86-400e-87a3-bdf7204b618f@group-C457AB8721D5-FollowerState
2020-11-25 10:34:14,508 [grpc-default-executor-1] INFO  impl.RaftServerImpl (RaftServerImpl.java:requestVote(963)) -  FOLLOWER 764aab50-4a86-400e-87a3-bdf7204b618f@group-C457AB8721D5:t1, leader=null, voted=null, raftlog=764aab50-4a86-400e-87a3-bdf7204b618f@group-C457AB8721D5-SegmentedRaftLog:OPENED:c-1,f-1,i0, conf=-1: [dab95924-0a6b-4573-a804-c369a72f7a37|rpc:172.17.0.2:44169, 8480b9c0-5cfc-430b-9047-adac07e56377|rpc:172.17.0.2:36521, 764aab50-4a86-400e-87a3-bdf7204b618f|rpc:172.17.0.2:42181], old=null RUNNING priority:0 candidate:8480b9c0-5cfc-430b-9047-adac07e56377|rpc:172.17.0.2:36521 candidatePriority:0 compare:0
2020-11-25 10:34:14,509 [764aab50-4a86-400e-87a3-bdf7204b618f@group-81E7ECEDE313-LeaderElection3] INFO  impl.LeaderElection (LeaderElection.java:askForVotes(215)) - 764aab50-4a86-400e-87a3-bdf7204b618f@group-81E7ECEDE313-LeaderElection3: begin an election at term 1 for -1: [764aab50-4a86-400e-87a3-bdf7204b618f|rpc:172.17.0.2:42181], old=null
2020-11-25 10:34:14,509 [764aab50-4a86-400e-87a3-bdf7204b618f@group-81E7ECEDE313-LeaderElection3] INFO  impl.RoleInfo (RoleInfo.java:shutdownLeaderElection(134)) - 764aab50-4a86-400e-87a3-bdf7204b618f: shutdown 764aab50-4a86-400e-87a3-bdf7204b618f@group-81E7ECEDE313-LeaderElection3
2020-11-25 10:34:14,509 [764aab50-4a86-400e-87a3-bdf7204b618f@group-81E7ECEDE313-LeaderElection3] INFO  impl.RaftServerImpl (RaftServerImpl.java:setRole(204)) - 764aab50-4a86-400e-87a3-bdf7204b618f@group-81E7ECEDE313: changes role from CANDIDATE to LEADER at term 1 for changeToLeader
2020-11-25 10:34:14,509 [764aab50-4a86-400e-87a3-bdf7204b618f@group-81E7ECEDE313-LeaderElection3] INFO  ratis.XceiverServerRatis (XceiverServerRatis.java:handleLeaderChangedNotification(854)) - Leader change notification received for group: group-81E7ECEDE313 with new leaderId: 764aab50-4a86-400e-87a3-bdf7204b618f
2020-11-25 10:34:14,521 [EventQueue-PipelineReportForOneReplicaPipelineSafeModeRule] INFO  safemode.SCMSafeModeManager (SCMSafeModeManager.java:validateSafeModeExitRules(214)) - AtleastOneDatanodeReportedRule rule is successfully validated
2020-11-25 10:34:14,525 [8480b9c0-5cfc-430b-9047-adac07e56377@group-C457AB8721D5-LeaderElection2] INFO  impl.LeaderElection (LeaderElection.java:logAndReturn(65)) - 8480b9c0-5cfc-430b-9047-adac07e56377@group-C457AB8721D5-LeaderElection2: Election PASSED; received 1 response(s) [8480b9c0-5cfc-430b-9047-adac07e56377<-764aab50-4a86-400e-87a3-bdf7204b618f#0:OK-t1] and 0 exception(s); 8480b9c0-5cfc-430b-9047-adac07e56377@group-C457AB8721D5:t1, leader=null, voted=8480b9c0-5cfc-430b-9047-adac07e56377, raftlog=8480b9c0-5cfc-430b-9047-adac07e56377@group-C457AB8721D5-SegmentedRaftLog:OPENED:c-1,f-1,i0, conf=-1: [dab95924-0a6b-4573-a804-c369a72f7a37|rpc:172.17.0.2:44169, 8480b9c0-5cfc-430b-9047-adac07e56377|rpc:172.17.0.2:36521, 764aab50-4a86-400e-87a3-bdf7204b618f|rpc:172.17.0.2:42181], old=null
2020-11-25 10:34:14,526 [8480b9c0-5cfc-430b-9047-adac07e56377@group-C457AB8721D5-LeaderElection2] INFO  impl.RoleInfo (RoleInfo.java:shutdownLeaderElection(134)) - 8480b9c0-5cfc-430b-9047-adac07e56377: shutdown 8480b9c0-5cfc-430b-9047-adac07e56377@group-C457AB8721D5-LeaderElection2
2020-11-25 10:34:14,526 [8480b9c0-5cfc-430b-9047-adac07e56377@group-C457AB8721D5-LeaderElection2] INFO  impl.RaftServerImpl (RaftServerImpl.java:setRole(204)) - 8480b9c0-5cfc-430b-9047-adac07e56377@group-C457AB8721D5: changes role from CANDIDATE to LEADER at term 1 for changeToLeader
2020-11-25 10:34:14,521 [EventQueue-OpenPipelineForHealthyPipelineSafeModeRule] INFO  safemode.SCMSafeModeManager (HealthyPipelineSafeModeRule.java:process(128)) - SCM in safe mode. Healthy pipelines reported count is 0, required healthy pipeline reported count is 1
2020-11-25 10:34:14,529 [8480b9c0-5cfc-430b-9047-adac07e56377@group-C457AB8721D5-LeaderElection2] INFO  ratis.XceiverServerRatis (XceiverServerRatis.java:handleLeaderChangedNotification(854)) - Leader change notification received for group: group-C457AB8721D5 with new leaderId: 8480b9c0-5cfc-430b-9047-adac07e56377
2020-11-25 10:34:14,526 [764aab50-4a86-400e-87a3-bdf7204b618f@group-81E7ECEDE313-LeaderElection3] INFO  impl.RaftServerImpl (ServerState.java:setLeader(256)) - 764aab50-4a86-400e-87a3-bdf7204b618f@group-81E7ECEDE313: change Leader from null to 764aab50-4a86-400e-87a3-bdf7204b618f at term 1 for becomeLeader, leader elected after 5160ms
2020-11-25 10:34:14,529 [8480b9c0-5cfc-430b-9047-adac07e56377@group-C457AB8721D5-LeaderElection2] INFO  impl.RaftServerImpl (ServerState.java:setLeader(256)) - 8480b9c0-5cfc-430b-9047-adac07e56377@group-C457AB8721D5: change Leader from null to 8480b9c0-5cfc-430b-9047-adac07e56377 at term 1 for becomeLeader, leader elected after 5318ms
2020-11-25 10:34:14,529 [8480b9c0-5cfc-430b-9047-adac07e56377@group-C457AB8721D5-LeaderElection2] INFO  server.RaftServerConfigKeys (ConfUtils.java:logGet(44)) - raft.server.staging.catchup.gap = 1000 (default)
2020-11-25 10:34:14,529 [8480b9c0-5cfc-430b-9047-adac07e56377@group-C457AB8721D5-LeaderElection2] INFO  server.RaftServerConfigKeys (ConfUtils.java:logGet(44)) - raft.server.rpc.sleep.time = 25ms (default)
2020-11-25 10:34:14,530 [8480b9c0-5cfc-430b-9047-adac07e56377@group-C457AB8721D5-LeaderElection2] INFO  metrics.RatisMetrics (RatisMetrics.java:lambda$create$0(36)) - Creating Metrics Registry : ratis.log_appender.8480b9c0-5cfc-430b-9047-adac07e56377@group-C457AB8721D5
2020-11-25 10:34:14,530 [8480b9c0-5cfc-430b-9047-adac07e56377@group-C457AB8721D5-LeaderElection2] INFO  server.RaftServerConfigKeys (ConfUtils.java:logGet(44)) - raft.server.write.element-limit = 1024 (custom)
2020-11-25 10:34:14,530 [8480b9c0-5cfc-430b-9047-adac07e56377@group-C457AB8721D5-LeaderElection2] INFO  server.RaftServerConfigKeys (ConfUtils.java:logGet(44)) - raft.server.write.byte-limit = 1073741824 (custom)
2020-11-25 10:34:14,530 [764aab50-4a86-400e-87a3-bdf7204b618f@group-81E7ECEDE313-LeaderElection3] INFO  server.RaftServerConfigKeys (ConfUtils.java:logGet(44)) - raft.server.staging.catchup.gap = 1000 (default)
2020-11-25 10:34:14,530 [764aab50-4a86-400e-87a3-bdf7204b618f@group-81E7ECEDE313-LeaderElection3] INFO  server.RaftServerConfigKeys (ConfUtils.java:logGet(44)) - raft.server.rpc.sleep.time = 25ms (default)
2020-11-25 10:34:14,530 [764aab50-4a86-400e-87a3-bdf7204b618f@group-81E7ECEDE313-LeaderElection3] INFO  metrics.RatisMetrics (RatisMetrics.java:lambda$create$0(36)) - Creating Metrics Registry : ratis.log_appender.764aab50-4a86-400e-87a3-bdf7204b618f@group-81E7ECEDE313
2020-11-25 10:34:14,530 [764aab50-4a86-400e-87a3-bdf7204b618f@group-81E7ECEDE313-LeaderElection3] INFO  server.RaftServerConfigKeys (ConfUtils.java:logGet(44)) - raft.server.write.element-limit = 1024 (custom)
2020-11-25 10:34:14,530 [EventQueue-PipelineReportForPipelineReportHandler] INFO  pipeline.PipelineStateManager (PipelineStateManager.java:openPipeline(132)) - Pipeline Pipeline[ Id: 02551242-eb8a-4e1c-abb4-c457ab8721d5, Nodes: dab95924-0a6b-4573-a804-c369a72f7a37{ip: 172.17.0.2, host: 282a3b4cfeb7, networkLocation: /default-rack, certSerialId: null}764aab50-4a86-400e-87a3-bdf7204b618f{ip: 172.17.0.2, host: 282a3b4cfeb7, networkLocation: /default-rack, certSerialId: null}8480b9c0-5cfc-430b-9047-adac07e56377{ip: 172.17.0.2, host: 282a3b4cfeb7, networkLocation: /default-rack, certSerialId: null}, Type:RATIS, Factor:THREE, State:ALLOCATED, leaderId:8480b9c0-5cfc-430b-9047-adac07e56377, CreationTimestamp2020-11-25T10:34:06.477Z] moved to OPEN state
2020-11-25 10:34:14,531 [EventQueue-PipelineReportForOneReplicaPipelineSafeModeRule] INFO  safemode.SCMSafeModeManager (SCMSafeModeManager.java:validateSafeModeExitRules(214)) - AtleastOneDatanodeReportedRule rule is successfully validated
2020-11-25 10:34:14,531 [EventQueue-OpenPipelineForHealthyPipelineSafeModeRule] INFO  safemode.SCMSafeModeManager (HealthyPipelineSafeModeRule.java:process(128)) - SCM in safe mode. Healthy pipelines reported count is 1, required healthy pipeline reported count is 1
2020-11-25 10:34:14,530 [8480b9c0-5cfc-430b-9047-adac07e56377@group-C457AB8721D5-LeaderElection2] INFO  server.RaftServerConfigKeys (ConfUtils.java:logGet(44)) - raft.server.watch.timeout = 3000ms (custom)
2020-11-25 10:34:14,532 [EventQueue-OpenPipelineForHealthyPipelineSafeModeRule] INFO  safemode.SCMSafeModeManager (SCMSafeModeManager.java:validateSafeModeExitRules(214)) - HealthyPipelineSafeModeRule rule is successfully validated
2020-11-25 10:34:14,532 [EventQueue-OpenPipelineForHealthyPipelineSafeModeRule] INFO  safemode.SCMSafeModeManager (SCMSafeModeManager.java:validateSafeModeExitRules(228)) - ScmSafeModeManager, all rules are successfully validated
2020-11-25 10:34:14,532 [EventQueue-OpenPipelineForHealthyPipelineSafeModeRule] INFO  safemode.SCMSafeModeManager (SCMSafeModeManager.java:exitSafeMode(257)) - SCM exiting safe mode.
2020-11-25 10:34:14,531 [764aab50-4a86-400e-87a3-bdf7204b618f@group-81E7ECEDE313-LeaderElection3] INFO  server.RaftServerConfigKeys (ConfUtils.java:logGet(44)) - raft.server.write.byte-limit = 1073741824 (custom)
2020-11-25 10:34:14,532 [8480b9c0-5cfc-430b-9047-adac07e56377@group-C457AB8721D5-LeaderElection2] INFO  server.RaftServerConfigKeys (ConfUtils.java:logGet(44)) - raft.server.watch.timeout.denomination = 1s (default)
2020-11-25 10:34:14,533 [8480b9c0-5cfc-430b-9047-adac07e56377@group-C457AB8721D5-LeaderElection2] INFO  server.RaftServerConfigKeys (ConfUtils.java:logGet(44)) - raft.server.watch.element-limit = 65536 (default)
2020-11-25 10:34:14,534 [8480b9c0-5cfc-430b-9047-adac07e56377@group-C457AB8721D5-LeaderElection2] INFO  server.RaftServerConfigKeys (ConfUtils.java:logGet(44)) - raft.server.log.appender.snapshot.chunk.size.max = 16MB (=16777216) (default)
2020-11-25 10:34:14,535 [8480b9c0-5cfc-430b-9047-adac07e56377@group-C457AB8721D5-LeaderElection2] INFO  server.RaftServerConfigKeys (ConfUtils.java:logGet(44)) - raft.server.log.appender.buffer.byte-limit = 33554432 (custom)
2020-11-25 10:34:14,535 [8480b9c0-5cfc-430b-9047-adac07e56377@group-C457AB8721D5-LeaderElection2] INFO  server.RaftServerConfigKeys (ConfUtils.java:logGet(44)) - raft.server.log.appender.buffer.element-limit = 1 (custom)
2020-11-25 10:34:14,536 [764aab50-4a86-400e-87a3-bdf7204b618f@group-81E7ECEDE313-LeaderElection3] INFO  server.RaftServerConfigKeys (ConfUtils.java:logGet(44)) - raft.server.watch.timeout = 3000ms (custom)
2020-11-25 10:34:14,536 [764aab50-4a86-400e-87a3-bdf7204b618f@group-81E7ECEDE313-LeaderElection3] INFO  server.RaftServerConfigKeys (ConfUtils.java:logGet(44)) - raft.server.watch.timeout.denomination = 1s (default)
2020-11-25 10:34:14,537 [764aab50-4a86-400e-87a3-bdf7204b618f@group-81E7ECEDE313-LeaderElection3] INFO  server.RaftServerConfigKeys (ConfUtils.java:logGet(44)) - raft.server.watch.element-limit = 65536 (default)
2020-11-25 10:34:14,537 [764aab50-4a86-400e-87a3-bdf7204b618f@group-81E7ECEDE313-LeaderElection3] INFO  impl.RoleInfo (RoleInfo.java:updateAndGet(143)) - 764aab50-4a86-400e-87a3-bdf7204b618f: start 764aab50-4a86-400e-87a3-bdf7204b618f@group-81E7ECEDE313-LeaderState
2020-11-25 10:34:14,538 [764aab50-4a86-400e-87a3-bdf7204b618f@group-81E7ECEDE313-LeaderElection3] INFO  segmented.SegmentedRaftLogWorker (SegmentedRaftLogWorker.java:startLogSegment(398)) - 764aab50-4a86-400e-87a3-bdf7204b618f@group-81E7ECEDE313-SegmentedRaftLogWorker: Starting segment from index:0
2020-11-25 10:34:14,538 [764aab50-4a86-400e-87a3-bdf7204b618f@group-81E7ECEDE313-LeaderElection3] INFO  impl.RaftServerImpl (ServerState.java:setRaftConf(374)) - 764aab50-4a86-400e-87a3-bdf7204b618f@group-81E7ECEDE313: set configuration 0: [764aab50-4a86-400e-87a3-bdf7204b618f|rpc:172.17.0.2:42181|dataStream:], old=null at 0
2020-11-25 10:34:14,544 [8480b9c0-5cfc-430b-9047-adac07e56377@group-C457AB8721D5-LeaderElection2] INFO  grpc.GrpcConfigKeys (ConfUtils.java:logGet(44)) - raft.grpc.server.leader.outstanding.appends.max = 128 (default)
2020-11-25 10:34:14,544 [8480b9c0-5cfc-430b-9047-adac07e56377@group-C457AB8721D5-LeaderElection2] INFO  server.RaftServerConfigKeys (ConfUtils.java:logGet(44)) - raft.server.rpc.request.timeout = 3000ms (default)
2020-11-25 10:34:14,544 [8480b9c0-5cfc-430b-9047-adac07e56377@group-C457AB8721D5-LeaderElection2] INFO  server.RaftServerConfigKeys (ConfUtils.java:logGet(44)) - raft.server.log.appender.install.snapshot.enabled = false (custom)
2020-11-25 10:34:14,545 [8480b9c0-5cfc-430b-9047-adac07e56377@group-C457AB8721D5-LeaderElection2] INFO  metrics.RatisMetrics (RatisMetrics.java:lambda$create$0(36)) - Creating Metrics Registry : ratis_grpc.log_appender.8480b9c0-5cfc-430b-9047-adac07e56377@group-C457AB8721D5
2020-11-25 10:34:14,547 [8480b9c0-5cfc-430b-9047-adac07e56377@group-C457AB8721D5-LeaderElection2] INFO  server.RaftServerConfigKeys (ConfUtils.java:logGet(44)) - raft.server.log.appender.snapshot.chunk.size.max = 16MB (=16777216) (default)
2020-11-25 10:34:14,547 [8480b9c0-5cfc-430b-9047-adac07e56377@group-C457AB8721D5-LeaderElection2] INFO  server.RaftServerConfigKeys (ConfUtils.java:logGet(44)) - raft.server.log.appender.buffer.byte-limit = 33554432 (custom)
2020-11-25 10:34:14,547 [8480b9c0-5cfc-430b-9047-adac07e56377@group-C457AB8721D5-LeaderElection2] INFO  server.RaftServerConfigKeys (ConfUtils.java:logGet(44)) - raft.server.log.appender.buffer.element-limit = 1 (custom)
2020-11-25 10:34:14,547 [8480b9c0-5cfc-430b-9047-adac07e56377@group-C457AB8721D5-LeaderElection2] INFO  grpc.GrpcConfigKeys (ConfUtils.java:logGet(44)) - raft.grpc.server.leader.outstanding.appends.max = 128 (default)
2020-11-25 10:34:14,547 [8480b9c0-5cfc-430b-9047-adac07e56377@group-C457AB8721D5-LeaderElection2] INFO  server.RaftServerConfigKeys (ConfUtils.java:logGet(44)) - raft.server.rpc.request.timeout = 3000ms (default)
2020-11-25 10:34:14,547 [8480b9c0-5cfc-430b-9047-adac07e56377@group-C457AB8721D5-LeaderElection2] INFO  server.RaftServerConfigKeys (ConfUtils.java:logGet(44)) - raft.server.log.appender.install.snapshot.enabled = false (custom)
2020-11-25 10:34:14,549 [8480b9c0-5cfc-430b-9047-adac07e56377@group-C457AB8721D5-LeaderElection2] INFO  impl.RoleInfo (RoleInfo.java:updateAndGet(143)) - 8480b9c0-5cfc-430b-9047-adac07e56377: start 8480b9c0-5cfc-430b-9047-adac07e56377@group-C457AB8721D5-LeaderState
2020-11-25 10:34:14,553 [8480b9c0-5cfc-430b-9047-adac07e56377@group-C457AB8721D5-LeaderElection2] INFO  segmented.SegmentedRaftLogWorker (SegmentedRaftLogWorker.java:startLogSegment(398)) - 8480b9c0-5cfc-430b-9047-adac07e56377@group-C457AB8721D5-SegmentedRaftLogWorker: Starting segment from index:0
2020-11-25 10:34:14,567 [8480b9c0-5cfc-430b-9047-adac07e56377@group-C457AB8721D5-LeaderElection2] INFO  impl.RaftServerImpl (ServerState.java:setRaftConf(374)) - 8480b9c0-5cfc-430b-9047-adac07e56377@group-C457AB8721D5: set configuration 0: [dab95924-0a6b-4573-a804-c369a72f7a37|rpc:172.17.0.2:44169|dataStream:, 8480b9c0-5cfc-430b-9047-adac07e56377|rpc:172.17.0.2:36521|dataStream:, 764aab50-4a86-400e-87a3-bdf7204b618f|rpc:172.17.0.2:42181|dataStream:], old=null at 0
2020-11-25 10:34:14,583 [8480b9c0-5cfc-430b-9047-adac07e56377@group-C457AB8721D5-SegmentedRaftLogWorker] INFO  segmented.SegmentedRaftLogWorker (SegmentedRaftLogWorker.java:execute(597)) - 8480b9c0-5cfc-430b-9047-adac07e56377@group-C457AB8721D5-SegmentedRaftLogWorker: created new log segment /github/workspace/mnt/ozone/hadoop-ozone/integration-test/target/test-dir/MiniOzoneClusterImpl-f614b51c-2266-4ad1-9b0e-e2e5cf61c483/datanode-0/data/ratis/02551242-eb8a-4e1c-abb4-c457ab8721d5/current/log_inprogress_0
2020-11-25 10:34:14,584 [764aab50-4a86-400e-87a3-bdf7204b618f@group-81E7ECEDE313-SegmentedRaftLogWorker] INFO  segmented.SegmentedRaftLogWorker (SegmentedRaftLogWorker.java:execute(597)) - 764aab50-4a86-400e-87a3-bdf7204b618f@group-81E7ECEDE313-SegmentedRaftLogWorker: created new log segment /github/workspace/mnt/ozone/hadoop-ozone/integration-test/target/test-dir/MiniOzoneClusterImpl-f614b51c-2266-4ad1-9b0e-e2e5cf61c483/datanode-1/data/ratis/1e1728ff-54ad-4d4e-b4d4-81e7ecede313/current/log_inprogress_0
2020-11-25 10:34:14,584 [8480b9c0-5cfc-430b-9047-adac07e56377@group-68839209743B-SegmentedRaftLogWorker] INFO  segmented.SegmentedRaftLogWorker (SegmentedRaftLogWorker.java:execute(597)) - 8480b9c0-5cfc-430b-9047-adac07e56377@group-68839209743B-SegmentedRaftLogWorker: created new log segment /github/workspace/mnt/ozone/hadoop-ozone/integration-test/target/test-dir/MiniOzoneClusterImpl-f614b51c-2266-4ad1-9b0e-e2e5cf61c483/datanode-0/data/ratis/369b40d3-ad78-42ea-9573-68839209743b/current/log_inprogress_0
2020-11-25 10:34:14,599 [grpc-default-executor-2] INFO  ratis.XceiverServerRatis (XceiverServerRatis.java:handleLeaderChangedNotification(854)) - Leader change notification received for group: group-C457AB8721D5 with new leaderId: 8480b9c0-5cfc-430b-9047-adac07e56377
2020-11-25 10:34:14,590 [Thread-188] INFO  impl.FollowerState (FollowerState.java:run(128)) - dab95924-0a6b-4573-a804-c369a72f7a37@group-3F389127220A-FollowerState: change to CANDIDATE, lastRpcTime:5082ms, electionTimeout:5080ms
2020-11-25 10:34:14,605 [Thread-188] INFO  impl.RoleInfo (RoleInfo.java:shutdownFollowerState(121)) - dab95924-0a6b-4573-a804-c369a72f7a37: shutdown dab95924-0a6b-4573-a804-c369a72f7a37@group-3F389127220A-FollowerState
2020-11-25 10:34:14,605 [Thread-188] INFO  impl.RaftServerImpl (RaftServerImpl.java:setRole(204)) - dab95924-0a6b-4573-a804-c369a72f7a37@group-3F389127220A: changes role from  FOLLOWER to CANDIDATE at term 0 for changeToCandidate
2020-11-25 10:34:14,605 [grpc-default-executor-2] INFO  impl.RaftServerImpl (ServerState.java:setLeader(256)) - dab95924-0a6b-4573-a804-c369a72f7a37@group-C457AB8721D5: change Leader from null to 8480b9c0-5cfc-430b-9047-adac07e56377 at term 1 for appendEntries, leader elected after 5074ms
2020-11-25 10:34:14,607 [Thread-188] INFO  impl.RoleInfo (RoleInfo.java:updateAndGet(143)) - dab95924-0a6b-4573-a804-c369a72f7a37: start dab95924-0a6b-4573-a804-c369a72f7a37@group-3F389127220A-LeaderElection4
2020-11-25 10:34:14,626 [grpc-default-executor-0] INFO  ratis.XceiverServerRatis (XceiverServerRatis.java:handleLeaderChangedNotification(854)) - Leader change notification received for group: group-C457AB8721D5 with new leaderId: 8480b9c0-5cfc-430b-9047-adac07e56377
2020-11-25 10:34:14,626 [grpc-default-executor-0] INFO  impl.RaftServerImpl (ServerState.java:setLeader(256)) - 764aab50-4a86-400e-87a3-bdf7204b618f@group-C457AB8721D5: change Leader from null to 8480b9c0-5cfc-430b-9047-adac07e56377 at term 1 for appendEntries, leader elected after 5213ms
2020-11-25 10:34:14,629 [grpc-default-executor-2] INFO  impl.RaftServerImpl (ServerState.java:setRaftConf(374)) - dab95924-0a6b-4573-a804-c369a72f7a37@group-C457AB8721D5: set configuration 0: [dab95924-0a6b-4573-a804-c369a72f7a37|rpc:172.17.0.2:44169|dataStream:, 8480b9c0-5cfc-430b-9047-adac07e56377|rpc:172.17.0.2:36521|dataStream:, 764aab50-4a86-400e-87a3-bdf7204b618f|rpc:172.17.0.2:42181|dataStream:], old=null at 0
2020-11-25 10:34:14,629 [grpc-default-executor-2] INFO  segmented.SegmentedRaftLogWorker (SegmentedRaftLogWorker.java:startLogSegment(398)) - dab95924-0a6b-4573-a804-c369a72f7a37@group-C457AB8721D5-SegmentedRaftLogWorker: Starting segment from index:0
2020-11-25 10:34:14,637 [dab95924-0a6b-4573-a804-c369a72f7a37@group-3F389127220A-LeaderElection4] INFO  impl.LeaderElection (LeaderElection.java:askForVotes(215)) - dab95924-0a6b-4573-a804-c369a72f7a37@group-3F389127220A-LeaderElection4: begin an election at term 1 for -1: [dab95924-0a6b-4573-a804-c369a72f7a37|rpc:172.17.0.2:44169], old=null
2020-11-25 10:34:14,637 [dab95924-0a6b-4573-a804-c369a72f7a37@group-3F389127220A-LeaderElection4] INFO  impl.RoleInfo (RoleInfo.java:shutdownLeaderElection(134)) - dab95924-0a6b-4573-a804-c369a72f7a37: shutdown dab95924-0a6b-4573-a804-c369a72f7a37@group-3F389127220A-LeaderElection4
2020-11-25 10:34:14,638 [grpc-default-executor-0] INFO  impl.RaftServerImpl (ServerState.java:setRaftConf(374)) - 764aab50-4a86-400e-87a3-bdf7204b618f@group-C457AB8721D5: set configuration 0: [dab95924-0a6b-4573-a804-c369a72f7a37|rpc:172.17.0.2:44169|dataStream:, 8480b9c0-5cfc-430b-9047-adac07e56377|rpc:172.17.0.2:36521|dataStream:, 764aab50-4a86-400e-87a3-bdf7204b618f|rpc:172.17.0.2:42181|dataStream:], old=null at 0
2020-11-25 10:34:14,638 [grpc-default-executor-0] INFO  segmented.SegmentedRaftLogWorker (SegmentedRaftLogWorker.java:startLogSegment(398)) - 764aab50-4a86-400e-87a3-bdf7204b618f@group-C457AB8721D5-SegmentedRaftLogWorker: Starting segment from index:0
2020-11-25 10:34:14,639 [dab95924-0a6b-4573-a804-c369a72f7a37@group-C457AB8721D5-SegmentedRaftLogWorker] INFO  segmented.SegmentedRaftLogWorker (SegmentedRaftLogWorker.java:execute(597)) - dab95924-0a6b-4573-a804-c369a72f7a37@group-C457AB8721D5-SegmentedRaftLogWorker: created new log segment /github/workspace/mnt/ozone/hadoop-ozone/integration-test/target/test-dir/MiniOzoneClusterImpl-f614b51c-2266-4ad1-9b0e-e2e5cf61c483/datanode-2/data/ratis/02551242-eb8a-4e1c-abb4-c457ab8721d5/current/log_inprogress_0
2020-11-25 10:34:14,639 [dab95924-0a6b-4573-a804-c369a72f7a37@group-3F389127220A-LeaderElection4] INFO  impl.RaftServerImpl (RaftServerImpl.java:setRole(204)) - dab95924-0a6b-4573-a804-c369a72f7a37@group-3F389127220A: changes role from CANDIDATE to LEADER at term 1 for changeToLeader
2020-11-25 10:34:14,639 [dab95924-0a6b-4573-a804-c369a72f7a37@group-3F389127220A-LeaderElection4] INFO  ratis.XceiverServerRatis (XceiverServerRatis.java:handleLeaderChangedNotification(854)) - Leader change notification received for group: group-3F389127220A with new leaderId: dab95924-0a6b-4573-a804-c369a72f7a37
2020-11-25 10:34:14,639 [dab95924-0a6b-4573-a804-c369a72f7a37@group-3F389127220A-LeaderElection4] INFO  impl.RaftServerImpl (ServerState.java:setLeader(256)) - dab95924-0a6b-4573-a804-c369a72f7a37@group-3F389127220A: change Leader from null to dab95924-0a6b-4573-a804-c369a72f7a37 at term 1 for becomeLeader, leader elected after 5147ms
2020-11-25 10:34:14,640 [dab95924-0a6b-4573-a804-c369a72f7a37@group-3F389127220A-LeaderElection4] INFO  server.RaftServerConfigKeys (ConfUtils.java:logGet(44)) - raft.server.staging.catchup.gap = 1000 (default)
2020-11-25 10:34:14,640 [dab95924-0a6b-4573-a804-c369a72f7a37@group-3F389127220A-LeaderElection4] INFO  server.RaftServerConfigKeys (ConfUtils.java:logGet(44)) - raft.server.rpc.sleep.time = 25ms (default)
2020-11-25 10:34:14,640 [dab95924-0a6b-4573-a804-c369a72f7a37@group-3F389127220A-LeaderElection4] INFO  metrics.RatisMetrics (RatisMetrics.java:lambda$create$0(36)) - Creating Metrics Registry : ratis.log_appender.dab95924-0a6b-4573-a804-c369a72f7a37@group-3F389127220A
2020-11-25 10:34:14,640 [dab95924-0a6b-4573-a804-c369a72f7a37@group-3F389127220A-LeaderElection4] INFO  server.RaftServerConfigKeys (ConfUtils.java:logGet(44)) - raft.server.write.element-limit = 1024 (custom)
2020-11-25 10:34:14,640 [dab95924-0a6b-4573-a804-c369a72f7a37@group-3F389127220A-LeaderElection4] INFO  server.RaftServerConfigKeys (ConfUtils.java:logGet(44)) - raft.server.write.byte-limit = 1073741824 (custom)
2020-11-25 10:34:14,640 [764aab50-4a86-400e-87a3-bdf7204b618f@group-C457AB8721D5-SegmentedRaftLogWorker] INFO  segmented.SegmentedRaftLogWorker (SegmentedRaftLogWorker.java:execute(597)) - 764aab50-4a86-400e-87a3-bdf7204b618f@group-C457AB8721D5-SegmentedRaftLogWorker: created new log segment /github/workspace/mnt/ozone/hadoop-ozone/integration-test/target/test-dir/MiniOzoneClusterImpl-f614b51c-2266-4ad1-9b0e-e2e5cf61c483/datanode-1/data/ratis/02551242-eb8a-4e1c-abb4-c457ab8721d5/current/log_inprogress_0
2020-11-25 10:34:14,641 [dab95924-0a6b-4573-a804-c369a72f7a37@group-3F389127220A-LeaderElection4] INFO  server.RaftServerConfigKeys (ConfUtils.java:logGet(44)) - raft.server.watch.timeout = 3000ms (custom)
2020-11-25 10:34:14,641 [dab95924-0a6b-4573-a804-c369a72f7a37@group-3F389127220A-LeaderElection4] INFO  server.RaftServerConfigKeys (ConfUtils.java:logGet(44)) - raft.server.watch.timeout.denomination = 1s (default)
2020-11-25 10:34:14,642 [dab95924-0a6b-4573-a804-c369a72f7a37@group-3F389127220A-LeaderElection4] INFO  server.RaftServerConfigKeys (ConfUtils.java:logGet(44)) - raft.server.watch.element-limit = 65536 (default)
2020-11-25 10:34:14,642 [dab95924-0a6b-4573-a804-c369a72f7a37@group-3F389127220A-LeaderElection4] INFO  impl.RoleInfo (RoleInfo.java:updateAndGet(143)) - dab95924-0a6b-4573-a804-c369a72f7a37: start dab95924-0a6b-4573-a804-c369a72f7a37@group-3F389127220A-LeaderState
2020-11-25 10:34:14,642 [dab95924-0a6b-4573-a804-c369a72f7a37@group-3F389127220A-LeaderElection4] INFO  segmented.SegmentedRaftLogWorker (SegmentedRaftLogWorker.java:startLogSegment(398)) - dab95924-0a6b-4573-a804-c369a72f7a37@group-3F389127220A-SegmentedRaftLogWorker: Starting segment from index:0
2020-11-25 10:34:14,660 [dab95924-0a6b-4573-a804-c369a72f7a37@group-3F389127220A-SegmentedRaftLogWorker] INFO  segmented.SegmentedRaftLogWorker (SegmentedRaftLogWorker.java:execute(597)) - dab95924-0a6b-4573-a804-c369a72f7a37@group-3F389127220A-SegmentedRaftLogWorker: created new log segment /github/workspace/mnt/ozone/hadoop-ozone/integration-test/target/test-dir/MiniOzoneClusterImpl-f614b51c-2266-4ad1-9b0e-e2e5cf61c483/datanode-2/data/ratis/d4a8b973-d16d-4464-a029-3f389127220a/current/log_inprogress_0
2020-11-25 10:34:14,661 [dab95924-0a6b-4573-a804-c369a72f7a37@group-3F389127220A-LeaderElection4] INFO  impl.RaftServerImpl (ServerState.java:setRaftConf(374)) - dab95924-0a6b-4573-a804-c369a72f7a37@group-3F389127220A: set configuration 0: [dab95924-0a6b-4573-a804-c369a72f7a37|rpc:172.17.0.2:44169|dataStream:], old=null at 0
2020-11-25 10:34:15,468 [Listener at 127.0.0.1/38909] INFO  ozone.MiniOzoneClusterImpl (MiniOzoneClusterImpl.java:lambda$waitForClusterToBeReady$0(178)) - Nodes are ready. Got 3 of 3 DN Heartbeats.
2020-11-25 10:34:15,468 [Listener at 127.0.0.1/38909] INFO  ozone.MiniOzoneClusterImpl (MiniOzoneClusterImpl.java:lambda$waitForClusterToBeReady$0(181)) - Cluster exits safe mode
2020-11-25 10:34:15,855 [Listener at 127.0.0.1/38909] INFO  rpc.RpcClient (RpcClient.java:createVolume(272)) - Creating Volume: testcontainerstatemachinefailures, with jenkins1001 as owner.
2020-11-25 10:34:15,925 [IPC Server handler 8 on default port 38909] INFO  volume.OMVolumeCreateRequest (OMVolumeCreateRequest.java:validateAndUpdateCache(196)) - created volume:testcontainerstatemachinefailures for user:jenkins1001
2020-11-25 10:34:15,939 [Listener at 127.0.0.1/38909] INFO  rpc.RpcClient (RpcClient.java:createBucket(425)) - Creating Bucket: testcontainerstatemachinefailures/testcontainerstatemachinefailures, with Versioning false and Storage Type set to DISK and Encryption set to false 
2020-11-25 10:34:16,095 [Listener at 127.0.0.1/38909] INFO  impl.MetricsSystemImpl (MetricsSystemImpl.java:init(158)) - XceiverClientMetrics metrics system started (again)
2020-11-25 10:34:16,141 [Datanode State Machine Thread - 0] INFO  statemachine.DatanodeStateMachine (DatanodeStateMachine.java:lambda$startDaemon$0(406)) - Ozone container server started.
2020-11-25 10:34:17,542 [EventQueue-Delayed safe mode statusForReplicationManager] INFO  container.ReplicationManager (ReplicationManager.java:start(178)) - Starting Replication Monitor Thread.
2020-11-25 10:34:17,546 [ReplicationMonitor] INFO  container.ReplicationManager (ReplicationManager.java:run(242)) - Replication Monitor Thread took 2 milliseconds for processing 1 containers.
2020-11-25 10:34:21,115 [Listener at 127.0.0.1/38909] INFO  ozoneimpl.OzoneContainer (OzoneContainer.java:stop(257)) - Attempting to stop container services.
2020-11-25 10:34:21,115 [Listener at 127.0.0.1/38909] INFO  impl.RaftServerProxy (RaftServerProxy.java:lambda$close$4(338)) - dab95924-0a6b-4573-a804-c369a72f7a37: close
2020-11-25 10:34:21,116 [Listener at 127.0.0.1/38909] INFO  impl.RaftServerImpl (RaftServerImpl.java:lambda$shutdown$3(328)) - dab95924-0a6b-4573-a804-c369a72f7a37@group-C457AB8721D5: shutdown
2020-11-25 10:34:21,117 [ForkJoinPool.commonPool-worker-1] INFO  impl.RaftServerImpl (RaftServerImpl.java:lambda$shutdown$3(328)) - dab95924-0a6b-4573-a804-c369a72f7a37@group-3F389127220A: shutdown
2020-11-25 10:34:21,117 [ForkJoinPool.commonPool-worker-1] INFO  util.JmxRegister (JmxRegister.java:unregister(73)) - Successfully un-registered JMX Bean with object name Ratis:service=RaftServer,group=group-3F389127220A,id=dab95924-0a6b-4573-a804-c369a72f7a37
2020-11-25 10:34:21,117 [ForkJoinPool.commonPool-worker-1] INFO  impl.RoleInfo (RoleInfo.java:shutdownLeaderState(104)) - dab95924-0a6b-4573-a804-c369a72f7a37: shutdown dab95924-0a6b-4573-a804-c369a72f7a37@group-3F389127220A-LeaderState
2020-11-25 10:34:21,117 [Listener at 127.0.0.1/38909] INFO  util.JmxRegister (JmxRegister.java:unregister(73)) - Successfully un-registered JMX Bean with object name Ratis:service=RaftServer,group=group-C457AB8721D5,id=dab95924-0a6b-4573-a804-c369a72f7a37
2020-11-25 10:34:21,117 [Listener at 127.0.0.1/38909] INFO  impl.RoleInfo (RoleInfo.java:shutdownFollowerState(121)) - dab95924-0a6b-4573-a804-c369a72f7a37: shutdown dab95924-0a6b-4573-a804-c369a72f7a37@group-C457AB8721D5-FollowerState
2020-11-25 10:34:21,118 [Thread-203] INFO  impl.FollowerState (FollowerState.java:run(137)) - dab95924-0a6b-4573-a804-c369a72f7a37@group-C457AB8721D5-FollowerState was interrupted: {}
java.lang.InterruptedException: sleep interrupted
	at java.lang.Thread.sleep(Native Method)
	at org.apache.ratis.util.JavaUtils.sleep(JavaUtils.java:250)
	at org.apache.ratis.server.impl.FollowerState.run(FollowerState.java:116)
2020-11-25 10:34:21,118 [ForkJoinPool.commonPool-worker-1] INFO  impl.PendingRequests (PendingRequests.java:sendNotLeaderResponses(250)) - dab95924-0a6b-4573-a804-c369a72f7a37@group-3F389127220A-PendingRequests: sendNotLeaderResponses
2020-11-25 10:34:21,119 [dab95924-0a6b-4573-a804-c369a72f7a37@group-C457AB8721D5-StateMachineUpdater] INFO  ratis.ContainerStateMachine (ContainerStateMachine.java:takeSnapshot(293)) - group-C457AB8721D5: Taking a snapshot at:(t:1, i:0) file /github/workspace/mnt/ozone/hadoop-ozone/integration-test/target/test-dir/MiniOzoneClusterImpl-f614b51c-2266-4ad1-9b0e-e2e5cf61c483/datanode-2/data/ratis/02551242-eb8a-4e1c-abb4-c457ab8721d5/sm/snapshot.1_0
2020-11-25 10:34:21,119 [ForkJoinPool.commonPool-worker-1] INFO  metrics.RatisMetrics (RatisMetrics.java:unregister(43)) - Unregistering Metrics Registry : ratis.log_appender.dab95924-0a6b-4573-a804-c369a72f7a37@group-3F389127220A
2020-11-25 10:34:21,120 [ForkJoinPool.commonPool-worker-1] INFO  metrics.RatisMetrics (RatisMetrics.java:unregister(43)) - Unregistering Metrics Registry : ratis.server.dab95924-0a6b-4573-a804-c369a72f7a37@group-3F389127220A
2020-11-25 10:34:21,120 [dab95924-0a6b-4573-a804-c369a72f7a37@group-3F389127220A-StateMachineUpdater] INFO  ratis.ContainerStateMachine (ContainerStateMachine.java:takeSnapshot(293)) - group-3F389127220A: Taking a snapshot at:(t:1, i:0) file /github/workspace/mnt/ozone/hadoop-ozone/integration-test/target/test-dir/MiniOzoneClusterImpl-f614b51c-2266-4ad1-9b0e-e2e5cf61c483/datanode-2/data/ratis/d4a8b973-d16d-4464-a029-3f389127220a/sm/snapshot.1_0
2020-11-25 10:34:21,121 [ForkJoinPool.commonPool-worker-1] INFO  impl.StateMachineUpdater (StateMachineUpdater.java:stopAndJoin(147)) - dab95924-0a6b-4573-a804-c369a72f7a37@group-3F389127220A-StateMachineUpdater: set stopIndex = 0
2020-11-25 10:34:21,121 [Listener at 127.0.0.1/38909] INFO  impl.StateMachineUpdater (StateMachineUpdater.java:stopAndJoin(147)) - dab95924-0a6b-4573-a804-c369a72f7a37@group-C457AB8721D5-StateMachineUpdater: set stopIndex = 0
2020-11-25 10:34:21,183 [dab95924-0a6b-4573-a804-c369a72f7a37@group-3F389127220A-StateMachineUpdater] INFO  ratis.ContainerStateMachine (ContainerStateMachine.java:takeSnapshot(304)) - group-3F389127220A: Finished taking a snapshot at:(t:1, i:0) file:/github/workspace/mnt/ozone/hadoop-ozone/integration-test/target/test-dir/MiniOzoneClusterImpl-f614b51c-2266-4ad1-9b0e-e2e5cf61c483/datanode-2/data/ratis/d4a8b973-d16d-4464-a029-3f389127220a/sm/snapshot.1_0 time:62
2020-11-25 10:34:21,184 [dab95924-0a6b-4573-a804-c369a72f7a37@group-3F389127220A-StateMachineUpdater] INFO  impl.StateMachineUpdater (StateMachineUpdater.java:takeSnapshot(278)) - dab95924-0a6b-4573-a804-c369a72f7a37@group-3F389127220A-StateMachineUpdater: Took a snapshot at index 0
2020-11-25 10:34:21,184 [dab95924-0a6b-4573-a804-c369a72f7a37@group-3F389127220A-StateMachineUpdater] INFO  impl.StateMachineUpdater (StateMachineUpdater.java:lambda$new$0(87)) - dab95924-0a6b-4573-a804-c369a72f7a37@group-3F389127220A-StateMachineUpdater: snapshotIndex: updateIncreasingly -1 -> 0
2020-11-25 10:34:21,186 [dab95924-0a6b-4573-a804-c369a72f7a37@group-3F389127220A-StateMachineUpdater] INFO  metrics.RatisMetrics (RatisMetrics.java:unregister(43)) - Unregistering Metrics Registry : ratis.state_machine.dab95924-0a6b-4573-a804-c369a72f7a37@group-3F389127220A
2020-11-25 10:34:21,186 [ForkJoinPool.commonPool-worker-1] INFO  impl.RaftServerImpl (ServerState.java:close(406)) - dab95924-0a6b-4573-a804-c369a72f7a37@group-3F389127220A: closes. applyIndex: 0
2020-11-25 10:34:21,186 [dab95924-0a6b-4573-a804-c369a72f7a37@group-C457AB8721D5-StateMachineUpdater] INFO  ratis.ContainerStateMachine (ContainerStateMachine.java:takeSnapshot(304)) - group-C457AB8721D5: Finished taking a snapshot at:(t:1, i:0) file:/github/workspace/mnt/ozone/hadoop-ozone/integration-test/target/test-dir/MiniOzoneClusterImpl-f614b51c-2266-4ad1-9b0e-e2e5cf61c483/datanode-2/data/ratis/02551242-eb8a-4e1c-abb4-c457ab8721d5/sm/snapshot.1_0 time:68
2020-11-25 10:34:21,187 [dab95924-0a6b-4573-a804-c369a72f7a37@group-C457AB8721D5-StateMachineUpdater] INFO  impl.StateMachineUpdater (StateMachineUpdater.java:takeSnapshot(278)) - dab95924-0a6b-4573-a804-c369a72f7a37@group-C457AB8721D5-StateMachineUpdater: Took a snapshot at index 0
2020-11-25 10:34:21,187 [dab95924-0a6b-4573-a804-c369a72f7a37@group-C457AB8721D5-StateMachineUpdater] INFO  impl.StateMachineUpdater (StateMachineUpdater.java:lambda$new$0(87)) - dab95924-0a6b-4573-a804-c369a72f7a37@group-C457AB8721D5-StateMachineUpdater: snapshotIndex: updateIncreasingly -1 -> 0
2020-11-25 10:34:21,187 [dab95924-0a6b-4573-a804-c369a72f7a37@group-C457AB8721D5-StateMachineUpdater] INFO  metrics.RatisMetrics (RatisMetrics.java:unregister(43)) - Unregistering Metrics Registry : ratis.state_machine.dab95924-0a6b-4573-a804-c369a72f7a37@group-C457AB8721D5
2020-11-25 10:34:21,187 [Listener at 127.0.0.1/38909] INFO  impl.RaftServerImpl (ServerState.java:close(406)) - dab95924-0a6b-4573-a804-c369a72f7a37@group-C457AB8721D5: closes. applyIndex: 0
2020-11-25 10:34:21,187 [dab95924-0a6b-4573-a804-c369a72f7a37@group-3F389127220A-SegmentedRaftLogWorker] INFO  segmented.SegmentedRaftLogWorker (SegmentedRaftLogWorker.java:run(329)) - dab95924-0a6b-4573-a804-c369a72f7a37@group-3F389127220A-SegmentedRaftLogWorker was interrupted, exiting. There are 0 tasks remaining in the queue.
2020-11-25 10:34:21,187 [dab95924-0a6b-4573-a804-c369a72f7a37@group-C457AB8721D5-SegmentedRaftLogWorker] INFO  segmented.SegmentedRaftLogWorker (SegmentedRaftLogWorker.java:run(329)) - dab95924-0a6b-4573-a804-c369a72f7a37@group-C457AB8721D5-SegmentedRaftLogWorker was interrupted, exiting. There are 0 tasks remaining in the queue.
2020-11-25 10:34:21,189 [Listener at 127.0.0.1/38909] INFO  segmented.SegmentedRaftLogWorker (SegmentedRaftLogWorker.java:close(235)) - dab95924-0a6b-4573-a804-c369a72f7a37@group-C457AB8721D5-SegmentedRaftLogWorker close()
2020-11-25 10:34:21,190 [ForkJoinPool.commonPool-worker-1] INFO  segmented.SegmentedRaftLogWorker (SegmentedRaftLogWorker.java:close(235)) - dab95924-0a6b-4573-a804-c369a72f7a37@group-3F389127220A-SegmentedRaftLogWorker close()
2020-11-25 10:34:21,190 [Listener at 127.0.0.1/38909] INFO  metrics.RatisMetrics (RatisMetrics.java:unregister(43)) - Unregistering Metrics Registry : ratis.log_worker.dab95924-0a6b-4573-a804-c369a72f7a37@group-C457AB8721D5
2020-11-25 10:34:21,191 [Listener at 127.0.0.1/38909] INFO  metrics.RatisMetrics (RatisMetrics.java:unregister(43)) - Unregistering Metrics Registry : ratis.leader_election.dab95924-0a6b-4573-a804-c369a72f7a37@group-C457AB8721D5
2020-11-25 10:34:21,191 [Listener at 127.0.0.1/38909] INFO  metrics.RatisMetrics (RatisMetrics.java:unregister(43)) - Unregistering Metrics Registry : ratis.server.dab95924-0a6b-4573-a804-c369a72f7a37@group-C457AB8721D5
2020-11-25 10:34:21,191 [ForkJoinPool.commonPool-worker-1] INFO  metrics.RatisMetrics (RatisMetrics.java:unregister(43)) - Unregistering Metrics Registry : ratis.log_worker.dab95924-0a6b-4573-a804-c369a72f7a37@group-3F389127220A
2020-11-25 10:34:21,192 [ForkJoinPool.commonPool-worker-1] INFO  metrics.RatisMetrics (RatisMetrics.java:unregister(43)) - Unregistering Metrics Registry : ratis.leader_election.dab95924-0a6b-4573-a804-c369a72f7a37@group-3F389127220A
2020-11-25 10:34:21,192 [ForkJoinPool.commonPool-worker-1] INFO  metrics.RatisMetrics (RatisMetrics.java:unregister(43)) - Unregistering Metrics Registry : ratis.server.dab95924-0a6b-4573-a804-c369a72f7a37@group-3F389127220A
2020-11-25 10:34:21,192 [Listener at 127.0.0.1/38909] INFO  server.GrpcService (GrpcService.java:closeImpl(184)) - dab95924-0a6b-4573-a804-c369a72f7a37: shutdown server with port 44169 now
2020-11-25 10:34:21,205 [grpc-default-executor-2] WARN  server.GrpcServerProtocolService (LogUtils.java:warn(122)) - dab95924-0a6b-4573-a804-c369a72f7a37: installSnapshot onError, lastRequest: 8480b9c0-5cfc-430b-9047-adac07e56377->dab95924-0a6b-4573-a804-c369a72f7a37#1-t1, previous=(t:0, i:0), leaderCommit=-1, initializing? false, entries: size=1, first=(t:1, i:0), CONFIGURATIONENTRY: org.apache.ratis.thirdparty.io.grpc.StatusRuntimeException: CANCELLED: cancelled before receiving half close
2020-11-25 10:34:21,207 [Listener at 127.0.0.1/38909] INFO  server.GrpcService (GrpcService.java:closeImpl(193)) - dab95924-0a6b-4573-a804-c369a72f7a37: shutdown server with port 44169 successfully
2020-11-25 10:34:21,209 [Listener at 127.0.0.1/38909] INFO  utils.BackgroundService (BackgroundService.java:shutdown(132)) - Shutting down service BlockDeletingService
2020-11-25 10:34:21,211 [Listener at 127.0.0.1/38909] INFO  statemachine.DatanodeStateMachine (DatanodeStateMachine.java:stopDaemon(459)) - Ozone container server stopped.
2020-11-25 10:34:21,215 [grpc-default-executor-2] WARN  server.GrpcLogAppender (LogUtils.java:warn(122)) - 8480b9c0-5cfc-430b-9047-adac07e56377@group-C457AB8721D5->dab95924-0a6b-4573-a804-c369a72f7a37-AppendLogResponseHandler: Failed appendEntries: org.apache.ratis.thirdparty.io.grpc.StatusRuntimeException: CANCELLED: HTTP/2 error code: CANCEL
Received Rst Stream
2020-11-25 10:34:21,220 [grpc-default-executor-2] WARN  server.GrpcLogAppender (GrpcLogAppender.java:resetClient(107)) - 8480b9c0-5cfc-430b-9047-adac07e56377@group-C457AB8721D5->dab95924-0a6b-4573-a804-c369a72f7a37-GrpcLogAppender: Leader has not got in touch with Follower 8480b9c0-5cfc-430b-9047-adac07e56377@group-C457AB8721D5->dab95924-0a6b-4573-a804-c369a72f7a37(c0,m0,n1, attendVote=true, lastRpcSendTime=1541, lastRpcResponseTime=1538) yet, just keep nextIndex unchanged and retry.
2020-11-25 10:34:21,221 [grpc-nio-worker-ELG-3-1] WARN  nio.NioEventLoop (NioEventLoop.java:unexpectedSelectorWakeup(554)) - Selector.select() returned prematurely 512 times in a row; rebuilding Selector org.apache.ratis.thirdparty.io.netty.channel.nio.SelectedSelectionKeySetSelector@485af054.
2020-11-25 10:34:21,221 [grpc-nio-worker-ELG-3-1] INFO  nio.NioEventLoop (NioEventLoop.java:rebuildSelector0(430)) - Migrated 1 channel(s) to the new Selector.
2020-11-25 10:34:21,229 [Listener at 127.0.0.1/38909] INFO  handler.ContextHandler (ContextHandler.java:doStop(1154)) - Stopped o.e.j.w.WebAppContext@45dbbb97{hddsDatanode,/,null,STOPPED}{jar:file:/home/user/.m2/repository/org/apache/hadoop/hadoop-hdds-container-service/1.1.0-SNAPSHOT/hadoop-hdds-container-service-1.1.0-SNAPSHOT.jar!/webapps/hddsDatanode}
2020-11-25 10:34:21,237 [Listener at 127.0.0.1/38909] INFO  server.AbstractConnector (AbstractConnector.java:doStop(381)) - Stopped ServerConnector@c358f32{HTTP/1.1, (http/1.1)}{0.0.0.0:0}
2020-11-25 10:34:21,238 [Listener at 127.0.0.1/38909] INFO  server.session (HouseKeeper.java:stopScavenging(149)) - node0 Stopped scavenging
2020-11-25 10:34:21,238 [Listener at 127.0.0.1/38909] INFO  handler.ContextHandler (ContextHandler.java:doStop(1154)) - Stopped o.e.j.s.ServletContextHandler@18ce7872{static,/static,jar:file:/home/user/.m2/repository/org/apache/hadoop/hadoop-hdds-container-service/1.1.0-SNAPSHOT/hadoop-hdds-container-service-1.1.0-SNAPSHOT.jar!/webapps/static,STOPPED}
2020-11-25 10:34:21,238 [Listener at 127.0.0.1/38909] INFO  handler.ContextHandler (ContextHandler.java:doStop(1154)) - Stopped o.e.j.s.ServletContextHandler@1d7914a5{logs,/logs,file:///github/workspace/mnt/ozone/hadoop-ozone/integration-test/target/log,STOPPED}
2020-11-25 10:34:21,308 [Listener at 127.0.0.1/38909] INFO  metrics.RatisMetrics (RatisMetrics.java:lambda$create$0(36)) - Creating Metrics Registry : ratis.client_message_metrics.client-C85A44D91A10->8480b9c0-5cfc-430b-9047-adac07e56377
2020-11-25 10:34:21,387 [grpc-default-executor-3] WARN  server.GrpcLogAppender (LogUtils.java:warn(122)) - 8480b9c0-5cfc-430b-9047-adac07e56377@group-C457AB8721D5->dab95924-0a6b-4573-a804-c369a72f7a37-AppendLogResponseHandler: Failed appendEntries: org.apache.ratis.thirdparty.io.grpc.StatusRuntimeException: UNAVAILABLE: io exception
2020-11-25 10:34:21,388 [grpc-default-executor-3] WARN  server.GrpcLogAppender (GrpcLogAppender.java:resetClient(107)) - 8480b9c0-5cfc-430b-9047-adac07e56377@group-C457AB8721D5->dab95924-0a6b-4573-a804-c369a72f7a37-GrpcLogAppender: Leader has not got in touch with Follower 8480b9c0-5cfc-430b-9047-adac07e56377@group-C457AB8721D5->dab95924-0a6b-4573-a804-c369a72f7a37(c0,m0,n2, attendVote=true, lastRpcSendTime=7, lastRpcResponseTime=1706) yet, just keep nextIndex unchanged and retry.
2020-11-25 10:34:21,392 [grpc-default-executor-3] WARN  server.GrpcLogAppender (LogUtils.java:warn(122)) - 8480b9c0-5cfc-430b-9047-adac07e56377@group-C457AB8721D5->dab95924-0a6b-4573-a804-c369a72f7a37-AppendLogResponseHandler: Failed appendEntries: org.apache.ratis.thirdparty.io.grpc.StatusRuntimeException: UNAVAILABLE: io exception
2020-11-25 10:34:21,393 [grpc-default-executor-3] WARN  server.GrpcLogAppender (GrpcLogAppender.java:resetClient(107)) - 8480b9c0-5cfc-430b-9047-adac07e56377@group-C457AB8721D5->dab95924-0a6b-4573-a804-c369a72f7a37-GrpcLogAppender: Leader has not got in touch with Follower 8480b9c0-5cfc-430b-9047-adac07e56377@group-C457AB8721D5->dab95924-0a6b-4573-a804-c369a72f7a37(c0,m0,n3, attendVote=true, lastRpcSendTime=0, lastRpcResponseTime=1711) yet, just keep nextIndex unchanged and retry.
2020-11-25 10:34:21,549 [grpc-default-executor-3] WARN  server.GrpcLogAppender (LogUtils.java:warn(122)) - 8480b9c0-5cfc-430b-9047-adac07e56377@group-C457AB8721D5->dab95924-0a6b-4573-a804-c369a72f7a37-AppendLogResponseHandler: Failed appendEntries: org.apache.ratis.thirdparty.io.grpc.StatusRuntimeException: UNAVAILABLE: io exception
2020-11-25 10:34:21,550 [grpc-default-executor-3] WARN  server.GrpcLogAppender (GrpcLogAppender.java:resetClient(107)) - 8480b9c0-5cfc-430b-9047-adac07e56377@group-C457AB8721D5->dab95924-0a6b-4573-a804-c369a72f7a37-GrpcLogAppender: Leader has not got in touch with Follower 8480b9c0-5cfc-430b-9047-adac07e56377@group-C457AB8721D5->dab95924-0a6b-4573-a804-c369a72f7a37(c0,m0,n4, attendVote=true, lastRpcSendTime=0, lastRpcResponseTime=1868) yet, just keep nextIndex unchanged and retry.
2020-11-25 10:34:21,570 [grpc-default-executor-3] WARN  server.GrpcLogAppender (LogUtils.java:warn(122)) - 8480b9c0-5cfc-430b-9047-adac07e56377@group-C457AB8721D5->dab95924-0a6b-4573-a804-c369a72f7a37-AppendLogResponseHandler: Failed appendEntries: org.apache.ratis.thirdparty.io.grpc.StatusRuntimeException: UNAVAILABLE: io exception
2020-11-25 10:34:21,571 [grpc-default-executor-3] WARN  server.GrpcLogAppender (GrpcLogAppender.java:resetClient(107)) - 8480b9c0-5cfc-430b-9047-adac07e56377@group-C457AB8721D5->dab95924-0a6b-4573-a804-c369a72f7a37-GrpcLogAppender: Leader has not got in touch with Follower 8480b9c0-5cfc-430b-9047-adac07e56377@group-C457AB8721D5->dab95924-0a6b-4573-a804-c369a72f7a37(c0,m0,n5, attendVote=true, lastRpcSendTime=0, lastRpcResponseTime=1889) yet, just keep nextIndex unchanged and retry.
2020-11-25 10:34:24,071 [grpc-default-executor-0] WARN  server.GrpcLogAppender (LogUtils.java:warn(122)) - 8480b9c0-5cfc-430b-9047-adac07e56377@group-C457AB8721D5->dab95924-0a6b-4573-a804-c369a72f7a37-AppendLogResponseHandler: Failed appendEntries: org.apache.ratis.thirdparty.io.grpc.StatusRuntimeException: UNAVAILABLE: io exception
2020-11-25 10:34:24,072 [grpc-default-executor-0] WARN  server.GrpcLogAppender (GrpcLogAppender.java:resetClient(107)) - 8480b9c0-5cfc-430b-9047-adac07e56377@group-C457AB8721D5->dab95924-0a6b-4573-a804-c369a72f7a37-GrpcLogAppender: Leader has not got in touch with Follower 8480b9c0-5cfc-430b-9047-adac07e56377@group-C457AB8721D5->dab95924-0a6b-4573-a804-c369a72f7a37(c0,m0,n5, attendVote=true, lastRpcSendTime=1, lastRpcResponseTime=4390) yet, just keep nextIndex unchanged and retry.
2020-11-25 10:34:24,681 [Thread-238] INFO  client.GrpcClientProtocolService (GrpcClientProtocolService.java:lambda$processClientRequest$0(289)) - Failed RaftClientRequest:client-C85A44D91A10->8480b9c0-5cfc-430b-9047-adac07e56377@group-C457AB8721D5, cid=9, seq=0, Watch-ALL_COMMITTED(2), Message:<EMPTY>, reply=RaftClientReply:client-C85A44D91A10->8480b9c0-5cfc-430b-9047-adac07e56377@group-C457AB8721D5, cid=9, FAILED org.apache.ratis.protocol.exceptions.NotReplicatedException: Request with call Id 9 and log index 2 is not yet replicated to ALL_COMMITTED, logIndex=2, commits[8480b9c0-5cfc-430b-9047-adac07e56377:c4, dab95924-0a6b-4573-a804-c369a72f7a37:c0, 764aab50-4a86-400e-87a3-bdf7204b618f:c4]
2020-11-25 10:34:24,687 [Listener at 127.0.0.1/38909] WARN  scm.XceiverClientRatis (XceiverClientRatis.java:watchForCommit(266)) - 3 way commit failed on pipeline Pipeline[ Id: 02551242-eb8a-4e1c-abb4-c457ab8721d5, Nodes: dab95924-0a6b-4573-a804-c369a72f7a37{ip: 172.17.0.2, host: 282a3b4cfeb7, networkLocation: /default-rack, certSerialId: null}764aab50-4a86-400e-87a3-bdf7204b618f{ip: 172.17.0.2, host: 282a3b4cfeb7, networkLocation: /default-rack, certSerialId: null}8480b9c0-5cfc-430b-9047-adac07e56377{ip: 172.17.0.2, host: 282a3b4cfeb7, networkLocation: /default-rack, certSerialId: null}, Type:RATIS, Factor:THREE, State:OPEN, leaderId:8480b9c0-5cfc-430b-9047-adac07e56377, CreationTimestamp2020-11-25T10:34:06.477Z]
java.util.concurrent.ExecutionException: org.apache.ratis.protocol.exceptions.NotReplicatedException: Request with call Id 9 and log index 2 is not yet replicated to ALL_COMMITTED
	at java.util.concurrent.CompletableFuture.reportGet(CompletableFuture.java:357)
	at java.util.concurrent.CompletableFuture.get(CompletableFuture.java:1908)
	at org.apache.hadoop.hdds.scm.XceiverClientRatis.watchForCommit(XceiverClientRatis.java:263)
	at org.apache.hadoop.hdds.scm.storage.CommitWatcher.watchForCommit(CommitWatcher.java:199)
	at org.apache.hadoop.hdds.scm.storage.CommitWatcher.watchOnLastIndex(CommitWatcher.java:166)
	at org.apache.hadoop.hdds.scm.storage.BlockOutputStream.watchForCommit(BlockOutputStream.java:382)
	at org.apache.hadoop.hdds.scm.storage.BlockOutputStream.handleFlush(BlockOutputStream.java:534)
	at org.apache.hadoop.hdds.scm.storage.BlockOutputStream.close(BlockOutputStream.java:548)
	at org.apache.hadoop.ozone.client.io.BlockOutputStreamEntry.close(BlockOutputStreamEntry.java:129)
	at org.apache.hadoop.ozone.client.io.KeyOutputStream.handleStreamAction(KeyOutputStream.java:497)
	at org.apache.hadoop.ozone.client.io.KeyOutputStream.handleFlushOrClose(KeyOutputStream.java:471)
	at org.apache.hadoop.ozone.client.io.KeyOutputStream.close(KeyOutputStream.java:524)
	at org.apache.hadoop.ozone.client.io.OzoneOutputStream.close(OzoneOutputStream.java:60)
	at org.apache.hadoop.ozone.client.rpc.TestDeleteWithSlowFollower.testDeleteKeyWithSlowFollower(TestDeleteWithSlowFollower.java:228)
	at sun.reflect.NativeMethodAccessorImpl.invoke0(Native Method)
	at sun.reflect.NativeMethodAccessorImpl.invoke(NativeMethodAccessorImpl.java:62)
	at sun.reflect.DelegatingMethodAccessorImpl.invoke(DelegatingMethodAccessorImpl.java:43)
	at java.lang.reflect.Method.invoke(Method.java:498)
	at org.junit.runners.model.FrameworkMethod$1.runReflectiveCall(FrameworkMethod.java:47)
	at org.junit.internal.runners.model.ReflectiveCallable.run(ReflectiveCallable.java:12)
	at org.junit.runners.model.FrameworkMethod.invokeExplosively(FrameworkMethod.java:44)
	at org.junit.internal.runners.statements.InvokeMethod.evaluate(InvokeMethod.java:17)
	at org.junit.runners.ParentRunner.runLeaf(ParentRunner.java:271)
	at org.junit.runners.BlockJUnit4ClassRunner.runChild(BlockJUnit4ClassRunner.java:70)
	at org.junit.runners.BlockJUnit4ClassRunner.runChild(BlockJUnit4ClassRunner.java:50)
	at org.junit.runners.ParentRunner$3.run(ParentRunner.java:238)
	at org.junit.runners.ParentRunner$1.schedule(ParentRunner.java:63)
	at org.junit.runners.ParentRunner.runChildren(ParentRunner.java:236)
	at org.junit.runners.ParentRunner.access$000(ParentRunner.java:53)
	at org.junit.runners.ParentRunner$2.evaluate(ParentRunner.java:229)
	at org.junit.internal.runners.statements.RunBefores.evaluate(RunBefores.java:26)
	at org.junit.internal.runners.statements.RunAfters.evaluate(RunAfters.java:27)
	at org.junit.runners.ParentRunner.run(ParentRunner.java:309)
	at org.apache.maven.surefire.junit4.JUnit4Provider.execute(JUnit4Provider.java:365)
	at org.apache.maven.surefire.junit4.JUnit4Provider.executeWithRerun(JUnit4Provider.java:273)
	at org.apache.maven.surefire.junit4.JUnit4Provider.executeTestSet(JUnit4Provider.java:238)
	at org.apache.maven.surefire.junit4.JUnit4Provider.invoke(JUnit4Provider.java:159)
	at org.apache.maven.surefire.booter.ForkedBooter.invokeProviderInSameClassLoader(ForkedBooter.java:384)
	at org.apache.maven.surefire.booter.ForkedBooter.runSuitesInProcess(ForkedBooter.java:345)
	at org.apache.maven.surefire.booter.ForkedBooter.execute(ForkedBooter.java:126)
	at org.apache.maven.surefire.booter.ForkedBooter.main(ForkedBooter.java:418)
Caused by: org.apache.ratis.protocol.exceptions.NotReplicatedException: Request with call Id 9 and log index 2 is not yet replicated to ALL_COMMITTED
	at org.apache.ratis.client.impl.ClientProtoUtils.toRaftClientReply(ClientProtoUtils.java:274)
	at org.apache.ratis.grpc.client.GrpcClientProtocolClient$AsyncStreamObservers$1.onNext(GrpcClientProtocolClient.java:274)
	at org.apache.ratis.grpc.client.GrpcClientProtocolClient$AsyncStreamObservers$1.onNext(GrpcClientProtocolClient.java:269)
	at org.apache.ratis.thirdparty.io.grpc.stub.ClientCalls$StreamObserverToCallListenerAdapter.onMessage(ClientCalls.java:440)
	at org.apache.ratis.thirdparty.io.grpc.ForwardingClientCallListener.onMessage(ForwardingClientCallListener.java:33)
	at org.apache.ratis.thirdparty.io.grpc.internal.ClientCallImpl$ClientStreamListenerImpl$1MessagesAvailable.runInternal(ClientCallImpl.java:658)
	at org.apache.ratis.thirdparty.io.grpc.internal.ClientCallImpl$ClientStreamListenerImpl$1MessagesAvailable.runInContext(ClientCallImpl.java:643)
	at org.apache.ratis.thirdparty.io.grpc.internal.ContextRunnable.run(ContextRunnable.java:37)
	at org.apache.ratis.thirdparty.io.grpc.internal.SerializingExecutor.run(SerializingExecutor.java:123)
	at java.util.concurrent.ThreadPoolExecutor.runWorker(ThreadPoolExecutor.java:1149)
	at java.util.concurrent.ThreadPoolExecutor$Worker.run(ThreadPoolExecutor.java:624)
	at java.lang.Thread.run(Thread.java:748)
2020-11-25 10:34:24,694 [Listener at 127.0.0.1/38909] INFO  scm.XceiverClientRatis (XceiverClientRatis.java:lambda$watchForCommit$6(284)) - Could not commit index 2 on pipeline Pipeline[ Id: 02551242-eb8a-4e1c-abb4-c457ab8721d5, Nodes: dab95924-0a6b-4573-a804-c369a72f7a37{ip: 172.17.0.2, host: 282a3b4cfeb7, networkLocation: /default-rack, certSerialId: null}764aab50-4a86-400e-87a3-bdf7204b618f{ip: 172.17.0.2, host: 282a3b4cfeb7, networkLocation: /default-rack, certSerialId: null}8480b9c0-5cfc-430b-9047-adac07e56377{ip: 172.17.0.2, host: 282a3b4cfeb7, networkLocation: /default-rack, certSerialId: null}, Type:RATIS, Factor:THREE, State:OPEN, leaderId:8480b9c0-5cfc-430b-9047-adac07e56377, CreationTimestamp2020-11-25T10:34:06.477Z] to all the nodes. Server dab95924-0a6b-4573-a804-c369a72f7a37 has failed. Committed by majority.
2020-11-25 10:34:24,695 [Listener at 127.0.0.1/38909] WARN  storage.BlockOutputStream (BlockOutputStream.java:watchForCommit(388)) - Failed to commit BlockId conID: 1 locID: 105270506685595648 bcsId: 2 on Pipeline[ Id: 02551242-eb8a-4e1c-abb4-c457ab8721d5, Nodes: dab95924-0a6b-4573-a804-c369a72f7a37{ip: 172.17.0.2, host: 282a3b4cfeb7, networkLocation: /default-rack, certSerialId: null}764aab50-4a86-400e-87a3-bdf7204b618f{ip: 172.17.0.2, host: 282a3b4cfeb7, networkLocation: /default-rack, certSerialId: null}8480b9c0-5cfc-430b-9047-adac07e56377{ip: 172.17.0.2, host: 282a3b4cfeb7, networkLocation: /default-rack, certSerialId: null}, Type:RATIS, Factor:THREE, State:OPEN, leaderId:8480b9c0-5cfc-430b-9047-adac07e56377, CreationTimestamp2020-11-25T10:34:06.477Z]. Failed nodes: [dab95924-0a6b-4573-a804-c369a72f7a37{ip: null, host: null, networkLocation: /default-rack, certSerialId: null}]
2020-11-25 10:34:24,709 [Listener at 127.0.0.1/38909] INFO  metrics.RatisMetrics (RatisMetrics.java:lambda$create$0(36)) - Creating Metrics Registry : ratis.client_message_metrics.client-1774353B90A3->8480b9c0-5cfc-430b-9047-adac07e56377
2020-11-25 10:34:24,721 [grpc-default-executor-0] WARN  server.GrpcLogAppender (LogUtils.java:warn(122)) - 8480b9c0-5cfc-430b-9047-adac07e56377@group-C457AB8721D5->dab95924-0a6b-4573-a804-c369a72f7a37-AppendLogResponseHandler: Failed appendEntries: org.apache.ratis.thirdparty.io.grpc.StatusRuntimeException: UNAVAILABLE: io exception
2020-11-25 10:34:24,722 [grpc-default-executor-0] WARN  server.GrpcLogAppender (GrpcLogAppender.java:resetClient(107)) - 8480b9c0-5cfc-430b-9047-adac07e56377@group-C457AB8721D5->dab95924-0a6b-4573-a804-c369a72f7a37-GrpcLogAppender: Leader has not got in touch with Follower 8480b9c0-5cfc-430b-9047-adac07e56377@group-C457AB8721D5->dab95924-0a6b-4573-a804-c369a72f7a37(c0,m0,n6, attendVote=true, lastRpcSendTime=1, lastRpcResponseTime=5041) yet, just keep nextIndex unchanged and retry.
2020-11-25 10:34:24,729 [grpc-default-executor-0] WARN  server.GrpcLogAppender (LogUtils.java:warn(122)) - 8480b9c0-5cfc-430b-9047-adac07e56377@group-C457AB8721D5->dab95924-0a6b-4573-a804-c369a72f7a37-AppendLogResponseHandler: Failed appendEntries: org.apache.ratis.thirdparty.io.grpc.StatusRuntimeException: UNAVAILABLE: io exception
2020-11-25 10:34:24,729 [grpc-default-executor-0] WARN  server.GrpcLogAppender (GrpcLogAppender.java:resetClient(107)) - 8480b9c0-5cfc-430b-9047-adac07e56377@group-C457AB8721D5->dab95924-0a6b-4573-a804-c369a72f7a37-GrpcLogAppender: Leader has not got in touch with Follower 8480b9c0-5cfc-430b-9047-adac07e56377@group-C457AB8721D5->dab95924-0a6b-4573-a804-c369a72f7a37(c0,m0,n7, attendVote=true, lastRpcSendTime=0, lastRpcResponseTime=5047) yet, just keep nextIndex unchanged and retry.
2020-11-25 10:34:24,735 [EventQueue-IncrementalContainerReportForIncrementalContainerReportHandler] WARN  container.IncrementalContainerReportHandler (AbstractContainerReportHandler.java:updateContainerState(182)) - Container #1 is in OPEN state, but the datanode 8480b9c0-5cfc-430b-9047-adac07e56377{ip: 172.17.0.2, host: 282a3b4cfeb7, networkLocation: /default-rack, certSerialId: null} reports an CLOSING replica.
2020-11-25 10:34:24,737 [RatisApplyTransactionExecutor 1] INFO  keyvalue.KeyValueContainer (KeyValueContainer.java:flushAndSyncDB(388)) - Container 1 is synced with bcsId 2.
2020-11-25 10:34:24,738 [RatisApplyTransactionExecutor 1] INFO  keyvalue.KeyValueContainer (KeyValueContainer.java:flushAndSyncDB(388)) - Container 1 is synced with bcsId 2.
2020-11-25 10:34:24,742 [EventQueue-IncrementalContainerReportForIncrementalContainerReportHandler] WARN  container.IncrementalContainerReportHandler (AbstractContainerReportHandler.java:updateContainerState(182)) - Container #1 is in OPEN state, but the datanode 764aab50-4a86-400e-87a3-bdf7204b618f{ip: 172.17.0.2, host: 282a3b4cfeb7, networkLocation: /default-rack, certSerialId: null} reports an CLOSING replica.
2020-11-25 10:34:24,743 [RatisApplyTransactionExecutor 1] INFO  keyvalue.KeyValueContainer (KeyValueContainer.java:close(326)) - Container 1 is closed with bcsId 2.
2020-11-25 10:34:24,744 [EventQueue-IncrementalContainerReportForIncrementalContainerReportHandler] WARN  container.IncrementalContainerReportHandler (AbstractContainerReportHandler.java:updateContainerState(182)) - Container #1 is in OPEN state, but the datanode 8480b9c0-5cfc-430b-9047-adac07e56377{ip: 172.17.0.2, host: 282a3b4cfeb7, networkLocation: /default-rack, certSerialId: null} reports an CLOSED replica.
2020-11-25 10:34:24,744 [RatisApplyTransactionExecutor 1] INFO  keyvalue.KeyValueContainer (KeyValueContainer.java:flushAndSyncDB(388)) - Container 1 is synced with bcsId 2.
2020-11-25 10:34:24,745 [RatisApplyTransactionExecutor 1] INFO  keyvalue.KeyValueContainer (KeyValueContainer.java:flushAndSyncDB(388)) - Container 1 is synced with bcsId 2.
2020-11-25 10:34:24,749 [RatisApplyTransactionExecutor 1] INFO  keyvalue.KeyValueContainer (KeyValueContainer.java:close(326)) - Container 1 is closed with bcsId 2.
2020-11-25 10:34:24,749 [EventQueue-IncrementalContainerReportForIncrementalContainerReportHandler] WARN  container.IncrementalContainerReportHandler (AbstractContainerReportHandler.java:updateContainerState(182)) - Container #1 is in OPEN state, but the datanode 764aab50-4a86-400e-87a3-bdf7204b618f{ip: 172.17.0.2, host: 282a3b4cfeb7, networkLocation: /default-rack, certSerialId: null} reports an CLOSED replica.
2020-11-25 10:34:24,950 [EventQueue-ContainerReportForContainerReportHandler] WARN  container.ContainerReportHandler (AbstractContainerReportHandler.java:updateContainerState(182)) - Container #1 is in OPEN state, but the datanode 764aab50-4a86-400e-87a3-bdf7204b618f{ip: 172.17.0.2, host: 282a3b4cfeb7, networkLocation: /default-rack, certSerialId: null} reports an CLOSED replica.
2020-11-25 10:34:25,000 [IPC Server handler 0 on default port 40815] INFO  block.BlockManagerImpl (BlockManagerImpl.java:deleteBlocks(300)) - Deleting blocks conID: 1 locID: 105270506685595648 bcsId: 0
2020-11-25 10:34:25,044 [EventQueue-ContainerReportForContainerReportHandler] WARN  container.ContainerReportHandler (AbstractContainerReportHandler.java:updateContainerState(182)) - Container #1 is in OPEN state, but the datanode 8480b9c0-5cfc-430b-9047-adac07e56377{ip: 172.17.0.2, host: 282a3b4cfeb7, networkLocation: /default-rack, certSerialId: null} reports an CLOSED replica.
2020-11-25 10:34:25,249 [EventQueue-ContainerReportForContainerReportHandler] WARN  container.ContainerReportHandler (AbstractContainerReportHandler.java:updateContainerState(182)) - Container #1 is in OPEN state, but the datanode 764aab50-4a86-400e-87a3-bdf7204b618f{ip: 172.17.0.2, host: 282a3b4cfeb7, networkLocation: /default-rack, certSerialId: null} reports an CLOSED replica.
2020-11-25 10:34:25,344 [EventQueue-ContainerReportForContainerReportHandler] WARN  container.ContainerReportHandler (AbstractContainerReportHandler.java:updateContainerState(182)) - Container #1 is in OPEN state, but the datanode 8480b9c0-5cfc-430b-9047-adac07e56377{ip: 172.17.0.2, host: 282a3b4cfeb7, networkLocation: /default-rack, certSerialId: null} reports an CLOSED replica.
2020-11-25 10:34:25,550 [EventQueue-ContainerReportForContainerReportHandler] WARN  container.ContainerReportHandler (AbstractContainerReportHandler.java:updateContainerState(182)) - Container #1 is in OPEN state, but the datanode 764aab50-4a86-400e-87a3-bdf7204b618f{ip: 172.17.0.2, host: 282a3b4cfeb7, networkLocation: /default-rack, certSerialId: null} reports an CLOSED replica.
2020-11-25 10:34:25,744 [EventQueue-ContainerReportForContainerReportHandler] WARN  container.ContainerReportHandler (AbstractContainerReportHandler.java:updateContainerState(182)) - Container #1 is in OPEN state, but the datanode 8480b9c0-5cfc-430b-9047-adac07e56377{ip: 172.17.0.2, host: 282a3b4cfeb7, networkLocation: /default-rack, certSerialId: null} reports an CLOSED replica.
2020-11-25 10:34:25,750 [EventQueue-ContainerReportForContainerReportHandler] WARN  container.ContainerReportHandler (AbstractContainerReportHandler.java:updateContainerState(182)) - Container #1 is in OPEN state, but the datanode 764aab50-4a86-400e-87a3-bdf7204b618f{ip: 172.17.0.2, host: 282a3b4cfeb7, networkLocation: /default-rack, certSerialId: null} reports an CLOSED replica.
2020-11-25 10:34:26,045 [EventQueue-ContainerReportForContainerReportHandler] WARN  container.ContainerReportHandler (AbstractContainerReportHandler.java:updateContainerState(182)) - Container #1 is in OPEN state, but the datanode 8480b9c0-5cfc-430b-9047-adac07e56377{ip: 172.17.0.2, host: 282a3b4cfeb7, networkLocation: /default-rack, certSerialId: null} reports an CLOSED replica.
2020-11-25 10:34:26,151 [EventQueue-ContainerReportForContainerReportHandler] WARN  container.ContainerReportHandler (AbstractContainerReportHandler.java:updateContainerState(182)) - Container #1 is in OPEN state, but the datanode 764aab50-4a86-400e-87a3-bdf7204b618f{ip: 172.17.0.2, host: 282a3b4cfeb7, networkLocation: /default-rack, certSerialId: null} reports an CLOSED replica.
2020-11-25 10:34:26,445 [EventQueue-ContainerReportForContainerReportHandler] WARN  container.ContainerReportHandler (AbstractContainerReportHandler.java:updateContainerState(182)) - Container #1 is in OPEN state, but the datanode 8480b9c0-5cfc-430b-9047-adac07e56377{ip: 172.17.0.2, host: 282a3b4cfeb7, networkLocation: /default-rack, certSerialId: null} reports an CLOSED replica.
2020-11-25 10:34:26,452 [EventQueue-ContainerReportForContainerReportHandler] WARN  container.ContainerReportHandler (AbstractContainerReportHandler.java:updateContainerState(182)) - Container #1 is in OPEN state, but the datanode 764aab50-4a86-400e-87a3-bdf7204b618f{ip: 172.17.0.2, host: 282a3b4cfeb7, networkLocation: /default-rack, certSerialId: null} reports an CLOSED replica.
2020-11-25 10:34:26,745 [EventQueue-ContainerReportForContainerReportHandler] WARN  container.ContainerReportHandler (AbstractContainerReportHandler.java:updateContainerState(182)) - Container #1 is in OPEN state, but the datanode 8480b9c0-5cfc-430b-9047-adac07e56377{ip: 172.17.0.2, host: 282a3b4cfeb7, networkLocation: /default-rack, certSerialId: null} reports an CLOSED replica.
2020-11-25 10:34:26,754 [EventQueue-ContainerReportForContainerReportHandler] WARN  container.ContainerReportHandler (AbstractContainerReportHandler.java:updateContainerState(182)) - Container #1 is in OPEN state, but the datanode 764aab50-4a86-400e-87a3-bdf7204b618f{ip: 172.17.0.2, host: 282a3b4cfeb7, networkLocation: /default-rack, certSerialId: null} reports an CLOSED replica.
2020-11-25 10:34:26,946 [EventQueue-ContainerReportForContainerReportHandler] WARN  container.ContainerReportHandler (AbstractContainerReportHandler.java:updateContainerState(182)) - Container #1 is in OPEN state, but the datanode 8480b9c0-5cfc-430b-9047-adac07e56377{ip: 172.17.0.2, host: 282a3b4cfeb7, networkLocation: /default-rack, certSerialId: null} reports an CLOSED replica.
2020-11-25 10:34:27,054 [EventQueue-ContainerReportForContainerReportHandler] WARN  container.ContainerReportHandler (AbstractContainerReportHandler.java:updateContainerState(182)) - Container #1 is in OPEN state, but the datanode 764aab50-4a86-400e-87a3-bdf7204b618f{ip: 172.17.0.2, host: 282a3b4cfeb7, networkLocation: /default-rack, certSerialId: null} reports an CLOSED replica.
2020-11-25 10:34:27,230 [grpc-default-executor-0] WARN  server.GrpcLogAppender (LogUtils.java:warn(122)) - 8480b9c0-5cfc-430b-9047-adac07e56377@group-C457AB8721D5->dab95924-0a6b-4573-a804-c369a72f7a37-AppendLogResponseHandler: Failed appendEntries: org.apache.ratis.thirdparty.io.grpc.StatusRuntimeException: UNAVAILABLE: io exception
2020-11-25 10:34:27,232 [grpc-default-executor-0] WARN  server.GrpcLogAppender (GrpcLogAppender.java:resetClient(107)) - 8480b9c0-5cfc-430b-9047-adac07e56377@group-C457AB8721D5->dab95924-0a6b-4573-a804-c369a72f7a37-GrpcLogAppender: Leader has not got in touch with Follower 8480b9c0-5cfc-430b-9047-adac07e56377@group-C457AB8721D5->dab95924-0a6b-4573-a804-c369a72f7a37(c0,m0,n7, attendVote=true, lastRpcSendTime=1, lastRpcResponseTime=7550) yet, just keep nextIndex unchanged and retry.
2020-11-25 10:34:27,346 [EventQueue-ContainerReportForContainerReportHandler] WARN  container.ContainerReportHandler (AbstractContainerReportHandler.java:updateContainerState(182)) - Container #1 is in OPEN state, but the datanode 8480b9c0-5cfc-430b-9047-adac07e56377{ip: 172.17.0.2, host: 282a3b4cfeb7, networkLocation: /default-rack, certSerialId: null} reports an CLOSED replica.
2020-11-25 10:34:27,354 [EventQueue-ContainerReportForContainerReportHandler] WARN  container.ContainerReportHandler (AbstractContainerReportHandler.java:updateContainerState(182)) - Container #1 is in OPEN state, but the datanode 764aab50-4a86-400e-87a3-bdf7204b618f{ip: 172.17.0.2, host: 282a3b4cfeb7, networkLocation: /default-rack, certSerialId: null} reports an CLOSED replica.
2020-11-25 10:34:27,554 [EventQueue-ContainerReportForContainerReportHandler] WARN  container.ContainerReportHandler (AbstractContainerReportHandler.java:updateContainerState(182)) - Container #1 is in OPEN state, but the datanode 764aab50-4a86-400e-87a3-bdf7204b618f{ip: 172.17.0.2, host: 282a3b4cfeb7, networkLocation: /default-rack, certSerialId: null} reports an CLOSED replica.
2020-11-25 10:34:27,747 [EventQueue-ContainerReportForContainerReportHandler] WARN  container.ContainerReportHandler (AbstractContainerReportHandler.java:updateContainerState(182)) - Container #1 is in OPEN state, but the datanode 8480b9c0-5cfc-430b-9047-adac07e56377{ip: 172.17.0.2, host: 282a3b4cfeb7, networkLocation: /default-rack, certSerialId: null} reports an CLOSED replica.
2020-11-25 10:34:27,855 [EventQueue-ContainerReportForContainerReportHandler] WARN  container.ContainerReportHandler (AbstractContainerReportHandler.java:updateContainerState(182)) - Container #1 is in OPEN state, but the datanode 764aab50-4a86-400e-87a3-bdf7204b618f{ip: 172.17.0.2, host: 282a3b4cfeb7, networkLocation: /default-rack, certSerialId: null} reports an CLOSED replica.
2020-11-25 10:34:28,149 [EventQueue-ContainerReportForContainerReportHandler] WARN  container.ContainerReportHandler (AbstractContainerReportHandler.java:updateContainerState(182)) - Container #1 is in OPEN state, but the datanode 8480b9c0-5cfc-430b-9047-adac07e56377{ip: 172.17.0.2, host: 282a3b4cfeb7, networkLocation: /default-rack, certSerialId: null} reports an CLOSED replica.
2020-11-25 10:34:28,255 [EventQueue-ContainerReportForContainerReportHandler] WARN  container.ContainerReportHandler (AbstractContainerReportHandler.java:updateContainerState(182)) - Container #1 is in OPEN state, but the datanode 764aab50-4a86-400e-87a3-bdf7204b618f{ip: 172.17.0.2, host: 282a3b4cfeb7, networkLocation: /default-rack, certSerialId: null} reports an CLOSED replica.
2020-11-25 10:34:28,450 [EventQueue-ContainerReportForContainerReportHandler] WARN  container.ContainerReportHandler (AbstractContainerReportHandler.java:updateContainerState(182)) - Container #1 is in OPEN state, but the datanode 8480b9c0-5cfc-430b-9047-adac07e56377{ip: 172.17.0.2, host: 282a3b4cfeb7, networkLocation: /default-rack, certSerialId: null} reports an CLOSED replica.
2020-11-25 10:34:28,555 [EventQueue-ContainerReportForContainerReportHandler] WARN  container.ContainerReportHandler (AbstractContainerReportHandler.java:updateContainerState(182)) - Container #1 is in OPEN state, but the datanode 764aab50-4a86-400e-87a3-bdf7204b618f{ip: 172.17.0.2, host: 282a3b4cfeb7, networkLocation: /default-rack, certSerialId: null} reports an CLOSED replica.
2020-11-25 10:34:28,651 [EventQueue-ContainerReportForContainerReportHandler] WARN  container.ContainerReportHandler (AbstractContainerReportHandler.java:updateContainerState(182)) - Container #1 is in OPEN state, but the datanode 8480b9c0-5cfc-430b-9047-adac07e56377{ip: 172.17.0.2, host: 282a3b4cfeb7, networkLocation: /default-rack, certSerialId: null} reports an CLOSED replica.
2020-11-25 10:34:28,855 [EventQueue-ContainerReportForContainerReportHandler] WARN  container.ContainerReportHandler (AbstractContainerReportHandler.java:updateContainerState(182)) - Container #1 is in OPEN state, but the datanode 764aab50-4a86-400e-87a3-bdf7204b618f{ip: 172.17.0.2, host: 282a3b4cfeb7, networkLocation: /default-rack, certSerialId: null} reports an CLOSED replica.
2020-11-25 10:34:29,053 [EventQueue-ContainerReportForContainerReportHandler] WARN  container.ContainerReportHandler (AbstractContainerReportHandler.java:updateContainerState(182)) - Container #1 is in OPEN state, but the datanode 8480b9c0-5cfc-430b-9047-adac07e56377{ip: 172.17.0.2, host: 282a3b4cfeb7, networkLocation: /default-rack, certSerialId: null} reports an CLOSED replica.
2020-11-25 10:34:29,156 [EventQueue-ContainerReportForContainerReportHandler] WARN  container.ContainerReportHandler (AbstractContainerReportHandler.java:updateContainerState(182)) - Container #1 is in OPEN state, but the datanode 764aab50-4a86-400e-87a3-bdf7204b618f{ip: 172.17.0.2, host: 282a3b4cfeb7, networkLocation: /default-rack, certSerialId: null} reports an CLOSED replica.
2020-11-25 10:34:29,253 [EventQueue-ContainerReportForContainerReportHandler] WARN  container.ContainerReportHandler (AbstractContainerReportHandler.java:updateContainerState(182)) - Container #1 is in OPEN state, but the datanode 8480b9c0-5cfc-430b-9047-adac07e56377{ip: 172.17.0.2, host: 282a3b4cfeb7, networkLocation: /default-rack, certSerialId: null} reports an CLOSED replica.
2020-11-25 10:34:29,456 [EventQueue-ContainerReportForContainerReportHandler] WARN  container.ContainerReportHandler (AbstractContainerReportHandler.java:updateContainerState(182)) - Container #1 is in OPEN state, but the datanode 764aab50-4a86-400e-87a3-bdf7204b618f{ip: 172.17.0.2, host: 282a3b4cfeb7, networkLocation: /default-rack, certSerialId: null} reports an CLOSED replica.
2020-11-25 10:34:29,553 [EventQueue-ContainerReportForContainerReportHandler] WARN  container.ContainerReportHandler (AbstractContainerReportHandler.java:updateContainerState(182)) - Container #1 is in OPEN state, but the datanode 8480b9c0-5cfc-430b-9047-adac07e56377{ip: 172.17.0.2, host: 282a3b4cfeb7, networkLocation: /default-rack, certSerialId: null} reports an CLOSED replica.
2020-11-25 10:34:29,731 [grpc-default-executor-0] WARN  server.GrpcLogAppender (LogUtils.java:warn(122)) - 8480b9c0-5cfc-430b-9047-adac07e56377@group-C457AB8721D5->dab95924-0a6b-4573-a804-c369a72f7a37-AppendLogResponseHandler: Failed appendEntries: org.apache.ratis.thirdparty.io.grpc.StatusRuntimeException: UNAVAILABLE: io exception
2020-11-25 10:34:29,732 [grpc-default-executor-0] WARN  server.GrpcLogAppender (GrpcLogAppender.java:resetClient(107)) - 8480b9c0-5cfc-430b-9047-adac07e56377@group-C457AB8721D5->dab95924-0a6b-4573-a804-c369a72f7a37-GrpcLogAppender: Leader has not got in touch with Follower 8480b9c0-5cfc-430b-9047-adac07e56377@group-C457AB8721D5->dab95924-0a6b-4573-a804-c369a72f7a37(c0,m0,n7, attendVote=true, lastRpcSendTime=0, lastRpcResponseTime=10050) yet, just keep nextIndex unchanged and retry.
2020-11-25 10:34:29,756 [EventQueue-ContainerReportForContainerReportHandler] WARN  container.ContainerReportHandler (AbstractContainerReportHandler.java:updateContainerState(182)) - Container #1 is in OPEN state, but the datanode 764aab50-4a86-400e-87a3-bdf7204b618f{ip: 172.17.0.2, host: 282a3b4cfeb7, networkLocation: /default-rack, certSerialId: null} reports an CLOSED replica.
2020-11-25 10:34:29,955 [EventQueue-ContainerReportForContainerReportHandler] WARN  container.ContainerReportHandler (AbstractContainerReportHandler.java:updateContainerState(182)) - Container #1 is in OPEN state, but the datanode 8480b9c0-5cfc-430b-9047-adac07e56377{ip: 172.17.0.2, host: 282a3b4cfeb7, networkLocation: /default-rack, certSerialId: null} reports an CLOSED replica.
2020-11-25 10:34:30,156 [EventQueue-ContainerReportForContainerReportHandler] WARN  container.ContainerReportHandler (AbstractContainerReportHandler.java:updateContainerState(182)) - Container #1 is in OPEN state, but the datanode 8480b9c0-5cfc-430b-9047-adac07e56377{ip: 172.17.0.2, host: 282a3b4cfeb7, networkLocation: /default-rack, certSerialId: null} reports an CLOSED replica.
2020-11-25 10:34:30,157 [EventQueue-ContainerReportForContainerReportHandler] WARN  container.ContainerReportHandler (AbstractContainerReportHandler.java:updateContainerState(182)) - Container #1 is in OPEN state, but the datanode 764aab50-4a86-400e-87a3-bdf7204b618f{ip: 172.17.0.2, host: 282a3b4cfeb7, networkLocation: /default-rack, certSerialId: null} reports an CLOSED replica.
2020-11-25 10:34:30,357 [EventQueue-ContainerReportForContainerReportHandler] WARN  container.ContainerReportHandler (AbstractContainerReportHandler.java:updateContainerState(182)) - Container #1 is in OPEN state, but the datanode 764aab50-4a86-400e-87a3-bdf7204b618f{ip: 172.17.0.2, host: 282a3b4cfeb7, networkLocation: /default-rack, certSerialId: null} reports an CLOSED replica.
2020-11-25 10:34:30,358 [EventQueue-ContainerReportForContainerReportHandler] WARN  container.ContainerReportHandler (AbstractContainerReportHandler.java:updateContainerState(182)) - Container #1 is in OPEN state, but the datanode 8480b9c0-5cfc-430b-9047-adac07e56377{ip: 172.17.0.2, host: 282a3b4cfeb7, networkLocation: /default-rack, certSerialId: null} reports an CLOSED replica.
2020-11-25 10:34:30,559 [EventQueue-ContainerReportForContainerReportHandler] WARN  container.ContainerReportHandler (AbstractContainerReportHandler.java:updateContainerState(182)) - Container #1 is in OPEN state, but the datanode 8480b9c0-5cfc-430b-9047-adac07e56377{ip: 172.17.0.2, host: 282a3b4cfeb7, networkLocation: /default-rack, certSerialId: null} reports an CLOSED replica.
2020-11-25 10:34:30,659 [EventQueue-ContainerReportForContainerReportHandler] WARN  container.ContainerReportHandler (AbstractContainerReportHandler.java:updateContainerState(182)) - Container #1 is in OPEN state, but the datanode 764aab50-4a86-400e-87a3-bdf7204b618f{ip: 172.17.0.2, host: 282a3b4cfeb7, networkLocation: /default-rack, certSerialId: null} reports an CLOSED replica.
2020-11-25 10:34:30,760 [EventQueue-ContainerReportForContainerReportHandler] WARN  container.ContainerReportHandler (AbstractContainerReportHandler.java:updateContainerState(182)) - Container #1 is in OPEN state, but the datanode 8480b9c0-5cfc-430b-9047-adac07e56377{ip: 172.17.0.2, host: 282a3b4cfeb7, networkLocation: /default-rack, certSerialId: null} reports an CLOSED replica.
2020-11-25 10:34:30,859 [EventQueue-ContainerReportForContainerReportHandler] WARN  container.ContainerReportHandler (AbstractContainerReportHandler.java:updateContainerState(182)) - Container #1 is in OPEN state, but the datanode 764aab50-4a86-400e-87a3-bdf7204b618f{ip: 172.17.0.2, host: 282a3b4cfeb7, networkLocation: /default-rack, certSerialId: null} reports an CLOSED replica.
2020-11-25 10:34:31,159 [EventQueue-ContainerReportForContainerReportHandler] WARN  container.ContainerReportHandler (AbstractContainerReportHandler.java:updateContainerState(182)) - Container #1 is in OPEN state, but the datanode 8480b9c0-5cfc-430b-9047-adac07e56377{ip: 172.17.0.2, host: 282a3b4cfeb7, networkLocation: /default-rack, certSerialId: null} reports an CLOSED replica.
2020-11-25 10:34:31,260 [EventQueue-ContainerReportForContainerReportHandler] WARN  container.ContainerReportHandler (AbstractContainerReportHandler.java:updateContainerState(182)) - Container #1 is in OPEN state, but the datanode 764aab50-4a86-400e-87a3-bdf7204b618f{ip: 172.17.0.2, host: 282a3b4cfeb7, networkLocation: /default-rack, certSerialId: null} reports an CLOSED replica.
2020-11-25 10:34:31,560 [EventQueue-ContainerReportForContainerReportHandler] WARN  container.ContainerReportHandler (AbstractContainerReportHandler.java:updateContainerState(182)) - Container #1 is in OPEN state, but the datanode 8480b9c0-5cfc-430b-9047-adac07e56377{ip: 172.17.0.2, host: 282a3b4cfeb7, networkLocation: /default-rack, certSerialId: null} reports an CLOSED replica.
2020-11-25 10:34:31,561 [EventQueue-ContainerReportForContainerReportHandler] WARN  container.ContainerReportHandler (AbstractContainerReportHandler.java:updateContainerState(182)) - Container #1 is in OPEN state, but the datanode 764aab50-4a86-400e-87a3-bdf7204b618f{ip: 172.17.0.2, host: 282a3b4cfeb7, networkLocation: /default-rack, certSerialId: null} reports an CLOSED replica.
2020-11-25 10:34:31,761 [EventQueue-ContainerReportForContainerReportHandler] WARN  container.ContainerReportHandler (AbstractContainerReportHandler.java:updateContainerState(182)) - Container #1 is in OPEN state, but the datanode 8480b9c0-5cfc-430b-9047-adac07e56377{ip: 172.17.0.2, host: 282a3b4cfeb7, networkLocation: /default-rack, certSerialId: null} reports an CLOSED replica.
2020-11-25 10:34:31,860 [EventQueue-ContainerReportForContainerReportHandler] WARN  container.ContainerReportHandler (AbstractContainerReportHandler.java:updateContainerState(182)) - Container #1 is in OPEN state, but the datanode 764aab50-4a86-400e-87a3-bdf7204b618f{ip: 172.17.0.2, host: 282a3b4cfeb7, networkLocation: /default-rack, certSerialId: null} reports an CLOSED replica.
2020-11-25 10:34:32,161 [EventQueue-ContainerReportForContainerReportHandler] WARN  container.ContainerReportHandler (AbstractContainerReportHandler.java:updateContainerState(182)) - Container #1 is in OPEN state, but the datanode 8480b9c0-5cfc-430b-9047-adac07e56377{ip: 172.17.0.2, host: 282a3b4cfeb7, networkLocation: /default-rack, certSerialId: null} reports an CLOSED replica.
2020-11-25 10:34:32,163 [EventQueue-ContainerReportForContainerReportHandler] WARN  container.ContainerReportHandler (AbstractContainerReportHandler.java:updateContainerState(182)) - Container #1 is in OPEN state, but the datanode 764aab50-4a86-400e-87a3-bdf7204b618f{ip: 172.17.0.2, host: 282a3b4cfeb7, networkLocation: /default-rack, certSerialId: null} reports an CLOSED replica.
2020-11-25 10:34:32,233 [grpc-default-executor-0] WARN  server.GrpcLogAppender (LogUtils.java:warn(122)) - 8480b9c0-5cfc-430b-9047-adac07e56377@group-C457AB8721D5->dab95924-0a6b-4573-a804-c369a72f7a37-AppendLogResponseHandler: Failed appendEntries: org.apache.ratis.thirdparty.io.grpc.StatusRuntimeException: UNAVAILABLE: io exception
2020-11-25 10:34:32,234 [grpc-default-executor-0] WARN  server.GrpcLogAppender (GrpcLogAppender.java:resetClient(107)) - 8480b9c0-5cfc-430b-9047-adac07e56377@group-C457AB8721D5->dab95924-0a6b-4573-a804-c369a72f7a37-GrpcLogAppender: Leader has not got in touch with Follower 8480b9c0-5cfc-430b-9047-adac07e56377@group-C457AB8721D5->dab95924-0a6b-4573-a804-c369a72f7a37(c0,m0,n7, attendVote=true, lastRpcSendTime=1, lastRpcResponseTime=12552) yet, just keep nextIndex unchanged and retry.
2020-11-25 10:34:32,362 [EventQueue-ContainerReportForContainerReportHandler] WARN  container.ContainerReportHandler (AbstractContainerReportHandler.java:updateContainerState(182)) - Container #1 is in OPEN state, but the datanode 8480b9c0-5cfc-430b-9047-adac07e56377{ip: 172.17.0.2, host: 282a3b4cfeb7, networkLocation: /default-rack, certSerialId: null} reports an CLOSED replica.
2020-11-25 10:34:32,462 [EventQueue-ContainerReportForContainerReportHandler] WARN  container.ContainerReportHandler (AbstractContainerReportHandler.java:updateContainerState(182)) - Container #1 is in OPEN state, but the datanode 764aab50-4a86-400e-87a3-bdf7204b618f{ip: 172.17.0.2, host: 282a3b4cfeb7, networkLocation: /default-rack, certSerialId: null} reports an CLOSED replica.
2020-11-25 10:34:32,762 [EventQueue-ContainerReportForContainerReportHandler] WARN  container.ContainerReportHandler (AbstractContainerReportHandler.java:updateContainerState(182)) - Container #1 is in OPEN state, but the datanode 8480b9c0-5cfc-430b-9047-adac07e56377{ip: 172.17.0.2, host: 282a3b4cfeb7, networkLocation: /default-rack, certSerialId: null} reports an CLOSED replica.
2020-11-25 10:34:32,862 [EventQueue-ContainerReportForContainerReportHandler] WARN  container.ContainerReportHandler (AbstractContainerReportHandler.java:updateContainerState(182)) - Container #1 is in OPEN state, but the datanode 764aab50-4a86-400e-87a3-bdf7204b618f{ip: 172.17.0.2, host: 282a3b4cfeb7, networkLocation: /default-rack, certSerialId: null} reports an CLOSED replica.
2020-11-25 10:34:32,961 [EventQueue-ContainerReportForContainerReportHandler] WARN  container.ContainerReportHandler (AbstractContainerReportHandler.java:updateContainerState(182)) - Container #1 is in OPEN state, but the datanode 8480b9c0-5cfc-430b-9047-adac07e56377{ip: 172.17.0.2, host: 282a3b4cfeb7, networkLocation: /default-rack, certSerialId: null} reports an CLOSED replica.
2020-11-25 10:34:33,262 [EventQueue-ContainerReportForContainerReportHandler] WARN  container.ContainerReportHandler (AbstractContainerReportHandler.java:updateContainerState(182)) - Container #1 is in OPEN state, but the datanode 8480b9c0-5cfc-430b-9047-adac07e56377{ip: 172.17.0.2, host: 282a3b4cfeb7, networkLocation: /default-rack, certSerialId: null} reports an CLOSED replica.
2020-11-25 10:34:33,263 [EventQueue-ContainerReportForContainerReportHandler] WARN  container.ContainerReportHandler (AbstractContainerReportHandler.java:updateContainerState(182)) - Container #1 is in OPEN state, but the datanode 764aab50-4a86-400e-87a3-bdf7204b618f{ip: 172.17.0.2, host: 282a3b4cfeb7, networkLocation: /default-rack, certSerialId: null} reports an CLOSED replica.
2020-11-25 10:34:33,463 [EventQueue-ContainerReportForContainerReportHandler] WARN  container.ContainerReportHandler (AbstractContainerReportHandler.java:updateContainerState(182)) - Container #1 is in OPEN state, but the datanode 764aab50-4a86-400e-87a3-bdf7204b618f{ip: 172.17.0.2, host: 282a3b4cfeb7, networkLocation: /default-rack, certSerialId: null} reports an CLOSED replica.
2020-11-25 10:34:33,564 [EventQueue-ContainerReportForContainerReportHandler] WARN  container.ContainerReportHandler (AbstractContainerReportHandler.java:updateContainerState(182)) - Container #1 is in OPEN state, but the datanode 8480b9c0-5cfc-430b-9047-adac07e56377{ip: 172.17.0.2, host: 282a3b4cfeb7, networkLocation: /default-rack, certSerialId: null} reports an CLOSED replica.
2020-11-25 10:34:33,765 [EventQueue-ContainerReportForContainerReportHandler] WARN  container.ContainerReportHandler (AbstractContainerReportHandler.java:updateContainerState(182)) - Container #1 is in OPEN state, but the datanode 764aab50-4a86-400e-87a3-bdf7204b618f{ip: 172.17.0.2, host: 282a3b4cfeb7, networkLocation: /default-rack, certSerialId: null} reports an CLOSED replica.
2020-11-25 10:34:33,962 [EventQueue-ContainerReportForContainerReportHandler] WARN  container.ContainerReportHandler (AbstractContainerReportHandler.java:updateContainerState(182)) - Container #1 is in OPEN state, but the datanode 8480b9c0-5cfc-430b-9047-adac07e56377{ip: 172.17.0.2, host: 282a3b4cfeb7, networkLocation: /default-rack, certSerialId: null} reports an CLOSED replica.
2020-11-25 10:34:34,166 [EventQueue-ContainerReportForContainerReportHandler] WARN  container.ContainerReportHandler (AbstractContainerReportHandler.java:updateContainerState(182)) - Container #1 is in OPEN state, but the datanode 764aab50-4a86-400e-87a3-bdf7204b618f{ip: 172.17.0.2, host: 282a3b4cfeb7, networkLocation: /default-rack, certSerialId: null} reports an CLOSED replica.
2020-11-25 10:34:34,262 [EventQueue-ContainerReportForContainerReportHandler] WARN  container.ContainerReportHandler (AbstractContainerReportHandler.java:updateContainerState(182)) - Container #1 is in OPEN state, but the datanode 8480b9c0-5cfc-430b-9047-adac07e56377{ip: 172.17.0.2, host: 282a3b4cfeb7, networkLocation: /default-rack, certSerialId: null} reports an CLOSED replica.
2020-11-25 10:34:34,365 [EventQueue-ContainerReportForContainerReportHandler] WARN  container.ContainerReportHandler (AbstractContainerReportHandler.java:updateContainerState(182)) - Container #1 is in OPEN state, but the datanode 764aab50-4a86-400e-87a3-bdf7204b618f{ip: 172.17.0.2, host: 282a3b4cfeb7, networkLocation: /default-rack, certSerialId: null} reports an CLOSED replica.
2020-11-25 10:34:34,462 [EventQueue-ContainerReportForContainerReportHandler] WARN  container.ContainerReportHandler (AbstractContainerReportHandler.java:updateContainerState(182)) - Container #1 is in OPEN state, but the datanode 8480b9c0-5cfc-430b-9047-adac07e56377{ip: 172.17.0.2, host: 282a3b4cfeb7, networkLocation: /default-rack, certSerialId: null} reports an CLOSED replica.
2020-11-25 10:34:34,734 [grpc-default-executor-0] WARN  server.GrpcLogAppender (LogUtils.java:warn(122)) - 8480b9c0-5cfc-430b-9047-adac07e56377@group-C457AB8721D5->dab95924-0a6b-4573-a804-c369a72f7a37-AppendLogResponseHandler: Failed appendEntries: org.apache.ratis.thirdparty.io.grpc.StatusRuntimeException: UNAVAILABLE: io exception
2020-11-25 10:34:34,735 [grpc-default-executor-0] WARN  server.GrpcLogAppender (GrpcLogAppender.java:resetClient(107)) - 8480b9c0-5cfc-430b-9047-adac07e56377@group-C457AB8721D5->dab95924-0a6b-4573-a804-c369a72f7a37-GrpcLogAppender: Leader has not got in touch with Follower 8480b9c0-5cfc-430b-9047-adac07e56377@group-C457AB8721D5->dab95924-0a6b-4573-a804-c369a72f7a37(c0,m0,n7, attendVote=true, lastRpcSendTime=0, lastRpcResponseTime=15053) yet, just keep nextIndex unchanged and retry.
2020-11-25 10:34:34,763 [EventQueue-ContainerReportForContainerReportHandler] WARN  container.ContainerReportHandler (AbstractContainerReportHandler.java:updateContainerState(182)) - Container #1 is in OPEN state, but the datanode 8480b9c0-5cfc-430b-9047-adac07e56377{ip: 172.17.0.2, host: 282a3b4cfeb7, networkLocation: /default-rack, certSerialId: null} reports an CLOSED replica.
2020-11-25 10:34:34,766 [EventQueue-ContainerReportForContainerReportHandler] WARN  container.ContainerReportHandler (AbstractContainerReportHandler.java:updateContainerState(182)) - Container #1 is in OPEN state, but the datanode 764aab50-4a86-400e-87a3-bdf7204b618f{ip: 172.17.0.2, host: 282a3b4cfeb7, networkLocation: /default-rack, certSerialId: null} reports an CLOSED replica.
2020-11-25 10:34:34,966 [EventQueue-ContainerReportForContainerReportHandler] WARN  container.ContainerReportHandler (AbstractContainerReportHandler.java:updateContainerState(182)) - Container #1 is in OPEN state, but the datanode 764aab50-4a86-400e-87a3-bdf7204b618f{ip: 172.17.0.2, host: 282a3b4cfeb7, networkLocation: /default-rack, certSerialId: null} reports an CLOSED replica.
2020-11-25 10:34:35,162 [EventQueue-ContainerReportForContainerReportHandler] WARN  container.ContainerReportHandler (AbstractContainerReportHandler.java:updateContainerState(182)) - Container #1 is in OPEN state, but the datanode 8480b9c0-5cfc-430b-9047-adac07e56377{ip: 172.17.0.2, host: 282a3b4cfeb7, networkLocation: /default-rack, certSerialId: null} reports an CLOSED replica.
2020-11-25 10:34:35,368 [EventQueue-ContainerReportForContainerReportHandler] WARN  container.ContainerReportHandler (AbstractContainerReportHandler.java:updateContainerState(182)) - Container #1 is in OPEN state, but the datanode 764aab50-4a86-400e-87a3-bdf7204b618f{ip: 172.17.0.2, host: 282a3b4cfeb7, networkLocation: /default-rack, certSerialId: null} reports an CLOSED replica.
2020-11-25 10:34:35,462 [EventQueue-ContainerReportForContainerReportHandler] WARN  container.ContainerReportHandler (AbstractContainerReportHandler.java:updateContainerState(182)) - Container #1 is in OPEN state, but the datanode 8480b9c0-5cfc-430b-9047-adac07e56377{ip: 172.17.0.2, host: 282a3b4cfeb7, networkLocation: /default-rack, certSerialId: null} reports an CLOSED replica.
2020-11-25 10:34:35,568 [EventQueue-ContainerReportForContainerReportHandler] WARN  container.ContainerReportHandler (AbstractContainerReportHandler.java:updateContainerState(182)) - Container #1 is in OPEN state, but the datanode 764aab50-4a86-400e-87a3-bdf7204b618f{ip: 172.17.0.2, host: 282a3b4cfeb7, networkLocation: /default-rack, certSerialId: null} reports an CLOSED replica.
2020-11-25 10:34:35,763 [EventQueue-ContainerReportForContainerReportHandler] WARN  container.ContainerReportHandler (AbstractContainerReportHandler.java:updateContainerState(182)) - Container #1 is in OPEN state, but the datanode 8480b9c0-5cfc-430b-9047-adac07e56377{ip: 172.17.0.2, host: 282a3b4cfeb7, networkLocation: /default-rack, certSerialId: null} reports an CLOSED replica.
2020-11-25 10:34:35,868 [EventQueue-ContainerReportForContainerReportHandler] WARN  container.ContainerReportHandler (AbstractContainerReportHandler.java:updateContainerState(182)) - Container #1 is in OPEN state, but the datanode 764aab50-4a86-400e-87a3-bdf7204b618f{ip: 172.17.0.2, host: 282a3b4cfeb7, networkLocation: /default-rack, certSerialId: null} reports an CLOSED replica.
2020-11-25 10:34:35,963 [EventQueue-ContainerReportForContainerReportHandler] WARN  container.ContainerReportHandler (AbstractContainerReportHandler.java:updateContainerState(182)) - Container #1 is in OPEN state, but the datanode 8480b9c0-5cfc-430b-9047-adac07e56377{ip: 172.17.0.2, host: 282a3b4cfeb7, networkLocation: /default-rack, certSerialId: null} reports an CLOSED replica.
2020-11-25 10:34:36,164 [EventQueue-ContainerReportForContainerReportHandler] WARN  container.ContainerReportHandler (AbstractContainerReportHandler.java:updateContainerState(182)) - Container #1 is in OPEN state, but the datanode 8480b9c0-5cfc-430b-9047-adac07e56377{ip: 172.17.0.2, host: 282a3b4cfeb7, networkLocation: /default-rack, certSerialId: null} reports an CLOSED replica.
2020-11-25 10:34:36,170 [EventQueue-ContainerReportForContainerReportHandler] WARN  container.ContainerReportHandler (AbstractContainerReportHandler.java:updateContainerState(182)) - Container #1 is in OPEN state, but the datanode 764aab50-4a86-400e-87a3-bdf7204b618f{ip: 172.17.0.2, host: 282a3b4cfeb7, networkLocation: /default-rack, certSerialId: null} reports an CLOSED replica.
2020-11-25 10:34:36,464 [EventQueue-ContainerReportForContainerReportHandler] WARN  container.ContainerReportHandler (AbstractContainerReportHandler.java:updateContainerState(182)) - Container #1 is in OPEN state, but the datanode 8480b9c0-5cfc-430b-9047-adac07e56377{ip: 172.17.0.2, host: 282a3b4cfeb7, networkLocation: /default-rack, certSerialId: null} reports an CLOSED replica.
2020-11-25 10:34:36,569 [EventQueue-ContainerReportForContainerReportHandler] WARN  container.ContainerReportHandler (AbstractContainerReportHandler.java:updateContainerState(182)) - Container #1 is in OPEN state, but the datanode 764aab50-4a86-400e-87a3-bdf7204b618f{ip: 172.17.0.2, host: 282a3b4cfeb7, networkLocation: /default-rack, certSerialId: null} reports an CLOSED replica.
2020-11-25 10:34:36,764 [EventQueue-ContainerReportForContainerReportHandler] WARN  container.ContainerReportHandler (AbstractContainerReportHandler.java:updateContainerState(182)) - Container #1 is in OPEN state, but the datanode 8480b9c0-5cfc-430b-9047-adac07e56377{ip: 172.17.0.2, host: 282a3b4cfeb7, networkLocation: /default-rack, certSerialId: null} reports an CLOSED replica.
2020-11-25 10:34:36,770 [EventQueue-ContainerReportForContainerReportHandler] WARN  container.ContainerReportHandler (AbstractContainerReportHandler.java:updateContainerState(182)) - Container #1 is in OPEN state, but the datanode 764aab50-4a86-400e-87a3-bdf7204b618f{ip: 172.17.0.2, host: 282a3b4cfeb7, networkLocation: /default-rack, certSerialId: null} reports an CLOSED replica.
2020-11-25 10:34:36,969 [EventQueue-ContainerReportForContainerReportHandler] WARN  container.ContainerReportHandler (AbstractContainerReportHandler.java:updateContainerState(182)) - Container #1 is in OPEN state, but the datanode 764aab50-4a86-400e-87a3-bdf7204b618f{ip: 172.17.0.2, host: 282a3b4cfeb7, networkLocation: /default-rack, certSerialId: null} reports an CLOSED replica.
2020-11-25 10:34:37,065 [EventQueue-ContainerReportForContainerReportHandler] WARN  container.ContainerReportHandler (AbstractContainerReportHandler.java:updateContainerState(182)) - Container #1 is in OPEN state, but the datanode 8480b9c0-5cfc-430b-9047-adac07e56377{ip: 172.17.0.2, host: 282a3b4cfeb7, networkLocation: /default-rack, certSerialId: null} reports an CLOSED replica.
2020-11-25 10:34:37,234 [grpc-default-executor-0] WARN  server.GrpcLogAppender (LogUtils.java:warn(122)) - 8480b9c0-5cfc-430b-9047-adac07e56377@group-C457AB8721D5->dab95924-0a6b-4573-a804-c369a72f7a37-AppendLogResponseHandler: Failed appendEntries: org.apache.ratis.thirdparty.io.grpc.StatusRuntimeException: UNAVAILABLE: io exception
2020-11-25 10:34:37,235 [grpc-default-executor-0] WARN  server.GrpcLogAppender (GrpcLogAppender.java:resetClient(107)) - 8480b9c0-5cfc-430b-9047-adac07e56377@group-C457AB8721D5->dab95924-0a6b-4573-a804-c369a72f7a37-GrpcLogAppender: Leader has not got in touch with Follower 8480b9c0-5cfc-430b-9047-adac07e56377@group-C457AB8721D5->dab95924-0a6b-4573-a804-c369a72f7a37(c0,m0,n7, attendVote=true, lastRpcSendTime=0, lastRpcResponseTime=17553) yet, just keep nextIndex unchanged and retry.
2020-11-25 10:34:37,270 [EventQueue-ContainerReportForContainerReportHandler] WARN  container.ContainerReportHandler (AbstractContainerReportHandler.java:updateContainerState(182)) - Container #1 is in OPEN state, but the datanode 764aab50-4a86-400e-87a3-bdf7204b618f{ip: 172.17.0.2, host: 282a3b4cfeb7, networkLocation: /default-rack, certSerialId: null} reports an CLOSED replica.
2020-11-25 10:34:37,364 [EventQueue-ContainerReportForContainerReportHandler] WARN  container.ContainerReportHandler (AbstractContainerReportHandler.java:updateContainerState(182)) - Container #1 is in OPEN state, but the datanode 8480b9c0-5cfc-430b-9047-adac07e56377{ip: 172.17.0.2, host: 282a3b4cfeb7, networkLocation: /default-rack, certSerialId: null} reports an CLOSED replica.
2020-11-25 10:34:37,469 [EventQueue-ContainerReportForContainerReportHandler] WARN  container.ContainerReportHandler (AbstractContainerReportHandler.java:updateContainerState(182)) - Container #1 is in OPEN state, but the datanode 764aab50-4a86-400e-87a3-bdf7204b618f{ip: 172.17.0.2, host: 282a3b4cfeb7, networkLocation: /default-rack, certSerialId: null} reports an CLOSED replica.
2020-11-25 10:34:37,766 [EventQueue-ContainerReportForContainerReportHandler] WARN  container.ContainerReportHandler (AbstractContainerReportHandler.java:updateContainerState(182)) - Container #1 is in OPEN state, but the datanode 8480b9c0-5cfc-430b-9047-adac07e56377{ip: 172.17.0.2, host: 282a3b4cfeb7, networkLocation: /default-rack, certSerialId: null} reports an CLOSED replica.
2020-11-25 10:34:37,869 [EventQueue-ContainerReportForContainerReportHandler] WARN  container.ContainerReportHandler (AbstractContainerReportHandler.java:updateContainerState(182)) - Container #1 is in OPEN state, but the datanode 764aab50-4a86-400e-87a3-bdf7204b618f{ip: 172.17.0.2, host: 282a3b4cfeb7, networkLocation: /default-rack, certSerialId: null} reports an CLOSED replica.
2020-11-25 10:34:38,066 [EventQueue-ContainerReportForContainerReportHandler] WARN  container.ContainerReportHandler (AbstractContainerReportHandler.java:updateContainerState(182)) - Container #1 is in OPEN state, but the datanode 8480b9c0-5cfc-430b-9047-adac07e56377{ip: 172.17.0.2, host: 282a3b4cfeb7, networkLocation: /default-rack, certSerialId: null} reports an CLOSED replica.
2020-11-25 10:34:38,070 [EventQueue-ContainerReportForContainerReportHandler] WARN  container.ContainerReportHandler (AbstractContainerReportHandler.java:updateContainerState(182)) - Container #1 is in OPEN state, but the datanode 764aab50-4a86-400e-87a3-bdf7204b618f{ip: 172.17.0.2, host: 282a3b4cfeb7, networkLocation: /default-rack, certSerialId: null} reports an CLOSED replica.
2020-11-25 10:34:38,366 [EventQueue-ContainerReportForContainerReportHandler] WARN  container.ContainerReportHandler (AbstractContainerReportHandler.java:updateContainerState(182)) - Container #1 is in OPEN state, but the datanode 8480b9c0-5cfc-430b-9047-adac07e56377{ip: 172.17.0.2, host: 282a3b4cfeb7, networkLocation: /default-rack, certSerialId: null} reports an CLOSED replica.
2020-11-25 10:34:38,372 [EventQueue-ContainerReportForContainerReportHandler] WARN  container.ContainerReportHandler (AbstractContainerReportHandler.java:updateContainerState(182)) - Container #1 is in OPEN state, but the datanode 764aab50-4a86-400e-87a3-bdf7204b618f{ip: 172.17.0.2, host: 282a3b4cfeb7, networkLocation: /default-rack, certSerialId: null} reports an CLOSED replica.
2020-11-25 10:34:38,666 [EventQueue-ContainerReportForContainerReportHandler] WARN  container.ContainerReportHandler (AbstractContainerReportHandler.java:updateContainerState(182)) - Container #1 is in OPEN state, but the datanode 8480b9c0-5cfc-430b-9047-adac07e56377{ip: 172.17.0.2, host: 282a3b4cfeb7, networkLocation: /default-rack, certSerialId: null} reports an CLOSED replica.
2020-11-25 10:34:38,672 [EventQueue-ContainerReportForContainerReportHandler] WARN  container.ContainerReportHandler (AbstractContainerReportHandler.java:updateContainerState(182)) - Container #1 is in OPEN state, but the datanode 764aab50-4a86-400e-87a3-bdf7204b618f{ip: 172.17.0.2, host: 282a3b4cfeb7, networkLocation: /default-rack, certSerialId: null} reports an CLOSED replica.
2020-11-25 10:34:38,966 [EventQueue-ContainerReportForContainerReportHandler] WARN  container.ContainerReportHandler (AbstractContainerReportHandler.java:updateContainerState(182)) - Container #1 is in OPEN state, but the datanode 8480b9c0-5cfc-430b-9047-adac07e56377{ip: 172.17.0.2, host: 282a3b4cfeb7, networkLocation: /default-rack, certSerialId: null} reports an CLOSED replica.
2020-11-25 10:34:38,973 [EventQueue-ContainerReportForContainerReportHandler] WARN  container.ContainerReportHandler (AbstractContainerReportHandler.java:updateContainerState(182)) - Container #1 is in OPEN state, but the datanode 764aab50-4a86-400e-87a3-bdf7204b618f{ip: 172.17.0.2, host: 282a3b4cfeb7, networkLocation: /default-rack, certSerialId: null} reports an CLOSED replica.
2020-11-25 10:34:39,174 [EventQueue-ContainerReportForContainerReportHandler] WARN  container.ContainerReportHandler (AbstractContainerReportHandler.java:updateContainerState(182)) - Container #1 is in OPEN state, but the datanode 764aab50-4a86-400e-87a3-bdf7204b618f{ip: 172.17.0.2, host: 282a3b4cfeb7, networkLocation: /default-rack, certSerialId: null} reports an CLOSED replica.
2020-11-25 10:34:39,368 [EventQueue-ContainerReportForContainerReportHandler] WARN  container.ContainerReportHandler (AbstractContainerReportHandler.java:updateContainerState(182)) - Container #1 is in OPEN state, but the datanode 8480b9c0-5cfc-430b-9047-adac07e56377{ip: 172.17.0.2, host: 282a3b4cfeb7, networkLocation: /default-rack, certSerialId: null} reports an CLOSED replica.
2020-11-25 10:34:39,575 [EventQueue-ContainerReportForContainerReportHandler] WARN  container.ContainerReportHandler (AbstractContainerReportHandler.java:updateContainerState(182)) - Container #1 is in OPEN state, but the datanode 764aab50-4a86-400e-87a3-bdf7204b618f{ip: 172.17.0.2, host: 282a3b4cfeb7, networkLocation: /default-rack, certSerialId: null} reports an CLOSED replica.
2020-11-25 10:34:39,669 [EventQueue-ContainerReportForContainerReportHandler] WARN  container.ContainerReportHandler (AbstractContainerReportHandler.java:updateContainerState(182)) - Container #1 is in OPEN state, but the datanode 8480b9c0-5cfc-430b-9047-adac07e56377{ip: 172.17.0.2, host: 282a3b4cfeb7, networkLocation: /default-rack, certSerialId: null} reports an CLOSED replica.
2020-11-25 10:34:39,735 [grpc-default-executor-0] WARN  server.GrpcLogAppender (LogUtils.java:warn(122)) - 8480b9c0-5cfc-430b-9047-adac07e56377@group-C457AB8721D5->dab95924-0a6b-4573-a804-c369a72f7a37-AppendLogResponseHandler: Failed appendEntries: org.apache.ratis.thirdparty.io.grpc.StatusRuntimeException: UNAVAILABLE: io exception
2020-11-25 10:34:39,736 [grpc-default-executor-0] WARN  server.GrpcLogAppender (GrpcLogAppender.java:resetClient(107)) - 8480b9c0-5cfc-430b-9047-adac07e56377@group-C457AB8721D5->dab95924-0a6b-4573-a804-c369a72f7a37-GrpcLogAppender: Leader has not got in touch with Follower 8480b9c0-5cfc-430b-9047-adac07e56377@group-C457AB8721D5->dab95924-0a6b-4573-a804-c369a72f7a37(c0,m0,n7, attendVote=true, lastRpcSendTime=0, lastRpcResponseTime=20054) yet, just keep nextIndex unchanged and retry.
2020-11-25 10:34:39,875 [EventQueue-ContainerReportForContainerReportHandler] WARN  container.ContainerReportHandler (AbstractContainerReportHandler.java:updateContainerState(182)) - Container #1 is in OPEN state, but the datanode 764aab50-4a86-400e-87a3-bdf7204b618f{ip: 172.17.0.2, host: 282a3b4cfeb7, networkLocation: /default-rack, certSerialId: null} reports an CLOSED replica.
2020-11-25 10:34:39,969 [EventQueue-ContainerReportForContainerReportHandler] WARN  container.ContainerReportHandler (AbstractContainerReportHandler.java:updateContainerState(182)) - Container #1 is in OPEN state, but the datanode 8480b9c0-5cfc-430b-9047-adac07e56377{ip: 172.17.0.2, host: 282a3b4cfeb7, networkLocation: /default-rack, certSerialId: null} reports an CLOSED replica.
2020-11-25 10:34:40,075 [EventQueue-ContainerReportForContainerReportHandler] WARN  container.ContainerReportHandler (AbstractContainerReportHandler.java:updateContainerState(182)) - Container #1 is in OPEN state, but the datanode 764aab50-4a86-400e-87a3-bdf7204b618f{ip: 172.17.0.2, host: 282a3b4cfeb7, networkLocation: /default-rack, certSerialId: null} reports an CLOSED replica.
2020-11-25 10:34:40,270 [EventQueue-ContainerReportForContainerReportHandler] WARN  container.ContainerReportHandler (AbstractContainerReportHandler.java:updateContainerState(182)) - Container #1 is in OPEN state, but the datanode 8480b9c0-5cfc-430b-9047-adac07e56377{ip: 172.17.0.2, host: 282a3b4cfeb7, networkLocation: /default-rack, certSerialId: null} reports an CLOSED replica.
2020-11-25 10:34:40,375 [EventQueue-ContainerReportForContainerReportHandler] WARN  container.ContainerReportHandler (AbstractContainerReportHandler.java:updateContainerState(182)) - Container #1 is in OPEN state, but the datanode 764aab50-4a86-400e-87a3-bdf7204b618f{ip: 172.17.0.2, host: 282a3b4cfeb7, networkLocation: /default-rack, certSerialId: null} reports an CLOSED replica.
2020-11-25 10:34:40,570 [EventQueue-ContainerReportForContainerReportHandler] WARN  container.ContainerReportHandler (AbstractContainerReportHandler.java:updateContainerState(182)) - Container #1 is in OPEN state, but the datanode 8480b9c0-5cfc-430b-9047-adac07e56377{ip: 172.17.0.2, host: 282a3b4cfeb7, networkLocation: /default-rack, certSerialId: null} reports an CLOSED replica.
2020-11-25 10:34:40,676 [EventQueue-ContainerReportForContainerReportHandler] WARN  container.ContainerReportHandler (AbstractContainerReportHandler.java:updateContainerState(182)) - Container #1 is in OPEN state, but the datanode 764aab50-4a86-400e-87a3-bdf7204b618f{ip: 172.17.0.2, host: 282a3b4cfeb7, networkLocation: /default-rack, certSerialId: null} reports an CLOSED replica.
2020-11-25 10:34:40,871 [EventQueue-ContainerReportForContainerReportHandler] WARN  container.ContainerReportHandler (AbstractContainerReportHandler.java:updateContainerState(182)) - Container #1 is in OPEN state, but the datanode 8480b9c0-5cfc-430b-9047-adac07e56377{ip: 172.17.0.2, host: 282a3b4cfeb7, networkLocation: /default-rack, certSerialId: null} reports an CLOSED replica.
2020-11-25 10:34:40,877 [EventQueue-ContainerReportForContainerReportHandler] WARN  container.ContainerReportHandler (AbstractContainerReportHandler.java:updateContainerState(182)) - Container #1 is in OPEN state, but the datanode 764aab50-4a86-400e-87a3-bdf7204b618f{ip: 172.17.0.2, host: 282a3b4cfeb7, networkLocation: /default-rack, certSerialId: null} reports an CLOSED replica.
2020-11-25 10:34:41,171 [EventQueue-ContainerReportForContainerReportHandler] WARN  container.ContainerReportHandler (AbstractContainerReportHandler.java:updateContainerState(182)) - Container #1 is in OPEN state, but the datanode 8480b9c0-5cfc-430b-9047-adac07e56377{ip: 172.17.0.2, host: 282a3b4cfeb7, networkLocation: /default-rack, certSerialId: null} reports an CLOSED replica.
2020-11-25 10:34:41,177 [EventQueue-ContainerReportForContainerReportHandler] WARN  container.ContainerReportHandler (AbstractContainerReportHandler.java:updateContainerState(182)) - Container #1 is in OPEN state, but the datanode 764aab50-4a86-400e-87a3-bdf7204b618f{ip: 172.17.0.2, host: 282a3b4cfeb7, networkLocation: /default-rack, certSerialId: null} reports an CLOSED replica.
2020-11-25 10:34:41,373 [EventQueue-ContainerReportForContainerReportHandler] WARN  container.ContainerReportHandler (AbstractContainerReportHandler.java:updateContainerState(182)) - Container #1 is in OPEN state, but the datanode 8480b9c0-5cfc-430b-9047-adac07e56377{ip: 172.17.0.2, host: 282a3b4cfeb7, networkLocation: /default-rack, certSerialId: null} reports an CLOSED replica.
2020-11-25 10:34:41,478 [EventQueue-ContainerReportForContainerReportHandler] WARN  container.ContainerReportHandler (AbstractContainerReportHandler.java:updateContainerState(182)) - Container #1 is in OPEN state, but the datanode 764aab50-4a86-400e-87a3-bdf7204b618f{ip: 172.17.0.2, host: 282a3b4cfeb7, networkLocation: /default-rack, certSerialId: null} reports an CLOSED replica.
2020-11-25 10:34:41,672 [EventQueue-ContainerReportForContainerReportHandler] WARN  container.ContainerReportHandler (AbstractContainerReportHandler.java:updateContainerState(182)) - Container #1 is in OPEN state, but the datanode 8480b9c0-5cfc-430b-9047-adac07e56377{ip: 172.17.0.2, host: 282a3b4cfeb7, networkLocation: /default-rack, certSerialId: null} reports an CLOSED replica.
2020-11-25 10:34:41,879 [EventQueue-ContainerReportForContainerReportHandler] WARN  container.ContainerReportHandler (AbstractContainerReportHandler.java:updateContainerState(182)) - Container #1 is in OPEN state, but the datanode 764aab50-4a86-400e-87a3-bdf7204b618f{ip: 172.17.0.2, host: 282a3b4cfeb7, networkLocation: /default-rack, certSerialId: null} reports an CLOSED replica.
2020-11-25 10:34:41,973 [EventQueue-ContainerReportForContainerReportHandler] WARN  container.ContainerReportHandler (AbstractContainerReportHandler.java:updateContainerState(182)) - Container #1 is in OPEN state, but the datanode 8480b9c0-5cfc-430b-9047-adac07e56377{ip: 172.17.0.2, host: 282a3b4cfeb7, networkLocation: /default-rack, certSerialId: null} reports an CLOSED replica.
2020-11-25 10:34:42,178 [EventQueue-ContainerReportForContainerReportHandler] WARN  container.ContainerReportHandler (AbstractContainerReportHandler.java:updateContainerState(182)) - Container #1 is in OPEN state, but the datanode 764aab50-4a86-400e-87a3-bdf7204b618f{ip: 172.17.0.2, host: 282a3b4cfeb7, networkLocation: /default-rack, certSerialId: null} reports an CLOSED replica.
2020-11-25 10:34:42,237 [grpc-default-executor-0] WARN  server.GrpcLogAppender (LogUtils.java:warn(122)) - 8480b9c0-5cfc-430b-9047-adac07e56377@group-C457AB8721D5->dab95924-0a6b-4573-a804-c369a72f7a37-AppendLogResponseHandler: Failed appendEntries: org.apache.ratis.thirdparty.io.grpc.StatusRuntimeException: UNAVAILABLE: io exception
2020-11-25 10:34:42,238 [grpc-default-executor-0] WARN  server.GrpcLogAppender (GrpcLogAppender.java:resetClient(107)) - 8480b9c0-5cfc-430b-9047-adac07e56377@group-C457AB8721D5->dab95924-0a6b-4573-a804-c369a72f7a37-GrpcLogAppender: Leader has not got in touch with Follower 8480b9c0-5cfc-430b-9047-adac07e56377@group-C457AB8721D5->dab95924-0a6b-4573-a804-c369a72f7a37(c0,m0,n7, attendVote=true, lastRpcSendTime=1, lastRpcResponseTime=22556) yet, just keep nextIndex unchanged and retry.
2020-11-25 10:34:42,373 [EventQueue-ContainerReportForContainerReportHandler] WARN  container.ContainerReportHandler (AbstractContainerReportHandler.java:updateContainerState(182)) - Container #1 is in OPEN state, but the datanode 8480b9c0-5cfc-430b-9047-adac07e56377{ip: 172.17.0.2, host: 282a3b4cfeb7, networkLocation: /default-rack, certSerialId: null} reports an CLOSED replica.
2020-11-25 10:34:42,478 [EventQueue-ContainerReportForContainerReportHandler] WARN  container.ContainerReportHandler (AbstractContainerReportHandler.java:updateContainerState(182)) - Container #1 is in OPEN state, but the datanode 764aab50-4a86-400e-87a3-bdf7204b618f{ip: 172.17.0.2, host: 282a3b4cfeb7, networkLocation: /default-rack, certSerialId: null} reports an CLOSED replica.
2020-11-25 10:34:42,573 [EventQueue-ContainerReportForContainerReportHandler] WARN  container.ContainerReportHandler (AbstractContainerReportHandler.java:updateContainerState(182)) - Container #1 is in OPEN state, but the datanode 8480b9c0-5cfc-430b-9047-adac07e56377{ip: 172.17.0.2, host: 282a3b4cfeb7, networkLocation: /default-rack, certSerialId: null} reports an CLOSED replica.
2020-11-25 10:34:42,873 [EventQueue-ContainerReportForContainerReportHandler] WARN  container.ContainerReportHandler (AbstractContainerReportHandler.java:updateContainerState(182)) - Container #1 is in OPEN state, but the datanode 8480b9c0-5cfc-430b-9047-adac07e56377{ip: 172.17.0.2, host: 282a3b4cfeb7, networkLocation: /default-rack, certSerialId: null} reports an CLOSED replica.
2020-11-25 10:34:42,878 [EventQueue-ContainerReportForContainerReportHandler] WARN  container.ContainerReportHandler (AbstractContainerReportHandler.java:updateContainerState(182)) - Container #1 is in OPEN state, but the datanode 764aab50-4a86-400e-87a3-bdf7204b618f{ip: 172.17.0.2, host: 282a3b4cfeb7, networkLocation: /default-rack, certSerialId: null} reports an CLOSED replica.
2020-11-25 10:34:43,180 [EventQueue-ContainerReportForContainerReportHandler] WARN  container.ContainerReportHandler (AbstractContainerReportHandler.java:updateContainerState(182)) - Container #1 is in OPEN state, but the datanode 764aab50-4a86-400e-87a3-bdf7204b618f{ip: 172.17.0.2, host: 282a3b4cfeb7, networkLocation: /default-rack, certSerialId: null} reports an CLOSED replica.
2020-11-25 10:34:43,273 [EventQueue-ContainerReportForContainerReportHandler] WARN  container.ContainerReportHandler (AbstractContainerReportHandler.java:updateContainerState(182)) - Container #1 is in OPEN state, but the datanode 8480b9c0-5cfc-430b-9047-adac07e56377{ip: 172.17.0.2, host: 282a3b4cfeb7, networkLocation: /default-rack, certSerialId: null} reports an CLOSED replica.
2020-11-25 10:34:43,573 [EventQueue-ContainerReportForContainerReportHandler] WARN  container.ContainerReportHandler (AbstractContainerReportHandler.java:updateContainerState(182)) - Container #1 is in OPEN state, but the datanode 8480b9c0-5cfc-430b-9047-adac07e56377{ip: 172.17.0.2, host: 282a3b4cfeb7, networkLocation: /default-rack, certSerialId: null} reports an CLOSED replica.
2020-11-25 10:34:43,581 [EventQueue-ContainerReportForContainerReportHandler] WARN  container.ContainerReportHandler (AbstractContainerReportHandler.java:updateContainerState(182)) - Container #1 is in OPEN state, but the datanode 764aab50-4a86-400e-87a3-bdf7204b618f{ip: 172.17.0.2, host: 282a3b4cfeb7, networkLocation: /default-rack, certSerialId: null} reports an CLOSED replica.
2020-11-25 10:34:43,874 [EventQueue-ContainerReportForContainerReportHandler] WARN  container.ContainerReportHandler (AbstractContainerReportHandler.java:updateContainerState(182)) - Container #1 is in OPEN state, but the datanode 8480b9c0-5cfc-430b-9047-adac07e56377{ip: 172.17.0.2, host: 282a3b4cfeb7, networkLocation: /default-rack, certSerialId: null} reports an CLOSED replica.
2020-11-25 10:34:43,880 [EventQueue-ContainerReportForContainerReportHandler] WARN  container.ContainerReportHandler (AbstractContainerReportHandler.java:updateContainerState(182)) - Container #1 is in OPEN state, but the datanode 764aab50-4a86-400e-87a3-bdf7204b618f{ip: 172.17.0.2, host: 282a3b4cfeb7, networkLocation: /default-rack, certSerialId: null} reports an CLOSED replica.
2020-11-25 10:34:44,080 [EventQueue-ContainerReportForContainerReportHandler] WARN  container.ContainerReportHandler (AbstractContainerReportHandler.java:updateContainerState(182)) - Container #1 is in OPEN state, but the datanode 764aab50-4a86-400e-87a3-bdf7204b618f{ip: 172.17.0.2, host: 282a3b4cfeb7, networkLocation: /default-rack, certSerialId: null} reports an CLOSED replica.
2020-11-25 10:34:44,274 [EventQueue-ContainerReportForContainerReportHandler] WARN  container.ContainerReportHandler (AbstractContainerReportHandler.java:updateContainerState(182)) - Container #1 is in OPEN state, but the datanode 8480b9c0-5cfc-430b-9047-adac07e56377{ip: 172.17.0.2, host: 282a3b4cfeb7, networkLocation: /default-rack, certSerialId: null} reports an CLOSED replica.
2020-11-25 10:34:44,381 [EventQueue-ContainerReportForContainerReportHandler] WARN  container.ContainerReportHandler (AbstractContainerReportHandler.java:updateContainerState(182)) - Container #1 is in OPEN state, but the datanode 764aab50-4a86-400e-87a3-bdf7204b618f{ip: 172.17.0.2, host: 282a3b4cfeb7, networkLocation: /default-rack, certSerialId: null} reports an CLOSED replica.
2020-11-25 10:34:44,674 [EventQueue-ContainerReportForContainerReportHandler] WARN  container.ContainerReportHandler (AbstractContainerReportHandler.java:updateContainerState(182)) - Container #1 is in OPEN state, but the datanode 8480b9c0-5cfc-430b-9047-adac07e56377{ip: 172.17.0.2, host: 282a3b4cfeb7, networkLocation: /default-rack, certSerialId: null} reports an CLOSED replica.
2020-11-25 10:34:44,738 [grpc-default-executor-0] WARN  server.GrpcLogAppender (LogUtils.java:warn(122)) - 8480b9c0-5cfc-430b-9047-adac07e56377@group-C457AB8721D5->dab95924-0a6b-4573-a804-c369a72f7a37-AppendLogResponseHandler: Failed appendEntries: org.apache.ratis.thirdparty.io.grpc.StatusRuntimeException: UNAVAILABLE: io exception
2020-11-25 10:34:44,739 [grpc-default-executor-0] WARN  server.GrpcLogAppender (GrpcLogAppender.java:resetClient(107)) - 8480b9c0-5cfc-430b-9047-adac07e56377@group-C457AB8721D5->dab95924-0a6b-4573-a804-c369a72f7a37-GrpcLogAppender: Leader has not got in touch with Follower 8480b9c0-5cfc-430b-9047-adac07e56377@group-C457AB8721D5->dab95924-0a6b-4573-a804-c369a72f7a37(c0,m0,n7, attendVote=true, lastRpcSendTime=1, lastRpcResponseTime=25057) yet, just keep nextIndex unchanged and retry.
2020-11-25 10:34:44,781 [EventQueue-ContainerReportForContainerReportHandler] WARN  container.ContainerReportHandler (AbstractContainerReportHandler.java:updateContainerState(182)) - Container #1 is in OPEN state, but the datanode 764aab50-4a86-400e-87a3-bdf7204b618f{ip: 172.17.0.2, host: 282a3b4cfeb7, networkLocation: /default-rack, certSerialId: null} reports an CLOSED replica.
2020-11-25 10:34:44,875 [EventQueue-ContainerReportForContainerReportHandler] WARN  container.ContainerReportHandler (AbstractContainerReportHandler.java:updateContainerState(182)) - Container #1 is in OPEN state, but the datanode 8480b9c0-5cfc-430b-9047-adac07e56377{ip: 172.17.0.2, host: 282a3b4cfeb7, networkLocation: /default-rack, certSerialId: null} reports an CLOSED replica.
2020-11-25 10:34:44,981 [EventQueue-ContainerReportForContainerReportHandler] WARN  container.ContainerReportHandler (AbstractContainerReportHandler.java:updateContainerState(182)) - Container #1 is in OPEN state, but the datanode 764aab50-4a86-400e-87a3-bdf7204b618f{ip: 172.17.0.2, host: 282a3b4cfeb7, networkLocation: /default-rack, certSerialId: null} reports an CLOSED replica.
2020-11-25 10:34:45,275 [EventQueue-ContainerReportForContainerReportHandler] WARN  container.ContainerReportHandler (AbstractContainerReportHandler.java:updateContainerState(182)) - Container #1 is in OPEN state, but the datanode 8480b9c0-5cfc-430b-9047-adac07e56377{ip: 172.17.0.2, host: 282a3b4cfeb7, networkLocation: /default-rack, certSerialId: null} reports an CLOSED replica.
2020-11-25 10:34:45,282 [EventQueue-ContainerReportForContainerReportHandler] WARN  container.ContainerReportHandler (AbstractContainerReportHandler.java:updateContainerState(182)) - Container #1 is in OPEN state, but the datanode 764aab50-4a86-400e-87a3-bdf7204b618f{ip: 172.17.0.2, host: 282a3b4cfeb7, networkLocation: /default-rack, certSerialId: null} reports an CLOSED replica.
2020-11-25 10:34:45,483 [EventQueue-ContainerReportForContainerReportHandler] WARN  container.ContainerReportHandler (AbstractContainerReportHandler.java:updateContainerState(182)) - Container #1 is in OPEN state, but the datanode 764aab50-4a86-400e-87a3-bdf7204b618f{ip: 172.17.0.2, host: 282a3b4cfeb7, networkLocation: /default-rack, certSerialId: null} reports an CLOSED replica.
2020-11-25 10:34:45,576 [EventQueue-ContainerReportForContainerReportHandler] WARN  container.ContainerReportHandler (AbstractContainerReportHandler.java:updateContainerState(182)) - Container #1 is in OPEN state, but the datanode 8480b9c0-5cfc-430b-9047-adac07e56377{ip: 172.17.0.2, host: 282a3b4cfeb7, networkLocation: /default-rack, certSerialId: null} reports an CLOSED replica.
2020-11-25 10:34:45,884 [EventQueue-ContainerReportForContainerReportHandler] WARN  container.ContainerReportHandler (AbstractContainerReportHandler.java:updateContainerState(182)) - Container #1 is in OPEN state, but the datanode 764aab50-4a86-400e-87a3-bdf7204b618f{ip: 172.17.0.2, host: 282a3b4cfeb7, networkLocation: /default-rack, certSerialId: null} reports an CLOSED replica.
2020-11-25 10:34:45,976 [EventQueue-ContainerReportForContainerReportHandler] WARN  container.ContainerReportHandler (AbstractContainerReportHandler.java:updateContainerState(182)) - Container #1 is in OPEN state, but the datanode 8480b9c0-5cfc-430b-9047-adac07e56377{ip: 172.17.0.2, host: 282a3b4cfeb7, networkLocation: /default-rack, certSerialId: null} reports an CLOSED replica.
2020-11-25 10:34:46,183 [EventQueue-ContainerReportForContainerReportHandler] WARN  container.ContainerReportHandler (AbstractContainerReportHandler.java:updateContainerState(182)) - Container #1 is in OPEN state, but the datanode 764aab50-4a86-400e-87a3-bdf7204b618f{ip: 172.17.0.2, host: 282a3b4cfeb7, networkLocation: /default-rack, certSerialId: null} reports an CLOSED replica.
2020-11-25 10:34:46,276 [EventQueue-ContainerReportForContainerReportHandler] WARN  container.ContainerReportHandler (AbstractContainerReportHandler.java:updateContainerState(182)) - Container #1 is in OPEN state, but the datanode 8480b9c0-5cfc-430b-9047-adac07e56377{ip: 172.17.0.2, host: 282a3b4cfeb7, networkLocation: /default-rack, certSerialId: null} reports an CLOSED replica.
2020-11-25 10:34:46,584 [EventQueue-ContainerReportForContainerReportHandler] WARN  container.ContainerReportHandler (AbstractContainerReportHandler.java:updateContainerState(182)) - Container #1 is in OPEN state, but the datanode 764aab50-4a86-400e-87a3-bdf7204b618f{ip: 172.17.0.2, host: 282a3b4cfeb7, networkLocation: /default-rack, certSerialId: null} reports an CLOSED replica.
2020-11-25 10:34:46,677 [EventQueue-ContainerReportForContainerReportHandler] WARN  container.ContainerReportHandler (AbstractContainerReportHandler.java:updateContainerState(182)) - Container #1 is in OPEN state, but the datanode 8480b9c0-5cfc-430b-9047-adac07e56377{ip: 172.17.0.2, host: 282a3b4cfeb7, networkLocation: /default-rack, certSerialId: null} reports an CLOSED replica.
2020-11-25 10:34:46,985 [EventQueue-ContainerReportForContainerReportHandler] WARN  container.ContainerReportHandler (AbstractContainerReportHandler.java:updateContainerState(182)) - Container #1 is in OPEN state, but the datanode 764aab50-4a86-400e-87a3-bdf7204b618f{ip: 172.17.0.2, host: 282a3b4cfeb7, networkLocation: /default-rack, certSerialId: null} reports an CLOSED replica.
2020-11-25 10:34:47,078 [EventQueue-ContainerReportForContainerReportHandler] WARN  container.ContainerReportHandler (AbstractContainerReportHandler.java:updateContainerState(182)) - Container #1 is in OPEN state, but the datanode 8480b9c0-5cfc-430b-9047-adac07e56377{ip: 172.17.0.2, host: 282a3b4cfeb7, networkLocation: /default-rack, certSerialId: null} reports an CLOSED replica.
2020-11-25 10:34:47,186 [EventQueue-ContainerReportForContainerReportHandler] WARN  container.ContainerReportHandler (AbstractContainerReportHandler.java:updateContainerState(182)) - Container #1 is in OPEN state, but the datanode 764aab50-4a86-400e-87a3-bdf7204b618f{ip: 172.17.0.2, host: 282a3b4cfeb7, networkLocation: /default-rack, certSerialId: null} reports an CLOSED replica.
2020-11-25 10:34:47,239 [grpc-default-executor-0] WARN  server.GrpcLogAppender (LogUtils.java:warn(122)) - 8480b9c0-5cfc-430b-9047-adac07e56377@group-C457AB8721D5->dab95924-0a6b-4573-a804-c369a72f7a37-AppendLogResponseHandler: Failed appendEntries: org.apache.ratis.thirdparty.io.grpc.StatusRuntimeException: UNAVAILABLE: io exception
2020-11-25 10:34:47,240 [grpc-default-executor-0] WARN  server.GrpcLogAppender (GrpcLogAppender.java:resetClient(107)) - 8480b9c0-5cfc-430b-9047-adac07e56377@group-C457AB8721D5->dab95924-0a6b-4573-a804-c369a72f7a37-GrpcLogAppender: Leader has not got in touch with Follower 8480b9c0-5cfc-430b-9047-adac07e56377@group-C457AB8721D5->dab95924-0a6b-4573-a804-c369a72f7a37(c0,m0,n7, attendVote=true, lastRpcSendTime=0, lastRpcResponseTime=27558) yet, just keep nextIndex unchanged and retry.
2020-11-25 10:34:47,378 [EventQueue-ContainerReportForContainerReportHandler] WARN  container.ContainerReportHandler (AbstractContainerReportHandler.java:updateContainerState(182)) - Container #1 is in OPEN state, but the datanode 8480b9c0-5cfc-430b-9047-adac07e56377{ip: 172.17.0.2, host: 282a3b4cfeb7, networkLocation: /default-rack, certSerialId: null} reports an CLOSED replica.
2020-11-25 10:34:47,486 [EventQueue-ContainerReportForContainerReportHandler] WARN  container.ContainerReportHandler (AbstractContainerReportHandler.java:updateContainerState(182)) - Container #1 is in OPEN state, but the datanode 764aab50-4a86-400e-87a3-bdf7204b618f{ip: 172.17.0.2, host: 282a3b4cfeb7, networkLocation: /default-rack, certSerialId: null} reports an CLOSED replica.
2020-11-25 10:34:47,579 [EventQueue-ContainerReportForContainerReportHandler] WARN  container.ContainerReportHandler (AbstractContainerReportHandler.java:updateContainerState(182)) - Container #1 is in OPEN state, but the datanode 8480b9c0-5cfc-430b-9047-adac07e56377{ip: 172.17.0.2, host: 282a3b4cfeb7, networkLocation: /default-rack, certSerialId: null} reports an CLOSED replica.
2020-11-25 10:34:47,686 [EventQueue-ContainerReportForContainerReportHandler] WARN  container.ContainerReportHandler (AbstractContainerReportHandler.java:updateContainerState(182)) - Container #1 is in OPEN state, but the datanode 764aab50-4a86-400e-87a3-bdf7204b618f{ip: 172.17.0.2, host: 282a3b4cfeb7, networkLocation: /default-rack, certSerialId: null} reports an CLOSED replica.
2020-11-25 10:34:47,879 [EventQueue-ContainerReportForContainerReportHandler] WARN  container.ContainerReportHandler (AbstractContainerReportHandler.java:updateContainerState(182)) - Container #1 is in OPEN state, but the datanode 8480b9c0-5cfc-430b-9047-adac07e56377{ip: 172.17.0.2, host: 282a3b4cfeb7, networkLocation: /default-rack, certSerialId: null} reports an CLOSED replica.
2020-11-25 10:34:47,986 [EventQueue-ContainerReportForContainerReportHandler] WARN  container.ContainerReportHandler (AbstractContainerReportHandler.java:updateContainerState(182)) - Container #1 is in OPEN state, but the datanode 764aab50-4a86-400e-87a3-bdf7204b618f{ip: 172.17.0.2, host: 282a3b4cfeb7, networkLocation: /default-rack, certSerialId: null} reports an CLOSED replica.
2020-11-25 10:34:48,179 [EventQueue-ContainerReportForContainerReportHandler] WARN  container.ContainerReportHandler (AbstractContainerReportHandler.java:updateContainerState(182)) - Container #1 is in OPEN state, but the datanode 8480b9c0-5cfc-430b-9047-adac07e56377{ip: 172.17.0.2, host: 282a3b4cfeb7, networkLocation: /default-rack, certSerialId: null} reports an CLOSED replica.
2020-11-25 10:34:48,286 [EventQueue-ContainerReportForContainerReportHandler] WARN  container.ContainerReportHandler (AbstractContainerReportHandler.java:updateContainerState(182)) - Container #1 is in OPEN state, but the datanode 764aab50-4a86-400e-87a3-bdf7204b618f{ip: 172.17.0.2, host: 282a3b4cfeb7, networkLocation: /default-rack, certSerialId: null} reports an CLOSED replica.
2020-11-25 10:34:48,580 [EventQueue-ContainerReportForContainerReportHandler] WARN  container.ContainerReportHandler (AbstractContainerReportHandler.java:updateContainerState(182)) - Container #1 is in OPEN state, but the datanode 8480b9c0-5cfc-430b-9047-adac07e56377{ip: 172.17.0.2, host: 282a3b4cfeb7, networkLocation: /default-rack, certSerialId: null} reports an CLOSED replica.
2020-11-25 10:34:48,687 [EventQueue-ContainerReportForContainerReportHandler] WARN  container.ContainerReportHandler (AbstractContainerReportHandler.java:updateContainerState(182)) - Container #1 is in OPEN state, but the datanode 764aab50-4a86-400e-87a3-bdf7204b618f{ip: 172.17.0.2, host: 282a3b4cfeb7, networkLocation: /default-rack, certSerialId: null} reports an CLOSED replica.
2020-11-25 10:34:48,882 [EventQueue-ContainerReportForContainerReportHandler] WARN  container.ContainerReportHandler (AbstractContainerReportHandler.java:updateContainerState(182)) - Container #1 is in OPEN state, but the datanode 8480b9c0-5cfc-430b-9047-adac07e56377{ip: 172.17.0.2, host: 282a3b4cfeb7, networkLocation: /default-rack, certSerialId: null} reports an CLOSED replica.
2020-11-25 10:34:48,886 [EventQueue-ContainerReportForContainerReportHandler] WARN  container.ContainerReportHandler (AbstractContainerReportHandler.java:updateContainerState(182)) - Container #1 is in OPEN state, but the datanode 764aab50-4a86-400e-87a3-bdf7204b618f{ip: 172.17.0.2, host: 282a3b4cfeb7, networkLocation: /default-rack, certSerialId: null} reports an CLOSED replica.
2020-11-25 10:34:49,087 [EventQueue-ContainerReportForContainerReportHandler] WARN  container.ContainerReportHandler (AbstractContainerReportHandler.java:updateContainerState(182)) - Container #1 is in OPEN state, but the datanode 764aab50-4a86-400e-87a3-bdf7204b618f{ip: 172.17.0.2, host: 282a3b4cfeb7, networkLocation: /default-rack, certSerialId: null} reports an CLOSED replica.
2020-11-25 10:34:49,282 [EventQueue-ContainerReportForContainerReportHandler] WARN  container.ContainerReportHandler (AbstractContainerReportHandler.java:updateContainerState(182)) - Container #1 is in OPEN state, but the datanode 8480b9c0-5cfc-430b-9047-adac07e56377{ip: 172.17.0.2, host: 282a3b4cfeb7, networkLocation: /default-rack, certSerialId: null} reports an CLOSED replica.
2020-11-25 10:34:49,489 [EventQueue-ContainerReportForContainerReportHandler] WARN  container.ContainerReportHandler (AbstractContainerReportHandler.java:updateContainerState(182)) - Container #1 is in OPEN state, but the datanode 764aab50-4a86-400e-87a3-bdf7204b618f{ip: 172.17.0.2, host: 282a3b4cfeb7, networkLocation: /default-rack, certSerialId: null} reports an CLOSED replica.
2020-11-25 10:34:49,583 [EventQueue-ContainerReportForContainerReportHandler] WARN  container.ContainerReportHandler (AbstractContainerReportHandler.java:updateContainerState(182)) - Container #1 is in OPEN state, but the datanode 8480b9c0-5cfc-430b-9047-adac07e56377{ip: 172.17.0.2, host: 282a3b4cfeb7, networkLocation: /default-rack, certSerialId: null} reports an CLOSED replica.
2020-11-25 10:34:49,739 [grpc-default-executor-0] WARN  server.GrpcLogAppender (LogUtils.java:warn(122)) - 8480b9c0-5cfc-430b-9047-adac07e56377@group-C457AB8721D5->dab95924-0a6b-4573-a804-c369a72f7a37-AppendLogResponseHandler: Failed appendEntries: org.apache.ratis.thirdparty.io.grpc.StatusRuntimeException: UNAVAILABLE: io exception
2020-11-25 10:34:49,740 [grpc-default-executor-0] WARN  server.GrpcLogAppender (GrpcLogAppender.java:resetClient(107)) - 8480b9c0-5cfc-430b-9047-adac07e56377@group-C457AB8721D5->dab95924-0a6b-4573-a804-c369a72f7a37-GrpcLogAppender: Leader has not got in touch with Follower 8480b9c0-5cfc-430b-9047-adac07e56377@group-C457AB8721D5->dab95924-0a6b-4573-a804-c369a72f7a37(c0,m0,n7, attendVote=true, lastRpcSendTime=1, lastRpcResponseTime=30059) yet, just keep nextIndex unchanged and retry.
2020-11-25 10:34:49,783 [EventQueue-ContainerReportForContainerReportHandler] WARN  container.ContainerReportHandler (AbstractContainerReportHandler.java:updateContainerState(182)) - Container #1 is in OPEN state, but the datanode 8480b9c0-5cfc-430b-9047-adac07e56377{ip: 172.17.0.2, host: 282a3b4cfeb7, networkLocation: /default-rack, certSerialId: null} reports an CLOSED replica.
2020-11-25 10:34:49,889 [EventQueue-ContainerReportForContainerReportHandler] WARN  container.ContainerReportHandler (AbstractContainerReportHandler.java:updateContainerState(182)) - Container #1 is in OPEN state, but the datanode 764aab50-4a86-400e-87a3-bdf7204b618f{ip: 172.17.0.2, host: 282a3b4cfeb7, networkLocation: /default-rack, certSerialId: null} reports an CLOSED replica.
2020-11-25 10:34:50,090 [EventQueue-ContainerReportForContainerReportHandler] WARN  container.ContainerReportHandler (AbstractContainerReportHandler.java:updateContainerState(182)) - Container #1 is in OPEN state, but the datanode 764aab50-4a86-400e-87a3-bdf7204b618f{ip: 172.17.0.2, host: 282a3b4cfeb7, networkLocation: /default-rack, certSerialId: null} reports an CLOSED replica.
2020-11-25 10:34:50,185 [EventQueue-ContainerReportForContainerReportHandler] WARN  container.ContainerReportHandler (AbstractContainerReportHandler.java:updateContainerState(182)) - Container #1 is in OPEN state, but the datanode 8480b9c0-5cfc-430b-9047-adac07e56377{ip: 172.17.0.2, host: 282a3b4cfeb7, networkLocation: /default-rack, certSerialId: null} reports an CLOSED replica.
2020-11-25 10:34:50,486 [EventQueue-ContainerReportForContainerReportHandler] WARN  container.ContainerReportHandler (AbstractContainerReportHandler.java:updateContainerState(182)) - Container #1 is in OPEN state, but the datanode 8480b9c0-5cfc-430b-9047-adac07e56377{ip: 172.17.0.2, host: 282a3b4cfeb7, networkLocation: /default-rack, certSerialId: null} reports an CLOSED replica.
2020-11-25 10:34:50,490 [EventQueue-ContainerReportForContainerReportHandler] WARN  container.ContainerReportHandler (AbstractContainerReportHandler.java:updateContainerState(182)) - Container #1 is in OPEN state, but the datanode 764aab50-4a86-400e-87a3-bdf7204b618f{ip: 172.17.0.2, host: 282a3b4cfeb7, networkLocation: /default-rack, certSerialId: null} reports an CLOSED replica.
2020-11-25 10:34:50,786 [EventQueue-ContainerReportForContainerReportHandler] WARN  container.ContainerReportHandler (AbstractContainerReportHandler.java:updateContainerState(182)) - Container #1 is in OPEN state, but the datanode 8480b9c0-5cfc-430b-9047-adac07e56377{ip: 172.17.0.2, host: 282a3b4cfeb7, networkLocation: /default-rack, certSerialId: null} reports an CLOSED replica.
2020-11-25 10:34:50,889 [EventQueue-ContainerReportForContainerReportHandler] WARN  container.ContainerReportHandler (AbstractContainerReportHandler.java:updateContainerState(182)) - Container #1 is in OPEN state, but the datanode 764aab50-4a86-400e-87a3-bdf7204b618f{ip: 172.17.0.2, host: 282a3b4cfeb7, networkLocation: /default-rack, certSerialId: null} reports an CLOSED replica.
2020-11-25 10:34:50,985 [EventQueue-ContainerReportForContainerReportHandler] WARN  container.ContainerReportHandler (AbstractContainerReportHandler.java:updateContainerState(182)) - Container #1 is in OPEN state, but the datanode 8480b9c0-5cfc-430b-9047-adac07e56377{ip: 172.17.0.2, host: 282a3b4cfeb7, networkLocation: /default-rack, certSerialId: null} reports an CLOSED replica.
2020-11-25 10:34:51,185 [EventQueue-ContainerReportForContainerReportHandler] WARN  container.ContainerReportHandler (AbstractContainerReportHandler.java:updateContainerState(182)) - Container #1 is in OPEN state, but the datanode 8480b9c0-5cfc-430b-9047-adac07e56377{ip: 172.17.0.2, host: 282a3b4cfeb7, networkLocation: /default-rack, certSerialId: null} reports an CLOSED replica.
2020-11-25 10:34:51,192 [EventQueue-ContainerReportForContainerReportHandler] WARN  container.ContainerReportHandler (AbstractContainerReportHandler.java:updateContainerState(182)) - Container #1 is in OPEN state, but the datanode 764aab50-4a86-400e-87a3-bdf7204b618f{ip: 172.17.0.2, host: 282a3b4cfeb7, networkLocation: /default-rack, certSerialId: null} reports an CLOSED replica.
2020-11-25 10:34:51,486 [EventQueue-ContainerReportForContainerReportHandler] WARN  container.ContainerReportHandler (AbstractContainerReportHandler.java:updateContainerState(182)) - Container #1 is in OPEN state, but the datanode 8480b9c0-5cfc-430b-9047-adac07e56377{ip: 172.17.0.2, host: 282a3b4cfeb7, networkLocation: /default-rack, certSerialId: null} reports an CLOSED replica.
2020-11-25 10:34:51,592 [EventQueue-ContainerReportForContainerReportHandler] WARN  container.ContainerReportHandler (AbstractContainerReportHandler.java:updateContainerState(182)) - Container #1 is in OPEN state, but the datanode 764aab50-4a86-400e-87a3-bdf7204b618f{ip: 172.17.0.2, host: 282a3b4cfeb7, networkLocation: /default-rack, certSerialId: null} reports an CLOSED replica.
2020-11-25 10:34:51,687 [EventQueue-ContainerReportForContainerReportHandler] WARN  container.ContainerReportHandler (AbstractContainerReportHandler.java:updateContainerState(182)) - Container #1 is in OPEN state, but the datanode 8480b9c0-5cfc-430b-9047-adac07e56377{ip: 172.17.0.2, host: 282a3b4cfeb7, networkLocation: /default-rack, certSerialId: null} reports an CLOSED replica.
2020-11-25 10:34:51,793 [EventQueue-ContainerReportForContainerReportHandler] WARN  container.ContainerReportHandler (AbstractContainerReportHandler.java:updateContainerState(182)) - Container #1 is in OPEN state, but the datanode 764aab50-4a86-400e-87a3-bdf7204b618f{ip: 172.17.0.2, host: 282a3b4cfeb7, networkLocation: /default-rack, certSerialId: null} reports an CLOSED replica.
2020-11-25 10:34:51,888 [EventQueue-ContainerReportForContainerReportHandler] WARN  container.ContainerReportHandler (AbstractContainerReportHandler.java:updateContainerState(182)) - Container #1 is in OPEN state, but the datanode 8480b9c0-5cfc-430b-9047-adac07e56377{ip: 172.17.0.2, host: 282a3b4cfeb7, networkLocation: /default-rack, certSerialId: null} reports an CLOSED replica.
2020-11-25 10:34:52,194 [EventQueue-ContainerReportForContainerReportHandler] WARN  container.ContainerReportHandler (AbstractContainerReportHandler.java:updateContainerState(182)) - Container #1 is in OPEN state, but the datanode 764aab50-4a86-400e-87a3-bdf7204b618f{ip: 172.17.0.2, host: 282a3b4cfeb7, networkLocation: /default-rack, certSerialId: null} reports an CLOSED replica.
2020-11-25 10:34:52,240 [grpc-default-executor-0] WARN  server.GrpcLogAppender (LogUtils.java:warn(122)) - 8480b9c0-5cfc-430b-9047-adac07e56377@group-C457AB8721D5->dab95924-0a6b-4573-a804-c369a72f7a37-AppendLogResponseHandler: Failed appendEntries: org.apache.ratis.thirdparty.io.grpc.StatusRuntimeException: UNAVAILABLE: io exception
2020-11-25 10:34:52,241 [grpc-default-executor-0] WARN  server.GrpcLogAppender (GrpcLogAppender.java:resetClient(107)) - 8480b9c0-5cfc-430b-9047-adac07e56377@group-C457AB8721D5->dab95924-0a6b-4573-a804-c369a72f7a37-GrpcLogAppender: Leader has not got in touch with Follower 8480b9c0-5cfc-430b-9047-adac07e56377@group-C457AB8721D5->dab95924-0a6b-4573-a804-c369a72f7a37(c0,m0,n7, attendVote=true, lastRpcSendTime=1, lastRpcResponseTime=32559) yet, just keep nextIndex unchanged and retry.
2020-11-25 10:34:52,288 [EventQueue-ContainerReportForContainerReportHandler] WARN  container.ContainerReportHandler (AbstractContainerReportHandler.java:updateContainerState(182)) - Container #1 is in OPEN state, but the datanode 8480b9c0-5cfc-430b-9047-adac07e56377{ip: 172.17.0.2, host: 282a3b4cfeb7, networkLocation: /default-rack, certSerialId: null} reports an CLOSED replica.
2020-11-25 10:34:52,496 [EventQueue-ContainerReportForContainerReportHandler] WARN  container.ContainerReportHandler (AbstractContainerReportHandler.java:updateContainerState(182)) - Container #1 is in OPEN state, but the datanode 764aab50-4a86-400e-87a3-bdf7204b618f{ip: 172.17.0.2, host: 282a3b4cfeb7, networkLocation: /default-rack, certSerialId: null} reports an CLOSED replica.
2020-11-25 10:34:52,588 [EventQueue-ContainerReportForContainerReportHandler] WARN  container.ContainerReportHandler (AbstractContainerReportHandler.java:updateContainerState(182)) - Container #1 is in OPEN state, but the datanode 8480b9c0-5cfc-430b-9047-adac07e56377{ip: 172.17.0.2, host: 282a3b4cfeb7, networkLocation: /default-rack, certSerialId: null} reports an CLOSED replica.
2020-11-25 10:34:52,796 [EventQueue-ContainerReportForContainerReportHandler] WARN  container.ContainerReportHandler (AbstractContainerReportHandler.java:updateContainerState(182)) - Container #1 is in OPEN state, but the datanode 764aab50-4a86-400e-87a3-bdf7204b618f{ip: 172.17.0.2, host: 282a3b4cfeb7, networkLocation: /default-rack, certSerialId: null} reports an CLOSED replica.
2020-11-25 10:34:52,989 [EventQueue-ContainerReportForContainerReportHandler] WARN  container.ContainerReportHandler (AbstractContainerReportHandler.java:updateContainerState(182)) - Container #1 is in OPEN state, but the datanode 8480b9c0-5cfc-430b-9047-adac07e56377{ip: 172.17.0.2, host: 282a3b4cfeb7, networkLocation: /default-rack, certSerialId: null} reports an CLOSED replica.
2020-11-25 10:34:52,997 [EventQueue-ContainerReportForContainerReportHandler] WARN  container.ContainerReportHandler (AbstractContainerReportHandler.java:updateContainerState(182)) - Container #1 is in OPEN state, but the datanode 764aab50-4a86-400e-87a3-bdf7204b618f{ip: 172.17.0.2, host: 282a3b4cfeb7, networkLocation: /default-rack, certSerialId: null} reports an CLOSED replica.
2020-11-25 10:34:53,197 [EventQueue-ContainerReportForContainerReportHandler] WARN  container.ContainerReportHandler (AbstractContainerReportHandler.java:updateContainerState(182)) - Container #1 is in OPEN state, but the datanode 764aab50-4a86-400e-87a3-bdf7204b618f{ip: 172.17.0.2, host: 282a3b4cfeb7, networkLocation: /default-rack, certSerialId: null} reports an CLOSED replica.
2020-11-25 10:34:53,288 [EventQueue-ContainerReportForContainerReportHandler] WARN  container.ContainerReportHandler (AbstractContainerReportHandler.java:updateContainerState(182)) - Container #1 is in OPEN state, but the datanode 8480b9c0-5cfc-430b-9047-adac07e56377{ip: 172.17.0.2, host: 282a3b4cfeb7, networkLocation: /default-rack, certSerialId: null} reports an CLOSED replica.
2020-11-25 10:34:53,597 [EventQueue-ContainerReportForContainerReportHandler] WARN  container.ContainerReportHandler (AbstractContainerReportHandler.java:updateContainerState(182)) - Container #1 is in OPEN state, but the datanode 764aab50-4a86-400e-87a3-bdf7204b618f{ip: 172.17.0.2, host: 282a3b4cfeb7, networkLocation: /default-rack, certSerialId: null} reports an CLOSED replica.
2020-11-25 10:34:53,688 [EventQueue-ContainerReportForContainerReportHandler] WARN  container.ContainerReportHandler (AbstractContainerReportHandler.java:updateContainerState(182)) - Container #1 is in OPEN state, but the datanode 8480b9c0-5cfc-430b-9047-adac07e56377{ip: 172.17.0.2, host: 282a3b4cfeb7, networkLocation: /default-rack, certSerialId: null} reports an CLOSED replica.
2020-11-25 10:34:53,898 [EventQueue-ContainerReportForContainerReportHandler] WARN  container.ContainerReportHandler (AbstractContainerReportHandler.java:updateContainerState(182)) - Container #1 is in OPEN state, but the datanode 764aab50-4a86-400e-87a3-bdf7204b618f{ip: 172.17.0.2, host: 282a3b4cfeb7, networkLocation: /default-rack, certSerialId: null} reports an CLOSED replica.
2020-11-25 10:34:53,989 [EventQueue-ContainerReportForContainerReportHandler] WARN  container.ContainerReportHandler (AbstractContainerReportHandler.java:updateContainerState(182)) - Container #1 is in OPEN state, but the datanode 8480b9c0-5cfc-430b-9047-adac07e56377{ip: 172.17.0.2, host: 282a3b4cfeb7, networkLocation: /default-rack, certSerialId: null} reports an CLOSED replica.
2020-11-25 10:34:54,200 [EventQueue-ContainerReportForContainerReportHandler] WARN  container.ContainerReportHandler (AbstractContainerReportHandler.java:updateContainerState(182)) - Container #1 is in OPEN state, but the datanode 764aab50-4a86-400e-87a3-bdf7204b618f{ip: 172.17.0.2, host: 282a3b4cfeb7, networkLocation: /default-rack, certSerialId: null} reports an CLOSED replica.
2020-11-25 10:34:54,389 [EventQueue-ContainerReportForContainerReportHandler] WARN  container.ContainerReportHandler (AbstractContainerReportHandler.java:updateContainerState(182)) - Container #1 is in OPEN state, but the datanode 8480b9c0-5cfc-430b-9047-adac07e56377{ip: 172.17.0.2, host: 282a3b4cfeb7, networkLocation: /default-rack, certSerialId: null} reports an CLOSED replica.
2020-11-25 10:34:54,599 [EventQueue-ContainerReportForContainerReportHandler] WARN  container.ContainerReportHandler (AbstractContainerReportHandler.java:updateContainerState(182)) - Container #1 is in OPEN state, but the datanode 764aab50-4a86-400e-87a3-bdf7204b618f{ip: 172.17.0.2, host: 282a3b4cfeb7, networkLocation: /default-rack, certSerialId: null} reports an CLOSED replica.
2020-11-25 10:34:54,741 [grpc-default-executor-0] WARN  server.GrpcLogAppender (LogUtils.java:warn(122)) - 8480b9c0-5cfc-430b-9047-adac07e56377@group-C457AB8721D5->dab95924-0a6b-4573-a804-c369a72f7a37-AppendLogResponseHandler: Failed appendEntries: org.apache.ratis.thirdparty.io.grpc.StatusRuntimeException: UNAVAILABLE: io exception
2020-11-25 10:34:54,742 [grpc-default-executor-0] WARN  server.GrpcLogAppender (GrpcLogAppender.java:resetClient(107)) - 8480b9c0-5cfc-430b-9047-adac07e56377@group-C457AB8721D5->dab95924-0a6b-4573-a804-c369a72f7a37-GrpcLogAppender: Leader has not got in touch with Follower 8480b9c0-5cfc-430b-9047-adac07e56377@group-C457AB8721D5->dab95924-0a6b-4573-a804-c369a72f7a37(c0,m0,n7, attendVote=true, lastRpcSendTime=0, lastRpcResponseTime=35060) yet, just keep nextIndex unchanged and retry.
2020-11-25 10:34:54,790 [EventQueue-ContainerReportForContainerReportHandler] WARN  container.ContainerReportHandler (AbstractContainerReportHandler.java:updateContainerState(182)) - Container #1 is in OPEN state, but the datanode 8480b9c0-5cfc-430b-9047-adac07e56377{ip: 172.17.0.2, host: 282a3b4cfeb7, networkLocation: /default-rack, certSerialId: null} reports an CLOSED replica.
2020-11-25 10:34:54,900 [EventQueue-ContainerReportForContainerReportHandler] WARN  container.ContainerReportHandler (AbstractContainerReportHandler.java:updateContainerState(182)) - Container #1 is in OPEN state, but the datanode 764aab50-4a86-400e-87a3-bdf7204b618f{ip: 172.17.0.2, host: 282a3b4cfeb7, networkLocation: /default-rack, certSerialId: null} reports an CLOSED replica.
2020-11-25 10:34:55,090 [EventQueue-ContainerReportForContainerReportHandler] WARN  container.ContainerReportHandler (AbstractContainerReportHandler.java:updateContainerState(182)) - Container #1 is in OPEN state, but the datanode 8480b9c0-5cfc-430b-9047-adac07e56377{ip: 172.17.0.2, host: 282a3b4cfeb7, networkLocation: /default-rack, certSerialId: null} reports an CLOSED replica.
2020-11-25 10:34:55,300 [EventQueue-ContainerReportForContainerReportHandler] WARN  container.ContainerReportHandler (AbstractContainerReportHandler.java:updateContainerState(182)) - Container #1 is in OPEN state, but the datanode 764aab50-4a86-400e-87a3-bdf7204b618f{ip: 172.17.0.2, host: 282a3b4cfeb7, networkLocation: /default-rack, certSerialId: null} reports an CLOSED replica.
2020-11-25 10:34:55,389 [EventQueue-ContainerReportForContainerReportHandler] WARN  container.ContainerReportHandler (AbstractContainerReportHandler.java:updateContainerState(182)) - Container #1 is in OPEN state, but the datanode 8480b9c0-5cfc-430b-9047-adac07e56377{ip: 172.17.0.2, host: 282a3b4cfeb7, networkLocation: /default-rack, certSerialId: null} reports an CLOSED replica.
2020-11-25 10:34:55,501 [EventQueue-ContainerReportForContainerReportHandler] WARN  container.ContainerReportHandler (AbstractContainerReportHandler.java:updateContainerState(182)) - Container #1 is in OPEN state, but the datanode 764aab50-4a86-400e-87a3-bdf7204b618f{ip: 172.17.0.2, host: 282a3b4cfeb7, networkLocation: /default-rack, certSerialId: null} reports an CLOSED replica.
2020-11-25 10:34:55,789 [EventQueue-ContainerReportForContainerReportHandler] WARN  container.ContainerReportHandler (AbstractContainerReportHandler.java:updateContainerState(182)) - Container #1 is in OPEN state, but the datanode 8480b9c0-5cfc-430b-9047-adac07e56377{ip: 172.17.0.2, host: 282a3b4cfeb7, networkLocation: /default-rack, certSerialId: null} reports an CLOSED replica.
2020-11-25 10:34:55,801 [EventQueue-ContainerReportForContainerReportHandler] WARN  container.ContainerReportHandler (AbstractContainerReportHandler.java:updateContainerState(182)) - Container #1 is in OPEN state, but the datanode 764aab50-4a86-400e-87a3-bdf7204b618f{ip: 172.17.0.2, host: 282a3b4cfeb7, networkLocation: /default-rack, certSerialId: null} reports an CLOSED replica.
2020-11-25 10:34:56,190 [EventQueue-ContainerReportForContainerReportHandler] WARN  container.ContainerReportHandler (AbstractContainerReportHandler.java:updateContainerState(182)) - Container #1 is in OPEN state, but the datanode 8480b9c0-5cfc-430b-9047-adac07e56377{ip: 172.17.0.2, host: 282a3b4cfeb7, networkLocation: /default-rack, certSerialId: null} reports an CLOSED replica.
2020-11-25 10:34:56,202 [EventQueue-ContainerReportForContainerReportHandler] WARN  container.ContainerReportHandler (AbstractContainerReportHandler.java:updateContainerState(182)) - Container #1 is in OPEN state, but the datanode 764aab50-4a86-400e-87a3-bdf7204b618f{ip: 172.17.0.2, host: 282a3b4cfeb7, networkLocation: /default-rack, certSerialId: null} reports an CLOSED replica.
2020-11-25 10:34:56,390 [EventQueue-ContainerReportForContainerReportHandler] WARN  container.ContainerReportHandler (AbstractContainerReportHandler.java:updateContainerState(182)) - Container #1 is in OPEN state, but the datanode 8480b9c0-5cfc-430b-9047-adac07e56377{ip: 172.17.0.2, host: 282a3b4cfeb7, networkLocation: /default-rack, certSerialId: null} reports an CLOSED replica.
2020-11-25 10:34:56,602 [EventQueue-ContainerReportForContainerReportHandler] WARN  container.ContainerReportHandler (AbstractContainerReportHandler.java:updateContainerState(182)) - Container #1 is in OPEN state, but the datanode 764aab50-4a86-400e-87a3-bdf7204b618f{ip: 172.17.0.2, host: 282a3b4cfeb7, networkLocation: /default-rack, certSerialId: null} reports an CLOSED replica.
2020-11-25 10:34:56,690 [EventQueue-ContainerReportForContainerReportHandler] WARN  container.ContainerReportHandler (AbstractContainerReportHandler.java:updateContainerState(182)) - Container #1 is in OPEN state, but the datanode 8480b9c0-5cfc-430b-9047-adac07e56377{ip: 172.17.0.2, host: 282a3b4cfeb7, networkLocation: /default-rack, certSerialId: null} reports an CLOSED replica.
2020-11-25 10:34:56,802 [EventQueue-ContainerReportForContainerReportHandler] WARN  container.ContainerReportHandler (AbstractContainerReportHandler.java:updateContainerState(182)) - Container #1 is in OPEN state, but the datanode 764aab50-4a86-400e-87a3-bdf7204b618f{ip: 172.17.0.2, host: 282a3b4cfeb7, networkLocation: /default-rack, certSerialId: null} reports an CLOSED replica.
2020-11-25 10:34:57,091 [EventQueue-ContainerReportForContainerReportHandler] WARN  container.ContainerReportHandler (AbstractContainerReportHandler.java:updateContainerState(182)) - Container #1 is in OPEN state, but the datanode 8480b9c0-5cfc-430b-9047-adac07e56377{ip: 172.17.0.2, host: 282a3b4cfeb7, networkLocation: /default-rack, certSerialId: null} reports an CLOSED replica.
2020-11-25 10:34:57,102 [EventQueue-ContainerReportForContainerReportHandler] WARN  container.ContainerReportHandler (AbstractContainerReportHandler.java:updateContainerState(182)) - Container #1 is in OPEN state, but the datanode 764aab50-4a86-400e-87a3-bdf7204b618f{ip: 172.17.0.2, host: 282a3b4cfeb7, networkLocation: /default-rack, certSerialId: null} reports an CLOSED replica.
2020-11-25 10:34:57,243 [grpc-default-executor-0] WARN  server.GrpcLogAppender (LogUtils.java:warn(122)) - 8480b9c0-5cfc-430b-9047-adac07e56377@group-C457AB8721D5->dab95924-0a6b-4573-a804-c369a72f7a37-AppendLogResponseHandler: Failed appendEntries: org.apache.ratis.thirdparty.io.grpc.StatusRuntimeException: UNAVAILABLE: io exception
2020-11-25 10:34:57,244 [grpc-default-executor-0] WARN  server.GrpcLogAppender (GrpcLogAppender.java:resetClient(107)) - 8480b9c0-5cfc-430b-9047-adac07e56377@group-C457AB8721D5->dab95924-0a6b-4573-a804-c369a72f7a37-GrpcLogAppender: Leader has not got in touch with Follower 8480b9c0-5cfc-430b-9047-adac07e56377@group-C457AB8721D5->dab95924-0a6b-4573-a804-c369a72f7a37(c0,m0,n7, attendVote=true, lastRpcSendTime=2502, lastRpcResponseTime=37562) yet, just keep nextIndex unchanged and retry.
2020-11-25 10:34:57,390 [EventQueue-ContainerReportForContainerReportHandler] WARN  container.ContainerReportHandler (AbstractContainerReportHandler.java:updateContainerState(182)) - Container #1 is in OPEN state, but the datanode 8480b9c0-5cfc-430b-9047-adac07e56377{ip: 172.17.0.2, host: 282a3b4cfeb7, networkLocation: /default-rack, certSerialId: null} reports an CLOSED replica.
2020-11-25 10:34:57,402 [EventQueue-ContainerReportForContainerReportHandler] WARN  container.ContainerReportHandler (AbstractContainerReportHandler.java:updateContainerState(182)) - Container #1 is in OPEN state, but the datanode 764aab50-4a86-400e-87a3-bdf7204b618f{ip: 172.17.0.2, host: 282a3b4cfeb7, networkLocation: /default-rack, certSerialId: null} reports an CLOSED replica.
2020-11-25 10:34:57,704 [EventQueue-ContainerReportForContainerReportHandler] WARN  container.ContainerReportHandler (AbstractContainerReportHandler.java:updateContainerState(182)) - Container #1 is in OPEN state, but the datanode 764aab50-4a86-400e-87a3-bdf7204b618f{ip: 172.17.0.2, host: 282a3b4cfeb7, networkLocation: /default-rack, certSerialId: null} reports an CLOSED replica.
2020-11-25 10:34:57,791 [EventQueue-ContainerReportForContainerReportHandler] WARN  container.ContainerReportHandler (AbstractContainerReportHandler.java:updateContainerState(182)) - Container #1 is in OPEN state, but the datanode 8480b9c0-5cfc-430b-9047-adac07e56377{ip: 172.17.0.2, host: 282a3b4cfeb7, networkLocation: /default-rack, certSerialId: null} reports an CLOSED replica.
2020-11-25 10:34:58,004 [EventQueue-ContainerReportForContainerReportHandler] WARN  container.ContainerReportHandler (AbstractContainerReportHandler.java:updateContainerState(182)) - Container #1 is in OPEN state, but the datanode 764aab50-4a86-400e-87a3-bdf7204b618f{ip: 172.17.0.2, host: 282a3b4cfeb7, networkLocation: /default-rack, certSerialId: null} reports an CLOSED replica.
2020-11-25 10:34:58,092 [EventQueue-ContainerReportForContainerReportHandler] WARN  container.ContainerReportHandler (AbstractContainerReportHandler.java:updateContainerState(182)) - Container #1 is in OPEN state, but the datanode 8480b9c0-5cfc-430b-9047-adac07e56377{ip: 172.17.0.2, host: 282a3b4cfeb7, networkLocation: /default-rack, certSerialId: null} reports an CLOSED replica.
2020-11-25 10:34:58,392 [EventQueue-ContainerReportForContainerReportHandler] WARN  container.ContainerReportHandler (AbstractContainerReportHandler.java:updateContainerState(182)) - Container #1 is in OPEN state, but the datanode 8480b9c0-5cfc-430b-9047-adac07e56377{ip: 172.17.0.2, host: 282a3b4cfeb7, networkLocation: /default-rack, certSerialId: null} reports an CLOSED replica.
2020-11-25 10:34:58,405 [EventQueue-ContainerReportForContainerReportHandler] WARN  container.ContainerReportHandler (AbstractContainerReportHandler.java:updateContainerState(182)) - Container #1 is in OPEN state, but the datanode 764aab50-4a86-400e-87a3-bdf7204b618f{ip: 172.17.0.2, host: 282a3b4cfeb7, networkLocation: /default-rack, certSerialId: null} reports an CLOSED replica.
2020-11-25 10:34:58,694 [EventQueue-ContainerReportForContainerReportHandler] WARN  container.ContainerReportHandler (AbstractContainerReportHandler.java:updateContainerState(182)) - Container #1 is in OPEN state, but the datanode 8480b9c0-5cfc-430b-9047-adac07e56377{ip: 172.17.0.2, host: 282a3b4cfeb7, networkLocation: /default-rack, certSerialId: null} reports an CLOSED replica.
2020-11-25 10:34:58,706 [EventQueue-ContainerReportForContainerReportHandler] WARN  container.ContainerReportHandler (AbstractContainerReportHandler.java:updateContainerState(182)) - Container #1 is in OPEN state, but the datanode 764aab50-4a86-400e-87a3-bdf7204b618f{ip: 172.17.0.2, host: 282a3b4cfeb7, networkLocation: /default-rack, certSerialId: null} reports an CLOSED replica.
2020-11-25 10:34:58,995 [EventQueue-ContainerReportForContainerReportHandler] WARN  container.ContainerReportHandler (AbstractContainerReportHandler.java:updateContainerState(182)) - Container #1 is in OPEN state, but the datanode 8480b9c0-5cfc-430b-9047-adac07e56377{ip: 172.17.0.2, host: 282a3b4cfeb7, networkLocation: /default-rack, certSerialId: null} reports an CLOSED replica.
2020-11-25 10:34:59,106 [EventQueue-ContainerReportForContainerReportHandler] WARN  container.ContainerReportHandler (AbstractContainerReportHandler.java:updateContainerState(182)) - Container #1 is in OPEN state, but the datanode 764aab50-4a86-400e-87a3-bdf7204b618f{ip: 172.17.0.2, host: 282a3b4cfeb7, networkLocation: /default-rack, certSerialId: null} reports an CLOSED replica.
2020-11-25 10:34:59,396 [EventQueue-ContainerReportForContainerReportHandler] WARN  container.ContainerReportHandler (AbstractContainerReportHandler.java:updateContainerState(182)) - Container #1 is in OPEN state, but the datanode 8480b9c0-5cfc-430b-9047-adac07e56377{ip: 172.17.0.2, host: 282a3b4cfeb7, networkLocation: /default-rack, certSerialId: null} reports an CLOSED replica.
2020-11-25 10:34:59,406 [EventQueue-ContainerReportForContainerReportHandler] WARN  container.ContainerReportHandler (AbstractContainerReportHandler.java:updateContainerState(182)) - Container #1 is in OPEN state, but the datanode 764aab50-4a86-400e-87a3-bdf7204b618f{ip: 172.17.0.2, host: 282a3b4cfeb7, networkLocation: /default-rack, certSerialId: null} reports an CLOSED replica.
2020-11-25 10:34:59,597 [EventQueue-ContainerReportForContainerReportHandler] WARN  container.ContainerReportHandler (AbstractContainerReportHandler.java:updateContainerState(182)) - Container #1 is in OPEN state, but the datanode 8480b9c0-5cfc-430b-9047-adac07e56377{ip: 172.17.0.2, host: 282a3b4cfeb7, networkLocation: /default-rack, certSerialId: null} reports an CLOSED replica.
2020-11-25 10:34:59,745 [grpc-default-executor-0] WARN  server.GrpcLogAppender (LogUtils.java:warn(122)) - 8480b9c0-5cfc-430b-9047-adac07e56377@group-C457AB8721D5->dab95924-0a6b-4573-a804-c369a72f7a37-AppendLogResponseHandler: Failed appendEntries: org.apache.ratis.thirdparty.io.grpc.StatusRuntimeException: UNAVAILABLE: io exception
2020-11-25 10:34:59,746 [grpc-default-executor-0] WARN  server.GrpcLogAppender (GrpcLogAppender.java:resetClient(107)) - 8480b9c0-5cfc-430b-9047-adac07e56377@group-C457AB8721D5->dab95924-0a6b-4573-a804-c369a72f7a37-GrpcLogAppender: Leader has not got in touch with Follower 8480b9c0-5cfc-430b-9047-adac07e56377@group-C457AB8721D5->dab95924-0a6b-4573-a804-c369a72f7a37(c0,m0,n7, attendVote=true, lastRpcSendTime=0, lastRpcResponseTime=40064) yet, just keep nextIndex unchanged and retry.
2020-11-25 10:34:59,807 [EventQueue-ContainerReportForContainerReportHandler] WARN  container.ContainerReportHandler (AbstractContainerReportHandler.java:updateContainerState(182)) - Container #1 is in OPEN state, but the datanode 764aab50-4a86-400e-87a3-bdf7204b618f{ip: 172.17.0.2, host: 282a3b4cfeb7, networkLocation: /default-rack, certSerialId: null} reports an CLOSED replica.
2020-11-25 10:34:59,998 [EventQueue-ContainerReportForContainerReportHandler] WARN  container.ContainerReportHandler (AbstractContainerReportHandler.java:updateContainerState(182)) - Container #1 is in OPEN state, but the datanode 8480b9c0-5cfc-430b-9047-adac07e56377{ip: 172.17.0.2, host: 282a3b4cfeb7, networkLocation: /default-rack, certSerialId: null} reports an CLOSED replica.
2020-11-25 10:35:00,107 [EventQueue-ContainerReportForContainerReportHandler] WARN  container.ContainerReportHandler (AbstractContainerReportHandler.java:updateContainerState(182)) - Container #1 is in OPEN state, but the datanode 764aab50-4a86-400e-87a3-bdf7204b618f{ip: 172.17.0.2, host: 282a3b4cfeb7, networkLocation: /default-rack, certSerialId: null} reports an CLOSED replica.
2020-11-25 10:35:00,198 [EventQueue-ContainerReportForContainerReportHandler] WARN  container.ContainerReportHandler (AbstractContainerReportHandler.java:updateContainerState(182)) - Container #1 is in OPEN state, but the datanode 8480b9c0-5cfc-430b-9047-adac07e56377{ip: 172.17.0.2, host: 282a3b4cfeb7, networkLocation: /default-rack, certSerialId: null} reports an CLOSED replica.
2020-11-25 10:35:00,507 [EventQueue-ContainerReportForContainerReportHandler] WARN  container.ContainerReportHandler (AbstractContainerReportHandler.java:updateContainerState(182)) - Container #1 is in OPEN state, but the datanode 764aab50-4a86-400e-87a3-bdf7204b618f{ip: 172.17.0.2, host: 282a3b4cfeb7, networkLocation: /default-rack, certSerialId: null} reports an CLOSED replica.
2020-11-25 10:35:00,600 [EventQueue-ContainerReportForContainerReportHandler] WARN  container.ContainerReportHandler (AbstractContainerReportHandler.java:updateContainerState(182)) - Container #1 is in OPEN state, but the datanode 8480b9c0-5cfc-430b-9047-adac07e56377{ip: 172.17.0.2, host: 282a3b4cfeb7, networkLocation: /default-rack, certSerialId: null} reports an CLOSED replica.
2020-11-25 10:35:00,807 [EventQueue-ContainerReportForContainerReportHandler] WARN  container.ContainerReportHandler (AbstractContainerReportHandler.java:updateContainerState(182)) - Container #1 is in OPEN state, but the datanode 764aab50-4a86-400e-87a3-bdf7204b618f{ip: 172.17.0.2, host: 282a3b4cfeb7, networkLocation: /default-rack, certSerialId: null} reports an CLOSED replica.
2020-11-25 10:35:01,003 [EventQueue-ContainerReportForContainerReportHandler] WARN  container.ContainerReportHandler (AbstractContainerReportHandler.java:updateContainerState(182)) - Container #1 is in OPEN state, but the datanode 8480b9c0-5cfc-430b-9047-adac07e56377{ip: 172.17.0.2, host: 282a3b4cfeb7, networkLocation: /default-rack, certSerialId: null} reports an CLOSED replica.
2020-11-25 10:35:01,203 [EventQueue-ContainerReportForContainerReportHandler] WARN  container.ContainerReportHandler (AbstractContainerReportHandler.java:updateContainerState(182)) - Container #1 is in OPEN state, but the datanode 8480b9c0-5cfc-430b-9047-adac07e56377{ip: 172.17.0.2, host: 282a3b4cfeb7, networkLocation: /default-rack, certSerialId: null} reports an CLOSED replica.
2020-11-25 10:35:01,208 [EventQueue-ContainerReportForContainerReportHandler] WARN  container.ContainerReportHandler (AbstractContainerReportHandler.java:updateContainerState(182)) - Container #1 is in OPEN state, but the datanode 764aab50-4a86-400e-87a3-bdf7204b618f{ip: 172.17.0.2, host: 282a3b4cfeb7, networkLocation: /default-rack, certSerialId: null} reports an CLOSED replica.
2020-11-25 10:35:01,503 [EventQueue-ContainerReportForContainerReportHandler] WARN  container.ContainerReportHandler (AbstractContainerReportHandler.java:updateContainerState(182)) - Container #1 is in OPEN state, but the datanode 8480b9c0-5cfc-430b-9047-adac07e56377{ip: 172.17.0.2, host: 282a3b4cfeb7, networkLocation: /default-rack, certSerialId: null} reports an CLOSED replica.
2020-11-25 10:35:01,508 [EventQueue-ContainerReportForContainerReportHandler] WARN  container.ContainerReportHandler (AbstractContainerReportHandler.java:updateContainerState(182)) - Container #1 is in OPEN state, but the datanode 764aab50-4a86-400e-87a3-bdf7204b618f{ip: 172.17.0.2, host: 282a3b4cfeb7, networkLocation: /default-rack, certSerialId: null} reports an CLOSED replica.
2020-11-25 10:35:01,703 [EventQueue-ContainerReportForContainerReportHandler] WARN  container.ContainerReportHandler (AbstractContainerReportHandler.java:updateContainerState(182)) - Container #1 is in OPEN state, but the datanode 8480b9c0-5cfc-430b-9047-adac07e56377{ip: 172.17.0.2, host: 282a3b4cfeb7, networkLocation: /default-rack, certSerialId: null} reports an CLOSED replica.
2020-11-25 10:35:01,809 [EventQueue-ContainerReportForContainerReportHandler] WARN  container.ContainerReportHandler (AbstractContainerReportHandler.java:updateContainerState(182)) - Container #1 is in OPEN state, but the datanode 764aab50-4a86-400e-87a3-bdf7204b618f{ip: 172.17.0.2, host: 282a3b4cfeb7, networkLocation: /default-rack, certSerialId: null} reports an CLOSED replica.
2020-11-25 10:35:02,103 [EventQueue-ContainerReportForContainerReportHandler] WARN  container.ContainerReportHandler (AbstractContainerReportHandler.java:updateContainerState(182)) - Container #1 is in OPEN state, but the datanode 8480b9c0-5cfc-430b-9047-adac07e56377{ip: 172.17.0.2, host: 282a3b4cfeb7, networkLocation: /default-rack, certSerialId: null} reports an CLOSED replica.
2020-11-25 10:35:02,109 [EventQueue-ContainerReportForContainerReportHandler] WARN  container.ContainerReportHandler (AbstractContainerReportHandler.java:updateContainerState(182)) - Container #1 is in OPEN state, but the datanode 764aab50-4a86-400e-87a3-bdf7204b618f{ip: 172.17.0.2, host: 282a3b4cfeb7, networkLocation: /default-rack, certSerialId: null} reports an CLOSED replica.
2020-11-25 10:35:02,245 [grpc-default-executor-0] WARN  server.GrpcLogAppender (LogUtils.java:warn(122)) - 8480b9c0-5cfc-430b-9047-adac07e56377@group-C457AB8721D5->dab95924-0a6b-4573-a804-c369a72f7a37-AppendLogResponseHandler: Failed appendEntries: org.apache.ratis.thirdparty.io.grpc.StatusRuntimeException: UNAVAILABLE: io exception
2020-11-25 10:35:02,246 [grpc-default-executor-0] WARN  server.GrpcLogAppender (GrpcLogAppender.java:resetClient(107)) - 8480b9c0-5cfc-430b-9047-adac07e56377@group-C457AB8721D5->dab95924-0a6b-4573-a804-c369a72f7a37-GrpcLogAppender: Leader has not got in touch with Follower 8480b9c0-5cfc-430b-9047-adac07e56377@group-C457AB8721D5->dab95924-0a6b-4573-a804-c369a72f7a37(c0,m0,n7, attendVote=true, lastRpcSendTime=1, lastRpcResponseTime=42564) yet, just keep nextIndex unchanged and retry.
2020-11-25 10:35:02,403 [EventQueue-ContainerReportForContainerReportHandler] WARN  container.ContainerReportHandler (AbstractContainerReportHandler.java:updateContainerState(182)) - Container #1 is in OPEN state, but the datanode 8480b9c0-5cfc-430b-9047-adac07e56377{ip: 172.17.0.2, host: 282a3b4cfeb7, networkLocation: /default-rack, certSerialId: null} reports an CLOSED replica.
2020-11-25 10:35:02,409 [EventQueue-ContainerReportForContainerReportHandler] WARN  container.ContainerReportHandler (AbstractContainerReportHandler.java:updateContainerState(182)) - Container #1 is in OPEN state, but the datanode 764aab50-4a86-400e-87a3-bdf7204b618f{ip: 172.17.0.2, host: 282a3b4cfeb7, networkLocation: /default-rack, certSerialId: null} reports an CLOSED replica.
2020-11-25 10:35:02,710 [EventQueue-ContainerReportForContainerReportHandler] WARN  container.ContainerReportHandler (AbstractContainerReportHandler.java:updateContainerState(182)) - Container #1 is in OPEN state, but the datanode 764aab50-4a86-400e-87a3-bdf7204b618f{ip: 172.17.0.2, host: 282a3b4cfeb7, networkLocation: /default-rack, certSerialId: null} reports an CLOSED replica.
2020-11-25 10:35:02,805 [EventQueue-ContainerReportForContainerReportHandler] WARN  container.ContainerReportHandler (AbstractContainerReportHandler.java:updateContainerState(182)) - Container #1 is in OPEN state, but the datanode 8480b9c0-5cfc-430b-9047-adac07e56377{ip: 172.17.0.2, host: 282a3b4cfeb7, networkLocation: /default-rack, certSerialId: null} reports an CLOSED replica.
2020-11-25 10:35:02,909 [EventQueue-ContainerReportForContainerReportHandler] WARN  container.ContainerReportHandler (AbstractContainerReportHandler.java:updateContainerState(182)) - Container #1 is in OPEN state, but the datanode 764aab50-4a86-400e-87a3-bdf7204b618f{ip: 172.17.0.2, host: 282a3b4cfeb7, networkLocation: /default-rack, certSerialId: null} reports an CLOSED replica.
2020-11-25 10:35:03,205 [EventQueue-ContainerReportForContainerReportHandler] WARN  container.ContainerReportHandler (AbstractContainerReportHandler.java:updateContainerState(182)) - Container #1 is in OPEN state, but the datanode 8480b9c0-5cfc-430b-9047-adac07e56377{ip: 172.17.0.2, host: 282a3b4cfeb7, networkLocation: /default-rack, certSerialId: null} reports an CLOSED replica.
2020-11-25 10:35:03,215 [EventQueue-ContainerReportForContainerReportHandler] WARN  container.ContainerReportHandler (AbstractContainerReportHandler.java:updateContainerState(182)) - Container #1 is in OPEN state, but the datanode 764aab50-4a86-400e-87a3-bdf7204b618f{ip: 172.17.0.2, host: 282a3b4cfeb7, networkLocation: /default-rack, certSerialId: null} reports an CLOSED replica.
2020-11-25 10:35:03,505 [EventQueue-ContainerReportForContainerReportHandler] WARN  container.ContainerReportHandler (AbstractContainerReportHandler.java:updateContainerState(182)) - Container #1 is in OPEN state, but the datanode 8480b9c0-5cfc-430b-9047-adac07e56377{ip: 172.17.0.2, host: 282a3b4cfeb7, networkLocation: /default-rack, certSerialId: null} reports an CLOSED replica.
2020-11-25 10:35:03,615 [EventQueue-ContainerReportForContainerReportHandler] WARN  container.ContainerReportHandler (AbstractContainerReportHandler.java:updateContainerState(182)) - Container #1 is in OPEN state, but the datanode 764aab50-4a86-400e-87a3-bdf7204b618f{ip: 172.17.0.2, host: 282a3b4cfeb7, networkLocation: /default-rack, certSerialId: null} reports an CLOSED replica.
2020-11-25 10:35:03,806 [EventQueue-ContainerReportForContainerReportHandler] WARN  container.ContainerReportHandler (AbstractContainerReportHandler.java:updateContainerState(182)) - Container #1 is in OPEN state, but the datanode 8480b9c0-5cfc-430b-9047-adac07e56377{ip: 172.17.0.2, host: 282a3b4cfeb7, networkLocation: /default-rack, certSerialId: null} reports an CLOSED replica.
2020-11-25 10:35:03,815 [EventQueue-ContainerReportForContainerReportHandler] WARN  container.ContainerReportHandler (AbstractContainerReportHandler.java:updateContainerState(182)) - Container #1 is in OPEN state, but the datanode 764aab50-4a86-400e-87a3-bdf7204b618f{ip: 172.17.0.2, host: 282a3b4cfeb7, networkLocation: /default-rack, certSerialId: null} reports an CLOSED replica.
2020-11-25 10:35:04,106 [EventQueue-ContainerReportForContainerReportHandler] WARN  container.ContainerReportHandler (AbstractContainerReportHandler.java:updateContainerState(182)) - Container #1 is in OPEN state, but the datanode 8480b9c0-5cfc-430b-9047-adac07e56377{ip: 172.17.0.2, host: 282a3b4cfeb7, networkLocation: /default-rack, certSerialId: null} reports an CLOSED replica.
2020-11-25 10:35:04,171 [BlockDeletingService#0] WARN  background.BlockDeletingService (BlockDeletingService.java:isDeletionAllowed(188)) - Close Container log Index 2 is not replicated across all the servers in the pipeline 02551242-eb8a-4e1c-abb4-c457ab8721d5 as the min replicated index is 0. Deletion is not allowed in this container yet.
2020-11-25 10:35:04,216 [EventQueue-ContainerReportForContainerReportHandler] WARN  container.ContainerReportHandler (AbstractContainerReportHandler.java:updateContainerState(182)) - Container #1 is in OPEN state, but the datanode 764aab50-4a86-400e-87a3-bdf7204b618f{ip: 172.17.0.2, host: 282a3b4cfeb7, networkLocation: /default-rack, certSerialId: null} reports an CLOSED replica.
2020-11-25 10:35:04,317 [BlockDeletingService#0] WARN  background.BlockDeletingService (BlockDeletingService.java:isDeletionAllowed(188)) - Close Container log Index 2 is not replicated across all the servers in the pipeline 02551242-eb8a-4e1c-abb4-c457ab8721d5 as the min replicated index is 0. Deletion is not allowed in this container yet.
2020-11-25 10:35:04,406 [EventQueue-ContainerReportForContainerReportHandler] WARN  container.ContainerReportHandler (AbstractContainerReportHandler.java:updateContainerState(182)) - Container #1 is in OPEN state, but the datanode 8480b9c0-5cfc-430b-9047-adac07e56377{ip: 172.17.0.2, host: 282a3b4cfeb7, networkLocation: /default-rack, certSerialId: null} reports an CLOSED replica.
2020-11-25 10:35:04,516 [EventQueue-ContainerReportForContainerReportHandler] WARN  container.ContainerReportHandler (AbstractContainerReportHandler.java:updateContainerState(182)) - Container #1 is in OPEN state, but the datanode 764aab50-4a86-400e-87a3-bdf7204b618f{ip: 172.17.0.2, host: 282a3b4cfeb7, networkLocation: /default-rack, certSerialId: null} reports an CLOSED replica.
2020-11-25 10:35:04,706 [EventQueue-ContainerReportForContainerReportHandler] WARN  container.ContainerReportHandler (AbstractContainerReportHandler.java:updateContainerState(182)) - Container #1 is in OPEN state, but the datanode 8480b9c0-5cfc-430b-9047-adac07e56377{ip: 172.17.0.2, host: 282a3b4cfeb7, networkLocation: /default-rack, certSerialId: null} reports an CLOSED replica.
2020-11-25 10:35:04,747 [grpc-default-executor-0] WARN  server.GrpcLogAppender (LogUtils.java:warn(122)) - 8480b9c0-5cfc-430b-9047-adac07e56377@group-C457AB8721D5->dab95924-0a6b-4573-a804-c369a72f7a37-AppendLogResponseHandler: Failed appendEntries: org.apache.ratis.thirdparty.io.grpc.StatusRuntimeException: UNAVAILABLE: io exception
2020-11-25 10:35:04,748 [grpc-default-executor-0] WARN  server.GrpcLogAppender (GrpcLogAppender.java:resetClient(107)) - 8480b9c0-5cfc-430b-9047-adac07e56377@group-C457AB8721D5->dab95924-0a6b-4573-a804-c369a72f7a37-GrpcLogAppender: Leader has not got in touch with Follower 8480b9c0-5cfc-430b-9047-adac07e56377@group-C457AB8721D5->dab95924-0a6b-4573-a804-c369a72f7a37(c0,m0,n7, attendVote=true, lastRpcSendTime=0, lastRpcResponseTime=45066) yet, just keep nextIndex unchanged and retry.
2020-11-25 10:35:04,816 [EventQueue-ContainerReportForContainerReportHandler] WARN  container.ContainerReportHandler (AbstractContainerReportHandler.java:updateContainerState(182)) - Container #1 is in OPEN state, but the datanode 764aab50-4a86-400e-87a3-bdf7204b618f{ip: 172.17.0.2, host: 282a3b4cfeb7, networkLocation: /default-rack, certSerialId: null} reports an CLOSED replica.
2020-11-25 10:35:05,007 [EventQueue-ContainerReportForContainerReportHandler] WARN  container.ContainerReportHandler (AbstractContainerReportHandler.java:updateContainerState(182)) - Container #1 is in OPEN state, but the datanode 8480b9c0-5cfc-430b-9047-adac07e56377{ip: 172.17.0.2, host: 282a3b4cfeb7, networkLocation: /default-rack, certSerialId: null} reports an CLOSED replica.
2020-11-25 10:35:05,118 [EventQueue-ContainerReportForContainerReportHandler] WARN  container.ContainerReportHandler (AbstractContainerReportHandler.java:updateContainerState(182)) - Container #1 is in OPEN state, but the datanode 764aab50-4a86-400e-87a3-bdf7204b618f{ip: 172.17.0.2, host: 282a3b4cfeb7, networkLocation: /default-rack, certSerialId: null} reports an CLOSED replica.
2020-11-25 10:35:05,306 [EventQueue-ContainerReportForContainerReportHandler] WARN  container.ContainerReportHandler (AbstractContainerReportHandler.java:updateContainerState(182)) - Container #1 is in OPEN state, but the datanode 8480b9c0-5cfc-430b-9047-adac07e56377{ip: 172.17.0.2, host: 282a3b4cfeb7, networkLocation: /default-rack, certSerialId: null} reports an CLOSED replica.
2020-11-25 10:35:05,417 [EventQueue-ContainerReportForContainerReportHandler] WARN  container.ContainerReportHandler (AbstractContainerReportHandler.java:updateContainerState(182)) - Container #1 is in OPEN state, but the datanode 764aab50-4a86-400e-87a3-bdf7204b618f{ip: 172.17.0.2, host: 282a3b4cfeb7, networkLocation: /default-rack, certSerialId: null} reports an CLOSED replica.
2020-11-25 10:35:05,606 [EventQueue-ContainerReportForContainerReportHandler] WARN  container.ContainerReportHandler (AbstractContainerReportHandler.java:updateContainerState(182)) - Container #1 is in OPEN state, but the datanode 8480b9c0-5cfc-430b-9047-adac07e56377{ip: 172.17.0.2, host: 282a3b4cfeb7, networkLocation: /default-rack, certSerialId: null} reports an CLOSED replica.
2020-11-25 10:35:05,617 [EventQueue-ContainerReportForContainerReportHandler] WARN  container.ContainerReportHandler (AbstractContainerReportHandler.java:updateContainerState(182)) - Container #1 is in OPEN state, but the datanode 764aab50-4a86-400e-87a3-bdf7204b618f{ip: 172.17.0.2, host: 282a3b4cfeb7, networkLocation: /default-rack, certSerialId: null} reports an CLOSED replica.
2020-11-25 10:35:05,907 [EventQueue-ContainerReportForContainerReportHandler] WARN  container.ContainerReportHandler (AbstractContainerReportHandler.java:updateContainerState(182)) - Container #1 is in OPEN state, but the datanode 8480b9c0-5cfc-430b-9047-adac07e56377{ip: 172.17.0.2, host: 282a3b4cfeb7, networkLocation: /default-rack, certSerialId: null} reports an CLOSED replica.
2020-11-25 10:35:06,019 [EventQueue-ContainerReportForContainerReportHandler] WARN  container.ContainerReportHandler (AbstractContainerReportHandler.java:updateContainerState(182)) - Container #1 is in OPEN state, but the datanode 764aab50-4a86-400e-87a3-bdf7204b618f{ip: 172.17.0.2, host: 282a3b4cfeb7, networkLocation: /default-rack, certSerialId: null} reports an CLOSED replica.
2020-11-25 10:35:06,209 [EventQueue-ContainerReportForContainerReportHandler] WARN  container.ContainerReportHandler (AbstractContainerReportHandler.java:updateContainerState(182)) - Container #1 is in OPEN state, but the datanode 8480b9c0-5cfc-430b-9047-adac07e56377{ip: 172.17.0.2, host: 282a3b4cfeb7, networkLocation: /default-rack, certSerialId: null} reports an CLOSED replica.
2020-11-25 10:35:06,319 [EventQueue-ContainerReportForContainerReportHandler] WARN  container.ContainerReportHandler (AbstractContainerReportHandler.java:updateContainerState(182)) - Container #1 is in OPEN state, but the datanode 764aab50-4a86-400e-87a3-bdf7204b618f{ip: 172.17.0.2, host: 282a3b4cfeb7, networkLocation: /default-rack, certSerialId: null} reports an CLOSED replica.
2020-11-25 10:35:06,409 [EventQueue-ContainerReportForContainerReportHandler] WARN  container.ContainerReportHandler (AbstractContainerReportHandler.java:updateContainerState(182)) - Container #1 is in OPEN state, but the datanode 8480b9c0-5cfc-430b-9047-adac07e56377{ip: 172.17.0.2, host: 282a3b4cfeb7, networkLocation: /default-rack, certSerialId: null} reports an CLOSED replica.
2020-11-25 10:35:06,610 [EventQueue-ContainerReportForContainerReportHandler] WARN  container.ContainerReportHandler (AbstractContainerReportHandler.java:updateContainerState(182)) - Container #1 is in OPEN state, but the datanode 8480b9c0-5cfc-430b-9047-adac07e56377{ip: 172.17.0.2, host: 282a3b4cfeb7, networkLocation: /default-rack, certSerialId: null} reports an CLOSED replica.
2020-11-25 10:35:06,720 [EventQueue-ContainerReportForContainerReportHandler] WARN  container.ContainerReportHandler (AbstractContainerReportHandler.java:updateContainerState(182)) - Container #1 is in OPEN state, but the datanode 764aab50-4a86-400e-87a3-bdf7204b618f{ip: 172.17.0.2, host: 282a3b4cfeb7, networkLocation: /default-rack, certSerialId: null} reports an CLOSED replica.
2020-11-25 10:35:07,009 [EventQueue-ContainerReportForContainerReportHandler] WARN  container.ContainerReportHandler (AbstractContainerReportHandler.java:updateContainerState(182)) - Container #1 is in OPEN state, but the datanode 8480b9c0-5cfc-430b-9047-adac07e56377{ip: 172.17.0.2, host: 282a3b4cfeb7, networkLocation: /default-rack, certSerialId: null} reports an CLOSED replica.
2020-11-25 10:35:07,020 [EventQueue-ContainerReportForContainerReportHandler] WARN  container.ContainerReportHandler (AbstractContainerReportHandler.java:updateContainerState(182)) - Container #1 is in OPEN state, but the datanode 764aab50-4a86-400e-87a3-bdf7204b618f{ip: 172.17.0.2, host: 282a3b4cfeb7, networkLocation: /default-rack, certSerialId: null} reports an CLOSED replica.
2020-11-25 10:35:07,248 [grpc-default-executor-0] WARN  server.GrpcLogAppender (LogUtils.java:warn(122)) - 8480b9c0-5cfc-430b-9047-adac07e56377@group-C457AB8721D5->dab95924-0a6b-4573-a804-c369a72f7a37-AppendLogResponseHandler: Failed appendEntries: org.apache.ratis.thirdparty.io.grpc.StatusRuntimeException: UNAVAILABLE: io exception
2020-11-25 10:35:07,249 [grpc-default-executor-0] WARN  server.GrpcLogAppender (GrpcLogAppender.java:resetClient(107)) - 8480b9c0-5cfc-430b-9047-adac07e56377@group-C457AB8721D5->dab95924-0a6b-4573-a804-c369a72f7a37-GrpcLogAppender: Leader has not got in touch with Follower 8480b9c0-5cfc-430b-9047-adac07e56377@group-C457AB8721D5->dab95924-0a6b-4573-a804-c369a72f7a37(c0,m0,n7, attendVote=true, lastRpcSendTime=0, lastRpcResponseTime=47567) yet, just keep nextIndex unchanged and retry.
2020-11-25 10:35:07,309 [EventQueue-ContainerReportForContainerReportHandler] WARN  container.ContainerReportHandler (AbstractContainerReportHandler.java:updateContainerState(182)) - Container #1 is in OPEN state, but the datanode 8480b9c0-5cfc-430b-9047-adac07e56377{ip: 172.17.0.2, host: 282a3b4cfeb7, networkLocation: /default-rack, certSerialId: null} reports an CLOSED replica.
2020-11-25 10:35:07,320 [EventQueue-ContainerReportForContainerReportHandler] WARN  container.ContainerReportHandler (AbstractContainerReportHandler.java:updateContainerState(182)) - Container #1 is in OPEN state, but the datanode 764aab50-4a86-400e-87a3-bdf7204b618f{ip: 172.17.0.2, host: 282a3b4cfeb7, networkLocation: /default-rack, certSerialId: null} reports an CLOSED replica.
2020-11-25 10:35:07,509 [EventQueue-ContainerReportForContainerReportHandler] WARN  container.ContainerReportHandler (AbstractContainerReportHandler.java:updateContainerState(182)) - Container #1 is in OPEN state, but the datanode 8480b9c0-5cfc-430b-9047-adac07e56377{ip: 172.17.0.2, host: 282a3b4cfeb7, networkLocation: /default-rack, certSerialId: null} reports an CLOSED replica.
2020-11-25 10:35:07,520 [EventQueue-ContainerReportForContainerReportHandler] WARN  container.ContainerReportHandler (AbstractContainerReportHandler.java:updateContainerState(182)) - Container #1 is in OPEN state, but the datanode 764aab50-4a86-400e-87a3-bdf7204b618f{ip: 172.17.0.2, host: 282a3b4cfeb7, networkLocation: /default-rack, certSerialId: null} reports an CLOSED replica.
2020-11-25 10:35:07,809 [EventQueue-ContainerReportForContainerReportHandler] WARN  container.ContainerReportHandler (AbstractContainerReportHandler.java:updateContainerState(182)) - Container #1 is in OPEN state, but the datanode 8480b9c0-5cfc-430b-9047-adac07e56377{ip: 172.17.0.2, host: 282a3b4cfeb7, networkLocation: /default-rack, certSerialId: null} reports an CLOSED replica.
2020-11-25 10:35:07,820 [EventQueue-ContainerReportForContainerReportHandler] WARN  container.ContainerReportHandler (AbstractContainerReportHandler.java:updateContainerState(182)) - Container #1 is in OPEN state, but the datanode 764aab50-4a86-400e-87a3-bdf7204b618f{ip: 172.17.0.2, host: 282a3b4cfeb7, networkLocation: /default-rack, certSerialId: null} reports an CLOSED replica.
2020-11-25 10:35:08,021 [EventQueue-ContainerReportForContainerReportHandler] WARN  container.ContainerReportHandler (AbstractContainerReportHandler.java:updateContainerState(182)) - Container #1 is in OPEN state, but the datanode 764aab50-4a86-400e-87a3-bdf7204b618f{ip: 172.17.0.2, host: 282a3b4cfeb7, networkLocation: /default-rack, certSerialId: null} reports an CLOSED replica.
2020-11-25 10:35:08,109 [EventQueue-ContainerReportForContainerReportHandler] WARN  container.ContainerReportHandler (AbstractContainerReportHandler.java:updateContainerState(182)) - Container #1 is in OPEN state, but the datanode 8480b9c0-5cfc-430b-9047-adac07e56377{ip: 172.17.0.2, host: 282a3b4cfeb7, networkLocation: /default-rack, certSerialId: null} reports an CLOSED replica.
2020-11-25 10:35:08,322 [EventQueue-ContainerReportForContainerReportHandler] WARN  container.ContainerReportHandler (AbstractContainerReportHandler.java:updateContainerState(182)) - Container #1 is in OPEN state, but the datanode 764aab50-4a86-400e-87a3-bdf7204b618f{ip: 172.17.0.2, host: 282a3b4cfeb7, networkLocation: /default-rack, certSerialId: null} reports an CLOSED replica.
2020-11-25 10:35:08,411 [EventQueue-ContainerReportForContainerReportHandler] WARN  container.ContainerReportHandler (AbstractContainerReportHandler.java:updateContainerState(182)) - Container #1 is in OPEN state, but the datanode 8480b9c0-5cfc-430b-9047-adac07e56377{ip: 172.17.0.2, host: 282a3b4cfeb7, networkLocation: /default-rack, certSerialId: null} reports an CLOSED replica.
2020-11-25 10:35:08,611 [EventQueue-ContainerReportForContainerReportHandler] WARN  container.ContainerReportHandler (AbstractContainerReportHandler.java:updateContainerState(182)) - Container #1 is in OPEN state, but the datanode 8480b9c0-5cfc-430b-9047-adac07e56377{ip: 172.17.0.2, host: 282a3b4cfeb7, networkLocation: /default-rack, certSerialId: null} reports an CLOSED replica.
2020-11-25 10:35:08,621 [EventQueue-ContainerReportForContainerReportHandler] WARN  container.ContainerReportHandler (AbstractContainerReportHandler.java:updateContainerState(182)) - Container #1 is in OPEN state, but the datanode 764aab50-4a86-400e-87a3-bdf7204b618f{ip: 172.17.0.2, host: 282a3b4cfeb7, networkLocation: /default-rack, certSerialId: null} reports an CLOSED replica.
2020-11-25 10:35:08,911 [EventQueue-ContainerReportForContainerReportHandler] WARN  container.ContainerReportHandler (AbstractContainerReportHandler.java:updateContainerState(182)) - Container #1 is in OPEN state, but the datanode 8480b9c0-5cfc-430b-9047-adac07e56377{ip: 172.17.0.2, host: 282a3b4cfeb7, networkLocation: /default-rack, certSerialId: null} reports an CLOSED replica.
2020-11-25 10:35:09,022 [EventQueue-ContainerReportForContainerReportHandler] WARN  container.ContainerReportHandler (AbstractContainerReportHandler.java:updateContainerState(182)) - Container #1 is in OPEN state, but the datanode 764aab50-4a86-400e-87a3-bdf7204b618f{ip: 172.17.0.2, host: 282a3b4cfeb7, networkLocation: /default-rack, certSerialId: null} reports an CLOSED replica.
2020-11-25 10:35:09,213 [EventQueue-ContainerReportForContainerReportHandler] WARN  container.ContainerReportHandler (AbstractContainerReportHandler.java:updateContainerState(182)) - Container #1 is in OPEN state, but the datanode 8480b9c0-5cfc-430b-9047-adac07e56377{ip: 172.17.0.2, host: 282a3b4cfeb7, networkLocation: /default-rack, certSerialId: null} reports an CLOSED replica.
2020-11-25 10:35:09,221 [EventQueue-ContainerReportForContainerReportHandler] WARN  container.ContainerReportHandler (AbstractContainerReportHandler.java:updateContainerState(182)) - Container #1 is in OPEN state, but the datanode 764aab50-4a86-400e-87a3-bdf7204b618f{ip: 172.17.0.2, host: 282a3b4cfeb7, networkLocation: /default-rack, certSerialId: null} reports an CLOSED replica.
2020-11-25 10:35:09,513 [EventQueue-ContainerReportForContainerReportHandler] WARN  container.ContainerReportHandler (AbstractContainerReportHandler.java:updateContainerState(182)) - Container #1 is in OPEN state, but the datanode 8480b9c0-5cfc-430b-9047-adac07e56377{ip: 172.17.0.2, host: 282a3b4cfeb7, networkLocation: /default-rack, certSerialId: null} reports an CLOSED replica.
2020-11-25 10:35:09,622 [EventQueue-ContainerReportForContainerReportHandler] WARN  container.ContainerReportHandler (AbstractContainerReportHandler.java:updateContainerState(182)) - Container #1 is in OPEN state, but the datanode 764aab50-4a86-400e-87a3-bdf7204b618f{ip: 172.17.0.2, host: 282a3b4cfeb7, networkLocation: /default-rack, certSerialId: null} reports an CLOSED replica.
2020-11-25 10:35:09,750 [grpc-default-executor-0] WARN  server.GrpcLogAppender (LogUtils.java:warn(122)) - 8480b9c0-5cfc-430b-9047-adac07e56377@group-C457AB8721D5->dab95924-0a6b-4573-a804-c369a72f7a37-AppendLogResponseHandler: Failed appendEntries: org.apache.ratis.thirdparty.io.grpc.StatusRuntimeException: UNAVAILABLE: io exception
2020-11-25 10:35:09,751 [grpc-default-executor-0] WARN  server.GrpcLogAppender (GrpcLogAppender.java:resetClient(107)) - 8480b9c0-5cfc-430b-9047-adac07e56377@group-C457AB8721D5->dab95924-0a6b-4573-a804-c369a72f7a37-GrpcLogAppender: Leader has not got in touch with Follower 8480b9c0-5cfc-430b-9047-adac07e56377@group-C457AB8721D5->dab95924-0a6b-4573-a804-c369a72f7a37(c0,m0,n7, attendVote=true, lastRpcSendTime=1, lastRpcResponseTime=50069) yet, just keep nextIndex unchanged and retry.
2020-11-25 10:35:09,914 [EventQueue-ContainerReportForContainerReportHandler] WARN  container.ContainerReportHandler (AbstractContainerReportHandler.java:updateContainerState(182)) - Container #1 is in OPEN state, but the datanode 8480b9c0-5cfc-430b-9047-adac07e56377{ip: 172.17.0.2, host: 282a3b4cfeb7, networkLocation: /default-rack, certSerialId: null} reports an CLOSED replica.
2020-11-25 10:35:09,921 [EventQueue-ContainerReportForContainerReportHandler] WARN  container.ContainerReportHandler (AbstractContainerReportHandler.java:updateContainerState(182)) - Container #1 is in OPEN state, but the datanode 764aab50-4a86-400e-87a3-bdf7204b618f{ip: 172.17.0.2, host: 282a3b4cfeb7, networkLocation: /default-rack, certSerialId: null} reports an CLOSED replica.
2020-11-25 10:35:10,213 [EventQueue-ContainerReportForContainerReportHandler] WARN  container.ContainerReportHandler (AbstractContainerReportHandler.java:updateContainerState(182)) - Container #1 is in OPEN state, but the datanode 8480b9c0-5cfc-430b-9047-adac07e56377{ip: 172.17.0.2, host: 282a3b4cfeb7, networkLocation: /default-rack, certSerialId: null} reports an CLOSED replica.
2020-11-25 10:35:10,221 [EventQueue-ContainerReportForContainerReportHandler] WARN  container.ContainerReportHandler (AbstractContainerReportHandler.java:updateContainerState(182)) - Container #1 is in OPEN state, but the datanode 764aab50-4a86-400e-87a3-bdf7204b618f{ip: 172.17.0.2, host: 282a3b4cfeb7, networkLocation: /default-rack, certSerialId: null} reports an CLOSED replica.
2020-11-25 10:35:10,514 [EventQueue-ContainerReportForContainerReportHandler] WARN  container.ContainerReportHandler (AbstractContainerReportHandler.java:updateContainerState(182)) - Container #1 is in OPEN state, but the datanode 8480b9c0-5cfc-430b-9047-adac07e56377{ip: 172.17.0.2, host: 282a3b4cfeb7, networkLocation: /default-rack, certSerialId: null} reports an CLOSED replica.
2020-11-25 10:35:10,522 [EventQueue-ContainerReportForContainerReportHandler] WARN  container.ContainerReportHandler (AbstractContainerReportHandler.java:updateContainerState(182)) - Container #1 is in OPEN state, but the datanode 764aab50-4a86-400e-87a3-bdf7204b618f{ip: 172.17.0.2, host: 282a3b4cfeb7, networkLocation: /default-rack, certSerialId: null} reports an CLOSED replica.
2020-11-25 10:35:10,814 [EventQueue-ContainerReportForContainerReportHandler] WARN  container.ContainerReportHandler (AbstractContainerReportHandler.java:updateContainerState(182)) - Container #1 is in OPEN state, but the datanode 8480b9c0-5cfc-430b-9047-adac07e56377{ip: 172.17.0.2, host: 282a3b4cfeb7, networkLocation: /default-rack, certSerialId: null} reports an CLOSED replica.
2020-11-25 10:35:10,822 [EventQueue-ContainerReportForContainerReportHandler] WARN  container.ContainerReportHandler (AbstractContainerReportHandler.java:updateContainerState(182)) - Container #1 is in OPEN state, but the datanode 764aab50-4a86-400e-87a3-bdf7204b618f{ip: 172.17.0.2, host: 282a3b4cfeb7, networkLocation: /default-rack, certSerialId: null} reports an CLOSED replica.
2020-11-25 10:35:11,114 [EventQueue-ContainerReportForContainerReportHandler] WARN  container.ContainerReportHandler (AbstractContainerReportHandler.java:updateContainerState(182)) - Container #1 is in OPEN state, but the datanode 8480b9c0-5cfc-430b-9047-adac07e56377{ip: 172.17.0.2, host: 282a3b4cfeb7, networkLocation: /default-rack, certSerialId: null} reports an CLOSED replica.
2020-11-25 10:35:11,123 [EventQueue-ContainerReportForContainerReportHandler] WARN  container.ContainerReportHandler (AbstractContainerReportHandler.java:updateContainerState(182)) - Container #1 is in OPEN state, but the datanode 764aab50-4a86-400e-87a3-bdf7204b618f{ip: 172.17.0.2, host: 282a3b4cfeb7, networkLocation: /default-rack, certSerialId: null} reports an CLOSED replica.
2020-11-25 10:35:11,514 [EventQueue-ContainerReportForContainerReportHandler] WARN  container.ContainerReportHandler (AbstractContainerReportHandler.java:updateContainerState(182)) - Container #1 is in OPEN state, but the datanode 8480b9c0-5cfc-430b-9047-adac07e56377{ip: 172.17.0.2, host: 282a3b4cfeb7, networkLocation: /default-rack, certSerialId: null} reports an CLOSED replica.
2020-11-25 10:35:11,524 [EventQueue-ContainerReportForContainerReportHandler] WARN  container.ContainerReportHandler (AbstractContainerReportHandler.java:updateContainerState(182)) - Container #1 is in OPEN state, but the datanode 764aab50-4a86-400e-87a3-bdf7204b618f{ip: 172.17.0.2, host: 282a3b4cfeb7, networkLocation: /default-rack, certSerialId: null} reports an CLOSED replica.
2020-11-25 10:35:11,824 [EventQueue-ContainerReportForContainerReportHandler] WARN  container.ContainerReportHandler (AbstractContainerReportHandler.java:updateContainerState(182)) - Container #1 is in OPEN state, but the datanode 764aab50-4a86-400e-87a3-bdf7204b618f{ip: 172.17.0.2, host: 282a3b4cfeb7, networkLocation: /default-rack, certSerialId: null} reports an CLOSED replica.
2020-11-25 10:35:11,915 [EventQueue-ContainerReportForContainerReportHandler] WARN  container.ContainerReportHandler (AbstractContainerReportHandler.java:updateContainerState(182)) - Container #1 is in OPEN state, but the datanode 8480b9c0-5cfc-430b-9047-adac07e56377{ip: 172.17.0.2, host: 282a3b4cfeb7, networkLocation: /default-rack, certSerialId: null} reports an CLOSED replica.
2020-11-25 10:35:12,214 [EventQueue-ContainerReportForContainerReportHandler] WARN  container.ContainerReportHandler (AbstractContainerReportHandler.java:updateContainerState(182)) - Container #1 is in OPEN state, but the datanode 8480b9c0-5cfc-430b-9047-adac07e56377{ip: 172.17.0.2, host: 282a3b4cfeb7, networkLocation: /default-rack, certSerialId: null} reports an CLOSED replica.
2020-11-25 10:35:12,225 [EventQueue-ContainerReportForContainerReportHandler] WARN  container.ContainerReportHandler (AbstractContainerReportHandler.java:updateContainerState(182)) - Container #1 is in OPEN state, but the datanode 764aab50-4a86-400e-87a3-bdf7204b618f{ip: 172.17.0.2, host: 282a3b4cfeb7, networkLocation: /default-rack, certSerialId: null} reports an CLOSED replica.
2020-11-25 10:35:12,251 [grpc-default-executor-0] WARN  server.GrpcLogAppender (LogUtils.java:warn(122)) - 8480b9c0-5cfc-430b-9047-adac07e56377@group-C457AB8721D5->dab95924-0a6b-4573-a804-c369a72f7a37-AppendLogResponseHandler: Failed appendEntries: org.apache.ratis.thirdparty.io.grpc.StatusRuntimeException: UNAVAILABLE: io exception
2020-11-25 10:35:12,252 [grpc-default-executor-0] WARN  server.GrpcLogAppender (GrpcLogAppender.java:resetClient(107)) - 8480b9c0-5cfc-430b-9047-adac07e56377@group-C457AB8721D5->dab95924-0a6b-4573-a804-c369a72f7a37-GrpcLogAppender: Leader has not got in touch with Follower 8480b9c0-5cfc-430b-9047-adac07e56377@group-C457AB8721D5->dab95924-0a6b-4573-a804-c369a72f7a37(c0,m0,n7, attendVote=true, lastRpcSendTime=1, lastRpcResponseTime=52570) yet, just keep nextIndex unchanged and retry.
2020-11-25 10:35:12,514 [EventQueue-ContainerReportForContainerReportHandler] WARN  container.ContainerReportHandler (AbstractContainerReportHandler.java:updateContainerState(182)) - Container #1 is in OPEN state, but the datanode 8480b9c0-5cfc-430b-9047-adac07e56377{ip: 172.17.0.2, host: 282a3b4cfeb7, networkLocation: /default-rack, certSerialId: null} reports an CLOSED replica.
2020-11-25 10:35:12,624 [EventQueue-ContainerReportForContainerReportHandler] WARN  container.ContainerReportHandler (AbstractContainerReportHandler.java:updateContainerState(182)) - Container #1 is in OPEN state, but the datanode 764aab50-4a86-400e-87a3-bdf7204b618f{ip: 172.17.0.2, host: 282a3b4cfeb7, networkLocation: /default-rack, certSerialId: null} reports an CLOSED replica.
2020-11-25 10:35:12,915 [EventQueue-ContainerReportForContainerReportHandler] WARN  container.ContainerReportHandler (AbstractContainerReportHandler.java:updateContainerState(182)) - Container #1 is in OPEN state, but the datanode 8480b9c0-5cfc-430b-9047-adac07e56377{ip: 172.17.0.2, host: 282a3b4cfeb7, networkLocation: /default-rack, certSerialId: null} reports an CLOSED replica.
2020-11-25 10:35:12,924 [EventQueue-ContainerReportForContainerReportHandler] WARN  container.ContainerReportHandler (AbstractContainerReportHandler.java:updateContainerState(182)) - Container #1 is in OPEN state, but the datanode 764aab50-4a86-400e-87a3-bdf7204b618f{ip: 172.17.0.2, host: 282a3b4cfeb7, networkLocation: /default-rack, certSerialId: null} reports an CLOSED replica.
2020-11-25 10:35:13,315 [EventQueue-ContainerReportForContainerReportHandler] WARN  container.ContainerReportHandler (AbstractContainerReportHandler.java:updateContainerState(182)) - Container #1 is in OPEN state, but the datanode 8480b9c0-5cfc-430b-9047-adac07e56377{ip: 172.17.0.2, host: 282a3b4cfeb7, networkLocation: /default-rack, certSerialId: null} reports an CLOSED replica.
2020-11-25 10:35:13,325 [EventQueue-ContainerReportForContainerReportHandler] WARN  container.ContainerReportHandler (AbstractContainerReportHandler.java:updateContainerState(182)) - Container #1 is in OPEN state, but the datanode 764aab50-4a86-400e-87a3-bdf7204b618f{ip: 172.17.0.2, host: 282a3b4cfeb7, networkLocation: /default-rack, certSerialId: null} reports an CLOSED replica.
2020-11-25 10:35:13,616 [EventQueue-ContainerReportForContainerReportHandler] WARN  container.ContainerReportHandler (AbstractContainerReportHandler.java:updateContainerState(182)) - Container #1 is in OPEN state, but the datanode 8480b9c0-5cfc-430b-9047-adac07e56377{ip: 172.17.0.2, host: 282a3b4cfeb7, networkLocation: /default-rack, certSerialId: null} reports an CLOSED replica.
2020-11-25 10:35:13,726 [EventQueue-ContainerReportForContainerReportHandler] WARN  container.ContainerReportHandler (AbstractContainerReportHandler.java:updateContainerState(182)) - Container #1 is in OPEN state, but the datanode 764aab50-4a86-400e-87a3-bdf7204b618f{ip: 172.17.0.2, host: 282a3b4cfeb7, networkLocation: /default-rack, certSerialId: null} reports an CLOSED replica.
2020-11-25 10:35:13,815 [EventQueue-ContainerReportForContainerReportHandler] WARN  container.ContainerReportHandler (AbstractContainerReportHandler.java:updateContainerState(182)) - Container #1 is in OPEN state, but the datanode 8480b9c0-5cfc-430b-9047-adac07e56377{ip: 172.17.0.2, host: 282a3b4cfeb7, networkLocation: /default-rack, certSerialId: null} reports an CLOSED replica.
2020-11-25 10:35:14,025 [EventQueue-ContainerReportForContainerReportHandler] WARN  container.ContainerReportHandler (AbstractContainerReportHandler.java:updateContainerState(182)) - Container #1 is in OPEN state, but the datanode 764aab50-4a86-400e-87a3-bdf7204b618f{ip: 172.17.0.2, host: 282a3b4cfeb7, networkLocation: /default-rack, certSerialId: null} reports an CLOSED replica.
2020-11-25 10:35:14,216 [EventQueue-ContainerReportForContainerReportHandler] WARN  container.ContainerReportHandler (AbstractContainerReportHandler.java:updateContainerState(182)) - Container #1 is in OPEN state, but the datanode 8480b9c0-5cfc-430b-9047-adac07e56377{ip: 172.17.0.2, host: 282a3b4cfeb7, networkLocation: /default-rack, certSerialId: null} reports an CLOSED replica.
2020-11-25 10:35:14,225 [EventQueue-ContainerReportForContainerReportHandler] WARN  container.ContainerReportHandler (AbstractContainerReportHandler.java:updateContainerState(182)) - Container #1 is in OPEN state, but the datanode 764aab50-4a86-400e-87a3-bdf7204b618f{ip: 172.17.0.2, host: 282a3b4cfeb7, networkLocation: /default-rack, certSerialId: null} reports an CLOSED replica.
2020-11-25 10:35:14,515 [EventQueue-ContainerReportForContainerReportHandler] WARN  container.ContainerReportHandler (AbstractContainerReportHandler.java:updateContainerState(182)) - Container #1 is in OPEN state, but the datanode 8480b9c0-5cfc-430b-9047-adac07e56377{ip: 172.17.0.2, host: 282a3b4cfeb7, networkLocation: /default-rack, certSerialId: null} reports an CLOSED replica.
2020-11-25 10:35:14,626 [EventQueue-ContainerReportForContainerReportHandler] WARN  container.ContainerReportHandler (AbstractContainerReportHandler.java:updateContainerState(182)) - Container #1 is in OPEN state, but the datanode 764aab50-4a86-400e-87a3-bdf7204b618f{ip: 172.17.0.2, host: 282a3b4cfeb7, networkLocation: /default-rack, certSerialId: null} reports an CLOSED replica.
2020-11-25 10:35:14,752 [grpc-default-executor-0] WARN  server.GrpcLogAppender (LogUtils.java:warn(122)) - 8480b9c0-5cfc-430b-9047-adac07e56377@group-C457AB8721D5->dab95924-0a6b-4573-a804-c369a72f7a37-AppendLogResponseHandler: Failed appendEntries: org.apache.ratis.thirdparty.io.grpc.StatusRuntimeException: UNAVAILABLE: io exception
2020-11-25 10:35:14,753 [grpc-default-executor-0] WARN  server.GrpcLogAppender (GrpcLogAppender.java:resetClient(107)) - 8480b9c0-5cfc-430b-9047-adac07e56377@group-C457AB8721D5->dab95924-0a6b-4573-a804-c369a72f7a37-GrpcLogAppender: Leader has not got in touch with Follower 8480b9c0-5cfc-430b-9047-adac07e56377@group-C457AB8721D5->dab95924-0a6b-4573-a804-c369a72f7a37(c0,m0,n7, attendVote=true, lastRpcSendTime=2501, lastRpcResponseTime=55071) yet, just keep nextIndex unchanged and retry.
2020-11-25 10:35:14,916 [EventQueue-ContainerReportForContainerReportHandler] WARN  container.ContainerReportHandler (AbstractContainerReportHandler.java:updateContainerState(182)) - Container #1 is in OPEN state, but the datanode 8480b9c0-5cfc-430b-9047-adac07e56377{ip: 172.17.0.2, host: 282a3b4cfeb7, networkLocation: /default-rack, certSerialId: null} reports an CLOSED replica.
2020-11-25 10:35:14,926 [EventQueue-ContainerReportForContainerReportHandler] WARN  container.ContainerReportHandler (AbstractContainerReportHandler.java:updateContainerState(182)) - Container #1 is in OPEN state, but the datanode 764aab50-4a86-400e-87a3-bdf7204b618f{ip: 172.17.0.2, host: 282a3b4cfeb7, networkLocation: /default-rack, certSerialId: null} reports an CLOSED replica.
2020-11-25 10:35:15,216 [EventQueue-ContainerReportForContainerReportHandler] WARN  container.ContainerReportHandler (AbstractContainerReportHandler.java:updateContainerState(182)) - Container #1 is in OPEN state, but the datanode 8480b9c0-5cfc-430b-9047-adac07e56377{ip: 172.17.0.2, host: 282a3b4cfeb7, networkLocation: /default-rack, certSerialId: null} reports an CLOSED replica.
2020-11-25 10:35:15,327 [EventQueue-ContainerReportForContainerReportHandler] WARN  container.ContainerReportHandler (AbstractContainerReportHandler.java:updateContainerState(182)) - Container #1 is in OPEN state, but the datanode 764aab50-4a86-400e-87a3-bdf7204b618f{ip: 172.17.0.2, host: 282a3b4cfeb7, networkLocation: /default-rack, certSerialId: null} reports an CLOSED replica.
2020-11-25 10:35:15,618 [EventQueue-ContainerReportForContainerReportHandler] WARN  container.ContainerReportHandler (AbstractContainerReportHandler.java:updateContainerState(182)) - Container #1 is in OPEN state, but the datanode 8480b9c0-5cfc-430b-9047-adac07e56377{ip: 172.17.0.2, host: 282a3b4cfeb7, networkLocation: /default-rack, certSerialId: null} reports an CLOSED replica.
2020-11-25 10:35:15,627 [EventQueue-ContainerReportForContainerReportHandler] WARN  container.ContainerReportHandler (AbstractContainerReportHandler.java:updateContainerState(182)) - Container #1 is in OPEN state, but the datanode 764aab50-4a86-400e-87a3-bdf7204b618f{ip: 172.17.0.2, host: 282a3b4cfeb7, networkLocation: /default-rack, certSerialId: null} reports an CLOSED replica.
2020-11-25 10:35:15,819 [EventQueue-ContainerReportForContainerReportHandler] WARN  container.ContainerReportHandler (AbstractContainerReportHandler.java:updateContainerState(182)) - Container #1 is in OPEN state, but the datanode 8480b9c0-5cfc-430b-9047-adac07e56377{ip: 172.17.0.2, host: 282a3b4cfeb7, networkLocation: /default-rack, certSerialId: null} reports an CLOSED replica.
2020-11-25 10:35:15,928 [EventQueue-ContainerReportForContainerReportHandler] WARN  container.ContainerReportHandler (AbstractContainerReportHandler.java:updateContainerState(182)) - Container #1 is in OPEN state, but the datanode 764aab50-4a86-400e-87a3-bdf7204b618f{ip: 172.17.0.2, host: 282a3b4cfeb7, networkLocation: /default-rack, certSerialId: null} reports an CLOSED replica.
2020-11-25 10:35:16,119 [EventQueue-ContainerReportForContainerReportHandler] WARN  container.ContainerReportHandler (AbstractContainerReportHandler.java:updateContainerState(182)) - Container #1 is in OPEN state, but the datanode 8480b9c0-5cfc-430b-9047-adac07e56377{ip: 172.17.0.2, host: 282a3b4cfeb7, networkLocation: /default-rack, certSerialId: null} reports an CLOSED replica.
2020-11-25 10:35:16,228 [EventQueue-ContainerReportForContainerReportHandler] WARN  container.ContainerReportHandler (AbstractContainerReportHandler.java:updateContainerState(182)) - Container #1 is in OPEN state, but the datanode 764aab50-4a86-400e-87a3-bdf7204b618f{ip: 172.17.0.2, host: 282a3b4cfeb7, networkLocation: /default-rack, certSerialId: null} reports an CLOSED replica.
2020-11-25 10:35:16,519 [EventQueue-ContainerReportForContainerReportHandler] WARN  container.ContainerReportHandler (AbstractContainerReportHandler.java:updateContainerState(182)) - Container #1 is in OPEN state, but the datanode 8480b9c0-5cfc-430b-9047-adac07e56377{ip: 172.17.0.2, host: 282a3b4cfeb7, networkLocation: /default-rack, certSerialId: null} reports an CLOSED replica.
2020-11-25 10:35:16,528 [EventQueue-ContainerReportForContainerReportHandler] WARN  container.ContainerReportHandler (AbstractContainerReportHandler.java:updateContainerState(182)) - Container #1 is in OPEN state, but the datanode 764aab50-4a86-400e-87a3-bdf7204b618f{ip: 172.17.0.2, host: 282a3b4cfeb7, networkLocation: /default-rack, certSerialId: null} reports an CLOSED replica.
2020-11-25 10:35:16,820 [EventQueue-ContainerReportForContainerReportHandler] WARN  container.ContainerReportHandler (AbstractContainerReportHandler.java:updateContainerState(182)) - Container #1 is in OPEN state, but the datanode 8480b9c0-5cfc-430b-9047-adac07e56377{ip: 172.17.0.2, host: 282a3b4cfeb7, networkLocation: /default-rack, certSerialId: null} reports an CLOSED replica.
2020-11-25 10:35:16,828 [EventQueue-ContainerReportForContainerReportHandler] WARN  container.ContainerReportHandler (AbstractContainerReportHandler.java:updateContainerState(182)) - Container #1 is in OPEN state, but the datanode 764aab50-4a86-400e-87a3-bdf7204b618f{ip: 172.17.0.2, host: 282a3b4cfeb7, networkLocation: /default-rack, certSerialId: null} reports an CLOSED replica.
2020-11-25 10:35:17,128 [EventQueue-ContainerReportForContainerReportHandler] WARN  container.ContainerReportHandler (AbstractContainerReportHandler.java:updateContainerState(182)) - Container #1 is in OPEN state, but the datanode 764aab50-4a86-400e-87a3-bdf7204b618f{ip: 172.17.0.2, host: 282a3b4cfeb7, networkLocation: /default-rack, certSerialId: null} reports an CLOSED replica.
2020-11-25 10:35:17,220 [EventQueue-ContainerReportForContainerReportHandler] WARN  container.ContainerReportHandler (AbstractContainerReportHandler.java:updateContainerState(182)) - Container #1 is in OPEN state, but the datanode 8480b9c0-5cfc-430b-9047-adac07e56377{ip: 172.17.0.2, host: 282a3b4cfeb7, networkLocation: /default-rack, certSerialId: null} reports an CLOSED replica.
2020-11-25 10:35:17,254 [grpc-default-executor-0] WARN  server.GrpcLogAppender (LogUtils.java:warn(122)) - 8480b9c0-5cfc-430b-9047-adac07e56377@group-C457AB8721D5->dab95924-0a6b-4573-a804-c369a72f7a37-AppendLogResponseHandler: Failed appendEntries: org.apache.ratis.thirdparty.io.grpc.StatusRuntimeException: UNAVAILABLE: io exception
2020-11-25 10:35:17,255 [grpc-default-executor-0] WARN  server.GrpcLogAppender (GrpcLogAppender.java:resetClient(107)) - 8480b9c0-5cfc-430b-9047-adac07e56377@group-C457AB8721D5->dab95924-0a6b-4573-a804-c369a72f7a37-GrpcLogAppender: Leader has not got in touch with Follower 8480b9c0-5cfc-430b-9047-adac07e56377@group-C457AB8721D5->dab95924-0a6b-4573-a804-c369a72f7a37(c0,m0,n7, attendVote=true, lastRpcSendTime=1, lastRpcResponseTime=57573) yet, just keep nextIndex unchanged and retry.
2020-11-25 10:35:17,428 [EventQueue-ContainerReportForContainerReportHandler] WARN  container.ContainerReportHandler (AbstractContainerReportHandler.java:updateContainerState(182)) - Container #1 is in OPEN state, but the datanode 764aab50-4a86-400e-87a3-bdf7204b618f{ip: 172.17.0.2, host: 282a3b4cfeb7, networkLocation: /default-rack, certSerialId: null} reports an CLOSED replica.
2020-11-25 10:35:17,521 [EventQueue-ContainerReportForContainerReportHandler] WARN  container.ContainerReportHandler (AbstractContainerReportHandler.java:updateContainerState(182)) - Container #1 is in OPEN state, but the datanode 8480b9c0-5cfc-430b-9047-adac07e56377{ip: 172.17.0.2, host: 282a3b4cfeb7, networkLocation: /default-rack, certSerialId: null} reports an CLOSED replica.
2020-11-25 10:35:17,820 [EventQueue-ContainerReportForContainerReportHandler] WARN  container.ContainerReportHandler (AbstractContainerReportHandler.java:updateContainerState(182)) - Container #1 is in OPEN state, but the datanode 8480b9c0-5cfc-430b-9047-adac07e56377{ip: 172.17.0.2, host: 282a3b4cfeb7, networkLocation: /default-rack, certSerialId: null} reports an CLOSED replica.
2020-11-25 10:35:17,828 [EventQueue-ContainerReportForContainerReportHandler] WARN  container.ContainerReportHandler (AbstractContainerReportHandler.java:updateContainerState(182)) - Container #1 is in OPEN state, but the datanode 764aab50-4a86-400e-87a3-bdf7204b618f{ip: 172.17.0.2, host: 282a3b4cfeb7, networkLocation: /default-rack, certSerialId: null} reports an CLOSED replica.
2020-11-25 10:35:18,121 [EventQueue-ContainerReportForContainerReportHandler] WARN  container.ContainerReportHandler (AbstractContainerReportHandler.java:updateContainerState(182)) - Container #1 is in OPEN state, but the datanode 8480b9c0-5cfc-430b-9047-adac07e56377{ip: 172.17.0.2, host: 282a3b4cfeb7, networkLocation: /default-rack, certSerialId: null} reports an CLOSED replica.
2020-11-25 10:35:18,230 [EventQueue-ContainerReportForContainerReportHandler] WARN  container.ContainerReportHandler (AbstractContainerReportHandler.java:updateContainerState(182)) - Container #1 is in OPEN state, but the datanode 764aab50-4a86-400e-87a3-bdf7204b618f{ip: 172.17.0.2, host: 282a3b4cfeb7, networkLocation: /default-rack, certSerialId: null} reports an CLOSED replica.
2020-11-25 10:35:18,421 [EventQueue-ContainerReportForContainerReportHandler] WARN  container.ContainerReportHandler (AbstractContainerReportHandler.java:updateContainerState(182)) - Container #1 is in OPEN state, but the datanode 8480b9c0-5cfc-430b-9047-adac07e56377{ip: 172.17.0.2, host: 282a3b4cfeb7, networkLocation: /default-rack, certSerialId: null} reports an CLOSED replica.
2020-11-25 10:35:18,530 [EventQueue-ContainerReportForContainerReportHandler] WARN  container.ContainerReportHandler (AbstractContainerReportHandler.java:updateContainerState(182)) - Container #1 is in OPEN state, but the datanode 764aab50-4a86-400e-87a3-bdf7204b618f{ip: 172.17.0.2, host: 282a3b4cfeb7, networkLocation: /default-rack, certSerialId: null} reports an CLOSED replica.
2020-11-25 10:35:18,721 [EventQueue-ContainerReportForContainerReportHandler] WARN  container.ContainerReportHandler (AbstractContainerReportHandler.java:updateContainerState(182)) - Container #1 is in OPEN state, but the datanode 8480b9c0-5cfc-430b-9047-adac07e56377{ip: 172.17.0.2, host: 282a3b4cfeb7, networkLocation: /default-rack, certSerialId: null} reports an CLOSED replica.
2020-11-25 10:35:18,932 [EventQueue-ContainerReportForContainerReportHandler] WARN  container.ContainerReportHandler (AbstractContainerReportHandler.java:updateContainerState(182)) - Container #1 is in OPEN state, but the datanode 764aab50-4a86-400e-87a3-bdf7204b618f{ip: 172.17.0.2, host: 282a3b4cfeb7, networkLocation: /default-rack, certSerialId: null} reports an CLOSED replica.
2020-11-25 10:35:19,023 [EventQueue-ContainerReportForContainerReportHandler] WARN  container.ContainerReportHandler (AbstractContainerReportHandler.java:updateContainerState(182)) - Container #1 is in OPEN state, but the datanode 8480b9c0-5cfc-430b-9047-adac07e56377{ip: 172.17.0.2, host: 282a3b4cfeb7, networkLocation: /default-rack, certSerialId: null} reports an CLOSED replica.
2020-11-25 10:35:19,133 [EventQueue-ContainerReportForContainerReportHandler] WARN  container.ContainerReportHandler (AbstractContainerReportHandler.java:updateContainerState(182)) - Container #1 is in OPEN state, but the datanode 764aab50-4a86-400e-87a3-bdf7204b618f{ip: 172.17.0.2, host: 282a3b4cfeb7, networkLocation: /default-rack, certSerialId: null} reports an CLOSED replica.
2020-11-25 10:35:19,324 [EventQueue-ContainerReportForContainerReportHandler] WARN  container.ContainerReportHandler (AbstractContainerReportHandler.java:updateContainerState(182)) - Container #1 is in OPEN state, but the datanode 8480b9c0-5cfc-430b-9047-adac07e56377{ip: 172.17.0.2, host: 282a3b4cfeb7, networkLocation: /default-rack, certSerialId: null} reports an CLOSED replica.
2020-11-25 10:35:19,432 [EventQueue-ContainerReportForContainerReportHandler] WARN  container.ContainerReportHandler (AbstractContainerReportHandler.java:updateContainerState(182)) - Container #1 is in OPEN state, but the datanode 764aab50-4a86-400e-87a3-bdf7204b618f{ip: 172.17.0.2, host: 282a3b4cfeb7, networkLocation: /default-rack, certSerialId: null} reports an CLOSED replica.
2020-11-25 10:35:19,725 [EventQueue-ContainerReportForContainerReportHandler] WARN  container.ContainerReportHandler (AbstractContainerReportHandler.java:updateContainerState(182)) - Container #1 is in OPEN state, but the datanode 8480b9c0-5cfc-430b-9047-adac07e56377{ip: 172.17.0.2, host: 282a3b4cfeb7, networkLocation: /default-rack, certSerialId: null} reports an CLOSED replica.
2020-11-25 10:35:19,755 [grpc-default-executor-0] WARN  server.GrpcLogAppender (LogUtils.java:warn(122)) - 8480b9c0-5cfc-430b-9047-adac07e56377@group-C457AB8721D5->dab95924-0a6b-4573-a804-c369a72f7a37-AppendLogResponseHandler: Failed appendEntries: org.apache.ratis.thirdparty.io.grpc.StatusRuntimeException: UNAVAILABLE: io exception
2020-11-25 10:35:19,756 [grpc-default-executor-0] WARN  server.GrpcLogAppender (GrpcLogAppender.java:resetClient(107)) - 8480b9c0-5cfc-430b-9047-adac07e56377@group-C457AB8721D5->dab95924-0a6b-4573-a804-c369a72f7a37-GrpcLogAppender: Leader has not got in touch with Follower 8480b9c0-5cfc-430b-9047-adac07e56377@group-C457AB8721D5->dab95924-0a6b-4573-a804-c369a72f7a37(c0,m0,n7, attendVote=true, lastRpcSendTime=1, lastRpcResponseTime=60074) yet, just keep nextIndex unchanged and retry.
2020-11-25 10:35:19,832 [EventQueue-ContainerReportForContainerReportHandler] WARN  container.ContainerReportHandler (AbstractContainerReportHandler.java:updateContainerState(182)) - Container #1 is in OPEN state, but the datanode 764aab50-4a86-400e-87a3-bdf7204b618f{ip: 172.17.0.2, host: 282a3b4cfeb7, networkLocation: /default-rack, certSerialId: null} reports an CLOSED replica.
2020-11-25 10:35:19,926 [EventQueue-ContainerReportForContainerReportHandler] WARN  container.ContainerReportHandler (AbstractContainerReportHandler.java:updateContainerState(182)) - Container #1 is in OPEN state, but the datanode 8480b9c0-5cfc-430b-9047-adac07e56377{ip: 172.17.0.2, host: 282a3b4cfeb7, networkLocation: /default-rack, certSerialId: null} reports an CLOSED replica.
2020-11-25 10:35:20,127 [EventQueue-ContainerReportForContainerReportHandler] WARN  container.ContainerReportHandler (AbstractContainerReportHandler.java:updateContainerState(182)) - Container #1 is in OPEN state, but the datanode 8480b9c0-5cfc-430b-9047-adac07e56377{ip: 172.17.0.2, host: 282a3b4cfeb7, networkLocation: /default-rack, certSerialId: null} reports an CLOSED replica.
2020-11-25 10:35:20,133 [EventQueue-ContainerReportForContainerReportHandler] WARN  container.ContainerReportHandler (AbstractContainerReportHandler.java:updateContainerState(182)) - Container #1 is in OPEN state, but the datanode 764aab50-4a86-400e-87a3-bdf7204b618f{ip: 172.17.0.2, host: 282a3b4cfeb7, networkLocation: /default-rack, certSerialId: null} reports an CLOSED replica.
2020-11-25 10:35:20,434 [EventQueue-ContainerReportForContainerReportHandler] WARN  container.ContainerReportHandler (AbstractContainerReportHandler.java:updateContainerState(182)) - Container #1 is in OPEN state, but the datanode 764aab50-4a86-400e-87a3-bdf7204b618f{ip: 172.17.0.2, host: 282a3b4cfeb7, networkLocation: /default-rack, certSerialId: null} reports an CLOSED replica.
2020-11-25 10:35:20,527 [EventQueue-ContainerReportForContainerReportHandler] WARN  container.ContainerReportHandler (AbstractContainerReportHandler.java:updateContainerState(182)) - Container #1 is in OPEN state, but the datanode 8480b9c0-5cfc-430b-9047-adac07e56377{ip: 172.17.0.2, host: 282a3b4cfeb7, networkLocation: /default-rack, certSerialId: null} reports an CLOSED replica.
2020-11-25 10:35:20,727 [EventQueue-ContainerReportForContainerReportHandler] WARN  container.ContainerReportHandler (AbstractContainerReportHandler.java:updateContainerState(182)) - Container #1 is in OPEN state, but the datanode 8480b9c0-5cfc-430b-9047-adac07e56377{ip: 172.17.0.2, host: 282a3b4cfeb7, networkLocation: /default-rack, certSerialId: null} reports an CLOSED replica.
2020-11-25 10:35:20,734 [EventQueue-ContainerReportForContainerReportHandler] WARN  container.ContainerReportHandler (AbstractContainerReportHandler.java:updateContainerState(182)) - Container #1 is in OPEN state, but the datanode 764aab50-4a86-400e-87a3-bdf7204b618f{ip: 172.17.0.2, host: 282a3b4cfeb7, networkLocation: /default-rack, certSerialId: null} reports an CLOSED replica.
2020-11-25 10:35:21,028 [EventQueue-ContainerReportForContainerReportHandler] WARN  container.ContainerReportHandler (AbstractContainerReportHandler.java:updateContainerState(182)) - Container #1 is in OPEN state, but the datanode 8480b9c0-5cfc-430b-9047-adac07e56377{ip: 172.17.0.2, host: 282a3b4cfeb7, networkLocation: /default-rack, certSerialId: null} reports an CLOSED replica.
2020-11-25 10:35:21,035 [EventQueue-ContainerReportForContainerReportHandler] WARN  container.ContainerReportHandler (AbstractContainerReportHandler.java:updateContainerState(182)) - Container #1 is in OPEN state, but the datanode 764aab50-4a86-400e-87a3-bdf7204b618f{ip: 172.17.0.2, host: 282a3b4cfeb7, networkLocation: /default-rack, certSerialId: null} reports an CLOSED replica.
2020-11-25 10:35:21,329 [EventQueue-ContainerReportForContainerReportHandler] WARN  container.ContainerReportHandler (AbstractContainerReportHandler.java:updateContainerState(182)) - Container #1 is in OPEN state, but the datanode 8480b9c0-5cfc-430b-9047-adac07e56377{ip: 172.17.0.2, host: 282a3b4cfeb7, networkLocation: /default-rack, certSerialId: null} reports an CLOSED replica.
2020-11-25 10:35:21,334 [EventQueue-ContainerReportForContainerReportHandler] WARN  container.ContainerReportHandler (AbstractContainerReportHandler.java:updateContainerState(182)) - Container #1 is in OPEN state, but the datanode 764aab50-4a86-400e-87a3-bdf7204b618f{ip: 172.17.0.2, host: 282a3b4cfeb7, networkLocation: /default-rack, certSerialId: null} reports an CLOSED replica.
2020-11-25 10:35:21,530 [EventQueue-ContainerReportForContainerReportHandler] WARN  container.ContainerReportHandler (AbstractContainerReportHandler.java:updateContainerState(182)) - Container #1 is in OPEN state, but the datanode 8480b9c0-5cfc-430b-9047-adac07e56377{ip: 172.17.0.2, host: 282a3b4cfeb7, networkLocation: /default-rack, certSerialId: null} reports an CLOSED replica.
2020-11-25 10:35:21,635 [EventQueue-ContainerReportForContainerReportHandler] WARN  container.ContainerReportHandler (AbstractContainerReportHandler.java:updateContainerState(182)) - Container #1 is in OPEN state, but the datanode 764aab50-4a86-400e-87a3-bdf7204b618f{ip: 172.17.0.2, host: 282a3b4cfeb7, networkLocation: /default-rack, certSerialId: null} reports an CLOSED replica.
2020-11-25 10:35:21,837 [EventQueue-ContainerReportForContainerReportHandler] WARN  container.ContainerReportHandler (AbstractContainerReportHandler.java:updateContainerState(182)) - Container #1 is in OPEN state, but the datanode 764aab50-4a86-400e-87a3-bdf7204b618f{ip: 172.17.0.2, host: 282a3b4cfeb7, networkLocation: /default-rack, certSerialId: null} reports an CLOSED replica.
2020-11-25 10:35:21,930 [EventQueue-ContainerReportForContainerReportHandler] WARN  container.ContainerReportHandler (AbstractContainerReportHandler.java:updateContainerState(182)) - Container #1 is in OPEN state, but the datanode 8480b9c0-5cfc-430b-9047-adac07e56377{ip: 172.17.0.2, host: 282a3b4cfeb7, networkLocation: /default-rack, certSerialId: null} reports an CLOSED replica.
2020-11-25 10:35:22,130 [EventQueue-ContainerReportForContainerReportHandler] WARN  container.ContainerReportHandler (AbstractContainerReportHandler.java:updateContainerState(182)) - Container #1 is in OPEN state, but the datanode 8480b9c0-5cfc-430b-9047-adac07e56377{ip: 172.17.0.2, host: 282a3b4cfeb7, networkLocation: /default-rack, certSerialId: null} reports an CLOSED replica.
2020-11-25 10:35:22,137 [EventQueue-ContainerReportForContainerReportHandler] WARN  container.ContainerReportHandler (AbstractContainerReportHandler.java:updateContainerState(182)) - Container #1 is in OPEN state, but the datanode 764aab50-4a86-400e-87a3-bdf7204b618f{ip: 172.17.0.2, host: 282a3b4cfeb7, networkLocation: /default-rack, certSerialId: null} reports an CLOSED replica.
2020-11-25 10:35:22,257 [grpc-default-executor-0] WARN  server.GrpcLogAppender (LogUtils.java:warn(122)) - 8480b9c0-5cfc-430b-9047-adac07e56377@group-C457AB8721D5->dab95924-0a6b-4573-a804-c369a72f7a37-AppendLogResponseHandler: Failed appendEntries: org.apache.ratis.thirdparty.io.grpc.StatusRuntimeException: UNAVAILABLE: io exception
2020-11-25 10:35:22,258 [grpc-default-executor-0] WARN  server.GrpcLogAppender (GrpcLogAppender.java:resetClient(107)) - 8480b9c0-5cfc-430b-9047-adac07e56377@group-C457AB8721D5->dab95924-0a6b-4573-a804-c369a72f7a37-GrpcLogAppender: Leader has not got in touch with Follower 8480b9c0-5cfc-430b-9047-adac07e56377@group-C457AB8721D5->dab95924-0a6b-4573-a804-c369a72f7a37(c0,m0,n7, attendVote=true, lastRpcSendTime=1, lastRpcResponseTime=62576) yet, just keep nextIndex unchanged and retry.
2020-11-25 10:35:22,438 [EventQueue-ContainerReportForContainerReportHandler] WARN  container.ContainerReportHandler (AbstractContainerReportHandler.java:updateContainerState(182)) - Container #1 is in OPEN state, but the datanode 764aab50-4a86-400e-87a3-bdf7204b618f{ip: 172.17.0.2, host: 282a3b4cfeb7, networkLocation: /default-rack, certSerialId: null} reports an CLOSED replica.
2020-11-25 10:35:22,531 [EventQueue-ContainerReportForContainerReportHandler] WARN  container.ContainerReportHandler (AbstractContainerReportHandler.java:updateContainerState(182)) - Container #1 is in OPEN state, but the datanode 8480b9c0-5cfc-430b-9047-adac07e56377{ip: 172.17.0.2, host: 282a3b4cfeb7, networkLocation: /default-rack, certSerialId: null} reports an CLOSED replica.
2020-11-25 10:35:22,737 [EventQueue-ContainerReportForContainerReportHandler] WARN  container.ContainerReportHandler (AbstractContainerReportHandler.java:updateContainerState(182)) - Container #1 is in OPEN state, but the datanode 764aab50-4a86-400e-87a3-bdf7204b618f{ip: 172.17.0.2, host: 282a3b4cfeb7, networkLocation: /default-rack, certSerialId: null} reports an CLOSED replica.
2020-11-25 10:35:22,831 [EventQueue-ContainerReportForContainerReportHandler] WARN  container.ContainerReportHandler (AbstractContainerReportHandler.java:updateContainerState(182)) - Container #1 is in OPEN state, but the datanode 8480b9c0-5cfc-430b-9047-adac07e56377{ip: 172.17.0.2, host: 282a3b4cfeb7, networkLocation: /default-rack, certSerialId: null} reports an CLOSED replica.
2020-11-25 10:35:23,038 [EventQueue-ContainerReportForContainerReportHandler] WARN  container.ContainerReportHandler (AbstractContainerReportHandler.java:updateContainerState(182)) - Container #1 is in OPEN state, but the datanode 764aab50-4a86-400e-87a3-bdf7204b618f{ip: 172.17.0.2, host: 282a3b4cfeb7, networkLocation: /default-rack, certSerialId: null} reports an CLOSED replica.
2020-11-25 10:35:23,131 [EventQueue-ContainerReportForContainerReportHandler] WARN  container.ContainerReportHandler (AbstractContainerReportHandler.java:updateContainerState(182)) - Container #1 is in OPEN state, but the datanode 8480b9c0-5cfc-430b-9047-adac07e56377{ip: 172.17.0.2, host: 282a3b4cfeb7, networkLocation: /default-rack, certSerialId: null} reports an CLOSED replica.
2020-11-25 10:35:23,339 [EventQueue-ContainerReportForContainerReportHandler] WARN  container.ContainerReportHandler (AbstractContainerReportHandler.java:updateContainerState(182)) - Container #1 is in OPEN state, but the datanode 764aab50-4a86-400e-87a3-bdf7204b618f{ip: 172.17.0.2, host: 282a3b4cfeb7, networkLocation: /default-rack, certSerialId: null} reports an CLOSED replica.
2020-11-25 10:35:23,432 [EventQueue-ContainerReportForContainerReportHandler] WARN  container.ContainerReportHandler (AbstractContainerReportHandler.java:updateContainerState(182)) - Container #1 is in OPEN state, but the datanode 8480b9c0-5cfc-430b-9047-adac07e56377{ip: 172.17.0.2, host: 282a3b4cfeb7, networkLocation: /default-rack, certSerialId: null} reports an CLOSED replica.
2020-11-25 10:35:23,639 [EventQueue-ContainerReportForContainerReportHandler] WARN  container.ContainerReportHandler (AbstractContainerReportHandler.java:updateContainerState(182)) - Container #1 is in OPEN state, but the datanode 764aab50-4a86-400e-87a3-bdf7204b618f{ip: 172.17.0.2, host: 282a3b4cfeb7, networkLocation: /default-rack, certSerialId: null} reports an CLOSED replica.
2020-11-25 10:35:23,731 [EventQueue-ContainerReportForContainerReportHandler] WARN  container.ContainerReportHandler (AbstractContainerReportHandler.java:updateContainerState(182)) - Container #1 is in OPEN state, but the datanode 8480b9c0-5cfc-430b-9047-adac07e56377{ip: 172.17.0.2, host: 282a3b4cfeb7, networkLocation: /default-rack, certSerialId: null} reports an CLOSED replica.
2020-11-25 10:35:23,940 [EventQueue-ContainerReportForContainerReportHandler] WARN  container.ContainerReportHandler (AbstractContainerReportHandler.java:updateContainerState(182)) - Container #1 is in OPEN state, but the datanode 764aab50-4a86-400e-87a3-bdf7204b618f{ip: 172.17.0.2, host: 282a3b4cfeb7, networkLocation: /default-rack, certSerialId: null} reports an CLOSED replica.
2020-11-25 10:35:24,031 [EventQueue-ContainerReportForContainerReportHandler] WARN  container.ContainerReportHandler (AbstractContainerReportHandler.java:updateContainerState(182)) - Container #1 is in OPEN state, but the datanode 8480b9c0-5cfc-430b-9047-adac07e56377{ip: 172.17.0.2, host: 282a3b4cfeb7, networkLocation: /default-rack, certSerialId: null} reports an CLOSED replica.
2020-11-25 10:35:24,331 [EventQueue-ContainerReportForContainerReportHandler] WARN  container.ContainerReportHandler (AbstractContainerReportHandler.java:updateContainerState(182)) - Container #1 is in OPEN state, but the datanode 8480b9c0-5cfc-430b-9047-adac07e56377{ip: 172.17.0.2, host: 282a3b4cfeb7, networkLocation: /default-rack, certSerialId: null} reports an CLOSED replica.
2020-11-25 10:35:24,341 [EventQueue-ContainerReportForContainerReportHandler] WARN  container.ContainerReportHandler (AbstractContainerReportHandler.java:updateContainerState(182)) - Container #1 is in OPEN state, but the datanode 764aab50-4a86-400e-87a3-bdf7204b618f{ip: 172.17.0.2, host: 282a3b4cfeb7, networkLocation: /default-rack, certSerialId: null} reports an CLOSED replica.
2020-11-25 10:35:24,634 [EventQueue-ContainerReportForContainerReportHandler] WARN  container.ContainerReportHandler (AbstractContainerReportHandler.java:updateContainerState(182)) - Container #1 is in OPEN state, but the datanode 8480b9c0-5cfc-430b-9047-adac07e56377{ip: 172.17.0.2, host: 282a3b4cfeb7, networkLocation: /default-rack, certSerialId: null} reports an CLOSED replica.
2020-11-25 10:35:24,641 [EventQueue-ContainerReportForContainerReportHandler] WARN  container.ContainerReportHandler (AbstractContainerReportHandler.java:updateContainerState(182)) - Container #1 is in OPEN state, but the datanode 764aab50-4a86-400e-87a3-bdf7204b618f{ip: 172.17.0.2, host: 282a3b4cfeb7, networkLocation: /default-rack, certSerialId: null} reports an CLOSED replica.
2020-11-25 10:35:24,757 [grpc-default-executor-0] WARN  server.GrpcLogAppender (LogUtils.java:warn(122)) - 8480b9c0-5cfc-430b-9047-adac07e56377@group-C457AB8721D5->dab95924-0a6b-4573-a804-c369a72f7a37-AppendLogResponseHandler: Failed appendEntries: org.apache.ratis.thirdparty.io.grpc.StatusRuntimeException: UNAVAILABLE: io exception
2020-11-25 10:35:24,758 [grpc-default-executor-0] WARN  server.GrpcLogAppender (GrpcLogAppender.java:resetClient(107)) - 8480b9c0-5cfc-430b-9047-adac07e56377@group-C457AB8721D5->dab95924-0a6b-4573-a804-c369a72f7a37-GrpcLogAppender: Leader has not got in touch with Follower 8480b9c0-5cfc-430b-9047-adac07e56377@group-C457AB8721D5->dab95924-0a6b-4573-a804-c369a72f7a37(c0,m0,n7, attendVote=true, lastRpcSendTime=0, lastRpcResponseTime=65076) yet, just keep nextIndex unchanged and retry.
2020-11-25 10:35:24,935 [EventQueue-ContainerReportForContainerReportHandler] WARN  container.ContainerReportHandler (AbstractContainerReportHandler.java:updateContainerState(182)) - Container #1 is in OPEN state, but the datanode 8480b9c0-5cfc-430b-9047-adac07e56377{ip: 172.17.0.2, host: 282a3b4cfeb7, networkLocation: /default-rack, certSerialId: null} reports an CLOSED replica.
2020-11-25 10:35:24,941 [EventQueue-ContainerReportForContainerReportHandler] WARN  container.ContainerReportHandler (AbstractContainerReportHandler.java:updateContainerState(182)) - Container #1 is in OPEN state, but the datanode 764aab50-4a86-400e-87a3-bdf7204b618f{ip: 172.17.0.2, host: 282a3b4cfeb7, networkLocation: /default-rack, certSerialId: null} reports an CLOSED replica.
2020-11-25 10:35:25,142 [EventQueue-ContainerReportForContainerReportHandler] WARN  container.ContainerReportHandler (AbstractContainerReportHandler.java:updateContainerState(182)) - Container #1 is in OPEN state, but the datanode 764aab50-4a86-400e-87a3-bdf7204b618f{ip: 172.17.0.2, host: 282a3b4cfeb7, networkLocation: /default-rack, certSerialId: null} reports an CLOSED replica.
2020-11-25 10:35:25,234 [EventQueue-ContainerReportForContainerReportHandler] WARN  container.ContainerReportHandler (AbstractContainerReportHandler.java:updateContainerState(182)) - Container #1 is in OPEN state, but the datanode 8480b9c0-5cfc-430b-9047-adac07e56377{ip: 172.17.0.2, host: 282a3b4cfeb7, networkLocation: /default-rack, certSerialId: null} reports an CLOSED replica.
2020-11-25 10:35:25,342 [EventQueue-ContainerReportForContainerReportHandler] WARN  container.ContainerReportHandler (AbstractContainerReportHandler.java:updateContainerState(182)) - Container #1 is in OPEN state, but the datanode 764aab50-4a86-400e-87a3-bdf7204b618f{ip: 172.17.0.2, host: 282a3b4cfeb7, networkLocation: /default-rack, certSerialId: null} reports an CLOSED replica.
2020-11-25 10:35:25,535 [EventQueue-ContainerReportForContainerReportHandler] WARN  container.ContainerReportHandler (AbstractContainerReportHandler.java:updateContainerState(182)) - Container #1 is in OPEN state, but the datanode 8480b9c0-5cfc-430b-9047-adac07e56377{ip: 172.17.0.2, host: 282a3b4cfeb7, networkLocation: /default-rack, certSerialId: null} reports an CLOSED replica.
2020-11-25 10:35:25,542 [EventQueue-ContainerReportForContainerReportHandler] WARN  container.ContainerReportHandler (AbstractContainerReportHandler.java:updateContainerState(182)) - Container #1 is in OPEN state, but the datanode 764aab50-4a86-400e-87a3-bdf7204b618f{ip: 172.17.0.2, host: 282a3b4cfeb7, networkLocation: /default-rack, certSerialId: null} reports an CLOSED replica.
2020-11-25 10:35:25,742 [EventQueue-ContainerReportForContainerReportHandler] WARN  container.ContainerReportHandler (AbstractContainerReportHandler.java:updateContainerState(182)) - Container #1 is in OPEN state, but the datanode 764aab50-4a86-400e-87a3-bdf7204b618f{ip: 172.17.0.2, host: 282a3b4cfeb7, networkLocation: /default-rack, certSerialId: null} reports an CLOSED replica.
2020-11-25 10:35:25,834 [EventQueue-ContainerReportForContainerReportHandler] WARN  container.ContainerReportHandler (AbstractContainerReportHandler.java:updateContainerState(182)) - Container #1 is in OPEN state, but the datanode 8480b9c0-5cfc-430b-9047-adac07e56377{ip: 172.17.0.2, host: 282a3b4cfeb7, networkLocation: /default-rack, certSerialId: null} reports an CLOSED replica.
2020-11-25 10:35:26,042 [EventQueue-ContainerReportForContainerReportHandler] WARN  container.ContainerReportHandler (AbstractContainerReportHandler.java:updateContainerState(182)) - Container #1 is in OPEN state, but the datanode 764aab50-4a86-400e-87a3-bdf7204b618f{ip: 172.17.0.2, host: 282a3b4cfeb7, networkLocation: /default-rack, certSerialId: null} reports an CLOSED replica.
2020-11-25 10:35:26,234 [EventQueue-ContainerReportForContainerReportHandler] WARN  container.ContainerReportHandler (AbstractContainerReportHandler.java:updateContainerState(182)) - Container #1 is in OPEN state, but the datanode 8480b9c0-5cfc-430b-9047-adac07e56377{ip: 172.17.0.2, host: 282a3b4cfeb7, networkLocation: /default-rack, certSerialId: null} reports an CLOSED replica.
2020-11-25 10:35:26,342 [EventQueue-ContainerReportForContainerReportHandler] WARN  container.ContainerReportHandler (AbstractContainerReportHandler.java:updateContainerState(182)) - Container #1 is in OPEN state, but the datanode 764aab50-4a86-400e-87a3-bdf7204b618f{ip: 172.17.0.2, host: 282a3b4cfeb7, networkLocation: /default-rack, certSerialId: null} reports an CLOSED replica.
2020-11-25 10:35:26,435 [EventQueue-ContainerReportForContainerReportHandler] WARN  container.ContainerReportHandler (AbstractContainerReportHandler.java:updateContainerState(182)) - Container #1 is in OPEN state, but the datanode 8480b9c0-5cfc-430b-9047-adac07e56377{ip: 172.17.0.2, host: 282a3b4cfeb7, networkLocation: /default-rack, certSerialId: null} reports an CLOSED replica.
2020-11-25 10:35:26,542 [EventQueue-ContainerReportForContainerReportHandler] WARN  container.ContainerReportHandler (AbstractContainerReportHandler.java:updateContainerState(182)) - Container #1 is in OPEN state, but the datanode 764aab50-4a86-400e-87a3-bdf7204b618f{ip: 172.17.0.2, host: 282a3b4cfeb7, networkLocation: /default-rack, certSerialId: null} reports an CLOSED replica.
2020-11-25 10:35:26,743 [EventQueue-ContainerReportForContainerReportHandler] WARN  container.ContainerReportHandler (AbstractContainerReportHandler.java:updateContainerState(182)) - Container #1 is in OPEN state, but the datanode 764aab50-4a86-400e-87a3-bdf7204b618f{ip: 172.17.0.2, host: 282a3b4cfeb7, networkLocation: /default-rack, certSerialId: null} reports an CLOSED replica.
2020-11-25 10:35:26,835 [EventQueue-ContainerReportForContainerReportHandler] WARN  container.ContainerReportHandler (AbstractContainerReportHandler.java:updateContainerState(182)) - Container #1 is in OPEN state, but the datanode 8480b9c0-5cfc-430b-9047-adac07e56377{ip: 172.17.0.2, host: 282a3b4cfeb7, networkLocation: /default-rack, certSerialId: null} reports an CLOSED replica.
2020-11-25 10:35:27,043 [EventQueue-ContainerReportForContainerReportHandler] WARN  container.ContainerReportHandler (AbstractContainerReportHandler.java:updateContainerState(182)) - Container #1 is in OPEN state, but the datanode 764aab50-4a86-400e-87a3-bdf7204b618f{ip: 172.17.0.2, host: 282a3b4cfeb7, networkLocation: /default-rack, certSerialId: null} reports an CLOSED replica.
2020-11-25 10:35:27,236 [EventQueue-ContainerReportForContainerReportHandler] WARN  container.ContainerReportHandler (AbstractContainerReportHandler.java:updateContainerState(182)) - Container #1 is in OPEN state, but the datanode 8480b9c0-5cfc-430b-9047-adac07e56377{ip: 172.17.0.2, host: 282a3b4cfeb7, networkLocation: /default-rack, certSerialId: null} reports an CLOSED replica.
2020-11-25 10:35:27,258 [grpc-default-executor-0] WARN  server.GrpcLogAppender (LogUtils.java:warn(122)) - 8480b9c0-5cfc-430b-9047-adac07e56377@group-C457AB8721D5->dab95924-0a6b-4573-a804-c369a72f7a37-AppendLogResponseHandler: Failed appendEntries: org.apache.ratis.thirdparty.io.grpc.StatusRuntimeException: UNAVAILABLE: io exception
2020-11-25 10:35:27,259 [grpc-default-executor-0] WARN  server.GrpcLogAppender (GrpcLogAppender.java:resetClient(107)) - 8480b9c0-5cfc-430b-9047-adac07e56377@group-C457AB8721D5->dab95924-0a6b-4573-a804-c369a72f7a37-GrpcLogAppender: Leader has not got in touch with Follower 8480b9c0-5cfc-430b-9047-adac07e56377@group-C457AB8721D5->dab95924-0a6b-4573-a804-c369a72f7a37(c0,m0,n7, attendVote=true, lastRpcSendTime=0, lastRpcResponseTime=67577) yet, just keep nextIndex unchanged and retry.
2020-11-25 10:35:27,344 [EventQueue-ContainerReportForContainerReportHandler] WARN  container.ContainerReportHandler (AbstractContainerReportHandler.java:updateContainerState(182)) - Container #1 is in OPEN state, but the datanode 764aab50-4a86-400e-87a3-bdf7204b618f{ip: 172.17.0.2, host: 282a3b4cfeb7, networkLocation: /default-rack, certSerialId: null} reports an CLOSED replica.
2020-11-25 10:35:27,437 [EventQueue-ContainerReportForContainerReportHandler] WARN  container.ContainerReportHandler (AbstractContainerReportHandler.java:updateContainerState(182)) - Container #1 is in OPEN state, but the datanode 8480b9c0-5cfc-430b-9047-adac07e56377{ip: 172.17.0.2, host: 282a3b4cfeb7, networkLocation: /default-rack, certSerialId: null} reports an CLOSED replica.
2020-11-25 10:35:27,545 [EventQueue-ContainerReportForContainerReportHandler] WARN  container.ContainerReportHandler (AbstractContainerReportHandler.java:updateContainerState(182)) - Container #1 is in OPEN state, but the datanode 764aab50-4a86-400e-87a3-bdf7204b618f{ip: 172.17.0.2, host: 282a3b4cfeb7, networkLocation: /default-rack, certSerialId: null} reports an CLOSED replica.
2020-11-25 10:35:27,636 [EventQueue-ContainerReportForContainerReportHandler] WARN  container.ContainerReportHandler (AbstractContainerReportHandler.java:updateContainerState(182)) - Container #1 is in OPEN state, but the datanode 8480b9c0-5cfc-430b-9047-adac07e56377{ip: 172.17.0.2, host: 282a3b4cfeb7, networkLocation: /default-rack, certSerialId: null} reports an CLOSED replica.
2020-11-25 10:35:27,945 [EventQueue-ContainerReportForContainerReportHandler] WARN  container.ContainerReportHandler (AbstractContainerReportHandler.java:updateContainerState(182)) - Container #1 is in OPEN state, but the datanode 764aab50-4a86-400e-87a3-bdf7204b618f{ip: 172.17.0.2, host: 282a3b4cfeb7, networkLocation: /default-rack, certSerialId: null} reports an CLOSED replica.
2020-11-25 10:35:28,037 [EventQueue-ContainerReportForContainerReportHandler] WARN  container.ContainerReportHandler (AbstractContainerReportHandler.java:updateContainerState(182)) - Container #1 is in OPEN state, but the datanode 8480b9c0-5cfc-430b-9047-adac07e56377{ip: 172.17.0.2, host: 282a3b4cfeb7, networkLocation: /default-rack, certSerialId: null} reports an CLOSED replica.
2020-11-25 10:35:28,237 [EventQueue-ContainerReportForContainerReportHandler] WARN  container.ContainerReportHandler (AbstractContainerReportHandler.java:updateContainerState(182)) - Container #1 is in OPEN state, but the datanode 8480b9c0-5cfc-430b-9047-adac07e56377{ip: 172.17.0.2, host: 282a3b4cfeb7, networkLocation: /default-rack, certSerialId: null} reports an CLOSED replica.
2020-11-25 10:35:28,346 [EventQueue-ContainerReportForContainerReportHandler] WARN  container.ContainerReportHandler (AbstractContainerReportHandler.java:updateContainerState(182)) - Container #1 is in OPEN state, but the datanode 764aab50-4a86-400e-87a3-bdf7204b618f{ip: 172.17.0.2, host: 282a3b4cfeb7, networkLocation: /default-rack, certSerialId: null} reports an CLOSED replica.
2020-11-25 10:35:28,538 [EventQueue-ContainerReportForContainerReportHandler] WARN  container.ContainerReportHandler (AbstractContainerReportHandler.java:updateContainerState(182)) - Container #1 is in OPEN state, but the datanode 8480b9c0-5cfc-430b-9047-adac07e56377{ip: 172.17.0.2, host: 282a3b4cfeb7, networkLocation: /default-rack, certSerialId: null} reports an CLOSED replica.
2020-11-25 10:35:28,646 [EventQueue-ContainerReportForContainerReportHandler] WARN  container.ContainerReportHandler (AbstractContainerReportHandler.java:updateContainerState(182)) - Container #1 is in OPEN state, but the datanode 764aab50-4a86-400e-87a3-bdf7204b618f{ip: 172.17.0.2, host: 282a3b4cfeb7, networkLocation: /default-rack, certSerialId: null} reports an CLOSED replica.
2020-11-25 10:35:28,739 [EventQueue-ContainerReportForContainerReportHandler] WARN  container.ContainerReportHandler (AbstractContainerReportHandler.java:updateContainerState(182)) - Container #1 is in OPEN state, but the datanode 8480b9c0-5cfc-430b-9047-adac07e56377{ip: 172.17.0.2, host: 282a3b4cfeb7, networkLocation: /default-rack, certSerialId: null} reports an CLOSED replica.
2020-11-25 10:35:28,946 [EventQueue-ContainerReportForContainerReportHandler] WARN  container.ContainerReportHandler (AbstractContainerReportHandler.java:updateContainerState(182)) - Container #1 is in OPEN state, but the datanode 764aab50-4a86-400e-87a3-bdf7204b618f{ip: 172.17.0.2, host: 282a3b4cfeb7, networkLocation: /default-rack, certSerialId: null} reports an CLOSED replica.
2020-11-25 10:35:29,139 [EventQueue-ContainerReportForContainerReportHandler] WARN  container.ContainerReportHandler (AbstractContainerReportHandler.java:updateContainerState(182)) - Container #1 is in OPEN state, but the datanode 8480b9c0-5cfc-430b-9047-adac07e56377{ip: 172.17.0.2, host: 282a3b4cfeb7, networkLocation: /default-rack, certSerialId: null} reports an CLOSED replica.
2020-11-25 10:35:29,246 [EventQueue-ContainerReportForContainerReportHandler] WARN  container.ContainerReportHandler (AbstractContainerReportHandler.java:updateContainerState(182)) - Container #1 is in OPEN state, but the datanode 764aab50-4a86-400e-87a3-bdf7204b618f{ip: 172.17.0.2, host: 282a3b4cfeb7, networkLocation: /default-rack, certSerialId: null} reports an CLOSED replica.
2020-11-25 10:35:29,439 [EventQueue-ContainerReportForContainerReportHandler] WARN  container.ContainerReportHandler (AbstractContainerReportHandler.java:updateContainerState(182)) - Container #1 is in OPEN state, but the datanode 8480b9c0-5cfc-430b-9047-adac07e56377{ip: 172.17.0.2, host: 282a3b4cfeb7, networkLocation: /default-rack, certSerialId: null} reports an CLOSED replica.
2020-11-25 10:35:29,547 [EventQueue-ContainerReportForContainerReportHandler] WARN  container.ContainerReportHandler (AbstractContainerReportHandler.java:updateContainerState(182)) - Container #1 is in OPEN state, but the datanode 764aab50-4a86-400e-87a3-bdf7204b618f{ip: 172.17.0.2, host: 282a3b4cfeb7, networkLocation: /default-rack, certSerialId: null} reports an CLOSED replica.
2020-11-25 10:35:29,746 [EventQueue-ContainerReportForContainerReportHandler] WARN  container.ContainerReportHandler (AbstractContainerReportHandler.java:updateContainerState(182)) - Container #1 is in OPEN state, but the datanode 764aab50-4a86-400e-87a3-bdf7204b618f{ip: 172.17.0.2, host: 282a3b4cfeb7, networkLocation: /default-rack, certSerialId: null} reports an CLOSED replica.
2020-11-25 10:35:29,759 [grpc-default-executor-0] WARN  server.GrpcLogAppender (LogUtils.java:warn(122)) - 8480b9c0-5cfc-430b-9047-adac07e56377@group-C457AB8721D5->dab95924-0a6b-4573-a804-c369a72f7a37-AppendLogResponseHandler: Failed appendEntries: org.apache.ratis.thirdparty.io.grpc.StatusRuntimeException: UNAVAILABLE: io exception
2020-11-25 10:35:29,760 [grpc-default-executor-0] WARN  server.GrpcLogAppender (GrpcLogAppender.java:resetClient(107)) - 8480b9c0-5cfc-430b-9047-adac07e56377@group-C457AB8721D5->dab95924-0a6b-4573-a804-c369a72f7a37-GrpcLogAppender: Leader has not got in touch with Follower 8480b9c0-5cfc-430b-9047-adac07e56377@group-C457AB8721D5->dab95924-0a6b-4573-a804-c369a72f7a37(c0,m0,n7, attendVote=true, lastRpcSendTime=2501, lastRpcResponseTime=70078) yet, just keep nextIndex unchanged and retry.
2020-11-25 10:35:29,841 [EventQueue-ContainerReportForContainerReportHandler] WARN  container.ContainerReportHandler (AbstractContainerReportHandler.java:updateContainerState(182)) - Container #1 is in OPEN state, but the datanode 8480b9c0-5cfc-430b-9047-adac07e56377{ip: 172.17.0.2, host: 282a3b4cfeb7, networkLocation: /default-rack, certSerialId: null} reports an CLOSED replica.
2020-11-25 10:35:30,047 [EventQueue-ContainerReportForContainerReportHandler] WARN  container.ContainerReportHandler (AbstractContainerReportHandler.java:updateContainerState(182)) - Container #1 is in OPEN state, but the datanode 764aab50-4a86-400e-87a3-bdf7204b618f{ip: 172.17.0.2, host: 282a3b4cfeb7, networkLocation: /default-rack, certSerialId: null} reports an CLOSED replica.
2020-11-25 10:35:30,140 [EventQueue-ContainerReportForContainerReportHandler] WARN  container.ContainerReportHandler (AbstractContainerReportHandler.java:updateContainerState(182)) - Container #1 is in OPEN state, but the datanode 8480b9c0-5cfc-430b-9047-adac07e56377{ip: 172.17.0.2, host: 282a3b4cfeb7, networkLocation: /default-rack, certSerialId: null} reports an CLOSED replica.
2020-11-25 10:35:30,346 [EventQueue-ContainerReportForContainerReportHandler] WARN  container.ContainerReportHandler (AbstractContainerReportHandler.java:updateContainerState(182)) - Container #1 is in OPEN state, but the datanode 764aab50-4a86-400e-87a3-bdf7204b618f{ip: 172.17.0.2, host: 282a3b4cfeb7, networkLocation: /default-rack, certSerialId: null} reports an CLOSED replica.
2020-11-25 10:35:30,439 [EventQueue-ContainerReportForContainerReportHandler] WARN  container.ContainerReportHandler (AbstractContainerReportHandler.java:updateContainerState(182)) - Container #1 is in OPEN state, but the datanode 8480b9c0-5cfc-430b-9047-adac07e56377{ip: 172.17.0.2, host: 282a3b4cfeb7, networkLocation: /default-rack, certSerialId: null} reports an CLOSED replica.
2020-11-25 10:35:30,640 [EventQueue-ContainerReportForContainerReportHandler] WARN  container.ContainerReportHandler (AbstractContainerReportHandler.java:updateContainerState(182)) - Container #1 is in OPEN state, but the datanode 8480b9c0-5cfc-430b-9047-adac07e56377{ip: 172.17.0.2, host: 282a3b4cfeb7, networkLocation: /default-rack, certSerialId: null} reports an CLOSED replica.
2020-11-25 10:35:30,646 [EventQueue-ContainerReportForContainerReportHandler] WARN  container.ContainerReportHandler (AbstractContainerReportHandler.java:updateContainerState(182)) - Container #1 is in OPEN state, but the datanode 764aab50-4a86-400e-87a3-bdf7204b618f{ip: 172.17.0.2, host: 282a3b4cfeb7, networkLocation: /default-rack, certSerialId: null} reports an CLOSED replica.
2020-11-25 10:35:30,846 [EventQueue-ContainerReportForContainerReportHandler] WARN  container.ContainerReportHandler (AbstractContainerReportHandler.java:updateContainerState(182)) - Container #1 is in OPEN state, but the datanode 764aab50-4a86-400e-87a3-bdf7204b618f{ip: 172.17.0.2, host: 282a3b4cfeb7, networkLocation: /default-rack, certSerialId: null} reports an CLOSED replica.
2020-11-25 10:35:31,040 [EventQueue-ContainerReportForContainerReportHandler] WARN  container.ContainerReportHandler (AbstractContainerReportHandler.java:updateContainerState(182)) - Container #1 is in OPEN state, but the datanode 8480b9c0-5cfc-430b-9047-adac07e56377{ip: 172.17.0.2, host: 282a3b4cfeb7, networkLocation: /default-rack, certSerialId: null} reports an CLOSED replica.
2020-11-25 10:35:31,148 [EventQueue-ContainerReportForContainerReportHandler] WARN  container.ContainerReportHandler (AbstractContainerReportHandler.java:updateContainerState(182)) - Container #1 is in OPEN state, but the datanode 764aab50-4a86-400e-87a3-bdf7204b618f{ip: 172.17.0.2, host: 282a3b4cfeb7, networkLocation: /default-rack, certSerialId: null} reports an CLOSED replica.
2020-11-25 10:35:31,341 [EventQueue-ContainerReportForContainerReportHandler] WARN  container.ContainerReportHandler (AbstractContainerReportHandler.java:updateContainerState(182)) - Container #1 is in OPEN state, but the datanode 8480b9c0-5cfc-430b-9047-adac07e56377{ip: 172.17.0.2, host: 282a3b4cfeb7, networkLocation: /default-rack, certSerialId: null} reports an CLOSED replica.
2020-11-25 10:35:31,448 [EventQueue-ContainerReportForContainerReportHandler] WARN  container.ContainerReportHandler (AbstractContainerReportHandler.java:updateContainerState(182)) - Container #1 is in OPEN state, but the datanode 764aab50-4a86-400e-87a3-bdf7204b618f{ip: 172.17.0.2, host: 282a3b4cfeb7, networkLocation: /default-rack, certSerialId: null} reports an CLOSED replica.
2020-11-25 10:35:31,641 [EventQueue-ContainerReportForContainerReportHandler] WARN  container.ContainerReportHandler (AbstractContainerReportHandler.java:updateContainerState(182)) - Container #1 is in OPEN state, but the datanode 8480b9c0-5cfc-430b-9047-adac07e56377{ip: 172.17.0.2, host: 282a3b4cfeb7, networkLocation: /default-rack, certSerialId: null} reports an CLOSED replica.
2020-11-25 10:35:31,648 [EventQueue-ContainerReportForContainerReportHandler] WARN  container.ContainerReportHandler (AbstractContainerReportHandler.java:updateContainerState(182)) - Container #1 is in OPEN state, but the datanode 764aab50-4a86-400e-87a3-bdf7204b618f{ip: 172.17.0.2, host: 282a3b4cfeb7, networkLocation: /default-rack, certSerialId: null} reports an CLOSED replica.
2020-11-25 10:35:31,842 [EventQueue-ContainerReportForContainerReportHandler] WARN  container.ContainerReportHandler (AbstractContainerReportHandler.java:updateContainerState(182)) - Container #1 is in OPEN state, but the datanode 8480b9c0-5cfc-430b-9047-adac07e56377{ip: 172.17.0.2, host: 282a3b4cfeb7, networkLocation: /default-rack, certSerialId: null} reports an CLOSED replica.
2020-11-25 10:35:31,948 [EventQueue-ContainerReportForContainerReportHandler] WARN  container.ContainerReportHandler (AbstractContainerReportHandler.java:updateContainerState(182)) - Container #1 is in OPEN state, but the datanode 764aab50-4a86-400e-87a3-bdf7204b618f{ip: 172.17.0.2, host: 282a3b4cfeb7, networkLocation: /default-rack, certSerialId: null} reports an CLOSED replica.
2020-11-25 10:35:32,142 [EventQueue-ContainerReportForContainerReportHandler] WARN  container.ContainerReportHandler (AbstractContainerReportHandler.java:updateContainerState(182)) - Container #1 is in OPEN state, but the datanode 8480b9c0-5cfc-430b-9047-adac07e56377{ip: 172.17.0.2, host: 282a3b4cfeb7, networkLocation: /default-rack, certSerialId: null} reports an CLOSED replica.
2020-11-25 10:35:32,249 [EventQueue-ContainerReportForContainerReportHandler] WARN  container.ContainerReportHandler (AbstractContainerReportHandler.java:updateContainerState(182)) - Container #1 is in OPEN state, but the datanode 764aab50-4a86-400e-87a3-bdf7204b618f{ip: 172.17.0.2, host: 282a3b4cfeb7, networkLocation: /default-rack, certSerialId: null} reports an CLOSED replica.
2020-11-25 10:35:32,260 [grpc-default-executor-0] WARN  server.GrpcLogAppender (LogUtils.java:warn(122)) - 8480b9c0-5cfc-430b-9047-adac07e56377@group-C457AB8721D5->dab95924-0a6b-4573-a804-c369a72f7a37-AppendLogResponseHandler: Failed appendEntries: org.apache.ratis.thirdparty.io.grpc.StatusRuntimeException: UNAVAILABLE: io exception
2020-11-25 10:35:32,261 [grpc-default-executor-0] WARN  server.GrpcLogAppender (GrpcLogAppender.java:resetClient(107)) - 8480b9c0-5cfc-430b-9047-adac07e56377@group-C457AB8721D5->dab95924-0a6b-4573-a804-c369a72f7a37-GrpcLogAppender: Leader has not got in touch with Follower 8480b9c0-5cfc-430b-9047-adac07e56377@group-C457AB8721D5->dab95924-0a6b-4573-a804-c369a72f7a37(c0,m0,n7, attendVote=true, lastRpcSendTime=0, lastRpcResponseTime=72579) yet, just keep nextIndex unchanged and retry.
2020-11-25 10:35:32,450 [EventQueue-ContainerReportForContainerReportHandler] WARN  container.ContainerReportHandler (AbstractContainerReportHandler.java:updateContainerState(182)) - Container #1 is in OPEN state, but the datanode 764aab50-4a86-400e-87a3-bdf7204b618f{ip: 172.17.0.2, host: 282a3b4cfeb7, networkLocation: /default-rack, certSerialId: null} reports an CLOSED replica.
2020-11-25 10:35:32,541 [EventQueue-ContainerReportForContainerReportHandler] WARN  container.ContainerReportHandler (AbstractContainerReportHandler.java:updateContainerState(182)) - Container #1 is in OPEN state, but the datanode 8480b9c0-5cfc-430b-9047-adac07e56377{ip: 172.17.0.2, host: 282a3b4cfeb7, networkLocation: /default-rack, certSerialId: null} reports an CLOSED replica.
2020-11-25 10:35:32,742 [EventQueue-ContainerReportForContainerReportHandler] WARN  container.ContainerReportHandler (AbstractContainerReportHandler.java:updateContainerState(182)) - Container #1 is in OPEN state, but the datanode 8480b9c0-5cfc-430b-9047-adac07e56377{ip: 172.17.0.2, host: 282a3b4cfeb7, networkLocation: /default-rack, certSerialId: null} reports an CLOSED replica.
2020-11-25 10:35:32,749 [EventQueue-ContainerReportForContainerReportHandler] WARN  container.ContainerReportHandler (AbstractContainerReportHandler.java:updateContainerState(182)) - Container #1 is in OPEN state, but the datanode 764aab50-4a86-400e-87a3-bdf7204b618f{ip: 172.17.0.2, host: 282a3b4cfeb7, networkLocation: /default-rack, certSerialId: null} reports an CLOSED replica.
2020-11-25 10:35:33,042 [EventQueue-ContainerReportForContainerReportHandler] WARN  container.ContainerReportHandler (AbstractContainerReportHandler.java:updateContainerState(182)) - Container #1 is in OPEN state, but the datanode 8480b9c0-5cfc-430b-9047-adac07e56377{ip: 172.17.0.2, host: 282a3b4cfeb7, networkLocation: /default-rack, certSerialId: null} reports an CLOSED replica.
2020-11-25 10:35:33,050 [EventQueue-ContainerReportForContainerReportHandler] WARN  container.ContainerReportHandler (AbstractContainerReportHandler.java:updateContainerState(182)) - Container #1 is in OPEN state, but the datanode 764aab50-4a86-400e-87a3-bdf7204b618f{ip: 172.17.0.2, host: 282a3b4cfeb7, networkLocation: /default-rack, certSerialId: null} reports an CLOSED replica.
2020-11-25 10:35:33,342 [EventQueue-ContainerReportForContainerReportHandler] WARN  container.ContainerReportHandler (AbstractContainerReportHandler.java:updateContainerState(182)) - Container #1 is in OPEN state, but the datanode 8480b9c0-5cfc-430b-9047-adac07e56377{ip: 172.17.0.2, host: 282a3b4cfeb7, networkLocation: /default-rack, certSerialId: null} reports an CLOSED replica.
2020-11-25 10:35:33,450 [EventQueue-ContainerReportForContainerReportHandler] WARN  container.ContainerReportHandler (AbstractContainerReportHandler.java:updateContainerState(182)) - Container #1 is in OPEN state, but the datanode 764aab50-4a86-400e-87a3-bdf7204b618f{ip: 172.17.0.2, host: 282a3b4cfeb7, networkLocation: /default-rack, certSerialId: null} reports an CLOSED replica.
2020-11-25 10:35:33,744 [EventQueue-ContainerReportForContainerReportHandler] WARN  container.ContainerReportHandler (AbstractContainerReportHandler.java:updateContainerState(182)) - Container #1 is in OPEN state, but the datanode 8480b9c0-5cfc-430b-9047-adac07e56377{ip: 172.17.0.2, host: 282a3b4cfeb7, networkLocation: /default-rack, certSerialId: null} reports an CLOSED replica.
2020-11-25 10:35:33,750 [EventQueue-ContainerReportForContainerReportHandler] WARN  container.ContainerReportHandler (AbstractContainerReportHandler.java:updateContainerState(182)) - Container #1 is in OPEN state, but the datanode 764aab50-4a86-400e-87a3-bdf7204b618f{ip: 172.17.0.2, host: 282a3b4cfeb7, networkLocation: /default-rack, certSerialId: null} reports an CLOSED replica.
2020-11-25 10:35:34,044 [EventQueue-ContainerReportForContainerReportHandler] WARN  container.ContainerReportHandler (AbstractContainerReportHandler.java:updateContainerState(182)) - Container #1 is in OPEN state, but the datanode 8480b9c0-5cfc-430b-9047-adac07e56377{ip: 172.17.0.2, host: 282a3b4cfeb7, networkLocation: /default-rack, certSerialId: null} reports an CLOSED replica.
2020-11-25 10:35:34,052 [EventQueue-ContainerReportForContainerReportHandler] WARN  container.ContainerReportHandler (AbstractContainerReportHandler.java:updateContainerState(182)) - Container #1 is in OPEN state, but the datanode 764aab50-4a86-400e-87a3-bdf7204b618f{ip: 172.17.0.2, host: 282a3b4cfeb7, networkLocation: /default-rack, certSerialId: null} reports an CLOSED replica.
2020-11-25 10:35:34,245 [EventQueue-ContainerReportForContainerReportHandler] WARN  container.ContainerReportHandler (AbstractContainerReportHandler.java:updateContainerState(182)) - Container #1 is in OPEN state, but the datanode 8480b9c0-5cfc-430b-9047-adac07e56377{ip: 172.17.0.2, host: 282a3b4cfeb7, networkLocation: /default-rack, certSerialId: null} reports an CLOSED replica.
2020-11-25 10:35:34,352 [EventQueue-ContainerReportForContainerReportHandler] WARN  container.ContainerReportHandler (AbstractContainerReportHandler.java:updateContainerState(182)) - Container #1 is in OPEN state, but the datanode 764aab50-4a86-400e-87a3-bdf7204b618f{ip: 172.17.0.2, host: 282a3b4cfeb7, networkLocation: /default-rack, certSerialId: null} reports an CLOSED replica.
2020-11-25 10:35:34,547 [EventQueue-ContainerReportForContainerReportHandler] WARN  container.ContainerReportHandler (AbstractContainerReportHandler.java:updateContainerState(182)) - Container #1 is in OPEN state, but the datanode 8480b9c0-5cfc-430b-9047-adac07e56377{ip: 172.17.0.2, host: 282a3b4cfeb7, networkLocation: /default-rack, certSerialId: null} reports an CLOSED replica.
2020-11-25 10:35:34,752 [EventQueue-ContainerReportForContainerReportHandler] WARN  container.ContainerReportHandler (AbstractContainerReportHandler.java:updateContainerState(182)) - Container #1 is in OPEN state, but the datanode 764aab50-4a86-400e-87a3-bdf7204b618f{ip: 172.17.0.2, host: 282a3b4cfeb7, networkLocation: /default-rack, certSerialId: null} reports an CLOSED replica.
2020-11-25 10:35:34,761 [grpc-default-executor-0] WARN  server.GrpcLogAppender (LogUtils.java:warn(122)) - 8480b9c0-5cfc-430b-9047-adac07e56377@group-C457AB8721D5->dab95924-0a6b-4573-a804-c369a72f7a37-AppendLogResponseHandler: Failed appendEntries: org.apache.ratis.thirdparty.io.grpc.StatusRuntimeException: UNAVAILABLE: io exception
2020-11-25 10:35:34,762 [grpc-default-executor-0] WARN  server.GrpcLogAppender (GrpcLogAppender.java:resetClient(107)) - 8480b9c0-5cfc-430b-9047-adac07e56377@group-C457AB8721D5->dab95924-0a6b-4573-a804-c369a72f7a37-GrpcLogAppender: Leader has not got in touch with Follower 8480b9c0-5cfc-430b-9047-adac07e56377@group-C457AB8721D5->dab95924-0a6b-4573-a804-c369a72f7a37(c0,m0,n7, attendVote=true, lastRpcSendTime=0, lastRpcResponseTime=75080) yet, just keep nextIndex unchanged and retry.
2020-11-25 10:35:34,847 [EventQueue-ContainerReportForContainerReportHandler] WARN  container.ContainerReportHandler (AbstractContainerReportHandler.java:updateContainerState(182)) - Container #1 is in OPEN state, but the datanode 8480b9c0-5cfc-430b-9047-adac07e56377{ip: 172.17.0.2, host: 282a3b4cfeb7, networkLocation: /default-rack, certSerialId: null} reports an CLOSED replica.
2020-11-25 10:35:35,052 [EventQueue-ContainerReportForContainerReportHandler] WARN  container.ContainerReportHandler (AbstractContainerReportHandler.java:updateContainerState(182)) - Container #1 is in OPEN state, but the datanode 764aab50-4a86-400e-87a3-bdf7204b618f{ip: 172.17.0.2, host: 282a3b4cfeb7, networkLocation: /default-rack, certSerialId: null} reports an CLOSED replica.
2020-11-25 10:35:35,147 [EventQueue-ContainerReportForContainerReportHandler] WARN  container.ContainerReportHandler (AbstractContainerReportHandler.java:updateContainerState(182)) - Container #1 is in OPEN state, but the datanode 8480b9c0-5cfc-430b-9047-adac07e56377{ip: 172.17.0.2, host: 282a3b4cfeb7, networkLocation: /default-rack, certSerialId: null} reports an CLOSED replica.
2020-11-25 10:35:35,347 [EventQueue-ContainerReportForContainerReportHandler] WARN  container.ContainerReportHandler (AbstractContainerReportHandler.java:updateContainerState(182)) - Container #1 is in OPEN state, but the datanode 8480b9c0-5cfc-430b-9047-adac07e56377{ip: 172.17.0.2, host: 282a3b4cfeb7, networkLocation: /default-rack, certSerialId: null} reports an CLOSED replica.
2020-11-25 10:35:35,352 [EventQueue-ContainerReportForContainerReportHandler] WARN  container.ContainerReportHandler (AbstractContainerReportHandler.java:updateContainerState(182)) - Container #1 is in OPEN state, but the datanode 764aab50-4a86-400e-87a3-bdf7204b618f{ip: 172.17.0.2, host: 282a3b4cfeb7, networkLocation: /default-rack, certSerialId: null} reports an CLOSED replica.
2020-11-25 10:35:35,654 [EventQueue-ContainerReportForContainerReportHandler] WARN  container.ContainerReportHandler (AbstractContainerReportHandler.java:updateContainerState(182)) - Container #1 is in OPEN state, but the datanode 764aab50-4a86-400e-87a3-bdf7204b618f{ip: 172.17.0.2, host: 282a3b4cfeb7, networkLocation: /default-rack, certSerialId: null} reports an CLOSED replica.
2020-11-25 10:35:35,747 [EventQueue-ContainerReportForContainerReportHandler] WARN  container.ContainerReportHandler (AbstractContainerReportHandler.java:updateContainerState(182)) - Container #1 is in OPEN state, but the datanode 8480b9c0-5cfc-430b-9047-adac07e56377{ip: 172.17.0.2, host: 282a3b4cfeb7, networkLocation: /default-rack, certSerialId: null} reports an CLOSED replica.
2020-11-25 10:35:35,955 [EventQueue-ContainerReportForContainerReportHandler] WARN  container.ContainerReportHandler (AbstractContainerReportHandler.java:updateContainerState(182)) - Container #1 is in OPEN state, but the datanode 764aab50-4a86-400e-87a3-bdf7204b618f{ip: 172.17.0.2, host: 282a3b4cfeb7, networkLocation: /default-rack, certSerialId: null} reports an CLOSED replica.
2020-11-25 10:35:36,048 [EventQueue-ContainerReportForContainerReportHandler] WARN  container.ContainerReportHandler (AbstractContainerReportHandler.java:updateContainerState(182)) - Container #1 is in OPEN state, but the datanode 8480b9c0-5cfc-430b-9047-adac07e56377{ip: 172.17.0.2, host: 282a3b4cfeb7, networkLocation: /default-rack, certSerialId: null} reports an CLOSED replica.
2020-11-25 10:35:36,155 [EventQueue-ContainerReportForContainerReportHandler] WARN  container.ContainerReportHandler (AbstractContainerReportHandler.java:updateContainerState(182)) - Container #1 is in OPEN state, but the datanode 764aab50-4a86-400e-87a3-bdf7204b618f{ip: 172.17.0.2, host: 282a3b4cfeb7, networkLocation: /default-rack, certSerialId: null} reports an CLOSED replica.
2020-11-25 10:35:36,348 [EventQueue-ContainerReportForContainerReportHandler] WARN  container.ContainerReportHandler (AbstractContainerReportHandler.java:updateContainerState(182)) - Container #1 is in OPEN state, but the datanode 8480b9c0-5cfc-430b-9047-adac07e56377{ip: 172.17.0.2, host: 282a3b4cfeb7, networkLocation: /default-rack, certSerialId: null} reports an CLOSED replica.
2020-11-25 10:35:36,555 [EventQueue-ContainerReportForContainerReportHandler] WARN  container.ContainerReportHandler (AbstractContainerReportHandler.java:updateContainerState(182)) - Container #1 is in OPEN state, but the datanode 764aab50-4a86-400e-87a3-bdf7204b618f{ip: 172.17.0.2, host: 282a3b4cfeb7, networkLocation: /default-rack, certSerialId: null} reports an CLOSED replica.
2020-11-25 10:35:36,648 [EventQueue-ContainerReportForContainerReportHandler] WARN  container.ContainerReportHandler (AbstractContainerReportHandler.java:updateContainerState(182)) - Container #1 is in OPEN state, but the datanode 8480b9c0-5cfc-430b-9047-adac07e56377{ip: 172.17.0.2, host: 282a3b4cfeb7, networkLocation: /default-rack, certSerialId: null} reports an CLOSED replica.
2020-11-25 10:35:36,755 [EventQueue-ContainerReportForContainerReportHandler] WARN  container.ContainerReportHandler (AbstractContainerReportHandler.java:updateContainerState(182)) - Container #1 is in OPEN state, but the datanode 764aab50-4a86-400e-87a3-bdf7204b618f{ip: 172.17.0.2, host: 282a3b4cfeb7, networkLocation: /default-rack, certSerialId: null} reports an CLOSED replica.
2020-11-25 10:35:36,956 [EventQueue-ContainerReportForContainerReportHandler] WARN  container.ContainerReportHandler (AbstractContainerReportHandler.java:updateContainerState(182)) - Container #1 is in OPEN state, but the datanode 764aab50-4a86-400e-87a3-bdf7204b618f{ip: 172.17.0.2, host: 282a3b4cfeb7, networkLocation: /default-rack, certSerialId: null} reports an CLOSED replica.
2020-11-25 10:35:37,049 [EventQueue-ContainerReportForContainerReportHandler] WARN  container.ContainerReportHandler (AbstractContainerReportHandler.java:updateContainerState(182)) - Container #1 is in OPEN state, but the datanode 8480b9c0-5cfc-430b-9047-adac07e56377{ip: 172.17.0.2, host: 282a3b4cfeb7, networkLocation: /default-rack, certSerialId: null} reports an CLOSED replica.
2020-11-25 10:35:37,249 [EventQueue-ContainerReportForContainerReportHandler] WARN  container.ContainerReportHandler (AbstractContainerReportHandler.java:updateContainerState(182)) - Container #1 is in OPEN state, but the datanode 8480b9c0-5cfc-430b-9047-adac07e56377{ip: 172.17.0.2, host: 282a3b4cfeb7, networkLocation: /default-rack, certSerialId: null} reports an CLOSED replica.
2020-11-25 10:35:37,256 [EventQueue-ContainerReportForContainerReportHandler] WARN  container.ContainerReportHandler (AbstractContainerReportHandler.java:updateContainerState(182)) - Container #1 is in OPEN state, but the datanode 764aab50-4a86-400e-87a3-bdf7204b618f{ip: 172.17.0.2, host: 282a3b4cfeb7, networkLocation: /default-rack, certSerialId: null} reports an CLOSED replica.
2020-11-25 10:35:37,262 [grpc-default-executor-0] WARN  server.GrpcLogAppender (LogUtils.java:warn(122)) - 8480b9c0-5cfc-430b-9047-adac07e56377@group-C457AB8721D5->dab95924-0a6b-4573-a804-c369a72f7a37-AppendLogResponseHandler: Failed appendEntries: org.apache.ratis.thirdparty.io.grpc.StatusRuntimeException: UNAVAILABLE: io exception
2020-11-25 10:35:37,263 [grpc-default-executor-0] WARN  server.GrpcLogAppender (GrpcLogAppender.java:resetClient(107)) - 8480b9c0-5cfc-430b-9047-adac07e56377@group-C457AB8721D5->dab95924-0a6b-4573-a804-c369a72f7a37-GrpcLogAppender: Leader has not got in touch with Follower 8480b9c0-5cfc-430b-9047-adac07e56377@group-C457AB8721D5->dab95924-0a6b-4573-a804-c369a72f7a37(c0,m0,n7, attendVote=true, lastRpcSendTime=0, lastRpcResponseTime=77581) yet, just keep nextIndex unchanged and retry.
2020-11-25 10:35:37,556 [EventQueue-ContainerReportForContainerReportHandler] WARN  container.ContainerReportHandler (AbstractContainerReportHandler.java:updateContainerState(182)) - Container #1 is in OPEN state, but the datanode 764aab50-4a86-400e-87a3-bdf7204b618f{ip: 172.17.0.2, host: 282a3b4cfeb7, networkLocation: /default-rack, certSerialId: null} reports an CLOSED replica.
2020-11-25 10:35:37,649 [EventQueue-ContainerReportForContainerReportHandler] WARN  container.ContainerReportHandler (AbstractContainerReportHandler.java:updateContainerState(182)) - Container #1 is in OPEN state, but the datanode 8480b9c0-5cfc-430b-9047-adac07e56377{ip: 172.17.0.2, host: 282a3b4cfeb7, networkLocation: /default-rack, certSerialId: null} reports an CLOSED replica.
2020-11-25 10:35:37,856 [EventQueue-ContainerReportForContainerReportHandler] WARN  container.ContainerReportHandler (AbstractContainerReportHandler.java:updateContainerState(182)) - Container #1 is in OPEN state, but the datanode 764aab50-4a86-400e-87a3-bdf7204b618f{ip: 172.17.0.2, host: 282a3b4cfeb7, networkLocation: /default-rack, certSerialId: null} reports an CLOSED replica.
2020-11-25 10:35:37,949 [EventQueue-ContainerReportForContainerReportHandler] WARN  container.ContainerReportHandler (AbstractContainerReportHandler.java:updateContainerState(182)) - Container #1 is in OPEN state, but the datanode 8480b9c0-5cfc-430b-9047-adac07e56377{ip: 172.17.0.2, host: 282a3b4cfeb7, networkLocation: /default-rack, certSerialId: null} reports an CLOSED replica.
2020-11-25 10:35:38,056 [EventQueue-ContainerReportForContainerReportHandler] WARN  container.ContainerReportHandler (AbstractContainerReportHandler.java:updateContainerState(182)) - Container #1 is in OPEN state, but the datanode 764aab50-4a86-400e-87a3-bdf7204b618f{ip: 172.17.0.2, host: 282a3b4cfeb7, networkLocation: /default-rack, certSerialId: null} reports an CLOSED replica.
2020-11-25 10:35:38,249 [EventQueue-ContainerReportForContainerReportHandler] WARN  container.ContainerReportHandler (AbstractContainerReportHandler.java:updateContainerState(182)) - Container #1 is in OPEN state, but the datanode 8480b9c0-5cfc-430b-9047-adac07e56377{ip: 172.17.0.2, host: 282a3b4cfeb7, networkLocation: /default-rack, certSerialId: null} reports an CLOSED replica.
2020-11-25 10:35:38,450 [EventQueue-ContainerReportForContainerReportHandler] WARN  container.ContainerReportHandler (AbstractContainerReportHandler.java:updateContainerState(182)) - Container #1 is in OPEN state, but the datanode 8480b9c0-5cfc-430b-9047-adac07e56377{ip: 172.17.0.2, host: 282a3b4cfeb7, networkLocation: /default-rack, certSerialId: null} reports an CLOSED replica.
2020-11-25 10:35:38,456 [EventQueue-ContainerReportForContainerReportHandler] WARN  container.ContainerReportHandler (AbstractContainerReportHandler.java:updateContainerState(182)) - Container #1 is in OPEN state, but the datanode 764aab50-4a86-400e-87a3-bdf7204b618f{ip: 172.17.0.2, host: 282a3b4cfeb7, networkLocation: /default-rack, certSerialId: null} reports an CLOSED replica.
2020-11-25 10:35:38,656 [EventQueue-ContainerReportForContainerReportHandler] WARN  container.ContainerReportHandler (AbstractContainerReportHandler.java:updateContainerState(182)) - Container #1 is in OPEN state, but the datanode 764aab50-4a86-400e-87a3-bdf7204b618f{ip: 172.17.0.2, host: 282a3b4cfeb7, networkLocation: /default-rack, certSerialId: null} reports an CLOSED replica.
2020-11-25 10:35:38,849 [EventQueue-ContainerReportForContainerReportHandler] WARN  container.ContainerReportHandler (AbstractContainerReportHandler.java:updateContainerState(182)) - Container #1 is in OPEN state, but the datanode 8480b9c0-5cfc-430b-9047-adac07e56377{ip: 172.17.0.2, host: 282a3b4cfeb7, networkLocation: /default-rack, certSerialId: null} reports an CLOSED replica.
2020-11-25 10:35:38,956 [EventQueue-ContainerReportForContainerReportHandler] WARN  container.ContainerReportHandler (AbstractContainerReportHandler.java:updateContainerState(182)) - Container #1 is in OPEN state, but the datanode 764aab50-4a86-400e-87a3-bdf7204b618f{ip: 172.17.0.2, host: 282a3b4cfeb7, networkLocation: /default-rack, certSerialId: null} reports an CLOSED replica.
2020-11-25 10:35:39,150 [EventQueue-ContainerReportForContainerReportHandler] WARN  container.ContainerReportHandler (AbstractContainerReportHandler.java:updateContainerState(182)) - Container #1 is in OPEN state, but the datanode 8480b9c0-5cfc-430b-9047-adac07e56377{ip: 172.17.0.2, host: 282a3b4cfeb7, networkLocation: /default-rack, certSerialId: null} reports an CLOSED replica.
2020-11-25 10:35:39,256 [EventQueue-ContainerReportForContainerReportHandler] WARN  container.ContainerReportHandler (AbstractContainerReportHandler.java:updateContainerState(182)) - Container #1 is in OPEN state, but the datanode 764aab50-4a86-400e-87a3-bdf7204b618f{ip: 172.17.0.2, host: 282a3b4cfeb7, networkLocation: /default-rack, certSerialId: null} reports an CLOSED replica.
2020-11-25 10:35:39,349 [EventQueue-ContainerReportForContainerReportHandler] WARN  container.ContainerReportHandler (AbstractContainerReportHandler.java:updateContainerState(182)) - Container #1 is in OPEN state, but the datanode 8480b9c0-5cfc-430b-9047-adac07e56377{ip: 172.17.0.2, host: 282a3b4cfeb7, networkLocation: /default-rack, certSerialId: null} reports an CLOSED replica.
2020-11-25 10:35:39,556 [EventQueue-ContainerReportForContainerReportHandler] WARN  container.ContainerReportHandler (AbstractContainerReportHandler.java:updateContainerState(182)) - Container #1 is in OPEN state, but the datanode 764aab50-4a86-400e-87a3-bdf7204b618f{ip: 172.17.0.2, host: 282a3b4cfeb7, networkLocation: /default-rack, certSerialId: null} reports an CLOSED replica.
2020-11-25 10:35:39,650 [EventQueue-ContainerReportForContainerReportHandler] WARN  container.ContainerReportHandler (AbstractContainerReportHandler.java:updateContainerState(182)) - Container #1 is in OPEN state, but the datanode 8480b9c0-5cfc-430b-9047-adac07e56377{ip: 172.17.0.2, host: 282a3b4cfeb7, networkLocation: /default-rack, certSerialId: null} reports an CLOSED replica.
2020-11-25 10:35:39,766 [grpc-default-executor-0] WARN  server.GrpcLogAppender (LogUtils.java:warn(122)) - 8480b9c0-5cfc-430b-9047-adac07e56377@group-C457AB8721D5->dab95924-0a6b-4573-a804-c369a72f7a37-AppendLogResponseHandler: Failed appendEntries: org.apache.ratis.thirdparty.io.grpc.StatusRuntimeException: UNAVAILABLE: io exception
2020-11-25 10:35:39,767 [grpc-default-executor-0] WARN  server.GrpcLogAppender (GrpcLogAppender.java:resetClient(107)) - 8480b9c0-5cfc-430b-9047-adac07e56377@group-C457AB8721D5->dab95924-0a6b-4573-a804-c369a72f7a37-GrpcLogAppender: Leader has not got in touch with Follower 8480b9c0-5cfc-430b-9047-adac07e56377@group-C457AB8721D5->dab95924-0a6b-4573-a804-c369a72f7a37(c0,m0,n7, attendVote=true, lastRpcSendTime=0, lastRpcResponseTime=80085) yet, just keep nextIndex unchanged and retry.
2020-11-25 10:35:39,856 [EventQueue-ContainerReportForContainerReportHandler] WARN  container.ContainerReportHandler (AbstractContainerReportHandler.java:updateContainerState(182)) - Container #1 is in OPEN state, but the datanode 764aab50-4a86-400e-87a3-bdf7204b618f{ip: 172.17.0.2, host: 282a3b4cfeb7, networkLocation: /default-rack, certSerialId: null} reports an CLOSED replica.
2020-11-25 10:35:40,050 [EventQueue-ContainerReportForContainerReportHandler] WARN  container.ContainerReportHandler (AbstractContainerReportHandler.java:updateContainerState(182)) - Container #1 is in OPEN state, but the datanode 8480b9c0-5cfc-430b-9047-adac07e56377{ip: 172.17.0.2, host: 282a3b4cfeb7, networkLocation: /default-rack, certSerialId: null} reports an CLOSED replica.
2020-11-25 10:35:40,156 [EventQueue-ContainerReportForContainerReportHandler] WARN  container.ContainerReportHandler (AbstractContainerReportHandler.java:updateContainerState(182)) - Container #1 is in OPEN state, but the datanode 764aab50-4a86-400e-87a3-bdf7204b618f{ip: 172.17.0.2, host: 282a3b4cfeb7, networkLocation: /default-rack, certSerialId: null} reports an CLOSED replica.
2020-11-25 10:35:40,250 [EventQueue-ContainerReportForContainerReportHandler] WARN  container.ContainerReportHandler (AbstractContainerReportHandler.java:updateContainerState(182)) - Container #1 is in OPEN state, but the datanode 8480b9c0-5cfc-430b-9047-adac07e56377{ip: 172.17.0.2, host: 282a3b4cfeb7, networkLocation: /default-rack, certSerialId: null} reports an CLOSED replica.
2020-11-25 10:35:40,450 [EventQueue-ContainerReportForContainerReportHandler] WARN  container.ContainerReportHandler (AbstractContainerReportHandler.java:updateContainerState(182)) - Container #1 is in OPEN state, but the datanode 8480b9c0-5cfc-430b-9047-adac07e56377{ip: 172.17.0.2, host: 282a3b4cfeb7, networkLocation: /default-rack, certSerialId: null} reports an CLOSED replica.
2020-11-25 10:35:40,456 [EventQueue-ContainerReportForContainerReportHandler] WARN  container.ContainerReportHandler (AbstractContainerReportHandler.java:updateContainerState(182)) - Container #1 is in OPEN state, but the datanode 764aab50-4a86-400e-87a3-bdf7204b618f{ip: 172.17.0.2, host: 282a3b4cfeb7, networkLocation: /default-rack, certSerialId: null} reports an CLOSED replica.
2020-11-25 10:35:40,850 [EventQueue-ContainerReportForContainerReportHandler] WARN  container.ContainerReportHandler (AbstractContainerReportHandler.java:updateContainerState(182)) - Container #1 is in OPEN state, but the datanode 8480b9c0-5cfc-430b-9047-adac07e56377{ip: 172.17.0.2, host: 282a3b4cfeb7, networkLocation: /default-rack, certSerialId: null} reports an CLOSED replica.
2020-11-25 10:35:40,856 [EventQueue-ContainerReportForContainerReportHandler] WARN  container.ContainerReportHandler (AbstractContainerReportHandler.java:updateContainerState(182)) - Container #1 is in OPEN state, but the datanode 764aab50-4a86-400e-87a3-bdf7204b618f{ip: 172.17.0.2, host: 282a3b4cfeb7, networkLocation: /default-rack, certSerialId: null} reports an CLOSED replica.
2020-11-25 10:35:41,056 [EventQueue-ContainerReportForContainerReportHandler] WARN  container.ContainerReportHandler (AbstractContainerReportHandler.java:updateContainerState(182)) - Container #1 is in OPEN state, but the datanode 764aab50-4a86-400e-87a3-bdf7204b618f{ip: 172.17.0.2, host: 282a3b4cfeb7, networkLocation: /default-rack, certSerialId: null} reports an CLOSED replica.
2020-11-25 10:35:41,150 [EventQueue-ContainerReportForContainerReportHandler] WARN  container.ContainerReportHandler (AbstractContainerReportHandler.java:updateContainerState(182)) - Container #1 is in OPEN state, but the datanode 8480b9c0-5cfc-430b-9047-adac07e56377{ip: 172.17.0.2, host: 282a3b4cfeb7, networkLocation: /default-rack, certSerialId: null} reports an CLOSED replica.
2020-11-25 10:35:41,357 [EventQueue-ContainerReportForContainerReportHandler] WARN  container.ContainerReportHandler (AbstractContainerReportHandler.java:updateContainerState(182)) - Container #1 is in OPEN state, but the datanode 764aab50-4a86-400e-87a3-bdf7204b618f{ip: 172.17.0.2, host: 282a3b4cfeb7, networkLocation: /default-rack, certSerialId: null} reports an CLOSED replica.
2020-11-25 10:35:41,451 [EventQueue-ContainerReportForContainerReportHandler] WARN  container.ContainerReportHandler (AbstractContainerReportHandler.java:updateContainerState(182)) - Container #1 is in OPEN state, but the datanode 8480b9c0-5cfc-430b-9047-adac07e56377{ip: 172.17.0.2, host: 282a3b4cfeb7, networkLocation: /default-rack, certSerialId: null} reports an CLOSED replica.
2020-11-25 10:35:41,757 [EventQueue-ContainerReportForContainerReportHandler] WARN  container.ContainerReportHandler (AbstractContainerReportHandler.java:updateContainerState(182)) - Container #1 is in OPEN state, but the datanode 764aab50-4a86-400e-87a3-bdf7204b618f{ip: 172.17.0.2, host: 282a3b4cfeb7, networkLocation: /default-rack, certSerialId: null} reports an CLOSED replica.
2020-11-25 10:35:41,851 [EventQueue-ContainerReportForContainerReportHandler] WARN  container.ContainerReportHandler (AbstractContainerReportHandler.java:updateContainerState(182)) - Container #1 is in OPEN state, but the datanode 8480b9c0-5cfc-430b-9047-adac07e56377{ip: 172.17.0.2, host: 282a3b4cfeb7, networkLocation: /default-rack, certSerialId: null} reports an CLOSED replica.
2020-11-25 10:35:42,057 [EventQueue-ContainerReportForContainerReportHandler] WARN  container.ContainerReportHandler (AbstractContainerReportHandler.java:updateContainerState(182)) - Container #1 is in OPEN state, but the datanode 764aab50-4a86-400e-87a3-bdf7204b618f{ip: 172.17.0.2, host: 282a3b4cfeb7, networkLocation: /default-rack, certSerialId: null} reports an CLOSED replica.
2020-11-25 10:35:42,251 [EventQueue-ContainerReportForContainerReportHandler] WARN  container.ContainerReportHandler (AbstractContainerReportHandler.java:updateContainerState(182)) - Container #1 is in OPEN state, but the datanode 8480b9c0-5cfc-430b-9047-adac07e56377{ip: 172.17.0.2, host: 282a3b4cfeb7, networkLocation: /default-rack, certSerialId: null} reports an CLOSED replica.
2020-11-25 10:35:42,267 [grpc-default-executor-0] WARN  server.GrpcLogAppender (LogUtils.java:warn(122)) - 8480b9c0-5cfc-430b-9047-adac07e56377@group-C457AB8721D5->dab95924-0a6b-4573-a804-c369a72f7a37-AppendLogResponseHandler: Failed appendEntries: org.apache.ratis.thirdparty.io.grpc.StatusRuntimeException: UNAVAILABLE: io exception
2020-11-25 10:35:42,267 [grpc-default-executor-0] WARN  server.GrpcLogAppender (GrpcLogAppender.java:resetClient(107)) - 8480b9c0-5cfc-430b-9047-adac07e56377@group-C457AB8721D5->dab95924-0a6b-4573-a804-c369a72f7a37-GrpcLogAppender: Leader has not got in touch with Follower 8480b9c0-5cfc-430b-9047-adac07e56377@group-C457AB8721D5->dab95924-0a6b-4573-a804-c369a72f7a37(c0,m0,n7, attendVote=true, lastRpcSendTime=2501, lastRpcResponseTime=82585) yet, just keep nextIndex unchanged and retry.
2020-11-25 10:35:42,358 [EventQueue-ContainerReportForContainerReportHandler] WARN  container.ContainerReportHandler (AbstractContainerReportHandler.java:updateContainerState(182)) - Container #1 is in OPEN state, but the datanode 764aab50-4a86-400e-87a3-bdf7204b618f{ip: 172.17.0.2, host: 282a3b4cfeb7, networkLocation: /default-rack, certSerialId: null} reports an CLOSED replica.
2020-11-25 10:35:42,451 [EventQueue-ContainerReportForContainerReportHandler] WARN  container.ContainerReportHandler (AbstractContainerReportHandler.java:updateContainerState(182)) - Container #1 is in OPEN state, but the datanode 8480b9c0-5cfc-430b-9047-adac07e56377{ip: 172.17.0.2, host: 282a3b4cfeb7, networkLocation: /default-rack, certSerialId: null} reports an CLOSED replica.
2020-11-25 10:35:42,559 [EventQueue-ContainerReportForContainerReportHandler] WARN  container.ContainerReportHandler (AbstractContainerReportHandler.java:updateContainerState(182)) - Container #1 is in OPEN state, but the datanode 764aab50-4a86-400e-87a3-bdf7204b618f{ip: 172.17.0.2, host: 282a3b4cfeb7, networkLocation: /default-rack, certSerialId: null} reports an CLOSED replica.
2020-11-25 10:35:42,752 [EventQueue-ContainerReportForContainerReportHandler] WARN  container.ContainerReportHandler (AbstractContainerReportHandler.java:updateContainerState(182)) - Container #1 is in OPEN state, but the datanode 8480b9c0-5cfc-430b-9047-adac07e56377{ip: 172.17.0.2, host: 282a3b4cfeb7, networkLocation: /default-rack, certSerialId: null} reports an CLOSED replica.
2020-11-25 10:35:42,951 [EventQueue-ContainerReportForContainerReportHandler] WARN  container.ContainerReportHandler (AbstractContainerReportHandler.java:updateContainerState(182)) - Container #1 is in OPEN state, but the datanode 8480b9c0-5cfc-430b-9047-adac07e56377{ip: 172.17.0.2, host: 282a3b4cfeb7, networkLocation: /default-rack, certSerialId: null} reports an CLOSED replica.
2020-11-25 10:35:42,959 [EventQueue-ContainerReportForContainerReportHandler] WARN  container.ContainerReportHandler (AbstractContainerReportHandler.java:updateContainerState(182)) - Container #1 is in OPEN state, but the datanode 764aab50-4a86-400e-87a3-bdf7204b618f{ip: 172.17.0.2, host: 282a3b4cfeb7, networkLocation: /default-rack, certSerialId: null} reports an CLOSED replica.
2020-11-25 10:35:43,259 [EventQueue-ContainerReportForContainerReportHandler] WARN  container.ContainerReportHandler (AbstractContainerReportHandler.java:updateContainerState(182)) - Container #1 is in OPEN state, but the datanode 764aab50-4a86-400e-87a3-bdf7204b618f{ip: 172.17.0.2, host: 282a3b4cfeb7, networkLocation: /default-rack, certSerialId: null} reports an CLOSED replica.
2020-11-25 10:35:43,352 [EventQueue-ContainerReportForContainerReportHandler] WARN  container.ContainerReportHandler (AbstractContainerReportHandler.java:updateContainerState(182)) - Container #1 is in OPEN state, but the datanode 8480b9c0-5cfc-430b-9047-adac07e56377{ip: 172.17.0.2, host: 282a3b4cfeb7, networkLocation: /default-rack, certSerialId: null} reports an CLOSED replica.
2020-11-25 10:35:43,652 [EventQueue-ContainerReportForContainerReportHandler] WARN  container.ContainerReportHandler (AbstractContainerReportHandler.java:updateContainerState(182)) - Container #1 is in OPEN state, but the datanode 8480b9c0-5cfc-430b-9047-adac07e56377{ip: 172.17.0.2, host: 282a3b4cfeb7, networkLocation: /default-rack, certSerialId: null} reports an CLOSED replica.
2020-11-25 10:35:43,659 [EventQueue-ContainerReportForContainerReportHandler] WARN  container.ContainerReportHandler (AbstractContainerReportHandler.java:updateContainerState(182)) - Container #1 is in OPEN state, but the datanode 764aab50-4a86-400e-87a3-bdf7204b618f{ip: 172.17.0.2, host: 282a3b4cfeb7, networkLocation: /default-rack, certSerialId: null} reports an CLOSED replica.
2020-11-25 10:35:43,952 [EventQueue-ContainerReportForContainerReportHandler] WARN  container.ContainerReportHandler (AbstractContainerReportHandler.java:updateContainerState(182)) - Container #1 is in OPEN state, but the datanode 8480b9c0-5cfc-430b-9047-adac07e56377{ip: 172.17.0.2, host: 282a3b4cfeb7, networkLocation: /default-rack, certSerialId: null} reports an CLOSED replica.
2020-11-25 10:35:44,060 [EventQueue-ContainerReportForContainerReportHandler] WARN  container.ContainerReportHandler (AbstractContainerReportHandler.java:updateContainerState(182)) - Container #1 is in OPEN state, but the datanode 764aab50-4a86-400e-87a3-bdf7204b618f{ip: 172.17.0.2, host: 282a3b4cfeb7, networkLocation: /default-rack, certSerialId: null} reports an CLOSED replica.
2020-11-25 10:35:44,252 [EventQueue-ContainerReportForContainerReportHandler] WARN  container.ContainerReportHandler (AbstractContainerReportHandler.java:updateContainerState(182)) - Container #1 is in OPEN state, but the datanode 8480b9c0-5cfc-430b-9047-adac07e56377{ip: 172.17.0.2, host: 282a3b4cfeb7, networkLocation: /default-rack, certSerialId: null} reports an CLOSED replica.
2020-11-25 10:35:44,360 [EventQueue-ContainerReportForContainerReportHandler] WARN  container.ContainerReportHandler (AbstractContainerReportHandler.java:updateContainerState(182)) - Container #1 is in OPEN state, but the datanode 764aab50-4a86-400e-87a3-bdf7204b618f{ip: 172.17.0.2, host: 282a3b4cfeb7, networkLocation: /default-rack, certSerialId: null} reports an CLOSED replica.
2020-11-25 10:35:44,554 [EventQueue-ContainerReportForContainerReportHandler] WARN  container.ContainerReportHandler (AbstractContainerReportHandler.java:updateContainerState(182)) - Container #1 is in OPEN state, but the datanode 8480b9c0-5cfc-430b-9047-adac07e56377{ip: 172.17.0.2, host: 282a3b4cfeb7, networkLocation: /default-rack, certSerialId: null} reports an CLOSED replica.
2020-11-25 10:35:44,660 [EventQueue-ContainerReportForContainerReportHandler] WARN  container.ContainerReportHandler (AbstractContainerReportHandler.java:updateContainerState(182)) - Container #1 is in OPEN state, but the datanode 764aab50-4a86-400e-87a3-bdf7204b618f{ip: 172.17.0.2, host: 282a3b4cfeb7, networkLocation: /default-rack, certSerialId: null} reports an CLOSED replica.
2020-11-25 10:35:44,769 [grpc-default-executor-0] WARN  server.GrpcLogAppender (LogUtils.java:warn(122)) - 8480b9c0-5cfc-430b-9047-adac07e56377@group-C457AB8721D5->dab95924-0a6b-4573-a804-c369a72f7a37-AppendLogResponseHandler: Failed appendEntries: org.apache.ratis.thirdparty.io.grpc.StatusRuntimeException: UNAVAILABLE: io exception
2020-11-25 10:35:44,769 [grpc-default-executor-0] WARN  server.GrpcLogAppender (GrpcLogAppender.java:resetClient(107)) - 8480b9c0-5cfc-430b-9047-adac07e56377@group-C457AB8721D5->dab95924-0a6b-4573-a804-c369a72f7a37-GrpcLogAppender: Leader has not got in touch with Follower 8480b9c0-5cfc-430b-9047-adac07e56377@group-C457AB8721D5->dab95924-0a6b-4573-a804-c369a72f7a37(c0,m0,n7, attendVote=true, lastRpcSendTime=0, lastRpcResponseTime=85087) yet, just keep nextIndex unchanged and retry.
2020-11-25 10:35:44,953 [EventQueue-ContainerReportForContainerReportHandler] WARN  container.ContainerReportHandler (AbstractContainerReportHandler.java:updateContainerState(182)) - Container #1 is in OPEN state, but the datanode 8480b9c0-5cfc-430b-9047-adac07e56377{ip: 172.17.0.2, host: 282a3b4cfeb7, networkLocation: /default-rack, certSerialId: null} reports an CLOSED replica.
2020-11-25 10:35:45,060 [EventQueue-ContainerReportForContainerReportHandler] WARN  container.ContainerReportHandler (AbstractContainerReportHandler.java:updateContainerState(182)) - Container #1 is in OPEN state, but the datanode 764aab50-4a86-400e-87a3-bdf7204b618f{ip: 172.17.0.2, host: 282a3b4cfeb7, networkLocation: /default-rack, certSerialId: null} reports an CLOSED replica.
2020-11-25 10:35:45,357 [EventQueue-ContainerReportForContainerReportHandler] WARN  container.ContainerReportHandler (AbstractContainerReportHandler.java:updateContainerState(182)) - Container #1 is in OPEN state, but the datanode 8480b9c0-5cfc-430b-9047-adac07e56377{ip: 172.17.0.2, host: 282a3b4cfeb7, networkLocation: /default-rack, certSerialId: null} reports an CLOSED replica.
2020-11-25 10:35:45,360 [EventQueue-ContainerReportForContainerReportHandler] WARN  container.ContainerReportHandler (AbstractContainerReportHandler.java:updateContainerState(182)) - Container #1 is in OPEN state, but the datanode 764aab50-4a86-400e-87a3-bdf7204b618f{ip: 172.17.0.2, host: 282a3b4cfeb7, networkLocation: /default-rack, certSerialId: null} reports an CLOSED replica.
2020-11-25 10:35:45,557 [EventQueue-ContainerReportForContainerReportHandler] WARN  container.ContainerReportHandler (AbstractContainerReportHandler.java:updateContainerState(182)) - Container #1 is in OPEN state, but the datanode 8480b9c0-5cfc-430b-9047-adac07e56377{ip: 172.17.0.2, host: 282a3b4cfeb7, networkLocation: /default-rack, certSerialId: null} reports an CLOSED replica.
2020-11-25 10:35:45,660 [EventQueue-ContainerReportForContainerReportHandler] WARN  container.ContainerReportHandler (AbstractContainerReportHandler.java:updateContainerState(182)) - Container #1 is in OPEN state, but the datanode 764aab50-4a86-400e-87a3-bdf7204b618f{ip: 172.17.0.2, host: 282a3b4cfeb7, networkLocation: /default-rack, certSerialId: null} reports an CLOSED replica.
2020-11-25 10:35:45,957 [EventQueue-ContainerReportForContainerReportHandler] WARN  container.ContainerReportHandler (AbstractContainerReportHandler.java:updateContainerState(182)) - Container #1 is in OPEN state, but the datanode 8480b9c0-5cfc-430b-9047-adac07e56377{ip: 172.17.0.2, host: 282a3b4cfeb7, networkLocation: /default-rack, certSerialId: null} reports an CLOSED replica.
2020-11-25 10:35:45,960 [EventQueue-ContainerReportForContainerReportHandler] WARN  container.ContainerReportHandler (AbstractContainerReportHandler.java:updateContainerState(182)) - Container #1 is in OPEN state, but the datanode 764aab50-4a86-400e-87a3-bdf7204b618f{ip: 172.17.0.2, host: 282a3b4cfeb7, networkLocation: /default-rack, certSerialId: null} reports an CLOSED replica.
2020-11-25 10:35:46,257 [EventQueue-ContainerReportForContainerReportHandler] WARN  container.ContainerReportHandler (AbstractContainerReportHandler.java:updateContainerState(182)) - Container #1 is in OPEN state, but the datanode 8480b9c0-5cfc-430b-9047-adac07e56377{ip: 172.17.0.2, host: 282a3b4cfeb7, networkLocation: /default-rack, certSerialId: null} reports an CLOSED replica.
2020-11-25 10:35:46,260 [EventQueue-ContainerReportForContainerReportHandler] WARN  container.ContainerReportHandler (AbstractContainerReportHandler.java:updateContainerState(182)) - Container #1 is in OPEN state, but the datanode 764aab50-4a86-400e-87a3-bdf7204b618f{ip: 172.17.0.2, host: 282a3b4cfeb7, networkLocation: /default-rack, certSerialId: null} reports an CLOSED replica.
2020-11-25 10:35:46,657 [EventQueue-ContainerReportForContainerReportHandler] WARN  container.ContainerReportHandler (AbstractContainerReportHandler.java:updateContainerState(182)) - Container #1 is in OPEN state, but the datanode 8480b9c0-5cfc-430b-9047-adac07e56377{ip: 172.17.0.2, host: 282a3b4cfeb7, networkLocation: /default-rack, certSerialId: null} reports an CLOSED replica.
2020-11-25 10:35:46,660 [EventQueue-ContainerReportForContainerReportHandler] WARN  container.ContainerReportHandler (AbstractContainerReportHandler.java:updateContainerState(182)) - Container #1 is in OPEN state, but the datanode 764aab50-4a86-400e-87a3-bdf7204b618f{ip: 172.17.0.2, host: 282a3b4cfeb7, networkLocation: /default-rack, certSerialId: null} reports an CLOSED replica.
2020-11-25 10:35:46,957 [EventQueue-ContainerReportForContainerReportHandler] WARN  container.ContainerReportHandler (AbstractContainerReportHandler.java:updateContainerState(182)) - Container #1 is in OPEN state, but the datanode 8480b9c0-5cfc-430b-9047-adac07e56377{ip: 172.17.0.2, host: 282a3b4cfeb7, networkLocation: /default-rack, certSerialId: null} reports an CLOSED replica.
2020-11-25 10:35:46,961 [EventQueue-ContainerReportForContainerReportHandler] WARN  container.ContainerReportHandler (AbstractContainerReportHandler.java:updateContainerState(182)) - Container #1 is in OPEN state, but the datanode 764aab50-4a86-400e-87a3-bdf7204b618f{ip: 172.17.0.2, host: 282a3b4cfeb7, networkLocation: /default-rack, certSerialId: null} reports an CLOSED replica.
2020-11-25 10:35:47,157 [EventQueue-ContainerReportForContainerReportHandler] WARN  container.ContainerReportHandler (AbstractContainerReportHandler.java:updateContainerState(182)) - Container #1 is in OPEN state, but the datanode 8480b9c0-5cfc-430b-9047-adac07e56377{ip: 172.17.0.2, host: 282a3b4cfeb7, networkLocation: /default-rack, certSerialId: null} reports an CLOSED replica.
2020-11-25 10:35:47,261 [EventQueue-ContainerReportForContainerReportHandler] WARN  container.ContainerReportHandler (AbstractContainerReportHandler.java:updateContainerState(182)) - Container #1 is in OPEN state, but the datanode 764aab50-4a86-400e-87a3-bdf7204b618f{ip: 172.17.0.2, host: 282a3b4cfeb7, networkLocation: /default-rack, certSerialId: null} reports an CLOSED replica.
2020-11-25 10:35:47,270 [grpc-default-executor-0] WARN  server.GrpcLogAppender (LogUtils.java:warn(122)) - 8480b9c0-5cfc-430b-9047-adac07e56377@group-C457AB8721D5->dab95924-0a6b-4573-a804-c369a72f7a37-AppendLogResponseHandler: Failed appendEntries: org.apache.ratis.thirdparty.io.grpc.StatusRuntimeException: UNAVAILABLE: io exception
2020-11-25 10:35:47,270 [grpc-default-executor-0] WARN  server.GrpcLogAppender (GrpcLogAppender.java:resetClient(107)) - 8480b9c0-5cfc-430b-9047-adac07e56377@group-C457AB8721D5->dab95924-0a6b-4573-a804-c369a72f7a37-GrpcLogAppender: Leader has not got in touch with Follower 8480b9c0-5cfc-430b-9047-adac07e56377@group-C457AB8721D5->dab95924-0a6b-4573-a804-c369a72f7a37(c0,m0,n7, attendVote=true, lastRpcSendTime=0, lastRpcResponseTime=87588) yet, just keep nextIndex unchanged and retry.
2020-11-25 10:35:47,557 [EventQueue-ContainerReportForContainerReportHandler] WARN  container.ContainerReportHandler (AbstractContainerReportHandler.java:updateContainerState(182)) - Container #1 is in OPEN state, but the datanode 8480b9c0-5cfc-430b-9047-adac07e56377{ip: 172.17.0.2, host: 282a3b4cfeb7, networkLocation: /default-rack, certSerialId: null} reports an CLOSED replica.
2020-11-25 10:35:47,561 [EventQueue-ContainerReportForContainerReportHandler] WARN  container.ContainerReportHandler (AbstractContainerReportHandler.java:updateContainerState(182)) - Container #1 is in OPEN state, but the datanode 764aab50-4a86-400e-87a3-bdf7204b618f{ip: 172.17.0.2, host: 282a3b4cfeb7, networkLocation: /default-rack, certSerialId: null} reports an CLOSED replica.
2020-11-25 10:35:47,758 [EventQueue-ContainerReportForContainerReportHandler] WARN  container.ContainerReportHandler (AbstractContainerReportHandler.java:updateContainerState(182)) - Container #1 is in OPEN state, but the datanode 8480b9c0-5cfc-430b-9047-adac07e56377{ip: 172.17.0.2, host: 282a3b4cfeb7, networkLocation: /default-rack, certSerialId: null} reports an CLOSED replica.
2020-11-25 10:35:47,861 [EventQueue-ContainerReportForContainerReportHandler] WARN  container.ContainerReportHandler (AbstractContainerReportHandler.java:updateContainerState(182)) - Container #1 is in OPEN state, but the datanode 764aab50-4a86-400e-87a3-bdf7204b618f{ip: 172.17.0.2, host: 282a3b4cfeb7, networkLocation: /default-rack, certSerialId: null} reports an CLOSED replica.
2020-11-25 10:35:48,158 [EventQueue-ContainerReportForContainerReportHandler] WARN  container.ContainerReportHandler (AbstractContainerReportHandler.java:updateContainerState(182)) - Container #1 is in OPEN state, but the datanode 8480b9c0-5cfc-430b-9047-adac07e56377{ip: 172.17.0.2, host: 282a3b4cfeb7, networkLocation: /default-rack, certSerialId: null} reports an CLOSED replica.
2020-11-25 10:35:48,161 [EventQueue-ContainerReportForContainerReportHandler] WARN  container.ContainerReportHandler (AbstractContainerReportHandler.java:updateContainerState(182)) - Container #1 is in OPEN state, but the datanode 764aab50-4a86-400e-87a3-bdf7204b618f{ip: 172.17.0.2, host: 282a3b4cfeb7, networkLocation: /default-rack, certSerialId: null} reports an CLOSED replica.
2020-11-25 10:35:48,358 [EventQueue-ContainerReportForContainerReportHandler] WARN  container.ContainerReportHandler (AbstractContainerReportHandler.java:updateContainerState(182)) - Container #1 is in OPEN state, but the datanode 8480b9c0-5cfc-430b-9047-adac07e56377{ip: 172.17.0.2, host: 282a3b4cfeb7, networkLocation: /default-rack, certSerialId: null} reports an CLOSED replica.
2020-11-25 10:35:48,561 [EventQueue-ContainerReportForContainerReportHandler] WARN  container.ContainerReportHandler (AbstractContainerReportHandler.java:updateContainerState(182)) - Container #1 is in OPEN state, but the datanode 764aab50-4a86-400e-87a3-bdf7204b618f{ip: 172.17.0.2, host: 282a3b4cfeb7, networkLocation: /default-rack, certSerialId: null} reports an CLOSED replica.
2020-11-25 10:35:48,658 [EventQueue-ContainerReportForContainerReportHandler] WARN  container.ContainerReportHandler (AbstractContainerReportHandler.java:updateContainerState(182)) - Container #1 is in OPEN state, but the datanode 8480b9c0-5cfc-430b-9047-adac07e56377{ip: 172.17.0.2, host: 282a3b4cfeb7, networkLocation: /default-rack, certSerialId: null} reports an CLOSED replica.
2020-11-25 10:35:48,761 [EventQueue-ContainerReportForContainerReportHandler] WARN  container.ContainerReportHandler (AbstractContainerReportHandler.java:updateContainerState(182)) - Container #1 is in OPEN state, but the datanode 764aab50-4a86-400e-87a3-bdf7204b618f{ip: 172.17.0.2, host: 282a3b4cfeb7, networkLocation: /default-rack, certSerialId: null} reports an CLOSED replica.
2020-11-25 10:35:49,058 [EventQueue-ContainerReportForContainerReportHandler] WARN  container.ContainerReportHandler (AbstractContainerReportHandler.java:updateContainerState(182)) - Container #1 is in OPEN state, but the datanode 8480b9c0-5cfc-430b-9047-adac07e56377{ip: 172.17.0.2, host: 282a3b4cfeb7, networkLocation: /default-rack, certSerialId: null} reports an CLOSED replica.
2020-11-25 10:35:49,061 [EventQueue-ContainerReportForContainerReportHandler] WARN  container.ContainerReportHandler (AbstractContainerReportHandler.java:updateContainerState(182)) - Container #1 is in OPEN state, but the datanode 764aab50-4a86-400e-87a3-bdf7204b618f{ip: 172.17.0.2, host: 282a3b4cfeb7, networkLocation: /default-rack, certSerialId: null} reports an CLOSED replica.
2020-11-25 10:35:49,358 [EventQueue-ContainerReportForContainerReportHandler] WARN  container.ContainerReportHandler (AbstractContainerReportHandler.java:updateContainerState(182)) - Container #1 is in OPEN state, but the datanode 8480b9c0-5cfc-430b-9047-adac07e56377{ip: 172.17.0.2, host: 282a3b4cfeb7, networkLocation: /default-rack, certSerialId: null} reports an CLOSED replica.
2020-11-25 10:35:49,361 [EventQueue-ContainerReportForContainerReportHandler] WARN  container.ContainerReportHandler (AbstractContainerReportHandler.java:updateContainerState(182)) - Container #1 is in OPEN state, but the datanode 764aab50-4a86-400e-87a3-bdf7204b618f{ip: 172.17.0.2, host: 282a3b4cfeb7, networkLocation: /default-rack, certSerialId: null} reports an CLOSED replica.
2020-11-25 10:35:49,561 [EventQueue-ContainerReportForContainerReportHandler] WARN  container.ContainerReportHandler (AbstractContainerReportHandler.java:updateContainerState(182)) - Container #1 is in OPEN state, but the datanode 764aab50-4a86-400e-87a3-bdf7204b618f{ip: 172.17.0.2, host: 282a3b4cfeb7, networkLocation: /default-rack, certSerialId: null} reports an CLOSED replica.
2020-11-25 10:35:49,659 [EventQueue-ContainerReportForContainerReportHandler] WARN  container.ContainerReportHandler (AbstractContainerReportHandler.java:updateContainerState(182)) - Container #1 is in OPEN state, but the datanode 8480b9c0-5cfc-430b-9047-adac07e56377{ip: 172.17.0.2, host: 282a3b4cfeb7, networkLocation: /default-rack, certSerialId: null} reports an CLOSED replica.
2020-11-25 10:35:49,784 [grpc-default-executor-0] WARN  server.GrpcLogAppender (LogUtils.java:warn(122)) - 8480b9c0-5cfc-430b-9047-adac07e56377@group-C457AB8721D5->dab95924-0a6b-4573-a804-c369a72f7a37-AppendLogResponseHandler: Failed appendEntries: org.apache.ratis.thirdparty.io.grpc.StatusRuntimeException: UNAVAILABLE: io exception
2020-11-25 10:35:49,785 [grpc-default-executor-0] WARN  server.GrpcLogAppender (GrpcLogAppender.java:resetClient(107)) - 8480b9c0-5cfc-430b-9047-adac07e56377@group-C457AB8721D5->dab95924-0a6b-4573-a804-c369a72f7a37-GrpcLogAppender: Leader has not got in touch with Follower 8480b9c0-5cfc-430b-9047-adac07e56377@group-C457AB8721D5->dab95924-0a6b-4573-a804-c369a72f7a37(c0,m0,n7, attendVote=true, lastRpcSendTime=0, lastRpcResponseTime=90103) yet, just keep nextIndex unchanged and retry.
2020-11-25 10:35:49,863 [EventQueue-ContainerReportForContainerReportHandler] WARN  container.ContainerReportHandler (AbstractContainerReportHandler.java:updateContainerState(182)) - Container #1 is in OPEN state, but the datanode 764aab50-4a86-400e-87a3-bdf7204b618f{ip: 172.17.0.2, host: 282a3b4cfeb7, networkLocation: /default-rack, certSerialId: null} reports an CLOSED replica.
2020-11-25 10:35:50,058 [EventQueue-ContainerReportForContainerReportHandler] WARN  container.ContainerReportHandler (AbstractContainerReportHandler.java:updateContainerState(182)) - Container #1 is in OPEN state, but the datanode 8480b9c0-5cfc-430b-9047-adac07e56377{ip: 172.17.0.2, host: 282a3b4cfeb7, networkLocation: /default-rack, certSerialId: null} reports an CLOSED replica.
2020-11-25 10:35:50,264 [EventQueue-ContainerReportForContainerReportHandler] WARN  container.ContainerReportHandler (AbstractContainerReportHandler.java:updateContainerState(182)) - Container #1 is in OPEN state, but the datanode 764aab50-4a86-400e-87a3-bdf7204b618f{ip: 172.17.0.2, host: 282a3b4cfeb7, networkLocation: /default-rack, certSerialId: null} reports an CLOSED replica.
2020-11-25 10:35:50,359 [EventQueue-ContainerReportForContainerReportHandler] WARN  container.ContainerReportHandler (AbstractContainerReportHandler.java:updateContainerState(182)) - Container #1 is in OPEN state, but the datanode 8480b9c0-5cfc-430b-9047-adac07e56377{ip: 172.17.0.2, host: 282a3b4cfeb7, networkLocation: /default-rack, certSerialId: null} reports an CLOSED replica.
2020-11-25 10:35:50,464 [EventQueue-ContainerReportForContainerReportHandler] WARN  container.ContainerReportHandler (AbstractContainerReportHandler.java:updateContainerState(182)) - Container #1 is in OPEN state, but the datanode 764aab50-4a86-400e-87a3-bdf7204b618f{ip: 172.17.0.2, host: 282a3b4cfeb7, networkLocation: /default-rack, certSerialId: null} reports an CLOSED replica.
2020-11-25 10:35:50,760 [EventQueue-ContainerReportForContainerReportHandler] WARN  container.ContainerReportHandler (AbstractContainerReportHandler.java:updateContainerState(182)) - Container #1 is in OPEN state, but the datanode 8480b9c0-5cfc-430b-9047-adac07e56377{ip: 172.17.0.2, host: 282a3b4cfeb7, networkLocation: /default-rack, certSerialId: null} reports an CLOSED replica.
2020-11-25 10:35:50,764 [EventQueue-ContainerReportForContainerReportHandler] WARN  container.ContainerReportHandler (AbstractContainerReportHandler.java:updateContainerState(182)) - Container #1 is in OPEN state, but the datanode 764aab50-4a86-400e-87a3-bdf7204b618f{ip: 172.17.0.2, host: 282a3b4cfeb7, networkLocation: /default-rack, certSerialId: null} reports an CLOSED replica.
2020-11-25 10:35:51,159 [EventQueue-ContainerReportForContainerReportHandler] WARN  container.ContainerReportHandler (AbstractContainerReportHandler.java:updateContainerState(182)) - Container #1 is in OPEN state, but the datanode 8480b9c0-5cfc-430b-9047-adac07e56377{ip: 172.17.0.2, host: 282a3b4cfeb7, networkLocation: /default-rack, certSerialId: null} reports an CLOSED replica.
2020-11-25 10:35:51,165 [EventQueue-ContainerReportForContainerReportHandler] WARN  container.ContainerReportHandler (AbstractContainerReportHandler.java:updateContainerState(182)) - Container #1 is in OPEN state, but the datanode 764aab50-4a86-400e-87a3-bdf7204b618f{ip: 172.17.0.2, host: 282a3b4cfeb7, networkLocation: /default-rack, certSerialId: null} reports an CLOSED replica.
2020-11-25 10:35:51,359 [EventQueue-ContainerReportForContainerReportHandler] WARN  container.ContainerReportHandler (AbstractContainerReportHandler.java:updateContainerState(182)) - Container #1 is in OPEN state, but the datanode 8480b9c0-5cfc-430b-9047-adac07e56377{ip: 172.17.0.2, host: 282a3b4cfeb7, networkLocation: /default-rack, certSerialId: null} reports an CLOSED replica.
2020-11-25 10:35:51,365 [EventQueue-ContainerReportForContainerReportHandler] WARN  container.ContainerReportHandler (AbstractContainerReportHandler.java:updateContainerState(182)) - Container #1 is in OPEN state, but the datanode 764aab50-4a86-400e-87a3-bdf7204b618f{ip: 172.17.0.2, host: 282a3b4cfeb7, networkLocation: /default-rack, certSerialId: null} reports an CLOSED replica.
2020-11-25 10:35:51,659 [EventQueue-ContainerReportForContainerReportHandler] WARN  container.ContainerReportHandler (AbstractContainerReportHandler.java:updateContainerState(182)) - Container #1 is in OPEN state, but the datanode 8480b9c0-5cfc-430b-9047-adac07e56377{ip: 172.17.0.2, host: 282a3b4cfeb7, networkLocation: /default-rack, certSerialId: null} reports an CLOSED replica.
2020-11-25 10:35:51,665 [EventQueue-ContainerReportForContainerReportHandler] WARN  container.ContainerReportHandler (AbstractContainerReportHandler.java:updateContainerState(182)) - Container #1 is in OPEN state, but the datanode 764aab50-4a86-400e-87a3-bdf7204b618f{ip: 172.17.0.2, host: 282a3b4cfeb7, networkLocation: /default-rack, certSerialId: null} reports an CLOSED replica.
2020-11-25 10:35:51,865 [EventQueue-ContainerReportForContainerReportHandler] WARN  container.ContainerReportHandler (AbstractContainerReportHandler.java:updateContainerState(182)) - Container #1 is in OPEN state, but the datanode 764aab50-4a86-400e-87a3-bdf7204b618f{ip: 172.17.0.2, host: 282a3b4cfeb7, networkLocation: /default-rack, certSerialId: null} reports an CLOSED replica.
2020-11-25 10:35:51,960 [EventQueue-ContainerReportForContainerReportHandler] WARN  container.ContainerReportHandler (AbstractContainerReportHandler.java:updateContainerState(182)) - Container #1 is in OPEN state, but the datanode 8480b9c0-5cfc-430b-9047-adac07e56377{ip: 172.17.0.2, host: 282a3b4cfeb7, networkLocation: /default-rack, certSerialId: null} reports an CLOSED replica.
2020-11-25 10:35:52,159 [EventQueue-ContainerReportForContainerReportHandler] WARN  container.ContainerReportHandler (AbstractContainerReportHandler.java:updateContainerState(182)) - Container #1 is in OPEN state, but the datanode 8480b9c0-5cfc-430b-9047-adac07e56377{ip: 172.17.0.2, host: 282a3b4cfeb7, networkLocation: /default-rack, certSerialId: null} reports an CLOSED replica.
2020-11-25 10:35:52,265 [EventQueue-ContainerReportForContainerReportHandler] WARN  container.ContainerReportHandler (AbstractContainerReportHandler.java:updateContainerState(182)) - Container #1 is in OPEN state, but the datanode 764aab50-4a86-400e-87a3-bdf7204b618f{ip: 172.17.0.2, host: 282a3b4cfeb7, networkLocation: /default-rack, certSerialId: null} reports an CLOSED replica.
2020-11-25 10:35:52,285 [grpc-default-executor-0] WARN  server.GrpcLogAppender (LogUtils.java:warn(122)) - 8480b9c0-5cfc-430b-9047-adac07e56377@group-C457AB8721D5->dab95924-0a6b-4573-a804-c369a72f7a37-AppendLogResponseHandler: Failed appendEntries: org.apache.ratis.thirdparty.io.grpc.StatusRuntimeException: UNAVAILABLE: io exception
2020-11-25 10:35:52,286 [grpc-default-executor-0] WARN  server.GrpcLogAppender (GrpcLogAppender.java:resetClient(107)) - 8480b9c0-5cfc-430b-9047-adac07e56377@group-C457AB8721D5->dab95924-0a6b-4573-a804-c369a72f7a37-GrpcLogAppender: Leader has not got in touch with Follower 8480b9c0-5cfc-430b-9047-adac07e56377@group-C457AB8721D5->dab95924-0a6b-4573-a804-c369a72f7a37(c0,m0,n7, attendVote=true, lastRpcSendTime=0, lastRpcResponseTime=92604) yet, just keep nextIndex unchanged and retry.
2020-11-25 10:35:52,560 [EventQueue-ContainerReportForContainerReportHandler] WARN  container.ContainerReportHandler (AbstractContainerReportHandler.java:updateContainerState(182)) - Container #1 is in OPEN state, but the datanode 8480b9c0-5cfc-430b-9047-adac07e56377{ip: 172.17.0.2, host: 282a3b4cfeb7, networkLocation: /default-rack, certSerialId: null} reports an CLOSED replica.
2020-11-25 10:35:52,565 [EventQueue-ContainerReportForContainerReportHandler] WARN  container.ContainerReportHandler (AbstractContainerReportHandler.java:updateContainerState(182)) - Container #1 is in OPEN state, but the datanode 764aab50-4a86-400e-87a3-bdf7204b618f{ip: 172.17.0.2, host: 282a3b4cfeb7, networkLocation: /default-rack, certSerialId: null} reports an CLOSED replica.
2020-11-25 10:35:52,761 [EventQueue-ContainerReportForContainerReportHandler] WARN  container.ContainerReportHandler (AbstractContainerReportHandler.java:updateContainerState(182)) - Container #1 is in OPEN state, but the datanode 8480b9c0-5cfc-430b-9047-adac07e56377{ip: 172.17.0.2, host: 282a3b4cfeb7, networkLocation: /default-rack, certSerialId: null} reports an CLOSED replica.
2020-11-25 10:35:52,866 [EventQueue-ContainerReportForContainerReportHandler] WARN  container.ContainerReportHandler (AbstractContainerReportHandler.java:updateContainerState(182)) - Container #1 is in OPEN state, but the datanode 764aab50-4a86-400e-87a3-bdf7204b618f{ip: 172.17.0.2, host: 282a3b4cfeb7, networkLocation: /default-rack, certSerialId: null} reports an CLOSED replica.
2020-11-25 10:35:53,062 [EventQueue-ContainerReportForContainerReportHandler] WARN  container.ContainerReportHandler (AbstractContainerReportHandler.java:updateContainerState(182)) - Container #1 is in OPEN state, but the datanode 8480b9c0-5cfc-430b-9047-adac07e56377{ip: 172.17.0.2, host: 282a3b4cfeb7, networkLocation: /default-rack, certSerialId: null} reports an CLOSED replica.
2020-11-25 10:35:53,167 [EventQueue-ContainerReportForContainerReportHandler] WARN  container.ContainerReportHandler (AbstractContainerReportHandler.java:updateContainerState(182)) - Container #1 is in OPEN state, but the datanode 764aab50-4a86-400e-87a3-bdf7204b618f{ip: 172.17.0.2, host: 282a3b4cfeb7, networkLocation: /default-rack, certSerialId: null} reports an CLOSED replica.
2020-11-25 10:35:53,362 [EventQueue-ContainerReportForContainerReportHandler] WARN  container.ContainerReportHandler (AbstractContainerReportHandler.java:updateContainerState(182)) - Container #1 is in OPEN state, but the datanode 8480b9c0-5cfc-430b-9047-adac07e56377{ip: 172.17.0.2, host: 282a3b4cfeb7, networkLocation: /default-rack, certSerialId: null} reports an CLOSED replica.
2020-11-25 10:35:53,467 [EventQueue-ContainerReportForContainerReportHandler] WARN  container.ContainerReportHandler (AbstractContainerReportHandler.java:updateContainerState(182)) - Container #1 is in OPEN state, but the datanode 764aab50-4a86-400e-87a3-bdf7204b618f{ip: 172.17.0.2, host: 282a3b4cfeb7, networkLocation: /default-rack, certSerialId: null} reports an CLOSED replica.
2020-11-25 10:35:53,765 [EventQueue-ContainerReportForContainerReportHandler] WARN  container.ContainerReportHandler (AbstractContainerReportHandler.java:updateContainerState(182)) - Container #1 is in OPEN state, but the datanode 8480b9c0-5cfc-430b-9047-adac07e56377{ip: 172.17.0.2, host: 282a3b4cfeb7, networkLocation: /default-rack, certSerialId: null} reports an CLOSED replica.
2020-11-25 10:35:53,767 [EventQueue-ContainerReportForContainerReportHandler] WARN  container.ContainerReportHandler (AbstractContainerReportHandler.java:updateContainerState(182)) - Container #1 is in OPEN state, but the datanode 764aab50-4a86-400e-87a3-bdf7204b618f{ip: 172.17.0.2, host: 282a3b4cfeb7, networkLocation: /default-rack, certSerialId: null} reports an CLOSED replica.
2020-11-25 10:35:53,964 [EventQueue-ContainerReportForContainerReportHandler] WARN  container.ContainerReportHandler (AbstractContainerReportHandler.java:updateContainerState(182)) - Container #1 is in OPEN state, but the datanode 8480b9c0-5cfc-430b-9047-adac07e56377{ip: 172.17.0.2, host: 282a3b4cfeb7, networkLocation: /default-rack, certSerialId: null} reports an CLOSED replica.
2020-11-25 10:35:54,164 [EventQueue-ContainerReportForContainerReportHandler] WARN  container.ContainerReportHandler (AbstractContainerReportHandler.java:updateContainerState(182)) - Container #1 is in OPEN state, but the datanode 8480b9c0-5cfc-430b-9047-adac07e56377{ip: 172.17.0.2, host: 282a3b4cfeb7, networkLocation: /default-rack, certSerialId: null} reports an CLOSED replica.
2020-11-25 10:35:54,167 [EventQueue-ContainerReportForContainerReportHandler] WARN  container.ContainerReportHandler (AbstractContainerReportHandler.java:updateContainerState(182)) - Container #1 is in OPEN state, but the datanode 764aab50-4a86-400e-87a3-bdf7204b618f{ip: 172.17.0.2, host: 282a3b4cfeb7, networkLocation: /default-rack, certSerialId: null} reports an CLOSED replica.
2020-11-25 10:35:54,364 [EventQueue-ContainerReportForContainerReportHandler] WARN  container.ContainerReportHandler (AbstractContainerReportHandler.java:updateContainerState(182)) - Container #1 is in OPEN state, but the datanode 8480b9c0-5cfc-430b-9047-adac07e56377{ip: 172.17.0.2, host: 282a3b4cfeb7, networkLocation: /default-rack, certSerialId: null} reports an CLOSED replica.
2020-11-25 10:35:54,468 [EventQueue-ContainerReportForContainerReportHandler] WARN  container.ContainerReportHandler (AbstractContainerReportHandler.java:updateContainerState(182)) - Container #1 is in OPEN state, but the datanode 764aab50-4a86-400e-87a3-bdf7204b618f{ip: 172.17.0.2, host: 282a3b4cfeb7, networkLocation: /default-rack, certSerialId: null} reports an CLOSED replica.
2020-11-25 10:35:54,665 [EventQueue-ContainerReportForContainerReportHandler] WARN  container.ContainerReportHandler (AbstractContainerReportHandler.java:updateContainerState(182)) - Container #1 is in OPEN state, but the datanode 8480b9c0-5cfc-430b-9047-adac07e56377{ip: 172.17.0.2, host: 282a3b4cfeb7, networkLocation: /default-rack, certSerialId: null} reports an CLOSED replica.
2020-11-25 10:35:54,786 [grpc-default-executor-0] WARN  server.GrpcLogAppender (LogUtils.java:warn(122)) - 8480b9c0-5cfc-430b-9047-adac07e56377@group-C457AB8721D5->dab95924-0a6b-4573-a804-c369a72f7a37-AppendLogResponseHandler: Failed appendEntries: org.apache.ratis.thirdparty.io.grpc.StatusRuntimeException: UNAVAILABLE: io exception
2020-11-25 10:35:54,787 [grpc-default-executor-0] WARN  server.GrpcLogAppender (GrpcLogAppender.java:resetClient(107)) - 8480b9c0-5cfc-430b-9047-adac07e56377@group-C457AB8721D5->dab95924-0a6b-4573-a804-c369a72f7a37-GrpcLogAppender: Leader has not got in touch with Follower 8480b9c0-5cfc-430b-9047-adac07e56377@group-C457AB8721D5->dab95924-0a6b-4573-a804-c369a72f7a37(c0,m0,n7, attendVote=true, lastRpcSendTime=0, lastRpcResponseTime=95105) yet, just keep nextIndex unchanged and retry.
2020-11-25 10:35:54,864 [EventQueue-ContainerReportForContainerReportHandler] WARN  container.ContainerReportHandler (AbstractContainerReportHandler.java:updateContainerState(182)) - Container #1 is in OPEN state, but the datanode 8480b9c0-5cfc-430b-9047-adac07e56377{ip: 172.17.0.2, host: 282a3b4cfeb7, networkLocation: /default-rack, certSerialId: null} reports an CLOSED replica.
2020-11-25 10:35:54,868 [EventQueue-ContainerReportForContainerReportHandler] WARN  container.ContainerReportHandler (AbstractContainerReportHandler.java:updateContainerState(182)) - Container #1 is in OPEN state, but the datanode 764aab50-4a86-400e-87a3-bdf7204b618f{ip: 172.17.0.2, host: 282a3b4cfeb7, networkLocation: /default-rack, certSerialId: null} reports an CLOSED replica.
2020-11-25 10:35:55,164 [EventQueue-ContainerReportForContainerReportHandler] WARN  container.ContainerReportHandler (AbstractContainerReportHandler.java:updateContainerState(182)) - Container #1 is in OPEN state, but the datanode 8480b9c0-5cfc-430b-9047-adac07e56377{ip: 172.17.0.2, host: 282a3b4cfeb7, networkLocation: /default-rack, certSerialId: null} reports an CLOSED replica.
2020-11-25 10:35:55,168 [EventQueue-ContainerReportForContainerReportHandler] WARN  container.ContainerReportHandler (AbstractContainerReportHandler.java:updateContainerState(182)) - Container #1 is in OPEN state, but the datanode 764aab50-4a86-400e-87a3-bdf7204b618f{ip: 172.17.0.2, host: 282a3b4cfeb7, networkLocation: /default-rack, certSerialId: null} reports an CLOSED replica.
2020-11-25 10:35:55,464 [EventQueue-ContainerReportForContainerReportHandler] WARN  container.ContainerReportHandler (AbstractContainerReportHandler.java:updateContainerState(182)) - Container #1 is in OPEN state, but the datanode 8480b9c0-5cfc-430b-9047-adac07e56377{ip: 172.17.0.2, host: 282a3b4cfeb7, networkLocation: /default-rack, certSerialId: null} reports an CLOSED replica.
2020-11-25 10:35:55,468 [EventQueue-ContainerReportForContainerReportHandler] WARN  container.ContainerReportHandler (AbstractContainerReportHandler.java:updateContainerState(182)) - Container #1 is in OPEN state, but the datanode 764aab50-4a86-400e-87a3-bdf7204b618f{ip: 172.17.0.2, host: 282a3b4cfeb7, networkLocation: /default-rack, certSerialId: null} reports an CLOSED replica.
2020-11-25 10:35:55,668 [EventQueue-ContainerReportForContainerReportHandler] WARN  container.ContainerReportHandler (AbstractContainerReportHandler.java:updateContainerState(182)) - Container #1 is in OPEN state, but the datanode 764aab50-4a86-400e-87a3-bdf7204b618f{ip: 172.17.0.2, host: 282a3b4cfeb7, networkLocation: /default-rack, certSerialId: null} reports an CLOSED replica.
2020-11-25 10:35:55,764 [EventQueue-ContainerReportForContainerReportHandler] WARN  container.ContainerReportHandler (AbstractContainerReportHandler.java:updateContainerState(182)) - Container #1 is in OPEN state, but the datanode 8480b9c0-5cfc-430b-9047-adac07e56377{ip: 172.17.0.2, host: 282a3b4cfeb7, networkLocation: /default-rack, certSerialId: null} reports an CLOSED replica.
2020-11-25 10:35:55,869 [EventQueue-ContainerReportForContainerReportHandler] WARN  container.ContainerReportHandler (AbstractContainerReportHandler.java:updateContainerState(182)) - Container #1 is in OPEN state, but the datanode 764aab50-4a86-400e-87a3-bdf7204b618f{ip: 172.17.0.2, host: 282a3b4cfeb7, networkLocation: /default-rack, certSerialId: null} reports an CLOSED replica.
2020-11-25 10:35:56,064 [EventQueue-ContainerReportForContainerReportHandler] WARN  container.ContainerReportHandler (AbstractContainerReportHandler.java:updateContainerState(182)) - Container #1 is in OPEN state, but the datanode 8480b9c0-5cfc-430b-9047-adac07e56377{ip: 172.17.0.2, host: 282a3b4cfeb7, networkLocation: /default-rack, certSerialId: null} reports an CLOSED replica.
2020-11-25 10:35:56,070 [EventQueue-StaleNodeForStaleNodeHandler] INFO  node.StaleNodeHandler (StaleNodeHandler.java:onMessage(58)) - Datanode dab95924-0a6b-4573-a804-c369a72f7a37{ip: 172.17.0.2, host: 282a3b4cfeb7, networkLocation: /default-rack, certSerialId: null} moved to stale state. Finalizing its pipelines [PipelineID=02551242-eb8a-4e1c-abb4-c457ab8721d5, PipelineID=d4a8b973-d16d-4464-a029-3f389127220a]
2020-11-25 10:35:56,070 [EventQueue-StaleNodeForStaleNodeHandler] INFO  pipeline.SCMPipelineManager (SCMPipelineManager.java:finalizeAndDestroyPipeline(482)) - Destroying pipeline:Pipeline[ Id: 02551242-eb8a-4e1c-abb4-c457ab8721d5, Nodes: dab95924-0a6b-4573-a804-c369a72f7a37{ip: 172.17.0.2, host: 282a3b4cfeb7, networkLocation: /default-rack, certSerialId: null}764aab50-4a86-400e-87a3-bdf7204b618f{ip: 172.17.0.2, host: 282a3b4cfeb7, networkLocation: /default-rack, certSerialId: null}8480b9c0-5cfc-430b-9047-adac07e56377{ip: 172.17.0.2, host: 282a3b4cfeb7, networkLocation: /default-rack, certSerialId: null}, Type:RATIS, Factor:THREE, State:OPEN, leaderId:8480b9c0-5cfc-430b-9047-adac07e56377, CreationTimestamp2020-11-25T10:34:06.477Z]
2020-11-25 10:35:56,070 [EventQueue-StaleNodeForStaleNodeHandler] INFO  pipeline.PipelineStateManager (PipelineStateManager.java:finalizePipeline(121)) - Pipeline Pipeline[ Id: 02551242-eb8a-4e1c-abb4-c457ab8721d5, Nodes: dab95924-0a6b-4573-a804-c369a72f7a37{ip: 172.17.0.2, host: 282a3b4cfeb7, networkLocation: /default-rack, certSerialId: null}764aab50-4a86-400e-87a3-bdf7204b618f{ip: 172.17.0.2, host: 282a3b4cfeb7, networkLocation: /default-rack, certSerialId: null}8480b9c0-5cfc-430b-9047-adac07e56377{ip: 172.17.0.2, host: 282a3b4cfeb7, networkLocation: /default-rack, certSerialId: null}, Type:RATIS, Factor:THREE, State:CLOSED, leaderId:8480b9c0-5cfc-430b-9047-adac07e56377, CreationTimestamp2020-11-25T10:34:06.477Z] moved to CLOSED state
2020-11-25 10:35:56,071 [EventQueue-CloseContainerForCloseContainerEventHandler] INFO  container.CloseContainerEventHandler (CloseContainerEventHandler.java:onMessage(61)) - Close container Event triggered for container : #1
2020-11-25 10:35:56,078 [EventQueue-StaleNodeForStaleNodeHandler] INFO  pipeline.SCMPipelineManager (SCMPipelineManager.java:finalizeAndDestroyPipeline(482)) - Destroying pipeline:Pipeline[ Id: d4a8b973-d16d-4464-a029-3f389127220a, Nodes: dab95924-0a6b-4573-a804-c369a72f7a37{ip: 172.17.0.2, host: 282a3b4cfeb7, networkLocation: /default-rack, certSerialId: null}, Type:RATIS, Factor:ONE, State:OPEN, leaderId:dab95924-0a6b-4573-a804-c369a72f7a37, CreationTimestamp2020-11-25T10:34:06.472Z]
2020-11-25 10:35:56,078 [EventQueue-StaleNodeForStaleNodeHandler] INFO  pipeline.PipelineStateManager (PipelineStateManager.java:finalizePipeline(121)) - Pipeline Pipeline[ Id: d4a8b973-d16d-4464-a029-3f389127220a, Nodes: dab95924-0a6b-4573-a804-c369a72f7a37{ip: 172.17.0.2, host: 282a3b4cfeb7, networkLocation: /default-rack, certSerialId: null}, Type:RATIS, Factor:ONE, State:CLOSED, leaderId:dab95924-0a6b-4573-a804-c369a72f7a37, CreationTimestamp2020-11-25T10:34:06.472Z] moved to CLOSED state
2020-11-25 10:35:56,170 [EventQueue-ContainerReportForContainerReportHandler] INFO  container.ContainerReportHandler (AbstractContainerReportHandler.java:updateContainerState(215)) - Moving container #1 to CLOSED state, datanode 764aab50-4a86-400e-87a3-bdf7204b618f{ip: 172.17.0.2, host: 282a3b4cfeb7, networkLocation: /default-rack, certSerialId: null} reported CLOSED replica.
2020-11-25 10:35:57,130 [SCMBlockDeletingService#0] INFO  block.SCMBlockDeletingService (SCMBlockDeletingService.java:call(159)) - Totally added 2 blocks to be deleted for 2 datanodes, task elapsed time: 2ms
2020-11-25 10:35:57,287 [grpc-default-executor-0] WARN  server.GrpcLogAppender (LogUtils.java:warn(122)) - 8480b9c0-5cfc-430b-9047-adac07e56377@group-C457AB8721D5->dab95924-0a6b-4573-a804-c369a72f7a37-AppendLogResponseHandler: Failed appendEntries: org.apache.ratis.thirdparty.io.grpc.StatusRuntimeException: UNAVAILABLE: io exception
2020-11-25 10:35:57,288 [grpc-default-executor-0] WARN  server.GrpcLogAppender (GrpcLogAppender.java:resetClient(107)) - 8480b9c0-5cfc-430b-9047-adac07e56377@group-C457AB8721D5->dab95924-0a6b-4573-a804-c369a72f7a37-GrpcLogAppender: Leader has not got in touch with Follower 8480b9c0-5cfc-430b-9047-adac07e56377@group-C457AB8721D5->dab95924-0a6b-4573-a804-c369a72f7a37(c0,m0,n7, attendVote=true, lastRpcSendTime=2501, lastRpcResponseTime=97606) yet, just keep nextIndex unchanged and retry.
2020-11-25 10:35:57,470 [Command processor thread] INFO  commandhandler.DeleteBlocksCommandHandler (DeleteBlocksCommandHandler.java:handle(106)) - Start to delete container blocks, TXIDs=[1(0)], numOfContainers=1, numOfBlocks=1
2020-11-25 10:35:57,575 [EventQueue-DeleteBlockStatusForEventWatcher$$Lambda$42/560858993] WARN  events.EventWatcher (EventWatcher.java:lambda$start$0(109)) - Completion event without active lease. Id=1606300446063
2020-11-25 10:35:57,965 [Command processor thread] INFO  commandhandler.DeleteBlocksCommandHandler (DeleteBlocksCommandHandler.java:handle(106)) - Start to delete container blocks, TXIDs=[1(0)], numOfContainers=1, numOfBlocks=1
2020-11-25 10:35:58,129 [SCMBlockDeletingService#0] INFO  block.SCMBlockDeletingService (SCMBlockDeletingService.java:call(159)) - Totally added 1 blocks to be deleted for 1 datanodes, task elapsed time: 0ms
2020-11-25 10:35:58,169 [EventQueue-DeleteBlockStatusForEventWatcher$$Lambda$42/560858993] WARN  events.EventWatcher (EventWatcher.java:lambda$start$0(109)) - Completion event without active lease. Id=1606300446064
2020-11-25 10:35:58,388 [Listener at 127.0.0.1/38909] INFO  impl.MetricsSystemImpl (MetricsSystemImpl.java:init(158)) - HddsDatanode metrics system started (again)
2020-11-25 10:35:58,414 [Listener at 127.0.0.1/38909] INFO  ozone.HddsDatanodeService (HddsDatanodeService.java:start(217)) - HddsDatanodeService host:282a3b4cfeb7 ip:172.17.0.2
2020-11-25 10:35:58,424 [Listener at 127.0.0.1/38909] INFO  volume.HddsVolume (HddsVolume.java:<init>(176)) - Creating Volume: /github/workspace/mnt/ozone/hadoop-ozone/integration-test/target/test-dir/MiniOzoneClusterImpl-f614b51c-2266-4ad1-9b0e-e2e5cf61c483/datanode-2/data-0/containers/hdds of storage type : DISK and capacity : 9223372036854775807
2020-11-25 10:35:58,425 [Listener at 127.0.0.1/38909] INFO  volume.MutableVolumeSet (MutableVolumeSet.java:initializeVolumeSet(179)) - Added Volume : /github/workspace/mnt/ozone/hadoop-ozone/integration-test/target/test-dir/MiniOzoneClusterImpl-f614b51c-2266-4ad1-9b0e-e2e5cf61c483/datanode-2/data-0/containers/hdds to VolumeSet
2020-11-25 10:35:58,425 [Listener at 127.0.0.1/38909] INFO  volume.ThrottledAsyncChecker (ThrottledAsyncChecker.java:schedule(141)) - Scheduling a check for /github/workspace/mnt/ozone/hadoop-ozone/integration-test/target/test-dir/MiniOzoneClusterImpl-f614b51c-2266-4ad1-9b0e-e2e5cf61c483/datanode-2/data-0/containers/hdds
2020-11-25 10:35:58,426 [Listener at 127.0.0.1/38909] INFO  volume.HddsVolumeChecker (HddsVolumeChecker.java:checkAllVolumes(200)) - Scheduled health check for volume /github/workspace/mnt/ozone/hadoop-ozone/integration-test/target/test-dir/MiniOzoneClusterImpl-f614b51c-2266-4ad1-9b0e-e2e5cf61c483/datanode-2/data-0/containers/hdds
2020-11-25 10:35:58,441 [Thread-295] INFO  ozoneimpl.ContainerReader (ContainerReader.java:readVolume(123)) - Start to verify containers on volume /github/workspace/mnt/ozone/hadoop-ozone/integration-test/target/test-dir/MiniOzoneClusterImpl-f614b51c-2266-4ad1-9b0e-e2e5cf61c483/datanode-2/data-0/containers/hdds
2020-11-25 10:35:58,441 [Thread-295] INFO  ozoneimpl.ContainerReader (ContainerReader.java:readVolume(148)) - Finish verifying containers on volume /github/workspace/mnt/ozone/hadoop-ozone/integration-test/target/test-dir/MiniOzoneClusterImpl-f614b51c-2266-4ad1-9b0e-e2e5cf61c483/datanode-2/data-0/containers/hdds
2020-11-25 10:35:58,441 [Listener at 127.0.0.1/38909] INFO  ozoneimpl.OzoneContainer (OzoneContainer.java:buildContainerSet(194)) - Build ContainerSet costs 0s
2020-11-25 10:35:58,443 [Listener at 127.0.0.1/38909] INFO  impl.RaftServerProxy (ConfUtils.java:logGet(44)) - raft.rpc.type = GRPC (default)
2020-11-25 10:35:58,444 [Listener at 127.0.0.1/38909] INFO  grpc.GrpcFactory (GrpcFactory.java:checkPooledByteBufAllocatorUseCacheForAllThreads(45)) - PERFORMANCE WARNING: useCacheForAllThreads is true that may cause Netty to create a lot garbage objects and, as a result, trigger GC.
	It is recommended to disable useCacheForAllThreads by setting -Dorg.apache.ratis.thirdparty.io.netty.allocator.useCacheForAllThreads=false in command line.
2020-11-25 10:35:58,444 [Listener at 127.0.0.1/38909] INFO  grpc.GrpcConfigKeys (ConfUtils.java:logGet(44)) - raft.grpc.server.port = 44169 (custom)
2020-11-25 10:35:58,444 [Listener at 127.0.0.1/38909] INFO  server.GrpcService (ConfUtils.java:logGet(44)) - raft.grpc.message.size.max = 32MB (=33554432) (custom)
2020-11-25 10:35:58,444 [Listener at 127.0.0.1/38909] INFO  server.RaftServerConfigKeys (ConfUtils.java:logGet(44)) - raft.server.log.appender.buffer.byte-limit = 33554432 (custom)
2020-11-25 10:35:58,444 [Listener at 127.0.0.1/38909] INFO  server.GrpcService (ConfUtils.java:logGet(44)) - raft.grpc.flow.control.window = 5MB (=5242880) (custom)
2020-11-25 10:35:58,444 [Listener at 127.0.0.1/38909] INFO  server.RaftServerConfigKeys (ConfUtils.java:logGet(44)) - raft.server.rpc.request.timeout = 3000ms (default)
2020-11-25 10:35:58,445 [Listener at 127.0.0.1/38909] INFO  impl.DataStreamServerImpl (ConfUtils.java:logGet(44)) - raft.datastream.type = DISABLED (default)
2020-11-25 10:35:58,446 [Listener at 127.0.0.1/38909] INFO  server.RaftServerConfigKeys (ConfUtils.java:logGet(44)) - raft.server.storage.dir = [/github/workspace/mnt/ozone/hadoop-ozone/integration-test/target/test-dir/MiniOzoneClusterImpl-f614b51c-2266-4ad1-9b0e-e2e5cf61c483/datanode-2/data/ratis] (custom)
2020-11-25 10:35:58,446 [Listener at 127.0.0.1/38909] INFO  impl.RaftServerProxy (RaftServerProxy.java:lambda$null$0(204)) - dab95924-0a6b-4573-a804-c369a72f7a37: found a subdirectory /github/workspace/mnt/ozone/hadoop-ozone/integration-test/target/test-dir/MiniOzoneClusterImpl-f614b51c-2266-4ad1-9b0e-e2e5cf61c483/datanode-2/data/ratis/d4a8b973-d16d-4464-a029-3f389127220a
2020-11-25 10:35:58,447 [Listener at 127.0.0.1/38909] INFO  impl.RaftServerProxy (RaftServerProxy.java:addNew(93)) - dab95924-0a6b-4573-a804-c369a72f7a37: addNew group-3F389127220A:[] returns group-3F389127220A:java.util.concurrent.CompletableFuture@24ae25b8[Not completed]
2020-11-25 10:35:58,447 [Listener at 127.0.0.1/38909] INFO  impl.RaftServerProxy (RaftServerProxy.java:lambda$null$0(204)) - dab95924-0a6b-4573-a804-c369a72f7a37: found a subdirectory /github/workspace/mnt/ozone/hadoop-ozone/integration-test/target/test-dir/MiniOzoneClusterImpl-f614b51c-2266-4ad1-9b0e-e2e5cf61c483/datanode-2/data/ratis/02551242-eb8a-4e1c-abb4-c457ab8721d5
2020-11-25 10:35:58,447 [Listener at 127.0.0.1/38909] INFO  impl.RaftServerProxy (RaftServerProxy.java:addNew(93)) - dab95924-0a6b-4573-a804-c369a72f7a37: addNew group-C457AB8721D5:[] returns group-C457AB8721D5:java.util.concurrent.CompletableFuture@afcfc63[Not completed]
2020-11-25 10:35:58,450 [pool-89-thread-1] INFO  impl.RaftServerImpl (RaftServerImpl.java:<init>(121)) - dab95924-0a6b-4573-a804-c369a72f7a37: new RaftServerImpl for group-3F389127220A:[] with ContainerStateMachine:uninitialized
2020-11-25 10:35:58,451 [pool-89-thread-1] INFO  server.RaftServerConfigKeys (ConfUtils.java:logGet(44)) - raft.server.rpc.timeout.min = 5s (custom)
2020-11-25 10:35:58,451 [pool-89-thread-1] INFO  server.RaftServerConfigKeys (ConfUtils.java:logGet(44)) - raft.server.rpc.timeout.max = 5200ms (custom)
2020-11-25 10:35:58,452 [pool-89-thread-1] INFO  server.RaftServerConfigKeys (ConfUtils.java:logGet(44)) - raft.server.rpc.slowness.timeout = 1000000ms (custom)
2020-11-25 10:35:58,452 [pool-89-thread-1] INFO  server.RaftServerConfigKeys (ConfUtils.java:logGet(44)) - raft.server.leaderelection.leader.step-down.wait-time = 10s (default)
2020-11-25 10:35:58,452 [pool-89-thread-1] INFO  server.RaftServerConfigKeys (ConfUtils.java:logGet(44)) - raft.server.sleep.deviation.threshold = 300 (default)
2020-11-25 10:35:58,452 [pool-89-thread-1] INFO  server.RaftServerConfigKeys (ConfUtils.java:logGet(44)) - raft.server.log.appender.install.snapshot.enabled = false (custom)
2020-11-25 10:35:58,452 [pool-89-thread-1] INFO  impl.RaftServerImpl (ServerState.java:<init>(104)) - dab95924-0a6b-4573-a804-c369a72f7a37@group-3F389127220A: ConfigurationManager, init=-1: [], old=null, confs=<EMPTY_MAP>
2020-11-25 10:35:58,452 [pool-89-thread-1] INFO  server.RaftServerConfigKeys (ConfUtils.java:logGet(44)) - raft.server.storage.dir = [/github/workspace/mnt/ozone/hadoop-ozone/integration-test/target/test-dir/MiniOzoneClusterImpl-f614b51c-2266-4ad1-9b0e-e2e5cf61c483/datanode-2/data/ratis] (custom)
2020-11-25 10:35:58,452 [pool-89-thread-1] INFO  server.RaftServerConfigKeys (ConfUtils.java:logGet(44)) - raft.server.log.corruption.policy = EXCEPTION (default)
2020-11-25 10:35:58,453 [Listener at 127.0.0.1/38909] INFO  http.BaseHttpServer (BaseHttpServer.java:newHttpServer2BuilderForOzone(207)) - Starting Web-server for hddsDatanode at: http://0.0.0.0:42489
2020-11-25 10:35:58,453 [Listener at 127.0.0.1/38909] INFO  http.BaseHttpServer (BaseHttpServer.java:<init>(106)) - Hadoop Security Enabled: false Ozone Security Enabled: false Ozone HTTP Security Enabled: false 
2020-11-25 10:35:58,455 [Listener at 127.0.0.1/38909] INFO  server.AuthenticationFilter (AuthenticationFilter.java:constructSecretProvider(240)) - Unable to initialize FileSignerSecretProvider, falling back to use random secrets.
2020-11-25 10:35:58,455 [Listener at 127.0.0.1/38909] WARN  http.HttpRequestLog (HttpRequestLog.java:getRequestLog(103)) - Jetty request log can only be enabled using Log4j
2020-11-25 10:35:58,456 [Listener at 127.0.0.1/38909] INFO  http.HttpServer2 (HttpServer2.java:addGlobalFilter(1019)) - Added global filter 'safety' (class=org.apache.hadoop.hdds.server.http.HttpServer2$QuotingInputFilter)
2020-11-25 10:35:58,457 [Listener at 127.0.0.1/38909] INFO  http.HttpServer2 (HttpServer2.java:addFilter(995)) - Added filter static_user_filter (class=org.apache.hadoop.http.lib.StaticUserWebFilter$StaticUserFilter) to context hddsDatanode
2020-11-25 10:35:58,457 [Listener at 127.0.0.1/38909] INFO  http.HttpServer2 (HttpServer2.java:addFilter(1003)) - Added filter static_user_filter (class=org.apache.hadoop.http.lib.StaticUserWebFilter$StaticUserFilter) to context logs
2020-11-25 10:35:58,457 [Listener at 127.0.0.1/38909] INFO  http.HttpServer2 (HttpServer2.java:addFilter(1003)) - Added filter static_user_filter (class=org.apache.hadoop.http.lib.StaticUserWebFilter$StaticUserFilter) to context static
2020-11-25 10:35:58,457 [Listener at 127.0.0.1/38909] INFO  http.HttpServer2 (HttpServer2.java:bindListener(1237)) - Jetty bound to port 42489
2020-11-25 10:35:58,458 [Listener at 127.0.0.1/38909] INFO  server.Server (Server.java:doStart(375)) - jetty-9.4.34.v20201102; built: 2020-11-02T14:15:39.302Z; git: e46af88704a893fc12cb0e3bf46e2c7b48a009e7; jvm 1.8.0_232-b09
2020-11-25 10:35:58,458 [pool-89-thread-1] INFO  storage.RaftStorageDirectory (RaftStorageDirectory.java:tryLock(343)) - Lock on /github/workspace/mnt/ozone/hadoop-ozone/integration-test/target/test-dir/MiniOzoneClusterImpl-f614b51c-2266-4ad1-9b0e-e2e5cf61c483/datanode-2/data/ratis/d4a8b973-d16d-4464-a029-3f389127220a/in_use.lock acquired by nodename 2803@282a3b4cfeb7
2020-11-25 10:35:58,465 [Listener at 127.0.0.1/38909] INFO  server.session (DefaultSessionIdManager.java:doStart(334)) - DefaultSessionIdManager workerName=node0
2020-11-25 10:35:58,465 [Listener at 127.0.0.1/38909] INFO  server.session (DefaultSessionIdManager.java:doStart(339)) - No SessionScavenger set, using defaults
2020-11-25 10:35:58,465 [Listener at 127.0.0.1/38909] INFO  server.session (HouseKeeper.java:startScavenging(132)) - node0 Scavenging every 600000ms
2020-11-25 10:35:58,466 [Listener at 127.0.0.1/38909] INFO  handler.ContextHandler (ContextHandler.java:doStart(916)) - Started o.e.j.s.ServletContextHandler@22b0f013{logs,/logs,file:///github/workspace/mnt/ozone/hadoop-ozone/integration-test/target/log,AVAILABLE}
2020-11-25 10:35:58,466 [Listener at 127.0.0.1/38909] INFO  handler.ContextHandler (ContextHandler.java:doStart(916)) - Started o.e.j.s.ServletContextHandler@44c66c7b{static,/static,jar:file:/home/user/.m2/repository/org/apache/hadoop/hadoop-hdds-container-service/1.1.0-SNAPSHOT/hadoop-hdds-container-service-1.1.0-SNAPSHOT.jar!/webapps/static,AVAILABLE}
2020-11-25 10:35:58,472 [pool-89-thread-1] INFO  ratis.ContainerStateMachine (ContainerStateMachine.java:loadSnapshot(234)) - group-3F389127220A: Setting the last applied index to (t:1, i:0)
2020-11-25 10:35:58,473 [pool-89-thread-1] INFO  impl.RaftServerImpl (ServerState.java:setRaftConf(374)) - dab95924-0a6b-4573-a804-c369a72f7a37@group-3F389127220A: set configuration 0: [dab95924-0a6b-4573-a804-c369a72f7a37|rpc:172.17.0.2:44169|dataStream:], old=null at 0
2020-11-25 10:35:58,473 [pool-89-thread-1] INFO  server.RaftServerConfigKeys (ConfUtils.java:logGet(44)) - raft.server.notification.no-leader.timeout = 1000000ms (custom)
2020-11-25 10:35:58,473 [pool-89-thread-1] INFO  server.RaftServerConfigKeys (ConfUtils.java:logGet(44)) - raft.server.log.use.memory = false (default)
2020-11-25 10:35:58,473 [pool-89-thread-1] INFO  server.RaftServerConfigKeys (ConfUtils.java:logGet(44)) - raft.server.log.purge.gap = 1000000 (custom)
2020-11-25 10:35:58,473 [pool-89-thread-1] INFO  metrics.RatisMetrics (RatisMetrics.java:lambda$create$0(36)) - Creating Metrics Registry : ratis.log_worker.dab95924-0a6b-4573-a804-c369a72f7a37@group-3F389127220A
2020-11-25 10:35:58,474 [pool-89-thread-1] INFO  server.RaftServerConfigKeys (ConfUtils.java:logGet(44)) - raft.server.log.appender.buffer.byte-limit = 33554432 (custom)
2020-11-25 10:35:58,474 [pool-89-thread-1] INFO  server.RaftServerConfigKeys (ConfUtils.java:logGet(44)) - raft.server.log.segment.size.max = 1048576 (custom)
2020-11-25 10:35:58,474 [pool-89-thread-1] INFO  server.RaftServerConfigKeys (ConfUtils.java:logGet(44)) - raft.server.log.segment.cache.num.max = 2 (custom)
2020-11-25 10:35:58,474 [pool-89-thread-1] INFO  segmented.SegmentedRaftLogWorker (SegmentedRaftLogWorker.java:<init>(180)) - new dab95924-0a6b-4573-a804-c369a72f7a37@group-3F389127220A-SegmentedRaftLogWorker for RaftStorage:Storage Directory /github/workspace/mnt/ozone/hadoop-ozone/integration-test/target/test-dir/MiniOzoneClusterImpl-f614b51c-2266-4ad1-9b0e-e2e5cf61c483/datanode-2/data/ratis/d4a8b973-d16d-4464-a029-3f389127220a
2020-11-25 10:35:58,474 [pool-89-thread-1] INFO  server.RaftServerConfigKeys (ConfUtils.java:logGet(44)) - raft.server.log.queue.byte-limit = 2147483647 (custom)
2020-11-25 10:35:58,474 [pool-89-thread-1] INFO  server.RaftServerConfigKeys (ConfUtils.java:logGet(44)) - raft.server.log.queue.element-limit = 1024 (custom)
2020-11-25 10:35:58,476 [pool-89-thread-1] INFO  server.RaftServerConfigKeys (ConfUtils.java:logGet(44)) - raft.server.log.segment.size.max = 1048576 (custom)
2020-11-25 10:35:58,476 [pool-89-thread-1] INFO  server.RaftServerConfigKeys (ConfUtils.java:logGet(44)) - raft.server.log.preallocated.size = 16384 (custom)
2020-11-25 10:35:58,476 [pool-89-thread-1] INFO  server.RaftServerConfigKeys (ConfUtils.java:logGet(44)) - raft.server.log.write.buffer.size = 1048576 (custom)
2020-11-25 10:35:58,476 [pool-89-thread-1] INFO  server.RaftServerConfigKeys (ConfUtils.java:logGet(44)) - raft.server.log.force.sync.num = 128 (default)
2020-11-25 10:35:58,476 [pool-89-thread-1] INFO  server.RaftServerConfigKeys (ConfUtils.java:logGet(44)) - raft.server.log.statemachine.data.sync = true (default)
2020-11-25 10:35:58,476 [pool-89-thread-1] INFO  server.RaftServerConfigKeys (ConfUtils.java:logGet(44)) - raft.server.log.statemachine.data.sync.timeout = 10s (default)
2020-11-25 10:35:58,476 [pool-89-thread-1] INFO  server.RaftServerConfigKeys (ConfUtils.java:logGet(44)) - raft.server.log.statemachine.data.sync.timeout.retry = -1 (default)
2020-11-25 10:35:58,477 [pool-89-thread-1] INFO  server.RaftServerConfigKeys (ConfUtils.java:logGet(44)) - raft.server.log.statemachine.data.caching.enabled = true (custom)
2020-11-25 10:35:58,488 [pool-89-thread-1] INFO  impl.RaftServerImpl (ServerState.java:setRaftConf(374)) - dab95924-0a6b-4573-a804-c369a72f7a37@group-3F389127220A: set configuration 0: [dab95924-0a6b-4573-a804-c369a72f7a37|rpc:172.17.0.2:44169|dataStream:], old=null at 0
2020-11-25 10:35:58,488 [pool-89-thread-1] INFO  segmented.LogSegment (LogSegment.java:loadSegment(147)) - Successfully read 1 entries from segment file /github/workspace/mnt/ozone/hadoop-ozone/integration-test/target/test-dir/MiniOzoneClusterImpl-f614b51c-2266-4ad1-9b0e-e2e5cf61c483/datanode-2/data/ratis/d4a8b973-d16d-4464-a029-3f389127220a/current/log_inprogress_0
2020-11-25 10:35:58,489 [pool-89-thread-1] INFO  segmented.SegmentedRaftLogWorker (SegmentedRaftLogWorker.java:lambda$new$0(129)) - dab95924-0a6b-4573-a804-c369a72f7a37@group-3F389127220A-SegmentedRaftLogWorker: flushIndex: setUnconditionally 0 -> 0
2020-11-25 10:35:58,489 [pool-89-thread-1] INFO  segmented.SegmentedRaftLogWorker (SegmentedRaftLogWorker.java:lambda$new$0(129)) - dab95924-0a6b-4573-a804-c369a72f7a37@group-3F389127220A-SegmentedRaftLogWorker: safeCacheEvictIndex: setUnconditionally 0 -> -1
2020-11-25 10:35:58,494 [pool-89-thread-1] INFO  server.RaftServerConfigKeys (ConfUtils.java:logGet(44)) - raft.server.snapshot.auto.trigger.enabled = true (custom)
2020-11-25 10:35:58,494 [pool-89-thread-1] INFO  server.RaftServerConfigKeys (ConfUtils.java:logGet(44)) - raft.server.snapshot.auto.trigger.threshold = 10000 (custom)
2020-11-25 10:35:58,494 [pool-89-thread-1] INFO  server.RaftServerConfigKeys (ConfUtils.java:logGet(44)) - raft.server.snapshot.retention.file.num = 5 (custom)
2020-11-25 10:35:58,494 [pool-89-thread-1] INFO  server.RaftServerConfigKeys (ConfUtils.java:logGet(44)) - raft.server.log.purge.upto.snapshot.index = false (default)
2020-11-25 10:35:58,494 [pool-89-thread-1] INFO  server.RaftServerConfigKeys (ConfUtils.java:logGet(44)) - raft.server.retrycache.expirytime = 600000ms (custom)
2020-11-25 10:35:58,494 [pool-89-thread-1] INFO  metrics.RatisMetrics (RatisMetrics.java:lambda$create$0(36)) - Creating Metrics Registry : ratis.leader_election.dab95924-0a6b-4573-a804-c369a72f7a37@group-3F389127220A
2020-11-25 10:35:58,495 [pool-89-thread-1] INFO  metrics.RatisMetrics (RatisMetrics.java:lambda$create$0(36)) - Creating Metrics Registry : ratis.server.dab95924-0a6b-4573-a804-c369a72f7a37@group-3F389127220A
2020-11-25 10:35:58,496 [pool-89-thread-1] INFO  impl.RaftServerImpl (RaftServerImpl.java:<init>(121)) - dab95924-0a6b-4573-a804-c369a72f7a37: new RaftServerImpl for group-C457AB8721D5:[] with ContainerStateMachine:uninitialized
2020-11-25 10:35:58,496 [pool-89-thread-1] INFO  server.RaftServerConfigKeys (ConfUtils.java:logGet(44)) - raft.server.rpc.timeout.min = 5s (custom)
2020-11-25 10:35:58,496 [pool-89-thread-1] INFO  server.RaftServerConfigKeys (ConfUtils.java:logGet(44)) - raft.server.rpc.timeout.max = 5200ms (custom)
2020-11-25 10:35:58,496 [pool-89-thread-1] INFO  server.RaftServerConfigKeys (ConfUtils.java:logGet(44)) - raft.server.rpc.slowness.timeout = 1000000ms (custom)
2020-11-25 10:35:58,496 [pool-89-thread-1] INFO  server.RaftServerConfigKeys (ConfUtils.java:logGet(44)) - raft.server.leaderelection.leader.step-down.wait-time = 10s (default)
2020-11-25 10:35:58,496 [pool-89-thread-1] INFO  server.RaftServerConfigKeys (ConfUtils.java:logGet(44)) - raft.server.sleep.deviation.threshold = 300 (default)
2020-11-25 10:35:58,497 [pool-89-thread-1] INFO  server.RaftServerConfigKeys (ConfUtils.java:logGet(44)) - raft.server.log.appender.install.snapshot.enabled = false (custom)
2020-11-25 10:35:58,497 [pool-89-thread-1] INFO  impl.RaftServerImpl (ServerState.java:<init>(104)) - dab95924-0a6b-4573-a804-c369a72f7a37@group-C457AB8721D5: ConfigurationManager, init=-1: [], old=null, confs=<EMPTY_MAP>
2020-11-25 10:35:58,497 [pool-89-thread-1] INFO  server.RaftServerConfigKeys (ConfUtils.java:logGet(44)) - raft.server.storage.dir = [/github/workspace/mnt/ozone/hadoop-ozone/integration-test/target/test-dir/MiniOzoneClusterImpl-f614b51c-2266-4ad1-9b0e-e2e5cf61c483/datanode-2/data/ratis] (custom)
2020-11-25 10:35:58,497 [pool-89-thread-1] INFO  server.RaftServerConfigKeys (ConfUtils.java:logGet(44)) - raft.server.log.corruption.policy = EXCEPTION (default)
2020-11-25 10:35:58,498 [pool-89-thread-1] INFO  storage.RaftStorageDirectory (RaftStorageDirectory.java:tryLock(343)) - Lock on /github/workspace/mnt/ozone/hadoop-ozone/integration-test/target/test-dir/MiniOzoneClusterImpl-f614b51c-2266-4ad1-9b0e-e2e5cf61c483/datanode-2/data/ratis/02551242-eb8a-4e1c-abb4-c457ab8721d5/in_use.lock acquired by nodename 2803@282a3b4cfeb7
2020-11-25 10:35:58,499 [pool-89-thread-1] INFO  ratis.ContainerStateMachine (ContainerStateMachine.java:loadSnapshot(234)) - group-C457AB8721D5: Setting the last applied index to (t:1, i:0)
2020-11-25 10:35:58,499 [pool-89-thread-1] INFO  impl.RaftServerImpl (ServerState.java:setRaftConf(374)) - dab95924-0a6b-4573-a804-c369a72f7a37@group-C457AB8721D5: set configuration 0: [dab95924-0a6b-4573-a804-c369a72f7a37|rpc:172.17.0.2:44169|dataStream:, 8480b9c0-5cfc-430b-9047-adac07e56377|rpc:172.17.0.2:36521|dataStream:, 764aab50-4a86-400e-87a3-bdf7204b618f|rpc:172.17.0.2:42181|dataStream:], old=null at 0
2020-11-25 10:35:58,499 [pool-89-thread-1] INFO  server.RaftServerConfigKeys (ConfUtils.java:logGet(44)) - raft.server.notification.no-leader.timeout = 1000000ms (custom)
2020-11-25 10:35:58,499 [pool-89-thread-1] INFO  server.RaftServerConfigKeys (ConfUtils.java:logGet(44)) - raft.server.log.use.memory = false (default)
2020-11-25 10:35:58,499 [pool-89-thread-1] INFO  server.RaftServerConfigKeys (ConfUtils.java:logGet(44)) - raft.server.log.purge.gap = 1000000 (custom)
2020-11-25 10:35:58,499 [pool-89-thread-1] INFO  metrics.RatisMetrics (RatisMetrics.java:lambda$create$0(36)) - Creating Metrics Registry : ratis.log_worker.dab95924-0a6b-4573-a804-c369a72f7a37@group-C457AB8721D5
2020-11-25 10:35:58,504 [pool-89-thread-1] INFO  server.RaftServerConfigKeys (ConfUtils.java:logGet(44)) - raft.server.log.appender.buffer.byte-limit = 33554432 (custom)
2020-11-25 10:35:58,504 [pool-89-thread-1] INFO  server.RaftServerConfigKeys (ConfUtils.java:logGet(44)) - raft.server.log.segment.size.max = 1048576 (custom)
2020-11-25 10:35:58,504 [pool-89-thread-1] INFO  server.RaftServerConfigKeys (ConfUtils.java:logGet(44)) - raft.server.log.segment.cache.num.max = 2 (custom)
2020-11-25 10:35:58,504 [pool-89-thread-1] INFO  segmented.SegmentedRaftLogWorker (SegmentedRaftLogWorker.java:<init>(180)) - new dab95924-0a6b-4573-a804-c369a72f7a37@group-C457AB8721D5-SegmentedRaftLogWorker for RaftStorage:Storage Directory /github/workspace/mnt/ozone/hadoop-ozone/integration-test/target/test-dir/MiniOzoneClusterImpl-f614b51c-2266-4ad1-9b0e-e2e5cf61c483/datanode-2/data/ratis/02551242-eb8a-4e1c-abb4-c457ab8721d5
2020-11-25 10:35:58,504 [pool-89-thread-1] INFO  server.RaftServerConfigKeys (ConfUtils.java:logGet(44)) - raft.server.log.queue.byte-limit = 2147483647 (custom)
2020-11-25 10:35:58,504 [pool-89-thread-1] INFO  server.RaftServerConfigKeys (ConfUtils.java:logGet(44)) - raft.server.log.queue.element-limit = 1024 (custom)
2020-11-25 10:35:58,504 [pool-89-thread-1] INFO  server.RaftServerConfigKeys (ConfUtils.java:logGet(44)) - raft.server.log.segment.size.max = 1048576 (custom)
2020-11-25 10:35:58,504 [pool-89-thread-1] INFO  server.RaftServerConfigKeys (ConfUtils.java:logGet(44)) - raft.server.log.preallocated.size = 16384 (custom)
2020-11-25 10:35:58,505 [pool-89-thread-1] INFO  server.RaftServerConfigKeys (ConfUtils.java:logGet(44)) - raft.server.log.write.buffer.size = 1048576 (custom)
2020-11-25 10:35:58,505 [pool-89-thread-1] INFO  server.RaftServerConfigKeys (ConfUtils.java:logGet(44)) - raft.server.log.force.sync.num = 128 (default)
2020-11-25 10:35:58,505 [pool-89-thread-1] INFO  server.RaftServerConfigKeys (ConfUtils.java:logGet(44)) - raft.server.log.statemachine.data.sync = true (default)
2020-11-25 10:35:58,505 [pool-89-thread-1] INFO  server.RaftServerConfigKeys (ConfUtils.java:logGet(44)) - raft.server.log.statemachine.data.sync.timeout = 10s (default)
2020-11-25 10:35:58,505 [pool-89-thread-1] INFO  server.RaftServerConfigKeys (ConfUtils.java:logGet(44)) - raft.server.log.statemachine.data.sync.timeout.retry = -1 (default)
2020-11-25 10:35:58,505 [pool-89-thread-1] INFO  server.RaftServerConfigKeys (ConfUtils.java:logGet(44)) - raft.server.log.statemachine.data.caching.enabled = true (custom)
2020-11-25 10:35:58,506 [pool-89-thread-1] INFO  impl.RaftServerImpl (ServerState.java:setRaftConf(374)) - dab95924-0a6b-4573-a804-c369a72f7a37@group-C457AB8721D5: set configuration 0: [dab95924-0a6b-4573-a804-c369a72f7a37|rpc:172.17.0.2:44169|dataStream:, 8480b9c0-5cfc-430b-9047-adac07e56377|rpc:172.17.0.2:36521|dataStream:, 764aab50-4a86-400e-87a3-bdf7204b618f|rpc:172.17.0.2:42181|dataStream:], old=null at 0
2020-11-25 10:35:58,506 [pool-89-thread-1] INFO  segmented.LogSegment (LogSegment.java:loadSegment(147)) - Successfully read 1 entries from segment file /github/workspace/mnt/ozone/hadoop-ozone/integration-test/target/test-dir/MiniOzoneClusterImpl-f614b51c-2266-4ad1-9b0e-e2e5cf61c483/datanode-2/data/ratis/02551242-eb8a-4e1c-abb4-c457ab8721d5/current/log_inprogress_0
2020-11-25 10:35:58,506 [pool-89-thread-1] INFO  segmented.SegmentedRaftLogWorker (SegmentedRaftLogWorker.java:lambda$new$0(129)) - dab95924-0a6b-4573-a804-c369a72f7a37@group-C457AB8721D5-SegmentedRaftLogWorker: flushIndex: setUnconditionally 0 -> 0
2020-11-25 10:35:58,506 [pool-89-thread-1] INFO  segmented.SegmentedRaftLogWorker (SegmentedRaftLogWorker.java:lambda$new$0(129)) - dab95924-0a6b-4573-a804-c369a72f7a37@group-C457AB8721D5-SegmentedRaftLogWorker: safeCacheEvictIndex: setUnconditionally 0 -> -1
2020-11-25 10:35:58,520 [pool-89-thread-1] INFO  server.RaftServerConfigKeys (ConfUtils.java:logGet(44)) - raft.server.snapshot.auto.trigger.enabled = true (custom)
2020-11-25 10:35:58,520 [pool-89-thread-1] INFO  server.RaftServerConfigKeys (ConfUtils.java:logGet(44)) - raft.server.snapshot.auto.trigger.threshold = 10000 (custom)
2020-11-25 10:35:58,520 [pool-89-thread-1] INFO  server.RaftServerConfigKeys (ConfUtils.java:logGet(44)) - raft.server.snapshot.retention.file.num = 5 (custom)
2020-11-25 10:35:58,520 [pool-89-thread-1] INFO  server.RaftServerConfigKeys (ConfUtils.java:logGet(44)) - raft.server.log.purge.upto.snapshot.index = false (default)
2020-11-25 10:35:58,520 [pool-89-thread-1] INFO  server.RaftServerConfigKeys (ConfUtils.java:logGet(44)) - raft.server.retrycache.expirytime = 600000ms (custom)
2020-11-25 10:35:58,520 [pool-89-thread-1] INFO  metrics.RatisMetrics (RatisMetrics.java:lambda$create$0(36)) - Creating Metrics Registry : ratis.leader_election.dab95924-0a6b-4573-a804-c369a72f7a37@group-C457AB8721D5
2020-11-25 10:35:58,521 [pool-89-thread-1] INFO  metrics.RatisMetrics (RatisMetrics.java:lambda$create$0(36)) - Creating Metrics Registry : ratis.server.dab95924-0a6b-4573-a804-c369a72f7a37@group-C457AB8721D5
2020-11-25 10:35:58,627 [Listener at 127.0.0.1/38909] INFO  handler.ContextHandler (ContextHandler.java:doStart(916)) - Started o.e.j.w.WebAppContext@56510bb2{hddsDatanode,/,file:///tmp/jetty-0_0_0_0-42489-hadoop-hdds-container-service-1_1_0-SNAPSHOT_jar-_-any-4785027462436051963/webapp/,AVAILABLE}{jar:file:/home/user/.m2/repository/org/apache/hadoop/hadoop-hdds-container-service/1.1.0-SNAPSHOT/hadoop-hdds-container-service-1.1.0-SNAPSHOT.jar!/webapps/hddsDatanode}
2020-11-25 10:35:58,629 [Listener at 127.0.0.1/38909] INFO  server.AbstractConnector (AbstractConnector.java:doStart(331)) - Started ServerConnector@12973dd3{HTTP/1.1, (http/1.1)}{0.0.0.0:42489}
2020-11-25 10:35:58,629 [Listener at 127.0.0.1/38909] INFO  server.Server (Server.java:doStart(415)) - Started @121158ms
2020-11-25 10:35:58,629 [Listener at 127.0.0.1/38909] WARN  impl.MetricsSystemImpl (MetricsSystemImpl.java:register(276)) - Sink prometheus already exists!
2020-11-25 10:35:58,632 [Listener at 127.0.0.1/38909] INFO  http.BaseHttpServer (BaseHttpServer.java:updateConnectorAddress(327)) - HTTP server of hddsDatanode listening at http://0.0.0.0:42489
2020-11-25 10:35:58,640 [org.apache.hadoop.util.JvmPauseMonitor$Monitor@4b67efb6] INFO  util.JvmPauseMonitor (JvmPauseMonitor.java:run(188)) - Starting JVM pause monitor
2020-11-25 10:35:59,067 [Command processor thread] INFO  commandhandler.DeleteBlocksCommandHandler (DeleteBlocksCommandHandler.java:handle(106)) - Start to delete container blocks, TXIDs=[1(2)], numOfContainers=1, numOfBlocks=1
2020-11-25 10:35:59,115 [RatisPipelineUtilsThread] WARN  pipeline.PipelinePlacementPolicy (PipelinePlacementPolicy.java:filterViableNodes(138)) - Pipeline creation failed due to no sufficient healthy datanodes. Required 3. Found 2.
2020-11-25 10:35:59,175 [EventQueue-DeleteBlockStatusForEventWatcher$$Lambda$42/560858993] WARN  events.EventWatcher (EventWatcher.java:lambda$start$0(109)) - Completion event without active lease. Id=1606300446065
2020-11-25 10:35:59,789 [grpc-default-executor-0] WARN  server.GrpcLogAppender (LogUtils.java:warn(122)) - 8480b9c0-5cfc-430b-9047-adac07e56377@group-C457AB8721D5->dab95924-0a6b-4573-a804-c369a72f7a37-AppendLogResponseHandler: Failed appendEntries: org.apache.ratis.thirdparty.io.grpc.StatusRuntimeException: UNAVAILABLE: io exception
2020-11-25 10:35:59,790 [grpc-default-executor-0] WARN  server.GrpcLogAppender (GrpcLogAppender.java:resetClient(107)) - 8480b9c0-5cfc-430b-9047-adac07e56377@group-C457AB8721D5->dab95924-0a6b-4573-a804-c369a72f7a37-GrpcLogAppender: Leader has not got in touch with Follower 8480b9c0-5cfc-430b-9047-adac07e56377@group-C457AB8721D5->dab95924-0a6b-4573-a804-c369a72f7a37(c0,m0,n7, attendVote=true, lastRpcSendTime=0, lastRpcResponseTime=100108) yet, just keep nextIndex unchanged and retry.
2020-11-25 10:36:00,642 [EndpointStateMachine task thread for /0.0.0.0:40653 - 0 ] INFO  ozoneimpl.OzoneContainer (OzoneContainer.java:start(243)) - Attempting to start container services.
2020-11-25 10:36:00,642 [EndpointStateMachine task thread for /0.0.0.0:40653 - 0 ] INFO  ozoneimpl.OzoneContainer (OzoneContainer.java:startContainerScrub(207)) - Background container scanner has been disabled.
2020-11-25 10:36:00,643 [EndpointStateMachine task thread for /0.0.0.0:40653 - 0 ] INFO  ratis.XceiverServerRatis (XceiverServerRatis.java:start(456)) - Starting XceiverServerRatis dab95924-0a6b-4573-a804-c369a72f7a37 at port 44169
2020-11-25 10:36:00,645 [EndpointStateMachine task thread for /0.0.0.0:40653 - 0 ] INFO  impl.RaftServerImpl (RaftServerImpl.java:start(215)) - dab95924-0a6b-4573-a804-c369a72f7a37@group-3F389127220A: start as a follower, conf=0: [dab95924-0a6b-4573-a804-c369a72f7a37|rpc:172.17.0.2:44169|dataStream:], old=null
2020-11-25 10:36:00,645 [EndpointStateMachine task thread for /0.0.0.0:40653 - 0 ] INFO  impl.RaftServerImpl (RaftServerImpl.java:setRole(204)) - dab95924-0a6b-4573-a804-c369a72f7a37@group-3F389127220A: changes role from      null to FOLLOWER at term 1 for startAsFollower
2020-11-25 10:36:00,645 [ForkJoinPool.commonPool-worker-0] INFO  impl.RaftServerImpl (RaftServerImpl.java:start(215)) - dab95924-0a6b-4573-a804-c369a72f7a37@group-C457AB8721D5: start as a follower, conf=0: [dab95924-0a6b-4573-a804-c369a72f7a37|rpc:172.17.0.2:44169|dataStream:, 8480b9c0-5cfc-430b-9047-adac07e56377|rpc:172.17.0.2:36521|dataStream:, 764aab50-4a86-400e-87a3-bdf7204b618f|rpc:172.17.0.2:42181|dataStream:], old=null
2020-11-25 10:36:00,645 [EndpointStateMachine task thread for /0.0.0.0:40653 - 0 ] INFO  impl.RoleInfo (RoleInfo.java:updateAndGet(143)) - dab95924-0a6b-4573-a804-c369a72f7a37: start dab95924-0a6b-4573-a804-c369a72f7a37@group-3F389127220A-FollowerState
2020-11-25 10:36:00,645 [ForkJoinPool.commonPool-worker-0] INFO  impl.RaftServerImpl (RaftServerImpl.java:setRole(204)) - dab95924-0a6b-4573-a804-c369a72f7a37@group-C457AB8721D5: changes role from      null to FOLLOWER at term 1 for startAsFollower
2020-11-25 10:36:00,645 [ForkJoinPool.commonPool-worker-0] INFO  impl.RoleInfo (RoleInfo.java:updateAndGet(143)) - dab95924-0a6b-4573-a804-c369a72f7a37: start dab95924-0a6b-4573-a804-c369a72f7a37@group-C457AB8721D5-FollowerState
2020-11-25 10:36:00,646 [EndpointStateMachine task thread for /0.0.0.0:40653 - 0 ] INFO  util.JmxRegister (JmxRegister.java:tryRegister(44)) - Successfully registered JMX Bean with object name Ratis:service=RaftServer,group=group-3F389127220A,id=dab95924-0a6b-4573-a804-c369a72f7a37
2020-11-25 10:36:00,646 [EndpointStateMachine task thread for /0.0.0.0:40653 - 0 ] INFO  metrics.RatisMetrics (RatisMetrics.java:lambda$create$0(36)) - Creating Metrics Registry : ratis.state_machine.dab95924-0a6b-4573-a804-c369a72f7a37@group-3F389127220A
2020-11-25 10:36:00,648 [ForkJoinPool.commonPool-worker-0] INFO  util.JmxRegister (JmxRegister.java:tryRegister(44)) - Successfully registered JMX Bean with object name Ratis:service=RaftServer,group=group-C457AB8721D5,id=dab95924-0a6b-4573-a804-c369a72f7a37
2020-11-25 10:36:00,648 [ForkJoinPool.commonPool-worker-0] INFO  metrics.RatisMetrics (RatisMetrics.java:lambda$create$0(36)) - Creating Metrics Registry : ratis.state_machine.dab95924-0a6b-4573-a804-c369a72f7a37@group-C457AB8721D5
2020-11-25 10:36:00,652 [EndpointStateMachine task thread for /0.0.0.0:40653 - 0 ] INFO  impl.RaftServerProxy (RaftServerProxy.java:lambda$start$3(321)) - dab95924-0a6b-4573-a804-c369a72f7a37: start RPC server
2020-11-25 10:36:00,653 [EndpointStateMachine task thread for /0.0.0.0:40653 - 0 ] INFO  server.GrpcService (GrpcService.java:startImpl(177)) - dab95924-0a6b-4573-a804-c369a72f7a37: GrpcService started, listening on 0.0.0.0/0.0.0.0:44169
2020-11-25 10:36:00,653 [org.apache.ratis.server.JvmPauseMonitor@648c96e8-Monitor] INFO  server.RaftServerConfigKeys (ConfUtils.java:logGet(44)) - raft.server.leaderelection.leader.step-down.wait-time = 10s (default)
2020-11-25 10:36:00,653 [org.apache.ratis.server.JvmPauseMonitor@648c96e8-Monitor] INFO  server.RaftServerConfigKeys (ConfUtils.java:logGet(44)) - raft.server.rpc.slowness.timeout = 1000000ms (custom)
2020-11-25 10:36:00,653 [org.apache.ratis.server.JvmPauseMonitor@648c96e8-Monitor] INFO  server.JvmPauseMonitor (JvmPauseMonitor.java:run(129)) - Starting Ratis JVM pause monitor
2020-11-25 10:36:02,290 [grpc-default-executor-0] WARN  server.GrpcLogAppender (LogUtils.java:warn(122)) - 8480b9c0-5cfc-430b-9047-adac07e56377@group-C457AB8721D5->dab95924-0a6b-4573-a804-c369a72f7a37-AppendLogResponseHandler: Failed appendEntries: org.apache.ratis.thirdparty.io.grpc.StatusRuntimeException: UNAVAILABLE: io exception
2020-11-25 10:36:02,291 [grpc-default-executor-0] WARN  server.GrpcLogAppender (GrpcLogAppender.java:resetClient(107)) - 8480b9c0-5cfc-430b-9047-adac07e56377@group-C457AB8721D5->dab95924-0a6b-4573-a804-c369a72f7a37-GrpcLogAppender: Leader has not got in touch with Follower 8480b9c0-5cfc-430b-9047-adac07e56377@group-C457AB8721D5->dab95924-0a6b-4573-a804-c369a72f7a37(c0,m0,n7, attendVote=true, lastRpcSendTime=0, lastRpcResponseTime=102609) yet, just keep nextIndex unchanged and retry.
2020-11-25 10:36:04,172 [BlockDeletingService#1] WARN  background.BlockDeletingService (BlockDeletingService.java:isDeletionAllowed(188)) - Close Container log Index 2 is not replicated across all the servers in the pipeline 02551242-eb8a-4e1c-abb4-c457ab8721d5 as the min replicated index is 0. Deletion is not allowed in this container yet.
2020-11-25 10:36:04,319 [BlockDeletingService#1] WARN  background.BlockDeletingService (BlockDeletingService.java:isDeletionAllowed(188)) - Close Container log Index 2 is not replicated across all the servers in the pipeline 02551242-eb8a-4e1c-abb4-c457ab8721d5 as the min replicated index is 0. Deletion is not allowed in this container yet.
2020-11-25 10:36:04,683 [RatisPipelineUtilsThread] INFO  pipeline.RatisPipelineProvider (RatisPipelineProvider.java:lambda$create$0(161)) - Sending CreatePipelineCommand for pipeline:PipelineID=ea2f602e-e335-4e9e-b4b3-37d5b72f8402 to datanode:dab95924-0a6b-4573-a804-c369a72f7a37
2020-11-25 10:36:04,684 [RatisPipelineUtilsThread] INFO  pipeline.PipelineStateManager (PipelineStateManager.java:addPipeline(54)) - Created pipeline Pipeline[ Id: ea2f602e-e335-4e9e-b4b3-37d5b72f8402, Nodes: dab95924-0a6b-4573-a804-c369a72f7a37{ip: 172.17.0.2, host: 282a3b4cfeb7, networkLocation: /default-rack, certSerialId: null}, Type:RATIS, Factor:ONE, State:ALLOCATED, leaderId:, CreationTimestamp2020-11-25T10:36:04.683Z]
2020-11-25 10:36:04,793 [grpc-default-executor-0] INFO  ratis.XceiverServerRatis (XceiverServerRatis.java:handleLeaderChangedNotification(854)) - Leader change notification received for group: group-C457AB8721D5 with new leaderId: 8480b9c0-5cfc-430b-9047-adac07e56377
2020-11-25 10:36:04,793 [grpc-default-executor-0] INFO  impl.RaftServerImpl (ServerState.java:setLeader(256)) - dab95924-0a6b-4573-a804-c369a72f7a37@group-C457AB8721D5: change Leader from null to 8480b9c0-5cfc-430b-9047-adac07e56377 at term 1 for appendEntries, leader elected after 6294ms
2020-11-25 10:36:04,794 [grpc-default-executor-0] INFO  impl.RaftServerImpl (RaftServerImpl.java:checkInconsistentAppendEntries(1229)) - dab95924-0a6b-4573-a804-c369a72f7a37@group-C457AB8721D5: Failed appendEntries as previous log entry ((t:1, i:6)) is not found
2020-11-25 10:36:04,794 [grpc-default-executor-0] INFO  impl.RaftServerImpl (RaftServerImpl.java:checkInconsistentAppendEntries(1195)) - dab95924-0a6b-4573-a804-c369a72f7a37@group-C457AB8721D5: inconsistency entries. Reply:8480b9c0-5cfc-430b-9047-adac07e56377<-dab95924-0a6b-4573-a804-c369a72f7a37#10212:FAIL,INCONSISTENCY,nextIndex:1,term:1,followerCommit:0
2020-11-25 10:36:04,796 [grpc-default-executor-0] INFO  impl.FollowerInfo (FollowerInfo.java:lambda$new$0(51)) - 8480b9c0-5cfc-430b-9047-adac07e56377@group-C457AB8721D5->dab95924-0a6b-4573-a804-c369a72f7a37: nextIndex: updateUnconditionally 7 -> 1
2020-11-25 10:36:04,858 [RatisApplyTransactionExecutor 1] INFO  keyvalue.KeyValueContainer (KeyValueContainer.java:flushAndSyncDB(388)) - Container 1 is synced with bcsId 2.
2020-11-25 10:36:04,858 [RatisApplyTransactionExecutor 1] INFO  keyvalue.KeyValueContainer (KeyValueContainer.java:flushAndSyncDB(388)) - Container 1 is synced with bcsId 2.
2020-11-25 10:36:04,861 [RatisApplyTransactionExecutor 1] INFO  keyvalue.KeyValueContainer (KeyValueContainer.java:close(326)) - Container 1 is closed with bcsId 2.
2020-11-25 10:36:05,130 [SCMBlockDeletingService#0] INFO  block.SCMBlockDeletingService (SCMBlockDeletingService.java:call(159)) - Totally added 1 blocks to be deleted for 1 datanodes, task elapsed time: 0ms
2020-11-25 10:36:05,640 [Command processor thread] INFO  impl.RaftServerProxy (RaftServerProxy.java:addNew(93)) - dab95924-0a6b-4573-a804-c369a72f7a37: addNew group-37D5B72F8402:[dab95924-0a6b-4573-a804-c369a72f7a37|rpc:172.17.0.2:44169] returns group-37D5B72F8402:java.util.concurrent.CompletableFuture@5c8d968[Not completed]
2020-11-25 10:36:05,641 [pool-89-thread-1] INFO  impl.RaftServerImpl (RaftServerImpl.java:<init>(121)) - dab95924-0a6b-4573-a804-c369a72f7a37: new RaftServerImpl for group-37D5B72F8402:[dab95924-0a6b-4573-a804-c369a72f7a37|rpc:172.17.0.2:44169] with ContainerStateMachine:uninitialized
2020-11-25 10:36:05,641 [pool-89-thread-1] INFO  server.RaftServerConfigKeys (ConfUtils.java:logGet(44)) - raft.server.rpc.timeout.min = 5s (custom)
2020-11-25 10:36:05,641 [pool-89-thread-1] INFO  server.RaftServerConfigKeys (ConfUtils.java:logGet(44)) - raft.server.rpc.timeout.max = 5200ms (custom)
2020-11-25 10:36:05,641 [pool-89-thread-1] INFO  server.RaftServerConfigKeys (ConfUtils.java:logGet(44)) - raft.server.rpc.slowness.timeout = 1000000ms (custom)
2020-11-25 10:36:05,641 [pool-89-thread-1] INFO  server.RaftServerConfigKeys (ConfUtils.java:logGet(44)) - raft.server.leaderelection.leader.step-down.wait-time = 10s (default)
2020-11-25 10:36:05,642 [pool-89-thread-1] INFO  server.RaftServerConfigKeys (ConfUtils.java:logGet(44)) - raft.server.sleep.deviation.threshold = 300 (default)
2020-11-25 10:36:05,642 [pool-89-thread-1] INFO  server.RaftServerConfigKeys (ConfUtils.java:logGet(44)) - raft.server.log.appender.install.snapshot.enabled = false (custom)
2020-11-25 10:36:05,642 [pool-89-thread-1] INFO  impl.RaftServerImpl (ServerState.java:<init>(104)) - dab95924-0a6b-4573-a804-c369a72f7a37@group-37D5B72F8402: ConfigurationManager, init=-1: [dab95924-0a6b-4573-a804-c369a72f7a37|rpc:172.17.0.2:44169], old=null, confs=<EMPTY_MAP>
2020-11-25 10:36:05,642 [pool-89-thread-1] INFO  server.RaftServerConfigKeys (ConfUtils.java:logGet(44)) - raft.server.storage.dir = [/github/workspace/mnt/ozone/hadoop-ozone/integration-test/target/test-dir/MiniOzoneClusterImpl-f614b51c-2266-4ad1-9b0e-e2e5cf61c483/datanode-2/data/ratis] (custom)
2020-11-25 10:36:05,642 [pool-89-thread-1] INFO  server.RaftServerConfigKeys (ConfUtils.java:logGet(44)) - raft.server.log.corruption.policy = EXCEPTION (default)
2020-11-25 10:36:05,642 [pool-89-thread-1] INFO  storage.RaftStorageDirectory (RaftStorageDirectory.java:analyzeStorage(261)) - The storage directory /github/workspace/mnt/ozone/hadoop-ozone/integration-test/target/test-dir/MiniOzoneClusterImpl-f614b51c-2266-4ad1-9b0e-e2e5cf61c483/datanode-2/data/ratis/ea2f602e-e335-4e9e-b4b3-37d5b72f8402 does not exist. Creating ...
2020-11-25 10:36:05,644 [pool-89-thread-1] INFO  storage.RaftStorageDirectory (RaftStorageDirectory.java:tryLock(343)) - Lock on /github/workspace/mnt/ozone/hadoop-ozone/integration-test/target/test-dir/MiniOzoneClusterImpl-f614b51c-2266-4ad1-9b0e-e2e5cf61c483/datanode-2/data/ratis/ea2f602e-e335-4e9e-b4b3-37d5b72f8402/in_use.lock acquired by nodename 2803@282a3b4cfeb7
2020-11-25 10:36:05,645 [pool-89-thread-1] INFO  storage.RaftStorage (RaftStorage.java:format(85)) - Storage directory /github/workspace/mnt/ozone/hadoop-ozone/integration-test/target/test-dir/MiniOzoneClusterImpl-f614b51c-2266-4ad1-9b0e-e2e5cf61c483/datanode-2/data/ratis/ea2f602e-e335-4e9e-b4b3-37d5b72f8402 has been successfully formatted.
2020-11-25 10:36:05,645 [pool-89-thread-1] INFO  ratis.ContainerStateMachine (ContainerStateMachine.java:loadSnapshot(225)) - group-37D5B72F8402: The snapshot info is null. Setting the last applied indexto:(t:0, i:~)
2020-11-25 10:36:05,646 [pool-89-thread-1] INFO  server.RaftServerConfigKeys (ConfUtils.java:logGet(44)) - raft.server.notification.no-leader.timeout = 1000000ms (custom)
2020-11-25 10:36:05,646 [pool-89-thread-1] INFO  server.RaftServerConfigKeys (ConfUtils.java:logGet(44)) - raft.server.log.use.memory = false (default)
2020-11-25 10:36:05,646 [EventQueue-PipelineReportForPipelineReportHandler] INFO  pipeline.PipelineStateManager (PipelineStateManager.java:openPipeline(132)) - Pipeline Pipeline[ Id: ea2f602e-e335-4e9e-b4b3-37d5b72f8402, Nodes: dab95924-0a6b-4573-a804-c369a72f7a37{ip: 172.17.0.2, host: 282a3b4cfeb7, networkLocation: /default-rack, certSerialId: null}, Type:RATIS, Factor:ONE, State:ALLOCATED, leaderId:dab95924-0a6b-4573-a804-c369a72f7a37, CreationTimestamp2020-11-25T10:36:04.683Z] moved to OPEN state
2020-11-25 10:36:05,647 [pool-89-thread-1] INFO  server.RaftServerConfigKeys (ConfUtils.java:logGet(44)) - raft.server.log.purge.gap = 1000000 (custom)
2020-11-25 10:36:05,647 [pool-89-thread-1] INFO  metrics.RatisMetrics (RatisMetrics.java:lambda$create$0(36)) - Creating Metrics Registry : ratis.log_worker.dab95924-0a6b-4573-a804-c369a72f7a37@group-37D5B72F8402
2020-11-25 10:36:05,647 [pool-89-thread-1] INFO  server.RaftServerConfigKeys (ConfUtils.java:logGet(44)) - raft.server.log.appender.buffer.byte-limit = 33554432 (custom)
2020-11-25 10:36:05,647 [pool-89-thread-1] INFO  server.RaftServerConfigKeys (ConfUtils.java:logGet(44)) - raft.server.log.segment.size.max = 1048576 (custom)
2020-11-25 10:36:05,648 [pool-89-thread-1] INFO  server.RaftServerConfigKeys (ConfUtils.java:logGet(44)) - raft.server.log.segment.cache.num.max = 2 (custom)
2020-11-25 10:36:05,648 [pool-89-thread-1] INFO  segmented.SegmentedRaftLogWorker (SegmentedRaftLogWorker.java:<init>(180)) - new dab95924-0a6b-4573-a804-c369a72f7a37@group-37D5B72F8402-SegmentedRaftLogWorker for RaftStorage:Storage Directory /github/workspace/mnt/ozone/hadoop-ozone/integration-test/target/test-dir/MiniOzoneClusterImpl-f614b51c-2266-4ad1-9b0e-e2e5cf61c483/datanode-2/data/ratis/ea2f602e-e335-4e9e-b4b3-37d5b72f8402
2020-11-25 10:36:05,648 [pool-89-thread-1] INFO  server.RaftServerConfigKeys (ConfUtils.java:logGet(44)) - raft.server.log.queue.byte-limit = 2147483647 (custom)
2020-11-25 10:36:05,648 [pool-89-thread-1] INFO  server.RaftServerConfigKeys (ConfUtils.java:logGet(44)) - raft.server.log.queue.element-limit = 1024 (custom)
2020-11-25 10:36:05,648 [pool-89-thread-1] INFO  server.RaftServerConfigKeys (ConfUtils.java:logGet(44)) - raft.server.log.segment.size.max = 1048576 (custom)
2020-11-25 10:36:05,648 [pool-89-thread-1] INFO  server.RaftServerConfigKeys (ConfUtils.java:logGet(44)) - raft.server.log.preallocated.size = 16384 (custom)
2020-11-25 10:36:05,648 [pool-89-thread-1] INFO  server.RaftServerConfigKeys (ConfUtils.java:logGet(44)) - raft.server.log.write.buffer.size = 1048576 (custom)
2020-11-25 10:36:05,649 [pool-89-thread-1] INFO  server.RaftServerConfigKeys (ConfUtils.java:logGet(44)) - raft.server.log.force.sync.num = 128 (default)
2020-11-25 10:36:05,649 [pool-89-thread-1] INFO  server.RaftServerConfigKeys (ConfUtils.java:logGet(44)) - raft.server.log.statemachine.data.sync = true (default)
2020-11-25 10:36:05,649 [pool-89-thread-1] INFO  server.RaftServerConfigKeys (ConfUtils.java:logGet(44)) - raft.server.log.statemachine.data.sync.timeout = 10s (default)
2020-11-25 10:36:05,649 [pool-89-thread-1] INFO  server.RaftServerConfigKeys (ConfUtils.java:logGet(44)) - raft.server.log.statemachine.data.sync.timeout.retry = -1 (default)
2020-11-25 10:36:05,650 [pool-89-thread-1] INFO  server.RaftServerConfigKeys (ConfUtils.java:logGet(44)) - raft.server.log.statemachine.data.caching.enabled = true (custom)
2020-11-25 10:36:05,650 [pool-89-thread-1] INFO  segmented.SegmentedRaftLogWorker (SegmentedRaftLogWorker.java:lambda$new$0(129)) - dab95924-0a6b-4573-a804-c369a72f7a37@group-37D5B72F8402-SegmentedRaftLogWorker: flushIndex: setUnconditionally 0 -> -1
2020-11-25 10:36:05,650 [pool-89-thread-1] INFO  segmented.SegmentedRaftLogWorker (SegmentedRaftLogWorker.java:lambda$new$0(129)) - dab95924-0a6b-4573-a804-c369a72f7a37@group-37D5B72F8402-SegmentedRaftLogWorker: safeCacheEvictIndex: setUnconditionally 0 -> -1
2020-11-25 10:36:05,652 [pool-89-thread-1] INFO  server.RaftServerConfigKeys (ConfUtils.java:logGet(44)) - raft.server.snapshot.auto.trigger.enabled = true (custom)
2020-11-25 10:36:05,652 [pool-89-thread-1] INFO  server.RaftServerConfigKeys (ConfUtils.java:logGet(44)) - raft.server.snapshot.auto.trigger.threshold = 10000 (custom)
2020-11-25 10:36:05,652 [pool-89-thread-1] INFO  server.RaftServerConfigKeys (ConfUtils.java:logGet(44)) - raft.server.snapshot.retention.file.num = 5 (custom)
2020-11-25 10:36:05,652 [pool-89-thread-1] INFO  server.RaftServerConfigKeys (ConfUtils.java:logGet(44)) - raft.server.log.purge.upto.snapshot.index = false (default)
2020-11-25 10:36:05,652 [pool-89-thread-1] INFO  server.RaftServerConfigKeys (ConfUtils.java:logGet(44)) - raft.server.retrycache.expirytime = 600000ms (custom)
2020-11-25 10:36:05,652 [pool-89-thread-1] INFO  metrics.RatisMetrics (RatisMetrics.java:lambda$create$0(36)) - Creating Metrics Registry : ratis.leader_election.dab95924-0a6b-4573-a804-c369a72f7a37@group-37D5B72F8402
2020-11-25 10:36:05,653 [pool-89-thread-1] INFO  metrics.RatisMetrics (RatisMetrics.java:lambda$create$0(36)) - Creating Metrics Registry : ratis.server.dab95924-0a6b-4573-a804-c369a72f7a37@group-37D5B72F8402
2020-11-25 10:36:05,653 [pool-89-thread-1] INFO  impl.RaftServerImpl (RaftServerImpl.java:start(215)) - dab95924-0a6b-4573-a804-c369a72f7a37@group-37D5B72F8402: start as a follower, conf=-1: [dab95924-0a6b-4573-a804-c369a72f7a37|rpc:172.17.0.2:44169], old=null
2020-11-25 10:36:05,653 [pool-89-thread-1] INFO  impl.RaftServerImpl (RaftServerImpl.java:setRole(204)) - dab95924-0a6b-4573-a804-c369a72f7a37@group-37D5B72F8402: changes role from      null to FOLLOWER at term 0 for startAsFollower
2020-11-25 10:36:05,653 [pool-89-thread-1] INFO  impl.RoleInfo (RoleInfo.java:updateAndGet(143)) - dab95924-0a6b-4573-a804-c369a72f7a37: start dab95924-0a6b-4573-a804-c369a72f7a37@group-37D5B72F8402-FollowerState
2020-11-25 10:36:05,655 [pool-89-thread-1] INFO  util.JmxRegister (JmxRegister.java:tryRegister(44)) - Successfully registered JMX Bean with object name Ratis:service=RaftServer,group=group-37D5B72F8402,id=dab95924-0a6b-4573-a804-c369a72f7a37
2020-11-25 10:36:05,655 [pool-89-thread-1] INFO  metrics.RatisMetrics (RatisMetrics.java:lambda$create$0(36)) - Creating Metrics Registry : ratis.state_machine.dab95924-0a6b-4573-a804-c369a72f7a37@group-37D5B72F8402
2020-11-25 10:36:05,656 [Command processor thread] INFO  commandhandler.CreatePipelineCommandHandler (CreatePipelineCommandHandler.java:handle(106)) - Created Pipeline RATIS ONE PipelineID=ea2f602e-e335-4e9e-b4b3-37d5b72f8402.
2020-11-25 10:36:05,656 [Command processor thread] INFO  commandhandler.DeleteBlocksCommandHandler (DeleteBlocksCommandHandler.java:handle(106)) - Start to delete container blocks, TXIDs=[1(3)], numOfContainers=1, numOfBlocks=1
2020-11-25 10:36:05,749 [Thread-309] INFO  impl.FollowerState (FollowerState.java:run(128)) - dab95924-0a6b-4573-a804-c369a72f7a37@group-3F389127220A-FollowerState: change to CANDIDATE, lastRpcTime:5103ms, electionTimeout:5103ms
2020-11-25 10:36:05,749 [Thread-309] INFO  impl.RoleInfo (RoleInfo.java:shutdownFollowerState(121)) - dab95924-0a6b-4573-a804-c369a72f7a37: shutdown dab95924-0a6b-4573-a804-c369a72f7a37@group-3F389127220A-FollowerState
2020-11-25 10:36:05,749 [Thread-309] INFO  impl.RaftServerImpl (RaftServerImpl.java:setRole(204)) - dab95924-0a6b-4573-a804-c369a72f7a37@group-3F389127220A: changes role from  FOLLOWER to CANDIDATE at term 1 for changeToCandidate
2020-11-25 10:36:05,749 [Thread-309] INFO  impl.RoleInfo (RoleInfo.java:updateAndGet(143)) - dab95924-0a6b-4573-a804-c369a72f7a37: start dab95924-0a6b-4573-a804-c369a72f7a37@group-3F389127220A-LeaderElection5
2020-11-25 10:36:05,754 [dab95924-0a6b-4573-a804-c369a72f7a37@group-3F389127220A-LeaderElection5] INFO  impl.LeaderElection (LeaderElection.java:askForVotes(215)) - dab95924-0a6b-4573-a804-c369a72f7a37@group-3F389127220A-LeaderElection5: begin an election at term 2 for 0: [dab95924-0a6b-4573-a804-c369a72f7a37|rpc:172.17.0.2:44169|dataStream:], old=null
2020-11-25 10:36:05,754 [dab95924-0a6b-4573-a804-c369a72f7a37@group-3F389127220A-LeaderElection5] INFO  impl.RoleInfo (RoleInfo.java:shutdownLeaderElection(134)) - dab95924-0a6b-4573-a804-c369a72f7a37: shutdown dab95924-0a6b-4573-a804-c369a72f7a37@group-3F389127220A-LeaderElection5
2020-11-25 10:36:05,755 [dab95924-0a6b-4573-a804-c369a72f7a37@group-3F389127220A-LeaderElection5] INFO  impl.RaftServerImpl (RaftServerImpl.java:setRole(204)) - dab95924-0a6b-4573-a804-c369a72f7a37@group-3F389127220A: changes role from CANDIDATE to LEADER at term 2 for changeToLeader
2020-11-25 10:36:05,755 [dab95924-0a6b-4573-a804-c369a72f7a37@group-3F389127220A-LeaderElection5] INFO  ratis.XceiverServerRatis (XceiverServerRatis.java:handleLeaderChangedNotification(854)) - Leader change notification received for group: group-3F389127220A with new leaderId: dab95924-0a6b-4573-a804-c369a72f7a37
2020-11-25 10:36:05,755 [dab95924-0a6b-4573-a804-c369a72f7a37@group-3F389127220A-LeaderElection5] INFO  impl.RaftServerImpl (ServerState.java:setLeader(256)) - dab95924-0a6b-4573-a804-c369a72f7a37@group-3F389127220A: change Leader from null to dab95924-0a6b-4573-a804-c369a72f7a37 at term 2 for becomeLeader, leader elected after 7281ms
2020-11-25 10:36:05,755 [dab95924-0a6b-4573-a804-c369a72f7a37@group-3F389127220A-LeaderElection5] INFO  server.RaftServerConfigKeys (ConfUtils.java:logGet(44)) - raft.server.staging.catchup.gap = 1000 (default)
2020-11-25 10:36:05,755 [dab95924-0a6b-4573-a804-c369a72f7a37@group-3F389127220A-LeaderElection5] INFO  server.RaftServerConfigKeys (ConfUtils.java:logGet(44)) - raft.server.rpc.sleep.time = 25ms (default)
2020-11-25 10:36:05,756 [dab95924-0a6b-4573-a804-c369a72f7a37@group-3F389127220A-LeaderElection5] INFO  metrics.RatisMetrics (RatisMetrics.java:lambda$create$0(36)) - Creating Metrics Registry : ratis.log_appender.dab95924-0a6b-4573-a804-c369a72f7a37@group-3F389127220A
2020-11-25 10:36:05,756 [dab95924-0a6b-4573-a804-c369a72f7a37@group-3F389127220A-LeaderElection5] INFO  server.RaftServerConfigKeys (ConfUtils.java:logGet(44)) - raft.server.write.element-limit = 1024 (custom)
2020-11-25 10:36:05,756 [dab95924-0a6b-4573-a804-c369a72f7a37@group-3F389127220A-LeaderElection5] INFO  server.RaftServerConfigKeys (ConfUtils.java:logGet(44)) - raft.server.write.byte-limit = 1073741824 (custom)
2020-11-25 10:36:05,756 [dab95924-0a6b-4573-a804-c369a72f7a37@group-3F389127220A-LeaderElection5] INFO  server.RaftServerConfigKeys (ConfUtils.java:logGet(44)) - raft.server.watch.timeout = 3000ms (custom)
2020-11-25 10:36:05,756 [dab95924-0a6b-4573-a804-c369a72f7a37@group-3F389127220A-LeaderElection5] INFO  server.RaftServerConfigKeys (ConfUtils.java:logGet(44)) - raft.server.watch.timeout.denomination = 1s (default)
2020-11-25 10:36:05,757 [dab95924-0a6b-4573-a804-c369a72f7a37@group-3F389127220A-LeaderElection5] INFO  server.RaftServerConfigKeys (ConfUtils.java:logGet(44)) - raft.server.watch.element-limit = 65536 (default)
2020-11-25 10:36:05,757 [dab95924-0a6b-4573-a804-c369a72f7a37@group-3F389127220A-LeaderElection5] INFO  impl.RoleInfo (RoleInfo.java:updateAndGet(143)) - dab95924-0a6b-4573-a804-c369a72f7a37: start dab95924-0a6b-4573-a804-c369a72f7a37@group-3F389127220A-LeaderState
2020-11-25 10:36:05,757 [dab95924-0a6b-4573-a804-c369a72f7a37@group-3F389127220A-LeaderElection5] INFO  segmented.SegmentedRaftLogWorker (SegmentedRaftLogWorker.java:rollLogSegment(403)) - dab95924-0a6b-4573-a804-c369a72f7a37@group-3F389127220A-SegmentedRaftLogWorker: Rolling segment log-0_0 to index:0
2020-11-25 10:36:05,764 [dab95924-0a6b-4573-a804-c369a72f7a37@group-3F389127220A-SegmentedRaftLogWorker] INFO  segmented.SegmentedRaftLogWorker (SegmentedRaftLogWorker.java:execute(554)) - dab95924-0a6b-4573-a804-c369a72f7a37@group-3F389127220A-SegmentedRaftLogWorker: Rolled log segment from /github/workspace/mnt/ozone/hadoop-ozone/integration-test/target/test-dir/MiniOzoneClusterImpl-f614b51c-2266-4ad1-9b0e-e2e5cf61c483/datanode-2/data/ratis/d4a8b973-d16d-4464-a029-3f389127220a/current/log_inprogress_0 to /github/workspace/mnt/ozone/hadoop-ozone/integration-test/target/test-dir/MiniOzoneClusterImpl-f614b51c-2266-4ad1-9b0e-e2e5cf61c483/datanode-2/data/ratis/d4a8b973-d16d-4464-a029-3f389127220a/current/log_0-0
2020-11-25 10:36:05,765 [dab95924-0a6b-4573-a804-c369a72f7a37@group-3F389127220A-SegmentedRaftLogWorker] INFO  segmented.SegmentedRaftLogWorker (SegmentedRaftLogWorker.java:execute(597)) - dab95924-0a6b-4573-a804-c369a72f7a37@group-3F389127220A-SegmentedRaftLogWorker: created new log segment /github/workspace/mnt/ozone/hadoop-ozone/integration-test/target/test-dir/MiniOzoneClusterImpl-f614b51c-2266-4ad1-9b0e-e2e5cf61c483/datanode-2/data/ratis/d4a8b973-d16d-4464-a029-3f389127220a/current/log_inprogress_1
2020-11-25 10:36:05,772 [dab95924-0a6b-4573-a804-c369a72f7a37@group-3F389127220A-LeaderElection5] INFO  impl.RaftServerImpl (ServerState.java:setRaftConf(374)) - dab95924-0a6b-4573-a804-c369a72f7a37@group-3F389127220A: set configuration 1: [dab95924-0a6b-4573-a804-c369a72f7a37|rpc:172.17.0.2:44169|dataStream:], old=null at 1
2020-11-25 10:36:05,856 [EventQueue-DeleteBlockStatusForEventWatcher$$Lambda$42/560858993] WARN  events.EventWatcher (EventWatcher.java:lambda$start$0(109)) - Completion event without active lease. Id=1606300446067
2020-11-25 10:36:10,811 [Thread-329] INFO  impl.FollowerState (FollowerState.java:run(128)) - dab95924-0a6b-4573-a804-c369a72f7a37@group-37D5B72F8402-FollowerState: change to CANDIDATE, lastRpcTime:5157ms, electionTimeout:5155ms
2020-11-25 10:36:10,811 [Thread-329] INFO  impl.RoleInfo (RoleInfo.java:shutdownFollowerState(121)) - dab95924-0a6b-4573-a804-c369a72f7a37: shutdown dab95924-0a6b-4573-a804-c369a72f7a37@group-37D5B72F8402-FollowerState
2020-11-25 10:36:10,811 [Thread-329] INFO  impl.RaftServerImpl (RaftServerImpl.java:setRole(204)) - dab95924-0a6b-4573-a804-c369a72f7a37@group-37D5B72F8402: changes role from  FOLLOWER to CANDIDATE at term 0 for changeToCandidate
2020-11-25 10:36:10,812 [Thread-329] INFO  impl.RoleInfo (RoleInfo.java:updateAndGet(143)) - dab95924-0a6b-4573-a804-c369a72f7a37: start dab95924-0a6b-4573-a804-c369a72f7a37@group-37D5B72F8402-LeaderElection6
2020-11-25 10:36:10,816 [dab95924-0a6b-4573-a804-c369a72f7a37@group-37D5B72F8402-LeaderElection6] INFO  impl.LeaderElection (LeaderElection.java:askForVotes(215)) - dab95924-0a6b-4573-a804-c369a72f7a37@group-37D5B72F8402-LeaderElection6: begin an election at term 1 for -1: [dab95924-0a6b-4573-a804-c369a72f7a37|rpc:172.17.0.2:44169], old=null
2020-11-25 10:36:10,816 [dab95924-0a6b-4573-a804-c369a72f7a37@group-37D5B72F8402-LeaderElection6] INFO  impl.RoleInfo (RoleInfo.java:shutdownLeaderElection(134)) - dab95924-0a6b-4573-a804-c369a72f7a37: shutdown dab95924-0a6b-4573-a804-c369a72f7a37@group-37D5B72F8402-LeaderElection6
2020-11-25 10:36:10,816 [dab95924-0a6b-4573-a804-c369a72f7a37@group-37D5B72F8402-LeaderElection6] INFO  impl.RaftServerImpl (RaftServerImpl.java:setRole(204)) - dab95924-0a6b-4573-a804-c369a72f7a37@group-37D5B72F8402: changes role from CANDIDATE to LEADER at term 1 for changeToLeader
2020-11-25 10:36:10,817 [dab95924-0a6b-4573-a804-c369a72f7a37@group-37D5B72F8402-LeaderElection6] INFO  ratis.XceiverServerRatis (XceiverServerRatis.java:handleLeaderChangedNotification(854)) - Leader change notification received for group: group-37D5B72F8402 with new leaderId: dab95924-0a6b-4573-a804-c369a72f7a37
2020-11-25 10:36:10,817 [dab95924-0a6b-4573-a804-c369a72f7a37@group-37D5B72F8402-LeaderElection6] INFO  impl.RaftServerImpl (ServerState.java:setLeader(256)) - dab95924-0a6b-4573-a804-c369a72f7a37@group-37D5B72F8402: change Leader from null to dab95924-0a6b-4573-a804-c369a72f7a37 at term 1 for becomeLeader, leader elected after 5170ms
2020-11-25 10:36:10,818 [dab95924-0a6b-4573-a804-c369a72f7a37@group-37D5B72F8402-LeaderElection6] INFO  server.RaftServerConfigKeys (ConfUtils.java:logGet(44)) - raft.server.staging.catchup.gap = 1000 (default)
2020-11-25 10:36:10,818 [dab95924-0a6b-4573-a804-c369a72f7a37@group-37D5B72F8402-LeaderElection6] INFO  server.RaftServerConfigKeys (ConfUtils.java:logGet(44)) - raft.server.rpc.sleep.time = 25ms (default)
2020-11-25 10:36:10,818 [dab95924-0a6b-4573-a804-c369a72f7a37@group-37D5B72F8402-LeaderElection6] INFO  metrics.RatisMetrics (RatisMetrics.java:lambda$create$0(36)) - Creating Metrics Registry : ratis.log_appender.dab95924-0a6b-4573-a804-c369a72f7a37@group-37D5B72F8402
2020-11-25 10:36:10,818 [dab95924-0a6b-4573-a804-c369a72f7a37@group-37D5B72F8402-LeaderElection6] INFO  server.RaftServerConfigKeys (ConfUtils.java:logGet(44)) - raft.server.write.element-limit = 1024 (custom)
2020-11-25 10:36:10,818 [dab95924-0a6b-4573-a804-c369a72f7a37@group-37D5B72F8402-LeaderElection6] INFO  server.RaftServerConfigKeys (ConfUtils.java:logGet(44)) - raft.server.write.byte-limit = 1073741824 (custom)
2020-11-25 10:36:10,819 [dab95924-0a6b-4573-a804-c369a72f7a37@group-37D5B72F8402-LeaderElection6] INFO  server.RaftServerConfigKeys (ConfUtils.java:logGet(44)) - raft.server.watch.timeout = 3000ms (custom)
2020-11-25 10:36:10,820 [dab95924-0a6b-4573-a804-c369a72f7a37@group-37D5B72F8402-LeaderElection6] INFO  server.RaftServerConfigKeys (ConfUtils.java:logGet(44)) - raft.server.watch.timeout.denomination = 1s (default)
2020-11-25 10:36:10,820 [dab95924-0a6b-4573-a804-c369a72f7a37@group-37D5B72F8402-LeaderElection6] INFO  server.RaftServerConfigKeys (ConfUtils.java:logGet(44)) - raft.server.watch.element-limit = 65536 (default)
2020-11-25 10:36:10,820 [dab95924-0a6b-4573-a804-c369a72f7a37@group-37D5B72F8402-LeaderElection6] INFO  impl.RoleInfo (RoleInfo.java:updateAndGet(143)) - dab95924-0a6b-4573-a804-c369a72f7a37: start dab95924-0a6b-4573-a804-c369a72f7a37@group-37D5B72F8402-LeaderState
2020-11-25 10:36:10,820 [dab95924-0a6b-4573-a804-c369a72f7a37@group-37D5B72F8402-LeaderElection6] INFO  segmented.SegmentedRaftLogWorker (SegmentedRaftLogWorker.java:startLogSegment(398)) - dab95924-0a6b-4573-a804-c369a72f7a37@group-37D5B72F8402-SegmentedRaftLogWorker: Starting segment from index:0
2020-11-25 10:36:10,821 [dab95924-0a6b-4573-a804-c369a72f7a37@group-37D5B72F8402-LeaderElection6] INFO  impl.RaftServerImpl (ServerState.java:setRaftConf(374)) - dab95924-0a6b-4573-a804-c369a72f7a37@group-37D5B72F8402: set configuration 0: [dab95924-0a6b-4573-a804-c369a72f7a37|rpc:172.17.0.2:44169|dataStream:], old=null at 0
2020-11-25 10:36:10,822 [dab95924-0a6b-4573-a804-c369a72f7a37@group-37D5B72F8402-SegmentedRaftLogWorker] INFO  segmented.SegmentedRaftLogWorker (SegmentedRaftLogWorker.java:execute(597)) - dab95924-0a6b-4573-a804-c369a72f7a37@group-37D5B72F8402-SegmentedRaftLogWorker: created new log segment /github/workspace/mnt/ozone/hadoop-ozone/integration-test/target/test-dir/MiniOzoneClusterImpl-f614b51c-2266-4ad1-9b0e-e2e5cf61c483/datanode-2/data/ratis/ea2f602e-e335-4e9e-b4b3-37d5b72f8402/current/log_inprogress_0
]]></system-out>
  </testcase>
</testsuite>