<?xml version="1.0" encoding="UTF-8"?>
<testsuite xmlns:xsi="http://www.w3.org/2001/XMLSchema-instance" xsi:noNamespaceSchemaLocation="https://maven.apache.org/surefire/maven-surefire-plugin/xsd/surefire-test-report-3.0.xsd" version="3.0" name="org.apache.hadoop.hdds.security.x509.certificate.authority.TestDefaultCAServer" time="2.501" tests="11" errors="8" skipped="0" failures="0">
  <properties>
    <property name="awt.toolkit" value="sun.awt.X11.XToolkit"/>
    <property name="file.encoding.pkg" value="sun.io"/>
    <property name="java.specification.version" value="1.8"/>
    <property name="sun.cpu.isalist" value=""/>
    <property name="sun.jnu.encoding" value="UTF-8"/>
    <property name="gradle.enterprise.listener.surefire.forkId" value="1"/>
    <property name="java.class.path" value="/home/runner/work/ozone/ozone/hadoop-hdds/framework/target/test-classes:/home/runner/work/ozone/ozone/hadoop-hdds/framework/target/classes:/home/runner/work/ozone/ozone/hadoop-hdds/interface-server/target/classes:/home/runner/.m2/repository/com/google/protobuf/protobuf-java/2.5.0/protobuf-java-2.5.0.jar:/home/runner/work/ozone/ozone/hadoop-hdds/interface-client/target/classes:/home/runner/.m2/repository/org/apache/hadoop/thirdparty/hadoop-shaded-protobuf_3_7/1.1.1/hadoop-shaded-protobuf_3_7-1.1.1.jar:/home/runner/work/ozone/ozone/hadoop-hdds/interface-admin/target/classes:/home/runner/work/ozone/ozone/hadoop-hdds/common/target/classes:/home/runner/work/ozone/ozone/hadoop-hdds/hadoop-dependency-client/target/classes:/home/runner/.m2/repository/info/picocli/picocli/4.7.5/picocli-4.7.5.jar:/home/runner/.m2/repository/com/google/guava/guava/32.0.0-jre/guava-32.0.0-jre.jar:/home/runner/.m2/repository/com/google/guava/failureaccess/1.0.1/failureaccess-1.0.1.jar:/home/runner/.m2/repository/com/google/guava/listenablefuture/9999.0-empty-to-avoid-conflict-with-guava/listenablefuture-9999.0-empty-to-avoid-conflict-with-guava.jar:/home/runner/.m2/repository/org/checkerframework/checker-qual/3.33.0/checker-qual-3.33.0.jar:/home/runner/.m2/repository/com/google/errorprone/error_prone_annotations/2.2.0/error_prone_annotations-2.2.0.jar:/home/runner/.m2/repository/com/google/j2objc/j2objc-annotations/2.8/j2objc-annotations-2.8.jar:/home/runner/.m2/repository/org/apache/commons/commons-lang3/3.14.0/commons-lang3-3.14.0.jar:/home/runner/.m2/repository/commons-io/commons-io/2.16.0/commons-io-2.16.0.jar:/home/runner/.m2/repository/com/fasterxml/jackson/core/jackson-annotations/2.16.1/jackson-annotations-2.16.1.jar:/home/runner/work/ozone/ozone/hadoop-hdds/annotations/target/classes:/home/runner/work/ozone/ozone/hadoop-hdds/config/target/classes:/home/runner/.m2/repository/javax/annotation/javax.annotation-api/1.3.2/javax.annotation-api-1.3.2.jar:/home/runner/.m2/repository/jakarta/annotation/jakarta.annotation-api/2.1.1/jakarta.annotation-api-2.1.1.jar:/home/runner/.m2/repository/io/dropwizard/metrics/metrics-core/3.2.4/metrics-core-3.2.4.jar:/home/runner/.m2/repository/org/apache/ratis/ratis-netty/3.0.1/ratis-netty-3.0.1.jar:/home/runner/.m2/repository/org/apache/ratis/ratis-grpc/3.0.1/ratis-grpc-3.0.1.jar:/home/runner/.m2/repository/org/bouncycastle/bcpkix-jdk18on/1.77/bcpkix-jdk18on-1.77.jar:/home/runner/.m2/repository/org/bouncycastle/bcprov-jdk18on/1.77/bcprov-jdk18on-1.77.jar:/home/runner/.m2/repository/org/bouncycastle/bcutil-jdk18on/1.77/bcutil-jdk18on-1.77.jar:/home/runner/.m2/repository/commons-validator/commons-validator/1.8.0/commons-validator-1.8.0.jar:/home/runner/.m2/repository/commons-beanutils/commons-beanutils/1.9.4/commons-beanutils-1.9.4.jar:/home/runner/.m2/repository/commons-digester/commons-digester/2.1/commons-digester-2.1.jar:/home/runner/.m2/repository/commons-collections/commons-collections/3.2.2/commons-collections-3.2.2.jar:/home/runner/.m2/repository/io/jaegertracing/jaeger-client/1.8.1/jaeger-client-1.8.1.jar:/home/runner/.m2/repository/io/jaegertracing/jaeger-thrift/1.8.1/jaeger-thrift-1.8.1.jar:/home/runner/.m2/repository/org/apache/thrift/libthrift/0.15.0/libthrift-0.15.0.jar:/home/runner/.m2/repository/io/jaegertracing/jaeger-core/1.8.1/jaeger-core-1.8.1.jar:/home/runner/.m2/repository/io/jaegertracing/jaeger-tracerresolver/1.8.1/jaeger-tracerresolver-1.8.1.jar:/home/runner/.m2/repository/io/opentracing/contrib/opentracing-tracerresolver/0.1.8/opentracing-tracerresolver-0.1.8.jar:/home/runner/.m2/repository/org/jetbrains/kotlin/kotlin-stdlib/1.9.22/kotlin-stdlib-1.9.22.jar:/home/runner/.m2/repository/org/jetbrains/annotations/13.0/annotations-13.0.jar:/home/runner/.m2/repository/io/opentracing/opentracing-util/0.33.0/opentracing-util-0.33.0.jar:/home/runner/.m2/repository/io/opentracing/opentracing-api/0.33.0/opentracing-api-0.33.0.jar:/home/runner/.m2/repository/io/opentracing/opentracing-noop/0.33.0/opentracing-noop-0.33.0.jar:/home/runner/.m2/repository/org/yaml/snakeyaml/2.0/snakeyaml-2.0.jar:/home/runner/.m2/repository/org/reflections/reflections/0.10.2/reflections-0.10.2.jar:/home/runner/.m2/repository/org/javassist/javassist/3.21.0-GA/javassist-3.21.0-GA.jar:/home/runner/.m2/repository/io/grpc/grpc-api/1.58.0/grpc-api-1.58.0.jar:/home/runner/work/ozone/ozone/hadoop-hdds/managed-rocksdb/target/classes:/home/runner/.m2/repository/org/rocksdb/rocksdbjni/7.7.3/rocksdbjni-7.7.3.jar:/home/runner/work/ozone/ozone/hadoop-hdds/hadoop-dependency-server/target/classes:/home/runner/.m2/repository/org/apache/hadoop/hadoop-annotations/3.3.6/hadoop-annotations-3.3.6.jar:/usr/lib/jvm/temurin-8-jdk-amd64/jre/../lib/tools.jar:/home/runner/.m2/repository/org/apache/hadoop/hadoop-common/3.3.6/hadoop-common-3.3.6.jar:/home/runner/.m2/repository/org/apache/httpcomponents/httpclient/4.5.14/httpclient-4.5.14.jar:/home/runner/.m2/repository/org/apache/httpcomponents/httpcore/4.4.16/httpcore-4.4.16.jar:/home/runner/.m2/repository/commons-net/commons-net/3.10.0/commons-net-3.10.0.jar:/home/runner/.m2/repository/jakarta/activation/jakarta.activation-api/1.2.2/jakarta.activation-api-1.2.2.jar:/home/runner/.m2/repository/javax/servlet/jsp/jsp-api/2.1/jsp-api-2.1.jar:/home/runner/.m2/repository/com/sun/jersey/jersey-core/1.19.4/jersey-core-1.19.4.jar:/home/runner/.m2/repository/javax/ws/rs/jsr311-api/1.1.1/jsr311-api-1.1.1.jar:/home/runner/.m2/repository/com/sun/jersey/jersey-servlet/1.19.4/jersey-servlet-1.19.4.jar:/home/runner/.m2/repository/com/sun/jersey/jersey-server/1.19.4/jersey-server-1.19.4.jar:/home/runner/.m2/repository/com/google/re2j/re2j/1.7/re2j-1.7.jar:/home/runner/.m2/repository/com/google/code/gson/gson/2.10.1/gson-2.10.1.jar:/home/runner/.m2/repository/org/apache/hadoop/hadoop-auth/3.3.6/hadoop-auth-3.3.6.jar:/home/runner/.m2/repository/com/jcraft/jsch/0.1.54/jsch-0.1.54.jar:/home/runner/.m2/repository/org/apache/kerby/kerb-core/1.0.1/kerb-core-1.0.1.jar:/home/runner/.m2/repository/org/apache/kerby/kerby-pkix/1.0.1/kerby-pkix-1.0.1.jar:/home/runner/.m2/repository/org/apache/kerby/kerby-asn1/1.0.1/kerby-asn1-1.0.1.jar:/home/runner/.m2/repository/org/apache/kerby/kerby-util/1.0.1/kerby-util-1.0.1.jar:/home/runner/.m2/repository/org/codehaus/woodstox/stax2-api/4.2.2/stax2-api-4.2.2.jar:/home/runner/.m2/repository/com/fasterxml/woodstox/woodstox-core/5.4.0/woodstox-core-5.4.0.jar:/home/runner/.m2/repository/dnsjava/dnsjava/2.1.7/dnsjava-2.1.7.jar:/home/runner/.m2/repository/org/apache/hadoop/thirdparty/hadoop-shaded-guava/1.2.0/hadoop-shaded-guava-1.2.0.jar:/home/runner/.m2/repository/com/nimbusds/nimbus-jose-jwt/9.37.2/nimbus-jose-jwt-9.37.2.jar:/home/runner/.m2/repository/com/github/stephenc/jcip/jcip-annotations/1.0-1/jcip-annotations-1.0-1.jar:/home/runner/.m2/repository/commons-cli/commons-cli/1.6.0/commons-cli-1.6.0.jar:/home/runner/.m2/repository/org/apache/hadoop/hadoop-hdfs/3.3.6/hadoop-hdfs-3.3.6.jar:/home/runner/.m2/repository/commons-daemon/commons-daemon/1.0.13/commons-daemon-1.0.13.jar:/home/runner/.m2/repository/org/xerial/snappy/snappy-java/1.1.10.5/snappy-java-1.1.10.5.jar:/home/runner/.m2/repository/ch/qos/reload4j/reload4j/1.2.25/reload4j-1.2.25.jar:/home/runner/.m2/repository/org/slf4j/slf4j-reload4j/2.0.12/slf4j-reload4j-2.0.12.jar:/home/runner/.m2/repository/org/slf4j/slf4j-api/2.0.12/slf4j-api-2.0.12.jar:/home/runner/.m2/repository/org/apache/commons/commons-compress/1.26.0/commons-compress-1.26.0.jar:/home/runner/.m2/repository/org/apache/commons/commons-configuration2/2.10.1/commons-configuration2-2.10.1.jar:/home/runner/.m2/repository/org/apache/commons/commons-text/1.11.0/commons-text-1.11.0.jar:/home/runner/.m2/repository/commons-logging/commons-logging/1.2/commons-logging-1.2.jar:/home/runner/.m2/repository/commons-fileupload/commons-fileupload/1.5/commons-fileupload-1.5.jar:/home/runner/.m2/repository/org/apache/logging/log4j/log4j-api/2.17.1/log4j-api-2.17.1.jar:/home/runner/.m2/repository/org/apache/logging/log4j/log4j-core/2.17.1/log4j-core-2.17.1.jar:/home/runner/.m2/repository/com/lmax/disruptor/3.4.4/disruptor-3.4.4.jar:/home/runner/.m2/repository/org/eclipse/jetty/jetty-util/9.4.53.v20231009/jetty-util-9.4.53.v20231009.jar:/home/runner/.m2/repository/org/eclipse/jetty/jetty-server/9.4.53.v20231009/jetty-server-9.4.53.v20231009.jar:/home/runner/.m2/repository/javax/servlet/javax.servlet-api/3.1.0/javax.servlet-api-3.1.0.jar:/home/runner/.m2/repository/org/eclipse/jetty/jetty-http/9.4.53.v20231009/jetty-http-9.4.53.v20231009.jar:/home/runner/.m2/repository/org/eclipse/jetty/jetty-io/9.4.53.v20231009/jetty-io-9.4.53.v20231009.jar:/home/runner/.m2/repository/org/eclipse/jetty/jetty-servlet/9.4.53.v20231009/jetty-servlet-9.4.53.v20231009.jar:/home/runner/.m2/repository/org/eclipse/jetty/jetty-security/9.4.53.v20231009/jetty-security-9.4.53.v20231009.jar:/home/runner/.m2/repository/org/eclipse/jetty/jetty-util-ajax/9.4.53.v20231009/jetty-util-ajax-9.4.53.v20231009.jar:/home/runner/.m2/repository/org/eclipse/jetty/jetty-webapp/9.4.53.v20231009/jetty-webapp-9.4.53.v20231009.jar:/home/runner/.m2/repository/org/eclipse/jetty/jetty-xml/9.4.53.v20231009/jetty-xml-9.4.53.v20231009.jar:/home/runner/.m2/repository/org/apache/ratis/ratis-server/3.0.1/ratis-server-3.0.1.jar:/home/runner/.m2/repository/org/apache/ratis/ratis-thirdparty-misc/1.0.5/ratis-thirdparty-misc-1.0.5.jar:/home/runner/.m2/repository/org/apache/ratis/ratis-proto/3.0.1/ratis-proto-3.0.1.jar:/home/runner/.m2/repository/org/apache/ratis/ratis-common/3.0.1/ratis-common-3.0.1.jar:/home/runner/.m2/repository/org/apache/ratis/ratis-client/3.0.1/ratis-client-3.0.1.jar:/home/runner/.m2/repository/org/apache/ratis/ratis-server-api/3.0.1/ratis-server-api-3.0.1.jar:/home/runner/.m2/repository/org/apache/ratis/ratis-metrics-api/3.0.1/ratis-metrics-api-3.0.1.jar:/home/runner/.m2/repository/org/apache/ratis/ratis-metrics-dropwizard3/3.0.1/ratis-metrics-dropwizard3-3.0.1.jar:/home/runner/.m2/repository/io/prometheus/simpleclient_dropwizard/0.16.0/simpleclient_dropwizard-0.16.0.jar:/home/runner/.m2/repository/io/prometheus/simpleclient/0.16.0/simpleclient-0.16.0.jar:/home/runner/.m2/repository/io/prometheus/simpleclient_common/0.16.0/simpleclient_common-0.16.0.jar:/home/runner/.m2/repository/com/fasterxml/jackson/datatype/jackson-datatype-jsr310/2.16.1/jackson-datatype-jsr310-2.16.1.jar:/home/runner/.m2/repository/com/fasterxml/jackson/core/jackson-core/2.16.1/jackson-core-2.16.1.jar:/home/runner/.m2/repository/com/fasterxml/jackson/core/jackson-databind/2.16.1/jackson-databind-2.16.1.jar:/home/runner/.m2/repository/org/apache/hadoop/hadoop-hdfs-client/3.3.6/hadoop-hdfs-client-3.3.6.jar:/home/runner/.m2/repository/com/squareup/okhttp3/okhttp/4.12.0/okhttp-4.12.0.jar:/home/runner/.m2/repository/com/squareup/okio/okio/3.6.0/okio-3.6.0.jar:/home/runner/.m2/repository/com/squareup/okio/okio-jvm/3.6.0/okio-jvm-3.6.0.jar:/home/runner/.m2/repository/org/jetbrains/kotlin/kotlin-stdlib-jdk8/1.9.22/kotlin-stdlib-jdk8-1.9.22.jar:/home/runner/.m2/repository/org/jetbrains/kotlin/kotlin-stdlib-jdk7/1.9.22/kotlin-stdlib-jdk7-1.9.22.jar:/home/runner/.m2/repository/org/jetbrains/kotlin/kotlin-stdlib-common/1.9.22/kotlin-stdlib-common-1.9.22.jar:/home/runner/work/ozone/ozone/hadoop-hdds/rocksdb-checkpoint-differ/target/classes:/home/runner/work/ozone/ozone/hadoop-hdds/rocks-native/target/classes:/home/runner/.m2/repository/org/jgrapht/jgrapht-core/1.4.0/jgrapht-core-1.4.0.jar:/home/runner/.m2/repository/org/jheaps/jheaps/0.11/jheaps-0.11.jar:/home/runner/.m2/repository/org/jgrapht/jgrapht-ext/1.4.0/jgrapht-ext-1.4.0.jar:/home/runner/.m2/repository/com/github/vlsi/mxgraph/jgraphx/3.9.8.1/jgraphx-3.9.8.1.jar:/home/runner/work/ozone/ozone/hadoop-hdds/common/target/test-classes:/home/runner/work/ozone/ozone/hadoop-hdds/hadoop-dependency-test/target/classes:/home/runner/.m2/repository/org/apache/hadoop/hadoop-common/3.3.6/hadoop-common-3.3.6-tests.jar:/home/runner/.m2/repository/org/apache/hadoop/hadoop-hdfs/3.3.6/hadoop-hdfs-3.3.6-tests.jar:/home/runner/.m2/repository/commons-codec/commons-codec/1.15/commons-codec-1.15.jar:/home/runner/.m2/repository/org/assertj/assertj-core/3.12.2/assertj-core-3.12.2.jar:/home/runner/.m2/repository/org/junit/jupiter/junit-jupiter-api/5.10.2/junit-jupiter-api-5.10.2.jar:/home/runner/.m2/repository/org/opentest4j/opentest4j/1.3.0/opentest4j-1.3.0.jar:/home/runner/.m2/repository/org/junit/platform/junit-platform-commons/1.10.2/junit-platform-commons-1.10.2.jar:/home/runner/.m2/repository/org/apiguardian/apiguardian-api/1.1.2/apiguardian-api-1.1.2.jar:/home/runner/.m2/repository/org/junit/jupiter/junit-jupiter-engine/5.10.2/junit-jupiter-engine-5.10.2.jar:/home/runner/.m2/repository/org/junit/platform/junit-platform-engine/1.10.2/junit-platform-engine-1.10.2.jar:/home/runner/.m2/repository/org/junit/jupiter/junit-jupiter-params/5.10.2/junit-jupiter-params-5.10.2.jar:/home/runner/.m2/repository/org/mockito/mockito-core/4.11.0/mockito-core-4.11.0.jar:/home/runner/.m2/repository/net/bytebuddy/byte-buddy/1.12.19/byte-buddy-1.12.19.jar:/home/runner/.m2/repository/net/bytebuddy/byte-buddy-agent/1.12.19/byte-buddy-agent-1.12.19.jar:/home/runner/.m2/repository/org/objenesis/objenesis/3.3/objenesis-3.3.jar:/home/runner/.m2/repository/org/mockito/mockito-junit-jupiter/4.11.0/mockito-junit-jupiter-4.11.0.jar:/home/runner/work/ozone/ozone/hadoop-hdds/test-utils/target/classes:/home/runner/work/ozone/ozone/hadoop-hdds/framework/target/gradle-enterprise/test-listeners.jar:"/>
    <property name="java.vm.vendor" value="Temurin"/>
    <property name="sun.arch.data.model" value="64"/>
    <property name="test.build.dir" value="/home/runner/work/ozone/ozone/hadoop-hdds/framework/target/test-dir"/>
    <property name="test.cache.data" value=""/>
    <property name="java.vendor.url" value="https://adoptium.net/"/>
    <property name="user.timezone" value="Etc/UTC"/>
    <property name="maven-surefire-plugin.argLineAccessArgs" value=""/>
    <property name="os.name" value="Linux"/>
    <property name="java.vm.specification.version" value="1.8"/>
    <property name="test.build.data" value="/home/runner/work/ozone/ozone/hadoop-hdds/framework/target/test-dir"/>
    <property name="sun.java.launcher" value="SUN_STANDARD"/>
    <property name="sun.boot.library.path" value="/usr/lib/jvm/temurin-8-jdk-amd64/jre/lib/amd64"/>
    <property name="sun.java.command" value="/home/runner/work/ozone/ozone/hadoop-hdds/framework/target/surefire/surefirebooter8397988483628346187.jar /home/runner/work/ozone/ozone/hadoop-hdds/framework/target/surefire 2024-04-16T15-22-10_273-jvmRun1 surefire6965437337225201639tmp surefire_594076251924292595744tmp"/>
    <property name="native.lib.tmp.dir" value="/tmp"/>
    <property name="surefire.test.class.path" value="/home/runner/work/ozone/ozone/hadoop-hdds/framework/target/test-classes:/home/runner/work/ozone/ozone/hadoop-hdds/framework/target/classes:/home/runner/work/ozone/ozone/hadoop-hdds/interface-server/target/classes:/home/runner/.m2/repository/com/google/protobuf/protobuf-java/2.5.0/protobuf-java-2.5.0.jar:/home/runner/work/ozone/ozone/hadoop-hdds/interface-client/target/classes:/home/runner/.m2/repository/org/apache/hadoop/thirdparty/hadoop-shaded-protobuf_3_7/1.1.1/hadoop-shaded-protobuf_3_7-1.1.1.jar:/home/runner/work/ozone/ozone/hadoop-hdds/interface-admin/target/classes:/home/runner/work/ozone/ozone/hadoop-hdds/common/target/classes:/home/runner/work/ozone/ozone/hadoop-hdds/hadoop-dependency-client/target/classes:/home/runner/.m2/repository/info/picocli/picocli/4.7.5/picocli-4.7.5.jar:/home/runner/.m2/repository/com/google/guava/guava/32.0.0-jre/guava-32.0.0-jre.jar:/home/runner/.m2/repository/com/google/guava/failureaccess/1.0.1/failureaccess-1.0.1.jar:/home/runner/.m2/repository/com/google/guava/listenablefuture/9999.0-empty-to-avoid-conflict-with-guava/listenablefuture-9999.0-empty-to-avoid-conflict-with-guava.jar:/home/runner/.m2/repository/org/checkerframework/checker-qual/3.33.0/checker-qual-3.33.0.jar:/home/runner/.m2/repository/com/google/errorprone/error_prone_annotations/2.2.0/error_prone_annotations-2.2.0.jar:/home/runner/.m2/repository/com/google/j2objc/j2objc-annotations/2.8/j2objc-annotations-2.8.jar:/home/runner/.m2/repository/org/apache/commons/commons-lang3/3.14.0/commons-lang3-3.14.0.jar:/home/runner/.m2/repository/commons-io/commons-io/2.16.0/commons-io-2.16.0.jar:/home/runner/.m2/repository/com/fasterxml/jackson/core/jackson-annotations/2.16.1/jackson-annotations-2.16.1.jar:/home/runner/work/ozone/ozone/hadoop-hdds/annotations/target/classes:/home/runner/work/ozone/ozone/hadoop-hdds/config/target/classes:/home/runner/.m2/repository/javax/annotation/javax.annotation-api/1.3.2/javax.annotation-api-1.3.2.jar:/home/runner/.m2/repository/jakarta/annotation/jakarta.annotation-api/2.1.1/jakarta.annotation-api-2.1.1.jar:/home/runner/.m2/repository/io/dropwizard/metrics/metrics-core/3.2.4/metrics-core-3.2.4.jar:/home/runner/.m2/repository/org/apache/ratis/ratis-netty/3.0.1/ratis-netty-3.0.1.jar:/home/runner/.m2/repository/org/apache/ratis/ratis-grpc/3.0.1/ratis-grpc-3.0.1.jar:/home/runner/.m2/repository/org/bouncycastle/bcpkix-jdk18on/1.77/bcpkix-jdk18on-1.77.jar:/home/runner/.m2/repository/org/bouncycastle/bcprov-jdk18on/1.77/bcprov-jdk18on-1.77.jar:/home/runner/.m2/repository/org/bouncycastle/bcutil-jdk18on/1.77/bcutil-jdk18on-1.77.jar:/home/runner/.m2/repository/commons-validator/commons-validator/1.8.0/commons-validator-1.8.0.jar:/home/runner/.m2/repository/commons-beanutils/commons-beanutils/1.9.4/commons-beanutils-1.9.4.jar:/home/runner/.m2/repository/commons-digester/commons-digester/2.1/commons-digester-2.1.jar:/home/runner/.m2/repository/commons-collections/commons-collections/3.2.2/commons-collections-3.2.2.jar:/home/runner/.m2/repository/io/jaegertracing/jaeger-client/1.8.1/jaeger-client-1.8.1.jar:/home/runner/.m2/repository/io/jaegertracing/jaeger-thrift/1.8.1/jaeger-thrift-1.8.1.jar:/home/runner/.m2/repository/org/apache/thrift/libthrift/0.15.0/libthrift-0.15.0.jar:/home/runner/.m2/repository/io/jaegertracing/jaeger-core/1.8.1/jaeger-core-1.8.1.jar:/home/runner/.m2/repository/io/jaegertracing/jaeger-tracerresolver/1.8.1/jaeger-tracerresolver-1.8.1.jar:/home/runner/.m2/repository/io/opentracing/contrib/opentracing-tracerresolver/0.1.8/opentracing-tracerresolver-0.1.8.jar:/home/runner/.m2/repository/org/jetbrains/kotlin/kotlin-stdlib/1.9.22/kotlin-stdlib-1.9.22.jar:/home/runner/.m2/repository/org/jetbrains/annotations/13.0/annotations-13.0.jar:/home/runner/.m2/repository/io/opentracing/opentracing-util/0.33.0/opentracing-util-0.33.0.jar:/home/runner/.m2/repository/io/opentracing/opentracing-api/0.33.0/opentracing-api-0.33.0.jar:/home/runner/.m2/repository/io/opentracing/opentracing-noop/0.33.0/opentracing-noop-0.33.0.jar:/home/runner/.m2/repository/org/yaml/snakeyaml/2.0/snakeyaml-2.0.jar:/home/runner/.m2/repository/org/reflections/reflections/0.10.2/reflections-0.10.2.jar:/home/runner/.m2/repository/org/javassist/javassist/3.21.0-GA/javassist-3.21.0-GA.jar:/home/runner/.m2/repository/io/grpc/grpc-api/1.58.0/grpc-api-1.58.0.jar:/home/runner/work/ozone/ozone/hadoop-hdds/managed-rocksdb/target/classes:/home/runner/.m2/repository/org/rocksdb/rocksdbjni/7.7.3/rocksdbjni-7.7.3.jar:/home/runner/work/ozone/ozone/hadoop-hdds/hadoop-dependency-server/target/classes:/home/runner/.m2/repository/org/apache/hadoop/hadoop-annotations/3.3.6/hadoop-annotations-3.3.6.jar:/usr/lib/jvm/temurin-8-jdk-amd64/jre/../lib/tools.jar:/home/runner/.m2/repository/org/apache/hadoop/hadoop-common/3.3.6/hadoop-common-3.3.6.jar:/home/runner/.m2/repository/org/apache/httpcomponents/httpclient/4.5.14/httpclient-4.5.14.jar:/home/runner/.m2/repository/org/apache/httpcomponents/httpcore/4.4.16/httpcore-4.4.16.jar:/home/runner/.m2/repository/commons-net/commons-net/3.10.0/commons-net-3.10.0.jar:/home/runner/.m2/repository/jakarta/activation/jakarta.activation-api/1.2.2/jakarta.activation-api-1.2.2.jar:/home/runner/.m2/repository/javax/servlet/jsp/jsp-api/2.1/jsp-api-2.1.jar:/home/runner/.m2/repository/com/sun/jersey/jersey-core/1.19.4/jersey-core-1.19.4.jar:/home/runner/.m2/repository/javax/ws/rs/jsr311-api/1.1.1/jsr311-api-1.1.1.jar:/home/runner/.m2/repository/com/sun/jersey/jersey-servlet/1.19.4/jersey-servlet-1.19.4.jar:/home/runner/.m2/repository/com/sun/jersey/jersey-server/1.19.4/jersey-server-1.19.4.jar:/home/runner/.m2/repository/com/google/re2j/re2j/1.7/re2j-1.7.jar:/home/runner/.m2/repository/com/google/code/gson/gson/2.10.1/gson-2.10.1.jar:/home/runner/.m2/repository/org/apache/hadoop/hadoop-auth/3.3.6/hadoop-auth-3.3.6.jar:/home/runner/.m2/repository/com/jcraft/jsch/0.1.54/jsch-0.1.54.jar:/home/runner/.m2/repository/org/apache/kerby/kerb-core/1.0.1/kerb-core-1.0.1.jar:/home/runner/.m2/repository/org/apache/kerby/kerby-pkix/1.0.1/kerby-pkix-1.0.1.jar:/home/runner/.m2/repository/org/apache/kerby/kerby-asn1/1.0.1/kerby-asn1-1.0.1.jar:/home/runner/.m2/repository/org/apache/kerby/kerby-util/1.0.1/kerby-util-1.0.1.jar:/home/runner/.m2/repository/org/codehaus/woodstox/stax2-api/4.2.2/stax2-api-4.2.2.jar:/home/runner/.m2/repository/com/fasterxml/woodstox/woodstox-core/5.4.0/woodstox-core-5.4.0.jar:/home/runner/.m2/repository/dnsjava/dnsjava/2.1.7/dnsjava-2.1.7.jar:/home/runner/.m2/repository/org/apache/hadoop/thirdparty/hadoop-shaded-guava/1.2.0/hadoop-shaded-guava-1.2.0.jar:/home/runner/.m2/repository/com/nimbusds/nimbus-jose-jwt/9.37.2/nimbus-jose-jwt-9.37.2.jar:/home/runner/.m2/repository/com/github/stephenc/jcip/jcip-annotations/1.0-1/jcip-annotations-1.0-1.jar:/home/runner/.m2/repository/commons-cli/commons-cli/1.6.0/commons-cli-1.6.0.jar:/home/runner/.m2/repository/org/apache/hadoop/hadoop-hdfs/3.3.6/hadoop-hdfs-3.3.6.jar:/home/runner/.m2/repository/commons-daemon/commons-daemon/1.0.13/commons-daemon-1.0.13.jar:/home/runner/.m2/repository/org/xerial/snappy/snappy-java/1.1.10.5/snappy-java-1.1.10.5.jar:/home/runner/.m2/repository/ch/qos/reload4j/reload4j/1.2.25/reload4j-1.2.25.jar:/home/runner/.m2/repository/org/slf4j/slf4j-reload4j/2.0.12/slf4j-reload4j-2.0.12.jar:/home/runner/.m2/repository/org/slf4j/slf4j-api/2.0.12/slf4j-api-2.0.12.jar:/home/runner/.m2/repository/org/apache/commons/commons-compress/1.26.0/commons-compress-1.26.0.jar:/home/runner/.m2/repository/org/apache/commons/commons-configuration2/2.10.1/commons-configuration2-2.10.1.jar:/home/runner/.m2/repository/org/apache/commons/commons-text/1.11.0/commons-text-1.11.0.jar:/home/runner/.m2/repository/commons-logging/commons-logging/1.2/commons-logging-1.2.jar:/home/runner/.m2/repository/commons-fileupload/commons-fileupload/1.5/commons-fileupload-1.5.jar:/home/runner/.m2/repository/org/apache/logging/log4j/log4j-api/2.17.1/log4j-api-2.17.1.jar:/home/runner/.m2/repository/org/apache/logging/log4j/log4j-core/2.17.1/log4j-core-2.17.1.jar:/home/runner/.m2/repository/com/lmax/disruptor/3.4.4/disruptor-3.4.4.jar:/home/runner/.m2/repository/org/eclipse/jetty/jetty-util/9.4.53.v20231009/jetty-util-9.4.53.v20231009.jar:/home/runner/.m2/repository/org/eclipse/jetty/jetty-server/9.4.53.v20231009/jetty-server-9.4.53.v20231009.jar:/home/runner/.m2/repository/javax/servlet/javax.servlet-api/3.1.0/javax.servlet-api-3.1.0.jar:/home/runner/.m2/repository/org/eclipse/jetty/jetty-http/9.4.53.v20231009/jetty-http-9.4.53.v20231009.jar:/home/runner/.m2/repository/org/eclipse/jetty/jetty-io/9.4.53.v20231009/jetty-io-9.4.53.v20231009.jar:/home/runner/.m2/repository/org/eclipse/jetty/jetty-servlet/9.4.53.v20231009/jetty-servlet-9.4.53.v20231009.jar:/home/runner/.m2/repository/org/eclipse/jetty/jetty-security/9.4.53.v20231009/jetty-security-9.4.53.v20231009.jar:/home/runner/.m2/repository/org/eclipse/jetty/jetty-util-ajax/9.4.53.v20231009/jetty-util-ajax-9.4.53.v20231009.jar:/home/runner/.m2/repository/org/eclipse/jetty/jetty-webapp/9.4.53.v20231009/jetty-webapp-9.4.53.v20231009.jar:/home/runner/.m2/repository/org/eclipse/jetty/jetty-xml/9.4.53.v20231009/jetty-xml-9.4.53.v20231009.jar:/home/runner/.m2/repository/org/apache/ratis/ratis-server/3.0.1/ratis-server-3.0.1.jar:/home/runner/.m2/repository/org/apache/ratis/ratis-thirdparty-misc/1.0.5/ratis-thirdparty-misc-1.0.5.jar:/home/runner/.m2/repository/org/apache/ratis/ratis-proto/3.0.1/ratis-proto-3.0.1.jar:/home/runner/.m2/repository/org/apache/ratis/ratis-common/3.0.1/ratis-common-3.0.1.jar:/home/runner/.m2/repository/org/apache/ratis/ratis-client/3.0.1/ratis-client-3.0.1.jar:/home/runner/.m2/repository/org/apache/ratis/ratis-server-api/3.0.1/ratis-server-api-3.0.1.jar:/home/runner/.m2/repository/org/apache/ratis/ratis-metrics-api/3.0.1/ratis-metrics-api-3.0.1.jar:/home/runner/.m2/repository/org/apache/ratis/ratis-metrics-dropwizard3/3.0.1/ratis-metrics-dropwizard3-3.0.1.jar:/home/runner/.m2/repository/io/prometheus/simpleclient_dropwizard/0.16.0/simpleclient_dropwizard-0.16.0.jar:/home/runner/.m2/repository/io/prometheus/simpleclient/0.16.0/simpleclient-0.16.0.jar:/home/runner/.m2/repository/io/prometheus/simpleclient_common/0.16.0/simpleclient_common-0.16.0.jar:/home/runner/.m2/repository/com/fasterxml/jackson/datatype/jackson-datatype-jsr310/2.16.1/jackson-datatype-jsr310-2.16.1.jar:/home/runner/.m2/repository/com/fasterxml/jackson/core/jackson-core/2.16.1/jackson-core-2.16.1.jar:/home/runner/.m2/repository/com/fasterxml/jackson/core/jackson-databind/2.16.1/jackson-databind-2.16.1.jar:/home/runner/.m2/repository/org/apache/hadoop/hadoop-hdfs-client/3.3.6/hadoop-hdfs-client-3.3.6.jar:/home/runner/.m2/repository/com/squareup/okhttp3/okhttp/4.12.0/okhttp-4.12.0.jar:/home/runner/.m2/repository/com/squareup/okio/okio/3.6.0/okio-3.6.0.jar:/home/runner/.m2/repository/com/squareup/okio/okio-jvm/3.6.0/okio-jvm-3.6.0.jar:/home/runner/.m2/repository/org/jetbrains/kotlin/kotlin-stdlib-jdk8/1.9.22/kotlin-stdlib-jdk8-1.9.22.jar:/home/runner/.m2/repository/org/jetbrains/kotlin/kotlin-stdlib-jdk7/1.9.22/kotlin-stdlib-jdk7-1.9.22.jar:/home/runner/.m2/repository/org/jetbrains/kotlin/kotlin-stdlib-common/1.9.22/kotlin-stdlib-common-1.9.22.jar:/home/runner/work/ozone/ozone/hadoop-hdds/rocksdb-checkpoint-differ/target/classes:/home/runner/work/ozone/ozone/hadoop-hdds/rocks-native/target/classes:/home/runner/.m2/repository/org/jgrapht/jgrapht-core/1.4.0/jgrapht-core-1.4.0.jar:/home/runner/.m2/repository/org/jheaps/jheaps/0.11/jheaps-0.11.jar:/home/runner/.m2/repository/org/jgrapht/jgrapht-ext/1.4.0/jgrapht-ext-1.4.0.jar:/home/runner/.m2/repository/com/github/vlsi/mxgraph/jgraphx/3.9.8.1/jgraphx-3.9.8.1.jar:/home/runner/work/ozone/ozone/hadoop-hdds/common/target/test-classes:/home/runner/work/ozone/ozone/hadoop-hdds/hadoop-dependency-test/target/classes:/home/runner/.m2/repository/org/apache/hadoop/hadoop-common/3.3.6/hadoop-common-3.3.6-tests.jar:/home/runner/.m2/repository/org/apache/hadoop/hadoop-hdfs/3.3.6/hadoop-hdfs-3.3.6-tests.jar:/home/runner/.m2/repository/commons-codec/commons-codec/1.15/commons-codec-1.15.jar:/home/runner/.m2/repository/org/assertj/assertj-core/3.12.2/assertj-core-3.12.2.jar:/home/runner/.m2/repository/org/junit/jupiter/junit-jupiter-api/5.10.2/junit-jupiter-api-5.10.2.jar:/home/runner/.m2/repository/org/opentest4j/opentest4j/1.3.0/opentest4j-1.3.0.jar:/home/runner/.m2/repository/org/junit/platform/junit-platform-commons/1.10.2/junit-platform-commons-1.10.2.jar:/home/runner/.m2/repository/org/apiguardian/apiguardian-api/1.1.2/apiguardian-api-1.1.2.jar:/home/runner/.m2/repository/org/junit/jupiter/junit-jupiter-engine/5.10.2/junit-jupiter-engine-5.10.2.jar:/home/runner/.m2/repository/org/junit/platform/junit-platform-engine/1.10.2/junit-platform-engine-1.10.2.jar:/home/runner/.m2/repository/org/junit/jupiter/junit-jupiter-params/5.10.2/junit-jupiter-params-5.10.2.jar:/home/runner/.m2/repository/org/mockito/mockito-core/4.11.0/mockito-core-4.11.0.jar:/home/runner/.m2/repository/net/bytebuddy/byte-buddy/1.12.19/byte-buddy-1.12.19.jar:/home/runner/.m2/repository/net/bytebuddy/byte-buddy-agent/1.12.19/byte-buddy-agent-1.12.19.jar:/home/runner/.m2/repository/org/objenesis/objenesis/3.3/objenesis-3.3.jar:/home/runner/.m2/repository/org/mockito/mockito-junit-jupiter/4.11.0/mockito-junit-jupiter-4.11.0.jar:/home/runner/work/ozone/ozone/hadoop-hdds/test-utils/target/classes:/home/runner/work/ozone/ozone/hadoop-hdds/framework/target/gradle-enterprise/test-listeners.jar:"/>
    <property name="sun.cpu.endian" value="little"/>
    <property name="user.home" value="/home/runner"/>
    <property name="user.language" value="en"/>
    <property name="java.specification.vendor" value="Oracle Corporation"/>
    <property name="java.home" value="/usr/lib/jvm/temurin-8-jdk-amd64/jre"/>
    <property name="java.security.krb5.conf" value="/home/runner/work/ozone/ozone/hadoop-hdds/framework/target/test-classes/krb5.conf"/>
    <property name="file.separator" value="/"/>
    <property name="basedir" value="/home/runner/work/ozone/ozone/hadoop-hdds/framework"/>
    <property name="line.separator" value="&#10;"/>
    <property name="java.vm.specification.vendor" value="Oracle Corporation"/>
    <property name="java.specification.name" value="Java Platform API Specification"/>
    <property name="skip.installnpx" value="true"/>
    <property name="java.awt.graphicsenv" value="sun.awt.X11GraphicsEnvironment"/>
    <property name="surefire.real.class.path" value="/home/runner/work/ozone/ozone/hadoop-hdds/framework/target/surefire/surefirebooter8397988483628346187.jar:/home/runner/.m2/repository/org/jacoco/org.jacoco.agent/0.8.12/org.jacoco.agent-0.8.12-runtime.jar"/>
    <property name="sun.boot.class.path" value="/usr/lib/jvm/temurin-8-jdk-amd64/jre/lib/resources.jar:/usr/lib/jvm/temurin-8-jdk-amd64/jre/lib/rt.jar:/usr/lib/jvm/temurin-8-jdk-amd64/jre/lib/sunrsasign.jar:/usr/lib/jvm/temurin-8-jdk-amd64/jre/lib/jsse.jar:/usr/lib/jvm/temurin-8-jdk-amd64/jre/lib/jce.jar:/usr/lib/jvm/temurin-8-jdk-amd64/jre/lib/charsets.jar:/usr/lib/jvm/temurin-8-jdk-amd64/jre/lib/jfr.jar:/usr/lib/jvm/temurin-8-jdk-amd64/jre/classes"/>
    <property name="hadoop.log.dir" value="/home/runner/work/ozone/ozone/hadoop-hdds/framework/target/log"/>
    <property name="sun.management.compiler" value="HotSpot 64-Bit Tiered Compilers"/>
    <property name="java.runtime.version" value="1.8.0_402-b06"/>
    <property name="skip.npx" value="true"/>
    <property name="user.name" value="runner"/>
    <property name="java.net.preferIPv4Stack" value="true"/>
    <property name="path.separator" value=":"/>
    <property name="java.security.egd" value="file:///dev/urandom"/>
    <property name="os.version" value="5.15.0-1059-azure"/>
    <property name="java.endorsed.dirs" value="/usr/lib/jvm/temurin-8-jdk-amd64/jre/lib/endorsed"/>
    <property name="java.runtime.name" value="OpenJDK Runtime Environment"/>
    <property name="com.gradle.maven.scan.extension.test.listener.junitplatform.NestedExecutionSafeDelegatingTestExecutionListener" value="9353778"/>
    <property name="file.encoding" value="UTF-8"/>
    <property name="java.vm.name" value="OpenJDK 64-Bit Server VM"/>
    <property name="test.build.webapps" value=""/>
    <property name="localRepository" value="/home/runner/.m2/repository"/>
    <property name="gradle.enterprise.listener.port" value="35977"/>
    <property name="java.vendor.url.bug" value="https://github.com/adoptium/adoptium-support/issues"/>
    <property name="require.test.libhadoop" value=""/>
    <property name="java.io.tmpdir" value="/tmp"/>
    <property name="java.version" value="1.8.0_402"/>
    <property name="user.dir" value="/home/runner/work/ozone/ozone/hadoop-hdds/framework"/>
    <property name="os.arch" value="amd64"/>
    <property name="test.build.classes" value="/home/runner/work/ozone/ozone/hadoop-hdds/framework/target/test-classes"/>
    <property name="java.vm.specification.name" value="Java Virtual Machine Specification"/>
    <property name="java.awt.printerjob" value="sun.print.PSPrinterJob"/>
    <property name="sun.os.patch.level" value="unknown"/>
    <property name="hadoop.tmp.dir" value="/home/runner/work/ozone/ozone/hadoop-hdds/framework/target/tmp"/>
    <property name="java.library.path" value="/usr/java/packages/lib/amd64:/usr/lib64:/lib64:/lib:/usr/lib"/>
    <property name="java.vendor" value="Temurin"/>
    <property name="java.vm.info" value="mixed mode"/>
    <property name="java.vm.version" value="25.402-b06"/>
    <property name="java.specification.maintenance.version" value="5"/>
    <property name="sun.io.unicode.encoding" value="UnicodeLittle"/>
    <property name="java.ext.dirs" value="/usr/lib/jvm/temurin-8-jdk-amd64/jre/lib/ext:/usr/java/packages/lib/ext"/>
    <property name="java.class.version" value="52.0"/>
  </properties>
  <testcase name="testRevokeCertificates" classname="org.apache.hadoop.hdds.security.x509.certificate.authority.TestDefaultCAServer" time="0.767">
    <error type="java.lang.IllegalArgumentException"><![CDATA[java.lang.IllegalArgumentException: IP Address is invalid
	at org.bouncycastle.asn1.x509.GeneralName.<init>(Unknown Source)
	at org.apache.hadoop.hdds.security.x509.certificate.utils.SelfSignedCertificate$Builder.addAltName(SelfSignedCertificate.java:274)
	at org.apache.hadoop.hdds.security.x509.certificate.utils.SelfSignedCertificate$Builder.addIpAddress(SelfSignedCertificate.java:261)
	at org.apache.hadoop.hdds.security.x509.certificate.utils.SelfSignedCertificate$Builder.lambda$addInetAddresses$0(SelfSignedCertificate.java:240)
	at java.util.ArrayList.forEach(ArrayList.java:1259)
	at org.apache.hadoop.hdds.security.x509.certificate.utils.SelfSignedCertificate$Builder.addInetAddresses(SelfSignedCertificate.java:238)
	at org.apache.hadoop.hdds.security.x509.certificate.utils.SelfSignedCertificate$Builder.addInetAddresses(SelfSignedCertificate.java:228)
	at org.apache.hadoop.hdds.security.x509.certificate.authority.DefaultCAServer.generateRootCertificate(DefaultCAServer.java:579)
	at org.apache.hadoop.hdds.security.x509.certificate.authority.DefaultCAServer.generateSelfSignedCA(DefaultCAServer.java:381)
	at org.apache.hadoop.hdds.security.x509.certificate.authority.DefaultCAServer.initRootCa(DefaultCAServer.java:517)
	at org.apache.hadoop.hdds.security.x509.certificate.authority.DefaultCAServer.init(DefaultCAServer.java:179)
	at org.apache.hadoop.hdds.security.x509.certificate.authority.TestDefaultCAServer.testRevokeCertificates(TestDefaultCAServer.java:256)
	at java.lang.reflect.Method.invoke(Method.java:498)
	at java.util.ArrayList.forEach(ArrayList.java:1259)
	at java.util.ArrayList.forEach(ArrayList.java:1259)
]]></error>
    <system-out><![CDATA[2024-04-16 15:25:17,304 [main] INFO  ozone.OzoneSecurityUtil (OzoneSecurityUtil.java:getValidInetsForCurrentHost(116)) - Adding ip:fe80:0:0:0:6245:bdff:feae:4bc8%eth0,host:fe80:0:0:0:6245:bdff:feae:4bc8%eth0
2024-04-16 15:25:17,306 [main] INFO  ozone.OzoneSecurityUtil (OzoneSecurityUtil.java:getValidInetsForCurrentHost(116)) - Adding ip:10.1.0.22,host:fv-az712-744.xquug1rrlnou5jzdhw5e0oryhh.phxx.internal.cloudapp.net
2024-04-16 15:25:17,307 [main] INFO  ozone.OzoneSecurityUtil (OzoneSecurityUtil.java:getValidInetsForCurrentHost(116)) - Adding ip:0:0:0:0:0:0:0:1%lo,host:localhost
2024-04-16 15:25:17,307 [main] INFO  ozone.OzoneSecurityUtil (OzoneSecurityUtil.java:getValidInetsForCurrentHost(119)) - ip:127.0.0.1 not returned.
]]></system-out>
  </testcase>
  <testcase name="testExternalRootCA(Path)" classname="org.apache.hadoop.hdds.security.x509.certificate.authority.TestDefaultCAServer" time="0.123">
    <error type="java.lang.IllegalArgumentException"><![CDATA[java.lang.IllegalArgumentException: IP Address is invalid
	at org.bouncycastle.asn1.x509.GeneralName.<init>(Unknown Source)
	at org.apache.hadoop.hdds.security.x509.certificate.utils.SelfSignedCertificate$Builder.addAltName(SelfSignedCertificate.java:274)
	at org.apache.hadoop.hdds.security.x509.certificate.utils.SelfSignedCertificate$Builder.addIpAddress(SelfSignedCertificate.java:261)
	at org.apache.hadoop.hdds.security.x509.certificate.utils.SelfSignedCertificate$Builder.lambda$addInetAddresses$0(SelfSignedCertificate.java:240)
	at java.util.ArrayList.forEach(ArrayList.java:1259)
	at org.apache.hadoop.hdds.security.x509.certificate.utils.SelfSignedCertificate$Builder.addInetAddresses(SelfSignedCertificate.java:238)
	at org.apache.hadoop.hdds.security.x509.certificate.utils.SelfSignedCertificate$Builder.addInetAddresses(SelfSignedCertificate.java:228)
	at org.apache.hadoop.hdds.security.x509.certificate.authority.TestDefaultCAServer.generateExternalCert(TestDefaultCAServer.java:543)
	at org.apache.hadoop.hdds.security.x509.certificate.authority.TestDefaultCAServer.testExternalRootCA(TestDefaultCAServer.java:356)
	at java.lang.reflect.Method.invoke(Method.java:498)
	at java.util.ArrayList.forEach(ArrayList.java:1259)
	at java.util.ArrayList.forEach(ArrayList.java:1259)
]]></error>
    <system-out><![CDATA[2024-04-16 15:25:17,424 [main] INFO  client.SCMCertificateClient (DefaultCertificateClient.java:updateCertSerialId(1313)) - Certificate serial ID set to null
2024-04-16 15:25:17,489 [main] INFO  ozone.OzoneSecurityUtil (OzoneSecurityUtil.java:getValidInetsForCurrentHost(116)) - Adding ip:fe80:0:0:0:6245:bdff:feae:4bc8%eth0,host:fe80:0:0:0:6245:bdff:feae:4bc8%eth0
2024-04-16 15:25:17,490 [main] INFO  ozone.OzoneSecurityUtil (OzoneSecurityUtil.java:getValidInetsForCurrentHost(116)) - Adding ip:10.1.0.22,host:fv-az712-744.xquug1rrlnou5jzdhw5e0oryhh.phxx.internal.cloudapp.net
2024-04-16 15:25:17,490 [main] INFO  ozone.OzoneSecurityUtil (OzoneSecurityUtil.java:getValidInetsForCurrentHost(116)) - Adding ip:0:0:0:0:0:0:0:1%lo,host:localhost
2024-04-16 15:25:17,490 [main] INFO  ozone.OzoneSecurityUtil (OzoneSecurityUtil.java:getValidInetsForCurrentHost(119)) - ip:127.0.0.1 not returned.
]]></system-out>
  </testcase>
  <testcase name="testInit" classname="org.apache.hadoop.hdds.security.x509.certificate.authority.TestDefaultCAServer" time="0.185">
    <error type="java.lang.IllegalArgumentException"><![CDATA[java.lang.IllegalArgumentException: IP Address is invalid
	at org.bouncycastle.asn1.x509.GeneralName.<init>(Unknown Source)
	at org.apache.hadoop.hdds.security.x509.certificate.utils.SelfSignedCertificate$Builder.addAltName(SelfSignedCertificate.java:274)
	at org.apache.hadoop.hdds.security.x509.certificate.utils.SelfSignedCertificate$Builder.addIpAddress(SelfSignedCertificate.java:261)
	at org.apache.hadoop.hdds.security.x509.certificate.utils.SelfSignedCertificate$Builder.lambda$addInetAddresses$0(SelfSignedCertificate.java:240)
	at java.util.ArrayList.forEach(ArrayList.java:1259)
	at org.apache.hadoop.hdds.security.x509.certificate.utils.SelfSignedCertificate$Builder.addInetAddresses(SelfSignedCertificate.java:238)
	at org.apache.hadoop.hdds.security.x509.certificate.utils.SelfSignedCertificate$Builder.addInetAddresses(SelfSignedCertificate.java:228)
	at org.apache.hadoop.hdds.security.x509.certificate.authority.DefaultCAServer.generateRootCertificate(DefaultCAServer.java:579)
	at org.apache.hadoop.hdds.security.x509.certificate.authority.DefaultCAServer.generateSelfSignedCA(DefaultCAServer.java:381)
	at org.apache.hadoop.hdds.security.x509.certificate.authority.DefaultCAServer.initRootCa(DefaultCAServer.java:517)
	at org.apache.hadoop.hdds.security.x509.certificate.authority.DefaultCAServer.init(DefaultCAServer.java:179)
	at org.apache.hadoop.hdds.security.x509.certificate.authority.TestDefaultCAServer.testInit(TestDefaultCAServer.java:106)
	at java.lang.reflect.Method.invoke(Method.java:498)
	at java.util.ArrayList.forEach(ArrayList.java:1259)
	at java.util.ArrayList.forEach(ArrayList.java:1259)
]]></error>
    <system-out><![CDATA[2024-04-16 15:25:17,675 [main] INFO  ozone.OzoneSecurityUtil (OzoneSecurityUtil.java:getValidInetsForCurrentHost(116)) - Adding ip:fe80:0:0:0:6245:bdff:feae:4bc8%eth0,host:fe80:0:0:0:6245:bdff:feae:4bc8%eth0
2024-04-16 15:25:17,676 [main] INFO  ozone.OzoneSecurityUtil (OzoneSecurityUtil.java:getValidInetsForCurrentHost(116)) - Adding ip:10.1.0.22,host:fv-az712-744.xquug1rrlnou5jzdhw5e0oryhh.phxx.internal.cloudapp.net
2024-04-16 15:25:17,676 [main] INFO  ozone.OzoneSecurityUtil (OzoneSecurityUtil.java:getValidInetsForCurrentHost(116)) - Adding ip:0:0:0:0:0:0:0:1%lo,host:localhost
2024-04-16 15:25:17,676 [main] INFO  ozone.OzoneSecurityUtil (OzoneSecurityUtil.java:getValidInetsForCurrentHost(119)) - ip:127.0.0.1 not returned.
]]></system-out>
  </testcase>
  <testcase name="testInitWithCertChain(Path)" classname="org.apache.hadoop.hdds.security.x509.certificate.authority.TestDefaultCAServer" time="0.237">
    <error type="java.lang.IllegalArgumentException"><![CDATA[java.lang.IllegalArgumentException: IP Address is invalid
	at org.bouncycastle.asn1.x509.GeneralName.<init>(Unknown Source)
	at org.apache.hadoop.hdds.security.x509.certificate.utils.SelfSignedCertificate$Builder.addAltName(SelfSignedCertificate.java:274)
	at org.apache.hadoop.hdds.security.x509.certificate.utils.SelfSignedCertificate$Builder.addIpAddress(SelfSignedCertificate.java:261)
	at org.apache.hadoop.hdds.security.x509.certificate.utils.SelfSignedCertificate$Builder.lambda$addInetAddresses$0(SelfSignedCertificate.java:240)
	at java.util.ArrayList.forEach(ArrayList.java:1259)
	at org.apache.hadoop.hdds.security.x509.certificate.utils.SelfSignedCertificate$Builder.addInetAddresses(SelfSignedCertificate.java:238)
	at org.apache.hadoop.hdds.security.x509.certificate.utils.SelfSignedCertificate$Builder.addInetAddresses(SelfSignedCertificate.java:228)
	at org.apache.hadoop.hdds.security.x509.certificate.authority.TestDefaultCAServer.generateExternalCert(TestDefaultCAServer.java:543)
	at org.apache.hadoop.hdds.security.x509.certificate.authority.TestDefaultCAServer.testInitWithCertChain(TestDefaultCAServer.java:423)
	at java.lang.reflect.Method.invoke(Method.java:498)
	at java.util.ArrayList.forEach(ArrayList.java:1259)
	at java.util.ArrayList.forEach(ArrayList.java:1259)
]]></error>
    <system-out><![CDATA[2024-04-16 15:25:17,695 [main] INFO  client.SCMCertificateClient (DefaultCertificateClient.java:updateCertSerialId(1313)) - Certificate serial ID set to null
2024-04-16 15:25:17,915 [main] INFO  ozone.OzoneSecurityUtil (OzoneSecurityUtil.java:getValidInetsForCurrentHost(116)) - Adding ip:fe80:0:0:0:6245:bdff:feae:4bc8%eth0,host:fe80:0:0:0:6245:bdff:feae:4bc8%eth0
2024-04-16 15:25:17,916 [main] INFO  ozone.OzoneSecurityUtil (OzoneSecurityUtil.java:getValidInetsForCurrentHost(116)) - Adding ip:10.1.0.22,host:fv-az712-744.xquug1rrlnou5jzdhw5e0oryhh.phxx.internal.cloudapp.net
2024-04-16 15:25:17,916 [main] INFO  ozone.OzoneSecurityUtil (OzoneSecurityUtil.java:getValidInetsForCurrentHost(116)) - Adding ip:0:0:0:0:0:0:0:1%lo,host:localhost
2024-04-16 15:25:17,916 [main] INFO  ozone.OzoneSecurityUtil (OzoneSecurityUtil.java:getValidInetsForCurrentHost(119)) - ip:127.0.0.1 not returned.
]]></system-out>
  </testcase>
  <testcase name="testMissingKey" classname="org.apache.hadoop.hdds.security.x509.certificate.authority.TestDefaultCAServer" time="0.063"/>
  <testcase name="testRequestCertificateWithInvalidSubject" classname="org.apache.hadoop.hdds.security.x509.certificate.authority.TestDefaultCAServer" time="0.112">
    <error type="java.lang.IllegalArgumentException"><![CDATA[java.lang.IllegalArgumentException: IP Address is invalid
	at org.bouncycastle.asn1.x509.GeneralName.<init>(Unknown Source)
	at org.apache.hadoop.hdds.security.x509.certificate.utils.SelfSignedCertificate$Builder.addAltName(SelfSignedCertificate.java:274)
	at org.apache.hadoop.hdds.security.x509.certificate.utils.SelfSignedCertificate$Builder.addIpAddress(SelfSignedCertificate.java:261)
	at org.apache.hadoop.hdds.security.x509.certificate.utils.SelfSignedCertificate$Builder.lambda$addInetAddresses$0(SelfSignedCertificate.java:240)
	at java.util.ArrayList.forEach(ArrayList.java:1259)
	at org.apache.hadoop.hdds.security.x509.certificate.utils.SelfSignedCertificate$Builder.addInetAddresses(SelfSignedCertificate.java:238)
	at org.apache.hadoop.hdds.security.x509.certificate.utils.SelfSignedCertificate$Builder.addInetAddresses(SelfSignedCertificate.java:228)
	at org.apache.hadoop.hdds.security.x509.certificate.authority.DefaultCAServer.generateRootCertificate(DefaultCAServer.java:579)
	at org.apache.hadoop.hdds.security.x509.certificate.authority.DefaultCAServer.generateSelfSignedCA(DefaultCAServer.java:381)
	at org.apache.hadoop.hdds.security.x509.certificate.authority.DefaultCAServer.initRootCa(DefaultCAServer.java:517)
	at org.apache.hadoop.hdds.security.x509.certificate.authority.DefaultCAServer.init(DefaultCAServer.java:179)
	at org.apache.hadoop.hdds.security.x509.certificate.authority.TestDefaultCAServer.testRequestCertificateWithInvalidSubject(TestDefaultCAServer.java:236)
	at java.lang.reflect.Method.invoke(Method.java:498)
	at java.util.ArrayList.forEach(ArrayList.java:1259)
	at java.util.ArrayList.forEach(ArrayList.java:1259)
]]></error>
    <system-out><![CDATA[2024-04-16 15:25:18,094 [main] INFO  ozone.OzoneSecurityUtil (OzoneSecurityUtil.java:getValidInetsForCurrentHost(116)) - Adding ip:fe80:0:0:0:6245:bdff:feae:4bc8%eth0,host:fe80:0:0:0:6245:bdff:feae:4bc8%eth0
2024-04-16 15:25:18,094 [main] INFO  ozone.OzoneSecurityUtil (OzoneSecurityUtil.java:getValidInetsForCurrentHost(116)) - Adding ip:10.1.0.22,host:fv-az712-744.xquug1rrlnou5jzdhw5e0oryhh.phxx.internal.cloudapp.net
2024-04-16 15:25:18,094 [main] INFO  ozone.OzoneSecurityUtil (OzoneSecurityUtil.java:getValidInetsForCurrentHost(116)) - Adding ip:0:0:0:0:0:0:0:1%lo,host:localhost
2024-04-16 15:25:18,095 [main] INFO  ozone.OzoneSecurityUtil (OzoneSecurityUtil.java:getValidInetsForCurrentHost(119)) - ip:127.0.0.1 not returned.
]]></system-out>
  </testcase>
  <testcase name="testMissingCertificate" classname="org.apache.hadoop.hdds.security.x509.certificate.authority.TestDefaultCAServer" time="0.011"/>
  <testcase name="testRequestCertificate" classname="org.apache.hadoop.hdds.security.x509.certificate.authority.TestDefaultCAServer" time="0.383">
    <error type="java.lang.IllegalArgumentException"><![CDATA[java.lang.IllegalArgumentException: IP Address is invalid
	at org.bouncycastle.asn1.x509.GeneralName.<init>(Unknown Source)
	at org.apache.hadoop.hdds.security.x509.certificate.utils.SelfSignedCertificate$Builder.addAltName(SelfSignedCertificate.java:274)
	at org.apache.hadoop.hdds.security.x509.certificate.utils.SelfSignedCertificate$Builder.addIpAddress(SelfSignedCertificate.java:261)
	at org.apache.hadoop.hdds.security.x509.certificate.utils.SelfSignedCertificate$Builder.lambda$addInetAddresses$0(SelfSignedCertificate.java:240)
	at java.util.ArrayList.forEach(ArrayList.java:1259)
	at org.apache.hadoop.hdds.security.x509.certificate.utils.SelfSignedCertificate$Builder.addInetAddresses(SelfSignedCertificate.java:238)
	at org.apache.hadoop.hdds.security.x509.certificate.utils.SelfSignedCertificate$Builder.addInetAddresses(SelfSignedCertificate.java:228)
	at org.apache.hadoop.hdds.security.x509.certificate.authority.DefaultCAServer.generateRootCertificate(DefaultCAServer.java:579)
	at org.apache.hadoop.hdds.security.x509.certificate.authority.DefaultCAServer.generateSelfSignedCA(DefaultCAServer.java:381)
	at org.apache.hadoop.hdds.security.x509.certificate.authority.DefaultCAServer.initRootCa(DefaultCAServer.java:517)
	at org.apache.hadoop.hdds.security.x509.certificate.authority.DefaultCAServer.init(DefaultCAServer.java:179)
	at org.apache.hadoop.hdds.security.x509.certificate.authority.TestDefaultCAServer.testRequestCertificate(TestDefaultCAServer.java:184)
	at java.lang.reflect.Method.invoke(Method.java:498)
	at java.util.ArrayList.forEach(ArrayList.java:1259)
	at java.util.ArrayList.forEach(ArrayList.java:1259)
]]></error>
    <system-out><![CDATA[2024-04-16 15:25:18,490 [main] INFO  ozone.OzoneSecurityUtil (OzoneSecurityUtil.java:getValidInetsForCurrentHost(116)) - Adding ip:fe80:0:0:0:6245:bdff:feae:4bc8%eth0,host:fe80:0:0:0:6245:bdff:feae:4bc8%eth0
2024-04-16 15:25:18,490 [main] INFO  ozone.OzoneSecurityUtil (OzoneSecurityUtil.java:getValidInetsForCurrentHost(116)) - Adding ip:10.1.0.22,host:fv-az712-744.xquug1rrlnou5jzdhw5e0oryhh.phxx.internal.cloudapp.net
2024-04-16 15:25:18,491 [main] INFO  ozone.OzoneSecurityUtil (OzoneSecurityUtil.java:getValidInetsForCurrentHost(116)) - Adding ip:0:0:0:0:0:0:0:1%lo,host:localhost
2024-04-16 15:25:18,491 [main] INFO  ozone.OzoneSecurityUtil (OzoneSecurityUtil.java:getValidInetsForCurrentHost(119)) - ip:127.0.0.1 not returned.
]]></system-out>
  </testcase>
  <testcase name="testIntermediaryCA" classname="org.apache.hadoop.hdds.security.x509.certificate.authority.TestDefaultCAServer" time="0.141">
    <error type="java.lang.IllegalArgumentException"><![CDATA[java.lang.IllegalArgumentException: IP Address is invalid
	at org.bouncycastle.asn1.x509.GeneralName.<init>(Unknown Source)
	at org.apache.hadoop.hdds.security.x509.certificate.utils.SelfSignedCertificate$Builder.addAltName(SelfSignedCertificate.java:274)
	at org.apache.hadoop.hdds.security.x509.certificate.utils.SelfSignedCertificate$Builder.addIpAddress(SelfSignedCertificate.java:261)
	at org.apache.hadoop.hdds.security.x509.certificate.utils.SelfSignedCertificate$Builder.lambda$addInetAddresses$0(SelfSignedCertificate.java:240)
	at java.util.ArrayList.forEach(ArrayList.java:1259)
	at org.apache.hadoop.hdds.security.x509.certificate.utils.SelfSignedCertificate$Builder.addInetAddresses(SelfSignedCertificate.java:238)
	at org.apache.hadoop.hdds.security.x509.certificate.utils.SelfSignedCertificate$Builder.addInetAddresses(SelfSignedCertificate.java:228)
	at org.apache.hadoop.hdds.security.x509.certificate.authority.DefaultCAServer.generateRootCertificate(DefaultCAServer.java:579)
	at org.apache.hadoop.hdds.security.x509.certificate.authority.DefaultCAServer.generateSelfSignedCA(DefaultCAServer.java:381)
	at org.apache.hadoop.hdds.security.x509.certificate.authority.DefaultCAServer.initRootCa(DefaultCAServer.java:517)
	at org.apache.hadoop.hdds.security.x509.certificate.authority.DefaultCAServer.init(DefaultCAServer.java:179)
	at org.apache.hadoop.hdds.security.x509.certificate.authority.TestDefaultCAServer.testIntermediaryCA(TestDefaultCAServer.java:463)
	at java.lang.reflect.Method.invoke(Method.java:498)
	at java.util.ArrayList.forEach(ArrayList.java:1259)
	at java.util.ArrayList.forEach(ArrayList.java:1259)
]]></error>
    <system-out><![CDATA[2024-04-16 15:25:18,634 [main] INFO  ozone.OzoneSecurityUtil (OzoneSecurityUtil.java:getValidInetsForCurrentHost(116)) - Adding ip:fe80:0:0:0:6245:bdff:feae:4bc8%eth0,host:fe80:0:0:0:6245:bdff:feae:4bc8%eth0
2024-04-16 15:25:18,635 [main] INFO  ozone.OzoneSecurityUtil (OzoneSecurityUtil.java:getValidInetsForCurrentHost(116)) - Adding ip:10.1.0.22,host:fv-az712-744.xquug1rrlnou5jzdhw5e0oryhh.phxx.internal.cloudapp.net
2024-04-16 15:25:18,635 [main] INFO  ozone.OzoneSecurityUtil (OzoneSecurityUtil.java:getValidInetsForCurrentHost(116)) - Adding ip:0:0:0:0:0:0:0:1%lo,host:localhost
2024-04-16 15:25:18,635 [main] INFO  ozone.OzoneSecurityUtil (OzoneSecurityUtil.java:getValidInetsForCurrentHost(119)) - ip:127.0.0.1 not returned.
]]></system-out>
  </testcase>
  <testcase name="testRequestCertificateWithInvalidSubjectFailure" classname="org.apache.hadoop.hdds.security.x509.certificate.authority.TestDefaultCAServer" time="0.427">
    <error type="java.lang.IllegalArgumentException"><![CDATA[java.lang.IllegalArgumentException: IP Address is invalid
	at org.bouncycastle.asn1.x509.GeneralName.<init>(Unknown Source)
	at org.apache.hadoop.hdds.security.x509.certificate.utils.SelfSignedCertificate$Builder.addAltName(SelfSignedCertificate.java:274)
	at org.apache.hadoop.hdds.security.x509.certificate.utils.SelfSignedCertificate$Builder.addIpAddress(SelfSignedCertificate.java:261)
	at org.apache.hadoop.hdds.security.x509.certificate.utils.SelfSignedCertificate$Builder.lambda$addInetAddresses$0(SelfSignedCertificate.java:240)
	at java.util.ArrayList.forEach(ArrayList.java:1259)
	at org.apache.hadoop.hdds.security.x509.certificate.utils.SelfSignedCertificate$Builder.addInetAddresses(SelfSignedCertificate.java:238)
	at org.apache.hadoop.hdds.security.x509.certificate.utils.SelfSignedCertificate$Builder.addInetAddresses(SelfSignedCertificate.java:228)
	at org.apache.hadoop.hdds.security.x509.certificate.authority.DefaultCAServer.generateRootCertificate(DefaultCAServer.java:579)
	at org.apache.hadoop.hdds.security.x509.certificate.authority.DefaultCAServer.generateSelfSignedCA(DefaultCAServer.java:381)
	at org.apache.hadoop.hdds.security.x509.certificate.authority.DefaultCAServer.initRootCa(DefaultCAServer.java:517)
	at org.apache.hadoop.hdds.security.x509.certificate.authority.DefaultCAServer.init(DefaultCAServer.java:179)
	at org.apache.hadoop.hdds.security.x509.certificate.authority.TestDefaultCAServer.testRequestCertificateWithInvalidSubjectFailure(TestDefaultCAServer.java:316)
	at java.lang.reflect.Method.invoke(Method.java:498)
	at java.util.ArrayList.forEach(ArrayList.java:1259)
	at java.util.ArrayList.forEach(ArrayList.java:1259)
]]></error>
    <system-out><![CDATA[2024-04-16 15:25:19,062 [main] INFO  ozone.OzoneSecurityUtil (OzoneSecurityUtil.java:getValidInetsForCurrentHost(116)) - Adding ip:fe80:0:0:0:6245:bdff:feae:4bc8%eth0,host:fe80:0:0:0:6245:bdff:feae:4bc8%eth0
2024-04-16 15:25:19,063 [main] INFO  ozone.OzoneSecurityUtil (OzoneSecurityUtil.java:getValidInetsForCurrentHost(116)) - Adding ip:10.1.0.22,host:fv-az712-744.xquug1rrlnou5jzdhw5e0oryhh.phxx.internal.cloudapp.net
2024-04-16 15:25:19,063 [main] INFO  ozone.OzoneSecurityUtil (OzoneSecurityUtil.java:getValidInetsForCurrentHost(116)) - Adding ip:0:0:0:0:0:0:0:1%lo,host:localhost
2024-04-16 15:25:19,063 [main] INFO  ozone.OzoneSecurityUtil (OzoneSecurityUtil.java:getValidInetsForCurrentHost(119)) - ip:127.0.0.1 not returned.
]]></system-out>
  </testcase>
  <testcase name="testIntermediaryCAWithEmpty" classname="org.apache.hadoop.hdds.security.x509.certificate.authority.TestDefaultCAServer" time="0.011"/>
</testsuite>