<?xml version="1.0" encoding="UTF-8"?>
<testsuite xmlns:xsi="http://www.w3.org/2001/XMLSchema-instance" xsi:noNamespaceSchemaLocation="https://maven.apache.org/surefire/maven-surefire-plugin/xsd/surefire-test-report.xsd" name="org.apache.hadoop.ozone.scm.TestSCMInstallSnapshotWithHA" time="159.312" tests="3" errors="0" skipped="0" failures="1">
  <properties>
    <property name="awt.toolkit" value="sun.awt.X11.XToolkit"/>
    <property name="file.encoding.pkg" value="sun.io"/>
    <property name="java.specification.version" value="1.8"/>
    <property name="sun.cpu.isalist" value=""/>
    <property name="sun.jnu.encoding" value="UTF-8"/>
    <property name="java.class.path" value="/home/runner/work/ozone/ozone/mnt/ozone/hadoop-ozone/integration-test/target/test-classes:/home/runner/work/ozone/ozone/mnt/ozone/hadoop-ozone/integration-test/target/classes:/home/runner/.m2/repository/org/apache/ozone/ozone-common/1.2.0-SNAPSHOT/ozone-common-1.2.0-SNAPSHOT.jar:/home/runner/.m2/repository/org/apache/commons/commons-compress/1.20/commons-compress-1.20.jar:/home/runner/.m2/repository/org/apache/ozone/hdds-common/1.2.0-SNAPSHOT/hdds-common-1.2.0-SNAPSHOT.jar:/home/runner/.m2/repository/org/apache/ozone/hdds-client/1.2.0-SNAPSHOT/hdds-client-1.2.0-SNAPSHOT.jar:/home/runner/.m2/repository/org/apache/ozone/ozone-interface-client/1.2.0-SNAPSHOT/ozone-interface-client-1.2.0-SNAPSHOT.jar:/home/runner/.m2/repository/org/apache/ozone/hdds-test-utils/1.2.0-SNAPSHOT/hdds-test-utils-1.2.0-SNAPSHOT.jar:/home/runner/.m2/repository/com/google/guava/guava/30.1.1-jre/guava-30.1.1-jre.jar:/home/runner/.m2/repository/com/google/guava/failureaccess/1.0.1/failureaccess-1.0.1.jar:/home/runner/.m2/repository/com/google/guava/listenablefuture/9999.0-empty-to-avoid-conflict-with-guava/listenablefuture-9999.0-empty-to-avoid-conflict-with-guava.jar:/home/runner/.m2/repository/com/google/code/findbugs/jsr305/3.0.0/jsr305-3.0.0.jar:/home/runner/.m2/repository/org/checkerframework/checker-qual/3.8.0/checker-qual-3.8.0.jar:/home/runner/.m2/repository/com/google/errorprone/error_prone_annotations/2.2.0/error_prone_annotations-2.2.0.jar:/home/runner/.m2/repository/com/google/j2objc/j2objc-annotations/1.3/j2objc-annotations-1.3.jar:/home/runner/.m2/repository/commons-io/commons-io/2.8.0/commons-io-2.8.0.jar:/home/runner/.m2/repository/commons-logging/commons-logging/1.2/commons-logging-1.2.jar:/home/runner/.m2/repository/log4j/log4j/1.2.17/log4j-1.2.17.jar:/home/runner/.m2/repository/org/slf4j/slf4j-api/1.7.30/slf4j-api-1.7.30.jar:/home/runner/.m2/repository/org/apache/ozone/hdds-server-scm/1.2.0-SNAPSHOT/hdds-server-scm-1.2.0-SNAPSHOT.jar:/home/runner/.m2/repository/org/apache/ozone/hdds-container-service/1.2.0-SNAPSHOT/hdds-container-service-1.2.0-SNAPSHOT.jar:/home/runner/.m2/repository/org/apache/ozone/hdds-hadoop-dependency-server/1.2.0-SNAPSHOT/hdds-hadoop-dependency-server-1.2.0-SNAPSHOT.jar:/home/runner/.m2/repository/org/apache/hadoop/hadoop-hdfs/3.2.2/hadoop-hdfs-3.2.2.jar:/home/runner/.m2/repository/org/apache/ozone/hdds-server-framework/1.2.0-SNAPSHOT/hdds-server-framework-1.2.0-SNAPSHOT.jar:/home/runner/.m2/repository/org/apache/ozone/hdds-interface-server/1.2.0-SNAPSHOT/hdds-interface-server-1.2.0-SNAPSHOT.jar:/home/runner/.m2/repository/org/eclipse/jetty/jetty-servlet/9.4.35.v20201120/jetty-servlet-9.4.35.v20201120.jar:/home/runner/.m2/repository/org/eclipse/jetty/jetty-security/9.4.35.v20201120/jetty-security-9.4.35.v20201120.jar:/home/runner/.m2/repository/org/rocksdb/rocksdbjni/6.20.3/rocksdbjni-6.20.3.jar:/home/runner/.m2/repository/io/prometheus/simpleclient_dropwizard/0.7.0/simpleclient_dropwizard-0.7.0.jar:/home/runner/.m2/repository/io/prometheus/simpleclient/0.7.0/simpleclient-0.7.0.jar:/home/runner/.m2/repository/io/prometheus/simpleclient_common/0.7.0/simpleclient_common-0.7.0.jar:/home/runner/.m2/repository/com/fasterxml/jackson/datatype/jackson-datatype-jsr310/2.12.1/jackson-datatype-jsr310-2.12.1.jar:/home/runner/.m2/repository/io/dropwizard/metrics/metrics-core/3.2.4/metrics-core-3.2.4.jar:/home/runner/.m2/repository/org/apache/hadoop/hadoop-hdfs-client/3.2.2/hadoop-hdfs-client-3.2.2.jar:/home/runner/.m2/repository/org/bouncycastle/bcprov-jdk15on/1.67/bcprov-jdk15on-1.67.jar:/home/runner/.m2/repository/com/google/protobuf/protobuf-java/2.5.0/protobuf-java-2.5.0.jar:/home/runner/.m2/repository/org/apache/ozone/ozone-manager/1.2.0-SNAPSHOT/ozone-manager-1.2.0-SNAPSHOT.jar:/home/runner/.m2/repository/org/apache/ozone/hdds-interface-client/1.2.0-SNAPSHOT/hdds-interface-client-1.2.0-SNAPSHOT.jar:/home/runner/.m2/repository/org/apache/ratis/ratis-thirdparty-misc/0.7.0-a398b19-SNAPSHOT/ratis-thirdparty-misc-0.7.0-a398b19-SNAPSHOT.jar:/home/runner/.m2/repository/org/apache/ozone/ozone-interface-storage/1.2.0-SNAPSHOT/ozone-interface-storage-1.2.0-SNAPSHOT.jar:/home/runner/.m2/repository/org/apache/hadoop/hadoop-minikdc/3.2.2/hadoop-minikdc-3.2.2.jar:/home/runner/.m2/repository/org/apache/kerby/kerb-simplekdc/1.0.1/kerb-simplekdc-1.0.1.jar:/home/runner/.m2/repository/org/apache/kerby/kerb-client/1.0.1/kerb-client-1.0.1.jar:/home/runner/.m2/repository/org/apache/kerby/kerby-config/1.0.1/kerby-config-1.0.1.jar:/home/runner/.m2/repository/org/apache/kerby/kerb-core/1.0.1/kerb-core-1.0.1.jar:/home/runner/.m2/repository/org/apache/kerby/kerby-pkix/1.0.1/kerby-pkix-1.0.1.jar:/home/runner/.m2/repository/org/apache/kerby/kerby-asn1/1.0.1/kerby-asn1-1.0.1.jar:/home/runner/.m2/repository/org/apache/kerby/kerby-util/1.0.1/kerby-util-1.0.1.jar:/home/runner/.m2/repository/org/apache/kerby/kerb-common/1.0.1/kerb-common-1.0.1.jar:/home/runner/.m2/repository/org/apache/kerby/kerb-crypto/1.0.1/kerb-crypto-1.0.1.jar:/home/runner/.m2/repository/org/apache/kerby/kerb-util/1.0.1/kerb-util-1.0.1.jar:/home/runner/.m2/repository/org/apache/kerby/token-provider/1.0.1/token-provider-1.0.1.jar:/home/runner/.m2/repository/org/apache/kerby/kerb-admin/1.0.1/kerb-admin-1.0.1.jar:/home/runner/.m2/repository/org/apache/kerby/kerb-server/1.0.1/kerb-server-1.0.1.jar:/home/runner/.m2/repository/org/apache/kerby/kerb-identity/1.0.1/kerb-identity-1.0.1.jar:/home/runner/.m2/repository/org/apache/kerby/kerby-xdr/1.0.1/kerby-xdr-1.0.1.jar:/home/runner/.m2/repository/org/slf4j/slf4j-log4j12/1.7.30/slf4j-log4j12-1.7.30.jar:/home/runner/.m2/repository/org/apache/ozone/ozone-s3gateway/1.2.0-SNAPSHOT/ozone-s3gateway-1.2.0-SNAPSHOT.jar:/home/runner/.m2/repository/org/jboss/weld/servlet/weld-servlet/2.4.7.Final/weld-servlet-2.4.7.Final.jar:/home/runner/.m2/repository/org/glassfish/jersey/containers/jersey-container-servlet-core/2.33/jersey-container-servlet-core-2.33.jar:/home/runner/.m2/repository/org/glassfish/hk2/external/jakarta.inject/2.6.1/jakarta.inject-2.6.1.jar:/home/runner/.m2/repository/org/glassfish/jersey/core/jersey-common/2.33/jersey-common-2.33.jar:/home/runner/.m2/repository/jakarta/ws/rs/jakarta.ws.rs-api/2.1.6/jakarta.ws.rs-api-2.1.6.jar:/home/runner/.m2/repository/org/glassfish/jersey/ext/cdi/jersey-cdi1x/2.33/jersey-cdi1x-2.33.jar:/home/runner/.m2/repository/org/glassfish/jersey/inject/jersey-hk2/2.33/jersey-hk2-2.33.jar:/home/runner/.m2/repository/org/glassfish/hk2/hk2-locator/2.6.1/hk2-locator-2.6.1.jar:/home/runner/.m2/repository/org/javassist/javassist/3.25.0-GA/javassist-3.25.0-GA.jar:/home/runner/.m2/repository/org/glassfish/jersey/media/jersey-media-jaxb/2.33/jersey-media-jaxb-2.33.jar:/home/runner/.m2/repository/org/glassfish/hk2/osgi-resource-locator/1.0.3/osgi-resource-locator-1.0.3.jar:/home/runner/.m2/repository/org/glassfish/hk2/hk2-api/2.5.0/hk2-api-2.5.0.jar:/home/runner/.m2/repository/org/glassfish/hk2/hk2-utils/2.5.0/hk2-utils-2.5.0.jar:/home/runner/.m2/repository/org/glassfish/hk2/external/aopalliance-repackaged/2.5.0/aopalliance-repackaged-2.5.0.jar:/home/runner/.m2/repository/com/fasterxml/jackson/dataformat/jackson-dataformat-xml/2.12.1/jackson-dataformat-xml-2.12.1.jar:/home/runner/.m2/repository/com/fasterxml/jackson/core/jackson-core/2.12.1/jackson-core-2.12.1.jar:/home/runner/.m2/repository/com/fasterxml/jackson/module/jackson-module-jaxb-annotations/2.12.1/jackson-module-jaxb-annotations-2.12.1.jar:/home/runner/.m2/repository/jakarta/xml/bind/jakarta.xml.bind-api/2.3.2/jakarta.xml.bind-api-2.3.2.jar:/home/runner/.m2/repository/jakarta/activation/jakarta.activation-api/1.2.1/jakarta.activation-api-1.2.1.jar:/home/runner/.m2/repository/org/codehaus/woodstox/stax2-api/3.1.4/stax2-api-3.1.4.jar:/home/runner/.m2/repository/com/fasterxml/woodstox/woodstox-core/5.0.3/woodstox-core-5.0.3.jar:/home/runner/.m2/repository/javax/enterprise/cdi-api/1.2/cdi-api-1.2.jar:/home/runner/.m2/repository/javax/el/javax.el-api/3.0.0/javax.el-api-3.0.0.jar:/home/runner/.m2/repository/javax/interceptor/javax.interceptor-api/1.2/javax.interceptor-api-1.2.jar:/home/runner/.m2/repository/javax/inject/javax.inject/1/javax.inject-1.jar:/home/runner/.m2/repository/javax/xml/bind/jaxb-api/2.3.0/jaxb-api-2.3.0.jar:/home/runner/.m2/repository/org/glassfish/jaxb/jaxb-runtime/2.3.0.1/jaxb-runtime-2.3.0.1.jar:/home/runner/.m2/repository/org/glassfish/jaxb/jaxb-core/2.3.0.1/jaxb-core-2.3.0.1.jar:/home/runner/.m2/repository/org/glassfish/jaxb/txw2/2.3.0.1/txw2-2.3.0.1.jar:/home/runner/.m2/repository/com/sun/istack/istack-commons-runtime/3.0.5/istack-commons-runtime-3.0.5.jar:/home/runner/.m2/repository/org/jvnet/staxex/stax-ex/1.7.8/stax-ex-1.7.8.jar:/home/runner/.m2/repository/com/sun/xml/fastinfoset/FastInfoset/1.2.13/FastInfoset-1.2.13.jar:/home/runner/.m2/repository/javax/activation/activation/1.1.1/activation-1.1.1.jar:/home/runner/.m2/repository/org/apache/ozone/ozone-csi/1.2.0-SNAPSHOT/ozone-csi-1.2.0-SNAPSHOT.jar:/home/runner/.m2/repository/com/google/protobuf/protobuf-java-util/3.12.0/protobuf-java-util-3.12.0.jar:/home/runner/.m2/repository/com/google/code/gson/gson/2.2.4/gson-2.2.4.jar:/home/runner/.m2/repository/org/apache/ozone/hdds-config/1.2.0-SNAPSHOT/hdds-config-1.2.0-SNAPSHOT.jar:/home/runner/.m2/repository/io/grpc/grpc-netty/1.33.0/grpc-netty-1.33.0.jar:/home/runner/.m2/repository/io/grpc/grpc-core/1.33.0/grpc-core-1.33.0.jar:/home/runner/.m2/repository/com/google/android/annotations/4.1.1.4/annotations-4.1.1.4.jar:/home/runner/.m2/repository/io/netty/netty-codec-http2/4.1.63.Final/netty-codec-http2-4.1.63.Final.jar:/home/runner/.m2/repository/io/netty/netty-codec-http/4.1.63.Final/netty-codec-http-4.1.63.Final.jar:/home/runner/.m2/repository/io/netty/netty-handler-proxy/4.1.63.Final/netty-handler-proxy-4.1.63.Final.jar:/home/runner/.m2/repository/io/netty/netty-codec-socks/4.1.63.Final/netty-codec-socks-4.1.63.Final.jar:/home/runner/.m2/repository/io/perfmark/perfmark-api/0.19.0/perfmark-api-0.19.0.jar:/home/runner/.m2/repository/org/codehaus/mojo/animal-sniffer-annotations/1.18/animal-sniffer-annotations-1.18.jar:/home/runner/.m2/repository/io/netty/netty-transport-native-epoll/4.1.63.Final/netty-transport-native-epoll-4.1.63.Final.jar:/home/runner/.m2/repository/io/netty/netty-common/4.1.63.Final/netty-common-4.1.63.Final.jar:/home/runner/.m2/repository/io/netty/netty-buffer/4.1.63.Final/netty-buffer-4.1.63.Final.jar:/home/runner/.m2/repository/io/netty/netty-transport-native-unix-common/4.1.63.Final/netty-transport-native-unix-common-4.1.63.Final.jar:/home/runner/.m2/repository/io/grpc/grpc-protobuf/1.33.0/grpc-protobuf-1.33.0.jar:/home/runner/.m2/repository/io/grpc/grpc-api/1.33.0/grpc-api-1.33.0.jar:/home/runner/.m2/repository/io/grpc/grpc-context/1.33.0/grpc-context-1.33.0.jar:/home/runner/.m2/repository/com/google/api/grpc/proto-google-common-protos/1.17.0/proto-google-common-protos-1.17.0.jar:/home/runner/.m2/repository/io/grpc/grpc-protobuf-lite/1.33.0/grpc-protobuf-lite-1.33.0.jar:/home/runner/.m2/repository/io/grpc/grpc-stub/1.33.0/grpc-stub-1.33.0.jar:/home/runner/.m2/repository/org/apache/ozone/ozone-recon/1.2.0-SNAPSHOT/ozone-recon-1.2.0-SNAPSHOT.jar:/home/runner/.m2/repository/org/apache/ozone/ozone-reconcodegen/1.2.0-SNAPSHOT/ozone-reconcodegen-1.2.0-SNAPSHOT.jar:/home/runner/.m2/repository/com/google/inject/extensions/guice-multibindings/4.0/guice-multibindings-4.0.jar:/home/runner/.m2/repository/com/google/inject/guice/4.0/guice-4.0.jar:/home/runner/.m2/repository/aopalliance/aopalliance/1.0/aopalliance-1.0.jar:/home/runner/.m2/repository/com/google/inject/extensions/guice-assistedinject/4.0/guice-assistedinject-4.0.jar:/home/runner/.m2/repository/com/google/inject/extensions/guice-servlet/4.0/guice-servlet-4.0.jar:/home/runner/.m2/repository/org/glassfish/jersey/containers/jersey-container-servlet/2.33/jersey-container-servlet-2.33.jar:/home/runner/.m2/repository/org/glassfish/hk2/guice-bridge/2.5.0/guice-bridge-2.5.0.jar:/home/runner/.m2/repository/org/glassfish/jersey/core/jersey-server/2.33/jersey-server-2.33.jar:/home/runner/.m2/repository/org/glassfish/jersey/core/jersey-client/2.33/jersey-client-2.33.jar:/home/runner/.m2/repository/jakarta/annotation/jakarta.annotation-api/1.3.5/jakarta.annotation-api-1.3.5.jar:/home/runner/.m2/repository/jakarta/validation/jakarta.validation-api/2.0.2/jakarta.validation-api-2.0.2.jar:/home/runner/.m2/repository/org/glassfish/jersey/media/jersey-media-json-jackson/2.33/jersey-media-json-jackson-2.33.jar:/home/runner/.m2/repository/org/glassfish/jersey/ext/jersey-entity-filtering/2.33/jersey-entity-filtering-2.33.jar:/home/runner/.m2/repository/org/jooq/jooq/3.11.10/jooq-3.11.10.jar:/home/runner/.m2/repository/org/jooq/jooq-meta/3.11.10/jooq-meta-3.11.10.jar:/home/runner/.m2/repository/org/jooq/jooq-codegen/3.11.10/jooq-codegen-3.11.10.jar:/home/runner/.m2/repository/com/jolbox/bonecp/0.8.0.RELEASE/bonecp-0.8.0.RELEASE.jar:/home/runner/.m2/repository/org/apache/derby/derby/10.14.2.0/derby-10.14.2.0.jar:/home/runner/.m2/repository/org/xerial/sqlite-jdbc/3.25.2/sqlite-jdbc-3.25.2.jar:/home/runner/.m2/repository/org/springframework/spring-jdbc/5.2.11.RELEASE/spring-jdbc-5.2.11.RELEASE.jar:/home/runner/.m2/repository/org/springframework/spring-beans/5.2.11.RELEASE/spring-beans-5.2.11.RELEASE.jar:/home/runner/.m2/repository/org/springframework/spring-core/5.2.11.RELEASE/spring-core-5.2.11.RELEASE.jar:/home/runner/.m2/repository/org/springframework/spring-jcl/5.2.11.RELEASE/spring-jcl-5.2.11.RELEASE.jar:/home/runner/.m2/repository/org/springframework/spring-tx/5.2.11.RELEASE/spring-tx-5.2.11.RELEASE.jar:/home/runner/.m2/repository/org/apache/ozone/ozone-client/1.2.0-SNAPSHOT/ozone-client-1.2.0-SNAPSHOT.jar:/home/runner/.m2/repository/org/apache/ozone/ozone-filesystem/1.2.0-SNAPSHOT/ozone-filesystem-1.2.0-SNAPSHOT.jar:/home/runner/.m2/repository/org/apache/ozone/ozone-filesystem-common/1.2.0-SNAPSHOT/ozone-filesystem-common-1.2.0-SNAPSHOT.jar:/home/runner/.m2/repository/org/apache/ozone/ozone-tools/1.2.0-SNAPSHOT/ozone-tools-1.2.0-SNAPSHOT.jar:/home/runner/.m2/repository/org/apache/ratis/ratis-tools/2.1.0-ff8aa66-SNAPSHOT/ratis-tools-2.1.0-ff8aa66-SNAPSHOT.jar:/home/runner/.m2/repository/org/apache/ratis/ratis-proto/2.1.0-ff8aa66-SNAPSHOT/ratis-proto-2.1.0-ff8aa66-SNAPSHOT.jar:/home/runner/.m2/repository/org/apache/ratis/ratis-common/2.1.0-ff8aa66-SNAPSHOT/ratis-common-2.1.0-ff8aa66-SNAPSHOT.jar:/home/runner/.m2/repository/com/amazonaws/aws-java-sdk-core/1.11.901/aws-java-sdk-core-1.11.901.jar:/home/runner/.m2/repository/org/apache/httpcomponents/httpclient/4.5.13/httpclient-4.5.13.jar:/home/runner/.m2/repository/org/apache/httpcomponents/httpcore/4.4.13/httpcore-4.4.13.jar:/home/runner/.m2/repository/software/amazon/ion/ion-java/1.0.2/ion-java-1.0.2.jar:/home/runner/.m2/repository/com/fasterxml/jackson/dataformat/jackson-dataformat-cbor/2.12.1/jackson-dataformat-cbor-2.12.1.jar:/home/runner/.m2/repository/joda-time/joda-time/2.8.1/joda-time-2.8.1.jar:/home/runner/.m2/repository/com/amazonaws/aws-java-sdk-s3/1.11.901/aws-java-sdk-s3-1.11.901.jar:/home/runner/.m2/repository/com/amazonaws/aws-java-sdk-kms/1.11.901/aws-java-sdk-kms-1.11.901.jar:/home/runner/.m2/repository/com/amazonaws/jmespath-java/1.11.901/jmespath-java-1.11.901.jar:/home/runner/.m2/repository/org/kohsuke/metainf-services/metainf-services/1.8/metainf-services-1.8.jar:/home/runner/.m2/repository/org/apache/ozone/hdds-tools/1.2.0-SNAPSHOT/hdds-tools-1.2.0-SNAPSHOT.jar:/home/runner/.m2/repository/commons-cli/commons-cli/1.2/commons-cli-1.2.jar:/home/runner/.m2/repository/org/apache/commons/commons-lang3/3.7/commons-lang3-3.7.jar:/home/runner/.m2/repository/org/apache/ozone/ozone-manager/1.2.0-SNAPSHOT/ozone-manager-1.2.0-SNAPSHOT-tests.jar:/home/runner/.m2/repository/org/apache/ozone/hdds-common/1.2.0-SNAPSHOT/hdds-common-1.2.0-SNAPSHOT-tests.jar:/home/runner/.m2/repository/org/apache/ozone/hdds-hadoop-dependency-client/1.2.0-SNAPSHOT/hdds-hadoop-dependency-client-1.2.0-SNAPSHOT.jar:/home/runner/.m2/repository/info/picocli/picocli/4.4.0/picocli-4.4.0.jar:/home/runner/.m2/repository/com/fasterxml/jackson/core/jackson-annotations/2.12.1/jackson-annotations-2.12.1.jar:/home/runner/.m2/repository/javax/annotation/javax.annotation-api/1.2/javax.annotation-api-1.2.jar:/home/runner/.m2/repository/org/apache/ratis/ratis-server/2.1.0-ff8aa66-SNAPSHOT/ratis-server-2.1.0-ff8aa66-SNAPSHOT.jar:/home/runner/.m2/repository/org/apache/ratis/ratis-client/2.1.0-ff8aa66-SNAPSHOT/ratis-client-2.1.0-ff8aa66-SNAPSHOT.jar:/home/runner/.m2/repository/org/apache/ratis/ratis-server-api/2.1.0-ff8aa66-SNAPSHOT/ratis-server-api-2.1.0-ff8aa66-SNAPSHOT.jar:/home/runner/.m2/repository/org/apache/ratis/ratis-metrics/2.1.0-ff8aa66-SNAPSHOT/ratis-metrics-2.1.0-ff8aa66-SNAPSHOT.jar:/home/runner/.m2/repository/org/apache/ratis/ratis-netty/2.1.0-ff8aa66-SNAPSHOT/ratis-netty-2.1.0-ff8aa66-SNAPSHOT.jar:/home/runner/.m2/repository/org/apache/ratis/ratis-grpc/2.1.0-ff8aa66-SNAPSHOT/ratis-grpc-2.1.0-ff8aa66-SNAPSHOT.jar:/home/runner/.m2/repository/org/apache/logging/log4j/log4j-api/2.13.3/log4j-api-2.13.3.jar:/home/runner/.m2/repository/org/apache/logging/log4j/log4j-core/2.13.3/log4j-core-2.13.3.jar:/home/runner/.m2/repository/com/lmax/disruptor/3.4.2/disruptor-3.4.2.jar:/home/runner/.m2/repository/org/apache/commons/commons-pool2/2.6.0/commons-pool2-2.6.0.jar:/home/runner/.m2/repository/org/bouncycastle/bcpkix-jdk15on/1.67/bcpkix-jdk15on-1.67.jar:/home/runner/.m2/repository/commons-validator/commons-validator/1.6/commons-validator-1.6.jar:/home/runner/.m2/repository/commons-beanutils/commons-beanutils/1.9.4/commons-beanutils-1.9.4.jar:/home/runner/.m2/repository/commons-digester/commons-digester/1.8.1/commons-digester-1.8.1.jar:/home/runner/.m2/repository/commons-collections/commons-collections/3.2.2/commons-collections-3.2.2.jar:/home/runner/.m2/repository/io/jaegertracing/jaeger-client/1.6.0/jaeger-client-1.6.0.jar:/home/runner/.m2/repository/io/jaegertracing/jaeger-thrift/1.6.0/jaeger-thrift-1.6.0.jar:/home/runner/.m2/repository/org/apache/thrift/libthrift/0.14.1/libthrift-0.14.1.jar:/home/runner/.m2/repository/com/squareup/okhttp3/okhttp/4.9.0/okhttp-4.9.0.jar:/home/runner/.m2/repository/com/squareup/okio/okio/2.8.0/okio-2.8.0.jar:/home/runner/.m2/repository/io/jaegertracing/jaeger-core/1.6.0/jaeger-core-1.6.0.jar:/home/runner/.m2/repository/io/jaegertracing/jaeger-tracerresolver/1.6.0/jaeger-tracerresolver-1.6.0.jar:/home/runner/.m2/repository/io/opentracing/contrib/opentracing-tracerresolver/0.1.8/opentracing-tracerresolver-0.1.8.jar:/home/runner/.m2/repository/org/jetbrains/kotlin/kotlin-stdlib/1.4.31/kotlin-stdlib-1.4.31.jar:/home/runner/.m2/repository/org/jetbrains/kotlin/kotlin-stdlib-common/1.4.31/kotlin-stdlib-common-1.4.31.jar:/home/runner/.m2/repository/org/jetbrains/annotations/13.0/annotations-13.0.jar:/home/runner/.m2/repository/io/opentracing/opentracing-util/0.33.0/opentracing-util-0.33.0.jar:/home/runner/.m2/repository/io/opentracing/opentracing-api/0.33.0/opentracing-api-0.33.0.jar:/home/runner/.m2/repository/io/opentracing/opentracing-noop/0.33.0/opentracing-noop-0.33.0.jar:/home/runner/.m2/repository/org/yaml/snakeyaml/1.26/snakeyaml-1.26.jar:/home/runner/.m2/repository/org/apache/ozone/hdds-interface-admin/1.2.0-SNAPSHOT/hdds-interface-admin-1.2.0-SNAPSHOT.jar:/home/runner/.m2/repository/junit/junit/4.13.1/junit-4.13.1.jar:/home/runner/.m2/repository/org/hamcrest/hamcrest-core/1.3/hamcrest-core-1.3.jar:/home/runner/.m2/repository/org/junit/jupiter/junit-jupiter-api/5.7.0/junit-jupiter-api-5.7.0.jar:/home/runner/.m2/repository/org/apiguardian/apiguardian-api/1.1.0/apiguardian-api-1.1.0.jar:/home/runner/.m2/repository/org/opentest4j/opentest4j/1.2.0/opentest4j-1.2.0.jar:/home/runner/.m2/repository/org/junit/platform/junit-platform-commons/1.7.0/junit-platform-commons-1.7.0.jar:/home/runner/.m2/repository/org/junit/jupiter/junit-jupiter-engine/5.7.0/junit-jupiter-engine-5.7.0.jar:/home/runner/.m2/repository/org/junit/platform/junit-platform-engine/1.7.0/junit-platform-engine-1.7.0.jar:/home/runner/.m2/repository/org/junit/vintage/junit-vintage-engine/5.7.0/junit-vintage-engine-5.7.0.jar:/home/runner/.m2/repository/org/junit/platform/junit-platform-launcher/1.7.0/junit-platform-launcher-1.7.0.jar:/home/runner/.m2/repository/org/openjdk/jmh/jmh-core/1.19/jmh-core-1.19.jar:/home/runner/.m2/repository/net/sf/jopt-simple/jopt-simple/4.6/jopt-simple-4.6.jar:/home/runner/.m2/repository/org/apache/commons/commons-math3/3.1.1/commons-math3-3.1.1.jar:/home/runner/.m2/repository/org/openjdk/jmh/jmh-generator-annprocess/1.19/jmh-generator-annprocess-1.19.jar:/home/runner/.m2/repository/org/mockito/mockito-all/1.8.5/mockito-all-1.8.5.jar:/home/runner/.m2/repository/org/apache/hadoop/hadoop-kms/3.2.2/hadoop-kms-3.2.2.jar:/home/runner/.m2/repository/org/apache/hadoop/hadoop-auth/3.2.2/hadoop-auth-3.2.2.jar:/home/runner/.m2/repository/com/nimbusds/nimbus-jose-jwt/7.9/nimbus-jose-jwt-7.9.jar:/home/runner/.m2/repository/com/github/stephenc/jcip/jcip-annotations/1.0-1/jcip-annotations-1.0-1.jar:/home/runner/.m2/repository/net/minidev/json-smart/2.3/json-smart-2.3.jar:/home/runner/.m2/repository/net/minidev/accessors-smart/1.2/accessors-smart-1.2.jar:/home/runner/.m2/repository/org/ow2/asm/asm/5.0.4/asm-5.0.4.jar:/home/runner/.m2/repository/org/apache/zookeeper/zookeeper/3.4.13/zookeeper-3.4.13.jar:/home/runner/.m2/repository/org/apache/yetus/audience-annotations/0.5.0/audience-annotations-0.5.0.jar:/home/runner/.m2/repository/org/apache/curator/curator-framework/2.13.0/curator-framework-2.13.0.jar:/home/runner/.m2/repository/com/sun/jersey/jersey-core/1.19/jersey-core-1.19.jar:/home/runner/.m2/repository/javax/ws/rs/jsr311-api/1.1.1/jsr311-api-1.1.1.jar:/home/runner/.m2/repository/com/sun/jersey/jersey-server/1.19/jersey-server-1.19.jar:/home/runner/.m2/repository/javax/servlet/javax.servlet-api/3.1.0/javax.servlet-api-3.1.0.jar:/home/runner/.m2/repository/org/eclipse/jetty/jetty-server/9.4.35.v20201120/jetty-server-9.4.35.v20201120.jar:/home/runner/.m2/repository/org/eclipse/jetty/jetty-http/9.4.35.v20201120/jetty-http-9.4.35.v20201120.jar:/home/runner/.m2/repository/org/eclipse/jetty/jetty-io/9.4.35.v20201120/jetty-io-9.4.35.v20201120.jar:/home/runner/.m2/repository/org/eclipse/jetty/jetty-webapp/9.4.35.v20201120/jetty-webapp-9.4.35.v20201120.jar:/home/runner/.m2/repository/org/eclipse/jetty/jetty-xml/9.4.35.v20201120/jetty-xml-9.4.35.v20201120.jar:/home/runner/.m2/repository/org/apache/hadoop/hadoop-common/3.2.2/hadoop-common-3.2.2.jar:/home/runner/.m2/repository/commons-net/commons-net/3.6/commons-net-3.6.jar:/home/runner/.m2/repository/javax/activation/javax.activation-api/1.2.0/javax.activation-api-1.2.0.jar:/home/runner/.m2/repository/com/sun/jersey/jersey-servlet/1.19/jersey-servlet-1.19.jar:/home/runner/.m2/repository/com/sun/jersey/jersey-json/1.19/jersey-json-1.19.jar:/home/runner/.m2/repository/org/codehaus/jettison/jettison/1.1/jettison-1.1.jar:/home/runner/.m2/repository/com/sun/xml/bind/jaxb-impl/2.2.3-1/jaxb-impl-2.2.3-1.jar:/home/runner/.m2/repository/org/codehaus/jackson/jackson-jaxrs/1.9.2/jackson-jaxrs-1.9.2.jar:/home/runner/.m2/repository/org/codehaus/jackson/jackson-xc/1.9.2/jackson-xc-1.9.2.jar:/home/runner/.m2/repository/org/apache/commons/commons-configuration2/2.1.1/commons-configuration2-2.1.1.jar:/home/runner/.m2/repository/org/apache/commons/commons-text/1.4/commons-text-1.4.jar:/home/runner/.m2/repository/com/google/re2j/re2j/1.1/re2j-1.1.jar:/home/runner/.m2/repository/com/jcraft/jsch/0.1.54/jsch-0.1.54.jar:/home/runner/.m2/repository/org/apache/curator/curator-client/2.13.0/curator-client-2.13.0.jar:/home/runner/.m2/repository/org/apache/curator/curator-recipes/2.13.0/curator-recipes-2.13.0.jar:/home/runner/.m2/repository/dnsjava/dnsjava/2.1.7/dnsjava-2.1.7.jar:/home/runner/.m2/repository/org/slf4j/jul-to-slf4j/1.7.30/jul-to-slf4j-1.7.30.jar:/home/runner/.m2/repository/org/eclipse/jetty/jetty-util/9.4.35.v20201120/jetty-util-9.4.35.v20201120.jar:/home/runner/.m2/repository/com/fasterxml/jackson/core/jackson-databind/2.12.1/jackson-databind-2.12.1.jar:/home/runner/.m2/repository/org/apache/hadoop/hadoop-kms/3.2.2/hadoop-kms-3.2.2-tests.jar:/home/runner/.m2/repository/org/apache/ozone/hdds-server-scm/1.2.0-SNAPSHOT/hdds-server-scm-1.2.0-SNAPSHOT-tests.jar:/home/runner/.m2/repository/org/apache/ozone/hdds-container-service/1.2.0-SNAPSHOT/hdds-container-service-1.2.0-SNAPSHOT-tests.jar:/home/runner/.m2/repository/commons-codec/commons-codec/1.11/commons-codec-1.11.jar:/home/runner/.m2/repository/io/netty/netty-transport/4.1.63.Final/netty-transport-4.1.63.Final.jar:/home/runner/.m2/repository/io/netty/netty-resolver/4.1.63.Final/netty-resolver-4.1.63.Final.jar:/home/runner/.m2/repository/io/netty/netty-codec/4.1.63.Final/netty-codec-4.1.63.Final.jar:/home/runner/.m2/repository/io/netty/netty-handler/4.1.63.Final/netty-handler-4.1.63.Final.jar:/home/runner/.m2/repository/org/apache/ozone/hdds-hadoop-dependency-test/1.2.0-SNAPSHOT/hdds-hadoop-dependency-test-1.2.0-SNAPSHOT.jar:/home/runner/.m2/repository/org/apache/hadoop/hadoop-common/3.2.2/hadoop-common-3.2.2-tests.jar:/home/runner/.m2/repository/org/apache/hadoop/hadoop-hdfs/3.2.2/hadoop-hdfs-3.2.2-tests.jar:/home/runner/.m2/repository/org/eclipse/jetty/jetty-util-ajax/9.4.35.v20201120/jetty-util-ajax-9.4.35.v20201120.jar:/home/runner/.m2/repository/commons-daemon/commons-daemon/1.0.13/commons-daemon-1.0.13.jar:/home/runner/.m2/repository/io/netty/netty/3.10.6.Final/netty-3.10.6.Final.jar:/home/runner/.m2/repository/io/netty/netty-all/4.1.63.Final/netty-all-4.1.63.Final.jar:/home/runner/.m2/repository/org/apache/htrace/htrace-core4/4.1.0-incubating/htrace-core4-4.1.0-incubating.jar:/home/runner/.m2/repository/org/fusesource/leveldbjni/leveldbjni-all/1.8/leveldbjni-all-1.8.jar:/home/runner/.m2/repository/org/apache/hadoop/hadoop-distcp/3.2.2/hadoop-distcp-3.2.2.jar:/home/runner/.m2/repository/org/apache/hadoop/hadoop-mapreduce-client-jobclient/3.2.2/hadoop-mapreduce-client-jobclient-3.2.2.jar:/home/runner/.m2/repository/org/apache/hadoop/hadoop-mapreduce-client-common/3.2.2/hadoop-mapreduce-client-common-3.2.2.jar:/home/runner/.m2/repository/org/apache/hadoop/hadoop-yarn-common/3.2.2/hadoop-yarn-common-3.2.2.jar:/home/runner/.m2/repository/org/apache/hadoop/hadoop-yarn-api/3.2.2/hadoop-yarn-api-3.2.2.jar:/home/runner/.m2/repository/com/sun/jersey/jersey-client/1.19/jersey-client-1.19.jar:/home/runner/.m2/repository/com/sun/jersey/contribs/jersey-guice/1.19/jersey-guice-1.19.jar:/home/runner/.m2/repository/com/fasterxml/jackson/jaxrs/jackson-jaxrs-json-provider/2.12.1/jackson-jaxrs-json-provider-2.12.1.jar:/home/runner/.m2/repository/com/fasterxml/jackson/jaxrs/jackson-jaxrs-base/2.12.1/jackson-jaxrs-base-2.12.1.jar:/home/runner/.m2/repository/org/apache/hadoop/hadoop-yarn-client/3.2.2/hadoop-yarn-client-3.2.2.jar:/home/runner/.m2/repository/org/apache/hadoop/hadoop-mapreduce-client-core/3.2.2/hadoop-mapreduce-client-core-3.2.2.jar:/home/runner/.m2/repository/org/apache/avro/avro/1.7.7/avro-1.7.7.jar:/home/runner/.m2/repository/org/codehaus/jackson/jackson-core-asl/1.9.13/jackson-core-asl-1.9.13.jar:/home/runner/.m2/repository/org/codehaus/jackson/jackson-mapper-asl/1.9.13/jackson-mapper-asl-1.9.13.jar:/home/runner/.m2/repository/com/thoughtworks/paranamer/paranamer/2.3/paranamer-2.3.jar:/home/runner/.m2/repository/org/xerial/snappy/snappy-java/1.0.5/snappy-java-1.0.5.jar:/home/runner/.m2/repository/org/apache/hadoop/hadoop-annotations/3.2.2/hadoop-annotations-3.2.2.jar:/usr/lib/jvm/adoptopenjdk-8-hotspot-amd64/jre/../lib/tools.jar:/home/runner/.m2/repository/org/apache/hadoop/hadoop-distcp/3.2.2/hadoop-distcp-3.2.2-tests.jar:"/>
    <property name="java.vm.vendor" value="AdoptOpenJDK"/>
    <property name="sun.arch.data.model" value="64"/>
    <property name="test.build.dir" value="/home/runner/work/ozone/ozone/mnt/ozone/hadoop-ozone/integration-test/target/test-dir"/>
    <property name="test.cache.data" value=""/>
    <property name="java.vendor.url" value="https://adoptopenjdk.net/"/>
    <property name="user.timezone" value=""/>
    <property name="java.vm.specification.version" value="1.8"/>
    <property name="os.name" value="Linux"/>
    <property name="test.build.data" value="/home/runner/work/ozone/ozone/mnt/ozone/hadoop-ozone/integration-test/target/test-dir"/>
    <property name="sun.java.launcher" value="SUN_STANDARD"/>
    <property name="sun.boot.library.path" value="/usr/lib/jvm/adoptopenjdk-8-hotspot-amd64/jre/lib/amd64"/>
    <property name="sun.java.command" value="/home/runner/work/ozone/ozone/mnt/ozone/hadoop-ozone/integration-test/target/surefire/surefirebooter7865725573594679009.jar /home/runner/work/ozone/ozone/mnt/ozone/hadoop-ozone/integration-test/target/surefire 2021-07-07T00-53-07_952-jvmRun1 surefire5902398649237761192tmp surefire_538815309750995782566tmp"/>
    <property name="surefire.test.class.path" value="/home/runner/work/ozone/ozone/mnt/ozone/hadoop-ozone/integration-test/target/test-classes:/home/runner/work/ozone/ozone/mnt/ozone/hadoop-ozone/integration-test/target/classes:/home/runner/.m2/repository/org/apache/ozone/ozone-common/1.2.0-SNAPSHOT/ozone-common-1.2.0-SNAPSHOT.jar:/home/runner/.m2/repository/org/apache/commons/commons-compress/1.20/commons-compress-1.20.jar:/home/runner/.m2/repository/org/apache/ozone/hdds-common/1.2.0-SNAPSHOT/hdds-common-1.2.0-SNAPSHOT.jar:/home/runner/.m2/repository/org/apache/ozone/hdds-client/1.2.0-SNAPSHOT/hdds-client-1.2.0-SNAPSHOT.jar:/home/runner/.m2/repository/org/apache/ozone/ozone-interface-client/1.2.0-SNAPSHOT/ozone-interface-client-1.2.0-SNAPSHOT.jar:/home/runner/.m2/repository/org/apache/ozone/hdds-test-utils/1.2.0-SNAPSHOT/hdds-test-utils-1.2.0-SNAPSHOT.jar:/home/runner/.m2/repository/com/google/guava/guava/30.1.1-jre/guava-30.1.1-jre.jar:/home/runner/.m2/repository/com/google/guava/failureaccess/1.0.1/failureaccess-1.0.1.jar:/home/runner/.m2/repository/com/google/guava/listenablefuture/9999.0-empty-to-avoid-conflict-with-guava/listenablefuture-9999.0-empty-to-avoid-conflict-with-guava.jar:/home/runner/.m2/repository/com/google/code/findbugs/jsr305/3.0.0/jsr305-3.0.0.jar:/home/runner/.m2/repository/org/checkerframework/checker-qual/3.8.0/checker-qual-3.8.0.jar:/home/runner/.m2/repository/com/google/errorprone/error_prone_annotations/2.2.0/error_prone_annotations-2.2.0.jar:/home/runner/.m2/repository/com/google/j2objc/j2objc-annotations/1.3/j2objc-annotations-1.3.jar:/home/runner/.m2/repository/commons-io/commons-io/2.8.0/commons-io-2.8.0.jar:/home/runner/.m2/repository/commons-logging/commons-logging/1.2/commons-logging-1.2.jar:/home/runner/.m2/repository/log4j/log4j/1.2.17/log4j-1.2.17.jar:/home/runner/.m2/repository/org/slf4j/slf4j-api/1.7.30/slf4j-api-1.7.30.jar:/home/runner/.m2/repository/org/apache/ozone/hdds-server-scm/1.2.0-SNAPSHOT/hdds-server-scm-1.2.0-SNAPSHOT.jar:/home/runner/.m2/repository/org/apache/ozone/hdds-container-service/1.2.0-SNAPSHOT/hdds-container-service-1.2.0-SNAPSHOT.jar:/home/runner/.m2/repository/org/apache/ozone/hdds-hadoop-dependency-server/1.2.0-SNAPSHOT/hdds-hadoop-dependency-server-1.2.0-SNAPSHOT.jar:/home/runner/.m2/repository/org/apache/hadoop/hadoop-hdfs/3.2.2/hadoop-hdfs-3.2.2.jar:/home/runner/.m2/repository/org/apache/ozone/hdds-server-framework/1.2.0-SNAPSHOT/hdds-server-framework-1.2.0-SNAPSHOT.jar:/home/runner/.m2/repository/org/apache/ozone/hdds-interface-server/1.2.0-SNAPSHOT/hdds-interface-server-1.2.0-SNAPSHOT.jar:/home/runner/.m2/repository/org/eclipse/jetty/jetty-servlet/9.4.35.v20201120/jetty-servlet-9.4.35.v20201120.jar:/home/runner/.m2/repository/org/eclipse/jetty/jetty-security/9.4.35.v20201120/jetty-security-9.4.35.v20201120.jar:/home/runner/.m2/repository/org/rocksdb/rocksdbjni/6.20.3/rocksdbjni-6.20.3.jar:/home/runner/.m2/repository/io/prometheus/simpleclient_dropwizard/0.7.0/simpleclient_dropwizard-0.7.0.jar:/home/runner/.m2/repository/io/prometheus/simpleclient/0.7.0/simpleclient-0.7.0.jar:/home/runner/.m2/repository/io/prometheus/simpleclient_common/0.7.0/simpleclient_common-0.7.0.jar:/home/runner/.m2/repository/com/fasterxml/jackson/datatype/jackson-datatype-jsr310/2.12.1/jackson-datatype-jsr310-2.12.1.jar:/home/runner/.m2/repository/io/dropwizard/metrics/metrics-core/3.2.4/metrics-core-3.2.4.jar:/home/runner/.m2/repository/org/apache/hadoop/hadoop-hdfs-client/3.2.2/hadoop-hdfs-client-3.2.2.jar:/home/runner/.m2/repository/org/bouncycastle/bcprov-jdk15on/1.67/bcprov-jdk15on-1.67.jar:/home/runner/.m2/repository/com/google/protobuf/protobuf-java/2.5.0/protobuf-java-2.5.0.jar:/home/runner/.m2/repository/org/apache/ozone/ozone-manager/1.2.0-SNAPSHOT/ozone-manager-1.2.0-SNAPSHOT.jar:/home/runner/.m2/repository/org/apache/ozone/hdds-interface-client/1.2.0-SNAPSHOT/hdds-interface-client-1.2.0-SNAPSHOT.jar:/home/runner/.m2/repository/org/apache/ratis/ratis-thirdparty-misc/0.7.0-a398b19-SNAPSHOT/ratis-thirdparty-misc-0.7.0-a398b19-SNAPSHOT.jar:/home/runner/.m2/repository/org/apache/ozone/ozone-interface-storage/1.2.0-SNAPSHOT/ozone-interface-storage-1.2.0-SNAPSHOT.jar:/home/runner/.m2/repository/org/apache/hadoop/hadoop-minikdc/3.2.2/hadoop-minikdc-3.2.2.jar:/home/runner/.m2/repository/org/apache/kerby/kerb-simplekdc/1.0.1/kerb-simplekdc-1.0.1.jar:/home/runner/.m2/repository/org/apache/kerby/kerb-client/1.0.1/kerb-client-1.0.1.jar:/home/runner/.m2/repository/org/apache/kerby/kerby-config/1.0.1/kerby-config-1.0.1.jar:/home/runner/.m2/repository/org/apache/kerby/kerb-core/1.0.1/kerb-core-1.0.1.jar:/home/runner/.m2/repository/org/apache/kerby/kerby-pkix/1.0.1/kerby-pkix-1.0.1.jar:/home/runner/.m2/repository/org/apache/kerby/kerby-asn1/1.0.1/kerby-asn1-1.0.1.jar:/home/runner/.m2/repository/org/apache/kerby/kerby-util/1.0.1/kerby-util-1.0.1.jar:/home/runner/.m2/repository/org/apache/kerby/kerb-common/1.0.1/kerb-common-1.0.1.jar:/home/runner/.m2/repository/org/apache/kerby/kerb-crypto/1.0.1/kerb-crypto-1.0.1.jar:/home/runner/.m2/repository/org/apache/kerby/kerb-util/1.0.1/kerb-util-1.0.1.jar:/home/runner/.m2/repository/org/apache/kerby/token-provider/1.0.1/token-provider-1.0.1.jar:/home/runner/.m2/repository/org/apache/kerby/kerb-admin/1.0.1/kerb-admin-1.0.1.jar:/home/runner/.m2/repository/org/apache/kerby/kerb-server/1.0.1/kerb-server-1.0.1.jar:/home/runner/.m2/repository/org/apache/kerby/kerb-identity/1.0.1/kerb-identity-1.0.1.jar:/home/runner/.m2/repository/org/apache/kerby/kerby-xdr/1.0.1/kerby-xdr-1.0.1.jar:/home/runner/.m2/repository/org/slf4j/slf4j-log4j12/1.7.30/slf4j-log4j12-1.7.30.jar:/home/runner/.m2/repository/org/apache/ozone/ozone-s3gateway/1.2.0-SNAPSHOT/ozone-s3gateway-1.2.0-SNAPSHOT.jar:/home/runner/.m2/repository/org/jboss/weld/servlet/weld-servlet/2.4.7.Final/weld-servlet-2.4.7.Final.jar:/home/runner/.m2/repository/org/glassfish/jersey/containers/jersey-container-servlet-core/2.33/jersey-container-servlet-core-2.33.jar:/home/runner/.m2/repository/org/glassfish/hk2/external/jakarta.inject/2.6.1/jakarta.inject-2.6.1.jar:/home/runner/.m2/repository/org/glassfish/jersey/core/jersey-common/2.33/jersey-common-2.33.jar:/home/runner/.m2/repository/jakarta/ws/rs/jakarta.ws.rs-api/2.1.6/jakarta.ws.rs-api-2.1.6.jar:/home/runner/.m2/repository/org/glassfish/jersey/ext/cdi/jersey-cdi1x/2.33/jersey-cdi1x-2.33.jar:/home/runner/.m2/repository/org/glassfish/jersey/inject/jersey-hk2/2.33/jersey-hk2-2.33.jar:/home/runner/.m2/repository/org/glassfish/hk2/hk2-locator/2.6.1/hk2-locator-2.6.1.jar:/home/runner/.m2/repository/org/javassist/javassist/3.25.0-GA/javassist-3.25.0-GA.jar:/home/runner/.m2/repository/org/glassfish/jersey/media/jersey-media-jaxb/2.33/jersey-media-jaxb-2.33.jar:/home/runner/.m2/repository/org/glassfish/hk2/osgi-resource-locator/1.0.3/osgi-resource-locator-1.0.3.jar:/home/runner/.m2/repository/org/glassfish/hk2/hk2-api/2.5.0/hk2-api-2.5.0.jar:/home/runner/.m2/repository/org/glassfish/hk2/hk2-utils/2.5.0/hk2-utils-2.5.0.jar:/home/runner/.m2/repository/org/glassfish/hk2/external/aopalliance-repackaged/2.5.0/aopalliance-repackaged-2.5.0.jar:/home/runner/.m2/repository/com/fasterxml/jackson/dataformat/jackson-dataformat-xml/2.12.1/jackson-dataformat-xml-2.12.1.jar:/home/runner/.m2/repository/com/fasterxml/jackson/core/jackson-core/2.12.1/jackson-core-2.12.1.jar:/home/runner/.m2/repository/com/fasterxml/jackson/module/jackson-module-jaxb-annotations/2.12.1/jackson-module-jaxb-annotations-2.12.1.jar:/home/runner/.m2/repository/jakarta/xml/bind/jakarta.xml.bind-api/2.3.2/jakarta.xml.bind-api-2.3.2.jar:/home/runner/.m2/repository/jakarta/activation/jakarta.activation-api/1.2.1/jakarta.activation-api-1.2.1.jar:/home/runner/.m2/repository/org/codehaus/woodstox/stax2-api/3.1.4/stax2-api-3.1.4.jar:/home/runner/.m2/repository/com/fasterxml/woodstox/woodstox-core/5.0.3/woodstox-core-5.0.3.jar:/home/runner/.m2/repository/javax/enterprise/cdi-api/1.2/cdi-api-1.2.jar:/home/runner/.m2/repository/javax/el/javax.el-api/3.0.0/javax.el-api-3.0.0.jar:/home/runner/.m2/repository/javax/interceptor/javax.interceptor-api/1.2/javax.interceptor-api-1.2.jar:/home/runner/.m2/repository/javax/inject/javax.inject/1/javax.inject-1.jar:/home/runner/.m2/repository/javax/xml/bind/jaxb-api/2.3.0/jaxb-api-2.3.0.jar:/home/runner/.m2/repository/org/glassfish/jaxb/jaxb-runtime/2.3.0.1/jaxb-runtime-2.3.0.1.jar:/home/runner/.m2/repository/org/glassfish/jaxb/jaxb-core/2.3.0.1/jaxb-core-2.3.0.1.jar:/home/runner/.m2/repository/org/glassfish/jaxb/txw2/2.3.0.1/txw2-2.3.0.1.jar:/home/runner/.m2/repository/com/sun/istack/istack-commons-runtime/3.0.5/istack-commons-runtime-3.0.5.jar:/home/runner/.m2/repository/org/jvnet/staxex/stax-ex/1.7.8/stax-ex-1.7.8.jar:/home/runner/.m2/repository/com/sun/xml/fastinfoset/FastInfoset/1.2.13/FastInfoset-1.2.13.jar:/home/runner/.m2/repository/javax/activation/activation/1.1.1/activation-1.1.1.jar:/home/runner/.m2/repository/org/apache/ozone/ozone-csi/1.2.0-SNAPSHOT/ozone-csi-1.2.0-SNAPSHOT.jar:/home/runner/.m2/repository/com/google/protobuf/protobuf-java-util/3.12.0/protobuf-java-util-3.12.0.jar:/home/runner/.m2/repository/com/google/code/gson/gson/2.2.4/gson-2.2.4.jar:/home/runner/.m2/repository/org/apache/ozone/hdds-config/1.2.0-SNAPSHOT/hdds-config-1.2.0-SNAPSHOT.jar:/home/runner/.m2/repository/io/grpc/grpc-netty/1.33.0/grpc-netty-1.33.0.jar:/home/runner/.m2/repository/io/grpc/grpc-core/1.33.0/grpc-core-1.33.0.jar:/home/runner/.m2/repository/com/google/android/annotations/4.1.1.4/annotations-4.1.1.4.jar:/home/runner/.m2/repository/io/netty/netty-codec-http2/4.1.63.Final/netty-codec-http2-4.1.63.Final.jar:/home/runner/.m2/repository/io/netty/netty-codec-http/4.1.63.Final/netty-codec-http-4.1.63.Final.jar:/home/runner/.m2/repository/io/netty/netty-handler-proxy/4.1.63.Final/netty-handler-proxy-4.1.63.Final.jar:/home/runner/.m2/repository/io/netty/netty-codec-socks/4.1.63.Final/netty-codec-socks-4.1.63.Final.jar:/home/runner/.m2/repository/io/perfmark/perfmark-api/0.19.0/perfmark-api-0.19.0.jar:/home/runner/.m2/repository/org/codehaus/mojo/animal-sniffer-annotations/1.18/animal-sniffer-annotations-1.18.jar:/home/runner/.m2/repository/io/netty/netty-transport-native-epoll/4.1.63.Final/netty-transport-native-epoll-4.1.63.Final.jar:/home/runner/.m2/repository/io/netty/netty-common/4.1.63.Final/netty-common-4.1.63.Final.jar:/home/runner/.m2/repository/io/netty/netty-buffer/4.1.63.Final/netty-buffer-4.1.63.Final.jar:/home/runner/.m2/repository/io/netty/netty-transport-native-unix-common/4.1.63.Final/netty-transport-native-unix-common-4.1.63.Final.jar:/home/runner/.m2/repository/io/grpc/grpc-protobuf/1.33.0/grpc-protobuf-1.33.0.jar:/home/runner/.m2/repository/io/grpc/grpc-api/1.33.0/grpc-api-1.33.0.jar:/home/runner/.m2/repository/io/grpc/grpc-context/1.33.0/grpc-context-1.33.0.jar:/home/runner/.m2/repository/com/google/api/grpc/proto-google-common-protos/1.17.0/proto-google-common-protos-1.17.0.jar:/home/runner/.m2/repository/io/grpc/grpc-protobuf-lite/1.33.0/grpc-protobuf-lite-1.33.0.jar:/home/runner/.m2/repository/io/grpc/grpc-stub/1.33.0/grpc-stub-1.33.0.jar:/home/runner/.m2/repository/org/apache/ozone/ozone-recon/1.2.0-SNAPSHOT/ozone-recon-1.2.0-SNAPSHOT.jar:/home/runner/.m2/repository/org/apache/ozone/ozone-reconcodegen/1.2.0-SNAPSHOT/ozone-reconcodegen-1.2.0-SNAPSHOT.jar:/home/runner/.m2/repository/com/google/inject/extensions/guice-multibindings/4.0/guice-multibindings-4.0.jar:/home/runner/.m2/repository/com/google/inject/guice/4.0/guice-4.0.jar:/home/runner/.m2/repository/aopalliance/aopalliance/1.0/aopalliance-1.0.jar:/home/runner/.m2/repository/com/google/inject/extensions/guice-assistedinject/4.0/guice-assistedinject-4.0.jar:/home/runner/.m2/repository/com/google/inject/extensions/guice-servlet/4.0/guice-servlet-4.0.jar:/home/runner/.m2/repository/org/glassfish/jersey/containers/jersey-container-servlet/2.33/jersey-container-servlet-2.33.jar:/home/runner/.m2/repository/org/glassfish/hk2/guice-bridge/2.5.0/guice-bridge-2.5.0.jar:/home/runner/.m2/repository/org/glassfish/jersey/core/jersey-server/2.33/jersey-server-2.33.jar:/home/runner/.m2/repository/org/glassfish/jersey/core/jersey-client/2.33/jersey-client-2.33.jar:/home/runner/.m2/repository/jakarta/annotation/jakarta.annotation-api/1.3.5/jakarta.annotation-api-1.3.5.jar:/home/runner/.m2/repository/jakarta/validation/jakarta.validation-api/2.0.2/jakarta.validation-api-2.0.2.jar:/home/runner/.m2/repository/org/glassfish/jersey/media/jersey-media-json-jackson/2.33/jersey-media-json-jackson-2.33.jar:/home/runner/.m2/repository/org/glassfish/jersey/ext/jersey-entity-filtering/2.33/jersey-entity-filtering-2.33.jar:/home/runner/.m2/repository/org/jooq/jooq/3.11.10/jooq-3.11.10.jar:/home/runner/.m2/repository/org/jooq/jooq-meta/3.11.10/jooq-meta-3.11.10.jar:/home/runner/.m2/repository/org/jooq/jooq-codegen/3.11.10/jooq-codegen-3.11.10.jar:/home/runner/.m2/repository/com/jolbox/bonecp/0.8.0.RELEASE/bonecp-0.8.0.RELEASE.jar:/home/runner/.m2/repository/org/apache/derby/derby/10.14.2.0/derby-10.14.2.0.jar:/home/runner/.m2/repository/org/xerial/sqlite-jdbc/3.25.2/sqlite-jdbc-3.25.2.jar:/home/runner/.m2/repository/org/springframework/spring-jdbc/5.2.11.RELEASE/spring-jdbc-5.2.11.RELEASE.jar:/home/runner/.m2/repository/org/springframework/spring-beans/5.2.11.RELEASE/spring-beans-5.2.11.RELEASE.jar:/home/runner/.m2/repository/org/springframework/spring-core/5.2.11.RELEASE/spring-core-5.2.11.RELEASE.jar:/home/runner/.m2/repository/org/springframework/spring-jcl/5.2.11.RELEASE/spring-jcl-5.2.11.RELEASE.jar:/home/runner/.m2/repository/org/springframework/spring-tx/5.2.11.RELEASE/spring-tx-5.2.11.RELEASE.jar:/home/runner/.m2/repository/org/apache/ozone/ozone-client/1.2.0-SNAPSHOT/ozone-client-1.2.0-SNAPSHOT.jar:/home/runner/.m2/repository/org/apache/ozone/ozone-filesystem/1.2.0-SNAPSHOT/ozone-filesystem-1.2.0-SNAPSHOT.jar:/home/runner/.m2/repository/org/apache/ozone/ozone-filesystem-common/1.2.0-SNAPSHOT/ozone-filesystem-common-1.2.0-SNAPSHOT.jar:/home/runner/.m2/repository/org/apache/ozone/ozone-tools/1.2.0-SNAPSHOT/ozone-tools-1.2.0-SNAPSHOT.jar:/home/runner/.m2/repository/org/apache/ratis/ratis-tools/2.1.0-ff8aa66-SNAPSHOT/ratis-tools-2.1.0-ff8aa66-SNAPSHOT.jar:/home/runner/.m2/repository/org/apache/ratis/ratis-proto/2.1.0-ff8aa66-SNAPSHOT/ratis-proto-2.1.0-ff8aa66-SNAPSHOT.jar:/home/runner/.m2/repository/org/apache/ratis/ratis-common/2.1.0-ff8aa66-SNAPSHOT/ratis-common-2.1.0-ff8aa66-SNAPSHOT.jar:/home/runner/.m2/repository/com/amazonaws/aws-java-sdk-core/1.11.901/aws-java-sdk-core-1.11.901.jar:/home/runner/.m2/repository/org/apache/httpcomponents/httpclient/4.5.13/httpclient-4.5.13.jar:/home/runner/.m2/repository/org/apache/httpcomponents/httpcore/4.4.13/httpcore-4.4.13.jar:/home/runner/.m2/repository/software/amazon/ion/ion-java/1.0.2/ion-java-1.0.2.jar:/home/runner/.m2/repository/com/fasterxml/jackson/dataformat/jackson-dataformat-cbor/2.12.1/jackson-dataformat-cbor-2.12.1.jar:/home/runner/.m2/repository/joda-time/joda-time/2.8.1/joda-time-2.8.1.jar:/home/runner/.m2/repository/com/amazonaws/aws-java-sdk-s3/1.11.901/aws-java-sdk-s3-1.11.901.jar:/home/runner/.m2/repository/com/amazonaws/aws-java-sdk-kms/1.11.901/aws-java-sdk-kms-1.11.901.jar:/home/runner/.m2/repository/com/amazonaws/jmespath-java/1.11.901/jmespath-java-1.11.901.jar:/home/runner/.m2/repository/org/kohsuke/metainf-services/metainf-services/1.8/metainf-services-1.8.jar:/home/runner/.m2/repository/org/apache/ozone/hdds-tools/1.2.0-SNAPSHOT/hdds-tools-1.2.0-SNAPSHOT.jar:/home/runner/.m2/repository/commons-cli/commons-cli/1.2/commons-cli-1.2.jar:/home/runner/.m2/repository/org/apache/commons/commons-lang3/3.7/commons-lang3-3.7.jar:/home/runner/.m2/repository/org/apache/ozone/ozone-manager/1.2.0-SNAPSHOT/ozone-manager-1.2.0-SNAPSHOT-tests.jar:/home/runner/.m2/repository/org/apache/ozone/hdds-common/1.2.0-SNAPSHOT/hdds-common-1.2.0-SNAPSHOT-tests.jar:/home/runner/.m2/repository/org/apache/ozone/hdds-hadoop-dependency-client/1.2.0-SNAPSHOT/hdds-hadoop-dependency-client-1.2.0-SNAPSHOT.jar:/home/runner/.m2/repository/info/picocli/picocli/4.4.0/picocli-4.4.0.jar:/home/runner/.m2/repository/com/fasterxml/jackson/core/jackson-annotations/2.12.1/jackson-annotations-2.12.1.jar:/home/runner/.m2/repository/javax/annotation/javax.annotation-api/1.2/javax.annotation-api-1.2.jar:/home/runner/.m2/repository/org/apache/ratis/ratis-server/2.1.0-ff8aa66-SNAPSHOT/ratis-server-2.1.0-ff8aa66-SNAPSHOT.jar:/home/runner/.m2/repository/org/apache/ratis/ratis-client/2.1.0-ff8aa66-SNAPSHOT/ratis-client-2.1.0-ff8aa66-SNAPSHOT.jar:/home/runner/.m2/repository/org/apache/ratis/ratis-server-api/2.1.0-ff8aa66-SNAPSHOT/ratis-server-api-2.1.0-ff8aa66-SNAPSHOT.jar:/home/runner/.m2/repository/org/apache/ratis/ratis-metrics/2.1.0-ff8aa66-SNAPSHOT/ratis-metrics-2.1.0-ff8aa66-SNAPSHOT.jar:/home/runner/.m2/repository/org/apache/ratis/ratis-netty/2.1.0-ff8aa66-SNAPSHOT/ratis-netty-2.1.0-ff8aa66-SNAPSHOT.jar:/home/runner/.m2/repository/org/apache/ratis/ratis-grpc/2.1.0-ff8aa66-SNAPSHOT/ratis-grpc-2.1.0-ff8aa66-SNAPSHOT.jar:/home/runner/.m2/repository/org/apache/logging/log4j/log4j-api/2.13.3/log4j-api-2.13.3.jar:/home/runner/.m2/repository/org/apache/logging/log4j/log4j-core/2.13.3/log4j-core-2.13.3.jar:/home/runner/.m2/repository/com/lmax/disruptor/3.4.2/disruptor-3.4.2.jar:/home/runner/.m2/repository/org/apache/commons/commons-pool2/2.6.0/commons-pool2-2.6.0.jar:/home/runner/.m2/repository/org/bouncycastle/bcpkix-jdk15on/1.67/bcpkix-jdk15on-1.67.jar:/home/runner/.m2/repository/commons-validator/commons-validator/1.6/commons-validator-1.6.jar:/home/runner/.m2/repository/commons-beanutils/commons-beanutils/1.9.4/commons-beanutils-1.9.4.jar:/home/runner/.m2/repository/commons-digester/commons-digester/1.8.1/commons-digester-1.8.1.jar:/home/runner/.m2/repository/commons-collections/commons-collections/3.2.2/commons-collections-3.2.2.jar:/home/runner/.m2/repository/io/jaegertracing/jaeger-client/1.6.0/jaeger-client-1.6.0.jar:/home/runner/.m2/repository/io/jaegertracing/jaeger-thrift/1.6.0/jaeger-thrift-1.6.0.jar:/home/runner/.m2/repository/org/apache/thrift/libthrift/0.14.1/libthrift-0.14.1.jar:/home/runner/.m2/repository/com/squareup/okhttp3/okhttp/4.9.0/okhttp-4.9.0.jar:/home/runner/.m2/repository/com/squareup/okio/okio/2.8.0/okio-2.8.0.jar:/home/runner/.m2/repository/io/jaegertracing/jaeger-core/1.6.0/jaeger-core-1.6.0.jar:/home/runner/.m2/repository/io/jaegertracing/jaeger-tracerresolver/1.6.0/jaeger-tracerresolver-1.6.0.jar:/home/runner/.m2/repository/io/opentracing/contrib/opentracing-tracerresolver/0.1.8/opentracing-tracerresolver-0.1.8.jar:/home/runner/.m2/repository/org/jetbrains/kotlin/kotlin-stdlib/1.4.31/kotlin-stdlib-1.4.31.jar:/home/runner/.m2/repository/org/jetbrains/kotlin/kotlin-stdlib-common/1.4.31/kotlin-stdlib-common-1.4.31.jar:/home/runner/.m2/repository/org/jetbrains/annotations/13.0/annotations-13.0.jar:/home/runner/.m2/repository/io/opentracing/opentracing-util/0.33.0/opentracing-util-0.33.0.jar:/home/runner/.m2/repository/io/opentracing/opentracing-api/0.33.0/opentracing-api-0.33.0.jar:/home/runner/.m2/repository/io/opentracing/opentracing-noop/0.33.0/opentracing-noop-0.33.0.jar:/home/runner/.m2/repository/org/yaml/snakeyaml/1.26/snakeyaml-1.26.jar:/home/runner/.m2/repository/org/apache/ozone/hdds-interface-admin/1.2.0-SNAPSHOT/hdds-interface-admin-1.2.0-SNAPSHOT.jar:/home/runner/.m2/repository/junit/junit/4.13.1/junit-4.13.1.jar:/home/runner/.m2/repository/org/hamcrest/hamcrest-core/1.3/hamcrest-core-1.3.jar:/home/runner/.m2/repository/org/junit/jupiter/junit-jupiter-api/5.7.0/junit-jupiter-api-5.7.0.jar:/home/runner/.m2/repository/org/apiguardian/apiguardian-api/1.1.0/apiguardian-api-1.1.0.jar:/home/runner/.m2/repository/org/opentest4j/opentest4j/1.2.0/opentest4j-1.2.0.jar:/home/runner/.m2/repository/org/junit/platform/junit-platform-commons/1.7.0/junit-platform-commons-1.7.0.jar:/home/runner/.m2/repository/org/junit/jupiter/junit-jupiter-engine/5.7.0/junit-jupiter-engine-5.7.0.jar:/home/runner/.m2/repository/org/junit/platform/junit-platform-engine/1.7.0/junit-platform-engine-1.7.0.jar:/home/runner/.m2/repository/org/junit/vintage/junit-vintage-engine/5.7.0/junit-vintage-engine-5.7.0.jar:/home/runner/.m2/repository/org/junit/platform/junit-platform-launcher/1.7.0/junit-platform-launcher-1.7.0.jar:/home/runner/.m2/repository/org/openjdk/jmh/jmh-core/1.19/jmh-core-1.19.jar:/home/runner/.m2/repository/net/sf/jopt-simple/jopt-simple/4.6/jopt-simple-4.6.jar:/home/runner/.m2/repository/org/apache/commons/commons-math3/3.1.1/commons-math3-3.1.1.jar:/home/runner/.m2/repository/org/openjdk/jmh/jmh-generator-annprocess/1.19/jmh-generator-annprocess-1.19.jar:/home/runner/.m2/repository/org/mockito/mockito-all/1.8.5/mockito-all-1.8.5.jar:/home/runner/.m2/repository/org/apache/hadoop/hadoop-kms/3.2.2/hadoop-kms-3.2.2.jar:/home/runner/.m2/repository/org/apache/hadoop/hadoop-auth/3.2.2/hadoop-auth-3.2.2.jar:/home/runner/.m2/repository/com/nimbusds/nimbus-jose-jwt/7.9/nimbus-jose-jwt-7.9.jar:/home/runner/.m2/repository/com/github/stephenc/jcip/jcip-annotations/1.0-1/jcip-annotations-1.0-1.jar:/home/runner/.m2/repository/net/minidev/json-smart/2.3/json-smart-2.3.jar:/home/runner/.m2/repository/net/minidev/accessors-smart/1.2/accessors-smart-1.2.jar:/home/runner/.m2/repository/org/ow2/asm/asm/5.0.4/asm-5.0.4.jar:/home/runner/.m2/repository/org/apache/zookeeper/zookeeper/3.4.13/zookeeper-3.4.13.jar:/home/runner/.m2/repository/org/apache/yetus/audience-annotations/0.5.0/audience-annotations-0.5.0.jar:/home/runner/.m2/repository/org/apache/curator/curator-framework/2.13.0/curator-framework-2.13.0.jar:/home/runner/.m2/repository/com/sun/jersey/jersey-core/1.19/jersey-core-1.19.jar:/home/runner/.m2/repository/javax/ws/rs/jsr311-api/1.1.1/jsr311-api-1.1.1.jar:/home/runner/.m2/repository/com/sun/jersey/jersey-server/1.19/jersey-server-1.19.jar:/home/runner/.m2/repository/javax/servlet/javax.servlet-api/3.1.0/javax.servlet-api-3.1.0.jar:/home/runner/.m2/repository/org/eclipse/jetty/jetty-server/9.4.35.v20201120/jetty-server-9.4.35.v20201120.jar:/home/runner/.m2/repository/org/eclipse/jetty/jetty-http/9.4.35.v20201120/jetty-http-9.4.35.v20201120.jar:/home/runner/.m2/repository/org/eclipse/jetty/jetty-io/9.4.35.v20201120/jetty-io-9.4.35.v20201120.jar:/home/runner/.m2/repository/org/eclipse/jetty/jetty-webapp/9.4.35.v20201120/jetty-webapp-9.4.35.v20201120.jar:/home/runner/.m2/repository/org/eclipse/jetty/jetty-xml/9.4.35.v20201120/jetty-xml-9.4.35.v20201120.jar:/home/runner/.m2/repository/org/apache/hadoop/hadoop-common/3.2.2/hadoop-common-3.2.2.jar:/home/runner/.m2/repository/commons-net/commons-net/3.6/commons-net-3.6.jar:/home/runner/.m2/repository/javax/activation/javax.activation-api/1.2.0/javax.activation-api-1.2.0.jar:/home/runner/.m2/repository/com/sun/jersey/jersey-servlet/1.19/jersey-servlet-1.19.jar:/home/runner/.m2/repository/com/sun/jersey/jersey-json/1.19/jersey-json-1.19.jar:/home/runner/.m2/repository/org/codehaus/jettison/jettison/1.1/jettison-1.1.jar:/home/runner/.m2/repository/com/sun/xml/bind/jaxb-impl/2.2.3-1/jaxb-impl-2.2.3-1.jar:/home/runner/.m2/repository/org/codehaus/jackson/jackson-jaxrs/1.9.2/jackson-jaxrs-1.9.2.jar:/home/runner/.m2/repository/org/codehaus/jackson/jackson-xc/1.9.2/jackson-xc-1.9.2.jar:/home/runner/.m2/repository/org/apache/commons/commons-configuration2/2.1.1/commons-configuration2-2.1.1.jar:/home/runner/.m2/repository/org/apache/commons/commons-text/1.4/commons-text-1.4.jar:/home/runner/.m2/repository/com/google/re2j/re2j/1.1/re2j-1.1.jar:/home/runner/.m2/repository/com/jcraft/jsch/0.1.54/jsch-0.1.54.jar:/home/runner/.m2/repository/org/apache/curator/curator-client/2.13.0/curator-client-2.13.0.jar:/home/runner/.m2/repository/org/apache/curator/curator-recipes/2.13.0/curator-recipes-2.13.0.jar:/home/runner/.m2/repository/dnsjava/dnsjava/2.1.7/dnsjava-2.1.7.jar:/home/runner/.m2/repository/org/slf4j/jul-to-slf4j/1.7.30/jul-to-slf4j-1.7.30.jar:/home/runner/.m2/repository/org/eclipse/jetty/jetty-util/9.4.35.v20201120/jetty-util-9.4.35.v20201120.jar:/home/runner/.m2/repository/com/fasterxml/jackson/core/jackson-databind/2.12.1/jackson-databind-2.12.1.jar:/home/runner/.m2/repository/org/apache/hadoop/hadoop-kms/3.2.2/hadoop-kms-3.2.2-tests.jar:/home/runner/.m2/repository/org/apache/ozone/hdds-server-scm/1.2.0-SNAPSHOT/hdds-server-scm-1.2.0-SNAPSHOT-tests.jar:/home/runner/.m2/repository/org/apache/ozone/hdds-container-service/1.2.0-SNAPSHOT/hdds-container-service-1.2.0-SNAPSHOT-tests.jar:/home/runner/.m2/repository/commons-codec/commons-codec/1.11/commons-codec-1.11.jar:/home/runner/.m2/repository/io/netty/netty-transport/4.1.63.Final/netty-transport-4.1.63.Final.jar:/home/runner/.m2/repository/io/netty/netty-resolver/4.1.63.Final/netty-resolver-4.1.63.Final.jar:/home/runner/.m2/repository/io/netty/netty-codec/4.1.63.Final/netty-codec-4.1.63.Final.jar:/home/runner/.m2/repository/io/netty/netty-handler/4.1.63.Final/netty-handler-4.1.63.Final.jar:/home/runner/.m2/repository/org/apache/ozone/hdds-hadoop-dependency-test/1.2.0-SNAPSHOT/hdds-hadoop-dependency-test-1.2.0-SNAPSHOT.jar:/home/runner/.m2/repository/org/apache/hadoop/hadoop-common/3.2.2/hadoop-common-3.2.2-tests.jar:/home/runner/.m2/repository/org/apache/hadoop/hadoop-hdfs/3.2.2/hadoop-hdfs-3.2.2-tests.jar:/home/runner/.m2/repository/org/eclipse/jetty/jetty-util-ajax/9.4.35.v20201120/jetty-util-ajax-9.4.35.v20201120.jar:/home/runner/.m2/repository/commons-daemon/commons-daemon/1.0.13/commons-daemon-1.0.13.jar:/home/runner/.m2/repository/io/netty/netty/3.10.6.Final/netty-3.10.6.Final.jar:/home/runner/.m2/repository/io/netty/netty-all/4.1.63.Final/netty-all-4.1.63.Final.jar:/home/runner/.m2/repository/org/apache/htrace/htrace-core4/4.1.0-incubating/htrace-core4-4.1.0-incubating.jar:/home/runner/.m2/repository/org/fusesource/leveldbjni/leveldbjni-all/1.8/leveldbjni-all-1.8.jar:/home/runner/.m2/repository/org/apache/hadoop/hadoop-distcp/3.2.2/hadoop-distcp-3.2.2.jar:/home/runner/.m2/repository/org/apache/hadoop/hadoop-mapreduce-client-jobclient/3.2.2/hadoop-mapreduce-client-jobclient-3.2.2.jar:/home/runner/.m2/repository/org/apache/hadoop/hadoop-mapreduce-client-common/3.2.2/hadoop-mapreduce-client-common-3.2.2.jar:/home/runner/.m2/repository/org/apache/hadoop/hadoop-yarn-common/3.2.2/hadoop-yarn-common-3.2.2.jar:/home/runner/.m2/repository/org/apache/hadoop/hadoop-yarn-api/3.2.2/hadoop-yarn-api-3.2.2.jar:/home/runner/.m2/repository/com/sun/jersey/jersey-client/1.19/jersey-client-1.19.jar:/home/runner/.m2/repository/com/sun/jersey/contribs/jersey-guice/1.19/jersey-guice-1.19.jar:/home/runner/.m2/repository/com/fasterxml/jackson/jaxrs/jackson-jaxrs-json-provider/2.12.1/jackson-jaxrs-json-provider-2.12.1.jar:/home/runner/.m2/repository/com/fasterxml/jackson/jaxrs/jackson-jaxrs-base/2.12.1/jackson-jaxrs-base-2.12.1.jar:/home/runner/.m2/repository/org/apache/hadoop/hadoop-yarn-client/3.2.2/hadoop-yarn-client-3.2.2.jar:/home/runner/.m2/repository/org/apache/hadoop/hadoop-mapreduce-client-core/3.2.2/hadoop-mapreduce-client-core-3.2.2.jar:/home/runner/.m2/repository/org/apache/avro/avro/1.7.7/avro-1.7.7.jar:/home/runner/.m2/repository/org/codehaus/jackson/jackson-core-asl/1.9.13/jackson-core-asl-1.9.13.jar:/home/runner/.m2/repository/org/codehaus/jackson/jackson-mapper-asl/1.9.13/jackson-mapper-asl-1.9.13.jar:/home/runner/.m2/repository/com/thoughtworks/paranamer/paranamer/2.3/paranamer-2.3.jar:/home/runner/.m2/repository/org/xerial/snappy/snappy-java/1.0.5/snappy-java-1.0.5.jar:/home/runner/.m2/repository/org/apache/hadoop/hadoop-annotations/3.2.2/hadoop-annotations-3.2.2.jar:/usr/lib/jvm/adoptopenjdk-8-hotspot-amd64/jre/../lib/tools.jar:/home/runner/.m2/repository/org/apache/hadoop/hadoop-distcp/3.2.2/hadoop-distcp-3.2.2-tests.jar:"/>
    <property name="sun.cpu.endian" value="little"/>
    <property name="user.home" value="/home/runner"/>
    <property name="user.language" value="en"/>
    <property name="java.specification.vendor" value="Oracle Corporation"/>
    <property name="java.home" value="/usr/lib/jvm/adoptopenjdk-8-hotspot-amd64/jre"/>
    <property name="java.security.krb5.conf" value="/home/runner/work/ozone/ozone/mnt/ozone/hadoop-ozone/integration-test/target/test-classes/krb5.conf"/>
    <property name="basedir" value="/home/runner/work/ozone/ozone/mnt/ozone/hadoop-ozone/integration-test"/>
    <property name="file.separator" value="/"/>
    <property name="line.separator" value="&#10;"/>
    <property name="java.vm.specification.vendor" value="Oracle Corporation"/>
    <property name="java.specification.name" value="Java Platform API Specification"/>
    <property name="java.awt.graphicsenv" value="sun.awt.X11GraphicsEnvironment"/>
    <property name="skip.installnpx" value="true"/>
    <property name="surefire.real.class.path" value="/home/runner/work/ozone/ozone/mnt/ozone/hadoop-ozone/integration-test/target/surefire/surefirebooter7865725573594679009.jar:/home/runner/.m2/repository/org/jacoco/org.jacoco.agent/0.8.5/org.jacoco.agent-0.8.5-runtime.jar"/>
    <property name="hadoop.log.dir" value="/home/runner/work/ozone/ozone/mnt/ozone/hadoop-ozone/integration-test/target/log"/>
    <property name="sun.boot.class.path" value="/usr/lib/jvm/adoptopenjdk-8-hotspot-amd64/jre/lib/resources.jar:/usr/lib/jvm/adoptopenjdk-8-hotspot-amd64/jre/lib/rt.jar:/usr/lib/jvm/adoptopenjdk-8-hotspot-amd64/jre/lib/sunrsasign.jar:/usr/lib/jvm/adoptopenjdk-8-hotspot-amd64/jre/lib/jsse.jar:/usr/lib/jvm/adoptopenjdk-8-hotspot-amd64/jre/lib/jce.jar:/usr/lib/jvm/adoptopenjdk-8-hotspot-amd64/jre/lib/charsets.jar:/usr/lib/jvm/adoptopenjdk-8-hotspot-amd64/jre/lib/jfr.jar:/usr/lib/jvm/adoptopenjdk-8-hotspot-amd64/jre/classes"/>
    <property name="sun.management.compiler" value="HotSpot 64-Bit Tiered Compilers"/>
    <property name="skip.npx" value="true"/>
    <property name="java.runtime.version" value="1.8.0_292-b10"/>
    <property name="java.net.preferIPv4Stack" value="true"/>
    <property name="user.name" value="runner"/>
    <property name="path.separator" value=":"/>
    <property name="java.security.egd" value="file:///dev/urandom"/>
    <property name="os.version" value="5.4.0-1051-azure"/>
    <property name="java.endorsed.dirs" value="/usr/lib/jvm/adoptopenjdk-8-hotspot-amd64/jre/lib/endorsed"/>
    <property name="java.runtime.name" value="OpenJDK Runtime Environment"/>
    <property name="file.encoding" value="UTF-8"/>
    <property name="java.vm.name" value="OpenJDK 64-Bit Server VM"/>
    <property name="test.build.webapps" value=""/>
    <property name="localRepository" value="/home/runner/.m2/repository"/>
    <property name="java.vendor.url.bug" value="https://github.com/AdoptOpenJDK/openjdk-support/issues"/>
    <property name="java.io.tmpdir" value="/tmp"/>
    <property name="require.test.libhadoop" value=""/>
    <property name="java.version" value="1.8.0_292"/>
    <property name="user.dir" value="/home/runner/work/ozone/ozone/mnt/ozone/hadoop-ozone/integration-test"/>
    <property name="os.arch" value="amd64"/>
    <property name="java.vm.specification.name" value="Java Virtual Machine Specification"/>
    <property name="test.build.classes" value="/home/runner/work/ozone/ozone/mnt/ozone/hadoop-ozone/integration-test/target/test-classes"/>
    <property name="java.awt.printerjob" value="sun.print.PSPrinterJob"/>
    <property name="sun.os.patch.level" value="unknown"/>
    <property name="hadoop.tmp.dir" value="/home/runner/work/ozone/ozone/mnt/ozone/hadoop-ozone/integration-test/target/tmp"/>
    <property name="java.library.path" value="/usr/java/packages/lib/amd64:/usr/lib64:/lib64:/lib:/usr/lib"/>
    <property name="java.vm.info" value="mixed mode"/>
    <property name="java.vendor" value="AdoptOpenJDK"/>
    <property name="java.vm.version" value="25.292-b10"/>
    <property name="java.ext.dirs" value="/usr/lib/jvm/adoptopenjdk-8-hotspot-amd64/jre/lib/ext:/usr/java/packages/lib/ext"/>
    <property name="sun.io.unicode.encoding" value="UnicodeLittle"/>
    <property name="java.class.version" value="52.0"/>
  </properties>
  <testcase name="testInstallSnapshot" classname="org.apache.hadoop.ozone.scm.TestSCMInstallSnapshotWithHA" time="63.541"/>
  <testcase name="testInstallOldCheckpointFailure" classname="org.apache.hadoop.ozone.scm.TestSCMInstallSnapshotWithHA" time="43.417">
    <failure message="expected:&lt;(t:2, i:128)&gt; but was:&lt;(t:2, i:28)&gt;" type="java.lang.AssertionError"><![CDATA[java.lang.AssertionError: expected:<(t:2, i:128)> but was:<(t:2, i:28)>
	at org.junit.Assert.fail(Assert.java:89)
	at org.junit.Assert.failNotEquals(Assert.java:835)
	at org.junit.Assert.assertEquals(Assert.java:120)
	at org.junit.Assert.assertEquals(Assert.java:146)
	at org.apache.hadoop.ozone.scm.TestSCMInstallSnapshotWithHA.testInstallOldCheckpointFailure(TestSCMInstallSnapshotWithHA.java:202)
	at sun.reflect.NativeMethodAccessorImpl.invoke0(Native Method)
	at sun.reflect.NativeMethodAccessorImpl.invoke(NativeMethodAccessorImpl.java:62)
	at sun.reflect.DelegatingMethodAccessorImpl.invoke(DelegatingMethodAccessorImpl.java:43)
	at java.lang.reflect.Method.invoke(Method.java:498)
	at org.junit.platform.commons.util.ReflectionUtils.invokeMethod(ReflectionUtils.java:688)
	at org.junit.jupiter.engine.execution.MethodInvocation.proceed(MethodInvocation.java:60)
	at org.junit.jupiter.engine.execution.InvocationInterceptorChain$ValidatingInvocation.proceed(InvocationInterceptorChain.java:131)
	at org.junit.jupiter.engine.extension.TimeoutInvocation.proceed(TimeoutInvocation.java:46)
	at org.junit.jupiter.engine.extension.TimeoutExtension.intercept(TimeoutExtension.java:149)
	at org.junit.jupiter.engine.extension.TimeoutExtension.interceptTestableMethod(TimeoutExtension.java:140)
	at org.junit.jupiter.engine.extension.TimeoutExtension.interceptTestMethod(TimeoutExtension.java:84)
	at org.junit.jupiter.engine.execution.ExecutableInvoker$ReflectiveInterceptorCall.lambda$ofVoidMethod$0(ExecutableInvoker.java:115)
	at org.junit.jupiter.engine.execution.ExecutableInvoker.lambda$invoke$0(ExecutableInvoker.java:105)
	at org.junit.jupiter.engine.execution.InvocationInterceptorChain$InterceptedInvocation.proceed(InvocationInterceptorChain.java:106)
	at org.junit.jupiter.engine.execution.InvocationInterceptorChain.proceed(InvocationInterceptorChain.java:64)
	at org.junit.jupiter.engine.execution.InvocationInterceptorChain.chainAndInvoke(InvocationInterceptorChain.java:45)
	at org.junit.jupiter.engine.execution.InvocationInterceptorChain.invoke(InvocationInterceptorChain.java:37)
	at org.junit.jupiter.engine.execution.ExecutableInvoker.invoke(ExecutableInvoker.java:104)
	at org.junit.jupiter.engine.execution.ExecutableInvoker.invoke(ExecutableInvoker.java:98)
	at org.junit.jupiter.engine.descriptor.TestMethodTestDescriptor.lambda$invokeTestMethod$6(TestMethodTestDescriptor.java:210)
	at org.junit.platform.engine.support.hierarchical.ThrowableCollector.execute(ThrowableCollector.java:73)
	at org.junit.jupiter.engine.descriptor.TestMethodTestDescriptor.invokeTestMethod(TestMethodTestDescriptor.java:206)
	at org.junit.jupiter.engine.descriptor.TestMethodTestDescriptor.execute(TestMethodTestDescriptor.java:131)
	at org.junit.jupiter.engine.descriptor.TestMethodTestDescriptor.execute(TestMethodTestDescriptor.java:65)
	at org.junit.platform.engine.support.hierarchical.NodeTestTask.lambda$executeRecursively$5(NodeTestTask.java:139)
	at org.junit.platform.engine.support.hierarchical.ThrowableCollector.execute(ThrowableCollector.java:73)
	at org.junit.platform.engine.support.hierarchical.NodeTestTask.lambda$executeRecursively$7(NodeTestTask.java:129)
	at org.junit.platform.engine.support.hierarchical.Node.around(Node.java:137)
	at org.junit.platform.engine.support.hierarchical.NodeTestTask.lambda$executeRecursively$8(NodeTestTask.java:127)
	at org.junit.platform.engine.support.hierarchical.ThrowableCollector.execute(ThrowableCollector.java:73)
	at org.junit.platform.engine.support.hierarchical.NodeTestTask.executeRecursively(NodeTestTask.java:126)
	at org.junit.platform.engine.support.hierarchical.NodeTestTask.execute(NodeTestTask.java:84)
	at java.util.ArrayList.forEach(ArrayList.java:1259)
	at org.junit.platform.engine.support.hierarchical.SameThreadHierarchicalTestExecutorService.invokeAll(SameThreadHierarchicalTestExecutorService.java:38)
	at org.junit.platform.engine.support.hierarchical.NodeTestTask.lambda$executeRecursively$5(NodeTestTask.java:143)
	at org.junit.platform.engine.support.hierarchical.ThrowableCollector.execute(ThrowableCollector.java:73)
	at org.junit.platform.engine.support.hierarchical.NodeTestTask.lambda$executeRecursively$7(NodeTestTask.java:129)
	at org.junit.platform.engine.support.hierarchical.Node.around(Node.java:137)
	at org.junit.platform.engine.support.hierarchical.NodeTestTask.lambda$executeRecursively$8(NodeTestTask.java:127)
	at org.junit.platform.engine.support.hierarchical.ThrowableCollector.execute(ThrowableCollector.java:73)
	at org.junit.platform.engine.support.hierarchical.NodeTestTask.executeRecursively(NodeTestTask.java:126)
	at org.junit.platform.engine.support.hierarchical.NodeTestTask.execute(NodeTestTask.java:84)
	at java.util.ArrayList.forEach(ArrayList.java:1259)
	at org.junit.platform.engine.support.hierarchical.SameThreadHierarchicalTestExecutorService.invokeAll(SameThreadHierarchicalTestExecutorService.java:38)
	at org.junit.platform.engine.support.hierarchical.NodeTestTask.lambda$executeRecursively$5(NodeTestTask.java:143)
	at org.junit.platform.engine.support.hierarchical.ThrowableCollector.execute(ThrowableCollector.java:73)
	at org.junit.platform.engine.support.hierarchical.NodeTestTask.lambda$executeRecursively$7(NodeTestTask.java:129)
	at org.junit.platform.engine.support.hierarchical.Node.around(Node.java:137)
	at org.junit.platform.engine.support.hierarchical.NodeTestTask.lambda$executeRecursively$8(NodeTestTask.java:127)
	at org.junit.platform.engine.support.hierarchical.ThrowableCollector.execute(ThrowableCollector.java:73)
	at org.junit.platform.engine.support.hierarchical.NodeTestTask.executeRecursively(NodeTestTask.java:126)
	at org.junit.platform.engine.support.hierarchical.NodeTestTask.execute(NodeTestTask.java:84)
	at org.junit.platform.engine.support.hierarchical.SameThreadHierarchicalTestExecutorService.submit(SameThreadHierarchicalTestExecutorService.java:32)
	at org.junit.platform.engine.support.hierarchical.HierarchicalTestExecutor.execute(HierarchicalTestExecutor.java:57)
	at org.junit.platform.engine.support.hierarchical.HierarchicalTestEngine.execute(HierarchicalTestEngine.java:51)
	at org.junit.platform.launcher.core.EngineExecutionOrchestrator.execute(EngineExecutionOrchestrator.java:108)
	at org.junit.platform.launcher.core.EngineExecutionOrchestrator.execute(EngineExecutionOrchestrator.java:88)
	at org.junit.platform.launcher.core.EngineExecutionOrchestrator.lambda$execute$0(EngineExecutionOrchestrator.java:54)
	at org.junit.platform.launcher.core.EngineExecutionOrchestrator.withInterceptedStreams(EngineExecutionOrchestrator.java:67)
	at org.junit.platform.launcher.core.EngineExecutionOrchestrator.execute(EngineExecutionOrchestrator.java:52)
	at org.junit.platform.launcher.core.DefaultLauncher.execute(DefaultLauncher.java:96)
	at org.junit.platform.launcher.core.DefaultLauncher.execute(DefaultLauncher.java:75)
	at org.apache.maven.surefire.junitplatform.JUnitPlatformProvider.invokeAllTests(JUnitPlatformProvider.java:142)
	at org.apache.maven.surefire.junitplatform.JUnitPlatformProvider.invoke(JUnitPlatformProvider.java:113)
	at org.apache.maven.surefire.booter.ForkedBooter.invokeProviderInSameClassLoader(ForkedBooter.java:384)
	at org.apache.maven.surefire.booter.ForkedBooter.runSuitesInProcess(ForkedBooter.java:345)
	at org.apache.maven.surefire.booter.ForkedBooter.execute(ForkedBooter.java:126)
	at org.apache.maven.surefire.booter.ForkedBooter.main(ForkedBooter.java:418)
]]></failure>
    <system-out><![CDATA[2021-07-07 01:42:44,855 [Listener at 127.0.0.1/12628] WARN  server.ServerUtils (ServerUtils.java:getScmDbDir(148)) - ozone.scm.db.dirs is not configured. We recommend adding this setting. Falling back to ozone.metadata.dirs instead.
2021-07-07 01:42:44,855 [Listener at 127.0.0.1/12628] INFO  ha.SCMHANodeDetails (SCMHANodeDetails.java:loadSCMHAConfig(157)) - ServiceID for StorageContainerManager is scm-service-test1
2021-07-07 01:42:44,856 [Listener at 127.0.0.1/12628] INFO  ha.SCMHANodeDetails (SCMHANodeDetails.java:loadSCMHAConfig(168)) - ServiceID for StorageContainerManager is scm-service-test1
2021-07-07 01:42:44,856 [Listener at 127.0.0.1/12628] WARN  scm.ScmUtils (ScmUtils.java:logWarn(179)) - ConfigKey ozone.scm.block.client.address is deprecated, For configuring different ports for each SCM use PortConfigKey ozone.scm.block.client.port appended with serviceId and nodeId. If want to configure same port configure ozone.scm.block.client.port
2021-07-07 01:42:44,856 [Listener at 127.0.0.1/12628] WARN  scm.ScmUtils (ScmUtils.java:logWarn(179)) - ConfigKey ozone.scm.client.address is deprecated, For configuring different ports for each SCM use PortConfigKey ozone.scm.client.port appended with serviceId and nodeId. If want to configure same port configure ozone.scm.client.port
2021-07-07 01:42:44,856 [Listener at 127.0.0.1/12628] WARN  scm.ScmUtils (ScmUtils.java:logWarn(179)) - ConfigKey ozone.scm.datanode.address is deprecated, For configuring different ports for each SCM use PortConfigKey ozone.scm.datanode.port appended with serviceId and nodeId. If want to configure same port configure ozone.scm.datanode.port
2021-07-07 01:42:44,856 [Listener at 127.0.0.1/12628] WARN  scm.ScmUtils (ScmUtils.java:logWarn(179)) - ConfigKey ozone.scm.block.client.address is deprecated, For configuring different ports for each SCM use PortConfigKey ozone.scm.block.client.port appended with serviceId and nodeId. If want to configure same port configure ozone.scm.block.client.port
2021-07-07 01:42:44,857 [Listener at 127.0.0.1/12628] WARN  scm.ScmUtils (ScmUtils.java:logWarn(179)) - ConfigKey ozone.scm.client.address is deprecated, For configuring different ports for each SCM use PortConfigKey ozone.scm.client.port appended with serviceId and nodeId. If want to configure same port configure ozone.scm.client.port
2021-07-07 01:42:44,857 [Listener at 127.0.0.1/12628] WARN  scm.ScmUtils (ScmUtils.java:logWarn(179)) - ConfigKey ozone.scm.datanode.address is deprecated, For configuring different ports for each SCM use PortConfigKey ozone.scm.datanode.port appended with serviceId and nodeId. If want to configure same port configure ozone.scm.datanode.port
2021-07-07 01:42:44,857 [Listener at 127.0.0.1/12628] INFO  ha.SCMHANodeDetails (SCMHANodeDetails.java:loadSCMHAConfig(250)) - Found matching SCM address with SCMServiceId: scm-service-test1, SCMNodeId: scmNode-1, RPC Address: localhost:15484 and Ratis port: 15484
2021-07-07 01:42:44,857 [Listener at 127.0.0.1/12628] INFO  ha.SCMHANodeDetails (ConfUtils.java:setNodeSpecificConfigs(108)) - Setting configuration key ozone.scm.datanode.address with value of key ozone.scm.datanode.address.scm-service-test1.scmNode-1: 127.0.0.1:15485
2021-07-07 01:42:44,857 [Listener at 127.0.0.1/12628] INFO  ha.SCMHANodeDetails (ConfUtils.java:setNodeSpecificConfigs(108)) - Setting configuration key ozone.scm.block.client.address with value of key ozone.scm.block.client.address.scm-service-test1.scmNode-1: 127.0.0.1:15486
2021-07-07 01:42:44,857 [EndpointStateMachine task thread for /127.0.0.1:13941 - 0 ] INFO  ipc.Client (Client.java:handleConnectionFailure(966)) - Retrying connect to server: localhost/127.0.0.1:13941. Already tried 10 time(s); retry policy is RetryUpToMaximumCountWithFixedSleep(maxRetries=15, sleepTime=1000 MILLISECONDS)
2021-07-07 01:42:44,857 [EndpointStateMachine task thread for /127.0.0.1:13951 - 0 ] INFO  ipc.Client (Client.java:handleConnectionFailure(966)) - Retrying connect to server: localhost/127.0.0.1:13951. Already tried 8 time(s); retry policy is RetryUpToMaximumCountWithFixedSleep(maxRetries=15, sleepTime=1000 MILLISECONDS)
2021-07-07 01:42:44,858 [EndpointStateMachine task thread for /127.0.0.1:13961 - 0 ] INFO  ipc.Client (Client.java:handleConnectionFailure(966)) - Retrying connect to server: localhost/127.0.0.1:13961. Already tried 8 time(s); retry policy is RetryUpToMaximumCountWithFixedSleep(maxRetries=15, sleepTime=1000 MILLISECONDS)
2021-07-07 01:42:44,858 [Listener at 127.0.0.1/12628] INFO  ha.SCMHANodeDetails (ConfUtils.java:setNodeSpecificConfigs(108)) - Setting configuration key ozone.scm.client.address with value of key ozone.scm.client.address.scm-service-test1.scmNode-1: 127.0.0.1:15487
2021-07-07 01:42:44,859 [Listener at 127.0.0.1/12628] INFO  ha.SCMHANodeDetails (ConfUtils.java:setNodeSpecificConfigs(108)) - Setting configuration key ozone.scm.ratis.port with value of key ozone.scm.ratis.port.scm-service-test1.scmNode-1: 15484
2021-07-07 01:42:44,859 [Listener at 127.0.0.1/12628] INFO  ha.SCMHANodeDetails (ConfUtils.java:setNodeSpecificConfigs(108)) - Setting configuration key ozone.scm.grpc.port with value of key ozone.scm.grpc.port.scm-service-test1.scmNode-1: 15488
2021-07-07 01:42:44,859 [Listener at 127.0.0.1/12628] INFO  ha.SCMHANodeDetails (ConfUtils.java:setNodeSpecificConfigs(108)) - Setting configuration key ozone.scm.http-address with value of key ozone.scm.http-address.scm-service-test1.scmNode-1: 127.0.0.1:15482
2021-07-07 01:42:44,859 [Listener at 127.0.0.1/12628] INFO  ha.SCMHANodeDetails (ConfUtils.java:setNodeSpecificConfigs(108)) - Setting configuration key ozone.scm.https-address with value of key ozone.scm.https-address.scm-service-test1.scmNode-1: 127.0.0.1:15483
2021-07-07 01:42:44,860 [Listener at 127.0.0.1/12628] INFO  ha.SCMHANodeDetails (ConfUtils.java:setNodeSpecificConfigs(108)) - Setting configuration key ozone.scm.address with value of key ozone.scm.address.scm-service-test1.scmNode-1: 127.0.0.1
2021-07-07 01:42:44,860 [Listener at 127.0.0.1/12628] WARN  scm.ScmUtils (ScmUtils.java:logWarn(179)) - ConfigKey ozone.scm.block.client.address is deprecated, For configuring different ports for each SCM use PortConfigKey ozone.scm.block.client.port appended with serviceId and nodeId. If want to configure same port configure ozone.scm.block.client.port
2021-07-07 01:42:44,860 [Listener at 127.0.0.1/12628] WARN  scm.ScmUtils (ScmUtils.java:logWarn(179)) - ConfigKey ozone.scm.client.address is deprecated, For configuring different ports for each SCM use PortConfigKey ozone.scm.client.port appended with serviceId and nodeId. If want to configure same port configure ozone.scm.client.port
2021-07-07 01:42:44,860 [Listener at 127.0.0.1/12628] WARN  scm.ScmUtils (ScmUtils.java:logWarn(179)) - ConfigKey ozone.scm.datanode.address is deprecated, For configuring different ports for each SCM use PortConfigKey ozone.scm.datanode.port appended with serviceId and nodeId. If want to configure same port configure ozone.scm.datanode.port
2021-07-07 01:42:44,862 [Listener at 127.0.0.1/12628] INFO  server.RaftServer (ConfUtils.java:logGet(44)) - raft.rpc.type = GRPC (default)
2021-07-07 01:42:44,862 [Listener at 127.0.0.1/12628] INFO  grpc.GrpcFactory (GrpcFactory.java:checkPooledByteBufAllocatorUseCacheForAllThreads(48)) - PERFORMANCE WARNING: useCacheForAllThreads is true that may cause Netty to create a lot garbage objects and, as a result, trigger GC.
	It is recommended to disable useCacheForAllThreads by setting -Dorg.apache.ratis.thirdparty.io.netty.allocator.useCacheForAllThreads=false in command line.
2021-07-07 01:42:44,862 [Listener at 127.0.0.1/12628] INFO  grpc.GrpcConfigKeys (ConfUtils.java:logGet(44)) - raft.grpc.admin.port = -1 (default)
2021-07-07 01:42:44,863 [Listener at 127.0.0.1/12628] INFO  grpc.GrpcConfigKeys (ConfUtils.java:logGet(44)) - raft.grpc.server.port = 15484 (custom)
2021-07-07 01:42:44,863 [Listener at 127.0.0.1/12628] INFO  grpc.GrpcConfigKeys (ConfUtils.java:logGet(44)) - raft.grpc.client.port = -1 (default)
2021-07-07 01:42:44,863 [Listener at 127.0.0.1/12628] INFO  grpc.GrpcConfigKeys (ConfUtils.java:logGet(44)) - raft.grpc.server.port = 15484 (custom)
2021-07-07 01:42:44,863 [Listener at 127.0.0.1/12628] INFO  grpc.GrpcConfigKeys (ConfUtils.java:logGet(44)) - raft.grpc.server.port = 15484 (custom)
2021-07-07 01:42:44,863 [Listener at 127.0.0.1/12628] INFO  server.GrpcService (ConfUtils.java:logGet(44)) - raft.grpc.message.size.max = 32m (=33554432) (custom)
2021-07-07 01:42:44,863 [Listener at 127.0.0.1/12628] INFO  server.RaftServerConfigKeys (ConfUtils.java:logGet(44)) - raft.server.log.appender.buffer.byte-limit = 33554432 (custom)
2021-07-07 01:42:44,864 [Listener at 127.0.0.1/12628] INFO  server.GrpcService (ConfUtils.java:logGet(44)) - raft.grpc.flow.control.window = 1MB (=1048576) (default)
2021-07-07 01:42:44,864 [Listener at 127.0.0.1/12628] INFO  server.RaftServerConfigKeys (ConfUtils.java:logGet(44)) - raft.server.rpc.request.timeout = 30000ms (custom)
2021-07-07 01:42:44,865 [Listener at 127.0.0.1/12628] INFO  impl.DataStreamServerImpl (ConfUtils.java:logGet(44)) - raft.datastream.type = DISABLED (default)
2021-07-07 01:42:44,865 [Listener at 127.0.0.1/12628] INFO  server.RaftServerConfigKeys (ConfUtils.java:logGet(44)) - raft.server.rpc.slowness.timeout = 120000ms (custom)
2021-07-07 01:42:44,865 [Listener at 127.0.0.1/12628] INFO  server.RaftServerConfigKeys (ConfUtils.java:logGet(44)) - raft.server.leaderelection.leader.step-down.wait-time = 10s (default)
2021-07-07 01:42:44,865 [Listener at 127.0.0.1/12628] INFO  server.RaftServerConfigKeys (ConfUtils.java:logGet(44)) - raft.server.storage.dir = [/home/runner/work/ozone/ozone/mnt/ozone/hadoop-ozone/integration-test/target/test-dir/MiniOzoneClusterImpl-1d7024f8-a0c4-4e84-a8d8-f49eec7f6d62/scmNode-1/scm-ha] (custom)
2021-07-07 01:42:44,870 [Listener at 127.0.0.1/12628] INFO  server.RaftServer (RaftServerProxy.java:addNew(95)) - 9bc33821-a41f-4857-8348-6c15ba9d7e69: addNew group-F49EEC7F6D62:[9bc33821-a41f-4857-8348-6c15ba9d7e69|rpc:localhost:15484|priority:0] returns group-F49EEC7F6D62:java.util.concurrent.CompletableFuture@fc4d7c0[Not completed]
2021-07-07 01:42:44,870 [pool-164-thread-1] INFO  server.RaftServer$Division (RaftServerImpl.java:<init>(180)) - 9bc33821-a41f-4857-8348-6c15ba9d7e69: new RaftServerImpl for group-F49EEC7F6D62:[9bc33821-a41f-4857-8348-6c15ba9d7e69|rpc:localhost:15484|priority:0] with SCMStateMachine:uninitialized
2021-07-07 01:42:44,870 [pool-164-thread-1] INFO  server.RaftServerConfigKeys (ConfUtils.java:logGet(44)) - raft.server.rpc.timeout.min = 5000ms (custom)
2021-07-07 01:42:44,871 [pool-164-thread-1] INFO  server.RaftServerConfigKeys (ConfUtils.java:logGet(44)) - raft.server.rpc.timeout.max = 5200ms (custom)
2021-07-07 01:42:44,871 [pool-164-thread-1] INFO  server.RaftServerConfigKeys (ConfUtils.java:logGet(44)) - raft.server.rpc.sleep.time = 25ms (default)
2021-07-07 01:42:44,871 [pool-164-thread-1] INFO  server.RaftServerConfigKeys (ConfUtils.java:logGet(44)) - raft.server.rpc.slowness.timeout = 120000ms (custom)
2021-07-07 01:42:44,871 [pool-164-thread-1] INFO  server.RaftServerConfigKeys (ConfUtils.java:logGet(44)) - raft.server.leaderelection.leader.step-down.wait-time = 10s (default)
2021-07-07 01:42:44,871 [pool-164-thread-1] INFO  server.RaftServerConfigKeys (ConfUtils.java:logGet(44)) - raft.server.sleep.deviation.threshold = 300ms (default)
2021-07-07 01:42:44,871 [pool-164-thread-1] INFO  server.RaftServerConfigKeys (ConfUtils.java:logGet(44)) - raft.server.log.appender.install.snapshot.enabled = false (custom)
2021-07-07 01:42:44,871 [pool-164-thread-1] INFO  server.RaftServer$Division (ServerState.java:<init>(105)) - 9bc33821-a41f-4857-8348-6c15ba9d7e69@group-F49EEC7F6D62: ConfigurationManager, init=-1: [9bc33821-a41f-4857-8348-6c15ba9d7e69|rpc:localhost:15484|priority:0], old=null, confs=<EMPTY_MAP>
2021-07-07 01:42:44,872 [pool-164-thread-1] INFO  server.RaftServerConfigKeys (ConfUtils.java:logGet(44)) - raft.server.storage.dir = [/home/runner/work/ozone/ozone/mnt/ozone/hadoop-ozone/integration-test/target/test-dir/MiniOzoneClusterImpl-1d7024f8-a0c4-4e84-a8d8-f49eec7f6d62/scmNode-1/scm-ha] (custom)
2021-07-07 01:42:44,872 [pool-164-thread-1] INFO  server.RaftServerConfigKeys (ConfUtils.java:logGet(44)) - raft.server.log.corruption.policy = EXCEPTION (default)
2021-07-07 01:42:44,872 [pool-164-thread-1] INFO  storage.RaftStorageDirectory (RaftStorageDirectoryImpl.java:analyzeStorage(132)) - The storage directory /home/runner/work/ozone/ozone/mnt/ozone/hadoop-ozone/integration-test/target/test-dir/MiniOzoneClusterImpl-1d7024f8-a0c4-4e84-a8d8-f49eec7f6d62/scmNode-1/scm-ha/1d7024f8-a0c4-4e84-a8d8-f49eec7f6d62 does not exist. Creating ...
2021-07-07 01:42:44,873 [pool-164-thread-1] INFO  storage.RaftStorageDirectory (RaftStorageDirectoryImpl.java:tryLock(215)) - Lock on /home/runner/work/ozone/ozone/mnt/ozone/hadoop-ozone/integration-test/target/test-dir/MiniOzoneClusterImpl-1d7024f8-a0c4-4e84-a8d8-f49eec7f6d62/scmNode-1/scm-ha/1d7024f8-a0c4-4e84-a8d8-f49eec7f6d62/in_use.lock acquired by nodename 8524@fv-az148-456
2021-07-07 01:42:44,875 [pool-164-thread-1] INFO  storage.RaftStorage (RaftStorageImpl.java:format(87)) - Storage directory /home/runner/work/ozone/ozone/mnt/ozone/hadoop-ozone/integration-test/target/test-dir/MiniOzoneClusterImpl-1d7024f8-a0c4-4e84-a8d8-f49eec7f6d62/scmNode-1/scm-ha/1d7024f8-a0c4-4e84-a8d8-f49eec7f6d62 has been successfully formatted.
2021-07-07 01:42:44,875 [pool-164-thread-1] INFO  server.RaftServerConfigKeys (ConfUtils.java:logGet(44)) - raft.server.notification.no-leader.timeout = 60s (default)
2021-07-07 01:42:44,875 [pool-164-thread-1] INFO  server.RaftServerConfigKeys (ConfUtils.java:logGet(44)) - raft.server.log.use.memory = false (default)
2021-07-07 01:42:44,875 [pool-164-thread-1] INFO  server.RaftServerConfigKeys (ConfUtils.java:logGet(44)) - raft.server.log.purge.gap = 5 (custom)
2021-07-07 01:42:44,875 [pool-164-thread-1] INFO  server.RaftServerConfigKeys (ConfUtils.java:logGet(44)) - raft.server.log.appender.buffer.byte-limit = 33554432 (custom)
2021-07-07 01:42:44,875 [pool-164-thread-1] INFO  metrics.RatisMetrics (RatisMetrics.java:lambda$create$0(36)) - Creating Metrics Registry : ratis.log_worker.9bc33821-a41f-4857-8348-6c15ba9d7e69@group-F49EEC7F6D62
2021-07-07 01:42:44,875 [pool-164-thread-1] INFO  server.RaftServerConfigKeys (ConfUtils.java:logGet(44)) - raft.server.log.segment.size.max = 16384 (custom)
2021-07-07 01:42:44,876 [pool-164-thread-1] INFO  server.RaftServerConfigKeys (ConfUtils.java:logGet(44)) - raft.server.log.segment.cache.num.max = 2 (custom)
2021-07-07 01:42:44,876 [pool-164-thread-1] INFO  server.RaftServerConfigKeys (ConfUtils.java:logGet(44)) - raft.server.log.segment.cache.size.max = 200MB (=209715200) (default)
2021-07-07 01:42:44,876 [pool-164-thread-1] INFO  segmented.SegmentedRaftLogWorker (SegmentedRaftLogWorker.java:<init>(182)) - new 9bc33821-a41f-4857-8348-6c15ba9d7e69@group-F49EEC7F6D62-SegmentedRaftLogWorker for RaftStorageImpl:Storage Directory /home/runner/work/ozone/ozone/mnt/ozone/hadoop-ozone/integration-test/target/test-dir/MiniOzoneClusterImpl-1d7024f8-a0c4-4e84-a8d8-f49eec7f6d62/scmNode-1/scm-ha/1d7024f8-a0c4-4e84-a8d8-f49eec7f6d62
2021-07-07 01:42:44,876 [pool-164-thread-1] INFO  server.RaftServerConfigKeys (ConfUtils.java:logGet(44)) - raft.server.log.queue.byte-limit = 64MB (=67108864) (default)
2021-07-07 01:42:44,876 [pool-164-thread-1] INFO  server.RaftServerConfigKeys (ConfUtils.java:logGet(44)) - raft.server.log.queue.element-limit = 4096 (default)
2021-07-07 01:42:44,876 [pool-164-thread-1] INFO  server.RaftServerConfigKeys (ConfUtils.java:logGet(44)) - raft.server.log.segment.size.max = 16384 (custom)
2021-07-07 01:42:44,876 [pool-164-thread-1] INFO  server.RaftServerConfigKeys (ConfUtils.java:logGet(44)) - raft.server.log.preallocated.size = 16384 (custom)
2021-07-07 01:42:44,876 [pool-164-thread-1] INFO  server.RaftServerConfigKeys (ConfUtils.java:logGet(44)) - raft.server.log.force.sync.num = 128 (default)
2021-07-07 01:42:44,876 [pool-164-thread-1] INFO  server.RaftServerConfigKeys (ConfUtils.java:logGet(44)) - raft.server.log.statemachine.data.sync = true (default)
2021-07-07 01:42:44,876 [pool-164-thread-1] INFO  server.RaftServerConfigKeys (ConfUtils.java:logGet(44)) - raft.server.log.statemachine.data.sync.timeout = 10s (default)
2021-07-07 01:42:44,876 [pool-164-thread-1] INFO  server.RaftServerConfigKeys (ConfUtils.java:logGet(44)) - raft.server.log.statemachine.data.sync.timeout.retry = -1 (default)
2021-07-07 01:42:44,877 [pool-164-thread-1] INFO  server.RaftServerConfigKeys (ConfUtils.java:logGet(44)) - raft.server.log.write.buffer.size = 64KB (=65536) (default)
2021-07-07 01:42:44,877 [pool-164-thread-1] INFO  server.RaftServerConfigKeys (ConfUtils.java:logGet(44)) - raft.server.log.statemachine.data.caching.enabled = false (default)
2021-07-07 01:42:44,877 [pool-164-thread-1] INFO  segmented.SegmentedRaftLogWorker (SegmentedRaftLogWorker.java:lambda$new$0(133)) - 9bc33821-a41f-4857-8348-6c15ba9d7e69@group-F49EEC7F6D62-SegmentedRaftLogWorker: flushIndex: setUnconditionally 0 -> -1
2021-07-07 01:42:44,877 [pool-164-thread-1] INFO  segmented.SegmentedRaftLogWorker (SegmentedRaftLogWorker.java:lambda$new$0(133)) - 9bc33821-a41f-4857-8348-6c15ba9d7e69@group-F49EEC7F6D62-SegmentedRaftLogWorker: safeCacheEvictIndex: setUnconditionally 0 -> -1
2021-07-07 01:42:44,878 [pool-164-thread-1] INFO  server.RaftServerConfigKeys (ConfUtils.java:logGet(44)) - raft.server.snapshot.auto.trigger.enabled = true (custom)
2021-07-07 01:42:44,878 [pool-164-thread-1] INFO  server.RaftServerConfigKeys (ConfUtils.java:logGet(44)) - raft.server.snapshot.auto.trigger.threshold = 5 (custom)
2021-07-07 01:42:44,878 [pool-164-thread-1] INFO  server.RaftServerConfigKeys (ConfUtils.java:logGet(44)) - raft.server.snapshot.retention.file.num = -1 (default)
2021-07-07 01:42:44,878 [pool-164-thread-1] INFO  server.RaftServerConfigKeys (ConfUtils.java:logGet(44)) - raft.server.log.purge.upto.snapshot.index = true (custom)
2021-07-07 01:42:44,878 [pool-164-thread-1] INFO  server.RaftServerConfigKeys (ConfUtils.java:logGet(44)) - raft.server.retrycache.expirytime = 60000ms (default)
2021-07-07 01:42:44,878 [pool-164-thread-1] INFO  server.RaftServerConfigKeys (ConfUtils.java:logGet(44)) - raft.server.retrycache.statistics.expirytime = 100μs (default)
2021-07-07 01:42:44,878 [pool-164-thread-1] INFO  metrics.RatisMetrics (RatisMetrics.java:lambda$create$0(36)) - Creating Metrics Registry : ratis.leader_election.9bc33821-a41f-4857-8348-6c15ba9d7e69@group-F49EEC7F6D62
2021-07-07 01:42:44,878 [pool-164-thread-1] INFO  metrics.RatisMetrics (RatisMetrics.java:lambda$create$0(36)) - Creating Metrics Registry : ratis.server.9bc33821-a41f-4857-8348-6c15ba9d7e69@group-F49EEC7F6D62
2021-07-07 01:42:44,879 [Listener at 127.0.0.1/12628] INFO  server.RaftServer$Division (RaftServerImpl.java:start(295)) - 9bc33821-a41f-4857-8348-6c15ba9d7e69@group-F49EEC7F6D62: start as a follower, conf=-1: [9bc33821-a41f-4857-8348-6c15ba9d7e69|rpc:localhost:15484|priority:0], old=null
2021-07-07 01:42:44,879 [Listener at 127.0.0.1/12628] INFO  server.RaftServer$Division (RaftServerImpl.java:setRole(284)) - 9bc33821-a41f-4857-8348-6c15ba9d7e69@group-F49EEC7F6D62: changes role from      null to FOLLOWER at term 0 for startAsFollower
2021-07-07 01:42:44,879 [Listener at 127.0.0.1/12628] INFO  impl.RoleInfo (RoleInfo.java:updateAndGet(130)) - 9bc33821-a41f-4857-8348-6c15ba9d7e69: start 9bc33821-a41f-4857-8348-6c15ba9d7e69@group-F49EEC7F6D62-FollowerState
2021-07-07 01:42:44,884 [Listener at 127.0.0.1/12628] INFO  util.JmxRegister (JmxRegister.java:tryRegister(44)) - Successfully registered JMX Bean with object name Ratis:service=RaftServer,group=group-F49EEC7F6D62,id=9bc33821-a41f-4857-8348-6c15ba9d7e69
2021-07-07 01:42:44,884 [Listener at 127.0.0.1/12628] INFO  metrics.RatisMetrics (RatisMetrics.java:lambda$create$0(36)) - Creating Metrics Registry : ratis.state_machine.9bc33821-a41f-4857-8348-6c15ba9d7e69@group-F49EEC7F6D62
2021-07-07 01:42:44,884 [Listener at 127.0.0.1/12628] INFO  server.RaftServer (RaftServerProxy.java:lambda$start$5(374)) - 9bc33821-a41f-4857-8348-6c15ba9d7e69: start RPC server
2021-07-07 01:42:44,885 [Listener at 127.0.0.1/12628] INFO  server.GrpcService (GrpcService.java:startImpl(253)) - 9bc33821-a41f-4857-8348-6c15ba9d7e69: GrpcService started, listening on 15484
2021-07-07 01:42:44,890 [org.apache.ratis.util.JvmPauseMonitor$$Lambda$493/611739613@57a4ca74] INFO  util.JvmPauseMonitor (JvmPauseMonitor.java:run(103)) - JvmPauseMonitor-9bc33821-a41f-4857-8348-6c15ba9d7e69: Started
2021-07-07 01:42:45,858 [EndpointStateMachine task thread for /127.0.0.1:13941 - 0 ] INFO  ipc.Client (Client.java:handleConnectionFailure(966)) - Retrying connect to server: localhost/127.0.0.1:13941. Already tried 11 time(s); retry policy is RetryUpToMaximumCountWithFixedSleep(maxRetries=15, sleepTime=1000 MILLISECONDS)
2021-07-07 01:42:45,858 [EndpointStateMachine task thread for /127.0.0.1:13951 - 0 ] INFO  ipc.Client (Client.java:handleConnectionFailure(966)) - Retrying connect to server: localhost/127.0.0.1:13951. Already tried 9 time(s); retry policy is RetryUpToMaximumCountWithFixedSleep(maxRetries=15, sleepTime=1000 MILLISECONDS)
2021-07-07 01:42:45,859 [EndpointStateMachine task thread for /127.0.0.1:13961 - 0 ] INFO  ipc.Client (Client.java:handleConnectionFailure(966)) - Retrying connect to server: localhost/127.0.0.1:13961. Already tried 9 time(s); retry policy is RetryUpToMaximumCountWithFixedSleep(maxRetries=15, sleepTime=1000 MILLISECONDS)
2021-07-07 01:42:46,859 [EndpointStateMachine task thread for /127.0.0.1:13941 - 0 ] INFO  ipc.Client (Client.java:handleConnectionFailure(966)) - Retrying connect to server: localhost/127.0.0.1:13941. Already tried 12 time(s); retry policy is RetryUpToMaximumCountWithFixedSleep(maxRetries=15, sleepTime=1000 MILLISECONDS)
2021-07-07 01:42:46,859 [EndpointStateMachine task thread for /127.0.0.1:13951 - 0 ] INFO  ipc.Client (Client.java:handleConnectionFailure(966)) - Retrying connect to server: localhost/127.0.0.1:13951. Already tried 10 time(s); retry policy is RetryUpToMaximumCountWithFixedSleep(maxRetries=15, sleepTime=1000 MILLISECONDS)
2021-07-07 01:42:46,860 [EndpointStateMachine task thread for /127.0.0.1:13961 - 0 ] INFO  ipc.Client (Client.java:handleConnectionFailure(966)) - Retrying connect to server: localhost/127.0.0.1:13961. Already tried 10 time(s); retry policy is RetryUpToMaximumCountWithFixedSleep(maxRetries=15, sleepTime=1000 MILLISECONDS)
2021-07-07 01:42:47,860 [EndpointStateMachine task thread for /127.0.0.1:13941 - 0 ] INFO  ipc.Client (Client.java:handleConnectionFailure(966)) - Retrying connect to server: localhost/127.0.0.1:13941. Already tried 13 time(s); retry policy is RetryUpToMaximumCountWithFixedSleep(maxRetries=15, sleepTime=1000 MILLISECONDS)
2021-07-07 01:42:47,860 [EndpointStateMachine task thread for /127.0.0.1:13951 - 0 ] INFO  ipc.Client (Client.java:handleConnectionFailure(966)) - Retrying connect to server: localhost/127.0.0.1:13951. Already tried 11 time(s); retry policy is RetryUpToMaximumCountWithFixedSleep(maxRetries=15, sleepTime=1000 MILLISECONDS)
2021-07-07 01:42:47,860 [EndpointStateMachine task thread for /127.0.0.1:13961 - 0 ] INFO  ipc.Client (Client.java:handleConnectionFailure(966)) - Retrying connect to server: localhost/127.0.0.1:13961. Already tried 11 time(s); retry policy is RetryUpToMaximumCountWithFixedSleep(maxRetries=15, sleepTime=1000 MILLISECONDS)
2021-07-07 01:42:48,860 [EndpointStateMachine task thread for /127.0.0.1:13941 - 0 ] INFO  ipc.Client (Client.java:handleConnectionFailure(966)) - Retrying connect to server: localhost/127.0.0.1:13941. Already tried 14 time(s); retry policy is RetryUpToMaximumCountWithFixedSleep(maxRetries=15, sleepTime=1000 MILLISECONDS)
2021-07-07 01:42:48,861 [EndpointStateMachine task thread for /127.0.0.1:13941 - 0 ] WARN  statemachine.EndpointStateMachine (EndpointStateMachine.java:logIfNeeded(236)) - Unable to communicate to SCM server at localhost:13941 for past 0 seconds.
java.net.ConnectException: Call From fv-az148-456/10.1.0.45 to localhost:13941 failed on connection exception: java.net.ConnectException: Connection refused; For more details see:  http://wiki.apache.org/hadoop/ConnectionRefused
	at sun.reflect.NativeConstructorAccessorImpl.newInstance0(Native Method)
	at sun.reflect.NativeConstructorAccessorImpl.newInstance(NativeConstructorAccessorImpl.java:62)
	at sun.reflect.DelegatingConstructorAccessorImpl.newInstance(DelegatingConstructorAccessorImpl.java:45)
	at java.lang.reflect.Constructor.newInstance(Constructor.java:423)
	at org.apache.hadoop.net.NetUtils.wrapWithMessage(NetUtils.java:836)
	at org.apache.hadoop.net.NetUtils.wrapException(NetUtils.java:760)
	at org.apache.hadoop.ipc.Client.getRpcResponse(Client.java:1566)
	at org.apache.hadoop.ipc.Client.call(Client.java:1508)
	at org.apache.hadoop.ipc.Client.call(Client.java:1405)
	at org.apache.hadoop.ipc.ProtobufRpcEngine$Invoker.invoke(ProtobufRpcEngine.java:233)
	at org.apache.hadoop.ipc.ProtobufRpcEngine$Invoker.invoke(ProtobufRpcEngine.java:118)
	at com.sun.proxy.$Proxy45.submitRequest(Unknown Source)
	at org.apache.hadoop.ozone.protocolPB.StorageContainerDatanodeProtocolClientSideTranslatorPB.submitRequest(StorageContainerDatanodeProtocolClientSideTranslatorPB.java:117)
	at org.apache.hadoop.ozone.protocolPB.StorageContainerDatanodeProtocolClientSideTranslatorPB.sendHeartbeat(StorageContainerDatanodeProtocolClientSideTranslatorPB.java:149)
	at org.apache.hadoop.ozone.container.common.states.endpoint.HeartbeatEndpointTask.call(HeartbeatEndpointTask.java:146)
	at org.apache.hadoop.ozone.container.common.states.endpoint.HeartbeatEndpointTask.call(HeartbeatEndpointTask.java:77)
	at java.util.concurrent.FutureTask.run(FutureTask.java:266)
	at java.util.concurrent.ThreadPoolExecutor.runWorker(ThreadPoolExecutor.java:1149)
	at java.util.concurrent.ThreadPoolExecutor$Worker.run(ThreadPoolExecutor.java:624)
	at java.lang.Thread.run(Thread.java:748)
Caused by: java.net.ConnectException: Connection refused
	at sun.nio.ch.SocketChannelImpl.checkConnect(Native Method)
	at sun.nio.ch.SocketChannelImpl.finishConnect(SocketChannelImpl.java:716)
	at org.apache.hadoop.net.SocketIOWithTimeout.connect(SocketIOWithTimeout.java:206)
	at org.apache.hadoop.net.NetUtils.connect(NetUtils.java:534)
	at org.apache.hadoop.ipc.Client$Connection.setupConnection(Client.java:699)
	at org.apache.hadoop.ipc.Client$Connection.setupIOstreams(Client.java:812)
	at org.apache.hadoop.ipc.Client$Connection.access$3800(Client.java:413)
	at org.apache.hadoop.ipc.Client.getConnection(Client.java:1636)
	at org.apache.hadoop.ipc.Client.call(Client.java:1452)
	... 12 more
2021-07-07 01:42:48,862 [EndpointStateMachine task thread for /127.0.0.1:13961 - 0 ] INFO  ipc.Client (Client.java:handleConnectionFailure(966)) - Retrying connect to server: localhost/127.0.0.1:13961. Already tried 12 time(s); retry policy is RetryUpToMaximumCountWithFixedSleep(maxRetries=15, sleepTime=1000 MILLISECONDS)
2021-07-07 01:42:48,863 [EndpointStateMachine task thread for /127.0.0.1:13951 - 0 ] INFO  ipc.Client (Client.java:handleConnectionFailure(966)) - Retrying connect to server: localhost/127.0.0.1:13951. Already tried 12 time(s); retry policy is RetryUpToMaximumCountWithFixedSleep(maxRetries=15, sleepTime=1000 MILLISECONDS)
2021-07-07 01:42:49,863 [EndpointStateMachine task thread for /127.0.0.1:13941 - 0 ] INFO  ipc.Client (Client.java:handleConnectionFailure(966)) - Retrying connect to server: localhost/127.0.0.1:13941. Already tried 0 time(s); retry policy is RetryUpToMaximumCountWithFixedSleep(maxRetries=15, sleepTime=1000 MILLISECONDS)
2021-07-07 01:42:49,863 [EndpointStateMachine task thread for /127.0.0.1:13961 - 0 ] INFO  ipc.Client (Client.java:handleConnectionFailure(966)) - Retrying connect to server: localhost/127.0.0.1:13961. Already tried 13 time(s); retry policy is RetryUpToMaximumCountWithFixedSleep(maxRetries=15, sleepTime=1000 MILLISECONDS)
2021-07-07 01:42:49,863 [EndpointStateMachine task thread for /127.0.0.1:13951 - 0 ] INFO  ipc.Client (Client.java:handleConnectionFailure(966)) - Retrying connect to server: localhost/127.0.0.1:13951. Already tried 13 time(s); retry policy is RetryUpToMaximumCountWithFixedSleep(maxRetries=15, sleepTime=1000 MILLISECONDS)
2021-07-07 01:42:49,965 [9bc33821-a41f-4857-8348-6c15ba9d7e69@group-F49EEC7F6D62-FollowerState] INFO  impl.FollowerState (FollowerState.java:run(134)) - 9bc33821-a41f-4857-8348-6c15ba9d7e69@group-F49EEC7F6D62-FollowerState: change to CANDIDATE, lastRpcElapsedTime:5085521197ns, electionTimeout:5080ms
2021-07-07 01:42:49,965 [9bc33821-a41f-4857-8348-6c15ba9d7e69@group-F49EEC7F6D62-FollowerState] INFO  impl.RoleInfo (RoleInfo.java:shutdownFollowerState(108)) - 9bc33821-a41f-4857-8348-6c15ba9d7e69: shutdown 9bc33821-a41f-4857-8348-6c15ba9d7e69@group-F49EEC7F6D62-FollowerState
2021-07-07 01:42:49,965 [9bc33821-a41f-4857-8348-6c15ba9d7e69@group-F49EEC7F6D62-FollowerState] INFO  server.RaftServer$Division (RaftServerImpl.java:setRole(284)) - 9bc33821-a41f-4857-8348-6c15ba9d7e69@group-F49EEC7F6D62: changes role from  FOLLOWER to CANDIDATE at term 0 for changeToCandidate
2021-07-07 01:42:49,965 [9bc33821-a41f-4857-8348-6c15ba9d7e69@group-F49EEC7F6D62-FollowerState] INFO  server.RaftServerConfigKeys (ConfUtils.java:logGet(44)) - raft.server.leaderelection.pre-vote = false (custom)
2021-07-07 01:42:49,965 [9bc33821-a41f-4857-8348-6c15ba9d7e69@group-F49EEC7F6D62-FollowerState] INFO  impl.RoleInfo (RoleInfo.java:updateAndGet(130)) - 9bc33821-a41f-4857-8348-6c15ba9d7e69: start 9bc33821-a41f-4857-8348-6c15ba9d7e69@group-F49EEC7F6D62-LeaderElection17
2021-07-07 01:42:49,974 [9bc33821-a41f-4857-8348-6c15ba9d7e69@group-F49EEC7F6D62-LeaderElection17] INFO  impl.LeaderElection (LeaderElection.java:askForVotes(306)) - 9bc33821-a41f-4857-8348-6c15ba9d7e69@group-F49EEC7F6D62-LeaderElection17 ELECTION round 0: submit vote requests at term 1 for -1: [9bc33821-a41f-4857-8348-6c15ba9d7e69|rpc:localhost:15484|priority:0], old=null
2021-07-07 01:42:49,974 [9bc33821-a41f-4857-8348-6c15ba9d7e69@group-F49EEC7F6D62-LeaderElection17] INFO  impl.LeaderElection (LeaderElection.java:askForVotes(308)) - 9bc33821-a41f-4857-8348-6c15ba9d7e69@group-F49EEC7F6D62-LeaderElection17 ELECTION round 0: result PASSED (term=1)
2021-07-07 01:42:49,974 [9bc33821-a41f-4857-8348-6c15ba9d7e69@group-F49EEC7F6D62-LeaderElection17] INFO  impl.RoleInfo (RoleInfo.java:shutdownLeaderElection(121)) - 9bc33821-a41f-4857-8348-6c15ba9d7e69: shutdown 9bc33821-a41f-4857-8348-6c15ba9d7e69@group-F49EEC7F6D62-LeaderElection17
2021-07-07 01:42:49,975 [9bc33821-a41f-4857-8348-6c15ba9d7e69@group-F49EEC7F6D62-LeaderElection17] INFO  server.RaftServer$Division (RaftServerImpl.java:setRole(284)) - 9bc33821-a41f-4857-8348-6c15ba9d7e69@group-F49EEC7F6D62: changes role from CANDIDATE to LEADER at term 1 for changeToLeader
2021-07-07 01:42:49,975 [9bc33821-a41f-4857-8348-6c15ba9d7e69@group-F49EEC7F6D62-LeaderElection17] INFO  server.RaftServer$Division (ServerState.java:setLeader(271)) - 9bc33821-a41f-4857-8348-6c15ba9d7e69@group-F49EEC7F6D62: change Leader from null to 9bc33821-a41f-4857-8348-6c15ba9d7e69 at term 1 for becomeLeader, leader elected after 5099ms
2021-07-07 01:42:49,975 [9bc33821-a41f-4857-8348-6c15ba9d7e69@group-F49EEC7F6D62-LeaderElection17] INFO  server.RaftServerConfigKeys (ConfUtils.java:logGet(44)) - raft.server.staging.catchup.gap = 1000 (default)
2021-07-07 01:42:49,975 [9bc33821-a41f-4857-8348-6c15ba9d7e69@group-F49EEC7F6D62-LeaderElection17] INFO  metrics.RatisMetrics (RatisMetrics.java:lambda$create$0(36)) - Creating Metrics Registry : ratis.log_appender.9bc33821-a41f-4857-8348-6c15ba9d7e69@group-F49EEC7F6D62
2021-07-07 01:42:49,975 [9bc33821-a41f-4857-8348-6c15ba9d7e69@group-F49EEC7F6D62-LeaderElection17] INFO  server.RaftServerConfigKeys (ConfUtils.java:logGet(44)) - raft.server.write.element-limit = 4096 (default)
2021-07-07 01:42:49,975 [9bc33821-a41f-4857-8348-6c15ba9d7e69@group-F49EEC7F6D62-LeaderElection17] INFO  server.RaftServerConfigKeys (ConfUtils.java:logGet(44)) - raft.server.write.byte-limit = 64MB (=67108864) (default)
2021-07-07 01:42:49,975 [9bc33821-a41f-4857-8348-6c15ba9d7e69@group-F49EEC7F6D62-LeaderElection17] INFO  server.RaftServerConfigKeys (ConfUtils.java:logGet(44)) - raft.server.watch.timeout = 10s (default)
2021-07-07 01:42:49,975 [9bc33821-a41f-4857-8348-6c15ba9d7e69@group-F49EEC7F6D62-LeaderElection17] INFO  server.RaftServerConfigKeys (ConfUtils.java:logGet(44)) - raft.server.watch.timeout.denomination = 1s (default)
2021-07-07 01:42:49,975 [9bc33821-a41f-4857-8348-6c15ba9d7e69@group-F49EEC7F6D62-LeaderElection17] INFO  server.RaftServerConfigKeys (ConfUtils.java:logGet(44)) - raft.server.watch.element-limit = 65536 (default)
2021-07-07 01:42:49,975 [9bc33821-a41f-4857-8348-6c15ba9d7e69@group-F49EEC7F6D62-LeaderElection17] INFO  impl.RoleInfo (RoleInfo.java:updateAndGet(130)) - 9bc33821-a41f-4857-8348-6c15ba9d7e69: start 9bc33821-a41f-4857-8348-6c15ba9d7e69@group-F49EEC7F6D62-LeaderStateImpl
2021-07-07 01:42:49,976 [9bc33821-a41f-4857-8348-6c15ba9d7e69@group-F49EEC7F6D62-LeaderElection17] INFO  segmented.SegmentedRaftLogWorker (SegmentedRaftLogWorker.java:startLogSegment(394)) - 9bc33821-a41f-4857-8348-6c15ba9d7e69@group-F49EEC7F6D62-SegmentedRaftLogWorker: Starting segment from index:0
2021-07-07 01:42:49,977 [9bc33821-a41f-4857-8348-6c15ba9d7e69@group-F49EEC7F6D62-LeaderElection17] INFO  server.RaftServer$Division (ServerState.java:setRaftConf(373)) - 9bc33821-a41f-4857-8348-6c15ba9d7e69@group-F49EEC7F6D62: set configuration 0: [9bc33821-a41f-4857-8348-6c15ba9d7e69|rpc:localhost:15484|admin:|client:|dataStream:|priority:0], old=null
2021-07-07 01:42:49,977 [9bc33821-a41f-4857-8348-6c15ba9d7e69@group-F49EEC7F6D62-SegmentedRaftLogWorker] INFO  segmented.SegmentedRaftLogWorker (SegmentedRaftLogWorker.java:execute(601)) - 9bc33821-a41f-4857-8348-6c15ba9d7e69@group-F49EEC7F6D62-SegmentedRaftLogWorker: created new log segment /home/runner/work/ozone/ozone/mnt/ozone/hadoop-ozone/integration-test/target/test-dir/MiniOzoneClusterImpl-1d7024f8-a0c4-4e84-a8d8-f49eec7f6d62/scmNode-1/scm-ha/1d7024f8-a0c4-4e84-a8d8-f49eec7f6d62/current/log_inprogress_0
2021-07-07 01:42:50,863 [EndpointStateMachine task thread for /127.0.0.1:13941 - 0 ] INFO  ipc.Client (Client.java:handleConnectionFailure(966)) - Retrying connect to server: localhost/127.0.0.1:13941. Already tried 1 time(s); retry policy is RetryUpToMaximumCountWithFixedSleep(maxRetries=15, sleepTime=1000 MILLISECONDS)
2021-07-07 01:42:50,864 [EndpointStateMachine task thread for /127.0.0.1:13951 - 0 ] INFO  ipc.Client (Client.java:handleConnectionFailure(966)) - Retrying connect to server: localhost/127.0.0.1:13951. Already tried 14 time(s); retry policy is RetryUpToMaximumCountWithFixedSleep(maxRetries=15, sleepTime=1000 MILLISECONDS)
2021-07-07 01:42:50,864 [EndpointStateMachine task thread for /127.0.0.1:13961 - 0 ] INFO  ipc.Client (Client.java:handleConnectionFailure(966)) - Retrying connect to server: localhost/127.0.0.1:13961. Already tried 14 time(s); retry policy is RetryUpToMaximumCountWithFixedSleep(maxRetries=15, sleepTime=1000 MILLISECONDS)
2021-07-07 01:42:50,890 [Listener at 127.0.0.1/12628] INFO  server.RaftServer (RaftServerProxy.java:lambda$close$6(391)) - 9bc33821-a41f-4857-8348-6c15ba9d7e69: close
2021-07-07 01:42:50,891 [Listener at 127.0.0.1/12628] INFO  server.RaftServer$Division (RaftServerImpl.java:lambda$close$4(406)) - 9bc33821-a41f-4857-8348-6c15ba9d7e69@group-F49EEC7F6D62: shutdown
2021-07-07 01:42:50,891 [Listener at 127.0.0.1/12628] INFO  util.JmxRegister (JmxRegister.java:unregister(73)) - Successfully un-registered JMX Bean with object name Ratis:service=RaftServer,group=group-F49EEC7F6D62,id=9bc33821-a41f-4857-8348-6c15ba9d7e69
2021-07-07 01:42:50,892 [Listener at 127.0.0.1/12628] INFO  impl.RoleInfo (RoleInfo.java:shutdownLeaderState(91)) - 9bc33821-a41f-4857-8348-6c15ba9d7e69: shutdown 9bc33821-a41f-4857-8348-6c15ba9d7e69@group-F49EEC7F6D62-LeaderStateImpl
2021-07-07 01:42:50,892 [Listener at 127.0.0.1/12628] INFO  impl.PendingRequests (PendingRequests.java:sendNotLeaderResponses(249)) - 9bc33821-a41f-4857-8348-6c15ba9d7e69@group-F49EEC7F6D62-PendingRequests: sendNotLeaderResponses
2021-07-07 01:42:50,892 [Listener at 127.0.0.1/12628] INFO  metrics.RatisMetrics (RatisMetrics.java:unregister(43)) - Unregistering Metrics Registry : ratis.log_appender.9bc33821-a41f-4857-8348-6c15ba9d7e69@group-F49EEC7F6D62
2021-07-07 01:42:50,893 [Listener at 127.0.0.1/12628] INFO  metrics.RatisMetrics (RatisMetrics.java:unregister(43)) - Unregistering Metrics Registry : ratis.server.9bc33821-a41f-4857-8348-6c15ba9d7e69@group-F49EEC7F6D62
2021-07-07 01:42:50,893 [Listener at 127.0.0.1/12628] INFO  impl.StateMachineUpdater (StateMachineUpdater.java:stopAndJoin(149)) - 9bc33821-a41f-4857-8348-6c15ba9d7e69@group-F49EEC7F6D62-StateMachineUpdater: set stopIndex = 0
2021-07-07 01:42:50,894 [9bc33821-a41f-4857-8348-6c15ba9d7e69@group-F49EEC7F6D62-StateMachineUpdater] INFO  impl.StateMachineUpdater (StateMachineUpdater.java:takeSnapshot(281)) - 9bc33821-a41f-4857-8348-6c15ba9d7e69@group-F49EEC7F6D62-StateMachineUpdater: Took a snapshot at index 0
2021-07-07 01:42:50,895 [9bc33821-a41f-4857-8348-6c15ba9d7e69@group-F49EEC7F6D62-StateMachineUpdater] INFO  impl.StateMachineUpdater (StateMachineUpdater.java:lambda$new$0(89)) - 9bc33821-a41f-4857-8348-6c15ba9d7e69@group-F49EEC7F6D62-StateMachineUpdater: snapshotIndex: updateIncreasingly -1 -> 0
2021-07-07 01:42:50,895 [9bc33821-a41f-4857-8348-6c15ba9d7e69@group-F49EEC7F6D62-StateMachineUpdater] INFO  metrics.RatisMetrics (RatisMetrics.java:unregister(43)) - Unregistering Metrics Registry : ratis.state_machine.9bc33821-a41f-4857-8348-6c15ba9d7e69@group-F49EEC7F6D62
2021-07-07 01:42:50,895 [Listener at 127.0.0.1/12628] INFO  server.RaftServer$Division (ServerState.java:close(405)) - 9bc33821-a41f-4857-8348-6c15ba9d7e69@group-F49EEC7F6D62: closes. applyIndex: 0
2021-07-07 01:42:50,895 [9bc33821-a41f-4857-8348-6c15ba9d7e69@group-F49EEC7F6D62-SegmentedRaftLogWorker] INFO  segmented.SegmentedRaftLogWorker (SegmentedRaftLogWorker.java:run(327)) - 9bc33821-a41f-4857-8348-6c15ba9d7e69@group-F49EEC7F6D62-SegmentedRaftLogWorker was interrupted, exiting. There are 0 tasks remaining in the queue.
2021-07-07 01:42:50,896 [Listener at 127.0.0.1/12628] INFO  segmented.SegmentedRaftLogWorker (SegmentedRaftLogWorker.java:close(237)) - 9bc33821-a41f-4857-8348-6c15ba9d7e69@group-F49EEC7F6D62-SegmentedRaftLogWorker close()
2021-07-07 01:42:50,897 [Listener at 127.0.0.1/12628] INFO  metrics.RatisMetrics (RatisMetrics.java:unregister(43)) - Unregistering Metrics Registry : ratis.log_worker.9bc33821-a41f-4857-8348-6c15ba9d7e69@group-F49EEC7F6D62
2021-07-07 01:42:50,897 [Listener at 127.0.0.1/12628] INFO  metrics.RatisMetrics (RatisMetrics.java:unregister(43)) - Unregistering Metrics Registry : ratis.leader_election.9bc33821-a41f-4857-8348-6c15ba9d7e69@group-F49EEC7F6D62
2021-07-07 01:42:50,898 [Listener at 127.0.0.1/12628] INFO  metrics.RatisMetrics (RatisMetrics.java:unregister(43)) - Unregistering Metrics Registry : ratis.server.9bc33821-a41f-4857-8348-6c15ba9d7e69@group-F49EEC7F6D62
2021-07-07 01:42:50,898 [Listener at 127.0.0.1/12628] INFO  server.GrpcService (GrpcService.java:closeImpl(262)) - 9bc33821-a41f-4857-8348-6c15ba9d7e69: shutdown server with port 15484 now
2021-07-07 01:42:50,898 [Listener at 127.0.0.1/12628] INFO  server.GrpcService (GrpcService.java:closeImpl(271)) - 9bc33821-a41f-4857-8348-6c15ba9d7e69: shutdown server with port 15484 successfully
2021-07-07 01:42:50,899 [org.apache.ratis.util.JvmPauseMonitor$$Lambda$493/611739613@57a4ca74] INFO  util.JvmPauseMonitor (JvmPauseMonitor.java:run(109)) - JvmPauseMonitor-9bc33821-a41f-4857-8348-6c15ba9d7e69: Stopped
2021-07-07 01:42:50,899 [Listener at 127.0.0.1/12628] WARN  server.ServerUtils (ServerUtils.java:getScmDbDir(148)) - ozone.scm.db.dirs is not configured. We recommend adding this setting. Falling back to ozone.metadata.dirs instead.
2021-07-07 01:42:50,900 [Listener at 127.0.0.1/12628] INFO  server.StorageContainerManager (StorageContainerManager.java:scmInit(994)) - SCM initialization succeeded. Current cluster id for sd=/home/runner/work/ozone/ozone/mnt/ozone/hadoop-ozone/integration-test/target/test-dir/MiniOzoneClusterImpl-1d7024f8-a0c4-4e84-a8d8-f49eec7f6d62/scmNode-1/scm; cid=1d7024f8-a0c4-4e84-a8d8-f49eec7f6d62; layoutVersion=0; scmId=9bc33821-a41f-4857-8348-6c15ba9d7e69
2021-07-07 01:42:50,901 [Listener at 127.0.0.1/12628] INFO  ha.SCMHANodeDetails (SCMHANodeDetails.java:loadSCMHAConfig(157)) - ServiceID for StorageContainerManager is scm-service-test1
2021-07-07 01:42:50,901 [Listener at 127.0.0.1/12628] INFO  ha.SCMHANodeDetails (SCMHANodeDetails.java:loadSCMHAConfig(168)) - ServiceID for StorageContainerManager is scm-service-test1
2021-07-07 01:42:50,901 [Listener at 127.0.0.1/12628] WARN  scm.ScmUtils (ScmUtils.java:logWarn(179)) - ConfigKey ozone.scm.block.client.address is deprecated, For configuring different ports for each SCM use PortConfigKey ozone.scm.block.client.port appended with serviceId and nodeId. If want to configure same port configure ozone.scm.block.client.port
2021-07-07 01:42:50,901 [Listener at 127.0.0.1/12628] WARN  scm.ScmUtils (ScmUtils.java:logWarn(179)) - ConfigKey ozone.scm.client.address is deprecated, For configuring different ports for each SCM use PortConfigKey ozone.scm.client.port appended with serviceId and nodeId. If want to configure same port configure ozone.scm.client.port
2021-07-07 01:42:50,901 [Listener at 127.0.0.1/12628] WARN  scm.ScmUtils (ScmUtils.java:logWarn(179)) - ConfigKey ozone.scm.datanode.address is deprecated, For configuring different ports for each SCM use PortConfigKey ozone.scm.datanode.port appended with serviceId and nodeId. If want to configure same port configure ozone.scm.datanode.port
2021-07-07 01:42:50,902 [Listener at 127.0.0.1/12628] WARN  scm.ScmUtils (ScmUtils.java:logWarn(179)) - ConfigKey ozone.scm.block.client.address is deprecated, For configuring different ports for each SCM use PortConfigKey ozone.scm.block.client.port appended with serviceId and nodeId. If want to configure same port configure ozone.scm.block.client.port
2021-07-07 01:42:50,903 [Listener at 127.0.0.1/12628] WARN  scm.ScmUtils (ScmUtils.java:logWarn(179)) - ConfigKey ozone.scm.client.address is deprecated, For configuring different ports for each SCM use PortConfigKey ozone.scm.client.port appended with serviceId and nodeId. If want to configure same port configure ozone.scm.client.port
2021-07-07 01:42:50,904 [Listener at 127.0.0.1/12628] WARN  scm.ScmUtils (ScmUtils.java:logWarn(179)) - ConfigKey ozone.scm.datanode.address is deprecated, For configuring different ports for each SCM use PortConfigKey ozone.scm.datanode.port appended with serviceId and nodeId. If want to configure same port configure ozone.scm.datanode.port
2021-07-07 01:42:50,904 [Listener at 127.0.0.1/12628] INFO  ha.SCMHANodeDetails (SCMHANodeDetails.java:loadSCMHAConfig(250)) - Found matching SCM address with SCMServiceId: scm-service-test1, SCMNodeId: scmNode-1, RPC Address: localhost:15484 and Ratis port: 15484
2021-07-07 01:42:50,904 [Listener at 127.0.0.1/12628] INFO  ha.SCMHANodeDetails (ConfUtils.java:setNodeSpecificConfigs(108)) - Setting configuration key ozone.scm.datanode.address with value of key ozone.scm.datanode.address.scm-service-test1.scmNode-1: 127.0.0.1:15485
2021-07-07 01:42:50,904 [Listener at 127.0.0.1/12628] INFO  ha.SCMHANodeDetails (ConfUtils.java:setNodeSpecificConfigs(108)) - Setting configuration key ozone.scm.block.client.address with value of key ozone.scm.block.client.address.scm-service-test1.scmNode-1: 127.0.0.1:15486
2021-07-07 01:42:50,904 [Listener at 127.0.0.1/12628] INFO  ha.SCMHANodeDetails (ConfUtils.java:setNodeSpecificConfigs(108)) - Setting configuration key ozone.scm.client.address with value of key ozone.scm.client.address.scm-service-test1.scmNode-1: 127.0.0.1:15487
2021-07-07 01:42:50,904 [Listener at 127.0.0.1/12628] INFO  ha.SCMHANodeDetails (ConfUtils.java:setNodeSpecificConfigs(108)) - Setting configuration key ozone.scm.ratis.port with value of key ozone.scm.ratis.port.scm-service-test1.scmNode-1: 15484
2021-07-07 01:42:50,905 [Listener at 127.0.0.1/12628] INFO  ha.SCMHANodeDetails (ConfUtils.java:setNodeSpecificConfigs(108)) - Setting configuration key ozone.scm.grpc.port with value of key ozone.scm.grpc.port.scm-service-test1.scmNode-1: 15488
2021-07-07 01:42:50,905 [Listener at 127.0.0.1/12628] INFO  ha.SCMHANodeDetails (ConfUtils.java:setNodeSpecificConfigs(108)) - Setting configuration key ozone.scm.http-address with value of key ozone.scm.http-address.scm-service-test1.scmNode-1: 127.0.0.1:15482
2021-07-07 01:42:50,905 [Listener at 127.0.0.1/12628] INFO  ha.SCMHANodeDetails (ConfUtils.java:setNodeSpecificConfigs(108)) - Setting configuration key ozone.scm.https-address with value of key ozone.scm.https-address.scm-service-test1.scmNode-1: 127.0.0.1:15483
2021-07-07 01:42:50,905 [Listener at 127.0.0.1/12628] INFO  ha.SCMHANodeDetails (ConfUtils.java:setNodeSpecificConfigs(108)) - Setting configuration key ozone.scm.address with value of key ozone.scm.address.scm-service-test1.scmNode-1: 127.0.0.1
2021-07-07 01:42:50,905 [Listener at 127.0.0.1/12628] WARN  scm.ScmUtils (ScmUtils.java:logWarn(179)) - ConfigKey ozone.scm.block.client.address is deprecated, For configuring different ports for each SCM use PortConfigKey ozone.scm.block.client.port appended with serviceId and nodeId. If want to configure same port configure ozone.scm.block.client.port
2021-07-07 01:42:50,905 [Listener at 127.0.0.1/12628] WARN  scm.ScmUtils (ScmUtils.java:logWarn(179)) - ConfigKey ozone.scm.client.address is deprecated, For configuring different ports for each SCM use PortConfigKey ozone.scm.client.port appended with serviceId and nodeId. If want to configure same port configure ozone.scm.client.port
2021-07-07 01:42:50,905 [Listener at 127.0.0.1/12628] WARN  scm.ScmUtils (ScmUtils.java:logWarn(179)) - ConfigKey ozone.scm.datanode.address is deprecated, For configuring different ports for each SCM use PortConfigKey ozone.scm.datanode.port appended with serviceId and nodeId. If want to configure same port configure ozone.scm.datanode.port
2021-07-07 01:42:50,906 [Listener at 127.0.0.1/12628] WARN  server.ServerUtils (ServerUtils.java:getScmDbDir(148)) - ozone.scm.db.dirs is not configured. We recommend adding this setting. Falling back to ozone.metadata.dirs instead.
2021-07-07 01:42:50,906 [Listener at 127.0.0.1/12628] WARN  utils.HAUtils (HAUtils.java:getMetaDir(342)) - ozone.scm.db.dirs is not configured. We recommend adding this setting. Falling back to ozone.metadata.dirs instead.
2021-07-07 01:42:50,907 [Listener at 127.0.0.1/12628] WARN  db.DBStoreBuilder (DBStoreBuilder.java:applyDBDefinition(145)) - ozone.scm.db.dirs is not configured. We recommend adding this setting. Falling back to ozone.metadata.dirs instead.
2021-07-07 01:42:50,980 [Listener at 127.0.0.1/12628] INFO  net.NodeSchemaLoader (NodeSchemaLoader.java:loadSchemaFromFile(129)) - Loading schema from [jar:file:/home/runner/.m2/repository/org/apache/ozone/hdds-common/1.2.0-SNAPSHOT/hdds-common-1.2.0-SNAPSHOT.jar!/network-topology-default.xml]
2021-07-07 01:42:50,980 [Listener at 127.0.0.1/12628] INFO  net.NodeSchemaLoader (NodeSchemaLoader.java:loadSchema(176)) - Loading network topology layer schema file
2021-07-07 01:42:50,983 [Listener at 127.0.0.1/12628] INFO  ha.SCMRatisServerImpl (SCMRatisServerImpl.java:<init>(85)) - starting Raft server for scm:9bc33821-a41f-4857-8348-6c15ba9d7e69
2021-07-07 01:42:50,983 [Listener at 127.0.0.1/12628] INFO  server.RaftServer (ConfUtils.java:logGet(44)) - raft.rpc.type = GRPC (default)
2021-07-07 01:42:50,984 [Listener at 127.0.0.1/12628] INFO  grpc.GrpcFactory (GrpcFactory.java:checkPooledByteBufAllocatorUseCacheForAllThreads(48)) - PERFORMANCE WARNING: useCacheForAllThreads is true that may cause Netty to create a lot garbage objects and, as a result, trigger GC.
	It is recommended to disable useCacheForAllThreads by setting -Dorg.apache.ratis.thirdparty.io.netty.allocator.useCacheForAllThreads=false in command line.
2021-07-07 01:42:50,984 [Listener at 127.0.0.1/12628] INFO  grpc.GrpcConfigKeys (ConfUtils.java:logGet(44)) - raft.grpc.admin.port = -1 (default)
2021-07-07 01:42:50,984 [Listener at 127.0.0.1/12628] INFO  grpc.GrpcConfigKeys (ConfUtils.java:logGet(44)) - raft.grpc.server.port = 15484 (custom)
2021-07-07 01:42:50,985 [Listener at 127.0.0.1/12628] INFO  grpc.GrpcConfigKeys (ConfUtils.java:logGet(44)) - raft.grpc.client.port = -1 (default)
2021-07-07 01:42:50,985 [Listener at 127.0.0.1/12628] INFO  grpc.GrpcConfigKeys (ConfUtils.java:logGet(44)) - raft.grpc.server.port = 15484 (custom)
2021-07-07 01:42:50,985 [Listener at 127.0.0.1/12628] INFO  grpc.GrpcConfigKeys (ConfUtils.java:logGet(44)) - raft.grpc.server.port = 15484 (custom)
2021-07-07 01:42:50,985 [Listener at 127.0.0.1/12628] INFO  server.GrpcService (ConfUtils.java:logGet(44)) - raft.grpc.message.size.max = 32m (=33554432) (custom)
2021-07-07 01:42:50,985 [Listener at 127.0.0.1/12628] INFO  server.RaftServerConfigKeys (ConfUtils.java:logGet(44)) - raft.server.log.appender.buffer.byte-limit = 33554432 (custom)
2021-07-07 01:42:50,985 [Listener at 127.0.0.1/12628] INFO  server.GrpcService (ConfUtils.java:logGet(44)) - raft.grpc.flow.control.window = 1MB (=1048576) (default)
2021-07-07 01:42:50,985 [Listener at 127.0.0.1/12628] INFO  server.RaftServerConfigKeys (ConfUtils.java:logGet(44)) - raft.server.rpc.request.timeout = 30000ms (custom)
2021-07-07 01:42:50,987 [Listener at 127.0.0.1/12628] INFO  impl.DataStreamServerImpl (ConfUtils.java:logGet(44)) - raft.datastream.type = DISABLED (default)
2021-07-07 01:42:50,987 [Listener at 127.0.0.1/12628] INFO  server.RaftServerConfigKeys (ConfUtils.java:logGet(44)) - raft.server.rpc.slowness.timeout = 120000ms (custom)
2021-07-07 01:42:50,987 [Listener at 127.0.0.1/12628] INFO  server.RaftServerConfigKeys (ConfUtils.java:logGet(44)) - raft.server.leaderelection.leader.step-down.wait-time = 10s (default)
2021-07-07 01:42:50,987 [Listener at 127.0.0.1/12628] INFO  server.RaftServerConfigKeys (ConfUtils.java:logGet(44)) - raft.server.storage.dir = [/home/runner/work/ozone/ozone/mnt/ozone/hadoop-ozone/integration-test/target/test-dir/MiniOzoneClusterImpl-1d7024f8-a0c4-4e84-a8d8-f49eec7f6d62/scmNode-1/scm-ha] (custom)
2021-07-07 01:42:50,987 [Listener at 127.0.0.1/12628] INFO  server.RaftServer (RaftServerProxy.java:lambda$null$1(235)) - 9bc33821-a41f-4857-8348-6c15ba9d7e69: found a subdirectory /home/runner/work/ozone/ozone/mnt/ozone/hadoop-ozone/integration-test/target/test-dir/MiniOzoneClusterImpl-1d7024f8-a0c4-4e84-a8d8-f49eec7f6d62/scmNode-1/scm-ha/1d7024f8-a0c4-4e84-a8d8-f49eec7f6d62
2021-07-07 01:42:50,988 [Listener at 127.0.0.1/12628] INFO  server.RaftServer (RaftServerProxy.java:addNew(95)) - 9bc33821-a41f-4857-8348-6c15ba9d7e69: addNew group-F49EEC7F6D62:[] returns group-F49EEC7F6D62:java.util.concurrent.CompletableFuture@5225e766[Not completed]
2021-07-07 01:42:50,988 [pool-176-thread-1] INFO  server.RaftServer$Division (RaftServerImpl.java:<init>(180)) - 9bc33821-a41f-4857-8348-6c15ba9d7e69: new RaftServerImpl for group-F49EEC7F6D62:[] with SCMStateMachine:uninitialized
2021-07-07 01:42:50,996 [pool-176-thread-1] INFO  server.RaftServerConfigKeys (ConfUtils.java:logGet(44)) - raft.server.rpc.timeout.min = 5000ms (custom)
2021-07-07 01:42:50,996 [pool-176-thread-1] INFO  server.RaftServerConfigKeys (ConfUtils.java:logGet(44)) - raft.server.rpc.timeout.max = 5200ms (custom)
2021-07-07 01:42:50,996 [pool-176-thread-1] INFO  server.RaftServerConfigKeys (ConfUtils.java:logGet(44)) - raft.server.rpc.sleep.time = 25ms (default)
2021-07-07 01:42:50,996 [pool-176-thread-1] INFO  server.RaftServerConfigKeys (ConfUtils.java:logGet(44)) - raft.server.rpc.slowness.timeout = 120000ms (custom)
2021-07-07 01:42:50,996 [pool-176-thread-1] INFO  server.RaftServerConfigKeys (ConfUtils.java:logGet(44)) - raft.server.leaderelection.leader.step-down.wait-time = 10s (default)
2021-07-07 01:42:50,996 [pool-176-thread-1] INFO  server.RaftServerConfigKeys (ConfUtils.java:logGet(44)) - raft.server.sleep.deviation.threshold = 300ms (default)
2021-07-07 01:42:50,996 [pool-176-thread-1] INFO  server.RaftServerConfigKeys (ConfUtils.java:logGet(44)) - raft.server.log.appender.install.snapshot.enabled = false (custom)
2021-07-07 01:42:50,996 [pool-176-thread-1] INFO  server.RaftServer$Division (ServerState.java:<init>(105)) - 9bc33821-a41f-4857-8348-6c15ba9d7e69@group-F49EEC7F6D62: ConfigurationManager, init=-1: [], old=null, confs=<EMPTY_MAP>
2021-07-07 01:42:50,996 [pool-176-thread-1] INFO  server.RaftServerConfigKeys (ConfUtils.java:logGet(44)) - raft.server.storage.dir = [/home/runner/work/ozone/ozone/mnt/ozone/hadoop-ozone/integration-test/target/test-dir/MiniOzoneClusterImpl-1d7024f8-a0c4-4e84-a8d8-f49eec7f6d62/scmNode-1/scm-ha] (custom)
2021-07-07 01:42:50,996 [pool-176-thread-1] INFO  server.RaftServerConfigKeys (ConfUtils.java:logGet(44)) - raft.server.log.corruption.policy = EXCEPTION (default)
2021-07-07 01:42:50,999 [pool-176-thread-1] INFO  storage.RaftStorageDirectory (RaftStorageDirectoryImpl.java:tryLock(215)) - Lock on /home/runner/work/ozone/ozone/mnt/ozone/hadoop-ozone/integration-test/target/test-dir/MiniOzoneClusterImpl-1d7024f8-a0c4-4e84-a8d8-f49eec7f6d62/scmNode-1/scm-ha/1d7024f8-a0c4-4e84-a8d8-f49eec7f6d62/in_use.lock acquired by nodename 8524@fv-az148-456
2021-07-07 01:42:50,999 [pool-176-thread-1] INFO  storage.RaftStorage (RaftStorageImpl.java:analyzeAndRecoverStorage(108)) - Read RaftStorageMetadata{term=1, votedFor=9bc33821-a41f-4857-8348-6c15ba9d7e69} from /home/runner/work/ozone/ozone/mnt/ozone/hadoop-ozone/integration-test/target/test-dir/MiniOzoneClusterImpl-1d7024f8-a0c4-4e84-a8d8-f49eec7f6d62/scmNode-1/scm-ha/1d7024f8-a0c4-4e84-a8d8-f49eec7f6d62/current/raft-meta
2021-07-07 01:42:51,000 [pool-176-thread-1] INFO  server.RaftServer$Division (ServerState.java:setRaftConf(373)) - 9bc33821-a41f-4857-8348-6c15ba9d7e69@group-F49EEC7F6D62: set configuration 0: [9bc33821-a41f-4857-8348-6c15ba9d7e69|rpc:localhost:15484|admin:|client:|dataStream:|priority:0], old=null
2021-07-07 01:42:51,000 [pool-176-thread-1] INFO  server.RaftServerConfigKeys (ConfUtils.java:logGet(44)) - raft.server.notification.no-leader.timeout = 60s (default)
2021-07-07 01:42:51,000 [pool-176-thread-1] INFO  server.RaftServerConfigKeys (ConfUtils.java:logGet(44)) - raft.server.log.use.memory = false (default)
2021-07-07 01:42:51,000 [pool-176-thread-1] INFO  server.RaftServerConfigKeys (ConfUtils.java:logGet(44)) - raft.server.log.purge.gap = 5 (custom)
2021-07-07 01:42:51,000 [pool-176-thread-1] INFO  server.RaftServerConfigKeys (ConfUtils.java:logGet(44)) - raft.server.log.appender.buffer.byte-limit = 33554432 (custom)
2021-07-07 01:42:51,000 [pool-176-thread-1] INFO  metrics.RatisMetrics (RatisMetrics.java:lambda$create$0(36)) - Creating Metrics Registry : ratis.log_worker.9bc33821-a41f-4857-8348-6c15ba9d7e69@group-F49EEC7F6D62
2021-07-07 01:42:51,000 [pool-176-thread-1] INFO  server.RaftServerConfigKeys (ConfUtils.java:logGet(44)) - raft.server.log.segment.size.max = 16384 (custom)
2021-07-07 01:42:51,001 [pool-176-thread-1] INFO  server.RaftServerConfigKeys (ConfUtils.java:logGet(44)) - raft.server.log.segment.cache.num.max = 2 (custom)
2021-07-07 01:42:51,001 [pool-176-thread-1] INFO  server.RaftServerConfigKeys (ConfUtils.java:logGet(44)) - raft.server.log.segment.cache.size.max = 200MB (=209715200) (default)
2021-07-07 01:42:51,001 [pool-176-thread-1] INFO  segmented.SegmentedRaftLogWorker (SegmentedRaftLogWorker.java:<init>(182)) - new 9bc33821-a41f-4857-8348-6c15ba9d7e69@group-F49EEC7F6D62-SegmentedRaftLogWorker for RaftStorageImpl:Storage Directory /home/runner/work/ozone/ozone/mnt/ozone/hadoop-ozone/integration-test/target/test-dir/MiniOzoneClusterImpl-1d7024f8-a0c4-4e84-a8d8-f49eec7f6d62/scmNode-1/scm-ha/1d7024f8-a0c4-4e84-a8d8-f49eec7f6d62
2021-07-07 01:42:51,001 [pool-176-thread-1] INFO  server.RaftServerConfigKeys (ConfUtils.java:logGet(44)) - raft.server.log.queue.byte-limit = 64MB (=67108864) (default)
2021-07-07 01:42:51,001 [pool-176-thread-1] INFO  server.RaftServerConfigKeys (ConfUtils.java:logGet(44)) - raft.server.log.queue.element-limit = 4096 (default)
2021-07-07 01:42:51,001 [pool-176-thread-1] INFO  server.RaftServerConfigKeys (ConfUtils.java:logGet(44)) - raft.server.log.segment.size.max = 16384 (custom)
2021-07-07 01:42:51,001 [pool-176-thread-1] INFO  server.RaftServerConfigKeys (ConfUtils.java:logGet(44)) - raft.server.log.preallocated.size = 16384 (custom)
2021-07-07 01:42:51,001 [pool-176-thread-1] INFO  server.RaftServerConfigKeys (ConfUtils.java:logGet(44)) - raft.server.log.force.sync.num = 128 (default)
2021-07-07 01:42:51,001 [pool-176-thread-1] INFO  server.RaftServerConfigKeys (ConfUtils.java:logGet(44)) - raft.server.log.statemachine.data.sync = true (default)
2021-07-07 01:42:51,002 [pool-176-thread-1] INFO  server.RaftServerConfigKeys (ConfUtils.java:logGet(44)) - raft.server.log.statemachine.data.sync.timeout = 10s (default)
2021-07-07 01:42:51,002 [pool-176-thread-1] INFO  server.RaftServerConfigKeys (ConfUtils.java:logGet(44)) - raft.server.log.statemachine.data.sync.timeout.retry = -1 (default)
2021-07-07 01:42:51,002 [pool-176-thread-1] INFO  server.RaftServerConfigKeys (ConfUtils.java:logGet(44)) - raft.server.log.write.buffer.size = 64KB (=65536) (default)
2021-07-07 01:42:51,002 [pool-176-thread-1] INFO  server.RaftServerConfigKeys (ConfUtils.java:logGet(44)) - raft.server.log.statemachine.data.caching.enabled = false (default)
2021-07-07 01:42:51,003 [pool-176-thread-1] INFO  server.RaftServer$Division (ServerState.java:setRaftConf(373)) - 9bc33821-a41f-4857-8348-6c15ba9d7e69@group-F49EEC7F6D62: set configuration 0: [9bc33821-a41f-4857-8348-6c15ba9d7e69|rpc:localhost:15484|admin:|client:|dataStream:|priority:0], old=null
2021-07-07 01:42:51,003 [pool-176-thread-1] INFO  segmented.LogSegment (LogSegment.java:loadSegment(173)) - Successfully read 1 entries from segment file /home/runner/work/ozone/ozone/mnt/ozone/hadoop-ozone/integration-test/target/test-dir/MiniOzoneClusterImpl-1d7024f8-a0c4-4e84-a8d8-f49eec7f6d62/scmNode-1/scm-ha/1d7024f8-a0c4-4e84-a8d8-f49eec7f6d62/current/log_inprogress_0
2021-07-07 01:42:51,003 [pool-176-thread-1] INFO  segmented.SegmentedRaftLogWorker (SegmentedRaftLogWorker.java:lambda$new$0(133)) - 9bc33821-a41f-4857-8348-6c15ba9d7e69@group-F49EEC7F6D62-SegmentedRaftLogWorker: flushIndex: setUnconditionally 0 -> 0
2021-07-07 01:42:51,003 [pool-176-thread-1] INFO  segmented.SegmentedRaftLogWorker (SegmentedRaftLogWorker.java:lambda$new$0(133)) - 9bc33821-a41f-4857-8348-6c15ba9d7e69@group-F49EEC7F6D62-SegmentedRaftLogWorker: safeCacheEvictIndex: setUnconditionally 0 -> -1
2021-07-07 01:42:51,005 [pool-176-thread-1] INFO  server.RaftServerConfigKeys (ConfUtils.java:logGet(44)) - raft.server.snapshot.auto.trigger.enabled = true (custom)
2021-07-07 01:42:51,005 [pool-176-thread-1] INFO  server.RaftServerConfigKeys (ConfUtils.java:logGet(44)) - raft.server.snapshot.auto.trigger.threshold = 5 (custom)
2021-07-07 01:42:51,005 [pool-176-thread-1] INFO  server.RaftServerConfigKeys (ConfUtils.java:logGet(44)) - raft.server.snapshot.retention.file.num = -1 (default)
2021-07-07 01:42:51,005 [pool-176-thread-1] INFO  server.RaftServerConfigKeys (ConfUtils.java:logGet(44)) - raft.server.log.purge.upto.snapshot.index = true (custom)
2021-07-07 01:42:51,005 [pool-176-thread-1] INFO  server.RaftServerConfigKeys (ConfUtils.java:logGet(44)) - raft.server.retrycache.expirytime = 60000ms (default)
2021-07-07 01:42:51,005 [pool-176-thread-1] INFO  server.RaftServerConfigKeys (ConfUtils.java:logGet(44)) - raft.server.retrycache.statistics.expirytime = 100μs (default)
2021-07-07 01:42:51,005 [pool-176-thread-1] INFO  metrics.RatisMetrics (RatisMetrics.java:lambda$create$0(36)) - Creating Metrics Registry : ratis.leader_election.9bc33821-a41f-4857-8348-6c15ba9d7e69@group-F49EEC7F6D62
2021-07-07 01:42:51,005 [pool-176-thread-1] INFO  metrics.RatisMetrics (RatisMetrics.java:lambda$create$0(36)) - Creating Metrics Registry : ratis.server.9bc33821-a41f-4857-8348-6c15ba9d7e69@group-F49EEC7F6D62
2021-07-07 01:42:51,006 [Listener at 127.0.0.1/12628] INFO  ha.SCMSnapshotProvider (SCMSnapshotProvider.java:<init>(66)) - Initializing SCM Snapshot Provider
2021-07-07 01:42:51,006 [Listener at 127.0.0.1/12628] WARN  server.ServerUtils (ServerUtils.java:getDefaultRatisDirectory(237)) - Storage directory for Ratis is not configured. It is a good idea to map this to an SSD disk. Falling back to ozone.metadata.dirs
2021-07-07 01:42:51,007 [Listener at 127.0.0.1/12628] WARN  ha.SCMHAUtils (SCMHAUtils.java:getSCMRatisSnapshotDirectory(142)) - SCM snapshot dir is not configured. Falling back to ozone.metadata.dirs config
2021-07-07 01:42:51,008 [Listener at 127.0.0.1/12628] INFO  ha.SequenceIdGenerator (SequenceIdGenerator.java:upgradeToSequenceId(327)) - upgrade localId to 107544261427200000
2021-07-07 01:42:51,008 [Listener at 127.0.0.1/12628] INFO  ha.SequenceIdGenerator (SequenceIdGenerator.java:upgradeToSequenceId(337)) - upgrade delTxnId to 0
2021-07-07 01:42:51,008 [Listener at 127.0.0.1/12628] INFO  ha.SequenceIdGenerator (SequenceIdGenerator.java:upgradeToSequenceId(351)) - upgrade containerId to 0
2021-07-07 01:42:51,008 [Listener at 127.0.0.1/12628] INFO  ha.SequenceIdGenerator (SequenceIdGenerator.java:<init>(217)) - Init the HA SequenceIdGenerator.
2021-07-07 01:42:51,012 [Listener at 127.0.0.1/12628] INFO  node.SCMNodeManager (SCMNodeManager.java:<init>(125)) - Entering startup safe mode.
2021-07-07 01:42:51,012 [Listener at 127.0.0.1/12628] INFO  algorithms.ContainerPlacementPolicyFactory (ContainerPlacementPolicyFactory.java:getPolicy(60)) - Create container placement policy of type org.apache.hadoop.hdds.scm.container.placement.algorithms.SCMContainerPlacementRandom
2021-07-07 01:42:51,012 [Listener at 127.0.0.1/12628] INFO  pipeline.PipelineStateManager (PipelineStateManagerV2Impl.java:initialize(78)) - No pipeline exists in current db
2021-07-07 01:42:51,013 [Listener at 127.0.0.1/12628] INFO  algorithms.LeaderChoosePolicyFactory (LeaderChoosePolicyFactory.java:getPolicy(57)) - Create leader choose policy of type org.apache.hadoop.hdds.scm.pipeline.leader.choose.algorithms.MinLeaderCountChoosePolicy
2021-07-07 01:42:51,013 [Listener at 127.0.0.1/12628] INFO  ha.SCMServiceManager (SCMServiceManager.java:register(43)) - Registering service BackgroundPipelineCreator.
2021-07-07 01:42:51,013 [Listener at 127.0.0.1/12628] INFO  pipeline.BackgroundPipelineCreator (BackgroundPipelineCreatorV2.java:start(130)) - Starting RatisPipelineUtilsThread.
2021-07-07 01:42:51,015 [Listener at 127.0.0.1/12628] INFO  algorithms.PipelineChoosePolicyFactory (PipelineChoosePolicyFactory.java:createPipelineChoosePolicyFromClass(73)) - Create pipeline choose policy of type org.apache.hadoop.hdds.scm.pipeline.choose.algorithms.RandomPipelineChoosePolicy
2021-07-07 01:42:51,015 [Listener at 127.0.0.1/12628] INFO  ha.SCMServiceManager (SCMServiceManager.java:register(43)) - Registering service SCMBlockDeletingService.
2021-07-07 01:42:51,015 [Listener at 127.0.0.1/12628] INFO  ha.SCMServiceManager (SCMServiceManager.java:register(43)) - Registering service ReplicationManager.
2021-07-07 01:42:51,015 [Listener at 127.0.0.1/12628] INFO  container.ReplicationManager (ReplicationManager.java:start(219)) - Starting Replication Monitor Thread.
2021-07-07 01:42:51,016 [Listener at 127.0.0.1/12628] INFO  safemode.ContainerSafeModeRule (ContainerSafeModeRule.java:<init>(89)) - containers with one replica threshold count 0
2021-07-07 01:42:51,016 [Listener at 127.0.0.1/12628] INFO  safemode.HealthyPipelineSafeModeRule (HealthyPipelineSafeModeRule.java:initializeRule(156)) - Total pipeline count is 0, healthy pipeline threshold count is 1
2021-07-07 01:42:51,017 [Listener at 127.0.0.1/12628] INFO  safemode.OneReplicaPipelineSafeModeRule (OneReplicaPipelineSafeModeRule.java:initializeRule(180)) - Total pipeline count is 0, pipeline's with at least one datanode reported threshold count is 0
2021-07-07 01:42:51,017 [Listener at 127.0.0.1/12628] INFO  ipc.CallQueueManager (CallQueueManager.java:<init>(85)) - Using callQueue: class java.util.concurrent.LinkedBlockingQueue, queueCapacity: 10000, scheduler: class org.apache.hadoop.ipc.DefaultRpcScheduler, ipcBackoff: false.
2021-07-07 01:42:51,018 [Socket Reader #1 for port 15485] INFO  ipc.Server (Server.java:run(1255)) - Starting Socket Reader #1 for port 15485
2021-07-07 01:42:51,018 [Listener at 0.0.0.0/15485] INFO  ipc.CallQueueManager (CallQueueManager.java:<init>(85)) - Using callQueue: class java.util.concurrent.LinkedBlockingQueue, queueCapacity: 10000, scheduler: class org.apache.hadoop.ipc.DefaultRpcScheduler, ipcBackoff: false.
2021-07-07 01:42:51,019 [Socket Reader #1 for port 15486] INFO  ipc.Server (Server.java:run(1255)) - Starting Socket Reader #1 for port 15486
2021-07-07 01:42:51,020 [Listener at 0.0.0.0/15486] INFO  ipc.CallQueueManager (CallQueueManager.java:<init>(85)) - Using callQueue: class java.util.concurrent.LinkedBlockingQueue, queueCapacity: 10000, scheduler: class org.apache.hadoop.ipc.DefaultRpcScheduler, ipcBackoff: false.
2021-07-07 01:42:51,020 [Socket Reader #1 for port 15487] INFO  ipc.Server (Server.java:run(1255)) - Starting Socket Reader #1 for port 15487
2021-07-07 01:42:51,032 [ReplicationMonitor] INFO  container.ReplicationManager (ReplicationManager.java:run(283)) - Replication Monitor Thread took 0 milliseconds for processing 0 containers.
2021-07-07 01:42:51,046 [Listener at 0.0.0.0/15487] INFO  server.StorageContainerManager (StorageContainerManager.java:<init>(363)) - 
Container Balancer status:
Key                            Value
Running                        true
Container Balancer Configuration values:
Key                            Value
Threshold                      0.1
Max Datanodes to Balance       5
Max Size to Move               10737418240B

2021-07-07 01:42:51,047 [Listener at 0.0.0.0/15487] WARN  events.EventQueue (EventQueue.java:fireEvent(194)) - No event handler registered for event TypedEvent{payloadType=SafeModeStatus, name='Safe mode status'}
2021-07-07 01:42:51,047 [Listener at 0.0.0.0/15487] INFO  ha.SCMContext (SCMContext.java:updateSafeModeStatus(208)) - Update SafeModeStatus from SafeModeStatus{safeModeStatus=true, preCheckPassed=false} to SafeModeStatus{safeModeStatus=true, preCheckPassed=false}.
2021-07-07 01:42:51,047 [Listener at 0.0.0.0/15487] INFO  server.StorageContainerManager (StorageContainerManager.java:start(1214)) - StorageContainerLocationProtocol RPC server is listening at /0.0.0.0:15487
2021-07-07 01:42:51,047 [Listener at 0.0.0.0/15487] INFO  ha.SCMRatisServerImpl (SCMRatisServerImpl.java:start(170)) - starting ratis server 0.0.0.0:15484
2021-07-07 01:42:51,048 [Listener at 0.0.0.0/15487] INFO  server.RaftServer$Division (RaftServerImpl.java:start(295)) - 9bc33821-a41f-4857-8348-6c15ba9d7e69@group-F49EEC7F6D62: start as a follower, conf=0: [9bc33821-a41f-4857-8348-6c15ba9d7e69|rpc:localhost:15484|admin:|client:|dataStream:|priority:0], old=null
2021-07-07 01:42:51,048 [Listener at 0.0.0.0/15487] INFO  server.RaftServer$Division (RaftServerImpl.java:setRole(284)) - 9bc33821-a41f-4857-8348-6c15ba9d7e69@group-F49EEC7F6D62: changes role from      null to FOLLOWER at term 1 for startAsFollower
2021-07-07 01:42:51,048 [Listener at 0.0.0.0/15487] INFO  impl.RoleInfo (RoleInfo.java:updateAndGet(130)) - 9bc33821-a41f-4857-8348-6c15ba9d7e69: start 9bc33821-a41f-4857-8348-6c15ba9d7e69@group-F49EEC7F6D62-FollowerState
2021-07-07 01:42:51,048 [Listener at 0.0.0.0/15487] INFO  util.JmxRegister (JmxRegister.java:tryRegister(44)) - Successfully registered JMX Bean with object name Ratis:service=RaftServer,group=group-F49EEC7F6D62,id=9bc33821-a41f-4857-8348-6c15ba9d7e69
2021-07-07 01:42:51,049 [Listener at 0.0.0.0/15487] INFO  metrics.RatisMetrics (RatisMetrics.java:lambda$create$0(36)) - Creating Metrics Registry : ratis.state_machine.9bc33821-a41f-4857-8348-6c15ba9d7e69@group-F49EEC7F6D62
2021-07-07 01:42:51,049 [Listener at 0.0.0.0/15487] INFO  server.RaftServer (RaftServerProxy.java:lambda$start$5(374)) - 9bc33821-a41f-4857-8348-6c15ba9d7e69: start RPC server
2021-07-07 01:42:51,050 [Listener at 0.0.0.0/15487] INFO  server.GrpcService (GrpcService.java:startImpl(253)) - 9bc33821-a41f-4857-8348-6c15ba9d7e69: GrpcService started, listening on 15484
2021-07-07 01:42:51,050 [Listener at 0.0.0.0/15487] INFO  ha.SCMHAManagerImpl (SCMHAManagerImpl.java:start(120)) -  scm role is FOLLOWER peers [9bc33821-a41f-4857-8348-6c15ba9d7e69|rpc:localhost:15484|admin:|client:|dataStream:|priority:0]
2021-07-07 01:42:51,050 [Listener at 0.0.0.0/15487] INFO  ha.InterSCMGrpcService (InterSCMGrpcProtocolService.java:start(94)) - Starting SCM Grpc Service at port 15488
2021-07-07 01:42:51,052 [Listener at 0.0.0.0/15487] WARN  impl.MetricsConfig (MetricsConfig.java:loadFirst(136)) - Cannot locate configuration: tried hadoop-metrics2-storagecontainermanager.properties,hadoop-metrics2.properties
2021-07-07 01:42:51,052 [org.apache.ratis.util.JvmPauseMonitor$$Lambda$493/611739613@9cdef42] INFO  util.JvmPauseMonitor (JvmPauseMonitor.java:run(103)) - JvmPauseMonitor-9bc33821-a41f-4857-8348-6c15ba9d7e69: Started
2021-07-07 01:42:51,053 [Listener at 0.0.0.0/15487] INFO  impl.MetricsSystemImpl (MetricsSystemImpl.java:startTimer(378)) - Scheduled Metric snapshot period at 10 second(s).
2021-07-07 01:42:51,053 [Listener at 0.0.0.0/15487] INFO  impl.MetricsSystemImpl (MetricsSystemImpl.java:start(191)) - StorageContainerManager metrics system started
2021-07-07 01:42:51,081 [Listener at 0.0.0.0/15487] INFO  impl.MetricsSinkAdapter (MetricsSinkAdapter.java:start(204)) - Sink prometheus started
2021-07-07 01:42:51,081 [Listener at 0.0.0.0/15487] INFO  impl.MetricsSystemImpl (MetricsSystemImpl.java:registerSink(305)) - Registered sink prometheus
2021-07-07 01:42:51,083 [Listener at 0.0.0.0/15487] INFO  server.SCMClientProtocolServer (SCMClientProtocolServer.java:start(163)) - RPC server for Client  is listening at /0.0.0.0:15487
2021-07-07 01:42:51,083 [IPC Server Responder] INFO  ipc.Server (Server.java:run(1497)) - IPC Server Responder: starting
2021-07-07 01:42:51,088 [IPC Server listener on 15487] INFO  ipc.Server (Server.java:run(1334)) - IPC Server listener on 15487: starting
2021-07-07 01:42:51,103 [Listener at 0.0.0.0/15487] INFO  server.StorageContainerManager (StorageContainerManager.java:start(1229)) - ScmBlockLocationProtocol RPC server is listening at /0.0.0.0:15486
2021-07-07 01:42:51,103 [Listener at 0.0.0.0/15487] INFO  server.SCMBlockProtocolServer (SCMBlockProtocolServer.java:start(151)) - RPC server for Block Protocol is listening at /0.0.0.0:15486
2021-07-07 01:42:51,103 [IPC Server Responder] INFO  ipc.Server (Server.java:run(1497)) - IPC Server Responder: starting
2021-07-07 01:42:51,103 [IPC Server listener on 15486] INFO  ipc.Server (Server.java:run(1334)) - IPC Server listener on 15486: starting
2021-07-07 01:42:51,115 [Listener at 0.0.0.0/15487] INFO  server.StorageContainerManager (StorageContainerManager.java:start(1235)) - ScmDatanodeProtocl RPC server is listening at /0.0.0.0:15485
2021-07-07 01:42:51,115 [org.apache.hadoop.util.JvmPauseMonitor$Monitor@88edd90] INFO  util.JvmPauseMonitor (JvmPauseMonitor.java:run(188)) - Starting JVM pause monitor
2021-07-07 01:42:51,116 [Listener at 0.0.0.0/15487] INFO  http.BaseHttpServer (BaseHttpServer.java:newHttpServer2BuilderForOzone(209)) - Starting Web-server for scm at: http://0.0.0.0:15482
2021-07-07 01:42:51,116 [Listener at 0.0.0.0/15487] INFO  http.BaseHttpServer (BaseHttpServer.java:<init>(107)) - Hadoop Security Enabled: false Ozone Security Enabled: false Ozone HTTP Security Enabled: false 
2021-07-07 01:42:51,118 [Listener at 0.0.0.0/15487] INFO  server.AuthenticationFilter (AuthenticationFilter.java:constructSecretProvider(240)) - Unable to initialize FileSignerSecretProvider, falling back to use random secrets.
2021-07-07 01:42:51,118 [Listener at 0.0.0.0/15487] WARN  http.HttpRequestLog (HttpRequestLog.java:getRequestLog(103)) - Jetty request log can only be enabled using Log4j
2021-07-07 01:42:51,119 [Listener at 0.0.0.0/15487] INFO  http.HttpServer2 (HttpServer2.java:addGlobalFilter(1020)) - Added global filter 'safety' (class=org.apache.hadoop.hdds.server.http.HttpServer2$QuotingInputFilter)
2021-07-07 01:42:51,120 [Listener at 0.0.0.0/15487] INFO  http.HttpServer2 (HttpServer2.java:addFilter(996)) - Added filter static_user_filter (class=org.apache.hadoop.http.lib.StaticUserWebFilter$StaticUserFilter) to context scm
2021-07-07 01:42:51,120 [Listener at 0.0.0.0/15487] INFO  http.HttpServer2 (HttpServer2.java:addFilter(1004)) - Added filter static_user_filter (class=org.apache.hadoop.http.lib.StaticUserWebFilter$StaticUserFilter) to context logs
2021-07-07 01:42:51,120 [Listener at 0.0.0.0/15487] INFO  http.HttpServer2 (HttpServer2.java:addFilter(1004)) - Added filter static_user_filter (class=org.apache.hadoop.http.lib.StaticUserWebFilter$StaticUserFilter) to context static
2021-07-07 01:42:51,121 [Listener at 0.0.0.0/15487] INFO  http.HttpServer2 (HttpServer2.java:bindListener(1238)) - Jetty bound to port 15482
2021-07-07 01:42:51,121 [Listener at 0.0.0.0/15487] INFO  server.Server (Server.java:doStart(375)) - jetty-9.4.35.v20201120; built: 2020-11-20T21:17:03.964Z; git: bdc54f03a5e0a7e280fab27f55c3c75ee8da89fb; jvm 1.8.0_292-b10
2021-07-07 01:42:51,122 [Listener at 0.0.0.0/15487] INFO  server.session (DefaultSessionIdManager.java:doStart(334)) - DefaultSessionIdManager workerName=node0
2021-07-07 01:42:51,123 [Listener at 0.0.0.0/15487] INFO  server.session (DefaultSessionIdManager.java:doStart(339)) - No SessionScavenger set, using defaults
2021-07-07 01:42:51,123 [Listener at 0.0.0.0/15487] INFO  server.session (HouseKeeper.java:startScavenging(132)) - node0 Scavenging every 600000ms
2021-07-07 01:42:51,123 [Listener at 0.0.0.0/15487] INFO  handler.ContextHandler (ContextHandler.java:doStart(916)) - Started o.e.j.s.ServletContextHandler@619bb99d{logs,/logs,file:///home/runner/work/ozone/ozone/mnt/ozone/hadoop-ozone/integration-test/target/log,AVAILABLE}
2021-07-07 01:42:51,124 [Listener at 0.0.0.0/15487] INFO  handler.ContextHandler (ContextHandler.java:doStart(916)) - Started o.e.j.s.ServletContextHandler@62ec0967{static,/static,file:///home/runner/work/ozone/ozone/mnt/ozone/hadoop-ozone/integration-test/target/test-classes/webapps/static,AVAILABLE}
2021-07-07 01:42:51,127 [Listener at 0.0.0.0/15487] INFO  handler.ContextHandler (ContextHandler.java:doStart(916)) - Started o.e.j.w.WebAppContext@50fc62e0{scm,/,file:///home/runner/work/ozone/ozone/mnt/ozone/hadoop-ozone/integration-test/target/test-classes/webapps/scm/,AVAILABLE}{file:/home/runner/work/ozone/ozone/mnt/ozone/hadoop-ozone/integration-test/target/test-classes/webapps/scm}
2021-07-07 01:42:51,129 [Listener at 0.0.0.0/15487] INFO  server.AbstractConnector (AbstractConnector.java:doStart(331)) - Started ServerConnector@70fbab13{HTTP/1.1, (http/1.1)}{0.0.0.0:15482}
2021-07-07 01:42:51,129 [Listener at 0.0.0.0/15487] INFO  server.Server (Server.java:doStart(415)) - Started @70927ms
2021-07-07 01:42:51,129 [Listener at 0.0.0.0/15487] WARN  impl.MetricsSystemImpl (MetricsSystemImpl.java:register(279)) - Sink prometheus already exists!
2021-07-07 01:42:51,130 [Listener at 0.0.0.0/15487] INFO  http.BaseHttpServer (BaseHttpServer.java:updateConnectorAddress(329)) - HTTP server of scm listening at http://0.0.0.0:15482
2021-07-07 01:42:51,130 [Listener at 0.0.0.0/15487] INFO  ozone.MiniOzoneHAClusterImpl (MiniOzoneHAClusterImpl.java:createSCMService(537)) - Started SCM RPC server at org.apache.hadoop.hdds.scm.server.SCMClientProtocolServer@5b82e090
2021-07-07 01:42:51,130 [Listener at 0.0.0.0/15487] INFO  ha.SCMHANodeDetails (SCMHANodeDetails.java:loadSCMHAConfig(157)) - ServiceID for StorageContainerManager is scm-service-test1
2021-07-07 01:42:51,131 [Listener at 0.0.0.0/15487] INFO  ha.SCMHANodeDetails (SCMHANodeDetails.java:loadSCMHAConfig(168)) - ServiceID for StorageContainerManager is scm-service-test1
2021-07-07 01:42:51,131 [Listener at 0.0.0.0/15487] WARN  scm.ScmUtils (ScmUtils.java:logWarn(179)) - ConfigKey ozone.scm.block.client.address is deprecated, For configuring different ports for each SCM use PortConfigKey ozone.scm.block.client.port appended with serviceId and nodeId. If want to configure same port configure ozone.scm.block.client.port
2021-07-07 01:42:51,131 [Listener at 0.0.0.0/15487] WARN  scm.ScmUtils (ScmUtils.java:logWarn(179)) - ConfigKey ozone.scm.client.address is deprecated, For configuring different ports for each SCM use PortConfigKey ozone.scm.client.port appended with serviceId and nodeId. If want to configure same port configure ozone.scm.client.port
2021-07-07 01:42:51,131 [Listener at 0.0.0.0/15487] WARN  scm.ScmUtils (ScmUtils.java:logWarn(179)) - ConfigKey ozone.scm.datanode.address is deprecated, For configuring different ports for each SCM use PortConfigKey ozone.scm.datanode.port appended with serviceId and nodeId. If want to configure same port configure ozone.scm.datanode.port
2021-07-07 01:42:51,131 [Listener at 0.0.0.0/15487] WARN  scm.ScmUtils (ScmUtils.java:logWarn(179)) - ConfigKey ozone.scm.block.client.address is deprecated, For configuring different ports for each SCM use PortConfigKey ozone.scm.block.client.port appended with serviceId and nodeId. If want to configure same port configure ozone.scm.block.client.port
2021-07-07 01:42:51,132 [Listener at 0.0.0.0/15487] WARN  scm.ScmUtils (ScmUtils.java:logWarn(179)) - ConfigKey ozone.scm.client.address is deprecated, For configuring different ports for each SCM use PortConfigKey ozone.scm.client.port appended with serviceId and nodeId. If want to configure same port configure ozone.scm.client.port
2021-07-07 01:42:51,132 [Listener at 0.0.0.0/15487] WARN  scm.ScmUtils (ScmUtils.java:logWarn(179)) - ConfigKey ozone.scm.datanode.address is deprecated, For configuring different ports for each SCM use PortConfigKey ozone.scm.datanode.port appended with serviceId and nodeId. If want to configure same port configure ozone.scm.datanode.port
2021-07-07 01:42:51,132 [Listener at 0.0.0.0/15487] INFO  ha.SCMHANodeDetails (SCMHANodeDetails.java:loadSCMHAConfig(250)) - Found matching SCM address with SCMServiceId: scm-service-test1, SCMNodeId: scmNode-2, RPC Address: localhost:15494 and Ratis port: 15494
2021-07-07 01:42:51,132 [Listener at 0.0.0.0/15487] INFO  ha.SCMHANodeDetails (ConfUtils.java:setNodeSpecificConfigs(108)) - Setting configuration key ozone.scm.datanode.address with value of key ozone.scm.datanode.address.scm-service-test1.scmNode-2: 127.0.0.1:15495
2021-07-07 01:42:51,132 [Listener at 0.0.0.0/15487] INFO  ha.SCMHANodeDetails (ConfUtils.java:setNodeSpecificConfigs(108)) - Setting configuration key ozone.scm.block.client.address with value of key ozone.scm.block.client.address.scm-service-test1.scmNode-2: 127.0.0.1:15496
2021-07-07 01:42:51,132 [Listener at 0.0.0.0/15487] INFO  ha.SCMHANodeDetails (ConfUtils.java:setNodeSpecificConfigs(108)) - Setting configuration key ozone.scm.client.address with value of key ozone.scm.client.address.scm-service-test1.scmNode-2: 127.0.0.1:15497
2021-07-07 01:42:51,132 [Listener at 0.0.0.0/15487] INFO  ha.SCMHANodeDetails (ConfUtils.java:setNodeSpecificConfigs(108)) - Setting configuration key ozone.scm.ratis.port with value of key ozone.scm.ratis.port.scm-service-test1.scmNode-2: 15494
2021-07-07 01:42:51,133 [Listener at 0.0.0.0/15487] INFO  ha.SCMHANodeDetails (ConfUtils.java:setNodeSpecificConfigs(108)) - Setting configuration key ozone.scm.grpc.port with value of key ozone.scm.grpc.port.scm-service-test1.scmNode-2: 15498
2021-07-07 01:42:51,133 [Listener at 0.0.0.0/15487] INFO  ha.SCMHANodeDetails (ConfUtils.java:setNodeSpecificConfigs(108)) - Setting configuration key ozone.scm.http-address with value of key ozone.scm.http-address.scm-service-test1.scmNode-2: 127.0.0.1:15492
2021-07-07 01:42:51,133 [Listener at 0.0.0.0/15487] INFO  ha.SCMHANodeDetails (ConfUtils.java:setNodeSpecificConfigs(108)) - Setting configuration key ozone.scm.https-address with value of key ozone.scm.https-address.scm-service-test1.scmNode-2: 127.0.0.1:15493
2021-07-07 01:42:51,133 [Listener at 0.0.0.0/15487] INFO  ha.SCMHANodeDetails (ConfUtils.java:setNodeSpecificConfigs(108)) - Setting configuration key ozone.scm.address with value of key ozone.scm.address.scm-service-test1.scmNode-2: 127.0.0.1
2021-07-07 01:42:51,133 [Listener at 0.0.0.0/15487] WARN  scm.ScmUtils (ScmUtils.java:logWarn(179)) - ConfigKey ozone.scm.block.client.address is deprecated, For configuring different ports for each SCM use PortConfigKey ozone.scm.block.client.port appended with serviceId and nodeId. If want to configure same port configure ozone.scm.block.client.port
2021-07-07 01:42:51,133 [Listener at 0.0.0.0/15487] WARN  scm.ScmUtils (ScmUtils.java:logWarn(179)) - ConfigKey ozone.scm.client.address is deprecated, For configuring different ports for each SCM use PortConfigKey ozone.scm.client.port appended with serviceId and nodeId. If want to configure same port configure ozone.scm.client.port
2021-07-07 01:42:51,133 [Listener at 0.0.0.0/15487] WARN  scm.ScmUtils (ScmUtils.java:logWarn(179)) - ConfigKey ozone.scm.datanode.address is deprecated, For configuring different ports for each SCM use PortConfigKey ozone.scm.datanode.port appended with serviceId and nodeId. If want to configure same port configure ozone.scm.datanode.port
2021-07-07 01:42:51,134 [Listener at 0.0.0.0/15487] WARN  server.ServerUtils (ServerUtils.java:getScmDbDir(148)) - ozone.scm.db.dirs is not configured. We recommend adding this setting. Falling back to ozone.metadata.dirs instead.
2021-07-07 01:42:51,135 [Listener at 0.0.0.0/15487] INFO  ha.SCMNodeInfo (SCMNodeInfo.java:getPort(197)) - ConfigKey ozone.scm.client.address is deprecated, For configuring different ports for each SCM use PortConfigKey ozone.scm.client.port appended with serviceId and nodeId
2021-07-07 01:42:51,135 [Listener at 0.0.0.0/15487] INFO  ha.SCMNodeInfo (SCMNodeInfo.java:getPort(197)) - ConfigKey ozone.scm.block.client.address is deprecated, For configuring different ports for each SCM use PortConfigKey ozone.scm.block.client.port appended with serviceId and nodeId
2021-07-07 01:42:51,135 [Listener at 0.0.0.0/15487] INFO  ha.SCMNodeInfo (SCMNodeInfo.java:getPort(197)) - ConfigKey ozone.scm.datanode.address is deprecated, For configuring different ports for each SCM use PortConfigKey ozone.scm.datanode.port appended with serviceId and nodeId
2021-07-07 01:42:51,135 [Listener at 0.0.0.0/15487] INFO  ha.SCMNodeInfo (SCMNodeInfo.java:getPort(197)) - ConfigKey ozone.scm.client.address is deprecated, For configuring different ports for each SCM use PortConfigKey ozone.scm.client.port appended with serviceId and nodeId
2021-07-07 01:42:51,135 [Listener at 0.0.0.0/15487] INFO  ha.SCMNodeInfo (SCMNodeInfo.java:getPort(197)) - ConfigKey ozone.scm.block.client.address is deprecated, For configuring different ports for each SCM use PortConfigKey ozone.scm.block.client.port appended with serviceId and nodeId
2021-07-07 01:42:51,136 [Listener at 0.0.0.0/15487] INFO  ha.SCMNodeInfo (SCMNodeInfo.java:getPort(197)) - ConfigKey ozone.scm.datanode.address is deprecated, For configuring different ports for each SCM use PortConfigKey ozone.scm.datanode.port appended with serviceId and nodeId
2021-07-07 01:42:51,136 [Listener at 0.0.0.0/15487] INFO  ha.SCMNodeInfo (SCMNodeInfo.java:getPort(197)) - ConfigKey ozone.scm.client.address is deprecated, For configuring different ports for each SCM use PortConfigKey ozone.scm.client.port appended with serviceId and nodeId
2021-07-07 01:42:51,136 [Listener at 0.0.0.0/15487] INFO  ha.SCMNodeInfo (SCMNodeInfo.java:getPort(197)) - ConfigKey ozone.scm.block.client.address is deprecated, For configuring different ports for each SCM use PortConfigKey ozone.scm.block.client.port appended with serviceId and nodeId
2021-07-07 01:42:51,136 [Listener at 0.0.0.0/15487] INFO  ha.SCMNodeInfo (SCMNodeInfo.java:getPort(197)) - ConfigKey ozone.scm.datanode.address is deprecated, For configuring different ports for each SCM use PortConfigKey ozone.scm.datanode.port appended with serviceId and nodeId
2021-07-07 01:42:51,864 [EndpointStateMachine task thread for /127.0.0.1:13941 - 0 ] INFO  ipc.Client (Client.java:handleConnectionFailure(966)) - Retrying connect to server: localhost/127.0.0.1:13941. Already tried 2 time(s); retry policy is RetryUpToMaximumCountWithFixedSleep(maxRetries=15, sleepTime=1000 MILLISECONDS)
2021-07-07 01:42:51,865 [EndpointStateMachine task thread for /127.0.0.1:13951 - 0 ] INFO  ipc.Client (Client.java:handleConnectionFailure(966)) - Retrying connect to server: localhost/127.0.0.1:13951. Already tried 0 time(s); retry policy is RetryUpToMaximumCountWithFixedSleep(maxRetries=15, sleepTime=1000 MILLISECONDS)
2021-07-07 01:42:51,866 [EndpointStateMachine task thread for /127.0.0.1:13961 - 0 ] INFO  ipc.Client (Client.java:handleConnectionFailure(966)) - Retrying connect to server: localhost/127.0.0.1:13961. Already tried 0 time(s); retry policy is RetryUpToMaximumCountWithFixedSleep(maxRetries=15, sleepTime=1000 MILLISECONDS)
2021-07-07 01:42:52,865 [EndpointStateMachine task thread for /127.0.0.1:13941 - 0 ] INFO  ipc.Client (Client.java:handleConnectionFailure(966)) - Retrying connect to server: localhost/127.0.0.1:13941. Already tried 3 time(s); retry policy is RetryUpToMaximumCountWithFixedSleep(maxRetries=15, sleepTime=1000 MILLISECONDS)
2021-07-07 01:42:52,866 [EndpointStateMachine task thread for /127.0.0.1:13951 - 0 ] INFO  ipc.Client (Client.java:handleConnectionFailure(966)) - Retrying connect to server: localhost/127.0.0.1:13951. Already tried 1 time(s); retry policy is RetryUpToMaximumCountWithFixedSleep(maxRetries=15, sleepTime=1000 MILLISECONDS)
2021-07-07 01:42:52,866 [EndpointStateMachine task thread for /127.0.0.1:13961 - 0 ] INFO  ipc.Client (Client.java:handleConnectionFailure(966)) - Retrying connect to server: localhost/127.0.0.1:13961. Already tried 1 time(s); retry policy is RetryUpToMaximumCountWithFixedSleep(maxRetries=15, sleepTime=1000 MILLISECONDS)
2021-07-07 01:42:53,145 [Listener at 0.0.0.0/15487] INFO  retry.RetryInvocationHandler (RetryInvocationHandler.java:log(411)) - com.google.protobuf.ServiceException: java.net.ConnectException: Call From fv-az148-456/10.1.0.45 to localhost:15496 failed on connection exception: java.net.ConnectException: Connection refused; For more details see:  http://wiki.apache.org/hadoop/ConnectionRefused, while invoking $Proxy37.send over nodeId=scmNode-2,nodeAddress=/127.0.0.1:15496 after 1 failover attempts. Trying to failover after sleeping for 2000ms.
2021-07-07 01:42:53,866 [EndpointStateMachine task thread for /127.0.0.1:13941 - 0 ] INFO  ipc.Client (Client.java:handleConnectionFailure(966)) - Retrying connect to server: localhost/127.0.0.1:13941. Already tried 4 time(s); retry policy is RetryUpToMaximumCountWithFixedSleep(maxRetries=15, sleepTime=1000 MILLISECONDS)
2021-07-07 01:42:53,866 [EndpointStateMachine task thread for /127.0.0.1:13951 - 0 ] INFO  ipc.Client (Client.java:handleConnectionFailure(966)) - Retrying connect to server: localhost/127.0.0.1:13951. Already tried 2 time(s); retry policy is RetryUpToMaximumCountWithFixedSleep(maxRetries=15, sleepTime=1000 MILLISECONDS)
2021-07-07 01:42:53,867 [EndpointStateMachine task thread for /127.0.0.1:13961 - 0 ] INFO  ipc.Client (Client.java:handleConnectionFailure(966)) - Retrying connect to server: localhost/127.0.0.1:13961. Already tried 2 time(s); retry policy is RetryUpToMaximumCountWithFixedSleep(maxRetries=15, sleepTime=1000 MILLISECONDS)
2021-07-07 01:42:54,867 [EndpointStateMachine task thread for /127.0.0.1:13941 - 0 ] INFO  ipc.Client (Client.java:handleConnectionFailure(966)) - Retrying connect to server: localhost/127.0.0.1:13941. Already tried 5 time(s); retry policy is RetryUpToMaximumCountWithFixedSleep(maxRetries=15, sleepTime=1000 MILLISECONDS)
2021-07-07 01:42:54,867 [EndpointStateMachine task thread for /127.0.0.1:13951 - 0 ] INFO  ipc.Client (Client.java:handleConnectionFailure(966)) - Retrying connect to server: localhost/127.0.0.1:13951. Already tried 3 time(s); retry policy is RetryUpToMaximumCountWithFixedSleep(maxRetries=15, sleepTime=1000 MILLISECONDS)
2021-07-07 01:42:54,868 [EndpointStateMachine task thread for /127.0.0.1:13961 - 0 ] INFO  ipc.Client (Client.java:handleConnectionFailure(966)) - Retrying connect to server: localhost/127.0.0.1:13961. Already tried 3 time(s); retry policy is RetryUpToMaximumCountWithFixedSleep(maxRetries=15, sleepTime=1000 MILLISECONDS)
2021-07-07 01:42:55,147 [Listener at 0.0.0.0/15487] INFO  retry.RetryInvocationHandler (RetryInvocationHandler.java:log(411)) - com.google.protobuf.ServiceException: java.net.ConnectException: Call From fv-az148-456/10.1.0.45 to localhost:15506 failed on connection exception: java.net.ConnectException: Connection refused; For more details see:  http://wiki.apache.org/hadoop/ConnectionRefused, while invoking $Proxy37.send over nodeId=scmNode-3,nodeAddress=/127.0.0.1:15506 after 2 failover attempts. Trying to failover after sleeping for 2000ms.
2021-07-07 01:42:55,868 [EndpointStateMachine task thread for /127.0.0.1:13941 - 0 ] INFO  ipc.Client (Client.java:handleConnectionFailure(966)) - Retrying connect to server: localhost/127.0.0.1:13941. Already tried 6 time(s); retry policy is RetryUpToMaximumCountWithFixedSleep(maxRetries=15, sleepTime=1000 MILLISECONDS)
2021-07-07 01:42:55,868 [EndpointStateMachine task thread for /127.0.0.1:13961 - 0 ] INFO  ipc.Client (Client.java:handleConnectionFailure(966)) - Retrying connect to server: localhost/127.0.0.1:13961. Already tried 4 time(s); retry policy is RetryUpToMaximumCountWithFixedSleep(maxRetries=15, sleepTime=1000 MILLISECONDS)
2021-07-07 01:42:55,868 [EndpointStateMachine task thread for /127.0.0.1:13951 - 0 ] INFO  ipc.Client (Client.java:handleConnectionFailure(966)) - Retrying connect to server: localhost/127.0.0.1:13951. Already tried 4 time(s); retry policy is RetryUpToMaximumCountWithFixedSleep(maxRetries=15, sleepTime=1000 MILLISECONDS)
2021-07-07 01:42:56,069 [9bc33821-a41f-4857-8348-6c15ba9d7e69@group-F49EEC7F6D62-FollowerState] INFO  impl.FollowerState (FollowerState.java:run(134)) - 9bc33821-a41f-4857-8348-6c15ba9d7e69@group-F49EEC7F6D62-FollowerState: change to CANDIDATE, lastRpcElapsedTime:5021408833ns, electionTimeout:5020ms
2021-07-07 01:42:56,070 [9bc33821-a41f-4857-8348-6c15ba9d7e69@group-F49EEC7F6D62-FollowerState] INFO  impl.RoleInfo (RoleInfo.java:shutdownFollowerState(108)) - 9bc33821-a41f-4857-8348-6c15ba9d7e69: shutdown 9bc33821-a41f-4857-8348-6c15ba9d7e69@group-F49EEC7F6D62-FollowerState
2021-07-07 01:42:56,070 [9bc33821-a41f-4857-8348-6c15ba9d7e69@group-F49EEC7F6D62-FollowerState] INFO  server.RaftServer$Division (RaftServerImpl.java:setRole(284)) - 9bc33821-a41f-4857-8348-6c15ba9d7e69@group-F49EEC7F6D62: changes role from  FOLLOWER to CANDIDATE at term 1 for changeToCandidate
2021-07-07 01:42:56,070 [9bc33821-a41f-4857-8348-6c15ba9d7e69@group-F49EEC7F6D62-FollowerState] INFO  server.RaftServerConfigKeys (ConfUtils.java:logGet(44)) - raft.server.leaderelection.pre-vote = false (custom)
2021-07-07 01:42:56,070 [9bc33821-a41f-4857-8348-6c15ba9d7e69@group-F49EEC7F6D62-FollowerState] INFO  impl.RoleInfo (RoleInfo.java:updateAndGet(130)) - 9bc33821-a41f-4857-8348-6c15ba9d7e69: start 9bc33821-a41f-4857-8348-6c15ba9d7e69@group-F49EEC7F6D62-LeaderElection18
2021-07-07 01:42:56,074 [9bc33821-a41f-4857-8348-6c15ba9d7e69@group-F49EEC7F6D62-LeaderElection18] INFO  impl.LeaderElection (LeaderElection.java:askForVotes(306)) - 9bc33821-a41f-4857-8348-6c15ba9d7e69@group-F49EEC7F6D62-LeaderElection18 ELECTION round 0: submit vote requests at term 2 for 0: [9bc33821-a41f-4857-8348-6c15ba9d7e69|rpc:localhost:15484|admin:|client:|dataStream:|priority:0], old=null
2021-07-07 01:42:56,074 [9bc33821-a41f-4857-8348-6c15ba9d7e69@group-F49EEC7F6D62-LeaderElection18] INFO  impl.LeaderElection (LeaderElection.java:askForVotes(308)) - 9bc33821-a41f-4857-8348-6c15ba9d7e69@group-F49EEC7F6D62-LeaderElection18 ELECTION round 0: result PASSED (term=2)
2021-07-07 01:42:56,074 [9bc33821-a41f-4857-8348-6c15ba9d7e69@group-F49EEC7F6D62-LeaderElection18] INFO  impl.RoleInfo (RoleInfo.java:shutdownLeaderElection(121)) - 9bc33821-a41f-4857-8348-6c15ba9d7e69: shutdown 9bc33821-a41f-4857-8348-6c15ba9d7e69@group-F49EEC7F6D62-LeaderElection18
2021-07-07 01:42:56,074 [9bc33821-a41f-4857-8348-6c15ba9d7e69@group-F49EEC7F6D62-LeaderElection18] INFO  server.RaftServer$Division (RaftServerImpl.java:setRole(284)) - 9bc33821-a41f-4857-8348-6c15ba9d7e69@group-F49EEC7F6D62: changes role from CANDIDATE to LEADER at term 2 for changeToLeader
2021-07-07 01:42:56,074 [9bc33821-a41f-4857-8348-6c15ba9d7e69@group-F49EEC7F6D62-LeaderElection18] INFO  ha.SCMStateMachine (SCMStateMachine.java:notifyLeaderChanged(252)) - current SCM becomes leader of term 2.
2021-07-07 01:42:56,075 [9bc33821-a41f-4857-8348-6c15ba9d7e69@group-F49EEC7F6D62-LeaderElection18] INFO  ha.SCMContext (SCMContext.java:updateLeaderAndTerm(91)) - update <isLeader,term> from <false,0> to <true,2>
2021-07-07 01:42:56,075 [9bc33821-a41f-4857-8348-6c15ba9d7e69@group-F49EEC7F6D62-LeaderElection18] INFO  server.RaftServer$Division (ServerState.java:setLeader(271)) - 9bc33821-a41f-4857-8348-6c15ba9d7e69@group-F49EEC7F6D62: change Leader from null to 9bc33821-a41f-4857-8348-6c15ba9d7e69 at term 2 for becomeLeader, leader elected after 5074ms
2021-07-07 01:42:56,075 [9bc33821-a41f-4857-8348-6c15ba9d7e69@group-F49EEC7F6D62-LeaderElection18] INFO  server.RaftServerConfigKeys (ConfUtils.java:logGet(44)) - raft.server.staging.catchup.gap = 1000 (default)
2021-07-07 01:42:56,075 [9bc33821-a41f-4857-8348-6c15ba9d7e69@group-F49EEC7F6D62-LeaderElection18] INFO  metrics.RatisMetrics (RatisMetrics.java:lambda$create$0(36)) - Creating Metrics Registry : ratis.log_appender.9bc33821-a41f-4857-8348-6c15ba9d7e69@group-F49EEC7F6D62
2021-07-07 01:42:56,075 [9bc33821-a41f-4857-8348-6c15ba9d7e69@group-F49EEC7F6D62-LeaderElection18] INFO  server.RaftServerConfigKeys (ConfUtils.java:logGet(44)) - raft.server.write.element-limit = 4096 (default)
2021-07-07 01:42:56,075 [9bc33821-a41f-4857-8348-6c15ba9d7e69@group-F49EEC7F6D62-LeaderElection18] INFO  server.RaftServerConfigKeys (ConfUtils.java:logGet(44)) - raft.server.write.byte-limit = 64MB (=67108864) (default)
2021-07-07 01:42:56,075 [9bc33821-a41f-4857-8348-6c15ba9d7e69@group-F49EEC7F6D62-LeaderElection18] INFO  server.RaftServerConfigKeys (ConfUtils.java:logGet(44)) - raft.server.watch.timeout = 10s (default)
2021-07-07 01:42:56,076 [9bc33821-a41f-4857-8348-6c15ba9d7e69@group-F49EEC7F6D62-LeaderElection18] INFO  server.RaftServerConfigKeys (ConfUtils.java:logGet(44)) - raft.server.watch.timeout.denomination = 1s (default)
2021-07-07 01:42:56,076 [9bc33821-a41f-4857-8348-6c15ba9d7e69@group-F49EEC7F6D62-LeaderElection18] INFO  server.RaftServerConfigKeys (ConfUtils.java:logGet(44)) - raft.server.watch.element-limit = 65536 (default)
2021-07-07 01:42:56,077 [9bc33821-a41f-4857-8348-6c15ba9d7e69@group-F49EEC7F6D62-LeaderElection18] INFO  impl.RoleInfo (RoleInfo.java:updateAndGet(130)) - 9bc33821-a41f-4857-8348-6c15ba9d7e69: start 9bc33821-a41f-4857-8348-6c15ba9d7e69@group-F49EEC7F6D62-LeaderStateImpl
2021-07-07 01:42:56,077 [9bc33821-a41f-4857-8348-6c15ba9d7e69@group-F49EEC7F6D62-LeaderElection18] INFO  segmented.SegmentedRaftLogWorker (SegmentedRaftLogWorker.java:rollLogSegment(399)) - 9bc33821-a41f-4857-8348-6c15ba9d7e69@group-F49EEC7F6D62-SegmentedRaftLogWorker: Rolling segment log-0_0 to index:0
2021-07-07 01:42:56,083 [9bc33821-a41f-4857-8348-6c15ba9d7e69@group-F49EEC7F6D62-LeaderElection18] INFO  server.RaftServer$Division (ServerState.java:setRaftConf(373)) - 9bc33821-a41f-4857-8348-6c15ba9d7e69@group-F49EEC7F6D62: set configuration 1: [9bc33821-a41f-4857-8348-6c15ba9d7e69|rpc:localhost:15484|admin:|client:|dataStream:|priority:0], old=null
2021-07-07 01:42:56,083 [9bc33821-a41f-4857-8348-6c15ba9d7e69@group-F49EEC7F6D62-SegmentedRaftLogWorker] INFO  segmented.SegmentedRaftLogWorker (SegmentedRaftLogWorker.java:execute(558)) - 9bc33821-a41f-4857-8348-6c15ba9d7e69@group-F49EEC7F6D62-SegmentedRaftLogWorker: Rolled log segment from /home/runner/work/ozone/ozone/mnt/ozone/hadoop-ozone/integration-test/target/test-dir/MiniOzoneClusterImpl-1d7024f8-a0c4-4e84-a8d8-f49eec7f6d62/scmNode-1/scm-ha/1d7024f8-a0c4-4e84-a8d8-f49eec7f6d62/current/log_inprogress_0 to /home/runner/work/ozone/ozone/mnt/ozone/hadoop-ozone/integration-test/target/test-dir/MiniOzoneClusterImpl-1d7024f8-a0c4-4e84-a8d8-f49eec7f6d62/scmNode-1/scm-ha/1d7024f8-a0c4-4e84-a8d8-f49eec7f6d62/current/log_0-0
2021-07-07 01:42:56,084 [9bc33821-a41f-4857-8348-6c15ba9d7e69@group-F49EEC7F6D62-SegmentedRaftLogWorker] INFO  segmented.SegmentedRaftLogWorker (SegmentedRaftLogWorker.java:execute(601)) - 9bc33821-a41f-4857-8348-6c15ba9d7e69@group-F49EEC7F6D62-SegmentedRaftLogWorker: created new log segment /home/runner/work/ozone/ozone/mnt/ozone/hadoop-ozone/integration-test/target/test-dir/MiniOzoneClusterImpl-1d7024f8-a0c4-4e84-a8d8-f49eec7f6d62/scmNode-1/scm-ha/1d7024f8-a0c4-4e84-a8d8-f49eec7f6d62/current/log_inprogress_1
2021-07-07 01:42:56,086 [9bc33821-a41f-4857-8348-6c15ba9d7e69@group-F49EEC7F6D62-StateMachineUpdater] INFO  ha.SCMContext (SCMContext.java:setLeaderReady(118)) - update <isLeaderReady> from <false> to <true>
2021-07-07 01:42:56,088 [9bc33821-a41f-4857-8348-6c15ba9d7e69@group-F49EEC7F6D62-StateMachineUpdater] INFO  pipeline.BackgroundPipelineCreator (BackgroundPipelineCreatorV2.java:notifyStatusChanged(264)) - Service BackgroundPipelineCreator transitions to RUNNING.
2021-07-07 01:42:56,089 [9bc33821-a41f-4857-8348-6c15ba9d7e69@group-F49EEC7F6D62-StateMachineUpdater] INFO  safemode.HealthyPipelineSafeModeRule (HealthyPipelineSafeModeRule.java:initializeRule(152)) - Refreshed total pipeline count is 0, healthy pipeline threshold count is 1
2021-07-07 01:42:56,089 [9bc33821-a41f-4857-8348-6c15ba9d7e69@group-F49EEC7F6D62-StateMachineUpdater] INFO  safemode.ContainerSafeModeRule (ContainerSafeModeRule.java:reInitializeRule(177)) - Refreshed one replica container threshold 0, currentThreshold 0
2021-07-07 01:42:56,089 [9bc33821-a41f-4857-8348-6c15ba9d7e69@group-F49EEC7F6D62-StateMachineUpdater] INFO  safemode.OneReplicaPipelineSafeModeRule (OneReplicaPipelineSafeModeRule.java:initializeRule(176)) - Refreshed Total pipeline count is 0, pipeline's with at least one datanode reported threshold count is 0
2021-07-07 01:42:56,089 [9bc33821-a41f-4857-8348-6c15ba9d7e69@group-F49EEC7F6D62-StateMachineUpdater] INFO  server.SCMDatanodeProtocolServer (SCMDatanodeProtocolServer.java:start(177)) - RPC server for DataNodes is listening at /0.0.0.0:15485
2021-07-07 01:42:56,097 [IPC Server Responder] INFO  ipc.Server (Server.java:run(1497)) - IPC Server Responder: starting
2021-07-07 01:42:56,097 [IPC Server listener on 15485] INFO  ipc.Server (Server.java:run(1334)) - IPC Server listener on 15485: starting
2021-07-07 01:42:56,869 [EndpointStateMachine task thread for /127.0.0.1:13941 - 0 ] INFO  ipc.Client (Client.java:handleConnectionFailure(966)) - Retrying connect to server: localhost/127.0.0.1:13941. Already tried 7 time(s); retry policy is RetryUpToMaximumCountWithFixedSleep(maxRetries=15, sleepTime=1000 MILLISECONDS)
2021-07-07 01:42:56,869 [EndpointStateMachine task thread for /127.0.0.1:13961 - 0 ] INFO  ipc.Client (Client.java:handleConnectionFailure(966)) - Retrying connect to server: localhost/127.0.0.1:13961. Already tried 5 time(s); retry policy is RetryUpToMaximumCountWithFixedSleep(maxRetries=15, sleepTime=1000 MILLISECONDS)
2021-07-07 01:42:56,869 [EndpointStateMachine task thread for /127.0.0.1:13951 - 0 ] INFO  ipc.Client (Client.java:handleConnectionFailure(966)) - Retrying connect to server: localhost/127.0.0.1:13951. Already tried 5 time(s); retry policy is RetryUpToMaximumCountWithFixedSleep(maxRetries=15, sleepTime=1000 MILLISECONDS)
2021-07-07 01:42:57,152 [Listener at 0.0.0.0/15487] INFO  server.StorageContainerManager (StorageContainerManager.java:scmBootstrap(921)) - SCM BootStrap  is successful for ClusterID 1d7024f8-a0c4-4e84-a8d8-f49eec7f6d62, SCMID 1f826664-c1d0-47b0-99bc-11cdaf7ce5a3
2021-07-07 01:42:57,152 [Listener at 0.0.0.0/15487] INFO  server.StorageContainerManager (StorageContainerManager.java:scmBootstrap(923)) - Primary SCM Node ID 9bc33821-a41f-4857-8348-6c15ba9d7e69
2021-07-07 01:42:57,152 [Listener at 0.0.0.0/15487] INFO  ha.SCMHANodeDetails (SCMHANodeDetails.java:loadSCMHAConfig(157)) - ServiceID for StorageContainerManager is scm-service-test1
2021-07-07 01:42:57,153 [Listener at 0.0.0.0/15487] INFO  ha.SCMHANodeDetails (SCMHANodeDetails.java:loadSCMHAConfig(168)) - ServiceID for StorageContainerManager is scm-service-test1
2021-07-07 01:42:57,153 [Listener at 0.0.0.0/15487] WARN  scm.ScmUtils (ScmUtils.java:logWarn(179)) - ConfigKey ozone.scm.block.client.address is deprecated, For configuring different ports for each SCM use PortConfigKey ozone.scm.block.client.port appended with serviceId and nodeId. If want to configure same port configure ozone.scm.block.client.port
2021-07-07 01:42:57,154 [Listener at 0.0.0.0/15487] WARN  scm.ScmUtils (ScmUtils.java:logWarn(179)) - ConfigKey ozone.scm.client.address is deprecated, For configuring different ports for each SCM use PortConfigKey ozone.scm.client.port appended with serviceId and nodeId. If want to configure same port configure ozone.scm.client.port
2021-07-07 01:42:57,154 [Listener at 0.0.0.0/15487] WARN  scm.ScmUtils (ScmUtils.java:logWarn(179)) - ConfigKey ozone.scm.datanode.address is deprecated, For configuring different ports for each SCM use PortConfigKey ozone.scm.datanode.port appended with serviceId and nodeId. If want to configure same port configure ozone.scm.datanode.port
2021-07-07 01:42:57,154 [Listener at 0.0.0.0/15487] WARN  scm.ScmUtils (ScmUtils.java:logWarn(179)) - ConfigKey ozone.scm.block.client.address is deprecated, For configuring different ports for each SCM use PortConfigKey ozone.scm.block.client.port appended with serviceId and nodeId. If want to configure same port configure ozone.scm.block.client.port
2021-07-07 01:42:57,154 [Listener at 0.0.0.0/15487] WARN  scm.ScmUtils (ScmUtils.java:logWarn(179)) - ConfigKey ozone.scm.client.address is deprecated, For configuring different ports for each SCM use PortConfigKey ozone.scm.client.port appended with serviceId and nodeId. If want to configure same port configure ozone.scm.client.port
2021-07-07 01:42:57,154 [Listener at 0.0.0.0/15487] WARN  scm.ScmUtils (ScmUtils.java:logWarn(179)) - ConfigKey ozone.scm.datanode.address is deprecated, For configuring different ports for each SCM use PortConfigKey ozone.scm.datanode.port appended with serviceId and nodeId. If want to configure same port configure ozone.scm.datanode.port
2021-07-07 01:42:57,155 [Listener at 0.0.0.0/15487] INFO  ha.SCMHANodeDetails (SCMHANodeDetails.java:loadSCMHAConfig(250)) - Found matching SCM address with SCMServiceId: scm-service-test1, SCMNodeId: scmNode-2, RPC Address: localhost:15494 and Ratis port: 15494
2021-07-07 01:42:57,155 [Listener at 0.0.0.0/15487] INFO  ha.SCMHANodeDetails (ConfUtils.java:setNodeSpecificConfigs(108)) - Setting configuration key ozone.scm.datanode.address with value of key ozone.scm.datanode.address.scm-service-test1.scmNode-2: 127.0.0.1:15495
2021-07-07 01:42:57,155 [Listener at 0.0.0.0/15487] INFO  ha.SCMHANodeDetails (ConfUtils.java:setNodeSpecificConfigs(108)) - Setting configuration key ozone.scm.block.client.address with value of key ozone.scm.block.client.address.scm-service-test1.scmNode-2: 127.0.0.1:15496
2021-07-07 01:42:57,155 [Listener at 0.0.0.0/15487] INFO  ha.SCMHANodeDetails (ConfUtils.java:setNodeSpecificConfigs(108)) - Setting configuration key ozone.scm.client.address with value of key ozone.scm.client.address.scm-service-test1.scmNode-2: 127.0.0.1:15497
2021-07-07 01:42:57,155 [Listener at 0.0.0.0/15487] INFO  ha.SCMHANodeDetails (ConfUtils.java:setNodeSpecificConfigs(108)) - Setting configuration key ozone.scm.ratis.port with value of key ozone.scm.ratis.port.scm-service-test1.scmNode-2: 15494
2021-07-07 01:42:57,155 [Listener at 0.0.0.0/15487] INFO  ha.SCMHANodeDetails (ConfUtils.java:setNodeSpecificConfigs(108)) - Setting configuration key ozone.scm.grpc.port with value of key ozone.scm.grpc.port.scm-service-test1.scmNode-2: 15498
2021-07-07 01:42:57,155 [Listener at 0.0.0.0/15487] INFO  ha.SCMHANodeDetails (ConfUtils.java:setNodeSpecificConfigs(108)) - Setting configuration key ozone.scm.http-address with value of key ozone.scm.http-address.scm-service-test1.scmNode-2: 127.0.0.1:15492
2021-07-07 01:42:57,156 [Listener at 0.0.0.0/15487] INFO  ha.SCMHANodeDetails (ConfUtils.java:setNodeSpecificConfigs(108)) - Setting configuration key ozone.scm.https-address with value of key ozone.scm.https-address.scm-service-test1.scmNode-2: 127.0.0.1:15493
2021-07-07 01:42:57,156 [Listener at 0.0.0.0/15487] INFO  ha.SCMHANodeDetails (ConfUtils.java:setNodeSpecificConfigs(108)) - Setting configuration key ozone.scm.address with value of key ozone.scm.address.scm-service-test1.scmNode-2: 127.0.0.1
2021-07-07 01:42:57,156 [Listener at 0.0.0.0/15487] WARN  scm.ScmUtils (ScmUtils.java:logWarn(179)) - ConfigKey ozone.scm.block.client.address is deprecated, For configuring different ports for each SCM use PortConfigKey ozone.scm.block.client.port appended with serviceId and nodeId. If want to configure same port configure ozone.scm.block.client.port
2021-07-07 01:42:57,156 [Listener at 0.0.0.0/15487] WARN  scm.ScmUtils (ScmUtils.java:logWarn(179)) - ConfigKey ozone.scm.client.address is deprecated, For configuring different ports for each SCM use PortConfigKey ozone.scm.client.port appended with serviceId and nodeId. If want to configure same port configure ozone.scm.client.port
2021-07-07 01:42:57,156 [Listener at 0.0.0.0/15487] WARN  scm.ScmUtils (ScmUtils.java:logWarn(179)) - ConfigKey ozone.scm.datanode.address is deprecated, For configuring different ports for each SCM use PortConfigKey ozone.scm.datanode.port appended with serviceId and nodeId. If want to configure same port configure ozone.scm.datanode.port
2021-07-07 01:42:57,157 [Listener at 0.0.0.0/15487] WARN  server.ServerUtils (ServerUtils.java:getScmDbDir(148)) - ozone.scm.db.dirs is not configured. We recommend adding this setting. Falling back to ozone.metadata.dirs instead.
2021-07-07 01:42:57,158 [Listener at 0.0.0.0/15487] WARN  utils.HAUtils (HAUtils.java:getMetaDir(342)) - ozone.scm.db.dirs is not configured. We recommend adding this setting. Falling back to ozone.metadata.dirs instead.
2021-07-07 01:42:57,158 [Listener at 0.0.0.0/15487] WARN  db.DBStoreBuilder (DBStoreBuilder.java:applyDBDefinition(145)) - ozone.scm.db.dirs is not configured. We recommend adding this setting. Falling back to ozone.metadata.dirs instead.
2021-07-07 01:42:57,225 [Listener at 0.0.0.0/15487] INFO  net.NodeSchemaLoader (NodeSchemaLoader.java:loadSchemaFromFile(129)) - Loading schema from [jar:file:/home/runner/.m2/repository/org/apache/ozone/hdds-common/1.2.0-SNAPSHOT/hdds-common-1.2.0-SNAPSHOT.jar!/network-topology-default.xml]
2021-07-07 01:42:57,225 [Listener at 0.0.0.0/15487] INFO  net.NodeSchemaLoader (NodeSchemaLoader.java:loadSchema(176)) - Loading network topology layer schema file
2021-07-07 01:42:57,228 [Listener at 0.0.0.0/15487] INFO  ha.SCMRatisServerImpl (SCMRatisServerImpl.java:<init>(85)) - starting Raft server for scm:1f826664-c1d0-47b0-99bc-11cdaf7ce5a3
2021-07-07 01:42:57,229 [Listener at 0.0.0.0/15487] INFO  server.RaftServer (ConfUtils.java:logGet(44)) - raft.rpc.type = GRPC (default)
2021-07-07 01:42:57,229 [Listener at 0.0.0.0/15487] INFO  grpc.GrpcFactory (GrpcFactory.java:checkPooledByteBufAllocatorUseCacheForAllThreads(48)) - PERFORMANCE WARNING: useCacheForAllThreads is true that may cause Netty to create a lot garbage objects and, as a result, trigger GC.
	It is recommended to disable useCacheForAllThreads by setting -Dorg.apache.ratis.thirdparty.io.netty.allocator.useCacheForAllThreads=false in command line.
2021-07-07 01:42:57,229 [Listener at 0.0.0.0/15487] INFO  grpc.GrpcConfigKeys (ConfUtils.java:logGet(44)) - raft.grpc.admin.port = -1 (default)
2021-07-07 01:42:57,229 [Listener at 0.0.0.0/15487] INFO  grpc.GrpcConfigKeys (ConfUtils.java:logGet(44)) - raft.grpc.server.port = 15494 (custom)
2021-07-07 01:42:57,229 [Listener at 0.0.0.0/15487] INFO  grpc.GrpcConfigKeys (ConfUtils.java:logGet(44)) - raft.grpc.client.port = -1 (default)
2021-07-07 01:42:57,230 [Listener at 0.0.0.0/15487] INFO  grpc.GrpcConfigKeys (ConfUtils.java:logGet(44)) - raft.grpc.server.port = 15494 (custom)
2021-07-07 01:42:57,230 [Listener at 0.0.0.0/15487] INFO  grpc.GrpcConfigKeys (ConfUtils.java:logGet(44)) - raft.grpc.server.port = 15494 (custom)
2021-07-07 01:42:57,230 [Listener at 0.0.0.0/15487] INFO  server.GrpcService (ConfUtils.java:logGet(44)) - raft.grpc.message.size.max = 32m (=33554432) (custom)
2021-07-07 01:42:57,230 [Listener at 0.0.0.0/15487] INFO  server.RaftServerConfigKeys (ConfUtils.java:logGet(44)) - raft.server.log.appender.buffer.byte-limit = 33554432 (custom)
2021-07-07 01:42:57,230 [Listener at 0.0.0.0/15487] INFO  server.GrpcService (ConfUtils.java:logGet(44)) - raft.grpc.flow.control.window = 1MB (=1048576) (default)
2021-07-07 01:42:57,230 [Listener at 0.0.0.0/15487] INFO  server.RaftServerConfigKeys (ConfUtils.java:logGet(44)) - raft.server.rpc.request.timeout = 30000ms (custom)
2021-07-07 01:42:57,232 [Listener at 0.0.0.0/15487] INFO  impl.DataStreamServerImpl (ConfUtils.java:logGet(44)) - raft.datastream.type = DISABLED (default)
2021-07-07 01:42:57,232 [Listener at 0.0.0.0/15487] INFO  server.RaftServerConfigKeys (ConfUtils.java:logGet(44)) - raft.server.rpc.slowness.timeout = 120000ms (custom)
2021-07-07 01:42:57,232 [Listener at 0.0.0.0/15487] INFO  server.RaftServerConfigKeys (ConfUtils.java:logGet(44)) - raft.server.leaderelection.leader.step-down.wait-time = 10s (default)
2021-07-07 01:42:57,232 [Listener at 0.0.0.0/15487] INFO  server.RaftServerConfigKeys (ConfUtils.java:logGet(44)) - raft.server.storage.dir = [/home/runner/work/ozone/ozone/mnt/ozone/hadoop-ozone/integration-test/target/test-dir/MiniOzoneClusterImpl-1d7024f8-a0c4-4e84-a8d8-f49eec7f6d62/scmNode-2/scm-ha] (custom)
2021-07-07 01:42:57,233 [Listener at 0.0.0.0/15487] INFO  server.RaftServer (RaftServerProxy.java:addNew(95)) - 1f826664-c1d0-47b0-99bc-11cdaf7ce5a3: addNew group-F49EEC7F6D62:[] returns group-F49EEC7F6D62:java.util.concurrent.CompletableFuture@7ef9ce2b[Not completed]
2021-07-07 01:42:57,233 [pool-194-thread-1] INFO  server.RaftServer$Division (RaftServerImpl.java:<init>(180)) - 1f826664-c1d0-47b0-99bc-11cdaf7ce5a3: new RaftServerImpl for group-F49EEC7F6D62:[] with SCMStateMachine:uninitialized
2021-07-07 01:42:57,234 [pool-194-thread-1] INFO  server.RaftServerConfigKeys (ConfUtils.java:logGet(44)) - raft.server.rpc.timeout.min = 5000ms (custom)
2021-07-07 01:42:57,234 [pool-194-thread-1] INFO  server.RaftServerConfigKeys (ConfUtils.java:logGet(44)) - raft.server.rpc.timeout.max = 5200ms (custom)
2021-07-07 01:42:57,234 [pool-194-thread-1] INFO  server.RaftServerConfigKeys (ConfUtils.java:logGet(44)) - raft.server.rpc.sleep.time = 25ms (default)
2021-07-07 01:42:57,234 [pool-194-thread-1] INFO  server.RaftServerConfigKeys (ConfUtils.java:logGet(44)) - raft.server.rpc.slowness.timeout = 120000ms (custom)
2021-07-07 01:42:57,235 [pool-194-thread-1] INFO  server.RaftServerConfigKeys (ConfUtils.java:logGet(44)) - raft.server.leaderelection.leader.step-down.wait-time = 10s (default)
2021-07-07 01:42:57,235 [pool-194-thread-1] INFO  server.RaftServerConfigKeys (ConfUtils.java:logGet(44)) - raft.server.sleep.deviation.threshold = 300ms (default)
2021-07-07 01:42:57,235 [pool-194-thread-1] INFO  server.RaftServerConfigKeys (ConfUtils.java:logGet(44)) - raft.server.log.appender.install.snapshot.enabled = false (custom)
2021-07-07 01:42:57,235 [pool-194-thread-1] INFO  server.RaftServer$Division (ServerState.java:<init>(105)) - 1f826664-c1d0-47b0-99bc-11cdaf7ce5a3@group-F49EEC7F6D62: ConfigurationManager, init=-1: [], old=null, confs=<EMPTY_MAP>
2021-07-07 01:42:57,235 [pool-194-thread-1] INFO  server.RaftServerConfigKeys (ConfUtils.java:logGet(44)) - raft.server.storage.dir = [/home/runner/work/ozone/ozone/mnt/ozone/hadoop-ozone/integration-test/target/test-dir/MiniOzoneClusterImpl-1d7024f8-a0c4-4e84-a8d8-f49eec7f6d62/scmNode-2/scm-ha] (custom)
2021-07-07 01:42:57,235 [pool-194-thread-1] INFO  server.RaftServerConfigKeys (ConfUtils.java:logGet(44)) - raft.server.log.corruption.policy = EXCEPTION (default)
2021-07-07 01:42:57,235 [pool-194-thread-1] INFO  storage.RaftStorageDirectory (RaftStorageDirectoryImpl.java:analyzeStorage(132)) - The storage directory /home/runner/work/ozone/ozone/mnt/ozone/hadoop-ozone/integration-test/target/test-dir/MiniOzoneClusterImpl-1d7024f8-a0c4-4e84-a8d8-f49eec7f6d62/scmNode-2/scm-ha/1d7024f8-a0c4-4e84-a8d8-f49eec7f6d62 does not exist. Creating ...
2021-07-07 01:42:57,236 [pool-194-thread-1] INFO  storage.RaftStorageDirectory (RaftStorageDirectoryImpl.java:tryLock(215)) - Lock on /home/runner/work/ozone/ozone/mnt/ozone/hadoop-ozone/integration-test/target/test-dir/MiniOzoneClusterImpl-1d7024f8-a0c4-4e84-a8d8-f49eec7f6d62/scmNode-2/scm-ha/1d7024f8-a0c4-4e84-a8d8-f49eec7f6d62/in_use.lock acquired by nodename 8524@fv-az148-456
2021-07-07 01:42:57,238 [pool-194-thread-1] INFO  storage.RaftStorage (RaftStorageImpl.java:format(87)) - Storage directory /home/runner/work/ozone/ozone/mnt/ozone/hadoop-ozone/integration-test/target/test-dir/MiniOzoneClusterImpl-1d7024f8-a0c4-4e84-a8d8-f49eec7f6d62/scmNode-2/scm-ha/1d7024f8-a0c4-4e84-a8d8-f49eec7f6d62 has been successfully formatted.
2021-07-07 01:42:57,238 [pool-194-thread-1] INFO  server.RaftServerConfigKeys (ConfUtils.java:logGet(44)) - raft.server.notification.no-leader.timeout = 60s (default)
2021-07-07 01:42:57,239 [pool-194-thread-1] INFO  server.RaftServerConfigKeys (ConfUtils.java:logGet(44)) - raft.server.log.use.memory = false (default)
2021-07-07 01:42:57,239 [pool-194-thread-1] INFO  server.RaftServerConfigKeys (ConfUtils.java:logGet(44)) - raft.server.log.purge.gap = 5 (custom)
2021-07-07 01:42:57,239 [pool-194-thread-1] INFO  server.RaftServerConfigKeys (ConfUtils.java:logGet(44)) - raft.server.log.appender.buffer.byte-limit = 33554432 (custom)
2021-07-07 01:42:57,239 [pool-194-thread-1] INFO  metrics.RatisMetrics (RatisMetrics.java:lambda$create$0(36)) - Creating Metrics Registry : ratis.log_worker.1f826664-c1d0-47b0-99bc-11cdaf7ce5a3@group-F49EEC7F6D62
2021-07-07 01:42:57,239 [pool-194-thread-1] INFO  server.RaftServerConfigKeys (ConfUtils.java:logGet(44)) - raft.server.log.segment.size.max = 16384 (custom)
2021-07-07 01:42:57,240 [pool-194-thread-1] INFO  server.RaftServerConfigKeys (ConfUtils.java:logGet(44)) - raft.server.log.segment.cache.num.max = 2 (custom)
2021-07-07 01:42:57,240 [pool-194-thread-1] INFO  server.RaftServerConfigKeys (ConfUtils.java:logGet(44)) - raft.server.log.segment.cache.size.max = 200MB (=209715200) (default)
2021-07-07 01:42:57,240 [pool-194-thread-1] INFO  segmented.SegmentedRaftLogWorker (SegmentedRaftLogWorker.java:<init>(182)) - new 1f826664-c1d0-47b0-99bc-11cdaf7ce5a3@group-F49EEC7F6D62-SegmentedRaftLogWorker for RaftStorageImpl:Storage Directory /home/runner/work/ozone/ozone/mnt/ozone/hadoop-ozone/integration-test/target/test-dir/MiniOzoneClusterImpl-1d7024f8-a0c4-4e84-a8d8-f49eec7f6d62/scmNode-2/scm-ha/1d7024f8-a0c4-4e84-a8d8-f49eec7f6d62
2021-07-07 01:42:57,240 [pool-194-thread-1] INFO  server.RaftServerConfigKeys (ConfUtils.java:logGet(44)) - raft.server.log.queue.byte-limit = 64MB (=67108864) (default)
2021-07-07 01:42:57,240 [pool-194-thread-1] INFO  server.RaftServerConfigKeys (ConfUtils.java:logGet(44)) - raft.server.log.queue.element-limit = 4096 (default)
2021-07-07 01:42:57,240 [pool-194-thread-1] INFO  server.RaftServerConfigKeys (ConfUtils.java:logGet(44)) - raft.server.log.segment.size.max = 16384 (custom)
2021-07-07 01:42:57,240 [pool-194-thread-1] INFO  server.RaftServerConfigKeys (ConfUtils.java:logGet(44)) - raft.server.log.preallocated.size = 16384 (custom)
2021-07-07 01:42:57,240 [pool-194-thread-1] INFO  server.RaftServerConfigKeys (ConfUtils.java:logGet(44)) - raft.server.log.force.sync.num = 128 (default)
2021-07-07 01:42:57,240 [pool-194-thread-1] INFO  server.RaftServerConfigKeys (ConfUtils.java:logGet(44)) - raft.server.log.statemachine.data.sync = true (default)
2021-07-07 01:42:57,240 [pool-194-thread-1] INFO  server.RaftServerConfigKeys (ConfUtils.java:logGet(44)) - raft.server.log.statemachine.data.sync.timeout = 10s (default)
2021-07-07 01:42:57,240 [pool-194-thread-1] INFO  server.RaftServerConfigKeys (ConfUtils.java:logGet(44)) - raft.server.log.statemachine.data.sync.timeout.retry = -1 (default)
2021-07-07 01:42:57,241 [pool-194-thread-1] INFO  server.RaftServerConfigKeys (ConfUtils.java:logGet(44)) - raft.server.log.write.buffer.size = 64KB (=65536) (default)
2021-07-07 01:42:57,241 [pool-194-thread-1] INFO  server.RaftServerConfigKeys (ConfUtils.java:logGet(44)) - raft.server.log.statemachine.data.caching.enabled = false (default)
2021-07-07 01:42:57,241 [pool-194-thread-1] INFO  segmented.SegmentedRaftLogWorker (SegmentedRaftLogWorker.java:lambda$new$0(133)) - 1f826664-c1d0-47b0-99bc-11cdaf7ce5a3@group-F49EEC7F6D62-SegmentedRaftLogWorker: flushIndex: setUnconditionally 0 -> -1
2021-07-07 01:42:57,241 [pool-194-thread-1] INFO  segmented.SegmentedRaftLogWorker (SegmentedRaftLogWorker.java:lambda$new$0(133)) - 1f826664-c1d0-47b0-99bc-11cdaf7ce5a3@group-F49EEC7F6D62-SegmentedRaftLogWorker: safeCacheEvictIndex: setUnconditionally 0 -> -1
2021-07-07 01:42:57,241 [pool-194-thread-1] INFO  server.RaftServerConfigKeys (ConfUtils.java:logGet(44)) - raft.server.snapshot.auto.trigger.enabled = true (custom)
2021-07-07 01:42:57,241 [pool-194-thread-1] INFO  server.RaftServerConfigKeys (ConfUtils.java:logGet(44)) - raft.server.snapshot.auto.trigger.threshold = 5 (custom)
2021-07-07 01:42:57,241 [pool-194-thread-1] INFO  server.RaftServerConfigKeys (ConfUtils.java:logGet(44)) - raft.server.snapshot.retention.file.num = -1 (default)
2021-07-07 01:42:57,241 [pool-194-thread-1] INFO  server.RaftServerConfigKeys (ConfUtils.java:logGet(44)) - raft.server.log.purge.upto.snapshot.index = true (custom)
2021-07-07 01:42:57,241 [pool-194-thread-1] INFO  server.RaftServerConfigKeys (ConfUtils.java:logGet(44)) - raft.server.retrycache.expirytime = 60000ms (default)
2021-07-07 01:42:57,241 [pool-194-thread-1] INFO  server.RaftServerConfigKeys (ConfUtils.java:logGet(44)) - raft.server.retrycache.statistics.expirytime = 100μs (default)
2021-07-07 01:42:57,242 [pool-194-thread-1] INFO  metrics.RatisMetrics (RatisMetrics.java:lambda$create$0(36)) - Creating Metrics Registry : ratis.leader_election.1f826664-c1d0-47b0-99bc-11cdaf7ce5a3@group-F49EEC7F6D62
2021-07-07 01:42:57,242 [pool-194-thread-1] INFO  metrics.RatisMetrics (RatisMetrics.java:lambda$create$0(36)) - Creating Metrics Registry : ratis.server.1f826664-c1d0-47b0-99bc-11cdaf7ce5a3@group-F49EEC7F6D62
2021-07-07 01:42:57,242 [Listener at 0.0.0.0/15487] INFO  ha.SCMSnapshotProvider (SCMSnapshotProvider.java:<init>(66)) - Initializing SCM Snapshot Provider
2021-07-07 01:42:57,242 [Listener at 0.0.0.0/15487] WARN  server.ServerUtils (ServerUtils.java:getDefaultRatisDirectory(237)) - Storage directory for Ratis is not configured. It is a good idea to map this to an SSD disk. Falling back to ozone.metadata.dirs
2021-07-07 01:42:57,243 [Listener at 0.0.0.0/15487] WARN  ha.SCMHAUtils (SCMHAUtils.java:getSCMRatisSnapshotDirectory(142)) - SCM snapshot dir is not configured. Falling back to ozone.metadata.dirs config
2021-07-07 01:42:57,244 [Listener at 0.0.0.0/15487] INFO  ha.SequenceIdGenerator (SequenceIdGenerator.java:upgradeToSequenceId(327)) - upgrade localId to 107544261427200000
2021-07-07 01:42:57,244 [Listener at 0.0.0.0/15487] INFO  ha.SequenceIdGenerator (SequenceIdGenerator.java:upgradeToSequenceId(337)) - upgrade delTxnId to 0
2021-07-07 01:42:57,244 [Listener at 0.0.0.0/15487] INFO  ha.SequenceIdGenerator (SequenceIdGenerator.java:upgradeToSequenceId(351)) - upgrade containerId to 0
2021-07-07 01:42:57,245 [Listener at 0.0.0.0/15487] INFO  ha.SequenceIdGenerator (SequenceIdGenerator.java:<init>(217)) - Init the HA SequenceIdGenerator.
2021-07-07 01:42:57,245 [Listener at 0.0.0.0/15487] WARN  server.ServerUtils (ServerUtils.java:sanitizeUserArgs(73)) - ozone.scm.stale.node.interval value = 300000 is larger than max = 100000 based on the key value of ozone.scm.heartbeat.thread.interval, reset to the max value 100000.
2021-07-07 01:42:57,245 [Listener at 0.0.0.0/15487] WARN  server.ServerUtils (ServerUtils.java:sanitizeUserArgs(73)) - ozone.scm.stale.node.interval value = 300000 is larger than max = 100000 based on the key value of ozone.scm.heartbeat.thread.interval, reset to the max value 100000.
2021-07-07 01:42:57,245 [Listener at 0.0.0.0/15487] INFO  node.SCMNodeManager (SCMNodeManager.java:<init>(125)) - Entering startup safe mode.
2021-07-07 01:42:57,246 [Listener at 0.0.0.0/15487] INFO  algorithms.ContainerPlacementPolicyFactory (ContainerPlacementPolicyFactory.java:getPolicy(60)) - Create container placement policy of type org.apache.hadoop.hdds.scm.container.placement.algorithms.SCMContainerPlacementRandom
2021-07-07 01:42:57,246 [Listener at 0.0.0.0/15487] INFO  pipeline.PipelineStateManager (PipelineStateManagerV2Impl.java:initialize(78)) - No pipeline exists in current db
2021-07-07 01:42:57,246 [Listener at 0.0.0.0/15487] INFO  algorithms.LeaderChoosePolicyFactory (LeaderChoosePolicyFactory.java:getPolicy(57)) - Create leader choose policy of type org.apache.hadoop.hdds.scm.pipeline.leader.choose.algorithms.MinLeaderCountChoosePolicy
2021-07-07 01:42:57,247 [Listener at 0.0.0.0/15487] INFO  ha.SCMServiceManager (SCMServiceManager.java:register(43)) - Registering service BackgroundPipelineCreator.
2021-07-07 01:42:57,247 [Listener at 0.0.0.0/15487] INFO  pipeline.BackgroundPipelineCreator (BackgroundPipelineCreatorV2.java:start(130)) - Starting RatisPipelineUtilsThread.
2021-07-07 01:42:57,248 [Listener at 0.0.0.0/15487] INFO  algorithms.PipelineChoosePolicyFactory (PipelineChoosePolicyFactory.java:createPipelineChoosePolicyFromClass(73)) - Create pipeline choose policy of type org.apache.hadoop.hdds.scm.pipeline.choose.algorithms.RandomPipelineChoosePolicy
2021-07-07 01:42:57,248 [Listener at 0.0.0.0/15487] INFO  ha.SCMServiceManager (SCMServiceManager.java:register(43)) - Registering service SCMBlockDeletingService.
2021-07-07 01:42:57,248 [Listener at 0.0.0.0/15487] INFO  ha.SCMServiceManager (SCMServiceManager.java:register(43)) - Registering service ReplicationManager.
2021-07-07 01:42:57,249 [Listener at 0.0.0.0/15487] INFO  container.ReplicationManager (ReplicationManager.java:start(219)) - Starting Replication Monitor Thread.
2021-07-07 01:42:57,250 [Listener at 0.0.0.0/15487] INFO  safemode.ContainerSafeModeRule (ContainerSafeModeRule.java:<init>(89)) - containers with one replica threshold count 0
2021-07-07 01:42:57,250 [Listener at 0.0.0.0/15487] INFO  safemode.HealthyPipelineSafeModeRule (HealthyPipelineSafeModeRule.java:initializeRule(156)) - Total pipeline count is 0, healthy pipeline threshold count is 1
2021-07-07 01:42:57,251 [Listener at 0.0.0.0/15487] INFO  safemode.OneReplicaPipelineSafeModeRule (OneReplicaPipelineSafeModeRule.java:initializeRule(180)) - Total pipeline count is 0, pipeline's with at least one datanode reported threshold count is 0
2021-07-07 01:42:57,252 [Listener at 0.0.0.0/15487] INFO  ipc.CallQueueManager (CallQueueManager.java:<init>(85)) - Using callQueue: class java.util.concurrent.LinkedBlockingQueue, queueCapacity: 2000, scheduler: class org.apache.hadoop.ipc.DefaultRpcScheduler, ipcBackoff: false.
2021-07-07 01:42:57,256 [ReplicationMonitor] INFO  container.ReplicationManager (ReplicationManager.java:run(283)) - Replication Monitor Thread took 1 milliseconds for processing 0 containers.
2021-07-07 01:42:57,257 [Listener at 0.0.0.0/15495] INFO  ipc.CallQueueManager (CallQueueManager.java:<init>(85)) - Using callQueue: class java.util.concurrent.LinkedBlockingQueue, queueCapacity: 2000, scheduler: class org.apache.hadoop.ipc.DefaultRpcScheduler, ipcBackoff: false.
2021-07-07 01:42:57,257 [Socket Reader #1 for port 15495] INFO  ipc.Server (Server.java:run(1255)) - Starting Socket Reader #1 for port 15495
2021-07-07 01:42:57,264 [Socket Reader #1 for port 15496] INFO  ipc.Server (Server.java:run(1255)) - Starting Socket Reader #1 for port 15496
2021-07-07 01:42:57,266 [Listener at 0.0.0.0/15496] INFO  ipc.CallQueueManager (CallQueueManager.java:<init>(85)) - Using callQueue: class java.util.concurrent.LinkedBlockingQueue, queueCapacity: 2000, scheduler: class org.apache.hadoop.ipc.DefaultRpcScheduler, ipcBackoff: false.
2021-07-07 01:42:57,267 [Socket Reader #1 for port 15497] INFO  ipc.Server (Server.java:run(1255)) - Starting Socket Reader #1 for port 15497
2021-07-07 01:42:57,286 [Listener at 0.0.0.0/15497] INFO  server.StorageContainerManager (StorageContainerManager.java:<init>(363)) - 
Container Balancer status:
Key                            Value
Running                        true
Container Balancer Configuration values:
Key                            Value
Threshold                      0.1
Max Datanodes to Balance       5
Max Size to Move               10737418240B

2021-07-07 01:42:57,286 [Listener at 0.0.0.0/15497] WARN  events.EventQueue (EventQueue.java:fireEvent(194)) - No event handler registered for event TypedEvent{payloadType=SafeModeStatus, name='Safe mode status'}
2021-07-07 01:42:57,286 [Listener at 0.0.0.0/15497] INFO  ha.SCMContext (SCMContext.java:updateSafeModeStatus(208)) - Update SafeModeStatus from SafeModeStatus{safeModeStatus=true, preCheckPassed=false} to SafeModeStatus{safeModeStatus=true, preCheckPassed=false}.
2021-07-07 01:42:57,287 [Listener at 0.0.0.0/15497] INFO  server.StorageContainerManager (StorageContainerManager.java:start(1214)) - StorageContainerLocationProtocol RPC server is listening at /0.0.0.0:15497
2021-07-07 01:42:57,287 [Listener at 0.0.0.0/15497] INFO  ha.SCMRatisServerImpl (SCMRatisServerImpl.java:start(170)) - starting ratis server 0.0.0.0:15494
2021-07-07 01:42:57,287 [Listener at 0.0.0.0/15497] INFO  server.RaftServer$Division (RaftServerImpl.java:start(298)) - 1f826664-c1d0-47b0-99bc-11cdaf7ce5a3@group-F49EEC7F6D62: start with initializing state, conf=-1: [], old=null
2021-07-07 01:42:57,287 [Listener at 0.0.0.0/15497] INFO  server.RaftServer$Division (RaftServerImpl.java:setRole(284)) - 1f826664-c1d0-47b0-99bc-11cdaf7ce5a3@group-F49EEC7F6D62: changes role from      null to FOLLOWER at term 0 for startInitializing
2021-07-07 01:42:57,288 [Listener at 0.0.0.0/15497] INFO  util.JmxRegister (JmxRegister.java:tryRegister(44)) - Successfully registered JMX Bean with object name Ratis:service=RaftServer,group=group-F49EEC7F6D62,id=1f826664-c1d0-47b0-99bc-11cdaf7ce5a3
2021-07-07 01:42:57,288 [Listener at 0.0.0.0/15497] INFO  metrics.RatisMetrics (RatisMetrics.java:lambda$create$0(36)) - Creating Metrics Registry : ratis.state_machine.1f826664-c1d0-47b0-99bc-11cdaf7ce5a3@group-F49EEC7F6D62
2021-07-07 01:42:57,292 [Listener at 0.0.0.0/15497] INFO  server.RaftServer (RaftServerProxy.java:lambda$start$5(374)) - 1f826664-c1d0-47b0-99bc-11cdaf7ce5a3: start RPC server
2021-07-07 01:42:57,294 [Listener at 0.0.0.0/15497] INFO  server.GrpcService (GrpcService.java:startImpl(253)) - 1f826664-c1d0-47b0-99bc-11cdaf7ce5a3: GrpcService started, listening on 15494
2021-07-07 01:42:57,296 [Listener at 0.0.0.0/15497] INFO  ha.SCMNodeInfo (SCMNodeInfo.java:getPort(197)) - ConfigKey ozone.scm.client.address is deprecated, For configuring different ports for each SCM use PortConfigKey ozone.scm.client.port appended with serviceId and nodeId
2021-07-07 01:42:57,296 [Listener at 0.0.0.0/15497] INFO  ha.SCMNodeInfo (SCMNodeInfo.java:getPort(197)) - ConfigKey ozone.scm.block.client.address is deprecated, For configuring different ports for each SCM use PortConfigKey ozone.scm.block.client.port appended with serviceId and nodeId
2021-07-07 01:42:57,296 [Listener at 0.0.0.0/15497] INFO  ha.SCMNodeInfo (SCMNodeInfo.java:getPort(197)) - ConfigKey ozone.scm.datanode.address is deprecated, For configuring different ports for each SCM use PortConfigKey ozone.scm.datanode.port appended with serviceId and nodeId
2021-07-07 01:42:57,296 [Listener at 0.0.0.0/15497] INFO  ha.SCMNodeInfo (SCMNodeInfo.java:getPort(197)) - ConfigKey ozone.scm.client.address is deprecated, For configuring different ports for each SCM use PortConfigKey ozone.scm.client.port appended with serviceId and nodeId
2021-07-07 01:42:57,296 [Listener at 0.0.0.0/15497] INFO  ha.SCMNodeInfo (SCMNodeInfo.java:getPort(197)) - ConfigKey ozone.scm.block.client.address is deprecated, For configuring different ports for each SCM use PortConfigKey ozone.scm.block.client.port appended with serviceId and nodeId
2021-07-07 01:42:57,296 [Listener at 0.0.0.0/15497] INFO  ha.SCMNodeInfo (SCMNodeInfo.java:getPort(197)) - ConfigKey ozone.scm.datanode.address is deprecated, For configuring different ports for each SCM use PortConfigKey ozone.scm.datanode.port appended with serviceId and nodeId
2021-07-07 01:42:57,296 [Listener at 0.0.0.0/15497] INFO  ha.SCMNodeInfo (SCMNodeInfo.java:getPort(197)) - ConfigKey ozone.scm.client.address is deprecated, For configuring different ports for each SCM use PortConfigKey ozone.scm.client.port appended with serviceId and nodeId
2021-07-07 01:42:57,297 [Listener at 0.0.0.0/15497] INFO  ha.SCMNodeInfo (SCMNodeInfo.java:getPort(197)) - ConfigKey ozone.scm.block.client.address is deprecated, For configuring different ports for each SCM use PortConfigKey ozone.scm.block.client.port appended with serviceId and nodeId
2021-07-07 01:42:57,297 [Listener at 0.0.0.0/15497] INFO  ha.SCMNodeInfo (SCMNodeInfo.java:getPort(197)) - ConfigKey ozone.scm.datanode.address is deprecated, For configuring different ports for each SCM use PortConfigKey ozone.scm.datanode.port appended with serviceId and nodeId
2021-07-07 01:42:57,298 [org.apache.ratis.util.JvmPauseMonitor$$Lambda$493/611739613@5f385ee9] INFO  util.JvmPauseMonitor (JvmPauseMonitor.java:run(103)) - JvmPauseMonitor-1f826664-c1d0-47b0-99bc-11cdaf7ce5a3: Started
2021-07-07 01:42:57,300 [IPC Server handler 2 on default port 15486] INFO  ha.SCMRatisServerImpl (SCMRatisServerImpl.java:addSCM(280)) - 9bc33821-a41f-4857-8348-6c15ba9d7e69: Submitting SetConfiguration request to Ratis server with new SCM peers list: [9bc33821-a41f-4857-8348-6c15ba9d7e69|rpc:localhost:15484|admin:|client:|dataStream:|priority:0, 1f826664-c1d0-47b0-99bc-11cdaf7ce5a3|rpc:localhost:15494|priority:0]
2021-07-07 01:42:57,300 [IPC Server handler 2 on default port 15486] INFO  server.RaftServer$Division (RaftServerImpl.java:setConfigurationAsync(970)) - 9bc33821-a41f-4857-8348-6c15ba9d7e69@group-F49EEC7F6D62: receive setConfiguration SetConfigurationRequest:client-47B403A5B6C7->9bc33821-a41f-4857-8348-6c15ba9d7e69@group-F49EEC7F6D62, cid=0, seq=0, RW, null, peers:[9bc33821-a41f-4857-8348-6c15ba9d7e69|rpc:localhost:15484|admin:|client:|dataStream:|priority:0, 1f826664-c1d0-47b0-99bc-11cdaf7ce5a3|rpc:localhost:15494|priority:0]
2021-07-07 01:42:57,300 [IPC Server handler 2 on default port 15486] INFO  server.RaftServer$Division (LeaderStateImpl.java:startSetConfiguration(345)) - 9bc33821-a41f-4857-8348-6c15ba9d7e69@group-F49EEC7F6D62-LeaderStateImpl: startSetConfiguration SetConfigurationRequest:client-47B403A5B6C7->9bc33821-a41f-4857-8348-6c15ba9d7e69@group-F49EEC7F6D62, cid=0, seq=0, RW, null, peers:[9bc33821-a41f-4857-8348-6c15ba9d7e69|rpc:localhost:15484|admin:|client:|dataStream:|priority:0, 1f826664-c1d0-47b0-99bc-11cdaf7ce5a3|rpc:localhost:15494|priority:0]
2021-07-07 01:42:57,300 [IPC Server handler 2 on default port 15486] INFO  server.RaftServerConfigKeys (ConfUtils.java:logGet(44)) - raft.server.log.appender.snapshot.chunk.size.max = 16MB (=16777216) (default)
2021-07-07 01:42:57,300 [IPC Server handler 2 on default port 15486] INFO  server.RaftServerConfigKeys (ConfUtils.java:logGet(44)) - raft.server.log.appender.buffer.byte-limit = 33554432 (custom)
2021-07-07 01:42:57,300 [IPC Server handler 2 on default port 15486] INFO  server.RaftServerConfigKeys (ConfUtils.java:logGet(44)) - raft.server.log.appender.buffer.element-limit = 33554432 (custom)
2021-07-07 01:42:57,390 [IPC Server handler 2 on default port 15486] INFO  grpc.GrpcConfigKeys (ConfUtils.java:logGet(44)) - raft.grpc.server.leader.outstanding.appends.max = 128 (default)
2021-07-07 01:42:57,391 [IPC Server handler 2 on default port 15486] INFO  server.RaftServerConfigKeys (ConfUtils.java:logGet(44)) - raft.server.rpc.request.timeout = 30000ms (custom)
2021-07-07 01:42:57,391 [IPC Server handler 2 on default port 15486] INFO  server.RaftServerConfigKeys (ConfUtils.java:logGet(44)) - raft.server.log.appender.install.snapshot.enabled = false (custom)
2021-07-07 01:42:57,391 [IPC Server handler 2 on default port 15486] INFO  metrics.RatisMetrics (RatisMetrics.java:lambda$create$0(36)) - Creating Metrics Registry : ratis_grpc.log_appender.9bc33821-a41f-4857-8348-6c15ba9d7e69@group-F49EEC7F6D62
2021-07-07 01:42:57,398 [grpc-default-executor-1] INFO  metrics.RatisMetrics (RatisMetrics.java:lambda$create$0(36)) - Creating Metrics Registry : ratis.server_message_metrics.1f826664-c1d0-47b0-99bc-11cdaf7ce5a3
2021-07-07 01:42:57,401 [grpc-default-executor-1] INFO  ha.SCMStateMachine (SCMStateMachine.java:notifyLeaderChanged(248)) - leader changed, yet current SCM is still follower.
2021-07-07 01:42:57,401 [grpc-default-executor-1] INFO  server.RaftServer$Division (ServerState.java:setLeader(271)) - 1f826664-c1d0-47b0-99bc-11cdaf7ce5a3@group-F49EEC7F6D62: change Leader from null to 9bc33821-a41f-4857-8348-6c15ba9d7e69 at term 2 for appendEntries, leader elected after 162ms
2021-07-07 01:42:57,402 [grpc-default-executor-1] INFO  impl.RoleInfo (RoleInfo.java:updateAndGet(130)) - 1f826664-c1d0-47b0-99bc-11cdaf7ce5a3: start 1f826664-c1d0-47b0-99bc-11cdaf7ce5a3@group-F49EEC7F6D62-FollowerState
2021-07-07 01:42:57,404 [grpc-default-executor-1] INFO  server.RaftServer$Division (ServerState.java:setRaftConf(373)) - 1f826664-c1d0-47b0-99bc-11cdaf7ce5a3@group-F49EEC7F6D62: set configuration 0: [9bc33821-a41f-4857-8348-6c15ba9d7e69|rpc:localhost:15484|admin:|client:|dataStream:|priority:0], old=null
2021-07-07 01:42:57,404 [grpc-default-executor-1] INFO  server.RaftServer$Division (ServerState.java:setRaftConf(373)) - 1f826664-c1d0-47b0-99bc-11cdaf7ce5a3@group-F49EEC7F6D62: set configuration 1: [9bc33821-a41f-4857-8348-6c15ba9d7e69|rpc:localhost:15484|admin:|client:|dataStream:|priority:0], old=null
2021-07-07 01:42:57,404 [grpc-default-executor-1] INFO  segmented.SegmentedRaftLogWorker (SegmentedRaftLogWorker.java:startLogSegment(394)) - 1f826664-c1d0-47b0-99bc-11cdaf7ce5a3@group-F49EEC7F6D62-SegmentedRaftLogWorker: Starting segment from index:0
2021-07-07 01:42:57,404 [grpc-default-executor-1] INFO  segmented.SegmentedRaftLogWorker (SegmentedRaftLogWorker.java:rollLogSegment(399)) - 1f826664-c1d0-47b0-99bc-11cdaf7ce5a3@group-F49EEC7F6D62-SegmentedRaftLogWorker: Rolling segment log-0_0 to index:0
2021-07-07 01:42:57,407 [1f826664-c1d0-47b0-99bc-11cdaf7ce5a3@group-F49EEC7F6D62-SegmentedRaftLogWorker] INFO  segmented.SegmentedRaftLogWorker (SegmentedRaftLogWorker.java:execute(601)) - 1f826664-c1d0-47b0-99bc-11cdaf7ce5a3@group-F49EEC7F6D62-SegmentedRaftLogWorker: created new log segment /home/runner/work/ozone/ozone/mnt/ozone/hadoop-ozone/integration-test/target/test-dir/MiniOzoneClusterImpl-1d7024f8-a0c4-4e84-a8d8-f49eec7f6d62/scmNode-2/scm-ha/1d7024f8-a0c4-4e84-a8d8-f49eec7f6d62/current/log_inprogress_0
2021-07-07 01:42:57,407 [1f826664-c1d0-47b0-99bc-11cdaf7ce5a3@group-F49EEC7F6D62-SegmentedRaftLogWorker] INFO  segmented.SegmentedRaftLogWorker (SegmentedRaftLogWorker.java:execute(558)) - 1f826664-c1d0-47b0-99bc-11cdaf7ce5a3@group-F49EEC7F6D62-SegmentedRaftLogWorker: Rolled log segment from /home/runner/work/ozone/ozone/mnt/ozone/hadoop-ozone/integration-test/target/test-dir/MiniOzoneClusterImpl-1d7024f8-a0c4-4e84-a8d8-f49eec7f6d62/scmNode-2/scm-ha/1d7024f8-a0c4-4e84-a8d8-f49eec7f6d62/current/log_inprogress_0 to /home/runner/work/ozone/ozone/mnt/ozone/hadoop-ozone/integration-test/target/test-dir/MiniOzoneClusterImpl-1d7024f8-a0c4-4e84-a8d8-f49eec7f6d62/scmNode-2/scm-ha/1d7024f8-a0c4-4e84-a8d8-f49eec7f6d62/current/log_0-0
2021-07-07 01:42:57,408 [1f826664-c1d0-47b0-99bc-11cdaf7ce5a3@group-F49EEC7F6D62-SegmentedRaftLogWorker] INFO  segmented.SegmentedRaftLogWorker (SegmentedRaftLogWorker.java:execute(601)) - 1f826664-c1d0-47b0-99bc-11cdaf7ce5a3@group-F49EEC7F6D62-SegmentedRaftLogWorker: created new log segment /home/runner/work/ozone/ozone/mnt/ozone/hadoop-ozone/integration-test/target/test-dir/MiniOzoneClusterImpl-1d7024f8-a0c4-4e84-a8d8-f49eec7f6d62/scmNode-2/scm-ha/1d7024f8-a0c4-4e84-a8d8-f49eec7f6d62/current/log_inprogress_1
2021-07-07 01:42:57,410 [1f826664-c1d0-47b0-99bc-11cdaf7ce5a3@group-F49EEC7F6D62-StateMachineUpdater] INFO  safemode.HealthyPipelineSafeModeRule (HealthyPipelineSafeModeRule.java:initializeRule(152)) - Refreshed total pipeline count is 0, healthy pipeline threshold count is 1
2021-07-07 01:42:57,410 [1f826664-c1d0-47b0-99bc-11cdaf7ce5a3@group-F49EEC7F6D62-StateMachineUpdater] INFO  safemode.ContainerSafeModeRule (ContainerSafeModeRule.java:reInitializeRule(177)) - Refreshed one replica container threshold 0, currentThreshold 0
2021-07-07 01:42:57,410 [1f826664-c1d0-47b0-99bc-11cdaf7ce5a3@group-F49EEC7F6D62-StateMachineUpdater] INFO  safemode.OneReplicaPipelineSafeModeRule (OneReplicaPipelineSafeModeRule.java:initializeRule(176)) - Refreshed Total pipeline count is 0, pipeline's with at least one datanode reported threshold count is 0
2021-07-07 01:42:57,410 [1f826664-c1d0-47b0-99bc-11cdaf7ce5a3@group-F49EEC7F6D62-StateMachineUpdater] INFO  server.SCMDatanodeProtocolServer (SCMDatanodeProtocolServer.java:start(177)) - RPC server for DataNodes is listening at /0.0.0.0:15495
2021-07-07 01:42:57,411 [IPC Server Responder] INFO  ipc.Server (Server.java:run(1497)) - IPC Server Responder: starting
2021-07-07 01:42:57,412 [9bc33821-a41f-4857-8348-6c15ba9d7e69@group-F49EEC7F6D62-LeaderStateImpl] INFO  server.RaftServer$Division (ServerState.java:setRaftConf(373)) - 9bc33821-a41f-4857-8348-6c15ba9d7e69@group-F49EEC7F6D62: set configuration 3: [9bc33821-a41f-4857-8348-6c15ba9d7e69|rpc:localhost:15484|admin:|client:|dataStream:|priority:0, 1f826664-c1d0-47b0-99bc-11cdaf7ce5a3|rpc:localhost:15494|priority:0], old=[9bc33821-a41f-4857-8348-6c15ba9d7e69|rpc:localhost:15484|admin:|client:|dataStream:|priority:0]
2021-07-07 01:42:57,413 [IPC Server listener on 15495] INFO  ipc.Server (Server.java:run(1334)) - IPC Server listener on 15495: starting
2021-07-07 01:42:57,416 [grpc-default-executor-1] INFO  server.RaftServer$Division (ServerState.java:setRaftConf(373)) - 1f826664-c1d0-47b0-99bc-11cdaf7ce5a3@group-F49EEC7F6D62: set configuration 3: [9bc33821-a41f-4857-8348-6c15ba9d7e69|rpc:localhost:15484|admin:|client:|dataStream:|priority:0, 1f826664-c1d0-47b0-99bc-11cdaf7ce5a3|rpc:localhost:15494|admin:|client:|dataStream:|priority:0], old=[9bc33821-a41f-4857-8348-6c15ba9d7e69|rpc:localhost:15484|admin:|client:|dataStream:|priority:0]
2021-07-07 01:42:57,420 [9bc33821-a41f-4857-8348-6c15ba9d7e69@group-F49EEC7F6D62-LeaderStateImpl] INFO  server.RaftServer$Division (ServerState.java:setRaftConf(373)) - 9bc33821-a41f-4857-8348-6c15ba9d7e69@group-F49EEC7F6D62: set configuration 5: [9bc33821-a41f-4857-8348-6c15ba9d7e69|rpc:localhost:15484|admin:|client:|dataStream:|priority:0, 1f826664-c1d0-47b0-99bc-11cdaf7ce5a3|rpc:localhost:15494|priority:0], old=null
2021-07-07 01:42:57,421 [grpc-default-executor-1] INFO  server.RaftServer$Division (ServerState.java:setRaftConf(373)) - 1f826664-c1d0-47b0-99bc-11cdaf7ce5a3@group-F49EEC7F6D62: set configuration 5: [9bc33821-a41f-4857-8348-6c15ba9d7e69|rpc:localhost:15484|admin:|client:|dataStream:|priority:0, 1f826664-c1d0-47b0-99bc-11cdaf7ce5a3|rpc:localhost:15494|admin:|client:|dataStream:|priority:0], old=null
2021-07-07 01:42:57,425 [IPC Server handler 2 on default port 15486] INFO  ha.SCMRatisServerImpl (SCMRatisServerImpl.java:addSCM(291)) - Successfully added new SCM: 1f826664-c1d0-47b0-99bc-11cdaf7ce5a3.
2021-07-07 01:42:57,426 [9bc33821-a41f-4857-8348-6c15ba9d7e69@group-F49EEC7F6D62-StateMachineUpdater] INFO  ha.SCMStateMachine (SCMStateMachine.java:takeSnapshot(290)) - Current Snapshot Index 5, takeSnapshot took 0 ms
2021-07-07 01:42:57,426 [9bc33821-a41f-4857-8348-6c15ba9d7e69@group-F49EEC7F6D62-StateMachineUpdater] INFO  impl.StateMachineUpdater (StateMachineUpdater.java:takeSnapshot(281)) - 9bc33821-a41f-4857-8348-6c15ba9d7e69@group-F49EEC7F6D62-StateMachineUpdater: Took a snapshot at index 5
2021-07-07 01:42:57,426 [Listener at 0.0.0.0/15497] INFO  ha.SCMHAManagerImpl (SCMHAManagerImpl.java:start(116)) - Successfully added SCM scmNode-2 to group group-F49EEC7F6D62:[9bc33821-a41f-4857-8348-6c15ba9d7e69|rpc:localhost:15484|admin:|client:|dataStream:|priority:0, 1f826664-c1d0-47b0-99bc-11cdaf7ce5a3|rpc:localhost:15494|admin:|client:|dataStream:|priority:0]
2021-07-07 01:42:57,426 [Listener at 0.0.0.0/15497] INFO  ha.InterSCMGrpcService (InterSCMGrpcProtocolService.java:start(94)) - Starting SCM Grpc Service at port 15498
2021-07-07 01:42:57,427 [Listener at 0.0.0.0/15497] INFO  impl.MetricsSystemImpl (MetricsSystemImpl.java:init(158)) - StorageContainerManager metrics system started (again)
2021-07-07 01:42:57,429 [9bc33821-a41f-4857-8348-6c15ba9d7e69@group-F49EEC7F6D62-StateMachineUpdater] INFO  impl.StateMachineUpdater (StateMachineUpdater.java:lambda$new$0(89)) - 9bc33821-a41f-4857-8348-6c15ba9d7e69@group-F49EEC7F6D62-StateMachineUpdater: snapshotIndex: updateIncreasingly -1 -> 5
2021-07-07 01:42:57,429 [9bc33821-a41f-4857-8348-6c15ba9d7e69@group-F49EEC7F6D62-StateMachineUpdater] INFO  raftlog.RaftLog (RaftLogBase.java:purge(306)) - 9bc33821-a41f-4857-8348-6c15ba9d7e69@group-F49EEC7F6D62-SegmentedRaftLog: purge 5
2021-07-07 01:42:57,429 [9bc33821-a41f-4857-8348-6c15ba9d7e69@group-F49EEC7F6D62-StateMachineUpdater] INFO  raftlog.RaftLog (RaftLogBase.java:lambda$new$0(53)) - 9bc33821-a41f-4857-8348-6c15ba9d7e69@group-F49EEC7F6D62-SegmentedRaftLog: snapshotIndex: updateIncreasingly -1 -> 5
2021-07-07 01:42:57,429 [9bc33821-a41f-4857-8348-6c15ba9d7e69@group-F49EEC7F6D62-SegmentedRaftLogWorker] INFO  raftlog.RaftLog (RaftLogBase.java:lambda$new$0(53)) - 9bc33821-a41f-4857-8348-6c15ba9d7e69@group-F49EEC7F6D62-SegmentedRaftLog: purgeIndex: updateToMax old=-1, new=0, updated? true
2021-07-07 01:42:57,431 [1f826664-c1d0-47b0-99bc-11cdaf7ce5a3@group-F49EEC7F6D62-StateMachineUpdater] INFO  ha.SCMStateMachine (SCMStateMachine.java:takeSnapshot(290)) - Current Snapshot Index 5, takeSnapshot took 0 ms
2021-07-07 01:42:57,431 [1f826664-c1d0-47b0-99bc-11cdaf7ce5a3@group-F49EEC7F6D62-StateMachineUpdater] INFO  impl.StateMachineUpdater (StateMachineUpdater.java:takeSnapshot(281)) - 1f826664-c1d0-47b0-99bc-11cdaf7ce5a3@group-F49EEC7F6D62-StateMachineUpdater: Took a snapshot at index 5
2021-07-07 01:42:57,431 [1f826664-c1d0-47b0-99bc-11cdaf7ce5a3@group-F49EEC7F6D62-StateMachineUpdater] INFO  impl.StateMachineUpdater (StateMachineUpdater.java:lambda$new$0(89)) - 1f826664-c1d0-47b0-99bc-11cdaf7ce5a3@group-F49EEC7F6D62-StateMachineUpdater: snapshotIndex: updateIncreasingly -1 -> 5
2021-07-07 01:42:57,431 [1f826664-c1d0-47b0-99bc-11cdaf7ce5a3@group-F49EEC7F6D62-StateMachineUpdater] INFO  raftlog.RaftLog (RaftLogBase.java:purge(306)) - 1f826664-c1d0-47b0-99bc-11cdaf7ce5a3@group-F49EEC7F6D62-SegmentedRaftLog: purge 5
2021-07-07 01:42:57,431 [1f826664-c1d0-47b0-99bc-11cdaf7ce5a3@group-F49EEC7F6D62-StateMachineUpdater] INFO  raftlog.RaftLog (RaftLogBase.java:lambda$new$0(53)) - 1f826664-c1d0-47b0-99bc-11cdaf7ce5a3@group-F49EEC7F6D62-SegmentedRaftLog: snapshotIndex: updateIncreasingly -1 -> 5
2021-07-07 01:42:57,432 [1f826664-c1d0-47b0-99bc-11cdaf7ce5a3@group-F49EEC7F6D62-SegmentedRaftLogWorker] INFO  raftlog.RaftLog (RaftLogBase.java:lambda$new$0(53)) - 1f826664-c1d0-47b0-99bc-11cdaf7ce5a3@group-F49EEC7F6D62-SegmentedRaftLog: purgeIndex: updateToMax old=-1, new=0, updated? true
2021-07-07 01:42:57,432 [Listener at 0.0.0.0/15497] INFO  server.SCMClientProtocolServer (SCMClientProtocolServer.java:start(163)) - RPC server for Client  is listening at /0.0.0.0:15497
2021-07-07 01:42:57,433 [IPC Server Responder] INFO  ipc.Server (Server.java:run(1497)) - IPC Server Responder: starting
2021-07-07 01:42:57,433 [IPC Server listener on 15497] INFO  ipc.Server (Server.java:run(1334)) - IPC Server listener on 15497: starting
2021-07-07 01:42:57,445 [Listener at 0.0.0.0/15497] INFO  server.StorageContainerManager (StorageContainerManager.java:start(1229)) - ScmBlockLocationProtocol RPC server is listening at /0.0.0.0:15496
2021-07-07 01:42:57,445 [Listener at 0.0.0.0/15497] INFO  server.SCMBlockProtocolServer (SCMBlockProtocolServer.java:start(151)) - RPC server for Block Protocol is listening at /0.0.0.0:15496
2021-07-07 01:42:57,447 [IPC Server Responder] INFO  ipc.Server (Server.java:run(1497)) - IPC Server Responder: starting
2021-07-07 01:42:57,447 [IPC Server listener on 15496] INFO  ipc.Server (Server.java:run(1334)) - IPC Server listener on 15496: starting
2021-07-07 01:42:57,454 [Listener at 0.0.0.0/15497] INFO  server.StorageContainerManager (StorageContainerManager.java:start(1235)) - ScmDatanodeProtocl RPC server is listening at /0.0.0.0:15495
2021-07-07 01:42:57,455 [org.apache.hadoop.util.JvmPauseMonitor$Monitor@e8fabad] INFO  util.JvmPauseMonitor (JvmPauseMonitor.java:run(188)) - Starting JVM pause monitor
2021-07-07 01:42:57,456 [Listener at 0.0.0.0/15497] INFO  http.BaseHttpServer (BaseHttpServer.java:newHttpServer2BuilderForOzone(209)) - Starting Web-server for scm at: http://0.0.0.0:15492
2021-07-07 01:42:57,456 [Listener at 0.0.0.0/15497] INFO  http.BaseHttpServer (BaseHttpServer.java:<init>(107)) - Hadoop Security Enabled: false Ozone Security Enabled: false Ozone HTTP Security Enabled: false 
2021-07-07 01:42:57,457 [Listener at 0.0.0.0/15497] INFO  server.AuthenticationFilter (AuthenticationFilter.java:constructSecretProvider(240)) - Unable to initialize FileSignerSecretProvider, falling back to use random secrets.
2021-07-07 01:42:57,458 [Listener at 0.0.0.0/15497] WARN  http.HttpRequestLog (HttpRequestLog.java:getRequestLog(103)) - Jetty request log can only be enabled using Log4j
2021-07-07 01:42:57,459 [Listener at 0.0.0.0/15497] INFO  http.HttpServer2 (HttpServer2.java:addGlobalFilter(1020)) - Added global filter 'safety' (class=org.apache.hadoop.hdds.server.http.HttpServer2$QuotingInputFilter)
2021-07-07 01:42:57,460 [Listener at 0.0.0.0/15497] INFO  http.HttpServer2 (HttpServer2.java:addFilter(996)) - Added filter static_user_filter (class=org.apache.hadoop.http.lib.StaticUserWebFilter$StaticUserFilter) to context scm
2021-07-07 01:42:57,460 [Listener at 0.0.0.0/15497] INFO  http.HttpServer2 (HttpServer2.java:addFilter(1004)) - Added filter static_user_filter (class=org.apache.hadoop.http.lib.StaticUserWebFilter$StaticUserFilter) to context logs
2021-07-07 01:42:57,460 [Listener at 0.0.0.0/15497] INFO  http.HttpServer2 (HttpServer2.java:addFilter(1004)) - Added filter static_user_filter (class=org.apache.hadoop.http.lib.StaticUserWebFilter$StaticUserFilter) to context static
2021-07-07 01:42:57,461 [Listener at 0.0.0.0/15497] INFO  http.HttpServer2 (HttpServer2.java:bindListener(1238)) - Jetty bound to port 15492
2021-07-07 01:42:57,461 [Listener at 0.0.0.0/15497] INFO  server.Server (Server.java:doStart(375)) - jetty-9.4.35.v20201120; built: 2020-11-20T21:17:03.964Z; git: bdc54f03a5e0a7e280fab27f55c3c75ee8da89fb; jvm 1.8.0_292-b10
2021-07-07 01:42:57,462 [Listener at 0.0.0.0/15497] INFO  server.session (DefaultSessionIdManager.java:doStart(334)) - DefaultSessionIdManager workerName=node0
2021-07-07 01:42:57,462 [Listener at 0.0.0.0/15497] INFO  server.session (DefaultSessionIdManager.java:doStart(339)) - No SessionScavenger set, using defaults
2021-07-07 01:42:57,463 [Listener at 0.0.0.0/15497] INFO  server.session (HouseKeeper.java:startScavenging(132)) - node0 Scavenging every 600000ms
2021-07-07 01:42:57,463 [Listener at 0.0.0.0/15497] INFO  handler.ContextHandler (ContextHandler.java:doStart(916)) - Started o.e.j.s.ServletContextHandler@6b3eb57{logs,/logs,file:///home/runner/work/ozone/ozone/mnt/ozone/hadoop-ozone/integration-test/target/log,AVAILABLE}
2021-07-07 01:42:57,464 [Listener at 0.0.0.0/15497] INFO  handler.ContextHandler (ContextHandler.java:doStart(916)) - Started o.e.j.s.ServletContextHandler@559c3710{static,/static,file:///home/runner/work/ozone/ozone/mnt/ozone/hadoop-ozone/integration-test/target/test-classes/webapps/static,AVAILABLE}
2021-07-07 01:42:57,467 [Listener at 0.0.0.0/15497] INFO  handler.ContextHandler (ContextHandler.java:doStart(916)) - Started o.e.j.w.WebAppContext@39a4bd89{scm,/,file:///home/runner/work/ozone/ozone/mnt/ozone/hadoop-ozone/integration-test/target/test-classes/webapps/scm/,AVAILABLE}{file:/home/runner/work/ozone/ozone/mnt/ozone/hadoop-ozone/integration-test/target/test-classes/webapps/scm}
2021-07-07 01:42:57,468 [Listener at 0.0.0.0/15497] INFO  server.AbstractConnector (AbstractConnector.java:doStart(331)) - Started ServerConnector@31809f2b{HTTP/1.1, (http/1.1)}{0.0.0.0:15492}
2021-07-07 01:42:57,468 [Listener at 0.0.0.0/15497] INFO  server.Server (Server.java:doStart(415)) - Started @77267ms
2021-07-07 01:42:57,468 [Listener at 0.0.0.0/15497] WARN  impl.MetricsSystemImpl (MetricsSystemImpl.java:register(279)) - Sink prometheus already exists!
2021-07-07 01:42:57,469 [Listener at 0.0.0.0/15497] INFO  http.BaseHttpServer (BaseHttpServer.java:updateConnectorAddress(329)) - HTTP server of scm listening at http://0.0.0.0:15492
2021-07-07 01:42:57,469 [Listener at 0.0.0.0/15497] INFO  ozone.MiniOzoneHAClusterImpl (MiniOzoneHAClusterImpl.java:createSCMService(537)) - Started SCM RPC server at org.apache.hadoop.hdds.scm.server.SCMClientProtocolServer@13e4a4a0
2021-07-07 01:42:57,471 [Listener at 0.0.0.0/15497] INFO  ha.SCMHANodeDetails (SCMHANodeDetails.java:loadSCMHAConfig(157)) - ServiceID for StorageContainerManager is scm-service-test1
2021-07-07 01:42:57,471 [Listener at 0.0.0.0/15497] INFO  ha.SCMHANodeDetails (SCMHANodeDetails.java:loadSCMHAConfig(168)) - ServiceID for StorageContainerManager is scm-service-test1
2021-07-07 01:42:57,471 [Listener at 0.0.0.0/15497] WARN  scm.ScmUtils (ScmUtils.java:logWarn(179)) - ConfigKey ozone.scm.block.client.address is deprecated, For configuring different ports for each SCM use PortConfigKey ozone.scm.block.client.port appended with serviceId and nodeId. If want to configure same port configure ozone.scm.block.client.port
2021-07-07 01:42:57,472 [Listener at 0.0.0.0/15497] WARN  scm.ScmUtils (ScmUtils.java:logWarn(179)) - ConfigKey ozone.scm.client.address is deprecated, For configuring different ports for each SCM use PortConfigKey ozone.scm.client.port appended with serviceId and nodeId. If want to configure same port configure ozone.scm.client.port
2021-07-07 01:42:57,472 [Listener at 0.0.0.0/15497] WARN  scm.ScmUtils (ScmUtils.java:logWarn(179)) - ConfigKey ozone.scm.datanode.address is deprecated, For configuring different ports for each SCM use PortConfigKey ozone.scm.datanode.port appended with serviceId and nodeId. If want to configure same port configure ozone.scm.datanode.port
2021-07-07 01:42:57,472 [Listener at 0.0.0.0/15497] WARN  scm.ScmUtils (ScmUtils.java:logWarn(179)) - ConfigKey ozone.scm.block.client.address is deprecated, For configuring different ports for each SCM use PortConfigKey ozone.scm.block.client.port appended with serviceId and nodeId. If want to configure same port configure ozone.scm.block.client.port
2021-07-07 01:42:57,472 [Listener at 0.0.0.0/15497] WARN  scm.ScmUtils (ScmUtils.java:logWarn(179)) - ConfigKey ozone.scm.client.address is deprecated, For configuring different ports for each SCM use PortConfigKey ozone.scm.client.port appended with serviceId and nodeId. If want to configure same port configure ozone.scm.client.port
2021-07-07 01:42:57,472 [Listener at 0.0.0.0/15497] WARN  scm.ScmUtils (ScmUtils.java:logWarn(179)) - ConfigKey ozone.scm.datanode.address is deprecated, For configuring different ports for each SCM use PortConfigKey ozone.scm.datanode.port appended with serviceId and nodeId. If want to configure same port configure ozone.scm.datanode.port
2021-07-07 01:42:57,472 [Listener at 0.0.0.0/15497] INFO  ha.SCMHANodeDetails (SCMHANodeDetails.java:loadSCMHAConfig(250)) - Found matching SCM address with SCMServiceId: scm-service-test1, SCMNodeId: scmNode-3, RPC Address: localhost:15504 and Ratis port: 15504
2021-07-07 01:42:57,472 [Listener at 0.0.0.0/15497] INFO  ha.SCMHANodeDetails (ConfUtils.java:setNodeSpecificConfigs(108)) - Setting configuration key ozone.scm.datanode.address with value of key ozone.scm.datanode.address.scm-service-test1.scmNode-3: 127.0.0.1:15505
2021-07-07 01:42:57,473 [Listener at 0.0.0.0/15497] INFO  ha.SCMHANodeDetails (ConfUtils.java:setNodeSpecificConfigs(108)) - Setting configuration key ozone.scm.block.client.address with value of key ozone.scm.block.client.address.scm-service-test1.scmNode-3: 127.0.0.1:15506
2021-07-07 01:42:57,473 [Listener at 0.0.0.0/15497] INFO  ha.SCMHANodeDetails (ConfUtils.java:setNodeSpecificConfigs(108)) - Setting configuration key ozone.scm.client.address with value of key ozone.scm.client.address.scm-service-test1.scmNode-3: 127.0.0.1:15507
2021-07-07 01:42:57,473 [Listener at 0.0.0.0/15497] INFO  ha.SCMHANodeDetails (ConfUtils.java:setNodeSpecificConfigs(108)) - Setting configuration key ozone.scm.ratis.port with value of key ozone.scm.ratis.port.scm-service-test1.scmNode-3: 15504
2021-07-07 01:42:57,473 [Listener at 0.0.0.0/15497] INFO  ha.SCMHANodeDetails (ConfUtils.java:setNodeSpecificConfigs(108)) - Setting configuration key ozone.scm.grpc.port with value of key ozone.scm.grpc.port.scm-service-test1.scmNode-3: 15508
2021-07-07 01:42:57,473 [Listener at 0.0.0.0/15497] INFO  ha.SCMHANodeDetails (ConfUtils.java:setNodeSpecificConfigs(108)) - Setting configuration key ozone.scm.http-address with value of key ozone.scm.http-address.scm-service-test1.scmNode-3: 127.0.0.1:15502
2021-07-07 01:42:57,473 [Listener at 0.0.0.0/15497] INFO  ha.SCMHANodeDetails (ConfUtils.java:setNodeSpecificConfigs(108)) - Setting configuration key ozone.scm.https-address with value of key ozone.scm.https-address.scm-service-test1.scmNode-3: 127.0.0.1:15503
2021-07-07 01:42:57,473 [Listener at 0.0.0.0/15497] INFO  ha.SCMHANodeDetails (ConfUtils.java:setNodeSpecificConfigs(108)) - Setting configuration key ozone.scm.address with value of key ozone.scm.address.scm-service-test1.scmNode-3: 127.0.0.1
2021-07-07 01:42:57,473 [Listener at 0.0.0.0/15497] WARN  scm.ScmUtils (ScmUtils.java:logWarn(179)) - ConfigKey ozone.scm.block.client.address is deprecated, For configuring different ports for each SCM use PortConfigKey ozone.scm.block.client.port appended with serviceId and nodeId. If want to configure same port configure ozone.scm.block.client.port
2021-07-07 01:42:57,473 [Listener at 0.0.0.0/15497] WARN  scm.ScmUtils (ScmUtils.java:logWarn(179)) - ConfigKey ozone.scm.client.address is deprecated, For configuring different ports for each SCM use PortConfigKey ozone.scm.client.port appended with serviceId and nodeId. If want to configure same port configure ozone.scm.client.port
2021-07-07 01:42:57,474 [Listener at 0.0.0.0/15497] WARN  scm.ScmUtils (ScmUtils.java:logWarn(179)) - ConfigKey ozone.scm.datanode.address is deprecated, For configuring different ports for each SCM use PortConfigKey ozone.scm.datanode.port appended with serviceId and nodeId. If want to configure same port configure ozone.scm.datanode.port
2021-07-07 01:42:57,474 [Listener at 0.0.0.0/15497] WARN  server.ServerUtils (ServerUtils.java:getScmDbDir(148)) - ozone.scm.db.dirs is not configured. We recommend adding this setting. Falling back to ozone.metadata.dirs instead.
2021-07-07 01:42:57,475 [Listener at 0.0.0.0/15497] INFO  ha.SCMNodeInfo (SCMNodeInfo.java:getPort(197)) - ConfigKey ozone.scm.client.address is deprecated, For configuring different ports for each SCM use PortConfigKey ozone.scm.client.port appended with serviceId and nodeId
2021-07-07 01:42:57,475 [Listener at 0.0.0.0/15497] INFO  ha.SCMNodeInfo (SCMNodeInfo.java:getPort(197)) - ConfigKey ozone.scm.block.client.address is deprecated, For configuring different ports for each SCM use PortConfigKey ozone.scm.block.client.port appended with serviceId and nodeId
2021-07-07 01:42:57,475 [Listener at 0.0.0.0/15497] INFO  ha.SCMNodeInfo (SCMNodeInfo.java:getPort(197)) - ConfigKey ozone.scm.datanode.address is deprecated, For configuring different ports for each SCM use PortConfigKey ozone.scm.datanode.port appended with serviceId and nodeId
2021-07-07 01:42:57,475 [Listener at 0.0.0.0/15497] INFO  ha.SCMNodeInfo (SCMNodeInfo.java:getPort(197)) - ConfigKey ozone.scm.client.address is deprecated, For configuring different ports for each SCM use PortConfigKey ozone.scm.client.port appended with serviceId and nodeId
2021-07-07 01:42:57,476 [Listener at 0.0.0.0/15497] INFO  ha.SCMNodeInfo (SCMNodeInfo.java:getPort(197)) - ConfigKey ozone.scm.block.client.address is deprecated, For configuring different ports for each SCM use PortConfigKey ozone.scm.block.client.port appended with serviceId and nodeId
2021-07-07 01:42:57,476 [Listener at 0.0.0.0/15497] INFO  ha.SCMNodeInfo (SCMNodeInfo.java:getPort(197)) - ConfigKey ozone.scm.datanode.address is deprecated, For configuring different ports for each SCM use PortConfigKey ozone.scm.datanode.port appended with serviceId and nodeId
2021-07-07 01:42:57,476 [Listener at 0.0.0.0/15497] INFO  ha.SCMNodeInfo (SCMNodeInfo.java:getPort(197)) - ConfigKey ozone.scm.client.address is deprecated, For configuring different ports for each SCM use PortConfigKey ozone.scm.client.port appended with serviceId and nodeId
2021-07-07 01:42:57,476 [Listener at 0.0.0.0/15497] INFO  ha.SCMNodeInfo (SCMNodeInfo.java:getPort(197)) - ConfigKey ozone.scm.block.client.address is deprecated, For configuring different ports for each SCM use PortConfigKey ozone.scm.block.client.port appended with serviceId and nodeId
2021-07-07 01:42:57,476 [Listener at 0.0.0.0/15497] INFO  ha.SCMNodeInfo (SCMNodeInfo.java:getPort(197)) - ConfigKey ozone.scm.datanode.address is deprecated, For configuring different ports for each SCM use PortConfigKey ozone.scm.datanode.port appended with serviceId and nodeId
2021-07-07 01:42:57,483 [Listener at 0.0.0.0/15497] INFO  server.StorageContainerManager (StorageContainerManager.java:scmBootstrap(921)) - SCM BootStrap  is successful for ClusterID 1d7024f8-a0c4-4e84-a8d8-f49eec7f6d62, SCMID 13cceed0-1483-466a-85c7-7b1f363ed51c
2021-07-07 01:42:57,483 [Listener at 0.0.0.0/15497] INFO  server.StorageContainerManager (StorageContainerManager.java:scmBootstrap(923)) - Primary SCM Node ID 9bc33821-a41f-4857-8348-6c15ba9d7e69
2021-07-07 01:42:57,483 [Listener at 0.0.0.0/15497] INFO  ha.SCMHANodeDetails (SCMHANodeDetails.java:loadSCMHAConfig(157)) - ServiceID for StorageContainerManager is scm-service-test1
2021-07-07 01:42:57,483 [Listener at 0.0.0.0/15497] INFO  ha.SCMHANodeDetails (SCMHANodeDetails.java:loadSCMHAConfig(168)) - ServiceID for StorageContainerManager is scm-service-test1
2021-07-07 01:42:57,483 [Listener at 0.0.0.0/15497] WARN  scm.ScmUtils (ScmUtils.java:logWarn(179)) - ConfigKey ozone.scm.block.client.address is deprecated, For configuring different ports for each SCM use PortConfigKey ozone.scm.block.client.port appended with serviceId and nodeId. If want to configure same port configure ozone.scm.block.client.port
2021-07-07 01:42:57,484 [Listener at 0.0.0.0/15497] WARN  scm.ScmUtils (ScmUtils.java:logWarn(179)) - ConfigKey ozone.scm.client.address is deprecated, For configuring different ports for each SCM use PortConfigKey ozone.scm.client.port appended with serviceId and nodeId. If want to configure same port configure ozone.scm.client.port
2021-07-07 01:42:57,484 [Listener at 0.0.0.0/15497] WARN  scm.ScmUtils (ScmUtils.java:logWarn(179)) - ConfigKey ozone.scm.datanode.address is deprecated, For configuring different ports for each SCM use PortConfigKey ozone.scm.datanode.port appended with serviceId and nodeId. If want to configure same port configure ozone.scm.datanode.port
2021-07-07 01:42:57,484 [Listener at 0.0.0.0/15497] WARN  scm.ScmUtils (ScmUtils.java:logWarn(179)) - ConfigKey ozone.scm.block.client.address is deprecated, For configuring different ports for each SCM use PortConfigKey ozone.scm.block.client.port appended with serviceId and nodeId. If want to configure same port configure ozone.scm.block.client.port
2021-07-07 01:42:57,484 [Listener at 0.0.0.0/15497] WARN  scm.ScmUtils (ScmUtils.java:logWarn(179)) - ConfigKey ozone.scm.client.address is deprecated, For configuring different ports for each SCM use PortConfigKey ozone.scm.client.port appended with serviceId and nodeId. If want to configure same port configure ozone.scm.client.port
2021-07-07 01:42:57,484 [Listener at 0.0.0.0/15497] WARN  scm.ScmUtils (ScmUtils.java:logWarn(179)) - ConfigKey ozone.scm.datanode.address is deprecated, For configuring different ports for each SCM use PortConfigKey ozone.scm.datanode.port appended with serviceId and nodeId. If want to configure same port configure ozone.scm.datanode.port
2021-07-07 01:42:57,484 [Listener at 0.0.0.0/15497] INFO  ha.SCMHANodeDetails (SCMHANodeDetails.java:loadSCMHAConfig(250)) - Found matching SCM address with SCMServiceId: scm-service-test1, SCMNodeId: scmNode-3, RPC Address: localhost:15504 and Ratis port: 15504
2021-07-07 01:42:57,484 [Listener at 0.0.0.0/15497] INFO  ha.SCMHANodeDetails (ConfUtils.java:setNodeSpecificConfigs(108)) - Setting configuration key ozone.scm.datanode.address with value of key ozone.scm.datanode.address.scm-service-test1.scmNode-3: 127.0.0.1:15505
2021-07-07 01:42:57,484 [Listener at 0.0.0.0/15497] INFO  ha.SCMHANodeDetails (ConfUtils.java:setNodeSpecificConfigs(108)) - Setting configuration key ozone.scm.block.client.address with value of key ozone.scm.block.client.address.scm-service-test1.scmNode-3: 127.0.0.1:15506
2021-07-07 01:42:57,485 [Listener at 0.0.0.0/15497] INFO  ha.SCMHANodeDetails (ConfUtils.java:setNodeSpecificConfigs(108)) - Setting configuration key ozone.scm.client.address with value of key ozone.scm.client.address.scm-service-test1.scmNode-3: 127.0.0.1:15507
2021-07-07 01:42:57,485 [Listener at 0.0.0.0/15497] INFO  ha.SCMHANodeDetails (ConfUtils.java:setNodeSpecificConfigs(108)) - Setting configuration key ozone.scm.ratis.port with value of key ozone.scm.ratis.port.scm-service-test1.scmNode-3: 15504
2021-07-07 01:42:57,485 [Listener at 0.0.0.0/15497] INFO  ha.SCMHANodeDetails (ConfUtils.java:setNodeSpecificConfigs(108)) - Setting configuration key ozone.scm.grpc.port with value of key ozone.scm.grpc.port.scm-service-test1.scmNode-3: 15508
2021-07-07 01:42:57,485 [Listener at 0.0.0.0/15497] INFO  ha.SCMHANodeDetails (ConfUtils.java:setNodeSpecificConfigs(108)) - Setting configuration key ozone.scm.http-address with value of key ozone.scm.http-address.scm-service-test1.scmNode-3: 127.0.0.1:15502
2021-07-07 01:42:57,485 [Listener at 0.0.0.0/15497] INFO  ha.SCMHANodeDetails (ConfUtils.java:setNodeSpecificConfigs(108)) - Setting configuration key ozone.scm.https-address with value of key ozone.scm.https-address.scm-service-test1.scmNode-3: 127.0.0.1:15503
2021-07-07 01:42:57,485 [Listener at 0.0.0.0/15497] INFO  ha.SCMHANodeDetails (ConfUtils.java:setNodeSpecificConfigs(108)) - Setting configuration key ozone.scm.address with value of key ozone.scm.address.scm-service-test1.scmNode-3: 127.0.0.1
2021-07-07 01:42:57,485 [Listener at 0.0.0.0/15497] WARN  scm.ScmUtils (ScmUtils.java:logWarn(179)) - ConfigKey ozone.scm.block.client.address is deprecated, For configuring different ports for each SCM use PortConfigKey ozone.scm.block.client.port appended with serviceId and nodeId. If want to configure same port configure ozone.scm.block.client.port
2021-07-07 01:42:57,485 [Listener at 0.0.0.0/15497] WARN  scm.ScmUtils (ScmUtils.java:logWarn(179)) - ConfigKey ozone.scm.client.address is deprecated, For configuring different ports for each SCM use PortConfigKey ozone.scm.client.port appended with serviceId and nodeId. If want to configure same port configure ozone.scm.client.port
2021-07-07 01:42:57,485 [Listener at 0.0.0.0/15497] WARN  scm.ScmUtils (ScmUtils.java:logWarn(179)) - ConfigKey ozone.scm.datanode.address is deprecated, For configuring different ports for each SCM use PortConfigKey ozone.scm.datanode.port appended with serviceId and nodeId. If want to configure same port configure ozone.scm.datanode.port
2021-07-07 01:42:57,486 [Listener at 0.0.0.0/15497] WARN  server.ServerUtils (ServerUtils.java:getScmDbDir(148)) - ozone.scm.db.dirs is not configured. We recommend adding this setting. Falling back to ozone.metadata.dirs instead.
2021-07-07 01:42:57,486 [Listener at 0.0.0.0/15497] WARN  utils.HAUtils (HAUtils.java:getMetaDir(342)) - ozone.scm.db.dirs is not configured. We recommend adding this setting. Falling back to ozone.metadata.dirs instead.
2021-07-07 01:42:57,487 [Listener at 0.0.0.0/15497] WARN  db.DBStoreBuilder (DBStoreBuilder.java:applyDBDefinition(145)) - ozone.scm.db.dirs is not configured. We recommend adding this setting. Falling back to ozone.metadata.dirs instead.
2021-07-07 01:42:57,556 [Listener at 0.0.0.0/15497] INFO  net.NodeSchemaLoader (NodeSchemaLoader.java:loadSchemaFromFile(129)) - Loading schema from [jar:file:/home/runner/.m2/repository/org/apache/ozone/hdds-common/1.2.0-SNAPSHOT/hdds-common-1.2.0-SNAPSHOT.jar!/network-topology-default.xml]
2021-07-07 01:42:57,556 [Listener at 0.0.0.0/15497] INFO  net.NodeSchemaLoader (NodeSchemaLoader.java:loadSchema(176)) - Loading network topology layer schema file
2021-07-07 01:42:57,560 [Listener at 0.0.0.0/15497] INFO  ha.SCMRatisServerImpl (SCMRatisServerImpl.java:<init>(85)) - starting Raft server for scm:13cceed0-1483-466a-85c7-7b1f363ed51c
2021-07-07 01:42:57,561 [Listener at 0.0.0.0/15497] INFO  server.RaftServer (ConfUtils.java:logGet(44)) - raft.rpc.type = GRPC (default)
2021-07-07 01:42:57,561 [Listener at 0.0.0.0/15497] INFO  grpc.GrpcFactory (GrpcFactory.java:checkPooledByteBufAllocatorUseCacheForAllThreads(48)) - PERFORMANCE WARNING: useCacheForAllThreads is true that may cause Netty to create a lot garbage objects and, as a result, trigger GC.
	It is recommended to disable useCacheForAllThreads by setting -Dorg.apache.ratis.thirdparty.io.netty.allocator.useCacheForAllThreads=false in command line.
2021-07-07 01:42:57,561 [Listener at 0.0.0.0/15497] INFO  grpc.GrpcConfigKeys (ConfUtils.java:logGet(44)) - raft.grpc.admin.port = -1 (default)
2021-07-07 01:42:57,561 [Listener at 0.0.0.0/15497] INFO  grpc.GrpcConfigKeys (ConfUtils.java:logGet(44)) - raft.grpc.server.port = 15504 (custom)
2021-07-07 01:42:57,561 [Listener at 0.0.0.0/15497] INFO  grpc.GrpcConfigKeys (ConfUtils.java:logGet(44)) - raft.grpc.client.port = -1 (default)
2021-07-07 01:42:57,562 [Listener at 0.0.0.0/15497] INFO  grpc.GrpcConfigKeys (ConfUtils.java:logGet(44)) - raft.grpc.server.port = 15504 (custom)
2021-07-07 01:42:57,562 [Listener at 0.0.0.0/15497] INFO  grpc.GrpcConfigKeys (ConfUtils.java:logGet(44)) - raft.grpc.server.port = 15504 (custom)
2021-07-07 01:42:57,562 [Listener at 0.0.0.0/15497] INFO  server.GrpcService (ConfUtils.java:logGet(44)) - raft.grpc.message.size.max = 32m (=33554432) (custom)
2021-07-07 01:42:57,562 [Listener at 0.0.0.0/15497] INFO  server.RaftServerConfigKeys (ConfUtils.java:logGet(44)) - raft.server.log.appender.buffer.byte-limit = 33554432 (custom)
2021-07-07 01:42:57,562 [Listener at 0.0.0.0/15497] INFO  server.GrpcService (ConfUtils.java:logGet(44)) - raft.grpc.flow.control.window = 1MB (=1048576) (default)
2021-07-07 01:42:57,562 [Listener at 0.0.0.0/15497] INFO  server.RaftServerConfigKeys (ConfUtils.java:logGet(44)) - raft.server.rpc.request.timeout = 30000ms (custom)
2021-07-07 01:42:57,563 [Listener at 0.0.0.0/15497] INFO  impl.DataStreamServerImpl (ConfUtils.java:logGet(44)) - raft.datastream.type = DISABLED (default)
2021-07-07 01:42:57,563 [Listener at 0.0.0.0/15497] INFO  server.RaftServerConfigKeys (ConfUtils.java:logGet(44)) - raft.server.rpc.slowness.timeout = 120000ms (custom)
2021-07-07 01:42:57,564 [Listener at 0.0.0.0/15497] INFO  server.RaftServerConfigKeys (ConfUtils.java:logGet(44)) - raft.server.leaderelection.leader.step-down.wait-time = 10s (default)
2021-07-07 01:42:57,564 [Listener at 0.0.0.0/15497] INFO  server.RaftServerConfigKeys (ConfUtils.java:logGet(44)) - raft.server.storage.dir = [/home/runner/work/ozone/ozone/mnt/ozone/hadoop-ozone/integration-test/target/test-dir/MiniOzoneClusterImpl-1d7024f8-a0c4-4e84-a8d8-f49eec7f6d62/scmNode-3/scm-ha] (custom)
2021-07-07 01:42:57,564 [Listener at 0.0.0.0/15497] INFO  server.RaftServer (RaftServerProxy.java:addNew(95)) - 13cceed0-1483-466a-85c7-7b1f363ed51c: addNew group-F49EEC7F6D62:[] returns group-F49EEC7F6D62:java.util.concurrent.CompletableFuture@6c82ecbe[Not completed]
2021-07-07 01:42:57,564 [pool-212-thread-1] INFO  server.RaftServer$Division (RaftServerImpl.java:<init>(180)) - 13cceed0-1483-466a-85c7-7b1f363ed51c: new RaftServerImpl for group-F49EEC7F6D62:[] with SCMStateMachine:uninitialized
2021-07-07 01:42:57,565 [pool-212-thread-1] INFO  server.RaftServerConfigKeys (ConfUtils.java:logGet(44)) - raft.server.rpc.timeout.min = 5000ms (custom)
2021-07-07 01:42:57,565 [pool-212-thread-1] INFO  server.RaftServerConfigKeys (ConfUtils.java:logGet(44)) - raft.server.rpc.timeout.max = 5200ms (custom)
2021-07-07 01:42:57,565 [pool-212-thread-1] INFO  server.RaftServerConfigKeys (ConfUtils.java:logGet(44)) - raft.server.rpc.sleep.time = 25ms (default)
2021-07-07 01:42:57,566 [pool-212-thread-1] INFO  server.RaftServerConfigKeys (ConfUtils.java:logGet(44)) - raft.server.rpc.slowness.timeout = 120000ms (custom)
2021-07-07 01:42:57,566 [pool-212-thread-1] INFO  server.RaftServerConfigKeys (ConfUtils.java:logGet(44)) - raft.server.leaderelection.leader.step-down.wait-time = 10s (default)
2021-07-07 01:42:57,566 [pool-212-thread-1] INFO  server.RaftServerConfigKeys (ConfUtils.java:logGet(44)) - raft.server.sleep.deviation.threshold = 300ms (default)
2021-07-07 01:42:57,566 [pool-212-thread-1] INFO  server.RaftServerConfigKeys (ConfUtils.java:logGet(44)) - raft.server.log.appender.install.snapshot.enabled = false (custom)
2021-07-07 01:42:57,566 [pool-212-thread-1] INFO  server.RaftServer$Division (ServerState.java:<init>(105)) - 13cceed0-1483-466a-85c7-7b1f363ed51c@group-F49EEC7F6D62: ConfigurationManager, init=-1: [], old=null, confs=<EMPTY_MAP>
2021-07-07 01:42:57,566 [pool-212-thread-1] INFO  server.RaftServerConfigKeys (ConfUtils.java:logGet(44)) - raft.server.storage.dir = [/home/runner/work/ozone/ozone/mnt/ozone/hadoop-ozone/integration-test/target/test-dir/MiniOzoneClusterImpl-1d7024f8-a0c4-4e84-a8d8-f49eec7f6d62/scmNode-3/scm-ha] (custom)
2021-07-07 01:42:57,566 [pool-212-thread-1] INFO  server.RaftServerConfigKeys (ConfUtils.java:logGet(44)) - raft.server.log.corruption.policy = EXCEPTION (default)
2021-07-07 01:42:57,566 [pool-212-thread-1] INFO  storage.RaftStorageDirectory (RaftStorageDirectoryImpl.java:analyzeStorage(132)) - The storage directory /home/runner/work/ozone/ozone/mnt/ozone/hadoop-ozone/integration-test/target/test-dir/MiniOzoneClusterImpl-1d7024f8-a0c4-4e84-a8d8-f49eec7f6d62/scmNode-3/scm-ha/1d7024f8-a0c4-4e84-a8d8-f49eec7f6d62 does not exist. Creating ...
2021-07-07 01:42:57,567 [pool-212-thread-1] INFO  storage.RaftStorageDirectory (RaftStorageDirectoryImpl.java:tryLock(215)) - Lock on /home/runner/work/ozone/ozone/mnt/ozone/hadoop-ozone/integration-test/target/test-dir/MiniOzoneClusterImpl-1d7024f8-a0c4-4e84-a8d8-f49eec7f6d62/scmNode-3/scm-ha/1d7024f8-a0c4-4e84-a8d8-f49eec7f6d62/in_use.lock acquired by nodename 8524@fv-az148-456
2021-07-07 01:42:57,568 [pool-212-thread-1] INFO  storage.RaftStorage (RaftStorageImpl.java:format(87)) - Storage directory /home/runner/work/ozone/ozone/mnt/ozone/hadoop-ozone/integration-test/target/test-dir/MiniOzoneClusterImpl-1d7024f8-a0c4-4e84-a8d8-f49eec7f6d62/scmNode-3/scm-ha/1d7024f8-a0c4-4e84-a8d8-f49eec7f6d62 has been successfully formatted.
2021-07-07 01:42:57,568 [pool-212-thread-1] INFO  server.RaftServerConfigKeys (ConfUtils.java:logGet(44)) - raft.server.notification.no-leader.timeout = 60s (default)
2021-07-07 01:42:57,569 [pool-212-thread-1] INFO  server.RaftServerConfigKeys (ConfUtils.java:logGet(44)) - raft.server.log.use.memory = false (default)
2021-07-07 01:42:57,569 [pool-212-thread-1] INFO  server.RaftServerConfigKeys (ConfUtils.java:logGet(44)) - raft.server.log.purge.gap = 5 (custom)
2021-07-07 01:42:57,569 [pool-212-thread-1] INFO  server.RaftServerConfigKeys (ConfUtils.java:logGet(44)) - raft.server.log.appender.buffer.byte-limit = 33554432 (custom)
2021-07-07 01:42:57,569 [pool-212-thread-1] INFO  metrics.RatisMetrics (RatisMetrics.java:lambda$create$0(36)) - Creating Metrics Registry : ratis.log_worker.13cceed0-1483-466a-85c7-7b1f363ed51c@group-F49EEC7F6D62
2021-07-07 01:42:57,569 [pool-212-thread-1] INFO  server.RaftServerConfigKeys (ConfUtils.java:logGet(44)) - raft.server.log.segment.size.max = 16384 (custom)
2021-07-07 01:42:57,569 [pool-212-thread-1] INFO  server.RaftServerConfigKeys (ConfUtils.java:logGet(44)) - raft.server.log.segment.cache.num.max = 2 (custom)
2021-07-07 01:42:57,569 [pool-212-thread-1] INFO  server.RaftServerConfigKeys (ConfUtils.java:logGet(44)) - raft.server.log.segment.cache.size.max = 200MB (=209715200) (default)
2021-07-07 01:42:57,569 [pool-212-thread-1] INFO  segmented.SegmentedRaftLogWorker (SegmentedRaftLogWorker.java:<init>(182)) - new 13cceed0-1483-466a-85c7-7b1f363ed51c@group-F49EEC7F6D62-SegmentedRaftLogWorker for RaftStorageImpl:Storage Directory /home/runner/work/ozone/ozone/mnt/ozone/hadoop-ozone/integration-test/target/test-dir/MiniOzoneClusterImpl-1d7024f8-a0c4-4e84-a8d8-f49eec7f6d62/scmNode-3/scm-ha/1d7024f8-a0c4-4e84-a8d8-f49eec7f6d62
2021-07-07 01:42:57,569 [pool-212-thread-1] INFO  server.RaftServerConfigKeys (ConfUtils.java:logGet(44)) - raft.server.log.queue.byte-limit = 64MB (=67108864) (default)
2021-07-07 01:42:57,569 [pool-212-thread-1] INFO  server.RaftServerConfigKeys (ConfUtils.java:logGet(44)) - raft.server.log.queue.element-limit = 4096 (default)
2021-07-07 01:42:57,569 [pool-212-thread-1] INFO  server.RaftServerConfigKeys (ConfUtils.java:logGet(44)) - raft.server.log.segment.size.max = 16384 (custom)
2021-07-07 01:42:57,570 [pool-212-thread-1] INFO  server.RaftServerConfigKeys (ConfUtils.java:logGet(44)) - raft.server.log.preallocated.size = 16384 (custom)
2021-07-07 01:42:57,570 [pool-212-thread-1] INFO  server.RaftServerConfigKeys (ConfUtils.java:logGet(44)) - raft.server.log.force.sync.num = 128 (default)
2021-07-07 01:42:57,570 [pool-212-thread-1] INFO  server.RaftServerConfigKeys (ConfUtils.java:logGet(44)) - raft.server.log.statemachine.data.sync = true (default)
2021-07-07 01:42:57,570 [pool-212-thread-1] INFO  server.RaftServerConfigKeys (ConfUtils.java:logGet(44)) - raft.server.log.statemachine.data.sync.timeout = 10s (default)
2021-07-07 01:42:57,570 [pool-212-thread-1] INFO  server.RaftServerConfigKeys (ConfUtils.java:logGet(44)) - raft.server.log.statemachine.data.sync.timeout.retry = -1 (default)
2021-07-07 01:42:57,570 [pool-212-thread-1] INFO  server.RaftServerConfigKeys (ConfUtils.java:logGet(44)) - raft.server.log.write.buffer.size = 64KB (=65536) (default)
2021-07-07 01:42:57,570 [pool-212-thread-1] INFO  server.RaftServerConfigKeys (ConfUtils.java:logGet(44)) - raft.server.log.statemachine.data.caching.enabled = false (default)
2021-07-07 01:42:57,570 [pool-212-thread-1] INFO  segmented.SegmentedRaftLogWorker (SegmentedRaftLogWorker.java:lambda$new$0(133)) - 13cceed0-1483-466a-85c7-7b1f363ed51c@group-F49EEC7F6D62-SegmentedRaftLogWorker: flushIndex: setUnconditionally 0 -> -1
2021-07-07 01:42:57,570 [pool-212-thread-1] INFO  segmented.SegmentedRaftLogWorker (SegmentedRaftLogWorker.java:lambda$new$0(133)) - 13cceed0-1483-466a-85c7-7b1f363ed51c@group-F49EEC7F6D62-SegmentedRaftLogWorker: safeCacheEvictIndex: setUnconditionally 0 -> -1
2021-07-07 01:42:57,575 [pool-212-thread-1] INFO  server.RaftServerConfigKeys (ConfUtils.java:logGet(44)) - raft.server.snapshot.auto.trigger.enabled = true (custom)
2021-07-07 01:42:57,576 [pool-212-thread-1] INFO  server.RaftServerConfigKeys (ConfUtils.java:logGet(44)) - raft.server.snapshot.auto.trigger.threshold = 5 (custom)
2021-07-07 01:42:57,576 [pool-212-thread-1] INFO  server.RaftServerConfigKeys (ConfUtils.java:logGet(44)) - raft.server.snapshot.retention.file.num = -1 (default)
2021-07-07 01:42:57,576 [pool-212-thread-1] INFO  server.RaftServerConfigKeys (ConfUtils.java:logGet(44)) - raft.server.log.purge.upto.snapshot.index = true (custom)
2021-07-07 01:42:57,576 [pool-212-thread-1] INFO  server.RaftServerConfigKeys (ConfUtils.java:logGet(44)) - raft.server.retrycache.expirytime = 60000ms (default)
2021-07-07 01:42:57,576 [pool-212-thread-1] INFO  server.RaftServerConfigKeys (ConfUtils.java:logGet(44)) - raft.server.retrycache.statistics.expirytime = 100μs (default)
2021-07-07 01:42:57,576 [pool-212-thread-1] INFO  metrics.RatisMetrics (RatisMetrics.java:lambda$create$0(36)) - Creating Metrics Registry : ratis.leader_election.13cceed0-1483-466a-85c7-7b1f363ed51c@group-F49EEC7F6D62
2021-07-07 01:42:57,576 [pool-212-thread-1] INFO  metrics.RatisMetrics (RatisMetrics.java:lambda$create$0(36)) - Creating Metrics Registry : ratis.server.13cceed0-1483-466a-85c7-7b1f363ed51c@group-F49EEC7F6D62
2021-07-07 01:42:57,577 [Listener at 0.0.0.0/15497] INFO  ha.SCMSnapshotProvider (SCMSnapshotProvider.java:<init>(66)) - Initializing SCM Snapshot Provider
2021-07-07 01:42:57,577 [Listener at 0.0.0.0/15497] WARN  server.ServerUtils (ServerUtils.java:getDefaultRatisDirectory(237)) - Storage directory for Ratis is not configured. It is a good idea to map this to an SSD disk. Falling back to ozone.metadata.dirs
2021-07-07 01:42:57,577 [Listener at 0.0.0.0/15497] WARN  ha.SCMHAUtils (SCMHAUtils.java:getSCMRatisSnapshotDirectory(142)) - SCM snapshot dir is not configured. Falling back to ozone.metadata.dirs config
2021-07-07 01:42:57,578 [Listener at 0.0.0.0/15497] INFO  ha.SequenceIdGenerator (SequenceIdGenerator.java:upgradeToSequenceId(327)) - upgrade localId to 107544261427200000
2021-07-07 01:42:57,578 [Listener at 0.0.0.0/15497] INFO  ha.SequenceIdGenerator (SequenceIdGenerator.java:upgradeToSequenceId(337)) - upgrade delTxnId to 0
2021-07-07 01:42:57,579 [Listener at 0.0.0.0/15497] INFO  ha.SequenceIdGenerator (SequenceIdGenerator.java:upgradeToSequenceId(351)) - upgrade containerId to 0
2021-07-07 01:42:57,579 [Listener at 0.0.0.0/15497] INFO  ha.SequenceIdGenerator (SequenceIdGenerator.java:<init>(217)) - Init the HA SequenceIdGenerator.
2021-07-07 01:42:57,579 [Listener at 0.0.0.0/15497] WARN  server.ServerUtils (ServerUtils.java:sanitizeUserArgs(73)) - ozone.scm.stale.node.interval value = 300000 is larger than max = 100000 based on the key value of ozone.scm.heartbeat.thread.interval, reset to the max value 100000.
2021-07-07 01:42:57,579 [Listener at 0.0.0.0/15497] WARN  server.ServerUtils (ServerUtils.java:sanitizeUserArgs(73)) - ozone.scm.stale.node.interval value = 300000 is larger than max = 100000 based on the key value of ozone.scm.heartbeat.thread.interval, reset to the max value 100000.
2021-07-07 01:42:57,579 [Listener at 0.0.0.0/15497] INFO  node.SCMNodeManager (SCMNodeManager.java:<init>(125)) - Entering startup safe mode.
2021-07-07 01:42:57,580 [Listener at 0.0.0.0/15497] INFO  algorithms.ContainerPlacementPolicyFactory (ContainerPlacementPolicyFactory.java:getPolicy(60)) - Create container placement policy of type org.apache.hadoop.hdds.scm.container.placement.algorithms.SCMContainerPlacementRandom
2021-07-07 01:42:57,580 [Listener at 0.0.0.0/15497] INFO  pipeline.PipelineStateManager (PipelineStateManagerV2Impl.java:initialize(78)) - No pipeline exists in current db
2021-07-07 01:42:57,581 [Listener at 0.0.0.0/15497] INFO  algorithms.LeaderChoosePolicyFactory (LeaderChoosePolicyFactory.java:getPolicy(57)) - Create leader choose policy of type org.apache.hadoop.hdds.scm.pipeline.leader.choose.algorithms.MinLeaderCountChoosePolicy
2021-07-07 01:42:57,581 [Listener at 0.0.0.0/15497] INFO  ha.SCMServiceManager (SCMServiceManager.java:register(43)) - Registering service BackgroundPipelineCreator.
2021-07-07 01:42:57,581 [Listener at 0.0.0.0/15497] INFO  pipeline.BackgroundPipelineCreator (BackgroundPipelineCreatorV2.java:start(130)) - Starting RatisPipelineUtilsThread.
2021-07-07 01:42:57,582 [Listener at 0.0.0.0/15497] INFO  algorithms.PipelineChoosePolicyFactory (PipelineChoosePolicyFactory.java:createPipelineChoosePolicyFromClass(73)) - Create pipeline choose policy of type org.apache.hadoop.hdds.scm.pipeline.choose.algorithms.RandomPipelineChoosePolicy
2021-07-07 01:42:57,582 [Listener at 0.0.0.0/15497] INFO  ha.SCMServiceManager (SCMServiceManager.java:register(43)) - Registering service SCMBlockDeletingService.
2021-07-07 01:42:57,582 [Listener at 0.0.0.0/15497] INFO  ha.SCMServiceManager (SCMServiceManager.java:register(43)) - Registering service ReplicationManager.
2021-07-07 01:42:57,583 [Listener at 0.0.0.0/15497] INFO  container.ReplicationManager (ReplicationManager.java:start(219)) - Starting Replication Monitor Thread.
2021-07-07 01:42:57,584 [Listener at 0.0.0.0/15497] INFO  safemode.ContainerSafeModeRule (ContainerSafeModeRule.java:<init>(89)) - containers with one replica threshold count 0
2021-07-07 01:42:57,586 [ReplicationMonitor] INFO  container.ReplicationManager (ReplicationManager.java:run(283)) - Replication Monitor Thread took 0 milliseconds for processing 0 containers.
2021-07-07 01:42:57,588 [Listener at 0.0.0.0/15497] INFO  safemode.HealthyPipelineSafeModeRule (HealthyPipelineSafeModeRule.java:initializeRule(156)) - Total pipeline count is 0, healthy pipeline threshold count is 1
2021-07-07 01:42:57,589 [Listener at 0.0.0.0/15497] INFO  safemode.OneReplicaPipelineSafeModeRule (OneReplicaPipelineSafeModeRule.java:initializeRule(180)) - Total pipeline count is 0, pipeline's with at least one datanode reported threshold count is 0
2021-07-07 01:42:57,590 [Listener at 0.0.0.0/15497] INFO  ipc.CallQueueManager (CallQueueManager.java:<init>(85)) - Using callQueue: class java.util.concurrent.LinkedBlockingQueue, queueCapacity: 2000, scheduler: class org.apache.hadoop.ipc.DefaultRpcScheduler, ipcBackoff: false.
2021-07-07 01:42:57,591 [Socket Reader #1 for port 15505] INFO  ipc.Server (Server.java:run(1255)) - Starting Socket Reader #1 for port 15505
2021-07-07 01:42:57,593 [Listener at 0.0.0.0/15505] INFO  ipc.CallQueueManager (CallQueueManager.java:<init>(85)) - Using callQueue: class java.util.concurrent.LinkedBlockingQueue, queueCapacity: 2000, scheduler: class org.apache.hadoop.ipc.DefaultRpcScheduler, ipcBackoff: false.
2021-07-07 01:42:57,594 [Socket Reader #1 for port 15506] INFO  ipc.Server (Server.java:run(1255)) - Starting Socket Reader #1 for port 15506
2021-07-07 01:42:57,595 [Listener at 0.0.0.0/15506] INFO  ipc.CallQueueManager (CallQueueManager.java:<init>(85)) - Using callQueue: class java.util.concurrent.LinkedBlockingQueue, queueCapacity: 2000, scheduler: class org.apache.hadoop.ipc.DefaultRpcScheduler, ipcBackoff: false.
2021-07-07 01:42:57,596 [Socket Reader #1 for port 15507] INFO  ipc.Server (Server.java:run(1255)) - Starting Socket Reader #1 for port 15507
2021-07-07 01:42:57,620 [Listener at 0.0.0.0/15507] INFO  server.StorageContainerManager (StorageContainerManager.java:<init>(363)) - 
Container Balancer status:
Key                            Value
Running                        true
Container Balancer Configuration values:
Key                            Value
Threshold                      0.1
Max Datanodes to Balance       5
Max Size to Move               10737418240B

2021-07-07 01:42:57,620 [Listener at 0.0.0.0/15507] WARN  events.EventQueue (EventQueue.java:fireEvent(194)) - No event handler registered for event TypedEvent{payloadType=SafeModeStatus, name='Safe mode status'}
2021-07-07 01:42:57,621 [Listener at 0.0.0.0/15507] INFO  ha.SCMContext (SCMContext.java:updateSafeModeStatus(208)) - Update SafeModeStatus from SafeModeStatus{safeModeStatus=true, preCheckPassed=false} to SafeModeStatus{safeModeStatus=true, preCheckPassed=false}.
2021-07-07 01:42:57,621 [Listener at 0.0.0.0/15507] INFO  ozone.MiniOzoneHAClusterImpl (MiniOzoneHAClusterImpl.java:createSCMService(541)) - Intialized SCM at org.apache.hadoop.hdds.scm.server.SCMClientProtocolServer@3e063a21. This SCM is currently inactive (not running).
2021-07-07 01:42:57,622 [Listener at 0.0.0.0/15507] INFO  ha.OMHANodeDetails (OMHANodeDetails.java:loadOMHAConfig(111)) - ServiceID for OzoneManager is om-service-test1
2021-07-07 01:42:57,622 [Listener at 0.0.0.0/15507] INFO  ha.OMHANodeDetails (OMHANodeDetails.java:loadOMHAConfig(187)) - Found matching OM address with OMServiceId: om-service-test1, OMNodeId: omNode-1, RPC Address: localhost:10628 and Ratis port: 10632
2021-07-07 01:42:57,622 [Listener at 0.0.0.0/15507] INFO  ha.OMHANodeDetails (ConfUtils.java:setNodeSpecificConfigs(108)) - Setting configuration key ozone.om.http-address with value of key ozone.om.http-address.om-service-test1.omNode-1: 127.0.0.1:10630
2021-07-07 01:42:57,622 [Listener at 0.0.0.0/15507] INFO  ha.OMHANodeDetails (ConfUtils.java:setNodeSpecificConfigs(108)) - Setting configuration key ozone.om.https-address with value of key ozone.om.https-address.om-service-test1.omNode-1: 127.0.0.1:10631
2021-07-07 01:42:57,622 [Listener at 0.0.0.0/15507] INFO  ha.OMHANodeDetails (ConfUtils.java:setNodeSpecificConfigs(108)) - Setting configuration key ozone.om.address with value of key ozone.om.address.om-service-test1.omNode-1: 127.0.0.1:10628
2021-07-07 01:42:57,623 [Listener at 0.0.0.0/15507] WARN  server.ServerUtils (ServerUtils.java:getDBPath(225)) - ozone.om.db.dirs is not configured. We recommend adding this setting. Falling back to ozone.metadata.dirs instead.
2021-07-07 01:42:57,624 [Listener at 0.0.0.0/15507] INFO  ha.SCMNodeInfo (SCMNodeInfo.java:getPort(197)) - ConfigKey ozone.scm.client.address is deprecated, For configuring different ports for each SCM use PortConfigKey ozone.scm.client.port appended with serviceId and nodeId
2021-07-07 01:42:57,624 [Listener at 0.0.0.0/15507] INFO  ha.SCMNodeInfo (SCMNodeInfo.java:getPort(197)) - ConfigKey ozone.scm.block.client.address is deprecated, For configuring different ports for each SCM use PortConfigKey ozone.scm.block.client.port appended with serviceId and nodeId
2021-07-07 01:42:57,624 [Listener at 0.0.0.0/15507] INFO  ha.SCMNodeInfo (SCMNodeInfo.java:getPort(197)) - ConfigKey ozone.scm.datanode.address is deprecated, For configuring different ports for each SCM use PortConfigKey ozone.scm.datanode.port appended with serviceId and nodeId
2021-07-07 01:42:57,624 [Listener at 0.0.0.0/15507] INFO  ha.SCMNodeInfo (SCMNodeInfo.java:getPort(197)) - ConfigKey ozone.scm.client.address is deprecated, For configuring different ports for each SCM use PortConfigKey ozone.scm.client.port appended with serviceId and nodeId
2021-07-07 01:42:57,624 [Listener at 0.0.0.0/15507] INFO  ha.SCMNodeInfo (SCMNodeInfo.java:getPort(197)) - ConfigKey ozone.scm.block.client.address is deprecated, For configuring different ports for each SCM use PortConfigKey ozone.scm.block.client.port appended with serviceId and nodeId
2021-07-07 01:42:57,624 [Listener at 0.0.0.0/15507] INFO  ha.SCMNodeInfo (SCMNodeInfo.java:getPort(197)) - ConfigKey ozone.scm.datanode.address is deprecated, For configuring different ports for each SCM use PortConfigKey ozone.scm.datanode.port appended with serviceId and nodeId
2021-07-07 01:42:57,624 [Listener at 0.0.0.0/15507] INFO  ha.SCMNodeInfo (SCMNodeInfo.java:getPort(197)) - ConfigKey ozone.scm.client.address is deprecated, For configuring different ports for each SCM use PortConfigKey ozone.scm.client.port appended with serviceId and nodeId
2021-07-07 01:42:57,624 [Listener at 0.0.0.0/15507] INFO  ha.SCMNodeInfo (SCMNodeInfo.java:getPort(197)) - ConfigKey ozone.scm.block.client.address is deprecated, For configuring different ports for each SCM use PortConfigKey ozone.scm.block.client.port appended with serviceId and nodeId
2021-07-07 01:42:57,625 [Listener at 0.0.0.0/15507] INFO  ha.SCMNodeInfo (SCMNodeInfo.java:getPort(197)) - ConfigKey ozone.scm.datanode.address is deprecated, For configuring different ports for each SCM use PortConfigKey ozone.scm.datanode.port appended with serviceId and nodeId
OM initialization succeeded.Current cluster id for sd=/home/runner/work/ozone/ozone/mnt/ozone/hadoop-ozone/integration-test/target/test-dir/MiniOzoneClusterImpl-1d7024f8-a0c4-4e84-a8d8-f49eec7f6d62/omNode-1/om;cid=1d7024f8-a0c4-4e84-a8d8-f49eec7f6d62;layoutVersion=0
2021-07-07 01:42:57,633 [Listener at 0.0.0.0/15507] INFO  ha.OMHANodeDetails (OMHANodeDetails.java:loadOMHAConfig(111)) - ServiceID for OzoneManager is om-service-test1
2021-07-07 01:42:57,633 [Listener at 0.0.0.0/15507] INFO  ha.OMHANodeDetails (OMHANodeDetails.java:loadOMHAConfig(187)) - Found matching OM address with OMServiceId: om-service-test1, OMNodeId: omNode-1, RPC Address: localhost:10628 and Ratis port: 10632
2021-07-07 01:42:57,633 [Listener at 0.0.0.0/15507] INFO  ha.OMHANodeDetails (ConfUtils.java:setNodeSpecificConfigs(108)) - Setting configuration key ozone.om.http-address with value of key ozone.om.http-address.om-service-test1.omNode-1: 127.0.0.1:10630
2021-07-07 01:42:57,633 [Listener at 0.0.0.0/15507] INFO  ha.OMHANodeDetails (ConfUtils.java:setNodeSpecificConfigs(108)) - Setting configuration key ozone.om.https-address with value of key ozone.om.https-address.om-service-test1.omNode-1: 127.0.0.1:10631
2021-07-07 01:42:57,634 [Listener at 0.0.0.0/15507] INFO  ha.OMHANodeDetails (ConfUtils.java:setNodeSpecificConfigs(108)) - Setting configuration key ozone.om.address with value of key ozone.om.address.om-service-test1.omNode-1: 127.0.0.1:10628
2021-07-07 01:42:57,634 [Listener at 0.0.0.0/15507] WARN  server.ServerUtils (ServerUtils.java:getDBPath(225)) - ozone.om.db.dirs is not configured. We recommend adding this setting. Falling back to ozone.metadata.dirs instead.
2021-07-07 01:42:57,634 [Listener at 0.0.0.0/15507] WARN  server.ServerUtils (ServerUtils.java:getDBPath(225)) - ozone.om.db.dirs is not configured. We recommend adding this setting. Falling back to ozone.metadata.dirs instead.
2021-07-07 01:42:57,634 [Listener at 0.0.0.0/15507] INFO  ha.SCMNodeInfo (SCMNodeInfo.java:getPort(197)) - ConfigKey ozone.scm.client.address is deprecated, For configuring different ports for each SCM use PortConfigKey ozone.scm.client.port appended with serviceId and nodeId
2021-07-07 01:42:57,634 [Listener at 0.0.0.0/15507] INFO  ha.SCMNodeInfo (SCMNodeInfo.java:getPort(197)) - ConfigKey ozone.scm.block.client.address is deprecated, For configuring different ports for each SCM use PortConfigKey ozone.scm.block.client.port appended with serviceId and nodeId
2021-07-07 01:42:57,634 [Listener at 0.0.0.0/15507] INFO  ha.SCMNodeInfo (SCMNodeInfo.java:getPort(197)) - ConfigKey ozone.scm.datanode.address is deprecated, For configuring different ports for each SCM use PortConfigKey ozone.scm.datanode.port appended with serviceId and nodeId
2021-07-07 01:42:57,635 [Listener at 0.0.0.0/15507] INFO  ha.SCMNodeInfo (SCMNodeInfo.java:getPort(197)) - ConfigKey ozone.scm.client.address is deprecated, For configuring different ports for each SCM use PortConfigKey ozone.scm.client.port appended with serviceId and nodeId
2021-07-07 01:42:57,635 [Listener at 0.0.0.0/15507] INFO  ha.SCMNodeInfo (SCMNodeInfo.java:getPort(197)) - ConfigKey ozone.scm.block.client.address is deprecated, For configuring different ports for each SCM use PortConfigKey ozone.scm.block.client.port appended with serviceId and nodeId
2021-07-07 01:42:57,635 [Listener at 0.0.0.0/15507] INFO  ha.SCMNodeInfo (SCMNodeInfo.java:getPort(197)) - ConfigKey ozone.scm.datanode.address is deprecated, For configuring different ports for each SCM use PortConfigKey ozone.scm.datanode.port appended with serviceId and nodeId
2021-07-07 01:42:57,635 [Listener at 0.0.0.0/15507] INFO  ha.SCMNodeInfo (SCMNodeInfo.java:getPort(197)) - ConfigKey ozone.scm.client.address is deprecated, For configuring different ports for each SCM use PortConfigKey ozone.scm.client.port appended with serviceId and nodeId
2021-07-07 01:42:57,635 [Listener at 0.0.0.0/15507] INFO  ha.SCMNodeInfo (SCMNodeInfo.java:getPort(197)) - ConfigKey ozone.scm.block.client.address is deprecated, For configuring different ports for each SCM use PortConfigKey ozone.scm.block.client.port appended with serviceId and nodeId
2021-07-07 01:42:57,635 [Listener at 0.0.0.0/15507] INFO  ha.SCMNodeInfo (SCMNodeInfo.java:getPort(197)) - ConfigKey ozone.scm.datanode.address is deprecated, For configuring different ports for each SCM use PortConfigKey ozone.scm.datanode.port appended with serviceId and nodeId
2021-07-07 01:42:57,635 [Listener at 0.0.0.0/15507] INFO  ha.SCMNodeInfo (SCMNodeInfo.java:getPort(197)) - ConfigKey ozone.scm.client.address is deprecated, For configuring different ports for each SCM use PortConfigKey ozone.scm.client.port appended with serviceId and nodeId
2021-07-07 01:42:57,636 [Listener at 0.0.0.0/15507] INFO  ha.SCMNodeInfo (SCMNodeInfo.java:getPort(197)) - ConfigKey ozone.scm.block.client.address is deprecated, For configuring different ports for each SCM use PortConfigKey ozone.scm.block.client.port appended with serviceId and nodeId
2021-07-07 01:42:57,636 [Listener at 0.0.0.0/15507] INFO  ha.SCMNodeInfo (SCMNodeInfo.java:getPort(197)) - ConfigKey ozone.scm.datanode.address is deprecated, For configuring different ports for each SCM use PortConfigKey ozone.scm.datanode.port appended with serviceId and nodeId
2021-07-07 01:42:57,636 [Listener at 0.0.0.0/15507] INFO  ha.SCMNodeInfo (SCMNodeInfo.java:getPort(197)) - ConfigKey ozone.scm.client.address is deprecated, For configuring different ports for each SCM use PortConfigKey ozone.scm.client.port appended with serviceId and nodeId
2021-07-07 01:42:57,636 [Listener at 0.0.0.0/15507] INFO  ha.SCMNodeInfo (SCMNodeInfo.java:getPort(197)) - ConfigKey ozone.scm.block.client.address is deprecated, For configuring different ports for each SCM use PortConfigKey ozone.scm.block.client.port appended with serviceId and nodeId
2021-07-07 01:42:57,636 [Listener at 0.0.0.0/15507] INFO  ha.SCMNodeInfo (SCMNodeInfo.java:getPort(197)) - ConfigKey ozone.scm.datanode.address is deprecated, For configuring different ports for each SCM use PortConfigKey ozone.scm.datanode.port appended with serviceId and nodeId
2021-07-07 01:42:57,636 [Listener at 0.0.0.0/15507] INFO  ha.SCMNodeInfo (SCMNodeInfo.java:getPort(197)) - ConfigKey ozone.scm.client.address is deprecated, For configuring different ports for each SCM use PortConfigKey ozone.scm.client.port appended with serviceId and nodeId
2021-07-07 01:42:57,636 [Listener at 0.0.0.0/15507] INFO  ha.SCMNodeInfo (SCMNodeInfo.java:getPort(197)) - ConfigKey ozone.scm.block.client.address is deprecated, For configuring different ports for each SCM use PortConfigKey ozone.scm.block.client.port appended with serviceId and nodeId
2021-07-07 01:42:57,637 [Listener at 0.0.0.0/15507] INFO  ha.SCMNodeInfo (SCMNodeInfo.java:getPort(197)) - ConfigKey ozone.scm.datanode.address is deprecated, For configuring different ports for each SCM use PortConfigKey ozone.scm.datanode.port appended with serviceId and nodeId
2021-07-07 01:42:57,637 [Listener at 0.0.0.0/15507] INFO  ha.SCMNodeInfo (SCMNodeInfo.java:getPort(197)) - ConfigKey ozone.scm.client.address is deprecated, For configuring different ports for each SCM use PortConfigKey ozone.scm.client.port appended with serviceId and nodeId
2021-07-07 01:42:57,638 [Listener at 0.0.0.0/15507] INFO  ha.SCMNodeInfo (SCMNodeInfo.java:getPort(197)) - ConfigKey ozone.scm.block.client.address is deprecated, For configuring different ports for each SCM use PortConfigKey ozone.scm.block.client.port appended with serviceId and nodeId
2021-07-07 01:42:57,638 [Listener at 0.0.0.0/15507] INFO  ha.SCMNodeInfo (SCMNodeInfo.java:getPort(197)) - ConfigKey ozone.scm.datanode.address is deprecated, For configuring different ports for each SCM use PortConfigKey ozone.scm.datanode.port appended with serviceId and nodeId
2021-07-07 01:42:57,638 [Listener at 0.0.0.0/15507] INFO  ha.SCMNodeInfo (SCMNodeInfo.java:getPort(197)) - ConfigKey ozone.scm.client.address is deprecated, For configuring different ports for each SCM use PortConfigKey ozone.scm.client.port appended with serviceId and nodeId
2021-07-07 01:42:57,638 [Listener at 0.0.0.0/15507] INFO  ha.SCMNodeInfo (SCMNodeInfo.java:getPort(197)) - ConfigKey ozone.scm.block.client.address is deprecated, For configuring different ports for each SCM use PortConfigKey ozone.scm.block.client.port appended with serviceId and nodeId
2021-07-07 01:42:57,638 [Listener at 0.0.0.0/15507] INFO  ha.SCMNodeInfo (SCMNodeInfo.java:getPort(197)) - ConfigKey ozone.scm.datanode.address is deprecated, For configuring different ports for each SCM use PortConfigKey ozone.scm.datanode.port appended with serviceId and nodeId
2021-07-07 01:42:57,638 [Listener at 0.0.0.0/15507] INFO  ha.SCMNodeInfo (SCMNodeInfo.java:getPort(197)) - ConfigKey ozone.scm.client.address is deprecated, For configuring different ports for each SCM use PortConfigKey ozone.scm.client.port appended with serviceId and nodeId
2021-07-07 01:42:57,639 [Listener at 0.0.0.0/15507] INFO  ha.SCMNodeInfo (SCMNodeInfo.java:getPort(197)) - ConfigKey ozone.scm.block.client.address is deprecated, For configuring different ports for each SCM use PortConfigKey ozone.scm.block.client.port appended with serviceId and nodeId
2021-07-07 01:42:57,639 [Listener at 0.0.0.0/15507] INFO  ha.SCMNodeInfo (SCMNodeInfo.java:getPort(197)) - ConfigKey ozone.scm.datanode.address is deprecated, For configuring different ports for each SCM use PortConfigKey ozone.scm.datanode.port appended with serviceId and nodeId
2021-07-07 01:42:57,651 [Listener at 0.0.0.0/15507] WARN  server.ServerUtils (ServerUtils.java:getDBPath(225)) - ozone.om.db.dirs is not configured. We recommend adding this setting. Falling back to ozone.metadata.dirs instead.
2021-07-07 01:42:57,652 [Listener at 0.0.0.0/15507] INFO  codec.OmKeyInfoCodec (OmKeyInfoCodec.java:<init>(51)) - OmKeyInfoCodec ignorePipeline = true
2021-07-07 01:42:57,652 [Listener at 0.0.0.0/15507] INFO  codec.RepeatedOmKeyInfoCodec (RepeatedOmKeyInfoCodec.java:<init>(42)) - RepeatedOmKeyInfoCodec ignorePipeline = true
2021-07-07 01:42:57,773 [Listener at 0.0.0.0/15507] INFO  om.OzoneManager (OzoneManager.java:addS3GVolumeToDB(3804)) - Created Volume s3v With Owner runner required for S3Gateway operations.
2021-07-07 01:42:57,773 [Listener at 0.0.0.0/15507] WARN  server.ServerUtils (ServerUtils.java:getDefaultRatisDirectory(237)) - Storage directory for Ratis is not configured. It is a good idea to map this to an SSD disk. Falling back to ozone.metadata.dirs
2021-07-07 01:42:57,773 [Listener at 0.0.0.0/15507] WARN  ratis.OzoneManagerRatisServer (OzoneManagerRatisServer.java:getOMRatisSnapshotDirectory(634)) - ozone.om.ratis.snapshot.dir is not configured. Falling back to ozone.metadata.dirs config
2021-07-07 01:42:57,774 [Listener at 0.0.0.0/15507] WARN  server.ServerUtils (ServerUtils.java:getDefaultRatisDirectory(237)) - Storage directory for Ratis is not configured. It is a good idea to map this to an SSD disk. Falling back to ozone.metadata.dirs
2021-07-07 01:42:57,775 [Listener at 0.0.0.0/15507] INFO  ratis.OzoneManagerRatisServer (OzoneManagerRatisServer.java:<init>(288)) - Instantiating OM Ratis server with GroupID: om-service-test1 and Raft Peers: localhost:10632
2021-07-07 01:42:57,775 [Listener at 0.0.0.0/15507] INFO  ratis.OzoneManagerStateMachine (OzoneManagerStateMachine.java:loadSnapshotInfoFromDB(520)) - LastAppliedIndex is set from TransactionInfo from OM DB as (t:0, i:~)
2021-07-07 01:42:57,776 [Listener at 0.0.0.0/15507] INFO  server.RaftServer (ConfUtils.java:logGet(44)) - raft.rpc.type = GRPC (default)
2021-07-07 01:42:57,776 [Listener at 0.0.0.0/15507] INFO  grpc.GrpcFactory (GrpcFactory.java:checkPooledByteBufAllocatorUseCacheForAllThreads(48)) - PERFORMANCE WARNING: useCacheForAllThreads is true that may cause Netty to create a lot garbage objects and, as a result, trigger GC.
	It is recommended to disable useCacheForAllThreads by setting -Dorg.apache.ratis.thirdparty.io.netty.allocator.useCacheForAllThreads=false in command line.
2021-07-07 01:42:57,776 [Listener at 0.0.0.0/15507] INFO  grpc.GrpcConfigKeys (ConfUtils.java:logGet(44)) - raft.grpc.admin.port = -1 (default)
2021-07-07 01:42:57,776 [Listener at 0.0.0.0/15507] INFO  grpc.GrpcConfigKeys (ConfUtils.java:logGet(44)) - raft.grpc.server.port = 10632 (custom)
2021-07-07 01:42:57,776 [Listener at 0.0.0.0/15507] INFO  grpc.GrpcConfigKeys (ConfUtils.java:logGet(44)) - raft.grpc.client.port = -1 (default)
2021-07-07 01:42:57,777 [Listener at 0.0.0.0/15507] INFO  grpc.GrpcConfigKeys (ConfUtils.java:logGet(44)) - raft.grpc.server.port = 10632 (custom)
2021-07-07 01:42:57,777 [Listener at 0.0.0.0/15507] INFO  grpc.GrpcConfigKeys (ConfUtils.java:logGet(44)) - raft.grpc.server.port = 10632 (custom)
2021-07-07 01:42:57,777 [Listener at 0.0.0.0/15507] INFO  server.GrpcService (ConfUtils.java:logGet(44)) - raft.grpc.message.size.max = 33554432 (custom)
2021-07-07 01:42:57,777 [Listener at 0.0.0.0/15507] INFO  server.RaftServerConfigKeys (ConfUtils.java:logGet(44)) - raft.server.log.appender.buffer.byte-limit = 33554432 (custom)
2021-07-07 01:42:57,777 [Listener at 0.0.0.0/15507] INFO  server.GrpcService (ConfUtils.java:logGet(44)) - raft.grpc.flow.control.window = 1MB (=1048576) (default)
2021-07-07 01:42:57,778 [Listener at 0.0.0.0/15507] INFO  server.RaftServerConfigKeys (ConfUtils.java:logGet(44)) - raft.server.rpc.request.timeout = 3000ms (default)
2021-07-07 01:42:57,779 [Listener at 0.0.0.0/15507] INFO  impl.DataStreamServerImpl (ConfUtils.java:logGet(44)) - raft.datastream.type = DISABLED (default)
2021-07-07 01:42:57,779 [Listener at 0.0.0.0/15507] INFO  server.RaftServerConfigKeys (ConfUtils.java:logGet(44)) - raft.server.rpc.slowness.timeout = 2s (custom)
2021-07-07 01:42:57,779 [Listener at 0.0.0.0/15507] INFO  server.RaftServerConfigKeys (ConfUtils.java:logGet(44)) - raft.server.leaderelection.leader.step-down.wait-time = 10s (default)
2021-07-07 01:42:57,779 [Listener at 0.0.0.0/15507] INFO  server.RaftServerConfigKeys (ConfUtils.java:logGet(44)) - raft.server.storage.dir = [/home/runner/work/ozone/ozone/mnt/ozone/hadoop-ozone/integration-test/target/test-dir/MiniOzoneClusterImpl-1d7024f8-a0c4-4e84-a8d8-f49eec7f6d62/omNode-1/ratis] (custom)
2021-07-07 01:42:57,780 [Listener at 0.0.0.0/15507] INFO  server.RaftServer (RaftServerProxy.java:addNew(95)) - omNode-1: addNew group-523986131536:[omNode-1|rpc:localhost:10632|priority:0] returns group-523986131536:java.util.concurrent.CompletableFuture@e343477[Not completed]
2021-07-07 01:42:57,780 [pool-234-thread-1] INFO  server.RaftServer$Division (RaftServerImpl.java:<init>(180)) - omNode-1: new RaftServerImpl for group-523986131536:[omNode-1|rpc:localhost:10632|priority:0] with OzoneManagerStateMachine:uninitialized
2021-07-07 01:42:57,780 [Listener at 0.0.0.0/15507] INFO  om.OzoneManager (OzoneManager.java:initializeRatisServer(1311)) - OzoneManager Ratis server initialized at port 10632
2021-07-07 01:42:57,781 [pool-234-thread-1] INFO  server.RaftServerConfigKeys (ConfUtils.java:logGet(44)) - raft.server.rpc.timeout.min = 1s (custom)
2021-07-07 01:42:57,783 [Listener at 0.0.0.0/15507] INFO  ipc.CallQueueManager (CallQueueManager.java:<init>(85)) - Using callQueue: class java.util.concurrent.LinkedBlockingQueue, queueCapacity: 2000, scheduler: class org.apache.hadoop.ipc.DefaultRpcScheduler, ipcBackoff: false.
2021-07-07 01:42:57,783 [Socket Reader #1 for port 10628] INFO  ipc.Server (Server.java:run(1255)) - Starting Socket Reader #1 for port 10628
2021-07-07 01:42:57,792 [pool-234-thread-1] INFO  server.RaftServerConfigKeys (ConfUtils.java:logGet(44)) - raft.server.rpc.timeout.max = 1200ms (custom)
2021-07-07 01:42:57,792 [pool-234-thread-1] INFO  server.RaftServerConfigKeys (ConfUtils.java:logGet(44)) - raft.server.rpc.sleep.time = 25ms (default)
2021-07-07 01:42:57,792 [pool-234-thread-1] INFO  server.RaftServerConfigKeys (ConfUtils.java:logGet(44)) - raft.server.rpc.slowness.timeout = 2s (custom)
2021-07-07 01:42:57,792 [pool-234-thread-1] INFO  server.RaftServerConfigKeys (ConfUtils.java:logGet(44)) - raft.server.leaderelection.leader.step-down.wait-time = 10s (default)
2021-07-07 01:42:57,792 [pool-234-thread-1] INFO  server.RaftServerConfigKeys (ConfUtils.java:logGet(44)) - raft.server.sleep.deviation.threshold = 300ms (default)
2021-07-07 01:42:57,792 [pool-234-thread-1] INFO  server.RaftServerConfigKeys (ConfUtils.java:logGet(44)) - raft.server.log.appender.install.snapshot.enabled = false (custom)
2021-07-07 01:42:57,792 [pool-234-thread-1] INFO  server.RaftServer$Division (ServerState.java:<init>(105)) - omNode-1@group-523986131536: ConfigurationManager, init=-1: [omNode-1|rpc:localhost:10632|priority:0], old=null, confs=<EMPTY_MAP>
2021-07-07 01:42:57,792 [pool-234-thread-1] INFO  server.RaftServerConfigKeys (ConfUtils.java:logGet(44)) - raft.server.storage.dir = [/home/runner/work/ozone/ozone/mnt/ozone/hadoop-ozone/integration-test/target/test-dir/MiniOzoneClusterImpl-1d7024f8-a0c4-4e84-a8d8-f49eec7f6d62/omNode-1/ratis] (custom)
2021-07-07 01:42:57,792 [pool-234-thread-1] INFO  server.RaftServerConfigKeys (ConfUtils.java:logGet(44)) - raft.server.log.corruption.policy = EXCEPTION (default)
2021-07-07 01:42:57,793 [pool-234-thread-1] INFO  storage.RaftStorageDirectory (RaftStorageDirectoryImpl.java:analyzeStorage(132)) - The storage directory /home/runner/work/ozone/ozone/mnt/ozone/hadoop-ozone/integration-test/target/test-dir/MiniOzoneClusterImpl-1d7024f8-a0c4-4e84-a8d8-f49eec7f6d62/omNode-1/ratis/c9bc4cf4-3bc3-3c60-a66b-523986131536 does not exist. Creating ...
2021-07-07 01:42:57,794 [pool-234-thread-1] INFO  storage.RaftStorageDirectory (RaftStorageDirectoryImpl.java:tryLock(215)) - Lock on /home/runner/work/ozone/ozone/mnt/ozone/hadoop-ozone/integration-test/target/test-dir/MiniOzoneClusterImpl-1d7024f8-a0c4-4e84-a8d8-f49eec7f6d62/omNode-1/ratis/c9bc4cf4-3bc3-3c60-a66b-523986131536/in_use.lock acquired by nodename 8524@fv-az148-456
2021-07-07 01:42:57,795 [pool-234-thread-1] INFO  storage.RaftStorage (RaftStorageImpl.java:format(87)) - Storage directory /home/runner/work/ozone/ozone/mnt/ozone/hadoop-ozone/integration-test/target/test-dir/MiniOzoneClusterImpl-1d7024f8-a0c4-4e84-a8d8-f49eec7f6d62/omNode-1/ratis/c9bc4cf4-3bc3-3c60-a66b-523986131536 has been successfully formatted.
2021-07-07 01:42:57,795 [pool-234-thread-1] INFO  server.RaftServerConfigKeys (ConfUtils.java:logGet(44)) - raft.server.notification.no-leader.timeout = 2s (custom)
2021-07-07 01:42:57,796 [pool-234-thread-1] INFO  server.RaftServerConfigKeys (ConfUtils.java:logGet(44)) - raft.server.log.use.memory = false (default)
2021-07-07 01:42:57,796 [pool-234-thread-1] INFO  server.RaftServerConfigKeys (ConfUtils.java:logGet(44)) - raft.server.log.purge.gap = 1000000 (custom)
2021-07-07 01:42:57,796 [pool-234-thread-1] INFO  server.RaftServerConfigKeys (ConfUtils.java:logGet(44)) - raft.server.log.appender.buffer.byte-limit = 33554432 (custom)
2021-07-07 01:42:57,796 [pool-234-thread-1] INFO  metrics.RatisMetrics (RatisMetrics.java:lambda$create$0(36)) - Creating Metrics Registry : ratis.log_worker.omNode-1@group-523986131536
2021-07-07 01:42:57,797 [pool-234-thread-1] INFO  server.RaftServerConfigKeys (ConfUtils.java:logGet(44)) - raft.server.log.segment.size.max = 4194304 (custom)
2021-07-07 01:42:57,797 [pool-234-thread-1] INFO  server.RaftServerConfigKeys (ConfUtils.java:logGet(44)) - raft.server.log.segment.cache.num.max = 2 (custom)
2021-07-07 01:42:57,797 [pool-234-thread-1] INFO  server.RaftServerConfigKeys (ConfUtils.java:logGet(44)) - raft.server.log.segment.cache.size.max = 200MB (=209715200) (default)
2021-07-07 01:42:57,797 [pool-234-thread-1] INFO  segmented.SegmentedRaftLogWorker (SegmentedRaftLogWorker.java:<init>(182)) - new omNode-1@group-523986131536-SegmentedRaftLogWorker for RaftStorageImpl:Storage Directory /home/runner/work/ozone/ozone/mnt/ozone/hadoop-ozone/integration-test/target/test-dir/MiniOzoneClusterImpl-1d7024f8-a0c4-4e84-a8d8-f49eec7f6d62/omNode-1/ratis/c9bc4cf4-3bc3-3c60-a66b-523986131536
2021-07-07 01:42:57,797 [pool-234-thread-1] INFO  server.RaftServerConfigKeys (ConfUtils.java:logGet(44)) - raft.server.log.queue.byte-limit = 64MB (=67108864) (default)
2021-07-07 01:42:57,797 [pool-234-thread-1] INFO  server.RaftServerConfigKeys (ConfUtils.java:logGet(44)) - raft.server.log.queue.element-limit = 4096 (default)
2021-07-07 01:42:57,798 [pool-234-thread-1] INFO  server.RaftServerConfigKeys (ConfUtils.java:logGet(44)) - raft.server.log.segment.size.max = 4194304 (custom)
2021-07-07 01:42:57,798 [pool-234-thread-1] INFO  server.RaftServerConfigKeys (ConfUtils.java:logGet(44)) - raft.server.log.preallocated.size = 4194304 (custom)
2021-07-07 01:42:57,798 [pool-234-thread-1] INFO  server.RaftServerConfigKeys (ConfUtils.java:logGet(44)) - raft.server.log.force.sync.num = 128 (default)
2021-07-07 01:42:57,798 [pool-234-thread-1] INFO  server.RaftServerConfigKeys (ConfUtils.java:logGet(44)) - raft.server.log.statemachine.data.sync = true (default)
2021-07-07 01:42:57,798 [pool-234-thread-1] INFO  server.RaftServerConfigKeys (ConfUtils.java:logGet(44)) - raft.server.log.statemachine.data.sync.timeout = 10s (default)
2021-07-07 01:42:57,798 [pool-234-thread-1] INFO  server.RaftServerConfigKeys (ConfUtils.java:logGet(44)) - raft.server.log.statemachine.data.sync.timeout.retry = -1 (default)
2021-07-07 01:42:57,798 [pool-234-thread-1] INFO  server.RaftServerConfigKeys (ConfUtils.java:logGet(44)) - raft.server.log.write.buffer.size = 64KB (=65536) (default)
2021-07-07 01:42:57,798 [pool-234-thread-1] INFO  server.RaftServerConfigKeys (ConfUtils.java:logGet(44)) - raft.server.log.statemachine.data.caching.enabled = false (default)
2021-07-07 01:42:57,799 [pool-234-thread-1] INFO  segmented.SegmentedRaftLogWorker (SegmentedRaftLogWorker.java:lambda$new$0(133)) - omNode-1@group-523986131536-SegmentedRaftLogWorker: flushIndex: setUnconditionally 0 -> -1
2021-07-07 01:42:57,799 [pool-234-thread-1] INFO  segmented.SegmentedRaftLogWorker (SegmentedRaftLogWorker.java:lambda$new$0(133)) - omNode-1@group-523986131536-SegmentedRaftLogWorker: safeCacheEvictIndex: setUnconditionally 0 -> -1
2021-07-07 01:42:57,799 [pool-234-thread-1] INFO  server.RaftServerConfigKeys (ConfUtils.java:logGet(44)) - raft.server.snapshot.auto.trigger.enabled = true (custom)
2021-07-07 01:42:57,799 [pool-234-thread-1] INFO  server.RaftServerConfigKeys (ConfUtils.java:logGet(44)) - raft.server.snapshot.auto.trigger.threshold = 400000 (default)
2021-07-07 01:42:57,799 [pool-234-thread-1] INFO  server.RaftServerConfigKeys (ConfUtils.java:logGet(44)) - raft.server.snapshot.retention.file.num = -1 (default)
2021-07-07 01:42:57,799 [pool-234-thread-1] INFO  server.RaftServerConfigKeys (ConfUtils.java:logGet(44)) - raft.server.log.purge.upto.snapshot.index = true (custom)
2021-07-07 01:42:57,799 [pool-234-thread-1] INFO  server.RaftServerConfigKeys (ConfUtils.java:logGet(44)) - raft.server.retrycache.expirytime = 300s (custom)
2021-07-07 01:42:57,799 [pool-234-thread-1] INFO  server.RaftServerConfigKeys (ConfUtils.java:logGet(44)) - raft.server.retrycache.statistics.expirytime = 100μs (default)
2021-07-07 01:42:57,799 [pool-234-thread-1] INFO  metrics.RatisMetrics (RatisMetrics.java:lambda$create$0(36)) - Creating Metrics Registry : ratis.leader_election.omNode-1@group-523986131536
2021-07-07 01:42:57,800 [pool-234-thread-1] INFO  metrics.RatisMetrics (RatisMetrics.java:lambda$create$0(36)) - Creating Metrics Registry : ratis.server.omNode-1@group-523986131536
2021-07-07 01:42:57,811 [Listener at 127.0.0.1/10628] INFO  om.OzoneManager (OzoneManager.java:initFSOLayout(3896)) - Configured ozone.om.metadata.layout=SIMPLE and disabled optimized OM FS operations
2021-07-07 01:42:57,811 [Listener at 127.0.0.1/10628] INFO  impl.MetricsSystemImpl (MetricsSystemImpl.java:init(158)) - OzoneManager metrics system started (again)
2021-07-07 01:42:57,815 [Listener at 127.0.0.1/10628] INFO  om.OzoneManager (OzoneManager.java:start(1113)) - OzoneManager RPC server is listening at localhost/127.0.0.1:10628
2021-07-07 01:42:57,815 [Listener at 127.0.0.1/10628] INFO  ratis.OzoneManagerRatisServer (OzoneManagerRatisServer.java:start(388)) - Starting OzoneManagerRatisServer omNode-1 at port 10632
2021-07-07 01:42:57,815 [Listener at 127.0.0.1/10628] INFO  server.RaftServer$Division (RaftServerImpl.java:start(295)) - omNode-1@group-523986131536: start as a follower, conf=-1: [omNode-1|rpc:localhost:10632|priority:0], old=null
2021-07-07 01:42:57,815 [Listener at 127.0.0.1/10628] INFO  server.RaftServer$Division (RaftServerImpl.java:setRole(284)) - omNode-1@group-523986131536: changes role from      null to FOLLOWER at term 0 for startAsFollower
2021-07-07 01:42:57,815 [Listener at 127.0.0.1/10628] INFO  impl.RoleInfo (RoleInfo.java:updateAndGet(130)) - omNode-1: start omNode-1@group-523986131536-FollowerState
2021-07-07 01:42:57,816 [Listener at 127.0.0.1/10628] INFO  util.JmxRegister (JmxRegister.java:tryRegister(44)) - Successfully registered JMX Bean with object name Ratis:service=RaftServer,group=group-523986131536,id=omNode-1
2021-07-07 01:42:57,816 [Listener at 127.0.0.1/10628] INFO  metrics.RatisMetrics (RatisMetrics.java:lambda$create$0(36)) - Creating Metrics Registry : ratis.state_machine.omNode-1@group-523986131536
2021-07-07 01:42:57,817 [Listener at 127.0.0.1/10628] INFO  server.RaftServer (RaftServerProxy.java:lambda$start$5(374)) - omNode-1: start RPC server
2021-07-07 01:42:57,818 [Listener at 127.0.0.1/10628] INFO  server.GrpcService (GrpcService.java:startImpl(253)) - omNode-1: GrpcService started, listening on 10632
2021-07-07 01:42:57,818 [org.apache.ratis.util.JvmPauseMonitor$$Lambda$493/611739613@2cda8be9] INFO  util.JvmPauseMonitor (JvmPauseMonitor.java:run(103)) - JvmPauseMonitor-omNode-1: Started
2021-07-07 01:42:57,821 [Listener at 127.0.0.1/10628] INFO  http.BaseHttpServer (BaseHttpServer.java:newHttpServer2BuilderForOzone(209)) - Starting Web-server for ozoneManager at: http://0.0.0.0:10630
2021-07-07 01:42:57,821 [Listener at 127.0.0.1/10628] INFO  http.BaseHttpServer (BaseHttpServer.java:<init>(107)) - Hadoop Security Enabled: false Ozone Security Enabled: false Ozone HTTP Security Enabled: false 
2021-07-07 01:42:57,822 [Listener at 127.0.0.1/10628] INFO  server.AuthenticationFilter (AuthenticationFilter.java:constructSecretProvider(240)) - Unable to initialize FileSignerSecretProvider, falling back to use random secrets.
2021-07-07 01:42:57,823 [Listener at 127.0.0.1/10628] WARN  http.HttpRequestLog (HttpRequestLog.java:getRequestLog(103)) - Jetty request log can only be enabled using Log4j
2021-07-07 01:42:57,824 [Listener at 127.0.0.1/10628] INFO  http.HttpServer2 (HttpServer2.java:addGlobalFilter(1020)) - Added global filter 'safety' (class=org.apache.hadoop.hdds.server.http.HttpServer2$QuotingInputFilter)
2021-07-07 01:42:57,825 [Listener at 127.0.0.1/10628] INFO  http.HttpServer2 (HttpServer2.java:addFilter(996)) - Added filter static_user_filter (class=org.apache.hadoop.http.lib.StaticUserWebFilter$StaticUserFilter) to context ozoneManager
2021-07-07 01:42:57,825 [Listener at 127.0.0.1/10628] INFO  http.HttpServer2 (HttpServer2.java:addFilter(1004)) - Added filter static_user_filter (class=org.apache.hadoop.http.lib.StaticUserWebFilter$StaticUserFilter) to context static
2021-07-07 01:42:57,826 [Listener at 127.0.0.1/10628] INFO  http.HttpServer2 (HttpServer2.java:addFilter(1004)) - Added filter static_user_filter (class=org.apache.hadoop.http.lib.StaticUserWebFilter$StaticUserFilter) to context logs
2021-07-07 01:42:57,826 [Listener at 127.0.0.1/10628] INFO  http.HttpServer2 (HttpServer2.java:bindListener(1238)) - Jetty bound to port 10630
2021-07-07 01:42:57,826 [Listener at 127.0.0.1/10628] INFO  server.Server (Server.java:doStart(375)) - jetty-9.4.35.v20201120; built: 2020-11-20T21:17:03.964Z; git: bdc54f03a5e0a7e280fab27f55c3c75ee8da89fb; jvm 1.8.0_292-b10
2021-07-07 01:42:57,833 [Listener at 127.0.0.1/10628] INFO  server.session (DefaultSessionIdManager.java:doStart(334)) - DefaultSessionIdManager workerName=node0
2021-07-07 01:42:57,833 [Listener at 127.0.0.1/10628] INFO  server.session (DefaultSessionIdManager.java:doStart(339)) - No SessionScavenger set, using defaults
2021-07-07 01:42:57,833 [Listener at 127.0.0.1/10628] INFO  server.session (HouseKeeper.java:startScavenging(132)) - node0 Scavenging every 600000ms
2021-07-07 01:42:57,834 [Listener at 127.0.0.1/10628] INFO  handler.ContextHandler (ContextHandler.java:doStart(916)) - Started o.e.j.s.ServletContextHandler@102ee705{logs,/logs,file:///home/runner/work/ozone/ozone/mnt/ozone/hadoop-ozone/integration-test/target/log,AVAILABLE}
2021-07-07 01:42:57,834 [Listener at 127.0.0.1/10628] INFO  handler.ContextHandler (ContextHandler.java:doStart(916)) - Started o.e.j.s.ServletContextHandler@2ff35d7{static,/static,file:///home/runner/work/ozone/ozone/mnt/ozone/hadoop-ozone/integration-test/target/test-classes/webapps/static,AVAILABLE}
2021-07-07 01:42:57,837 [Listener at 127.0.0.1/10628] INFO  handler.ContextHandler (ContextHandler.java:doStart(916)) - Started o.e.j.w.WebAppContext@7d66a634{ozoneManager,/,file:///home/runner/work/ozone/ozone/mnt/ozone/hadoop-ozone/integration-test/target/test-classes/webapps/ozoneManager/,AVAILABLE}{file:/home/runner/work/ozone/ozone/mnt/ozone/hadoop-ozone/integration-test/target/test-classes/webapps/ozoneManager}
2021-07-07 01:42:57,841 [Listener at 127.0.0.1/10628] INFO  server.AbstractConnector (AbstractConnector.java:doStart(331)) - Started ServerConnector@48c7773{HTTP/1.1, (http/1.1)}{0.0.0.0:10630}
2021-07-07 01:42:57,841 [Listener at 127.0.0.1/10628] INFO  server.Server (Server.java:doStart(415)) - Started @77640ms
2021-07-07 01:42:57,841 [Listener at 127.0.0.1/10628] WARN  impl.MetricsSystemImpl (MetricsSystemImpl.java:register(279)) - Sink prometheus already exists!
2021-07-07 01:42:57,842 [Listener at 127.0.0.1/10628] INFO  http.BaseHttpServer (BaseHttpServer.java:updateConnectorAddress(329)) - HTTP server of ozoneManager listening at http://0.0.0.0:10630
2021-07-07 01:42:57,842 [IPC Server Responder] INFO  ipc.Server (Server.java:run(1497)) - IPC Server Responder: starting
2021-07-07 01:42:57,844 [IPC Server listener on 10628] INFO  ipc.Server (Server.java:run(1334)) - IPC Server listener on 10628: starting
2021-07-07 01:42:57,853 [Listener at 127.0.0.1/10628] INFO  om.OzoneManager (OzoneManager.java:startTrashEmptier(1251)) - Trash Interval set to 0. Files deleted will not move to trash
2021-07-07 01:42:57,853 [Listener at 127.0.0.1/10628] INFO  ozone.MiniOzoneHAClusterImpl (MiniOzoneHAClusterImpl.java:createOMService(462)) - Started OzoneManager RPC server at localhost/127.0.0.1:10628
2021-07-07 01:42:57,853 [org.apache.hadoop.util.JvmPauseMonitor$Monitor@2df92850] INFO  util.JvmPauseMonitor (JvmPauseMonitor.java:run(188)) - Starting JVM pause monitor
2021-07-07 01:42:57,862 [Listener at 127.0.0.1/10628] INFO  impl.MetricsSystemImpl (MetricsSystemImpl.java:init(158)) - HddsDatanode metrics system started (again)
2021-07-07 01:42:57,865 [Listener at 127.0.0.1/10628] INFO  ozone.HddsDatanodeService (HddsDatanodeService.java:start(221)) - HddsDatanodeService host:fv-az148-456.bm4ck3pvxvsene1rjriu5fhcdb.bx.internal.cloudapp.net ip:10.1.0.45
2021-07-07 01:42:57,870 [EndpointStateMachine task thread for /127.0.0.1:13961 - 0 ] INFO  ipc.Client (Client.java:handleConnectionFailure(966)) - Retrying connect to server: localhost/127.0.0.1:13961. Already tried 6 time(s); retry policy is RetryUpToMaximumCountWithFixedSleep(maxRetries=15, sleepTime=1000 MILLISECONDS)
2021-07-07 01:42:57,870 [EndpointStateMachine task thread for /127.0.0.1:13941 - 0 ] INFO  ipc.Client (Client.java:handleConnectionFailure(966)) - Retrying connect to server: localhost/127.0.0.1:13941. Already tried 8 time(s); retry policy is RetryUpToMaximumCountWithFixedSleep(maxRetries=15, sleepTime=1000 MILLISECONDS)
2021-07-07 01:42:57,870 [EndpointStateMachine task thread for /127.0.0.1:13951 - 0 ] INFO  ipc.Client (Client.java:handleConnectionFailure(966)) - Retrying connect to server: localhost/127.0.0.1:13951. Already tried 6 time(s); retry policy is RetryUpToMaximumCountWithFixedSleep(maxRetries=15, sleepTime=1000 MILLISECONDS)
2021-07-07 01:42:57,887 [Listener at 127.0.0.1/10628] INFO  ha.SCMNodeInfo (SCMNodeInfo.java:getPort(197)) - ConfigKey ozone.scm.client.address is deprecated, For configuring different ports for each SCM use PortConfigKey ozone.scm.client.port appended with serviceId and nodeId
2021-07-07 01:42:57,887 [Listener at 127.0.0.1/10628] INFO  ha.SCMNodeInfo (SCMNodeInfo.java:getPort(197)) - ConfigKey ozone.scm.block.client.address is deprecated, For configuring different ports for each SCM use PortConfigKey ozone.scm.block.client.port appended with serviceId and nodeId
2021-07-07 01:42:57,887 [Listener at 127.0.0.1/10628] INFO  ha.SCMNodeInfo (SCMNodeInfo.java:getPort(197)) - ConfigKey ozone.scm.datanode.address is deprecated, For configuring different ports for each SCM use PortConfigKey ozone.scm.datanode.port appended with serviceId and nodeId
2021-07-07 01:42:57,888 [Listener at 127.0.0.1/10628] INFO  ha.SCMNodeInfo (SCMNodeInfo.java:getPort(197)) - ConfigKey ozone.scm.client.address is deprecated, For configuring different ports for each SCM use PortConfigKey ozone.scm.client.port appended with serviceId and nodeId
2021-07-07 01:42:57,888 [Listener at 127.0.0.1/10628] INFO  ha.SCMNodeInfo (SCMNodeInfo.java:getPort(197)) - ConfigKey ozone.scm.block.client.address is deprecated, For configuring different ports for each SCM use PortConfigKey ozone.scm.block.client.port appended with serviceId and nodeId
2021-07-07 01:42:57,888 [Listener at 127.0.0.1/10628] INFO  ha.SCMNodeInfo (SCMNodeInfo.java:getPort(197)) - ConfigKey ozone.scm.datanode.address is deprecated, For configuring different ports for each SCM use PortConfigKey ozone.scm.datanode.port appended with serviceId and nodeId
2021-07-07 01:42:57,888 [Listener at 127.0.0.1/10628] INFO  ha.SCMNodeInfo (SCMNodeInfo.java:getPort(197)) - ConfigKey ozone.scm.client.address is deprecated, For configuring different ports for each SCM use PortConfigKey ozone.scm.client.port appended with serviceId and nodeId
2021-07-07 01:42:57,888 [Listener at 127.0.0.1/10628] INFO  ha.SCMNodeInfo (SCMNodeInfo.java:getPort(197)) - ConfigKey ozone.scm.block.client.address is deprecated, For configuring different ports for each SCM use PortConfigKey ozone.scm.block.client.port appended with serviceId and nodeId
2021-07-07 01:42:57,888 [Listener at 127.0.0.1/10628] INFO  ha.SCMNodeInfo (SCMNodeInfo.java:getPort(197)) - ConfigKey ozone.scm.datanode.address is deprecated, For configuring different ports for each SCM use PortConfigKey ozone.scm.datanode.port appended with serviceId and nodeId
2021-07-07 01:42:57,890 [Listener at 127.0.0.1/10628] INFO  volume.HddsVolume (HddsVolume.java:<init>(119)) - Creating HddsVolume: /home/runner/work/ozone/ozone/mnt/ozone/hadoop-ozone/integration-test/target/test-dir/MiniOzoneClusterImpl-1d7024f8-a0c4-4e84-a8d8-f49eec7f6d62/datanode-0/data-0/containers/hdds of storage type : DISK capacity : 9223372036854775807
2021-07-07 01:42:57,890 [Listener at 127.0.0.1/10628] INFO  volume.MutableVolumeSet (MutableVolumeSet.java:initializeVolumeSet(181)) - Added Volume : /home/runner/work/ozone/ozone/mnt/ozone/hadoop-ozone/integration-test/target/test-dir/MiniOzoneClusterImpl-1d7024f8-a0c4-4e84-a8d8-f49eec7f6d62/datanode-0/data-0/containers/hdds to VolumeSet
2021-07-07 01:42:57,890 [Listener at 127.0.0.1/10628] INFO  volume.ThrottledAsyncChecker (ThrottledAsyncChecker.java:schedule(141)) - Scheduling a check for /home/runner/work/ozone/ozone/mnt/ozone/hadoop-ozone/integration-test/target/test-dir/MiniOzoneClusterImpl-1d7024f8-a0c4-4e84-a8d8-f49eec7f6d62/datanode-0/data-0/containers/hdds
2021-07-07 01:42:57,891 [Listener at 127.0.0.1/10628] INFO  volume.StorageVolumeChecker (StorageVolumeChecker.java:checkAllVolumes(201)) - Scheduled health check for volume /home/runner/work/ozone/ozone/mnt/ozone/hadoop-ozone/integration-test/target/test-dir/MiniOzoneClusterImpl-1d7024f8-a0c4-4e84-a8d8-f49eec7f6d62/datanode-0/data-0/containers/hdds
2021-07-07 01:42:57,906 [Listener at 127.0.0.1/10628] INFO  volume.MutableVolumeSet (MutableVolumeSet.java:initializeVolumeSet(181)) - Added Volume : /home/runner/work/ozone/ozone/mnt/ozone/hadoop-ozone/integration-test/target/test-dir/MiniOzoneClusterImpl-1d7024f8-a0c4-4e84-a8d8-f49eec7f6d62/datanode-0/data/ratis to VolumeSet
2021-07-07 01:42:57,919 [Listener at 127.0.0.1/10628] INFO  ozoneimpl.ContainerReader (ContainerReader.java:<init>(98)) - Running in upgrade mode:true
2021-07-07 01:42:57,920 [Thread-1462] INFO  ozoneimpl.ContainerReader (ContainerReader.java:readVolume(142)) - Start to verify containers on volume /home/runner/work/ozone/ozone/mnt/ozone/hadoop-ozone/integration-test/target/test-dir/MiniOzoneClusterImpl-1d7024f8-a0c4-4e84-a8d8-f49eec7f6d62/datanode-0/data-0/containers/hdds
2021-07-07 01:42:57,920 [Thread-1462] INFO  ozoneimpl.ContainerReader (ContainerReader.java:readVolume(174)) - Finish verifying containers on volume /home/runner/work/ozone/ozone/mnt/ozone/hadoop-ozone/integration-test/target/test-dir/MiniOzoneClusterImpl-1d7024f8-a0c4-4e84-a8d8-f49eec7f6d62/datanode-0/data-0/containers/hdds
2021-07-07 01:42:57,920 [Listener at 127.0.0.1/10628] INFO  ozoneimpl.OzoneContainer (OzoneContainer.java:buildContainerSet(237)) - Build ContainerSet costs 0s
2021-07-07 01:42:57,922 [Listener at 127.0.0.1/10628] INFO  server.RaftServer (ConfUtils.java:logGet(44)) - raft.rpc.type = GRPC (default)
2021-07-07 01:42:57,923 [Listener at 127.0.0.1/10628] INFO  grpc.GrpcFactory (GrpcFactory.java:checkPooledByteBufAllocatorUseCacheForAllThreads(48)) - PERFORMANCE WARNING: useCacheForAllThreads is true that may cause Netty to create a lot garbage objects and, as a result, trigger GC.
	It is recommended to disable useCacheForAllThreads by setting -Dorg.apache.ratis.thirdparty.io.netty.allocator.useCacheForAllThreads=false in command line.
2021-07-07 01:42:57,923 [Listener at 127.0.0.1/10628] INFO  grpc.GrpcConfigKeys (ConfUtils.java:logGet(44)) - raft.grpc.admin.port = 0 (custom)
2021-07-07 01:42:57,923 [Listener at 127.0.0.1/10628] INFO  grpc.GrpcConfigKeys (ConfUtils.java:logGet(44)) - raft.grpc.client.port = 0 (custom)
2021-07-07 01:42:57,923 [Listener at 127.0.0.1/10628] INFO  grpc.GrpcConfigKeys (ConfUtils.java:logGet(44)) - raft.grpc.server.port = 0 (default)
2021-07-07 01:42:57,923 [Listener at 127.0.0.1/10628] INFO  server.GrpcService (ConfUtils.java:logGet(44)) - raft.grpc.message.size.max = 32MB (=33554432) (custom)
2021-07-07 01:42:57,924 [Listener at 127.0.0.1/10628] INFO  server.RaftServerConfigKeys (ConfUtils.java:logGet(44)) - raft.server.log.appender.buffer.byte-limit = 33554432 (custom)
2021-07-07 01:42:57,924 [Listener at 127.0.0.1/10628] INFO  server.GrpcService (ConfUtils.java:logGet(44)) - raft.grpc.flow.control.window = 5MB (=5242880) (custom)
2021-07-07 01:42:57,924 [Listener at 127.0.0.1/10628] INFO  server.RaftServerConfigKeys (ConfUtils.java:logGet(44)) - raft.server.rpc.request.timeout = 60s (custom)
2021-07-07 01:42:57,925 [Listener at 127.0.0.1/10628] INFO  impl.DataStreamServerImpl (ConfUtils.java:logGet(44)) - raft.datastream.type = DISABLED (default)
2021-07-07 01:42:57,925 [Listener at 127.0.0.1/10628] INFO  server.RaftServerConfigKeys (ConfUtils.java:logGet(44)) - raft.server.rpc.slowness.timeout = 300s (custom)
2021-07-07 01:42:57,925 [Listener at 127.0.0.1/10628] INFO  server.RaftServerConfigKeys (ConfUtils.java:logGet(44)) - raft.server.leaderelection.leader.step-down.wait-time = 10s (default)
2021-07-07 01:42:57,925 [Listener at 127.0.0.1/10628] INFO  server.RaftServerConfigKeys (ConfUtils.java:logGet(44)) - raft.server.storage.dir = [/home/runner/work/ozone/ozone/mnt/ozone/hadoop-ozone/integration-test/target/test-dir/MiniOzoneClusterImpl-1d7024f8-a0c4-4e84-a8d8-f49eec7f6d62/datanode-0/data/ratis] (custom)
2021-07-07 01:42:57,928 [Listener at 127.0.0.1/10628] INFO  http.BaseHttpServer (BaseHttpServer.java:newHttpServer2BuilderForOzone(209)) - Starting Web-server for hddsDatanode at: http://0.0.0.0:0
2021-07-07 01:42:57,928 [Listener at 127.0.0.1/10628] INFO  http.BaseHttpServer (BaseHttpServer.java:<init>(107)) - Hadoop Security Enabled: false Ozone Security Enabled: false Ozone HTTP Security Enabled: false 
2021-07-07 01:42:57,930 [Listener at 127.0.0.1/10628] INFO  server.AuthenticationFilter (AuthenticationFilter.java:constructSecretProvider(240)) - Unable to initialize FileSignerSecretProvider, falling back to use random secrets.
2021-07-07 01:42:57,930 [Listener at 127.0.0.1/10628] WARN  http.HttpRequestLog (HttpRequestLog.java:getRequestLog(103)) - Jetty request log can only be enabled using Log4j
2021-07-07 01:42:57,931 [Listener at 127.0.0.1/10628] INFO  http.HttpServer2 (HttpServer2.java:addGlobalFilter(1020)) - Added global filter 'safety' (class=org.apache.hadoop.hdds.server.http.HttpServer2$QuotingInputFilter)
2021-07-07 01:42:57,932 [Listener at 127.0.0.1/10628] INFO  http.HttpServer2 (HttpServer2.java:addFilter(996)) - Added filter static_user_filter (class=org.apache.hadoop.http.lib.StaticUserWebFilter$StaticUserFilter) to context hddsDatanode
2021-07-07 01:42:57,932 [Listener at 127.0.0.1/10628] INFO  http.HttpServer2 (HttpServer2.java:addFilter(1004)) - Added filter static_user_filter (class=org.apache.hadoop.http.lib.StaticUserWebFilter$StaticUserFilter) to context static
2021-07-07 01:42:57,932 [Listener at 127.0.0.1/10628] INFO  http.HttpServer2 (HttpServer2.java:addFilter(1004)) - Added filter static_user_filter (class=org.apache.hadoop.http.lib.StaticUserWebFilter$StaticUserFilter) to context logs
2021-07-07 01:42:57,933 [Listener at 127.0.0.1/10628] INFO  http.HttpServer2 (HttpServer2.java:bindListener(1238)) - Jetty bound to port 37379
2021-07-07 01:42:57,933 [Listener at 127.0.0.1/10628] INFO  server.Server (Server.java:doStart(375)) - jetty-9.4.35.v20201120; built: 2020-11-20T21:17:03.964Z; git: bdc54f03a5e0a7e280fab27f55c3c75ee8da89fb; jvm 1.8.0_292-b10
2021-07-07 01:42:57,934 [Listener at 127.0.0.1/10628] INFO  server.session (DefaultSessionIdManager.java:doStart(334)) - DefaultSessionIdManager workerName=node0
2021-07-07 01:42:57,934 [Listener at 127.0.0.1/10628] INFO  server.session (DefaultSessionIdManager.java:doStart(339)) - No SessionScavenger set, using defaults
2021-07-07 01:42:57,934 [Listener at 127.0.0.1/10628] INFO  server.session (HouseKeeper.java:startScavenging(132)) - node0 Scavenging every 660000ms
2021-07-07 01:42:57,935 [Listener at 127.0.0.1/10628] INFO  handler.ContextHandler (ContextHandler.java:doStart(916)) - Started o.e.j.s.ServletContextHandler@15f8b713{logs,/logs,file:///home/runner/work/ozone/ozone/mnt/ozone/hadoop-ozone/integration-test/target/log,AVAILABLE}
2021-07-07 01:42:57,935 [Listener at 127.0.0.1/10628] INFO  handler.ContextHandler (ContextHandler.java:doStart(916)) - Started o.e.j.s.ServletContextHandler@10101a10{static,/static,jar:file:/home/runner/.m2/repository/org/apache/ozone/hdds-container-service/1.2.0-SNAPSHOT/hdds-container-service-1.2.0-SNAPSHOT.jar!/webapps/static,AVAILABLE}
2021-07-07 01:42:57,981 [Listener at 127.0.0.1/10628] INFO  handler.ContextHandler (ContextHandler.java:doStart(916)) - Started o.e.j.w.WebAppContext@3ececd11{hddsDatanode,/,file:///tmp/jetty-0_0_0_0-37379-hdds-container-service-1_2_0-SNAPSHOT_jar-_-any-5809123083914971805/webapp/,AVAILABLE}{jar:file:/home/runner/.m2/repository/org/apache/ozone/hdds-container-service/1.2.0-SNAPSHOT/hdds-container-service-1.2.0-SNAPSHOT.jar!/webapps/hddsDatanode}
2021-07-07 01:42:57,984 [Listener at 127.0.0.1/10628] INFO  server.AbstractConnector (AbstractConnector.java:doStart(331)) - Started ServerConnector@5cd549ae{HTTP/1.1, (http/1.1)}{0.0.0.0:37379}
2021-07-07 01:42:57,984 [Listener at 127.0.0.1/10628] INFO  server.Server (Server.java:doStart(415)) - Started @77783ms
2021-07-07 01:42:57,984 [Listener at 127.0.0.1/10628] WARN  impl.MetricsSystemImpl (MetricsSystemImpl.java:register(279)) - Sink prometheus already exists!
2021-07-07 01:42:57,985 [Listener at 127.0.0.1/10628] INFO  http.BaseHttpServer (BaseHttpServer.java:updateConnectorAddress(329)) - HTTP server of hddsDatanode listening at http://0.0.0.0:37379
2021-07-07 01:42:57,986 [Listener at 127.0.0.1/10628] INFO  impl.MetricsSystemImpl (MetricsSystemImpl.java:init(158)) - HddsDatanode metrics system started (again)
2021-07-07 01:42:57,990 [Listener at 127.0.0.1/10628] INFO  ozone.HddsDatanodeService (HddsDatanodeService.java:start(221)) - HddsDatanodeService host:fv-az148-456.bm4ck3pvxvsene1rjriu5fhcdb.bx.internal.cloudapp.net ip:10.1.0.45
2021-07-07 01:42:57,994 [org.apache.hadoop.util.JvmPauseMonitor$Monitor@781997f5] INFO  util.JvmPauseMonitor (JvmPauseMonitor.java:run(188)) - Starting JVM pause monitor
2021-07-07 01:42:57,994 [Datanode State Machine Task Thread - 0] INFO  ha.SCMNodeInfo (SCMNodeInfo.java:getPort(197)) - ConfigKey ozone.scm.client.address is deprecated, For configuring different ports for each SCM use PortConfigKey ozone.scm.client.port appended with serviceId and nodeId
2021-07-07 01:42:57,994 [Datanode State Machine Task Thread - 0] INFO  ha.SCMNodeInfo (SCMNodeInfo.java:getPort(197)) - ConfigKey ozone.scm.block.client.address is deprecated, For configuring different ports for each SCM use PortConfigKey ozone.scm.block.client.port appended with serviceId and nodeId
2021-07-07 01:42:57,994 [Datanode State Machine Task Thread - 0] INFO  ha.SCMNodeInfo (SCMNodeInfo.java:getPort(197)) - ConfigKey ozone.scm.datanode.address is deprecated, For configuring different ports for each SCM use PortConfigKey ozone.scm.datanode.port appended with serviceId and nodeId
2021-07-07 01:42:57,994 [Datanode State Machine Task Thread - 0] INFO  ha.SCMNodeInfo (SCMNodeInfo.java:getPort(197)) - ConfigKey ozone.scm.client.address is deprecated, For configuring different ports for each SCM use PortConfigKey ozone.scm.client.port appended with serviceId and nodeId
2021-07-07 01:42:57,994 [Datanode State Machine Task Thread - 0] INFO  ha.SCMNodeInfo (SCMNodeInfo.java:getPort(197)) - ConfigKey ozone.scm.block.client.address is deprecated, For configuring different ports for each SCM use PortConfigKey ozone.scm.block.client.port appended with serviceId and nodeId
2021-07-07 01:42:57,994 [Datanode State Machine Task Thread - 0] INFO  ha.SCMNodeInfo (SCMNodeInfo.java:getPort(197)) - ConfigKey ozone.scm.datanode.address is deprecated, For configuring different ports for each SCM use PortConfigKey ozone.scm.datanode.port appended with serviceId and nodeId
2021-07-07 01:42:57,994 [Datanode State Machine Task Thread - 0] INFO  ha.SCMNodeInfo (SCMNodeInfo.java:getPort(197)) - ConfigKey ozone.scm.client.address is deprecated, For configuring different ports for each SCM use PortConfigKey ozone.scm.client.port appended with serviceId and nodeId
2021-07-07 01:42:57,994 [Datanode State Machine Task Thread - 0] INFO  ha.SCMNodeInfo (SCMNodeInfo.java:getPort(197)) - ConfigKey ozone.scm.block.client.address is deprecated, For configuring different ports for each SCM use PortConfigKey ozone.scm.block.client.port appended with serviceId and nodeId
2021-07-07 01:42:57,994 [Datanode State Machine Task Thread - 0] INFO  ha.SCMNodeInfo (SCMNodeInfo.java:getPort(197)) - ConfigKey ozone.scm.datanode.address is deprecated, For configuring different ports for each SCM use PortConfigKey ozone.scm.datanode.port appended with serviceId and nodeId
2021-07-07 01:42:57,996 [Datanode State Machine Task Thread - 0] INFO  datanode.InitDatanodeState (InitDatanodeState.java:persistContainerDatanodeDetails(145)) - DatanodeDetails is persisted to /home/runner/work/ozone/ozone/mnt/ozone/hadoop-ozone/integration-test/target/test-dir/MiniOzoneClusterImpl-1d7024f8-a0c4-4e84-a8d8-f49eec7f6d62/datanode-0/meta/datanode.id
2021-07-07 01:42:58,009 [Listener at 127.0.0.1/10628] INFO  ha.SCMNodeInfo (SCMNodeInfo.java:getPort(197)) - ConfigKey ozone.scm.client.address is deprecated, For configuring different ports for each SCM use PortConfigKey ozone.scm.client.port appended with serviceId and nodeId
2021-07-07 01:42:58,010 [Listener at 127.0.0.1/10628] INFO  ha.SCMNodeInfo (SCMNodeInfo.java:getPort(197)) - ConfigKey ozone.scm.block.client.address is deprecated, For configuring different ports for each SCM use PortConfigKey ozone.scm.block.client.port appended with serviceId and nodeId
2021-07-07 01:42:58,010 [Listener at 127.0.0.1/10628] INFO  ha.SCMNodeInfo (SCMNodeInfo.java:getPort(197)) - ConfigKey ozone.scm.datanode.address is deprecated, For configuring different ports for each SCM use PortConfigKey ozone.scm.datanode.port appended with serviceId and nodeId
2021-07-07 01:42:58,010 [Listener at 127.0.0.1/10628] INFO  ha.SCMNodeInfo (SCMNodeInfo.java:getPort(197)) - ConfigKey ozone.scm.client.address is deprecated, For configuring different ports for each SCM use PortConfigKey ozone.scm.client.port appended with serviceId and nodeId
2021-07-07 01:42:58,010 [Listener at 127.0.0.1/10628] INFO  ha.SCMNodeInfo (SCMNodeInfo.java:getPort(197)) - ConfigKey ozone.scm.block.client.address is deprecated, For configuring different ports for each SCM use PortConfigKey ozone.scm.block.client.port appended with serviceId and nodeId
2021-07-07 01:42:58,010 [Listener at 127.0.0.1/10628] INFO  ha.SCMNodeInfo (SCMNodeInfo.java:getPort(197)) - ConfigKey ozone.scm.datanode.address is deprecated, For configuring different ports for each SCM use PortConfigKey ozone.scm.datanode.port appended with serviceId and nodeId
2021-07-07 01:42:58,010 [Listener at 127.0.0.1/10628] INFO  ha.SCMNodeInfo (SCMNodeInfo.java:getPort(197)) - ConfigKey ozone.scm.client.address is deprecated, For configuring different ports for each SCM use PortConfigKey ozone.scm.client.port appended with serviceId and nodeId
2021-07-07 01:42:58,010 [Listener at 127.0.0.1/10628] INFO  ha.SCMNodeInfo (SCMNodeInfo.java:getPort(197)) - ConfigKey ozone.scm.block.client.address is deprecated, For configuring different ports for each SCM use PortConfigKey ozone.scm.block.client.port appended with serviceId and nodeId
2021-07-07 01:42:58,011 [Listener at 127.0.0.1/10628] INFO  ha.SCMNodeInfo (SCMNodeInfo.java:getPort(197)) - ConfigKey ozone.scm.datanode.address is deprecated, For configuring different ports for each SCM use PortConfigKey ozone.scm.datanode.port appended with serviceId and nodeId
2021-07-07 01:42:58,012 [Listener at 127.0.0.1/10628] INFO  volume.HddsVolume (HddsVolume.java:<init>(119)) - Creating HddsVolume: /home/runner/work/ozone/ozone/mnt/ozone/hadoop-ozone/integration-test/target/test-dir/MiniOzoneClusterImpl-1d7024f8-a0c4-4e84-a8d8-f49eec7f6d62/datanode-1/data-0/containers/hdds of storage type : DISK capacity : 9223372036854775807
2021-07-07 01:42:58,012 [Listener at 127.0.0.1/10628] INFO  volume.MutableVolumeSet (MutableVolumeSet.java:initializeVolumeSet(181)) - Added Volume : /home/runner/work/ozone/ozone/mnt/ozone/hadoop-ozone/integration-test/target/test-dir/MiniOzoneClusterImpl-1d7024f8-a0c4-4e84-a8d8-f49eec7f6d62/datanode-1/data-0/containers/hdds to VolumeSet
2021-07-07 01:42:58,012 [Listener at 127.0.0.1/10628] INFO  volume.ThrottledAsyncChecker (ThrottledAsyncChecker.java:schedule(141)) - Scheduling a check for /home/runner/work/ozone/ozone/mnt/ozone/hadoop-ozone/integration-test/target/test-dir/MiniOzoneClusterImpl-1d7024f8-a0c4-4e84-a8d8-f49eec7f6d62/datanode-1/data-0/containers/hdds
2021-07-07 01:42:58,016 [Listener at 127.0.0.1/10628] INFO  volume.StorageVolumeChecker (StorageVolumeChecker.java:checkAllVolumes(201)) - Scheduled health check for volume /home/runner/work/ozone/ozone/mnt/ozone/hadoop-ozone/integration-test/target/test-dir/MiniOzoneClusterImpl-1d7024f8-a0c4-4e84-a8d8-f49eec7f6d62/datanode-1/data-0/containers/hdds
2021-07-07 01:42:58,030 [Listener at 127.0.0.1/10628] INFO  volume.MutableVolumeSet (MutableVolumeSet.java:initializeVolumeSet(181)) - Added Volume : /home/runner/work/ozone/ozone/mnt/ozone/hadoop-ozone/integration-test/target/test-dir/MiniOzoneClusterImpl-1d7024f8-a0c4-4e84-a8d8-f49eec7f6d62/datanode-1/data/ratis to VolumeSet
2021-07-07 01:42:58,043 [Listener at 127.0.0.1/10628] INFO  ozoneimpl.ContainerReader (ContainerReader.java:<init>(98)) - Running in upgrade mode:true
2021-07-07 01:42:58,044 [Thread-1473] INFO  ozoneimpl.ContainerReader (ContainerReader.java:readVolume(142)) - Start to verify containers on volume /home/runner/work/ozone/ozone/mnt/ozone/hadoop-ozone/integration-test/target/test-dir/MiniOzoneClusterImpl-1d7024f8-a0c4-4e84-a8d8-f49eec7f6d62/datanode-1/data-0/containers/hdds
2021-07-07 01:42:58,044 [Thread-1473] INFO  ozoneimpl.ContainerReader (ContainerReader.java:readVolume(174)) - Finish verifying containers on volume /home/runner/work/ozone/ozone/mnt/ozone/hadoop-ozone/integration-test/target/test-dir/MiniOzoneClusterImpl-1d7024f8-a0c4-4e84-a8d8-f49eec7f6d62/datanode-1/data-0/containers/hdds
2021-07-07 01:42:58,044 [Listener at 127.0.0.1/10628] INFO  ozoneimpl.OzoneContainer (OzoneContainer.java:buildContainerSet(237)) - Build ContainerSet costs 0s
2021-07-07 01:42:58,046 [Listener at 127.0.0.1/10628] INFO  server.RaftServer (ConfUtils.java:logGet(44)) - raft.rpc.type = GRPC (default)
2021-07-07 01:42:58,046 [Listener at 127.0.0.1/10628] INFO  grpc.GrpcFactory (GrpcFactory.java:checkPooledByteBufAllocatorUseCacheForAllThreads(48)) - PERFORMANCE WARNING: useCacheForAllThreads is true that may cause Netty to create a lot garbage objects and, as a result, trigger GC.
	It is recommended to disable useCacheForAllThreads by setting -Dorg.apache.ratis.thirdparty.io.netty.allocator.useCacheForAllThreads=false in command line.
2021-07-07 01:42:58,047 [Listener at 127.0.0.1/10628] INFO  grpc.GrpcConfigKeys (ConfUtils.java:logGet(44)) - raft.grpc.admin.port = 0 (custom)
2021-07-07 01:42:58,047 [Listener at 127.0.0.1/10628] INFO  grpc.GrpcConfigKeys (ConfUtils.java:logGet(44)) - raft.grpc.client.port = 0 (custom)
2021-07-07 01:42:58,047 [Listener at 127.0.0.1/10628] INFO  grpc.GrpcConfigKeys (ConfUtils.java:logGet(44)) - raft.grpc.server.port = 0 (default)
2021-07-07 01:42:58,047 [Listener at 127.0.0.1/10628] INFO  server.GrpcService (ConfUtils.java:logGet(44)) - raft.grpc.message.size.max = 32MB (=33554432) (custom)
2021-07-07 01:42:58,047 [Listener at 127.0.0.1/10628] INFO  server.RaftServerConfigKeys (ConfUtils.java:logGet(44)) - raft.server.log.appender.buffer.byte-limit = 33554432 (custom)
2021-07-07 01:42:58,047 [Listener at 127.0.0.1/10628] INFO  server.GrpcService (ConfUtils.java:logGet(44)) - raft.grpc.flow.control.window = 5MB (=5242880) (custom)
2021-07-07 01:42:58,047 [Listener at 127.0.0.1/10628] INFO  server.RaftServerConfigKeys (ConfUtils.java:logGet(44)) - raft.server.rpc.request.timeout = 60s (custom)
2021-07-07 01:42:58,048 [Listener at 127.0.0.1/10628] INFO  impl.DataStreamServerImpl (ConfUtils.java:logGet(44)) - raft.datastream.type = DISABLED (default)
2021-07-07 01:42:58,049 [Listener at 127.0.0.1/10628] INFO  server.RaftServerConfigKeys (ConfUtils.java:logGet(44)) - raft.server.rpc.slowness.timeout = 300s (custom)
2021-07-07 01:42:58,049 [Listener at 127.0.0.1/10628] INFO  server.RaftServerConfigKeys (ConfUtils.java:logGet(44)) - raft.server.leaderelection.leader.step-down.wait-time = 10s (default)
2021-07-07 01:42:58,049 [Listener at 127.0.0.1/10628] INFO  server.RaftServerConfigKeys (ConfUtils.java:logGet(44)) - raft.server.storage.dir = [/home/runner/work/ozone/ozone/mnt/ozone/hadoop-ozone/integration-test/target/test-dir/MiniOzoneClusterImpl-1d7024f8-a0c4-4e84-a8d8-f49eec7f6d62/datanode-1/data/ratis] (custom)
2021-07-07 01:42:58,051 [Listener at 127.0.0.1/10628] INFO  http.BaseHttpServer (BaseHttpServer.java:newHttpServer2BuilderForOzone(209)) - Starting Web-server for hddsDatanode at: http://0.0.0.0:0
2021-07-07 01:42:58,052 [Listener at 127.0.0.1/10628] INFO  http.BaseHttpServer (BaseHttpServer.java:<init>(107)) - Hadoop Security Enabled: false Ozone Security Enabled: false Ozone HTTP Security Enabled: false 
2021-07-07 01:42:58,053 [Listener at 127.0.0.1/10628] INFO  server.AuthenticationFilter (AuthenticationFilter.java:constructSecretProvider(240)) - Unable to initialize FileSignerSecretProvider, falling back to use random secrets.
2021-07-07 01:42:58,058 [Listener at 127.0.0.1/10628] WARN  http.HttpRequestLog (HttpRequestLog.java:getRequestLog(103)) - Jetty request log can only be enabled using Log4j
2021-07-07 01:42:58,058 [Listener at 127.0.0.1/10628] INFO  http.HttpServer2 (HttpServer2.java:addGlobalFilter(1020)) - Added global filter 'safety' (class=org.apache.hadoop.hdds.server.http.HttpServer2$QuotingInputFilter)
2021-07-07 01:42:58,069 [Listener at 127.0.0.1/10628] INFO  http.HttpServer2 (HttpServer2.java:addFilter(996)) - Added filter static_user_filter (class=org.apache.hadoop.http.lib.StaticUserWebFilter$StaticUserFilter) to context hddsDatanode
2021-07-07 01:42:58,069 [Listener at 127.0.0.1/10628] INFO  http.HttpServer2 (HttpServer2.java:addFilter(1004)) - Added filter static_user_filter (class=org.apache.hadoop.http.lib.StaticUserWebFilter$StaticUserFilter) to context logs
2021-07-07 01:42:58,069 [Listener at 127.0.0.1/10628] INFO  http.HttpServer2 (HttpServer2.java:addFilter(1004)) - Added filter static_user_filter (class=org.apache.hadoop.http.lib.StaticUserWebFilter$StaticUserFilter) to context static
2021-07-07 01:42:58,070 [Listener at 127.0.0.1/10628] INFO  http.HttpServer2 (HttpServer2.java:bindListener(1238)) - Jetty bound to port 45571
2021-07-07 01:42:58,070 [Listener at 127.0.0.1/10628] INFO  server.Server (Server.java:doStart(375)) - jetty-9.4.35.v20201120; built: 2020-11-20T21:17:03.964Z; git: bdc54f03a5e0a7e280fab27f55c3c75ee8da89fb; jvm 1.8.0_292-b10
2021-07-07 01:42:58,076 [Listener at 127.0.0.1/10628] INFO  server.session (DefaultSessionIdManager.java:doStart(334)) - DefaultSessionIdManager workerName=node0
2021-07-07 01:42:58,076 [Listener at 127.0.0.1/10628] INFO  server.session (DefaultSessionIdManager.java:doStart(339)) - No SessionScavenger set, using defaults
2021-07-07 01:42:58,076 [Listener at 127.0.0.1/10628] INFO  server.session (HouseKeeper.java:startScavenging(132)) - node0 Scavenging every 660000ms
2021-07-07 01:42:58,077 [Listener at 127.0.0.1/10628] INFO  handler.ContextHandler (ContextHandler.java:doStart(916)) - Started o.e.j.s.ServletContextHandler@627b0e71{logs,/logs,file:///home/runner/work/ozone/ozone/mnt/ozone/hadoop-ozone/integration-test/target/log,AVAILABLE}
2021-07-07 01:42:58,078 [Listener at 127.0.0.1/10628] INFO  handler.ContextHandler (ContextHandler.java:doStart(916)) - Started o.e.j.s.ServletContextHandler@2b05371a{static,/static,jar:file:/home/runner/.m2/repository/org/apache/ozone/hdds-container-service/1.2.0-SNAPSHOT/hdds-container-service-1.2.0-SNAPSHOT.jar!/webapps/static,AVAILABLE}
2021-07-07 01:42:58,127 [Listener at 127.0.0.1/10628] INFO  handler.ContextHandler (ContextHandler.java:doStart(916)) - Started o.e.j.w.WebAppContext@55ecf961{hddsDatanode,/,file:///tmp/jetty-0_0_0_0-45571-hdds-container-service-1_2_0-SNAPSHOT_jar-_-any-7606449691672465129/webapp/,AVAILABLE}{jar:file:/home/runner/.m2/repository/org/apache/ozone/hdds-container-service/1.2.0-SNAPSHOT/hdds-container-service-1.2.0-SNAPSHOT.jar!/webapps/hddsDatanode}
2021-07-07 01:42:58,129 [Listener at 127.0.0.1/10628] INFO  server.AbstractConnector (AbstractConnector.java:doStart(331)) - Started ServerConnector@9252e52{HTTP/1.1, (http/1.1)}{0.0.0.0:45571}
2021-07-07 01:42:58,129 [Listener at 127.0.0.1/10628] INFO  server.Server (Server.java:doStart(415)) - Started @77928ms
2021-07-07 01:42:58,129 [Listener at 127.0.0.1/10628] WARN  impl.MetricsSystemImpl (MetricsSystemImpl.java:register(279)) - Sink prometheus already exists!
2021-07-07 01:42:58,130 [Listener at 127.0.0.1/10628] INFO  http.BaseHttpServer (BaseHttpServer.java:updateConnectorAddress(329)) - HTTP server of hddsDatanode listening at http://0.0.0.0:45571
2021-07-07 01:42:58,131 [Listener at 127.0.0.1/10628] INFO  impl.MetricsSystemImpl (MetricsSystemImpl.java:init(158)) - HddsDatanode metrics system started (again)
2021-07-07 01:42:58,136 [Listener at 127.0.0.1/10628] INFO  ozone.HddsDatanodeService (HddsDatanodeService.java:start(221)) - HddsDatanodeService host:fv-az148-456.bm4ck3pvxvsene1rjriu5fhcdb.bx.internal.cloudapp.net ip:10.1.0.45
2021-07-07 01:42:58,140 [org.apache.hadoop.util.JvmPauseMonitor$Monitor@2152f0fd] INFO  util.JvmPauseMonitor (JvmPauseMonitor.java:run(188)) - Starting JVM pause monitor
2021-07-07 01:42:58,148 [Datanode State Machine Task Thread - 0] INFO  ha.SCMNodeInfo (SCMNodeInfo.java:getPort(197)) - ConfigKey ozone.scm.client.address is deprecated, For configuring different ports for each SCM use PortConfigKey ozone.scm.client.port appended with serviceId and nodeId
2021-07-07 01:42:58,148 [Datanode State Machine Task Thread - 0] INFO  ha.SCMNodeInfo (SCMNodeInfo.java:getPort(197)) - ConfigKey ozone.scm.block.client.address is deprecated, For configuring different ports for each SCM use PortConfigKey ozone.scm.block.client.port appended with serviceId and nodeId
2021-07-07 01:42:58,148 [Datanode State Machine Task Thread - 0] INFO  ha.SCMNodeInfo (SCMNodeInfo.java:getPort(197)) - ConfigKey ozone.scm.datanode.address is deprecated, For configuring different ports for each SCM use PortConfigKey ozone.scm.datanode.port appended with serviceId and nodeId
2021-07-07 01:42:58,148 [Datanode State Machine Task Thread - 0] INFO  ha.SCMNodeInfo (SCMNodeInfo.java:getPort(197)) - ConfigKey ozone.scm.client.address is deprecated, For configuring different ports for each SCM use PortConfigKey ozone.scm.client.port appended with serviceId and nodeId
2021-07-07 01:42:58,148 [Datanode State Machine Task Thread - 0] INFO  ha.SCMNodeInfo (SCMNodeInfo.java:getPort(197)) - ConfigKey ozone.scm.block.client.address is deprecated, For configuring different ports for each SCM use PortConfigKey ozone.scm.block.client.port appended with serviceId and nodeId
2021-07-07 01:42:58,148 [Datanode State Machine Task Thread - 0] INFO  ha.SCMNodeInfo (SCMNodeInfo.java:getPort(197)) - ConfigKey ozone.scm.datanode.address is deprecated, For configuring different ports for each SCM use PortConfigKey ozone.scm.datanode.port appended with serviceId and nodeId
2021-07-07 01:42:58,148 [Datanode State Machine Task Thread - 0] INFO  ha.SCMNodeInfo (SCMNodeInfo.java:getPort(197)) - ConfigKey ozone.scm.client.address is deprecated, For configuring different ports for each SCM use PortConfigKey ozone.scm.client.port appended with serviceId and nodeId
2021-07-07 01:42:58,148 [Datanode State Machine Task Thread - 0] INFO  ha.SCMNodeInfo (SCMNodeInfo.java:getPort(197)) - ConfigKey ozone.scm.block.client.address is deprecated, For configuring different ports for each SCM use PortConfigKey ozone.scm.block.client.port appended with serviceId and nodeId
2021-07-07 01:42:58,149 [Datanode State Machine Task Thread - 0] INFO  ha.SCMNodeInfo (SCMNodeInfo.java:getPort(197)) - ConfigKey ozone.scm.datanode.address is deprecated, For configuring different ports for each SCM use PortConfigKey ozone.scm.datanode.port appended with serviceId and nodeId
2021-07-07 01:42:58,153 [Datanode State Machine Task Thread - 0] INFO  datanode.InitDatanodeState (InitDatanodeState.java:persistContainerDatanodeDetails(145)) - DatanodeDetails is persisted to /home/runner/work/ozone/ozone/mnt/ozone/hadoop-ozone/integration-test/target/test-dir/MiniOzoneClusterImpl-1d7024f8-a0c4-4e84-a8d8-f49eec7f6d62/datanode-1/meta/datanode.id
2021-07-07 01:42:58,159 [Listener at 127.0.0.1/10628] INFO  ha.SCMNodeInfo (SCMNodeInfo.java:getPort(197)) - ConfigKey ozone.scm.client.address is deprecated, For configuring different ports for each SCM use PortConfigKey ozone.scm.client.port appended with serviceId and nodeId
2021-07-07 01:42:58,159 [Listener at 127.0.0.1/10628] INFO  ha.SCMNodeInfo (SCMNodeInfo.java:getPort(197)) - ConfigKey ozone.scm.block.client.address is deprecated, For configuring different ports for each SCM use PortConfigKey ozone.scm.block.client.port appended with serviceId and nodeId
2021-07-07 01:42:58,159 [Listener at 127.0.0.1/10628] INFO  ha.SCMNodeInfo (SCMNodeInfo.java:getPort(197)) - ConfigKey ozone.scm.datanode.address is deprecated, For configuring different ports for each SCM use PortConfigKey ozone.scm.datanode.port appended with serviceId and nodeId
2021-07-07 01:42:58,159 [Listener at 127.0.0.1/10628] INFO  ha.SCMNodeInfo (SCMNodeInfo.java:getPort(197)) - ConfigKey ozone.scm.client.address is deprecated, For configuring different ports for each SCM use PortConfigKey ozone.scm.client.port appended with serviceId and nodeId
2021-07-07 01:42:58,160 [Listener at 127.0.0.1/10628] INFO  ha.SCMNodeInfo (SCMNodeInfo.java:getPort(197)) - ConfigKey ozone.scm.block.client.address is deprecated, For configuring different ports for each SCM use PortConfigKey ozone.scm.block.client.port appended with serviceId and nodeId
2021-07-07 01:42:58,160 [Listener at 127.0.0.1/10628] INFO  ha.SCMNodeInfo (SCMNodeInfo.java:getPort(197)) - ConfigKey ozone.scm.datanode.address is deprecated, For configuring different ports for each SCM use PortConfigKey ozone.scm.datanode.port appended with serviceId and nodeId
2021-07-07 01:42:58,160 [Listener at 127.0.0.1/10628] INFO  ha.SCMNodeInfo (SCMNodeInfo.java:getPort(197)) - ConfigKey ozone.scm.client.address is deprecated, For configuring different ports for each SCM use PortConfigKey ozone.scm.client.port appended with serviceId and nodeId
2021-07-07 01:42:58,160 [Listener at 127.0.0.1/10628] INFO  ha.SCMNodeInfo (SCMNodeInfo.java:getPort(197)) - ConfigKey ozone.scm.block.client.address is deprecated, For configuring different ports for each SCM use PortConfigKey ozone.scm.block.client.port appended with serviceId and nodeId
2021-07-07 01:42:58,160 [Listener at 127.0.0.1/10628] INFO  ha.SCMNodeInfo (SCMNodeInfo.java:getPort(197)) - ConfigKey ozone.scm.datanode.address is deprecated, For configuring different ports for each SCM use PortConfigKey ozone.scm.datanode.port appended with serviceId and nodeId
2021-07-07 01:42:58,161 [Listener at 127.0.0.1/10628] INFO  volume.HddsVolume (HddsVolume.java:<init>(119)) - Creating HddsVolume: /home/runner/work/ozone/ozone/mnt/ozone/hadoop-ozone/integration-test/target/test-dir/MiniOzoneClusterImpl-1d7024f8-a0c4-4e84-a8d8-f49eec7f6d62/datanode-2/data-0/containers/hdds of storage type : DISK capacity : 9223372036854775807
2021-07-07 01:42:58,161 [Listener at 127.0.0.1/10628] INFO  volume.MutableVolumeSet (MutableVolumeSet.java:initializeVolumeSet(181)) - Added Volume : /home/runner/work/ozone/ozone/mnt/ozone/hadoop-ozone/integration-test/target/test-dir/MiniOzoneClusterImpl-1d7024f8-a0c4-4e84-a8d8-f49eec7f6d62/datanode-2/data-0/containers/hdds to VolumeSet
2021-07-07 01:42:58,162 [Listener at 127.0.0.1/10628] INFO  volume.ThrottledAsyncChecker (ThrottledAsyncChecker.java:schedule(141)) - Scheduling a check for /home/runner/work/ozone/ozone/mnt/ozone/hadoop-ozone/integration-test/target/test-dir/MiniOzoneClusterImpl-1d7024f8-a0c4-4e84-a8d8-f49eec7f6d62/datanode-2/data-0/containers/hdds
2021-07-07 01:42:58,162 [Listener at 127.0.0.1/10628] INFO  volume.StorageVolumeChecker (StorageVolumeChecker.java:checkAllVolumes(201)) - Scheduled health check for volume /home/runner/work/ozone/ozone/mnt/ozone/hadoop-ozone/integration-test/target/test-dir/MiniOzoneClusterImpl-1d7024f8-a0c4-4e84-a8d8-f49eec7f6d62/datanode-2/data-0/containers/hdds
2021-07-07 01:42:58,176 [Listener at 127.0.0.1/10628] INFO  volume.MutableVolumeSet (MutableVolumeSet.java:initializeVolumeSet(181)) - Added Volume : /home/runner/work/ozone/ozone/mnt/ozone/hadoop-ozone/integration-test/target/test-dir/MiniOzoneClusterImpl-1d7024f8-a0c4-4e84-a8d8-f49eec7f6d62/datanode-2/data/ratis to VolumeSet
2021-07-07 01:42:58,189 [Listener at 127.0.0.1/10628] INFO  ozoneimpl.ContainerReader (ContainerReader.java:<init>(98)) - Running in upgrade mode:true
2021-07-07 01:42:58,190 [Thread-1484] INFO  ozoneimpl.ContainerReader (ContainerReader.java:readVolume(142)) - Start to verify containers on volume /home/runner/work/ozone/ozone/mnt/ozone/hadoop-ozone/integration-test/target/test-dir/MiniOzoneClusterImpl-1d7024f8-a0c4-4e84-a8d8-f49eec7f6d62/datanode-2/data-0/containers/hdds
2021-07-07 01:42:58,190 [Thread-1484] INFO  ozoneimpl.ContainerReader (ContainerReader.java:readVolume(174)) - Finish verifying containers on volume /home/runner/work/ozone/ozone/mnt/ozone/hadoop-ozone/integration-test/target/test-dir/MiniOzoneClusterImpl-1d7024f8-a0c4-4e84-a8d8-f49eec7f6d62/datanode-2/data-0/containers/hdds
2021-07-07 01:42:58,190 [Listener at 127.0.0.1/10628] INFO  ozoneimpl.OzoneContainer (OzoneContainer.java:buildContainerSet(237)) - Build ContainerSet costs 0s
2021-07-07 01:42:58,194 [Listener at 127.0.0.1/10628] INFO  server.RaftServer (ConfUtils.java:logGet(44)) - raft.rpc.type = GRPC (default)
2021-07-07 01:42:58,195 [Listener at 127.0.0.1/10628] INFO  grpc.GrpcFactory (GrpcFactory.java:checkPooledByteBufAllocatorUseCacheForAllThreads(48)) - PERFORMANCE WARNING: useCacheForAllThreads is true that may cause Netty to create a lot garbage objects and, as a result, trigger GC.
	It is recommended to disable useCacheForAllThreads by setting -Dorg.apache.ratis.thirdparty.io.netty.allocator.useCacheForAllThreads=false in command line.
2021-07-07 01:42:58,195 [Listener at 127.0.0.1/10628] INFO  grpc.GrpcConfigKeys (ConfUtils.java:logGet(44)) - raft.grpc.admin.port = 0 (custom)
2021-07-07 01:42:58,195 [Listener at 127.0.0.1/10628] INFO  grpc.GrpcConfigKeys (ConfUtils.java:logGet(44)) - raft.grpc.client.port = 0 (custom)
2021-07-07 01:42:58,195 [Listener at 127.0.0.1/10628] INFO  grpc.GrpcConfigKeys (ConfUtils.java:logGet(44)) - raft.grpc.server.port = 0 (default)
2021-07-07 01:42:58,195 [Listener at 127.0.0.1/10628] INFO  server.GrpcService (ConfUtils.java:logGet(44)) - raft.grpc.message.size.max = 32MB (=33554432) (custom)
2021-07-07 01:42:58,196 [Listener at 127.0.0.1/10628] INFO  server.RaftServerConfigKeys (ConfUtils.java:logGet(44)) - raft.server.log.appender.buffer.byte-limit = 33554432 (custom)
2021-07-07 01:42:58,196 [Listener at 127.0.0.1/10628] INFO  server.GrpcService (ConfUtils.java:logGet(44)) - raft.grpc.flow.control.window = 5MB (=5242880) (custom)
2021-07-07 01:42:58,196 [Listener at 127.0.0.1/10628] INFO  server.RaftServerConfigKeys (ConfUtils.java:logGet(44)) - raft.server.rpc.request.timeout = 60s (custom)
2021-07-07 01:42:58,197 [Listener at 127.0.0.1/10628] INFO  impl.DataStreamServerImpl (ConfUtils.java:logGet(44)) - raft.datastream.type = DISABLED (default)
2021-07-07 01:42:58,198 [Listener at 127.0.0.1/10628] INFO  server.RaftServerConfigKeys (ConfUtils.java:logGet(44)) - raft.server.rpc.slowness.timeout = 300s (custom)
2021-07-07 01:42:58,198 [Listener at 127.0.0.1/10628] INFO  server.RaftServerConfigKeys (ConfUtils.java:logGet(44)) - raft.server.leaderelection.leader.step-down.wait-time = 10s (default)
2021-07-07 01:42:58,198 [Listener at 127.0.0.1/10628] INFO  server.RaftServerConfigKeys (ConfUtils.java:logGet(44)) - raft.server.storage.dir = [/home/runner/work/ozone/ozone/mnt/ozone/hadoop-ozone/integration-test/target/test-dir/MiniOzoneClusterImpl-1d7024f8-a0c4-4e84-a8d8-f49eec7f6d62/datanode-2/data/ratis] (custom)
2021-07-07 01:42:58,201 [Listener at 127.0.0.1/10628] INFO  http.BaseHttpServer (BaseHttpServer.java:newHttpServer2BuilderForOzone(209)) - Starting Web-server for hddsDatanode at: http://0.0.0.0:0
2021-07-07 01:42:58,201 [Listener at 127.0.0.1/10628] INFO  http.BaseHttpServer (BaseHttpServer.java:<init>(107)) - Hadoop Security Enabled: false Ozone Security Enabled: false Ozone HTTP Security Enabled: false 
2021-07-07 01:42:58,202 [Listener at 127.0.0.1/10628] INFO  server.AuthenticationFilter (AuthenticationFilter.java:constructSecretProvider(240)) - Unable to initialize FileSignerSecretProvider, falling back to use random secrets.
2021-07-07 01:42:58,204 [Listener at 127.0.0.1/10628] WARN  http.HttpRequestLog (HttpRequestLog.java:getRequestLog(103)) - Jetty request log can only be enabled using Log4j
2021-07-07 01:42:58,205 [Listener at 127.0.0.1/10628] INFO  http.HttpServer2 (HttpServer2.java:addGlobalFilter(1020)) - Added global filter 'safety' (class=org.apache.hadoop.hdds.server.http.HttpServer2$QuotingInputFilter)
2021-07-07 01:42:58,205 [Listener at 127.0.0.1/10628] INFO  http.HttpServer2 (HttpServer2.java:addFilter(996)) - Added filter static_user_filter (class=org.apache.hadoop.http.lib.StaticUserWebFilter$StaticUserFilter) to context hddsDatanode
2021-07-07 01:42:58,205 [Listener at 127.0.0.1/10628] INFO  http.HttpServer2 (HttpServer2.java:addFilter(1004)) - Added filter static_user_filter (class=org.apache.hadoop.http.lib.StaticUserWebFilter$StaticUserFilter) to context logs
2021-07-07 01:42:58,206 [Listener at 127.0.0.1/10628] INFO  http.HttpServer2 (HttpServer2.java:addFilter(1004)) - Added filter static_user_filter (class=org.apache.hadoop.http.lib.StaticUserWebFilter$StaticUserFilter) to context static
2021-07-07 01:42:58,206 [Listener at 127.0.0.1/10628] INFO  http.HttpServer2 (HttpServer2.java:bindListener(1238)) - Jetty bound to port 35977
2021-07-07 01:42:58,206 [Listener at 127.0.0.1/10628] INFO  server.Server (Server.java:doStart(375)) - jetty-9.4.35.v20201120; built: 2020-11-20T21:17:03.964Z; git: bdc54f03a5e0a7e280fab27f55c3c75ee8da89fb; jvm 1.8.0_292-b10
2021-07-07 01:42:58,207 [Listener at 127.0.0.1/10628] INFO  server.session (DefaultSessionIdManager.java:doStart(334)) - DefaultSessionIdManager workerName=node0
2021-07-07 01:42:58,208 [Listener at 127.0.0.1/10628] INFO  server.session (DefaultSessionIdManager.java:doStart(339)) - No SessionScavenger set, using defaults
2021-07-07 01:42:58,208 [Listener at 127.0.0.1/10628] INFO  server.session (HouseKeeper.java:startScavenging(132)) - node0 Scavenging every 660000ms
2021-07-07 01:42:58,208 [Listener at 127.0.0.1/10628] INFO  handler.ContextHandler (ContextHandler.java:doStart(916)) - Started o.e.j.s.ServletContextHandler@53c7c937{logs,/logs,file:///home/runner/work/ozone/ozone/mnt/ozone/hadoop-ozone/integration-test/target/log,AVAILABLE}
2021-07-07 01:42:58,209 [Listener at 127.0.0.1/10628] INFO  handler.ContextHandler (ContextHandler.java:doStart(916)) - Started o.e.j.s.ServletContextHandler@10aa4210{static,/static,jar:file:/home/runner/.m2/repository/org/apache/ozone/hdds-container-service/1.2.0-SNAPSHOT/hdds-container-service-1.2.0-SNAPSHOT.jar!/webapps/static,AVAILABLE}
2021-07-07 01:42:58,254 [Listener at 127.0.0.1/10628] INFO  handler.ContextHandler (ContextHandler.java:doStart(916)) - Started o.e.j.w.WebAppContext@384abf00{hddsDatanode,/,file:///tmp/jetty-0_0_0_0-35977-hdds-container-service-1_2_0-SNAPSHOT_jar-_-any-8865819352011618292/webapp/,AVAILABLE}{jar:file:/home/runner/.m2/repository/org/apache/ozone/hdds-container-service/1.2.0-SNAPSHOT/hdds-container-service-1.2.0-SNAPSHOT.jar!/webapps/hddsDatanode}
2021-07-07 01:42:58,256 [Listener at 127.0.0.1/10628] INFO  server.AbstractConnector (AbstractConnector.java:doStart(331)) - Started ServerConnector@3a7243e1{HTTP/1.1, (http/1.1)}{0.0.0.0:35977}
2021-07-07 01:42:58,256 [Listener at 127.0.0.1/10628] INFO  server.Server (Server.java:doStart(415)) - Started @78055ms
2021-07-07 01:42:58,256 [Listener at 127.0.0.1/10628] WARN  impl.MetricsSystemImpl (MetricsSystemImpl.java:register(279)) - Sink prometheus already exists!
2021-07-07 01:42:58,257 [Listener at 127.0.0.1/10628] INFO  http.BaseHttpServer (BaseHttpServer.java:updateConnectorAddress(329)) - HTTP server of hddsDatanode listening at http://0.0.0.0:35977
2021-07-07 01:42:58,261 [Listener at 127.0.0.1/10628] INFO  ozone.MiniOzoneClusterImpl (MiniOzoneClusterImpl.java:lambda$waitForClusterToBeReady$0(227)) - Waiting for nodes to be ready. Got 0 of 3 DN Heartbeats.
2021-07-07 01:42:58,261 [Listener at 127.0.0.1/10628] INFO  ozone.MiniOzoneClusterImpl (MiniOzoneClusterImpl.java:lambda$waitForClusterToBeReady$0(230)) - Waiting for cluster to exit safe mode
2021-07-07 01:42:58,261 [Listener at 127.0.0.1/10628] INFO  ozone.MiniOzoneClusterImpl (MiniOzoneClusterImpl.java:lambda$waitForClusterToBeReady$0(232)) - SCM became leader
2021-07-07 01:42:58,265 [org.apache.hadoop.util.JvmPauseMonitor$Monitor@35db43f8] INFO  util.JvmPauseMonitor (JvmPauseMonitor.java:run(188)) - Starting JVM pause monitor
2021-07-07 01:42:58,265 [Datanode State Machine Task Thread - 0] INFO  ha.SCMNodeInfo (SCMNodeInfo.java:getPort(197)) - ConfigKey ozone.scm.client.address is deprecated, For configuring different ports for each SCM use PortConfigKey ozone.scm.client.port appended with serviceId and nodeId
2021-07-07 01:42:58,265 [Datanode State Machine Task Thread - 0] INFO  ha.SCMNodeInfo (SCMNodeInfo.java:getPort(197)) - ConfigKey ozone.scm.block.client.address is deprecated, For configuring different ports for each SCM use PortConfigKey ozone.scm.block.client.port appended with serviceId and nodeId
2021-07-07 01:42:58,265 [Datanode State Machine Task Thread - 0] INFO  ha.SCMNodeInfo (SCMNodeInfo.java:getPort(197)) - ConfigKey ozone.scm.datanode.address is deprecated, For configuring different ports for each SCM use PortConfigKey ozone.scm.datanode.port appended with serviceId and nodeId
2021-07-07 01:42:58,265 [Datanode State Machine Task Thread - 0] INFO  ha.SCMNodeInfo (SCMNodeInfo.java:getPort(197)) - ConfigKey ozone.scm.client.address is deprecated, For configuring different ports for each SCM use PortConfigKey ozone.scm.client.port appended with serviceId and nodeId
2021-07-07 01:42:58,265 [Datanode State Machine Task Thread - 0] INFO  ha.SCMNodeInfo (SCMNodeInfo.java:getPort(197)) - ConfigKey ozone.scm.block.client.address is deprecated, For configuring different ports for each SCM use PortConfigKey ozone.scm.block.client.port appended with serviceId and nodeId
2021-07-07 01:42:58,265 [Datanode State Machine Task Thread - 0] INFO  ha.SCMNodeInfo (SCMNodeInfo.java:getPort(197)) - ConfigKey ozone.scm.datanode.address is deprecated, For configuring different ports for each SCM use PortConfigKey ozone.scm.datanode.port appended with serviceId and nodeId
2021-07-07 01:42:58,265 [Datanode State Machine Task Thread - 0] INFO  ha.SCMNodeInfo (SCMNodeInfo.java:getPort(197)) - ConfigKey ozone.scm.client.address is deprecated, For configuring different ports for each SCM use PortConfigKey ozone.scm.client.port appended with serviceId and nodeId
2021-07-07 01:42:58,265 [Datanode State Machine Task Thread - 0] INFO  ha.SCMNodeInfo (SCMNodeInfo.java:getPort(197)) - ConfigKey ozone.scm.block.client.address is deprecated, For configuring different ports for each SCM use PortConfigKey ozone.scm.block.client.port appended with serviceId and nodeId
2021-07-07 01:42:58,265 [Datanode State Machine Task Thread - 0] INFO  ha.SCMNodeInfo (SCMNodeInfo.java:getPort(197)) - ConfigKey ozone.scm.datanode.address is deprecated, For configuring different ports for each SCM use PortConfigKey ozone.scm.datanode.port appended with serviceId and nodeId
2021-07-07 01:42:58,267 [Datanode State Machine Task Thread - 0] INFO  datanode.InitDatanodeState (InitDatanodeState.java:persistContainerDatanodeDetails(145)) - DatanodeDetails is persisted to /home/runner/work/ozone/ozone/mnt/ozone/hadoop-ozone/integration-test/target/test-dir/MiniOzoneClusterImpl-1d7024f8-a0c4-4e84-a8d8-f49eec7f6d62/datanode-2/meta/datanode.id
2021-07-07 01:42:58,870 [EndpointStateMachine task thread for /127.0.0.1:13961 - 0 ] INFO  ipc.Client (Client.java:handleConnectionFailure(966)) - Retrying connect to server: localhost/127.0.0.1:13961. Already tried 7 time(s); retry policy is RetryUpToMaximumCountWithFixedSleep(maxRetries=15, sleepTime=1000 MILLISECONDS)
2021-07-07 01:42:58,870 [EndpointStateMachine task thread for /127.0.0.1:13941 - 0 ] INFO  ipc.Client (Client.java:handleConnectionFailure(966)) - Retrying connect to server: localhost/127.0.0.1:13941. Already tried 9 time(s); retry policy is RetryUpToMaximumCountWithFixedSleep(maxRetries=15, sleepTime=1000 MILLISECONDS)
2021-07-07 01:42:58,871 [EndpointStateMachine task thread for /127.0.0.1:13951 - 0 ] INFO  ipc.Client (Client.java:handleConnectionFailure(966)) - Retrying connect to server: localhost/127.0.0.1:13951. Already tried 7 time(s); retry policy is RetryUpToMaximumCountWithFixedSleep(maxRetries=15, sleepTime=1000 MILLISECONDS)
2021-07-07 01:42:58,882 [omNode-1@group-523986131536-FollowerState] INFO  impl.FollowerState (FollowerState.java:run(134)) - omNode-1@group-523986131536-FollowerState: change to CANDIDATE, lastRpcElapsedTime:1066556063ns, electionTimeout:1064ms
2021-07-07 01:42:58,882 [omNode-1@group-523986131536-FollowerState] INFO  impl.RoleInfo (RoleInfo.java:shutdownFollowerState(108)) - omNode-1: shutdown omNode-1@group-523986131536-FollowerState
2021-07-07 01:42:58,882 [omNode-1@group-523986131536-FollowerState] INFO  server.RaftServer$Division (RaftServerImpl.java:setRole(284)) - omNode-1@group-523986131536: changes role from  FOLLOWER to CANDIDATE at term 0 for changeToCandidate
2021-07-07 01:42:58,882 [omNode-1@group-523986131536-FollowerState] INFO  server.RaftServerConfigKeys (ConfUtils.java:logGet(44)) - raft.server.leaderelection.pre-vote = false (custom)
2021-07-07 01:42:58,882 [omNode-1@group-523986131536-FollowerState] INFO  impl.RoleInfo (RoleInfo.java:updateAndGet(130)) - omNode-1: start omNode-1@group-523986131536-LeaderElection19
2021-07-07 01:42:58,886 [omNode-1@group-523986131536-LeaderElection19] INFO  impl.LeaderElection (LeaderElection.java:askForVotes(306)) - omNode-1@group-523986131536-LeaderElection19 ELECTION round 0: submit vote requests at term 1 for -1: [omNode-1|rpc:localhost:10632|priority:0], old=null
2021-07-07 01:42:58,886 [omNode-1@group-523986131536-LeaderElection19] INFO  impl.LeaderElection (LeaderElection.java:askForVotes(308)) - omNode-1@group-523986131536-LeaderElection19 ELECTION round 0: result PASSED (term=1)
2021-07-07 01:42:58,886 [omNode-1@group-523986131536-LeaderElection19] INFO  impl.RoleInfo (RoleInfo.java:shutdownLeaderElection(121)) - omNode-1: shutdown omNode-1@group-523986131536-LeaderElection19
2021-07-07 01:42:58,886 [omNode-1@group-523986131536-LeaderElection19] INFO  server.RaftServer$Division (RaftServerImpl.java:setRole(284)) - omNode-1@group-523986131536: changes role from CANDIDATE to LEADER at term 1 for changeToLeader
2021-07-07 01:42:58,886 [omNode-1@group-523986131536-LeaderElection19] INFO  server.RaftServer$Division (ServerState.java:setLeader(271)) - omNode-1@group-523986131536: change Leader from null to omNode-1 at term 1 for becomeLeader, leader elected after 1091ms
2021-07-07 01:42:58,887 [omNode-1@group-523986131536-LeaderElection19] INFO  server.RaftServerConfigKeys (ConfUtils.java:logGet(44)) - raft.server.staging.catchup.gap = 1000 (default)
2021-07-07 01:42:58,887 [omNode-1@group-523986131536-LeaderElection19] INFO  metrics.RatisMetrics (RatisMetrics.java:lambda$create$0(36)) - Creating Metrics Registry : ratis.log_appender.omNode-1@group-523986131536
2021-07-07 01:42:58,887 [omNode-1@group-523986131536-LeaderElection19] INFO  server.RaftServerConfigKeys (ConfUtils.java:logGet(44)) - raft.server.write.element-limit = 4096 (default)
2021-07-07 01:42:58,887 [omNode-1@group-523986131536-LeaderElection19] INFO  server.RaftServerConfigKeys (ConfUtils.java:logGet(44)) - raft.server.write.byte-limit = 64MB (=67108864) (default)
2021-07-07 01:42:58,887 [omNode-1@group-523986131536-LeaderElection19] INFO  server.RaftServerConfigKeys (ConfUtils.java:logGet(44)) - raft.server.watch.timeout = 10s (default)
2021-07-07 01:42:58,887 [omNode-1@group-523986131536-LeaderElection19] INFO  server.RaftServerConfigKeys (ConfUtils.java:logGet(44)) - raft.server.watch.timeout.denomination = 1s (default)
2021-07-07 01:42:58,887 [omNode-1@group-523986131536-LeaderElection19] INFO  server.RaftServerConfigKeys (ConfUtils.java:logGet(44)) - raft.server.watch.element-limit = 65536 (default)
2021-07-07 01:42:58,887 [omNode-1@group-523986131536-LeaderElection19] INFO  impl.RoleInfo (RoleInfo.java:updateAndGet(130)) - omNode-1: start omNode-1@group-523986131536-LeaderStateImpl
2021-07-07 01:42:58,888 [omNode-1@group-523986131536-LeaderElection19] INFO  segmented.SegmentedRaftLogWorker (SegmentedRaftLogWorker.java:startLogSegment(394)) - omNode-1@group-523986131536-SegmentedRaftLogWorker: Starting segment from index:0
2021-07-07 01:42:58,895 [omNode-1@group-523986131536-LeaderElection19] INFO  server.RaftServer$Division (ServerState.java:setRaftConf(373)) - omNode-1@group-523986131536: set configuration 0: [omNode-1|rpc:localhost:10632|admin:|client:|dataStream:|priority:0], old=null
2021-07-07 01:42:58,895 [omNode-1@group-523986131536-SegmentedRaftLogWorker] INFO  segmented.SegmentedRaftLogWorker (SegmentedRaftLogWorker.java:execute(601)) - omNode-1@group-523986131536-SegmentedRaftLogWorker: created new log segment /home/runner/work/ozone/ozone/mnt/ozone/hadoop-ozone/integration-test/target/test-dir/MiniOzoneClusterImpl-1d7024f8-a0c4-4e84-a8d8-f49eec7f6d62/omNode-1/ratis/c9bc4cf4-3bc3-3c60-a66b-523986131536/current/log_inprogress_0
2021-07-07 01:42:59,261 [Listener at 127.0.0.1/10628] INFO  ozone.MiniOzoneClusterImpl (MiniOzoneClusterImpl.java:lambda$waitForClusterToBeReady$0(227)) - Waiting for nodes to be ready. Got 0 of 3 DN Heartbeats.
2021-07-07 01:42:59,262 [Listener at 127.0.0.1/10628] INFO  ozone.MiniOzoneClusterImpl (MiniOzoneClusterImpl.java:lambda$waitForClusterToBeReady$0(230)) - Waiting for cluster to exit safe mode
2021-07-07 01:42:59,262 [Listener at 127.0.0.1/10628] INFO  ozone.MiniOzoneClusterImpl (MiniOzoneClusterImpl.java:lambda$waitForClusterToBeReady$0(232)) - SCM became leader
2021-07-07 01:42:59,871 [EndpointStateMachine task thread for /127.0.0.1:13961 - 0 ] INFO  ipc.Client (Client.java:handleConnectionFailure(966)) - Retrying connect to server: localhost/127.0.0.1:13961. Already tried 8 time(s); retry policy is RetryUpToMaximumCountWithFixedSleep(maxRetries=15, sleepTime=1000 MILLISECONDS)
2021-07-07 01:42:59,871 [EndpointStateMachine task thread for /127.0.0.1:13951 - 0 ] INFO  ipc.Client (Client.java:handleConnectionFailure(966)) - Retrying connect to server: localhost/127.0.0.1:13951. Already tried 8 time(s); retry policy is RetryUpToMaximumCountWithFixedSleep(maxRetries=15, sleepTime=1000 MILLISECONDS)
2021-07-07 01:42:59,871 [EndpointStateMachine task thread for /127.0.0.1:13941 - 0 ] INFO  ipc.Client (Client.java:handleConnectionFailure(966)) - Retrying connect to server: localhost/127.0.0.1:13941. Already tried 10 time(s); retry policy is RetryUpToMaximumCountWithFixedSleep(maxRetries=15, sleepTime=1000 MILLISECONDS)
2021-07-07 01:43:00,014 [EndpointStateMachine task thread for /127.0.0.1:15495 - 0 ] INFO  ozoneimpl.OzoneContainer (OzoneContainer.java:start(305)) - Attempting to start container services.
2021-07-07 01:43:00,014 [EndpointStateMachine task thread for /127.0.0.1:15495 - 0 ] INFO  ozoneimpl.OzoneContainer (OzoneContainer.java:startContainerScrub(250)) - Background container scanner has been disabled.
2021-07-07 01:43:00,014 [EndpointStateMachine task thread for /127.0.0.1:15495 - 0 ] INFO  replication.ReplicationServer (ReplicationServer.java:start(106)) - ReplicationServer is started using port 34473
2021-07-07 01:43:00,016 [EndpointStateMachine task thread for /127.0.0.1:15495 - 0 ] INFO  ratis.XceiverServerRatis (XceiverServerRatis.java:start(478)) - Starting XceiverServerRatis 0f49443e-0a6a-496b-95aa-140a56b5e2f8
2021-07-07 01:43:00,024 [EndpointStateMachine task thread for /127.0.0.1:15495 - 0 ] INFO  server.RaftServer (RaftServerProxy.java:lambda$start$5(374)) - 0f49443e-0a6a-496b-95aa-140a56b5e2f8: start RPC server
2021-07-07 01:43:00,024 [EndpointStateMachine task thread for /127.0.0.1:15495 - 0 ] INFO  server.GrpcService (GrpcService.java:startImpl(253)) - 0f49443e-0a6a-496b-95aa-140a56b5e2f8: GrpcService started, listening on 32951
2021-07-07 01:43:00,025 [EndpointStateMachine task thread for /127.0.0.1:15495 - 0 ] INFO  ratis.XceiverServerRatis (XceiverServerRatis.java:getRealPort(499)) - XceiverServerRatis 0f49443e-0a6a-496b-95aa-140a56b5e2f8 is started using port 32951 for RATIS
2021-07-07 01:43:00,025 [EndpointStateMachine task thread for /127.0.0.1:15495 - 0 ] INFO  ratis.XceiverServerRatis (XceiverServerRatis.java:getRealPort(499)) - XceiverServerRatis 0f49443e-0a6a-496b-95aa-140a56b5e2f8 is started using port 32951 for RATIS_ADMIN
2021-07-07 01:43:00,025 [EndpointStateMachine task thread for /127.0.0.1:15495 - 0 ] INFO  ratis.XceiverServerRatis (XceiverServerRatis.java:getRealPort(499)) - XceiverServerRatis 0f49443e-0a6a-496b-95aa-140a56b5e2f8 is started using port 32951 for RATIS_SERVER
2021-07-07 01:43:00,025 [EndpointStateMachine task thread for /127.0.0.1:15495 - 0 ] INFO  server.XceiverServerGrpc (XceiverServerGrpc.java:start(135)) - XceiverServerGrpc 0f49443e-0a6a-496b-95aa-140a56b5e2f8 is started using port 45145
2021-07-07 01:43:00,026 [org.apache.ratis.util.JvmPauseMonitor$$Lambda$493/611739613@180e75db] INFO  util.JvmPauseMonitor (JvmPauseMonitor.java:run(103)) - JvmPauseMonitor-0f49443e-0a6a-496b-95aa-140a56b5e2f8: Started
2021-07-07 01:43:00,027 [EndpointStateMachine task thread for /127.0.0.1:15485 - 0 ] INFO  ozoneimpl.OzoneContainer (OzoneContainer.java:start(301)) - Ignore. OzoneContainer already started.
2021-07-07 01:43:00,150 [EndpointStateMachine task thread for /127.0.0.1:15485 - 0 ] INFO  ozoneimpl.OzoneContainer (OzoneContainer.java:start(305)) - Attempting to start container services.
2021-07-07 01:43:00,150 [EndpointStateMachine task thread for /127.0.0.1:15485 - 0 ] INFO  ozoneimpl.OzoneContainer (OzoneContainer.java:startContainerScrub(250)) - Background container scanner has been disabled.
2021-07-07 01:43:00,151 [EndpointStateMachine task thread for /127.0.0.1:15485 - 0 ] INFO  replication.ReplicationServer (ReplicationServer.java:start(106)) - ReplicationServer is started using port 36753
2021-07-07 01:43:00,152 [EndpointStateMachine task thread for /127.0.0.1:15485 - 0 ] INFO  ratis.XceiverServerRatis (XceiverServerRatis.java:start(478)) - Starting XceiverServerRatis 10d76295-ae05-4b7a-8932-536e603c59a2
2021-07-07 01:43:00,153 [EndpointStateMachine task thread for /127.0.0.1:15485 - 0 ] INFO  server.RaftServer (RaftServerProxy.java:lambda$start$5(374)) - 10d76295-ae05-4b7a-8932-536e603c59a2: start RPC server
2021-07-07 01:43:00,153 [EndpointStateMachine task thread for /127.0.0.1:15485 - 0 ] INFO  server.GrpcService (GrpcService.java:startImpl(253)) - 10d76295-ae05-4b7a-8932-536e603c59a2: GrpcService started, listening on 41601
2021-07-07 01:43:00,153 [EndpointStateMachine task thread for /127.0.0.1:15485 - 0 ] INFO  ratis.XceiverServerRatis (XceiverServerRatis.java:getRealPort(499)) - XceiverServerRatis 10d76295-ae05-4b7a-8932-536e603c59a2 is started using port 41601 for RATIS
2021-07-07 01:43:00,153 [org.apache.ratis.util.JvmPauseMonitor$$Lambda$493/611739613@59ad9b0] INFO  util.JvmPauseMonitor (JvmPauseMonitor.java:run(103)) - JvmPauseMonitor-10d76295-ae05-4b7a-8932-536e603c59a2: Started
2021-07-07 01:43:00,153 [EndpointStateMachine task thread for /127.0.0.1:15485 - 0 ] INFO  ratis.XceiverServerRatis (XceiverServerRatis.java:getRealPort(499)) - XceiverServerRatis 10d76295-ae05-4b7a-8932-536e603c59a2 is started using port 41601 for RATIS_ADMIN
2021-07-07 01:43:00,153 [EndpointStateMachine task thread for /127.0.0.1:15485 - 0 ] INFO  ratis.XceiverServerRatis (XceiverServerRatis.java:getRealPort(499)) - XceiverServerRatis 10d76295-ae05-4b7a-8932-536e603c59a2 is started using port 41601 for RATIS_SERVER
2021-07-07 01:43:00,154 [EndpointStateMachine task thread for /127.0.0.1:15485 - 0 ] INFO  server.XceiverServerGrpc (XceiverServerGrpc.java:start(135)) - XceiverServerGrpc 10d76295-ae05-4b7a-8932-536e603c59a2 is started using port 33839
2021-07-07 01:43:00,155 [EndpointStateMachine task thread for /127.0.0.1:15495 - 0 ] INFO  ozoneimpl.OzoneContainer (OzoneContainer.java:start(301)) - Ignore. OzoneContainer already started.
2021-07-07 01:43:00,262 [Listener at 127.0.0.1/10628] INFO  ozone.MiniOzoneClusterImpl (MiniOzoneClusterImpl.java:lambda$waitForClusterToBeReady$0(227)) - Waiting for nodes to be ready. Got 0 of 3 DN Heartbeats.
2021-07-07 01:43:00,263 [Listener at 127.0.0.1/10628] INFO  ozone.MiniOzoneClusterImpl (MiniOzoneClusterImpl.java:lambda$waitForClusterToBeReady$0(230)) - Waiting for cluster to exit safe mode
2021-07-07 01:43:00,263 [Listener at 127.0.0.1/10628] INFO  ozone.MiniOzoneClusterImpl (MiniOzoneClusterImpl.java:lambda$waitForClusterToBeReady$0(232)) - SCM became leader
2021-07-07 01:43:00,271 [EndpointStateMachine task thread for /127.0.0.1:15495 - 0 ] INFO  ozoneimpl.OzoneContainer (OzoneContainer.java:start(305)) - Attempting to start container services.
2021-07-07 01:43:00,271 [EndpointStateMachine task thread for /127.0.0.1:15495 - 0 ] INFO  ozoneimpl.OzoneContainer (OzoneContainer.java:startContainerScrub(250)) - Background container scanner has been disabled.
2021-07-07 01:43:00,271 [EndpointStateMachine task thread for /127.0.0.1:15495 - 0 ] INFO  replication.ReplicationServer (ReplicationServer.java:start(106)) - ReplicationServer is started using port 40827
2021-07-07 01:43:00,272 [EndpointStateMachine task thread for /127.0.0.1:15495 - 0 ] INFO  ratis.XceiverServerRatis (XceiverServerRatis.java:start(478)) - Starting XceiverServerRatis b0fd8d55-63ee-4977-a2a0-8385583ac0e3
2021-07-07 01:43:00,273 [EndpointStateMachine task thread for /127.0.0.1:15495 - 0 ] INFO  server.RaftServer (RaftServerProxy.java:lambda$start$5(374)) - b0fd8d55-63ee-4977-a2a0-8385583ac0e3: start RPC server
2021-07-07 01:43:00,274 [EndpointStateMachine task thread for /127.0.0.1:15495 - 0 ] INFO  server.GrpcService (GrpcService.java:startImpl(253)) - b0fd8d55-63ee-4977-a2a0-8385583ac0e3: GrpcService started, listening on 34435
2021-07-07 01:43:00,274 [EndpointStateMachine task thread for /127.0.0.1:15495 - 0 ] INFO  ratis.XceiverServerRatis (XceiverServerRatis.java:getRealPort(499)) - XceiverServerRatis b0fd8d55-63ee-4977-a2a0-8385583ac0e3 is started using port 34435 for RATIS
2021-07-07 01:43:00,274 [EndpointStateMachine task thread for /127.0.0.1:15495 - 0 ] INFO  ratis.XceiverServerRatis (XceiverServerRatis.java:getRealPort(499)) - XceiverServerRatis b0fd8d55-63ee-4977-a2a0-8385583ac0e3 is started using port 34435 for RATIS_ADMIN
2021-07-07 01:43:00,274 [EndpointStateMachine task thread for /127.0.0.1:15495 - 0 ] INFO  ratis.XceiverServerRatis (XceiverServerRatis.java:getRealPort(499)) - XceiverServerRatis b0fd8d55-63ee-4977-a2a0-8385583ac0e3 is started using port 34435 for RATIS_SERVER
2021-07-07 01:43:00,275 [EndpointStateMachine task thread for /127.0.0.1:15495 - 0 ] INFO  server.XceiverServerGrpc (XceiverServerGrpc.java:start(135)) - XceiverServerGrpc b0fd8d55-63ee-4977-a2a0-8385583ac0e3 is started using port 38361
2021-07-07 01:43:00,275 [org.apache.ratis.util.JvmPauseMonitor$$Lambda$493/611739613@3a020e10] INFO  util.JvmPauseMonitor (JvmPauseMonitor.java:run(103)) - JvmPauseMonitor-b0fd8d55-63ee-4977-a2a0-8385583ac0e3: Started
2021-07-07 01:43:00,277 [EndpointStateMachine task thread for /127.0.0.1:15485 - 0 ] INFO  ozoneimpl.OzoneContainer (OzoneContainer.java:start(301)) - Ignore. OzoneContainer already started.
2021-07-07 01:43:00,872 [EndpointStateMachine task thread for /127.0.0.1:13951 - 0 ] INFO  ipc.Client (Client.java:handleConnectionFailure(966)) - Retrying connect to server: localhost/127.0.0.1:13951. Already tried 9 time(s); retry policy is RetryUpToMaximumCountWithFixedSleep(maxRetries=15, sleepTime=1000 MILLISECONDS)
2021-07-07 01:43:00,872 [EndpointStateMachine task thread for /127.0.0.1:13961 - 0 ] INFO  ipc.Client (Client.java:handleConnectionFailure(966)) - Retrying connect to server: localhost/127.0.0.1:13961. Already tried 9 time(s); retry policy is RetryUpToMaximumCountWithFixedSleep(maxRetries=15, sleepTime=1000 MILLISECONDS)
2021-07-07 01:43:00,875 [EndpointStateMachine task thread for /127.0.0.1:13941 - 0 ] INFO  ipc.Client (Client.java:handleConnectionFailure(966)) - Retrying connect to server: localhost/127.0.0.1:13941. Already tried 11 time(s); retry policy is RetryUpToMaximumCountWithFixedSleep(maxRetries=15, sleepTime=1000 MILLISECONDS)
2021-07-07 01:43:01,263 [Listener at 127.0.0.1/10628] INFO  ozone.MiniOzoneClusterImpl (MiniOzoneClusterImpl.java:lambda$waitForClusterToBeReady$0(227)) - Waiting for nodes to be ready. Got 0 of 3 DN Heartbeats.
2021-07-07 01:43:01,264 [Listener at 127.0.0.1/10628] INFO  ozone.MiniOzoneClusterImpl (MiniOzoneClusterImpl.java:lambda$waitForClusterToBeReady$0(230)) - Waiting for cluster to exit safe mode
2021-07-07 01:43:01,264 [Listener at 127.0.0.1/10628] INFO  ozone.MiniOzoneClusterImpl (MiniOzoneClusterImpl.java:lambda$waitForClusterToBeReady$0(232)) - SCM became leader
2021-07-07 01:43:01,872 [EndpointStateMachine task thread for /127.0.0.1:13951 - 0 ] INFO  ipc.Client (Client.java:handleConnectionFailure(966)) - Retrying connect to server: localhost/127.0.0.1:13951. Already tried 10 time(s); retry policy is RetryUpToMaximumCountWithFixedSleep(maxRetries=15, sleepTime=1000 MILLISECONDS)
2021-07-07 01:43:01,873 [EndpointStateMachine task thread for /127.0.0.1:13961 - 0 ] INFO  ipc.Client (Client.java:handleConnectionFailure(966)) - Retrying connect to server: localhost/127.0.0.1:13961. Already tried 10 time(s); retry policy is RetryUpToMaximumCountWithFixedSleep(maxRetries=15, sleepTime=1000 MILLISECONDS)
2021-07-07 01:43:01,875 [EndpointStateMachine task thread for /127.0.0.1:13941 - 0 ] INFO  ipc.Client (Client.java:handleConnectionFailure(966)) - Retrying connect to server: localhost/127.0.0.1:13941. Already tried 12 time(s); retry policy is RetryUpToMaximumCountWithFixedSleep(maxRetries=15, sleepTime=1000 MILLISECONDS)
2021-07-07 01:43:01,995 [Datanode State Machine Thread - 0] ERROR datanode.RunningDatanodeState (RunningDatanodeState.java:computeNextContainerState(199)) - Error in executing end point task.
java.util.concurrent.ExecutionException: java.util.concurrent.TimeoutException
	at java.util.concurrent.FutureTask.report(FutureTask.java:122)
	at java.util.concurrent.FutureTask.get(FutureTask.java:192)
	at org.apache.hadoop.ozone.container.common.states.datanode.RunningDatanodeState.computeNextContainerState(RunningDatanodeState.java:191)
	at org.apache.hadoop.ozone.container.common.states.datanode.RunningDatanodeState.await(RunningDatanodeState.java:231)
	at org.apache.hadoop.ozone.container.common.states.datanode.RunningDatanodeState.await(RunningDatanodeState.java:50)
	at org.apache.hadoop.ozone.container.common.statemachine.StateContext.execute(StateContext.java:629)
	at org.apache.hadoop.ozone.container.common.statemachine.DatanodeStateMachine.start(DatanodeStateMachine.java:244)
	at org.apache.hadoop.ozone.container.common.statemachine.DatanodeStateMachine.lambda$startDaemon$0(DatanodeStateMachine.java:429)
	at java.lang.Thread.run(Thread.java:748)
Caused by: java.util.concurrent.TimeoutException
	at java.util.concurrent.FutureTask.get(FutureTask.java:205)
	at org.apache.hadoop.ozone.container.common.states.datanode.RunningDatanodeState.lambda$execute$0(RunningDatanodeState.java:149)
	at java.util.concurrent.FutureTask.run(FutureTask.java:266)
	at java.util.concurrent.Executors$RunnableAdapter.call(Executors.java:511)
	at java.util.concurrent.FutureTask.run(FutureTask.java:266)
	at java.util.concurrent.ThreadPoolExecutor.runWorker(ThreadPoolExecutor.java:1149)
	at java.util.concurrent.ThreadPoolExecutor$Worker.run(ThreadPoolExecutor.java:624)
	... 1 more
2021-07-07 01:43:02,000 [IPC Server handler 0 on default port 15495] INFO  net.NetworkTopologyImpl (NetworkTopologyImpl.java:add(112)) - Added a new node: /default-rack/0f49443e-0a6a-496b-95aa-140a56b5e2f8
2021-07-07 01:43:02,000 [IPC Server handler 27 on default port 15485] INFO  net.NetworkTopologyImpl (NetworkTopologyImpl.java:add(112)) - Added a new node: /default-rack/0f49443e-0a6a-496b-95aa-140a56b5e2f8
2021-07-07 01:43:02,002 [IPC Server handler 0 on default port 15495] INFO  node.SCMNodeManager (SCMNodeManager.java:register(348)) - Registered Data node : 0f49443e-0a6a-496b-95aa-140a56b5e2f8{ip: 127.0.0.1, host: localhost, ports: [REPLICATION=34473, RATIS=32951, RATIS_ADMIN=32951, RATIS_SERVER=32951, STANDALONE=45145], networkLocation: /default-rack, certSerialId: null, persistedOpState: null, persistedOpStateExpiryEpochSec: 0}
2021-07-07 01:43:02,003 [IPC Server handler 27 on default port 15485] INFO  node.SCMNodeManager (SCMNodeManager.java:register(348)) - Registered Data node : 0f49443e-0a6a-496b-95aa-140a56b5e2f8{ip: 127.0.0.1, host: localhost, ports: [REPLICATION=34473, RATIS=32951, RATIS_ADMIN=32951, RATIS_SERVER=32951, STANDALONE=45145], networkLocation: /default-rack, certSerialId: null, persistedOpState: null, persistedOpStateExpiryEpochSec: 0}
2021-07-07 01:43:02,003 [EventQueue-NewNodeForNewNodeHandler] INFO  pipeline.BackgroundPipelineCreator (BackgroundPipelineCreatorV2.java:notifyEventTriggered(285)) - trigger a one-shot run on RatisPipelineUtilsThread.
2021-07-07 01:43:02,003 [RatisPipelineUtilsThread - 0] INFO  pipeline.RatisPipelineProvider (RatisPipelineProvider.java:lambda$create$0(170)) - Sending CreatePipelineCommand for pipeline:PipelineID=4d71c56d-3311-43ef-bd5a-bb9ef5c4ce3d to datanode:0f49443e-0a6a-496b-95aa-140a56b5e2f8
2021-07-07 01:43:02,008 [EventQueue-NodeRegistrationContainerReportForDataNodeSafeModeRule] INFO  safemode.SCMSafeModeManager (DataNodeSafeModeRule.java:process(71)) - SCM in safe mode. 1 DataNodes registered, 3 required.
2021-07-07 01:43:02,008 [EventQueue-NewNodeForNewNodeHandler] INFO  pipeline.BackgroundPipelineCreator (BackgroundPipelineCreatorV2.java:notifyEventTriggered(279)) - ignore, not leader SCM.
2021-07-07 01:43:02,011 [EventQueue-NodeRegistrationContainerReportForDataNodeSafeModeRule] INFO  safemode.SCMSafeModeManager (DataNodeSafeModeRule.java:process(71)) - SCM in safe mode. 1 DataNodes registered, 3 required.
2021-07-07 01:43:02,012 [EventQueue-NodeRegistrationContainerReportForContainerSafeModeRule] INFO  safemode.SCMSafeModeManager (SCMSafeModeManager.java:validateSafeModeExitRules(204)) - ContainerSafeModeRule rule is successfully validated
2021-07-07 01:43:02,012 [EventQueue-NodeRegistrationContainerReportForContainerSafeModeRule] INFO  safemode.SCMSafeModeManager (SCMSafeModeManager.java:validateSafeModeExitRules(204)) - ContainerSafeModeRule rule is successfully validated
2021-07-07 01:43:02,017 [9bc33821-a41f-4857-8348-6c15ba9d7e69@group-F49EEC7F6D62-StateMachineUpdater] INFO  pipeline.PipelineStateManager (PipelineStateManagerV2Impl.java:addPipeline(101)) - Created pipeline Pipeline[ Id: 4d71c56d-3311-43ef-bd5a-bb9ef5c4ce3d, Nodes: 0f49443e-0a6a-496b-95aa-140a56b5e2f8{ip: 127.0.0.1, host: localhost, ports: [REPLICATION=34473, RATIS=32951, RATIS_ADMIN=32951, RATIS_SERVER=32951, STANDALONE=45145], networkLocation: /default-rack, certSerialId: null, persistedOpState: IN_SERVICE, persistedOpStateExpiryEpochSec: 0}, ReplicationConfig: RATIS/ONE, State:ALLOCATED, leaderId:, CreationTimestamp2021-07-07T01:43:02.003Z].
2021-07-07 01:43:02,018 [9bc33821-a41f-4857-8348-6c15ba9d7e69@group-F49EEC7F6D62-StateMachineUpdater] INFO  safemode.HealthyPipelineSafeModeRule (HealthyPipelineSafeModeRule.java:initializeRule(152)) - Refreshed total pipeline count is 0, healthy pipeline threshold count is 1
2021-07-07 01:43:02,018 [9bc33821-a41f-4857-8348-6c15ba9d7e69@group-F49EEC7F6D62-StateMachineUpdater] INFO  safemode.SCMSafeModeManager (SCMSafeModeManager.java:validateSafeModeExitRules(204)) - AtleastOneDatanodeReportedRule rule is successfully validated
2021-07-07 01:43:02,018 [RatisPipelineUtilsThread - 0] INFO  ha.SCMHAInvocationHandler (SCMHAInvocationHandler.java:invokeRatis(113)) - Invoking method public abstract void org.apache.hadoop.hdds.scm.pipeline.StateManager.addPipeline(org.apache.hadoop.hdds.protocol.proto.HddsProtos$Pipeline) throws java.io.IOException on target org.apache.hadoop.hdds.scm.ha.SCMRatisServerImpl@77e48145, cost 9254.415us
2021-07-07 01:43:02,020 [EventQueue-PipelineReportForOneReplicaPipelineSafeModeRule] INFO  safemode.SCMSafeModeManager (SCMSafeModeManager.java:validateSafeModeExitRules(204)) - AtleastOneDatanodeReportedRule rule is successfully validated
2021-07-07 01:43:02,022 [1f826664-c1d0-47b0-99bc-11cdaf7ce5a3@group-F49EEC7F6D62-StateMachineUpdater] INFO  pipeline.PipelineStateManager (PipelineStateManagerV2Impl.java:addPipeline(101)) - Created pipeline Pipeline[ Id: 4d71c56d-3311-43ef-bd5a-bb9ef5c4ce3d, Nodes: 0f49443e-0a6a-496b-95aa-140a56b5e2f8{ip: 127.0.0.1, host: localhost, ports: [REPLICATION=34473, RATIS=32951, RATIS_ADMIN=32951, RATIS_SERVER=32951, STANDALONE=45145], networkLocation: /default-rack, certSerialId: null, persistedOpState: IN_SERVICE, persistedOpStateExpiryEpochSec: 0}, ReplicationConfig: RATIS/ONE, State:ALLOCATED, leaderId:, CreationTimestamp2021-07-07T01:43:02.003Z].
2021-07-07 01:43:02,022 [1f826664-c1d0-47b0-99bc-11cdaf7ce5a3@group-F49EEC7F6D62-StateMachineUpdater] INFO  safemode.HealthyPipelineSafeModeRule (HealthyPipelineSafeModeRule.java:initializeRule(152)) - Refreshed total pipeline count is 0, healthy pipeline threshold count is 1
2021-07-07 01:43:02,141 [Datanode State Machine Thread - 0] ERROR datanode.RunningDatanodeState (RunningDatanodeState.java:computeNextContainerState(199)) - Error in executing end point task.
java.util.concurrent.ExecutionException: java.util.concurrent.TimeoutException
	at java.util.concurrent.FutureTask.report(FutureTask.java:122)
	at java.util.concurrent.FutureTask.get(FutureTask.java:192)
	at org.apache.hadoop.ozone.container.common.states.datanode.RunningDatanodeState.computeNextContainerState(RunningDatanodeState.java:191)
	at org.apache.hadoop.ozone.container.common.states.datanode.RunningDatanodeState.await(RunningDatanodeState.java:231)
	at org.apache.hadoop.ozone.container.common.states.datanode.RunningDatanodeState.await(RunningDatanodeState.java:50)
	at org.apache.hadoop.ozone.container.common.statemachine.StateContext.execute(StateContext.java:629)
	at org.apache.hadoop.ozone.container.common.statemachine.DatanodeStateMachine.start(DatanodeStateMachine.java:244)
	at org.apache.hadoop.ozone.container.common.statemachine.DatanodeStateMachine.lambda$startDaemon$0(DatanodeStateMachine.java:429)
	at java.lang.Thread.run(Thread.java:748)
Caused by: java.util.concurrent.TimeoutException
	at java.util.concurrent.FutureTask.get(FutureTask.java:205)
	at org.apache.hadoop.ozone.container.common.states.datanode.RunningDatanodeState.lambda$execute$0(RunningDatanodeState.java:149)
	at java.util.concurrent.FutureTask.run(FutureTask.java:266)
	at java.util.concurrent.Executors$RunnableAdapter.call(Executors.java:511)
	at java.util.concurrent.FutureTask.run(FutureTask.java:266)
	at java.util.concurrent.ThreadPoolExecutor.runWorker(ThreadPoolExecutor.java:1149)
	at java.util.concurrent.ThreadPoolExecutor$Worker.run(ThreadPoolExecutor.java:624)
	... 1 more
2021-07-07 01:43:02,151 [IPC Server handler 1 on default port 15495] INFO  net.NetworkTopologyImpl (NetworkTopologyImpl.java:add(112)) - Added a new node: /default-rack/10d76295-ae05-4b7a-8932-536e603c59a2
2021-07-07 01:43:02,151 [IPC Server handler 1 on default port 15495] INFO  node.SCMNodeManager (SCMNodeManager.java:register(348)) - Registered Data node : 10d76295-ae05-4b7a-8932-536e603c59a2{ip: 127.0.0.1, host: localhost, ports: [REPLICATION=36753, RATIS=41601, RATIS_ADMIN=41601, RATIS_SERVER=41601, STANDALONE=33839], networkLocation: /default-rack, certSerialId: null, persistedOpState: null, persistedOpStateExpiryEpochSec: 0}
2021-07-07 01:43:02,151 [IPC Server handler 1 on default port 15485] INFO  net.NetworkTopologyImpl (NetworkTopologyImpl.java:add(112)) - Added a new node: /default-rack/10d76295-ae05-4b7a-8932-536e603c59a2
2021-07-07 01:43:02,151 [IPC Server handler 1 on default port 15485] INFO  node.SCMNodeManager (SCMNodeManager.java:register(348)) - Registered Data node : 10d76295-ae05-4b7a-8932-536e603c59a2{ip: 127.0.0.1, host: localhost, ports: [REPLICATION=36753, RATIS=41601, RATIS_ADMIN=41601, RATIS_SERVER=41601, STANDALONE=33839], networkLocation: /default-rack, certSerialId: null, persistedOpState: null, persistedOpStateExpiryEpochSec: 0}
2021-07-07 01:43:02,151 [EventQueue-NewNodeForNewNodeHandler] INFO  pipeline.BackgroundPipelineCreator (BackgroundPipelineCreatorV2.java:notifyEventTriggered(285)) - trigger a one-shot run on RatisPipelineUtilsThread.
2021-07-07 01:43:02,152 [EventQueue-NodeRegistrationContainerReportForDataNodeSafeModeRule] INFO  safemode.SCMSafeModeManager (DataNodeSafeModeRule.java:process(71)) - SCM in safe mode. 2 DataNodes registered, 3 required.
2021-07-07 01:43:02,151 [EventQueue-NewNodeForNewNodeHandler] INFO  pipeline.BackgroundPipelineCreator (BackgroundPipelineCreatorV2.java:notifyEventTriggered(279)) - ignore, not leader SCM.
2021-07-07 01:43:02,152 [EventQueue-NodeRegistrationContainerReportForDataNodeSafeModeRule] INFO  safemode.SCMSafeModeManager (DataNodeSafeModeRule.java:process(71)) - SCM in safe mode. 2 DataNodes registered, 3 required.
2021-07-07 01:43:02,153 [RatisPipelineUtilsThread - 0] INFO  pipeline.RatisPipelineProvider (RatisPipelineProvider.java:lambda$create$0(170)) - Sending CreatePipelineCommand for pipeline:PipelineID=ee33e6cd-5d5d-4666-96c1-a53b2a283add to datanode:10d76295-ae05-4b7a-8932-536e603c59a2
2021-07-07 01:43:02,156 [9bc33821-a41f-4857-8348-6c15ba9d7e69@group-F49EEC7F6D62-StateMachineUpdater] INFO  pipeline.PipelineStateManager (PipelineStateManagerV2Impl.java:addPipeline(101)) - Created pipeline Pipeline[ Id: ee33e6cd-5d5d-4666-96c1-a53b2a283add, Nodes: 10d76295-ae05-4b7a-8932-536e603c59a2{ip: 127.0.0.1, host: localhost, ports: [REPLICATION=36753, RATIS=41601, RATIS_ADMIN=41601, RATIS_SERVER=41601, STANDALONE=33839], networkLocation: /default-rack, certSerialId: null, persistedOpState: IN_SERVICE, persistedOpStateExpiryEpochSec: 0}, ReplicationConfig: RATIS/ONE, State:ALLOCATED, leaderId:, CreationTimestamp2021-07-07T01:43:02.153Z].
2021-07-07 01:43:02,156 [9bc33821-a41f-4857-8348-6c15ba9d7e69@group-F49EEC7F6D62-StateMachineUpdater] INFO  safemode.HealthyPipelineSafeModeRule (HealthyPipelineSafeModeRule.java:initializeRule(152)) - Refreshed total pipeline count is 0, healthy pipeline threshold count is 1
2021-07-07 01:43:02,157 [RatisPipelineUtilsThread - 0] INFO  ha.SCMHAInvocationHandler (SCMHAInvocationHandler.java:invokeRatis(113)) - Invoking method public abstract void org.apache.hadoop.hdds.scm.pipeline.StateManager.addPipeline(org.apache.hadoop.hdds.protocol.proto.HddsProtos$Pipeline) throws java.io.IOException on target org.apache.hadoop.hdds.scm.ha.SCMRatisServerImpl@77e48145, cost 3742.708us
2021-07-07 01:43:02,159 [1f826664-c1d0-47b0-99bc-11cdaf7ce5a3@group-F49EEC7F6D62-StateMachineUpdater] INFO  pipeline.PipelineStateManager (PipelineStateManagerV2Impl.java:addPipeline(101)) - Created pipeline Pipeline[ Id: ee33e6cd-5d5d-4666-96c1-a53b2a283add, Nodes: 10d76295-ae05-4b7a-8932-536e603c59a2{ip: 127.0.0.1, host: localhost, ports: [REPLICATION=36753, RATIS=41601, RATIS_ADMIN=41601, RATIS_SERVER=41601, STANDALONE=33839], networkLocation: /default-rack, certSerialId: null, persistedOpState: IN_SERVICE, persistedOpStateExpiryEpochSec: 0}, ReplicationConfig: RATIS/ONE, State:ALLOCATED, leaderId:, CreationTimestamp2021-07-07T01:43:02.153Z].
2021-07-07 01:43:02,159 [1f826664-c1d0-47b0-99bc-11cdaf7ce5a3@group-F49EEC7F6D62-StateMachineUpdater] INFO  safemode.HealthyPipelineSafeModeRule (HealthyPipelineSafeModeRule.java:initializeRule(152)) - Refreshed total pipeline count is 0, healthy pipeline threshold count is 1
2021-07-07 01:43:02,160 [9bc33821-a41f-4857-8348-6c15ba9d7e69@group-F49EEC7F6D62-StateMachineUpdater] INFO  ha.SCMStateMachine (SCMStateMachine.java:takeSnapshot(290)) - Current Snapshot Index 10, takeSnapshot took 0 ms
2021-07-07 01:43:02,160 [9bc33821-a41f-4857-8348-6c15ba9d7e69@group-F49EEC7F6D62-StateMachineUpdater] INFO  impl.StateMachineUpdater (StateMachineUpdater.java:takeSnapshot(281)) - 9bc33821-a41f-4857-8348-6c15ba9d7e69@group-F49EEC7F6D62-StateMachineUpdater: Took a snapshot at index 10
2021-07-07 01:43:02,160 [9bc33821-a41f-4857-8348-6c15ba9d7e69@group-F49EEC7F6D62-StateMachineUpdater] INFO  impl.StateMachineUpdater (StateMachineUpdater.java:lambda$new$0(89)) - 9bc33821-a41f-4857-8348-6c15ba9d7e69@group-F49EEC7F6D62-StateMachineUpdater: snapshotIndex: updateIncreasingly 5 -> 10
2021-07-07 01:43:02,160 [9bc33821-a41f-4857-8348-6c15ba9d7e69@group-F49EEC7F6D62-StateMachineUpdater] INFO  raftlog.RaftLog (RaftLogBase.java:purge(306)) - 9bc33821-a41f-4857-8348-6c15ba9d7e69@group-F49EEC7F6D62-SegmentedRaftLog: purge 10
2021-07-07 01:43:02,160 [9bc33821-a41f-4857-8348-6c15ba9d7e69@group-F49EEC7F6D62-StateMachineUpdater] INFO  raftlog.RaftLog (RaftLogBase.java:lambda$new$0(53)) - 9bc33821-a41f-4857-8348-6c15ba9d7e69@group-F49EEC7F6D62-SegmentedRaftLog: snapshotIndex: updateIncreasingly 5 -> 10
2021-07-07 01:43:02,160 [9bc33821-a41f-4857-8348-6c15ba9d7e69@group-F49EEC7F6D62-StateMachineUpdater] INFO  raftlog.RaftLog (RaftLogBase.java:lambda$new$0(53)) - 9bc33821-a41f-4857-8348-6c15ba9d7e69@group-F49EEC7F6D62-SegmentedRaftLog: purgeIndex: updateToMax old=0, new=10, updated? true
2021-07-07 01:43:02,264 [Listener at 127.0.0.1/10628] INFO  ozone.MiniOzoneClusterImpl (MiniOzoneClusterImpl.java:lambda$waitForClusterToBeReady$0(227)) - Waiting for nodes to be ready. Got 2 of 3 DN Heartbeats.
2021-07-07 01:43:02,265 [Listener at 127.0.0.1/10628] INFO  ozone.MiniOzoneClusterImpl (MiniOzoneClusterImpl.java:lambda$waitForClusterToBeReady$0(230)) - Waiting for cluster to exit safe mode
2021-07-07 01:43:02,265 [Listener at 127.0.0.1/10628] INFO  ozone.MiniOzoneClusterImpl (MiniOzoneClusterImpl.java:lambda$waitForClusterToBeReady$0(232)) - SCM became leader
2021-07-07 01:43:02,269 [IPC Server handler 4 on default port 15495] INFO  net.NetworkTopologyImpl (NetworkTopologyImpl.java:add(112)) - Added a new node: /default-rack/b0fd8d55-63ee-4977-a2a0-8385583ac0e3
2021-07-07 01:43:02,269 [IPC Server handler 27 on default port 15485] INFO  net.NetworkTopologyImpl (NetworkTopologyImpl.java:add(112)) - Added a new node: /default-rack/b0fd8d55-63ee-4977-a2a0-8385583ac0e3
2021-07-07 01:43:02,269 [IPC Server handler 4 on default port 15495] INFO  node.SCMNodeManager (SCMNodeManager.java:register(348)) - Registered Data node : b0fd8d55-63ee-4977-a2a0-8385583ac0e3{ip: 127.0.0.1, host: localhost, ports: [REPLICATION=40827, RATIS=34435, RATIS_ADMIN=34435, RATIS_SERVER=34435, STANDALONE=38361], networkLocation: /default-rack, certSerialId: null, persistedOpState: null, persistedOpStateExpiryEpochSec: 0}
2021-07-07 01:43:02,270 [IPC Server handler 27 on default port 15485] INFO  node.SCMNodeManager (SCMNodeManager.java:register(348)) - Registered Data node : b0fd8d55-63ee-4977-a2a0-8385583ac0e3{ip: 127.0.0.1, host: localhost, ports: [REPLICATION=40827, RATIS=34435, RATIS_ADMIN=34435, RATIS_SERVER=34435, STANDALONE=38361], networkLocation: /default-rack, certSerialId: null, persistedOpState: null, persistedOpStateExpiryEpochSec: 0}
2021-07-07 01:43:02,270 [EventQueue-NewNodeForNewNodeHandler] INFO  pipeline.BackgroundPipelineCreator (BackgroundPipelineCreatorV2.java:notifyEventTriggered(279)) - ignore, not leader SCM.
2021-07-07 01:43:02,270 [EventQueue-NewNodeForNewNodeHandler] INFO  pipeline.BackgroundPipelineCreator (BackgroundPipelineCreatorV2.java:notifyEventTriggered(285)) - trigger a one-shot run on RatisPipelineUtilsThread.
2021-07-07 01:43:02,270 [RatisPipelineUtilsThread - 0] INFO  pipeline.RatisPipelineProvider (RatisPipelineProvider.java:lambda$create$0(170)) - Sending CreatePipelineCommand for pipeline:PipelineID=1bd6e5d5-7a53-4d89-95b6-e02319837c86 to datanode:b0fd8d55-63ee-4977-a2a0-8385583ac0e3
2021-07-07 01:43:02,271 [EventQueue-NodeRegistrationContainerReportForDataNodeSafeModeRule] INFO  safemode.SCMSafeModeManager (DataNodeSafeModeRule.java:process(71)) - SCM in safe mode. 3 DataNodes registered, 3 required.
2021-07-07 01:43:02,271 [EventQueue-NodeRegistrationContainerReportForDataNodeSafeModeRule] INFO  safemode.SCMSafeModeManager (SCMSafeModeManager.java:validateSafeModeExitRules(204)) - DataNodeSafeModeRule rule is successfully validated
2021-07-07 01:43:02,271 [EventQueue-NodeRegistrationContainerReportForDataNodeSafeModeRule] INFO  safemode.SCMSafeModeManager (SCMSafeModeManager.java:completePreCheck(233)) - All SCM safe mode pre check rules have passed
2021-07-07 01:43:02,271 [EventQueue-NodeRegistrationContainerReportForDataNodeSafeModeRule] WARN  events.EventQueue (EventQueue.java:fireEvent(194)) - No event handler registered for event TypedEvent{payloadType=SafeModeStatus, name='Safe mode status'}
2021-07-07 01:43:02,271 [EventQueue-NodeRegistrationContainerReportForDataNodeSafeModeRule] INFO  ha.SCMContext (SCMContext.java:updateSafeModeStatus(208)) - Update SafeModeStatus from SafeModeStatus{safeModeStatus=true, preCheckPassed=false} to SafeModeStatus{safeModeStatus=true, preCheckPassed=true}.
2021-07-07 01:43:02,271 [EventQueue-NodeRegistrationContainerReportForDataNodeSafeModeRule] INFO  pipeline.BackgroundPipelineCreator (BackgroundPipelineCreatorV2.java:notifyEventTriggered(279)) - ignore, not leader SCM.
2021-07-07 01:43:02,274 [EventQueue-NodeRegistrationContainerReportForDataNodeSafeModeRule] INFO  safemode.SCMSafeModeManager (DataNodeSafeModeRule.java:process(71)) - SCM in safe mode. 3 DataNodes registered, 3 required.
2021-07-07 01:43:02,274 [EventQueue-NodeRegistrationContainerReportForDataNodeSafeModeRule] INFO  safemode.SCMSafeModeManager (SCMSafeModeManager.java:validateSafeModeExitRules(204)) - DataNodeSafeModeRule rule is successfully validated
2021-07-07 01:43:02,274 [EventQueue-NodeRegistrationContainerReportForDataNodeSafeModeRule] INFO  safemode.SCMSafeModeManager (SCMSafeModeManager.java:completePreCheck(233)) - All SCM safe mode pre check rules have passed
2021-07-07 01:43:02,274 [EventQueue-NodeRegistrationContainerReportForDataNodeSafeModeRule] WARN  events.EventQueue (EventQueue.java:fireEvent(194)) - No event handler registered for event TypedEvent{payloadType=SafeModeStatus, name='Safe mode status'}
2021-07-07 01:43:02,274 [EventQueue-NodeRegistrationContainerReportForDataNodeSafeModeRule] INFO  ha.SCMContext (SCMContext.java:updateSafeModeStatus(208)) - Update SafeModeStatus from SafeModeStatus{safeModeStatus=true, preCheckPassed=false} to SafeModeStatus{safeModeStatus=true, preCheckPassed=true}.
2021-07-07 01:43:02,274 [EventQueue-NodeRegistrationContainerReportForDataNodeSafeModeRule] INFO  pipeline.BackgroundPipelineCreator (BackgroundPipelineCreatorV2.java:notifyEventTriggered(285)) - trigger a one-shot run on RatisPipelineUtilsThread.
2021-07-07 01:43:02,275 [1f826664-c1d0-47b0-99bc-11cdaf7ce5a3@group-F49EEC7F6D62-StateMachineUpdater] INFO  ha.SCMStateMachine (SCMStateMachine.java:takeSnapshot(290)) - Current Snapshot Index 10, takeSnapshot took 0 ms
2021-07-07 01:43:02,275 [1f826664-c1d0-47b0-99bc-11cdaf7ce5a3@group-F49EEC7F6D62-StateMachineUpdater] INFO  impl.StateMachineUpdater (StateMachineUpdater.java:takeSnapshot(281)) - 1f826664-c1d0-47b0-99bc-11cdaf7ce5a3@group-F49EEC7F6D62-StateMachineUpdater: Took a snapshot at index 10
2021-07-07 01:43:02,275 [1f826664-c1d0-47b0-99bc-11cdaf7ce5a3@group-F49EEC7F6D62-StateMachineUpdater] INFO  impl.StateMachineUpdater (StateMachineUpdater.java:lambda$new$0(89)) - 1f826664-c1d0-47b0-99bc-11cdaf7ce5a3@group-F49EEC7F6D62-StateMachineUpdater: snapshotIndex: updateIncreasingly 5 -> 10
2021-07-07 01:43:02,275 [1f826664-c1d0-47b0-99bc-11cdaf7ce5a3@group-F49EEC7F6D62-StateMachineUpdater] INFO  raftlog.RaftLog (RaftLogBase.java:purge(306)) - 1f826664-c1d0-47b0-99bc-11cdaf7ce5a3@group-F49EEC7F6D62-SegmentedRaftLog: purge 10
2021-07-07 01:43:02,275 [1f826664-c1d0-47b0-99bc-11cdaf7ce5a3@group-F49EEC7F6D62-StateMachineUpdater] INFO  raftlog.RaftLog (RaftLogBase.java:lambda$new$0(53)) - 1f826664-c1d0-47b0-99bc-11cdaf7ce5a3@group-F49EEC7F6D62-SegmentedRaftLog: snapshotIndex: updateIncreasingly 5 -> 10
2021-07-07 01:43:02,275 [1f826664-c1d0-47b0-99bc-11cdaf7ce5a3@group-F49EEC7F6D62-StateMachineUpdater] INFO  raftlog.RaftLog (RaftLogBase.java:lambda$new$0(53)) - 1f826664-c1d0-47b0-99bc-11cdaf7ce5a3@group-F49EEC7F6D62-SegmentedRaftLog: purgeIndex: updateToMax old=0, new=10, updated? true
2021-07-07 01:43:02,276 [9bc33821-a41f-4857-8348-6c15ba9d7e69@group-F49EEC7F6D62-StateMachineUpdater] INFO  pipeline.PipelineStateManager (PipelineStateManagerV2Impl.java:addPipeline(101)) - Created pipeline Pipeline[ Id: 1bd6e5d5-7a53-4d89-95b6-e02319837c86, Nodes: b0fd8d55-63ee-4977-a2a0-8385583ac0e3{ip: 127.0.0.1, host: localhost, ports: [REPLICATION=40827, RATIS=34435, RATIS_ADMIN=34435, RATIS_SERVER=34435, STANDALONE=38361], networkLocation: /default-rack, certSerialId: null, persistedOpState: IN_SERVICE, persistedOpStateExpiryEpochSec: 0}, ReplicationConfig: RATIS/ONE, State:ALLOCATED, leaderId:, CreationTimestamp2021-07-07T01:43:02.270Z].
2021-07-07 01:43:02,276 [9bc33821-a41f-4857-8348-6c15ba9d7e69@group-F49EEC7F6D62-StateMachineUpdater] INFO  safemode.HealthyPipelineSafeModeRule (HealthyPipelineSafeModeRule.java:initializeRule(152)) - Refreshed total pipeline count is 0, healthy pipeline threshold count is 1
2021-07-07 01:43:02,276 [RatisPipelineUtilsThread - 0] INFO  ha.SCMHAInvocationHandler (SCMHAInvocationHandler.java:invokeRatis(113)) - Invoking method public abstract void org.apache.hadoop.hdds.scm.pipeline.StateManager.addPipeline(org.apache.hadoop.hdds.protocol.proto.HddsProtos$Pipeline) throws java.io.IOException on target org.apache.hadoop.hdds.scm.ha.SCMRatisServerImpl@77e48145, cost 6049.137us
2021-07-07 01:43:02,277 [RatisPipelineUtilsThread - 0] INFO  pipeline.RatisPipelineProvider (RatisPipelineProvider.java:lambda$create$0(170)) - Sending CreatePipelineCommand for pipeline:PipelineID=e977e7d9-7c38-4228-b53c-bf80bbc9517c to datanode:10d76295-ae05-4b7a-8932-536e603c59a2
2021-07-07 01:43:02,277 [RatisPipelineUtilsThread - 0] INFO  pipeline.RatisPipelineProvider (RatisPipelineProvider.java:lambda$create$0(170)) - Sending CreatePipelineCommand for pipeline:PipelineID=e977e7d9-7c38-4228-b53c-bf80bbc9517c to datanode:b0fd8d55-63ee-4977-a2a0-8385583ac0e3
2021-07-07 01:43:02,277 [RatisPipelineUtilsThread - 0] INFO  pipeline.RatisPipelineProvider (RatisPipelineProvider.java:lambda$create$0(170)) - Sending CreatePipelineCommand for pipeline:PipelineID=e977e7d9-7c38-4228-b53c-bf80bbc9517c to datanode:0f49443e-0a6a-496b-95aa-140a56b5e2f8
2021-07-07 01:43:02,280 [1f826664-c1d0-47b0-99bc-11cdaf7ce5a3@group-F49EEC7F6D62-StateMachineUpdater] INFO  pipeline.PipelineStateManager (PipelineStateManagerV2Impl.java:addPipeline(101)) - Created pipeline Pipeline[ Id: 1bd6e5d5-7a53-4d89-95b6-e02319837c86, Nodes: b0fd8d55-63ee-4977-a2a0-8385583ac0e3{ip: 127.0.0.1, host: localhost, ports: [REPLICATION=40827, RATIS=34435, RATIS_ADMIN=34435, RATIS_SERVER=34435, STANDALONE=38361], networkLocation: /default-rack, certSerialId: null, persistedOpState: IN_SERVICE, persistedOpStateExpiryEpochSec: 0}, ReplicationConfig: RATIS/ONE, State:ALLOCATED, leaderId:, CreationTimestamp2021-07-07T01:43:02.270Z].
2021-07-07 01:43:02,280 [1f826664-c1d0-47b0-99bc-11cdaf7ce5a3@group-F49EEC7F6D62-StateMachineUpdater] INFO  safemode.HealthyPipelineSafeModeRule (HealthyPipelineSafeModeRule.java:initializeRule(152)) - Refreshed total pipeline count is 0, healthy pipeline threshold count is 1
2021-07-07 01:43:02,281 [9bc33821-a41f-4857-8348-6c15ba9d7e69@group-F49EEC7F6D62-StateMachineUpdater] INFO  pipeline.PipelineStateManager (PipelineStateManagerV2Impl.java:addPipeline(101)) - Created pipeline Pipeline[ Id: e977e7d9-7c38-4228-b53c-bf80bbc9517c, Nodes: 10d76295-ae05-4b7a-8932-536e603c59a2{ip: 127.0.0.1, host: localhost, ports: [REPLICATION=36753, RATIS=41601, RATIS_ADMIN=41601, RATIS_SERVER=41601, STANDALONE=33839], networkLocation: /default-rack, certSerialId: null, persistedOpState: IN_SERVICE, persistedOpStateExpiryEpochSec: 0}b0fd8d55-63ee-4977-a2a0-8385583ac0e3{ip: 127.0.0.1, host: localhost, ports: [REPLICATION=40827, RATIS=34435, RATIS_ADMIN=34435, RATIS_SERVER=34435, STANDALONE=38361], networkLocation: /default-rack, certSerialId: null, persistedOpState: IN_SERVICE, persistedOpStateExpiryEpochSec: 0}0f49443e-0a6a-496b-95aa-140a56b5e2f8{ip: 127.0.0.1, host: localhost, ports: [REPLICATION=34473, RATIS=32951, RATIS_ADMIN=32951, RATIS_SERVER=32951, STANDALONE=45145], networkLocation: /default-rack, certSerialId: null, persistedOpState: IN_SERVICE, persistedOpStateExpiryEpochSec: 0}, ReplicationConfig: RATIS/THREE, State:ALLOCATED, leaderId:, CreationTimestamp2021-07-07T01:43:02.277Z].
2021-07-07 01:43:02,281 [9bc33821-a41f-4857-8348-6c15ba9d7e69@group-F49EEC7F6D62-StateMachineUpdater] INFO  safemode.HealthyPipelineSafeModeRule (HealthyPipelineSafeModeRule.java:initializeRule(152)) - Refreshed total pipeline count is 0, healthy pipeline threshold count is 1
2021-07-07 01:43:02,282 [RatisPipelineUtilsThread - 0] INFO  ha.SCMHAInvocationHandler (SCMHAInvocationHandler.java:invokeRatis(113)) - Invoking method public abstract void org.apache.hadoop.hdds.scm.pipeline.StateManager.addPipeline(org.apache.hadoop.hdds.protocol.proto.HddsProtos$Pipeline) throws java.io.IOException on target org.apache.hadoop.hdds.scm.ha.SCMRatisServerImpl@77e48145, cost 4569.054us
2021-07-07 01:43:02,282 [RatisPipelineUtilsThread - 0] INFO  pipeline.RatisPipelineProvider (RatisPipelineProvider.java:lambda$create$0(170)) - Sending CreatePipelineCommand for pipeline:PipelineID=d872d6fc-bbb1-485a-9573-8237731c7163 to datanode:0f49443e-0a6a-496b-95aa-140a56b5e2f8
2021-07-07 01:43:02,282 [RatisPipelineUtilsThread - 0] INFO  pipeline.RatisPipelineProvider (RatisPipelineProvider.java:lambda$create$0(170)) - Sending CreatePipelineCommand for pipeline:PipelineID=d872d6fc-bbb1-485a-9573-8237731c7163 to datanode:10d76295-ae05-4b7a-8932-536e603c59a2
2021-07-07 01:43:02,282 [RatisPipelineUtilsThread - 0] INFO  pipeline.RatisPipelineProvider (RatisPipelineProvider.java:lambda$create$0(170)) - Sending CreatePipelineCommand for pipeline:PipelineID=d872d6fc-bbb1-485a-9573-8237731c7163 to datanode:b0fd8d55-63ee-4977-a2a0-8385583ac0e3
2021-07-07 01:43:02,284 [1f826664-c1d0-47b0-99bc-11cdaf7ce5a3@group-F49EEC7F6D62-StateMachineUpdater] INFO  pipeline.PipelineStateManager (PipelineStateManagerV2Impl.java:addPipeline(101)) - Created pipeline Pipeline[ Id: e977e7d9-7c38-4228-b53c-bf80bbc9517c, Nodes: 10d76295-ae05-4b7a-8932-536e603c59a2{ip: 127.0.0.1, host: localhost, ports: [REPLICATION=36753, RATIS=41601, RATIS_ADMIN=41601, RATIS_SERVER=41601, STANDALONE=33839], networkLocation: /default-rack, certSerialId: null, persistedOpState: IN_SERVICE, persistedOpStateExpiryEpochSec: 0}b0fd8d55-63ee-4977-a2a0-8385583ac0e3{ip: 127.0.0.1, host: localhost, ports: [REPLICATION=40827, RATIS=34435, RATIS_ADMIN=34435, RATIS_SERVER=34435, STANDALONE=38361], networkLocation: /default-rack, certSerialId: null, persistedOpState: IN_SERVICE, persistedOpStateExpiryEpochSec: 0}0f49443e-0a6a-496b-95aa-140a56b5e2f8{ip: 127.0.0.1, host: localhost, ports: [REPLICATION=34473, RATIS=32951, RATIS_ADMIN=32951, RATIS_SERVER=32951, STANDALONE=45145], networkLocation: /default-rack, certSerialId: null, persistedOpState: IN_SERVICE, persistedOpStateExpiryEpochSec: 0}, ReplicationConfig: RATIS/THREE, State:ALLOCATED, leaderId:, CreationTimestamp2021-07-07T01:43:02.277Z].
2021-07-07 01:43:02,284 [1f826664-c1d0-47b0-99bc-11cdaf7ce5a3@group-F49EEC7F6D62-StateMachineUpdater] INFO  safemode.HealthyPipelineSafeModeRule (HealthyPipelineSafeModeRule.java:initializeRule(152)) - Refreshed total pipeline count is 0, healthy pipeline threshold count is 1
2021-07-07 01:43:02,286 [9bc33821-a41f-4857-8348-6c15ba9d7e69@group-F49EEC7F6D62-StateMachineUpdater] INFO  pipeline.PipelineStateManager (PipelineStateManagerV2Impl.java:addPipeline(101)) - Created pipeline Pipeline[ Id: d872d6fc-bbb1-485a-9573-8237731c7163, Nodes: 0f49443e-0a6a-496b-95aa-140a56b5e2f8{ip: 127.0.0.1, host: localhost, ports: [REPLICATION=34473, RATIS=32951, RATIS_ADMIN=32951, RATIS_SERVER=32951, STANDALONE=45145], networkLocation: /default-rack, certSerialId: null, persistedOpState: IN_SERVICE, persistedOpStateExpiryEpochSec: 0}10d76295-ae05-4b7a-8932-536e603c59a2{ip: 127.0.0.1, host: localhost, ports: [REPLICATION=36753, RATIS=41601, RATIS_ADMIN=41601, RATIS_SERVER=41601, STANDALONE=33839], networkLocation: /default-rack, certSerialId: null, persistedOpState: IN_SERVICE, persistedOpStateExpiryEpochSec: 0}b0fd8d55-63ee-4977-a2a0-8385583ac0e3{ip: 127.0.0.1, host: localhost, ports: [REPLICATION=40827, RATIS=34435, RATIS_ADMIN=34435, RATIS_SERVER=34435, STANDALONE=38361], networkLocation: /default-rack, certSerialId: null, persistedOpState: IN_SERVICE, persistedOpStateExpiryEpochSec: 0}, ReplicationConfig: RATIS/THREE, State:ALLOCATED, leaderId:, CreationTimestamp2021-07-07T01:43:02.282Z].
2021-07-07 01:43:02,286 [9bc33821-a41f-4857-8348-6c15ba9d7e69@group-F49EEC7F6D62-StateMachineUpdater] INFO  safemode.HealthyPipelineSafeModeRule (HealthyPipelineSafeModeRule.java:initializeRule(152)) - Refreshed total pipeline count is 0, healthy pipeline threshold count is 1
2021-07-07 01:43:02,287 [9bc33821-a41f-4857-8348-6c15ba9d7e69@group-F49EEC7F6D62-StateMachineUpdater] INFO  ha.SCMStateMachine (SCMStateMachine.java:takeSnapshot(290)) - Current Snapshot Index 15, takeSnapshot took 0 ms
2021-07-07 01:43:02,287 [9bc33821-a41f-4857-8348-6c15ba9d7e69@group-F49EEC7F6D62-StateMachineUpdater] INFO  impl.StateMachineUpdater (StateMachineUpdater.java:takeSnapshot(281)) - 9bc33821-a41f-4857-8348-6c15ba9d7e69@group-F49EEC7F6D62-StateMachineUpdater: Took a snapshot at index 15
2021-07-07 01:43:02,287 [9bc33821-a41f-4857-8348-6c15ba9d7e69@group-F49EEC7F6D62-StateMachineUpdater] INFO  impl.StateMachineUpdater (StateMachineUpdater.java:lambda$new$0(89)) - 9bc33821-a41f-4857-8348-6c15ba9d7e69@group-F49EEC7F6D62-StateMachineUpdater: snapshotIndex: updateIncreasingly 10 -> 15
2021-07-07 01:43:02,287 [9bc33821-a41f-4857-8348-6c15ba9d7e69@group-F49EEC7F6D62-StateMachineUpdater] INFO  raftlog.RaftLog (RaftLogBase.java:purge(306)) - 9bc33821-a41f-4857-8348-6c15ba9d7e69@group-F49EEC7F6D62-SegmentedRaftLog: purge 15
2021-07-07 01:43:02,287 [9bc33821-a41f-4857-8348-6c15ba9d7e69@group-F49EEC7F6D62-StateMachineUpdater] INFO  raftlog.RaftLog (RaftLogBase.java:lambda$new$0(53)) - 9bc33821-a41f-4857-8348-6c15ba9d7e69@group-F49EEC7F6D62-SegmentedRaftLog: snapshotIndex: updateIncreasingly 10 -> 15
2021-07-07 01:43:02,287 [9bc33821-a41f-4857-8348-6c15ba9d7e69@group-F49EEC7F6D62-StateMachineUpdater] INFO  raftlog.RaftLog (RaftLogBase.java:lambda$new$0(53)) - 9bc33821-a41f-4857-8348-6c15ba9d7e69@group-F49EEC7F6D62-SegmentedRaftLog: purgeIndex: updateToMax old=10, new=15, updated? true
2021-07-07 01:43:02,287 [RatisPipelineUtilsThread - 0] INFO  ha.SCMHAInvocationHandler (SCMHAInvocationHandler.java:invokeRatis(113)) - Invoking method public abstract void org.apache.hadoop.hdds.scm.pipeline.StateManager.addPipeline(org.apache.hadoop.hdds.protocol.proto.HddsProtos$Pipeline) throws java.io.IOException on target org.apache.hadoop.hdds.scm.ha.SCMRatisServerImpl@77e48145, cost 5002.279us
2021-07-07 01:43:02,287 [RatisPipelineUtilsThread - 0] INFO  pipeline.PipelineManagerV2Impl (PipelineManagerV2Impl.java:recordMetricsForPipeline(589)) - Pipeline: PipelineID=d872d6fc-bbb1-485a-9573-8237731c7163 contains same datanodes as previous pipelines: PipelineID=e977e7d9-7c38-4228-b53c-bf80bbc9517c nodeIds: 0f49443e-0a6a-496b-95aa-140a56b5e2f8, 10d76295-ae05-4b7a-8932-536e603c59a2, b0fd8d55-63ee-4977-a2a0-8385583ac0e3
2021-07-07 01:43:02,289 [1f826664-c1d0-47b0-99bc-11cdaf7ce5a3@group-F49EEC7F6D62-StateMachineUpdater] INFO  pipeline.PipelineStateManager (PipelineStateManagerV2Impl.java:addPipeline(101)) - Created pipeline Pipeline[ Id: d872d6fc-bbb1-485a-9573-8237731c7163, Nodes: 0f49443e-0a6a-496b-95aa-140a56b5e2f8{ip: 127.0.0.1, host: localhost, ports: [REPLICATION=34473, RATIS=32951, RATIS_ADMIN=32951, RATIS_SERVER=32951, STANDALONE=45145], networkLocation: /default-rack, certSerialId: null, persistedOpState: IN_SERVICE, persistedOpStateExpiryEpochSec: 0}10d76295-ae05-4b7a-8932-536e603c59a2{ip: 127.0.0.1, host: localhost, ports: [REPLICATION=36753, RATIS=41601, RATIS_ADMIN=41601, RATIS_SERVER=41601, STANDALONE=33839], networkLocation: /default-rack, certSerialId: null, persistedOpState: IN_SERVICE, persistedOpStateExpiryEpochSec: 0}b0fd8d55-63ee-4977-a2a0-8385583ac0e3{ip: 127.0.0.1, host: localhost, ports: [REPLICATION=40827, RATIS=34435, RATIS_ADMIN=34435, RATIS_SERVER=34435, STANDALONE=38361], networkLocation: /default-rack, certSerialId: null, persistedOpState: IN_SERVICE, persistedOpStateExpiryEpochSec: 0}, ReplicationConfig: RATIS/THREE, State:ALLOCATED, leaderId:, CreationTimestamp2021-07-07T01:43:02.282Z].
2021-07-07 01:43:02,289 [1f826664-c1d0-47b0-99bc-11cdaf7ce5a3@group-F49EEC7F6D62-StateMachineUpdater] INFO  safemode.HealthyPipelineSafeModeRule (HealthyPipelineSafeModeRule.java:initializeRule(152)) - Refreshed total pipeline count is 0, healthy pipeline threshold count is 1
2021-07-07 01:43:02,289 [1f826664-c1d0-47b0-99bc-11cdaf7ce5a3@group-F49EEC7F6D62-StateMachineUpdater] INFO  ha.SCMStateMachine (SCMStateMachine.java:takeSnapshot(290)) - Current Snapshot Index 15, takeSnapshot took 0 ms
2021-07-07 01:43:02,289 [1f826664-c1d0-47b0-99bc-11cdaf7ce5a3@group-F49EEC7F6D62-StateMachineUpdater] INFO  impl.StateMachineUpdater (StateMachineUpdater.java:takeSnapshot(281)) - 1f826664-c1d0-47b0-99bc-11cdaf7ce5a3@group-F49EEC7F6D62-StateMachineUpdater: Took a snapshot at index 15
2021-07-07 01:43:02,290 [1f826664-c1d0-47b0-99bc-11cdaf7ce5a3@group-F49EEC7F6D62-StateMachineUpdater] INFO  impl.StateMachineUpdater (StateMachineUpdater.java:lambda$new$0(89)) - 1f826664-c1d0-47b0-99bc-11cdaf7ce5a3@group-F49EEC7F6D62-StateMachineUpdater: snapshotIndex: updateIncreasingly 10 -> 15
2021-07-07 01:43:02,290 [1f826664-c1d0-47b0-99bc-11cdaf7ce5a3@group-F49EEC7F6D62-StateMachineUpdater] INFO  raftlog.RaftLog (RaftLogBase.java:purge(306)) - 1f826664-c1d0-47b0-99bc-11cdaf7ce5a3@group-F49EEC7F6D62-SegmentedRaftLog: purge 15
2021-07-07 01:43:02,290 [1f826664-c1d0-47b0-99bc-11cdaf7ce5a3@group-F49EEC7F6D62-StateMachineUpdater] INFO  raftlog.RaftLog (RaftLogBase.java:lambda$new$0(53)) - 1f826664-c1d0-47b0-99bc-11cdaf7ce5a3@group-F49EEC7F6D62-SegmentedRaftLog: snapshotIndex: updateIncreasingly 10 -> 15
2021-07-07 01:43:02,290 [1f826664-c1d0-47b0-99bc-11cdaf7ce5a3@group-F49EEC7F6D62-StateMachineUpdater] INFO  raftlog.RaftLog (RaftLogBase.java:lambda$new$0(53)) - 1f826664-c1d0-47b0-99bc-11cdaf7ce5a3@group-F49EEC7F6D62-SegmentedRaftLog: purgeIndex: updateToMax old=10, new=15, updated? true
2021-07-07 01:43:02,873 [EndpointStateMachine task thread for /127.0.0.1:13951 - 0 ] INFO  ipc.Client (Client.java:handleConnectionFailure(966)) - Retrying connect to server: localhost/127.0.0.1:13951. Already tried 11 time(s); retry policy is RetryUpToMaximumCountWithFixedSleep(maxRetries=15, sleepTime=1000 MILLISECONDS)
2021-07-07 01:43:02,874 [EndpointStateMachine task thread for /127.0.0.1:13961 - 0 ] INFO  ipc.Client (Client.java:handleConnectionFailure(966)) - Retrying connect to server: localhost/127.0.0.1:13961. Already tried 11 time(s); retry policy is RetryUpToMaximumCountWithFixedSleep(maxRetries=15, sleepTime=1000 MILLISECONDS)
2021-07-07 01:43:02,876 [EndpointStateMachine task thread for /127.0.0.1:13941 - 0 ] INFO  ipc.Client (Client.java:handleConnectionFailure(966)) - Retrying connect to server: localhost/127.0.0.1:13941. Already tried 13 time(s); retry policy is RetryUpToMaximumCountWithFixedSleep(maxRetries=15, sleepTime=1000 MILLISECONDS)
2021-07-07 01:43:03,265 [Listener at 127.0.0.1/10628] INFO  ozone.MiniOzoneClusterImpl (MiniOzoneClusterImpl.java:lambda$waitForClusterToBeReady$0(227)) - Nodes are ready. Got 3 of 3 DN Heartbeats.
2021-07-07 01:43:03,266 [Listener at 127.0.0.1/10628] INFO  ozone.MiniOzoneClusterImpl (MiniOzoneClusterImpl.java:lambda$waitForClusterToBeReady$0(230)) - Waiting for cluster to exit safe mode
2021-07-07 01:43:03,266 [Listener at 127.0.0.1/10628] INFO  ozone.MiniOzoneClusterImpl (MiniOzoneClusterImpl.java:lambda$waitForClusterToBeReady$0(232)) - SCM became leader
2021-07-07 01:43:03,874 [EndpointStateMachine task thread for /127.0.0.1:13951 - 0 ] INFO  ipc.Client (Client.java:handleConnectionFailure(966)) - Retrying connect to server: localhost/127.0.0.1:13951. Already tried 12 time(s); retry policy is RetryUpToMaximumCountWithFixedSleep(maxRetries=15, sleepTime=1000 MILLISECONDS)
2021-07-07 01:43:03,874 [EndpointStateMachine task thread for /127.0.0.1:13961 - 0 ] INFO  ipc.Client (Client.java:handleConnectionFailure(966)) - Retrying connect to server: localhost/127.0.0.1:13961. Already tried 12 time(s); retry policy is RetryUpToMaximumCountWithFixedSleep(maxRetries=15, sleepTime=1000 MILLISECONDS)
2021-07-07 01:43:03,876 [EndpointStateMachine task thread for /127.0.0.1:13941 - 0 ] INFO  ipc.Client (Client.java:handleConnectionFailure(966)) - Retrying connect to server: localhost/127.0.0.1:13941. Already tried 14 time(s); retry policy is RetryUpToMaximumCountWithFixedSleep(maxRetries=15, sleepTime=1000 MILLISECONDS)
2021-07-07 01:43:04,144 [Datanode State Machine Thread - 0] ERROR datanode.RunningDatanodeState (RunningDatanodeState.java:computeNextContainerState(199)) - Error in executing end point task.
java.util.concurrent.ExecutionException: java.util.concurrent.TimeoutException
	at java.util.concurrent.FutureTask.report(FutureTask.java:122)
	at java.util.concurrent.FutureTask.get(FutureTask.java:192)
	at org.apache.hadoop.ozone.container.common.states.datanode.RunningDatanodeState.computeNextContainerState(RunningDatanodeState.java:191)
	at org.apache.hadoop.ozone.container.common.states.datanode.RunningDatanodeState.await(RunningDatanodeState.java:231)
	at org.apache.hadoop.ozone.container.common.states.datanode.RunningDatanodeState.await(RunningDatanodeState.java:50)
	at org.apache.hadoop.ozone.container.common.statemachine.StateContext.execute(StateContext.java:629)
	at org.apache.hadoop.ozone.container.common.statemachine.DatanodeStateMachine.start(DatanodeStateMachine.java:244)
	at org.apache.hadoop.ozone.container.common.statemachine.DatanodeStateMachine.lambda$startDaemon$0(DatanodeStateMachine.java:429)
	at java.lang.Thread.run(Thread.java:748)
Caused by: java.util.concurrent.TimeoutException
	at java.util.concurrent.FutureTask.get(FutureTask.java:205)
	at org.apache.hadoop.ozone.container.common.states.datanode.RunningDatanodeState.lambda$execute$0(RunningDatanodeState.java:149)
	at java.util.concurrent.FutureTask.run(FutureTask.java:266)
	at java.util.concurrent.Executors$RunnableAdapter.call(Executors.java:511)
	at java.util.concurrent.FutureTask.run(FutureTask.java:266)
	at java.util.concurrent.ThreadPoolExecutor.runWorker(ThreadPoolExecutor.java:1149)
	at java.util.concurrent.ThreadPoolExecutor$Worker.run(ThreadPoolExecutor.java:624)
	... 1 more
2021-07-07 01:43:04,266 [Listener at 127.0.0.1/10628] INFO  ozone.MiniOzoneClusterImpl (MiniOzoneClusterImpl.java:lambda$waitForClusterToBeReady$0(227)) - Nodes are ready. Got 3 of 3 DN Heartbeats.
2021-07-07 01:43:04,267 [Listener at 127.0.0.1/10628] INFO  ozone.MiniOzoneClusterImpl (MiniOzoneClusterImpl.java:lambda$waitForClusterToBeReady$0(230)) - Waiting for cluster to exit safe mode
2021-07-07 01:43:04,267 [Listener at 127.0.0.1/10628] INFO  ozone.MiniOzoneClusterImpl (MiniOzoneClusterImpl.java:lambda$waitForClusterToBeReady$0(232)) - SCM became leader
2021-07-07 01:43:04,267 [Datanode State Machine Thread - 0] ERROR datanode.RunningDatanodeState (RunningDatanodeState.java:computeNextContainerState(199)) - Error in executing end point task.
java.util.concurrent.ExecutionException: java.util.concurrent.TimeoutException
	at java.util.concurrent.FutureTask.report(FutureTask.java:122)
	at java.util.concurrent.FutureTask.get(FutureTask.java:192)
	at org.apache.hadoop.ozone.container.common.states.datanode.RunningDatanodeState.computeNextContainerState(RunningDatanodeState.java:191)
	at org.apache.hadoop.ozone.container.common.states.datanode.RunningDatanodeState.await(RunningDatanodeState.java:231)
	at org.apache.hadoop.ozone.container.common.states.datanode.RunningDatanodeState.await(RunningDatanodeState.java:50)
	at org.apache.hadoop.ozone.container.common.statemachine.StateContext.execute(StateContext.java:629)
	at org.apache.hadoop.ozone.container.common.statemachine.DatanodeStateMachine.start(DatanodeStateMachine.java:244)
	at org.apache.hadoop.ozone.container.common.statemachine.DatanodeStateMachine.lambda$startDaemon$0(DatanodeStateMachine.java:429)
	at java.lang.Thread.run(Thread.java:748)
Caused by: java.util.concurrent.TimeoutException
	at java.util.concurrent.FutureTask.get(FutureTask.java:205)
	at org.apache.hadoop.ozone.container.common.states.datanode.RunningDatanodeState.lambda$execute$0(RunningDatanodeState.java:149)
	at java.util.concurrent.FutureTask.run(FutureTask.java:266)
	at java.util.concurrent.Executors$RunnableAdapter.call(Executors.java:511)
	at java.util.concurrent.FutureTask.run(FutureTask.java:266)
	at java.util.concurrent.ThreadPoolExecutor.runWorker(ThreadPoolExecutor.java:1149)
	at java.util.concurrent.ThreadPoolExecutor$Worker.run(ThreadPoolExecutor.java:624)
	... 1 more
2021-07-07 01:43:04,875 [EndpointStateMachine task thread for /127.0.0.1:13961 - 0 ] INFO  ipc.Client (Client.java:handleConnectionFailure(966)) - Retrying connect to server: localhost/127.0.0.1:13961. Already tried 13 time(s); retry policy is RetryUpToMaximumCountWithFixedSleep(maxRetries=15, sleepTime=1000 MILLISECONDS)
2021-07-07 01:43:04,875 [EndpointStateMachine task thread for /127.0.0.1:13951 - 0 ] INFO  ipc.Client (Client.java:handleConnectionFailure(966)) - Retrying connect to server: localhost/127.0.0.1:13951. Already tried 13 time(s); retry policy is RetryUpToMaximumCountWithFixedSleep(maxRetries=15, sleepTime=1000 MILLISECONDS)
2021-07-07 01:43:04,877 [EndpointStateMachine task thread for /127.0.0.1:13941 - 0 ] INFO  ipc.Client (Client.java:handleConnectionFailure(966)) - Retrying connect to server: localhost/127.0.0.1:13941. Already tried 0 time(s); retry policy is RetryUpToMaximumCountWithFixedSleep(maxRetries=15, sleepTime=1000 MILLISECONDS)
2021-07-07 01:43:04,998 [Command processor thread] INFO  server.RaftServer (RaftServerProxy.java:addNew(95)) - 0f49443e-0a6a-496b-95aa-140a56b5e2f8: addNew group-BB9EF5C4CE3D:[0f49443e-0a6a-496b-95aa-140a56b5e2f8|rpc:127.0.0.1:32951|priority:1] returns group-BB9EF5C4CE3D:java.util.concurrent.CompletableFuture@312a832d[Not completed]
2021-07-07 01:43:04,999 [pool-247-thread-1] INFO  server.RaftServer$Division (RaftServerImpl.java:<init>(180)) - 0f49443e-0a6a-496b-95aa-140a56b5e2f8: new RaftServerImpl for group-BB9EF5C4CE3D:[0f49443e-0a6a-496b-95aa-140a56b5e2f8|rpc:127.0.0.1:32951|priority:1] with ContainerStateMachine:uninitialized
2021-07-07 01:43:05,001 [pool-247-thread-1] INFO  server.RaftServerConfigKeys (ConfUtils.java:logGet(44)) - raft.server.rpc.timeout.min = 5s (custom)
2021-07-07 01:43:05,002 [pool-247-thread-1] INFO  server.RaftServerConfigKeys (ConfUtils.java:logGet(44)) - raft.server.rpc.timeout.max = 5200ms (custom)
2021-07-07 01:43:05,002 [pool-247-thread-1] INFO  server.RaftServerConfigKeys (ConfUtils.java:logGet(44)) - raft.server.rpc.sleep.time = 25ms (default)
2021-07-07 01:43:05,002 [pool-247-thread-1] INFO  server.RaftServerConfigKeys (ConfUtils.java:logGet(44)) - raft.server.rpc.slowness.timeout = 300s (custom)
2021-07-07 01:43:05,002 [pool-247-thread-1] INFO  server.RaftServerConfigKeys (ConfUtils.java:logGet(44)) - raft.server.leaderelection.leader.step-down.wait-time = 10s (default)
2021-07-07 01:43:05,002 [pool-247-thread-1] INFO  server.RaftServerConfigKeys (ConfUtils.java:logGet(44)) - raft.server.sleep.deviation.threshold = 300ms (default)
2021-07-07 01:43:05,002 [pool-247-thread-1] INFO  server.RaftServerConfigKeys (ConfUtils.java:logGet(44)) - raft.server.log.appender.install.snapshot.enabled = false (custom)
2021-07-07 01:43:05,002 [pool-247-thread-1] INFO  server.RaftServer$Division (ServerState.java:<init>(105)) - 0f49443e-0a6a-496b-95aa-140a56b5e2f8@group-BB9EF5C4CE3D: ConfigurationManager, init=-1: [0f49443e-0a6a-496b-95aa-140a56b5e2f8|rpc:127.0.0.1:32951|priority:1], old=null, confs=<EMPTY_MAP>
2021-07-07 01:43:05,002 [pool-247-thread-1] INFO  server.RaftServerConfigKeys (ConfUtils.java:logGet(44)) - raft.server.storage.dir = [/home/runner/work/ozone/ozone/mnt/ozone/hadoop-ozone/integration-test/target/test-dir/MiniOzoneClusterImpl-1d7024f8-a0c4-4e84-a8d8-f49eec7f6d62/datanode-0/data/ratis] (custom)
2021-07-07 01:43:05,003 [pool-247-thread-1] INFO  server.RaftServerConfigKeys (ConfUtils.java:logGet(44)) - raft.server.log.corruption.policy = EXCEPTION (default)
2021-07-07 01:43:05,003 [pool-247-thread-1] INFO  storage.RaftStorageDirectory (RaftStorageDirectoryImpl.java:analyzeStorage(132)) - The storage directory /home/runner/work/ozone/ozone/mnt/ozone/hadoop-ozone/integration-test/target/test-dir/MiniOzoneClusterImpl-1d7024f8-a0c4-4e84-a8d8-f49eec7f6d62/datanode-0/data/ratis/4d71c56d-3311-43ef-bd5a-bb9ef5c4ce3d does not exist. Creating ...
2021-07-07 01:43:05,004 [pool-247-thread-1] INFO  storage.RaftStorageDirectory (RaftStorageDirectoryImpl.java:tryLock(215)) - Lock on /home/runner/work/ozone/ozone/mnt/ozone/hadoop-ozone/integration-test/target/test-dir/MiniOzoneClusterImpl-1d7024f8-a0c4-4e84-a8d8-f49eec7f6d62/datanode-0/data/ratis/4d71c56d-3311-43ef-bd5a-bb9ef5c4ce3d/in_use.lock acquired by nodename 8524@fv-az148-456
2021-07-07 01:43:05,006 [pool-247-thread-1] INFO  storage.RaftStorage (RaftStorageImpl.java:format(87)) - Storage directory /home/runner/work/ozone/ozone/mnt/ozone/hadoop-ozone/integration-test/target/test-dir/MiniOzoneClusterImpl-1d7024f8-a0c4-4e84-a8d8-f49eec7f6d62/datanode-0/data/ratis/4d71c56d-3311-43ef-bd5a-bb9ef5c4ce3d has been successfully formatted.
2021-07-07 01:43:05,006 [pool-247-thread-1] INFO  ratis.ContainerStateMachine (ContainerStateMachine.java:loadSnapshot(223)) - group-BB9EF5C4CE3D: The snapshot info is null. Setting the last applied indexto:(t:0, i:~)
2021-07-07 01:43:05,006 [pool-247-thread-1] INFO  server.RaftServerConfigKeys (ConfUtils.java:logGet(44)) - raft.server.notification.no-leader.timeout = 300s (custom)
2021-07-07 01:43:05,006 [pool-247-thread-1] INFO  server.RaftServerConfigKeys (ConfUtils.java:logGet(44)) - raft.server.log.use.memory = false (default)
2021-07-07 01:43:05,008 [EndpointStateMachine task thread for /127.0.0.1:15505 - 0 ] WARN  statemachine.EndpointStateMachine (EndpointStateMachine.java:logIfNeeded(236)) - Unable to communicate to SCM server at 127.0.0.1:15505 for past 0 seconds.
java.net.SocketTimeoutException: Call From fv-az148-456/10.1.0.45 to localhost:15505 failed on socket timeout exception: java.net.SocketTimeoutException: 5000 millis timeout while waiting for channel to be ready for read. ch : java.nio.channels.SocketChannel[connected local=/127.0.0.1:52088 remote=/127.0.0.1:15505]; For more details see:  http://wiki.apache.org/hadoop/SocketTimeout
	at sun.reflect.GeneratedConstructorAccessor31.newInstance(Unknown Source)
	at sun.reflect.DelegatingConstructorAccessorImpl.newInstance(DelegatingConstructorAccessorImpl.java:45)
	at java.lang.reflect.Constructor.newInstance(Constructor.java:423)
	at org.apache.hadoop.net.NetUtils.wrapWithMessage(NetUtils.java:836)
	at org.apache.hadoop.net.NetUtils.wrapException(NetUtils.java:780)
	at org.apache.hadoop.ipc.Client.getRpcResponse(Client.java:1566)
	at org.apache.hadoop.ipc.Client.call(Client.java:1508)
	at org.apache.hadoop.ipc.Client.call(Client.java:1405)
	at org.apache.hadoop.ipc.ProtobufRpcEngine$Invoker.invoke(ProtobufRpcEngine.java:233)
	at org.apache.hadoop.ipc.ProtobufRpcEngine$Invoker.invoke(ProtobufRpcEngine.java:118)
	at com.sun.proxy.$Proxy45.submitRequest(Unknown Source)
	at org.apache.hadoop.ozone.protocolPB.StorageContainerDatanodeProtocolClientSideTranslatorPB.submitRequest(StorageContainerDatanodeProtocolClientSideTranslatorPB.java:117)
	at org.apache.hadoop.ozone.protocolPB.StorageContainerDatanodeProtocolClientSideTranslatorPB.getVersion(StorageContainerDatanodeProtocolClientSideTranslatorPB.java:133)
	at org.apache.hadoop.ozone.container.common.states.endpoint.VersionEndpointTask.call(VersionEndpointTask.java:71)
	at org.apache.hadoop.ozone.container.common.states.endpoint.VersionEndpointTask.call(VersionEndpointTask.java:42)
	at java.util.concurrent.FutureTask.run(FutureTask.java:266)
	at java.util.concurrent.ThreadPoolExecutor.runWorker(ThreadPoolExecutor.java:1149)
	at java.util.concurrent.ThreadPoolExecutor$Worker.run(ThreadPoolExecutor.java:624)
	at java.lang.Thread.run(Thread.java:748)
Caused by: java.net.SocketTimeoutException: 5000 millis timeout while waiting for channel to be ready for read. ch : java.nio.channels.SocketChannel[connected local=/127.0.0.1:52088 remote=/127.0.0.1:15505]
	at org.apache.hadoop.net.SocketIOWithTimeout.doIO(SocketIOWithTimeout.java:164)
	at org.apache.hadoop.net.SocketInputStream.read(SocketInputStream.java:161)
	at org.apache.hadoop.net.SocketInputStream.read(SocketInputStream.java:131)
	at java.io.FilterInputStream.read(FilterInputStream.java:133)
	at java.io.BufferedInputStream.fill(BufferedInputStream.java:246)
	at java.io.BufferedInputStream.read(BufferedInputStream.java:265)
	at java.io.FilterInputStream.read(FilterInputStream.java:83)
	at java.io.FilterInputStream.read(FilterInputStream.java:83)
	at org.apache.hadoop.ipc.Client$Connection$PingInputStream.read(Client.java:562)
	at java.io.DataInputStream.readInt(DataInputStream.java:387)
	at org.apache.hadoop.ipc.Client$IpcStreams.readResponse(Client.java:1880)
	at org.apache.hadoop.ipc.Client$Connection.receiveRpcResponse(Client.java:1191)
	at org.apache.hadoop.ipc.Client$Connection.run(Client.java:1087)
2021-07-07 01:43:05,008 [EndpointStateMachine task thread for /127.0.0.1:15505 - 0 ] WARN  statemachine.EndpointStateMachine (EndpointStateMachine.java:logIfNeeded(236)) - Unable to communicate to SCM server at localhost:15505 for past 0 seconds.
java.net.SocketTimeoutException: Call From fv-az148-456/10.1.0.45 to localhost:15505 failed on socket timeout exception: java.net.SocketTimeoutException: 5000 millis timeout while waiting for channel to be ready for read. ch : java.nio.channels.SocketChannel[connected local=/127.0.0.1:52088 remote=/127.0.0.1:15505]; For more details see:  http://wiki.apache.org/hadoop/SocketTimeout
	at sun.reflect.GeneratedConstructorAccessor31.newInstance(Unknown Source)
	at sun.reflect.DelegatingConstructorAccessorImpl.newInstance(DelegatingConstructorAccessorImpl.java:45)
	at java.lang.reflect.Constructor.newInstance(Constructor.java:423)
	at org.apache.hadoop.net.NetUtils.wrapWithMessage(NetUtils.java:836)
	at org.apache.hadoop.net.NetUtils.wrapException(NetUtils.java:780)
	at org.apache.hadoop.ipc.Client.getRpcResponse(Client.java:1566)
	at org.apache.hadoop.ipc.Client.call(Client.java:1508)
	at org.apache.hadoop.ipc.Client.call(Client.java:1405)
	at org.apache.hadoop.ipc.ProtobufRpcEngine$Invoker.invoke(ProtobufRpcEngine.java:233)
	at org.apache.hadoop.ipc.ProtobufRpcEngine$Invoker.invoke(ProtobufRpcEngine.java:118)
	at com.sun.proxy.$Proxy45.submitRequest(Unknown Source)
	at org.apache.hadoop.ozone.protocolPB.StorageContainerDatanodeProtocolClientSideTranslatorPB.submitRequest(StorageContainerDatanodeProtocolClientSideTranslatorPB.java:117)
	at org.apache.hadoop.ozone.protocolPB.StorageContainerDatanodeProtocolClientSideTranslatorPB.getVersion(StorageContainerDatanodeProtocolClientSideTranslatorPB.java:133)
	at org.apache.hadoop.ozone.container.common.states.endpoint.VersionEndpointTask.call(VersionEndpointTask.java:71)
	at org.apache.hadoop.ozone.container.common.states.endpoint.VersionEndpointTask.call(VersionEndpointTask.java:42)
	at java.util.concurrent.FutureTask.run(FutureTask.java:266)
	at java.util.concurrent.ThreadPoolExecutor.runWorker(ThreadPoolExecutor.java:1149)
	at java.util.concurrent.ThreadPoolExecutor$Worker.run(ThreadPoolExecutor.java:624)
	at java.lang.Thread.run(Thread.java:748)
Caused by: java.net.SocketTimeoutException: 5000 millis timeout while waiting for channel to be ready for read. ch : java.nio.channels.SocketChannel[connected local=/127.0.0.1:52088 remote=/127.0.0.1:15505]
	at org.apache.hadoop.net.SocketIOWithTimeout.doIO(SocketIOWithTimeout.java:164)
	at org.apache.hadoop.net.SocketInputStream.read(SocketInputStream.java:161)
	at org.apache.hadoop.net.SocketInputStream.read(SocketInputStream.java:131)
	at java.io.FilterInputStream.read(FilterInputStream.java:133)
	at java.io.BufferedInputStream.fill(BufferedInputStream.java:246)
	at java.io.BufferedInputStream.read(BufferedInputStream.java:265)
	at java.io.FilterInputStream.read(FilterInputStream.java:83)
	at java.io.FilterInputStream.read(FilterInputStream.java:83)
	at org.apache.hadoop.ipc.Client$Connection$PingInputStream.read(Client.java:562)
	at java.io.DataInputStream.readInt(DataInputStream.java:387)
	at org.apache.hadoop.ipc.Client$IpcStreams.readResponse(Client.java:1880)
	at org.apache.hadoop.ipc.Client$Connection.receiveRpcResponse(Client.java:1191)
	at org.apache.hadoop.ipc.Client$Connection.run(Client.java:1087)
2021-07-07 01:43:05,008 [EndpointStateMachine task thread for /127.0.0.1:15505 - 0 ] WARN  statemachine.EndpointStateMachine (EndpointStateMachine.java:logIfNeeded(236)) - Unable to communicate to SCM server at 127.0.0.1:15505 for past 0 seconds.
java.net.SocketTimeoutException: Call From fv-az148-456/10.1.0.45 to localhost:15505 failed on socket timeout exception: java.net.SocketTimeoutException: 5000 millis timeout while waiting for channel to be ready for read. ch : java.nio.channels.SocketChannel[connected local=/127.0.0.1:52088 remote=/127.0.0.1:15505]; For more details see:  http://wiki.apache.org/hadoop/SocketTimeout
	at sun.reflect.GeneratedConstructorAccessor31.newInstance(Unknown Source)
	at sun.reflect.DelegatingConstructorAccessorImpl.newInstance(DelegatingConstructorAccessorImpl.java:45)
	at java.lang.reflect.Constructor.newInstance(Constructor.java:423)
	at org.apache.hadoop.net.NetUtils.wrapWithMessage(NetUtils.java:836)
	at org.apache.hadoop.net.NetUtils.wrapException(NetUtils.java:780)
	at org.apache.hadoop.ipc.Client.getRpcResponse(Client.java:1566)
	at org.apache.hadoop.ipc.Client.call(Client.java:1508)
	at org.apache.hadoop.ipc.Client.call(Client.java:1405)
	at org.apache.hadoop.ipc.ProtobufRpcEngine$Invoker.invoke(ProtobufRpcEngine.java:233)
	at org.apache.hadoop.ipc.ProtobufRpcEngine$Invoker.invoke(ProtobufRpcEngine.java:118)
	at com.sun.proxy.$Proxy45.submitRequest(Unknown Source)
	at org.apache.hadoop.ozone.protocolPB.StorageContainerDatanodeProtocolClientSideTranslatorPB.submitRequest(StorageContainerDatanodeProtocolClientSideTranslatorPB.java:117)
	at org.apache.hadoop.ozone.protocolPB.StorageContainerDatanodeProtocolClientSideTranslatorPB.getVersion(StorageContainerDatanodeProtocolClientSideTranslatorPB.java:133)
	at org.apache.hadoop.ozone.container.common.states.endpoint.VersionEndpointTask.call(VersionEndpointTask.java:71)
	at org.apache.hadoop.ozone.container.common.states.endpoint.VersionEndpointTask.call(VersionEndpointTask.java:42)
	at java.util.concurrent.FutureTask.run(FutureTask.java:266)
	at java.util.concurrent.ThreadPoolExecutor.runWorker(ThreadPoolExecutor.java:1149)
	at java.util.concurrent.ThreadPoolExecutor$Worker.run(ThreadPoolExecutor.java:624)
	at java.lang.Thread.run(Thread.java:748)
Caused by: java.net.SocketTimeoutException: 5000 millis timeout while waiting for channel to be ready for read. ch : java.nio.channels.SocketChannel[connected local=/127.0.0.1:52088 remote=/127.0.0.1:15505]
	at org.apache.hadoop.net.SocketIOWithTimeout.doIO(SocketIOWithTimeout.java:164)
	at org.apache.hadoop.net.SocketInputStream.read(SocketInputStream.java:161)
	at org.apache.hadoop.net.SocketInputStream.read(SocketInputStream.java:131)
	at java.io.FilterInputStream.read(FilterInputStream.java:133)
	at java.io.BufferedInputStream.fill(BufferedInputStream.java:246)
	at java.io.BufferedInputStream.read(BufferedInputStream.java:265)
	at java.io.FilterInputStream.read(FilterInputStream.java:83)
	at java.io.FilterInputStream.read(FilterInputStream.java:83)
	at org.apache.hadoop.ipc.Client$Connection$PingInputStream.read(Client.java:562)
	at java.io.DataInputStream.readInt(DataInputStream.java:387)
	at org.apache.hadoop.ipc.Client$IpcStreams.readResponse(Client.java:1880)
	at org.apache.hadoop.ipc.Client$Connection.receiveRpcResponse(Client.java:1191)
	at org.apache.hadoop.ipc.Client$Connection.run(Client.java:1087)
2021-07-07 01:43:05,007 [EventQueue-PipelineReportForPipelineReportHandler] INFO  pipeline.PipelineManagerV2Impl (PipelineManagerV2Impl.java:openPipeline(270)) - Pipeline Pipeline[ Id: 4d71c56d-3311-43ef-bd5a-bb9ef5c4ce3d, Nodes: 0f49443e-0a6a-496b-95aa-140a56b5e2f8{ip: 127.0.0.1, host: localhost, ports: [REPLICATION=34473, RATIS=32951, RATIS_ADMIN=32951, RATIS_SERVER=32951, STANDALONE=45145], networkLocation: /default-rack, certSerialId: null, persistedOpState: IN_SERVICE, persistedOpStateExpiryEpochSec: 0}, ReplicationConfig: RATIS/ONE, State:ALLOCATED, leaderId:0f49443e-0a6a-496b-95aa-140a56b5e2f8, CreationTimestamp2021-07-07T01:43:02.003Z] moved to OPEN state
2021-07-07 01:43:05,007 [EventQueue-PipelineReportForPipelineReportHandler] INFO  pipeline.PipelineManagerV2Impl (PipelineManagerV2Impl.java:openPipeline(270)) - Pipeline Pipeline[ Id: 4d71c56d-3311-43ef-bd5a-bb9ef5c4ce3d, Nodes: 0f49443e-0a6a-496b-95aa-140a56b5e2f8{ip: 127.0.0.1, host: localhost, ports: [REPLICATION=34473, RATIS=32951, RATIS_ADMIN=32951, RATIS_SERVER=32951, STANDALONE=45145], networkLocation: /default-rack, certSerialId: null, persistedOpState: IN_SERVICE, persistedOpStateExpiryEpochSec: 0}, ReplicationConfig: RATIS/ONE, State:ALLOCATED, leaderId:0f49443e-0a6a-496b-95aa-140a56b5e2f8, CreationTimestamp2021-07-07T01:43:02.003Z] moved to OPEN state
2021-07-07 01:43:05,012 [pool-247-thread-1] INFO  server.RaftServerConfigKeys (ConfUtils.java:logGet(44)) - raft.server.log.purge.gap = 1000000 (custom)
2021-07-07 01:43:05,012 [pool-247-thread-1] INFO  server.RaftServerConfigKeys (ConfUtils.java:logGet(44)) - raft.server.log.appender.buffer.byte-limit = 33554432 (custom)
2021-07-07 01:43:05,012 [pool-247-thread-1] INFO  metrics.RatisMetrics (RatisMetrics.java:lambda$create$0(36)) - Creating Metrics Registry : ratis.log_worker.0f49443e-0a6a-496b-95aa-140a56b5e2f8@group-BB9EF5C4CE3D
2021-07-07 01:43:05,012 [pool-247-thread-1] INFO  server.RaftServerConfigKeys (ConfUtils.java:logGet(44)) - raft.server.log.segment.size.max = 1048576 (custom)
2021-07-07 01:43:05,013 [EventQueue-PipelineReportForPipelineReportHandler] INFO  ha.SCMHAInvocationHandler (SCMHAInvocationHandler.java:invokeRatis(113)) - Invoking method public abstract void org.apache.hadoop.hdds.scm.pipeline.StateManager.updatePipelineState(org.apache.hadoop.hdds.protocol.proto.HddsProtos$PipelineID,org.apache.hadoop.hdds.protocol.proto.HddsProtos$PipelineState) throws java.io.IOException on target org.apache.hadoop.hdds.scm.ha.SCMRatisServerImpl@75b25ad3, cost 2555.343us
2021-07-07 01:43:05,014 [pool-247-thread-1] INFO  server.RaftServerConfigKeys (ConfUtils.java:logGet(44)) - raft.server.log.segment.cache.num.max = 2 (custom)
2021-07-07 01:43:05,014 [pool-247-thread-1] INFO  server.RaftServerConfigKeys (ConfUtils.java:logGet(44)) - raft.server.log.segment.cache.size.max = 200MB (=209715200) (default)
2021-07-07 01:43:05,014 [pool-247-thread-1] INFO  segmented.SegmentedRaftLogWorker (SegmentedRaftLogWorker.java:<init>(182)) - new 0f49443e-0a6a-496b-95aa-140a56b5e2f8@group-BB9EF5C4CE3D-SegmentedRaftLogWorker for RaftStorageImpl:Storage Directory /home/runner/work/ozone/ozone/mnt/ozone/hadoop-ozone/integration-test/target/test-dir/MiniOzoneClusterImpl-1d7024f8-a0c4-4e84-a8d8-f49eec7f6d62/datanode-0/data/ratis/4d71c56d-3311-43ef-bd5a-bb9ef5c4ce3d
2021-07-07 01:43:05,014 [pool-247-thread-1] INFO  server.RaftServerConfigKeys (ConfUtils.java:logGet(44)) - raft.server.log.queue.byte-limit = 2147483647 (custom)
2021-07-07 01:43:05,014 [pool-247-thread-1] INFO  server.RaftServerConfigKeys (ConfUtils.java:logGet(44)) - raft.server.log.queue.element-limit = 1024 (custom)
2021-07-07 01:43:05,015 [pool-247-thread-1] INFO  server.RaftServerConfigKeys (ConfUtils.java:logGet(44)) - raft.server.log.segment.size.max = 1048576 (custom)
2021-07-07 01:43:05,015 [pool-247-thread-1] INFO  server.RaftServerConfigKeys (ConfUtils.java:logGet(44)) - raft.server.log.preallocated.size = 16384 (custom)
2021-07-07 01:43:05,015 [pool-247-thread-1] INFO  server.RaftServerConfigKeys (ConfUtils.java:logGet(44)) - raft.server.log.force.sync.num = 128 (default)
2021-07-07 01:43:05,015 [pool-247-thread-1] INFO  server.RaftServerConfigKeys (ConfUtils.java:logGet(44)) - raft.server.log.statemachine.data.sync = true (default)
2021-07-07 01:43:05,015 [pool-247-thread-1] INFO  server.RaftServerConfigKeys (ConfUtils.java:logGet(44)) - raft.server.log.statemachine.data.sync.timeout = 10s (default)
2021-07-07 01:43:05,015 [pool-247-thread-1] INFO  server.RaftServerConfigKeys (ConfUtils.java:logGet(44)) - raft.server.log.statemachine.data.sync.timeout.retry = -1 (default)
2021-07-07 01:43:05,015 [pool-247-thread-1] INFO  server.RaftServerConfigKeys (ConfUtils.java:logGet(44)) - raft.server.log.write.buffer.size = 1048576 (custom)
2021-07-07 01:43:05,016 [pool-247-thread-1] INFO  server.RaftServerConfigKeys (ConfUtils.java:logGet(44)) - raft.server.log.statemachine.data.caching.enabled = true (custom)
2021-07-07 01:43:05,016 [pool-247-thread-1] INFO  segmented.SegmentedRaftLogWorker (SegmentedRaftLogWorker.java:lambda$new$0(133)) - 0f49443e-0a6a-496b-95aa-140a56b5e2f8@group-BB9EF5C4CE3D-SegmentedRaftLogWorker: flushIndex: setUnconditionally 0 -> -1
2021-07-07 01:43:05,016 [pool-247-thread-1] INFO  segmented.SegmentedRaftLogWorker (SegmentedRaftLogWorker.java:lambda$new$0(133)) - 0f49443e-0a6a-496b-95aa-140a56b5e2f8@group-BB9EF5C4CE3D-SegmentedRaftLogWorker: safeCacheEvictIndex: setUnconditionally 0 -> -1
2021-07-07 01:43:05,017 [pool-247-thread-1] INFO  server.RaftServerConfigKeys (ConfUtils.java:logGet(44)) - raft.server.snapshot.auto.trigger.enabled = true (custom)
2021-07-07 01:43:05,017 [pool-247-thread-1] INFO  server.RaftServerConfigKeys (ConfUtils.java:logGet(44)) - raft.server.snapshot.auto.trigger.threshold = 10000 (custom)
2021-07-07 01:43:05,018 [pool-247-thread-1] INFO  server.RaftServerConfigKeys (ConfUtils.java:logGet(44)) - raft.server.snapshot.retention.file.num = 5 (custom)
2021-07-07 01:43:05,018 [pool-247-thread-1] INFO  server.RaftServerConfigKeys (ConfUtils.java:logGet(44)) - raft.server.log.purge.upto.snapshot.index = false (default)
2021-07-07 01:43:05,018 [pool-247-thread-1] INFO  server.RaftServerConfigKeys (ConfUtils.java:logGet(44)) - raft.server.retrycache.expirytime = 600000ms (custom)
2021-07-07 01:43:05,018 [pool-247-thread-1] INFO  server.RaftServerConfigKeys (ConfUtils.java:logGet(44)) - raft.server.retrycache.statistics.expirytime = 100μs (default)
2021-07-07 01:43:05,018 [pool-247-thread-1] INFO  metrics.RatisMetrics (RatisMetrics.java:lambda$create$0(36)) - Creating Metrics Registry : ratis.leader_election.0f49443e-0a6a-496b-95aa-140a56b5e2f8@group-BB9EF5C4CE3D
2021-07-07 01:43:05,018 [pool-247-thread-1] INFO  metrics.RatisMetrics (RatisMetrics.java:lambda$create$0(36)) - Creating Metrics Registry : ratis.server.0f49443e-0a6a-496b-95aa-140a56b5e2f8@group-BB9EF5C4CE3D
2021-07-07 01:43:05,019 [pool-247-thread-1] INFO  server.RaftServer$Division (RaftServerImpl.java:start(295)) - 0f49443e-0a6a-496b-95aa-140a56b5e2f8@group-BB9EF5C4CE3D: start as a follower, conf=-1: [0f49443e-0a6a-496b-95aa-140a56b5e2f8|rpc:127.0.0.1:32951|priority:1], old=null
2021-07-07 01:43:05,019 [pool-247-thread-1] INFO  server.RaftServer$Division (RaftServerImpl.java:setRole(284)) - 0f49443e-0a6a-496b-95aa-140a56b5e2f8@group-BB9EF5C4CE3D: changes role from      null to FOLLOWER at term 0 for startAsFollower
2021-07-07 01:43:05,019 [pool-247-thread-1] INFO  impl.RoleInfo (RoleInfo.java:updateAndGet(130)) - 0f49443e-0a6a-496b-95aa-140a56b5e2f8: start 0f49443e-0a6a-496b-95aa-140a56b5e2f8@group-BB9EF5C4CE3D-FollowerState
2021-07-07 01:43:05,020 [pool-247-thread-1] INFO  util.JmxRegister (JmxRegister.java:tryRegister(44)) - Successfully registered JMX Bean with object name Ratis:service=RaftServer,group=group-BB9EF5C4CE3D,id=0f49443e-0a6a-496b-95aa-140a56b5e2f8
2021-07-07 01:43:05,020 [pool-247-thread-1] INFO  metrics.RatisMetrics (RatisMetrics.java:lambda$create$0(36)) - Creating Metrics Registry : ratis.state_machine.0f49443e-0a6a-496b-95aa-140a56b5e2f8@group-BB9EF5C4CE3D
2021-07-07 01:43:05,024 [Command processor thread] INFO  ratis.XceiverServerRatis (XceiverServerRatis.java:addGroup(759)) - Created group PipelineID=4d71c56d-3311-43ef-bd5a-bb9ef5c4ce3d
2021-07-07 01:43:05,024 [Command processor thread] INFO  commandhandler.CreatePipelineCommandHandler (CreatePipelineCommandHandler.java:handle(106)) - Created Pipeline RATIS ONE PipelineID=4d71c56d-3311-43ef-bd5a-bb9ef5c4ce3d.
2021-07-07 01:43:05,024 [Command processor thread] INFO  server.RaftServer (RaftServerProxy.java:addNew(95)) - 0f49443e-0a6a-496b-95aa-140a56b5e2f8: addNew group-BF80BBC9517C:[0f49443e-0a6a-496b-95aa-140a56b5e2f8|rpc:127.0.0.1:32951|priority:1, 10d76295-ae05-4b7a-8932-536e603c59a2|rpc:127.0.0.1:41601|priority:0, b0fd8d55-63ee-4977-a2a0-8385583ac0e3|rpc:127.0.0.1:34435|priority:0] returns group-BF80BBC9517C:java.util.concurrent.CompletableFuture@351511d0[Not completed]
2021-07-07 01:43:05,025 [9bc33821-a41f-4857-8348-6c15ba9d7e69@group-F49EEC7F6D62-StateMachineUpdater] INFO  safemode.HealthyPipelineSafeModeRule (HealthyPipelineSafeModeRule.java:initializeRule(152)) - Refreshed total pipeline count is 0, healthy pipeline threshold count is 1
2021-07-07 01:43:05,025 [pool-247-thread-1] INFO  server.RaftServer$Division (RaftServerImpl.java:<init>(180)) - 0f49443e-0a6a-496b-95aa-140a56b5e2f8: new RaftServerImpl for group-BF80BBC9517C:[0f49443e-0a6a-496b-95aa-140a56b5e2f8|rpc:127.0.0.1:32951|priority:1, 10d76295-ae05-4b7a-8932-536e603c59a2|rpc:127.0.0.1:41601|priority:0, b0fd8d55-63ee-4977-a2a0-8385583ac0e3|rpc:127.0.0.1:34435|priority:0] with ContainerStateMachine:uninitialized
2021-07-07 01:43:05,025 [pool-247-thread-1] INFO  server.RaftServerConfigKeys (ConfUtils.java:logGet(44)) - raft.server.rpc.timeout.min = 5s (custom)
2021-07-07 01:43:05,025 [pool-247-thread-1] INFO  server.RaftServerConfigKeys (ConfUtils.java:logGet(44)) - raft.server.rpc.timeout.max = 5200ms (custom)
2021-07-07 01:43:05,025 [pool-247-thread-1] INFO  server.RaftServerConfigKeys (ConfUtils.java:logGet(44)) - raft.server.rpc.sleep.time = 25ms (default)
2021-07-07 01:43:05,025 [pool-247-thread-1] INFO  server.RaftServerConfigKeys (ConfUtils.java:logGet(44)) - raft.server.rpc.slowness.timeout = 300s (custom)
2021-07-07 01:43:05,025 [pool-247-thread-1] INFO  server.RaftServerConfigKeys (ConfUtils.java:logGet(44)) - raft.server.leaderelection.leader.step-down.wait-time = 10s (default)
2021-07-07 01:43:05,025 [pool-247-thread-1] INFO  server.RaftServerConfigKeys (ConfUtils.java:logGet(44)) - raft.server.sleep.deviation.threshold = 300ms (default)
2021-07-07 01:43:05,025 [pool-247-thread-1] INFO  server.RaftServerConfigKeys (ConfUtils.java:logGet(44)) - raft.server.log.appender.install.snapshot.enabled = false (custom)
2021-07-07 01:43:05,025 [EventQueue-PipelineReportForPipelineReportHandler] INFO  ha.SCMHAInvocationHandler (SCMHAInvocationHandler.java:invokeRatis(113)) - Invoking method public abstract void org.apache.hadoop.hdds.scm.pipeline.StateManager.updatePipelineState(org.apache.hadoop.hdds.protocol.proto.HddsProtos$PipelineID,org.apache.hadoop.hdds.protocol.proto.HddsProtos$PipelineState) throws java.io.IOException on target org.apache.hadoop.hdds.scm.ha.SCMRatisServerImpl@77e48145, cost 14869.927us
2021-07-07 01:43:05,025 [pool-247-thread-1] INFO  server.RaftServer$Division (ServerState.java:<init>(105)) - 0f49443e-0a6a-496b-95aa-140a56b5e2f8@group-BF80BBC9517C: ConfigurationManager, init=-1: [0f49443e-0a6a-496b-95aa-140a56b5e2f8|rpc:127.0.0.1:32951|priority:1, 10d76295-ae05-4b7a-8932-536e603c59a2|rpc:127.0.0.1:41601|priority:0, b0fd8d55-63ee-4977-a2a0-8385583ac0e3|rpc:127.0.0.1:34435|priority:0], old=null, confs=<EMPTY_MAP>
2021-07-07 01:43:05,026 [pool-247-thread-1] INFO  server.RaftServerConfigKeys (ConfUtils.java:logGet(44)) - raft.server.storage.dir = [/home/runner/work/ozone/ozone/mnt/ozone/hadoop-ozone/integration-test/target/test-dir/MiniOzoneClusterImpl-1d7024f8-a0c4-4e84-a8d8-f49eec7f6d62/datanode-0/data/ratis] (custom)
2021-07-07 01:43:05,027 [pool-247-thread-1] INFO  server.RaftServerConfigKeys (ConfUtils.java:logGet(44)) - raft.server.log.corruption.policy = EXCEPTION (default)
2021-07-07 01:43:05,027 [pool-247-thread-1] INFO  storage.RaftStorageDirectory (RaftStorageDirectoryImpl.java:analyzeStorage(132)) - The storage directory /home/runner/work/ozone/ozone/mnt/ozone/hadoop-ozone/integration-test/target/test-dir/MiniOzoneClusterImpl-1d7024f8-a0c4-4e84-a8d8-f49eec7f6d62/datanode-0/data/ratis/e977e7d9-7c38-4228-b53c-bf80bbc9517c does not exist. Creating ...
2021-07-07 01:43:05,027 [EventQueue-OpenPipelineForHealthyPipelineSafeModeRule] INFO  safemode.SCMSafeModeManager (HealthyPipelineSafeModeRule.java:process(124)) - SCM in safe mode. Healthy pipelines reported count is 0, required healthy pipeline reported count is 1
2021-07-07 01:43:05,028 [1f826664-c1d0-47b0-99bc-11cdaf7ce5a3@group-F49EEC7F6D62-StateMachineUpdater] INFO  safemode.HealthyPipelineSafeModeRule (HealthyPipelineSafeModeRule.java:initializeRule(152)) - Refreshed total pipeline count is 0, healthy pipeline threshold count is 1
2021-07-07 01:43:05,028 [pool-247-thread-1] INFO  storage.RaftStorageDirectory (RaftStorageDirectoryImpl.java:tryLock(215)) - Lock on /home/runner/work/ozone/ozone/mnt/ozone/hadoop-ozone/integration-test/target/test-dir/MiniOzoneClusterImpl-1d7024f8-a0c4-4e84-a8d8-f49eec7f6d62/datanode-0/data/ratis/e977e7d9-7c38-4228-b53c-bf80bbc9517c/in_use.lock acquired by nodename 8524@fv-az148-456
2021-07-07 01:43:05,029 [pool-247-thread-1] INFO  storage.RaftStorage (RaftStorageImpl.java:format(87)) - Storage directory /home/runner/work/ozone/ozone/mnt/ozone/hadoop-ozone/integration-test/target/test-dir/MiniOzoneClusterImpl-1d7024f8-a0c4-4e84-a8d8-f49eec7f6d62/datanode-0/data/ratis/e977e7d9-7c38-4228-b53c-bf80bbc9517c has been successfully formatted.
2021-07-07 01:43:05,029 [pool-247-thread-1] INFO  ratis.ContainerStateMachine (ContainerStateMachine.java:loadSnapshot(223)) - group-BF80BBC9517C: The snapshot info is null. Setting the last applied indexto:(t:0, i:~)
2021-07-07 01:43:05,030 [pool-247-thread-1] INFO  server.RaftServerConfigKeys (ConfUtils.java:logGet(44)) - raft.server.notification.no-leader.timeout = 300s (custom)
2021-07-07 01:43:05,030 [pool-247-thread-1] INFO  server.RaftServerConfigKeys (ConfUtils.java:logGet(44)) - raft.server.log.use.memory = false (default)
2021-07-07 01:43:05,030 [pool-247-thread-1] INFO  server.RaftServerConfigKeys (ConfUtils.java:logGet(44)) - raft.server.log.purge.gap = 1000000 (custom)
2021-07-07 01:43:05,030 [pool-247-thread-1] INFO  server.RaftServerConfigKeys (ConfUtils.java:logGet(44)) - raft.server.log.appender.buffer.byte-limit = 33554432 (custom)
2021-07-07 01:43:05,030 [pool-247-thread-1] INFO  metrics.RatisMetrics (RatisMetrics.java:lambda$create$0(36)) - Creating Metrics Registry : ratis.log_worker.0f49443e-0a6a-496b-95aa-140a56b5e2f8@group-BF80BBC9517C
2021-07-07 01:43:05,030 [pool-247-thread-1] INFO  server.RaftServerConfigKeys (ConfUtils.java:logGet(44)) - raft.server.log.segment.size.max = 1048576 (custom)
2021-07-07 01:43:05,030 [pool-247-thread-1] INFO  server.RaftServerConfigKeys (ConfUtils.java:logGet(44)) - raft.server.log.segment.cache.num.max = 2 (custom)
2021-07-07 01:43:05,030 [pool-247-thread-1] INFO  server.RaftServerConfigKeys (ConfUtils.java:logGet(44)) - raft.server.log.segment.cache.size.max = 200MB (=209715200) (default)
2021-07-07 01:43:05,030 [pool-247-thread-1] INFO  segmented.SegmentedRaftLogWorker (SegmentedRaftLogWorker.java:<init>(182)) - new 0f49443e-0a6a-496b-95aa-140a56b5e2f8@group-BF80BBC9517C-SegmentedRaftLogWorker for RaftStorageImpl:Storage Directory /home/runner/work/ozone/ozone/mnt/ozone/hadoop-ozone/integration-test/target/test-dir/MiniOzoneClusterImpl-1d7024f8-a0c4-4e84-a8d8-f49eec7f6d62/datanode-0/data/ratis/e977e7d9-7c38-4228-b53c-bf80bbc9517c
2021-07-07 01:43:05,030 [pool-247-thread-1] INFO  server.RaftServerConfigKeys (ConfUtils.java:logGet(44)) - raft.server.log.queue.byte-limit = 2147483647 (custom)
2021-07-07 01:43:05,030 [pool-247-thread-1] INFO  server.RaftServerConfigKeys (ConfUtils.java:logGet(44)) - raft.server.log.queue.element-limit = 1024 (custom)
2021-07-07 01:43:05,030 [pool-247-thread-1] INFO  server.RaftServerConfigKeys (ConfUtils.java:logGet(44)) - raft.server.log.segment.size.max = 1048576 (custom)
2021-07-07 01:43:05,030 [pool-247-thread-1] INFO  server.RaftServerConfigKeys (ConfUtils.java:logGet(44)) - raft.server.log.preallocated.size = 16384 (custom)
2021-07-07 01:43:05,031 [pool-247-thread-1] INFO  server.RaftServerConfigKeys (ConfUtils.java:logGet(44)) - raft.server.log.force.sync.num = 128 (default)
2021-07-07 01:43:05,031 [pool-247-thread-1] INFO  server.RaftServerConfigKeys (ConfUtils.java:logGet(44)) - raft.server.log.statemachine.data.sync = true (default)
2021-07-07 01:43:05,031 [pool-247-thread-1] INFO  server.RaftServerConfigKeys (ConfUtils.java:logGet(44)) - raft.server.log.statemachine.data.sync.timeout = 10s (default)
2021-07-07 01:43:05,031 [pool-247-thread-1] INFO  server.RaftServerConfigKeys (ConfUtils.java:logGet(44)) - raft.server.log.statemachine.data.sync.timeout.retry = -1 (default)
2021-07-07 01:43:05,031 [pool-247-thread-1] INFO  server.RaftServerConfigKeys (ConfUtils.java:logGet(44)) - raft.server.log.write.buffer.size = 1048576 (custom)
2021-07-07 01:43:05,032 [pool-247-thread-1] INFO  server.RaftServerConfigKeys (ConfUtils.java:logGet(44)) - raft.server.log.statemachine.data.caching.enabled = true (custom)
2021-07-07 01:43:05,032 [pool-247-thread-1] INFO  segmented.SegmentedRaftLogWorker (SegmentedRaftLogWorker.java:lambda$new$0(133)) - 0f49443e-0a6a-496b-95aa-140a56b5e2f8@group-BF80BBC9517C-SegmentedRaftLogWorker: flushIndex: setUnconditionally 0 -> -1
2021-07-07 01:43:05,032 [pool-247-thread-1] INFO  segmented.SegmentedRaftLogWorker (SegmentedRaftLogWorker.java:lambda$new$0(133)) - 0f49443e-0a6a-496b-95aa-140a56b5e2f8@group-BF80BBC9517C-SegmentedRaftLogWorker: safeCacheEvictIndex: setUnconditionally 0 -> -1
2021-07-07 01:43:05,036 [pool-247-thread-1] INFO  server.RaftServerConfigKeys (ConfUtils.java:logGet(44)) - raft.server.snapshot.auto.trigger.enabled = true (custom)
2021-07-07 01:43:05,040 [pool-247-thread-1] INFO  server.RaftServerConfigKeys (ConfUtils.java:logGet(44)) - raft.server.snapshot.auto.trigger.threshold = 10000 (custom)
2021-07-07 01:43:05,040 [pool-247-thread-1] INFO  server.RaftServerConfigKeys (ConfUtils.java:logGet(44)) - raft.server.snapshot.retention.file.num = 5 (custom)
2021-07-07 01:43:05,040 [pool-247-thread-1] INFO  server.RaftServerConfigKeys (ConfUtils.java:logGet(44)) - raft.server.log.purge.upto.snapshot.index = false (default)
2021-07-07 01:43:05,041 [EventQueue-OpenPipelineForHealthyPipelineSafeModeRule] INFO  safemode.SCMSafeModeManager (HealthyPipelineSafeModeRule.java:process(124)) - SCM in safe mode. Healthy pipelines reported count is 0, required healthy pipeline reported count is 1
2021-07-07 01:43:05,041 [EventQueue-OpenPipelineForHealthyPipelineSafeModeRule] INFO  safemode.SCMSafeModeManager (HealthyPipelineSafeModeRule.java:process(124)) - SCM in safe mode. Healthy pipelines reported count is 0, required healthy pipeline reported count is 1
2021-07-07 01:43:05,041 [pool-247-thread-1] INFO  server.RaftServerConfigKeys (ConfUtils.java:logGet(44)) - raft.server.retrycache.expirytime = 600000ms (custom)
2021-07-07 01:43:05,042 [pool-247-thread-1] INFO  server.RaftServerConfigKeys (ConfUtils.java:logGet(44)) - raft.server.retrycache.statistics.expirytime = 100μs (default)
2021-07-07 01:43:05,042 [pool-247-thread-1] INFO  metrics.RatisMetrics (RatisMetrics.java:lambda$create$0(36)) - Creating Metrics Registry : ratis.leader_election.0f49443e-0a6a-496b-95aa-140a56b5e2f8@group-BF80BBC9517C
2021-07-07 01:43:05,042 [pool-247-thread-1] INFO  metrics.RatisMetrics (RatisMetrics.java:lambda$create$0(36)) - Creating Metrics Registry : ratis.server.0f49443e-0a6a-496b-95aa-140a56b5e2f8@group-BF80BBC9517C
2021-07-07 01:43:05,043 [pool-247-thread-1] INFO  server.RaftServer$Division (RaftServerImpl.java:start(295)) - 0f49443e-0a6a-496b-95aa-140a56b5e2f8@group-BF80BBC9517C: start as a follower, conf=-1: [0f49443e-0a6a-496b-95aa-140a56b5e2f8|rpc:127.0.0.1:32951|priority:1, 10d76295-ae05-4b7a-8932-536e603c59a2|rpc:127.0.0.1:41601|priority:0, b0fd8d55-63ee-4977-a2a0-8385583ac0e3|rpc:127.0.0.1:34435|priority:0], old=null
2021-07-07 01:43:05,043 [pool-247-thread-1] INFO  server.RaftServer$Division (RaftServerImpl.java:setRole(284)) - 0f49443e-0a6a-496b-95aa-140a56b5e2f8@group-BF80BBC9517C: changes role from      null to FOLLOWER at term 0 for startAsFollower
2021-07-07 01:43:05,043 [pool-247-thread-1] INFO  impl.RoleInfo (RoleInfo.java:updateAndGet(130)) - 0f49443e-0a6a-496b-95aa-140a56b5e2f8: start 0f49443e-0a6a-496b-95aa-140a56b5e2f8@group-BF80BBC9517C-FollowerState
2021-07-07 01:43:05,043 [pool-247-thread-1] INFO  util.JmxRegister (JmxRegister.java:tryRegister(44)) - Successfully registered JMX Bean with object name Ratis:service=RaftServer,group=group-BF80BBC9517C,id=0f49443e-0a6a-496b-95aa-140a56b5e2f8
2021-07-07 01:43:05,043 [pool-247-thread-1] INFO  metrics.RatisMetrics (RatisMetrics.java:lambda$create$0(36)) - Creating Metrics Registry : ratis.state_machine.0f49443e-0a6a-496b-95aa-140a56b5e2f8@group-BF80BBC9517C
2021-07-07 01:43:05,048 [Command processor thread] INFO  ratis.XceiverServerRatis (XceiverServerRatis.java:addGroup(759)) - Created group PipelineID=e977e7d9-7c38-4228-b53c-bf80bbc9517c
2021-07-07 01:43:05,049 [Command processor thread] INFO  metrics.RatisMetrics (RatisMetrics.java:lambda$create$0(36)) - Creating Metrics Registry : ratis.client_message_metrics.client-ECA2CD60B92B->10d76295-ae05-4b7a-8932-536e603c59a2
2021-07-07 01:43:05,060 [grpc-default-executor-1] INFO  metrics.RatisMetrics (RatisMetrics.java:lambda$create$0(36)) - Creating Metrics Registry : ratis.server_message_metrics.10d76295-ae05-4b7a-8932-536e603c59a2
2021-07-07 01:43:05,062 [grpc-default-executor-1] INFO  server.RaftServer (RaftServerProxy.java:addNew(95)) - 10d76295-ae05-4b7a-8932-536e603c59a2: addNew group-BF80BBC9517C:[0f49443e-0a6a-496b-95aa-140a56b5e2f8|rpc:127.0.0.1:32951|dataStream:|priority:1, 10d76295-ae05-4b7a-8932-536e603c59a2|rpc:127.0.0.1:41601|dataStream:|priority:0, b0fd8d55-63ee-4977-a2a0-8385583ac0e3|rpc:127.0.0.1:34435|dataStream:|priority:0] returns group-BF80BBC9517C:java.util.concurrent.CompletableFuture@23a49c81[Not completed]
2021-07-07 01:43:05,067 [pool-267-thread-1] INFO  server.RaftServer$Division (RaftServerImpl.java:<init>(180)) - 10d76295-ae05-4b7a-8932-536e603c59a2: new RaftServerImpl for group-BF80BBC9517C:[0f49443e-0a6a-496b-95aa-140a56b5e2f8|rpc:127.0.0.1:32951|dataStream:|priority:1, 10d76295-ae05-4b7a-8932-536e603c59a2|rpc:127.0.0.1:41601|dataStream:|priority:0, b0fd8d55-63ee-4977-a2a0-8385583ac0e3|rpc:127.0.0.1:34435|dataStream:|priority:0] with ContainerStateMachine:uninitialized
2021-07-07 01:43:05,068 [pool-267-thread-1] INFO  server.RaftServerConfigKeys (ConfUtils.java:logGet(44)) - raft.server.rpc.timeout.min = 5s (custom)
2021-07-07 01:43:05,068 [pool-267-thread-1] INFO  server.RaftServerConfigKeys (ConfUtils.java:logGet(44)) - raft.server.rpc.timeout.max = 5200ms (custom)
2021-07-07 01:43:05,068 [pool-267-thread-1] INFO  server.RaftServerConfigKeys (ConfUtils.java:logGet(44)) - raft.server.rpc.sleep.time = 25ms (default)
2021-07-07 01:43:05,068 [pool-267-thread-1] INFO  server.RaftServerConfigKeys (ConfUtils.java:logGet(44)) - raft.server.rpc.slowness.timeout = 300s (custom)
2021-07-07 01:43:05,068 [pool-267-thread-1] INFO  server.RaftServerConfigKeys (ConfUtils.java:logGet(44)) - raft.server.leaderelection.leader.step-down.wait-time = 10s (default)
2021-07-07 01:43:05,069 [pool-267-thread-1] INFO  server.RaftServerConfigKeys (ConfUtils.java:logGet(44)) - raft.server.sleep.deviation.threshold = 300ms (default)
2021-07-07 01:43:05,069 [pool-267-thread-1] INFO  server.RaftServerConfigKeys (ConfUtils.java:logGet(44)) - raft.server.log.appender.install.snapshot.enabled = false (custom)
2021-07-07 01:43:05,069 [pool-267-thread-1] INFO  server.RaftServer$Division (ServerState.java:<init>(105)) - 10d76295-ae05-4b7a-8932-536e603c59a2@group-BF80BBC9517C: ConfigurationManager, init=-1: [0f49443e-0a6a-496b-95aa-140a56b5e2f8|rpc:127.0.0.1:32951|dataStream:|priority:1, 10d76295-ae05-4b7a-8932-536e603c59a2|rpc:127.0.0.1:41601|dataStream:|priority:0, b0fd8d55-63ee-4977-a2a0-8385583ac0e3|rpc:127.0.0.1:34435|dataStream:|priority:0], old=null, confs=<EMPTY_MAP>
2021-07-07 01:43:05,069 [pool-267-thread-1] INFO  server.RaftServerConfigKeys (ConfUtils.java:logGet(44)) - raft.server.storage.dir = [/home/runner/work/ozone/ozone/mnt/ozone/hadoop-ozone/integration-test/target/test-dir/MiniOzoneClusterImpl-1d7024f8-a0c4-4e84-a8d8-f49eec7f6d62/datanode-1/data/ratis] (custom)
2021-07-07 01:43:05,069 [pool-267-thread-1] INFO  server.RaftServerConfigKeys (ConfUtils.java:logGet(44)) - raft.server.log.corruption.policy = EXCEPTION (default)
2021-07-07 01:43:05,070 [pool-267-thread-1] INFO  storage.RaftStorageDirectory (RaftStorageDirectoryImpl.java:analyzeStorage(132)) - The storage directory /home/runner/work/ozone/ozone/mnt/ozone/hadoop-ozone/integration-test/target/test-dir/MiniOzoneClusterImpl-1d7024f8-a0c4-4e84-a8d8-f49eec7f6d62/datanode-1/data/ratis/e977e7d9-7c38-4228-b53c-bf80bbc9517c does not exist. Creating ...
2021-07-07 01:43:05,071 [pool-267-thread-1] INFO  storage.RaftStorageDirectory (RaftStorageDirectoryImpl.java:tryLock(215)) - Lock on /home/runner/work/ozone/ozone/mnt/ozone/hadoop-ozone/integration-test/target/test-dir/MiniOzoneClusterImpl-1d7024f8-a0c4-4e84-a8d8-f49eec7f6d62/datanode-1/data/ratis/e977e7d9-7c38-4228-b53c-bf80bbc9517c/in_use.lock acquired by nodename 8524@fv-az148-456
2021-07-07 01:43:05,072 [pool-267-thread-1] INFO  storage.RaftStorage (RaftStorageImpl.java:format(87)) - Storage directory /home/runner/work/ozone/ozone/mnt/ozone/hadoop-ozone/integration-test/target/test-dir/MiniOzoneClusterImpl-1d7024f8-a0c4-4e84-a8d8-f49eec7f6d62/datanode-1/data/ratis/e977e7d9-7c38-4228-b53c-bf80bbc9517c has been successfully formatted.
2021-07-07 01:43:05,075 [pool-267-thread-1] INFO  ratis.ContainerStateMachine (ContainerStateMachine.java:loadSnapshot(223)) - group-BF80BBC9517C: The snapshot info is null. Setting the last applied indexto:(t:0, i:~)
2021-07-07 01:43:05,075 [pool-267-thread-1] INFO  server.RaftServerConfigKeys (ConfUtils.java:logGet(44)) - raft.server.notification.no-leader.timeout = 300s (custom)
2021-07-07 01:43:05,075 [pool-267-thread-1] INFO  server.RaftServerConfigKeys (ConfUtils.java:logGet(44)) - raft.server.log.use.memory = false (default)
2021-07-07 01:43:05,075 [pool-267-thread-1] INFO  server.RaftServerConfigKeys (ConfUtils.java:logGet(44)) - raft.server.log.purge.gap = 1000000 (custom)
2021-07-07 01:43:05,075 [pool-267-thread-1] INFO  server.RaftServerConfigKeys (ConfUtils.java:logGet(44)) - raft.server.log.appender.buffer.byte-limit = 33554432 (custom)
2021-07-07 01:43:05,075 [pool-267-thread-1] INFO  metrics.RatisMetrics (RatisMetrics.java:lambda$create$0(36)) - Creating Metrics Registry : ratis.log_worker.10d76295-ae05-4b7a-8932-536e603c59a2@group-BF80BBC9517C
2021-07-07 01:43:05,075 [pool-267-thread-1] INFO  server.RaftServerConfigKeys (ConfUtils.java:logGet(44)) - raft.server.log.segment.size.max = 1048576 (custom)
2021-07-07 01:43:05,076 [pool-267-thread-1] INFO  server.RaftServerConfigKeys (ConfUtils.java:logGet(44)) - raft.server.log.segment.cache.num.max = 2 (custom)
2021-07-07 01:43:05,076 [pool-267-thread-1] INFO  server.RaftServerConfigKeys (ConfUtils.java:logGet(44)) - raft.server.log.segment.cache.size.max = 200MB (=209715200) (default)
2021-07-07 01:43:05,076 [pool-267-thread-1] INFO  segmented.SegmentedRaftLogWorker (SegmentedRaftLogWorker.java:<init>(182)) - new 10d76295-ae05-4b7a-8932-536e603c59a2@group-BF80BBC9517C-SegmentedRaftLogWorker for RaftStorageImpl:Storage Directory /home/runner/work/ozone/ozone/mnt/ozone/hadoop-ozone/integration-test/target/test-dir/MiniOzoneClusterImpl-1d7024f8-a0c4-4e84-a8d8-f49eec7f6d62/datanode-1/data/ratis/e977e7d9-7c38-4228-b53c-bf80bbc9517c
2021-07-07 01:43:05,076 [pool-267-thread-1] INFO  server.RaftServerConfigKeys (ConfUtils.java:logGet(44)) - raft.server.log.queue.byte-limit = 2147483647 (custom)
2021-07-07 01:43:05,076 [pool-267-thread-1] INFO  server.RaftServerConfigKeys (ConfUtils.java:logGet(44)) - raft.server.log.queue.element-limit = 1024 (custom)
2021-07-07 01:43:05,076 [pool-267-thread-1] INFO  server.RaftServerConfigKeys (ConfUtils.java:logGet(44)) - raft.server.log.segment.size.max = 1048576 (custom)
2021-07-07 01:43:05,076 [pool-267-thread-1] INFO  server.RaftServerConfigKeys (ConfUtils.java:logGet(44)) - raft.server.log.preallocated.size = 16384 (custom)
2021-07-07 01:43:05,076 [pool-267-thread-1] INFO  server.RaftServerConfigKeys (ConfUtils.java:logGet(44)) - raft.server.log.force.sync.num = 128 (default)
2021-07-07 01:43:05,076 [pool-267-thread-1] INFO  server.RaftServerConfigKeys (ConfUtils.java:logGet(44)) - raft.server.log.statemachine.data.sync = true (default)
2021-07-07 01:43:05,076 [pool-267-thread-1] INFO  server.RaftServerConfigKeys (ConfUtils.java:logGet(44)) - raft.server.log.statemachine.data.sync.timeout = 10s (default)
2021-07-07 01:43:05,077 [pool-267-thread-1] INFO  server.RaftServerConfigKeys (ConfUtils.java:logGet(44)) - raft.server.log.statemachine.data.sync.timeout.retry = -1 (default)
2021-07-07 01:43:05,077 [pool-267-thread-1] INFO  server.RaftServerConfigKeys (ConfUtils.java:logGet(44)) - raft.server.log.write.buffer.size = 1048576 (custom)
2021-07-07 01:43:05,078 [pool-267-thread-1] INFO  server.RaftServerConfigKeys (ConfUtils.java:logGet(44)) - raft.server.log.statemachine.data.caching.enabled = true (custom)
2021-07-07 01:43:05,078 [pool-267-thread-1] INFO  segmented.SegmentedRaftLogWorker (SegmentedRaftLogWorker.java:lambda$new$0(133)) - 10d76295-ae05-4b7a-8932-536e603c59a2@group-BF80BBC9517C-SegmentedRaftLogWorker: flushIndex: setUnconditionally 0 -> -1
2021-07-07 01:43:05,078 [pool-267-thread-1] INFO  segmented.SegmentedRaftLogWorker (SegmentedRaftLogWorker.java:lambda$new$0(133)) - 10d76295-ae05-4b7a-8932-536e603c59a2@group-BF80BBC9517C-SegmentedRaftLogWorker: safeCacheEvictIndex: setUnconditionally 0 -> -1
2021-07-07 01:43:05,081 [pool-267-thread-1] INFO  server.RaftServerConfigKeys (ConfUtils.java:logGet(44)) - raft.server.snapshot.auto.trigger.enabled = true (custom)
2021-07-07 01:43:05,082 [pool-267-thread-1] INFO  server.RaftServerConfigKeys (ConfUtils.java:logGet(44)) - raft.server.snapshot.auto.trigger.threshold = 10000 (custom)
2021-07-07 01:43:05,082 [pool-267-thread-1] INFO  server.RaftServerConfigKeys (ConfUtils.java:logGet(44)) - raft.server.snapshot.retention.file.num = 5 (custom)
2021-07-07 01:43:05,082 [pool-267-thread-1] INFO  server.RaftServerConfigKeys (ConfUtils.java:logGet(44)) - raft.server.log.purge.upto.snapshot.index = false (default)
2021-07-07 01:43:05,082 [pool-267-thread-1] INFO  server.RaftServerConfigKeys (ConfUtils.java:logGet(44)) - raft.server.retrycache.expirytime = 600000ms (custom)
2021-07-07 01:43:05,082 [pool-267-thread-1] INFO  server.RaftServerConfigKeys (ConfUtils.java:logGet(44)) - raft.server.retrycache.statistics.expirytime = 100μs (default)
2021-07-07 01:43:05,082 [pool-267-thread-1] INFO  metrics.RatisMetrics (RatisMetrics.java:lambda$create$0(36)) - Creating Metrics Registry : ratis.leader_election.10d76295-ae05-4b7a-8932-536e603c59a2@group-BF80BBC9517C
2021-07-07 01:43:05,083 [pool-267-thread-1] INFO  metrics.RatisMetrics (RatisMetrics.java:lambda$create$0(36)) - Creating Metrics Registry : ratis.server.10d76295-ae05-4b7a-8932-536e603c59a2@group-BF80BBC9517C
2021-07-07 01:43:05,084 [pool-267-thread-1] INFO  server.RaftServer$Division (RaftServerImpl.java:start(295)) - 10d76295-ae05-4b7a-8932-536e603c59a2@group-BF80BBC9517C: start as a follower, conf=-1: [0f49443e-0a6a-496b-95aa-140a56b5e2f8|rpc:127.0.0.1:32951|dataStream:|priority:1, 10d76295-ae05-4b7a-8932-536e603c59a2|rpc:127.0.0.1:41601|dataStream:|priority:0, b0fd8d55-63ee-4977-a2a0-8385583ac0e3|rpc:127.0.0.1:34435|dataStream:|priority:0], old=null
2021-07-07 01:43:05,084 [pool-267-thread-1] INFO  server.RaftServer$Division (RaftServerImpl.java:setRole(284)) - 10d76295-ae05-4b7a-8932-536e603c59a2@group-BF80BBC9517C: changes role from      null to FOLLOWER at term 0 for startAsFollower
2021-07-07 01:43:05,085 [pool-267-thread-1] INFO  impl.RoleInfo (RoleInfo.java:updateAndGet(130)) - 10d76295-ae05-4b7a-8932-536e603c59a2: start 10d76295-ae05-4b7a-8932-536e603c59a2@group-BF80BBC9517C-FollowerState
2021-07-07 01:43:05,092 [pool-267-thread-1] INFO  util.JmxRegister (JmxRegister.java:tryRegister(44)) - Successfully registered JMX Bean with object name Ratis:service=RaftServer,group=group-BF80BBC9517C,id=10d76295-ae05-4b7a-8932-536e603c59a2
2021-07-07 01:43:05,092 [pool-267-thread-1] INFO  metrics.RatisMetrics (RatisMetrics.java:lambda$create$0(36)) - Creating Metrics Registry : ratis.state_machine.10d76295-ae05-4b7a-8932-536e603c59a2@group-BF80BBC9517C
2021-07-07 01:43:05,110 [Command processor thread] INFO  metrics.RatisMetrics (RatisMetrics.java:lambda$create$0(36)) - Creating Metrics Registry : ratis.client_message_metrics.client-5178388500EE->b0fd8d55-63ee-4977-a2a0-8385583ac0e3
2021-07-07 01:43:05,116 [grpc-default-executor-1] INFO  metrics.RatisMetrics (RatisMetrics.java:lambda$create$0(36)) - Creating Metrics Registry : ratis.server_message_metrics.b0fd8d55-63ee-4977-a2a0-8385583ac0e3
2021-07-07 01:43:05,119 [grpc-default-executor-1] INFO  server.RaftServer (RaftServerProxy.java:addNew(95)) - b0fd8d55-63ee-4977-a2a0-8385583ac0e3: addNew group-BF80BBC9517C:[0f49443e-0a6a-496b-95aa-140a56b5e2f8|rpc:127.0.0.1:32951|dataStream:|priority:1, 10d76295-ae05-4b7a-8932-536e603c59a2|rpc:127.0.0.1:41601|dataStream:|priority:0, b0fd8d55-63ee-4977-a2a0-8385583ac0e3|rpc:127.0.0.1:34435|dataStream:|priority:0] returns group-BF80BBC9517C:java.util.concurrent.CompletableFuture@7682ebdc[Not completed]
2021-07-07 01:43:05,124 [pool-287-thread-1] INFO  server.RaftServer$Division (RaftServerImpl.java:<init>(180)) - b0fd8d55-63ee-4977-a2a0-8385583ac0e3: new RaftServerImpl for group-BF80BBC9517C:[0f49443e-0a6a-496b-95aa-140a56b5e2f8|rpc:127.0.0.1:32951|dataStream:|priority:1, 10d76295-ae05-4b7a-8932-536e603c59a2|rpc:127.0.0.1:41601|dataStream:|priority:0, b0fd8d55-63ee-4977-a2a0-8385583ac0e3|rpc:127.0.0.1:34435|dataStream:|priority:0] with ContainerStateMachine:uninitialized
2021-07-07 01:43:05,125 [pool-287-thread-1] INFO  server.RaftServerConfigKeys (ConfUtils.java:logGet(44)) - raft.server.rpc.timeout.min = 5s (custom)
2021-07-07 01:43:05,125 [pool-287-thread-1] INFO  server.RaftServerConfigKeys (ConfUtils.java:logGet(44)) - raft.server.rpc.timeout.max = 5200ms (custom)
2021-07-07 01:43:05,125 [pool-287-thread-1] INFO  server.RaftServerConfigKeys (ConfUtils.java:logGet(44)) - raft.server.rpc.sleep.time = 25ms (default)
2021-07-07 01:43:05,125 [pool-287-thread-1] INFO  server.RaftServerConfigKeys (ConfUtils.java:logGet(44)) - raft.server.rpc.slowness.timeout = 300s (custom)
2021-07-07 01:43:05,125 [pool-287-thread-1] INFO  server.RaftServerConfigKeys (ConfUtils.java:logGet(44)) - raft.server.leaderelection.leader.step-down.wait-time = 10s (default)
2021-07-07 01:43:05,125 [pool-287-thread-1] INFO  server.RaftServerConfigKeys (ConfUtils.java:logGet(44)) - raft.server.sleep.deviation.threshold = 300ms (default)
2021-07-07 01:43:05,125 [pool-287-thread-1] INFO  server.RaftServerConfigKeys (ConfUtils.java:logGet(44)) - raft.server.log.appender.install.snapshot.enabled = false (custom)
2021-07-07 01:43:05,125 [pool-287-thread-1] INFO  server.RaftServer$Division (ServerState.java:<init>(105)) - b0fd8d55-63ee-4977-a2a0-8385583ac0e3@group-BF80BBC9517C: ConfigurationManager, init=-1: [0f49443e-0a6a-496b-95aa-140a56b5e2f8|rpc:127.0.0.1:32951|dataStream:|priority:1, 10d76295-ae05-4b7a-8932-536e603c59a2|rpc:127.0.0.1:41601|dataStream:|priority:0, b0fd8d55-63ee-4977-a2a0-8385583ac0e3|rpc:127.0.0.1:34435|dataStream:|priority:0], old=null, confs=<EMPTY_MAP>
2021-07-07 01:43:05,125 [pool-287-thread-1] INFO  server.RaftServerConfigKeys (ConfUtils.java:logGet(44)) - raft.server.storage.dir = [/home/runner/work/ozone/ozone/mnt/ozone/hadoop-ozone/integration-test/target/test-dir/MiniOzoneClusterImpl-1d7024f8-a0c4-4e84-a8d8-f49eec7f6d62/datanode-2/data/ratis] (custom)
2021-07-07 01:43:05,125 [pool-287-thread-1] INFO  server.RaftServerConfigKeys (ConfUtils.java:logGet(44)) - raft.server.log.corruption.policy = EXCEPTION (default)
2021-07-07 01:43:05,126 [pool-287-thread-1] INFO  storage.RaftStorageDirectory (RaftStorageDirectoryImpl.java:analyzeStorage(132)) - The storage directory /home/runner/work/ozone/ozone/mnt/ozone/hadoop-ozone/integration-test/target/test-dir/MiniOzoneClusterImpl-1d7024f8-a0c4-4e84-a8d8-f49eec7f6d62/datanode-2/data/ratis/e977e7d9-7c38-4228-b53c-bf80bbc9517c does not exist. Creating ...
2021-07-07 01:43:05,127 [pool-287-thread-1] INFO  storage.RaftStorageDirectory (RaftStorageDirectoryImpl.java:tryLock(215)) - Lock on /home/runner/work/ozone/ozone/mnt/ozone/hadoop-ozone/integration-test/target/test-dir/MiniOzoneClusterImpl-1d7024f8-a0c4-4e84-a8d8-f49eec7f6d62/datanode-2/data/ratis/e977e7d9-7c38-4228-b53c-bf80bbc9517c/in_use.lock acquired by nodename 8524@fv-az148-456
2021-07-07 01:43:05,128 [pool-287-thread-1] INFO  storage.RaftStorage (RaftStorageImpl.java:format(87)) - Storage directory /home/runner/work/ozone/ozone/mnt/ozone/hadoop-ozone/integration-test/target/test-dir/MiniOzoneClusterImpl-1d7024f8-a0c4-4e84-a8d8-f49eec7f6d62/datanode-2/data/ratis/e977e7d9-7c38-4228-b53c-bf80bbc9517c has been successfully formatted.
2021-07-07 01:43:05,129 [pool-287-thread-1] INFO  ratis.ContainerStateMachine (ContainerStateMachine.java:loadSnapshot(223)) - group-BF80BBC9517C: The snapshot info is null. Setting the last applied indexto:(t:0, i:~)
2021-07-07 01:43:05,132 [pool-287-thread-1] INFO  server.RaftServerConfigKeys (ConfUtils.java:logGet(44)) - raft.server.notification.no-leader.timeout = 300s (custom)
2021-07-07 01:43:05,132 [pool-287-thread-1] INFO  server.RaftServerConfigKeys (ConfUtils.java:logGet(44)) - raft.server.log.use.memory = false (default)
2021-07-07 01:43:05,132 [pool-287-thread-1] INFO  server.RaftServerConfigKeys (ConfUtils.java:logGet(44)) - raft.server.log.purge.gap = 1000000 (custom)
2021-07-07 01:43:05,134 [pool-287-thread-1] INFO  server.RaftServerConfigKeys (ConfUtils.java:logGet(44)) - raft.server.log.appender.buffer.byte-limit = 33554432 (custom)
2021-07-07 01:43:05,134 [pool-287-thread-1] INFO  metrics.RatisMetrics (RatisMetrics.java:lambda$create$0(36)) - Creating Metrics Registry : ratis.log_worker.b0fd8d55-63ee-4977-a2a0-8385583ac0e3@group-BF80BBC9517C
2021-07-07 01:43:05,134 [pool-287-thread-1] INFO  server.RaftServerConfigKeys (ConfUtils.java:logGet(44)) - raft.server.log.segment.size.max = 1048576 (custom)
2021-07-07 01:43:05,134 [pool-287-thread-1] INFO  server.RaftServerConfigKeys (ConfUtils.java:logGet(44)) - raft.server.log.segment.cache.num.max = 2 (custom)
2021-07-07 01:43:05,135 [pool-287-thread-1] INFO  server.RaftServerConfigKeys (ConfUtils.java:logGet(44)) - raft.server.log.segment.cache.size.max = 200MB (=209715200) (default)
2021-07-07 01:43:05,135 [pool-287-thread-1] INFO  segmented.SegmentedRaftLogWorker (SegmentedRaftLogWorker.java:<init>(182)) - new b0fd8d55-63ee-4977-a2a0-8385583ac0e3@group-BF80BBC9517C-SegmentedRaftLogWorker for RaftStorageImpl:Storage Directory /home/runner/work/ozone/ozone/mnt/ozone/hadoop-ozone/integration-test/target/test-dir/MiniOzoneClusterImpl-1d7024f8-a0c4-4e84-a8d8-f49eec7f6d62/datanode-2/data/ratis/e977e7d9-7c38-4228-b53c-bf80bbc9517c
2021-07-07 01:43:05,135 [pool-287-thread-1] INFO  server.RaftServerConfigKeys (ConfUtils.java:logGet(44)) - raft.server.log.queue.byte-limit = 2147483647 (custom)
2021-07-07 01:43:05,135 [pool-287-thread-1] INFO  server.RaftServerConfigKeys (ConfUtils.java:logGet(44)) - raft.server.log.queue.element-limit = 1024 (custom)
2021-07-07 01:43:05,136 [pool-287-thread-1] INFO  server.RaftServerConfigKeys (ConfUtils.java:logGet(44)) - raft.server.log.segment.size.max = 1048576 (custom)
2021-07-07 01:43:05,137 [pool-287-thread-1] INFO  server.RaftServerConfigKeys (ConfUtils.java:logGet(44)) - raft.server.log.preallocated.size = 16384 (custom)
2021-07-07 01:43:05,137 [pool-287-thread-1] INFO  server.RaftServerConfigKeys (ConfUtils.java:logGet(44)) - raft.server.log.force.sync.num = 128 (default)
2021-07-07 01:43:05,137 [pool-287-thread-1] INFO  server.RaftServerConfigKeys (ConfUtils.java:logGet(44)) - raft.server.log.statemachine.data.sync = true (default)
2021-07-07 01:43:05,137 [pool-287-thread-1] INFO  server.RaftServerConfigKeys (ConfUtils.java:logGet(44)) - raft.server.log.statemachine.data.sync.timeout = 10s (default)
2021-07-07 01:43:05,137 [pool-287-thread-1] INFO  server.RaftServerConfigKeys (ConfUtils.java:logGet(44)) - raft.server.log.statemachine.data.sync.timeout.retry = -1 (default)
2021-07-07 01:43:05,138 [pool-287-thread-1] INFO  server.RaftServerConfigKeys (ConfUtils.java:logGet(44)) - raft.server.log.write.buffer.size = 1048576 (custom)
2021-07-07 01:43:05,138 [pool-287-thread-1] INFO  server.RaftServerConfigKeys (ConfUtils.java:logGet(44)) - raft.server.log.statemachine.data.caching.enabled = true (custom)
2021-07-07 01:43:05,139 [pool-287-thread-1] INFO  segmented.SegmentedRaftLogWorker (SegmentedRaftLogWorker.java:lambda$new$0(133)) - b0fd8d55-63ee-4977-a2a0-8385583ac0e3@group-BF80BBC9517C-SegmentedRaftLogWorker: flushIndex: setUnconditionally 0 -> -1
2021-07-07 01:43:05,140 [pool-287-thread-1] INFO  segmented.SegmentedRaftLogWorker (SegmentedRaftLogWorker.java:lambda$new$0(133)) - b0fd8d55-63ee-4977-a2a0-8385583ac0e3@group-BF80BBC9517C-SegmentedRaftLogWorker: safeCacheEvictIndex: setUnconditionally 0 -> -1
2021-07-07 01:43:05,144 [pool-287-thread-1] INFO  server.RaftServerConfigKeys (ConfUtils.java:logGet(44)) - raft.server.snapshot.auto.trigger.enabled = true (custom)
2021-07-07 01:43:05,144 [pool-287-thread-1] INFO  server.RaftServerConfigKeys (ConfUtils.java:logGet(44)) - raft.server.snapshot.auto.trigger.threshold = 10000 (custom)
2021-07-07 01:43:05,144 [pool-287-thread-1] INFO  server.RaftServerConfigKeys (ConfUtils.java:logGet(44)) - raft.server.snapshot.retention.file.num = 5 (custom)
2021-07-07 01:43:05,144 [pool-287-thread-1] INFO  server.RaftServerConfigKeys (ConfUtils.java:logGet(44)) - raft.server.log.purge.upto.snapshot.index = false (default)
2021-07-07 01:43:05,144 [Command processor thread] INFO  server.RaftServer (RaftServerProxy.java:addNew(95)) - 10d76295-ae05-4b7a-8932-536e603c59a2: addNew group-A53B2A283ADD:[10d76295-ae05-4b7a-8932-536e603c59a2|rpc:127.0.0.1:41601|priority:1] returns group-A53B2A283ADD:java.util.concurrent.CompletableFuture@42f005ae[Not completed]
2021-07-07 01:43:05,145 [pool-267-thread-1] INFO  server.RaftServer$Division (RaftServerImpl.java:<init>(180)) - 10d76295-ae05-4b7a-8932-536e603c59a2: new RaftServerImpl for group-A53B2A283ADD:[10d76295-ae05-4b7a-8932-536e603c59a2|rpc:127.0.0.1:41601|priority:1] with ContainerStateMachine:uninitialized
2021-07-07 01:43:05,145 [pool-267-thread-1] INFO  server.RaftServerConfigKeys (ConfUtils.java:logGet(44)) - raft.server.rpc.timeout.min = 5s (custom)
2021-07-07 01:43:05,145 [pool-267-thread-1] INFO  server.RaftServerConfigKeys (ConfUtils.java:logGet(44)) - raft.server.rpc.timeout.max = 5200ms (custom)
2021-07-07 01:43:05,145 [pool-267-thread-1] INFO  server.RaftServerConfigKeys (ConfUtils.java:logGet(44)) - raft.server.rpc.sleep.time = 25ms (default)
2021-07-07 01:43:05,145 [pool-267-thread-1] INFO  server.RaftServerConfigKeys (ConfUtils.java:logGet(44)) - raft.server.rpc.slowness.timeout = 300s (custom)
2021-07-07 01:43:05,145 [pool-267-thread-1] INFO  server.RaftServerConfigKeys (ConfUtils.java:logGet(44)) - raft.server.leaderelection.leader.step-down.wait-time = 10s (default)
2021-07-07 01:43:05,145 [pool-267-thread-1] INFO  server.RaftServerConfigKeys (ConfUtils.java:logGet(44)) - raft.server.sleep.deviation.threshold = 300ms (default)
2021-07-07 01:43:05,145 [pool-267-thread-1] INFO  server.RaftServerConfigKeys (ConfUtils.java:logGet(44)) - raft.server.log.appender.install.snapshot.enabled = false (custom)
2021-07-07 01:43:05,145 [pool-267-thread-1] INFO  server.RaftServer$Division (ServerState.java:<init>(105)) - 10d76295-ae05-4b7a-8932-536e603c59a2@group-A53B2A283ADD: ConfigurationManager, init=-1: [10d76295-ae05-4b7a-8932-536e603c59a2|rpc:127.0.0.1:41601|priority:1], old=null, confs=<EMPTY_MAP>
2021-07-07 01:43:05,145 [pool-267-thread-1] INFO  server.RaftServerConfigKeys (ConfUtils.java:logGet(44)) - raft.server.storage.dir = [/home/runner/work/ozone/ozone/mnt/ozone/hadoop-ozone/integration-test/target/test-dir/MiniOzoneClusterImpl-1d7024f8-a0c4-4e84-a8d8-f49eec7f6d62/datanode-1/data/ratis] (custom)
2021-07-07 01:43:05,146 [pool-267-thread-1] INFO  server.RaftServerConfigKeys (ConfUtils.java:logGet(44)) - raft.server.log.corruption.policy = EXCEPTION (default)
2021-07-07 01:43:05,146 [pool-267-thread-1] INFO  storage.RaftStorageDirectory (RaftStorageDirectoryImpl.java:analyzeStorage(132)) - The storage directory /home/runner/work/ozone/ozone/mnt/ozone/hadoop-ozone/integration-test/target/test-dir/MiniOzoneClusterImpl-1d7024f8-a0c4-4e84-a8d8-f49eec7f6d62/datanode-1/data/ratis/ee33e6cd-5d5d-4666-96c1-a53b2a283add does not exist. Creating ...
2021-07-07 01:43:05,146 [pool-267-thread-1] INFO  storage.RaftStorageDirectory (RaftStorageDirectoryImpl.java:tryLock(215)) - Lock on /home/runner/work/ozone/ozone/mnt/ozone/hadoop-ozone/integration-test/target/test-dir/MiniOzoneClusterImpl-1d7024f8-a0c4-4e84-a8d8-f49eec7f6d62/datanode-1/data/ratis/ee33e6cd-5d5d-4666-96c1-a53b2a283add/in_use.lock acquired by nodename 8524@fv-az148-456
2021-07-07 01:43:05,148 [pool-267-thread-1] INFO  storage.RaftStorage (RaftStorageImpl.java:format(87)) - Storage directory /home/runner/work/ozone/ozone/mnt/ozone/hadoop-ozone/integration-test/target/test-dir/MiniOzoneClusterImpl-1d7024f8-a0c4-4e84-a8d8-f49eec7f6d62/datanode-1/data/ratis/ee33e6cd-5d5d-4666-96c1-a53b2a283add has been successfully formatted.
2021-07-07 01:43:05,148 [pool-267-thread-1] INFO  ratis.ContainerStateMachine (ContainerStateMachine.java:loadSnapshot(223)) - group-A53B2A283ADD: The snapshot info is null. Setting the last applied indexto:(t:0, i:~)
2021-07-07 01:43:05,149 [pool-267-thread-1] INFO  server.RaftServerConfigKeys (ConfUtils.java:logGet(44)) - raft.server.notification.no-leader.timeout = 300s (custom)
2021-07-07 01:43:05,149 [pool-267-thread-1] INFO  server.RaftServerConfigKeys (ConfUtils.java:logGet(44)) - raft.server.log.use.memory = false (default)
2021-07-07 01:43:05,149 [pool-267-thread-1] INFO  server.RaftServerConfigKeys (ConfUtils.java:logGet(44)) - raft.server.log.purge.gap = 1000000 (custom)
2021-07-07 01:43:05,149 [pool-267-thread-1] INFO  server.RaftServerConfigKeys (ConfUtils.java:logGet(44)) - raft.server.log.appender.buffer.byte-limit = 33554432 (custom)
2021-07-07 01:43:05,150 [pool-267-thread-1] INFO  metrics.RatisMetrics (RatisMetrics.java:lambda$create$0(36)) - Creating Metrics Registry : ratis.log_worker.10d76295-ae05-4b7a-8932-536e603c59a2@group-A53B2A283ADD
2021-07-07 01:43:05,150 [pool-267-thread-1] INFO  server.RaftServerConfigKeys (ConfUtils.java:logGet(44)) - raft.server.log.segment.size.max = 1048576 (custom)
2021-07-07 01:43:05,150 [pool-267-thread-1] INFO  server.RaftServerConfigKeys (ConfUtils.java:logGet(44)) - raft.server.log.segment.cache.num.max = 2 (custom)
2021-07-07 01:43:05,151 [EventQueue-PipelineReportForPipelineReportHandler] INFO  pipeline.PipelineManagerV2Impl (PipelineManagerV2Impl.java:openPipeline(270)) - Pipeline Pipeline[ Id: ee33e6cd-5d5d-4666-96c1-a53b2a283add, Nodes: 10d76295-ae05-4b7a-8932-536e603c59a2{ip: 127.0.0.1, host: localhost, ports: [REPLICATION=36753, RATIS=41601, RATIS_ADMIN=41601, RATIS_SERVER=41601, STANDALONE=33839], networkLocation: /default-rack, certSerialId: null, persistedOpState: IN_SERVICE, persistedOpStateExpiryEpochSec: 0}, ReplicationConfig: RATIS/ONE, State:ALLOCATED, leaderId:10d76295-ae05-4b7a-8932-536e603c59a2, CreationTimestamp2021-07-07T01:43:02.153Z] moved to OPEN state
2021-07-07 01:43:05,152 [EventQueue-PipelineReportForPipelineReportHandler] INFO  ha.SCMHAInvocationHandler (SCMHAInvocationHandler.java:invokeRatis(113)) - Invoking method public abstract void org.apache.hadoop.hdds.scm.pipeline.StateManager.updatePipelineState(org.apache.hadoop.hdds.protocol.proto.HddsProtos$PipelineID,org.apache.hadoop.hdds.protocol.proto.HddsProtos$PipelineState) throws java.io.IOException on target org.apache.hadoop.hdds.scm.ha.SCMRatisServerImpl@75b25ad3, cost 332.719us
2021-07-07 01:43:05,151 [EventQueue-PipelineReportForPipelineReportHandler] INFO  pipeline.PipelineManagerV2Impl (PipelineManagerV2Impl.java:openPipeline(270)) - Pipeline Pipeline[ Id: ee33e6cd-5d5d-4666-96c1-a53b2a283add, Nodes: 10d76295-ae05-4b7a-8932-536e603c59a2{ip: 127.0.0.1, host: localhost, ports: [REPLICATION=36753, RATIS=41601, RATIS_ADMIN=41601, RATIS_SERVER=41601, STANDALONE=33839], networkLocation: /default-rack, certSerialId: null, persistedOpState: IN_SERVICE, persistedOpStateExpiryEpochSec: 0}, ReplicationConfig: RATIS/ONE, State:ALLOCATED, leaderId:10d76295-ae05-4b7a-8932-536e603c59a2, CreationTimestamp2021-07-07T01:43:02.153Z] moved to OPEN state
2021-07-07 01:43:05,154 [pool-267-thread-1] INFO  server.RaftServerConfigKeys (ConfUtils.java:logGet(44)) - raft.server.log.segment.cache.size.max = 200MB (=209715200) (default)
2021-07-07 01:43:05,154 [pool-267-thread-1] INFO  segmented.SegmentedRaftLogWorker (SegmentedRaftLogWorker.java:<init>(182)) - new 10d76295-ae05-4b7a-8932-536e603c59a2@group-A53B2A283ADD-SegmentedRaftLogWorker for RaftStorageImpl:Storage Directory /home/runner/work/ozone/ozone/mnt/ozone/hadoop-ozone/integration-test/target/test-dir/MiniOzoneClusterImpl-1d7024f8-a0c4-4e84-a8d8-f49eec7f6d62/datanode-1/data/ratis/ee33e6cd-5d5d-4666-96c1-a53b2a283add
2021-07-07 01:43:05,168 [pool-287-thread-1] INFO  server.RaftServerConfigKeys (ConfUtils.java:logGet(44)) - raft.server.retrycache.expirytime = 600000ms (custom)
2021-07-07 01:43:05,172 [pool-267-thread-1] INFO  server.RaftServerConfigKeys (ConfUtils.java:logGet(44)) - raft.server.log.queue.byte-limit = 2147483647 (custom)
2021-07-07 01:43:05,172 [pool-287-thread-1] INFO  server.RaftServerConfigKeys (ConfUtils.java:logGet(44)) - raft.server.retrycache.statistics.expirytime = 100μs (default)
2021-07-07 01:43:05,172 [pool-287-thread-1] INFO  metrics.RatisMetrics (RatisMetrics.java:lambda$create$0(36)) - Creating Metrics Registry : ratis.leader_election.b0fd8d55-63ee-4977-a2a0-8385583ac0e3@group-BF80BBC9517C
2021-07-07 01:43:05,172 [pool-267-thread-1] INFO  server.RaftServerConfigKeys (ConfUtils.java:logGet(44)) - raft.server.log.queue.element-limit = 1024 (custom)
2021-07-07 01:43:05,172 [pool-267-thread-1] INFO  server.RaftServerConfigKeys (ConfUtils.java:logGet(44)) - raft.server.log.segment.size.max = 1048576 (custom)
2021-07-07 01:43:05,172 [pool-267-thread-1] INFO  server.RaftServerConfigKeys (ConfUtils.java:logGet(44)) - raft.server.log.preallocated.size = 16384 (custom)
2021-07-07 01:43:05,172 [pool-267-thread-1] INFO  server.RaftServerConfigKeys (ConfUtils.java:logGet(44)) - raft.server.log.force.sync.num = 128 (default)
2021-07-07 01:43:05,172 [pool-267-thread-1] INFO  server.RaftServerConfigKeys (ConfUtils.java:logGet(44)) - raft.server.log.statemachine.data.sync = true (default)
2021-07-07 01:43:05,172 [pool-267-thread-1] INFO  server.RaftServerConfigKeys (ConfUtils.java:logGet(44)) - raft.server.log.statemachine.data.sync.timeout = 10s (default)
2021-07-07 01:43:05,172 [pool-267-thread-1] INFO  server.RaftServerConfigKeys (ConfUtils.java:logGet(44)) - raft.server.log.statemachine.data.sync.timeout.retry = -1 (default)
2021-07-07 01:43:05,173 [pool-287-thread-1] INFO  metrics.RatisMetrics (RatisMetrics.java:lambda$create$0(36)) - Creating Metrics Registry : ratis.server.b0fd8d55-63ee-4977-a2a0-8385583ac0e3@group-BF80BBC9517C
2021-07-07 01:43:05,173 [pool-287-thread-1] INFO  server.RaftServer$Division (RaftServerImpl.java:start(295)) - b0fd8d55-63ee-4977-a2a0-8385583ac0e3@group-BF80BBC9517C: start as a follower, conf=-1: [0f49443e-0a6a-496b-95aa-140a56b5e2f8|rpc:127.0.0.1:32951|dataStream:|priority:1, 10d76295-ae05-4b7a-8932-536e603c59a2|rpc:127.0.0.1:41601|dataStream:|priority:0, b0fd8d55-63ee-4977-a2a0-8385583ac0e3|rpc:127.0.0.1:34435|dataStream:|priority:0], old=null
2021-07-07 01:43:05,174 [pool-287-thread-1] INFO  server.RaftServer$Division (RaftServerImpl.java:setRole(284)) - b0fd8d55-63ee-4977-a2a0-8385583ac0e3@group-BF80BBC9517C: changes role from      null to FOLLOWER at term 0 for startAsFollower
2021-07-07 01:43:05,180 [pool-287-thread-1] INFO  impl.RoleInfo (RoleInfo.java:updateAndGet(130)) - b0fd8d55-63ee-4977-a2a0-8385583ac0e3: start b0fd8d55-63ee-4977-a2a0-8385583ac0e3@group-BF80BBC9517C-FollowerState
2021-07-07 01:43:05,181 [9bc33821-a41f-4857-8348-6c15ba9d7e69@group-F49EEC7F6D62-StateMachineUpdater] INFO  safemode.HealthyPipelineSafeModeRule (HealthyPipelineSafeModeRule.java:initializeRule(152)) - Refreshed total pipeline count is 0, healthy pipeline threshold count is 1
2021-07-07 01:43:05,181 [EventQueue-PipelineReportForPipelineReportHandler] INFO  ha.SCMHAInvocationHandler (SCMHAInvocationHandler.java:invokeRatis(113)) - Invoking method public abstract void org.apache.hadoop.hdds.scm.pipeline.StateManager.updatePipelineState(org.apache.hadoop.hdds.protocol.proto.HddsProtos$PipelineID,org.apache.hadoop.hdds.protocol.proto.HddsProtos$PipelineState) throws java.io.IOException on target org.apache.hadoop.hdds.scm.ha.SCMRatisServerImpl@77e48145, cost 29128.72us
2021-07-07 01:43:05,182 [EventQueue-OpenPipelineForHealthyPipelineSafeModeRule] INFO  safemode.SCMSafeModeManager (HealthyPipelineSafeModeRule.java:process(124)) - SCM in safe mode. Healthy pipelines reported count is 0, required healthy pipeline reported count is 1
2021-07-07 01:43:05,182 [pool-287-thread-1] INFO  util.JmxRegister (JmxRegister.java:tryRegister(44)) - Successfully registered JMX Bean with object name Ratis:service=RaftServer,group=group-BF80BBC9517C,id=b0fd8d55-63ee-4977-a2a0-8385583ac0e3
2021-07-07 01:43:05,182 [pool-287-thread-1] INFO  metrics.RatisMetrics (RatisMetrics.java:lambda$create$0(36)) - Creating Metrics Registry : ratis.state_machine.b0fd8d55-63ee-4977-a2a0-8385583ac0e3@group-BF80BBC9517C
2021-07-07 01:43:05,183 [pool-267-thread-1] INFO  server.RaftServerConfigKeys (ConfUtils.java:logGet(44)) - raft.server.log.write.buffer.size = 1048576 (custom)
2021-07-07 01:43:05,184 [pool-267-thread-1] INFO  server.RaftServerConfigKeys (ConfUtils.java:logGet(44)) - raft.server.log.statemachine.data.caching.enabled = true (custom)
2021-07-07 01:43:05,184 [pool-267-thread-1] INFO  segmented.SegmentedRaftLogWorker (SegmentedRaftLogWorker.java:lambda$new$0(133)) - 10d76295-ae05-4b7a-8932-536e603c59a2@group-A53B2A283ADD-SegmentedRaftLogWorker: flushIndex: setUnconditionally 0 -> -1
2021-07-07 01:43:05,184 [pool-267-thread-1] INFO  segmented.SegmentedRaftLogWorker (SegmentedRaftLogWorker.java:lambda$new$0(133)) - 10d76295-ae05-4b7a-8932-536e603c59a2@group-A53B2A283ADD-SegmentedRaftLogWorker: safeCacheEvictIndex: setUnconditionally 0 -> -1
2021-07-07 01:43:05,184 [pool-267-thread-1] INFO  server.RaftServerConfigKeys (ConfUtils.java:logGet(44)) - raft.server.snapshot.auto.trigger.enabled = true (custom)
2021-07-07 01:43:05,185 [pool-267-thread-1] INFO  server.RaftServerConfigKeys (ConfUtils.java:logGet(44)) - raft.server.snapshot.auto.trigger.threshold = 10000 (custom)
2021-07-07 01:43:05,185 [pool-267-thread-1] INFO  server.RaftServerConfigKeys (ConfUtils.java:logGet(44)) - raft.server.snapshot.retention.file.num = 5 (custom)
2021-07-07 01:43:05,185 [pool-267-thread-1] INFO  server.RaftServerConfigKeys (ConfUtils.java:logGet(44)) - raft.server.log.purge.upto.snapshot.index = false (default)
2021-07-07 01:43:05,185 [pool-267-thread-1] INFO  server.RaftServerConfigKeys (ConfUtils.java:logGet(44)) - raft.server.retrycache.expirytime = 600000ms (custom)
2021-07-07 01:43:05,185 [pool-267-thread-1] INFO  server.RaftServerConfigKeys (ConfUtils.java:logGet(44)) - raft.server.retrycache.statistics.expirytime = 100μs (default)
2021-07-07 01:43:05,185 [pool-267-thread-1] INFO  metrics.RatisMetrics (RatisMetrics.java:lambda$create$0(36)) - Creating Metrics Registry : ratis.leader_election.10d76295-ae05-4b7a-8932-536e603c59a2@group-A53B2A283ADD
2021-07-07 01:43:05,187 [1f826664-c1d0-47b0-99bc-11cdaf7ce5a3@group-F49EEC7F6D62-StateMachineUpdater] INFO  safemode.HealthyPipelineSafeModeRule (HealthyPipelineSafeModeRule.java:initializeRule(152)) - Refreshed total pipeline count is 0, healthy pipeline threshold count is 1
2021-07-07 01:43:05,190 [9bc33821-a41f-4857-8348-6c15ba9d7e69@group-F49EEC7F6D62-StateMachineUpdater] INFO  ha.SCMStateMachine (SCMStateMachine.java:takeSnapshot(290)) - Current Snapshot Index 20, takeSnapshot took 0 ms
2021-07-07 01:43:05,190 [9bc33821-a41f-4857-8348-6c15ba9d7e69@group-F49EEC7F6D62-StateMachineUpdater] INFO  impl.StateMachineUpdater (StateMachineUpdater.java:takeSnapshot(281)) - 9bc33821-a41f-4857-8348-6c15ba9d7e69@group-F49EEC7F6D62-StateMachineUpdater: Took a snapshot at index 20
2021-07-07 01:43:05,190 [9bc33821-a41f-4857-8348-6c15ba9d7e69@group-F49EEC7F6D62-StateMachineUpdater] INFO  impl.StateMachineUpdater (StateMachineUpdater.java:lambda$new$0(89)) - 9bc33821-a41f-4857-8348-6c15ba9d7e69@group-F49EEC7F6D62-StateMachineUpdater: snapshotIndex: updateIncreasingly 15 -> 20
2021-07-07 01:43:05,190 [9bc33821-a41f-4857-8348-6c15ba9d7e69@group-F49EEC7F6D62-StateMachineUpdater] INFO  raftlog.RaftLog (RaftLogBase.java:purge(306)) - 9bc33821-a41f-4857-8348-6c15ba9d7e69@group-F49EEC7F6D62-SegmentedRaftLog: purge 20
2021-07-07 01:43:05,190 [9bc33821-a41f-4857-8348-6c15ba9d7e69@group-F49EEC7F6D62-StateMachineUpdater] INFO  raftlog.RaftLog (RaftLogBase.java:lambda$new$0(53)) - 9bc33821-a41f-4857-8348-6c15ba9d7e69@group-F49EEC7F6D62-SegmentedRaftLog: snapshotIndex: updateIncreasingly 15 -> 20
2021-07-07 01:43:05,190 [Command processor thread] INFO  commandhandler.CreatePipelineCommandHandler (CreatePipelineCommandHandler.java:handle(106)) - Created Pipeline RATIS THREE PipelineID=e977e7d9-7c38-4228-b53c-bf80bbc9517c.
2021-07-07 01:43:05,190 [9bc33821-a41f-4857-8348-6c15ba9d7e69@group-F49EEC7F6D62-StateMachineUpdater] INFO  raftlog.RaftLog (RaftLogBase.java:lambda$new$0(53)) - 9bc33821-a41f-4857-8348-6c15ba9d7e69@group-F49EEC7F6D62-SegmentedRaftLog: purgeIndex: updateToMax old=15, new=20, updated? true
2021-07-07 01:43:05,191 [Command processor thread] INFO  server.RaftServer (RaftServerProxy.java:addNew(95)) - 0f49443e-0a6a-496b-95aa-140a56b5e2f8: addNew group-8237731C7163:[0f49443e-0a6a-496b-95aa-140a56b5e2f8|rpc:127.0.0.1:32951|priority:0, 10d76295-ae05-4b7a-8932-536e603c59a2|rpc:127.0.0.1:41601|priority:0, b0fd8d55-63ee-4977-a2a0-8385583ac0e3|rpc:127.0.0.1:34435|priority:1] returns group-8237731C7163:java.util.concurrent.CompletableFuture@c9a85b3[Not completed]
2021-07-07 01:43:05,191 [pool-267-thread-1] INFO  metrics.RatisMetrics (RatisMetrics.java:lambda$create$0(36)) - Creating Metrics Registry : ratis.server.10d76295-ae05-4b7a-8932-536e603c59a2@group-A53B2A283ADD
2021-07-07 01:43:05,192 [pool-247-thread-1] INFO  server.RaftServer$Division (RaftServerImpl.java:<init>(180)) - 0f49443e-0a6a-496b-95aa-140a56b5e2f8: new RaftServerImpl for group-8237731C7163:[0f49443e-0a6a-496b-95aa-140a56b5e2f8|rpc:127.0.0.1:32951|priority:0, 10d76295-ae05-4b7a-8932-536e603c59a2|rpc:127.0.0.1:41601|priority:0, b0fd8d55-63ee-4977-a2a0-8385583ac0e3|rpc:127.0.0.1:34435|priority:1] with ContainerStateMachine:uninitialized
2021-07-07 01:43:05,192 [pool-247-thread-1] INFO  server.RaftServerConfigKeys (ConfUtils.java:logGet(44)) - raft.server.rpc.timeout.min = 5s (custom)
2021-07-07 01:43:05,192 [pool-247-thread-1] INFO  server.RaftServerConfigKeys (ConfUtils.java:logGet(44)) - raft.server.rpc.timeout.max = 5200ms (custom)
2021-07-07 01:43:05,192 [pool-247-thread-1] INFO  server.RaftServerConfigKeys (ConfUtils.java:logGet(44)) - raft.server.rpc.sleep.time = 25ms (default)
2021-07-07 01:43:05,192 [pool-247-thread-1] INFO  server.RaftServerConfigKeys (ConfUtils.java:logGet(44)) - raft.server.rpc.slowness.timeout = 300s (custom)
2021-07-07 01:43:05,192 [pool-247-thread-1] INFO  server.RaftServerConfigKeys (ConfUtils.java:logGet(44)) - raft.server.leaderelection.leader.step-down.wait-time = 10s (default)
2021-07-07 01:43:05,192 [pool-247-thread-1] INFO  server.RaftServerConfigKeys (ConfUtils.java:logGet(44)) - raft.server.sleep.deviation.threshold = 300ms (default)
2021-07-07 01:43:05,192 [pool-247-thread-1] INFO  server.RaftServerConfigKeys (ConfUtils.java:logGet(44)) - raft.server.log.appender.install.snapshot.enabled = false (custom)
2021-07-07 01:43:05,192 [pool-247-thread-1] INFO  server.RaftServer$Division (ServerState.java:<init>(105)) - 0f49443e-0a6a-496b-95aa-140a56b5e2f8@group-8237731C7163: ConfigurationManager, init=-1: [0f49443e-0a6a-496b-95aa-140a56b5e2f8|rpc:127.0.0.1:32951|priority:0, 10d76295-ae05-4b7a-8932-536e603c59a2|rpc:127.0.0.1:41601|priority:0, b0fd8d55-63ee-4977-a2a0-8385583ac0e3|rpc:127.0.0.1:34435|priority:1], old=null, confs=<EMPTY_MAP>
2021-07-07 01:43:05,193 [pool-247-thread-1] INFO  server.RaftServerConfigKeys (ConfUtils.java:logGet(44)) - raft.server.storage.dir = [/home/runner/work/ozone/ozone/mnt/ozone/hadoop-ozone/integration-test/target/test-dir/MiniOzoneClusterImpl-1d7024f8-a0c4-4e84-a8d8-f49eec7f6d62/datanode-0/data/ratis] (custom)
2021-07-07 01:43:05,193 [pool-247-thread-1] INFO  server.RaftServerConfigKeys (ConfUtils.java:logGet(44)) - raft.server.log.corruption.policy = EXCEPTION (default)
2021-07-07 01:43:05,193 [pool-247-thread-1] INFO  storage.RaftStorageDirectory (RaftStorageDirectoryImpl.java:analyzeStorage(132)) - The storage directory /home/runner/work/ozone/ozone/mnt/ozone/hadoop-ozone/integration-test/target/test-dir/MiniOzoneClusterImpl-1d7024f8-a0c4-4e84-a8d8-f49eec7f6d62/datanode-0/data/ratis/d872d6fc-bbb1-485a-9573-8237731c7163 does not exist. Creating ...
2021-07-07 01:43:05,193 [pool-267-thread-1] INFO  server.RaftServer$Division (RaftServerImpl.java:start(295)) - 10d76295-ae05-4b7a-8932-536e603c59a2@group-A53B2A283ADD: start as a follower, conf=-1: [10d76295-ae05-4b7a-8932-536e603c59a2|rpc:127.0.0.1:41601|priority:1], old=null
2021-07-07 01:43:05,194 [pool-267-thread-1] INFO  server.RaftServer$Division (RaftServerImpl.java:setRole(284)) - 10d76295-ae05-4b7a-8932-536e603c59a2@group-A53B2A283ADD: changes role from      null to FOLLOWER at term 0 for startAsFollower
2021-07-07 01:43:05,194 [pool-267-thread-1] INFO  impl.RoleInfo (RoleInfo.java:updateAndGet(130)) - 10d76295-ae05-4b7a-8932-536e603c59a2: start 10d76295-ae05-4b7a-8932-536e603c59a2@group-A53B2A283ADD-FollowerState
2021-07-07 01:43:05,194 [pool-267-thread-1] INFO  util.JmxRegister (JmxRegister.java:tryRegister(44)) - Successfully registered JMX Bean with object name Ratis:service=RaftServer,group=group-A53B2A283ADD,id=10d76295-ae05-4b7a-8932-536e603c59a2
2021-07-07 01:43:05,194 [pool-267-thread-1] INFO  metrics.RatisMetrics (RatisMetrics.java:lambda$create$0(36)) - Creating Metrics Registry : ratis.state_machine.10d76295-ae05-4b7a-8932-536e603c59a2@group-A53B2A283ADD
2021-07-07 01:43:05,194 [pool-247-thread-1] INFO  storage.RaftStorageDirectory (RaftStorageDirectoryImpl.java:tryLock(215)) - Lock on /home/runner/work/ozone/ozone/mnt/ozone/hadoop-ozone/integration-test/target/test-dir/MiniOzoneClusterImpl-1d7024f8-a0c4-4e84-a8d8-f49eec7f6d62/datanode-0/data/ratis/d872d6fc-bbb1-485a-9573-8237731c7163/in_use.lock acquired by nodename 8524@fv-az148-456
2021-07-07 01:43:05,195 [Command processor thread] INFO  ratis.XceiverServerRatis (XceiverServerRatis.java:addGroup(759)) - Created group PipelineID=ee33e6cd-5d5d-4666-96c1-a53b2a283add
2021-07-07 01:43:05,195 [Command processor thread] INFO  commandhandler.CreatePipelineCommandHandler (CreatePipelineCommandHandler.java:handle(106)) - Created Pipeline RATIS ONE PipelineID=ee33e6cd-5d5d-4666-96c1-a53b2a283add.
2021-07-07 01:43:05,195 [Command processor thread] INFO  server.RaftServer (RaftServerProxy.java:addNew(95)) - 10d76295-ae05-4b7a-8932-536e603c59a2: addNew group-8237731C7163:[0f49443e-0a6a-496b-95aa-140a56b5e2f8|rpc:127.0.0.1:32951|priority:0, 10d76295-ae05-4b7a-8932-536e603c59a2|rpc:127.0.0.1:41601|priority:0, b0fd8d55-63ee-4977-a2a0-8385583ac0e3|rpc:127.0.0.1:34435|priority:1] returns group-8237731C7163:java.util.concurrent.CompletableFuture@4c37e380[Not completed]
2021-07-07 01:43:05,196 [pool-267-thread-1] INFO  server.RaftServer$Division (RaftServerImpl.java:<init>(180)) - 10d76295-ae05-4b7a-8932-536e603c59a2: new RaftServerImpl for group-8237731C7163:[0f49443e-0a6a-496b-95aa-140a56b5e2f8|rpc:127.0.0.1:32951|priority:0, 10d76295-ae05-4b7a-8932-536e603c59a2|rpc:127.0.0.1:41601|priority:0, b0fd8d55-63ee-4977-a2a0-8385583ac0e3|rpc:127.0.0.1:34435|priority:1] with ContainerStateMachine:uninitialized
2021-07-07 01:43:05,196 [pool-267-thread-1] INFO  server.RaftServerConfigKeys (ConfUtils.java:logGet(44)) - raft.server.rpc.timeout.min = 5s (custom)
2021-07-07 01:43:05,196 [pool-267-thread-1] INFO  server.RaftServerConfigKeys (ConfUtils.java:logGet(44)) - raft.server.rpc.timeout.max = 5200ms (custom)
2021-07-07 01:43:05,196 [pool-267-thread-1] INFO  server.RaftServerConfigKeys (ConfUtils.java:logGet(44)) - raft.server.rpc.sleep.time = 25ms (default)
2021-07-07 01:43:05,196 [pool-267-thread-1] INFO  server.RaftServerConfigKeys (ConfUtils.java:logGet(44)) - raft.server.rpc.slowness.timeout = 300s (custom)
2021-07-07 01:43:05,196 [pool-247-thread-1] INFO  storage.RaftStorage (RaftStorageImpl.java:format(87)) - Storage directory /home/runner/work/ozone/ozone/mnt/ozone/hadoop-ozone/integration-test/target/test-dir/MiniOzoneClusterImpl-1d7024f8-a0c4-4e84-a8d8-f49eec7f6d62/datanode-0/data/ratis/d872d6fc-bbb1-485a-9573-8237731c7163 has been successfully formatted.
2021-07-07 01:43:05,196 [pool-267-thread-1] INFO  server.RaftServerConfigKeys (ConfUtils.java:logGet(44)) - raft.server.leaderelection.leader.step-down.wait-time = 10s (default)
2021-07-07 01:43:05,196 [pool-267-thread-1] INFO  server.RaftServerConfigKeys (ConfUtils.java:logGet(44)) - raft.server.sleep.deviation.threshold = 300ms (default)
2021-07-07 01:43:05,196 [pool-267-thread-1] INFO  server.RaftServerConfigKeys (ConfUtils.java:logGet(44)) - raft.server.log.appender.install.snapshot.enabled = false (custom)
2021-07-07 01:43:05,196 [pool-267-thread-1] INFO  server.RaftServer$Division (ServerState.java:<init>(105)) - 10d76295-ae05-4b7a-8932-536e603c59a2@group-8237731C7163: ConfigurationManager, init=-1: [0f49443e-0a6a-496b-95aa-140a56b5e2f8|rpc:127.0.0.1:32951|priority:0, 10d76295-ae05-4b7a-8932-536e603c59a2|rpc:127.0.0.1:41601|priority:0, b0fd8d55-63ee-4977-a2a0-8385583ac0e3|rpc:127.0.0.1:34435|priority:1], old=null, confs=<EMPTY_MAP>
2021-07-07 01:43:05,197 [pool-267-thread-1] INFO  server.RaftServerConfigKeys (ConfUtils.java:logGet(44)) - raft.server.storage.dir = [/home/runner/work/ozone/ozone/mnt/ozone/hadoop-ozone/integration-test/target/test-dir/MiniOzoneClusterImpl-1d7024f8-a0c4-4e84-a8d8-f49eec7f6d62/datanode-1/data/ratis] (custom)
2021-07-07 01:43:05,197 [pool-247-thread-1] INFO  ratis.ContainerStateMachine (ContainerStateMachine.java:loadSnapshot(223)) - group-8237731C7163: The snapshot info is null. Setting the last applied indexto:(t:0, i:~)
2021-07-07 01:43:05,197 [pool-267-thread-1] INFO  server.RaftServerConfigKeys (ConfUtils.java:logGet(44)) - raft.server.log.corruption.policy = EXCEPTION (default)
2021-07-07 01:43:05,197 [pool-247-thread-1] INFO  server.RaftServerConfigKeys (ConfUtils.java:logGet(44)) - raft.server.notification.no-leader.timeout = 300s (custom)
2021-07-07 01:43:05,197 [pool-247-thread-1] INFO  server.RaftServerConfigKeys (ConfUtils.java:logGet(44)) - raft.server.log.use.memory = false (default)
2021-07-07 01:43:05,197 [pool-267-thread-1] INFO  storage.RaftStorageDirectory (RaftStorageDirectoryImpl.java:analyzeStorage(132)) - The storage directory /home/runner/work/ozone/ozone/mnt/ozone/hadoop-ozone/integration-test/target/test-dir/MiniOzoneClusterImpl-1d7024f8-a0c4-4e84-a8d8-f49eec7f6d62/datanode-1/data/ratis/d872d6fc-bbb1-485a-9573-8237731c7163 does not exist. Creating ...
2021-07-07 01:43:05,198 [pool-267-thread-1] INFO  storage.RaftStorageDirectory (RaftStorageDirectoryImpl.java:tryLock(215)) - Lock on /home/runner/work/ozone/ozone/mnt/ozone/hadoop-ozone/integration-test/target/test-dir/MiniOzoneClusterImpl-1d7024f8-a0c4-4e84-a8d8-f49eec7f6d62/datanode-1/data/ratis/d872d6fc-bbb1-485a-9573-8237731c7163/in_use.lock acquired by nodename 8524@fv-az148-456
2021-07-07 01:43:05,200 [pool-267-thread-1] INFO  storage.RaftStorage (RaftStorageImpl.java:format(87)) - Storage directory /home/runner/work/ozone/ozone/mnt/ozone/hadoop-ozone/integration-test/target/test-dir/MiniOzoneClusterImpl-1d7024f8-a0c4-4e84-a8d8-f49eec7f6d62/datanode-1/data/ratis/d872d6fc-bbb1-485a-9573-8237731c7163 has been successfully formatted.
2021-07-07 01:43:05,197 [pool-247-thread-1] INFO  server.RaftServerConfigKeys (ConfUtils.java:logGet(44)) - raft.server.log.purge.gap = 1000000 (custom)
2021-07-07 01:43:05,201 [pool-247-thread-1] INFO  server.RaftServerConfigKeys (ConfUtils.java:logGet(44)) - raft.server.log.appender.buffer.byte-limit = 33554432 (custom)
2021-07-07 01:43:05,201 [pool-267-thread-1] INFO  ratis.ContainerStateMachine (ContainerStateMachine.java:loadSnapshot(223)) - group-8237731C7163: The snapshot info is null. Setting the last applied indexto:(t:0, i:~)
2021-07-07 01:43:05,202 [pool-267-thread-1] INFO  server.RaftServerConfigKeys (ConfUtils.java:logGet(44)) - raft.server.notification.no-leader.timeout = 300s (custom)
2021-07-07 01:43:05,202 [pool-267-thread-1] INFO  server.RaftServerConfigKeys (ConfUtils.java:logGet(44)) - raft.server.log.use.memory = false (default)
2021-07-07 01:43:05,202 [pool-267-thread-1] INFO  server.RaftServerConfigKeys (ConfUtils.java:logGet(44)) - raft.server.log.purge.gap = 1000000 (custom)
2021-07-07 01:43:05,202 [pool-267-thread-1] INFO  server.RaftServerConfigKeys (ConfUtils.java:logGet(44)) - raft.server.log.appender.buffer.byte-limit = 33554432 (custom)
2021-07-07 01:43:05,202 [pool-267-thread-1] INFO  metrics.RatisMetrics (RatisMetrics.java:lambda$create$0(36)) - Creating Metrics Registry : ratis.log_worker.10d76295-ae05-4b7a-8932-536e603c59a2@group-8237731C7163
2021-07-07 01:43:05,201 [EventQueue-OpenPipelineForHealthyPipelineSafeModeRule] INFO  safemode.SCMSafeModeManager (HealthyPipelineSafeModeRule.java:process(124)) - SCM in safe mode. Healthy pipelines reported count is 0, required healthy pipeline reported count is 1
2021-07-07 01:43:05,204 [pool-247-thread-1] INFO  metrics.RatisMetrics (RatisMetrics.java:lambda$create$0(36)) - Creating Metrics Registry : ratis.log_worker.0f49443e-0a6a-496b-95aa-140a56b5e2f8@group-8237731C7163
2021-07-07 01:43:05,210 [pool-267-thread-1] INFO  server.RaftServerConfigKeys (ConfUtils.java:logGet(44)) - raft.server.log.segment.size.max = 1048576 (custom)
2021-07-07 01:43:05,210 [EventQueue-OpenPipelineForHealthyPipelineSafeModeRule] INFO  safemode.SCMSafeModeManager (HealthyPipelineSafeModeRule.java:process(124)) - SCM in safe mode. Healthy pipelines reported count is 0, required healthy pipeline reported count is 1
2021-07-07 01:43:05,210 [pool-267-thread-1] INFO  server.RaftServerConfigKeys (ConfUtils.java:logGet(44)) - raft.server.log.segment.cache.num.max = 2 (custom)
2021-07-07 01:43:05,210 [pool-267-thread-1] INFO  server.RaftServerConfigKeys (ConfUtils.java:logGet(44)) - raft.server.log.segment.cache.size.max = 200MB (=209715200) (default)
2021-07-07 01:43:05,211 [pool-267-thread-1] INFO  segmented.SegmentedRaftLogWorker (SegmentedRaftLogWorker.java:<init>(182)) - new 10d76295-ae05-4b7a-8932-536e603c59a2@group-8237731C7163-SegmentedRaftLogWorker for RaftStorageImpl:Storage Directory /home/runner/work/ozone/ozone/mnt/ozone/hadoop-ozone/integration-test/target/test-dir/MiniOzoneClusterImpl-1d7024f8-a0c4-4e84-a8d8-f49eec7f6d62/datanode-1/data/ratis/d872d6fc-bbb1-485a-9573-8237731c7163
2021-07-07 01:43:05,211 [pool-267-thread-1] INFO  server.RaftServerConfigKeys (ConfUtils.java:logGet(44)) - raft.server.log.queue.byte-limit = 2147483647 (custom)
2021-07-07 01:43:05,211 [pool-267-thread-1] INFO  server.RaftServerConfigKeys (ConfUtils.java:logGet(44)) - raft.server.log.queue.element-limit = 1024 (custom)
2021-07-07 01:43:05,211 [pool-267-thread-1] INFO  server.RaftServerConfigKeys (ConfUtils.java:logGet(44)) - raft.server.log.segment.size.max = 1048576 (custom)
2021-07-07 01:43:05,211 [pool-267-thread-1] INFO  server.RaftServerConfigKeys (ConfUtils.java:logGet(44)) - raft.server.log.preallocated.size = 16384 (custom)
2021-07-07 01:43:05,211 [pool-267-thread-1] INFO  server.RaftServerConfigKeys (ConfUtils.java:logGet(44)) - raft.server.log.force.sync.num = 128 (default)
2021-07-07 01:43:05,211 [pool-267-thread-1] INFO  server.RaftServerConfigKeys (ConfUtils.java:logGet(44)) - raft.server.log.statemachine.data.sync = true (default)
2021-07-07 01:43:05,211 [pool-267-thread-1] INFO  server.RaftServerConfigKeys (ConfUtils.java:logGet(44)) - raft.server.log.statemachine.data.sync.timeout = 10s (default)
2021-07-07 01:43:05,211 [pool-247-thread-1] INFO  server.RaftServerConfigKeys (ConfUtils.java:logGet(44)) - raft.server.log.segment.size.max = 1048576 (custom)
2021-07-07 01:43:05,211 [pool-247-thread-1] INFO  server.RaftServerConfigKeys (ConfUtils.java:logGet(44)) - raft.server.log.segment.cache.num.max = 2 (custom)
2021-07-07 01:43:05,211 [pool-267-thread-1] INFO  server.RaftServerConfigKeys (ConfUtils.java:logGet(44)) - raft.server.log.statemachine.data.sync.timeout.retry = -1 (default)
2021-07-07 01:43:05,212 [pool-267-thread-1] INFO  server.RaftServerConfigKeys (ConfUtils.java:logGet(44)) - raft.server.log.write.buffer.size = 1048576 (custom)
2021-07-07 01:43:05,213 [pool-267-thread-1] INFO  server.RaftServerConfigKeys (ConfUtils.java:logGet(44)) - raft.server.log.statemachine.data.caching.enabled = true (custom)
2021-07-07 01:43:05,213 [pool-267-thread-1] INFO  segmented.SegmentedRaftLogWorker (SegmentedRaftLogWorker.java:lambda$new$0(133)) - 10d76295-ae05-4b7a-8932-536e603c59a2@group-8237731C7163-SegmentedRaftLogWorker: flushIndex: setUnconditionally 0 -> -1
2021-07-07 01:43:05,213 [pool-267-thread-1] INFO  segmented.SegmentedRaftLogWorker (SegmentedRaftLogWorker.java:lambda$new$0(133)) - 10d76295-ae05-4b7a-8932-536e603c59a2@group-8237731C7163-SegmentedRaftLogWorker: safeCacheEvictIndex: setUnconditionally 0 -> -1
2021-07-07 01:43:05,212 [pool-247-thread-1] INFO  server.RaftServerConfigKeys (ConfUtils.java:logGet(44)) - raft.server.log.segment.cache.size.max = 200MB (=209715200) (default)
2021-07-07 01:43:05,213 [pool-247-thread-1] INFO  segmented.SegmentedRaftLogWorker (SegmentedRaftLogWorker.java:<init>(182)) - new 0f49443e-0a6a-496b-95aa-140a56b5e2f8@group-8237731C7163-SegmentedRaftLogWorker for RaftStorageImpl:Storage Directory /home/runner/work/ozone/ozone/mnt/ozone/hadoop-ozone/integration-test/target/test-dir/MiniOzoneClusterImpl-1d7024f8-a0c4-4e84-a8d8-f49eec7f6d62/datanode-0/data/ratis/d872d6fc-bbb1-485a-9573-8237731c7163
2021-07-07 01:43:05,213 [pool-247-thread-1] INFO  server.RaftServerConfigKeys (ConfUtils.java:logGet(44)) - raft.server.log.queue.byte-limit = 2147483647 (custom)
2021-07-07 01:43:05,213 [pool-247-thread-1] INFO  server.RaftServerConfigKeys (ConfUtils.java:logGet(44)) - raft.server.log.queue.element-limit = 1024 (custom)
2021-07-07 01:43:05,214 [pool-247-thread-1] INFO  server.RaftServerConfigKeys (ConfUtils.java:logGet(44)) - raft.server.log.segment.size.max = 1048576 (custom)
2021-07-07 01:43:05,214 [pool-247-thread-1] INFO  server.RaftServerConfigKeys (ConfUtils.java:logGet(44)) - raft.server.log.preallocated.size = 16384 (custom)
2021-07-07 01:43:05,214 [pool-247-thread-1] INFO  server.RaftServerConfigKeys (ConfUtils.java:logGet(44)) - raft.server.log.force.sync.num = 128 (default)
2021-07-07 01:43:05,214 [pool-247-thread-1] INFO  server.RaftServerConfigKeys (ConfUtils.java:logGet(44)) - raft.server.log.statemachine.data.sync = true (default)
2021-07-07 01:43:05,214 [pool-247-thread-1] INFO  server.RaftServerConfigKeys (ConfUtils.java:logGet(44)) - raft.server.log.statemachine.data.sync.timeout = 10s (default)
2021-07-07 01:43:05,214 [pool-247-thread-1] INFO  server.RaftServerConfigKeys (ConfUtils.java:logGet(44)) - raft.server.log.statemachine.data.sync.timeout.retry = -1 (default)
2021-07-07 01:43:05,214 [pool-267-thread-1] INFO  server.RaftServerConfigKeys (ConfUtils.java:logGet(44)) - raft.server.snapshot.auto.trigger.enabled = true (custom)
2021-07-07 01:43:05,215 [pool-267-thread-1] INFO  server.RaftServerConfigKeys (ConfUtils.java:logGet(44)) - raft.server.snapshot.auto.trigger.threshold = 10000 (custom)
2021-07-07 01:43:05,215 [pool-267-thread-1] INFO  server.RaftServerConfigKeys (ConfUtils.java:logGet(44)) - raft.server.snapshot.retention.file.num = 5 (custom)
2021-07-07 01:43:05,215 [pool-267-thread-1] INFO  server.RaftServerConfigKeys (ConfUtils.java:logGet(44)) - raft.server.log.purge.upto.snapshot.index = false (default)
2021-07-07 01:43:05,215 [pool-267-thread-1] INFO  server.RaftServerConfigKeys (ConfUtils.java:logGet(44)) - raft.server.retrycache.expirytime = 600000ms (custom)
2021-07-07 01:43:05,215 [pool-267-thread-1] INFO  server.RaftServerConfigKeys (ConfUtils.java:logGet(44)) - raft.server.retrycache.statistics.expirytime = 100μs (default)
2021-07-07 01:43:05,215 [pool-267-thread-1] INFO  metrics.RatisMetrics (RatisMetrics.java:lambda$create$0(36)) - Creating Metrics Registry : ratis.leader_election.10d76295-ae05-4b7a-8932-536e603c59a2@group-8237731C7163
2021-07-07 01:43:05,216 [pool-267-thread-1] INFO  metrics.RatisMetrics (RatisMetrics.java:lambda$create$0(36)) - Creating Metrics Registry : ratis.server.10d76295-ae05-4b7a-8932-536e603c59a2@group-8237731C7163
2021-07-07 01:43:05,216 [pool-267-thread-1] INFO  server.RaftServer$Division (RaftServerImpl.java:start(295)) - 10d76295-ae05-4b7a-8932-536e603c59a2@group-8237731C7163: start as a follower, conf=-1: [0f49443e-0a6a-496b-95aa-140a56b5e2f8|rpc:127.0.0.1:32951|priority:0, 10d76295-ae05-4b7a-8932-536e603c59a2|rpc:127.0.0.1:41601|priority:0, b0fd8d55-63ee-4977-a2a0-8385583ac0e3|rpc:127.0.0.1:34435|priority:1], old=null
2021-07-07 01:43:05,215 [pool-247-thread-1] INFO  server.RaftServerConfigKeys (ConfUtils.java:logGet(44)) - raft.server.log.write.buffer.size = 1048576 (custom)
2021-07-07 01:43:05,217 [pool-247-thread-1] INFO  server.RaftServerConfigKeys (ConfUtils.java:logGet(44)) - raft.server.log.statemachine.data.caching.enabled = true (custom)
2021-07-07 01:43:05,217 [pool-247-thread-1] INFO  segmented.SegmentedRaftLogWorker (SegmentedRaftLogWorker.java:lambda$new$0(133)) - 0f49443e-0a6a-496b-95aa-140a56b5e2f8@group-8237731C7163-SegmentedRaftLogWorker: flushIndex: setUnconditionally 0 -> -1
2021-07-07 01:43:05,217 [pool-247-thread-1] INFO  segmented.SegmentedRaftLogWorker (SegmentedRaftLogWorker.java:lambda$new$0(133)) - 0f49443e-0a6a-496b-95aa-140a56b5e2f8@group-8237731C7163-SegmentedRaftLogWorker: safeCacheEvictIndex: setUnconditionally 0 -> -1
2021-07-07 01:43:05,218 [pool-267-thread-1] INFO  server.RaftServer$Division (RaftServerImpl.java:setRole(284)) - 10d76295-ae05-4b7a-8932-536e603c59a2@group-8237731C7163: changes role from      null to FOLLOWER at term 0 for startAsFollower
2021-07-07 01:43:05,220 [pool-247-thread-1] INFO  server.RaftServerConfigKeys (ConfUtils.java:logGet(44)) - raft.server.snapshot.auto.trigger.enabled = true (custom)
2021-07-07 01:43:05,220 [pool-247-thread-1] INFO  server.RaftServerConfigKeys (ConfUtils.java:logGet(44)) - raft.server.snapshot.auto.trigger.threshold = 10000 (custom)
2021-07-07 01:43:05,220 [pool-247-thread-1] INFO  server.RaftServerConfigKeys (ConfUtils.java:logGet(44)) - raft.server.snapshot.retention.file.num = 5 (custom)
2021-07-07 01:43:05,220 [pool-247-thread-1] INFO  server.RaftServerConfigKeys (ConfUtils.java:logGet(44)) - raft.server.log.purge.upto.snapshot.index = false (default)
2021-07-07 01:43:05,220 [pool-247-thread-1] INFO  server.RaftServerConfigKeys (ConfUtils.java:logGet(44)) - raft.server.retrycache.expirytime = 600000ms (custom)
2021-07-07 01:43:05,220 [pool-247-thread-1] INFO  server.RaftServerConfigKeys (ConfUtils.java:logGet(44)) - raft.server.retrycache.statistics.expirytime = 100μs (default)
2021-07-07 01:43:05,220 [pool-247-thread-1] INFO  metrics.RatisMetrics (RatisMetrics.java:lambda$create$0(36)) - Creating Metrics Registry : ratis.leader_election.0f49443e-0a6a-496b-95aa-140a56b5e2f8@group-8237731C7163
2021-07-07 01:43:05,220 [pool-247-thread-1] INFO  metrics.RatisMetrics (RatisMetrics.java:lambda$create$0(36)) - Creating Metrics Registry : ratis.server.0f49443e-0a6a-496b-95aa-140a56b5e2f8@group-8237731C7163
2021-07-07 01:43:05,221 [pool-247-thread-1] INFO  server.RaftServer$Division (RaftServerImpl.java:start(295)) - 0f49443e-0a6a-496b-95aa-140a56b5e2f8@group-8237731C7163: start as a follower, conf=-1: [0f49443e-0a6a-496b-95aa-140a56b5e2f8|rpc:127.0.0.1:32951|priority:0, 10d76295-ae05-4b7a-8932-536e603c59a2|rpc:127.0.0.1:41601|priority:0, b0fd8d55-63ee-4977-a2a0-8385583ac0e3|rpc:127.0.0.1:34435|priority:1], old=null
2021-07-07 01:43:05,221 [pool-247-thread-1] INFO  server.RaftServer$Division (RaftServerImpl.java:setRole(284)) - 0f49443e-0a6a-496b-95aa-140a56b5e2f8@group-8237731C7163: changes role from      null to FOLLOWER at term 0 for startAsFollower
2021-07-07 01:43:05,221 [pool-247-thread-1] INFO  impl.RoleInfo (RoleInfo.java:updateAndGet(130)) - 0f49443e-0a6a-496b-95aa-140a56b5e2f8: start 0f49443e-0a6a-496b-95aa-140a56b5e2f8@group-8237731C7163-FollowerState
2021-07-07 01:43:05,221 [pool-267-thread-1] INFO  impl.RoleInfo (RoleInfo.java:updateAndGet(130)) - 10d76295-ae05-4b7a-8932-536e603c59a2: start 10d76295-ae05-4b7a-8932-536e603c59a2@group-8237731C7163-FollowerState
2021-07-07 01:43:05,221 [pool-247-thread-1] INFO  util.JmxRegister (JmxRegister.java:tryRegister(44)) - Successfully registered JMX Bean with object name Ratis:service=RaftServer,group=group-8237731C7163,id=0f49443e-0a6a-496b-95aa-140a56b5e2f8
2021-07-07 01:43:05,221 [pool-247-thread-1] INFO  metrics.RatisMetrics (RatisMetrics.java:lambda$create$0(36)) - Creating Metrics Registry : ratis.state_machine.0f49443e-0a6a-496b-95aa-140a56b5e2f8@group-8237731C7163
2021-07-07 01:43:05,221 [pool-267-thread-1] INFO  util.JmxRegister (JmxRegister.java:tryRegister(44)) - Successfully registered JMX Bean with object name Ratis:service=RaftServer,group=group-8237731C7163,id=10d76295-ae05-4b7a-8932-536e603c59a2
2021-07-07 01:43:05,221 [pool-267-thread-1] INFO  metrics.RatisMetrics (RatisMetrics.java:lambda$create$0(36)) - Creating Metrics Registry : ratis.state_machine.10d76295-ae05-4b7a-8932-536e603c59a2@group-8237731C7163
2021-07-07 01:43:05,222 [Command processor thread] INFO  ratis.XceiverServerRatis (XceiverServerRatis.java:addGroup(759)) - Created group PipelineID=d872d6fc-bbb1-485a-9573-8237731c7163
2021-07-07 01:43:05,222 [Command processor thread] INFO  ratis.XceiverServerRatis (XceiverServerRatis.java:addGroup(759)) - Created group PipelineID=d872d6fc-bbb1-485a-9573-8237731c7163
2021-07-07 01:43:05,223 [Command processor thread] INFO  metrics.RatisMetrics (RatisMetrics.java:lambda$create$0(36)) - Creating Metrics Registry : ratis.client_message_metrics.client-2B5560B9CB29->10d76295-ae05-4b7a-8932-536e603c59a2
2021-07-07 01:43:05,223 [Command processor thread] INFO  metrics.RatisMetrics (RatisMetrics.java:lambda$create$0(36)) - Creating Metrics Registry : ratis.client_message_metrics.client-3D95167084AD->0f49443e-0a6a-496b-95aa-140a56b5e2f8
2021-07-07 01:43:05,234 [grpc-default-executor-1] INFO  metrics.RatisMetrics (RatisMetrics.java:lambda$create$0(36)) - Creating Metrics Registry : ratis.server_message_metrics.0f49443e-0a6a-496b-95aa-140a56b5e2f8
2021-07-07 01:43:05,252 [Command processor thread] INFO  metrics.RatisMetrics (RatisMetrics.java:lambda$create$0(36)) - Creating Metrics Registry : ratis.client_message_metrics.client-F9FC2BF0557C->b0fd8d55-63ee-4977-a2a0-8385583ac0e3
2021-07-07 01:43:05,262 [Command processor thread] INFO  metrics.RatisMetrics (RatisMetrics.java:lambda$create$0(36)) - Creating Metrics Registry : ratis.client_message_metrics.client-DE3C0349485B->b0fd8d55-63ee-4977-a2a0-8385583ac0e3
2021-07-07 01:43:05,265 [grpc-default-executor-1] INFO  server.RaftServer (RaftServerProxy.java:addNew(95)) - b0fd8d55-63ee-4977-a2a0-8385583ac0e3: addNew group-8237731C7163:[0f49443e-0a6a-496b-95aa-140a56b5e2f8|rpc:127.0.0.1:32951|dataStream:|priority:0, 10d76295-ae05-4b7a-8932-536e603c59a2|rpc:127.0.0.1:41601|dataStream:|priority:0, b0fd8d55-63ee-4977-a2a0-8385583ac0e3|rpc:127.0.0.1:34435|dataStream:|priority:1] returns group-8237731C7163:java.util.concurrent.CompletableFuture@460202c8[Not completed]
2021-07-07 01:43:05,266 [pool-287-thread-1] INFO  server.RaftServer$Division (RaftServerImpl.java:<init>(180)) - b0fd8d55-63ee-4977-a2a0-8385583ac0e3: new RaftServerImpl for group-8237731C7163:[0f49443e-0a6a-496b-95aa-140a56b5e2f8|rpc:127.0.0.1:32951|dataStream:|priority:0, 10d76295-ae05-4b7a-8932-536e603c59a2|rpc:127.0.0.1:41601|dataStream:|priority:0, b0fd8d55-63ee-4977-a2a0-8385583ac0e3|rpc:127.0.0.1:34435|dataStream:|priority:1] with ContainerStateMachine:uninitialized
2021-07-07 01:43:05,266 [pool-287-thread-1] INFO  server.RaftServerConfigKeys (ConfUtils.java:logGet(44)) - raft.server.rpc.timeout.min = 5s (custom)
2021-07-07 01:43:05,266 [pool-287-thread-1] INFO  server.RaftServerConfigKeys (ConfUtils.java:logGet(44)) - raft.server.rpc.timeout.max = 5200ms (custom)
2021-07-07 01:43:05,266 [pool-287-thread-1] INFO  server.RaftServerConfigKeys (ConfUtils.java:logGet(44)) - raft.server.rpc.sleep.time = 25ms (default)
2021-07-07 01:43:05,266 [Command processor thread] INFO  server.RaftServer (RaftServerProxy.java:addNew(95)) - b0fd8d55-63ee-4977-a2a0-8385583ac0e3: addNew group-E02319837C86:[b0fd8d55-63ee-4977-a2a0-8385583ac0e3|rpc:127.0.0.1:34435|priority:1] returns group-E02319837C86:java.util.concurrent.CompletableFuture@5894dc7e[Not completed]
2021-07-07 01:43:05,266 [pool-287-thread-1] INFO  server.RaftServerConfigKeys (ConfUtils.java:logGet(44)) - raft.server.rpc.slowness.timeout = 300s (custom)
2021-07-07 01:43:05,266 [pool-287-thread-1] INFO  server.RaftServerConfigKeys (ConfUtils.java:logGet(44)) - raft.server.leaderelection.leader.step-down.wait-time = 10s (default)
2021-07-07 01:43:05,266 [pool-287-thread-1] INFO  server.RaftServerConfigKeys (ConfUtils.java:logGet(44)) - raft.server.sleep.deviation.threshold = 300ms (default)
2021-07-07 01:43:05,266 [pool-287-thread-1] INFO  server.RaftServerConfigKeys (ConfUtils.java:logGet(44)) - raft.server.log.appender.install.snapshot.enabled = false (custom)
2021-07-07 01:43:05,266 [pool-287-thread-1] INFO  server.RaftServer$Division (ServerState.java:<init>(105)) - b0fd8d55-63ee-4977-a2a0-8385583ac0e3@group-8237731C7163: ConfigurationManager, init=-1: [0f49443e-0a6a-496b-95aa-140a56b5e2f8|rpc:127.0.0.1:32951|dataStream:|priority:0, 10d76295-ae05-4b7a-8932-536e603c59a2|rpc:127.0.0.1:41601|dataStream:|priority:0, b0fd8d55-63ee-4977-a2a0-8385583ac0e3|rpc:127.0.0.1:34435|dataStream:|priority:1], old=null, confs=<EMPTY_MAP>
2021-07-07 01:43:05,267 [pool-287-thread-1] INFO  server.RaftServerConfigKeys (ConfUtils.java:logGet(44)) - raft.server.storage.dir = [/home/runner/work/ozone/ozone/mnt/ozone/hadoop-ozone/integration-test/target/test-dir/MiniOzoneClusterImpl-1d7024f8-a0c4-4e84-a8d8-f49eec7f6d62/datanode-2/data/ratis] (custom)
2021-07-07 01:43:05,267 [pool-287-thread-1] INFO  server.RaftServerConfigKeys (ConfUtils.java:logGet(44)) - raft.server.log.corruption.policy = EXCEPTION (default)
2021-07-07 01:43:05,267 [pool-287-thread-1] INFO  storage.RaftStorageDirectory (RaftStorageDirectoryImpl.java:analyzeStorage(132)) - The storage directory /home/runner/work/ozone/ozone/mnt/ozone/hadoop-ozone/integration-test/target/test-dir/MiniOzoneClusterImpl-1d7024f8-a0c4-4e84-a8d8-f49eec7f6d62/datanode-2/data/ratis/d872d6fc-bbb1-485a-9573-8237731c7163 does not exist. Creating ...
2021-07-07 01:43:05,267 [Listener at 127.0.0.1/10628] INFO  ozone.MiniOzoneClusterImpl (MiniOzoneClusterImpl.java:lambda$waitForClusterToBeReady$0(227)) - Nodes are ready. Got 3 of 3 DN Heartbeats.
2021-07-07 01:43:05,268 [Listener at 127.0.0.1/10628] INFO  ozone.MiniOzoneClusterImpl (MiniOzoneClusterImpl.java:lambda$waitForClusterToBeReady$0(230)) - Waiting for cluster to exit safe mode
2021-07-07 01:43:05,268 [Listener at 127.0.0.1/10628] INFO  ozone.MiniOzoneClusterImpl (MiniOzoneClusterImpl.java:lambda$waitForClusterToBeReady$0(232)) - SCM became leader
2021-07-07 01:43:05,268 [pool-287-thread-1] INFO  storage.RaftStorageDirectory (RaftStorageDirectoryImpl.java:tryLock(215)) - Lock on /home/runner/work/ozone/ozone/mnt/ozone/hadoop-ozone/integration-test/target/test-dir/MiniOzoneClusterImpl-1d7024f8-a0c4-4e84-a8d8-f49eec7f6d62/datanode-2/data/ratis/d872d6fc-bbb1-485a-9573-8237731c7163/in_use.lock acquired by nodename 8524@fv-az148-456
2021-07-07 01:43:05,270 [pool-287-thread-1] INFO  storage.RaftStorage (RaftStorageImpl.java:format(87)) - Storage directory /home/runner/work/ozone/ozone/mnt/ozone/hadoop-ozone/integration-test/target/test-dir/MiniOzoneClusterImpl-1d7024f8-a0c4-4e84-a8d8-f49eec7f6d62/datanode-2/data/ratis/d872d6fc-bbb1-485a-9573-8237731c7163 has been successfully formatted.
2021-07-07 01:43:05,270 [pool-287-thread-1] INFO  ratis.ContainerStateMachine (ContainerStateMachine.java:loadSnapshot(223)) - group-8237731C7163: The snapshot info is null. Setting the last applied indexto:(t:0, i:~)
2021-07-07 01:43:05,271 [pool-287-thread-1] INFO  server.RaftServerConfigKeys (ConfUtils.java:logGet(44)) - raft.server.notification.no-leader.timeout = 300s (custom)
2021-07-07 01:43:05,271 [EventQueue-PipelineReportForPipelineReportHandler] INFO  pipeline.PipelineManagerV2Impl (PipelineManagerV2Impl.java:openPipeline(270)) - Pipeline Pipeline[ Id: 1bd6e5d5-7a53-4d89-95b6-e02319837c86, Nodes: b0fd8d55-63ee-4977-a2a0-8385583ac0e3{ip: 127.0.0.1, host: localhost, ports: [REPLICATION=40827, RATIS=34435, RATIS_ADMIN=34435, RATIS_SERVER=34435, STANDALONE=38361], networkLocation: /default-rack, certSerialId: null, persistedOpState: IN_SERVICE, persistedOpStateExpiryEpochSec: 0}, ReplicationConfig: RATIS/ONE, State:ALLOCATED, leaderId:b0fd8d55-63ee-4977-a2a0-8385583ac0e3, CreationTimestamp2021-07-07T01:43:02.270Z] moved to OPEN state
2021-07-07 01:43:05,271 [EventQueue-PipelineReportForPipelineReportHandler] INFO  pipeline.PipelineManagerV2Impl (PipelineManagerV2Impl.java:openPipeline(270)) - Pipeline Pipeline[ Id: 1bd6e5d5-7a53-4d89-95b6-e02319837c86, Nodes: b0fd8d55-63ee-4977-a2a0-8385583ac0e3{ip: 127.0.0.1, host: localhost, ports: [REPLICATION=40827, RATIS=34435, RATIS_ADMIN=34435, RATIS_SERVER=34435, STANDALONE=38361], networkLocation: /default-rack, certSerialId: null, persistedOpState: IN_SERVICE, persistedOpStateExpiryEpochSec: 0}, ReplicationConfig: RATIS/ONE, State:ALLOCATED, leaderId:b0fd8d55-63ee-4977-a2a0-8385583ac0e3, CreationTimestamp2021-07-07T01:43:02.270Z] moved to OPEN state
2021-07-07 01:43:05,272 [EventQueue-PipelineReportForPipelineReportHandler] INFO  ha.SCMHAInvocationHandler (SCMHAInvocationHandler.java:invokeRatis(113)) - Invoking method public abstract void org.apache.hadoop.hdds.scm.pipeline.StateManager.updatePipelineState(org.apache.hadoop.hdds.protocol.proto.HddsProtos$PipelineID,org.apache.hadoop.hdds.protocol.proto.HddsProtos$PipelineState) throws java.io.IOException on target org.apache.hadoop.hdds.scm.ha.SCMRatisServerImpl@75b25ad3, cost 296.217us
2021-07-07 01:43:05,272 [pool-287-thread-1] INFO  server.RaftServerConfigKeys (ConfUtils.java:logGet(44)) - raft.server.log.use.memory = false (default)
2021-07-07 01:43:05,273 [pool-287-thread-1] INFO  server.RaftServerConfigKeys (ConfUtils.java:logGet(44)) - raft.server.log.purge.gap = 1000000 (custom)
2021-07-07 01:43:05,275 [pool-287-thread-1] INFO  server.RaftServerConfigKeys (ConfUtils.java:logGet(44)) - raft.server.log.appender.buffer.byte-limit = 33554432 (custom)
2021-07-07 01:43:05,275 [pool-287-thread-1] INFO  metrics.RatisMetrics (RatisMetrics.java:lambda$create$0(36)) - Creating Metrics Registry : ratis.log_worker.b0fd8d55-63ee-4977-a2a0-8385583ac0e3@group-8237731C7163
2021-07-07 01:43:05,275 [pool-287-thread-1] INFO  server.RaftServerConfigKeys (ConfUtils.java:logGet(44)) - raft.server.log.segment.size.max = 1048576 (custom)
2021-07-07 01:43:05,275 [pool-287-thread-1] INFO  server.RaftServerConfigKeys (ConfUtils.java:logGet(44)) - raft.server.log.segment.cache.num.max = 2 (custom)
2021-07-07 01:43:05,275 [pool-287-thread-1] INFO  server.RaftServerConfigKeys (ConfUtils.java:logGet(44)) - raft.server.log.segment.cache.size.max = 200MB (=209715200) (default)
2021-07-07 01:43:05,275 [pool-287-thread-1] INFO  segmented.SegmentedRaftLogWorker (SegmentedRaftLogWorker.java:<init>(182)) - new b0fd8d55-63ee-4977-a2a0-8385583ac0e3@group-8237731C7163-SegmentedRaftLogWorker for RaftStorageImpl:Storage Directory /home/runner/work/ozone/ozone/mnt/ozone/hadoop-ozone/integration-test/target/test-dir/MiniOzoneClusterImpl-1d7024f8-a0c4-4e84-a8d8-f49eec7f6d62/datanode-2/data/ratis/d872d6fc-bbb1-485a-9573-8237731c7163
2021-07-07 01:43:05,275 [pool-287-thread-1] INFO  server.RaftServerConfigKeys (ConfUtils.java:logGet(44)) - raft.server.log.queue.byte-limit = 2147483647 (custom)
2021-07-07 01:43:05,275 [pool-287-thread-1] INFO  server.RaftServerConfigKeys (ConfUtils.java:logGet(44)) - raft.server.log.queue.element-limit = 1024 (custom)
2021-07-07 01:43:05,276 [pool-287-thread-1] INFO  server.RaftServerConfigKeys (ConfUtils.java:logGet(44)) - raft.server.log.segment.size.max = 1048576 (custom)
2021-07-07 01:43:05,276 [pool-287-thread-1] INFO  server.RaftServerConfigKeys (ConfUtils.java:logGet(44)) - raft.server.log.preallocated.size = 16384 (custom)
2021-07-07 01:43:05,276 [pool-287-thread-1] INFO  server.RaftServerConfigKeys (ConfUtils.java:logGet(44)) - raft.server.log.force.sync.num = 128 (default)
2021-07-07 01:43:05,276 [pool-287-thread-1] INFO  server.RaftServerConfigKeys (ConfUtils.java:logGet(44)) - raft.server.log.statemachine.data.sync = true (default)
2021-07-07 01:43:05,276 [pool-287-thread-1] INFO  server.RaftServerConfigKeys (ConfUtils.java:logGet(44)) - raft.server.log.statemachine.data.sync.timeout = 10s (default)
2021-07-07 01:43:05,276 [pool-287-thread-1] INFO  server.RaftServerConfigKeys (ConfUtils.java:logGet(44)) - raft.server.log.statemachine.data.sync.timeout.retry = -1 (default)
2021-07-07 01:43:05,276 [pool-287-thread-1] INFO  server.RaftServerConfigKeys (ConfUtils.java:logGet(44)) - raft.server.log.write.buffer.size = 1048576 (custom)
2021-07-07 01:43:05,277 [pool-287-thread-1] INFO  server.RaftServerConfigKeys (ConfUtils.java:logGet(44)) - raft.server.log.statemachine.data.caching.enabled = true (custom)
2021-07-07 01:43:05,277 [pool-287-thread-1] INFO  segmented.SegmentedRaftLogWorker (SegmentedRaftLogWorker.java:lambda$new$0(133)) - b0fd8d55-63ee-4977-a2a0-8385583ac0e3@group-8237731C7163-SegmentedRaftLogWorker: flushIndex: setUnconditionally 0 -> -1
2021-07-07 01:43:05,277 [pool-287-thread-1] INFO  segmented.SegmentedRaftLogWorker (SegmentedRaftLogWorker.java:lambda$new$0(133)) - b0fd8d55-63ee-4977-a2a0-8385583ac0e3@group-8237731C7163-SegmentedRaftLogWorker: safeCacheEvictIndex: setUnconditionally 0 -> -1
2021-07-07 01:43:05,280 [1f826664-c1d0-47b0-99bc-11cdaf7ce5a3@group-F49EEC7F6D62-StateMachineUpdater] INFO  ha.SCMStateMachine (SCMStateMachine.java:takeSnapshot(290)) - Current Snapshot Index 20, takeSnapshot took 0 ms
2021-07-07 01:43:05,280 [1f826664-c1d0-47b0-99bc-11cdaf7ce5a3@group-F49EEC7F6D62-StateMachineUpdater] INFO  impl.StateMachineUpdater (StateMachineUpdater.java:takeSnapshot(281)) - 1f826664-c1d0-47b0-99bc-11cdaf7ce5a3@group-F49EEC7F6D62-StateMachineUpdater: Took a snapshot at index 20
2021-07-07 01:43:05,280 [1f826664-c1d0-47b0-99bc-11cdaf7ce5a3@group-F49EEC7F6D62-StateMachineUpdater] INFO  impl.StateMachineUpdater (StateMachineUpdater.java:lambda$new$0(89)) - 1f826664-c1d0-47b0-99bc-11cdaf7ce5a3@group-F49EEC7F6D62-StateMachineUpdater: snapshotIndex: updateIncreasingly 15 -> 20
2021-07-07 01:43:05,280 [1f826664-c1d0-47b0-99bc-11cdaf7ce5a3@group-F49EEC7F6D62-StateMachineUpdater] INFO  raftlog.RaftLog (RaftLogBase.java:purge(306)) - 1f826664-c1d0-47b0-99bc-11cdaf7ce5a3@group-F49EEC7F6D62-SegmentedRaftLog: purge 20
2021-07-07 01:43:05,280 [1f826664-c1d0-47b0-99bc-11cdaf7ce5a3@group-F49EEC7F6D62-StateMachineUpdater] INFO  raftlog.RaftLog (RaftLogBase.java:lambda$new$0(53)) - 1f826664-c1d0-47b0-99bc-11cdaf7ce5a3@group-F49EEC7F6D62-SegmentedRaftLog: snapshotIndex: updateIncreasingly 15 -> 20
2021-07-07 01:43:05,280 [1f826664-c1d0-47b0-99bc-11cdaf7ce5a3@group-F49EEC7F6D62-StateMachineUpdater] INFO  raftlog.RaftLog (RaftLogBase.java:lambda$new$0(53)) - 1f826664-c1d0-47b0-99bc-11cdaf7ce5a3@group-F49EEC7F6D62-SegmentedRaftLog: purgeIndex: updateToMax old=15, new=20, updated? true
2021-07-07 01:43:05,282 [9bc33821-a41f-4857-8348-6c15ba9d7e69@group-F49EEC7F6D62-StateMachineUpdater] INFO  safemode.HealthyPipelineSafeModeRule (HealthyPipelineSafeModeRule.java:initializeRule(152)) - Refreshed total pipeline count is 0, healthy pipeline threshold count is 1
2021-07-07 01:43:05,283 [EventQueue-PipelineReportForPipelineReportHandler] INFO  ha.SCMHAInvocationHandler (SCMHAInvocationHandler.java:invokeRatis(113)) - Invoking method public abstract void org.apache.hadoop.hdds.scm.pipeline.StateManager.updatePipelineState(org.apache.hadoop.hdds.protocol.proto.HddsProtos$PipelineID,org.apache.hadoop.hdds.protocol.proto.HddsProtos$PipelineState) throws java.io.IOException on target org.apache.hadoop.hdds.scm.ha.SCMRatisServerImpl@77e48145, cost 11171.622us
2021-07-07 01:43:05,283 [EventQueue-OpenPipelineForHealthyPipelineSafeModeRule] INFO  safemode.SCMSafeModeManager (HealthyPipelineSafeModeRule.java:process(124)) - SCM in safe mode. Healthy pipelines reported count is 0, required healthy pipeline reported count is 1
2021-07-07 01:43:05,288 [pool-287-thread-1] INFO  server.RaftServerConfigKeys (ConfUtils.java:logGet(44)) - raft.server.snapshot.auto.trigger.enabled = true (custom)
2021-07-07 01:43:05,288 [pool-287-thread-1] INFO  server.RaftServerConfigKeys (ConfUtils.java:logGet(44)) - raft.server.snapshot.auto.trigger.threshold = 10000 (custom)
2021-07-07 01:43:05,288 [pool-287-thread-1] INFO  server.RaftServerConfigKeys (ConfUtils.java:logGet(44)) - raft.server.snapshot.retention.file.num = 5 (custom)
2021-07-07 01:43:05,288 [pool-287-thread-1] INFO  server.RaftServerConfigKeys (ConfUtils.java:logGet(44)) - raft.server.log.purge.upto.snapshot.index = false (default)
2021-07-07 01:43:05,289 [1f826664-c1d0-47b0-99bc-11cdaf7ce5a3@group-F49EEC7F6D62-StateMachineUpdater] INFO  safemode.HealthyPipelineSafeModeRule (HealthyPipelineSafeModeRule.java:initializeRule(152)) - Refreshed total pipeline count is 0, healthy pipeline threshold count is 1
2021-07-07 01:43:05,290 [pool-287-thread-1] INFO  server.RaftServerConfigKeys (ConfUtils.java:logGet(44)) - raft.server.retrycache.expirytime = 600000ms (custom)
2021-07-07 01:43:05,290 [pool-287-thread-1] INFO  server.RaftServerConfigKeys (ConfUtils.java:logGet(44)) - raft.server.retrycache.statistics.expirytime = 100μs (default)
2021-07-07 01:43:05,290 [pool-287-thread-1] INFO  metrics.RatisMetrics (RatisMetrics.java:lambda$create$0(36)) - Creating Metrics Registry : ratis.leader_election.b0fd8d55-63ee-4977-a2a0-8385583ac0e3@group-8237731C7163
2021-07-07 01:43:05,290 [pool-287-thread-1] INFO  metrics.RatisMetrics (RatisMetrics.java:lambda$create$0(36)) - Creating Metrics Registry : ratis.server.b0fd8d55-63ee-4977-a2a0-8385583ac0e3@group-8237731C7163
2021-07-07 01:43:05,292 [pool-287-thread-1] INFO  server.RaftServer$Division (RaftServerImpl.java:<init>(180)) - b0fd8d55-63ee-4977-a2a0-8385583ac0e3: new RaftServerImpl for group-E02319837C86:[b0fd8d55-63ee-4977-a2a0-8385583ac0e3|rpc:127.0.0.1:34435|priority:1] with ContainerStateMachine:uninitialized
2021-07-07 01:43:05,292 [pool-287-thread-1] INFO  server.RaftServerConfigKeys (ConfUtils.java:logGet(44)) - raft.server.rpc.timeout.min = 5s (custom)
2021-07-07 01:43:05,292 [pool-287-thread-1] INFO  server.RaftServerConfigKeys (ConfUtils.java:logGet(44)) - raft.server.rpc.timeout.max = 5200ms (custom)
2021-07-07 01:43:05,292 [pool-287-thread-1] INFO  server.RaftServerConfigKeys (ConfUtils.java:logGet(44)) - raft.server.rpc.sleep.time = 25ms (default)
2021-07-07 01:43:05,292 [pool-287-thread-1] INFO  server.RaftServerConfigKeys (ConfUtils.java:logGet(44)) - raft.server.rpc.slowness.timeout = 300s (custom)
2021-07-07 01:43:05,292 [pool-287-thread-1] INFO  server.RaftServerConfigKeys (ConfUtils.java:logGet(44)) - raft.server.leaderelection.leader.step-down.wait-time = 10s (default)
2021-07-07 01:43:05,292 [pool-287-thread-1] INFO  server.RaftServerConfigKeys (ConfUtils.java:logGet(44)) - raft.server.sleep.deviation.threshold = 300ms (default)
2021-07-07 01:43:05,292 [pool-287-thread-1] INFO  server.RaftServerConfigKeys (ConfUtils.java:logGet(44)) - raft.server.log.appender.install.snapshot.enabled = false (custom)
2021-07-07 01:43:05,292 [pool-287-thread-1] INFO  server.RaftServer$Division (ServerState.java:<init>(105)) - b0fd8d55-63ee-4977-a2a0-8385583ac0e3@group-E02319837C86: ConfigurationManager, init=-1: [b0fd8d55-63ee-4977-a2a0-8385583ac0e3|rpc:127.0.0.1:34435|priority:1], old=null, confs=<EMPTY_MAP>
2021-07-07 01:43:05,292 [pool-287-thread-1] INFO  server.RaftServerConfigKeys (ConfUtils.java:logGet(44)) - raft.server.storage.dir = [/home/runner/work/ozone/ozone/mnt/ozone/hadoop-ozone/integration-test/target/test-dir/MiniOzoneClusterImpl-1d7024f8-a0c4-4e84-a8d8-f49eec7f6d62/datanode-2/data/ratis] (custom)
2021-07-07 01:43:05,292 [pool-287-thread-1] INFO  server.RaftServerConfigKeys (ConfUtils.java:logGet(44)) - raft.server.log.corruption.policy = EXCEPTION (default)
2021-07-07 01:43:05,304 [pool-287-thread-1] INFO  storage.RaftStorageDirectory (RaftStorageDirectoryImpl.java:analyzeStorage(132)) - The storage directory /home/runner/work/ozone/ozone/mnt/ozone/hadoop-ozone/integration-test/target/test-dir/MiniOzoneClusterImpl-1d7024f8-a0c4-4e84-a8d8-f49eec7f6d62/datanode-2/data/ratis/1bd6e5d5-7a53-4d89-95b6-e02319837c86 does not exist. Creating ...
2021-07-07 01:43:05,305 [pool-287-thread-1] INFO  storage.RaftStorageDirectory (RaftStorageDirectoryImpl.java:tryLock(215)) - Lock on /home/runner/work/ozone/ozone/mnt/ozone/hadoop-ozone/integration-test/target/test-dir/MiniOzoneClusterImpl-1d7024f8-a0c4-4e84-a8d8-f49eec7f6d62/datanode-2/data/ratis/1bd6e5d5-7a53-4d89-95b6-e02319837c86/in_use.lock acquired by nodename 8524@fv-az148-456
2021-07-07 01:43:05,306 [pool-287-thread-1] INFO  storage.RaftStorage (RaftStorageImpl.java:format(87)) - Storage directory /home/runner/work/ozone/ozone/mnt/ozone/hadoop-ozone/integration-test/target/test-dir/MiniOzoneClusterImpl-1d7024f8-a0c4-4e84-a8d8-f49eec7f6d62/datanode-2/data/ratis/1bd6e5d5-7a53-4d89-95b6-e02319837c86 has been successfully formatted.
2021-07-07 01:43:05,307 [pool-287-thread-1] INFO  ratis.ContainerStateMachine (ContainerStateMachine.java:loadSnapshot(223)) - group-E02319837C86: The snapshot info is null. Setting the last applied indexto:(t:0, i:~)
2021-07-07 01:43:05,307 [pool-287-thread-1] INFO  server.RaftServerConfigKeys (ConfUtils.java:logGet(44)) - raft.server.notification.no-leader.timeout = 300s (custom)
2021-07-07 01:43:05,307 [pool-287-thread-1] INFO  server.RaftServerConfigKeys (ConfUtils.java:logGet(44)) - raft.server.log.use.memory = false (default)
2021-07-07 01:43:05,307 [pool-287-thread-1] INFO  server.RaftServerConfigKeys (ConfUtils.java:logGet(44)) - raft.server.log.purge.gap = 1000000 (custom)
2021-07-07 01:43:05,307 [pool-287-thread-1] INFO  server.RaftServerConfigKeys (ConfUtils.java:logGet(44)) - raft.server.log.appender.buffer.byte-limit = 33554432 (custom)
2021-07-07 01:43:05,307 [pool-287-thread-1] INFO  metrics.RatisMetrics (RatisMetrics.java:lambda$create$0(36)) - Creating Metrics Registry : ratis.log_worker.b0fd8d55-63ee-4977-a2a0-8385583ac0e3@group-E02319837C86
2021-07-07 01:43:05,308 [pool-287-thread-1] INFO  server.RaftServerConfigKeys (ConfUtils.java:logGet(44)) - raft.server.log.segment.size.max = 1048576 (custom)
2021-07-07 01:43:05,308 [pool-287-thread-1] INFO  server.RaftServerConfigKeys (ConfUtils.java:logGet(44)) - raft.server.log.segment.cache.num.max = 2 (custom)
2021-07-07 01:43:05,308 [pool-287-thread-1] INFO  server.RaftServerConfigKeys (ConfUtils.java:logGet(44)) - raft.server.log.segment.cache.size.max = 200MB (=209715200) (default)
2021-07-07 01:43:05,308 [pool-287-thread-1] INFO  segmented.SegmentedRaftLogWorker (SegmentedRaftLogWorker.java:<init>(182)) - new b0fd8d55-63ee-4977-a2a0-8385583ac0e3@group-E02319837C86-SegmentedRaftLogWorker for RaftStorageImpl:Storage Directory /home/runner/work/ozone/ozone/mnt/ozone/hadoop-ozone/integration-test/target/test-dir/MiniOzoneClusterImpl-1d7024f8-a0c4-4e84-a8d8-f49eec7f6d62/datanode-2/data/ratis/1bd6e5d5-7a53-4d89-95b6-e02319837c86
2021-07-07 01:43:05,308 [pool-287-thread-1] INFO  server.RaftServerConfigKeys (ConfUtils.java:logGet(44)) - raft.server.log.queue.byte-limit = 2147483647 (custom)
2021-07-07 01:43:05,308 [pool-287-thread-1] INFO  server.RaftServerConfigKeys (ConfUtils.java:logGet(44)) - raft.server.log.queue.element-limit = 1024 (custom)
2021-07-07 01:43:05,308 [pool-287-thread-1] INFO  server.RaftServerConfigKeys (ConfUtils.java:logGet(44)) - raft.server.log.segment.size.max = 1048576 (custom)
2021-07-07 01:43:05,308 [pool-287-thread-1] INFO  server.RaftServerConfigKeys (ConfUtils.java:logGet(44)) - raft.server.log.preallocated.size = 16384 (custom)
2021-07-07 01:43:05,308 [pool-287-thread-1] INFO  server.RaftServerConfigKeys (ConfUtils.java:logGet(44)) - raft.server.log.force.sync.num = 128 (default)
2021-07-07 01:43:05,308 [pool-287-thread-1] INFO  server.RaftServerConfigKeys (ConfUtils.java:logGet(44)) - raft.server.log.statemachine.data.sync = true (default)
2021-07-07 01:43:05,308 [pool-287-thread-1] INFO  server.RaftServerConfigKeys (ConfUtils.java:logGet(44)) - raft.server.log.statemachine.data.sync.timeout = 10s (default)
2021-07-07 01:43:05,308 [pool-287-thread-1] INFO  server.RaftServerConfigKeys (ConfUtils.java:logGet(44)) - raft.server.log.statemachine.data.sync.timeout.retry = -1 (default)
2021-07-07 01:43:05,309 [pool-287-thread-1] INFO  server.RaftServerConfigKeys (ConfUtils.java:logGet(44)) - raft.server.log.write.buffer.size = 1048576 (custom)
2021-07-07 01:43:05,309 [pool-287-thread-1] INFO  server.RaftServerConfigKeys (ConfUtils.java:logGet(44)) - raft.server.log.statemachine.data.caching.enabled = true (custom)
2021-07-07 01:43:05,309 [pool-287-thread-1] INFO  segmented.SegmentedRaftLogWorker (SegmentedRaftLogWorker.java:lambda$new$0(133)) - b0fd8d55-63ee-4977-a2a0-8385583ac0e3@group-E02319837C86-SegmentedRaftLogWorker: flushIndex: setUnconditionally 0 -> -1
2021-07-07 01:43:05,309 [pool-287-thread-1] INFO  segmented.SegmentedRaftLogWorker (SegmentedRaftLogWorker.java:lambda$new$0(133)) - b0fd8d55-63ee-4977-a2a0-8385583ac0e3@group-E02319837C86-SegmentedRaftLogWorker: safeCacheEvictIndex: setUnconditionally 0 -> -1
2021-07-07 01:43:05,310 [EventQueue-OpenPipelineForHealthyPipelineSafeModeRule] INFO  safemode.SCMSafeModeManager (HealthyPipelineSafeModeRule.java:process(124)) - SCM in safe mode. Healthy pipelines reported count is 0, required healthy pipeline reported count is 1
2021-07-07 01:43:05,311 [EventQueue-OpenPipelineForHealthyPipelineSafeModeRule] INFO  safemode.SCMSafeModeManager (HealthyPipelineSafeModeRule.java:process(124)) - SCM in safe mode. Healthy pipelines reported count is 0, required healthy pipeline reported count is 1
2021-07-07 01:43:05,311 [pool-287-thread-1] INFO  server.RaftServerConfigKeys (ConfUtils.java:logGet(44)) - raft.server.snapshot.auto.trigger.enabled = true (custom)
2021-07-07 01:43:05,311 [pool-287-thread-1] INFO  server.RaftServerConfigKeys (ConfUtils.java:logGet(44)) - raft.server.snapshot.auto.trigger.threshold = 10000 (custom)
2021-07-07 01:43:05,311 [pool-287-thread-1] INFO  server.RaftServerConfigKeys (ConfUtils.java:logGet(44)) - raft.server.snapshot.retention.file.num = 5 (custom)
2021-07-07 01:43:05,312 [pool-287-thread-1] INFO  server.RaftServerConfigKeys (ConfUtils.java:logGet(44)) - raft.server.log.purge.upto.snapshot.index = false (default)
2021-07-07 01:43:05,312 [pool-287-thread-1] INFO  server.RaftServerConfigKeys (ConfUtils.java:logGet(44)) - raft.server.retrycache.expirytime = 600000ms (custom)
2021-07-07 01:43:05,312 [pool-287-thread-1] INFO  server.RaftServerConfigKeys (ConfUtils.java:logGet(44)) - raft.server.retrycache.statistics.expirytime = 100μs (default)
2021-07-07 01:43:05,312 [pool-287-thread-1] INFO  metrics.RatisMetrics (RatisMetrics.java:lambda$create$0(36)) - Creating Metrics Registry : ratis.leader_election.b0fd8d55-63ee-4977-a2a0-8385583ac0e3@group-E02319837C86
2021-07-07 01:43:05,312 [pool-287-thread-1] INFO  metrics.RatisMetrics (RatisMetrics.java:lambda$create$0(36)) - Creating Metrics Registry : ratis.server.b0fd8d55-63ee-4977-a2a0-8385583ac0e3@group-E02319837C86
2021-07-07 01:43:05,313 [pool-287-thread-1] INFO  server.RaftServer$Division (RaftServerImpl.java:start(295)) - b0fd8d55-63ee-4977-a2a0-8385583ac0e3@group-8237731C7163: start as a follower, conf=-1: [0f49443e-0a6a-496b-95aa-140a56b5e2f8|rpc:127.0.0.1:32951|dataStream:|priority:0, 10d76295-ae05-4b7a-8932-536e603c59a2|rpc:127.0.0.1:41601|dataStream:|priority:0, b0fd8d55-63ee-4977-a2a0-8385583ac0e3|rpc:127.0.0.1:34435|dataStream:|priority:1], old=null
2021-07-07 01:43:05,313 [pool-287-thread-1] INFO  server.RaftServer$Division (RaftServerImpl.java:setRole(284)) - b0fd8d55-63ee-4977-a2a0-8385583ac0e3@group-8237731C7163: changes role from      null to FOLLOWER at term 0 for startAsFollower
2021-07-07 01:43:05,313 [pool-287-thread-1] INFO  impl.RoleInfo (RoleInfo.java:updateAndGet(130)) - b0fd8d55-63ee-4977-a2a0-8385583ac0e3: start b0fd8d55-63ee-4977-a2a0-8385583ac0e3@group-8237731C7163-FollowerState
2021-07-07 01:43:05,313 [pool-287-thread-1] INFO  util.JmxRegister (JmxRegister.java:tryRegister(44)) - Successfully registered JMX Bean with object name Ratis:service=RaftServer,group=group-8237731C7163,id=b0fd8d55-63ee-4977-a2a0-8385583ac0e3
2021-07-07 01:43:05,314 [pool-287-thread-1] INFO  metrics.RatisMetrics (RatisMetrics.java:lambda$create$0(36)) - Creating Metrics Registry : ratis.state_machine.b0fd8d55-63ee-4977-a2a0-8385583ac0e3@group-8237731C7163
2021-07-07 01:43:05,314 [pool-287-thread-1] INFO  server.RaftServer$Division (RaftServerImpl.java:start(295)) - b0fd8d55-63ee-4977-a2a0-8385583ac0e3@group-E02319837C86: start as a follower, conf=-1: [b0fd8d55-63ee-4977-a2a0-8385583ac0e3|rpc:127.0.0.1:34435|priority:1], old=null
2021-07-07 01:43:05,314 [pool-287-thread-1] INFO  server.RaftServer$Division (RaftServerImpl.java:setRole(284)) - b0fd8d55-63ee-4977-a2a0-8385583ac0e3@group-E02319837C86: changes role from      null to FOLLOWER at term 0 for startAsFollower
2021-07-07 01:43:05,314 [pool-287-thread-1] INFO  impl.RoleInfo (RoleInfo.java:updateAndGet(130)) - b0fd8d55-63ee-4977-a2a0-8385583ac0e3: start b0fd8d55-63ee-4977-a2a0-8385583ac0e3@group-E02319837C86-FollowerState
2021-07-07 01:43:05,315 [pool-287-thread-1] INFO  util.JmxRegister (JmxRegister.java:tryRegister(44)) - Successfully registered JMX Bean with object name Ratis:service=RaftServer,group=group-E02319837C86,id=b0fd8d55-63ee-4977-a2a0-8385583ac0e3
2021-07-07 01:43:05,315 [pool-287-thread-1] INFO  metrics.RatisMetrics (RatisMetrics.java:lambda$create$0(36)) - Creating Metrics Registry : ratis.state_machine.b0fd8d55-63ee-4977-a2a0-8385583ac0e3@group-E02319837C86
2021-07-07 01:43:05,319 [Command processor thread] INFO  commandhandler.CreatePipelineCommandHandler (CreatePipelineCommandHandler.java:handle(106)) - Created Pipeline RATIS THREE PipelineID=d872d6fc-bbb1-485a-9573-8237731c7163.
2021-07-07 01:43:05,320 [Command processor thread] INFO  ratis.XceiverServerRatis (XceiverServerRatis.java:addGroup(759)) - Created group PipelineID=1bd6e5d5-7a53-4d89-95b6-e02319837c86
2021-07-07 01:43:05,321 [Command processor thread] INFO  commandhandler.CreatePipelineCommandHandler (CreatePipelineCommandHandler.java:handle(106)) - Created Pipeline RATIS ONE PipelineID=1bd6e5d5-7a53-4d89-95b6-e02319837c86.
2021-07-07 01:43:05,321 [Command processor thread] INFO  commandhandler.CreatePipelineCommandHandler (CreatePipelineCommandHandler.java:handle(106)) - Created Pipeline RATIS THREE PipelineID=d872d6fc-bbb1-485a-9573-8237731c7163.
2021-07-07 01:43:05,876 [EndpointStateMachine task thread for /127.0.0.1:13961 - 0 ] INFO  ipc.Client (Client.java:handleConnectionFailure(966)) - Retrying connect to server: localhost/127.0.0.1:13961. Already tried 14 time(s); retry policy is RetryUpToMaximumCountWithFixedSleep(maxRetries=15, sleepTime=1000 MILLISECONDS)
2021-07-07 01:43:05,876 [EndpointStateMachine task thread for /127.0.0.1:13951 - 0 ] INFO  ipc.Client (Client.java:handleConnectionFailure(966)) - Retrying connect to server: localhost/127.0.0.1:13951. Already tried 14 time(s); retry policy is RetryUpToMaximumCountWithFixedSleep(maxRetries=15, sleepTime=1000 MILLISECONDS)
2021-07-07 01:43:05,878 [EndpointStateMachine task thread for /127.0.0.1:13941 - 0 ] INFO  ipc.Client (Client.java:handleConnectionFailure(966)) - Retrying connect to server: localhost/127.0.0.1:13941. Already tried 1 time(s); retry policy is RetryUpToMaximumCountWithFixedSleep(maxRetries=15, sleepTime=1000 MILLISECONDS)
2021-07-07 01:43:06,000 [EventQueue-OpenPipelineForHealthyPipelineSafeModeRule] INFO  safemode.SCMSafeModeManager (HealthyPipelineSafeModeRule.java:process(124)) - SCM in safe mode. Healthy pipelines reported count is 0, required healthy pipeline reported count is 1
2021-07-07 01:43:06,001 [EventQueue-OpenPipelineForHealthyPipelineSafeModeRule] INFO  safemode.SCMSafeModeManager (HealthyPipelineSafeModeRule.java:process(124)) - SCM in safe mode. Healthy pipelines reported count is 0, required healthy pipeline reported count is 1
2021-07-07 01:43:06,268 [Listener at 127.0.0.1/10628] INFO  ozone.MiniOzoneClusterImpl (MiniOzoneClusterImpl.java:lambda$waitForClusterToBeReady$0(227)) - Nodes are ready. Got 3 of 3 DN Heartbeats.
2021-07-07 01:43:06,269 [Listener at 127.0.0.1/10628] INFO  ozone.MiniOzoneClusterImpl (MiniOzoneClusterImpl.java:lambda$waitForClusterToBeReady$0(230)) - Waiting for cluster to exit safe mode
2021-07-07 01:43:06,269 [Listener at 127.0.0.1/10628] INFO  ozone.MiniOzoneClusterImpl (MiniOzoneClusterImpl.java:lambda$waitForClusterToBeReady$0(232)) - SCM became leader
2021-07-07 01:43:06,877 [EndpointStateMachine task thread for /127.0.0.1:13951 - 0 ] INFO  ipc.Client (Client.java:handleConnectionFailure(966)) - Retrying connect to server: localhost/127.0.0.1:13951. Already tried 0 time(s); retry policy is RetryUpToMaximumCountWithFixedSleep(maxRetries=15, sleepTime=1000 MILLISECONDS)
2021-07-07 01:43:06,877 [EndpointStateMachine task thread for /127.0.0.1:13961 - 0 ] INFO  ipc.Client (Client.java:handleConnectionFailure(966)) - Retrying connect to server: localhost/127.0.0.1:13961. Already tried 0 time(s); retry policy is RetryUpToMaximumCountWithFixedSleep(maxRetries=15, sleepTime=1000 MILLISECONDS)
2021-07-07 01:43:06,878 [EndpointStateMachine task thread for /127.0.0.1:13941 - 0 ] INFO  ipc.Client (Client.java:handleConnectionFailure(966)) - Retrying connect to server: localhost/127.0.0.1:13941. Already tried 2 time(s); retry policy is RetryUpToMaximumCountWithFixedSleep(maxRetries=15, sleepTime=1000 MILLISECONDS)
2021-07-07 01:43:07,200 [Datanode State Machine Thread - 0] ERROR datanode.RunningDatanodeState (RunningDatanodeState.java:computeNextContainerState(199)) - Error in executing end point task.
java.util.concurrent.ExecutionException: java.util.concurrent.TimeoutException
	at java.util.concurrent.FutureTask.report(FutureTask.java:122)
	at java.util.concurrent.FutureTask.get(FutureTask.java:192)
	at org.apache.hadoop.ozone.container.common.states.datanode.RunningDatanodeState.computeNextContainerState(RunningDatanodeState.java:191)
	at org.apache.hadoop.ozone.container.common.states.datanode.RunningDatanodeState.await(RunningDatanodeState.java:231)
	at org.apache.hadoop.ozone.container.common.states.datanode.RunningDatanodeState.await(RunningDatanodeState.java:50)
	at org.apache.hadoop.ozone.container.common.statemachine.StateContext.execute(StateContext.java:629)
	at org.apache.hadoop.ozone.container.common.statemachine.DatanodeStateMachine.start(DatanodeStateMachine.java:244)
	at org.apache.hadoop.ozone.container.common.statemachine.DatanodeStateMachine.lambda$startDaemon$0(DatanodeStateMachine.java:429)
	at java.lang.Thread.run(Thread.java:748)
Caused by: java.util.concurrent.TimeoutException
	at java.util.concurrent.FutureTask.get(FutureTask.java:205)
	at org.apache.hadoop.ozone.container.common.states.datanode.RunningDatanodeState.lambda$execute$0(RunningDatanodeState.java:149)
	at java.util.concurrent.FutureTask.run(FutureTask.java:266)
	at java.util.concurrent.Executors$RunnableAdapter.call(Executors.java:511)
	at java.util.concurrent.FutureTask.run(FutureTask.java:266)
	at java.util.concurrent.ThreadPoolExecutor.runWorker(ThreadPoolExecutor.java:1149)
	at java.util.concurrent.ThreadPoolExecutor$Worker.run(ThreadPoolExecutor.java:624)
	... 1 more
2021-07-07 01:43:07,269 [Listener at 127.0.0.1/10628] INFO  ozone.MiniOzoneClusterImpl (MiniOzoneClusterImpl.java:lambda$waitForClusterToBeReady$0(227)) - Nodes are ready. Got 3 of 3 DN Heartbeats.
2021-07-07 01:43:07,270 [Listener at 127.0.0.1/10628] INFO  ozone.MiniOzoneClusterImpl (MiniOzoneClusterImpl.java:lambda$waitForClusterToBeReady$0(230)) - Waiting for cluster to exit safe mode
2021-07-07 01:43:07,270 [Listener at 127.0.0.1/10628] INFO  ozone.MiniOzoneClusterImpl (MiniOzoneClusterImpl.java:lambda$waitForClusterToBeReady$0(232)) - SCM became leader
2021-07-07 01:43:07,878 [EndpointStateMachine task thread for /127.0.0.1:13951 - 0 ] INFO  ipc.Client (Client.java:handleConnectionFailure(966)) - Retrying connect to server: localhost/127.0.0.1:13951. Already tried 1 time(s); retry policy is RetryUpToMaximumCountWithFixedSleep(maxRetries=15, sleepTime=1000 MILLISECONDS)
2021-07-07 01:43:07,878 [EndpointStateMachine task thread for /127.0.0.1:13961 - 0 ] INFO  ipc.Client (Client.java:handleConnectionFailure(966)) - Retrying connect to server: localhost/127.0.0.1:13961. Already tried 1 time(s); retry policy is RetryUpToMaximumCountWithFixedSleep(maxRetries=15, sleepTime=1000 MILLISECONDS)
2021-07-07 01:43:07,879 [EndpointStateMachine task thread for /127.0.0.1:13941 - 0 ] INFO  ipc.Client (Client.java:handleConnectionFailure(966)) - Retrying connect to server: localhost/127.0.0.1:13941. Already tried 3 time(s); retry policy is RetryUpToMaximumCountWithFixedSleep(maxRetries=15, sleepTime=1000 MILLISECONDS)
2021-07-07 01:43:08,270 [Listener at 127.0.0.1/10628] INFO  ozone.MiniOzoneClusterImpl (MiniOzoneClusterImpl.java:lambda$waitForClusterToBeReady$0(227)) - Nodes are ready. Got 3 of 3 DN Heartbeats.
2021-07-07 01:43:08,271 [Listener at 127.0.0.1/10628] INFO  ozone.MiniOzoneClusterImpl (MiniOzoneClusterImpl.java:lambda$waitForClusterToBeReady$0(230)) - Waiting for cluster to exit safe mode
2021-07-07 01:43:08,271 [Listener at 127.0.0.1/10628] INFO  ozone.MiniOzoneClusterImpl (MiniOzoneClusterImpl.java:lambda$waitForClusterToBeReady$0(232)) - SCM became leader
2021-07-07 01:43:08,879 [EndpointStateMachine task thread for /127.0.0.1:13951 - 0 ] INFO  ipc.Client (Client.java:handleConnectionFailure(966)) - Retrying connect to server: localhost/127.0.0.1:13951. Already tried 2 time(s); retry policy is RetryUpToMaximumCountWithFixedSleep(maxRetries=15, sleepTime=1000 MILLISECONDS)
2021-07-07 01:43:08,879 [EndpointStateMachine task thread for /127.0.0.1:13961 - 0 ] INFO  ipc.Client (Client.java:handleConnectionFailure(966)) - Retrying connect to server: localhost/127.0.0.1:13961. Already tried 2 time(s); retry policy is RetryUpToMaximumCountWithFixedSleep(maxRetries=15, sleepTime=1000 MILLISECONDS)
2021-07-07 01:43:08,879 [EndpointStateMachine task thread for /127.0.0.1:13941 - 0 ] INFO  ipc.Client (Client.java:handleConnectionFailure(966)) - Retrying connect to server: localhost/127.0.0.1:13941. Already tried 4 time(s); retry policy is RetryUpToMaximumCountWithFixedSleep(maxRetries=15, sleepTime=1000 MILLISECONDS)
2021-07-07 01:43:09,271 [Listener at 127.0.0.1/10628] INFO  ozone.MiniOzoneClusterImpl (MiniOzoneClusterImpl.java:lambda$waitForClusterToBeReady$0(227)) - Nodes are ready. Got 3 of 3 DN Heartbeats.
2021-07-07 01:43:09,272 [Listener at 127.0.0.1/10628] INFO  ozone.MiniOzoneClusterImpl (MiniOzoneClusterImpl.java:lambda$waitForClusterToBeReady$0(230)) - Waiting for cluster to exit safe mode
2021-07-07 01:43:09,272 [Listener at 127.0.0.1/10628] INFO  ozone.MiniOzoneClusterImpl (MiniOzoneClusterImpl.java:lambda$waitForClusterToBeReady$0(232)) - SCM became leader
2021-07-07 01:43:09,880 [EndpointStateMachine task thread for /127.0.0.1:13951 - 0 ] INFO  ipc.Client (Client.java:handleConnectionFailure(966)) - Retrying connect to server: localhost/127.0.0.1:13951. Already tried 3 time(s); retry policy is RetryUpToMaximumCountWithFixedSleep(maxRetries=15, sleepTime=1000 MILLISECONDS)
2021-07-07 01:43:09,880 [EndpointStateMachine task thread for /127.0.0.1:13961 - 0 ] INFO  ipc.Client (Client.java:handleConnectionFailure(966)) - Retrying connect to server: localhost/127.0.0.1:13961. Already tried 3 time(s); retry policy is RetryUpToMaximumCountWithFixedSleep(maxRetries=15, sleepTime=1000 MILLISECONDS)
2021-07-07 01:43:09,880 [EndpointStateMachine task thread for /127.0.0.1:13941 - 0 ] INFO  ipc.Client (Client.java:handleConnectionFailure(966)) - Retrying connect to server: localhost/127.0.0.1:13941. Already tried 5 time(s); retry policy is RetryUpToMaximumCountWithFixedSleep(maxRetries=15, sleepTime=1000 MILLISECONDS)
2021-07-07 01:43:10,105 [0f49443e-0a6a-496b-95aa-140a56b5e2f8@group-BF80BBC9517C-FollowerState] INFO  impl.FollowerState (FollowerState.java:run(134)) - 0f49443e-0a6a-496b-95aa-140a56b5e2f8@group-BF80BBC9517C-FollowerState: change to CANDIDATE, lastRpcElapsedTime:5062142169ns, electionTimeout:5061ms
2021-07-07 01:43:10,105 [0f49443e-0a6a-496b-95aa-140a56b5e2f8@group-BF80BBC9517C-FollowerState] INFO  impl.RoleInfo (RoleInfo.java:shutdownFollowerState(108)) - 0f49443e-0a6a-496b-95aa-140a56b5e2f8: shutdown 0f49443e-0a6a-496b-95aa-140a56b5e2f8@group-BF80BBC9517C-FollowerState
2021-07-07 01:43:10,105 [0f49443e-0a6a-496b-95aa-140a56b5e2f8@group-BF80BBC9517C-FollowerState] INFO  server.RaftServer$Division (RaftServerImpl.java:setRole(284)) - 0f49443e-0a6a-496b-95aa-140a56b5e2f8@group-BF80BBC9517C: changes role from  FOLLOWER to CANDIDATE at term 0 for changeToCandidate
2021-07-07 01:43:10,105 [0f49443e-0a6a-496b-95aa-140a56b5e2f8@group-BF80BBC9517C-FollowerState] INFO  server.RaftServerConfigKeys (ConfUtils.java:logGet(44)) - raft.server.leaderelection.pre-vote = false (custom)
2021-07-07 01:43:10,106 [0f49443e-0a6a-496b-95aa-140a56b5e2f8@group-BF80BBC9517C-FollowerState] INFO  impl.RoleInfo (RoleInfo.java:updateAndGet(130)) - 0f49443e-0a6a-496b-95aa-140a56b5e2f8: start 0f49443e-0a6a-496b-95aa-140a56b5e2f8@group-BF80BBC9517C-LeaderElection20
2021-07-07 01:43:10,110 [0f49443e-0a6a-496b-95aa-140a56b5e2f8@group-BF80BBC9517C-LeaderElection20] INFO  impl.LeaderElection (LeaderElection.java:askForVotes(306)) - 0f49443e-0a6a-496b-95aa-140a56b5e2f8@group-BF80BBC9517C-LeaderElection20 ELECTION round 0: submit vote requests at term 1 for -1: [0f49443e-0a6a-496b-95aa-140a56b5e2f8|rpc:127.0.0.1:32951|priority:1, 10d76295-ae05-4b7a-8932-536e603c59a2|rpc:127.0.0.1:41601|priority:0, b0fd8d55-63ee-4977-a2a0-8385583ac0e3|rpc:127.0.0.1:34435|priority:0], old=null
2021-07-07 01:43:10,117 [0f49443e-0a6a-496b-95aa-140a56b5e2f8@group-BB9EF5C4CE3D-FollowerState] INFO  impl.FollowerState (FollowerState.java:run(134)) - 0f49443e-0a6a-496b-95aa-140a56b5e2f8@group-BB9EF5C4CE3D-FollowerState: change to CANDIDATE, lastRpcElapsedTime:5097637644ns, electionTimeout:5096ms
2021-07-07 01:43:10,117 [0f49443e-0a6a-496b-95aa-140a56b5e2f8@group-BB9EF5C4CE3D-FollowerState] INFO  impl.RoleInfo (RoleInfo.java:shutdownFollowerState(108)) - 0f49443e-0a6a-496b-95aa-140a56b5e2f8: shutdown 0f49443e-0a6a-496b-95aa-140a56b5e2f8@group-BB9EF5C4CE3D-FollowerState
2021-07-07 01:43:10,117 [0f49443e-0a6a-496b-95aa-140a56b5e2f8@group-BB9EF5C4CE3D-FollowerState] INFO  server.RaftServer$Division (RaftServerImpl.java:setRole(284)) - 0f49443e-0a6a-496b-95aa-140a56b5e2f8@group-BB9EF5C4CE3D: changes role from  FOLLOWER to CANDIDATE at term 0 for changeToCandidate
2021-07-07 01:43:10,117 [0f49443e-0a6a-496b-95aa-140a56b5e2f8@group-BB9EF5C4CE3D-FollowerState] INFO  server.RaftServerConfigKeys (ConfUtils.java:logGet(44)) - raft.server.leaderelection.pre-vote = false (custom)
2021-07-07 01:43:10,117 [0f49443e-0a6a-496b-95aa-140a56b5e2f8@group-BB9EF5C4CE3D-FollowerState] INFO  impl.RoleInfo (RoleInfo.java:updateAndGet(130)) - 0f49443e-0a6a-496b-95aa-140a56b5e2f8: start 0f49443e-0a6a-496b-95aa-140a56b5e2f8@group-BB9EF5C4CE3D-LeaderElection21
2021-07-07 01:43:10,124 [grpc-default-executor-3] INFO  server.RaftServer$Division (RaftServerImpl.java:requestVote(1042)) - 10d76295-ae05-4b7a-8932-536e603c59a2@group-BF80BBC9517C: receive requestVote(ELECTION, 0f49443e-0a6a-496b-95aa-140a56b5e2f8, group-BF80BBC9517C, 1, (t:0, i:0))
2021-07-07 01:43:10,124 [grpc-default-executor-3] INFO  impl.VoteContext (VoteContext.java:log(48)) - 10d76295-ae05-4b7a-8932-536e603c59a2@group-BF80BBC9517C-FOLLOWER: accept ELECTION from 0f49443e-0a6a-496b-95aa-140a56b5e2f8: our priority 0 <= candidate's priority 1
2021-07-07 01:43:10,124 [grpc-default-executor-3] INFO  server.RaftServer$Division (RaftServerImpl.java:setRole(284)) - 10d76295-ae05-4b7a-8932-536e603c59a2@group-BF80BBC9517C: changes role from  FOLLOWER to FOLLOWER at term 1 for candidate:0f49443e-0a6a-496b-95aa-140a56b5e2f8
2021-07-07 01:43:10,124 [grpc-default-executor-3] INFO  impl.RoleInfo (RoleInfo.java:shutdownFollowerState(108)) - 10d76295-ae05-4b7a-8932-536e603c59a2: shutdown 10d76295-ae05-4b7a-8932-536e603c59a2@group-BF80BBC9517C-FollowerState
2021-07-07 01:43:10,124 [grpc-default-executor-3] INFO  impl.RoleInfo (RoleInfo.java:updateAndGet(130)) - 10d76295-ae05-4b7a-8932-536e603c59a2: start 10d76295-ae05-4b7a-8932-536e603c59a2@group-BF80BBC9517C-FollowerState
2021-07-07 01:43:10,124 [10d76295-ae05-4b7a-8932-536e603c59a2@group-BF80BBC9517C-FollowerState] INFO  impl.FollowerState (FollowerState.java:run(143)) - 10d76295-ae05-4b7a-8932-536e603c59a2@group-BF80BBC9517C-FollowerState was interrupted: {}
java.lang.InterruptedException: sleep interrupted
	at java.lang.Thread.sleep(Native Method)
	at java.lang.Thread.sleep(Thread.java:340)
	at java.util.concurrent.TimeUnit.sleep(TimeUnit.java:386)
	at org.apache.ratis.util.TimeDuration.sleep(TimeDuration.java:324)
	at org.apache.ratis.util.TimeDuration.sleep(TimeDuration.java:309)
	at org.apache.ratis.server.impl.FollowerState.run(FollowerState.java:118)
2021-07-07 01:43:10,127 [grpc-default-executor-3] INFO  server.RaftServer$Division (RaftServerImpl.java:requestVote(1074)) - 10d76295-ae05-4b7a-8932-536e603c59a2@group-BF80BBC9517C replies to ELECTION vote request: 0f49443e-0a6a-496b-95aa-140a56b5e2f8<-10d76295-ae05-4b7a-8932-536e603c59a2#0:OK-t1. Peer's state: 10d76295-ae05-4b7a-8932-536e603c59a2@group-BF80BBC9517C:t1, leader=null, voted=0f49443e-0a6a-496b-95aa-140a56b5e2f8, raftlog=10d76295-ae05-4b7a-8932-536e603c59a2@group-BF80BBC9517C-SegmentedRaftLog:OPENED:c-1,f-1,i0, conf=-1: [0f49443e-0a6a-496b-95aa-140a56b5e2f8|rpc:127.0.0.1:32951|dataStream:|priority:1, 10d76295-ae05-4b7a-8932-536e603c59a2|rpc:127.0.0.1:41601|dataStream:|priority:0, b0fd8d55-63ee-4977-a2a0-8385583ac0e3|rpc:127.0.0.1:34435|dataStream:|priority:0], old=null
2021-07-07 01:43:10,132 [0f49443e-0a6a-496b-95aa-140a56b5e2f8@group-BF80BBC9517C-LeaderElection20] INFO  impl.LeaderElection (LeaderElection.java:logAndReturn(89)) - 0f49443e-0a6a-496b-95aa-140a56b5e2f8@group-BF80BBC9517C-LeaderElection20: ELECTION PASSED received 1 response(s) and 0 exception(s):
2021-07-07 01:43:10,132 [0f49443e-0a6a-496b-95aa-140a56b5e2f8@group-BF80BBC9517C-LeaderElection20] INFO  impl.LeaderElection (LeaderElection.java:logAndReturn(93)) -   Response 0: 0f49443e-0a6a-496b-95aa-140a56b5e2f8<-10d76295-ae05-4b7a-8932-536e603c59a2#0:OK-t1
2021-07-07 01:43:10,136 [0f49443e-0a6a-496b-95aa-140a56b5e2f8@group-BF80BBC9517C-LeaderElection20] INFO  impl.LeaderElection (LeaderElection.java:askForVotes(308)) - 0f49443e-0a6a-496b-95aa-140a56b5e2f8@group-BF80BBC9517C-LeaderElection20 ELECTION round 0: result PASSED
2021-07-07 01:43:10,136 [0f49443e-0a6a-496b-95aa-140a56b5e2f8@group-BF80BBC9517C-LeaderElection20] INFO  impl.RoleInfo (RoleInfo.java:shutdownLeaderElection(121)) - 0f49443e-0a6a-496b-95aa-140a56b5e2f8: shutdown 0f49443e-0a6a-496b-95aa-140a56b5e2f8@group-BF80BBC9517C-LeaderElection20
2021-07-07 01:43:10,136 [0f49443e-0a6a-496b-95aa-140a56b5e2f8@group-BF80BBC9517C-LeaderElection20] INFO  server.RaftServer$Division (RaftServerImpl.java:setRole(284)) - 0f49443e-0a6a-496b-95aa-140a56b5e2f8@group-BF80BBC9517C: changes role from CANDIDATE to LEADER at term 1 for changeToLeader
2021-07-07 01:43:10,136 [0f49443e-0a6a-496b-95aa-140a56b5e2f8@group-BF80BBC9517C-LeaderElection20] INFO  ratis.XceiverServerRatis (XceiverServerRatis.java:handleLeaderChangedNotification(857)) - Leader change notification received for group: group-BF80BBC9517C with new leaderId: 0f49443e-0a6a-496b-95aa-140a56b5e2f8
2021-07-07 01:43:10,138 [EventQueue-PipelineReportForPipelineReportHandler] INFO  pipeline.PipelineManagerV2Impl (PipelineManagerV2Impl.java:openPipeline(270)) - Pipeline Pipeline[ Id: e977e7d9-7c38-4228-b53c-bf80bbc9517c, Nodes: 10d76295-ae05-4b7a-8932-536e603c59a2{ip: 127.0.0.1, host: localhost, ports: [REPLICATION=36753, RATIS=41601, RATIS_ADMIN=41601, RATIS_SERVER=41601, STANDALONE=33839], networkLocation: /default-rack, certSerialId: null, persistedOpState: IN_SERVICE, persistedOpStateExpiryEpochSec: 0}b0fd8d55-63ee-4977-a2a0-8385583ac0e3{ip: 127.0.0.1, host: localhost, ports: [REPLICATION=40827, RATIS=34435, RATIS_ADMIN=34435, RATIS_SERVER=34435, STANDALONE=38361], networkLocation: /default-rack, certSerialId: null, persistedOpState: IN_SERVICE, persistedOpStateExpiryEpochSec: 0}0f49443e-0a6a-496b-95aa-140a56b5e2f8{ip: 127.0.0.1, host: localhost, ports: [REPLICATION=34473, RATIS=32951, RATIS_ADMIN=32951, RATIS_SERVER=32951, STANDALONE=45145], networkLocation: /default-rack, certSerialId: null, persistedOpState: IN_SERVICE, persistedOpStateExpiryEpochSec: 0}, ReplicationConfig: RATIS/THREE, State:ALLOCATED, leaderId:0f49443e-0a6a-496b-95aa-140a56b5e2f8, CreationTimestamp2021-07-07T01:43:02.277Z] moved to OPEN state
2021-07-07 01:43:10,138 [EventQueue-PipelineReportForPipelineReportHandler] INFO  pipeline.PipelineManagerV2Impl (PipelineManagerV2Impl.java:openPipeline(270)) - Pipeline Pipeline[ Id: e977e7d9-7c38-4228-b53c-bf80bbc9517c, Nodes: 10d76295-ae05-4b7a-8932-536e603c59a2{ip: 127.0.0.1, host: localhost, ports: [REPLICATION=36753, RATIS=41601, RATIS_ADMIN=41601, RATIS_SERVER=41601, STANDALONE=33839], networkLocation: /default-rack, certSerialId: null, persistedOpState: IN_SERVICE, persistedOpStateExpiryEpochSec: 0}b0fd8d55-63ee-4977-a2a0-8385583ac0e3{ip: 127.0.0.1, host: localhost, ports: [REPLICATION=40827, RATIS=34435, RATIS_ADMIN=34435, RATIS_SERVER=34435, STANDALONE=38361], networkLocation: /default-rack, certSerialId: null, persistedOpState: IN_SERVICE, persistedOpStateExpiryEpochSec: 0}0f49443e-0a6a-496b-95aa-140a56b5e2f8{ip: 127.0.0.1, host: localhost, ports: [REPLICATION=34473, RATIS=32951, RATIS_ADMIN=32951, RATIS_SERVER=32951, STANDALONE=45145], networkLocation: /default-rack, certSerialId: null, persistedOpState: IN_SERVICE, persistedOpStateExpiryEpochSec: 0}, ReplicationConfig: RATIS/THREE, State:ALLOCATED, leaderId:0f49443e-0a6a-496b-95aa-140a56b5e2f8, CreationTimestamp2021-07-07T01:43:02.277Z] moved to OPEN state
2021-07-07 01:43:10,138 [EventQueue-PipelineReportForPipelineReportHandler] INFO  ha.SCMHAInvocationHandler (SCMHAInvocationHandler.java:invokeRatis(113)) - Invoking method public abstract void org.apache.hadoop.hdds.scm.pipeline.StateManager.updatePipelineState(org.apache.hadoop.hdds.protocol.proto.HddsProtos$PipelineID,org.apache.hadoop.hdds.protocol.proto.HddsProtos$PipelineState) throws java.io.IOException on target org.apache.hadoop.hdds.scm.ha.SCMRatisServerImpl@75b25ad3, cost 330.218us
2021-07-07 01:43:10,138 [EventQueue-OpenPipelineForHealthyPipelineSafeModeRule] INFO  safemode.SCMSafeModeManager (HealthyPipelineSafeModeRule.java:process(124)) - SCM in safe mode. Healthy pipelines reported count is 0, required healthy pipeline reported count is 1
2021-07-07 01:43:10,139 [0f49443e-0a6a-496b-95aa-140a56b5e2f8@group-BF80BBC9517C-LeaderElection20] INFO  server.RaftServer$Division (ServerState.java:setLeader(271)) - 0f49443e-0a6a-496b-95aa-140a56b5e2f8@group-BF80BBC9517C: change Leader from null to 0f49443e-0a6a-496b-95aa-140a56b5e2f8 at term 1 for becomeLeader, leader elected after 5106ms
2021-07-07 01:43:10,139 [0f49443e-0a6a-496b-95aa-140a56b5e2f8@group-BF80BBC9517C-LeaderElection20] INFO  server.RaftServerConfigKeys (ConfUtils.java:logGet(44)) - raft.server.staging.catchup.gap = 1000 (default)
2021-07-07 01:43:10,139 [0f49443e-0a6a-496b-95aa-140a56b5e2f8@group-BF80BBC9517C-LeaderElection20] INFO  metrics.RatisMetrics (RatisMetrics.java:lambda$create$0(36)) - Creating Metrics Registry : ratis.log_appender.0f49443e-0a6a-496b-95aa-140a56b5e2f8@group-BF80BBC9517C
2021-07-07 01:43:10,139 [0f49443e-0a6a-496b-95aa-140a56b5e2f8@group-BF80BBC9517C-LeaderElection20] INFO  server.RaftServerConfigKeys (ConfUtils.java:logGet(44)) - raft.server.write.element-limit = 1024 (custom)
2021-07-07 01:43:10,139 [0f49443e-0a6a-496b-95aa-140a56b5e2f8@group-BF80BBC9517C-LeaderElection20] INFO  server.RaftServerConfigKeys (ConfUtils.java:logGet(44)) - raft.server.write.byte-limit = 1073741824 (custom)
2021-07-07 01:43:10,140 [0f49443e-0a6a-496b-95aa-140a56b5e2f8@group-BF80BBC9517C-LeaderElection20] INFO  server.RaftServerConfigKeys (ConfUtils.java:logGet(44)) - raft.server.watch.timeout = 180s (custom)
2021-07-07 01:43:10,140 [0f49443e-0a6a-496b-95aa-140a56b5e2f8@group-BF80BBC9517C-LeaderElection20] INFO  server.RaftServerConfigKeys (ConfUtils.java:logGet(44)) - raft.server.watch.timeout.denomination = 1s (default)
2021-07-07 01:43:10,140 [0f49443e-0a6a-496b-95aa-140a56b5e2f8@group-BF80BBC9517C-LeaderElection20] INFO  server.RaftServerConfigKeys (ConfUtils.java:logGet(44)) - raft.server.watch.element-limit = 65536 (default)
2021-07-07 01:43:10,144 [0f49443e-0a6a-496b-95aa-140a56b5e2f8@group-BF80BBC9517C-LeaderElection20] INFO  server.RaftServerConfigKeys (ConfUtils.java:logGet(44)) - raft.server.log.appender.snapshot.chunk.size.max = 16MB (=16777216) (default)
2021-07-07 01:43:10,144 [0f49443e-0a6a-496b-95aa-140a56b5e2f8@group-BF80BBC9517C-LeaderElection20] INFO  server.RaftServerConfigKeys (ConfUtils.java:logGet(44)) - raft.server.log.appender.buffer.byte-limit = 33554432 (custom)
2021-07-07 01:43:10,144 [0f49443e-0a6a-496b-95aa-140a56b5e2f8@group-BF80BBC9517C-LeaderElection20] INFO  server.RaftServerConfigKeys (ConfUtils.java:logGet(44)) - raft.server.log.appender.buffer.element-limit = 1 (custom)
2021-07-07 01:43:10,144 [0f49443e-0a6a-496b-95aa-140a56b5e2f8@group-BF80BBC9517C-LeaderElection20] INFO  grpc.GrpcConfigKeys (ConfUtils.java:logGet(44)) - raft.grpc.server.leader.outstanding.appends.max = 128 (default)
2021-07-07 01:43:10,144 [grpc-default-executor-3] INFO  server.RaftServer$Division (RaftServerImpl.java:requestVote(1042)) - b0fd8d55-63ee-4977-a2a0-8385583ac0e3@group-BF80BBC9517C: receive requestVote(ELECTION, 0f49443e-0a6a-496b-95aa-140a56b5e2f8, group-BF80BBC9517C, 1, (t:0, i:0))
2021-07-07 01:43:10,144 [grpc-default-executor-3] INFO  impl.VoteContext (VoteContext.java:log(48)) - b0fd8d55-63ee-4977-a2a0-8385583ac0e3@group-BF80BBC9517C-FOLLOWER: accept ELECTION from 0f49443e-0a6a-496b-95aa-140a56b5e2f8: our priority 0 <= candidate's priority 1
2021-07-07 01:43:10,144 [grpc-default-executor-3] INFO  server.RaftServer$Division (RaftServerImpl.java:setRole(284)) - b0fd8d55-63ee-4977-a2a0-8385583ac0e3@group-BF80BBC9517C: changes role from  FOLLOWER to FOLLOWER at term 1 for candidate:0f49443e-0a6a-496b-95aa-140a56b5e2f8
2021-07-07 01:43:10,144 [grpc-default-executor-3] INFO  impl.RoleInfo (RoleInfo.java:shutdownFollowerState(108)) - b0fd8d55-63ee-4977-a2a0-8385583ac0e3: shutdown b0fd8d55-63ee-4977-a2a0-8385583ac0e3@group-BF80BBC9517C-FollowerState
2021-07-07 01:43:10,145 [grpc-default-executor-3] INFO  impl.RoleInfo (RoleInfo.java:updateAndGet(130)) - b0fd8d55-63ee-4977-a2a0-8385583ac0e3: start b0fd8d55-63ee-4977-a2a0-8385583ac0e3@group-BF80BBC9517C-FollowerState
2021-07-07 01:43:10,145 [b0fd8d55-63ee-4977-a2a0-8385583ac0e3@group-BF80BBC9517C-FollowerState] INFO  impl.FollowerState (FollowerState.java:run(143)) - b0fd8d55-63ee-4977-a2a0-8385583ac0e3@group-BF80BBC9517C-FollowerState was interrupted: {}
java.lang.InterruptedException: sleep interrupted
	at java.lang.Thread.sleep(Native Method)
	at java.lang.Thread.sleep(Thread.java:340)
	at java.util.concurrent.TimeUnit.sleep(TimeUnit.java:386)
	at org.apache.ratis.util.TimeDuration.sleep(TimeDuration.java:324)
	at org.apache.ratis.util.TimeDuration.sleep(TimeDuration.java:309)
	at org.apache.ratis.server.impl.FollowerState.run(FollowerState.java:118)
2021-07-07 01:43:10,148 [grpc-default-executor-3] INFO  server.RaftServer$Division (RaftServerImpl.java:requestVote(1074)) - b0fd8d55-63ee-4977-a2a0-8385583ac0e3@group-BF80BBC9517C replies to ELECTION vote request: 0f49443e-0a6a-496b-95aa-140a56b5e2f8<-b0fd8d55-63ee-4977-a2a0-8385583ac0e3#0:OK-t1. Peer's state: b0fd8d55-63ee-4977-a2a0-8385583ac0e3@group-BF80BBC9517C:t1, leader=null, voted=0f49443e-0a6a-496b-95aa-140a56b5e2f8, raftlog=b0fd8d55-63ee-4977-a2a0-8385583ac0e3@group-BF80BBC9517C-SegmentedRaftLog:OPENED:c-1,f-1,i0, conf=-1: [0f49443e-0a6a-496b-95aa-140a56b5e2f8|rpc:127.0.0.1:32951|dataStream:|priority:1, 10d76295-ae05-4b7a-8932-536e603c59a2|rpc:127.0.0.1:41601|dataStream:|priority:0, b0fd8d55-63ee-4977-a2a0-8385583ac0e3|rpc:127.0.0.1:34435|dataStream:|priority:0], old=null
2021-07-07 01:43:10,149 [0f49443e-0a6a-496b-95aa-140a56b5e2f8@group-BB9EF5C4CE3D-LeaderElection21] INFO  impl.LeaderElection (LeaderElection.java:askForVotes(306)) - 0f49443e-0a6a-496b-95aa-140a56b5e2f8@group-BB9EF5C4CE3D-LeaderElection21 ELECTION round 0: submit vote requests at term 1 for -1: [0f49443e-0a6a-496b-95aa-140a56b5e2f8|rpc:127.0.0.1:32951|priority:1], old=null
2021-07-07 01:43:10,149 [0f49443e-0a6a-496b-95aa-140a56b5e2f8@group-BB9EF5C4CE3D-LeaderElection21] INFO  impl.LeaderElection (LeaderElection.java:askForVotes(308)) - 0f49443e-0a6a-496b-95aa-140a56b5e2f8@group-BB9EF5C4CE3D-LeaderElection21 ELECTION round 0: result PASSED (term=1)
2021-07-07 01:43:10,149 [0f49443e-0a6a-496b-95aa-140a56b5e2f8@group-BB9EF5C4CE3D-LeaderElection21] INFO  impl.RoleInfo (RoleInfo.java:shutdownLeaderElection(121)) - 0f49443e-0a6a-496b-95aa-140a56b5e2f8: shutdown 0f49443e-0a6a-496b-95aa-140a56b5e2f8@group-BB9EF5C4CE3D-LeaderElection21
2021-07-07 01:43:10,149 [0f49443e-0a6a-496b-95aa-140a56b5e2f8@group-BB9EF5C4CE3D-LeaderElection21] INFO  server.RaftServer$Division (RaftServerImpl.java:setRole(284)) - 0f49443e-0a6a-496b-95aa-140a56b5e2f8@group-BB9EF5C4CE3D: changes role from CANDIDATE to LEADER at term 1 for changeToLeader
2021-07-07 01:43:10,149 [0f49443e-0a6a-496b-95aa-140a56b5e2f8@group-BB9EF5C4CE3D-LeaderElection21] INFO  ratis.XceiverServerRatis (XceiverServerRatis.java:handleLeaderChangedNotification(857)) - Leader change notification received for group: group-BB9EF5C4CE3D with new leaderId: 0f49443e-0a6a-496b-95aa-140a56b5e2f8
2021-07-07 01:43:10,149 [0f49443e-0a6a-496b-95aa-140a56b5e2f8@group-BB9EF5C4CE3D-LeaderElection21] INFO  server.RaftServer$Division (ServerState.java:setLeader(271)) - 0f49443e-0a6a-496b-95aa-140a56b5e2f8@group-BB9EF5C4CE3D: change Leader from null to 0f49443e-0a6a-496b-95aa-140a56b5e2f8 at term 1 for becomeLeader, leader elected after 5143ms
2021-07-07 01:43:10,149 [0f49443e-0a6a-496b-95aa-140a56b5e2f8@group-BF80BBC9517C-LeaderElection20] INFO  server.RaftServerConfigKeys (ConfUtils.java:logGet(44)) - raft.server.rpc.request.timeout = 60s (custom)
2021-07-07 01:43:10,149 [0f49443e-0a6a-496b-95aa-140a56b5e2f8@group-BF80BBC9517C-LeaderElection20] INFO  server.RaftServerConfigKeys (ConfUtils.java:logGet(44)) - raft.server.log.appender.install.snapshot.enabled = false (custom)
2021-07-07 01:43:10,149 [0f49443e-0a6a-496b-95aa-140a56b5e2f8@group-BF80BBC9517C-LeaderElection20] INFO  metrics.RatisMetrics (RatisMetrics.java:lambda$create$0(36)) - Creating Metrics Registry : ratis_grpc.log_appender.0f49443e-0a6a-496b-95aa-140a56b5e2f8@group-BF80BBC9517C
2021-07-07 01:43:10,150 [0f49443e-0a6a-496b-95aa-140a56b5e2f8@group-BF80BBC9517C-LeaderElection20] INFO  server.RaftServerConfigKeys (ConfUtils.java:logGet(44)) - raft.server.log.appender.snapshot.chunk.size.max = 16MB (=16777216) (default)
2021-07-07 01:43:10,150 [0f49443e-0a6a-496b-95aa-140a56b5e2f8@group-BF80BBC9517C-LeaderElection20] INFO  server.RaftServerConfigKeys (ConfUtils.java:logGet(44)) - raft.server.log.appender.buffer.byte-limit = 33554432 (custom)
2021-07-07 01:43:10,150 [0f49443e-0a6a-496b-95aa-140a56b5e2f8@group-BF80BBC9517C-LeaderElection20] INFO  server.RaftServerConfigKeys (ConfUtils.java:logGet(44)) - raft.server.log.appender.buffer.element-limit = 1 (custom)
2021-07-07 01:43:10,150 [0f49443e-0a6a-496b-95aa-140a56b5e2f8@group-BF80BBC9517C-LeaderElection20] INFO  grpc.GrpcConfigKeys (ConfUtils.java:logGet(44)) - raft.grpc.server.leader.outstanding.appends.max = 128 (default)
2021-07-07 01:43:10,150 [0f49443e-0a6a-496b-95aa-140a56b5e2f8@group-BF80BBC9517C-LeaderElection20] INFO  server.RaftServerConfigKeys (ConfUtils.java:logGet(44)) - raft.server.rpc.request.timeout = 60s (custom)
2021-07-07 01:43:10,150 [0f49443e-0a6a-496b-95aa-140a56b5e2f8@group-BF80BBC9517C-LeaderElection20] INFO  server.RaftServerConfigKeys (ConfUtils.java:logGet(44)) - raft.server.log.appender.install.snapshot.enabled = false (custom)
2021-07-07 01:43:10,151 [0f49443e-0a6a-496b-95aa-140a56b5e2f8@group-BF80BBC9517C-LeaderElection20] INFO  impl.RoleInfo (RoleInfo.java:updateAndGet(130)) - 0f49443e-0a6a-496b-95aa-140a56b5e2f8: start 0f49443e-0a6a-496b-95aa-140a56b5e2f8@group-BF80BBC9517C-LeaderStateImpl
2021-07-07 01:43:10,151 [0f49443e-0a6a-496b-95aa-140a56b5e2f8@group-BF80BBC9517C-LeaderElection20] INFO  segmented.SegmentedRaftLogWorker (SegmentedRaftLogWorker.java:startLogSegment(394)) - 0f49443e-0a6a-496b-95aa-140a56b5e2f8@group-BF80BBC9517C-SegmentedRaftLogWorker: Starting segment from index:0
2021-07-07 01:43:10,151 [0f49443e-0a6a-496b-95aa-140a56b5e2f8@group-BB9EF5C4CE3D-LeaderElection21] INFO  server.RaftServerConfigKeys (ConfUtils.java:logGet(44)) - raft.server.staging.catchup.gap = 1000 (default)
2021-07-07 01:43:10,158 [0f49443e-0a6a-496b-95aa-140a56b5e2f8@group-BF80BBC9517C-SegmentedRaftLogWorker] INFO  segmented.SegmentedRaftLogWorker (SegmentedRaftLogWorker.java:execute(601)) - 0f49443e-0a6a-496b-95aa-140a56b5e2f8@group-BF80BBC9517C-SegmentedRaftLogWorker: created new log segment /home/runner/work/ozone/ozone/mnt/ozone/hadoop-ozone/integration-test/target/test-dir/MiniOzoneClusterImpl-1d7024f8-a0c4-4e84-a8d8-f49eec7f6d62/datanode-0/data/ratis/e977e7d9-7c38-4228-b53c-bf80bbc9517c/current/log_inprogress_0
2021-07-07 01:43:10,172 [EventQueue-PipelineReportForPipelineReportHandler] INFO  pipeline.PipelineManagerV2Impl (PipelineManagerV2Impl.java:openPipeline(270)) - Pipeline Pipeline[ Id: e977e7d9-7c38-4228-b53c-bf80bbc9517c, Nodes: 10d76295-ae05-4b7a-8932-536e603c59a2{ip: 127.0.0.1, host: localhost, ports: [REPLICATION=36753, RATIS=41601, RATIS_ADMIN=41601, RATIS_SERVER=41601, STANDALONE=33839], networkLocation: /default-rack, certSerialId: null, persistedOpState: IN_SERVICE, persistedOpStateExpiryEpochSec: 0}b0fd8d55-63ee-4977-a2a0-8385583ac0e3{ip: 127.0.0.1, host: localhost, ports: [REPLICATION=40827, RATIS=34435, RATIS_ADMIN=34435, RATIS_SERVER=34435, STANDALONE=38361], networkLocation: /default-rack, certSerialId: null, persistedOpState: IN_SERVICE, persistedOpStateExpiryEpochSec: 0}0f49443e-0a6a-496b-95aa-140a56b5e2f8{ip: 127.0.0.1, host: localhost, ports: [REPLICATION=34473, RATIS=32951, RATIS_ADMIN=32951, RATIS_SERVER=32951, STANDALONE=45145], networkLocation: /default-rack, certSerialId: null, persistedOpState: IN_SERVICE, persistedOpStateExpiryEpochSec: 0}, ReplicationConfig: RATIS/THREE, State:ALLOCATED, leaderId:0f49443e-0a6a-496b-95aa-140a56b5e2f8, CreationTimestamp2021-07-07T01:43:02.277Z] moved to OPEN state
2021-07-07 01:43:10,172 [EventQueue-PipelineReportForPipelineReportHandler] INFO  ha.SCMHAInvocationHandler (SCMHAInvocationHandler.java:invokeRatis(113)) - Invoking method public abstract void org.apache.hadoop.hdds.scm.pipeline.StateManager.updatePipelineState(org.apache.hadoop.hdds.protocol.proto.HddsProtos$PipelineID,org.apache.hadoop.hdds.protocol.proto.HddsProtos$PipelineState) throws java.io.IOException on target org.apache.hadoop.hdds.scm.ha.SCMRatisServerImpl@75b25ad3, cost 310.417us
2021-07-07 01:43:10,173 [EventQueue-OpenPipelineForHealthyPipelineSafeModeRule] INFO  safemode.SCMSafeModeManager (HealthyPipelineSafeModeRule.java:process(124)) - SCM in safe mode. Healthy pipelines reported count is 0, required healthy pipeline reported count is 1
2021-07-07 01:43:10,181 [grpc-default-executor-1] INFO  ratis.XceiverServerRatis (XceiverServerRatis.java:handleLeaderChangedNotification(857)) - Leader change notification received for group: group-BF80BBC9517C with new leaderId: 0f49443e-0a6a-496b-95aa-140a56b5e2f8
2021-07-07 01:43:10,181 [grpc-default-executor-1] INFO  server.RaftServer$Division (ServerState.java:setLeader(271)) - 10d76295-ae05-4b7a-8932-536e603c59a2@group-BF80BBC9517C: change Leader from null to 0f49443e-0a6a-496b-95aa-140a56b5e2f8 at term 1 for appendEntries, leader elected after 5106ms
2021-07-07 01:43:10,181 [0f49443e-0a6a-496b-95aa-140a56b5e2f8@group-BF80BBC9517C-LeaderElection20] INFO  server.RaftServer$Division (ServerState.java:setRaftConf(373)) - 0f49443e-0a6a-496b-95aa-140a56b5e2f8@group-BF80BBC9517C: set configuration 0: [0f49443e-0a6a-496b-95aa-140a56b5e2f8|rpc:127.0.0.1:32951|dataStream:|priority:1, 10d76295-ae05-4b7a-8932-536e603c59a2|rpc:127.0.0.1:41601|dataStream:|priority:0, b0fd8d55-63ee-4977-a2a0-8385583ac0e3|rpc:127.0.0.1:34435|dataStream:|priority:0], old=null
2021-07-07 01:43:10,181 [0f49443e-0a6a-496b-95aa-140a56b5e2f8@group-BB9EF5C4CE3D-LeaderElection21] INFO  metrics.RatisMetrics (RatisMetrics.java:lambda$create$0(36)) - Creating Metrics Registry : ratis.log_appender.0f49443e-0a6a-496b-95aa-140a56b5e2f8@group-BB9EF5C4CE3D
2021-07-07 01:43:10,182 [0f49443e-0a6a-496b-95aa-140a56b5e2f8@group-BB9EF5C4CE3D-LeaderElection21] INFO  server.RaftServerConfigKeys (ConfUtils.java:logGet(44)) - raft.server.write.element-limit = 1024 (custom)
2021-07-07 01:43:10,182 [0f49443e-0a6a-496b-95aa-140a56b5e2f8@group-BB9EF5C4CE3D-LeaderElection21] INFO  server.RaftServerConfigKeys (ConfUtils.java:logGet(44)) - raft.server.write.byte-limit = 1073741824 (custom)
2021-07-07 01:43:10,182 [0f49443e-0a6a-496b-95aa-140a56b5e2f8@group-BB9EF5C4CE3D-LeaderElection21] INFO  server.RaftServerConfigKeys (ConfUtils.java:logGet(44)) - raft.server.watch.timeout = 180s (custom)
2021-07-07 01:43:10,182 [0f49443e-0a6a-496b-95aa-140a56b5e2f8@group-BB9EF5C4CE3D-LeaderElection21] INFO  server.RaftServerConfigKeys (ConfUtils.java:logGet(44)) - raft.server.watch.timeout.denomination = 1s (default)
2021-07-07 01:43:10,182 [0f49443e-0a6a-496b-95aa-140a56b5e2f8@group-BB9EF5C4CE3D-LeaderElection21] INFO  server.RaftServerConfigKeys (ConfUtils.java:logGet(44)) - raft.server.watch.element-limit = 65536 (default)
2021-07-07 01:43:10,182 [0f49443e-0a6a-496b-95aa-140a56b5e2f8@group-BB9EF5C4CE3D-LeaderElection21] INFO  impl.RoleInfo (RoleInfo.java:updateAndGet(130)) - 0f49443e-0a6a-496b-95aa-140a56b5e2f8: start 0f49443e-0a6a-496b-95aa-140a56b5e2f8@group-BB9EF5C4CE3D-LeaderStateImpl
2021-07-07 01:43:10,182 [0f49443e-0a6a-496b-95aa-140a56b5e2f8@group-BB9EF5C4CE3D-LeaderElection21] INFO  segmented.SegmentedRaftLogWorker (SegmentedRaftLogWorker.java:startLogSegment(394)) - 0f49443e-0a6a-496b-95aa-140a56b5e2f8@group-BB9EF5C4CE3D-SegmentedRaftLogWorker: Starting segment from index:0
2021-07-07 01:43:10,183 [grpc-default-executor-2] INFO  ratis.XceiverServerRatis (XceiverServerRatis.java:handleLeaderChangedNotification(857)) - Leader change notification received for group: group-BF80BBC9517C with new leaderId: 0f49443e-0a6a-496b-95aa-140a56b5e2f8
2021-07-07 01:43:10,183 [grpc-default-executor-2] INFO  server.RaftServer$Division (ServerState.java:setLeader(271)) - b0fd8d55-63ee-4977-a2a0-8385583ac0e3@group-BF80BBC9517C: change Leader from null to 0f49443e-0a6a-496b-95aa-140a56b5e2f8 at term 1 for appendEntries, leader elected after 5051ms
2021-07-07 01:43:10,184 [0f49443e-0a6a-496b-95aa-140a56b5e2f8@group-BB9EF5C4CE3D-SegmentedRaftLogWorker] INFO  segmented.SegmentedRaftLogWorker (SegmentedRaftLogWorker.java:execute(601)) - 0f49443e-0a6a-496b-95aa-140a56b5e2f8@group-BB9EF5C4CE3D-SegmentedRaftLogWorker: created new log segment /home/runner/work/ozone/ozone/mnt/ozone/hadoop-ozone/integration-test/target/test-dir/MiniOzoneClusterImpl-1d7024f8-a0c4-4e84-a8d8-f49eec7f6d62/datanode-0/data/ratis/4d71c56d-3311-43ef-bd5a-bb9ef5c4ce3d/current/log_inprogress_0
2021-07-07 01:43:10,188 [grpc-default-executor-1] INFO  server.RaftServer$Division (ServerState.java:setRaftConf(373)) - 10d76295-ae05-4b7a-8932-536e603c59a2@group-BF80BBC9517C: set configuration 0: [0f49443e-0a6a-496b-95aa-140a56b5e2f8|rpc:127.0.0.1:32951|dataStream:|priority:1, 10d76295-ae05-4b7a-8932-536e603c59a2|rpc:127.0.0.1:41601|dataStream:|priority:0, b0fd8d55-63ee-4977-a2a0-8385583ac0e3|rpc:127.0.0.1:34435|dataStream:|priority:0], old=null
2021-07-07 01:43:10,188 [grpc-default-executor-1] INFO  segmented.SegmentedRaftLogWorker (SegmentedRaftLogWorker.java:startLogSegment(394)) - 10d76295-ae05-4b7a-8932-536e603c59a2@group-BF80BBC9517C-SegmentedRaftLogWorker: Starting segment from index:0
2021-07-07 01:43:10,189 [9bc33821-a41f-4857-8348-6c15ba9d7e69@group-F49EEC7F6D62-StateMachineUpdater] INFO  safemode.HealthyPipelineSafeModeRule (HealthyPipelineSafeModeRule.java:initializeRule(152)) - Refreshed total pipeline count is 1, healthy pipeline threshold count is 1
2021-07-07 01:43:10,189 [EventQueue-PipelineReportForPipelineReportHandler] INFO  ha.SCMHAInvocationHandler (SCMHAInvocationHandler.java:invokeRatis(113)) - Invoking method public abstract void org.apache.hadoop.hdds.scm.pipeline.StateManager.updatePipelineState(org.apache.hadoop.hdds.protocol.proto.HddsProtos$PipelineID,org.apache.hadoop.hdds.protocol.proto.HddsProtos$PipelineState) throws java.io.IOException on target org.apache.hadoop.hdds.scm.ha.SCMRatisServerImpl@77e48145, cost 50658.816us
2021-07-07 01:43:10,189 [EventQueue-OpenPipelineForHealthyPipelineSafeModeRule] INFO  safemode.SCMSafeModeManager (HealthyPipelineSafeModeRule.java:process(124)) - SCM in safe mode. Healthy pipelines reported count is 1, required healthy pipeline reported count is 1
2021-07-07 01:43:10,189 [EventQueue-OpenPipelineForHealthyPipelineSafeModeRule] INFO  safemode.SCMSafeModeManager (SCMSafeModeManager.java:validateSafeModeExitRules(204)) - HealthyPipelineSafeModeRule rule is successfully validated
2021-07-07 01:43:10,189 [EventQueue-OpenPipelineForHealthyPipelineSafeModeRule] INFO  safemode.SCMSafeModeManager (SCMSafeModeManager.java:validateSafeModeExitRules(219)) - ScmSafeModeManager, all rules are successfully validated
2021-07-07 01:43:10,189 [EventQueue-OpenPipelineForHealthyPipelineSafeModeRule] INFO  safemode.SCMSafeModeManager (SCMSafeModeManager.java:exitSafeMode(248)) - SCM exiting safe mode.
2021-07-07 01:43:10,189 [EventQueue-OpenPipelineForHealthyPipelineSafeModeRule] WARN  events.EventQueue (EventQueue.java:fireEvent(194)) - No event handler registered for event TypedEvent{payloadType=SafeModeStatus, name='Safe mode status'}
2021-07-07 01:43:10,189 [EventQueue-OpenPipelineForHealthyPipelineSafeModeRule] INFO  ha.SCMContext (SCMContext.java:updateSafeModeStatus(208)) - Update SafeModeStatus from SafeModeStatus{safeModeStatus=true, preCheckPassed=true} to SafeModeStatus{safeModeStatus=false, preCheckPassed=true}.
2021-07-07 01:43:10,189 [EventQueue-OpenPipelineForHealthyPipelineSafeModeRule] INFO  container.ReplicationManager (ReplicationManager.java:notifyStatusChanged(1279)) - Service ReplicationManager transitions to RUNNING.
2021-07-07 01:43:10,189 [grpc-default-executor-2] INFO  server.RaftServer$Division (ServerState.java:setRaftConf(373)) - b0fd8d55-63ee-4977-a2a0-8385583ac0e3@group-BF80BBC9517C: set configuration 0: [0f49443e-0a6a-496b-95aa-140a56b5e2f8|rpc:127.0.0.1:32951|dataStream:|priority:1, 10d76295-ae05-4b7a-8932-536e603c59a2|rpc:127.0.0.1:41601|dataStream:|priority:0, b0fd8d55-63ee-4977-a2a0-8385583ac0e3|rpc:127.0.0.1:34435|dataStream:|priority:0], old=null
2021-07-07 01:43:10,190 [grpc-default-executor-2] INFO  segmented.SegmentedRaftLogWorker (SegmentedRaftLogWorker.java:startLogSegment(394)) - b0fd8d55-63ee-4977-a2a0-8385583ac0e3@group-BF80BBC9517C-SegmentedRaftLogWorker: Starting segment from index:0
2021-07-07 01:43:10,195 [10d76295-ae05-4b7a-8932-536e603c59a2@group-BF80BBC9517C-SegmentedRaftLogWorker] INFO  segmented.SegmentedRaftLogWorker (SegmentedRaftLogWorker.java:execute(601)) - 10d76295-ae05-4b7a-8932-536e603c59a2@group-BF80BBC9517C-SegmentedRaftLogWorker: created new log segment /home/runner/work/ozone/ozone/mnt/ozone/hadoop-ozone/integration-test/target/test-dir/MiniOzoneClusterImpl-1d7024f8-a0c4-4e84-a8d8-f49eec7f6d62/datanode-1/data/ratis/e977e7d9-7c38-4228-b53c-bf80bbc9517c/current/log_inprogress_0
2021-07-07 01:43:10,195 [0f49443e-0a6a-496b-95aa-140a56b5e2f8@group-BB9EF5C4CE3D-LeaderElection21] INFO  server.RaftServer$Division (ServerState.java:setRaftConf(373)) - 0f49443e-0a6a-496b-95aa-140a56b5e2f8@group-BB9EF5C4CE3D: set configuration 0: [0f49443e-0a6a-496b-95aa-140a56b5e2f8|rpc:127.0.0.1:32951|dataStream:|priority:1], old=null
2021-07-07 01:43:10,212 [10d76295-ae05-4b7a-8932-536e603c59a2@group-A53B2A283ADD-FollowerState] INFO  impl.FollowerState (FollowerState.java:run(134)) - 10d76295-ae05-4b7a-8932-536e603c59a2@group-A53B2A283ADD-FollowerState: change to CANDIDATE, lastRpcElapsedTime:5017884105ns, electionTimeout:5017ms
2021-07-07 01:43:10,213 [1f826664-c1d0-47b0-99bc-11cdaf7ce5a3@group-F49EEC7F6D62-StateMachineUpdater] INFO  safemode.HealthyPipelineSafeModeRule (HealthyPipelineSafeModeRule.java:initializeRule(152)) - Refreshed total pipeline count is 1, healthy pipeline threshold count is 1
2021-07-07 01:43:10,213 [10d76295-ae05-4b7a-8932-536e603c59a2@group-A53B2A283ADD-FollowerState] INFO  impl.RoleInfo (RoleInfo.java:shutdownFollowerState(108)) - 10d76295-ae05-4b7a-8932-536e603c59a2: shutdown 10d76295-ae05-4b7a-8932-536e603c59a2@group-A53B2A283ADD-FollowerState
2021-07-07 01:43:10,213 [10d76295-ae05-4b7a-8932-536e603c59a2@group-A53B2A283ADD-FollowerState] INFO  server.RaftServer$Division (RaftServerImpl.java:setRole(284)) - 10d76295-ae05-4b7a-8932-536e603c59a2@group-A53B2A283ADD: changes role from  FOLLOWER to CANDIDATE at term 0 for changeToCandidate
2021-07-07 01:43:10,213 [10d76295-ae05-4b7a-8932-536e603c59a2@group-A53B2A283ADD-FollowerState] INFO  server.RaftServerConfigKeys (ConfUtils.java:logGet(44)) - raft.server.leaderelection.pre-vote = false (custom)
2021-07-07 01:43:10,213 [10d76295-ae05-4b7a-8932-536e603c59a2@group-A53B2A283ADD-FollowerState] INFO  impl.RoleInfo (RoleInfo.java:updateAndGet(130)) - 10d76295-ae05-4b7a-8932-536e603c59a2: start 10d76295-ae05-4b7a-8932-536e603c59a2@group-A53B2A283ADD-LeaderElection22
2021-07-07 01:43:10,214 [b0fd8d55-63ee-4977-a2a0-8385583ac0e3@group-BF80BBC9517C-SegmentedRaftLogWorker] INFO  segmented.SegmentedRaftLogWorker (SegmentedRaftLogWorker.java:execute(601)) - b0fd8d55-63ee-4977-a2a0-8385583ac0e3@group-BF80BBC9517C-SegmentedRaftLogWorker: created new log segment /home/runner/work/ozone/ozone/mnt/ozone/hadoop-ozone/integration-test/target/test-dir/MiniOzoneClusterImpl-1d7024f8-a0c4-4e84-a8d8-f49eec7f6d62/datanode-2/data/ratis/e977e7d9-7c38-4228-b53c-bf80bbc9517c/current/log_inprogress_0
2021-07-07 01:43:10,221 [10d76295-ae05-4b7a-8932-536e603c59a2@group-A53B2A283ADD-LeaderElection22] INFO  impl.LeaderElection (LeaderElection.java:askForVotes(306)) - 10d76295-ae05-4b7a-8932-536e603c59a2@group-A53B2A283ADD-LeaderElection22 ELECTION round 0: submit vote requests at term 1 for -1: [10d76295-ae05-4b7a-8932-536e603c59a2|rpc:127.0.0.1:41601|priority:1], old=null
2021-07-07 01:43:10,222 [10d76295-ae05-4b7a-8932-536e603c59a2@group-A53B2A283ADD-LeaderElection22] INFO  impl.LeaderElection (LeaderElection.java:askForVotes(308)) - 10d76295-ae05-4b7a-8932-536e603c59a2@group-A53B2A283ADD-LeaderElection22 ELECTION round 0: result PASSED (term=1)
2021-07-07 01:43:10,222 [10d76295-ae05-4b7a-8932-536e603c59a2@group-A53B2A283ADD-LeaderElection22] INFO  impl.RoleInfo (RoleInfo.java:shutdownLeaderElection(121)) - 10d76295-ae05-4b7a-8932-536e603c59a2: shutdown 10d76295-ae05-4b7a-8932-536e603c59a2@group-A53B2A283ADD-LeaderElection22
2021-07-07 01:43:10,222 [10d76295-ae05-4b7a-8932-536e603c59a2@group-A53B2A283ADD-LeaderElection22] INFO  server.RaftServer$Division (RaftServerImpl.java:setRole(284)) - 10d76295-ae05-4b7a-8932-536e603c59a2@group-A53B2A283ADD: changes role from CANDIDATE to LEADER at term 1 for changeToLeader
2021-07-07 01:43:10,222 [10d76295-ae05-4b7a-8932-536e603c59a2@group-A53B2A283ADD-LeaderElection22] INFO  ratis.XceiverServerRatis (XceiverServerRatis.java:handleLeaderChangedNotification(857)) - Leader change notification received for group: group-A53B2A283ADD with new leaderId: 10d76295-ae05-4b7a-8932-536e603c59a2
2021-07-07 01:43:10,222 [10d76295-ae05-4b7a-8932-536e603c59a2@group-A53B2A283ADD-LeaderElection22] INFO  server.RaftServer$Division (ServerState.java:setLeader(271)) - 10d76295-ae05-4b7a-8932-536e603c59a2@group-A53B2A283ADD: change Leader from null to 10d76295-ae05-4b7a-8932-536e603c59a2 at term 1 for becomeLeader, leader elected after 5073ms
2021-07-07 01:43:10,222 [10d76295-ae05-4b7a-8932-536e603c59a2@group-A53B2A283ADD-LeaderElection22] INFO  server.RaftServerConfigKeys (ConfUtils.java:logGet(44)) - raft.server.staging.catchup.gap = 1000 (default)
2021-07-07 01:43:10,223 [EventQueue-OpenPipelineForHealthyPipelineSafeModeRule] INFO  safemode.SCMSafeModeManager (HealthyPipelineSafeModeRule.java:process(124)) - SCM in safe mode. Healthy pipelines reported count is 1, required healthy pipeline reported count is 1
2021-07-07 01:43:10,223 [EventQueue-OpenPipelineForHealthyPipelineSafeModeRule] INFO  safemode.SCMSafeModeManager (SCMSafeModeManager.java:validateSafeModeExitRules(204)) - HealthyPipelineSafeModeRule rule is successfully validated
2021-07-07 01:43:10,223 [EventQueue-OpenPipelineForHealthyPipelineSafeModeRule] INFO  safemode.SCMSafeModeManager (SCMSafeModeManager.java:validateSafeModeExitRules(219)) - ScmSafeModeManager, all rules are successfully validated
2021-07-07 01:43:10,223 [EventQueue-OpenPipelineForHealthyPipelineSafeModeRule] INFO  safemode.SCMSafeModeManager (SCMSafeModeManager.java:exitSafeMode(248)) - SCM exiting safe mode.
2021-07-07 01:43:10,223 [EventQueue-OpenPipelineForHealthyPipelineSafeModeRule] WARN  events.EventQueue (EventQueue.java:fireEvent(194)) - No event handler registered for event TypedEvent{payloadType=SafeModeStatus, name='Safe mode status'}
2021-07-07 01:43:10,223 [EventQueue-OpenPipelineForHealthyPipelineSafeModeRule] INFO  ha.SCMContext (SCMContext.java:updateSafeModeStatus(208)) - Update SafeModeStatus from SafeModeStatus{safeModeStatus=true, preCheckPassed=true} to SafeModeStatus{safeModeStatus=false, preCheckPassed=true}.
2021-07-07 01:43:10,224 [10d76295-ae05-4b7a-8932-536e603c59a2@group-A53B2A283ADD-LeaderElection22] INFO  metrics.RatisMetrics (RatisMetrics.java:lambda$create$0(36)) - Creating Metrics Registry : ratis.log_appender.10d76295-ae05-4b7a-8932-536e603c59a2@group-A53B2A283ADD
2021-07-07 01:43:10,224 [10d76295-ae05-4b7a-8932-536e603c59a2@group-A53B2A283ADD-LeaderElection22] INFO  server.RaftServerConfigKeys (ConfUtils.java:logGet(44)) - raft.server.write.element-limit = 1024 (custom)
2021-07-07 01:43:10,224 [10d76295-ae05-4b7a-8932-536e603c59a2@group-A53B2A283ADD-LeaderElection22] INFO  server.RaftServerConfigKeys (ConfUtils.java:logGet(44)) - raft.server.write.byte-limit = 1073741824 (custom)
2021-07-07 01:43:10,224 [10d76295-ae05-4b7a-8932-536e603c59a2@group-A53B2A283ADD-LeaderElection22] INFO  server.RaftServerConfigKeys (ConfUtils.java:logGet(44)) - raft.server.watch.timeout = 180s (custom)
2021-07-07 01:43:10,224 [10d76295-ae05-4b7a-8932-536e603c59a2@group-A53B2A283ADD-LeaderElection22] INFO  server.RaftServerConfigKeys (ConfUtils.java:logGet(44)) - raft.server.watch.timeout.denomination = 1s (default)
2021-07-07 01:43:10,224 [10d76295-ae05-4b7a-8932-536e603c59a2@group-A53B2A283ADD-LeaderElection22] INFO  server.RaftServerConfigKeys (ConfUtils.java:logGet(44)) - raft.server.watch.element-limit = 65536 (default)
2021-07-07 01:43:10,224 [10d76295-ae05-4b7a-8932-536e603c59a2@group-A53B2A283ADD-LeaderElection22] INFO  impl.RoleInfo (RoleInfo.java:updateAndGet(130)) - 10d76295-ae05-4b7a-8932-536e603c59a2: start 10d76295-ae05-4b7a-8932-536e603c59a2@group-A53B2A283ADD-LeaderStateImpl
2021-07-07 01:43:10,225 [10d76295-ae05-4b7a-8932-536e603c59a2@group-A53B2A283ADD-LeaderElection22] INFO  segmented.SegmentedRaftLogWorker (SegmentedRaftLogWorker.java:startLogSegment(394)) - 10d76295-ae05-4b7a-8932-536e603c59a2@group-A53B2A283ADD-SegmentedRaftLogWorker: Starting segment from index:0
2021-07-07 01:43:10,225 [10d76295-ae05-4b7a-8932-536e603c59a2@group-A53B2A283ADD-LeaderElection22] INFO  server.RaftServer$Division (ServerState.java:setRaftConf(373)) - 10d76295-ae05-4b7a-8932-536e603c59a2@group-A53B2A283ADD: set configuration 0: [10d76295-ae05-4b7a-8932-536e603c59a2|rpc:127.0.0.1:41601|dataStream:|priority:1], old=null
2021-07-07 01:43:10,226 [10d76295-ae05-4b7a-8932-536e603c59a2@group-A53B2A283ADD-SegmentedRaftLogWorker] INFO  segmented.SegmentedRaftLogWorker (SegmentedRaftLogWorker.java:execute(601)) - 10d76295-ae05-4b7a-8932-536e603c59a2@group-A53B2A283ADD-SegmentedRaftLogWorker: created new log segment /home/runner/work/ozone/ozone/mnt/ozone/hadoop-ozone/integration-test/target/test-dir/MiniOzoneClusterImpl-1d7024f8-a0c4-4e84-a8d8-f49eec7f6d62/datanode-1/data/ratis/ee33e6cd-5d5d-4666-96c1-a53b2a283add/current/log_inprogress_0
2021-07-07 01:43:10,262 [10d76295-ae05-4b7a-8932-536e603c59a2@group-8237731C7163-FollowerState] INFO  impl.FollowerState (FollowerState.java:run(134)) - 10d76295-ae05-4b7a-8932-536e603c59a2@group-8237731C7163-FollowerState: change to CANDIDATE, lastRpcElapsedTime:5041023091ns, electionTimeout:5040ms
2021-07-07 01:43:10,262 [10d76295-ae05-4b7a-8932-536e603c59a2@group-8237731C7163-FollowerState] INFO  impl.RoleInfo (RoleInfo.java:shutdownFollowerState(108)) - 10d76295-ae05-4b7a-8932-536e603c59a2: shutdown 10d76295-ae05-4b7a-8932-536e603c59a2@group-8237731C7163-FollowerState
2021-07-07 01:43:10,263 [10d76295-ae05-4b7a-8932-536e603c59a2@group-8237731C7163-FollowerState] INFO  server.RaftServer$Division (RaftServerImpl.java:setRole(284)) - 10d76295-ae05-4b7a-8932-536e603c59a2@group-8237731C7163: changes role from  FOLLOWER to CANDIDATE at term 0 for changeToCandidate
2021-07-07 01:43:10,263 [10d76295-ae05-4b7a-8932-536e603c59a2@group-8237731C7163-FollowerState] INFO  server.RaftServerConfigKeys (ConfUtils.java:logGet(44)) - raft.server.leaderelection.pre-vote = false (custom)
2021-07-07 01:43:10,263 [10d76295-ae05-4b7a-8932-536e603c59a2@group-8237731C7163-FollowerState] INFO  impl.RoleInfo (RoleInfo.java:updateAndGet(130)) - 10d76295-ae05-4b7a-8932-536e603c59a2: start 10d76295-ae05-4b7a-8932-536e603c59a2@group-8237731C7163-LeaderElection23
2021-07-07 01:43:10,268 [10d76295-ae05-4b7a-8932-536e603c59a2@group-8237731C7163-LeaderElection23] INFO  impl.LeaderElection (LeaderElection.java:askForVotes(306)) - 10d76295-ae05-4b7a-8932-536e603c59a2@group-8237731C7163-LeaderElection23 ELECTION round 0: submit vote requests at term 1 for -1: [0f49443e-0a6a-496b-95aa-140a56b5e2f8|rpc:127.0.0.1:32951|priority:0, 10d76295-ae05-4b7a-8932-536e603c59a2|rpc:127.0.0.1:41601|priority:0, b0fd8d55-63ee-4977-a2a0-8385583ac0e3|rpc:127.0.0.1:34435|priority:1], old=null
2021-07-07 01:43:10,272 [Listener at 127.0.0.1/10628] INFO  ozone.MiniOzoneClusterImpl (MiniOzoneClusterImpl.java:lambda$waitForClusterToBeReady$0(227)) - Nodes are ready. Got 3 of 3 DN Heartbeats.
2021-07-07 01:43:10,273 [Listener at 127.0.0.1/10628] INFO  ozone.MiniOzoneClusterImpl (MiniOzoneClusterImpl.java:lambda$waitForClusterToBeReady$0(230)) - Cluster exits safe mode
2021-07-07 01:43:10,273 [Listener at 127.0.0.1/10628] INFO  ozone.MiniOzoneClusterImpl (MiniOzoneClusterImpl.java:lambda$waitForClusterToBeReady$0(232)) - SCM became leader
2021-07-07 01:43:10,273 [Listener at 127.0.0.1/10628] INFO  server.StorageContainerManager (StorageContainerManager.java:start(1214)) - StorageContainerLocationProtocol RPC server is listening at /0.0.0.0:15507
2021-07-07 01:43:10,273 [Listener at 127.0.0.1/10628] INFO  ha.SCMRatisServerImpl (SCMRatisServerImpl.java:start(170)) - starting ratis server 0.0.0.0:15504
2021-07-07 01:43:10,273 [Listener at 127.0.0.1/10628] INFO  server.RaftServer$Division (RaftServerImpl.java:start(298)) - 13cceed0-1483-466a-85c7-7b1f363ed51c@group-F49EEC7F6D62: start with initializing state, conf=-1: [], old=null
2021-07-07 01:43:10,274 [Listener at 127.0.0.1/10628] INFO  server.RaftServer$Division (RaftServerImpl.java:setRole(284)) - 13cceed0-1483-466a-85c7-7b1f363ed51c@group-F49EEC7F6D62: changes role from      null to FOLLOWER at term 0 for startInitializing
2021-07-07 01:43:10,274 [Listener at 127.0.0.1/10628] INFO  util.JmxRegister (JmxRegister.java:tryRegister(44)) - Successfully registered JMX Bean with object name Ratis:service=RaftServer,group=group-F49EEC7F6D62,id=13cceed0-1483-466a-85c7-7b1f363ed51c
2021-07-07 01:43:10,274 [Listener at 127.0.0.1/10628] INFO  metrics.RatisMetrics (RatisMetrics.java:lambda$create$0(36)) - Creating Metrics Registry : ratis.state_machine.13cceed0-1483-466a-85c7-7b1f363ed51c@group-F49EEC7F6D62
2021-07-07 01:43:10,279 [Listener at 127.0.0.1/10628] INFO  server.RaftServer (RaftServerProxy.java:lambda$start$5(374)) - 13cceed0-1483-466a-85c7-7b1f363ed51c: start RPC server
2021-07-07 01:43:10,292 [grpc-default-executor-2] INFO  server.RaftServer$Division (RaftServerImpl.java:requestVote(1042)) - 0f49443e-0a6a-496b-95aa-140a56b5e2f8@group-8237731C7163: receive requestVote(ELECTION, 10d76295-ae05-4b7a-8932-536e603c59a2, group-8237731C7163, 1, (t:0, i:0))
2021-07-07 01:43:10,292 [grpc-default-executor-2] INFO  impl.VoteContext (VoteContext.java:log(48)) - 0f49443e-0a6a-496b-95aa-140a56b5e2f8@group-8237731C7163-FOLLOWER: accept ELECTION from 10d76295-ae05-4b7a-8932-536e603c59a2: our priority 0 <= candidate's priority 0
2021-07-07 01:43:10,292 [grpc-default-executor-2] INFO  server.RaftServer$Division (RaftServerImpl.java:setRole(284)) - 0f49443e-0a6a-496b-95aa-140a56b5e2f8@group-8237731C7163: changes role from  FOLLOWER to FOLLOWER at term 1 for candidate:10d76295-ae05-4b7a-8932-536e603c59a2
2021-07-07 01:43:10,292 [grpc-default-executor-2] INFO  impl.RoleInfo (RoleInfo.java:shutdownFollowerState(108)) - 0f49443e-0a6a-496b-95aa-140a56b5e2f8: shutdown 0f49443e-0a6a-496b-95aa-140a56b5e2f8@group-8237731C7163-FollowerState
2021-07-07 01:43:10,292 [grpc-default-executor-2] INFO  impl.RoleInfo (RoleInfo.java:updateAndGet(130)) - 0f49443e-0a6a-496b-95aa-140a56b5e2f8: start 0f49443e-0a6a-496b-95aa-140a56b5e2f8@group-8237731C7163-FollowerState
2021-07-07 01:43:10,293 [0f49443e-0a6a-496b-95aa-140a56b5e2f8@group-8237731C7163-FollowerState] INFO  impl.FollowerState (FollowerState.java:run(143)) - 0f49443e-0a6a-496b-95aa-140a56b5e2f8@group-8237731C7163-FollowerState was interrupted: {}
java.lang.InterruptedException: sleep interrupted
	at java.lang.Thread.sleep(Native Method)
	at java.lang.Thread.sleep(Thread.java:340)
	at java.util.concurrent.TimeUnit.sleep(TimeUnit.java:386)
	at org.apache.ratis.util.TimeDuration.sleep(TimeDuration.java:324)
	at org.apache.ratis.util.TimeDuration.sleep(TimeDuration.java:309)
	at org.apache.ratis.server.impl.FollowerState.run(FollowerState.java:118)
2021-07-07 01:43:10,294 [Listener at 127.0.0.1/10628] INFO  server.GrpcService (GrpcService.java:startImpl(253)) - 13cceed0-1483-466a-85c7-7b1f363ed51c: GrpcService started, listening on 15504
2021-07-07 01:43:10,295 [Listener at 127.0.0.1/10628] INFO  ha.SCMNodeInfo (SCMNodeInfo.java:getPort(197)) - ConfigKey ozone.scm.client.address is deprecated, For configuring different ports for each SCM use PortConfigKey ozone.scm.client.port appended with serviceId and nodeId
2021-07-07 01:43:10,295 [Listener at 127.0.0.1/10628] INFO  ha.SCMNodeInfo (SCMNodeInfo.java:getPort(197)) - ConfigKey ozone.scm.block.client.address is deprecated, For configuring different ports for each SCM use PortConfigKey ozone.scm.block.client.port appended with serviceId and nodeId
2021-07-07 01:43:10,295 [Listener at 127.0.0.1/10628] INFO  ha.SCMNodeInfo (SCMNodeInfo.java:getPort(197)) - ConfigKey ozone.scm.datanode.address is deprecated, For configuring different ports for each SCM use PortConfigKey ozone.scm.datanode.port appended with serviceId and nodeId
2021-07-07 01:43:10,296 [Listener at 127.0.0.1/10628] INFO  ha.SCMNodeInfo (SCMNodeInfo.java:getPort(197)) - ConfigKey ozone.scm.client.address is deprecated, For configuring different ports for each SCM use PortConfigKey ozone.scm.client.port appended with serviceId and nodeId
2021-07-07 01:43:10,296 [Listener at 127.0.0.1/10628] INFO  ha.SCMNodeInfo (SCMNodeInfo.java:getPort(197)) - ConfigKey ozone.scm.block.client.address is deprecated, For configuring different ports for each SCM use PortConfigKey ozone.scm.block.client.port appended with serviceId and nodeId
2021-07-07 01:43:10,296 [Listener at 127.0.0.1/10628] INFO  ha.SCMNodeInfo (SCMNodeInfo.java:getPort(197)) - ConfigKey ozone.scm.datanode.address is deprecated, For configuring different ports for each SCM use PortConfigKey ozone.scm.datanode.port appended with serviceId and nodeId
2021-07-07 01:43:10,296 [Listener at 127.0.0.1/10628] INFO  ha.SCMNodeInfo (SCMNodeInfo.java:getPort(197)) - ConfigKey ozone.scm.client.address is deprecated, For configuring different ports for each SCM use PortConfigKey ozone.scm.client.port appended with serviceId and nodeId
2021-07-07 01:43:10,296 [Listener at 127.0.0.1/10628] INFO  ha.SCMNodeInfo (SCMNodeInfo.java:getPort(197)) - ConfigKey ozone.scm.block.client.address is deprecated, For configuring different ports for each SCM use PortConfigKey ozone.scm.block.client.port appended with serviceId and nodeId
2021-07-07 01:43:10,296 [Listener at 127.0.0.1/10628] INFO  ha.SCMNodeInfo (SCMNodeInfo.java:getPort(197)) - ConfigKey ozone.scm.datanode.address is deprecated, For configuring different ports for each SCM use PortConfigKey ozone.scm.datanode.port appended with serviceId and nodeId
2021-07-07 01:43:10,297 [org.apache.ratis.util.JvmPauseMonitor$$Lambda$493/611739613@2d05291f] INFO  util.JvmPauseMonitor (JvmPauseMonitor.java:run(103)) - JvmPauseMonitor-13cceed0-1483-466a-85c7-7b1f363ed51c: Started
2021-07-07 01:43:10,301 [IPC Server handler 2 on default port 15486] INFO  ha.SCMRatisServerImpl (SCMRatisServerImpl.java:addSCM(280)) - 9bc33821-a41f-4857-8348-6c15ba9d7e69: Submitting SetConfiguration request to Ratis server with new SCM peers list: [9bc33821-a41f-4857-8348-6c15ba9d7e69|rpc:localhost:15484|admin:|client:|dataStream:|priority:0, 1f826664-c1d0-47b0-99bc-11cdaf7ce5a3|rpc:localhost:15494|priority:0, 13cceed0-1483-466a-85c7-7b1f363ed51c|rpc:localhost:15504|priority:0]
2021-07-07 01:43:10,302 [grpc-default-executor-2] INFO  server.RaftServer$Division (RaftServerImpl.java:requestVote(1074)) - 0f49443e-0a6a-496b-95aa-140a56b5e2f8@group-8237731C7163 replies to ELECTION vote request: 10d76295-ae05-4b7a-8932-536e603c59a2<-0f49443e-0a6a-496b-95aa-140a56b5e2f8#0:OK-t1. Peer's state: 0f49443e-0a6a-496b-95aa-140a56b5e2f8@group-8237731C7163:t1, leader=null, voted=10d76295-ae05-4b7a-8932-536e603c59a2, raftlog=0f49443e-0a6a-496b-95aa-140a56b5e2f8@group-8237731C7163-SegmentedRaftLog:OPENED:c-1,f-1,i0, conf=-1: [0f49443e-0a6a-496b-95aa-140a56b5e2f8|rpc:127.0.0.1:32951|priority:0, 10d76295-ae05-4b7a-8932-536e603c59a2|rpc:127.0.0.1:41601|priority:0, b0fd8d55-63ee-4977-a2a0-8385583ac0e3|rpc:127.0.0.1:34435|priority:1], old=null
2021-07-07 01:43:10,302 [IPC Server handler 2 on default port 15486] INFO  server.RaftServer$Division (RaftServerImpl.java:setConfigurationAsync(970)) - 9bc33821-a41f-4857-8348-6c15ba9d7e69@group-F49EEC7F6D62: receive setConfiguration SetConfigurationRequest:client-47B403A5B6C7->9bc33821-a41f-4857-8348-6c15ba9d7e69@group-F49EEC7F6D62, cid=10, seq=0, RW, null, peers:[9bc33821-a41f-4857-8348-6c15ba9d7e69|rpc:localhost:15484|admin:|client:|dataStream:|priority:0, 1f826664-c1d0-47b0-99bc-11cdaf7ce5a3|rpc:localhost:15494|priority:0, 13cceed0-1483-466a-85c7-7b1f363ed51c|rpc:localhost:15504|priority:0]
2021-07-07 01:43:10,302 [IPC Server handler 2 on default port 15486] INFO  server.RaftServer$Division (LeaderStateImpl.java:startSetConfiguration(345)) - 9bc33821-a41f-4857-8348-6c15ba9d7e69@group-F49EEC7F6D62-LeaderStateImpl: startSetConfiguration SetConfigurationRequest:client-47B403A5B6C7->9bc33821-a41f-4857-8348-6c15ba9d7e69@group-F49EEC7F6D62, cid=10, seq=0, RW, null, peers:[9bc33821-a41f-4857-8348-6c15ba9d7e69|rpc:localhost:15484|admin:|client:|dataStream:|priority:0, 1f826664-c1d0-47b0-99bc-11cdaf7ce5a3|rpc:localhost:15494|priority:0, 13cceed0-1483-466a-85c7-7b1f363ed51c|rpc:localhost:15504|priority:0]
2021-07-07 01:43:10,302 [IPC Server handler 2 on default port 15486] INFO  server.RaftServerConfigKeys (ConfUtils.java:logGet(44)) - raft.server.log.appender.snapshot.chunk.size.max = 16MB (=16777216) (default)
2021-07-07 01:43:10,303 [IPC Server handler 2 on default port 15486] INFO  server.RaftServerConfigKeys (ConfUtils.java:logGet(44)) - raft.server.log.appender.buffer.byte-limit = 33554432 (custom)
2021-07-07 01:43:10,303 [IPC Server handler 2 on default port 15486] INFO  server.RaftServerConfigKeys (ConfUtils.java:logGet(44)) - raft.server.log.appender.buffer.element-limit = 33554432 (custom)
2021-07-07 01:43:10,304 [grpc-default-executor-2] INFO  server.RaftServer$Division (RaftServerImpl.java:requestVote(1042)) - b0fd8d55-63ee-4977-a2a0-8385583ac0e3@group-8237731C7163: receive requestVote(ELECTION, 10d76295-ae05-4b7a-8932-536e603c59a2, group-8237731C7163, 1, (t:0, i:0))
2021-07-07 01:43:10,304 [grpc-default-executor-2] INFO  impl.VoteContext (VoteContext.java:log(48)) - b0fd8d55-63ee-4977-a2a0-8385583ac0e3@group-8237731C7163-FOLLOWER: reject ELECTION from 10d76295-ae05-4b7a-8932-536e603c59a2: our priority 1 > candidate's priority 0
2021-07-07 01:43:10,304 [grpc-default-executor-2] INFO  server.RaftServer$Division (RaftServerImpl.java:setRole(284)) - b0fd8d55-63ee-4977-a2a0-8385583ac0e3@group-8237731C7163: changes role from  FOLLOWER to FOLLOWER at term 1 for candidate:10d76295-ae05-4b7a-8932-536e603c59a2
2021-07-07 01:43:10,304 [grpc-default-executor-2] INFO  impl.RoleInfo (RoleInfo.java:shutdownFollowerState(108)) - b0fd8d55-63ee-4977-a2a0-8385583ac0e3: shutdown b0fd8d55-63ee-4977-a2a0-8385583ac0e3@group-8237731C7163-FollowerState
2021-07-07 01:43:10,304 [grpc-default-executor-2] INFO  impl.RoleInfo (RoleInfo.java:updateAndGet(130)) - b0fd8d55-63ee-4977-a2a0-8385583ac0e3: start b0fd8d55-63ee-4977-a2a0-8385583ac0e3@group-8237731C7163-FollowerState
2021-07-07 01:43:10,304 [b0fd8d55-63ee-4977-a2a0-8385583ac0e3@group-8237731C7163-FollowerState] INFO  impl.FollowerState (FollowerState.java:run(143)) - b0fd8d55-63ee-4977-a2a0-8385583ac0e3@group-8237731C7163-FollowerState was interrupted: {}
java.lang.InterruptedException: sleep interrupted
	at java.lang.Thread.sleep(Native Method)
	at java.lang.Thread.sleep(Thread.java:340)
	at java.util.concurrent.TimeUnit.sleep(TimeUnit.java:386)
	at org.apache.ratis.util.TimeDuration.sleep(TimeDuration.java:324)
	at org.apache.ratis.util.TimeDuration.sleep(TimeDuration.java:309)
	at org.apache.ratis.server.impl.FollowerState.run(FollowerState.java:118)
2021-07-07 01:43:10,392 [Datanode State Machine Thread - 0] ERROR datanode.RunningDatanodeState (RunningDatanodeState.java:computeNextContainerState(199)) - Error in executing end point task.
java.util.concurrent.ExecutionException: java.util.concurrent.TimeoutException
	at java.util.concurrent.FutureTask.report(FutureTask.java:122)
	at java.util.concurrent.FutureTask.get(FutureTask.java:192)
	at org.apache.hadoop.ozone.container.common.states.datanode.RunningDatanodeState.computeNextContainerState(RunningDatanodeState.java:191)
	at org.apache.hadoop.ozone.container.common.states.datanode.RunningDatanodeState.await(RunningDatanodeState.java:231)
	at org.apache.hadoop.ozone.container.common.states.datanode.RunningDatanodeState.await(RunningDatanodeState.java:50)
	at org.apache.hadoop.ozone.container.common.statemachine.StateContext.execute(StateContext.java:629)
	at org.apache.hadoop.ozone.container.common.statemachine.DatanodeStateMachine.start(DatanodeStateMachine.java:244)
	at org.apache.hadoop.ozone.container.common.statemachine.DatanodeStateMachine.lambda$startDaemon$0(DatanodeStateMachine.java:429)
	at java.lang.Thread.run(Thread.java:748)
Caused by: java.util.concurrent.TimeoutException
	at java.util.concurrent.FutureTask.get(FutureTask.java:205)
	at org.apache.hadoop.ozone.container.common.states.datanode.RunningDatanodeState.lambda$execute$0(RunningDatanodeState.java:149)
	at java.util.concurrent.FutureTask.run(FutureTask.java:266)
	at java.util.concurrent.Executors$RunnableAdapter.call(Executors.java:511)
	at java.util.concurrent.FutureTask.run(FutureTask.java:266)
	at java.util.concurrent.ThreadPoolExecutor.runWorker(ThreadPoolExecutor.java:1149)
	at java.util.concurrent.ThreadPoolExecutor$Worker.run(ThreadPoolExecutor.java:624)
	... 1 more
2021-07-07 01:43:10,393 [grpc-default-executor-2] INFO  server.RaftServer$Division (RaftServerImpl.java:requestVote(1074)) - b0fd8d55-63ee-4977-a2a0-8385583ac0e3@group-8237731C7163 replies to ELECTION vote request: 10d76295-ae05-4b7a-8932-536e603c59a2<-b0fd8d55-63ee-4977-a2a0-8385583ac0e3#0:FAIL-t1. Peer's state: b0fd8d55-63ee-4977-a2a0-8385583ac0e3@group-8237731C7163:t1, leader=null, voted=null, raftlog=b0fd8d55-63ee-4977-a2a0-8385583ac0e3@group-8237731C7163-SegmentedRaftLog:OPENED:c-1,f-1,i0, conf=-1: [0f49443e-0a6a-496b-95aa-140a56b5e2f8|rpc:127.0.0.1:32951|dataStream:|priority:0, 10d76295-ae05-4b7a-8932-536e603c59a2|rpc:127.0.0.1:41601|dataStream:|priority:0, b0fd8d55-63ee-4977-a2a0-8385583ac0e3|rpc:127.0.0.1:34435|dataStream:|priority:1], old=null
2021-07-07 01:43:10,398 [10d76295-ae05-4b7a-8932-536e603c59a2@group-8237731C7163-LeaderElection23] INFO  impl.LeaderElection (LeaderElection.java:logAndReturn(89)) - 10d76295-ae05-4b7a-8932-536e603c59a2@group-8237731C7163-LeaderElection23: ELECTION REJECTED received 2 response(s) and 0 exception(s):
2021-07-07 01:43:10,398 [10d76295-ae05-4b7a-8932-536e603c59a2@group-8237731C7163-LeaderElection23] INFO  impl.LeaderElection (LeaderElection.java:logAndReturn(93)) -   Response 0: 10d76295-ae05-4b7a-8932-536e603c59a2<-0f49443e-0a6a-496b-95aa-140a56b5e2f8#0:OK-t1
2021-07-07 01:43:10,398 [10d76295-ae05-4b7a-8932-536e603c59a2@group-8237731C7163-LeaderElection23] INFO  impl.LeaderElection (LeaderElection.java:logAndReturn(93)) -   Response 1: 10d76295-ae05-4b7a-8932-536e603c59a2<-b0fd8d55-63ee-4977-a2a0-8385583ac0e3#0:FAIL-t1
2021-07-07 01:43:10,398 [IPC Server handler 2 on default port 15486] INFO  grpc.GrpcConfigKeys (ConfUtils.java:logGet(44)) - raft.grpc.server.leader.outstanding.appends.max = 128 (default)
2021-07-07 01:43:10,399 [IPC Server handler 2 on default port 15486] INFO  server.RaftServerConfigKeys (ConfUtils.java:logGet(44)) - raft.server.rpc.request.timeout = 30000ms (custom)
2021-07-07 01:43:10,398 [10d76295-ae05-4b7a-8932-536e603c59a2@group-8237731C7163-LeaderElection23] INFO  impl.LeaderElection (LeaderElection.java:askForVotes(308)) - 10d76295-ae05-4b7a-8932-536e603c59a2@group-8237731C7163-LeaderElection23 ELECTION round 0: result REJECTED
2021-07-07 01:43:10,399 [IPC Server handler 2 on default port 15486] INFO  server.RaftServerConfigKeys (ConfUtils.java:logGet(44)) - raft.server.log.appender.install.snapshot.enabled = false (custom)
2021-07-07 01:43:10,399 [10d76295-ae05-4b7a-8932-536e603c59a2@group-8237731C7163-LeaderElection23] INFO  server.RaftServer$Division (RaftServerImpl.java:setRole(284)) - 10d76295-ae05-4b7a-8932-536e603c59a2@group-8237731C7163: changes role from CANDIDATE to FOLLOWER at term 1 for REJECTED
2021-07-07 01:43:10,399 [10d76295-ae05-4b7a-8932-536e603c59a2@group-8237731C7163-LeaderElection23] INFO  impl.RoleInfo (RoleInfo.java:shutdownLeaderElection(121)) - 10d76295-ae05-4b7a-8932-536e603c59a2: shutdown 10d76295-ae05-4b7a-8932-536e603c59a2@group-8237731C7163-LeaderElection23
2021-07-07 01:43:10,399 [10d76295-ae05-4b7a-8932-536e603c59a2@group-8237731C7163-LeaderElection23] INFO  impl.RoleInfo (RoleInfo.java:updateAndGet(130)) - 10d76295-ae05-4b7a-8932-536e603c59a2: start 10d76295-ae05-4b7a-8932-536e603c59a2@group-8237731C7163-FollowerState
2021-07-07 01:43:10,408 [9bc33821-a41f-4857-8348-6c15ba9d7e69@group-F49EEC7F6D62->13cceed0-1483-466a-85c7-7b1f363ed51c-GrpcLogAppender-LogAppenderDaemon] INFO  server.GrpcLogAppender (GrpcLogAppender.java:installSnapshot(524)) - 9bc33821-a41f-4857-8348-6c15ba9d7e69@group-F49EEC7F6D62->13cceed0-1483-466a-85c7-7b1f363ed51c-GrpcLogAppender: followerNextIndex = 0 but logStartIndex = 1, notify follower to install snapshot-(t:2, i:1)
2021-07-07 01:43:10,408 [9bc33821-a41f-4857-8348-6c15ba9d7e69@group-F49EEC7F6D62->13cceed0-1483-466a-85c7-7b1f363ed51c-GrpcLogAppender-LogAppenderDaemon] INFO  server.GrpcLogAppender (GrpcLogAppender.java:installSnapshot(532)) - 9bc33821-a41f-4857-8348-6c15ba9d7e69@group-F49EEC7F6D62->13cceed0-1483-466a-85c7-7b1f363ed51c-GrpcLogAppender: send 9bc33821-a41f-4857-8348-6c15ba9d7e69->13cceed0-1483-466a-85c7-7b1f363ed51c#0-t2,notify:(t:2, i:1)
2021-07-07 01:43:10,416 [grpc-default-executor-1] INFO  metrics.RatisMetrics (RatisMetrics.java:lambda$create$0(36)) - Creating Metrics Registry : ratis.server_message_metrics.13cceed0-1483-466a-85c7-7b1f363ed51c
2021-07-07 01:43:10,419 [grpc-default-executor-1] INFO  server.RaftServer$Division (RaftServerImpl.java:installSnapshot(1328)) - 13cceed0-1483-466a-85c7-7b1f363ed51c@group-F49EEC7F6D62: receive installSnapshot: 9bc33821-a41f-4857-8348-6c15ba9d7e69->13cceed0-1483-466a-85c7-7b1f363ed51c#0-t2,notify:(t:2, i:1)
2021-07-07 01:43:10,420 [grpc-default-executor-1] INFO  ha.SCMStateMachine (SCMStateMachine.java:notifyLeaderChanged(248)) - leader changed, yet current SCM is still follower.
2021-07-07 01:43:10,420 [grpc-default-executor-1] INFO  server.RaftServer$Division (ServerState.java:setLeader(271)) - 13cceed0-1483-466a-85c7-7b1f363ed51c@group-F49EEC7F6D62: change Leader from null to 9bc33821-a41f-4857-8348-6c15ba9d7e69 at term 2 for installSnapshot, leader elected after 12851ms
2021-07-07 01:43:10,420 [grpc-default-executor-1] INFO  server.RaftServer$Division (RaftServerImpl.java:notifyStateMachineToInstallSnapshot(1580)) - 13cceed0-1483-466a-85c7-7b1f363ed51c@group-F49EEC7F6D62: notifyInstallSnapshot: nextIndex is 0 but the leader's first available index is 1.
2021-07-07 01:43:10,421 [grpc-default-executor-1] INFO  ha.SCMStateMachine (SCMStateMachine.java:notifyInstallSnapshotFromLeader(212)) - Received install snapshot notification from SCM leader: localhost:15484 with term index: (t:2, i:1)
2021-07-07 01:43:10,422 [grpc-default-executor-1] INFO  server.RaftServer$Division (RaftServerImpl.java:installSnapshotImpl(1458)) - 13cceed0-1483-466a-85c7-7b1f363ed51c@group-F49EEC7F6D62: set new configuration index: 5
configurationEntry {
  peers {
    id: "9bc33821-a41f-4857-8348-6c15ba9d7e69"
    address: "localhost:15484"
  }
  peers {
    id: "1f826664-c1d0-47b0-99bc-11cdaf7ce5a3"
    address: "localhost:15494"
  }
}
 from snapshot
2021-07-07 01:43:10,423 [grpc-default-executor-1] INFO  server.RaftServer$Division (ServerState.java:setRaftConf(373)) - 13cceed0-1483-466a-85c7-7b1f363ed51c@group-F49EEC7F6D62: set configuration 5: [9bc33821-a41f-4857-8348-6c15ba9d7e69|rpc:localhost:15484|admin:|client:|dataStream:|priority:0, 1f826664-c1d0-47b0-99bc-11cdaf7ce5a3|rpc:localhost:15494|admin:|client:|dataStream:|priority:0], old=null
2021-07-07 01:43:10,423 [grpc-default-executor-1] INFO  server.RaftServer$Division (RaftServerImpl.java:installSnapshot(1339)) - 13cceed0-1483-466a-85c7-7b1f363ed51c@group-F49EEC7F6D62: reply installSnapshot: 9bc33821-a41f-4857-8348-6c15ba9d7e69<-13cceed0-1483-466a-85c7-7b1f363ed51c#0:FAIL-t0,IN_PROGRESS
2021-07-07 01:43:10,423 [grpc-default-executor-1] INFO  server.GrpcServerProtocolService (GrpcServerProtocolService.java:onCompleted(140)) - 13cceed0-1483-466a-85c7-7b1f363ed51c: Completed INSTALL_SNAPSHOT, lastRequest: 9bc33821-a41f-4857-8348-6c15ba9d7e69->13cceed0-1483-466a-85c7-7b1f363ed51c#0-t2,notify:(t:2, i:1)
2021-07-07 01:43:10,424 [b0fd8d55-63ee-4977-a2a0-8385583ac0e3@group-E02319837C86-FollowerState] INFO  impl.FollowerState (FollowerState.java:run(134)) - b0fd8d55-63ee-4977-a2a0-8385583ac0e3@group-E02319837C86-FollowerState: change to CANDIDATE, lastRpcElapsedTime:5109177776ns, electionTimeout:5108ms
2021-07-07 01:43:10,436 [b0fd8d55-63ee-4977-a2a0-8385583ac0e3@group-E02319837C86-FollowerState] INFO  impl.RoleInfo (RoleInfo.java:shutdownFollowerState(108)) - b0fd8d55-63ee-4977-a2a0-8385583ac0e3: shutdown b0fd8d55-63ee-4977-a2a0-8385583ac0e3@group-E02319837C86-FollowerState
2021-07-07 01:43:10,436 [b0fd8d55-63ee-4977-a2a0-8385583ac0e3@group-E02319837C86-FollowerState] INFO  server.RaftServer$Division (RaftServerImpl.java:setRole(284)) - b0fd8d55-63ee-4977-a2a0-8385583ac0e3@group-E02319837C86: changes role from  FOLLOWER to CANDIDATE at term 0 for changeToCandidate
2021-07-07 01:43:10,436 [b0fd8d55-63ee-4977-a2a0-8385583ac0e3@group-E02319837C86-FollowerState] INFO  server.RaftServerConfigKeys (ConfUtils.java:logGet(44)) - raft.server.leaderelection.pre-vote = false (custom)
2021-07-07 01:43:10,436 [b0fd8d55-63ee-4977-a2a0-8385583ac0e3@group-E02319837C86-FollowerState] INFO  impl.RoleInfo (RoleInfo.java:updateAndGet(130)) - b0fd8d55-63ee-4977-a2a0-8385583ac0e3: start b0fd8d55-63ee-4977-a2a0-8385583ac0e3@group-E02319837C86-LeaderElection24
2021-07-07 01:43:10,437 [grpc-default-executor-2] INFO  server.GrpcLogAppender (GrpcLogAppender.java:onNext(400)) - 9bc33821-a41f-4857-8348-6c15ba9d7e69@group-F49EEC7F6D62->13cceed0-1483-466a-85c7-7b1f363ed51c-InstallSnapshotResponseHandler: received the first reply 9bc33821-a41f-4857-8348-6c15ba9d7e69<-13cceed0-1483-466a-85c7-7b1f363ed51c#0:FAIL-t0,IN_PROGRESS
2021-07-07 01:43:10,437 [grpc-default-executor-2] INFO  server.GrpcLogAppender (GrpcLogAppender.java:onNext(417)) - 9bc33821-a41f-4857-8348-6c15ba9d7e69@group-F49EEC7F6D62->13cceed0-1483-466a-85c7-7b1f363ed51c-InstallSnapshotResponseHandler: InstallSnapshot in progress.
2021-07-07 01:43:10,437 [pool-213-thread-1] INFO  ha.SCMHAManagerImpl (SCMHAManagerImpl.java:getDBCheckpointFromLeader(206)) - Downloading checkpoint from leader SCM scmNode-1 and reloading state from the checkpoint.
2021-07-07 01:43:10,443 [9bc33821-a41f-4857-8348-6c15ba9d7e69@group-F49EEC7F6D62->13cceed0-1483-466a-85c7-7b1f363ed51c-GrpcLogAppender-LogAppenderDaemon] INFO  server.GrpcLogAppender (GrpcLogAppender.java:installSnapshot(524)) - 9bc33821-a41f-4857-8348-6c15ba9d7e69@group-F49EEC7F6D62->13cceed0-1483-466a-85c7-7b1f363ed51c-GrpcLogAppender: followerNextIndex = 0 but logStartIndex = 1, notify follower to install snapshot-(t:2, i:1)
2021-07-07 01:43:10,443 [9bc33821-a41f-4857-8348-6c15ba9d7e69@group-F49EEC7F6D62->13cceed0-1483-466a-85c7-7b1f363ed51c-GrpcLogAppender-LogAppenderDaemon] INFO  server.GrpcLogAppender (GrpcLogAppender.java:installSnapshot(532)) - 9bc33821-a41f-4857-8348-6c15ba9d7e69@group-F49EEC7F6D62->13cceed0-1483-466a-85c7-7b1f363ed51c-GrpcLogAppender: send 9bc33821-a41f-4857-8348-6c15ba9d7e69->13cceed0-1483-466a-85c7-7b1f363ed51c#0-t2,notify:(t:2, i:1)
2021-07-07 01:43:10,452 [grpc-default-executor-3] INFO  impl.RoleInfo (RoleInfo.java:updateAndGet(130)) - 13cceed0-1483-466a-85c7-7b1f363ed51c: start 13cceed0-1483-466a-85c7-7b1f363ed51c@group-F49EEC7F6D62-FollowerState
2021-07-07 01:43:10,452 [grpc-default-executor-0] INFO  server.RaftServer$Division (RaftServerImpl.java:installSnapshot(1328)) - 13cceed0-1483-466a-85c7-7b1f363ed51c@group-F49EEC7F6D62: receive installSnapshot: 9bc33821-a41f-4857-8348-6c15ba9d7e69->13cceed0-1483-466a-85c7-7b1f363ed51c#0-t2,notify:(t:2, i:1)
2021-07-07 01:43:10,453 [grpc-default-executor-3] INFO  server.RaftServer$Division (RaftServerImpl.java:checkInconsistentAppendEntries(1292)) - 13cceed0-1483-466a-85c7-7b1f363ed51c@group-F49EEC7F6D62: Failed appendEntries as snapshot ((t:2, i:1)) installation is in progress
2021-07-07 01:43:10,453 [grpc-default-executor-3] INFO  server.RaftServer$Division (RaftServerImpl.java:checkInconsistentAppendEntries(1284)) - 13cceed0-1483-466a-85c7-7b1f363ed51c@group-F49EEC7F6D62: inconsistency entries. Reply:9bc33821-a41f-4857-8348-6c15ba9d7e69<-13cceed0-1483-466a-85c7-7b1f363ed51c#0:FAIL-t2,INCONSISTENCY,nextIndex=0,followerCommit=-1
2021-07-07 01:43:10,453 [grpc-default-executor-0] INFO  server.RaftServer$Division (RaftServerImpl.java:notifyStateMachineToInstallSnapshot(1610)) - 13cceed0-1483-466a-85c7-7b1f363ed51c@group-F49EEC7F6D62: Snapshot Installation by StateMachine is in progress.
2021-07-07 01:43:10,454 [grpc-default-executor-0] INFO  server.RaftServer$Division (RaftServerImpl.java:installSnapshotImpl(1458)) - 13cceed0-1483-466a-85c7-7b1f363ed51c@group-F49EEC7F6D62: set new configuration index: 5
configurationEntry {
  peers {
    id: "9bc33821-a41f-4857-8348-6c15ba9d7e69"
    address: "localhost:15484"
  }
  peers {
    id: "1f826664-c1d0-47b0-99bc-11cdaf7ce5a3"
    address: "localhost:15494"
  }
}
 from snapshot
2021-07-07 01:43:10,454 [grpc-default-executor-3] INFO  leader.FollowerInfo (FollowerInfoImpl.java:lambda$new$0(46)) - 9bc33821-a41f-4857-8348-6c15ba9d7e69@group-F49EEC7F6D62->13cceed0-1483-466a-85c7-7b1f363ed51c: nextIndex: updateUnconditionally 0 -> 0
2021-07-07 01:43:10,453 [grpc-default-executor-2] INFO  ha.SCMDBCheckpointProvider (SCMDBCheckpointProvider.java:writeDBCheckPointToSream(48)) - Received request to obtain SCM DB checkpoint snapshot
2021-07-07 01:43:10,461 [grpc-default-executor-0] INFO  server.RaftServer$Division (ServerState.java:setRaftConf(373)) - 13cceed0-1483-466a-85c7-7b1f363ed51c@group-F49EEC7F6D62: set configuration 5: [9bc33821-a41f-4857-8348-6c15ba9d7e69|rpc:localhost:15484|admin:|client:|dataStream:|priority:0, 1f826664-c1d0-47b0-99bc-11cdaf7ce5a3|rpc:localhost:15494|admin:|client:|dataStream:|priority:0], old=null
2021-07-07 01:43:10,461 [grpc-default-executor-0] INFO  server.RaftServer$Division (RaftServerImpl.java:installSnapshot(1339)) - 13cceed0-1483-466a-85c7-7b1f363ed51c@group-F49EEC7F6D62: reply installSnapshot: 9bc33821-a41f-4857-8348-6c15ba9d7e69<-13cceed0-1483-466a-85c7-7b1f363ed51c#0:FAIL-t2,IN_PROGRESS
2021-07-07 01:43:10,461 [grpc-default-executor-0] INFO  server.GrpcServerProtocolService (GrpcServerProtocolService.java:onCompleted(140)) - 13cceed0-1483-466a-85c7-7b1f363ed51c: Completed INSTALL_SNAPSHOT, lastRequest: 9bc33821-a41f-4857-8348-6c15ba9d7e69->13cceed0-1483-466a-85c7-7b1f363ed51c#0-t2,notify:(t:2, i:1)
2021-07-07 01:43:10,461 [grpc-default-executor-3] INFO  server.GrpcLogAppender (GrpcLogAppender.java:onNext(400)) - 9bc33821-a41f-4857-8348-6c15ba9d7e69@group-F49EEC7F6D62->13cceed0-1483-466a-85c7-7b1f363ed51c-InstallSnapshotResponseHandler: received a reply 9bc33821-a41f-4857-8348-6c15ba9d7e69<-13cceed0-1483-466a-85c7-7b1f363ed51c#0:FAIL-t2,IN_PROGRESS
2021-07-07 01:43:10,462 [grpc-default-executor-3] INFO  server.GrpcLogAppender (GrpcLogAppender.java:onNext(417)) - 9bc33821-a41f-4857-8348-6c15ba9d7e69@group-F49EEC7F6D62->13cceed0-1483-466a-85c7-7b1f363ed51c-InstallSnapshotResponseHandler: InstallSnapshot in progress.
2021-07-07 01:43:10,463 [b0fd8d55-63ee-4977-a2a0-8385583ac0e3@group-E02319837C86-LeaderElection24] INFO  impl.LeaderElection (LeaderElection.java:askForVotes(306)) - b0fd8d55-63ee-4977-a2a0-8385583ac0e3@group-E02319837C86-LeaderElection24 ELECTION round 0: submit vote requests at term 1 for -1: [b0fd8d55-63ee-4977-a2a0-8385583ac0e3|rpc:127.0.0.1:34435|priority:1], old=null
2021-07-07 01:43:10,463 [b0fd8d55-63ee-4977-a2a0-8385583ac0e3@group-E02319837C86-LeaderElection24] INFO  impl.LeaderElection (LeaderElection.java:askForVotes(308)) - b0fd8d55-63ee-4977-a2a0-8385583ac0e3@group-E02319837C86-LeaderElection24 ELECTION round 0: result PASSED (term=1)
2021-07-07 01:43:10,463 [b0fd8d55-63ee-4977-a2a0-8385583ac0e3@group-E02319837C86-LeaderElection24] INFO  impl.RoleInfo (RoleInfo.java:shutdownLeaderElection(121)) - b0fd8d55-63ee-4977-a2a0-8385583ac0e3: shutdown b0fd8d55-63ee-4977-a2a0-8385583ac0e3@group-E02319837C86-LeaderElection24
2021-07-07 01:43:10,463 [b0fd8d55-63ee-4977-a2a0-8385583ac0e3@group-E02319837C86-LeaderElection24] INFO  server.RaftServer$Division (RaftServerImpl.java:setRole(284)) - b0fd8d55-63ee-4977-a2a0-8385583ac0e3@group-E02319837C86: changes role from CANDIDATE to LEADER at term 1 for changeToLeader
2021-07-07 01:43:10,463 [b0fd8d55-63ee-4977-a2a0-8385583ac0e3@group-E02319837C86-LeaderElection24] INFO  ratis.XceiverServerRatis (XceiverServerRatis.java:handleLeaderChangedNotification(857)) - Leader change notification received for group: group-E02319837C86 with new leaderId: b0fd8d55-63ee-4977-a2a0-8385583ac0e3
2021-07-07 01:43:10,463 [b0fd8d55-63ee-4977-a2a0-8385583ac0e3@group-E02319837C86-LeaderElection24] INFO  server.RaftServer$Division (ServerState.java:setLeader(271)) - b0fd8d55-63ee-4977-a2a0-8385583ac0e3@group-E02319837C86: change Leader from null to b0fd8d55-63ee-4977-a2a0-8385583ac0e3 at term 1 for becomeLeader, leader elected after 5156ms
2021-07-07 01:43:10,463 [b0fd8d55-63ee-4977-a2a0-8385583ac0e3@group-E02319837C86-LeaderElection24] INFO  server.RaftServerConfigKeys (ConfUtils.java:logGet(44)) - raft.server.staging.catchup.gap = 1000 (default)
2021-07-07 01:43:10,463 [b0fd8d55-63ee-4977-a2a0-8385583ac0e3@group-E02319837C86-LeaderElection24] INFO  metrics.RatisMetrics (RatisMetrics.java:lambda$create$0(36)) - Creating Metrics Registry : ratis.log_appender.b0fd8d55-63ee-4977-a2a0-8385583ac0e3@group-E02319837C86
2021-07-07 01:43:10,463 [b0fd8d55-63ee-4977-a2a0-8385583ac0e3@group-E02319837C86-LeaderElection24] INFO  server.RaftServerConfigKeys (ConfUtils.java:logGet(44)) - raft.server.write.element-limit = 1024 (custom)
2021-07-07 01:43:10,465 [b0fd8d55-63ee-4977-a2a0-8385583ac0e3@group-E02319837C86-LeaderElection24] INFO  server.RaftServerConfigKeys (ConfUtils.java:logGet(44)) - raft.server.write.byte-limit = 1073741824 (custom)
2021-07-07 01:43:10,466 [b0fd8d55-63ee-4977-a2a0-8385583ac0e3@group-E02319837C86-LeaderElection24] INFO  server.RaftServerConfigKeys (ConfUtils.java:logGet(44)) - raft.server.watch.timeout = 180s (custom)
2021-07-07 01:43:10,466 [b0fd8d55-63ee-4977-a2a0-8385583ac0e3@group-E02319837C86-LeaderElection24] INFO  server.RaftServerConfigKeys (ConfUtils.java:logGet(44)) - raft.server.watch.timeout.denomination = 1s (default)
2021-07-07 01:43:10,466 [b0fd8d55-63ee-4977-a2a0-8385583ac0e3@group-E02319837C86-LeaderElection24] INFO  server.RaftServerConfigKeys (ConfUtils.java:logGet(44)) - raft.server.watch.element-limit = 65536 (default)
2021-07-07 01:43:10,466 [b0fd8d55-63ee-4977-a2a0-8385583ac0e3@group-E02319837C86-LeaderElection24] INFO  impl.RoleInfo (RoleInfo.java:updateAndGet(130)) - b0fd8d55-63ee-4977-a2a0-8385583ac0e3: start b0fd8d55-63ee-4977-a2a0-8385583ac0e3@group-E02319837C86-LeaderStateImpl
2021-07-07 01:43:10,466 [b0fd8d55-63ee-4977-a2a0-8385583ac0e3@group-E02319837C86-LeaderElection24] INFO  segmented.SegmentedRaftLogWorker (SegmentedRaftLogWorker.java:startLogSegment(394)) - b0fd8d55-63ee-4977-a2a0-8385583ac0e3@group-E02319837C86-SegmentedRaftLogWorker: Starting segment from index:0
2021-07-07 01:43:10,468 [b0fd8d55-63ee-4977-a2a0-8385583ac0e3@group-E02319837C86-SegmentedRaftLogWorker] INFO  segmented.SegmentedRaftLogWorker (SegmentedRaftLogWorker.java:execute(601)) - b0fd8d55-63ee-4977-a2a0-8385583ac0e3@group-E02319837C86-SegmentedRaftLogWorker: created new log segment /home/runner/work/ozone/ozone/mnt/ozone/hadoop-ozone/integration-test/target/test-dir/MiniOzoneClusterImpl-1d7024f8-a0c4-4e84-a8d8-f49eec7f6d62/datanode-2/data/ratis/1bd6e5d5-7a53-4d89-95b6-e02319837c86/current/log_inprogress_0
2021-07-07 01:43:10,470 [b0fd8d55-63ee-4977-a2a0-8385583ac0e3@group-E02319837C86-LeaderElection24] INFO  server.RaftServer$Division (ServerState.java:setRaftConf(373)) - b0fd8d55-63ee-4977-a2a0-8385583ac0e3@group-E02319837C86: set configuration 0: [b0fd8d55-63ee-4977-a2a0-8385583ac0e3|rpc:127.0.0.1:34435|dataStream:|priority:1], old=null
2021-07-07 01:43:10,473 [9bc33821-a41f-4857-8348-6c15ba9d7e69@group-F49EEC7F6D62->13cceed0-1483-466a-85c7-7b1f363ed51c-GrpcLogAppender-LogAppenderDaemon] INFO  server.GrpcLogAppender (GrpcLogAppender.java:installSnapshot(524)) - 9bc33821-a41f-4857-8348-6c15ba9d7e69@group-F49EEC7F6D62->13cceed0-1483-466a-85c7-7b1f363ed51c-GrpcLogAppender: followerNextIndex = 0 but logStartIndex = 1, notify follower to install snapshot-(t:2, i:1)
2021-07-07 01:43:10,473 [9bc33821-a41f-4857-8348-6c15ba9d7e69@group-F49EEC7F6D62->13cceed0-1483-466a-85c7-7b1f363ed51c-GrpcLogAppender-LogAppenderDaemon] INFO  server.GrpcLogAppender (GrpcLogAppender.java:installSnapshot(532)) - 9bc33821-a41f-4857-8348-6c15ba9d7e69@group-F49EEC7F6D62->13cceed0-1483-466a-85c7-7b1f363ed51c-GrpcLogAppender: send 9bc33821-a41f-4857-8348-6c15ba9d7e69->13cceed0-1483-466a-85c7-7b1f363ed51c#0-t2,notify:(t:2, i:1)
2021-07-07 01:43:10,473 [grpc-default-executor-3] INFO  server.RaftServer$Division (RaftServerImpl.java:checkInconsistentAppendEntries(1292)) - 13cceed0-1483-466a-85c7-7b1f363ed51c@group-F49EEC7F6D62: Failed appendEntries as snapshot ((t:2, i:1)) installation is in progress
2021-07-07 01:43:10,474 [grpc-default-executor-3] INFO  server.RaftServer$Division (RaftServerImpl.java:checkInconsistentAppendEntries(1284)) - 13cceed0-1483-466a-85c7-7b1f363ed51c@group-F49EEC7F6D62: inconsistency entries. Reply:9bc33821-a41f-4857-8348-6c15ba9d7e69<-13cceed0-1483-466a-85c7-7b1f363ed51c#1:FAIL-t2,INCONSISTENCY,nextIndex=0,followerCommit=-1
2021-07-07 01:43:10,474 [grpc-default-executor-1] INFO  leader.FollowerInfo (FollowerInfoImpl.java:lambda$new$0(46)) - 9bc33821-a41f-4857-8348-6c15ba9d7e69@group-F49EEC7F6D62->13cceed0-1483-466a-85c7-7b1f363ed51c: nextIndex: updateUnconditionally 0 -> 0
2021-07-07 01:43:10,476 [grpc-default-executor-0] INFO  server.RaftServer$Division (RaftServerImpl.java:installSnapshot(1328)) - 13cceed0-1483-466a-85c7-7b1f363ed51c@group-F49EEC7F6D62: receive installSnapshot: 9bc33821-a41f-4857-8348-6c15ba9d7e69->13cceed0-1483-466a-85c7-7b1f363ed51c#0-t2,notify:(t:2, i:1)
2021-07-07 01:43:10,476 [grpc-default-executor-0] INFO  server.RaftServer$Division (RaftServerImpl.java:notifyStateMachineToInstallSnapshot(1610)) - 13cceed0-1483-466a-85c7-7b1f363ed51c@group-F49EEC7F6D62: Snapshot Installation by StateMachine is in progress.
2021-07-07 01:43:10,476 [grpc-default-executor-0] INFO  server.RaftServer$Division (RaftServerImpl.java:installSnapshotImpl(1458)) - 13cceed0-1483-466a-85c7-7b1f363ed51c@group-F49EEC7F6D62: set new configuration index: 5
configurationEntry {
  peers {
    id: "9bc33821-a41f-4857-8348-6c15ba9d7e69"
    address: "localhost:15484"
  }
  peers {
    id: "1f826664-c1d0-47b0-99bc-11cdaf7ce5a3"
    address: "localhost:15494"
  }
}
 from snapshot
2021-07-07 01:43:10,476 [grpc-default-executor-0] INFO  server.RaftServer$Division (ServerState.java:setRaftConf(373)) - 13cceed0-1483-466a-85c7-7b1f363ed51c@group-F49EEC7F6D62: set configuration 5: [9bc33821-a41f-4857-8348-6c15ba9d7e69|rpc:localhost:15484|admin:|client:|dataStream:|priority:0, 1f826664-c1d0-47b0-99bc-11cdaf7ce5a3|rpc:localhost:15494|admin:|client:|dataStream:|priority:0], old=null
2021-07-07 01:43:10,476 [grpc-default-executor-0] INFO  server.RaftServer$Division (RaftServerImpl.java:installSnapshot(1339)) - 13cceed0-1483-466a-85c7-7b1f363ed51c@group-F49EEC7F6D62: reply installSnapshot: 9bc33821-a41f-4857-8348-6c15ba9d7e69<-13cceed0-1483-466a-85c7-7b1f363ed51c#0:FAIL-t2,IN_PROGRESS
2021-07-07 01:43:10,476 [grpc-default-executor-0] INFO  server.GrpcServerProtocolService (GrpcServerProtocolService.java:onCompleted(140)) - 13cceed0-1483-466a-85c7-7b1f363ed51c: Completed INSTALL_SNAPSHOT, lastRequest: 9bc33821-a41f-4857-8348-6c15ba9d7e69->13cceed0-1483-466a-85c7-7b1f363ed51c#0-t2,notify:(t:2, i:1)
2021-07-07 01:43:10,477 [grpc-default-executor-0] INFO  server.GrpcLogAppender (GrpcLogAppender.java:onNext(400)) - 9bc33821-a41f-4857-8348-6c15ba9d7e69@group-F49EEC7F6D62->13cceed0-1483-466a-85c7-7b1f363ed51c-InstallSnapshotResponseHandler: received a reply 9bc33821-a41f-4857-8348-6c15ba9d7e69<-13cceed0-1483-466a-85c7-7b1f363ed51c#0:FAIL-t2,IN_PROGRESS
2021-07-07 01:43:10,477 [grpc-default-executor-0] INFO  server.GrpcLogAppender (GrpcLogAppender.java:onNext(417)) - 9bc33821-a41f-4857-8348-6c15ba9d7e69@group-F49EEC7F6D62->13cceed0-1483-466a-85c7-7b1f363ed51c-InstallSnapshotResponseHandler: InstallSnapshot in progress.
2021-07-07 01:43:10,479 [9bc33821-a41f-4857-8348-6c15ba9d7e69@group-F49EEC7F6D62->13cceed0-1483-466a-85c7-7b1f363ed51c-GrpcLogAppender-LogAppenderDaemon] INFO  server.GrpcLogAppender (GrpcLogAppender.java:installSnapshot(524)) - 9bc33821-a41f-4857-8348-6c15ba9d7e69@group-F49EEC7F6D62->13cceed0-1483-466a-85c7-7b1f363ed51c-GrpcLogAppender: followerNextIndex = 0 but logStartIndex = 1, notify follower to install snapshot-(t:2, i:1)
2021-07-07 01:43:10,479 [9bc33821-a41f-4857-8348-6c15ba9d7e69@group-F49EEC7F6D62->13cceed0-1483-466a-85c7-7b1f363ed51c-GrpcLogAppender-LogAppenderDaemon] INFO  server.GrpcLogAppender (GrpcLogAppender.java:installSnapshot(532)) - 9bc33821-a41f-4857-8348-6c15ba9d7e69@group-F49EEC7F6D62->13cceed0-1483-466a-85c7-7b1f363ed51c-GrpcLogAppender: send 9bc33821-a41f-4857-8348-6c15ba9d7e69->13cceed0-1483-466a-85c7-7b1f363ed51c#0-t2,notify:(t:2, i:1)
2021-07-07 01:43:10,479 [grpc-default-executor-0] INFO  server.RaftServer$Division (RaftServerImpl.java:checkInconsistentAppendEntries(1292)) - 13cceed0-1483-466a-85c7-7b1f363ed51c@group-F49EEC7F6D62: Failed appendEntries as snapshot ((t:2, i:1)) installation is in progress
2021-07-07 01:43:10,479 [grpc-default-executor-0] INFO  server.RaftServer$Division (RaftServerImpl.java:checkInconsistentAppendEntries(1284)) - 13cceed0-1483-466a-85c7-7b1f363ed51c@group-F49EEC7F6D62: inconsistency entries. Reply:9bc33821-a41f-4857-8348-6c15ba9d7e69<-13cceed0-1483-466a-85c7-7b1f363ed51c#2:FAIL-t2,INCONSISTENCY,nextIndex=0,followerCommit=-1
2021-07-07 01:43:10,478 [grpc-default-executor-2] INFO  db.RDBCheckpointManager (RDBCheckpointManager.java:createCheckpoint(86)) - Created checkpoint at /home/runner/work/ozone/ozone/mnt/ozone/hadoop-ozone/integration-test/target/test-dir/MiniOzoneClusterImpl-1d7024f8-a0c4-4e84-a8d8-f49eec7f6d62/scmNode-1/db.checkpoints/scm.db_checkpoint_1625622190460 in 18 milliseconds
2021-07-07 01:43:10,481 [grpc-default-executor-1] INFO  server.RaftServer$Division (RaftServerImpl.java:installSnapshot(1328)) - 13cceed0-1483-466a-85c7-7b1f363ed51c@group-F49EEC7F6D62: receive installSnapshot: 9bc33821-a41f-4857-8348-6c15ba9d7e69->13cceed0-1483-466a-85c7-7b1f363ed51c#0-t2,notify:(t:2, i:1)
2021-07-07 01:43:10,481 [grpc-default-executor-1] INFO  server.RaftServer$Division (RaftServerImpl.java:notifyStateMachineToInstallSnapshot(1610)) - 13cceed0-1483-466a-85c7-7b1f363ed51c@group-F49EEC7F6D62: Snapshot Installation by StateMachine is in progress.
2021-07-07 01:43:10,481 [grpc-default-executor-1] INFO  server.RaftServer$Division (RaftServerImpl.java:installSnapshotImpl(1458)) - 13cceed0-1483-466a-85c7-7b1f363ed51c@group-F49EEC7F6D62: set new configuration index: 5
configurationEntry {
  peers {
    id: "9bc33821-a41f-4857-8348-6c15ba9d7e69"
    address: "localhost:15484"
  }
  peers {
    id: "1f826664-c1d0-47b0-99bc-11cdaf7ce5a3"
    address: "localhost:15494"
  }
}
 from snapshot
2021-07-07 01:43:10,481 [grpc-default-executor-1] INFO  server.RaftServer$Division (ServerState.java:setRaftConf(373)) - 13cceed0-1483-466a-85c7-7b1f363ed51c@group-F49EEC7F6D62: set configuration 5: [9bc33821-a41f-4857-8348-6c15ba9d7e69|rpc:localhost:15484|admin:|client:|dataStream:|priority:0, 1f826664-c1d0-47b0-99bc-11cdaf7ce5a3|rpc:localhost:15494|admin:|client:|dataStream:|priority:0], old=null
2021-07-07 01:43:10,481 [grpc-default-executor-1] INFO  server.RaftServer$Division (RaftServerImpl.java:installSnapshot(1339)) - 13cceed0-1483-466a-85c7-7b1f363ed51c@group-F49EEC7F6D62: reply installSnapshot: 9bc33821-a41f-4857-8348-6c15ba9d7e69<-13cceed0-1483-466a-85c7-7b1f363ed51c#0:FAIL-t2,IN_PROGRESS
2021-07-07 01:43:10,482 [grpc-default-executor-1] INFO  server.GrpcServerProtocolService (GrpcServerProtocolService.java:onCompleted(140)) - 13cceed0-1483-466a-85c7-7b1f363ed51c: Completed INSTALL_SNAPSHOT, lastRequest: 9bc33821-a41f-4857-8348-6c15ba9d7e69->13cceed0-1483-466a-85c7-7b1f363ed51c#0-t2,notify:(t:2, i:1)
2021-07-07 01:43:10,482 [grpc-default-executor-3] INFO  leader.FollowerInfo (FollowerInfoImpl.java:lambda$new$0(46)) - 9bc33821-a41f-4857-8348-6c15ba9d7e69@group-F49EEC7F6D62->13cceed0-1483-466a-85c7-7b1f363ed51c: nextIndex: updateUnconditionally 0 -> 0
2021-07-07 01:43:10,482 [grpc-default-executor-0] INFO  server.GrpcLogAppender (GrpcLogAppender.java:onNext(400)) - 9bc33821-a41f-4857-8348-6c15ba9d7e69@group-F49EEC7F6D62->13cceed0-1483-466a-85c7-7b1f363ed51c-InstallSnapshotResponseHandler: received a reply 9bc33821-a41f-4857-8348-6c15ba9d7e69<-13cceed0-1483-466a-85c7-7b1f363ed51c#0:FAIL-t2,IN_PROGRESS
2021-07-07 01:43:10,482 [grpc-default-executor-0] INFO  server.GrpcLogAppender (GrpcLogAppender.java:onNext(417)) - 9bc33821-a41f-4857-8348-6c15ba9d7e69@group-F49EEC7F6D62->13cceed0-1483-466a-85c7-7b1f363ed51c-InstallSnapshotResponseHandler: InstallSnapshot in progress.
2021-07-07 01:43:10,483 [9bc33821-a41f-4857-8348-6c15ba9d7e69@group-F49EEC7F6D62->13cceed0-1483-466a-85c7-7b1f363ed51c-GrpcLogAppender-LogAppenderDaemon] INFO  server.GrpcLogAppender (GrpcLogAppender.java:installSnapshot(524)) - 9bc33821-a41f-4857-8348-6c15ba9d7e69@group-F49EEC7F6D62->13cceed0-1483-466a-85c7-7b1f363ed51c-GrpcLogAppender: followerNextIndex = 0 but logStartIndex = 1, notify follower to install snapshot-(t:2, i:1)
2021-07-07 01:43:10,483 [9bc33821-a41f-4857-8348-6c15ba9d7e69@group-F49EEC7F6D62->13cceed0-1483-466a-85c7-7b1f363ed51c-GrpcLogAppender-LogAppenderDaemon] INFO  server.GrpcLogAppender (GrpcLogAppender.java:installSnapshot(532)) - 9bc33821-a41f-4857-8348-6c15ba9d7e69@group-F49EEC7F6D62->13cceed0-1483-466a-85c7-7b1f363ed51c-GrpcLogAppender: send 9bc33821-a41f-4857-8348-6c15ba9d7e69->13cceed0-1483-466a-85c7-7b1f363ed51c#0-t2,notify:(t:2, i:1)
2021-07-07 01:43:10,484 [grpc-default-executor-3] INFO  server.RaftServer$Division (RaftServerImpl.java:checkInconsistentAppendEntries(1292)) - 13cceed0-1483-466a-85c7-7b1f363ed51c@group-F49EEC7F6D62: Failed appendEntries as snapshot ((t:2, i:1)) installation is in progress
2021-07-07 01:43:10,484 [grpc-default-executor-3] INFO  server.RaftServer$Division (RaftServerImpl.java:checkInconsistentAppendEntries(1284)) - 13cceed0-1483-466a-85c7-7b1f363ed51c@group-F49EEC7F6D62: inconsistency entries. Reply:9bc33821-a41f-4857-8348-6c15ba9d7e69<-13cceed0-1483-466a-85c7-7b1f363ed51c#3:FAIL-t2,INCONSISTENCY,nextIndex=0,followerCommit=-1
2021-07-07 01:43:10,484 [grpc-default-executor-2] INFO  ha.SCMGrpcOutputStream (SCMGrpcOutputStream.java:close(111)) - Sent 6031 bytes for cluster 1d7024f8-a0c4-4e84-a8d8-f49eec7f6d62
2021-07-07 01:43:10,486 [grpc-default-executor-2] INFO  ha.SCMDBCheckpointProvider (SCMDBCheckpointProvider.java:writeDBCheckPointToSream(73)) - Time taken to write the checkpoint to response output stream: 5 milliseconds
2021-07-07 01:43:10,486 [grpc-default-executor-1] INFO  server.RaftServer$Division (RaftServerImpl.java:installSnapshot(1328)) - 13cceed0-1483-466a-85c7-7b1f363ed51c@group-F49EEC7F6D62: receive installSnapshot: 9bc33821-a41f-4857-8348-6c15ba9d7e69->13cceed0-1483-466a-85c7-7b1f363ed51c#0-t2,notify:(t:2, i:1)
2021-07-07 01:43:10,486 [grpc-default-executor-1] INFO  server.RaftServer$Division (RaftServerImpl.java:notifyStateMachineToInstallSnapshot(1610)) - 13cceed0-1483-466a-85c7-7b1f363ed51c@group-F49EEC7F6D62: Snapshot Installation by StateMachine is in progress.
2021-07-07 01:43:10,487 [grpc-default-executor-1] INFO  server.RaftServer$Division (RaftServerImpl.java:installSnapshotImpl(1458)) - 13cceed0-1483-466a-85c7-7b1f363ed51c@group-F49EEC7F6D62: set new configuration index: 5
configurationEntry {
  peers {
    id: "9bc33821-a41f-4857-8348-6c15ba9d7e69"
    address: "localhost:15484"
  }
  peers {
    id: "1f826664-c1d0-47b0-99bc-11cdaf7ce5a3"
    address: "localhost:15494"
  }
}
 from snapshot
2021-07-07 01:43:10,487 [grpc-default-executor-1] INFO  server.RaftServer$Division (ServerState.java:setRaftConf(373)) - 13cceed0-1483-466a-85c7-7b1f363ed51c@group-F49EEC7F6D62: set configuration 5: [9bc33821-a41f-4857-8348-6c15ba9d7e69|rpc:localhost:15484|admin:|client:|dataStream:|priority:0, 1f826664-c1d0-47b0-99bc-11cdaf7ce5a3|rpc:localhost:15494|admin:|client:|dataStream:|priority:0], old=null
2021-07-07 01:43:10,487 [grpc-default-executor-1] INFO  server.RaftServer$Division (RaftServerImpl.java:installSnapshot(1339)) - 13cceed0-1483-466a-85c7-7b1f363ed51c@group-F49EEC7F6D62: reply installSnapshot: 9bc33821-a41f-4857-8348-6c15ba9d7e69<-13cceed0-1483-466a-85c7-7b1f363ed51c#0:FAIL-t2,IN_PROGRESS
2021-07-07 01:43:10,487 [grpc-default-executor-1] INFO  server.GrpcServerProtocolService (GrpcServerProtocolService.java:onCompleted(140)) - 13cceed0-1483-466a-85c7-7b1f363ed51c: Completed INSTALL_SNAPSHOT, lastRequest: 9bc33821-a41f-4857-8348-6c15ba9d7e69->13cceed0-1483-466a-85c7-7b1f363ed51c#0-t2,notify:(t:2, i:1)
2021-07-07 01:43:10,488 [grpc-default-executor-3] INFO  server.GrpcLogAppender (GrpcLogAppender.java:onNext(400)) - 9bc33821-a41f-4857-8348-6c15ba9d7e69@group-F49EEC7F6D62->13cceed0-1483-466a-85c7-7b1f363ed51c-InstallSnapshotResponseHandler: received a reply 9bc33821-a41f-4857-8348-6c15ba9d7e69<-13cceed0-1483-466a-85c7-7b1f363ed51c#0:FAIL-t2,IN_PROGRESS
2021-07-07 01:43:10,488 [grpc-default-executor-3] INFO  server.GrpcLogAppender (GrpcLogAppender.java:onNext(417)) - 9bc33821-a41f-4857-8348-6c15ba9d7e69@group-F49EEC7F6D62->13cceed0-1483-466a-85c7-7b1f363ed51c-InstallSnapshotResponseHandler: InstallSnapshot in progress.
2021-07-07 01:43:10,488 [grpc-default-executor-1] INFO  leader.FollowerInfo (FollowerInfoImpl.java:lambda$new$0(46)) - 9bc33821-a41f-4857-8348-6c15ba9d7e69@group-F49EEC7F6D62->13cceed0-1483-466a-85c7-7b1f363ed51c: nextIndex: updateUnconditionally 0 -> 0
2021-07-07 01:43:10,486 [grpc-default-executor-2] INFO  db.RocksDBCheckpoint (RocksDBCheckpoint.java:cleanupCheckpoint(78)) - Cleaning up RocksDB checkpoint at /home/runner/work/ozone/ozone/mnt/ozone/hadoop-ozone/integration-test/target/test-dir/MiniOzoneClusterImpl-1d7024f8-a0c4-4e84-a8d8-f49eec7f6d62/scmNode-1/db.checkpoints/scm.db_checkpoint_1625622190460
2021-07-07 01:43:10,491 [9bc33821-a41f-4857-8348-6c15ba9d7e69@group-F49EEC7F6D62->13cceed0-1483-466a-85c7-7b1f363ed51c-GrpcLogAppender-LogAppenderDaemon] INFO  server.GrpcLogAppender (GrpcLogAppender.java:installSnapshot(524)) - 9bc33821-a41f-4857-8348-6c15ba9d7e69@group-F49EEC7F6D62->13cceed0-1483-466a-85c7-7b1f363ed51c-GrpcLogAppender: followerNextIndex = 0 but logStartIndex = 1, notify follower to install snapshot-(t:2, i:1)
2021-07-07 01:43:10,491 [9bc33821-a41f-4857-8348-6c15ba9d7e69@group-F49EEC7F6D62->13cceed0-1483-466a-85c7-7b1f363ed51c-GrpcLogAppender-LogAppenderDaemon] INFO  server.GrpcLogAppender (GrpcLogAppender.java:installSnapshot(532)) - 9bc33821-a41f-4857-8348-6c15ba9d7e69@group-F49EEC7F6D62->13cceed0-1483-466a-85c7-7b1f363ed51c-GrpcLogAppender: send 9bc33821-a41f-4857-8348-6c15ba9d7e69->13cceed0-1483-466a-85c7-7b1f363ed51c#0-t2,notify:(t:2, i:1)
2021-07-07 01:43:10,492 [grpc-default-executor-3] INFO  server.RaftServer$Division (RaftServerImpl.java:checkInconsistentAppendEntries(1292)) - 13cceed0-1483-466a-85c7-7b1f363ed51c@group-F49EEC7F6D62: Failed appendEntries as snapshot ((t:2, i:1)) installation is in progress
2021-07-07 01:43:10,492 [grpc-default-executor-3] INFO  server.RaftServer$Division (RaftServerImpl.java:checkInconsistentAppendEntries(1284)) - 13cceed0-1483-466a-85c7-7b1f363ed51c@group-F49EEC7F6D62: inconsistency entries. Reply:9bc33821-a41f-4857-8348-6c15ba9d7e69<-13cceed0-1483-466a-85c7-7b1f363ed51c#4:FAIL-t2,INCONSISTENCY,nextIndex=0,followerCommit=-1
2021-07-07 01:43:10,487 [grpc-default-executor-0] INFO  ha.InterSCMGrpcClient (InterSCMGrpcClient.java:onCompleted(169)) - Checkpoint is downloaded to /home/runner/work/ozone/ozone/mnt/ozone/hadoop-ozone/integration-test/target/test-dir/MiniOzoneClusterImpl-1d7024f8-a0c4-4e84-a8d8-f49eec7f6d62/scmNode-3/snapshot/scm.db-scmNode-1-1625622190437.tar.gz
2021-07-07 01:43:10,493 [grpc-default-executor-0] INFO  leader.FollowerInfo (FollowerInfoImpl.java:lambda$new$0(46)) - 9bc33821-a41f-4857-8348-6c15ba9d7e69@group-F49EEC7F6D62->13cceed0-1483-466a-85c7-7b1f363ed51c: nextIndex: updateUnconditionally 0 -> 0
2021-07-07 01:43:10,494 [grpc-default-executor-2] INFO  server.RaftServer$Division (RaftServerImpl.java:installSnapshot(1328)) - 13cceed0-1483-466a-85c7-7b1f363ed51c@group-F49EEC7F6D62: receive installSnapshot: 9bc33821-a41f-4857-8348-6c15ba9d7e69->13cceed0-1483-466a-85c7-7b1f363ed51c#0-t2,notify:(t:2, i:1)
2021-07-07 01:43:10,494 [grpc-default-executor-2] INFO  server.RaftServer$Division (RaftServerImpl.java:notifyStateMachineToInstallSnapshot(1610)) - 13cceed0-1483-466a-85c7-7b1f363ed51c@group-F49EEC7F6D62: Snapshot Installation by StateMachine is in progress.
2021-07-07 01:43:10,494 [grpc-default-executor-2] INFO  server.RaftServer$Division (RaftServerImpl.java:installSnapshotImpl(1458)) - 13cceed0-1483-466a-85c7-7b1f363ed51c@group-F49EEC7F6D62: set new configuration index: 5
configurationEntry {
  peers {
    id: "9bc33821-a41f-4857-8348-6c15ba9d7e69"
    address: "localhost:15484"
  }
  peers {
    id: "1f826664-c1d0-47b0-99bc-11cdaf7ce5a3"
    address: "localhost:15494"
  }
}
 from snapshot
2021-07-07 01:43:10,494 [grpc-default-executor-2] INFO  server.RaftServer$Division (ServerState.java:setRaftConf(373)) - 13cceed0-1483-466a-85c7-7b1f363ed51c@group-F49EEC7F6D62: set configuration 5: [9bc33821-a41f-4857-8348-6c15ba9d7e69|rpc:localhost:15484|admin:|client:|dataStream:|priority:0, 1f826664-c1d0-47b0-99bc-11cdaf7ce5a3|rpc:localhost:15494|admin:|client:|dataStream:|priority:0], old=null
2021-07-07 01:43:10,495 [grpc-default-executor-2] INFO  server.RaftServer$Division (RaftServerImpl.java:installSnapshot(1339)) - 13cceed0-1483-466a-85c7-7b1f363ed51c@group-F49EEC7F6D62: reply installSnapshot: 9bc33821-a41f-4857-8348-6c15ba9d7e69<-13cceed0-1483-466a-85c7-7b1f363ed51c#0:FAIL-t2,IN_PROGRESS
2021-07-07 01:43:10,495 [grpc-default-executor-2] INFO  server.GrpcServerProtocolService (GrpcServerProtocolService.java:onCompleted(140)) - 13cceed0-1483-466a-85c7-7b1f363ed51c: Completed INSTALL_SNAPSHOT, lastRequest: 9bc33821-a41f-4857-8348-6c15ba9d7e69->13cceed0-1483-466a-85c7-7b1f363ed51c#0-t2,notify:(t:2, i:1)
2021-07-07 01:43:10,495 [grpc-default-executor-0] INFO  server.GrpcLogAppender (GrpcLogAppender.java:onNext(400)) - 9bc33821-a41f-4857-8348-6c15ba9d7e69@group-F49EEC7F6D62->13cceed0-1483-466a-85c7-7b1f363ed51c-InstallSnapshotResponseHandler: received a reply 9bc33821-a41f-4857-8348-6c15ba9d7e69<-13cceed0-1483-466a-85c7-7b1f363ed51c#0:FAIL-t2,IN_PROGRESS
2021-07-07 01:43:10,495 [grpc-default-executor-0] INFO  server.GrpcLogAppender (GrpcLogAppender.java:onNext(417)) - 9bc33821-a41f-4857-8348-6c15ba9d7e69@group-F49EEC7F6D62->13cceed0-1483-466a-85c7-7b1f363ed51c-InstallSnapshotResponseHandler: InstallSnapshot in progress.
2021-07-07 01:43:10,496 [9bc33821-a41f-4857-8348-6c15ba9d7e69@group-F49EEC7F6D62->13cceed0-1483-466a-85c7-7b1f363ed51c-GrpcLogAppender-LogAppenderDaemon] INFO  server.GrpcLogAppender (GrpcLogAppender.java:installSnapshot(524)) - 9bc33821-a41f-4857-8348-6c15ba9d7e69@group-F49EEC7F6D62->13cceed0-1483-466a-85c7-7b1f363ed51c-GrpcLogAppender: followerNextIndex = 0 but logStartIndex = 1, notify follower to install snapshot-(t:2, i:1)
2021-07-07 01:43:10,496 [9bc33821-a41f-4857-8348-6c15ba9d7e69@group-F49EEC7F6D62->13cceed0-1483-466a-85c7-7b1f363ed51c-GrpcLogAppender-LogAppenderDaemon] INFO  server.GrpcLogAppender (GrpcLogAppender.java:installSnapshot(532)) - 9bc33821-a41f-4857-8348-6c15ba9d7e69@group-F49EEC7F6D62->13cceed0-1483-466a-85c7-7b1f363ed51c-GrpcLogAppender: send 9bc33821-a41f-4857-8348-6c15ba9d7e69->13cceed0-1483-466a-85c7-7b1f363ed51c#0-t2,notify:(t:2, i:1)
2021-07-07 01:43:10,497 [grpc-default-executor-3] INFO  server.RaftServer$Division (RaftServerImpl.java:checkInconsistentAppendEntries(1292)) - 13cceed0-1483-466a-85c7-7b1f363ed51c@group-F49EEC7F6D62: Failed appendEntries as snapshot ((t:2, i:1)) installation is in progress
2021-07-07 01:43:10,497 [grpc-default-executor-3] INFO  server.RaftServer$Division (RaftServerImpl.java:checkInconsistentAppendEntries(1284)) - 13cceed0-1483-466a-85c7-7b1f363ed51c@group-F49EEC7F6D62: inconsistency entries. Reply:9bc33821-a41f-4857-8348-6c15ba9d7e69<-13cceed0-1483-466a-85c7-7b1f363ed51c#5:FAIL-t2,INCONSISTENCY,nextIndex=0,followerCommit=-1
2021-07-07 01:43:10,497 [grpc-default-executor-3] INFO  leader.FollowerInfo (FollowerInfoImpl.java:lambda$new$0(46)) - 9bc33821-a41f-4857-8348-6c15ba9d7e69@group-F49EEC7F6D62->13cceed0-1483-466a-85c7-7b1f363ed51c: nextIndex: updateUnconditionally 0 -> 0
2021-07-07 01:43:10,499 [grpc-default-executor-0] INFO  server.RaftServer$Division (RaftServerImpl.java:installSnapshot(1328)) - 13cceed0-1483-466a-85c7-7b1f363ed51c@group-F49EEC7F6D62: receive installSnapshot: 9bc33821-a41f-4857-8348-6c15ba9d7e69->13cceed0-1483-466a-85c7-7b1f363ed51c#0-t2,notify:(t:2, i:1)
2021-07-07 01:43:10,499 [grpc-default-executor-0] INFO  server.RaftServer$Division (RaftServerImpl.java:notifyStateMachineToInstallSnapshot(1610)) - 13cceed0-1483-466a-85c7-7b1f363ed51c@group-F49EEC7F6D62: Snapshot Installation by StateMachine is in progress.
2021-07-07 01:43:10,499 [grpc-default-executor-0] INFO  server.RaftServer$Division (RaftServerImpl.java:installSnapshotImpl(1458)) - 13cceed0-1483-466a-85c7-7b1f363ed51c@group-F49EEC7F6D62: set new configuration index: 5
configurationEntry {
  peers {
    id: "9bc33821-a41f-4857-8348-6c15ba9d7e69"
    address: "localhost:15484"
  }
  peers {
    id: "1f826664-c1d0-47b0-99bc-11cdaf7ce5a3"
    address: "localhost:15494"
  }
}
 from snapshot
2021-07-07 01:43:10,499 [grpc-default-executor-0] INFO  server.RaftServer$Division (ServerState.java:setRaftConf(373)) - 13cceed0-1483-466a-85c7-7b1f363ed51c@group-F49EEC7F6D62: set configuration 5: [9bc33821-a41f-4857-8348-6c15ba9d7e69|rpc:localhost:15484|admin:|client:|dataStream:|priority:0, 1f826664-c1d0-47b0-99bc-11cdaf7ce5a3|rpc:localhost:15494|admin:|client:|dataStream:|priority:0], old=null
2021-07-07 01:43:10,499 [grpc-default-executor-0] INFO  server.RaftServer$Division (RaftServerImpl.java:installSnapshot(1339)) - 13cceed0-1483-466a-85c7-7b1f363ed51c@group-F49EEC7F6D62: reply installSnapshot: 9bc33821-a41f-4857-8348-6c15ba9d7e69<-13cceed0-1483-466a-85c7-7b1f363ed51c#0:FAIL-t2,IN_PROGRESS
2021-07-07 01:43:10,499 [grpc-default-executor-0] INFO  server.GrpcServerProtocolService (GrpcServerProtocolService.java:onCompleted(140)) - 13cceed0-1483-466a-85c7-7b1f363ed51c: Completed INSTALL_SNAPSHOT, lastRequest: 9bc33821-a41f-4857-8348-6c15ba9d7e69->13cceed0-1483-466a-85c7-7b1f363ed51c#0-t2,notify:(t:2, i:1)
2021-07-07 01:43:10,500 [grpc-default-executor-3] INFO  server.GrpcLogAppender (GrpcLogAppender.java:onNext(400)) - 9bc33821-a41f-4857-8348-6c15ba9d7e69@group-F49EEC7F6D62->13cceed0-1483-466a-85c7-7b1f363ed51c-InstallSnapshotResponseHandler: received a reply 9bc33821-a41f-4857-8348-6c15ba9d7e69<-13cceed0-1483-466a-85c7-7b1f363ed51c#0:FAIL-t2,IN_PROGRESS
2021-07-07 01:43:10,500 [grpc-default-executor-3] INFO  server.GrpcLogAppender (GrpcLogAppender.java:onNext(417)) - 9bc33821-a41f-4857-8348-6c15ba9d7e69@group-F49EEC7F6D62->13cceed0-1483-466a-85c7-7b1f363ed51c-InstallSnapshotResponseHandler: InstallSnapshot in progress.
2021-07-07 01:43:10,501 [9bc33821-a41f-4857-8348-6c15ba9d7e69@group-F49EEC7F6D62->13cceed0-1483-466a-85c7-7b1f363ed51c-GrpcLogAppender-LogAppenderDaemon] INFO  server.GrpcLogAppender (GrpcLogAppender.java:installSnapshot(524)) - 9bc33821-a41f-4857-8348-6c15ba9d7e69@group-F49EEC7F6D62->13cceed0-1483-466a-85c7-7b1f363ed51c-GrpcLogAppender: followerNextIndex = 0 but logStartIndex = 1, notify follower to install snapshot-(t:2, i:1)
2021-07-07 01:43:10,501 [9bc33821-a41f-4857-8348-6c15ba9d7e69@group-F49EEC7F6D62->13cceed0-1483-466a-85c7-7b1f363ed51c-GrpcLogAppender-LogAppenderDaemon] INFO  server.GrpcLogAppender (GrpcLogAppender.java:installSnapshot(532)) - 9bc33821-a41f-4857-8348-6c15ba9d7e69@group-F49EEC7F6D62->13cceed0-1483-466a-85c7-7b1f363ed51c-GrpcLogAppender: send 9bc33821-a41f-4857-8348-6c15ba9d7e69->13cceed0-1483-466a-85c7-7b1f363ed51c#0-t2,notify:(t:2, i:1)
2021-07-07 01:43:10,502 [grpc-default-executor-2] INFO  server.RaftServer$Division (RaftServerImpl.java:checkInconsistentAppendEntries(1292)) - 13cceed0-1483-466a-85c7-7b1f363ed51c@group-F49EEC7F6D62: Failed appendEntries as snapshot ((t:2, i:1)) installation is in progress
2021-07-07 01:43:10,502 [grpc-default-executor-2] INFO  server.RaftServer$Division (RaftServerImpl.java:checkInconsistentAppendEntries(1284)) - 13cceed0-1483-466a-85c7-7b1f363ed51c@group-F49EEC7F6D62: inconsistency entries. Reply:9bc33821-a41f-4857-8348-6c15ba9d7e69<-13cceed0-1483-466a-85c7-7b1f363ed51c#6:FAIL-t2,INCONSISTENCY,nextIndex=0,followerCommit=-1
2021-07-07 01:43:10,502 [grpc-default-executor-2] INFO  leader.FollowerInfo (FollowerInfoImpl.java:lambda$new$0(46)) - 9bc33821-a41f-4857-8348-6c15ba9d7e69@group-F49EEC7F6D62->13cceed0-1483-466a-85c7-7b1f363ed51c: nextIndex: updateUnconditionally 0 -> 0
2021-07-07 01:43:10,503 [grpc-default-executor-3] INFO  server.RaftServer$Division (RaftServerImpl.java:installSnapshot(1328)) - 13cceed0-1483-466a-85c7-7b1f363ed51c@group-F49EEC7F6D62: receive installSnapshot: 9bc33821-a41f-4857-8348-6c15ba9d7e69->13cceed0-1483-466a-85c7-7b1f363ed51c#0-t2,notify:(t:2, i:1)
2021-07-07 01:43:10,503 [grpc-default-executor-3] INFO  server.RaftServer$Division (RaftServerImpl.java:notifyStateMachineToInstallSnapshot(1610)) - 13cceed0-1483-466a-85c7-7b1f363ed51c@group-F49EEC7F6D62: Snapshot Installation by StateMachine is in progress.
2021-07-07 01:43:10,504 [grpc-default-executor-3] INFO  server.RaftServer$Division (RaftServerImpl.java:installSnapshotImpl(1458)) - 13cceed0-1483-466a-85c7-7b1f363ed51c@group-F49EEC7F6D62: set new configuration index: 5
configurationEntry {
  peers {
    id: "9bc33821-a41f-4857-8348-6c15ba9d7e69"
    address: "localhost:15484"
  }
  peers {
    id: "1f826664-c1d0-47b0-99bc-11cdaf7ce5a3"
    address: "localhost:15494"
  }
}
 from snapshot
2021-07-07 01:43:10,504 [grpc-default-executor-3] INFO  server.RaftServer$Division (ServerState.java:setRaftConf(373)) - 13cceed0-1483-466a-85c7-7b1f363ed51c@group-F49EEC7F6D62: set configuration 5: [9bc33821-a41f-4857-8348-6c15ba9d7e69|rpc:localhost:15484|admin:|client:|dataStream:|priority:0, 1f826664-c1d0-47b0-99bc-11cdaf7ce5a3|rpc:localhost:15494|admin:|client:|dataStream:|priority:0], old=null
2021-07-07 01:43:10,504 [grpc-default-executor-3] INFO  server.RaftServer$Division (RaftServerImpl.java:installSnapshot(1339)) - 13cceed0-1483-466a-85c7-7b1f363ed51c@group-F49EEC7F6D62: reply installSnapshot: 9bc33821-a41f-4857-8348-6c15ba9d7e69<-13cceed0-1483-466a-85c7-7b1f363ed51c#0:FAIL-t2,IN_PROGRESS
2021-07-07 01:43:10,504 [grpc-default-executor-3] INFO  server.GrpcServerProtocolService (GrpcServerProtocolService.java:onCompleted(140)) - 13cceed0-1483-466a-85c7-7b1f363ed51c: Completed INSTALL_SNAPSHOT, lastRequest: 9bc33821-a41f-4857-8348-6c15ba9d7e69->13cceed0-1483-466a-85c7-7b1f363ed51c#0-t2,notify:(t:2, i:1)
2021-07-07 01:43:10,505 [grpc-default-executor-2] INFO  server.GrpcLogAppender (GrpcLogAppender.java:onNext(400)) - 9bc33821-a41f-4857-8348-6c15ba9d7e69@group-F49EEC7F6D62->13cceed0-1483-466a-85c7-7b1f363ed51c-InstallSnapshotResponseHandler: received a reply 9bc33821-a41f-4857-8348-6c15ba9d7e69<-13cceed0-1483-466a-85c7-7b1f363ed51c#0:FAIL-t2,IN_PROGRESS
2021-07-07 01:43:10,505 [grpc-default-executor-2] INFO  server.GrpcLogAppender (GrpcLogAppender.java:onNext(417)) - 9bc33821-a41f-4857-8348-6c15ba9d7e69@group-F49EEC7F6D62->13cceed0-1483-466a-85c7-7b1f363ed51c-InstallSnapshotResponseHandler: InstallSnapshot in progress.
2021-07-07 01:43:10,506 [9bc33821-a41f-4857-8348-6c15ba9d7e69@group-F49EEC7F6D62->13cceed0-1483-466a-85c7-7b1f363ed51c-GrpcLogAppender-LogAppenderDaemon] INFO  server.GrpcLogAppender (GrpcLogAppender.java:installSnapshot(524)) - 9bc33821-a41f-4857-8348-6c15ba9d7e69@group-F49EEC7F6D62->13cceed0-1483-466a-85c7-7b1f363ed51c-GrpcLogAppender: followerNextIndex = 0 but logStartIndex = 1, notify follower to install snapshot-(t:2, i:1)
2021-07-07 01:43:10,507 [9bc33821-a41f-4857-8348-6c15ba9d7e69@group-F49EEC7F6D62->13cceed0-1483-466a-85c7-7b1f363ed51c-GrpcLogAppender-LogAppenderDaemon] INFO  server.GrpcLogAppender (GrpcLogAppender.java:installSnapshot(532)) - 9bc33821-a41f-4857-8348-6c15ba9d7e69@group-F49EEC7F6D62->13cceed0-1483-466a-85c7-7b1f363ed51c-GrpcLogAppender: send 9bc33821-a41f-4857-8348-6c15ba9d7e69->13cceed0-1483-466a-85c7-7b1f363ed51c#0-t2,notify:(t:2, i:1)
2021-07-07 01:43:10,507 [grpc-default-executor-2] INFO  server.RaftServer$Division (RaftServerImpl.java:checkInconsistentAppendEntries(1292)) - 13cceed0-1483-466a-85c7-7b1f363ed51c@group-F49EEC7F6D62: Failed appendEntries as snapshot ((t:2, i:1)) installation is in progress
2021-07-07 01:43:10,507 [grpc-default-executor-2] INFO  server.RaftServer$Division (RaftServerImpl.java:checkInconsistentAppendEntries(1284)) - 13cceed0-1483-466a-85c7-7b1f363ed51c@group-F49EEC7F6D62: inconsistency entries. Reply:9bc33821-a41f-4857-8348-6c15ba9d7e69<-13cceed0-1483-466a-85c7-7b1f363ed51c#7:FAIL-t2,INCONSISTENCY,nextIndex=0,followerCommit=-1
2021-07-07 01:43:10,508 [grpc-default-executor-2] INFO  leader.FollowerInfo (FollowerInfoImpl.java:lambda$new$0(46)) - 9bc33821-a41f-4857-8348-6c15ba9d7e69@group-F49EEC7F6D62->13cceed0-1483-466a-85c7-7b1f363ed51c: nextIndex: updateUnconditionally 0 -> 0
2021-07-07 01:43:10,511 [grpc-default-executor-3] INFO  server.RaftServer$Division (RaftServerImpl.java:installSnapshot(1328)) - 13cceed0-1483-466a-85c7-7b1f363ed51c@group-F49EEC7F6D62: receive installSnapshot: 9bc33821-a41f-4857-8348-6c15ba9d7e69->13cceed0-1483-466a-85c7-7b1f363ed51c#0-t2,notify:(t:2, i:1)
2021-07-07 01:43:10,511 [grpc-default-executor-3] INFO  server.RaftServer$Division (RaftServerImpl.java:notifyStateMachineToInstallSnapshot(1610)) - 13cceed0-1483-466a-85c7-7b1f363ed51c@group-F49EEC7F6D62: Snapshot Installation by StateMachine is in progress.
2021-07-07 01:43:10,512 [grpc-default-executor-3] INFO  server.RaftServer$Division (RaftServerImpl.java:installSnapshotImpl(1458)) - 13cceed0-1483-466a-85c7-7b1f363ed51c@group-F49EEC7F6D62: set new configuration index: 5
configurationEntry {
  peers {
    id: "9bc33821-a41f-4857-8348-6c15ba9d7e69"
    address: "localhost:15484"
  }
  peers {
    id: "1f826664-c1d0-47b0-99bc-11cdaf7ce5a3"
    address: "localhost:15494"
  }
}
 from snapshot
2021-07-07 01:43:10,512 [grpc-default-executor-3] INFO  server.RaftServer$Division (ServerState.java:setRaftConf(373)) - 13cceed0-1483-466a-85c7-7b1f363ed51c@group-F49EEC7F6D62: set configuration 5: [9bc33821-a41f-4857-8348-6c15ba9d7e69|rpc:localhost:15484|admin:|client:|dataStream:|priority:0, 1f826664-c1d0-47b0-99bc-11cdaf7ce5a3|rpc:localhost:15494|admin:|client:|dataStream:|priority:0], old=null
2021-07-07 01:43:10,513 [grpc-default-executor-3] INFO  server.RaftServer$Division (RaftServerImpl.java:installSnapshot(1339)) - 13cceed0-1483-466a-85c7-7b1f363ed51c@group-F49EEC7F6D62: reply installSnapshot: 9bc33821-a41f-4857-8348-6c15ba9d7e69<-13cceed0-1483-466a-85c7-7b1f363ed51c#0:FAIL-t2,IN_PROGRESS
2021-07-07 01:43:10,513 [grpc-default-executor-3] INFO  server.GrpcServerProtocolService (GrpcServerProtocolService.java:onCompleted(140)) - 13cceed0-1483-466a-85c7-7b1f363ed51c: Completed INSTALL_SNAPSHOT, lastRequest: 9bc33821-a41f-4857-8348-6c15ba9d7e69->13cceed0-1483-466a-85c7-7b1f363ed51c#0-t2,notify:(t:2, i:1)
2021-07-07 01:43:10,514 [pool-213-thread-1] INFO  ha.SCMSnapshotProvider (SCMSnapshotProvider.java:getSCMDBSnapshot(130)) - Successfully downloaded latest checkpoint from leader SCM: scmNode-1 path /home/runner/work/ozone/ozone/mnt/ozone/hadoop-ozone/integration-test/target/test-dir/MiniOzoneClusterImpl-1d7024f8-a0c4-4e84-a8d8-f49eec7f6d62/scmNode-3/snapshot/scm.db-scmNode-1-1625622190437
2021-07-07 01:43:10,514 [pool-213-thread-1] INFO  ha.SCMHAManagerImpl (SCMHAManagerImpl.java:downloadCheckpointFromLeader(158)) - Downloaded checkpoint from Leader scmNode-1 to the location /home/runner/work/ozone/ozone/mnt/ozone/hadoop-ozone/integration-test/target/test-dir/MiniOzoneClusterImpl-1d7024f8-a0c4-4e84-a8d8-f49eec7f6d62/scmNode-3/snapshot/scm.db-scmNode-1-1625622190437
2021-07-07 01:43:10,514 [grpc-default-executor-2] INFO  server.GrpcLogAppender (GrpcLogAppender.java:onNext(400)) - 9bc33821-a41f-4857-8348-6c15ba9d7e69@group-F49EEC7F6D62->13cceed0-1483-466a-85c7-7b1f363ed51c-InstallSnapshotResponseHandler: received a reply 9bc33821-a41f-4857-8348-6c15ba9d7e69<-13cceed0-1483-466a-85c7-7b1f363ed51c#0:FAIL-t2,IN_PROGRESS
2021-07-07 01:43:10,514 [grpc-default-executor-2] INFO  server.GrpcLogAppender (GrpcLogAppender.java:onNext(417)) - 9bc33821-a41f-4857-8348-6c15ba9d7e69@group-F49EEC7F6D62->13cceed0-1483-466a-85c7-7b1f363ed51c-InstallSnapshotResponseHandler: InstallSnapshot in progress.
2021-07-07 01:43:10,516 [9bc33821-a41f-4857-8348-6c15ba9d7e69@group-F49EEC7F6D62->13cceed0-1483-466a-85c7-7b1f363ed51c-GrpcLogAppender-LogAppenderDaemon] INFO  server.GrpcLogAppender (GrpcLogAppender.java:installSnapshot(524)) - 9bc33821-a41f-4857-8348-6c15ba9d7e69@group-F49EEC7F6D62->13cceed0-1483-466a-85c7-7b1f363ed51c-GrpcLogAppender: followerNextIndex = 0 but logStartIndex = 1, notify follower to install snapshot-(t:2, i:1)
2021-07-07 01:43:10,517 [9bc33821-a41f-4857-8348-6c15ba9d7e69@group-F49EEC7F6D62->13cceed0-1483-466a-85c7-7b1f363ed51c-GrpcLogAppender-LogAppenderDaemon] INFO  server.GrpcLogAppender (GrpcLogAppender.java:installSnapshot(532)) - 9bc33821-a41f-4857-8348-6c15ba9d7e69@group-F49EEC7F6D62->13cceed0-1483-466a-85c7-7b1f363ed51c-GrpcLogAppender: send 9bc33821-a41f-4857-8348-6c15ba9d7e69->13cceed0-1483-466a-85c7-7b1f363ed51c#0-t2,notify:(t:2, i:1)
2021-07-07 01:43:10,517 [grpc-default-executor-3] INFO  server.RaftServer$Division (RaftServerImpl.java:checkInconsistentAppendEntries(1292)) - 13cceed0-1483-466a-85c7-7b1f363ed51c@group-F49EEC7F6D62: Failed appendEntries as snapshot ((t:2, i:1)) installation is in progress
2021-07-07 01:43:10,518 [grpc-default-executor-3] INFO  server.RaftServer$Division (RaftServerImpl.java:checkInconsistentAppendEntries(1284)) - 13cceed0-1483-466a-85c7-7b1f363ed51c@group-F49EEC7F6D62: inconsistency entries. Reply:9bc33821-a41f-4857-8348-6c15ba9d7e69<-13cceed0-1483-466a-85c7-7b1f363ed51c#8:FAIL-t2,INCONSISTENCY,nextIndex=0,followerCommit=-1
2021-07-07 01:43:10,518 [grpc-default-executor-3] INFO  leader.FollowerInfo (FollowerInfoImpl.java:lambda$new$0(46)) - 9bc33821-a41f-4857-8348-6c15ba9d7e69@group-F49EEC7F6D62->13cceed0-1483-466a-85c7-7b1f363ed51c: nextIndex: updateUnconditionally 0 -> 0
2021-07-07 01:43:10,519 [grpc-default-executor-2] INFO  server.RaftServer$Division (RaftServerImpl.java:installSnapshot(1328)) - 13cceed0-1483-466a-85c7-7b1f363ed51c@group-F49EEC7F6D62: receive installSnapshot: 9bc33821-a41f-4857-8348-6c15ba9d7e69->13cceed0-1483-466a-85c7-7b1f363ed51c#0-t2,notify:(t:2, i:1)
2021-07-07 01:43:10,519 [grpc-default-executor-2] INFO  server.RaftServer$Division (RaftServerImpl.java:notifyStateMachineToInstallSnapshot(1610)) - 13cceed0-1483-466a-85c7-7b1f363ed51c@group-F49EEC7F6D62: Snapshot Installation by StateMachine is in progress.
2021-07-07 01:43:10,519 [grpc-default-executor-2] INFO  server.RaftServer$Division (RaftServerImpl.java:installSnapshotImpl(1458)) - 13cceed0-1483-466a-85c7-7b1f363ed51c@group-F49EEC7F6D62: set new configuration index: 5
configurationEntry {
  peers {
    id: "9bc33821-a41f-4857-8348-6c15ba9d7e69"
    address: "localhost:15484"
  }
  peers {
    id: "1f826664-c1d0-47b0-99bc-11cdaf7ce5a3"
    address: "localhost:15494"
  }
}
 from snapshot
2021-07-07 01:43:10,520 [grpc-default-executor-2] INFO  server.RaftServer$Division (ServerState.java:setRaftConf(373)) - 13cceed0-1483-466a-85c7-7b1f363ed51c@group-F49EEC7F6D62: set configuration 5: [9bc33821-a41f-4857-8348-6c15ba9d7e69|rpc:localhost:15484|admin:|client:|dataStream:|priority:0, 1f826664-c1d0-47b0-99bc-11cdaf7ce5a3|rpc:localhost:15494|admin:|client:|dataStream:|priority:0], old=null
2021-07-07 01:43:10,520 [grpc-default-executor-2] INFO  server.RaftServer$Division (RaftServerImpl.java:installSnapshot(1339)) - 13cceed0-1483-466a-85c7-7b1f363ed51c@group-F49EEC7F6D62: reply installSnapshot: 9bc33821-a41f-4857-8348-6c15ba9d7e69<-13cceed0-1483-466a-85c7-7b1f363ed51c#0:FAIL-t2,IN_PROGRESS
2021-07-07 01:43:10,520 [grpc-default-executor-2] INFO  server.GrpcServerProtocolService (GrpcServerProtocolService.java:onCompleted(140)) - 13cceed0-1483-466a-85c7-7b1f363ed51c: Completed INSTALL_SNAPSHOT, lastRequest: 9bc33821-a41f-4857-8348-6c15ba9d7e69->13cceed0-1483-466a-85c7-7b1f363ed51c#0-t2,notify:(t:2, i:1)
2021-07-07 01:43:10,521 [grpc-default-executor-2] INFO  server.GrpcLogAppender (GrpcLogAppender.java:onNext(400)) - 9bc33821-a41f-4857-8348-6c15ba9d7e69@group-F49EEC7F6D62->13cceed0-1483-466a-85c7-7b1f363ed51c-InstallSnapshotResponseHandler: received a reply 9bc33821-a41f-4857-8348-6c15ba9d7e69<-13cceed0-1483-466a-85c7-7b1f363ed51c#0:FAIL-t2,IN_PROGRESS
2021-07-07 01:43:10,521 [grpc-default-executor-2] INFO  server.GrpcLogAppender (GrpcLogAppender.java:onNext(417)) - 9bc33821-a41f-4857-8348-6c15ba9d7e69@group-F49EEC7F6D62->13cceed0-1483-466a-85c7-7b1f363ed51c-InstallSnapshotResponseHandler: InstallSnapshot in progress.
2021-07-07 01:43:10,526 [9bc33821-a41f-4857-8348-6c15ba9d7e69@group-F49EEC7F6D62->13cceed0-1483-466a-85c7-7b1f363ed51c-GrpcLogAppender-LogAppenderDaemon] INFO  server.GrpcLogAppender (GrpcLogAppender.java:installSnapshot(524)) - 9bc33821-a41f-4857-8348-6c15ba9d7e69@group-F49EEC7F6D62->13cceed0-1483-466a-85c7-7b1f363ed51c-GrpcLogAppender: followerNextIndex = 0 but logStartIndex = 1, notify follower to install snapshot-(t:2, i:1)
2021-07-07 01:43:10,527 [9bc33821-a41f-4857-8348-6c15ba9d7e69@group-F49EEC7F6D62->13cceed0-1483-466a-85c7-7b1f363ed51c-GrpcLogAppender-LogAppenderDaemon] INFO  server.GrpcLogAppender (GrpcLogAppender.java:installSnapshot(532)) - 9bc33821-a41f-4857-8348-6c15ba9d7e69@group-F49EEC7F6D62->13cceed0-1483-466a-85c7-7b1f363ed51c-GrpcLogAppender: send 9bc33821-a41f-4857-8348-6c15ba9d7e69->13cceed0-1483-466a-85c7-7b1f363ed51c#0-t2,notify:(t:2, i:1)
2021-07-07 01:43:10,527 [grpc-default-executor-2] INFO  server.RaftServer$Division (RaftServerImpl.java:checkInconsistentAppendEntries(1292)) - 13cceed0-1483-466a-85c7-7b1f363ed51c@group-F49EEC7F6D62: Failed appendEntries as snapshot ((t:2, i:1)) installation is in progress
2021-07-07 01:43:10,527 [grpc-default-executor-2] INFO  server.RaftServer$Division (RaftServerImpl.java:checkInconsistentAppendEntries(1284)) - 13cceed0-1483-466a-85c7-7b1f363ed51c@group-F49EEC7F6D62: inconsistency entries. Reply:9bc33821-a41f-4857-8348-6c15ba9d7e69<-13cceed0-1483-466a-85c7-7b1f363ed51c#9:FAIL-t2,INCONSISTENCY,nextIndex=0,followerCommit=-1
2021-07-07 01:43:10,532 [grpc-default-executor-3] INFO  server.RaftServer$Division (RaftServerImpl.java:installSnapshot(1328)) - 13cceed0-1483-466a-85c7-7b1f363ed51c@group-F49EEC7F6D62: receive installSnapshot: 9bc33821-a41f-4857-8348-6c15ba9d7e69->13cceed0-1483-466a-85c7-7b1f363ed51c#0-t2,notify:(t:2, i:1)
2021-07-07 01:43:10,532 [grpc-default-executor-3] INFO  server.RaftServer$Division (RaftServerImpl.java:notifyStateMachineToInstallSnapshot(1610)) - 13cceed0-1483-466a-85c7-7b1f363ed51c@group-F49EEC7F6D62: Snapshot Installation by StateMachine is in progress.
2021-07-07 01:43:10,532 [grpc-default-executor-3] INFO  server.RaftServer$Division (RaftServerImpl.java:installSnapshotImpl(1458)) - 13cceed0-1483-466a-85c7-7b1f363ed51c@group-F49EEC7F6D62: set new configuration index: 5
configurationEntry {
  peers {
    id: "9bc33821-a41f-4857-8348-6c15ba9d7e69"
    address: "localhost:15484"
  }
  peers {
    id: "1f826664-c1d0-47b0-99bc-11cdaf7ce5a3"
    address: "localhost:15494"
  }
}
 from snapshot
2021-07-07 01:43:10,533 [grpc-default-executor-3] INFO  server.RaftServer$Division (ServerState.java:setRaftConf(373)) - 13cceed0-1483-466a-85c7-7b1f363ed51c@group-F49EEC7F6D62: set configuration 5: [9bc33821-a41f-4857-8348-6c15ba9d7e69|rpc:localhost:15484|admin:|client:|dataStream:|priority:0, 1f826664-c1d0-47b0-99bc-11cdaf7ce5a3|rpc:localhost:15494|admin:|client:|dataStream:|priority:0], old=null
2021-07-07 01:43:10,533 [grpc-default-executor-3] INFO  server.RaftServer$Division (RaftServerImpl.java:installSnapshot(1339)) - 13cceed0-1483-466a-85c7-7b1f363ed51c@group-F49EEC7F6D62: reply installSnapshot: 9bc33821-a41f-4857-8348-6c15ba9d7e69<-13cceed0-1483-466a-85c7-7b1f363ed51c#0:FAIL-t2,IN_PROGRESS
2021-07-07 01:43:10,533 [grpc-default-executor-3] INFO  server.GrpcServerProtocolService (GrpcServerProtocolService.java:onCompleted(140)) - 13cceed0-1483-466a-85c7-7b1f363ed51c: Completed INSTALL_SNAPSHOT, lastRequest: 9bc33821-a41f-4857-8348-6c15ba9d7e69->13cceed0-1483-466a-85c7-7b1f363ed51c#0-t2,notify:(t:2, i:1)
2021-07-07 01:43:10,537 [grpc-default-executor-0] INFO  server.GrpcLogAppender (GrpcLogAppender.java:onNext(400)) - 9bc33821-a41f-4857-8348-6c15ba9d7e69@group-F49EEC7F6D62->13cceed0-1483-466a-85c7-7b1f363ed51c-InstallSnapshotResponseHandler: received a reply 9bc33821-a41f-4857-8348-6c15ba9d7e69<-13cceed0-1483-466a-85c7-7b1f363ed51c#0:FAIL-t2,IN_PROGRESS
2021-07-07 01:43:10,537 [grpc-default-executor-0] INFO  server.GrpcLogAppender (GrpcLogAppender.java:onNext(417)) - 9bc33821-a41f-4857-8348-6c15ba9d7e69@group-F49EEC7F6D62->13cceed0-1483-466a-85c7-7b1f363ed51c-InstallSnapshotResponseHandler: InstallSnapshot in progress.
2021-07-07 01:43:10,538 [grpc-default-executor-2] INFO  leader.FollowerInfo (FollowerInfoImpl.java:lambda$new$0(46)) - 9bc33821-a41f-4857-8348-6c15ba9d7e69@group-F49EEC7F6D62->13cceed0-1483-466a-85c7-7b1f363ed51c: nextIndex: updateUnconditionally 0 -> 0
2021-07-07 01:43:10,538 [9bc33821-a41f-4857-8348-6c15ba9d7e69@group-F49EEC7F6D62->13cceed0-1483-466a-85c7-7b1f363ed51c-GrpcLogAppender-LogAppenderDaemon] INFO  server.GrpcLogAppender (GrpcLogAppender.java:installSnapshot(524)) - 9bc33821-a41f-4857-8348-6c15ba9d7e69@group-F49EEC7F6D62->13cceed0-1483-466a-85c7-7b1f363ed51c-GrpcLogAppender: followerNextIndex = 0 but logStartIndex = 1, notify follower to install snapshot-(t:2, i:1)
2021-07-07 01:43:10,539 [9bc33821-a41f-4857-8348-6c15ba9d7e69@group-F49EEC7F6D62->13cceed0-1483-466a-85c7-7b1f363ed51c-GrpcLogAppender-LogAppenderDaemon] INFO  server.GrpcLogAppender (GrpcLogAppender.java:installSnapshot(532)) - 9bc33821-a41f-4857-8348-6c15ba9d7e69@group-F49EEC7F6D62->13cceed0-1483-466a-85c7-7b1f363ed51c-GrpcLogAppender: send 9bc33821-a41f-4857-8348-6c15ba9d7e69->13cceed0-1483-466a-85c7-7b1f363ed51c#0-t2,notify:(t:2, i:1)
2021-07-07 01:43:10,539 [grpc-default-executor-2] INFO  server.RaftServer$Division (RaftServerImpl.java:checkInconsistentAppendEntries(1292)) - 13cceed0-1483-466a-85c7-7b1f363ed51c@group-F49EEC7F6D62: Failed appendEntries as snapshot ((t:2, i:1)) installation is in progress
2021-07-07 01:43:10,542 [grpc-default-executor-0] INFO  server.RaftServer$Division (RaftServerImpl.java:installSnapshot(1328)) - 13cceed0-1483-466a-85c7-7b1f363ed51c@group-F49EEC7F6D62: receive installSnapshot: 9bc33821-a41f-4857-8348-6c15ba9d7e69->13cceed0-1483-466a-85c7-7b1f363ed51c#0-t2,notify:(t:2, i:1)
2021-07-07 01:43:10,547 [grpc-default-executor-2] INFO  server.RaftServer$Division (RaftServerImpl.java:checkInconsistentAppendEntries(1284)) - 13cceed0-1483-466a-85c7-7b1f363ed51c@group-F49EEC7F6D62: inconsistency entries. Reply:9bc33821-a41f-4857-8348-6c15ba9d7e69<-13cceed0-1483-466a-85c7-7b1f363ed51c#10:FAIL-t2,INCONSISTENCY,nextIndex=0,followerCommit=-1
2021-07-07 01:43:10,550 [grpc-default-executor-0] INFO  server.RaftServer$Division (RaftServerImpl.java:notifyStateMachineToInstallSnapshot(1610)) - 13cceed0-1483-466a-85c7-7b1f363ed51c@group-F49EEC7F6D62: Snapshot Installation by StateMachine is in progress.
2021-07-07 01:43:10,550 [grpc-default-executor-0] INFO  server.RaftServer$Division (RaftServerImpl.java:installSnapshotImpl(1458)) - 13cceed0-1483-466a-85c7-7b1f363ed51c@group-F49EEC7F6D62: set new configuration index: 5
configurationEntry {
  peers {
    id: "9bc33821-a41f-4857-8348-6c15ba9d7e69"
    address: "localhost:15484"
  }
  peers {
    id: "1f826664-c1d0-47b0-99bc-11cdaf7ce5a3"
    address: "localhost:15494"
  }
}
 from snapshot
2021-07-07 01:43:10,550 [grpc-default-executor-0] INFO  server.RaftServer$Division (ServerState.java:setRaftConf(373)) - 13cceed0-1483-466a-85c7-7b1f363ed51c@group-F49EEC7F6D62: set configuration 5: [9bc33821-a41f-4857-8348-6c15ba9d7e69|rpc:localhost:15484|admin:|client:|dataStream:|priority:0, 1f826664-c1d0-47b0-99bc-11cdaf7ce5a3|rpc:localhost:15494|admin:|client:|dataStream:|priority:0], old=null
2021-07-07 01:43:10,550 [grpc-default-executor-0] INFO  server.RaftServer$Division (RaftServerImpl.java:installSnapshot(1339)) - 13cceed0-1483-466a-85c7-7b1f363ed51c@group-F49EEC7F6D62: reply installSnapshot: 9bc33821-a41f-4857-8348-6c15ba9d7e69<-13cceed0-1483-466a-85c7-7b1f363ed51c#0:FAIL-t2,IN_PROGRESS
2021-07-07 01:43:10,550 [grpc-default-executor-0] INFO  server.GrpcServerProtocolService (GrpcServerProtocolService.java:onCompleted(140)) - 13cceed0-1483-466a-85c7-7b1f363ed51c: Completed INSTALL_SNAPSHOT, lastRequest: 9bc33821-a41f-4857-8348-6c15ba9d7e69->13cceed0-1483-466a-85c7-7b1f363ed51c#0-t2,notify:(t:2, i:1)
2021-07-07 01:43:10,551 [grpc-default-executor-2] INFO  leader.FollowerInfo (FollowerInfoImpl.java:lambda$new$0(46)) - 9bc33821-a41f-4857-8348-6c15ba9d7e69@group-F49EEC7F6D62->13cceed0-1483-466a-85c7-7b1f363ed51c: nextIndex: updateUnconditionally 0 -> 0
2021-07-07 01:43:10,551 [grpc-default-executor-3] INFO  server.GrpcLogAppender (GrpcLogAppender.java:onNext(400)) - 9bc33821-a41f-4857-8348-6c15ba9d7e69@group-F49EEC7F6D62->13cceed0-1483-466a-85c7-7b1f363ed51c-InstallSnapshotResponseHandler: received a reply 9bc33821-a41f-4857-8348-6c15ba9d7e69<-13cceed0-1483-466a-85c7-7b1f363ed51c#0:FAIL-t2,IN_PROGRESS
2021-07-07 01:43:10,551 [grpc-default-executor-3] INFO  server.GrpcLogAppender (GrpcLogAppender.java:onNext(417)) - 9bc33821-a41f-4857-8348-6c15ba9d7e69@group-F49EEC7F6D62->13cceed0-1483-466a-85c7-7b1f363ed51c-InstallSnapshotResponseHandler: InstallSnapshot in progress.
2021-07-07 01:43:10,554 [9bc33821-a41f-4857-8348-6c15ba9d7e69@group-F49EEC7F6D62->13cceed0-1483-466a-85c7-7b1f363ed51c-GrpcLogAppender-LogAppenderDaemon] INFO  server.GrpcLogAppender (GrpcLogAppender.java:installSnapshot(524)) - 9bc33821-a41f-4857-8348-6c15ba9d7e69@group-F49EEC7F6D62->13cceed0-1483-466a-85c7-7b1f363ed51c-GrpcLogAppender: followerNextIndex = 0 but logStartIndex = 1, notify follower to install snapshot-(t:2, i:1)
2021-07-07 01:43:10,554 [9bc33821-a41f-4857-8348-6c15ba9d7e69@group-F49EEC7F6D62->13cceed0-1483-466a-85c7-7b1f363ed51c-GrpcLogAppender-LogAppenderDaemon] INFO  server.GrpcLogAppender (GrpcLogAppender.java:installSnapshot(532)) - 9bc33821-a41f-4857-8348-6c15ba9d7e69@group-F49EEC7F6D62->13cceed0-1483-466a-85c7-7b1f363ed51c-GrpcLogAppender: send 9bc33821-a41f-4857-8348-6c15ba9d7e69->13cceed0-1483-466a-85c7-7b1f363ed51c#0-t2,notify:(t:2, i:1)
2021-07-07 01:43:10,559 [grpc-default-executor-3] INFO  server.RaftServer$Division (RaftServerImpl.java:checkInconsistentAppendEntries(1292)) - 13cceed0-1483-466a-85c7-7b1f363ed51c@group-F49EEC7F6D62: Failed appendEntries as snapshot ((t:2, i:1)) installation is in progress
2021-07-07 01:43:10,559 [grpc-default-executor-3] INFO  server.RaftServer$Division (RaftServerImpl.java:checkInconsistentAppendEntries(1284)) - 13cceed0-1483-466a-85c7-7b1f363ed51c@group-F49EEC7F6D62: inconsistency entries. Reply:9bc33821-a41f-4857-8348-6c15ba9d7e69<-13cceed0-1483-466a-85c7-7b1f363ed51c#11:FAIL-t2,INCONSISTENCY,nextIndex=0,followerCommit=-1
2021-07-07 01:43:10,559 [pool-213-thread-1] INFO  ha.SCMHAManagerImpl (SCMHAManagerImpl.java:verifyCheckpointFromLeader(172)) - Installing checkpoint with SCMTransactionInfo 2#24
2021-07-07 01:43:10,559 [pool-213-thread-1] INFO  server.RaftServer$Division (RaftServerImpl.java:lambda$notifyStateMachineToInstallSnapshot$30(1593)) - 13cceed0-1483-466a-85c7-7b1f363ed51c@group-F49EEC7F6D62: StateMachine successfully installed snapshot index 24. Reloading the StateMachine.
2021-07-07 01:43:10,559 [pool-213-thread-1] INFO  segmented.SegmentedRaftLogWorker (SegmentedRaftLogWorker.java:lambda$new$0(133)) - 13cceed0-1483-466a-85c7-7b1f363ed51c@group-F49EEC7F6D62-SegmentedRaftLogWorker: flushIndex: setUnconditionally -1 -> 24
2021-07-07 01:43:10,559 [pool-213-thread-1] INFO  segmented.SegmentedRaftLogWorker (SegmentedRaftLogWorker.java:lambda$new$0(133)) - 13cceed0-1483-466a-85c7-7b1f363ed51c@group-F49EEC7F6D62-SegmentedRaftLogWorker: safeCacheEvictIndex: setUnconditionally -1 -> 24
2021-07-07 01:43:10,559 [grpc-default-executor-3] INFO  server.RaftServer$Division (RaftServerImpl.java:installSnapshot(1328)) - 13cceed0-1483-466a-85c7-7b1f363ed51c@group-F49EEC7F6D62: receive installSnapshot: 9bc33821-a41f-4857-8348-6c15ba9d7e69->13cceed0-1483-466a-85c7-7b1f363ed51c#0-t2,notify:(t:2, i:1)
2021-07-07 01:43:10,559 [pool-213-thread-1] INFO  raftlog.RaftLog (RaftLogBase.java:lambda$new$0(53)) - 13cceed0-1483-466a-85c7-7b1f363ed51c@group-F49EEC7F6D62-SegmentedRaftLog: snapshotIndex: updateIncreasingly -1 -> 24
2021-07-07 01:43:10,559 [grpc-default-executor-2] INFO  leader.FollowerInfo (FollowerInfoImpl.java:lambda$new$0(46)) - 9bc33821-a41f-4857-8348-6c15ba9d7e69@group-F49EEC7F6D62->13cceed0-1483-466a-85c7-7b1f363ed51c: nextIndex: updateUnconditionally 0 -> 0
2021-07-07 01:43:10,559 [grpc-default-executor-3] INFO  server.RaftServer$Division (RaftServerImpl.java:notifyStateMachineToInstallSnapshot(1610)) - 13cceed0-1483-466a-85c7-7b1f363ed51c@group-F49EEC7F6D62: Snapshot Installation by StateMachine is in progress.
2021-07-07 01:43:10,560 [grpc-default-executor-3] INFO  server.RaftServer$Division (RaftServerImpl.java:installSnapshotImpl(1458)) - 13cceed0-1483-466a-85c7-7b1f363ed51c@group-F49EEC7F6D62: set new configuration index: 5
configurationEntry {
  peers {
    id: "9bc33821-a41f-4857-8348-6c15ba9d7e69"
    address: "localhost:15484"
  }
  peers {
    id: "1f826664-c1d0-47b0-99bc-11cdaf7ce5a3"
    address: "localhost:15494"
  }
}
 from snapshot
2021-07-07 01:43:10,560 [grpc-default-executor-3] INFO  server.RaftServer$Division (ServerState.java:setRaftConf(373)) - 13cceed0-1483-466a-85c7-7b1f363ed51c@group-F49EEC7F6D62: set configuration 5: [9bc33821-a41f-4857-8348-6c15ba9d7e69|rpc:localhost:15484|admin:|client:|dataStream:|priority:0, 1f826664-c1d0-47b0-99bc-11cdaf7ce5a3|rpc:localhost:15494|admin:|client:|dataStream:|priority:0], old=null
2021-07-07 01:43:10,560 [grpc-default-executor-3] INFO  server.RaftServer$Division (RaftServerImpl.java:installSnapshot(1339)) - 13cceed0-1483-466a-85c7-7b1f363ed51c@group-F49EEC7F6D62: reply installSnapshot: 9bc33821-a41f-4857-8348-6c15ba9d7e69<-13cceed0-1483-466a-85c7-7b1f363ed51c#0:FAIL-t2,IN_PROGRESS
2021-07-07 01:43:10,561 [grpc-default-executor-3] INFO  server.GrpcServerProtocolService (GrpcServerProtocolService.java:onCompleted(140)) - 13cceed0-1483-466a-85c7-7b1f363ed51c: Completed INSTALL_SNAPSHOT, lastRequest: 9bc33821-a41f-4857-8348-6c15ba9d7e69->13cceed0-1483-466a-85c7-7b1f363ed51c#0-t2,notify:(t:2, i:1)
2021-07-07 01:43:10,561 [grpc-default-executor-2] INFO  server.GrpcLogAppender (GrpcLogAppender.java:onNext(400)) - 9bc33821-a41f-4857-8348-6c15ba9d7e69@group-F49EEC7F6D62->13cceed0-1483-466a-85c7-7b1f363ed51c-InstallSnapshotResponseHandler: received a reply 9bc33821-a41f-4857-8348-6c15ba9d7e69<-13cceed0-1483-466a-85c7-7b1f363ed51c#0:FAIL-t2,IN_PROGRESS
2021-07-07 01:43:10,561 [grpc-default-executor-2] INFO  server.GrpcLogAppender (GrpcLogAppender.java:onNext(417)) - 9bc33821-a41f-4857-8348-6c15ba9d7e69@group-F49EEC7F6D62->13cceed0-1483-466a-85c7-7b1f363ed51c-InstallSnapshotResponseHandler: InstallSnapshot in progress.
2021-07-07 01:43:10,567 [grpc-default-executor-3] INFO  server.RaftServer$Division (RaftServerImpl.java:checkInconsistentAppendEntries(1292)) - 13cceed0-1483-466a-85c7-7b1f363ed51c@group-F49EEC7F6D62: Failed appendEntries as snapshot ((t:2, i:1)) installation is in progress
2021-07-07 01:43:10,567 [9bc33821-a41f-4857-8348-6c15ba9d7e69@group-F49EEC7F6D62->13cceed0-1483-466a-85c7-7b1f363ed51c-GrpcLogAppender-LogAppenderDaemon] INFO  server.GrpcLogAppender (GrpcLogAppender.java:installSnapshot(524)) - 9bc33821-a41f-4857-8348-6c15ba9d7e69@group-F49EEC7F6D62->13cceed0-1483-466a-85c7-7b1f363ed51c-GrpcLogAppender: followerNextIndex = 0 but logStartIndex = 1, notify follower to install snapshot-(t:2, i:1)
2021-07-07 01:43:10,567 [9bc33821-a41f-4857-8348-6c15ba9d7e69@group-F49EEC7F6D62->13cceed0-1483-466a-85c7-7b1f363ed51c-GrpcLogAppender-LogAppenderDaemon] INFO  server.GrpcLogAppender (GrpcLogAppender.java:installSnapshot(532)) - 9bc33821-a41f-4857-8348-6c15ba9d7e69@group-F49EEC7F6D62->13cceed0-1483-466a-85c7-7b1f363ed51c-GrpcLogAppender: send 9bc33821-a41f-4857-8348-6c15ba9d7e69->13cceed0-1483-466a-85c7-7b1f363ed51c#0-t2,notify:(t:2, i:1)
2021-07-07 01:43:10,573 [grpc-default-executor-2] INFO  server.RaftServer$Division (RaftServerImpl.java:installSnapshot(1328)) - 13cceed0-1483-466a-85c7-7b1f363ed51c@group-F49EEC7F6D62: receive installSnapshot: 9bc33821-a41f-4857-8348-6c15ba9d7e69->13cceed0-1483-466a-85c7-7b1f363ed51c#0-t2,notify:(t:2, i:1)
2021-07-07 01:43:10,573 [grpc-default-executor-3] INFO  server.RaftServer$Division (RaftServerImpl.java:checkInconsistentAppendEntries(1284)) - 13cceed0-1483-466a-85c7-7b1f363ed51c@group-F49EEC7F6D62: inconsistency entries. Reply:9bc33821-a41f-4857-8348-6c15ba9d7e69<-13cceed0-1483-466a-85c7-7b1f363ed51c#12:FAIL-t2,INCONSISTENCY,nextIndex=25,followerCommit=-1
2021-07-07 01:43:10,576 [grpc-default-executor-2] INFO  server.RaftServer$Division (RaftServerImpl.java:notifyStateMachineToInstallSnapshot(1559)) - 13cceed0-1483-466a-85c7-7b1f363ed51c@group-F49EEC7F6D62: StateMachine snapshotIndex is 24
2021-07-07 01:43:10,576 [grpc-default-executor-3] INFO  leader.FollowerInfo (FollowerInfoImpl.java:lambda$new$0(46)) - 9bc33821-a41f-4857-8348-6c15ba9d7e69@group-F49EEC7F6D62->13cceed0-1483-466a-85c7-7b1f363ed51c: nextIndex: updateUnconditionally 0 -> 25
2021-07-07 01:43:10,576 [grpc-default-executor-2] INFO  server.RaftServer$Division (RaftServerImpl.java:installSnapshotImpl(1458)) - 13cceed0-1483-466a-85c7-7b1f363ed51c@group-F49EEC7F6D62: set new configuration index: 5
configurationEntry {
  peers {
    id: "9bc33821-a41f-4857-8348-6c15ba9d7e69"
    address: "localhost:15484"
  }
  peers {
    id: "1f826664-c1d0-47b0-99bc-11cdaf7ce5a3"
    address: "localhost:15494"
  }
}
 from snapshot
2021-07-07 01:43:10,576 [grpc-default-executor-2] INFO  server.RaftServer$Division (ServerState.java:setRaftConf(373)) - 13cceed0-1483-466a-85c7-7b1f363ed51c@group-F49EEC7F6D62: set configuration 5: [9bc33821-a41f-4857-8348-6c15ba9d7e69|rpc:localhost:15484|admin:|client:|dataStream:|priority:0, 1f826664-c1d0-47b0-99bc-11cdaf7ce5a3|rpc:localhost:15494|admin:|client:|dataStream:|priority:0], old=null
2021-07-07 01:43:10,576 [grpc-default-executor-2] INFO  server.RaftServer$Division (RaftServerImpl.java:installSnapshot(1339)) - 13cceed0-1483-466a-85c7-7b1f363ed51c@group-F49EEC7F6D62: reply installSnapshot: 9bc33821-a41f-4857-8348-6c15ba9d7e69<-13cceed0-1483-466a-85c7-7b1f363ed51c#0:FAIL-t2,ALREADY_INSTALLED,snapshotIndex=24
2021-07-07 01:43:10,577 [grpc-default-executor-2] INFO  server.GrpcServerProtocolService (GrpcServerProtocolService.java:onCompleted(140)) - 13cceed0-1483-466a-85c7-7b1f363ed51c: Completed INSTALL_SNAPSHOT, lastRequest: 9bc33821-a41f-4857-8348-6c15ba9d7e69->13cceed0-1483-466a-85c7-7b1f363ed51c#0-t2,notify:(t:2, i:1)
2021-07-07 01:43:10,577 [grpc-default-executor-3] INFO  server.GrpcLogAppender (GrpcLogAppender.java:onNext(400)) - 9bc33821-a41f-4857-8348-6c15ba9d7e69@group-F49EEC7F6D62->13cceed0-1483-466a-85c7-7b1f363ed51c-InstallSnapshotResponseHandler: received a reply 9bc33821-a41f-4857-8348-6c15ba9d7e69<-13cceed0-1483-466a-85c7-7b1f363ed51c#0:FAIL-t2,ALREADY_INSTALLED,snapshotIndex=24
2021-07-07 01:43:10,577 [grpc-default-executor-3] INFO  server.GrpcLogAppender (GrpcLogAppender.java:onNext(422)) - 9bc33821-a41f-4857-8348-6c15ba9d7e69@group-F49EEC7F6D62->13cceed0-1483-466a-85c7-7b1f363ed51c-InstallSnapshotResponseHandler: Already Installed Snapshot Index 24.
2021-07-07 01:43:10,577 [grpc-default-executor-3] INFO  leader.FollowerInfo (FollowerInfoImpl.java:lambda$new$0(46)) - 9bc33821-a41f-4857-8348-6c15ba9d7e69@group-F49EEC7F6D62->13cceed0-1483-466a-85c7-7b1f363ed51c: snapshotIndex: setUnconditionally 0 -> 24
2021-07-07 01:43:10,577 [grpc-default-executor-3] INFO  leader.FollowerInfo (FollowerInfoImpl.java:lambda$new$0(46)) - 9bc33821-a41f-4857-8348-6c15ba9d7e69@group-F49EEC7F6D62->13cceed0-1483-466a-85c7-7b1f363ed51c: matchIndex: setUnconditionally 0 -> 24
2021-07-07 01:43:10,577 [grpc-default-executor-3] INFO  leader.FollowerInfo (FollowerInfoImpl.java:lambda$new$0(46)) - 9bc33821-a41f-4857-8348-6c15ba9d7e69@group-F49EEC7F6D62->13cceed0-1483-466a-85c7-7b1f363ed51c: nextIndex: setUnconditionally 25 -> 25
2021-07-07 01:43:10,577 [grpc-default-executor-3] INFO  leader.FollowerInfo (FollowerInfoImpl.java:lambda$new$0(46)) - 9bc33821-a41f-4857-8348-6c15ba9d7e69@group-F49EEC7F6D62->13cceed0-1483-466a-85c7-7b1f363ed51c: nextIndex: updateToMax old=25, new=25, updated? false
2021-07-07 01:43:10,606 [13cceed0-1483-466a-85c7-7b1f363ed51c@group-F49EEC7F6D62-StateMachineUpdater] INFO  ha.SCMHAManagerImpl (SCMHAManagerImpl.java:installCheckpoint(227)) - Installing checkpoint with SCMTransactionInfo 2#24
2021-07-07 01:43:10,606 [13cceed0-1483-466a-85c7-7b1f363ed51c@group-F49EEC7F6D62-StateMachineUpdater] INFO  ha.SCMHAManagerImpl (SCMHAManagerImpl.java:installCheckpoint(266)) - Replaced DB with checkpoint, term: 2, index: 24
2021-07-07 01:43:10,607 [13cceed0-1483-466a-85c7-7b1f363ed51c@group-F49EEC7F6D62-StateMachineUpdater] WARN  utils.HAUtils (HAUtils.java:getMetaDir(342)) - ozone.scm.db.dirs is not configured. We recommend adding this setting. Falling back to ozone.metadata.dirs instead.
2021-07-07 01:43:10,607 [13cceed0-1483-466a-85c7-7b1f363ed51c@group-F49EEC7F6D62-StateMachineUpdater] WARN  db.DBStoreBuilder (DBStoreBuilder.java:applyDBDefinition(145)) - ozone.scm.db.dirs is not configured. We recommend adding this setting. Falling back to ozone.metadata.dirs instead.
2021-07-07 01:43:10,629 [13cceed0-1483-466a-85c7-7b1f363ed51c@group-F49EEC7F6D62-StateMachineUpdater] INFO  ha.SequenceIdGenerator (SequenceIdGenerator.java:reinitialize(165)) - reinitialize SequenceIdGenerator.
2021-07-07 01:43:10,630 [13cceed0-1483-466a-85c7-7b1f363ed51c@group-F49EEC7F6D62-StateMachineUpdater] INFO  ha.SCMHAManagerImpl (SCMHAManagerImpl.java:installCheckpoint(277)) - Reloaded SCM state with Term: 2 and Index: 24
2021-07-07 01:43:10,630 [13cceed0-1483-466a-85c7-7b1f363ed51c@group-F49EEC7F6D62-StateMachineUpdater] INFO  impl.StateMachineUpdater (StateMachineUpdater.java:lambda$new$0(89)) - 13cceed0-1483-466a-85c7-7b1f363ed51c@group-F49EEC7F6D62-StateMachineUpdater: snapshotIndex: setUnconditionally -1 -> 24
2021-07-07 01:43:10,630 [13cceed0-1483-466a-85c7-7b1f363ed51c@group-F49EEC7F6D62-StateMachineUpdater] INFO  impl.StateMachineUpdater (StateMachineUpdater.java:lambda$new$0(89)) - 13cceed0-1483-466a-85c7-7b1f363ed51c@group-F49EEC7F6D62-StateMachineUpdater: appliedIndex: setUnconditionally -1 -> 24
2021-07-07 01:43:10,880 [EndpointStateMachine task thread for /127.0.0.1:13951 - 0 ] INFO  ipc.Client (Client.java:handleConnectionFailure(966)) - Retrying connect to server: localhost/127.0.0.1:13951. Already tried 4 time(s); retry policy is RetryUpToMaximumCountWithFixedSleep(maxRetries=15, sleepTime=1000 MILLISECONDS)
2021-07-07 01:43:10,880 [EndpointStateMachine task thread for /127.0.0.1:13961 - 0 ] INFO  ipc.Client (Client.java:handleConnectionFailure(966)) - Retrying connect to server: localhost/127.0.0.1:13961. Already tried 4 time(s); retry policy is RetryUpToMaximumCountWithFixedSleep(maxRetries=15, sleepTime=1000 MILLISECONDS)
2021-07-07 01:43:10,881 [EndpointStateMachine task thread for /127.0.0.1:13941 - 0 ] INFO  ipc.Client (Client.java:handleConnectionFailure(966)) - Retrying connect to server: localhost/127.0.0.1:13941. Already tried 6 time(s); retry policy is RetryUpToMaximumCountWithFixedSleep(maxRetries=15, sleepTime=1000 MILLISECONDS)
2021-07-07 01:43:11,635 [org.apache.ratis.util.JvmPauseMonitor$$Lambda$493/611739613@180e75db] WARN  util.JvmPauseMonitor (JvmPauseMonitor.java:detectPause(124)) - JvmPauseMonitor-0f49443e-0a6a-496b-95aa-140a56b5e2f8: Detected pause in JVM or host machine (eg GC): pause of approximately 105251239ns.
GC pool 'PS MarkSweep' had collection(s): count=1 time=360ms
GC pool 'PS Scavenge' had collection(s): count=1 time=179ms
2021-07-07 01:43:11,642 [Datanode State Machine Thread - 0] ERROR datanode.RunningDatanodeState (RunningDatanodeState.java:computeNextContainerState(199)) - Error in executing end point task.
java.util.concurrent.ExecutionException: java.util.concurrent.TimeoutException
	at java.util.concurrent.FutureTask.report(FutureTask.java:122)
	at java.util.concurrent.FutureTask.get(FutureTask.java:192)
	at org.apache.hadoop.ozone.container.common.states.datanode.RunningDatanodeState.computeNextContainerState(RunningDatanodeState.java:191)
	at org.apache.hadoop.ozone.container.common.states.datanode.RunningDatanodeState.await(RunningDatanodeState.java:231)
	at org.apache.hadoop.ozone.container.common.states.datanode.RunningDatanodeState.await(RunningDatanodeState.java:50)
	at org.apache.hadoop.ozone.container.common.statemachine.StateContext.execute(StateContext.java:629)
	at org.apache.hadoop.ozone.container.common.statemachine.DatanodeStateMachine.start(DatanodeStateMachine.java:244)
	at org.apache.hadoop.ozone.container.common.statemachine.DatanodeStateMachine.lambda$startDaemon$0(DatanodeStateMachine.java:429)
	at java.lang.Thread.run(Thread.java:748)
Caused by: java.util.concurrent.TimeoutException
	at java.util.concurrent.FutureTask.get(FutureTask.java:205)
	at org.apache.hadoop.ozone.container.common.states.datanode.RunningDatanodeState.lambda$execute$0(RunningDatanodeState.java:149)
	at java.util.concurrent.FutureTask.run(FutureTask.java:266)
	at java.util.concurrent.Executors$RunnableAdapter.call(Executors.java:511)
	at java.util.concurrent.FutureTask.run(FutureTask.java:266)
	at java.util.concurrent.ThreadPoolExecutor.runWorker(ThreadPoolExecutor.java:1149)
	at java.util.concurrent.ThreadPoolExecutor$Worker.run(ThreadPoolExecutor.java:624)
	... 1 more
2021-07-07 01:43:11,660 [Datanode State Machine Thread - 0] ERROR datanode.RunningDatanodeState (RunningDatanodeState.java:computeNextContainerState(199)) - Error in executing end point task.
java.util.concurrent.ExecutionException: java.util.concurrent.TimeoutException
	at java.util.concurrent.FutureTask.report(FutureTask.java:122)
	at java.util.concurrent.FutureTask.get(FutureTask.java:192)
	at org.apache.hadoop.ozone.container.common.states.datanode.RunningDatanodeState.computeNextContainerState(RunningDatanodeState.java:191)
	at org.apache.hadoop.ozone.container.common.states.datanode.RunningDatanodeState.await(RunningDatanodeState.java:231)
	at org.apache.hadoop.ozone.container.common.states.datanode.RunningDatanodeState.await(RunningDatanodeState.java:50)
	at org.apache.hadoop.ozone.container.common.statemachine.StateContext.execute(StateContext.java:629)
	at org.apache.hadoop.ozone.container.common.statemachine.DatanodeStateMachine.start(DatanodeStateMachine.java:244)
	at org.apache.hadoop.ozone.container.common.statemachine.DatanodeStateMachine.lambda$startDaemon$0(DatanodeStateMachine.java:429)
	at java.lang.Thread.run(Thread.java:748)
Caused by: java.util.concurrent.TimeoutException
	at java.util.concurrent.FutureTask.get(FutureTask.java:205)
	at org.apache.hadoop.ozone.container.common.states.datanode.RunningDatanodeState.lambda$execute$0(RunningDatanodeState.java:149)
	at java.util.concurrent.FutureTask.run(FutureTask.java:266)
	at java.util.concurrent.Executors$RunnableAdapter.call(Executors.java:511)
	at java.util.concurrent.FutureTask.run(FutureTask.java:266)
	at java.util.concurrent.ThreadPoolExecutor.runWorker(ThreadPoolExecutor.java:1149)
	at java.util.concurrent.ThreadPoolExecutor$Worker.run(ThreadPoolExecutor.java:624)
	... 1 more
2021-07-07 01:43:11,660 [org.apache.ratis.util.JvmPauseMonitor$$Lambda$493/611739613@59ad9b0] WARN  util.JvmPauseMonitor (JvmPauseMonitor.java:detectPause(124)) - JvmPauseMonitor-10d76295-ae05-4b7a-8932-536e603c59a2: Detected pause in JVM or host machine (eg GC): pause of approximately 475153900ns.
GC pool 'PS MarkSweep' had collection(s): count=1 time=360ms
GC pool 'PS Scavenge' had collection(s): count=1 time=179ms
2021-07-07 01:43:11,648 [Datanode State Machine Thread - 0] ERROR datanode.RunningDatanodeState (RunningDatanodeState.java:computeNextContainerState(199)) - Error in executing end point task.
java.util.concurrent.ExecutionException: java.util.concurrent.TimeoutException
	at java.util.concurrent.FutureTask.report(FutureTask.java:122)
	at java.util.concurrent.FutureTask.get(FutureTask.java:192)
	at org.apache.hadoop.ozone.container.common.states.datanode.RunningDatanodeState.computeNextContainerState(RunningDatanodeState.java:191)
	at org.apache.hadoop.ozone.container.common.states.datanode.RunningDatanodeState.await(RunningDatanodeState.java:231)
	at org.apache.hadoop.ozone.container.common.states.datanode.RunningDatanodeState.await(RunningDatanodeState.java:50)
	at org.apache.hadoop.ozone.container.common.statemachine.StateContext.execute(StateContext.java:629)
	at org.apache.hadoop.ozone.container.common.statemachine.DatanodeStateMachine.start(DatanodeStateMachine.java:244)
	at org.apache.hadoop.ozone.container.common.statemachine.DatanodeStateMachine.lambda$startDaemon$0(DatanodeStateMachine.java:429)
	at java.lang.Thread.run(Thread.java:748)
Caused by: java.util.concurrent.TimeoutException
	at java.util.concurrent.FutureTask.get(FutureTask.java:205)
	at org.apache.hadoop.ozone.container.common.states.datanode.RunningDatanodeState.lambda$execute$0(RunningDatanodeState.java:149)
	at java.util.concurrent.FutureTask.run(FutureTask.java:266)
	at java.util.concurrent.Executors$RunnableAdapter.call(Executors.java:511)
	at java.util.concurrent.FutureTask.run(FutureTask.java:266)
	at java.util.concurrent.ThreadPoolExecutor.runWorker(ThreadPoolExecutor.java:1149)
	at java.util.concurrent.ThreadPoolExecutor$Worker.run(ThreadPoolExecutor.java:624)
	... 1 more
2021-07-07 01:43:11,648 [org.apache.ratis.util.JvmPauseMonitor$$Lambda$493/611739613@3a020e10] WARN  util.JvmPauseMonitor (JvmPauseMonitor.java:detectPause(124)) - JvmPauseMonitor-b0fd8d55-63ee-4977-a2a0-8385583ac0e3: Detected pause in JVM or host machine (eg GC): pause of approximately 353051214ns.
GC pool 'PS MarkSweep' had collection(s): count=1 time=360ms
GC pool 'PS Scavenge' had collection(s): count=1 time=179ms
2021-07-07 01:43:11,643 [org.apache.ratis.util.JvmPauseMonitor$$Lambda$493/611739613@2d05291f] WARN  util.JvmPauseMonitor (JvmPauseMonitor.java:detectPause(124)) - JvmPauseMonitor-13cceed0-1483-466a-85c7-7b1f363ed51c: Detected pause in JVM or host machine (eg GC): pause of approximately 346028723ns.
GC pool 'PS MarkSweep' had collection(s): count=1 time=360ms
GC pool 'PS Scavenge' had collection(s): count=1 time=179ms
2021-07-07 01:43:11,643 [org.apache.ratis.util.JvmPauseMonitor$$Lambda$493/611739613@5f385ee9] WARN  util.JvmPauseMonitor (JvmPauseMonitor.java:detectPause(124)) - JvmPauseMonitor-1f826664-c1d0-47b0-99bc-11cdaf7ce5a3: Detected pause in JVM or host machine (eg GC): pause of approximately 338461302ns.
GC pool 'PS MarkSweep' had collection(s): count=1 time=360ms
GC pool 'PS Scavenge' had collection(s): count=1 time=179ms
2021-07-07 01:43:11,643 [org.apache.ratis.util.JvmPauseMonitor$$Lambda$493/611739613@2cda8be9] WARN  util.JvmPauseMonitor (JvmPauseMonitor.java:detectPause(124)) - JvmPauseMonitor-omNode-1: Detected pause in JVM or host machine (eg GC): pause of approximately 252252610ns.
GC pool 'PS MarkSweep' had collection(s): count=1 time=360ms
GC pool 'PS Scavenge' had collection(s): count=1 time=179ms
2021-07-07 01:43:11,881 [EndpointStateMachine task thread for /127.0.0.1:13951 - 0 ] INFO  ipc.Client (Client.java:handleConnectionFailure(966)) - Retrying connect to server: localhost/127.0.0.1:13951. Already tried 5 time(s); retry policy is RetryUpToMaximumCountWithFixedSleep(maxRetries=15, sleepTime=1000 MILLISECONDS)
2021-07-07 01:43:11,881 [EndpointStateMachine task thread for /127.0.0.1:13941 - 0 ] INFO  ipc.Client (Client.java:handleConnectionFailure(966)) - Retrying connect to server: localhost/127.0.0.1:13941. Already tried 7 time(s); retry policy is RetryUpToMaximumCountWithFixedSleep(maxRetries=15, sleepTime=1000 MILLISECONDS)
2021-07-07 01:43:11,881 [EndpointStateMachine task thread for /127.0.0.1:13961 - 0 ] INFO  ipc.Client (Client.java:handleConnectionFailure(966)) - Retrying connect to server: localhost/127.0.0.1:13961. Already tried 5 time(s); retry policy is RetryUpToMaximumCountWithFixedSleep(maxRetries=15, sleepTime=1000 MILLISECONDS)
2021-07-07 01:43:12,723 [Datanode State Machine Thread - 0] ERROR datanode.RunningDatanodeState (RunningDatanodeState.java:computeNextContainerState(199)) - Error in executing end point task.
java.util.concurrent.ExecutionException: java.util.concurrent.TimeoutException
	at java.util.concurrent.FutureTask.report(FutureTask.java:122)
	at java.util.concurrent.FutureTask.get(FutureTask.java:192)
	at org.apache.hadoop.ozone.container.common.states.datanode.RunningDatanodeState.computeNextContainerState(RunningDatanodeState.java:191)
	at org.apache.hadoop.ozone.container.common.states.datanode.RunningDatanodeState.await(RunningDatanodeState.java:231)
	at org.apache.hadoop.ozone.container.common.states.datanode.RunningDatanodeState.await(RunningDatanodeState.java:50)
	at org.apache.hadoop.ozone.container.common.statemachine.StateContext.execute(StateContext.java:629)
	at org.apache.hadoop.ozone.container.common.statemachine.DatanodeStateMachine.start(DatanodeStateMachine.java:244)
	at org.apache.hadoop.ozone.container.common.statemachine.DatanodeStateMachine.lambda$startDaemon$0(DatanodeStateMachine.java:429)
	at java.lang.Thread.run(Thread.java:748)
Caused by: java.util.concurrent.TimeoutException
	at java.util.concurrent.FutureTask.get(FutureTask.java:205)
	at org.apache.hadoop.ozone.container.common.states.datanode.RunningDatanodeState.lambda$execute$0(RunningDatanodeState.java:149)
	at java.util.concurrent.FutureTask.run(FutureTask.java:266)
	at java.util.concurrent.Executors$RunnableAdapter.call(Executors.java:511)
	at java.util.concurrent.FutureTask.run(FutureTask.java:266)
	at java.util.concurrent.ThreadPoolExecutor.runWorker(ThreadPoolExecutor.java:1149)
	at java.util.concurrent.ThreadPoolExecutor$Worker.run(ThreadPoolExecutor.java:624)
	... 1 more
2021-07-07 01:43:12,726 [Datanode State Machine Thread - 0] ERROR datanode.RunningDatanodeState (RunningDatanodeState.java:computeNextContainerState(199)) - Error in executing end point task.
java.util.concurrent.ExecutionException: java.util.concurrent.TimeoutException
	at java.util.concurrent.FutureTask.report(FutureTask.java:122)
	at java.util.concurrent.FutureTask.get(FutureTask.java:192)
	at org.apache.hadoop.ozone.container.common.states.datanode.RunningDatanodeState.computeNextContainerState(RunningDatanodeState.java:191)
	at org.apache.hadoop.ozone.container.common.states.datanode.RunningDatanodeState.await(RunningDatanodeState.java:231)
	at org.apache.hadoop.ozone.container.common.states.datanode.RunningDatanodeState.await(RunningDatanodeState.java:50)
	at org.apache.hadoop.ozone.container.common.statemachine.StateContext.execute(StateContext.java:629)
	at org.apache.hadoop.ozone.container.common.statemachine.DatanodeStateMachine.start(DatanodeStateMachine.java:244)
	at org.apache.hadoop.ozone.container.common.statemachine.DatanodeStateMachine.lambda$startDaemon$0(DatanodeStateMachine.java:429)
	at java.lang.Thread.run(Thread.java:748)
Caused by: java.util.concurrent.TimeoutException
	at java.util.concurrent.FutureTask.get(FutureTask.java:205)
	at org.apache.hadoop.ozone.container.common.states.datanode.RunningDatanodeState.lambda$execute$0(RunningDatanodeState.java:149)
	at java.util.concurrent.FutureTask.run(FutureTask.java:266)
	at java.util.concurrent.Executors$RunnableAdapter.call(Executors.java:511)
	at java.util.concurrent.FutureTask.run(FutureTask.java:266)
	at java.util.concurrent.ThreadPoolExecutor.runWorker(ThreadPoolExecutor.java:1149)
	at java.util.concurrent.ThreadPoolExecutor$Worker.run(ThreadPoolExecutor.java:624)
	... 1 more
2021-07-07 01:43:12,882 [EndpointStateMachine task thread for /127.0.0.1:13951 - 0 ] INFO  ipc.Client (Client.java:handleConnectionFailure(966)) - Retrying connect to server: localhost/127.0.0.1:13951. Already tried 6 time(s); retry policy is RetryUpToMaximumCountWithFixedSleep(maxRetries=15, sleepTime=1000 MILLISECONDS)
2021-07-07 01:43:12,882 [EndpointStateMachine task thread for /127.0.0.1:13941 - 0 ] INFO  ipc.Client (Client.java:handleConnectionFailure(966)) - Retrying connect to server: localhost/127.0.0.1:13941. Already tried 8 time(s); retry policy is RetryUpToMaximumCountWithFixedSleep(maxRetries=15, sleepTime=1000 MILLISECONDS)
2021-07-07 01:43:12,883 [EndpointStateMachine task thread for /127.0.0.1:13961 - 0 ] INFO  ipc.Client (Client.java:handleConnectionFailure(966)) - Retrying connect to server: localhost/127.0.0.1:13961. Already tried 6 time(s); retry policy is RetryUpToMaximumCountWithFixedSleep(maxRetries=15, sleepTime=1000 MILLISECONDS)
2021-07-07 01:43:13,695 [Datanode State Machine Thread - 0] ERROR datanode.RunningDatanodeState (RunningDatanodeState.java:computeNextContainerState(199)) - Error in executing end point task.
java.util.concurrent.ExecutionException: java.util.concurrent.TimeoutException
	at java.util.concurrent.FutureTask.report(FutureTask.java:122)
	at java.util.concurrent.FutureTask.get(FutureTask.java:192)
	at org.apache.hadoop.ozone.container.common.states.datanode.RunningDatanodeState.computeNextContainerState(RunningDatanodeState.java:191)
	at org.apache.hadoop.ozone.container.common.states.datanode.RunningDatanodeState.await(RunningDatanodeState.java:231)
	at org.apache.hadoop.ozone.container.common.states.datanode.RunningDatanodeState.await(RunningDatanodeState.java:50)
	at org.apache.hadoop.ozone.container.common.statemachine.StateContext.execute(StateContext.java:629)
	at org.apache.hadoop.ozone.container.common.statemachine.DatanodeStateMachine.start(DatanodeStateMachine.java:244)
	at org.apache.hadoop.ozone.container.common.statemachine.DatanodeStateMachine.lambda$startDaemon$0(DatanodeStateMachine.java:429)
	at java.lang.Thread.run(Thread.java:748)
Caused by: java.util.concurrent.TimeoutException
	at java.util.concurrent.FutureTask.get(FutureTask.java:205)
	at org.apache.hadoop.ozone.container.common.states.datanode.RunningDatanodeState.lambda$execute$0(RunningDatanodeState.java:149)
	at java.util.concurrent.FutureTask.run(FutureTask.java:266)
	at java.util.concurrent.Executors$RunnableAdapter.call(Executors.java:511)
	at java.util.concurrent.FutureTask.run(FutureTask.java:266)
	at java.util.concurrent.ThreadPoolExecutor.runWorker(ThreadPoolExecutor.java:1149)
	at java.util.concurrent.ThreadPoolExecutor$Worker.run(ThreadPoolExecutor.java:624)
	... 1 more
2021-07-07 01:43:13,725 [Datanode State Machine Thread - 0] ERROR datanode.RunningDatanodeState (RunningDatanodeState.java:computeNextContainerState(199)) - Error in executing end point task.
java.util.concurrent.ExecutionException: java.util.concurrent.TimeoutException
	at java.util.concurrent.FutureTask.report(FutureTask.java:122)
	at java.util.concurrent.FutureTask.get(FutureTask.java:192)
	at org.apache.hadoop.ozone.container.common.states.datanode.RunningDatanodeState.computeNextContainerState(RunningDatanodeState.java:191)
	at org.apache.hadoop.ozone.container.common.states.datanode.RunningDatanodeState.await(RunningDatanodeState.java:231)
	at org.apache.hadoop.ozone.container.common.states.datanode.RunningDatanodeState.await(RunningDatanodeState.java:50)
	at org.apache.hadoop.ozone.container.common.statemachine.StateContext.execute(StateContext.java:629)
	at org.apache.hadoop.ozone.container.common.statemachine.DatanodeStateMachine.start(DatanodeStateMachine.java:244)
	at org.apache.hadoop.ozone.container.common.statemachine.DatanodeStateMachine.lambda$startDaemon$0(DatanodeStateMachine.java:429)
	at java.lang.Thread.run(Thread.java:748)
Caused by: java.util.concurrent.TimeoutException
	at java.util.concurrent.FutureTask.get(FutureTask.java:205)
	at org.apache.hadoop.ozone.container.common.states.datanode.RunningDatanodeState.lambda$execute$0(RunningDatanodeState.java:149)
	at java.util.concurrent.FutureTask.run(FutureTask.java:266)
	at java.util.concurrent.Executors$RunnableAdapter.call(Executors.java:511)
	at java.util.concurrent.FutureTask.run(FutureTask.java:266)
	at java.util.concurrent.ThreadPoolExecutor.runWorker(ThreadPoolExecutor.java:1149)
	at java.util.concurrent.ThreadPoolExecutor$Worker.run(ThreadPoolExecutor.java:624)
	... 1 more
2021-07-07 01:43:13,727 [Datanode State Machine Thread - 0] ERROR datanode.RunningDatanodeState (RunningDatanodeState.java:computeNextContainerState(199)) - Error in executing end point task.
java.util.concurrent.ExecutionException: java.util.concurrent.TimeoutException
	at java.util.concurrent.FutureTask.report(FutureTask.java:122)
	at java.util.concurrent.FutureTask.get(FutureTask.java:192)
	at org.apache.hadoop.ozone.container.common.states.datanode.RunningDatanodeState.computeNextContainerState(RunningDatanodeState.java:191)
	at org.apache.hadoop.ozone.container.common.states.datanode.RunningDatanodeState.await(RunningDatanodeState.java:231)
	at org.apache.hadoop.ozone.container.common.states.datanode.RunningDatanodeState.await(RunningDatanodeState.java:50)
	at org.apache.hadoop.ozone.container.common.statemachine.StateContext.execute(StateContext.java:629)
	at org.apache.hadoop.ozone.container.common.statemachine.DatanodeStateMachine.start(DatanodeStateMachine.java:244)
	at org.apache.hadoop.ozone.container.common.statemachine.DatanodeStateMachine.lambda$startDaemon$0(DatanodeStateMachine.java:429)
	at java.lang.Thread.run(Thread.java:748)
Caused by: java.util.concurrent.TimeoutException
	at java.util.concurrent.FutureTask.get(FutureTask.java:205)
	at org.apache.hadoop.ozone.container.common.states.datanode.RunningDatanodeState.lambda$execute$0(RunningDatanodeState.java:149)
	at java.util.concurrent.FutureTask.run(FutureTask.java:266)
	at java.util.concurrent.Executors$RunnableAdapter.call(Executors.java:511)
	at java.util.concurrent.FutureTask.run(FutureTask.java:266)
	at java.util.concurrent.ThreadPoolExecutor.runWorker(ThreadPoolExecutor.java:1149)
	at java.util.concurrent.ThreadPoolExecutor$Worker.run(ThreadPoolExecutor.java:624)
	... 1 more
2021-07-07 01:43:13,887 [EndpointStateMachine task thread for /127.0.0.1:13941 - 0 ] INFO  ipc.Client (Client.java:handleConnectionFailure(966)) - Retrying connect to server: localhost/127.0.0.1:13941. Already tried 9 time(s); retry policy is RetryUpToMaximumCountWithFixedSleep(maxRetries=15, sleepTime=1000 MILLISECONDS)
2021-07-07 01:43:13,887 [EndpointStateMachine task thread for /127.0.0.1:13951 - 0 ] INFO  ipc.Client (Client.java:handleConnectionFailure(966)) - Retrying connect to server: localhost/127.0.0.1:13951. Already tried 7 time(s); retry policy is RetryUpToMaximumCountWithFixedSleep(maxRetries=15, sleepTime=1000 MILLISECONDS)
2021-07-07 01:43:13,887 [EndpointStateMachine task thread for /127.0.0.1:13961 - 0 ] INFO  ipc.Client (Client.java:handleConnectionFailure(966)) - Retrying connect to server: localhost/127.0.0.1:13961. Already tried 7 time(s); retry policy is RetryUpToMaximumCountWithFixedSleep(maxRetries=15, sleepTime=1000 MILLISECONDS)
2021-07-07 01:43:14,726 [Datanode State Machine Thread - 0] ERROR datanode.RunningDatanodeState (RunningDatanodeState.java:computeNextContainerState(199)) - Error in executing end point task.
java.util.concurrent.ExecutionException: java.util.concurrent.TimeoutException
	at java.util.concurrent.FutureTask.report(FutureTask.java:122)
	at java.util.concurrent.FutureTask.get(FutureTask.java:192)
	at org.apache.hadoop.ozone.container.common.states.datanode.RunningDatanodeState.computeNextContainerState(RunningDatanodeState.java:191)
	at org.apache.hadoop.ozone.container.common.states.datanode.RunningDatanodeState.await(RunningDatanodeState.java:231)
	at org.apache.hadoop.ozone.container.common.states.datanode.RunningDatanodeState.await(RunningDatanodeState.java:50)
	at org.apache.hadoop.ozone.container.common.statemachine.StateContext.execute(StateContext.java:629)
	at org.apache.hadoop.ozone.container.common.statemachine.DatanodeStateMachine.start(DatanodeStateMachine.java:244)
	at org.apache.hadoop.ozone.container.common.statemachine.DatanodeStateMachine.lambda$startDaemon$0(DatanodeStateMachine.java:429)
	at java.lang.Thread.run(Thread.java:748)
Caused by: java.util.concurrent.TimeoutException
	at java.util.concurrent.FutureTask.get(FutureTask.java:205)
	at org.apache.hadoop.ozone.container.common.states.datanode.RunningDatanodeState.lambda$execute$0(RunningDatanodeState.java:149)
	at java.util.concurrent.FutureTask.run(FutureTask.java:266)
	at java.util.concurrent.Executors$RunnableAdapter.call(Executors.java:511)
	at java.util.concurrent.FutureTask.run(FutureTask.java:266)
	at java.util.concurrent.ThreadPoolExecutor.runWorker(ThreadPoolExecutor.java:1149)
	at java.util.concurrent.ThreadPoolExecutor$Worker.run(ThreadPoolExecutor.java:624)
	... 1 more
2021-07-07 01:43:14,888 [EndpointStateMachine task thread for /127.0.0.1:13941 - 0 ] INFO  ipc.Client (Client.java:handleConnectionFailure(966)) - Retrying connect to server: localhost/127.0.0.1:13941. Already tried 10 time(s); retry policy is RetryUpToMaximumCountWithFixedSleep(maxRetries=15, sleepTime=1000 MILLISECONDS)
2021-07-07 01:43:14,888 [EndpointStateMachine task thread for /127.0.0.1:13961 - 0 ] INFO  ipc.Client (Client.java:handleConnectionFailure(966)) - Retrying connect to server: localhost/127.0.0.1:13961. Already tried 8 time(s); retry policy is RetryUpToMaximumCountWithFixedSleep(maxRetries=15, sleepTime=1000 MILLISECONDS)
2021-07-07 01:43:14,888 [EndpointStateMachine task thread for /127.0.0.1:13951 - 0 ] INFO  ipc.Client (Client.java:handleConnectionFailure(966)) - Retrying connect to server: localhost/127.0.0.1:13951. Already tried 8 time(s); retry policy is RetryUpToMaximumCountWithFixedSleep(maxRetries=15, sleepTime=1000 MILLISECONDS)
2021-07-07 01:43:15,414 [9bc33821-a41f-4857-8348-6c15ba9d7e69@group-F49EEC7F6D62-LeaderStateImpl] INFO  server.RaftServer$Division (ServerState.java:setRaftConf(373)) - 9bc33821-a41f-4857-8348-6c15ba9d7e69@group-F49EEC7F6D62: set configuration 25: [13cceed0-1483-466a-85c7-7b1f363ed51c|rpc:localhost:15504|priority:0, 9bc33821-a41f-4857-8348-6c15ba9d7e69|rpc:localhost:15484|admin:|client:|dataStream:|priority:0, 1f826664-c1d0-47b0-99bc-11cdaf7ce5a3|rpc:localhost:15494|priority:0], old=[9bc33821-a41f-4857-8348-6c15ba9d7e69|rpc:localhost:15484|admin:|client:|dataStream:|priority:0, 1f826664-c1d0-47b0-99bc-11cdaf7ce5a3|rpc:localhost:15494|priority:0]
2021-07-07 01:43:15,416 [grpc-default-executor-2] INFO  server.RaftServer$Division (ServerState.java:setRaftConf(373)) - 1f826664-c1d0-47b0-99bc-11cdaf7ce5a3@group-F49EEC7F6D62: set configuration 25: [13cceed0-1483-466a-85c7-7b1f363ed51c|rpc:localhost:15504|admin:|client:|dataStream:|priority:0, 9bc33821-a41f-4857-8348-6c15ba9d7e69|rpc:localhost:15484|admin:|client:|dataStream:|priority:0, 1f826664-c1d0-47b0-99bc-11cdaf7ce5a3|rpc:localhost:15494|admin:|client:|dataStream:|priority:0], old=[9bc33821-a41f-4857-8348-6c15ba9d7e69|rpc:localhost:15484|admin:|client:|dataStream:|priority:0, 1f826664-c1d0-47b0-99bc-11cdaf7ce5a3|rpc:localhost:15494|admin:|client:|dataStream:|priority:0]
2021-07-07 01:43:15,416 [grpc-default-executor-3] INFO  server.RaftServer$Division (ServerState.java:setRaftConf(373)) - 13cceed0-1483-466a-85c7-7b1f363ed51c@group-F49EEC7F6D62: set configuration 25: [13cceed0-1483-466a-85c7-7b1f363ed51c|rpc:localhost:15504|admin:|client:|dataStream:|priority:0, 9bc33821-a41f-4857-8348-6c15ba9d7e69|rpc:localhost:15484|admin:|client:|dataStream:|priority:0, 1f826664-c1d0-47b0-99bc-11cdaf7ce5a3|rpc:localhost:15494|admin:|client:|dataStream:|priority:0], old=[9bc33821-a41f-4857-8348-6c15ba9d7e69|rpc:localhost:15484|admin:|client:|dataStream:|priority:0, 1f826664-c1d0-47b0-99bc-11cdaf7ce5a3|rpc:localhost:15494|admin:|client:|dataStream:|priority:0]
2021-07-07 01:43:15,417 [grpc-default-executor-3] INFO  segmented.SegmentedRaftLogWorker (SegmentedRaftLogWorker.java:startLogSegment(394)) - 13cceed0-1483-466a-85c7-7b1f363ed51c@group-F49EEC7F6D62-SegmentedRaftLogWorker: Starting segment from index:25
2021-07-07 01:43:15,418 [13cceed0-1483-466a-85c7-7b1f363ed51c@group-F49EEC7F6D62-SegmentedRaftLogWorker] INFO  segmented.SegmentedRaftLogWorker (SegmentedRaftLogWorker.java:execute(601)) - 13cceed0-1483-466a-85c7-7b1f363ed51c@group-F49EEC7F6D62-SegmentedRaftLogWorker: created new log segment /home/runner/work/ozone/ozone/mnt/ozone/hadoop-ozone/integration-test/target/test-dir/MiniOzoneClusterImpl-1d7024f8-a0c4-4e84-a8d8-f49eec7f6d62/scmNode-3/scm-ha/1d7024f8-a0c4-4e84-a8d8-f49eec7f6d62/current/log_inprogress_25
2021-07-07 01:43:15,421 [9bc33821-a41f-4857-8348-6c15ba9d7e69@group-F49EEC7F6D62-LeaderStateImpl] INFO  server.RaftServer$Division (ServerState.java:setRaftConf(373)) - 9bc33821-a41f-4857-8348-6c15ba9d7e69@group-F49EEC7F6D62: set configuration 27: [13cceed0-1483-466a-85c7-7b1f363ed51c|rpc:localhost:15504|priority:0, 9bc33821-a41f-4857-8348-6c15ba9d7e69|rpc:localhost:15484|admin:|client:|dataStream:|priority:0, 1f826664-c1d0-47b0-99bc-11cdaf7ce5a3|rpc:localhost:15494|priority:0], old=null
2021-07-07 01:43:15,422 [9bc33821-a41f-4857-8348-6c15ba9d7e69@group-F49EEC7F6D62-StateMachineUpdater] INFO  ha.SCMStateMachine (SCMStateMachine.java:takeSnapshot(290)) - Current Snapshot Index 25, takeSnapshot took 0 ms
2021-07-07 01:43:15,422 [9bc33821-a41f-4857-8348-6c15ba9d7e69@group-F49EEC7F6D62-StateMachineUpdater] INFO  impl.StateMachineUpdater (StateMachineUpdater.java:takeSnapshot(281)) - 9bc33821-a41f-4857-8348-6c15ba9d7e69@group-F49EEC7F6D62-StateMachineUpdater: Took a snapshot at index 25
2021-07-07 01:43:15,422 [9bc33821-a41f-4857-8348-6c15ba9d7e69@group-F49EEC7F6D62-StateMachineUpdater] INFO  impl.StateMachineUpdater (StateMachineUpdater.java:lambda$new$0(89)) - 9bc33821-a41f-4857-8348-6c15ba9d7e69@group-F49EEC7F6D62-StateMachineUpdater: snapshotIndex: updateIncreasingly 20 -> 25
2021-07-07 01:43:15,422 [9bc33821-a41f-4857-8348-6c15ba9d7e69@group-F49EEC7F6D62-StateMachineUpdater] INFO  raftlog.RaftLog (RaftLogBase.java:purge(306)) - 9bc33821-a41f-4857-8348-6c15ba9d7e69@group-F49EEC7F6D62-SegmentedRaftLog: purge 25
2021-07-07 01:43:15,422 [9bc33821-a41f-4857-8348-6c15ba9d7e69@group-F49EEC7F6D62-StateMachineUpdater] INFO  raftlog.RaftLog (RaftLogBase.java:lambda$new$0(53)) - 9bc33821-a41f-4857-8348-6c15ba9d7e69@group-F49EEC7F6D62-SegmentedRaftLog: snapshotIndex: updateIncreasingly 20 -> 25
2021-07-07 01:43:15,422 [9bc33821-a41f-4857-8348-6c15ba9d7e69@group-F49EEC7F6D62-StateMachineUpdater] INFO  raftlog.RaftLog (RaftLogBase.java:lambda$new$0(53)) - 9bc33821-a41f-4857-8348-6c15ba9d7e69@group-F49EEC7F6D62-SegmentedRaftLog: purgeIndex: updateToMax old=20, new=25, updated? true
2021-07-07 01:43:15,423 [grpc-default-executor-2] INFO  server.RaftServer$Division (ServerState.java:setRaftConf(373)) - 13cceed0-1483-466a-85c7-7b1f363ed51c@group-F49EEC7F6D62: set configuration 27: [13cceed0-1483-466a-85c7-7b1f363ed51c|rpc:localhost:15504|admin:|client:|dataStream:|priority:0, 9bc33821-a41f-4857-8348-6c15ba9d7e69|rpc:localhost:15484|admin:|client:|dataStream:|priority:0, 1f826664-c1d0-47b0-99bc-11cdaf7ce5a3|rpc:localhost:15494|admin:|client:|dataStream:|priority:0], old=null
2021-07-07 01:43:15,423 [grpc-default-executor-3] INFO  server.RaftServer$Division (ServerState.java:setRaftConf(373)) - 1f826664-c1d0-47b0-99bc-11cdaf7ce5a3@group-F49EEC7F6D62: set configuration 27: [13cceed0-1483-466a-85c7-7b1f363ed51c|rpc:localhost:15504|admin:|client:|dataStream:|priority:0, 9bc33821-a41f-4857-8348-6c15ba9d7e69|rpc:localhost:15484|admin:|client:|dataStream:|priority:0, 1f826664-c1d0-47b0-99bc-11cdaf7ce5a3|rpc:localhost:15494|admin:|client:|dataStream:|priority:0], old=null
2021-07-07 01:43:15,428 [IPC Server handler 2 on default port 15486] INFO  ha.SCMRatisServerImpl (SCMRatisServerImpl.java:addSCM(291)) - Successfully added new SCM: 13cceed0-1483-466a-85c7-7b1f363ed51c.
2021-07-07 01:43:15,428 [Listener at 127.0.0.1/10628] INFO  ha.SCMHAManagerImpl (SCMHAManagerImpl.java:start(116)) - Successfully added SCM scmNode-3 to group group-F49EEC7F6D62:[13cceed0-1483-466a-85c7-7b1f363ed51c|rpc:localhost:15504|admin:|client:|dataStream:|priority:0, 9bc33821-a41f-4857-8348-6c15ba9d7e69|rpc:localhost:15484|admin:|client:|dataStream:|priority:0, 1f826664-c1d0-47b0-99bc-11cdaf7ce5a3|rpc:localhost:15494|admin:|client:|dataStream:|priority:0]
2021-07-07 01:43:15,429 [Listener at 127.0.0.1/10628] INFO  ha.InterSCMGrpcService (InterSCMGrpcProtocolService.java:start(94)) - Starting SCM Grpc Service at port 15508
2021-07-07 01:43:15,429 [Listener at 127.0.0.1/10628] INFO  impl.MetricsSystemImpl (MetricsSystemImpl.java:init(158)) - StorageContainerManager metrics system started (again)
2021-07-07 01:43:15,436 [1f826664-c1d0-47b0-99bc-11cdaf7ce5a3@group-F49EEC7F6D62-StateMachineUpdater] INFO  ha.SCMStateMachine (SCMStateMachine.java:takeSnapshot(290)) - Current Snapshot Index 25, takeSnapshot took 0 ms
2021-07-07 01:43:15,436 [1f826664-c1d0-47b0-99bc-11cdaf7ce5a3@group-F49EEC7F6D62-StateMachineUpdater] INFO  impl.StateMachineUpdater (StateMachineUpdater.java:takeSnapshot(281)) - 1f826664-c1d0-47b0-99bc-11cdaf7ce5a3@group-F49EEC7F6D62-StateMachineUpdater: Took a snapshot at index 25
2021-07-07 01:43:15,436 [1f826664-c1d0-47b0-99bc-11cdaf7ce5a3@group-F49EEC7F6D62-StateMachineUpdater] INFO  impl.StateMachineUpdater (StateMachineUpdater.java:lambda$new$0(89)) - 1f826664-c1d0-47b0-99bc-11cdaf7ce5a3@group-F49EEC7F6D62-StateMachineUpdater: snapshotIndex: updateIncreasingly 20 -> 25
2021-07-07 01:43:15,436 [1f826664-c1d0-47b0-99bc-11cdaf7ce5a3@group-F49EEC7F6D62-StateMachineUpdater] INFO  raftlog.RaftLog (RaftLogBase.java:purge(306)) - 1f826664-c1d0-47b0-99bc-11cdaf7ce5a3@group-F49EEC7F6D62-SegmentedRaftLog: purge 25
2021-07-07 01:43:15,436 [1f826664-c1d0-47b0-99bc-11cdaf7ce5a3@group-F49EEC7F6D62-StateMachineUpdater] INFO  raftlog.RaftLog (RaftLogBase.java:lambda$new$0(53)) - 1f826664-c1d0-47b0-99bc-11cdaf7ce5a3@group-F49EEC7F6D62-SegmentedRaftLog: snapshotIndex: updateIncreasingly 20 -> 25
2021-07-07 01:43:15,436 [1f826664-c1d0-47b0-99bc-11cdaf7ce5a3@group-F49EEC7F6D62-StateMachineUpdater] INFO  raftlog.RaftLog (RaftLogBase.java:lambda$new$0(53)) - 1f826664-c1d0-47b0-99bc-11cdaf7ce5a3@group-F49EEC7F6D62-SegmentedRaftLog: purgeIndex: updateToMax old=20, new=25, updated? true
2021-07-07 01:43:15,436 [Listener at 127.0.0.1/10628] INFO  server.SCMClientProtocolServer (SCMClientProtocolServer.java:start(163)) - RPC server for Client  is listening at /0.0.0.0:15507
2021-07-07 01:43:15,437 [IPC Server Responder] INFO  ipc.Server (Server.java:run(1497)) - IPC Server Responder: starting
2021-07-07 01:43:15,437 [IPC Server listener on 15507] INFO  ipc.Server (Server.java:run(1334)) - IPC Server listener on 15507: starting
2021-07-07 01:43:15,452 [Listener at 127.0.0.1/10628] INFO  server.StorageContainerManager (StorageContainerManager.java:start(1229)) - ScmBlockLocationProtocol RPC server is listening at /0.0.0.0:15506
2021-07-07 01:43:15,453 [Listener at 127.0.0.1/10628] INFO  server.SCMBlockProtocolServer (SCMBlockProtocolServer.java:start(151)) - RPC server for Block Protocol is listening at /0.0.0.0:15506
2021-07-07 01:43:15,456 [IPC Server Responder] INFO  ipc.Server (Server.java:run(1497)) - IPC Server Responder: starting
2021-07-07 01:43:15,456 [IPC Server listener on 15506] INFO  ipc.Server (Server.java:run(1334)) - IPC Server listener on 15506: starting
2021-07-07 01:43:15,460 [Listener at 127.0.0.1/10628] INFO  server.StorageContainerManager (StorageContainerManager.java:start(1235)) - ScmDatanodeProtocl RPC server is listening at /0.0.0.0:15505
2021-07-07 01:43:15,464 [13cceed0-1483-466a-85c7-7b1f363ed51c@group-F49EEC7F6D62-StateMachineUpdater] INFO  safemode.HealthyPipelineSafeModeRule (HealthyPipelineSafeModeRule.java:initializeRule(152)) - Refreshed total pipeline count is 1, healthy pipeline threshold count is 1
2021-07-07 01:43:15,464 [13cceed0-1483-466a-85c7-7b1f363ed51c@group-F49EEC7F6D62-StateMachineUpdater] INFO  safemode.ContainerSafeModeRule (ContainerSafeModeRule.java:reInitializeRule(177)) - Refreshed one replica container threshold 0, currentThreshold 0
2021-07-07 01:43:15,464 [13cceed0-1483-466a-85c7-7b1f363ed51c@group-F49EEC7F6D62-StateMachineUpdater] INFO  safemode.OneReplicaPipelineSafeModeRule (OneReplicaPipelineSafeModeRule.java:initializeRule(176)) - Refreshed Total pipeline count is 1, pipeline's with at least one datanode reported threshold count is 1
2021-07-07 01:43:15,464 [13cceed0-1483-466a-85c7-7b1f363ed51c@group-F49EEC7F6D62-StateMachineUpdater] INFO  server.SCMDatanodeProtocolServer (SCMDatanodeProtocolServer.java:start(177)) - RPC server for DataNodes is listening at /0.0.0.0:15505
2021-07-07 01:43:15,465 [b0fd8d55-63ee-4977-a2a0-8385583ac0e3@group-8237731C7163-FollowerState] INFO  impl.FollowerState (FollowerState.java:run(134)) - b0fd8d55-63ee-4977-a2a0-8385583ac0e3@group-8237731C7163-FollowerState: change to CANDIDATE, lastRpcElapsedTime:5161078008ns, electionTimeout:5054ms
2021-07-07 01:43:15,466 [b0fd8d55-63ee-4977-a2a0-8385583ac0e3@group-8237731C7163-FollowerState] INFO  impl.RoleInfo (RoleInfo.java:shutdownFollowerState(108)) - b0fd8d55-63ee-4977-a2a0-8385583ac0e3: shutdown b0fd8d55-63ee-4977-a2a0-8385583ac0e3@group-8237731C7163-FollowerState
2021-07-07 01:43:15,466 [b0fd8d55-63ee-4977-a2a0-8385583ac0e3@group-8237731C7163-FollowerState] INFO  server.RaftServer$Division (RaftServerImpl.java:setRole(284)) - b0fd8d55-63ee-4977-a2a0-8385583ac0e3@group-8237731C7163: changes role from  FOLLOWER to CANDIDATE at term 1 for changeToCandidate
2021-07-07 01:43:15,466 [b0fd8d55-63ee-4977-a2a0-8385583ac0e3@group-8237731C7163-FollowerState] INFO  server.RaftServerConfigKeys (ConfUtils.java:logGet(44)) - raft.server.leaderelection.pre-vote = false (custom)
2021-07-07 01:43:15,466 [b0fd8d55-63ee-4977-a2a0-8385583ac0e3@group-8237731C7163-FollowerState] INFO  impl.RoleInfo (RoleInfo.java:updateAndGet(130)) - b0fd8d55-63ee-4977-a2a0-8385583ac0e3: start b0fd8d55-63ee-4977-a2a0-8385583ac0e3@group-8237731C7163-LeaderElection25
2021-07-07 01:43:15,482 [org.apache.hadoop.util.JvmPauseMonitor$Monitor@88432f5] INFO  util.JvmPauseMonitor (JvmPauseMonitor.java:run(188)) - Starting JVM pause monitor
2021-07-07 01:43:15,488 [IPC Server listener on 15505] INFO  ipc.Server (Server.java:run(1334)) - IPC Server listener on 15505: starting
2021-07-07 01:43:15,488 [b0fd8d55-63ee-4977-a2a0-8385583ac0e3@group-8237731C7163-LeaderElection25] INFO  impl.LeaderElection (LeaderElection.java:askForVotes(306)) - b0fd8d55-63ee-4977-a2a0-8385583ac0e3@group-8237731C7163-LeaderElection25 ELECTION round 0: submit vote requests at term 2 for -1: [0f49443e-0a6a-496b-95aa-140a56b5e2f8|rpc:127.0.0.1:32951|dataStream:|priority:0, 10d76295-ae05-4b7a-8932-536e603c59a2|rpc:127.0.0.1:41601|dataStream:|priority:0, b0fd8d55-63ee-4977-a2a0-8385583ac0e3|rpc:127.0.0.1:34435|dataStream:|priority:1], old=null
2021-07-07 01:43:15,488 [10d76295-ae05-4b7a-8932-536e603c59a2@group-8237731C7163-FollowerState] INFO  impl.FollowerState (FollowerState.java:run(134)) - 10d76295-ae05-4b7a-8932-536e603c59a2@group-8237731C7163-FollowerState: change to CANDIDATE, lastRpcElapsedTime:5089250715ns, electionTimeout:5067ms
2021-07-07 01:43:15,488 [10d76295-ae05-4b7a-8932-536e603c59a2@group-8237731C7163-FollowerState] INFO  impl.RoleInfo (RoleInfo.java:shutdownFollowerState(108)) - 10d76295-ae05-4b7a-8932-536e603c59a2: shutdown 10d76295-ae05-4b7a-8932-536e603c59a2@group-8237731C7163-FollowerState
2021-07-07 01:43:15,488 [10d76295-ae05-4b7a-8932-536e603c59a2@group-8237731C7163-FollowerState] INFO  server.RaftServer$Division (RaftServerImpl.java:setRole(284)) - 10d76295-ae05-4b7a-8932-536e603c59a2@group-8237731C7163: changes role from  FOLLOWER to CANDIDATE at term 1 for changeToCandidate
2021-07-07 01:43:15,489 [10d76295-ae05-4b7a-8932-536e603c59a2@group-8237731C7163-FollowerState] INFO  server.RaftServerConfigKeys (ConfUtils.java:logGet(44)) - raft.server.leaderelection.pre-vote = false (custom)
2021-07-07 01:43:15,489 [10d76295-ae05-4b7a-8932-536e603c59a2@group-8237731C7163-FollowerState] INFO  impl.RoleInfo (RoleInfo.java:updateAndGet(130)) - 10d76295-ae05-4b7a-8932-536e603c59a2: start 10d76295-ae05-4b7a-8932-536e603c59a2@group-8237731C7163-LeaderElection26
2021-07-07 01:43:15,492 [Listener at 127.0.0.1/10628] INFO  http.BaseHttpServer (BaseHttpServer.java:newHttpServer2BuilderForOzone(209)) - Starting Web-server for scm at: http://0.0.0.0:15502
2021-07-07 01:43:15,493 [Listener at 127.0.0.1/10628] INFO  http.BaseHttpServer (BaseHttpServer.java:<init>(107)) - Hadoop Security Enabled: false Ozone Security Enabled: false Ozone HTTP Security Enabled: false 
2021-07-07 01:43:15,494 [Listener at 127.0.0.1/10628] INFO  server.AuthenticationFilter (AuthenticationFilter.java:constructSecretProvider(240)) - Unable to initialize FileSignerSecretProvider, falling back to use random secrets.
2021-07-07 01:43:15,492 [IPC Server Responder] INFO  ipc.Server (Server.java:run(1497)) - IPC Server Responder: starting
2021-07-07 01:43:15,499 [Listener at 127.0.0.1/10628] WARN  http.HttpRequestLog (HttpRequestLog.java:getRequestLog(103)) - Jetty request log can only be enabled using Log4j
2021-07-07 01:43:15,500 [Listener at 127.0.0.1/10628] INFO  http.HttpServer2 (HttpServer2.java:addGlobalFilter(1020)) - Added global filter 'safety' (class=org.apache.hadoop.hdds.server.http.HttpServer2$QuotingInputFilter)
2021-07-07 01:43:15,501 [Listener at 127.0.0.1/10628] INFO  http.HttpServer2 (HttpServer2.java:addFilter(996)) - Added filter static_user_filter (class=org.apache.hadoop.http.lib.StaticUserWebFilter$StaticUserFilter) to context scm
2021-07-07 01:43:15,501 [Listener at 127.0.0.1/10628] INFO  http.HttpServer2 (HttpServer2.java:addFilter(1004)) - Added filter static_user_filter (class=org.apache.hadoop.http.lib.StaticUserWebFilter$StaticUserFilter) to context static
2021-07-07 01:43:15,501 [Listener at 127.0.0.1/10628] INFO  http.HttpServer2 (HttpServer2.java:addFilter(1004)) - Added filter static_user_filter (class=org.apache.hadoop.http.lib.StaticUserWebFilter$StaticUserFilter) to context logs
2021-07-07 01:43:15,502 [Listener at 127.0.0.1/10628] INFO  http.HttpServer2 (HttpServer2.java:bindListener(1238)) - Jetty bound to port 15502
2021-07-07 01:43:15,502 [Listener at 127.0.0.1/10628] INFO  server.Server (Server.java:doStart(375)) - jetty-9.4.35.v20201120; built: 2020-11-20T21:17:03.964Z; git: bdc54f03a5e0a7e280fab27f55c3c75ee8da89fb; jvm 1.8.0_292-b10
2021-07-07 01:43:15,507 [10d76295-ae05-4b7a-8932-536e603c59a2@group-8237731C7163-LeaderElection26] INFO  impl.LeaderElection (LeaderElection.java:askForVotes(306)) - 10d76295-ae05-4b7a-8932-536e603c59a2@group-8237731C7163-LeaderElection26 ELECTION round 0: submit vote requests at term 2 for -1: [0f49443e-0a6a-496b-95aa-140a56b5e2f8|rpc:127.0.0.1:32951|priority:0, 10d76295-ae05-4b7a-8932-536e603c59a2|rpc:127.0.0.1:41601|priority:0, b0fd8d55-63ee-4977-a2a0-8385583ac0e3|rpc:127.0.0.1:34435|priority:1], old=null
2021-07-07 01:43:15,510 [Listener at 127.0.0.1/10628] INFO  server.session (DefaultSessionIdManager.java:doStart(334)) - DefaultSessionIdManager workerName=node0
2021-07-07 01:43:15,510 [Listener at 127.0.0.1/10628] INFO  server.session (DefaultSessionIdManager.java:doStart(339)) - No SessionScavenger set, using defaults
2021-07-07 01:43:15,511 [Listener at 127.0.0.1/10628] INFO  server.session (HouseKeeper.java:startScavenging(132)) - node0 Scavenging every 660000ms
2021-07-07 01:43:15,513 [Listener at 127.0.0.1/10628] INFO  handler.ContextHandler (ContextHandler.java:doStart(916)) - Started o.e.j.s.ServletContextHandler@7000ceae{logs,/logs,file:///home/runner/work/ozone/ozone/mnt/ozone/hadoop-ozone/integration-test/target/log,AVAILABLE}
2021-07-07 01:43:15,513 [Listener at 127.0.0.1/10628] INFO  handler.ContextHandler (ContextHandler.java:doStart(916)) - Started o.e.j.s.ServletContextHandler@6f56e5c{static,/static,file:///home/runner/work/ozone/ozone/mnt/ozone/hadoop-ozone/integration-test/target/test-classes/webapps/static,AVAILABLE}
2021-07-07 01:43:15,517 [IPC Server handler 0 on default port 15505] INFO  ipc.Server (Server.java:run(1020)) - IPC Server handler 0 on default port 15505: skipped Call#268 Retry#0 org.apache.hadoop.ozone.protocol.StorageContainerDatanodeProtocol.submitRequest from 127.0.0.1:52144
2021-07-07 01:43:15,517 [Listener at 127.0.0.1/10628] INFO  handler.ContextHandler (ContextHandler.java:doStart(916)) - Started o.e.j.w.WebAppContext@61e67cc1{scm,/,file:///home/runner/work/ozone/ozone/mnt/ozone/hadoop-ozone/integration-test/target/test-classes/webapps/scm/,AVAILABLE}{file:/home/runner/work/ozone/ozone/mnt/ozone/hadoop-ozone/integration-test/target/test-classes/webapps/scm}
2021-07-07 01:43:15,517 [IPC Server handler 1 on default port 15505] INFO  ipc.Server (Server.java:run(1020)) - IPC Server handler 1 on default port 15505: skipped Call#313 Retry#0 org.apache.hadoop.ozone.protocol.StorageContainerDatanodeProtocol.submitRequest from 127.0.0.1:52200
2021-07-07 01:43:15,518 [IPC Server handler 1 on default port 15505] INFO  ipc.Server (Server.java:run(1020)) - IPC Server handler 1 on default port 15505: skipped Call#245 Retry#0 org.apache.hadoop.ozone.protocol.StorageContainerDatanodeProtocol.submitRequest from 127.0.0.1:52088
2021-07-07 01:43:15,518 [IPC Server handler 1 on default port 15505] INFO  ipc.Server (Server.java:run(1020)) - IPC Server handler 1 on default port 15505: skipped Call#315 Retry#0 org.apache.hadoop.ozone.protocol.StorageContainerDatanodeProtocol.submitRequest from 127.0.0.1:52200
2021-07-07 01:43:15,518 [IPC Server handler 1 on default port 15505] INFO  ipc.Server (Server.java:run(1020)) - IPC Server handler 1 on default port 15505: skipped Call#270 Retry#0 org.apache.hadoop.ozone.protocol.StorageContainerDatanodeProtocol.submitRequest from 127.0.0.1:52144
2021-07-07 01:43:15,518 [IPC Server handler 1 on default port 15505] INFO  ipc.Server (Server.java:run(1020)) - IPC Server handler 1 on default port 15505: skipped Call#250 Retry#0 org.apache.hadoop.ozone.protocol.StorageContainerDatanodeProtocol.submitRequest from 127.0.0.1:52088
2021-07-07 01:43:15,518 [IPC Server handler 4 on default port 15505] INFO  ipc.Server (Server.java:run(1020)) - IPC Server handler 4 on default port 15505: skipped Call#314 Retry#0 org.apache.hadoop.ozone.protocol.StorageContainerDatanodeProtocol.submitRequest from 127.0.0.1:52200
2021-07-07 01:43:15,517 [IPC Server handler 0 on default port 15505] INFO  ipc.Server (Server.java:run(1020)) - IPC Server handler 0 on default port 15505: skipped Call#242 Retry#0 org.apache.hadoop.ozone.protocol.StorageContainerDatanodeProtocol.submitRequest from 127.0.0.1:52088
2021-07-07 01:43:15,517 [IPC Server handler 2 on default port 15505] INFO  ipc.Server (Server.java:run(1020)) - IPC Server handler 2 on default port 15505: skipped Call#269 Retry#0 org.apache.hadoop.ozone.protocol.StorageContainerDatanodeProtocol.submitRequest from 127.0.0.1:52144
2021-07-07 01:43:15,529 [EndpointStateMachine task thread for /127.0.0.1:15505 - 0 ] INFO  ozoneimpl.OzoneContainer (OzoneContainer.java:start(301)) - Ignore. OzoneContainer already started.
2021-07-07 01:43:15,530 [EndpointStateMachine task thread for /127.0.0.1:15505 - 0 ] INFO  ozoneimpl.OzoneContainer (OzoneContainer.java:start(301)) - Ignore. OzoneContainer already started.
2021-07-07 01:43:15,536 [Listener at 127.0.0.1/10628] INFO  server.AbstractConnector (AbstractConnector.java:doStart(331)) - Started ServerConnector@c1dcdb9{HTTP/1.1, (http/1.1)}{0.0.0.0:15502}
2021-07-07 01:43:15,536 [grpc-default-executor-2] INFO  server.RaftServer$Division (RaftServerImpl.java:requestVote(1042)) - 10d76295-ae05-4b7a-8932-536e603c59a2@group-8237731C7163: receive requestVote(ELECTION, b0fd8d55-63ee-4977-a2a0-8385583ac0e3, group-8237731C7163, 2, (t:0, i:0))
2021-07-07 01:43:15,536 [grpc-default-executor-2] INFO  impl.VoteContext (VoteContext.java:log(48)) - 10d76295-ae05-4b7a-8932-536e603c59a2@group-8237731C7163-CANDIDATE: reject ELECTION from b0fd8d55-63ee-4977-a2a0-8385583ac0e3: already has voted for 10d76295-ae05-4b7a-8932-536e603c59a2 at current term 2
2021-07-07 01:43:15,536 [Listener at 127.0.0.1/10628] INFO  server.Server (Server.java:doStart(415)) - Started @95335ms
2021-07-07 01:43:15,536 [Listener at 127.0.0.1/10628] WARN  impl.MetricsSystemImpl (MetricsSystemImpl.java:register(279)) - Sink prometheus already exists!
2021-07-07 01:43:15,536 [grpc-default-executor-3] INFO  server.RaftServer$Division (RaftServerImpl.java:requestVote(1042)) - 0f49443e-0a6a-496b-95aa-140a56b5e2f8@group-8237731C7163: receive requestVote(ELECTION, b0fd8d55-63ee-4977-a2a0-8385583ac0e3, group-8237731C7163, 2, (t:0, i:0))
2021-07-07 01:43:15,537 [grpc-default-executor-3] INFO  impl.VoteContext (VoteContext.java:log(48)) - 0f49443e-0a6a-496b-95aa-140a56b5e2f8@group-8237731C7163-FOLLOWER: accept ELECTION from b0fd8d55-63ee-4977-a2a0-8385583ac0e3: our priority 0 <= candidate's priority 1
2021-07-07 01:43:15,537 [grpc-default-executor-3] INFO  server.RaftServer$Division (RaftServerImpl.java:setRole(284)) - 0f49443e-0a6a-496b-95aa-140a56b5e2f8@group-8237731C7163: changes role from  FOLLOWER to FOLLOWER at term 2 for candidate:b0fd8d55-63ee-4977-a2a0-8385583ac0e3
2021-07-07 01:43:15,538 [grpc-default-executor-3] INFO  impl.RoleInfo (RoleInfo.java:shutdownFollowerState(108)) - 0f49443e-0a6a-496b-95aa-140a56b5e2f8: shutdown 0f49443e-0a6a-496b-95aa-140a56b5e2f8@group-8237731C7163-FollowerState
2021-07-07 01:43:15,538 [grpc-default-executor-3] INFO  impl.RoleInfo (RoleInfo.java:updateAndGet(130)) - 0f49443e-0a6a-496b-95aa-140a56b5e2f8: start 0f49443e-0a6a-496b-95aa-140a56b5e2f8@group-8237731C7163-FollowerState
2021-07-07 01:43:15,536 [grpc-default-executor-2] INFO  server.RaftServer$Division (RaftServerImpl.java:requestVote(1074)) - 10d76295-ae05-4b7a-8932-536e603c59a2@group-8237731C7163 replies to ELECTION vote request: b0fd8d55-63ee-4977-a2a0-8385583ac0e3<-10d76295-ae05-4b7a-8932-536e603c59a2#0:FAIL-t2. Peer's state: 10d76295-ae05-4b7a-8932-536e603c59a2@group-8237731C7163:t2, leader=null, voted=10d76295-ae05-4b7a-8932-536e603c59a2, raftlog=10d76295-ae05-4b7a-8932-536e603c59a2@group-8237731C7163-SegmentedRaftLog:OPENED:c-1,f-1,i0, conf=-1: [0f49443e-0a6a-496b-95aa-140a56b5e2f8|rpc:127.0.0.1:32951|priority:0, 10d76295-ae05-4b7a-8932-536e603c59a2|rpc:127.0.0.1:41601|priority:0, b0fd8d55-63ee-4977-a2a0-8385583ac0e3|rpc:127.0.0.1:34435|priority:1], old=null
2021-07-07 01:43:15,538 [0f49443e-0a6a-496b-95aa-140a56b5e2f8@group-8237731C7163-FollowerState] INFO  impl.FollowerState (FollowerState.java:run(143)) - 0f49443e-0a6a-496b-95aa-140a56b5e2f8@group-8237731C7163-FollowerState was interrupted: {}
java.lang.InterruptedException: sleep interrupted
	at java.lang.Thread.sleep(Native Method)
	at java.lang.Thread.sleep(Thread.java:340)
	at java.util.concurrent.TimeUnit.sleep(TimeUnit.java:386)
	at org.apache.ratis.util.TimeDuration.sleep(TimeDuration.java:324)
	at org.apache.ratis.util.TimeDuration.sleep(TimeDuration.java:309)
	at org.apache.ratis.server.impl.FollowerState.run(FollowerState.java:118)
2021-07-07 01:43:15,537 [EndpointStateMachine task thread for /127.0.0.1:15505 - 0 ] INFO  ozoneimpl.OzoneContainer (OzoneContainer.java:start(301)) - Ignore. OzoneContainer already started.
2021-07-07 01:43:15,537 [grpc-default-executor-0] INFO  server.RaftServer$Division (RaftServerImpl.java:requestVote(1042)) - 0f49443e-0a6a-496b-95aa-140a56b5e2f8@group-8237731C7163: receive requestVote(ELECTION, 10d76295-ae05-4b7a-8932-536e603c59a2, group-8237731C7163, 2, (t:0, i:0))
2021-07-07 01:43:15,537 [Listener at 127.0.0.1/10628] INFO  http.BaseHttpServer (BaseHttpServer.java:updateConnectorAddress(329)) - HTTP server of scm listening at http://0.0.0.0:15502
2021-07-07 01:43:15,539 [Listener at 127.0.0.1/10628] INFO  safemode.SCMSafeModeManager (SCMSafeModeManager.java:exitSafeMode(248)) - SCM exiting safe mode.
2021-07-07 01:43:15,539 [Listener at 127.0.0.1/10628] WARN  events.EventQueue (EventQueue.java:fireEvent(194)) - No event handler registered for event TypedEvent{payloadType=SafeModeStatus, name='Safe mode status'}
2021-07-07 01:43:15,539 [Listener at 127.0.0.1/10628] INFO  ha.SCMContext (SCMContext.java:updateSafeModeStatus(208)) - Update SafeModeStatus from SafeModeStatus{safeModeStatus=true, preCheckPassed=false} to SafeModeStatus{safeModeStatus=false, preCheckPassed=true}.
2021-07-07 01:43:15,545 [grpc-default-executor-3] INFO  server.RaftServer$Division (RaftServerImpl.java:requestVote(1074)) - 0f49443e-0a6a-496b-95aa-140a56b5e2f8@group-8237731C7163 replies to ELECTION vote request: b0fd8d55-63ee-4977-a2a0-8385583ac0e3<-0f49443e-0a6a-496b-95aa-140a56b5e2f8#0:OK-t2. Peer's state: 0f49443e-0a6a-496b-95aa-140a56b5e2f8@group-8237731C7163:t2, leader=null, voted=b0fd8d55-63ee-4977-a2a0-8385583ac0e3, raftlog=0f49443e-0a6a-496b-95aa-140a56b5e2f8@group-8237731C7163-SegmentedRaftLog:OPENED:c-1,f-1,i0, conf=-1: [0f49443e-0a6a-496b-95aa-140a56b5e2f8|rpc:127.0.0.1:32951|priority:0, 10d76295-ae05-4b7a-8932-536e603c59a2|rpc:127.0.0.1:41601|priority:0, b0fd8d55-63ee-4977-a2a0-8385583ac0e3|rpc:127.0.0.1:34435|priority:1], old=null
2021-07-07 01:43:15,545 [grpc-default-executor-0] INFO  impl.VoteContext (VoteContext.java:log(48)) - 0f49443e-0a6a-496b-95aa-140a56b5e2f8@group-8237731C7163-FOLLOWER: reject ELECTION from 10d76295-ae05-4b7a-8932-536e603c59a2: already has voted for b0fd8d55-63ee-4977-a2a0-8385583ac0e3 at current term 2
2021-07-07 01:43:15,545 [grpc-default-executor-0] INFO  server.RaftServer$Division (RaftServerImpl.java:requestVote(1074)) - 0f49443e-0a6a-496b-95aa-140a56b5e2f8@group-8237731C7163 replies to ELECTION vote request: 10d76295-ae05-4b7a-8932-536e603c59a2<-0f49443e-0a6a-496b-95aa-140a56b5e2f8#0:FAIL-t2. Peer's state: 0f49443e-0a6a-496b-95aa-140a56b5e2f8@group-8237731C7163:t2, leader=null, voted=b0fd8d55-63ee-4977-a2a0-8385583ac0e3, raftlog=0f49443e-0a6a-496b-95aa-140a56b5e2f8@group-8237731C7163-SegmentedRaftLog:OPENED:c-1,f-1,i0, conf=-1: [0f49443e-0a6a-496b-95aa-140a56b5e2f8|rpc:127.0.0.1:32951|priority:0, 10d76295-ae05-4b7a-8932-536e603c59a2|rpc:127.0.0.1:41601|priority:0, b0fd8d55-63ee-4977-a2a0-8385583ac0e3|rpc:127.0.0.1:34435|priority:1], old=null
2021-07-07 01:43:15,551 [b0fd8d55-63ee-4977-a2a0-8385583ac0e3@group-8237731C7163-LeaderElection25] INFO  impl.LeaderElection (LeaderElection.java:logAndReturn(89)) - b0fd8d55-63ee-4977-a2a0-8385583ac0e3@group-8237731C7163-LeaderElection25: ELECTION PASSED received 2 response(s) and 0 exception(s):
2021-07-07 01:43:15,551 [b0fd8d55-63ee-4977-a2a0-8385583ac0e3@group-8237731C7163-LeaderElection25] INFO  impl.LeaderElection (LeaderElection.java:logAndReturn(93)) -   Response 0: b0fd8d55-63ee-4977-a2a0-8385583ac0e3<-0f49443e-0a6a-496b-95aa-140a56b5e2f8#0:OK-t2
2021-07-07 01:43:15,551 [b0fd8d55-63ee-4977-a2a0-8385583ac0e3@group-8237731C7163-LeaderElection25] INFO  impl.LeaderElection (LeaderElection.java:logAndReturn(93)) -   Response 1: b0fd8d55-63ee-4977-a2a0-8385583ac0e3<-10d76295-ae05-4b7a-8932-536e603c59a2#0:FAIL-t2
2021-07-07 01:43:15,551 [b0fd8d55-63ee-4977-a2a0-8385583ac0e3@group-8237731C7163-LeaderElection25] INFO  impl.LeaderElection (LeaderElection.java:askForVotes(308)) - b0fd8d55-63ee-4977-a2a0-8385583ac0e3@group-8237731C7163-LeaderElection25 ELECTION round 0: result PASSED
2021-07-07 01:43:15,551 [b0fd8d55-63ee-4977-a2a0-8385583ac0e3@group-8237731C7163-LeaderElection25] INFO  impl.RoleInfo (RoleInfo.java:shutdownLeaderElection(121)) - b0fd8d55-63ee-4977-a2a0-8385583ac0e3: shutdown b0fd8d55-63ee-4977-a2a0-8385583ac0e3@group-8237731C7163-LeaderElection25
2021-07-07 01:43:15,551 [b0fd8d55-63ee-4977-a2a0-8385583ac0e3@group-8237731C7163-LeaderElection25] INFO  server.RaftServer$Division (RaftServerImpl.java:setRole(284)) - b0fd8d55-63ee-4977-a2a0-8385583ac0e3@group-8237731C7163: changes role from CANDIDATE to LEADER at term 2 for changeToLeader
2021-07-07 01:43:15,551 [b0fd8d55-63ee-4977-a2a0-8385583ac0e3@group-8237731C7163-LeaderElection25] INFO  ratis.XceiverServerRatis (XceiverServerRatis.java:handleLeaderChangedNotification(857)) - Leader change notification received for group: group-8237731C7163 with new leaderId: b0fd8d55-63ee-4977-a2a0-8385583ac0e3
2021-07-07 01:43:15,551 [Listener at 127.0.0.1/10628] INFO  db.RDBCheckpointManager (RDBCheckpointManager.java:createCheckpoint(86)) - Created checkpoint at /home/runner/work/ozone/ozone/mnt/ozone/hadoop-ozone/integration-test/target/test-dir/MiniOzoneClusterImpl-1d7024f8-a0c4-4e84-a8d8-f49eec7f6d62/scmNode-1/db.checkpoints/scm.db_checkpoint_1625622195539 in 12 milliseconds
2021-07-07 01:43:15,553 [EventQueue-PipelineReportForPipelineReportHandler] INFO  pipeline.PipelineManagerV2Impl (PipelineManagerV2Impl.java:openPipeline(270)) - Pipeline Pipeline[ Id: d872d6fc-bbb1-485a-9573-8237731c7163, Nodes: 0f49443e-0a6a-496b-95aa-140a56b5e2f8{ip: 127.0.0.1, host: localhost, ports: [REPLICATION=34473, RATIS=32951, RATIS_ADMIN=32951, RATIS_SERVER=32951, STANDALONE=45145], networkLocation: /default-rack, certSerialId: null, persistedOpState: IN_SERVICE, persistedOpStateExpiryEpochSec: 0}10d76295-ae05-4b7a-8932-536e603c59a2{ip: 127.0.0.1, host: localhost, ports: [REPLICATION=36753, RATIS=41601, RATIS_ADMIN=41601, RATIS_SERVER=41601, STANDALONE=33839], networkLocation: /default-rack, certSerialId: null, persistedOpState: IN_SERVICE, persistedOpStateExpiryEpochSec: 0}b0fd8d55-63ee-4977-a2a0-8385583ac0e3{ip: 127.0.0.1, host: localhost, ports: [REPLICATION=40827, RATIS=34435, RATIS_ADMIN=34435, RATIS_SERVER=34435, STANDALONE=38361], networkLocation: /default-rack, certSerialId: null, persistedOpState: IN_SERVICE, persistedOpStateExpiryEpochSec: 0}, ReplicationConfig: RATIS/THREE, State:ALLOCATED, leaderId:b0fd8d55-63ee-4977-a2a0-8385583ac0e3, CreationTimestamp2021-07-07T01:43:02.282Z] moved to OPEN state
2021-07-07 01:43:15,553 [EventQueue-PipelineReportForPipelineReportHandler] INFO  pipeline.PipelineManagerV2Impl (PipelineManagerV2Impl.java:openPipeline(270)) - Pipeline Pipeline[ Id: d872d6fc-bbb1-485a-9573-8237731c7163, Nodes: 0f49443e-0a6a-496b-95aa-140a56b5e2f8{ip: 127.0.0.1, host: localhost, ports: [REPLICATION=34473, RATIS=32951, RATIS_ADMIN=32951, RATIS_SERVER=32951, STANDALONE=45145], networkLocation: /default-rack, certSerialId: null, persistedOpState: IN_SERVICE, persistedOpStateExpiryEpochSec: 0}10d76295-ae05-4b7a-8932-536e603c59a2{ip: 127.0.0.1, host: localhost, ports: [REPLICATION=36753, RATIS=41601, RATIS_ADMIN=41601, RATIS_SERVER=41601, STANDALONE=33839], networkLocation: /default-rack, certSerialId: null, persistedOpState: IN_SERVICE, persistedOpStateExpiryEpochSec: 0}b0fd8d55-63ee-4977-a2a0-8385583ac0e3{ip: 127.0.0.1, host: localhost, ports: [REPLICATION=40827, RATIS=34435, RATIS_ADMIN=34435, RATIS_SERVER=34435, STANDALONE=38361], networkLocation: /default-rack, certSerialId: null, persistedOpState: IN_SERVICE, persistedOpStateExpiryEpochSec: 0}, ReplicationConfig: RATIS/THREE, State:ALLOCATED, leaderId:b0fd8d55-63ee-4977-a2a0-8385583ac0e3, CreationTimestamp2021-07-07T01:43:02.282Z] moved to OPEN state
2021-07-07 01:43:15,554 [EventQueue-PipelineReportForPipelineReportHandler] INFO  ha.SCMHAInvocationHandler (SCMHAInvocationHandler.java:invokeRatis(113)) - Invoking method public abstract void org.apache.hadoop.hdds.scm.pipeline.StateManager.updatePipelineState(org.apache.hadoop.hdds.protocol.proto.HddsProtos$PipelineID,org.apache.hadoop.hdds.protocol.proto.HddsProtos$PipelineState) throws java.io.IOException on target org.apache.hadoop.hdds.scm.ha.SCMRatisServerImpl@75b25ad3, cost 387.921us
2021-07-07 01:43:15,551 [b0fd8d55-63ee-4977-a2a0-8385583ac0e3@group-8237731C7163-LeaderElection25] INFO  server.RaftServer$Division (ServerState.java:setLeader(271)) - b0fd8d55-63ee-4977-a2a0-8385583ac0e3@group-8237731C7163: change Leader from null to b0fd8d55-63ee-4977-a2a0-8385583ac0e3 at term 2 for becomeLeader, leader elected after 10280ms
2021-07-07 01:43:15,554 [b0fd8d55-63ee-4977-a2a0-8385583ac0e3@group-8237731C7163-LeaderElection25] INFO  server.RaftServerConfigKeys (ConfUtils.java:logGet(44)) - raft.server.staging.catchup.gap = 1000 (default)
2021-07-07 01:43:15,554 [b0fd8d55-63ee-4977-a2a0-8385583ac0e3@group-8237731C7163-LeaderElection25] INFO  metrics.RatisMetrics (RatisMetrics.java:lambda$create$0(36)) - Creating Metrics Registry : ratis.log_appender.b0fd8d55-63ee-4977-a2a0-8385583ac0e3@group-8237731C7163
2021-07-07 01:43:15,554 [b0fd8d55-63ee-4977-a2a0-8385583ac0e3@group-8237731C7163-LeaderElection25] INFO  server.RaftServerConfigKeys (ConfUtils.java:logGet(44)) - raft.server.write.element-limit = 1024 (custom)
2021-07-07 01:43:15,554 [b0fd8d55-63ee-4977-a2a0-8385583ac0e3@group-8237731C7163-LeaderElection25] INFO  server.RaftServerConfigKeys (ConfUtils.java:logGet(44)) - raft.server.write.byte-limit = 1073741824 (custom)
2021-07-07 01:43:15,555 [grpc-default-executor-3] INFO  server.RaftServer$Division (RaftServerImpl.java:requestVote(1042)) - b0fd8d55-63ee-4977-a2a0-8385583ac0e3@group-8237731C7163: receive requestVote(ELECTION, 10d76295-ae05-4b7a-8932-536e603c59a2, group-8237731C7163, 2, (t:0, i:0))
2021-07-07 01:43:15,556 [IPC Server handler 12 on default port 15505] INFO  net.NetworkTopologyImpl (NetworkTopologyImpl.java:add(112)) - Added a new node: /default-rack/b0fd8d55-63ee-4977-a2a0-8385583ac0e3
2021-07-07 01:43:15,560 [b0fd8d55-63ee-4977-a2a0-8385583ac0e3@group-8237731C7163-LeaderElection25] INFO  server.RaftServerConfigKeys (ConfUtils.java:logGet(44)) - raft.server.watch.timeout = 180s (custom)
2021-07-07 01:43:15,560 [b0fd8d55-63ee-4977-a2a0-8385583ac0e3@group-8237731C7163-LeaderElection25] INFO  server.RaftServerConfigKeys (ConfUtils.java:logGet(44)) - raft.server.watch.timeout.denomination = 1s (default)
2021-07-07 01:43:15,560 [b0fd8d55-63ee-4977-a2a0-8385583ac0e3@group-8237731C7163-LeaderElection25] INFO  server.RaftServerConfigKeys (ConfUtils.java:logGet(44)) - raft.server.watch.element-limit = 65536 (default)
2021-07-07 01:43:15,560 [b0fd8d55-63ee-4977-a2a0-8385583ac0e3@group-8237731C7163-LeaderElection25] INFO  server.RaftServerConfigKeys (ConfUtils.java:logGet(44)) - raft.server.log.appender.snapshot.chunk.size.max = 16MB (=16777216) (default)
2021-07-07 01:43:15,560 [b0fd8d55-63ee-4977-a2a0-8385583ac0e3@group-8237731C7163-LeaderElection25] INFO  server.RaftServerConfigKeys (ConfUtils.java:logGet(44)) - raft.server.log.appender.buffer.byte-limit = 33554432 (custom)
2021-07-07 01:43:15,560 [b0fd8d55-63ee-4977-a2a0-8385583ac0e3@group-8237731C7163-LeaderElection25] INFO  server.RaftServerConfigKeys (ConfUtils.java:logGet(44)) - raft.server.log.appender.buffer.element-limit = 1 (custom)
2021-07-07 01:43:15,561 [b0fd8d55-63ee-4977-a2a0-8385583ac0e3@group-8237731C7163-LeaderElection25] INFO  grpc.GrpcConfigKeys (ConfUtils.java:logGet(44)) - raft.grpc.server.leader.outstanding.appends.max = 128 (default)
2021-07-07 01:43:15,561 [b0fd8d55-63ee-4977-a2a0-8385583ac0e3@group-8237731C7163-LeaderElection25] INFO  server.RaftServerConfigKeys (ConfUtils.java:logGet(44)) - raft.server.rpc.request.timeout = 60s (custom)
2021-07-07 01:43:15,561 [b0fd8d55-63ee-4977-a2a0-8385583ac0e3@group-8237731C7163-LeaderElection25] INFO  server.RaftServerConfigKeys (ConfUtils.java:logGet(44)) - raft.server.log.appender.install.snapshot.enabled = false (custom)
2021-07-07 01:43:15,561 [b0fd8d55-63ee-4977-a2a0-8385583ac0e3@group-8237731C7163-LeaderElection25] INFO  metrics.RatisMetrics (RatisMetrics.java:lambda$create$0(36)) - Creating Metrics Registry : ratis_grpc.log_appender.b0fd8d55-63ee-4977-a2a0-8385583ac0e3@group-8237731C7163
2021-07-07 01:43:15,561 [b0fd8d55-63ee-4977-a2a0-8385583ac0e3@group-8237731C7163-LeaderElection25] INFO  server.RaftServerConfigKeys (ConfUtils.java:logGet(44)) - raft.server.log.appender.snapshot.chunk.size.max = 16MB (=16777216) (default)
2021-07-07 01:43:15,561 [b0fd8d55-63ee-4977-a2a0-8385583ac0e3@group-8237731C7163-LeaderElection25] INFO  server.RaftServerConfigKeys (ConfUtils.java:logGet(44)) - raft.server.log.appender.buffer.byte-limit = 33554432 (custom)
2021-07-07 01:43:15,561 [b0fd8d55-63ee-4977-a2a0-8385583ac0e3@group-8237731C7163-LeaderElection25] INFO  server.RaftServerConfigKeys (ConfUtils.java:logGet(44)) - raft.server.log.appender.buffer.element-limit = 1 (custom)
2021-07-07 01:43:15,561 [b0fd8d55-63ee-4977-a2a0-8385583ac0e3@group-8237731C7163-LeaderElection25] INFO  grpc.GrpcConfigKeys (ConfUtils.java:logGet(44)) - raft.grpc.server.leader.outstanding.appends.max = 128 (default)
2021-07-07 01:43:15,562 [b0fd8d55-63ee-4977-a2a0-8385583ac0e3@group-8237731C7163-LeaderElection25] INFO  server.RaftServerConfigKeys (ConfUtils.java:logGet(44)) - raft.server.rpc.request.timeout = 60s (custom)
2021-07-07 01:43:15,562 [b0fd8d55-63ee-4977-a2a0-8385583ac0e3@group-8237731C7163-LeaderElection25] INFO  server.RaftServerConfigKeys (ConfUtils.java:logGet(44)) - raft.server.log.appender.install.snapshot.enabled = false (custom)
2021-07-07 01:43:15,562 [b0fd8d55-63ee-4977-a2a0-8385583ac0e3@group-8237731C7163-LeaderElection25] INFO  impl.RoleInfo (RoleInfo.java:updateAndGet(130)) - b0fd8d55-63ee-4977-a2a0-8385583ac0e3: start b0fd8d55-63ee-4977-a2a0-8385583ac0e3@group-8237731C7163-LeaderStateImpl
2021-07-07 01:43:15,562 [b0fd8d55-63ee-4977-a2a0-8385583ac0e3@group-8237731C7163-LeaderElection25] INFO  segmented.SegmentedRaftLogWorker (SegmentedRaftLogWorker.java:startLogSegment(394)) - b0fd8d55-63ee-4977-a2a0-8385583ac0e3@group-8237731C7163-SegmentedRaftLogWorker: Starting segment from index:0
2021-07-07 01:43:15,564 [b0fd8d55-63ee-4977-a2a0-8385583ac0e3@group-8237731C7163-SegmentedRaftLogWorker] INFO  segmented.SegmentedRaftLogWorker (SegmentedRaftLogWorker.java:execute(601)) - b0fd8d55-63ee-4977-a2a0-8385583ac0e3@group-8237731C7163-SegmentedRaftLogWorker: created new log segment /home/runner/work/ozone/ozone/mnt/ozone/hadoop-ozone/integration-test/target/test-dir/MiniOzoneClusterImpl-1d7024f8-a0c4-4e84-a8d8-f49eec7f6d62/datanode-2/data/ratis/d872d6fc-bbb1-485a-9573-8237731c7163/current/log_inprogress_0
2021-07-07 01:43:15,565 [EventQueue-PipelineReportForPipelineReportHandler] INFO  ha.SCMHAInvocationHandler (SCMHAInvocationHandler.java:invokeRatis(113)) - Invoking method public abstract void org.apache.hadoop.hdds.scm.pipeline.StateManager.updatePipelineState(org.apache.hadoop.hdds.protocol.proto.HddsProtos$PipelineID,org.apache.hadoop.hdds.protocol.proto.HddsProtos$PipelineState) throws java.io.IOException on target org.apache.hadoop.hdds.scm.ha.SCMRatisServerImpl@77e48145, cost 11979.466us
2021-07-07 01:43:15,566 [13cceed0-1483-466a-85c7-7b1f363ed51c@group-F49EEC7F6D62-StateMachineUpdater] ERROR impl.StateMachineUpdater (StateMachineUpdater.java:run(191)) - 13cceed0-1483-466a-85c7-7b1f363ed51c@group-F49EEC7F6D62-StateMachineUpdater caught a Throwable.
java.lang.IllegalStateException: 13cceed0-1483-466a-85c7-7b1f363ed51c: Failed updateLastAppliedTermIndex: newTI = (t:2, i:28) < oldTI = (t:2, i:128)
	at org.apache.ratis.util.Preconditions.assertTrue(Preconditions.java:72)
	at org.apache.ratis.statemachine.impl.BaseStateMachine.updateLastAppliedTermIndex(BaseStateMachine.java:141)
	at org.apache.hadoop.hdds.scm.ha.SCMStateMachine.notifyTermIndexUpdated(SCMStateMachine.java:303)
	at org.apache.ratis.server.impl.RaftServerImpl.applyLogToStateMachine(RaftServerImpl.java:1668)
	at org.apache.ratis.server.impl.StateMachineUpdater.applyLog(StateMachineUpdater.java:234)
	at org.apache.ratis.server.impl.StateMachineUpdater.run(StateMachineUpdater.java:179)
	at java.lang.Thread.run(Thread.java:748)
2021-07-07 01:43:15,567 [13cceed0-1483-466a-85c7-7b1f363ed51c@group-F49EEC7F6D62-StateMachineUpdater] INFO  server.RaftServer$Division (RaftServerImpl.java:lambda$close$4(406)) - 13cceed0-1483-466a-85c7-7b1f363ed51c@group-F49EEC7F6D62: shutdown
2021-07-07 01:43:15,567 [13cceed0-1483-466a-85c7-7b1f363ed51c@group-F49EEC7F6D62-StateMachineUpdater] INFO  util.JmxRegister (JmxRegister.java:unregister(73)) - Successfully un-registered JMX Bean with object name Ratis:service=RaftServer,group=group-F49EEC7F6D62,id=13cceed0-1483-466a-85c7-7b1f363ed51c
2021-07-07 01:43:15,567 [13cceed0-1483-466a-85c7-7b1f363ed51c@group-F49EEC7F6D62-StateMachineUpdater] INFO  impl.RoleInfo (RoleInfo.java:shutdownFollowerState(108)) - 13cceed0-1483-466a-85c7-7b1f363ed51c: shutdown 13cceed0-1483-466a-85c7-7b1f363ed51c@group-F49EEC7F6D62-FollowerState
2021-07-07 01:43:15,568 [grpc-default-executor-0] INFO  ratis.XceiverServerRatis (XceiverServerRatis.java:handleLeaderChangedNotification(857)) - Leader change notification received for group: group-8237731C7163 with new leaderId: b0fd8d55-63ee-4977-a2a0-8385583ac0e3
2021-07-07 01:43:15,568 [grpc-default-executor-0] INFO  server.RaftServer$Division (ServerState.java:setLeader(271)) - 0f49443e-0a6a-496b-95aa-140a56b5e2f8@group-8237731C7163: change Leader from null to b0fd8d55-63ee-4977-a2a0-8385583ac0e3 at term 2 for appendEntries, leader elected after 10371ms
2021-07-07 01:43:15,569 [b0fd8d55-63ee-4977-a2a0-8385583ac0e3@group-8237731C7163-LeaderElection25] INFO  server.RaftServer$Division (ServerState.java:setRaftConf(373)) - b0fd8d55-63ee-4977-a2a0-8385583ac0e3@group-8237731C7163: set configuration 0: [0f49443e-0a6a-496b-95aa-140a56b5e2f8|rpc:127.0.0.1:32951|dataStream:|priority:0, 10d76295-ae05-4b7a-8932-536e603c59a2|rpc:127.0.0.1:41601|dataStream:|priority:0, b0fd8d55-63ee-4977-a2a0-8385583ac0e3|rpc:127.0.0.1:34435|dataStream:|priority:1], old=null
2021-07-07 01:43:15,570 [grpc-default-executor-3] INFO  impl.VoteContext (VoteContext.java:log(48)) - b0fd8d55-63ee-4977-a2a0-8385583ac0e3@group-8237731C7163-LEADER: reject ELECTION from 10d76295-ae05-4b7a-8932-536e603c59a2: already has voted for b0fd8d55-63ee-4977-a2a0-8385583ac0e3 at current term 2
2021-07-07 01:43:15,570 [grpc-default-executor-3] INFO  server.RaftServer$Division (RaftServerImpl.java:requestVote(1074)) - b0fd8d55-63ee-4977-a2a0-8385583ac0e3@group-8237731C7163 replies to ELECTION vote request: 10d76295-ae05-4b7a-8932-536e603c59a2<-b0fd8d55-63ee-4977-a2a0-8385583ac0e3#0:FAIL-t2. Peer's state: b0fd8d55-63ee-4977-a2a0-8385583ac0e3@group-8237731C7163:t2, leader=b0fd8d55-63ee-4977-a2a0-8385583ac0e3, voted=b0fd8d55-63ee-4977-a2a0-8385583ac0e3, raftlog=b0fd8d55-63ee-4977-a2a0-8385583ac0e3@group-8237731C7163-SegmentedRaftLog:OPENED:c0,f0,i0, conf=0: [0f49443e-0a6a-496b-95aa-140a56b5e2f8|rpc:127.0.0.1:32951|dataStream:|priority:0, 10d76295-ae05-4b7a-8932-536e603c59a2|rpc:127.0.0.1:41601|dataStream:|priority:0, b0fd8d55-63ee-4977-a2a0-8385583ac0e3|rpc:127.0.0.1:34435|dataStream:|priority:1], old=null
2021-07-07 01:43:15,576 [IPC Server handler 12 on default port 15505] INFO  node.SCMNodeManager (SCMNodeManager.java:register(348)) - Registered Data node : b0fd8d55-63ee-4977-a2a0-8385583ac0e3{ip: 127.0.0.1, host: localhost, ports: [REPLICATION=40827, RATIS=34435, RATIS_ADMIN=34435, RATIS_SERVER=34435, STANDALONE=38361], networkLocation: /default-rack, certSerialId: null, persistedOpState: null, persistedOpStateExpiryEpochSec: 0}
2021-07-07 01:43:15,580 [13cceed0-1483-466a-85c7-7b1f363ed51c@group-F49EEC7F6D62-StateMachineUpdater] INFO  ha.SCMStateMachine (HadoopExecutors.java:shutdown(118)) - Gracefully shutting down executor service. Waiting max 5 SECONDS
2021-07-07 01:43:15,581 [13cceed0-1483-466a-85c7-7b1f363ed51c@group-F49EEC7F6D62-FollowerState] INFO  impl.FollowerState (FollowerState.java:run(143)) - 13cceed0-1483-466a-85c7-7b1f363ed51c@group-F49EEC7F6D62-FollowerState was interrupted: {}
java.lang.InterruptedException: sleep interrupted
	at java.lang.Thread.sleep(Native Method)
	at java.lang.Thread.sleep(Thread.java:340)
	at java.util.concurrent.TimeUnit.sleep(TimeUnit.java:386)
	at org.apache.ratis.util.TimeDuration.sleep(TimeDuration.java:324)
	at org.apache.ratis.util.TimeDuration.sleep(TimeDuration.java:309)
	at org.apache.ratis.server.impl.FollowerState.run(FollowerState.java:118)
2021-07-07 01:43:15,581 [13cceed0-1483-466a-85c7-7b1f363ed51c@group-F49EEC7F6D62-StateMachineUpdater] INFO  ha.SCMStateMachine (HadoopExecutors.java:shutdown(129)) - Succesfully shutdown executor service
2021-07-07 01:43:15,581 [13cceed0-1483-466a-85c7-7b1f363ed51c@group-F49EEC7F6D62-StateMachineUpdater] INFO  metrics.RatisMetrics (RatisMetrics.java:unregister(43)) - Unregistering Metrics Registry : ratis.state_machine.13cceed0-1483-466a-85c7-7b1f363ed51c@group-F49EEC7F6D62
2021-07-07 01:43:15,581 [13cceed0-1483-466a-85c7-7b1f363ed51c@group-F49EEC7F6D62-StateMachineUpdater] INFO  server.RaftServer$Division (ServerState.java:close(405)) - 13cceed0-1483-466a-85c7-7b1f363ed51c@group-F49EEC7F6D62: closes. applyIndex: 28
2021-07-07 01:43:15,590 [grpc-default-executor-0] INFO  server.RaftServer$Division (ServerState.java:setRaftConf(373)) - 0f49443e-0a6a-496b-95aa-140a56b5e2f8@group-8237731C7163: set configuration 0: [0f49443e-0a6a-496b-95aa-140a56b5e2f8|rpc:127.0.0.1:32951|dataStream:|priority:0, 10d76295-ae05-4b7a-8932-536e603c59a2|rpc:127.0.0.1:41601|dataStream:|priority:0, b0fd8d55-63ee-4977-a2a0-8385583ac0e3|rpc:127.0.0.1:34435|dataStream:|priority:1], old=null
2021-07-07 01:43:15,590 [grpc-default-executor-0] INFO  segmented.SegmentedRaftLogWorker (SegmentedRaftLogWorker.java:startLogSegment(394)) - 0f49443e-0a6a-496b-95aa-140a56b5e2f8@group-8237731C7163-SegmentedRaftLogWorker: Starting segment from index:0
2021-07-07 01:43:15,591 [10d76295-ae05-4b7a-8932-536e603c59a2@group-8237731C7163-LeaderElection26] INFO  impl.LeaderElection (LeaderElection.java:logAndReturn(89)) - 10d76295-ae05-4b7a-8932-536e603c59a2@group-8237731C7163-LeaderElection26: ELECTION REJECTED received 2 response(s) and 0 exception(s):
2021-07-07 01:43:15,591 [10d76295-ae05-4b7a-8932-536e603c59a2@group-8237731C7163-LeaderElection26] INFO  impl.LeaderElection (LeaderElection.java:logAndReturn(93)) -   Response 0: 10d76295-ae05-4b7a-8932-536e603c59a2<-0f49443e-0a6a-496b-95aa-140a56b5e2f8#0:FAIL-t2
2021-07-07 01:43:15,591 [10d76295-ae05-4b7a-8932-536e603c59a2@group-8237731C7163-LeaderElection26] INFO  impl.LeaderElection (LeaderElection.java:logAndReturn(93)) -   Response 1: 10d76295-ae05-4b7a-8932-536e603c59a2<-b0fd8d55-63ee-4977-a2a0-8385583ac0e3#0:FAIL-t2
2021-07-07 01:43:15,591 [10d76295-ae05-4b7a-8932-536e603c59a2@group-8237731C7163-LeaderElection26] INFO  impl.LeaderElection (LeaderElection.java:askForVotes(308)) - 10d76295-ae05-4b7a-8932-536e603c59a2@group-8237731C7163-LeaderElection26 ELECTION round 0: result REJECTED
2021-07-07 01:43:15,591 [10d76295-ae05-4b7a-8932-536e603c59a2@group-8237731C7163-LeaderElection26] INFO  server.RaftServer$Division (RaftServerImpl.java:setRole(284)) - 10d76295-ae05-4b7a-8932-536e603c59a2@group-8237731C7163: changes role from CANDIDATE to FOLLOWER at term 2 for REJECTED
2021-07-07 01:43:15,591 [10d76295-ae05-4b7a-8932-536e603c59a2@group-8237731C7163-LeaderElection26] INFO  impl.RoleInfo (RoleInfo.java:shutdownLeaderElection(121)) - 10d76295-ae05-4b7a-8932-536e603c59a2: shutdown 10d76295-ae05-4b7a-8932-536e603c59a2@group-8237731C7163-LeaderElection26
2021-07-07 01:43:15,591 [10d76295-ae05-4b7a-8932-536e603c59a2@group-8237731C7163-LeaderElection26] INFO  impl.RoleInfo (RoleInfo.java:updateAndGet(130)) - 10d76295-ae05-4b7a-8932-536e603c59a2: start 10d76295-ae05-4b7a-8932-536e603c59a2@group-8237731C7163-FollowerState
2021-07-07 01:43:15,593 [EventQueue-NewNodeForNewNodeHandler] INFO  pipeline.BackgroundPipelineCreator (BackgroundPipelineCreatorV2.java:notifyEventTriggered(279)) - ignore, not leader SCM.
2021-07-07 01:43:15,593 [grpc-default-executor-0] INFO  ratis.XceiverServerRatis (XceiverServerRatis.java:handleLeaderChangedNotification(857)) - Leader change notification received for group: group-8237731C7163 with new leaderId: b0fd8d55-63ee-4977-a2a0-8385583ac0e3
2021-07-07 01:43:15,593 [grpc-default-executor-0] INFO  server.RaftServer$Division (ServerState.java:setLeader(271)) - 10d76295-ae05-4b7a-8932-536e603c59a2@group-8237731C7163: change Leader from null to b0fd8d55-63ee-4977-a2a0-8385583ac0e3 at term 2 for appendEntries, leader elected after 10390ms
2021-07-07 01:43:15,593 [13cceed0-1483-466a-85c7-7b1f363ed51c@group-F49EEC7F6D62-SegmentedRaftLogWorker] INFO  segmented.SegmentedRaftLogWorker (SegmentedRaftLogWorker.java:run(327)) - 13cceed0-1483-466a-85c7-7b1f363ed51c@group-F49EEC7F6D62-SegmentedRaftLogWorker was interrupted, exiting. There are 0 tasks remaining in the queue.
2021-07-07 01:43:15,594 [9bc33821-a41f-4857-8348-6c15ba9d7e69@group-F49EEC7F6D62-StateMachineUpdater] INFO  ha.SCMStateMachine (SCMStateMachine.java:takeSnapshot(290)) - Current Snapshot Index 30, takeSnapshot took 0 ms
2021-07-07 01:43:15,595 [9bc33821-a41f-4857-8348-6c15ba9d7e69@group-F49EEC7F6D62-StateMachineUpdater] INFO  impl.StateMachineUpdater (StateMachineUpdater.java:takeSnapshot(281)) - 9bc33821-a41f-4857-8348-6c15ba9d7e69@group-F49EEC7F6D62-StateMachineUpdater: Took a snapshot at index 30
2021-07-07 01:43:15,595 [9bc33821-a41f-4857-8348-6c15ba9d7e69@group-F49EEC7F6D62-StateMachineUpdater] INFO  impl.StateMachineUpdater (StateMachineUpdater.java:lambda$new$0(89)) - 9bc33821-a41f-4857-8348-6c15ba9d7e69@group-F49EEC7F6D62-StateMachineUpdater: snapshotIndex: updateIncreasingly 25 -> 30
2021-07-07 01:43:15,595 [9bc33821-a41f-4857-8348-6c15ba9d7e69@group-F49EEC7F6D62-StateMachineUpdater] INFO  raftlog.RaftLog (RaftLogBase.java:purge(306)) - 9bc33821-a41f-4857-8348-6c15ba9d7e69@group-F49EEC7F6D62-SegmentedRaftLog: purge 30
2021-07-07 01:43:15,595 [9bc33821-a41f-4857-8348-6c15ba9d7e69@group-F49EEC7F6D62-StateMachineUpdater] INFO  raftlog.RaftLog (RaftLogBase.java:lambda$new$0(53)) - 9bc33821-a41f-4857-8348-6c15ba9d7e69@group-F49EEC7F6D62-SegmentedRaftLog: snapshotIndex: updateIncreasingly 25 -> 30
2021-07-07 01:43:15,595 [9bc33821-a41f-4857-8348-6c15ba9d7e69@group-F49EEC7F6D62-StateMachineUpdater] INFO  raftlog.RaftLog (RaftLogBase.java:lambda$new$0(53)) - 9bc33821-a41f-4857-8348-6c15ba9d7e69@group-F49EEC7F6D62-SegmentedRaftLog: purgeIndex: updateToMax old=25, new=30, updated? true
2021-07-07 01:43:15,593 [0f49443e-0a6a-496b-95aa-140a56b5e2f8@group-8237731C7163-SegmentedRaftLogWorker] INFO  segmented.SegmentedRaftLogWorker (SegmentedRaftLogWorker.java:execute(601)) - 0f49443e-0a6a-496b-95aa-140a56b5e2f8@group-8237731C7163-SegmentedRaftLogWorker: created new log segment /home/runner/work/ozone/ozone/mnt/ozone/hadoop-ozone/integration-test/target/test-dir/MiniOzoneClusterImpl-1d7024f8-a0c4-4e84-a8d8-f49eec7f6d62/datanode-0/data/ratis/d872d6fc-bbb1-485a-9573-8237731c7163/current/log_inprogress_0
2021-07-07 01:43:15,605 [13cceed0-1483-466a-85c7-7b1f363ed51c@group-F49EEC7F6D62-StateMachineUpdater] INFO  segmented.SegmentedRaftLogWorker (SegmentedRaftLogWorker.java:close(237)) - 13cceed0-1483-466a-85c7-7b1f363ed51c@group-F49EEC7F6D62-SegmentedRaftLogWorker close()
2021-07-07 01:43:15,613 [13cceed0-1483-466a-85c7-7b1f363ed51c@group-F49EEC7F6D62-StateMachineUpdater] INFO  metrics.RatisMetrics (RatisMetrics.java:unregister(43)) - Unregistering Metrics Registry : ratis.log_worker.13cceed0-1483-466a-85c7-7b1f363ed51c@group-F49EEC7F6D62
2021-07-07 01:43:15,613 [13cceed0-1483-466a-85c7-7b1f363ed51c@group-F49EEC7F6D62-StateMachineUpdater] INFO  metrics.RatisMetrics (RatisMetrics.java:unregister(43)) - Unregistering Metrics Registry : ratis.leader_election.13cceed0-1483-466a-85c7-7b1f363ed51c@group-F49EEC7F6D62
2021-07-07 01:43:15,613 [13cceed0-1483-466a-85c7-7b1f363ed51c@group-F49EEC7F6D62-StateMachineUpdater] INFO  metrics.RatisMetrics (RatisMetrics.java:unregister(43)) - Unregistering Metrics Registry : ratis.server.13cceed0-1483-466a-85c7-7b1f363ed51c@group-F49EEC7F6D62
2021-07-07 01:43:15,617 [grpc-default-executor-0] INFO  server.RaftServer$Division (ServerState.java:setRaftConf(373)) - 10d76295-ae05-4b7a-8932-536e603c59a2@group-8237731C7163: set configuration 0: [0f49443e-0a6a-496b-95aa-140a56b5e2f8|rpc:127.0.0.1:32951|dataStream:|priority:0, 10d76295-ae05-4b7a-8932-536e603c59a2|rpc:127.0.0.1:41601|dataStream:|priority:0, b0fd8d55-63ee-4977-a2a0-8385583ac0e3|rpc:127.0.0.1:34435|dataStream:|priority:1], old=null
2021-07-07 01:43:15,618 [grpc-default-executor-0] INFO  segmented.SegmentedRaftLogWorker (SegmentedRaftLogWorker.java:startLogSegment(394)) - 10d76295-ae05-4b7a-8932-536e603c59a2@group-8237731C7163-SegmentedRaftLogWorker: Starting segment from index:0
2021-07-07 01:43:15,618 [Listener at 127.0.0.1/10628] INFO  ha.SCMHAManagerImpl (SCMHAManagerImpl.java:installCheckpoint(227)) - Installing checkpoint with SCMTransactionInfo 2#25
2021-07-07 01:43:15,619 [Listener at 127.0.0.1/10628] WARN  ha.SCMHAManagerImpl (SCMHAManagerImpl.java:installCheckpoint(240)) - Cannot proceed with InstallSnapshot as SCM is at TermIndex (t:2, i:28) and checkpoint has lower TermIndex (t:2, i:25). Reloading old state of SCM.
2021-07-07 01:43:15,620 [10d76295-ae05-4b7a-8932-536e603c59a2@group-8237731C7163-SegmentedRaftLogWorker] INFO  segmented.SegmentedRaftLogWorker (SegmentedRaftLogWorker.java:execute(601)) - 10d76295-ae05-4b7a-8932-536e603c59a2@group-8237731C7163-SegmentedRaftLogWorker: created new log segment /home/runner/work/ozone/ozone/mnt/ozone/hadoop-ozone/integration-test/target/test-dir/MiniOzoneClusterImpl-1d7024f8-a0c4-4e84-a8d8-f49eec7f6d62/datanode-1/data/ratis/d872d6fc-bbb1-485a-9573-8237731c7163/current/log_inprogress_0
2021-07-07 01:43:15,622 [Listener at 127.0.0.1/10628] INFO  ozone.MiniOzoneClusterImpl (MiniOzoneClusterImpl.java:shutdown(445)) - Shutting down the Mini Ozone Cluster
2021-07-07 01:43:15,623 [Listener at 127.0.0.1/10628] INFO  ozone.MiniOzoneHAClusterImpl (MiniOzoneHAClusterImpl.java:stop(288)) - Stopping the OzoneManager omNode-1
2021-07-07 01:43:15,623 [Listener at 127.0.0.1/10628] INFO  ipc.Server (Server.java:stop(3403)) - Stopping server on 10628
2021-07-07 01:43:15,638 [IPC Server listener on 10628] INFO  ipc.Server (Server.java:run(1366)) - Stopping IPC Server listener on 10628
2021-07-07 01:43:15,638 [IPC Server Responder] INFO  ipc.Server (Server.java:run(1502)) - Stopping IPC Server Responder
2021-07-07 01:43:15,639 [Listener at 127.0.0.1/10628] INFO  server.RaftServer (RaftServerProxy.java:lambda$close$6(391)) - omNode-1: close
2021-07-07 01:43:15,639 [Listener at 127.0.0.1/10628] INFO  server.RaftServer$Division (RaftServerImpl.java:lambda$close$4(406)) - omNode-1@group-523986131536: shutdown
2021-07-07 01:43:15,639 [Listener at 127.0.0.1/10628] INFO  util.JmxRegister (JmxRegister.java:unregister(73)) - Successfully un-registered JMX Bean with object name Ratis:service=RaftServer,group=group-523986131536,id=omNode-1
2021-07-07 01:43:15,639 [Listener at 127.0.0.1/10628] INFO  impl.RoleInfo (RoleInfo.java:shutdownLeaderState(91)) - omNode-1: shutdown omNode-1@group-523986131536-LeaderStateImpl
2021-07-07 01:43:15,640 [Listener at 127.0.0.1/10628] INFO  impl.PendingRequests (PendingRequests.java:sendNotLeaderResponses(249)) - omNode-1@group-523986131536-PendingRequests: sendNotLeaderResponses
2021-07-07 01:43:15,640 [Listener at 127.0.0.1/10628] INFO  metrics.RatisMetrics (RatisMetrics.java:unregister(43)) - Unregistering Metrics Registry : ratis.log_appender.omNode-1@group-523986131536
2021-07-07 01:43:15,640 [Listener at 127.0.0.1/10628] INFO  metrics.RatisMetrics (RatisMetrics.java:unregister(43)) - Unregistering Metrics Registry : ratis.server.omNode-1@group-523986131536
2021-07-07 01:43:15,640 [Listener at 127.0.0.1/10628] INFO  impl.StateMachineUpdater (StateMachineUpdater.java:stopAndJoin(149)) - omNode-1@group-523986131536-StateMachineUpdater: set stopIndex = 0
2021-07-07 01:43:15,641 [omNode-1@group-523986131536-StateMachineUpdater] INFO  ratis.OzoneManagerStateMachine (OzoneManagerStateMachine.java:takeSnapshot(347)) - Current Snapshot Index (t:1, i:0)
2021-07-07 01:43:15,641 [omNode-1@group-523986131536-StateMachineUpdater] INFO  impl.StateMachineUpdater (StateMachineUpdater.java:takeSnapshot(281)) - omNode-1@group-523986131536-StateMachineUpdater: Took a snapshot at index 0
2021-07-07 01:43:15,641 [omNode-1@group-523986131536-StateMachineUpdater] INFO  impl.StateMachineUpdater (StateMachineUpdater.java:lambda$new$0(89)) - omNode-1@group-523986131536-StateMachineUpdater: snapshotIndex: updateIncreasingly -1 -> 0
2021-07-07 01:43:15,641 [omNode-1@group-523986131536-StateMachineUpdater] INFO  metrics.RatisMetrics (RatisMetrics.java:unregister(43)) - Unregistering Metrics Registry : ratis.state_machine.omNode-1@group-523986131536
2021-07-07 01:43:15,643 [Listener at 127.0.0.1/10628] INFO  server.RaftServer$Division (ServerState.java:close(405)) - omNode-1@group-523986131536: closes. applyIndex: 0
2021-07-07 01:43:15,644 [omNode-1@group-523986131536-SegmentedRaftLogWorker] INFO  segmented.SegmentedRaftLogWorker (SegmentedRaftLogWorker.java:run(327)) - omNode-1@group-523986131536-SegmentedRaftLogWorker was interrupted, exiting. There are 0 tasks remaining in the queue.
2021-07-07 01:43:15,645 [Listener at 127.0.0.1/10628] INFO  segmented.SegmentedRaftLogWorker (SegmentedRaftLogWorker.java:close(237)) - omNode-1@group-523986131536-SegmentedRaftLogWorker close()
2021-07-07 01:43:15,647 [Listener at 127.0.0.1/10628] INFO  metrics.RatisMetrics (RatisMetrics.java:unregister(43)) - Unregistering Metrics Registry : ratis.log_worker.omNode-1@group-523986131536
2021-07-07 01:43:15,647 [Listener at 127.0.0.1/10628] INFO  metrics.RatisMetrics (RatisMetrics.java:unregister(43)) - Unregistering Metrics Registry : ratis.leader_election.omNode-1@group-523986131536
2021-07-07 01:43:15,647 [Listener at 127.0.0.1/10628] INFO  metrics.RatisMetrics (RatisMetrics.java:unregister(43)) - Unregistering Metrics Registry : ratis.server.omNode-1@group-523986131536
2021-07-07 01:43:15,647 [Listener at 127.0.0.1/10628] INFO  server.GrpcService (GrpcService.java:closeImpl(262)) - omNode-1: shutdown server with port 10632 now
2021-07-07 01:43:15,648 [Listener at 127.0.0.1/10628] INFO  server.GrpcService (GrpcService.java:closeImpl(271)) - omNode-1: shutdown server with port 10632 successfully
2021-07-07 01:43:15,649 [org.apache.ratis.util.JvmPauseMonitor$$Lambda$493/611739613@2cda8be9] INFO  util.JvmPauseMonitor (JvmPauseMonitor.java:run(109)) - JvmPauseMonitor-omNode-1: Stopped
2021-07-07 01:43:15,649 [Listener at 127.0.0.1/10628] INFO  ratis.OzoneManagerDoubleBuffer (OzoneManagerDoubleBuffer.java:stop(426)) - Stopping OMDoubleBuffer flush thread
2021-07-07 01:43:15,649 [OMDoubleBufferFlushThread] INFO  ratis.OzoneManagerDoubleBuffer (OzoneManagerDoubleBuffer.java:flushTransactions(353)) - OMDoubleBuffer flush thread OMDoubleBufferFlushThread is interrupted and will exit. OMDoubleBufferFlushThread
2021-07-07 01:43:15,649 [Listener at 127.0.0.1/10628] INFO  ratis.OzoneManagerStateMachine (HadoopExecutors.java:shutdown(118)) - Gracefully shutting down executor service. Waiting max 5 SECONDS
2021-07-07 01:43:15,649 [Listener at 127.0.0.1/10628] INFO  ratis.OzoneManagerStateMachine (HadoopExecutors.java:shutdown(129)) - Succesfully shutdown executor service
2021-07-07 01:43:15,649 [Listener at 127.0.0.1/10628] INFO  ratis.OzoneManagerStateMachine (HadoopExecutors.java:shutdown(118)) - Gracefully shutting down executor service. Waiting max 5 SECONDS
2021-07-07 01:43:15,649 [Listener at 127.0.0.1/10628] INFO  ratis.OzoneManagerStateMachine (HadoopExecutors.java:shutdown(129)) - Succesfully shutdown executor service
2021-07-07 01:43:15,650 [Listener at 127.0.0.1/10628] INFO  utils.BackgroundService (BackgroundService.java:shutdown(132)) - Shutting down service KeyDeletingService
2021-07-07 01:43:15,650 [Listener at 127.0.0.1/10628] INFO  handler.ContextHandler (ContextHandler.java:doStop(1154)) - Stopped o.e.j.w.WebAppContext@7d66a634{ozoneManager,/,null,STOPPED}{file:/home/runner/work/ozone/ozone/mnt/ozone/hadoop-ozone/integration-test/target/test-classes/webapps/ozoneManager}
2021-07-07 01:43:15,652 [Listener at 127.0.0.1/10628] INFO  server.AbstractConnector (AbstractConnector.java:doStop(381)) - Stopped ServerConnector@48c7773{HTTP/1.1, (http/1.1)}{0.0.0.0:10630}
2021-07-07 01:43:15,652 [Listener at 127.0.0.1/10628] INFO  server.session (HouseKeeper.java:stopScavenging(149)) - node0 Stopped scavenging
2021-07-07 01:43:15,653 [Listener at 127.0.0.1/10628] INFO  handler.ContextHandler (ContextHandler.java:doStop(1154)) - Stopped o.e.j.s.ServletContextHandler@2ff35d7{static,/static,file:///home/runner/work/ozone/ozone/mnt/ozone/hadoop-ozone/integration-test/target/test-classes/webapps/static,STOPPED}
2021-07-07 01:43:15,653 [Listener at 127.0.0.1/10628] INFO  handler.ContextHandler (ContextHandler.java:doStop(1154)) - Stopped o.e.j.s.ServletContextHandler@102ee705{logs,/logs,file:///home/runner/work/ozone/ozone/mnt/ozone/hadoop-ozone/integration-test/target/log,STOPPED}
2021-07-07 01:43:15,655 [Listener at 127.0.0.1/10628] INFO  ozone.MiniOzoneHAClusterImpl (MiniOzoneHAClusterImpl.java:stop(296)) - Stopping the StorageContainerManager 13cceed0-1483-466a-85c7-7b1f363ed51c
2021-07-07 01:43:15,655 [Listener at 127.0.0.1/10628] INFO  server.StorageContainerManager (StorageContainerManager.java:stop(1306)) - Stopping Replication Manager Service.
2021-07-07 01:43:15,655 [Listener at 127.0.0.1/10628] INFO  container.ReplicationManager (ReplicationManager.java:stop(260)) - Stopping Replication Monitor Thread.
2021-07-07 01:43:15,656 [Listener at 127.0.0.1/10628] INFO  server.StorageContainerManager (StorageContainerManager.java:stop(1313)) - Stopping the Datanode Admin Monitor.
2021-07-07 01:43:15,656 [Listener at 127.0.0.1/10628] INFO  server.StorageContainerManager (StorageContainerManager.java:stop(1320)) - Stopping Lease Manager of the command watchers
2021-07-07 01:43:15,656 [Listener at 127.0.0.1/10628] INFO  server.StorageContainerManager (StorageContainerManager.java:stop(1327)) - Stopping datanode service RPC server
2021-07-07 01:43:15,656 [Listener at 127.0.0.1/10628] INFO  server.SCMDatanodeProtocolServer (SCMDatanodeProtocolServer.java:stop(377)) - Stopping the RPC server for DataNodes
2021-07-07 01:43:15,657 [Listener at 127.0.0.1/10628] INFO  ipc.Server (Server.java:stop(3403)) - Stopping server on 15505
2021-07-07 01:43:15,659 [IPC Server Responder] INFO  ipc.Server (Server.java:run(1502)) - Stopping IPC Server Responder
2021-07-07 01:43:15,659 [IPC Server listener on 15505] INFO  ipc.Server (Server.java:run(1366)) - Stopping IPC Server listener on 15505
2021-07-07 01:43:15,689 [SCM Heartbeat Processing Thread - 0] WARN  node.NodeStateManager (NodeStateManager.java:scheduleNextHealthCheck(688)) - Current Thread is interrupted, shutting down HB processing thread for Node Manager.
2021-07-07 01:43:15,692 [Listener at 127.0.0.1/10628] INFO  server.StorageContainerManager (StorageContainerManager.java:stop(1335)) - Stopping block service RPC server
2021-07-07 01:43:15,693 [Listener at 127.0.0.1/10628] INFO  server.SCMBlockProtocolServer (SCMBlockProtocolServer.java:stop(160)) - Stopping the RPC server for Block Protocol
2021-07-07 01:43:15,693 [Listener at 127.0.0.1/10628] INFO  ipc.Server (Server.java:stop(3403)) - Stopping server on 15506
2021-07-07 01:43:15,694 [IPC Server listener on 15506] INFO  ipc.Server (Server.java:run(1366)) - Stopping IPC Server listener on 15506
2021-07-07 01:43:15,696 [IPC Server Responder] INFO  ipc.Server (Server.java:run(1502)) - Stopping IPC Server Responder
2021-07-07 01:43:15,696 [Listener at 127.0.0.1/10628] INFO  server.StorageContainerManager (StorageContainerManager.java:stop(1342)) - Stopping the StorageContainerLocationProtocol RPC server
2021-07-07 01:43:15,696 [Listener at 127.0.0.1/10628] INFO  server.SCMClientProtocolServer (SCMClientProtocolServer.java:stop(172)) - Stopping the RPC server for Client Protocol
2021-07-07 01:43:15,697 [Listener at 127.0.0.1/10628] INFO  ipc.Server (Server.java:stop(3403)) - Stopping server on 15507
2021-07-07 01:43:15,701 [IPC Server listener on 15507] INFO  ipc.Server (Server.java:run(1366)) - Stopping IPC Server listener on 15507
2021-07-07 01:43:15,701 [Listener at 127.0.0.1/10628] INFO  server.StorageContainerManager (StorageContainerManager.java:stop(1349)) - Stopping Storage Container Manager HTTP server.
2021-07-07 01:43:15,701 [IPC Server Responder] INFO  ipc.Server (Server.java:run(1502)) - Stopping IPC Server Responder
2021-07-07 01:43:15,702 [Listener at 127.0.0.1/10628] INFO  handler.ContextHandler (ContextHandler.java:doStop(1154)) - Stopped o.e.j.w.WebAppContext@61e67cc1{scm,/,null,STOPPED}{file:/home/runner/work/ozone/ozone/mnt/ozone/hadoop-ozone/integration-test/target/test-classes/webapps/scm}
2021-07-07 01:43:15,706 [Listener at 127.0.0.1/10628] INFO  server.AbstractConnector (AbstractConnector.java:doStop(381)) - Stopped ServerConnector@c1dcdb9{HTTP/1.1, (http/1.1)}{0.0.0.0:15502}
2021-07-07 01:43:15,706 [Listener at 127.0.0.1/10628] INFO  server.session (HouseKeeper.java:stopScavenging(149)) - node0 Stopped scavenging
2021-07-07 01:43:15,707 [Listener at 127.0.0.1/10628] INFO  handler.ContextHandler (ContextHandler.java:doStop(1154)) - Stopped o.e.j.s.ServletContextHandler@6f56e5c{static,/static,file:///home/runner/work/ozone/ozone/mnt/ozone/hadoop-ozone/integration-test/target/test-classes/webapps/static,STOPPED}
2021-07-07 01:43:15,707 [Listener at 127.0.0.1/10628] INFO  handler.ContextHandler (ContextHandler.java:doStop(1154)) - Stopped o.e.j.s.ServletContextHandler@7000ceae{logs,/logs,file:///home/runner/work/ozone/ozone/mnt/ozone/hadoop-ozone/integration-test/target/log,STOPPED}
2021-07-07 01:43:15,707 [Listener at 127.0.0.1/10628] INFO  server.StorageContainerManager (StorageContainerManager.java:stop(1360)) - Stopping Block Manager Service.
2021-07-07 01:43:15,708 [Listener at 127.0.0.1/10628] INFO  utils.BackgroundService (BackgroundService.java:shutdown(132)) - Shutting down service SCMBlockDeletingService
2021-07-07 01:43:15,708 [Listener at 127.0.0.1/10628] INFO  utils.BackgroundService (BackgroundService.java:shutdown(132)) - Shutting down service SCMBlockDeletingService
2021-07-07 01:43:15,708 [Listener at 127.0.0.1/10628] INFO  server.StorageContainerManager (StorageContainerManager.java:stop(1387)) - Stopping SCM Event Queue.
2021-07-07 01:43:15,709 [Listener at 127.0.0.1/10628] INFO  ha.SCMRatisServerImpl (SCMRatisServerImpl.java:stop(226)) - stopping ratis server 0.0.0.0:15504
2021-07-07 01:43:15,710 [Listener at 127.0.0.1/10628] INFO  server.RaftServer (RaftServerProxy.java:lambda$close$6(391)) - 13cceed0-1483-466a-85c7-7b1f363ed51c: close
2021-07-07 01:43:15,710 [Listener at 127.0.0.1/10628] INFO  server.GrpcService (GrpcService.java:closeImpl(262)) - 13cceed0-1483-466a-85c7-7b1f363ed51c: shutdown server with port 15504 now
2021-07-07 01:43:15,715 [grpc-default-executor-0] WARN  server.GrpcLogAppender (LogUtils.java:warn(122)) - 9bc33821-a41f-4857-8348-6c15ba9d7e69@group-F49EEC7F6D62->13cceed0-1483-466a-85c7-7b1f363ed51c-AppendLogResponseHandler: Failed appendEntries: org.apache.ratis.thirdparty.io.grpc.StatusRuntimeException: CANCELLED: HTTP/2 error code: CANCEL
Received Rst Stream
2021-07-07 01:43:15,715 [grpc-default-executor-3] WARN  server.GrpcServerProtocolService (LogUtils.java:warn(122)) - 13cceed0-1483-466a-85c7-7b1f363ed51c: installSnapshot onError, lastRequest: 9bc33821-a41f-4857-8348-6c15ba9d7e69->13cceed0-1483-466a-85c7-7b1f363ed51c#29-t2,previous=(t:2, i:29),leaderCommit=29,initializing? true,entries: size=1, first=(t:2, i:30), METADATAENTRY(c:29): org.apache.ratis.thirdparty.io.grpc.StatusRuntimeException: CANCELLED: client cancelled
2021-07-07 01:43:15,715 [grpc-default-executor-0] INFO  leader.FollowerInfo (FollowerInfoImpl.java:lambda$new$0(46)) - 9bc33821-a41f-4857-8348-6c15ba9d7e69@group-F49EEC7F6D62->13cceed0-1483-466a-85c7-7b1f363ed51c: nextIndex: updateUnconditionally 31 -> 30
2021-07-07 01:43:15,717 [Listener at 127.0.0.1/10628] INFO  server.GrpcService (GrpcService.java:closeImpl(271)) - 13cceed0-1483-466a-85c7-7b1f363ed51c: shutdown server with port 15504 successfully
2021-07-07 01:43:15,717 [org.apache.ratis.util.JvmPauseMonitor$$Lambda$493/611739613@2d05291f] INFO  util.JvmPauseMonitor (JvmPauseMonitor.java:run(109)) - JvmPauseMonitor-13cceed0-1483-466a-85c7-7b1f363ed51c: Stopped
2021-07-07 01:43:15,718 [Listener at 127.0.0.1/10628] INFO  ha.SCMStateMachine (HadoopExecutors.java:shutdown(118)) - Gracefully shutting down executor service. Waiting max 5 SECONDS
2021-07-07 01:43:15,718 [Listener at 127.0.0.1/10628] INFO  ha.SCMStateMachine (HadoopExecutors.java:shutdown(129)) - Succesfully shutdown executor service
2021-07-07 01:43:15,718 [Listener at 127.0.0.1/10628] INFO  pipeline.BackgroundPipelineCreator (BackgroundPipelineCreatorV2.java:stop(158)) - Stopping RatisPipelineUtilsThread.
2021-07-07 01:43:15,721 [Listener at 127.0.0.1/10628] INFO  impl.MetricsSystemImpl (MetricsSystemImpl.java:stop(210)) - Stopping StorageContainerManager metrics system...
2021-07-07 01:43:15,728 [grpc-default-executor-3] WARN  server.GrpcLogAppender (LogUtils.java:warn(122)) - 9bc33821-a41f-4857-8348-6c15ba9d7e69@group-F49EEC7F6D62->13cceed0-1483-466a-85c7-7b1f363ed51c-AppendLogResponseHandler: Failed appendEntries: org.apache.ratis.thirdparty.io.grpc.StatusRuntimeException: UNAVAILABLE: io exception
2021-07-07 01:43:15,728 [grpc-default-executor-3] INFO  leader.FollowerInfo (FollowerInfoImpl.java:lambda$new$0(46)) - 9bc33821-a41f-4857-8348-6c15ba9d7e69@group-F49EEC7F6D62->13cceed0-1483-466a-85c7-7b1f363ed51c: nextIndex: updateUnconditionally 31 -> 30
2021-07-07 01:43:15,730 [EndpointStateMachine task thread for /127.0.0.1:15505 - 0 ] WARN  statemachine.EndpointStateMachine (EndpointStateMachine.java:logIfNeeded(236)) - Unable to communicate to SCM server at localhost:15505 for past 0 seconds.
java.io.EOFException: End of File Exception between local host is: "fv-az148-456/10.1.0.45"; destination host is: "localhost":15505; : java.io.EOFException; For more details see:  http://wiki.apache.org/hadoop/EOFException
	at sun.reflect.NativeConstructorAccessorImpl.newInstance0(Native Method)
	at sun.reflect.NativeConstructorAccessorImpl.newInstance(NativeConstructorAccessorImpl.java:62)
	at sun.reflect.DelegatingConstructorAccessorImpl.newInstance(DelegatingConstructorAccessorImpl.java:45)
	at java.lang.reflect.Constructor.newInstance(Constructor.java:423)
	at org.apache.hadoop.net.NetUtils.wrapWithMessage(NetUtils.java:836)
	at org.apache.hadoop.net.NetUtils.wrapException(NetUtils.java:794)
	at org.apache.hadoop.ipc.Client.getRpcResponse(Client.java:1566)
	at org.apache.hadoop.ipc.Client.call(Client.java:1508)
	at org.apache.hadoop.ipc.Client.call(Client.java:1405)
	at org.apache.hadoop.ipc.ProtobufRpcEngine$Invoker.invoke(ProtobufRpcEngine.java:233)
	at org.apache.hadoop.ipc.ProtobufRpcEngine$Invoker.invoke(ProtobufRpcEngine.java:118)
	at com.sun.proxy.$Proxy45.submitRequest(Unknown Source)
	at org.apache.hadoop.ozone.protocolPB.StorageContainerDatanodeProtocolClientSideTranslatorPB.submitRequest(StorageContainerDatanodeProtocolClientSideTranslatorPB.java:117)
	at org.apache.hadoop.ozone.protocolPB.StorageContainerDatanodeProtocolClientSideTranslatorPB.register(StorageContainerDatanodeProtocolClientSideTranslatorPB.java:175)
	at org.apache.hadoop.ozone.container.common.states.endpoint.RegisterEndpointTask.call(RegisterEndpointTask.java:122)
	at org.apache.hadoop.ozone.container.common.states.endpoint.RegisterEndpointTask.call(RegisterEndpointTask.java:47)
	at java.util.concurrent.FutureTask.run(FutureTask.java:266)
	at java.util.concurrent.ThreadPoolExecutor.runWorker(ThreadPoolExecutor.java:1149)
	at java.util.concurrent.ThreadPoolExecutor$Worker.run(ThreadPoolExecutor.java:624)
	at java.lang.Thread.run(Thread.java:748)
Caused by: java.io.EOFException
	at java.io.DataInputStream.readInt(DataInputStream.java:392)
	at org.apache.hadoop.ipc.Client$IpcStreams.readResponse(Client.java:1880)
	at org.apache.hadoop.ipc.Client$Connection.receiveRpcResponse(Client.java:1191)
	at org.apache.hadoop.ipc.Client$Connection.run(Client.java:1087)
2021-07-07 01:43:15,730 [EndpointStateMachine task thread for /127.0.0.1:15505 - 0 ] WARN  statemachine.EndpointStateMachine (EndpointStateMachine.java:logIfNeeded(236)) - Unable to communicate to SCM server at localhost:15505 for past 0 seconds.
java.io.EOFException: End of File Exception between local host is: "fv-az148-456/10.1.0.45"; destination host is: "localhost":15505; : java.io.EOFException; For more details see:  http://wiki.apache.org/hadoop/EOFException
	at sun.reflect.NativeConstructorAccessorImpl.newInstance0(Native Method)
	at sun.reflect.NativeConstructorAccessorImpl.newInstance(NativeConstructorAccessorImpl.java:62)
	at sun.reflect.DelegatingConstructorAccessorImpl.newInstance(DelegatingConstructorAccessorImpl.java:45)
	at java.lang.reflect.Constructor.newInstance(Constructor.java:423)
	at org.apache.hadoop.net.NetUtils.wrapWithMessage(NetUtils.java:836)
	at org.apache.hadoop.net.NetUtils.wrapException(NetUtils.java:794)
	at org.apache.hadoop.ipc.Client.getRpcResponse(Client.java:1566)
	at org.apache.hadoop.ipc.Client.call(Client.java:1508)
	at org.apache.hadoop.ipc.Client.call(Client.java:1405)
	at org.apache.hadoop.ipc.ProtobufRpcEngine$Invoker.invoke(ProtobufRpcEngine.java:233)
	at org.apache.hadoop.ipc.ProtobufRpcEngine$Invoker.invoke(ProtobufRpcEngine.java:118)
	at com.sun.proxy.$Proxy45.submitRequest(Unknown Source)
	at org.apache.hadoop.ozone.protocolPB.StorageContainerDatanodeProtocolClientSideTranslatorPB.submitRequest(StorageContainerDatanodeProtocolClientSideTranslatorPB.java:117)
	at org.apache.hadoop.ozone.protocolPB.StorageContainerDatanodeProtocolClientSideTranslatorPB.register(StorageContainerDatanodeProtocolClientSideTranslatorPB.java:175)
	at org.apache.hadoop.ozone.container.common.states.endpoint.RegisterEndpointTask.call(RegisterEndpointTask.java:122)
	at org.apache.hadoop.ozone.container.common.states.endpoint.RegisterEndpointTask.call(RegisterEndpointTask.java:47)
	at java.util.concurrent.FutureTask.run(FutureTask.java:266)
	at java.util.concurrent.ThreadPoolExecutor.runWorker(ThreadPoolExecutor.java:1149)
	at java.util.concurrent.ThreadPoolExecutor$Worker.run(ThreadPoolExecutor.java:624)
	at java.lang.Thread.run(Thread.java:748)
Caused by: java.io.EOFException
	at java.io.DataInputStream.readInt(DataInputStream.java:392)
	at org.apache.hadoop.ipc.Client$IpcStreams.readResponse(Client.java:1880)
	at org.apache.hadoop.ipc.Client$Connection.receiveRpcResponse(Client.java:1191)
	at org.apache.hadoop.ipc.Client$Connection.run(Client.java:1087)
2021-07-07 01:43:15,733 [prometheus] INFO  impl.MetricsSinkAdapter (MetricsSinkAdapter.java:publishMetricsFromQueue(141)) - prometheus thread interrupted.
2021-07-07 01:43:15,734 [Listener at 127.0.0.1/10628] INFO  impl.MetricsSystemImpl (MetricsSystemImpl.java:stop(216)) - StorageContainerManager metrics system stopped.
2021-07-07 01:43:15,734 [Listener at 127.0.0.1/10628] INFO  ozone.MiniOzoneHAClusterImpl (MiniOzoneHAClusterImpl.java:stop(296)) - Stopping the StorageContainerManager 9bc33821-a41f-4857-8348-6c15ba9d7e69
2021-07-07 01:43:15,734 [Listener at 127.0.0.1/10628] INFO  server.StorageContainerManager (StorageContainerManager.java:stop(1306)) - Stopping Replication Manager Service.
2021-07-07 01:43:15,734 [Listener at 127.0.0.1/10628] INFO  container.ReplicationManager (ReplicationManager.java:stop(260)) - Stopping Replication Monitor Thread.
2021-07-07 01:43:15,734 [Listener at 127.0.0.1/10628] INFO  server.StorageContainerManager (StorageContainerManager.java:stop(1313)) - Stopping the Datanode Admin Monitor.
2021-07-07 01:43:15,734 [Listener at 127.0.0.1/10628] INFO  server.StorageContainerManager (StorageContainerManager.java:stop(1320)) - Stopping Lease Manager of the command watchers
2021-07-07 01:43:15,734 [Listener at 127.0.0.1/10628] INFO  server.StorageContainerManager (StorageContainerManager.java:stop(1327)) - Stopping datanode service RPC server
2021-07-07 01:43:15,735 [Listener at 127.0.0.1/10628] INFO  server.SCMDatanodeProtocolServer (SCMDatanodeProtocolServer.java:stop(377)) - Stopping the RPC server for DataNodes
2021-07-07 01:43:15,735 [Listener at 127.0.0.1/10628] INFO  ipc.Server (Server.java:stop(3403)) - Stopping server on 15485
2021-07-07 01:43:15,747 [IPC Server listener on 15485] INFO  ipc.Server (Server.java:run(1366)) - Stopping IPC Server listener on 15485
2021-07-07 01:43:15,747 [IPC Server Responder] INFO  ipc.Server (Server.java:run(1502)) - Stopping IPC Server Responder
2021-07-07 01:43:15,888 [EndpointStateMachine task thread for /127.0.0.1:13941 - 0 ] INFO  ipc.Client (Client.java:handleConnectionFailure(966)) - Retrying connect to server: localhost/127.0.0.1:13941. Already tried 11 time(s); retry policy is RetryUpToMaximumCountWithFixedSleep(maxRetries=15, sleepTime=1000 MILLISECONDS)
2021-07-07 01:43:15,889 [EndpointStateMachine task thread for /127.0.0.1:13961 - 0 ] INFO  ipc.Client (Client.java:handleConnectionFailure(966)) - Retrying connect to server: localhost/127.0.0.1:13961. Already tried 9 time(s); retry policy is RetryUpToMaximumCountWithFixedSleep(maxRetries=15, sleepTime=1000 MILLISECONDS)
2021-07-07 01:43:15,889 [EndpointStateMachine task thread for /127.0.0.1:13951 - 0 ] INFO  ipc.Client (Client.java:handleConnectionFailure(966)) - Retrying connect to server: localhost/127.0.0.1:13951. Already tried 9 time(s); retry policy is RetryUpToMaximumCountWithFixedSleep(maxRetries=15, sleepTime=1000 MILLISECONDS)
2021-07-07 01:43:16,554 [EndpointStateMachine task thread for /127.0.0.1:15485 - 0 ] WARN  statemachine.EndpointStateMachine (EndpointStateMachine.java:logIfNeeded(236)) - Unable to communicate to SCM server at 127.0.0.1:15485 for past 0 seconds.
java.io.EOFException: End of File Exception between local host is: "fv-az148-456/10.1.0.45"; destination host is: "localhost":15485; : java.io.EOFException; For more details see:  http://wiki.apache.org/hadoop/EOFException
	at sun.reflect.NativeConstructorAccessorImpl.newInstance0(Native Method)
	at sun.reflect.NativeConstructorAccessorImpl.newInstance(NativeConstructorAccessorImpl.java:62)
	at sun.reflect.DelegatingConstructorAccessorImpl.newInstance(DelegatingConstructorAccessorImpl.java:45)
	at java.lang.reflect.Constructor.newInstance(Constructor.java:423)
	at org.apache.hadoop.net.NetUtils.wrapWithMessage(NetUtils.java:836)
	at org.apache.hadoop.net.NetUtils.wrapException(NetUtils.java:794)
	at org.apache.hadoop.ipc.Client.getRpcResponse(Client.java:1566)
	at org.apache.hadoop.ipc.Client.call(Client.java:1508)
	at org.apache.hadoop.ipc.Client.call(Client.java:1405)
	at org.apache.hadoop.ipc.ProtobufRpcEngine$Invoker.invoke(ProtobufRpcEngine.java:233)
	at org.apache.hadoop.ipc.ProtobufRpcEngine$Invoker.invoke(ProtobufRpcEngine.java:118)
	at com.sun.proxy.$Proxy45.submitRequest(Unknown Source)
	at org.apache.hadoop.ozone.protocolPB.StorageContainerDatanodeProtocolClientSideTranslatorPB.submitRequest(StorageContainerDatanodeProtocolClientSideTranslatorPB.java:117)
	at org.apache.hadoop.ozone.protocolPB.StorageContainerDatanodeProtocolClientSideTranslatorPB.sendHeartbeat(StorageContainerDatanodeProtocolClientSideTranslatorPB.java:149)
	at org.apache.hadoop.ozone.container.common.states.endpoint.HeartbeatEndpointTask.call(HeartbeatEndpointTask.java:146)
	at org.apache.hadoop.ozone.container.common.states.endpoint.HeartbeatEndpointTask.call(HeartbeatEndpointTask.java:77)
	at java.util.concurrent.FutureTask.run(FutureTask.java:266)
	at java.util.concurrent.ThreadPoolExecutor.runWorker(ThreadPoolExecutor.java:1149)
	at java.util.concurrent.ThreadPoolExecutor$Worker.run(ThreadPoolExecutor.java:624)
	at java.lang.Thread.run(Thread.java:748)
Caused by: java.io.EOFException
	at java.io.DataInputStream.readInt(DataInputStream.java:392)
	at org.apache.hadoop.ipc.Client$IpcStreams.readResponse(Client.java:1880)
	at org.apache.hadoop.ipc.Client$Connection.receiveRpcResponse(Client.java:1191)
	at org.apache.hadoop.ipc.Client$Connection.run(Client.java:1087)
2021-07-07 01:43:16,889 [EndpointStateMachine task thread for /127.0.0.1:13961 - 0 ] INFO  ipc.Client (Client.java:handleConnectionFailure(966)) - Retrying connect to server: localhost/127.0.0.1:13961. Already tried 10 time(s); retry policy is RetryUpToMaximumCountWithFixedSleep(maxRetries=15, sleepTime=1000 MILLISECONDS)
2021-07-07 01:43:16,890 [EndpointStateMachine task thread for /127.0.0.1:13951 - 0 ] INFO  ipc.Client (Client.java:handleConnectionFailure(966)) - Retrying connect to server: localhost/127.0.0.1:13951. Already tried 10 time(s); retry policy is RetryUpToMaximumCountWithFixedSleep(maxRetries=15, sleepTime=1000 MILLISECONDS)
2021-07-07 01:43:16,889 [EndpointStateMachine task thread for /127.0.0.1:13941 - 0 ] INFO  ipc.Client (Client.java:handleConnectionFailure(966)) - Retrying connect to server: localhost/127.0.0.1:13941. Already tried 12 time(s); retry policy is RetryUpToMaximumCountWithFixedSleep(maxRetries=15, sleepTime=1000 MILLISECONDS)
2021-07-07 01:43:17,553 [Datanode State Machine Thread - 0] ERROR datanode.RunningDatanodeState (RunningDatanodeState.java:computeNextContainerState(199)) - Error in executing end point task.
java.util.concurrent.ExecutionException: java.util.concurrent.TimeoutException
	at java.util.concurrent.FutureTask.report(FutureTask.java:122)
	at java.util.concurrent.FutureTask.get(FutureTask.java:192)
	at org.apache.hadoop.ozone.container.common.states.datanode.RunningDatanodeState.computeNextContainerState(RunningDatanodeState.java:191)
	at org.apache.hadoop.ozone.container.common.states.datanode.RunningDatanodeState.await(RunningDatanodeState.java:231)
	at org.apache.hadoop.ozone.container.common.states.datanode.RunningDatanodeState.await(RunningDatanodeState.java:50)
	at org.apache.hadoop.ozone.container.common.statemachine.StateContext.execute(StateContext.java:629)
	at org.apache.hadoop.ozone.container.common.statemachine.DatanodeStateMachine.start(DatanodeStateMachine.java:244)
	at org.apache.hadoop.ozone.container.common.statemachine.DatanodeStateMachine.lambda$startDaemon$0(DatanodeStateMachine.java:429)
	at java.lang.Thread.run(Thread.java:748)
Caused by: java.util.concurrent.TimeoutException
	at java.util.concurrent.FutureTask.get(FutureTask.java:205)
	at org.apache.hadoop.ozone.container.common.states.datanode.RunningDatanodeState.lambda$execute$0(RunningDatanodeState.java:149)
	at java.util.concurrent.FutureTask.run(FutureTask.java:266)
	at java.util.concurrent.Executors$RunnableAdapter.call(Executors.java:511)
	at java.util.concurrent.FutureTask.run(FutureTask.java:266)
	at java.util.concurrent.ThreadPoolExecutor.runWorker(ThreadPoolExecutor.java:1149)
	at java.util.concurrent.ThreadPoolExecutor$Worker.run(ThreadPoolExecutor.java:624)
	... 1 more
2021-07-07 01:43:17,554 [EndpointStateMachine task thread for /127.0.0.1:15505 - 0 ] INFO  ipc.Client (Client.java:handleConnectionFailure(966)) - Retrying connect to server: localhost/127.0.0.1:15505. Already tried 0 time(s); retry policy is RetryUpToMaximumCountWithFixedSleep(maxRetries=15, sleepTime=1000 MILLISECONDS)
2021-07-07 01:43:17,732 [Datanode State Machine Thread - 0] ERROR datanode.RunningDatanodeState (RunningDatanodeState.java:computeNextContainerState(199)) - Error in executing end point task.
java.util.concurrent.ExecutionException: java.util.concurrent.TimeoutException
	at java.util.concurrent.FutureTask.report(FutureTask.java:122)
	at java.util.concurrent.FutureTask.get(FutureTask.java:192)
	at org.apache.hadoop.ozone.container.common.states.datanode.RunningDatanodeState.computeNextContainerState(RunningDatanodeState.java:191)
	at org.apache.hadoop.ozone.container.common.states.datanode.RunningDatanodeState.await(RunningDatanodeState.java:231)
	at org.apache.hadoop.ozone.container.common.states.datanode.RunningDatanodeState.await(RunningDatanodeState.java:50)
	at org.apache.hadoop.ozone.container.common.statemachine.StateContext.execute(StateContext.java:629)
	at org.apache.hadoop.ozone.container.common.statemachine.DatanodeStateMachine.start(DatanodeStateMachine.java:244)
	at org.apache.hadoop.ozone.container.common.statemachine.DatanodeStateMachine.lambda$startDaemon$0(DatanodeStateMachine.java:429)
	at java.lang.Thread.run(Thread.java:748)
Caused by: java.util.concurrent.TimeoutException
	at java.util.concurrent.FutureTask.get(FutureTask.java:205)
	at org.apache.hadoop.ozone.container.common.states.datanode.RunningDatanodeState.lambda$execute$0(RunningDatanodeState.java:149)
	at java.util.concurrent.FutureTask.run(FutureTask.java:266)
	at java.util.concurrent.Executors$RunnableAdapter.call(Executors.java:511)
	at java.util.concurrent.FutureTask.run(FutureTask.java:266)
	at java.util.concurrent.ThreadPoolExecutor.runWorker(ThreadPoolExecutor.java:1149)
	at java.util.concurrent.ThreadPoolExecutor$Worker.run(ThreadPoolExecutor.java:624)
	... 1 more
2021-07-07 01:43:17,732 [EndpointStateMachine task thread for /127.0.0.1:15485 - 0 ] INFO  ipc.Client (Client.java:handleConnectionFailure(966)) - Retrying connect to server: localhost/127.0.0.1:15485. Already tried 0 time(s); retry policy is RetryUpToMaximumCountWithFixedSleep(maxRetries=15, sleepTime=1000 MILLISECONDS)
2021-07-07 01:43:17,890 [EndpointStateMachine task thread for /127.0.0.1:13961 - 0 ] INFO  ipc.Client (Client.java:handleConnectionFailure(966)) - Retrying connect to server: localhost/127.0.0.1:13961. Already tried 11 time(s); retry policy is RetryUpToMaximumCountWithFixedSleep(maxRetries=15, sleepTime=1000 MILLISECONDS)
2021-07-07 01:43:17,890 [EndpointStateMachine task thread for /127.0.0.1:13951 - 0 ] INFO  ipc.Client (Client.java:handleConnectionFailure(966)) - Retrying connect to server: localhost/127.0.0.1:13951. Already tried 11 time(s); retry policy is RetryUpToMaximumCountWithFixedSleep(maxRetries=15, sleepTime=1000 MILLISECONDS)
2021-07-07 01:43:17,891 [EndpointStateMachine task thread for /127.0.0.1:13941 - 0 ] INFO  ipc.Client (Client.java:handleConnectionFailure(966)) - Retrying connect to server: localhost/127.0.0.1:13941. Already tried 13 time(s); retry policy is RetryUpToMaximumCountWithFixedSleep(maxRetries=15, sleepTime=1000 MILLISECONDS)
2021-07-07 01:43:18,010 [SCM Heartbeat Processing Thread - 0] WARN  node.NodeStateManager (NodeStateManager.java:scheduleNextHealthCheck(688)) - Current Thread is interrupted, shutting down HB processing thread for Node Manager.
2021-07-07 01:43:18,011 [Listener at 127.0.0.1/10628] INFO  server.StorageContainerManager (StorageContainerManager.java:stop(1335)) - Stopping block service RPC server
2021-07-07 01:43:18,011 [Listener at 127.0.0.1/10628] INFO  server.SCMBlockProtocolServer (SCMBlockProtocolServer.java:stop(160)) - Stopping the RPC server for Block Protocol
2021-07-07 01:43:18,011 [Listener at 127.0.0.1/10628] INFO  ipc.Server (Server.java:stop(3403)) - Stopping server on 15486
2021-07-07 01:43:18,015 [Listener at 127.0.0.1/10628] INFO  server.StorageContainerManager (StorageContainerManager.java:stop(1342)) - Stopping the StorageContainerLocationProtocol RPC server
2021-07-07 01:43:18,015 [Listener at 127.0.0.1/10628] INFO  server.SCMClientProtocolServer (SCMClientProtocolServer.java:stop(172)) - Stopping the RPC server for Client Protocol
2021-07-07 01:43:18,016 [Listener at 127.0.0.1/10628] INFO  ipc.Server (Server.java:stop(3403)) - Stopping server on 15487
2021-07-07 01:43:18,015 [IPC Server listener on 15486] INFO  ipc.Server (Server.java:run(1366)) - Stopping IPC Server listener on 15486
2021-07-07 01:43:18,015 [IPC Server Responder] INFO  ipc.Server (Server.java:run(1502)) - Stopping IPC Server Responder
2021-07-07 01:43:18,023 [IPC Server Responder] INFO  ipc.Server (Server.java:run(1502)) - Stopping IPC Server Responder
2021-07-07 01:43:18,023 [Listener at 127.0.0.1/10628] INFO  server.StorageContainerManager (StorageContainerManager.java:stop(1349)) - Stopping Storage Container Manager HTTP server.
2021-07-07 01:43:18,023 [IPC Server listener on 15487] INFO  ipc.Server (Server.java:run(1366)) - Stopping IPC Server listener on 15487
2021-07-07 01:43:18,025 [Listener at 127.0.0.1/10628] INFO  handler.ContextHandler (ContextHandler.java:doStop(1154)) - Stopped o.e.j.w.WebAppContext@50fc62e0{scm,/,null,STOPPED}{file:/home/runner/work/ozone/ozone/mnt/ozone/hadoop-ozone/integration-test/target/test-classes/webapps/scm}
2021-07-07 01:43:18,026 [Listener at 127.0.0.1/10628] INFO  server.AbstractConnector (AbstractConnector.java:doStop(381)) - Stopped ServerConnector@70fbab13{HTTP/1.1, (http/1.1)}{0.0.0.0:15482}
2021-07-07 01:43:18,027 [Listener at 127.0.0.1/10628] INFO  server.session (HouseKeeper.java:stopScavenging(149)) - node0 Stopped scavenging
2021-07-07 01:43:18,028 [Listener at 127.0.0.1/10628] INFO  handler.ContextHandler (ContextHandler.java:doStop(1154)) - Stopped o.e.j.s.ServletContextHandler@62ec0967{static,/static,file:///home/runner/work/ozone/ozone/mnt/ozone/hadoop-ozone/integration-test/target/test-classes/webapps/static,STOPPED}
2021-07-07 01:43:18,030 [Listener at 127.0.0.1/10628] INFO  handler.ContextHandler (ContextHandler.java:doStop(1154)) - Stopped o.e.j.s.ServletContextHandler@619bb99d{logs,/logs,file:///home/runner/work/ozone/ozone/mnt/ozone/hadoop-ozone/integration-test/target/log,STOPPED}
2021-07-07 01:43:18,031 [Listener at 127.0.0.1/10628] INFO  server.StorageContainerManager (StorageContainerManager.java:stop(1360)) - Stopping Block Manager Service.
2021-07-07 01:43:18,031 [Listener at 127.0.0.1/10628] INFO  utils.BackgroundService (BackgroundService.java:shutdown(132)) - Shutting down service SCMBlockDeletingService
2021-07-07 01:43:18,033 [Listener at 127.0.0.1/10628] INFO  utils.BackgroundService (BackgroundService.java:shutdown(132)) - Shutting down service SCMBlockDeletingService
2021-07-07 01:43:18,033 [Listener at 127.0.0.1/10628] INFO  server.StorageContainerManager (StorageContainerManager.java:stop(1387)) - Stopping SCM Event Queue.
2021-07-07 01:43:18,034 [Listener at 127.0.0.1/10628] INFO  ha.SCMRatisServerImpl (SCMRatisServerImpl.java:stop(226)) - stopping ratis server 0.0.0.0:15484
2021-07-07 01:43:18,034 [Listener at 127.0.0.1/10628] INFO  server.RaftServer (RaftServerProxy.java:lambda$close$6(391)) - 9bc33821-a41f-4857-8348-6c15ba9d7e69: close
2021-07-07 01:43:18,034 [Listener at 127.0.0.1/10628] INFO  server.RaftServer$Division (RaftServerImpl.java:lambda$close$4(406)) - 9bc33821-a41f-4857-8348-6c15ba9d7e69@group-F49EEC7F6D62: shutdown
2021-07-07 01:43:18,034 [Listener at 127.0.0.1/10628] INFO  util.JmxRegister (JmxRegister.java:unregister(73)) - Successfully un-registered JMX Bean with object name Ratis:service=RaftServer,group=group-F49EEC7F6D62,id=9bc33821-a41f-4857-8348-6c15ba9d7e69
2021-07-07 01:43:18,035 [Listener at 127.0.0.1/10628] INFO  impl.RoleInfo (RoleInfo.java:shutdownLeaderState(91)) - 9bc33821-a41f-4857-8348-6c15ba9d7e69: shutdown 9bc33821-a41f-4857-8348-6c15ba9d7e69@group-F49EEC7F6D62-LeaderStateImpl
2021-07-07 01:43:18,035 [Listener at 127.0.0.1/10628] INFO  metrics.RatisMetrics (RatisMetrics.java:unregister(43)) - Unregistering Metrics Registry : ratis_grpc.log_appender.9bc33821-a41f-4857-8348-6c15ba9d7e69@group-F49EEC7F6D62
2021-07-07 01:43:18,035 [Listener at 127.0.0.1/10628] INFO  metrics.RatisMetrics (RatisMetrics.java:unregister(43)) - Unregistering Metrics Registry : ratis_grpc.log_appender.9bc33821-a41f-4857-8348-6c15ba9d7e69@group-F49EEC7F6D62
2021-07-07 01:43:18,035 [Listener at 127.0.0.1/10628] INFO  impl.PendingRequests (PendingRequests.java:sendNotLeaderResponses(249)) - 9bc33821-a41f-4857-8348-6c15ba9d7e69@group-F49EEC7F6D62-PendingRequests: sendNotLeaderResponses
2021-07-07 01:43:18,035 [Listener at 127.0.0.1/10628] INFO  ha.SCMStateMachine (SCMStateMachine.java:notifyNotLeader(183)) - current leader SCM steps down.
2021-07-07 01:43:18,035 [Listener at 127.0.0.1/10628] INFO  ha.SCMContext (SCMContext.java:updateLeaderAndTerm(91)) - update <isLeader,term> from <true,2> to <false,0>
2021-07-07 01:43:18,035 [Listener at 127.0.0.1/10628] INFO  ha.SCMContext (SCMContext.java:updateLeaderAndTerm(98)) - update <isLeaderReady> from <false> to <false>
2021-07-07 01:43:18,036 [Listener at 127.0.0.1/10628] INFO  metrics.RatisMetrics (RatisMetrics.java:unregister(43)) - Unregistering Metrics Registry : ratis.log_appender.9bc33821-a41f-4857-8348-6c15ba9d7e69@group-F49EEC7F6D62
2021-07-07 01:43:18,037 [Listener at 127.0.0.1/10628] INFO  metrics.RatisMetrics (RatisMetrics.java:unregister(43)) - Unregistering Metrics Registry : ratis.server.9bc33821-a41f-4857-8348-6c15ba9d7e69@group-F49EEC7F6D62
2021-07-07 01:43:18,037 [Listener at 127.0.0.1/10628] INFO  impl.StateMachineUpdater (StateMachineUpdater.java:stopAndJoin(149)) - 9bc33821-a41f-4857-8348-6c15ba9d7e69@group-F49EEC7F6D62-StateMachineUpdater: set stopIndex = 30
2021-07-07 01:43:18,037 [9bc33821-a41f-4857-8348-6c15ba9d7e69@group-F49EEC7F6D62->13cceed0-1483-466a-85c7-7b1f363ed51c-GrpcLogAppender-LogAppenderDaemon] WARN  server.GrpcLogAppender (GrpcLogAppender.java:mayWait(175)) - 9bc33821-a41f-4857-8348-6c15ba9d7e69@group-F49EEC7F6D62->13cceed0-1483-466a-85c7-7b1f363ed51c-GrpcLogAppender: Wait interrupted by java.lang.InterruptedException
2021-07-07 01:43:18,038 [9bc33821-a41f-4857-8348-6c15ba9d7e69@group-F49EEC7F6D62-StateMachineUpdater] INFO  ha.SCMStateMachine (HadoopExecutors.java:shutdown(118)) - Gracefully shutting down executor service. Waiting max 5 SECONDS
2021-07-07 01:43:18,038 [9bc33821-a41f-4857-8348-6c15ba9d7e69@group-F49EEC7F6D62-StateMachineUpdater] INFO  ha.SCMStateMachine (HadoopExecutors.java:shutdown(129)) - Succesfully shutdown executor service
2021-07-07 01:43:18,038 [9bc33821-a41f-4857-8348-6c15ba9d7e69@group-F49EEC7F6D62-StateMachineUpdater] INFO  metrics.RatisMetrics (RatisMetrics.java:unregister(43)) - Unregistering Metrics Registry : ratis.state_machine.9bc33821-a41f-4857-8348-6c15ba9d7e69@group-F49EEC7F6D62
2021-07-07 01:43:18,038 [Listener at 127.0.0.1/10628] INFO  server.RaftServer$Division (ServerState.java:close(405)) - 9bc33821-a41f-4857-8348-6c15ba9d7e69@group-F49EEC7F6D62: closes. applyIndex: 30
2021-07-07 01:43:18,037 [9bc33821-a41f-4857-8348-6c15ba9d7e69@group-F49EEC7F6D62->1f826664-c1d0-47b0-99bc-11cdaf7ce5a3-GrpcLogAppender-LogAppenderDaemon] WARN  server.GrpcLogAppender (GrpcLogAppender.java:mayWait(175)) - 9bc33821-a41f-4857-8348-6c15ba9d7e69@group-F49EEC7F6D62->1f826664-c1d0-47b0-99bc-11cdaf7ce5a3-GrpcLogAppender: Wait interrupted by java.lang.InterruptedException
2021-07-07 01:43:18,039 [9bc33821-a41f-4857-8348-6c15ba9d7e69@group-F49EEC7F6D62-SegmentedRaftLogWorker] INFO  segmented.SegmentedRaftLogWorker (SegmentedRaftLogWorker.java:run(327)) - 9bc33821-a41f-4857-8348-6c15ba9d7e69@group-F49EEC7F6D62-SegmentedRaftLogWorker was interrupted, exiting. There are 0 tasks remaining in the queue.
2021-07-07 01:43:18,039 [grpc-default-executor-3] INFO  server.GrpcServerProtocolService (GrpcServerProtocolService.java:onCompleted(140)) - 1f826664-c1d0-47b0-99bc-11cdaf7ce5a3: Completed APPEND_ENTRIES, lastRequest: 9bc33821-a41f-4857-8348-6c15ba9d7e69->1f826664-c1d0-47b0-99bc-11cdaf7ce5a3#1010-t2,previous=(t:2, i:29),leaderCommit=29,initializing? true,entries: size=1, first=(t:2, i:30), METADATAENTRY(c:29)
2021-07-07 01:43:18,040 [grpc-default-executor-3] INFO  server.GrpcLogAppender (GrpcLogAppender.java:onCompleted(344)) - 9bc33821-a41f-4857-8348-6c15ba9d7e69@group-F49EEC7F6D62->1f826664-c1d0-47b0-99bc-11cdaf7ce5a3-AppendLogResponseHandler: follower responses appendEntries COMPLETED
2021-07-07 01:43:18,040 [grpc-default-executor-3] INFO  leader.FollowerInfo (FollowerInfoImpl.java:lambda$new$0(46)) - 9bc33821-a41f-4857-8348-6c15ba9d7e69@group-F49EEC7F6D62->1f826664-c1d0-47b0-99bc-11cdaf7ce5a3: nextIndex: updateUnconditionally 31 -> 30
2021-07-07 01:43:18,041 [Listener at 127.0.0.1/10628] INFO  segmented.SegmentedRaftLogWorker (SegmentedRaftLogWorker.java:close(237)) - 9bc33821-a41f-4857-8348-6c15ba9d7e69@group-F49EEC7F6D62-SegmentedRaftLogWorker close()
2021-07-07 01:43:18,041 [Listener at 127.0.0.1/10628] INFO  metrics.RatisMetrics (RatisMetrics.java:unregister(43)) - Unregistering Metrics Registry : ratis.log_worker.9bc33821-a41f-4857-8348-6c15ba9d7e69@group-F49EEC7F6D62
2021-07-07 01:43:18,042 [Listener at 127.0.0.1/10628] INFO  metrics.RatisMetrics (RatisMetrics.java:unregister(43)) - Unregistering Metrics Registry : ratis.leader_election.9bc33821-a41f-4857-8348-6c15ba9d7e69@group-F49EEC7F6D62
2021-07-07 01:43:18,042 [Listener at 127.0.0.1/10628] INFO  metrics.RatisMetrics (RatisMetrics.java:unregister(43)) - Unregistering Metrics Registry : ratis.server.9bc33821-a41f-4857-8348-6c15ba9d7e69@group-F49EEC7F6D62
2021-07-07 01:43:18,042 [Listener at 127.0.0.1/10628] INFO  server.GrpcService (GrpcService.java:closeImpl(262)) - 9bc33821-a41f-4857-8348-6c15ba9d7e69: shutdown server with port 15484 now
2021-07-07 01:43:18,050 [Listener at 127.0.0.1/10628] INFO  server.GrpcService (GrpcService.java:closeImpl(271)) - 9bc33821-a41f-4857-8348-6c15ba9d7e69: shutdown server with port 15484 successfully
2021-07-07 01:43:18,050 [org.apache.ratis.util.JvmPauseMonitor$$Lambda$493/611739613@9cdef42] INFO  util.JvmPauseMonitor (JvmPauseMonitor.java:run(109)) - JvmPauseMonitor-9bc33821-a41f-4857-8348-6c15ba9d7e69: Stopped
2021-07-07 01:43:18,050 [Listener at 127.0.0.1/10628] INFO  ha.SCMStateMachine (HadoopExecutors.java:shutdown(118)) - Gracefully shutting down executor service. Waiting max 5 SECONDS
2021-07-07 01:43:18,050 [Listener at 127.0.0.1/10628] INFO  ha.SCMStateMachine (HadoopExecutors.java:shutdown(129)) - Succesfully shutdown executor service
2021-07-07 01:43:18,052 [Listener at 127.0.0.1/10628] INFO  pipeline.BackgroundPipelineCreator (BackgroundPipelineCreatorV2.java:stop(158)) - Stopping RatisPipelineUtilsThread.
2021-07-07 01:43:18,053 [Listener at 127.0.0.1/10628] INFO  impl.MetricsSystemImpl (MetricsSystemImpl.java:stop(205)) - StorageContainerManager metrics system stopped (again)
2021-07-07 01:43:18,053 [Listener at 127.0.0.1/10628] INFO  ozone.MiniOzoneHAClusterImpl (MiniOzoneHAClusterImpl.java:stop(296)) - Stopping the StorageContainerManager 1f826664-c1d0-47b0-99bc-11cdaf7ce5a3
2021-07-07 01:43:18,053 [Listener at 127.0.0.1/10628] INFO  server.StorageContainerManager (StorageContainerManager.java:stop(1306)) - Stopping Replication Manager Service.
2021-07-07 01:43:18,053 [Listener at 127.0.0.1/10628] INFO  container.ReplicationManager (ReplicationManager.java:stop(260)) - Stopping Replication Monitor Thread.
2021-07-07 01:43:18,054 [Listener at 127.0.0.1/10628] INFO  server.StorageContainerManager (StorageContainerManager.java:stop(1313)) - Stopping the Datanode Admin Monitor.
2021-07-07 01:43:18,054 [Listener at 127.0.0.1/10628] INFO  server.StorageContainerManager (StorageContainerManager.java:stop(1320)) - Stopping Lease Manager of the command watchers
2021-07-07 01:43:18,054 [Listener at 127.0.0.1/10628] INFO  server.StorageContainerManager (StorageContainerManager.java:stop(1327)) - Stopping datanode service RPC server
2021-07-07 01:43:18,055 [Listener at 127.0.0.1/10628] INFO  server.SCMDatanodeProtocolServer (SCMDatanodeProtocolServer.java:stop(377)) - Stopping the RPC server for DataNodes
2021-07-07 01:43:18,055 [Listener at 127.0.0.1/10628] INFO  ipc.Server (Server.java:stop(3403)) - Stopping server on 15495
2021-07-07 01:43:18,055 [IPC Server listener on 15495] INFO  ipc.Server (Server.java:run(1366)) - Stopping IPC Server listener on 15495
2021-07-07 01:43:18,057 [IPC Server Responder] INFO  ipc.Server (Server.java:run(1502)) - Stopping IPC Server Responder
2021-07-07 01:43:18,093 [SCM Heartbeat Processing Thread - 0] WARN  node.NodeStateManager (NodeStateManager.java:scheduleNextHealthCheck(688)) - Current Thread is interrupted, shutting down HB processing thread for Node Manager.
2021-07-07 01:43:18,093 [Listener at 127.0.0.1/10628] INFO  server.StorageContainerManager (StorageContainerManager.java:stop(1335)) - Stopping block service RPC server
2021-07-07 01:43:18,093 [Listener at 127.0.0.1/10628] INFO  server.SCMBlockProtocolServer (SCMBlockProtocolServer.java:stop(160)) - Stopping the RPC server for Block Protocol
2021-07-07 01:43:18,093 [Listener at 127.0.0.1/10628] INFO  ipc.Server (Server.java:stop(3403)) - Stopping server on 15496
2021-07-07 01:43:18,094 [IPC Server listener on 15496] INFO  ipc.Server (Server.java:run(1366)) - Stopping IPC Server listener on 15496
2021-07-07 01:43:18,095 [IPC Server Responder] INFO  ipc.Server (Server.java:run(1502)) - Stopping IPC Server Responder
2021-07-07 01:43:18,096 [Listener at 127.0.0.1/10628] INFO  server.StorageContainerManager (StorageContainerManager.java:stop(1342)) - Stopping the StorageContainerLocationProtocol RPC server
2021-07-07 01:43:18,096 [Listener at 127.0.0.1/10628] INFO  server.SCMClientProtocolServer (SCMClientProtocolServer.java:stop(172)) - Stopping the RPC server for Client Protocol
2021-07-07 01:43:18,096 [Listener at 127.0.0.1/10628] INFO  ipc.Server (Server.java:stop(3403)) - Stopping server on 15497
2021-07-07 01:43:18,098 [IPC Server listener on 15497] INFO  ipc.Server (Server.java:run(1366)) - Stopping IPC Server listener on 15497
2021-07-07 01:43:18,098 [Listener at 127.0.0.1/10628] INFO  server.StorageContainerManager (StorageContainerManager.java:stop(1349)) - Stopping Storage Container Manager HTTP server.
2021-07-07 01:43:18,099 [IPC Server Responder] INFO  ipc.Server (Server.java:run(1502)) - Stopping IPC Server Responder
2021-07-07 01:43:18,099 [Listener at 127.0.0.1/10628] INFO  handler.ContextHandler (ContextHandler.java:doStop(1154)) - Stopped o.e.j.w.WebAppContext@39a4bd89{scm,/,null,STOPPED}{file:/home/runner/work/ozone/ozone/mnt/ozone/hadoop-ozone/integration-test/target/test-classes/webapps/scm}
2021-07-07 01:43:18,100 [Listener at 127.0.0.1/10628] INFO  server.AbstractConnector (AbstractConnector.java:doStop(381)) - Stopped ServerConnector@31809f2b{HTTP/1.1, (http/1.1)}{0.0.0.0:15492}
2021-07-07 01:43:18,100 [Listener at 127.0.0.1/10628] INFO  server.session (HouseKeeper.java:stopScavenging(149)) - node0 Stopped scavenging
2021-07-07 01:43:18,100 [Listener at 127.0.0.1/10628] INFO  handler.ContextHandler (ContextHandler.java:doStop(1154)) - Stopped o.e.j.s.ServletContextHandler@559c3710{static,/static,file:///home/runner/work/ozone/ozone/mnt/ozone/hadoop-ozone/integration-test/target/test-classes/webapps/static,STOPPED}
2021-07-07 01:43:18,101 [Listener at 127.0.0.1/10628] INFO  handler.ContextHandler (ContextHandler.java:doStop(1154)) - Stopped o.e.j.s.ServletContextHandler@6b3eb57{logs,/logs,file:///home/runner/work/ozone/ozone/mnt/ozone/hadoop-ozone/integration-test/target/log,STOPPED}
2021-07-07 01:43:18,101 [Listener at 127.0.0.1/10628] INFO  server.StorageContainerManager (StorageContainerManager.java:stop(1360)) - Stopping Block Manager Service.
2021-07-07 01:43:18,101 [Listener at 127.0.0.1/10628] INFO  utils.BackgroundService (BackgroundService.java:shutdown(132)) - Shutting down service SCMBlockDeletingService
2021-07-07 01:43:18,102 [Listener at 127.0.0.1/10628] INFO  utils.BackgroundService (BackgroundService.java:shutdown(132)) - Shutting down service SCMBlockDeletingService
2021-07-07 01:43:18,102 [Listener at 127.0.0.1/10628] INFO  server.StorageContainerManager (StorageContainerManager.java:stop(1387)) - Stopping SCM Event Queue.
2021-07-07 01:43:18,103 [Listener at 127.0.0.1/10628] INFO  ha.SCMRatisServerImpl (SCMRatisServerImpl.java:stop(226)) - stopping ratis server 0.0.0.0:15494
2021-07-07 01:43:18,103 [Listener at 127.0.0.1/10628] INFO  server.RaftServer (RaftServerProxy.java:lambda$close$6(391)) - 1f826664-c1d0-47b0-99bc-11cdaf7ce5a3: close
2021-07-07 01:43:18,103 [Listener at 127.0.0.1/10628] INFO  server.RaftServer$Division (RaftServerImpl.java:lambda$close$4(406)) - 1f826664-c1d0-47b0-99bc-11cdaf7ce5a3@group-F49EEC7F6D62: shutdown
2021-07-07 01:43:18,104 [Listener at 127.0.0.1/10628] INFO  util.JmxRegister (JmxRegister.java:unregister(73)) - Successfully un-registered JMX Bean with object name Ratis:service=RaftServer,group=group-F49EEC7F6D62,id=1f826664-c1d0-47b0-99bc-11cdaf7ce5a3
2021-07-07 01:43:18,104 [Listener at 127.0.0.1/10628] INFO  impl.RoleInfo (RoleInfo.java:shutdownFollowerState(108)) - 1f826664-c1d0-47b0-99bc-11cdaf7ce5a3: shutdown 1f826664-c1d0-47b0-99bc-11cdaf7ce5a3@group-F49EEC7F6D62-FollowerState
2021-07-07 01:43:18,104 [1f826664-c1d0-47b0-99bc-11cdaf7ce5a3@group-F49EEC7F6D62-FollowerState] INFO  impl.FollowerState (FollowerState.java:run(143)) - 1f826664-c1d0-47b0-99bc-11cdaf7ce5a3@group-F49EEC7F6D62-FollowerState was interrupted: {}
java.lang.InterruptedException: sleep interrupted
	at java.lang.Thread.sleep(Native Method)
	at java.lang.Thread.sleep(Thread.java:340)
	at java.util.concurrent.TimeUnit.sleep(TimeUnit.java:386)
	at org.apache.ratis.util.TimeDuration.sleep(TimeDuration.java:324)
	at org.apache.ratis.util.TimeDuration.sleep(TimeDuration.java:309)
	at org.apache.ratis.server.impl.FollowerState.run(FollowerState.java:118)
2021-07-07 01:43:18,104 [Listener at 127.0.0.1/10628] INFO  impl.StateMachineUpdater (StateMachineUpdater.java:stopAndJoin(149)) - 1f826664-c1d0-47b0-99bc-11cdaf7ce5a3@group-F49EEC7F6D62-StateMachineUpdater: set stopIndex = 29
2021-07-07 01:43:18,104 [1f826664-c1d0-47b0-99bc-11cdaf7ce5a3@group-F49EEC7F6D62-StateMachineUpdater] INFO  ha.SCMStateMachine (SCMStateMachine.java:takeSnapshot(290)) - Current Snapshot Index 29, takeSnapshot took 0 ms
2021-07-07 01:43:18,104 [1f826664-c1d0-47b0-99bc-11cdaf7ce5a3@group-F49EEC7F6D62-StateMachineUpdater] INFO  impl.StateMachineUpdater (StateMachineUpdater.java:takeSnapshot(281)) - 1f826664-c1d0-47b0-99bc-11cdaf7ce5a3@group-F49EEC7F6D62-StateMachineUpdater: Took a snapshot at index 29
2021-07-07 01:43:18,104 [1f826664-c1d0-47b0-99bc-11cdaf7ce5a3@group-F49EEC7F6D62-StateMachineUpdater] INFO  impl.StateMachineUpdater (StateMachineUpdater.java:lambda$new$0(89)) - 1f826664-c1d0-47b0-99bc-11cdaf7ce5a3@group-F49EEC7F6D62-StateMachineUpdater: snapshotIndex: updateIncreasingly 25 -> 29
2021-07-07 01:43:18,105 [1f826664-c1d0-47b0-99bc-11cdaf7ce5a3@group-F49EEC7F6D62-StateMachineUpdater] INFO  ha.SCMStateMachine (HadoopExecutors.java:shutdown(118)) - Gracefully shutting down executor service. Waiting max 5 SECONDS
2021-07-07 01:43:18,105 [1f826664-c1d0-47b0-99bc-11cdaf7ce5a3@group-F49EEC7F6D62-StateMachineUpdater] INFO  ha.SCMStateMachine (HadoopExecutors.java:shutdown(129)) - Succesfully shutdown executor service
2021-07-07 01:43:18,105 [1f826664-c1d0-47b0-99bc-11cdaf7ce5a3@group-F49EEC7F6D62-StateMachineUpdater] INFO  metrics.RatisMetrics (RatisMetrics.java:unregister(43)) - Unregistering Metrics Registry : ratis.state_machine.1f826664-c1d0-47b0-99bc-11cdaf7ce5a3@group-F49EEC7F6D62
2021-07-07 01:43:18,105 [Listener at 127.0.0.1/10628] INFO  server.RaftServer$Division (ServerState.java:close(405)) - 1f826664-c1d0-47b0-99bc-11cdaf7ce5a3@group-F49EEC7F6D62: closes. applyIndex: 28
2021-07-07 01:43:18,105 [1f826664-c1d0-47b0-99bc-11cdaf7ce5a3@group-F49EEC7F6D62-SegmentedRaftLogWorker] INFO  segmented.SegmentedRaftLogWorker (SegmentedRaftLogWorker.java:run(327)) - 1f826664-c1d0-47b0-99bc-11cdaf7ce5a3@group-F49EEC7F6D62-SegmentedRaftLogWorker was interrupted, exiting. There are 0 tasks remaining in the queue.
2021-07-07 01:43:18,106 [Listener at 127.0.0.1/10628] INFO  segmented.SegmentedRaftLogWorker (SegmentedRaftLogWorker.java:close(237)) - 1f826664-c1d0-47b0-99bc-11cdaf7ce5a3@group-F49EEC7F6D62-SegmentedRaftLogWorker close()
2021-07-07 01:43:18,107 [Listener at 127.0.0.1/10628] INFO  metrics.RatisMetrics (RatisMetrics.java:unregister(43)) - Unregistering Metrics Registry : ratis.log_worker.1f826664-c1d0-47b0-99bc-11cdaf7ce5a3@group-F49EEC7F6D62
2021-07-07 01:43:18,107 [Listener at 127.0.0.1/10628] INFO  metrics.RatisMetrics (RatisMetrics.java:unregister(43)) - Unregistering Metrics Registry : ratis.leader_election.1f826664-c1d0-47b0-99bc-11cdaf7ce5a3@group-F49EEC7F6D62
2021-07-07 01:43:18,107 [Listener at 127.0.0.1/10628] INFO  metrics.RatisMetrics (RatisMetrics.java:unregister(43)) - Unregistering Metrics Registry : ratis.server.1f826664-c1d0-47b0-99bc-11cdaf7ce5a3@group-F49EEC7F6D62
2021-07-07 01:43:18,108 [Listener at 127.0.0.1/10628] INFO  server.GrpcService (GrpcService.java:closeImpl(262)) - 1f826664-c1d0-47b0-99bc-11cdaf7ce5a3: shutdown server with port 15494 now
2021-07-07 01:43:18,108 [Listener at 127.0.0.1/10628] INFO  server.GrpcService (GrpcService.java:closeImpl(271)) - 1f826664-c1d0-47b0-99bc-11cdaf7ce5a3: shutdown server with port 15494 successfully
2021-07-07 01:43:18,109 [org.apache.ratis.util.JvmPauseMonitor$$Lambda$493/611739613@5f385ee9] INFO  util.JvmPauseMonitor (JvmPauseMonitor.java:run(109)) - JvmPauseMonitor-1f826664-c1d0-47b0-99bc-11cdaf7ce5a3: Stopped
2021-07-07 01:43:18,109 [Listener at 127.0.0.1/10628] INFO  ha.SCMStateMachine (HadoopExecutors.java:shutdown(118)) - Gracefully shutting down executor service. Waiting max 5 SECONDS
2021-07-07 01:43:18,109 [Listener at 127.0.0.1/10628] INFO  ha.SCMStateMachine (HadoopExecutors.java:shutdown(129)) - Succesfully shutdown executor service
2021-07-07 01:43:18,109 [Listener at 127.0.0.1/10628] INFO  pipeline.BackgroundPipelineCreator (BackgroundPipelineCreatorV2.java:stop(158)) - Stopping RatisPipelineUtilsThread.
2021-07-07 01:43:18,110 [Listener at 127.0.0.1/10628] INFO  impl.MetricsSystemImpl (MetricsSystemImpl.java:stop(205)) - StorageContainerManager metrics system stopped (again)
2021-07-07 01:43:18,110 [Listener at 127.0.0.1/10628] INFO  ozone.MiniOzoneClusterImpl (MiniOzoneClusterImpl.java:stop(460)) - Stopping the Mini Ozone Cluster
2021-07-07 01:43:18,110 [Listener at 127.0.0.1/10628] INFO  ozone.MiniOzoneClusterImpl (MiniOzoneClusterImpl.java:stopDatanodes(519)) - Stopping the HddsDatanodes
2021-07-07 01:43:18,556 [EndpointStateMachine task thread for /127.0.0.1:15505 - 0 ] INFO  ipc.Client (Client.java:handleConnectionFailure(966)) - Retrying connect to server: localhost/127.0.0.1:15505. Already tried 1 time(s); retry policy is RetryUpToMaximumCountWithFixedSleep(maxRetries=15, sleepTime=1000 MILLISECONDS)
2021-07-07 01:43:18,556 [EndpointStateMachine task thread for /127.0.0.1:15495 - 0 ] WARN  statemachine.EndpointStateMachine (EndpointStateMachine.java:logIfNeeded(236)) - Unable to communicate to SCM server at 127.0.0.1:15495 for past 0 seconds.
java.io.EOFException: End of File Exception between local host is: "fv-az148-456/10.1.0.45"; destination host is: "localhost":15495; : java.io.EOFException; For more details see:  http://wiki.apache.org/hadoop/EOFException
	at sun.reflect.NativeConstructorAccessorImpl.newInstance0(Native Method)
	at sun.reflect.NativeConstructorAccessorImpl.newInstance(NativeConstructorAccessorImpl.java:62)
	at sun.reflect.DelegatingConstructorAccessorImpl.newInstance(DelegatingConstructorAccessorImpl.java:45)
	at java.lang.reflect.Constructor.newInstance(Constructor.java:423)
	at org.apache.hadoop.net.NetUtils.wrapWithMessage(NetUtils.java:836)
	at org.apache.hadoop.net.NetUtils.wrapException(NetUtils.java:794)
	at org.apache.hadoop.ipc.Client.getRpcResponse(Client.java:1566)
	at org.apache.hadoop.ipc.Client.call(Client.java:1508)
	at org.apache.hadoop.ipc.Client.call(Client.java:1405)
	at org.apache.hadoop.ipc.ProtobufRpcEngine$Invoker.invoke(ProtobufRpcEngine.java:233)
	at org.apache.hadoop.ipc.ProtobufRpcEngine$Invoker.invoke(ProtobufRpcEngine.java:118)
	at com.sun.proxy.$Proxy45.submitRequest(Unknown Source)
	at org.apache.hadoop.ozone.protocolPB.StorageContainerDatanodeProtocolClientSideTranslatorPB.submitRequest(StorageContainerDatanodeProtocolClientSideTranslatorPB.java:117)
	at org.apache.hadoop.ozone.protocolPB.StorageContainerDatanodeProtocolClientSideTranslatorPB.sendHeartbeat(StorageContainerDatanodeProtocolClientSideTranslatorPB.java:149)
	at org.apache.hadoop.ozone.container.common.states.endpoint.HeartbeatEndpointTask.call(HeartbeatEndpointTask.java:146)
	at org.apache.hadoop.ozone.container.common.states.endpoint.HeartbeatEndpointTask.call(HeartbeatEndpointTask.java:77)
	at java.util.concurrent.FutureTask.run(FutureTask.java:266)
	at java.util.concurrent.ThreadPoolExecutor.runWorker(ThreadPoolExecutor.java:1149)
	at java.util.concurrent.ThreadPoolExecutor$Worker.run(ThreadPoolExecutor.java:624)
	at java.lang.Thread.run(Thread.java:748)
Caused by: java.io.EOFException
	at java.io.DataInputStream.readInt(DataInputStream.java:392)
	at org.apache.hadoop.ipc.Client$IpcStreams.readResponse(Client.java:1880)
	at org.apache.hadoop.ipc.Client$Connection.receiveRpcResponse(Client.java:1191)
	at org.apache.hadoop.ipc.Client$Connection.run(Client.java:1087)
2021-07-07 01:43:18,729 [Datanode State Machine Thread - 0] WARN  statemachine.StateContext (StateContext.java:setState(246)) - Ignore disallowed transition from SHUTDOWN to RUNNING
2021-07-07 01:43:18,729 [Datanode State Machine Thread - 0] INFO  statemachine.DatanodeStateMachine (DatanodeStateMachine.java:lambda$startDaemon$0(430)) - Ozone container server started.
2021-07-07 01:43:18,733 [Datanode State Machine Thread - 0] ERROR datanode.RunningDatanodeState (RunningDatanodeState.java:computeNextContainerState(199)) - Error in executing end point task.
java.util.concurrent.ExecutionException: java.util.concurrent.TimeoutException
	at java.util.concurrent.FutureTask.report(FutureTask.java:122)
	at java.util.concurrent.FutureTask.get(FutureTask.java:192)
	at org.apache.hadoop.ozone.container.common.states.datanode.RunningDatanodeState.computeNextContainerState(RunningDatanodeState.java:191)
	at org.apache.hadoop.ozone.container.common.states.datanode.RunningDatanodeState.await(RunningDatanodeState.java:231)
	at org.apache.hadoop.ozone.container.common.states.datanode.RunningDatanodeState.await(RunningDatanodeState.java:50)
	at org.apache.hadoop.ozone.container.common.statemachine.StateContext.execute(StateContext.java:629)
	at org.apache.hadoop.ozone.container.common.statemachine.DatanodeStateMachine.start(DatanodeStateMachine.java:244)
	at org.apache.hadoop.ozone.container.common.statemachine.DatanodeStateMachine.lambda$startDaemon$0(DatanodeStateMachine.java:429)
	at java.lang.Thread.run(Thread.java:748)
Caused by: java.util.concurrent.TimeoutException
	at java.util.concurrent.FutureTask.get(FutureTask.java:205)
	at org.apache.hadoop.ozone.container.common.states.datanode.RunningDatanodeState.lambda$execute$0(RunningDatanodeState.java:149)
	at java.util.concurrent.FutureTask.run(FutureTask.java:266)
	at java.util.concurrent.Executors$RunnableAdapter.call(Executors.java:511)
	at java.util.concurrent.FutureTask.run(FutureTask.java:266)
	at java.util.concurrent.ThreadPoolExecutor.runWorker(ThreadPoolExecutor.java:1149)
	at java.util.concurrent.ThreadPoolExecutor$Worker.run(ThreadPoolExecutor.java:624)
	... 1 more
2021-07-07 01:43:18,734 [Datanode State Machine Thread - 0] WARN  statemachine.StateContext (StateContext.java:setState(246)) - Ignore disallowed transition from SHUTDOWN to RUNNING
2021-07-07 01:43:18,734 [EndpointStateMachine task thread for /127.0.0.1:15485 - 0 ] INFO  ipc.Client (Client.java:handleConnectionFailure(966)) - Retrying connect to server: localhost/127.0.0.1:15485. Already tried 1 time(s); retry policy is RetryUpToMaximumCountWithFixedSleep(maxRetries=15, sleepTime=1000 MILLISECONDS)
2021-07-07 01:43:18,734 [Datanode State Machine Thread - 0] INFO  statemachine.DatanodeStateMachine (DatanodeStateMachine.java:lambda$startDaemon$0(430)) - Ozone container server started.
2021-07-07 01:43:18,891 [EndpointStateMachine task thread for /127.0.0.1:13961 - 0 ] INFO  ipc.Client (Client.java:handleConnectionFailure(966)) - Retrying connect to server: localhost/127.0.0.1:13961. Already tried 12 time(s); retry policy is RetryUpToMaximumCountWithFixedSleep(maxRetries=15, sleepTime=1000 MILLISECONDS)
2021-07-07 01:43:18,891 [EndpointStateMachine task thread for /127.0.0.1:13951 - 0 ] INFO  ipc.Client (Client.java:handleConnectionFailure(966)) - Retrying connect to server: localhost/127.0.0.1:13951. Already tried 12 time(s); retry policy is RetryUpToMaximumCountWithFixedSleep(maxRetries=15, sleepTime=1000 MILLISECONDS)
2021-07-07 01:43:18,891 [EndpointStateMachine task thread for /127.0.0.1:13941 - 0 ] INFO  ipc.Client (Client.java:handleConnectionFailure(966)) - Retrying connect to server: localhost/127.0.0.1:13941. Already tried 14 time(s); retry policy is RetryUpToMaximumCountWithFixedSleep(maxRetries=15, sleepTime=1000 MILLISECONDS)
2021-07-07 01:43:18,892 [EndpointStateMachine task thread for /127.0.0.1:13941 - 0 ] WARN  statemachine.EndpointStateMachine (EndpointStateMachine.java:logIfNeeded(236)) - Unable to communicate to SCM server at localhost:13941 for past 0 seconds.
java.net.ConnectException: Call From fv-az148-456/10.1.0.45 to localhost:13941 failed on connection exception: java.net.ConnectException: Connection refused; For more details see:  http://wiki.apache.org/hadoop/ConnectionRefused
	at sun.reflect.NativeConstructorAccessorImpl.newInstance0(Native Method)
	at sun.reflect.NativeConstructorAccessorImpl.newInstance(NativeConstructorAccessorImpl.java:62)
	at sun.reflect.DelegatingConstructorAccessorImpl.newInstance(DelegatingConstructorAccessorImpl.java:45)
	at java.lang.reflect.Constructor.newInstance(Constructor.java:423)
	at org.apache.hadoop.net.NetUtils.wrapWithMessage(NetUtils.java:836)
	at org.apache.hadoop.net.NetUtils.wrapException(NetUtils.java:760)
	at org.apache.hadoop.ipc.Client.getRpcResponse(Client.java:1566)
	at org.apache.hadoop.ipc.Client.call(Client.java:1508)
	at org.apache.hadoop.ipc.Client.call(Client.java:1405)
	at org.apache.hadoop.ipc.ProtobufRpcEngine$Invoker.invoke(ProtobufRpcEngine.java:233)
	at org.apache.hadoop.ipc.ProtobufRpcEngine$Invoker.invoke(ProtobufRpcEngine.java:118)
	at com.sun.proxy.$Proxy45.submitRequest(Unknown Source)
	at org.apache.hadoop.ozone.protocolPB.StorageContainerDatanodeProtocolClientSideTranslatorPB.submitRequest(StorageContainerDatanodeProtocolClientSideTranslatorPB.java:117)
	at org.apache.hadoop.ozone.protocolPB.StorageContainerDatanodeProtocolClientSideTranslatorPB.sendHeartbeat(StorageContainerDatanodeProtocolClientSideTranslatorPB.java:149)
	at org.apache.hadoop.ozone.container.common.states.endpoint.HeartbeatEndpointTask.call(HeartbeatEndpointTask.java:146)
	at org.apache.hadoop.ozone.container.common.states.endpoint.HeartbeatEndpointTask.call(HeartbeatEndpointTask.java:77)
	at java.util.concurrent.FutureTask.run(FutureTask.java:266)
	at java.util.concurrent.ThreadPoolExecutor.runWorker(ThreadPoolExecutor.java:1149)
	at java.util.concurrent.ThreadPoolExecutor$Worker.run(ThreadPoolExecutor.java:624)
	at java.lang.Thread.run(Thread.java:748)
Caused by: java.net.ConnectException: Connection refused
	at sun.nio.ch.SocketChannelImpl.checkConnect(Native Method)
	at sun.nio.ch.SocketChannelImpl.finishConnect(SocketChannelImpl.java:716)
	at org.apache.hadoop.net.SocketIOWithTimeout.connect(SocketIOWithTimeout.java:206)
	at org.apache.hadoop.net.NetUtils.connect(NetUtils.java:534)
	at org.apache.hadoop.ipc.Client$Connection.setupConnection(Client.java:699)
	at org.apache.hadoop.ipc.Client$Connection.setupIOstreams(Client.java:812)
	at org.apache.hadoop.ipc.Client$Connection.access$3800(Client.java:413)
	at org.apache.hadoop.ipc.Client.getConnection(Client.java:1636)
	at org.apache.hadoop.ipc.Client.call(Client.java:1452)
	... 12 more
2021-07-07 01:43:19,556 [EndpointStateMachine task thread for /127.0.0.1:15505 - 0 ] INFO  ipc.Client (Client.java:handleConnectionFailure(966)) - Retrying connect to server: localhost/127.0.0.1:15505. Already tried 2 time(s); retry policy is RetryUpToMaximumCountWithFixedSleep(maxRetries=15, sleepTime=1000 MILLISECONDS)
2021-07-07 01:43:19,735 [EndpointStateMachine task thread for /127.0.0.1:15485 - 0 ] INFO  ipc.Client (Client.java:handleConnectionFailure(966)) - Retrying connect to server: localhost/127.0.0.1:15485. Already tried 2 time(s); retry policy is RetryUpToMaximumCountWithFixedSleep(maxRetries=15, sleepTime=1000 MILLISECONDS)
2021-07-07 01:43:19,891 [EndpointStateMachine task thread for /127.0.0.1:13961 - 0 ] INFO  ipc.Client (Client.java:handleConnectionFailure(966)) - Retrying connect to server: localhost/127.0.0.1:13961. Already tried 13 time(s); retry policy is RetryUpToMaximumCountWithFixedSleep(maxRetries=15, sleepTime=1000 MILLISECONDS)
2021-07-07 01:43:19,892 [EndpointStateMachine task thread for /127.0.0.1:13951 - 0 ] INFO  ipc.Client (Client.java:handleConnectionFailure(966)) - Retrying connect to server: localhost/127.0.0.1:13951. Already tried 13 time(s); retry policy is RetryUpToMaximumCountWithFixedSleep(maxRetries=15, sleepTime=1000 MILLISECONDS)
2021-07-07 01:43:19,892 [EndpointStateMachine task thread for /127.0.0.1:13941 - 0 ] INFO  ipc.Client (Client.java:handleConnectionFailure(966)) - Retrying connect to server: localhost/127.0.0.1:13941. Already tried 0 time(s); retry policy is RetryUpToMaximumCountWithFixedSleep(maxRetries=15, sleepTime=1000 MILLISECONDS)
2021-07-07 01:43:20,556 [EndpointStateMachine task thread for /127.0.0.1:15495 - 0 ] INFO  ipc.Client (Client.java:handleConnectionFailure(966)) - Retrying connect to server: localhost/127.0.0.1:15495. Already tried 0 time(s); retry policy is RetryUpToMaximumCountWithFixedSleep(maxRetries=15, sleepTime=1000 MILLISECONDS)
2021-07-07 01:43:20,557 [EndpointStateMachine task thread for /127.0.0.1:15505 - 0 ] INFO  ipc.Client (Client.java:handleConnectionFailure(966)) - Retrying connect to server: localhost/127.0.0.1:15505. Already tried 3 time(s); retry policy is RetryUpToMaximumCountWithFixedSleep(maxRetries=15, sleepTime=1000 MILLISECONDS)
2021-07-07 01:43:20,736 [EndpointStateMachine task thread for /127.0.0.1:15485 - 0 ] INFO  ipc.Client (Client.java:handleConnectionFailure(966)) - Retrying connect to server: localhost/127.0.0.1:15485. Already tried 3 time(s); retry policy is RetryUpToMaximumCountWithFixedSleep(maxRetries=15, sleepTime=1000 MILLISECONDS)
2021-07-07 01:43:20,892 [EndpointStateMachine task thread for /127.0.0.1:13961 - 0 ] INFO  ipc.Client (Client.java:handleConnectionFailure(966)) - Retrying connect to server: localhost/127.0.0.1:13961. Already tried 14 time(s); retry policy is RetryUpToMaximumCountWithFixedSleep(maxRetries=15, sleepTime=1000 MILLISECONDS)
2021-07-07 01:43:20,893 [EndpointStateMachine task thread for /127.0.0.1:13951 - 0 ] INFO  ipc.Client (Client.java:handleConnectionFailure(966)) - Retrying connect to server: localhost/127.0.0.1:13951. Already tried 14 time(s); retry policy is RetryUpToMaximumCountWithFixedSleep(maxRetries=15, sleepTime=1000 MILLISECONDS)
2021-07-07 01:43:20,894 [EndpointStateMachine task thread for /127.0.0.1:13941 - 0 ] INFO  ipc.Client (Client.java:handleConnectionFailure(966)) - Retrying connect to server: localhost/127.0.0.1:13941. Already tried 1 time(s); retry policy is RetryUpToMaximumCountWithFixedSleep(maxRetries=15, sleepTime=1000 MILLISECONDS)
2021-07-07 01:43:21,555 [Datanode State Machine Thread - 0] ERROR datanode.RunningDatanodeState (RunningDatanodeState.java:computeNextContainerState(199)) - Error in executing end point task.
java.util.concurrent.ExecutionException: java.util.concurrent.TimeoutException
	at java.util.concurrent.FutureTask.report(FutureTask.java:122)
	at java.util.concurrent.FutureTask.get(FutureTask.java:192)
	at org.apache.hadoop.ozone.container.common.states.datanode.RunningDatanodeState.computeNextContainerState(RunningDatanodeState.java:191)
	at org.apache.hadoop.ozone.container.common.states.datanode.RunningDatanodeState.await(RunningDatanodeState.java:231)
	at org.apache.hadoop.ozone.container.common.states.datanode.RunningDatanodeState.await(RunningDatanodeState.java:50)
	at org.apache.hadoop.ozone.container.common.statemachine.StateContext.execute(StateContext.java:629)
	at org.apache.hadoop.ozone.container.common.statemachine.DatanodeStateMachine.start(DatanodeStateMachine.java:244)
	at org.apache.hadoop.ozone.container.common.statemachine.DatanodeStateMachine.lambda$startDaemon$0(DatanodeStateMachine.java:429)
	at java.lang.Thread.run(Thread.java:748)
Caused by: java.util.concurrent.TimeoutException
	at java.util.concurrent.FutureTask.get(FutureTask.java:205)
	at org.apache.hadoop.ozone.container.common.states.datanode.RunningDatanodeState.lambda$execute$0(RunningDatanodeState.java:149)
	at java.util.concurrent.FutureTask.run(FutureTask.java:266)
	at java.util.concurrent.Executors$RunnableAdapter.call(Executors.java:511)
	at java.util.concurrent.FutureTask.run(FutureTask.java:266)
	at java.util.concurrent.ThreadPoolExecutor.runWorker(ThreadPoolExecutor.java:1149)
	at java.util.concurrent.ThreadPoolExecutor$Worker.run(ThreadPoolExecutor.java:624)
	... 1 more
2021-07-07 01:43:21,556 [EndpointStateMachine task thread for /127.0.0.1:15495 - 0 ] INFO  ipc.Client (Client.java:handleConnectionFailure(966)) - Retrying connect to server: localhost/127.0.0.1:15495. Already tried 1 time(s); retry policy is RetryUpToMaximumCountWithFixedSleep(maxRetries=15, sleepTime=1000 MILLISECONDS)
2021-07-07 01:43:21,557 [EndpointStateMachine task thread for /127.0.0.1:15505 - 0 ] INFO  ipc.Client (Client.java:handleConnectionFailure(966)) - Retrying connect to server: localhost/127.0.0.1:15505. Already tried 4 time(s); retry policy is RetryUpToMaximumCountWithFixedSleep(maxRetries=15, sleepTime=1000 MILLISECONDS)
2021-07-07 01:43:21,736 [EndpointStateMachine task thread for /127.0.0.1:15485 - 0 ] INFO  ipc.Client (Client.java:handleConnectionFailure(966)) - Retrying connect to server: localhost/127.0.0.1:15485. Already tried 4 time(s); retry policy is RetryUpToMaximumCountWithFixedSleep(maxRetries=15, sleepTime=1000 MILLISECONDS)
2021-07-07 01:43:21,894 [EndpointStateMachine task thread for /127.0.0.1:13961 - 0 ] INFO  ipc.Client (Client.java:handleConnectionFailure(966)) - Retrying connect to server: localhost/127.0.0.1:13961. Already tried 0 time(s); retry policy is RetryUpToMaximumCountWithFixedSleep(maxRetries=15, sleepTime=1000 MILLISECONDS)
2021-07-07 01:43:21,895 [EndpointStateMachine task thread for /127.0.0.1:13941 - 0 ] INFO  ipc.Client (Client.java:handleConnectionFailure(966)) - Retrying connect to server: localhost/127.0.0.1:13941. Already tried 2 time(s); retry policy is RetryUpToMaximumCountWithFixedSleep(maxRetries=15, sleepTime=1000 MILLISECONDS)
2021-07-07 01:43:21,895 [EndpointStateMachine task thread for /127.0.0.1:13951 - 0 ] INFO  ipc.Client (Client.java:handleConnectionFailure(966)) - Retrying connect to server: localhost/127.0.0.1:13951. Already tried 0 time(s); retry policy is RetryUpToMaximumCountWithFixedSleep(maxRetries=15, sleepTime=1000 MILLISECONDS)
2021-07-07 01:43:22,557 [EndpointStateMachine task thread for /127.0.0.1:15495 - 0 ] INFO  ipc.Client (Client.java:handleConnectionFailure(966)) - Retrying connect to server: localhost/127.0.0.1:15495. Already tried 2 time(s); retry policy is RetryUpToMaximumCountWithFixedSleep(maxRetries=15, sleepTime=1000 MILLISECONDS)
2021-07-07 01:43:22,558 [EndpointStateMachine task thread for /127.0.0.1:15505 - 0 ] INFO  ipc.Client (Client.java:handleConnectionFailure(966)) - Retrying connect to server: localhost/127.0.0.1:15505. Already tried 5 time(s); retry policy is RetryUpToMaximumCountWithFixedSleep(maxRetries=15, sleepTime=1000 MILLISECONDS)
2021-07-07 01:43:22,737 [EndpointStateMachine task thread for /127.0.0.1:15485 - 0 ] INFO  ipc.Client (Client.java:handleConnectionFailure(966)) - Retrying connect to server: localhost/127.0.0.1:15485. Already tried 5 time(s); retry policy is RetryUpToMaximumCountWithFixedSleep(maxRetries=15, sleepTime=1000 MILLISECONDS)
2021-07-07 01:43:22,895 [EndpointStateMachine task thread for /127.0.0.1:13961 - 0 ] INFO  ipc.Client (Client.java:handleConnectionFailure(966)) - Retrying connect to server: localhost/127.0.0.1:13961. Already tried 1 time(s); retry policy is RetryUpToMaximumCountWithFixedSleep(maxRetries=15, sleepTime=1000 MILLISECONDS)
2021-07-07 01:43:22,895 [EndpointStateMachine task thread for /127.0.0.1:13941 - 0 ] INFO  ipc.Client (Client.java:handleConnectionFailure(966)) - Retrying connect to server: localhost/127.0.0.1:13941. Already tried 3 time(s); retry policy is RetryUpToMaximumCountWithFixedSleep(maxRetries=15, sleepTime=1000 MILLISECONDS)
2021-07-07 01:43:22,896 [EndpointStateMachine task thread for /127.0.0.1:13951 - 0 ] INFO  ipc.Client (Client.java:handleConnectionFailure(966)) - Retrying connect to server: localhost/127.0.0.1:13951. Already tried 1 time(s); retry policy is RetryUpToMaximumCountWithFixedSleep(maxRetries=15, sleepTime=1000 MILLISECONDS)
2021-07-07 01:43:23,111 [ForkJoinPool.commonPool-worker-1] INFO  ozoneimpl.OzoneContainer (OzoneContainer.java:stop(326)) - Attempting to stop container services.
2021-07-07 01:43:23,112 [Listener at 127.0.0.1/10628] INFO  ozoneimpl.OzoneContainer (OzoneContainer.java:stop(326)) - Attempting to stop container services.
2021-07-07 01:43:23,115 [ForkJoinPool.commonPool-worker-1] INFO  server.RaftServer (RaftServerProxy.java:lambda$close$6(391)) - 0f49443e-0a6a-496b-95aa-140a56b5e2f8: close
2021-07-07 01:43:23,115 [ForkJoinPool.commonPool-worker-1] INFO  server.RaftServer$Division (RaftServerImpl.java:lambda$close$4(406)) - 0f49443e-0a6a-496b-95aa-140a56b5e2f8@group-BF80BBC9517C: shutdown
2021-07-07 01:43:23,116 [ForkJoinPool.commonPool-worker-1] INFO  util.JmxRegister (JmxRegister.java:unregister(73)) - Successfully un-registered JMX Bean with object name Ratis:service=RaftServer,group=group-BF80BBC9517C,id=0f49443e-0a6a-496b-95aa-140a56b5e2f8
2021-07-07 01:43:23,116 [ForkJoinPool.commonPool-worker-1] INFO  impl.RoleInfo (RoleInfo.java:shutdownLeaderState(91)) - 0f49443e-0a6a-496b-95aa-140a56b5e2f8: shutdown 0f49443e-0a6a-496b-95aa-140a56b5e2f8@group-BF80BBC9517C-LeaderStateImpl
2021-07-07 01:43:23,116 [ForkJoinPool.commonPool-worker-1] INFO  metrics.RatisMetrics (RatisMetrics.java:unregister(43)) - Unregistering Metrics Registry : ratis_grpc.log_appender.0f49443e-0a6a-496b-95aa-140a56b5e2f8@group-BF80BBC9517C
2021-07-07 01:43:23,116 [ForkJoinPool.commonPool-worker-1] INFO  metrics.RatisMetrics (RatisMetrics.java:unregister(43)) - Unregistering Metrics Registry : ratis_grpc.log_appender.0f49443e-0a6a-496b-95aa-140a56b5e2f8@group-BF80BBC9517C
2021-07-07 01:43:23,116 [ForkJoinPool.commonPool-worker-1] INFO  impl.PendingRequests (PendingRequests.java:sendNotLeaderResponses(249)) - 0f49443e-0a6a-496b-95aa-140a56b5e2f8@group-BF80BBC9517C-PendingRequests: sendNotLeaderResponses
2021-07-07 01:43:23,116 [ForkJoinPool.commonPool-worker-1] INFO  metrics.RatisMetrics (RatisMetrics.java:unregister(43)) - Unregistering Metrics Registry : ratis.log_appender.0f49443e-0a6a-496b-95aa-140a56b5e2f8@group-BF80BBC9517C
2021-07-07 01:43:23,117 [ForkJoinPool.commonPool-worker-1] INFO  metrics.RatisMetrics (RatisMetrics.java:unregister(43)) - Unregistering Metrics Registry : ratis.server.0f49443e-0a6a-496b-95aa-140a56b5e2f8@group-BF80BBC9517C
2021-07-07 01:43:23,117 [ForkJoinPool.commonPool-worker-1] INFO  impl.StateMachineUpdater (StateMachineUpdater.java:stopAndJoin(149)) - 0f49443e-0a6a-496b-95aa-140a56b5e2f8@group-BF80BBC9517C-StateMachineUpdater: set stopIndex = 0
2021-07-07 01:43:23,116 [Listener at 127.0.0.1/10628] INFO  server.RaftServer (RaftServerProxy.java:lambda$close$6(391)) - 10d76295-ae05-4b7a-8932-536e603c59a2: close
2021-07-07 01:43:23,117 [Listener at 127.0.0.1/10628] INFO  server.RaftServer$Division (RaftServerImpl.java:lambda$close$4(406)) - 10d76295-ae05-4b7a-8932-536e603c59a2@group-BF80BBC9517C: shutdown
2021-07-07 01:43:23,117 [Listener at 127.0.0.1/10628] INFO  util.JmxRegister (JmxRegister.java:unregister(73)) - Successfully un-registered JMX Bean with object name Ratis:service=RaftServer,group=group-BF80BBC9517C,id=10d76295-ae05-4b7a-8932-536e603c59a2
2021-07-07 01:43:23,118 [Listener at 127.0.0.1/10628] INFO  impl.RoleInfo (RoleInfo.java:shutdownFollowerState(108)) - 10d76295-ae05-4b7a-8932-536e603c59a2: shutdown 10d76295-ae05-4b7a-8932-536e603c59a2@group-BF80BBC9517C-FollowerState
2021-07-07 01:43:23,118 [Listener at 127.0.0.1/10628] INFO  impl.StateMachineUpdater (StateMachineUpdater.java:stopAndJoin(149)) - 10d76295-ae05-4b7a-8932-536e603c59a2@group-BF80BBC9517C-StateMachineUpdater: set stopIndex = 0
2021-07-07 01:43:23,118 [10d76295-ae05-4b7a-8932-536e603c59a2@group-BF80BBC9517C-FollowerState] INFO  impl.FollowerState (FollowerState.java:run(143)) - 10d76295-ae05-4b7a-8932-536e603c59a2@group-BF80BBC9517C-FollowerState was interrupted: {}
java.lang.InterruptedException: sleep interrupted
	at java.lang.Thread.sleep(Native Method)
	at java.lang.Thread.sleep(Thread.java:340)
	at java.util.concurrent.TimeUnit.sleep(TimeUnit.java:386)
	at org.apache.ratis.util.TimeDuration.sleep(TimeDuration.java:324)
	at org.apache.ratis.util.TimeDuration.sleep(TimeDuration.java:309)
	at org.apache.ratis.server.impl.FollowerState.run(FollowerState.java:118)
2021-07-07 01:43:23,117 [0f49443e-0a6a-496b-95aa-140a56b5e2f8@group-BF80BBC9517C-StateMachineUpdater] INFO  ratis.ContainerStateMachine (ContainerStateMachine.java:takeSnapshot(291)) - group-BF80BBC9517C: Taking a snapshot at:(t:1, i:0) file /home/runner/work/ozone/ozone/mnt/ozone/hadoop-ozone/integration-test/target/test-dir/MiniOzoneClusterImpl-1d7024f8-a0c4-4e84-a8d8-f49eec7f6d62/datanode-0/data/ratis/e977e7d9-7c38-4228-b53c-bf80bbc9517c/sm/snapshot.1_0
2021-07-07 01:43:23,116 [0f49443e-0a6a-496b-95aa-140a56b5e2f8@group-BF80BBC9517C->10d76295-ae05-4b7a-8932-536e603c59a2-GrpcLogAppender-LogAppenderDaemon] WARN  server.GrpcLogAppender (GrpcLogAppender.java:mayWait(175)) - 0f49443e-0a6a-496b-95aa-140a56b5e2f8@group-BF80BBC9517C->10d76295-ae05-4b7a-8932-536e603c59a2-GrpcLogAppender: Wait interrupted by java.lang.InterruptedException
2021-07-07 01:43:23,118 [10d76295-ae05-4b7a-8932-536e603c59a2@group-BF80BBC9517C-StateMachineUpdater] INFO  ratis.ContainerStateMachine (ContainerStateMachine.java:takeSnapshot(291)) - group-BF80BBC9517C: Taking a snapshot at:(t:1, i:0) file /home/runner/work/ozone/ozone/mnt/ozone/hadoop-ozone/integration-test/target/test-dir/MiniOzoneClusterImpl-1d7024f8-a0c4-4e84-a8d8-f49eec7f6d62/datanode-1/data/ratis/e977e7d9-7c38-4228-b53c-bf80bbc9517c/sm/snapshot.1_0
2021-07-07 01:43:23,120 [0f49443e-0a6a-496b-95aa-140a56b5e2f8@group-BF80BBC9517C-StateMachineUpdater] INFO  ratis.ContainerStateMachine (ContainerStateMachine.java:takeSnapshot(302)) - group-BF80BBC9517C: Finished taking a snapshot at:(t:1, i:0) file:/home/runner/work/ozone/ozone/mnt/ozone/hadoop-ozone/integration-test/target/test-dir/MiniOzoneClusterImpl-1d7024f8-a0c4-4e84-a8d8-f49eec7f6d62/datanode-0/data/ratis/e977e7d9-7c38-4228-b53c-bf80bbc9517c/sm/snapshot.1_0 took: 3 ms
2021-07-07 01:43:23,120 [grpc-default-executor-3] INFO  server.GrpcServerProtocolService (GrpcServerProtocolService.java:onCompleted(140)) - 10d76295-ae05-4b7a-8932-536e603c59a2: Completed APPEND_ENTRIES, lastRequest: 0f49443e-0a6a-496b-95aa-140a56b5e2f8->10d76295-ae05-4b7a-8932-536e603c59a2#1-t1,previous=(t:0, i:0),leaderCommit=-1,initializing? true,entries: size=1, first=(t:1, i:0), CONFIGURATIONENTRY
2021-07-07 01:43:23,120 [0f49443e-0a6a-496b-95aa-140a56b5e2f8@group-BF80BBC9517C-StateMachineUpdater] INFO  impl.StateMachineUpdater (StateMachineUpdater.java:takeSnapshot(281)) - 0f49443e-0a6a-496b-95aa-140a56b5e2f8@group-BF80BBC9517C-StateMachineUpdater: Took a snapshot at index 0
2021-07-07 01:43:23,120 [0f49443e-0a6a-496b-95aa-140a56b5e2f8@group-BF80BBC9517C-StateMachineUpdater] INFO  impl.StateMachineUpdater (StateMachineUpdater.java:lambda$new$0(89)) - 0f49443e-0a6a-496b-95aa-140a56b5e2f8@group-BF80BBC9517C-StateMachineUpdater: snapshotIndex: updateIncreasingly -1 -> 0
2021-07-07 01:43:23,120 [10d76295-ae05-4b7a-8932-536e603c59a2@group-BF80BBC9517C-StateMachineUpdater] INFO  ratis.ContainerStateMachine (ContainerStateMachine.java:takeSnapshot(302)) - group-BF80BBC9517C: Finished taking a snapshot at:(t:1, i:0) file:/home/runner/work/ozone/ozone/mnt/ozone/hadoop-ozone/integration-test/target/test-dir/MiniOzoneClusterImpl-1d7024f8-a0c4-4e84-a8d8-f49eec7f6d62/datanode-1/data/ratis/e977e7d9-7c38-4228-b53c-bf80bbc9517c/sm/snapshot.1_0 took: 2 ms
2021-07-07 01:43:23,121 [10d76295-ae05-4b7a-8932-536e603c59a2@group-BF80BBC9517C-StateMachineUpdater] INFO  impl.StateMachineUpdater (StateMachineUpdater.java:takeSnapshot(281)) - 10d76295-ae05-4b7a-8932-536e603c59a2@group-BF80BBC9517C-StateMachineUpdater: Took a snapshot at index 0
2021-07-07 01:43:23,121 [10d76295-ae05-4b7a-8932-536e603c59a2@group-BF80BBC9517C-StateMachineUpdater] INFO  impl.StateMachineUpdater (StateMachineUpdater.java:lambda$new$0(89)) - 10d76295-ae05-4b7a-8932-536e603c59a2@group-BF80BBC9517C-StateMachineUpdater: snapshotIndex: updateIncreasingly -1 -> 0
2021-07-07 01:43:23,121 [10d76295-ae05-4b7a-8932-536e603c59a2@group-BF80BBC9517C-StateMachineUpdater] INFO  metrics.RatisMetrics (RatisMetrics.java:unregister(43)) - Unregistering Metrics Registry : ratis.state_machine.10d76295-ae05-4b7a-8932-536e603c59a2@group-BF80BBC9517C
2021-07-07 01:43:23,121 [Listener at 127.0.0.1/10628] INFO  server.RaftServer$Division (ServerState.java:close(405)) - 10d76295-ae05-4b7a-8932-536e603c59a2@group-BF80BBC9517C: closes. applyIndex: 0
2021-07-07 01:43:23,118 [0f49443e-0a6a-496b-95aa-140a56b5e2f8@group-BF80BBC9517C->b0fd8d55-63ee-4977-a2a0-8385583ac0e3-GrpcLogAppender-LogAppenderDaemon] WARN  server.GrpcLogAppender (GrpcLogAppender.java:mayWait(175)) - 0f49443e-0a6a-496b-95aa-140a56b5e2f8@group-BF80BBC9517C->b0fd8d55-63ee-4977-a2a0-8385583ac0e3-GrpcLogAppender: Wait interrupted by java.lang.InterruptedException
2021-07-07 01:43:23,121 [10d76295-ae05-4b7a-8932-536e603c59a2@group-BF80BBC9517C-SegmentedRaftLogWorker] INFO  segmented.SegmentedRaftLogWorker (SegmentedRaftLogWorker.java:run(327)) - 10d76295-ae05-4b7a-8932-536e603c59a2@group-BF80BBC9517C-SegmentedRaftLogWorker was interrupted, exiting. There are 0 tasks remaining in the queue.
2021-07-07 01:43:23,121 [0f49443e-0a6a-496b-95aa-140a56b5e2f8@group-BF80BBC9517C-StateMachineUpdater] INFO  metrics.RatisMetrics (RatisMetrics.java:unregister(43)) - Unregistering Metrics Registry : ratis.state_machine.0f49443e-0a6a-496b-95aa-140a56b5e2f8@group-BF80BBC9517C
2021-07-07 01:43:23,121 [grpc-default-executor-0] INFO  server.GrpcLogAppender (GrpcLogAppender.java:onCompleted(344)) - 0f49443e-0a6a-496b-95aa-140a56b5e2f8@group-BF80BBC9517C->10d76295-ae05-4b7a-8932-536e603c59a2-AppendLogResponseHandler: follower responses appendEntries COMPLETED
2021-07-07 01:43:23,122 [grpc-default-executor-0] INFO  leader.FollowerInfo (FollowerInfoImpl.java:lambda$new$0(46)) - 0f49443e-0a6a-496b-95aa-140a56b5e2f8@group-BF80BBC9517C->10d76295-ae05-4b7a-8932-536e603c59a2: nextIndex: updateUnconditionally 1 -> 0
2021-07-07 01:43:23,122 [ForkJoinPool.commonPool-worker-1] INFO  server.RaftServer$Division (ServerState.java:close(405)) - 0f49443e-0a6a-496b-95aa-140a56b5e2f8@group-BF80BBC9517C: closes. applyIndex: 0
2021-07-07 01:43:23,122 [grpc-default-executor-0] INFO  server.GrpcServerProtocolService (GrpcServerProtocolService.java:onCompleted(140)) - b0fd8d55-63ee-4977-a2a0-8385583ac0e3: Completed APPEND_ENTRIES, lastRequest: 0f49443e-0a6a-496b-95aa-140a56b5e2f8->b0fd8d55-63ee-4977-a2a0-8385583ac0e3#1-t1,previous=(t:0, i:0),leaderCommit=-1,initializing? true,entries: size=1, first=(t:1, i:0), CONFIGURATIONENTRY
2021-07-07 01:43:23,122 [0f49443e-0a6a-496b-95aa-140a56b5e2f8@group-BF80BBC9517C-SegmentedRaftLogWorker] INFO  segmented.SegmentedRaftLogWorker (SegmentedRaftLogWorker.java:run(327)) - 0f49443e-0a6a-496b-95aa-140a56b5e2f8@group-BF80BBC9517C-SegmentedRaftLogWorker was interrupted, exiting. There are 0 tasks remaining in the queue.
2021-07-07 01:43:23,123 [Listener at 127.0.0.1/10628] INFO  segmented.SegmentedRaftLogWorker (SegmentedRaftLogWorker.java:close(237)) - 10d76295-ae05-4b7a-8932-536e603c59a2@group-BF80BBC9517C-SegmentedRaftLogWorker close()
2021-07-07 01:43:23,123 [ForkJoinPool.commonPool-worker-1] INFO  segmented.SegmentedRaftLogWorker (SegmentedRaftLogWorker.java:close(237)) - 0f49443e-0a6a-496b-95aa-140a56b5e2f8@group-BF80BBC9517C-SegmentedRaftLogWorker close()
2021-07-07 01:43:23,123 [grpc-default-executor-0] INFO  server.GrpcLogAppender (GrpcLogAppender.java:onCompleted(344)) - 0f49443e-0a6a-496b-95aa-140a56b5e2f8@group-BF80BBC9517C->b0fd8d55-63ee-4977-a2a0-8385583ac0e3-AppendLogResponseHandler: follower responses appendEntries COMPLETED
2021-07-07 01:43:23,125 [grpc-default-executor-0] INFO  leader.FollowerInfo (FollowerInfoImpl.java:lambda$new$0(46)) - 0f49443e-0a6a-496b-95aa-140a56b5e2f8@group-BF80BBC9517C->b0fd8d55-63ee-4977-a2a0-8385583ac0e3: nextIndex: updateUnconditionally 1 -> 0
2021-07-07 01:43:23,124 [Listener at 127.0.0.1/10628] INFO  metrics.RatisMetrics (RatisMetrics.java:unregister(43)) - Unregistering Metrics Registry : ratis.log_worker.10d76295-ae05-4b7a-8932-536e603c59a2@group-BF80BBC9517C
2021-07-07 01:43:23,125 [Listener at 127.0.0.1/10628] INFO  metrics.RatisMetrics (RatisMetrics.java:unregister(43)) - Unregistering Metrics Registry : ratis.leader_election.10d76295-ae05-4b7a-8932-536e603c59a2@group-BF80BBC9517C
2021-07-07 01:43:23,125 [Listener at 127.0.0.1/10628] INFO  metrics.RatisMetrics (RatisMetrics.java:unregister(43)) - Unregistering Metrics Registry : ratis.server.10d76295-ae05-4b7a-8932-536e603c59a2@group-BF80BBC9517C
2021-07-07 01:43:23,125 [Listener at 127.0.0.1/10628] INFO  server.RaftServer$Division (RaftServerImpl.java:lambda$close$4(406)) - 10d76295-ae05-4b7a-8932-536e603c59a2@group-A53B2A283ADD: shutdown
2021-07-07 01:43:23,125 [Listener at 127.0.0.1/10628] INFO  util.JmxRegister (JmxRegister.java:unregister(73)) - Successfully un-registered JMX Bean with object name Ratis:service=RaftServer,group=group-A53B2A283ADD,id=10d76295-ae05-4b7a-8932-536e603c59a2
2021-07-07 01:43:23,126 [Listener at 127.0.0.1/10628] INFO  impl.RoleInfo (RoleInfo.java:shutdownLeaderState(91)) - 10d76295-ae05-4b7a-8932-536e603c59a2: shutdown 10d76295-ae05-4b7a-8932-536e603c59a2@group-A53B2A283ADD-LeaderStateImpl
2021-07-07 01:43:23,126 [Listener at 127.0.0.1/10628] INFO  impl.PendingRequests (PendingRequests.java:sendNotLeaderResponses(249)) - 10d76295-ae05-4b7a-8932-536e603c59a2@group-A53B2A283ADD-PendingRequests: sendNotLeaderResponses
2021-07-07 01:43:23,126 [Listener at 127.0.0.1/10628] INFO  metrics.RatisMetrics (RatisMetrics.java:unregister(43)) - Unregistering Metrics Registry : ratis.log_appender.10d76295-ae05-4b7a-8932-536e603c59a2@group-A53B2A283ADD
2021-07-07 01:43:23,126 [Listener at 127.0.0.1/10628] INFO  metrics.RatisMetrics (RatisMetrics.java:unregister(43)) - Unregistering Metrics Registry : ratis.server.10d76295-ae05-4b7a-8932-536e603c59a2@group-A53B2A283ADD
2021-07-07 01:43:23,127 [Listener at 127.0.0.1/10628] INFO  impl.StateMachineUpdater (StateMachineUpdater.java:stopAndJoin(149)) - 10d76295-ae05-4b7a-8932-536e603c59a2@group-A53B2A283ADD-StateMachineUpdater: set stopIndex = 0
2021-07-07 01:43:23,127 [10d76295-ae05-4b7a-8932-536e603c59a2@group-A53B2A283ADD-StateMachineUpdater] INFO  ratis.ContainerStateMachine (ContainerStateMachine.java:takeSnapshot(291)) - group-A53B2A283ADD: Taking a snapshot at:(t:1, i:0) file /home/runner/work/ozone/ozone/mnt/ozone/hadoop-ozone/integration-test/target/test-dir/MiniOzoneClusterImpl-1d7024f8-a0c4-4e84-a8d8-f49eec7f6d62/datanode-1/data/ratis/ee33e6cd-5d5d-4666-96c1-a53b2a283add/sm/snapshot.1_0
2021-07-07 01:43:23,132 [ForkJoinPool.commonPool-worker-1] INFO  metrics.RatisMetrics (RatisMetrics.java:unregister(43)) - Unregistering Metrics Registry : ratis.log_worker.0f49443e-0a6a-496b-95aa-140a56b5e2f8@group-BF80BBC9517C
2021-07-07 01:43:23,132 [ForkJoinPool.commonPool-worker-1] INFO  metrics.RatisMetrics (RatisMetrics.java:unregister(43)) - Unregistering Metrics Registry : ratis.leader_election.0f49443e-0a6a-496b-95aa-140a56b5e2f8@group-BF80BBC9517C
2021-07-07 01:43:23,132 [ForkJoinPool.commonPool-worker-1] INFO  metrics.RatisMetrics (RatisMetrics.java:unregister(43)) - Unregistering Metrics Registry : ratis.server.0f49443e-0a6a-496b-95aa-140a56b5e2f8@group-BF80BBC9517C
2021-07-07 01:43:23,132 [ForkJoinPool.commonPool-worker-1] INFO  server.RaftServer$Division (RaftServerImpl.java:lambda$close$4(406)) - 0f49443e-0a6a-496b-95aa-140a56b5e2f8@group-8237731C7163: shutdown
2021-07-07 01:43:23,132 [ForkJoinPool.commonPool-worker-1] INFO  util.JmxRegister (JmxRegister.java:unregister(73)) - Successfully un-registered JMX Bean with object name Ratis:service=RaftServer,group=group-8237731C7163,id=0f49443e-0a6a-496b-95aa-140a56b5e2f8
2021-07-07 01:43:23,132 [ForkJoinPool.commonPool-worker-1] INFO  impl.RoleInfo (RoleInfo.java:shutdownFollowerState(108)) - 0f49443e-0a6a-496b-95aa-140a56b5e2f8: shutdown 0f49443e-0a6a-496b-95aa-140a56b5e2f8@group-8237731C7163-FollowerState
2021-07-07 01:43:23,133 [0f49443e-0a6a-496b-95aa-140a56b5e2f8@group-8237731C7163-FollowerState] INFO  impl.FollowerState (FollowerState.java:run(143)) - 0f49443e-0a6a-496b-95aa-140a56b5e2f8@group-8237731C7163-FollowerState was interrupted: {}
java.lang.InterruptedException: sleep interrupted
	at java.lang.Thread.sleep(Native Method)
	at java.lang.Thread.sleep(Thread.java:340)
	at java.util.concurrent.TimeUnit.sleep(TimeUnit.java:386)
	at org.apache.ratis.util.TimeDuration.sleep(TimeDuration.java:324)
	at org.apache.ratis.util.TimeDuration.sleep(TimeDuration.java:309)
	at org.apache.ratis.server.impl.FollowerState.run(FollowerState.java:118)
2021-07-07 01:43:23,133 [0f49443e-0a6a-496b-95aa-140a56b5e2f8@group-8237731C7163-StateMachineUpdater] INFO  ratis.ContainerStateMachine (ContainerStateMachine.java:takeSnapshot(291)) - group-8237731C7163: Taking a snapshot at:(t:2, i:0) file /home/runner/work/ozone/ozone/mnt/ozone/hadoop-ozone/integration-test/target/test-dir/MiniOzoneClusterImpl-1d7024f8-a0c4-4e84-a8d8-f49eec7f6d62/datanode-0/data/ratis/d872d6fc-bbb1-485a-9573-8237731c7163/sm/snapshot.2_0
2021-07-07 01:43:23,133 [ForkJoinPool.commonPool-worker-1] INFO  impl.StateMachineUpdater (StateMachineUpdater.java:stopAndJoin(149)) - 0f49443e-0a6a-496b-95aa-140a56b5e2f8@group-8237731C7163-StateMachineUpdater: set stopIndex = 0
2021-07-07 01:43:23,133 [10d76295-ae05-4b7a-8932-536e603c59a2@group-A53B2A283ADD-StateMachineUpdater] INFO  ratis.ContainerStateMachine (ContainerStateMachine.java:takeSnapshot(302)) - group-A53B2A283ADD: Finished taking a snapshot at:(t:1, i:0) file:/home/runner/work/ozone/ozone/mnt/ozone/hadoop-ozone/integration-test/target/test-dir/MiniOzoneClusterImpl-1d7024f8-a0c4-4e84-a8d8-f49eec7f6d62/datanode-1/data/ratis/ee33e6cd-5d5d-4666-96c1-a53b2a283add/sm/snapshot.1_0 took: 7 ms
2021-07-07 01:43:23,134 [0f49443e-0a6a-496b-95aa-140a56b5e2f8@group-8237731C7163-StateMachineUpdater] INFO  ratis.ContainerStateMachine (ContainerStateMachine.java:takeSnapshot(302)) - group-8237731C7163: Finished taking a snapshot at:(t:2, i:0) file:/home/runner/work/ozone/ozone/mnt/ozone/hadoop-ozone/integration-test/target/test-dir/MiniOzoneClusterImpl-1d7024f8-a0c4-4e84-a8d8-f49eec7f6d62/datanode-0/data/ratis/d872d6fc-bbb1-485a-9573-8237731c7163/sm/snapshot.2_0 took: 1 ms
2021-07-07 01:43:23,134 [0f49443e-0a6a-496b-95aa-140a56b5e2f8@group-8237731C7163-StateMachineUpdater] INFO  impl.StateMachineUpdater (StateMachineUpdater.java:takeSnapshot(281)) - 0f49443e-0a6a-496b-95aa-140a56b5e2f8@group-8237731C7163-StateMachineUpdater: Took a snapshot at index 0
2021-07-07 01:43:23,134 [0f49443e-0a6a-496b-95aa-140a56b5e2f8@group-8237731C7163-StateMachineUpdater] INFO  impl.StateMachineUpdater (StateMachineUpdater.java:lambda$new$0(89)) - 0f49443e-0a6a-496b-95aa-140a56b5e2f8@group-8237731C7163-StateMachineUpdater: snapshotIndex: updateIncreasingly -1 -> 0
2021-07-07 01:43:23,134 [0f49443e-0a6a-496b-95aa-140a56b5e2f8@group-8237731C7163-StateMachineUpdater] INFO  metrics.RatisMetrics (RatisMetrics.java:unregister(43)) - Unregistering Metrics Registry : ratis.state_machine.0f49443e-0a6a-496b-95aa-140a56b5e2f8@group-8237731C7163
2021-07-07 01:43:23,136 [ForkJoinPool.commonPool-worker-1] INFO  server.RaftServer$Division (ServerState.java:close(405)) - 0f49443e-0a6a-496b-95aa-140a56b5e2f8@group-8237731C7163: closes. applyIndex: 0
2021-07-07 01:43:23,136 [10d76295-ae05-4b7a-8932-536e603c59a2@group-A53B2A283ADD-StateMachineUpdater] INFO  impl.StateMachineUpdater (StateMachineUpdater.java:takeSnapshot(281)) - 10d76295-ae05-4b7a-8932-536e603c59a2@group-A53B2A283ADD-StateMachineUpdater: Took a snapshot at index 0
2021-07-07 01:43:23,136 [10d76295-ae05-4b7a-8932-536e603c59a2@group-A53B2A283ADD-StateMachineUpdater] INFO  impl.StateMachineUpdater (StateMachineUpdater.java:lambda$new$0(89)) - 10d76295-ae05-4b7a-8932-536e603c59a2@group-A53B2A283ADD-StateMachineUpdater: snapshotIndex: updateIncreasingly -1 -> 0
2021-07-07 01:43:23,136 [10d76295-ae05-4b7a-8932-536e603c59a2@group-A53B2A283ADD-StateMachineUpdater] INFO  metrics.RatisMetrics (RatisMetrics.java:unregister(43)) - Unregistering Metrics Registry : ratis.state_machine.10d76295-ae05-4b7a-8932-536e603c59a2@group-A53B2A283ADD
2021-07-07 01:43:23,137 [Listener at 127.0.0.1/10628] INFO  server.RaftServer$Division (ServerState.java:close(405)) - 10d76295-ae05-4b7a-8932-536e603c59a2@group-A53B2A283ADD: closes. applyIndex: 0
2021-07-07 01:43:23,137 [10d76295-ae05-4b7a-8932-536e603c59a2@group-A53B2A283ADD-SegmentedRaftLogWorker] INFO  segmented.SegmentedRaftLogWorker (SegmentedRaftLogWorker.java:run(327)) - 10d76295-ae05-4b7a-8932-536e603c59a2@group-A53B2A283ADD-SegmentedRaftLogWorker was interrupted, exiting. There are 0 tasks remaining in the queue.
2021-07-07 01:43:23,137 [Listener at 127.0.0.1/10628] INFO  segmented.SegmentedRaftLogWorker (SegmentedRaftLogWorker.java:close(237)) - 10d76295-ae05-4b7a-8932-536e603c59a2@group-A53B2A283ADD-SegmentedRaftLogWorker close()
2021-07-07 01:43:23,138 [0f49443e-0a6a-496b-95aa-140a56b5e2f8@group-8237731C7163-SegmentedRaftLogWorker] INFO  segmented.SegmentedRaftLogWorker (SegmentedRaftLogWorker.java:run(327)) - 0f49443e-0a6a-496b-95aa-140a56b5e2f8@group-8237731C7163-SegmentedRaftLogWorker was interrupted, exiting. There are 0 tasks remaining in the queue.
2021-07-07 01:43:23,141 [Listener at 127.0.0.1/10628] INFO  metrics.RatisMetrics (RatisMetrics.java:unregister(43)) - Unregistering Metrics Registry : ratis.log_worker.10d76295-ae05-4b7a-8932-536e603c59a2@group-A53B2A283ADD
2021-07-07 01:43:23,141 [Listener at 127.0.0.1/10628] INFO  metrics.RatisMetrics (RatisMetrics.java:unregister(43)) - Unregistering Metrics Registry : ratis.leader_election.10d76295-ae05-4b7a-8932-536e603c59a2@group-A53B2A283ADD
2021-07-07 01:43:23,142 [Listener at 127.0.0.1/10628] INFO  metrics.RatisMetrics (RatisMetrics.java:unregister(43)) - Unregistering Metrics Registry : ratis.server.10d76295-ae05-4b7a-8932-536e603c59a2@group-A53B2A283ADD
2021-07-07 01:43:23,142 [Listener at 127.0.0.1/10628] INFO  server.RaftServer$Division (RaftServerImpl.java:lambda$close$4(406)) - 10d76295-ae05-4b7a-8932-536e603c59a2@group-8237731C7163: shutdown
2021-07-07 01:43:23,142 [Listener at 127.0.0.1/10628] INFO  util.JmxRegister (JmxRegister.java:unregister(73)) - Successfully un-registered JMX Bean with object name Ratis:service=RaftServer,group=group-8237731C7163,id=10d76295-ae05-4b7a-8932-536e603c59a2
2021-07-07 01:43:23,142 [Listener at 127.0.0.1/10628] INFO  impl.RoleInfo (RoleInfo.java:shutdownFollowerState(108)) - 10d76295-ae05-4b7a-8932-536e603c59a2: shutdown 10d76295-ae05-4b7a-8932-536e603c59a2@group-8237731C7163-FollowerState
2021-07-07 01:43:23,142 [10d76295-ae05-4b7a-8932-536e603c59a2@group-8237731C7163-StateMachineUpdater] INFO  ratis.ContainerStateMachine (ContainerStateMachine.java:takeSnapshot(291)) - group-8237731C7163: Taking a snapshot at:(t:2, i:0) file /home/runner/work/ozone/ozone/mnt/ozone/hadoop-ozone/integration-test/target/test-dir/MiniOzoneClusterImpl-1d7024f8-a0c4-4e84-a8d8-f49eec7f6d62/datanode-1/data/ratis/d872d6fc-bbb1-485a-9573-8237731c7163/sm/snapshot.2_0
2021-07-07 01:43:23,142 [10d76295-ae05-4b7a-8932-536e603c59a2@group-8237731C7163-FollowerState] INFO  impl.FollowerState (FollowerState.java:run(143)) - 10d76295-ae05-4b7a-8932-536e603c59a2@group-8237731C7163-FollowerState was interrupted: {}
java.lang.InterruptedException: sleep interrupted
	at java.lang.Thread.sleep(Native Method)
	at java.lang.Thread.sleep(Thread.java:340)
	at java.util.concurrent.TimeUnit.sleep(TimeUnit.java:386)
	at org.apache.ratis.util.TimeDuration.sleep(TimeDuration.java:324)
	at org.apache.ratis.util.TimeDuration.sleep(TimeDuration.java:309)
	at org.apache.ratis.server.impl.FollowerState.run(FollowerState.java:118)
2021-07-07 01:43:23,141 [ForkJoinPool.commonPool-worker-1] INFO  segmented.SegmentedRaftLogWorker (SegmentedRaftLogWorker.java:close(237)) - 0f49443e-0a6a-496b-95aa-140a56b5e2f8@group-8237731C7163-SegmentedRaftLogWorker close()
2021-07-07 01:43:23,143 [Listener at 127.0.0.1/10628] INFO  impl.StateMachineUpdater (StateMachineUpdater.java:stopAndJoin(149)) - 10d76295-ae05-4b7a-8932-536e603c59a2@group-8237731C7163-StateMachineUpdater: set stopIndex = 0
2021-07-07 01:43:23,144 [10d76295-ae05-4b7a-8932-536e603c59a2@group-8237731C7163-StateMachineUpdater] INFO  ratis.ContainerStateMachine (ContainerStateMachine.java:takeSnapshot(302)) - group-8237731C7163: Finished taking a snapshot at:(t:2, i:0) file:/home/runner/work/ozone/ozone/mnt/ozone/hadoop-ozone/integration-test/target/test-dir/MiniOzoneClusterImpl-1d7024f8-a0c4-4e84-a8d8-f49eec7f6d62/datanode-1/data/ratis/d872d6fc-bbb1-485a-9573-8237731c7163/sm/snapshot.2_0 took: 1 ms
2021-07-07 01:43:23,144 [10d76295-ae05-4b7a-8932-536e603c59a2@group-8237731C7163-StateMachineUpdater] INFO  impl.StateMachineUpdater (StateMachineUpdater.java:takeSnapshot(281)) - 10d76295-ae05-4b7a-8932-536e603c59a2@group-8237731C7163-StateMachineUpdater: Took a snapshot at index 0
2021-07-07 01:43:23,144 [10d76295-ae05-4b7a-8932-536e603c59a2@group-8237731C7163-StateMachineUpdater] INFO  impl.StateMachineUpdater (StateMachineUpdater.java:lambda$new$0(89)) - 10d76295-ae05-4b7a-8932-536e603c59a2@group-8237731C7163-StateMachineUpdater: snapshotIndex: updateIncreasingly -1 -> 0
2021-07-07 01:43:23,144 [10d76295-ae05-4b7a-8932-536e603c59a2@group-8237731C7163-StateMachineUpdater] INFO  metrics.RatisMetrics (RatisMetrics.java:unregister(43)) - Unregistering Metrics Registry : ratis.state_machine.10d76295-ae05-4b7a-8932-536e603c59a2@group-8237731C7163
2021-07-07 01:43:23,144 [Listener at 127.0.0.1/10628] INFO  server.RaftServer$Division (ServerState.java:close(405)) - 10d76295-ae05-4b7a-8932-536e603c59a2@group-8237731C7163: closes. applyIndex: 0
2021-07-07 01:43:23,145 [ForkJoinPool.commonPool-worker-1] INFO  metrics.RatisMetrics (RatisMetrics.java:unregister(43)) - Unregistering Metrics Registry : ratis.log_worker.0f49443e-0a6a-496b-95aa-140a56b5e2f8@group-8237731C7163
2021-07-07 01:43:23,145 [10d76295-ae05-4b7a-8932-536e603c59a2@group-8237731C7163-SegmentedRaftLogWorker] INFO  segmented.SegmentedRaftLogWorker (SegmentedRaftLogWorker.java:run(327)) - 10d76295-ae05-4b7a-8932-536e603c59a2@group-8237731C7163-SegmentedRaftLogWorker was interrupted, exiting. There are 0 tasks remaining in the queue.
2021-07-07 01:43:23,145 [ForkJoinPool.commonPool-worker-1] INFO  metrics.RatisMetrics (RatisMetrics.java:unregister(43)) - Unregistering Metrics Registry : ratis.leader_election.0f49443e-0a6a-496b-95aa-140a56b5e2f8@group-8237731C7163
2021-07-07 01:43:23,145 [ForkJoinPool.commonPool-worker-1] INFO  metrics.RatisMetrics (RatisMetrics.java:unregister(43)) - Unregistering Metrics Registry : ratis.server.0f49443e-0a6a-496b-95aa-140a56b5e2f8@group-8237731C7163
2021-07-07 01:43:23,146 [ForkJoinPool.commonPool-worker-1] INFO  server.RaftServer$Division (RaftServerImpl.java:lambda$close$4(406)) - 0f49443e-0a6a-496b-95aa-140a56b5e2f8@group-BB9EF5C4CE3D: shutdown
2021-07-07 01:43:23,146 [ForkJoinPool.commonPool-worker-1] INFO  util.JmxRegister (JmxRegister.java:unregister(73)) - Successfully un-registered JMX Bean with object name Ratis:service=RaftServer,group=group-BB9EF5C4CE3D,id=0f49443e-0a6a-496b-95aa-140a56b5e2f8
2021-07-07 01:43:23,146 [ForkJoinPool.commonPool-worker-1] INFO  impl.RoleInfo (RoleInfo.java:shutdownLeaderState(91)) - 0f49443e-0a6a-496b-95aa-140a56b5e2f8: shutdown 0f49443e-0a6a-496b-95aa-140a56b5e2f8@group-BB9EF5C4CE3D-LeaderStateImpl
2021-07-07 01:43:23,146 [ForkJoinPool.commonPool-worker-1] INFO  impl.PendingRequests (PendingRequests.java:sendNotLeaderResponses(249)) - 0f49443e-0a6a-496b-95aa-140a56b5e2f8@group-BB9EF5C4CE3D-PendingRequests: sendNotLeaderResponses
2021-07-07 01:43:23,146 [ForkJoinPool.commonPool-worker-1] INFO  metrics.RatisMetrics (RatisMetrics.java:unregister(43)) - Unregistering Metrics Registry : ratis.log_appender.0f49443e-0a6a-496b-95aa-140a56b5e2f8@group-BB9EF5C4CE3D
2021-07-07 01:43:23,146 [ForkJoinPool.commonPool-worker-1] INFO  metrics.RatisMetrics (RatisMetrics.java:unregister(43)) - Unregistering Metrics Registry : ratis.server.0f49443e-0a6a-496b-95aa-140a56b5e2f8@group-BB9EF5C4CE3D
2021-07-07 01:43:23,146 [ForkJoinPool.commonPool-worker-1] INFO  impl.StateMachineUpdater (StateMachineUpdater.java:stopAndJoin(149)) - 0f49443e-0a6a-496b-95aa-140a56b5e2f8@group-BB9EF5C4CE3D-StateMachineUpdater: set stopIndex = 0
2021-07-07 01:43:23,145 [Listener at 127.0.0.1/10628] INFO  segmented.SegmentedRaftLogWorker (SegmentedRaftLogWorker.java:close(237)) - 10d76295-ae05-4b7a-8932-536e603c59a2@group-8237731C7163-SegmentedRaftLogWorker close()
2021-07-07 01:43:23,146 [0f49443e-0a6a-496b-95aa-140a56b5e2f8@group-BB9EF5C4CE3D-StateMachineUpdater] INFO  ratis.ContainerStateMachine (ContainerStateMachine.java:takeSnapshot(291)) - group-BB9EF5C4CE3D: Taking a snapshot at:(t:1, i:0) file /home/runner/work/ozone/ozone/mnt/ozone/hadoop-ozone/integration-test/target/test-dir/MiniOzoneClusterImpl-1d7024f8-a0c4-4e84-a8d8-f49eec7f6d62/datanode-0/data/ratis/4d71c56d-3311-43ef-bd5a-bb9ef5c4ce3d/sm/snapshot.1_0
2021-07-07 01:43:23,147 [Listener at 127.0.0.1/10628] INFO  metrics.RatisMetrics (RatisMetrics.java:unregister(43)) - Unregistering Metrics Registry : ratis.log_worker.10d76295-ae05-4b7a-8932-536e603c59a2@group-8237731C7163
2021-07-07 01:43:23,147 [Listener at 127.0.0.1/10628] INFO  metrics.RatisMetrics (RatisMetrics.java:unregister(43)) - Unregistering Metrics Registry : ratis.leader_election.10d76295-ae05-4b7a-8932-536e603c59a2@group-8237731C7163
2021-07-07 01:43:23,147 [0f49443e-0a6a-496b-95aa-140a56b5e2f8@group-BB9EF5C4CE3D-StateMachineUpdater] INFO  ratis.ContainerStateMachine (ContainerStateMachine.java:takeSnapshot(302)) - group-BB9EF5C4CE3D: Finished taking a snapshot at:(t:1, i:0) file:/home/runner/work/ozone/ozone/mnt/ozone/hadoop-ozone/integration-test/target/test-dir/MiniOzoneClusterImpl-1d7024f8-a0c4-4e84-a8d8-f49eec7f6d62/datanode-0/data/ratis/4d71c56d-3311-43ef-bd5a-bb9ef5c4ce3d/sm/snapshot.1_0 took: 1 ms
2021-07-07 01:43:23,147 [Listener at 127.0.0.1/10628] INFO  metrics.RatisMetrics (RatisMetrics.java:unregister(43)) - Unregistering Metrics Registry : ratis.server.10d76295-ae05-4b7a-8932-536e603c59a2@group-8237731C7163
2021-07-07 01:43:23,148 [0f49443e-0a6a-496b-95aa-140a56b5e2f8@group-BB9EF5C4CE3D-StateMachineUpdater] INFO  impl.StateMachineUpdater (StateMachineUpdater.java:takeSnapshot(281)) - 0f49443e-0a6a-496b-95aa-140a56b5e2f8@group-BB9EF5C4CE3D-StateMachineUpdater: Took a snapshot at index 0
2021-07-07 01:43:23,148 [Listener at 127.0.0.1/10628] INFO  server.GrpcService (GrpcService.java:closeImpl(262)) - 10d76295-ae05-4b7a-8932-536e603c59a2: shutdown server with port 41601 now
2021-07-07 01:43:23,148 [0f49443e-0a6a-496b-95aa-140a56b5e2f8@group-BB9EF5C4CE3D-StateMachineUpdater] INFO  impl.StateMachineUpdater (StateMachineUpdater.java:lambda$new$0(89)) - 0f49443e-0a6a-496b-95aa-140a56b5e2f8@group-BB9EF5C4CE3D-StateMachineUpdater: snapshotIndex: updateIncreasingly -1 -> 0
2021-07-07 01:43:23,148 [0f49443e-0a6a-496b-95aa-140a56b5e2f8@group-BB9EF5C4CE3D-StateMachineUpdater] INFO  metrics.RatisMetrics (RatisMetrics.java:unregister(43)) - Unregistering Metrics Registry : ratis.state_machine.0f49443e-0a6a-496b-95aa-140a56b5e2f8@group-BB9EF5C4CE3D
2021-07-07 01:43:23,149 [grpc-default-executor-0] WARN  server.GrpcServerProtocolService (LogUtils.java:warn(122)) - 10d76295-ae05-4b7a-8932-536e603c59a2: installSnapshot onError, lastRequest: b0fd8d55-63ee-4977-a2a0-8385583ac0e3->10d76295-ae05-4b7a-8932-536e603c59a2#1-t2,previous=(t:0, i:0),leaderCommit=0,initializing? true,entries: size=1, first=(t:2, i:0), CONFIGURATIONENTRY: org.apache.ratis.thirdparty.io.grpc.StatusRuntimeException: CANCELLED: client cancelled
2021-07-07 01:43:23,149 [ForkJoinPool.commonPool-worker-1] INFO  server.RaftServer$Division (ServerState.java:close(405)) - 0f49443e-0a6a-496b-95aa-140a56b5e2f8@group-BB9EF5C4CE3D: closes. applyIndex: 0
2021-07-07 01:43:23,149 [grpc-default-executor-2] WARN  server.GrpcLogAppender (LogUtils.java:warn(122)) - b0fd8d55-63ee-4977-a2a0-8385583ac0e3@group-8237731C7163->10d76295-ae05-4b7a-8932-536e603c59a2-AppendLogResponseHandler: Failed appendEntries: org.apache.ratis.thirdparty.io.grpc.StatusRuntimeException: CANCELLED: HTTP/2 error code: CANCEL
Received Rst Stream
2021-07-07 01:43:23,149 [grpc-default-executor-2] WARN  server.GrpcLogAppender (GrpcLogAppender.java:resetClient(111)) - b0fd8d55-63ee-4977-a2a0-8385583ac0e3@group-8237731C7163->10d76295-ae05-4b7a-8932-536e603c59a2-GrpcLogAppender: Leader has not got in touch with Follower b0fd8d55-63ee-4977-a2a0-8385583ac0e3@group-8237731C7163->10d76295-ae05-4b7a-8932-536e603c59a2(c0,m0,n1, attendVote=true, lastRpcSendTime=6, lastRpcResponseTime=2507) yet, just keep nextIndex unchanged and retry.
2021-07-07 01:43:23,149 [0f49443e-0a6a-496b-95aa-140a56b5e2f8@group-BB9EF5C4CE3D-SegmentedRaftLogWorker] INFO  segmented.SegmentedRaftLogWorker (SegmentedRaftLogWorker.java:run(327)) - 0f49443e-0a6a-496b-95aa-140a56b5e2f8@group-BB9EF5C4CE3D-SegmentedRaftLogWorker was interrupted, exiting. There are 0 tasks remaining in the queue.
2021-07-07 01:43:23,150 [ForkJoinPool.commonPool-worker-1] INFO  segmented.SegmentedRaftLogWorker (SegmentedRaftLogWorker.java:close(237)) - 0f49443e-0a6a-496b-95aa-140a56b5e2f8@group-BB9EF5C4CE3D-SegmentedRaftLogWorker close()
2021-07-07 01:43:23,151 [ForkJoinPool.commonPool-worker-1] INFO  metrics.RatisMetrics (RatisMetrics.java:unregister(43)) - Unregistering Metrics Registry : ratis.log_worker.0f49443e-0a6a-496b-95aa-140a56b5e2f8@group-BB9EF5C4CE3D
2021-07-07 01:43:23,151 [ForkJoinPool.commonPool-worker-1] INFO  metrics.RatisMetrics (RatisMetrics.java:unregister(43)) - Unregistering Metrics Registry : ratis.leader_election.0f49443e-0a6a-496b-95aa-140a56b5e2f8@group-BB9EF5C4CE3D
2021-07-07 01:43:23,152 [ForkJoinPool.commonPool-worker-1] INFO  metrics.RatisMetrics (RatisMetrics.java:unregister(43)) - Unregistering Metrics Registry : ratis.server.0f49443e-0a6a-496b-95aa-140a56b5e2f8@group-BB9EF5C4CE3D
2021-07-07 01:43:23,152 [ForkJoinPool.commonPool-worker-1] INFO  server.GrpcService (GrpcService.java:closeImpl(262)) - 0f49443e-0a6a-496b-95aa-140a56b5e2f8: shutdown server with port 32951 now
2021-07-07 01:43:23,153 [grpc-default-executor-0] WARN  server.GrpcServerProtocolService (LogUtils.java:warn(122)) - 0f49443e-0a6a-496b-95aa-140a56b5e2f8: installSnapshot onError, lastRequest: b0fd8d55-63ee-4977-a2a0-8385583ac0e3->0f49443e-0a6a-496b-95aa-140a56b5e2f8#1-t2,previous=(t:0, i:0),leaderCommit=-1,initializing? true,entries: size=1, first=(t:2, i:0), CONFIGURATIONENTRY: org.apache.ratis.thirdparty.io.grpc.StatusRuntimeException: CANCELLED: client cancelled
2021-07-07 01:43:23,160 [grpc-default-executor-2] WARN  server.GrpcLogAppender (LogUtils.java:warn(122)) - b0fd8d55-63ee-4977-a2a0-8385583ac0e3@group-8237731C7163->0f49443e-0a6a-496b-95aa-140a56b5e2f8-AppendLogResponseHandler: Failed appendEntries: org.apache.ratis.thirdparty.io.grpc.StatusRuntimeException: CANCELLED: HTTP/2 error code: CANCEL
Received Rst Stream
2021-07-07 01:43:23,160 [grpc-default-executor-2] WARN  server.GrpcLogAppender (GrpcLogAppender.java:resetClient(111)) - b0fd8d55-63ee-4977-a2a0-8385583ac0e3@group-8237731C7163->0f49443e-0a6a-496b-95aa-140a56b5e2f8-GrpcLogAppender: Leader has not got in touch with Follower b0fd8d55-63ee-4977-a2a0-8385583ac0e3@group-8237731C7163->0f49443e-0a6a-496b-95aa-140a56b5e2f8(c0,m0,n1, attendVote=true, lastRpcSendTime=35, lastRpcResponseTime=22) yet, just keep nextIndex unchanged and retry.
2021-07-07 01:43:23,163 [Listener at 127.0.0.1/10628] INFO  server.GrpcService (GrpcService.java:closeImpl(271)) - 10d76295-ae05-4b7a-8932-536e603c59a2: shutdown server with port 41601 successfully
2021-07-07 01:43:23,163 [org.apache.ratis.util.JvmPauseMonitor$$Lambda$493/611739613@59ad9b0] INFO  util.JvmPauseMonitor (JvmPauseMonitor.java:run(109)) - JvmPauseMonitor-10d76295-ae05-4b7a-8932-536e603c59a2: Stopped
2021-07-07 01:43:23,164 [Listener at 127.0.0.1/10628] INFO  utils.BackgroundService (BackgroundService.java:shutdown(132)) - Shutting down service BlockDeletingService
2021-07-07 01:43:23,179 [Listener at 127.0.0.1/10628] INFO  statemachine.DatanodeStateMachine (DatanodeStateMachine.java:stopDaemon(488)) - Ozone container server stopped.
2021-07-07 01:43:23,179 [Listener at 127.0.0.1/10628] INFO  handler.ContextHandler (ContextHandler.java:doStop(1154)) - Stopped o.e.j.w.WebAppContext@55ecf961{hddsDatanode,/,null,STOPPED}{jar:file:/home/runner/.m2/repository/org/apache/ozone/hdds-container-service/1.2.0-SNAPSHOT/hdds-container-service-1.2.0-SNAPSHOT.jar!/webapps/hddsDatanode}
2021-07-07 01:43:23,180 [ForkJoinPool.commonPool-worker-1] INFO  server.GrpcService (GrpcService.java:closeImpl(271)) - 0f49443e-0a6a-496b-95aa-140a56b5e2f8: shutdown server with port 32951 successfully
2021-07-07 01:43:23,180 [org.apache.ratis.util.JvmPauseMonitor$$Lambda$493/611739613@180e75db] INFO  util.JvmPauseMonitor (JvmPauseMonitor.java:run(109)) - JvmPauseMonitor-0f49443e-0a6a-496b-95aa-140a56b5e2f8: Stopped
2021-07-07 01:43:23,181 [ForkJoinPool.commonPool-worker-1] INFO  utils.BackgroundService (BackgroundService.java:shutdown(132)) - Shutting down service BlockDeletingService
2021-07-07 01:43:23,183 [Listener at 127.0.0.1/10628] INFO  server.AbstractConnector (AbstractConnector.java:doStop(381)) - Stopped ServerConnector@9252e52{HTTP/1.1, (http/1.1)}{0.0.0.0:0}
2021-07-07 01:43:23,183 [Listener at 127.0.0.1/10628] INFO  server.session (HouseKeeper.java:stopScavenging(149)) - node0 Stopped scavenging
2021-07-07 01:43:23,183 [Listener at 127.0.0.1/10628] INFO  handler.ContextHandler (ContextHandler.java:doStop(1154)) - Stopped o.e.j.s.ServletContextHandler@2b05371a{static,/static,jar:file:/home/runner/.m2/repository/org/apache/ozone/hdds-container-service/1.2.0-SNAPSHOT/hdds-container-service-1.2.0-SNAPSHOT.jar!/webapps/static,STOPPED}
2021-07-07 01:43:23,184 [Listener at 127.0.0.1/10628] INFO  handler.ContextHandler (ContextHandler.java:doStop(1154)) - Stopped o.e.j.s.ServletContextHandler@627b0e71{logs,/logs,file:///home/runner/work/ozone/ozone/mnt/ozone/hadoop-ozone/integration-test/target/log,STOPPED}
2021-07-07 01:43:23,194 [ForkJoinPool.commonPool-worker-1] INFO  statemachine.DatanodeStateMachine (DatanodeStateMachine.java:stopDaemon(488)) - Ozone container server stopped.
2021-07-07 01:43:23,215 [ForkJoinPool.commonPool-worker-1] INFO  handler.ContextHandler (ContextHandler.java:doStop(1154)) - Stopped o.e.j.w.WebAppContext@3ececd11{hddsDatanode,/,null,STOPPED}{jar:file:/home/runner/.m2/repository/org/apache/ozone/hdds-container-service/1.2.0-SNAPSHOT/hdds-container-service-1.2.0-SNAPSHOT.jar!/webapps/hddsDatanode}
2021-07-07 01:43:23,216 [ForkJoinPool.commonPool-worker-1] INFO  server.AbstractConnector (AbstractConnector.java:doStop(381)) - Stopped ServerConnector@5cd549ae{HTTP/1.1, (http/1.1)}{0.0.0.0:0}
2021-07-07 01:43:23,216 [ForkJoinPool.commonPool-worker-1] INFO  server.session (HouseKeeper.java:stopScavenging(149)) - node0 Stopped scavenging
2021-07-07 01:43:23,224 [ForkJoinPool.commonPool-worker-1] INFO  handler.ContextHandler (ContextHandler.java:doStop(1154)) - Stopped o.e.j.s.ServletContextHandler@10101a10{static,/static,jar:file:/home/runner/.m2/repository/org/apache/ozone/hdds-container-service/1.2.0-SNAPSHOT/hdds-container-service-1.2.0-SNAPSHOT.jar!/webapps/static,STOPPED}
2021-07-07 01:43:23,228 [ForkJoinPool.commonPool-worker-1] INFO  handler.ContextHandler (ContextHandler.java:doStop(1154)) - Stopped o.e.j.s.ServletContextHandler@15f8b713{logs,/logs,file:///home/runner/work/ozone/ozone/mnt/ozone/hadoop-ozone/integration-test/target/log,STOPPED}
2021-07-07 01:43:23,557 [Datanode State Machine Thread - 0] WARN  statemachine.StateContext (StateContext.java:setState(246)) - Ignore disallowed transition from SHUTDOWN to RUNNING
2021-07-07 01:43:23,557 [Datanode State Machine Thread - 0] INFO  statemachine.DatanodeStateMachine (DatanodeStateMachine.java:lambda$startDaemon$0(430)) - Ozone container server started.
2021-07-07 01:43:23,558 [EndpointStateMachine task thread for /127.0.0.1:15495 - 0 ] INFO  ipc.Client (Client.java:handleConnectionFailure(966)) - Retrying connect to server: localhost/127.0.0.1:15495. Already tried 3 time(s); retry policy is RetryUpToMaximumCountWithFixedSleep(maxRetries=15, sleepTime=1000 MILLISECONDS)
2021-07-07 01:43:23,558 [EndpointStateMachine task thread for /127.0.0.1:15505 - 0 ] INFO  ipc.Client (Client.java:handleConnectionFailure(966)) - Retrying connect to server: localhost/127.0.0.1:15505. Already tried 6 time(s); retry policy is RetryUpToMaximumCountWithFixedSleep(maxRetries=15, sleepTime=1000 MILLISECONDS)
2021-07-07 01:43:23,738 [EndpointStateMachine task thread for /127.0.0.1:15485 - 0 ] INFO  ipc.Client (Client.java:handleConnectionFailure(966)) - Retrying connect to server: localhost/127.0.0.1:15485. Already tried 6 time(s); retry policy is RetryUpToMaximumCountWithFixedSleep(maxRetries=15, sleepTime=1000 MILLISECONDS)
2021-07-07 01:43:23,896 [EndpointStateMachine task thread for /127.0.0.1:13961 - 0 ] INFO  ipc.Client (Client.java:handleConnectionFailure(966)) - Retrying connect to server: localhost/127.0.0.1:13961. Already tried 2 time(s); retry policy is RetryUpToMaximumCountWithFixedSleep(maxRetries=15, sleepTime=1000 MILLISECONDS)
2021-07-07 01:43:23,896 [EndpointStateMachine task thread for /127.0.0.1:13941 - 0 ] INFO  ipc.Client (Client.java:handleConnectionFailure(966)) - Retrying connect to server: localhost/127.0.0.1:13941. Already tried 4 time(s); retry policy is RetryUpToMaximumCountWithFixedSleep(maxRetries=15, sleepTime=1000 MILLISECONDS)
2021-07-07 01:43:23,896 [EndpointStateMachine task thread for /127.0.0.1:13951 - 0 ] INFO  ipc.Client (Client.java:handleConnectionFailure(966)) - Retrying connect to server: localhost/127.0.0.1:13951. Already tried 2 time(s); retry policy is RetryUpToMaximumCountWithFixedSleep(maxRetries=15, sleepTime=1000 MILLISECONDS)
2021-07-07 01:43:24,558 [EndpointStateMachine task thread for /127.0.0.1:15495 - 0 ] INFO  ipc.Client (Client.java:handleConnectionFailure(966)) - Retrying connect to server: localhost/127.0.0.1:15495. Already tried 4 time(s); retry policy is RetryUpToMaximumCountWithFixedSleep(maxRetries=15, sleepTime=1000 MILLISECONDS)
2021-07-07 01:43:24,559 [EndpointStateMachine task thread for /127.0.0.1:15505 - 0 ] INFO  ipc.Client (Client.java:handleConnectionFailure(966)) - Retrying connect to server: localhost/127.0.0.1:15505. Already tried 7 time(s); retry policy is RetryUpToMaximumCountWithFixedSleep(maxRetries=15, sleepTime=1000 MILLISECONDS)
2021-07-07 01:43:24,738 [EndpointStateMachine task thread for /127.0.0.1:15485 - 0 ] INFO  ipc.Client (Client.java:handleConnectionFailure(966)) - Retrying connect to server: localhost/127.0.0.1:15485. Already tried 7 time(s); retry policy is RetryUpToMaximumCountWithFixedSleep(maxRetries=15, sleepTime=1000 MILLISECONDS)
2021-07-07 01:43:24,896 [EndpointStateMachine task thread for /127.0.0.1:13961 - 0 ] INFO  ipc.Client (Client.java:handleConnectionFailure(966)) - Retrying connect to server: localhost/127.0.0.1:13961. Already tried 3 time(s); retry policy is RetryUpToMaximumCountWithFixedSleep(maxRetries=15, sleepTime=1000 MILLISECONDS)
2021-07-07 01:43:24,896 [EndpointStateMachine task thread for /127.0.0.1:13941 - 0 ] INFO  ipc.Client (Client.java:handleConnectionFailure(966)) - Retrying connect to server: localhost/127.0.0.1:13941. Already tried 5 time(s); retry policy is RetryUpToMaximumCountWithFixedSleep(maxRetries=15, sleepTime=1000 MILLISECONDS)
2021-07-07 01:43:24,897 [EndpointStateMachine task thread for /127.0.0.1:13951 - 0 ] INFO  ipc.Client (Client.java:handleConnectionFailure(966)) - Retrying connect to server: localhost/127.0.0.1:13951. Already tried 3 time(s); retry policy is RetryUpToMaximumCountWithFixedSleep(maxRetries=15, sleepTime=1000 MILLISECONDS)
2021-07-07 01:43:25,559 [EndpointStateMachine task thread for /127.0.0.1:15495 - 0 ] INFO  ipc.Client (Client.java:handleConnectionFailure(966)) - Retrying connect to server: localhost/127.0.0.1:15495. Already tried 5 time(s); retry policy is RetryUpToMaximumCountWithFixedSleep(maxRetries=15, sleepTime=1000 MILLISECONDS)
2021-07-07 01:43:25,559 [EndpointStateMachine task thread for /127.0.0.1:15505 - 0 ] INFO  ipc.Client (Client.java:handleConnectionFailure(966)) - Retrying connect to server: localhost/127.0.0.1:15505. Already tried 8 time(s); retry policy is RetryUpToMaximumCountWithFixedSleep(maxRetries=15, sleepTime=1000 MILLISECONDS)
2021-07-07 01:43:25,639 [grpc-default-executor-3] WARN  server.GrpcLogAppender (LogUtils.java:warn(122)) - b0fd8d55-63ee-4977-a2a0-8385583ac0e3@group-8237731C7163->0f49443e-0a6a-496b-95aa-140a56b5e2f8-AppendLogResponseHandler: Failed appendEntries: org.apache.ratis.thirdparty.io.grpc.StatusRuntimeException: UNAVAILABLE: io exception
2021-07-07 01:43:25,639 [grpc-default-executor-3] WARN  server.GrpcLogAppender (GrpcLogAppender.java:resetClient(111)) - b0fd8d55-63ee-4977-a2a0-8385583ac0e3@group-8237731C7163->0f49443e-0a6a-496b-95aa-140a56b5e2f8-GrpcLogAppender: Leader has not got in touch with Follower b0fd8d55-63ee-4977-a2a0-8385583ac0e3@group-8237731C7163->0f49443e-0a6a-496b-95aa-140a56b5e2f8(c0,m0,n1, attendVote=true, lastRpcSendTime=1, lastRpcResponseTime=2502) yet, just keep nextIndex unchanged and retry.
2021-07-07 01:43:25,643 [grpc-default-executor-0] WARN  server.GrpcLogAppender (LogUtils.java:warn(122)) - b0fd8d55-63ee-4977-a2a0-8385583ac0e3@group-8237731C7163->10d76295-ae05-4b7a-8932-536e603c59a2-AppendLogResponseHandler: Failed appendEntries: org.apache.ratis.thirdparty.io.grpc.StatusRuntimeException: UNAVAILABLE: io exception
2021-07-07 01:43:25,644 [grpc-default-executor-0] WARN  server.GrpcLogAppender (GrpcLogAppender.java:resetClient(111)) - b0fd8d55-63ee-4977-a2a0-8385583ac0e3@group-8237731C7163->10d76295-ae05-4b7a-8932-536e603c59a2-GrpcLogAppender: Leader has not got in touch with Follower b0fd8d55-63ee-4977-a2a0-8385583ac0e3@group-8237731C7163->10d76295-ae05-4b7a-8932-536e603c59a2(c0,m0,n1, attendVote=true, lastRpcSendTime=0, lastRpcResponseTime=5002) yet, just keep nextIndex unchanged and retry.
2021-07-07 01:43:25,739 [EndpointStateMachine task thread for /127.0.0.1:15485 - 0 ] INFO  ipc.Client (Client.java:handleConnectionFailure(966)) - Retrying connect to server: localhost/127.0.0.1:15485. Already tried 8 time(s); retry policy is RetryUpToMaximumCountWithFixedSleep(maxRetries=15, sleepTime=1000 MILLISECONDS)
2021-07-07 01:43:25,897 [EndpointStateMachine task thread for /127.0.0.1:13961 - 0 ] INFO  ipc.Client (Client.java:handleConnectionFailure(966)) - Retrying connect to server: localhost/127.0.0.1:13961. Already tried 4 time(s); retry policy is RetryUpToMaximumCountWithFixedSleep(maxRetries=15, sleepTime=1000 MILLISECONDS)
2021-07-07 01:43:25,897 [EndpointStateMachine task thread for /127.0.0.1:13941 - 0 ] INFO  ipc.Client (Client.java:handleConnectionFailure(966)) - Retrying connect to server: localhost/127.0.0.1:13941. Already tried 6 time(s); retry policy is RetryUpToMaximumCountWithFixedSleep(maxRetries=15, sleepTime=1000 MILLISECONDS)
2021-07-07 01:43:25,897 [EndpointStateMachine task thread for /127.0.0.1:13951 - 0 ] INFO  ipc.Client (Client.java:handleConnectionFailure(966)) - Retrying connect to server: localhost/127.0.0.1:13951. Already tried 4 time(s); retry policy is RetryUpToMaximumCountWithFixedSleep(maxRetries=15, sleepTime=1000 MILLISECONDS)
2021-07-07 01:43:26,664 [EndpointStateMachine task thread for /127.0.0.1:15505 - 0 ] INFO  ipc.Client (Client.java:handleConnectionFailure(966)) - Retrying connect to server: localhost/127.0.0.1:15505. Already tried 9 time(s); retry policy is RetryUpToMaximumCountWithFixedSleep(maxRetries=15, sleepTime=1000 MILLISECONDS)
2021-07-07 01:43:26,665 [EndpointStateMachine task thread for /127.0.0.1:15495 - 0 ] INFO  ipc.Client (Client.java:handleConnectionFailure(966)) - Retrying connect to server: localhost/127.0.0.1:15495. Already tried 6 time(s); retry policy is RetryUpToMaximumCountWithFixedSleep(maxRetries=15, sleepTime=1000 MILLISECONDS)
2021-07-07 01:43:26,739 [EndpointStateMachine task thread for /127.0.0.1:15485 - 0 ] INFO  ipc.Client (Client.java:handleConnectionFailure(966)) - Retrying connect to server: localhost/127.0.0.1:15485. Already tried 9 time(s); retry policy is RetryUpToMaximumCountWithFixedSleep(maxRetries=15, sleepTime=1000 MILLISECONDS)
2021-07-07 01:43:26,897 [EndpointStateMachine task thread for /127.0.0.1:13961 - 0 ] INFO  ipc.Client (Client.java:handleConnectionFailure(966)) - Retrying connect to server: localhost/127.0.0.1:13961. Already tried 5 time(s); retry policy is RetryUpToMaximumCountWithFixedSleep(maxRetries=15, sleepTime=1000 MILLISECONDS)
2021-07-07 01:43:26,897 [EndpointStateMachine task thread for /127.0.0.1:13941 - 0 ] INFO  ipc.Client (Client.java:handleConnectionFailure(966)) - Retrying connect to server: localhost/127.0.0.1:13941. Already tried 7 time(s); retry policy is RetryUpToMaximumCountWithFixedSleep(maxRetries=15, sleepTime=1000 MILLISECONDS)
2021-07-07 01:43:26,898 [EndpointStateMachine task thread for /127.0.0.1:13951 - 0 ] INFO  ipc.Client (Client.java:handleConnectionFailure(966)) - Retrying connect to server: localhost/127.0.0.1:13951. Already tried 5 time(s); retry policy is RetryUpToMaximumCountWithFixedSleep(maxRetries=15, sleepTime=1000 MILLISECONDS)
2021-07-07 01:43:27,665 [EndpointStateMachine task thread for /127.0.0.1:15505 - 0 ] INFO  ipc.Client (Client.java:handleConnectionFailure(966)) - Retrying connect to server: localhost/127.0.0.1:15505. Already tried 10 time(s); retry policy is RetryUpToMaximumCountWithFixedSleep(maxRetries=15, sleepTime=1000 MILLISECONDS)
2021-07-07 01:43:27,665 [EndpointStateMachine task thread for /127.0.0.1:15495 - 0 ] INFO  ipc.Client (Client.java:handleConnectionFailure(966)) - Retrying connect to server: localhost/127.0.0.1:15495. Already tried 7 time(s); retry policy is RetryUpToMaximumCountWithFixedSleep(maxRetries=15, sleepTime=1000 MILLISECONDS)
2021-07-07 01:43:27,740 [EndpointStateMachine task thread for /127.0.0.1:15485 - 0 ] INFO  ipc.Client (Client.java:handleConnectionFailure(966)) - Retrying connect to server: localhost/127.0.0.1:15485. Already tried 10 time(s); retry policy is RetryUpToMaximumCountWithFixedSleep(maxRetries=15, sleepTime=1000 MILLISECONDS)
2021-07-07 01:43:27,898 [EndpointStateMachine task thread for /127.0.0.1:13961 - 0 ] INFO  ipc.Client (Client.java:handleConnectionFailure(966)) - Retrying connect to server: localhost/127.0.0.1:13961. Already tried 6 time(s); retry policy is RetryUpToMaximumCountWithFixedSleep(maxRetries=15, sleepTime=1000 MILLISECONDS)
2021-07-07 01:43:27,898 [EndpointStateMachine task thread for /127.0.0.1:13951 - 0 ] INFO  ipc.Client (Client.java:handleConnectionFailure(966)) - Retrying connect to server: localhost/127.0.0.1:13951. Already tried 6 time(s); retry policy is RetryUpToMaximumCountWithFixedSleep(maxRetries=15, sleepTime=1000 MILLISECONDS)
2021-07-07 01:43:27,898 [EndpointStateMachine task thread for /127.0.0.1:13941 - 0 ] INFO  ipc.Client (Client.java:handleConnectionFailure(966)) - Retrying connect to server: localhost/127.0.0.1:13941. Already tried 8 time(s); retry policy is RetryUpToMaximumCountWithFixedSleep(maxRetries=15, sleepTime=1000 MILLISECONDS)
2021-07-07 01:43:28,138 [grpc-default-executor-0] WARN  server.GrpcLogAppender (LogUtils.java:warn(122)) - b0fd8d55-63ee-4977-a2a0-8385583ac0e3@group-8237731C7163->0f49443e-0a6a-496b-95aa-140a56b5e2f8-AppendLogResponseHandler: Failed appendEntries: org.apache.ratis.thirdparty.io.grpc.StatusRuntimeException: UNAVAILABLE: io exception
2021-07-07 01:43:28,139 [grpc-default-executor-0] WARN  server.GrpcLogAppender (GrpcLogAppender.java:resetClient(111)) - b0fd8d55-63ee-4977-a2a0-8385583ac0e3@group-8237731C7163->0f49443e-0a6a-496b-95aa-140a56b5e2f8-GrpcLogAppender: Leader has not got in touch with Follower b0fd8d55-63ee-4977-a2a0-8385583ac0e3@group-8237731C7163->0f49443e-0a6a-496b-95aa-140a56b5e2f8(c0,m0,n1, attendVote=true, lastRpcSendTime=0, lastRpcResponseTime=5002) yet, just keep nextIndex unchanged and retry.
2021-07-07 01:43:28,143 [grpc-default-executor-0] WARN  server.GrpcLogAppender (LogUtils.java:warn(122)) - b0fd8d55-63ee-4977-a2a0-8385583ac0e3@group-8237731C7163->10d76295-ae05-4b7a-8932-536e603c59a2-AppendLogResponseHandler: Failed appendEntries: org.apache.ratis.thirdparty.io.grpc.StatusRuntimeException: UNAVAILABLE: io exception
2021-07-07 01:43:28,144 [grpc-default-executor-0] WARN  server.GrpcLogAppender (GrpcLogAppender.java:resetClient(111)) - b0fd8d55-63ee-4977-a2a0-8385583ac0e3@group-8237731C7163->10d76295-ae05-4b7a-8932-536e603c59a2-GrpcLogAppender: Leader has not got in touch with Follower b0fd8d55-63ee-4977-a2a0-8385583ac0e3@group-8237731C7163->10d76295-ae05-4b7a-8932-536e603c59a2(c0,m0,n1, attendVote=true, lastRpcSendTime=0, lastRpcResponseTime=7502) yet, just keep nextIndex unchanged and retry.
2021-07-07 01:43:28,186 [Listener at 127.0.0.1/10628] INFO  ozoneimpl.OzoneContainer (OzoneContainer.java:stop(326)) - Attempting to stop container services.
2021-07-07 01:43:28,187 [Listener at 127.0.0.1/10628] INFO  server.RaftServer (RaftServerProxy.java:lambda$close$6(391)) - b0fd8d55-63ee-4977-a2a0-8385583ac0e3: close
2021-07-07 01:43:28,196 [Listener at 127.0.0.1/10628] INFO  server.RaftServer$Division (RaftServerImpl.java:lambda$close$4(406)) - b0fd8d55-63ee-4977-a2a0-8385583ac0e3@group-BF80BBC9517C: shutdown
2021-07-07 01:43:28,196 [ForkJoinPool.commonPool-worker-0] INFO  server.RaftServer$Division (RaftServerImpl.java:lambda$close$4(406)) - b0fd8d55-63ee-4977-a2a0-8385583ac0e3@group-E02319837C86: shutdown
2021-07-07 01:43:28,196 [ForkJoinPool.commonPool-worker-0] INFO  util.JmxRegister (JmxRegister.java:unregister(73)) - Successfully un-registered JMX Bean with object name Ratis:service=RaftServer,group=group-E02319837C86,id=b0fd8d55-63ee-4977-a2a0-8385583ac0e3
2021-07-07 01:43:28,196 [ForkJoinPool.commonPool-worker-0] INFO  impl.RoleInfo (RoleInfo.java:shutdownLeaderState(91)) - b0fd8d55-63ee-4977-a2a0-8385583ac0e3: shutdown b0fd8d55-63ee-4977-a2a0-8385583ac0e3@group-E02319837C86-LeaderStateImpl
2021-07-07 01:43:28,196 [ForkJoinPool.commonPool-worker-0] INFO  impl.PendingRequests (PendingRequests.java:sendNotLeaderResponses(249)) - b0fd8d55-63ee-4977-a2a0-8385583ac0e3@group-E02319837C86-PendingRequests: sendNotLeaderResponses
2021-07-07 01:43:28,196 [ForkJoinPool.commonPool-worker-0] INFO  metrics.RatisMetrics (RatisMetrics.java:unregister(43)) - Unregistering Metrics Registry : ratis.log_appender.b0fd8d55-63ee-4977-a2a0-8385583ac0e3@group-E02319837C86
2021-07-07 01:43:28,196 [ForkJoinPool.commonPool-worker-0] INFO  metrics.RatisMetrics (RatisMetrics.java:unregister(43)) - Unregistering Metrics Registry : ratis.server.b0fd8d55-63ee-4977-a2a0-8385583ac0e3@group-E02319837C86
2021-07-07 01:43:28,197 [ForkJoinPool.commonPool-worker-0] INFO  impl.StateMachineUpdater (StateMachineUpdater.java:stopAndJoin(149)) - b0fd8d55-63ee-4977-a2a0-8385583ac0e3@group-E02319837C86-StateMachineUpdater: set stopIndex = 0
2021-07-07 01:43:28,204 [b0fd8d55-63ee-4977-a2a0-8385583ac0e3@group-E02319837C86-StateMachineUpdater] INFO  ratis.ContainerStateMachine (ContainerStateMachine.java:takeSnapshot(291)) - group-E02319837C86: Taking a snapshot at:(t:1, i:0) file /home/runner/work/ozone/ozone/mnt/ozone/hadoop-ozone/integration-test/target/test-dir/MiniOzoneClusterImpl-1d7024f8-a0c4-4e84-a8d8-f49eec7f6d62/datanode-2/data/ratis/1bd6e5d5-7a53-4d89-95b6-e02319837c86/sm/snapshot.1_0
2021-07-07 01:43:28,196 [Listener at 127.0.0.1/10628] INFO  util.JmxRegister (JmxRegister.java:unregister(73)) - Successfully un-registered JMX Bean with object name Ratis:service=RaftServer,group=group-BF80BBC9517C,id=b0fd8d55-63ee-4977-a2a0-8385583ac0e3
2021-07-07 01:43:28,204 [Listener at 127.0.0.1/10628] INFO  impl.RoleInfo (RoleInfo.java:shutdownFollowerState(108)) - b0fd8d55-63ee-4977-a2a0-8385583ac0e3: shutdown b0fd8d55-63ee-4977-a2a0-8385583ac0e3@group-BF80BBC9517C-FollowerState
2021-07-07 01:43:28,204 [Listener at 127.0.0.1/10628] INFO  impl.StateMachineUpdater (StateMachineUpdater.java:stopAndJoin(149)) - b0fd8d55-63ee-4977-a2a0-8385583ac0e3@group-BF80BBC9517C-StateMachineUpdater: set stopIndex = 0
2021-07-07 01:43:28,204 [b0fd8d55-63ee-4977-a2a0-8385583ac0e3@group-BF80BBC9517C-FollowerState] INFO  impl.FollowerState (FollowerState.java:run(143)) - b0fd8d55-63ee-4977-a2a0-8385583ac0e3@group-BF80BBC9517C-FollowerState was interrupted: {}
java.lang.InterruptedException: sleep interrupted
	at java.lang.Thread.sleep(Native Method)
	at java.lang.Thread.sleep(Thread.java:340)
	at java.util.concurrent.TimeUnit.sleep(TimeUnit.java:386)
	at org.apache.ratis.util.TimeDuration.sleep(TimeDuration.java:324)
	at org.apache.ratis.util.TimeDuration.sleep(TimeDuration.java:309)
	at org.apache.ratis.server.impl.FollowerState.run(FollowerState.java:118)
2021-07-07 01:43:28,205 [b0fd8d55-63ee-4977-a2a0-8385583ac0e3@group-E02319837C86-StateMachineUpdater] INFO  ratis.ContainerStateMachine (ContainerStateMachine.java:takeSnapshot(302)) - group-E02319837C86: Finished taking a snapshot at:(t:1, i:0) file:/home/runner/work/ozone/ozone/mnt/ozone/hadoop-ozone/integration-test/target/test-dir/MiniOzoneClusterImpl-1d7024f8-a0c4-4e84-a8d8-f49eec7f6d62/datanode-2/data/ratis/1bd6e5d5-7a53-4d89-95b6-e02319837c86/sm/snapshot.1_0 took: 1 ms
2021-07-07 01:43:28,205 [b0fd8d55-63ee-4977-a2a0-8385583ac0e3@group-BF80BBC9517C-StateMachineUpdater] INFO  ratis.ContainerStateMachine (ContainerStateMachine.java:takeSnapshot(291)) - group-BF80BBC9517C: Taking a snapshot at:(t:1, i:0) file /home/runner/work/ozone/ozone/mnt/ozone/hadoop-ozone/integration-test/target/test-dir/MiniOzoneClusterImpl-1d7024f8-a0c4-4e84-a8d8-f49eec7f6d62/datanode-2/data/ratis/e977e7d9-7c38-4228-b53c-bf80bbc9517c/sm/snapshot.1_0
2021-07-07 01:43:28,205 [b0fd8d55-63ee-4977-a2a0-8385583ac0e3@group-E02319837C86-StateMachineUpdater] INFO  impl.StateMachineUpdater (StateMachineUpdater.java:takeSnapshot(281)) - b0fd8d55-63ee-4977-a2a0-8385583ac0e3@group-E02319837C86-StateMachineUpdater: Took a snapshot at index 0
2021-07-07 01:43:28,205 [b0fd8d55-63ee-4977-a2a0-8385583ac0e3@group-E02319837C86-StateMachineUpdater] INFO  impl.StateMachineUpdater (StateMachineUpdater.java:lambda$new$0(89)) - b0fd8d55-63ee-4977-a2a0-8385583ac0e3@group-E02319837C86-StateMachineUpdater: snapshotIndex: updateIncreasingly -1 -> 0
2021-07-07 01:43:28,205 [b0fd8d55-63ee-4977-a2a0-8385583ac0e3@group-E02319837C86-StateMachineUpdater] INFO  metrics.RatisMetrics (RatisMetrics.java:unregister(43)) - Unregistering Metrics Registry : ratis.state_machine.b0fd8d55-63ee-4977-a2a0-8385583ac0e3@group-E02319837C86
2021-07-07 01:43:28,205 [ForkJoinPool.commonPool-worker-0] INFO  server.RaftServer$Division (ServerState.java:close(405)) - b0fd8d55-63ee-4977-a2a0-8385583ac0e3@group-E02319837C86: closes. applyIndex: 0
2021-07-07 01:43:28,206 [b0fd8d55-63ee-4977-a2a0-8385583ac0e3@group-E02319837C86-SegmentedRaftLogWorker] INFO  segmented.SegmentedRaftLogWorker (SegmentedRaftLogWorker.java:run(327)) - b0fd8d55-63ee-4977-a2a0-8385583ac0e3@group-E02319837C86-SegmentedRaftLogWorker was interrupted, exiting. There are 0 tasks remaining in the queue.
2021-07-07 01:43:28,206 [ForkJoinPool.commonPool-worker-0] INFO  segmented.SegmentedRaftLogWorker (SegmentedRaftLogWorker.java:close(237)) - b0fd8d55-63ee-4977-a2a0-8385583ac0e3@group-E02319837C86-SegmentedRaftLogWorker close()
2021-07-07 01:43:28,206 [ForkJoinPool.commonPool-worker-0] INFO  metrics.RatisMetrics (RatisMetrics.java:unregister(43)) - Unregistering Metrics Registry : ratis.log_worker.b0fd8d55-63ee-4977-a2a0-8385583ac0e3@group-E02319837C86
2021-07-07 01:43:28,206 [ForkJoinPool.commonPool-worker-0] INFO  metrics.RatisMetrics (RatisMetrics.java:unregister(43)) - Unregistering Metrics Registry : ratis.leader_election.b0fd8d55-63ee-4977-a2a0-8385583ac0e3@group-E02319837C86
2021-07-07 01:43:28,206 [ForkJoinPool.commonPool-worker-0] INFO  metrics.RatisMetrics (RatisMetrics.java:unregister(43)) - Unregistering Metrics Registry : ratis.server.b0fd8d55-63ee-4977-a2a0-8385583ac0e3@group-E02319837C86
2021-07-07 01:43:28,206 [ForkJoinPool.commonPool-worker-0] INFO  server.RaftServer$Division (RaftServerImpl.java:lambda$close$4(406)) - b0fd8d55-63ee-4977-a2a0-8385583ac0e3@group-8237731C7163: shutdown
2021-07-07 01:43:28,206 [ForkJoinPool.commonPool-worker-0] INFO  util.JmxRegister (JmxRegister.java:unregister(73)) - Successfully un-registered JMX Bean with object name Ratis:service=RaftServer,group=group-8237731C7163,id=b0fd8d55-63ee-4977-a2a0-8385583ac0e3
2021-07-07 01:43:28,206 [ForkJoinPool.commonPool-worker-0] INFO  impl.RoleInfo (RoleInfo.java:shutdownLeaderState(91)) - b0fd8d55-63ee-4977-a2a0-8385583ac0e3: shutdown b0fd8d55-63ee-4977-a2a0-8385583ac0e3@group-8237731C7163-LeaderStateImpl
2021-07-07 01:43:28,206 [ForkJoinPool.commonPool-worker-0] INFO  metrics.RatisMetrics (RatisMetrics.java:unregister(43)) - Unregistering Metrics Registry : ratis_grpc.log_appender.b0fd8d55-63ee-4977-a2a0-8385583ac0e3@group-8237731C7163
2021-07-07 01:43:28,206 [ForkJoinPool.commonPool-worker-0] INFO  metrics.RatisMetrics (RatisMetrics.java:unregister(43)) - Unregistering Metrics Registry : ratis_grpc.log_appender.b0fd8d55-63ee-4977-a2a0-8385583ac0e3@group-8237731C7163
2021-07-07 01:43:28,206 [ForkJoinPool.commonPool-worker-0] INFO  impl.PendingRequests (PendingRequests.java:sendNotLeaderResponses(249)) - b0fd8d55-63ee-4977-a2a0-8385583ac0e3@group-8237731C7163-PendingRequests: sendNotLeaderResponses
2021-07-07 01:43:28,206 [ForkJoinPool.commonPool-worker-0] INFO  metrics.RatisMetrics (RatisMetrics.java:unregister(43)) - Unregistering Metrics Registry : ratis.log_appender.b0fd8d55-63ee-4977-a2a0-8385583ac0e3@group-8237731C7163
2021-07-07 01:43:28,206 [ForkJoinPool.commonPool-worker-0] INFO  metrics.RatisMetrics (RatisMetrics.java:unregister(43)) - Unregistering Metrics Registry : ratis.server.b0fd8d55-63ee-4977-a2a0-8385583ac0e3@group-8237731C7163
2021-07-07 01:43:28,207 [ForkJoinPool.commonPool-worker-0] INFO  impl.StateMachineUpdater (StateMachineUpdater.java:stopAndJoin(149)) - b0fd8d55-63ee-4977-a2a0-8385583ac0e3@group-8237731C7163-StateMachineUpdater: set stopIndex = 0
2021-07-07 01:43:28,207 [b0fd8d55-63ee-4977-a2a0-8385583ac0e3@group-8237731C7163-StateMachineUpdater] INFO  ratis.ContainerStateMachine (ContainerStateMachine.java:takeSnapshot(291)) - group-8237731C7163: Taking a snapshot at:(t:2, i:0) file /home/runner/work/ozone/ozone/mnt/ozone/hadoop-ozone/integration-test/target/test-dir/MiniOzoneClusterImpl-1d7024f8-a0c4-4e84-a8d8-f49eec7f6d62/datanode-2/data/ratis/d872d6fc-bbb1-485a-9573-8237731c7163/sm/snapshot.2_0
2021-07-07 01:43:28,207 [b0fd8d55-63ee-4977-a2a0-8385583ac0e3@group-BF80BBC9517C-StateMachineUpdater] INFO  ratis.ContainerStateMachine (ContainerStateMachine.java:takeSnapshot(302)) - group-BF80BBC9517C: Finished taking a snapshot at:(t:1, i:0) file:/home/runner/work/ozone/ozone/mnt/ozone/hadoop-ozone/integration-test/target/test-dir/MiniOzoneClusterImpl-1d7024f8-a0c4-4e84-a8d8-f49eec7f6d62/datanode-2/data/ratis/e977e7d9-7c38-4228-b53c-bf80bbc9517c/sm/snapshot.1_0 took: 2 ms
2021-07-07 01:43:28,207 [b0fd8d55-63ee-4977-a2a0-8385583ac0e3@group-BF80BBC9517C-StateMachineUpdater] INFO  impl.StateMachineUpdater (StateMachineUpdater.java:takeSnapshot(281)) - b0fd8d55-63ee-4977-a2a0-8385583ac0e3@group-BF80BBC9517C-StateMachineUpdater: Took a snapshot at index 0
2021-07-07 01:43:28,207 [b0fd8d55-63ee-4977-a2a0-8385583ac0e3@group-BF80BBC9517C-StateMachineUpdater] INFO  impl.StateMachineUpdater (StateMachineUpdater.java:lambda$new$0(89)) - b0fd8d55-63ee-4977-a2a0-8385583ac0e3@group-BF80BBC9517C-StateMachineUpdater: snapshotIndex: updateIncreasingly -1 -> 0
2021-07-07 01:43:28,207 [b0fd8d55-63ee-4977-a2a0-8385583ac0e3@group-BF80BBC9517C-StateMachineUpdater] INFO  metrics.RatisMetrics (RatisMetrics.java:unregister(43)) - Unregistering Metrics Registry : ratis.state_machine.b0fd8d55-63ee-4977-a2a0-8385583ac0e3@group-BF80BBC9517C
2021-07-07 01:43:28,208 [Listener at 127.0.0.1/10628] INFO  server.RaftServer$Division (ServerState.java:close(405)) - b0fd8d55-63ee-4977-a2a0-8385583ac0e3@group-BF80BBC9517C: closes. applyIndex: 0
2021-07-07 01:43:28,208 [b0fd8d55-63ee-4977-a2a0-8385583ac0e3@group-8237731C7163-StateMachineUpdater] INFO  ratis.ContainerStateMachine (ContainerStateMachine.java:takeSnapshot(302)) - group-8237731C7163: Finished taking a snapshot at:(t:2, i:0) file:/home/runner/work/ozone/ozone/mnt/ozone/hadoop-ozone/integration-test/target/test-dir/MiniOzoneClusterImpl-1d7024f8-a0c4-4e84-a8d8-f49eec7f6d62/datanode-2/data/ratis/d872d6fc-bbb1-485a-9573-8237731c7163/sm/snapshot.2_0 took: 1 ms
2021-07-07 01:43:28,208 [b0fd8d55-63ee-4977-a2a0-8385583ac0e3@group-BF80BBC9517C-SegmentedRaftLogWorker] INFO  segmented.SegmentedRaftLogWorker (SegmentedRaftLogWorker.java:run(327)) - b0fd8d55-63ee-4977-a2a0-8385583ac0e3@group-BF80BBC9517C-SegmentedRaftLogWorker was interrupted, exiting. There are 0 tasks remaining in the queue.
2021-07-07 01:43:28,208 [b0fd8d55-63ee-4977-a2a0-8385583ac0e3@group-8237731C7163-StateMachineUpdater] INFO  impl.StateMachineUpdater (StateMachineUpdater.java:takeSnapshot(281)) - b0fd8d55-63ee-4977-a2a0-8385583ac0e3@group-8237731C7163-StateMachineUpdater: Took a snapshot at index 0
2021-07-07 01:43:28,208 [b0fd8d55-63ee-4977-a2a0-8385583ac0e3@group-8237731C7163-StateMachineUpdater] INFO  impl.StateMachineUpdater (StateMachineUpdater.java:lambda$new$0(89)) - b0fd8d55-63ee-4977-a2a0-8385583ac0e3@group-8237731C7163-StateMachineUpdater: snapshotIndex: updateIncreasingly -1 -> 0
2021-07-07 01:43:28,208 [Listener at 127.0.0.1/10628] INFO  segmented.SegmentedRaftLogWorker (SegmentedRaftLogWorker.java:close(237)) - b0fd8d55-63ee-4977-a2a0-8385583ac0e3@group-BF80BBC9517C-SegmentedRaftLogWorker close()
2021-07-07 01:43:28,208 [b0fd8d55-63ee-4977-a2a0-8385583ac0e3@group-8237731C7163-StateMachineUpdater] INFO  metrics.RatisMetrics (RatisMetrics.java:unregister(43)) - Unregistering Metrics Registry : ratis.state_machine.b0fd8d55-63ee-4977-a2a0-8385583ac0e3@group-8237731C7163
2021-07-07 01:43:28,208 [Listener at 127.0.0.1/10628] INFO  metrics.RatisMetrics (RatisMetrics.java:unregister(43)) - Unregistering Metrics Registry : ratis.log_worker.b0fd8d55-63ee-4977-a2a0-8385583ac0e3@group-BF80BBC9517C
2021-07-07 01:43:28,208 [ForkJoinPool.commonPool-worker-0] INFO  server.RaftServer$Division (ServerState.java:close(405)) - b0fd8d55-63ee-4977-a2a0-8385583ac0e3@group-8237731C7163: closes. applyIndex: 0
2021-07-07 01:43:28,208 [Listener at 127.0.0.1/10628] INFO  metrics.RatisMetrics (RatisMetrics.java:unregister(43)) - Unregistering Metrics Registry : ratis.leader_election.b0fd8d55-63ee-4977-a2a0-8385583ac0e3@group-BF80BBC9517C
2021-07-07 01:43:28,209 [b0fd8d55-63ee-4977-a2a0-8385583ac0e3@group-8237731C7163-SegmentedRaftLogWorker] INFO  segmented.SegmentedRaftLogWorker (SegmentedRaftLogWorker.java:run(327)) - b0fd8d55-63ee-4977-a2a0-8385583ac0e3@group-8237731C7163-SegmentedRaftLogWorker was interrupted, exiting. There are 0 tasks remaining in the queue.
2021-07-07 01:43:28,209 [Listener at 127.0.0.1/10628] INFO  metrics.RatisMetrics (RatisMetrics.java:unregister(43)) - Unregistering Metrics Registry : ratis.server.b0fd8d55-63ee-4977-a2a0-8385583ac0e3@group-BF80BBC9517C
2021-07-07 01:43:28,209 [ForkJoinPool.commonPool-worker-0] INFO  segmented.SegmentedRaftLogWorker (SegmentedRaftLogWorker.java:close(237)) - b0fd8d55-63ee-4977-a2a0-8385583ac0e3@group-8237731C7163-SegmentedRaftLogWorker close()
2021-07-07 01:43:28,209 [ForkJoinPool.commonPool-worker-0] INFO  metrics.RatisMetrics (RatisMetrics.java:unregister(43)) - Unregistering Metrics Registry : ratis.log_worker.b0fd8d55-63ee-4977-a2a0-8385583ac0e3@group-8237731C7163
2021-07-07 01:43:28,209 [ForkJoinPool.commonPool-worker-0] INFO  metrics.RatisMetrics (RatisMetrics.java:unregister(43)) - Unregistering Metrics Registry : ratis.leader_election.b0fd8d55-63ee-4977-a2a0-8385583ac0e3@group-8237731C7163
2021-07-07 01:43:28,209 [ForkJoinPool.commonPool-worker-0] INFO  metrics.RatisMetrics (RatisMetrics.java:unregister(43)) - Unregistering Metrics Registry : ratis.server.b0fd8d55-63ee-4977-a2a0-8385583ac0e3@group-8237731C7163
2021-07-07 01:43:28,210 [Listener at 127.0.0.1/10628] INFO  server.GrpcService (GrpcService.java:closeImpl(262)) - b0fd8d55-63ee-4977-a2a0-8385583ac0e3: shutdown server with port 34435 now
2021-07-07 01:43:28,211 [Listener at 127.0.0.1/10628] INFO  server.GrpcService (GrpcService.java:closeImpl(271)) - b0fd8d55-63ee-4977-a2a0-8385583ac0e3: shutdown server with port 34435 successfully
2021-07-07 01:43:28,211 [org.apache.ratis.util.JvmPauseMonitor$$Lambda$493/611739613@3a020e10] INFO  util.JvmPauseMonitor (JvmPauseMonitor.java:run(109)) - JvmPauseMonitor-b0fd8d55-63ee-4977-a2a0-8385583ac0e3: Stopped
2021-07-07 01:43:28,212 [Listener at 127.0.0.1/10628] INFO  utils.BackgroundService (BackgroundService.java:shutdown(132)) - Shutting down service BlockDeletingService
2021-07-07 01:43:28,214 [Listener at 127.0.0.1/10628] INFO  statemachine.DatanodeStateMachine (DatanodeStateMachine.java:stopDaemon(488)) - Ozone container server stopped.
2021-07-07 01:43:28,214 [Listener at 127.0.0.1/10628] INFO  handler.ContextHandler (ContextHandler.java:doStop(1154)) - Stopped o.e.j.w.WebAppContext@384abf00{hddsDatanode,/,null,STOPPED}{jar:file:/home/runner/.m2/repository/org/apache/ozone/hdds-container-service/1.2.0-SNAPSHOT/hdds-container-service-1.2.0-SNAPSHOT.jar!/webapps/hddsDatanode}
2021-07-07 01:43:28,215 [Listener at 127.0.0.1/10628] INFO  server.AbstractConnector (AbstractConnector.java:doStop(381)) - Stopped ServerConnector@3a7243e1{HTTP/1.1, (http/1.1)}{0.0.0.0:0}
2021-07-07 01:43:28,216 [Listener at 127.0.0.1/10628] INFO  server.session (HouseKeeper.java:stopScavenging(149)) - node0 Stopped scavenging
2021-07-07 01:43:28,217 [Listener at 127.0.0.1/10628] INFO  handler.ContextHandler (ContextHandler.java:doStop(1154)) - Stopped o.e.j.s.ServletContextHandler@10aa4210{static,/static,jar:file:/home/runner/.m2/repository/org/apache/ozone/hdds-container-service/1.2.0-SNAPSHOT/hdds-container-service-1.2.0-SNAPSHOT.jar!/webapps/static,STOPPED}
2021-07-07 01:43:28,217 [Listener at 127.0.0.1/10628] INFO  handler.ContextHandler (ContextHandler.java:doStop(1154)) - Stopped o.e.j.s.ServletContextHandler@53c7c937{logs,/logs,file:///home/runner/work/ozone/ozone/mnt/ozone/hadoop-ozone/integration-test/target/log,STOPPED}
]]></system-out>
  </testcase>
  <testcase name="testInstallCorruptedCheckpointFailure" classname="org.apache.hadoop.ozone.scm.TestSCMInstallSnapshotWithHA" time="52.334"/>
</testsuite>