<?xml version="1.0" encoding="UTF-8"?>
<testsuite xmlns:xsi="http://www.w3.org/2001/XMLSchema-instance" xsi:noNamespaceSchemaLocation="https://maven.apache.org/surefire/maven-surefire-plugin/xsd/surefire-test-report.xsd" version="3.0.2" name="org.apache.hadoop.ozone.s3.awssdk.v1.TestS3SDKV1WithRatisStreaming" time="34.915" tests="26" errors="23" skipped="0" failures="3">
  <properties>
    <property name="java.specification.version" value="21"/>
    <property name="sun.jnu.encoding" value="UTF-8"/>
    <property name="java.class.path" value="/home/runner/work/ozone/ozone/hadoop-ozone/integration-test-s3/target/test-classes:/home/runner/work/ozone/ozone/hadoop-ozone/integration-test-s3/target/classes:/home/runner/.m2/repository/com/amazonaws/aws-java-sdk-core/1.12.661/aws-java-sdk-core-1.12.661.jar:/home/runner/.m2/repository/commons-codec/commons-codec/1.17.1/commons-codec-1.17.1.jar:/home/runner/.m2/repository/org/apache/httpcomponents/httpclient/4.5.14/httpclient-4.5.14.jar:/home/runner/.m2/repository/com/fasterxml/jackson/core/jackson-databind/2.16.2/jackson-databind-2.16.2.jar:/home/runner/.m2/repository/com/fasterxml/jackson/dataformat/jackson-dataformat-cbor/2.16.2/jackson-dataformat-cbor-2.16.2.jar:/home/runner/.m2/repository/joda-time/joda-time/2.12.7/joda-time-2.12.7.jar:/home/runner/.m2/repository/com/amazonaws/aws-java-sdk-s3/1.12.661/aws-java-sdk-s3-1.12.661.jar:/home/runner/.m2/repository/com/amazonaws/aws-java-sdk-kms/1.12.661/aws-java-sdk-kms-1.12.661.jar:/home/runner/.m2/repository/com/amazonaws/jmespath-java/1.12.661/jmespath-java-1.12.661.jar:/home/runner/.m2/repository/jakarta/xml/bind/jakarta.xml.bind-api/2.3.3/jakarta.xml.bind-api-2.3.3.jar:/home/runner/.m2/repository/jakarta/activation/jakarta.activation-api/1.2.2/jakarta.activation-api-1.2.2.jar:/home/runner/.m2/repository/org/apache/commons/commons-lang3/3.17.0/commons-lang3-3.17.0.jar:/home/runner/work/ozone/ozone/hadoop-hdds/common/target/hdds-common-2.1.0-SNAPSHOT.jar:/home/runner/.m2/repository/com/fasterxml/jackson/core/jackson-annotations/2.16.2/jackson-annotations-2.16.2.jar:/home/runner/.m2/repository/com/fasterxml/jackson/core/jackson-core/2.16.2/jackson-core-2.16.2.jar:/home/runner/.m2/repository/com/fasterxml/jackson/datatype/jackson-datatype-jsr310/2.16.2/jackson-datatype-jsr310-2.16.2.jar:/home/runner/.m2/repository/com/github/stephenc/jcip/jcip-annotations/1.0-1/jcip-annotations-1.0-1.jar:/home/runner/.m2/repository/com/google/guava/guava/32.1.3-jre/guava-32.1.3-jre.jar:/home/runner/.m2/repository/com/google/guava/failureaccess/1.0.1/failureaccess-1.0.1.jar:/home/runner/.m2/repository/com/google/guava/listenablefuture/9999.0-empty-to-avoid-conflict-with-guava/listenablefuture-9999.0-empty-to-avoid-conflict-with-guava.jar:/home/runner/.m2/repository/org/checkerframework/checker-qual/3.37.0/checker-qual-3.37.0.jar:/home/runner/.m2/repository/com/google/errorprone/error_prone_annotations/2.29.2/error_prone_annotations-2.29.2.jar:/home/runner/.m2/repository/com/google/j2objc/j2objc-annotations/2.8/j2objc-annotations-2.8.jar:/home/runner/.m2/repository/com/google/protobuf/protobuf-java/2.5.0/protobuf-java-2.5.0.jar:/home/runner/.m2/repository/commons-collections/commons-collections/3.2.2/commons-collections-3.2.2.jar:/home/runner/.m2/repository/commons-io/commons-io/2.18.0/commons-io-2.18.0.jar:/home/runner/.m2/repository/commons-validator/commons-validator/1.6/commons-validator-1.6.jar:/home/runner/.m2/repository/commons-beanutils/commons-beanutils/1.9.4/commons-beanutils-1.9.4.jar:/home/runner/.m2/repository/commons-digester/commons-digester/1.8.1/commons-digester-1.8.1.jar:/home/runner/.m2/repository/info/picocli/picocli/4.7.7/picocli-4.7.7.jar:/home/runner/.m2/repository/io/dropwizard/metrics/metrics-core/3.2.6/metrics-core-3.2.6.jar:/home/runner/.m2/repository/io/jaegertracing/jaeger-client/1.8.1/jaeger-client-1.8.1.jar:/home/runner/.m2/repository/io/jaegertracing/jaeger-thrift/1.8.1/jaeger-thrift-1.8.1.jar:/home/runner/.m2/repository/org/apache/thrift/libthrift/0.15.0/libthrift-0.15.0.jar:/home/runner/.m2/repository/com/squareup/okhttp3/okhttp/4.12.0/okhttp-4.12.0.jar:/home/runner/.m2/repository/com/squareup/okio/okio/3.6.0/okio-3.6.0.jar:/home/runner/.m2/repository/com/squareup/okio/okio-jvm/3.6.0/okio-jvm-3.6.0.jar:/home/runner/.m2/repository/org/jetbrains/kotlin/kotlin-stdlib-common/1.9.25/kotlin-stdlib-common-1.9.25.jar:/home/runner/.m2/repository/org/jetbrains/kotlin/kotlin-stdlib-jdk8/1.9.25/kotlin-stdlib-jdk8-1.9.25.jar:/home/runner/.m2/repository/org/jetbrains/kotlin/kotlin-stdlib-jdk7/1.9.25/kotlin-stdlib-jdk7-1.9.25.jar:/home/runner/.m2/repository/io/jaegertracing/jaeger-tracerresolver/1.8.1/jaeger-tracerresolver-1.8.1.jar:/home/runner/.m2/repository/io/opentracing/contrib/opentracing-tracerresolver/0.1.8/opentracing-tracerresolver-0.1.8.jar:/home/runner/.m2/repository/io/jaegertracing/jaeger-core/1.8.1/jaeger-core-1.8.1.jar:/home/runner/.m2/repository/io/opentracing/opentracing-api/0.33.0/opentracing-api-0.33.0.jar:/home/runner/.m2/repository/io/opentracing/opentracing-util/0.33.0/opentracing-util-0.33.0.jar:/home/runner/.m2/repository/jakarta/annotation/jakarta.annotation-api/2.1.1/jakarta.annotation-api-2.1.1.jar:/home/runner/.m2/repository/javax/annotation/javax.annotation-api/1.3.2/javax.annotation-api-1.3.2.jar:/home/runner/.m2/repository/org/apache/hadoop/hadoop-common/3.4.1/hadoop-common-3.4.1.jar:/home/runner/.m2/repository/org/apache/hadoop/thirdparty/hadoop-shaded-protobuf_3_25/1.4.0/hadoop-shaded-protobuf_3_25-1.4.0.jar:/home/runner/.m2/repository/org/apache/hadoop/hadoop-annotations/3.4.1/hadoop-annotations-3.4.1.jar:/home/runner/.m2/repository/org/apache/hadoop/thirdparty/hadoop-shaded-guava/1.3.0/hadoop-shaded-guava-1.3.0.jar:/home/runner/.m2/repository/org/codehaus/jettison/jettison/1.5.4/jettison-1.5.4.jar:/home/runner/.m2/repository/org/apache/commons/commons-text/1.12.0/commons-text-1.12.0.jar:/home/runner/.m2/repository/com/google/re2j/re2j/1.7/re2j-1.7.jar:/home/runner/.m2/repository/io/netty/netty-handler/4.1.109.Final/netty-handler-4.1.109.Final.jar:/home/runner/.m2/repository/io/netty/netty-transport-native-unix-common/4.1.109.Final/netty-transport-native-unix-common-4.1.109.Final.jar:/home/runner/.m2/repository/io/netty/netty-transport-native-epoll/4.1.109.Final/netty-transport-native-epoll-4.1.109.Final.jar:/home/runner/.m2/repository/org/codehaus/woodstox/stax2-api/4.2.1/stax2-api-4.2.1.jar:/home/runner/.m2/repository/com/fasterxml/woodstox/woodstox-core/5.4.0/woodstox-core-5.4.0.jar:/home/runner/work/ozone/ozone/hadoop-hdds/annotations/target/hdds-annotation-processing-2.1.0-SNAPSHOT.jar:/home/runner/work/ozone/ozone/hadoop-hdds/interface-admin/target/hdds-interface-admin-2.1.0-SNAPSHOT.jar:/home/runner/work/ozone/ozone/hadoop-hdds/interface-client/target/hdds-interface-client-2.1.0-SNAPSHOT.jar:/home/runner/.m2/repository/org/apache/ratis/ratis-client/3.1.2/ratis-client-3.1.2.jar:/home/runner/.m2/repository/org/apache/ratis/ratis-grpc/3.1.2/ratis-grpc-3.1.2.jar:/home/runner/.m2/repository/org/apache/ratis/ratis-metrics-dropwizard3/3.1.2/ratis-metrics-dropwizard3-3.1.2.jar:/home/runner/.m2/repository/org/apache/ratis/ratis-netty/3.1.2/ratis-netty-3.1.2.jar:/home/runner/.m2/repository/org/apache/ratis/ratis-proto/3.1.2/ratis-proto-3.1.2.jar:/home/runner/.m2/repository/org/apache/ratis/ratis-server-api/3.1.2/ratis-server-api-3.1.2.jar:/home/runner/.m2/repository/org/apache/ratis/ratis-thirdparty-misc/1.0.6/ratis-thirdparty-misc-1.0.6.jar:/home/runner/.m2/repository/org/bouncycastle/bcpkix-jdk18on/1.80/bcpkix-jdk18on-1.80.jar:/home/runner/.m2/repository/org/bouncycastle/bcprov-jdk18on/1.80/bcprov-jdk18on-1.80.jar:/home/runner/.m2/repository/org/bouncycastle/bcutil-jdk18on/1.80/bcutil-jdk18on-1.80.jar:/home/runner/.m2/repository/org/jetbrains/kotlin/kotlin-stdlib/1.9.25/kotlin-stdlib-1.9.25.jar:/home/runner/.m2/repository/org/jetbrains/annotations/13.0/annotations-13.0.jar:/home/runner/.m2/repository/org/reflections/reflections/0.10.2/reflections-0.10.2.jar:/home/runner/.m2/repository/org/slf4j/jcl-over-slf4j/2.0.17/jcl-over-slf4j-2.0.17.jar:/home/runner/.m2/repository/org/yaml/snakeyaml/2.0/snakeyaml-2.0.jar:/home/runner/.m2/repository/org/slf4j/slf4j-reload4j/2.0.17/slf4j-reload4j-2.0.17.jar:/home/runner/work/ozone/ozone/hadoop-hdds/config/target/hdds-config-2.1.0-SNAPSHOT.jar:/home/runner/work/ozone/ozone/hadoop-hdds/framework/target/hdds-server-framework-2.1.0-SNAPSHOT.jar:/home/runner/.m2/repository/ch/qos/reload4j/reload4j/1.2.26/reload4j-1.2.26.jar:/home/runner/.m2/repository/com/github/jnr/jnr-constants/0.10.4/jnr-constants-0.10.4.jar:/home/runner/.m2/repository/com/github/jnr/jnr-posix/3.1.20/jnr-posix-3.1.20.jar:/home/runner/.m2/repository/com/github/jnr/jnr-ffi/2.2.17/jnr-ffi-2.2.17.jar:/home/runner/.m2/repository/com/github/jnr/jffi/1.3.13/jffi-1.3.13.jar:/home/runner/.m2/repository/com/github/jnr/jffi/1.3.13/jffi-1.3.13-native.jar:/home/runner/.m2/repository/org/ow2/asm/asm/9.7.1/asm-9.7.1.jar:/home/runner/.m2/repository/org/ow2/asm/asm-commons/9.7.1/asm-commons-9.7.1.jar:/home/runner/.m2/repository/org/ow2/asm/asm-analysis/9.7.1/asm-analysis-9.7.1.jar:/home/runner/.m2/repository/org/ow2/asm/asm-tree/9.7.1/asm-tree-9.7.1.jar:/home/runner/.m2/repository/org/ow2/asm/asm-util/9.7.1/asm-util-9.7.1.jar:/home/runner/.m2/repository/com/github/jnr/jnr-a64asm/1.0.0/jnr-a64asm-1.0.0.jar:/home/runner/.m2/repository/com/github/jnr/jnr-x86asm/1.0.2/jnr-x86asm-1.0.2.jar:/home/runner/.m2/repository/com/google/code/gson/gson/2.10.1/gson-2.10.1.jar:/home/runner/.m2/repository/commons-fileupload/commons-fileupload/1.5/commons-fileupload-1.5.jar:/home/runner/.m2/repository/io/grpc/grpc-api/1.58.0/grpc-api-1.58.0.jar:/home/runner/.m2/repository/io/prometheus/simpleclient/0.16.0/simpleclient-0.16.0.jar:/home/runner/.m2/repository/io/prometheus/simpleclient_common/0.16.0/simpleclient_common-0.16.0.jar:/home/runner/.m2/repository/io/prometheus/simpleclient_dropwizard/0.16.0/simpleclient_dropwizard-0.16.0.jar:/home/runner/.m2/repository/jakarta/ws/rs/jakarta.ws.rs-api/2.1.6/jakarta.ws.rs-api-2.1.6.jar:/home/runner/.m2/repository/javax/servlet/javax.servlet-api/3.1.0/javax.servlet-api-3.1.0.jar:/home/runner/.m2/repository/org/apache/commons/commons-compress/1.27.1/commons-compress-1.27.1.jar:/home/runner/.m2/repository/org/apache/commons/commons-configuration2/2.11.0/commons-configuration2-2.11.0.jar:/home/runner/.m2/repository/org/apache/hadoop/hadoop-auth/3.4.1/hadoop-auth-3.4.1.jar:/home/runner/.m2/repository/org/apache/logging/log4j/log4j-api/2.24.2/log4j-api-2.24.2.jar:/home/runner/.m2/repository/org/apache/logging/log4j/log4j-core/2.24.2/log4j-core-2.24.2.jar:/home/runner/work/ozone/ozone/hadoop-hdds/interface-server/target/hdds-interface-server-2.1.0-SNAPSHOT.jar:/home/runner/work/ozone/ozone/hadoop-hdds/managed-rocksdb/target/hdds-managed-rocksdb-2.1.0-SNAPSHOT.jar:/home/runner/work/ozone/ozone/hadoop-hdds/rocksdb-checkpoint-differ/target/rocksdb-checkpoint-differ-2.1.0-SNAPSHOT.jar:/home/runner/.m2/repository/com/github/vlsi/mxgraph/jgraphx/3.9.12/jgraphx-3.9.12.jar:/home/runner/work/ozone/ozone/hadoop-hdds/rocks-native/target/hdds-rocks-native-2.1.0-SNAPSHOT.jar:/home/runner/.m2/repository/org/jgrapht/jgrapht-core/1.4.0/jgrapht-core-1.4.0.jar:/home/runner/.m2/repository/org/jheaps/jheaps/0.11/jheaps-0.11.jar:/home/runner/.m2/repository/org/jgrapht/jgrapht-ext/1.4.0/jgrapht-ext-1.4.0.jar:/home/runner/.m2/repository/org/apache/ratis/ratis-metrics-api/3.1.2/ratis-metrics-api-3.1.2.jar:/home/runner/.m2/repository/org/apache/ratis/ratis-server/3.1.2/ratis-server-3.1.2.jar:/home/runner/.m2/repository/org/eclipse/jetty/jetty-http/9.4.57.v20241219/jetty-http-9.4.57.v20241219.jar:/home/runner/.m2/repository/org/eclipse/jetty/jetty-io/9.4.57.v20241219/jetty-io-9.4.57.v20241219.jar:/home/runner/.m2/repository/org/eclipse/jetty/jetty-server/9.4.57.v20241219/jetty-server-9.4.57.v20241219.jar:/home/runner/.m2/repository/org/eclipse/jetty/jetty-servlet/9.4.57.v20241219/jetty-servlet-9.4.57.v20241219.jar:/home/runner/.m2/repository/org/eclipse/jetty/jetty-security/9.4.57.v20241219/jetty-security-9.4.57.v20241219.jar:/home/runner/.m2/repository/org/eclipse/jetty/jetty-util-ajax/9.4.57.v20241219/jetty-util-ajax-9.4.57.v20241219.jar:/home/runner/.m2/repository/org/eclipse/jetty/jetty-util/9.4.57.v20241219/jetty-util-9.4.57.v20241219.jar:/home/runner/.m2/repository/org/eclipse/jetty/jetty-webapp/9.4.57.v20241219/jetty-webapp-9.4.57.v20241219.jar:/home/runner/.m2/repository/org/eclipse/jetty/jetty-xml/9.4.57.v20241219/jetty-xml-9.4.57.v20241219.jar:/home/runner/.m2/repository/org/glassfish/jersey/containers/jersey-container-servlet-core/2.46/jersey-container-servlet-core-2.46.jar:/home/runner/.m2/repository/org/glassfish/hk2/external/jakarta.inject/2.6.1/jakarta.inject-2.6.1.jar:/home/runner/.m2/repository/org/glassfish/jersey/core/jersey-server/2.46/jersey-server-2.46.jar:/home/runner/.m2/repository/org/glassfish/jersey/core/jersey-client/2.46/jersey-client-2.46.jar:/home/runner/.m2/repository/jakarta/validation/jakarta.validation-api/2.0.2/jakarta.validation-api-2.0.2.jar:/home/runner/.m2/repository/org/rocksdb/rocksdbjni/7.7.3/rocksdbjni-7.7.3.jar:/home/runner/.m2/repository/com/lmax/disruptor/3.4.4/disruptor-3.4.4.jar:/home/runner/.m2/repository/com/nimbusds/nimbus-jose-jwt/9.40/nimbus-jose-jwt-9.40.jar:/home/runner/.m2/repository/commons-cli/commons-cli/1.8.0/commons-cli-1.8.0.jar:/home/runner/.m2/repository/log4j/apache-log4j-extras/1.2.17/apache-log4j-extras-1.2.17.jar:/home/runner/.m2/repository/org/apache/kerby/kerb-core/1.0.1/kerb-core-1.0.1.jar:/home/runner/.m2/repository/org/apache/kerby/kerby-pkix/1.0.1/kerby-pkix-1.0.1.jar:/home/runner/.m2/repository/org/apache/kerby/kerby-asn1/1.0.1/kerby-asn1-1.0.1.jar:/home/runner/.m2/repository/org/apache/kerby/kerb-util/1.0.1/kerb-util-1.0.1.jar:/home/runner/.m2/repository/org/apache/kerby/kerby-config/1.0.1/kerby-config-1.0.1.jar:/home/runner/.m2/repository/org/apache/kerby/kerb-crypto/1.0.1/kerb-crypto-1.0.1.jar:/home/runner/.m2/repository/org/xerial/snappy/snappy-java/1.1.10.7/snappy-java-1.1.10.7.jar:/home/runner/work/ozone/ozone/hadoop-hdds/test-utils/target/hdds-test-utils-2.1.0-SNAPSHOT-tests.jar:/home/runner/work/ozone/ozone/hadoop-ozone/client/target/ozone-client-2.1.0-SNAPSHOT.jar:/home/runner/work/ozone/ozone/hadoop-hdds/client/target/hdds-client-2.1.0-SNAPSHOT.jar:/home/runner/work/ozone/ozone/hadoop-hdds/erasurecode/target/hdds-erasurecode-2.1.0-SNAPSHOT.jar:/home/runner/work/ozone/ozone/hadoop-ozone/common/target/ozone-common-2.1.0-SNAPSHOT.jar:/home/runner/.m2/repository/io/grpc/grpc-netty/1.58.0/grpc-netty-1.58.0.jar:/home/runner/.m2/repository/io/grpc/grpc-core/1.58.0/grpc-core-1.58.0.jar:/home/runner/.m2/repository/com/google/android/annotations/4.1.1.4/annotations-4.1.1.4.jar:/home/runner/.m2/repository/org/codehaus/mojo/animal-sniffer-annotations/1.23/animal-sniffer-annotations-1.23.jar:/home/runner/.m2/repository/io/grpc/grpc-context/1.58.0/grpc-context-1.58.0.jar:/home/runner/.m2/repository/io/grpc/grpc-util/1.58.0/grpc-util-1.58.0.jar:/home/runner/.m2/repository/io/perfmark/perfmark-api/0.26.0/perfmark-api-0.26.0.jar:/home/runner/.m2/repository/io/netty/netty-common/4.1.109.Final/netty-common-4.1.109.Final.jar:/home/runner/.m2/repository/io/netty/netty-handler-proxy/4.1.109.Final/netty-handler-proxy-4.1.109.Final.jar:/home/runner/.m2/repository/io/netty/netty-codec-socks/4.1.109.Final/netty-codec-socks-4.1.109.Final.jar:/home/runner/.m2/repository/org/apache/hadoop/hadoop-hdfs-client/3.4.1/hadoop-hdfs-client-3.4.1.jar:/home/runner/.m2/repository/io/netty/netty-tcnative-boringssl-static/2.0.65.Final/netty-tcnative-boringssl-static-2.0.65.Final.jar:/home/runner/.m2/repository/io/netty/netty-tcnative-classes/2.0.65.Final/netty-tcnative-classes-2.0.65.Final.jar:/home/runner/.m2/repository/io/netty/netty-tcnative-boringssl-static/2.0.65.Final/netty-tcnative-boringssl-static-2.0.65.Final-linux-x86_64.jar:/home/runner/.m2/repository/io/netty/netty-tcnative-boringssl-static/2.0.65.Final/netty-tcnative-boringssl-static-2.0.65.Final-linux-aarch_64.jar:/home/runner/.m2/repository/io/netty/netty-tcnative-boringssl-static/2.0.65.Final/netty-tcnative-boringssl-static-2.0.65.Final-osx-x86_64.jar:/home/runner/.m2/repository/io/netty/netty-tcnative-boringssl-static/2.0.65.Final/netty-tcnative-boringssl-static-2.0.65.Final-osx-aarch_64.jar:/home/runner/.m2/repository/io/netty/netty-tcnative-boringssl-static/2.0.65.Final/netty-tcnative-boringssl-static-2.0.65.Final-windows-x86_64.jar:/home/runner/work/ozone/ozone/hadoop-ozone/interface-client/target/ozone-interface-client-2.1.0-SNAPSHOT.jar:/home/runner/.m2/repository/io/grpc/grpc-protobuf/1.58.0/grpc-protobuf-1.58.0.jar:/home/runner/.m2/repository/com/google/api/grpc/proto-google-common-protos/2.22.0/proto-google-common-protos-2.22.0.jar:/home/runner/.m2/repository/io/grpc/grpc-protobuf-lite/1.58.0/grpc-protobuf-lite-1.58.0.jar:/home/runner/.m2/repository/io/grpc/grpc-stub/1.58.0/grpc-stub-1.58.0.jar:/home/runner/work/ozone/ozone/hadoop-ozone/mini-cluster/target/ozone-mini-cluster-2.1.0-SNAPSHOT.jar:/home/runner/work/ozone/ozone/hadoop-hdds/common/target/hdds-common-2.1.0-SNAPSHOT-tests.jar:/home/runner/work/ozone/ozone/hadoop-hdds/container-service/target/hdds-container-service-2.1.0-SNAPSHOT.jar:/home/runner/.m2/repository/com/github/luben/zstd-jni/1.5.7-3/zstd-jni-1.5.7-3.jar:/home/runner/.m2/repository/io/netty/netty-buffer/4.1.109.Final/netty-buffer-4.1.109.Final.jar:/home/runner/.m2/repository/io/netty/netty-codec/4.1.109.Final/netty-codec-4.1.109.Final.jar:/home/runner/.m2/repository/org/apache/hadoop/hadoop-hdfs/3.4.1/hadoop-hdfs-3.4.1.jar:/home/runner/.m2/repository/commons-daemon/commons-daemon/1.4.0/commons-daemon-1.4.0.jar:/home/runner/work/ozone/ozone/hadoop-hdds/server-scm/target/hdds-server-scm-2.1.0-SNAPSHOT.jar:/home/runner/work/ozone/ozone/hadoop-hdds/server-scm/target/hdds-server-scm-2.1.0-SNAPSHOT-tests.jar:/home/runner/work/ozone/ozone/hadoop-ozone/ozone-manager/target/ozone-manager-2.1.0-SNAPSHOT.jar:/home/runner/.m2/repository/com/sun/jersey/jersey-client/1.19.4/jersey-client-1.19.4.jar:/home/runner/.m2/repository/com/sun/jersey/jersey-core/1.19.4/jersey-core-1.19.4.jar:/home/runner/.m2/repository/javax/ws/rs/jsr311-api/1.1.1/jsr311-api-1.1.1.jar:/home/runner/work/ozone/ozone/hadoop-ozone/interface-storage/target/ozone-interface-storage-2.1.0-SNAPSHOT.jar:/home/runner/.m2/repository/org/apache/ranger/ranger-intg/2.6.0/ranger-intg-2.6.0.jar:/home/runner/.m2/repository/org/apache/ranger/ranger-plugins-common/2.6.0/ranger-plugins-common-2.6.0.jar:/home/runner/.m2/repository/com/fasterxml/jackson/jaxrs/jackson-jaxrs-base/2.16.2/jackson-jaxrs-base-2.16.2.jar:/home/runner/.m2/repository/com/fasterxml/jackson/jaxrs/jackson-jaxrs-json-provider/2.16.2/jackson-jaxrs-json-provider-2.16.2.jar:/home/runner/.m2/repository/com/kstruct/gethostname4j/1.0.0/gethostname4j-1.0.0.jar:/home/runner/.m2/repository/commons-lang/commons-lang/2.6/commons-lang-2.6.jar:/home/runner/.m2/repository/net/java/dev/jna/jna/5.2.0/jna-5.2.0.jar:/home/runner/.m2/repository/net/java/dev/jna/jna-platform/5.2.0/jna-platform-5.2.0.jar:/home/runner/.m2/repository/org/apache/ranger/ranger-plugin-classloader/2.6.0/ranger-plugin-classloader-2.6.0.jar:/home/runner/.m2/repository/org/apache/ranger/ranger-plugins-audit/2.6.0/ranger-plugins-audit-2.6.0.jar:/home/runner/.m2/repository/com/amazonaws/aws-java-sdk-logs/1.12.765/aws-java-sdk-logs-1.12.765.jar:/home/runner/.m2/repository/com/carrotsearch/hppc/0.8.0/hppc-0.8.0.jar:/home/runner/.m2/repository/io/airlift/aircompressor/0.27/aircompressor-0.27.jar:/home/runner/.m2/repository/org/apache/httpcomponents/httpasyncclient/4.1.4/httpasyncclient-4.1.4.jar:/home/runner/.m2/repository/org/apache/httpcomponents/httpcore-nio/4.4.16/httpcore-nio-4.4.16.jar:/home/runner/.m2/repository/org/apache/httpcomponents/httpmime/4.5.13/httpmime-4.5.13.jar:/home/runner/.m2/repository/org/apache/orc/orc-core/1.5.8/orc-core-1.5.8.jar:/home/runner/.m2/repository/org/apache/orc/orc-shims/1.5.8/orc-shims-1.5.8.jar:/home/runner/.m2/repository/org/eclipse/jetty/jetty-client/9.4.57.v20241219/jetty-client-9.4.57.v20241219.jar:/home/runner/.m2/repository/org/apache/ranger/ranger-plugins-cred/2.6.0/ranger-plugins-cred-2.6.0.jar:/home/runner/.m2/repository/org/aspectj/aspectjrt/1.9.7/aspectjrt-1.9.7.jar:/home/runner/.m2/repository/org/aspectj/aspectjweaver/1.9.7/aspectjweaver-1.9.7.jar:/home/runner/work/ozone/ozone/hadoop-ozone/recon/target/ozone-recon-2.1.0-SNAPSHOT.jar:/home/runner/.m2/repository/aopalliance/aopalliance/1.0/aopalliance-1.0.jar:/home/runner/.m2/repository/com/google/inject/guice/6.0.0/guice-6.0.0.jar:/home/runner/.m2/repository/jakarta/inject/jakarta.inject-api/2.0.1/jakarta.inject-api-2.0.1.jar:/home/runner/.m2/repository/com/google/inject/extensions/guice-assistedinject/6.0.0/guice-assistedinject-6.0.0.jar:/home/runner/.m2/repository/com/google/inject/extensions/guice-servlet/6.0.0/guice-servlet-6.0.0.jar:/home/runner/.m2/repository/com/jolbox/bonecp/0.8.0.RELEASE/bonecp-0.8.0.RELEASE.jar:/home/runner/.m2/repository/org/apache/derby/derby/10.14.2.0/derby-10.14.2.0.jar:/home/runner/work/ozone/ozone/hadoop-ozone/cli-admin/target/ozone-cli-admin-2.1.0-SNAPSHOT.jar:/home/runner/.m2/repository/org/glassfish/hk2/guice-bridge/2.6.1/guice-bridge-2.6.1.jar:/home/runner/.m2/repository/org/glassfish/jersey/containers/jersey-container-servlet/2.46/jersey-container-servlet-2.46.jar:/home/runner/.m2/repository/org/glassfish/jersey/media/jersey-media-json-jackson/2.46/jersey-media-json-jackson-2.46.jar:/home/runner/.m2/repository/org/glassfish/jersey/ext/jersey-entity-filtering/2.46/jersey-entity-filtering-2.46.jar:/home/runner/.m2/repository/org/jooq/jooq/3.11.10/jooq-3.11.10.jar:/home/runner/.m2/repository/org/jooq/jooq-codegen/3.11.10/jooq-codegen-3.11.10.jar:/home/runner/.m2/repository/org/jooq/jooq-meta/3.11.10/jooq-meta-3.11.10.jar:/home/runner/.m2/repository/org/springframework/spring-core/5.3.39/spring-core-5.3.39.jar:/home/runner/.m2/repository/org/springframework/spring-jdbc/5.3.39/spring-jdbc-5.3.39.jar:/home/runner/.m2/repository/org/springframework/spring-beans/5.3.39/spring-beans-5.3.39.jar:/home/runner/.m2/repository/org/springframework/spring-tx/5.3.39/spring-tx-5.3.39.jar:/home/runner/.m2/repository/org/xerial/sqlite-jdbc/3.49.1.0/sqlite-jdbc-3.49.1.0.jar:/home/runner/work/ozone/ozone/hadoop-ozone/recon-codegen/target/ozone-reconcodegen-2.1.0-SNAPSHOT.jar:/home/runner/work/ozone/ozone/hadoop-ozone/s3gateway/target/ozone-s3gateway-2.1.0-SNAPSHOT.jar:/home/runner/.m2/repository/com/fasterxml/jackson/dataformat/jackson-dataformat-xml/2.16.2/jackson-dataformat-xml-2.16.2.jar:/home/runner/.m2/repository/com/fasterxml/jackson/module/jackson-module-jaxb-annotations/2.16.2/jackson-module-jaxb-annotations-2.16.2.jar:/home/runner/.m2/repository/io/netty/netty-codec-http2/4.1.109.Final/netty-codec-http2-4.1.109.Final.jar:/home/runner/.m2/repository/io/netty/netty-codec-http/4.1.109.Final/netty-codec-http-4.1.109.Final.jar:/home/runner/.m2/repository/io/netty/netty-transport/4.1.109.Final/netty-transport-4.1.109.Final.jar:/home/runner/.m2/repository/io/netty/netty-resolver/4.1.109.Final/netty-resolver-4.1.109.Final.jar:/home/runner/.m2/repository/io/opentracing/opentracing-noop/0.33.0/opentracing-noop-0.33.0.jar:/home/runner/.m2/repository/javax/enterprise/cdi-api/2.0/cdi-api-2.0.jar:/home/runner/.m2/repository/javax/el/javax.el-api/3.0.0/javax.el-api-3.0.0.jar:/home/runner/.m2/repository/javax/interceptor/javax.interceptor-api/1.2/javax.interceptor-api-1.2.jar:/home/runner/.m2/repository/javax/inject/javax.inject/1/javax.inject-1.jar:/home/runner/.m2/repository/org/apache/httpcomponents/httpcore/4.4.16/httpcore-4.4.16.jar:/home/runner/.m2/repository/org/apache/kerby/kerby-util/1.0.1/kerby-util-1.0.1.jar:/home/runner/.m2/repository/org/glassfish/hk2/hk2-api/2.6.1/hk2-api-2.6.1.jar:/home/runner/.m2/repository/org/glassfish/hk2/hk2-utils/2.6.1/hk2-utils-2.6.1.jar:/home/runner/.m2/repository/org/glassfish/hk2/external/aopalliance-repackaged/2.6.1/aopalliance-repackaged-2.6.1.jar:/home/runner/.m2/repository/org/glassfish/jaxb/jaxb-runtime/2.3.9/jaxb-runtime-2.3.9.jar:/home/runner/.m2/repository/org/glassfish/jaxb/txw2/2.3.9/txw2-2.3.9.jar:/home/runner/.m2/repository/com/sun/istack/istack-commons-runtime/3.0.12/istack-commons-runtime-3.0.12.jar:/home/runner/.m2/repository/com/sun/activation/jakarta.activation/1.2.2/jakarta.activation-1.2.2.jar:/home/runner/.m2/repository/org/glassfish/jersey/core/jersey-common/2.46/jersey-common-2.46.jar:/home/runner/.m2/repository/org/glassfish/hk2/osgi-resource-locator/1.0.3/osgi-resource-locator-1.0.3.jar:/home/runner/.m2/repository/org/glassfish/jersey/ext/cdi/jersey-cdi1x/2.46/jersey-cdi1x-2.46.jar:/home/runner/.m2/repository/org/glassfish/jersey/inject/jersey-hk2/2.46/jersey-hk2-2.46.jar:/home/runner/.m2/repository/org/glassfish/hk2/hk2-locator/2.6.1/hk2-locator-2.6.1.jar:/home/runner/.m2/repository/org/glassfish/jersey/media/jersey-media-jaxb/2.46/jersey-media-jaxb-2.46.jar:/home/runner/.m2/repository/org/javassist/javassist/3.30.2-GA/javassist-3.30.2-GA.jar:/home/runner/.m2/repository/org/jboss/weld/servlet/weld-servlet-shaded/3.1.9.Final/weld-servlet-shaded-3.1.9.Final.jar:/home/runner/.m2/repository/org/apache/ratis/ratis-common/3.1.2/ratis-common-3.1.2.jar:/home/runner/.m2/repository/org/slf4j/slf4j-api/2.0.17/slf4j-api-2.0.17.jar:/home/runner/.m2/repository/software/amazon/awssdk/auth/2.31.25/auth-2.31.25.jar:/home/runner/.m2/repository/software/amazon/awssdk/annotations/2.31.25/annotations-2.31.25.jar:/home/runner/.m2/repository/software/amazon/awssdk/utils/2.31.25/utils-2.31.25.jar:/home/runner/.m2/repository/software/amazon/awssdk/identity-spi/2.31.25/identity-spi-2.31.25.jar:/home/runner/.m2/repository/software/amazon/awssdk/profiles/2.31.25/profiles-2.31.25.jar:/home/runner/.m2/repository/software/amazon/awssdk/http-client-spi/2.31.25/http-client-spi-2.31.25.jar:/home/runner/.m2/repository/software/amazon/awssdk/json-utils/2.31.25/json-utils-2.31.25.jar:/home/runner/.m2/repository/software/amazon/awssdk/third-party-jackson-core/2.31.25/third-party-jackson-core-2.31.25.jar:/home/runner/.m2/repository/software/amazon/awssdk/http-auth-aws/2.31.25/http-auth-aws-2.31.25.jar:/home/runner/.m2/repository/software/amazon/awssdk/http-auth-aws-eventstream/2.31.25/http-auth-aws-eventstream-2.31.25.jar:/home/runner/.m2/repository/software/amazon/awssdk/http-auth/2.31.25/http-auth-2.31.25.jar:/home/runner/.m2/repository/software/amazon/awssdk/http-auth-spi/2.31.25/http-auth-spi-2.31.25.jar:/home/runner/.m2/repository/software/amazon/eventstream/eventstream/1.0.1/eventstream-1.0.1.jar:/home/runner/.m2/repository/software/amazon/awssdk/aws-core/2.31.25/aws-core-2.31.25.jar:/home/runner/.m2/repository/software/amazon/awssdk/metrics-spi/2.31.25/metrics-spi-2.31.25.jar:/home/runner/.m2/repository/software/amazon/awssdk/endpoints-spi/2.31.25/endpoints-spi-2.31.25.jar:/home/runner/.m2/repository/software/amazon/awssdk/retries-spi/2.31.25/retries-spi-2.31.25.jar:/home/runner/.m2/repository/software/amazon/awssdk/retries/2.31.25/retries-2.31.25.jar:/home/runner/.m2/repository/software/amazon/awssdk/regions/2.31.25/regions-2.31.25.jar:/home/runner/.m2/repository/software/amazon/awssdk/s3/2.31.25/s3-2.31.25.jar:/home/runner/.m2/repository/software/amazon/awssdk/aws-xml-protocol/2.31.25/aws-xml-protocol-2.31.25.jar:/home/runner/.m2/repository/software/amazon/awssdk/aws-query-protocol/2.31.25/aws-query-protocol-2.31.25.jar:/home/runner/.m2/repository/software/amazon/awssdk/protocol-core/2.31.25/protocol-core-2.31.25.jar:/home/runner/.m2/repository/software/amazon/awssdk/arns/2.31.25/arns-2.31.25.jar:/home/runner/.m2/repository/software/amazon/awssdk/crt-core/2.31.25/crt-core-2.31.25.jar:/home/runner/.m2/repository/software/amazon/awssdk/checksums/2.31.25/checksums-2.31.25.jar:/home/runner/.m2/repository/software/amazon/awssdk/checksums-spi/2.31.25/checksums-spi-2.31.25.jar:/home/runner/.m2/repository/software/amazon/awssdk/apache-client/2.31.25/apache-client-2.31.25.jar:/home/runner/.m2/repository/software/amazon/awssdk/netty-nio-client/2.31.25/netty-nio-client-2.31.25.jar:/home/runner/.m2/repository/io/netty/netty-transport-classes-epoll/4.1.109.Final/netty-transport-classes-epoll-4.1.109.Final.jar:/home/runner/.m2/repository/software/amazon/awssdk/sdk-core/2.31.25/sdk-core-2.31.25.jar:/home/runner/.m2/repository/org/reactivestreams/reactive-streams/1.0.4/reactive-streams-1.0.4.jar:/home/runner/.m2/repository/org/assertj/assertj-core/3.27.3/assertj-core-3.27.3.jar:/home/runner/.m2/repository/net/bytebuddy/byte-buddy/1.15.11/byte-buddy-1.15.11.jar:/home/runner/.m2/repository/org/junit/jupiter/junit-jupiter-api/5.12.2/junit-jupiter-api-5.12.2.jar:/home/runner/.m2/repository/org/opentest4j/opentest4j/1.3.0/opentest4j-1.3.0.jar:/home/runner/.m2/repository/org/junit/platform/junit-platform-commons/1.12.2/junit-platform-commons-1.12.2.jar:/home/runner/.m2/repository/org/apiguardian/apiguardian-api/1.1.2/apiguardian-api-1.1.2.jar:/home/runner/.m2/repository/org/junit/jupiter/junit-jupiter-params/5.12.2/junit-jupiter-params-5.12.2.jar:/home/runner/.m2/repository/org/mockito/mockito-core/4.11.0/mockito-core-4.11.0.jar:/home/runner/.m2/repository/net/bytebuddy/byte-buddy-agent/1.12.19/byte-buddy-agent-1.12.19.jar:/home/runner/.m2/repository/org/objenesis/objenesis/3.3/objenesis-3.3.jar:/home/runner/.m2/repository/org/mockito/mockito-inline/4.11.0/mockito-inline-4.11.0.jar:/home/runner/.m2/repository/org/mockito/mockito-junit-jupiter/4.11.0/mockito-junit-jupiter-4.11.0.jar:/home/runner/work/ozone/ozone/hadoop-ozone/integration-test-s3/target/gradle-enterprise/test-listeners.jar:"/>
    <property name="java.vm.vendor" value="Eclipse Adoptium"/>
    <property name="sun.arch.data.model" value="64"/>
    <property name="test.build.dir" value="/home/runner/work/ozone/ozone/hadoop-ozone/integration-test-s3/target/test-dir"/>
    <property name="test.cache.data" value=""/>
    <property name="java.vendor.url" value="https://adoptium.net/"/>
    <property name="user.timezone" value="Etc/UTC"/>
    <property name="maven-surefire-plugin.argLineAccessArgs" value=" --add-opens java.management/com.sun.jmx.mbeanserver=ALL-UNNAMED --add-exports java.management/com.sun.jmx.mbeanserver=ALL-UNNAMED --add-opens java.base/java.nio=ALL-UNNAMED --add-opens java.base/java.lang=ALL-UNNAMED --add-opens java.base/java.lang.reflect=ALL-UNNAMED"/>
    <property name="os.name" value="Linux"/>
    <property name="java.vm.specification.version" value="21"/>
    <property name="test.build.data" value="/home/runner/work/ozone/ozone/hadoop-ozone/integration-test-s3/target/test-dir"/>
    <property name="sun.java.launcher" value="SUN_STANDARD"/>
    <property name="sun.boot.library.path" value="/usr/lib/jvm/temurin-21-jdk-amd64/lib"/>
    <property name="sun.java.command" value="/home/runner/work/ozone/ozone/hadoop-ozone/integration-test-s3/target/surefire/surefirebooter-20250512142305530_1184.jar /home/runner/work/ozone/ozone/hadoop-ozone/integration-test-s3/target/surefire 2025-05-12T13-49-15_066-jvmRun1 surefire-20250512142305530_1182tmp surefire_135-20250512142305530_1183tmp"/>
    <property name="jdk.debug" value="release"/>
    <property name="native.lib.tmp.dir" value="/tmp"/>
    <property name="surefire.test.class.path" value="/home/runner/work/ozone/ozone/hadoop-ozone/integration-test-s3/target/test-classes:/home/runner/work/ozone/ozone/hadoop-ozone/integration-test-s3/target/classes:/home/runner/.m2/repository/com/amazonaws/aws-java-sdk-core/1.12.661/aws-java-sdk-core-1.12.661.jar:/home/runner/.m2/repository/commons-codec/commons-codec/1.17.1/commons-codec-1.17.1.jar:/home/runner/.m2/repository/org/apache/httpcomponents/httpclient/4.5.14/httpclient-4.5.14.jar:/home/runner/.m2/repository/com/fasterxml/jackson/core/jackson-databind/2.16.2/jackson-databind-2.16.2.jar:/home/runner/.m2/repository/com/fasterxml/jackson/dataformat/jackson-dataformat-cbor/2.16.2/jackson-dataformat-cbor-2.16.2.jar:/home/runner/.m2/repository/joda-time/joda-time/2.12.7/joda-time-2.12.7.jar:/home/runner/.m2/repository/com/amazonaws/aws-java-sdk-s3/1.12.661/aws-java-sdk-s3-1.12.661.jar:/home/runner/.m2/repository/com/amazonaws/aws-java-sdk-kms/1.12.661/aws-java-sdk-kms-1.12.661.jar:/home/runner/.m2/repository/com/amazonaws/jmespath-java/1.12.661/jmespath-java-1.12.661.jar:/home/runner/.m2/repository/jakarta/xml/bind/jakarta.xml.bind-api/2.3.3/jakarta.xml.bind-api-2.3.3.jar:/home/runner/.m2/repository/jakarta/activation/jakarta.activation-api/1.2.2/jakarta.activation-api-1.2.2.jar:/home/runner/.m2/repository/org/apache/commons/commons-lang3/3.17.0/commons-lang3-3.17.0.jar:/home/runner/work/ozone/ozone/hadoop-hdds/common/target/hdds-common-2.1.0-SNAPSHOT.jar:/home/runner/.m2/repository/com/fasterxml/jackson/core/jackson-annotations/2.16.2/jackson-annotations-2.16.2.jar:/home/runner/.m2/repository/com/fasterxml/jackson/core/jackson-core/2.16.2/jackson-core-2.16.2.jar:/home/runner/.m2/repository/com/fasterxml/jackson/datatype/jackson-datatype-jsr310/2.16.2/jackson-datatype-jsr310-2.16.2.jar:/home/runner/.m2/repository/com/github/stephenc/jcip/jcip-annotations/1.0-1/jcip-annotations-1.0-1.jar:/home/runner/.m2/repository/com/google/guava/guava/32.1.3-jre/guava-32.1.3-jre.jar:/home/runner/.m2/repository/com/google/guava/failureaccess/1.0.1/failureaccess-1.0.1.jar:/home/runner/.m2/repository/com/google/guava/listenablefuture/9999.0-empty-to-avoid-conflict-with-guava/listenablefuture-9999.0-empty-to-avoid-conflict-with-guava.jar:/home/runner/.m2/repository/org/checkerframework/checker-qual/3.37.0/checker-qual-3.37.0.jar:/home/runner/.m2/repository/com/google/errorprone/error_prone_annotations/2.29.2/error_prone_annotations-2.29.2.jar:/home/runner/.m2/repository/com/google/j2objc/j2objc-annotations/2.8/j2objc-annotations-2.8.jar:/home/runner/.m2/repository/com/google/protobuf/protobuf-java/2.5.0/protobuf-java-2.5.0.jar:/home/runner/.m2/repository/commons-collections/commons-collections/3.2.2/commons-collections-3.2.2.jar:/home/runner/.m2/repository/commons-io/commons-io/2.18.0/commons-io-2.18.0.jar:/home/runner/.m2/repository/commons-validator/commons-validator/1.6/commons-validator-1.6.jar:/home/runner/.m2/repository/commons-beanutils/commons-beanutils/1.9.4/commons-beanutils-1.9.4.jar:/home/runner/.m2/repository/commons-digester/commons-digester/1.8.1/commons-digester-1.8.1.jar:/home/runner/.m2/repository/info/picocli/picocli/4.7.7/picocli-4.7.7.jar:/home/runner/.m2/repository/io/dropwizard/metrics/metrics-core/3.2.6/metrics-core-3.2.6.jar:/home/runner/.m2/repository/io/jaegertracing/jaeger-client/1.8.1/jaeger-client-1.8.1.jar:/home/runner/.m2/repository/io/jaegertracing/jaeger-thrift/1.8.1/jaeger-thrift-1.8.1.jar:/home/runner/.m2/repository/org/apache/thrift/libthrift/0.15.0/libthrift-0.15.0.jar:/home/runner/.m2/repository/com/squareup/okhttp3/okhttp/4.12.0/okhttp-4.12.0.jar:/home/runner/.m2/repository/com/squareup/okio/okio/3.6.0/okio-3.6.0.jar:/home/runner/.m2/repository/com/squareup/okio/okio-jvm/3.6.0/okio-jvm-3.6.0.jar:/home/runner/.m2/repository/org/jetbrains/kotlin/kotlin-stdlib-common/1.9.25/kotlin-stdlib-common-1.9.25.jar:/home/runner/.m2/repository/org/jetbrains/kotlin/kotlin-stdlib-jdk8/1.9.25/kotlin-stdlib-jdk8-1.9.25.jar:/home/runner/.m2/repository/org/jetbrains/kotlin/kotlin-stdlib-jdk7/1.9.25/kotlin-stdlib-jdk7-1.9.25.jar:/home/runner/.m2/repository/io/jaegertracing/jaeger-tracerresolver/1.8.1/jaeger-tracerresolver-1.8.1.jar:/home/runner/.m2/repository/io/opentracing/contrib/opentracing-tracerresolver/0.1.8/opentracing-tracerresolver-0.1.8.jar:/home/runner/.m2/repository/io/jaegertracing/jaeger-core/1.8.1/jaeger-core-1.8.1.jar:/home/runner/.m2/repository/io/opentracing/opentracing-api/0.33.0/opentracing-api-0.33.0.jar:/home/runner/.m2/repository/io/opentracing/opentracing-util/0.33.0/opentracing-util-0.33.0.jar:/home/runner/.m2/repository/jakarta/annotation/jakarta.annotation-api/2.1.1/jakarta.annotation-api-2.1.1.jar:/home/runner/.m2/repository/javax/annotation/javax.annotation-api/1.3.2/javax.annotation-api-1.3.2.jar:/home/runner/.m2/repository/org/apache/hadoop/hadoop-common/3.4.1/hadoop-common-3.4.1.jar:/home/runner/.m2/repository/org/apache/hadoop/thirdparty/hadoop-shaded-protobuf_3_25/1.4.0/hadoop-shaded-protobuf_3_25-1.4.0.jar:/home/runner/.m2/repository/org/apache/hadoop/hadoop-annotations/3.4.1/hadoop-annotations-3.4.1.jar:/home/runner/.m2/repository/org/apache/hadoop/thirdparty/hadoop-shaded-guava/1.3.0/hadoop-shaded-guava-1.3.0.jar:/home/runner/.m2/repository/org/codehaus/jettison/jettison/1.5.4/jettison-1.5.4.jar:/home/runner/.m2/repository/org/apache/commons/commons-text/1.12.0/commons-text-1.12.0.jar:/home/runner/.m2/repository/com/google/re2j/re2j/1.7/re2j-1.7.jar:/home/runner/.m2/repository/io/netty/netty-handler/4.1.109.Final/netty-handler-4.1.109.Final.jar:/home/runner/.m2/repository/io/netty/netty-transport-native-unix-common/4.1.109.Final/netty-transport-native-unix-common-4.1.109.Final.jar:/home/runner/.m2/repository/io/netty/netty-transport-native-epoll/4.1.109.Final/netty-transport-native-epoll-4.1.109.Final.jar:/home/runner/.m2/repository/org/codehaus/woodstox/stax2-api/4.2.1/stax2-api-4.2.1.jar:/home/runner/.m2/repository/com/fasterxml/woodstox/woodstox-core/5.4.0/woodstox-core-5.4.0.jar:/home/runner/work/ozone/ozone/hadoop-hdds/annotations/target/hdds-annotation-processing-2.1.0-SNAPSHOT.jar:/home/runner/work/ozone/ozone/hadoop-hdds/interface-admin/target/hdds-interface-admin-2.1.0-SNAPSHOT.jar:/home/runner/work/ozone/ozone/hadoop-hdds/interface-client/target/hdds-interface-client-2.1.0-SNAPSHOT.jar:/home/runner/.m2/repository/org/apache/ratis/ratis-client/3.1.2/ratis-client-3.1.2.jar:/home/runner/.m2/repository/org/apache/ratis/ratis-grpc/3.1.2/ratis-grpc-3.1.2.jar:/home/runner/.m2/repository/org/apache/ratis/ratis-metrics-dropwizard3/3.1.2/ratis-metrics-dropwizard3-3.1.2.jar:/home/runner/.m2/repository/org/apache/ratis/ratis-netty/3.1.2/ratis-netty-3.1.2.jar:/home/runner/.m2/repository/org/apache/ratis/ratis-proto/3.1.2/ratis-proto-3.1.2.jar:/home/runner/.m2/repository/org/apache/ratis/ratis-server-api/3.1.2/ratis-server-api-3.1.2.jar:/home/runner/.m2/repository/org/apache/ratis/ratis-thirdparty-misc/1.0.6/ratis-thirdparty-misc-1.0.6.jar:/home/runner/.m2/repository/org/bouncycastle/bcpkix-jdk18on/1.80/bcpkix-jdk18on-1.80.jar:/home/runner/.m2/repository/org/bouncycastle/bcprov-jdk18on/1.80/bcprov-jdk18on-1.80.jar:/home/runner/.m2/repository/org/bouncycastle/bcutil-jdk18on/1.80/bcutil-jdk18on-1.80.jar:/home/runner/.m2/repository/org/jetbrains/kotlin/kotlin-stdlib/1.9.25/kotlin-stdlib-1.9.25.jar:/home/runner/.m2/repository/org/jetbrains/annotations/13.0/annotations-13.0.jar:/home/runner/.m2/repository/org/reflections/reflections/0.10.2/reflections-0.10.2.jar:/home/runner/.m2/repository/org/slf4j/jcl-over-slf4j/2.0.17/jcl-over-slf4j-2.0.17.jar:/home/runner/.m2/repository/org/yaml/snakeyaml/2.0/snakeyaml-2.0.jar:/home/runner/.m2/repository/org/slf4j/slf4j-reload4j/2.0.17/slf4j-reload4j-2.0.17.jar:/home/runner/work/ozone/ozone/hadoop-hdds/config/target/hdds-config-2.1.0-SNAPSHOT.jar:/home/runner/work/ozone/ozone/hadoop-hdds/framework/target/hdds-server-framework-2.1.0-SNAPSHOT.jar:/home/runner/.m2/repository/ch/qos/reload4j/reload4j/1.2.26/reload4j-1.2.26.jar:/home/runner/.m2/repository/com/github/jnr/jnr-constants/0.10.4/jnr-constants-0.10.4.jar:/home/runner/.m2/repository/com/github/jnr/jnr-posix/3.1.20/jnr-posix-3.1.20.jar:/home/runner/.m2/repository/com/github/jnr/jnr-ffi/2.2.17/jnr-ffi-2.2.17.jar:/home/runner/.m2/repository/com/github/jnr/jffi/1.3.13/jffi-1.3.13.jar:/home/runner/.m2/repository/com/github/jnr/jffi/1.3.13/jffi-1.3.13-native.jar:/home/runner/.m2/repository/org/ow2/asm/asm/9.7.1/asm-9.7.1.jar:/home/runner/.m2/repository/org/ow2/asm/asm-commons/9.7.1/asm-commons-9.7.1.jar:/home/runner/.m2/repository/org/ow2/asm/asm-analysis/9.7.1/asm-analysis-9.7.1.jar:/home/runner/.m2/repository/org/ow2/asm/asm-tree/9.7.1/asm-tree-9.7.1.jar:/home/runner/.m2/repository/org/ow2/asm/asm-util/9.7.1/asm-util-9.7.1.jar:/home/runner/.m2/repository/com/github/jnr/jnr-a64asm/1.0.0/jnr-a64asm-1.0.0.jar:/home/runner/.m2/repository/com/github/jnr/jnr-x86asm/1.0.2/jnr-x86asm-1.0.2.jar:/home/runner/.m2/repository/com/google/code/gson/gson/2.10.1/gson-2.10.1.jar:/home/runner/.m2/repository/commons-fileupload/commons-fileupload/1.5/commons-fileupload-1.5.jar:/home/runner/.m2/repository/io/grpc/grpc-api/1.58.0/grpc-api-1.58.0.jar:/home/runner/.m2/repository/io/prometheus/simpleclient/0.16.0/simpleclient-0.16.0.jar:/home/runner/.m2/repository/io/prometheus/simpleclient_common/0.16.0/simpleclient_common-0.16.0.jar:/home/runner/.m2/repository/io/prometheus/simpleclient_dropwizard/0.16.0/simpleclient_dropwizard-0.16.0.jar:/home/runner/.m2/repository/jakarta/ws/rs/jakarta.ws.rs-api/2.1.6/jakarta.ws.rs-api-2.1.6.jar:/home/runner/.m2/repository/javax/servlet/javax.servlet-api/3.1.0/javax.servlet-api-3.1.0.jar:/home/runner/.m2/repository/org/apache/commons/commons-compress/1.27.1/commons-compress-1.27.1.jar:/home/runner/.m2/repository/org/apache/commons/commons-configuration2/2.11.0/commons-configuration2-2.11.0.jar:/home/runner/.m2/repository/org/apache/hadoop/hadoop-auth/3.4.1/hadoop-auth-3.4.1.jar:/home/runner/.m2/repository/org/apache/logging/log4j/log4j-api/2.24.2/log4j-api-2.24.2.jar:/home/runner/.m2/repository/org/apache/logging/log4j/log4j-core/2.24.2/log4j-core-2.24.2.jar:/home/runner/work/ozone/ozone/hadoop-hdds/interface-server/target/hdds-interface-server-2.1.0-SNAPSHOT.jar:/home/runner/work/ozone/ozone/hadoop-hdds/managed-rocksdb/target/hdds-managed-rocksdb-2.1.0-SNAPSHOT.jar:/home/runner/work/ozone/ozone/hadoop-hdds/rocksdb-checkpoint-differ/target/rocksdb-checkpoint-differ-2.1.0-SNAPSHOT.jar:/home/runner/.m2/repository/com/github/vlsi/mxgraph/jgraphx/3.9.12/jgraphx-3.9.12.jar:/home/runner/work/ozone/ozone/hadoop-hdds/rocks-native/target/hdds-rocks-native-2.1.0-SNAPSHOT.jar:/home/runner/.m2/repository/org/jgrapht/jgrapht-core/1.4.0/jgrapht-core-1.4.0.jar:/home/runner/.m2/repository/org/jheaps/jheaps/0.11/jheaps-0.11.jar:/home/runner/.m2/repository/org/jgrapht/jgrapht-ext/1.4.0/jgrapht-ext-1.4.0.jar:/home/runner/.m2/repository/org/apache/ratis/ratis-metrics-api/3.1.2/ratis-metrics-api-3.1.2.jar:/home/runner/.m2/repository/org/apache/ratis/ratis-server/3.1.2/ratis-server-3.1.2.jar:/home/runner/.m2/repository/org/eclipse/jetty/jetty-http/9.4.57.v20241219/jetty-http-9.4.57.v20241219.jar:/home/runner/.m2/repository/org/eclipse/jetty/jetty-io/9.4.57.v20241219/jetty-io-9.4.57.v20241219.jar:/home/runner/.m2/repository/org/eclipse/jetty/jetty-server/9.4.57.v20241219/jetty-server-9.4.57.v20241219.jar:/home/runner/.m2/repository/org/eclipse/jetty/jetty-servlet/9.4.57.v20241219/jetty-servlet-9.4.57.v20241219.jar:/home/runner/.m2/repository/org/eclipse/jetty/jetty-security/9.4.57.v20241219/jetty-security-9.4.57.v20241219.jar:/home/runner/.m2/repository/org/eclipse/jetty/jetty-util-ajax/9.4.57.v20241219/jetty-util-ajax-9.4.57.v20241219.jar:/home/runner/.m2/repository/org/eclipse/jetty/jetty-util/9.4.57.v20241219/jetty-util-9.4.57.v20241219.jar:/home/runner/.m2/repository/org/eclipse/jetty/jetty-webapp/9.4.57.v20241219/jetty-webapp-9.4.57.v20241219.jar:/home/runner/.m2/repository/org/eclipse/jetty/jetty-xml/9.4.57.v20241219/jetty-xml-9.4.57.v20241219.jar:/home/runner/.m2/repository/org/glassfish/jersey/containers/jersey-container-servlet-core/2.46/jersey-container-servlet-core-2.46.jar:/home/runner/.m2/repository/org/glassfish/hk2/external/jakarta.inject/2.6.1/jakarta.inject-2.6.1.jar:/home/runner/.m2/repository/org/glassfish/jersey/core/jersey-server/2.46/jersey-server-2.46.jar:/home/runner/.m2/repository/org/glassfish/jersey/core/jersey-client/2.46/jersey-client-2.46.jar:/home/runner/.m2/repository/jakarta/validation/jakarta.validation-api/2.0.2/jakarta.validation-api-2.0.2.jar:/home/runner/.m2/repository/org/rocksdb/rocksdbjni/7.7.3/rocksdbjni-7.7.3.jar:/home/runner/.m2/repository/com/lmax/disruptor/3.4.4/disruptor-3.4.4.jar:/home/runner/.m2/repository/com/nimbusds/nimbus-jose-jwt/9.40/nimbus-jose-jwt-9.40.jar:/home/runner/.m2/repository/commons-cli/commons-cli/1.8.0/commons-cli-1.8.0.jar:/home/runner/.m2/repository/log4j/apache-log4j-extras/1.2.17/apache-log4j-extras-1.2.17.jar:/home/runner/.m2/repository/org/apache/kerby/kerb-core/1.0.1/kerb-core-1.0.1.jar:/home/runner/.m2/repository/org/apache/kerby/kerby-pkix/1.0.1/kerby-pkix-1.0.1.jar:/home/runner/.m2/repository/org/apache/kerby/kerby-asn1/1.0.1/kerby-asn1-1.0.1.jar:/home/runner/.m2/repository/org/apache/kerby/kerb-util/1.0.1/kerb-util-1.0.1.jar:/home/runner/.m2/repository/org/apache/kerby/kerby-config/1.0.1/kerby-config-1.0.1.jar:/home/runner/.m2/repository/org/apache/kerby/kerb-crypto/1.0.1/kerb-crypto-1.0.1.jar:/home/runner/.m2/repository/org/xerial/snappy/snappy-java/1.1.10.7/snappy-java-1.1.10.7.jar:/home/runner/work/ozone/ozone/hadoop-hdds/test-utils/target/hdds-test-utils-2.1.0-SNAPSHOT-tests.jar:/home/runner/work/ozone/ozone/hadoop-ozone/client/target/ozone-client-2.1.0-SNAPSHOT.jar:/home/runner/work/ozone/ozone/hadoop-hdds/client/target/hdds-client-2.1.0-SNAPSHOT.jar:/home/runner/work/ozone/ozone/hadoop-hdds/erasurecode/target/hdds-erasurecode-2.1.0-SNAPSHOT.jar:/home/runner/work/ozone/ozone/hadoop-ozone/common/target/ozone-common-2.1.0-SNAPSHOT.jar:/home/runner/.m2/repository/io/grpc/grpc-netty/1.58.0/grpc-netty-1.58.0.jar:/home/runner/.m2/repository/io/grpc/grpc-core/1.58.0/grpc-core-1.58.0.jar:/home/runner/.m2/repository/com/google/android/annotations/4.1.1.4/annotations-4.1.1.4.jar:/home/runner/.m2/repository/org/codehaus/mojo/animal-sniffer-annotations/1.23/animal-sniffer-annotations-1.23.jar:/home/runner/.m2/repository/io/grpc/grpc-context/1.58.0/grpc-context-1.58.0.jar:/home/runner/.m2/repository/io/grpc/grpc-util/1.58.0/grpc-util-1.58.0.jar:/home/runner/.m2/repository/io/perfmark/perfmark-api/0.26.0/perfmark-api-0.26.0.jar:/home/runner/.m2/repository/io/netty/netty-common/4.1.109.Final/netty-common-4.1.109.Final.jar:/home/runner/.m2/repository/io/netty/netty-handler-proxy/4.1.109.Final/netty-handler-proxy-4.1.109.Final.jar:/home/runner/.m2/repository/io/netty/netty-codec-socks/4.1.109.Final/netty-codec-socks-4.1.109.Final.jar:/home/runner/.m2/repository/org/apache/hadoop/hadoop-hdfs-client/3.4.1/hadoop-hdfs-client-3.4.1.jar:/home/runner/.m2/repository/io/netty/netty-tcnative-boringssl-static/2.0.65.Final/netty-tcnative-boringssl-static-2.0.65.Final.jar:/home/runner/.m2/repository/io/netty/netty-tcnative-classes/2.0.65.Final/netty-tcnative-classes-2.0.65.Final.jar:/home/runner/.m2/repository/io/netty/netty-tcnative-boringssl-static/2.0.65.Final/netty-tcnative-boringssl-static-2.0.65.Final-linux-x86_64.jar:/home/runner/.m2/repository/io/netty/netty-tcnative-boringssl-static/2.0.65.Final/netty-tcnative-boringssl-static-2.0.65.Final-linux-aarch_64.jar:/home/runner/.m2/repository/io/netty/netty-tcnative-boringssl-static/2.0.65.Final/netty-tcnative-boringssl-static-2.0.65.Final-osx-x86_64.jar:/home/runner/.m2/repository/io/netty/netty-tcnative-boringssl-static/2.0.65.Final/netty-tcnative-boringssl-static-2.0.65.Final-osx-aarch_64.jar:/home/runner/.m2/repository/io/netty/netty-tcnative-boringssl-static/2.0.65.Final/netty-tcnative-boringssl-static-2.0.65.Final-windows-x86_64.jar:/home/runner/work/ozone/ozone/hadoop-ozone/interface-client/target/ozone-interface-client-2.1.0-SNAPSHOT.jar:/home/runner/.m2/repository/io/grpc/grpc-protobuf/1.58.0/grpc-protobuf-1.58.0.jar:/home/runner/.m2/repository/com/google/api/grpc/proto-google-common-protos/2.22.0/proto-google-common-protos-2.22.0.jar:/home/runner/.m2/repository/io/grpc/grpc-protobuf-lite/1.58.0/grpc-protobuf-lite-1.58.0.jar:/home/runner/.m2/repository/io/grpc/grpc-stub/1.58.0/grpc-stub-1.58.0.jar:/home/runner/work/ozone/ozone/hadoop-ozone/mini-cluster/target/ozone-mini-cluster-2.1.0-SNAPSHOT.jar:/home/runner/work/ozone/ozone/hadoop-hdds/common/target/hdds-common-2.1.0-SNAPSHOT-tests.jar:/home/runner/work/ozone/ozone/hadoop-hdds/container-service/target/hdds-container-service-2.1.0-SNAPSHOT.jar:/home/runner/.m2/repository/com/github/luben/zstd-jni/1.5.7-3/zstd-jni-1.5.7-3.jar:/home/runner/.m2/repository/io/netty/netty-buffer/4.1.109.Final/netty-buffer-4.1.109.Final.jar:/home/runner/.m2/repository/io/netty/netty-codec/4.1.109.Final/netty-codec-4.1.109.Final.jar:/home/runner/.m2/repository/org/apache/hadoop/hadoop-hdfs/3.4.1/hadoop-hdfs-3.4.1.jar:/home/runner/.m2/repository/commons-daemon/commons-daemon/1.4.0/commons-daemon-1.4.0.jar:/home/runner/work/ozone/ozone/hadoop-hdds/server-scm/target/hdds-server-scm-2.1.0-SNAPSHOT.jar:/home/runner/work/ozone/ozone/hadoop-hdds/server-scm/target/hdds-server-scm-2.1.0-SNAPSHOT-tests.jar:/home/runner/work/ozone/ozone/hadoop-ozone/ozone-manager/target/ozone-manager-2.1.0-SNAPSHOT.jar:/home/runner/.m2/repository/com/sun/jersey/jersey-client/1.19.4/jersey-client-1.19.4.jar:/home/runner/.m2/repository/com/sun/jersey/jersey-core/1.19.4/jersey-core-1.19.4.jar:/home/runner/.m2/repository/javax/ws/rs/jsr311-api/1.1.1/jsr311-api-1.1.1.jar:/home/runner/work/ozone/ozone/hadoop-ozone/interface-storage/target/ozone-interface-storage-2.1.0-SNAPSHOT.jar:/home/runner/.m2/repository/org/apache/ranger/ranger-intg/2.6.0/ranger-intg-2.6.0.jar:/home/runner/.m2/repository/org/apache/ranger/ranger-plugins-common/2.6.0/ranger-plugins-common-2.6.0.jar:/home/runner/.m2/repository/com/fasterxml/jackson/jaxrs/jackson-jaxrs-base/2.16.2/jackson-jaxrs-base-2.16.2.jar:/home/runner/.m2/repository/com/fasterxml/jackson/jaxrs/jackson-jaxrs-json-provider/2.16.2/jackson-jaxrs-json-provider-2.16.2.jar:/home/runner/.m2/repository/com/kstruct/gethostname4j/1.0.0/gethostname4j-1.0.0.jar:/home/runner/.m2/repository/commons-lang/commons-lang/2.6/commons-lang-2.6.jar:/home/runner/.m2/repository/net/java/dev/jna/jna/5.2.0/jna-5.2.0.jar:/home/runner/.m2/repository/net/java/dev/jna/jna-platform/5.2.0/jna-platform-5.2.0.jar:/home/runner/.m2/repository/org/apache/ranger/ranger-plugin-classloader/2.6.0/ranger-plugin-classloader-2.6.0.jar:/home/runner/.m2/repository/org/apache/ranger/ranger-plugins-audit/2.6.0/ranger-plugins-audit-2.6.0.jar:/home/runner/.m2/repository/com/amazonaws/aws-java-sdk-logs/1.12.765/aws-java-sdk-logs-1.12.765.jar:/home/runner/.m2/repository/com/carrotsearch/hppc/0.8.0/hppc-0.8.0.jar:/home/runner/.m2/repository/io/airlift/aircompressor/0.27/aircompressor-0.27.jar:/home/runner/.m2/repository/org/apache/httpcomponents/httpasyncclient/4.1.4/httpasyncclient-4.1.4.jar:/home/runner/.m2/repository/org/apache/httpcomponents/httpcore-nio/4.4.16/httpcore-nio-4.4.16.jar:/home/runner/.m2/repository/org/apache/httpcomponents/httpmime/4.5.13/httpmime-4.5.13.jar:/home/runner/.m2/repository/org/apache/orc/orc-core/1.5.8/orc-core-1.5.8.jar:/home/runner/.m2/repository/org/apache/orc/orc-shims/1.5.8/orc-shims-1.5.8.jar:/home/runner/.m2/repository/org/eclipse/jetty/jetty-client/9.4.57.v20241219/jetty-client-9.4.57.v20241219.jar:/home/runner/.m2/repository/org/apache/ranger/ranger-plugins-cred/2.6.0/ranger-plugins-cred-2.6.0.jar:/home/runner/.m2/repository/org/aspectj/aspectjrt/1.9.7/aspectjrt-1.9.7.jar:/home/runner/.m2/repository/org/aspectj/aspectjweaver/1.9.7/aspectjweaver-1.9.7.jar:/home/runner/work/ozone/ozone/hadoop-ozone/recon/target/ozone-recon-2.1.0-SNAPSHOT.jar:/home/runner/.m2/repository/aopalliance/aopalliance/1.0/aopalliance-1.0.jar:/home/runner/.m2/repository/com/google/inject/guice/6.0.0/guice-6.0.0.jar:/home/runner/.m2/repository/jakarta/inject/jakarta.inject-api/2.0.1/jakarta.inject-api-2.0.1.jar:/home/runner/.m2/repository/com/google/inject/extensions/guice-assistedinject/6.0.0/guice-assistedinject-6.0.0.jar:/home/runner/.m2/repository/com/google/inject/extensions/guice-servlet/6.0.0/guice-servlet-6.0.0.jar:/home/runner/.m2/repository/com/jolbox/bonecp/0.8.0.RELEASE/bonecp-0.8.0.RELEASE.jar:/home/runner/.m2/repository/org/apache/derby/derby/10.14.2.0/derby-10.14.2.0.jar:/home/runner/work/ozone/ozone/hadoop-ozone/cli-admin/target/ozone-cli-admin-2.1.0-SNAPSHOT.jar:/home/runner/.m2/repository/org/glassfish/hk2/guice-bridge/2.6.1/guice-bridge-2.6.1.jar:/home/runner/.m2/repository/org/glassfish/jersey/containers/jersey-container-servlet/2.46/jersey-container-servlet-2.46.jar:/home/runner/.m2/repository/org/glassfish/jersey/media/jersey-media-json-jackson/2.46/jersey-media-json-jackson-2.46.jar:/home/runner/.m2/repository/org/glassfish/jersey/ext/jersey-entity-filtering/2.46/jersey-entity-filtering-2.46.jar:/home/runner/.m2/repository/org/jooq/jooq/3.11.10/jooq-3.11.10.jar:/home/runner/.m2/repository/org/jooq/jooq-codegen/3.11.10/jooq-codegen-3.11.10.jar:/home/runner/.m2/repository/org/jooq/jooq-meta/3.11.10/jooq-meta-3.11.10.jar:/home/runner/.m2/repository/org/springframework/spring-core/5.3.39/spring-core-5.3.39.jar:/home/runner/.m2/repository/org/springframework/spring-jdbc/5.3.39/spring-jdbc-5.3.39.jar:/home/runner/.m2/repository/org/springframework/spring-beans/5.3.39/spring-beans-5.3.39.jar:/home/runner/.m2/repository/org/springframework/spring-tx/5.3.39/spring-tx-5.3.39.jar:/home/runner/.m2/repository/org/xerial/sqlite-jdbc/3.49.1.0/sqlite-jdbc-3.49.1.0.jar:/home/runner/work/ozone/ozone/hadoop-ozone/recon-codegen/target/ozone-reconcodegen-2.1.0-SNAPSHOT.jar:/home/runner/work/ozone/ozone/hadoop-ozone/s3gateway/target/ozone-s3gateway-2.1.0-SNAPSHOT.jar:/home/runner/.m2/repository/com/fasterxml/jackson/dataformat/jackson-dataformat-xml/2.16.2/jackson-dataformat-xml-2.16.2.jar:/home/runner/.m2/repository/com/fasterxml/jackson/module/jackson-module-jaxb-annotations/2.16.2/jackson-module-jaxb-annotations-2.16.2.jar:/home/runner/.m2/repository/io/netty/netty-codec-http2/4.1.109.Final/netty-codec-http2-4.1.109.Final.jar:/home/runner/.m2/repository/io/netty/netty-codec-http/4.1.109.Final/netty-codec-http-4.1.109.Final.jar:/home/runner/.m2/repository/io/netty/netty-transport/4.1.109.Final/netty-transport-4.1.109.Final.jar:/home/runner/.m2/repository/io/netty/netty-resolver/4.1.109.Final/netty-resolver-4.1.109.Final.jar:/home/runner/.m2/repository/io/opentracing/opentracing-noop/0.33.0/opentracing-noop-0.33.0.jar:/home/runner/.m2/repository/javax/enterprise/cdi-api/2.0/cdi-api-2.0.jar:/home/runner/.m2/repository/javax/el/javax.el-api/3.0.0/javax.el-api-3.0.0.jar:/home/runner/.m2/repository/javax/interceptor/javax.interceptor-api/1.2/javax.interceptor-api-1.2.jar:/home/runner/.m2/repository/javax/inject/javax.inject/1/javax.inject-1.jar:/home/runner/.m2/repository/org/apache/httpcomponents/httpcore/4.4.16/httpcore-4.4.16.jar:/home/runner/.m2/repository/org/apache/kerby/kerby-util/1.0.1/kerby-util-1.0.1.jar:/home/runner/.m2/repository/org/glassfish/hk2/hk2-api/2.6.1/hk2-api-2.6.1.jar:/home/runner/.m2/repository/org/glassfish/hk2/hk2-utils/2.6.1/hk2-utils-2.6.1.jar:/home/runner/.m2/repository/org/glassfish/hk2/external/aopalliance-repackaged/2.6.1/aopalliance-repackaged-2.6.1.jar:/home/runner/.m2/repository/org/glassfish/jaxb/jaxb-runtime/2.3.9/jaxb-runtime-2.3.9.jar:/home/runner/.m2/repository/org/glassfish/jaxb/txw2/2.3.9/txw2-2.3.9.jar:/home/runner/.m2/repository/com/sun/istack/istack-commons-runtime/3.0.12/istack-commons-runtime-3.0.12.jar:/home/runner/.m2/repository/com/sun/activation/jakarta.activation/1.2.2/jakarta.activation-1.2.2.jar:/home/runner/.m2/repository/org/glassfish/jersey/core/jersey-common/2.46/jersey-common-2.46.jar:/home/runner/.m2/repository/org/glassfish/hk2/osgi-resource-locator/1.0.3/osgi-resource-locator-1.0.3.jar:/home/runner/.m2/repository/org/glassfish/jersey/ext/cdi/jersey-cdi1x/2.46/jersey-cdi1x-2.46.jar:/home/runner/.m2/repository/org/glassfish/jersey/inject/jersey-hk2/2.46/jersey-hk2-2.46.jar:/home/runner/.m2/repository/org/glassfish/hk2/hk2-locator/2.6.1/hk2-locator-2.6.1.jar:/home/runner/.m2/repository/org/glassfish/jersey/media/jersey-media-jaxb/2.46/jersey-media-jaxb-2.46.jar:/home/runner/.m2/repository/org/javassist/javassist/3.30.2-GA/javassist-3.30.2-GA.jar:/home/runner/.m2/repository/org/jboss/weld/servlet/weld-servlet-shaded/3.1.9.Final/weld-servlet-shaded-3.1.9.Final.jar:/home/runner/.m2/repository/org/apache/ratis/ratis-common/3.1.2/ratis-common-3.1.2.jar:/home/runner/.m2/repository/org/slf4j/slf4j-api/2.0.17/slf4j-api-2.0.17.jar:/home/runner/.m2/repository/software/amazon/awssdk/auth/2.31.25/auth-2.31.25.jar:/home/runner/.m2/repository/software/amazon/awssdk/annotations/2.31.25/annotations-2.31.25.jar:/home/runner/.m2/repository/software/amazon/awssdk/utils/2.31.25/utils-2.31.25.jar:/home/runner/.m2/repository/software/amazon/awssdk/identity-spi/2.31.25/identity-spi-2.31.25.jar:/home/runner/.m2/repository/software/amazon/awssdk/profiles/2.31.25/profiles-2.31.25.jar:/home/runner/.m2/repository/software/amazon/awssdk/http-client-spi/2.31.25/http-client-spi-2.31.25.jar:/home/runner/.m2/repository/software/amazon/awssdk/json-utils/2.31.25/json-utils-2.31.25.jar:/home/runner/.m2/repository/software/amazon/awssdk/third-party-jackson-core/2.31.25/third-party-jackson-core-2.31.25.jar:/home/runner/.m2/repository/software/amazon/awssdk/http-auth-aws/2.31.25/http-auth-aws-2.31.25.jar:/home/runner/.m2/repository/software/amazon/awssdk/http-auth-aws-eventstream/2.31.25/http-auth-aws-eventstream-2.31.25.jar:/home/runner/.m2/repository/software/amazon/awssdk/http-auth/2.31.25/http-auth-2.31.25.jar:/home/runner/.m2/repository/software/amazon/awssdk/http-auth-spi/2.31.25/http-auth-spi-2.31.25.jar:/home/runner/.m2/repository/software/amazon/eventstream/eventstream/1.0.1/eventstream-1.0.1.jar:/home/runner/.m2/repository/software/amazon/awssdk/aws-core/2.31.25/aws-core-2.31.25.jar:/home/runner/.m2/repository/software/amazon/awssdk/metrics-spi/2.31.25/metrics-spi-2.31.25.jar:/home/runner/.m2/repository/software/amazon/awssdk/endpoints-spi/2.31.25/endpoints-spi-2.31.25.jar:/home/runner/.m2/repository/software/amazon/awssdk/retries-spi/2.31.25/retries-spi-2.31.25.jar:/home/runner/.m2/repository/software/amazon/awssdk/retries/2.31.25/retries-2.31.25.jar:/home/runner/.m2/repository/software/amazon/awssdk/regions/2.31.25/regions-2.31.25.jar:/home/runner/.m2/repository/software/amazon/awssdk/s3/2.31.25/s3-2.31.25.jar:/home/runner/.m2/repository/software/amazon/awssdk/aws-xml-protocol/2.31.25/aws-xml-protocol-2.31.25.jar:/home/runner/.m2/repository/software/amazon/awssdk/aws-query-protocol/2.31.25/aws-query-protocol-2.31.25.jar:/home/runner/.m2/repository/software/amazon/awssdk/protocol-core/2.31.25/protocol-core-2.31.25.jar:/home/runner/.m2/repository/software/amazon/awssdk/arns/2.31.25/arns-2.31.25.jar:/home/runner/.m2/repository/software/amazon/awssdk/crt-core/2.31.25/crt-core-2.31.25.jar:/home/runner/.m2/repository/software/amazon/awssdk/checksums/2.31.25/checksums-2.31.25.jar:/home/runner/.m2/repository/software/amazon/awssdk/checksums-spi/2.31.25/checksums-spi-2.31.25.jar:/home/runner/.m2/repository/software/amazon/awssdk/apache-client/2.31.25/apache-client-2.31.25.jar:/home/runner/.m2/repository/software/amazon/awssdk/netty-nio-client/2.31.25/netty-nio-client-2.31.25.jar:/home/runner/.m2/repository/io/netty/netty-transport-classes-epoll/4.1.109.Final/netty-transport-classes-epoll-4.1.109.Final.jar:/home/runner/.m2/repository/software/amazon/awssdk/sdk-core/2.31.25/sdk-core-2.31.25.jar:/home/runner/.m2/repository/org/reactivestreams/reactive-streams/1.0.4/reactive-streams-1.0.4.jar:/home/runner/.m2/repository/org/assertj/assertj-core/3.27.3/assertj-core-3.27.3.jar:/home/runner/.m2/repository/net/bytebuddy/byte-buddy/1.15.11/byte-buddy-1.15.11.jar:/home/runner/.m2/repository/org/junit/jupiter/junit-jupiter-api/5.12.2/junit-jupiter-api-5.12.2.jar:/home/runner/.m2/repository/org/opentest4j/opentest4j/1.3.0/opentest4j-1.3.0.jar:/home/runner/.m2/repository/org/junit/platform/junit-platform-commons/1.12.2/junit-platform-commons-1.12.2.jar:/home/runner/.m2/repository/org/apiguardian/apiguardian-api/1.1.2/apiguardian-api-1.1.2.jar:/home/runner/.m2/repository/org/junit/jupiter/junit-jupiter-params/5.12.2/junit-jupiter-params-5.12.2.jar:/home/runner/.m2/repository/org/mockito/mockito-core/4.11.0/mockito-core-4.11.0.jar:/home/runner/.m2/repository/net/bytebuddy/byte-buddy-agent/1.12.19/byte-buddy-agent-1.12.19.jar:/home/runner/.m2/repository/org/objenesis/objenesis/3.3/objenesis-3.3.jar:/home/runner/.m2/repository/org/mockito/mockito-inline/4.11.0/mockito-inline-4.11.0.jar:/home/runner/.m2/repository/org/mockito/mockito-junit-jupiter/4.11.0/mockito-junit-jupiter-4.11.0.jar:/home/runner/work/ozone/ozone/hadoop-ozone/integration-test-s3/target/gradle-enterprise/test-listeners.jar:"/>
    <property name="sun.cpu.endian" value="little"/>
    <property name="user.home" value="/home/runner"/>
    <property name="user.language" value="en"/>
    <property name="java.specification.vendor" value="Oracle Corporation"/>
    <property name="skipRecon" value="true"/>
    <property name="java.version.date" value="2025-04-15"/>
    <property name="java.home" value="/usr/lib/jvm/temurin-21-jdk-amd64"/>
    <property name="java.security.krb5.conf" value="/home/runner/work/ozone/ozone/hadoop-ozone/integration-test-s3/target/test-classes/krb5.conf"/>
    <property name="file.separator" value="/"/>
    <property name="basedir" value="/home/runner/work/ozone/ozone/hadoop-ozone/integration-test-s3"/>
    <property name="java.vm.compressedOopsMode" value="Zero based"/>
    <property name="line.separator" value="&#10;"/>
    <property name="java.vm.specification.vendor" value="Oracle Corporation"/>
    <property name="java.specification.name" value="Java Platform API Specification"/>
    <property name="surefire.real.class.path" value="/home/runner/work/ozone/ozone/hadoop-ozone/integration-test-s3/target/surefire/surefirebooter-20250512142305530_1184.jar"/>
    <property name="hadoop.log.dir" value="/home/runner/work/ozone/ozone/hadoop-ozone/integration-test-s3/target/log"/>
    <property name="sun.management.compiler" value="HotSpot 64-Bit Tiered Compilers"/>
    <property name="skipShade" value="true"/>
    <property name="java.runtime.version" value="21.0.7+6-LTS"/>
    <property name="user.name" value="runner"/>
    <property name="java.net.preferIPv4Stack" value="true"/>
    <property name="stdout.encoding" value="UTF-8"/>
    <property name="path.separator" value=":"/>
    <property name="java.security.egd" value="file:///dev/urandom"/>
    <property name="os.version" value="6.11.0-1012-azure"/>
    <property name="java.runtime.name" value="OpenJDK Runtime Environment"/>
    <property name="com.gradle.maven.scan.extension.test.listener.junitplatform.NestedExecutionSafeDelegatingTestExecutionListener" value="dc7df28"/>
    <property name="file.encoding" value="UTF-8"/>
    <property name="java.vm.name" value="OpenJDK 64-Bit Server VM"/>
    <property name="rocks_tools_native" value="true"/>
    <property name="java.vendor.version" value="Temurin-21.0.7+6"/>
    <property name="test.build.webapps" value=""/>
    <property name="develocity.listener.surefire.forkId" value="1"/>
    <property name="localRepository" value="/home/runner/.m2/repository"/>
    <property name="java.vendor.url.bug" value="https://github.com/adoptium/adoptium-support/issues"/>
    <property name="jetty.git.hash" value="df524e6b29271c2e09ba9aea83c18dc9db464a31"/>
    <property name="java.io.tmpdir" value="/tmp"/>
    <property name="require.test.libhadoop" value=""/>
    <property name="java.version" value="21.0.7"/>
    <property name="user.dir" value="/home/runner/work/ozone/ozone/hadoop-ozone/integration-test-s3"/>
    <property name="os.arch" value="amd64"/>
    <property name="java.vm.specification.name" value="Java Virtual Machine Specification"/>
    <property name="test.build.classes" value="/home/runner/work/ozone/ozone/hadoop-ozone/integration-test-s3/target/test-classes"/>
    <property name="org.apache.ratis.thirdparty.io.netty.allocator.useCacheForAllThreads" value="false"/>
    <property name="native.encoding" value="UTF-8"/>
    <property name="hadoop.tmp.dir" value="/home/runner/work/ozone/ozone/hadoop-ozone/integration-test-s3/target/tmp"/>
    <property name="java.library.path" value="/usr/java/packages/lib:/usr/lib64:/lib64:/lib:/usr/lib"/>
    <property name="java.vm.info" value="mixed mode, sharing"/>
    <property name="stderr.encoding" value="UTF-8"/>
    <property name="java.vendor" value="Eclipse Adoptium"/>
    <property name="java.vm.version" value="21.0.7+6-LTS"/>
    <property name="sun.io.unicode.encoding" value="UnicodeLittle"/>
    <property name="develocity.listener.port" value="34787"/>
    <property name="java.class.version" value="65.0"/>
  </properties>
  <testcase name="testBucketACLOperations" classname="org.apache.hadoop.ozone.s3.awssdk.v1.TestS3SDKV1WithRatisStreaming" time="0.205">
    <error message="Unable to execute HTTP request: Connect to 0.0.0.0:15050 [/0.0.0.0] failed: Connection refused" type="com.amazonaws.SdkClientException"><![CDATA[com.amazonaws.SdkClientException: Unable to execute HTTP request: Connect to 0.0.0.0:15050 [/0.0.0.0] failed: Connection refused
	at com.amazonaws.http.AmazonHttpClient$RequestExecutor.handleRetryableException(AmazonHttpClient.java:1219)
	at com.amazonaws.http.AmazonHttpClient$RequestExecutor.executeHelper(AmazonHttpClient.java:1165)
	at com.amazonaws.http.AmazonHttpClient$RequestExecutor.doExecute(AmazonHttpClient.java:814)
	at com.amazonaws.http.AmazonHttpClient$RequestExecutor.executeWithTimer(AmazonHttpClient.java:781)
	at com.amazonaws.http.AmazonHttpClient$RequestExecutor.execute(AmazonHttpClient.java:755)
	at com.amazonaws.http.AmazonHttpClient$RequestExecutor.access$500(AmazonHttpClient.java:715)
	at com.amazonaws.http.AmazonHttpClient$RequestExecutionBuilderImpl.execute(AmazonHttpClient.java:697)
	at com.amazonaws.http.AmazonHttpClient.execute(AmazonHttpClient.java:561)
	at com.amazonaws.http.AmazonHttpClient.execute(AmazonHttpClient.java:541)
	at com.amazonaws.services.s3.AmazonS3Client.invoke(AmazonS3Client.java:5520)
	at com.amazonaws.services.s3.AmazonS3Client.invoke(AmazonS3Client.java:5467)
	at com.amazonaws.services.s3.AmazonS3Client.createBucket(AmazonS3Client.java:1161)
	at org.apache.hadoop.ozone.s3.awssdk.v1.AbstractS3SDKV1Tests.testBucketACLOperations(AbstractS3SDKV1Tests.java:241)
	at java.base/java.lang.reflect.Method.invoke(Method.java:580)
	at java.base/java.util.ArrayList.forEach(ArrayList.java:1596)
	at java.base/java.util.ArrayList.forEach(ArrayList.java:1596)
Caused by: org.apache.http.conn.HttpHostConnectException: Connect to 0.0.0.0:15050 [/0.0.0.0] failed: Connection refused
	at org.apache.http.impl.conn.DefaultHttpClientConnectionOperator.connect(DefaultHttpClientConnectionOperator.java:156)
	at org.apache.http.impl.conn.PoolingHttpClientConnectionManager.connect(PoolingHttpClientConnectionManager.java:376)
	at java.base/java.lang.reflect.Method.invoke(Method.java:580)
	at com.amazonaws.http.conn.ClientConnectionManagerFactory$Handler.invoke(ClientConnectionManagerFactory.java:76)
	at com.amazonaws.http.conn.$Proxy147.connect(Unknown Source)
	at org.apache.http.impl.execchain.MainClientExec.establishRoute(MainClientExec.java:393)
	at org.apache.http.impl.execchain.MainClientExec.execute(MainClientExec.java:236)
	at org.apache.http.impl.execchain.ProtocolExec.execute(ProtocolExec.java:186)
	at org.apache.http.impl.client.InternalHttpClient.doExecute(InternalHttpClient.java:185)
	at org.apache.http.impl.client.CloseableHttpClient.execute(CloseableHttpClient.java:83)
	at org.apache.http.impl.client.CloseableHttpClient.execute(CloseableHttpClient.java:56)
	at com.amazonaws.http.apache.client.impl.SdkHttpClient.execute(SdkHttpClient.java:72)
	at com.amazonaws.http.AmazonHttpClient$RequestExecutor.executeOneRequest(AmazonHttpClient.java:1346)
	at com.amazonaws.http.AmazonHttpClient$RequestExecutor.executeHelper(AmazonHttpClient.java:1157)
	... 14 more
Caused by: java.net.ConnectException: Connection refused
	at java.base/sun.nio.ch.Net.pollConnect(Native Method)
	at java.base/sun.nio.ch.Net.pollConnectNow(Net.java:682)
	at java.base/sun.nio.ch.NioSocketImpl.timedFinishConnect(NioSocketImpl.java:549)
	at java.base/sun.nio.ch.NioSocketImpl.connect(NioSocketImpl.java:592)
	at java.base/java.net.SocksSocketImpl.connect(SocksSocketImpl.java:327)
	at java.base/java.net.Socket.connect(Socket.java:751)
	at org.apache.http.conn.socket.PlainConnectionSocketFactory.connectSocket(PlainConnectionSocketFactory.java:75)
	at org.apache.http.impl.conn.DefaultHttpClientConnectionOperator.connect(DefaultHttpClientConnectionOperator.java:142)
	... 27 more
]]></error>
    <system-out><![CDATA[2025-05-12 14:23:07,413 [main] WARN  server.ServerUtils (ServerUtils.java:getScmDbDir(138)) - ozone.scm.db.dirs is not configured. We recommend adding this setting. Falling back to ozone.metadata.dirs instead.
2025-05-12 14:23:07,668 [main] INFO  reflections.Reflections (Reflections.java:scan(219)) - Reflections took 216 ms to scan 5 urls, producing 132 keys and 292 values
2025-05-12 14:23:07,847 [main] INFO  ha.SCMHANodeDetails (SCMHANodeDetails.java:loadSCMHAConfig(162)) - ServiceID for StorageContainerManager is null
2025-05-12 14:23:07,847 [main] INFO  ha.SCMHANodeDetails (SCMHANodeDetails.java:loadSCMHAConfig(166)) - ozone.scm.default.service.id is not defined, falling back to ozone.scm.service.ids to find serviceID for StorageContainerManager if it is HA enabled cluster
2025-05-12 14:23:08,046 [main] INFO  server.RaftServerConfigKeys (ConfUtils.java:logGet(46)) - raft.server.log.appender.buffer.byte-limit = 4194304 (custom)
2025-05-12 14:23:08,110 [main] INFO  server.RaftServer (ConfUtils.java:logGet(46)) - raft.rpc.type = GRPC (default)
2025-05-12 14:23:08,227 [main] INFO  grpc.GrpcConfigKeys (ConfUtils.java:logFallback(53)) - raft.grpc.admin.host = null (fallback to raft.grpc.server.host)
2025-05-12 14:23:08,228 [main] INFO  grpc.GrpcConfigKeys (ConfUtils.java:logFallback(53)) - raft.grpc.admin.port = 15004 (fallback to raft.grpc.server.port)
2025-05-12 14:23:08,229 [main] INFO  grpc.GrpcConfigKeys (ConfUtils.java:logFallback(53)) - raft.grpc.client.host = null (fallback to raft.grpc.server.host)
2025-05-12 14:23:08,229 [main] INFO  grpc.GrpcConfigKeys (ConfUtils.java:logFallback(53)) - raft.grpc.client.port = 15004 (fallback to raft.grpc.server.port)
2025-05-12 14:23:08,231 [main] INFO  grpc.GrpcConfigKeys (ConfUtils.java:logGet(46)) - raft.grpc.server.host = null (default)
2025-05-12 14:23:08,232 [main] INFO  grpc.GrpcConfigKeys (ConfUtils.java:logGet(46)) - raft.grpc.server.port = 15004 (custom)
2025-05-12 14:23:08,232 [main] INFO  server.GrpcService (ConfUtils.java:logGet(46)) - raft.grpc.message.size.max = 5242880 (custom)
2025-05-12 14:23:08,233 [main] INFO  server.GrpcService (ConfUtils.java:logGet(46)) - raft.grpc.flow.control.window = 1MB (=1048576) (default)
2025-05-12 14:23:08,233 [main] INFO  server.RaftServerConfigKeys (ConfUtils.java:logGet(46)) - raft.server.rpc.request.timeout = 30000ms (custom)
2025-05-12 14:23:08,246 [main] INFO  grpc.GrpcConfigKeys (ConfUtils.java:logGet(46)) - raft.grpc.server.heartbeat.channel = true (default)
2025-05-12 14:23:08,253 [main] INFO  server.RaftServerConfigKeys (ConfUtils.java:logGet(46)) - raft.server.log.appender.buffer.byte-limit = 4194304 (custom)
2025-05-12 14:23:08,255 [main] INFO  grpc.GrpcConfigKeys (ConfUtils.java:logGet(46)) - raft.grpc.server.async.request.thread.pool.cached = true (default)
2025-05-12 14:23:08,256 [main] INFO  grpc.GrpcConfigKeys (ConfUtils.java:logGet(46)) - raft.grpc.server.async.request.thread.pool.size = 32 (default)
2025-05-12 14:23:08,494 [main] INFO  impl.DataStreamServerImpl (ConfUtils.java:logGet(46)) - raft.datastream.type = DISABLED (default)
2025-05-12 14:23:08,497 [main] INFO  server.RaftServerConfigKeys (ConfUtils.java:logGet(46)) - raft.server.sleep.deviation.threshold = 300ms (default)
2025-05-12 14:23:08,500 [main] INFO  server.RaftServerConfigKeys (ConfUtils.java:logGet(46)) - raft.server.close.threshold = 60s (default)
2025-05-12 14:23:08,501 [main] INFO  server.RaftServerConfigKeys (ConfUtils.java:logGet(46)) - raft.server.leaderelection.leader.step-down.wait-time = 10s (default)
2025-05-12 14:23:08,506 [main] INFO  server.RaftServerConfigKeys (ConfUtils.java:logGet(46)) - raft.server.storage.dir = [/home/runner/work/ozone/ozone/hadoop-ozone/integration-test-s3/target/test-dir/MiniOzoneClusterImpl-4f0ef3c3-c429-48e0-ae71-8c6302523d84/ozone-meta/scm-ha] (custom)
2025-05-12 14:23:08,509 [main] INFO  server.RaftServerConfigKeys (ConfUtils.java:logGet(46)) - raft.server.threadpool.proxy.cached = true (default)
2025-05-12 14:23:08,510 [main] INFO  server.RaftServerConfigKeys (ConfUtils.java:logGet(46)) - raft.server.threadpool.proxy.size = 0 (default)
2025-05-12 14:23:08,522 [main] INFO  server.RaftServer (RaftServerProxy.java:addNew(100)) - f0ab5fca-9f92-40bd-8337-87c2f3c3b858: addNew group-8C6302523D84:[f0ab5fca-9f92-40bd-8337-87c2f3c3b858|pkrvmberfyhpb9w:15004] returns group-8C6302523D84:java.util.concurrent.CompletableFuture@6e0c6a7a[Not completed]
2025-05-12 14:23:08,554 [f0ab5fca-9f92-40bd-8337-87c2f3c3b858-groupManagement] INFO  server.RaftServer$Division (RaftServerImpl.java:<init>(255)) - f0ab5fca-9f92-40bd-8337-87c2f3c3b858: new RaftServerImpl for group-8C6302523D84:[f0ab5fca-9f92-40bd-8337-87c2f3c3b858|pkrvmberfyhpb9w:15004] with SCMStateMachine:uninitialized
2025-05-12 14:23:08,557 [f0ab5fca-9f92-40bd-8337-87c2f3c3b858-groupManagement] INFO  server.RaftServerConfigKeys (ConfUtils.java:logGet(46)) - raft.server.rpc.timeout.min = 5000ms (custom)
2025-05-12 14:23:08,564 [f0ab5fca-9f92-40bd-8337-87c2f3c3b858-groupManagement] INFO  server.RaftServerConfigKeys (ConfUtils.java:logGet(46)) - raft.server.rpc.timeout.max = 5200ms (custom)
2025-05-12 14:23:08,565 [f0ab5fca-9f92-40bd-8337-87c2f3c3b858-groupManagement] INFO  server.RaftServerConfigKeys (ConfUtils.java:logGet(46)) - raft.server.rpc.sleep.time = 25ms (default)
2025-05-12 14:23:08,566 [f0ab5fca-9f92-40bd-8337-87c2f3c3b858-groupManagement] INFO  server.RaftServerConfigKeys (ConfUtils.java:logGet(46)) - raft.server.rpc.slowness.timeout = 120000ms (custom)
2025-05-12 14:23:08,567 [f0ab5fca-9f92-40bd-8337-87c2f3c3b858-groupManagement] INFO  server.RaftServerConfigKeys (ConfUtils.java:logGet(46)) - raft.server.leaderelection.leader.step-down.wait-time = 10s (default)
2025-05-12 14:23:08,567 [f0ab5fca-9f92-40bd-8337-87c2f3c3b858-groupManagement] INFO  server.RaftServerConfigKeys (ConfUtils.java:logGet(46)) - raft.server.leaderelection.member.majority-add = false (default)
2025-05-12 14:23:08,567 [f0ab5fca-9f92-40bd-8337-87c2f3c3b858-groupManagement] INFO  server.RaftServerConfigKeys (ConfUtils.java:logGet(46)) - raft.server.sleep.deviation.threshold = 300ms (default)
2025-05-12 14:23:08,582 [f0ab5fca-9f92-40bd-8337-87c2f3c3b858-groupManagement] INFO  server.RaftServer$Division (ServerState.java:<init>(114)) - f0ab5fca-9f92-40bd-8337-87c2f3c3b858@group-8C6302523D84: ConfigurationManager, init=conf: {index: -1, cur=peers:[f0ab5fca-9f92-40bd-8337-87c2f3c3b858|pkrvmberfyhpb9w:15004]|listeners:[], old=null}, confs=<EMPTY_MAP>
2025-05-12 14:23:08,590 [f0ab5fca-9f92-40bd-8337-87c2f3c3b858-groupManagement] INFO  server.RaftServerConfigKeys (ConfUtils.java:logGet(46)) - raft.server.notification.no-leader.timeout = 60s (default)
2025-05-12 14:23:08,595 [f0ab5fca-9f92-40bd-8337-87c2f3c3b858-groupManagement] INFO  server.RaftServerConfigKeys (ConfUtils.java:logGet(46)) - raft.server.read.timeout = 10s (default)
2025-05-12 14:23:08,601 [f0ab5fca-9f92-40bd-8337-87c2f3c3b858-groupManagement] INFO  server.RaftServerConfigKeys (ConfUtils.java:logGet(46)) - raft.server.retrycache.expirytime = 60000ms (default)
2025-05-12 14:23:08,601 [f0ab5fca-9f92-40bd-8337-87c2f3c3b858-groupManagement] INFO  server.RaftServerConfigKeys (ConfUtils.java:logGet(46)) - raft.server.retrycache.statistics.expirytime = 100ms (default)
2025-05-12 14:23:08,610 [f0ab5fca-9f92-40bd-8337-87c2f3c3b858-groupManagement] INFO  server.RaftServerConfigKeys (ConfUtils.java:logGet(46)) - raft.server.read.option = DEFAULT (default)
2025-05-12 14:23:08,611 [f0ab5fca-9f92-40bd-8337-87c2f3c3b858-groupManagement] INFO  server.RaftServerConfigKeys (ConfUtils.java:logGet(46)) - raft.server.read.read-after-write-consistent.write-index-cache.expiry-time = 60s (default)
2025-05-12 14:23:08,865 [f0ab5fca-9f92-40bd-8337-87c2f3c3b858-groupManagement] INFO  server.RaftServerConfigKeys (ConfUtils.java:logGet(46)) - raft.server.rpc.request.timeout = 30000ms (custom)
2025-05-12 14:23:08,870 [f0ab5fca-9f92-40bd-8337-87c2f3c3b858-groupManagement] INFO  server.RaftServerConfigKeys (ConfUtils.java:logGet(46)) - raft.server.log.appender.install.snapshot.enabled = false (custom)
2025-05-12 14:23:08,871 [f0ab5fca-9f92-40bd-8337-87c2f3c3b858-groupManagement] INFO  server.RaftServerConfigKeys (ConfUtils.java:logGet(46)) - raft.server.threadpool.server.cached = true (default)
2025-05-12 14:23:08,871 [f0ab5fca-9f92-40bd-8337-87c2f3c3b858-groupManagement] INFO  server.RaftServerConfigKeys (ConfUtils.java:logGet(46)) - raft.server.threadpool.server.size = 0 (default)
2025-05-12 14:23:08,872 [f0ab5fca-9f92-40bd-8337-87c2f3c3b858-groupManagement] INFO  server.RaftServerConfigKeys (ConfUtils.java:logGet(46)) - raft.server.threadpool.client.cached = true (default)
2025-05-12 14:23:08,875 [f0ab5fca-9f92-40bd-8337-87c2f3c3b858-groupManagement] INFO  server.RaftServerConfigKeys (ConfUtils.java:logGet(46)) - raft.server.threadpool.client.size = 0 (default)
2025-05-12 14:23:08,881 [f0ab5fca-9f92-40bd-8337-87c2f3c3b858-impl-thread1] INFO  server.RaftServerConfigKeys (ConfUtils.java:logGet(46)) - raft.server.storage.free-space.min = 0MB (=0) (default)
2025-05-12 14:23:08,884 [f0ab5fca-9f92-40bd-8337-87c2f3c3b858-impl-thread1] INFO  server.RaftServerConfigKeys (ConfUtils.java:logGet(46)) - raft.server.log.corruption.policy = EXCEPTION (default)
2025-05-12 14:23:08,884 [f0ab5fca-9f92-40bd-8337-87c2f3c3b858-impl-thread1] INFO  server.RaftServerConfigKeys (ConfUtils.java:logGet(46)) - raft.server.storage.dir = [/home/runner/work/ozone/ozone/hadoop-ozone/integration-test-s3/target/test-dir/MiniOzoneClusterImpl-4f0ef3c3-c429-48e0-ae71-8c6302523d84/ozone-meta/scm-ha] (custom)
2025-05-12 14:23:08,893 [f0ab5fca-9f92-40bd-8337-87c2f3c3b858-impl-thread1] INFO  storage.RaftStorageDirectory (RaftStorageDirectoryImpl.java:analyzeStorage(138)) - The storage directory /home/runner/work/ozone/ozone/hadoop-ozone/integration-test-s3/target/test-dir/MiniOzoneClusterImpl-4f0ef3c3-c429-48e0-ae71-8c6302523d84/ozone-meta/scm-ha/4f0ef3c3-c429-48e0-ae71-8c6302523d84 does not exist. Creating ...
2025-05-12 14:23:08,895 [f0ab5fca-9f92-40bd-8337-87c2f3c3b858-impl-thread1] INFO  storage.RaftStorageDirectory (RaftStorageDirectoryImpl.java:tryLock(229)) - Lock on /home/runner/work/ozone/ozone/hadoop-ozone/integration-test-s3/target/test-dir/MiniOzoneClusterImpl-4f0ef3c3-c429-48e0-ae71-8c6302523d84/ozone-meta/scm-ha/4f0ef3c3-c429-48e0-ae71-8c6302523d84/in_use.lock acquired by nodename 70950@pkrvmberfyhpb9w
2025-05-12 14:23:08,899 [f0ab5fca-9f92-40bd-8337-87c2f3c3b858-impl-thread1] INFO  storage.RaftStorage (RaftStorageImpl.java:format(98)) - Storage directory /home/runner/work/ozone/ozone/hadoop-ozone/integration-test-s3/target/test-dir/MiniOzoneClusterImpl-4f0ef3c3-c429-48e0-ae71-8c6302523d84/ozone-meta/scm-ha/4f0ef3c3-c429-48e0-ae71-8c6302523d84 has been successfully formatted.
2025-05-12 14:23:08,901 [f0ab5fca-9f92-40bd-8337-87c2f3c3b858-impl-thread1] INFO  ha.SCMStateMachine (SCMStateMachine.java:lambda$initialize$0(135)) - f0ab5fca-9f92-40bd-8337-87c2f3c3b858: initialize group-8C6302523D84
2025-05-12 14:23:08,902 [f0ab5fca-9f92-40bd-8337-87c2f3c3b858-impl-thread1] INFO  server.RaftServerConfigKeys (ConfUtils.java:logGet(46)) - raft.server.log.use.memory = false (default)
2025-05-12 14:23:08,912 [f0ab5fca-9f92-40bd-8337-87c2f3c3b858-impl-thread1] INFO  server.RaftServerConfigKeys (ConfUtils.java:logGet(46)) - raft.server.log.purge.gap = 1000000 (custom)
2025-05-12 14:23:08,913 [f0ab5fca-9f92-40bd-8337-87c2f3c3b858-impl-thread1] INFO  server.RaftServerConfigKeys (ConfUtils.java:logGet(46)) - raft.server.log.appender.buffer.byte-limit = 4194304 (custom)
2025-05-12 14:23:08,914 [f0ab5fca-9f92-40bd-8337-87c2f3c3b858-impl-thread1] INFO  server.RaftServerConfigKeys (ConfUtils.java:logGet(46)) - raft.server.log.statemachine.data.read.timeout = 1000ms (default)
2025-05-12 14:23:08,916 [f0ab5fca-9f92-40bd-8337-87c2f3c3b858-impl-thread1] INFO  server.RaftServerConfigKeys (ConfUtils.java:logGet(46)) - raft.server.log.purge.preservation.log.num = 0 (default)
2025-05-12 14:23:08,924 [f0ab5fca-9f92-40bd-8337-87c2f3c3b858-impl-thread1] INFO  server.RaftServerConfigKeys (ConfUtils.java:logGet(46)) - raft.server.log.segment.size.max = 4194304 (custom)
2025-05-12 14:23:08,931 [f0ab5fca-9f92-40bd-8337-87c2f3c3b858-impl-thread1] INFO  server.RaftServerConfigKeys (ConfUtils.java:logGet(46)) - raft.server.log.segment.cache.num.max = 2 (custom)
2025-05-12 14:23:08,932 [f0ab5fca-9f92-40bd-8337-87c2f3c3b858-impl-thread1] INFO  server.RaftServerConfigKeys (ConfUtils.java:logGet(46)) - raft.server.log.segment.cache.size.max = 200MB (=209715200) (default)
2025-05-12 14:23:08,932 [f0ab5fca-9f92-40bd-8337-87c2f3c3b858-impl-thread1] INFO  server.RaftServerConfigKeys (ConfUtils.java:logGet(46)) - raft.server.log.appender.buffer.byte-limit = 4194304 (custom)
2025-05-12 14:23:08,939 [f0ab5fca-9f92-40bd-8337-87c2f3c3b858-impl-thread1] INFO  util.AwaitToRun (AwaitToRun.java:start(81)) - Thread[#39,f0ab5fca-9f92-40bd-8337-87c2f3c3b858@group-8C6302523D84-cacheEviction-AwaitToRun,5,main] started
2025-05-12 14:23:08,945 [f0ab5fca-9f92-40bd-8337-87c2f3c3b858-impl-thread1] INFO  segmented.SegmentedRaftLogWorker (SegmentedRaftLogWorker.java:<init>(188)) - new f0ab5fca-9f92-40bd-8337-87c2f3c3b858@group-8C6302523D84-SegmentedRaftLogWorker for RaftStorageImpl:Storage Directory /home/runner/work/ozone/ozone/hadoop-ozone/integration-test-s3/target/test-dir/MiniOzoneClusterImpl-4f0ef3c3-c429-48e0-ae71-8c6302523d84/ozone-meta/scm-ha/4f0ef3c3-c429-48e0-ae71-8c6302523d84
2025-05-12 14:23:08,946 [f0ab5fca-9f92-40bd-8337-87c2f3c3b858-impl-thread1] INFO  server.RaftServerConfigKeys (ConfUtils.java:logGet(46)) - raft.server.log.queue.byte-limit = 64MB (=67108864) (default)
2025-05-12 14:23:08,947 [f0ab5fca-9f92-40bd-8337-87c2f3c3b858-impl-thread1] INFO  server.RaftServerConfigKeys (ConfUtils.java:logGet(46)) - raft.server.log.queue.element-limit = 4096 (default)
2025-05-12 14:23:08,948 [f0ab5fca-9f92-40bd-8337-87c2f3c3b858-impl-thread1] INFO  server.RaftServerConfigKeys (ConfUtils.java:logGet(46)) - raft.server.log.segment.size.max = 4194304 (custom)
2025-05-12 14:23:08,949 [f0ab5fca-9f92-40bd-8337-87c2f3c3b858-impl-thread1] INFO  server.RaftServerConfigKeys (ConfUtils.java:logGet(46)) - raft.server.log.preallocated.size = 4194304 (custom)
2025-05-12 14:23:08,952 [f0ab5fca-9f92-40bd-8337-87c2f3c3b858-impl-thread1] INFO  server.RaftServerConfigKeys (ConfUtils.java:logGet(46)) - raft.server.log.force.sync.num = 128 (default)
2025-05-12 14:23:08,953 [f0ab5fca-9f92-40bd-8337-87c2f3c3b858-impl-thread1] INFO  server.RaftServerConfigKeys (ConfUtils.java:logGet(46)) - raft.server.log.statemachine.data.sync = true (default)
2025-05-12 14:23:08,953 [f0ab5fca-9f92-40bd-8337-87c2f3c3b858-impl-thread1] INFO  server.RaftServerConfigKeys (ConfUtils.java:logGet(46)) - raft.server.log.statemachine.data.sync.timeout = 10s (default)
2025-05-12 14:23:08,954 [f0ab5fca-9f92-40bd-8337-87c2f3c3b858-impl-thread1] INFO  server.RaftServerConfigKeys (ConfUtils.java:logGet(46)) - raft.server.log.statemachine.data.sync.timeout.retry = -1 (default)
2025-05-12 14:23:08,958 [f0ab5fca-9f92-40bd-8337-87c2f3c3b858-impl-thread1] INFO  server.RaftServerConfigKeys (ConfUtils.java:logGet(46)) - raft.server.log.write.buffer.size = 4194312 (custom)
2025-05-12 14:23:08,960 [f0ab5fca-9f92-40bd-8337-87c2f3c3b858-impl-thread1] INFO  server.RaftServerConfigKeys (ConfUtils.java:logGet(46)) - raft.server.log.appender.buffer.byte-limit = 4194304 (custom)
2025-05-12 14:23:08,964 [f0ab5fca-9f92-40bd-8337-87c2f3c3b858-impl-thread1] INFO  server.RaftServerConfigKeys (ConfUtils.java:logGet(46)) - raft.server.log.unsafe-flush.enabled = false (default)
2025-05-12 14:23:08,964 [f0ab5fca-9f92-40bd-8337-87c2f3c3b858-impl-thread1] INFO  server.RaftServerConfigKeys (ConfUtils.java:logGet(46)) - raft.server.log.async-flush.enabled = false (default)
2025-05-12 14:23:08,964 [f0ab5fca-9f92-40bd-8337-87c2f3c3b858-impl-thread1] INFO  server.RaftServerConfigKeys (ConfUtils.java:logGet(46)) - raft.server.log.statemachine.data.caching.enabled = false (default)
2025-05-12 14:23:08,975 [f0ab5fca-9f92-40bd-8337-87c2f3c3b858-impl-thread1] INFO  segmented.SegmentedRaftLogWorker (SegmentedRaftLogWorker.java:lambda$new$0(139)) - f0ab5fca-9f92-40bd-8337-87c2f3c3b858@group-8C6302523D84-SegmentedRaftLogWorker: flushIndex: setUnconditionally 0 -> -1
2025-05-12 14:23:08,975 [f0ab5fca-9f92-40bd-8337-87c2f3c3b858-impl-thread1] INFO  segmented.SegmentedRaftLogWorker (SegmentedRaftLogWorker.java:lambda$new$0(139)) - f0ab5fca-9f92-40bd-8337-87c2f3c3b858@group-8C6302523D84-SegmentedRaftLogWorker: safeCacheEvictIndex: setUnconditionally 0 -> -1
2025-05-12 14:23:08,979 [f0ab5fca-9f92-40bd-8337-87c2f3c3b858-impl-thread1] INFO  server.RaftServer$Division (RaftServerImpl.java:start(391)) - f0ab5fca-9f92-40bd-8337-87c2f3c3b858@group-8C6302523D84: start as a follower, conf=conf: {index: -1, cur=peers:[f0ab5fca-9f92-40bd-8337-87c2f3c3b858|pkrvmberfyhpb9w:15004]|listeners:[], old=null}
2025-05-12 14:23:08,980 [f0ab5fca-9f92-40bd-8337-87c2f3c3b858-impl-thread1] INFO  server.RaftServer$Division (RaftServerImpl.java:setRole(378)) - f0ab5fca-9f92-40bd-8337-87c2f3c3b858@group-8C6302523D84: changes role from      null to FOLLOWER at term 0 for startAsFollower
2025-05-12 14:23:08,981 [f0ab5fca-9f92-40bd-8337-87c2f3c3b858-impl-thread1] INFO  impl.RoleInfo (RoleInfo.java:updateAndGet(148)) - f0ab5fca-9f92-40bd-8337-87c2f3c3b858: start f0ab5fca-9f92-40bd-8337-87c2f3c3b858@group-8C6302523D84-FollowerState
2025-05-12 14:23:08,984 [f0ab5fca-9f92-40bd-8337-87c2f3c3b858@group-8C6302523D84-FollowerState] INFO  server.RaftServerConfigKeys (ConfUtils.java:logGet(46)) - raft.server.rpc.first-election.timeout.min = 1000ms (custom)
2025-05-12 14:23:08,984 [f0ab5fca-9f92-40bd-8337-87c2f3c3b858@group-8C6302523D84-FollowerState] INFO  server.RaftServerConfigKeys (ConfUtils.java:logGet(46)) - raft.server.rpc.first-election.timeout.max = 1200ms (custom)
2025-05-12 14:23:08,986 [f0ab5fca-9f92-40bd-8337-87c2f3c3b858-impl-thread1] INFO  util.JmxRegister (JmxRegister.java:tryRegister(44)) - Successfully registered JMX Bean with object name Ratis:service=RaftServer,group=group-8C6302523D84,id=f0ab5fca-9f92-40bd-8337-87c2f3c3b858
2025-05-12 14:23:08,986 [f0ab5fca-9f92-40bd-8337-87c2f3c3b858-impl-thread1] INFO  util.JmxRegister (JmxRegister.java:register(58)) - register mxBean class org.apache.ratis.server.impl.RaftServerJmxAdapter as Ratis:service=RaftServer,group=group-8C6302523D84,id=f0ab5fca-9f92-40bd-8337-87c2f3c3b858
2025-05-12 14:23:08,991 [f0ab5fca-9f92-40bd-8337-87c2f3c3b858-impl-thread1] INFO  server.RaftServerConfigKeys (ConfUtils.java:logGet(46)) - raft.server.snapshot.trigger-when-stop.enabled = true (default)
2025-05-12 14:23:08,991 [f0ab5fca-9f92-40bd-8337-87c2f3c3b858-impl-thread1] INFO  server.RaftServerConfigKeys (ConfUtils.java:logGet(46)) - raft.server.snapshot.trigger-when-remove.enabled = true (default)
2025-05-12 14:23:08,992 [f0ab5fca-9f92-40bd-8337-87c2f3c3b858-impl-thread1] INFO  server.RaftServerConfigKeys (ConfUtils.java:logGet(46)) - raft.server.snapshot.auto.trigger.enabled = true (custom)
2025-05-12 14:23:08,992 [f0ab5fca-9f92-40bd-8337-87c2f3c3b858-impl-thread1] INFO  server.RaftServerConfigKeys (ConfUtils.java:logGet(46)) - raft.server.snapshot.auto.trigger.threshold = 1000 (custom)
2025-05-12 14:23:08,992 [f0ab5fca-9f92-40bd-8337-87c2f3c3b858-impl-thread1] INFO  server.RaftServerConfigKeys (ConfUtils.java:logGet(46)) - raft.server.snapshot.retention.file.num = -1 (default)
2025-05-12 14:23:08,993 [f0ab5fca-9f92-40bd-8337-87c2f3c3b858-impl-thread1] INFO  server.RaftServerConfigKeys (ConfUtils.java:logGet(46)) - raft.server.log.purge.upto.snapshot.index = false (default)
2025-05-12 14:23:08,998 [f0ab5fca-9f92-40bd-8337-87c2f3c3b858-impl-thread1] INFO  server.RaftServer$Division (RaftServerImpl.java:start(405)) - f0ab5fca-9f92-40bd-8337-87c2f3c3b858@group-8C6302523D84: Successfully started.
2025-05-12 14:23:08,998 [main] INFO  server.RaftServer (RaftServerProxy.java:startImpl(407)) - f0ab5fca-9f92-40bd-8337-87c2f3c3b858: start RPC server
2025-05-12 14:23:09,036 [main] INFO  server.GrpcService (GrpcService.java:startImpl(334)) - f0ab5fca-9f92-40bd-8337-87c2f3c3b858: GrpcService started, listening on 15004
2025-05-12 14:23:09,039 [JvmPauseMonitor0] INFO  util.JvmPauseMonitor (JvmPauseMonitor.java:run(146)) - JvmPauseMonitor-f0ab5fca-9f92-40bd-8337-87c2f3c3b858: Started
2025-05-12 14:23:10,048 [f0ab5fca-9f92-40bd-8337-87c2f3c3b858@group-8C6302523D84-FollowerState] INFO  impl.FollowerState (FollowerState.java:runImpl(161)) - f0ab5fca-9f92-40bd-8337-87c2f3c3b858@group-8C6302523D84-FollowerState: change to CANDIDATE, lastRpcElapsedTime:1067881474ns, electionTimeout:1063ms
2025-05-12 14:23:10,049 [f0ab5fca-9f92-40bd-8337-87c2f3c3b858@group-8C6302523D84-FollowerState] INFO  impl.RoleInfo (RoleInfo.java:shutdownFollowerState(121)) - f0ab5fca-9f92-40bd-8337-87c2f3c3b858: shutdown f0ab5fca-9f92-40bd-8337-87c2f3c3b858@group-8C6302523D84-FollowerState
2025-05-12 14:23:10,050 [f0ab5fca-9f92-40bd-8337-87c2f3c3b858@group-8C6302523D84-FollowerState] INFO  server.RaftServer$Division (RaftServerImpl.java:setRole(378)) - f0ab5fca-9f92-40bd-8337-87c2f3c3b858@group-8C6302523D84: changes role from  FOLLOWER to CANDIDATE at term 0 for changeToCandidate
2025-05-12 14:23:10,052 [f0ab5fca-9f92-40bd-8337-87c2f3c3b858@group-8C6302523D84-FollowerState] INFO  server.RaftServerConfigKeys (ConfUtils.java:logGet(46)) - raft.server.leaderelection.pre-vote = true (default)
2025-05-12 14:23:10,052 [f0ab5fca-9f92-40bd-8337-87c2f3c3b858@group-8C6302523D84-FollowerState] INFO  impl.RoleInfo (RoleInfo.java:updateAndGet(148)) - f0ab5fca-9f92-40bd-8337-87c2f3c3b858: start f0ab5fca-9f92-40bd-8337-87c2f3c3b858@group-8C6302523D84-LeaderElection1
2025-05-12 14:23:10,055 [f0ab5fca-9f92-40bd-8337-87c2f3c3b858@group-8C6302523D84-LeaderElection1] INFO  impl.LeaderElection (LeaderElection.java:askForVotes(332)) - f0ab5fca-9f92-40bd-8337-87c2f3c3b858@group-8C6302523D84-LeaderElection1 PRE_VOTE round 0: submit vote requests at term 0 for conf: {index: -1, cur=peers:[f0ab5fca-9f92-40bd-8337-87c2f3c3b858|pkrvmberfyhpb9w:15004]|listeners:[], old=null}
2025-05-12 14:23:10,056 [f0ab5fca-9f92-40bd-8337-87c2f3c3b858@group-8C6302523D84-LeaderElection1] INFO  impl.LeaderElection (LeaderElection.java:askForVotes(334)) - f0ab5fca-9f92-40bd-8337-87c2f3c3b858@group-8C6302523D84-LeaderElection1 PRE_VOTE round 0: result PASSED (term=0)
2025-05-12 14:23:10,060 [f0ab5fca-9f92-40bd-8337-87c2f3c3b858@group-8C6302523D84-LeaderElection1] INFO  impl.LeaderElection (LeaderElection.java:askForVotes(332)) - f0ab5fca-9f92-40bd-8337-87c2f3c3b858@group-8C6302523D84-LeaderElection1 ELECTION round 0: submit vote requests at term 1 for conf: {index: -1, cur=peers:[f0ab5fca-9f92-40bd-8337-87c2f3c3b858|pkrvmberfyhpb9w:15004]|listeners:[], old=null}
2025-05-12 14:23:10,060 [f0ab5fca-9f92-40bd-8337-87c2f3c3b858@group-8C6302523D84-LeaderElection1] INFO  impl.LeaderElection (LeaderElection.java:askForVotes(334)) - f0ab5fca-9f92-40bd-8337-87c2f3c3b858@group-8C6302523D84-LeaderElection1 ELECTION round 0: result PASSED (term=1)
2025-05-12 14:23:10,060 [f0ab5fca-9f92-40bd-8337-87c2f3c3b858@group-8C6302523D84-LeaderElection1] INFO  impl.RoleInfo (RoleInfo.java:shutdownLeaderElection(141)) - f0ab5fca-9f92-40bd-8337-87c2f3c3b858: shutdown f0ab5fca-9f92-40bd-8337-87c2f3c3b858@group-8C6302523D84-LeaderElection1
2025-05-12 14:23:10,060 [f0ab5fca-9f92-40bd-8337-87c2f3c3b858@group-8C6302523D84-LeaderElection1] INFO  server.RaftServer$Division (RaftServerImpl.java:setRole(378)) - f0ab5fca-9f92-40bd-8337-87c2f3c3b858@group-8C6302523D84: changes role from CANDIDATE to LEADER at term 1 for changeToLeader
2025-05-12 14:23:10,065 [f0ab5fca-9f92-40bd-8337-87c2f3c3b858@group-8C6302523D84-LeaderElection1] INFO  server.RaftServerConfigKeys (ConfUtils.java:logGet(46)) - raft.server.staging.catchup.gap = 1000 (default)
2025-05-12 14:23:10,067 [f0ab5fca-9f92-40bd-8337-87c2f3c3b858@group-8C6302523D84-LeaderElection1] INFO  server.RaftServerConfigKeys (ConfUtils.java:logGet(46)) - raft.server.write.element-limit = 4096 (default)
2025-05-12 14:23:10,068 [f0ab5fca-9f92-40bd-8337-87c2f3c3b858@group-8C6302523D84-LeaderElection1] INFO  server.RaftServerConfigKeys (ConfUtils.java:logGet(46)) - raft.server.write.byte-limit = 64MB (=67108864) (default)
2025-05-12 14:23:10,071 [f0ab5fca-9f92-40bd-8337-87c2f3c3b858@group-8C6302523D84-LeaderElection1] INFO  server.RaftServerConfigKeys (ConfUtils.java:logGet(46)) - raft.server.watch.timeout = 10s (default)
2025-05-12 14:23:10,071 [f0ab5fca-9f92-40bd-8337-87c2f3c3b858@group-8C6302523D84-LeaderElection1] INFO  server.RaftServerConfigKeys (ConfUtils.java:logGet(46)) - raft.server.watch.timeout.denomination = 1s (default)
2025-05-12 14:23:10,072 [f0ab5fca-9f92-40bd-8337-87c2f3c3b858@group-8C6302523D84-LeaderElection1] INFO  server.RaftServerConfigKeys (ConfUtils.java:logGet(46)) - raft.server.watch.element-limit = 65536 (default)
2025-05-12 14:23:10,078 [f0ab5fca-9f92-40bd-8337-87c2f3c3b858@group-8C6302523D84-LeaderElection1] INFO  server.RaftServerConfigKeys (ConfUtils.java:logGet(46)) - raft.server.read.leader.lease.enabled = false (default)
2025-05-12 14:23:10,080 [f0ab5fca-9f92-40bd-8337-87c2f3c3b858@group-8C6302523D84-LeaderElection1] INFO  server.RaftServerConfigKeys (ConfUtils.java:logGet(46)) - raft.server.read.leader.lease.timeout.ratio = 0.9 (default)
2025-05-12 14:23:10,080 [f0ab5fca-9f92-40bd-8337-87c2f3c3b858@group-8C6302523D84-LeaderElection1] INFO  server.RaftServerConfigKeys (ConfUtils.java:logGet(46)) - raft.server.rpc.timeout.min = 5000ms (custom)
2025-05-12 14:23:10,081 [f0ab5fca-9f92-40bd-8337-87c2f3c3b858@group-8C6302523D84-LeaderElection1] INFO  server.RaftServerConfigKeys (ConfUtils.java:logGet(46)) - raft.server.log.log-metadata.enabled = true (default)
2025-05-12 14:23:10,081 [f0ab5fca-9f92-40bd-8337-87c2f3c3b858@group-8C6302523D84-LeaderElection1] INFO  server.RaftServerConfigKeys (ConfUtils.java:logGet(46)) - raft.server.write.element-limit = 4096 (default)
2025-05-12 14:23:10,081 [f0ab5fca-9f92-40bd-8337-87c2f3c3b858@group-8C6302523D84-LeaderElection1] INFO  server.RaftServerConfigKeys (ConfUtils.java:logGet(46)) - raft.server.write.follower.gap.ratio.max = -1.0 (default)
2025-05-12 14:23:10,084 [f0ab5fca-9f92-40bd-8337-87c2f3c3b858@group-8C6302523D84-LeaderElection1] INFO  impl.RoleInfo (RoleInfo.java:updateAndGet(148)) - f0ab5fca-9f92-40bd-8337-87c2f3c3b858: start f0ab5fca-9f92-40bd-8337-87c2f3c3b858@group-8C6302523D84-LeaderStateImpl
2025-05-12 14:23:10,084 [f0ab5fca-9f92-40bd-8337-87c2f3c3b858@group-8C6302523D84-LeaderElection1] INFO  server.RaftServer$Division (RaftServerImpl.java:setFirstElection(562)) - f0ab5fca-9f92-40bd-8337-87c2f3c3b858@group-8C6302523D84: set firstElectionSinceStartup to false for becomeLeader
2025-05-12 14:23:10,084 [f0ab5fca-9f92-40bd-8337-87c2f3c3b858@group-8C6302523D84-LeaderElection1] INFO  server.RaftServer$Division (ServerState.java:setLeader(272)) - f0ab5fca-9f92-40bd-8337-87c2f3c3b858@group-8C6302523D84: change Leader from null to f0ab5fca-9f92-40bd-8337-87c2f3c3b858 at term 1 for becomeLeader, leader elected after 1494ms
2025-05-12 14:23:10,107 [f0ab5fca-9f92-40bd-8337-87c2f3c3b858@group-8C6302523D84-LeaderElection1] INFO  segmented.SegmentedRaftLogWorker (SegmentedRaftLogWorker.java:startLogSegment(438)) - f0ab5fca-9f92-40bd-8337-87c2f3c3b858@group-8C6302523D84-SegmentedRaftLogWorker: Starting segment from index:0
2025-05-12 14:23:10,126 [f0ab5fca-9f92-40bd-8337-87c2f3c3b858@group-8C6302523D84-LeaderElection1] INFO  server.RaftServer$Division (ServerState.java:setRaftConf(386)) - f0ab5fca-9f92-40bd-8337-87c2f3c3b858@group-8C6302523D84: set configuration conf: {index: 0, cur=peers:[f0ab5fca-9f92-40bd-8337-87c2f3c3b858|pkrvmberfyhpb9w:15004]|listeners:[], old=null}
2025-05-12 14:23:10,136 [f0ab5fca-9f92-40bd-8337-87c2f3c3b858@group-8C6302523D84-SegmentedRaftLogWorker] INFO  segmented.BufferedWriteChannel (BufferedWriteChannel.java:open(61)) - open log_inprogress_0 at position 0
2025-05-12 14:23:10,143 [f0ab5fca-9f92-40bd-8337-87c2f3c3b858@group-8C6302523D84-SegmentedRaftLogWorker] INFO  segmented.SegmentedRaftLogWorker (SegmentedRaftLogWorker.java:execute(644)) - f0ab5fca-9f92-40bd-8337-87c2f3c3b858@group-8C6302523D84-SegmentedRaftLogWorker: created new log segment /home/runner/work/ozone/ozone/hadoop-ozone/integration-test-s3/target/test-dir/MiniOzoneClusterImpl-4f0ef3c3-c429-48e0-ae71-8c6302523d84/ozone-meta/scm-ha/4f0ef3c3-c429-48e0-ae71-8c6302523d84/current/log_inprogress_0
2025-05-12 14:23:10,155 [f0ab5fca-9f92-40bd-8337-87c2f3c3b858@group-8C6302523D84-StateMachineUpdater] INFO  server.RaftServer$Division (LeaderStateImpl.java:checkStartIndex(313)) - Leader f0ab5fca-9f92-40bd-8337-87c2f3c3b858@group-8C6302523D84-LeaderStateImpl is ready since appliedIndex == startIndex == 0
2025-05-12 14:23:11,040 [main] INFO  server.RaftServer (RaftServerProxy.java:lambda$close$9(417)) - f0ab5fca-9f92-40bd-8337-87c2f3c3b858: close
2025-05-12 14:23:11,041 [f0ab5fca-9f92-40bd-8337-87c2f3c3b858-impl-thread1] INFO  server.RaftServer$Division (RaftServerImpl.java:lambda$close$1(513)) - f0ab5fca-9f92-40bd-8337-87c2f3c3b858@group-8C6302523D84: shutdown
2025-05-12 14:23:11,042 [f0ab5fca-9f92-40bd-8337-87c2f3c3b858-impl-thread1] INFO  util.JmxRegister (JmxRegister.java:unregister(74)) - Successfully un-registered JMX Bean with object name Ratis:service=RaftServer,group=group-8C6302523D84,id=f0ab5fca-9f92-40bd-8337-87c2f3c3b858
2025-05-12 14:23:11,042 [f0ab5fca-9f92-40bd-8337-87c2f3c3b858-impl-thread1] INFO  impl.RoleInfo (RoleInfo.java:shutdownLeaderState(103)) - f0ab5fca-9f92-40bd-8337-87c2f3c3b858: shutdown f0ab5fca-9f92-40bd-8337-87c2f3c3b858@group-8C6302523D84-LeaderStateImpl
2025-05-12 14:23:11,044 [main] INFO  server.GrpcService (GrpcService.java:closeImpl(343)) - f0ab5fca-9f92-40bd-8337-87c2f3c3b858: shutdown server GrpcServerProtocolService now
2025-05-12 14:23:11,048 [f0ab5fca-9f92-40bd-8337-87c2f3c3b858-impl-thread1] INFO  impl.PendingRequests (PendingRequests.java:sendNotLeaderResponses(287)) - f0ab5fca-9f92-40bd-8337-87c2f3c3b858@group-8C6302523D84-PendingRequests: sendNotLeaderResponses
2025-05-12 14:23:11,052 [main] INFO  server.GrpcService (GrpcService.java:closeImpl(352)) - f0ab5fca-9f92-40bd-8337-87c2f3c3b858: shutdown server GrpcServerProtocolService successfully
2025-05-12 14:23:11,054 [f0ab5fca-9f92-40bd-8337-87c2f3c3b858-impl-thread1] INFO  impl.StateMachineUpdater (StateMachineUpdater.java:stopAndJoin(164)) - f0ab5fca-9f92-40bd-8337-87c2f3c3b858@group-8C6302523D84-StateMachineUpdater: set stopIndex = 0
2025-05-12 14:23:11,055 [f0ab5fca-9f92-40bd-8337-87c2f3c3b858@group-8C6302523D84-StateMachineUpdater] INFO  impl.StateMachineUpdater (StateMachineUpdater.java:takeSnapshot(303)) - f0ab5fca-9f92-40bd-8337-87c2f3c3b858@group-8C6302523D84-StateMachineUpdater: Took a snapshot at index 0
2025-05-12 14:23:11,056 [f0ab5fca-9f92-40bd-8337-87c2f3c3b858@group-8C6302523D84-StateMachineUpdater] INFO  impl.StateMachineUpdater (StateMachineUpdater.java:lambda$new$0(102)) - f0ab5fca-9f92-40bd-8337-87c2f3c3b858@group-8C6302523D84-StateMachineUpdater: snapshotIndex: updateIncreasingly -1 -> 0
2025-05-12 14:23:11,058 [f0ab5fca-9f92-40bd-8337-87c2f3c3b858@group-8C6302523D84-StateMachineUpdater] INFO  impl.StateMachineUpdater (StateMachineUpdater.java:stop(141)) - f0ab5fca-9f92-40bd-8337-87c2f3c3b858@group-8C6302523D84-StateMachineUpdater: closing SCMStateMachine, lastApplied=(t:1, i:0)
2025-05-12 14:23:11,058 [f0ab5fca-9f92-40bd-8337-87c2f3c3b858@group-8C6302523D84-cacheEviction-AwaitToRun] INFO  util.AwaitToRun (AwaitToRun.java:run(49)) - f0ab5fca-9f92-40bd-8337-87c2f3c3b858@group-8C6302523D84-cacheEviction-AwaitToRun-AwaitForSignal is interrupted
2025-05-12 14:23:11,150 [f0ab5fca-9f92-40bd-8337-87c2f3c3b858-impl-thread1] INFO  segmented.SegmentedRaftLogWorker (SegmentedRaftLogWorker.java:close(252)) - f0ab5fca-9f92-40bd-8337-87c2f3c3b858@group-8C6302523D84-SegmentedRaftLogWorker close()
2025-05-12 14:23:11,156 [JvmPauseMonitor0] INFO  util.JvmPauseMonitor (JvmPauseMonitor.java:run(152)) - JvmPauseMonitor-f0ab5fca-9f92-40bd-8337-87c2f3c3b858: Stopped
2025-05-12 14:23:11,191 [main] WARN  server.ServerUtils (ServerUtils.java:getScmDbDir(138)) - ozone.scm.db.dirs is not configured. We recommend adding this setting. Falling back to ozone.metadata.dirs instead.
2025-05-12 14:23:11,193 [main] INFO  ha.SCMHANodeDetails (SCMHANodeDetails.java:loadSCMHAConfig(162)) - ServiceID for StorageContainerManager is null
2025-05-12 14:23:11,194 [main] INFO  ha.SCMHANodeDetails (SCMHANodeDetails.java:loadSCMHAConfig(166)) - ozone.scm.default.service.id is not defined, falling back to ozone.scm.service.ids to find serviceID for StorageContainerManager if it is HA enabled cluster
2025-05-12 14:23:11,860 [main] WARN  utils.HAUtils (HAUtils.java:getMetaDir(311)) - ozone.scm.db.dirs is not configured. We recommend adding this setting. Falling back to ozone.metadata.dirs instead.
2025-05-12 14:23:12,004 [main] WARN  db.DBStoreBuilder (DBStoreBuilder.java:getDBDirPath(160)) - ozone.scm.db.dirs is not configured. We recommend adding this setting. Falling back to ozone.metadata.dirs instead.
2025-05-12 14:23:12,325 [main] INFO  net.NodeSchemaLoader (NodeSchemaLoader.java:loadSchemaFromFile(128)) - Loading schema from [jar:file:/home/runner/work/ozone/ozone/hadoop-hdds/common/target/hdds-common-2.1.0-SNAPSHOT.jar!/network-topology-default.xml]
2025-05-12 14:23:12,328 [main] INFO  net.NodeSchemaLoader (NodeSchemaLoader.java:loadSchema(175)) - Loading network topology layer schema file
2025-05-12 14:23:12,474 [main] INFO  ha.SCMRatisServerImpl (SCMRatisServerImpl.java:<init>(100)) - starting Raft server for scm:f0ab5fca-9f92-40bd-8337-87c2f3c3b858
2025-05-12 14:23:12,479 [main] INFO  server.RaftServerConfigKeys (ConfUtils.java:logGet(46)) - raft.server.log.appender.buffer.byte-limit = 4194304 (custom)
2025-05-12 14:23:12,481 [main] INFO  server.RaftServer (ConfUtils.java:logGet(46)) - raft.rpc.type = GRPC (default)
2025-05-12 14:23:12,481 [main] INFO  grpc.GrpcConfigKeys (ConfUtils.java:logFallback(53)) - raft.grpc.admin.host = null (fallback to raft.grpc.server.host)
2025-05-12 14:23:12,482 [main] INFO  grpc.GrpcConfigKeys (ConfUtils.java:logFallback(53)) - raft.grpc.admin.port = 15004 (fallback to raft.grpc.server.port)
2025-05-12 14:23:12,482 [main] INFO  grpc.GrpcConfigKeys (ConfUtils.java:logFallback(53)) - raft.grpc.client.host = null (fallback to raft.grpc.server.host)
2025-05-12 14:23:12,483 [main] INFO  grpc.GrpcConfigKeys (ConfUtils.java:logFallback(53)) - raft.grpc.client.port = 15004 (fallback to raft.grpc.server.port)
2025-05-12 14:23:12,484 [main] INFO  grpc.GrpcConfigKeys (ConfUtils.java:logGet(46)) - raft.grpc.server.host = null (default)
2025-05-12 14:23:12,484 [main] INFO  grpc.GrpcConfigKeys (ConfUtils.java:logGet(46)) - raft.grpc.server.port = 15004 (custom)
2025-05-12 14:23:12,484 [main] INFO  server.GrpcService (ConfUtils.java:logGet(46)) - raft.grpc.message.size.max = 5242880 (custom)
2025-05-12 14:23:12,485 [main] INFO  server.GrpcService (ConfUtils.java:logGet(46)) - raft.grpc.flow.control.window = 1MB (=1048576) (default)
2025-05-12 14:23:12,485 [main] INFO  server.RaftServerConfigKeys (ConfUtils.java:logGet(46)) - raft.server.rpc.request.timeout = 30000ms (custom)
2025-05-12 14:23:12,485 [main] INFO  grpc.GrpcConfigKeys (ConfUtils.java:logGet(46)) - raft.grpc.server.heartbeat.channel = true (default)
2025-05-12 14:23:12,485 [main] INFO  server.RaftServerConfigKeys (ConfUtils.java:logGet(46)) - raft.server.log.appender.buffer.byte-limit = 4194304 (custom)
2025-05-12 14:23:12,485 [main] INFO  grpc.GrpcConfigKeys (ConfUtils.java:logGet(46)) - raft.grpc.server.async.request.thread.pool.cached = true (default)
2025-05-12 14:23:12,486 [main] INFO  grpc.GrpcConfigKeys (ConfUtils.java:logGet(46)) - raft.grpc.server.async.request.thread.pool.size = 32 (default)
2025-05-12 14:23:12,487 [main] INFO  impl.DataStreamServerImpl (ConfUtils.java:logGet(46)) - raft.datastream.type = DISABLED (default)
2025-05-12 14:23:12,488 [main] INFO  server.RaftServerConfigKeys (ConfUtils.java:logGet(46)) - raft.server.sleep.deviation.threshold = 300ms (default)
2025-05-12 14:23:12,488 [main] INFO  server.RaftServerConfigKeys (ConfUtils.java:logGet(46)) - raft.server.close.threshold = 60s (default)
2025-05-12 14:23:12,488 [main] INFO  server.RaftServerConfigKeys (ConfUtils.java:logGet(46)) - raft.server.leaderelection.leader.step-down.wait-time = 10s (default)
2025-05-12 14:23:12,489 [main] INFO  server.RaftServerConfigKeys (ConfUtils.java:logGet(46)) - raft.server.storage.dir = [/home/runner/work/ozone/ozone/hadoop-ozone/integration-test-s3/target/test-dir/MiniOzoneClusterImpl-4f0ef3c3-c429-48e0-ae71-8c6302523d84/ozone-meta/scm-ha] (custom)
2025-05-12 14:23:12,489 [main] INFO  server.RaftServerConfigKeys (ConfUtils.java:logGet(46)) - raft.server.threadpool.proxy.cached = true (default)
2025-05-12 14:23:12,490 [main] INFO  server.RaftServerConfigKeys (ConfUtils.java:logGet(46)) - raft.server.threadpool.proxy.size = 0 (default)
2025-05-12 14:23:12,491 [f0ab5fca-9f92-40bd-8337-87c2f3c3b858-impl-thread1] INFO  server.RaftServer (RaftServerProxy.java:initGroupDir(265)) - f0ab5fca-9f92-40bd-8337-87c2f3c3b858: found a subdirectory /home/runner/work/ozone/ozone/hadoop-ozone/integration-test-s3/target/test-dir/MiniOzoneClusterImpl-4f0ef3c3-c429-48e0-ae71-8c6302523d84/ozone-meta/scm-ha/4f0ef3c3-c429-48e0-ae71-8c6302523d84
2025-05-12 14:23:12,495 [f0ab5fca-9f92-40bd-8337-87c2f3c3b858-groupManagement] INFO  server.RaftServer$Division (RaftServerImpl.java:<init>(255)) - f0ab5fca-9f92-40bd-8337-87c2f3c3b858: new RaftServerImpl for group-8C6302523D84:[] with SCMStateMachine:uninitialized
2025-05-12 14:23:12,495 [f0ab5fca-9f92-40bd-8337-87c2f3c3b858-groupManagement] INFO  server.RaftServerConfigKeys (ConfUtils.java:logGet(46)) - raft.server.rpc.timeout.min = 5000ms (custom)
2025-05-12 14:23:12,495 [f0ab5fca-9f92-40bd-8337-87c2f3c3b858-groupManagement] INFO  server.RaftServerConfigKeys (ConfUtils.java:logGet(46)) - raft.server.rpc.timeout.max = 5200ms (custom)
2025-05-12 14:23:12,495 [main] INFO  server.RaftServer (RaftServerProxy.java:addNew(100)) - f0ab5fca-9f92-40bd-8337-87c2f3c3b858: addNew group-8C6302523D84:[] returns group-8C6302523D84:java.util.concurrent.CompletableFuture@6c07ad6b[Not completed]
2025-05-12 14:23:12,496 [f0ab5fca-9f92-40bd-8337-87c2f3c3b858-groupManagement] INFO  server.RaftServerConfigKeys (ConfUtils.java:logGet(46)) - raft.server.rpc.sleep.time = 25ms (default)
2025-05-12 14:23:12,496 [f0ab5fca-9f92-40bd-8337-87c2f3c3b858-groupManagement] INFO  server.RaftServerConfigKeys (ConfUtils.java:logGet(46)) - raft.server.rpc.slowness.timeout = 120000ms (custom)
2025-05-12 14:23:12,496 [f0ab5fca-9f92-40bd-8337-87c2f3c3b858-groupManagement] INFO  server.RaftServerConfigKeys (ConfUtils.java:logGet(46)) - raft.server.leaderelection.leader.step-down.wait-time = 10s (default)
2025-05-12 14:23:12,496 [f0ab5fca-9f92-40bd-8337-87c2f3c3b858-groupManagement] INFO  server.RaftServerConfigKeys (ConfUtils.java:logGet(46)) - raft.server.leaderelection.member.majority-add = false (default)
2025-05-12 14:23:12,496 [f0ab5fca-9f92-40bd-8337-87c2f3c3b858-groupManagement] INFO  server.RaftServerConfigKeys (ConfUtils.java:logGet(46)) - raft.server.sleep.deviation.threshold = 300ms (default)
2025-05-12 14:23:12,496 [f0ab5fca-9f92-40bd-8337-87c2f3c3b858-groupManagement] INFO  server.RaftServer$Division (ServerState.java:<init>(114)) - f0ab5fca-9f92-40bd-8337-87c2f3c3b858@group-8C6302523D84: ConfigurationManager, init=conf: {index: -1, cur=peers:[]|listeners:[], old=null}, confs=<EMPTY_MAP>
2025-05-12 14:23:12,496 [f0ab5fca-9f92-40bd-8337-87c2f3c3b858-groupManagement] INFO  server.RaftServerConfigKeys (ConfUtils.java:logGet(46)) - raft.server.notification.no-leader.timeout = 60s (default)
2025-05-12 14:23:12,496 [f0ab5fca-9f92-40bd-8337-87c2f3c3b858-groupManagement] INFO  server.RaftServerConfigKeys (ConfUtils.java:logGet(46)) - raft.server.read.timeout = 10s (default)
2025-05-12 14:23:12,497 [f0ab5fca-9f92-40bd-8337-87c2f3c3b858-groupManagement] INFO  server.RaftServerConfigKeys (ConfUtils.java:logGet(46)) - raft.server.retrycache.expirytime = 60000ms (default)
2025-05-12 14:23:12,497 [f0ab5fca-9f92-40bd-8337-87c2f3c3b858-groupManagement] INFO  server.RaftServerConfigKeys (ConfUtils.java:logGet(46)) - raft.server.retrycache.statistics.expirytime = 100ms (default)
2025-05-12 14:23:12,497 [f0ab5fca-9f92-40bd-8337-87c2f3c3b858-groupManagement] INFO  server.RaftServerConfigKeys (ConfUtils.java:logGet(46)) - raft.server.read.option = DEFAULT (default)
2025-05-12 14:23:12,497 [f0ab5fca-9f92-40bd-8337-87c2f3c3b858-groupManagement] INFO  server.RaftServerConfigKeys (ConfUtils.java:logGet(46)) - raft.server.read.read-after-write-consistent.write-index-cache.expiry-time = 60s (default)
2025-05-12 14:23:12,504 [f0ab5fca-9f92-40bd-8337-87c2f3c3b858-groupManagement] INFO  server.RaftServerConfigKeys (ConfUtils.java:logGet(46)) - raft.server.rpc.request.timeout = 30000ms (custom)
2025-05-12 14:23:12,504 [f0ab5fca-9f92-40bd-8337-87c2f3c3b858-groupManagement] INFO  server.RaftServerConfigKeys (ConfUtils.java:logGet(46)) - raft.server.log.appender.install.snapshot.enabled = false (custom)
2025-05-12 14:23:12,505 [f0ab5fca-9f92-40bd-8337-87c2f3c3b858-groupManagement] INFO  server.RaftServerConfigKeys (ConfUtils.java:logGet(46)) - raft.server.threadpool.server.cached = true (default)
2025-05-12 14:23:12,505 [f0ab5fca-9f92-40bd-8337-87c2f3c3b858-groupManagement] INFO  server.RaftServerConfigKeys (ConfUtils.java:logGet(46)) - raft.server.threadpool.server.size = 0 (default)
2025-05-12 14:23:12,505 [f0ab5fca-9f92-40bd-8337-87c2f3c3b858-groupManagement] INFO  server.RaftServerConfigKeys (ConfUtils.java:logGet(46)) - raft.server.threadpool.client.cached = true (default)
2025-05-12 14:23:12,505 [f0ab5fca-9f92-40bd-8337-87c2f3c3b858-groupManagement] INFO  server.RaftServerConfigKeys (ConfUtils.java:logGet(46)) - raft.server.threadpool.client.size = 0 (default)
2025-05-12 14:23:12,507 [main] INFO  ha.SCMSnapshotProvider (SCMSnapshotProvider.java:<init>(61)) - Initializing SCM Snapshot Provider
2025-05-12 14:23:12,507 [main] WARN  server.ServerUtils (ServerUtils.java:getDefaultRatisDirectory(304)) - Storage directory for Ratis is not configured. It is a good idea to map this to an SSD disk. Falling back to ozone.metadata.dirs
2025-05-12 14:23:12,507 [main] WARN  ha.SCMHAUtils (SCMHAUtils.java:getSCMRatisSnapshotDirectory(120)) - SCM snapshot dir is not configured. Falling back to ozone.metadata.dirs config
2025-05-12 14:23:12,556 [main] INFO  upgrade.AbstractLayoutVersionManager (AbstractLayoutVersionManager.java:init(80)) - Initializing Layout version manager with metadata layout = HBASE_SUPPORT (version = 8), software layout = HBASE_SUPPORT (version = 8)
2025-05-12 14:23:12,602 [main] INFO  ha.SequenceIdGenerator (SequenceIdGenerator.java:upgradeToSequenceId(355)) - upgrade localId to 115816896921600000
2025-05-12 14:23:12,603 [main] INFO  ha.SequenceIdGenerator (SequenceIdGenerator.java:upgradeToSequenceId(365)) - upgrade delTxnId to 0
2025-05-12 14:23:12,608 [main] INFO  ha.SequenceIdGenerator (SequenceIdGenerator.java:upgradeToSequenceId(382)) - upgrade containerId to 0
2025-05-12 14:23:12,611 [main] INFO  ha.SequenceIdGenerator (SequenceIdGenerator.java:upgradeToCertificateSequenceId(419)) - upgrade CertificateId to 2
2025-05-12 14:23:12,613 [main] INFO  ha.SequenceIdGenerator (SequenceIdGenerator.java:<init>(232)) - Init the HA SequenceIdGenerator.
2025-05-12 14:23:12,680 [main] WARN  server.ServerUtils (ServerUtils.java:sanitizeUserArgs(76)) - ozone.scm.stale.node.interval value = 300000 is larger than max = 100000 based on the key value of ozone.scm.heartbeat.thread.interval, reset to the max value 100000.
2025-05-12 14:23:12,681 [main] WARN  server.ServerUtils (ServerUtils.java:sanitizeUserArgs(76)) - ozone.scm.stale.node.interval value = 300000 is larger than max = 100000 based on the key value of ozone.scm.heartbeat.thread.interval, reset to the max value 100000.
2025-05-12 14:23:12,693 [main] INFO  node.SCMNodeManager (SCMNodeManager.java:<init>(182)) - Entering startup safe mode.
2025-05-12 14:23:12,715 [main] INFO  algorithms.ContainerPlacementPolicyFactory (ContainerPlacementPolicyFactory.java:getPolicyInternal(84)) - Create container placement policy of type org.apache.hadoop.hdds.scm.container.placement.algorithms.SCMContainerPlacementRackAware
2025-05-12 14:23:12,721 [main] INFO  algorithms.ContainerPlacementPolicyFactory (ContainerPlacementPolicyFactory.java:getPolicyInternal(84)) - Create container placement policy of type org.apache.hadoop.hdds.scm.container.placement.algorithms.SCMContainerPlacementRackScatter
2025-05-12 14:23:12,729 [main] INFO  pipeline.PipelineStateManagerImpl (PipelineStateManagerImpl.java:initialize(75)) - No pipeline exists in current db
2025-05-12 14:23:12,754 [main] INFO  algorithms.LeaderChoosePolicyFactory (LeaderChoosePolicyFactory.java:getPolicy(55)) - Create leader choose policy of type org.apache.hadoop.hdds.scm.pipeline.leader.choose.algorithms.MinLeaderCountChoosePolicy
2025-05-12 14:23:12,754 [main] INFO  algorithms.ContainerPlacementPolicyFactory (ContainerPlacementPolicyFactory.java:getPolicyInternal(84)) - Create container placement policy of type org.apache.hadoop.hdds.scm.container.placement.algorithms.SCMContainerPlacementRackScatter
2025-05-12 14:23:12,770 [main] INFO  ha.SCMServiceManager (SCMServiceManager.java:register(42)) - Registering service BackgroundPipelineCreator.
2025-05-12 14:23:12,773 [main] INFO  pipeline.BackgroundPipelineCreator (BackgroundPipelineCreator.java:start(126)) - Starting RatisPipelineUtilsThread.
2025-05-12 14:23:12,779 [main] INFO  BackgroundPipelineScrubber (BackgroundSCMService.java:start(64)) - Starting BackgroundPipelineScrubber Service.
2025-05-12 14:23:12,783 [main] INFO  ha.SCMServiceManager (SCMServiceManager.java:register(42)) - Registering service BackgroundPipelineScrubber.
2025-05-12 14:23:12,795 [main] INFO  ExpiredContainerReplicaOpScrubber (BackgroundSCMService.java:start(64)) - Starting ExpiredContainerReplicaOpScrubber Service.
2025-05-12 14:23:12,796 [main] INFO  ha.SCMServiceManager (SCMServiceManager.java:register(42)) - Registering service ExpiredContainerReplicaOpScrubber.
2025-05-12 14:23:12,856 [main] INFO  algorithms.PipelineChoosePolicyFactory (PipelineChoosePolicyFactory.java:createPipelineChoosePolicyFromClass(78)) - Create pipeline choose policy of type org.apache.hadoop.hdds.scm.pipeline.choose.algorithms.RandomPipelineChoosePolicy
2025-05-12 14:23:12,856 [main] INFO  algorithms.PipelineChoosePolicyFactory (PipelineChoosePolicyFactory.java:createPipelineChoosePolicyFromClass(78)) - Create pipeline choose policy of type org.apache.hadoop.hdds.scm.pipeline.choose.algorithms.RandomPipelineChoosePolicy
2025-05-12 14:23:12,922 [main] INFO  ha.SCMServiceManager (SCMServiceManager.java:register(42)) - Registering service SCMBlockDeletingService.
2025-05-12 14:23:12,974 [main] INFO  replication.ReplicationManager (ReplicationManager.java:start(285)) - Starting Replication Monitor Thread.
2025-05-12 14:23:12,976 [main] INFO  ha.SCMServiceManager (SCMServiceManager.java:register(42)) - Registering service ReplicationManager.
2025-05-12 14:23:12,986 [main] INFO  safemode.RatisContainerSafeModeRule (RatisContainerSafeModeRule.java:initializeRule(160)) - Refreshed Containers with one replica threshold count 0.
2025-05-12 14:23:12,988 [main] INFO  safemode.ECContainerSafeModeRule (ECContainerSafeModeRule.java:initializeRule(205)) - Refreshed Containers with ec n replica threshold count 0.
2025-05-12 14:23:12,992 [main] INFO  safemode.HealthyPipelineSafeModeRule (HealthyPipelineSafeModeRule.java:initializeRule(177)) - Total pipeline count is 0, healthy pipeline threshold count is 1
2025-05-12 14:23:12,993 [main] INFO  safemode.OneReplicaPipelineSafeModeRule (OneReplicaPipelineSafeModeRule.java:initializeRule(190)) - Total pipeline count is 0, pipeline's with at least one datanode reported threshold count is 0
2025-05-12 14:23:13,017 [main] WARN  util.NativeCodeLoader (NativeCodeLoader.java:<clinit>(60)) - Unable to load native-hadoop library for your platform... using builtin-java classes where applicable
2025-05-12 14:23:13,034 [main] INFO  server.StorageContainerManager (StorageContainerManager.java:<init>(430)) - SCM start with adminUsers: [runner]
2025-05-12 14:23:13,398 [main] INFO  audit.AuditLogger (AuditLogger.java:refreshDebugCmdSet(133)) - Refresh DebugCmdSet for SCMAudit to [].
2025-05-12 14:23:13,424 [main] INFO  ipc.CallQueueManager (CallQueueManager.java:<init>(93)) - Using callQueue: class java.util.concurrent.LinkedBlockingQueue, queueCapacity: 10000, scheduler: class org.apache.hadoop.ipc.DefaultRpcScheduler, ipcBackoff: false, ipcFailOver: false.
2025-05-12 14:23:13,465 [main] INFO  ipc.Server (Server.java:<init>(1438)) - Listener at 0.0.0.0:15002
2025-05-12 14:23:13,466 [Socket Reader #1 for port 15002] INFO  ipc.Server (Server.java:run(1474)) - Starting Socket Reader #1 for port 15002
2025-05-12 14:23:13,468 [Socket Reader #2 for port 15002] INFO  ipc.Server (Server.java:run(1474)) - Starting Socket Reader #2 for port 15002
2025-05-12 14:23:13,468 [Socket Reader #3 for port 15002] INFO  ipc.Server (Server.java:run(1474)) - Starting Socket Reader #3 for port 15002
2025-05-12 14:23:13,468 [Socket Reader #4 for port 15002] INFO  ipc.Server (Server.java:run(1474)) - Starting Socket Reader #4 for port 15002
2025-05-12 14:23:13,469 [Socket Reader #5 for port 15002] INFO  ipc.Server (Server.java:run(1474)) - Starting Socket Reader #5 for port 15002
2025-05-12 14:23:13,469 [Socket Reader #6 for port 15002] INFO  ipc.Server (Server.java:run(1474)) - Starting Socket Reader #6 for port 15002
2025-05-12 14:23:13,470 [Socket Reader #7 for port 15002] INFO  ipc.Server (Server.java:run(1474)) - Starting Socket Reader #7 for port 15002
2025-05-12 14:23:13,471 [Socket Reader #8 for port 15002] INFO  ipc.Server (Server.java:run(1474)) - Starting Socket Reader #8 for port 15002
2025-05-12 14:23:13,473 [Socket Reader #9 for port 15002] INFO  ipc.Server (Server.java:run(1474)) - Starting Socket Reader #9 for port 15002
2025-05-12 14:23:13,475 [Socket Reader #10 for port 15002] INFO  ipc.Server (Server.java:run(1474)) - Starting Socket Reader #10 for port 15002
2025-05-12 14:23:13,544 [main] INFO  audit.AuditLogger (AuditLogger.java:refreshDebugCmdSet(133)) - Refresh DebugCmdSet for SCMAudit to [].
2025-05-12 14:23:13,549 [main] INFO  ipc.CallQueueManager (CallQueueManager.java:<init>(93)) - Using callQueue: class java.util.concurrent.LinkedBlockingQueue, queueCapacity: 10000, scheduler: class org.apache.hadoop.ipc.DefaultRpcScheduler, ipcBackoff: false, ipcFailOver: false.
2025-05-12 14:23:13,550 [main] INFO  ipc.Server (Server.java:<init>(1438)) - Listener at 0.0.0.0:15001
2025-05-12 14:23:13,552 [Socket Reader #1 for port 15001] INFO  ipc.Server (Server.java:run(1474)) - Starting Socket Reader #1 for port 15001
2025-05-12 14:23:13,552 [Socket Reader #2 for port 15001] INFO  ipc.Server (Server.java:run(1474)) - Starting Socket Reader #2 for port 15001
2025-05-12 14:23:13,553 [Socket Reader #3 for port 15001] INFO  ipc.Server (Server.java:run(1474)) - Starting Socket Reader #3 for port 15001
2025-05-12 14:23:13,554 [Socket Reader #4 for port 15001] INFO  ipc.Server (Server.java:run(1474)) - Starting Socket Reader #4 for port 15001
2025-05-12 14:23:13,554 [Socket Reader #5 for port 15001] INFO  ipc.Server (Server.java:run(1474)) - Starting Socket Reader #5 for port 15001
2025-05-12 14:23:13,555 [Socket Reader #6 for port 15001] INFO  ipc.Server (Server.java:run(1474)) - Starting Socket Reader #6 for port 15001
2025-05-12 14:23:13,555 [Socket Reader #7 for port 15001] INFO  ipc.Server (Server.java:run(1474)) - Starting Socket Reader #7 for port 15001
2025-05-12 14:23:13,556 [Socket Reader #8 for port 15001] INFO  ipc.Server (Server.java:run(1474)) - Starting Socket Reader #8 for port 15001
2025-05-12 14:23:13,556 [Socket Reader #9 for port 15001] INFO  ipc.Server (Server.java:run(1474)) - Starting Socket Reader #9 for port 15001
2025-05-12 14:23:13,556 [Socket Reader #10 for port 15001] INFO  ipc.Server (Server.java:run(1474)) - Starting Socket Reader #10 for port 15001
2025-05-12 14:23:13,582 [main] INFO  audit.AuditLogger (AuditLogger.java:refreshDebugCmdSet(133)) - Refresh DebugCmdSet for SCMAudit to [].
2025-05-12 14:23:13,591 [main] INFO  ipc.CallQueueManager (CallQueueManager.java:<init>(93)) - Using callQueue: class java.util.concurrent.LinkedBlockingQueue, queueCapacity: 10000, scheduler: class org.apache.hadoop.ipc.DefaultRpcScheduler, ipcBackoff: false, ipcFailOver: false.
2025-05-12 14:23:13,592 [main] INFO  ipc.Server (Server.java:<init>(1438)) - Listener at 0.0.0.0:15000
2025-05-12 14:23:13,593 [Socket Reader #1 for port 15000] INFO  ipc.Server (Server.java:run(1474)) - Starting Socket Reader #1 for port 15000
2025-05-12 14:23:13,593 [Socket Reader #2 for port 15000] INFO  ipc.Server (Server.java:run(1474)) - Starting Socket Reader #2 for port 15000
2025-05-12 14:23:13,594 [Socket Reader #3 for port 15000] INFO  ipc.Server (Server.java:run(1474)) - Starting Socket Reader #3 for port 15000
2025-05-12 14:23:13,595 [Socket Reader #5 for port 15000] INFO  ipc.Server (Server.java:run(1474)) - Starting Socket Reader #5 for port 15000
2025-05-12 14:23:13,596 [Socket Reader #6 for port 15000] INFO  ipc.Server (Server.java:run(1474)) - Starting Socket Reader #6 for port 15000
2025-05-12 14:23:13,594 [Socket Reader #4 for port 15000] INFO  ipc.Server (Server.java:run(1474)) - Starting Socket Reader #4 for port 15000
2025-05-12 14:23:13,596 [Socket Reader #7 for port 15000] INFO  ipc.Server (Server.java:run(1474)) - Starting Socket Reader #7 for port 15000
2025-05-12 14:23:13,597 [Socket Reader #8 for port 15000] INFO  ipc.Server (Server.java:run(1474)) - Starting Socket Reader #8 for port 15000
2025-05-12 14:23:13,598 [Socket Reader #9 for port 15000] INFO  ipc.Server (Server.java:run(1474)) - Starting Socket Reader #9 for port 15000
2025-05-12 14:23:13,599 [Socket Reader #10 for port 15000] INFO  ipc.Server (Server.java:run(1474)) - Starting Socket Reader #10 for port 15000
2025-05-12 14:23:13,700 [main] INFO  ha.SCMServiceManager (SCMServiceManager.java:register(42)) - Registering service ContainerBalancer.
2025-05-12 14:23:13,701 [main] INFO  ha.SCMContext (SCMContext.java:updateSafeModeStatus(224)) - Update SafeModeStatus from SafeModeStatus{safeModeStatus=true, preCheckPassed=false} to SafeModeStatus{safeModeStatus=true, preCheckPassed=false}.
2025-05-12 14:23:13,720 [main] INFO  server.StorageContainerManager (StorageContainerManager.java:start(1507)) - StorageContainerLocationProtocol RPC server is listening at /0.0.0.0:15000
2025-05-12 14:23:13,722 [main] INFO  ha.SCMRatisServerImpl (SCMRatisServerImpl.java:start(203)) - starting ratis server 0.0.0.0:15004
2025-05-12 14:23:13,723 [f0ab5fca-9f92-40bd-8337-87c2f3c3b858-impl-thread1] INFO  server.RaftServerConfigKeys (ConfUtils.java:logGet(46)) - raft.server.storage.free-space.min = 0MB (=0) (default)
2025-05-12 14:23:13,724 [f0ab5fca-9f92-40bd-8337-87c2f3c3b858-impl-thread1] INFO  server.RaftServerConfigKeys (ConfUtils.java:logGet(46)) - raft.server.log.corruption.policy = EXCEPTION (default)
2025-05-12 14:23:13,724 [f0ab5fca-9f92-40bd-8337-87c2f3c3b858-impl-thread1] INFO  server.RaftServerConfigKeys (ConfUtils.java:logGet(46)) - raft.server.storage.dir = [/home/runner/work/ozone/ozone/hadoop-ozone/integration-test-s3/target/test-dir/MiniOzoneClusterImpl-4f0ef3c3-c429-48e0-ae71-8c6302523d84/ozone-meta/scm-ha] (custom)
2025-05-12 14:23:13,729 [f0ab5fca-9f92-40bd-8337-87c2f3c3b858-impl-thread1] INFO  storage.RaftStorageDirectory (RaftStorageDirectoryImpl.java:tryLock(229)) - Lock on /home/runner/work/ozone/ozone/hadoop-ozone/integration-test-s3/target/test-dir/MiniOzoneClusterImpl-4f0ef3c3-c429-48e0-ae71-8c6302523d84/ozone-meta/scm-ha/4f0ef3c3-c429-48e0-ae71-8c6302523d84/in_use.lock acquired by nodename 70950@pkrvmberfyhpb9w
2025-05-12 14:23:13,732 [f0ab5fca-9f92-40bd-8337-87c2f3c3b858-impl-thread1] INFO  storage.RaftStorage (RaftStorageImpl.java:analyzeAndRecoverStorage(118)) - Read RaftStorageMetadata{term=1, votedFor=f0ab5fca-9f92-40bd-8337-87c2f3c3b858} from /home/runner/work/ozone/ozone/hadoop-ozone/integration-test-s3/target/test-dir/MiniOzoneClusterImpl-4f0ef3c3-c429-48e0-ae71-8c6302523d84/ozone-meta/scm-ha/4f0ef3c3-c429-48e0-ae71-8c6302523d84/current/raft-meta
2025-05-12 14:23:13,737 [f0ab5fca-9f92-40bd-8337-87c2f3c3b858-impl-thread1] INFO  server.RaftServer$Division (ServerState.java:setRaftConf(386)) - f0ab5fca-9f92-40bd-8337-87c2f3c3b858@group-8C6302523D84: set configuration conf: {index: 0, cur=peers:[f0ab5fca-9f92-40bd-8337-87c2f3c3b858|pkrvmberfyhpb9w:15004]|listeners:[], old=null}
2025-05-12 14:23:13,739 [f0ab5fca-9f92-40bd-8337-87c2f3c3b858-impl-thread1] INFO  ha.SCMStateMachine (SCMStateMachine.java:lambda$initialize$0(135)) - f0ab5fca-9f92-40bd-8337-87c2f3c3b858: initialize group-8C6302523D84
2025-05-12 14:23:13,739 [f0ab5fca-9f92-40bd-8337-87c2f3c3b858-impl-thread1] INFO  server.RaftServerConfigKeys (ConfUtils.java:logGet(46)) - raft.server.log.use.memory = false (default)
2025-05-12 14:23:13,739 [f0ab5fca-9f92-40bd-8337-87c2f3c3b858-impl-thread1] INFO  server.RaftServerConfigKeys (ConfUtils.java:logGet(46)) - raft.server.log.purge.gap = 1000000 (custom)
2025-05-12 14:23:13,739 [f0ab5fca-9f92-40bd-8337-87c2f3c3b858-impl-thread1] INFO  server.RaftServerConfigKeys (ConfUtils.java:logGet(46)) - raft.server.log.appender.buffer.byte-limit = 4194304 (custom)
2025-05-12 14:23:13,740 [f0ab5fca-9f92-40bd-8337-87c2f3c3b858-impl-thread1] INFO  server.RaftServerConfigKeys (ConfUtils.java:logGet(46)) - raft.server.log.statemachine.data.read.timeout = 1000ms (default)
2025-05-12 14:23:13,740 [f0ab5fca-9f92-40bd-8337-87c2f3c3b858-impl-thread1] INFO  server.RaftServerConfigKeys (ConfUtils.java:logGet(46)) - raft.server.log.purge.preservation.log.num = 0 (default)
2025-05-12 14:23:13,747 [f0ab5fca-9f92-40bd-8337-87c2f3c3b858-impl-thread1] INFO  server.RaftServerConfigKeys (ConfUtils.java:logGet(46)) - raft.server.log.segment.size.max = 4194304 (custom)
2025-05-12 14:23:13,747 [f0ab5fca-9f92-40bd-8337-87c2f3c3b858-impl-thread1] INFO  server.RaftServerConfigKeys (ConfUtils.java:logGet(46)) - raft.server.log.segment.cache.num.max = 2 (custom)
2025-05-12 14:23:13,748 [f0ab5fca-9f92-40bd-8337-87c2f3c3b858-impl-thread1] INFO  server.RaftServerConfigKeys (ConfUtils.java:logGet(46)) - raft.server.log.segment.cache.size.max = 200MB (=209715200) (default)
2025-05-12 14:23:13,749 [f0ab5fca-9f92-40bd-8337-87c2f3c3b858-impl-thread1] INFO  server.RaftServerConfigKeys (ConfUtils.java:logGet(46)) - raft.server.log.appender.buffer.byte-limit = 4194304 (custom)
2025-05-12 14:23:13,749 [f0ab5fca-9f92-40bd-8337-87c2f3c3b858-impl-thread1] INFO  util.AwaitToRun (AwaitToRun.java:start(81)) - Thread[#118,f0ab5fca-9f92-40bd-8337-87c2f3c3b858@group-8C6302523D84-cacheEviction-AwaitToRun,5,main] started
2025-05-12 14:23:13,749 [f0ab5fca-9f92-40bd-8337-87c2f3c3b858-impl-thread1] INFO  segmented.SegmentedRaftLogWorker (SegmentedRaftLogWorker.java:<init>(188)) - new f0ab5fca-9f92-40bd-8337-87c2f3c3b858@group-8C6302523D84-SegmentedRaftLogWorker for RaftStorageImpl:Storage Directory /home/runner/work/ozone/ozone/hadoop-ozone/integration-test-s3/target/test-dir/MiniOzoneClusterImpl-4f0ef3c3-c429-48e0-ae71-8c6302523d84/ozone-meta/scm-ha/4f0ef3c3-c429-48e0-ae71-8c6302523d84
2025-05-12 14:23:13,749 [f0ab5fca-9f92-40bd-8337-87c2f3c3b858-impl-thread1] INFO  server.RaftServerConfigKeys (ConfUtils.java:logGet(46)) - raft.server.log.queue.byte-limit = 64MB (=67108864) (default)
2025-05-12 14:23:13,749 [f0ab5fca-9f92-40bd-8337-87c2f3c3b858-impl-thread1] INFO  server.RaftServerConfigKeys (ConfUtils.java:logGet(46)) - raft.server.log.queue.element-limit = 4096 (default)
2025-05-12 14:23:13,750 [f0ab5fca-9f92-40bd-8337-87c2f3c3b858-impl-thread1] INFO  server.RaftServerConfigKeys (ConfUtils.java:logGet(46)) - raft.server.log.segment.size.max = 4194304 (custom)
2025-05-12 14:23:13,750 [f0ab5fca-9f92-40bd-8337-87c2f3c3b858-impl-thread1] INFO  server.RaftServerConfigKeys (ConfUtils.java:logGet(46)) - raft.server.log.preallocated.size = 4194304 (custom)
2025-05-12 14:23:13,750 [f0ab5fca-9f92-40bd-8337-87c2f3c3b858-impl-thread1] INFO  server.RaftServerConfigKeys (ConfUtils.java:logGet(46)) - raft.server.log.force.sync.num = 128 (default)
2025-05-12 14:23:13,750 [f0ab5fca-9f92-40bd-8337-87c2f3c3b858-impl-thread1] INFO  server.RaftServerConfigKeys (ConfUtils.java:logGet(46)) - raft.server.log.statemachine.data.sync = true (default)
2025-05-12 14:23:13,750 [f0ab5fca-9f92-40bd-8337-87c2f3c3b858-impl-thread1] INFO  server.RaftServerConfigKeys (ConfUtils.java:logGet(46)) - raft.server.log.statemachine.data.sync.timeout = 10s (default)
2025-05-12 14:23:13,751 [f0ab5fca-9f92-40bd-8337-87c2f3c3b858-impl-thread1] INFO  server.RaftServerConfigKeys (ConfUtils.java:logGet(46)) - raft.server.log.statemachine.data.sync.timeout.retry = -1 (default)
2025-05-12 14:23:13,752 [f0ab5fca-9f92-40bd-8337-87c2f3c3b858-impl-thread1] INFO  server.RaftServerConfigKeys (ConfUtils.java:logGet(46)) - raft.server.log.write.buffer.size = 4194312 (custom)
2025-05-12 14:23:13,757 [f0ab5fca-9f92-40bd-8337-87c2f3c3b858-impl-thread1] INFO  server.RaftServerConfigKeys (ConfUtils.java:logGet(46)) - raft.server.log.appender.buffer.byte-limit = 4194304 (custom)
2025-05-12 14:23:13,757 [f0ab5fca-9f92-40bd-8337-87c2f3c3b858-impl-thread1] INFO  server.RaftServerConfigKeys (ConfUtils.java:logGet(46)) - raft.server.log.unsafe-flush.enabled = false (default)
2025-05-12 14:23:13,757 [f0ab5fca-9f92-40bd-8337-87c2f3c3b858-impl-thread1] INFO  server.RaftServerConfigKeys (ConfUtils.java:logGet(46)) - raft.server.log.async-flush.enabled = false (default)
2025-05-12 14:23:13,758 [f0ab5fca-9f92-40bd-8337-87c2f3c3b858-impl-thread1] INFO  server.RaftServerConfigKeys (ConfUtils.java:logGet(46)) - raft.server.log.statemachine.data.caching.enabled = false (default)
2025-05-12 14:23:13,768 [f0ab5fca-9f92-40bd-8337-87c2f3c3b858-impl-thread1] INFO  server.RaftServer$Division (ServerState.java:setRaftConf(386)) - f0ab5fca-9f92-40bd-8337-87c2f3c3b858@group-8C6302523D84: set configuration conf: {index: 0, cur=peers:[f0ab5fca-9f92-40bd-8337-87c2f3c3b858|pkrvmberfyhpb9w:15004]|listeners:[], old=null}
2025-05-12 14:23:13,770 [f0ab5fca-9f92-40bd-8337-87c2f3c3b858-impl-thread1] INFO  segmented.LogSegment (LogSegment.java:loadSegment(171)) - Successfully read 1 entries from segment file /home/runner/work/ozone/ozone/hadoop-ozone/integration-test-s3/target/test-dir/MiniOzoneClusterImpl-4f0ef3c3-c429-48e0-ae71-8c6302523d84/ozone-meta/scm-ha/4f0ef3c3-c429-48e0-ae71-8c6302523d84/current/log_inprogress_0
2025-05-12 14:23:13,770 [f0ab5fca-9f92-40bd-8337-87c2f3c3b858-impl-thread1] INFO  segmented.SegmentedRaftLogWorker (SegmentedRaftLogWorker.java:lambda$new$0(139)) - f0ab5fca-9f92-40bd-8337-87c2f3c3b858@group-8C6302523D84-SegmentedRaftLogWorker: safeCacheEvictIndex: setUnconditionally 0 -> -1
2025-05-12 14:23:13,770 [f0ab5fca-9f92-40bd-8337-87c2f3c3b858-impl-thread1] INFO  segmented.BufferedWriteChannel (BufferedWriteChannel.java:open(61)) - open log_inprogress_0 (append) at position 82
2025-05-12 14:23:13,773 [f0ab5fca-9f92-40bd-8337-87c2f3c3b858-impl-thread1] INFO  server.RaftServer$Division (RaftServerImpl.java:start(391)) - f0ab5fca-9f92-40bd-8337-87c2f3c3b858@group-8C6302523D84: start as a follower, conf=conf: {index: 0, cur=peers:[f0ab5fca-9f92-40bd-8337-87c2f3c3b858|pkrvmberfyhpb9w:15004]|listeners:[], old=null}
2025-05-12 14:23:13,774 [f0ab5fca-9f92-40bd-8337-87c2f3c3b858-impl-thread1] INFO  server.RaftServer$Division (RaftServerImpl.java:setRole(378)) - f0ab5fca-9f92-40bd-8337-87c2f3c3b858@group-8C6302523D84: changes role from      null to FOLLOWER at term 1 for startAsFollower
2025-05-12 14:23:13,774 [f0ab5fca-9f92-40bd-8337-87c2f3c3b858-impl-thread1] INFO  impl.RoleInfo (RoleInfo.java:updateAndGet(148)) - f0ab5fca-9f92-40bd-8337-87c2f3c3b858: start f0ab5fca-9f92-40bd-8337-87c2f3c3b858@group-8C6302523D84-FollowerState
2025-05-12 14:23:13,775 [f0ab5fca-9f92-40bd-8337-87c2f3c3b858@group-8C6302523D84-FollowerState] INFO  server.RaftServerConfigKeys (ConfUtils.java:logGet(46)) - raft.server.rpc.first-election.timeout.min = 1000ms (custom)
2025-05-12 14:23:13,775 [f0ab5fca-9f92-40bd-8337-87c2f3c3b858@group-8C6302523D84-FollowerState] INFO  server.RaftServerConfigKeys (ConfUtils.java:logGet(46)) - raft.server.rpc.first-election.timeout.max = 1200ms (custom)
2025-05-12 14:23:13,775 [f0ab5fca-9f92-40bd-8337-87c2f3c3b858-impl-thread1] INFO  util.JmxRegister (JmxRegister.java:tryRegister(44)) - Successfully registered JMX Bean with object name Ratis:service=RaftServer,group=group-8C6302523D84,id=f0ab5fca-9f92-40bd-8337-87c2f3c3b858
2025-05-12 14:23:13,775 [f0ab5fca-9f92-40bd-8337-87c2f3c3b858-impl-thread1] INFO  util.JmxRegister (JmxRegister.java:register(58)) - register mxBean class org.apache.ratis.server.impl.RaftServerJmxAdapter as Ratis:service=RaftServer,group=group-8C6302523D84,id=f0ab5fca-9f92-40bd-8337-87c2f3c3b858
2025-05-12 14:23:13,776 [f0ab5fca-9f92-40bd-8337-87c2f3c3b858-impl-thread1] INFO  server.RaftServerConfigKeys (ConfUtils.java:logGet(46)) - raft.server.snapshot.trigger-when-stop.enabled = true (default)
2025-05-12 14:23:13,776 [f0ab5fca-9f92-40bd-8337-87c2f3c3b858-impl-thread1] INFO  server.RaftServerConfigKeys (ConfUtils.java:logGet(46)) - raft.server.snapshot.trigger-when-remove.enabled = true (default)
2025-05-12 14:23:13,776 [f0ab5fca-9f92-40bd-8337-87c2f3c3b858-impl-thread1] INFO  server.RaftServerConfigKeys (ConfUtils.java:logGet(46)) - raft.server.snapshot.auto.trigger.enabled = true (custom)
2025-05-12 14:23:13,778 [f0ab5fca-9f92-40bd-8337-87c2f3c3b858-impl-thread1] INFO  server.RaftServerConfigKeys (ConfUtils.java:logGet(46)) - raft.server.snapshot.auto.trigger.threshold = 1000 (custom)
2025-05-12 14:23:13,778 [f0ab5fca-9f92-40bd-8337-87c2f3c3b858-impl-thread1] INFO  server.RaftServerConfigKeys (ConfUtils.java:logGet(46)) - raft.server.snapshot.retention.file.num = -1 (default)
2025-05-12 14:23:13,778 [f0ab5fca-9f92-40bd-8337-87c2f3c3b858-impl-thread1] INFO  server.RaftServerConfigKeys (ConfUtils.java:logGet(46)) - raft.server.log.purge.upto.snapshot.index = false (default)
2025-05-12 14:23:13,781 [f0ab5fca-9f92-40bd-8337-87c2f3c3b858-impl-thread1] INFO  server.RaftServer$Division (RaftServerImpl.java:start(405)) - f0ab5fca-9f92-40bd-8337-87c2f3c3b858@group-8C6302523D84: Successfully started.
2025-05-12 14:23:13,782 [main] INFO  server.RaftServer (RaftServerProxy.java:startImpl(407)) - f0ab5fca-9f92-40bd-8337-87c2f3c3b858: start RPC server
2025-05-12 14:23:13,784 [main] INFO  server.GrpcService (GrpcService.java:startImpl(334)) - f0ab5fca-9f92-40bd-8337-87c2f3c3b858: GrpcService started, listening on 15004
2025-05-12 14:23:13,785 [JvmPauseMonitor1] INFO  util.JvmPauseMonitor (JvmPauseMonitor.java:run(146)) - JvmPauseMonitor-f0ab5fca-9f92-40bd-8337-87c2f3c3b858: Started
2025-05-12 14:23:13,799 [main] INFO  ha.SCMHAManagerImpl (SCMHAManagerImpl.java:start(131)) -  scm role is FOLLOWER peers [f0ab5fca-9f92-40bd-8337-87c2f3c3b858|pkrvmberfyhpb9w:15004]
2025-05-12 14:23:13,799 [main] INFO  ha.InterSCMGrpcService (InterSCMGrpcProtocolService.java:start(98)) - Starting SCM Grpc Service at port 15005
2025-05-12 14:23:13,801 [main] INFO  SCMHATransactionMonitor (BackgroundSCMService.java:start(64)) - Starting SCMHATransactionMonitor Service.
2025-05-12 14:23:13,803 [main] INFO  ha.SCMServiceManager (SCMServiceManager.java:register(42)) - Registering service SCMHATransactionMonitor.
2025-05-12 14:23:13,803 [main] INFO  SCMHATransactionMonitor (BackgroundSCMService.java:start(61)) - SCMHATransactionMonitor Service is already running, skip start.
2025-05-12 14:23:13,890 [main] WARN  impl.MetricsConfig (MetricsConfig.java:loadFirst(138)) - Cannot locate configuration: tried hadoop-metrics2-storagecontainermanager.properties,hadoop-metrics2.properties
2025-05-12 14:23:13,902 [main] INFO  impl.MetricsSystemImpl (MetricsSystemImpl.java:startTimer(378)) - Scheduled Metric snapshot period at 10 second(s).
2025-05-12 14:23:13,903 [main] INFO  impl.MetricsSystemImpl (MetricsSystemImpl.java:start(191)) - StorageContainerManager metrics system started
2025-05-12 14:23:14,098 [main] INFO  server.SCMClientProtocolServer (SCMClientProtocolServer.java:start(207)) - RPC server for Client  is listening at /0.0.0.0:15000
2025-05-12 14:23:14,101 [IPC Server Responder] INFO  ipc.Server (Server.java:run(1713)) - IPC Server Responder: starting
2025-05-12 14:23:14,102 [IPC Server listener on 15000] INFO  ipc.Server (Server.java:run(1553)) - IPC Server listener on 15000: starting
2025-05-12 14:23:14,148 [main] INFO  server.StorageContainerManager (StorageContainerManager.java:start(1520)) - ScmBlockLocationProtocol RPC server is listening at /0.0.0.0:15001
2025-05-12 14:23:14,154 [main] INFO  server.SCMBlockProtocolServer (SCMBlockProtocolServer.java:start(166)) - RPC server for Block Protocol is listening at /0.0.0.0:15001
2025-05-12 14:23:14,156 [IPC Server Responder] INFO  ipc.Server (Server.java:run(1713)) - IPC Server Responder: starting
2025-05-12 14:23:14,159 [IPC Server listener on 15001] INFO  ipc.Server (Server.java:run(1553)) - IPC Server listener on 15001: starting
2025-05-12 14:23:14,208 [main] INFO  http.BaseHttpServer (BaseHttpServer.java:newHttpServer2BuilderForOzone(229)) - Starting Web-server for scm at: http://0.0.0.0:15003
2025-05-12 14:23:14,209 [main] INFO  http.BaseHttpServer (BaseHttpServer.java:<init>(107)) - Hadoop Security Enabled: false Ozone Security Enabled: false Ozone HTTP Security Enabled: false 
2025-05-12 14:23:14,232 [main] INFO  util.log (Log.java:initialized(170)) - Logging initialized @8684ms to org.eclipse.jetty.util.log.Slf4jLog
2025-05-12 14:23:14,371 [main] WARN  server.AuthenticationFilter (AuthenticationFilter.java:constructSecretProvider(240)) - Unable to initialize FileSignerSecretProvider, falling back to use random secrets. Reason: Could not read signature secret file: /home/runner/hadoop-http-auth-signature-secret
2025-05-12 14:23:14,396 [main] INFO  http.HttpServer2 (HttpServer2.java:addGlobalFilter(1042)) - Added global filter 'safety' (class=org.apache.hadoop.hdds.server.http.HttpServer2$QuotingInputFilter)
2025-05-12 14:23:14,399 [main] INFO  http.HttpServer2 (HttpServer2.java:addFilter(1018)) - Added filter static_user_filter (class=org.apache.hadoop.http.lib.StaticUserWebFilter$StaticUserFilter) to context scm
2025-05-12 14:23:14,399 [main] INFO  http.HttpServer2 (HttpServer2.java:addFilter(1026)) - Added filter static_user_filter (class=org.apache.hadoop.http.lib.StaticUserWebFilter$StaticUserFilter) to context static
2025-05-12 14:23:14,399 [main] INFO  http.HttpServer2 (HttpServer2.java:addFilter(1026)) - Added filter static_user_filter (class=org.apache.hadoop.http.lib.StaticUserWebFilter$StaticUserFilter) to context logs
2025-05-12 14:23:14,436 [main] INFO  http.BaseHttpServer (BaseHttpServer.java:<init>(195)) - HTTP server of scm uses base directory /home/runner/work/ozone/ozone/hadoop-ozone/integration-test-s3/target/test-dir/MiniOzoneClusterImpl-4f0ef3c3-c429-48e0-ae71-8c6302523d84/ozone-meta/webserver
2025-05-12 14:23:14,437 [main] INFO  http.HttpServer2 (HttpServer2.java:bindListener(1242)) - Jetty bound to port 15003
2025-05-12 14:23:14,439 [main] INFO  server.Server (Server.java:doStart(375)) - jetty-9.4.57.v20241219; built: 2025-01-08T21:24:30.412Z; git: df524e6b29271c2e09ba9aea83c18dc9db464a31; jvm 21.0.7+6-LTS
2025-05-12 14:23:14,466 [main] INFO  server.session (DefaultSessionIdManager.java:doStart(334)) - DefaultSessionIdManager workerName=node0
2025-05-12 14:23:14,466 [main] INFO  server.session (DefaultSessionIdManager.java:doStart(339)) - No SessionScavenger set, using defaults
2025-05-12 14:23:14,468 [main] INFO  server.session (HouseKeeper.java:startScavenging(132)) - node0 Scavenging every 600000ms
2025-05-12 14:23:14,487 [main] INFO  handler.ContextHandler (ContextHandler.java:doStart(921)) - Started o.e.j.s.ServletContextHandler@6cfac0bd{logs,/logs,file:///home/runner/work/ozone/ozone/hadoop-ozone/integration-test-s3/target/log,AVAILABLE}
2025-05-12 14:23:14,492 [main] INFO  handler.ContextHandler (ContextHandler.java:doStart(921)) - Started o.e.j.s.ServletContextHandler@5b0d480c{static,/static,jar:file:/home/runner/work/ozone/ozone/hadoop-hdds/server-scm/target/hdds-server-scm-2.1.0-SNAPSHOT.jar!/webapps/static,AVAILABLE}
2025-05-12 14:23:14,770 [main] INFO  handler.ContextHandler (ContextHandler.java:doStart(921)) - Started o.e.j.w.WebAppContext@63ede2a0{scm,/,file:///home/runner/work/ozone/ozone/hadoop-ozone/integration-test-s3/target/test-dir/MiniOzoneClusterImpl-4f0ef3c3-c429-48e0-ae71-8c6302523d84/ozone-meta/webserver/jetty-0_0_0_0-15003-hdds-server-scm-2_1_0-SNAPSHOT_jar-_-any-57795801390709616/webapp/,AVAILABLE}{jar:file:/home/runner/work/ozone/ozone/hadoop-hdds/server-scm/target/hdds-server-scm-2.1.0-SNAPSHOT.jar!/webapps/scm}
2025-05-12 14:23:14,775 [main] INFO  server.AbstractConnector (AbstractConnector.java:doStart(333)) - Started ServerConnector@1f847d9e{HTTP/1.1, (http/1.1)}{0.0.0.0:15003}
2025-05-12 14:23:14,775 [main] INFO  server.Server (Server.java:doStart(415)) - Started @9228ms
2025-05-12 14:23:14,777 [main] INFO  impl.MetricsSinkAdapter (MetricsSinkAdapter.java:start(204)) - Sink prometheus started
2025-05-12 14:23:14,777 [main] INFO  impl.MetricsSystemImpl (MetricsSystemImpl.java:registerSink(305)) - Registered sink prometheus
2025-05-12 14:23:14,778 [main] INFO  http.BaseHttpServer (BaseHttpServer.java:updateConnectorAddress(359)) - HTTP server of scm listening at http://0.0.0.0:15003
2025-05-12 14:23:14,784 [main] WARN  server.ServerUtils (ServerUtils.java:getDBPath(292)) - ozone.om.db.dirs is not configured. We recommend adding this setting. Falling back to ozone.metadata.dirs instead.
2025-05-12 14:23:14,895 [f0ab5fca-9f92-40bd-8337-87c2f3c3b858@group-8C6302523D84-FollowerState] INFO  impl.FollowerState (FollowerState.java:runImpl(161)) - f0ab5fca-9f92-40bd-8337-87c2f3c3b858@group-8C6302523D84-FollowerState: change to CANDIDATE, lastRpcElapsedTime:1120995016ns, electionTimeout:1117ms
2025-05-12 14:23:14,895 [main] INFO  audit.AuditLogger (AuditLogger.java:refreshDebugCmdSet(133)) - Refresh DebugCmdSet for OMAudit to [].
2025-05-12 14:23:14,896 [f0ab5fca-9f92-40bd-8337-87c2f3c3b858@group-8C6302523D84-FollowerState] INFO  impl.RoleInfo (RoleInfo.java:shutdownFollowerState(121)) - f0ab5fca-9f92-40bd-8337-87c2f3c3b858: shutdown f0ab5fca-9f92-40bd-8337-87c2f3c3b858@group-8C6302523D84-FollowerState
2025-05-12 14:23:14,896 [f0ab5fca-9f92-40bd-8337-87c2f3c3b858@group-8C6302523D84-FollowerState] INFO  server.RaftServer$Division (RaftServerImpl.java:setRole(378)) - f0ab5fca-9f92-40bd-8337-87c2f3c3b858@group-8C6302523D84: changes role from  FOLLOWER to CANDIDATE at term 1 for changeToCandidate
2025-05-12 14:23:14,896 [f0ab5fca-9f92-40bd-8337-87c2f3c3b858@group-8C6302523D84-FollowerState] INFO  server.RaftServerConfigKeys (ConfUtils.java:logGet(46)) - raft.server.leaderelection.pre-vote = true (default)
2025-05-12 14:23:14,897 [f0ab5fca-9f92-40bd-8337-87c2f3c3b858@group-8C6302523D84-FollowerState] INFO  impl.RoleInfo (RoleInfo.java:updateAndGet(148)) - f0ab5fca-9f92-40bd-8337-87c2f3c3b858: start f0ab5fca-9f92-40bd-8337-87c2f3c3b858@group-8C6302523D84-LeaderElection2
2025-05-12 14:23:14,898 [f0ab5fca-9f92-40bd-8337-87c2f3c3b858@group-8C6302523D84-LeaderElection2] INFO  impl.LeaderElection (LeaderElection.java:askForVotes(332)) - f0ab5fca-9f92-40bd-8337-87c2f3c3b858@group-8C6302523D84-LeaderElection2 PRE_VOTE round 0: submit vote requests at term 1 for conf: {index: 0, cur=peers:[f0ab5fca-9f92-40bd-8337-87c2f3c3b858|pkrvmberfyhpb9w:15004]|listeners:[], old=null}
2025-05-12 14:23:14,899 [f0ab5fca-9f92-40bd-8337-87c2f3c3b858@group-8C6302523D84-LeaderElection2] INFO  impl.LeaderElection (LeaderElection.java:askForVotes(334)) - f0ab5fca-9f92-40bd-8337-87c2f3c3b858@group-8C6302523D84-LeaderElection2 PRE_VOTE round 0: result PASSED (term=1)
2025-05-12 14:23:14,904 [f0ab5fca-9f92-40bd-8337-87c2f3c3b858@group-8C6302523D84-LeaderElection2] INFO  impl.LeaderElection (LeaderElection.java:askForVotes(332)) - f0ab5fca-9f92-40bd-8337-87c2f3c3b858@group-8C6302523D84-LeaderElection2 ELECTION round 0: submit vote requests at term 2 for conf: {index: 0, cur=peers:[f0ab5fca-9f92-40bd-8337-87c2f3c3b858|pkrvmberfyhpb9w:15004]|listeners:[], old=null}
2025-05-12 14:23:14,905 [f0ab5fca-9f92-40bd-8337-87c2f3c3b858@group-8C6302523D84-LeaderElection2] INFO  impl.LeaderElection (LeaderElection.java:askForVotes(334)) - f0ab5fca-9f92-40bd-8337-87c2f3c3b858@group-8C6302523D84-LeaderElection2 ELECTION round 0: result PASSED (term=2)
2025-05-12 14:23:14,906 [f0ab5fca-9f92-40bd-8337-87c2f3c3b858@group-8C6302523D84-LeaderElection2] INFO  impl.RoleInfo (RoleInfo.java:shutdownLeaderElection(141)) - f0ab5fca-9f92-40bd-8337-87c2f3c3b858: shutdown f0ab5fca-9f92-40bd-8337-87c2f3c3b858@group-8C6302523D84-LeaderElection2
2025-05-12 14:23:14,906 [f0ab5fca-9f92-40bd-8337-87c2f3c3b858@group-8C6302523D84-LeaderElection2] INFO  server.RaftServer$Division (RaftServerImpl.java:setRole(378)) - f0ab5fca-9f92-40bd-8337-87c2f3c3b858@group-8C6302523D84: changes role from CANDIDATE to LEADER at term 2 for changeToLeader
2025-05-12 14:23:14,906 [f0ab5fca-9f92-40bd-8337-87c2f3c3b858@group-8C6302523D84-LeaderElection2] INFO  server.RaftServerConfigKeys (ConfUtils.java:logGet(46)) - raft.server.staging.catchup.gap = 1000 (default)
2025-05-12 14:23:14,907 [f0ab5fca-9f92-40bd-8337-87c2f3c3b858@group-8C6302523D84-LeaderElection2] INFO  server.RaftServerConfigKeys (ConfUtils.java:logGet(46)) - raft.server.write.element-limit = 4096 (default)
2025-05-12 14:23:14,909 [f0ab5fca-9f92-40bd-8337-87c2f3c3b858@group-8C6302523D84-LeaderElection2] INFO  server.RaftServerConfigKeys (ConfUtils.java:logGet(46)) - raft.server.write.byte-limit = 64MB (=67108864) (default)
2025-05-12 14:23:14,909 [f0ab5fca-9f92-40bd-8337-87c2f3c3b858@group-8C6302523D84-LeaderElection2] INFO  server.RaftServerConfigKeys (ConfUtils.java:logGet(46)) - raft.server.watch.timeout = 10s (default)
2025-05-12 14:23:14,910 [f0ab5fca-9f92-40bd-8337-87c2f3c3b858@group-8C6302523D84-LeaderElection2] INFO  server.RaftServerConfigKeys (ConfUtils.java:logGet(46)) - raft.server.watch.timeout.denomination = 1s (default)
2025-05-12 14:23:14,910 [f0ab5fca-9f92-40bd-8337-87c2f3c3b858@group-8C6302523D84-LeaderElection2] INFO  server.RaftServerConfigKeys (ConfUtils.java:logGet(46)) - raft.server.watch.element-limit = 65536 (default)
2025-05-12 14:23:14,913 [f0ab5fca-9f92-40bd-8337-87c2f3c3b858@group-8C6302523D84-LeaderElection2] INFO  server.RaftServerConfigKeys (ConfUtils.java:logGet(46)) - raft.server.read.leader.lease.enabled = false (default)
2025-05-12 14:23:14,913 [f0ab5fca-9f92-40bd-8337-87c2f3c3b858@group-8C6302523D84-LeaderElection2] INFO  server.RaftServerConfigKeys (ConfUtils.java:logGet(46)) - raft.server.read.leader.lease.timeout.ratio = 0.9 (default)
2025-05-12 14:23:14,913 [f0ab5fca-9f92-40bd-8337-87c2f3c3b858@group-8C6302523D84-LeaderElection2] INFO  server.RaftServerConfigKeys (ConfUtils.java:logGet(46)) - raft.server.rpc.timeout.min = 5000ms (custom)
2025-05-12 14:23:14,913 [f0ab5fca-9f92-40bd-8337-87c2f3c3b858@group-8C6302523D84-LeaderElection2] INFO  server.RaftServerConfigKeys (ConfUtils.java:logGet(46)) - raft.server.log.log-metadata.enabled = true (default)
2025-05-12 14:23:14,917 [f0ab5fca-9f92-40bd-8337-87c2f3c3b858@group-8C6302523D84-LeaderElection2] INFO  server.RaftServerConfigKeys (ConfUtils.java:logGet(46)) - raft.server.write.element-limit = 4096 (default)
2025-05-12 14:23:14,915 [main] INFO  audit.AuditLogger (AuditLogger.java:refreshDebugCmdSet(133)) - Refresh DebugCmdSet for OMSystemAudit to [].
2025-05-12 14:23:14,917 [f0ab5fca-9f92-40bd-8337-87c2f3c3b858@group-8C6302523D84-LeaderElection2] INFO  server.RaftServerConfigKeys (ConfUtils.java:logGet(46)) - raft.server.write.follower.gap.ratio.max = -1.0 (default)
2025-05-12 14:23:14,918 [f0ab5fca-9f92-40bd-8337-87c2f3c3b858@group-8C6302523D84-LeaderElection2] INFO  impl.RoleInfo (RoleInfo.java:updateAndGet(148)) - f0ab5fca-9f92-40bd-8337-87c2f3c3b858: start f0ab5fca-9f92-40bd-8337-87c2f3c3b858@group-8C6302523D84-LeaderStateImpl
2025-05-12 14:23:14,918 [f0ab5fca-9f92-40bd-8337-87c2f3c3b858@group-8C6302523D84-LeaderElection2] INFO  server.RaftServer$Division (RaftServerImpl.java:setFirstElection(562)) - f0ab5fca-9f92-40bd-8337-87c2f3c3b858@group-8C6302523D84: set firstElectionSinceStartup to false for becomeLeader
2025-05-12 14:23:14,918 [f0ab5fca-9f92-40bd-8337-87c2f3c3b858@group-8C6302523D84-LeaderElection2] INFO  ha.SCMStateMachine (SCMStateMachine.java:notifyLeaderChanged(291)) - current SCM becomes leader of term 2.
2025-05-12 14:23:14,918 [f0ab5fca-9f92-40bd-8337-87c2f3c3b858@group-8C6302523D84-LeaderElection2] INFO  ha.SCMContext (SCMContext.java:updateLeaderAndTerm(95)) - update <isLeader,term> from <false,0> to <true,2>
2025-05-12 14:23:14,924 [f0ab5fca-9f92-40bd-8337-87c2f3c3b858@group-8C6302523D84-LeaderElection2] INFO  server.RaftServer$Division (ServerState.java:setLeader(272)) - f0ab5fca-9f92-40bd-8337-87c2f3c3b858@group-8C6302523D84: change Leader from null to f0ab5fca-9f92-40bd-8337-87c2f3c3b858 at term 2 for becomeLeader, leader elected after 2421ms
2025-05-12 14:23:14,925 [f0ab5fca-9f92-40bd-8337-87c2f3c3b858@group-8C6302523D84-LeaderElection2] INFO  segmented.SegmentedRaftLogWorker (SegmentedRaftLogWorker.java:rollLogSegment(443)) - f0ab5fca-9f92-40bd-8337-87c2f3c3b858@group-8C6302523D84-SegmentedRaftLogWorker: Rolling segment log-0_0 to index:0
2025-05-12 14:23:14,927 [f0ab5fca-9f92-40bd-8337-87c2f3c3b858@group-8C6302523D84-LeaderElection2] INFO  server.RaftServer$Division (ServerState.java:setRaftConf(386)) - f0ab5fca-9f92-40bd-8337-87c2f3c3b858@group-8C6302523D84: set configuration conf: {index: 1, cur=peers:[f0ab5fca-9f92-40bd-8337-87c2f3c3b858|pkrvmberfyhpb9w:15004]|listeners:[], old=null}
2025-05-12 14:23:14,928 [f0ab5fca-9f92-40bd-8337-87c2f3c3b858@group-8C6302523D84-SegmentedRaftLogWorker] INFO  segmented.SegmentedRaftLogWorker (SegmentedRaftLogWorker.java:execute(601)) - f0ab5fca-9f92-40bd-8337-87c2f3c3b858@group-8C6302523D84-SegmentedRaftLogWorker: Rolled log segment from /home/runner/work/ozone/ozone/hadoop-ozone/integration-test-s3/target/test-dir/MiniOzoneClusterImpl-4f0ef3c3-c429-48e0-ae71-8c6302523d84/ozone-meta/scm-ha/4f0ef3c3-c429-48e0-ae71-8c6302523d84/current/log_inprogress_0 to /home/runner/work/ozone/ozone/hadoop-ozone/integration-test-s3/target/test-dir/MiniOzoneClusterImpl-4f0ef3c3-c429-48e0-ae71-8c6302523d84/ozone-meta/scm-ha/4f0ef3c3-c429-48e0-ae71-8c6302523d84/current/log_0-0
2025-05-12 14:23:14,933 [f0ab5fca-9f92-40bd-8337-87c2f3c3b858@group-8C6302523D84-SegmentedRaftLogWorker] INFO  segmented.BufferedWriteChannel (BufferedWriteChannel.java:open(61)) - open log_inprogress_1 at position 0
2025-05-12 14:23:14,949 [f0ab5fca-9f92-40bd-8337-87c2f3c3b858@group-8C6302523D84-SegmentedRaftLogWorker] INFO  segmented.SegmentedRaftLogWorker (SegmentedRaftLogWorker.java:execute(644)) - f0ab5fca-9f92-40bd-8337-87c2f3c3b858@group-8C6302523D84-SegmentedRaftLogWorker: created new log segment /home/runner/work/ozone/ozone/hadoop-ozone/integration-test-s3/target/test-dir/MiniOzoneClusterImpl-4f0ef3c3-c429-48e0-ae71-8c6302523d84/ozone-meta/scm-ha/4f0ef3c3-c429-48e0-ae71-8c6302523d84/current/log_inprogress_1
2025-05-12 14:23:14,958 [f0ab5fca-9f92-40bd-8337-87c2f3c3b858@group-8C6302523D84-StateMachineUpdater] INFO  server.RaftServer$Division (LeaderStateImpl.java:checkStartIndex(313)) - Leader f0ab5fca-9f92-40bd-8337-87c2f3c3b858@group-8C6302523D84-LeaderStateImpl is ready since appliedIndex == startIndex == 1
2025-05-12 14:23:14,959 [f0ab5fca-9f92-40bd-8337-87c2f3c3b858@group-8C6302523D84-StateMachineUpdater] INFO  ha.SCMContext (SCMContext.java:setLeaderReady(122)) - update <isLeaderReady> from <false> to <true>
2025-05-12 14:23:14,959 [f0ab5fca-9f92-40bd-8337-87c2f3c3b858@group-8C6302523D84-StateMachineUpdater] INFO  pipeline.BackgroundPipelineCreator (BackgroundPipelineCreator.java:notifyStatusChanged(268)) - Service BackgroundPipelineCreator transitions to RUNNING.
2025-05-12 14:23:14,962 [f0ab5fca-9f92-40bd-8337-87c2f3c3b858@group-8C6302523D84-StateMachineUpdater] INFO  safemode.RatisContainerSafeModeRule (RatisContainerSafeModeRule.java:initializeRule(160)) - Refreshed Containers with one replica threshold count 0.
2025-05-12 14:23:14,962 [f0ab5fca-9f92-40bd-8337-87c2f3c3b858@group-8C6302523D84-StateMachineUpdater] INFO  safemode.HealthyPipelineSafeModeRule (HealthyPipelineSafeModeRule.java:initializeRule(173)) - Refreshed total pipeline count is 0, healthy pipeline threshold count is 1
2025-05-12 14:23:14,963 [f0ab5fca-9f92-40bd-8337-87c2f3c3b858@group-8C6302523D84-StateMachineUpdater] INFO  safemode.ECContainerSafeModeRule (ECContainerSafeModeRule.java:initializeRule(205)) - Refreshed Containers with ec n replica threshold count 0.
2025-05-12 14:23:14,963 [f0ab5fca-9f92-40bd-8337-87c2f3c3b858@group-8C6302523D84-StateMachineUpdater] INFO  safemode.OneReplicaPipelineSafeModeRule (OneReplicaPipelineSafeModeRule.java:initializeRule(186)) - Refreshed Total pipeline count is 0, pipeline's with at least one datanode reported threshold count is 0
2025-05-12 14:23:14,965 [f0ab5fca-9f92-40bd-8337-87c2f3c3b858@group-8C6302523D84-StateMachineUpdater] INFO  server.SCMDatanodeProtocolServer (SCMDatanodeProtocolServer.java:start(193)) - ScmDatanodeProtocol RPC server for DataNodes is listening at /0.0.0.0:15002
2025-05-12 14:23:14,968 [IPC Server Responder] INFO  ipc.Server (Server.java:run(1713)) - IPC Server Responder: starting
2025-05-12 14:23:14,968 [IPC Server listener on 15002] INFO  ipc.Server (Server.java:run(1553)) - IPC Server listener on 15002: starting
2025-05-12 14:23:14,985 [main] INFO  ha.OMHANodeDetails (OMHANodeDetails.java:loadOMHAConfig(113)) - ozone.om.internal.service.id is not defined, falling back to ozone.om.service.ids to find serviceID for OzoneManager if it is HA enabled cluster
2025-05-12 14:23:14,990 [main] INFO  ha.OMHANodeDetails (OMHANodeDetails.java:loadOMHAConfig(224)) - Configuration does not have ozone.om.address set. Falling back to the default OM address /127.0.0.1:15006
2025-05-12 14:23:14,991 [main] INFO  ha.OMHANodeDetails (OMHANodeDetails.java:getOMNodeDetailsForNonHA(252)) - OM Service ID is not set. Setting it to the default ID: omServiceIdDefault
2025-05-12 14:23:14,991 [main] INFO  ha.OMHANodeDetails (OMHANodeDetails.java:getOMNodeDetailsForNonHA(259)) - OM Node ID is not set. Setting it to the default ID: om1
2025-05-12 14:23:14,994 [main] WARN  server.ServerUtils (ServerUtils.java:getDBPath(292)) - ozone.om.db.dirs is not configured. We recommend adding this setting. Falling back to ozone.metadata.dirs instead.
2025-05-12 14:23:15,010 [main] INFO  upgrade.AbstractLayoutVersionManager (AbstractLayoutVersionManager.java:init(80)) - Initializing Layout version manager with metadata layout = DELEGATION_TOKEN_SYMMETRIC_SIGN (version = 8), software layout = DELEGATION_TOKEN_SYMMETRIC_SIGN (version = 8)
2025-05-12 14:23:15,177 [main] INFO  reflections.Reflections (Reflections.java:scan(219)) - Reflections took 165 ms to scan 1 urls, producing 147 keys and 458 values
2025-05-12 14:23:15,184 [main] INFO  upgrade.OMLayoutVersionManager (OMLayoutVersionManager.java:lambda$0(110)) - Skipping Upgrade Action QuotaRepairUpgradeAction since it has been finalized.
2025-05-12 14:23:15,190 [main] WARN  server.ServerUtils (ServerUtils.java:getDBPath(292)) - ozone.om.db.dirs is not configured. We recommend adding this setting. Falling back to ozone.metadata.dirs instead.
2025-05-12 14:23:15,203 [main] INFO  om.OzoneManager (OzoneManager.java:setReplicationFromConfig(4596)) - Set default replication in OM: RATIS/3 -> RATIS/THREE
2025-05-12 14:23:15,216 [main] INFO  proxy.SCMContainerLocationFailoverProxyProvider (SCMFailoverProxyProviderBase.java:<init>(120)) - Created fail-over proxy for protocol StorageContainerLocationProtocolPB with 1 nodes: [nodeId=scmNodeId,nodeAddress=/0.0.0.0:15000]
2025-05-12 14:23:15,262 [main] INFO  proxy.SCMBlockLocationFailoverProxyProvider (SCMFailoverProxyProviderBase.java:<init>(120)) - Created fail-over proxy for protocol ScmBlockLocationProtocolPB with 1 nodes: [nodeId=scmNodeId,nodeAddress=/0.0.0.0:15001]
2025-05-12 14:23:15,293 [main] INFO  proxy.SCMBlockLocationFailoverProxyProvider (SCMFailoverProxyProviderBase.java:<init>(120)) - Created fail-over proxy for protocol ScmBlockLocationProtocolPB with 1 nodes: [nodeId=scmNodeId,nodeAddress=/0.0.0.0:15001]
2025-05-12 14:23:15,622 [main] INFO  om.OzoneManager (OzoneManager.java:<init>(670)) - OM start with adminUsers: [runner]
2025-05-12 14:23:15,651 [main] WARN  server.ServerUtils (ServerUtils.java:getDBPath(292)) - ozone.om.db.dirs is not configured. We recommend adding this setting. Falling back to ozone.metadata.dirs instead.
2025-05-12 14:23:16,166 [main] INFO  om.OzoneManager (OzoneManager.java:instantiateServices(914)) - S3 Multi-Tenancy is disabled
2025-05-12 14:23:16,195 [main] INFO  om.OmSnapshotManager (OmSnapshotManager.java:<init>(187)) - Ozone filesystem snapshot feature is enabled.
2025-05-12 14:23:16,205 [main] WARN  server.ServerUtils (ServerUtils.java:getDBPath(292)) - ozone.om.snapshot.diff.db.dir is not configured. We recommend adding this setting. Falling back to ozone.metadata.dirs instead.
2025-05-12 14:23:16,250 [main] INFO  utils.NativeLibraryLoader (NativeLibraryLoader.java:loadLibrary(120)) - Loading Library: ozone_rocksdb_tools
2025-05-12 14:23:16,465 [main] INFO  om.OzoneManager (OzoneManager.java:addS3GVolumeToDB(4654)) - Created Volume s3v With Owner runner required for S3Gateway operations.
2025-05-12 14:23:16,557 [main] WARN  server.ServerUtils (ServerUtils.java:getDefaultRatisDirectory(304)) - Storage directory for Ratis is not configured. It is a good idea to map this to an SSD disk. Falling back to ozone.metadata.dirs
2025-05-12 14:23:16,558 [main] WARN  utils.OzoneManagerRatisUtils (OzoneManagerRatisUtils.java:getOMRatisSnapshotDirectory(488)) - ozone.om.ratis.snapshot.dir is not configured. Falling back to ozone.metadata.dirs config
2025-05-12 14:23:16,563 [main] WARN  dropwizard3.Dm3MetricRegistriesImpl (Dm3MetricRegistriesImpl.java:addReporterRegistration(114)) - New reporters are added after registries were created. Some metrics will be missing from the reporter. Please add reporter before adding any new registry.
2025-05-12 14:23:16,563 [main] WARN  dropwizard3.Dm3MetricRegistriesImpl (Dm3MetricRegistriesImpl.java:addReporterRegistration(114)) - New reporters are added after registries were created. Some metrics will be missing from the reporter. Please add reporter before adding any new registry.
2025-05-12 14:23:16,563 [main] WARN  server.ServerUtils (ServerUtils.java:getDefaultRatisDirectory(304)) - Storage directory for Ratis is not configured. It is a good idea to map this to an SSD disk. Falling back to ozone.metadata.dirs
2025-05-12 14:23:16,564 [main] INFO  server.RaftServerConfigKeys (ConfUtils.java:logGet(46)) - raft.server.log.appender.buffer.byte-limit = 4194304 (custom)
2025-05-12 14:23:16,566 [main] INFO  ratis.OzoneManagerRatisServer (OzoneManagerRatisServer.java:<init>(167)) - Instantiating OM Ratis server with groupID: omServiceIdDefault and peers: localhost:15009
2025-05-12 14:23:16,571 [main] INFO  ratis.OzoneManagerStateMachine (OzoneManagerStateMachine.java:loadSnapshotInfoFromDB(618)) - TransactionInfo not found in OM DB.
2025-05-12 14:23:16,646 [main] INFO  server.RaftServer (ConfUtils.java:logGet(46)) - raft.rpc.type = GRPC (default)
2025-05-12 14:23:16,647 [main] INFO  grpc.GrpcConfigKeys (ConfUtils.java:logFallback(53)) - raft.grpc.admin.host = null (fallback to raft.grpc.server.host)
2025-05-12 14:23:16,647 [main] INFO  grpc.GrpcConfigKeys (ConfUtils.java:logFallback(53)) - raft.grpc.admin.port = 15009 (fallback to raft.grpc.server.port)
2025-05-12 14:23:16,647 [main] INFO  grpc.GrpcConfigKeys (ConfUtils.java:logFallback(53)) - raft.grpc.client.host = null (fallback to raft.grpc.server.host)
2025-05-12 14:23:16,647 [main] INFO  grpc.GrpcConfigKeys (ConfUtils.java:logFallback(53)) - raft.grpc.client.port = 15009 (fallback to raft.grpc.server.port)
2025-05-12 14:23:16,648 [main] INFO  grpc.GrpcConfigKeys (ConfUtils.java:logGet(46)) - raft.grpc.server.host = null (default)
2025-05-12 14:23:16,648 [main] INFO  grpc.GrpcConfigKeys (ConfUtils.java:logGet(46)) - raft.grpc.server.port = 15009 (custom)
2025-05-12 14:23:16,650 [main] INFO  server.GrpcService (ConfUtils.java:logGet(46)) - raft.grpc.message.size.max = 5242880 (custom)
2025-05-12 14:23:16,651 [main] INFO  server.GrpcService (ConfUtils.java:logGet(46)) - raft.grpc.flow.control.window = 1MB (=1048576) (default)
2025-05-12 14:23:16,651 [main] INFO  server.RaftServerConfigKeys (ConfUtils.java:logGet(46)) - raft.server.rpc.request.timeout = 3000ms (default)
2025-05-12 14:23:16,651 [main] INFO  grpc.GrpcConfigKeys (ConfUtils.java:logGet(46)) - raft.grpc.server.heartbeat.channel = true (default)
2025-05-12 14:23:16,651 [main] INFO  server.RaftServerConfigKeys (ConfUtils.java:logGet(46)) - raft.server.log.appender.buffer.byte-limit = 4194304 (custom)
2025-05-12 14:23:16,651 [main] INFO  grpc.GrpcConfigKeys (ConfUtils.java:logGet(46)) - raft.grpc.server.async.request.thread.pool.cached = true (default)
2025-05-12 14:23:16,651 [main] INFO  grpc.GrpcConfigKeys (ConfUtils.java:logGet(46)) - raft.grpc.server.async.request.thread.pool.size = 32 (default)
2025-05-12 14:23:16,652 [main] INFO  impl.DataStreamServerImpl (ConfUtils.java:logGet(46)) - raft.datastream.type = DISABLED (default)
2025-05-12 14:23:16,653 [main] INFO  server.RaftServerConfigKeys (ConfUtils.java:logGet(46)) - raft.server.sleep.deviation.threshold = 300ms (default)
2025-05-12 14:23:16,653 [main] INFO  server.RaftServerConfigKeys (ConfUtils.java:logGet(46)) - raft.server.close.threshold = 60s (default)
2025-05-12 14:23:16,653 [main] INFO  server.RaftServerConfigKeys (ConfUtils.java:logGet(46)) - raft.server.leaderelection.leader.step-down.wait-time = 10s (default)
2025-05-12 14:23:16,656 [main] INFO  server.RaftServerConfigKeys (ConfUtils.java:logGet(46)) - raft.server.storage.dir = [/home/runner/work/ozone/ozone/hadoop-ozone/integration-test-s3/target/test-dir/MiniOzoneClusterImpl-4f0ef3c3-c429-48e0-ae71-8c6302523d84/ozone-meta/ratis] (custom)
2025-05-12 14:23:16,656 [main] INFO  server.RaftServerConfigKeys (ConfUtils.java:logGet(46)) - raft.server.threadpool.proxy.cached = true (default)
2025-05-12 14:23:16,656 [main] INFO  server.RaftServerConfigKeys (ConfUtils.java:logGet(46)) - raft.server.threadpool.proxy.size = 0 (default)
2025-05-12 14:23:16,657 [main] INFO  server.RaftServer (RaftServerProxy.java:addNew(100)) - om1: addNew group-C5BA1605619E:[om1|localhost:15009] returns group-C5BA1605619E:java.util.concurrent.CompletableFuture@2324e26c[Not completed]
2025-05-12 14:23:16,657 [om1-groupManagement] INFO  server.RaftServer$Division (RaftServerImpl.java:<init>(255)) - om1: new RaftServerImpl for group-C5BA1605619E:[om1|localhost:15009] with OzoneManagerStateMachine:uninitialized
2025-05-12 14:23:16,658 [om1-groupManagement] INFO  server.RaftServerConfigKeys (ConfUtils.java:logGet(46)) - raft.server.rpc.timeout.min = 1s (custom)
2025-05-12 14:23:16,658 [main] INFO  om.OzoneManager (OzoneManager.java:initializeRatisServer(2284)) - OzoneManager Ratis server initialized at port 15009
2025-05-12 14:23:16,658 [om1-groupManagement] INFO  server.RaftServerConfigKeys (ConfUtils.java:logGet(46)) - raft.server.rpc.timeout.max = 1200ms (custom)
2025-05-12 14:23:16,658 [om1-groupManagement] INFO  server.RaftServerConfigKeys (ConfUtils.java:logGet(46)) - raft.server.rpc.sleep.time = 25ms (default)
2025-05-12 14:23:16,658 [om1-groupManagement] INFO  server.RaftServerConfigKeys (ConfUtils.java:logGet(46)) - raft.server.rpc.slowness.timeout = 120s (custom)
2025-05-12 14:23:16,659 [om1-groupManagement] INFO  server.RaftServerConfigKeys (ConfUtils.java:logGet(46)) - raft.server.leaderelection.leader.step-down.wait-time = 10s (default)
2025-05-12 14:23:16,659 [om1-groupManagement] INFO  server.RaftServerConfigKeys (ConfUtils.java:logGet(46)) - raft.server.leaderelection.member.majority-add = false (default)
2025-05-12 14:23:16,659 [om1-groupManagement] INFO  server.RaftServerConfigKeys (ConfUtils.java:logGet(46)) - raft.server.sleep.deviation.threshold = 300ms (default)
2025-05-12 14:23:16,659 [om1-groupManagement] INFO  server.RaftServer$Division (ServerState.java:<init>(114)) - om1@group-C5BA1605619E: ConfigurationManager, init=conf: {index: -1, cur=peers:[om1|localhost:15009]|listeners:[], old=null}, confs=<EMPTY_MAP>
2025-05-12 14:23:16,659 [om1-groupManagement] INFO  server.RaftServerConfigKeys (ConfUtils.java:logGet(46)) - raft.server.notification.no-leader.timeout = 120s (custom)
2025-05-12 14:23:16,660 [om1-groupManagement] INFO  server.RaftServerConfigKeys (ConfUtils.java:logGet(46)) - raft.server.read.timeout = 10s (default)
2025-05-12 14:23:16,660 [om1-groupManagement] INFO  server.RaftServerConfigKeys (ConfUtils.java:logGet(46)) - raft.server.retrycache.expirytime = 300s (custom)
2025-05-12 14:23:16,661 [om1-groupManagement] INFO  server.RaftServerConfigKeys (ConfUtils.java:logGet(46)) - raft.server.retrycache.statistics.expirytime = 100ms (default)
2025-05-12 14:23:16,662 [om1-groupManagement] INFO  server.RaftServerConfigKeys (ConfUtils.java:logGet(46)) - raft.server.read.option = DEFAULT (default)
2025-05-12 14:23:16,662 [om1-groupManagement] INFO  server.RaftServerConfigKeys (ConfUtils.java:logGet(46)) - raft.server.read.read-after-write-consistent.write-index-cache.expiry-time = 60s (default)
2025-05-12 14:23:16,662 [main] INFO  om.OzoneManager (OzoneManager.java:getRpcServer(1340)) - Creating RPC Server
2025-05-12 14:23:16,675 [om1-groupManagement] INFO  server.RaftServerConfigKeys (ConfUtils.java:logGet(46)) - raft.server.rpc.request.timeout = 3000ms (default)
2025-05-12 14:23:16,676 [om1-groupManagement] INFO  server.RaftServerConfigKeys (ConfUtils.java:logGet(46)) - raft.server.log.appender.install.snapshot.enabled = false (custom)
2025-05-12 14:23:16,676 [om1-groupManagement] INFO  server.RaftServerConfigKeys (ConfUtils.java:logGet(46)) - raft.server.threadpool.server.cached = true (default)
2025-05-12 14:23:16,676 [om1-groupManagement] INFO  server.RaftServerConfigKeys (ConfUtils.java:logGet(46)) - raft.server.threadpool.server.size = 0 (default)
2025-05-12 14:23:16,676 [om1-groupManagement] INFO  server.RaftServerConfigKeys (ConfUtils.java:logGet(46)) - raft.server.threadpool.client.cached = true (default)
2025-05-12 14:23:16,676 [om1-groupManagement] INFO  server.RaftServerConfigKeys (ConfUtils.java:logGet(46)) - raft.server.threadpool.client.size = 0 (default)
2025-05-12 14:23:17,737 [main] INFO  reflections.Reflections (Reflections.java:scan(219)) - Reflections took 1027 ms to scan 17 urls, producing 55 keys and 3272 values
2025-05-12 14:23:17,932 [main] INFO  ipc.CallQueueManager (CallQueueManager.java:<init>(93)) - Using callQueue: class java.util.concurrent.LinkedBlockingQueue, queueCapacity: 2000, scheduler: class org.apache.hadoop.ipc.DefaultRpcScheduler, ipcBackoff: false, ipcFailOver: false.
2025-05-12 14:23:17,934 [main] INFO  ipc.Server (Server.java:<init>(1438)) - Listener at 127.0.0.1:15006
2025-05-12 14:23:17,937 [Socket Reader #1 for port 15006] INFO  ipc.Server (Server.java:run(1474)) - Starting Socket Reader #1 for port 15006
2025-05-12 14:23:17,939 [Socket Reader #2 for port 15006] INFO  ipc.Server (Server.java:run(1474)) - Starting Socket Reader #2 for port 15006
2025-05-12 14:23:17,940 [Socket Reader #3 for port 15006] INFO  ipc.Server (Server.java:run(1474)) - Starting Socket Reader #3 for port 15006
2025-05-12 14:23:17,940 [Socket Reader #4 for port 15006] INFO  ipc.Server (Server.java:run(1474)) - Starting Socket Reader #4 for port 15006
2025-05-12 14:23:17,941 [Socket Reader #5 for port 15006] INFO  ipc.Server (Server.java:run(1474)) - Starting Socket Reader #5 for port 15006
2025-05-12 14:23:17,942 [Socket Reader #6 for port 15006] INFO  ipc.Server (Server.java:run(1474)) - Starting Socket Reader #6 for port 15006
2025-05-12 14:23:17,944 [Socket Reader #7 for port 15006] INFO  ipc.Server (Server.java:run(1474)) - Starting Socket Reader #7 for port 15006
2025-05-12 14:23:17,945 [Socket Reader #8 for port 15006] INFO  ipc.Server (Server.java:run(1474)) - Starting Socket Reader #8 for port 15006
2025-05-12 14:23:17,946 [Socket Reader #9 for port 15006] INFO  ipc.Server (Server.java:run(1474)) - Starting Socket Reader #9 for port 15006
2025-05-12 14:23:17,947 [Socket Reader #10 for port 15006] INFO  ipc.Server (Server.java:run(1474)) - Starting Socket Reader #10 for port 15006
2025-05-12 14:23:18,000 [main] INFO  impl.MetricsSystemImpl (MetricsSystemImpl.java:init(158)) - OzoneManager metrics system started (again)
2025-05-12 14:23:18,010 [main] INFO  om.OzoneManager (OzoneManager.java:start(1768)) - OzoneManager RPC server is listening at localhost/127.0.0.1:15006
2025-05-12 14:23:18,011 [main] INFO  ratis.OzoneManagerRatisServer (OzoneManagerRatisServer.java:start(628)) - Starting OzoneManagerRatisServer om1 at port 15009
2025-05-12 14:23:18,012 [om1-impl-thread1] INFO  server.RaftServerConfigKeys (ConfUtils.java:logGet(46)) - raft.server.storage.free-space.min = 0MB (=0) (default)
2025-05-12 14:23:18,012 [om1-impl-thread1] INFO  server.RaftServerConfigKeys (ConfUtils.java:logGet(46)) - raft.server.log.corruption.policy = EXCEPTION (default)
2025-05-12 14:23:18,013 [om1-impl-thread1] INFO  server.RaftServerConfigKeys (ConfUtils.java:logGet(46)) - raft.server.storage.dir = [/home/runner/work/ozone/ozone/hadoop-ozone/integration-test-s3/target/test-dir/MiniOzoneClusterImpl-4f0ef3c3-c429-48e0-ae71-8c6302523d84/ozone-meta/ratis] (custom)
2025-05-12 14:23:18,013 [om1-impl-thread1] INFO  storage.RaftStorageDirectory (RaftStorageDirectoryImpl.java:analyzeStorage(138)) - The storage directory /home/runner/work/ozone/ozone/hadoop-ozone/integration-test-s3/target/test-dir/MiniOzoneClusterImpl-4f0ef3c3-c429-48e0-ae71-8c6302523d84/ozone-meta/ratis/bf265839-605b-3f16-9796-c5ba1605619e does not exist. Creating ...
2025-05-12 14:23:18,016 [om1-impl-thread1] INFO  storage.RaftStorageDirectory (RaftStorageDirectoryImpl.java:tryLock(229)) - Lock on /home/runner/work/ozone/ozone/hadoop-ozone/integration-test-s3/target/test-dir/MiniOzoneClusterImpl-4f0ef3c3-c429-48e0-ae71-8c6302523d84/ozone-meta/ratis/bf265839-605b-3f16-9796-c5ba1605619e/in_use.lock acquired by nodename 70950@pkrvmberfyhpb9w
2025-05-12 14:23:18,017 [om1-impl-thread1] INFO  storage.RaftStorage (RaftStorageImpl.java:format(98)) - Storage directory /home/runner/work/ozone/ozone/hadoop-ozone/integration-test-s3/target/test-dir/MiniOzoneClusterImpl-4f0ef3c3-c429-48e0-ae71-8c6302523d84/ozone-meta/ratis/bf265839-605b-3f16-9796-c5ba1605619e has been successfully formatted.
2025-05-12 14:23:18,018 [om1-impl-thread1] INFO  ratis.OzoneManagerStateMachine (OzoneManagerStateMachine.java:lambda$0(138)) - om1: initialize group-C5BA1605619E with (t:0, i:~)
2025-05-12 14:23:18,018 [om1-impl-thread1] INFO  server.RaftServerConfigKeys (ConfUtils.java:logGet(46)) - raft.server.log.use.memory = false (default)
2025-05-12 14:23:18,019 [om1-impl-thread1] INFO  server.RaftServerConfigKeys (ConfUtils.java:logGet(46)) - raft.server.log.purge.gap = 1000000 (custom)
2025-05-12 14:23:18,019 [om1-impl-thread1] INFO  server.RaftServerConfigKeys (ConfUtils.java:logGet(46)) - raft.server.log.appender.buffer.byte-limit = 4194304 (custom)
2025-05-12 14:23:18,019 [om1-impl-thread1] INFO  server.RaftServerConfigKeys (ConfUtils.java:logGet(46)) - raft.server.log.statemachine.data.read.timeout = 1000ms (default)
2025-05-12 14:23:18,019 [om1-impl-thread1] INFO  server.RaftServerConfigKeys (ConfUtils.java:logGet(46)) - raft.server.log.purge.preservation.log.num = 0 (default)
2025-05-12 14:23:18,024 [om1-impl-thread1] INFO  server.RaftServerConfigKeys (ConfUtils.java:logGet(46)) - raft.server.log.segment.size.max = 4194304 (custom)
2025-05-12 14:23:18,025 [om1-impl-thread1] INFO  server.RaftServerConfigKeys (ConfUtils.java:logGet(46)) - raft.server.log.segment.cache.num.max = 2 (custom)
2025-05-12 14:23:18,025 [om1-impl-thread1] INFO  server.RaftServerConfigKeys (ConfUtils.java:logGet(46)) - raft.server.log.segment.cache.size.max = 200MB (=209715200) (default)
2025-05-12 14:23:18,026 [om1-impl-thread1] INFO  server.RaftServerConfigKeys (ConfUtils.java:logGet(46)) - raft.server.log.appender.buffer.byte-limit = 4194304 (custom)
2025-05-12 14:23:18,027 [om1-impl-thread1] INFO  util.AwaitToRun (AwaitToRun.java:start(81)) - Thread[#469,om1@group-C5BA1605619E-cacheEviction-AwaitToRun,5,main] started
2025-05-12 14:23:18,027 [om1-impl-thread1] INFO  segmented.SegmentedRaftLogWorker (SegmentedRaftLogWorker.java:<init>(188)) - new om1@group-C5BA1605619E-SegmentedRaftLogWorker for RaftStorageImpl:Storage Directory /home/runner/work/ozone/ozone/hadoop-ozone/integration-test-s3/target/test-dir/MiniOzoneClusterImpl-4f0ef3c3-c429-48e0-ae71-8c6302523d84/ozone-meta/ratis/bf265839-605b-3f16-9796-c5ba1605619e
2025-05-12 14:23:18,027 [om1-impl-thread1] INFO  server.RaftServerConfigKeys (ConfUtils.java:logGet(46)) - raft.server.log.queue.byte-limit = 64MB (=67108864) (default)
2025-05-12 14:23:18,027 [om1-impl-thread1] INFO  server.RaftServerConfigKeys (ConfUtils.java:logGet(46)) - raft.server.log.queue.element-limit = 4096 (default)
2025-05-12 14:23:18,027 [om1-impl-thread1] INFO  server.RaftServerConfigKeys (ConfUtils.java:logGet(46)) - raft.server.log.segment.size.max = 4194304 (custom)
2025-05-12 14:23:18,027 [om1-impl-thread1] INFO  server.RaftServerConfigKeys (ConfUtils.java:logGet(46)) - raft.server.log.preallocated.size = 4194304 (custom)
2025-05-12 14:23:18,027 [om1-impl-thread1] INFO  server.RaftServerConfigKeys (ConfUtils.java:logGet(46)) - raft.server.log.force.sync.num = 128 (default)
2025-05-12 14:23:18,027 [om1-impl-thread1] INFO  server.RaftServerConfigKeys (ConfUtils.java:logGet(46)) - raft.server.log.statemachine.data.sync = true (default)
2025-05-12 14:23:18,028 [om1-impl-thread1] INFO  server.RaftServerConfigKeys (ConfUtils.java:logGet(46)) - raft.server.log.statemachine.data.sync.timeout = 10s (default)
2025-05-12 14:23:18,028 [om1-impl-thread1] INFO  server.RaftServerConfigKeys (ConfUtils.java:logGet(46)) - raft.server.log.statemachine.data.sync.timeout.retry = -1 (default)
2025-05-12 14:23:18,028 [om1-impl-thread1] INFO  server.RaftServerConfigKeys (ConfUtils.java:logGet(46)) - raft.server.log.write.buffer.size = 4194312 (custom)
2025-05-12 14:23:18,029 [om1-impl-thread1] INFO  server.RaftServerConfigKeys (ConfUtils.java:logGet(46)) - raft.server.log.appender.buffer.byte-limit = 4194304 (custom)
2025-05-12 14:23:18,029 [om1-impl-thread1] INFO  server.RaftServerConfigKeys (ConfUtils.java:logGet(46)) - raft.server.log.unsafe-flush.enabled = false (default)
2025-05-12 14:23:18,029 [om1-impl-thread1] INFO  server.RaftServerConfigKeys (ConfUtils.java:logGet(46)) - raft.server.log.async-flush.enabled = false (default)
2025-05-12 14:23:18,029 [om1-impl-thread1] INFO  server.RaftServerConfigKeys (ConfUtils.java:logGet(46)) - raft.server.log.statemachine.data.caching.enabled = false (default)
2025-05-12 14:23:18,029 [om1-impl-thread1] INFO  segmented.SegmentedRaftLogWorker (SegmentedRaftLogWorker.java:lambda$new$0(139)) - om1@group-C5BA1605619E-SegmentedRaftLogWorker: flushIndex: setUnconditionally 0 -> -1
2025-05-12 14:23:18,029 [om1-impl-thread1] INFO  segmented.SegmentedRaftLogWorker (SegmentedRaftLogWorker.java:lambda$new$0(139)) - om1@group-C5BA1605619E-SegmentedRaftLogWorker: safeCacheEvictIndex: setUnconditionally 0 -> -1
2025-05-12 14:23:18,030 [om1-impl-thread1] INFO  server.RaftServer$Division (RaftServerImpl.java:start(391)) - om1@group-C5BA1605619E: start as a follower, conf=conf: {index: -1, cur=peers:[om1|localhost:15009]|listeners:[], old=null}
2025-05-12 14:23:18,030 [om1-impl-thread1] INFO  server.RaftServer$Division (RaftServerImpl.java:setRole(378)) - om1@group-C5BA1605619E: changes role from      null to FOLLOWER at term 0 for startAsFollower
2025-05-12 14:23:18,030 [om1-impl-thread1] INFO  impl.RoleInfo (RoleInfo.java:updateAndGet(148)) - om1: start om1@group-C5BA1605619E-FollowerState
2025-05-12 14:23:18,032 [om1-impl-thread1] INFO  util.JmxRegister (JmxRegister.java:tryRegister(44)) - Successfully registered JMX Bean with object name Ratis:service=RaftServer,group=group-C5BA1605619E,id=om1
2025-05-12 14:23:18,033 [om1-impl-thread1] INFO  util.JmxRegister (JmxRegister.java:register(58)) - register mxBean class org.apache.ratis.server.impl.RaftServerJmxAdapter as Ratis:service=RaftServer,group=group-C5BA1605619E,id=om1
2025-05-12 14:23:18,033 [om1-impl-thread1] INFO  server.RaftServerConfigKeys (ConfUtils.java:logGet(46)) - raft.server.snapshot.trigger-when-stop.enabled = true (default)
2025-05-12 14:23:18,033 [om1-impl-thread1] INFO  server.RaftServerConfigKeys (ConfUtils.java:logGet(46)) - raft.server.snapshot.trigger-when-remove.enabled = true (default)
2025-05-12 14:23:18,033 [om1-impl-thread1] INFO  server.RaftServerConfigKeys (ConfUtils.java:logGet(46)) - raft.server.snapshot.auto.trigger.enabled = true (custom)
2025-05-12 14:23:18,032 [om1@group-C5BA1605619E-FollowerState] INFO  server.RaftServerConfigKeys (ConfUtils.java:logFallback(53)) - raft.server.rpc.first-election.timeout.min = 1s (fallback to raft.server.rpc.timeout.min)
2025-05-12 14:23:18,033 [om1@group-C5BA1605619E-FollowerState] INFO  server.RaftServerConfigKeys (ConfUtils.java:logFallback(53)) - raft.server.rpc.first-election.timeout.max = 1200ms (fallback to raft.server.rpc.timeout.max)
2025-05-12 14:23:18,034 [om1-impl-thread1] INFO  server.RaftServerConfigKeys (ConfUtils.java:logGet(46)) - raft.server.snapshot.auto.trigger.threshold = 400000 (default)
2025-05-12 14:23:18,034 [om1-impl-thread1] INFO  server.RaftServerConfigKeys (ConfUtils.java:logGet(46)) - raft.server.snapshot.retention.file.num = -1 (default)
2025-05-12 14:23:18,034 [om1-impl-thread1] INFO  server.RaftServerConfigKeys (ConfUtils.java:logGet(46)) - raft.server.log.purge.upto.snapshot.index = true (custom)
2025-05-12 14:23:18,036 [om1-impl-thread1] INFO  server.RaftServer$Division (RaftServerImpl.java:start(405)) - om1@group-C5BA1605619E: Successfully started.
2025-05-12 14:23:18,036 [main] INFO  server.RaftServer (RaftServerProxy.java:startImpl(407)) - om1: start RPC server
2025-05-12 14:23:18,038 [main] INFO  server.GrpcService (GrpcService.java:startImpl(334)) - om1: GrpcService started, listening on 15009
2025-05-12 14:23:18,039 [JvmPauseMonitor2] INFO  util.JvmPauseMonitor (JvmPauseMonitor.java:run(146)) - JvmPauseMonitor-om1: Started
2025-05-12 14:23:18,039 [main] INFO  om.OzoneManager (OzoneManager.java:start(1783)) - Version File has different layout version (8) than OM DB (null). That is expected if this OM has never been finalized to a newer layout version.
2025-05-12 14:23:18,056 [main] INFO  client.ScmTopologyClient (ScmTopologyClient.java:start(70)) - Initial network topology fetched from SCM: /.
2025-05-12 14:23:18,057 [main] INFO  net.NodeSchemaLoader (NodeSchemaLoader.java:loadSchemaFromFile(128)) - Loading schema from [jar:file:/home/runner/work/ozone/ozone/hadoop-hdds/common/target/hdds-common-2.1.0-SNAPSHOT.jar!/network-topology-default.xml]
2025-05-12 14:23:18,057 [main] INFO  net.NodeSchemaLoader (NodeSchemaLoader.java:loadSchema(175)) - Loading network topology layer schema file
2025-05-12 14:23:18,077 [main] INFO  http.BaseHttpServer (BaseHttpServer.java:newHttpServer2BuilderForOzone(229)) - Starting Web-server for ozoneManager at: http://0.0.0.0:15007
2025-05-12 14:23:18,078 [main] INFO  http.BaseHttpServer (BaseHttpServer.java:<init>(107)) - Hadoop Security Enabled: false Ozone Security Enabled: false Ozone HTTP Security Enabled: false 
2025-05-12 14:23:18,082 [main] WARN  server.AuthenticationFilter (AuthenticationFilter.java:constructSecretProvider(240)) - Unable to initialize FileSignerSecretProvider, falling back to use random secrets. Reason: Could not read signature secret file: /home/runner/hadoop-http-auth-signature-secret
2025-05-12 14:23:18,086 [main] INFO  http.HttpServer2 (HttpServer2.java:addGlobalFilter(1042)) - Added global filter 'safety' (class=org.apache.hadoop.hdds.server.http.HttpServer2$QuotingInputFilter)
2025-05-12 14:23:18,089 [main] INFO  http.HttpServer2 (HttpServer2.java:addFilter(1018)) - Added filter static_user_filter (class=org.apache.hadoop.http.lib.StaticUserWebFilter$StaticUserFilter) to context ozoneManager
2025-05-12 14:23:18,089 [main] INFO  http.HttpServer2 (HttpServer2.java:addFilter(1026)) - Added filter static_user_filter (class=org.apache.hadoop.http.lib.StaticUserWebFilter$StaticUserFilter) to context logs
2025-05-12 14:23:18,089 [main] INFO  http.HttpServer2 (HttpServer2.java:addFilter(1026)) - Added filter static_user_filter (class=org.apache.hadoop.http.lib.StaticUserWebFilter$StaticUserFilter) to context static
2025-05-12 14:23:18,091 [main] INFO  http.BaseHttpServer (BaseHttpServer.java:<init>(195)) - HTTP server of ozoneManager uses base directory /home/runner/work/ozone/ozone/hadoop-ozone/integration-test-s3/target/test-dir/MiniOzoneClusterImpl-4f0ef3c3-c429-48e0-ae71-8c6302523d84/ozone-meta/webserver
2025-05-12 14:23:18,094 [main] INFO  http.HttpServer2 (HttpServer2.java:bindListener(1242)) - Jetty bound to port 15007
2025-05-12 14:23:18,094 [main] INFO  server.Server (Server.java:doStart(375)) - jetty-9.4.57.v20241219; built: 2025-01-08T21:24:30.412Z; git: df524e6b29271c2e09ba9aea83c18dc9db464a31; jvm 21.0.7+6-LTS
2025-05-12 14:23:18,097 [main] INFO  server.session (DefaultSessionIdManager.java:doStart(334)) - DefaultSessionIdManager workerName=node0
2025-05-12 14:23:18,097 [main] INFO  server.session (DefaultSessionIdManager.java:doStart(339)) - No SessionScavenger set, using defaults
2025-05-12 14:23:18,097 [main] INFO  server.session (HouseKeeper.java:startScavenging(132)) - node0 Scavenging every 600000ms
2025-05-12 14:23:18,098 [main] INFO  handler.ContextHandler (ContextHandler.java:doStart(921)) - Started o.e.j.s.ServletContextHandler@6444bf53{logs,/logs,file:///home/runner/work/ozone/ozone/hadoop-ozone/integration-test-s3/target/log,AVAILABLE}
2025-05-12 14:23:18,098 [main] INFO  handler.ContextHandler (ContextHandler.java:doStart(921)) - Started o.e.j.s.ServletContextHandler@4fc3bdb4{static,/static,jar:file:/home/runner/work/ozone/ozone/hadoop-ozone/ozone-manager/target/ozone-manager-2.1.0-SNAPSHOT.jar!/webapps/static,AVAILABLE}
2025-05-12 14:23:18,289 [main] INFO  handler.ContextHandler (ContextHandler.java:doStart(921)) - Started o.e.j.w.WebAppContext@477367ad{ozoneManager,/,file:///home/runner/work/ozone/ozone/hadoop-ozone/integration-test-s3/target/test-dir/MiniOzoneClusterImpl-4f0ef3c3-c429-48e0-ae71-8c6302523d84/ozone-meta/webserver/jetty-0_0_0_0-15007-ozone-manager-2_1_0-SNAPSHOT_jar-_-any-11146110798616030577/webapp/,AVAILABLE}{jar:file:/home/runner/work/ozone/ozone/hadoop-ozone/ozone-manager/target/ozone-manager-2.1.0-SNAPSHOT.jar!/webapps/ozoneManager}
2025-05-12 14:23:18,290 [main] INFO  server.AbstractConnector (AbstractConnector.java:doStart(333)) - Started ServerConnector@36bef8fb{HTTP/1.1, (http/1.1)}{0.0.0.0:15007}
2025-05-12 14:23:18,290 [main] INFO  server.Server (Server.java:doStart(415)) - Started @12743ms
2025-05-12 14:23:18,290 [main] WARN  impl.MetricsSystemImpl (MetricsSystemImpl.java:register(279)) - Sink prometheus already exists!
2025-05-12 14:23:18,291 [main] INFO  http.BaseHttpServer (BaseHttpServer.java:updateConnectorAddress(359)) - HTTP server of ozoneManager listening at http://0.0.0.0:15007
2025-05-12 14:23:18,291 [IPC Server Responder] INFO  ipc.Server (Server.java:run(1713)) - IPC Server Responder: starting
2025-05-12 14:23:18,293 [IPC Server listener on 15006] INFO  ipc.Server (Server.java:run(1553)) - IPC Server listener on 15006: starting
2025-05-12 14:23:18,296 [main] INFO  om.OzoneManager (OzoneManager.java:startTrashEmptier(2238)) - Trash Interval set to 0. Files deleted won't move to trash
2025-05-12 14:23:18,310 [main] INFO  db.CodecBuffer (CodecBuffer.java:set(85)) - Successfully set constructor to LeakDetector::newCodecBuffer: org.apache.hadoop.hdds.utils.db.CodecBuffer$$Lambda/0x00007fcaf07b3cd0@c2e9e33
2025-05-12 14:23:18,415 [main] WARN  dropwizard3.Dm3MetricRegistriesImpl (Dm3MetricRegistriesImpl.java:addReporterRegistration(114)) - New reporters are added after registries were created. Some metrics will be missing from the reporter. Please add reporter before adding any new registry.
2025-05-12 14:23:18,416 [main] WARN  dropwizard3.Dm3MetricRegistriesImpl (Dm3MetricRegistriesImpl.java:addReporterRegistration(114)) - New reporters are added after registries were created. Some metrics will be missing from the reporter. Please add reporter before adding any new registry.
2025-05-12 14:23:18,416 [main] INFO  impl.MetricsSystemImpl (MetricsSystemImpl.java:init(158)) - HddsDatanode metrics system started (again)
2025-05-12 14:23:18,446 [main] INFO  protocol.DatanodeDetails (DatanodeDetails.java:validateDatanodeIpAddress(199)) - Updating IP address of datanode 807d821f-bf9f-4e54-9fe3-c13c7f8c8c03(pkrvmberfyhpb9w.internal.cloudapp.net/null) to 10.1.0.200
2025-05-12 14:23:18,447 [main] INFO  ozone.HddsDatanodeService (HddsDatanodeService.java:start(234)) - HddsDatanodeService 807d821f-bf9f-4e54-9fe3-c13c7f8c8c03(pkrvmberfyhpb9w.internal.cloudapp.net/10.1.0.200)
2025-05-12 14:23:18,464 [main] INFO  upgrade.AbstractLayoutVersionManager (AbstractLayoutVersionManager.java:init(80)) - Initializing Layout version manager with metadata layout = HBASE_SUPPORT (version = 8), software layout = HBASE_SUPPORT (version = 8)
2025-05-12 14:23:18,469 [main] INFO  statemachine.DatanodeStateMachine (DatanodeStateMachine.java:getEndPointTaskThreadPoolSize(298)) - Datanode State Machine Task Thread Pool size 2
2025-05-12 14:23:18,518 [main] INFO  fs.SaveSpaceUsageToFile (SaveSpaceUsageToFile.java:load(92)) - Cached usage info file /home/runner/work/ozone/ozone/hadoop-ozone/integration-test-s3/target/test-dir/MiniOzoneClusterImpl-4f0ef3c3-c429-48e0-ae71-8c6302523d84/ozone-meta/datanode-1/data-0/scmUsed not found
2025-05-12 14:23:18,538 [main] INFO  volume.HddsVolume (HddsVolume.java:<init>(158)) - HddsVolume: { id=DS-db151329-5cc4-4e40-b715-46e33ae3ed37 dir=/home/runner/work/ozone/ozone/hadoop-ozone/integration-test-s3/target/test-dir/MiniOzoneClusterImpl-4f0ef3c3-c429-48e0-ae71-8c6302523d84/ozone-meta/datanode-1/data-0/hdds type=DISK capacity=76879465972 used=4096 available=21338107904 minFree=5368709120 committed=0 }
2025-05-12 14:23:18,538 [main] INFO  volume.MutableVolumeSet (MutableVolumeSet.java:initializeVolumeSet(166)) - Added Volume : /home/runner/work/ozone/ozone/hadoop-ozone/integration-test-s3/target/test-dir/MiniOzoneClusterImpl-4f0ef3c3-c429-48e0-ae71-8c6302523d84/ozone-meta/datanode-1/data-0/hdds to VolumeSet
2025-05-12 14:23:18,541 [main] INFO  fs.SaveSpaceUsageToFile (SaveSpaceUsageToFile.java:load(92)) - Cached usage info file /home/runner/work/ozone/ozone/hadoop-ozone/integration-test-s3/target/test-dir/MiniOzoneClusterImpl-4f0ef3c3-c429-48e0-ae71-8c6302523d84/ozone-meta/datanode-1/ratis/scmUsed not found
2025-05-12 14:23:18,544 [main] INFO  volume.MutableVolumeSet (MutableVolumeSet.java:initializeVolumeSet(166)) - Added Volume : /home/runner/work/ozone/ozone/hadoop-ozone/integration-test-s3/target/test-dir/MiniOzoneClusterImpl-4f0ef3c3-c429-48e0-ae71-8c6302523d84/ozone-meta/datanode-1/ratis to VolumeSet
2025-05-12 14:23:18,550 [main] INFO  ozoneimpl.OzoneContainer (HddsVolumeUtil.java:loadAllHddsVolumeDbStore(102)) - Load 1 volumes DbStore cost: 1ms
2025-05-12 14:23:18,553 [main] WARN  db.DBStoreBuilder (DBStoreBuilder.java:getDBDirPath(160)) - ozone.scm.datanode.id.dir is not configured. We recommend adding this setting. Falling back to ozone.metadata.dirs instead.
2025-05-12 14:23:18,558 [main] WARN  db.DBStoreBuilder (DBStoreBuilder.java:getDBDirPath(160)) - ozone.scm.datanode.id.dir is not configured. We recommend adding this setting. Falling back to ozone.metadata.dirs instead.
2025-05-12 14:23:18,603 [main] INFO  impl.FilePerChunkStrategy (FilePerChunkStrategy.java:<init>(79)) - ozone.chunk.read.mapped.buffer.max.count is load with 0
2025-05-12 14:23:18,605 [main] INFO  impl.FilePerBlockStrategy (FilePerBlockStrategy.java:<init>(87)) - ozone.chunk.read.mapped.buffer.max.count is load with 0
2025-05-12 14:23:18,628 [main] INFO  audit.AuditLogger (AuditLogger.java:refreshDebugCmdSet(133)) - Refresh DebugCmdSet for DNAudit to [].
2025-05-12 14:23:18,643 [main] INFO  server.RaftServerConfigKeys (ConfUtils.java:logGet(46)) - raft.server.log.appender.buffer.byte-limit = 33554432 (custom)
2025-05-12 14:23:18,651 [main] INFO  server.RaftServer (ConfUtils.java:logGet(46)) - raft.rpc.type = GRPC (default)
2025-05-12 14:23:18,652 [main] INFO  grpc.GrpcConfigKeys (ConfUtils.java:logFallback(53)) - raft.grpc.admin.host = null (fallback to raft.grpc.server.host)
2025-05-12 14:23:18,652 [main] INFO  grpc.GrpcConfigKeys (ConfUtils.java:logGet(46)) - raft.grpc.admin.port = 15014 (custom)
2025-05-12 14:23:18,652 [main] INFO  grpc.GrpcConfigKeys (ConfUtils.java:logFallback(53)) - raft.grpc.client.host = null (fallback to raft.grpc.server.host)
2025-05-12 14:23:18,652 [main] INFO  grpc.GrpcConfigKeys (ConfUtils.java:logGet(46)) - raft.grpc.client.port = 15013 (custom)
2025-05-12 14:23:18,652 [main] INFO  grpc.GrpcConfigKeys (ConfUtils.java:logGet(46)) - raft.grpc.server.host = null (default)
2025-05-12 14:23:18,653 [main] INFO  grpc.GrpcConfigKeys (ConfUtils.java:logGet(46)) - raft.grpc.server.port = 15015 (custom)
2025-05-12 14:23:18,653 [main] INFO  server.GrpcService (ConfUtils.java:logGet(46)) - raft.grpc.message.size.max = 34603008 (custom)
2025-05-12 14:23:18,653 [main] INFO  server.GrpcService (ConfUtils.java:logGet(46)) - raft.grpc.flow.control.window = 5MB (=5242880) (custom)
2025-05-12 14:23:18,653 [main] INFO  server.RaftServerConfigKeys (ConfUtils.java:logGet(46)) - raft.server.rpc.request.timeout = 60s (custom)
2025-05-12 14:23:18,653 [main] INFO  grpc.GrpcConfigKeys (ConfUtils.java:logGet(46)) - raft.grpc.server.heartbeat.channel = true (default)
2025-05-12 14:23:18,653 [main] INFO  server.RaftServerConfigKeys (ConfUtils.java:logGet(46)) - raft.server.log.appender.buffer.byte-limit = 33554432 (custom)
2025-05-12 14:23:18,654 [main] INFO  grpc.GrpcConfigKeys (ConfUtils.java:logGet(46)) - raft.grpc.server.async.request.thread.pool.cached = true (default)
2025-05-12 14:23:18,654 [main] INFO  grpc.GrpcConfigKeys (ConfUtils.java:logGet(46)) - raft.grpc.server.async.request.thread.pool.size = 32 (default)
2025-05-12 14:23:18,656 [main] INFO  impl.DataStreamServerImpl (ConfUtils.java:logGet(46)) - raft.datastream.type = NETTY (custom)
2025-05-12 14:23:18,665 [main] INFO  server.RaftServerConfigKeys (ConfUtils.java:logGet(46)) - raft.server.data-stream.async.request.thread.pool.cached = false (default)
2025-05-12 14:23:18,665 [main] INFO  server.RaftServerConfigKeys (ConfUtils.java:logGet(46)) - raft.server.data-stream.async.request.thread.pool.size = 20 (custom)
2025-05-12 14:23:18,665 [main] INFO  server.RaftServerConfigKeys (ConfUtils.java:logGet(46)) - raft.server.data-stream.async.write.thread.pool.size = 16 (default)
2025-05-12 14:23:18,667 [main] INFO  netty.NettyConfigKeys$DataStream (ConfUtils.java:logGet(46)) - raft.netty.dataStream.server.channel.inactive.grace-period = 10min (default)
2025-05-12 14:23:18,668 [main] INFO  server.RaftServerConfigKeys (ConfUtils.java:logGet(46)) - raft.server.data-stream.client.pool.size = 10 (default)
2025-05-12 14:23:18,671 [main] INFO  netty.NettyConfigKeys$DataStream (ConfUtils.java:logGet(46)) - raft.netty.dataStream.server.use-epoll = true (default)
2025-05-12 14:23:18,671 [main] INFO  netty.NettyConfigKeys$DataStream (ConfUtils.java:logGet(46)) - raft.netty.dataStream.server.boss-group.size = 0 (default)
2025-05-12 14:23:18,672 [main] INFO  netty.NettyUtils (NettyUtils.java:newEventLoopGroup(74)) - Create EpollEventLoopGroup for 807d821f-bf9f-4e54-9fe3-c13c7f8c8c03-NettyServerStreamRpc-bossGroup; Thread size is 0.
2025-05-12 14:23:18,676 [main] INFO  netty.NettyConfigKeys$DataStream (ConfUtils.java:logGet(46)) - raft.netty.dataStream.server.worker-group.size = 0 (default)
2025-05-12 14:23:18,676 [main] INFO  netty.NettyUtils (NettyUtils.java:newEventLoopGroup(74)) - Create EpollEventLoopGroup for 807d821f-bf9f-4e54-9fe3-c13c7f8c8c03-NettyServerStreamRpc-workerGroup; Thread size is 0.
2025-05-12 14:23:18,680 [main] INFO  netty.NettyConfigKeys$DataStream (ConfUtils.java:logGet(46)) - raft.netty.dataStream.server.tls.conf = null (default)
2025-05-12 14:23:18,682 [main] INFO  netty.NettyConfigKeys$DataStream (ConfUtils.java:logGet(46)) - raft.netty.dataStream.host = null (default)
2025-05-12 14:23:18,683 [main] INFO  netty.NettyConfigKeys$DataStream (ConfUtils.java:logGet(46)) - raft.netty.dataStream.port = 15016 (custom)
2025-05-12 14:23:18,691 [main] INFO  server.RaftServerConfigKeys (ConfUtils.java:logGet(46)) - raft.server.sleep.deviation.threshold = 300ms (default)
2025-05-12 14:23:18,693 [main] INFO  server.RaftServerConfigKeys (ConfUtils.java:logGet(46)) - raft.server.close.threshold = 60s (default)
2025-05-12 14:23:18,693 [main] INFO  server.RaftServerConfigKeys (ConfUtils.java:logGet(46)) - raft.server.leaderelection.leader.step-down.wait-time = 10s (default)
2025-05-12 14:23:18,693 [main] INFO  server.RaftServerConfigKeys (ConfUtils.java:logGet(46)) - raft.server.storage.dir = [/home/runner/work/ozone/ozone/hadoop-ozone/integration-test-s3/target/test-dir/MiniOzoneClusterImpl-4f0ef3c3-c429-48e0-ae71-8c6302523d84/ozone-meta/datanode-1/ratis] (custom)
2025-05-12 14:23:18,694 [main] INFO  server.RaftServerConfigKeys (ConfUtils.java:logGet(46)) - raft.server.threadpool.proxy.cached = true (default)
2025-05-12 14:23:18,696 [main] INFO  server.RaftServerConfigKeys (ConfUtils.java:logGet(46)) - raft.server.threadpool.proxy.size = 0 (default)
2025-05-12 14:23:18,698 [807d821f-bf9f-4e54-9fe3-c13c7f8c8c03-impl-thread1] INFO  server.RaftServer (RaftServerProxy.java:initGroupDir(265)) - 807d821f-bf9f-4e54-9fe3-c13c7f8c8c03: found a subdirectory /home/runner/work/ozone/ozone/hadoop-ozone/integration-test-s3/target/test-dir/MiniOzoneClusterImpl-4f0ef3c3-c429-48e0-ae71-8c6302523d84/ozone-meta/datanode-1/ratis/tmp
2025-05-12 14:23:18,698 [807d821f-bf9f-4e54-9fe3-c13c7f8c8c03-impl-thread1] INFO  server.RaftServer (RaftServerProxy.java:initGroupDir(270)) - 807d821f-bf9f-4e54-9fe3-c13c7f8c8c03: The directory /home/runner/work/ozone/ozone/hadoop-ozone/integration-test-s3/target/test-dir/MiniOzoneClusterImpl-4f0ef3c3-c429-48e0-ae71-8c6302523d84/ozone-meta/datanode-1/ratis/tmp is not a group directory; ignoring it. 
2025-05-12 14:23:18,703 [main] INFO  replication.ReplicationServer (ReplicationServer.java:<init>(84)) - Initializing replication server with thread count = 10 queue length = 4096
2025-05-12 14:23:18,708 [807d821f-bf9f-4e54-9fe3-c13c7f8c8c03-NettyServerStreamRpc-bossGroup--thread1] INFO  logging.LoggingHandler (AbstractInternalLogger.java:log(148)) - [id: 0xd88d7b80] REGISTERED
2025-05-12 14:23:18,708 [807d821f-bf9f-4e54-9fe3-c13c7f8c8c03-NettyServerStreamRpc-bossGroup--thread1] INFO  logging.LoggingHandler (AbstractInternalLogger.java:log(148)) - [id: 0xd88d7b80] BIND: 0.0.0.0/0.0.0.0:15016
2025-05-12 14:23:18,708 [807d821f-bf9f-4e54-9fe3-c13c7f8c8c03-NettyServerStreamRpc-bossGroup--thread1] INFO  logging.LoggingHandler (AbstractInternalLogger.java:log(148)) - [id: 0xd88d7b80, L:/0.0.0.0:15016] ACTIVE
2025-05-12 14:23:18,746 [main] INFO  server.XceiverServerGrpc (XceiverServerGrpc.java:<init>(131)) - GrpcServer channel type EpollServerSocketChannel
2025-05-12 14:23:18,782 [main] INFO  replication.ReplicationSupervisor (ReplicationSupervisor.java:build(169)) - Initializing replication supervisor with thread count = 10
2025-05-12 14:23:18,783 [main] INFO  replication.ReplicationSupervisor (ReplicationSupervisor.java:nodeStateUpdated(358)) - Node state updated to IN_SERVICE, scaling executor pool size to 10
2025-05-12 14:23:18,822 [main] INFO  lib.Interns (Interns.java:removeEldestEntry(50)) - Metrics intern cache overflow at 2011 for MetricsSystem={MetricsSystem=MetricsInfoImpl{name=MetricsSystem, description=MetricsSystem}, MetricsSystem record=MetricsInfoImpl{name=MetricsSystem, description=MetricsSystem record}}
2025-05-12 14:23:18,870 [main] INFO  http.BaseHttpServer (BaseHttpServer.java:newHttpServer2BuilderForOzone(229)) - Starting Web-server for hddsDatanode at: http://0.0.0.0:15010
2025-05-12 14:23:18,871 [main] INFO  http.BaseHttpServer (BaseHttpServer.java:<init>(107)) - Hadoop Security Enabled: false Ozone Security Enabled: false Ozone HTTP Security Enabled: false 
2025-05-12 14:23:18,877 [main] WARN  server.AuthenticationFilter (AuthenticationFilter.java:constructSecretProvider(240)) - Unable to initialize FileSignerSecretProvider, falling back to use random secrets. Reason: Could not read signature secret file: /home/runner/hadoop-http-auth-signature-secret
2025-05-12 14:23:18,889 [main] INFO  http.HttpServer2 (HttpServer2.java:addGlobalFilter(1042)) - Added global filter 'safety' (class=org.apache.hadoop.hdds.server.http.HttpServer2$QuotingInputFilter)
2025-05-12 14:23:18,892 [main] INFO  http.HttpServer2 (HttpServer2.java:addFilter(1018)) - Added filter static_user_filter (class=org.apache.hadoop.http.lib.StaticUserWebFilter$StaticUserFilter) to context hddsDatanode
2025-05-12 14:23:18,893 [main] INFO  http.HttpServer2 (HttpServer2.java:addFilter(1026)) - Added filter static_user_filter (class=org.apache.hadoop.http.lib.StaticUserWebFilter$StaticUserFilter) to context logs
2025-05-12 14:23:18,893 [main] INFO  http.HttpServer2 (HttpServer2.java:addFilter(1026)) - Added filter static_user_filter (class=org.apache.hadoop.http.lib.StaticUserWebFilter$StaticUserFilter) to context static
2025-05-12 14:23:18,894 [main] INFO  http.BaseHttpServer (BaseHttpServer.java:<init>(195)) - HTTP server of hddsDatanode uses base directory /home/runner/work/ozone/ozone/hadoop-ozone/integration-test-s3/target/test-dir/MiniOzoneClusterImpl-4f0ef3c3-c429-48e0-ae71-8c6302523d84/ozone-meta/datanode-1/meta/webserver
2025-05-12 14:23:18,895 [main] INFO  http.HttpServer2 (HttpServer2.java:bindListener(1242)) - Jetty bound to port 15010
2025-05-12 14:23:18,895 [main] INFO  server.Server (Server.java:doStart(375)) - jetty-9.4.57.v20241219; built: 2025-01-08T21:24:30.412Z; git: df524e6b29271c2e09ba9aea83c18dc9db464a31; jvm 21.0.7+6-LTS
2025-05-12 14:23:18,904 [main] INFO  server.session (DefaultSessionIdManager.java:doStart(334)) - DefaultSessionIdManager workerName=node0
2025-05-12 14:23:18,904 [main] INFO  server.session (DefaultSessionIdManager.java:doStart(339)) - No SessionScavenger set, using defaults
2025-05-12 14:23:18,906 [main] INFO  server.session (HouseKeeper.java:startScavenging(132)) - node0 Scavenging every 660000ms
2025-05-12 14:23:18,910 [main] INFO  handler.ContextHandler (ContextHandler.java:doStart(921)) - Started o.e.j.s.ServletContextHandler@122de194{logs,/logs,file:///home/runner/work/ozone/ozone/hadoop-ozone/integration-test-s3/target/log,AVAILABLE}
2025-05-12 14:23:18,912 [main] INFO  handler.ContextHandler (ContextHandler.java:doStart(921)) - Started o.e.j.s.ServletContextHandler@368a8b70{static,/static,jar:file:/home/runner/work/ozone/ozone/hadoop-hdds/container-service/target/hdds-container-service-2.1.0-SNAPSHOT.jar!/webapps/static,AVAILABLE}
2025-05-12 14:23:19,148 [main] INFO  handler.ContextHandler (ContextHandler.java:doStart(921)) - Started o.e.j.w.WebAppContext@6fb68c4{hddsDatanode,/,file:///home/runner/work/ozone/ozone/hadoop-ozone/integration-test-s3/target/test-dir/MiniOzoneClusterImpl-4f0ef3c3-c429-48e0-ae71-8c6302523d84/ozone-meta/datanode-1/meta/webserver/jetty-0_0_0_0-15010-hdds-container-service-2_1_0-SNAPSHOT_jar-_-any-8394631847389120996/webapp/,AVAILABLE}{jar:file:/home/runner/work/ozone/ozone/hadoop-hdds/container-service/target/hdds-container-service-2.1.0-SNAPSHOT.jar!/webapps/hddsDatanode}
2025-05-12 14:23:19,151 [main] INFO  server.AbstractConnector (AbstractConnector.java:doStart(333)) - Started ServerConnector@273cefd5{HTTP/1.1, (http/1.1)}{0.0.0.0:15010}
2025-05-12 14:23:19,151 [main] INFO  server.Server (Server.java:doStart(415)) - Started @13603ms
2025-05-12 14:23:19,151 [main] WARN  impl.MetricsSystemImpl (MetricsSystemImpl.java:register(279)) - Sink prometheus already exists!
2025-05-12 14:23:19,152 [main] INFO  http.BaseHttpServer (BaseHttpServer.java:updateConnectorAddress(359)) - HTTP server of hddsDatanode listening at http://0.0.0.0:15010
2025-05-12 14:23:19,155 [main] INFO  ipc.CallQueueManager (CallQueueManager.java:<init>(93)) - Using callQueue: class java.util.concurrent.LinkedBlockingQueue, queueCapacity: 1000, scheduler: class org.apache.hadoop.ipc.DefaultRpcScheduler, ipcBackoff: false, ipcFailOver: false.
2025-05-12 14:23:19,155 [main] INFO  ipc.Server (Server.java:<init>(1438)) - Listener at 0.0.0.0:15011
2025-05-12 14:23:19,156 [Socket Reader #3 for port 15011] INFO  ipc.Server (Server.java:run(1474)) - Starting Socket Reader #3 for port 15011
2025-05-12 14:23:19,157 [Socket Reader #4 for port 15011] INFO  ipc.Server (Server.java:run(1474)) - Starting Socket Reader #4 for port 15011
2025-05-12 14:23:19,156 [Socket Reader #2 for port 15011] INFO  ipc.Server (Server.java:run(1474)) - Starting Socket Reader #2 for port 15011
2025-05-12 14:23:19,158 [Socket Reader #6 for port 15011] INFO  ipc.Server (Server.java:run(1474)) - Starting Socket Reader #6 for port 15011
2025-05-12 14:23:19,157 [Socket Reader #5 for port 15011] INFO  ipc.Server (Server.java:run(1474)) - Starting Socket Reader #5 for port 15011
2025-05-12 14:23:19,158 [Socket Reader #7 for port 15011] INFO  ipc.Server (Server.java:run(1474)) - Starting Socket Reader #7 for port 15011
2025-05-12 14:23:19,158 [Socket Reader #1 for port 15011] INFO  ipc.Server (Server.java:run(1474)) - Starting Socket Reader #1 for port 15011
2025-05-12 14:23:19,159 [Socket Reader #8 for port 15011] INFO  ipc.Server (Server.java:run(1474)) - Starting Socket Reader #8 for port 15011
2025-05-12 14:23:19,159 [Socket Reader #9 for port 15011] INFO  ipc.Server (Server.java:run(1474)) - Starting Socket Reader #9 for port 15011
2025-05-12 14:23:19,159 [Socket Reader #10 for port 15011] INFO  ipc.Server (Server.java:run(1474)) - Starting Socket Reader #10 for port 15011
2025-05-12 14:23:19,165 [main] INFO  ozone.HddsDatanodeService (HddsDatanodeService.java:start(325)) - Datanode start with admins: [runner]
2025-05-12 14:23:19,165 [main] INFO  ozone.HddsDatanodeClientProtocolServer (HddsDatanodeClientProtocolServer.java:start(76)) - RPC server for Client /0.0.0.0:15011
2025-05-12 14:23:19,166 [IPC Server Responder] INFO  ipc.Server (Server.java:run(1713)) - IPC Server Responder: starting
2025-05-12 14:23:19,167 [IPC Server listener on 15011] INFO  ipc.Server (Server.java:run(1553)) - IPC Server listener on 15011: starting
2025-05-12 14:23:19,170 [main] WARN  dropwizard3.Dm3MetricRegistriesImpl (Dm3MetricRegistriesImpl.java:addReporterRegistration(114)) - New reporters are added after registries were created. Some metrics will be missing from the reporter. Please add reporter before adding any new registry.
2025-05-12 14:23:19,170 [main] WARN  dropwizard3.Dm3MetricRegistriesImpl (Dm3MetricRegistriesImpl.java:addReporterRegistration(114)) - New reporters are added after registries were created. Some metrics will be missing from the reporter. Please add reporter before adding any new registry.
2025-05-12 14:23:19,170 [main] INFO  impl.MetricsSystemImpl (MetricsSystemImpl.java:init(158)) - HddsDatanode metrics system started (again)
2025-05-12 14:23:19,179 [om1@group-C5BA1605619E-FollowerState] INFO  impl.FollowerState (FollowerState.java:runImpl(161)) - om1@group-C5BA1605619E-FollowerState: change to CANDIDATE, lastRpcElapsedTime:1149119300ns, electionTimeout:1144ms
2025-05-12 14:23:19,180 [om1@group-C5BA1605619E-FollowerState] INFO  impl.RoleInfo (RoleInfo.java:shutdownFollowerState(121)) - om1: shutdown om1@group-C5BA1605619E-FollowerState
2025-05-12 14:23:19,180 [om1@group-C5BA1605619E-FollowerState] INFO  server.RaftServer$Division (RaftServerImpl.java:setRole(378)) - om1@group-C5BA1605619E: changes role from  FOLLOWER to CANDIDATE at term 0 for changeToCandidate
2025-05-12 14:23:19,180 [om1@group-C5BA1605619E-FollowerState] INFO  server.RaftServerConfigKeys (ConfUtils.java:logGet(46)) - raft.server.leaderelection.pre-vote = true (default)
2025-05-12 14:23:19,181 [main] INFO  protocol.DatanodeDetails (DatanodeDetails.java:validateDatanodeIpAddress(199)) - Updating IP address of datanode e6edfd35-e7a8-467e-9cce-10d1c0c9f75d(pkrvmberfyhpb9w.internal.cloudapp.net/null) to 10.1.0.200
2025-05-12 14:23:19,181 [main] INFO  ozone.HddsDatanodeService (HddsDatanodeService.java:start(234)) - HddsDatanodeService e6edfd35-e7a8-467e-9cce-10d1c0c9f75d(pkrvmberfyhpb9w.internal.cloudapp.net/10.1.0.200)
2025-05-12 14:23:19,181 [om1@group-C5BA1605619E-FollowerState] INFO  impl.RoleInfo (RoleInfo.java:updateAndGet(148)) - om1: start om1@group-C5BA1605619E-LeaderElection3
2025-05-12 14:23:19,183 [807d821f-bf9f-4e54-9fe3-c13c7f8c8c03-DatanodeStateMachineDaemonThread] INFO  statemachine.DatanodeStateMachine (DatanodeStateMachine.java:startStateMachineThread(340)) - Ozone container server started.
2025-05-12 14:23:19,185 [om1@group-C5BA1605619E-LeaderElection3] INFO  impl.LeaderElection (LeaderElection.java:askForVotes(332)) - om1@group-C5BA1605619E-LeaderElection3 PRE_VOTE round 0: submit vote requests at term 0 for conf: {index: -1, cur=peers:[om1|localhost:15009]|listeners:[], old=null}
2025-05-12 14:23:19,185 [om1@group-C5BA1605619E-LeaderElection3] INFO  impl.LeaderElection (LeaderElection.java:askForVotes(334)) - om1@group-C5BA1605619E-LeaderElection3 PRE_VOTE round 0: result PASSED (term=0)
2025-05-12 14:23:19,188 [main] INFO  upgrade.AbstractLayoutVersionManager (AbstractLayoutVersionManager.java:init(80)) - Initializing Layout version manager with metadata layout = HBASE_SUPPORT (version = 8), software layout = HBASE_SUPPORT (version = 8)
2025-05-12 14:23:19,188 [main] INFO  statemachine.DatanodeStateMachine (DatanodeStateMachine.java:getEndPointTaskThreadPoolSize(298)) - Datanode State Machine Task Thread Pool size 2
2025-05-12 14:23:19,190 [om1@group-C5BA1605619E-LeaderElection3] INFO  impl.LeaderElection (LeaderElection.java:askForVotes(332)) - om1@group-C5BA1605619E-LeaderElection3 ELECTION round 0: submit vote requests at term 1 for conf: {index: -1, cur=peers:[om1|localhost:15009]|listeners:[], old=null}
2025-05-12 14:23:19,190 [om1@group-C5BA1605619E-LeaderElection3] INFO  impl.LeaderElection (LeaderElection.java:askForVotes(334)) - om1@group-C5BA1605619E-LeaderElection3 ELECTION round 0: result PASSED (term=1)
2025-05-12 14:23:19,190 [om1@group-C5BA1605619E-LeaderElection3] INFO  impl.RoleInfo (RoleInfo.java:shutdownLeaderElection(141)) - om1: shutdown om1@group-C5BA1605619E-LeaderElection3
2025-05-12 14:23:19,190 [om1@group-C5BA1605619E-LeaderElection3] INFO  server.RaftServer$Division (RaftServerImpl.java:setRole(378)) - om1@group-C5BA1605619E: changes role from CANDIDATE to LEADER at term 1 for changeToLeader
2025-05-12 14:23:19,190 [om1@group-C5BA1605619E-LeaderElection3] INFO  server.RaftServerConfigKeys (ConfUtils.java:logGet(46)) - raft.server.staging.catchup.gap = 1000 (default)
2025-05-12 14:23:19,192 [om1@group-C5BA1605619E-LeaderElection3] INFO  server.RaftServerConfigKeys (ConfUtils.java:logGet(46)) - raft.server.write.element-limit = 4096 (default)
2025-05-12 14:23:19,192 [om1@group-C5BA1605619E-LeaderElection3] INFO  server.RaftServerConfigKeys (ConfUtils.java:logGet(46)) - raft.server.write.byte-limit = 64MB (=67108864) (default)
2025-05-12 14:23:19,192 [om1@group-C5BA1605619E-LeaderElection3] INFO  server.RaftServerConfigKeys (ConfUtils.java:logGet(46)) - raft.server.watch.timeout = 10s (default)
2025-05-12 14:23:19,192 [om1@group-C5BA1605619E-LeaderElection3] INFO  server.RaftServerConfigKeys (ConfUtils.java:logGet(46)) - raft.server.watch.timeout.denomination = 1s (default)
2025-05-12 14:23:19,192 [om1@group-C5BA1605619E-LeaderElection3] INFO  server.RaftServerConfigKeys (ConfUtils.java:logGet(46)) - raft.server.watch.element-limit = 65536 (default)
2025-05-12 14:23:19,193 [om1@group-C5BA1605619E-LeaderElection3] INFO  server.RaftServerConfigKeys (ConfUtils.java:logGet(46)) - raft.server.read.leader.lease.enabled = false (default)
2025-05-12 14:23:19,193 [om1@group-C5BA1605619E-LeaderElection3] INFO  server.RaftServerConfigKeys (ConfUtils.java:logGet(46)) - raft.server.read.leader.lease.timeout.ratio = 0.9 (default)
2025-05-12 14:23:19,193 [om1@group-C5BA1605619E-LeaderElection3] INFO  server.RaftServerConfigKeys (ConfUtils.java:logGet(46)) - raft.server.rpc.timeout.min = 1s (custom)
2025-05-12 14:23:19,193 [om1@group-C5BA1605619E-LeaderElection3] INFO  server.RaftServerConfigKeys (ConfUtils.java:logGet(46)) - raft.server.log.log-metadata.enabled = true (default)
2025-05-12 14:23:19,193 [om1@group-C5BA1605619E-LeaderElection3] INFO  server.RaftServerConfigKeys (ConfUtils.java:logGet(46)) - raft.server.write.element-limit = 4096 (default)
2025-05-12 14:23:19,193 [om1@group-C5BA1605619E-LeaderElection3] INFO  server.RaftServerConfigKeys (ConfUtils.java:logGet(46)) - raft.server.write.follower.gap.ratio.max = -1.0 (default)
2025-05-12 14:23:19,194 [om1@group-C5BA1605619E-LeaderElection3] INFO  impl.RoleInfo (RoleInfo.java:updateAndGet(148)) - om1: start om1@group-C5BA1605619E-LeaderStateImpl
2025-05-12 14:23:19,194 [om1@group-C5BA1605619E-LeaderElection3] INFO  server.RaftServer$Division (RaftServerImpl.java:setFirstElection(562)) - om1@group-C5BA1605619E: set firstElectionSinceStartup to false for becomeLeader
2025-05-12 14:23:19,196 [main] INFO  fs.SaveSpaceUsageToFile (SaveSpaceUsageToFile.java:load(92)) - Cached usage info file /home/runner/work/ozone/ozone/hadoop-ozone/integration-test-s3/target/test-dir/MiniOzoneClusterImpl-4f0ef3c3-c429-48e0-ae71-8c6302523d84/ozone-meta/datanode-2/data-0/scmUsed not found
2025-05-12 14:23:19,207 [om1@group-C5BA1605619E-LeaderElection3] INFO  ratis.OzoneManagerStateMachine (OzoneManagerStateMachine.java:notifyLeaderChanged(174)) - om1@group-C5BA1605619E: leader changed to om1
2025-05-12 14:23:19,208 [om1@group-C5BA1605619E-LeaderElection3] INFO  server.RaftServer$Division (ServerState.java:setLeader(272)) - om1@group-C5BA1605619E: change Leader from null to om1 at term 1 for becomeLeader, leader elected after 2534ms
2025-05-12 14:23:19,208 [om1@group-C5BA1605619E-LeaderElection3] INFO  segmented.SegmentedRaftLogWorker (SegmentedRaftLogWorker.java:startLogSegment(438)) - om1@group-C5BA1605619E-SegmentedRaftLogWorker: Starting segment from index:0
2025-05-12 14:23:19,209 [om1@group-C5BA1605619E-LeaderElection3] INFO  server.RaftServer$Division (ServerState.java:setRaftConf(386)) - om1@group-C5BA1605619E: set configuration conf: {index: 0, cur=peers:[om1|localhost:15009]|listeners:[], old=null}
2025-05-12 14:23:19,209 [om1@group-C5BA1605619E-SegmentedRaftLogWorker] INFO  segmented.BufferedWriteChannel (BufferedWriteChannel.java:open(61)) - open log_inprogress_0 at position 0
2025-05-12 14:23:19,210 [main] INFO  volume.HddsVolume (HddsVolume.java:<init>(158)) - HddsVolume: { id=DS-522b3e73-aa12-478c-9dc6-1e0ff0f1fd50 dir=/home/runner/work/ozone/ozone/hadoop-ozone/integration-test-s3/target/test-dir/MiniOzoneClusterImpl-4f0ef3c3-c429-48e0-ae71-8c6302523d84/ozone-meta/datanode-2/data-0/hdds type=DISK capacity=76879465972 used=0 available=21318291456 minFree=5368709120 committed=0 }
2025-05-12 14:23:19,210 [main] INFO  volume.MutableVolumeSet (MutableVolumeSet.java:initializeVolumeSet(166)) - Added Volume : /home/runner/work/ozone/ozone/hadoop-ozone/integration-test-s3/target/test-dir/MiniOzoneClusterImpl-4f0ef3c3-c429-48e0-ae71-8c6302523d84/ozone-meta/datanode-2/data-0/hdds to VolumeSet
2025-05-12 14:23:19,214 [main] INFO  fs.SaveSpaceUsageToFile (SaveSpaceUsageToFile.java:load(92)) - Cached usage info file /home/runner/work/ozone/ozone/hadoop-ozone/integration-test-s3/target/test-dir/MiniOzoneClusterImpl-4f0ef3c3-c429-48e0-ae71-8c6302523d84/ozone-meta/datanode-2/ratis/scmUsed not found
2025-05-12 14:23:19,220 [main] INFO  volume.MutableVolumeSet (MutableVolumeSet.java:initializeVolumeSet(166)) - Added Volume : /home/runner/work/ozone/ozone/hadoop-ozone/integration-test-s3/target/test-dir/MiniOzoneClusterImpl-4f0ef3c3-c429-48e0-ae71-8c6302523d84/ozone-meta/datanode-2/ratis to VolumeSet
2025-05-12 14:23:19,228 [main] INFO  ozoneimpl.OzoneContainer (HddsVolumeUtil.java:loadAllHddsVolumeDbStore(102)) - Load 1 volumes DbStore cost: 7ms
2025-05-12 14:23:19,229 [om1@group-C5BA1605619E-SegmentedRaftLogWorker] INFO  segmented.SegmentedRaftLogWorker (SegmentedRaftLogWorker.java:execute(644)) - om1@group-C5BA1605619E-SegmentedRaftLogWorker: created new log segment /home/runner/work/ozone/ozone/hadoop-ozone/integration-test-s3/target/test-dir/MiniOzoneClusterImpl-4f0ef3c3-c429-48e0-ae71-8c6302523d84/ozone-meta/ratis/bf265839-605b-3f16-9796-c5ba1605619e/current/log_inprogress_0
2025-05-12 14:23:19,231 [om1@group-C5BA1605619E-StateMachineUpdater] INFO  ratis.OzoneManagerStateMachine (OzoneManagerStateMachine.java:notifyConfigurationChanged(236)) - notifyConfigurationChanged from Ratis: term=1, index=0, New Peer list: om1(localhost:15009)
2025-05-12 14:23:19,235 [om1@group-C5BA1605619E-StateMachineUpdater] INFO  server.RaftServer$Division (LeaderStateImpl.java:checkStartIndex(313)) - Leader om1@group-C5BA1605619E-LeaderStateImpl is ready since appliedIndex == startIndex == 0
2025-05-12 14:23:19,231 [main] WARN  db.DBStoreBuilder (DBStoreBuilder.java:getDBDirPath(160)) - ozone.scm.datanode.id.dir is not configured. We recommend adding this setting. Falling back to ozone.metadata.dirs instead.
2025-05-12 14:23:19,236 [main] WARN  db.DBStoreBuilder (DBStoreBuilder.java:getDBDirPath(160)) - ozone.scm.datanode.id.dir is not configured. We recommend adding this setting. Falling back to ozone.metadata.dirs instead.
2025-05-12 14:23:19,273 [main] INFO  impl.FilePerChunkStrategy (FilePerChunkStrategy.java:<init>(79)) - ozone.chunk.read.mapped.buffer.max.count is load with 0
2025-05-12 14:23:19,275 [main] INFO  impl.FilePerBlockStrategy (FilePerBlockStrategy.java:<init>(87)) - ozone.chunk.read.mapped.buffer.max.count is load with 0
2025-05-12 14:23:19,280 [main] INFO  server.RaftServerConfigKeys (ConfUtils.java:logGet(46)) - raft.server.log.appender.buffer.byte-limit = 33554432 (custom)
2025-05-12 14:23:19,282 [main] INFO  server.RaftServer (ConfUtils.java:logGet(46)) - raft.rpc.type = GRPC (default)
2025-05-12 14:23:19,282 [main] INFO  grpc.GrpcConfigKeys (ConfUtils.java:logFallback(53)) - raft.grpc.admin.host = null (fallback to raft.grpc.server.host)
2025-05-12 14:23:19,282 [main] INFO  grpc.GrpcConfigKeys (ConfUtils.java:logGet(46)) - raft.grpc.admin.port = 15022 (custom)
2025-05-12 14:23:19,282 [main] INFO  grpc.GrpcConfigKeys (ConfUtils.java:logFallback(53)) - raft.grpc.client.host = null (fallback to raft.grpc.server.host)
2025-05-12 14:23:19,283 [main] INFO  grpc.GrpcConfigKeys (ConfUtils.java:logGet(46)) - raft.grpc.client.port = 15021 (custom)
2025-05-12 14:23:19,283 [main] INFO  grpc.GrpcConfigKeys (ConfUtils.java:logGet(46)) - raft.grpc.server.host = null (default)
2025-05-12 14:23:19,283 [main] INFO  grpc.GrpcConfigKeys (ConfUtils.java:logGet(46)) - raft.grpc.server.port = 15023 (custom)
2025-05-12 14:23:19,283 [main] INFO  server.GrpcService (ConfUtils.java:logGet(46)) - raft.grpc.message.size.max = 34603008 (custom)
2025-05-12 14:23:19,283 [main] INFO  server.GrpcService (ConfUtils.java:logGet(46)) - raft.grpc.flow.control.window = 5MB (=5242880) (custom)
2025-05-12 14:23:19,283 [main] INFO  server.RaftServerConfigKeys (ConfUtils.java:logGet(46)) - raft.server.rpc.request.timeout = 60s (custom)
2025-05-12 14:23:19,284 [main] INFO  grpc.GrpcConfigKeys (ConfUtils.java:logGet(46)) - raft.grpc.server.heartbeat.channel = true (default)
2025-05-12 14:23:19,284 [main] INFO  server.RaftServerConfigKeys (ConfUtils.java:logGet(46)) - raft.server.log.appender.buffer.byte-limit = 33554432 (custom)
2025-05-12 14:23:19,284 [main] INFO  grpc.GrpcConfigKeys (ConfUtils.java:logGet(46)) - raft.grpc.server.async.request.thread.pool.cached = true (default)
2025-05-12 14:23:19,284 [main] INFO  grpc.GrpcConfigKeys (ConfUtils.java:logGet(46)) - raft.grpc.server.async.request.thread.pool.size = 32 (default)
2025-05-12 14:23:19,286 [main] INFO  impl.DataStreamServerImpl (ConfUtils.java:logGet(46)) - raft.datastream.type = NETTY (custom)
2025-05-12 14:23:19,286 [main] INFO  server.RaftServerConfigKeys (ConfUtils.java:logGet(46)) - raft.server.data-stream.async.request.thread.pool.cached = false (default)
2025-05-12 14:23:19,286 [main] INFO  server.RaftServerConfigKeys (ConfUtils.java:logGet(46)) - raft.server.data-stream.async.request.thread.pool.size = 20 (custom)
2025-05-12 14:23:19,287 [main] INFO  server.RaftServerConfigKeys (ConfUtils.java:logGet(46)) - raft.server.data-stream.async.write.thread.pool.size = 16 (default)
2025-05-12 14:23:19,287 [main] INFO  netty.NettyConfigKeys$DataStream (ConfUtils.java:logGet(46)) - raft.netty.dataStream.server.channel.inactive.grace-period = 10min (default)
2025-05-12 14:23:19,287 [main] INFO  server.RaftServerConfigKeys (ConfUtils.java:logGet(46)) - raft.server.data-stream.client.pool.size = 10 (default)
2025-05-12 14:23:19,287 [main] INFO  netty.NettyConfigKeys$DataStream (ConfUtils.java:logGet(46)) - raft.netty.dataStream.server.use-epoll = true (default)
2025-05-12 14:23:19,287 [main] INFO  netty.NettyConfigKeys$DataStream (ConfUtils.java:logGet(46)) - raft.netty.dataStream.server.boss-group.size = 0 (default)
2025-05-12 14:23:19,287 [main] INFO  netty.NettyUtils (NettyUtils.java:newEventLoopGroup(74)) - Create EpollEventLoopGroup for e6edfd35-e7a8-467e-9cce-10d1c0c9f75d-NettyServerStreamRpc-bossGroup; Thread size is 0.
2025-05-12 14:23:19,288 [main] INFO  netty.NettyConfigKeys$DataStream (ConfUtils.java:logGet(46)) - raft.netty.dataStream.server.worker-group.size = 0 (default)
2025-05-12 14:23:19,288 [main] INFO  netty.NettyUtils (NettyUtils.java:newEventLoopGroup(74)) - Create EpollEventLoopGroup for e6edfd35-e7a8-467e-9cce-10d1c0c9f75d-NettyServerStreamRpc-workerGroup; Thread size is 0.
2025-05-12 14:23:19,289 [main] INFO  netty.NettyConfigKeys$DataStream (ConfUtils.java:logGet(46)) - raft.netty.dataStream.server.tls.conf = null (default)
2025-05-12 14:23:19,289 [main] INFO  netty.NettyConfigKeys$DataStream (ConfUtils.java:logGet(46)) - raft.netty.dataStream.host = null (default)
2025-05-12 14:23:19,289 [main] INFO  netty.NettyConfigKeys$DataStream (ConfUtils.java:logGet(46)) - raft.netty.dataStream.port = 15024 (custom)
2025-05-12 14:23:19,290 [main] INFO  server.RaftServerConfigKeys (ConfUtils.java:logGet(46)) - raft.server.sleep.deviation.threshold = 300ms (default)
2025-05-12 14:23:19,290 [main] INFO  server.RaftServerConfigKeys (ConfUtils.java:logGet(46)) - raft.server.close.threshold = 60s (default)
2025-05-12 14:23:19,290 [main] INFO  server.RaftServerConfigKeys (ConfUtils.java:logGet(46)) - raft.server.leaderelection.leader.step-down.wait-time = 10s (default)
2025-05-12 14:23:19,290 [main] INFO  server.RaftServerConfigKeys (ConfUtils.java:logGet(46)) - raft.server.storage.dir = [/home/runner/work/ozone/ozone/hadoop-ozone/integration-test-s3/target/test-dir/MiniOzoneClusterImpl-4f0ef3c3-c429-48e0-ae71-8c6302523d84/ozone-meta/datanode-2/ratis] (custom)
2025-05-12 14:23:19,290 [main] INFO  server.RaftServerConfigKeys (ConfUtils.java:logGet(46)) - raft.server.threadpool.proxy.cached = true (default)
2025-05-12 14:23:19,291 [main] INFO  server.RaftServerConfigKeys (ConfUtils.java:logGet(46)) - raft.server.threadpool.proxy.size = 0 (default)
2025-05-12 14:23:19,291 [e6edfd35-e7a8-467e-9cce-10d1c0c9f75d-NettyServerStreamRpc-bossGroup--thread1] INFO  logging.LoggingHandler (AbstractInternalLogger.java:log(148)) - [id: 0xb8f09566] REGISTERED
2025-05-12 14:23:19,291 [e6edfd35-e7a8-467e-9cce-10d1c0c9f75d-NettyServerStreamRpc-bossGroup--thread1] INFO  logging.LoggingHandler (AbstractInternalLogger.java:log(148)) - [id: 0xb8f09566] BIND: 0.0.0.0/0.0.0.0:15024
2025-05-12 14:23:19,292 [e6edfd35-e7a8-467e-9cce-10d1c0c9f75d-NettyServerStreamRpc-bossGroup--thread1] INFO  logging.LoggingHandler (AbstractInternalLogger.java:log(148)) - [id: 0xb8f09566, L:/0.0.0.0:15024] ACTIVE
2025-05-12 14:23:19,292 [e6edfd35-e7a8-467e-9cce-10d1c0c9f75d-impl-thread1] INFO  server.RaftServer (RaftServerProxy.java:initGroupDir(265)) - e6edfd35-e7a8-467e-9cce-10d1c0c9f75d: found a subdirectory /home/runner/work/ozone/ozone/hadoop-ozone/integration-test-s3/target/test-dir/MiniOzoneClusterImpl-4f0ef3c3-c429-48e0-ae71-8c6302523d84/ozone-meta/datanode-2/ratis/tmp
2025-05-12 14:23:19,292 [e6edfd35-e7a8-467e-9cce-10d1c0c9f75d-impl-thread1] INFO  server.RaftServer (RaftServerProxy.java:initGroupDir(270)) - e6edfd35-e7a8-467e-9cce-10d1c0c9f75d: The directory /home/runner/work/ozone/ozone/hadoop-ozone/integration-test-s3/target/test-dir/MiniOzoneClusterImpl-4f0ef3c3-c429-48e0-ae71-8c6302523d84/ozone-meta/datanode-2/ratis/tmp is not a group directory; ignoring it. 
2025-05-12 14:23:19,292 [main] INFO  replication.ReplicationServer (ReplicationServer.java:<init>(84)) - Initializing replication server with thread count = 10 queue length = 4096
2025-05-12 14:23:19,294 [main] INFO  server.XceiverServerGrpc (XceiverServerGrpc.java:<init>(131)) - GrpcServer channel type EpollServerSocketChannel
2025-05-12 14:23:19,296 [main] INFO  replication.ReplicationSupervisor (ReplicationSupervisor.java:build(169)) - Initializing replication supervisor with thread count = 10
2025-05-12 14:23:19,296 [main] INFO  replication.ReplicationSupervisor (ReplicationSupervisor.java:nodeStateUpdated(358)) - Node state updated to IN_SERVICE, scaling executor pool size to 10
2025-05-12 14:23:19,305 [main] INFO  http.BaseHttpServer (BaseHttpServer.java:newHttpServer2BuilderForOzone(229)) - Starting Web-server for hddsDatanode at: http://0.0.0.0:15018
2025-05-12 14:23:19,306 [main] INFO  http.BaseHttpServer (BaseHttpServer.java:<init>(107)) - Hadoop Security Enabled: false Ozone Security Enabled: false Ozone HTTP Security Enabled: false 
2025-05-12 14:23:19,307 [main] WARN  server.AuthenticationFilter (AuthenticationFilter.java:constructSecretProvider(240)) - Unable to initialize FileSignerSecretProvider, falling back to use random secrets. Reason: Could not read signature secret file: /home/runner/hadoop-http-auth-signature-secret
2025-05-12 14:23:19,315 [main] INFO  http.HttpServer2 (HttpServer2.java:addGlobalFilter(1042)) - Added global filter 'safety' (class=org.apache.hadoop.hdds.server.http.HttpServer2$QuotingInputFilter)
2025-05-12 14:23:19,320 [main] INFO  http.HttpServer2 (HttpServer2.java:addFilter(1018)) - Added filter static_user_filter (class=org.apache.hadoop.http.lib.StaticUserWebFilter$StaticUserFilter) to context hddsDatanode
2025-05-12 14:23:19,320 [main] INFO  http.HttpServer2 (HttpServer2.java:addFilter(1026)) - Added filter static_user_filter (class=org.apache.hadoop.http.lib.StaticUserWebFilter$StaticUserFilter) to context logs
2025-05-12 14:23:19,320 [main] INFO  http.HttpServer2 (HttpServer2.java:addFilter(1026)) - Added filter static_user_filter (class=org.apache.hadoop.http.lib.StaticUserWebFilter$StaticUserFilter) to context static
2025-05-12 14:23:19,321 [main] INFO  http.BaseHttpServer (BaseHttpServer.java:<init>(195)) - HTTP server of hddsDatanode uses base directory /home/runner/work/ozone/ozone/hadoop-ozone/integration-test-s3/target/test-dir/MiniOzoneClusterImpl-4f0ef3c3-c429-48e0-ae71-8c6302523d84/ozone-meta/datanode-2/meta/webserver
2025-05-12 14:23:19,321 [main] INFO  http.HttpServer2 (HttpServer2.java:bindListener(1242)) - Jetty bound to port 15018
2025-05-12 14:23:19,321 [main] INFO  server.Server (Server.java:doStart(375)) - jetty-9.4.57.v20241219; built: 2025-01-08T21:24:30.412Z; git: df524e6b29271c2e09ba9aea83c18dc9db464a31; jvm 21.0.7+6-LTS
2025-05-12 14:23:19,329 [main] INFO  server.session (DefaultSessionIdManager.java:doStart(334)) - DefaultSessionIdManager workerName=node0
2025-05-12 14:23:19,330 [main] INFO  server.session (DefaultSessionIdManager.java:doStart(339)) - No SessionScavenger set, using defaults
2025-05-12 14:23:19,330 [main] INFO  server.session (HouseKeeper.java:startScavenging(132)) - node0 Scavenging every 660000ms
2025-05-12 14:23:19,333 [807d821f-bf9f-4e54-9fe3-c13c7f8c8c03-DatanodeStateMachineTaskThread-0] INFO  datanode.InitDatanodeState (InitDatanodeState.java:persistContainerDatanodeDetails(139)) - DatanodeDetails is persisted to /home/runner/work/ozone/ozone/hadoop-ozone/integration-test-s3/target/test-dir/MiniOzoneClusterImpl-4f0ef3c3-c429-48e0-ae71-8c6302523d84/ozone-meta/datanode-1/meta/datanode.id
2025-05-12 14:23:19,334 [main] INFO  handler.ContextHandler (ContextHandler.java:doStart(921)) - Started o.e.j.s.ServletContextHandler@274b3fc6{logs,/logs,file:///home/runner/work/ozone/ozone/hadoop-ozone/integration-test-s3/target/log,AVAILABLE}
2025-05-12 14:23:19,335 [main] INFO  handler.ContextHandler (ContextHandler.java:doStart(921)) - Started o.e.j.s.ServletContextHandler@6da075fe{static,/static,jar:file:/home/runner/work/ozone/ozone/hadoop-hdds/container-service/target/hdds-container-service-2.1.0-SNAPSHOT.jar!/webapps/static,AVAILABLE}
2025-05-12 14:23:19,523 [main] INFO  handler.ContextHandler (ContextHandler.java:doStart(921)) - Started o.e.j.w.WebAppContext@313ac50e{hddsDatanode,/,file:///home/runner/work/ozone/ozone/hadoop-ozone/integration-test-s3/target/test-dir/MiniOzoneClusterImpl-4f0ef3c3-c429-48e0-ae71-8c6302523d84/ozone-meta/datanode-2/meta/webserver/jetty-0_0_0_0-15018-hdds-container-service-2_1_0-SNAPSHOT_jar-_-any-781022002645149233/webapp/,AVAILABLE}{jar:file:/home/runner/work/ozone/ozone/hadoop-hdds/container-service/target/hdds-container-service-2.1.0-SNAPSHOT.jar!/webapps/hddsDatanode}
2025-05-12 14:23:19,524 [main] INFO  server.AbstractConnector (AbstractConnector.java:doStart(333)) - Started ServerConnector@10b21a2b{HTTP/1.1, (http/1.1)}{0.0.0.0:15018}
2025-05-12 14:23:19,524 [main] INFO  server.Server (Server.java:doStart(415)) - Started @13977ms
2025-05-12 14:23:19,524 [main] WARN  impl.MetricsSystemImpl (MetricsSystemImpl.java:register(279)) - Sink prometheus already exists!
2025-05-12 14:23:19,525 [main] INFO  http.BaseHttpServer (BaseHttpServer.java:updateConnectorAddress(359)) - HTTP server of hddsDatanode listening at http://0.0.0.0:15018
2025-05-12 14:23:19,525 [main] INFO  ipc.CallQueueManager (CallQueueManager.java:<init>(93)) - Using callQueue: class java.util.concurrent.LinkedBlockingQueue, queueCapacity: 1000, scheduler: class org.apache.hadoop.ipc.DefaultRpcScheduler, ipcBackoff: false, ipcFailOver: false.
2025-05-12 14:23:19,526 [main] INFO  ipc.Server (Server.java:<init>(1438)) - Listener at 0.0.0.0:15019
2025-05-12 14:23:19,526 [Socket Reader #1 for port 15019] INFO  ipc.Server (Server.java:run(1474)) - Starting Socket Reader #1 for port 15019
2025-05-12 14:23:19,526 [Socket Reader #2 for port 15019] INFO  ipc.Server (Server.java:run(1474)) - Starting Socket Reader #2 for port 15019
2025-05-12 14:23:19,527 [Socket Reader #3 for port 15019] INFO  ipc.Server (Server.java:run(1474)) - Starting Socket Reader #3 for port 15019
2025-05-12 14:23:19,527 [Socket Reader #4 for port 15019] INFO  ipc.Server (Server.java:run(1474)) - Starting Socket Reader #4 for port 15019
2025-05-12 14:23:19,528 [Socket Reader #5 for port 15019] INFO  ipc.Server (Server.java:run(1474)) - Starting Socket Reader #5 for port 15019
2025-05-12 14:23:19,528 [Socket Reader #6 for port 15019] INFO  ipc.Server (Server.java:run(1474)) - Starting Socket Reader #6 for port 15019
2025-05-12 14:23:19,529 [Socket Reader #7 for port 15019] INFO  ipc.Server (Server.java:run(1474)) - Starting Socket Reader #7 for port 15019
2025-05-12 14:23:19,529 [Socket Reader #8 for port 15019] INFO  ipc.Server (Server.java:run(1474)) - Starting Socket Reader #8 for port 15019
2025-05-12 14:23:19,530 [Socket Reader #9 for port 15019] INFO  ipc.Server (Server.java:run(1474)) - Starting Socket Reader #9 for port 15019
2025-05-12 14:23:19,530 [Socket Reader #10 for port 15019] INFO  ipc.Server (Server.java:run(1474)) - Starting Socket Reader #10 for port 15019
2025-05-12 14:23:19,537 [main] INFO  ozone.HddsDatanodeService (HddsDatanodeService.java:start(325)) - Datanode start with admins: [runner]
2025-05-12 14:23:19,537 [main] INFO  ozone.HddsDatanodeClientProtocolServer (HddsDatanodeClientProtocolServer.java:start(76)) - RPC server for Client /0.0.0.0:15019
2025-05-12 14:23:19,539 [IPC Server Responder] INFO  ipc.Server (Server.java:run(1713)) - IPC Server Responder: starting
2025-05-12 14:23:19,540 [IPC Server listener on 15019] INFO  ipc.Server (Server.java:run(1553)) - IPC Server listener on 15019: starting
2025-05-12 14:23:19,548 [main] WARN  dropwizard3.Dm3MetricRegistriesImpl (Dm3MetricRegistriesImpl.java:addReporterRegistration(114)) - New reporters are added after registries were created. Some metrics will be missing from the reporter. Please add reporter before adding any new registry.
2025-05-12 14:23:19,548 [main] WARN  dropwizard3.Dm3MetricRegistriesImpl (Dm3MetricRegistriesImpl.java:addReporterRegistration(114)) - New reporters are added after registries were created. Some metrics will be missing from the reporter. Please add reporter before adding any new registry.
2025-05-12 14:23:19,548 [main] INFO  impl.MetricsSystemImpl (MetricsSystemImpl.java:init(158)) - HddsDatanode metrics system started (again)
2025-05-12 14:23:19,554 [e6edfd35-e7a8-467e-9cce-10d1c0c9f75d-DatanodeStateMachineDaemonThread] INFO  statemachine.DatanodeStateMachine (DatanodeStateMachine.java:startStateMachineThread(340)) - Ozone container server started.
2025-05-12 14:23:19,559 [main] INFO  protocol.DatanodeDetails (DatanodeDetails.java:validateDatanodeIpAddress(199)) - Updating IP address of datanode 99006d7d-02a9-415e-9b0e-000c52fd4d50(pkrvmberfyhpb9w.internal.cloudapp.net/null) to 10.1.0.200
2025-05-12 14:23:19,559 [main] INFO  ozone.HddsDatanodeService (HddsDatanodeService.java:start(234)) - HddsDatanodeService 99006d7d-02a9-415e-9b0e-000c52fd4d50(pkrvmberfyhpb9w.internal.cloudapp.net/10.1.0.200)
2025-05-12 14:23:19,566 [e6edfd35-e7a8-467e-9cce-10d1c0c9f75d-DatanodeStateMachineTaskThread-0] INFO  datanode.InitDatanodeState (InitDatanodeState.java:persistContainerDatanodeDetails(139)) - DatanodeDetails is persisted to /home/runner/work/ozone/ozone/hadoop-ozone/integration-test-s3/target/test-dir/MiniOzoneClusterImpl-4f0ef3c3-c429-48e0-ae71-8c6302523d84/ozone-meta/datanode-2/meta/datanode.id
2025-05-12 14:23:19,567 [main] INFO  upgrade.AbstractLayoutVersionManager (AbstractLayoutVersionManager.java:init(80)) - Initializing Layout version manager with metadata layout = HBASE_SUPPORT (version = 8), software layout = HBASE_SUPPORT (version = 8)
2025-05-12 14:23:19,568 [main] INFO  statemachine.DatanodeStateMachine (DatanodeStateMachine.java:getEndPointTaskThreadPoolSize(298)) - Datanode State Machine Task Thread Pool size 2
2025-05-12 14:23:19,575 [main] INFO  fs.SaveSpaceUsageToFile (SaveSpaceUsageToFile.java:load(92)) - Cached usage info file /home/runner/work/ozone/ozone/hadoop-ozone/integration-test-s3/target/test-dir/MiniOzoneClusterImpl-4f0ef3c3-c429-48e0-ae71-8c6302523d84/ozone-meta/datanode-3/data-0/scmUsed not found
2025-05-12 14:23:19,578 [main] INFO  volume.HddsVolume (HddsVolume.java:<init>(158)) - HddsVolume: { id=DS-010d0f5c-1cfd-4a7f-9643-8974a40fb772 dir=/home/runner/work/ozone/ozone/hadoop-ozone/integration-test-s3/target/test-dir/MiniOzoneClusterImpl-4f0ef3c3-c429-48e0-ae71-8c6302523d84/ozone-meta/datanode-3/data-0/hdds type=DISK capacity=76879465972 used=0 available=21294399488 minFree=5368709120 committed=0 }
2025-05-12 14:23:19,578 [main] INFO  volume.MutableVolumeSet (MutableVolumeSet.java:initializeVolumeSet(166)) - Added Volume : /home/runner/work/ozone/ozone/hadoop-ozone/integration-test-s3/target/test-dir/MiniOzoneClusterImpl-4f0ef3c3-c429-48e0-ae71-8c6302523d84/ozone-meta/datanode-3/data-0/hdds to VolumeSet
2025-05-12 14:23:19,579 [main] INFO  fs.SaveSpaceUsageToFile (SaveSpaceUsageToFile.java:load(92)) - Cached usage info file /home/runner/work/ozone/ozone/hadoop-ozone/integration-test-s3/target/test-dir/MiniOzoneClusterImpl-4f0ef3c3-c429-48e0-ae71-8c6302523d84/ozone-meta/datanode-3/ratis/scmUsed not found
2025-05-12 14:23:19,583 [main] INFO  volume.MutableVolumeSet (MutableVolumeSet.java:initializeVolumeSet(166)) - Added Volume : /home/runner/work/ozone/ozone/hadoop-ozone/integration-test-s3/target/test-dir/MiniOzoneClusterImpl-4f0ef3c3-c429-48e0-ae71-8c6302523d84/ozone-meta/datanode-3/ratis to VolumeSet
2025-05-12 14:23:19,589 [main] INFO  ozoneimpl.OzoneContainer (HddsVolumeUtil.java:loadAllHddsVolumeDbStore(102)) - Load 1 volumes DbStore cost: 3ms
2025-05-12 14:23:19,590 [main] WARN  db.DBStoreBuilder (DBStoreBuilder.java:getDBDirPath(160)) - ozone.scm.datanode.id.dir is not configured. We recommend adding this setting. Falling back to ozone.metadata.dirs instead.
2025-05-12 14:23:19,596 [main] WARN  db.DBStoreBuilder (DBStoreBuilder.java:getDBDirPath(160)) - ozone.scm.datanode.id.dir is not configured. We recommend adding this setting. Falling back to ozone.metadata.dirs instead.
2025-05-12 14:23:19,614 [main] INFO  impl.FilePerChunkStrategy (FilePerChunkStrategy.java:<init>(79)) - ozone.chunk.read.mapped.buffer.max.count is load with 0
2025-05-12 14:23:19,614 [main] INFO  impl.FilePerBlockStrategy (FilePerBlockStrategy.java:<init>(87)) - ozone.chunk.read.mapped.buffer.max.count is load with 0
2025-05-12 14:23:19,617 [main] INFO  server.RaftServerConfigKeys (ConfUtils.java:logGet(46)) - raft.server.log.appender.buffer.byte-limit = 33554432 (custom)
2025-05-12 14:23:19,619 [main] INFO  server.RaftServer (ConfUtils.java:logGet(46)) - raft.rpc.type = GRPC (default)
2025-05-12 14:23:19,620 [main] INFO  grpc.GrpcConfigKeys (ConfUtils.java:logFallback(53)) - raft.grpc.admin.host = null (fallback to raft.grpc.server.host)
2025-05-12 14:23:19,620 [main] INFO  grpc.GrpcConfigKeys (ConfUtils.java:logGet(46)) - raft.grpc.admin.port = 15030 (custom)
2025-05-12 14:23:19,620 [main] INFO  grpc.GrpcConfigKeys (ConfUtils.java:logFallback(53)) - raft.grpc.client.host = null (fallback to raft.grpc.server.host)
2025-05-12 14:23:19,620 [main] INFO  grpc.GrpcConfigKeys (ConfUtils.java:logGet(46)) - raft.grpc.client.port = 15029 (custom)
2025-05-12 14:23:19,620 [main] INFO  grpc.GrpcConfigKeys (ConfUtils.java:logGet(46)) - raft.grpc.server.host = null (default)
2025-05-12 14:23:19,620 [main] INFO  grpc.GrpcConfigKeys (ConfUtils.java:logGet(46)) - raft.grpc.server.port = 15031 (custom)
2025-05-12 14:23:19,623 [main] INFO  server.GrpcService (ConfUtils.java:logGet(46)) - raft.grpc.message.size.max = 34603008 (custom)
2025-05-12 14:23:19,624 [main] INFO  server.GrpcService (ConfUtils.java:logGet(46)) - raft.grpc.flow.control.window = 5MB (=5242880) (custom)
2025-05-12 14:23:19,624 [main] INFO  server.RaftServerConfigKeys (ConfUtils.java:logGet(46)) - raft.server.rpc.request.timeout = 60s (custom)
2025-05-12 14:23:19,624 [main] INFO  grpc.GrpcConfigKeys (ConfUtils.java:logGet(46)) - raft.grpc.server.heartbeat.channel = true (default)
2025-05-12 14:23:19,624 [main] INFO  server.RaftServerConfigKeys (ConfUtils.java:logGet(46)) - raft.server.log.appender.buffer.byte-limit = 33554432 (custom)
2025-05-12 14:23:19,624 [main] INFO  grpc.GrpcConfigKeys (ConfUtils.java:logGet(46)) - raft.grpc.server.async.request.thread.pool.cached = true (default)
2025-05-12 14:23:19,624 [main] INFO  grpc.GrpcConfigKeys (ConfUtils.java:logGet(46)) - raft.grpc.server.async.request.thread.pool.size = 32 (default)
2025-05-12 14:23:19,626 [main] INFO  impl.DataStreamServerImpl (ConfUtils.java:logGet(46)) - raft.datastream.type = NETTY (custom)
2025-05-12 14:23:19,627 [main] INFO  server.RaftServerConfigKeys (ConfUtils.java:logGet(46)) - raft.server.data-stream.async.request.thread.pool.cached = false (default)
2025-05-12 14:23:19,627 [main] INFO  server.RaftServerConfigKeys (ConfUtils.java:logGet(46)) - raft.server.data-stream.async.request.thread.pool.size = 20 (custom)
2025-05-12 14:23:19,627 [main] INFO  server.RaftServerConfigKeys (ConfUtils.java:logGet(46)) - raft.server.data-stream.async.write.thread.pool.size = 16 (default)
2025-05-12 14:23:19,627 [main] INFO  netty.NettyConfigKeys$DataStream (ConfUtils.java:logGet(46)) - raft.netty.dataStream.server.channel.inactive.grace-period = 10min (default)
2025-05-12 14:23:19,627 [main] INFO  server.RaftServerConfigKeys (ConfUtils.java:logGet(46)) - raft.server.data-stream.client.pool.size = 10 (default)
2025-05-12 14:23:19,627 [main] INFO  netty.NettyConfigKeys$DataStream (ConfUtils.java:logGet(46)) - raft.netty.dataStream.server.use-epoll = true (default)
2025-05-12 14:23:19,627 [main] INFO  netty.NettyConfigKeys$DataStream (ConfUtils.java:logGet(46)) - raft.netty.dataStream.server.boss-group.size = 0 (default)
2025-05-12 14:23:19,628 [main] INFO  netty.NettyUtils (NettyUtils.java:newEventLoopGroup(74)) - Create EpollEventLoopGroup for 99006d7d-02a9-415e-9b0e-000c52fd4d50-NettyServerStreamRpc-bossGroup; Thread size is 0.
2025-05-12 14:23:19,628 [main] INFO  netty.NettyConfigKeys$DataStream (ConfUtils.java:logGet(46)) - raft.netty.dataStream.server.worker-group.size = 0 (default)
2025-05-12 14:23:19,629 [main] INFO  netty.NettyUtils (NettyUtils.java:newEventLoopGroup(74)) - Create EpollEventLoopGroup for 99006d7d-02a9-415e-9b0e-000c52fd4d50-NettyServerStreamRpc-workerGroup; Thread size is 0.
2025-05-12 14:23:19,631 [main] INFO  netty.NettyConfigKeys$DataStream (ConfUtils.java:logGet(46)) - raft.netty.dataStream.server.tls.conf = null (default)
2025-05-12 14:23:19,631 [main] INFO  netty.NettyConfigKeys$DataStream (ConfUtils.java:logGet(46)) - raft.netty.dataStream.host = null (default)
2025-05-12 14:23:19,631 [main] INFO  netty.NettyConfigKeys$DataStream (ConfUtils.java:logGet(46)) - raft.netty.dataStream.port = 15032 (custom)
2025-05-12 14:23:19,633 [99006d7d-02a9-415e-9b0e-000c52fd4d50-NettyServerStreamRpc-bossGroup--thread1] INFO  logging.LoggingHandler (AbstractInternalLogger.java:log(148)) - [id: 0x3a5636da] REGISTERED
2025-05-12 14:23:19,633 [99006d7d-02a9-415e-9b0e-000c52fd4d50-NettyServerStreamRpc-bossGroup--thread1] INFO  logging.LoggingHandler (AbstractInternalLogger.java:log(148)) - [id: 0x3a5636da] BIND: 0.0.0.0/0.0.0.0:15032
2025-05-12 14:23:19,633 [99006d7d-02a9-415e-9b0e-000c52fd4d50-NettyServerStreamRpc-bossGroup--thread1] INFO  logging.LoggingHandler (AbstractInternalLogger.java:log(148)) - [id: 0x3a5636da, L:/0.0.0.0:15032] ACTIVE
2025-05-12 14:23:19,633 [main] INFO  server.RaftServerConfigKeys (ConfUtils.java:logGet(46)) - raft.server.sleep.deviation.threshold = 300ms (default)
2025-05-12 14:23:19,635 [main] INFO  server.RaftServerConfigKeys (ConfUtils.java:logGet(46)) - raft.server.close.threshold = 60s (default)
2025-05-12 14:23:19,635 [main] INFO  server.RaftServerConfigKeys (ConfUtils.java:logGet(46)) - raft.server.leaderelection.leader.step-down.wait-time = 10s (default)
2025-05-12 14:23:19,635 [main] INFO  server.RaftServerConfigKeys (ConfUtils.java:logGet(46)) - raft.server.storage.dir = [/home/runner/work/ozone/ozone/hadoop-ozone/integration-test-s3/target/test-dir/MiniOzoneClusterImpl-4f0ef3c3-c429-48e0-ae71-8c6302523d84/ozone-meta/datanode-3/ratis] (custom)
2025-05-12 14:23:19,635 [main] INFO  server.RaftServerConfigKeys (ConfUtils.java:logGet(46)) - raft.server.threadpool.proxy.cached = true (default)
2025-05-12 14:23:19,636 [main] INFO  server.RaftServerConfigKeys (ConfUtils.java:logGet(46)) - raft.server.threadpool.proxy.size = 0 (default)
2025-05-12 14:23:19,636 [99006d7d-02a9-415e-9b0e-000c52fd4d50-impl-thread1] INFO  server.RaftServer (RaftServerProxy.java:initGroupDir(265)) - 99006d7d-02a9-415e-9b0e-000c52fd4d50: found a subdirectory /home/runner/work/ozone/ozone/hadoop-ozone/integration-test-s3/target/test-dir/MiniOzoneClusterImpl-4f0ef3c3-c429-48e0-ae71-8c6302523d84/ozone-meta/datanode-3/ratis/tmp
2025-05-12 14:23:19,637 [99006d7d-02a9-415e-9b0e-000c52fd4d50-impl-thread1] INFO  server.RaftServer (RaftServerProxy.java:initGroupDir(270)) - 99006d7d-02a9-415e-9b0e-000c52fd4d50: The directory /home/runner/work/ozone/ozone/hadoop-ozone/integration-test-s3/target/test-dir/MiniOzoneClusterImpl-4f0ef3c3-c429-48e0-ae71-8c6302523d84/ozone-meta/datanode-3/ratis/tmp is not a group directory; ignoring it. 
2025-05-12 14:23:19,638 [main] INFO  replication.ReplicationServer (ReplicationServer.java:<init>(84)) - Initializing replication server with thread count = 10 queue length = 4096
2025-05-12 14:23:19,640 [main] INFO  server.XceiverServerGrpc (XceiverServerGrpc.java:<init>(131)) - GrpcServer channel type EpollServerSocketChannel
2025-05-12 14:23:19,644 [main] INFO  replication.ReplicationSupervisor (ReplicationSupervisor.java:build(169)) - Initializing replication supervisor with thread count = 10
2025-05-12 14:23:19,645 [main] INFO  replication.ReplicationSupervisor (ReplicationSupervisor.java:nodeStateUpdated(358)) - Node state updated to IN_SERVICE, scaling executor pool size to 10
2025-05-12 14:23:19,658 [main] INFO  http.BaseHttpServer (BaseHttpServer.java:newHttpServer2BuilderForOzone(229)) - Starting Web-server for hddsDatanode at: http://0.0.0.0:15026
2025-05-12 14:23:19,658 [main] INFO  http.BaseHttpServer (BaseHttpServer.java:<init>(107)) - Hadoop Security Enabled: false Ozone Security Enabled: false Ozone HTTP Security Enabled: false 
2025-05-12 14:23:19,660 [main] WARN  server.AuthenticationFilter (AuthenticationFilter.java:constructSecretProvider(240)) - Unable to initialize FileSignerSecretProvider, falling back to use random secrets. Reason: Could not read signature secret file: /home/runner/hadoop-http-auth-signature-secret
2025-05-12 14:23:19,665 [main] INFO  http.HttpServer2 (HttpServer2.java:addGlobalFilter(1042)) - Added global filter 'safety' (class=org.apache.hadoop.hdds.server.http.HttpServer2$QuotingInputFilter)
2025-05-12 14:23:19,669 [main] INFO  http.HttpServer2 (HttpServer2.java:addFilter(1018)) - Added filter static_user_filter (class=org.apache.hadoop.http.lib.StaticUserWebFilter$StaticUserFilter) to context hddsDatanode
2025-05-12 14:23:19,669 [main] INFO  http.HttpServer2 (HttpServer2.java:addFilter(1026)) - Added filter static_user_filter (class=org.apache.hadoop.http.lib.StaticUserWebFilter$StaticUserFilter) to context logs
2025-05-12 14:23:19,670 [main] INFO  http.HttpServer2 (HttpServer2.java:addFilter(1026)) - Added filter static_user_filter (class=org.apache.hadoop.http.lib.StaticUserWebFilter$StaticUserFilter) to context static
2025-05-12 14:23:19,670 [main] INFO  http.BaseHttpServer (BaseHttpServer.java:<init>(195)) - HTTP server of hddsDatanode uses base directory /home/runner/work/ozone/ozone/hadoop-ozone/integration-test-s3/target/test-dir/MiniOzoneClusterImpl-4f0ef3c3-c429-48e0-ae71-8c6302523d84/ozone-meta/datanode-3/meta/webserver
2025-05-12 14:23:19,671 [main] INFO  http.HttpServer2 (HttpServer2.java:bindListener(1242)) - Jetty bound to port 15026
2025-05-12 14:23:19,671 [main] INFO  server.Server (Server.java:doStart(375)) - jetty-9.4.57.v20241219; built: 2025-01-08T21:24:30.412Z; git: df524e6b29271c2e09ba9aea83c18dc9db464a31; jvm 21.0.7+6-LTS
2025-05-12 14:23:19,682 [main] INFO  server.session (DefaultSessionIdManager.java:doStart(334)) - DefaultSessionIdManager workerName=node0
2025-05-12 14:23:19,682 [main] INFO  server.session (DefaultSessionIdManager.java:doStart(339)) - No SessionScavenger set, using defaults
2025-05-12 14:23:19,682 [main] INFO  server.session (HouseKeeper.java:startScavenging(132)) - node0 Scavenging every 660000ms
2025-05-12 14:23:19,683 [main] INFO  handler.ContextHandler (ContextHandler.java:doStart(921)) - Started o.e.j.s.ServletContextHandler@53a8059{logs,/logs,file:///home/runner/work/ozone/ozone/hadoop-ozone/integration-test-s3/target/log,AVAILABLE}
2025-05-12 14:23:19,684 [main] INFO  handler.ContextHandler (ContextHandler.java:doStart(921)) - Started o.e.j.s.ServletContextHandler@630d7bce{static,/static,jar:file:/home/runner/work/ozone/ozone/hadoop-hdds/container-service/target/hdds-container-service-2.1.0-SNAPSHOT.jar!/webapps/static,AVAILABLE}
2025-05-12 14:23:19,848 [807d821f-bf9f-4e54-9fe3-c13c7f8c8c03-EndpointStateMachineTaskThread-/0.0.0.0:15002-0 ] INFO  utils.DatanodeStoreCache (DatanodeStoreCache.java:addDB(70)) - Added db /home/runner/work/ozone/ozone/hadoop-ozone/integration-test-s3/target/test-dir/MiniOzoneClusterImpl-4f0ef3c3-c429-48e0-ae71-8c6302523d84/ozone-meta/datanode-1/data-0/hdds/4f0ef3c3-c429-48e0-ae71-8c6302523d84/DS-67c64aa3-7792-4a3f-a159-e538c434a448/container.db to cache
2025-05-12 14:23:19,848 [807d821f-bf9f-4e54-9fe3-c13c7f8c8c03-EndpointStateMachineTaskThread-/0.0.0.0:15002-0 ] INFO  volume.HddsVolume (HddsVolume.java:createDbStore(510)) - SchemaV3 db is created and loaded at /home/runner/work/ozone/ozone/hadoop-ozone/integration-test-s3/target/test-dir/MiniOzoneClusterImpl-4f0ef3c3-c429-48e0-ae71-8c6302523d84/ozone-meta/datanode-1/data-0/hdds/4f0ef3c3-c429-48e0-ae71-8c6302523d84/DS-67c64aa3-7792-4a3f-a159-e538c434a448/container.db for volume DS-67c64aa3-7792-4a3f-a159-e538c434a448
2025-05-12 14:23:19,864 [807d821f-bf9f-4e54-9fe3-c13c7f8c8c03-ContainerReader-0] INFO  ozoneimpl.ContainerReader (ContainerReader.java:readVolume(144)) - Start to verify containers on volume /home/runner/work/ozone/ozone/hadoop-ozone/integration-test-s3/target/test-dir/MiniOzoneClusterImpl-4f0ef3c3-c429-48e0-ae71-8c6302523d84/ozone-meta/datanode-1/data-0/hdds
2025-05-12 14:23:19,864 [807d821f-bf9f-4e54-9fe3-c13c7f8c8c03-ContainerReader-0] INFO  ozoneimpl.ContainerReader (ContainerReader.java:readVolume(174)) - Finish verifying containers on volume /home/runner/work/ozone/ozone/hadoop-ozone/integration-test-s3/target/test-dir/MiniOzoneClusterImpl-4f0ef3c3-c429-48e0-ae71-8c6302523d84/ozone-meta/datanode-1/data-0/hdds
2025-05-12 14:23:19,865 [807d821f-bf9f-4e54-9fe3-c13c7f8c8c03-EndpointStateMachineTaskThread-/0.0.0.0:15002-0 ] INFO  ozoneimpl.OzoneContainer (OzoneContainer.java:buildContainerSet(364)) - Build ContainerSet costs 0s
2025-05-12 14:23:19,865 [807d821f-bf9f-4e54-9fe3-c13c7f8c8c03-EndpointStateMachineTaskThread-/0.0.0.0:15002-0 ] INFO  volume.ThrottledAsyncChecker (ThrottledAsyncChecker.java:schedule(138)) - Scheduling a check for /home/runner/work/ozone/ozone/hadoop-ozone/integration-test-s3/target/test-dir/MiniOzoneClusterImpl-4f0ef3c3-c429-48e0-ae71-8c6302523d84/ozone-meta/datanode-1/data-0/hdds
2025-05-12 14:23:19,872 [807d821f-bf9f-4e54-9fe3-c13c7f8c8c03-EndpointStateMachineTaskThread-/0.0.0.0:15002-0 ] INFO  volume.StorageVolumeChecker (StorageVolumeChecker.java:checkAllVolumes(215)) - Scheduled health check for volume /home/runner/work/ozone/ozone/hadoop-ozone/integration-test-s3/target/test-dir/MiniOzoneClusterImpl-4f0ef3c3-c429-48e0-ae71-8c6302523d84/ozone-meta/datanode-1/data-0/hdds
2025-05-12 14:23:19,884 [807d821f-bf9f-4e54-9fe3-c13c7f8c8c03-EndpointStateMachineTaskThread-/0.0.0.0:15002-0 ] INFO  volume.ThrottledAsyncChecker (ThrottledAsyncChecker.java:schedule(138)) - Scheduling a check for /home/runner/work/ozone/ozone/hadoop-ozone/integration-test-s3/target/test-dir/MiniOzoneClusterImpl-4f0ef3c3-c429-48e0-ae71-8c6302523d84/ozone-meta/datanode-1/ratis
2025-05-12 14:23:19,884 [807d821f-bf9f-4e54-9fe3-c13c7f8c8c03-EndpointStateMachineTaskThread-/0.0.0.0:15002-0 ] INFO  volume.StorageVolumeChecker (StorageVolumeChecker.java:checkAllVolumes(215)) - Scheduled health check for volume /home/runner/work/ozone/ozone/hadoop-ozone/integration-test-s3/target/test-dir/MiniOzoneClusterImpl-4f0ef3c3-c429-48e0-ae71-8c6302523d84/ozone-meta/datanode-1/ratis
2025-05-12 14:23:19,885 [807d821f-bf9f-4e54-9fe3-c13c7f8c8c03-EndpointStateMachineTaskThread-/0.0.0.0:15002-0 ] INFO  ozoneimpl.OzoneContainer (OzoneContainer.java:start(512)) - Attempting to start container services.
2025-05-12 14:23:19,898 [ContainerMetadataScanner] INFO  ozoneimpl.AbstractBackgroundContainerScanner (AbstractBackgroundContainerScanner.java:runIteration(89)) - Completed an iteration in 0 minutes. Number of iterations (since the data-node restart) : 1, Number of containers scanned in this iteration : 0, Number of unhealthy containers found in this iteration : 0
2025-05-12 14:23:19,902 [ContainerDataScanner(/home/runner/work/ozone/ozone/hadoop-ozone/integration-test-s3/target/test-dir/MiniOzoneClusterImpl-4f0ef3c3-c429-48e0-ae71-8c6302523d84/ozone-meta/datanode-1/data-0/hdds)] INFO  ozoneimpl.AbstractBackgroundContainerScanner (AbstractBackgroundContainerScanner.java:runIteration(89)) - Completed an iteration in 0 minutes. Number of iterations (since the data-node restart) : 1, Number of containers scanned in this iteration : 0, Number of unhealthy containers found in this iteration : 0
2025-05-12 14:23:19,902 [807d821f-bf9f-4e54-9fe3-c13c7f8c8c03-EndpointStateMachineTaskThread-/0.0.0.0:15002-0 ] INFO  replication.ReplicationServer (ReplicationServer.java:start(137)) - ReplicationServer is started using port 15017
2025-05-12 14:23:19,908 [807d821f-bf9f-4e54-9fe3-c13c7f8c8c03-EndpointStateMachineTaskThread-/0.0.0.0:15002-0 ] INFO  ratis.XceiverServerRatis (XceiverServerRatis.java:start(559)) - Starting XceiverServerRatis(807d821f-bf9f-4e54-9fe3-c13c7f8c8c03)
2025-05-12 14:23:19,928 [807d821f-bf9f-4e54-9fe3-c13c7f8c8c03-EndpointStateMachineTaskThread-/0.0.0.0:15002-0 ] INFO  server.RaftServer (RaftServerProxy.java:startImpl(407)) - 807d821f-bf9f-4e54-9fe3-c13c7f8c8c03: start RPC server
2025-05-12 14:23:19,931 [807d821f-bf9f-4e54-9fe3-c13c7f8c8c03-EndpointStateMachineTaskThread-/0.0.0.0:15002-0 ] INFO  server.GrpcService (GrpcService.java:startImpl(334)) - 807d821f-bf9f-4e54-9fe3-c13c7f8c8c03: GrpcService started, listening on 15013
2025-05-12 14:23:19,932 [807d821f-bf9f-4e54-9fe3-c13c7f8c8c03-EndpointStateMachineTaskThread-/0.0.0.0:15002-0 ] INFO  server.GrpcService (GrpcService.java:startImpl(334)) - 807d821f-bf9f-4e54-9fe3-c13c7f8c8c03: GrpcService started, listening on 15015
2025-05-12 14:23:19,933 [807d821f-bf9f-4e54-9fe3-c13c7f8c8c03-EndpointStateMachineTaskThread-/0.0.0.0:15002-0 ] INFO  server.GrpcService (GrpcService.java:startImpl(334)) - 807d821f-bf9f-4e54-9fe3-c13c7f8c8c03: GrpcService started, listening on 15014
2025-05-12 14:23:19,934 [807d821f-bf9f-4e54-9fe3-c13c7f8c8c03-EndpointStateMachineTaskThread-/0.0.0.0:15002-0 ] INFO  ratis.XceiverServerRatis (XceiverServerRatis.java:getRealPort(586)) - XceiverServerRatis(807d821f-bf9f-4e54-9fe3-c13c7f8c8c03) is started using port RATIS=15013
2025-05-12 14:23:19,934 [JvmPauseMonitor3] INFO  util.JvmPauseMonitor (JvmPauseMonitor.java:run(146)) - JvmPauseMonitor-807d821f-bf9f-4e54-9fe3-c13c7f8c8c03: Started
2025-05-12 14:23:19,934 [807d821f-bf9f-4e54-9fe3-c13c7f8c8c03-EndpointStateMachineTaskThread-/0.0.0.0:15002-0 ] INFO  ratis.XceiverServerRatis (XceiverServerRatis.java:getRealPort(586)) - XceiverServerRatis(807d821f-bf9f-4e54-9fe3-c13c7f8c8c03) is started using port RATIS_ADMIN=15014
2025-05-12 14:23:19,935 [807d821f-bf9f-4e54-9fe3-c13c7f8c8c03-EndpointStateMachineTaskThread-/0.0.0.0:15002-0 ] INFO  ratis.XceiverServerRatis (XceiverServerRatis.java:getRealPort(586)) - XceiverServerRatis(807d821f-bf9f-4e54-9fe3-c13c7f8c8c03) is started using port RATIS_SERVER=15015
2025-05-12 14:23:19,935 [807d821f-bf9f-4e54-9fe3-c13c7f8c8c03-EndpointStateMachineTaskThread-/0.0.0.0:15002-0 ] INFO  ratis.XceiverServerRatis (XceiverServerRatis.java:getRealPort(586)) - XceiverServerRatis(807d821f-bf9f-4e54-9fe3-c13c7f8c8c03) is started using port RATIS_DATASTREAM=15016
2025-05-12 14:23:19,939 [807d821f-bf9f-4e54-9fe3-c13c7f8c8c03-BlockDeletingService#0] INFO  interfaces.ContainerDeletionChoosingPolicyTemplate (ContainerDeletionChoosingPolicyTemplate.java:chooseContainerForBlockDeletion(83)) - Chosen 0/5000 blocks from 0 candidate containers.
2025-05-12 14:23:19,962 [main] INFO  handler.ContextHandler (ContextHandler.java:doStart(921)) - Started o.e.j.w.WebAppContext@720eae47{hddsDatanode,/,file:///home/runner/work/ozone/ozone/hadoop-ozone/integration-test-s3/target/test-dir/MiniOzoneClusterImpl-4f0ef3c3-c429-48e0-ae71-8c6302523d84/ozone-meta/datanode-3/meta/webserver/jetty-0_0_0_0-15026-hdds-container-service-2_1_0-SNAPSHOT_jar-_-any-16370361574385264427/webapp/,AVAILABLE}{jar:file:/home/runner/work/ozone/ozone/hadoop-hdds/container-service/target/hdds-container-service-2.1.0-SNAPSHOT.jar!/webapps/hddsDatanode}
2025-05-12 14:23:19,963 [main] INFO  server.AbstractConnector (AbstractConnector.java:doStart(333)) - Started ServerConnector@7e471ad{HTTP/1.1, (http/1.1)}{0.0.0.0:15026}
2025-05-12 14:23:19,963 [main] INFO  server.Server (Server.java:doStart(415)) - Started @14416ms
2025-05-12 14:23:19,963 [main] WARN  impl.MetricsSystemImpl (MetricsSystemImpl.java:register(279)) - Sink prometheus already exists!
2025-05-12 14:23:19,965 [main] INFO  http.BaseHttpServer (BaseHttpServer.java:updateConnectorAddress(359)) - HTTP server of hddsDatanode listening at http://0.0.0.0:15026
2025-05-12 14:23:19,966 [main] INFO  ipc.CallQueueManager (CallQueueManager.java:<init>(93)) - Using callQueue: class java.util.concurrent.LinkedBlockingQueue, queueCapacity: 1000, scheduler: class org.apache.hadoop.ipc.DefaultRpcScheduler, ipcBackoff: false, ipcFailOver: false.
2025-05-12 14:23:19,966 [main] INFO  ipc.Server (Server.java:<init>(1438)) - Listener at 0.0.0.0:15027
2025-05-12 14:23:19,967 [Socket Reader #1 for port 15027] INFO  ipc.Server (Server.java:run(1474)) - Starting Socket Reader #1 for port 15027
2025-05-12 14:23:19,968 [Socket Reader #2 for port 15027] INFO  ipc.Server (Server.java:run(1474)) - Starting Socket Reader #2 for port 15027
2025-05-12 14:23:19,968 [Socket Reader #3 for port 15027] INFO  ipc.Server (Server.java:run(1474)) - Starting Socket Reader #3 for port 15027
2025-05-12 14:23:19,969 [Socket Reader #4 for port 15027] INFO  ipc.Server (Server.java:run(1474)) - Starting Socket Reader #4 for port 15027
2025-05-12 14:23:19,969 [Socket Reader #5 for port 15027] INFO  ipc.Server (Server.java:run(1474)) - Starting Socket Reader #5 for port 15027
2025-05-12 14:23:19,969 [Socket Reader #6 for port 15027] INFO  ipc.Server (Server.java:run(1474)) - Starting Socket Reader #6 for port 15027
2025-05-12 14:23:19,969 [Socket Reader #7 for port 15027] INFO  ipc.Server (Server.java:run(1474)) - Starting Socket Reader #7 for port 15027
2025-05-12 14:23:19,970 [Socket Reader #8 for port 15027] INFO  ipc.Server (Server.java:run(1474)) - Starting Socket Reader #8 for port 15027
2025-05-12 14:23:19,971 [Socket Reader #10 for port 15027] INFO  ipc.Server (Server.java:run(1474)) - Starting Socket Reader #10 for port 15027
2025-05-12 14:23:19,973 [Socket Reader #9 for port 15027] INFO  ipc.Server (Server.java:run(1474)) - Starting Socket Reader #9 for port 15027
2025-05-12 14:23:19,974 [main] INFO  ozone.HddsDatanodeService (HddsDatanodeService.java:start(325)) - Datanode start with admins: [runner]
2025-05-12 14:23:19,974 [main] INFO  ozone.HddsDatanodeClientProtocolServer (HddsDatanodeClientProtocolServer.java:start(76)) - RPC server for Client /0.0.0.0:15027
2025-05-12 14:23:19,974 [IPC Server Responder] INFO  ipc.Server (Server.java:run(1713)) - IPC Server Responder: starting
2025-05-12 14:23:19,975 [IPC Server listener on 15027] INFO  ipc.Server (Server.java:run(1553)) - IPC Server listener on 15027: starting
2025-05-12 14:23:19,979 [main] WARN  dropwizard3.Dm3MetricRegistriesImpl (Dm3MetricRegistriesImpl.java:addReporterRegistration(114)) - New reporters are added after registries were created. Some metrics will be missing from the reporter. Please add reporter before adding any new registry.
2025-05-12 14:23:19,979 [main] WARN  dropwizard3.Dm3MetricRegistriesImpl (Dm3MetricRegistriesImpl.java:addReporterRegistration(114)) - New reporters are added after registries were created. Some metrics will be missing from the reporter. Please add reporter before adding any new registry.
2025-05-12 14:23:19,979 [main] INFO  impl.MetricsSystemImpl (MetricsSystemImpl.java:init(158)) - HddsDatanode metrics system started (again)
2025-05-12 14:23:19,987 [99006d7d-02a9-415e-9b0e-000c52fd4d50-DatanodeStateMachineDaemonThread] INFO  statemachine.DatanodeStateMachine (DatanodeStateMachine.java:startStateMachineThread(340)) - Ozone container server started.
2025-05-12 14:23:19,991 [main] INFO  protocol.DatanodeDetails (DatanodeDetails.java:validateDatanodeIpAddress(199)) - Updating IP address of datanode 245f18ee-839b-4f9c-a8d7-f268983888bb(pkrvmberfyhpb9w.internal.cloudapp.net/null) to 10.1.0.200
2025-05-12 14:23:19,991 [main] INFO  ozone.HddsDatanodeService (HddsDatanodeService.java:start(234)) - HddsDatanodeService 245f18ee-839b-4f9c-a8d7-f268983888bb(pkrvmberfyhpb9w.internal.cloudapp.net/10.1.0.200)
2025-05-12 14:23:19,998 [main] INFO  upgrade.AbstractLayoutVersionManager (AbstractLayoutVersionManager.java:init(80)) - Initializing Layout version manager with metadata layout = HBASE_SUPPORT (version = 8), software layout = HBASE_SUPPORT (version = 8)
2025-05-12 14:23:19,999 [main] INFO  statemachine.DatanodeStateMachine (DatanodeStateMachine.java:getEndPointTaskThreadPoolSize(298)) - Datanode State Machine Task Thread Pool size 2
2025-05-12 14:23:20,003 [99006d7d-02a9-415e-9b0e-000c52fd4d50-DatanodeStateMachineTaskThread-0] INFO  datanode.InitDatanodeState (InitDatanodeState.java:persistContainerDatanodeDetails(139)) - DatanodeDetails is persisted to /home/runner/work/ozone/ozone/hadoop-ozone/integration-test-s3/target/test-dir/MiniOzoneClusterImpl-4f0ef3c3-c429-48e0-ae71-8c6302523d84/ozone-meta/datanode-3/meta/datanode.id
2025-05-12 14:23:20,004 [main] INFO  fs.SaveSpaceUsageToFile (SaveSpaceUsageToFile.java:load(92)) - Cached usage info file /home/runner/work/ozone/ozone/hadoop-ozone/integration-test-s3/target/test-dir/MiniOzoneClusterImpl-4f0ef3c3-c429-48e0-ae71-8c6302523d84/ozone-meta/datanode-4/data-0/scmUsed not found
2025-05-12 14:23:20,010 [main] INFO  volume.HddsVolume (HddsVolume.java:<init>(158)) - HddsVolume: { id=DS-54607b3a-b09f-4fd6-8da7-ca6476132e3f dir=/home/runner/work/ozone/ozone/hadoop-ozone/integration-test-s3/target/test-dir/MiniOzoneClusterImpl-4f0ef3c3-c429-48e0-ae71-8c6302523d84/ozone-meta/datanode-4/data-0/hdds type=DISK capacity=76879465972 used=0 available=21270335488 minFree=5368709120 committed=0 }
2025-05-12 14:23:20,010 [main] INFO  volume.MutableVolumeSet (MutableVolumeSet.java:initializeVolumeSet(166)) - Added Volume : /home/runner/work/ozone/ozone/hadoop-ozone/integration-test-s3/target/test-dir/MiniOzoneClusterImpl-4f0ef3c3-c429-48e0-ae71-8c6302523d84/ozone-meta/datanode-4/data-0/hdds to VolumeSet
2025-05-12 14:23:20,014 [main] INFO  fs.SaveSpaceUsageToFile (SaveSpaceUsageToFile.java:load(92)) - Cached usage info file /home/runner/work/ozone/ozone/hadoop-ozone/integration-test-s3/target/test-dir/MiniOzoneClusterImpl-4f0ef3c3-c429-48e0-ae71-8c6302523d84/ozone-meta/datanode-4/ratis/scmUsed not found
2025-05-12 14:23:20,017 [main] INFO  volume.MutableVolumeSet (MutableVolumeSet.java:initializeVolumeSet(166)) - Added Volume : /home/runner/work/ozone/ozone/hadoop-ozone/integration-test-s3/target/test-dir/MiniOzoneClusterImpl-4f0ef3c3-c429-48e0-ae71-8c6302523d84/ozone-meta/datanode-4/ratis to VolumeSet
2025-05-12 14:23:20,020 [main] INFO  ozoneimpl.OzoneContainer (HddsVolumeUtil.java:loadAllHddsVolumeDbStore(102)) - Load 1 volumes DbStore cost: 1ms
2025-05-12 14:23:20,021 [main] WARN  db.DBStoreBuilder (DBStoreBuilder.java:getDBDirPath(160)) - ozone.scm.datanode.id.dir is not configured. We recommend adding this setting. Falling back to ozone.metadata.dirs instead.
2025-05-12 14:23:20,022 [main] WARN  db.DBStoreBuilder (DBStoreBuilder.java:getDBDirPath(160)) - ozone.scm.datanode.id.dir is not configured. We recommend adding this setting. Falling back to ozone.metadata.dirs instead.
2025-05-12 14:23:20,036 [main] INFO  impl.FilePerChunkStrategy (FilePerChunkStrategy.java:<init>(79)) - ozone.chunk.read.mapped.buffer.max.count is load with 0
2025-05-12 14:23:20,037 [main] INFO  impl.FilePerBlockStrategy (FilePerBlockStrategy.java:<init>(87)) - ozone.chunk.read.mapped.buffer.max.count is load with 0
2025-05-12 14:23:20,038 [main] INFO  server.RaftServerConfigKeys (ConfUtils.java:logGet(46)) - raft.server.log.appender.buffer.byte-limit = 33554432 (custom)
2025-05-12 14:23:20,040 [main] INFO  server.RaftServer (ConfUtils.java:logGet(46)) - raft.rpc.type = GRPC (default)
2025-05-12 14:23:20,040 [main] INFO  grpc.GrpcConfigKeys (ConfUtils.java:logFallback(53)) - raft.grpc.admin.host = null (fallback to raft.grpc.server.host)
2025-05-12 14:23:20,040 [main] INFO  grpc.GrpcConfigKeys (ConfUtils.java:logGet(46)) - raft.grpc.admin.port = 15038 (custom)
2025-05-12 14:23:20,041 [main] INFO  grpc.GrpcConfigKeys (ConfUtils.java:logFallback(53)) - raft.grpc.client.host = null (fallback to raft.grpc.server.host)
2025-05-12 14:23:20,041 [main] INFO  grpc.GrpcConfigKeys (ConfUtils.java:logGet(46)) - raft.grpc.client.port = 15037 (custom)
2025-05-12 14:23:20,044 [main] INFO  grpc.GrpcConfigKeys (ConfUtils.java:logGet(46)) - raft.grpc.server.host = null (default)
2025-05-12 14:23:20,044 [main] INFO  grpc.GrpcConfigKeys (ConfUtils.java:logGet(46)) - raft.grpc.server.port = 15039 (custom)
2025-05-12 14:23:20,045 [main] INFO  server.GrpcService (ConfUtils.java:logGet(46)) - raft.grpc.message.size.max = 34603008 (custom)
2025-05-12 14:23:20,045 [main] INFO  server.GrpcService (ConfUtils.java:logGet(46)) - raft.grpc.flow.control.window = 5MB (=5242880) (custom)
2025-05-12 14:23:20,045 [main] INFO  server.RaftServerConfigKeys (ConfUtils.java:logGet(46)) - raft.server.rpc.request.timeout = 60s (custom)
2025-05-12 14:23:20,045 [main] INFO  grpc.GrpcConfigKeys (ConfUtils.java:logGet(46)) - raft.grpc.server.heartbeat.channel = true (default)
2025-05-12 14:23:20,045 [main] INFO  server.RaftServerConfigKeys (ConfUtils.java:logGet(46)) - raft.server.log.appender.buffer.byte-limit = 33554432 (custom)
2025-05-12 14:23:20,045 [main] INFO  grpc.GrpcConfigKeys (ConfUtils.java:logGet(46)) - raft.grpc.server.async.request.thread.pool.cached = true (default)
2025-05-12 14:23:20,045 [main] INFO  grpc.GrpcConfigKeys (ConfUtils.java:logGet(46)) - raft.grpc.server.async.request.thread.pool.size = 32 (default)
2025-05-12 14:23:20,050 [main] INFO  impl.DataStreamServerImpl (ConfUtils.java:logGet(46)) - raft.datastream.type = NETTY (custom)
2025-05-12 14:23:20,051 [main] INFO  server.RaftServerConfigKeys (ConfUtils.java:logGet(46)) - raft.server.data-stream.async.request.thread.pool.cached = false (default)
2025-05-12 14:23:20,051 [main] INFO  server.RaftServerConfigKeys (ConfUtils.java:logGet(46)) - raft.server.data-stream.async.request.thread.pool.size = 20 (custom)
2025-05-12 14:23:20,051 [main] INFO  server.RaftServerConfigKeys (ConfUtils.java:logGet(46)) - raft.server.data-stream.async.write.thread.pool.size = 16 (default)
2025-05-12 14:23:20,051 [main] INFO  netty.NettyConfigKeys$DataStream (ConfUtils.java:logGet(46)) - raft.netty.dataStream.server.channel.inactive.grace-period = 10min (default)
2025-05-12 14:23:20,051 [main] INFO  server.RaftServerConfigKeys (ConfUtils.java:logGet(46)) - raft.server.data-stream.client.pool.size = 10 (default)
2025-05-12 14:23:20,052 [main] INFO  netty.NettyConfigKeys$DataStream (ConfUtils.java:logGet(46)) - raft.netty.dataStream.server.use-epoll = true (default)
2025-05-12 14:23:20,053 [main] INFO  netty.NettyConfigKeys$DataStream (ConfUtils.java:logGet(46)) - raft.netty.dataStream.server.boss-group.size = 0 (default)
2025-05-12 14:23:20,055 [main] INFO  netty.NettyUtils (NettyUtils.java:newEventLoopGroup(74)) - Create EpollEventLoopGroup for 245f18ee-839b-4f9c-a8d7-f268983888bb-NettyServerStreamRpc-bossGroup; Thread size is 0.
2025-05-12 14:23:20,056 [main] INFO  netty.NettyConfigKeys$DataStream (ConfUtils.java:logGet(46)) - raft.netty.dataStream.server.worker-group.size = 0 (default)
2025-05-12 14:23:20,056 [main] INFO  netty.NettyUtils (NettyUtils.java:newEventLoopGroup(74)) - Create EpollEventLoopGroup for 245f18ee-839b-4f9c-a8d7-f268983888bb-NettyServerStreamRpc-workerGroup; Thread size is 0.
2025-05-12 14:23:20,057 [main] INFO  netty.NettyConfigKeys$DataStream (ConfUtils.java:logGet(46)) - raft.netty.dataStream.server.tls.conf = null (default)
2025-05-12 14:23:20,058 [main] INFO  netty.NettyConfigKeys$DataStream (ConfUtils.java:logGet(46)) - raft.netty.dataStream.host = null (default)
2025-05-12 14:23:20,058 [main] INFO  netty.NettyConfigKeys$DataStream (ConfUtils.java:logGet(46)) - raft.netty.dataStream.port = 15040 (custom)
2025-05-12 14:23:20,065 [main] INFO  server.RaftServerConfigKeys (ConfUtils.java:logGet(46)) - raft.server.sleep.deviation.threshold = 300ms (default)
2025-05-12 14:23:20,066 [main] INFO  server.RaftServerConfigKeys (ConfUtils.java:logGet(46)) - raft.server.close.threshold = 60s (default)
2025-05-12 14:23:20,066 [main] INFO  server.RaftServerConfigKeys (ConfUtils.java:logGet(46)) - raft.server.leaderelection.leader.step-down.wait-time = 10s (default)
2025-05-12 14:23:20,066 [245f18ee-839b-4f9c-a8d7-f268983888bb-NettyServerStreamRpc-bossGroup--thread1] INFO  logging.LoggingHandler (AbstractInternalLogger.java:log(148)) - [id: 0xe3c1d52e] REGISTERED
2025-05-12 14:23:20,066 [main] INFO  server.RaftServerConfigKeys (ConfUtils.java:logGet(46)) - raft.server.storage.dir = [/home/runner/work/ozone/ozone/hadoop-ozone/integration-test-s3/target/test-dir/MiniOzoneClusterImpl-4f0ef3c3-c429-48e0-ae71-8c6302523d84/ozone-meta/datanode-4/ratis] (custom)
2025-05-12 14:23:20,067 [main] INFO  server.RaftServerConfigKeys (ConfUtils.java:logGet(46)) - raft.server.threadpool.proxy.cached = true (default)
2025-05-12 14:23:20,067 [main] INFO  server.RaftServerConfigKeys (ConfUtils.java:logGet(46)) - raft.server.threadpool.proxy.size = 0 (default)
2025-05-12 14:23:20,068 [245f18ee-839b-4f9c-a8d7-f268983888bb-NettyServerStreamRpc-bossGroup--thread1] INFO  logging.LoggingHandler (AbstractInternalLogger.java:log(148)) - [id: 0xe3c1d52e] BIND: 0.0.0.0/0.0.0.0:15040
2025-05-12 14:23:20,068 [245f18ee-839b-4f9c-a8d7-f268983888bb-NettyServerStreamRpc-bossGroup--thread1] INFO  logging.LoggingHandler (AbstractInternalLogger.java:log(148)) - [id: 0xe3c1d52e, L:/0.0.0.0:15040] ACTIVE
2025-05-12 14:23:20,069 [245f18ee-839b-4f9c-a8d7-f268983888bb-impl-thread1] INFO  server.RaftServer (RaftServerProxy.java:initGroupDir(265)) - 245f18ee-839b-4f9c-a8d7-f268983888bb: found a subdirectory /home/runner/work/ozone/ozone/hadoop-ozone/integration-test-s3/target/test-dir/MiniOzoneClusterImpl-4f0ef3c3-c429-48e0-ae71-8c6302523d84/ozone-meta/datanode-4/ratis/tmp
2025-05-12 14:23:20,069 [245f18ee-839b-4f9c-a8d7-f268983888bb-impl-thread1] INFO  server.RaftServer (RaftServerProxy.java:initGroupDir(270)) - 245f18ee-839b-4f9c-a8d7-f268983888bb: The directory /home/runner/work/ozone/ozone/hadoop-ozone/integration-test-s3/target/test-dir/MiniOzoneClusterImpl-4f0ef3c3-c429-48e0-ae71-8c6302523d84/ozone-meta/datanode-4/ratis/tmp is not a group directory; ignoring it. 
2025-05-12 14:23:20,069 [main] INFO  replication.ReplicationServer (ReplicationServer.java:<init>(84)) - Initializing replication server with thread count = 10 queue length = 4096
2025-05-12 14:23:20,074 [main] INFO  server.XceiverServerGrpc (XceiverServerGrpc.java:<init>(131)) - GrpcServer channel type EpollServerSocketChannel
2025-05-12 14:23:20,078 [main] INFO  replication.ReplicationSupervisor (ReplicationSupervisor.java:build(169)) - Initializing replication supervisor with thread count = 10
2025-05-12 14:23:20,080 [main] INFO  replication.ReplicationSupervisor (ReplicationSupervisor.java:nodeStateUpdated(358)) - Node state updated to IN_SERVICE, scaling executor pool size to 10
2025-05-12 14:23:20,091 [main] INFO  http.BaseHttpServer (BaseHttpServer.java:newHttpServer2BuilderForOzone(229)) - Starting Web-server for hddsDatanode at: http://0.0.0.0:15034
2025-05-12 14:23:20,091 [main] INFO  http.BaseHttpServer (BaseHttpServer.java:<init>(107)) - Hadoop Security Enabled: false Ozone Security Enabled: false Ozone HTTP Security Enabled: false 
2025-05-12 14:23:20,093 [main] WARN  server.AuthenticationFilter (AuthenticationFilter.java:constructSecretProvider(240)) - Unable to initialize FileSignerSecretProvider, falling back to use random secrets. Reason: Could not read signature secret file: /home/runner/hadoop-http-auth-signature-secret
2025-05-12 14:23:20,099 [main] INFO  http.HttpServer2 (HttpServer2.java:addGlobalFilter(1042)) - Added global filter 'safety' (class=org.apache.hadoop.hdds.server.http.HttpServer2$QuotingInputFilter)
2025-05-12 14:23:20,102 [main] INFO  http.HttpServer2 (HttpServer2.java:addFilter(1018)) - Added filter static_user_filter (class=org.apache.hadoop.http.lib.StaticUserWebFilter$StaticUserFilter) to context hddsDatanode
2025-05-12 14:23:20,103 [main] INFO  http.HttpServer2 (HttpServer2.java:addFilter(1026)) - Added filter static_user_filter (class=org.apache.hadoop.http.lib.StaticUserWebFilter$StaticUserFilter) to context logs
2025-05-12 14:23:20,103 [main] INFO  http.HttpServer2 (HttpServer2.java:addFilter(1026)) - Added filter static_user_filter (class=org.apache.hadoop.http.lib.StaticUserWebFilter$StaticUserFilter) to context static
2025-05-12 14:23:20,103 [main] INFO  http.BaseHttpServer (BaseHttpServer.java:<init>(195)) - HTTP server of hddsDatanode uses base directory /home/runner/work/ozone/ozone/hadoop-ozone/integration-test-s3/target/test-dir/MiniOzoneClusterImpl-4f0ef3c3-c429-48e0-ae71-8c6302523d84/ozone-meta/datanode-4/meta/webserver
2025-05-12 14:23:20,104 [main] INFO  http.HttpServer2 (HttpServer2.java:bindListener(1242)) - Jetty bound to port 15034
2025-05-12 14:23:20,104 [main] INFO  server.Server (Server.java:doStart(375)) - jetty-9.4.57.v20241219; built: 2025-01-08T21:24:30.412Z; git: df524e6b29271c2e09ba9aea83c18dc9db464a31; jvm 21.0.7+6-LTS
2025-05-12 14:23:20,110 [main] INFO  server.session (DefaultSessionIdManager.java:doStart(334)) - DefaultSessionIdManager workerName=node0
2025-05-12 14:23:20,110 [main] INFO  server.session (DefaultSessionIdManager.java:doStart(339)) - No SessionScavenger set, using defaults
2025-05-12 14:23:20,110 [main] INFO  server.session (HouseKeeper.java:startScavenging(132)) - node0 Scavenging every 660000ms
2025-05-12 14:23:20,113 [main] INFO  handler.ContextHandler (ContextHandler.java:doStart(921)) - Started o.e.j.s.ServletContextHandler@287b3acd{logs,/logs,file:///home/runner/work/ozone/ozone/hadoop-ozone/integration-test-s3/target/log,AVAILABLE}
2025-05-12 14:23:20,114 [main] INFO  handler.ContextHandler (ContextHandler.java:doStart(921)) - Started o.e.j.s.ServletContextHandler@1c5a4842{static,/static,jar:file:/home/runner/work/ozone/ozone/hadoop-hdds/container-service/target/hdds-container-service-2.1.0-SNAPSHOT.jar!/webapps/static,AVAILABLE}
2025-05-12 14:23:20,138 [e6edfd35-e7a8-467e-9cce-10d1c0c9f75d-EndpointStateMachineTaskThread-/0.0.0.0:15002-0 ] INFO  utils.DatanodeStoreCache (DatanodeStoreCache.java:addDB(70)) - Added db /home/runner/work/ozone/ozone/hadoop-ozone/integration-test-s3/target/test-dir/MiniOzoneClusterImpl-4f0ef3c3-c429-48e0-ae71-8c6302523d84/ozone-meta/datanode-2/data-0/hdds/4f0ef3c3-c429-48e0-ae71-8c6302523d84/DS-00b5cf6d-63c9-4c94-bc91-665419e6ca7d/container.db to cache
2025-05-12 14:23:20,138 [e6edfd35-e7a8-467e-9cce-10d1c0c9f75d-EndpointStateMachineTaskThread-/0.0.0.0:15002-0 ] INFO  volume.HddsVolume (HddsVolume.java:createDbStore(510)) - SchemaV3 db is created and loaded at /home/runner/work/ozone/ozone/hadoop-ozone/integration-test-s3/target/test-dir/MiniOzoneClusterImpl-4f0ef3c3-c429-48e0-ae71-8c6302523d84/ozone-meta/datanode-2/data-0/hdds/4f0ef3c3-c429-48e0-ae71-8c6302523d84/DS-00b5cf6d-63c9-4c94-bc91-665419e6ca7d/container.db for volume DS-00b5cf6d-63c9-4c94-bc91-665419e6ca7d
2025-05-12 14:23:20,146 [e6edfd35-e7a8-467e-9cce-10d1c0c9f75d-ContainerReader-0] INFO  ozoneimpl.ContainerReader (ContainerReader.java:readVolume(144)) - Start to verify containers on volume /home/runner/work/ozone/ozone/hadoop-ozone/integration-test-s3/target/test-dir/MiniOzoneClusterImpl-4f0ef3c3-c429-48e0-ae71-8c6302523d84/ozone-meta/datanode-2/data-0/hdds
2025-05-12 14:23:20,147 [e6edfd35-e7a8-467e-9cce-10d1c0c9f75d-ContainerReader-0] INFO  ozoneimpl.ContainerReader (ContainerReader.java:readVolume(174)) - Finish verifying containers on volume /home/runner/work/ozone/ozone/hadoop-ozone/integration-test-s3/target/test-dir/MiniOzoneClusterImpl-4f0ef3c3-c429-48e0-ae71-8c6302523d84/ozone-meta/datanode-2/data-0/hdds
2025-05-12 14:23:20,147 [e6edfd35-e7a8-467e-9cce-10d1c0c9f75d-EndpointStateMachineTaskThread-/0.0.0.0:15002-0 ] INFO  ozoneimpl.OzoneContainer (OzoneContainer.java:buildContainerSet(364)) - Build ContainerSet costs 0s
2025-05-12 14:23:20,148 [e6edfd35-e7a8-467e-9cce-10d1c0c9f75d-EndpointStateMachineTaskThread-/0.0.0.0:15002-0 ] INFO  volume.ThrottledAsyncChecker (ThrottledAsyncChecker.java:schedule(138)) - Scheduling a check for /home/runner/work/ozone/ozone/hadoop-ozone/integration-test-s3/target/test-dir/MiniOzoneClusterImpl-4f0ef3c3-c429-48e0-ae71-8c6302523d84/ozone-meta/datanode-2/data-0/hdds
2025-05-12 14:23:20,150 [e6edfd35-e7a8-467e-9cce-10d1c0c9f75d-EndpointStateMachineTaskThread-/0.0.0.0:15002-0 ] INFO  volume.StorageVolumeChecker (StorageVolumeChecker.java:checkAllVolumes(215)) - Scheduled health check for volume /home/runner/work/ozone/ozone/hadoop-ozone/integration-test-s3/target/test-dir/MiniOzoneClusterImpl-4f0ef3c3-c429-48e0-ae71-8c6302523d84/ozone-meta/datanode-2/data-0/hdds
2025-05-12 14:23:20,161 [e6edfd35-e7a8-467e-9cce-10d1c0c9f75d-EndpointStateMachineTaskThread-/0.0.0.0:15002-0 ] INFO  volume.ThrottledAsyncChecker (ThrottledAsyncChecker.java:schedule(138)) - Scheduling a check for /home/runner/work/ozone/ozone/hadoop-ozone/integration-test-s3/target/test-dir/MiniOzoneClusterImpl-4f0ef3c3-c429-48e0-ae71-8c6302523d84/ozone-meta/datanode-2/ratis
2025-05-12 14:23:20,161 [e6edfd35-e7a8-467e-9cce-10d1c0c9f75d-EndpointStateMachineTaskThread-/0.0.0.0:15002-0 ] INFO  volume.StorageVolumeChecker (StorageVolumeChecker.java:checkAllVolumes(215)) - Scheduled health check for volume /home/runner/work/ozone/ozone/hadoop-ozone/integration-test-s3/target/test-dir/MiniOzoneClusterImpl-4f0ef3c3-c429-48e0-ae71-8c6302523d84/ozone-meta/datanode-2/ratis
2025-05-12 14:23:20,163 [e6edfd35-e7a8-467e-9cce-10d1c0c9f75d-EndpointStateMachineTaskThread-/0.0.0.0:15002-0 ] INFO  ozoneimpl.OzoneContainer (OzoneContainer.java:start(512)) - Attempting to start container services.
2025-05-12 14:23:20,165 [e6edfd35-e7a8-467e-9cce-10d1c0c9f75d-EndpointStateMachineTaskThread-/0.0.0.0:15002-0 ] WARN  ozoneimpl.OnDemandContainerDataScanner (OnDemandContainerDataScanner.java:init(74)) - Trying to initialize on demand scanner a second time on a datanode.
2025-05-12 14:23:20,168 [ContainerMetadataScanner] INFO  ozoneimpl.AbstractBackgroundContainerScanner (AbstractBackgroundContainerScanner.java:runIteration(89)) - Completed an iteration in 0 minutes. Number of iterations (since the data-node restart) : 1, Number of containers scanned in this iteration : 0, Number of unhealthy containers found in this iteration : 0
2025-05-12 14:23:20,172 [ContainerDataScanner(/home/runner/work/ozone/ozone/hadoop-ozone/integration-test-s3/target/test-dir/MiniOzoneClusterImpl-4f0ef3c3-c429-48e0-ae71-8c6302523d84/ozone-meta/datanode-2/data-0/hdds)] INFO  ozoneimpl.AbstractBackgroundContainerScanner (AbstractBackgroundContainerScanner.java:runIteration(89)) - Completed an iteration in 0 minutes. Number of iterations (since the data-node restart) : 1, Number of containers scanned in this iteration : 0, Number of unhealthy containers found in this iteration : 0
2025-05-12 14:23:20,174 [e6edfd35-e7a8-467e-9cce-10d1c0c9f75d-EndpointStateMachineTaskThread-/0.0.0.0:15002-0 ] INFO  replication.ReplicationServer (ReplicationServer.java:start(137)) - ReplicationServer is started using port 15025
2025-05-12 14:23:20,174 [e6edfd35-e7a8-467e-9cce-10d1c0c9f75d-EndpointStateMachineTaskThread-/0.0.0.0:15002-0 ] INFO  ratis.XceiverServerRatis (XceiverServerRatis.java:start(559)) - Starting XceiverServerRatis(e6edfd35-e7a8-467e-9cce-10d1c0c9f75d)
2025-05-12 14:23:20,182 [e6edfd35-e7a8-467e-9cce-10d1c0c9f75d-EndpointStateMachineTaskThread-/0.0.0.0:15002-0 ] INFO  server.RaftServer (RaftServerProxy.java:startImpl(407)) - e6edfd35-e7a8-467e-9cce-10d1c0c9f75d: start RPC server
2025-05-12 14:23:20,185 [e6edfd35-e7a8-467e-9cce-10d1c0c9f75d-EndpointStateMachineTaskThread-/0.0.0.0:15002-0 ] INFO  server.GrpcService (GrpcService.java:startImpl(334)) - e6edfd35-e7a8-467e-9cce-10d1c0c9f75d: GrpcService started, listening on 15021
2025-05-12 14:23:20,186 [e6edfd35-e7a8-467e-9cce-10d1c0c9f75d-EndpointStateMachineTaskThread-/0.0.0.0:15002-0 ] INFO  server.GrpcService (GrpcService.java:startImpl(334)) - e6edfd35-e7a8-467e-9cce-10d1c0c9f75d: GrpcService started, listening on 15023
2025-05-12 14:23:20,187 [e6edfd35-e7a8-467e-9cce-10d1c0c9f75d-EndpointStateMachineTaskThread-/0.0.0.0:15002-0 ] INFO  server.GrpcService (GrpcService.java:startImpl(334)) - e6edfd35-e7a8-467e-9cce-10d1c0c9f75d: GrpcService started, listening on 15022
2025-05-12 14:23:20,188 [e6edfd35-e7a8-467e-9cce-10d1c0c9f75d-EndpointStateMachineTaskThread-/0.0.0.0:15002-0 ] INFO  ratis.XceiverServerRatis (XceiverServerRatis.java:getRealPort(586)) - XceiverServerRatis(e6edfd35-e7a8-467e-9cce-10d1c0c9f75d) is started using port RATIS=15021
2025-05-12 14:23:20,188 [JvmPauseMonitor4] INFO  util.JvmPauseMonitor (JvmPauseMonitor.java:run(146)) - JvmPauseMonitor-e6edfd35-e7a8-467e-9cce-10d1c0c9f75d: Started
2025-05-12 14:23:20,188 [e6edfd35-e7a8-467e-9cce-10d1c0c9f75d-EndpointStateMachineTaskThread-/0.0.0.0:15002-0 ] INFO  ratis.XceiverServerRatis (XceiverServerRatis.java:getRealPort(586)) - XceiverServerRatis(e6edfd35-e7a8-467e-9cce-10d1c0c9f75d) is started using port RATIS_ADMIN=15022
2025-05-12 14:23:20,189 [e6edfd35-e7a8-467e-9cce-10d1c0c9f75d-EndpointStateMachineTaskThread-/0.0.0.0:15002-0 ] INFO  ratis.XceiverServerRatis (XceiverServerRatis.java:getRealPort(586)) - XceiverServerRatis(e6edfd35-e7a8-467e-9cce-10d1c0c9f75d) is started using port RATIS_SERVER=15023
2025-05-12 14:23:20,189 [e6edfd35-e7a8-467e-9cce-10d1c0c9f75d-EndpointStateMachineTaskThread-/0.0.0.0:15002-0 ] INFO  ratis.XceiverServerRatis (XceiverServerRatis.java:getRealPort(586)) - XceiverServerRatis(e6edfd35-e7a8-467e-9cce-10d1c0c9f75d) is started using port RATIS_DATASTREAM=15024
2025-05-12 14:23:20,194 [e6edfd35-e7a8-467e-9cce-10d1c0c9f75d-BlockDeletingService#0] INFO  interfaces.ContainerDeletionChoosingPolicyTemplate (ContainerDeletionChoosingPolicyTemplate.java:chooseContainerForBlockDeletion(83)) - Chosen 0/5000 blocks from 0 candidate containers.
2025-05-12 14:23:20,252 [IPC Server handler 0 on default port 15002] INFO  net.NetworkTopologyImpl (NetworkTopologyImpl.java:add(133)) - Added a new node: /default-rack/807d821f-bf9f-4e54-9fe3-c13c7f8c8c03
2025-05-12 14:23:20,255 [IPC Server handler 0 on default port 15002] INFO  node.SCMNodeManager (SCMNodeManager.java:register(426)) - Registered datanode: 807d821f-bf9f-4e54-9fe3-c13c7f8c8c03{ip: 127.0.0.1, host: localhost, ports: [HTTP=15010, CLIENT_RPC=15011, REPLICATION=15017, RATIS=15013, RATIS_ADMIN=15014, RATIS_SERVER=15015, RATIS_DATASTREAM=15016, STANDALONE=15012], networkLocation: /default-rack, certSerialId: null, persistedOpState: null, persistedOpStateExpiryEpochSec: 0}
2025-05-12 14:23:20,257 [EventQueue-NewNodeForNewNodeHandler] INFO  pipeline.BackgroundPipelineCreator (BackgroundPipelineCreator.java:notifyEventTriggered(290)) - trigger a one-shot run on RatisPipelineUtilsThread.
2025-05-12 14:23:20,263 [EventQueue-ContainerRegistrationReportForRatisContainerSafeModeRule] INFO  safemode.SCMSafeModeManager (SCMSafeModeManager.java:validateSafeModeExitRules(140)) - RatisContainerSafeModeRule rule is successfully validated
2025-05-12 14:23:20,264 [EventQueue-NodeRegistrationContainerReportForDataNodeSafeModeRule] INFO  safemode.SCMSafeModeManager (DataNodeSafeModeRule.java:process(79)) - SCM in safe mode. 1 DataNodes registered, 3 required.
2025-05-12 14:23:20,265 [EventQueue-PipelineReportForOneReplicaPipelineSafeModeRule] INFO  safemode.SCMSafeModeManager (SCMSafeModeManager.java:validateSafeModeExitRules(140)) - AtleastOneDatanodeReportedRule rule is successfully validated
2025-05-12 14:23:20,265 [EventQueue-ContainerRegistrationReportForECContainerSafeModeRule] INFO  safemode.SCMSafeModeManager (SCMSafeModeManager.java:validateSafeModeExitRules(140)) - ECContainerSafeModeRule rule is successfully validated
2025-05-12 14:23:20,372 [main] INFO  handler.ContextHandler (ContextHandler.java:doStart(921)) - Started o.e.j.w.WebAppContext@481beb8b{hddsDatanode,/,file:///home/runner/work/ozone/ozone/hadoop-ozone/integration-test-s3/target/test-dir/MiniOzoneClusterImpl-4f0ef3c3-c429-48e0-ae71-8c6302523d84/ozone-meta/datanode-4/meta/webserver/jetty-0_0_0_0-15034-hdds-container-service-2_1_0-SNAPSHOT_jar-_-any-6258416719440366196/webapp/,AVAILABLE}{jar:file:/home/runner/work/ozone/ozone/hadoop-hdds/container-service/target/hdds-container-service-2.1.0-SNAPSHOT.jar!/webapps/hddsDatanode}
2025-05-12 14:23:20,374 [main] INFO  server.AbstractConnector (AbstractConnector.java:doStart(333)) - Started ServerConnector@6c8fa6b3{HTTP/1.1, (http/1.1)}{0.0.0.0:15034}
2025-05-12 14:23:20,374 [main] INFO  server.Server (Server.java:doStart(415)) - Started @14826ms
2025-05-12 14:23:20,374 [main] WARN  impl.MetricsSystemImpl (MetricsSystemImpl.java:register(279)) - Sink prometheus already exists!
2025-05-12 14:23:20,375 [main] INFO  http.BaseHttpServer (BaseHttpServer.java:updateConnectorAddress(359)) - HTTP server of hddsDatanode listening at http://0.0.0.0:15034
2025-05-12 14:23:20,378 [main] INFO  ipc.CallQueueManager (CallQueueManager.java:<init>(93)) - Using callQueue: class java.util.concurrent.LinkedBlockingQueue, queueCapacity: 1000, scheduler: class org.apache.hadoop.ipc.DefaultRpcScheduler, ipcBackoff: false, ipcFailOver: false.
2025-05-12 14:23:20,379 [main] INFO  ipc.Server (Server.java:<init>(1438)) - Listener at 0.0.0.0:15035
2025-05-12 14:23:20,381 [Socket Reader #1 for port 15035] INFO  ipc.Server (Server.java:run(1474)) - Starting Socket Reader #1 for port 15035
2025-05-12 14:23:20,382 [Socket Reader #2 for port 15035] INFO  ipc.Server (Server.java:run(1474)) - Starting Socket Reader #2 for port 15035
2025-05-12 14:23:20,384 [Socket Reader #3 for port 15035] INFO  ipc.Server (Server.java:run(1474)) - Starting Socket Reader #3 for port 15035
2025-05-12 14:23:20,385 [Socket Reader #4 for port 15035] INFO  ipc.Server (Server.java:run(1474)) - Starting Socket Reader #4 for port 15035
2025-05-12 14:23:20,385 [Socket Reader #5 for port 15035] INFO  ipc.Server (Server.java:run(1474)) - Starting Socket Reader #5 for port 15035
2025-05-12 14:23:20,385 [Socket Reader #6 for port 15035] INFO  ipc.Server (Server.java:run(1474)) - Starting Socket Reader #6 for port 15035
2025-05-12 14:23:20,386 [Socket Reader #7 for port 15035] INFO  ipc.Server (Server.java:run(1474)) - Starting Socket Reader #7 for port 15035
2025-05-12 14:23:20,386 [Socket Reader #8 for port 15035] INFO  ipc.Server (Server.java:run(1474)) - Starting Socket Reader #8 for port 15035
2025-05-12 14:23:20,386 [Socket Reader #9 for port 15035] INFO  ipc.Server (Server.java:run(1474)) - Starting Socket Reader #9 for port 15035
2025-05-12 14:23:20,387 [Socket Reader #10 for port 15035] INFO  ipc.Server (Server.java:run(1474)) - Starting Socket Reader #10 for port 15035
2025-05-12 14:23:20,395 [main] INFO  ozone.HddsDatanodeService (HddsDatanodeService.java:start(325)) - Datanode start with admins: [runner]
2025-05-12 14:23:20,395 [main] INFO  ozone.HddsDatanodeClientProtocolServer (HddsDatanodeClientProtocolServer.java:start(76)) - RPC server for Client /0.0.0.0:15035
2025-05-12 14:23:20,395 [IPC Server Responder] INFO  ipc.Server (Server.java:run(1713)) - IPC Server Responder: starting
2025-05-12 14:23:20,397 [IPC Server listener on 15035] INFO  ipc.Server (Server.java:run(1553)) - IPC Server listener on 15035: starting
2025-05-12 14:23:20,400 [main] WARN  dropwizard3.Dm3MetricRegistriesImpl (Dm3MetricRegistriesImpl.java:addReporterRegistration(114)) - New reporters are added after registries were created. Some metrics will be missing from the reporter. Please add reporter before adding any new registry.
2025-05-12 14:23:20,400 [main] WARN  dropwizard3.Dm3MetricRegistriesImpl (Dm3MetricRegistriesImpl.java:addReporterRegistration(114)) - New reporters are added after registries were created. Some metrics will be missing from the reporter. Please add reporter before adding any new registry.
2025-05-12 14:23:20,400 [main] INFO  impl.MetricsSystemImpl (MetricsSystemImpl.java:init(158)) - HddsDatanode metrics system started (again)
2025-05-12 14:23:20,403 [245f18ee-839b-4f9c-a8d7-f268983888bb-DatanodeStateMachineDaemonThread] INFO  statemachine.DatanodeStateMachine (DatanodeStateMachine.java:startStateMachineThread(340)) - Ozone container server started.
2025-05-12 14:23:20,411 [main] INFO  protocol.DatanodeDetails (DatanodeDetails.java:validateDatanodeIpAddress(199)) - Updating IP address of datanode df6cad5e-12c3-42d0-bdc6-a0b27f1d5e72(pkrvmberfyhpb9w.internal.cloudapp.net/null) to 10.1.0.200
2025-05-12 14:23:20,411 [main] INFO  ozone.HddsDatanodeService (HddsDatanodeService.java:start(234)) - HddsDatanodeService df6cad5e-12c3-42d0-bdc6-a0b27f1d5e72(pkrvmberfyhpb9w.internal.cloudapp.net/10.1.0.200)
2025-05-12 14:23:20,412 [245f18ee-839b-4f9c-a8d7-f268983888bb-DatanodeStateMachineTaskThread-0] INFO  datanode.InitDatanodeState (InitDatanodeState.java:persistContainerDatanodeDetails(139)) - DatanodeDetails is persisted to /home/runner/work/ozone/ozone/hadoop-ozone/integration-test-s3/target/test-dir/MiniOzoneClusterImpl-4f0ef3c3-c429-48e0-ae71-8c6302523d84/ozone-meta/datanode-4/meta/datanode.id
2025-05-12 14:23:20,419 [main] INFO  upgrade.AbstractLayoutVersionManager (AbstractLayoutVersionManager.java:init(80)) - Initializing Layout version manager with metadata layout = HBASE_SUPPORT (version = 8), software layout = HBASE_SUPPORT (version = 8)
2025-05-12 14:23:20,419 [main] INFO  statemachine.DatanodeStateMachine (DatanodeStateMachine.java:getEndPointTaskThreadPoolSize(298)) - Datanode State Machine Task Thread Pool size 2
2025-05-12 14:23:20,421 [main] INFO  fs.SaveSpaceUsageToFile (SaveSpaceUsageToFile.java:load(92)) - Cached usage info file /home/runner/work/ozone/ozone/hadoop-ozone/integration-test-s3/target/test-dir/MiniOzoneClusterImpl-4f0ef3c3-c429-48e0-ae71-8c6302523d84/ozone-meta/datanode-5/data-0/scmUsed not found
2025-05-12 14:23:20,427 [main] INFO  volume.HddsVolume (HddsVolume.java:<init>(158)) - HddsVolume: { id=DS-37ce3864-861c-4a36-9fc2-782ce9e4c371 dir=/home/runner/work/ozone/ozone/hadoop-ozone/integration-test-s3/target/test-dir/MiniOzoneClusterImpl-4f0ef3c3-c429-48e0-ae71-8c6302523d84/ozone-meta/datanode-5/data-0/hdds type=DISK capacity=76879465972 used=0 available=21246140416 minFree=5368709120 committed=0 }
2025-05-12 14:23:20,427 [main] INFO  volume.MutableVolumeSet (MutableVolumeSet.java:initializeVolumeSet(166)) - Added Volume : /home/runner/work/ozone/ozone/hadoop-ozone/integration-test-s3/target/test-dir/MiniOzoneClusterImpl-4f0ef3c3-c429-48e0-ae71-8c6302523d84/ozone-meta/datanode-5/data-0/hdds to VolumeSet
2025-05-12 14:23:20,430 [main] INFO  fs.SaveSpaceUsageToFile (SaveSpaceUsageToFile.java:load(92)) - Cached usage info file /home/runner/work/ozone/ozone/hadoop-ozone/integration-test-s3/target/test-dir/MiniOzoneClusterImpl-4f0ef3c3-c429-48e0-ae71-8c6302523d84/ozone-meta/datanode-5/ratis/scmUsed not found
2025-05-12 14:23:20,434 [main] INFO  volume.MutableVolumeSet (MutableVolumeSet.java:initializeVolumeSet(166)) - Added Volume : /home/runner/work/ozone/ozone/hadoop-ozone/integration-test-s3/target/test-dir/MiniOzoneClusterImpl-4f0ef3c3-c429-48e0-ae71-8c6302523d84/ozone-meta/datanode-5/ratis to VolumeSet
2025-05-12 14:23:20,437 [main] INFO  ozoneimpl.OzoneContainer (HddsVolumeUtil.java:loadAllHddsVolumeDbStore(102)) - Load 1 volumes DbStore cost: 0ms
2025-05-12 14:23:20,440 [main] WARN  db.DBStoreBuilder (DBStoreBuilder.java:getDBDirPath(160)) - ozone.scm.datanode.id.dir is not configured. We recommend adding this setting. Falling back to ozone.metadata.dirs instead.
2025-05-12 14:23:20,442 [main] WARN  db.DBStoreBuilder (DBStoreBuilder.java:getDBDirPath(160)) - ozone.scm.datanode.id.dir is not configured. We recommend adding this setting. Falling back to ozone.metadata.dirs instead.
2025-05-12 14:23:20,464 [main] INFO  impl.FilePerChunkStrategy (FilePerChunkStrategy.java:<init>(79)) - ozone.chunk.read.mapped.buffer.max.count is load with 0
2025-05-12 14:23:20,465 [main] INFO  impl.FilePerBlockStrategy (FilePerBlockStrategy.java:<init>(87)) - ozone.chunk.read.mapped.buffer.max.count is load with 0
2025-05-12 14:23:20,466 [main] INFO  server.RaftServerConfigKeys (ConfUtils.java:logGet(46)) - raft.server.log.appender.buffer.byte-limit = 33554432 (custom)
2025-05-12 14:23:20,468 [main] INFO  server.RaftServer (ConfUtils.java:logGet(46)) - raft.rpc.type = GRPC (default)
2025-05-12 14:23:20,469 [main] INFO  grpc.GrpcConfigKeys (ConfUtils.java:logFallback(53)) - raft.grpc.admin.host = null (fallback to raft.grpc.server.host)
2025-05-12 14:23:20,469 [main] INFO  grpc.GrpcConfigKeys (ConfUtils.java:logGet(46)) - raft.grpc.admin.port = 15046 (custom)
2025-05-12 14:23:20,469 [main] INFO  grpc.GrpcConfigKeys (ConfUtils.java:logFallback(53)) - raft.grpc.client.host = null (fallback to raft.grpc.server.host)
2025-05-12 14:23:20,469 [main] INFO  grpc.GrpcConfigKeys (ConfUtils.java:logGet(46)) - raft.grpc.client.port = 15045 (custom)
2025-05-12 14:23:20,469 [main] INFO  grpc.GrpcConfigKeys (ConfUtils.java:logGet(46)) - raft.grpc.server.host = null (default)
2025-05-12 14:23:20,470 [main] INFO  grpc.GrpcConfigKeys (ConfUtils.java:logGet(46)) - raft.grpc.server.port = 15047 (custom)
2025-05-12 14:23:20,470 [main] INFO  server.GrpcService (ConfUtils.java:logGet(46)) - raft.grpc.message.size.max = 34603008 (custom)
2025-05-12 14:23:20,470 [main] INFO  server.GrpcService (ConfUtils.java:logGet(46)) - raft.grpc.flow.control.window = 5MB (=5242880) (custom)
2025-05-12 14:23:20,470 [main] INFO  server.RaftServerConfigKeys (ConfUtils.java:logGet(46)) - raft.server.rpc.request.timeout = 60s (custom)
2025-05-12 14:23:20,470 [main] INFO  grpc.GrpcConfigKeys (ConfUtils.java:logGet(46)) - raft.grpc.server.heartbeat.channel = true (default)
2025-05-12 14:23:20,470 [main] INFO  server.RaftServerConfigKeys (ConfUtils.java:logGet(46)) - raft.server.log.appender.buffer.byte-limit = 33554432 (custom)
2025-05-12 14:23:20,471 [main] INFO  grpc.GrpcConfigKeys (ConfUtils.java:logGet(46)) - raft.grpc.server.async.request.thread.pool.cached = true (default)
2025-05-12 14:23:20,472 [main] INFO  grpc.GrpcConfigKeys (ConfUtils.java:logGet(46)) - raft.grpc.server.async.request.thread.pool.size = 32 (default)
2025-05-12 14:23:20,474 [main] INFO  impl.DataStreamServerImpl (ConfUtils.java:logGet(46)) - raft.datastream.type = NETTY (custom)
2025-05-12 14:23:20,474 [main] INFO  server.RaftServerConfigKeys (ConfUtils.java:logGet(46)) - raft.server.data-stream.async.request.thread.pool.cached = false (default)
2025-05-12 14:23:20,474 [main] INFO  server.RaftServerConfigKeys (ConfUtils.java:logGet(46)) - raft.server.data-stream.async.request.thread.pool.size = 20 (custom)
2025-05-12 14:23:20,475 [main] INFO  server.RaftServerConfigKeys (ConfUtils.java:logGet(46)) - raft.server.data-stream.async.write.thread.pool.size = 16 (default)
2025-05-12 14:23:20,475 [main] INFO  netty.NettyConfigKeys$DataStream (ConfUtils.java:logGet(46)) - raft.netty.dataStream.server.channel.inactive.grace-period = 10min (default)
2025-05-12 14:23:20,475 [main] INFO  server.RaftServerConfigKeys (ConfUtils.java:logGet(46)) - raft.server.data-stream.client.pool.size = 10 (default)
2025-05-12 14:23:20,475 [main] INFO  netty.NettyConfigKeys$DataStream (ConfUtils.java:logGet(46)) - raft.netty.dataStream.server.use-epoll = true (default)
2025-05-12 14:23:20,475 [main] INFO  netty.NettyConfigKeys$DataStream (ConfUtils.java:logGet(46)) - raft.netty.dataStream.server.boss-group.size = 0 (default)
2025-05-12 14:23:20,475 [main] INFO  netty.NettyUtils (NettyUtils.java:newEventLoopGroup(74)) - Create EpollEventLoopGroup for df6cad5e-12c3-42d0-bdc6-a0b27f1d5e72-NettyServerStreamRpc-bossGroup; Thread size is 0.
2025-05-12 14:23:20,480 [main] INFO  netty.NettyConfigKeys$DataStream (ConfUtils.java:logGet(46)) - raft.netty.dataStream.server.worker-group.size = 0 (default)
2025-05-12 14:23:20,481 [main] INFO  netty.NettyUtils (NettyUtils.java:newEventLoopGroup(74)) - Create EpollEventLoopGroup for df6cad5e-12c3-42d0-bdc6-a0b27f1d5e72-NettyServerStreamRpc-workerGroup; Thread size is 0.
2025-05-12 14:23:20,482 [main] INFO  netty.NettyConfigKeys$DataStream (ConfUtils.java:logGet(46)) - raft.netty.dataStream.server.tls.conf = null (default)
2025-05-12 14:23:20,483 [main] INFO  netty.NettyConfigKeys$DataStream (ConfUtils.java:logGet(46)) - raft.netty.dataStream.host = null (default)
2025-05-12 14:23:20,484 [main] INFO  netty.NettyConfigKeys$DataStream (ConfUtils.java:logGet(46)) - raft.netty.dataStream.port = 15048 (custom)
2025-05-12 14:23:20,487 [main] INFO  server.RaftServerConfigKeys (ConfUtils.java:logGet(46)) - raft.server.sleep.deviation.threshold = 300ms (default)
2025-05-12 14:23:20,487 [main] INFO  server.RaftServerConfigKeys (ConfUtils.java:logGet(46)) - raft.server.close.threshold = 60s (default)
2025-05-12 14:23:20,487 [main] INFO  server.RaftServerConfigKeys (ConfUtils.java:logGet(46)) - raft.server.leaderelection.leader.step-down.wait-time = 10s (default)
2025-05-12 14:23:20,488 [main] INFO  server.RaftServerConfigKeys (ConfUtils.java:logGet(46)) - raft.server.storage.dir = [/home/runner/work/ozone/ozone/hadoop-ozone/integration-test-s3/target/test-dir/MiniOzoneClusterImpl-4f0ef3c3-c429-48e0-ae71-8c6302523d84/ozone-meta/datanode-5/ratis] (custom)
2025-05-12 14:23:20,488 [main] INFO  server.RaftServerConfigKeys (ConfUtils.java:logGet(46)) - raft.server.threadpool.proxy.cached = true (default)
2025-05-12 14:23:20,488 [main] INFO  server.RaftServerConfigKeys (ConfUtils.java:logGet(46)) - raft.server.threadpool.proxy.size = 0 (default)
2025-05-12 14:23:20,489 [df6cad5e-12c3-42d0-bdc6-a0b27f1d5e72-NettyServerStreamRpc-bossGroup--thread1] INFO  logging.LoggingHandler (AbstractInternalLogger.java:log(148)) - [id: 0xb9676252] REGISTERED
2025-05-12 14:23:20,489 [df6cad5e-12c3-42d0-bdc6-a0b27f1d5e72-NettyServerStreamRpc-bossGroup--thread1] INFO  logging.LoggingHandler (AbstractInternalLogger.java:log(148)) - [id: 0xb9676252] BIND: 0.0.0.0/0.0.0.0:15048
2025-05-12 14:23:20,490 [df6cad5e-12c3-42d0-bdc6-a0b27f1d5e72-NettyServerStreamRpc-bossGroup--thread1] INFO  logging.LoggingHandler (AbstractInternalLogger.java:log(148)) - [id: 0xb9676252, L:/0.0.0.0:15048] ACTIVE
2025-05-12 14:23:20,491 [df6cad5e-12c3-42d0-bdc6-a0b27f1d5e72-impl-thread1] INFO  server.RaftServer (RaftServerProxy.java:initGroupDir(265)) - df6cad5e-12c3-42d0-bdc6-a0b27f1d5e72: found a subdirectory /home/runner/work/ozone/ozone/hadoop-ozone/integration-test-s3/target/test-dir/MiniOzoneClusterImpl-4f0ef3c3-c429-48e0-ae71-8c6302523d84/ozone-meta/datanode-5/ratis/tmp
2025-05-12 14:23:20,492 [df6cad5e-12c3-42d0-bdc6-a0b27f1d5e72-impl-thread1] INFO  server.RaftServer (RaftServerProxy.java:initGroupDir(270)) - df6cad5e-12c3-42d0-bdc6-a0b27f1d5e72: The directory /home/runner/work/ozone/ozone/hadoop-ozone/integration-test-s3/target/test-dir/MiniOzoneClusterImpl-4f0ef3c3-c429-48e0-ae71-8c6302523d84/ozone-meta/datanode-5/ratis/tmp is not a group directory; ignoring it. 
2025-05-12 14:23:20,492 [main] INFO  replication.ReplicationServer (ReplicationServer.java:<init>(84)) - Initializing replication server with thread count = 10 queue length = 4096
2025-05-12 14:23:20,495 [main] INFO  server.XceiverServerGrpc (XceiverServerGrpc.java:<init>(131)) - GrpcServer channel type EpollServerSocketChannel
2025-05-12 14:23:20,498 [main] INFO  replication.ReplicationSupervisor (ReplicationSupervisor.java:build(169)) - Initializing replication supervisor with thread count = 10
2025-05-12 14:23:20,498 [main] INFO  replication.ReplicationSupervisor (ReplicationSupervisor.java:nodeStateUpdated(358)) - Node state updated to IN_SERVICE, scaling executor pool size to 10
2025-05-12 14:23:20,504 [main] INFO  http.BaseHttpServer (BaseHttpServer.java:newHttpServer2BuilderForOzone(229)) - Starting Web-server for hddsDatanode at: http://0.0.0.0:15042
2025-05-12 14:23:20,504 [main] INFO  http.BaseHttpServer (BaseHttpServer.java:<init>(107)) - Hadoop Security Enabled: false Ozone Security Enabled: false Ozone HTTP Security Enabled: false 
2025-05-12 14:23:20,510 [main] WARN  server.AuthenticationFilter (AuthenticationFilter.java:constructSecretProvider(240)) - Unable to initialize FileSignerSecretProvider, falling back to use random secrets. Reason: Could not read signature secret file: /home/runner/hadoop-http-auth-signature-secret
2025-05-12 14:23:20,517 [main] INFO  http.HttpServer2 (HttpServer2.java:addGlobalFilter(1042)) - Added global filter 'safety' (class=org.apache.hadoop.hdds.server.http.HttpServer2$QuotingInputFilter)
2025-05-12 14:23:20,519 [main] INFO  http.HttpServer2 (HttpServer2.java:addFilter(1018)) - Added filter static_user_filter (class=org.apache.hadoop.http.lib.StaticUserWebFilter$StaticUserFilter) to context hddsDatanode
2025-05-12 14:23:20,519 [main] INFO  http.HttpServer2 (HttpServer2.java:addFilter(1026)) - Added filter static_user_filter (class=org.apache.hadoop.http.lib.StaticUserWebFilter$StaticUserFilter) to context static
2025-05-12 14:23:20,519 [main] INFO  http.HttpServer2 (HttpServer2.java:addFilter(1026)) - Added filter static_user_filter (class=org.apache.hadoop.http.lib.StaticUserWebFilter$StaticUserFilter) to context logs
2025-05-12 14:23:20,521 [main] INFO  http.BaseHttpServer (BaseHttpServer.java:<init>(195)) - HTTP server of hddsDatanode uses base directory /home/runner/work/ozone/ozone/hadoop-ozone/integration-test-s3/target/test-dir/MiniOzoneClusterImpl-4f0ef3c3-c429-48e0-ae71-8c6302523d84/ozone-meta/datanode-5/meta/webserver
2025-05-12 14:23:20,521 [main] INFO  http.HttpServer2 (HttpServer2.java:bindListener(1242)) - Jetty bound to port 15042
2025-05-12 14:23:20,522 [main] INFO  server.Server (Server.java:doStart(375)) - jetty-9.4.57.v20241219; built: 2025-01-08T21:24:30.412Z; git: df524e6b29271c2e09ba9aea83c18dc9db464a31; jvm 21.0.7+6-LTS
2025-05-12 14:23:20,525 [main] INFO  server.session (DefaultSessionIdManager.java:doStart(334)) - DefaultSessionIdManager workerName=node0
2025-05-12 14:23:20,525 [main] INFO  server.session (DefaultSessionIdManager.java:doStart(339)) - No SessionScavenger set, using defaults
2025-05-12 14:23:20,525 [main] INFO  server.session (HouseKeeper.java:startScavenging(132)) - node0 Scavenging every 600000ms
2025-05-12 14:23:20,526 [main] INFO  handler.ContextHandler (ContextHandler.java:doStart(921)) - Started o.e.j.s.ServletContextHandler@14ecd8d5{logs,/logs,file:///home/runner/work/ozone/ozone/hadoop-ozone/integration-test-s3/target/log,AVAILABLE}
2025-05-12 14:23:20,527 [main] INFO  handler.ContextHandler (ContextHandler.java:doStart(921)) - Started o.e.j.s.ServletContextHandler@7ec16640{static,/static,jar:file:/home/runner/work/ozone/ozone/hadoop-hdds/container-service/target/hdds-container-service-2.1.0-SNAPSHOT.jar!/webapps/static,AVAILABLE}
2025-05-12 14:23:20,557 [IPC Server handler 2 on default port 15002] INFO  net.NetworkTopologyImpl (NetworkTopologyImpl.java:add(133)) - Added a new node: /default-rack/e6edfd35-e7a8-467e-9cce-10d1c0c9f75d
2025-05-12 14:23:20,558 [IPC Server handler 2 on default port 15002] INFO  node.SCMNodeManager (SCMNodeManager.java:register(426)) - Registered datanode: e6edfd35-e7a8-467e-9cce-10d1c0c9f75d{ip: 127.0.0.1, host: localhost, ports: [HTTP=15018, CLIENT_RPC=15019, REPLICATION=15025, RATIS=15021, RATIS_ADMIN=15022, RATIS_SERVER=15023, RATIS_DATASTREAM=15024, STANDALONE=15020], networkLocation: /default-rack, certSerialId: null, persistedOpState: null, persistedOpStateExpiryEpochSec: 0}
2025-05-12 14:23:20,559 [EventQueue-ContainerRegistrationReportForECContainerSafeModeRule] INFO  safemode.SCMSafeModeManager (SCMSafeModeManager.java:validateSafeModeExitRules(140)) - ECContainerSafeModeRule rule is successfully validated
2025-05-12 14:23:20,559 [EventQueue-NodeRegistrationContainerReportForDataNodeSafeModeRule] INFO  safemode.SCMSafeModeManager (DataNodeSafeModeRule.java:process(79)) - SCM in safe mode. 2 DataNodes registered, 3 required.
2025-05-12 14:23:20,561 [EventQueue-ContainerRegistrationReportForRatisContainerSafeModeRule] INFO  safemode.SCMSafeModeManager (SCMSafeModeManager.java:validateSafeModeExitRules(140)) - RatisContainerSafeModeRule rule is successfully validated
2025-05-12 14:23:20,561 [EventQueue-PipelineReportForOneReplicaPipelineSafeModeRule] INFO  safemode.SCMSafeModeManager (SCMSafeModeManager.java:validateSafeModeExitRules(140)) - AtleastOneDatanodeReportedRule rule is successfully validated
2025-05-12 14:23:20,561 [EventQueue-NewNodeForNewNodeHandler] INFO  pipeline.BackgroundPipelineCreator (BackgroundPipelineCreator.java:notifyEventTriggered(290)) - trigger a one-shot run on RatisPipelineUtilsThread.
2025-05-12 14:23:20,567 [99006d7d-02a9-415e-9b0e-000c52fd4d50-EndpointStateMachineTaskThread-/0.0.0.0:15002-0 ] INFO  utils.DatanodeStoreCache (DatanodeStoreCache.java:addDB(70)) - Added db /home/runner/work/ozone/ozone/hadoop-ozone/integration-test-s3/target/test-dir/MiniOzoneClusterImpl-4f0ef3c3-c429-48e0-ae71-8c6302523d84/ozone-meta/datanode-3/data-0/hdds/4f0ef3c3-c429-48e0-ae71-8c6302523d84/DS-d8f3bf73-96cb-4741-9117-9bcf57dd7ee1/container.db to cache
2025-05-12 14:23:20,567 [99006d7d-02a9-415e-9b0e-000c52fd4d50-EndpointStateMachineTaskThread-/0.0.0.0:15002-0 ] INFO  volume.HddsVolume (HddsVolume.java:createDbStore(510)) - SchemaV3 db is created and loaded at /home/runner/work/ozone/ozone/hadoop-ozone/integration-test-s3/target/test-dir/MiniOzoneClusterImpl-4f0ef3c3-c429-48e0-ae71-8c6302523d84/ozone-meta/datanode-3/data-0/hdds/4f0ef3c3-c429-48e0-ae71-8c6302523d84/DS-d8f3bf73-96cb-4741-9117-9bcf57dd7ee1/container.db for volume DS-d8f3bf73-96cb-4741-9117-9bcf57dd7ee1
2025-05-12 14:23:20,574 [99006d7d-02a9-415e-9b0e-000c52fd4d50-ContainerReader-0] INFO  ozoneimpl.ContainerReader (ContainerReader.java:readVolume(144)) - Start to verify containers on volume /home/runner/work/ozone/ozone/hadoop-ozone/integration-test-s3/target/test-dir/MiniOzoneClusterImpl-4f0ef3c3-c429-48e0-ae71-8c6302523d84/ozone-meta/datanode-3/data-0/hdds
2025-05-12 14:23:20,574 [99006d7d-02a9-415e-9b0e-000c52fd4d50-ContainerReader-0] INFO  ozoneimpl.ContainerReader (ContainerReader.java:readVolume(174)) - Finish verifying containers on volume /home/runner/work/ozone/ozone/hadoop-ozone/integration-test-s3/target/test-dir/MiniOzoneClusterImpl-4f0ef3c3-c429-48e0-ae71-8c6302523d84/ozone-meta/datanode-3/data-0/hdds
2025-05-12 14:23:20,574 [99006d7d-02a9-415e-9b0e-000c52fd4d50-EndpointStateMachineTaskThread-/0.0.0.0:15002-0 ] INFO  ozoneimpl.OzoneContainer (OzoneContainer.java:buildContainerSet(364)) - Build ContainerSet costs 0s
2025-05-12 14:23:20,575 [99006d7d-02a9-415e-9b0e-000c52fd4d50-EndpointStateMachineTaskThread-/0.0.0.0:15002-0 ] INFO  volume.ThrottledAsyncChecker (ThrottledAsyncChecker.java:schedule(138)) - Scheduling a check for /home/runner/work/ozone/ozone/hadoop-ozone/integration-test-s3/target/test-dir/MiniOzoneClusterImpl-4f0ef3c3-c429-48e0-ae71-8c6302523d84/ozone-meta/datanode-3/data-0/hdds
2025-05-12 14:23:20,577 [99006d7d-02a9-415e-9b0e-000c52fd4d50-EndpointStateMachineTaskThread-/0.0.0.0:15002-0 ] INFO  volume.StorageVolumeChecker (StorageVolumeChecker.java:checkAllVolumes(215)) - Scheduled health check for volume /home/runner/work/ozone/ozone/hadoop-ozone/integration-test-s3/target/test-dir/MiniOzoneClusterImpl-4f0ef3c3-c429-48e0-ae71-8c6302523d84/ozone-meta/datanode-3/data-0/hdds
2025-05-12 14:23:20,584 [99006d7d-02a9-415e-9b0e-000c52fd4d50-EndpointStateMachineTaskThread-/0.0.0.0:15002-0 ] INFO  volume.ThrottledAsyncChecker (ThrottledAsyncChecker.java:schedule(138)) - Scheduling a check for /home/runner/work/ozone/ozone/hadoop-ozone/integration-test-s3/target/test-dir/MiniOzoneClusterImpl-4f0ef3c3-c429-48e0-ae71-8c6302523d84/ozone-meta/datanode-3/ratis
2025-05-12 14:23:20,584 [99006d7d-02a9-415e-9b0e-000c52fd4d50-EndpointStateMachineTaskThread-/0.0.0.0:15002-0 ] INFO  volume.StorageVolumeChecker (StorageVolumeChecker.java:checkAllVolumes(215)) - Scheduled health check for volume /home/runner/work/ozone/ozone/hadoop-ozone/integration-test-s3/target/test-dir/MiniOzoneClusterImpl-4f0ef3c3-c429-48e0-ae71-8c6302523d84/ozone-meta/datanode-3/ratis
2025-05-12 14:23:20,586 [99006d7d-02a9-415e-9b0e-000c52fd4d50-EndpointStateMachineTaskThread-/0.0.0.0:15002-0 ] INFO  ozoneimpl.OzoneContainer (OzoneContainer.java:start(512)) - Attempting to start container services.
2025-05-12 14:23:20,586 [99006d7d-02a9-415e-9b0e-000c52fd4d50-EndpointStateMachineTaskThread-/0.0.0.0:15002-0 ] WARN  ozoneimpl.OnDemandContainerDataScanner (OnDemandContainerDataScanner.java:init(74)) - Trying to initialize on demand scanner a second time on a datanode.
2025-05-12 14:23:20,589 [ContainerMetadataScanner] INFO  ozoneimpl.AbstractBackgroundContainerScanner (AbstractBackgroundContainerScanner.java:runIteration(89)) - Completed an iteration in 0 minutes. Number of iterations (since the data-node restart) : 1, Number of containers scanned in this iteration : 0, Number of unhealthy containers found in this iteration : 0
2025-05-12 14:23:20,590 [ContainerDataScanner(/home/runner/work/ozone/ozone/hadoop-ozone/integration-test-s3/target/test-dir/MiniOzoneClusterImpl-4f0ef3c3-c429-48e0-ae71-8c6302523d84/ozone-meta/datanode-3/data-0/hdds)] INFO  ozoneimpl.AbstractBackgroundContainerScanner (AbstractBackgroundContainerScanner.java:runIteration(89)) - Completed an iteration in 0 minutes. Number of iterations (since the data-node restart) : 1, Number of containers scanned in this iteration : 0, Number of unhealthy containers found in this iteration : 0
2025-05-12 14:23:20,590 [99006d7d-02a9-415e-9b0e-000c52fd4d50-EndpointStateMachineTaskThread-/0.0.0.0:15002-0 ] INFO  replication.ReplicationServer (ReplicationServer.java:start(137)) - ReplicationServer is started using port 15033
2025-05-12 14:23:20,591 [99006d7d-02a9-415e-9b0e-000c52fd4d50-EndpointStateMachineTaskThread-/0.0.0.0:15002-0 ] INFO  ratis.XceiverServerRatis (XceiverServerRatis.java:start(559)) - Starting XceiverServerRatis(99006d7d-02a9-415e-9b0e-000c52fd4d50)
2025-05-12 14:23:20,596 [99006d7d-02a9-415e-9b0e-000c52fd4d50-EndpointStateMachineTaskThread-/0.0.0.0:15002-0 ] INFO  server.RaftServer (RaftServerProxy.java:startImpl(407)) - 99006d7d-02a9-415e-9b0e-000c52fd4d50: start RPC server
2025-05-12 14:23:20,596 [99006d7d-02a9-415e-9b0e-000c52fd4d50-EndpointStateMachineTaskThread-/0.0.0.0:15002-0 ] INFO  server.GrpcService (GrpcService.java:startImpl(334)) - 99006d7d-02a9-415e-9b0e-000c52fd4d50: GrpcService started, listening on 15029
2025-05-12 14:23:20,597 [99006d7d-02a9-415e-9b0e-000c52fd4d50-EndpointStateMachineTaskThread-/0.0.0.0:15002-0 ] INFO  server.GrpcService (GrpcService.java:startImpl(334)) - 99006d7d-02a9-415e-9b0e-000c52fd4d50: GrpcService started, listening on 15031
2025-05-12 14:23:20,598 [99006d7d-02a9-415e-9b0e-000c52fd4d50-EndpointStateMachineTaskThread-/0.0.0.0:15002-0 ] INFO  server.GrpcService (GrpcService.java:startImpl(334)) - 99006d7d-02a9-415e-9b0e-000c52fd4d50: GrpcService started, listening on 15030
2025-05-12 14:23:20,599 [99006d7d-02a9-415e-9b0e-000c52fd4d50-EndpointStateMachineTaskThread-/0.0.0.0:15002-0 ] INFO  ratis.XceiverServerRatis (XceiverServerRatis.java:getRealPort(586)) - XceiverServerRatis(99006d7d-02a9-415e-9b0e-000c52fd4d50) is started using port RATIS=15029
2025-05-12 14:23:20,599 [JvmPauseMonitor5] INFO  util.JvmPauseMonitor (JvmPauseMonitor.java:run(146)) - JvmPauseMonitor-99006d7d-02a9-415e-9b0e-000c52fd4d50: Started
2025-05-12 14:23:20,599 [99006d7d-02a9-415e-9b0e-000c52fd4d50-EndpointStateMachineTaskThread-/0.0.0.0:15002-0 ] INFO  ratis.XceiverServerRatis (XceiverServerRatis.java:getRealPort(586)) - XceiverServerRatis(99006d7d-02a9-415e-9b0e-000c52fd4d50) is started using port RATIS_ADMIN=15030
2025-05-12 14:23:20,600 [99006d7d-02a9-415e-9b0e-000c52fd4d50-EndpointStateMachineTaskThread-/0.0.0.0:15002-0 ] INFO  ratis.XceiverServerRatis (XceiverServerRatis.java:getRealPort(586)) - XceiverServerRatis(99006d7d-02a9-415e-9b0e-000c52fd4d50) is started using port RATIS_SERVER=15031
2025-05-12 14:23:20,600 [99006d7d-02a9-415e-9b0e-000c52fd4d50-EndpointStateMachineTaskThread-/0.0.0.0:15002-0 ] INFO  ratis.XceiverServerRatis (XceiverServerRatis.java:getRealPort(586)) - XceiverServerRatis(99006d7d-02a9-415e-9b0e-000c52fd4d50) is started using port RATIS_DATASTREAM=15032
2025-05-12 14:23:20,602 [99006d7d-02a9-415e-9b0e-000c52fd4d50-BlockDeletingService#0] INFO  interfaces.ContainerDeletionChoosingPolicyTemplate (ContainerDeletionChoosingPolicyTemplate.java:chooseContainerForBlockDeletion(83)) - Chosen 0/5000 blocks from 0 candidate containers.
2025-05-12 14:23:20,751 [main] INFO  handler.ContextHandler (ContextHandler.java:doStart(921)) - Started o.e.j.w.WebAppContext@5195117{hddsDatanode,/,file:///home/runner/work/ozone/ozone/hadoop-ozone/integration-test-s3/target/test-dir/MiniOzoneClusterImpl-4f0ef3c3-c429-48e0-ae71-8c6302523d84/ozone-meta/datanode-5/meta/webserver/jetty-0_0_0_0-15042-hdds-container-service-2_1_0-SNAPSHOT_jar-_-any-12510479631822446690/webapp/,AVAILABLE}{jar:file:/home/runner/work/ozone/ozone/hadoop-hdds/container-service/target/hdds-container-service-2.1.0-SNAPSHOT.jar!/webapps/hddsDatanode}
2025-05-12 14:23:20,754 [main] INFO  server.AbstractConnector (AbstractConnector.java:doStart(333)) - Started ServerConnector@41496617{HTTP/1.1, (http/1.1)}{0.0.0.0:15042}
2025-05-12 14:23:20,754 [main] INFO  server.Server (Server.java:doStart(415)) - Started @15207ms
2025-05-12 14:23:20,755 [main] WARN  impl.MetricsSystemImpl (MetricsSystemImpl.java:register(279)) - Sink prometheus already exists!
2025-05-12 14:23:20,756 [main] INFO  http.BaseHttpServer (BaseHttpServer.java:updateConnectorAddress(359)) - HTTP server of hddsDatanode listening at http://0.0.0.0:15042
2025-05-12 14:23:20,757 [main] INFO  ipc.CallQueueManager (CallQueueManager.java:<init>(93)) - Using callQueue: class java.util.concurrent.LinkedBlockingQueue, queueCapacity: 1000, scheduler: class org.apache.hadoop.ipc.DefaultRpcScheduler, ipcBackoff: false, ipcFailOver: false.
2025-05-12 14:23:20,758 [main] INFO  ipc.Server (Server.java:<init>(1438)) - Listener at 0.0.0.0:15043
2025-05-12 14:23:20,760 [Socket Reader #1 for port 15043] INFO  ipc.Server (Server.java:run(1474)) - Starting Socket Reader #1 for port 15043
2025-05-12 14:23:20,761 [Socket Reader #2 for port 15043] INFO  ipc.Server (Server.java:run(1474)) - Starting Socket Reader #2 for port 15043
2025-05-12 14:23:20,762 [Socket Reader #3 for port 15043] INFO  ipc.Server (Server.java:run(1474)) - Starting Socket Reader #3 for port 15043
2025-05-12 14:23:20,763 [Socket Reader #4 for port 15043] INFO  ipc.Server (Server.java:run(1474)) - Starting Socket Reader #4 for port 15043
2025-05-12 14:23:20,764 [Socket Reader #5 for port 15043] INFO  ipc.Server (Server.java:run(1474)) - Starting Socket Reader #5 for port 15043
2025-05-12 14:23:20,765 [Socket Reader #6 for port 15043] INFO  ipc.Server (Server.java:run(1474)) - Starting Socket Reader #6 for port 15043
2025-05-12 14:23:20,766 [Socket Reader #7 for port 15043] INFO  ipc.Server (Server.java:run(1474)) - Starting Socket Reader #7 for port 15043
2025-05-12 14:23:20,766 [Socket Reader #8 for port 15043] INFO  ipc.Server (Server.java:run(1474)) - Starting Socket Reader #8 for port 15043
2025-05-12 14:23:20,767 [Socket Reader #9 for port 15043] INFO  ipc.Server (Server.java:run(1474)) - Starting Socket Reader #9 for port 15043
2025-05-12 14:23:20,770 [Socket Reader #10 for port 15043] INFO  ipc.Server (Server.java:run(1474)) - Starting Socket Reader #10 for port 15043
2025-05-12 14:23:20,782 [main] INFO  ozone.HddsDatanodeService (HddsDatanodeService.java:start(325)) - Datanode start with admins: [runner]
2025-05-12 14:23:20,782 [main] INFO  ozone.HddsDatanodeClientProtocolServer (HddsDatanodeClientProtocolServer.java:start(76)) - RPC server for Client /0.0.0.0:15043
2025-05-12 14:23:20,784 [IPC Server Responder] INFO  ipc.Server (Server.java:run(1713)) - IPC Server Responder: starting
2025-05-12 14:23:20,785 [IPC Server listener on 15043] INFO  ipc.Server (Server.java:run(1553)) - IPC Server listener on 15043: starting
2025-05-12 14:23:20,821 [df6cad5e-12c3-42d0-bdc6-a0b27f1d5e72-DatanodeStateMachineDaemonThread] INFO  statemachine.DatanodeStateMachine (DatanodeStateMachine.java:startStateMachineThread(340)) - Ozone container server started.
2025-05-12 14:23:20,839 [df6cad5e-12c3-42d0-bdc6-a0b27f1d5e72-DatanodeStateMachineTaskThread-0] INFO  datanode.InitDatanodeState (InitDatanodeState.java:persistContainerDatanodeDetails(139)) - DatanodeDetails is persisted to /home/runner/work/ozone/ozone/hadoop-ozone/integration-test-s3/target/test-dir/MiniOzoneClusterImpl-4f0ef3c3-c429-48e0-ae71-8c6302523d84/ozone-meta/datanode-5/meta/datanode.id
2025-05-12 14:23:20,874 [main] INFO  http.BaseHttpServer (BaseHttpServer.java:newHttpServer2BuilderForOzone(229)) - Starting Web-server for s3gateway at: http://0.0.0.0:15050
2025-05-12 14:23:20,875 [main] INFO  http.BaseHttpServer (BaseHttpServer.java:<init>(107)) - Hadoop Security Enabled: false Ozone Security Enabled: false Ozone HTTP Security Enabled: false 
2025-05-12 14:23:20,876 [main] WARN  server.AuthenticationFilter (AuthenticationFilter.java:constructSecretProvider(240)) - Unable to initialize FileSignerSecretProvider, falling back to use random secrets. Reason: Could not read signature secret file: /home/runner/hadoop-http-auth-signature-secret
2025-05-12 14:23:20,885 [main] INFO  http.HttpServer2 (HttpServer2.java:addGlobalFilter(1042)) - Added global filter 'safety' (class=org.apache.hadoop.hdds.server.http.HttpServer2$QuotingInputFilter)
2025-05-12 14:23:20,887 [main] INFO  http.HttpServer2 (HttpServer2.java:addFilter(1018)) - Added filter static_user_filter (class=org.apache.hadoop.http.lib.StaticUserWebFilter$StaticUserFilter) to context s3gateway
2025-05-12 14:23:20,888 [main] INFO  http.BaseHttpServer (BaseHttpServer.java:<init>(195)) - HTTP server of s3gateway uses base directory /home/runner/work/ozone/ozone/hadoop-ozone/integration-test-s3/ozone_http_tmp_base_dir13679671364906209741
2025-05-12 14:23:20,890 [main] INFO  http.BaseHttpServer (BaseHttpServer.java:newHttpServer2BuilderForOzone(229)) - Starting Web-server for s3g-web at: http://0.0.0.0:19878
2025-05-12 14:23:20,890 [main] INFO  http.BaseHttpServer (BaseHttpServer.java:<init>(107)) - Hadoop Security Enabled: false Ozone Security Enabled: false Ozone HTTP Security Enabled: false 
2025-05-12 14:23:20,894 [main] WARN  server.AuthenticationFilter (AuthenticationFilter.java:constructSecretProvider(240)) - Unable to initialize FileSignerSecretProvider, falling back to use random secrets. Reason: Could not read signature secret file: /home/runner/hadoop-http-auth-signature-secret
2025-05-12 14:23:20,898 [main] INFO  http.HttpServer2 (HttpServer2.java:addGlobalFilter(1042)) - Added global filter 'safety' (class=org.apache.hadoop.hdds.server.http.HttpServer2$QuotingInputFilter)
2025-05-12 14:23:20,899 [main] INFO  http.HttpServer2 (HttpServer2.java:addFilter(1018)) - Added filter static_user_filter (class=org.apache.hadoop.http.lib.StaticUserWebFilter$StaticUserFilter) to context s3g-web
2025-05-12 14:23:20,899 [main] INFO  http.HttpServer2 (HttpServer2.java:addFilter(1026)) - Added filter static_user_filter (class=org.apache.hadoop.http.lib.StaticUserWebFilter$StaticUserFilter) to context static
2025-05-12 14:23:20,902 [main] INFO  http.HttpServer2 (HttpServer2.java:addFilter(1026)) - Added filter static_user_filter (class=org.apache.hadoop.http.lib.StaticUserWebFilter$StaticUserFilter) to context logs
2025-05-12 14:23:20,903 [main] INFO  http.BaseHttpServer (BaseHttpServer.java:<init>(195)) - HTTP server of s3g-web uses base directory /home/runner/work/ozone/ozone/hadoop-ozone/integration-test-s3/ozone_http_tmp_base_dir13679671364906209741
2025-05-12 14:23:20,979 [245f18ee-839b-4f9c-a8d7-f268983888bb-EndpointStateMachineTaskThread-/0.0.0.0:15002-0 ] INFO  utils.DatanodeStoreCache (DatanodeStoreCache.java:addDB(70)) - Added db /home/runner/work/ozone/ozone/hadoop-ozone/integration-test-s3/target/test-dir/MiniOzoneClusterImpl-4f0ef3c3-c429-48e0-ae71-8c6302523d84/ozone-meta/datanode-4/data-0/hdds/4f0ef3c3-c429-48e0-ae71-8c6302523d84/DS-56621227-9cc2-4a96-8268-eddaee024707/container.db to cache
2025-05-12 14:23:20,979 [245f18ee-839b-4f9c-a8d7-f268983888bb-EndpointStateMachineTaskThread-/0.0.0.0:15002-0 ] INFO  volume.HddsVolume (HddsVolume.java:createDbStore(510)) - SchemaV3 db is created and loaded at /home/runner/work/ozone/ozone/hadoop-ozone/integration-test-s3/target/test-dir/MiniOzoneClusterImpl-4f0ef3c3-c429-48e0-ae71-8c6302523d84/ozone-meta/datanode-4/data-0/hdds/4f0ef3c3-c429-48e0-ae71-8c6302523d84/DS-56621227-9cc2-4a96-8268-eddaee024707/container.db for volume DS-56621227-9cc2-4a96-8268-eddaee024707
2025-05-12 14:23:20,988 [245f18ee-839b-4f9c-a8d7-f268983888bb-ContainerReader-0] INFO  ozoneimpl.ContainerReader (ContainerReader.java:readVolume(144)) - Start to verify containers on volume /home/runner/work/ozone/ozone/hadoop-ozone/integration-test-s3/target/test-dir/MiniOzoneClusterImpl-4f0ef3c3-c429-48e0-ae71-8c6302523d84/ozone-meta/datanode-4/data-0/hdds
2025-05-12 14:23:20,988 [245f18ee-839b-4f9c-a8d7-f268983888bb-ContainerReader-0] INFO  ozoneimpl.ContainerReader (ContainerReader.java:readVolume(174)) - Finish verifying containers on volume /home/runner/work/ozone/ozone/hadoop-ozone/integration-test-s3/target/test-dir/MiniOzoneClusterImpl-4f0ef3c3-c429-48e0-ae71-8c6302523d84/ozone-meta/datanode-4/data-0/hdds
2025-05-12 14:23:20,988 [245f18ee-839b-4f9c-a8d7-f268983888bb-EndpointStateMachineTaskThread-/0.0.0.0:15002-0 ] INFO  ozoneimpl.OzoneContainer (OzoneContainer.java:buildContainerSet(364)) - Build ContainerSet costs 0s
2025-05-12 14:23:20,990 [IPC Server handler 17 on default port 15002] INFO  net.NetworkTopologyImpl (NetworkTopologyImpl.java:add(133)) - Added a new node: /default-rack/99006d7d-02a9-415e-9b0e-000c52fd4d50
2025-05-12 14:23:20,990 [245f18ee-839b-4f9c-a8d7-f268983888bb-EndpointStateMachineTaskThread-/0.0.0.0:15002-0 ] INFO  volume.ThrottledAsyncChecker (ThrottledAsyncChecker.java:schedule(138)) - Scheduling a check for /home/runner/work/ozone/ozone/hadoop-ozone/integration-test-s3/target/test-dir/MiniOzoneClusterImpl-4f0ef3c3-c429-48e0-ae71-8c6302523d84/ozone-meta/datanode-4/data-0/hdds
2025-05-12 14:23:20,991 [IPC Server handler 17 on default port 15002] INFO  node.SCMNodeManager (SCMNodeManager.java:register(426)) - Registered datanode: 99006d7d-02a9-415e-9b0e-000c52fd4d50{ip: 127.0.0.1, host: localhost, ports: [HTTP=15026, CLIENT_RPC=15027, REPLICATION=15033, RATIS=15029, RATIS_ADMIN=15030, RATIS_SERVER=15031, RATIS_DATASTREAM=15032, STANDALONE=15028], networkLocation: /default-rack, certSerialId: null, persistedOpState: null, persistedOpStateExpiryEpochSec: 0}
2025-05-12 14:23:20,991 [EventQueue-PipelineReportForOneReplicaPipelineSafeModeRule] INFO  safemode.SCMSafeModeManager (SCMSafeModeManager.java:validateSafeModeExitRules(140)) - AtleastOneDatanodeReportedRule rule is successfully validated
2025-05-12 14:23:20,991 [EventQueue-NodeRegistrationContainerReportForDataNodeSafeModeRule] INFO  safemode.SCMSafeModeManager (DataNodeSafeModeRule.java:process(79)) - SCM in safe mode. 3 DataNodes registered, 3 required.
2025-05-12 14:23:20,991 [EventQueue-NodeRegistrationContainerReportForDataNodeSafeModeRule] INFO  safemode.SCMSafeModeManager (SCMSafeModeManager.java:validateSafeModeExitRules(140)) - DataNodeSafeModeRule rule is successfully validated
2025-05-12 14:23:20,991 [EventQueue-NodeRegistrationContainerReportForDataNodeSafeModeRule] INFO  safemode.SCMSafeModeManager (SCMSafeModeManager.java:completePreCheck(167)) - All SCM safe mode pre check rules have passed
2025-05-12 14:23:20,991 [EventQueue-NodeRegistrationContainerReportForDataNodeSafeModeRule] INFO  ha.SCMContext (SCMContext.java:updateSafeModeStatus(224)) - Update SafeModeStatus from SafeModeStatus{safeModeStatus=true, preCheckPassed=false} to SafeModeStatus{safeModeStatus=true, preCheckPassed=true}.
2025-05-12 14:23:20,992 [EventQueue-NodeRegistrationContainerReportForDataNodeSafeModeRule] INFO  pipeline.BackgroundPipelineCreator (BackgroundPipelineCreator.java:notifyEventTriggered(290)) - trigger a one-shot run on RatisPipelineUtilsThread.
2025-05-12 14:23:20,992 [EventQueue-NewNodeForNewNodeHandler] INFO  pipeline.BackgroundPipelineCreator (BackgroundPipelineCreator.java:notifyEventTriggered(290)) - trigger a one-shot run on RatisPipelineUtilsThread.
2025-05-12 14:23:20,992 [EventQueue-ContainerRegistrationReportForRatisContainerSafeModeRule] INFO  safemode.SCMSafeModeManager (SCMSafeModeManager.java:validateSafeModeExitRules(140)) - RatisContainerSafeModeRule rule is successfully validated
2025-05-12 14:23:20,992 [EventQueue-ContainerRegistrationReportForECContainerSafeModeRule] INFO  safemode.SCMSafeModeManager (SCMSafeModeManager.java:validateSafeModeExitRules(140)) - ECContainerSafeModeRule rule is successfully validated
2025-05-12 14:23:20,994 [245f18ee-839b-4f9c-a8d7-f268983888bb-EndpointStateMachineTaskThread-/0.0.0.0:15002-0 ] INFO  volume.StorageVolumeChecker (StorageVolumeChecker.java:checkAllVolumes(215)) - Scheduled health check for volume /home/runner/work/ozone/ozone/hadoop-ozone/integration-test-s3/target/test-dir/MiniOzoneClusterImpl-4f0ef3c3-c429-48e0-ae71-8c6302523d84/ozone-meta/datanode-4/data-0/hdds
2025-05-12 14:23:21,007 [245f18ee-839b-4f9c-a8d7-f268983888bb-EndpointStateMachineTaskThread-/0.0.0.0:15002-0 ] INFO  volume.ThrottledAsyncChecker (ThrottledAsyncChecker.java:schedule(138)) - Scheduling a check for /home/runner/work/ozone/ozone/hadoop-ozone/integration-test-s3/target/test-dir/MiniOzoneClusterImpl-4f0ef3c3-c429-48e0-ae71-8c6302523d84/ozone-meta/datanode-4/ratis
2025-05-12 14:23:21,008 [245f18ee-839b-4f9c-a8d7-f268983888bb-EndpointStateMachineTaskThread-/0.0.0.0:15002-0 ] INFO  volume.StorageVolumeChecker (StorageVolumeChecker.java:checkAllVolumes(215)) - Scheduled health check for volume /home/runner/work/ozone/ozone/hadoop-ozone/integration-test-s3/target/test-dir/MiniOzoneClusterImpl-4f0ef3c3-c429-48e0-ae71-8c6302523d84/ozone-meta/datanode-4/ratis
2025-05-12 14:23:21,009 [RatisPipelineUtilsThread-0] INFO  pipeline.RatisPipelineProvider (RatisPipelineProvider.java:lambda$create$0(208)) - Sending CreatePipelineCommand for pipeline:PipelineID=2194b595-5648-4e64-ad38-c1376016da3b to datanode:807d821f-bf9f-4e54-9fe3-c13c7f8c8c03(localhost/127.0.0.1)
2025-05-12 14:23:21,009 [RatisPipelineUtilsThread-0] INFO  pipeline.RatisPipelineProvider (RatisPipelineProvider.java:lambda$create$0(208)) - Sending CreatePipelineCommand for pipeline:PipelineID=2194b595-5648-4e64-ad38-c1376016da3b to datanode:99006d7d-02a9-415e-9b0e-000c52fd4d50(localhost/127.0.0.1)
2025-05-12 14:23:21,009 [RatisPipelineUtilsThread-0] INFO  pipeline.RatisPipelineProvider (RatisPipelineProvider.java:lambda$create$0(208)) - Sending CreatePipelineCommand for pipeline:PipelineID=2194b595-5648-4e64-ad38-c1376016da3b to datanode:e6edfd35-e7a8-467e-9cce-10d1c0c9f75d(localhost/127.0.0.1)
2025-05-12 14:23:21,012 [245f18ee-839b-4f9c-a8d7-f268983888bb-EndpointStateMachineTaskThread-/0.0.0.0:15002-0 ] INFO  ozoneimpl.OzoneContainer (OzoneContainer.java:start(512)) - Attempting to start container services.
2025-05-12 14:23:21,013 [245f18ee-839b-4f9c-a8d7-f268983888bb-EndpointStateMachineTaskThread-/0.0.0.0:15002-0 ] WARN  ozoneimpl.OnDemandContainerDataScanner (OnDemandContainerDataScanner.java:init(74)) - Trying to initialize on demand scanner a second time on a datanode.
2025-05-12 14:23:21,013 [ContainerMetadataScanner] INFO  ozoneimpl.AbstractBackgroundContainerScanner (AbstractBackgroundContainerScanner.java:runIteration(89)) - Completed an iteration in 0 minutes. Number of iterations (since the data-node restart) : 1, Number of containers scanned in this iteration : 0, Number of unhealthy containers found in this iteration : 0
2025-05-12 14:23:21,014 [ContainerDataScanner(/home/runner/work/ozone/ozone/hadoop-ozone/integration-test-s3/target/test-dir/MiniOzoneClusterImpl-4f0ef3c3-c429-48e0-ae71-8c6302523d84/ozone-meta/datanode-4/data-0/hdds)] INFO  ozoneimpl.AbstractBackgroundContainerScanner (AbstractBackgroundContainerScanner.java:runIteration(89)) - Completed an iteration in 0 minutes. Number of iterations (since the data-node restart) : 1, Number of containers scanned in this iteration : 0, Number of unhealthy containers found in this iteration : 0
2025-05-12 14:23:21,015 [245f18ee-839b-4f9c-a8d7-f268983888bb-EndpointStateMachineTaskThread-/0.0.0.0:15002-0 ] INFO  replication.ReplicationServer (ReplicationServer.java:start(137)) - ReplicationServer is started using port 15041
2025-05-12 14:23:21,017 [245f18ee-839b-4f9c-a8d7-f268983888bb-EndpointStateMachineTaskThread-/0.0.0.0:15002-0 ] INFO  ratis.XceiverServerRatis (XceiverServerRatis.java:start(559)) - Starting XceiverServerRatis(245f18ee-839b-4f9c-a8d7-f268983888bb)
2025-05-12 14:23:21,020 [245f18ee-839b-4f9c-a8d7-f268983888bb-EndpointStateMachineTaskThread-/0.0.0.0:15002-0 ] INFO  server.RaftServer (RaftServerProxy.java:startImpl(407)) - 245f18ee-839b-4f9c-a8d7-f268983888bb: start RPC server
2025-05-12 14:23:21,021 [245f18ee-839b-4f9c-a8d7-f268983888bb-EndpointStateMachineTaskThread-/0.0.0.0:15002-0 ] INFO  server.GrpcService (GrpcService.java:startImpl(334)) - 245f18ee-839b-4f9c-a8d7-f268983888bb: GrpcService started, listening on 15037
2025-05-12 14:23:21,023 [245f18ee-839b-4f9c-a8d7-f268983888bb-EndpointStateMachineTaskThread-/0.0.0.0:15002-0 ] INFO  server.GrpcService (GrpcService.java:startImpl(334)) - 245f18ee-839b-4f9c-a8d7-f268983888bb: GrpcService started, listening on 15039
2025-05-12 14:23:21,024 [245f18ee-839b-4f9c-a8d7-f268983888bb-EndpointStateMachineTaskThread-/0.0.0.0:15002-0 ] INFO  server.GrpcService (GrpcService.java:startImpl(334)) - 245f18ee-839b-4f9c-a8d7-f268983888bb: GrpcService started, listening on 15038
2025-05-12 14:23:21,024 [245f18ee-839b-4f9c-a8d7-f268983888bb-EndpointStateMachineTaskThread-/0.0.0.0:15002-0 ] INFO  ratis.XceiverServerRatis (XceiverServerRatis.java:getRealPort(586)) - XceiverServerRatis(245f18ee-839b-4f9c-a8d7-f268983888bb) is started using port RATIS=15037
2025-05-12 14:23:21,024 [245f18ee-839b-4f9c-a8d7-f268983888bb-EndpointStateMachineTaskThread-/0.0.0.0:15002-0 ] INFO  ratis.XceiverServerRatis (XceiverServerRatis.java:getRealPort(586)) - XceiverServerRatis(245f18ee-839b-4f9c-a8d7-f268983888bb) is started using port RATIS_ADMIN=15038
2025-05-12 14:23:21,025 [245f18ee-839b-4f9c-a8d7-f268983888bb-EndpointStateMachineTaskThread-/0.0.0.0:15002-0 ] INFO  ratis.XceiverServerRatis (XceiverServerRatis.java:getRealPort(586)) - XceiverServerRatis(245f18ee-839b-4f9c-a8d7-f268983888bb) is started using port RATIS_SERVER=15039
2025-05-12 14:23:21,025 [245f18ee-839b-4f9c-a8d7-f268983888bb-EndpointStateMachineTaskThread-/0.0.0.0:15002-0 ] INFO  ratis.XceiverServerRatis (XceiverServerRatis.java:getRealPort(586)) - XceiverServerRatis(245f18ee-839b-4f9c-a8d7-f268983888bb) is started using port RATIS_DATASTREAM=15040
2025-05-12 14:23:21,024 [JvmPauseMonitor6] INFO  util.JvmPauseMonitor (JvmPauseMonitor.java:run(146)) - JvmPauseMonitor-245f18ee-839b-4f9c-a8d7-f268983888bb: Started
2025-05-12 14:23:21,027 [245f18ee-839b-4f9c-a8d7-f268983888bb-BlockDeletingService#0] INFO  interfaces.ContainerDeletionChoosingPolicyTemplate (ContainerDeletionChoosingPolicyTemplate.java:chooseContainerForBlockDeletion(83)) - Chosen 0/5000 blocks from 0 candidate containers.
2025-05-12 14:23:21,109 [f0ab5fca-9f92-40bd-8337-87c2f3c3b858@group-8C6302523D84-StateMachineUpdater] INFO  safemode.SCMSafeModeManager (SCMSafeModeManager.java:validateSafeModeExitRules(140)) - DataNodeSafeModeRule rule is successfully validated
2025-05-12 14:23:21,110 [f0ab5fca-9f92-40bd-8337-87c2f3c3b858@group-8C6302523D84-StateMachineUpdater] INFO  safemode.SCMSafeModeManager (SCMSafeModeManager.java:validateSafeModeExitRules(140)) - RatisContainerSafeModeRule rule is successfully validated
2025-05-12 14:23:21,113 [f0ab5fca-9f92-40bd-8337-87c2f3c3b858@group-8C6302523D84-StateMachineUpdater] INFO  safemode.HealthyPipelineSafeModeRule (HealthyPipelineSafeModeRule.java:initializeRule(173)) - Refreshed total pipeline count is 0, healthy pipeline threshold count is 1
2025-05-12 14:23:21,113 [f0ab5fca-9f92-40bd-8337-87c2f3c3b858@group-8C6302523D84-StateMachineUpdater] INFO  safemode.SCMSafeModeManager (SCMSafeModeManager.java:validateSafeModeExitRules(140)) - ECContainerSafeModeRule rule is successfully validated
2025-05-12 14:23:21,113 [f0ab5fca-9f92-40bd-8337-87c2f3c3b858@group-8C6302523D84-StateMachineUpdater] INFO  safemode.SCMSafeModeManager (SCMSafeModeManager.java:validateSafeModeExitRules(140)) - AtleastOneDatanodeReportedRule rule is successfully validated
2025-05-12 14:23:21,124 [RatisPipelineUtilsThread-0] INFO  pipeline.BackgroundPipelineCreator (BackgroundPipelineCreator.java:createPipelines(246)) - Created new pipeline Pipeline{ Id: 2194b595-5648-4e64-ad38-c1376016da3b, Nodes: [ {807d821f-bf9f-4e54-9fe3-c13c7f8c8c03(localhost/127.0.0.1), ReplicaIndex: 0}, {99006d7d-02a9-415e-9b0e-000c52fd4d50(localhost/127.0.0.1), ReplicaIndex: 0}, {e6edfd35-e7a8-467e-9cce-10d1c0c9f75d(localhost/127.0.0.1), ReplicaIndex: 0},], ReplicationConfig: RATIS/THREE, State:ALLOCATED, leaderId:, CreationTimestamp2025-05-12T14:23:21.008480698Z[Etc/UTC]}
2025-05-12 14:23:21,126 [RatisPipelineUtilsThread-0] INFO  pipeline.RatisPipelineProvider (RatisPipelineProvider.java:lambda$create$0(208)) - Sending CreatePipelineCommand for pipeline:PipelineID=01ecadce-c668-4e39-b7a3-9d565607491f to datanode:807d821f-bf9f-4e54-9fe3-c13c7f8c8c03(localhost/127.0.0.1)
2025-05-12 14:23:21,127 [RatisPipelineUtilsThread-0] INFO  pipeline.RatisPipelineProvider (RatisPipelineProvider.java:lambda$create$0(208)) - Sending CreatePipelineCommand for pipeline:PipelineID=01ecadce-c668-4e39-b7a3-9d565607491f to datanode:99006d7d-02a9-415e-9b0e-000c52fd4d50(localhost/127.0.0.1)
2025-05-12 14:23:21,128 [RatisPipelineUtilsThread-0] INFO  pipeline.RatisPipelineProvider (RatisPipelineProvider.java:lambda$create$0(208)) - Sending CreatePipelineCommand for pipeline:PipelineID=01ecadce-c668-4e39-b7a3-9d565607491f to datanode:e6edfd35-e7a8-467e-9cce-10d1c0c9f75d(localhost/127.0.0.1)
2025-05-12 14:23:21,136 [main] INFO  s3.Gateway (HddsServerUtil.java:startupShutdownMessage(683)) - STARTUP_MSG: 
/************************************************************
STARTUP_MSG: Starting Gateway
STARTUP_MSG:   host = pkrvmberfyhpb9w/10.1.0.200
STARTUP_MSG:   args = []
STARTUP_MSG:   version = 2.1.0-SNAPSHOT
STARTUP_MSG:   classpath = /home/runner/work/ozone/ozone/hadoop-ozone/integration-test-s3/target/test-classes:/home/runner/work/ozone/ozone/hadoop-ozone/integration-test-s3/target/classes:/home/runner/.m2/repository/com/amazonaws/aws-java-sdk-core/1.12.661/aws-java-sdk-core-1.12.661.jar:/home/runner/.m2/repository/commons-codec/commons-codec/1.17.1/commons-codec-1.17.1.jar:/home/runner/.m2/repository/org/apache/httpcomponents/httpclient/4.5.14/httpclient-4.5.14.jar:/home/runner/.m2/repository/com/fasterxml/jackson/core/jackson-databind/2.16.2/jackson-databind-2.16.2.jar:/home/runner/.m2/repository/com/fasterxml/jackson/dataformat/jackson-dataformat-cbor/2.16.2/jackson-dataformat-cbor-2.16.2.jar:/home/runner/.m2/repository/joda-time/joda-time/2.12.7/joda-time-2.12.7.jar:/home/runner/.m2/repository/com/amazonaws/aws-java-sdk-s3/1.12.661/aws-java-sdk-s3-1.12.661.jar:/home/runner/.m2/repository/com/amazonaws/aws-java-sdk-kms/1.12.661/aws-java-sdk-kms-1.12.661.jar:/home/runner/.m2/repository/com/amazonaws/jmespath-java/1.12.661/jmespath-java-1.12.661.jar:/home/runner/.m2/repository/jakarta/xml/bind/jakarta.xml.bind-api/2.3.3/jakarta.xml.bind-api-2.3.3.jar:/home/runner/.m2/repository/jakarta/activation/jakarta.activation-api/1.2.2/jakarta.activation-api-1.2.2.jar:/home/runner/.m2/repository/org/apache/commons/commons-lang3/3.17.0/commons-lang3-3.17.0.jar:/home/runner/work/ozone/ozone/hadoop-hdds/common/target/hdds-common-2.1.0-SNAPSHOT.jar:/home/runner/.m2/repository/com/fasterxml/jackson/core/jackson-annotations/2.16.2/jackson-annotations-2.16.2.jar:/home/runner/.m2/repository/com/fasterxml/jackson/core/jackson-core/2.16.2/jackson-core-2.16.2.jar:/home/runner/.m2/repository/com/fasterxml/jackson/datatype/jackson-datatype-jsr310/2.16.2/jackson-datatype-jsr310-2.16.2.jar:/home/runner/.m2/repository/com/github/stephenc/jcip/jcip-annotations/1.0-1/jcip-annotations-1.0-1.jar:/home/runner/.m2/repository/com/google/guava/guava/32.1.3-jre/guava-32.1.3-jre.jar:/home/runner/.m2/repository/com/google/guava/failureaccess/1.0.1/failureaccess-1.0.1.jar:/home/runner/.m2/repository/com/google/guava/listenablefuture/9999.0-empty-to-avoid-conflict-with-guava/listenablefuture-9999.0-empty-to-avoid-conflict-with-guava.jar:/home/runner/.m2/repository/org/checkerframework/checker-qual/3.37.0/checker-qual-3.37.0.jar:/home/runner/.m2/repository/com/google/errorprone/error_prone_annotations/2.29.2/error_prone_annotations-2.29.2.jar:/home/runner/.m2/repository/com/google/j2objc/j2objc-annotations/2.8/j2objc-annotations-2.8.jar:/home/runner/.m2/repository/com/google/protobuf/protobuf-java/2.5.0/protobuf-java-2.5.0.jar:/home/runner/.m2/repository/commons-collections/commons-collections/3.2.2/commons-collections-3.2.2.jar:/home/runner/.m2/repository/commons-io/commons-io/2.18.0/commons-io-2.18.0.jar:/home/runner/.m2/repository/commons-validator/commons-validator/1.6/commons-validator-1.6.jar:/home/runner/.m2/repository/commons-beanutils/commons-beanutils/1.9.4/commons-beanutils-1.9.4.jar:/home/runner/.m2/repository/commons-digester/commons-digester/1.8.1/commons-digester-1.8.1.jar:/home/runner/.m2/repository/info/picocli/picocli/4.7.7/picocli-4.7.7.jar:/home/runner/.m2/repository/io/dropwizard/metrics/metrics-core/3.2.6/metrics-core-3.2.6.jar:/home/runner/.m2/repository/io/jaegertracing/jaeger-client/1.8.1/jaeger-client-1.8.1.jar:/home/runner/.m2/repository/io/jaegertracing/jaeger-thrift/1.8.1/jaeger-thrift-1.8.1.jar:/home/runner/.m2/repository/org/apache/thrift/libthrift/0.15.0/libthrift-0.15.0.jar:/home/runner/.m2/repository/com/squareup/okhttp3/okhttp/4.12.0/okhttp-4.12.0.jar:/home/runner/.m2/repository/com/squareup/okio/okio/3.6.0/okio-3.6.0.jar:/home/runner/.m2/repository/com/squareup/okio/okio-jvm/3.6.0/okio-jvm-3.6.0.jar:/home/runner/.m2/repository/org/jetbrains/kotlin/kotlin-stdlib-common/1.9.25/kotlin-stdlib-common-1.9.25.jar:/home/runner/.m2/repository/org/jetbrains/kotlin/kotlin-stdlib-jdk8/1.9.25/kotlin-stdlib-jdk8-1.9.25.jar:/home/runner/.m2/repository/org/jetbrains/kotlin/kotlin-stdlib-jdk7/1.9.25/kotlin-stdlib-jdk7-1.9.25.jar:/home/runner/.m2/repository/io/jaegertracing/jaeger-tracerresolver/1.8.1/jaeger-tracerresolver-1.8.1.jar:/home/runner/.m2/repository/io/opentracing/contrib/opentracing-tracerresolver/0.1.8/opentracing-tracerresolver-0.1.8.jar:/home/runner/.m2/repository/io/jaegertracing/jaeger-core/1.8.1/jaeger-core-1.8.1.jar:/home/runner/.m2/repository/io/opentracing/opentracing-api/0.33.0/opentracing-api-0.33.0.jar:/home/runner/.m2/repository/io/opentracing/opentracing-util/0.33.0/opentracing-util-0.33.0.jar:/home/runner/.m2/repository/jakarta/annotation/jakarta.annotation-api/2.1.1/jakarta.annotation-api-2.1.1.jar:/home/runner/.m2/repository/javax/annotation/javax.annotation-api/1.3.2/javax.annotation-api-1.3.2.jar:/home/runner/.m2/repository/org/apache/hadoop/hadoop-common/3.4.1/hadoop-common-3.4.1.jar:/home/runner/.m2/repository/org/apache/hadoop/thirdparty/hadoop-shaded-protobuf_3_25/1.4.0/hadoop-shaded-protobuf_3_25-1.4.0.jar:/home/runner/.m2/repository/org/apache/hadoop/hadoop-annotations/3.4.1/hadoop-annotations-3.4.1.jar:/home/runner/.m2/repository/org/apache/hadoop/thirdparty/hadoop-shaded-guava/1.3.0/hadoop-shaded-guava-1.3.0.jar:/home/runner/.m2/repository/org/codehaus/jettison/jettison/1.5.4/jettison-1.5.4.jar:/home/runner/.m2/repository/org/apache/commons/commons-text/1.12.0/commons-text-1.12.0.jar:/home/runner/.m2/repository/com/google/re2j/re2j/1.7/re2j-1.7.jar:/home/runner/.m2/repository/io/netty/netty-handler/4.1.109.Final/netty-handler-4.1.109.Final.jar:/home/runner/.m2/repository/io/netty/netty-transport-native-unix-common/4.1.109.Final/netty-transport-native-unix-common-4.1.109.Final.jar:/home/runner/.m2/repository/io/netty/netty-transport-native-epoll/4.1.109.Final/netty-transport-native-epoll-4.1.109.Final.jar:/home/runner/.m2/repository/org/codehaus/woodstox/stax2-api/4.2.1/stax2-api-4.2.1.jar:/home/runner/.m2/repository/com/fasterxml/woodstox/woodstox-core/5.4.0/woodstox-core-5.4.0.jar:/home/runner/work/ozone/ozone/hadoop-hdds/annotations/target/hdds-annotation-processing-2.1.0-SNAPSHOT.jar:/home/runner/work/ozone/ozone/hadoop-hdds/interface-admin/target/hdds-interface-admin-2.1.0-SNAPSHOT.jar:/home/runner/work/ozone/ozone/hadoop-hdds/interface-client/target/hdds-interface-client-2.1.0-SNAPSHOT.jar:/home/runner/.m2/repository/org/apache/ratis/ratis-client/3.1.2/ratis-client-3.1.2.jar:/home/runner/.m2/repository/org/apache/ratis/ratis-grpc/3.1.2/ratis-grpc-3.1.2.jar:/home/runner/.m2/repository/org/apache/ratis/ratis-metrics-dropwizard3/3.1.2/ratis-metrics-dropwizard3-3.1.2.jar:/home/runner/.m2/repository/org/apache/ratis/ratis-netty/3.1.2/ratis-netty-3.1.2.jar:/home/runner/.m2/repository/org/apache/ratis/ratis-proto/3.1.2/ratis-proto-3.1.2.jar:/home/runner/.m2/repository/org/apache/ratis/ratis-server-api/3.1.2/ratis-server-api-3.1.2.jar:/home/runner/.m2/repository/org/apache/ratis/ratis-thirdparty-misc/1.0.6/ratis-thirdparty-misc-1.0.6.jar:/home/runner/.m2/repository/org/bouncycastle/bcpkix-jdk18on/1.80/bcpkix-jdk18on-1.80.jar:/home/runner/.m2/repository/org/bouncycastle/bcprov-jdk18on/1.80/bcprov-jdk18on-1.80.jar:/home/runner/.m2/repository/org/bouncycastle/bcutil-jdk18on/1.80/bcutil-jdk18on-1.80.jar:/home/runner/.m2/repository/org/jetbrains/kotlin/kotlin-stdlib/1.9.25/kotlin-stdlib-1.9.25.jar:/home/runner/.m2/repository/org/jetbrains/annotations/13.0/annotations-13.0.jar:/home/runner/.m2/repository/org/reflections/reflections/0.10.2/reflections-0.10.2.jar:/home/runner/.m2/repository/org/slf4j/jcl-over-slf4j/2.0.17/jcl-over-slf4j-2.0.17.jar:/home/runner/.m2/repository/org/yaml/snakeyaml/2.0/snakeyaml-2.0.jar:/home/runner/.m2/repository/org/slf4j/slf4j-reload4j/2.0.17/slf4j-reload4j-2.0.17.jar:/home/runner/work/ozone/ozone/hadoop-hdds/config/target/hdds-config-2.1.0-SNAPSHOT.jar:/home/runner/work/ozone/ozone/hadoop-hdds/framework/target/hdds-server-framework-2.1.0-SNAPSHOT.jar:/home/runner/.m2/repository/ch/qos/reload4j/reload4j/1.2.26/reload4j-1.2.26.jar:/home/runner/.m2/repository/com/github/jnr/jnr-constants/0.10.4/jnr-constants-0.10.4.jar:/home/runner/.m2/repository/com/github/jnr/jnr-posix/3.1.20/jnr-posix-3.1.20.jar:/home/runner/.m2/repository/com/github/jnr/jnr-ffi/2.2.17/jnr-ffi-2.2.17.jar:/home/runner/.m2/repository/com/github/jnr/jffi/1.3.13/jffi-1.3.13.jar:/home/runner/.m2/repository/com/github/jnr/jffi/1.3.13/jffi-1.3.13-native.jar:/home/runner/.m2/repository/org/ow2/asm/asm/9.7.1/asm-9.7.1.jar:/home/runner/.m2/repository/org/ow2/asm/asm-commons/9.7.1/asm-commons-9.7.1.jar:/home/runner/.m2/repository/org/ow2/asm/asm-analysis/9.7.1/asm-analysis-9.7.1.jar:/home/runner/.m2/repository/org/ow2/asm/asm-tree/9.7.1/asm-tree-9.7.1.jar:/home/runner/.m2/repository/org/ow2/asm/asm-util/9.7.1/asm-util-9.7.1.jar:/home/runner/.m2/repository/com/github/jnr/jnr-a64asm/1.0.0/jnr-a64asm-1.0.0.jar:/home/runner/.m2/repository/com/github/jnr/jnr-x86asm/1.0.2/jnr-x86asm-1.0.2.jar:/home/runner/.m2/repository/com/google/code/gson/gson/2.10.1/gson-2.10.1.jar:/home/runner/.m2/repository/commons-fileupload/commons-fileupload/1.5/commons-fileupload-1.5.jar:/home/runner/.m2/repository/io/grpc/grpc-api/1.58.0/grpc-api-1.58.0.jar:/home/runner/.m2/repository/io/prometheus/simpleclient/0.16.0/simpleclient-0.16.0.jar:/home/runner/.m2/repository/io/prometheus/simpleclient_common/0.16.0/simpleclient_common-0.16.0.jar:/home/runner/.m2/repository/io/prometheus/simpleclient_dropwizard/0.16.0/simpleclient_dropwizard-0.16.0.jar:/home/runner/.m2/repository/jakarta/ws/rs/jakarta.ws.rs-api/2.1.6/jakarta.ws.rs-api-2.1.6.jar:/home/runner/.m2/repository/javax/servlet/javax.servlet-api/3.1.0/javax.servlet-api-3.1.0.jar:/home/runner/.m2/repository/org/apache/commons/commons-compress/1.27.1/commons-compress-1.27.1.jar:/home/runner/.m2/repository/org/apache/commons/commons-configuration2/2.11.0/commons-configuration2-2.11.0.jar:/home/runner/.m2/repository/org/apache/hadoop/hadoop-auth/3.4.1/hadoop-auth-3.4.1.jar:/home/runner/.m2/repository/org/apache/logging/log4j/log4j-api/2.24.2/log4j-api-2.24.2.jar:/home/runner/.m2/repository/org/apache/logging/log4j/log4j-core/2.24.2/log4j-core-2.24.2.jar:/home/runner/work/ozone/ozone/hadoop-hdds/interface-server/target/hdds-interface-server-2.1.0-SNAPSHOT.jar:/home/runner/work/ozone/ozone/hadoop-hdds/managed-rocksdb/target/hdds-managed-rocksdb-2.1.0-SNAPSHOT.jar:/home/runner/work/ozone/ozone/hadoop-hdds/rocksdb-checkpoint-differ/target/rocksdb-checkpoint-differ-2.1.0-SNAPSHOT.jar:/home/runner/.m2/repository/com/github/vlsi/mxgraph/jgraphx/3.9.12/jgraphx-3.9.12.jar:/home/runner/work/ozone/ozone/hadoop-hdds/rocks-native/target/hdds-rocks-native-2.1.0-SNAPSHOT.jar:/home/runner/.m2/repository/org/jgrapht/jgrapht-core/1.4.0/jgrapht-core-1.4.0.jar:/home/runner/.m2/repository/org/jheaps/jheaps/0.11/jheaps-0.11.jar:/home/runner/.m2/repository/org/jgrapht/jgrapht-ext/1.4.0/jgrapht-ext-1.4.0.jar:/home/runner/.m2/repository/org/apache/ratis/ratis-metrics-api/3.1.2/ratis-metrics-api-3.1.2.jar:/home/runner/.m2/repository/org/apache/ratis/ratis-server/3.1.2/ratis-server-3.1.2.jar:/home/runner/.m2/repository/org/eclipse/jetty/jetty-http/9.4.57.v20241219/jetty-http-9.4.57.v20241219.jar:/home/runner/.m2/repository/org/eclipse/jetty/jetty-io/9.4.57.v20241219/jetty-io-9.4.57.v20241219.jar:/home/runner/.m2/repository/org/eclipse/jetty/jetty-server/9.4.57.v20241219/jetty-server-9.4.57.v20241219.jar:/home/runner/.m2/repository/org/eclipse/jetty/jetty-servlet/9.4.57.v20241219/jetty-servlet-9.4.57.v20241219.jar:/home/runner/.m2/repository/org/eclipse/jetty/jetty-security/9.4.57.v20241219/jetty-security-9.4.57.v20241219.jar:/home/runner/.m2/repository/org/eclipse/jetty/jetty-util-ajax/9.4.57.v20241219/jetty-util-ajax-9.4.57.v20241219.jar:/home/runner/.m2/repository/org/eclipse/jetty/jetty-util/9.4.57.v20241219/jetty-util-9.4.57.v20241219.jar:/home/runner/.m2/repository/org/eclipse/jetty/jetty-webapp/9.4.57.v20241219/jetty-webapp-9.4.57.v20241219.jar:/home/runner/.m2/repository/org/eclipse/jetty/jetty-xml/9.4.57.v20241219/jetty-xml-9.4.57.v20241219.jar:/home/runner/.m2/repository/org/glassfish/jersey/containers/jersey-container-servlet-core/2.46/jersey-container-servlet-core-2.46.jar:/home/runner/.m2/repository/org/glassfish/hk2/external/jakarta.inject/2.6.1/jakarta.inject-2.6.1.jar:/home/runner/.m2/repository/org/glassfish/jersey/core/jersey-server/2.46/jersey-server-2.46.jar:/home/runner/.m2/repository/org/glassfish/jersey/core/jersey-client/2.46/jersey-client-2.46.jar:/home/runner/.m2/repository/jakarta/validation/jakarta.validation-api/2.0.2/jakarta.validation-api-2.0.2.jar:/home/runner/.m2/repository/org/rocksdb/rocksdbjni/7.7.3/rocksdbjni-7.7.3.jar:/home/runner/.m2/repository/com/lmax/disruptor/3.4.4/disruptor-3.4.4.jar:/home/runner/.m2/repository/com/nimbusds/nimbus-jose-jwt/9.40/nimbus-jose-jwt-9.40.jar:/home/runner/.m2/repository/commons-cli/commons-cli/1.8.0/commons-cli-1.8.0.jar:/home/runner/.m2/repository/log4j/apache-log4j-extras/1.2.17/apache-log4j-extras-1.2.17.jar:/home/runner/.m2/repository/org/apache/kerby/kerb-core/1.0.1/kerb-core-1.0.1.jar:/home/runner/.m2/repository/org/apache/kerby/kerby-pkix/1.0.1/kerby-pkix-1.0.1.jar:/home/runner/.m2/repository/org/apache/kerby/kerby-asn1/1.0.1/kerby-asn1-1.0.1.jar:/home/runner/.m2/repository/org/apache/kerby/kerb-util/1.0.1/kerb-util-1.0.1.jar:/home/runner/.m2/repository/org/apache/kerby/kerby-config/1.0.1/kerby-config-1.0.1.jar:/home/runner/.m2/repository/org/apache/kerby/kerb-crypto/1.0.1/kerb-crypto-1.0.1.jar:/home/runner/.m2/repository/org/xerial/snappy/snappy-java/1.1.10.7/snappy-java-1.1.10.7.jar:/home/runner/work/ozone/ozone/hadoop-hdds/test-utils/target/hdds-test-utils-2.1.0-SNAPSHOT-tests.jar:/home/runner/work/ozone/ozone/hadoop-ozone/client/target/ozone-client-2.1.0-SNAPSHOT.jar:/home/runner/work/ozone/ozone/hadoop-hdds/client/target/hdds-client-2.1.0-SNAPSHOT.jar:/home/runner/work/ozone/ozone/hadoop-hdds/erasurecode/target/hdds-erasurecode-2.1.0-SNAPSHOT.jar:/home/runner/work/ozone/ozone/hadoop-ozone/common/target/ozone-common-2.1.0-SNAPSHOT.jar:/home/runner/.m2/repository/io/grpc/grpc-netty/1.58.0/grpc-netty-1.58.0.jar:/home/runner/.m2/repository/io/grpc/grpc-core/1.58.0/grpc-core-1.58.0.jar:/home/runner/.m2/repository/com/google/android/annotations/4.1.1.4/annotations-4.1.1.4.jar:/home/runner/.m2/repository/org/codehaus/mojo/animal-sniffer-annotations/1.23/animal-sniffer-annotations-1.23.jar:/home/runner/.m2/repository/io/grpc/grpc-context/1.58.0/grpc-context-1.58.0.jar:/home/runner/.m2/repository/io/grpc/grpc-util/1.58.0/grpc-util-1.58.0.jar:/home/runner/.m2/repository/io/perfmark/perfmark-api/0.26.0/perfmark-api-0.26.0.jar:/home/runner/.m2/repository/io/netty/netty-common/4.1.109.Final/netty-common-4.1.109.Final.jar:/home/runner/.m2/repository/io/netty/netty-handler-proxy/4.1.109.Final/netty-handler-proxy-4.1.109.Final.jar:/home/runner/.m2/repository/io/netty/netty-codec-socks/4.1.109.Final/netty-codec-socks-4.1.109.Final.jar:/home/runner/.m2/repository/org/apache/hadoop/hadoop-hdfs-client/3.4.1/hadoop-hdfs-client-3.4.1.jar:/home/runner/.m2/repository/io/netty/netty-tcnative-boringssl-static/2.0.65.Final/netty-tcnative-boringssl-static-2.0.65.Final.jar:/home/runner/.m2/repository/io/netty/netty-tcnative-classes/2.0.65.Final/netty-tcnative-classes-2.0.65.Final.jar:/home/runner/.m2/repository/io/netty/netty-tcnative-boringssl-static/2.0.65.Final/netty-tcnative-boringssl-static-2.0.65.Final-linux-x86_64.jar:/home/runner/.m2/repository/io/netty/netty-tcnative-boringssl-static/2.0.65.Final/netty-tcnative-boringssl-static-2.0.65.Final-linux-aarch_64.jar:/home/runner/.m2/repository/io/netty/netty-tcnative-boringssl-static/2.0.65.Final/netty-tcnative-boringssl-static-2.0.65.Final-osx-x86_64.jar:/home/runner/.m2/repository/io/netty/netty-tcnative-boringssl-static/2.0.65.Final/netty-tcnative-boringssl-static-2.0.65.Final-osx-aarch_64.jar:/home/runner/.m2/repository/io/netty/netty-tcnative-boringssl-static/2.0.65.Final/netty-tcnative-boringssl-static-2.0.65.Final-windows-x86_64.jar:/home/runner/work/ozone/ozone/hadoop-ozone/interface-client/target/ozone-interface-client-2.1.0-SNAPSHOT.jar:/home/runner/.m2/repository/io/grpc/grpc-protobuf/1.58.0/grpc-protobuf-1.58.0.jar:/home/runner/.m2/repository/com/google/api/grpc/proto-google-common-protos/2.22.0/proto-google-common-protos-2.22.0.jar:/home/runner/.m2/repository/io/grpc/grpc-protobuf-lite/1.58.0/grpc-protobuf-lite-1.58.0.jar:/home/runner/.m2/repository/io/grpc/grpc-stub/1.58.0/grpc-stub-1.58.0.jar:/home/runner/work/ozone/ozone/hadoop-ozone/mini-cluster/target/ozone-mini-cluster-2.1.0-SNAPSHOT.jar:/home/runner/work/ozone/ozone/hadoop-hdds/common/target/hdds-common-2.1.0-SNAPSHOT-tests.jar:/home/runner/work/ozone/ozone/hadoop-hdds/container-service/target/hdds-container-service-2.1.0-SNAPSHOT.jar:/home/runner/.m2/repository/com/github/luben/zstd-jni/1.5.7-3/zstd-jni-1.5.7-3.jar:/home/runner/.m2/repository/io/netty/netty-buffer/4.1.109.Final/netty-buffer-4.1.109.Final.jar:/home/runner/.m2/repository/io/netty/netty-codec/4.1.109.Final/netty-codec-4.1.109.Final.jar:/home/runner/.m2/repository/org/apache/hadoop/hadoop-hdfs/3.4.1/hadoop-hdfs-3.4.1.jar:/home/runner/.m2/repository/commons-daemon/commons-daemon/1.4.0/commons-daemon-1.4.0.jar:/home/runner/work/ozone/ozone/hadoop-hdds/server-scm/target/hdds-server-scm-2.1.0-SNAPSHOT.jar:/home/runner/work/ozone/ozone/hadoop-hdds/server-scm/target/hdds-server-scm-2.1.0-SNAPSHOT-tests.jar:/home/runner/work/ozone/ozone/hadoop-ozone/ozone-manager/target/ozone-manager-2.1.0-SNAPSHOT.jar:/home/runner/.m2/repository/com/sun/jersey/jersey-client/1.19.4/jersey-client-1.19.4.jar:/home/runner/.m2/repository/com/sun/jersey/jersey-core/1.19.4/jersey-core-1.19.4.jar:/home/runner/.m2/repository/javax/ws/rs/jsr311-api/1.1.1/jsr311-api-1.1.1.jar:/home/runner/work/ozone/ozone/hadoop-ozone/interface-storage/target/ozone-interface-storage-2.1.0-SNAPSHOT.jar:/home/runner/.m2/repository/org/apache/ranger/ranger-intg/2.6.0/ranger-intg-2.6.0.jar:/home/runner/.m2/repository/org/apache/ranger/ranger-plugins-common/2.6.0/ranger-plugins-common-2.6.0.jar:/home/runner/.m2/repository/com/fasterxml/jackson/jaxrs/jackson-jaxrs-base/2.16.2/jackson-jaxrs-base-2.16.2.jar:/home/runner/.m2/repository/com/fasterxml/jackson/jaxrs/jackson-jaxrs-json-provider/2.16.2/jackson-jaxrs-json-provider-2.16.2.jar:/home/runner/.m2/repository/com/kstruct/gethostname4j/1.0.0/gethostname4j-1.0.0.jar:/home/runner/.m2/repository/commons-lang/commons-lang/2.6/commons-lang-2.6.jar:/home/runner/.m2/repository/net/java/dev/jna/jna/5.2.0/jna-5.2.0.jar:/home/runner/.m2/repository/net/java/dev/jna/jna-platform/5.2.0/jna-platform-5.2.0.jar:/home/runner/.m2/repository/org/apache/ranger/ranger-plugin-classloader/2.6.0/ranger-plugin-classloader-2.6.0.jar:/home/runner/.m2/repository/org/apache/ranger/ranger-plugins-audit/2.6.0/ranger-plugins-audit-2.6.0.jar:/home/runner/.m2/repository/com/amazonaws/aws-java-sdk-logs/1.12.765/aws-java-sdk-logs-1.12.765.jar:/home/runner/.m2/repository/com/carrotsearch/hppc/0.8.0/hppc-0.8.0.jar:/home/runner/.m2/repository/io/airlift/aircompressor/0.27/aircompressor-0.27.jar:/home/runner/.m2/repository/org/apache/httpcomponents/httpasyncclient/4.1.4/httpasyncclient-4.1.4.jar:/home/runner/.m2/repository/org/apache/httpcomponents/httpcore-nio/4.4.16/httpcore-nio-4.4.16.jar:/home/runner/.m2/repository/org/apache/httpcomponents/httpmime/4.5.13/httpmime-4.5.13.jar:/home/runner/.m2/repository/org/apache/orc/orc-core/1.5.8/orc-core-1.5.8.jar:/home/runner/.m2/repository/org/apache/orc/orc-shims/1.5.8/orc-shims-1.5.8.jar:/home/runner/.m2/repository/org/eclipse/jetty/jetty-client/9.4.57.v20241219/jetty-client-9.4.57.v20241219.jar:/home/runner/.m2/repository/org/apache/ranger/ranger-plugins-cred/2.6.0/ranger-plugins-cred-2.6.0.jar:/home/runner/.m2/repository/org/aspectj/aspectjrt/1.9.7/aspectjrt-1.9.7.jar:/home/runner/.m2/repository/org/aspectj/aspectjweaver/1.9.7/aspectjweaver-1.9.7.jar:/home/runner/work/ozone/ozone/hadoop-ozone/recon/target/ozone-recon-2.1.0-SNAPSHOT.jar:/home/runner/.m2/repository/aopalliance/aopalliance/1.0/aopalliance-1.0.jar:/home/runner/.m2/repository/com/google/inject/guice/6.0.0/guice-6.0.0.jar:/home/runner/.m2/repository/jakarta/inject/jakarta.inject-api/2.0.1/jakarta.inject-api-2.0.1.jar:/home/runner/.m2/repository/com/google/inject/extensions/guice-assistedinject/6.0.0/guice-assistedinject-6.0.0.jar:/home/runner/.m2/repository/com/google/inject/extensions/guice-servlet/6.0.0/guice-servlet-6.0.0.jar:/home/runner/.m2/repository/com/jolbox/bonecp/0.8.0.RELEASE/bonecp-0.8.0.RELEASE.jar:/home/runner/.m2/repository/org/apache/derby/derby/10.14.2.0/derby-10.14.2.0.jar:/home/runner/work/ozone/ozone/hadoop-ozone/cli-admin/target/ozone-cli-admin-2.1.0-SNAPSHOT.jar:/home/runner/.m2/repository/org/glassfish/hk2/guice-bridge/2.6.1/guice-bridge-2.6.1.jar:/home/runner/.m2/repository/org/glassfish/jersey/containers/jersey-container-servlet/2.46/jersey-container-servlet-2.46.jar:/home/runner/.m2/repository/org/glassfish/jersey/media/jersey-media-json-jackson/2.46/jersey-media-json-jackson-2.46.jar:/home/runner/.m2/repository/org/glassfish/jersey/ext/jersey-entity-filtering/2.46/jersey-entity-filtering-2.46.jar:/home/runner/.m2/repository/org/jooq/jooq/3.11.10/jooq-3.11.10.jar:/home/runner/.m2/repository/org/jooq/jooq-codegen/3.11.10/jooq-codegen-3.11.10.jar:/home/runner/.m2/repository/org/jooq/jooq-meta/3.11.10/jooq-meta-3.11.10.jar:/home/runner/.m2/repository/org/springframework/spring-core/5.3.39/spring-core-5.3.39.jar:/home/runner/.m2/repository/org/springframework/spring-jdbc/5.3.39/spring-jdbc-5.3.39.jar:/home/runner/.m2/repository/org/springframework/spring-beans/5.3.39/spring-beans-5.3.39.jar:/home/runner/.m2/repository/org/springframework/spring-tx/5.3.39/spring-tx-5.3.39.jar:/home/runner/.m2/repository/org/xerial/sqlite-jdbc/3.49.1.0/sqlite-jdbc-3.49.1.0.jar:/home/runner/work/ozone/ozone/hadoop-ozone/recon-codegen/target/ozone-reconcodegen-2.1.0-SNAPSHOT.jar:/home/runner/work/ozone/ozone/hadoop-ozone/s3gateway/target/ozone-s3gateway-2.1.0-SNAPSHOT.jar:/home/runner/.m2/repository/com/fasterxml/jackson/dataformat/jackson-dataformat-xml/2.16.2/jackson-dataformat-xml-2.16.2.jar:/home/runner/.m2/repository/com/fasterxml/jackson/module/jackson-module-jaxb-annotations/2.16.2/jackson-module-jaxb-annotations-2.16.2.jar:/home/runner/.m2/repository/io/netty/netty-codec-http2/4.1.109.Final/netty-codec-http2-4.1.109.Final.jar:/home/runner/.m2/repository/io/netty/netty-codec-http/4.1.109.Final/netty-codec-http-4.1.109.Final.jar:/home/runner/.m2/repository/io/netty/netty-transport/4.1.109.Final/netty-transport-4.1.109.Final.jar:/home/runner/.m2/repository/io/netty/netty-resolver/4.1.109.Final/netty-resolver-4.1.109.Final.jar:/home/runner/.m2/repository/io/opentracing/opentracing-noop/0.33.0/opentracing-noop-0.33.0.jar:/home/runner/.m2/repository/javax/enterprise/cdi-api/2.0/cdi-api-2.0.jar:/home/runner/.m2/repository/javax/el/javax.el-api/3.0.0/javax.el-api-3.0.0.jar:/home/runner/.m2/repository/javax/interceptor/javax.interceptor-api/1.2/javax.interceptor-api-1.2.jar:/home/runner/.m2/repository/javax/inject/javax.inject/1/javax.inject-1.jar:/home/runner/.m2/repository/org/apache/httpcomponents/httpcore/4.4.16/httpcore-4.4.16.jar:/home/runner/.m2/repository/org/apache/kerby/kerby-util/1.0.1/kerby-util-1.0.1.jar:/home/runner/.m2/repository/org/glassfish/hk2/hk2-api/2.6.1/hk2-api-2.6.1.jar:/home/runner/.m2/repository/org/glassfish/hk2/hk2-utils/2.6.1/hk2-utils-2.6.1.jar:/home/runner/.m2/repository/org/glassfish/hk2/external/aopalliance-repackaged/2.6.1/aopalliance-repackaged-2.6.1.jar:/home/runner/.m2/repository/org/glassfish/jaxb/jaxb-runtime/2.3.9/jaxb-runtime-2.3.9.jar:/home/runner/.m2/repository/org/glassfish/jaxb/txw2/2.3.9/txw2-2.3.9.jar:/home/runner/.m2/repository/com/sun/istack/istack-commons-runtime/3.0.12/istack-commons-runtime-3.0.12.jar:/home/runner/.m2/repository/com/sun/activation/jakarta.activation/1.2.2/jakarta.activation-1.2.2.jar:/home/runner/.m2/repository/org/glassfish/jersey/core/jersey-common/2.46/jersey-common-2.46.jar:/home/runner/.m2/repository/org/glassfish/hk2/osgi-resource-locator/1.0.3/osgi-resource-locator-1.0.3.jar:/home/runner/.m2/repository/org/glassfish/jersey/ext/cdi/jersey-cdi1x/2.46/jersey-cdi1x-2.46.jar:/home/runner/.m2/repository/org/glassfish/jersey/inject/jersey-hk2/2.46/jersey-hk2-2.46.jar:/home/runner/.m2/repository/org/glassfish/hk2/hk2-locator/2.6.1/hk2-locator-2.6.1.jar:/home/runner/.m2/repository/org/glassfish/jersey/media/jersey-media-jaxb/2.46/jersey-media-jaxb-2.46.jar:/home/runner/.m2/repository/org/javassist/javassist/3.30.2-GA/javassist-3.30.2-GA.jar:/home/runner/.m2/repository/org/jboss/weld/servlet/weld-servlet-shaded/3.1.9.Final/weld-servlet-shaded-3.1.9.Final.jar:/home/runner/.m2/repository/org/apache/ratis/ratis-common/3.1.2/ratis-common-3.1.2.jar:/home/runner/.m2/repository/org/slf4j/slf4j-api/2.0.17/slf4j-api-2.0.17.jar:/home/runner/.m2/repository/software/amazon/awssdk/auth/2.31.25/auth-2.31.25.jar:/home/runner/.m2/repository/software/amazon/awssdk/annotations/2.31.25/annotations-2.31.25.jar:/home/runner/.m2/repository/software/amazon/awssdk/utils/2.31.25/utils-2.31.25.jar:/home/runner/.m2/repository/software/amazon/awssdk/identity-spi/2.31.25/identity-spi-2.31.25.jar:/home/runner/.m2/repository/software/amazon/awssdk/profiles/2.31.25/profiles-2.31.25.jar:/home/runner/.m2/repository/software/amazon/awssdk/http-client-spi/2.31.25/http-client-spi-2.31.25.jar:/home/runner/.m2/repository/software/amazon/awssdk/json-utils/2.31.25/json-utils-2.31.25.jar:/home/runner/.m2/repository/software/amazon/awssdk/third-party-jackson-core/2.31.25/third-party-jackson-core-2.31.25.jar:/home/runner/.m2/repository/software/amazon/awssdk/http-auth-aws/2.31.25/http-auth-aws-2.31.25.jar:/home/runner/.m2/repository/software/amazon/awssdk/http-auth-aws-eventstream/2.31.25/http-auth-aws-eventstream-2.31.25.jar:/home/runner/.m2/repository/software/amazon/awssdk/http-auth/2.31.25/http-auth-2.31.25.jar:/home/runner/.m2/repository/software/amazon/awssdk/http-auth-spi/2.31.25/http-auth-spi-2.31.25.jar:/home/runner/.m2/repository/software/amazon/eventstream/eventstream/1.0.1/eventstream-1.0.1.jar:/home/runner/.m2/repository/software/amazon/awssdk/aws-core/2.31.25/aws-core-2.31.25.jar:/home/runner/.m2/repository/software/amazon/awssdk/metrics-spi/2.31.25/metrics-spi-2.31.25.jar:/home/runner/.m2/repository/software/amazon/awssdk/endpoints-spi/2.31.25/endpoints-spi-2.31.25.jar:/home/runner/.m2/repository/software/amazon/awssdk/retries-spi/2.31.25/retries-spi-2.31.25.jar:/home/runner/.m2/repository/software/amazon/awssdk/retries/2.31.25/retries-2.31.25.jar:/home/runner/.m2/repository/software/amazon/awssdk/regions/2.31.25/regions-2.31.25.jar:/home/runner/.m2/repository/software/amazon/awssdk/s3/2.31.25/s3-2.31.25.jar:/home/runner/.m2/repository/software/amazon/awssdk/aws-xml-protocol/2.31.25/aws-xml-protocol-2.31.25.jar:/home/runner/.m2/repository/software/amazon/awssdk/aws-query-protocol/2.31.25/aws-query-protocol-2.31.25.jar:/home/runner/.m2/repository/software/amazon/awssdk/protocol-core/2.31.25/protocol-core-2.31.25.jar:/home/runner/.m2/repository/software/amazon/awssdk/arns/2.31.25/arns-2.31.25.jar:/home/runner/.m2/repository/software/amazon/awssdk/crt-core/2.31.25/crt-core-2.31.25.jar:/home/runner/.m2/repository/software/amazon/awssdk/checksums/2.31.25/checksums-2.31.25.jar:/home/runner/.m2/repository/software/amazon/awssdk/checksums-spi/2.31.25/checksums-spi-2.31.25.jar:/home/runner/.m2/repository/software/amazon/awssdk/apache-client/2.31.25/apache-client-2.31.25.jar:/home/runner/.m2/repository/software/amazon/awssdk/netty-nio-client/2.31.25/netty-nio-client-2.31.25.jar:/home/runner/.m2/repository/io/netty/netty-transport-classes-epoll/4.1.109.Final/netty-transport-classes-epoll-4.1.109.Final.jar:/home/runner/.m2/repository/software/amazon/awssdk/sdk-core/2.31.25/sdk-core-2.31.25.jar:/home/runner/.m2/repository/org/reactivestreams/reactive-streams/1.0.4/reactive-streams-1.0.4.jar:/home/runner/.m2/repository/org/assertj/assertj-core/3.27.3/assertj-core-3.27.3.jar:/home/runner/.m2/repository/net/bytebuddy/byte-buddy/1.15.11/byte-buddy-1.15.11.jar:/home/runner/.m2/repository/org/junit/jupiter/junit-jupiter-api/5.12.2/junit-jupiter-api-5.12.2.jar:/home/runner/.m2/repository/org/opentest4j/opentest4j/1.3.0/opentest4j-1.3.0.jar:/home/runner/.m2/repository/org/junit/platform/junit-platform-commons/1.12.2/junit-platform-commons-1.12.2.jar:/home/runner/.m2/repository/org/apiguardian/apiguardian-api/1.1.2/apiguardian-api-1.1.2.jar:/home/runner/.m2/repository/org/junit/jupiter/junit-jupiter-params/5.12.2/junit-jupiter-params-5.12.2.jar:/home/runner/.m2/repository/org/mockito/mockito-core/4.11.0/mockito-core-4.11.0.jar:/home/runner/.m2/repository/net/bytebuddy/byte-buddy-agent/1.12.19/byte-buddy-agent-1.12.19.jar:/home/runner/.m2/repository/org/objenesis/objenesis/3.3/objenesis-3.3.jar:/home/runner/.m2/repository/org/mockito/mockito-inline/4.11.0/mockito-inline-4.11.0.jar:/home/runner/.m2/repository/org/mockito/mockito-junit-jupiter/4.11.0/mockito-junit-jupiter-4.11.0.jar:/home/runner/work/ozone/ozone/hadoop-ozone/integration-test-s3/target/gradle-enterprise/test-listeners.jar:
STARTUP_MSG:   build = https://github.com/apache/ozone/d92f0ed87e7396665972628463cce3b55daa0626
STARTUP_MSG:   java = 21.0.7
STARTUP_MSG:   conf = {hadoop.hdds.db.rocksdb.WAL_size_limit_MB=0MB, hadoop.hdds.db.rocksdb.WAL_ttl_seconds=1200, hadoop.hdds.db.rocksdb.keep.log.file.num=10, hadoop.hdds.db.rocksdb.logging.enabled=false, hadoop.hdds.db.rocksdb.logging.level=INFO, hadoop.hdds.db.rocksdb.max.log.file.size=100MB, hadoop.hdds.db.rocksdb.writeoption.sync=false, hdds.block.token.enabled=false, hdds.block.token.expiry.time=1d, hdds.command.status.report.interval=30s, hdds.container.action.max.limit=20, hdds.container.balancer.balancing.iteration.interval=70m, hdds.container.balancer.datanodes.involved.max.percentage.per.iteration=20, hdds.container.balancer.iterations=10, hdds.container.balancer.move.networkTopology.enable=false, hdds.container.balancer.move.replication.timeout=50m, hdds.container.balancer.move.timeout=65m, hdds.container.balancer.size.entering.target.max=26GB, hdds.container.balancer.size.leaving.source.max=26GB, hdds.container.balancer.size.moved.max.per.iteration=500GB, hdds.container.balancer.trigger.du.before.move.enable=false, hdds.container.balancer.utilization.threshold=10, hdds.container.checksum.verification.enabled=true, hdds.container.chunk.write.sync=false, hdds.container.close.threshold=0.9f, hdds.container.ipc.port=9859, hdds.container.ipc.random.port=false, hdds.container.ratis.admin.port=9857, hdds.container.ratis.datastream.enabled=true, hdds.container.ratis.datastream.port=9855, hdds.container.ratis.datastream.random.port=false, hdds.container.ratis.enabled=false, hdds.container.ratis.ipc.port=9858, hdds.container.ratis.ipc.random.port=false, hdds.container.ratis.leader.pending.bytes.limit=1GB, hdds.container.ratis.log.appender.queue.byte-limit=32MB, hdds.container.ratis.log.appender.queue.num-elements=1024, hdds.container.ratis.log.purge.gap=1000000, hdds.container.ratis.log.queue.byte-limit=4GB, hdds.container.ratis.log.queue.num-elements=1024, hdds.container.ratis.num.container.op.executors=10, hdds.container.ratis.num.write.chunk.threads.per.volume=4, hdds.container.ratis.rpc.type=GRPC, hdds.container.ratis.segment.preallocated.size=4MB, hdds.container.ratis.segment.size=64MB, hdds.container.ratis.server.port=9856, hdds.container.ratis.statemachine.max.pending.apply-transactions=100000, hdds.container.ratis.statemachine.write.wait.interval=10m, hdds.container.ratis.statemachinedata.sync.timeout=10s, hdds.container.replication.compression=NO_COMPRESSION, hdds.container.report.interval=60m, hdds.container.scrub.data.scan.interval=7d, hdds.container.scrub.dev.data.scan.enabled=true, hdds.container.scrub.dev.metadata.scan.enabled=true, hdds.container.scrub.enabled=true, hdds.container.scrub.metadata.scan.interval=3h, hdds.container.scrub.min.gap=15m, hdds.container.scrub.on.demand.volume.bytes.per.second=5242880, hdds.container.scrub.volume.bytes.per.second=5242880, hdds.container.token.enabled=false, hdds.datanode.block.delete.command.worker.interval=2s, hdds.datanode.block.delete.max.lock.wait.timeout=100ms, hdds.datanode.block.delete.queue.limit=5, hdds.datanode.block.delete.threads.max=5, hdds.datanode.block.deleting.limit.per.interval=5000, hdds.datanode.block.deleting.max.lock.holding.time=1s, hdds.datanode.block.deleting.service.interval=60s, hdds.datanode.check.empty.container.dir.on.delete=false, hdds.datanode.chunk.data.validation.check=false, hdds.datanode.client.bind.host=0.0.0.0, hdds.datanode.client.port=19864, hdds.datanode.command.queue.limit=5000, hdds.datanode.container.close.threads.max=3, hdds.datanode.container.delete.threads.max=2, hdds.datanode.container.schema.v3.enabled=true, hdds.datanode.container.schema.v3.key.separator=|, hdds.datanode.delete.container.timeout=60s, hdds.datanode.df.refresh.period=5m, hdds.datanode.dir=file:///home/runner/work/ozone/ozone/hadoop-ozone/integration-test-s3/target/tmp/dfs/data, hdds.datanode.disk.check.io.failures.tolerated=1, hdds.datanode.disk.check.io.file.size=100B, hdds.datanode.disk.check.io.test.count=3, hdds.datanode.disk.check.min.gap=10m, hdds.datanode.disk.check.timeout=10m, hdds.datanode.dns.interface=default, hdds.datanode.dns.nameserver=default, hdds.datanode.du.refresh.period=1h, hdds.datanode.failed.data.volumes.tolerated=-1, hdds.datanode.failed.db.volumes.tolerated=-1, hdds.datanode.failed.metadata.volumes.tolerated=-1, hdds.datanode.handler.count=10, hdds.datanode.http-address=0.0.0.0:9882, hdds.datanode.http-bind-host=0.0.0.0, hdds.datanode.http.auth.kerberos.keytab=/etc/security/keytabs/HTTP.keytab, hdds.datanode.http.auth.kerberos.principal=HTTP/_HOST@REALM, hdds.datanode.http.auth.type=simple, hdds.datanode.http.enabled=true, hdds.datanode.https-address=0.0.0.0:9883, hdds.datanode.https-bind-host=0.0.0.0, hdds.datanode.metadata.rocksdb.cache.size=1GB, hdds.datanode.periodic.disk.check.interval.minutes=60, hdds.datanode.ratis.server.request.timeout=2m, hdds.datanode.read.chunk.threads.per.volume=10, hdds.datanode.read.threadpool=10, hdds.datanode.recovering.container.scrubbing.service.interval=1m, hdds.datanode.replication.outofservice.limit.factor=2.0, hdds.datanode.replication.port=9886, hdds.datanode.replication.queue.limit=4096, hdds.datanode.replication.streams.limit=10, hdds.datanode.rocksdb.auto-compaction-small-sst-file=true, hdds.datanode.rocksdb.auto-compaction-small-sst-file-num-threshold=512, hdds.datanode.rocksdb.auto-compaction-small-sst-file-size-threshold=1MB, hdds.datanode.rocksdb.auto-compaction-small-sst-file.interval.minutes=120, hdds.datanode.rocksdb.auto-compaction-small-sst-file.threads=1, hdds.datanode.rocksdb.delete-obsolete-files-period=1h, hdds.datanode.rocksdb.log.level=INFO, hdds.datanode.rocksdb.log.max-file-num=64, hdds.datanode.rocksdb.log.max-file-size=32MB, hdds.datanode.rocksdb.max-open-files=1024, hdds.datanode.slow.op.warning.threshold=500ms, hdds.datanode.storage.utilization.critical.threshold=0.95, hdds.datanode.storage.utilization.warning.threshold=0.75, hdds.datanode.use.datanode.hostname=false, hdds.datanode.volume.choosing.policy=org.apache.hadoop.ozone.container.common.volume.CapacityVolumeChoosingPolicy, hdds.datanode.volume.min.free.space=-1, hdds.datanode.volume.min.free.space.percent=-1, hdds.datanode.wait.on.all.followers=false, hdds.db.profile=DISK, hdds.grpc.tls.enabled=false, hdds.grpc.tls.provider=OPENSSL, hdds.heartbeat.initial-interval=2s, hdds.heartbeat.interval=1s, hdds.heartbeat.recon.initial-interval=60s, hdds.heartbeat.recon.interval=60s, hdds.key.algo=RSA, hdds.key.dir.name=keys, hdds.key.len=2048, hdds.node.report.interval=60000ms, hdds.pipeline.action.max.limit=20, hdds.pipeline.report.interval=60000ms, hdds.priv.key.file.name=private.pem, hdds.profiler.endpoint.enabled=false, hdds.prometheus.endpoint.enabled=true, hdds.public.key.file.name=public.pem, hdds.ratis.client.exponential.backoff.base.sleep=4s, hdds.ratis.client.exponential.backoff.max.retries=2147483647, hdds.ratis.client.exponential.backoff.max.sleep=40s, hdds.ratis.client.multilinear.random.retry.policy=5s, 5, 10s, 5, 15s, 5, 20s, 5, 25s, 5, 60s, 10, hdds.ratis.client.request.watch.timeout=3m, hdds.ratis.client.request.watch.type=ALL_COMMITTED, hdds.ratis.client.request.write.timeout=5m, hdds.ratis.client.retry.policy=org.apache.hadoop.hdds.ratis.retrypolicy.RequestTypeDependentRetryPolicyCreator, hdds.ratis.client.retrylimited.max.retries=180, hdds.ratis.client.retrylimited.retry.interval=1s, hdds.ratis.leader.election.minimum.timeout.duration=5s, hdds.ratis.raft.client.async.outstanding-requests.max=32, hdds.ratis.raft.client.rpc.request.timeout=60s, hdds.ratis.raft.client.rpc.watch.request.timeout=180s, hdds.ratis.raft.grpc.flow.control.window=5MB, hdds.ratis.raft.server.datastream.client.pool.size=10, hdds.ratis.raft.server.datastream.request.threads=20, hdds.ratis.raft.server.delete.ratis.log.directory=true, hdds.ratis.raft.server.leaderelection.pre-vote=true, hdds.ratis.raft.server.log.appender.wait-time.min=0us, hdds.ratis.raft.server.notification.no-leader.timeout=300s, hdds.ratis.raft.server.rpc.request.timeout=60s, hdds.ratis.raft.server.rpc.slowness.timeout=300s, hdds.ratis.raft.server.watch.timeout=30s, hdds.ratis.raft.server.write.element-limit=1024, hdds.ratis.server.num.snapshots.retained=5, hdds.ratis.server.retry-cache.timeout.duration=600000ms, hdds.ratis.snapshot.threshold=100000, hdds.scm.block.deleting.service.interval=60s, hdds.scm.block.deletion.per-interval.max=100000, hdds.scm.block.deletion.txn.dn.commit.map.limit=5000000, hdds.scm.ec.pipeline.choose.policy.impl=org.apache.hadoop.hdds.scm.pipeline.choose.algorithms.RandomPipelineChoosePolicy, hdds.scm.http.auth.kerberos.keytab=/etc/security/keytabs/HTTP.keytab, hdds.scm.http.auth.kerberos.principal=HTTP/_HOST@REALM, hdds.scm.http.auth.type=simple, hdds.scm.kerberos.keytab.file=/etc/security/keytabs/SCM.keytab, hdds.scm.kerberos.principal=SCM/_HOST@REALM, hdds.scm.pipeline.choose.policy.impl=org.apache.hadoop.hdds.scm.pipeline.choose.algorithms.RandomPipelineChoosePolicy, hdds.scm.replication.datanode.delete.container.limit=40, hdds.scm.replication.datanode.reconstruction.weight=3, hdds.scm.replication.datanode.replication.limit=20, hdds.scm.replication.event.timeout=12m, hdds.scm.replication.event.timeout.datanode.offset=6m, hdds.scm.replication.inflight.limit.factor=0.75, hdds.scm.replication.maintenance.remaining.redundancy=1, hdds.scm.replication.maintenance.replica.minimum=2, hdds.scm.replication.over.replicated.interval=30s, hdds.scm.replication.push=true, hdds.scm.replication.thread.interval=300s, hdds.scm.replication.under.replicated.interval=30s, hdds.scm.safemode.atleast.one.node.reported.pipeline.pct=0.90, hdds.scm.safemode.enabled=true, hdds.scm.safemode.healthy.pipeline.pct=0.10, hdds.scm.safemode.min.datanode=3, hdds.scm.safemode.pipeline.creation=true, hdds.scm.safemode.threshold.pct=0.99, hdds.scm.unknown-container.action=WARN, hdds.scm.wait.time.after.safemode.exit=3s, hdds.scmclient.failover.max.retry=15, hdds.scmclient.failover.retry.interval=2000ms, hdds.scmclient.max.retry.timeout=30000ms, hdds.scmclient.rpc.timeout=900000ms, hdds.secret.key.algorithm=HmacSHA256, hdds.secret.key.expiry.duration=7d, hdds.secret.key.file.name=secret_keys.json, hdds.secret.key.rotate.check.duration=10m, hdds.secret.key.rotate.duration=1d, hdds.security.client.datanode.container.protocol.acl=*, hdds.security.client.scm.block.protocol.acl=*, hdds.security.client.scm.certificate.protocol.acl=*, hdds.security.client.scm.container.protocol.acl=*, hdds.security.client.scm.secretkey.datanode.protocol.acl=*, hdds.security.client.scm.secretkey.om.protocol.acl=*, hdds.security.client.scm.secretkey.scm.protocol.acl=*, hdds.security.provider=BC, hdds.tracing.enabled=false, hdds.x509.ca.rotation.ack.timeout=PT15M, hdds.x509.ca.rotation.check.interval=P1D, hdds.x509.ca.rotation.enabled=false, hdds.x509.ca.rotation.time-of-day=02:00:00, hdds.x509.default.duration=P365D, hdds.x509.dir.name=certs, hdds.x509.expired.certificate.check.interval=P1D, hdds.x509.file.name=certificate.crt, hdds.x509.max.duration=P1865D, hdds.x509.renew.grace.duration=P28D, hdds.x509.rootca.certificate.polling.interval=PT2h, hdds.x509.signature.algorithm=SHA256withRSA, hdds.xframe.enabled=true, hdds.xframe.value=SAMEORIGIN, ozone.UnsafeByteOperations.enabled=true, ozone.acl.authorizer.class=org.apache.hadoop.ozone.security.acl.OzoneAccessAuthorizer, ozone.acl.enabled=false, ozone.block.deleting.service.interval=1m, ozone.block.deleting.service.timeout=300000ms, ozone.block.deleting.service.workers=10, ozone.chunk.read.buffer.default.size=1MB, ozone.chunk.read.mapped.buffer.max.count=0, ozone.chunk.read.mapped.buffer.threshold=32KB, ozone.client.bucket.replication.config.refresh.time.ms=30000, ozone.client.bytes.per.checksum=16KB, ozone.client.checksum.combine.mode=COMPOSITE_CRC, ozone.client.checksum.type=CRC32, ozone.client.connection.timeout=5000ms, ozone.client.datastream.buffer.flush.size=4MB, ozone.client.datastream.min.packet.size=256KB, ozone.client.datastream.pipeline.mode=true, ozone.client.datastream.window.size=8MB, ozone.client.ec.grpc.retries.enabled=true, ozone.client.ec.grpc.retries.max=3, ozone.client.ec.grpc.write.timeout=30s, ozone.client.ec.reconstruct.stripe.read.pool.limit=30, ozone.client.ec.reconstruct.stripe.write.pool.limit=30, ozone.client.ec.stripe.queue.size=2, ozone.client.exclude.nodes.expiry.time=600000, ozone.client.failover.max.attempts=500, ozone.client.fs.default.bucket.layout=FILE_SYSTEM_OPTIMIZED, ozone.client.hbase.enhancements.allowed=false, ozone.client.incremental.chunk.list=false, ozone.client.key.latest.version.location=true, ozone.client.key.provider.cache.expiry=10d, ozone.client.key.write.concurrency=1, ozone.client.list.cache=1000, ozone.client.max.ec.stripe.write.retries=10, ozone.client.max.retries=5, ozone.client.read.max.retries=3, ozone.client.read.retry.interval=1, ozone.client.read.timeout=30s, ozone.client.retry.interval=0, ozone.client.server-defaults.validity.period.ms=3600000, ozone.client.socket.timeout=5000ms, ozone.client.stream.buffer.flush.delay=true, ozone.client.stream.buffer.flush.size=1MB, ozone.client.stream.buffer.increment=0B, ozone.client.stream.buffer.max.size=2MB, ozone.client.stream.buffer.size=1MB, ozone.client.stream.putblock.piggybacking=false, ozone.client.verify.checksum=true, ozone.client.wait.between.retries.millis=2000, ozone.compaction.service.enabled=false, ozone.container.cache.lock.stripes=1024, ozone.container.cache.size=1024, ozone.directory.deleting.service.interval=1m, ozone.filesystem.snapshot.enabled=true, ozone.freon.http-address=0.0.0.0:9884, ozone.freon.http-bind-host=0.0.0.0, ozone.freon.http.auth.kerberos.keytab=/etc/security/keytabs/HTTP.keytab, ozone.freon.http.auth.kerberos.principal=HTTP/_HOST@REALM, ozone.freon.http.auth.type=simple, ozone.freon.http.enabled=true, ozone.freon.https-address=0.0.0.0:9885, ozone.freon.https-bind-host=0.0.0.0, ozone.fs.datastream.auto.threshold=0MB, ozone.fs.datastream.enabled=true, ozone.fs.hsync.enabled=false, ozone.fs.iterate.batch-size=100, ozone.fs.listing.page.size=1024, ozone.fs.listing.page.size.max=5000, ozone.hbase.enhancements.allowed=false, ozone.http.basedir=/home/runner/work/ozone/ozone/hadoop-ozone/integration-test-s3/ozone_http_tmp_base_dir13679671364906209741, ozone.http.policy=HTTP_ONLY, ozone.https.client.keystore.resource=ssl-client.xml, ozone.https.client.need-auth=false, ozone.https.server.keystore.resource=ssl-server.xml, ozone.key.deleting.limit.per.task=20000, ozone.key.preallocation.max.blocks=64, ozone.manager.delegation.remover.scan.interval=3600000, ozone.manager.delegation.token.max-lifetime=7d, ozone.manager.delegation.token.renew-interval=1d, ozone.metadata.dirs=/home/runner/work/ozone/ozone/hadoop-ozone/integration-test-s3/target/test-dir/MiniOzoneClusterImpl-4f0ef3c3-c429-48e0-ae71-8c6302523d84/ozone-meta, ozone.metadata.dirs.permissions=750, ozone.metastore.rocksdb.cf.write.buffer.size=128MB, ozone.metastore.rocksdb.statistics=OFF, ozone.network.flexible.fqdn.resolution.enabled=false, ozone.network.jvm.address.cache.enabled=true, ozone.network.topology.aware.read=true, ozone.om.address=localhost:15006, ozone.om.admin.protocol.max.retries=20, ozone.om.admin.protocol.wait.between.retries=1000, ozone.om.client.rpc.timeout=15m, ozone.om.client.trash.core.pool.size=5, ozone.om.compaction.service.columnfamilies=keyTable,fileTable,directoryTable,deletedTable,deletedDirectoryTable,multipartInfoTable, ozone.om.compaction.service.run.interval=6h, ozone.om.compaction.service.timeout=10m, ozone.om.container.location.cache.size=100000, ozone.om.container.location.cache.ttl=360m, ozone.om.db.dirs.permissions=750, ozone.om.db.max.open.files=-1, ozone.om.delta.update.data.size.max.limit=1024MB, ozone.om.edekcacheloader.initial.delay.ms=3000, ozone.om.edekcacheloader.interval.ms=1000, ozone.om.edekcacheloader.max-retries=10, ozone.om.enable.filesystem.paths=false, ozone.om.enable.ofs.shared.tmp.dir=false, ozone.om.fs.snapshot.max.limit=1000, ozone.om.group.rights=READ, LIST, ozone.om.grpc.bossgroup.size=8, ozone.om.grpc.maximum.response.length=134217728, ozone.om.grpc.port=8981, ozone.om.grpc.read.thread.num=32, ozone.om.grpc.workergroup.size=32, ozone.om.ha.raft.server.log.appender.wait-time.min=0ms, ozone.om.ha.raft.server.retrycache.expirytime=300s, ozone.om.handler.count.key=20, ozone.om.http-address=0.0.0.0:15007, ozone.om.http-bind-host=0.0.0.0, ozone.om.http.auth.kerberos.keytab=/etc/security/keytabs/HTTP.keytab, ozone.om.http.auth.kerberos.principal=HTTP/_HOST@REALM, ozone.om.http.auth.type=simple, ozone.om.http.enabled=true, ozone.om.https-address=127.0.0.1:15008, ozone.om.https-bind-host=0.0.0.0, ozone.om.kerberos.keytab.file=/etc/security/keytabs/OM.keytab, ozone.om.kerberos.principal=OM/_HOST@REALM, ozone.om.kerberos.principal.pattern=*, ozone.om.key.path.lock.enabled=false, ozone.om.keyname.character.check.enabled=false, ozone.om.leader.election.minimum.timeout.duration=5s, ozone.om.lease.hard.limit=7d, ozone.om.lease.soft.limit=60s, ozone.om.lock.fair=false, ozone.om.max.buckets=100000, ozone.om.multitenancy.enabled=false, ozone.om.multitenancy.ranger.sync.interval=10m, ozone.om.multitenancy.ranger.sync.timeout=10s, ozone.om.namespace.s3.strict=true, ozone.om.network.topology.refresh.duration=1h, ozone.om.open.key.cleanup.limit.per.task=1000, ozone.om.open.key.cleanup.service.interval=24h, ozone.om.open.key.cleanup.service.timeout=300s, ozone.om.open.key.expire.threshold=7d, ozone.om.open.mpu.cleanup.service.interval=24h, ozone.om.open.mpu.cleanup.service.timeout=300s, ozone.om.open.mpu.expire.threshold=30d, ozone.om.open.mpu.parts.cleanup.limit.per.task=1000, ozone.om.ratis.log.appender.queue.byte-limit=4MB, ozone.om.ratis.log.appender.queue.num-elements=1024, ozone.om.ratis.log.purge.gap=1000000, ozone.om.ratis.log.purge.preservation.log.num=0, ozone.om.ratis.log.purge.upto.snapshot.index=true, ozone.om.ratis.minimum.timeout=1s, ozone.om.ratis.port=15009, ozone.om.ratis.rpc.type=GRPC, ozone.om.ratis.segment.preallocated.size=4MB, ozone.om.ratis.segment.size=4MB, ozone.om.ratis.server.close.threshold=60s, ozone.om.ratis.server.failure.timeout.duration=120s, ozone.om.ratis.server.leaderelection.pre-vote=true, ozone.om.ratis.server.request.timeout=3s, ozone.om.ratis.server.retry.cache.timeout=600000ms, ozone.om.ratis.snapshot.max.total.sst.size=100000000, ozone.om.read.threadpool=10, ozone.om.s3.grpc.server_enabled=false, ozone.om.save.metrics.interval=5m, ozone.om.security.admin.protocol.acl=*, ozone.om.security.client.protocol.acl=*, ozone.om.server.list.max.size=1000, ozone.om.snapshot.cache.cleanup.service.run.interval=1m, ozone.om.snapshot.cache.max.size=10, ozone.om.snapshot.checkpoint.dir.creation.poll.timeout=20s, ozone.om.snapshot.compaction.dag.max.time.allowed=30d, ozone.om.snapshot.compaction.dag.prune.daemon.run.interval=3600s, ozone.om.snapshot.db.max.open.files=100, ozone.om.snapshot.diff.cleanup.service.run.interval=1m, ozone.om.snapshot.diff.cleanup.service.timeout=5m, ozone.om.snapshot.diff.disable.native.libs=false, ozone.om.snapshot.diff.job.default.wait.time=1s, ozone.om.snapshot.diff.job.report.persistent.time=7d, ozone.om.snapshot.diff.max.allowed.keys.changed.per.job=10000000, ozone.om.snapshot.diff.max.jobs.purge.per.task=100, ozone.om.snapshot.diff.max.page.size=1000, ozone.om.snapshot.diff.thread.pool.size=10, ozone.om.snapshot.force.full.diff=false, ozone.om.snapshot.load.native.lib=true, ozone.om.snapshot.provider.connection.timeout=5000s, ozone.om.snapshot.provider.request.timeout=300000ms, ozone.om.snapshot.provider.socket.timeout=5000s, ozone.om.snapshot.rocksdb.metrics.enabled=false, ozone.om.transport.class=org.apache.hadoop.ozone.om.protocolPB.Hadoop3OmTransportFactory, ozone.om.unflushed.transaction.max.count=10000, ozone.om.upgrade.finalization.ratis.based.timeout=30s, ozone.om.upgrade.quota.recalculate.enabled=true, ozone.om.user.max.volume=1024, ozone.om.user.rights=ALL, ozone.om.volume.listall.allowed=true, ozone.recon.containerkey.flush.db.max.threshold=150000, ozone.recon.db.dirs.permissions=750, ozone.recon.heatmap.enable=false, ozone.recon.http-address=0.0.0.0:9888, ozone.recon.http-bind-host=0.0.0.0, ozone.recon.http.auth.kerberos.keytab=/etc/security/keytabs/HTTP.keytab, ozone.recon.http.auth.kerberos.principal=HTTP/_HOST@REALM, ozone.recon.http.auth.type=simple, ozone.recon.http.enabled=true, ozone.recon.https-address=0.0.0.0:9889, ozone.recon.https-bind-host=0.0.0.0, ozone.recon.nssummary.flush.db.max.threshold=150000, ozone.recon.om.connection.request.timeout=5000, ozone.recon.om.connection.timeout=5s, ozone.recon.om.snapshot.task.flush.param=false, ozone.recon.om.snapshot.task.initial.delay=1m, ozone.recon.om.snapshot.task.interval.delay=5s, ozone.recon.om.socket.timeout=5s, ozone.recon.scm.connection.request.timeout=5s, ozone.recon.scm.connection.timeout=5s, ozone.recon.scm.container.threshold=100, ozone.recon.scm.snapshot.enabled=true, ozone.recon.scm.snapshot.task.initial.delay=1m, ozone.recon.scm.snapshot.task.interval.delay=24h, ozone.recon.scmclient.failover.max.retry=3, ozone.recon.scmclient.max.retry.timeout=6s, ozone.recon.scmclient.rpc.timeout=1m, ozone.recon.security.client.datanode.container.protocol.acl=*, ozone.recon.sql.db.auto.commit=true, ozone.recon.sql.db.conn.idle.max.age=3600s, ozone.recon.sql.db.conn.idle.test=SELECT 1, ozone.recon.sql.db.conn.idle.test.period=60s, ozone.recon.sql.db.conn.max.active=5, ozone.recon.sql.db.conn.max.age=1800s, ozone.recon.sql.db.conn.timeout=30000ms, ozone.recon.sql.db.driver=org.apache.derby.jdbc.EmbeddedDriver, ozone.recon.sql.db.jdbc.url=jdbc:derby:${ozone.recon.db.dir}/ozone_recon_derby.db, ozone.recon.sql.db.jooq.dialect=DERBY, ozone.recon.task.containercounttask.interval=60s, ozone.recon.task.missingcontainer.interval=300s, ozone.recon.task.pipelinesync.interval=300s, ozone.recon.task.safemode.wait.threshold=300s, ozone.recon.task.thread.count=1, ozone.replication.allowed-configs=^((STANDALONE|RATIS)/(ONE|THREE))|(EC/(3-2|6-3|10-4)-(512|1024|2048|4096)k)$, ozone.rest.client.http.connection.max=100, ozone.rest.client.http.connection.per-route.max=20, ozone.s3g.client.buffer.size=4MB, ozone.s3g.default.bucket.layout=OBJECT_STORE, ozone.s3g.http-address=127.0.0.1:15050, ozone.s3g.http-bind-host=0.0.0.0, ozone.s3g.http.auth.kerberos.keytab=/etc/security/keytabs/HTTP.keytab, ozone.s3g.http.auth.kerberos.principal=HTTP/_HOST@REALM, ozone.s3g.http.auth.type=simple, ozone.s3g.http.enabled=true, ozone.s3g.https-address=127.0.0.1:15051, ozone.s3g.kerberos.keytab.file=/etc/security/keytabs/s3g.keytab, ozone.s3g.kerberos.principal=s3g/_HOST@REALM, ozone.s3g.list-keys.shallow.enabled=true, ozone.s3g.metrics.percentiles.intervals.seconds=60, ozone.s3g.secret.http.auth.type=kerberos, ozone.s3g.secret.http.enabled=false, ozone.s3g.volume.name=s3v, ozone.s3g.webadmin.http-address=0.0.0.0:19878, ozone.s3g.webadmin.http-bind-host=0.0.0.0, ozone.s3g.webadmin.http.enabled=true, ozone.s3g.webadmin.https-address=0.0.0.0:19879, ozone.scm.block.client.address=0.0.0.0:15001, ozone.scm.block.client.bind.host=0.0.0.0, ozone.scm.block.client.port=9863, ozone.scm.block.deletion.max.retry=4096, ozone.scm.block.handler.count.key=100, ozone.scm.block.read.threadpool=10, ozone.scm.block.size=4MB, ozone.scm.ca.list.retry.interval=10s, ozone.scm.chunk.size=1MB, ozone.scm.client.address=0.0.0.0:15000, ozone.scm.client.bind.host=0.0.0.0, ozone.scm.client.handler.count.key=100, ozone.scm.client.port=9860, ozone.scm.client.read.threadpool=10, ozone.scm.close.container.wait.duration=1s, ozone.scm.container.layout=FILE_PER_BLOCK, ozone.scm.container.list.max.count=4096, ozone.scm.container.lock.stripes=512, ozone.scm.container.placement.ec.impl=org.apache.hadoop.hdds.scm.container.placement.algorithms.SCMContainerPlacementRackScatter, ozone.scm.container.placement.impl=org.apache.hadoop.hdds.scm.container.placement.algorithms.SCMContainerPlacementRackAware, ozone.scm.container.size=128MB, ozone.scm.datanode.address=0.0.0.0:15002, ozone.scm.datanode.admin.monitor.interval=30s, ozone.scm.datanode.admin.monitor.logging.limit=1000, ozone.scm.datanode.disallow.same.peers=false, ozone.scm.datanode.handler.count.key=100, ozone.scm.datanode.pipeline.limit=2, ozone.scm.datanode.port=9861, ozone.scm.datanode.ratis.volume.free-space.min=1GB, ozone.scm.datanode.read.threadpool=10, ozone.scm.db.dirs.permissions=750, ozone.scm.dead.node.interval=10m, ozone.scm.ec.pipeline.minimum=5, ozone.scm.ec.pipeline.per.volume.factor=1, ozone.scm.event.ContainerReport.thread.pool.size=10, ozone.scm.expired.container.replica.op.scrub.interval=5m, ozone.scm.grpc.port=15005, ozone.scm.ha.dbtransactionbuffer.flush.interval=600s, ozone.scm.ha.grpc.deadline.interval=30m, ozone.scm.ha.raft.server.log.appender.wait-time.min=0ms, ozone.scm.ha.raft.server.rpc.first-election.timeout=1s, ozone.scm.ha.ratis.leader.election.timeout=5s, ozone.scm.ha.ratis.leader.ready.check.interval=2s, ozone.scm.ha.ratis.leader.ready.wait.timeout=60s, ozone.scm.ha.ratis.log.appender.queue.byte-limit=4MB, ozone.scm.ha.ratis.log.appender.queue.num-elements=1024, ozone.scm.ha.ratis.log.purge.enabled=false, ozone.scm.ha.ratis.log.purge.gap=1000000, ozone.scm.ha.ratis.request.timeout=30s, ozone.scm.ha.ratis.rpc.type=GRPC, ozone.scm.ha.ratis.segment.preallocated.size=4MB, ozone.scm.ha.ratis.segment.size=4MB, ozone.scm.ha.ratis.server.failure.timeout.duration=120s, ozone.scm.ha.ratis.server.leaderelection.pre-vote=true, ozone.scm.ha.ratis.server.retry.cache.timeout=60s, ozone.scm.ha.ratis.server.snapshot.creation.gap=1024, ozone.scm.ha.ratis.snapshot.threshold=1000, ozone.scm.handler.count.key=20, ozone.scm.heartbeat.log.warn.interval.count=10, ozone.scm.heartbeat.rpc-retry-count=15, ozone.scm.heartbeat.rpc-retry-interval=1s, ozone.scm.heartbeat.rpc-timeout=5s, ozone.scm.heartbeat.thread.interval=100ms, ozone.scm.http-address=0.0.0.0:15003, ozone.scm.http-bind-host=0.0.0.0, ozone.scm.http.enabled=true, ozone.scm.https-address=0.0.0.0:9877, ozone.scm.https-bind-host=0.0.0.0, ozone.scm.info.wait.duration=10m, ozone.scm.keyvalue.container.deletion-choosing.policy=org.apache.hadoop.ozone.container.common.impl.TopNOrderedContainerDeletionChoosingPolicy, ozone.scm.names=0.0.0.0:15002, ozone.scm.network.topology.schema.file=network-topology-default.xml, ozone.scm.pipeline.allocated.timeout=5m, ozone.scm.pipeline.creation.auto.factor.one=false, ozone.scm.pipeline.creation.interval=120s, ozone.scm.pipeline.destroy.timeout=66s, ozone.scm.pipeline.leader-choose.policy=org.apache.hadoop.hdds.scm.pipeline.leader.choose.algorithms.MinLeaderCountChoosePolicy, ozone.scm.pipeline.owner.container.count=3, ozone.scm.pipeline.per.metadata.disk=2, ozone.scm.pipeline.scrub.interval=5m, ozone.scm.ratis.pipeline.limit=3, ozone.scm.ratis.port=15004, ozone.scm.security.handler.count.key=2, ozone.scm.security.read.threadpool=1, ozone.scm.security.service.bind.host=0.0.0.0, ozone.scm.security.service.port=9961, ozone.scm.sequence.id.batch.size=1000, ozone.scm.skip.bootstrap.validation=false, ozone.scm.stale.node.interval=5m, ozone.security.crypto.compliance.mode=unrestricted, ozone.security.enabled=false, ozone.security.http.kerberos.enabled=false, ozone.security.reconfigure.protocol.acl=*, ozone.server.default.replication=3, ozone.server.default.replication.type=RATIS, ozone.service.shutdown.timeout=60s, ozone.snapshot.deep.cleaning.enabled=false, ozone.snapshot.deleting.limit.per.task=10, ozone.snapshot.deleting.service.interval=30s, ozone.snapshot.deleting.service.timeout=300s, ozone.snapshot.directory.service.interval=24h, ozone.snapshot.directory.service.timeout=300s, ozone.snapshot.filtering.limit.per.task=2, ozone.snapshot.filtering.service.interval=1m, ozone.snapshot.key.deleting.limit.per.task=20000, ozone.sst.filtering.service.timeout=300000ms, ozone.volume.io.percentiles.intervals.seconds=60, ozone.xceiver.client.metrics.percentiles.intervals.seconds=60, recon.om.delta.update.lag.threshold=0, recon.om.delta.update.limit=50000, rpc.engine.org.apache.hadoop.hdds.protocolPB.ReconfigureProtocolOmPB=org.apache.hadoop.ipc.ProtobufRpcEngine, rpc.engine.org.apache.hadoop.hdds.protocolPB.ReconfigureProtocolPB=org.apache.hadoop.ipc.ProtobufRpcEngine, rpc.engine.org.apache.hadoop.hdds.scm.protocolPB.ScmBlockLocationProtocolPB=org.apache.hadoop.ipc.ProtobufRpcEngine, rpc.engine.org.apache.hadoop.hdds.scm.protocolPB.StorageContainerLocationProtocolPB=org.apache.hadoop.ipc.ProtobufRpcEngine, rpc.engine.org.apache.hadoop.ozone.om.protocolPB.OMAdminProtocolPB=org.apache.hadoop.ipc.ProtobufRpcEngine, rpc.engine.org.apache.hadoop.ozone.om.protocolPB.OMInterServiceProtocolPB=org.apache.hadoop.ipc.ProtobufRpcEngine, rpc.engine.org.apache.hadoop.ozone.om.protocolPB.OzoneManagerProtocolPB=org.apache.hadoop.ipc.ProtobufRpcEngine, rpc.engine.org.apache.hadoop.ozone.protocolPB.StorageContainerDatanodeProtocolPB=org.apache.hadoop.ipc.ProtobufRpcEngine, scm.container.client.idle.threshold=10s, scm.container.client.max.size=256, test.scm.client.address=localhost, test.scm.client.bind.host=0.0.0.0, test.scm.client.class=java.lang.Object, test.scm.client.compression.enabled=true, test.scm.client.duration=1h, test.scm.client.enabled=true, test.scm.client.port=9878, test.scm.client.threshold=10, test.scm.client.wait=30m}
************************************************************/
2025-05-12 14:23:21,138 [f0ab5fca-9f92-40bd-8337-87c2f3c3b858@group-8C6302523D84-StateMachineUpdater] INFO  safemode.SCMSafeModeManager (SCMSafeModeManager.java:validateSafeModeExitRules(140)) - DataNodeSafeModeRule rule is successfully validated
2025-05-12 14:23:21,138 [f0ab5fca-9f92-40bd-8337-87c2f3c3b858@group-8C6302523D84-StateMachineUpdater] INFO  safemode.SCMSafeModeManager (SCMSafeModeManager.java:validateSafeModeExitRules(140)) - RatisContainerSafeModeRule rule is successfully validated
2025-05-12 14:23:21,139 [f0ab5fca-9f92-40bd-8337-87c2f3c3b858@group-8C6302523D84-StateMachineUpdater] INFO  safemode.HealthyPipelineSafeModeRule (HealthyPipelineSafeModeRule.java:initializeRule(173)) - Refreshed total pipeline count is 0, healthy pipeline threshold count is 1
2025-05-12 14:23:21,139 [f0ab5fca-9f92-40bd-8337-87c2f3c3b858@group-8C6302523D84-StateMachineUpdater] INFO  safemode.SCMSafeModeManager (SCMSafeModeManager.java:validateSafeModeExitRules(140)) - ECContainerSafeModeRule rule is successfully validated
2025-05-12 14:23:21,139 [f0ab5fca-9f92-40bd-8337-87c2f3c3b858@group-8C6302523D84-StateMachineUpdater] INFO  safemode.SCMSafeModeManager (SCMSafeModeManager.java:validateSafeModeExitRules(140)) - AtleastOneDatanodeReportedRule rule is successfully validated
2025-05-12 14:23:21,140 [RatisPipelineUtilsThread-0] INFO  pipeline.PipelineManagerImpl (PipelineManagerImpl.java:recordMetricsForPipeline(907)) - Pipeline: PipelineID=01ecadce-c668-4e39-b7a3-9d565607491f contains same datanodes as previous pipelines: PipelineID=2194b595-5648-4e64-ad38-c1376016da3b nodeIds: 807d821f-bf9f-4e54-9fe3-c13c7f8c8c03, 99006d7d-02a9-415e-9b0e-000c52fd4d50, e6edfd35-e7a8-467e-9cce-10d1c0c9f75d
2025-05-12 14:23:21,140 [RatisPipelineUtilsThread-0] INFO  pipeline.BackgroundPipelineCreator (BackgroundPipelineCreator.java:createPipelines(246)) - Created new pipeline Pipeline{ Id: 01ecadce-c668-4e39-b7a3-9d565607491f, Nodes: [ {807d821f-bf9f-4e54-9fe3-c13c7f8c8c03(localhost/127.0.0.1), ReplicaIndex: 0}, {99006d7d-02a9-415e-9b0e-000c52fd4d50(localhost/127.0.0.1), ReplicaIndex: 0}, {e6edfd35-e7a8-467e-9cce-10d1c0c9f75d(localhost/127.0.0.1), ReplicaIndex: 0},], ReplicationConfig: RATIS/THREE, State:ALLOCATED, leaderId:, CreationTimestamp2025-05-12T14:23:21.126511690Z[Etc/UTC]}
2025-05-12 14:23:21,163 [main] INFO  s3.Gateway (SignalLogger.java:register(99)) - registered UNIX signal handlers for [SIGHUP, SIGINT, SIGTERM]
2025-05-12 14:23:21,183 [main] INFO  s3.Gateway (Gateway.java:start(102)) - Starting Ozone S3 gateway
2025-05-12 14:23:21,183 [main] INFO  impl.MetricsSystemImpl (MetricsSystemImpl.java:init(158)) - S3Gateway metrics system started (again)
2025-05-12 14:23:21,203 [main] INFO  http.HttpServer2 (HttpServer2.java:bindListener(1242)) - Jetty bound to port 15050
2025-05-12 14:23:21,204 [JvmPauseMonitor7] INFO  util.JvmPauseMonitor (JvmPauseMonitor.java:run(146)) - JvmPauseMonitor-S3G: Started
2025-05-12 14:23:21,205 [main] INFO  server.Server (Server.java:doStart(375)) - jetty-9.4.57.v20241219; built: 2025-01-08T21:24:30.412Z; git: df524e6b29271c2e09ba9aea83c18dc9db464a31; jvm 21.0.7+6-LTS
2025-05-12 14:23:21,349 [main] INFO  server.session (DefaultSessionIdManager.java:doStart(334)) - DefaultSessionIdManager workerName=node0
2025-05-12 14:23:21,349 [main] INFO  server.session (DefaultSessionIdManager.java:doStart(339)) - No SessionScavenger set, using defaults
2025-05-12 14:23:21,350 [main] INFO  server.session (HouseKeeper.java:startScavenging(132)) - node0 Scavenging every 600000ms
2025-05-12 14:23:21,366 [df6cad5e-12c3-42d0-bdc6-a0b27f1d5e72-EndpointStateMachineTaskThread-/0.0.0.0:15002-0 ] INFO  utils.DatanodeStoreCache (DatanodeStoreCache.java:addDB(70)) - Added db /home/runner/work/ozone/ozone/hadoop-ozone/integration-test-s3/target/test-dir/MiniOzoneClusterImpl-4f0ef3c3-c429-48e0-ae71-8c6302523d84/ozone-meta/datanode-5/data-0/hdds/4f0ef3c3-c429-48e0-ae71-8c6302523d84/DS-0d4bea6e-f7fd-4d4d-bc2d-8e8787904b50/container.db to cache
2025-05-12 14:23:21,366 [df6cad5e-12c3-42d0-bdc6-a0b27f1d5e72-EndpointStateMachineTaskThread-/0.0.0.0:15002-0 ] INFO  volume.HddsVolume (HddsVolume.java:createDbStore(510)) - SchemaV3 db is created and loaded at /home/runner/work/ozone/ozone/hadoop-ozone/integration-test-s3/target/test-dir/MiniOzoneClusterImpl-4f0ef3c3-c429-48e0-ae71-8c6302523d84/ozone-meta/datanode-5/data-0/hdds/4f0ef3c3-c429-48e0-ae71-8c6302523d84/DS-0d4bea6e-f7fd-4d4d-bc2d-8e8787904b50/container.db for volume DS-0d4bea6e-f7fd-4d4d-bc2d-8e8787904b50
2025-05-12 14:23:21,377 [df6cad5e-12c3-42d0-bdc6-a0b27f1d5e72-ContainerReader-0] INFO  ozoneimpl.ContainerReader (ContainerReader.java:readVolume(144)) - Start to verify containers on volume /home/runner/work/ozone/ozone/hadoop-ozone/integration-test-s3/target/test-dir/MiniOzoneClusterImpl-4f0ef3c3-c429-48e0-ae71-8c6302523d84/ozone-meta/datanode-5/data-0/hdds
2025-05-12 14:23:21,377 [df6cad5e-12c3-42d0-bdc6-a0b27f1d5e72-ContainerReader-0] INFO  ozoneimpl.ContainerReader (ContainerReader.java:readVolume(174)) - Finish verifying containers on volume /home/runner/work/ozone/ozone/hadoop-ozone/integration-test-s3/target/test-dir/MiniOzoneClusterImpl-4f0ef3c3-c429-48e0-ae71-8c6302523d84/ozone-meta/datanode-5/data-0/hdds
2025-05-12 14:23:21,377 [df6cad5e-12c3-42d0-bdc6-a0b27f1d5e72-EndpointStateMachineTaskThread-/0.0.0.0:15002-0 ] INFO  ozoneimpl.OzoneContainer (OzoneContainer.java:buildContainerSet(364)) - Build ContainerSet costs 0s
2025-05-12 14:23:21,379 [df6cad5e-12c3-42d0-bdc6-a0b27f1d5e72-EndpointStateMachineTaskThread-/0.0.0.0:15002-0 ] INFO  volume.ThrottledAsyncChecker (ThrottledAsyncChecker.java:schedule(138)) - Scheduling a check for /home/runner/work/ozone/ozone/hadoop-ozone/integration-test-s3/target/test-dir/MiniOzoneClusterImpl-4f0ef3c3-c429-48e0-ae71-8c6302523d84/ozone-meta/datanode-5/data-0/hdds
2025-05-12 14:23:21,379 [df6cad5e-12c3-42d0-bdc6-a0b27f1d5e72-EndpointStateMachineTaskThread-/0.0.0.0:15002-0 ] INFO  volume.StorageVolumeChecker (StorageVolumeChecker.java:checkAllVolumes(215)) - Scheduled health check for volume /home/runner/work/ozone/ozone/hadoop-ozone/integration-test-s3/target/test-dir/MiniOzoneClusterImpl-4f0ef3c3-c429-48e0-ae71-8c6302523d84/ozone-meta/datanode-5/data-0/hdds
2025-05-12 14:23:21,390 [df6cad5e-12c3-42d0-bdc6-a0b27f1d5e72-EndpointStateMachineTaskThread-/0.0.0.0:15002-0 ] INFO  volume.ThrottledAsyncChecker (ThrottledAsyncChecker.java:schedule(138)) - Scheduling a check for /home/runner/work/ozone/ozone/hadoop-ozone/integration-test-s3/target/test-dir/MiniOzoneClusterImpl-4f0ef3c3-c429-48e0-ae71-8c6302523d84/ozone-meta/datanode-5/ratis
2025-05-12 14:23:21,390 [df6cad5e-12c3-42d0-bdc6-a0b27f1d5e72-EndpointStateMachineTaskThread-/0.0.0.0:15002-0 ] INFO  volume.StorageVolumeChecker (StorageVolumeChecker.java:checkAllVolumes(215)) - Scheduled health check for volume /home/runner/work/ozone/ozone/hadoop-ozone/integration-test-s3/target/test-dir/MiniOzoneClusterImpl-4f0ef3c3-c429-48e0-ae71-8c6302523d84/ozone-meta/datanode-5/ratis
2025-05-12 14:23:21,392 [df6cad5e-12c3-42d0-bdc6-a0b27f1d5e72-EndpointStateMachineTaskThread-/0.0.0.0:15002-0 ] INFO  ozoneimpl.OzoneContainer (OzoneContainer.java:start(512)) - Attempting to start container services.
2025-05-12 14:23:21,393 [df6cad5e-12c3-42d0-bdc6-a0b27f1d5e72-EndpointStateMachineTaskThread-/0.0.0.0:15002-0 ] WARN  ozoneimpl.OnDemandContainerDataScanner (OnDemandContainerDataScanner.java:init(74)) - Trying to initialize on demand scanner a second time on a datanode.
2025-05-12 14:23:21,394 [ContainerMetadataScanner] INFO  ozoneimpl.AbstractBackgroundContainerScanner (AbstractBackgroundContainerScanner.java:runIteration(89)) - Completed an iteration in 0 minutes. Number of iterations (since the data-node restart) : 1, Number of containers scanned in this iteration : 0, Number of unhealthy containers found in this iteration : 0
2025-05-12 14:23:21,396 [ContainerDataScanner(/home/runner/work/ozone/ozone/hadoop-ozone/integration-test-s3/target/test-dir/MiniOzoneClusterImpl-4f0ef3c3-c429-48e0-ae71-8c6302523d84/ozone-meta/datanode-5/data-0/hdds)] INFO  ozoneimpl.AbstractBackgroundContainerScanner (AbstractBackgroundContainerScanner.java:runIteration(89)) - Completed an iteration in 0 minutes. Number of iterations (since the data-node restart) : 1, Number of containers scanned in this iteration : 0, Number of unhealthy containers found in this iteration : 0
2025-05-12 14:23:21,399 [df6cad5e-12c3-42d0-bdc6-a0b27f1d5e72-EndpointStateMachineTaskThread-/0.0.0.0:15002-0 ] INFO  replication.ReplicationServer (ReplicationServer.java:start(137)) - ReplicationServer is started using port 15049
2025-05-12 14:23:21,399 [df6cad5e-12c3-42d0-bdc6-a0b27f1d5e72-EndpointStateMachineTaskThread-/0.0.0.0:15002-0 ] INFO  ratis.XceiverServerRatis (XceiverServerRatis.java:start(559)) - Starting XceiverServerRatis(df6cad5e-12c3-42d0-bdc6-a0b27f1d5e72)
2025-05-12 14:23:21,401 [df6cad5e-12c3-42d0-bdc6-a0b27f1d5e72-EndpointStateMachineTaskThread-/0.0.0.0:15002-0 ] INFO  server.RaftServer (RaftServerProxy.java:startImpl(407)) - df6cad5e-12c3-42d0-bdc6-a0b27f1d5e72: start RPC server
2025-05-12 14:23:21,401 [df6cad5e-12c3-42d0-bdc6-a0b27f1d5e72-EndpointStateMachineTaskThread-/0.0.0.0:15002-0 ] INFO  server.GrpcService (GrpcService.java:startImpl(334)) - df6cad5e-12c3-42d0-bdc6-a0b27f1d5e72: GrpcService started, listening on 15045
2025-05-12 14:23:21,405 [IPC Server handler 2 on default port 15002] INFO  net.NetworkTopologyImpl (NetworkTopologyImpl.java:add(133)) - Added a new node: /default-rack/245f18ee-839b-4f9c-a8d7-f268983888bb
2025-05-12 14:23:21,405 [IPC Server handler 2 on default port 15002] INFO  node.SCMNodeManager (SCMNodeManager.java:register(426)) - Registered datanode: 245f18ee-839b-4f9c-a8d7-f268983888bb{ip: 127.0.0.1, host: localhost, ports: [HTTP=15034, CLIENT_RPC=15035, REPLICATION=15041, RATIS=15037, RATIS_ADMIN=15038, RATIS_SERVER=15039, RATIS_DATASTREAM=15040, STANDALONE=15036], networkLocation: /default-rack, certSerialId: null, persistedOpState: null, persistedOpStateExpiryEpochSec: 0}
2025-05-12 14:23:21,405 [df6cad5e-12c3-42d0-bdc6-a0b27f1d5e72-EndpointStateMachineTaskThread-/0.0.0.0:15002-0 ] INFO  server.GrpcService (GrpcService.java:startImpl(334)) - df6cad5e-12c3-42d0-bdc6-a0b27f1d5e72: GrpcService started, listening on 15047
2025-05-12 14:23:21,409 [EventQueue-NewNodeForNewNodeHandler] INFO  pipeline.BackgroundPipelineCreator (BackgroundPipelineCreator.java:notifyEventTriggered(290)) - trigger a one-shot run on RatisPipelineUtilsThread.
2025-05-12 14:23:21,410 [df6cad5e-12c3-42d0-bdc6-a0b27f1d5e72-EndpointStateMachineTaskThread-/0.0.0.0:15002-0 ] INFO  server.GrpcService (GrpcService.java:startImpl(334)) - df6cad5e-12c3-42d0-bdc6-a0b27f1d5e72: GrpcService started, listening on 15046
2025-05-12 14:23:21,410 [EventQueue-NodeRegistrationContainerReportForDataNodeSafeModeRule] INFO  safemode.SCMSafeModeManager (SCMSafeModeManager.java:validateSafeModeExitRules(140)) - DataNodeSafeModeRule rule is successfully validated
2025-05-12 14:23:21,411 [EventQueue-ContainerRegistrationReportForECContainerSafeModeRule] INFO  safemode.SCMSafeModeManager (SCMSafeModeManager.java:validateSafeModeExitRules(140)) - ECContainerSafeModeRule rule is successfully validated
2025-05-12 14:23:21,412 [EventQueue-ContainerRegistrationReportForRatisContainerSafeModeRule] INFO  safemode.SCMSafeModeManager (SCMSafeModeManager.java:validateSafeModeExitRules(140)) - RatisContainerSafeModeRule rule is successfully validated
2025-05-12 14:23:21,412 [EventQueue-PipelineReportForOneReplicaPipelineSafeModeRule] INFO  safemode.SCMSafeModeManager (SCMSafeModeManager.java:validateSafeModeExitRules(140)) - AtleastOneDatanodeReportedRule rule is successfully validated
2025-05-12 14:23:21,413 [df6cad5e-12c3-42d0-bdc6-a0b27f1d5e72-EndpointStateMachineTaskThread-/0.0.0.0:15002-0 ] INFO  ratis.XceiverServerRatis (XceiverServerRatis.java:getRealPort(586)) - XceiverServerRatis(df6cad5e-12c3-42d0-bdc6-a0b27f1d5e72) is started using port RATIS=15045
2025-05-12 14:23:21,413 [df6cad5e-12c3-42d0-bdc6-a0b27f1d5e72-EndpointStateMachineTaskThread-/0.0.0.0:15002-0 ] INFO  ratis.XceiverServerRatis (XceiverServerRatis.java:getRealPort(586)) - XceiverServerRatis(df6cad5e-12c3-42d0-bdc6-a0b27f1d5e72) is started using port RATIS_ADMIN=15046
2025-05-12 14:23:21,413 [df6cad5e-12c3-42d0-bdc6-a0b27f1d5e72-EndpointStateMachineTaskThread-/0.0.0.0:15002-0 ] INFO  ratis.XceiverServerRatis (XceiverServerRatis.java:getRealPort(586)) - XceiverServerRatis(df6cad5e-12c3-42d0-bdc6-a0b27f1d5e72) is started using port RATIS_SERVER=15047
2025-05-12 14:23:21,413 [df6cad5e-12c3-42d0-bdc6-a0b27f1d5e72-EndpointStateMachineTaskThread-/0.0.0.0:15002-0 ] INFO  ratis.XceiverServerRatis (XceiverServerRatis.java:getRealPort(586)) - XceiverServerRatis(df6cad5e-12c3-42d0-bdc6-a0b27f1d5e72) is started using port RATIS_DATASTREAM=15048
2025-05-12 14:23:21,413 [JvmPauseMonitor8] INFO  util.JvmPauseMonitor (JvmPauseMonitor.java:run(146)) - JvmPauseMonitor-df6cad5e-12c3-42d0-bdc6-a0b27f1d5e72: Started
2025-05-12 14:23:21,416 [df6cad5e-12c3-42d0-bdc6-a0b27f1d5e72-BlockDeletingService#0] INFO  interfaces.ContainerDeletionChoosingPolicyTemplate (ContainerDeletionChoosingPolicyTemplate.java:chooseContainerForBlockDeletion(83)) - Chosen 0/5000 blocks from 0 candidate containers.
2025-05-12 14:23:21,824 [IPC Server handler 1 on default port 15002] INFO  net.NetworkTopologyImpl (NetworkTopologyImpl.java:add(133)) - Added a new node: /default-rack/df6cad5e-12c3-42d0-bdc6-a0b27f1d5e72
2025-05-12 14:23:21,825 [IPC Server handler 1 on default port 15002] INFO  node.SCMNodeManager (SCMNodeManager.java:register(426)) - Registered datanode: df6cad5e-12c3-42d0-bdc6-a0b27f1d5e72{ip: 127.0.0.1, host: localhost, ports: [HTTP=15042, CLIENT_RPC=15043, REPLICATION=15049, RATIS=15045, RATIS_ADMIN=15046, RATIS_SERVER=15047, RATIS_DATASTREAM=15048, STANDALONE=15044], networkLocation: /default-rack, certSerialId: null, persistedOpState: null, persistedOpStateExpiryEpochSec: 0}
2025-05-12 14:23:21,826 [EventQueue-NewNodeForNewNodeHandler] INFO  pipeline.BackgroundPipelineCreator (BackgroundPipelineCreator.java:notifyEventTriggered(290)) - trigger a one-shot run on RatisPipelineUtilsThread.
2025-05-12 14:23:21,826 [EventQueue-ContainerRegistrationReportForRatisContainerSafeModeRule] INFO  safemode.SCMSafeModeManager (SCMSafeModeManager.java:validateSafeModeExitRules(140)) - RatisContainerSafeModeRule rule is successfully validated
2025-05-12 14:23:21,826 [EventQueue-ContainerRegistrationReportForECContainerSafeModeRule] INFO  safemode.SCMSafeModeManager (SCMSafeModeManager.java:validateSafeModeExitRules(140)) - ECContainerSafeModeRule rule is successfully validated
2025-05-12 14:23:21,826 [EventQueue-PipelineReportForOneReplicaPipelineSafeModeRule] INFO  safemode.SCMSafeModeManager (SCMSafeModeManager.java:validateSafeModeExitRules(140)) - AtleastOneDatanodeReportedRule rule is successfully validated
2025-05-12 14:23:21,827 [EventQueue-NodeRegistrationContainerReportForDataNodeSafeModeRule] INFO  safemode.SCMSafeModeManager (SCMSafeModeManager.java:validateSafeModeExitRules(140)) - DataNodeSafeModeRule rule is successfully validated
2025-05-12 14:23:22,757 [807d821f-bf9f-4e54-9fe3-c13c7f8c8c03-PipelineCommandHandlerThread-0] INFO  server.RaftServer (RaftServerProxy.java:addNew(100)) - 807d821f-bf9f-4e54-9fe3-c13c7f8c8c03: addNew group-C1376016DA3B:[99006d7d-02a9-415e-9b0e-000c52fd4d50|127.0.0.1:15031, 807d821f-bf9f-4e54-9fe3-c13c7f8c8c03|127.0.0.1:15015, e6edfd35-e7a8-467e-9cce-10d1c0c9f75d|127.0.0.1:15023] returns group-C1376016DA3B:java.util.concurrent.CompletableFuture@1e9f4f5f[Not completed]
2025-05-12 14:23:22,775 [807d821f-bf9f-4e54-9fe3-c13c7f8c8c03-groupManagement] INFO  server.RaftServer$Division (RaftServerImpl.java:<init>(255)) - 807d821f-bf9f-4e54-9fe3-c13c7f8c8c03: new RaftServerImpl for group-C1376016DA3B:[99006d7d-02a9-415e-9b0e-000c52fd4d50|127.0.0.1:15031, 807d821f-bf9f-4e54-9fe3-c13c7f8c8c03|127.0.0.1:15015, e6edfd35-e7a8-467e-9cce-10d1c0c9f75d|127.0.0.1:15023] with ContainerStateMachine:uninitialized
2025-05-12 14:23:22,776 [807d821f-bf9f-4e54-9fe3-c13c7f8c8c03-groupManagement] INFO  server.RaftServerConfigKeys (ConfUtils.java:logGet(46)) - raft.server.rpc.timeout.min = 5s (custom)
2025-05-12 14:23:22,776 [807d821f-bf9f-4e54-9fe3-c13c7f8c8c03-groupManagement] INFO  server.RaftServerConfigKeys (ConfUtils.java:logGet(46)) - raft.server.rpc.timeout.max = 5200ms (custom)
2025-05-12 14:23:22,776 [807d821f-bf9f-4e54-9fe3-c13c7f8c8c03-groupManagement] INFO  server.RaftServerConfigKeys (ConfUtils.java:logGet(46)) - raft.server.rpc.sleep.time = 25ms (default)
2025-05-12 14:23:22,776 [807d821f-bf9f-4e54-9fe3-c13c7f8c8c03-groupManagement] INFO  server.RaftServerConfigKeys (ConfUtils.java:logGet(46)) - raft.server.rpc.slowness.timeout = 300s (custom)
2025-05-12 14:23:22,776 [807d821f-bf9f-4e54-9fe3-c13c7f8c8c03-groupManagement] INFO  server.RaftServerConfigKeys (ConfUtils.java:logGet(46)) - raft.server.leaderelection.leader.step-down.wait-time = 10s (default)
2025-05-12 14:23:22,776 [807d821f-bf9f-4e54-9fe3-c13c7f8c8c03-groupManagement] INFO  server.RaftServerConfigKeys (ConfUtils.java:logGet(46)) - raft.server.leaderelection.member.majority-add = false (default)
2025-05-12 14:23:22,776 [807d821f-bf9f-4e54-9fe3-c13c7f8c8c03-groupManagement] INFO  server.RaftServerConfigKeys (ConfUtils.java:logGet(46)) - raft.server.sleep.deviation.threshold = 300ms (default)
2025-05-12 14:23:22,777 [807d821f-bf9f-4e54-9fe3-c13c7f8c8c03-groupManagement] INFO  server.RaftServer$Division (ServerState.java:<init>(114)) - 807d821f-bf9f-4e54-9fe3-c13c7f8c8c03@group-C1376016DA3B: ConfigurationManager, init=conf: {index: -1, cur=peers:[99006d7d-02a9-415e-9b0e-000c52fd4d50|127.0.0.1:15031, 807d821f-bf9f-4e54-9fe3-c13c7f8c8c03|127.0.0.1:15015, e6edfd35-e7a8-467e-9cce-10d1c0c9f75d|127.0.0.1:15023]|listeners:[], old=null}, confs=<EMPTY_MAP>
2025-05-12 14:23:22,777 [807d821f-bf9f-4e54-9fe3-c13c7f8c8c03-groupManagement] INFO  server.RaftServerConfigKeys (ConfUtils.java:logGet(46)) - raft.server.notification.no-leader.timeout = 300s (custom)
2025-05-12 14:23:22,777 [807d821f-bf9f-4e54-9fe3-c13c7f8c8c03-groupManagement] INFO  server.RaftServerConfigKeys (ConfUtils.java:logGet(46)) - raft.server.read.timeout = 10s (default)
2025-05-12 14:23:22,777 [807d821f-bf9f-4e54-9fe3-c13c7f8c8c03-groupManagement] INFO  server.RaftServerConfigKeys (ConfUtils.java:logGet(46)) - raft.server.retrycache.expirytime = 600000ms (custom)
2025-05-12 14:23:22,778 [807d821f-bf9f-4e54-9fe3-c13c7f8c8c03-groupManagement] INFO  server.RaftServerConfigKeys (ConfUtils.java:logGet(46)) - raft.server.retrycache.statistics.expirytime = 100ms (default)
2025-05-12 14:23:22,778 [807d821f-bf9f-4e54-9fe3-c13c7f8c8c03-groupManagement] INFO  server.RaftServerConfigKeys (ConfUtils.java:logGet(46)) - raft.server.read.option = DEFAULT (default)
2025-05-12 14:23:22,778 [807d821f-bf9f-4e54-9fe3-c13c7f8c8c03-groupManagement] INFO  server.RaftServerConfigKeys (ConfUtils.java:logGet(46)) - raft.server.read.read-after-write-consistent.write-index-cache.expiry-time = 60s (default)
2025-05-12 14:23:22,797 [807d821f-bf9f-4e54-9fe3-c13c7f8c8c03-groupManagement] INFO  server.RaftServerConfigKeys (ConfUtils.java:logGet(46)) - raft.server.rpc.request.timeout = 60s (custom)
2025-05-12 14:23:22,798 [807d821f-bf9f-4e54-9fe3-c13c7f8c8c03-groupManagement] INFO  server.RaftServerConfigKeys (ConfUtils.java:logGet(46)) - raft.server.log.appender.install.snapshot.enabled = false (custom)
2025-05-12 14:23:22,798 [807d821f-bf9f-4e54-9fe3-c13c7f8c8c03-groupManagement] INFO  server.RaftServerConfigKeys (ConfUtils.java:logGet(46)) - raft.server.threadpool.server.cached = true (default)
2025-05-12 14:23:22,799 [807d821f-bf9f-4e54-9fe3-c13c7f8c8c03-groupManagement] INFO  server.RaftServerConfigKeys (ConfUtils.java:logGet(46)) - raft.server.threadpool.server.size = 0 (default)
2025-05-12 14:23:22,799 [807d821f-bf9f-4e54-9fe3-c13c7f8c8c03-groupManagement] INFO  server.RaftServerConfigKeys (ConfUtils.java:logGet(46)) - raft.server.threadpool.client.cached = true (default)
2025-05-12 14:23:22,799 [807d821f-bf9f-4e54-9fe3-c13c7f8c8c03-groupManagement] INFO  server.RaftServerConfigKeys (ConfUtils.java:logGet(46)) - raft.server.threadpool.client.size = 0 (default)
2025-05-12 14:23:22,799 [807d821f-bf9f-4e54-9fe3-c13c7f8c8c03-groupManagement] INFO  server.RaftServerConfigKeys (ConfUtils.java:logGet(46)) - raft.server.storage.free-space.min = 0MB (=0) (default)
2025-05-12 14:23:22,800 [807d821f-bf9f-4e54-9fe3-c13c7f8c8c03-groupManagement] INFO  server.RaftServerConfigKeys (ConfUtils.java:logGet(46)) - raft.server.log.corruption.policy = EXCEPTION (default)
2025-05-12 14:23:22,800 [807d821f-bf9f-4e54-9fe3-c13c7f8c8c03-groupManagement] INFO  server.RaftServerConfigKeys (ConfUtils.java:logGet(46)) - raft.server.storage.dir = [/home/runner/work/ozone/ozone/hadoop-ozone/integration-test-s3/target/test-dir/MiniOzoneClusterImpl-4f0ef3c3-c429-48e0-ae71-8c6302523d84/ozone-meta/datanode-1/ratis] (custom)
2025-05-12 14:23:22,801 [807d821f-bf9f-4e54-9fe3-c13c7f8c8c03-groupManagement] INFO  storage.RaftStorageDirectory (RaftStorageDirectoryImpl.java:analyzeStorage(138)) - The storage directory /home/runner/work/ozone/ozone/hadoop-ozone/integration-test-s3/target/test-dir/MiniOzoneClusterImpl-4f0ef3c3-c429-48e0-ae71-8c6302523d84/ozone-meta/datanode-1/ratis/2194b595-5648-4e64-ad38-c1376016da3b does not exist. Creating ...
2025-05-12 14:23:22,803 [807d821f-bf9f-4e54-9fe3-c13c7f8c8c03-groupManagement] INFO  storage.RaftStorageDirectory (RaftStorageDirectoryImpl.java:tryLock(229)) - Lock on /home/runner/work/ozone/ozone/hadoop-ozone/integration-test-s3/target/test-dir/MiniOzoneClusterImpl-4f0ef3c3-c429-48e0-ae71-8c6302523d84/ozone-meta/datanode-1/ratis/2194b595-5648-4e64-ad38-c1376016da3b/in_use.lock acquired by nodename 70950@pkrvmberfyhpb9w
2025-05-12 14:23:22,805 [807d821f-bf9f-4e54-9fe3-c13c7f8c8c03-groupManagement] INFO  storage.RaftStorage (RaftStorageImpl.java:format(98)) - Storage directory /home/runner/work/ozone/ozone/hadoop-ozone/integration-test-s3/target/test-dir/MiniOzoneClusterImpl-4f0ef3c3-c429-48e0-ae71-8c6302523d84/ozone-meta/datanode-1/ratis/2194b595-5648-4e64-ad38-c1376016da3b has been successfully formatted.
2025-05-12 14:23:22,811 [807d821f-bf9f-4e54-9fe3-c13c7f8c8c03-groupManagement] INFO  ratis.ContainerStateMachine (ContainerStateMachine.java:initialize(339)) - 807d821f-bf9f-4e54-9fe3-c13c7f8c8c03: initialize group-C1376016DA3B
2025-05-12 14:23:22,812 [807d821f-bf9f-4e54-9fe3-c13c7f8c8c03-groupManagement] INFO  ratis.ContainerStateMachine (ContainerStateMachine.java:loadSnapshot(347)) - group-C1376016DA3B: The snapshot info is null. Setting the last applied index to:(t:0, i:~)
2025-05-12 14:23:22,812 [807d821f-bf9f-4e54-9fe3-c13c7f8c8c03-groupManagement] INFO  server.RaftServerConfigKeys (ConfUtils.java:logGet(46)) - raft.server.log.use.memory = false (default)
2025-05-12 14:23:22,812 [807d821f-bf9f-4e54-9fe3-c13c7f8c8c03-groupManagement] INFO  server.RaftServerConfigKeys (ConfUtils.java:logGet(46)) - raft.server.log.purge.gap = 1000000 (custom)
2025-05-12 14:23:22,812 [807d821f-bf9f-4e54-9fe3-c13c7f8c8c03-groupManagement] INFO  server.RaftServerConfigKeys (ConfUtils.java:logGet(46)) - raft.server.log.appender.buffer.byte-limit = 33554432 (custom)
2025-05-12 14:23:22,813 [807d821f-bf9f-4e54-9fe3-c13c7f8c8c03-groupManagement] INFO  server.RaftServerConfigKeys (ConfUtils.java:logGet(46)) - raft.server.log.statemachine.data.read.timeout = 1000ms (default)
2025-05-12 14:23:22,813 [807d821f-bf9f-4e54-9fe3-c13c7f8c8c03-groupManagement] INFO  server.RaftServerConfigKeys (ConfUtils.java:logGet(46)) - raft.server.log.purge.preservation.log.num = 0 (default)
2025-05-12 14:23:22,818 [807d821f-bf9f-4e54-9fe3-c13c7f8c8c03-groupManagement] INFO  server.RaftServerConfigKeys (ConfUtils.java:logGet(46)) - raft.server.log.segment.size.max = 67108864 (custom)
2025-05-12 14:23:22,819 [807d821f-bf9f-4e54-9fe3-c13c7f8c8c03-groupManagement] INFO  server.RaftServerConfigKeys (ConfUtils.java:logGet(46)) - raft.server.log.segment.cache.num.max = 2 (custom)
2025-05-12 14:23:22,819 [807d821f-bf9f-4e54-9fe3-c13c7f8c8c03-groupManagement] INFO  server.RaftServerConfigKeys (ConfUtils.java:logGet(46)) - raft.server.log.segment.cache.size.max = 200MB (=209715200) (default)
2025-05-12 14:23:22,819 [807d821f-bf9f-4e54-9fe3-c13c7f8c8c03-groupManagement] INFO  server.RaftServerConfigKeys (ConfUtils.java:logGet(46)) - raft.server.log.appender.buffer.byte-limit = 33554432 (custom)
2025-05-12 14:23:22,821 [807d821f-bf9f-4e54-9fe3-c13c7f8c8c03-groupManagement] INFO  util.AwaitToRun (AwaitToRun.java:start(81)) - Thread[#900,807d821f-bf9f-4e54-9fe3-c13c7f8c8c03@group-C1376016DA3B-cacheEviction-AwaitToRun,5,main] started
2025-05-12 14:23:22,821 [807d821f-bf9f-4e54-9fe3-c13c7f8c8c03-groupManagement] INFO  segmented.SegmentedRaftLogWorker (SegmentedRaftLogWorker.java:<init>(188)) - new 807d821f-bf9f-4e54-9fe3-c13c7f8c8c03@group-C1376016DA3B-SegmentedRaftLogWorker for RaftStorageImpl:Storage Directory /home/runner/work/ozone/ozone/hadoop-ozone/integration-test-s3/target/test-dir/MiniOzoneClusterImpl-4f0ef3c3-c429-48e0-ae71-8c6302523d84/ozone-meta/datanode-1/ratis/2194b595-5648-4e64-ad38-c1376016da3b
2025-05-12 14:23:22,821 [807d821f-bf9f-4e54-9fe3-c13c7f8c8c03-groupManagement] INFO  server.RaftServerConfigKeys (ConfUtils.java:logGet(46)) - raft.server.log.queue.byte-limit = 4294967296 (custom)
2025-05-12 14:23:22,822 [807d821f-bf9f-4e54-9fe3-c13c7f8c8c03-groupManagement] INFO  server.RaftServerConfigKeys (ConfUtils.java:logGet(46)) - raft.server.log.queue.element-limit = 1024 (custom)
2025-05-12 14:23:22,822 [807d821f-bf9f-4e54-9fe3-c13c7f8c8c03-groupManagement] INFO  server.RaftServerConfigKeys (ConfUtils.java:logGet(46)) - raft.server.log.segment.size.max = 67108864 (custom)
2025-05-12 14:23:22,822 [807d821f-bf9f-4e54-9fe3-c13c7f8c8c03-groupManagement] INFO  server.RaftServerConfigKeys (ConfUtils.java:logGet(46)) - raft.server.log.preallocated.size = 4194304 (custom)
2025-05-12 14:23:22,822 [807d821f-bf9f-4e54-9fe3-c13c7f8c8c03-groupManagement] INFO  server.RaftServerConfigKeys (ConfUtils.java:logGet(46)) - raft.server.log.force.sync.num = 128 (default)
2025-05-12 14:23:22,822 [807d821f-bf9f-4e54-9fe3-c13c7f8c8c03-groupManagement] INFO  server.RaftServerConfigKeys (ConfUtils.java:logGet(46)) - raft.server.log.statemachine.data.sync = true (default)
2025-05-12 14:23:22,822 [807d821f-bf9f-4e54-9fe3-c13c7f8c8c03-groupManagement] INFO  server.RaftServerConfigKeys (ConfUtils.java:logGet(46)) - raft.server.log.statemachine.data.sync.timeout = 10s (default)
2025-05-12 14:23:22,822 [807d821f-bf9f-4e54-9fe3-c13c7f8c8c03-groupManagement] INFO  server.RaftServerConfigKeys (ConfUtils.java:logGet(46)) - raft.server.log.statemachine.data.sync.timeout.retry = 30 (custom)
2025-05-12 14:23:22,823 [807d821f-bf9f-4e54-9fe3-c13c7f8c8c03-groupManagement] INFO  server.RaftServerConfigKeys (ConfUtils.java:logGet(46)) - raft.server.log.write.buffer.size = 33554440 (custom)
2025-05-12 14:23:22,848 [807d821f-bf9f-4e54-9fe3-c13c7f8c8c03-groupManagement] INFO  server.RaftServerConfigKeys (ConfUtils.java:logGet(46)) - raft.server.log.appender.buffer.byte-limit = 33554432 (custom)
2025-05-12 14:23:22,848 [807d821f-bf9f-4e54-9fe3-c13c7f8c8c03-groupManagement] INFO  server.RaftServerConfigKeys (ConfUtils.java:logGet(46)) - raft.server.log.unsafe-flush.enabled = false (default)
2025-05-12 14:23:22,848 [807d821f-bf9f-4e54-9fe3-c13c7f8c8c03-groupManagement] INFO  server.RaftServerConfigKeys (ConfUtils.java:logGet(46)) - raft.server.log.async-flush.enabled = false (default)
2025-05-12 14:23:22,848 [807d821f-bf9f-4e54-9fe3-c13c7f8c8c03-groupManagement] INFO  server.RaftServerConfigKeys (ConfUtils.java:logGet(46)) - raft.server.log.statemachine.data.caching.enabled = true (custom)
2025-05-12 14:23:22,848 [807d821f-bf9f-4e54-9fe3-c13c7f8c8c03-groupManagement] INFO  segmented.SegmentedRaftLogWorker (SegmentedRaftLogWorker.java:lambda$new$0(139)) - 807d821f-bf9f-4e54-9fe3-c13c7f8c8c03@group-C1376016DA3B-SegmentedRaftLogWorker: flushIndex: setUnconditionally 0 -> -1
2025-05-12 14:23:22,849 [807d821f-bf9f-4e54-9fe3-c13c7f8c8c03-groupManagement] INFO  segmented.SegmentedRaftLogWorker (SegmentedRaftLogWorker.java:lambda$new$0(139)) - 807d821f-bf9f-4e54-9fe3-c13c7f8c8c03@group-C1376016DA3B-SegmentedRaftLogWorker: safeCacheEvictIndex: setUnconditionally 0 -> -1
2025-05-12 14:23:22,854 [807d821f-bf9f-4e54-9fe3-c13c7f8c8c03-groupManagement] INFO  server.RaftServer$Division (RaftServerImpl.java:start(391)) - 807d821f-bf9f-4e54-9fe3-c13c7f8c8c03@group-C1376016DA3B: start as a follower, conf=conf: {index: -1, cur=peers:[99006d7d-02a9-415e-9b0e-000c52fd4d50|127.0.0.1:15031, 807d821f-bf9f-4e54-9fe3-c13c7f8c8c03|127.0.0.1:15015, e6edfd35-e7a8-467e-9cce-10d1c0c9f75d|127.0.0.1:15023]|listeners:[], old=null}
2025-05-12 14:23:22,854 [807d821f-bf9f-4e54-9fe3-c13c7f8c8c03-groupManagement] INFO  server.RaftServer$Division (RaftServerImpl.java:setRole(378)) - 807d821f-bf9f-4e54-9fe3-c13c7f8c8c03@group-C1376016DA3B: changes role from      null to FOLLOWER at term 0 for startAsFollower
2025-05-12 14:23:22,854 [807d821f-bf9f-4e54-9fe3-c13c7f8c8c03-groupManagement] INFO  impl.RoleInfo (RoleInfo.java:updateAndGet(148)) - 807d821f-bf9f-4e54-9fe3-c13c7f8c8c03: start 807d821f-bf9f-4e54-9fe3-c13c7f8c8c03@group-C1376016DA3B-FollowerState
2025-05-12 14:23:22,858 [807d821f-bf9f-4e54-9fe3-c13c7f8c8c03-groupManagement] INFO  util.JmxRegister (JmxRegister.java:tryRegister(44)) - Successfully registered JMX Bean with object name Ratis:service=RaftServer,group=group-C1376016DA3B,id=807d821f-bf9f-4e54-9fe3-c13c7f8c8c03
2025-05-12 14:23:22,858 [EventQueue-PipelineReportForOneReplicaPipelineSafeModeRule] INFO  safemode.SCMSafeModeManager (SCMSafeModeManager.java:validateSafeModeExitRules(140)) - AtleastOneDatanodeReportedRule rule is successfully validated
2025-05-12 14:23:22,859 [807d821f-bf9f-4e54-9fe3-c13c7f8c8c03@group-C1376016DA3B-FollowerState] INFO  server.RaftServerConfigKeys (ConfUtils.java:logGet(46)) - raft.server.rpc.first-election.timeout.min = 1000ms (custom)
2025-05-12 14:23:22,859 [807d821f-bf9f-4e54-9fe3-c13c7f8c8c03@group-C1376016DA3B-FollowerState] INFO  server.RaftServerConfigKeys (ConfUtils.java:logGet(46)) - raft.server.rpc.first-election.timeout.max = 1200ms (custom)
2025-05-12 14:23:22,860 [807d821f-bf9f-4e54-9fe3-c13c7f8c8c03-groupManagement] INFO  util.JmxRegister (JmxRegister.java:register(58)) - register mxBean class org.apache.ratis.server.impl.RaftServerJmxAdapter as Ratis:service=RaftServer,group=group-C1376016DA3B,id=807d821f-bf9f-4e54-9fe3-c13c7f8c8c03
2025-05-12 14:23:22,860 [807d821f-bf9f-4e54-9fe3-c13c7f8c8c03-groupManagement] INFO  server.RaftServerConfigKeys (ConfUtils.java:logGet(46)) - raft.server.snapshot.trigger-when-stop.enabled = true (default)
2025-05-12 14:23:22,860 [807d821f-bf9f-4e54-9fe3-c13c7f8c8c03-groupManagement] INFO  server.RaftServerConfigKeys (ConfUtils.java:logGet(46)) - raft.server.snapshot.trigger-when-remove.enabled = true (default)
2025-05-12 14:23:22,860 [807d821f-bf9f-4e54-9fe3-c13c7f8c8c03-groupManagement] INFO  server.RaftServerConfigKeys (ConfUtils.java:logGet(46)) - raft.server.snapshot.auto.trigger.enabled = true (custom)
2025-05-12 14:23:22,860 [807d821f-bf9f-4e54-9fe3-c13c7f8c8c03-groupManagement] INFO  server.RaftServerConfigKeys (ConfUtils.java:logGet(46)) - raft.server.snapshot.auto.trigger.threshold = 100000 (custom)
2025-05-12 14:23:22,860 [807d821f-bf9f-4e54-9fe3-c13c7f8c8c03-groupManagement] INFO  server.RaftServerConfigKeys (ConfUtils.java:logGet(46)) - raft.server.snapshot.retention.file.num = 5 (custom)
2025-05-12 14:23:22,860 [807d821f-bf9f-4e54-9fe3-c13c7f8c8c03-groupManagement] INFO  server.RaftServerConfigKeys (ConfUtils.java:logGet(46)) - raft.server.log.purge.upto.snapshot.index = false (default)
2025-05-12 14:23:22,874 [807d821f-bf9f-4e54-9fe3-c13c7f8c8c03-groupManagement] INFO  server.RaftServer$Division (RaftServerImpl.java:start(405)) - 807d821f-bf9f-4e54-9fe3-c13c7f8c8c03@group-C1376016DA3B: Successfully started.
2025-05-12 14:23:22,880 [807d821f-bf9f-4e54-9fe3-c13c7f8c8c03-PipelineCommandHandlerThread-0] INFO  ratis.XceiverServerRatis (XceiverServerRatis.java:addGroup(843)) - Created group PipelineID=2194b595-5648-4e64-ad38-c1376016da3b
2025-05-12 14:23:23,060 [e6edfd35-e7a8-467e-9cce-10d1c0c9f75d-PipelineCommandHandlerThread-0] INFO  server.RaftServer (RaftServerProxy.java:addNew(100)) - e6edfd35-e7a8-467e-9cce-10d1c0c9f75d: addNew group-C1376016DA3B:[99006d7d-02a9-415e-9b0e-000c52fd4d50|127.0.0.1:15031, 807d821f-bf9f-4e54-9fe3-c13c7f8c8c03|127.0.0.1:15015, e6edfd35-e7a8-467e-9cce-10d1c0c9f75d|127.0.0.1:15023] returns group-C1376016DA3B:java.util.concurrent.CompletableFuture@154ddf7a[Not completed]
2025-05-12 14:23:23,063 [e6edfd35-e7a8-467e-9cce-10d1c0c9f75d-groupManagement] INFO  server.RaftServer$Division (RaftServerImpl.java:<init>(255)) - e6edfd35-e7a8-467e-9cce-10d1c0c9f75d: new RaftServerImpl for group-C1376016DA3B:[99006d7d-02a9-415e-9b0e-000c52fd4d50|127.0.0.1:15031, 807d821f-bf9f-4e54-9fe3-c13c7f8c8c03|127.0.0.1:15015, e6edfd35-e7a8-467e-9cce-10d1c0c9f75d|127.0.0.1:15023] with ContainerStateMachine:uninitialized
2025-05-12 14:23:23,063 [e6edfd35-e7a8-467e-9cce-10d1c0c9f75d-groupManagement] INFO  server.RaftServerConfigKeys (ConfUtils.java:logGet(46)) - raft.server.rpc.timeout.min = 5s (custom)
2025-05-12 14:23:23,063 [e6edfd35-e7a8-467e-9cce-10d1c0c9f75d-groupManagement] INFO  server.RaftServerConfigKeys (ConfUtils.java:logGet(46)) - raft.server.rpc.timeout.max = 5200ms (custom)
2025-05-12 14:23:23,063 [e6edfd35-e7a8-467e-9cce-10d1c0c9f75d-groupManagement] INFO  server.RaftServerConfigKeys (ConfUtils.java:logGet(46)) - raft.server.rpc.sleep.time = 25ms (default)
2025-05-12 14:23:23,063 [e6edfd35-e7a8-467e-9cce-10d1c0c9f75d-groupManagement] INFO  server.RaftServerConfigKeys (ConfUtils.java:logGet(46)) - raft.server.rpc.slowness.timeout = 300s (custom)
2025-05-12 14:23:23,063 [e6edfd35-e7a8-467e-9cce-10d1c0c9f75d-groupManagement] INFO  server.RaftServerConfigKeys (ConfUtils.java:logGet(46)) - raft.server.leaderelection.leader.step-down.wait-time = 10s (default)
2025-05-12 14:23:23,063 [e6edfd35-e7a8-467e-9cce-10d1c0c9f75d-groupManagement] INFO  server.RaftServerConfigKeys (ConfUtils.java:logGet(46)) - raft.server.leaderelection.member.majority-add = false (default)
2025-05-12 14:23:23,063 [e6edfd35-e7a8-467e-9cce-10d1c0c9f75d-groupManagement] INFO  server.RaftServerConfigKeys (ConfUtils.java:logGet(46)) - raft.server.sleep.deviation.threshold = 300ms (default)
2025-05-12 14:23:23,064 [e6edfd35-e7a8-467e-9cce-10d1c0c9f75d-groupManagement] INFO  server.RaftServer$Division (ServerState.java:<init>(114)) - e6edfd35-e7a8-467e-9cce-10d1c0c9f75d@group-C1376016DA3B: ConfigurationManager, init=conf: {index: -1, cur=peers:[99006d7d-02a9-415e-9b0e-000c52fd4d50|127.0.0.1:15031, 807d821f-bf9f-4e54-9fe3-c13c7f8c8c03|127.0.0.1:15015, e6edfd35-e7a8-467e-9cce-10d1c0c9f75d|127.0.0.1:15023]|listeners:[], old=null}, confs=<EMPTY_MAP>
2025-05-12 14:23:23,064 [e6edfd35-e7a8-467e-9cce-10d1c0c9f75d-groupManagement] INFO  server.RaftServerConfigKeys (ConfUtils.java:logGet(46)) - raft.server.notification.no-leader.timeout = 300s (custom)
2025-05-12 14:23:23,064 [e6edfd35-e7a8-467e-9cce-10d1c0c9f75d-groupManagement] INFO  server.RaftServerConfigKeys (ConfUtils.java:logGet(46)) - raft.server.read.timeout = 10s (default)
2025-05-12 14:23:23,064 [e6edfd35-e7a8-467e-9cce-10d1c0c9f75d-groupManagement] INFO  server.RaftServerConfigKeys (ConfUtils.java:logGet(46)) - raft.server.retrycache.expirytime = 600000ms (custom)
2025-05-12 14:23:23,064 [e6edfd35-e7a8-467e-9cce-10d1c0c9f75d-groupManagement] INFO  server.RaftServerConfigKeys (ConfUtils.java:logGet(46)) - raft.server.retrycache.statistics.expirytime = 100ms (default)
2025-05-12 14:23:23,064 [e6edfd35-e7a8-467e-9cce-10d1c0c9f75d-groupManagement] INFO  server.RaftServerConfigKeys (ConfUtils.java:logGet(46)) - raft.server.read.option = DEFAULT (default)
2025-05-12 14:23:23,064 [e6edfd35-e7a8-467e-9cce-10d1c0c9f75d-groupManagement] INFO  server.RaftServerConfigKeys (ConfUtils.java:logGet(46)) - raft.server.read.read-after-write-consistent.write-index-cache.expiry-time = 60s (default)
2025-05-12 14:23:23,081 [e6edfd35-e7a8-467e-9cce-10d1c0c9f75d-groupManagement] INFO  server.RaftServerConfigKeys (ConfUtils.java:logGet(46)) - raft.server.rpc.request.timeout = 60s (custom)
2025-05-12 14:23:23,082 [e6edfd35-e7a8-467e-9cce-10d1c0c9f75d-groupManagement] INFO  server.RaftServerConfigKeys (ConfUtils.java:logGet(46)) - raft.server.log.appender.install.snapshot.enabled = false (custom)
2025-05-12 14:23:23,082 [e6edfd35-e7a8-467e-9cce-10d1c0c9f75d-groupManagement] INFO  server.RaftServerConfigKeys (ConfUtils.java:logGet(46)) - raft.server.threadpool.server.cached = true (default)
2025-05-12 14:23:23,082 [e6edfd35-e7a8-467e-9cce-10d1c0c9f75d-groupManagement] INFO  server.RaftServerConfigKeys (ConfUtils.java:logGet(46)) - raft.server.threadpool.server.size = 0 (default)
2025-05-12 14:23:23,082 [e6edfd35-e7a8-467e-9cce-10d1c0c9f75d-groupManagement] INFO  server.RaftServerConfigKeys (ConfUtils.java:logGet(46)) - raft.server.threadpool.client.cached = true (default)
2025-05-12 14:23:23,082 [e6edfd35-e7a8-467e-9cce-10d1c0c9f75d-groupManagement] INFO  server.RaftServerConfigKeys (ConfUtils.java:logGet(46)) - raft.server.threadpool.client.size = 0 (default)
2025-05-12 14:23:23,082 [e6edfd35-e7a8-467e-9cce-10d1c0c9f75d-groupManagement] INFO  server.RaftServerConfigKeys (ConfUtils.java:logGet(46)) - raft.server.storage.free-space.min = 0MB (=0) (default)
2025-05-12 14:23:23,082 [e6edfd35-e7a8-467e-9cce-10d1c0c9f75d-groupManagement] INFO  server.RaftServerConfigKeys (ConfUtils.java:logGet(46)) - raft.server.log.corruption.policy = EXCEPTION (default)
2025-05-12 14:23:23,083 [e6edfd35-e7a8-467e-9cce-10d1c0c9f75d-groupManagement] INFO  server.RaftServerConfigKeys (ConfUtils.java:logGet(46)) - raft.server.storage.dir = [/home/runner/work/ozone/ozone/hadoop-ozone/integration-test-s3/target/test-dir/MiniOzoneClusterImpl-4f0ef3c3-c429-48e0-ae71-8c6302523d84/ozone-meta/datanode-2/ratis] (custom)
2025-05-12 14:23:23,083 [e6edfd35-e7a8-467e-9cce-10d1c0c9f75d-groupManagement] INFO  storage.RaftStorageDirectory (RaftStorageDirectoryImpl.java:analyzeStorage(138)) - The storage directory /home/runner/work/ozone/ozone/hadoop-ozone/integration-test-s3/target/test-dir/MiniOzoneClusterImpl-4f0ef3c3-c429-48e0-ae71-8c6302523d84/ozone-meta/datanode-2/ratis/2194b595-5648-4e64-ad38-c1376016da3b does not exist. Creating ...
2025-05-12 14:23:23,085 [e6edfd35-e7a8-467e-9cce-10d1c0c9f75d-groupManagement] INFO  storage.RaftStorageDirectory (RaftStorageDirectoryImpl.java:tryLock(229)) - Lock on /home/runner/work/ozone/ozone/hadoop-ozone/integration-test-s3/target/test-dir/MiniOzoneClusterImpl-4f0ef3c3-c429-48e0-ae71-8c6302523d84/ozone-meta/datanode-2/ratis/2194b595-5648-4e64-ad38-c1376016da3b/in_use.lock acquired by nodename 70950@pkrvmberfyhpb9w
2025-05-12 14:23:23,087 [e6edfd35-e7a8-467e-9cce-10d1c0c9f75d-groupManagement] INFO  storage.RaftStorage (RaftStorageImpl.java:format(98)) - Storage directory /home/runner/work/ozone/ozone/hadoop-ozone/integration-test-s3/target/test-dir/MiniOzoneClusterImpl-4f0ef3c3-c429-48e0-ae71-8c6302523d84/ozone-meta/datanode-2/ratis/2194b595-5648-4e64-ad38-c1376016da3b has been successfully formatted.
2025-05-12 14:23:23,088 [e6edfd35-e7a8-467e-9cce-10d1c0c9f75d-groupManagement] INFO  ratis.ContainerStateMachine (ContainerStateMachine.java:initialize(339)) - e6edfd35-e7a8-467e-9cce-10d1c0c9f75d: initialize group-C1376016DA3B
2025-05-12 14:23:23,088 [e6edfd35-e7a8-467e-9cce-10d1c0c9f75d-groupManagement] INFO  ratis.ContainerStateMachine (ContainerStateMachine.java:loadSnapshot(347)) - group-C1376016DA3B: The snapshot info is null. Setting the last applied index to:(t:0, i:~)
2025-05-12 14:23:23,088 [e6edfd35-e7a8-467e-9cce-10d1c0c9f75d-groupManagement] INFO  server.RaftServerConfigKeys (ConfUtils.java:logGet(46)) - raft.server.log.use.memory = false (default)
2025-05-12 14:23:23,089 [e6edfd35-e7a8-467e-9cce-10d1c0c9f75d-groupManagement] INFO  server.RaftServerConfigKeys (ConfUtils.java:logGet(46)) - raft.server.log.purge.gap = 1000000 (custom)
2025-05-12 14:23:23,089 [e6edfd35-e7a8-467e-9cce-10d1c0c9f75d-groupManagement] INFO  server.RaftServerConfigKeys (ConfUtils.java:logGet(46)) - raft.server.log.appender.buffer.byte-limit = 33554432 (custom)
2025-05-12 14:23:23,089 [e6edfd35-e7a8-467e-9cce-10d1c0c9f75d-groupManagement] INFO  server.RaftServerConfigKeys (ConfUtils.java:logGet(46)) - raft.server.log.statemachine.data.read.timeout = 1000ms (default)
2025-05-12 14:23:23,089 [e6edfd35-e7a8-467e-9cce-10d1c0c9f75d-groupManagement] INFO  server.RaftServerConfigKeys (ConfUtils.java:logGet(46)) - raft.server.log.purge.preservation.log.num = 0 (default)
2025-05-12 14:23:23,096 [EventQueue-PipelineReportForOneReplicaPipelineSafeModeRule] INFO  safemode.SCMSafeModeManager (SCMSafeModeManager.java:validateSafeModeExitRules(140)) - AtleastOneDatanodeReportedRule rule is successfully validated
2025-05-12 14:23:23,098 [e6edfd35-e7a8-467e-9cce-10d1c0c9f75d-groupManagement] INFO  server.RaftServerConfigKeys (ConfUtils.java:logGet(46)) - raft.server.log.segment.size.max = 67108864 (custom)
2025-05-12 14:23:23,099 [e6edfd35-e7a8-467e-9cce-10d1c0c9f75d-groupManagement] INFO  server.RaftServerConfigKeys (ConfUtils.java:logGet(46)) - raft.server.log.segment.cache.num.max = 2 (custom)
2025-05-12 14:23:23,099 [e6edfd35-e7a8-467e-9cce-10d1c0c9f75d-groupManagement] INFO  server.RaftServerConfigKeys (ConfUtils.java:logGet(46)) - raft.server.log.segment.cache.size.max = 200MB (=209715200) (default)
2025-05-12 14:23:23,099 [e6edfd35-e7a8-467e-9cce-10d1c0c9f75d-groupManagement] INFO  server.RaftServerConfigKeys (ConfUtils.java:logGet(46)) - raft.server.log.appender.buffer.byte-limit = 33554432 (custom)
2025-05-12 14:23:23,100 [e6edfd35-e7a8-467e-9cce-10d1c0c9f75d-groupManagement] INFO  util.AwaitToRun (AwaitToRun.java:start(81)) - Thread[#909,e6edfd35-e7a8-467e-9cce-10d1c0c9f75d@group-C1376016DA3B-cacheEviction-AwaitToRun,5,main] started
2025-05-12 14:23:23,100 [e6edfd35-e7a8-467e-9cce-10d1c0c9f75d-groupManagement] INFO  segmented.SegmentedRaftLogWorker (SegmentedRaftLogWorker.java:<init>(188)) - new e6edfd35-e7a8-467e-9cce-10d1c0c9f75d@group-C1376016DA3B-SegmentedRaftLogWorker for RaftStorageImpl:Storage Directory /home/runner/work/ozone/ozone/hadoop-ozone/integration-test-s3/target/test-dir/MiniOzoneClusterImpl-4f0ef3c3-c429-48e0-ae71-8c6302523d84/ozone-meta/datanode-2/ratis/2194b595-5648-4e64-ad38-c1376016da3b
2025-05-12 14:23:23,101 [e6edfd35-e7a8-467e-9cce-10d1c0c9f75d-groupManagement] INFO  server.RaftServerConfigKeys (ConfUtils.java:logGet(46)) - raft.server.log.queue.byte-limit = 4294967296 (custom)
2025-05-12 14:23:23,101 [e6edfd35-e7a8-467e-9cce-10d1c0c9f75d-groupManagement] INFO  server.RaftServerConfigKeys (ConfUtils.java:logGet(46)) - raft.server.log.queue.element-limit = 1024 (custom)
2025-05-12 14:23:23,101 [e6edfd35-e7a8-467e-9cce-10d1c0c9f75d-groupManagement] INFO  server.RaftServerConfigKeys (ConfUtils.java:logGet(46)) - raft.server.log.segment.size.max = 67108864 (custom)
2025-05-12 14:23:23,101 [e6edfd35-e7a8-467e-9cce-10d1c0c9f75d-groupManagement] INFO  server.RaftServerConfigKeys (ConfUtils.java:logGet(46)) - raft.server.log.preallocated.size = 4194304 (custom)
2025-05-12 14:23:23,101 [e6edfd35-e7a8-467e-9cce-10d1c0c9f75d-groupManagement] INFO  server.RaftServerConfigKeys (ConfUtils.java:logGet(46)) - raft.server.log.force.sync.num = 128 (default)
2025-05-12 14:23:23,101 [e6edfd35-e7a8-467e-9cce-10d1c0c9f75d-groupManagement] INFO  server.RaftServerConfigKeys (ConfUtils.java:logGet(46)) - raft.server.log.statemachine.data.sync = true (default)
2025-05-12 14:23:23,101 [e6edfd35-e7a8-467e-9cce-10d1c0c9f75d-groupManagement] INFO  server.RaftServerConfigKeys (ConfUtils.java:logGet(46)) - raft.server.log.statemachine.data.sync.timeout = 10s (default)
2025-05-12 14:23:23,101 [e6edfd35-e7a8-467e-9cce-10d1c0c9f75d-groupManagement] INFO  server.RaftServerConfigKeys (ConfUtils.java:logGet(46)) - raft.server.log.statemachine.data.sync.timeout.retry = 30 (custom)
2025-05-12 14:23:23,105 [e6edfd35-e7a8-467e-9cce-10d1c0c9f75d-groupManagement] INFO  server.RaftServerConfigKeys (ConfUtils.java:logGet(46)) - raft.server.log.write.buffer.size = 33554440 (custom)
2025-05-12 14:23:23,122 [e6edfd35-e7a8-467e-9cce-10d1c0c9f75d-groupManagement] INFO  server.RaftServerConfigKeys (ConfUtils.java:logGet(46)) - raft.server.log.appender.buffer.byte-limit = 33554432 (custom)
2025-05-12 14:23:23,122 [e6edfd35-e7a8-467e-9cce-10d1c0c9f75d-groupManagement] INFO  server.RaftServerConfigKeys (ConfUtils.java:logGet(46)) - raft.server.log.unsafe-flush.enabled = false (default)
2025-05-12 14:23:23,123 [e6edfd35-e7a8-467e-9cce-10d1c0c9f75d-groupManagement] INFO  server.RaftServerConfigKeys (ConfUtils.java:logGet(46)) - raft.server.log.async-flush.enabled = false (default)
2025-05-12 14:23:23,123 [e6edfd35-e7a8-467e-9cce-10d1c0c9f75d-groupManagement] INFO  server.RaftServerConfigKeys (ConfUtils.java:logGet(46)) - raft.server.log.statemachine.data.caching.enabled = true (custom)
2025-05-12 14:23:23,123 [e6edfd35-e7a8-467e-9cce-10d1c0c9f75d-groupManagement] INFO  segmented.SegmentedRaftLogWorker (SegmentedRaftLogWorker.java:lambda$new$0(139)) - e6edfd35-e7a8-467e-9cce-10d1c0c9f75d@group-C1376016DA3B-SegmentedRaftLogWorker: flushIndex: setUnconditionally 0 -> -1
2025-05-12 14:23:23,123 [e6edfd35-e7a8-467e-9cce-10d1c0c9f75d-groupManagement] INFO  segmented.SegmentedRaftLogWorker (SegmentedRaftLogWorker.java:lambda$new$0(139)) - e6edfd35-e7a8-467e-9cce-10d1c0c9f75d@group-C1376016DA3B-SegmentedRaftLogWorker: safeCacheEvictIndex: setUnconditionally 0 -> -1
2025-05-12 14:23:23,129 [e6edfd35-e7a8-467e-9cce-10d1c0c9f75d-groupManagement] INFO  server.RaftServer$Division (RaftServerImpl.java:start(391)) - e6edfd35-e7a8-467e-9cce-10d1c0c9f75d@group-C1376016DA3B: start as a follower, conf=conf: {index: -1, cur=peers:[99006d7d-02a9-415e-9b0e-000c52fd4d50|127.0.0.1:15031, 807d821f-bf9f-4e54-9fe3-c13c7f8c8c03|127.0.0.1:15015, e6edfd35-e7a8-467e-9cce-10d1c0c9f75d|127.0.0.1:15023]|listeners:[], old=null}
2025-05-12 14:23:23,129 [e6edfd35-e7a8-467e-9cce-10d1c0c9f75d-groupManagement] INFO  server.RaftServer$Division (RaftServerImpl.java:setRole(378)) - e6edfd35-e7a8-467e-9cce-10d1c0c9f75d@group-C1376016DA3B: changes role from      null to FOLLOWER at term 0 for startAsFollower
2025-05-12 14:23:23,129 [e6edfd35-e7a8-467e-9cce-10d1c0c9f75d-groupManagement] INFO  impl.RoleInfo (RoleInfo.java:updateAndGet(148)) - e6edfd35-e7a8-467e-9cce-10d1c0c9f75d: start e6edfd35-e7a8-467e-9cce-10d1c0c9f75d@group-C1376016DA3B-FollowerState
2025-05-12 14:23:23,131 [e6edfd35-e7a8-467e-9cce-10d1c0c9f75d-groupManagement] INFO  util.JmxRegister (JmxRegister.java:tryRegister(44)) - Successfully registered JMX Bean with object name Ratis:service=RaftServer,group=group-C1376016DA3B,id=e6edfd35-e7a8-467e-9cce-10d1c0c9f75d
2025-05-12 14:23:23,131 [e6edfd35-e7a8-467e-9cce-10d1c0c9f75d-groupManagement] INFO  util.JmxRegister (JmxRegister.java:register(58)) - register mxBean class org.apache.ratis.server.impl.RaftServerJmxAdapter as Ratis:service=RaftServer,group=group-C1376016DA3B,id=e6edfd35-e7a8-467e-9cce-10d1c0c9f75d
2025-05-12 14:23:23,131 [e6edfd35-e7a8-467e-9cce-10d1c0c9f75d-groupManagement] INFO  server.RaftServerConfigKeys (ConfUtils.java:logGet(46)) - raft.server.snapshot.trigger-when-stop.enabled = true (default)
2025-05-12 14:23:23,131 [e6edfd35-e7a8-467e-9cce-10d1c0c9f75d-groupManagement] INFO  server.RaftServerConfigKeys (ConfUtils.java:logGet(46)) - raft.server.snapshot.trigger-when-remove.enabled = true (default)
2025-05-12 14:23:23,131 [e6edfd35-e7a8-467e-9cce-10d1c0c9f75d-groupManagement] INFO  server.RaftServerConfigKeys (ConfUtils.java:logGet(46)) - raft.server.snapshot.auto.trigger.enabled = true (custom)
2025-05-12 14:23:23,131 [e6edfd35-e7a8-467e-9cce-10d1c0c9f75d-groupManagement] INFO  server.RaftServerConfigKeys (ConfUtils.java:logGet(46)) - raft.server.snapshot.auto.trigger.threshold = 100000 (custom)
2025-05-12 14:23:23,131 [e6edfd35-e7a8-467e-9cce-10d1c0c9f75d-groupManagement] INFO  server.RaftServerConfigKeys (ConfUtils.java:logGet(46)) - raft.server.snapshot.retention.file.num = 5 (custom)
2025-05-12 14:23:23,131 [e6edfd35-e7a8-467e-9cce-10d1c0c9f75d-groupManagement] INFO  server.RaftServerConfigKeys (ConfUtils.java:logGet(46)) - raft.server.log.purge.upto.snapshot.index = false (default)
2025-05-12 14:23:23,131 [e6edfd35-e7a8-467e-9cce-10d1c0c9f75d@group-C1376016DA3B-FollowerState] INFO  server.RaftServerConfigKeys (ConfUtils.java:logGet(46)) - raft.server.rpc.first-election.timeout.min = 1000ms (custom)
2025-05-12 14:23:23,132 [e6edfd35-e7a8-467e-9cce-10d1c0c9f75d@group-C1376016DA3B-FollowerState] INFO  server.RaftServerConfigKeys (ConfUtils.java:logGet(46)) - raft.server.rpc.first-election.timeout.max = 1200ms (custom)
2025-05-12 14:23:23,138 [e6edfd35-e7a8-467e-9cce-10d1c0c9f75d-groupManagement] INFO  server.RaftServer$Division (RaftServerImpl.java:start(405)) - e6edfd35-e7a8-467e-9cce-10d1c0c9f75d@group-C1376016DA3B: Successfully started.
2025-05-12 14:23:23,139 [e6edfd35-e7a8-467e-9cce-10d1c0c9f75d-PipelineCommandHandlerThread-0] INFO  ratis.XceiverServerRatis (XceiverServerRatis.java:addGroup(843)) - Created group PipelineID=2194b595-5648-4e64-ad38-c1376016da3b
2025-05-12 14:23:23,323 [grpc-default-executor-0] INFO  server.RaftServer (RaftServerProxy.java:addNew(100)) - 99006d7d-02a9-415e-9b0e-000c52fd4d50: addNew group-C1376016DA3B:[99006d7d-02a9-415e-9b0e-000c52fd4d50|127.0.0.1:15031, 807d821f-bf9f-4e54-9fe3-c13c7f8c8c03|127.0.0.1:15015, e6edfd35-e7a8-467e-9cce-10d1c0c9f75d|127.0.0.1:15023] returns group-C1376016DA3B:java.util.concurrent.CompletableFuture@4c869094[Not completed]
2025-05-12 14:23:23,326 [99006d7d-02a9-415e-9b0e-000c52fd4d50-groupManagement] INFO  server.RaftServer$Division (RaftServerImpl.java:<init>(255)) - 99006d7d-02a9-415e-9b0e-000c52fd4d50: new RaftServerImpl for group-C1376016DA3B:[99006d7d-02a9-415e-9b0e-000c52fd4d50|127.0.0.1:15031, 807d821f-bf9f-4e54-9fe3-c13c7f8c8c03|127.0.0.1:15015, e6edfd35-e7a8-467e-9cce-10d1c0c9f75d|127.0.0.1:15023] with ContainerStateMachine:uninitialized
2025-05-12 14:23:23,326 [99006d7d-02a9-415e-9b0e-000c52fd4d50-groupManagement] INFO  server.RaftServerConfigKeys (ConfUtils.java:logGet(46)) - raft.server.rpc.timeout.min = 5s (custom)
2025-05-12 14:23:23,326 [99006d7d-02a9-415e-9b0e-000c52fd4d50-groupManagement] INFO  server.RaftServerConfigKeys (ConfUtils.java:logGet(46)) - raft.server.rpc.timeout.max = 5200ms (custom)
2025-05-12 14:23:23,327 [99006d7d-02a9-415e-9b0e-000c52fd4d50-groupManagement] INFO  server.RaftServerConfigKeys (ConfUtils.java:logGet(46)) - raft.server.rpc.sleep.time = 25ms (default)
2025-05-12 14:23:23,327 [99006d7d-02a9-415e-9b0e-000c52fd4d50-groupManagement] INFO  server.RaftServerConfigKeys (ConfUtils.java:logGet(46)) - raft.server.rpc.slowness.timeout = 300s (custom)
2025-05-12 14:23:23,327 [99006d7d-02a9-415e-9b0e-000c52fd4d50-groupManagement] INFO  server.RaftServerConfigKeys (ConfUtils.java:logGet(46)) - raft.server.leaderelection.leader.step-down.wait-time = 10s (default)
2025-05-12 14:23:23,327 [99006d7d-02a9-415e-9b0e-000c52fd4d50-groupManagement] INFO  server.RaftServerConfigKeys (ConfUtils.java:logGet(46)) - raft.server.leaderelection.member.majority-add = false (default)
2025-05-12 14:23:23,327 [99006d7d-02a9-415e-9b0e-000c52fd4d50-groupManagement] INFO  server.RaftServerConfigKeys (ConfUtils.java:logGet(46)) - raft.server.sleep.deviation.threshold = 300ms (default)
2025-05-12 14:23:23,327 [99006d7d-02a9-415e-9b0e-000c52fd4d50-groupManagement] INFO  server.RaftServer$Division (ServerState.java:<init>(114)) - 99006d7d-02a9-415e-9b0e-000c52fd4d50@group-C1376016DA3B: ConfigurationManager, init=conf: {index: -1, cur=peers:[99006d7d-02a9-415e-9b0e-000c52fd4d50|127.0.0.1:15031, 807d821f-bf9f-4e54-9fe3-c13c7f8c8c03|127.0.0.1:15015, e6edfd35-e7a8-467e-9cce-10d1c0c9f75d|127.0.0.1:15023]|listeners:[], old=null}, confs=<EMPTY_MAP>
2025-05-12 14:23:23,327 [99006d7d-02a9-415e-9b0e-000c52fd4d50-groupManagement] INFO  server.RaftServerConfigKeys (ConfUtils.java:logGet(46)) - raft.server.notification.no-leader.timeout = 300s (custom)
2025-05-12 14:23:23,327 [99006d7d-02a9-415e-9b0e-000c52fd4d50-groupManagement] INFO  server.RaftServerConfigKeys (ConfUtils.java:logGet(46)) - raft.server.read.timeout = 10s (default)
2025-05-12 14:23:23,327 [99006d7d-02a9-415e-9b0e-000c52fd4d50-groupManagement] INFO  server.RaftServerConfigKeys (ConfUtils.java:logGet(46)) - raft.server.retrycache.expirytime = 600000ms (custom)
2025-05-12 14:23:23,331 [99006d7d-02a9-415e-9b0e-000c52fd4d50-groupManagement] INFO  server.RaftServerConfigKeys (ConfUtils.java:logGet(46)) - raft.server.retrycache.statistics.expirytime = 100ms (default)
2025-05-12 14:23:23,331 [99006d7d-02a9-415e-9b0e-000c52fd4d50-groupManagement] INFO  server.RaftServerConfigKeys (ConfUtils.java:logGet(46)) - raft.server.read.option = DEFAULT (default)
2025-05-12 14:23:23,331 [99006d7d-02a9-415e-9b0e-000c52fd4d50-groupManagement] INFO  server.RaftServerConfigKeys (ConfUtils.java:logGet(46)) - raft.server.read.read-after-write-consistent.write-index-cache.expiry-time = 60s (default)
2025-05-12 14:23:23,342 [99006d7d-02a9-415e-9b0e-000c52fd4d50-groupManagement] INFO  server.RaftServerConfigKeys (ConfUtils.java:logGet(46)) - raft.server.rpc.request.timeout = 60s (custom)
2025-05-12 14:23:23,343 [99006d7d-02a9-415e-9b0e-000c52fd4d50-groupManagement] INFO  server.RaftServerConfigKeys (ConfUtils.java:logGet(46)) - raft.server.log.appender.install.snapshot.enabled = false (custom)
2025-05-12 14:23:23,343 [99006d7d-02a9-415e-9b0e-000c52fd4d50-groupManagement] INFO  server.RaftServerConfigKeys (ConfUtils.java:logGet(46)) - raft.server.threadpool.server.cached = true (default)
2025-05-12 14:23:23,343 [99006d7d-02a9-415e-9b0e-000c52fd4d50-groupManagement] INFO  server.RaftServerConfigKeys (ConfUtils.java:logGet(46)) - raft.server.threadpool.server.size = 0 (default)
2025-05-12 14:23:23,343 [99006d7d-02a9-415e-9b0e-000c52fd4d50-groupManagement] INFO  server.RaftServerConfigKeys (ConfUtils.java:logGet(46)) - raft.server.threadpool.client.cached = true (default)
2025-05-12 14:23:23,343 [99006d7d-02a9-415e-9b0e-000c52fd4d50-groupManagement] INFO  server.RaftServerConfigKeys (ConfUtils.java:logGet(46)) - raft.server.threadpool.client.size = 0 (default)
2025-05-12 14:23:23,343 [99006d7d-02a9-415e-9b0e-000c52fd4d50-groupManagement] INFO  server.RaftServerConfigKeys (ConfUtils.java:logGet(46)) - raft.server.storage.free-space.min = 0MB (=0) (default)
2025-05-12 14:23:23,343 [99006d7d-02a9-415e-9b0e-000c52fd4d50-groupManagement] INFO  server.RaftServerConfigKeys (ConfUtils.java:logGet(46)) - raft.server.log.corruption.policy = EXCEPTION (default)
2025-05-12 14:23:23,344 [99006d7d-02a9-415e-9b0e-000c52fd4d50-groupManagement] INFO  server.RaftServerConfigKeys (ConfUtils.java:logGet(46)) - raft.server.storage.dir = [/home/runner/work/ozone/ozone/hadoop-ozone/integration-test-s3/target/test-dir/MiniOzoneClusterImpl-4f0ef3c3-c429-48e0-ae71-8c6302523d84/ozone-meta/datanode-3/ratis] (custom)
2025-05-12 14:23:23,345 [99006d7d-02a9-415e-9b0e-000c52fd4d50-groupManagement] INFO  storage.RaftStorageDirectory (RaftStorageDirectoryImpl.java:analyzeStorage(138)) - The storage directory /home/runner/work/ozone/ozone/hadoop-ozone/integration-test-s3/target/test-dir/MiniOzoneClusterImpl-4f0ef3c3-c429-48e0-ae71-8c6302523d84/ozone-meta/datanode-3/ratis/2194b595-5648-4e64-ad38-c1376016da3b does not exist. Creating ...
2025-05-12 14:23:23,347 [99006d7d-02a9-415e-9b0e-000c52fd4d50-groupManagement] INFO  storage.RaftStorageDirectory (RaftStorageDirectoryImpl.java:tryLock(229)) - Lock on /home/runner/work/ozone/ozone/hadoop-ozone/integration-test-s3/target/test-dir/MiniOzoneClusterImpl-4f0ef3c3-c429-48e0-ae71-8c6302523d84/ozone-meta/datanode-3/ratis/2194b595-5648-4e64-ad38-c1376016da3b/in_use.lock acquired by nodename 70950@pkrvmberfyhpb9w
2025-05-12 14:23:23,350 [99006d7d-02a9-415e-9b0e-000c52fd4d50-groupManagement] INFO  storage.RaftStorage (RaftStorageImpl.java:format(98)) - Storage directory /home/runner/work/ozone/ozone/hadoop-ozone/integration-test-s3/target/test-dir/MiniOzoneClusterImpl-4f0ef3c3-c429-48e0-ae71-8c6302523d84/ozone-meta/datanode-3/ratis/2194b595-5648-4e64-ad38-c1376016da3b has been successfully formatted.
2025-05-12 14:23:23,350 [99006d7d-02a9-415e-9b0e-000c52fd4d50-groupManagement] INFO  ratis.ContainerStateMachine (ContainerStateMachine.java:initialize(339)) - 99006d7d-02a9-415e-9b0e-000c52fd4d50: initialize group-C1376016DA3B
2025-05-12 14:23:23,350 [99006d7d-02a9-415e-9b0e-000c52fd4d50-groupManagement] INFO  ratis.ContainerStateMachine (ContainerStateMachine.java:loadSnapshot(347)) - group-C1376016DA3B: The snapshot info is null. Setting the last applied index to:(t:0, i:~)
2025-05-12 14:23:23,350 [99006d7d-02a9-415e-9b0e-000c52fd4d50-groupManagement] INFO  server.RaftServerConfigKeys (ConfUtils.java:logGet(46)) - raft.server.log.use.memory = false (default)
2025-05-12 14:23:23,351 [99006d7d-02a9-415e-9b0e-000c52fd4d50-groupManagement] INFO  server.RaftServerConfigKeys (ConfUtils.java:logGet(46)) - raft.server.log.purge.gap = 1000000 (custom)
2025-05-12 14:23:23,351 [99006d7d-02a9-415e-9b0e-000c52fd4d50-groupManagement] INFO  server.RaftServerConfigKeys (ConfUtils.java:logGet(46)) - raft.server.log.appender.buffer.byte-limit = 33554432 (custom)
2025-05-12 14:23:23,351 [99006d7d-02a9-415e-9b0e-000c52fd4d50-groupManagement] INFO  server.RaftServerConfigKeys (ConfUtils.java:logGet(46)) - raft.server.log.statemachine.data.read.timeout = 1000ms (default)
2025-05-12 14:23:23,351 [99006d7d-02a9-415e-9b0e-000c52fd4d50-groupManagement] INFO  server.RaftServerConfigKeys (ConfUtils.java:logGet(46)) - raft.server.log.purge.preservation.log.num = 0 (default)
2025-05-12 14:23:23,352 [EventQueue-PipelineReportForOneReplicaPipelineSafeModeRule] INFO  safemode.SCMSafeModeManager (SCMSafeModeManager.java:validateSafeModeExitRules(140)) - AtleastOneDatanodeReportedRule rule is successfully validated
2025-05-12 14:23:23,354 [99006d7d-02a9-415e-9b0e-000c52fd4d50-groupManagement] INFO  server.RaftServerConfigKeys (ConfUtils.java:logGet(46)) - raft.server.log.segment.size.max = 67108864 (custom)
2025-05-12 14:23:23,355 [99006d7d-02a9-415e-9b0e-000c52fd4d50-groupManagement] INFO  server.RaftServerConfigKeys (ConfUtils.java:logGet(46)) - raft.server.log.segment.cache.num.max = 2 (custom)
2025-05-12 14:23:23,355 [99006d7d-02a9-415e-9b0e-000c52fd4d50-groupManagement] INFO  server.RaftServerConfigKeys (ConfUtils.java:logGet(46)) - raft.server.log.segment.cache.size.max = 200MB (=209715200) (default)
2025-05-12 14:23:23,355 [99006d7d-02a9-415e-9b0e-000c52fd4d50-groupManagement] INFO  server.RaftServerConfigKeys (ConfUtils.java:logGet(46)) - raft.server.log.appender.buffer.byte-limit = 33554432 (custom)
2025-05-12 14:23:23,355 [99006d7d-02a9-415e-9b0e-000c52fd4d50-groupManagement] INFO  util.AwaitToRun (AwaitToRun.java:start(81)) - Thread[#917,99006d7d-02a9-415e-9b0e-000c52fd4d50@group-C1376016DA3B-cacheEviction-AwaitToRun,5,main] started
2025-05-12 14:23:23,356 [99006d7d-02a9-415e-9b0e-000c52fd4d50-groupManagement] INFO  segmented.SegmentedRaftLogWorker (SegmentedRaftLogWorker.java:<init>(188)) - new 99006d7d-02a9-415e-9b0e-000c52fd4d50@group-C1376016DA3B-SegmentedRaftLogWorker for RaftStorageImpl:Storage Directory /home/runner/work/ozone/ozone/hadoop-ozone/integration-test-s3/target/test-dir/MiniOzoneClusterImpl-4f0ef3c3-c429-48e0-ae71-8c6302523d84/ozone-meta/datanode-3/ratis/2194b595-5648-4e64-ad38-c1376016da3b
2025-05-12 14:23:23,356 [99006d7d-02a9-415e-9b0e-000c52fd4d50-groupManagement] INFO  server.RaftServerConfigKeys (ConfUtils.java:logGet(46)) - raft.server.log.queue.byte-limit = 4294967296 (custom)
2025-05-12 14:23:23,356 [99006d7d-02a9-415e-9b0e-000c52fd4d50-groupManagement] INFO  server.RaftServerConfigKeys (ConfUtils.java:logGet(46)) - raft.server.log.queue.element-limit = 1024 (custom)
2025-05-12 14:23:23,356 [99006d7d-02a9-415e-9b0e-000c52fd4d50-groupManagement] INFO  server.RaftServerConfigKeys (ConfUtils.java:logGet(46)) - raft.server.log.segment.size.max = 67108864 (custom)
2025-05-12 14:23:23,356 [99006d7d-02a9-415e-9b0e-000c52fd4d50-groupManagement] INFO  server.RaftServerConfigKeys (ConfUtils.java:logGet(46)) - raft.server.log.preallocated.size = 4194304 (custom)
2025-05-12 14:23:23,356 [99006d7d-02a9-415e-9b0e-000c52fd4d50-groupManagement] INFO  server.RaftServerConfigKeys (ConfUtils.java:logGet(46)) - raft.server.log.force.sync.num = 128 (default)
2025-05-12 14:23:23,356 [99006d7d-02a9-415e-9b0e-000c52fd4d50-groupManagement] INFO  server.RaftServerConfigKeys (ConfUtils.java:logGet(46)) - raft.server.log.statemachine.data.sync = true (default)
2025-05-12 14:23:23,356 [99006d7d-02a9-415e-9b0e-000c52fd4d50-groupManagement] INFO  server.RaftServerConfigKeys (ConfUtils.java:logGet(46)) - raft.server.log.statemachine.data.sync.timeout = 10s (default)
2025-05-12 14:23:23,356 [99006d7d-02a9-415e-9b0e-000c52fd4d50-groupManagement] INFO  server.RaftServerConfigKeys (ConfUtils.java:logGet(46)) - raft.server.log.statemachine.data.sync.timeout.retry = 30 (custom)
2025-05-12 14:23:23,357 [99006d7d-02a9-415e-9b0e-000c52fd4d50-groupManagement] INFO  server.RaftServerConfigKeys (ConfUtils.java:logGet(46)) - raft.server.log.write.buffer.size = 33554440 (custom)
2025-05-12 14:23:23,363 [99006d7d-02a9-415e-9b0e-000c52fd4d50-groupManagement] INFO  server.RaftServerConfigKeys (ConfUtils.java:logGet(46)) - raft.server.log.appender.buffer.byte-limit = 33554432 (custom)
2025-05-12 14:23:23,363 [99006d7d-02a9-415e-9b0e-000c52fd4d50-groupManagement] INFO  server.RaftServerConfigKeys (ConfUtils.java:logGet(46)) - raft.server.log.unsafe-flush.enabled = false (default)
2025-05-12 14:23:23,363 [99006d7d-02a9-415e-9b0e-000c52fd4d50-groupManagement] INFO  server.RaftServerConfigKeys (ConfUtils.java:logGet(46)) - raft.server.log.async-flush.enabled = false (default)
2025-05-12 14:23:23,363 [99006d7d-02a9-415e-9b0e-000c52fd4d50-groupManagement] INFO  server.RaftServerConfigKeys (ConfUtils.java:logGet(46)) - raft.server.log.statemachine.data.caching.enabled = true (custom)
2025-05-12 14:23:23,364 [99006d7d-02a9-415e-9b0e-000c52fd4d50-groupManagement] INFO  segmented.SegmentedRaftLogWorker (SegmentedRaftLogWorker.java:lambda$new$0(139)) - 99006d7d-02a9-415e-9b0e-000c52fd4d50@group-C1376016DA3B-SegmentedRaftLogWorker: flushIndex: setUnconditionally 0 -> -1
2025-05-12 14:23:23,364 [99006d7d-02a9-415e-9b0e-000c52fd4d50-groupManagement] INFO  segmented.SegmentedRaftLogWorker (SegmentedRaftLogWorker.java:lambda$new$0(139)) - 99006d7d-02a9-415e-9b0e-000c52fd4d50@group-C1376016DA3B-SegmentedRaftLogWorker: safeCacheEvictIndex: setUnconditionally 0 -> -1
2025-05-12 14:23:23,364 [99006d7d-02a9-415e-9b0e-000c52fd4d50-groupManagement] INFO  server.RaftServer$Division (RaftServerImpl.java:start(391)) - 99006d7d-02a9-415e-9b0e-000c52fd4d50@group-C1376016DA3B: start as a follower, conf=conf: {index: -1, cur=peers:[99006d7d-02a9-415e-9b0e-000c52fd4d50|127.0.0.1:15031, 807d821f-bf9f-4e54-9fe3-c13c7f8c8c03|127.0.0.1:15015, e6edfd35-e7a8-467e-9cce-10d1c0c9f75d|127.0.0.1:15023]|listeners:[], old=null}
2025-05-12 14:23:23,364 [99006d7d-02a9-415e-9b0e-000c52fd4d50-groupManagement] INFO  server.RaftServer$Division (RaftServerImpl.java:setRole(378)) - 99006d7d-02a9-415e-9b0e-000c52fd4d50@group-C1376016DA3B: changes role from      null to FOLLOWER at term 0 for startAsFollower
2025-05-12 14:23:23,365 [99006d7d-02a9-415e-9b0e-000c52fd4d50-groupManagement] INFO  impl.RoleInfo (RoleInfo.java:updateAndGet(148)) - 99006d7d-02a9-415e-9b0e-000c52fd4d50: start 99006d7d-02a9-415e-9b0e-000c52fd4d50@group-C1376016DA3B-FollowerState
2025-05-12 14:23:23,367 [99006d7d-02a9-415e-9b0e-000c52fd4d50@group-C1376016DA3B-FollowerState] INFO  server.RaftServerConfigKeys (ConfUtils.java:logGet(46)) - raft.server.rpc.first-election.timeout.min = 1000ms (custom)
2025-05-12 14:23:23,367 [99006d7d-02a9-415e-9b0e-000c52fd4d50@group-C1376016DA3B-FollowerState] INFO  server.RaftServerConfigKeys (ConfUtils.java:logGet(46)) - raft.server.rpc.first-election.timeout.max = 1200ms (custom)
2025-05-12 14:23:23,368 [99006d7d-02a9-415e-9b0e-000c52fd4d50-groupManagement] INFO  util.JmxRegister (JmxRegister.java:tryRegister(44)) - Successfully registered JMX Bean with object name Ratis:service=RaftServer,group=group-C1376016DA3B,id=99006d7d-02a9-415e-9b0e-000c52fd4d50
2025-05-12 14:23:23,368 [99006d7d-02a9-415e-9b0e-000c52fd4d50-groupManagement] INFO  util.JmxRegister (JmxRegister.java:register(58)) - register mxBean class org.apache.ratis.server.impl.RaftServerJmxAdapter as Ratis:service=RaftServer,group=group-C1376016DA3B,id=99006d7d-02a9-415e-9b0e-000c52fd4d50
2025-05-12 14:23:23,368 [99006d7d-02a9-415e-9b0e-000c52fd4d50-groupManagement] INFO  server.RaftServerConfigKeys (ConfUtils.java:logGet(46)) - raft.server.snapshot.trigger-when-stop.enabled = true (default)
2025-05-12 14:23:23,368 [99006d7d-02a9-415e-9b0e-000c52fd4d50-groupManagement] INFO  server.RaftServerConfigKeys (ConfUtils.java:logGet(46)) - raft.server.snapshot.trigger-when-remove.enabled = true (default)
2025-05-12 14:23:23,368 [99006d7d-02a9-415e-9b0e-000c52fd4d50-groupManagement] INFO  server.RaftServerConfigKeys (ConfUtils.java:logGet(46)) - raft.server.snapshot.auto.trigger.enabled = true (custom)
2025-05-12 14:23:23,368 [99006d7d-02a9-415e-9b0e-000c52fd4d50-groupManagement] INFO  server.RaftServerConfigKeys (ConfUtils.java:logGet(46)) - raft.server.snapshot.auto.trigger.threshold = 100000 (custom)
2025-05-12 14:23:23,368 [99006d7d-02a9-415e-9b0e-000c52fd4d50-groupManagement] INFO  server.RaftServerConfigKeys (ConfUtils.java:logGet(46)) - raft.server.snapshot.retention.file.num = 5 (custom)
2025-05-12 14:23:23,368 [99006d7d-02a9-415e-9b0e-000c52fd4d50-groupManagement] INFO  server.RaftServerConfigKeys (ConfUtils.java:logGet(46)) - raft.server.log.purge.upto.snapshot.index = false (default)
2025-05-12 14:23:23,372 [99006d7d-02a9-415e-9b0e-000c52fd4d50-groupManagement] INFO  server.RaftServer$Division (RaftServerImpl.java:start(405)) - 99006d7d-02a9-415e-9b0e-000c52fd4d50@group-C1376016DA3B: Successfully started.
2025-05-12 14:23:23,409 [e6edfd35-e7a8-467e-9cce-10d1c0c9f75d-PipelineCommandHandlerThread-0] INFO  commandhandler.CreatePipelineCommandHandler (CreatePipelineCommandHandler.java:lambda$handle$2(128)) - Created Pipeline RATIS THREE PipelineID=2194b595-5648-4e64-ad38-c1376016da3b.
2025-05-12 14:23:23,410 [e6edfd35-e7a8-467e-9cce-10d1c0c9f75d-PipelineCommandHandlerThread-0] INFO  server.RaftServer (RaftServerProxy.java:addNew(100)) - e6edfd35-e7a8-467e-9cce-10d1c0c9f75d: addNew group-9D565607491F:[99006d7d-02a9-415e-9b0e-000c52fd4d50|127.0.0.1:15031, 807d821f-bf9f-4e54-9fe3-c13c7f8c8c03|127.0.0.1:15015, e6edfd35-e7a8-467e-9cce-10d1c0c9f75d|127.0.0.1:15023] returns group-9D565607491F:java.util.concurrent.CompletableFuture@562e2dff[Not completed]
2025-05-12 14:23:23,413 [e6edfd35-e7a8-467e-9cce-10d1c0c9f75d-groupManagement] INFO  server.RaftServer$Division (RaftServerImpl.java:<init>(255)) - e6edfd35-e7a8-467e-9cce-10d1c0c9f75d: new RaftServerImpl for group-9D565607491F:[99006d7d-02a9-415e-9b0e-000c52fd4d50|127.0.0.1:15031, 807d821f-bf9f-4e54-9fe3-c13c7f8c8c03|127.0.0.1:15015, e6edfd35-e7a8-467e-9cce-10d1c0c9f75d|127.0.0.1:15023] with ContainerStateMachine:uninitialized
2025-05-12 14:23:23,413 [e6edfd35-e7a8-467e-9cce-10d1c0c9f75d-groupManagement] INFO  server.RaftServerConfigKeys (ConfUtils.java:logGet(46)) - raft.server.rpc.timeout.min = 5s (custom)
2025-05-12 14:23:23,414 [e6edfd35-e7a8-467e-9cce-10d1c0c9f75d-groupManagement] INFO  server.RaftServerConfigKeys (ConfUtils.java:logGet(46)) - raft.server.rpc.timeout.max = 5200ms (custom)
2025-05-12 14:23:23,415 [e6edfd35-e7a8-467e-9cce-10d1c0c9f75d-groupManagement] INFO  server.RaftServerConfigKeys (ConfUtils.java:logGet(46)) - raft.server.rpc.sleep.time = 25ms (default)
2025-05-12 14:23:23,415 [e6edfd35-e7a8-467e-9cce-10d1c0c9f75d-groupManagement] INFO  server.RaftServerConfigKeys (ConfUtils.java:logGet(46)) - raft.server.rpc.slowness.timeout = 300s (custom)
2025-05-12 14:23:23,415 [e6edfd35-e7a8-467e-9cce-10d1c0c9f75d-groupManagement] INFO  server.RaftServerConfigKeys (ConfUtils.java:logGet(46)) - raft.server.leaderelection.leader.step-down.wait-time = 10s (default)
2025-05-12 14:23:23,415 [e6edfd35-e7a8-467e-9cce-10d1c0c9f75d-groupManagement] INFO  server.RaftServerConfigKeys (ConfUtils.java:logGet(46)) - raft.server.leaderelection.member.majority-add = false (default)
2025-05-12 14:23:23,415 [e6edfd35-e7a8-467e-9cce-10d1c0c9f75d-groupManagement] INFO  server.RaftServerConfigKeys (ConfUtils.java:logGet(46)) - raft.server.sleep.deviation.threshold = 300ms (default)
2025-05-12 14:23:23,415 [e6edfd35-e7a8-467e-9cce-10d1c0c9f75d-groupManagement] INFO  server.RaftServer$Division (ServerState.java:<init>(114)) - e6edfd35-e7a8-467e-9cce-10d1c0c9f75d@group-9D565607491F: ConfigurationManager, init=conf: {index: -1, cur=peers:[99006d7d-02a9-415e-9b0e-000c52fd4d50|127.0.0.1:15031, 807d821f-bf9f-4e54-9fe3-c13c7f8c8c03|127.0.0.1:15015, e6edfd35-e7a8-467e-9cce-10d1c0c9f75d|127.0.0.1:15023]|listeners:[], old=null}, confs=<EMPTY_MAP>
2025-05-12 14:23:23,415 [e6edfd35-e7a8-467e-9cce-10d1c0c9f75d-groupManagement] INFO  server.RaftServerConfigKeys (ConfUtils.java:logGet(46)) - raft.server.notification.no-leader.timeout = 300s (custom)
2025-05-12 14:23:23,415 [e6edfd35-e7a8-467e-9cce-10d1c0c9f75d-groupManagement] INFO  server.RaftServerConfigKeys (ConfUtils.java:logGet(46)) - raft.server.read.timeout = 10s (default)
2025-05-12 14:23:23,415 [e6edfd35-e7a8-467e-9cce-10d1c0c9f75d-groupManagement] INFO  server.RaftServerConfigKeys (ConfUtils.java:logGet(46)) - raft.server.retrycache.expirytime = 600000ms (custom)
2025-05-12 14:23:23,415 [e6edfd35-e7a8-467e-9cce-10d1c0c9f75d-groupManagement] INFO  server.RaftServerConfigKeys (ConfUtils.java:logGet(46)) - raft.server.retrycache.statistics.expirytime = 100ms (default)
2025-05-12 14:23:23,417 [e6edfd35-e7a8-467e-9cce-10d1c0c9f75d-groupManagement] INFO  server.RaftServerConfigKeys (ConfUtils.java:logGet(46)) - raft.server.read.option = DEFAULT (default)
2025-05-12 14:23:23,417 [e6edfd35-e7a8-467e-9cce-10d1c0c9f75d-groupManagement] INFO  server.RaftServerConfigKeys (ConfUtils.java:logGet(46)) - raft.server.read.read-after-write-consistent.write-index-cache.expiry-time = 60s (default)
2025-05-12 14:23:23,426 [e6edfd35-e7a8-467e-9cce-10d1c0c9f75d-groupManagement] INFO  server.RaftServerConfigKeys (ConfUtils.java:logGet(46)) - raft.server.rpc.request.timeout = 60s (custom)
2025-05-12 14:23:23,426 [e6edfd35-e7a8-467e-9cce-10d1c0c9f75d-groupManagement] INFO  server.RaftServerConfigKeys (ConfUtils.java:logGet(46)) - raft.server.log.appender.install.snapshot.enabled = false (custom)
2025-05-12 14:23:23,426 [e6edfd35-e7a8-467e-9cce-10d1c0c9f75d-groupManagement] INFO  server.RaftServerConfigKeys (ConfUtils.java:logGet(46)) - raft.server.threadpool.server.cached = true (default)
2025-05-12 14:23:23,426 [e6edfd35-e7a8-467e-9cce-10d1c0c9f75d-groupManagement] INFO  server.RaftServerConfigKeys (ConfUtils.java:logGet(46)) - raft.server.threadpool.server.size = 0 (default)
2025-05-12 14:23:23,426 [e6edfd35-e7a8-467e-9cce-10d1c0c9f75d-groupManagement] INFO  server.RaftServerConfigKeys (ConfUtils.java:logGet(46)) - raft.server.threadpool.client.cached = true (default)
2025-05-12 14:23:23,427 [e6edfd35-e7a8-467e-9cce-10d1c0c9f75d-groupManagement] INFO  server.RaftServerConfigKeys (ConfUtils.java:logGet(46)) - raft.server.threadpool.client.size = 0 (default)
2025-05-12 14:23:23,427 [e6edfd35-e7a8-467e-9cce-10d1c0c9f75d-groupManagement] INFO  server.RaftServerConfigKeys (ConfUtils.java:logGet(46)) - raft.server.storage.free-space.min = 0MB (=0) (default)
2025-05-12 14:23:23,427 [e6edfd35-e7a8-467e-9cce-10d1c0c9f75d-groupManagement] INFO  server.RaftServerConfigKeys (ConfUtils.java:logGet(46)) - raft.server.log.corruption.policy = EXCEPTION (default)
2025-05-12 14:23:23,427 [e6edfd35-e7a8-467e-9cce-10d1c0c9f75d-groupManagement] INFO  server.RaftServerConfigKeys (ConfUtils.java:logGet(46)) - raft.server.storage.dir = [/home/runner/work/ozone/ozone/hadoop-ozone/integration-test-s3/target/test-dir/MiniOzoneClusterImpl-4f0ef3c3-c429-48e0-ae71-8c6302523d84/ozone-meta/datanode-2/ratis] (custom)
2025-05-12 14:23:23,427 [e6edfd35-e7a8-467e-9cce-10d1c0c9f75d-groupManagement] INFO  storage.RaftStorageDirectory (RaftStorageDirectoryImpl.java:analyzeStorage(138)) - The storage directory /home/runner/work/ozone/ozone/hadoop-ozone/integration-test-s3/target/test-dir/MiniOzoneClusterImpl-4f0ef3c3-c429-48e0-ae71-8c6302523d84/ozone-meta/datanode-2/ratis/01ecadce-c668-4e39-b7a3-9d565607491f does not exist. Creating ...
2025-05-12 14:23:23,429 [e6edfd35-e7a8-467e-9cce-10d1c0c9f75d-groupManagement] INFO  storage.RaftStorageDirectory (RaftStorageDirectoryImpl.java:tryLock(229)) - Lock on /home/runner/work/ozone/ozone/hadoop-ozone/integration-test-s3/target/test-dir/MiniOzoneClusterImpl-4f0ef3c3-c429-48e0-ae71-8c6302523d84/ozone-meta/datanode-2/ratis/01ecadce-c668-4e39-b7a3-9d565607491f/in_use.lock acquired by nodename 70950@pkrvmberfyhpb9w
2025-05-12 14:23:23,430 [807d821f-bf9f-4e54-9fe3-c13c7f8c8c03-PipelineCommandHandlerThread-0] INFO  commandhandler.CreatePipelineCommandHandler (CreatePipelineCommandHandler.java:lambda$handle$2(128)) - Created Pipeline RATIS THREE PipelineID=2194b595-5648-4e64-ad38-c1376016da3b.
2025-05-12 14:23:23,430 [807d821f-bf9f-4e54-9fe3-c13c7f8c8c03-PipelineCommandHandlerThread-0] INFO  server.RaftServer (RaftServerProxy.java:addNew(100)) - 807d821f-bf9f-4e54-9fe3-c13c7f8c8c03: addNew group-9D565607491F:[99006d7d-02a9-415e-9b0e-000c52fd4d50|127.0.0.1:15031, 807d821f-bf9f-4e54-9fe3-c13c7f8c8c03|127.0.0.1:15015, e6edfd35-e7a8-467e-9cce-10d1c0c9f75d|127.0.0.1:15023] returns group-9D565607491F:java.util.concurrent.CompletableFuture@1ba9bf99[Not completed]
2025-05-12 14:23:23,430 [e6edfd35-e7a8-467e-9cce-10d1c0c9f75d-groupManagement] INFO  storage.RaftStorage (RaftStorageImpl.java:format(98)) - Storage directory /home/runner/work/ozone/ozone/hadoop-ozone/integration-test-s3/target/test-dir/MiniOzoneClusterImpl-4f0ef3c3-c429-48e0-ae71-8c6302523d84/ozone-meta/datanode-2/ratis/01ecadce-c668-4e39-b7a3-9d565607491f has been successfully formatted.
2025-05-12 14:23:23,431 [e6edfd35-e7a8-467e-9cce-10d1c0c9f75d-groupManagement] INFO  ratis.ContainerStateMachine (ContainerStateMachine.java:initialize(339)) - e6edfd35-e7a8-467e-9cce-10d1c0c9f75d: initialize group-9D565607491F
2025-05-12 14:23:23,431 [e6edfd35-e7a8-467e-9cce-10d1c0c9f75d-groupManagement] INFO  ratis.ContainerStateMachine (ContainerStateMachine.java:loadSnapshot(347)) - group-9D565607491F: The snapshot info is null. Setting the last applied index to:(t:0, i:~)
2025-05-12 14:23:23,431 [e6edfd35-e7a8-467e-9cce-10d1c0c9f75d-groupManagement] INFO  server.RaftServerConfigKeys (ConfUtils.java:logGet(46)) - raft.server.log.use.memory = false (default)
2025-05-12 14:23:23,431 [e6edfd35-e7a8-467e-9cce-10d1c0c9f75d-groupManagement] INFO  server.RaftServerConfigKeys (ConfUtils.java:logGet(46)) - raft.server.log.purge.gap = 1000000 (custom)
2025-05-12 14:23:23,431 [e6edfd35-e7a8-467e-9cce-10d1c0c9f75d-groupManagement] INFO  server.RaftServerConfigKeys (ConfUtils.java:logGet(46)) - raft.server.log.appender.buffer.byte-limit = 33554432 (custom)
2025-05-12 14:23:23,431 [e6edfd35-e7a8-467e-9cce-10d1c0c9f75d-groupManagement] INFO  server.RaftServerConfigKeys (ConfUtils.java:logGet(46)) - raft.server.log.statemachine.data.read.timeout = 1000ms (default)
2025-05-12 14:23:23,431 [e6edfd35-e7a8-467e-9cce-10d1c0c9f75d-groupManagement] INFO  server.RaftServerConfigKeys (ConfUtils.java:logGet(46)) - raft.server.log.purge.preservation.log.num = 0 (default)
2025-05-12 14:23:23,433 [EventQueue-PipelineReportForOneReplicaPipelineSafeModeRule] INFO  safemode.SCMSafeModeManager (SCMSafeModeManager.java:validateSafeModeExitRules(140)) - AtleastOneDatanodeReportedRule rule is successfully validated
2025-05-12 14:23:23,435 [807d821f-bf9f-4e54-9fe3-c13c7f8c8c03-groupManagement] INFO  server.RaftServer$Division (RaftServerImpl.java:<init>(255)) - 807d821f-bf9f-4e54-9fe3-c13c7f8c8c03: new RaftServerImpl for group-9D565607491F:[99006d7d-02a9-415e-9b0e-000c52fd4d50|127.0.0.1:15031, 807d821f-bf9f-4e54-9fe3-c13c7f8c8c03|127.0.0.1:15015, e6edfd35-e7a8-467e-9cce-10d1c0c9f75d|127.0.0.1:15023] with ContainerStateMachine:uninitialized
2025-05-12 14:23:23,435 [807d821f-bf9f-4e54-9fe3-c13c7f8c8c03-groupManagement] INFO  server.RaftServerConfigKeys (ConfUtils.java:logGet(46)) - raft.server.rpc.timeout.min = 5s (custom)
2025-05-12 14:23:23,435 [807d821f-bf9f-4e54-9fe3-c13c7f8c8c03-groupManagement] INFO  server.RaftServerConfigKeys (ConfUtils.java:logGet(46)) - raft.server.rpc.timeout.max = 5200ms (custom)
2025-05-12 14:23:23,436 [807d821f-bf9f-4e54-9fe3-c13c7f8c8c03-groupManagement] INFO  server.RaftServerConfigKeys (ConfUtils.java:logGet(46)) - raft.server.rpc.sleep.time = 25ms (default)
2025-05-12 14:23:23,436 [807d821f-bf9f-4e54-9fe3-c13c7f8c8c03-groupManagement] INFO  server.RaftServerConfigKeys (ConfUtils.java:logGet(46)) - raft.server.rpc.slowness.timeout = 300s (custom)
2025-05-12 14:23:23,437 [807d821f-bf9f-4e54-9fe3-c13c7f8c8c03-groupManagement] INFO  server.RaftServerConfigKeys (ConfUtils.java:logGet(46)) - raft.server.leaderelection.leader.step-down.wait-time = 10s (default)
2025-05-12 14:23:23,437 [807d821f-bf9f-4e54-9fe3-c13c7f8c8c03-groupManagement] INFO  server.RaftServerConfigKeys (ConfUtils.java:logGet(46)) - raft.server.leaderelection.member.majority-add = false (default)
2025-05-12 14:23:23,437 [807d821f-bf9f-4e54-9fe3-c13c7f8c8c03-groupManagement] INFO  server.RaftServerConfigKeys (ConfUtils.java:logGet(46)) - raft.server.sleep.deviation.threshold = 300ms (default)
2025-05-12 14:23:23,437 [807d821f-bf9f-4e54-9fe3-c13c7f8c8c03-groupManagement] INFO  server.RaftServer$Division (ServerState.java:<init>(114)) - 807d821f-bf9f-4e54-9fe3-c13c7f8c8c03@group-9D565607491F: ConfigurationManager, init=conf: {index: -1, cur=peers:[99006d7d-02a9-415e-9b0e-000c52fd4d50|127.0.0.1:15031, 807d821f-bf9f-4e54-9fe3-c13c7f8c8c03|127.0.0.1:15015, e6edfd35-e7a8-467e-9cce-10d1c0c9f75d|127.0.0.1:15023]|listeners:[], old=null}, confs=<EMPTY_MAP>
2025-05-12 14:23:23,437 [807d821f-bf9f-4e54-9fe3-c13c7f8c8c03-groupManagement] INFO  server.RaftServerConfigKeys (ConfUtils.java:logGet(46)) - raft.server.notification.no-leader.timeout = 300s (custom)
2025-05-12 14:23:23,437 [807d821f-bf9f-4e54-9fe3-c13c7f8c8c03-groupManagement] INFO  server.RaftServerConfigKeys (ConfUtils.java:logGet(46)) - raft.server.read.timeout = 10s (default)
2025-05-12 14:23:23,437 [807d821f-bf9f-4e54-9fe3-c13c7f8c8c03-groupManagement] INFO  server.RaftServerConfigKeys (ConfUtils.java:logGet(46)) - raft.server.retrycache.expirytime = 600000ms (custom)
2025-05-12 14:23:23,437 [807d821f-bf9f-4e54-9fe3-c13c7f8c8c03-groupManagement] INFO  server.RaftServerConfigKeys (ConfUtils.java:logGet(46)) - raft.server.retrycache.statistics.expirytime = 100ms (default)
2025-05-12 14:23:23,437 [807d821f-bf9f-4e54-9fe3-c13c7f8c8c03-groupManagement] INFO  server.RaftServerConfigKeys (ConfUtils.java:logGet(46)) - raft.server.read.option = DEFAULT (default)
2025-05-12 14:23:23,437 [807d821f-bf9f-4e54-9fe3-c13c7f8c8c03-groupManagement] INFO  server.RaftServerConfigKeys (ConfUtils.java:logGet(46)) - raft.server.read.read-after-write-consistent.write-index-cache.expiry-time = 60s (default)
2025-05-12 14:23:23,437 [e6edfd35-e7a8-467e-9cce-10d1c0c9f75d-groupManagement] INFO  server.RaftServerConfigKeys (ConfUtils.java:logGet(46)) - raft.server.log.segment.size.max = 67108864 (custom)
2025-05-12 14:23:23,442 [e6edfd35-e7a8-467e-9cce-10d1c0c9f75d-groupManagement] INFO  server.RaftServerConfigKeys (ConfUtils.java:logGet(46)) - raft.server.log.segment.cache.num.max = 2 (custom)
2025-05-12 14:23:23,442 [e6edfd35-e7a8-467e-9cce-10d1c0c9f75d-groupManagement] INFO  server.RaftServerConfigKeys (ConfUtils.java:logGet(46)) - raft.server.log.segment.cache.size.max = 200MB (=209715200) (default)
2025-05-12 14:23:23,442 [e6edfd35-e7a8-467e-9cce-10d1c0c9f75d-groupManagement] INFO  server.RaftServerConfigKeys (ConfUtils.java:logGet(46)) - raft.server.log.appender.buffer.byte-limit = 33554432 (custom)
2025-05-12 14:23:23,445 [807d821f-bf9f-4e54-9fe3-c13c7f8c8c03-groupManagement] INFO  server.RaftServerConfigKeys (ConfUtils.java:logGet(46)) - raft.server.rpc.request.timeout = 60s (custom)
2025-05-12 14:23:23,445 [e6edfd35-e7a8-467e-9cce-10d1c0c9f75d-groupManagement] INFO  util.AwaitToRun (AwaitToRun.java:start(81)) - Thread[#933,e6edfd35-e7a8-467e-9cce-10d1c0c9f75d@group-9D565607491F-cacheEviction-AwaitToRun,5,main] started
2025-05-12 14:23:23,446 [e6edfd35-e7a8-467e-9cce-10d1c0c9f75d-groupManagement] INFO  segmented.SegmentedRaftLogWorker (SegmentedRaftLogWorker.java:<init>(188)) - new e6edfd35-e7a8-467e-9cce-10d1c0c9f75d@group-9D565607491F-SegmentedRaftLogWorker for RaftStorageImpl:Storage Directory /home/runner/work/ozone/ozone/hadoop-ozone/integration-test-s3/target/test-dir/MiniOzoneClusterImpl-4f0ef3c3-c429-48e0-ae71-8c6302523d84/ozone-meta/datanode-2/ratis/01ecadce-c668-4e39-b7a3-9d565607491f
2025-05-12 14:23:23,446 [e6edfd35-e7a8-467e-9cce-10d1c0c9f75d-groupManagement] INFO  server.RaftServerConfigKeys (ConfUtils.java:logGet(46)) - raft.server.log.queue.byte-limit = 4294967296 (custom)
2025-05-12 14:23:23,446 [e6edfd35-e7a8-467e-9cce-10d1c0c9f75d-groupManagement] INFO  server.RaftServerConfigKeys (ConfUtils.java:logGet(46)) - raft.server.log.queue.element-limit = 1024 (custom)
2025-05-12 14:23:23,446 [e6edfd35-e7a8-467e-9cce-10d1c0c9f75d-groupManagement] INFO  server.RaftServerConfigKeys (ConfUtils.java:logGet(46)) - raft.server.log.segment.size.max = 67108864 (custom)
2025-05-12 14:23:23,446 [e6edfd35-e7a8-467e-9cce-10d1c0c9f75d-groupManagement] INFO  server.RaftServerConfigKeys (ConfUtils.java:logGet(46)) - raft.server.log.preallocated.size = 4194304 (custom)
2025-05-12 14:23:23,446 [e6edfd35-e7a8-467e-9cce-10d1c0c9f75d-groupManagement] INFO  server.RaftServerConfigKeys (ConfUtils.java:logGet(46)) - raft.server.log.force.sync.num = 128 (default)
2025-05-12 14:23:23,446 [e6edfd35-e7a8-467e-9cce-10d1c0c9f75d-groupManagement] INFO  server.RaftServerConfigKeys (ConfUtils.java:logGet(46)) - raft.server.log.statemachine.data.sync = true (default)
2025-05-12 14:23:23,446 [e6edfd35-e7a8-467e-9cce-10d1c0c9f75d-groupManagement] INFO  server.RaftServerConfigKeys (ConfUtils.java:logGet(46)) - raft.server.log.statemachine.data.sync.timeout = 10s (default)
2025-05-12 14:23:23,446 [e6edfd35-e7a8-467e-9cce-10d1c0c9f75d-groupManagement] INFO  server.RaftServerConfigKeys (ConfUtils.java:logGet(46)) - raft.server.log.statemachine.data.sync.timeout.retry = 30 (custom)
2025-05-12 14:23:23,447 [e6edfd35-e7a8-467e-9cce-10d1c0c9f75d-groupManagement] INFO  server.RaftServerConfigKeys (ConfUtils.java:logGet(46)) - raft.server.log.write.buffer.size = 33554440 (custom)
2025-05-12 14:23:23,449 [807d821f-bf9f-4e54-9fe3-c13c7f8c8c03-groupManagement] INFO  server.RaftServerConfigKeys (ConfUtils.java:logGet(46)) - raft.server.log.appender.install.snapshot.enabled = false (custom)
2025-05-12 14:23:23,449 [807d821f-bf9f-4e54-9fe3-c13c7f8c8c03-groupManagement] INFO  server.RaftServerConfigKeys (ConfUtils.java:logGet(46)) - raft.server.threadpool.server.cached = true (default)
2025-05-12 14:23:23,449 [807d821f-bf9f-4e54-9fe3-c13c7f8c8c03-groupManagement] INFO  server.RaftServerConfigKeys (ConfUtils.java:logGet(46)) - raft.server.threadpool.server.size = 0 (default)
2025-05-12 14:23:23,449 [807d821f-bf9f-4e54-9fe3-c13c7f8c8c03-groupManagement] INFO  server.RaftServerConfigKeys (ConfUtils.java:logGet(46)) - raft.server.threadpool.client.cached = true (default)
2025-05-12 14:23:23,449 [807d821f-bf9f-4e54-9fe3-c13c7f8c8c03-groupManagement] INFO  server.RaftServerConfigKeys (ConfUtils.java:logGet(46)) - raft.server.threadpool.client.size = 0 (default)
2025-05-12 14:23:23,449 [807d821f-bf9f-4e54-9fe3-c13c7f8c8c03-groupManagement] INFO  server.RaftServerConfigKeys (ConfUtils.java:logGet(46)) - raft.server.storage.free-space.min = 0MB (=0) (default)
2025-05-12 14:23:23,449 [807d821f-bf9f-4e54-9fe3-c13c7f8c8c03-groupManagement] INFO  server.RaftServerConfigKeys (ConfUtils.java:logGet(46)) - raft.server.log.corruption.policy = EXCEPTION (default)
2025-05-12 14:23:23,449 [807d821f-bf9f-4e54-9fe3-c13c7f8c8c03-groupManagement] INFO  server.RaftServerConfigKeys (ConfUtils.java:logGet(46)) - raft.server.storage.dir = [/home/runner/work/ozone/ozone/hadoop-ozone/integration-test-s3/target/test-dir/MiniOzoneClusterImpl-4f0ef3c3-c429-48e0-ae71-8c6302523d84/ozone-meta/datanode-1/ratis] (custom)
2025-05-12 14:23:23,450 [807d821f-bf9f-4e54-9fe3-c13c7f8c8c03-groupManagement] INFO  storage.RaftStorageDirectory (RaftStorageDirectoryImpl.java:analyzeStorage(138)) - The storage directory /home/runner/work/ozone/ozone/hadoop-ozone/integration-test-s3/target/test-dir/MiniOzoneClusterImpl-4f0ef3c3-c429-48e0-ae71-8c6302523d84/ozone-meta/datanode-1/ratis/01ecadce-c668-4e39-b7a3-9d565607491f does not exist. Creating ...
2025-05-12 14:23:23,451 [807d821f-bf9f-4e54-9fe3-c13c7f8c8c03-groupManagement] INFO  storage.RaftStorageDirectory (RaftStorageDirectoryImpl.java:tryLock(229)) - Lock on /home/runner/work/ozone/ozone/hadoop-ozone/integration-test-s3/target/test-dir/MiniOzoneClusterImpl-4f0ef3c3-c429-48e0-ae71-8c6302523d84/ozone-meta/datanode-1/ratis/01ecadce-c668-4e39-b7a3-9d565607491f/in_use.lock acquired by nodename 70950@pkrvmberfyhpb9w
2025-05-12 14:23:23,452 [807d821f-bf9f-4e54-9fe3-c13c7f8c8c03-groupManagement] INFO  storage.RaftStorage (RaftStorageImpl.java:format(98)) - Storage directory /home/runner/work/ozone/ozone/hadoop-ozone/integration-test-s3/target/test-dir/MiniOzoneClusterImpl-4f0ef3c3-c429-48e0-ae71-8c6302523d84/ozone-meta/datanode-1/ratis/01ecadce-c668-4e39-b7a3-9d565607491f has been successfully formatted.
2025-05-12 14:23:23,452 [807d821f-bf9f-4e54-9fe3-c13c7f8c8c03-groupManagement] INFO  ratis.ContainerStateMachine (ContainerStateMachine.java:initialize(339)) - 807d821f-bf9f-4e54-9fe3-c13c7f8c8c03: initialize group-9D565607491F
2025-05-12 14:23:23,452 [807d821f-bf9f-4e54-9fe3-c13c7f8c8c03-groupManagement] INFO  ratis.ContainerStateMachine (ContainerStateMachine.java:loadSnapshot(347)) - group-9D565607491F: The snapshot info is null. Setting the last applied index to:(t:0, i:~)
2025-05-12 14:23:23,452 [807d821f-bf9f-4e54-9fe3-c13c7f8c8c03-groupManagement] INFO  server.RaftServerConfigKeys (ConfUtils.java:logGet(46)) - raft.server.log.use.memory = false (default)
2025-05-12 14:23:23,453 [807d821f-bf9f-4e54-9fe3-c13c7f8c8c03-groupManagement] INFO  server.RaftServerConfigKeys (ConfUtils.java:logGet(46)) - raft.server.log.purge.gap = 1000000 (custom)
2025-05-12 14:23:23,453 [807d821f-bf9f-4e54-9fe3-c13c7f8c8c03-groupManagement] INFO  server.RaftServerConfigKeys (ConfUtils.java:logGet(46)) - raft.server.log.appender.buffer.byte-limit = 33554432 (custom)
2025-05-12 14:23:23,453 [807d821f-bf9f-4e54-9fe3-c13c7f8c8c03-groupManagement] INFO  server.RaftServerConfigKeys (ConfUtils.java:logGet(46)) - raft.server.log.statemachine.data.read.timeout = 1000ms (default)
2025-05-12 14:23:23,453 [807d821f-bf9f-4e54-9fe3-c13c7f8c8c03-groupManagement] INFO  server.RaftServerConfigKeys (ConfUtils.java:logGet(46)) - raft.server.log.purge.preservation.log.num = 0 (default)
2025-05-12 14:23:23,455 [EventQueue-PipelineReportForOneReplicaPipelineSafeModeRule] INFO  safemode.SCMSafeModeManager (SCMSafeModeManager.java:validateSafeModeExitRules(140)) - AtleastOneDatanodeReportedRule rule is successfully validated
2025-05-12 14:23:23,457 [e6edfd35-e7a8-467e-9cce-10d1c0c9f75d-groupManagement] INFO  server.RaftServerConfigKeys (ConfUtils.java:logGet(46)) - raft.server.log.appender.buffer.byte-limit = 33554432 (custom)
2025-05-12 14:23:23,458 [e6edfd35-e7a8-467e-9cce-10d1c0c9f75d-groupManagement] INFO  server.RaftServerConfigKeys (ConfUtils.java:logGet(46)) - raft.server.log.unsafe-flush.enabled = false (default)
2025-05-12 14:23:23,458 [e6edfd35-e7a8-467e-9cce-10d1c0c9f75d-groupManagement] INFO  server.RaftServerConfigKeys (ConfUtils.java:logGet(46)) - raft.server.log.async-flush.enabled = false (default)
2025-05-12 14:23:23,458 [e6edfd35-e7a8-467e-9cce-10d1c0c9f75d-groupManagement] INFO  server.RaftServerConfigKeys (ConfUtils.java:logGet(46)) - raft.server.log.statemachine.data.caching.enabled = true (custom)
2025-05-12 14:23:23,458 [e6edfd35-e7a8-467e-9cce-10d1c0c9f75d-groupManagement] INFO  segmented.SegmentedRaftLogWorker (SegmentedRaftLogWorker.java:lambda$new$0(139)) - e6edfd35-e7a8-467e-9cce-10d1c0c9f75d@group-9D565607491F-SegmentedRaftLogWorker: flushIndex: setUnconditionally 0 -> -1
2025-05-12 14:23:23,458 [e6edfd35-e7a8-467e-9cce-10d1c0c9f75d-groupManagement] INFO  segmented.SegmentedRaftLogWorker (SegmentedRaftLogWorker.java:lambda$new$0(139)) - e6edfd35-e7a8-467e-9cce-10d1c0c9f75d@group-9D565607491F-SegmentedRaftLogWorker: safeCacheEvictIndex: setUnconditionally 0 -> -1
2025-05-12 14:23:23,459 [e6edfd35-e7a8-467e-9cce-10d1c0c9f75d-groupManagement] INFO  server.RaftServer$Division (RaftServerImpl.java:start(391)) - e6edfd35-e7a8-467e-9cce-10d1c0c9f75d@group-9D565607491F: start as a follower, conf=conf: {index: -1, cur=peers:[99006d7d-02a9-415e-9b0e-000c52fd4d50|127.0.0.1:15031, 807d821f-bf9f-4e54-9fe3-c13c7f8c8c03|127.0.0.1:15015, e6edfd35-e7a8-467e-9cce-10d1c0c9f75d|127.0.0.1:15023]|listeners:[], old=null}
2025-05-12 14:23:23,459 [e6edfd35-e7a8-467e-9cce-10d1c0c9f75d-groupManagement] INFO  server.RaftServer$Division (RaftServerImpl.java:setRole(378)) - e6edfd35-e7a8-467e-9cce-10d1c0c9f75d@group-9D565607491F: changes role from      null to FOLLOWER at term 0 for startAsFollower
2025-05-12 14:23:23,459 [e6edfd35-e7a8-467e-9cce-10d1c0c9f75d-groupManagement] INFO  impl.RoleInfo (RoleInfo.java:updateAndGet(148)) - e6edfd35-e7a8-467e-9cce-10d1c0c9f75d: start e6edfd35-e7a8-467e-9cce-10d1c0c9f75d@group-9D565607491F-FollowerState
2025-05-12 14:23:23,457 [807d821f-bf9f-4e54-9fe3-c13c7f8c8c03-groupManagement] INFO  server.RaftServerConfigKeys (ConfUtils.java:logGet(46)) - raft.server.log.segment.size.max = 67108864 (custom)
2025-05-12 14:23:23,460 [e6edfd35-e7a8-467e-9cce-10d1c0c9f75d@group-9D565607491F-FollowerState] INFO  server.RaftServerConfigKeys (ConfUtils.java:logGet(46)) - raft.server.rpc.first-election.timeout.min = 1000ms (custom)
2025-05-12 14:23:23,460 [e6edfd35-e7a8-467e-9cce-10d1c0c9f75d-groupManagement] INFO  util.JmxRegister (JmxRegister.java:tryRegister(44)) - Successfully registered JMX Bean with object name Ratis:service=RaftServer,group=group-9D565607491F,id=e6edfd35-e7a8-467e-9cce-10d1c0c9f75d
2025-05-12 14:23:23,461 [e6edfd35-e7a8-467e-9cce-10d1c0c9f75d-groupManagement] INFO  util.JmxRegister (JmxRegister.java:register(58)) - register mxBean class org.apache.ratis.server.impl.RaftServerJmxAdapter as Ratis:service=RaftServer,group=group-9D565607491F,id=e6edfd35-e7a8-467e-9cce-10d1c0c9f75d
2025-05-12 14:23:23,461 [e6edfd35-e7a8-467e-9cce-10d1c0c9f75d-groupManagement] INFO  server.RaftServerConfigKeys (ConfUtils.java:logGet(46)) - raft.server.snapshot.trigger-when-stop.enabled = true (default)
2025-05-12 14:23:23,461 [e6edfd35-e7a8-467e-9cce-10d1c0c9f75d-groupManagement] INFO  server.RaftServerConfigKeys (ConfUtils.java:logGet(46)) - raft.server.snapshot.trigger-when-remove.enabled = true (default)
2025-05-12 14:23:23,461 [e6edfd35-e7a8-467e-9cce-10d1c0c9f75d-groupManagement] INFO  server.RaftServerConfigKeys (ConfUtils.java:logGet(46)) - raft.server.snapshot.auto.trigger.enabled = true (custom)
2025-05-12 14:23:23,461 [e6edfd35-e7a8-467e-9cce-10d1c0c9f75d-groupManagement] INFO  server.RaftServerConfigKeys (ConfUtils.java:logGet(46)) - raft.server.snapshot.auto.trigger.threshold = 100000 (custom)
2025-05-12 14:23:23,461 [e6edfd35-e7a8-467e-9cce-10d1c0c9f75d@group-9D565607491F-FollowerState] INFO  server.RaftServerConfigKeys (ConfUtils.java:logGet(46)) - raft.server.rpc.first-election.timeout.max = 1200ms (custom)
2025-05-12 14:23:23,462 [807d821f-bf9f-4e54-9fe3-c13c7f8c8c03-groupManagement] INFO  server.RaftServerConfigKeys (ConfUtils.java:logGet(46)) - raft.server.log.segment.cache.num.max = 2 (custom)
2025-05-12 14:23:23,462 [807d821f-bf9f-4e54-9fe3-c13c7f8c8c03-groupManagement] INFO  server.RaftServerConfigKeys (ConfUtils.java:logGet(46)) - raft.server.log.segment.cache.size.max = 200MB (=209715200) (default)
2025-05-12 14:23:23,462 [807d821f-bf9f-4e54-9fe3-c13c7f8c8c03-groupManagement] INFO  server.RaftServerConfigKeys (ConfUtils.java:logGet(46)) - raft.server.log.appender.buffer.byte-limit = 33554432 (custom)
2025-05-12 14:23:23,461 [e6edfd35-e7a8-467e-9cce-10d1c0c9f75d-groupManagement] INFO  server.RaftServerConfigKeys (ConfUtils.java:logGet(46)) - raft.server.snapshot.retention.file.num = 5 (custom)
2025-05-12 14:23:23,462 [e6edfd35-e7a8-467e-9cce-10d1c0c9f75d-groupManagement] INFO  server.RaftServerConfigKeys (ConfUtils.java:logGet(46)) - raft.server.log.purge.upto.snapshot.index = false (default)
2025-05-12 14:23:23,464 [807d821f-bf9f-4e54-9fe3-c13c7f8c8c03-groupManagement] INFO  util.AwaitToRun (AwaitToRun.java:start(81)) - Thread[#936,807d821f-bf9f-4e54-9fe3-c13c7f8c8c03@group-9D565607491F-cacheEviction-AwaitToRun,5,main] started
2025-05-12 14:23:23,464 [807d821f-bf9f-4e54-9fe3-c13c7f8c8c03-groupManagement] INFO  segmented.SegmentedRaftLogWorker (SegmentedRaftLogWorker.java:<init>(188)) - new 807d821f-bf9f-4e54-9fe3-c13c7f8c8c03@group-9D565607491F-SegmentedRaftLogWorker for RaftStorageImpl:Storage Directory /home/runner/work/ozone/ozone/hadoop-ozone/integration-test-s3/target/test-dir/MiniOzoneClusterImpl-4f0ef3c3-c429-48e0-ae71-8c6302523d84/ozone-meta/datanode-1/ratis/01ecadce-c668-4e39-b7a3-9d565607491f
2025-05-12 14:23:23,464 [807d821f-bf9f-4e54-9fe3-c13c7f8c8c03-groupManagement] INFO  server.RaftServerConfigKeys (ConfUtils.java:logGet(46)) - raft.server.log.queue.byte-limit = 4294967296 (custom)
2025-05-12 14:23:23,464 [807d821f-bf9f-4e54-9fe3-c13c7f8c8c03-groupManagement] INFO  server.RaftServerConfigKeys (ConfUtils.java:logGet(46)) - raft.server.log.queue.element-limit = 1024 (custom)
2025-05-12 14:23:23,464 [807d821f-bf9f-4e54-9fe3-c13c7f8c8c03-groupManagement] INFO  server.RaftServerConfigKeys (ConfUtils.java:logGet(46)) - raft.server.log.segment.size.max = 67108864 (custom)
2025-05-12 14:23:23,464 [807d821f-bf9f-4e54-9fe3-c13c7f8c8c03-groupManagement] INFO  server.RaftServerConfigKeys (ConfUtils.java:logGet(46)) - raft.server.log.preallocated.size = 4194304 (custom)
2025-05-12 14:23:23,464 [807d821f-bf9f-4e54-9fe3-c13c7f8c8c03-groupManagement] INFO  server.RaftServerConfigKeys (ConfUtils.java:logGet(46)) - raft.server.log.force.sync.num = 128 (default)
2025-05-12 14:23:23,464 [807d821f-bf9f-4e54-9fe3-c13c7f8c8c03-groupManagement] INFO  server.RaftServerConfigKeys (ConfUtils.java:logGet(46)) - raft.server.log.statemachine.data.sync = true (default)
2025-05-12 14:23:23,464 [807d821f-bf9f-4e54-9fe3-c13c7f8c8c03-groupManagement] INFO  server.RaftServerConfigKeys (ConfUtils.java:logGet(46)) - raft.server.log.statemachine.data.sync.timeout = 10s (default)
2025-05-12 14:23:23,464 [807d821f-bf9f-4e54-9fe3-c13c7f8c8c03-groupManagement] INFO  server.RaftServerConfigKeys (ConfUtils.java:logGet(46)) - raft.server.log.statemachine.data.sync.timeout.retry = 30 (custom)
2025-05-12 14:23:23,465 [e6edfd35-e7a8-467e-9cce-10d1c0c9f75d-groupManagement] INFO  server.RaftServer$Division (RaftServerImpl.java:start(405)) - e6edfd35-e7a8-467e-9cce-10d1c0c9f75d@group-9D565607491F: Successfully started.
2025-05-12 14:23:23,465 [807d821f-bf9f-4e54-9fe3-c13c7f8c8c03-groupManagement] INFO  server.RaftServerConfigKeys (ConfUtils.java:logGet(46)) - raft.server.log.write.buffer.size = 33554440 (custom)
2025-05-12 14:23:23,468 [e6edfd35-e7a8-467e-9cce-10d1c0c9f75d-PipelineCommandHandlerThread-0] INFO  ratis.XceiverServerRatis (XceiverServerRatis.java:addGroup(843)) - Created group PipelineID=01ecadce-c668-4e39-b7a3-9d565607491f
2025-05-12 14:23:23,474 [807d821f-bf9f-4e54-9fe3-c13c7f8c8c03-groupManagement] INFO  server.RaftServerConfigKeys (ConfUtils.java:logGet(46)) - raft.server.log.appender.buffer.byte-limit = 33554432 (custom)
2025-05-12 14:23:23,474 [807d821f-bf9f-4e54-9fe3-c13c7f8c8c03-groupManagement] INFO  server.RaftServerConfigKeys (ConfUtils.java:logGet(46)) - raft.server.log.unsafe-flush.enabled = false (default)
2025-05-12 14:23:23,474 [807d821f-bf9f-4e54-9fe3-c13c7f8c8c03-groupManagement] INFO  server.RaftServerConfigKeys (ConfUtils.java:logGet(46)) - raft.server.log.async-flush.enabled = false (default)
2025-05-12 14:23:23,475 [807d821f-bf9f-4e54-9fe3-c13c7f8c8c03-groupManagement] INFO  server.RaftServerConfigKeys (ConfUtils.java:logGet(46)) - raft.server.log.statemachine.data.caching.enabled = true (custom)
2025-05-12 14:23:23,475 [807d821f-bf9f-4e54-9fe3-c13c7f8c8c03-groupManagement] INFO  segmented.SegmentedRaftLogWorker (SegmentedRaftLogWorker.java:lambda$new$0(139)) - 807d821f-bf9f-4e54-9fe3-c13c7f8c8c03@group-9D565607491F-SegmentedRaftLogWorker: flushIndex: setUnconditionally 0 -> -1
2025-05-12 14:23:23,475 [807d821f-bf9f-4e54-9fe3-c13c7f8c8c03-groupManagement] INFO  segmented.SegmentedRaftLogWorker (SegmentedRaftLogWorker.java:lambda$new$0(139)) - 807d821f-bf9f-4e54-9fe3-c13c7f8c8c03@group-9D565607491F-SegmentedRaftLogWorker: safeCacheEvictIndex: setUnconditionally 0 -> -1
2025-05-12 14:23:23,476 [807d821f-bf9f-4e54-9fe3-c13c7f8c8c03-groupManagement] INFO  server.RaftServer$Division (RaftServerImpl.java:start(391)) - 807d821f-bf9f-4e54-9fe3-c13c7f8c8c03@group-9D565607491F: start as a follower, conf=conf: {index: -1, cur=peers:[99006d7d-02a9-415e-9b0e-000c52fd4d50|127.0.0.1:15031, 807d821f-bf9f-4e54-9fe3-c13c7f8c8c03|127.0.0.1:15015, e6edfd35-e7a8-467e-9cce-10d1c0c9f75d|127.0.0.1:15023]|listeners:[], old=null}
2025-05-12 14:23:23,476 [807d821f-bf9f-4e54-9fe3-c13c7f8c8c03-groupManagement] INFO  server.RaftServer$Division (RaftServerImpl.java:setRole(378)) - 807d821f-bf9f-4e54-9fe3-c13c7f8c8c03@group-9D565607491F: changes role from      null to FOLLOWER at term 0 for startAsFollower
2025-05-12 14:23:23,476 [807d821f-bf9f-4e54-9fe3-c13c7f8c8c03-groupManagement] INFO  impl.RoleInfo (RoleInfo.java:updateAndGet(148)) - 807d821f-bf9f-4e54-9fe3-c13c7f8c8c03: start 807d821f-bf9f-4e54-9fe3-c13c7f8c8c03@group-9D565607491F-FollowerState
2025-05-12 14:23:23,476 [807d821f-bf9f-4e54-9fe3-c13c7f8c8c03@group-9D565607491F-FollowerState] INFO  server.RaftServerConfigKeys (ConfUtils.java:logGet(46)) - raft.server.rpc.first-election.timeout.min = 1000ms (custom)
2025-05-12 14:23:23,476 [807d821f-bf9f-4e54-9fe3-c13c7f8c8c03@group-9D565607491F-FollowerState] INFO  server.RaftServerConfigKeys (ConfUtils.java:logGet(46)) - raft.server.rpc.first-election.timeout.max = 1200ms (custom)
2025-05-12 14:23:23,476 [807d821f-bf9f-4e54-9fe3-c13c7f8c8c03-groupManagement] INFO  util.JmxRegister (JmxRegister.java:tryRegister(44)) - Successfully registered JMX Bean with object name Ratis:service=RaftServer,group=group-9D565607491F,id=807d821f-bf9f-4e54-9fe3-c13c7f8c8c03
2025-05-12 14:23:23,476 [807d821f-bf9f-4e54-9fe3-c13c7f8c8c03-groupManagement] INFO  util.JmxRegister (JmxRegister.java:register(58)) - register mxBean class org.apache.ratis.server.impl.RaftServerJmxAdapter as Ratis:service=RaftServer,group=group-9D565607491F,id=807d821f-bf9f-4e54-9fe3-c13c7f8c8c03
2025-05-12 14:23:23,476 [807d821f-bf9f-4e54-9fe3-c13c7f8c8c03-groupManagement] INFO  server.RaftServerConfigKeys (ConfUtils.java:logGet(46)) - raft.server.snapshot.trigger-when-stop.enabled = true (default)
2025-05-12 14:23:23,476 [807d821f-bf9f-4e54-9fe3-c13c7f8c8c03-groupManagement] INFO  server.RaftServerConfigKeys (ConfUtils.java:logGet(46)) - raft.server.snapshot.trigger-when-remove.enabled = true (default)
2025-05-12 14:23:23,477 [807d821f-bf9f-4e54-9fe3-c13c7f8c8c03-groupManagement] INFO  server.RaftServerConfigKeys (ConfUtils.java:logGet(46)) - raft.server.snapshot.auto.trigger.enabled = true (custom)
2025-05-12 14:23:23,477 [807d821f-bf9f-4e54-9fe3-c13c7f8c8c03-groupManagement] INFO  server.RaftServerConfigKeys (ConfUtils.java:logGet(46)) - raft.server.snapshot.auto.trigger.threshold = 100000 (custom)
2025-05-12 14:23:23,477 [807d821f-bf9f-4e54-9fe3-c13c7f8c8c03-groupManagement] INFO  server.RaftServerConfigKeys (ConfUtils.java:logGet(46)) - raft.server.snapshot.retention.file.num = 5 (custom)
2025-05-12 14:23:23,477 [807d821f-bf9f-4e54-9fe3-c13c7f8c8c03-groupManagement] INFO  server.RaftServerConfigKeys (ConfUtils.java:logGet(46)) - raft.server.log.purge.upto.snapshot.index = false (default)
2025-05-12 14:23:23,479 [807d821f-bf9f-4e54-9fe3-c13c7f8c8c03-groupManagement] INFO  server.RaftServer$Division (RaftServerImpl.java:start(405)) - 807d821f-bf9f-4e54-9fe3-c13c7f8c8c03@group-9D565607491F: Successfully started.
2025-05-12 14:23:23,480 [807d821f-bf9f-4e54-9fe3-c13c7f8c8c03-PipelineCommandHandlerThread-0] INFO  ratis.XceiverServerRatis (XceiverServerRatis.java:addGroup(843)) - Created group PipelineID=01ecadce-c668-4e39-b7a3-9d565607491f
2025-05-12 14:23:23,492 [99006d7d-02a9-415e-9b0e-000c52fd4d50-PipelineCommandHandlerThread-0] INFO  server.RaftServer (RaftServerProxy.java:addNew(100)) - 99006d7d-02a9-415e-9b0e-000c52fd4d50: addNew group-9D565607491F:[99006d7d-02a9-415e-9b0e-000c52fd4d50|127.0.0.1:15031, 807d821f-bf9f-4e54-9fe3-c13c7f8c8c03|127.0.0.1:15015, e6edfd35-e7a8-467e-9cce-10d1c0c9f75d|127.0.0.1:15023] returns group-9D565607491F:java.util.concurrent.CompletableFuture@42926000[Not completed]
2025-05-12 14:23:23,496 [99006d7d-02a9-415e-9b0e-000c52fd4d50-groupManagement] INFO  server.RaftServer$Division (RaftServerImpl.java:<init>(255)) - 99006d7d-02a9-415e-9b0e-000c52fd4d50: new RaftServerImpl for group-9D565607491F:[99006d7d-02a9-415e-9b0e-000c52fd4d50|127.0.0.1:15031, 807d821f-bf9f-4e54-9fe3-c13c7f8c8c03|127.0.0.1:15015, e6edfd35-e7a8-467e-9cce-10d1c0c9f75d|127.0.0.1:15023] with ContainerStateMachine:uninitialized
2025-05-12 14:23:23,498 [99006d7d-02a9-415e-9b0e-000c52fd4d50-groupManagement] INFO  server.RaftServerConfigKeys (ConfUtils.java:logGet(46)) - raft.server.rpc.timeout.min = 5s (custom)
2025-05-12 14:23:23,498 [99006d7d-02a9-415e-9b0e-000c52fd4d50-groupManagement] INFO  server.RaftServerConfigKeys (ConfUtils.java:logGet(46)) - raft.server.rpc.timeout.max = 5200ms (custom)
2025-05-12 14:23:23,499 [99006d7d-02a9-415e-9b0e-000c52fd4d50-groupManagement] INFO  server.RaftServerConfigKeys (ConfUtils.java:logGet(46)) - raft.server.rpc.sleep.time = 25ms (default)
2025-05-12 14:23:23,499 [99006d7d-02a9-415e-9b0e-000c52fd4d50-groupManagement] INFO  server.RaftServerConfigKeys (ConfUtils.java:logGet(46)) - raft.server.rpc.slowness.timeout = 300s (custom)
2025-05-12 14:23:23,499 [99006d7d-02a9-415e-9b0e-000c52fd4d50-groupManagement] INFO  server.RaftServerConfigKeys (ConfUtils.java:logGet(46)) - raft.server.leaderelection.leader.step-down.wait-time = 10s (default)
2025-05-12 14:23:23,499 [99006d7d-02a9-415e-9b0e-000c52fd4d50-groupManagement] INFO  server.RaftServerConfigKeys (ConfUtils.java:logGet(46)) - raft.server.leaderelection.member.majority-add = false (default)
2025-05-12 14:23:23,499 [99006d7d-02a9-415e-9b0e-000c52fd4d50-groupManagement] INFO  server.RaftServerConfigKeys (ConfUtils.java:logGet(46)) - raft.server.sleep.deviation.threshold = 300ms (default)
2025-05-12 14:23:23,499 [99006d7d-02a9-415e-9b0e-000c52fd4d50-groupManagement] INFO  server.RaftServer$Division (ServerState.java:<init>(114)) - 99006d7d-02a9-415e-9b0e-000c52fd4d50@group-9D565607491F: ConfigurationManager, init=conf: {index: -1, cur=peers:[99006d7d-02a9-415e-9b0e-000c52fd4d50|127.0.0.1:15031, 807d821f-bf9f-4e54-9fe3-c13c7f8c8c03|127.0.0.1:15015, e6edfd35-e7a8-467e-9cce-10d1c0c9f75d|127.0.0.1:15023]|listeners:[], old=null}, confs=<EMPTY_MAP>
2025-05-12 14:23:23,499 [99006d7d-02a9-415e-9b0e-000c52fd4d50-groupManagement] INFO  server.RaftServerConfigKeys (ConfUtils.java:logGet(46)) - raft.server.notification.no-leader.timeout = 300s (custom)
2025-05-12 14:23:23,499 [99006d7d-02a9-415e-9b0e-000c52fd4d50-groupManagement] INFO  server.RaftServerConfigKeys (ConfUtils.java:logGet(46)) - raft.server.read.timeout = 10s (default)
2025-05-12 14:23:23,499 [99006d7d-02a9-415e-9b0e-000c52fd4d50-groupManagement] INFO  server.RaftServerConfigKeys (ConfUtils.java:logGet(46)) - raft.server.retrycache.expirytime = 600000ms (custom)
2025-05-12 14:23:23,499 [99006d7d-02a9-415e-9b0e-000c52fd4d50-groupManagement] INFO  server.RaftServerConfigKeys (ConfUtils.java:logGet(46)) - raft.server.retrycache.statistics.expirytime = 100ms (default)
2025-05-12 14:23:23,499 [99006d7d-02a9-415e-9b0e-000c52fd4d50-groupManagement] INFO  server.RaftServerConfigKeys (ConfUtils.java:logGet(46)) - raft.server.read.option = DEFAULT (default)
2025-05-12 14:23:23,499 [99006d7d-02a9-415e-9b0e-000c52fd4d50-groupManagement] INFO  server.RaftServerConfigKeys (ConfUtils.java:logGet(46)) - raft.server.read.read-after-write-consistent.write-index-cache.expiry-time = 60s (default)
2025-05-12 14:23:23,514 [99006d7d-02a9-415e-9b0e-000c52fd4d50-groupManagement] INFO  server.RaftServerConfigKeys (ConfUtils.java:logGet(46)) - raft.server.rpc.request.timeout = 60s (custom)
2025-05-12 14:23:23,514 [99006d7d-02a9-415e-9b0e-000c52fd4d50-groupManagement] INFO  server.RaftServerConfigKeys (ConfUtils.java:logGet(46)) - raft.server.log.appender.install.snapshot.enabled = false (custom)
2025-05-12 14:23:23,514 [99006d7d-02a9-415e-9b0e-000c52fd4d50-groupManagement] INFO  server.RaftServerConfigKeys (ConfUtils.java:logGet(46)) - raft.server.threadpool.server.cached = true (default)
2025-05-12 14:23:23,514 [99006d7d-02a9-415e-9b0e-000c52fd4d50-groupManagement] INFO  server.RaftServerConfigKeys (ConfUtils.java:logGet(46)) - raft.server.threadpool.server.size = 0 (default)
2025-05-12 14:23:23,514 [99006d7d-02a9-415e-9b0e-000c52fd4d50-groupManagement] INFO  server.RaftServerConfigKeys (ConfUtils.java:logGet(46)) - raft.server.threadpool.client.cached = true (default)
2025-05-12 14:23:23,514 [99006d7d-02a9-415e-9b0e-000c52fd4d50-groupManagement] INFO  server.RaftServerConfigKeys (ConfUtils.java:logGet(46)) - raft.server.threadpool.client.size = 0 (default)
2025-05-12 14:23:23,514 [99006d7d-02a9-415e-9b0e-000c52fd4d50-groupManagement] INFO  server.RaftServerConfigKeys (ConfUtils.java:logGet(46)) - raft.server.storage.free-space.min = 0MB (=0) (default)
2025-05-12 14:23:23,514 [99006d7d-02a9-415e-9b0e-000c52fd4d50-groupManagement] INFO  server.RaftServerConfigKeys (ConfUtils.java:logGet(46)) - raft.server.log.corruption.policy = EXCEPTION (default)
2025-05-12 14:23:23,516 [99006d7d-02a9-415e-9b0e-000c52fd4d50-groupManagement] INFO  server.RaftServerConfigKeys (ConfUtils.java:logGet(46)) - raft.server.storage.dir = [/home/runner/work/ozone/ozone/hadoop-ozone/integration-test-s3/target/test-dir/MiniOzoneClusterImpl-4f0ef3c3-c429-48e0-ae71-8c6302523d84/ozone-meta/datanode-3/ratis] (custom)
2025-05-12 14:23:23,516 [99006d7d-02a9-415e-9b0e-000c52fd4d50-groupManagement] INFO  storage.RaftStorageDirectory (RaftStorageDirectoryImpl.java:analyzeStorage(138)) - The storage directory /home/runner/work/ozone/ozone/hadoop-ozone/integration-test-s3/target/test-dir/MiniOzoneClusterImpl-4f0ef3c3-c429-48e0-ae71-8c6302523d84/ozone-meta/datanode-3/ratis/01ecadce-c668-4e39-b7a3-9d565607491f does not exist. Creating ...
2025-05-12 14:23:23,519 [99006d7d-02a9-415e-9b0e-000c52fd4d50-groupManagement] INFO  storage.RaftStorageDirectory (RaftStorageDirectoryImpl.java:tryLock(229)) - Lock on /home/runner/work/ozone/ozone/hadoop-ozone/integration-test-s3/target/test-dir/MiniOzoneClusterImpl-4f0ef3c3-c429-48e0-ae71-8c6302523d84/ozone-meta/datanode-3/ratis/01ecadce-c668-4e39-b7a3-9d565607491f/in_use.lock acquired by nodename 70950@pkrvmberfyhpb9w
2025-05-12 14:23:23,521 [99006d7d-02a9-415e-9b0e-000c52fd4d50-groupManagement] INFO  storage.RaftStorage (RaftStorageImpl.java:format(98)) - Storage directory /home/runner/work/ozone/ozone/hadoop-ozone/integration-test-s3/target/test-dir/MiniOzoneClusterImpl-4f0ef3c3-c429-48e0-ae71-8c6302523d84/ozone-meta/datanode-3/ratis/01ecadce-c668-4e39-b7a3-9d565607491f has been successfully formatted.
2025-05-12 14:23:23,522 [99006d7d-02a9-415e-9b0e-000c52fd4d50-groupManagement] INFO  ratis.ContainerStateMachine (ContainerStateMachine.java:initialize(339)) - 99006d7d-02a9-415e-9b0e-000c52fd4d50: initialize group-9D565607491F
2025-05-12 14:23:23,522 [99006d7d-02a9-415e-9b0e-000c52fd4d50-groupManagement] INFO  ratis.ContainerStateMachine (ContainerStateMachine.java:loadSnapshot(347)) - group-9D565607491F: The snapshot info is null. Setting the last applied index to:(t:0, i:~)
2025-05-12 14:23:23,522 [99006d7d-02a9-415e-9b0e-000c52fd4d50-groupManagement] INFO  server.RaftServerConfigKeys (ConfUtils.java:logGet(46)) - raft.server.log.use.memory = false (default)
2025-05-12 14:23:23,523 [99006d7d-02a9-415e-9b0e-000c52fd4d50-groupManagement] INFO  server.RaftServerConfigKeys (ConfUtils.java:logGet(46)) - raft.server.log.purge.gap = 1000000 (custom)
2025-05-12 14:23:23,524 [99006d7d-02a9-415e-9b0e-000c52fd4d50-groupManagement] INFO  server.RaftServerConfigKeys (ConfUtils.java:logGet(46)) - raft.server.log.appender.buffer.byte-limit = 33554432 (custom)
2025-05-12 14:23:23,524 [99006d7d-02a9-415e-9b0e-000c52fd4d50-groupManagement] INFO  server.RaftServerConfigKeys (ConfUtils.java:logGet(46)) - raft.server.log.statemachine.data.read.timeout = 1000ms (default)
2025-05-12 14:23:23,524 [99006d7d-02a9-415e-9b0e-000c52fd4d50-groupManagement] INFO  server.RaftServerConfigKeys (ConfUtils.java:logGet(46)) - raft.server.log.purge.preservation.log.num = 0 (default)
2025-05-12 14:23:23,525 [EventQueue-PipelineReportForOneReplicaPipelineSafeModeRule] INFO  safemode.SCMSafeModeManager (SCMSafeModeManager.java:validateSafeModeExitRules(140)) - AtleastOneDatanodeReportedRule rule is successfully validated
2025-05-12 14:23:23,527 [99006d7d-02a9-415e-9b0e-000c52fd4d50-groupManagement] INFO  server.RaftServerConfigKeys (ConfUtils.java:logGet(46)) - raft.server.log.segment.size.max = 67108864 (custom)
2025-05-12 14:23:23,528 [99006d7d-02a9-415e-9b0e-000c52fd4d50-groupManagement] INFO  server.RaftServerConfigKeys (ConfUtils.java:logGet(46)) - raft.server.log.segment.cache.num.max = 2 (custom)
2025-05-12 14:23:23,528 [99006d7d-02a9-415e-9b0e-000c52fd4d50-groupManagement] INFO  server.RaftServerConfigKeys (ConfUtils.java:logGet(46)) - raft.server.log.segment.cache.size.max = 200MB (=209715200) (default)
2025-05-12 14:23:23,528 [99006d7d-02a9-415e-9b0e-000c52fd4d50-groupManagement] INFO  server.RaftServerConfigKeys (ConfUtils.java:logGet(46)) - raft.server.log.appender.buffer.byte-limit = 33554432 (custom)
2025-05-12 14:23:23,528 [99006d7d-02a9-415e-9b0e-000c52fd4d50-groupManagement] INFO  util.AwaitToRun (AwaitToRun.java:start(81)) - Thread[#948,99006d7d-02a9-415e-9b0e-000c52fd4d50@group-9D565607491F-cacheEviction-AwaitToRun,5,main] started
2025-05-12 14:23:23,529 [99006d7d-02a9-415e-9b0e-000c52fd4d50-groupManagement] INFO  segmented.SegmentedRaftLogWorker (SegmentedRaftLogWorker.java:<init>(188)) - new 99006d7d-02a9-415e-9b0e-000c52fd4d50@group-9D565607491F-SegmentedRaftLogWorker for RaftStorageImpl:Storage Directory /home/runner/work/ozone/ozone/hadoop-ozone/integration-test-s3/target/test-dir/MiniOzoneClusterImpl-4f0ef3c3-c429-48e0-ae71-8c6302523d84/ozone-meta/datanode-3/ratis/01ecadce-c668-4e39-b7a3-9d565607491f
2025-05-12 14:23:23,529 [99006d7d-02a9-415e-9b0e-000c52fd4d50-groupManagement] INFO  server.RaftServerConfigKeys (ConfUtils.java:logGet(46)) - raft.server.log.queue.byte-limit = 4294967296 (custom)
2025-05-12 14:23:23,529 [99006d7d-02a9-415e-9b0e-000c52fd4d50-groupManagement] INFO  server.RaftServerConfigKeys (ConfUtils.java:logGet(46)) - raft.server.log.queue.element-limit = 1024 (custom)
2025-05-12 14:23:23,529 [99006d7d-02a9-415e-9b0e-000c52fd4d50-groupManagement] INFO  server.RaftServerConfigKeys (ConfUtils.java:logGet(46)) - raft.server.log.segment.size.max = 67108864 (custom)
2025-05-12 14:23:23,529 [99006d7d-02a9-415e-9b0e-000c52fd4d50-groupManagement] INFO  server.RaftServerConfigKeys (ConfUtils.java:logGet(46)) - raft.server.log.preallocated.size = 4194304 (custom)
2025-05-12 14:23:23,529 [99006d7d-02a9-415e-9b0e-000c52fd4d50-groupManagement] INFO  server.RaftServerConfigKeys (ConfUtils.java:logGet(46)) - raft.server.log.force.sync.num = 128 (default)
2025-05-12 14:23:23,529 [99006d7d-02a9-415e-9b0e-000c52fd4d50-groupManagement] INFO  server.RaftServerConfigKeys (ConfUtils.java:logGet(46)) - raft.server.log.statemachine.data.sync = true (default)
2025-05-12 14:23:23,529 [99006d7d-02a9-415e-9b0e-000c52fd4d50-groupManagement] INFO  server.RaftServerConfigKeys (ConfUtils.java:logGet(46)) - raft.server.log.statemachine.data.sync.timeout = 10s (default)
2025-05-12 14:23:23,529 [99006d7d-02a9-415e-9b0e-000c52fd4d50-groupManagement] INFO  server.RaftServerConfigKeys (ConfUtils.java:logGet(46)) - raft.server.log.statemachine.data.sync.timeout.retry = 30 (custom)
2025-05-12 14:23:23,530 [99006d7d-02a9-415e-9b0e-000c52fd4d50-groupManagement] INFO  server.RaftServerConfigKeys (ConfUtils.java:logGet(46)) - raft.server.log.write.buffer.size = 33554440 (custom)
2025-05-12 14:23:23,538 [99006d7d-02a9-415e-9b0e-000c52fd4d50-groupManagement] INFO  server.RaftServerConfigKeys (ConfUtils.java:logGet(46)) - raft.server.log.appender.buffer.byte-limit = 33554432 (custom)
2025-05-12 14:23:23,538 [99006d7d-02a9-415e-9b0e-000c52fd4d50-groupManagement] INFO  server.RaftServerConfigKeys (ConfUtils.java:logGet(46)) - raft.server.log.unsafe-flush.enabled = false (default)
2025-05-12 14:23:23,539 [99006d7d-02a9-415e-9b0e-000c52fd4d50-groupManagement] INFO  server.RaftServerConfigKeys (ConfUtils.java:logGet(46)) - raft.server.log.async-flush.enabled = false (default)
2025-05-12 14:23:23,539 [99006d7d-02a9-415e-9b0e-000c52fd4d50-groupManagement] INFO  server.RaftServerConfigKeys (ConfUtils.java:logGet(46)) - raft.server.log.statemachine.data.caching.enabled = true (custom)
2025-05-12 14:23:23,539 [99006d7d-02a9-415e-9b0e-000c52fd4d50-groupManagement] INFO  segmented.SegmentedRaftLogWorker (SegmentedRaftLogWorker.java:lambda$new$0(139)) - 99006d7d-02a9-415e-9b0e-000c52fd4d50@group-9D565607491F-SegmentedRaftLogWorker: flushIndex: setUnconditionally 0 -> -1
2025-05-12 14:23:23,539 [99006d7d-02a9-415e-9b0e-000c52fd4d50-groupManagement] INFO  segmented.SegmentedRaftLogWorker (SegmentedRaftLogWorker.java:lambda$new$0(139)) - 99006d7d-02a9-415e-9b0e-000c52fd4d50@group-9D565607491F-SegmentedRaftLogWorker: safeCacheEvictIndex: setUnconditionally 0 -> -1
2025-05-12 14:23:23,540 [807d821f-bf9f-4e54-9fe3-c13c7f8c8c03-PipelineCommandHandlerThread-0] INFO  commandhandler.CreatePipelineCommandHandler (CreatePipelineCommandHandler.java:lambda$handle$2(128)) - Created Pipeline RATIS THREE PipelineID=01ecadce-c668-4e39-b7a3-9d565607491f.
2025-05-12 14:23:23,540 [99006d7d-02a9-415e-9b0e-000c52fd4d50-groupManagement] INFO  server.RaftServer$Division (RaftServerImpl.java:start(391)) - 99006d7d-02a9-415e-9b0e-000c52fd4d50@group-9D565607491F: start as a follower, conf=conf: {index: -1, cur=peers:[99006d7d-02a9-415e-9b0e-000c52fd4d50|127.0.0.1:15031, 807d821f-bf9f-4e54-9fe3-c13c7f8c8c03|127.0.0.1:15015, e6edfd35-e7a8-467e-9cce-10d1c0c9f75d|127.0.0.1:15023]|listeners:[], old=null}
2025-05-12 14:23:23,541 [99006d7d-02a9-415e-9b0e-000c52fd4d50-groupManagement] INFO  server.RaftServer$Division (RaftServerImpl.java:setRole(378)) - 99006d7d-02a9-415e-9b0e-000c52fd4d50@group-9D565607491F: changes role from      null to FOLLOWER at term 0 for startAsFollower
2025-05-12 14:23:23,541 [99006d7d-02a9-415e-9b0e-000c52fd4d50-groupManagement] INFO  impl.RoleInfo (RoleInfo.java:updateAndGet(148)) - 99006d7d-02a9-415e-9b0e-000c52fd4d50: start 99006d7d-02a9-415e-9b0e-000c52fd4d50@group-9D565607491F-FollowerState
2025-05-12 14:23:23,541 [99006d7d-02a9-415e-9b0e-000c52fd4d50@group-9D565607491F-FollowerState] INFO  server.RaftServerConfigKeys (ConfUtils.java:logGet(46)) - raft.server.rpc.first-election.timeout.min = 1000ms (custom)
2025-05-12 14:23:23,541 [99006d7d-02a9-415e-9b0e-000c52fd4d50-groupManagement] INFO  util.JmxRegister (JmxRegister.java:tryRegister(44)) - Successfully registered JMX Bean with object name Ratis:service=RaftServer,group=group-9D565607491F,id=99006d7d-02a9-415e-9b0e-000c52fd4d50
2025-05-12 14:23:23,541 [99006d7d-02a9-415e-9b0e-000c52fd4d50-groupManagement] INFO  util.JmxRegister (JmxRegister.java:register(58)) - register mxBean class org.apache.ratis.server.impl.RaftServerJmxAdapter as Ratis:service=RaftServer,group=group-9D565607491F,id=99006d7d-02a9-415e-9b0e-000c52fd4d50
2025-05-12 14:23:23,541 [99006d7d-02a9-415e-9b0e-000c52fd4d50-groupManagement] INFO  server.RaftServerConfigKeys (ConfUtils.java:logGet(46)) - raft.server.snapshot.trigger-when-stop.enabled = true (default)
2025-05-12 14:23:23,542 [99006d7d-02a9-415e-9b0e-000c52fd4d50-groupManagement] INFO  server.RaftServerConfigKeys (ConfUtils.java:logGet(46)) - raft.server.snapshot.trigger-when-remove.enabled = true (default)
2025-05-12 14:23:23,542 [99006d7d-02a9-415e-9b0e-000c52fd4d50-groupManagement] INFO  server.RaftServerConfigKeys (ConfUtils.java:logGet(46)) - raft.server.snapshot.auto.trigger.enabled = true (custom)
2025-05-12 14:23:23,542 [99006d7d-02a9-415e-9b0e-000c52fd4d50-groupManagement] INFO  server.RaftServerConfigKeys (ConfUtils.java:logGet(46)) - raft.server.snapshot.auto.trigger.threshold = 100000 (custom)
2025-05-12 14:23:23,542 [99006d7d-02a9-415e-9b0e-000c52fd4d50-groupManagement] INFO  server.RaftServerConfigKeys (ConfUtils.java:logGet(46)) - raft.server.snapshot.retention.file.num = 5 (custom)
2025-05-12 14:23:23,542 [99006d7d-02a9-415e-9b0e-000c52fd4d50-groupManagement] INFO  server.RaftServerConfigKeys (ConfUtils.java:logGet(46)) - raft.server.log.purge.upto.snapshot.index = false (default)
2025-05-12 14:23:23,541 [99006d7d-02a9-415e-9b0e-000c52fd4d50@group-9D565607491F-FollowerState] INFO  server.RaftServerConfigKeys (ConfUtils.java:logGet(46)) - raft.server.rpc.first-election.timeout.max = 1200ms (custom)
2025-05-12 14:23:23,545 [99006d7d-02a9-415e-9b0e-000c52fd4d50-groupManagement] INFO  server.RaftServer$Division (RaftServerImpl.java:start(405)) - 99006d7d-02a9-415e-9b0e-000c52fd4d50@group-9D565607491F: Successfully started.
2025-05-12 14:23:23,545 [99006d7d-02a9-415e-9b0e-000c52fd4d50-PipelineCommandHandlerThread-0] INFO  ratis.XceiverServerRatis (XceiverServerRatis.java:addGroup(843)) - Created group PipelineID=01ecadce-c668-4e39-b7a3-9d565607491f
2025-05-12 14:23:23,554 [e6edfd35-e7a8-467e-9cce-10d1c0c9f75d-PipelineCommandHandlerThread-0] INFO  commandhandler.CreatePipelineCommandHandler (CreatePipelineCommandHandler.java:lambda$handle$2(128)) - Created Pipeline RATIS THREE PipelineID=01ecadce-c668-4e39-b7a3-9d565607491f.
2025-05-12 14:23:23,584 [99006d7d-02a9-415e-9b0e-000c52fd4d50-PipelineCommandHandlerThread-0] INFO  commandhandler.CreatePipelineCommandHandler (CreatePipelineCommandHandler.java:lambda$handle$2(128)) - Created Pipeline RATIS THREE PipelineID=01ecadce-c668-4e39-b7a3-9d565607491f.
2025-05-12 14:23:23,825 [main] INFO  audit.AuditLogger (AuditLogger.java:refreshDebugCmdSet(133)) - Refresh DebugCmdSet for S3GAudit to [].
2025-05-12 14:23:23,875 [807d821f-bf9f-4e54-9fe3-c13c7f8c8c03@group-C1376016DA3B-FollowerState] INFO  impl.FollowerState (FollowerState.java:runImpl(161)) - 807d821f-bf9f-4e54-9fe3-c13c7f8c8c03@group-C1376016DA3B-FollowerState: change to CANDIDATE, lastRpcElapsedTime:1020975083ns, electionTimeout:1015ms
2025-05-12 14:23:23,876 [807d821f-bf9f-4e54-9fe3-c13c7f8c8c03@group-C1376016DA3B-FollowerState] INFO  impl.RoleInfo (RoleInfo.java:shutdownFollowerState(121)) - 807d821f-bf9f-4e54-9fe3-c13c7f8c8c03: shutdown 807d821f-bf9f-4e54-9fe3-c13c7f8c8c03@group-C1376016DA3B-FollowerState
2025-05-12 14:23:23,876 [807d821f-bf9f-4e54-9fe3-c13c7f8c8c03@group-C1376016DA3B-FollowerState] INFO  server.RaftServer$Division (RaftServerImpl.java:setRole(378)) - 807d821f-bf9f-4e54-9fe3-c13c7f8c8c03@group-C1376016DA3B: changes role from  FOLLOWER to CANDIDATE at term 0 for changeToCandidate
2025-05-12 14:23:23,876 [807d821f-bf9f-4e54-9fe3-c13c7f8c8c03@group-C1376016DA3B-FollowerState] INFO  server.RaftServerConfigKeys (ConfUtils.java:logGet(46)) - raft.server.leaderelection.pre-vote = true (default)
2025-05-12 14:23:23,876 [807d821f-bf9f-4e54-9fe3-c13c7f8c8c03@group-C1376016DA3B-FollowerState] INFO  impl.RoleInfo (RoleInfo.java:updateAndGet(148)) - 807d821f-bf9f-4e54-9fe3-c13c7f8c8c03: start 807d821f-bf9f-4e54-9fe3-c13c7f8c8c03@group-C1376016DA3B-LeaderElection4
2025-05-12 14:23:23,877 [807d821f-bf9f-4e54-9fe3-c13c7f8c8c03@group-C1376016DA3B-LeaderElection4] INFO  impl.LeaderElection (LeaderElection.java:askForVotes(332)) - 807d821f-bf9f-4e54-9fe3-c13c7f8c8c03@group-C1376016DA3B-LeaderElection4 PRE_VOTE round 0: submit vote requests at term 0 for conf: {index: -1, cur=peers:[99006d7d-02a9-415e-9b0e-000c52fd4d50|127.0.0.1:15031, 807d821f-bf9f-4e54-9fe3-c13c7f8c8c03|127.0.0.1:15015, e6edfd35-e7a8-467e-9cce-10d1c0c9f75d|127.0.0.1:15023]|listeners:[], old=null}
2025-05-12 14:23:23,880 [807d821f-bf9f-4e54-9fe3-c13c7f8c8c03@group-C1376016DA3B-LeaderElection4] INFO  server.RaftServerConfigKeys (ConfUtils.java:logGet(46)) - raft.server.rpc.first-election.timeout.min = 1000ms (custom)
2025-05-12 14:23:23,880 [807d821f-bf9f-4e54-9fe3-c13c7f8c8c03@group-C1376016DA3B-LeaderElection4] INFO  server.RaftServerConfigKeys (ConfUtils.java:logGet(46)) - raft.server.rpc.first-election.timeout.max = 1200ms (custom)
2025-05-12 14:23:23,880 [807d821f-bf9f-4e54-9fe3-c13c7f8c8c03@group-C1376016DA3B-LeaderElection4-1] INFO  server.GrpcServerProtocolClient (GrpcServerProtocolClient.java:<init>(65)) - Build channel for 99006d7d-02a9-415e-9b0e-000c52fd4d50|127.0.0.1:15031
2025-05-12 14:23:23,881 [807d821f-bf9f-4e54-9fe3-c13c7f8c8c03@group-C1376016DA3B-LeaderElection4-2] INFO  server.GrpcServerProtocolClient (GrpcServerProtocolClient.java:<init>(65)) - Build channel for e6edfd35-e7a8-467e-9cce-10d1c0c9f75d|127.0.0.1:15023
2025-05-12 14:23:23,893 [grpc-default-executor-1] INFO  server.RaftServer$Division (RaftServerImpl.java:requestVote(1407)) - 99006d7d-02a9-415e-9b0e-000c52fd4d50@group-C1376016DA3B: receive requestVote(PRE_VOTE, 807d821f-bf9f-4e54-9fe3-c13c7f8c8c03, group-C1376016DA3B, 0, (t:0, i:0))
2025-05-12 14:23:23,894 [grpc-default-executor-0] INFO  server.RaftServer$Division (RaftServerImpl.java:requestVote(1407)) - e6edfd35-e7a8-467e-9cce-10d1c0c9f75d@group-C1376016DA3B: receive requestVote(PRE_VOTE, 807d821f-bf9f-4e54-9fe3-c13c7f8c8c03, group-C1376016DA3B, 0, (t:0, i:0))
2025-05-12 14:23:23,895 [grpc-default-executor-0] INFO  impl.VoteContext (VoteContext.java:log(49)) - e6edfd35-e7a8-467e-9cce-10d1c0c9f75d@group-C1376016DA3B-FOLLOWER: accept PRE_VOTE from 807d821f-bf9f-4e54-9fe3-c13c7f8c8c03: our priority 0 <= candidate's priority 0
2025-05-12 14:23:23,896 [grpc-default-executor-1] INFO  impl.VoteContext (VoteContext.java:log(49)) - 99006d7d-02a9-415e-9b0e-000c52fd4d50@group-C1376016DA3B-FOLLOWER: reject PRE_VOTE from 807d821f-bf9f-4e54-9fe3-c13c7f8c8c03: our priority 1 > candidate's priority 0
2025-05-12 14:23:23,898 [grpc-default-executor-0] INFO  server.RaftServer$Division (RaftServerImpl.java:requestVote(1441)) - e6edfd35-e7a8-467e-9cce-10d1c0c9f75d@group-C1376016DA3B replies to PRE_VOTE vote request: 807d821f-bf9f-4e54-9fe3-c13c7f8c8c03<-e6edfd35-e7a8-467e-9cce-10d1c0c9f75d#0:OK-t0. Peer's state: e6edfd35-e7a8-467e-9cce-10d1c0c9f75d@group-C1376016DA3B:t0, leader=null, voted=, raftlog=Memoized:e6edfd35-e7a8-467e-9cce-10d1c0c9f75d@group-C1376016DA3B-SegmentedRaftLog:OPENED:c-1:lastnull, conf=conf: {index: -1, cur=peers:[99006d7d-02a9-415e-9b0e-000c52fd4d50|127.0.0.1:15031, 807d821f-bf9f-4e54-9fe3-c13c7f8c8c03|127.0.0.1:15015, e6edfd35-e7a8-467e-9cce-10d1c0c9f75d|127.0.0.1:15023]|listeners:[], old=null}
2025-05-12 14:23:23,898 [grpc-default-executor-1] INFO  server.RaftServer$Division (RaftServerImpl.java:requestVote(1441)) - 99006d7d-02a9-415e-9b0e-000c52fd4d50@group-C1376016DA3B replies to PRE_VOTE vote request: 807d821f-bf9f-4e54-9fe3-c13c7f8c8c03<-99006d7d-02a9-415e-9b0e-000c52fd4d50#0:FAIL-t0. Peer's state: 99006d7d-02a9-415e-9b0e-000c52fd4d50@group-C1376016DA3B:t0, leader=null, voted=, raftlog=Memoized:99006d7d-02a9-415e-9b0e-000c52fd4d50@group-C1376016DA3B-SegmentedRaftLog:OPENED:c-1:lastnull, conf=conf: {index: -1, cur=peers:[99006d7d-02a9-415e-9b0e-000c52fd4d50|127.0.0.1:15031, 807d821f-bf9f-4e54-9fe3-c13c7f8c8c03|127.0.0.1:15015, e6edfd35-e7a8-467e-9cce-10d1c0c9f75d|127.0.0.1:15023]|listeners:[], old=null}
2025-05-12 14:23:23,901 [807d821f-bf9f-4e54-9fe3-c13c7f8c8c03@group-C1376016DA3B-LeaderElection4] INFO  impl.LeaderElection (LeaderElection.java:logAndReturn(90)) - 807d821f-bf9f-4e54-9fe3-c13c7f8c8c03@group-C1376016DA3B-LeaderElection4: PRE_VOTE REJECTED received 2 response(s) and 0 exception(s):
2025-05-12 14:23:23,901 [807d821f-bf9f-4e54-9fe3-c13c7f8c8c03@group-C1376016DA3B-LeaderElection4] INFO  impl.LeaderElection (LeaderElection.java:logAndReturn(94)) -   Response 0: 807d821f-bf9f-4e54-9fe3-c13c7f8c8c03<-99006d7d-02a9-415e-9b0e-000c52fd4d50#0:FAIL-t0
2025-05-12 14:23:23,901 [807d821f-bf9f-4e54-9fe3-c13c7f8c8c03@group-C1376016DA3B-LeaderElection4] INFO  impl.LeaderElection (LeaderElection.java:logAndReturn(94)) -   Response 1: 807d821f-bf9f-4e54-9fe3-c13c7f8c8c03<-e6edfd35-e7a8-467e-9cce-10d1c0c9f75d#0:OK-t0
2025-05-12 14:23:23,901 [807d821f-bf9f-4e54-9fe3-c13c7f8c8c03@group-C1376016DA3B-LeaderElection4] INFO  impl.LeaderElection (LeaderElection.java:askForVotes(334)) - 807d821f-bf9f-4e54-9fe3-c13c7f8c8c03@group-C1376016DA3B-LeaderElection4 PRE_VOTE round 0: result REJECTED
2025-05-12 14:23:23,901 [807d821f-bf9f-4e54-9fe3-c13c7f8c8c03@group-C1376016DA3B-LeaderElection4] INFO  server.RaftServer$Division (RaftServerImpl.java:setRole(378)) - 807d821f-bf9f-4e54-9fe3-c13c7f8c8c03@group-C1376016DA3B: changes role from CANDIDATE to FOLLOWER at term 0 for REJECTED
2025-05-12 14:23:23,901 [807d821f-bf9f-4e54-9fe3-c13c7f8c8c03@group-C1376016DA3B-LeaderElection4] INFO  impl.RoleInfo (RoleInfo.java:shutdownLeaderElection(141)) - 807d821f-bf9f-4e54-9fe3-c13c7f8c8c03: shutdown 807d821f-bf9f-4e54-9fe3-c13c7f8c8c03@group-C1376016DA3B-LeaderElection4
2025-05-12 14:23:23,901 [807d821f-bf9f-4e54-9fe3-c13c7f8c8c03@group-C1376016DA3B-LeaderElection4] INFO  impl.RoleInfo (RoleInfo.java:updateAndGet(148)) - 807d821f-bf9f-4e54-9fe3-c13c7f8c8c03: start 807d821f-bf9f-4e54-9fe3-c13c7f8c8c03@group-C1376016DA3B-FollowerState
2025-05-12 14:23:23,902 [807d821f-bf9f-4e54-9fe3-c13c7f8c8c03@group-C1376016DA3B-LeaderElection4] INFO  server.RaftServer$Division (RaftServerImpl.java:setFirstElection(562)) - 807d821f-bf9f-4e54-9fe3-c13c7f8c8c03@group-C1376016DA3B: set firstElectionSinceStartup to false for REJECTED
2025-05-12 14:23:23,924 [main] INFO  handler.ContextHandler (ContextHandler.java:doStart(921)) - Started o.e.j.w.WebAppContext@16abeca6{s3gateway,/,file:///home/runner/work/ozone/ozone/hadoop-ozone/integration-test-s3/ozone_http_tmp_base_dir13679671364906209741/jetty-0_0_0_0-15050-ozone-s3gateway-2_1_0-SNAPSHOT_jar-_-any-7485829393213756773/webapp/,AVAILABLE}{jar:file:/home/runner/work/ozone/ozone/hadoop-ozone/s3gateway/target/ozone-s3gateway-2.1.0-SNAPSHOT.jar!/webapps/s3gateway}
2025-05-12 14:23:23,928 [main] INFO  server.AbstractConnector (AbstractConnector.java:doStart(333)) - Started ServerConnector@13e4287c{HTTP/1.1, (http/1.1)}{0.0.0.0:15050}
2025-05-12 14:23:23,928 [main] INFO  server.Server (Server.java:doStart(415)) - Started @18380ms
2025-05-12 14:23:23,928 [main] INFO  http.BaseHttpServer (BaseHttpServer.java:updateConnectorAddress(359)) - HTTP server of s3gateway listening at http://0.0.0.0:15050
2025-05-12 14:23:23,929 [main] INFO  http.HttpServer2 (HttpServer2.java:bindListener(1242)) - Jetty bound to port 19878
2025-05-12 14:23:23,929 [main] INFO  server.Server (Server.java:doStart(375)) - jetty-9.4.57.v20241219; built: 2025-01-08T21:24:30.412Z; git: df524e6b29271c2e09ba9aea83c18dc9db464a31; jvm 21.0.7+6-LTS
2025-05-12 14:23:23,932 [main] INFO  server.session (DefaultSessionIdManager.java:doStart(334)) - DefaultSessionIdManager workerName=node0
2025-05-12 14:23:23,932 [main] INFO  server.session (DefaultSessionIdManager.java:doStart(339)) - No SessionScavenger set, using defaults
2025-05-12 14:23:23,932 [main] INFO  server.session (HouseKeeper.java:startScavenging(132)) - node0 Scavenging every 660000ms
2025-05-12 14:23:23,934 [main] INFO  handler.ContextHandler (ContextHandler.java:doStart(921)) - Started o.e.j.s.ServletContextHandler@3c6d6cb3{logs,/logs,file:///home/runner/work/ozone/ozone/hadoop-ozone/integration-test-s3/target/log,AVAILABLE}
2025-05-12 14:23:23,935 [main] INFO  handler.ContextHandler (ContextHandler.java:doStart(921)) - Started o.e.j.s.ServletContextHandler@720a3eff{static,/static,jar:file:/home/runner/work/ozone/ozone/hadoop-ozone/s3gateway/target/ozone-s3gateway-2.1.0-SNAPSHOT.jar!/webapps/static,AVAILABLE}
2025-05-12 14:23:24,245 [e6edfd35-e7a8-467e-9cce-10d1c0c9f75d@group-C1376016DA3B-FollowerState] INFO  server.RaftServerConfigKeys (ConfUtils.java:logGet(46)) - raft.server.rpc.first-election.timeout.min = 1000ms (custom)
2025-05-12 14:23:24,245 [e6edfd35-e7a8-467e-9cce-10d1c0c9f75d@group-C1376016DA3B-FollowerState] INFO  server.RaftServerConfigKeys (ConfUtils.java:logGet(46)) - raft.server.rpc.first-election.timeout.max = 1200ms (custom)
2025-05-12 14:23:24,343 [main] INFO  handler.ContextHandler (ContextHandler.java:doStart(921)) - Started o.e.j.w.WebAppContext@f625021{s3g-web,/,file:///home/runner/work/ozone/ozone/hadoop-ozone/integration-test-s3/ozone_http_tmp_base_dir13679671364906209741/jetty-0_0_0_0-19878-ozone-s3gateway-2_1_0-SNAPSHOT_jar-_-any-7072676546250416733/webapp/,AVAILABLE}{jar:file:/home/runner/work/ozone/ozone/hadoop-ozone/s3gateway/target/ozone-s3gateway-2.1.0-SNAPSHOT.jar!/webapps/s3g-web}
2025-05-12 14:23:24,344 [main] INFO  server.AbstractConnector (AbstractConnector.java:doStart(333)) - Started ServerConnector@71e869c2{HTTP/1.1, (http/1.1)}{0.0.0.0:19878}
2025-05-12 14:23:24,344 [main] INFO  server.Server (Server.java:doStart(415)) - Started @18797ms
2025-05-12 14:23:24,345 [main] WARN  impl.MetricsSystemImpl (MetricsSystemImpl.java:register(279)) - Sink prometheus already exists!
2025-05-12 14:23:24,345 [main] INFO  http.BaseHttpServer (BaseHttpServer.java:updateConnectorAddress(359)) - HTTP server of s3g-web listening at http://0.0.0.0:19878
2025-05-12 14:23:24,368 [main] INFO  ozone.MiniOzoneClusterImpl (MiniOzoneClusterImpl.java:lambda$waitForClusterToBeReady$0(191)) - Nodes are ready. Got 5 of 5 DN Heartbeats.
2025-05-12 14:23:24,368 [main] INFO  ozone.MiniOzoneClusterImpl (MiniOzoneClusterImpl.java:lambda$waitForClusterToBeReady$0(194)) - Waiting for cluster to exit safe mode
2025-05-12 14:23:24,368 [main] INFO  ozone.MiniOzoneClusterImpl (MiniOzoneClusterImpl.java:lambda$waitForClusterToBeReady$0(196)) - SCM became leader
2025-05-12 14:23:24,502 [99006d7d-02a9-415e-9b0e-000c52fd4d50@group-C1376016DA3B-FollowerState] INFO  impl.FollowerState (FollowerState.java:runImpl(161)) - 99006d7d-02a9-415e-9b0e-000c52fd4d50@group-C1376016DA3B-FollowerState: change to CANDIDATE, lastRpcElapsedTime:1136580313ns, electionTimeout:1134ms
2025-05-12 14:23:24,502 [99006d7d-02a9-415e-9b0e-000c52fd4d50@group-C1376016DA3B-FollowerState] INFO  impl.RoleInfo (RoleInfo.java:shutdownFollowerState(121)) - 99006d7d-02a9-415e-9b0e-000c52fd4d50: shutdown 99006d7d-02a9-415e-9b0e-000c52fd4d50@group-C1376016DA3B-FollowerState
2025-05-12 14:23:24,502 [99006d7d-02a9-415e-9b0e-000c52fd4d50@group-C1376016DA3B-FollowerState] INFO  server.RaftServer$Division (RaftServerImpl.java:setRole(378)) - 99006d7d-02a9-415e-9b0e-000c52fd4d50@group-C1376016DA3B: changes role from  FOLLOWER to CANDIDATE at term 0 for changeToCandidate
2025-05-12 14:23:24,502 [99006d7d-02a9-415e-9b0e-000c52fd4d50@group-C1376016DA3B-FollowerState] INFO  server.RaftServerConfigKeys (ConfUtils.java:logGet(46)) - raft.server.leaderelection.pre-vote = true (default)
2025-05-12 14:23:24,502 [99006d7d-02a9-415e-9b0e-000c52fd4d50@group-C1376016DA3B-FollowerState] INFO  impl.RoleInfo (RoleInfo.java:updateAndGet(148)) - 99006d7d-02a9-415e-9b0e-000c52fd4d50: start 99006d7d-02a9-415e-9b0e-000c52fd4d50@group-C1376016DA3B-LeaderElection5
2025-05-12 14:23:24,503 [99006d7d-02a9-415e-9b0e-000c52fd4d50@group-C1376016DA3B-LeaderElection5] INFO  impl.LeaderElection (LeaderElection.java:askForVotes(332)) - 99006d7d-02a9-415e-9b0e-000c52fd4d50@group-C1376016DA3B-LeaderElection5 PRE_VOTE round 0: submit vote requests at term 0 for conf: {index: -1, cur=peers:[99006d7d-02a9-415e-9b0e-000c52fd4d50|127.0.0.1:15031, 807d821f-bf9f-4e54-9fe3-c13c7f8c8c03|127.0.0.1:15015, e6edfd35-e7a8-467e-9cce-10d1c0c9f75d|127.0.0.1:15023]|listeners:[], old=null}
2025-05-12 14:23:24,503 [99006d7d-02a9-415e-9b0e-000c52fd4d50@group-C1376016DA3B-LeaderElection5-1] INFO  server.GrpcServerProtocolClient (GrpcServerProtocolClient.java:<init>(65)) - Build channel for 807d821f-bf9f-4e54-9fe3-c13c7f8c8c03|127.0.0.1:15015
2025-05-12 14:23:24,503 [99006d7d-02a9-415e-9b0e-000c52fd4d50@group-C1376016DA3B-LeaderElection5] INFO  server.RaftServerConfigKeys (ConfUtils.java:logGet(46)) - raft.server.rpc.first-election.timeout.min = 1000ms (custom)
2025-05-12 14:23:24,503 [99006d7d-02a9-415e-9b0e-000c52fd4d50@group-C1376016DA3B-LeaderElection5] INFO  server.RaftServerConfigKeys (ConfUtils.java:logGet(46)) - raft.server.rpc.first-election.timeout.max = 1200ms (custom)
2025-05-12 14:23:24,503 [99006d7d-02a9-415e-9b0e-000c52fd4d50@group-C1376016DA3B-LeaderElection5-2] INFO  server.GrpcServerProtocolClient (GrpcServerProtocolClient.java:<init>(65)) - Build channel for e6edfd35-e7a8-467e-9cce-10d1c0c9f75d|127.0.0.1:15023
2025-05-12 14:23:24,509 [grpc-default-executor-1] INFO  server.RaftServer$Division (RaftServerImpl.java:requestVote(1407)) - e6edfd35-e7a8-467e-9cce-10d1c0c9f75d@group-C1376016DA3B: receive requestVote(PRE_VOTE, 99006d7d-02a9-415e-9b0e-000c52fd4d50, group-C1376016DA3B, 0, (t:0, i:0))
2025-05-12 14:23:24,509 [grpc-default-executor-1] INFO  impl.VoteContext (VoteContext.java:log(49)) - e6edfd35-e7a8-467e-9cce-10d1c0c9f75d@group-C1376016DA3B-FOLLOWER: accept PRE_VOTE from 99006d7d-02a9-415e-9b0e-000c52fd4d50: our priority 0 <= candidate's priority 1
2025-05-12 14:23:24,509 [grpc-default-executor-0] INFO  server.RaftServer$Division (RaftServerImpl.java:requestVote(1407)) - 807d821f-bf9f-4e54-9fe3-c13c7f8c8c03@group-C1376016DA3B: receive requestVote(PRE_VOTE, 99006d7d-02a9-415e-9b0e-000c52fd4d50, group-C1376016DA3B, 0, (t:0, i:0))
2025-05-12 14:23:24,509 [grpc-default-executor-0] INFO  impl.VoteContext (VoteContext.java:log(49)) - 807d821f-bf9f-4e54-9fe3-c13c7f8c8c03@group-C1376016DA3B-FOLLOWER: accept PRE_VOTE from 99006d7d-02a9-415e-9b0e-000c52fd4d50: our priority 0 <= candidate's priority 1
2025-05-12 14:23:24,509 [grpc-default-executor-0] INFO  server.RaftServer$Division (RaftServerImpl.java:requestVote(1441)) - 807d821f-bf9f-4e54-9fe3-c13c7f8c8c03@group-C1376016DA3B replies to PRE_VOTE vote request: 99006d7d-02a9-415e-9b0e-000c52fd4d50<-807d821f-bf9f-4e54-9fe3-c13c7f8c8c03#0:OK-t0. Peer's state: 807d821f-bf9f-4e54-9fe3-c13c7f8c8c03@group-C1376016DA3B:t0, leader=null, voted=, raftlog=Memoized:807d821f-bf9f-4e54-9fe3-c13c7f8c8c03@group-C1376016DA3B-SegmentedRaftLog:OPENED:c-1:lastnull, conf=conf: {index: -1, cur=peers:[99006d7d-02a9-415e-9b0e-000c52fd4d50|127.0.0.1:15031, 807d821f-bf9f-4e54-9fe3-c13c7f8c8c03|127.0.0.1:15015, e6edfd35-e7a8-467e-9cce-10d1c0c9f75d|127.0.0.1:15023]|listeners:[], old=null}
2025-05-12 14:23:24,509 [grpc-default-executor-1] INFO  server.RaftServer$Division (RaftServerImpl.java:requestVote(1441)) - e6edfd35-e7a8-467e-9cce-10d1c0c9f75d@group-C1376016DA3B replies to PRE_VOTE vote request: 99006d7d-02a9-415e-9b0e-000c52fd4d50<-e6edfd35-e7a8-467e-9cce-10d1c0c9f75d#0:OK-t0. Peer's state: e6edfd35-e7a8-467e-9cce-10d1c0c9f75d@group-C1376016DA3B:t0, leader=null, voted=, raftlog=Memoized:e6edfd35-e7a8-467e-9cce-10d1c0c9f75d@group-C1376016DA3B-SegmentedRaftLog:OPENED:c-1:lastnull, conf=conf: {index: -1, cur=peers:[99006d7d-02a9-415e-9b0e-000c52fd4d50|127.0.0.1:15031, 807d821f-bf9f-4e54-9fe3-c13c7f8c8c03|127.0.0.1:15015, e6edfd35-e7a8-467e-9cce-10d1c0c9f75d|127.0.0.1:15023]|listeners:[], old=null}
2025-05-12 14:23:24,512 [99006d7d-02a9-415e-9b0e-000c52fd4d50@group-C1376016DA3B-LeaderElection5] INFO  impl.LeaderElection (LeaderElection.java:logAndReturn(90)) - 99006d7d-02a9-415e-9b0e-000c52fd4d50@group-C1376016DA3B-LeaderElection5: PRE_VOTE PASSED received 1 response(s) and 0 exception(s):
2025-05-12 14:23:24,512 [99006d7d-02a9-415e-9b0e-000c52fd4d50@group-C1376016DA3B-LeaderElection5] INFO  impl.LeaderElection (LeaderElection.java:logAndReturn(94)) -   Response 0: 99006d7d-02a9-415e-9b0e-000c52fd4d50<-e6edfd35-e7a8-467e-9cce-10d1c0c9f75d#0:OK-t0
2025-05-12 14:23:24,512 [99006d7d-02a9-415e-9b0e-000c52fd4d50@group-C1376016DA3B-LeaderElection5] INFO  impl.LeaderElection (LeaderElection.java:askForVotes(334)) - 99006d7d-02a9-415e-9b0e-000c52fd4d50@group-C1376016DA3B-LeaderElection5 PRE_VOTE round 0: result PASSED
2025-05-12 14:23:24,513 [99006d7d-02a9-415e-9b0e-000c52fd4d50@group-C1376016DA3B-LeaderElection5] INFO  impl.LeaderElection (LeaderElection.java:askForVotes(332)) - 99006d7d-02a9-415e-9b0e-000c52fd4d50@group-C1376016DA3B-LeaderElection5 ELECTION round 0: submit vote requests at term 1 for conf: {index: -1, cur=peers:[99006d7d-02a9-415e-9b0e-000c52fd4d50|127.0.0.1:15031, 807d821f-bf9f-4e54-9fe3-c13c7f8c8c03|127.0.0.1:15015, e6edfd35-e7a8-467e-9cce-10d1c0c9f75d|127.0.0.1:15023]|listeners:[], old=null}
2025-05-12 14:23:24,514 [99006d7d-02a9-415e-9b0e-000c52fd4d50@group-C1376016DA3B-LeaderElection5] INFO  server.RaftServerConfigKeys (ConfUtils.java:logGet(46)) - raft.server.rpc.first-election.timeout.min = 1000ms (custom)
2025-05-12 14:23:24,514 [99006d7d-02a9-415e-9b0e-000c52fd4d50@group-C1376016DA3B-LeaderElection5] INFO  server.RaftServerConfigKeys (ConfUtils.java:logGet(46)) - raft.server.rpc.first-election.timeout.max = 1200ms (custom)
2025-05-12 14:23:24,515 [grpc-default-executor-0] INFO  server.RaftServer$Division (RaftServerImpl.java:requestVote(1407)) - e6edfd35-e7a8-467e-9cce-10d1c0c9f75d@group-C1376016DA3B: receive requestVote(ELECTION, 99006d7d-02a9-415e-9b0e-000c52fd4d50, group-C1376016DA3B, 1, (t:0, i:0))
2025-05-12 14:23:24,516 [grpc-default-executor-0] INFO  impl.VoteContext (VoteContext.java:log(49)) - e6edfd35-e7a8-467e-9cce-10d1c0c9f75d@group-C1376016DA3B-FOLLOWER: accept ELECTION from 99006d7d-02a9-415e-9b0e-000c52fd4d50: our priority 0 <= candidate's priority 1
2025-05-12 14:23:24,516 [grpc-default-executor-1] INFO  server.RaftServer$Division (RaftServerImpl.java:requestVote(1407)) - 807d821f-bf9f-4e54-9fe3-c13c7f8c8c03@group-C1376016DA3B: receive requestVote(ELECTION, 99006d7d-02a9-415e-9b0e-000c52fd4d50, group-C1376016DA3B, 1, (t:0, i:0))
2025-05-12 14:23:24,516 [grpc-default-executor-1] INFO  impl.VoteContext (VoteContext.java:log(49)) - 807d821f-bf9f-4e54-9fe3-c13c7f8c8c03@group-C1376016DA3B-FOLLOWER: accept ELECTION from 99006d7d-02a9-415e-9b0e-000c52fd4d50: our priority 0 <= candidate's priority 1
2025-05-12 14:23:24,516 [grpc-default-executor-1] INFO  server.RaftServer$Division (RaftServerImpl.java:setRole(378)) - 807d821f-bf9f-4e54-9fe3-c13c7f8c8c03@group-C1376016DA3B: changes role from  FOLLOWER to FOLLOWER at term 0 for candidate:99006d7d-02a9-415e-9b0e-000c52fd4d50
2025-05-12 14:23:24,516 [grpc-default-executor-1] INFO  impl.RoleInfo (RoleInfo.java:shutdownFollowerState(121)) - 807d821f-bf9f-4e54-9fe3-c13c7f8c8c03: shutdown 807d821f-bf9f-4e54-9fe3-c13c7f8c8c03@group-C1376016DA3B-FollowerState
2025-05-12 14:23:24,516 [grpc-default-executor-0] INFO  server.RaftServer$Division (RaftServerImpl.java:setRole(378)) - e6edfd35-e7a8-467e-9cce-10d1c0c9f75d@group-C1376016DA3B: changes role from  FOLLOWER to FOLLOWER at term 0 for candidate:99006d7d-02a9-415e-9b0e-000c52fd4d50
2025-05-12 14:23:24,516 [grpc-default-executor-0] INFO  impl.RoleInfo (RoleInfo.java:shutdownFollowerState(121)) - e6edfd35-e7a8-467e-9cce-10d1c0c9f75d: shutdown e6edfd35-e7a8-467e-9cce-10d1c0c9f75d@group-C1376016DA3B-FollowerState
2025-05-12 14:23:24,517 [grpc-default-executor-1] INFO  impl.RoleInfo (RoleInfo.java:updateAndGet(148)) - 807d821f-bf9f-4e54-9fe3-c13c7f8c8c03: start 807d821f-bf9f-4e54-9fe3-c13c7f8c8c03@group-C1376016DA3B-FollowerState
2025-05-12 14:23:24,517 [grpc-default-executor-0] INFO  impl.RoleInfo (RoleInfo.java:updateAndGet(148)) - e6edfd35-e7a8-467e-9cce-10d1c0c9f75d: start e6edfd35-e7a8-467e-9cce-10d1c0c9f75d@group-C1376016DA3B-FollowerState
2025-05-12 14:23:24,517 [e6edfd35-e7a8-467e-9cce-10d1c0c9f75d@group-C1376016DA3B-FollowerState] INFO  server.RaftServerConfigKeys (ConfUtils.java:logGet(46)) - raft.server.rpc.first-election.timeout.min = 1000ms (custom)
2025-05-12 14:23:24,517 [807d821f-bf9f-4e54-9fe3-c13c7f8c8c03@group-C1376016DA3B-FollowerState] INFO  impl.FollowerState (FollowerState.java:runImpl(170)) - 807d821f-bf9f-4e54-9fe3-c13c7f8c8c03@group-C1376016DA3B-FollowerState was interrupted
2025-05-12 14:23:24,517 [grpc-default-executor-0] INFO  server.RaftServer$Division (RaftServerImpl.java:setFirstElection(562)) - e6edfd35-e7a8-467e-9cce-10d1c0c9f75d@group-C1376016DA3B: set firstElectionSinceStartup to false for candidate:99006d7d-02a9-415e-9b0e-000c52fd4d50
2025-05-12 14:23:24,518 [e6edfd35-e7a8-467e-9cce-10d1c0c9f75d@group-C1376016DA3B-FollowerState] INFO  impl.FollowerState (FollowerState.java:runImpl(170)) - e6edfd35-e7a8-467e-9cce-10d1c0c9f75d@group-C1376016DA3B-FollowerState was interrupted
2025-05-12 14:23:24,517 [e6edfd35-e7a8-467e-9cce-10d1c0c9f75d@group-C1376016DA3B-FollowerState] INFO  server.RaftServerConfigKeys (ConfUtils.java:logGet(46)) - raft.server.rpc.first-election.timeout.max = 1200ms (custom)
2025-05-12 14:23:24,518 [grpc-default-executor-1] INFO  server.RaftServer$Division (RaftServerImpl.java:requestVote(1441)) - 807d821f-bf9f-4e54-9fe3-c13c7f8c8c03@group-C1376016DA3B replies to ELECTION vote request: 99006d7d-02a9-415e-9b0e-000c52fd4d50<-807d821f-bf9f-4e54-9fe3-c13c7f8c8c03#0:OK-t1. Peer's state: 807d821f-bf9f-4e54-9fe3-c13c7f8c8c03@group-C1376016DA3B:t1, leader=null, voted=99006d7d-02a9-415e-9b0e-000c52fd4d50, raftlog=Memoized:807d821f-bf9f-4e54-9fe3-c13c7f8c8c03@group-C1376016DA3B-SegmentedRaftLog:OPENED:c-1:lastnull, conf=conf: {index: -1, cur=peers:[99006d7d-02a9-415e-9b0e-000c52fd4d50|127.0.0.1:15031, 807d821f-bf9f-4e54-9fe3-c13c7f8c8c03|127.0.0.1:15015, e6edfd35-e7a8-467e-9cce-10d1c0c9f75d|127.0.0.1:15023]|listeners:[], old=null}
2025-05-12 14:23:24,519 [grpc-default-executor-0] INFO  server.RaftServer$Division (RaftServerImpl.java:requestVote(1441)) - e6edfd35-e7a8-467e-9cce-10d1c0c9f75d@group-C1376016DA3B replies to ELECTION vote request: 99006d7d-02a9-415e-9b0e-000c52fd4d50<-e6edfd35-e7a8-467e-9cce-10d1c0c9f75d#0:OK-t1. Peer's state: e6edfd35-e7a8-467e-9cce-10d1c0c9f75d@group-C1376016DA3B:t1, leader=null, voted=99006d7d-02a9-415e-9b0e-000c52fd4d50, raftlog=Memoized:e6edfd35-e7a8-467e-9cce-10d1c0c9f75d@group-C1376016DA3B-SegmentedRaftLog:OPENED:c-1:lastnull, conf=conf: {index: -1, cur=peers:[99006d7d-02a9-415e-9b0e-000c52fd4d50|127.0.0.1:15031, 807d821f-bf9f-4e54-9fe3-c13c7f8c8c03|127.0.0.1:15015, e6edfd35-e7a8-467e-9cce-10d1c0c9f75d|127.0.0.1:15023]|listeners:[], old=null}
2025-05-12 14:23:24,520 [99006d7d-02a9-415e-9b0e-000c52fd4d50@group-C1376016DA3B-LeaderElection5] INFO  impl.LeaderElection (LeaderElection.java:logAndReturn(90)) - 99006d7d-02a9-415e-9b0e-000c52fd4d50@group-C1376016DA3B-LeaderElection5: ELECTION PASSED received 1 response(s) and 0 exception(s):
2025-05-12 14:23:24,520 [99006d7d-02a9-415e-9b0e-000c52fd4d50@group-C1376016DA3B-LeaderElection5] INFO  impl.LeaderElection (LeaderElection.java:logAndReturn(94)) -   Response 0: 99006d7d-02a9-415e-9b0e-000c52fd4d50<-e6edfd35-e7a8-467e-9cce-10d1c0c9f75d#0:OK-t1
2025-05-12 14:23:24,520 [99006d7d-02a9-415e-9b0e-000c52fd4d50@group-C1376016DA3B-LeaderElection5] INFO  impl.LeaderElection (LeaderElection.java:askForVotes(334)) - 99006d7d-02a9-415e-9b0e-000c52fd4d50@group-C1376016DA3B-LeaderElection5 ELECTION round 0: result PASSED
2025-05-12 14:23:24,520 [99006d7d-02a9-415e-9b0e-000c52fd4d50@group-C1376016DA3B-LeaderElection5] INFO  impl.RoleInfo (RoleInfo.java:shutdownLeaderElection(141)) - 99006d7d-02a9-415e-9b0e-000c52fd4d50: shutdown 99006d7d-02a9-415e-9b0e-000c52fd4d50@group-C1376016DA3B-LeaderElection5
2025-05-12 14:23:24,520 [99006d7d-02a9-415e-9b0e-000c52fd4d50@group-C1376016DA3B-LeaderElection5] INFO  server.RaftServer$Division (RaftServerImpl.java:setRole(378)) - 99006d7d-02a9-415e-9b0e-000c52fd4d50@group-C1376016DA3B: changes role from CANDIDATE to LEADER at term 1 for changeToLeader
2025-05-12 14:23:24,520 [99006d7d-02a9-415e-9b0e-000c52fd4d50@group-C1376016DA3B-LeaderElection5] INFO  server.RaftServerConfigKeys (ConfUtils.java:logGet(46)) - raft.server.staging.catchup.gap = 1000 (default)
2025-05-12 14:23:24,521 [99006d7d-02a9-415e-9b0e-000c52fd4d50@group-C1376016DA3B-LeaderElection5] INFO  server.RaftServerConfigKeys (ConfUtils.java:logGet(46)) - raft.server.write.element-limit = 1024 (custom)
2025-05-12 14:23:24,521 [99006d7d-02a9-415e-9b0e-000c52fd4d50@group-C1376016DA3B-LeaderElection5] INFO  server.RaftServerConfigKeys (ConfUtils.java:logGet(46)) - raft.server.write.byte-limit = 1024 M (=1073741824) (custom)
2025-05-12 14:23:24,521 [99006d7d-02a9-415e-9b0e-000c52fd4d50@group-C1376016DA3B-LeaderElection5] INFO  server.RaftServerConfigKeys (ConfUtils.java:logGet(46)) - raft.server.watch.timeout = 30s (custom)
2025-05-12 14:23:24,521 [99006d7d-02a9-415e-9b0e-000c52fd4d50@group-C1376016DA3B-LeaderElection5] INFO  server.RaftServerConfigKeys (ConfUtils.java:logGet(46)) - raft.server.watch.timeout.denomination = 1s (default)
2025-05-12 14:23:24,521 [99006d7d-02a9-415e-9b0e-000c52fd4d50@group-C1376016DA3B-LeaderElection5] INFO  server.RaftServerConfigKeys (ConfUtils.java:logGet(46)) - raft.server.watch.element-limit = 65536 (default)
2025-05-12 14:23:24,522 [99006d7d-02a9-415e-9b0e-000c52fd4d50@group-C1376016DA3B-LeaderElection5] INFO  server.RaftServerConfigKeys (ConfUtils.java:logGet(46)) - raft.server.read.leader.lease.enabled = false (default)
2025-05-12 14:23:24,522 [99006d7d-02a9-415e-9b0e-000c52fd4d50@group-C1376016DA3B-LeaderElection5] INFO  server.RaftServerConfigKeys (ConfUtils.java:logGet(46)) - raft.server.read.leader.lease.timeout.ratio = 0.9 (default)
2025-05-12 14:23:24,522 [99006d7d-02a9-415e-9b0e-000c52fd4d50@group-C1376016DA3B-LeaderElection5] INFO  server.RaftServerConfigKeys (ConfUtils.java:logGet(46)) - raft.server.rpc.timeout.min = 5s (custom)
2025-05-12 14:23:24,522 [99006d7d-02a9-415e-9b0e-000c52fd4d50@group-C1376016DA3B-LeaderElection5] INFO  server.RaftServerConfigKeys (ConfUtils.java:logGet(46)) - raft.server.log.log-metadata.enabled = true (default)
2025-05-12 14:23:24,522 [99006d7d-02a9-415e-9b0e-000c52fd4d50@group-C1376016DA3B-LeaderElection5] INFO  server.RaftServerConfigKeys (ConfUtils.java:logGet(46)) - raft.server.write.element-limit = 1024 (custom)
2025-05-12 14:23:24,522 [99006d7d-02a9-415e-9b0e-000c52fd4d50@group-C1376016DA3B-LeaderElection5] INFO  server.RaftServerConfigKeys (ConfUtils.java:logGet(46)) - raft.server.write.follower.gap.ratio.max = -1.0 (default)
2025-05-12 14:23:24,538 [99006d7d-02a9-415e-9b0e-000c52fd4d50@group-C1376016DA3B-LeaderElection5] INFO  server.RaftServerConfigKeys (ConfUtils.java:logGet(46)) - raft.server.log.appender.snapshot.chunk.size.max = 16MB (=16777216) (default)
2025-05-12 14:23:24,538 [99006d7d-02a9-415e-9b0e-000c52fd4d50@group-C1376016DA3B-LeaderElection5] INFO  server.RaftServerConfigKeys (ConfUtils.java:logGet(46)) - raft.server.log.appender.buffer.byte-limit = 33554432 (custom)
2025-05-12 14:23:24,539 [99006d7d-02a9-415e-9b0e-000c52fd4d50@group-C1376016DA3B-LeaderElection5] INFO  server.RaftServerConfigKeys (ConfUtils.java:logGet(46)) - raft.server.log.appender.buffer.element-limit = 1024 (custom)
2025-05-12 14:23:24,539 [807d821f-bf9f-4e54-9fe3-c13c7f8c8c03@group-9D565607491F-FollowerState] INFO  impl.FollowerState (FollowerState.java:runImpl(161)) - 807d821f-bf9f-4e54-9fe3-c13c7f8c8c03@group-9D565607491F-FollowerState: change to CANDIDATE, lastRpcElapsedTime:1063594319ns, electionTimeout:1063ms
2025-05-12 14:23:24,539 [807d821f-bf9f-4e54-9fe3-c13c7f8c8c03@group-9D565607491F-FollowerState] INFO  impl.RoleInfo (RoleInfo.java:shutdownFollowerState(121)) - 807d821f-bf9f-4e54-9fe3-c13c7f8c8c03: shutdown 807d821f-bf9f-4e54-9fe3-c13c7f8c8c03@group-9D565607491F-FollowerState
2025-05-12 14:23:24,540 [807d821f-bf9f-4e54-9fe3-c13c7f8c8c03@group-9D565607491F-FollowerState] INFO  server.RaftServer$Division (RaftServerImpl.java:setRole(378)) - 807d821f-bf9f-4e54-9fe3-c13c7f8c8c03@group-9D565607491F: changes role from  FOLLOWER to CANDIDATE at term 0 for changeToCandidate
2025-05-12 14:23:24,540 [807d821f-bf9f-4e54-9fe3-c13c7f8c8c03@group-9D565607491F-FollowerState] INFO  server.RaftServerConfigKeys (ConfUtils.java:logGet(46)) - raft.server.leaderelection.pre-vote = true (default)
2025-05-12 14:23:24,540 [807d821f-bf9f-4e54-9fe3-c13c7f8c8c03@group-9D565607491F-FollowerState] INFO  impl.RoleInfo (RoleInfo.java:updateAndGet(148)) - 807d821f-bf9f-4e54-9fe3-c13c7f8c8c03: start 807d821f-bf9f-4e54-9fe3-c13c7f8c8c03@group-9D565607491F-LeaderElection6
2025-05-12 14:23:24,540 [99006d7d-02a9-415e-9b0e-000c52fd4d50@group-C1376016DA3B-LeaderElection5] INFO  server.RaftServerConfigKeys (ConfUtils.java:logGet(46)) - raft.server.log.appender.wait-time.min = 0μs (custom)
2025-05-12 14:23:24,540 [807d821f-bf9f-4e54-9fe3-c13c7f8c8c03@group-9D565607491F-LeaderElection6] INFO  impl.LeaderElection (LeaderElection.java:askForVotes(332)) - 807d821f-bf9f-4e54-9fe3-c13c7f8c8c03@group-9D565607491F-LeaderElection6 PRE_VOTE round 0: submit vote requests at term 0 for conf: {index: -1, cur=peers:[99006d7d-02a9-415e-9b0e-000c52fd4d50|127.0.0.1:15031, 807d821f-bf9f-4e54-9fe3-c13c7f8c8c03|127.0.0.1:15015, e6edfd35-e7a8-467e-9cce-10d1c0c9f75d|127.0.0.1:15023]|listeners:[], old=null}
2025-05-12 14:23:24,541 [99006d7d-02a9-415e-9b0e-000c52fd4d50@group-C1376016DA3B-LeaderElection5] INFO  grpc.GrpcConfigKeys (ConfUtils.java:logGet(46)) - raft.grpc.server.leader.outstanding.appends.max = 8 (default)
2025-05-12 14:23:24,541 [99006d7d-02a9-415e-9b0e-000c52fd4d50@group-C1376016DA3B-LeaderElection5] INFO  server.RaftServerConfigKeys (ConfUtils.java:logGet(46)) - raft.server.rpc.request.timeout = 60s (custom)
2025-05-12 14:23:24,541 [99006d7d-02a9-415e-9b0e-000c52fd4d50@group-C1376016DA3B-LeaderElection5] INFO  grpc.GrpcConfigKeys (ConfUtils.java:logGet(46)) - raft.grpc.server.install_snapshot.request.element-limit = 8 (default)
2025-05-12 14:23:24,541 [99006d7d-02a9-415e-9b0e-000c52fd4d50@group-C1376016DA3B-LeaderElection5] INFO  grpc.GrpcConfigKeys (ConfUtils.java:logGet(46)) - raft.grpc.server.install_snapshot.request.timeout = 3000ms (default)
2025-05-12 14:23:24,541 [99006d7d-02a9-415e-9b0e-000c52fd4d50@group-C1376016DA3B-LeaderElection5] INFO  grpc.GrpcConfigKeys (ConfUtils.java:logGet(46)) - raft.grpc.server.log-message.batch.duration = 5s (default)
2025-05-12 14:23:24,542 [99006d7d-02a9-415e-9b0e-000c52fd4d50@group-C1376016DA3B-LeaderElection5] INFO  server.RaftServerConfigKeys (ConfUtils.java:logGet(46)) - raft.server.log.appender.install.snapshot.enabled = false (custom)
2025-05-12 14:23:24,542 [99006d7d-02a9-415e-9b0e-000c52fd4d50@group-C1376016DA3B-LeaderElection5] INFO  grpc.GrpcConfigKeys (ConfUtils.java:logGet(46)) - raft.grpc.server.heartbeat.channel = true (default)
2025-05-12 14:23:24,544 [807d821f-bf9f-4e54-9fe3-c13c7f8c8c03@group-9D565607491F-LeaderElection6] INFO  server.RaftServerConfigKeys (ConfUtils.java:logGet(46)) - raft.server.rpc.first-election.timeout.min = 1000ms (custom)
2025-05-12 14:23:24,544 [807d821f-bf9f-4e54-9fe3-c13c7f8c8c03@group-9D565607491F-LeaderElection6] INFO  server.RaftServerConfigKeys (ConfUtils.java:logGet(46)) - raft.server.rpc.first-election.timeout.max = 1200ms (custom)
2025-05-12 14:23:24,545 [99006d7d-02a9-415e-9b0e-000c52fd4d50@group-C1376016DA3B-LeaderElection5] INFO  server.RaftServerConfigKeys (ConfUtils.java:logGet(46)) - raft.server.log.appender.snapshot.chunk.size.max = 16MB (=16777216) (default)
2025-05-12 14:23:24,545 [99006d7d-02a9-415e-9b0e-000c52fd4d50@group-C1376016DA3B-LeaderElection5] INFO  server.RaftServerConfigKeys (ConfUtils.java:logGet(46)) - raft.server.log.appender.buffer.byte-limit = 33554432 (custom)
2025-05-12 14:23:24,545 [99006d7d-02a9-415e-9b0e-000c52fd4d50@group-C1376016DA3B-LeaderElection5] INFO  server.RaftServerConfigKeys (ConfUtils.java:logGet(46)) - raft.server.log.appender.buffer.element-limit = 1024 (custom)
2025-05-12 14:23:24,545 [99006d7d-02a9-415e-9b0e-000c52fd4d50@group-C1376016DA3B-LeaderElection5] INFO  server.RaftServerConfigKeys (ConfUtils.java:logGet(46)) - raft.server.log.appender.wait-time.min = 0μs (custom)
2025-05-12 14:23:24,545 [99006d7d-02a9-415e-9b0e-000c52fd4d50@group-C1376016DA3B-LeaderElection5] INFO  grpc.GrpcConfigKeys (ConfUtils.java:logGet(46)) - raft.grpc.server.leader.outstanding.appends.max = 8 (default)
2025-05-12 14:23:24,547 [99006d7d-02a9-415e-9b0e-000c52fd4d50@group-C1376016DA3B-LeaderElection5] INFO  server.RaftServerConfigKeys (ConfUtils.java:logGet(46)) - raft.server.rpc.request.timeout = 60s (custom)
2025-05-12 14:23:24,548 [99006d7d-02a9-415e-9b0e-000c52fd4d50@group-C1376016DA3B-LeaderElection5] INFO  grpc.GrpcConfigKeys (ConfUtils.java:logGet(46)) - raft.grpc.server.install_snapshot.request.element-limit = 8 (default)
2025-05-12 14:23:24,548 [99006d7d-02a9-415e-9b0e-000c52fd4d50@group-C1376016DA3B-LeaderElection5] INFO  grpc.GrpcConfigKeys (ConfUtils.java:logGet(46)) - raft.grpc.server.install_snapshot.request.timeout = 3000ms (default)
2025-05-12 14:23:24,548 [99006d7d-02a9-415e-9b0e-000c52fd4d50@group-C1376016DA3B-LeaderElection5] INFO  grpc.GrpcConfigKeys (ConfUtils.java:logGet(46)) - raft.grpc.server.log-message.batch.duration = 5s (default)
2025-05-12 14:23:24,548 [99006d7d-02a9-415e-9b0e-000c52fd4d50@group-C1376016DA3B-LeaderElection5] INFO  server.RaftServerConfigKeys (ConfUtils.java:logGet(46)) - raft.server.log.appender.install.snapshot.enabled = false (custom)
2025-05-12 14:23:24,548 [99006d7d-02a9-415e-9b0e-000c52fd4d50@group-C1376016DA3B-LeaderElection5] INFO  grpc.GrpcConfigKeys (ConfUtils.java:logGet(46)) - raft.grpc.server.heartbeat.channel = true (default)
2025-05-12 14:23:24,548 [grpc-default-executor-1] INFO  server.RaftServer$Division (RaftServerImpl.java:requestVote(1407)) - 99006d7d-02a9-415e-9b0e-000c52fd4d50@group-9D565607491F: receive requestVote(PRE_VOTE, 807d821f-bf9f-4e54-9fe3-c13c7f8c8c03, group-9D565607491F, 0, (t:0, i:0))
2025-05-12 14:23:24,549 [grpc-default-executor-1] INFO  impl.VoteContext (VoteContext.java:log(49)) - 99006d7d-02a9-415e-9b0e-000c52fd4d50@group-9D565607491F-FOLLOWER: accept PRE_VOTE from 807d821f-bf9f-4e54-9fe3-c13c7f8c8c03: our priority 0 <= candidate's priority 0
2025-05-12 14:23:24,550 [grpc-default-executor-1] INFO  server.RaftServer$Division (RaftServerImpl.java:requestVote(1441)) - 99006d7d-02a9-415e-9b0e-000c52fd4d50@group-9D565607491F replies to PRE_VOTE vote request: 807d821f-bf9f-4e54-9fe3-c13c7f8c8c03<-99006d7d-02a9-415e-9b0e-000c52fd4d50#0:OK-t0. Peer's state: 99006d7d-02a9-415e-9b0e-000c52fd4d50@group-9D565607491F:t0, leader=null, voted=, raftlog=Memoized:99006d7d-02a9-415e-9b0e-000c52fd4d50@group-9D565607491F-SegmentedRaftLog:OPENED:c-1:lastnull, conf=conf: {index: -1, cur=peers:[99006d7d-02a9-415e-9b0e-000c52fd4d50|127.0.0.1:15031, 807d821f-bf9f-4e54-9fe3-c13c7f8c8c03|127.0.0.1:15015, e6edfd35-e7a8-467e-9cce-10d1c0c9f75d|127.0.0.1:15023]|listeners:[], old=null}
2025-05-12 14:23:24,550 [grpc-default-executor-0] INFO  server.RaftServer$Division (RaftServerImpl.java:requestVote(1407)) - e6edfd35-e7a8-467e-9cce-10d1c0c9f75d@group-9D565607491F: receive requestVote(PRE_VOTE, 807d821f-bf9f-4e54-9fe3-c13c7f8c8c03, group-9D565607491F, 0, (t:0, i:0))
2025-05-12 14:23:24,550 [grpc-default-executor-0] INFO  impl.VoteContext (VoteContext.java:log(49)) - e6edfd35-e7a8-467e-9cce-10d1c0c9f75d@group-9D565607491F-FOLLOWER: reject PRE_VOTE from 807d821f-bf9f-4e54-9fe3-c13c7f8c8c03: our priority 1 > candidate's priority 0
2025-05-12 14:23:24,550 [grpc-default-executor-0] INFO  server.RaftServer$Division (RaftServerImpl.java:requestVote(1441)) - e6edfd35-e7a8-467e-9cce-10d1c0c9f75d@group-9D565607491F replies to PRE_VOTE vote request: 807d821f-bf9f-4e54-9fe3-c13c7f8c8c03<-e6edfd35-e7a8-467e-9cce-10d1c0c9f75d#0:FAIL-t0. Peer's state: e6edfd35-e7a8-467e-9cce-10d1c0c9f75d@group-9D565607491F:t0, leader=null, voted=, raftlog=Memoized:e6edfd35-e7a8-467e-9cce-10d1c0c9f75d@group-9D565607491F-SegmentedRaftLog:OPENED:c-1:lastnull, conf=conf: {index: -1, cur=peers:[99006d7d-02a9-415e-9b0e-000c52fd4d50|127.0.0.1:15031, 807d821f-bf9f-4e54-9fe3-c13c7f8c8c03|127.0.0.1:15015, e6edfd35-e7a8-467e-9cce-10d1c0c9f75d|127.0.0.1:15023]|listeners:[], old=null}
2025-05-12 14:23:24,551 [99006d7d-02a9-415e-9b0e-000c52fd4d50@group-C1376016DA3B-LeaderElection5] INFO  impl.RoleInfo (RoleInfo.java:updateAndGet(148)) - 99006d7d-02a9-415e-9b0e-000c52fd4d50: start 99006d7d-02a9-415e-9b0e-000c52fd4d50@group-C1376016DA3B-LeaderStateImpl
2025-05-12 14:23:24,551 [99006d7d-02a9-415e-9b0e-000c52fd4d50@group-C1376016DA3B-LeaderElection5] INFO  server.RaftServer$Division (RaftServerImpl.java:setFirstElection(562)) - 99006d7d-02a9-415e-9b0e-000c52fd4d50@group-C1376016DA3B: set firstElectionSinceStartup to false for becomeLeader
2025-05-12 14:23:24,551 [99006d7d-02a9-415e-9b0e-000c52fd4d50@group-C1376016DA3B-LeaderElection5] INFO  ratis.XceiverServerRatis (XceiverServerRatis.java:handleLeaderChangedNotification(944)) - Leader change notification received for group: group-C1376016DA3B with new leaderId: 99006d7d-02a9-415e-9b0e-000c52fd4d50
2025-05-12 14:23:24,552 [99006d7d-02a9-415e-9b0e-000c52fd4d50@group-C1376016DA3B-LeaderElection5] INFO  server.RaftServer$Division (ServerState.java:setLeader(272)) - 99006d7d-02a9-415e-9b0e-000c52fd4d50@group-C1376016DA3B: change Leader from null to 99006d7d-02a9-415e-9b0e-000c52fd4d50 at term 1 for becomeLeader, leader elected after 1223ms
2025-05-12 14:23:24,553 [99006d7d-02a9-415e-9b0e-000c52fd4d50@group-C1376016DA3B-LeaderElection5] INFO  segmented.SegmentedRaftLogWorker (SegmentedRaftLogWorker.java:startLogSegment(438)) - 99006d7d-02a9-415e-9b0e-000c52fd4d50@group-C1376016DA3B-SegmentedRaftLogWorker: Starting segment from index:0
2025-05-12 14:23:24,553 [807d821f-bf9f-4e54-9fe3-c13c7f8c8c03@group-9D565607491F-LeaderElection6] INFO  impl.LeaderElection (LeaderElection.java:logAndReturn(90)) - 807d821f-bf9f-4e54-9fe3-c13c7f8c8c03@group-9D565607491F-LeaderElection6: PRE_VOTE REJECTED received 1 response(s) and 0 exception(s):
2025-05-12 14:23:24,554 [807d821f-bf9f-4e54-9fe3-c13c7f8c8c03@group-9D565607491F-LeaderElection6] INFO  impl.LeaderElection (LeaderElection.java:logAndReturn(94)) -   Response 0: 807d821f-bf9f-4e54-9fe3-c13c7f8c8c03<-e6edfd35-e7a8-467e-9cce-10d1c0c9f75d#0:FAIL-t0
2025-05-12 14:23:24,554 [807d821f-bf9f-4e54-9fe3-c13c7f8c8c03@group-9D565607491F-LeaderElection6] INFO  impl.LeaderElection (LeaderElection.java:askForVotes(334)) - 807d821f-bf9f-4e54-9fe3-c13c7f8c8c03@group-9D565607491F-LeaderElection6 PRE_VOTE round 0: result REJECTED
2025-05-12 14:23:24,554 [807d821f-bf9f-4e54-9fe3-c13c7f8c8c03@group-9D565607491F-LeaderElection6] INFO  server.RaftServer$Division (RaftServerImpl.java:setRole(378)) - 807d821f-bf9f-4e54-9fe3-c13c7f8c8c03@group-9D565607491F: changes role from CANDIDATE to FOLLOWER at term 0 for REJECTED
2025-05-12 14:23:24,554 [807d821f-bf9f-4e54-9fe3-c13c7f8c8c03@group-9D565607491F-LeaderElection6] INFO  impl.RoleInfo (RoleInfo.java:shutdownLeaderElection(141)) - 807d821f-bf9f-4e54-9fe3-c13c7f8c8c03: shutdown 807d821f-bf9f-4e54-9fe3-c13c7f8c8c03@group-9D565607491F-LeaderElection6
2025-05-12 14:23:24,554 [807d821f-bf9f-4e54-9fe3-c13c7f8c8c03@group-9D565607491F-LeaderElection6] INFO  impl.RoleInfo (RoleInfo.java:updateAndGet(148)) - 807d821f-bf9f-4e54-9fe3-c13c7f8c8c03: start 807d821f-bf9f-4e54-9fe3-c13c7f8c8c03@group-9D565607491F-FollowerState
2025-05-12 14:23:24,555 [99006d7d-02a9-415e-9b0e-000c52fd4d50@group-C1376016DA3B-SegmentedRaftLogWorker] INFO  segmented.BufferedWriteChannel (BufferedWriteChannel.java:open(61)) - open log_inprogress_0 at position 0
2025-05-12 14:23:24,554 [99006d7d-02a9-415e-9b0e-000c52fd4d50@group-C1376016DA3B-LeaderElection5] INFO  server.RaftServer$Division (ServerState.java:setRaftConf(386)) - 99006d7d-02a9-415e-9b0e-000c52fd4d50@group-C1376016DA3B: set configuration conf: {index: 0, cur=peers:[99006d7d-02a9-415e-9b0e-000c52fd4d50|127.0.0.1:15031, 807d821f-bf9f-4e54-9fe3-c13c7f8c8c03|127.0.0.1:15015, e6edfd35-e7a8-467e-9cce-10d1c0c9f75d|127.0.0.1:15023]|listeners:[], old=null}
2025-05-12 14:23:24,556 [e6edfd35-e7a8-467e-9cce-10d1c0c9f75d@group-9D565607491F-FollowerState] INFO  impl.FollowerState (FollowerState.java:runImpl(161)) - e6edfd35-e7a8-467e-9cce-10d1c0c9f75d@group-9D565607491F-FollowerState: change to CANDIDATE, lastRpcElapsedTime:1096416137ns, electionTimeout:1094ms
2025-05-12 14:23:24,556 [e6edfd35-e7a8-467e-9cce-10d1c0c9f75d@group-9D565607491F-FollowerState] INFO  impl.RoleInfo (RoleInfo.java:shutdownFollowerState(121)) - e6edfd35-e7a8-467e-9cce-10d1c0c9f75d: shutdown e6edfd35-e7a8-467e-9cce-10d1c0c9f75d@group-9D565607491F-FollowerState
2025-05-12 14:23:24,556 [e6edfd35-e7a8-467e-9cce-10d1c0c9f75d@group-9D565607491F-FollowerState] INFO  server.RaftServer$Division (RaftServerImpl.java:setRole(378)) - e6edfd35-e7a8-467e-9cce-10d1c0c9f75d@group-9D565607491F: changes role from  FOLLOWER to CANDIDATE at term 0 for changeToCandidate
2025-05-12 14:23:24,556 [807d821f-bf9f-4e54-9fe3-c13c7f8c8c03@group-9D565607491F-LeaderElection6] INFO  server.RaftServer$Division (RaftServerImpl.java:setFirstElection(562)) - 807d821f-bf9f-4e54-9fe3-c13c7f8c8c03@group-9D565607491F: set firstElectionSinceStartup to false for REJECTED
2025-05-12 14:23:24,556 [e6edfd35-e7a8-467e-9cce-10d1c0c9f75d@group-9D565607491F-FollowerState] INFO  server.RaftServerConfigKeys (ConfUtils.java:logGet(46)) - raft.server.leaderelection.pre-vote = true (default)
2025-05-12 14:23:24,557 [e6edfd35-e7a8-467e-9cce-10d1c0c9f75d@group-9D565607491F-FollowerState] INFO  impl.RoleInfo (RoleInfo.java:updateAndGet(148)) - e6edfd35-e7a8-467e-9cce-10d1c0c9f75d: start e6edfd35-e7a8-467e-9cce-10d1c0c9f75d@group-9D565607491F-LeaderElection7
2025-05-12 14:23:24,557 [EventQueue-PipelineReportForOneReplicaPipelineSafeModeRule] INFO  safemode.SCMSafeModeManager (SCMSafeModeManager.java:validateSafeModeExitRules(140)) - AtleastOneDatanodeReportedRule rule is successfully validated
2025-05-12 14:23:24,557 [e6edfd35-e7a8-467e-9cce-10d1c0c9f75d@group-9D565607491F-LeaderElection7] INFO  impl.LeaderElection (LeaderElection.java:askForVotes(332)) - e6edfd35-e7a8-467e-9cce-10d1c0c9f75d@group-9D565607491F-LeaderElection7 PRE_VOTE round 0: submit vote requests at term 0 for conf: {index: -1, cur=peers:[99006d7d-02a9-415e-9b0e-000c52fd4d50|127.0.0.1:15031, 807d821f-bf9f-4e54-9fe3-c13c7f8c8c03|127.0.0.1:15015, e6edfd35-e7a8-467e-9cce-10d1c0c9f75d|127.0.0.1:15023]|listeners:[], old=null}
2025-05-12 14:23:24,558 [e6edfd35-e7a8-467e-9cce-10d1c0c9f75d@group-9D565607491F-LeaderElection7-1] INFO  server.GrpcServerProtocolClient (GrpcServerProtocolClient.java:<init>(65)) - Build channel for 99006d7d-02a9-415e-9b0e-000c52fd4d50|127.0.0.1:15031
2025-05-12 14:23:24,560 [e6edfd35-e7a8-467e-9cce-10d1c0c9f75d@group-9D565607491F-LeaderElection7-2] INFO  server.GrpcServerProtocolClient (GrpcServerProtocolClient.java:<init>(65)) - Build channel for 807d821f-bf9f-4e54-9fe3-c13c7f8c8c03|127.0.0.1:15015
2025-05-12 14:23:24,562 [e6edfd35-e7a8-467e-9cce-10d1c0c9f75d@group-9D565607491F-LeaderElection7] INFO  server.RaftServerConfigKeys (ConfUtils.java:logGet(46)) - raft.server.rpc.first-election.timeout.min = 1000ms (custom)
2025-05-12 14:23:24,562 [e6edfd35-e7a8-467e-9cce-10d1c0c9f75d@group-9D565607491F-LeaderElection7] INFO  server.RaftServerConfigKeys (ConfUtils.java:logGet(46)) - raft.server.rpc.first-election.timeout.max = 1200ms (custom)
2025-05-12 14:23:24,566 [grpc-default-executor-1] INFO  server.RaftServer$Division (RaftServerImpl.java:requestVote(1407)) - 99006d7d-02a9-415e-9b0e-000c52fd4d50@group-9D565607491F: receive requestVote(PRE_VOTE, e6edfd35-e7a8-467e-9cce-10d1c0c9f75d, group-9D565607491F, 0, (t:0, i:0))
2025-05-12 14:23:24,566 [grpc-default-executor-1] INFO  impl.VoteContext (VoteContext.java:log(49)) - 99006d7d-02a9-415e-9b0e-000c52fd4d50@group-9D565607491F-FOLLOWER: accept PRE_VOTE from e6edfd35-e7a8-467e-9cce-10d1c0c9f75d: our priority 0 <= candidate's priority 1
2025-05-12 14:23:24,567 [grpc-default-executor-1] INFO  server.RaftServer$Division (RaftServerImpl.java:requestVote(1441)) - 99006d7d-02a9-415e-9b0e-000c52fd4d50@group-9D565607491F replies to PRE_VOTE vote request: e6edfd35-e7a8-467e-9cce-10d1c0c9f75d<-99006d7d-02a9-415e-9b0e-000c52fd4d50#0:OK-t0. Peer's state: 99006d7d-02a9-415e-9b0e-000c52fd4d50@group-9D565607491F:t0, leader=null, voted=, raftlog=Memoized:99006d7d-02a9-415e-9b0e-000c52fd4d50@group-9D565607491F-SegmentedRaftLog:OPENED:c-1:lastnull, conf=conf: {index: -1, cur=peers:[99006d7d-02a9-415e-9b0e-000c52fd4d50|127.0.0.1:15031, 807d821f-bf9f-4e54-9fe3-c13c7f8c8c03|127.0.0.1:15015, e6edfd35-e7a8-467e-9cce-10d1c0c9f75d|127.0.0.1:15023]|listeners:[], old=null}
2025-05-12 14:23:24,570 [f0ab5fca-9f92-40bd-8337-87c2f3c3b858@group-8C6302523D84-StateMachineUpdater] INFO  safemode.SCMSafeModeManager (SCMSafeModeManager.java:validateSafeModeExitRules(140)) - DataNodeSafeModeRule rule is successfully validated
2025-05-12 14:23:24,571 [99006d7d-02a9-415e-9b0e-000c52fd4d50@group-C1376016DA3B-SegmentedRaftLogWorker] INFO  segmented.SegmentedRaftLogWorker (SegmentedRaftLogWorker.java:execute(644)) - 99006d7d-02a9-415e-9b0e-000c52fd4d50@group-C1376016DA3B-SegmentedRaftLogWorker: created new log segment /home/runner/work/ozone/ozone/hadoop-ozone/integration-test-s3/target/test-dir/MiniOzoneClusterImpl-4f0ef3c3-c429-48e0-ae71-8c6302523d84/ozone-meta/datanode-3/ratis/2194b595-5648-4e64-ad38-c1376016da3b/current/log_inprogress_0
2025-05-12 14:23:24,571 [f0ab5fca-9f92-40bd-8337-87c2f3c3b858@group-8C6302523D84-StateMachineUpdater] INFO  safemode.SCMSafeModeManager (SCMSafeModeManager.java:validateSafeModeExitRules(140)) - RatisContainerSafeModeRule rule is successfully validated
2025-05-12 14:23:24,571 [f0ab5fca-9f92-40bd-8337-87c2f3c3b858@group-8C6302523D84-StateMachineUpdater] INFO  safemode.HealthyPipelineSafeModeRule (HealthyPipelineSafeModeRule.java:initializeRule(173)) - Refreshed total pipeline count is 1, healthy pipeline threshold count is 1
2025-05-12 14:23:24,571 [f0ab5fca-9f92-40bd-8337-87c2f3c3b858@group-8C6302523D84-StateMachineUpdater] INFO  safemode.SCMSafeModeManager (SCMSafeModeManager.java:validateSafeModeExitRules(140)) - ECContainerSafeModeRule rule is successfully validated
2025-05-12 14:23:24,571 [f0ab5fca-9f92-40bd-8337-87c2f3c3b858@group-8C6302523D84-StateMachineUpdater] INFO  safemode.SCMSafeModeManager (SCMSafeModeManager.java:validateSafeModeExitRules(140)) - AtleastOneDatanodeReportedRule rule is successfully validated
2025-05-12 14:23:24,573 [EventQueue-PipelineReportForPipelineReportHandler] INFO  pipeline.PipelineReportHandler (PipelineReportHandler.java:processPipelineReport(134)) - Opened pipeline PipelineID=2194b595-5648-4e64-ad38-c1376016da3b
2025-05-12 14:23:24,574 [e6edfd35-e7a8-467e-9cce-10d1c0c9f75d@group-9D565607491F-LeaderElection7] INFO  impl.LeaderElection (LeaderElection.java:logAndReturn(90)) - e6edfd35-e7a8-467e-9cce-10d1c0c9f75d@group-9D565607491F-LeaderElection7: PRE_VOTE PASSED received 1 response(s) and 0 exception(s):
2025-05-12 14:23:24,574 [e6edfd35-e7a8-467e-9cce-10d1c0c9f75d@group-9D565607491F-LeaderElection7] INFO  impl.LeaderElection (LeaderElection.java:logAndReturn(94)) -   Response 0: e6edfd35-e7a8-467e-9cce-10d1c0c9f75d<-99006d7d-02a9-415e-9b0e-000c52fd4d50#0:OK-t0
2025-05-12 14:23:24,574 [e6edfd35-e7a8-467e-9cce-10d1c0c9f75d@group-9D565607491F-LeaderElection7] INFO  impl.LeaderElection (LeaderElection.java:askForVotes(334)) - e6edfd35-e7a8-467e-9cce-10d1c0c9f75d@group-9D565607491F-LeaderElection7 PRE_VOTE round 0: result PASSED
2025-05-12 14:23:24,575 [EventQueue-OpenPipelineForHealthyPipelineSafeModeRule] INFO  safemode.SCMSafeModeManager (HealthyPipelineSafeModeRule.java:process(141)) - SCM in safe mode. Healthy pipelines reported count is 1, required healthy pipeline reported count is 1
2025-05-12 14:23:24,576 [EventQueue-OpenPipelineForHealthyPipelineSafeModeRule] INFO  safemode.SCMSafeModeManager (SCMSafeModeManager.java:validateSafeModeExitRules(140)) - HealthyPipelineSafeModeRule rule is successfully validated
2025-05-12 14:23:24,576 [EventQueue-OpenPipelineForHealthyPipelineSafeModeRule] INFO  safemode.SCMSafeModeManager (SCMSafeModeManager.java:validateSafeModeExitRules(155)) - ScmSafeModeManager, all rules are successfully validated
2025-05-12 14:23:24,576 [EventQueue-OpenPipelineForHealthyPipelineSafeModeRule] INFO  safemode.SCMSafeModeManager (SCMSafeModeManager.java:exitSafeMode(178)) - SCM exiting safe mode.
2025-05-12 14:23:24,576 [EventQueue-OpenPipelineForHealthyPipelineSafeModeRule] INFO  ha.SCMContext (SCMContext.java:updateSafeModeStatus(224)) - Update SafeModeStatus from SafeModeStatus{safeModeStatus=true, preCheckPassed=true} to SafeModeStatus{safeModeStatus=false, preCheckPassed=true}.
2025-05-12 14:23:24,577 [EventQueue-OpenPipelineForHealthyPipelineSafeModeRule] INFO  BackgroundPipelineScrubber (BackgroundSCMService.java:notifyStatusChanged(78)) - Service BackgroundPipelineScrubber transitions to RUNNING.
2025-05-12 14:23:24,577 [EventQueue-OpenPipelineForHealthyPipelineSafeModeRule] INFO  ExpiredContainerReplicaOpScrubber (BackgroundSCMService.java:notifyStatusChanged(78)) - Service ExpiredContainerReplicaOpScrubber transitions to RUNNING.
2025-05-12 14:23:24,577 [EventQueue-OpenPipelineForHealthyPipelineSafeModeRule] INFO  block.SCMBlockDeletingService (SCMBlockDeletingService.java:notifyStatusChanged(258)) - notifyStatusChanged:RUNNING
2025-05-12 14:23:24,577 [EventQueue-OpenPipelineForHealthyPipelineSafeModeRule] INFO  replication.ReplicationManager (ReplicationManager.java:notifyStatusChanged(1387)) - Service ReplicationManager transitions to RUNNING.
2025-05-12 14:23:24,578 [e6edfd35-e7a8-467e-9cce-10d1c0c9f75d@group-9D565607491F-LeaderElection7] INFO  impl.LeaderElection (LeaderElection.java:askForVotes(332)) - e6edfd35-e7a8-467e-9cce-10d1c0c9f75d@group-9D565607491F-LeaderElection7 ELECTION round 0: submit vote requests at term 1 for conf: {index: -1, cur=peers:[99006d7d-02a9-415e-9b0e-000c52fd4d50|127.0.0.1:15031, 807d821f-bf9f-4e54-9fe3-c13c7f8c8c03|127.0.0.1:15015, e6edfd35-e7a8-467e-9cce-10d1c0c9f75d|127.0.0.1:15023]|listeners:[], old=null}
2025-05-12 14:23:24,581 [e6edfd35-e7a8-467e-9cce-10d1c0c9f75d@group-9D565607491F-LeaderElection7] INFO  server.RaftServerConfigKeys (ConfUtils.java:logGet(46)) - raft.server.rpc.first-election.timeout.min = 1000ms (custom)
2025-05-12 14:23:24,581 [e6edfd35-e7a8-467e-9cce-10d1c0c9f75d@group-9D565607491F-LeaderElection7] INFO  server.RaftServerConfigKeys (ConfUtils.java:logGet(46)) - raft.server.rpc.first-election.timeout.max = 1200ms (custom)
2025-05-12 14:23:24,578 [e6edfd35-e7a8-467e-9cce-10d1c0c9f75d-server-thread1] INFO  ratis.XceiverServerRatis (XceiverServerRatis.java:handleLeaderChangedNotification(944)) - Leader change notification received for group: group-C1376016DA3B with new leaderId: 99006d7d-02a9-415e-9b0e-000c52fd4d50
2025-05-12 14:23:24,582 [e6edfd35-e7a8-467e-9cce-10d1c0c9f75d-server-thread1] INFO  server.RaftServer$Division (ServerState.java:setLeader(272)) - e6edfd35-e7a8-467e-9cce-10d1c0c9f75d@group-C1376016DA3B: change Leader from null to 99006d7d-02a9-415e-9b0e-000c52fd4d50 at term 1 for appendEntries, leader elected after 1514ms
2025-05-12 14:23:24,584 [807d821f-bf9f-4e54-9fe3-c13c7f8c8c03-server-thread1] INFO  ratis.XceiverServerRatis (XceiverServerRatis.java:handleLeaderChangedNotification(944)) - Leader change notification received for group: group-C1376016DA3B with new leaderId: 99006d7d-02a9-415e-9b0e-000c52fd4d50
2025-05-12 14:23:24,584 [807d821f-bf9f-4e54-9fe3-c13c7f8c8c03-server-thread1] INFO  server.RaftServer$Division (ServerState.java:setLeader(272)) - 807d821f-bf9f-4e54-9fe3-c13c7f8c8c03@group-C1376016DA3B: change Leader from null to 99006d7d-02a9-415e-9b0e-000c52fd4d50 at term 1 for appendEntries, leader elected after 1807ms
2025-05-12 14:23:24,584 [grpc-default-executor-3] INFO  server.RaftServer$Division (RaftServerImpl.java:requestVote(1407)) - 807d821f-bf9f-4e54-9fe3-c13c7f8c8c03@group-9D565607491F: receive requestVote(ELECTION, e6edfd35-e7a8-467e-9cce-10d1c0c9f75d, group-9D565607491F, 1, (t:0, i:0))
2025-05-12 14:23:24,584 [grpc-default-executor-3] INFO  impl.VoteContext (VoteContext.java:log(49)) - 807d821f-bf9f-4e54-9fe3-c13c7f8c8c03@group-9D565607491F-FOLLOWER: accept ELECTION from e6edfd35-e7a8-467e-9cce-10d1c0c9f75d: our priority 0 <= candidate's priority 1
2025-05-12 14:23:24,585 [grpc-default-executor-3] INFO  server.RaftServer$Division (RaftServerImpl.java:setRole(378)) - 807d821f-bf9f-4e54-9fe3-c13c7f8c8c03@group-9D565607491F: changes role from  FOLLOWER to FOLLOWER at term 0 for candidate:e6edfd35-e7a8-467e-9cce-10d1c0c9f75d
2025-05-12 14:23:24,585 [grpc-default-executor-3] INFO  impl.RoleInfo (RoleInfo.java:shutdownFollowerState(121)) - 807d821f-bf9f-4e54-9fe3-c13c7f8c8c03: shutdown 807d821f-bf9f-4e54-9fe3-c13c7f8c8c03@group-9D565607491F-FollowerState
2025-05-12 14:23:24,585 [grpc-default-executor-3] INFO  impl.RoleInfo (RoleInfo.java:updateAndGet(148)) - 807d821f-bf9f-4e54-9fe3-c13c7f8c8c03: start 807d821f-bf9f-4e54-9fe3-c13c7f8c8c03@group-9D565607491F-FollowerState
2025-05-12 14:23:24,585 [807d821f-bf9f-4e54-9fe3-c13c7f8c8c03@group-9D565607491F-FollowerState] INFO  impl.FollowerState (FollowerState.java:runImpl(170)) - 807d821f-bf9f-4e54-9fe3-c13c7f8c8c03@group-9D565607491F-FollowerState was interrupted
2025-05-12 14:23:24,586 [grpc-default-executor-3] INFO  server.RaftServer$Division (RaftServerImpl.java:requestVote(1441)) - 807d821f-bf9f-4e54-9fe3-c13c7f8c8c03@group-9D565607491F replies to ELECTION vote request: e6edfd35-e7a8-467e-9cce-10d1c0c9f75d<-807d821f-bf9f-4e54-9fe3-c13c7f8c8c03#0:OK-t1. Peer's state: 807d821f-bf9f-4e54-9fe3-c13c7f8c8c03@group-9D565607491F:t1, leader=null, voted=e6edfd35-e7a8-467e-9cce-10d1c0c9f75d, raftlog=Memoized:807d821f-bf9f-4e54-9fe3-c13c7f8c8c03@group-9D565607491F-SegmentedRaftLog:OPENED:c-1:lastnull, conf=conf: {index: -1, cur=peers:[99006d7d-02a9-415e-9b0e-000c52fd4d50|127.0.0.1:15031, 807d821f-bf9f-4e54-9fe3-c13c7f8c8c03|127.0.0.1:15015, e6edfd35-e7a8-467e-9cce-10d1c0c9f75d|127.0.0.1:15023]|listeners:[], old=null}
2025-05-12 14:23:24,588 [grpc-default-executor-4] INFO  server.RaftServer$Division (RaftServerImpl.java:requestVote(1407)) - 99006d7d-02a9-415e-9b0e-000c52fd4d50@group-9D565607491F: receive requestVote(ELECTION, e6edfd35-e7a8-467e-9cce-10d1c0c9f75d, group-9D565607491F, 1, (t:0, i:0))
2025-05-12 14:23:24,588 [grpc-default-executor-4] INFO  impl.VoteContext (VoteContext.java:log(49)) - 99006d7d-02a9-415e-9b0e-000c52fd4d50@group-9D565607491F-FOLLOWER: accept ELECTION from e6edfd35-e7a8-467e-9cce-10d1c0c9f75d: our priority 0 <= candidate's priority 1
2025-05-12 14:23:24,589 [grpc-default-executor-4] INFO  server.RaftServer$Division (RaftServerImpl.java:setRole(378)) - 99006d7d-02a9-415e-9b0e-000c52fd4d50@group-9D565607491F: changes role from  FOLLOWER to FOLLOWER at term 0 for candidate:e6edfd35-e7a8-467e-9cce-10d1c0c9f75d
2025-05-12 14:23:24,589 [grpc-default-executor-4] INFO  impl.RoleInfo (RoleInfo.java:shutdownFollowerState(121)) - 99006d7d-02a9-415e-9b0e-000c52fd4d50: shutdown 99006d7d-02a9-415e-9b0e-000c52fd4d50@group-9D565607491F-FollowerState
2025-05-12 14:23:24,589 [grpc-default-executor-4] INFO  impl.RoleInfo (RoleInfo.java:updateAndGet(148)) - 99006d7d-02a9-415e-9b0e-000c52fd4d50: start 99006d7d-02a9-415e-9b0e-000c52fd4d50@group-9D565607491F-FollowerState
2025-05-12 14:23:24,589 [807d821f-bf9f-4e54-9fe3-c13c7f8c8c03-server-thread3] INFO  server.RaftServer$Division (ServerState.java:setRaftConf(386)) - 807d821f-bf9f-4e54-9fe3-c13c7f8c8c03@group-C1376016DA3B: set configuration conf: {index: 0, cur=peers:[99006d7d-02a9-415e-9b0e-000c52fd4d50|127.0.0.1:15031, 807d821f-bf9f-4e54-9fe3-c13c7f8c8c03|127.0.0.1:15015, e6edfd35-e7a8-467e-9cce-10d1c0c9f75d|127.0.0.1:15023]|listeners:[], old=null}
2025-05-12 14:23:24,590 [EventQueue-OpenPipelineForHealthyPipelineSafeModeRule] WARN  balancer.ContainerBalancer (ContainerBalancer.java:shouldRun(134)) - Could not find persisted configuration for ContainerBalancer when checking if ContainerBalancer should run. ContainerBalancer should not run now.
2025-05-12 14:23:24,590 [EventQueue-OpenPipelineForHealthyPipelineSafeModeRule] INFO  SCMHATransactionMonitor (BackgroundSCMService.java:notifyStatusChanged(78)) - Service SCMHATransactionMonitor transitions to RUNNING.
2025-05-12 14:23:24,590 [99006d7d-02a9-415e-9b0e-000c52fd4d50@group-9D565607491F-FollowerState] INFO  impl.FollowerState (FollowerState.java:runImpl(170)) - 99006d7d-02a9-415e-9b0e-000c52fd4d50@group-9D565607491F-FollowerState was interrupted
2025-05-12 14:23:24,590 [807d821f-bf9f-4e54-9fe3-c13c7f8c8c03-server-thread3] INFO  segmented.SegmentedRaftLogWorker (SegmentedRaftLogWorker.java:startLogSegment(438)) - 807d821f-bf9f-4e54-9fe3-c13c7f8c8c03@group-C1376016DA3B-SegmentedRaftLogWorker: Starting segment from index:0
2025-05-12 14:23:24,591 [e6edfd35-e7a8-467e-9cce-10d1c0c9f75d-server-thread2] INFO  server.RaftServer$Division (ServerState.java:setRaftConf(386)) - e6edfd35-e7a8-467e-9cce-10d1c0c9f75d@group-C1376016DA3B: set configuration conf: {index: 0, cur=peers:[99006d7d-02a9-415e-9b0e-000c52fd4d50|127.0.0.1:15031, 807d821f-bf9f-4e54-9fe3-c13c7f8c8c03|127.0.0.1:15015, e6edfd35-e7a8-467e-9cce-10d1c0c9f75d|127.0.0.1:15023]|listeners:[], old=null}
2025-05-12 14:23:24,591 [e6edfd35-e7a8-467e-9cce-10d1c0c9f75d-server-thread2] INFO  segmented.SegmentedRaftLogWorker (SegmentedRaftLogWorker.java:startLogSegment(438)) - e6edfd35-e7a8-467e-9cce-10d1c0c9f75d@group-C1376016DA3B-SegmentedRaftLogWorker: Starting segment from index:0
2025-05-12 14:23:24,592 [e6edfd35-e7a8-467e-9cce-10d1c0c9f75d@group-C1376016DA3B-SegmentedRaftLogWorker] INFO  segmented.BufferedWriteChannel (BufferedWriteChannel.java:open(61)) - open log_inprogress_0 at position 0
2025-05-12 14:23:24,592 [grpc-default-executor-4] INFO  server.RaftServer$Division (RaftServerImpl.java:setFirstElection(562)) - 99006d7d-02a9-415e-9b0e-000c52fd4d50@group-9D565607491F: set firstElectionSinceStartup to false for candidate:e6edfd35-e7a8-467e-9cce-10d1c0c9f75d
2025-05-12 14:23:24,594 [grpc-default-executor-4] INFO  server.RaftServer$Division (RaftServerImpl.java:requestVote(1441)) - 99006d7d-02a9-415e-9b0e-000c52fd4d50@group-9D565607491F replies to ELECTION vote request: e6edfd35-e7a8-467e-9cce-10d1c0c9f75d<-99006d7d-02a9-415e-9b0e-000c52fd4d50#0:OK-t1. Peer's state: 99006d7d-02a9-415e-9b0e-000c52fd4d50@group-9D565607491F:t1, leader=null, voted=e6edfd35-e7a8-467e-9cce-10d1c0c9f75d, raftlog=Memoized:99006d7d-02a9-415e-9b0e-000c52fd4d50@group-9D565607491F-SegmentedRaftLog:OPENED:c-1:lastnull, conf=conf: {index: -1, cur=peers:[99006d7d-02a9-415e-9b0e-000c52fd4d50|127.0.0.1:15031, 807d821f-bf9f-4e54-9fe3-c13c7f8c8c03|127.0.0.1:15015, e6edfd35-e7a8-467e-9cce-10d1c0c9f75d|127.0.0.1:15023]|listeners:[], old=null}
2025-05-12 14:23:24,595 [807d821f-bf9f-4e54-9fe3-c13c7f8c8c03@group-C1376016DA3B-SegmentedRaftLogWorker] INFO  segmented.BufferedWriteChannel (BufferedWriteChannel.java:open(61)) - open log_inprogress_0 at position 0
2025-05-12 14:23:24,597 [e6edfd35-e7a8-467e-9cce-10d1c0c9f75d@group-9D565607491F-LeaderElection7] INFO  impl.LeaderElection (LeaderElection.java:logAndReturn(90)) - e6edfd35-e7a8-467e-9cce-10d1c0c9f75d@group-9D565607491F-LeaderElection7: ELECTION PASSED received 1 response(s) and 0 exception(s):
2025-05-12 14:23:24,597 [e6edfd35-e7a8-467e-9cce-10d1c0c9f75d@group-9D565607491F-LeaderElection7] INFO  impl.LeaderElection (LeaderElection.java:logAndReturn(94)) -   Response 0: e6edfd35-e7a8-467e-9cce-10d1c0c9f75d<-807d821f-bf9f-4e54-9fe3-c13c7f8c8c03#0:OK-t1
2025-05-12 14:23:24,597 [e6edfd35-e7a8-467e-9cce-10d1c0c9f75d@group-9D565607491F-LeaderElection7] INFO  impl.LeaderElection (LeaderElection.java:askForVotes(334)) - e6edfd35-e7a8-467e-9cce-10d1c0c9f75d@group-9D565607491F-LeaderElection7 ELECTION round 0: result PASSED
2025-05-12 14:23:24,597 [e6edfd35-e7a8-467e-9cce-10d1c0c9f75d@group-9D565607491F-LeaderElection7] INFO  impl.RoleInfo (RoleInfo.java:shutdownLeaderElection(141)) - e6edfd35-e7a8-467e-9cce-10d1c0c9f75d: shutdown e6edfd35-e7a8-467e-9cce-10d1c0c9f75d@group-9D565607491F-LeaderElection7
2025-05-12 14:23:24,597 [e6edfd35-e7a8-467e-9cce-10d1c0c9f75d@group-9D565607491F-LeaderElection7] INFO  server.RaftServer$Division (RaftServerImpl.java:setRole(378)) - e6edfd35-e7a8-467e-9cce-10d1c0c9f75d@group-9D565607491F: changes role from CANDIDATE to LEADER at term 1 for changeToLeader
2025-05-12 14:23:24,597 [e6edfd35-e7a8-467e-9cce-10d1c0c9f75d@group-9D565607491F-LeaderElection7] INFO  server.RaftServerConfigKeys (ConfUtils.java:logGet(46)) - raft.server.staging.catchup.gap = 1000 (default)
2025-05-12 14:23:24,600 [e6edfd35-e7a8-467e-9cce-10d1c0c9f75d@group-9D565607491F-LeaderElection7] INFO  server.RaftServerConfigKeys (ConfUtils.java:logGet(46)) - raft.server.write.element-limit = 1024 (custom)
2025-05-12 14:23:24,600 [e6edfd35-e7a8-467e-9cce-10d1c0c9f75d@group-9D565607491F-LeaderElection7] INFO  server.RaftServerConfigKeys (ConfUtils.java:logGet(46)) - raft.server.write.byte-limit = 1024 M (=1073741824) (custom)
2025-05-12 14:23:24,601 [e6edfd35-e7a8-467e-9cce-10d1c0c9f75d@group-9D565607491F-LeaderElection7] INFO  server.RaftServerConfigKeys (ConfUtils.java:logGet(46)) - raft.server.watch.timeout = 30s (custom)
2025-05-12 14:23:24,601 [e6edfd35-e7a8-467e-9cce-10d1c0c9f75d@group-9D565607491F-LeaderElection7] INFO  server.RaftServerConfigKeys (ConfUtils.java:logGet(46)) - raft.server.watch.timeout.denomination = 1s (default)
2025-05-12 14:23:24,601 [e6edfd35-e7a8-467e-9cce-10d1c0c9f75d@group-9D565607491F-LeaderElection7] INFO  server.RaftServerConfigKeys (ConfUtils.java:logGet(46)) - raft.server.watch.element-limit = 65536 (default)
2025-05-12 14:23:24,602 [e6edfd35-e7a8-467e-9cce-10d1c0c9f75d@group-9D565607491F-LeaderElection7] INFO  server.RaftServerConfigKeys (ConfUtils.java:logGet(46)) - raft.server.read.leader.lease.enabled = false (default)
2025-05-12 14:23:24,602 [e6edfd35-e7a8-467e-9cce-10d1c0c9f75d@group-9D565607491F-LeaderElection7] INFO  server.RaftServerConfigKeys (ConfUtils.java:logGet(46)) - raft.server.read.leader.lease.timeout.ratio = 0.9 (default)
2025-05-12 14:23:24,602 [e6edfd35-e7a8-467e-9cce-10d1c0c9f75d@group-9D565607491F-LeaderElection7] INFO  server.RaftServerConfigKeys (ConfUtils.java:logGet(46)) - raft.server.rpc.timeout.min = 5s (custom)
2025-05-12 14:23:24,602 [e6edfd35-e7a8-467e-9cce-10d1c0c9f75d@group-9D565607491F-LeaderElection7] INFO  server.RaftServerConfigKeys (ConfUtils.java:logGet(46)) - raft.server.log.log-metadata.enabled = true (default)
2025-05-12 14:23:24,602 [e6edfd35-e7a8-467e-9cce-10d1c0c9f75d@group-9D565607491F-LeaderElection7] INFO  server.RaftServerConfigKeys (ConfUtils.java:logGet(46)) - raft.server.write.element-limit = 1024 (custom)
2025-05-12 14:23:24,602 [807d821f-bf9f-4e54-9fe3-c13c7f8c8c03@group-C1376016DA3B-SegmentedRaftLogWorker] INFO  segmented.SegmentedRaftLogWorker (SegmentedRaftLogWorker.java:execute(644)) - 807d821f-bf9f-4e54-9fe3-c13c7f8c8c03@group-C1376016DA3B-SegmentedRaftLogWorker: created new log segment /home/runner/work/ozone/ozone/hadoop-ozone/integration-test-s3/target/test-dir/MiniOzoneClusterImpl-4f0ef3c3-c429-48e0-ae71-8c6302523d84/ozone-meta/datanode-1/ratis/2194b595-5648-4e64-ad38-c1376016da3b/current/log_inprogress_0
2025-05-12 14:23:24,603 [e6edfd35-e7a8-467e-9cce-10d1c0c9f75d@group-C1376016DA3B-SegmentedRaftLogWorker] INFO  segmented.SegmentedRaftLogWorker (SegmentedRaftLogWorker.java:execute(644)) - e6edfd35-e7a8-467e-9cce-10d1c0c9f75d@group-C1376016DA3B-SegmentedRaftLogWorker: created new log segment /home/runner/work/ozone/ozone/hadoop-ozone/integration-test-s3/target/test-dir/MiniOzoneClusterImpl-4f0ef3c3-c429-48e0-ae71-8c6302523d84/ozone-meta/datanode-2/ratis/2194b595-5648-4e64-ad38-c1376016da3b/current/log_inprogress_0
2025-05-12 14:23:24,604 [e6edfd35-e7a8-467e-9cce-10d1c0c9f75d@group-9D565607491F-LeaderElection7] INFO  server.RaftServerConfigKeys (ConfUtils.java:logGet(46)) - raft.server.write.follower.gap.ratio.max = -1.0 (default)
2025-05-12 14:23:24,605 [e6edfd35-e7a8-467e-9cce-10d1c0c9f75d@group-9D565607491F-LeaderElection7] INFO  server.RaftServerConfigKeys (ConfUtils.java:logGet(46)) - raft.server.log.appender.snapshot.chunk.size.max = 16MB (=16777216) (default)
2025-05-12 14:23:24,605 [e6edfd35-e7a8-467e-9cce-10d1c0c9f75d@group-9D565607491F-LeaderElection7] INFO  server.RaftServerConfigKeys (ConfUtils.java:logGet(46)) - raft.server.log.appender.buffer.byte-limit = 33554432 (custom)
2025-05-12 14:23:24,605 [e6edfd35-e7a8-467e-9cce-10d1c0c9f75d@group-9D565607491F-LeaderElection7] INFO  server.RaftServerConfigKeys (ConfUtils.java:logGet(46)) - raft.server.log.appender.buffer.element-limit = 1024 (custom)
2025-05-12 14:23:24,605 [e6edfd35-e7a8-467e-9cce-10d1c0c9f75d@group-9D565607491F-LeaderElection7] INFO  server.RaftServerConfigKeys (ConfUtils.java:logGet(46)) - raft.server.log.appender.wait-time.min = 0μs (custom)
2025-05-12 14:23:24,606 [e6edfd35-e7a8-467e-9cce-10d1c0c9f75d@group-9D565607491F-LeaderElection7] INFO  grpc.GrpcConfigKeys (ConfUtils.java:logGet(46)) - raft.grpc.server.leader.outstanding.appends.max = 8 (default)
2025-05-12 14:23:24,606 [e6edfd35-e7a8-467e-9cce-10d1c0c9f75d@group-9D565607491F-LeaderElection7] INFO  server.RaftServerConfigKeys (ConfUtils.java:logGet(46)) - raft.server.rpc.request.timeout = 60s (custom)
2025-05-12 14:23:24,606 [e6edfd35-e7a8-467e-9cce-10d1c0c9f75d@group-9D565607491F-LeaderElection7] INFO  grpc.GrpcConfigKeys (ConfUtils.java:logGet(46)) - raft.grpc.server.install_snapshot.request.element-limit = 8 (default)
2025-05-12 14:23:24,606 [e6edfd35-e7a8-467e-9cce-10d1c0c9f75d@group-9D565607491F-LeaderElection7] INFO  grpc.GrpcConfigKeys (ConfUtils.java:logGet(46)) - raft.grpc.server.install_snapshot.request.timeout = 3000ms (default)
2025-05-12 14:23:24,606 [e6edfd35-e7a8-467e-9cce-10d1c0c9f75d@group-9D565607491F-LeaderElection7] INFO  grpc.GrpcConfigKeys (ConfUtils.java:logGet(46)) - raft.grpc.server.log-message.batch.duration = 5s (default)
2025-05-12 14:23:24,606 [e6edfd35-e7a8-467e-9cce-10d1c0c9f75d@group-9D565607491F-LeaderElection7] INFO  server.RaftServerConfigKeys (ConfUtils.java:logGet(46)) - raft.server.log.appender.install.snapshot.enabled = false (custom)
2025-05-12 14:23:24,606 [e6edfd35-e7a8-467e-9cce-10d1c0c9f75d@group-9D565607491F-LeaderElection7] INFO  grpc.GrpcConfigKeys (ConfUtils.java:logGet(46)) - raft.grpc.server.heartbeat.channel = true (default)
2025-05-12 14:23:24,609 [99006d7d-02a9-415e-9b0e-000c52fd4d50@group-C1376016DA3B-StateMachineUpdater] INFO  server.RaftServer$Division (LeaderStateImpl.java:checkStartIndex(313)) - Leader 99006d7d-02a9-415e-9b0e-000c52fd4d50@group-C1376016DA3B-LeaderStateImpl is ready since appliedIndex == startIndex == 0
2025-05-12 14:23:24,609 [e6edfd35-e7a8-467e-9cce-10d1c0c9f75d@group-9D565607491F-LeaderElection7] INFO  server.RaftServerConfigKeys (ConfUtils.java:logGet(46)) - raft.server.log.appender.snapshot.chunk.size.max = 16MB (=16777216) (default)
2025-05-12 14:23:24,609 [e6edfd35-e7a8-467e-9cce-10d1c0c9f75d@group-9D565607491F-LeaderElection7] INFO  server.RaftServerConfigKeys (ConfUtils.java:logGet(46)) - raft.server.log.appender.buffer.byte-limit = 33554432 (custom)
2025-05-12 14:23:24,610 [e6edfd35-e7a8-467e-9cce-10d1c0c9f75d@group-9D565607491F-LeaderElection7] INFO  server.RaftServerConfigKeys (ConfUtils.java:logGet(46)) - raft.server.log.appender.buffer.element-limit = 1024 (custom)
2025-05-12 14:23:24,610 [e6edfd35-e7a8-467e-9cce-10d1c0c9f75d@group-9D565607491F-LeaderElection7] INFO  server.RaftServerConfigKeys (ConfUtils.java:logGet(46)) - raft.server.log.appender.wait-time.min = 0μs (custom)
2025-05-12 14:23:24,610 [e6edfd35-e7a8-467e-9cce-10d1c0c9f75d@group-9D565607491F-LeaderElection7] INFO  grpc.GrpcConfigKeys (ConfUtils.java:logGet(46)) - raft.grpc.server.leader.outstanding.appends.max = 8 (default)
2025-05-12 14:23:24,610 [e6edfd35-e7a8-467e-9cce-10d1c0c9f75d@group-9D565607491F-LeaderElection7] INFO  server.RaftServerConfigKeys (ConfUtils.java:logGet(46)) - raft.server.rpc.request.timeout = 60s (custom)
2025-05-12 14:23:24,610 [e6edfd35-e7a8-467e-9cce-10d1c0c9f75d@group-9D565607491F-LeaderElection7] INFO  grpc.GrpcConfigKeys (ConfUtils.java:logGet(46)) - raft.grpc.server.install_snapshot.request.element-limit = 8 (default)
2025-05-12 14:23:24,610 [e6edfd35-e7a8-467e-9cce-10d1c0c9f75d@group-9D565607491F-LeaderElection7] INFO  grpc.GrpcConfigKeys (ConfUtils.java:logGet(46)) - raft.grpc.server.install_snapshot.request.timeout = 3000ms (default)
2025-05-12 14:23:24,610 [e6edfd35-e7a8-467e-9cce-10d1c0c9f75d@group-9D565607491F-LeaderElection7] INFO  grpc.GrpcConfigKeys (ConfUtils.java:logGet(46)) - raft.grpc.server.log-message.batch.duration = 5s (default)
2025-05-12 14:23:24,610 [e6edfd35-e7a8-467e-9cce-10d1c0c9f75d@group-9D565607491F-LeaderElection7] INFO  server.RaftServerConfigKeys (ConfUtils.java:logGet(46)) - raft.server.log.appender.install.snapshot.enabled = false (custom)
2025-05-12 14:23:24,610 [e6edfd35-e7a8-467e-9cce-10d1c0c9f75d@group-9D565607491F-LeaderElection7] INFO  grpc.GrpcConfigKeys (ConfUtils.java:logGet(46)) - raft.grpc.server.heartbeat.channel = true (default)
2025-05-12 14:23:24,610 [e6edfd35-e7a8-467e-9cce-10d1c0c9f75d@group-9D565607491F-LeaderElection7] INFO  impl.RoleInfo (RoleInfo.java:updateAndGet(148)) - e6edfd35-e7a8-467e-9cce-10d1c0c9f75d: start e6edfd35-e7a8-467e-9cce-10d1c0c9f75d@group-9D565607491F-LeaderStateImpl
2025-05-12 14:23:24,611 [e6edfd35-e7a8-467e-9cce-10d1c0c9f75d@group-9D565607491F-LeaderElection7] INFO  server.RaftServer$Division (RaftServerImpl.java:setFirstElection(562)) - e6edfd35-e7a8-467e-9cce-10d1c0c9f75d@group-9D565607491F: set firstElectionSinceStartup to false for becomeLeader
2025-05-12 14:23:24,611 [e6edfd35-e7a8-467e-9cce-10d1c0c9f75d@group-9D565607491F-LeaderElection7] INFO  ratis.XceiverServerRatis (XceiverServerRatis.java:handleLeaderChangedNotification(944)) - Leader change notification received for group: group-9D565607491F with new leaderId: e6edfd35-e7a8-467e-9cce-10d1c0c9f75d
2025-05-12 14:23:24,613 [e6edfd35-e7a8-467e-9cce-10d1c0c9f75d@group-9D565607491F-LeaderElection7] INFO  server.RaftServer$Division (ServerState.java:setLeader(272)) - e6edfd35-e7a8-467e-9cce-10d1c0c9f75d@group-9D565607491F: change Leader from null to e6edfd35-e7a8-467e-9cce-10d1c0c9f75d at term 1 for becomeLeader, leader elected after 1195ms
2025-05-12 14:23:24,614 [e6edfd35-e7a8-467e-9cce-10d1c0c9f75d@group-9D565607491F-LeaderElection7] INFO  segmented.SegmentedRaftLogWorker (SegmentedRaftLogWorker.java:startLogSegment(438)) - e6edfd35-e7a8-467e-9cce-10d1c0c9f75d@group-9D565607491F-SegmentedRaftLogWorker: Starting segment from index:0
2025-05-12 14:23:24,614 [e6edfd35-e7a8-467e-9cce-10d1c0c9f75d@group-9D565607491F-LeaderElection7] INFO  server.RaftServer$Division (ServerState.java:setRaftConf(386)) - e6edfd35-e7a8-467e-9cce-10d1c0c9f75d@group-9D565607491F: set configuration conf: {index: 0, cur=peers:[99006d7d-02a9-415e-9b0e-000c52fd4d50|127.0.0.1:15031, 807d821f-bf9f-4e54-9fe3-c13c7f8c8c03|127.0.0.1:15015, e6edfd35-e7a8-467e-9cce-10d1c0c9f75d|127.0.0.1:15023]|listeners:[], old=null}
2025-05-12 14:23:24,615 [e6edfd35-e7a8-467e-9cce-10d1c0c9f75d@group-9D565607491F-SegmentedRaftLogWorker] INFO  segmented.BufferedWriteChannel (BufferedWriteChannel.java:open(61)) - open log_inprogress_0 at position 0
2025-05-12 14:23:24,623 [EventQueue-PipelineReportForPipelineReportHandler] INFO  pipeline.PipelineReportHandler (PipelineReportHandler.java:processPipelineReport(134)) - Opened pipeline PipelineID=01ecadce-c668-4e39-b7a3-9d565607491f
2025-05-12 14:23:24,624 [e6edfd35-e7a8-467e-9cce-10d1c0c9f75d@group-9D565607491F-SegmentedRaftLogWorker] INFO  segmented.SegmentedRaftLogWorker (SegmentedRaftLogWorker.java:execute(644)) - e6edfd35-e7a8-467e-9cce-10d1c0c9f75d@group-9D565607491F-SegmentedRaftLogWorker: created new log segment /home/runner/work/ozone/ozone/hadoop-ozone/integration-test-s3/target/test-dir/MiniOzoneClusterImpl-4f0ef3c3-c429-48e0-ae71-8c6302523d84/ozone-meta/datanode-2/ratis/01ecadce-c668-4e39-b7a3-9d565607491f/current/log_inprogress_0
2025-05-12 14:23:24,629 [99006d7d-02a9-415e-9b0e-000c52fd4d50-server-thread1] INFO  ratis.XceiverServerRatis (XceiverServerRatis.java:handleLeaderChangedNotification(944)) - Leader change notification received for group: group-9D565607491F with new leaderId: e6edfd35-e7a8-467e-9cce-10d1c0c9f75d
2025-05-12 14:23:24,629 [99006d7d-02a9-415e-9b0e-000c52fd4d50-server-thread1] INFO  server.RaftServer$Division (ServerState.java:setLeader(272)) - 99006d7d-02a9-415e-9b0e-000c52fd4d50@group-9D565607491F: change Leader from null to e6edfd35-e7a8-467e-9cce-10d1c0c9f75d at term 1 for appendEntries, leader elected after 1130ms
2025-05-12 14:23:24,629 [807d821f-bf9f-4e54-9fe3-c13c7f8c8c03-server-thread2] INFO  ratis.XceiverServerRatis (XceiverServerRatis.java:handleLeaderChangedNotification(944)) - Leader change notification received for group: group-9D565607491F with new leaderId: e6edfd35-e7a8-467e-9cce-10d1c0c9f75d
2025-05-12 14:23:24,630 [807d821f-bf9f-4e54-9fe3-c13c7f8c8c03-server-thread2] INFO  server.RaftServer$Division (ServerState.java:setLeader(272)) - 807d821f-bf9f-4e54-9fe3-c13c7f8c8c03@group-9D565607491F: change Leader from null to e6edfd35-e7a8-467e-9cce-10d1c0c9f75d at term 1 for appendEntries, leader elected after 1192ms
2025-05-12 14:23:24,630 [807d821f-bf9f-4e54-9fe3-c13c7f8c8c03-server-thread2] INFO  server.RaftServer$Division (ServerState.java:setRaftConf(386)) - 807d821f-bf9f-4e54-9fe3-c13c7f8c8c03@group-9D565607491F: set configuration conf: {index: 0, cur=peers:[99006d7d-02a9-415e-9b0e-000c52fd4d50|127.0.0.1:15031, 807d821f-bf9f-4e54-9fe3-c13c7f8c8c03|127.0.0.1:15015, e6edfd35-e7a8-467e-9cce-10d1c0c9f75d|127.0.0.1:15023]|listeners:[], old=null}
2025-05-12 14:23:24,630 [807d821f-bf9f-4e54-9fe3-c13c7f8c8c03-server-thread2] INFO  segmented.SegmentedRaftLogWorker (SegmentedRaftLogWorker.java:startLogSegment(438)) - 807d821f-bf9f-4e54-9fe3-c13c7f8c8c03@group-9D565607491F-SegmentedRaftLogWorker: Starting segment from index:0
2025-05-12 14:23:24,631 [99006d7d-02a9-415e-9b0e-000c52fd4d50-server-thread3] INFO  server.RaftServer$Division (ServerState.java:setRaftConf(386)) - 99006d7d-02a9-415e-9b0e-000c52fd4d50@group-9D565607491F: set configuration conf: {index: 0, cur=peers:[99006d7d-02a9-415e-9b0e-000c52fd4d50|127.0.0.1:15031, 807d821f-bf9f-4e54-9fe3-c13c7f8c8c03|127.0.0.1:15015, e6edfd35-e7a8-467e-9cce-10d1c0c9f75d|127.0.0.1:15023]|listeners:[], old=null}
2025-05-12 14:23:24,631 [99006d7d-02a9-415e-9b0e-000c52fd4d50-server-thread3] INFO  segmented.SegmentedRaftLogWorker (SegmentedRaftLogWorker.java:startLogSegment(438)) - 99006d7d-02a9-415e-9b0e-000c52fd4d50@group-9D565607491F-SegmentedRaftLogWorker: Starting segment from index:0
2025-05-12 14:23:24,632 [807d821f-bf9f-4e54-9fe3-c13c7f8c8c03@group-9D565607491F-SegmentedRaftLogWorker] INFO  segmented.BufferedWriteChannel (BufferedWriteChannel.java:open(61)) - open log_inprogress_0 at position 0
2025-05-12 14:23:24,632 [99006d7d-02a9-415e-9b0e-000c52fd4d50@group-9D565607491F-SegmentedRaftLogWorker] INFO  segmented.BufferedWriteChannel (BufferedWriteChannel.java:open(61)) - open log_inprogress_0 at position 0
2025-05-12 14:23:24,638 [807d821f-bf9f-4e54-9fe3-c13c7f8c8c03@group-9D565607491F-SegmentedRaftLogWorker] INFO  segmented.SegmentedRaftLogWorker (SegmentedRaftLogWorker.java:execute(644)) - 807d821f-bf9f-4e54-9fe3-c13c7f8c8c03@group-9D565607491F-SegmentedRaftLogWorker: created new log segment /home/runner/work/ozone/ozone/hadoop-ozone/integration-test-s3/target/test-dir/MiniOzoneClusterImpl-4f0ef3c3-c429-48e0-ae71-8c6302523d84/ozone-meta/datanode-1/ratis/01ecadce-c668-4e39-b7a3-9d565607491f/current/log_inprogress_0
2025-05-12 14:23:24,639 [99006d7d-02a9-415e-9b0e-000c52fd4d50@group-9D565607491F-SegmentedRaftLogWorker] INFO  segmented.SegmentedRaftLogWorker (SegmentedRaftLogWorker.java:execute(644)) - 99006d7d-02a9-415e-9b0e-000c52fd4d50@group-9D565607491F-SegmentedRaftLogWorker: created new log segment /home/runner/work/ozone/ozone/hadoop-ozone/integration-test-s3/target/test-dir/MiniOzoneClusterImpl-4f0ef3c3-c429-48e0-ae71-8c6302523d84/ozone-meta/datanode-3/ratis/01ecadce-c668-4e39-b7a3-9d565607491f/current/log_inprogress_0
2025-05-12 14:23:24,642 [e6edfd35-e7a8-467e-9cce-10d1c0c9f75d@group-9D565607491F-StateMachineUpdater] INFO  server.RaftServer$Division (LeaderStateImpl.java:checkStartIndex(313)) - Leader e6edfd35-e7a8-467e-9cce-10d1c0c9f75d@group-9D565607491F-LeaderStateImpl is ready since appliedIndex == startIndex == 0
2025-05-12 14:23:25,369 [main] INFO  ozone.MiniOzoneClusterImpl (MiniOzoneClusterImpl.java:lambda$waitForClusterToBeReady$0(191)) - Nodes are ready. Got 5 of 5 DN Heartbeats.
2025-05-12 14:23:25,369 [main] INFO  ozone.MiniOzoneClusterImpl (MiniOzoneClusterImpl.java:lambda$waitForClusterToBeReady$0(194)) - Cluster exits safe mode
2025-05-12 14:23:25,369 [main] INFO  ozone.MiniOzoneClusterImpl (MiniOzoneClusterImpl.java:lambda$waitForClusterToBeReady$0(196)) - SCM became leader
2025-05-12 14:23:25,402 [main] INFO  s3.S3ClientFactory (S3ClientFactory.java:createS3Client(100)) - S3 Endpoint is http://0.0.0.0:15050
]]></system-out>
  </testcase>
  <testcase name="testCreateBucket" classname="org.apache.hadoop.ozone.s3.awssdk.v1.TestS3SDKV1WithRatisStreaming" time="0.441">
    <error message="Unable to execute HTTP request: Connect to 0.0.0.0:15050 [/0.0.0.0] failed: Connection refused" type="com.amazonaws.SdkClientException"><![CDATA[com.amazonaws.SdkClientException: Unable to execute HTTP request: Connect to 0.0.0.0:15050 [/0.0.0.0] failed: Connection refused
	at com.amazonaws.http.AmazonHttpClient$RequestExecutor.handleRetryableException(AmazonHttpClient.java:1219)
	at com.amazonaws.http.AmazonHttpClient$RequestExecutor.executeHelper(AmazonHttpClient.java:1165)
	at com.amazonaws.http.AmazonHttpClient$RequestExecutor.doExecute(AmazonHttpClient.java:814)
	at com.amazonaws.http.AmazonHttpClient$RequestExecutor.executeWithTimer(AmazonHttpClient.java:781)
	at com.amazonaws.http.AmazonHttpClient$RequestExecutor.execute(AmazonHttpClient.java:755)
	at com.amazonaws.http.AmazonHttpClient$RequestExecutor.access$500(AmazonHttpClient.java:715)
	at com.amazonaws.http.AmazonHttpClient$RequestExecutionBuilderImpl.execute(AmazonHttpClient.java:697)
	at com.amazonaws.http.AmazonHttpClient.execute(AmazonHttpClient.java:561)
	at com.amazonaws.http.AmazonHttpClient.execute(AmazonHttpClient.java:541)
	at com.amazonaws.services.s3.AmazonS3Client.invoke(AmazonS3Client.java:5520)
	at com.amazonaws.services.s3.AmazonS3Client.invoke(AmazonS3Client.java:5467)
	at com.amazonaws.services.s3.AmazonS3Client.createBucket(AmazonS3Client.java:1161)
	at com.amazonaws.services.s3.AmazonS3Client.createBucket(AmazonS3Client.java:1089)
	at org.apache.hadoop.ozone.s3.awssdk.v1.AbstractS3SDKV1Tests.testCreateBucket(AbstractS3SDKV1Tests.java:218)
	at java.base/java.lang.reflect.Method.invoke(Method.java:580)
	at java.base/java.util.ArrayList.forEach(ArrayList.java:1596)
	at java.base/java.util.ArrayList.forEach(ArrayList.java:1596)
Caused by: org.apache.http.conn.HttpHostConnectException: Connect to 0.0.0.0:15050 [/0.0.0.0] failed: Connection refused
	at org.apache.http.impl.conn.DefaultHttpClientConnectionOperator.connect(DefaultHttpClientConnectionOperator.java:156)
	at org.apache.http.impl.conn.PoolingHttpClientConnectionManager.connect(PoolingHttpClientConnectionManager.java:376)
	at java.base/java.lang.reflect.Method.invoke(Method.java:580)
	at com.amazonaws.http.conn.ClientConnectionManagerFactory$Handler.invoke(ClientConnectionManagerFactory.java:76)
	at com.amazonaws.http.conn.$Proxy147.connect(Unknown Source)
	at org.apache.http.impl.execchain.MainClientExec.establishRoute(MainClientExec.java:393)
	at org.apache.http.impl.execchain.MainClientExec.execute(MainClientExec.java:236)
	at org.apache.http.impl.execchain.ProtocolExec.execute(ProtocolExec.java:186)
	at org.apache.http.impl.client.InternalHttpClient.doExecute(InternalHttpClient.java:185)
	at org.apache.http.impl.client.CloseableHttpClient.execute(CloseableHttpClient.java:83)
	at org.apache.http.impl.client.CloseableHttpClient.execute(CloseableHttpClient.java:56)
	at com.amazonaws.http.apache.client.impl.SdkHttpClient.execute(SdkHttpClient.java:72)
	at com.amazonaws.http.AmazonHttpClient$RequestExecutor.executeOneRequest(AmazonHttpClient.java:1346)
	at com.amazonaws.http.AmazonHttpClient$RequestExecutor.executeHelper(AmazonHttpClient.java:1157)
	... 15 more
Caused by: java.net.ConnectException: Connection refused
	at java.base/sun.nio.ch.Net.pollConnect(Native Method)
	at java.base/sun.nio.ch.Net.pollConnectNow(Net.java:682)
	at java.base/sun.nio.ch.NioSocketImpl.timedFinishConnect(NioSocketImpl.java:549)
	at java.base/sun.nio.ch.NioSocketImpl.connect(NioSocketImpl.java:592)
	at java.base/java.net.SocksSocketImpl.connect(SocksSocketImpl.java:327)
	at java.base/java.net.Socket.connect(Socket.java:751)
	at org.apache.http.conn.socket.PlainConnectionSocketFactory.connectSocket(PlainConnectionSocketFactory.java:75)
	at org.apache.http.impl.conn.DefaultHttpClientConnectionOperator.connect(DefaultHttpClientConnectionOperator.java:142)
	... 28 more
]]></error>
  </testcase>
  <testcase name="testDeleteBucket" classname="org.apache.hadoop.ozone.s3.awssdk.v1.TestS3SDKV1WithRatisStreaming" time="0.458">
    <error message="Unable to execute HTTP request: Connect to 0.0.0.0:15050 [/0.0.0.0] failed: Connection refused" type="com.amazonaws.SdkClientException"><![CDATA[com.amazonaws.SdkClientException: Unable to execute HTTP request: Connect to 0.0.0.0:15050 [/0.0.0.0] failed: Connection refused
	at com.amazonaws.http.AmazonHttpClient$RequestExecutor.handleRetryableException(AmazonHttpClient.java:1219)
	at com.amazonaws.http.AmazonHttpClient$RequestExecutor.executeHelper(AmazonHttpClient.java:1165)
	at com.amazonaws.http.AmazonHttpClient$RequestExecutor.doExecute(AmazonHttpClient.java:814)
	at com.amazonaws.http.AmazonHttpClient$RequestExecutor.executeWithTimer(AmazonHttpClient.java:781)
	at com.amazonaws.http.AmazonHttpClient$RequestExecutor.execute(AmazonHttpClient.java:755)
	at com.amazonaws.http.AmazonHttpClient$RequestExecutor.access$500(AmazonHttpClient.java:715)
	at com.amazonaws.http.AmazonHttpClient$RequestExecutionBuilderImpl.execute(AmazonHttpClient.java:697)
	at com.amazonaws.http.AmazonHttpClient.execute(AmazonHttpClient.java:561)
	at com.amazonaws.http.AmazonHttpClient.execute(AmazonHttpClient.java:541)
	at com.amazonaws.services.s3.AmazonS3Client.invoke(AmazonS3Client.java:5520)
	at com.amazonaws.services.s3.AmazonS3Client.invoke(AmazonS3Client.java:5467)
	at com.amazonaws.services.s3.AmazonS3Client.createBucket(AmazonS3Client.java:1161)
	at com.amazonaws.services.s3.AmazonS3Client.createBucket(AmazonS3Client.java:1089)
	at org.apache.hadoop.ozone.s3.awssdk.v1.AbstractS3SDKV1Tests.testDeleteBucket(AbstractS3SDKV1Tests.java:271)
	at java.base/java.lang.reflect.Method.invoke(Method.java:580)
	at java.base/java.util.ArrayList.forEach(ArrayList.java:1596)
	at java.base/java.util.ArrayList.forEach(ArrayList.java:1596)
Caused by: org.apache.http.conn.HttpHostConnectException: Connect to 0.0.0.0:15050 [/0.0.0.0] failed: Connection refused
	at org.apache.http.impl.conn.DefaultHttpClientConnectionOperator.connect(DefaultHttpClientConnectionOperator.java:156)
	at org.apache.http.impl.conn.PoolingHttpClientConnectionManager.connect(PoolingHttpClientConnectionManager.java:376)
	at java.base/java.lang.reflect.Method.invoke(Method.java:580)
	at com.amazonaws.http.conn.ClientConnectionManagerFactory$Handler.invoke(ClientConnectionManagerFactory.java:76)
	at com.amazonaws.http.conn.$Proxy147.connect(Unknown Source)
	at org.apache.http.impl.execchain.MainClientExec.establishRoute(MainClientExec.java:393)
	at org.apache.http.impl.execchain.MainClientExec.execute(MainClientExec.java:236)
	at org.apache.http.impl.execchain.ProtocolExec.execute(ProtocolExec.java:186)
	at org.apache.http.impl.client.InternalHttpClient.doExecute(InternalHttpClient.java:185)
	at org.apache.http.impl.client.CloseableHttpClient.execute(CloseableHttpClient.java:83)
	at org.apache.http.impl.client.CloseableHttpClient.execute(CloseableHttpClient.java:56)
	at com.amazonaws.http.apache.client.impl.SdkHttpClient.execute(SdkHttpClient.java:72)
	at com.amazonaws.http.AmazonHttpClient$RequestExecutor.executeOneRequest(AmazonHttpClient.java:1346)
	at com.amazonaws.http.AmazonHttpClient$RequestExecutor.executeHelper(AmazonHttpClient.java:1157)
	... 15 more
Caused by: java.net.ConnectException: Connection refused
	at java.base/sun.nio.ch.Net.pollConnect(Native Method)
	at java.base/sun.nio.ch.Net.pollConnectNow(Net.java:682)
	at java.base/sun.nio.ch.NioSocketImpl.timedFinishConnect(NioSocketImpl.java:549)
	at java.base/sun.nio.ch.NioSocketImpl.connect(NioSocketImpl.java:592)
	at java.base/java.net.SocksSocketImpl.connect(SocksSocketImpl.java:327)
	at java.base/java.net.Socket.connect(Socket.java:751)
	at org.apache.http.conn.socket.PlainConnectionSocketFactory.connectSocket(PlainConnectionSocketFactory.java:75)
	at org.apache.http.impl.conn.DefaultHttpClientConnectionOperator.connect(DefaultHttpClientConnectionOperator.java:142)
	... 28 more
]]></error>
  </testcase>
  <testcase name="testDeleteBucketNonEmptyWithIncompleteMultipartUpload(Path)" classname="org.apache.hadoop.ozone.s3.awssdk.v1.TestS3SDKV1WithRatisStreaming" time="0.193">
    <error message="Unable to execute HTTP request: Connect to 0.0.0.0:15050 [/0.0.0.0] failed: Connection refused" type="com.amazonaws.SdkClientException"><![CDATA[com.amazonaws.SdkClientException: Unable to execute HTTP request: Connect to 0.0.0.0:15050 [/0.0.0.0] failed: Connection refused
	at com.amazonaws.http.AmazonHttpClient$RequestExecutor.handleRetryableException(AmazonHttpClient.java:1219)
	at com.amazonaws.http.AmazonHttpClient$RequestExecutor.executeHelper(AmazonHttpClient.java:1165)
	at com.amazonaws.http.AmazonHttpClient$RequestExecutor.doExecute(AmazonHttpClient.java:814)
	at com.amazonaws.http.AmazonHttpClient$RequestExecutor.executeWithTimer(AmazonHttpClient.java:781)
	at com.amazonaws.http.AmazonHttpClient$RequestExecutor.execute(AmazonHttpClient.java:755)
	at com.amazonaws.http.AmazonHttpClient$RequestExecutor.access$500(AmazonHttpClient.java:715)
	at com.amazonaws.http.AmazonHttpClient$RequestExecutionBuilderImpl.execute(AmazonHttpClient.java:697)
	at com.amazonaws.http.AmazonHttpClient.execute(AmazonHttpClient.java:561)
	at com.amazonaws.http.AmazonHttpClient.execute(AmazonHttpClient.java:541)
	at com.amazonaws.services.s3.AmazonS3Client.invoke(AmazonS3Client.java:5520)
	at com.amazonaws.services.s3.AmazonS3Client.invoke(AmazonS3Client.java:5467)
	at com.amazonaws.services.s3.AmazonS3Client.createBucket(AmazonS3Client.java:1161)
	at com.amazonaws.services.s3.AmazonS3Client.createBucket(AmazonS3Client.java:1089)
	at org.apache.hadoop.ozone.s3.awssdk.v1.AbstractS3SDKV1Tests.testDeleteBucketNonEmptyWithIncompleteMultipartUpload(AbstractS3SDKV1Tests.java:329)
	at java.base/java.lang.reflect.Method.invoke(Method.java:580)
	at java.base/java.util.ArrayList.forEach(ArrayList.java:1596)
	at java.base/java.util.ArrayList.forEach(ArrayList.java:1596)
Caused by: org.apache.http.conn.HttpHostConnectException: Connect to 0.0.0.0:15050 [/0.0.0.0] failed: Connection refused
	at org.apache.http.impl.conn.DefaultHttpClientConnectionOperator.connect(DefaultHttpClientConnectionOperator.java:156)
	at org.apache.http.impl.conn.PoolingHttpClientConnectionManager.connect(PoolingHttpClientConnectionManager.java:376)
	at java.base/java.lang.reflect.Method.invoke(Method.java:580)
	at com.amazonaws.http.conn.ClientConnectionManagerFactory$Handler.invoke(ClientConnectionManagerFactory.java:76)
	at com.amazonaws.http.conn.$Proxy147.connect(Unknown Source)
	at org.apache.http.impl.execchain.MainClientExec.establishRoute(MainClientExec.java:393)
	at org.apache.http.impl.execchain.MainClientExec.execute(MainClientExec.java:236)
	at org.apache.http.impl.execchain.ProtocolExec.execute(ProtocolExec.java:186)
	at org.apache.http.impl.client.InternalHttpClient.doExecute(InternalHttpClient.java:185)
	at org.apache.http.impl.client.CloseableHttpClient.execute(CloseableHttpClient.java:83)
	at org.apache.http.impl.client.CloseableHttpClient.execute(CloseableHttpClient.java:56)
	at com.amazonaws.http.apache.client.impl.SdkHttpClient.execute(SdkHttpClient.java:72)
	at com.amazonaws.http.AmazonHttpClient$RequestExecutor.executeOneRequest(AmazonHttpClient.java:1346)
	at com.amazonaws.http.AmazonHttpClient$RequestExecutor.executeHelper(AmazonHttpClient.java:1157)
	... 15 more
Caused by: java.net.ConnectException: Connection refused
	at java.base/sun.nio.ch.Net.pollConnect(Native Method)
	at java.base/sun.nio.ch.Net.pollConnectNow(Net.java:682)
	at java.base/sun.nio.ch.NioSocketImpl.timedFinishConnect(NioSocketImpl.java:549)
	at java.base/sun.nio.ch.NioSocketImpl.connect(NioSocketImpl.java:592)
	at java.base/java.net.SocksSocketImpl.connect(SocksSocketImpl.java:327)
	at java.base/java.net.Socket.connect(Socket.java:751)
	at org.apache.http.conn.socket.PlainConnectionSocketFactory.connectSocket(PlainConnectionSocketFactory.java:75)
	at org.apache.http.impl.conn.DefaultHttpClientConnectionOperator.connect(DefaultHttpClientConnectionOperator.java:142)
	... 28 more
]]></error>
  </testcase>
  <testcase name="testDeleteBucketNonEmptyWithKeys" classname="org.apache.hadoop.ozone.s3.awssdk.v1.TestS3SDKV1WithRatisStreaming" time="0.291">
    <error message="Unable to execute HTTP request: Connect to 0.0.0.0:15050 [/0.0.0.0] failed: Connection refused" type="com.amazonaws.SdkClientException"><![CDATA[com.amazonaws.SdkClientException: Unable to execute HTTP request: Connect to 0.0.0.0:15050 [/0.0.0.0] failed: Connection refused
	at com.amazonaws.http.AmazonHttpClient$RequestExecutor.handleRetryableException(AmazonHttpClient.java:1219)
	at com.amazonaws.http.AmazonHttpClient$RequestExecutor.executeHelper(AmazonHttpClient.java:1165)
	at com.amazonaws.http.AmazonHttpClient$RequestExecutor.doExecute(AmazonHttpClient.java:814)
	at com.amazonaws.http.AmazonHttpClient$RequestExecutor.executeWithTimer(AmazonHttpClient.java:781)
	at com.amazonaws.http.AmazonHttpClient$RequestExecutor.execute(AmazonHttpClient.java:755)
	at com.amazonaws.http.AmazonHttpClient$RequestExecutor.access$500(AmazonHttpClient.java:715)
	at com.amazonaws.http.AmazonHttpClient$RequestExecutionBuilderImpl.execute(AmazonHttpClient.java:697)
	at com.amazonaws.http.AmazonHttpClient.execute(AmazonHttpClient.java:561)
	at com.amazonaws.http.AmazonHttpClient.execute(AmazonHttpClient.java:541)
	at com.amazonaws.services.s3.AmazonS3Client.invoke(AmazonS3Client.java:5520)
	at com.amazonaws.services.s3.AmazonS3Client.invoke(AmazonS3Client.java:5467)
	at com.amazonaws.services.s3.AmazonS3Client.createBucket(AmazonS3Client.java:1161)
	at com.amazonaws.services.s3.AmazonS3Client.createBucket(AmazonS3Client.java:1089)
	at org.apache.hadoop.ozone.s3.awssdk.v1.AbstractS3SDKV1Tests.testDeleteBucketNonEmptyWithKeys(AbstractS3SDKV1Tests.java:294)
	at java.base/java.lang.reflect.Method.invoke(Method.java:580)
	at java.base/java.util.ArrayList.forEach(ArrayList.java:1596)
	at java.base/java.util.ArrayList.forEach(ArrayList.java:1596)
Caused by: org.apache.http.conn.HttpHostConnectException: Connect to 0.0.0.0:15050 [/0.0.0.0] failed: Connection refused
	at org.apache.http.impl.conn.DefaultHttpClientConnectionOperator.connect(DefaultHttpClientConnectionOperator.java:156)
	at org.apache.http.impl.conn.PoolingHttpClientConnectionManager.connect(PoolingHttpClientConnectionManager.java:376)
	at java.base/java.lang.reflect.Method.invoke(Method.java:580)
	at com.amazonaws.http.conn.ClientConnectionManagerFactory$Handler.invoke(ClientConnectionManagerFactory.java:76)
	at com.amazonaws.http.conn.$Proxy147.connect(Unknown Source)
	at org.apache.http.impl.execchain.MainClientExec.establishRoute(MainClientExec.java:393)
	at org.apache.http.impl.execchain.MainClientExec.execute(MainClientExec.java:236)
	at org.apache.http.impl.execchain.ProtocolExec.execute(ProtocolExec.java:186)
	at org.apache.http.impl.client.InternalHttpClient.doExecute(InternalHttpClient.java:185)
	at org.apache.http.impl.client.CloseableHttpClient.execute(CloseableHttpClient.java:83)
	at org.apache.http.impl.client.CloseableHttpClient.execute(CloseableHttpClient.java:56)
	at com.amazonaws.http.apache.client.impl.SdkHttpClient.execute(SdkHttpClient.java:72)
	at com.amazonaws.http.AmazonHttpClient$RequestExecutor.executeOneRequest(AmazonHttpClient.java:1346)
	at com.amazonaws.http.AmazonHttpClient$RequestExecutor.executeHelper(AmazonHttpClient.java:1157)
	... 15 more
Caused by: java.net.ConnectException: Connection refused
	at java.base/sun.nio.ch.Net.pollConnect(Native Method)
	at java.base/sun.nio.ch.Net.pollConnectNow(Net.java:682)
	at java.base/sun.nio.ch.NioSocketImpl.timedFinishConnect(NioSocketImpl.java:549)
	at java.base/sun.nio.ch.NioSocketImpl.connect(NioSocketImpl.java:592)
	at java.base/java.net.SocksSocketImpl.connect(SocksSocketImpl.java:327)
	at java.base/java.net.Socket.connect(Socket.java:751)
	at org.apache.http.conn.socket.PlainConnectionSocketFactory.connectSocket(PlainConnectionSocketFactory.java:75)
	at org.apache.http.impl.conn.DefaultHttpClientConnectionOperator.connect(DefaultHttpClientConnectionOperator.java:142)
	... 28 more
]]></error>
  </testcase>
  <testcase name="testDeleteBucketNotExist" classname="org.apache.hadoop.ozone.s3.awssdk.v1.TestS3SDKV1WithRatisStreaming" time="0.381">
    <failure message="Unexpected exception type thrown, expected: &lt;com.amazonaws.AmazonServiceException&gt; but was: &lt;com.amazonaws.SdkClientException&gt;" type="org.opentest4j.AssertionFailedError"><![CDATA[org.opentest4j.AssertionFailedError: Unexpected exception type thrown, expected: <com.amazonaws.AmazonServiceException> but was: <com.amazonaws.SdkClientException>
	at org.apache.hadoop.ozone.s3.awssdk.v1.AbstractS3SDKV1Tests.testDeleteBucketNotExist(AbstractS3SDKV1Tests.java:283)
	at java.base/java.lang.reflect.Method.invoke(Method.java:580)
	at java.base/java.util.ArrayList.forEach(ArrayList.java:1596)
	at java.base/java.util.ArrayList.forEach(ArrayList.java:1596)
Caused by: com.amazonaws.SdkClientException: Unable to execute HTTP request: Connect to 0.0.0.0:15050 [/0.0.0.0] failed: Connection refused
	at com.amazonaws.http.AmazonHttpClient$RequestExecutor.handleRetryableException(AmazonHttpClient.java:1219)
	at com.amazonaws.http.AmazonHttpClient$RequestExecutor.executeHelper(AmazonHttpClient.java:1165)
	at com.amazonaws.http.AmazonHttpClient$RequestExecutor.doExecute(AmazonHttpClient.java:814)
	at com.amazonaws.http.AmazonHttpClient$RequestExecutor.executeWithTimer(AmazonHttpClient.java:781)
	at com.amazonaws.http.AmazonHttpClient$RequestExecutor.execute(AmazonHttpClient.java:755)
	at com.amazonaws.http.AmazonHttpClient$RequestExecutor.access$500(AmazonHttpClient.java:715)
	at com.amazonaws.http.AmazonHttpClient$RequestExecutionBuilderImpl.execute(AmazonHttpClient.java:697)
	at com.amazonaws.http.AmazonHttpClient.execute(AmazonHttpClient.java:561)
	at com.amazonaws.http.AmazonHttpClient.execute(AmazonHttpClient.java:541)
	at com.amazonaws.services.s3.AmazonS3Client.invoke(AmazonS3Client.java:5520)
	at com.amazonaws.services.s3.AmazonS3Client.invoke(AmazonS3Client.java:5467)
	at com.amazonaws.services.s3.AmazonS3Client.deleteBucket(AmazonS3Client.java:1769)
	at com.amazonaws.services.s3.AmazonS3Client.deleteBucket(AmazonS3Client.java:1753)
	at org.apache.hadoop.ozone.s3.awssdk.v1.AbstractS3SDKV1Tests.lambda$testDeleteBucketNotExist$0(AbstractS3SDKV1Tests.java:284)
	... 4 more
Caused by: org.apache.http.conn.HttpHostConnectException: Connect to 0.0.0.0:15050 [/0.0.0.0] failed: Connection refused
	at org.apache.http.impl.conn.DefaultHttpClientConnectionOperator.connect(DefaultHttpClientConnectionOperator.java:156)
	at org.apache.http.impl.conn.PoolingHttpClientConnectionManager.connect(PoolingHttpClientConnectionManager.java:376)
	at java.base/java.lang.reflect.Method.invoke(Method.java:580)
	at com.amazonaws.http.conn.ClientConnectionManagerFactory$Handler.invoke(ClientConnectionManagerFactory.java:76)
	at com.amazonaws.http.conn.$Proxy147.connect(Unknown Source)
	at org.apache.http.impl.execchain.MainClientExec.establishRoute(MainClientExec.java:393)
	at org.apache.http.impl.execchain.MainClientExec.execute(MainClientExec.java:236)
	at org.apache.http.impl.execchain.ProtocolExec.execute(ProtocolExec.java:186)
	at org.apache.http.impl.client.InternalHttpClient.doExecute(InternalHttpClient.java:185)
	at org.apache.http.impl.client.CloseableHttpClient.execute(CloseableHttpClient.java:83)
	at org.apache.http.impl.client.CloseableHttpClient.execute(CloseableHttpClient.java:56)
	at com.amazonaws.http.apache.client.impl.SdkHttpClient.execute(SdkHttpClient.java:72)
	at com.amazonaws.http.AmazonHttpClient$RequestExecutor.executeOneRequest(AmazonHttpClient.java:1346)
	at com.amazonaws.http.AmazonHttpClient$RequestExecutor.executeHelper(AmazonHttpClient.java:1157)
	... 16 more
Caused by: java.net.ConnectException: Connection refused
	at java.base/sun.nio.ch.Net.pollConnect(Native Method)
	at java.base/sun.nio.ch.Net.pollConnectNow(Net.java:682)
	at java.base/sun.nio.ch.NioSocketImpl.timedFinishConnect(NioSocketImpl.java:549)
	at java.base/sun.nio.ch.NioSocketImpl.connect(NioSocketImpl.java:592)
	at java.base/java.net.SocksSocketImpl.connect(SocksSocketImpl.java:327)
	at java.base/java.net.Socket.connect(Socket.java:751)
	at org.apache.http.conn.socket.PlainConnectionSocketFactory.connectSocket(PlainConnectionSocketFactory.java:75)
	at org.apache.http.impl.conn.DefaultHttpClientConnectionOperator.connect(DefaultHttpClientConnectionOperator.java:142)
	... 29 more
]]></failure>
  </testcase>
  <testcase name="testGetNotExistedPart(Path)" classname="org.apache.hadoop.ozone.s3.awssdk.v1.TestS3SDKV1WithRatisStreaming" time="0.44">
    <error message="Unable to execute HTTP request: Connect to 0.0.0.0:15050 [/0.0.0.0] failed: Connection refused" type="com.amazonaws.SdkClientException"><![CDATA[com.amazonaws.SdkClientException: Unable to execute HTTP request: Connect to 0.0.0.0:15050 [/0.0.0.0] failed: Connection refused
	at com.amazonaws.http.AmazonHttpClient$RequestExecutor.handleRetryableException(AmazonHttpClient.java:1219)
	at com.amazonaws.http.AmazonHttpClient$RequestExecutor.executeHelper(AmazonHttpClient.java:1165)
	at com.amazonaws.http.AmazonHttpClient$RequestExecutor.doExecute(AmazonHttpClient.java:814)
	at com.amazonaws.http.AmazonHttpClient$RequestExecutor.executeWithTimer(AmazonHttpClient.java:781)
	at com.amazonaws.http.AmazonHttpClient$RequestExecutor.execute(AmazonHttpClient.java:755)
	at com.amazonaws.http.AmazonHttpClient$RequestExecutor.access$500(AmazonHttpClient.java:715)
	at com.amazonaws.http.AmazonHttpClient$RequestExecutionBuilderImpl.execute(AmazonHttpClient.java:697)
	at com.amazonaws.http.AmazonHttpClient.execute(AmazonHttpClient.java:561)
	at com.amazonaws.http.AmazonHttpClient.execute(AmazonHttpClient.java:541)
	at com.amazonaws.services.s3.AmazonS3Client.invoke(AmazonS3Client.java:5520)
	at com.amazonaws.services.s3.AmazonS3Client.invoke(AmazonS3Client.java:5467)
	at com.amazonaws.services.s3.AmazonS3Client.createBucket(AmazonS3Client.java:1161)
	at com.amazonaws.services.s3.AmazonS3Client.createBucket(AmazonS3Client.java:1089)
	at org.apache.hadoop.ozone.s3.awssdk.v1.AbstractS3SDKV1Tests.testGetNotExistedPart(AbstractS3SDKV1Tests.java:927)
	at java.base/java.lang.reflect.Method.invoke(Method.java:580)
	at java.base/java.util.ArrayList.forEach(ArrayList.java:1596)
	at java.base/java.util.ArrayList.forEach(ArrayList.java:1596)
Caused by: org.apache.http.conn.HttpHostConnectException: Connect to 0.0.0.0:15050 [/0.0.0.0] failed: Connection refused
	at org.apache.http.impl.conn.DefaultHttpClientConnectionOperator.connect(DefaultHttpClientConnectionOperator.java:156)
	at org.apache.http.impl.conn.PoolingHttpClientConnectionManager.connect(PoolingHttpClientConnectionManager.java:376)
	at java.base/java.lang.reflect.Method.invoke(Method.java:580)
	at com.amazonaws.http.conn.ClientConnectionManagerFactory$Handler.invoke(ClientConnectionManagerFactory.java:76)
	at com.amazonaws.http.conn.$Proxy147.connect(Unknown Source)
	at org.apache.http.impl.execchain.MainClientExec.establishRoute(MainClientExec.java:393)
	at org.apache.http.impl.execchain.MainClientExec.execute(MainClientExec.java:236)
	at org.apache.http.impl.execchain.ProtocolExec.execute(ProtocolExec.java:186)
	at org.apache.http.impl.client.InternalHttpClient.doExecute(InternalHttpClient.java:185)
	at org.apache.http.impl.client.CloseableHttpClient.execute(CloseableHttpClient.java:83)
	at org.apache.http.impl.client.CloseableHttpClient.execute(CloseableHttpClient.java:56)
	at com.amazonaws.http.apache.client.impl.SdkHttpClient.execute(SdkHttpClient.java:72)
	at com.amazonaws.http.AmazonHttpClient$RequestExecutor.executeOneRequest(AmazonHttpClient.java:1346)
	at com.amazonaws.http.AmazonHttpClient$RequestExecutor.executeHelper(AmazonHttpClient.java:1157)
	... 15 more
Caused by: java.net.ConnectException: Connection refused
	at java.base/sun.nio.ch.Net.pollConnect(Native Method)
	at java.base/sun.nio.ch.Net.pollConnectNow(Net.java:682)
	at java.base/sun.nio.ch.NioSocketImpl.timedFinishConnect(NioSocketImpl.java:549)
	at java.base/sun.nio.ch.NioSocketImpl.connect(NioSocketImpl.java:592)
	at java.base/java.net.SocksSocketImpl.connect(SocksSocketImpl.java:327)
	at java.base/java.net.Socket.connect(Socket.java:751)
	at org.apache.http.conn.socket.PlainConnectionSocketFactory.connectSocket(PlainConnectionSocketFactory.java:75)
	at org.apache.http.impl.conn.DefaultHttpClientConnectionOperator.connect(DefaultHttpClientConnectionOperator.java:142)
	... 28 more
]]></error>
  </testcase>
  <testcase name="testGetObject" classname="org.apache.hadoop.ozone.s3.awssdk.v1.TestS3SDKV1WithRatisStreaming" time="0.207">
    <error message="Unable to execute HTTP request: Connect to 0.0.0.0:15050 [/0.0.0.0] failed: Connection refused" type="com.amazonaws.SdkClientException"><![CDATA[com.amazonaws.SdkClientException: Unable to execute HTTP request: Connect to 0.0.0.0:15050 [/0.0.0.0] failed: Connection refused
	at com.amazonaws.http.AmazonHttpClient$RequestExecutor.handleRetryableException(AmazonHttpClient.java:1219)
	at com.amazonaws.http.AmazonHttpClient$RequestExecutor.executeHelper(AmazonHttpClient.java:1165)
	at com.amazonaws.http.AmazonHttpClient$RequestExecutor.doExecute(AmazonHttpClient.java:814)
	at com.amazonaws.http.AmazonHttpClient$RequestExecutor.executeWithTimer(AmazonHttpClient.java:781)
	at com.amazonaws.http.AmazonHttpClient$RequestExecutor.execute(AmazonHttpClient.java:755)
	at com.amazonaws.http.AmazonHttpClient$RequestExecutor.access$500(AmazonHttpClient.java:715)
	at com.amazonaws.http.AmazonHttpClient$RequestExecutionBuilderImpl.execute(AmazonHttpClient.java:697)
	at com.amazonaws.http.AmazonHttpClient.execute(AmazonHttpClient.java:561)
	at com.amazonaws.http.AmazonHttpClient.execute(AmazonHttpClient.java:541)
	at com.amazonaws.services.s3.AmazonS3Client.invoke(AmazonS3Client.java:5520)
	at com.amazonaws.services.s3.AmazonS3Client.invoke(AmazonS3Client.java:5467)
	at com.amazonaws.services.s3.AmazonS3Client.createBucket(AmazonS3Client.java:1161)
	at com.amazonaws.services.s3.AmazonS3Client.createBucket(AmazonS3Client.java:1089)
	at org.apache.hadoop.ozone.s3.awssdk.v1.AbstractS3SDKV1Tests.testGetObject(AbstractS3SDKV1Tests.java:458)
	at java.base/java.lang.reflect.Method.invoke(Method.java:580)
	at java.base/java.util.ArrayList.forEach(ArrayList.java:1596)
	at java.base/java.util.ArrayList.forEach(ArrayList.java:1596)
Caused by: org.apache.http.conn.HttpHostConnectException: Connect to 0.0.0.0:15050 [/0.0.0.0] failed: Connection refused
	at org.apache.http.impl.conn.DefaultHttpClientConnectionOperator.connect(DefaultHttpClientConnectionOperator.java:156)
	at org.apache.http.impl.conn.PoolingHttpClientConnectionManager.connect(PoolingHttpClientConnectionManager.java:376)
	at java.base/java.lang.reflect.Method.invoke(Method.java:580)
	at com.amazonaws.http.conn.ClientConnectionManagerFactory$Handler.invoke(ClientConnectionManagerFactory.java:76)
	at com.amazonaws.http.conn.$Proxy147.connect(Unknown Source)
	at org.apache.http.impl.execchain.MainClientExec.establishRoute(MainClientExec.java:393)
	at org.apache.http.impl.execchain.MainClientExec.execute(MainClientExec.java:236)
	at org.apache.http.impl.execchain.ProtocolExec.execute(ProtocolExec.java:186)
	at org.apache.http.impl.client.InternalHttpClient.doExecute(InternalHttpClient.java:185)
	at org.apache.http.impl.client.CloseableHttpClient.execute(CloseableHttpClient.java:83)
	at org.apache.http.impl.client.CloseableHttpClient.execute(CloseableHttpClient.java:56)
	at com.amazonaws.http.apache.client.impl.SdkHttpClient.execute(SdkHttpClient.java:72)
	at com.amazonaws.http.AmazonHttpClient$RequestExecutor.executeOneRequest(AmazonHttpClient.java:1346)
	at com.amazonaws.http.AmazonHttpClient$RequestExecutor.executeHelper(AmazonHttpClient.java:1157)
	... 15 more
Caused by: java.net.ConnectException: Connection refused
	at java.base/sun.nio.ch.Net.pollConnect(Native Method)
	at java.base/sun.nio.ch.Net.pollConnectNow(Net.java:682)
	at java.base/sun.nio.ch.NioSocketImpl.timedFinishConnect(NioSocketImpl.java:549)
	at java.base/sun.nio.ch.NioSocketImpl.connect(NioSocketImpl.java:592)
	at java.base/java.net.SocksSocketImpl.connect(SocksSocketImpl.java:327)
	at java.base/java.net.Socket.connect(Socket.java:751)
	at org.apache.http.conn.socket.PlainConnectionSocketFactory.connectSocket(PlainConnectionSocketFactory.java:75)
	at org.apache.http.impl.conn.DefaultHttpClientConnectionOperator.connect(DefaultHttpClientConnectionOperator.java:142)
	... 28 more
]]></error>
  </testcase>
  <testcase name="testGetObjectWithoutETag" classname="org.apache.hadoop.ozone.s3.awssdk.v1.TestS3SDKV1WithRatisStreaming" time="0.398">
    <error message="Unable to execute HTTP request: Connect to 0.0.0.0:15050 [/0.0.0.0] failed: Connection refused" type="com.amazonaws.SdkClientException"><![CDATA[com.amazonaws.SdkClientException: Unable to execute HTTP request: Connect to 0.0.0.0:15050 [/0.0.0.0] failed: Connection refused
	at com.amazonaws.http.AmazonHttpClient$RequestExecutor.handleRetryableException(AmazonHttpClient.java:1219)
	at com.amazonaws.http.AmazonHttpClient$RequestExecutor.executeHelper(AmazonHttpClient.java:1165)
	at com.amazonaws.http.AmazonHttpClient$RequestExecutor.doExecute(AmazonHttpClient.java:814)
	at com.amazonaws.http.AmazonHttpClient$RequestExecutor.executeWithTimer(AmazonHttpClient.java:781)
	at com.amazonaws.http.AmazonHttpClient$RequestExecutor.execute(AmazonHttpClient.java:755)
	at com.amazonaws.http.AmazonHttpClient$RequestExecutor.access$500(AmazonHttpClient.java:715)
	at com.amazonaws.http.AmazonHttpClient$RequestExecutionBuilderImpl.execute(AmazonHttpClient.java:697)
	at com.amazonaws.http.AmazonHttpClient.execute(AmazonHttpClient.java:561)
	at com.amazonaws.http.AmazonHttpClient.execute(AmazonHttpClient.java:541)
	at com.amazonaws.services.s3.AmazonS3Client.invoke(AmazonS3Client.java:5520)
	at com.amazonaws.services.s3.AmazonS3Client.invoke(AmazonS3Client.java:5467)
	at com.amazonaws.services.s3.AmazonS3Client.createBucket(AmazonS3Client.java:1161)
	at com.amazonaws.services.s3.AmazonS3Client.createBucket(AmazonS3Client.java:1089)
	at org.apache.hadoop.ozone.s3.awssdk.v1.AbstractS3SDKV1Tests.testGetObjectWithoutETag(AbstractS3SDKV1Tests.java:498)
	at java.base/java.lang.reflect.Method.invoke(Method.java:580)
	at java.base/java.util.ArrayList.forEach(ArrayList.java:1596)
	at java.base/java.util.ArrayList.forEach(ArrayList.java:1596)
Caused by: org.apache.http.conn.HttpHostConnectException: Connect to 0.0.0.0:15050 [/0.0.0.0] failed: Connection refused
	at org.apache.http.impl.conn.DefaultHttpClientConnectionOperator.connect(DefaultHttpClientConnectionOperator.java:156)
	at org.apache.http.impl.conn.PoolingHttpClientConnectionManager.connect(PoolingHttpClientConnectionManager.java:376)
	at java.base/java.lang.reflect.Method.invoke(Method.java:580)
	at com.amazonaws.http.conn.ClientConnectionManagerFactory$Handler.invoke(ClientConnectionManagerFactory.java:76)
	at com.amazonaws.http.conn.$Proxy147.connect(Unknown Source)
	at org.apache.http.impl.execchain.MainClientExec.establishRoute(MainClientExec.java:393)
	at org.apache.http.impl.execchain.MainClientExec.execute(MainClientExec.java:236)
	at org.apache.http.impl.execchain.ProtocolExec.execute(ProtocolExec.java:186)
	at org.apache.http.impl.client.InternalHttpClient.doExecute(InternalHttpClient.java:185)
	at org.apache.http.impl.client.CloseableHttpClient.execute(CloseableHttpClient.java:83)
	at org.apache.http.impl.client.CloseableHttpClient.execute(CloseableHttpClient.java:56)
	at com.amazonaws.http.apache.client.impl.SdkHttpClient.execute(SdkHttpClient.java:72)
	at com.amazonaws.http.AmazonHttpClient$RequestExecutor.executeOneRequest(AmazonHttpClient.java:1346)
	at com.amazonaws.http.AmazonHttpClient$RequestExecutor.executeHelper(AmazonHttpClient.java:1157)
	... 15 more
Caused by: java.net.ConnectException: Connection refused
	at java.base/sun.nio.ch.Net.pollConnect(Native Method)
	at java.base/sun.nio.ch.Net.pollConnectNow(Net.java:682)
	at java.base/sun.nio.ch.NioSocketImpl.timedFinishConnect(NioSocketImpl.java:549)
	at java.base/sun.nio.ch.NioSocketImpl.connect(NioSocketImpl.java:592)
	at java.base/java.net.SocksSocketImpl.connect(SocksSocketImpl.java:327)
	at java.base/java.net.Socket.connect(Socket.java:751)
	at org.apache.http.conn.socket.PlainConnectionSocketFactory.connectSocket(PlainConnectionSocketFactory.java:75)
	at org.apache.http.impl.conn.DefaultHttpClientConnectionOperator.connect(DefaultHttpClientConnectionOperator.java:142)
	... 28 more
]]></error>
  </testcase>
  <testcase name="testGetParticularPart(Path)" classname="org.apache.hadoop.ozone.s3.awssdk.v1.TestS3SDKV1WithRatisStreaming" time="0.517">
    <error message="Unable to execute HTTP request: Connect to 0.0.0.0:15050 [/0.0.0.0] failed: Connection refused" type="com.amazonaws.SdkClientException"><![CDATA[com.amazonaws.SdkClientException: Unable to execute HTTP request: Connect to 0.0.0.0:15050 [/0.0.0.0] failed: Connection refused
	at com.amazonaws.http.AmazonHttpClient$RequestExecutor.handleRetryableException(AmazonHttpClient.java:1219)
	at com.amazonaws.http.AmazonHttpClient$RequestExecutor.executeHelper(AmazonHttpClient.java:1165)
	at com.amazonaws.http.AmazonHttpClient$RequestExecutor.doExecute(AmazonHttpClient.java:814)
	at com.amazonaws.http.AmazonHttpClient$RequestExecutor.executeWithTimer(AmazonHttpClient.java:781)
	at com.amazonaws.http.AmazonHttpClient$RequestExecutor.execute(AmazonHttpClient.java:755)
	at com.amazonaws.http.AmazonHttpClient$RequestExecutor.access$500(AmazonHttpClient.java:715)
	at com.amazonaws.http.AmazonHttpClient$RequestExecutionBuilderImpl.execute(AmazonHttpClient.java:697)
	at com.amazonaws.http.AmazonHttpClient.execute(AmazonHttpClient.java:561)
	at com.amazonaws.http.AmazonHttpClient.execute(AmazonHttpClient.java:541)
	at com.amazonaws.services.s3.AmazonS3Client.invoke(AmazonS3Client.java:5520)
	at com.amazonaws.services.s3.AmazonS3Client.invoke(AmazonS3Client.java:5467)
	at com.amazonaws.services.s3.AmazonS3Client.createBucket(AmazonS3Client.java:1161)
	at com.amazonaws.services.s3.AmazonS3Client.createBucket(AmazonS3Client.java:1089)
	at org.apache.hadoop.ozone.s3.awssdk.v1.AbstractS3SDKV1Tests.testGetParticularPart(AbstractS3SDKV1Tests.java:888)
	at java.base/java.lang.reflect.Method.invoke(Method.java:580)
	at java.base/java.util.ArrayList.forEach(ArrayList.java:1596)
	at java.base/java.util.ArrayList.forEach(ArrayList.java:1596)
Caused by: org.apache.http.conn.HttpHostConnectException: Connect to 0.0.0.0:15050 [/0.0.0.0] failed: Connection refused
	at org.apache.http.impl.conn.DefaultHttpClientConnectionOperator.connect(DefaultHttpClientConnectionOperator.java:156)
	at org.apache.http.impl.conn.PoolingHttpClientConnectionManager.connect(PoolingHttpClientConnectionManager.java:376)
	at java.base/java.lang.reflect.Method.invoke(Method.java:580)
	at com.amazonaws.http.conn.ClientConnectionManagerFactory$Handler.invoke(ClientConnectionManagerFactory.java:76)
	at com.amazonaws.http.conn.$Proxy147.connect(Unknown Source)
	at org.apache.http.impl.execchain.MainClientExec.establishRoute(MainClientExec.java:393)
	at org.apache.http.impl.execchain.MainClientExec.execute(MainClientExec.java:236)
	at org.apache.http.impl.execchain.ProtocolExec.execute(ProtocolExec.java:186)
	at org.apache.http.impl.client.InternalHttpClient.doExecute(InternalHttpClient.java:185)
	at org.apache.http.impl.client.CloseableHttpClient.execute(CloseableHttpClient.java:83)
	at org.apache.http.impl.client.CloseableHttpClient.execute(CloseableHttpClient.java:56)
	at com.amazonaws.http.apache.client.impl.SdkHttpClient.execute(SdkHttpClient.java:72)
	at com.amazonaws.http.AmazonHttpClient$RequestExecutor.executeOneRequest(AmazonHttpClient.java:1346)
	at com.amazonaws.http.AmazonHttpClient$RequestExecutor.executeHelper(AmazonHttpClient.java:1157)
	... 15 more
Caused by: java.net.ConnectException: Connection refused
	at java.base/sun.nio.ch.Net.pollConnect(Native Method)
	at java.base/sun.nio.ch.Net.pollConnectNow(Net.java:682)
	at java.base/sun.nio.ch.NioSocketImpl.timedFinishConnect(NioSocketImpl.java:549)
	at java.base/sun.nio.ch.NioSocketImpl.connect(NioSocketImpl.java:592)
	at java.base/java.net.SocksSocketImpl.connect(SocksSocketImpl.java:327)
	at java.base/java.net.Socket.connect(Socket.java:751)
	at org.apache.http.conn.socket.PlainConnectionSocketFactory.connectSocket(PlainConnectionSocketFactory.java:75)
	at org.apache.http.impl.conn.DefaultHttpClientConnectionOperator.connect(DefaultHttpClientConnectionOperator.java:142)
	... 28 more
]]></error>
  </testcase>
  <testcase name="testHighLevelMultipartUpload(Path)" classname="org.apache.hadoop.ozone.s3.awssdk.v1.TestS3SDKV1WithRatisStreaming" time="0.544">
    <error message="Unable to execute HTTP request: Connect to 0.0.0.0:15050 [/0.0.0.0] failed: Connection refused" type="com.amazonaws.SdkClientException"><![CDATA[com.amazonaws.SdkClientException: Unable to execute HTTP request: Connect to 0.0.0.0:15050 [/0.0.0.0] failed: Connection refused
	at com.amazonaws.http.AmazonHttpClient$RequestExecutor.handleRetryableException(AmazonHttpClient.java:1219)
	at com.amazonaws.http.AmazonHttpClient$RequestExecutor.executeHelper(AmazonHttpClient.java:1165)
	at com.amazonaws.http.AmazonHttpClient$RequestExecutor.doExecute(AmazonHttpClient.java:814)
	at com.amazonaws.http.AmazonHttpClient$RequestExecutor.executeWithTimer(AmazonHttpClient.java:781)
	at com.amazonaws.http.AmazonHttpClient$RequestExecutor.execute(AmazonHttpClient.java:755)
	at com.amazonaws.http.AmazonHttpClient$RequestExecutor.access$500(AmazonHttpClient.java:715)
	at com.amazonaws.http.AmazonHttpClient$RequestExecutionBuilderImpl.execute(AmazonHttpClient.java:697)
	at com.amazonaws.http.AmazonHttpClient.execute(AmazonHttpClient.java:561)
	at com.amazonaws.http.AmazonHttpClient.execute(AmazonHttpClient.java:541)
	at com.amazonaws.services.s3.AmazonS3Client.invoke(AmazonS3Client.java:5520)
	at com.amazonaws.services.s3.AmazonS3Client.invoke(AmazonS3Client.java:5467)
	at com.amazonaws.services.s3.AmazonS3Client.createBucket(AmazonS3Client.java:1161)
	at com.amazonaws.services.s3.AmazonS3Client.createBucket(AmazonS3Client.java:1089)
	at org.apache.hadoop.ozone.s3.awssdk.v1.AbstractS3SDKV1Tests.testHighLevelMultipartUpload(AbstractS3SDKV1Tests.java:669)
	at java.base/java.lang.reflect.Method.invoke(Method.java:580)
	at java.base/java.util.ArrayList.forEach(ArrayList.java:1596)
	at java.base/java.util.ArrayList.forEach(ArrayList.java:1596)
Caused by: org.apache.http.conn.HttpHostConnectException: Connect to 0.0.0.0:15050 [/0.0.0.0] failed: Connection refused
	at org.apache.http.impl.conn.DefaultHttpClientConnectionOperator.connect(DefaultHttpClientConnectionOperator.java:156)
	at org.apache.http.impl.conn.PoolingHttpClientConnectionManager.connect(PoolingHttpClientConnectionManager.java:376)
	at java.base/java.lang.reflect.Method.invoke(Method.java:580)
	at com.amazonaws.http.conn.ClientConnectionManagerFactory$Handler.invoke(ClientConnectionManagerFactory.java:76)
	at com.amazonaws.http.conn.$Proxy147.connect(Unknown Source)
	at org.apache.http.impl.execchain.MainClientExec.establishRoute(MainClientExec.java:393)
	at org.apache.http.impl.execchain.MainClientExec.execute(MainClientExec.java:236)
	at org.apache.http.impl.execchain.ProtocolExec.execute(ProtocolExec.java:186)
	at org.apache.http.impl.client.InternalHttpClient.doExecute(InternalHttpClient.java:185)
	at org.apache.http.impl.client.CloseableHttpClient.execute(CloseableHttpClient.java:83)
	at org.apache.http.impl.client.CloseableHttpClient.execute(CloseableHttpClient.java:56)
	at com.amazonaws.http.apache.client.impl.SdkHttpClient.execute(SdkHttpClient.java:72)
	at com.amazonaws.http.AmazonHttpClient$RequestExecutor.executeOneRequest(AmazonHttpClient.java:1346)
	at com.amazonaws.http.AmazonHttpClient$RequestExecutor.executeHelper(AmazonHttpClient.java:1157)
	... 15 more
Caused by: java.net.ConnectException: Connection refused
	at java.base/sun.nio.ch.Net.pollConnect(Native Method)
	at java.base/sun.nio.ch.Net.pollConnectNow(Net.java:682)
	at java.base/sun.nio.ch.NioSocketImpl.timedFinishConnect(NioSocketImpl.java:549)
	at java.base/sun.nio.ch.NioSocketImpl.connect(NioSocketImpl.java:592)
	at java.base/java.net.SocksSocketImpl.connect(SocksSocketImpl.java:327)
	at java.base/java.net.Socket.connect(Socket.java:751)
	at org.apache.http.conn.socket.PlainConnectionSocketFactory.connectSocket(PlainConnectionSocketFactory.java:75)
	at org.apache.http.impl.conn.DefaultHttpClientConnectionOperator.connect(DefaultHttpClientConnectionOperator.java:142)
	... 28 more
]]></error>
  </testcase>
  <testcase name="testListBuckets" classname="org.apache.hadoop.ozone.s3.awssdk.v1.TestS3SDKV1WithRatisStreaming" time="0.553">
    <error message="Unable to execute HTTP request: Connect to 0.0.0.0:15050 [/0.0.0.0] failed: Connection refused" type="com.amazonaws.SdkClientException"><![CDATA[com.amazonaws.SdkClientException: Unable to execute HTTP request: Connect to 0.0.0.0:15050 [/0.0.0.0] failed: Connection refused
	at com.amazonaws.http.AmazonHttpClient$RequestExecutor.handleRetryableException(AmazonHttpClient.java:1219)
	at com.amazonaws.http.AmazonHttpClient$RequestExecutor.executeHelper(AmazonHttpClient.java:1165)
	at com.amazonaws.http.AmazonHttpClient$RequestExecutor.doExecute(AmazonHttpClient.java:814)
	at com.amazonaws.http.AmazonHttpClient$RequestExecutor.executeWithTimer(AmazonHttpClient.java:781)
	at com.amazonaws.http.AmazonHttpClient$RequestExecutor.execute(AmazonHttpClient.java:755)
	at com.amazonaws.http.AmazonHttpClient$RequestExecutor.access$500(AmazonHttpClient.java:715)
	at com.amazonaws.http.AmazonHttpClient$RequestExecutionBuilderImpl.execute(AmazonHttpClient.java:697)
	at com.amazonaws.http.AmazonHttpClient.execute(AmazonHttpClient.java:561)
	at com.amazonaws.http.AmazonHttpClient.execute(AmazonHttpClient.java:541)
	at com.amazonaws.services.s3.AmazonS3Client.invoke(AmazonS3Client.java:5520)
	at com.amazonaws.services.s3.AmazonS3Client.invoke(AmazonS3Client.java:5467)
	at com.amazonaws.services.s3.AmazonS3Client.createBucket(AmazonS3Client.java:1161)
	at com.amazonaws.services.s3.AmazonS3Client.createBucket(AmazonS3Client.java:1089)
	at org.apache.hadoop.ozone.s3.awssdk.v1.AbstractS3SDKV1Tests.testListBuckets(AbstractS3SDKV1Tests.java:256)
	at java.base/java.lang.reflect.Method.invoke(Method.java:580)
	at java.base/java.util.ArrayList.forEach(ArrayList.java:1596)
	at java.base/java.util.ArrayList.forEach(ArrayList.java:1596)
Caused by: org.apache.http.conn.HttpHostConnectException: Connect to 0.0.0.0:15050 [/0.0.0.0] failed: Connection refused
	at org.apache.http.impl.conn.DefaultHttpClientConnectionOperator.connect(DefaultHttpClientConnectionOperator.java:156)
	at org.apache.http.impl.conn.PoolingHttpClientConnectionManager.connect(PoolingHttpClientConnectionManager.java:376)
	at java.base/java.lang.reflect.Method.invoke(Method.java:580)
	at com.amazonaws.http.conn.ClientConnectionManagerFactory$Handler.invoke(ClientConnectionManagerFactory.java:76)
	at com.amazonaws.http.conn.$Proxy147.connect(Unknown Source)
	at org.apache.http.impl.execchain.MainClientExec.establishRoute(MainClientExec.java:393)
	at org.apache.http.impl.execchain.MainClientExec.execute(MainClientExec.java:236)
	at org.apache.http.impl.execchain.ProtocolExec.execute(ProtocolExec.java:186)
	at org.apache.http.impl.client.InternalHttpClient.doExecute(InternalHttpClient.java:185)
	at org.apache.http.impl.client.CloseableHttpClient.execute(CloseableHttpClient.java:83)
	at org.apache.http.impl.client.CloseableHttpClient.execute(CloseableHttpClient.java:56)
	at com.amazonaws.http.apache.client.impl.SdkHttpClient.execute(SdkHttpClient.java:72)
	at com.amazonaws.http.AmazonHttpClient$RequestExecutor.executeOneRequest(AmazonHttpClient.java:1346)
	at com.amazonaws.http.AmazonHttpClient$RequestExecutor.executeHelper(AmazonHttpClient.java:1157)
	... 15 more
Caused by: java.net.ConnectException: Connection refused
	at java.base/sun.nio.ch.Net.pollConnect(Native Method)
	at java.base/sun.nio.ch.Net.pollConnectNow(Net.java:682)
	at java.base/sun.nio.ch.NioSocketImpl.timedFinishConnect(NioSocketImpl.java:549)
	at java.base/sun.nio.ch.NioSocketImpl.connect(NioSocketImpl.java:592)
	at java.base/java.net.SocksSocketImpl.connect(SocksSocketImpl.java:327)
	at java.base/java.net.Socket.connect(Socket.java:751)
	at org.apache.http.conn.socket.PlainConnectionSocketFactory.connectSocket(PlainConnectionSocketFactory.java:75)
	at org.apache.http.impl.conn.DefaultHttpClientConnectionOperator.connect(DefaultHttpClientConnectionOperator.java:142)
	... 28 more
]]></error>
  </testcase>
  <testcase name="testListMultipartUploads" classname="org.apache.hadoop.ozone.s3.awssdk.v1.TestS3SDKV1WithRatisStreaming" time="0.225">
    <error message="Unable to execute HTTP request: Connect to 0.0.0.0:15050 [/0.0.0.0] failed: Connection refused" type="com.amazonaws.SdkClientException"><![CDATA[com.amazonaws.SdkClientException: Unable to execute HTTP request: Connect to 0.0.0.0:15050 [/0.0.0.0] failed: Connection refused
	at com.amazonaws.http.AmazonHttpClient$RequestExecutor.handleRetryableException(AmazonHttpClient.java:1219)
	at com.amazonaws.http.AmazonHttpClient$RequestExecutor.executeHelper(AmazonHttpClient.java:1165)
	at com.amazonaws.http.AmazonHttpClient$RequestExecutor.doExecute(AmazonHttpClient.java:814)
	at com.amazonaws.http.AmazonHttpClient$RequestExecutor.executeWithTimer(AmazonHttpClient.java:781)
	at com.amazonaws.http.AmazonHttpClient$RequestExecutor.execute(AmazonHttpClient.java:755)
	at com.amazonaws.http.AmazonHttpClient$RequestExecutor.access$500(AmazonHttpClient.java:715)
	at com.amazonaws.http.AmazonHttpClient$RequestExecutionBuilderImpl.execute(AmazonHttpClient.java:697)
	at com.amazonaws.http.AmazonHttpClient.execute(AmazonHttpClient.java:561)
	at com.amazonaws.http.AmazonHttpClient.execute(AmazonHttpClient.java:541)
	at com.amazonaws.services.s3.AmazonS3Client.invoke(AmazonS3Client.java:5520)
	at com.amazonaws.services.s3.AmazonS3Client.invoke(AmazonS3Client.java:5467)
	at com.amazonaws.services.s3.AmazonS3Client.createBucket(AmazonS3Client.java:1161)
	at com.amazonaws.services.s3.AmazonS3Client.createBucket(AmazonS3Client.java:1089)
	at org.apache.hadoop.ozone.s3.awssdk.v1.AbstractS3SDKV1Tests.testListMultipartUploads(AbstractS3SDKV1Tests.java:722)
	at java.base/java.lang.reflect.Method.invoke(Method.java:580)
	at java.base/java.util.ArrayList.forEach(ArrayList.java:1596)
	at java.base/java.util.ArrayList.forEach(ArrayList.java:1596)
Caused by: org.apache.http.conn.HttpHostConnectException: Connect to 0.0.0.0:15050 [/0.0.0.0] failed: Connection refused
	at org.apache.http.impl.conn.DefaultHttpClientConnectionOperator.connect(DefaultHttpClientConnectionOperator.java:156)
	at org.apache.http.impl.conn.PoolingHttpClientConnectionManager.connect(PoolingHttpClientConnectionManager.java:376)
	at java.base/java.lang.reflect.Method.invoke(Method.java:580)
	at com.amazonaws.http.conn.ClientConnectionManagerFactory$Handler.invoke(ClientConnectionManagerFactory.java:76)
	at com.amazonaws.http.conn.$Proxy147.connect(Unknown Source)
	at org.apache.http.impl.execchain.MainClientExec.establishRoute(MainClientExec.java:393)
	at org.apache.http.impl.execchain.MainClientExec.execute(MainClientExec.java:236)
	at org.apache.http.impl.execchain.ProtocolExec.execute(ProtocolExec.java:186)
	at org.apache.http.impl.client.InternalHttpClient.doExecute(InternalHttpClient.java:185)
	at org.apache.http.impl.client.CloseableHttpClient.execute(CloseableHttpClient.java:83)
	at org.apache.http.impl.client.CloseableHttpClient.execute(CloseableHttpClient.java:56)
	at com.amazonaws.http.apache.client.impl.SdkHttpClient.execute(SdkHttpClient.java:72)
	at com.amazonaws.http.AmazonHttpClient$RequestExecutor.executeOneRequest(AmazonHttpClient.java:1346)
	at com.amazonaws.http.AmazonHttpClient$RequestExecutor.executeHelper(AmazonHttpClient.java:1157)
	... 15 more
Caused by: java.net.ConnectException: Connection refused
	at java.base/sun.nio.ch.Net.pollConnect(Native Method)
	at java.base/sun.nio.ch.Net.pollConnectNow(Net.java:682)
	at java.base/sun.nio.ch.NioSocketImpl.timedFinishConnect(NioSocketImpl.java:549)
	at java.base/sun.nio.ch.NioSocketImpl.connect(NioSocketImpl.java:592)
	at java.base/java.net.SocksSocketImpl.connect(SocksSocketImpl.java:327)
	at java.base/java.net.Socket.connect(Socket.java:751)
	at org.apache.http.conn.socket.PlainConnectionSocketFactory.connectSocket(PlainConnectionSocketFactory.java:75)
	at org.apache.http.impl.conn.DefaultHttpClientConnectionOperator.connect(DefaultHttpClientConnectionOperator.java:142)
	... 28 more
]]></error>
  </testcase>
  <testcase name="testListMultipartUploadsPagination" classname="org.apache.hadoop.ozone.s3.awssdk.v1.TestS3SDKV1WithRatisStreaming" time="0.133">
    <error message="Unable to execute HTTP request: Connect to 0.0.0.0:15050 [/0.0.0.0] failed: Connection refused" type="com.amazonaws.SdkClientException"><![CDATA[com.amazonaws.SdkClientException: Unable to execute HTTP request: Connect to 0.0.0.0:15050 [/0.0.0.0] failed: Connection refused
	at com.amazonaws.http.AmazonHttpClient$RequestExecutor.handleRetryableException(AmazonHttpClient.java:1219)
	at com.amazonaws.http.AmazonHttpClient$RequestExecutor.executeHelper(AmazonHttpClient.java:1165)
	at com.amazonaws.http.AmazonHttpClient$RequestExecutor.doExecute(AmazonHttpClient.java:814)
	at com.amazonaws.http.AmazonHttpClient$RequestExecutor.executeWithTimer(AmazonHttpClient.java:781)
	at com.amazonaws.http.AmazonHttpClient$RequestExecutor.execute(AmazonHttpClient.java:755)
	at com.amazonaws.http.AmazonHttpClient$RequestExecutor.access$500(AmazonHttpClient.java:715)
	at com.amazonaws.http.AmazonHttpClient$RequestExecutionBuilderImpl.execute(AmazonHttpClient.java:697)
	at com.amazonaws.http.AmazonHttpClient.execute(AmazonHttpClient.java:561)
	at com.amazonaws.http.AmazonHttpClient.execute(AmazonHttpClient.java:541)
	at com.amazonaws.services.s3.AmazonS3Client.invoke(AmazonS3Client.java:5520)
	at com.amazonaws.services.s3.AmazonS3Client.invoke(AmazonS3Client.java:5467)
	at com.amazonaws.services.s3.AmazonS3Client.createBucket(AmazonS3Client.java:1161)
	at com.amazonaws.services.s3.AmazonS3Client.createBucket(AmazonS3Client.java:1089)
	at org.apache.hadoop.ozone.s3.awssdk.v1.AbstractS3SDKV1Tests.testListMultipartUploadsPagination(AbstractS3SDKV1Tests.java:750)
	at java.base/java.lang.reflect.Method.invoke(Method.java:580)
	at java.base/java.util.ArrayList.forEach(ArrayList.java:1596)
	at java.base/java.util.ArrayList.forEach(ArrayList.java:1596)
Caused by: org.apache.http.conn.HttpHostConnectException: Connect to 0.0.0.0:15050 [/0.0.0.0] failed: Connection refused
	at org.apache.http.impl.conn.DefaultHttpClientConnectionOperator.connect(DefaultHttpClientConnectionOperator.java:156)
	at org.apache.http.impl.conn.PoolingHttpClientConnectionManager.connect(PoolingHttpClientConnectionManager.java:376)
	at java.base/java.lang.reflect.Method.invoke(Method.java:580)
	at com.amazonaws.http.conn.ClientConnectionManagerFactory$Handler.invoke(ClientConnectionManagerFactory.java:76)
	at com.amazonaws.http.conn.$Proxy147.connect(Unknown Source)
	at org.apache.http.impl.execchain.MainClientExec.establishRoute(MainClientExec.java:393)
	at org.apache.http.impl.execchain.MainClientExec.execute(MainClientExec.java:236)
	at org.apache.http.impl.execchain.ProtocolExec.execute(ProtocolExec.java:186)
	at org.apache.http.impl.client.InternalHttpClient.doExecute(InternalHttpClient.java:185)
	at org.apache.http.impl.client.CloseableHttpClient.execute(CloseableHttpClient.java:83)
	at org.apache.http.impl.client.CloseableHttpClient.execute(CloseableHttpClient.java:56)
	at com.amazonaws.http.apache.client.impl.SdkHttpClient.execute(SdkHttpClient.java:72)
	at com.amazonaws.http.AmazonHttpClient$RequestExecutor.executeOneRequest(AmazonHttpClient.java:1346)
	at com.amazonaws.http.AmazonHttpClient$RequestExecutor.executeHelper(AmazonHttpClient.java:1157)
	... 15 more
Caused by: java.net.ConnectException: Connection refused
	at java.base/sun.nio.ch.Net.pollConnect(Native Method)
	at java.base/sun.nio.ch.Net.pollConnectNow(Net.java:682)
	at java.base/sun.nio.ch.NioSocketImpl.timedFinishConnect(NioSocketImpl.java:549)
	at java.base/sun.nio.ch.NioSocketImpl.connect(NioSocketImpl.java:592)
	at java.base/java.net.SocksSocketImpl.connect(SocksSocketImpl.java:327)
	at java.base/java.net.Socket.connect(Socket.java:751)
	at org.apache.http.conn.socket.PlainConnectionSocketFactory.connectSocket(PlainConnectionSocketFactory.java:75)
	at org.apache.http.impl.conn.DefaultHttpClientConnectionOperator.connect(DefaultHttpClientConnectionOperator.java:142)
	... 28 more
]]></error>
  </testcase>
  <testcase name="testListObjectsBucketNotExist" classname="org.apache.hadoop.ozone.s3.awssdk.v1.TestS3SDKV1WithRatisStreaming" time="0.595">
    <failure message="Unexpected exception type thrown, expected: &lt;com.amazonaws.AmazonServiceException&gt; but was: &lt;com.amazonaws.SdkClientException&gt;" type="org.opentest4j.AssertionFailedError"><![CDATA[org.opentest4j.AssertionFailedError: Unexpected exception type thrown, expected: <com.amazonaws.AmazonServiceException> but was: <com.amazonaws.SdkClientException>
	at org.apache.hadoop.ozone.s3.awssdk.v1.AbstractS3SDKV1Tests.testListObjectsBucketNotExist(AbstractS3SDKV1Tests.java:641)
	at java.base/java.lang.reflect.Method.invoke(Method.java:580)
	at java.base/java.util.ArrayList.forEach(ArrayList.java:1596)
	at java.base/java.util.ArrayList.forEach(ArrayList.java:1596)
Caused by: com.amazonaws.SdkClientException: Unable to execute HTTP request: Connect to 0.0.0.0:15050 [/0.0.0.0] failed: Connection refused
	at com.amazonaws.http.AmazonHttpClient$RequestExecutor.handleRetryableException(AmazonHttpClient.java:1219)
	at com.amazonaws.http.AmazonHttpClient$RequestExecutor.executeHelper(AmazonHttpClient.java:1165)
	at com.amazonaws.http.AmazonHttpClient$RequestExecutor.doExecute(AmazonHttpClient.java:814)
	at com.amazonaws.http.AmazonHttpClient$RequestExecutor.executeWithTimer(AmazonHttpClient.java:781)
	at com.amazonaws.http.AmazonHttpClient$RequestExecutor.execute(AmazonHttpClient.java:755)
	at com.amazonaws.http.AmazonHttpClient$RequestExecutor.access$500(AmazonHttpClient.java:715)
	at com.amazonaws.http.AmazonHttpClient$RequestExecutionBuilderImpl.execute(AmazonHttpClient.java:697)
	at com.amazonaws.http.AmazonHttpClient.execute(AmazonHttpClient.java:561)
	at com.amazonaws.http.AmazonHttpClient.execute(AmazonHttpClient.java:541)
	at com.amazonaws.services.s3.AmazonS3Client.invoke(AmazonS3Client.java:5520)
	at com.amazonaws.services.s3.AmazonS3Client.invoke(AmazonS3Client.java:5467)
	at com.amazonaws.services.s3.AmazonS3Client.listObjects(AmazonS3Client.java:949)
	at org.apache.hadoop.ozone.s3.awssdk.v1.AbstractS3SDKV1Tests.lambda$testListObjectsBucketNotExist$4(AbstractS3SDKV1Tests.java:642)
	... 4 more
Caused by: org.apache.http.conn.HttpHostConnectException: Connect to 0.0.0.0:15050 [/0.0.0.0] failed: Connection refused
	at org.apache.http.impl.conn.DefaultHttpClientConnectionOperator.connect(DefaultHttpClientConnectionOperator.java:156)
	at org.apache.http.impl.conn.PoolingHttpClientConnectionManager.connect(PoolingHttpClientConnectionManager.java:376)
	at java.base/java.lang.reflect.Method.invoke(Method.java:580)
	at com.amazonaws.http.conn.ClientConnectionManagerFactory$Handler.invoke(ClientConnectionManagerFactory.java:76)
	at com.amazonaws.http.conn.$Proxy147.connect(Unknown Source)
	at org.apache.http.impl.execchain.MainClientExec.establishRoute(MainClientExec.java:393)
	at org.apache.http.impl.execchain.MainClientExec.execute(MainClientExec.java:236)
	at org.apache.http.impl.execchain.ProtocolExec.execute(ProtocolExec.java:186)
	at org.apache.http.impl.client.InternalHttpClient.doExecute(InternalHttpClient.java:185)
	at org.apache.http.impl.client.CloseableHttpClient.execute(CloseableHttpClient.java:83)
	at org.apache.http.impl.client.CloseableHttpClient.execute(CloseableHttpClient.java:56)
	at com.amazonaws.http.apache.client.impl.SdkHttpClient.execute(SdkHttpClient.java:72)
	at com.amazonaws.http.AmazonHttpClient$RequestExecutor.executeOneRequest(AmazonHttpClient.java:1346)
	at com.amazonaws.http.AmazonHttpClient$RequestExecutor.executeHelper(AmazonHttpClient.java:1157)
	... 15 more
Caused by: java.net.ConnectException: Connection refused
	at java.base/sun.nio.ch.Net.pollConnect(Native Method)
	at java.base/sun.nio.ch.Net.pollConnectNow(Net.java:682)
	at java.base/sun.nio.ch.NioSocketImpl.timedFinishConnect(NioSocketImpl.java:549)
	at java.base/sun.nio.ch.NioSocketImpl.connect(NioSocketImpl.java:592)
	at java.base/java.net.SocksSocketImpl.connect(SocksSocketImpl.java:327)
	at java.base/java.net.Socket.connect(Socket.java:751)
	at org.apache.http.conn.socket.PlainConnectionSocketFactory.connectSocket(PlainConnectionSocketFactory.java:75)
	at org.apache.http.impl.conn.DefaultHttpClientConnectionOperator.connect(DefaultHttpClientConnectionOperator.java:142)
	... 28 more
]]></failure>
  </testcase>
  <testcase name="testListObjectsMany" classname="org.apache.hadoop.ozone.s3.awssdk.v1.TestS3SDKV1WithRatisStreaming" time="0.502">
    <error message="Unable to execute HTTP request: Connect to 0.0.0.0:15050 [/0.0.0.0] failed: Connection refused" type="com.amazonaws.SdkClientException"><![CDATA[com.amazonaws.SdkClientException: Unable to execute HTTP request: Connect to 0.0.0.0:15050 [/0.0.0.0] failed: Connection refused
	at com.amazonaws.http.AmazonHttpClient$RequestExecutor.handleRetryableException(AmazonHttpClient.java:1219)
	at com.amazonaws.http.AmazonHttpClient$RequestExecutor.executeHelper(AmazonHttpClient.java:1165)
	at com.amazonaws.http.AmazonHttpClient$RequestExecutor.doExecute(AmazonHttpClient.java:814)
	at com.amazonaws.http.AmazonHttpClient$RequestExecutor.executeWithTimer(AmazonHttpClient.java:781)
	at com.amazonaws.http.AmazonHttpClient$RequestExecutor.execute(AmazonHttpClient.java:755)
	at com.amazonaws.http.AmazonHttpClient$RequestExecutor.access$500(AmazonHttpClient.java:715)
	at com.amazonaws.http.AmazonHttpClient$RequestExecutionBuilderImpl.execute(AmazonHttpClient.java:697)
	at com.amazonaws.http.AmazonHttpClient.execute(AmazonHttpClient.java:561)
	at com.amazonaws.http.AmazonHttpClient.execute(AmazonHttpClient.java:541)
	at com.amazonaws.services.s3.AmazonS3Client.invoke(AmazonS3Client.java:5520)
	at com.amazonaws.services.s3.AmazonS3Client.invoke(AmazonS3Client.java:5467)
	at com.amazonaws.services.s3.AmazonS3Client.createBucket(AmazonS3Client.java:1161)
	at com.amazonaws.services.s3.AmazonS3Client.createBucket(AmazonS3Client.java:1089)
	at org.apache.hadoop.ozone.s3.awssdk.v1.AbstractS3SDKV1Tests.testListObjectsMany(AbstractS3SDKV1Tests.java:543)
	at org.apache.hadoop.ozone.s3.awssdk.v1.AbstractS3SDKV1Tests.testListObjectsMany(AbstractS3SDKV1Tests.java:533)
	at java.base/java.lang.reflect.Method.invoke(Method.java:580)
	at java.base/java.util.ArrayList.forEach(ArrayList.java:1596)
	at java.base/java.util.ArrayList.forEach(ArrayList.java:1596)
Caused by: org.apache.http.conn.HttpHostConnectException: Connect to 0.0.0.0:15050 [/0.0.0.0] failed: Connection refused
	at org.apache.http.impl.conn.DefaultHttpClientConnectionOperator.connect(DefaultHttpClientConnectionOperator.java:156)
	at org.apache.http.impl.conn.PoolingHttpClientConnectionManager.connect(PoolingHttpClientConnectionManager.java:376)
	at java.base/java.lang.reflect.Method.invoke(Method.java:580)
	at com.amazonaws.http.conn.ClientConnectionManagerFactory$Handler.invoke(ClientConnectionManagerFactory.java:76)
	at com.amazonaws.http.conn.$Proxy147.connect(Unknown Source)
	at org.apache.http.impl.execchain.MainClientExec.establishRoute(MainClientExec.java:393)
	at org.apache.http.impl.execchain.MainClientExec.execute(MainClientExec.java:236)
	at org.apache.http.impl.execchain.ProtocolExec.execute(ProtocolExec.java:186)
	at org.apache.http.impl.client.InternalHttpClient.doExecute(InternalHttpClient.java:185)
	at org.apache.http.impl.client.CloseableHttpClient.execute(CloseableHttpClient.java:83)
	at org.apache.http.impl.client.CloseableHttpClient.execute(CloseableHttpClient.java:56)
	at com.amazonaws.http.apache.client.impl.SdkHttpClient.execute(SdkHttpClient.java:72)
	at com.amazonaws.http.AmazonHttpClient$RequestExecutor.executeOneRequest(AmazonHttpClient.java:1346)
	at com.amazonaws.http.AmazonHttpClient$RequestExecutor.executeHelper(AmazonHttpClient.java:1157)
	... 16 more
Caused by: java.net.ConnectException: Connection refused
	at java.base/sun.nio.ch.Net.pollConnect(Native Method)
	at java.base/sun.nio.ch.Net.pollConnectNow(Net.java:682)
	at java.base/sun.nio.ch.NioSocketImpl.timedFinishConnect(NioSocketImpl.java:549)
	at java.base/sun.nio.ch.NioSocketImpl.connect(NioSocketImpl.java:592)
	at java.base/java.net.SocksSocketImpl.connect(SocksSocketImpl.java:327)
	at java.base/java.net.Socket.connect(Socket.java:751)
	at org.apache.http.conn.socket.PlainConnectionSocketFactory.connectSocket(PlainConnectionSocketFactory.java:75)
	at org.apache.http.impl.conn.DefaultHttpClientConnectionOperator.connect(DefaultHttpClientConnectionOperator.java:142)
	... 29 more
]]></error>
  </testcase>
  <testcase name="testListObjectsManyV2" classname="org.apache.hadoop.ozone.s3.awssdk.v1.TestS3SDKV1WithRatisStreaming" time="0.335">
    <error message="Unable to execute HTTP request: Connect to 0.0.0.0:15050 [/0.0.0.0] failed: Connection refused" type="com.amazonaws.SdkClientException"><![CDATA[com.amazonaws.SdkClientException: Unable to execute HTTP request: Connect to 0.0.0.0:15050 [/0.0.0.0] failed: Connection refused
	at com.amazonaws.http.AmazonHttpClient$RequestExecutor.handleRetryableException(AmazonHttpClient.java:1219)
	at com.amazonaws.http.AmazonHttpClient$RequestExecutor.executeHelper(AmazonHttpClient.java:1165)
	at com.amazonaws.http.AmazonHttpClient$RequestExecutor.doExecute(AmazonHttpClient.java:814)
	at com.amazonaws.http.AmazonHttpClient$RequestExecutor.executeWithTimer(AmazonHttpClient.java:781)
	at com.amazonaws.http.AmazonHttpClient$RequestExecutor.execute(AmazonHttpClient.java:755)
	at com.amazonaws.http.AmazonHttpClient$RequestExecutor.access$500(AmazonHttpClient.java:715)
	at com.amazonaws.http.AmazonHttpClient$RequestExecutionBuilderImpl.execute(AmazonHttpClient.java:697)
	at com.amazonaws.http.AmazonHttpClient.execute(AmazonHttpClient.java:561)
	at com.amazonaws.http.AmazonHttpClient.execute(AmazonHttpClient.java:541)
	at com.amazonaws.services.s3.AmazonS3Client.invoke(AmazonS3Client.java:5520)
	at com.amazonaws.services.s3.AmazonS3Client.invoke(AmazonS3Client.java:5467)
	at com.amazonaws.services.s3.AmazonS3Client.createBucket(AmazonS3Client.java:1161)
	at com.amazonaws.services.s3.AmazonS3Client.createBucket(AmazonS3Client.java:1089)
	at org.apache.hadoop.ozone.s3.awssdk.v1.AbstractS3SDKV1Tests.testListObjectsMany(AbstractS3SDKV1Tests.java:543)
	at org.apache.hadoop.ozone.s3.awssdk.v1.AbstractS3SDKV1Tests.testListObjectsManyV2(AbstractS3SDKV1Tests.java:538)
	at java.base/java.lang.reflect.Method.invoke(Method.java:580)
	at java.base/java.util.ArrayList.forEach(ArrayList.java:1596)
	at java.base/java.util.ArrayList.forEach(ArrayList.java:1596)
Caused by: org.apache.http.conn.HttpHostConnectException: Connect to 0.0.0.0:15050 [/0.0.0.0] failed: Connection refused
	at org.apache.http.impl.conn.DefaultHttpClientConnectionOperator.connect(DefaultHttpClientConnectionOperator.java:156)
	at org.apache.http.impl.conn.PoolingHttpClientConnectionManager.connect(PoolingHttpClientConnectionManager.java:376)
	at java.base/java.lang.reflect.Method.invoke(Method.java:580)
	at com.amazonaws.http.conn.ClientConnectionManagerFactory$Handler.invoke(ClientConnectionManagerFactory.java:76)
	at com.amazonaws.http.conn.$Proxy147.connect(Unknown Source)
	at org.apache.http.impl.execchain.MainClientExec.establishRoute(MainClientExec.java:393)
	at org.apache.http.impl.execchain.MainClientExec.execute(MainClientExec.java:236)
	at org.apache.http.impl.execchain.ProtocolExec.execute(ProtocolExec.java:186)
	at org.apache.http.impl.client.InternalHttpClient.doExecute(InternalHttpClient.java:185)
	at org.apache.http.impl.client.CloseableHttpClient.execute(CloseableHttpClient.java:83)
	at org.apache.http.impl.client.CloseableHttpClient.execute(CloseableHttpClient.java:56)
	at com.amazonaws.http.apache.client.impl.SdkHttpClient.execute(SdkHttpClient.java:72)
	at com.amazonaws.http.AmazonHttpClient$RequestExecutor.executeOneRequest(AmazonHttpClient.java:1346)
	at com.amazonaws.http.AmazonHttpClient$RequestExecutor.executeHelper(AmazonHttpClient.java:1157)
	... 16 more
Caused by: java.net.ConnectException: Connection refused
	at java.base/sun.nio.ch.Net.pollConnect(Native Method)
	at java.base/sun.nio.ch.Net.pollConnectNow(Net.java:682)
	at java.base/sun.nio.ch.NioSocketImpl.timedFinishConnect(NioSocketImpl.java:549)
	at java.base/sun.nio.ch.NioSocketImpl.connect(NioSocketImpl.java:592)
	at java.base/java.net.SocksSocketImpl.connect(SocksSocketImpl.java:327)
	at java.base/java.net.Socket.connect(Socket.java:751)
	at org.apache.http.conn.socket.PlainConnectionSocketFactory.connectSocket(PlainConnectionSocketFactory.java:75)
	at org.apache.http.impl.conn.DefaultHttpClientConnectionOperator.connect(DefaultHttpClientConnectionOperator.java:142)
	... 29 more
]]></error>
  </testcase>
  <testcase name="testListObjectsV2BucketNotExist" classname="org.apache.hadoop.ozone.s3.awssdk.v1.TestS3SDKV1WithRatisStreaming" time="0.536">
    <failure message="Unexpected exception type thrown, expected: &lt;com.amazonaws.AmazonServiceException&gt; but was: &lt;com.amazonaws.SdkClientException&gt;" type="org.opentest4j.AssertionFailedError"><![CDATA[org.opentest4j.AssertionFailedError: Unexpected exception type thrown, expected: <com.amazonaws.AmazonServiceException> but was: <com.amazonaws.SdkClientException>
	at org.apache.hadoop.ozone.s3.awssdk.v1.AbstractS3SDKV1Tests.testListObjectsV2BucketNotExist(AbstractS3SDKV1Tests.java:653)
	at java.base/java.lang.reflect.Method.invoke(Method.java:580)
	at java.base/java.util.ArrayList.forEach(ArrayList.java:1596)
	at java.base/java.util.ArrayList.forEach(ArrayList.java:1596)
Caused by: com.amazonaws.SdkClientException: Unable to execute HTTP request: Connect to 0.0.0.0:15050 [/0.0.0.0] failed: Connection refused
	at com.amazonaws.http.AmazonHttpClient$RequestExecutor.handleRetryableException(AmazonHttpClient.java:1219)
	at com.amazonaws.http.AmazonHttpClient$RequestExecutor.executeHelper(AmazonHttpClient.java:1165)
	at com.amazonaws.http.AmazonHttpClient$RequestExecutor.doExecute(AmazonHttpClient.java:814)
	at com.amazonaws.http.AmazonHttpClient$RequestExecutor.executeWithTimer(AmazonHttpClient.java:781)
	at com.amazonaws.http.AmazonHttpClient$RequestExecutor.execute(AmazonHttpClient.java:755)
	at com.amazonaws.http.AmazonHttpClient$RequestExecutor.access$500(AmazonHttpClient.java:715)
	at com.amazonaws.http.AmazonHttpClient$RequestExecutionBuilderImpl.execute(AmazonHttpClient.java:697)
	at com.amazonaws.http.AmazonHttpClient.execute(AmazonHttpClient.java:561)
	at com.amazonaws.http.AmazonHttpClient.execute(AmazonHttpClient.java:541)
	at com.amazonaws.services.s3.AmazonS3Client.invoke(AmazonS3Client.java:5520)
	at com.amazonaws.services.s3.AmazonS3Client.invoke(AmazonS3Client.java:5467)
	at com.amazonaws.services.s3.AmazonS3Client.listObjectsV2(AmazonS3Client.java:1001)
	at org.apache.hadoop.ozone.s3.awssdk.v1.AbstractS3SDKV1Tests.lambda$testListObjectsV2BucketNotExist$5(AbstractS3SDKV1Tests.java:654)
	... 4 more
Caused by: org.apache.http.conn.HttpHostConnectException: Connect to 0.0.0.0:15050 [/0.0.0.0] failed: Connection refused
	at org.apache.http.impl.conn.DefaultHttpClientConnectionOperator.connect(DefaultHttpClientConnectionOperator.java:156)
	at org.apache.http.impl.conn.PoolingHttpClientConnectionManager.connect(PoolingHttpClientConnectionManager.java:376)
	at java.base/java.lang.reflect.Method.invoke(Method.java:580)
	at com.amazonaws.http.conn.ClientConnectionManagerFactory$Handler.invoke(ClientConnectionManagerFactory.java:76)
	at com.amazonaws.http.conn.$Proxy147.connect(Unknown Source)
	at org.apache.http.impl.execchain.MainClientExec.establishRoute(MainClientExec.java:393)
	at org.apache.http.impl.execchain.MainClientExec.execute(MainClientExec.java:236)
	at org.apache.http.impl.execchain.ProtocolExec.execute(ProtocolExec.java:186)
	at org.apache.http.impl.client.InternalHttpClient.doExecute(InternalHttpClient.java:185)
	at org.apache.http.impl.client.CloseableHttpClient.execute(CloseableHttpClient.java:83)
	at org.apache.http.impl.client.CloseableHttpClient.execute(CloseableHttpClient.java:56)
	at com.amazonaws.http.apache.client.impl.SdkHttpClient.execute(SdkHttpClient.java:72)
	at com.amazonaws.http.AmazonHttpClient$RequestExecutor.executeOneRequest(AmazonHttpClient.java:1346)
	at com.amazonaws.http.AmazonHttpClient$RequestExecutor.executeHelper(AmazonHttpClient.java:1157)
	... 15 more
Caused by: java.net.ConnectException: Connection refused
	at java.base/sun.nio.ch.Net.pollConnect(Native Method)
	at java.base/sun.nio.ch.Net.pollConnectNow(Net.java:682)
	at java.base/sun.nio.ch.NioSocketImpl.timedFinishConnect(NioSocketImpl.java:549)
	at java.base/sun.nio.ch.NioSocketImpl.connect(NioSocketImpl.java:592)
	at java.base/java.net.SocksSocketImpl.connect(SocksSocketImpl.java:327)
	at java.base/java.net.Socket.connect(Socket.java:751)
	at org.apache.http.conn.socket.PlainConnectionSocketFactory.connectSocket(PlainConnectionSocketFactory.java:75)
	at org.apache.http.impl.conn.DefaultHttpClientConnectionOperator.connect(DefaultHttpClientConnectionOperator.java:142)
	... 28 more
]]></failure>
  </testcase>
  <testcase name="testListParts(Path)" classname="org.apache.hadoop.ozone.s3.awssdk.v1.TestS3SDKV1WithRatisStreaming" time="0.593">
    <error message="Unable to execute HTTP request: Connect to 0.0.0.0:15050 [/0.0.0.0] failed: Connection refused" type="com.amazonaws.SdkClientException"><![CDATA[com.amazonaws.SdkClientException: Unable to execute HTTP request: Connect to 0.0.0.0:15050 [/0.0.0.0] failed: Connection refused
	at com.amazonaws.http.AmazonHttpClient$RequestExecutor.handleRetryableException(AmazonHttpClient.java:1219)
	at com.amazonaws.http.AmazonHttpClient$RequestExecutor.executeHelper(AmazonHttpClient.java:1165)
	at com.amazonaws.http.AmazonHttpClient$RequestExecutor.doExecute(AmazonHttpClient.java:814)
	at com.amazonaws.http.AmazonHttpClient$RequestExecutor.executeWithTimer(AmazonHttpClient.java:781)
	at com.amazonaws.http.AmazonHttpClient$RequestExecutor.execute(AmazonHttpClient.java:755)
	at com.amazonaws.http.AmazonHttpClient$RequestExecutor.access$500(AmazonHttpClient.java:715)
	at com.amazonaws.http.AmazonHttpClient$RequestExecutionBuilderImpl.execute(AmazonHttpClient.java:697)
	at com.amazonaws.http.AmazonHttpClient.execute(AmazonHttpClient.java:561)
	at com.amazonaws.http.AmazonHttpClient.execute(AmazonHttpClient.java:541)
	at com.amazonaws.services.s3.AmazonS3Client.invoke(AmazonS3Client.java:5520)
	at com.amazonaws.services.s3.AmazonS3Client.invoke(AmazonS3Client.java:5467)
	at com.amazonaws.services.s3.AmazonS3Client.createBucket(AmazonS3Client.java:1161)
	at com.amazonaws.services.s3.AmazonS3Client.createBucket(AmazonS3Client.java:1089)
	at org.apache.hadoop.ozone.s3.awssdk.v1.AbstractS3SDKV1Tests.testListParts(AbstractS3SDKV1Tests.java:845)
	at java.base/java.lang.reflect.Method.invoke(Method.java:580)
	at java.base/java.util.ArrayList.forEach(ArrayList.java:1596)
	at java.base/java.util.ArrayList.forEach(ArrayList.java:1596)
Caused by: org.apache.http.conn.HttpHostConnectException: Connect to 0.0.0.0:15050 [/0.0.0.0] failed: Connection refused
	at org.apache.http.impl.conn.DefaultHttpClientConnectionOperator.connect(DefaultHttpClientConnectionOperator.java:156)
	at org.apache.http.impl.conn.PoolingHttpClientConnectionManager.connect(PoolingHttpClientConnectionManager.java:376)
	at java.base/java.lang.reflect.Method.invoke(Method.java:580)
	at com.amazonaws.http.conn.ClientConnectionManagerFactory$Handler.invoke(ClientConnectionManagerFactory.java:76)
	at com.amazonaws.http.conn.$Proxy147.connect(Unknown Source)
	at org.apache.http.impl.execchain.MainClientExec.establishRoute(MainClientExec.java:393)
	at org.apache.http.impl.execchain.MainClientExec.execute(MainClientExec.java:236)
	at org.apache.http.impl.execchain.ProtocolExec.execute(ProtocolExec.java:186)
	at org.apache.http.impl.client.InternalHttpClient.doExecute(InternalHttpClient.java:185)
	at org.apache.http.impl.client.CloseableHttpClient.execute(CloseableHttpClient.java:83)
	at org.apache.http.impl.client.CloseableHttpClient.execute(CloseableHttpClient.java:56)
	at com.amazonaws.http.apache.client.impl.SdkHttpClient.execute(SdkHttpClient.java:72)
	at com.amazonaws.http.AmazonHttpClient$RequestExecutor.executeOneRequest(AmazonHttpClient.java:1346)
	at com.amazonaws.http.AmazonHttpClient$RequestExecutor.executeHelper(AmazonHttpClient.java:1157)
	... 15 more
Caused by: java.net.ConnectException: Connection refused
	at java.base/sun.nio.ch.Net.pollConnect(Native Method)
	at java.base/sun.nio.ch.Net.pollConnectNow(Net.java:682)
	at java.base/sun.nio.ch.NioSocketImpl.timedFinishConnect(NioSocketImpl.java:549)
	at java.base/sun.nio.ch.NioSocketImpl.connect(NioSocketImpl.java:592)
	at java.base/java.net.SocksSocketImpl.connect(SocksSocketImpl.java:327)
	at java.base/java.net.Socket.connect(Socket.java:751)
	at org.apache.http.conn.socket.PlainConnectionSocketFactory.connectSocket(PlainConnectionSocketFactory.java:75)
	at org.apache.http.impl.conn.DefaultHttpClientConnectionOperator.connect(DefaultHttpClientConnectionOperator.java:142)
	... 28 more
]]></error>
  </testcase>
  <testcase name="testListPartsNotFound" classname="org.apache.hadoop.ozone.s3.awssdk.v1.TestS3SDKV1WithRatisStreaming" time="0.557">
    <error message="Unable to execute HTTP request: Connect to 0.0.0.0:15050 [/0.0.0.0] failed: Connection refused" type="com.amazonaws.SdkClientException"><![CDATA[com.amazonaws.SdkClientException: Unable to execute HTTP request: Connect to 0.0.0.0:15050 [/0.0.0.0] failed: Connection refused
	at com.amazonaws.http.AmazonHttpClient$RequestExecutor.handleRetryableException(AmazonHttpClient.java:1219)
	at com.amazonaws.http.AmazonHttpClient$RequestExecutor.executeHelper(AmazonHttpClient.java:1165)
	at com.amazonaws.http.AmazonHttpClient$RequestExecutor.doExecute(AmazonHttpClient.java:814)
	at com.amazonaws.http.AmazonHttpClient$RequestExecutor.executeWithTimer(AmazonHttpClient.java:781)
	at com.amazonaws.http.AmazonHttpClient$RequestExecutor.execute(AmazonHttpClient.java:755)
	at com.amazonaws.http.AmazonHttpClient$RequestExecutor.access$500(AmazonHttpClient.java:715)
	at com.amazonaws.http.AmazonHttpClient$RequestExecutionBuilderImpl.execute(AmazonHttpClient.java:697)
	at com.amazonaws.http.AmazonHttpClient.execute(AmazonHttpClient.java:561)
	at com.amazonaws.http.AmazonHttpClient.execute(AmazonHttpClient.java:541)
	at com.amazonaws.services.s3.AmazonS3Client.invoke(AmazonS3Client.java:5520)
	at com.amazonaws.services.s3.AmazonS3Client.invoke(AmazonS3Client.java:5467)
	at com.amazonaws.services.s3.AmazonS3Client.createBucket(AmazonS3Client.java:1161)
	at com.amazonaws.services.s3.AmazonS3Client.createBucket(AmazonS3Client.java:1089)
	at org.apache.hadoop.ozone.s3.awssdk.v1.AbstractS3SDKV1Tests.testListPartsNotFound(AbstractS3SDKV1Tests.java:947)
	at java.base/java.lang.reflect.Method.invoke(Method.java:580)
	at java.base/java.util.ArrayList.forEach(ArrayList.java:1596)
	at java.base/java.util.ArrayList.forEach(ArrayList.java:1596)
Caused by: org.apache.http.conn.HttpHostConnectException: Connect to 0.0.0.0:15050 [/0.0.0.0] failed: Connection refused
	at org.apache.http.impl.conn.DefaultHttpClientConnectionOperator.connect(DefaultHttpClientConnectionOperator.java:156)
	at org.apache.http.impl.conn.PoolingHttpClientConnectionManager.connect(PoolingHttpClientConnectionManager.java:376)
	at java.base/java.lang.reflect.Method.invoke(Method.java:580)
	at com.amazonaws.http.conn.ClientConnectionManagerFactory$Handler.invoke(ClientConnectionManagerFactory.java:76)
	at com.amazonaws.http.conn.$Proxy147.connect(Unknown Source)
	at org.apache.http.impl.execchain.MainClientExec.establishRoute(MainClientExec.java:393)
	at org.apache.http.impl.execchain.MainClientExec.execute(MainClientExec.java:236)
	at org.apache.http.impl.execchain.ProtocolExec.execute(ProtocolExec.java:186)
	at org.apache.http.impl.client.InternalHttpClient.doExecute(InternalHttpClient.java:185)
	at org.apache.http.impl.client.CloseableHttpClient.execute(CloseableHttpClient.java:83)
	at org.apache.http.impl.client.CloseableHttpClient.execute(CloseableHttpClient.java:56)
	at com.amazonaws.http.apache.client.impl.SdkHttpClient.execute(SdkHttpClient.java:72)
	at com.amazonaws.http.AmazonHttpClient$RequestExecutor.executeOneRequest(AmazonHttpClient.java:1346)
	at com.amazonaws.http.AmazonHttpClient$RequestExecutor.executeHelper(AmazonHttpClient.java:1157)
	... 15 more
Caused by: java.net.ConnectException: Connection refused
	at java.base/sun.nio.ch.Net.pollConnect(Native Method)
	at java.base/sun.nio.ch.Net.pollConnectNow(Net.java:682)
	at java.base/sun.nio.ch.NioSocketImpl.timedFinishConnect(NioSocketImpl.java:549)
	at java.base/sun.nio.ch.NioSocketImpl.connect(NioSocketImpl.java:592)
	at java.base/java.net.SocksSocketImpl.connect(SocksSocketImpl.java:327)
	at java.base/java.net.Socket.connect(Socket.java:751)
	at org.apache.http.conn.socket.PlainConnectionSocketFactory.connectSocket(PlainConnectionSocketFactory.java:75)
	at org.apache.http.impl.conn.DefaultHttpClientConnectionOperator.connect(DefaultHttpClientConnectionOperator.java:142)
	... 28 more
]]></error>
  </testcase>
  <testcase name="testLowLevelMultipartUpload(Path)" classname="org.apache.hadoop.ozone.s3.awssdk.v1.TestS3SDKV1WithRatisStreaming" time="0.417">
    <error message="Unable to execute HTTP request: Connect to 0.0.0.0:15050 [/0.0.0.0] failed: Connection refused" type="com.amazonaws.SdkClientException"><![CDATA[com.amazonaws.SdkClientException: Unable to execute HTTP request: Connect to 0.0.0.0:15050 [/0.0.0.0] failed: Connection refused
	at com.amazonaws.http.AmazonHttpClient$RequestExecutor.handleRetryableException(AmazonHttpClient.java:1219)
	at com.amazonaws.http.AmazonHttpClient$RequestExecutor.executeHelper(AmazonHttpClient.java:1165)
	at com.amazonaws.http.AmazonHttpClient$RequestExecutor.doExecute(AmazonHttpClient.java:814)
	at com.amazonaws.http.AmazonHttpClient$RequestExecutor.executeWithTimer(AmazonHttpClient.java:781)
	at com.amazonaws.http.AmazonHttpClient$RequestExecutor.execute(AmazonHttpClient.java:755)
	at com.amazonaws.http.AmazonHttpClient$RequestExecutor.access$500(AmazonHttpClient.java:715)
	at com.amazonaws.http.AmazonHttpClient$RequestExecutionBuilderImpl.execute(AmazonHttpClient.java:697)
	at com.amazonaws.http.AmazonHttpClient.execute(AmazonHttpClient.java:561)
	at com.amazonaws.http.AmazonHttpClient.execute(AmazonHttpClient.java:541)
	at com.amazonaws.services.s3.AmazonS3Client.invoke(AmazonS3Client.java:5520)
	at com.amazonaws.services.s3.AmazonS3Client.invoke(AmazonS3Client.java:5467)
	at com.amazonaws.services.s3.AmazonS3Client.createBucket(AmazonS3Client.java:1161)
	at com.amazonaws.services.s3.AmazonS3Client.createBucket(AmazonS3Client.java:1089)
	at org.apache.hadoop.ozone.s3.awssdk.v1.AbstractS3SDKV1Tests.testLowLevelMultipartUpload(AbstractS3SDKV1Tests.java:699)
	at java.base/java.lang.reflect.Method.invoke(Method.java:580)
	at java.base/java.util.ArrayList.forEach(ArrayList.java:1596)
	at java.base/java.util.ArrayList.forEach(ArrayList.java:1596)
Caused by: org.apache.http.conn.HttpHostConnectException: Connect to 0.0.0.0:15050 [/0.0.0.0] failed: Connection refused
	at org.apache.http.impl.conn.DefaultHttpClientConnectionOperator.connect(DefaultHttpClientConnectionOperator.java:156)
	at org.apache.http.impl.conn.PoolingHttpClientConnectionManager.connect(PoolingHttpClientConnectionManager.java:376)
	at java.base/java.lang.reflect.Method.invoke(Method.java:580)
	at com.amazonaws.http.conn.ClientConnectionManagerFactory$Handler.invoke(ClientConnectionManagerFactory.java:76)
	at com.amazonaws.http.conn.$Proxy147.connect(Unknown Source)
	at org.apache.http.impl.execchain.MainClientExec.establishRoute(MainClientExec.java:393)
	at org.apache.http.impl.execchain.MainClientExec.execute(MainClientExec.java:236)
	at org.apache.http.impl.execchain.ProtocolExec.execute(ProtocolExec.java:186)
	at org.apache.http.impl.client.InternalHttpClient.doExecute(InternalHttpClient.java:185)
	at org.apache.http.impl.client.CloseableHttpClient.execute(CloseableHttpClient.java:83)
	at org.apache.http.impl.client.CloseableHttpClient.execute(CloseableHttpClient.java:56)
	at com.amazonaws.http.apache.client.impl.SdkHttpClient.execute(SdkHttpClient.java:72)
	at com.amazonaws.http.AmazonHttpClient$RequestExecutor.executeOneRequest(AmazonHttpClient.java:1346)
	at com.amazonaws.http.AmazonHttpClient$RequestExecutor.executeHelper(AmazonHttpClient.java:1157)
	... 15 more
Caused by: java.net.ConnectException: Connection refused
	at java.base/sun.nio.ch.Net.pollConnect(Native Method)
	at java.base/sun.nio.ch.Net.pollConnectNow(Net.java:682)
	at java.base/sun.nio.ch.NioSocketImpl.timedFinishConnect(NioSocketImpl.java:549)
	at java.base/sun.nio.ch.NioSocketImpl.connect(NioSocketImpl.java:592)
	at java.base/java.net.SocksSocketImpl.connect(SocksSocketImpl.java:327)
	at java.base/java.net.Socket.connect(Socket.java:751)
	at org.apache.http.conn.socket.PlainConnectionSocketFactory.connectSocket(PlainConnectionSocketFactory.java:75)
	at org.apache.http.impl.conn.DefaultHttpClientConnectionOperator.connect(DefaultHttpClientConnectionOperator.java:142)
	... 28 more
]]></error>
  </testcase>
  <testcase name="testPutDoubleSlashPrefixObject" classname="org.apache.hadoop.ozone.s3.awssdk.v1.TestS3SDKV1WithRatisStreaming" time="0.656">
    <error message="Unable to execute HTTP request: Connect to 0.0.0.0:15050 [/0.0.0.0] failed: Connection refused" type="com.amazonaws.SdkClientException"><![CDATA[com.amazonaws.SdkClientException: Unable to execute HTTP request: Connect to 0.0.0.0:15050 [/0.0.0.0] failed: Connection refused
	at com.amazonaws.http.AmazonHttpClient$RequestExecutor.handleRetryableException(AmazonHttpClient.java:1219)
	at com.amazonaws.http.AmazonHttpClient$RequestExecutor.executeHelper(AmazonHttpClient.java:1165)
	at com.amazonaws.http.AmazonHttpClient$RequestExecutor.doExecute(AmazonHttpClient.java:814)
	at com.amazonaws.http.AmazonHttpClient$RequestExecutor.executeWithTimer(AmazonHttpClient.java:781)
	at com.amazonaws.http.AmazonHttpClient$RequestExecutor.execute(AmazonHttpClient.java:755)
	at com.amazonaws.http.AmazonHttpClient$RequestExecutor.access$500(AmazonHttpClient.java:715)
	at com.amazonaws.http.AmazonHttpClient$RequestExecutionBuilderImpl.execute(AmazonHttpClient.java:697)
	at com.amazonaws.http.AmazonHttpClient.execute(AmazonHttpClient.java:561)
	at com.amazonaws.http.AmazonHttpClient.execute(AmazonHttpClient.java:541)
	at com.amazonaws.services.s3.AmazonS3Client.invoke(AmazonS3Client.java:5520)
	at com.amazonaws.services.s3.AmazonS3Client.invoke(AmazonS3Client.java:5467)
	at com.amazonaws.services.s3.AmazonS3Client.access$300(AmazonS3Client.java:422)
	at com.amazonaws.services.s3.AmazonS3Client$PutObjectStrategy.invokeServiceCall(AmazonS3Client.java:6601)
	at com.amazonaws.services.s3.AmazonS3Client.uploadObject(AmazonS3Client.java:1891)
	at com.amazonaws.services.s3.AmazonS3Client.putObject(AmazonS3Client.java:1851)
	at com.amazonaws.services.s3.AmazonS3Client.putObject(AmazonS3Client.java:1783)
	at org.apache.hadoop.ozone.s3.awssdk.v1.AbstractS3SDKV1Tests.testPutDoubleSlashPrefixObject(AbstractS3SDKV1Tests.java:388)
	at java.base/java.lang.reflect.Method.invoke(Method.java:580)
	at java.base/java.util.ArrayList.forEach(ArrayList.java:1596)
	at java.base/java.util.ArrayList.forEach(ArrayList.java:1596)
Caused by: org.apache.http.conn.HttpHostConnectException: Connect to 0.0.0.0:15050 [/0.0.0.0] failed: Connection refused
	at org.apache.http.impl.conn.DefaultHttpClientConnectionOperator.connect(DefaultHttpClientConnectionOperator.java:156)
	at org.apache.http.impl.conn.PoolingHttpClientConnectionManager.connect(PoolingHttpClientConnectionManager.java:376)
	at java.base/java.lang.reflect.Method.invoke(Method.java:580)
	at com.amazonaws.http.conn.ClientConnectionManagerFactory$Handler.invoke(ClientConnectionManagerFactory.java:76)
	at com.amazonaws.http.conn.$Proxy147.connect(Unknown Source)
	at org.apache.http.impl.execchain.MainClientExec.establishRoute(MainClientExec.java:393)
	at org.apache.http.impl.execchain.MainClientExec.execute(MainClientExec.java:236)
	at org.apache.http.impl.execchain.ProtocolExec.execute(ProtocolExec.java:186)
	at org.apache.http.impl.client.InternalHttpClient.doExecute(InternalHttpClient.java:185)
	at org.apache.http.impl.client.CloseableHttpClient.execute(CloseableHttpClient.java:83)
	at org.apache.http.impl.client.CloseableHttpClient.execute(CloseableHttpClient.java:56)
	at com.amazonaws.http.apache.client.impl.SdkHttpClient.execute(SdkHttpClient.java:72)
	at com.amazonaws.http.AmazonHttpClient$RequestExecutor.executeOneRequest(AmazonHttpClient.java:1346)
	at com.amazonaws.http.AmazonHttpClient$RequestExecutor.executeHelper(AmazonHttpClient.java:1157)
	... 18 more
Caused by: java.net.ConnectException: Connection refused
	at java.base/sun.nio.ch.Net.pollConnect(Native Method)
	at java.base/sun.nio.ch.Net.pollConnectNow(Net.java:682)
	at java.base/sun.nio.ch.NioSocketImpl.timedFinishConnect(NioSocketImpl.java:549)
	at java.base/sun.nio.ch.NioSocketImpl.connect(NioSocketImpl.java:592)
	at java.base/java.net.SocksSocketImpl.connect(SocksSocketImpl.java:327)
	at java.base/java.net.Socket.connect(Socket.java:751)
	at org.apache.http.conn.socket.PlainConnectionSocketFactory.connectSocket(PlainConnectionSocketFactory.java:75)
	at org.apache.http.impl.conn.DefaultHttpClientConnectionOperator.connect(DefaultHttpClientConnectionOperator.java:142)
	... 31 more
]]></error>
    <system-out><![CDATA[2025-05-12 14:23:34,663 [om1-OMStateMachineApplyTransactionThread - 0] INFO  bucket.OMBucketCreateRequest (OMBucketCreateRequest.java:validateAndUpdateCache(292)) - created bucket: testputdoubleslashprefixobjectbucket of layout FILE_SYSTEM_OPTIMIZED in volume: s3v
2025-05-12 14:23:34,668 [main] WARN  s3.AmazonS3Client (AmazonS3Client.java:getInputStream(1982)) - No content length specified for stream data.  Stream contents will be buffered in memory and could result in out of memory errors.
]]></system-out>
  </testcase>
  <testcase name="testPutObject" classname="org.apache.hadoop.ozone.s3.awssdk.v1.TestS3SDKV1WithRatisStreaming" time="0.26">
    <error message="Unable to execute HTTP request: Connect to 0.0.0.0:15050 [/0.0.0.0] failed: Connection refused" type="com.amazonaws.SdkClientException"><![CDATA[com.amazonaws.SdkClientException: Unable to execute HTTP request: Connect to 0.0.0.0:15050 [/0.0.0.0] failed: Connection refused
	at com.amazonaws.http.AmazonHttpClient$RequestExecutor.handleRetryableException(AmazonHttpClient.java:1219)
	at com.amazonaws.http.AmazonHttpClient$RequestExecutor.executeHelper(AmazonHttpClient.java:1165)
	at com.amazonaws.http.AmazonHttpClient$RequestExecutor.doExecute(AmazonHttpClient.java:814)
	at com.amazonaws.http.AmazonHttpClient$RequestExecutor.executeWithTimer(AmazonHttpClient.java:781)
	at com.amazonaws.http.AmazonHttpClient$RequestExecutor.execute(AmazonHttpClient.java:755)
	at com.amazonaws.http.AmazonHttpClient$RequestExecutor.access$500(AmazonHttpClient.java:715)
	at com.amazonaws.http.AmazonHttpClient$RequestExecutionBuilderImpl.execute(AmazonHttpClient.java:697)
	at com.amazonaws.http.AmazonHttpClient.execute(AmazonHttpClient.java:561)
	at com.amazonaws.http.AmazonHttpClient.execute(AmazonHttpClient.java:541)
	at com.amazonaws.services.s3.AmazonS3Client.invoke(AmazonS3Client.java:5520)
	at com.amazonaws.services.s3.AmazonS3Client.invoke(AmazonS3Client.java:5467)
	at com.amazonaws.services.s3.AmazonS3Client.createBucket(AmazonS3Client.java:1161)
	at com.amazonaws.services.s3.AmazonS3Client.createBucket(AmazonS3Client.java:1089)
	at org.apache.hadoop.ozone.s3.awssdk.v1.AbstractS3SDKV1Tests.testPutObject(AbstractS3SDKV1Tests.java:362)
	at java.base/java.lang.reflect.Method.invoke(Method.java:580)
	at java.base/java.util.ArrayList.forEach(ArrayList.java:1596)
	at java.base/java.util.ArrayList.forEach(ArrayList.java:1596)
Caused by: org.apache.http.conn.HttpHostConnectException: Connect to 0.0.0.0:15050 [/0.0.0.0] failed: Connection refused
	at org.apache.http.impl.conn.DefaultHttpClientConnectionOperator.connect(DefaultHttpClientConnectionOperator.java:156)
	at org.apache.http.impl.conn.PoolingHttpClientConnectionManager.connect(PoolingHttpClientConnectionManager.java:376)
	at java.base/java.lang.reflect.Method.invoke(Method.java:580)
	at com.amazonaws.http.conn.ClientConnectionManagerFactory$Handler.invoke(ClientConnectionManagerFactory.java:76)
	at com.amazonaws.http.conn.$Proxy147.connect(Unknown Source)
	at org.apache.http.impl.execchain.MainClientExec.establishRoute(MainClientExec.java:393)
	at org.apache.http.impl.execchain.MainClientExec.execute(MainClientExec.java:236)
	at org.apache.http.impl.execchain.ProtocolExec.execute(ProtocolExec.java:186)
	at org.apache.http.impl.client.InternalHttpClient.doExecute(InternalHttpClient.java:185)
	at org.apache.http.impl.client.CloseableHttpClient.execute(CloseableHttpClient.java:83)
	at org.apache.http.impl.client.CloseableHttpClient.execute(CloseableHttpClient.java:56)
	at com.amazonaws.http.apache.client.impl.SdkHttpClient.execute(SdkHttpClient.java:72)
	at com.amazonaws.http.AmazonHttpClient$RequestExecutor.executeOneRequest(AmazonHttpClient.java:1346)
	at com.amazonaws.http.AmazonHttpClient$RequestExecutor.executeHelper(AmazonHttpClient.java:1157)
	... 15 more
Caused by: java.net.ConnectException: Connection refused
	at java.base/sun.nio.ch.Net.pollConnect(Native Method)
	at java.base/sun.nio.ch.Net.pollConnectNow(Net.java:682)
	at java.base/sun.nio.ch.NioSocketImpl.timedFinishConnect(NioSocketImpl.java:549)
	at java.base/sun.nio.ch.NioSocketImpl.connect(NioSocketImpl.java:592)
	at java.base/java.net.SocksSocketImpl.connect(SocksSocketImpl.java:327)
	at java.base/java.net.Socket.connect(Socket.java:751)
	at org.apache.http.conn.socket.PlainConnectionSocketFactory.connectSocket(PlainConnectionSocketFactory.java:75)
	at org.apache.http.impl.conn.DefaultHttpClientConnectionOperator.connect(DefaultHttpClientConnectionOperator.java:142)
	... 28 more
]]></error>
  </testcase>
  <testcase name="testPutObjectACL" classname="org.apache.hadoop.ozone.s3.awssdk.v1.TestS3SDKV1WithRatisStreaming" time="0.549">
    <error message="Unable to execute HTTP request: Connect to 0.0.0.0:15050 [/0.0.0.0] failed: Connection refused" type="com.amazonaws.SdkClientException"><![CDATA[com.amazonaws.SdkClientException: Unable to execute HTTP request: Connect to 0.0.0.0:15050 [/0.0.0.0] failed: Connection refused
	at com.amazonaws.http.AmazonHttpClient$RequestExecutor.handleRetryableException(AmazonHttpClient.java:1219)
	at com.amazonaws.http.AmazonHttpClient$RequestExecutor.executeHelper(AmazonHttpClient.java:1165)
	at com.amazonaws.http.AmazonHttpClient$RequestExecutor.doExecute(AmazonHttpClient.java:814)
	at com.amazonaws.http.AmazonHttpClient$RequestExecutor.executeWithTimer(AmazonHttpClient.java:781)
	at com.amazonaws.http.AmazonHttpClient$RequestExecutor.execute(AmazonHttpClient.java:755)
	at com.amazonaws.http.AmazonHttpClient$RequestExecutor.access$500(AmazonHttpClient.java:715)
	at com.amazonaws.http.AmazonHttpClient$RequestExecutionBuilderImpl.execute(AmazonHttpClient.java:697)
	at com.amazonaws.http.AmazonHttpClient.execute(AmazonHttpClient.java:561)
	at com.amazonaws.http.AmazonHttpClient.execute(AmazonHttpClient.java:541)
	at com.amazonaws.services.s3.AmazonS3Client.invoke(AmazonS3Client.java:5520)
	at com.amazonaws.services.s3.AmazonS3Client.invoke(AmazonS3Client.java:5467)
	at com.amazonaws.services.s3.AmazonS3Client.createBucket(AmazonS3Client.java:1161)
	at com.amazonaws.services.s3.AmazonS3Client.createBucket(AmazonS3Client.java:1089)
	at org.apache.hadoop.ozone.s3.awssdk.v1.AbstractS3SDKV1Tests.testPutObjectACL(AbstractS3SDKV1Tests.java:414)
	at java.base/java.lang.reflect.Method.invoke(Method.java:580)
	at java.base/java.util.ArrayList.forEach(ArrayList.java:1596)
	at java.base/java.util.ArrayList.forEach(ArrayList.java:1596)
Caused by: org.apache.http.conn.HttpHostConnectException: Connect to 0.0.0.0:15050 [/0.0.0.0] failed: Connection refused
	at org.apache.http.impl.conn.DefaultHttpClientConnectionOperator.connect(DefaultHttpClientConnectionOperator.java:156)
	at org.apache.http.impl.conn.PoolingHttpClientConnectionManager.connect(PoolingHttpClientConnectionManager.java:376)
	at java.base/java.lang.reflect.Method.invoke(Method.java:580)
	at com.amazonaws.http.conn.ClientConnectionManagerFactory$Handler.invoke(ClientConnectionManagerFactory.java:76)
	at com.amazonaws.http.conn.$Proxy147.connect(Unknown Source)
	at org.apache.http.impl.execchain.MainClientExec.establishRoute(MainClientExec.java:393)
	at org.apache.http.impl.execchain.MainClientExec.execute(MainClientExec.java:236)
	at org.apache.http.impl.execchain.ProtocolExec.execute(ProtocolExec.java:186)
	at org.apache.http.impl.client.InternalHttpClient.doExecute(InternalHttpClient.java:185)
	at org.apache.http.impl.client.CloseableHttpClient.execute(CloseableHttpClient.java:83)
	at org.apache.http.impl.client.CloseableHttpClient.execute(CloseableHttpClient.java:56)
	at com.amazonaws.http.apache.client.impl.SdkHttpClient.execute(SdkHttpClient.java:72)
	at com.amazonaws.http.AmazonHttpClient$RequestExecutor.executeOneRequest(AmazonHttpClient.java:1346)
	at com.amazonaws.http.AmazonHttpClient$RequestExecutor.executeHelper(AmazonHttpClient.java:1157)
	... 15 more
Caused by: java.net.ConnectException: Connection refused
	at java.base/sun.nio.ch.Net.pollConnect(Native Method)
	at java.base/sun.nio.ch.Net.pollConnectNow(Net.java:682)
	at java.base/sun.nio.ch.NioSocketImpl.timedFinishConnect(NioSocketImpl.java:549)
	at java.base/sun.nio.ch.NioSocketImpl.connect(NioSocketImpl.java:592)
	at java.base/java.net.SocksSocketImpl.connect(SocksSocketImpl.java:327)
	at java.base/java.net.Socket.connect(Socket.java:751)
	at org.apache.http.conn.socket.PlainConnectionSocketFactory.connectSocket(PlainConnectionSocketFactory.java:75)
	at org.apache.http.impl.conn.DefaultHttpClientConnectionOperator.connect(DefaultHttpClientConnectionOperator.java:142)
	... 28 more
]]></error>
  </testcase>
  <testcase name="testPutObjectEmpty" classname="org.apache.hadoop.ozone.s3.awssdk.v1.TestS3SDKV1WithRatisStreaming" time="0.122">
    <error message="Unable to execute HTTP request: Connect to 0.0.0.0:15050 [/0.0.0.0] failed: Connection refused" type="com.amazonaws.SdkClientException"><![CDATA[com.amazonaws.SdkClientException: Unable to execute HTTP request: Connect to 0.0.0.0:15050 [/0.0.0.0] failed: Connection refused
	at com.amazonaws.http.AmazonHttpClient$RequestExecutor.handleRetryableException(AmazonHttpClient.java:1219)
	at com.amazonaws.http.AmazonHttpClient$RequestExecutor.executeHelper(AmazonHttpClient.java:1165)
	at com.amazonaws.http.AmazonHttpClient$RequestExecutor.doExecute(AmazonHttpClient.java:814)
	at com.amazonaws.http.AmazonHttpClient$RequestExecutor.executeWithTimer(AmazonHttpClient.java:781)
	at com.amazonaws.http.AmazonHttpClient$RequestExecutor.execute(AmazonHttpClient.java:755)
	at com.amazonaws.http.AmazonHttpClient$RequestExecutor.access$500(AmazonHttpClient.java:715)
	at com.amazonaws.http.AmazonHttpClient$RequestExecutionBuilderImpl.execute(AmazonHttpClient.java:697)
	at com.amazonaws.http.AmazonHttpClient.execute(AmazonHttpClient.java:561)
	at com.amazonaws.http.AmazonHttpClient.execute(AmazonHttpClient.java:541)
	at com.amazonaws.services.s3.AmazonS3Client.invoke(AmazonS3Client.java:5520)
	at com.amazonaws.services.s3.AmazonS3Client.invoke(AmazonS3Client.java:5467)
	at com.amazonaws.services.s3.AmazonS3Client.createBucket(AmazonS3Client.java:1161)
	at com.amazonaws.services.s3.AmazonS3Client.createBucket(AmazonS3Client.java:1089)
	at org.apache.hadoop.ozone.s3.awssdk.v1.AbstractS3SDKV1Tests.testPutObjectEmpty(AbstractS3SDKV1Tests.java:400)
	at java.base/java.lang.reflect.Method.invoke(Method.java:580)
	at java.base/java.util.ArrayList.forEach(ArrayList.java:1596)
	at java.base/java.util.ArrayList.forEach(ArrayList.java:1596)
Caused by: org.apache.http.conn.HttpHostConnectException: Connect to 0.0.0.0:15050 [/0.0.0.0] failed: Connection refused
	at org.apache.http.impl.conn.DefaultHttpClientConnectionOperator.connect(DefaultHttpClientConnectionOperator.java:156)
	at org.apache.http.impl.conn.PoolingHttpClientConnectionManager.connect(PoolingHttpClientConnectionManager.java:376)
	at java.base/java.lang.reflect.Method.invoke(Method.java:580)
	at com.amazonaws.http.conn.ClientConnectionManagerFactory$Handler.invoke(ClientConnectionManagerFactory.java:76)
	at com.amazonaws.http.conn.$Proxy147.connect(Unknown Source)
	at org.apache.http.impl.execchain.MainClientExec.establishRoute(MainClientExec.java:393)
	at org.apache.http.impl.execchain.MainClientExec.execute(MainClientExec.java:236)
	at org.apache.http.impl.execchain.ProtocolExec.execute(ProtocolExec.java:186)
	at org.apache.http.impl.client.InternalHttpClient.doExecute(InternalHttpClient.java:185)
	at org.apache.http.impl.client.CloseableHttpClient.execute(CloseableHttpClient.java:83)
	at org.apache.http.impl.client.CloseableHttpClient.execute(CloseableHttpClient.java:56)
	at com.amazonaws.http.apache.client.impl.SdkHttpClient.execute(SdkHttpClient.java:72)
	at com.amazonaws.http.AmazonHttpClient$RequestExecutor.executeOneRequest(AmazonHttpClient.java:1346)
	at com.amazonaws.http.AmazonHttpClient$RequestExecutor.executeHelper(AmazonHttpClient.java:1157)
	... 15 more
Caused by: java.net.ConnectException: Connection refused
	at java.base/sun.nio.ch.Net.pollConnect(Native Method)
	at java.base/sun.nio.ch.Net.pollConnectNow(Net.java:682)
	at java.base/sun.nio.ch.NioSocketImpl.timedFinishConnect(NioSocketImpl.java:549)
	at java.base/sun.nio.ch.NioSocketImpl.connect(NioSocketImpl.java:592)
	at java.base/java.net.SocksSocketImpl.connect(SocksSocketImpl.java:327)
	at java.base/java.net.Socket.connect(Socket.java:751)
	at org.apache.http.conn.socket.PlainConnectionSocketFactory.connectSocket(PlainConnectionSocketFactory.java:75)
	at org.apache.http.impl.conn.DefaultHttpClientConnectionOperator.connect(DefaultHttpClientConnectionOperator.java:142)
	... 28 more
]]></error>
  </testcase>
  <testcase name="testQuotaExceeded" classname="org.apache.hadoop.ozone.s3.awssdk.v1.TestS3SDKV1WithRatisStreaming" time="0.117">
    <error message="Unable to execute HTTP request: Connect to 0.0.0.0:15050 [/0.0.0.0] failed: Connection refused" type="com.amazonaws.SdkClientException"><![CDATA[com.amazonaws.SdkClientException: Unable to execute HTTP request: Connect to 0.0.0.0:15050 [/0.0.0.0] failed: Connection refused
	at com.amazonaws.http.AmazonHttpClient$RequestExecutor.handleRetryableException(AmazonHttpClient.java:1219)
	at com.amazonaws.http.AmazonHttpClient$RequestExecutor.executeHelper(AmazonHttpClient.java:1165)
	at com.amazonaws.http.AmazonHttpClient$RequestExecutor.doExecute(AmazonHttpClient.java:814)
	at com.amazonaws.http.AmazonHttpClient$RequestExecutor.executeWithTimer(AmazonHttpClient.java:781)
	at com.amazonaws.http.AmazonHttpClient$RequestExecutor.execute(AmazonHttpClient.java:755)
	at com.amazonaws.http.AmazonHttpClient$RequestExecutor.access$500(AmazonHttpClient.java:715)
	at com.amazonaws.http.AmazonHttpClient$RequestExecutionBuilderImpl.execute(AmazonHttpClient.java:697)
	at com.amazonaws.http.AmazonHttpClient.execute(AmazonHttpClient.java:561)
	at com.amazonaws.http.AmazonHttpClient.execute(AmazonHttpClient.java:541)
	at com.amazonaws.services.s3.AmazonS3Client.invoke(AmazonS3Client.java:5520)
	at com.amazonaws.services.s3.AmazonS3Client.invoke(AmazonS3Client.java:5467)
	at com.amazonaws.services.s3.AmazonS3Client.createBucket(AmazonS3Client.java:1161)
	at com.amazonaws.services.s3.AmazonS3Client.createBucket(AmazonS3Client.java:1089)
	at org.apache.hadoop.ozone.s3.awssdk.v1.AbstractS3SDKV1Tests.testQuotaExceeded(AbstractS3SDKV1Tests.java:965)
	at java.base/java.lang.reflect.Method.invoke(Method.java:580)
	at java.base/java.util.ArrayList.forEach(ArrayList.java:1596)
	at java.base/java.util.ArrayList.forEach(ArrayList.java:1596)
Caused by: org.apache.http.conn.HttpHostConnectException: Connect to 0.0.0.0:15050 [/0.0.0.0] failed: Connection refused
	at org.apache.http.impl.conn.DefaultHttpClientConnectionOperator.connect(DefaultHttpClientConnectionOperator.java:156)
	at org.apache.http.impl.conn.PoolingHttpClientConnectionManager.connect(PoolingHttpClientConnectionManager.java:376)
	at java.base/java.lang.reflect.Method.invoke(Method.java:580)
	at com.amazonaws.http.conn.ClientConnectionManagerFactory$Handler.invoke(ClientConnectionManagerFactory.java:76)
	at com.amazonaws.http.conn.$Proxy147.connect(Unknown Source)
	at org.apache.http.impl.execchain.MainClientExec.establishRoute(MainClientExec.java:393)
	at org.apache.http.impl.execchain.MainClientExec.execute(MainClientExec.java:236)
	at org.apache.http.impl.execchain.ProtocolExec.execute(ProtocolExec.java:186)
	at org.apache.http.impl.client.InternalHttpClient.doExecute(InternalHttpClient.java:185)
	at org.apache.http.impl.client.CloseableHttpClient.execute(CloseableHttpClient.java:83)
	at org.apache.http.impl.client.CloseableHttpClient.execute(CloseableHttpClient.java:56)
	at com.amazonaws.http.apache.client.impl.SdkHttpClient.execute(SdkHttpClient.java:72)
	at com.amazonaws.http.AmazonHttpClient$RequestExecutor.executeOneRequest(AmazonHttpClient.java:1346)
	at com.amazonaws.http.AmazonHttpClient$RequestExecutor.executeHelper(AmazonHttpClient.java:1157)
	... 15 more
Caused by: java.net.ConnectException: Connection refused
	at java.base/sun.nio.ch.Net.pollConnect(Native Method)
	at java.base/sun.nio.ch.Net.pollConnectNow(Net.java:682)
	at java.base/sun.nio.ch.NioSocketImpl.timedFinishConnect(NioSocketImpl.java:549)
	at java.base/sun.nio.ch.NioSocketImpl.connect(NioSocketImpl.java:592)
	at java.base/java.net.SocksSocketImpl.connect(SocksSocketImpl.java:327)
	at java.base/java.net.Socket.connect(Socket.java:751)
	at org.apache.http.conn.socket.PlainConnectionSocketFactory.connectSocket(PlainConnectionSocketFactory.java:75)
	at org.apache.http.impl.conn.DefaultHttpClientConnectionOperator.connect(DefaultHttpClientConnectionOperator.java:142)
	... 28 more
]]></error>
  </testcase>
</testsuite>