<?xml version="1.0" encoding="UTF-8"?>
<testsuite xmlns:xsi="http://www.w3.org/2001/XMLSchema-instance" xsi:noNamespaceSchemaLocation="https://maven.apache.org/surefire/maven-surefire-plugin/xsd/surefire-test-report.xsd" version="3.0.2" name="org.apache.hadoop.ozone.s3.awssdk.v2.TestS3SDKV2WithRatisStreaming" time="23.348" tests="5" errors="5" skipped="0" failures="0">
  <properties>
    <property name="java.specification.version" value="21"/>
    <property name="sun.jnu.encoding" value="UTF-8"/>
    <property name="java.class.path" value="/home/runner/work/ozone/ozone/hadoop-ozone/integration-test-s3/target/test-classes:/home/runner/work/ozone/ozone/hadoop-ozone/integration-test-s3/target/classes:/home/runner/.m2/repository/com/amazonaws/aws-java-sdk-core/1.12.661/aws-java-sdk-core-1.12.661.jar:/home/runner/.m2/repository/commons-codec/commons-codec/1.17.1/commons-codec-1.17.1.jar:/home/runner/.m2/repository/org/apache/httpcomponents/httpclient/4.5.14/httpclient-4.5.14.jar:/home/runner/.m2/repository/com/fasterxml/jackson/core/jackson-databind/2.16.2/jackson-databind-2.16.2.jar:/home/runner/.m2/repository/com/fasterxml/jackson/dataformat/jackson-dataformat-cbor/2.16.2/jackson-dataformat-cbor-2.16.2.jar:/home/runner/.m2/repository/joda-time/joda-time/2.12.7/joda-time-2.12.7.jar:/home/runner/.m2/repository/com/amazonaws/aws-java-sdk-s3/1.12.661/aws-java-sdk-s3-1.12.661.jar:/home/runner/.m2/repository/com/amazonaws/aws-java-sdk-kms/1.12.661/aws-java-sdk-kms-1.12.661.jar:/home/runner/.m2/repository/com/amazonaws/jmespath-java/1.12.661/jmespath-java-1.12.661.jar:/home/runner/.m2/repository/jakarta/xml/bind/jakarta.xml.bind-api/2.3.3/jakarta.xml.bind-api-2.3.3.jar:/home/runner/.m2/repository/jakarta/activation/jakarta.activation-api/1.2.2/jakarta.activation-api-1.2.2.jar:/home/runner/.m2/repository/org/apache/commons/commons-lang3/3.17.0/commons-lang3-3.17.0.jar:/home/runner/work/ozone/ozone/hadoop-hdds/common/target/hdds-common-2.1.0-SNAPSHOT.jar:/home/runner/.m2/repository/com/fasterxml/jackson/core/jackson-annotations/2.16.2/jackson-annotations-2.16.2.jar:/home/runner/.m2/repository/com/fasterxml/jackson/core/jackson-core/2.16.2/jackson-core-2.16.2.jar:/home/runner/.m2/repository/com/fasterxml/jackson/datatype/jackson-datatype-jsr310/2.16.2/jackson-datatype-jsr310-2.16.2.jar:/home/runner/.m2/repository/com/github/stephenc/jcip/jcip-annotations/1.0-1/jcip-annotations-1.0-1.jar:/home/runner/.m2/repository/com/google/guava/guava/32.1.3-jre/guava-32.1.3-jre.jar:/home/runner/.m2/repository/com/google/guava/failureaccess/1.0.1/failureaccess-1.0.1.jar:/home/runner/.m2/repository/com/google/guava/listenablefuture/9999.0-empty-to-avoid-conflict-with-guava/listenablefuture-9999.0-empty-to-avoid-conflict-with-guava.jar:/home/runner/.m2/repository/org/checkerframework/checker-qual/3.37.0/checker-qual-3.37.0.jar:/home/runner/.m2/repository/com/google/errorprone/error_prone_annotations/2.29.2/error_prone_annotations-2.29.2.jar:/home/runner/.m2/repository/com/google/j2objc/j2objc-annotations/2.8/j2objc-annotations-2.8.jar:/home/runner/.m2/repository/com/google/protobuf/protobuf-java/2.5.0/protobuf-java-2.5.0.jar:/home/runner/.m2/repository/commons-collections/commons-collections/3.2.2/commons-collections-3.2.2.jar:/home/runner/.m2/repository/commons-io/commons-io/2.18.0/commons-io-2.18.0.jar:/home/runner/.m2/repository/commons-validator/commons-validator/1.6/commons-validator-1.6.jar:/home/runner/.m2/repository/commons-beanutils/commons-beanutils/1.9.4/commons-beanutils-1.9.4.jar:/home/runner/.m2/repository/commons-digester/commons-digester/1.8.1/commons-digester-1.8.1.jar:/home/runner/.m2/repository/info/picocli/picocli/4.7.7/picocli-4.7.7.jar:/home/runner/.m2/repository/io/dropwizard/metrics/metrics-core/3.2.6/metrics-core-3.2.6.jar:/home/runner/.m2/repository/io/jaegertracing/jaeger-client/1.8.1/jaeger-client-1.8.1.jar:/home/runner/.m2/repository/io/jaegertracing/jaeger-thrift/1.8.1/jaeger-thrift-1.8.1.jar:/home/runner/.m2/repository/org/apache/thrift/libthrift/0.15.0/libthrift-0.15.0.jar:/home/runner/.m2/repository/com/squareup/okhttp3/okhttp/4.12.0/okhttp-4.12.0.jar:/home/runner/.m2/repository/com/squareup/okio/okio/3.6.0/okio-3.6.0.jar:/home/runner/.m2/repository/com/squareup/okio/okio-jvm/3.6.0/okio-jvm-3.6.0.jar:/home/runner/.m2/repository/org/jetbrains/kotlin/kotlin-stdlib-common/1.9.25/kotlin-stdlib-common-1.9.25.jar:/home/runner/.m2/repository/org/jetbrains/kotlin/kotlin-stdlib-jdk8/1.9.25/kotlin-stdlib-jdk8-1.9.25.jar:/home/runner/.m2/repository/org/jetbrains/kotlin/kotlin-stdlib-jdk7/1.9.25/kotlin-stdlib-jdk7-1.9.25.jar:/home/runner/.m2/repository/io/jaegertracing/jaeger-tracerresolver/1.8.1/jaeger-tracerresolver-1.8.1.jar:/home/runner/.m2/repository/io/opentracing/contrib/opentracing-tracerresolver/0.1.8/opentracing-tracerresolver-0.1.8.jar:/home/runner/.m2/repository/io/jaegertracing/jaeger-core/1.8.1/jaeger-core-1.8.1.jar:/home/runner/.m2/repository/io/opentracing/opentracing-api/0.33.0/opentracing-api-0.33.0.jar:/home/runner/.m2/repository/io/opentracing/opentracing-util/0.33.0/opentracing-util-0.33.0.jar:/home/runner/.m2/repository/jakarta/annotation/jakarta.annotation-api/2.1.1/jakarta.annotation-api-2.1.1.jar:/home/runner/.m2/repository/javax/annotation/javax.annotation-api/1.3.2/javax.annotation-api-1.3.2.jar:/home/runner/.m2/repository/org/apache/hadoop/hadoop-common/3.4.1/hadoop-common-3.4.1.jar:/home/runner/.m2/repository/org/apache/hadoop/thirdparty/hadoop-shaded-protobuf_3_25/1.4.0/hadoop-shaded-protobuf_3_25-1.4.0.jar:/home/runner/.m2/repository/org/apache/hadoop/hadoop-annotations/3.4.1/hadoop-annotations-3.4.1.jar:/home/runner/.m2/repository/org/apache/hadoop/thirdparty/hadoop-shaded-guava/1.3.0/hadoop-shaded-guava-1.3.0.jar:/home/runner/.m2/repository/org/codehaus/jettison/jettison/1.5.4/jettison-1.5.4.jar:/home/runner/.m2/repository/org/apache/commons/commons-text/1.12.0/commons-text-1.12.0.jar:/home/runner/.m2/repository/com/google/re2j/re2j/1.7/re2j-1.7.jar:/home/runner/.m2/repository/io/netty/netty-handler/4.1.109.Final/netty-handler-4.1.109.Final.jar:/home/runner/.m2/repository/io/netty/netty-transport-native-unix-common/4.1.109.Final/netty-transport-native-unix-common-4.1.109.Final.jar:/home/runner/.m2/repository/io/netty/netty-transport-native-epoll/4.1.109.Final/netty-transport-native-epoll-4.1.109.Final.jar:/home/runner/.m2/repository/org/codehaus/woodstox/stax2-api/4.2.1/stax2-api-4.2.1.jar:/home/runner/.m2/repository/com/fasterxml/woodstox/woodstox-core/5.4.0/woodstox-core-5.4.0.jar:/home/runner/work/ozone/ozone/hadoop-hdds/annotations/target/hdds-annotation-processing-2.1.0-SNAPSHOT.jar:/home/runner/work/ozone/ozone/hadoop-hdds/interface-admin/target/hdds-interface-admin-2.1.0-SNAPSHOT.jar:/home/runner/work/ozone/ozone/hadoop-hdds/interface-client/target/hdds-interface-client-2.1.0-SNAPSHOT.jar:/home/runner/.m2/repository/org/apache/ratis/ratis-client/3.1.2/ratis-client-3.1.2.jar:/home/runner/.m2/repository/org/apache/ratis/ratis-grpc/3.1.2/ratis-grpc-3.1.2.jar:/home/runner/.m2/repository/org/apache/ratis/ratis-metrics-dropwizard3/3.1.2/ratis-metrics-dropwizard3-3.1.2.jar:/home/runner/.m2/repository/org/apache/ratis/ratis-netty/3.1.2/ratis-netty-3.1.2.jar:/home/runner/.m2/repository/org/apache/ratis/ratis-proto/3.1.2/ratis-proto-3.1.2.jar:/home/runner/.m2/repository/org/apache/ratis/ratis-server-api/3.1.2/ratis-server-api-3.1.2.jar:/home/runner/.m2/repository/org/apache/ratis/ratis-thirdparty-misc/1.0.6/ratis-thirdparty-misc-1.0.6.jar:/home/runner/.m2/repository/org/bouncycastle/bcpkix-jdk18on/1.80/bcpkix-jdk18on-1.80.jar:/home/runner/.m2/repository/org/bouncycastle/bcprov-jdk18on/1.80/bcprov-jdk18on-1.80.jar:/home/runner/.m2/repository/org/bouncycastle/bcutil-jdk18on/1.80/bcutil-jdk18on-1.80.jar:/home/runner/.m2/repository/org/jetbrains/kotlin/kotlin-stdlib/1.9.25/kotlin-stdlib-1.9.25.jar:/home/runner/.m2/repository/org/jetbrains/annotations/13.0/annotations-13.0.jar:/home/runner/.m2/repository/org/reflections/reflections/0.10.2/reflections-0.10.2.jar:/home/runner/.m2/repository/org/slf4j/jcl-over-slf4j/2.0.17/jcl-over-slf4j-2.0.17.jar:/home/runner/.m2/repository/org/yaml/snakeyaml/2.0/snakeyaml-2.0.jar:/home/runner/.m2/repository/org/slf4j/slf4j-reload4j/2.0.17/slf4j-reload4j-2.0.17.jar:/home/runner/work/ozone/ozone/hadoop-hdds/config/target/hdds-config-2.1.0-SNAPSHOT.jar:/home/runner/work/ozone/ozone/hadoop-hdds/framework/target/hdds-server-framework-2.1.0-SNAPSHOT.jar:/home/runner/.m2/repository/ch/qos/reload4j/reload4j/1.2.26/reload4j-1.2.26.jar:/home/runner/.m2/repository/com/github/jnr/jnr-constants/0.10.4/jnr-constants-0.10.4.jar:/home/runner/.m2/repository/com/github/jnr/jnr-posix/3.1.20/jnr-posix-3.1.20.jar:/home/runner/.m2/repository/com/github/jnr/jnr-ffi/2.2.17/jnr-ffi-2.2.17.jar:/home/runner/.m2/repository/com/github/jnr/jffi/1.3.13/jffi-1.3.13.jar:/home/runner/.m2/repository/com/github/jnr/jffi/1.3.13/jffi-1.3.13-native.jar:/home/runner/.m2/repository/org/ow2/asm/asm/9.7.1/asm-9.7.1.jar:/home/runner/.m2/repository/org/ow2/asm/asm-commons/9.7.1/asm-commons-9.7.1.jar:/home/runner/.m2/repository/org/ow2/asm/asm-analysis/9.7.1/asm-analysis-9.7.1.jar:/home/runner/.m2/repository/org/ow2/asm/asm-tree/9.7.1/asm-tree-9.7.1.jar:/home/runner/.m2/repository/org/ow2/asm/asm-util/9.7.1/asm-util-9.7.1.jar:/home/runner/.m2/repository/com/github/jnr/jnr-a64asm/1.0.0/jnr-a64asm-1.0.0.jar:/home/runner/.m2/repository/com/github/jnr/jnr-x86asm/1.0.2/jnr-x86asm-1.0.2.jar:/home/runner/.m2/repository/com/google/code/gson/gson/2.10.1/gson-2.10.1.jar:/home/runner/.m2/repository/commons-fileupload/commons-fileupload/1.5/commons-fileupload-1.5.jar:/home/runner/.m2/repository/io/grpc/grpc-api/1.58.0/grpc-api-1.58.0.jar:/home/runner/.m2/repository/io/prometheus/simpleclient/0.16.0/simpleclient-0.16.0.jar:/home/runner/.m2/repository/io/prometheus/simpleclient_common/0.16.0/simpleclient_common-0.16.0.jar:/home/runner/.m2/repository/io/prometheus/simpleclient_dropwizard/0.16.0/simpleclient_dropwizard-0.16.0.jar:/home/runner/.m2/repository/jakarta/ws/rs/jakarta.ws.rs-api/2.1.6/jakarta.ws.rs-api-2.1.6.jar:/home/runner/.m2/repository/javax/servlet/javax.servlet-api/3.1.0/javax.servlet-api-3.1.0.jar:/home/runner/.m2/repository/org/apache/commons/commons-compress/1.27.1/commons-compress-1.27.1.jar:/home/runner/.m2/repository/org/apache/commons/commons-configuration2/2.11.0/commons-configuration2-2.11.0.jar:/home/runner/.m2/repository/org/apache/hadoop/hadoop-auth/3.4.1/hadoop-auth-3.4.1.jar:/home/runner/.m2/repository/org/apache/logging/log4j/log4j-api/2.24.2/log4j-api-2.24.2.jar:/home/runner/.m2/repository/org/apache/logging/log4j/log4j-core/2.24.2/log4j-core-2.24.2.jar:/home/runner/work/ozone/ozone/hadoop-hdds/interface-server/target/hdds-interface-server-2.1.0-SNAPSHOT.jar:/home/runner/work/ozone/ozone/hadoop-hdds/managed-rocksdb/target/hdds-managed-rocksdb-2.1.0-SNAPSHOT.jar:/home/runner/work/ozone/ozone/hadoop-hdds/rocksdb-checkpoint-differ/target/rocksdb-checkpoint-differ-2.1.0-SNAPSHOT.jar:/home/runner/.m2/repository/com/github/vlsi/mxgraph/jgraphx/3.9.12/jgraphx-3.9.12.jar:/home/runner/work/ozone/ozone/hadoop-hdds/rocks-native/target/hdds-rocks-native-2.1.0-SNAPSHOT.jar:/home/runner/.m2/repository/org/jgrapht/jgrapht-core/1.4.0/jgrapht-core-1.4.0.jar:/home/runner/.m2/repository/org/jheaps/jheaps/0.11/jheaps-0.11.jar:/home/runner/.m2/repository/org/jgrapht/jgrapht-ext/1.4.0/jgrapht-ext-1.4.0.jar:/home/runner/.m2/repository/org/apache/ratis/ratis-metrics-api/3.1.2/ratis-metrics-api-3.1.2.jar:/home/runner/.m2/repository/org/apache/ratis/ratis-server/3.1.2/ratis-server-3.1.2.jar:/home/runner/.m2/repository/org/eclipse/jetty/jetty-http/9.4.57.v20241219/jetty-http-9.4.57.v20241219.jar:/home/runner/.m2/repository/org/eclipse/jetty/jetty-io/9.4.57.v20241219/jetty-io-9.4.57.v20241219.jar:/home/runner/.m2/repository/org/eclipse/jetty/jetty-server/9.4.57.v20241219/jetty-server-9.4.57.v20241219.jar:/home/runner/.m2/repository/org/eclipse/jetty/jetty-servlet/9.4.57.v20241219/jetty-servlet-9.4.57.v20241219.jar:/home/runner/.m2/repository/org/eclipse/jetty/jetty-security/9.4.57.v20241219/jetty-security-9.4.57.v20241219.jar:/home/runner/.m2/repository/org/eclipse/jetty/jetty-util-ajax/9.4.57.v20241219/jetty-util-ajax-9.4.57.v20241219.jar:/home/runner/.m2/repository/org/eclipse/jetty/jetty-util/9.4.57.v20241219/jetty-util-9.4.57.v20241219.jar:/home/runner/.m2/repository/org/eclipse/jetty/jetty-webapp/9.4.57.v20241219/jetty-webapp-9.4.57.v20241219.jar:/home/runner/.m2/repository/org/eclipse/jetty/jetty-xml/9.4.57.v20241219/jetty-xml-9.4.57.v20241219.jar:/home/runner/.m2/repository/org/glassfish/jersey/containers/jersey-container-servlet-core/2.46/jersey-container-servlet-core-2.46.jar:/home/runner/.m2/repository/org/glassfish/hk2/external/jakarta.inject/2.6.1/jakarta.inject-2.6.1.jar:/home/runner/.m2/repository/org/glassfish/jersey/core/jersey-server/2.46/jersey-server-2.46.jar:/home/runner/.m2/repository/org/glassfish/jersey/core/jersey-client/2.46/jersey-client-2.46.jar:/home/runner/.m2/repository/jakarta/validation/jakarta.validation-api/2.0.2/jakarta.validation-api-2.0.2.jar:/home/runner/.m2/repository/org/rocksdb/rocksdbjni/7.7.3/rocksdbjni-7.7.3.jar:/home/runner/.m2/repository/com/lmax/disruptor/3.4.4/disruptor-3.4.4.jar:/home/runner/.m2/repository/com/nimbusds/nimbus-jose-jwt/9.40/nimbus-jose-jwt-9.40.jar:/home/runner/.m2/repository/commons-cli/commons-cli/1.8.0/commons-cli-1.8.0.jar:/home/runner/.m2/repository/log4j/apache-log4j-extras/1.2.17/apache-log4j-extras-1.2.17.jar:/home/runner/.m2/repository/org/apache/kerby/kerb-core/1.0.1/kerb-core-1.0.1.jar:/home/runner/.m2/repository/org/apache/kerby/kerby-pkix/1.0.1/kerby-pkix-1.0.1.jar:/home/runner/.m2/repository/org/apache/kerby/kerby-asn1/1.0.1/kerby-asn1-1.0.1.jar:/home/runner/.m2/repository/org/apache/kerby/kerb-util/1.0.1/kerb-util-1.0.1.jar:/home/runner/.m2/repository/org/apache/kerby/kerby-config/1.0.1/kerby-config-1.0.1.jar:/home/runner/.m2/repository/org/apache/kerby/kerb-crypto/1.0.1/kerb-crypto-1.0.1.jar:/home/runner/.m2/repository/org/xerial/snappy/snappy-java/1.1.10.7/snappy-java-1.1.10.7.jar:/home/runner/work/ozone/ozone/hadoop-hdds/test-utils/target/hdds-test-utils-2.1.0-SNAPSHOT-tests.jar:/home/runner/work/ozone/ozone/hadoop-ozone/client/target/ozone-client-2.1.0-SNAPSHOT.jar:/home/runner/work/ozone/ozone/hadoop-hdds/client/target/hdds-client-2.1.0-SNAPSHOT.jar:/home/runner/work/ozone/ozone/hadoop-hdds/erasurecode/target/hdds-erasurecode-2.1.0-SNAPSHOT.jar:/home/runner/work/ozone/ozone/hadoop-ozone/common/target/ozone-common-2.1.0-SNAPSHOT.jar:/home/runner/.m2/repository/io/grpc/grpc-netty/1.58.0/grpc-netty-1.58.0.jar:/home/runner/.m2/repository/io/grpc/grpc-core/1.58.0/grpc-core-1.58.0.jar:/home/runner/.m2/repository/com/google/android/annotations/4.1.1.4/annotations-4.1.1.4.jar:/home/runner/.m2/repository/org/codehaus/mojo/animal-sniffer-annotations/1.23/animal-sniffer-annotations-1.23.jar:/home/runner/.m2/repository/io/grpc/grpc-context/1.58.0/grpc-context-1.58.0.jar:/home/runner/.m2/repository/io/grpc/grpc-util/1.58.0/grpc-util-1.58.0.jar:/home/runner/.m2/repository/io/perfmark/perfmark-api/0.26.0/perfmark-api-0.26.0.jar:/home/runner/.m2/repository/io/netty/netty-common/4.1.109.Final/netty-common-4.1.109.Final.jar:/home/runner/.m2/repository/io/netty/netty-handler-proxy/4.1.109.Final/netty-handler-proxy-4.1.109.Final.jar:/home/runner/.m2/repository/io/netty/netty-codec-socks/4.1.109.Final/netty-codec-socks-4.1.109.Final.jar:/home/runner/.m2/repository/org/apache/hadoop/hadoop-hdfs-client/3.4.1/hadoop-hdfs-client-3.4.1.jar:/home/runner/.m2/repository/io/netty/netty-tcnative-boringssl-static/2.0.65.Final/netty-tcnative-boringssl-static-2.0.65.Final.jar:/home/runner/.m2/repository/io/netty/netty-tcnative-classes/2.0.65.Final/netty-tcnative-classes-2.0.65.Final.jar:/home/runner/.m2/repository/io/netty/netty-tcnative-boringssl-static/2.0.65.Final/netty-tcnative-boringssl-static-2.0.65.Final-linux-x86_64.jar:/home/runner/.m2/repository/io/netty/netty-tcnative-boringssl-static/2.0.65.Final/netty-tcnative-boringssl-static-2.0.65.Final-linux-aarch_64.jar:/home/runner/.m2/repository/io/netty/netty-tcnative-boringssl-static/2.0.65.Final/netty-tcnative-boringssl-static-2.0.65.Final-osx-x86_64.jar:/home/runner/.m2/repository/io/netty/netty-tcnative-boringssl-static/2.0.65.Final/netty-tcnative-boringssl-static-2.0.65.Final-osx-aarch_64.jar:/home/runner/.m2/repository/io/netty/netty-tcnative-boringssl-static/2.0.65.Final/netty-tcnative-boringssl-static-2.0.65.Final-windows-x86_64.jar:/home/runner/work/ozone/ozone/hadoop-ozone/interface-client/target/ozone-interface-client-2.1.0-SNAPSHOT.jar:/home/runner/.m2/repository/io/grpc/grpc-protobuf/1.58.0/grpc-protobuf-1.58.0.jar:/home/runner/.m2/repository/com/google/api/grpc/proto-google-common-protos/2.22.0/proto-google-common-protos-2.22.0.jar:/home/runner/.m2/repository/io/grpc/grpc-protobuf-lite/1.58.0/grpc-protobuf-lite-1.58.0.jar:/home/runner/.m2/repository/io/grpc/grpc-stub/1.58.0/grpc-stub-1.58.0.jar:/home/runner/work/ozone/ozone/hadoop-ozone/mini-cluster/target/ozone-mini-cluster-2.1.0-SNAPSHOT.jar:/home/runner/work/ozone/ozone/hadoop-hdds/common/target/hdds-common-2.1.0-SNAPSHOT-tests.jar:/home/runner/work/ozone/ozone/hadoop-hdds/container-service/target/hdds-container-service-2.1.0-SNAPSHOT.jar:/home/runner/.m2/repository/com/github/luben/zstd-jni/1.5.7-3/zstd-jni-1.5.7-3.jar:/home/runner/.m2/repository/io/netty/netty-buffer/4.1.109.Final/netty-buffer-4.1.109.Final.jar:/home/runner/.m2/repository/io/netty/netty-codec/4.1.109.Final/netty-codec-4.1.109.Final.jar:/home/runner/.m2/repository/org/apache/hadoop/hadoop-hdfs/3.4.1/hadoop-hdfs-3.4.1.jar:/home/runner/.m2/repository/commons-daemon/commons-daemon/1.4.0/commons-daemon-1.4.0.jar:/home/runner/work/ozone/ozone/hadoop-hdds/server-scm/target/hdds-server-scm-2.1.0-SNAPSHOT.jar:/home/runner/work/ozone/ozone/hadoop-hdds/server-scm/target/hdds-server-scm-2.1.0-SNAPSHOT-tests.jar:/home/runner/work/ozone/ozone/hadoop-ozone/ozone-manager/target/ozone-manager-2.1.0-SNAPSHOT.jar:/home/runner/.m2/repository/com/sun/jersey/jersey-client/1.19.4/jersey-client-1.19.4.jar:/home/runner/.m2/repository/com/sun/jersey/jersey-core/1.19.4/jersey-core-1.19.4.jar:/home/runner/.m2/repository/javax/ws/rs/jsr311-api/1.1.1/jsr311-api-1.1.1.jar:/home/runner/work/ozone/ozone/hadoop-ozone/interface-storage/target/ozone-interface-storage-2.1.0-SNAPSHOT.jar:/home/runner/.m2/repository/org/apache/ranger/ranger-intg/2.6.0/ranger-intg-2.6.0.jar:/home/runner/.m2/repository/org/apache/ranger/ranger-plugins-common/2.6.0/ranger-plugins-common-2.6.0.jar:/home/runner/.m2/repository/com/fasterxml/jackson/jaxrs/jackson-jaxrs-base/2.16.2/jackson-jaxrs-base-2.16.2.jar:/home/runner/.m2/repository/com/fasterxml/jackson/jaxrs/jackson-jaxrs-json-provider/2.16.2/jackson-jaxrs-json-provider-2.16.2.jar:/home/runner/.m2/repository/com/kstruct/gethostname4j/1.0.0/gethostname4j-1.0.0.jar:/home/runner/.m2/repository/commons-lang/commons-lang/2.6/commons-lang-2.6.jar:/home/runner/.m2/repository/net/java/dev/jna/jna/5.2.0/jna-5.2.0.jar:/home/runner/.m2/repository/net/java/dev/jna/jna-platform/5.2.0/jna-platform-5.2.0.jar:/home/runner/.m2/repository/org/apache/ranger/ranger-plugin-classloader/2.6.0/ranger-plugin-classloader-2.6.0.jar:/home/runner/.m2/repository/org/apache/ranger/ranger-plugins-audit/2.6.0/ranger-plugins-audit-2.6.0.jar:/home/runner/.m2/repository/com/amazonaws/aws-java-sdk-logs/1.12.765/aws-java-sdk-logs-1.12.765.jar:/home/runner/.m2/repository/com/carrotsearch/hppc/0.8.0/hppc-0.8.0.jar:/home/runner/.m2/repository/io/airlift/aircompressor/0.27/aircompressor-0.27.jar:/home/runner/.m2/repository/org/apache/httpcomponents/httpasyncclient/4.1.4/httpasyncclient-4.1.4.jar:/home/runner/.m2/repository/org/apache/httpcomponents/httpcore-nio/4.4.16/httpcore-nio-4.4.16.jar:/home/runner/.m2/repository/org/apache/httpcomponents/httpmime/4.5.13/httpmime-4.5.13.jar:/home/runner/.m2/repository/org/apache/orc/orc-core/1.5.8/orc-core-1.5.8.jar:/home/runner/.m2/repository/org/apache/orc/orc-shims/1.5.8/orc-shims-1.5.8.jar:/home/runner/.m2/repository/org/eclipse/jetty/jetty-client/9.4.57.v20241219/jetty-client-9.4.57.v20241219.jar:/home/runner/.m2/repository/org/apache/ranger/ranger-plugins-cred/2.6.0/ranger-plugins-cred-2.6.0.jar:/home/runner/.m2/repository/org/aspectj/aspectjrt/1.9.7/aspectjrt-1.9.7.jar:/home/runner/.m2/repository/org/aspectj/aspectjweaver/1.9.7/aspectjweaver-1.9.7.jar:/home/runner/work/ozone/ozone/hadoop-ozone/recon/target/ozone-recon-2.1.0-SNAPSHOT.jar:/home/runner/.m2/repository/aopalliance/aopalliance/1.0/aopalliance-1.0.jar:/home/runner/.m2/repository/com/google/inject/guice/6.0.0/guice-6.0.0.jar:/home/runner/.m2/repository/jakarta/inject/jakarta.inject-api/2.0.1/jakarta.inject-api-2.0.1.jar:/home/runner/.m2/repository/com/google/inject/extensions/guice-assistedinject/6.0.0/guice-assistedinject-6.0.0.jar:/home/runner/.m2/repository/com/google/inject/extensions/guice-servlet/6.0.0/guice-servlet-6.0.0.jar:/home/runner/.m2/repository/com/jolbox/bonecp/0.8.0.RELEASE/bonecp-0.8.0.RELEASE.jar:/home/runner/.m2/repository/org/apache/derby/derby/10.14.2.0/derby-10.14.2.0.jar:/home/runner/work/ozone/ozone/hadoop-ozone/cli-admin/target/ozone-cli-admin-2.1.0-SNAPSHOT.jar:/home/runner/.m2/repository/org/glassfish/hk2/guice-bridge/2.6.1/guice-bridge-2.6.1.jar:/home/runner/.m2/repository/org/glassfish/jersey/containers/jersey-container-servlet/2.46/jersey-container-servlet-2.46.jar:/home/runner/.m2/repository/org/glassfish/jersey/media/jersey-media-json-jackson/2.46/jersey-media-json-jackson-2.46.jar:/home/runner/.m2/repository/org/glassfish/jersey/ext/jersey-entity-filtering/2.46/jersey-entity-filtering-2.46.jar:/home/runner/.m2/repository/org/jooq/jooq/3.11.10/jooq-3.11.10.jar:/home/runner/.m2/repository/org/jooq/jooq-codegen/3.11.10/jooq-codegen-3.11.10.jar:/home/runner/.m2/repository/org/jooq/jooq-meta/3.11.10/jooq-meta-3.11.10.jar:/home/runner/.m2/repository/org/springframework/spring-core/5.3.39/spring-core-5.3.39.jar:/home/runner/.m2/repository/org/springframework/spring-jdbc/5.3.39/spring-jdbc-5.3.39.jar:/home/runner/.m2/repository/org/springframework/spring-beans/5.3.39/spring-beans-5.3.39.jar:/home/runner/.m2/repository/org/springframework/spring-tx/5.3.39/spring-tx-5.3.39.jar:/home/runner/.m2/repository/org/xerial/sqlite-jdbc/3.49.1.0/sqlite-jdbc-3.49.1.0.jar:/home/runner/work/ozone/ozone/hadoop-ozone/recon-codegen/target/ozone-reconcodegen-2.1.0-SNAPSHOT.jar:/home/runner/work/ozone/ozone/hadoop-ozone/s3gateway/target/ozone-s3gateway-2.1.0-SNAPSHOT.jar:/home/runner/.m2/repository/com/fasterxml/jackson/dataformat/jackson-dataformat-xml/2.16.2/jackson-dataformat-xml-2.16.2.jar:/home/runner/.m2/repository/com/fasterxml/jackson/module/jackson-module-jaxb-annotations/2.16.2/jackson-module-jaxb-annotations-2.16.2.jar:/home/runner/.m2/repository/io/netty/netty-codec-http2/4.1.109.Final/netty-codec-http2-4.1.109.Final.jar:/home/runner/.m2/repository/io/netty/netty-codec-http/4.1.109.Final/netty-codec-http-4.1.109.Final.jar:/home/runner/.m2/repository/io/netty/netty-transport/4.1.109.Final/netty-transport-4.1.109.Final.jar:/home/runner/.m2/repository/io/netty/netty-resolver/4.1.109.Final/netty-resolver-4.1.109.Final.jar:/home/runner/.m2/repository/io/opentracing/opentracing-noop/0.33.0/opentracing-noop-0.33.0.jar:/home/runner/.m2/repository/javax/enterprise/cdi-api/2.0/cdi-api-2.0.jar:/home/runner/.m2/repository/javax/el/javax.el-api/3.0.0/javax.el-api-3.0.0.jar:/home/runner/.m2/repository/javax/interceptor/javax.interceptor-api/1.2/javax.interceptor-api-1.2.jar:/home/runner/.m2/repository/javax/inject/javax.inject/1/javax.inject-1.jar:/home/runner/.m2/repository/org/apache/httpcomponents/httpcore/4.4.16/httpcore-4.4.16.jar:/home/runner/.m2/repository/org/apache/kerby/kerby-util/1.0.1/kerby-util-1.0.1.jar:/home/runner/.m2/repository/org/glassfish/hk2/hk2-api/2.6.1/hk2-api-2.6.1.jar:/home/runner/.m2/repository/org/glassfish/hk2/hk2-utils/2.6.1/hk2-utils-2.6.1.jar:/home/runner/.m2/repository/org/glassfish/hk2/external/aopalliance-repackaged/2.6.1/aopalliance-repackaged-2.6.1.jar:/home/runner/.m2/repository/org/glassfish/jaxb/jaxb-runtime/2.3.9/jaxb-runtime-2.3.9.jar:/home/runner/.m2/repository/org/glassfish/jaxb/txw2/2.3.9/txw2-2.3.9.jar:/home/runner/.m2/repository/com/sun/istack/istack-commons-runtime/3.0.12/istack-commons-runtime-3.0.12.jar:/home/runner/.m2/repository/com/sun/activation/jakarta.activation/1.2.2/jakarta.activation-1.2.2.jar:/home/runner/.m2/repository/org/glassfish/jersey/core/jersey-common/2.46/jersey-common-2.46.jar:/home/runner/.m2/repository/org/glassfish/hk2/osgi-resource-locator/1.0.3/osgi-resource-locator-1.0.3.jar:/home/runner/.m2/repository/org/glassfish/jersey/ext/cdi/jersey-cdi1x/2.46/jersey-cdi1x-2.46.jar:/home/runner/.m2/repository/org/glassfish/jersey/inject/jersey-hk2/2.46/jersey-hk2-2.46.jar:/home/runner/.m2/repository/org/glassfish/hk2/hk2-locator/2.6.1/hk2-locator-2.6.1.jar:/home/runner/.m2/repository/org/glassfish/jersey/media/jersey-media-jaxb/2.46/jersey-media-jaxb-2.46.jar:/home/runner/.m2/repository/org/javassist/javassist/3.30.2-GA/javassist-3.30.2-GA.jar:/home/runner/.m2/repository/org/jboss/weld/servlet/weld-servlet-shaded/3.1.9.Final/weld-servlet-shaded-3.1.9.Final.jar:/home/runner/.m2/repository/org/apache/ratis/ratis-common/3.1.2/ratis-common-3.1.2.jar:/home/runner/.m2/repository/org/slf4j/slf4j-api/2.0.17/slf4j-api-2.0.17.jar:/home/runner/.m2/repository/software/amazon/awssdk/auth/2.31.25/auth-2.31.25.jar:/home/runner/.m2/repository/software/amazon/awssdk/annotations/2.31.25/annotations-2.31.25.jar:/home/runner/.m2/repository/software/amazon/awssdk/utils/2.31.25/utils-2.31.25.jar:/home/runner/.m2/repository/software/amazon/awssdk/identity-spi/2.31.25/identity-spi-2.31.25.jar:/home/runner/.m2/repository/software/amazon/awssdk/profiles/2.31.25/profiles-2.31.25.jar:/home/runner/.m2/repository/software/amazon/awssdk/http-client-spi/2.31.25/http-client-spi-2.31.25.jar:/home/runner/.m2/repository/software/amazon/awssdk/json-utils/2.31.25/json-utils-2.31.25.jar:/home/runner/.m2/repository/software/amazon/awssdk/third-party-jackson-core/2.31.25/third-party-jackson-core-2.31.25.jar:/home/runner/.m2/repository/software/amazon/awssdk/http-auth-aws/2.31.25/http-auth-aws-2.31.25.jar:/home/runner/.m2/repository/software/amazon/awssdk/http-auth-aws-eventstream/2.31.25/http-auth-aws-eventstream-2.31.25.jar:/home/runner/.m2/repository/software/amazon/awssdk/http-auth/2.31.25/http-auth-2.31.25.jar:/home/runner/.m2/repository/software/amazon/awssdk/http-auth-spi/2.31.25/http-auth-spi-2.31.25.jar:/home/runner/.m2/repository/software/amazon/eventstream/eventstream/1.0.1/eventstream-1.0.1.jar:/home/runner/.m2/repository/software/amazon/awssdk/aws-core/2.31.25/aws-core-2.31.25.jar:/home/runner/.m2/repository/software/amazon/awssdk/metrics-spi/2.31.25/metrics-spi-2.31.25.jar:/home/runner/.m2/repository/software/amazon/awssdk/endpoints-spi/2.31.25/endpoints-spi-2.31.25.jar:/home/runner/.m2/repository/software/amazon/awssdk/retries-spi/2.31.25/retries-spi-2.31.25.jar:/home/runner/.m2/repository/software/amazon/awssdk/retries/2.31.25/retries-2.31.25.jar:/home/runner/.m2/repository/software/amazon/awssdk/regions/2.31.25/regions-2.31.25.jar:/home/runner/.m2/repository/software/amazon/awssdk/s3/2.31.25/s3-2.31.25.jar:/home/runner/.m2/repository/software/amazon/awssdk/aws-xml-protocol/2.31.25/aws-xml-protocol-2.31.25.jar:/home/runner/.m2/repository/software/amazon/awssdk/aws-query-protocol/2.31.25/aws-query-protocol-2.31.25.jar:/home/runner/.m2/repository/software/amazon/awssdk/protocol-core/2.31.25/protocol-core-2.31.25.jar:/home/runner/.m2/repository/software/amazon/awssdk/arns/2.31.25/arns-2.31.25.jar:/home/runner/.m2/repository/software/amazon/awssdk/crt-core/2.31.25/crt-core-2.31.25.jar:/home/runner/.m2/repository/software/amazon/awssdk/checksums/2.31.25/checksums-2.31.25.jar:/home/runner/.m2/repository/software/amazon/awssdk/checksums-spi/2.31.25/checksums-spi-2.31.25.jar:/home/runner/.m2/repository/software/amazon/awssdk/apache-client/2.31.25/apache-client-2.31.25.jar:/home/runner/.m2/repository/software/amazon/awssdk/netty-nio-client/2.31.25/netty-nio-client-2.31.25.jar:/home/runner/.m2/repository/io/netty/netty-transport-classes-epoll/4.1.109.Final/netty-transport-classes-epoll-4.1.109.Final.jar:/home/runner/.m2/repository/software/amazon/awssdk/sdk-core/2.31.25/sdk-core-2.31.25.jar:/home/runner/.m2/repository/org/reactivestreams/reactive-streams/1.0.4/reactive-streams-1.0.4.jar:/home/runner/.m2/repository/org/assertj/assertj-core/3.27.3/assertj-core-3.27.3.jar:/home/runner/.m2/repository/net/bytebuddy/byte-buddy/1.15.11/byte-buddy-1.15.11.jar:/home/runner/.m2/repository/org/junit/jupiter/junit-jupiter-api/5.12.2/junit-jupiter-api-5.12.2.jar:/home/runner/.m2/repository/org/opentest4j/opentest4j/1.3.0/opentest4j-1.3.0.jar:/home/runner/.m2/repository/org/junit/platform/junit-platform-commons/1.12.2/junit-platform-commons-1.12.2.jar:/home/runner/.m2/repository/org/apiguardian/apiguardian-api/1.1.2/apiguardian-api-1.1.2.jar:/home/runner/.m2/repository/org/junit/jupiter/junit-jupiter-params/5.12.2/junit-jupiter-params-5.12.2.jar:/home/runner/.m2/repository/org/mockito/mockito-core/4.11.0/mockito-core-4.11.0.jar:/home/runner/.m2/repository/net/bytebuddy/byte-buddy-agent/1.12.19/byte-buddy-agent-1.12.19.jar:/home/runner/.m2/repository/org/objenesis/objenesis/3.3/objenesis-3.3.jar:/home/runner/.m2/repository/org/mockito/mockito-inline/4.11.0/mockito-inline-4.11.0.jar:/home/runner/.m2/repository/org/mockito/mockito-junit-jupiter/4.11.0/mockito-junit-jupiter-4.11.0.jar:/home/runner/work/ozone/ozone/hadoop-ozone/integration-test-s3/target/gradle-enterprise/test-listeners.jar:"/>
    <property name="java.vm.vendor" value="Eclipse Adoptium"/>
    <property name="sun.arch.data.model" value="64"/>
    <property name="test.build.dir" value="/home/runner/work/ozone/ozone/hadoop-ozone/integration-test-s3/target/test-dir"/>
    <property name="test.cache.data" value=""/>
    <property name="java.vendor.url" value="https://adoptium.net/"/>
    <property name="user.timezone" value="Etc/UTC"/>
    <property name="maven-surefire-plugin.argLineAccessArgs" value=" --add-opens java.management/com.sun.jmx.mbeanserver=ALL-UNNAMED --add-exports java.management/com.sun.jmx.mbeanserver=ALL-UNNAMED --add-opens java.base/java.nio=ALL-UNNAMED --add-opens java.base/java.lang=ALL-UNNAMED --add-opens java.base/java.lang.reflect=ALL-UNNAMED"/>
    <property name="os.name" value="Linux"/>
    <property name="java.vm.specification.version" value="21"/>
    <property name="test.build.data" value="/home/runner/work/ozone/ozone/hadoop-ozone/integration-test-s3/target/test-dir"/>
    <property name="sun.java.launcher" value="SUN_STANDARD"/>
    <property name="sun.boot.library.path" value="/usr/lib/jvm/temurin-21-jdk-amd64/lib"/>
    <property name="sun.java.command" value="/home/runner/work/ozone/ozone/hadoop-ozone/integration-test-s3/target/surefire/surefirebooter-20250512142305530_1202.jar /home/runner/work/ozone/ozone/hadoop-ozone/integration-test-s3/target/surefire 2025-05-12T13-49-15_066-jvmRun1 surefire-20250512142305530_1200tmp surefire_138-20250512142305530_1201tmp"/>
    <property name="jdk.debug" value="release"/>
    <property name="native.lib.tmp.dir" value="/tmp"/>
    <property name="surefire.test.class.path" value="/home/runner/work/ozone/ozone/hadoop-ozone/integration-test-s3/target/test-classes:/home/runner/work/ozone/ozone/hadoop-ozone/integration-test-s3/target/classes:/home/runner/.m2/repository/com/amazonaws/aws-java-sdk-core/1.12.661/aws-java-sdk-core-1.12.661.jar:/home/runner/.m2/repository/commons-codec/commons-codec/1.17.1/commons-codec-1.17.1.jar:/home/runner/.m2/repository/org/apache/httpcomponents/httpclient/4.5.14/httpclient-4.5.14.jar:/home/runner/.m2/repository/com/fasterxml/jackson/core/jackson-databind/2.16.2/jackson-databind-2.16.2.jar:/home/runner/.m2/repository/com/fasterxml/jackson/dataformat/jackson-dataformat-cbor/2.16.2/jackson-dataformat-cbor-2.16.2.jar:/home/runner/.m2/repository/joda-time/joda-time/2.12.7/joda-time-2.12.7.jar:/home/runner/.m2/repository/com/amazonaws/aws-java-sdk-s3/1.12.661/aws-java-sdk-s3-1.12.661.jar:/home/runner/.m2/repository/com/amazonaws/aws-java-sdk-kms/1.12.661/aws-java-sdk-kms-1.12.661.jar:/home/runner/.m2/repository/com/amazonaws/jmespath-java/1.12.661/jmespath-java-1.12.661.jar:/home/runner/.m2/repository/jakarta/xml/bind/jakarta.xml.bind-api/2.3.3/jakarta.xml.bind-api-2.3.3.jar:/home/runner/.m2/repository/jakarta/activation/jakarta.activation-api/1.2.2/jakarta.activation-api-1.2.2.jar:/home/runner/.m2/repository/org/apache/commons/commons-lang3/3.17.0/commons-lang3-3.17.0.jar:/home/runner/work/ozone/ozone/hadoop-hdds/common/target/hdds-common-2.1.0-SNAPSHOT.jar:/home/runner/.m2/repository/com/fasterxml/jackson/core/jackson-annotations/2.16.2/jackson-annotations-2.16.2.jar:/home/runner/.m2/repository/com/fasterxml/jackson/core/jackson-core/2.16.2/jackson-core-2.16.2.jar:/home/runner/.m2/repository/com/fasterxml/jackson/datatype/jackson-datatype-jsr310/2.16.2/jackson-datatype-jsr310-2.16.2.jar:/home/runner/.m2/repository/com/github/stephenc/jcip/jcip-annotations/1.0-1/jcip-annotations-1.0-1.jar:/home/runner/.m2/repository/com/google/guava/guava/32.1.3-jre/guava-32.1.3-jre.jar:/home/runner/.m2/repository/com/google/guava/failureaccess/1.0.1/failureaccess-1.0.1.jar:/home/runner/.m2/repository/com/google/guava/listenablefuture/9999.0-empty-to-avoid-conflict-with-guava/listenablefuture-9999.0-empty-to-avoid-conflict-with-guava.jar:/home/runner/.m2/repository/org/checkerframework/checker-qual/3.37.0/checker-qual-3.37.0.jar:/home/runner/.m2/repository/com/google/errorprone/error_prone_annotations/2.29.2/error_prone_annotations-2.29.2.jar:/home/runner/.m2/repository/com/google/j2objc/j2objc-annotations/2.8/j2objc-annotations-2.8.jar:/home/runner/.m2/repository/com/google/protobuf/protobuf-java/2.5.0/protobuf-java-2.5.0.jar:/home/runner/.m2/repository/commons-collections/commons-collections/3.2.2/commons-collections-3.2.2.jar:/home/runner/.m2/repository/commons-io/commons-io/2.18.0/commons-io-2.18.0.jar:/home/runner/.m2/repository/commons-validator/commons-validator/1.6/commons-validator-1.6.jar:/home/runner/.m2/repository/commons-beanutils/commons-beanutils/1.9.4/commons-beanutils-1.9.4.jar:/home/runner/.m2/repository/commons-digester/commons-digester/1.8.1/commons-digester-1.8.1.jar:/home/runner/.m2/repository/info/picocli/picocli/4.7.7/picocli-4.7.7.jar:/home/runner/.m2/repository/io/dropwizard/metrics/metrics-core/3.2.6/metrics-core-3.2.6.jar:/home/runner/.m2/repository/io/jaegertracing/jaeger-client/1.8.1/jaeger-client-1.8.1.jar:/home/runner/.m2/repository/io/jaegertracing/jaeger-thrift/1.8.1/jaeger-thrift-1.8.1.jar:/home/runner/.m2/repository/org/apache/thrift/libthrift/0.15.0/libthrift-0.15.0.jar:/home/runner/.m2/repository/com/squareup/okhttp3/okhttp/4.12.0/okhttp-4.12.0.jar:/home/runner/.m2/repository/com/squareup/okio/okio/3.6.0/okio-3.6.0.jar:/home/runner/.m2/repository/com/squareup/okio/okio-jvm/3.6.0/okio-jvm-3.6.0.jar:/home/runner/.m2/repository/org/jetbrains/kotlin/kotlin-stdlib-common/1.9.25/kotlin-stdlib-common-1.9.25.jar:/home/runner/.m2/repository/org/jetbrains/kotlin/kotlin-stdlib-jdk8/1.9.25/kotlin-stdlib-jdk8-1.9.25.jar:/home/runner/.m2/repository/org/jetbrains/kotlin/kotlin-stdlib-jdk7/1.9.25/kotlin-stdlib-jdk7-1.9.25.jar:/home/runner/.m2/repository/io/jaegertracing/jaeger-tracerresolver/1.8.1/jaeger-tracerresolver-1.8.1.jar:/home/runner/.m2/repository/io/opentracing/contrib/opentracing-tracerresolver/0.1.8/opentracing-tracerresolver-0.1.8.jar:/home/runner/.m2/repository/io/jaegertracing/jaeger-core/1.8.1/jaeger-core-1.8.1.jar:/home/runner/.m2/repository/io/opentracing/opentracing-api/0.33.0/opentracing-api-0.33.0.jar:/home/runner/.m2/repository/io/opentracing/opentracing-util/0.33.0/opentracing-util-0.33.0.jar:/home/runner/.m2/repository/jakarta/annotation/jakarta.annotation-api/2.1.1/jakarta.annotation-api-2.1.1.jar:/home/runner/.m2/repository/javax/annotation/javax.annotation-api/1.3.2/javax.annotation-api-1.3.2.jar:/home/runner/.m2/repository/org/apache/hadoop/hadoop-common/3.4.1/hadoop-common-3.4.1.jar:/home/runner/.m2/repository/org/apache/hadoop/thirdparty/hadoop-shaded-protobuf_3_25/1.4.0/hadoop-shaded-protobuf_3_25-1.4.0.jar:/home/runner/.m2/repository/org/apache/hadoop/hadoop-annotations/3.4.1/hadoop-annotations-3.4.1.jar:/home/runner/.m2/repository/org/apache/hadoop/thirdparty/hadoop-shaded-guava/1.3.0/hadoop-shaded-guava-1.3.0.jar:/home/runner/.m2/repository/org/codehaus/jettison/jettison/1.5.4/jettison-1.5.4.jar:/home/runner/.m2/repository/org/apache/commons/commons-text/1.12.0/commons-text-1.12.0.jar:/home/runner/.m2/repository/com/google/re2j/re2j/1.7/re2j-1.7.jar:/home/runner/.m2/repository/io/netty/netty-handler/4.1.109.Final/netty-handler-4.1.109.Final.jar:/home/runner/.m2/repository/io/netty/netty-transport-native-unix-common/4.1.109.Final/netty-transport-native-unix-common-4.1.109.Final.jar:/home/runner/.m2/repository/io/netty/netty-transport-native-epoll/4.1.109.Final/netty-transport-native-epoll-4.1.109.Final.jar:/home/runner/.m2/repository/org/codehaus/woodstox/stax2-api/4.2.1/stax2-api-4.2.1.jar:/home/runner/.m2/repository/com/fasterxml/woodstox/woodstox-core/5.4.0/woodstox-core-5.4.0.jar:/home/runner/work/ozone/ozone/hadoop-hdds/annotations/target/hdds-annotation-processing-2.1.0-SNAPSHOT.jar:/home/runner/work/ozone/ozone/hadoop-hdds/interface-admin/target/hdds-interface-admin-2.1.0-SNAPSHOT.jar:/home/runner/work/ozone/ozone/hadoop-hdds/interface-client/target/hdds-interface-client-2.1.0-SNAPSHOT.jar:/home/runner/.m2/repository/org/apache/ratis/ratis-client/3.1.2/ratis-client-3.1.2.jar:/home/runner/.m2/repository/org/apache/ratis/ratis-grpc/3.1.2/ratis-grpc-3.1.2.jar:/home/runner/.m2/repository/org/apache/ratis/ratis-metrics-dropwizard3/3.1.2/ratis-metrics-dropwizard3-3.1.2.jar:/home/runner/.m2/repository/org/apache/ratis/ratis-netty/3.1.2/ratis-netty-3.1.2.jar:/home/runner/.m2/repository/org/apache/ratis/ratis-proto/3.1.2/ratis-proto-3.1.2.jar:/home/runner/.m2/repository/org/apache/ratis/ratis-server-api/3.1.2/ratis-server-api-3.1.2.jar:/home/runner/.m2/repository/org/apache/ratis/ratis-thirdparty-misc/1.0.6/ratis-thirdparty-misc-1.0.6.jar:/home/runner/.m2/repository/org/bouncycastle/bcpkix-jdk18on/1.80/bcpkix-jdk18on-1.80.jar:/home/runner/.m2/repository/org/bouncycastle/bcprov-jdk18on/1.80/bcprov-jdk18on-1.80.jar:/home/runner/.m2/repository/org/bouncycastle/bcutil-jdk18on/1.80/bcutil-jdk18on-1.80.jar:/home/runner/.m2/repository/org/jetbrains/kotlin/kotlin-stdlib/1.9.25/kotlin-stdlib-1.9.25.jar:/home/runner/.m2/repository/org/jetbrains/annotations/13.0/annotations-13.0.jar:/home/runner/.m2/repository/org/reflections/reflections/0.10.2/reflections-0.10.2.jar:/home/runner/.m2/repository/org/slf4j/jcl-over-slf4j/2.0.17/jcl-over-slf4j-2.0.17.jar:/home/runner/.m2/repository/org/yaml/snakeyaml/2.0/snakeyaml-2.0.jar:/home/runner/.m2/repository/org/slf4j/slf4j-reload4j/2.0.17/slf4j-reload4j-2.0.17.jar:/home/runner/work/ozone/ozone/hadoop-hdds/config/target/hdds-config-2.1.0-SNAPSHOT.jar:/home/runner/work/ozone/ozone/hadoop-hdds/framework/target/hdds-server-framework-2.1.0-SNAPSHOT.jar:/home/runner/.m2/repository/ch/qos/reload4j/reload4j/1.2.26/reload4j-1.2.26.jar:/home/runner/.m2/repository/com/github/jnr/jnr-constants/0.10.4/jnr-constants-0.10.4.jar:/home/runner/.m2/repository/com/github/jnr/jnr-posix/3.1.20/jnr-posix-3.1.20.jar:/home/runner/.m2/repository/com/github/jnr/jnr-ffi/2.2.17/jnr-ffi-2.2.17.jar:/home/runner/.m2/repository/com/github/jnr/jffi/1.3.13/jffi-1.3.13.jar:/home/runner/.m2/repository/com/github/jnr/jffi/1.3.13/jffi-1.3.13-native.jar:/home/runner/.m2/repository/org/ow2/asm/asm/9.7.1/asm-9.7.1.jar:/home/runner/.m2/repository/org/ow2/asm/asm-commons/9.7.1/asm-commons-9.7.1.jar:/home/runner/.m2/repository/org/ow2/asm/asm-analysis/9.7.1/asm-analysis-9.7.1.jar:/home/runner/.m2/repository/org/ow2/asm/asm-tree/9.7.1/asm-tree-9.7.1.jar:/home/runner/.m2/repository/org/ow2/asm/asm-util/9.7.1/asm-util-9.7.1.jar:/home/runner/.m2/repository/com/github/jnr/jnr-a64asm/1.0.0/jnr-a64asm-1.0.0.jar:/home/runner/.m2/repository/com/github/jnr/jnr-x86asm/1.0.2/jnr-x86asm-1.0.2.jar:/home/runner/.m2/repository/com/google/code/gson/gson/2.10.1/gson-2.10.1.jar:/home/runner/.m2/repository/commons-fileupload/commons-fileupload/1.5/commons-fileupload-1.5.jar:/home/runner/.m2/repository/io/grpc/grpc-api/1.58.0/grpc-api-1.58.0.jar:/home/runner/.m2/repository/io/prometheus/simpleclient/0.16.0/simpleclient-0.16.0.jar:/home/runner/.m2/repository/io/prometheus/simpleclient_common/0.16.0/simpleclient_common-0.16.0.jar:/home/runner/.m2/repository/io/prometheus/simpleclient_dropwizard/0.16.0/simpleclient_dropwizard-0.16.0.jar:/home/runner/.m2/repository/jakarta/ws/rs/jakarta.ws.rs-api/2.1.6/jakarta.ws.rs-api-2.1.6.jar:/home/runner/.m2/repository/javax/servlet/javax.servlet-api/3.1.0/javax.servlet-api-3.1.0.jar:/home/runner/.m2/repository/org/apache/commons/commons-compress/1.27.1/commons-compress-1.27.1.jar:/home/runner/.m2/repository/org/apache/commons/commons-configuration2/2.11.0/commons-configuration2-2.11.0.jar:/home/runner/.m2/repository/org/apache/hadoop/hadoop-auth/3.4.1/hadoop-auth-3.4.1.jar:/home/runner/.m2/repository/org/apache/logging/log4j/log4j-api/2.24.2/log4j-api-2.24.2.jar:/home/runner/.m2/repository/org/apache/logging/log4j/log4j-core/2.24.2/log4j-core-2.24.2.jar:/home/runner/work/ozone/ozone/hadoop-hdds/interface-server/target/hdds-interface-server-2.1.0-SNAPSHOT.jar:/home/runner/work/ozone/ozone/hadoop-hdds/managed-rocksdb/target/hdds-managed-rocksdb-2.1.0-SNAPSHOT.jar:/home/runner/work/ozone/ozone/hadoop-hdds/rocksdb-checkpoint-differ/target/rocksdb-checkpoint-differ-2.1.0-SNAPSHOT.jar:/home/runner/.m2/repository/com/github/vlsi/mxgraph/jgraphx/3.9.12/jgraphx-3.9.12.jar:/home/runner/work/ozone/ozone/hadoop-hdds/rocks-native/target/hdds-rocks-native-2.1.0-SNAPSHOT.jar:/home/runner/.m2/repository/org/jgrapht/jgrapht-core/1.4.0/jgrapht-core-1.4.0.jar:/home/runner/.m2/repository/org/jheaps/jheaps/0.11/jheaps-0.11.jar:/home/runner/.m2/repository/org/jgrapht/jgrapht-ext/1.4.0/jgrapht-ext-1.4.0.jar:/home/runner/.m2/repository/org/apache/ratis/ratis-metrics-api/3.1.2/ratis-metrics-api-3.1.2.jar:/home/runner/.m2/repository/org/apache/ratis/ratis-server/3.1.2/ratis-server-3.1.2.jar:/home/runner/.m2/repository/org/eclipse/jetty/jetty-http/9.4.57.v20241219/jetty-http-9.4.57.v20241219.jar:/home/runner/.m2/repository/org/eclipse/jetty/jetty-io/9.4.57.v20241219/jetty-io-9.4.57.v20241219.jar:/home/runner/.m2/repository/org/eclipse/jetty/jetty-server/9.4.57.v20241219/jetty-server-9.4.57.v20241219.jar:/home/runner/.m2/repository/org/eclipse/jetty/jetty-servlet/9.4.57.v20241219/jetty-servlet-9.4.57.v20241219.jar:/home/runner/.m2/repository/org/eclipse/jetty/jetty-security/9.4.57.v20241219/jetty-security-9.4.57.v20241219.jar:/home/runner/.m2/repository/org/eclipse/jetty/jetty-util-ajax/9.4.57.v20241219/jetty-util-ajax-9.4.57.v20241219.jar:/home/runner/.m2/repository/org/eclipse/jetty/jetty-util/9.4.57.v20241219/jetty-util-9.4.57.v20241219.jar:/home/runner/.m2/repository/org/eclipse/jetty/jetty-webapp/9.4.57.v20241219/jetty-webapp-9.4.57.v20241219.jar:/home/runner/.m2/repository/org/eclipse/jetty/jetty-xml/9.4.57.v20241219/jetty-xml-9.4.57.v20241219.jar:/home/runner/.m2/repository/org/glassfish/jersey/containers/jersey-container-servlet-core/2.46/jersey-container-servlet-core-2.46.jar:/home/runner/.m2/repository/org/glassfish/hk2/external/jakarta.inject/2.6.1/jakarta.inject-2.6.1.jar:/home/runner/.m2/repository/org/glassfish/jersey/core/jersey-server/2.46/jersey-server-2.46.jar:/home/runner/.m2/repository/org/glassfish/jersey/core/jersey-client/2.46/jersey-client-2.46.jar:/home/runner/.m2/repository/jakarta/validation/jakarta.validation-api/2.0.2/jakarta.validation-api-2.0.2.jar:/home/runner/.m2/repository/org/rocksdb/rocksdbjni/7.7.3/rocksdbjni-7.7.3.jar:/home/runner/.m2/repository/com/lmax/disruptor/3.4.4/disruptor-3.4.4.jar:/home/runner/.m2/repository/com/nimbusds/nimbus-jose-jwt/9.40/nimbus-jose-jwt-9.40.jar:/home/runner/.m2/repository/commons-cli/commons-cli/1.8.0/commons-cli-1.8.0.jar:/home/runner/.m2/repository/log4j/apache-log4j-extras/1.2.17/apache-log4j-extras-1.2.17.jar:/home/runner/.m2/repository/org/apache/kerby/kerb-core/1.0.1/kerb-core-1.0.1.jar:/home/runner/.m2/repository/org/apache/kerby/kerby-pkix/1.0.1/kerby-pkix-1.0.1.jar:/home/runner/.m2/repository/org/apache/kerby/kerby-asn1/1.0.1/kerby-asn1-1.0.1.jar:/home/runner/.m2/repository/org/apache/kerby/kerb-util/1.0.1/kerb-util-1.0.1.jar:/home/runner/.m2/repository/org/apache/kerby/kerby-config/1.0.1/kerby-config-1.0.1.jar:/home/runner/.m2/repository/org/apache/kerby/kerb-crypto/1.0.1/kerb-crypto-1.0.1.jar:/home/runner/.m2/repository/org/xerial/snappy/snappy-java/1.1.10.7/snappy-java-1.1.10.7.jar:/home/runner/work/ozone/ozone/hadoop-hdds/test-utils/target/hdds-test-utils-2.1.0-SNAPSHOT-tests.jar:/home/runner/work/ozone/ozone/hadoop-ozone/client/target/ozone-client-2.1.0-SNAPSHOT.jar:/home/runner/work/ozone/ozone/hadoop-hdds/client/target/hdds-client-2.1.0-SNAPSHOT.jar:/home/runner/work/ozone/ozone/hadoop-hdds/erasurecode/target/hdds-erasurecode-2.1.0-SNAPSHOT.jar:/home/runner/work/ozone/ozone/hadoop-ozone/common/target/ozone-common-2.1.0-SNAPSHOT.jar:/home/runner/.m2/repository/io/grpc/grpc-netty/1.58.0/grpc-netty-1.58.0.jar:/home/runner/.m2/repository/io/grpc/grpc-core/1.58.0/grpc-core-1.58.0.jar:/home/runner/.m2/repository/com/google/android/annotations/4.1.1.4/annotations-4.1.1.4.jar:/home/runner/.m2/repository/org/codehaus/mojo/animal-sniffer-annotations/1.23/animal-sniffer-annotations-1.23.jar:/home/runner/.m2/repository/io/grpc/grpc-context/1.58.0/grpc-context-1.58.0.jar:/home/runner/.m2/repository/io/grpc/grpc-util/1.58.0/grpc-util-1.58.0.jar:/home/runner/.m2/repository/io/perfmark/perfmark-api/0.26.0/perfmark-api-0.26.0.jar:/home/runner/.m2/repository/io/netty/netty-common/4.1.109.Final/netty-common-4.1.109.Final.jar:/home/runner/.m2/repository/io/netty/netty-handler-proxy/4.1.109.Final/netty-handler-proxy-4.1.109.Final.jar:/home/runner/.m2/repository/io/netty/netty-codec-socks/4.1.109.Final/netty-codec-socks-4.1.109.Final.jar:/home/runner/.m2/repository/org/apache/hadoop/hadoop-hdfs-client/3.4.1/hadoop-hdfs-client-3.4.1.jar:/home/runner/.m2/repository/io/netty/netty-tcnative-boringssl-static/2.0.65.Final/netty-tcnative-boringssl-static-2.0.65.Final.jar:/home/runner/.m2/repository/io/netty/netty-tcnative-classes/2.0.65.Final/netty-tcnative-classes-2.0.65.Final.jar:/home/runner/.m2/repository/io/netty/netty-tcnative-boringssl-static/2.0.65.Final/netty-tcnative-boringssl-static-2.0.65.Final-linux-x86_64.jar:/home/runner/.m2/repository/io/netty/netty-tcnative-boringssl-static/2.0.65.Final/netty-tcnative-boringssl-static-2.0.65.Final-linux-aarch_64.jar:/home/runner/.m2/repository/io/netty/netty-tcnative-boringssl-static/2.0.65.Final/netty-tcnative-boringssl-static-2.0.65.Final-osx-x86_64.jar:/home/runner/.m2/repository/io/netty/netty-tcnative-boringssl-static/2.0.65.Final/netty-tcnative-boringssl-static-2.0.65.Final-osx-aarch_64.jar:/home/runner/.m2/repository/io/netty/netty-tcnative-boringssl-static/2.0.65.Final/netty-tcnative-boringssl-static-2.0.65.Final-windows-x86_64.jar:/home/runner/work/ozone/ozone/hadoop-ozone/interface-client/target/ozone-interface-client-2.1.0-SNAPSHOT.jar:/home/runner/.m2/repository/io/grpc/grpc-protobuf/1.58.0/grpc-protobuf-1.58.0.jar:/home/runner/.m2/repository/com/google/api/grpc/proto-google-common-protos/2.22.0/proto-google-common-protos-2.22.0.jar:/home/runner/.m2/repository/io/grpc/grpc-protobuf-lite/1.58.0/grpc-protobuf-lite-1.58.0.jar:/home/runner/.m2/repository/io/grpc/grpc-stub/1.58.0/grpc-stub-1.58.0.jar:/home/runner/work/ozone/ozone/hadoop-ozone/mini-cluster/target/ozone-mini-cluster-2.1.0-SNAPSHOT.jar:/home/runner/work/ozone/ozone/hadoop-hdds/common/target/hdds-common-2.1.0-SNAPSHOT-tests.jar:/home/runner/work/ozone/ozone/hadoop-hdds/container-service/target/hdds-container-service-2.1.0-SNAPSHOT.jar:/home/runner/.m2/repository/com/github/luben/zstd-jni/1.5.7-3/zstd-jni-1.5.7-3.jar:/home/runner/.m2/repository/io/netty/netty-buffer/4.1.109.Final/netty-buffer-4.1.109.Final.jar:/home/runner/.m2/repository/io/netty/netty-codec/4.1.109.Final/netty-codec-4.1.109.Final.jar:/home/runner/.m2/repository/org/apache/hadoop/hadoop-hdfs/3.4.1/hadoop-hdfs-3.4.1.jar:/home/runner/.m2/repository/commons-daemon/commons-daemon/1.4.0/commons-daemon-1.4.0.jar:/home/runner/work/ozone/ozone/hadoop-hdds/server-scm/target/hdds-server-scm-2.1.0-SNAPSHOT.jar:/home/runner/work/ozone/ozone/hadoop-hdds/server-scm/target/hdds-server-scm-2.1.0-SNAPSHOT-tests.jar:/home/runner/work/ozone/ozone/hadoop-ozone/ozone-manager/target/ozone-manager-2.1.0-SNAPSHOT.jar:/home/runner/.m2/repository/com/sun/jersey/jersey-client/1.19.4/jersey-client-1.19.4.jar:/home/runner/.m2/repository/com/sun/jersey/jersey-core/1.19.4/jersey-core-1.19.4.jar:/home/runner/.m2/repository/javax/ws/rs/jsr311-api/1.1.1/jsr311-api-1.1.1.jar:/home/runner/work/ozone/ozone/hadoop-ozone/interface-storage/target/ozone-interface-storage-2.1.0-SNAPSHOT.jar:/home/runner/.m2/repository/org/apache/ranger/ranger-intg/2.6.0/ranger-intg-2.6.0.jar:/home/runner/.m2/repository/org/apache/ranger/ranger-plugins-common/2.6.0/ranger-plugins-common-2.6.0.jar:/home/runner/.m2/repository/com/fasterxml/jackson/jaxrs/jackson-jaxrs-base/2.16.2/jackson-jaxrs-base-2.16.2.jar:/home/runner/.m2/repository/com/fasterxml/jackson/jaxrs/jackson-jaxrs-json-provider/2.16.2/jackson-jaxrs-json-provider-2.16.2.jar:/home/runner/.m2/repository/com/kstruct/gethostname4j/1.0.0/gethostname4j-1.0.0.jar:/home/runner/.m2/repository/commons-lang/commons-lang/2.6/commons-lang-2.6.jar:/home/runner/.m2/repository/net/java/dev/jna/jna/5.2.0/jna-5.2.0.jar:/home/runner/.m2/repository/net/java/dev/jna/jna-platform/5.2.0/jna-platform-5.2.0.jar:/home/runner/.m2/repository/org/apache/ranger/ranger-plugin-classloader/2.6.0/ranger-plugin-classloader-2.6.0.jar:/home/runner/.m2/repository/org/apache/ranger/ranger-plugins-audit/2.6.0/ranger-plugins-audit-2.6.0.jar:/home/runner/.m2/repository/com/amazonaws/aws-java-sdk-logs/1.12.765/aws-java-sdk-logs-1.12.765.jar:/home/runner/.m2/repository/com/carrotsearch/hppc/0.8.0/hppc-0.8.0.jar:/home/runner/.m2/repository/io/airlift/aircompressor/0.27/aircompressor-0.27.jar:/home/runner/.m2/repository/org/apache/httpcomponents/httpasyncclient/4.1.4/httpasyncclient-4.1.4.jar:/home/runner/.m2/repository/org/apache/httpcomponents/httpcore-nio/4.4.16/httpcore-nio-4.4.16.jar:/home/runner/.m2/repository/org/apache/httpcomponents/httpmime/4.5.13/httpmime-4.5.13.jar:/home/runner/.m2/repository/org/apache/orc/orc-core/1.5.8/orc-core-1.5.8.jar:/home/runner/.m2/repository/org/apache/orc/orc-shims/1.5.8/orc-shims-1.5.8.jar:/home/runner/.m2/repository/org/eclipse/jetty/jetty-client/9.4.57.v20241219/jetty-client-9.4.57.v20241219.jar:/home/runner/.m2/repository/org/apache/ranger/ranger-plugins-cred/2.6.0/ranger-plugins-cred-2.6.0.jar:/home/runner/.m2/repository/org/aspectj/aspectjrt/1.9.7/aspectjrt-1.9.7.jar:/home/runner/.m2/repository/org/aspectj/aspectjweaver/1.9.7/aspectjweaver-1.9.7.jar:/home/runner/work/ozone/ozone/hadoop-ozone/recon/target/ozone-recon-2.1.0-SNAPSHOT.jar:/home/runner/.m2/repository/aopalliance/aopalliance/1.0/aopalliance-1.0.jar:/home/runner/.m2/repository/com/google/inject/guice/6.0.0/guice-6.0.0.jar:/home/runner/.m2/repository/jakarta/inject/jakarta.inject-api/2.0.1/jakarta.inject-api-2.0.1.jar:/home/runner/.m2/repository/com/google/inject/extensions/guice-assistedinject/6.0.0/guice-assistedinject-6.0.0.jar:/home/runner/.m2/repository/com/google/inject/extensions/guice-servlet/6.0.0/guice-servlet-6.0.0.jar:/home/runner/.m2/repository/com/jolbox/bonecp/0.8.0.RELEASE/bonecp-0.8.0.RELEASE.jar:/home/runner/.m2/repository/org/apache/derby/derby/10.14.2.0/derby-10.14.2.0.jar:/home/runner/work/ozone/ozone/hadoop-ozone/cli-admin/target/ozone-cli-admin-2.1.0-SNAPSHOT.jar:/home/runner/.m2/repository/org/glassfish/hk2/guice-bridge/2.6.1/guice-bridge-2.6.1.jar:/home/runner/.m2/repository/org/glassfish/jersey/containers/jersey-container-servlet/2.46/jersey-container-servlet-2.46.jar:/home/runner/.m2/repository/org/glassfish/jersey/media/jersey-media-json-jackson/2.46/jersey-media-json-jackson-2.46.jar:/home/runner/.m2/repository/org/glassfish/jersey/ext/jersey-entity-filtering/2.46/jersey-entity-filtering-2.46.jar:/home/runner/.m2/repository/org/jooq/jooq/3.11.10/jooq-3.11.10.jar:/home/runner/.m2/repository/org/jooq/jooq-codegen/3.11.10/jooq-codegen-3.11.10.jar:/home/runner/.m2/repository/org/jooq/jooq-meta/3.11.10/jooq-meta-3.11.10.jar:/home/runner/.m2/repository/org/springframework/spring-core/5.3.39/spring-core-5.3.39.jar:/home/runner/.m2/repository/org/springframework/spring-jdbc/5.3.39/spring-jdbc-5.3.39.jar:/home/runner/.m2/repository/org/springframework/spring-beans/5.3.39/spring-beans-5.3.39.jar:/home/runner/.m2/repository/org/springframework/spring-tx/5.3.39/spring-tx-5.3.39.jar:/home/runner/.m2/repository/org/xerial/sqlite-jdbc/3.49.1.0/sqlite-jdbc-3.49.1.0.jar:/home/runner/work/ozone/ozone/hadoop-ozone/recon-codegen/target/ozone-reconcodegen-2.1.0-SNAPSHOT.jar:/home/runner/work/ozone/ozone/hadoop-ozone/s3gateway/target/ozone-s3gateway-2.1.0-SNAPSHOT.jar:/home/runner/.m2/repository/com/fasterxml/jackson/dataformat/jackson-dataformat-xml/2.16.2/jackson-dataformat-xml-2.16.2.jar:/home/runner/.m2/repository/com/fasterxml/jackson/module/jackson-module-jaxb-annotations/2.16.2/jackson-module-jaxb-annotations-2.16.2.jar:/home/runner/.m2/repository/io/netty/netty-codec-http2/4.1.109.Final/netty-codec-http2-4.1.109.Final.jar:/home/runner/.m2/repository/io/netty/netty-codec-http/4.1.109.Final/netty-codec-http-4.1.109.Final.jar:/home/runner/.m2/repository/io/netty/netty-transport/4.1.109.Final/netty-transport-4.1.109.Final.jar:/home/runner/.m2/repository/io/netty/netty-resolver/4.1.109.Final/netty-resolver-4.1.109.Final.jar:/home/runner/.m2/repository/io/opentracing/opentracing-noop/0.33.0/opentracing-noop-0.33.0.jar:/home/runner/.m2/repository/javax/enterprise/cdi-api/2.0/cdi-api-2.0.jar:/home/runner/.m2/repository/javax/el/javax.el-api/3.0.0/javax.el-api-3.0.0.jar:/home/runner/.m2/repository/javax/interceptor/javax.interceptor-api/1.2/javax.interceptor-api-1.2.jar:/home/runner/.m2/repository/javax/inject/javax.inject/1/javax.inject-1.jar:/home/runner/.m2/repository/org/apache/httpcomponents/httpcore/4.4.16/httpcore-4.4.16.jar:/home/runner/.m2/repository/org/apache/kerby/kerby-util/1.0.1/kerby-util-1.0.1.jar:/home/runner/.m2/repository/org/glassfish/hk2/hk2-api/2.6.1/hk2-api-2.6.1.jar:/home/runner/.m2/repository/org/glassfish/hk2/hk2-utils/2.6.1/hk2-utils-2.6.1.jar:/home/runner/.m2/repository/org/glassfish/hk2/external/aopalliance-repackaged/2.6.1/aopalliance-repackaged-2.6.1.jar:/home/runner/.m2/repository/org/glassfish/jaxb/jaxb-runtime/2.3.9/jaxb-runtime-2.3.9.jar:/home/runner/.m2/repository/org/glassfish/jaxb/txw2/2.3.9/txw2-2.3.9.jar:/home/runner/.m2/repository/com/sun/istack/istack-commons-runtime/3.0.12/istack-commons-runtime-3.0.12.jar:/home/runner/.m2/repository/com/sun/activation/jakarta.activation/1.2.2/jakarta.activation-1.2.2.jar:/home/runner/.m2/repository/org/glassfish/jersey/core/jersey-common/2.46/jersey-common-2.46.jar:/home/runner/.m2/repository/org/glassfish/hk2/osgi-resource-locator/1.0.3/osgi-resource-locator-1.0.3.jar:/home/runner/.m2/repository/org/glassfish/jersey/ext/cdi/jersey-cdi1x/2.46/jersey-cdi1x-2.46.jar:/home/runner/.m2/repository/org/glassfish/jersey/inject/jersey-hk2/2.46/jersey-hk2-2.46.jar:/home/runner/.m2/repository/org/glassfish/hk2/hk2-locator/2.6.1/hk2-locator-2.6.1.jar:/home/runner/.m2/repository/org/glassfish/jersey/media/jersey-media-jaxb/2.46/jersey-media-jaxb-2.46.jar:/home/runner/.m2/repository/org/javassist/javassist/3.30.2-GA/javassist-3.30.2-GA.jar:/home/runner/.m2/repository/org/jboss/weld/servlet/weld-servlet-shaded/3.1.9.Final/weld-servlet-shaded-3.1.9.Final.jar:/home/runner/.m2/repository/org/apache/ratis/ratis-common/3.1.2/ratis-common-3.1.2.jar:/home/runner/.m2/repository/org/slf4j/slf4j-api/2.0.17/slf4j-api-2.0.17.jar:/home/runner/.m2/repository/software/amazon/awssdk/auth/2.31.25/auth-2.31.25.jar:/home/runner/.m2/repository/software/amazon/awssdk/annotations/2.31.25/annotations-2.31.25.jar:/home/runner/.m2/repository/software/amazon/awssdk/utils/2.31.25/utils-2.31.25.jar:/home/runner/.m2/repository/software/amazon/awssdk/identity-spi/2.31.25/identity-spi-2.31.25.jar:/home/runner/.m2/repository/software/amazon/awssdk/profiles/2.31.25/profiles-2.31.25.jar:/home/runner/.m2/repository/software/amazon/awssdk/http-client-spi/2.31.25/http-client-spi-2.31.25.jar:/home/runner/.m2/repository/software/amazon/awssdk/json-utils/2.31.25/json-utils-2.31.25.jar:/home/runner/.m2/repository/software/amazon/awssdk/third-party-jackson-core/2.31.25/third-party-jackson-core-2.31.25.jar:/home/runner/.m2/repository/software/amazon/awssdk/http-auth-aws/2.31.25/http-auth-aws-2.31.25.jar:/home/runner/.m2/repository/software/amazon/awssdk/http-auth-aws-eventstream/2.31.25/http-auth-aws-eventstream-2.31.25.jar:/home/runner/.m2/repository/software/amazon/awssdk/http-auth/2.31.25/http-auth-2.31.25.jar:/home/runner/.m2/repository/software/amazon/awssdk/http-auth-spi/2.31.25/http-auth-spi-2.31.25.jar:/home/runner/.m2/repository/software/amazon/eventstream/eventstream/1.0.1/eventstream-1.0.1.jar:/home/runner/.m2/repository/software/amazon/awssdk/aws-core/2.31.25/aws-core-2.31.25.jar:/home/runner/.m2/repository/software/amazon/awssdk/metrics-spi/2.31.25/metrics-spi-2.31.25.jar:/home/runner/.m2/repository/software/amazon/awssdk/endpoints-spi/2.31.25/endpoints-spi-2.31.25.jar:/home/runner/.m2/repository/software/amazon/awssdk/retries-spi/2.31.25/retries-spi-2.31.25.jar:/home/runner/.m2/repository/software/amazon/awssdk/retries/2.31.25/retries-2.31.25.jar:/home/runner/.m2/repository/software/amazon/awssdk/regions/2.31.25/regions-2.31.25.jar:/home/runner/.m2/repository/software/amazon/awssdk/s3/2.31.25/s3-2.31.25.jar:/home/runner/.m2/repository/software/amazon/awssdk/aws-xml-protocol/2.31.25/aws-xml-protocol-2.31.25.jar:/home/runner/.m2/repository/software/amazon/awssdk/aws-query-protocol/2.31.25/aws-query-protocol-2.31.25.jar:/home/runner/.m2/repository/software/amazon/awssdk/protocol-core/2.31.25/protocol-core-2.31.25.jar:/home/runner/.m2/repository/software/amazon/awssdk/arns/2.31.25/arns-2.31.25.jar:/home/runner/.m2/repository/software/amazon/awssdk/crt-core/2.31.25/crt-core-2.31.25.jar:/home/runner/.m2/repository/software/amazon/awssdk/checksums/2.31.25/checksums-2.31.25.jar:/home/runner/.m2/repository/software/amazon/awssdk/checksums-spi/2.31.25/checksums-spi-2.31.25.jar:/home/runner/.m2/repository/software/amazon/awssdk/apache-client/2.31.25/apache-client-2.31.25.jar:/home/runner/.m2/repository/software/amazon/awssdk/netty-nio-client/2.31.25/netty-nio-client-2.31.25.jar:/home/runner/.m2/repository/io/netty/netty-transport-classes-epoll/4.1.109.Final/netty-transport-classes-epoll-4.1.109.Final.jar:/home/runner/.m2/repository/software/amazon/awssdk/sdk-core/2.31.25/sdk-core-2.31.25.jar:/home/runner/.m2/repository/org/reactivestreams/reactive-streams/1.0.4/reactive-streams-1.0.4.jar:/home/runner/.m2/repository/org/assertj/assertj-core/3.27.3/assertj-core-3.27.3.jar:/home/runner/.m2/repository/net/bytebuddy/byte-buddy/1.15.11/byte-buddy-1.15.11.jar:/home/runner/.m2/repository/org/junit/jupiter/junit-jupiter-api/5.12.2/junit-jupiter-api-5.12.2.jar:/home/runner/.m2/repository/org/opentest4j/opentest4j/1.3.0/opentest4j-1.3.0.jar:/home/runner/.m2/repository/org/junit/platform/junit-platform-commons/1.12.2/junit-platform-commons-1.12.2.jar:/home/runner/.m2/repository/org/apiguardian/apiguardian-api/1.1.2/apiguardian-api-1.1.2.jar:/home/runner/.m2/repository/org/junit/jupiter/junit-jupiter-params/5.12.2/junit-jupiter-params-5.12.2.jar:/home/runner/.m2/repository/org/mockito/mockito-core/4.11.0/mockito-core-4.11.0.jar:/home/runner/.m2/repository/net/bytebuddy/byte-buddy-agent/1.12.19/byte-buddy-agent-1.12.19.jar:/home/runner/.m2/repository/org/objenesis/objenesis/3.3/objenesis-3.3.jar:/home/runner/.m2/repository/org/mockito/mockito-inline/4.11.0/mockito-inline-4.11.0.jar:/home/runner/.m2/repository/org/mockito/mockito-junit-jupiter/4.11.0/mockito-junit-jupiter-4.11.0.jar:/home/runner/work/ozone/ozone/hadoop-ozone/integration-test-s3/target/gradle-enterprise/test-listeners.jar:"/>
    <property name="sun.cpu.endian" value="little"/>
    <property name="user.home" value="/home/runner"/>
    <property name="user.language" value="en"/>
    <property name="java.specification.vendor" value="Oracle Corporation"/>
    <property name="skipRecon" value="true"/>
    <property name="java.version.date" value="2025-04-15"/>
    <property name="java.home" value="/usr/lib/jvm/temurin-21-jdk-amd64"/>
    <property name="java.security.krb5.conf" value="/home/runner/work/ozone/ozone/hadoop-ozone/integration-test-s3/target/test-classes/krb5.conf"/>
    <property name="file.separator" value="/"/>
    <property name="basedir" value="/home/runner/work/ozone/ozone/hadoop-ozone/integration-test-s3"/>
    <property name="java.vm.compressedOopsMode" value="Zero based"/>
    <property name="line.separator" value="&#10;"/>
    <property name="java.vm.specification.vendor" value="Oracle Corporation"/>
    <property name="java.specification.name" value="Java Platform API Specification"/>
    <property name="surefire.real.class.path" value="/home/runner/work/ozone/ozone/hadoop-ozone/integration-test-s3/target/surefire/surefirebooter-20250512142305530_1202.jar"/>
    <property name="hadoop.log.dir" value="/home/runner/work/ozone/ozone/hadoop-ozone/integration-test-s3/target/log"/>
    <property name="sun.management.compiler" value="HotSpot 64-Bit Tiered Compilers"/>
    <property name="skipShade" value="true"/>
    <property name="java.runtime.version" value="21.0.7+6-LTS"/>
    <property name="user.name" value="runner"/>
    <property name="java.net.preferIPv4Stack" value="true"/>
    <property name="stdout.encoding" value="UTF-8"/>
    <property name="path.separator" value=":"/>
    <property name="java.security.egd" value="file:///dev/urandom"/>
    <property name="os.version" value="6.11.0-1012-azure"/>
    <property name="java.runtime.name" value="OpenJDK Runtime Environment"/>
    <property name="com.gradle.maven.scan.extension.test.listener.junitplatform.NestedExecutionSafeDelegatingTestExecutionListener" value="6bbe85a8"/>
    <property name="file.encoding" value="UTF-8"/>
    <property name="java.vm.name" value="OpenJDK 64-Bit Server VM"/>
    <property name="rocks_tools_native" value="true"/>
    <property name="java.vendor.version" value="Temurin-21.0.7+6"/>
    <property name="test.build.webapps" value=""/>
    <property name="develocity.listener.surefire.forkId" value="1"/>
    <property name="localRepository" value="/home/runner/.m2/repository"/>
    <property name="java.vendor.url.bug" value="https://github.com/adoptium/adoptium-support/issues"/>
    <property name="jetty.git.hash" value="df524e6b29271c2e09ba9aea83c18dc9db464a31"/>
    <property name="java.io.tmpdir" value="/tmp"/>
    <property name="require.test.libhadoop" value=""/>
    <property name="java.version" value="21.0.7"/>
    <property name="user.dir" value="/home/runner/work/ozone/ozone/hadoop-ozone/integration-test-s3"/>
    <property name="os.arch" value="amd64"/>
    <property name="java.vm.specification.name" value="Java Virtual Machine Specification"/>
    <property name="test.build.classes" value="/home/runner/work/ozone/ozone/hadoop-ozone/integration-test-s3/target/test-classes"/>
    <property name="org.apache.ratis.thirdparty.io.netty.allocator.useCacheForAllThreads" value="false"/>
    <property name="native.encoding" value="UTF-8"/>
    <property name="hadoop.tmp.dir" value="/home/runner/work/ozone/ozone/hadoop-ozone/integration-test-s3/target/tmp"/>
    <property name="java.library.path" value="/usr/java/packages/lib:/usr/lib64:/lib64:/lib:/usr/lib"/>
    <property name="java.vm.info" value="mixed mode, sharing"/>
    <property name="stderr.encoding" value="UTF-8"/>
    <property name="java.vendor" value="Eclipse Adoptium"/>
    <property name="java.vm.version" value="21.0.7+6-LTS"/>
    <property name="sun.io.unicode.encoding" value="UnicodeLittle"/>
    <property name="develocity.listener.port" value="34787"/>
    <property name="java.class.version" value="65.0"/>
  </properties>
  <testcase name="testCopyObject" classname="org.apache.hadoop.ozone.s3.awssdk.v2.TestS3SDKV2WithRatisStreaming" time="0.376">
    <error message="Unable to execute HTTP request: Connect to 0.0.0.0:15050 [/0.0.0.0] failed: Connection refused (SDK Attempt Count: 4)" type="software.amazon.awssdk.core.exception.SdkClientException"><![CDATA[software.amazon.awssdk.core.exception.SdkClientException: Unable to execute HTTP request: Connect to 0.0.0.0:15050 [/0.0.0.0] failed: Connection refused (SDK Attempt Count: 4)
	at software.amazon.awssdk.core.exception.SdkClientException$BuilderImpl.build(SdkClientException.java:130)
	at software.amazon.awssdk.core.exception.SdkClientException$BuilderImpl.build(SdkClientException.java:95)
	at software.amazon.awssdk.core.internal.http.pipeline.stages.utils.RetryableStageHelper.retryPolicyDisallowedRetryException(RetryableStageHelper.java:168)
	at software.amazon.awssdk.core.internal.http.pipeline.stages.RetryableStage.execute(RetryableStage.java:73)
	at software.amazon.awssdk.core.internal.http.pipeline.stages.RetryableStage.execute(RetryableStage.java:36)
	at software.amazon.awssdk.core.internal.http.pipeline.RequestPipelineBuilder$ComposingRequestPipelineStage.execute(RequestPipelineBuilder.java:206)
	at software.amazon.awssdk.core.internal.http.StreamManagingStage.execute(StreamManagingStage.java:53)
	at software.amazon.awssdk.core.internal.http.StreamManagingStage.execute(StreamManagingStage.java:35)
	at software.amazon.awssdk.core.internal.http.pipeline.stages.ApiCallTimeoutTrackingStage.executeWithTimer(ApiCallTimeoutTrackingStage.java:82)
	at software.amazon.awssdk.core.internal.http.pipeline.stages.ApiCallTimeoutTrackingStage.execute(ApiCallTimeoutTrackingStage.java:62)
	at software.amazon.awssdk.core.internal.http.pipeline.stages.ApiCallTimeoutTrackingStage.execute(ApiCallTimeoutTrackingStage.java:43)
	at software.amazon.awssdk.core.internal.http.pipeline.stages.ApiCallMetricCollectionStage.execute(ApiCallMetricCollectionStage.java:50)
	at software.amazon.awssdk.core.internal.http.pipeline.stages.ApiCallMetricCollectionStage.execute(ApiCallMetricCollectionStage.java:32)
	at software.amazon.awssdk.core.internal.http.pipeline.RequestPipelineBuilder$ComposingRequestPipelineStage.execute(RequestPipelineBuilder.java:206)
	at software.amazon.awssdk.core.internal.http.pipeline.RequestPipelineBuilder$ComposingRequestPipelineStage.execute(RequestPipelineBuilder.java:206)
	at software.amazon.awssdk.core.internal.http.pipeline.stages.ExecutionFailureExceptionReportingStage.execute(ExecutionFailureExceptionReportingStage.java:37)
	at software.amazon.awssdk.core.internal.http.pipeline.stages.ExecutionFailureExceptionReportingStage.execute(ExecutionFailureExceptionReportingStage.java:26)
	at software.amazon.awssdk.core.internal.http.AmazonSyncHttpClient$RequestExecutionBuilderImpl.execute(AmazonSyncHttpClient.java:210)
	at software.amazon.awssdk.core.internal.handler.BaseSyncClientHandler.invoke(BaseSyncClientHandler.java:103)
	at software.amazon.awssdk.core.internal.handler.BaseSyncClientHandler.doExecute(BaseSyncClientHandler.java:173)
	at software.amazon.awssdk.core.internal.handler.BaseSyncClientHandler.lambda$execute$1(BaseSyncClientHandler.java:80)
	at software.amazon.awssdk.core.internal.handler.BaseSyncClientHandler.measureApiCallSuccess(BaseSyncClientHandler.java:182)
	at software.amazon.awssdk.core.internal.handler.BaseSyncClientHandler.execute(BaseSyncClientHandler.java:74)
	at software.amazon.awssdk.core.client.handler.SdkSyncClientHandler.execute(SdkSyncClientHandler.java:45)
	at software.amazon.awssdk.awscore.client.handler.AwsSyncClientHandler.execute(AwsSyncClientHandler.java:53)
	at software.amazon.awssdk.services.s3.DefaultS3Client.createBucket(DefaultS3Client.java:1261)
	at software.amazon.awssdk.services.s3.S3Client.createBucket(S3Client.java:1879)
	at org.apache.hadoop.ozone.s3.awssdk.v2.AbstractS3SDKV2Tests.testCopyObject(AbstractS3SDKV2Tests.java:272)
	at java.base/java.lang.reflect.Method.invoke(Method.java:580)
	at java.base/java.util.ArrayList.forEach(ArrayList.java:1596)
	at java.base/java.util.ArrayList.forEach(ArrayList.java:1596)
	Suppressed: software.amazon.awssdk.core.exception.SdkClientException: Request attempt 1 failure: Unable to execute HTTP request: Connect to 0.0.0.0:15050 [/0.0.0.0] failed: Connection refused
	Suppressed: software.amazon.awssdk.core.exception.SdkClientException: Request attempt 2 failure: Unable to execute HTTP request: Connect to 0.0.0.0:15050 [/0.0.0.0] failed: Connection refused
	Suppressed: software.amazon.awssdk.core.exception.SdkClientException: Request attempt 3 failure: Unable to execute HTTP request: Connect to 0.0.0.0:15050 [/0.0.0.0] failed: Connection refused
Caused by: org.apache.http.conn.HttpHostConnectException: Connect to 0.0.0.0:15050 [/0.0.0.0] failed: Connection refused
	at org.apache.http.impl.conn.DefaultHttpClientConnectionOperator.connect(DefaultHttpClientConnectionOperator.java:156)
	at org.apache.http.impl.conn.PoolingHttpClientConnectionManager.connect(PoolingHttpClientConnectionManager.java:376)
	at software.amazon.awssdk.http.apache.internal.conn.ClientConnectionManagerFactory$DelegatingHttpClientConnectionManager.connect(ClientConnectionManagerFactory.java:86)
	at org.apache.http.impl.execchain.MainClientExec.establishRoute(MainClientExec.java:393)
	at org.apache.http.impl.execchain.MainClientExec.execute(MainClientExec.java:236)
	at org.apache.http.impl.execchain.ProtocolExec.execute(ProtocolExec.java:186)
	at org.apache.http.impl.client.InternalHttpClient.doExecute(InternalHttpClient.java:185)
	at org.apache.http.impl.client.CloseableHttpClient.execute(CloseableHttpClient.java:83)
	at org.apache.http.impl.client.CloseableHttpClient.execute(CloseableHttpClient.java:56)
	at software.amazon.awssdk.http.apache.internal.impl.ApacheSdkHttpClient.execute(ApacheSdkHttpClient.java:72)
	at software.amazon.awssdk.http.apache.ApacheHttpClient.execute(ApacheHttpClient.java:259)
	at software.amazon.awssdk.http.apache.ApacheHttpClient.access$600(ApacheHttpClient.java:104)
	at software.amazon.awssdk.http.apache.ApacheHttpClient$1.call(ApacheHttpClient.java:236)
	at software.amazon.awssdk.http.apache.ApacheHttpClient$1.call(ApacheHttpClient.java:233)
	at software.amazon.awssdk.core.internal.util.MetricUtils.measureDurationUnsafe(MetricUtils.java:102)
	at software.amazon.awssdk.core.internal.http.pipeline.stages.MakeHttpRequestStage.executeHttpRequest(MakeHttpRequestStage.java:88)
	at software.amazon.awssdk.core.internal.http.pipeline.stages.MakeHttpRequestStage.execute(MakeHttpRequestStage.java:64)
	at software.amazon.awssdk.core.internal.http.pipeline.stages.MakeHttpRequestStage.execute(MakeHttpRequestStage.java:46)
	at software.amazon.awssdk.core.internal.http.pipeline.RequestPipelineBuilder$ComposingRequestPipelineStage.execute(RequestPipelineBuilder.java:206)
	at software.amazon.awssdk.core.internal.http.pipeline.RequestPipelineBuilder$ComposingRequestPipelineStage.execute(RequestPipelineBuilder.java:206)
	at software.amazon.awssdk.core.internal.http.pipeline.RequestPipelineBuilder$ComposingRequestPipelineStage.execute(RequestPipelineBuilder.java:206)
	at software.amazon.awssdk.core.internal.http.pipeline.RequestPipelineBuilder$ComposingRequestPipelineStage.execute(RequestPipelineBuilder.java:206)
	at software.amazon.awssdk.core.internal.http.pipeline.stages.ApiCallAttemptTimeoutTrackingStage.execute(ApiCallAttemptTimeoutTrackingStage.java:74)
	at software.amazon.awssdk.core.internal.http.pipeline.stages.ApiCallAttemptTimeoutTrackingStage.execute(ApiCallAttemptTimeoutTrackingStage.java:43)
	at software.amazon.awssdk.core.internal.http.pipeline.stages.TimeoutExceptionHandlingStage.execute(TimeoutExceptionHandlingStage.java:79)
	at software.amazon.awssdk.core.internal.http.pipeline.stages.TimeoutExceptionHandlingStage.execute(TimeoutExceptionHandlingStage.java:41)
	at software.amazon.awssdk.core.internal.http.pipeline.stages.ApiCallAttemptMetricCollectionStage.execute(ApiCallAttemptMetricCollectionStage.java:55)
	at software.amazon.awssdk.core.internal.http.pipeline.stages.ApiCallAttemptMetricCollectionStage.execute(ApiCallAttemptMetricCollectionStage.java:39)
	at software.amazon.awssdk.core.internal.http.pipeline.stages.RetryableStage.executeRequest(RetryableStage.java:93)
	at software.amazon.awssdk.core.internal.http.pipeline.stages.RetryableStage.execute(RetryableStage.java:56)
	... 27 more
Caused by: java.net.ConnectException: Connection refused
	at java.base/sun.nio.ch.Net.pollConnect(Native Method)
	at java.base/sun.nio.ch.Net.pollConnectNow(Net.java:682)
	at java.base/sun.nio.ch.NioSocketImpl.timedFinishConnect(NioSocketImpl.java:549)
	at java.base/sun.nio.ch.NioSocketImpl.connect(NioSocketImpl.java:592)
	at java.base/java.net.SocksSocketImpl.connect(SocksSocketImpl.java:327)
	at java.base/java.net.Socket.connect(Socket.java:751)
	at org.apache.http.conn.socket.PlainConnectionSocketFactory.connectSocket(PlainConnectionSocketFactory.java:75)
	at org.apache.http.impl.conn.DefaultHttpClientConnectionOperator.connect(DefaultHttpClientConnectionOperator.java:142)
	... 56 more
]]></error>
    <system-out><![CDATA[2025-05-12 14:24:39,162 [main] WARN  server.ServerUtils (ServerUtils.java:getScmDbDir(138)) - ozone.scm.db.dirs is not configured. We recommend adding this setting. Falling back to ozone.metadata.dirs instead.
2025-05-12 14:24:39,334 [main] INFO  reflections.Reflections (Reflections.java:scan(219)) - Reflections took 141 ms to scan 5 urls, producing 132 keys and 292 values
2025-05-12 14:24:39,441 [main] INFO  ha.SCMHANodeDetails (SCMHANodeDetails.java:loadSCMHAConfig(162)) - ServiceID for StorageContainerManager is null
2025-05-12 14:24:39,442 [main] INFO  ha.SCMHANodeDetails (SCMHANodeDetails.java:loadSCMHAConfig(166)) - ozone.scm.default.service.id is not defined, falling back to ozone.scm.service.ids to find serviceID for StorageContainerManager if it is HA enabled cluster
2025-05-12 14:24:39,579 [main] INFO  server.RaftServerConfigKeys (ConfUtils.java:logGet(46)) - raft.server.log.appender.buffer.byte-limit = 4194304 (custom)
2025-05-12 14:24:39,602 [main] INFO  server.RaftServer (ConfUtils.java:logGet(46)) - raft.rpc.type = GRPC (default)
2025-05-12 14:24:39,650 [main] INFO  grpc.GrpcConfigKeys (ConfUtils.java:logFallback(53)) - raft.grpc.admin.host = null (fallback to raft.grpc.server.host)
2025-05-12 14:24:39,651 [main] INFO  grpc.GrpcConfigKeys (ConfUtils.java:logFallback(53)) - raft.grpc.admin.port = 15004 (fallback to raft.grpc.server.port)
2025-05-12 14:24:39,651 [main] INFO  grpc.GrpcConfigKeys (ConfUtils.java:logFallback(53)) - raft.grpc.client.host = null (fallback to raft.grpc.server.host)
2025-05-12 14:24:39,652 [main] INFO  grpc.GrpcConfigKeys (ConfUtils.java:logFallback(53)) - raft.grpc.client.port = 15004 (fallback to raft.grpc.server.port)
2025-05-12 14:24:39,652 [main] INFO  grpc.GrpcConfigKeys (ConfUtils.java:logGet(46)) - raft.grpc.server.host = null (default)
2025-05-12 14:24:39,652 [main] INFO  grpc.GrpcConfigKeys (ConfUtils.java:logGet(46)) - raft.grpc.server.port = 15004 (custom)
2025-05-12 14:24:39,653 [main] INFO  server.GrpcService (ConfUtils.java:logGet(46)) - raft.grpc.message.size.max = 5242880 (custom)
2025-05-12 14:24:39,653 [main] INFO  server.GrpcService (ConfUtils.java:logGet(46)) - raft.grpc.flow.control.window = 1MB (=1048576) (default)
2025-05-12 14:24:39,653 [main] INFO  server.RaftServerConfigKeys (ConfUtils.java:logGet(46)) - raft.server.rpc.request.timeout = 30000ms (custom)
2025-05-12 14:24:39,661 [main] INFO  grpc.GrpcConfigKeys (ConfUtils.java:logGet(46)) - raft.grpc.server.heartbeat.channel = true (default)
2025-05-12 14:24:39,661 [main] INFO  server.RaftServerConfigKeys (ConfUtils.java:logGet(46)) - raft.server.log.appender.buffer.byte-limit = 4194304 (custom)
2025-05-12 14:24:39,663 [main] INFO  grpc.GrpcConfigKeys (ConfUtils.java:logGet(46)) - raft.grpc.server.async.request.thread.pool.cached = true (default)
2025-05-12 14:24:39,664 [main] INFO  grpc.GrpcConfigKeys (ConfUtils.java:logGet(46)) - raft.grpc.server.async.request.thread.pool.size = 32 (default)
2025-05-12 14:24:39,816 [main] INFO  impl.DataStreamServerImpl (ConfUtils.java:logGet(46)) - raft.datastream.type = DISABLED (default)
2025-05-12 14:24:39,818 [main] INFO  server.RaftServerConfigKeys (ConfUtils.java:logGet(46)) - raft.server.sleep.deviation.threshold = 300ms (default)
2025-05-12 14:24:39,818 [main] INFO  server.RaftServerConfigKeys (ConfUtils.java:logGet(46)) - raft.server.close.threshold = 60s (default)
2025-05-12 14:24:39,819 [main] INFO  server.RaftServerConfigKeys (ConfUtils.java:logGet(46)) - raft.server.leaderelection.leader.step-down.wait-time = 10s (default)
2025-05-12 14:24:39,822 [main] INFO  server.RaftServerConfigKeys (ConfUtils.java:logGet(46)) - raft.server.storage.dir = [/home/runner/work/ozone/ozone/hadoop-ozone/integration-test-s3/target/test-dir/MiniOzoneClusterImpl-3d63a36f-1eaa-4b4c-95b9-e111fcfd97b0/ozone-meta/scm-ha] (custom)
2025-05-12 14:24:39,823 [main] INFO  server.RaftServerConfigKeys (ConfUtils.java:logGet(46)) - raft.server.threadpool.proxy.cached = true (default)
2025-05-12 14:24:39,823 [main] INFO  server.RaftServerConfigKeys (ConfUtils.java:logGet(46)) - raft.server.threadpool.proxy.size = 0 (default)
2025-05-12 14:24:39,829 [main] INFO  server.RaftServer (RaftServerProxy.java:addNew(100)) - 0e533e05-30c1-4787-ae28-a1adde6b7b1c: addNew group-E111FCFD97B0:[0e533e05-30c1-4787-ae28-a1adde6b7b1c|pkrvmberfyhpb9w:15004] returns group-E111FCFD97B0:java.util.concurrent.CompletableFuture@1e469dfd[Not completed]
2025-05-12 14:24:39,842 [0e533e05-30c1-4787-ae28-a1adde6b7b1c-groupManagement] INFO  server.RaftServer$Division (RaftServerImpl.java:<init>(255)) - 0e533e05-30c1-4787-ae28-a1adde6b7b1c: new RaftServerImpl for group-E111FCFD97B0:[0e533e05-30c1-4787-ae28-a1adde6b7b1c|pkrvmberfyhpb9w:15004] with SCMStateMachine:uninitialized
2025-05-12 14:24:39,844 [0e533e05-30c1-4787-ae28-a1adde6b7b1c-groupManagement] INFO  server.RaftServerConfigKeys (ConfUtils.java:logGet(46)) - raft.server.rpc.timeout.min = 5000ms (custom)
2025-05-12 14:24:39,844 [0e533e05-30c1-4787-ae28-a1adde6b7b1c-groupManagement] INFO  server.RaftServerConfigKeys (ConfUtils.java:logGet(46)) - raft.server.rpc.timeout.max = 5200ms (custom)
2025-05-12 14:24:39,845 [0e533e05-30c1-4787-ae28-a1adde6b7b1c-groupManagement] INFO  server.RaftServerConfigKeys (ConfUtils.java:logGet(46)) - raft.server.rpc.sleep.time = 25ms (default)
2025-05-12 14:24:39,845 [0e533e05-30c1-4787-ae28-a1adde6b7b1c-groupManagement] INFO  server.RaftServerConfigKeys (ConfUtils.java:logGet(46)) - raft.server.rpc.slowness.timeout = 120000ms (custom)
2025-05-12 14:24:39,845 [0e533e05-30c1-4787-ae28-a1adde6b7b1c-groupManagement] INFO  server.RaftServerConfigKeys (ConfUtils.java:logGet(46)) - raft.server.leaderelection.leader.step-down.wait-time = 10s (default)
2025-05-12 14:24:39,845 [0e533e05-30c1-4787-ae28-a1adde6b7b1c-groupManagement] INFO  server.RaftServerConfigKeys (ConfUtils.java:logGet(46)) - raft.server.leaderelection.member.majority-add = false (default)
2025-05-12 14:24:39,846 [0e533e05-30c1-4787-ae28-a1adde6b7b1c-groupManagement] INFO  server.RaftServerConfigKeys (ConfUtils.java:logGet(46)) - raft.server.sleep.deviation.threshold = 300ms (default)
2025-05-12 14:24:39,850 [0e533e05-30c1-4787-ae28-a1adde6b7b1c-groupManagement] INFO  server.RaftServer$Division (ServerState.java:<init>(114)) - 0e533e05-30c1-4787-ae28-a1adde6b7b1c@group-E111FCFD97B0: ConfigurationManager, init=conf: {index: -1, cur=peers:[0e533e05-30c1-4787-ae28-a1adde6b7b1c|pkrvmberfyhpb9w:15004]|listeners:[], old=null}, confs=<EMPTY_MAP>
2025-05-12 14:24:39,854 [0e533e05-30c1-4787-ae28-a1adde6b7b1c-groupManagement] INFO  server.RaftServerConfigKeys (ConfUtils.java:logGet(46)) - raft.server.notification.no-leader.timeout = 60s (default)
2025-05-12 14:24:39,857 [0e533e05-30c1-4787-ae28-a1adde6b7b1c-groupManagement] INFO  server.RaftServerConfigKeys (ConfUtils.java:logGet(46)) - raft.server.read.timeout = 10s (default)
2025-05-12 14:24:39,860 [0e533e05-30c1-4787-ae28-a1adde6b7b1c-groupManagement] INFO  server.RaftServerConfigKeys (ConfUtils.java:logGet(46)) - raft.server.retrycache.expirytime = 60000ms (default)
2025-05-12 14:24:39,860 [0e533e05-30c1-4787-ae28-a1adde6b7b1c-groupManagement] INFO  server.RaftServerConfigKeys (ConfUtils.java:logGet(46)) - raft.server.retrycache.statistics.expirytime = 100ms (default)
2025-05-12 14:24:39,864 [0e533e05-30c1-4787-ae28-a1adde6b7b1c-groupManagement] INFO  server.RaftServerConfigKeys (ConfUtils.java:logGet(46)) - raft.server.read.option = DEFAULT (default)
2025-05-12 14:24:39,865 [0e533e05-30c1-4787-ae28-a1adde6b7b1c-groupManagement] INFO  server.RaftServerConfigKeys (ConfUtils.java:logGet(46)) - raft.server.read.read-after-write-consistent.write-index-cache.expiry-time = 60s (default)
2025-05-12 14:24:39,995 [0e533e05-30c1-4787-ae28-a1adde6b7b1c-groupManagement] INFO  server.RaftServerConfigKeys (ConfUtils.java:logGet(46)) - raft.server.rpc.request.timeout = 30000ms (custom)
2025-05-12 14:24:39,997 [0e533e05-30c1-4787-ae28-a1adde6b7b1c-groupManagement] INFO  server.RaftServerConfigKeys (ConfUtils.java:logGet(46)) - raft.server.log.appender.install.snapshot.enabled = false (custom)
2025-05-12 14:24:39,998 [0e533e05-30c1-4787-ae28-a1adde6b7b1c-groupManagement] INFO  server.RaftServerConfigKeys (ConfUtils.java:logGet(46)) - raft.server.threadpool.server.cached = true (default)
2025-05-12 14:24:39,998 [0e533e05-30c1-4787-ae28-a1adde6b7b1c-groupManagement] INFO  server.RaftServerConfigKeys (ConfUtils.java:logGet(46)) - raft.server.threadpool.server.size = 0 (default)
2025-05-12 14:24:39,998 [0e533e05-30c1-4787-ae28-a1adde6b7b1c-groupManagement] INFO  server.RaftServerConfigKeys (ConfUtils.java:logGet(46)) - raft.server.threadpool.client.cached = true (default)
2025-05-12 14:24:39,999 [0e533e05-30c1-4787-ae28-a1adde6b7b1c-groupManagement] INFO  server.RaftServerConfigKeys (ConfUtils.java:logGet(46)) - raft.server.threadpool.client.size = 0 (default)
2025-05-12 14:24:40,000 [0e533e05-30c1-4787-ae28-a1adde6b7b1c-impl-thread1] INFO  server.RaftServerConfigKeys (ConfUtils.java:logGet(46)) - raft.server.storage.free-space.min = 0MB (=0) (default)
2025-05-12 14:24:40,001 [0e533e05-30c1-4787-ae28-a1adde6b7b1c-impl-thread1] INFO  server.RaftServerConfigKeys (ConfUtils.java:logGet(46)) - raft.server.log.corruption.policy = EXCEPTION (default)
2025-05-12 14:24:40,001 [0e533e05-30c1-4787-ae28-a1adde6b7b1c-impl-thread1] INFO  server.RaftServerConfigKeys (ConfUtils.java:logGet(46)) - raft.server.storage.dir = [/home/runner/work/ozone/ozone/hadoop-ozone/integration-test-s3/target/test-dir/MiniOzoneClusterImpl-3d63a36f-1eaa-4b4c-95b9-e111fcfd97b0/ozone-meta/scm-ha] (custom)
2025-05-12 14:24:40,007 [0e533e05-30c1-4787-ae28-a1adde6b7b1c-impl-thread1] INFO  storage.RaftStorageDirectory (RaftStorageDirectoryImpl.java:analyzeStorage(138)) - The storage directory /home/runner/work/ozone/ozone/hadoop-ozone/integration-test-s3/target/test-dir/MiniOzoneClusterImpl-3d63a36f-1eaa-4b4c-95b9-e111fcfd97b0/ozone-meta/scm-ha/3d63a36f-1eaa-4b4c-95b9-e111fcfd97b0 does not exist. Creating ...
2025-05-12 14:24:40,009 [0e533e05-30c1-4787-ae28-a1adde6b7b1c-impl-thread1] INFO  storage.RaftStorageDirectory (RaftStorageDirectoryImpl.java:tryLock(229)) - Lock on /home/runner/work/ozone/ozone/hadoop-ozone/integration-test-s3/target/test-dir/MiniOzoneClusterImpl-3d63a36f-1eaa-4b4c-95b9-e111fcfd97b0/ozone-meta/scm-ha/3d63a36f-1eaa-4b4c-95b9-e111fcfd97b0/in_use.lock acquired by nodename 75962@pkrvmberfyhpb9w
2025-05-12 14:24:40,014 [0e533e05-30c1-4787-ae28-a1adde6b7b1c-impl-thread1] INFO  storage.RaftStorage (RaftStorageImpl.java:format(98)) - Storage directory /home/runner/work/ozone/ozone/hadoop-ozone/integration-test-s3/target/test-dir/MiniOzoneClusterImpl-3d63a36f-1eaa-4b4c-95b9-e111fcfd97b0/ozone-meta/scm-ha/3d63a36f-1eaa-4b4c-95b9-e111fcfd97b0 has been successfully formatted.
2025-05-12 14:24:40,016 [0e533e05-30c1-4787-ae28-a1adde6b7b1c-impl-thread1] INFO  ha.SCMStateMachine (SCMStateMachine.java:lambda$initialize$0(135)) - 0e533e05-30c1-4787-ae28-a1adde6b7b1c: initialize group-E111FCFD97B0
2025-05-12 14:24:40,017 [0e533e05-30c1-4787-ae28-a1adde6b7b1c-impl-thread1] INFO  server.RaftServerConfigKeys (ConfUtils.java:logGet(46)) - raft.server.log.use.memory = false (default)
2025-05-12 14:24:40,023 [0e533e05-30c1-4787-ae28-a1adde6b7b1c-impl-thread1] INFO  server.RaftServerConfigKeys (ConfUtils.java:logGet(46)) - raft.server.log.purge.gap = 1000000 (custom)
2025-05-12 14:24:40,023 [0e533e05-30c1-4787-ae28-a1adde6b7b1c-impl-thread1] INFO  server.RaftServerConfigKeys (ConfUtils.java:logGet(46)) - raft.server.log.appender.buffer.byte-limit = 4194304 (custom)
2025-05-12 14:24:40,024 [0e533e05-30c1-4787-ae28-a1adde6b7b1c-impl-thread1] INFO  server.RaftServerConfigKeys (ConfUtils.java:logGet(46)) - raft.server.log.statemachine.data.read.timeout = 1000ms (default)
2025-05-12 14:24:40,025 [0e533e05-30c1-4787-ae28-a1adde6b7b1c-impl-thread1] INFO  server.RaftServerConfigKeys (ConfUtils.java:logGet(46)) - raft.server.log.purge.preservation.log.num = 0 (default)
2025-05-12 14:24:40,027 [0e533e05-30c1-4787-ae28-a1adde6b7b1c-impl-thread1] INFO  server.RaftServerConfigKeys (ConfUtils.java:logGet(46)) - raft.server.log.segment.size.max = 4194304 (custom)
2025-05-12 14:24:40,031 [0e533e05-30c1-4787-ae28-a1adde6b7b1c-impl-thread1] INFO  server.RaftServerConfigKeys (ConfUtils.java:logGet(46)) - raft.server.log.segment.cache.num.max = 2 (custom)
2025-05-12 14:24:40,031 [0e533e05-30c1-4787-ae28-a1adde6b7b1c-impl-thread1] INFO  server.RaftServerConfigKeys (ConfUtils.java:logGet(46)) - raft.server.log.segment.cache.size.max = 200MB (=209715200) (default)
2025-05-12 14:24:40,032 [0e533e05-30c1-4787-ae28-a1adde6b7b1c-impl-thread1] INFO  server.RaftServerConfigKeys (ConfUtils.java:logGet(46)) - raft.server.log.appender.buffer.byte-limit = 4194304 (custom)
2025-05-12 14:24:40,033 [0e533e05-30c1-4787-ae28-a1adde6b7b1c-impl-thread1] INFO  util.AwaitToRun (AwaitToRun.java:start(81)) - Thread[#39,0e533e05-30c1-4787-ae28-a1adde6b7b1c@group-E111FCFD97B0-cacheEviction-AwaitToRun,5,main] started
2025-05-12 14:24:40,037 [0e533e05-30c1-4787-ae28-a1adde6b7b1c-impl-thread1] INFO  segmented.SegmentedRaftLogWorker (SegmentedRaftLogWorker.java:<init>(188)) - new 0e533e05-30c1-4787-ae28-a1adde6b7b1c@group-E111FCFD97B0-SegmentedRaftLogWorker for RaftStorageImpl:Storage Directory /home/runner/work/ozone/ozone/hadoop-ozone/integration-test-s3/target/test-dir/MiniOzoneClusterImpl-3d63a36f-1eaa-4b4c-95b9-e111fcfd97b0/ozone-meta/scm-ha/3d63a36f-1eaa-4b4c-95b9-e111fcfd97b0
2025-05-12 14:24:40,037 [0e533e05-30c1-4787-ae28-a1adde6b7b1c-impl-thread1] INFO  server.RaftServerConfigKeys (ConfUtils.java:logGet(46)) - raft.server.log.queue.byte-limit = 64MB (=67108864) (default)
2025-05-12 14:24:40,038 [0e533e05-30c1-4787-ae28-a1adde6b7b1c-impl-thread1] INFO  server.RaftServerConfigKeys (ConfUtils.java:logGet(46)) - raft.server.log.queue.element-limit = 4096 (default)
2025-05-12 14:24:40,039 [0e533e05-30c1-4787-ae28-a1adde6b7b1c-impl-thread1] INFO  server.RaftServerConfigKeys (ConfUtils.java:logGet(46)) - raft.server.log.segment.size.max = 4194304 (custom)
2025-05-12 14:24:40,039 [0e533e05-30c1-4787-ae28-a1adde6b7b1c-impl-thread1] INFO  server.RaftServerConfigKeys (ConfUtils.java:logGet(46)) - raft.server.log.preallocated.size = 4194304 (custom)
2025-05-12 14:24:40,040 [0e533e05-30c1-4787-ae28-a1adde6b7b1c-impl-thread1] INFO  server.RaftServerConfigKeys (ConfUtils.java:logGet(46)) - raft.server.log.force.sync.num = 128 (default)
2025-05-12 14:24:40,040 [0e533e05-30c1-4787-ae28-a1adde6b7b1c-impl-thread1] INFO  server.RaftServerConfigKeys (ConfUtils.java:logGet(46)) - raft.server.log.statemachine.data.sync = true (default)
2025-05-12 14:24:40,041 [0e533e05-30c1-4787-ae28-a1adde6b7b1c-impl-thread1] INFO  server.RaftServerConfigKeys (ConfUtils.java:logGet(46)) - raft.server.log.statemachine.data.sync.timeout = 10s (default)
2025-05-12 14:24:40,041 [0e533e05-30c1-4787-ae28-a1adde6b7b1c-impl-thread1] INFO  server.RaftServerConfigKeys (ConfUtils.java:logGet(46)) - raft.server.log.statemachine.data.sync.timeout.retry = -1 (default)
2025-05-12 14:24:40,042 [0e533e05-30c1-4787-ae28-a1adde6b7b1c-impl-thread1] INFO  server.RaftServerConfigKeys (ConfUtils.java:logGet(46)) - raft.server.log.write.buffer.size = 4194312 (custom)
2025-05-12 14:24:40,044 [0e533e05-30c1-4787-ae28-a1adde6b7b1c-impl-thread1] INFO  server.RaftServerConfigKeys (ConfUtils.java:logGet(46)) - raft.server.log.appender.buffer.byte-limit = 4194304 (custom)
2025-05-12 14:24:40,045 [0e533e05-30c1-4787-ae28-a1adde6b7b1c-impl-thread1] INFO  server.RaftServerConfigKeys (ConfUtils.java:logGet(46)) - raft.server.log.unsafe-flush.enabled = false (default)
2025-05-12 14:24:40,045 [0e533e05-30c1-4787-ae28-a1adde6b7b1c-impl-thread1] INFO  server.RaftServerConfigKeys (ConfUtils.java:logGet(46)) - raft.server.log.async-flush.enabled = false (default)
2025-05-12 14:24:40,046 [0e533e05-30c1-4787-ae28-a1adde6b7b1c-impl-thread1] INFO  server.RaftServerConfigKeys (ConfUtils.java:logGet(46)) - raft.server.log.statemachine.data.caching.enabled = false (default)
2025-05-12 14:24:40,051 [0e533e05-30c1-4787-ae28-a1adde6b7b1c-impl-thread1] INFO  segmented.SegmentedRaftLogWorker (SegmentedRaftLogWorker.java:lambda$new$0(139)) - 0e533e05-30c1-4787-ae28-a1adde6b7b1c@group-E111FCFD97B0-SegmentedRaftLogWorker: flushIndex: setUnconditionally 0 -> -1
2025-05-12 14:24:40,051 [0e533e05-30c1-4787-ae28-a1adde6b7b1c-impl-thread1] INFO  segmented.SegmentedRaftLogWorker (SegmentedRaftLogWorker.java:lambda$new$0(139)) - 0e533e05-30c1-4787-ae28-a1adde6b7b1c@group-E111FCFD97B0-SegmentedRaftLogWorker: safeCacheEvictIndex: setUnconditionally 0 -> -1
2025-05-12 14:24:40,053 [0e533e05-30c1-4787-ae28-a1adde6b7b1c-impl-thread1] INFO  server.RaftServer$Division (RaftServerImpl.java:start(391)) - 0e533e05-30c1-4787-ae28-a1adde6b7b1c@group-E111FCFD97B0: start as a follower, conf=conf: {index: -1, cur=peers:[0e533e05-30c1-4787-ae28-a1adde6b7b1c|pkrvmberfyhpb9w:15004]|listeners:[], old=null}
2025-05-12 14:24:40,054 [0e533e05-30c1-4787-ae28-a1adde6b7b1c-impl-thread1] INFO  server.RaftServer$Division (RaftServerImpl.java:setRole(378)) - 0e533e05-30c1-4787-ae28-a1adde6b7b1c@group-E111FCFD97B0: changes role from      null to FOLLOWER at term 0 for startAsFollower
2025-05-12 14:24:40,055 [0e533e05-30c1-4787-ae28-a1adde6b7b1c-impl-thread1] INFO  impl.RoleInfo (RoleInfo.java:updateAndGet(148)) - 0e533e05-30c1-4787-ae28-a1adde6b7b1c: start 0e533e05-30c1-4787-ae28-a1adde6b7b1c@group-E111FCFD97B0-FollowerState
2025-05-12 14:24:40,056 [0e533e05-30c1-4787-ae28-a1adde6b7b1c@group-E111FCFD97B0-FollowerState] INFO  server.RaftServerConfigKeys (ConfUtils.java:logGet(46)) - raft.server.rpc.first-election.timeout.min = 1000ms (custom)
2025-05-12 14:24:40,056 [0e533e05-30c1-4787-ae28-a1adde6b7b1c@group-E111FCFD97B0-FollowerState] INFO  server.RaftServerConfigKeys (ConfUtils.java:logGet(46)) - raft.server.rpc.first-election.timeout.max = 1200ms (custom)
2025-05-12 14:24:40,058 [0e533e05-30c1-4787-ae28-a1adde6b7b1c-impl-thread1] INFO  util.JmxRegister (JmxRegister.java:tryRegister(44)) - Successfully registered JMX Bean with object name Ratis:service=RaftServer,group=group-E111FCFD97B0,id=0e533e05-30c1-4787-ae28-a1adde6b7b1c
2025-05-12 14:24:40,058 [0e533e05-30c1-4787-ae28-a1adde6b7b1c-impl-thread1] INFO  util.JmxRegister (JmxRegister.java:register(58)) - register mxBean class org.apache.ratis.server.impl.RaftServerJmxAdapter as Ratis:service=RaftServer,group=group-E111FCFD97B0,id=0e533e05-30c1-4787-ae28-a1adde6b7b1c
2025-05-12 14:24:40,059 [0e533e05-30c1-4787-ae28-a1adde6b7b1c-impl-thread1] INFO  server.RaftServerConfigKeys (ConfUtils.java:logGet(46)) - raft.server.snapshot.trigger-when-stop.enabled = true (default)
2025-05-12 14:24:40,060 [0e533e05-30c1-4787-ae28-a1adde6b7b1c-impl-thread1] INFO  server.RaftServerConfigKeys (ConfUtils.java:logGet(46)) - raft.server.snapshot.trigger-when-remove.enabled = true (default)
2025-05-12 14:24:40,060 [0e533e05-30c1-4787-ae28-a1adde6b7b1c-impl-thread1] INFO  server.RaftServerConfigKeys (ConfUtils.java:logGet(46)) - raft.server.snapshot.auto.trigger.enabled = true (custom)
2025-05-12 14:24:40,060 [0e533e05-30c1-4787-ae28-a1adde6b7b1c-impl-thread1] INFO  server.RaftServerConfigKeys (ConfUtils.java:logGet(46)) - raft.server.snapshot.auto.trigger.threshold = 1000 (custom)
2025-05-12 14:24:40,061 [0e533e05-30c1-4787-ae28-a1adde6b7b1c-impl-thread1] INFO  server.RaftServerConfigKeys (ConfUtils.java:logGet(46)) - raft.server.snapshot.retention.file.num = -1 (default)
2025-05-12 14:24:40,061 [0e533e05-30c1-4787-ae28-a1adde6b7b1c-impl-thread1] INFO  server.RaftServerConfigKeys (ConfUtils.java:logGet(46)) - raft.server.log.purge.upto.snapshot.index = false (default)
2025-05-12 14:24:40,065 [0e533e05-30c1-4787-ae28-a1adde6b7b1c-impl-thread1] INFO  server.RaftServer$Division (RaftServerImpl.java:start(405)) - 0e533e05-30c1-4787-ae28-a1adde6b7b1c@group-E111FCFD97B0: Successfully started.
2025-05-12 14:24:40,065 [main] INFO  server.RaftServer (RaftServerProxy.java:startImpl(407)) - 0e533e05-30c1-4787-ae28-a1adde6b7b1c: start RPC server
2025-05-12 14:24:40,099 [main] INFO  server.GrpcService (GrpcService.java:startImpl(334)) - 0e533e05-30c1-4787-ae28-a1adde6b7b1c: GrpcService started, listening on 15004
2025-05-12 14:24:40,100 [JvmPauseMonitor0] INFO  util.JvmPauseMonitor (JvmPauseMonitor.java:run(146)) - JvmPauseMonitor-0e533e05-30c1-4787-ae28-a1adde6b7b1c: Started
2025-05-12 14:24:41,251 [0e533e05-30c1-4787-ae28-a1adde6b7b1c@group-E111FCFD97B0-FollowerState] INFO  impl.FollowerState (FollowerState.java:runImpl(161)) - 0e533e05-30c1-4787-ae28-a1adde6b7b1c@group-E111FCFD97B0-FollowerState: change to CANDIDATE, lastRpcElapsedTime:1196002346ns, electionTimeout:1194ms
2025-05-12 14:24:41,252 [0e533e05-30c1-4787-ae28-a1adde6b7b1c@group-E111FCFD97B0-FollowerState] INFO  impl.RoleInfo (RoleInfo.java:shutdownFollowerState(121)) - 0e533e05-30c1-4787-ae28-a1adde6b7b1c: shutdown 0e533e05-30c1-4787-ae28-a1adde6b7b1c@group-E111FCFD97B0-FollowerState
2025-05-12 14:24:41,252 [0e533e05-30c1-4787-ae28-a1adde6b7b1c@group-E111FCFD97B0-FollowerState] INFO  server.RaftServer$Division (RaftServerImpl.java:setRole(378)) - 0e533e05-30c1-4787-ae28-a1adde6b7b1c@group-E111FCFD97B0: changes role from  FOLLOWER to CANDIDATE at term 0 for changeToCandidate
2025-05-12 14:24:41,253 [0e533e05-30c1-4787-ae28-a1adde6b7b1c@group-E111FCFD97B0-FollowerState] INFO  server.RaftServerConfigKeys (ConfUtils.java:logGet(46)) - raft.server.leaderelection.pre-vote = true (default)
2025-05-12 14:24:41,254 [0e533e05-30c1-4787-ae28-a1adde6b7b1c@group-E111FCFD97B0-FollowerState] INFO  impl.RoleInfo (RoleInfo.java:updateAndGet(148)) - 0e533e05-30c1-4787-ae28-a1adde6b7b1c: start 0e533e05-30c1-4787-ae28-a1adde6b7b1c@group-E111FCFD97B0-LeaderElection1
2025-05-12 14:24:41,257 [0e533e05-30c1-4787-ae28-a1adde6b7b1c@group-E111FCFD97B0-LeaderElection1] INFO  impl.LeaderElection (LeaderElection.java:askForVotes(332)) - 0e533e05-30c1-4787-ae28-a1adde6b7b1c@group-E111FCFD97B0-LeaderElection1 PRE_VOTE round 0: submit vote requests at term 0 for conf: {index: -1, cur=peers:[0e533e05-30c1-4787-ae28-a1adde6b7b1c|pkrvmberfyhpb9w:15004]|listeners:[], old=null}
2025-05-12 14:24:41,257 [0e533e05-30c1-4787-ae28-a1adde6b7b1c@group-E111FCFD97B0-LeaderElection1] INFO  impl.LeaderElection (LeaderElection.java:askForVotes(334)) - 0e533e05-30c1-4787-ae28-a1adde6b7b1c@group-E111FCFD97B0-LeaderElection1 PRE_VOTE round 0: result PASSED (term=0)
2025-05-12 14:24:41,261 [0e533e05-30c1-4787-ae28-a1adde6b7b1c@group-E111FCFD97B0-LeaderElection1] INFO  impl.LeaderElection (LeaderElection.java:askForVotes(332)) - 0e533e05-30c1-4787-ae28-a1adde6b7b1c@group-E111FCFD97B0-LeaderElection1 ELECTION round 0: submit vote requests at term 1 for conf: {index: -1, cur=peers:[0e533e05-30c1-4787-ae28-a1adde6b7b1c|pkrvmberfyhpb9w:15004]|listeners:[], old=null}
2025-05-12 14:24:41,261 [0e533e05-30c1-4787-ae28-a1adde6b7b1c@group-E111FCFD97B0-LeaderElection1] INFO  impl.LeaderElection (LeaderElection.java:askForVotes(334)) - 0e533e05-30c1-4787-ae28-a1adde6b7b1c@group-E111FCFD97B0-LeaderElection1 ELECTION round 0: result PASSED (term=1)
2025-05-12 14:24:41,261 [0e533e05-30c1-4787-ae28-a1adde6b7b1c@group-E111FCFD97B0-LeaderElection1] INFO  impl.RoleInfo (RoleInfo.java:shutdownLeaderElection(141)) - 0e533e05-30c1-4787-ae28-a1adde6b7b1c: shutdown 0e533e05-30c1-4787-ae28-a1adde6b7b1c@group-E111FCFD97B0-LeaderElection1
2025-05-12 14:24:41,261 [0e533e05-30c1-4787-ae28-a1adde6b7b1c@group-E111FCFD97B0-LeaderElection1] INFO  server.RaftServer$Division (RaftServerImpl.java:setRole(378)) - 0e533e05-30c1-4787-ae28-a1adde6b7b1c@group-E111FCFD97B0: changes role from CANDIDATE to LEADER at term 1 for changeToLeader
2025-05-12 14:24:41,266 [0e533e05-30c1-4787-ae28-a1adde6b7b1c@group-E111FCFD97B0-LeaderElection1] INFO  server.RaftServerConfigKeys (ConfUtils.java:logGet(46)) - raft.server.staging.catchup.gap = 1000 (default)
2025-05-12 14:24:41,269 [0e533e05-30c1-4787-ae28-a1adde6b7b1c@group-E111FCFD97B0-LeaderElection1] INFO  server.RaftServerConfigKeys (ConfUtils.java:logGet(46)) - raft.server.write.element-limit = 4096 (default)
2025-05-12 14:24:41,270 [0e533e05-30c1-4787-ae28-a1adde6b7b1c@group-E111FCFD97B0-LeaderElection1] INFO  server.RaftServerConfigKeys (ConfUtils.java:logGet(46)) - raft.server.write.byte-limit = 64MB (=67108864) (default)
2025-05-12 14:24:41,273 [0e533e05-30c1-4787-ae28-a1adde6b7b1c@group-E111FCFD97B0-LeaderElection1] INFO  server.RaftServerConfigKeys (ConfUtils.java:logGet(46)) - raft.server.watch.timeout = 10s (default)
2025-05-12 14:24:41,273 [0e533e05-30c1-4787-ae28-a1adde6b7b1c@group-E111FCFD97B0-LeaderElection1] INFO  server.RaftServerConfigKeys (ConfUtils.java:logGet(46)) - raft.server.watch.timeout.denomination = 1s (default)
2025-05-12 14:24:41,274 [0e533e05-30c1-4787-ae28-a1adde6b7b1c@group-E111FCFD97B0-LeaderElection1] INFO  server.RaftServerConfigKeys (ConfUtils.java:logGet(46)) - raft.server.watch.element-limit = 65536 (default)
2025-05-12 14:24:41,280 [0e533e05-30c1-4787-ae28-a1adde6b7b1c@group-E111FCFD97B0-LeaderElection1] INFO  server.RaftServerConfigKeys (ConfUtils.java:logGet(46)) - raft.server.read.leader.lease.enabled = false (default)
2025-05-12 14:24:41,281 [0e533e05-30c1-4787-ae28-a1adde6b7b1c@group-E111FCFD97B0-LeaderElection1] INFO  server.RaftServerConfigKeys (ConfUtils.java:logGet(46)) - raft.server.read.leader.lease.timeout.ratio = 0.9 (default)
2025-05-12 14:24:41,282 [0e533e05-30c1-4787-ae28-a1adde6b7b1c@group-E111FCFD97B0-LeaderElection1] INFO  server.RaftServerConfigKeys (ConfUtils.java:logGet(46)) - raft.server.rpc.timeout.min = 5000ms (custom)
2025-05-12 14:24:41,282 [0e533e05-30c1-4787-ae28-a1adde6b7b1c@group-E111FCFD97B0-LeaderElection1] INFO  server.RaftServerConfigKeys (ConfUtils.java:logGet(46)) - raft.server.log.log-metadata.enabled = true (default)
2025-05-12 14:24:41,282 [0e533e05-30c1-4787-ae28-a1adde6b7b1c@group-E111FCFD97B0-LeaderElection1] INFO  server.RaftServerConfigKeys (ConfUtils.java:logGet(46)) - raft.server.write.element-limit = 4096 (default)
2025-05-12 14:24:41,282 [0e533e05-30c1-4787-ae28-a1adde6b7b1c@group-E111FCFD97B0-LeaderElection1] INFO  server.RaftServerConfigKeys (ConfUtils.java:logGet(46)) - raft.server.write.follower.gap.ratio.max = -1.0 (default)
2025-05-12 14:24:41,284 [0e533e05-30c1-4787-ae28-a1adde6b7b1c@group-E111FCFD97B0-LeaderElection1] INFO  impl.RoleInfo (RoleInfo.java:updateAndGet(148)) - 0e533e05-30c1-4787-ae28-a1adde6b7b1c: start 0e533e05-30c1-4787-ae28-a1adde6b7b1c@group-E111FCFD97B0-LeaderStateImpl
2025-05-12 14:24:41,284 [0e533e05-30c1-4787-ae28-a1adde6b7b1c@group-E111FCFD97B0-LeaderElection1] INFO  server.RaftServer$Division (RaftServerImpl.java:setFirstElection(562)) - 0e533e05-30c1-4787-ae28-a1adde6b7b1c@group-E111FCFD97B0: set firstElectionSinceStartup to false for becomeLeader
2025-05-12 14:24:41,284 [0e533e05-30c1-4787-ae28-a1adde6b7b1c@group-E111FCFD97B0-LeaderElection1] INFO  server.RaftServer$Division (ServerState.java:setLeader(272)) - 0e533e05-30c1-4787-ae28-a1adde6b7b1c@group-E111FCFD97B0: change Leader from null to 0e533e05-30c1-4787-ae28-a1adde6b7b1c at term 1 for becomeLeader, leader elected after 1429ms
2025-05-12 14:24:41,296 [0e533e05-30c1-4787-ae28-a1adde6b7b1c@group-E111FCFD97B0-LeaderElection1] INFO  segmented.SegmentedRaftLogWorker (SegmentedRaftLogWorker.java:startLogSegment(438)) - 0e533e05-30c1-4787-ae28-a1adde6b7b1c@group-E111FCFD97B0-SegmentedRaftLogWorker: Starting segment from index:0
2025-05-12 14:24:41,309 [0e533e05-30c1-4787-ae28-a1adde6b7b1c@group-E111FCFD97B0-LeaderElection1] INFO  server.RaftServer$Division (ServerState.java:setRaftConf(386)) - 0e533e05-30c1-4787-ae28-a1adde6b7b1c@group-E111FCFD97B0: set configuration conf: {index: 0, cur=peers:[0e533e05-30c1-4787-ae28-a1adde6b7b1c|pkrvmberfyhpb9w:15004]|listeners:[], old=null}
2025-05-12 14:24:41,312 [0e533e05-30c1-4787-ae28-a1adde6b7b1c@group-E111FCFD97B0-SegmentedRaftLogWorker] INFO  segmented.BufferedWriteChannel (BufferedWriteChannel.java:open(61)) - open log_inprogress_0 at position 0
2025-05-12 14:24:41,318 [0e533e05-30c1-4787-ae28-a1adde6b7b1c@group-E111FCFD97B0-SegmentedRaftLogWorker] INFO  segmented.SegmentedRaftLogWorker (SegmentedRaftLogWorker.java:execute(644)) - 0e533e05-30c1-4787-ae28-a1adde6b7b1c@group-E111FCFD97B0-SegmentedRaftLogWorker: created new log segment /home/runner/work/ozone/ozone/hadoop-ozone/integration-test-s3/target/test-dir/MiniOzoneClusterImpl-3d63a36f-1eaa-4b4c-95b9-e111fcfd97b0/ozone-meta/scm-ha/3d63a36f-1eaa-4b4c-95b9-e111fcfd97b0/current/log_inprogress_0
2025-05-12 14:24:41,328 [0e533e05-30c1-4787-ae28-a1adde6b7b1c@group-E111FCFD97B0-StateMachineUpdater] INFO  server.RaftServer$Division (LeaderStateImpl.java:checkStartIndex(313)) - Leader 0e533e05-30c1-4787-ae28-a1adde6b7b1c@group-E111FCFD97B0-LeaderStateImpl is ready since appliedIndex == startIndex == 0
2025-05-12 14:24:42,101 [main] INFO  server.RaftServer (RaftServerProxy.java:lambda$close$9(417)) - 0e533e05-30c1-4787-ae28-a1adde6b7b1c: close
2025-05-12 14:24:42,102 [0e533e05-30c1-4787-ae28-a1adde6b7b1c-impl-thread1] INFO  server.RaftServer$Division (RaftServerImpl.java:lambda$close$1(513)) - 0e533e05-30c1-4787-ae28-a1adde6b7b1c@group-E111FCFD97B0: shutdown
2025-05-12 14:24:42,102 [main] INFO  server.GrpcService (GrpcService.java:closeImpl(343)) - 0e533e05-30c1-4787-ae28-a1adde6b7b1c: shutdown server GrpcServerProtocolService now
2025-05-12 14:24:42,102 [0e533e05-30c1-4787-ae28-a1adde6b7b1c-impl-thread1] INFO  util.JmxRegister (JmxRegister.java:unregister(74)) - Successfully un-registered JMX Bean with object name Ratis:service=RaftServer,group=group-E111FCFD97B0,id=0e533e05-30c1-4787-ae28-a1adde6b7b1c
2025-05-12 14:24:42,103 [0e533e05-30c1-4787-ae28-a1adde6b7b1c-impl-thread1] INFO  impl.RoleInfo (RoleInfo.java:shutdownLeaderState(103)) - 0e533e05-30c1-4787-ae28-a1adde6b7b1c: shutdown 0e533e05-30c1-4787-ae28-a1adde6b7b1c@group-E111FCFD97B0-LeaderStateImpl
2025-05-12 14:24:42,106 [0e533e05-30c1-4787-ae28-a1adde6b7b1c-impl-thread1] INFO  impl.PendingRequests (PendingRequests.java:sendNotLeaderResponses(287)) - 0e533e05-30c1-4787-ae28-a1adde6b7b1c@group-E111FCFD97B0-PendingRequests: sendNotLeaderResponses
2025-05-12 14:24:42,107 [main] INFO  server.GrpcService (GrpcService.java:closeImpl(352)) - 0e533e05-30c1-4787-ae28-a1adde6b7b1c: shutdown server GrpcServerProtocolService successfully
2025-05-12 14:24:42,109 [0e533e05-30c1-4787-ae28-a1adde6b7b1c-impl-thread1] INFO  impl.StateMachineUpdater (StateMachineUpdater.java:stopAndJoin(164)) - 0e533e05-30c1-4787-ae28-a1adde6b7b1c@group-E111FCFD97B0-StateMachineUpdater: set stopIndex = 0
2025-05-12 14:24:42,109 [0e533e05-30c1-4787-ae28-a1adde6b7b1c@group-E111FCFD97B0-StateMachineUpdater] INFO  impl.StateMachineUpdater (StateMachineUpdater.java:takeSnapshot(303)) - 0e533e05-30c1-4787-ae28-a1adde6b7b1c@group-E111FCFD97B0-StateMachineUpdater: Took a snapshot at index 0
2025-05-12 14:24:42,109 [0e533e05-30c1-4787-ae28-a1adde6b7b1c@group-E111FCFD97B0-StateMachineUpdater] INFO  impl.StateMachineUpdater (StateMachineUpdater.java:lambda$new$0(102)) - 0e533e05-30c1-4787-ae28-a1adde6b7b1c@group-E111FCFD97B0-StateMachineUpdater: snapshotIndex: updateIncreasingly -1 -> 0
2025-05-12 14:24:42,111 [0e533e05-30c1-4787-ae28-a1adde6b7b1c@group-E111FCFD97B0-StateMachineUpdater] INFO  impl.StateMachineUpdater (StateMachineUpdater.java:stop(141)) - 0e533e05-30c1-4787-ae28-a1adde6b7b1c@group-E111FCFD97B0-StateMachineUpdater: closing SCMStateMachine, lastApplied=(t:1, i:0)
2025-05-12 14:24:42,112 [0e533e05-30c1-4787-ae28-a1adde6b7b1c@group-E111FCFD97B0-cacheEviction-AwaitToRun] INFO  util.AwaitToRun (AwaitToRun.java:run(49)) - 0e533e05-30c1-4787-ae28-a1adde6b7b1c@group-E111FCFD97B0-cacheEviction-AwaitToRun-AwaitForSignal is interrupted
2025-05-12 14:24:42,323 [0e533e05-30c1-4787-ae28-a1adde6b7b1c-impl-thread1] INFO  segmented.SegmentedRaftLogWorker (SegmentedRaftLogWorker.java:close(252)) - 0e533e05-30c1-4787-ae28-a1adde6b7b1c@group-E111FCFD97B0-SegmentedRaftLogWorker close()
2025-05-12 14:24:42,327 [JvmPauseMonitor0] INFO  util.JvmPauseMonitor (JvmPauseMonitor.java:run(152)) - JvmPauseMonitor-0e533e05-30c1-4787-ae28-a1adde6b7b1c: Stopped
2025-05-12 14:24:42,359 [main] WARN  server.ServerUtils (ServerUtils.java:getScmDbDir(138)) - ozone.scm.db.dirs is not configured. We recommend adding this setting. Falling back to ozone.metadata.dirs instead.
2025-05-12 14:24:42,361 [main] INFO  ha.SCMHANodeDetails (SCMHANodeDetails.java:loadSCMHAConfig(162)) - ServiceID for StorageContainerManager is null
2025-05-12 14:24:42,361 [main] INFO  ha.SCMHANodeDetails (SCMHANodeDetails.java:loadSCMHAConfig(166)) - ozone.scm.default.service.id is not defined, falling back to ozone.scm.service.ids to find serviceID for StorageContainerManager if it is HA enabled cluster
2025-05-12 14:24:42,725 [main] WARN  utils.HAUtils (HAUtils.java:getMetaDir(311)) - ozone.scm.db.dirs is not configured. We recommend adding this setting. Falling back to ozone.metadata.dirs instead.
2025-05-12 14:24:42,819 [main] WARN  db.DBStoreBuilder (DBStoreBuilder.java:getDBDirPath(160)) - ozone.scm.db.dirs is not configured. We recommend adding this setting. Falling back to ozone.metadata.dirs instead.
2025-05-12 14:24:42,952 [main] INFO  net.NodeSchemaLoader (NodeSchemaLoader.java:loadSchemaFromFile(128)) - Loading schema from [jar:file:/home/runner/work/ozone/ozone/hadoop-hdds/common/target/hdds-common-2.1.0-SNAPSHOT.jar!/network-topology-default.xml]
2025-05-12 14:24:42,954 [main] INFO  net.NodeSchemaLoader (NodeSchemaLoader.java:loadSchema(175)) - Loading network topology layer schema file
2025-05-12 14:24:43,065 [main] INFO  ha.SCMRatisServerImpl (SCMRatisServerImpl.java:<init>(100)) - starting Raft server for scm:0e533e05-30c1-4787-ae28-a1adde6b7b1c
2025-05-12 14:24:43,069 [main] INFO  server.RaftServerConfigKeys (ConfUtils.java:logGet(46)) - raft.server.log.appender.buffer.byte-limit = 4194304 (custom)
2025-05-12 14:24:43,070 [main] INFO  server.RaftServer (ConfUtils.java:logGet(46)) - raft.rpc.type = GRPC (default)
2025-05-12 14:24:43,071 [main] INFO  grpc.GrpcConfigKeys (ConfUtils.java:logFallback(53)) - raft.grpc.admin.host = null (fallback to raft.grpc.server.host)
2025-05-12 14:24:43,071 [main] INFO  grpc.GrpcConfigKeys (ConfUtils.java:logFallback(53)) - raft.grpc.admin.port = 15004 (fallback to raft.grpc.server.port)
2025-05-12 14:24:43,071 [main] INFO  grpc.GrpcConfigKeys (ConfUtils.java:logFallback(53)) - raft.grpc.client.host = null (fallback to raft.grpc.server.host)
2025-05-12 14:24:43,071 [main] INFO  grpc.GrpcConfigKeys (ConfUtils.java:logFallback(53)) - raft.grpc.client.port = 15004 (fallback to raft.grpc.server.port)
2025-05-12 14:24:43,071 [main] INFO  grpc.GrpcConfigKeys (ConfUtils.java:logGet(46)) - raft.grpc.server.host = null (default)
2025-05-12 14:24:43,072 [main] INFO  grpc.GrpcConfigKeys (ConfUtils.java:logGet(46)) - raft.grpc.server.port = 15004 (custom)
2025-05-12 14:24:43,072 [main] INFO  server.GrpcService (ConfUtils.java:logGet(46)) - raft.grpc.message.size.max = 5242880 (custom)
2025-05-12 14:24:43,072 [main] INFO  server.GrpcService (ConfUtils.java:logGet(46)) - raft.grpc.flow.control.window = 1MB (=1048576) (default)
2025-05-12 14:24:43,072 [main] INFO  server.RaftServerConfigKeys (ConfUtils.java:logGet(46)) - raft.server.rpc.request.timeout = 30000ms (custom)
2025-05-12 14:24:43,072 [main] INFO  grpc.GrpcConfigKeys (ConfUtils.java:logGet(46)) - raft.grpc.server.heartbeat.channel = true (default)
2025-05-12 14:24:43,073 [main] INFO  server.RaftServerConfigKeys (ConfUtils.java:logGet(46)) - raft.server.log.appender.buffer.byte-limit = 4194304 (custom)
2025-05-12 14:24:43,073 [main] INFO  grpc.GrpcConfigKeys (ConfUtils.java:logGet(46)) - raft.grpc.server.async.request.thread.pool.cached = true (default)
2025-05-12 14:24:43,073 [main] INFO  grpc.GrpcConfigKeys (ConfUtils.java:logGet(46)) - raft.grpc.server.async.request.thread.pool.size = 32 (default)
2025-05-12 14:24:43,074 [main] INFO  impl.DataStreamServerImpl (ConfUtils.java:logGet(46)) - raft.datastream.type = DISABLED (default)
2025-05-12 14:24:43,074 [main] INFO  server.RaftServerConfigKeys (ConfUtils.java:logGet(46)) - raft.server.sleep.deviation.threshold = 300ms (default)
2025-05-12 14:24:43,074 [main] INFO  server.RaftServerConfigKeys (ConfUtils.java:logGet(46)) - raft.server.close.threshold = 60s (default)
2025-05-12 14:24:43,074 [main] INFO  server.RaftServerConfigKeys (ConfUtils.java:logGet(46)) - raft.server.leaderelection.leader.step-down.wait-time = 10s (default)
2025-05-12 14:24:43,075 [main] INFO  server.RaftServerConfigKeys (ConfUtils.java:logGet(46)) - raft.server.storage.dir = [/home/runner/work/ozone/ozone/hadoop-ozone/integration-test-s3/target/test-dir/MiniOzoneClusterImpl-3d63a36f-1eaa-4b4c-95b9-e111fcfd97b0/ozone-meta/scm-ha] (custom)
2025-05-12 14:24:43,076 [main] INFO  server.RaftServerConfigKeys (ConfUtils.java:logGet(46)) - raft.server.threadpool.proxy.cached = true (default)
2025-05-12 14:24:43,076 [main] INFO  server.RaftServerConfigKeys (ConfUtils.java:logGet(46)) - raft.server.threadpool.proxy.size = 0 (default)
2025-05-12 14:24:43,076 [0e533e05-30c1-4787-ae28-a1adde6b7b1c-impl-thread1] INFO  server.RaftServer (RaftServerProxy.java:initGroupDir(265)) - 0e533e05-30c1-4787-ae28-a1adde6b7b1c: found a subdirectory /home/runner/work/ozone/ozone/hadoop-ozone/integration-test-s3/target/test-dir/MiniOzoneClusterImpl-3d63a36f-1eaa-4b4c-95b9-e111fcfd97b0/ozone-meta/scm-ha/3d63a36f-1eaa-4b4c-95b9-e111fcfd97b0
2025-05-12 14:24:43,078 [main] INFO  server.RaftServer (RaftServerProxy.java:addNew(100)) - 0e533e05-30c1-4787-ae28-a1adde6b7b1c: addNew group-E111FCFD97B0:[] returns group-E111FCFD97B0:java.util.concurrent.CompletableFuture@147cc940[Not completed]
2025-05-12 14:24:43,079 [0e533e05-30c1-4787-ae28-a1adde6b7b1c-groupManagement] INFO  server.RaftServer$Division (RaftServerImpl.java:<init>(255)) - 0e533e05-30c1-4787-ae28-a1adde6b7b1c: new RaftServerImpl for group-E111FCFD97B0:[] with SCMStateMachine:uninitialized
2025-05-12 14:24:43,079 [0e533e05-30c1-4787-ae28-a1adde6b7b1c-groupManagement] INFO  server.RaftServerConfigKeys (ConfUtils.java:logGet(46)) - raft.server.rpc.timeout.min = 5000ms (custom)
2025-05-12 14:24:43,080 [0e533e05-30c1-4787-ae28-a1adde6b7b1c-groupManagement] INFO  server.RaftServerConfigKeys (ConfUtils.java:logGet(46)) - raft.server.rpc.timeout.max = 5200ms (custom)
2025-05-12 14:24:43,080 [0e533e05-30c1-4787-ae28-a1adde6b7b1c-groupManagement] INFO  server.RaftServerConfigKeys (ConfUtils.java:logGet(46)) - raft.server.rpc.sleep.time = 25ms (default)
2025-05-12 14:24:43,080 [0e533e05-30c1-4787-ae28-a1adde6b7b1c-groupManagement] INFO  server.RaftServerConfigKeys (ConfUtils.java:logGet(46)) - raft.server.rpc.slowness.timeout = 120000ms (custom)
2025-05-12 14:24:43,080 [0e533e05-30c1-4787-ae28-a1adde6b7b1c-groupManagement] INFO  server.RaftServerConfigKeys (ConfUtils.java:logGet(46)) - raft.server.leaderelection.leader.step-down.wait-time = 10s (default)
2025-05-12 14:24:43,080 [0e533e05-30c1-4787-ae28-a1adde6b7b1c-groupManagement] INFO  server.RaftServerConfigKeys (ConfUtils.java:logGet(46)) - raft.server.leaderelection.member.majority-add = false (default)
2025-05-12 14:24:43,080 [0e533e05-30c1-4787-ae28-a1adde6b7b1c-groupManagement] INFO  server.RaftServerConfigKeys (ConfUtils.java:logGet(46)) - raft.server.sleep.deviation.threshold = 300ms (default)
2025-05-12 14:24:43,080 [0e533e05-30c1-4787-ae28-a1adde6b7b1c-groupManagement] INFO  server.RaftServer$Division (ServerState.java:<init>(114)) - 0e533e05-30c1-4787-ae28-a1adde6b7b1c@group-E111FCFD97B0: ConfigurationManager, init=conf: {index: -1, cur=peers:[]|listeners:[], old=null}, confs=<EMPTY_MAP>
2025-05-12 14:24:43,080 [0e533e05-30c1-4787-ae28-a1adde6b7b1c-groupManagement] INFO  server.RaftServerConfigKeys (ConfUtils.java:logGet(46)) - raft.server.notification.no-leader.timeout = 60s (default)
2025-05-12 14:24:43,081 [0e533e05-30c1-4787-ae28-a1adde6b7b1c-groupManagement] INFO  server.RaftServerConfigKeys (ConfUtils.java:logGet(46)) - raft.server.read.timeout = 10s (default)
2025-05-12 14:24:43,081 [0e533e05-30c1-4787-ae28-a1adde6b7b1c-groupManagement] INFO  server.RaftServerConfigKeys (ConfUtils.java:logGet(46)) - raft.server.retrycache.expirytime = 60000ms (default)
2025-05-12 14:24:43,081 [0e533e05-30c1-4787-ae28-a1adde6b7b1c-groupManagement] INFO  server.RaftServerConfigKeys (ConfUtils.java:logGet(46)) - raft.server.retrycache.statistics.expirytime = 100ms (default)
2025-05-12 14:24:43,081 [0e533e05-30c1-4787-ae28-a1adde6b7b1c-groupManagement] INFO  server.RaftServerConfigKeys (ConfUtils.java:logGet(46)) - raft.server.read.option = DEFAULT (default)
2025-05-12 14:24:43,081 [0e533e05-30c1-4787-ae28-a1adde6b7b1c-groupManagement] INFO  server.RaftServerConfigKeys (ConfUtils.java:logGet(46)) - raft.server.read.read-after-write-consistent.write-index-cache.expiry-time = 60s (default)
2025-05-12 14:24:43,088 [0e533e05-30c1-4787-ae28-a1adde6b7b1c-groupManagement] INFO  server.RaftServerConfigKeys (ConfUtils.java:logGet(46)) - raft.server.rpc.request.timeout = 30000ms (custom)
2025-05-12 14:24:43,088 [0e533e05-30c1-4787-ae28-a1adde6b7b1c-groupManagement] INFO  server.RaftServerConfigKeys (ConfUtils.java:logGet(46)) - raft.server.log.appender.install.snapshot.enabled = false (custom)
2025-05-12 14:24:43,088 [0e533e05-30c1-4787-ae28-a1adde6b7b1c-groupManagement] INFO  server.RaftServerConfigKeys (ConfUtils.java:logGet(46)) - raft.server.threadpool.server.cached = true (default)
2025-05-12 14:24:43,089 [0e533e05-30c1-4787-ae28-a1adde6b7b1c-groupManagement] INFO  server.RaftServerConfigKeys (ConfUtils.java:logGet(46)) - raft.server.threadpool.server.size = 0 (default)
2025-05-12 14:24:43,089 [0e533e05-30c1-4787-ae28-a1adde6b7b1c-groupManagement] INFO  server.RaftServerConfigKeys (ConfUtils.java:logGet(46)) - raft.server.threadpool.client.cached = true (default)
2025-05-12 14:24:43,089 [0e533e05-30c1-4787-ae28-a1adde6b7b1c-groupManagement] INFO  server.RaftServerConfigKeys (ConfUtils.java:logGet(46)) - raft.server.threadpool.client.size = 0 (default)
2025-05-12 14:24:43,091 [main] INFO  ha.SCMSnapshotProvider (SCMSnapshotProvider.java:<init>(61)) - Initializing SCM Snapshot Provider
2025-05-12 14:24:43,091 [main] WARN  server.ServerUtils (ServerUtils.java:getDefaultRatisDirectory(304)) - Storage directory for Ratis is not configured. It is a good idea to map this to an SSD disk. Falling back to ozone.metadata.dirs
2025-05-12 14:24:43,092 [main] WARN  ha.SCMHAUtils (SCMHAUtils.java:getSCMRatisSnapshotDirectory(120)) - SCM snapshot dir is not configured. Falling back to ozone.metadata.dirs config
2025-05-12 14:24:43,116 [main] INFO  upgrade.AbstractLayoutVersionManager (AbstractLayoutVersionManager.java:init(80)) - Initializing Layout version manager with metadata layout = HBASE_SUPPORT (version = 8), software layout = HBASE_SUPPORT (version = 8)
2025-05-12 14:24:43,144 [main] INFO  ha.SequenceIdGenerator (SequenceIdGenerator.java:upgradeToSequenceId(355)) - upgrade localId to 115816896921600000
2025-05-12 14:24:43,145 [main] INFO  ha.SequenceIdGenerator (SequenceIdGenerator.java:upgradeToSequenceId(365)) - upgrade delTxnId to 0
2025-05-12 14:24:43,149 [main] INFO  ha.SequenceIdGenerator (SequenceIdGenerator.java:upgradeToSequenceId(382)) - upgrade containerId to 0
2025-05-12 14:24:43,151 [main] INFO  ha.SequenceIdGenerator (SequenceIdGenerator.java:upgradeToCertificateSequenceId(419)) - upgrade CertificateId to 2
2025-05-12 14:24:43,153 [main] INFO  ha.SequenceIdGenerator (SequenceIdGenerator.java:<init>(232)) - Init the HA SequenceIdGenerator.
2025-05-12 14:24:43,201 [main] WARN  server.ServerUtils (ServerUtils.java:sanitizeUserArgs(76)) - ozone.scm.stale.node.interval value = 300000 is larger than max = 100000 based on the key value of ozone.scm.heartbeat.thread.interval, reset to the max value 100000.
2025-05-12 14:24:43,201 [main] WARN  server.ServerUtils (ServerUtils.java:sanitizeUserArgs(76)) - ozone.scm.stale.node.interval value = 300000 is larger than max = 100000 based on the key value of ozone.scm.heartbeat.thread.interval, reset to the max value 100000.
2025-05-12 14:24:43,206 [main] INFO  node.SCMNodeManager (SCMNodeManager.java:<init>(182)) - Entering startup safe mode.
2025-05-12 14:24:43,218 [main] INFO  algorithms.ContainerPlacementPolicyFactory (ContainerPlacementPolicyFactory.java:getPolicyInternal(84)) - Create container placement policy of type org.apache.hadoop.hdds.scm.container.placement.algorithms.SCMContainerPlacementRackAware
2025-05-12 14:24:43,224 [main] INFO  algorithms.ContainerPlacementPolicyFactory (ContainerPlacementPolicyFactory.java:getPolicyInternal(84)) - Create container placement policy of type org.apache.hadoop.hdds.scm.container.placement.algorithms.SCMContainerPlacementRackScatter
2025-05-12 14:24:43,232 [main] INFO  pipeline.PipelineStateManagerImpl (PipelineStateManagerImpl.java:initialize(75)) - No pipeline exists in current db
2025-05-12 14:24:43,245 [main] INFO  algorithms.LeaderChoosePolicyFactory (LeaderChoosePolicyFactory.java:getPolicy(55)) - Create leader choose policy of type org.apache.hadoop.hdds.scm.pipeline.leader.choose.algorithms.MinLeaderCountChoosePolicy
2025-05-12 14:24:43,245 [main] INFO  algorithms.ContainerPlacementPolicyFactory (ContainerPlacementPolicyFactory.java:getPolicyInternal(84)) - Create container placement policy of type org.apache.hadoop.hdds.scm.container.placement.algorithms.SCMContainerPlacementRackScatter
2025-05-12 14:24:43,252 [main] INFO  ha.SCMServiceManager (SCMServiceManager.java:register(42)) - Registering service BackgroundPipelineCreator.
2025-05-12 14:24:43,252 [main] INFO  pipeline.BackgroundPipelineCreator (BackgroundPipelineCreator.java:start(126)) - Starting RatisPipelineUtilsThread.
2025-05-12 14:24:43,255 [main] INFO  BackgroundPipelineScrubber (BackgroundSCMService.java:start(64)) - Starting BackgroundPipelineScrubber Service.
2025-05-12 14:24:43,255 [main] INFO  ha.SCMServiceManager (SCMServiceManager.java:register(42)) - Registering service BackgroundPipelineScrubber.
2025-05-12 14:24:43,261 [main] INFO  ExpiredContainerReplicaOpScrubber (BackgroundSCMService.java:start(64)) - Starting ExpiredContainerReplicaOpScrubber Service.
2025-05-12 14:24:43,264 [main] INFO  ha.SCMServiceManager (SCMServiceManager.java:register(42)) - Registering service ExpiredContainerReplicaOpScrubber.
2025-05-12 14:24:43,295 [main] INFO  algorithms.PipelineChoosePolicyFactory (PipelineChoosePolicyFactory.java:createPipelineChoosePolicyFromClass(78)) - Create pipeline choose policy of type org.apache.hadoop.hdds.scm.pipeline.choose.algorithms.RandomPipelineChoosePolicy
2025-05-12 14:24:43,296 [main] INFO  algorithms.PipelineChoosePolicyFactory (PipelineChoosePolicyFactory.java:createPipelineChoosePolicyFromClass(78)) - Create pipeline choose policy of type org.apache.hadoop.hdds.scm.pipeline.choose.algorithms.RandomPipelineChoosePolicy
2025-05-12 14:24:43,328 [main] INFO  ha.SCMServiceManager (SCMServiceManager.java:register(42)) - Registering service SCMBlockDeletingService.
2025-05-12 14:24:43,376 [main] INFO  replication.ReplicationManager (ReplicationManager.java:start(285)) - Starting Replication Monitor Thread.
2025-05-12 14:24:43,377 [main] INFO  ha.SCMServiceManager (SCMServiceManager.java:register(42)) - Registering service ReplicationManager.
2025-05-12 14:24:43,386 [main] INFO  safemode.RatisContainerSafeModeRule (RatisContainerSafeModeRule.java:initializeRule(160)) - Refreshed Containers with one replica threshold count 0.
2025-05-12 14:24:43,388 [main] INFO  safemode.ECContainerSafeModeRule (ECContainerSafeModeRule.java:initializeRule(205)) - Refreshed Containers with ec n replica threshold count 0.
2025-05-12 14:24:43,392 [main] INFO  safemode.HealthyPipelineSafeModeRule (HealthyPipelineSafeModeRule.java:initializeRule(177)) - Total pipeline count is 0, healthy pipeline threshold count is 1
2025-05-12 14:24:43,395 [main] INFO  safemode.OneReplicaPipelineSafeModeRule (OneReplicaPipelineSafeModeRule.java:initializeRule(190)) - Total pipeline count is 0, pipeline's with at least one datanode reported threshold count is 0
2025-05-12 14:24:43,423 [main] WARN  util.NativeCodeLoader (NativeCodeLoader.java:<clinit>(60)) - Unable to load native-hadoop library for your platform... using builtin-java classes where applicable
2025-05-12 14:24:43,438 [main] INFO  server.StorageContainerManager (StorageContainerManager.java:<init>(430)) - SCM start with adminUsers: [runner]
2025-05-12 14:24:43,657 [main] INFO  audit.AuditLogger (AuditLogger.java:refreshDebugCmdSet(133)) - Refresh DebugCmdSet for SCMAudit to [].
2025-05-12 14:24:43,676 [main] INFO  ipc.CallQueueManager (CallQueueManager.java:<init>(93)) - Using callQueue: class java.util.concurrent.LinkedBlockingQueue, queueCapacity: 10000, scheduler: class org.apache.hadoop.ipc.DefaultRpcScheduler, ipcBackoff: false, ipcFailOver: false.
2025-05-12 14:24:43,693 [main] INFO  ipc.Server (Server.java:<init>(1438)) - Listener at 0.0.0.0:15002
2025-05-12 14:24:43,694 [Socket Reader #1 for port 15002] INFO  ipc.Server (Server.java:run(1474)) - Starting Socket Reader #1 for port 15002
2025-05-12 14:24:43,695 [Socket Reader #3 for port 15002] INFO  ipc.Server (Server.java:run(1474)) - Starting Socket Reader #3 for port 15002
2025-05-12 14:24:43,694 [Socket Reader #2 for port 15002] INFO  ipc.Server (Server.java:run(1474)) - Starting Socket Reader #2 for port 15002
2025-05-12 14:24:43,696 [Socket Reader #5 for port 15002] INFO  ipc.Server (Server.java:run(1474)) - Starting Socket Reader #5 for port 15002
2025-05-12 14:24:43,696 [Socket Reader #6 for port 15002] INFO  ipc.Server (Server.java:run(1474)) - Starting Socket Reader #6 for port 15002
2025-05-12 14:24:43,696 [Socket Reader #7 for port 15002] INFO  ipc.Server (Server.java:run(1474)) - Starting Socket Reader #7 for port 15002
2025-05-12 14:24:43,697 [Socket Reader #8 for port 15002] INFO  ipc.Server (Server.java:run(1474)) - Starting Socket Reader #8 for port 15002
2025-05-12 14:24:43,697 [Socket Reader #9 for port 15002] INFO  ipc.Server (Server.java:run(1474)) - Starting Socket Reader #9 for port 15002
2025-05-12 14:24:43,697 [Socket Reader #4 for port 15002] INFO  ipc.Server (Server.java:run(1474)) - Starting Socket Reader #4 for port 15002
2025-05-12 14:24:43,698 [Socket Reader #10 for port 15002] INFO  ipc.Server (Server.java:run(1474)) - Starting Socket Reader #10 for port 15002
2025-05-12 14:24:43,726 [main] INFO  audit.AuditLogger (AuditLogger.java:refreshDebugCmdSet(133)) - Refresh DebugCmdSet for SCMAudit to [].
2025-05-12 14:24:43,730 [main] INFO  ipc.CallQueueManager (CallQueueManager.java:<init>(93)) - Using callQueue: class java.util.concurrent.LinkedBlockingQueue, queueCapacity: 10000, scheduler: class org.apache.hadoop.ipc.DefaultRpcScheduler, ipcBackoff: false, ipcFailOver: false.
2025-05-12 14:24:43,731 [main] INFO  ipc.Server (Server.java:<init>(1438)) - Listener at 0.0.0.0:15001
2025-05-12 14:24:43,731 [Socket Reader #1 for port 15001] INFO  ipc.Server (Server.java:run(1474)) - Starting Socket Reader #1 for port 15001
2025-05-12 14:24:43,732 [Socket Reader #2 for port 15001] INFO  ipc.Server (Server.java:run(1474)) - Starting Socket Reader #2 for port 15001
2025-05-12 14:24:43,732 [Socket Reader #3 for port 15001] INFO  ipc.Server (Server.java:run(1474)) - Starting Socket Reader #3 for port 15001
2025-05-12 14:24:43,733 [Socket Reader #4 for port 15001] INFO  ipc.Server (Server.java:run(1474)) - Starting Socket Reader #4 for port 15001
2025-05-12 14:24:43,733 [Socket Reader #5 for port 15001] INFO  ipc.Server (Server.java:run(1474)) - Starting Socket Reader #5 for port 15001
2025-05-12 14:24:43,734 [Socket Reader #6 for port 15001] INFO  ipc.Server (Server.java:run(1474)) - Starting Socket Reader #6 for port 15001
2025-05-12 14:24:43,735 [Socket Reader #7 for port 15001] INFO  ipc.Server (Server.java:run(1474)) - Starting Socket Reader #7 for port 15001
2025-05-12 14:24:43,735 [Socket Reader #8 for port 15001] INFO  ipc.Server (Server.java:run(1474)) - Starting Socket Reader #8 for port 15001
2025-05-12 14:24:43,736 [Socket Reader #9 for port 15001] INFO  ipc.Server (Server.java:run(1474)) - Starting Socket Reader #9 for port 15001
2025-05-12 14:24:43,737 [Socket Reader #10 for port 15001] INFO  ipc.Server (Server.java:run(1474)) - Starting Socket Reader #10 for port 15001
2025-05-12 14:24:43,757 [main] INFO  audit.AuditLogger (AuditLogger.java:refreshDebugCmdSet(133)) - Refresh DebugCmdSet for SCMAudit to [].
2025-05-12 14:24:43,764 [main] INFO  ipc.CallQueueManager (CallQueueManager.java:<init>(93)) - Using callQueue: class java.util.concurrent.LinkedBlockingQueue, queueCapacity: 10000, scheduler: class org.apache.hadoop.ipc.DefaultRpcScheduler, ipcBackoff: false, ipcFailOver: false.
2025-05-12 14:24:43,765 [main] INFO  ipc.Server (Server.java:<init>(1438)) - Listener at 0.0.0.0:15000
2025-05-12 14:24:43,765 [Socket Reader #1 for port 15000] INFO  ipc.Server (Server.java:run(1474)) - Starting Socket Reader #1 for port 15000
2025-05-12 14:24:43,766 [Socket Reader #2 for port 15000] INFO  ipc.Server (Server.java:run(1474)) - Starting Socket Reader #2 for port 15000
2025-05-12 14:24:43,766 [Socket Reader #4 for port 15000] INFO  ipc.Server (Server.java:run(1474)) - Starting Socket Reader #4 for port 15000
2025-05-12 14:24:43,767 [Socket Reader #5 for port 15000] INFO  ipc.Server (Server.java:run(1474)) - Starting Socket Reader #5 for port 15000
2025-05-12 14:24:43,767 [Socket Reader #6 for port 15000] INFO  ipc.Server (Server.java:run(1474)) - Starting Socket Reader #6 for port 15000
2025-05-12 14:24:43,768 [Socket Reader #7 for port 15000] INFO  ipc.Server (Server.java:run(1474)) - Starting Socket Reader #7 for port 15000
2025-05-12 14:24:43,768 [Socket Reader #8 for port 15000] INFO  ipc.Server (Server.java:run(1474)) - Starting Socket Reader #8 for port 15000
2025-05-12 14:24:43,768 [Socket Reader #9 for port 15000] INFO  ipc.Server (Server.java:run(1474)) - Starting Socket Reader #9 for port 15000
2025-05-12 14:24:43,769 [Socket Reader #10 for port 15000] INFO  ipc.Server (Server.java:run(1474)) - Starting Socket Reader #10 for port 15000
2025-05-12 14:24:43,769 [Socket Reader #3 for port 15000] INFO  ipc.Server (Server.java:run(1474)) - Starting Socket Reader #3 for port 15000
2025-05-12 14:24:43,816 [main] INFO  ha.SCMServiceManager (SCMServiceManager.java:register(42)) - Registering service ContainerBalancer.
2025-05-12 14:24:43,817 [main] INFO  ha.SCMContext (SCMContext.java:updateSafeModeStatus(224)) - Update SafeModeStatus from SafeModeStatus{safeModeStatus=true, preCheckPassed=false} to SafeModeStatus{safeModeStatus=true, preCheckPassed=false}.
2025-05-12 14:24:43,827 [main] INFO  server.StorageContainerManager (StorageContainerManager.java:start(1507)) - StorageContainerLocationProtocol RPC server is listening at /0.0.0.0:15000
2025-05-12 14:24:43,828 [main] INFO  ha.SCMRatisServerImpl (SCMRatisServerImpl.java:start(203)) - starting ratis server 0.0.0.0:15004
2025-05-12 14:24:43,828 [0e533e05-30c1-4787-ae28-a1adde6b7b1c-impl-thread1] INFO  server.RaftServerConfigKeys (ConfUtils.java:logGet(46)) - raft.server.storage.free-space.min = 0MB (=0) (default)
2025-05-12 14:24:43,829 [0e533e05-30c1-4787-ae28-a1adde6b7b1c-impl-thread1] INFO  server.RaftServerConfigKeys (ConfUtils.java:logGet(46)) - raft.server.log.corruption.policy = EXCEPTION (default)
2025-05-12 14:24:43,829 [0e533e05-30c1-4787-ae28-a1adde6b7b1c-impl-thread1] INFO  server.RaftServerConfigKeys (ConfUtils.java:logGet(46)) - raft.server.storage.dir = [/home/runner/work/ozone/ozone/hadoop-ozone/integration-test-s3/target/test-dir/MiniOzoneClusterImpl-3d63a36f-1eaa-4b4c-95b9-e111fcfd97b0/ozone-meta/scm-ha] (custom)
2025-05-12 14:24:43,830 [0e533e05-30c1-4787-ae28-a1adde6b7b1c-impl-thread1] INFO  storage.RaftStorageDirectory (RaftStorageDirectoryImpl.java:tryLock(229)) - Lock on /home/runner/work/ozone/ozone/hadoop-ozone/integration-test-s3/target/test-dir/MiniOzoneClusterImpl-3d63a36f-1eaa-4b4c-95b9-e111fcfd97b0/ozone-meta/scm-ha/3d63a36f-1eaa-4b4c-95b9-e111fcfd97b0/in_use.lock acquired by nodename 75962@pkrvmberfyhpb9w
2025-05-12 14:24:43,832 [0e533e05-30c1-4787-ae28-a1adde6b7b1c-impl-thread1] INFO  storage.RaftStorage (RaftStorageImpl.java:analyzeAndRecoverStorage(118)) - Read RaftStorageMetadata{term=1, votedFor=0e533e05-30c1-4787-ae28-a1adde6b7b1c} from /home/runner/work/ozone/ozone/hadoop-ozone/integration-test-s3/target/test-dir/MiniOzoneClusterImpl-3d63a36f-1eaa-4b4c-95b9-e111fcfd97b0/ozone-meta/scm-ha/3d63a36f-1eaa-4b4c-95b9-e111fcfd97b0/current/raft-meta
2025-05-12 14:24:43,834 [0e533e05-30c1-4787-ae28-a1adde6b7b1c-impl-thread1] INFO  server.RaftServer$Division (ServerState.java:setRaftConf(386)) - 0e533e05-30c1-4787-ae28-a1adde6b7b1c@group-E111FCFD97B0: set configuration conf: {index: 0, cur=peers:[0e533e05-30c1-4787-ae28-a1adde6b7b1c|pkrvmberfyhpb9w:15004]|listeners:[], old=null}
2025-05-12 14:24:43,835 [0e533e05-30c1-4787-ae28-a1adde6b7b1c-impl-thread1] INFO  ha.SCMStateMachine (SCMStateMachine.java:lambda$initialize$0(135)) - 0e533e05-30c1-4787-ae28-a1adde6b7b1c: initialize group-E111FCFD97B0
2025-05-12 14:24:43,835 [0e533e05-30c1-4787-ae28-a1adde6b7b1c-impl-thread1] INFO  server.RaftServerConfigKeys (ConfUtils.java:logGet(46)) - raft.server.log.use.memory = false (default)
2025-05-12 14:24:43,835 [0e533e05-30c1-4787-ae28-a1adde6b7b1c-impl-thread1] INFO  server.RaftServerConfigKeys (ConfUtils.java:logGet(46)) - raft.server.log.purge.gap = 1000000 (custom)
2025-05-12 14:24:43,835 [0e533e05-30c1-4787-ae28-a1adde6b7b1c-impl-thread1] INFO  server.RaftServerConfigKeys (ConfUtils.java:logGet(46)) - raft.server.log.appender.buffer.byte-limit = 4194304 (custom)
2025-05-12 14:24:43,835 [0e533e05-30c1-4787-ae28-a1adde6b7b1c-impl-thread1] INFO  server.RaftServerConfigKeys (ConfUtils.java:logGet(46)) - raft.server.log.statemachine.data.read.timeout = 1000ms (default)
2025-05-12 14:24:43,836 [0e533e05-30c1-4787-ae28-a1adde6b7b1c-impl-thread1] INFO  server.RaftServerConfigKeys (ConfUtils.java:logGet(46)) - raft.server.log.purge.preservation.log.num = 0 (default)
2025-05-12 14:24:43,839 [0e533e05-30c1-4787-ae28-a1adde6b7b1c-impl-thread1] INFO  server.RaftServerConfigKeys (ConfUtils.java:logGet(46)) - raft.server.log.segment.size.max = 4194304 (custom)
2025-05-12 14:24:43,839 [0e533e05-30c1-4787-ae28-a1adde6b7b1c-impl-thread1] INFO  server.RaftServerConfigKeys (ConfUtils.java:logGet(46)) - raft.server.log.segment.cache.num.max = 2 (custom)
2025-05-12 14:24:43,839 [0e533e05-30c1-4787-ae28-a1adde6b7b1c-impl-thread1] INFO  server.RaftServerConfigKeys (ConfUtils.java:logGet(46)) - raft.server.log.segment.cache.size.max = 200MB (=209715200) (default)
2025-05-12 14:24:43,839 [0e533e05-30c1-4787-ae28-a1adde6b7b1c-impl-thread1] INFO  server.RaftServerConfigKeys (ConfUtils.java:logGet(46)) - raft.server.log.appender.buffer.byte-limit = 4194304 (custom)
2025-05-12 14:24:43,841 [0e533e05-30c1-4787-ae28-a1adde6b7b1c-impl-thread1] INFO  util.AwaitToRun (AwaitToRun.java:start(81)) - Thread[#112,0e533e05-30c1-4787-ae28-a1adde6b7b1c@group-E111FCFD97B0-cacheEviction-AwaitToRun,5,main] started
2025-05-12 14:24:43,841 [0e533e05-30c1-4787-ae28-a1adde6b7b1c-impl-thread1] INFO  segmented.SegmentedRaftLogWorker (SegmentedRaftLogWorker.java:<init>(188)) - new 0e533e05-30c1-4787-ae28-a1adde6b7b1c@group-E111FCFD97B0-SegmentedRaftLogWorker for RaftStorageImpl:Storage Directory /home/runner/work/ozone/ozone/hadoop-ozone/integration-test-s3/target/test-dir/MiniOzoneClusterImpl-3d63a36f-1eaa-4b4c-95b9-e111fcfd97b0/ozone-meta/scm-ha/3d63a36f-1eaa-4b4c-95b9-e111fcfd97b0
2025-05-12 14:24:43,841 [0e533e05-30c1-4787-ae28-a1adde6b7b1c-impl-thread1] INFO  server.RaftServerConfigKeys (ConfUtils.java:logGet(46)) - raft.server.log.queue.byte-limit = 64MB (=67108864) (default)
2025-05-12 14:24:43,841 [0e533e05-30c1-4787-ae28-a1adde6b7b1c-impl-thread1] INFO  server.RaftServerConfigKeys (ConfUtils.java:logGet(46)) - raft.server.log.queue.element-limit = 4096 (default)
2025-05-12 14:24:43,841 [0e533e05-30c1-4787-ae28-a1adde6b7b1c-impl-thread1] INFO  server.RaftServerConfigKeys (ConfUtils.java:logGet(46)) - raft.server.log.segment.size.max = 4194304 (custom)
2025-05-12 14:24:43,841 [0e533e05-30c1-4787-ae28-a1adde6b7b1c-impl-thread1] INFO  server.RaftServerConfigKeys (ConfUtils.java:logGet(46)) - raft.server.log.preallocated.size = 4194304 (custom)
2025-05-12 14:24:43,841 [0e533e05-30c1-4787-ae28-a1adde6b7b1c-impl-thread1] INFO  server.RaftServerConfigKeys (ConfUtils.java:logGet(46)) - raft.server.log.force.sync.num = 128 (default)
2025-05-12 14:24:43,842 [0e533e05-30c1-4787-ae28-a1adde6b7b1c-impl-thread1] INFO  server.RaftServerConfigKeys (ConfUtils.java:logGet(46)) - raft.server.log.statemachine.data.sync = true (default)
2025-05-12 14:24:43,842 [0e533e05-30c1-4787-ae28-a1adde6b7b1c-impl-thread1] INFO  server.RaftServerConfigKeys (ConfUtils.java:logGet(46)) - raft.server.log.statemachine.data.sync.timeout = 10s (default)
2025-05-12 14:24:43,842 [0e533e05-30c1-4787-ae28-a1adde6b7b1c-impl-thread1] INFO  server.RaftServerConfigKeys (ConfUtils.java:logGet(46)) - raft.server.log.statemachine.data.sync.timeout.retry = -1 (default)
2025-05-12 14:24:43,842 [0e533e05-30c1-4787-ae28-a1adde6b7b1c-impl-thread1] INFO  server.RaftServerConfigKeys (ConfUtils.java:logGet(46)) - raft.server.log.write.buffer.size = 4194312 (custom)
2025-05-12 14:24:43,843 [0e533e05-30c1-4787-ae28-a1adde6b7b1c-impl-thread1] INFO  server.RaftServerConfigKeys (ConfUtils.java:logGet(46)) - raft.server.log.appender.buffer.byte-limit = 4194304 (custom)
2025-05-12 14:24:43,843 [0e533e05-30c1-4787-ae28-a1adde6b7b1c-impl-thread1] INFO  server.RaftServerConfigKeys (ConfUtils.java:logGet(46)) - raft.server.log.unsafe-flush.enabled = false (default)
2025-05-12 14:24:43,843 [0e533e05-30c1-4787-ae28-a1adde6b7b1c-impl-thread1] INFO  server.RaftServerConfigKeys (ConfUtils.java:logGet(46)) - raft.server.log.async-flush.enabled = false (default)
2025-05-12 14:24:43,843 [0e533e05-30c1-4787-ae28-a1adde6b7b1c-impl-thread1] INFO  server.RaftServerConfigKeys (ConfUtils.java:logGet(46)) - raft.server.log.statemachine.data.caching.enabled = false (default)
2025-05-12 14:24:43,848 [0e533e05-30c1-4787-ae28-a1adde6b7b1c-impl-thread1] INFO  server.RaftServer$Division (ServerState.java:setRaftConf(386)) - 0e533e05-30c1-4787-ae28-a1adde6b7b1c@group-E111FCFD97B0: set configuration conf: {index: 0, cur=peers:[0e533e05-30c1-4787-ae28-a1adde6b7b1c|pkrvmberfyhpb9w:15004]|listeners:[], old=null}
2025-05-12 14:24:43,849 [0e533e05-30c1-4787-ae28-a1adde6b7b1c-impl-thread1] INFO  segmented.LogSegment (LogSegment.java:loadSegment(171)) - Successfully read 1 entries from segment file /home/runner/work/ozone/ozone/hadoop-ozone/integration-test-s3/target/test-dir/MiniOzoneClusterImpl-3d63a36f-1eaa-4b4c-95b9-e111fcfd97b0/ozone-meta/scm-ha/3d63a36f-1eaa-4b4c-95b9-e111fcfd97b0/current/log_inprogress_0
2025-05-12 14:24:43,849 [0e533e05-30c1-4787-ae28-a1adde6b7b1c-impl-thread1] INFO  segmented.SegmentedRaftLogWorker (SegmentedRaftLogWorker.java:lambda$new$0(139)) - 0e533e05-30c1-4787-ae28-a1adde6b7b1c@group-E111FCFD97B0-SegmentedRaftLogWorker: safeCacheEvictIndex: setUnconditionally 0 -> -1
2025-05-12 14:24:43,849 [0e533e05-30c1-4787-ae28-a1adde6b7b1c-impl-thread1] INFO  segmented.BufferedWriteChannel (BufferedWriteChannel.java:open(61)) - open log_inprogress_0 (append) at position 82
2025-05-12 14:24:43,850 [0e533e05-30c1-4787-ae28-a1adde6b7b1c-impl-thread1] INFO  server.RaftServer$Division (RaftServerImpl.java:start(391)) - 0e533e05-30c1-4787-ae28-a1adde6b7b1c@group-E111FCFD97B0: start as a follower, conf=conf: {index: 0, cur=peers:[0e533e05-30c1-4787-ae28-a1adde6b7b1c|pkrvmberfyhpb9w:15004]|listeners:[], old=null}
2025-05-12 14:24:43,850 [0e533e05-30c1-4787-ae28-a1adde6b7b1c-impl-thread1] INFO  server.RaftServer$Division (RaftServerImpl.java:setRole(378)) - 0e533e05-30c1-4787-ae28-a1adde6b7b1c@group-E111FCFD97B0: changes role from      null to FOLLOWER at term 1 for startAsFollower
2025-05-12 14:24:43,850 [0e533e05-30c1-4787-ae28-a1adde6b7b1c-impl-thread1] INFO  impl.RoleInfo (RoleInfo.java:updateAndGet(148)) - 0e533e05-30c1-4787-ae28-a1adde6b7b1c: start 0e533e05-30c1-4787-ae28-a1adde6b7b1c@group-E111FCFD97B0-FollowerState
2025-05-12 14:24:43,851 [0e533e05-30c1-4787-ae28-a1adde6b7b1c@group-E111FCFD97B0-FollowerState] INFO  server.RaftServerConfigKeys (ConfUtils.java:logGet(46)) - raft.server.rpc.first-election.timeout.min = 1000ms (custom)
2025-05-12 14:24:43,852 [0e533e05-30c1-4787-ae28-a1adde6b7b1c@group-E111FCFD97B0-FollowerState] INFO  server.RaftServerConfigKeys (ConfUtils.java:logGet(46)) - raft.server.rpc.first-election.timeout.max = 1200ms (custom)
2025-05-12 14:24:43,852 [0e533e05-30c1-4787-ae28-a1adde6b7b1c-impl-thread1] INFO  util.JmxRegister (JmxRegister.java:tryRegister(44)) - Successfully registered JMX Bean with object name Ratis:service=RaftServer,group=group-E111FCFD97B0,id=0e533e05-30c1-4787-ae28-a1adde6b7b1c
2025-05-12 14:24:43,852 [0e533e05-30c1-4787-ae28-a1adde6b7b1c-impl-thread1] INFO  util.JmxRegister (JmxRegister.java:register(58)) - register mxBean class org.apache.ratis.server.impl.RaftServerJmxAdapter as Ratis:service=RaftServer,group=group-E111FCFD97B0,id=0e533e05-30c1-4787-ae28-a1adde6b7b1c
2025-05-12 14:24:43,852 [0e533e05-30c1-4787-ae28-a1adde6b7b1c-impl-thread1] INFO  server.RaftServerConfigKeys (ConfUtils.java:logGet(46)) - raft.server.snapshot.trigger-when-stop.enabled = true (default)
2025-05-12 14:24:43,852 [0e533e05-30c1-4787-ae28-a1adde6b7b1c-impl-thread1] INFO  server.RaftServerConfigKeys (ConfUtils.java:logGet(46)) - raft.server.snapshot.trigger-when-remove.enabled = true (default)
2025-05-12 14:24:43,852 [0e533e05-30c1-4787-ae28-a1adde6b7b1c-impl-thread1] INFO  server.RaftServerConfigKeys (ConfUtils.java:logGet(46)) - raft.server.snapshot.auto.trigger.enabled = true (custom)
2025-05-12 14:24:43,852 [0e533e05-30c1-4787-ae28-a1adde6b7b1c-impl-thread1] INFO  server.RaftServerConfigKeys (ConfUtils.java:logGet(46)) - raft.server.snapshot.auto.trigger.threshold = 1000 (custom)
2025-05-12 14:24:43,853 [0e533e05-30c1-4787-ae28-a1adde6b7b1c-impl-thread1] INFO  server.RaftServerConfigKeys (ConfUtils.java:logGet(46)) - raft.server.snapshot.retention.file.num = -1 (default)
2025-05-12 14:24:43,853 [0e533e05-30c1-4787-ae28-a1adde6b7b1c-impl-thread1] INFO  server.RaftServerConfigKeys (ConfUtils.java:logGet(46)) - raft.server.log.purge.upto.snapshot.index = false (default)
2025-05-12 14:24:43,854 [0e533e05-30c1-4787-ae28-a1adde6b7b1c-impl-thread1] INFO  server.RaftServer$Division (RaftServerImpl.java:start(405)) - 0e533e05-30c1-4787-ae28-a1adde6b7b1c@group-E111FCFD97B0: Successfully started.
2025-05-12 14:24:43,854 [main] INFO  server.RaftServer (RaftServerProxy.java:startImpl(407)) - 0e533e05-30c1-4787-ae28-a1adde6b7b1c: start RPC server
2025-05-12 14:24:43,855 [main] INFO  server.GrpcService (GrpcService.java:startImpl(334)) - 0e533e05-30c1-4787-ae28-a1adde6b7b1c: GrpcService started, listening on 15004
2025-05-12 14:24:43,857 [JvmPauseMonitor1] INFO  util.JvmPauseMonitor (JvmPauseMonitor.java:run(146)) - JvmPauseMonitor-0e533e05-30c1-4787-ae28-a1adde6b7b1c: Started
2025-05-12 14:24:43,861 [main] INFO  ha.SCMHAManagerImpl (SCMHAManagerImpl.java:start(131)) -  scm role is FOLLOWER peers [0e533e05-30c1-4787-ae28-a1adde6b7b1c|pkrvmberfyhpb9w:15004]
2025-05-12 14:24:43,861 [main] INFO  ha.InterSCMGrpcService (InterSCMGrpcProtocolService.java:start(98)) - Starting SCM Grpc Service at port 15005
2025-05-12 14:24:43,862 [main] INFO  SCMHATransactionMonitor (BackgroundSCMService.java:start(64)) - Starting SCMHATransactionMonitor Service.
2025-05-12 14:24:43,863 [main] INFO  ha.SCMServiceManager (SCMServiceManager.java:register(42)) - Registering service SCMHATransactionMonitor.
2025-05-12 14:24:43,863 [main] INFO  SCMHATransactionMonitor (BackgroundSCMService.java:start(61)) - SCMHATransactionMonitor Service is already running, skip start.
2025-05-12 14:24:43,896 [main] WARN  impl.MetricsConfig (MetricsConfig.java:loadFirst(138)) - Cannot locate configuration: tried hadoop-metrics2-storagecontainermanager.properties,hadoop-metrics2.properties
2025-05-12 14:24:43,903 [main] INFO  impl.MetricsSystemImpl (MetricsSystemImpl.java:startTimer(378)) - Scheduled Metric snapshot period at 10 second(s).
2025-05-12 14:24:43,903 [main] INFO  impl.MetricsSystemImpl (MetricsSystemImpl.java:start(191)) - StorageContainerManager metrics system started
2025-05-12 14:24:44,004 [main] INFO  server.SCMClientProtocolServer (SCMClientProtocolServer.java:start(207)) - RPC server for Client  is listening at /0.0.0.0:15000
2025-05-12 14:24:44,005 [IPC Server Responder] INFO  ipc.Server (Server.java:run(1713)) - IPC Server Responder: starting
2025-05-12 14:24:44,006 [IPC Server listener on 15000] INFO  ipc.Server (Server.java:run(1553)) - IPC Server listener on 15000: starting
2025-05-12 14:24:44,021 [main] INFO  server.StorageContainerManager (StorageContainerManager.java:start(1520)) - ScmBlockLocationProtocol RPC server is listening at /0.0.0.0:15001
2025-05-12 14:24:44,022 [main] INFO  server.SCMBlockProtocolServer (SCMBlockProtocolServer.java:start(166)) - RPC server for Block Protocol is listening at /0.0.0.0:15001
2025-05-12 14:24:44,023 [IPC Server Responder] INFO  ipc.Server (Server.java:run(1713)) - IPC Server Responder: starting
2025-05-12 14:24:44,023 [IPC Server listener on 15001] INFO  ipc.Server (Server.java:run(1553)) - IPC Server listener on 15001: starting
2025-05-12 14:24:44,052 [main] INFO  http.BaseHttpServer (BaseHttpServer.java:newHttpServer2BuilderForOzone(229)) - Starting Web-server for scm at: http://0.0.0.0:15003
2025-05-12 14:24:44,052 [main] INFO  http.BaseHttpServer (BaseHttpServer.java:<init>(107)) - Hadoop Security Enabled: false Ozone Security Enabled: false Ozone HTTP Security Enabled: false 
2025-05-12 14:24:44,070 [main] INFO  util.log (Log.java:initialized(170)) - Logging initialized @5970ms to org.eclipse.jetty.util.log.Slf4jLog
2025-05-12 14:24:44,125 [main] WARN  server.AuthenticationFilter (AuthenticationFilter.java:constructSecretProvider(240)) - Unable to initialize FileSignerSecretProvider, falling back to use random secrets. Reason: Could not read signature secret file: /home/runner/hadoop-http-auth-signature-secret
2025-05-12 14:24:44,147 [main] INFO  http.HttpServer2 (HttpServer2.java:addGlobalFilter(1042)) - Added global filter 'safety' (class=org.apache.hadoop.hdds.server.http.HttpServer2$QuotingInputFilter)
2025-05-12 14:24:44,148 [main] INFO  http.HttpServer2 (HttpServer2.java:addFilter(1018)) - Added filter static_user_filter (class=org.apache.hadoop.http.lib.StaticUserWebFilter$StaticUserFilter) to context scm
2025-05-12 14:24:44,149 [main] INFO  http.HttpServer2 (HttpServer2.java:addFilter(1026)) - Added filter static_user_filter (class=org.apache.hadoop.http.lib.StaticUserWebFilter$StaticUserFilter) to context logs
2025-05-12 14:24:44,149 [main] INFO  http.HttpServer2 (HttpServer2.java:addFilter(1026)) - Added filter static_user_filter (class=org.apache.hadoop.http.lib.StaticUserWebFilter$StaticUserFilter) to context static
2025-05-12 14:24:44,171 [main] INFO  http.BaseHttpServer (BaseHttpServer.java:<init>(195)) - HTTP server of scm uses base directory /home/runner/work/ozone/ozone/hadoop-ozone/integration-test-s3/target/test-dir/MiniOzoneClusterImpl-3d63a36f-1eaa-4b4c-95b9-e111fcfd97b0/ozone-meta/webserver
2025-05-12 14:24:44,172 [main] INFO  http.HttpServer2 (HttpServer2.java:bindListener(1242)) - Jetty bound to port 15003
2025-05-12 14:24:44,173 [main] INFO  server.Server (Server.java:doStart(375)) - jetty-9.4.57.v20241219; built: 2025-01-08T21:24:30.412Z; git: df524e6b29271c2e09ba9aea83c18dc9db464a31; jvm 21.0.7+6-LTS
2025-05-12 14:24:44,190 [main] INFO  server.session (DefaultSessionIdManager.java:doStart(334)) - DefaultSessionIdManager workerName=node0
2025-05-12 14:24:44,190 [main] INFO  server.session (DefaultSessionIdManager.java:doStart(339)) - No SessionScavenger set, using defaults
2025-05-12 14:24:44,191 [main] INFO  server.session (HouseKeeper.java:startScavenging(132)) - node0 Scavenging every 600000ms
2025-05-12 14:24:44,199 [main] INFO  handler.ContextHandler (ContextHandler.java:doStart(921)) - Started o.e.j.s.ServletContextHandler@50aa9a91{logs,/logs,file:///home/runner/work/ozone/ozone/hadoop-ozone/integration-test-s3/target/log,AVAILABLE}
2025-05-12 14:24:44,200 [main] INFO  handler.ContextHandler (ContextHandler.java:doStart(921)) - Started o.e.j.s.ServletContextHandler@36e358de{static,/static,jar:file:/home/runner/work/ozone/ozone/hadoop-hdds/server-scm/target/hdds-server-scm-2.1.0-SNAPSHOT.jar!/webapps/static,AVAILABLE}
2025-05-12 14:24:44,397 [main] INFO  handler.ContextHandler (ContextHandler.java:doStart(921)) - Started o.e.j.w.WebAppContext@5dc1597f{scm,/,file:///home/runner/work/ozone/ozone/hadoop-ozone/integration-test-s3/target/test-dir/MiniOzoneClusterImpl-3d63a36f-1eaa-4b4c-95b9-e111fcfd97b0/ozone-meta/webserver/jetty-0_0_0_0-15003-hdds-server-scm-2_1_0-SNAPSHOT_jar-_-any-3279683829397037922/webapp/,AVAILABLE}{jar:file:/home/runner/work/ozone/ozone/hadoop-hdds/server-scm/target/hdds-server-scm-2.1.0-SNAPSHOT.jar!/webapps/scm}
2025-05-12 14:24:44,402 [main] INFO  server.AbstractConnector (AbstractConnector.java:doStart(333)) - Started ServerConnector@66576bd2{HTTP/1.1, (http/1.1)}{0.0.0.0:15003}
2025-05-12 14:24:44,403 [main] INFO  server.Server (Server.java:doStart(415)) - Started @6303ms
2025-05-12 14:24:44,404 [main] INFO  impl.MetricsSinkAdapter (MetricsSinkAdapter.java:start(204)) - Sink prometheus started
2025-05-12 14:24:44,404 [main] INFO  impl.MetricsSystemImpl (MetricsSystemImpl.java:registerSink(305)) - Registered sink prometheus
2025-05-12 14:24:44,405 [main] INFO  http.BaseHttpServer (BaseHttpServer.java:updateConnectorAddress(359)) - HTTP server of scm listening at http://0.0.0.0:15003
2025-05-12 14:24:44,411 [main] WARN  server.ServerUtils (ServerUtils.java:getDBPath(292)) - ozone.om.db.dirs is not configured. We recommend adding this setting. Falling back to ozone.metadata.dirs instead.
2025-05-12 14:24:44,470 [main] INFO  audit.AuditLogger (AuditLogger.java:refreshDebugCmdSet(133)) - Refresh DebugCmdSet for OMAudit to [].
2025-05-12 14:24:44,484 [main] INFO  audit.AuditLogger (AuditLogger.java:refreshDebugCmdSet(133)) - Refresh DebugCmdSet for OMSystemAudit to [].
2025-05-12 14:24:44,529 [main] INFO  ha.OMHANodeDetails (OMHANodeDetails.java:loadOMHAConfig(113)) - ozone.om.internal.service.id is not defined, falling back to ozone.om.service.ids to find serviceID for OzoneManager if it is HA enabled cluster
2025-05-12 14:24:44,532 [main] INFO  ha.OMHANodeDetails (OMHANodeDetails.java:loadOMHAConfig(224)) - Configuration does not have ozone.om.address set. Falling back to the default OM address /127.0.0.1:15006
2025-05-12 14:24:44,532 [main] INFO  ha.OMHANodeDetails (OMHANodeDetails.java:getOMNodeDetailsForNonHA(252)) - OM Service ID is not set. Setting it to the default ID: omServiceIdDefault
2025-05-12 14:24:44,532 [main] INFO  ha.OMHANodeDetails (OMHANodeDetails.java:getOMNodeDetailsForNonHA(259)) - OM Node ID is not set. Setting it to the default ID: om1
2025-05-12 14:24:44,536 [main] WARN  server.ServerUtils (ServerUtils.java:getDBPath(292)) - ozone.om.db.dirs is not configured. We recommend adding this setting. Falling back to ozone.metadata.dirs instead.
2025-05-12 14:24:44,540 [main] INFO  upgrade.AbstractLayoutVersionManager (AbstractLayoutVersionManager.java:init(80)) - Initializing Layout version manager with metadata layout = DELEGATION_TOKEN_SYMMETRIC_SIGN (version = 8), software layout = DELEGATION_TOKEN_SYMMETRIC_SIGN (version = 8)
2025-05-12 14:24:44,626 [main] INFO  reflections.Reflections (Reflections.java:scan(219)) - Reflections took 85 ms to scan 1 urls, producing 147 keys and 458 values
2025-05-12 14:24:44,630 [main] INFO  upgrade.OMLayoutVersionManager (OMLayoutVersionManager.java:lambda$0(110)) - Skipping Upgrade Action QuotaRepairUpgradeAction since it has been finalized.
2025-05-12 14:24:44,632 [main] WARN  server.ServerUtils (ServerUtils.java:getDBPath(292)) - ozone.om.db.dirs is not configured. We recommend adding this setting. Falling back to ozone.metadata.dirs instead.
2025-05-12 14:24:44,637 [main] INFO  om.OzoneManager (OzoneManager.java:setReplicationFromConfig(4596)) - Set default replication in OM: RATIS/3 -> RATIS/THREE
2025-05-12 14:24:44,650 [main] INFO  proxy.SCMContainerLocationFailoverProxyProvider (SCMFailoverProxyProviderBase.java:<init>(120)) - Created fail-over proxy for protocol StorageContainerLocationProtocolPB with 1 nodes: [nodeId=scmNodeId,nodeAddress=/0.0.0.0:15000]
2025-05-12 14:24:44,686 [main] INFO  proxy.SCMBlockLocationFailoverProxyProvider (SCMFailoverProxyProviderBase.java:<init>(120)) - Created fail-over proxy for protocol ScmBlockLocationProtocolPB with 1 nodes: [nodeId=scmNodeId,nodeAddress=/0.0.0.0:15001]
2025-05-12 14:24:44,703 [main] INFO  proxy.SCMBlockLocationFailoverProxyProvider (SCMFailoverProxyProviderBase.java:<init>(120)) - Created fail-over proxy for protocol ScmBlockLocationProtocolPB with 1 nodes: [nodeId=scmNodeId,nodeAddress=/0.0.0.0:15001]
2025-05-12 14:24:44,961 [0e533e05-30c1-4787-ae28-a1adde6b7b1c@group-E111FCFD97B0-FollowerState] INFO  impl.FollowerState (FollowerState.java:runImpl(161)) - 0e533e05-30c1-4787-ae28-a1adde6b7b1c@group-E111FCFD97B0-FollowerState: change to CANDIDATE, lastRpcElapsedTime:1110551397ns, electionTimeout:1109ms
2025-05-12 14:24:44,961 [0e533e05-30c1-4787-ae28-a1adde6b7b1c@group-E111FCFD97B0-FollowerState] INFO  impl.RoleInfo (RoleInfo.java:shutdownFollowerState(121)) - 0e533e05-30c1-4787-ae28-a1adde6b7b1c: shutdown 0e533e05-30c1-4787-ae28-a1adde6b7b1c@group-E111FCFD97B0-FollowerState
2025-05-12 14:24:44,961 [0e533e05-30c1-4787-ae28-a1adde6b7b1c@group-E111FCFD97B0-FollowerState] INFO  server.RaftServer$Division (RaftServerImpl.java:setRole(378)) - 0e533e05-30c1-4787-ae28-a1adde6b7b1c@group-E111FCFD97B0: changes role from  FOLLOWER to CANDIDATE at term 1 for changeToCandidate
2025-05-12 14:24:44,962 [0e533e05-30c1-4787-ae28-a1adde6b7b1c@group-E111FCFD97B0-FollowerState] INFO  server.RaftServerConfigKeys (ConfUtils.java:logGet(46)) - raft.server.leaderelection.pre-vote = true (default)
2025-05-12 14:24:44,962 [0e533e05-30c1-4787-ae28-a1adde6b7b1c@group-E111FCFD97B0-FollowerState] INFO  impl.RoleInfo (RoleInfo.java:updateAndGet(148)) - 0e533e05-30c1-4787-ae28-a1adde6b7b1c: start 0e533e05-30c1-4787-ae28-a1adde6b7b1c@group-E111FCFD97B0-LeaderElection2
2025-05-12 14:24:44,962 [0e533e05-30c1-4787-ae28-a1adde6b7b1c@group-E111FCFD97B0-LeaderElection2] INFO  impl.LeaderElection (LeaderElection.java:askForVotes(332)) - 0e533e05-30c1-4787-ae28-a1adde6b7b1c@group-E111FCFD97B0-LeaderElection2 PRE_VOTE round 0: submit vote requests at term 1 for conf: {index: 0, cur=peers:[0e533e05-30c1-4787-ae28-a1adde6b7b1c|pkrvmberfyhpb9w:15004]|listeners:[], old=null}
2025-05-12 14:24:44,963 [0e533e05-30c1-4787-ae28-a1adde6b7b1c@group-E111FCFD97B0-LeaderElection2] INFO  impl.LeaderElection (LeaderElection.java:askForVotes(334)) - 0e533e05-30c1-4787-ae28-a1adde6b7b1c@group-E111FCFD97B0-LeaderElection2 PRE_VOTE round 0: result PASSED (term=1)
2025-05-12 14:24:44,964 [0e533e05-30c1-4787-ae28-a1adde6b7b1c@group-E111FCFD97B0-LeaderElection2] INFO  impl.LeaderElection (LeaderElection.java:askForVotes(332)) - 0e533e05-30c1-4787-ae28-a1adde6b7b1c@group-E111FCFD97B0-LeaderElection2 ELECTION round 0: submit vote requests at term 2 for conf: {index: 0, cur=peers:[0e533e05-30c1-4787-ae28-a1adde6b7b1c|pkrvmberfyhpb9w:15004]|listeners:[], old=null}
2025-05-12 14:24:44,964 [0e533e05-30c1-4787-ae28-a1adde6b7b1c@group-E111FCFD97B0-LeaderElection2] INFO  impl.LeaderElection (LeaderElection.java:askForVotes(334)) - 0e533e05-30c1-4787-ae28-a1adde6b7b1c@group-E111FCFD97B0-LeaderElection2 ELECTION round 0: result PASSED (term=2)
2025-05-12 14:24:44,965 [0e533e05-30c1-4787-ae28-a1adde6b7b1c@group-E111FCFD97B0-LeaderElection2] INFO  impl.RoleInfo (RoleInfo.java:shutdownLeaderElection(141)) - 0e533e05-30c1-4787-ae28-a1adde6b7b1c: shutdown 0e533e05-30c1-4787-ae28-a1adde6b7b1c@group-E111FCFD97B0-LeaderElection2
2025-05-12 14:24:44,965 [0e533e05-30c1-4787-ae28-a1adde6b7b1c@group-E111FCFD97B0-LeaderElection2] INFO  server.RaftServer$Division (RaftServerImpl.java:setRole(378)) - 0e533e05-30c1-4787-ae28-a1adde6b7b1c@group-E111FCFD97B0: changes role from CANDIDATE to LEADER at term 2 for changeToLeader
2025-05-12 14:24:44,965 [0e533e05-30c1-4787-ae28-a1adde6b7b1c@group-E111FCFD97B0-LeaderElection2] INFO  server.RaftServerConfigKeys (ConfUtils.java:logGet(46)) - raft.server.staging.catchup.gap = 1000 (default)
2025-05-12 14:24:44,965 [0e533e05-30c1-4787-ae28-a1adde6b7b1c@group-E111FCFD97B0-LeaderElection2] INFO  server.RaftServerConfigKeys (ConfUtils.java:logGet(46)) - raft.server.write.element-limit = 4096 (default)
2025-05-12 14:24:44,965 [0e533e05-30c1-4787-ae28-a1adde6b7b1c@group-E111FCFD97B0-LeaderElection2] INFO  server.RaftServerConfigKeys (ConfUtils.java:logGet(46)) - raft.server.write.byte-limit = 64MB (=67108864) (default)
2025-05-12 14:24:44,966 [0e533e05-30c1-4787-ae28-a1adde6b7b1c@group-E111FCFD97B0-LeaderElection2] INFO  server.RaftServerConfigKeys (ConfUtils.java:logGet(46)) - raft.server.watch.timeout = 10s (default)
2025-05-12 14:24:44,966 [0e533e05-30c1-4787-ae28-a1adde6b7b1c@group-E111FCFD97B0-LeaderElection2] INFO  server.RaftServerConfigKeys (ConfUtils.java:logGet(46)) - raft.server.watch.timeout.denomination = 1s (default)
2025-05-12 14:24:44,966 [0e533e05-30c1-4787-ae28-a1adde6b7b1c@group-E111FCFD97B0-LeaderElection2] INFO  server.RaftServerConfigKeys (ConfUtils.java:logGet(46)) - raft.server.watch.element-limit = 65536 (default)
2025-05-12 14:24:44,967 [0e533e05-30c1-4787-ae28-a1adde6b7b1c@group-E111FCFD97B0-LeaderElection2] INFO  server.RaftServerConfigKeys (ConfUtils.java:logGet(46)) - raft.server.read.leader.lease.enabled = false (default)
2025-05-12 14:24:44,967 [0e533e05-30c1-4787-ae28-a1adde6b7b1c@group-E111FCFD97B0-LeaderElection2] INFO  server.RaftServerConfigKeys (ConfUtils.java:logGet(46)) - raft.server.read.leader.lease.timeout.ratio = 0.9 (default)
2025-05-12 14:24:44,967 [0e533e05-30c1-4787-ae28-a1adde6b7b1c@group-E111FCFD97B0-LeaderElection2] INFO  server.RaftServerConfigKeys (ConfUtils.java:logGet(46)) - raft.server.rpc.timeout.min = 5000ms (custom)
2025-05-12 14:24:44,967 [0e533e05-30c1-4787-ae28-a1adde6b7b1c@group-E111FCFD97B0-LeaderElection2] INFO  server.RaftServerConfigKeys (ConfUtils.java:logGet(46)) - raft.server.log.log-metadata.enabled = true (default)
2025-05-12 14:24:44,967 [0e533e05-30c1-4787-ae28-a1adde6b7b1c@group-E111FCFD97B0-LeaderElection2] INFO  server.RaftServerConfigKeys (ConfUtils.java:logGet(46)) - raft.server.write.element-limit = 4096 (default)
2025-05-12 14:24:44,968 [0e533e05-30c1-4787-ae28-a1adde6b7b1c@group-E111FCFD97B0-LeaderElection2] INFO  server.RaftServerConfigKeys (ConfUtils.java:logGet(46)) - raft.server.write.follower.gap.ratio.max = -1.0 (default)
2025-05-12 14:24:44,968 [0e533e05-30c1-4787-ae28-a1adde6b7b1c@group-E111FCFD97B0-LeaderElection2] INFO  impl.RoleInfo (RoleInfo.java:updateAndGet(148)) - 0e533e05-30c1-4787-ae28-a1adde6b7b1c: start 0e533e05-30c1-4787-ae28-a1adde6b7b1c@group-E111FCFD97B0-LeaderStateImpl
2025-05-12 14:24:44,968 [0e533e05-30c1-4787-ae28-a1adde6b7b1c@group-E111FCFD97B0-LeaderElection2] INFO  server.RaftServer$Division (RaftServerImpl.java:setFirstElection(562)) - 0e533e05-30c1-4787-ae28-a1adde6b7b1c@group-E111FCFD97B0: set firstElectionSinceStartup to false for becomeLeader
2025-05-12 14:24:44,968 [0e533e05-30c1-4787-ae28-a1adde6b7b1c@group-E111FCFD97B0-LeaderElection2] INFO  ha.SCMStateMachine (SCMStateMachine.java:notifyLeaderChanged(291)) - current SCM becomes leader of term 2.
2025-05-12 14:24:44,968 [0e533e05-30c1-4787-ae28-a1adde6b7b1c@group-E111FCFD97B0-LeaderElection2] INFO  ha.SCMContext (SCMContext.java:updateLeaderAndTerm(95)) - update <isLeader,term> from <false,0> to <true,2>
2025-05-12 14:24:44,970 [0e533e05-30c1-4787-ae28-a1adde6b7b1c@group-E111FCFD97B0-LeaderElection2] INFO  server.RaftServer$Division (ServerState.java:setLeader(272)) - 0e533e05-30c1-4787-ae28-a1adde6b7b1c@group-E111FCFD97B0: change Leader from null to 0e533e05-30c1-4787-ae28-a1adde6b7b1c at term 2 for becomeLeader, leader elected after 1887ms
2025-05-12 14:24:44,971 [0e533e05-30c1-4787-ae28-a1adde6b7b1c@group-E111FCFD97B0-LeaderElection2] INFO  segmented.SegmentedRaftLogWorker (SegmentedRaftLogWorker.java:rollLogSegment(443)) - 0e533e05-30c1-4787-ae28-a1adde6b7b1c@group-E111FCFD97B0-SegmentedRaftLogWorker: Rolling segment log-0_0 to index:0
2025-05-12 14:24:44,972 [0e533e05-30c1-4787-ae28-a1adde6b7b1c@group-E111FCFD97B0-SegmentedRaftLogWorker] INFO  segmented.SegmentedRaftLogWorker (SegmentedRaftLogWorker.java:execute(601)) - 0e533e05-30c1-4787-ae28-a1adde6b7b1c@group-E111FCFD97B0-SegmentedRaftLogWorker: Rolled log segment from /home/runner/work/ozone/ozone/hadoop-ozone/integration-test-s3/target/test-dir/MiniOzoneClusterImpl-3d63a36f-1eaa-4b4c-95b9-e111fcfd97b0/ozone-meta/scm-ha/3d63a36f-1eaa-4b4c-95b9-e111fcfd97b0/current/log_inprogress_0 to /home/runner/work/ozone/ozone/hadoop-ozone/integration-test-s3/target/test-dir/MiniOzoneClusterImpl-3d63a36f-1eaa-4b4c-95b9-e111fcfd97b0/ozone-meta/scm-ha/3d63a36f-1eaa-4b4c-95b9-e111fcfd97b0/current/log_0-0
2025-05-12 14:24:44,972 [0e533e05-30c1-4787-ae28-a1adde6b7b1c@group-E111FCFD97B0-LeaderElection2] INFO  server.RaftServer$Division (ServerState.java:setRaftConf(386)) - 0e533e05-30c1-4787-ae28-a1adde6b7b1c@group-E111FCFD97B0: set configuration conf: {index: 1, cur=peers:[0e533e05-30c1-4787-ae28-a1adde6b7b1c|pkrvmberfyhpb9w:15004]|listeners:[], old=null}
2025-05-12 14:24:44,974 [0e533e05-30c1-4787-ae28-a1adde6b7b1c@group-E111FCFD97B0-SegmentedRaftLogWorker] INFO  segmented.BufferedWriteChannel (BufferedWriteChannel.java:open(61)) - open log_inprogress_1 at position 0
2025-05-12 14:24:44,980 [0e533e05-30c1-4787-ae28-a1adde6b7b1c@group-E111FCFD97B0-SegmentedRaftLogWorker] INFO  segmented.SegmentedRaftLogWorker (SegmentedRaftLogWorker.java:execute(644)) - 0e533e05-30c1-4787-ae28-a1adde6b7b1c@group-E111FCFD97B0-SegmentedRaftLogWorker: created new log segment /home/runner/work/ozone/ozone/hadoop-ozone/integration-test-s3/target/test-dir/MiniOzoneClusterImpl-3d63a36f-1eaa-4b4c-95b9-e111fcfd97b0/ozone-meta/scm-ha/3d63a36f-1eaa-4b4c-95b9-e111fcfd97b0/current/log_inprogress_1
2025-05-12 14:24:44,984 [0e533e05-30c1-4787-ae28-a1adde6b7b1c@group-E111FCFD97B0-StateMachineUpdater] INFO  server.RaftServer$Division (LeaderStateImpl.java:checkStartIndex(313)) - Leader 0e533e05-30c1-4787-ae28-a1adde6b7b1c@group-E111FCFD97B0-LeaderStateImpl is ready since appliedIndex == startIndex == 1
2025-05-12 14:24:44,984 [0e533e05-30c1-4787-ae28-a1adde6b7b1c@group-E111FCFD97B0-StateMachineUpdater] INFO  ha.SCMContext (SCMContext.java:setLeaderReady(122)) - update <isLeaderReady> from <false> to <true>
2025-05-12 14:24:44,985 [0e533e05-30c1-4787-ae28-a1adde6b7b1c@group-E111FCFD97B0-StateMachineUpdater] INFO  pipeline.BackgroundPipelineCreator (BackgroundPipelineCreator.java:notifyStatusChanged(268)) - Service BackgroundPipelineCreator transitions to RUNNING.
2025-05-12 14:24:44,986 [0e533e05-30c1-4787-ae28-a1adde6b7b1c@group-E111FCFD97B0-StateMachineUpdater] INFO  safemode.RatisContainerSafeModeRule (RatisContainerSafeModeRule.java:initializeRule(160)) - Refreshed Containers with one replica threshold count 0.
2025-05-12 14:24:44,986 [0e533e05-30c1-4787-ae28-a1adde6b7b1c@group-E111FCFD97B0-StateMachineUpdater] INFO  safemode.HealthyPipelineSafeModeRule (HealthyPipelineSafeModeRule.java:initializeRule(173)) - Refreshed total pipeline count is 0, healthy pipeline threshold count is 1
2025-05-12 14:24:44,986 [0e533e05-30c1-4787-ae28-a1adde6b7b1c@group-E111FCFD97B0-StateMachineUpdater] INFO  safemode.ECContainerSafeModeRule (ECContainerSafeModeRule.java:initializeRule(205)) - Refreshed Containers with ec n replica threshold count 0.
2025-05-12 14:24:44,987 [0e533e05-30c1-4787-ae28-a1adde6b7b1c@group-E111FCFD97B0-StateMachineUpdater] INFO  safemode.OneReplicaPipelineSafeModeRule (OneReplicaPipelineSafeModeRule.java:initializeRule(186)) - Refreshed Total pipeline count is 0, pipeline's with at least one datanode reported threshold count is 0
2025-05-12 14:24:44,987 [0e533e05-30c1-4787-ae28-a1adde6b7b1c@group-E111FCFD97B0-StateMachineUpdater] INFO  server.SCMDatanodeProtocolServer (SCMDatanodeProtocolServer.java:start(193)) - ScmDatanodeProtocol RPC server for DataNodes is listening at /0.0.0.0:15002
2025-05-12 14:24:44,988 [IPC Server Responder] INFO  ipc.Server (Server.java:run(1713)) - IPC Server Responder: starting
2025-05-12 14:24:44,988 [IPC Server listener on 15002] INFO  ipc.Server (Server.java:run(1553)) - IPC Server listener on 15002: starting
2025-05-12 14:24:46,880 [main] INFO  om.OzoneManager (OzoneManager.java:<init>(670)) - OM start with adminUsers: [runner]
2025-05-12 14:24:46,895 [main] WARN  server.ServerUtils (ServerUtils.java:getDBPath(292)) - ozone.om.db.dirs is not configured. We recommend adding this setting. Falling back to ozone.metadata.dirs instead.
2025-05-12 14:24:47,145 [main] INFO  om.OzoneManager (OzoneManager.java:instantiateServices(914)) - S3 Multi-Tenancy is disabled
2025-05-12 14:24:47,179 [main] INFO  om.OmSnapshotManager (OmSnapshotManager.java:<init>(187)) - Ozone filesystem snapshot feature is enabled.
2025-05-12 14:24:47,188 [main] WARN  server.ServerUtils (ServerUtils.java:getDBPath(292)) - ozone.om.snapshot.diff.db.dir is not configured. We recommend adding this setting. Falling back to ozone.metadata.dirs instead.
2025-05-12 14:24:47,217 [main] INFO  utils.NativeLibraryLoader (NativeLibraryLoader.java:loadLibrary(120)) - Loading Library: ozone_rocksdb_tools
2025-05-12 14:24:47,363 [main] INFO  om.OzoneManager (OzoneManager.java:addS3GVolumeToDB(4654)) - Created Volume s3v With Owner runner required for S3Gateway operations.
2025-05-12 14:24:47,419 [main] WARN  server.ServerUtils (ServerUtils.java:getDefaultRatisDirectory(304)) - Storage directory for Ratis is not configured. It is a good idea to map this to an SSD disk. Falling back to ozone.metadata.dirs
2025-05-12 14:24:47,420 [main] WARN  utils.OzoneManagerRatisUtils (OzoneManagerRatisUtils.java:getOMRatisSnapshotDirectory(488)) - ozone.om.ratis.snapshot.dir is not configured. Falling back to ozone.metadata.dirs config
2025-05-12 14:24:47,423 [main] WARN  dropwizard3.Dm3MetricRegistriesImpl (Dm3MetricRegistriesImpl.java:addReporterRegistration(114)) - New reporters are added after registries were created. Some metrics will be missing from the reporter. Please add reporter before adding any new registry.
2025-05-12 14:24:47,423 [main] WARN  dropwizard3.Dm3MetricRegistriesImpl (Dm3MetricRegistriesImpl.java:addReporterRegistration(114)) - New reporters are added after registries were created. Some metrics will be missing from the reporter. Please add reporter before adding any new registry.
2025-05-12 14:24:47,424 [main] WARN  server.ServerUtils (ServerUtils.java:getDefaultRatisDirectory(304)) - Storage directory for Ratis is not configured. It is a good idea to map this to an SSD disk. Falling back to ozone.metadata.dirs
2025-05-12 14:24:47,425 [main] INFO  server.RaftServerConfigKeys (ConfUtils.java:logGet(46)) - raft.server.log.appender.buffer.byte-limit = 4194304 (custom)
2025-05-12 14:24:47,427 [main] INFO  ratis.OzoneManagerRatisServer (OzoneManagerRatisServer.java:<init>(167)) - Instantiating OM Ratis server with groupID: omServiceIdDefault and peers: localhost:15009
2025-05-12 14:24:47,431 [main] INFO  ratis.OzoneManagerStateMachine (OzoneManagerStateMachine.java:loadSnapshotInfoFromDB(618)) - TransactionInfo not found in OM DB.
2025-05-12 14:24:47,470 [main] INFO  server.RaftServer (ConfUtils.java:logGet(46)) - raft.rpc.type = GRPC (default)
2025-05-12 14:24:47,470 [main] INFO  grpc.GrpcConfigKeys (ConfUtils.java:logFallback(53)) - raft.grpc.admin.host = null (fallback to raft.grpc.server.host)
2025-05-12 14:24:47,471 [main] INFO  grpc.GrpcConfigKeys (ConfUtils.java:logFallback(53)) - raft.grpc.admin.port = 15009 (fallback to raft.grpc.server.port)
2025-05-12 14:24:47,471 [main] INFO  grpc.GrpcConfigKeys (ConfUtils.java:logFallback(53)) - raft.grpc.client.host = null (fallback to raft.grpc.server.host)
2025-05-12 14:24:47,471 [main] INFO  grpc.GrpcConfigKeys (ConfUtils.java:logFallback(53)) - raft.grpc.client.port = 15009 (fallback to raft.grpc.server.port)
2025-05-12 14:24:47,471 [main] INFO  grpc.GrpcConfigKeys (ConfUtils.java:logGet(46)) - raft.grpc.server.host = null (default)
2025-05-12 14:24:47,471 [main] INFO  grpc.GrpcConfigKeys (ConfUtils.java:logGet(46)) - raft.grpc.server.port = 15009 (custom)
2025-05-12 14:24:47,471 [main] INFO  server.GrpcService (ConfUtils.java:logGet(46)) - raft.grpc.message.size.max = 5242880 (custom)
2025-05-12 14:24:47,472 [main] INFO  server.GrpcService (ConfUtils.java:logGet(46)) - raft.grpc.flow.control.window = 1MB (=1048576) (default)
2025-05-12 14:24:47,472 [main] INFO  server.RaftServerConfigKeys (ConfUtils.java:logGet(46)) - raft.server.rpc.request.timeout = 3000ms (default)
2025-05-12 14:24:47,472 [main] INFO  grpc.GrpcConfigKeys (ConfUtils.java:logGet(46)) - raft.grpc.server.heartbeat.channel = true (default)
2025-05-12 14:24:47,472 [main] INFO  server.RaftServerConfigKeys (ConfUtils.java:logGet(46)) - raft.server.log.appender.buffer.byte-limit = 4194304 (custom)
2025-05-12 14:24:47,472 [main] INFO  grpc.GrpcConfigKeys (ConfUtils.java:logGet(46)) - raft.grpc.server.async.request.thread.pool.cached = true (default)
2025-05-12 14:24:47,472 [main] INFO  grpc.GrpcConfigKeys (ConfUtils.java:logGet(46)) - raft.grpc.server.async.request.thread.pool.size = 32 (default)
2025-05-12 14:24:47,473 [main] INFO  impl.DataStreamServerImpl (ConfUtils.java:logGet(46)) - raft.datastream.type = DISABLED (default)
2025-05-12 14:24:47,474 [main] INFO  server.RaftServerConfigKeys (ConfUtils.java:logGet(46)) - raft.server.sleep.deviation.threshold = 300ms (default)
2025-05-12 14:24:47,474 [main] INFO  server.RaftServerConfigKeys (ConfUtils.java:logGet(46)) - raft.server.close.threshold = 60s (default)
2025-05-12 14:24:47,474 [main] INFO  server.RaftServerConfigKeys (ConfUtils.java:logGet(46)) - raft.server.leaderelection.leader.step-down.wait-time = 10s (default)
2025-05-12 14:24:47,474 [main] INFO  server.RaftServerConfigKeys (ConfUtils.java:logGet(46)) - raft.server.storage.dir = [/home/runner/work/ozone/ozone/hadoop-ozone/integration-test-s3/target/test-dir/MiniOzoneClusterImpl-3d63a36f-1eaa-4b4c-95b9-e111fcfd97b0/ozone-meta/ratis] (custom)
2025-05-12 14:24:47,474 [main] INFO  server.RaftServerConfigKeys (ConfUtils.java:logGet(46)) - raft.server.threadpool.proxy.cached = true (default)
2025-05-12 14:24:47,474 [main] INFO  server.RaftServerConfigKeys (ConfUtils.java:logGet(46)) - raft.server.threadpool.proxy.size = 0 (default)
2025-05-12 14:24:47,475 [main] INFO  server.RaftServer (RaftServerProxy.java:addNew(100)) - om1: addNew group-C5BA1605619E:[om1|localhost:15009] returns group-C5BA1605619E:java.util.concurrent.CompletableFuture@61d8a98b[Not completed]
2025-05-12 14:24:47,475 [om1-groupManagement] INFO  server.RaftServer$Division (RaftServerImpl.java:<init>(255)) - om1: new RaftServerImpl for group-C5BA1605619E:[om1|localhost:15009] with OzoneManagerStateMachine:uninitialized
2025-05-12 14:24:47,476 [om1-groupManagement] INFO  server.RaftServerConfigKeys (ConfUtils.java:logGet(46)) - raft.server.rpc.timeout.min = 1s (custom)
2025-05-12 14:24:47,476 [om1-groupManagement] INFO  server.RaftServerConfigKeys (ConfUtils.java:logGet(46)) - raft.server.rpc.timeout.max = 1200ms (custom)
2025-05-12 14:24:47,476 [om1-groupManagement] INFO  server.RaftServerConfigKeys (ConfUtils.java:logGet(46)) - raft.server.rpc.sleep.time = 25ms (default)
2025-05-12 14:24:47,476 [om1-groupManagement] INFO  server.RaftServerConfigKeys (ConfUtils.java:logGet(46)) - raft.server.rpc.slowness.timeout = 120s (custom)
2025-05-12 14:24:47,476 [om1-groupManagement] INFO  server.RaftServerConfigKeys (ConfUtils.java:logGet(46)) - raft.server.leaderelection.leader.step-down.wait-time = 10s (default)
2025-05-12 14:24:47,476 [om1-groupManagement] INFO  server.RaftServerConfigKeys (ConfUtils.java:logGet(46)) - raft.server.leaderelection.member.majority-add = false (default)
2025-05-12 14:24:47,476 [om1-groupManagement] INFO  server.RaftServerConfigKeys (ConfUtils.java:logGet(46)) - raft.server.sleep.deviation.threshold = 300ms (default)
2025-05-12 14:24:47,476 [om1-groupManagement] INFO  server.RaftServer$Division (ServerState.java:<init>(114)) - om1@group-C5BA1605619E: ConfigurationManager, init=conf: {index: -1, cur=peers:[om1|localhost:15009]|listeners:[], old=null}, confs=<EMPTY_MAP>
2025-05-12 14:24:47,477 [om1-groupManagement] INFO  server.RaftServerConfigKeys (ConfUtils.java:logGet(46)) - raft.server.notification.no-leader.timeout = 120s (custom)
2025-05-12 14:24:47,476 [main] INFO  om.OzoneManager (OzoneManager.java:initializeRatisServer(2284)) - OzoneManager Ratis server initialized at port 15009
2025-05-12 14:24:47,477 [om1-groupManagement] INFO  server.RaftServerConfigKeys (ConfUtils.java:logGet(46)) - raft.server.read.timeout = 10s (default)
2025-05-12 14:24:47,477 [om1-groupManagement] INFO  server.RaftServerConfigKeys (ConfUtils.java:logGet(46)) - raft.server.retrycache.expirytime = 300s (custom)
2025-05-12 14:24:47,477 [om1-groupManagement] INFO  server.RaftServerConfigKeys (ConfUtils.java:logGet(46)) - raft.server.retrycache.statistics.expirytime = 100ms (default)
2025-05-12 14:24:47,478 [om1-groupManagement] INFO  server.RaftServerConfigKeys (ConfUtils.java:logGet(46)) - raft.server.read.option = DEFAULT (default)
2025-05-12 14:24:47,478 [om1-groupManagement] INFO  server.RaftServerConfigKeys (ConfUtils.java:logGet(46)) - raft.server.read.read-after-write-consistent.write-index-cache.expiry-time = 60s (default)
2025-05-12 14:24:47,482 [main] INFO  om.OzoneManager (OzoneManager.java:getRpcServer(1340)) - Creating RPC Server
2025-05-12 14:24:47,485 [om1-groupManagement] INFO  server.RaftServerConfigKeys (ConfUtils.java:logGet(46)) - raft.server.rpc.request.timeout = 3000ms (default)
2025-05-12 14:24:47,486 [om1-groupManagement] INFO  server.RaftServerConfigKeys (ConfUtils.java:logGet(46)) - raft.server.log.appender.install.snapshot.enabled = false (custom)
2025-05-12 14:24:47,486 [om1-groupManagement] INFO  server.RaftServerConfigKeys (ConfUtils.java:logGet(46)) - raft.server.threadpool.server.cached = true (default)
2025-05-12 14:24:47,486 [om1-groupManagement] INFO  server.RaftServerConfigKeys (ConfUtils.java:logGet(46)) - raft.server.threadpool.server.size = 0 (default)
2025-05-12 14:24:47,486 [om1-groupManagement] INFO  server.RaftServerConfigKeys (ConfUtils.java:logGet(46)) - raft.server.threadpool.client.cached = true (default)
2025-05-12 14:24:47,486 [om1-groupManagement] INFO  server.RaftServerConfigKeys (ConfUtils.java:logGet(46)) - raft.server.threadpool.client.size = 0 (default)
2025-05-12 14:24:48,194 [main] INFO  reflections.Reflections (Reflections.java:scan(219)) - Reflections took 670 ms to scan 17 urls, producing 55 keys and 3272 values
2025-05-12 14:24:48,342 [main] INFO  ipc.CallQueueManager (CallQueueManager.java:<init>(93)) - Using callQueue: class java.util.concurrent.LinkedBlockingQueue, queueCapacity: 2000, scheduler: class org.apache.hadoop.ipc.DefaultRpcScheduler, ipcBackoff: false, ipcFailOver: false.
2025-05-12 14:24:48,343 [main] INFO  ipc.Server (Server.java:<init>(1438)) - Listener at 127.0.0.1:15006
2025-05-12 14:24:48,343 [Socket Reader #1 for port 15006] INFO  ipc.Server (Server.java:run(1474)) - Starting Socket Reader #1 for port 15006
2025-05-12 14:24:48,344 [Socket Reader #2 for port 15006] INFO  ipc.Server (Server.java:run(1474)) - Starting Socket Reader #2 for port 15006
2025-05-12 14:24:48,344 [Socket Reader #3 for port 15006] INFO  ipc.Server (Server.java:run(1474)) - Starting Socket Reader #3 for port 15006
2025-05-12 14:24:48,344 [Socket Reader #4 for port 15006] INFO  ipc.Server (Server.java:run(1474)) - Starting Socket Reader #4 for port 15006
2025-05-12 14:24:48,344 [Socket Reader #5 for port 15006] INFO  ipc.Server (Server.java:run(1474)) - Starting Socket Reader #5 for port 15006
2025-05-12 14:24:48,345 [Socket Reader #6 for port 15006] INFO  ipc.Server (Server.java:run(1474)) - Starting Socket Reader #6 for port 15006
2025-05-12 14:24:48,345 [Socket Reader #7 for port 15006] INFO  ipc.Server (Server.java:run(1474)) - Starting Socket Reader #7 for port 15006
2025-05-12 14:24:48,345 [Socket Reader #8 for port 15006] INFO  ipc.Server (Server.java:run(1474)) - Starting Socket Reader #8 for port 15006
2025-05-12 14:24:48,345 [Socket Reader #9 for port 15006] INFO  ipc.Server (Server.java:run(1474)) - Starting Socket Reader #9 for port 15006
2025-05-12 14:24:48,346 [Socket Reader #10 for port 15006] INFO  ipc.Server (Server.java:run(1474)) - Starting Socket Reader #10 for port 15006
2025-05-12 14:24:48,370 [main] INFO  impl.MetricsSystemImpl (MetricsSystemImpl.java:init(158)) - OzoneManager metrics system started (again)
2025-05-12 14:24:48,378 [main] INFO  om.OzoneManager (OzoneManager.java:start(1768)) - OzoneManager RPC server is listening at localhost/127.0.0.1:15006
2025-05-12 14:24:48,379 [main] INFO  ratis.OzoneManagerRatisServer (OzoneManagerRatisServer.java:start(628)) - Starting OzoneManagerRatisServer om1 at port 15009
2025-05-12 14:24:48,379 [om1-impl-thread1] INFO  server.RaftServerConfigKeys (ConfUtils.java:logGet(46)) - raft.server.storage.free-space.min = 0MB (=0) (default)
2025-05-12 14:24:48,379 [om1-impl-thread1] INFO  server.RaftServerConfigKeys (ConfUtils.java:logGet(46)) - raft.server.log.corruption.policy = EXCEPTION (default)
2025-05-12 14:24:48,380 [om1-impl-thread1] INFO  server.RaftServerConfigKeys (ConfUtils.java:logGet(46)) - raft.server.storage.dir = [/home/runner/work/ozone/ozone/hadoop-ozone/integration-test-s3/target/test-dir/MiniOzoneClusterImpl-3d63a36f-1eaa-4b4c-95b9-e111fcfd97b0/ozone-meta/ratis] (custom)
2025-05-12 14:24:48,380 [om1-impl-thread1] INFO  storage.RaftStorageDirectory (RaftStorageDirectoryImpl.java:analyzeStorage(138)) - The storage directory /home/runner/work/ozone/ozone/hadoop-ozone/integration-test-s3/target/test-dir/MiniOzoneClusterImpl-3d63a36f-1eaa-4b4c-95b9-e111fcfd97b0/ozone-meta/ratis/bf265839-605b-3f16-9796-c5ba1605619e does not exist. Creating ...
2025-05-12 14:24:48,381 [om1-impl-thread1] INFO  storage.RaftStorageDirectory (RaftStorageDirectoryImpl.java:tryLock(229)) - Lock on /home/runner/work/ozone/ozone/hadoop-ozone/integration-test-s3/target/test-dir/MiniOzoneClusterImpl-3d63a36f-1eaa-4b4c-95b9-e111fcfd97b0/ozone-meta/ratis/bf265839-605b-3f16-9796-c5ba1605619e/in_use.lock acquired by nodename 75962@pkrvmberfyhpb9w
2025-05-12 14:24:48,382 [om1-impl-thread1] INFO  storage.RaftStorage (RaftStorageImpl.java:format(98)) - Storage directory /home/runner/work/ozone/ozone/hadoop-ozone/integration-test-s3/target/test-dir/MiniOzoneClusterImpl-3d63a36f-1eaa-4b4c-95b9-e111fcfd97b0/ozone-meta/ratis/bf265839-605b-3f16-9796-c5ba1605619e has been successfully formatted.
2025-05-12 14:24:48,383 [om1-impl-thread1] INFO  ratis.OzoneManagerStateMachine (OzoneManagerStateMachine.java:lambda$0(138)) - om1: initialize group-C5BA1605619E with (t:0, i:~)
2025-05-12 14:24:48,383 [om1-impl-thread1] INFO  server.RaftServerConfigKeys (ConfUtils.java:logGet(46)) - raft.server.log.use.memory = false (default)
2025-05-12 14:24:48,383 [om1-impl-thread1] INFO  server.RaftServerConfigKeys (ConfUtils.java:logGet(46)) - raft.server.log.purge.gap = 1000000 (custom)
2025-05-12 14:24:48,383 [om1-impl-thread1] INFO  server.RaftServerConfigKeys (ConfUtils.java:logGet(46)) - raft.server.log.appender.buffer.byte-limit = 4194304 (custom)
2025-05-12 14:24:48,384 [om1-impl-thread1] INFO  server.RaftServerConfigKeys (ConfUtils.java:logGet(46)) - raft.server.log.statemachine.data.read.timeout = 1000ms (default)
2025-05-12 14:24:48,384 [om1-impl-thread1] INFO  server.RaftServerConfigKeys (ConfUtils.java:logGet(46)) - raft.server.log.purge.preservation.log.num = 0 (default)
2025-05-12 14:24:48,386 [om1-impl-thread1] INFO  server.RaftServerConfigKeys (ConfUtils.java:logGet(46)) - raft.server.log.segment.size.max = 4194304 (custom)
2025-05-12 14:24:48,387 [om1-impl-thread1] INFO  server.RaftServerConfigKeys (ConfUtils.java:logGet(46)) - raft.server.log.segment.cache.num.max = 2 (custom)
2025-05-12 14:24:48,387 [om1-impl-thread1] INFO  server.RaftServerConfigKeys (ConfUtils.java:logGet(46)) - raft.server.log.segment.cache.size.max = 200MB (=209715200) (default)
2025-05-12 14:24:48,387 [om1-impl-thread1] INFO  server.RaftServerConfigKeys (ConfUtils.java:logGet(46)) - raft.server.log.appender.buffer.byte-limit = 4194304 (custom)
2025-05-12 14:24:48,387 [om1-impl-thread1] INFO  util.AwaitToRun (AwaitToRun.java:start(81)) - Thread[#462,om1@group-C5BA1605619E-cacheEviction-AwaitToRun,5,main] started
2025-05-12 14:24:48,388 [om1-impl-thread1] INFO  segmented.SegmentedRaftLogWorker (SegmentedRaftLogWorker.java:<init>(188)) - new om1@group-C5BA1605619E-SegmentedRaftLogWorker for RaftStorageImpl:Storage Directory /home/runner/work/ozone/ozone/hadoop-ozone/integration-test-s3/target/test-dir/MiniOzoneClusterImpl-3d63a36f-1eaa-4b4c-95b9-e111fcfd97b0/ozone-meta/ratis/bf265839-605b-3f16-9796-c5ba1605619e
2025-05-12 14:24:48,388 [om1-impl-thread1] INFO  server.RaftServerConfigKeys (ConfUtils.java:logGet(46)) - raft.server.log.queue.byte-limit = 64MB (=67108864) (default)
2025-05-12 14:24:48,388 [om1-impl-thread1] INFO  server.RaftServerConfigKeys (ConfUtils.java:logGet(46)) - raft.server.log.queue.element-limit = 4096 (default)
2025-05-12 14:24:48,388 [om1-impl-thread1] INFO  server.RaftServerConfigKeys (ConfUtils.java:logGet(46)) - raft.server.log.segment.size.max = 4194304 (custom)
2025-05-12 14:24:48,388 [om1-impl-thread1] INFO  server.RaftServerConfigKeys (ConfUtils.java:logGet(46)) - raft.server.log.preallocated.size = 4194304 (custom)
2025-05-12 14:24:48,388 [om1-impl-thread1] INFO  server.RaftServerConfigKeys (ConfUtils.java:logGet(46)) - raft.server.log.force.sync.num = 128 (default)
2025-05-12 14:24:48,388 [om1-impl-thread1] INFO  server.RaftServerConfigKeys (ConfUtils.java:logGet(46)) - raft.server.log.statemachine.data.sync = true (default)
2025-05-12 14:24:48,388 [om1-impl-thread1] INFO  server.RaftServerConfigKeys (ConfUtils.java:logGet(46)) - raft.server.log.statemachine.data.sync.timeout = 10s (default)
2025-05-12 14:24:48,388 [om1-impl-thread1] INFO  server.RaftServerConfigKeys (ConfUtils.java:logGet(46)) - raft.server.log.statemachine.data.sync.timeout.retry = -1 (default)
2025-05-12 14:24:48,389 [om1-impl-thread1] INFO  server.RaftServerConfigKeys (ConfUtils.java:logGet(46)) - raft.server.log.write.buffer.size = 4194312 (custom)
2025-05-12 14:24:48,390 [om1-impl-thread1] INFO  server.RaftServerConfigKeys (ConfUtils.java:logGet(46)) - raft.server.log.appender.buffer.byte-limit = 4194304 (custom)
2025-05-12 14:24:48,391 [om1-impl-thread1] INFO  server.RaftServerConfigKeys (ConfUtils.java:logGet(46)) - raft.server.log.unsafe-flush.enabled = false (default)
2025-05-12 14:24:48,391 [om1-impl-thread1] INFO  server.RaftServerConfigKeys (ConfUtils.java:logGet(46)) - raft.server.log.async-flush.enabled = false (default)
2025-05-12 14:24:48,391 [om1-impl-thread1] INFO  server.RaftServerConfigKeys (ConfUtils.java:logGet(46)) - raft.server.log.statemachine.data.caching.enabled = false (default)
2025-05-12 14:24:48,391 [om1-impl-thread1] INFO  segmented.SegmentedRaftLogWorker (SegmentedRaftLogWorker.java:lambda$new$0(139)) - om1@group-C5BA1605619E-SegmentedRaftLogWorker: flushIndex: setUnconditionally 0 -> -1
2025-05-12 14:24:48,391 [om1-impl-thread1] INFO  segmented.SegmentedRaftLogWorker (SegmentedRaftLogWorker.java:lambda$new$0(139)) - om1@group-C5BA1605619E-SegmentedRaftLogWorker: safeCacheEvictIndex: setUnconditionally 0 -> -1
2025-05-12 14:24:48,391 [om1-impl-thread1] INFO  server.RaftServer$Division (RaftServerImpl.java:start(391)) - om1@group-C5BA1605619E: start as a follower, conf=conf: {index: -1, cur=peers:[om1|localhost:15009]|listeners:[], old=null}
2025-05-12 14:24:48,392 [om1-impl-thread1] INFO  server.RaftServer$Division (RaftServerImpl.java:setRole(378)) - om1@group-C5BA1605619E: changes role from      null to FOLLOWER at term 0 for startAsFollower
2025-05-12 14:24:48,392 [om1-impl-thread1] INFO  impl.RoleInfo (RoleInfo.java:updateAndGet(148)) - om1: start om1@group-C5BA1605619E-FollowerState
2025-05-12 14:24:48,392 [om1@group-C5BA1605619E-FollowerState] INFO  server.RaftServerConfigKeys (ConfUtils.java:logFallback(53)) - raft.server.rpc.first-election.timeout.min = 1s (fallback to raft.server.rpc.timeout.min)
2025-05-12 14:24:48,392 [om1@group-C5BA1605619E-FollowerState] INFO  server.RaftServerConfigKeys (ConfUtils.java:logFallback(53)) - raft.server.rpc.first-election.timeout.max = 1200ms (fallback to raft.server.rpc.timeout.max)
2025-05-12 14:24:48,393 [om1-impl-thread1] INFO  util.JmxRegister (JmxRegister.java:tryRegister(44)) - Successfully registered JMX Bean with object name Ratis:service=RaftServer,group=group-C5BA1605619E,id=om1
2025-05-12 14:24:48,393 [om1-impl-thread1] INFO  util.JmxRegister (JmxRegister.java:register(58)) - register mxBean class org.apache.ratis.server.impl.RaftServerJmxAdapter as Ratis:service=RaftServer,group=group-C5BA1605619E,id=om1
2025-05-12 14:24:48,393 [om1-impl-thread1] INFO  server.RaftServerConfigKeys (ConfUtils.java:logGet(46)) - raft.server.snapshot.trigger-when-stop.enabled = true (default)
2025-05-12 14:24:48,393 [om1-impl-thread1] INFO  server.RaftServerConfigKeys (ConfUtils.java:logGet(46)) - raft.server.snapshot.trigger-when-remove.enabled = true (default)
2025-05-12 14:24:48,393 [om1-impl-thread1] INFO  server.RaftServerConfigKeys (ConfUtils.java:logGet(46)) - raft.server.snapshot.auto.trigger.enabled = true (custom)
2025-05-12 14:24:48,393 [om1-impl-thread1] INFO  server.RaftServerConfigKeys (ConfUtils.java:logGet(46)) - raft.server.snapshot.auto.trigger.threshold = 400000 (default)
2025-05-12 14:24:48,393 [om1-impl-thread1] INFO  server.RaftServerConfigKeys (ConfUtils.java:logGet(46)) - raft.server.snapshot.retention.file.num = -1 (default)
2025-05-12 14:24:48,393 [om1-impl-thread1] INFO  server.RaftServerConfigKeys (ConfUtils.java:logGet(46)) - raft.server.log.purge.upto.snapshot.index = true (custom)
2025-05-12 14:24:48,395 [om1-impl-thread1] INFO  server.RaftServer$Division (RaftServerImpl.java:start(405)) - om1@group-C5BA1605619E: Successfully started.
2025-05-12 14:24:48,395 [main] INFO  server.RaftServer (RaftServerProxy.java:startImpl(407)) - om1: start RPC server
2025-05-12 14:24:48,396 [main] INFO  server.GrpcService (GrpcService.java:startImpl(334)) - om1: GrpcService started, listening on 15009
2025-05-12 14:24:48,396 [JvmPauseMonitor2] INFO  util.JvmPauseMonitor (JvmPauseMonitor.java:run(146)) - JvmPauseMonitor-om1: Started
2025-05-12 14:24:48,397 [main] INFO  om.OzoneManager (OzoneManager.java:start(1783)) - Version File has different layout version (8) than OM DB (null). That is expected if this OM has never been finalized to a newer layout version.
2025-05-12 14:24:48,409 [main] INFO  client.ScmTopologyClient (ScmTopologyClient.java:start(70)) - Initial network topology fetched from SCM: /.
2025-05-12 14:24:48,410 [main] INFO  net.NodeSchemaLoader (NodeSchemaLoader.java:loadSchemaFromFile(128)) - Loading schema from [jar:file:/home/runner/work/ozone/ozone/hadoop-hdds/common/target/hdds-common-2.1.0-SNAPSHOT.jar!/network-topology-default.xml]
2025-05-12 14:24:48,410 [main] INFO  net.NodeSchemaLoader (NodeSchemaLoader.java:loadSchema(175)) - Loading network topology layer schema file
2025-05-12 14:24:48,424 [main] INFO  http.BaseHttpServer (BaseHttpServer.java:newHttpServer2BuilderForOzone(229)) - Starting Web-server for ozoneManager at: http://0.0.0.0:15007
2025-05-12 14:24:48,424 [main] INFO  http.BaseHttpServer (BaseHttpServer.java:<init>(107)) - Hadoop Security Enabled: false Ozone Security Enabled: false Ozone HTTP Security Enabled: false 
2025-05-12 14:24:48,426 [main] WARN  server.AuthenticationFilter (AuthenticationFilter.java:constructSecretProvider(240)) - Unable to initialize FileSignerSecretProvider, falling back to use random secrets. Reason: Could not read signature secret file: /home/runner/hadoop-http-auth-signature-secret
2025-05-12 14:24:48,429 [main] INFO  http.HttpServer2 (HttpServer2.java:addGlobalFilter(1042)) - Added global filter 'safety' (class=org.apache.hadoop.hdds.server.http.HttpServer2$QuotingInputFilter)
2025-05-12 14:24:48,430 [main] INFO  http.HttpServer2 (HttpServer2.java:addFilter(1018)) - Added filter static_user_filter (class=org.apache.hadoop.http.lib.StaticUserWebFilter$StaticUserFilter) to context ozoneManager
2025-05-12 14:24:48,430 [main] INFO  http.HttpServer2 (HttpServer2.java:addFilter(1026)) - Added filter static_user_filter (class=org.apache.hadoop.http.lib.StaticUserWebFilter$StaticUserFilter) to context logs
2025-05-12 14:24:48,430 [main] INFO  http.HttpServer2 (HttpServer2.java:addFilter(1026)) - Added filter static_user_filter (class=org.apache.hadoop.http.lib.StaticUserWebFilter$StaticUserFilter) to context static
2025-05-12 14:24:48,431 [main] INFO  http.BaseHttpServer (BaseHttpServer.java:<init>(195)) - HTTP server of ozoneManager uses base directory /home/runner/work/ozone/ozone/hadoop-ozone/integration-test-s3/target/test-dir/MiniOzoneClusterImpl-3d63a36f-1eaa-4b4c-95b9-e111fcfd97b0/ozone-meta/webserver
2025-05-12 14:24:48,434 [main] INFO  http.HttpServer2 (HttpServer2.java:bindListener(1242)) - Jetty bound to port 15007
2025-05-12 14:24:48,434 [main] INFO  server.Server (Server.java:doStart(375)) - jetty-9.4.57.v20241219; built: 2025-01-08T21:24:30.412Z; git: df524e6b29271c2e09ba9aea83c18dc9db464a31; jvm 21.0.7+6-LTS
2025-05-12 14:24:48,436 [main] INFO  server.session (DefaultSessionIdManager.java:doStart(334)) - DefaultSessionIdManager workerName=node0
2025-05-12 14:24:48,436 [main] INFO  server.session (DefaultSessionIdManager.java:doStart(339)) - No SessionScavenger set, using defaults
2025-05-12 14:24:48,436 [main] INFO  server.session (HouseKeeper.java:startScavenging(132)) - node0 Scavenging every 660000ms
2025-05-12 14:24:48,437 [main] INFO  handler.ContextHandler (ContextHandler.java:doStart(921)) - Started o.e.j.s.ServletContextHandler@272185e8{logs,/logs,file:///home/runner/work/ozone/ozone/hadoop-ozone/integration-test-s3/target/log,AVAILABLE}
2025-05-12 14:24:48,438 [main] INFO  handler.ContextHandler (ContextHandler.java:doStart(921)) - Started o.e.j.s.ServletContextHandler@67feb5d0{static,/static,jar:file:/home/runner/work/ozone/ozone/hadoop-ozone/ozone-manager/target/ozone-manager-2.1.0-SNAPSHOT.jar!/webapps/static,AVAILABLE}
2025-05-12 14:24:48,589 [main] INFO  handler.ContextHandler (ContextHandler.java:doStart(921)) - Started o.e.j.w.WebAppContext@997a59f{ozoneManager,/,file:///home/runner/work/ozone/ozone/hadoop-ozone/integration-test-s3/target/test-dir/MiniOzoneClusterImpl-3d63a36f-1eaa-4b4c-95b9-e111fcfd97b0/ozone-meta/webserver/jetty-0_0_0_0-15007-ozone-manager-2_1_0-SNAPSHOT_jar-_-any-18003024273028980223/webapp/,AVAILABLE}{jar:file:/home/runner/work/ozone/ozone/hadoop-ozone/ozone-manager/target/ozone-manager-2.1.0-SNAPSHOT.jar!/webapps/ozoneManager}
2025-05-12 14:24:48,591 [main] INFO  server.AbstractConnector (AbstractConnector.java:doStart(333)) - Started ServerConnector@18e6b4e2{HTTP/1.1, (http/1.1)}{0.0.0.0:15007}
2025-05-12 14:24:48,591 [main] INFO  server.Server (Server.java:doStart(415)) - Started @10492ms
2025-05-12 14:24:48,591 [main] WARN  impl.MetricsSystemImpl (MetricsSystemImpl.java:register(279)) - Sink prometheus already exists!
2025-05-12 14:24:48,592 [main] INFO  http.BaseHttpServer (BaseHttpServer.java:updateConnectorAddress(359)) - HTTP server of ozoneManager listening at http://0.0.0.0:15007
2025-05-12 14:24:48,592 [IPC Server Responder] INFO  ipc.Server (Server.java:run(1713)) - IPC Server Responder: starting
2025-05-12 14:24:48,592 [IPC Server listener on 15006] INFO  ipc.Server (Server.java:run(1553)) - IPC Server listener on 15006: starting
2025-05-12 14:24:48,594 [main] INFO  om.OzoneManager (OzoneManager.java:startTrashEmptier(2238)) - Trash Interval set to 0. Files deleted won't move to trash
2025-05-12 14:24:48,608 [main] INFO  db.CodecBuffer (CodecBuffer.java:set(85)) - Successfully set constructor to LeakDetector::newCodecBuffer: org.apache.hadoop.hdds.utils.db.CodecBuffer$$Lambda/0x00007f10d4795258@763772bd
2025-05-12 14:24:48,672 [main] WARN  dropwizard3.Dm3MetricRegistriesImpl (Dm3MetricRegistriesImpl.java:addReporterRegistration(114)) - New reporters are added after registries were created. Some metrics will be missing from the reporter. Please add reporter before adding any new registry.
2025-05-12 14:24:48,672 [main] WARN  dropwizard3.Dm3MetricRegistriesImpl (Dm3MetricRegistriesImpl.java:addReporterRegistration(114)) - New reporters are added after registries were created. Some metrics will be missing from the reporter. Please add reporter before adding any new registry.
2025-05-12 14:24:48,672 [main] INFO  impl.MetricsSystemImpl (MetricsSystemImpl.java:init(158)) - HddsDatanode metrics system started (again)
2025-05-12 14:24:48,687 [main] INFO  protocol.DatanodeDetails (DatanodeDetails.java:validateDatanodeIpAddress(199)) - Updating IP address of datanode 318d5f9c-a548-45a7-96e8-01a796af6bbe(pkrvmberfyhpb9w.internal.cloudapp.net/null) to 10.1.0.200
2025-05-12 14:24:48,687 [main] INFO  ozone.HddsDatanodeService (HddsDatanodeService.java:start(234)) - HddsDatanodeService 318d5f9c-a548-45a7-96e8-01a796af6bbe(pkrvmberfyhpb9w.internal.cloudapp.net/10.1.0.200)
2025-05-12 14:24:48,692 [main] INFO  upgrade.AbstractLayoutVersionManager (AbstractLayoutVersionManager.java:init(80)) - Initializing Layout version manager with metadata layout = HBASE_SUPPORT (version = 8), software layout = HBASE_SUPPORT (version = 8)
2025-05-12 14:24:48,693 [main] INFO  statemachine.DatanodeStateMachine (DatanodeStateMachine.java:getEndPointTaskThreadPoolSize(298)) - Datanode State Machine Task Thread Pool size 2
2025-05-12 14:24:48,730 [main] INFO  fs.SaveSpaceUsageToFile (SaveSpaceUsageToFile.java:load(92)) - Cached usage info file /home/runner/work/ozone/ozone/hadoop-ozone/integration-test-s3/target/test-dir/MiniOzoneClusterImpl-3d63a36f-1eaa-4b4c-95b9-e111fcfd97b0/ozone-meta/datanode-1/data-0/scmUsed not found
2025-05-12 14:24:48,741 [main] INFO  volume.HddsVolume (HddsVolume.java:<init>(158)) - HddsVolume: { id=DS-c07eaf92-d670-4f71-b367-149dcf49e72d dir=/home/runner/work/ozone/ozone/hadoop-ozone/integration-test-s3/target/test-dir/MiniOzoneClusterImpl-3d63a36f-1eaa-4b4c-95b9-e111fcfd97b0/ozone-meta/datanode-1/data-0/hdds type=DISK capacity=76879465972 used=4096 available=21328437248 minFree=5368709120 committed=0 }
2025-05-12 14:24:48,741 [main] INFO  volume.MutableVolumeSet (MutableVolumeSet.java:initializeVolumeSet(166)) - Added Volume : /home/runner/work/ozone/ozone/hadoop-ozone/integration-test-s3/target/test-dir/MiniOzoneClusterImpl-3d63a36f-1eaa-4b4c-95b9-e111fcfd97b0/ozone-meta/datanode-1/data-0/hdds to VolumeSet
2025-05-12 14:24:48,743 [main] INFO  fs.SaveSpaceUsageToFile (SaveSpaceUsageToFile.java:load(92)) - Cached usage info file /home/runner/work/ozone/ozone/hadoop-ozone/integration-test-s3/target/test-dir/MiniOzoneClusterImpl-3d63a36f-1eaa-4b4c-95b9-e111fcfd97b0/ozone-meta/datanode-1/ratis/scmUsed not found
2025-05-12 14:24:48,744 [main] INFO  volume.MutableVolumeSet (MutableVolumeSet.java:initializeVolumeSet(166)) - Added Volume : /home/runner/work/ozone/ozone/hadoop-ozone/integration-test-s3/target/test-dir/MiniOzoneClusterImpl-3d63a36f-1eaa-4b4c-95b9-e111fcfd97b0/ozone-meta/datanode-1/ratis to VolumeSet
2025-05-12 14:24:48,748 [main] INFO  ozoneimpl.OzoneContainer (HddsVolumeUtil.java:loadAllHddsVolumeDbStore(102)) - Load 1 volumes DbStore cost: 0ms
2025-05-12 14:24:48,750 [main] WARN  db.DBStoreBuilder (DBStoreBuilder.java:getDBDirPath(160)) - ozone.scm.datanode.id.dir is not configured. We recommend adding this setting. Falling back to ozone.metadata.dirs instead.
2025-05-12 14:24:48,754 [main] WARN  db.DBStoreBuilder (DBStoreBuilder.java:getDBDirPath(160)) - ozone.scm.datanode.id.dir is not configured. We recommend adding this setting. Falling back to ozone.metadata.dirs instead.
2025-05-12 14:24:48,781 [main] INFO  impl.FilePerChunkStrategy (FilePerChunkStrategy.java:<init>(79)) - ozone.chunk.read.mapped.buffer.max.count is load with 0
2025-05-12 14:24:48,783 [main] INFO  impl.FilePerBlockStrategy (FilePerBlockStrategy.java:<init>(87)) - ozone.chunk.read.mapped.buffer.max.count is load with 0
2025-05-12 14:24:48,799 [main] INFO  audit.AuditLogger (AuditLogger.java:refreshDebugCmdSet(133)) - Refresh DebugCmdSet for DNAudit to [].
2025-05-12 14:24:48,810 [main] INFO  server.RaftServerConfigKeys (ConfUtils.java:logGet(46)) - raft.server.log.appender.buffer.byte-limit = 33554432 (custom)
2025-05-12 14:24:48,819 [main] INFO  server.RaftServer (ConfUtils.java:logGet(46)) - raft.rpc.type = GRPC (default)
2025-05-12 14:24:48,819 [main] INFO  grpc.GrpcConfigKeys (ConfUtils.java:logFallback(53)) - raft.grpc.admin.host = null (fallback to raft.grpc.server.host)
2025-05-12 14:24:48,820 [main] INFO  grpc.GrpcConfigKeys (ConfUtils.java:logGet(46)) - raft.grpc.admin.port = 15014 (custom)
2025-05-12 14:24:48,820 [main] INFO  grpc.GrpcConfigKeys (ConfUtils.java:logFallback(53)) - raft.grpc.client.host = null (fallback to raft.grpc.server.host)
2025-05-12 14:24:48,820 [main] INFO  grpc.GrpcConfigKeys (ConfUtils.java:logGet(46)) - raft.grpc.client.port = 15013 (custom)
2025-05-12 14:24:48,820 [main] INFO  grpc.GrpcConfigKeys (ConfUtils.java:logGet(46)) - raft.grpc.server.host = null (default)
2025-05-12 14:24:48,820 [main] INFO  grpc.GrpcConfigKeys (ConfUtils.java:logGet(46)) - raft.grpc.server.port = 15015 (custom)
2025-05-12 14:24:48,820 [main] INFO  server.GrpcService (ConfUtils.java:logGet(46)) - raft.grpc.message.size.max = 34603008 (custom)
2025-05-12 14:24:48,820 [main] INFO  server.GrpcService (ConfUtils.java:logGet(46)) - raft.grpc.flow.control.window = 5MB (=5242880) (custom)
2025-05-12 14:24:48,821 [main] INFO  server.RaftServerConfigKeys (ConfUtils.java:logGet(46)) - raft.server.rpc.request.timeout = 60s (custom)
2025-05-12 14:24:48,821 [main] INFO  grpc.GrpcConfigKeys (ConfUtils.java:logGet(46)) - raft.grpc.server.heartbeat.channel = true (default)
2025-05-12 14:24:48,821 [main] INFO  server.RaftServerConfigKeys (ConfUtils.java:logGet(46)) - raft.server.log.appender.buffer.byte-limit = 33554432 (custom)
2025-05-12 14:24:48,821 [main] INFO  grpc.GrpcConfigKeys (ConfUtils.java:logGet(46)) - raft.grpc.server.async.request.thread.pool.cached = true (default)
2025-05-12 14:24:48,821 [main] INFO  grpc.GrpcConfigKeys (ConfUtils.java:logGet(46)) - raft.grpc.server.async.request.thread.pool.size = 32 (default)
2025-05-12 14:24:48,823 [main] INFO  impl.DataStreamServerImpl (ConfUtils.java:logGet(46)) - raft.datastream.type = NETTY (custom)
2025-05-12 14:24:48,830 [main] INFO  server.RaftServerConfigKeys (ConfUtils.java:logGet(46)) - raft.server.data-stream.async.request.thread.pool.cached = false (default)
2025-05-12 14:24:48,830 [main] INFO  server.RaftServerConfigKeys (ConfUtils.java:logGet(46)) - raft.server.data-stream.async.request.thread.pool.size = 20 (custom)
2025-05-12 14:24:48,831 [main] INFO  server.RaftServerConfigKeys (ConfUtils.java:logGet(46)) - raft.server.data-stream.async.write.thread.pool.size = 16 (default)
2025-05-12 14:24:48,832 [main] INFO  netty.NettyConfigKeys$DataStream (ConfUtils.java:logGet(46)) - raft.netty.dataStream.server.channel.inactive.grace-period = 10min (default)
2025-05-12 14:24:48,833 [main] INFO  server.RaftServerConfigKeys (ConfUtils.java:logGet(46)) - raft.server.data-stream.client.pool.size = 10 (default)
2025-05-12 14:24:48,834 [main] INFO  netty.NettyConfigKeys$DataStream (ConfUtils.java:logGet(46)) - raft.netty.dataStream.server.use-epoll = true (default)
2025-05-12 14:24:48,834 [main] INFO  netty.NettyConfigKeys$DataStream (ConfUtils.java:logGet(46)) - raft.netty.dataStream.server.boss-group.size = 0 (default)
2025-05-12 14:24:48,835 [main] INFO  netty.NettyUtils (NettyUtils.java:newEventLoopGroup(74)) - Create EpollEventLoopGroup for 318d5f9c-a548-45a7-96e8-01a796af6bbe-NettyServerStreamRpc-bossGroup; Thread size is 0.
2025-05-12 14:24:48,835 [main] INFO  netty.NettyConfigKeys$DataStream (ConfUtils.java:logGet(46)) - raft.netty.dataStream.server.worker-group.size = 0 (default)
2025-05-12 14:24:48,835 [main] INFO  netty.NettyUtils (NettyUtils.java:newEventLoopGroup(74)) - Create EpollEventLoopGroup for 318d5f9c-a548-45a7-96e8-01a796af6bbe-NettyServerStreamRpc-workerGroup; Thread size is 0.
2025-05-12 14:24:48,836 [main] INFO  netty.NettyConfigKeys$DataStream (ConfUtils.java:logGet(46)) - raft.netty.dataStream.server.tls.conf = null (default)
2025-05-12 14:24:48,837 [main] INFO  netty.NettyConfigKeys$DataStream (ConfUtils.java:logGet(46)) - raft.netty.dataStream.host = null (default)
2025-05-12 14:24:48,837 [main] INFO  netty.NettyConfigKeys$DataStream (ConfUtils.java:logGet(46)) - raft.netty.dataStream.port = 15016 (custom)
2025-05-12 14:24:48,840 [main] INFO  server.RaftServerConfigKeys (ConfUtils.java:logGet(46)) - raft.server.sleep.deviation.threshold = 300ms (default)
2025-05-12 14:24:48,840 [main] INFO  server.RaftServerConfigKeys (ConfUtils.java:logGet(46)) - raft.server.close.threshold = 60s (default)
2025-05-12 14:24:48,840 [main] INFO  server.RaftServerConfigKeys (ConfUtils.java:logGet(46)) - raft.server.leaderelection.leader.step-down.wait-time = 10s (default)
2025-05-12 14:24:48,840 [main] INFO  server.RaftServerConfigKeys (ConfUtils.java:logGet(46)) - raft.server.storage.dir = [/home/runner/work/ozone/ozone/hadoop-ozone/integration-test-s3/target/test-dir/MiniOzoneClusterImpl-3d63a36f-1eaa-4b4c-95b9-e111fcfd97b0/ozone-meta/datanode-1/ratis] (custom)
2025-05-12 14:24:48,840 [main] INFO  server.RaftServerConfigKeys (ConfUtils.java:logGet(46)) - raft.server.threadpool.proxy.cached = true (default)
2025-05-12 14:24:48,841 [main] INFO  server.RaftServerConfigKeys (ConfUtils.java:logGet(46)) - raft.server.threadpool.proxy.size = 0 (default)
2025-05-12 14:24:48,843 [318d5f9c-a548-45a7-96e8-01a796af6bbe-impl-thread1] INFO  server.RaftServer (RaftServerProxy.java:initGroupDir(265)) - 318d5f9c-a548-45a7-96e8-01a796af6bbe: found a subdirectory /home/runner/work/ozone/ozone/hadoop-ozone/integration-test-s3/target/test-dir/MiniOzoneClusterImpl-3d63a36f-1eaa-4b4c-95b9-e111fcfd97b0/ozone-meta/datanode-1/ratis/tmp
2025-05-12 14:24:48,843 [318d5f9c-a548-45a7-96e8-01a796af6bbe-impl-thread1] INFO  server.RaftServer (RaftServerProxy.java:initGroupDir(270)) - 318d5f9c-a548-45a7-96e8-01a796af6bbe: The directory /home/runner/work/ozone/ozone/hadoop-ozone/integration-test-s3/target/test-dir/MiniOzoneClusterImpl-3d63a36f-1eaa-4b4c-95b9-e111fcfd97b0/ozone-meta/datanode-1/ratis/tmp is not a group directory; ignoring it. 
2025-05-12 14:24:48,846 [main] INFO  replication.ReplicationServer (ReplicationServer.java:<init>(84)) - Initializing replication server with thread count = 10 queue length = 4096
2025-05-12 14:24:48,850 [318d5f9c-a548-45a7-96e8-01a796af6bbe-NettyServerStreamRpc-bossGroup--thread1] INFO  logging.LoggingHandler (AbstractInternalLogger.java:log(148)) - [id: 0x6f5f94bd] REGISTERED
2025-05-12 14:24:48,850 [318d5f9c-a548-45a7-96e8-01a796af6bbe-NettyServerStreamRpc-bossGroup--thread1] INFO  logging.LoggingHandler (AbstractInternalLogger.java:log(148)) - [id: 0x6f5f94bd] BIND: 0.0.0.0/0.0.0.0:15016
2025-05-12 14:24:48,850 [318d5f9c-a548-45a7-96e8-01a796af6bbe-NettyServerStreamRpc-bossGroup--thread1] INFO  logging.LoggingHandler (AbstractInternalLogger.java:log(148)) - [id: 0x6f5f94bd, L:/0.0.0.0:15016] ACTIVE
2025-05-12 14:24:48,863 [main] INFO  server.XceiverServerGrpc (XceiverServerGrpc.java:<init>(131)) - GrpcServer channel type EpollServerSocketChannel
2025-05-12 14:24:48,885 [main] INFO  replication.ReplicationSupervisor (ReplicationSupervisor.java:build(169)) - Initializing replication supervisor with thread count = 10
2025-05-12 14:24:48,886 [main] INFO  replication.ReplicationSupervisor (ReplicationSupervisor.java:nodeStateUpdated(358)) - Node state updated to IN_SERVICE, scaling executor pool size to 10
2025-05-12 14:24:48,912 [main] INFO  lib.Interns (Interns.java:removeEldestEntry(50)) - Metrics intern cache overflow at 2011 for MetricsSystem={MetricsSystem=MetricsInfoImpl{name=MetricsSystem, description=MetricsSystem}, MetricsSystem record=MetricsInfoImpl{name=MetricsSystem, description=MetricsSystem record}}
2025-05-12 14:24:48,931 [main] INFO  http.BaseHttpServer (BaseHttpServer.java:newHttpServer2BuilderForOzone(229)) - Starting Web-server for hddsDatanode at: http://0.0.0.0:15010
2025-05-12 14:24:48,931 [main] INFO  http.BaseHttpServer (BaseHttpServer.java:<init>(107)) - Hadoop Security Enabled: false Ozone Security Enabled: false Ozone HTTP Security Enabled: false 
2025-05-12 14:24:48,935 [main] WARN  server.AuthenticationFilter (AuthenticationFilter.java:constructSecretProvider(240)) - Unable to initialize FileSignerSecretProvider, falling back to use random secrets. Reason: Could not read signature secret file: /home/runner/hadoop-http-auth-signature-secret
2025-05-12 14:24:48,938 [main] INFO  http.HttpServer2 (HttpServer2.java:addGlobalFilter(1042)) - Added global filter 'safety' (class=org.apache.hadoop.hdds.server.http.HttpServer2$QuotingInputFilter)
2025-05-12 14:24:48,939 [main] INFO  http.HttpServer2 (HttpServer2.java:addFilter(1018)) - Added filter static_user_filter (class=org.apache.hadoop.http.lib.StaticUserWebFilter$StaticUserFilter) to context hddsDatanode
2025-05-12 14:24:48,939 [main] INFO  http.HttpServer2 (HttpServer2.java:addFilter(1026)) - Added filter static_user_filter (class=org.apache.hadoop.http.lib.StaticUserWebFilter$StaticUserFilter) to context static
2025-05-12 14:24:48,939 [main] INFO  http.HttpServer2 (HttpServer2.java:addFilter(1026)) - Added filter static_user_filter (class=org.apache.hadoop.http.lib.StaticUserWebFilter$StaticUserFilter) to context logs
2025-05-12 14:24:48,940 [main] INFO  http.BaseHttpServer (BaseHttpServer.java:<init>(195)) - HTTP server of hddsDatanode uses base directory /home/runner/work/ozone/ozone/hadoop-ozone/integration-test-s3/target/test-dir/MiniOzoneClusterImpl-3d63a36f-1eaa-4b4c-95b9-e111fcfd97b0/ozone-meta/datanode-1/meta/webserver
2025-05-12 14:24:48,940 [main] INFO  http.HttpServer2 (HttpServer2.java:bindListener(1242)) - Jetty bound to port 15010
2025-05-12 14:24:48,940 [main] INFO  server.Server (Server.java:doStart(375)) - jetty-9.4.57.v20241219; built: 2025-01-08T21:24:30.412Z; git: df524e6b29271c2e09ba9aea83c18dc9db464a31; jvm 21.0.7+6-LTS
2025-05-12 14:24:48,942 [main] INFO  server.session (DefaultSessionIdManager.java:doStart(334)) - DefaultSessionIdManager workerName=node0
2025-05-12 14:24:48,942 [main] INFO  server.session (DefaultSessionIdManager.java:doStart(339)) - No SessionScavenger set, using defaults
2025-05-12 14:24:48,942 [main] INFO  server.session (HouseKeeper.java:startScavenging(132)) - node0 Scavenging every 660000ms
2025-05-12 14:24:48,943 [main] INFO  handler.ContextHandler (ContextHandler.java:doStart(921)) - Started o.e.j.s.ServletContextHandler@6ed810f3{logs,/logs,file:///home/runner/work/ozone/ozone/hadoop-ozone/integration-test-s3/target/log,AVAILABLE}
2025-05-12 14:24:48,943 [main] INFO  handler.ContextHandler (ContextHandler.java:doStart(921)) - Started o.e.j.s.ServletContextHandler@5519eea8{static,/static,jar:file:/home/runner/work/ozone/ozone/hadoop-hdds/container-service/target/hdds-container-service-2.1.0-SNAPSHOT.jar!/webapps/static,AVAILABLE}
2025-05-12 14:24:49,084 [main] INFO  handler.ContextHandler (ContextHandler.java:doStart(921)) - Started o.e.j.w.WebAppContext@5bd5ace9{hddsDatanode,/,file:///home/runner/work/ozone/ozone/hadoop-ozone/integration-test-s3/target/test-dir/MiniOzoneClusterImpl-3d63a36f-1eaa-4b4c-95b9-e111fcfd97b0/ozone-meta/datanode-1/meta/webserver/jetty-0_0_0_0-15010-hdds-container-service-2_1_0-SNAPSHOT_jar-_-any-16636082096273528667/webapp/,AVAILABLE}{jar:file:/home/runner/work/ozone/ozone/hadoop-hdds/container-service/target/hdds-container-service-2.1.0-SNAPSHOT.jar!/webapps/hddsDatanode}
2025-05-12 14:24:49,085 [main] INFO  server.AbstractConnector (AbstractConnector.java:doStart(333)) - Started ServerConnector@2053e50a{HTTP/1.1, (http/1.1)}{0.0.0.0:15010}
2025-05-12 14:24:49,085 [main] INFO  server.Server (Server.java:doStart(415)) - Started @10986ms
2025-05-12 14:24:49,085 [main] WARN  impl.MetricsSystemImpl (MetricsSystemImpl.java:register(279)) - Sink prometheus already exists!
2025-05-12 14:24:49,086 [main] INFO  http.BaseHttpServer (BaseHttpServer.java:updateConnectorAddress(359)) - HTTP server of hddsDatanode listening at http://0.0.0.0:15010
2025-05-12 14:24:49,088 [main] INFO  ipc.CallQueueManager (CallQueueManager.java:<init>(93)) - Using callQueue: class java.util.concurrent.LinkedBlockingQueue, queueCapacity: 1000, scheduler: class org.apache.hadoop.ipc.DefaultRpcScheduler, ipcBackoff: false, ipcFailOver: false.
2025-05-12 14:24:49,088 [main] INFO  ipc.Server (Server.java:<init>(1438)) - Listener at 0.0.0.0:15011
2025-05-12 14:24:49,089 [Socket Reader #1 for port 15011] INFO  ipc.Server (Server.java:run(1474)) - Starting Socket Reader #1 for port 15011
2025-05-12 14:24:49,089 [Socket Reader #2 for port 15011] INFO  ipc.Server (Server.java:run(1474)) - Starting Socket Reader #2 for port 15011
2025-05-12 14:24:49,089 [Socket Reader #3 for port 15011] INFO  ipc.Server (Server.java:run(1474)) - Starting Socket Reader #3 for port 15011
2025-05-12 14:24:49,089 [Socket Reader #4 for port 15011] INFO  ipc.Server (Server.java:run(1474)) - Starting Socket Reader #4 for port 15011
2025-05-12 14:24:49,089 [Socket Reader #5 for port 15011] INFO  ipc.Server (Server.java:run(1474)) - Starting Socket Reader #5 for port 15011
2025-05-12 14:24:49,090 [Socket Reader #6 for port 15011] INFO  ipc.Server (Server.java:run(1474)) - Starting Socket Reader #6 for port 15011
2025-05-12 14:24:49,090 [Socket Reader #7 for port 15011] INFO  ipc.Server (Server.java:run(1474)) - Starting Socket Reader #7 for port 15011
2025-05-12 14:24:49,090 [Socket Reader #8 for port 15011] INFO  ipc.Server (Server.java:run(1474)) - Starting Socket Reader #8 for port 15011
2025-05-12 14:24:49,090 [Socket Reader #9 for port 15011] INFO  ipc.Server (Server.java:run(1474)) - Starting Socket Reader #9 for port 15011
2025-05-12 14:24:49,090 [Socket Reader #10 for port 15011] INFO  ipc.Server (Server.java:run(1474)) - Starting Socket Reader #10 for port 15011
2025-05-12 14:24:49,092 [main] INFO  ozone.HddsDatanodeService (HddsDatanodeService.java:start(325)) - Datanode start with admins: [runner]
2025-05-12 14:24:49,093 [main] INFO  ozone.HddsDatanodeClientProtocolServer (HddsDatanodeClientProtocolServer.java:start(76)) - RPC server for Client /0.0.0.0:15011
2025-05-12 14:24:49,093 [IPC Server Responder] INFO  ipc.Server (Server.java:run(1713)) - IPC Server Responder: starting
2025-05-12 14:24:49,093 [IPC Server listener on 15011] INFO  ipc.Server (Server.java:run(1553)) - IPC Server listener on 15011: starting
2025-05-12 14:24:49,095 [main] WARN  dropwizard3.Dm3MetricRegistriesImpl (Dm3MetricRegistriesImpl.java:addReporterRegistration(114)) - New reporters are added after registries were created. Some metrics will be missing from the reporter. Please add reporter before adding any new registry.
2025-05-12 14:24:49,095 [main] WARN  dropwizard3.Dm3MetricRegistriesImpl (Dm3MetricRegistriesImpl.java:addReporterRegistration(114)) - New reporters are added after registries were created. Some metrics will be missing from the reporter. Please add reporter before adding any new registry.
2025-05-12 14:24:49,095 [main] INFO  impl.MetricsSystemImpl (MetricsSystemImpl.java:init(158)) - HddsDatanode metrics system started (again)
2025-05-12 14:24:49,098 [318d5f9c-a548-45a7-96e8-01a796af6bbe-DatanodeStateMachineDaemonThread] INFO  statemachine.DatanodeStateMachine (DatanodeStateMachine.java:startStateMachineThread(340)) - Ozone container server started.
2025-05-12 14:24:49,105 [main] INFO  protocol.DatanodeDetails (DatanodeDetails.java:validateDatanodeIpAddress(199)) - Updating IP address of datanode 854da54c-a3b1-4b54-a80c-9675284bfbe1(pkrvmberfyhpb9w.internal.cloudapp.net/null) to 10.1.0.200
2025-05-12 14:24:49,106 [main] INFO  ozone.HddsDatanodeService (HddsDatanodeService.java:start(234)) - HddsDatanodeService 854da54c-a3b1-4b54-a80c-9675284bfbe1(pkrvmberfyhpb9w.internal.cloudapp.net/10.1.0.200)
2025-05-12 14:24:49,109 [main] INFO  upgrade.AbstractLayoutVersionManager (AbstractLayoutVersionManager.java:init(80)) - Initializing Layout version manager with metadata layout = HBASE_SUPPORT (version = 8), software layout = HBASE_SUPPORT (version = 8)
2025-05-12 14:24:49,109 [main] INFO  statemachine.DatanodeStateMachine (DatanodeStateMachine.java:getEndPointTaskThreadPoolSize(298)) - Datanode State Machine Task Thread Pool size 2
2025-05-12 14:24:49,112 [main] INFO  fs.SaveSpaceUsageToFile (SaveSpaceUsageToFile.java:load(92)) - Cached usage info file /home/runner/work/ozone/ozone/hadoop-ozone/integration-test-s3/target/test-dir/MiniOzoneClusterImpl-3d63a36f-1eaa-4b4c-95b9-e111fcfd97b0/ozone-meta/datanode-2/data-0/scmUsed not found
2025-05-12 14:24:49,115 [main] INFO  volume.HddsVolume (HddsVolume.java:<init>(158)) - HddsVolume: { id=DS-f8c768e7-4056-4bf0-be7b-e137fb6fbfb3 dir=/home/runner/work/ozone/ozone/hadoop-ozone/integration-test-s3/target/test-dir/MiniOzoneClusterImpl-3d63a36f-1eaa-4b4c-95b9-e111fcfd97b0/ozone-meta/datanode-2/data-0/hdds type=DISK capacity=76879465972 used=0 available=21308620800 minFree=5368709120 committed=0 }
2025-05-12 14:24:49,115 [main] INFO  volume.MutableVolumeSet (MutableVolumeSet.java:initializeVolumeSet(166)) - Added Volume : /home/runner/work/ozone/ozone/hadoop-ozone/integration-test-s3/target/test-dir/MiniOzoneClusterImpl-3d63a36f-1eaa-4b4c-95b9-e111fcfd97b0/ozone-meta/datanode-2/data-0/hdds to VolumeSet
2025-05-12 14:24:49,116 [main] INFO  fs.SaveSpaceUsageToFile (SaveSpaceUsageToFile.java:load(92)) - Cached usage info file /home/runner/work/ozone/ozone/hadoop-ozone/integration-test-s3/target/test-dir/MiniOzoneClusterImpl-3d63a36f-1eaa-4b4c-95b9-e111fcfd97b0/ozone-meta/datanode-2/ratis/scmUsed not found
2025-05-12 14:24:49,117 [main] INFO  volume.MutableVolumeSet (MutableVolumeSet.java:initializeVolumeSet(166)) - Added Volume : /home/runner/work/ozone/ozone/hadoop-ozone/integration-test-s3/target/test-dir/MiniOzoneClusterImpl-3d63a36f-1eaa-4b4c-95b9-e111fcfd97b0/ozone-meta/datanode-2/ratis to VolumeSet
2025-05-12 14:24:49,118 [main] INFO  ozoneimpl.OzoneContainer (HddsVolumeUtil.java:loadAllHddsVolumeDbStore(102)) - Load 1 volumes DbStore cost: 1ms
2025-05-12 14:24:49,120 [main] WARN  db.DBStoreBuilder (DBStoreBuilder.java:getDBDirPath(160)) - ozone.scm.datanode.id.dir is not configured. We recommend adding this setting. Falling back to ozone.metadata.dirs instead.
2025-05-12 14:24:49,122 [main] WARN  db.DBStoreBuilder (DBStoreBuilder.java:getDBDirPath(160)) - ozone.scm.datanode.id.dir is not configured. We recommend adding this setting. Falling back to ozone.metadata.dirs instead.
2025-05-12 14:24:49,138 [main] INFO  impl.FilePerChunkStrategy (FilePerChunkStrategy.java:<init>(79)) - ozone.chunk.read.mapped.buffer.max.count is load with 0
2025-05-12 14:24:49,138 [main] INFO  impl.FilePerBlockStrategy (FilePerBlockStrategy.java:<init>(87)) - ozone.chunk.read.mapped.buffer.max.count is load with 0
2025-05-12 14:24:49,140 [main] INFO  server.RaftServerConfigKeys (ConfUtils.java:logGet(46)) - raft.server.log.appender.buffer.byte-limit = 33554432 (custom)
2025-05-12 14:24:49,141 [main] INFO  server.RaftServer (ConfUtils.java:logGet(46)) - raft.rpc.type = GRPC (default)
2025-05-12 14:24:49,141 [main] INFO  grpc.GrpcConfigKeys (ConfUtils.java:logFallback(53)) - raft.grpc.admin.host = null (fallback to raft.grpc.server.host)
2025-05-12 14:24:49,142 [main] INFO  grpc.GrpcConfigKeys (ConfUtils.java:logGet(46)) - raft.grpc.admin.port = 15022 (custom)
2025-05-12 14:24:49,142 [main] INFO  grpc.GrpcConfigKeys (ConfUtils.java:logFallback(53)) - raft.grpc.client.host = null (fallback to raft.grpc.server.host)
2025-05-12 14:24:49,142 [main] INFO  grpc.GrpcConfigKeys (ConfUtils.java:logGet(46)) - raft.grpc.client.port = 15021 (custom)
2025-05-12 14:24:49,142 [main] INFO  grpc.GrpcConfigKeys (ConfUtils.java:logGet(46)) - raft.grpc.server.host = null (default)
2025-05-12 14:24:49,142 [main] INFO  grpc.GrpcConfigKeys (ConfUtils.java:logGet(46)) - raft.grpc.server.port = 15023 (custom)
2025-05-12 14:24:49,142 [main] INFO  server.GrpcService (ConfUtils.java:logGet(46)) - raft.grpc.message.size.max = 34603008 (custom)
2025-05-12 14:24:49,142 [main] INFO  server.GrpcService (ConfUtils.java:logGet(46)) - raft.grpc.flow.control.window = 5MB (=5242880) (custom)
2025-05-12 14:24:49,143 [main] INFO  server.RaftServerConfigKeys (ConfUtils.java:logGet(46)) - raft.server.rpc.request.timeout = 60s (custom)
2025-05-12 14:24:49,143 [main] INFO  grpc.GrpcConfigKeys (ConfUtils.java:logGet(46)) - raft.grpc.server.heartbeat.channel = true (default)
2025-05-12 14:24:49,143 [main] INFO  server.RaftServerConfigKeys (ConfUtils.java:logGet(46)) - raft.server.log.appender.buffer.byte-limit = 33554432 (custom)
2025-05-12 14:24:49,143 [main] INFO  grpc.GrpcConfigKeys (ConfUtils.java:logGet(46)) - raft.grpc.server.async.request.thread.pool.cached = true (default)
2025-05-12 14:24:49,143 [main] INFO  grpc.GrpcConfigKeys (ConfUtils.java:logGet(46)) - raft.grpc.server.async.request.thread.pool.size = 32 (default)
2025-05-12 14:24:49,144 [main] INFO  impl.DataStreamServerImpl (ConfUtils.java:logGet(46)) - raft.datastream.type = NETTY (custom)
2025-05-12 14:24:49,145 [main] INFO  server.RaftServerConfigKeys (ConfUtils.java:logGet(46)) - raft.server.data-stream.async.request.thread.pool.cached = false (default)
2025-05-12 14:24:49,145 [main] INFO  server.RaftServerConfigKeys (ConfUtils.java:logGet(46)) - raft.server.data-stream.async.request.thread.pool.size = 20 (custom)
2025-05-12 14:24:49,145 [main] INFO  server.RaftServerConfigKeys (ConfUtils.java:logGet(46)) - raft.server.data-stream.async.write.thread.pool.size = 16 (default)
2025-05-12 14:24:49,145 [main] INFO  netty.NettyConfigKeys$DataStream (ConfUtils.java:logGet(46)) - raft.netty.dataStream.server.channel.inactive.grace-period = 10min (default)
2025-05-12 14:24:49,145 [main] INFO  server.RaftServerConfigKeys (ConfUtils.java:logGet(46)) - raft.server.data-stream.client.pool.size = 10 (default)
2025-05-12 14:24:49,146 [main] INFO  netty.NettyConfigKeys$DataStream (ConfUtils.java:logGet(46)) - raft.netty.dataStream.server.use-epoll = true (default)
2025-05-12 14:24:49,146 [main] INFO  netty.NettyConfigKeys$DataStream (ConfUtils.java:logGet(46)) - raft.netty.dataStream.server.boss-group.size = 0 (default)
2025-05-12 14:24:49,146 [main] INFO  netty.NettyUtils (NettyUtils.java:newEventLoopGroup(74)) - Create EpollEventLoopGroup for 854da54c-a3b1-4b54-a80c-9675284bfbe1-NettyServerStreamRpc-bossGroup; Thread size is 0.
2025-05-12 14:24:49,146 [main] INFO  netty.NettyConfigKeys$DataStream (ConfUtils.java:logGet(46)) - raft.netty.dataStream.server.worker-group.size = 0 (default)
2025-05-12 14:24:49,146 [main] INFO  netty.NettyUtils (NettyUtils.java:newEventLoopGroup(74)) - Create EpollEventLoopGroup for 854da54c-a3b1-4b54-a80c-9675284bfbe1-NettyServerStreamRpc-workerGroup; Thread size is 0.
2025-05-12 14:24:49,147 [main] INFO  netty.NettyConfigKeys$DataStream (ConfUtils.java:logGet(46)) - raft.netty.dataStream.server.tls.conf = null (default)
2025-05-12 14:24:49,147 [main] INFO  netty.NettyConfigKeys$DataStream (ConfUtils.java:logGet(46)) - raft.netty.dataStream.host = null (default)
2025-05-12 14:24:49,147 [main] INFO  netty.NettyConfigKeys$DataStream (ConfUtils.java:logGet(46)) - raft.netty.dataStream.port = 15024 (custom)
2025-05-12 14:24:49,148 [main] INFO  server.RaftServerConfigKeys (ConfUtils.java:logGet(46)) - raft.server.sleep.deviation.threshold = 300ms (default)
2025-05-12 14:24:49,148 [main] INFO  server.RaftServerConfigKeys (ConfUtils.java:logGet(46)) - raft.server.close.threshold = 60s (default)
2025-05-12 14:24:49,148 [main] INFO  server.RaftServerConfigKeys (ConfUtils.java:logGet(46)) - raft.server.leaderelection.leader.step-down.wait-time = 10s (default)
2025-05-12 14:24:49,148 [main] INFO  server.RaftServerConfigKeys (ConfUtils.java:logGet(46)) - raft.server.storage.dir = [/home/runner/work/ozone/ozone/hadoop-ozone/integration-test-s3/target/test-dir/MiniOzoneClusterImpl-3d63a36f-1eaa-4b4c-95b9-e111fcfd97b0/ozone-meta/datanode-2/ratis] (custom)
2025-05-12 14:24:49,148 [main] INFO  server.RaftServerConfigKeys (ConfUtils.java:logGet(46)) - raft.server.threadpool.proxy.cached = true (default)
2025-05-12 14:24:49,149 [main] INFO  server.RaftServerConfigKeys (ConfUtils.java:logGet(46)) - raft.server.threadpool.proxy.size = 0 (default)
2025-05-12 14:24:49,148 [854da54c-a3b1-4b54-a80c-9675284bfbe1-NettyServerStreamRpc-bossGroup--thread1] INFO  logging.LoggingHandler (AbstractInternalLogger.java:log(148)) - [id: 0xeb20f2e0] REGISTERED
2025-05-12 14:24:49,149 [854da54c-a3b1-4b54-a80c-9675284bfbe1-NettyServerStreamRpc-bossGroup--thread1] INFO  logging.LoggingHandler (AbstractInternalLogger.java:log(148)) - [id: 0xeb20f2e0] BIND: 0.0.0.0/0.0.0.0:15024
2025-05-12 14:24:49,149 [854da54c-a3b1-4b54-a80c-9675284bfbe1-NettyServerStreamRpc-bossGroup--thread1] INFO  logging.LoggingHandler (AbstractInternalLogger.java:log(148)) - [id: 0xeb20f2e0, L:/0.0.0.0:15024] ACTIVE
2025-05-12 14:24:49,150 [854da54c-a3b1-4b54-a80c-9675284bfbe1-impl-thread1] INFO  server.RaftServer (RaftServerProxy.java:initGroupDir(265)) - 854da54c-a3b1-4b54-a80c-9675284bfbe1: found a subdirectory /home/runner/work/ozone/ozone/hadoop-ozone/integration-test-s3/target/test-dir/MiniOzoneClusterImpl-3d63a36f-1eaa-4b4c-95b9-e111fcfd97b0/ozone-meta/datanode-2/ratis/tmp
2025-05-12 14:24:49,150 [854da54c-a3b1-4b54-a80c-9675284bfbe1-impl-thread1] INFO  server.RaftServer (RaftServerProxy.java:initGroupDir(270)) - 854da54c-a3b1-4b54-a80c-9675284bfbe1: The directory /home/runner/work/ozone/ozone/hadoop-ozone/integration-test-s3/target/test-dir/MiniOzoneClusterImpl-3d63a36f-1eaa-4b4c-95b9-e111fcfd97b0/ozone-meta/datanode-2/ratis/tmp is not a group directory; ignoring it. 
2025-05-12 14:24:49,150 [main] INFO  replication.ReplicationServer (ReplicationServer.java:<init>(84)) - Initializing replication server with thread count = 10 queue length = 4096
2025-05-12 14:24:49,150 [318d5f9c-a548-45a7-96e8-01a796af6bbe-DatanodeStateMachineTaskThread-0] INFO  datanode.InitDatanodeState (InitDatanodeState.java:persistContainerDatanodeDetails(139)) - DatanodeDetails is persisted to /home/runner/work/ozone/ozone/hadoop-ozone/integration-test-s3/target/test-dir/MiniOzoneClusterImpl-3d63a36f-1eaa-4b4c-95b9-e111fcfd97b0/ozone-meta/datanode-1/meta/datanode.id
2025-05-12 14:24:49,151 [main] INFO  server.XceiverServerGrpc (XceiverServerGrpc.java:<init>(131)) - GrpcServer channel type EpollServerSocketChannel
2025-05-12 14:24:49,153 [main] INFO  replication.ReplicationSupervisor (ReplicationSupervisor.java:build(169)) - Initializing replication supervisor with thread count = 10
2025-05-12 14:24:49,153 [main] INFO  replication.ReplicationSupervisor (ReplicationSupervisor.java:nodeStateUpdated(358)) - Node state updated to IN_SERVICE, scaling executor pool size to 10
2025-05-12 14:24:49,156 [main] INFO  http.BaseHttpServer (BaseHttpServer.java:newHttpServer2BuilderForOzone(229)) - Starting Web-server for hddsDatanode at: http://0.0.0.0:15018
2025-05-12 14:24:49,156 [main] INFO  http.BaseHttpServer (BaseHttpServer.java:<init>(107)) - Hadoop Security Enabled: false Ozone Security Enabled: false Ozone HTTP Security Enabled: false 
2025-05-12 14:24:49,157 [main] WARN  server.AuthenticationFilter (AuthenticationFilter.java:constructSecretProvider(240)) - Unable to initialize FileSignerSecretProvider, falling back to use random secrets. Reason: Could not read signature secret file: /home/runner/hadoop-http-auth-signature-secret
2025-05-12 14:24:49,160 [main] INFO  http.HttpServer2 (HttpServer2.java:addGlobalFilter(1042)) - Added global filter 'safety' (class=org.apache.hadoop.hdds.server.http.HttpServer2$QuotingInputFilter)
2025-05-12 14:24:49,161 [main] INFO  http.HttpServer2 (HttpServer2.java:addFilter(1018)) - Added filter static_user_filter (class=org.apache.hadoop.http.lib.StaticUserWebFilter$StaticUserFilter) to context hddsDatanode
2025-05-12 14:24:49,161 [main] INFO  http.HttpServer2 (HttpServer2.java:addFilter(1026)) - Added filter static_user_filter (class=org.apache.hadoop.http.lib.StaticUserWebFilter$StaticUserFilter) to context logs
2025-05-12 14:24:49,161 [main] INFO  http.HttpServer2 (HttpServer2.java:addFilter(1026)) - Added filter static_user_filter (class=org.apache.hadoop.http.lib.StaticUserWebFilter$StaticUserFilter) to context static
2025-05-12 14:24:49,162 [main] INFO  http.BaseHttpServer (BaseHttpServer.java:<init>(195)) - HTTP server of hddsDatanode uses base directory /home/runner/work/ozone/ozone/hadoop-ozone/integration-test-s3/target/test-dir/MiniOzoneClusterImpl-3d63a36f-1eaa-4b4c-95b9-e111fcfd97b0/ozone-meta/datanode-2/meta/webserver
2025-05-12 14:24:49,162 [main] INFO  http.HttpServer2 (HttpServer2.java:bindListener(1242)) - Jetty bound to port 15018
2025-05-12 14:24:49,162 [main] INFO  server.Server (Server.java:doStart(375)) - jetty-9.4.57.v20241219; built: 2025-01-08T21:24:30.412Z; git: df524e6b29271c2e09ba9aea83c18dc9db464a31; jvm 21.0.7+6-LTS
2025-05-12 14:24:49,164 [main] INFO  server.session (DefaultSessionIdManager.java:doStart(334)) - DefaultSessionIdManager workerName=node0
2025-05-12 14:24:49,164 [main] INFO  server.session (DefaultSessionIdManager.java:doStart(339)) - No SessionScavenger set, using defaults
2025-05-12 14:24:49,164 [main] INFO  server.session (HouseKeeper.java:startScavenging(132)) - node0 Scavenging every 660000ms
2025-05-12 14:24:49,165 [main] INFO  handler.ContextHandler (ContextHandler.java:doStart(921)) - Started o.e.j.s.ServletContextHandler@273cefd5{logs,/logs,file:///home/runner/work/ozone/ozone/hadoop-ozone/integration-test-s3/target/log,AVAILABLE}
2025-05-12 14:24:49,165 [main] INFO  handler.ContextHandler (ContextHandler.java:doStart(921)) - Started o.e.j.s.ServletContextHandler@5b7bd551{static,/static,jar:file:/home/runner/work/ozone/ozone/hadoop-hdds/container-service/target/hdds-container-service-2.1.0-SNAPSHOT.jar!/webapps/static,AVAILABLE}
2025-05-12 14:24:49,298 [main] INFO  handler.ContextHandler (ContextHandler.java:doStart(921)) - Started o.e.j.w.WebAppContext@67fe15be{hddsDatanode,/,file:///home/runner/work/ozone/ozone/hadoop-ozone/integration-test-s3/target/test-dir/MiniOzoneClusterImpl-3d63a36f-1eaa-4b4c-95b9-e111fcfd97b0/ozone-meta/datanode-2/meta/webserver/jetty-0_0_0_0-15018-hdds-container-service-2_1_0-SNAPSHOT_jar-_-any-14555711875660078418/webapp/,AVAILABLE}{jar:file:/home/runner/work/ozone/ozone/hadoop-hdds/container-service/target/hdds-container-service-2.1.0-SNAPSHOT.jar!/webapps/hddsDatanode}
2025-05-12 14:24:49,299 [main] INFO  server.AbstractConnector (AbstractConnector.java:doStart(333)) - Started ServerConnector@5cb077e3{HTTP/1.1, (http/1.1)}{0.0.0.0:15018}
2025-05-12 14:24:49,300 [main] INFO  server.Server (Server.java:doStart(415)) - Started @11200ms
2025-05-12 14:24:49,300 [main] WARN  impl.MetricsSystemImpl (MetricsSystemImpl.java:register(279)) - Sink prometheus already exists!
2025-05-12 14:24:49,300 [main] INFO  http.BaseHttpServer (BaseHttpServer.java:updateConnectorAddress(359)) - HTTP server of hddsDatanode listening at http://0.0.0.0:15018
2025-05-12 14:24:49,301 [main] INFO  ipc.CallQueueManager (CallQueueManager.java:<init>(93)) - Using callQueue: class java.util.concurrent.LinkedBlockingQueue, queueCapacity: 1000, scheduler: class org.apache.hadoop.ipc.DefaultRpcScheduler, ipcBackoff: false, ipcFailOver: false.
2025-05-12 14:24:49,301 [main] INFO  ipc.Server (Server.java:<init>(1438)) - Listener at 0.0.0.0:15019
2025-05-12 14:24:49,301 [Socket Reader #1 for port 15019] INFO  ipc.Server (Server.java:run(1474)) - Starting Socket Reader #1 for port 15019
2025-05-12 14:24:49,302 [Socket Reader #3 for port 15019] INFO  ipc.Server (Server.java:run(1474)) - Starting Socket Reader #3 for port 15019
2025-05-12 14:24:49,302 [Socket Reader #2 for port 15019] INFO  ipc.Server (Server.java:run(1474)) - Starting Socket Reader #2 for port 15019
2025-05-12 14:24:49,302 [Socket Reader #4 for port 15019] INFO  ipc.Server (Server.java:run(1474)) - Starting Socket Reader #4 for port 15019
2025-05-12 14:24:49,303 [Socket Reader #5 for port 15019] INFO  ipc.Server (Server.java:run(1474)) - Starting Socket Reader #5 for port 15019
2025-05-12 14:24:49,303 [Socket Reader #6 for port 15019] INFO  ipc.Server (Server.java:run(1474)) - Starting Socket Reader #6 for port 15019
2025-05-12 14:24:49,303 [Socket Reader #7 for port 15019] INFO  ipc.Server (Server.java:run(1474)) - Starting Socket Reader #7 for port 15019
2025-05-12 14:24:49,303 [Socket Reader #8 for port 15019] INFO  ipc.Server (Server.java:run(1474)) - Starting Socket Reader #8 for port 15019
2025-05-12 14:24:49,304 [Socket Reader #9 for port 15019] INFO  ipc.Server (Server.java:run(1474)) - Starting Socket Reader #9 for port 15019
2025-05-12 14:24:49,304 [Socket Reader #10 for port 15019] INFO  ipc.Server (Server.java:run(1474)) - Starting Socket Reader #10 for port 15019
2025-05-12 14:24:49,307 [main] INFO  ozone.HddsDatanodeService (HddsDatanodeService.java:start(325)) - Datanode start with admins: [runner]
2025-05-12 14:24:49,307 [main] INFO  ozone.HddsDatanodeClientProtocolServer (HddsDatanodeClientProtocolServer.java:start(76)) - RPC server for Client /0.0.0.0:15019
2025-05-12 14:24:49,308 [IPC Server Responder] INFO  ipc.Server (Server.java:run(1713)) - IPC Server Responder: starting
2025-05-12 14:24:49,309 [IPC Server listener on 15019] INFO  ipc.Server (Server.java:run(1553)) - IPC Server listener on 15019: starting
2025-05-12 14:24:49,312 [main] WARN  dropwizard3.Dm3MetricRegistriesImpl (Dm3MetricRegistriesImpl.java:addReporterRegistration(114)) - New reporters are added after registries were created. Some metrics will be missing from the reporter. Please add reporter before adding any new registry.
2025-05-12 14:24:49,313 [main] WARN  dropwizard3.Dm3MetricRegistriesImpl (Dm3MetricRegistriesImpl.java:addReporterRegistration(114)) - New reporters are added after registries were created. Some metrics will be missing from the reporter. Please add reporter before adding any new registry.
2025-05-12 14:24:49,313 [main] INFO  impl.MetricsSystemImpl (MetricsSystemImpl.java:init(158)) - HddsDatanode metrics system started (again)
2025-05-12 14:24:49,315 [854da54c-a3b1-4b54-a80c-9675284bfbe1-DatanodeStateMachineDaemonThread] INFO  statemachine.DatanodeStateMachine (DatanodeStateMachine.java:startStateMachineThread(340)) - Ozone container server started.
2025-05-12 14:24:49,323 [854da54c-a3b1-4b54-a80c-9675284bfbe1-DatanodeStateMachineTaskThread-0] INFO  datanode.InitDatanodeState (InitDatanodeState.java:persistContainerDatanodeDetails(139)) - DatanodeDetails is persisted to /home/runner/work/ozone/ozone/hadoop-ozone/integration-test-s3/target/test-dir/MiniOzoneClusterImpl-3d63a36f-1eaa-4b4c-95b9-e111fcfd97b0/ozone-meta/datanode-2/meta/datanode.id
2025-05-12 14:24:49,325 [main] INFO  protocol.DatanodeDetails (DatanodeDetails.java:validateDatanodeIpAddress(199)) - Updating IP address of datanode a991347c-fe65-440a-a23f-e482601a678a(pkrvmberfyhpb9w.internal.cloudapp.net/null) to 10.1.0.200
2025-05-12 14:24:49,325 [main] INFO  ozone.HddsDatanodeService (HddsDatanodeService.java:start(234)) - HddsDatanodeService a991347c-fe65-440a-a23f-e482601a678a(pkrvmberfyhpb9w.internal.cloudapp.net/10.1.0.200)
2025-05-12 14:24:49,328 [main] INFO  upgrade.AbstractLayoutVersionManager (AbstractLayoutVersionManager.java:init(80)) - Initializing Layout version manager with metadata layout = HBASE_SUPPORT (version = 8), software layout = HBASE_SUPPORT (version = 8)
2025-05-12 14:24:49,329 [main] INFO  statemachine.DatanodeStateMachine (DatanodeStateMachine.java:getEndPointTaskThreadPoolSize(298)) - Datanode State Machine Task Thread Pool size 2
2025-05-12 14:24:49,331 [main] INFO  fs.SaveSpaceUsageToFile (SaveSpaceUsageToFile.java:load(92)) - Cached usage info file /home/runner/work/ozone/ozone/hadoop-ozone/integration-test-s3/target/test-dir/MiniOzoneClusterImpl-3d63a36f-1eaa-4b4c-95b9-e111fcfd97b0/ozone-meta/datanode-3/data-0/scmUsed not found
2025-05-12 14:24:49,334 [main] INFO  volume.HddsVolume (HddsVolume.java:<init>(158)) - HddsVolume: { id=DS-7fcac032-8a6a-43de-8de7-2bbedd39c0bf dir=/home/runner/work/ozone/ozone/hadoop-ozone/integration-test-s3/target/test-dir/MiniOzoneClusterImpl-3d63a36f-1eaa-4b4c-95b9-e111fcfd97b0/ozone-meta/datanode-3/data-0/hdds type=DISK capacity=76879465972 used=0 available=21288927232 minFree=5368709120 committed=0 }
2025-05-12 14:24:49,334 [main] INFO  volume.MutableVolumeSet (MutableVolumeSet.java:initializeVolumeSet(166)) - Added Volume : /home/runner/work/ozone/ozone/hadoop-ozone/integration-test-s3/target/test-dir/MiniOzoneClusterImpl-3d63a36f-1eaa-4b4c-95b9-e111fcfd97b0/ozone-meta/datanode-3/data-0/hdds to VolumeSet
2025-05-12 14:24:49,335 [main] INFO  fs.SaveSpaceUsageToFile (SaveSpaceUsageToFile.java:load(92)) - Cached usage info file /home/runner/work/ozone/ozone/hadoop-ozone/integration-test-s3/target/test-dir/MiniOzoneClusterImpl-3d63a36f-1eaa-4b4c-95b9-e111fcfd97b0/ozone-meta/datanode-3/ratis/scmUsed not found
2025-05-12 14:24:49,338 [main] INFO  volume.MutableVolumeSet (MutableVolumeSet.java:initializeVolumeSet(166)) - Added Volume : /home/runner/work/ozone/ozone/hadoop-ozone/integration-test-s3/target/test-dir/MiniOzoneClusterImpl-3d63a36f-1eaa-4b4c-95b9-e111fcfd97b0/ozone-meta/datanode-3/ratis to VolumeSet
2025-05-12 14:24:49,339 [main] INFO  ozoneimpl.OzoneContainer (HddsVolumeUtil.java:loadAllHddsVolumeDbStore(102)) - Load 1 volumes DbStore cost: 1ms
2025-05-12 14:24:49,340 [main] WARN  db.DBStoreBuilder (DBStoreBuilder.java:getDBDirPath(160)) - ozone.scm.datanode.id.dir is not configured. We recommend adding this setting. Falling back to ozone.metadata.dirs instead.
2025-05-12 14:24:49,341 [main] WARN  db.DBStoreBuilder (DBStoreBuilder.java:getDBDirPath(160)) - ozone.scm.datanode.id.dir is not configured. We recommend adding this setting. Falling back to ozone.metadata.dirs instead.
2025-05-12 14:24:49,355 [main] INFO  impl.FilePerChunkStrategy (FilePerChunkStrategy.java:<init>(79)) - ozone.chunk.read.mapped.buffer.max.count is load with 0
2025-05-12 14:24:49,355 [main] INFO  impl.FilePerBlockStrategy (FilePerBlockStrategy.java:<init>(87)) - ozone.chunk.read.mapped.buffer.max.count is load with 0
2025-05-12 14:24:49,357 [main] INFO  server.RaftServerConfigKeys (ConfUtils.java:logGet(46)) - raft.server.log.appender.buffer.byte-limit = 33554432 (custom)
2025-05-12 14:24:49,358 [main] INFO  server.RaftServer (ConfUtils.java:logGet(46)) - raft.rpc.type = GRPC (default)
2025-05-12 14:24:49,358 [main] INFO  grpc.GrpcConfigKeys (ConfUtils.java:logFallback(53)) - raft.grpc.admin.host = null (fallback to raft.grpc.server.host)
2025-05-12 14:24:49,359 [main] INFO  grpc.GrpcConfigKeys (ConfUtils.java:logGet(46)) - raft.grpc.admin.port = 15030 (custom)
2025-05-12 14:24:49,359 [main] INFO  grpc.GrpcConfigKeys (ConfUtils.java:logFallback(53)) - raft.grpc.client.host = null (fallback to raft.grpc.server.host)
2025-05-12 14:24:49,359 [main] INFO  grpc.GrpcConfigKeys (ConfUtils.java:logGet(46)) - raft.grpc.client.port = 15029 (custom)
2025-05-12 14:24:49,359 [main] INFO  grpc.GrpcConfigKeys (ConfUtils.java:logGet(46)) - raft.grpc.server.host = null (default)
2025-05-12 14:24:49,359 [main] INFO  grpc.GrpcConfigKeys (ConfUtils.java:logGet(46)) - raft.grpc.server.port = 15031 (custom)
2025-05-12 14:24:49,359 [main] INFO  server.GrpcService (ConfUtils.java:logGet(46)) - raft.grpc.message.size.max = 34603008 (custom)
2025-05-12 14:24:49,359 [main] INFO  server.GrpcService (ConfUtils.java:logGet(46)) - raft.grpc.flow.control.window = 5MB (=5242880) (custom)
2025-05-12 14:24:49,359 [main] INFO  server.RaftServerConfigKeys (ConfUtils.java:logGet(46)) - raft.server.rpc.request.timeout = 60s (custom)
2025-05-12 14:24:49,359 [main] INFO  grpc.GrpcConfigKeys (ConfUtils.java:logGet(46)) - raft.grpc.server.heartbeat.channel = true (default)
2025-05-12 14:24:49,360 [main] INFO  server.RaftServerConfigKeys (ConfUtils.java:logGet(46)) - raft.server.log.appender.buffer.byte-limit = 33554432 (custom)
2025-05-12 14:24:49,360 [main] INFO  grpc.GrpcConfigKeys (ConfUtils.java:logGet(46)) - raft.grpc.server.async.request.thread.pool.cached = true (default)
2025-05-12 14:24:49,360 [main] INFO  grpc.GrpcConfigKeys (ConfUtils.java:logGet(46)) - raft.grpc.server.async.request.thread.pool.size = 32 (default)
2025-05-12 14:24:49,361 [main] INFO  impl.DataStreamServerImpl (ConfUtils.java:logGet(46)) - raft.datastream.type = NETTY (custom)
2025-05-12 14:24:49,362 [main] INFO  server.RaftServerConfigKeys (ConfUtils.java:logGet(46)) - raft.server.data-stream.async.request.thread.pool.cached = false (default)
2025-05-12 14:24:49,362 [main] INFO  server.RaftServerConfigKeys (ConfUtils.java:logGet(46)) - raft.server.data-stream.async.request.thread.pool.size = 20 (custom)
2025-05-12 14:24:49,362 [main] INFO  server.RaftServerConfigKeys (ConfUtils.java:logGet(46)) - raft.server.data-stream.async.write.thread.pool.size = 16 (default)
2025-05-12 14:24:49,362 [main] INFO  netty.NettyConfigKeys$DataStream (ConfUtils.java:logGet(46)) - raft.netty.dataStream.server.channel.inactive.grace-period = 10min (default)
2025-05-12 14:24:49,362 [main] INFO  server.RaftServerConfigKeys (ConfUtils.java:logGet(46)) - raft.server.data-stream.client.pool.size = 10 (default)
2025-05-12 14:24:49,362 [main] INFO  netty.NettyConfigKeys$DataStream (ConfUtils.java:logGet(46)) - raft.netty.dataStream.server.use-epoll = true (default)
2025-05-12 14:24:49,362 [main] INFO  netty.NettyConfigKeys$DataStream (ConfUtils.java:logGet(46)) - raft.netty.dataStream.server.boss-group.size = 0 (default)
2025-05-12 14:24:49,362 [main] INFO  netty.NettyUtils (NettyUtils.java:newEventLoopGroup(74)) - Create EpollEventLoopGroup for a991347c-fe65-440a-a23f-e482601a678a-NettyServerStreamRpc-bossGroup; Thread size is 0.
2025-05-12 14:24:49,363 [main] INFO  netty.NettyConfigKeys$DataStream (ConfUtils.java:logGet(46)) - raft.netty.dataStream.server.worker-group.size = 0 (default)
2025-05-12 14:24:49,363 [main] INFO  netty.NettyUtils (NettyUtils.java:newEventLoopGroup(74)) - Create EpollEventLoopGroup for a991347c-fe65-440a-a23f-e482601a678a-NettyServerStreamRpc-workerGroup; Thread size is 0.
2025-05-12 14:24:49,363 [main] INFO  netty.NettyConfigKeys$DataStream (ConfUtils.java:logGet(46)) - raft.netty.dataStream.server.tls.conf = null (default)
2025-05-12 14:24:49,364 [main] INFO  netty.NettyConfigKeys$DataStream (ConfUtils.java:logGet(46)) - raft.netty.dataStream.host = null (default)
2025-05-12 14:24:49,364 [main] INFO  netty.NettyConfigKeys$DataStream (ConfUtils.java:logGet(46)) - raft.netty.dataStream.port = 15032 (custom)
2025-05-12 14:24:49,364 [main] INFO  server.RaftServerConfigKeys (ConfUtils.java:logGet(46)) - raft.server.sleep.deviation.threshold = 300ms (default)
2025-05-12 14:24:49,364 [main] INFO  server.RaftServerConfigKeys (ConfUtils.java:logGet(46)) - raft.server.close.threshold = 60s (default)
2025-05-12 14:24:49,364 [main] INFO  server.RaftServerConfigKeys (ConfUtils.java:logGet(46)) - raft.server.leaderelection.leader.step-down.wait-time = 10s (default)
2025-05-12 14:24:49,365 [main] INFO  server.RaftServerConfigKeys (ConfUtils.java:logGet(46)) - raft.server.storage.dir = [/home/runner/work/ozone/ozone/hadoop-ozone/integration-test-s3/target/test-dir/MiniOzoneClusterImpl-3d63a36f-1eaa-4b4c-95b9-e111fcfd97b0/ozone-meta/datanode-3/ratis] (custom)
2025-05-12 14:24:49,365 [main] INFO  server.RaftServerConfigKeys (ConfUtils.java:logGet(46)) - raft.server.threadpool.proxy.cached = true (default)
2025-05-12 14:24:49,365 [main] INFO  server.RaftServerConfigKeys (ConfUtils.java:logGet(46)) - raft.server.threadpool.proxy.size = 0 (default)
2025-05-12 14:24:49,365 [a991347c-fe65-440a-a23f-e482601a678a-NettyServerStreamRpc-bossGroup--thread1] INFO  logging.LoggingHandler (AbstractInternalLogger.java:log(148)) - [id: 0xfa5bcdef] REGISTERED
2025-05-12 14:24:49,366 [a991347c-fe65-440a-a23f-e482601a678a-NettyServerStreamRpc-bossGroup--thread1] INFO  logging.LoggingHandler (AbstractInternalLogger.java:log(148)) - [id: 0xfa5bcdef] BIND: 0.0.0.0/0.0.0.0:15032
2025-05-12 14:24:49,366 [a991347c-fe65-440a-a23f-e482601a678a-NettyServerStreamRpc-bossGroup--thread1] INFO  logging.LoggingHandler (AbstractInternalLogger.java:log(148)) - [id: 0xfa5bcdef, L:/0.0.0.0:15032] ACTIVE
2025-05-12 14:24:49,367 [a991347c-fe65-440a-a23f-e482601a678a-impl-thread1] INFO  server.RaftServer (RaftServerProxy.java:initGroupDir(265)) - a991347c-fe65-440a-a23f-e482601a678a: found a subdirectory /home/runner/work/ozone/ozone/hadoop-ozone/integration-test-s3/target/test-dir/MiniOzoneClusterImpl-3d63a36f-1eaa-4b4c-95b9-e111fcfd97b0/ozone-meta/datanode-3/ratis/tmp
2025-05-12 14:24:49,367 [a991347c-fe65-440a-a23f-e482601a678a-impl-thread1] INFO  server.RaftServer (RaftServerProxy.java:initGroupDir(270)) - a991347c-fe65-440a-a23f-e482601a678a: The directory /home/runner/work/ozone/ozone/hadoop-ozone/integration-test-s3/target/test-dir/MiniOzoneClusterImpl-3d63a36f-1eaa-4b4c-95b9-e111fcfd97b0/ozone-meta/datanode-3/ratis/tmp is not a group directory; ignoring it. 
2025-05-12 14:24:49,367 [main] INFO  replication.ReplicationServer (ReplicationServer.java:<init>(84)) - Initializing replication server with thread count = 10 queue length = 4096
2025-05-12 14:24:49,369 [main] INFO  server.XceiverServerGrpc (XceiverServerGrpc.java:<init>(131)) - GrpcServer channel type EpollServerSocketChannel
2025-05-12 14:24:49,371 [main] INFO  replication.ReplicationSupervisor (ReplicationSupervisor.java:build(169)) - Initializing replication supervisor with thread count = 10
2025-05-12 14:24:49,372 [main] INFO  replication.ReplicationSupervisor (ReplicationSupervisor.java:nodeStateUpdated(358)) - Node state updated to IN_SERVICE, scaling executor pool size to 10
2025-05-12 14:24:49,375 [main] INFO  http.BaseHttpServer (BaseHttpServer.java:newHttpServer2BuilderForOzone(229)) - Starting Web-server for hddsDatanode at: http://0.0.0.0:15026
2025-05-12 14:24:49,376 [main] INFO  http.BaseHttpServer (BaseHttpServer.java:<init>(107)) - Hadoop Security Enabled: false Ozone Security Enabled: false Ozone HTTP Security Enabled: false 
2025-05-12 14:24:49,377 [main] WARN  server.AuthenticationFilter (AuthenticationFilter.java:constructSecretProvider(240)) - Unable to initialize FileSignerSecretProvider, falling back to use random secrets. Reason: Could not read signature secret file: /home/runner/hadoop-http-auth-signature-secret
2025-05-12 14:24:49,380 [main] INFO  http.HttpServer2 (HttpServer2.java:addGlobalFilter(1042)) - Added global filter 'safety' (class=org.apache.hadoop.hdds.server.http.HttpServer2$QuotingInputFilter)
2025-05-12 14:24:49,382 [main] INFO  http.HttpServer2 (HttpServer2.java:addFilter(1018)) - Added filter static_user_filter (class=org.apache.hadoop.http.lib.StaticUserWebFilter$StaticUserFilter) to context hddsDatanode
2025-05-12 14:24:49,382 [main] INFO  http.HttpServer2 (HttpServer2.java:addFilter(1026)) - Added filter static_user_filter (class=org.apache.hadoop.http.lib.StaticUserWebFilter$StaticUserFilter) to context logs
2025-05-12 14:24:49,382 [main] INFO  http.HttpServer2 (HttpServer2.java:addFilter(1026)) - Added filter static_user_filter (class=org.apache.hadoop.http.lib.StaticUserWebFilter$StaticUserFilter) to context static
2025-05-12 14:24:49,383 [main] INFO  http.BaseHttpServer (BaseHttpServer.java:<init>(195)) - HTTP server of hddsDatanode uses base directory /home/runner/work/ozone/ozone/hadoop-ozone/integration-test-s3/target/test-dir/MiniOzoneClusterImpl-3d63a36f-1eaa-4b4c-95b9-e111fcfd97b0/ozone-meta/datanode-3/meta/webserver
2025-05-12 14:24:49,383 [main] INFO  http.HttpServer2 (HttpServer2.java:bindListener(1242)) - Jetty bound to port 15026
2025-05-12 14:24:49,383 [main] INFO  server.Server (Server.java:doStart(375)) - jetty-9.4.57.v20241219; built: 2025-01-08T21:24:30.412Z; git: df524e6b29271c2e09ba9aea83c18dc9db464a31; jvm 21.0.7+6-LTS
2025-05-12 14:24:49,386 [main] INFO  server.session (DefaultSessionIdManager.java:doStart(334)) - DefaultSessionIdManager workerName=node0
2025-05-12 14:24:49,386 [main] INFO  server.session (DefaultSessionIdManager.java:doStart(339)) - No SessionScavenger set, using defaults
2025-05-12 14:24:49,386 [main] INFO  server.session (HouseKeeper.java:startScavenging(132)) - node0 Scavenging every 660000ms
2025-05-12 14:24:49,387 [main] INFO  handler.ContextHandler (ContextHandler.java:doStart(921)) - Started o.e.j.s.ServletContextHandler@4790a29a{logs,/logs,file:///home/runner/work/ozone/ozone/hadoop-ozone/integration-test-s3/target/log,AVAILABLE}
2025-05-12 14:24:49,388 [main] INFO  handler.ContextHandler (ContextHandler.java:doStart(921)) - Started o.e.j.s.ServletContextHandler@32e8c3c3{static,/static,jar:file:/home/runner/work/ozone/ozone/hadoop-hdds/container-service/target/hdds-container-service-2.1.0-SNAPSHOT.jar!/webapps/static,AVAILABLE}
2025-05-12 14:24:49,507 [om1@group-C5BA1605619E-FollowerState] INFO  impl.FollowerState (FollowerState.java:runImpl(161)) - om1@group-C5BA1605619E-FollowerState: change to CANDIDATE, lastRpcElapsedTime:1114871680ns, electionTimeout:1114ms
2025-05-12 14:24:49,507 [om1@group-C5BA1605619E-FollowerState] INFO  impl.RoleInfo (RoleInfo.java:shutdownFollowerState(121)) - om1: shutdown om1@group-C5BA1605619E-FollowerState
2025-05-12 14:24:49,508 [om1@group-C5BA1605619E-FollowerState] INFO  server.RaftServer$Division (RaftServerImpl.java:setRole(378)) - om1@group-C5BA1605619E: changes role from  FOLLOWER to CANDIDATE at term 0 for changeToCandidate
2025-05-12 14:24:49,508 [om1@group-C5BA1605619E-FollowerState] INFO  server.RaftServerConfigKeys (ConfUtils.java:logGet(46)) - raft.server.leaderelection.pre-vote = true (default)
2025-05-12 14:24:49,508 [om1@group-C5BA1605619E-FollowerState] INFO  impl.RoleInfo (RoleInfo.java:updateAndGet(148)) - om1: start om1@group-C5BA1605619E-LeaderElection3
2025-05-12 14:24:49,509 [om1@group-C5BA1605619E-LeaderElection3] INFO  impl.LeaderElection (LeaderElection.java:askForVotes(332)) - om1@group-C5BA1605619E-LeaderElection3 PRE_VOTE round 0: submit vote requests at term 0 for conf: {index: -1, cur=peers:[om1|localhost:15009]|listeners:[], old=null}
2025-05-12 14:24:49,509 [om1@group-C5BA1605619E-LeaderElection3] INFO  impl.LeaderElection (LeaderElection.java:askForVotes(334)) - om1@group-C5BA1605619E-LeaderElection3 PRE_VOTE round 0: result PASSED (term=0)
2025-05-12 14:24:49,511 [om1@group-C5BA1605619E-LeaderElection3] INFO  impl.LeaderElection (LeaderElection.java:askForVotes(332)) - om1@group-C5BA1605619E-LeaderElection3 ELECTION round 0: submit vote requests at term 1 for conf: {index: -1, cur=peers:[om1|localhost:15009]|listeners:[], old=null}
2025-05-12 14:24:49,511 [om1@group-C5BA1605619E-LeaderElection3] INFO  impl.LeaderElection (LeaderElection.java:askForVotes(334)) - om1@group-C5BA1605619E-LeaderElection3 ELECTION round 0: result PASSED (term=1)
2025-05-12 14:24:49,511 [om1@group-C5BA1605619E-LeaderElection3] INFO  impl.RoleInfo (RoleInfo.java:shutdownLeaderElection(141)) - om1: shutdown om1@group-C5BA1605619E-LeaderElection3
2025-05-12 14:24:49,511 [om1@group-C5BA1605619E-LeaderElection3] INFO  server.RaftServer$Division (RaftServerImpl.java:setRole(378)) - om1@group-C5BA1605619E: changes role from CANDIDATE to LEADER at term 1 for changeToLeader
2025-05-12 14:24:49,511 [om1@group-C5BA1605619E-LeaderElection3] INFO  server.RaftServerConfigKeys (ConfUtils.java:logGet(46)) - raft.server.staging.catchup.gap = 1000 (default)
2025-05-12 14:24:49,512 [om1@group-C5BA1605619E-LeaderElection3] INFO  server.RaftServerConfigKeys (ConfUtils.java:logGet(46)) - raft.server.write.element-limit = 4096 (default)
2025-05-12 14:24:49,512 [om1@group-C5BA1605619E-LeaderElection3] INFO  server.RaftServerConfigKeys (ConfUtils.java:logGet(46)) - raft.server.write.byte-limit = 64MB (=67108864) (default)
2025-05-12 14:24:49,512 [om1@group-C5BA1605619E-LeaderElection3] INFO  server.RaftServerConfigKeys (ConfUtils.java:logGet(46)) - raft.server.watch.timeout = 10s (default)
2025-05-12 14:24:49,512 [om1@group-C5BA1605619E-LeaderElection3] INFO  server.RaftServerConfigKeys (ConfUtils.java:logGet(46)) - raft.server.watch.timeout.denomination = 1s (default)
2025-05-12 14:24:49,513 [om1@group-C5BA1605619E-LeaderElection3] INFO  server.RaftServerConfigKeys (ConfUtils.java:logGet(46)) - raft.server.watch.element-limit = 65536 (default)
2025-05-12 14:24:49,514 [om1@group-C5BA1605619E-LeaderElection3] INFO  server.RaftServerConfigKeys (ConfUtils.java:logGet(46)) - raft.server.read.leader.lease.enabled = false (default)
2025-05-12 14:24:49,514 [om1@group-C5BA1605619E-LeaderElection3] INFO  server.RaftServerConfigKeys (ConfUtils.java:logGet(46)) - raft.server.read.leader.lease.timeout.ratio = 0.9 (default)
2025-05-12 14:24:49,514 [om1@group-C5BA1605619E-LeaderElection3] INFO  server.RaftServerConfigKeys (ConfUtils.java:logGet(46)) - raft.server.rpc.timeout.min = 1s (custom)
2025-05-12 14:24:49,514 [om1@group-C5BA1605619E-LeaderElection3] INFO  server.RaftServerConfigKeys (ConfUtils.java:logGet(46)) - raft.server.log.log-metadata.enabled = true (default)
2025-05-12 14:24:49,514 [om1@group-C5BA1605619E-LeaderElection3] INFO  server.RaftServerConfigKeys (ConfUtils.java:logGet(46)) - raft.server.write.element-limit = 4096 (default)
2025-05-12 14:24:49,514 [om1@group-C5BA1605619E-LeaderElection3] INFO  server.RaftServerConfigKeys (ConfUtils.java:logGet(46)) - raft.server.write.follower.gap.ratio.max = -1.0 (default)
2025-05-12 14:24:49,515 [om1@group-C5BA1605619E-LeaderElection3] INFO  impl.RoleInfo (RoleInfo.java:updateAndGet(148)) - om1: start om1@group-C5BA1605619E-LeaderStateImpl
2025-05-12 14:24:49,515 [om1@group-C5BA1605619E-LeaderElection3] INFO  server.RaftServer$Division (RaftServerImpl.java:setFirstElection(562)) - om1@group-C5BA1605619E: set firstElectionSinceStartup to false for becomeLeader
2025-05-12 14:24:49,518 [om1@group-C5BA1605619E-LeaderElection3] INFO  ratis.OzoneManagerStateMachine (OzoneManagerStateMachine.java:notifyLeaderChanged(174)) - om1@group-C5BA1605619E: leader changed to om1
2025-05-12 14:24:49,518 [om1@group-C5BA1605619E-LeaderElection3] INFO  server.RaftServer$Division (ServerState.java:setLeader(272)) - om1@group-C5BA1605619E: change Leader from null to om1 at term 1 for becomeLeader, leader elected after 2038ms
2025-05-12 14:24:49,518 [om1@group-C5BA1605619E-LeaderElection3] INFO  segmented.SegmentedRaftLogWorker (SegmentedRaftLogWorker.java:startLogSegment(438)) - om1@group-C5BA1605619E-SegmentedRaftLogWorker: Starting segment from index:0
2025-05-12 14:24:49,518 [om1@group-C5BA1605619E-LeaderElection3] INFO  server.RaftServer$Division (ServerState.java:setRaftConf(386)) - om1@group-C5BA1605619E: set configuration conf: {index: 0, cur=peers:[om1|localhost:15009]|listeners:[], old=null}
2025-05-12 14:24:49,519 [om1@group-C5BA1605619E-SegmentedRaftLogWorker] INFO  segmented.BufferedWriteChannel (BufferedWriteChannel.java:open(61)) - open log_inprogress_0 at position 0
2025-05-12 14:24:49,531 [om1@group-C5BA1605619E-SegmentedRaftLogWorker] INFO  segmented.SegmentedRaftLogWorker (SegmentedRaftLogWorker.java:execute(644)) - om1@group-C5BA1605619E-SegmentedRaftLogWorker: created new log segment /home/runner/work/ozone/ozone/hadoop-ozone/integration-test-s3/target/test-dir/MiniOzoneClusterImpl-3d63a36f-1eaa-4b4c-95b9-e111fcfd97b0/ozone-meta/ratis/bf265839-605b-3f16-9796-c5ba1605619e/current/log_inprogress_0
2025-05-12 14:24:49,533 [om1@group-C5BA1605619E-StateMachineUpdater] INFO  ratis.OzoneManagerStateMachine (OzoneManagerStateMachine.java:notifyConfigurationChanged(236)) - notifyConfigurationChanged from Ratis: term=1, index=0, New Peer list: om1(localhost:15009)
2025-05-12 14:24:49,533 [om1@group-C5BA1605619E-StateMachineUpdater] INFO  server.RaftServer$Division (LeaderStateImpl.java:checkStartIndex(313)) - Leader om1@group-C5BA1605619E-LeaderStateImpl is ready since appliedIndex == startIndex == 0
2025-05-12 14:24:49,541 [main] INFO  handler.ContextHandler (ContextHandler.java:doStart(921)) - Started o.e.j.w.WebAppContext@3338057a{hddsDatanode,/,file:///home/runner/work/ozone/ozone/hadoop-ozone/integration-test-s3/target/test-dir/MiniOzoneClusterImpl-3d63a36f-1eaa-4b4c-95b9-e111fcfd97b0/ozone-meta/datanode-3/meta/webserver/jetty-0_0_0_0-15026-hdds-container-service-2_1_0-SNAPSHOT_jar-_-any-6656563177124357674/webapp/,AVAILABLE}{jar:file:/home/runner/work/ozone/ozone/hadoop-hdds/container-service/target/hdds-container-service-2.1.0-SNAPSHOT.jar!/webapps/hddsDatanode}
2025-05-12 14:24:49,541 [main] INFO  server.AbstractConnector (AbstractConnector.java:doStart(333)) - Started ServerConnector@2f815a12{HTTP/1.1, (http/1.1)}{0.0.0.0:15026}
2025-05-12 14:24:49,541 [main] INFO  server.Server (Server.java:doStart(415)) - Started @11442ms
2025-05-12 14:24:49,542 [main] WARN  impl.MetricsSystemImpl (MetricsSystemImpl.java:register(279)) - Sink prometheus already exists!
2025-05-12 14:24:49,542 [main] INFO  http.BaseHttpServer (BaseHttpServer.java:updateConnectorAddress(359)) - HTTP server of hddsDatanode listening at http://0.0.0.0:15026
2025-05-12 14:24:49,542 [main] INFO  ipc.CallQueueManager (CallQueueManager.java:<init>(93)) - Using callQueue: class java.util.concurrent.LinkedBlockingQueue, queueCapacity: 1000, scheduler: class org.apache.hadoop.ipc.DefaultRpcScheduler, ipcBackoff: false, ipcFailOver: false.
2025-05-12 14:24:49,543 [main] INFO  ipc.Server (Server.java:<init>(1438)) - Listener at 0.0.0.0:15027
2025-05-12 14:24:49,543 [Socket Reader #1 for port 15027] INFO  ipc.Server (Server.java:run(1474)) - Starting Socket Reader #1 for port 15027
2025-05-12 14:24:49,543 [Socket Reader #2 for port 15027] INFO  ipc.Server (Server.java:run(1474)) - Starting Socket Reader #2 for port 15027
2025-05-12 14:24:49,543 [Socket Reader #3 for port 15027] INFO  ipc.Server (Server.java:run(1474)) - Starting Socket Reader #3 for port 15027
2025-05-12 14:24:49,544 [Socket Reader #4 for port 15027] INFO  ipc.Server (Server.java:run(1474)) - Starting Socket Reader #4 for port 15027
2025-05-12 14:24:49,544 [Socket Reader #5 for port 15027] INFO  ipc.Server (Server.java:run(1474)) - Starting Socket Reader #5 for port 15027
2025-05-12 14:24:49,544 [Socket Reader #6 for port 15027] INFO  ipc.Server (Server.java:run(1474)) - Starting Socket Reader #6 for port 15027
2025-05-12 14:24:49,545 [Socket Reader #7 for port 15027] INFO  ipc.Server (Server.java:run(1474)) - Starting Socket Reader #7 for port 15027
2025-05-12 14:24:49,545 [Socket Reader #8 for port 15027] INFO  ipc.Server (Server.java:run(1474)) - Starting Socket Reader #8 for port 15027
2025-05-12 14:24:49,546 [Socket Reader #9 for port 15027] INFO  ipc.Server (Server.java:run(1474)) - Starting Socket Reader #9 for port 15027
2025-05-12 14:24:49,547 [Socket Reader #10 for port 15027] INFO  ipc.Server (Server.java:run(1474)) - Starting Socket Reader #10 for port 15027
2025-05-12 14:24:49,549 [main] INFO  ozone.HddsDatanodeService (HddsDatanodeService.java:start(325)) - Datanode start with admins: [runner]
2025-05-12 14:24:49,550 [main] INFO  ozone.HddsDatanodeClientProtocolServer (HddsDatanodeClientProtocolServer.java:start(76)) - RPC server for Client /0.0.0.0:15027
2025-05-12 14:24:49,550 [IPC Server Responder] INFO  ipc.Server (Server.java:run(1713)) - IPC Server Responder: starting
2025-05-12 14:24:49,550 [IPC Server listener on 15027] INFO  ipc.Server (Server.java:run(1553)) - IPC Server listener on 15027: starting
2025-05-12 14:24:49,552 [main] WARN  dropwizard3.Dm3MetricRegistriesImpl (Dm3MetricRegistriesImpl.java:addReporterRegistration(114)) - New reporters are added after registries were created. Some metrics will be missing from the reporter. Please add reporter before adding any new registry.
2025-05-12 14:24:49,552 [main] WARN  dropwizard3.Dm3MetricRegistriesImpl (Dm3MetricRegistriesImpl.java:addReporterRegistration(114)) - New reporters are added after registries were created. Some metrics will be missing from the reporter. Please add reporter before adding any new registry.
2025-05-12 14:24:49,552 [main] INFO  impl.MetricsSystemImpl (MetricsSystemImpl.java:init(158)) - HddsDatanode metrics system started (again)
2025-05-12 14:24:49,555 [a991347c-fe65-440a-a23f-e482601a678a-DatanodeStateMachineDaemonThread] INFO  statemachine.DatanodeStateMachine (DatanodeStateMachine.java:startStateMachineThread(340)) - Ozone container server started.
2025-05-12 14:24:49,561 [main] INFO  protocol.DatanodeDetails (DatanodeDetails.java:validateDatanodeIpAddress(199)) - Updating IP address of datanode 989f19d6-a352-4b52-85f3-a7ae8da1c7fa(pkrvmberfyhpb9w.internal.cloudapp.net/null) to 10.1.0.200
2025-05-12 14:24:49,561 [main] INFO  ozone.HddsDatanodeService (HddsDatanodeService.java:start(234)) - HddsDatanodeService 989f19d6-a352-4b52-85f3-a7ae8da1c7fa(pkrvmberfyhpb9w.internal.cloudapp.net/10.1.0.200)
2025-05-12 14:24:49,563 [a991347c-fe65-440a-a23f-e482601a678a-DatanodeStateMachineTaskThread-0] INFO  datanode.InitDatanodeState (InitDatanodeState.java:persistContainerDatanodeDetails(139)) - DatanodeDetails is persisted to /home/runner/work/ozone/ozone/hadoop-ozone/integration-test-s3/target/test-dir/MiniOzoneClusterImpl-3d63a36f-1eaa-4b4c-95b9-e111fcfd97b0/ozone-meta/datanode-3/meta/datanode.id
2025-05-12 14:24:49,564 [main] INFO  upgrade.AbstractLayoutVersionManager (AbstractLayoutVersionManager.java:init(80)) - Initializing Layout version manager with metadata layout = HBASE_SUPPORT (version = 8), software layout = HBASE_SUPPORT (version = 8)
2025-05-12 14:24:49,564 [main] INFO  statemachine.DatanodeStateMachine (DatanodeStateMachine.java:getEndPointTaskThreadPoolSize(298)) - Datanode State Machine Task Thread Pool size 2
2025-05-12 14:24:49,566 [main] INFO  fs.SaveSpaceUsageToFile (SaveSpaceUsageToFile.java:load(92)) - Cached usage info file /home/runner/work/ozone/ozone/hadoop-ozone/integration-test-s3/target/test-dir/MiniOzoneClusterImpl-3d63a36f-1eaa-4b4c-95b9-e111fcfd97b0/ozone-meta/datanode-4/data-0/scmUsed not found
2025-05-12 14:24:49,569 [main] INFO  volume.HddsVolume (HddsVolume.java:<init>(158)) - HddsVolume: { id=DS-05478ade-0b10-40dd-92d5-f9b5fc59fe43 dir=/home/runner/work/ozone/ozone/hadoop-ozone/integration-test-s3/target/test-dir/MiniOzoneClusterImpl-3d63a36f-1eaa-4b4c-95b9-e111fcfd97b0/ozone-meta/datanode-4/data-0/hdds type=DISK capacity=76879465972 used=0 available=21265039360 minFree=5368709120 committed=0 }
2025-05-12 14:24:49,569 [main] INFO  volume.MutableVolumeSet (MutableVolumeSet.java:initializeVolumeSet(166)) - Added Volume : /home/runner/work/ozone/ozone/hadoop-ozone/integration-test-s3/target/test-dir/MiniOzoneClusterImpl-3d63a36f-1eaa-4b4c-95b9-e111fcfd97b0/ozone-meta/datanode-4/data-0/hdds to VolumeSet
2025-05-12 14:24:49,571 [main] INFO  fs.SaveSpaceUsageToFile (SaveSpaceUsageToFile.java:load(92)) - Cached usage info file /home/runner/work/ozone/ozone/hadoop-ozone/integration-test-s3/target/test-dir/MiniOzoneClusterImpl-3d63a36f-1eaa-4b4c-95b9-e111fcfd97b0/ozone-meta/datanode-4/ratis/scmUsed not found
2025-05-12 14:24:49,573 [main] INFO  volume.MutableVolumeSet (MutableVolumeSet.java:initializeVolumeSet(166)) - Added Volume : /home/runner/work/ozone/ozone/hadoop-ozone/integration-test-s3/target/test-dir/MiniOzoneClusterImpl-3d63a36f-1eaa-4b4c-95b9-e111fcfd97b0/ozone-meta/datanode-4/ratis to VolumeSet
2025-05-12 14:24:49,575 [main] INFO  ozoneimpl.OzoneContainer (HddsVolumeUtil.java:loadAllHddsVolumeDbStore(102)) - Load 1 volumes DbStore cost: 0ms
2025-05-12 14:24:49,576 [main] WARN  db.DBStoreBuilder (DBStoreBuilder.java:getDBDirPath(160)) - ozone.scm.datanode.id.dir is not configured. We recommend adding this setting. Falling back to ozone.metadata.dirs instead.
2025-05-12 14:24:49,577 [main] WARN  db.DBStoreBuilder (DBStoreBuilder.java:getDBDirPath(160)) - ozone.scm.datanode.id.dir is not configured. We recommend adding this setting. Falling back to ozone.metadata.dirs instead.
2025-05-12 14:24:49,588 [main] INFO  impl.FilePerChunkStrategy (FilePerChunkStrategy.java:<init>(79)) - ozone.chunk.read.mapped.buffer.max.count is load with 0
2025-05-12 14:24:49,589 [main] INFO  impl.FilePerBlockStrategy (FilePerBlockStrategy.java:<init>(87)) - ozone.chunk.read.mapped.buffer.max.count is load with 0
2025-05-12 14:24:49,590 [main] INFO  server.RaftServerConfigKeys (ConfUtils.java:logGet(46)) - raft.server.log.appender.buffer.byte-limit = 33554432 (custom)
2025-05-12 14:24:49,592 [main] INFO  server.RaftServer (ConfUtils.java:logGet(46)) - raft.rpc.type = GRPC (default)
2025-05-12 14:24:49,592 [main] INFO  grpc.GrpcConfigKeys (ConfUtils.java:logFallback(53)) - raft.grpc.admin.host = null (fallback to raft.grpc.server.host)
2025-05-12 14:24:49,592 [main] INFO  grpc.GrpcConfigKeys (ConfUtils.java:logGet(46)) - raft.grpc.admin.port = 15038 (custom)
2025-05-12 14:24:49,592 [main] INFO  grpc.GrpcConfigKeys (ConfUtils.java:logFallback(53)) - raft.grpc.client.host = null (fallback to raft.grpc.server.host)
2025-05-12 14:24:49,592 [main] INFO  grpc.GrpcConfigKeys (ConfUtils.java:logGet(46)) - raft.grpc.client.port = 15037 (custom)
2025-05-12 14:24:49,592 [main] INFO  grpc.GrpcConfigKeys (ConfUtils.java:logGet(46)) - raft.grpc.server.host = null (default)
2025-05-12 14:24:49,592 [main] INFO  grpc.GrpcConfigKeys (ConfUtils.java:logGet(46)) - raft.grpc.server.port = 15039 (custom)
2025-05-12 14:24:49,593 [main] INFO  server.GrpcService (ConfUtils.java:logGet(46)) - raft.grpc.message.size.max = 34603008 (custom)
2025-05-12 14:24:49,593 [main] INFO  server.GrpcService (ConfUtils.java:logGet(46)) - raft.grpc.flow.control.window = 5MB (=5242880) (custom)
2025-05-12 14:24:49,593 [main] INFO  server.RaftServerConfigKeys (ConfUtils.java:logGet(46)) - raft.server.rpc.request.timeout = 60s (custom)
2025-05-12 14:24:49,593 [main] INFO  grpc.GrpcConfigKeys (ConfUtils.java:logGet(46)) - raft.grpc.server.heartbeat.channel = true (default)
2025-05-12 14:24:49,593 [main] INFO  server.RaftServerConfigKeys (ConfUtils.java:logGet(46)) - raft.server.log.appender.buffer.byte-limit = 33554432 (custom)
2025-05-12 14:24:49,593 [main] INFO  grpc.GrpcConfigKeys (ConfUtils.java:logGet(46)) - raft.grpc.server.async.request.thread.pool.cached = true (default)
2025-05-12 14:24:49,593 [main] INFO  grpc.GrpcConfigKeys (ConfUtils.java:logGet(46)) - raft.grpc.server.async.request.thread.pool.size = 32 (default)
2025-05-12 14:24:49,595 [main] INFO  impl.DataStreamServerImpl (ConfUtils.java:logGet(46)) - raft.datastream.type = NETTY (custom)
2025-05-12 14:24:49,595 [main] INFO  server.RaftServerConfigKeys (ConfUtils.java:logGet(46)) - raft.server.data-stream.async.request.thread.pool.cached = false (default)
2025-05-12 14:24:49,595 [main] INFO  server.RaftServerConfigKeys (ConfUtils.java:logGet(46)) - raft.server.data-stream.async.request.thread.pool.size = 20 (custom)
2025-05-12 14:24:49,595 [main] INFO  server.RaftServerConfigKeys (ConfUtils.java:logGet(46)) - raft.server.data-stream.async.write.thread.pool.size = 16 (default)
2025-05-12 14:24:49,596 [main] INFO  netty.NettyConfigKeys$DataStream (ConfUtils.java:logGet(46)) - raft.netty.dataStream.server.channel.inactive.grace-period = 10min (default)
2025-05-12 14:24:49,596 [main] INFO  server.RaftServerConfigKeys (ConfUtils.java:logGet(46)) - raft.server.data-stream.client.pool.size = 10 (default)
2025-05-12 14:24:49,596 [main] INFO  netty.NettyConfigKeys$DataStream (ConfUtils.java:logGet(46)) - raft.netty.dataStream.server.use-epoll = true (default)
2025-05-12 14:24:49,596 [main] INFO  netty.NettyConfigKeys$DataStream (ConfUtils.java:logGet(46)) - raft.netty.dataStream.server.boss-group.size = 0 (default)
2025-05-12 14:24:49,596 [main] INFO  netty.NettyUtils (NettyUtils.java:newEventLoopGroup(74)) - Create EpollEventLoopGroup for 989f19d6-a352-4b52-85f3-a7ae8da1c7fa-NettyServerStreamRpc-bossGroup; Thread size is 0.
2025-05-12 14:24:49,597 [main] INFO  netty.NettyConfigKeys$DataStream (ConfUtils.java:logGet(46)) - raft.netty.dataStream.server.worker-group.size = 0 (default)
2025-05-12 14:24:49,597 [main] INFO  netty.NettyUtils (NettyUtils.java:newEventLoopGroup(74)) - Create EpollEventLoopGroup for 989f19d6-a352-4b52-85f3-a7ae8da1c7fa-NettyServerStreamRpc-workerGroup; Thread size is 0.
2025-05-12 14:24:49,597 [main] INFO  netty.NettyConfigKeys$DataStream (ConfUtils.java:logGet(46)) - raft.netty.dataStream.server.tls.conf = null (default)
2025-05-12 14:24:49,597 [main] INFO  netty.NettyConfigKeys$DataStream (ConfUtils.java:logGet(46)) - raft.netty.dataStream.host = null (default)
2025-05-12 14:24:49,598 [main] INFO  netty.NettyConfigKeys$DataStream (ConfUtils.java:logGet(46)) - raft.netty.dataStream.port = 15040 (custom)
2025-05-12 14:24:49,599 [main] INFO  server.RaftServerConfigKeys (ConfUtils.java:logGet(46)) - raft.server.sleep.deviation.threshold = 300ms (default)
2025-05-12 14:24:49,599 [main] INFO  server.RaftServerConfigKeys (ConfUtils.java:logGet(46)) - raft.server.close.threshold = 60s (default)
2025-05-12 14:24:49,600 [main] INFO  server.RaftServerConfigKeys (ConfUtils.java:logGet(46)) - raft.server.leaderelection.leader.step-down.wait-time = 10s (default)
2025-05-12 14:24:49,600 [main] INFO  server.RaftServerConfigKeys (ConfUtils.java:logGet(46)) - raft.server.storage.dir = [/home/runner/work/ozone/ozone/hadoop-ozone/integration-test-s3/target/test-dir/MiniOzoneClusterImpl-3d63a36f-1eaa-4b4c-95b9-e111fcfd97b0/ozone-meta/datanode-4/ratis] (custom)
2025-05-12 14:24:49,600 [main] INFO  server.RaftServerConfigKeys (ConfUtils.java:logGet(46)) - raft.server.threadpool.proxy.cached = true (default)
2025-05-12 14:24:49,600 [989f19d6-a352-4b52-85f3-a7ae8da1c7fa-NettyServerStreamRpc-bossGroup--thread1] INFO  logging.LoggingHandler (AbstractInternalLogger.java:log(148)) - [id: 0xc0b3010c] REGISTERED
2025-05-12 14:24:49,601 [main] INFO  server.RaftServerConfigKeys (ConfUtils.java:logGet(46)) - raft.server.threadpool.proxy.size = 0 (default)
2025-05-12 14:24:49,601 [989f19d6-a352-4b52-85f3-a7ae8da1c7fa-NettyServerStreamRpc-bossGroup--thread1] INFO  logging.LoggingHandler (AbstractInternalLogger.java:log(148)) - [id: 0xc0b3010c] BIND: 0.0.0.0/0.0.0.0:15040
2025-05-12 14:24:49,601 [989f19d6-a352-4b52-85f3-a7ae8da1c7fa-NettyServerStreamRpc-bossGroup--thread1] INFO  logging.LoggingHandler (AbstractInternalLogger.java:log(148)) - [id: 0xc0b3010c, L:/0.0.0.0:15040] ACTIVE
2025-05-12 14:24:49,609 [989f19d6-a352-4b52-85f3-a7ae8da1c7fa-impl-thread1] INFO  server.RaftServer (RaftServerProxy.java:initGroupDir(265)) - 989f19d6-a352-4b52-85f3-a7ae8da1c7fa: found a subdirectory /home/runner/work/ozone/ozone/hadoop-ozone/integration-test-s3/target/test-dir/MiniOzoneClusterImpl-3d63a36f-1eaa-4b4c-95b9-e111fcfd97b0/ozone-meta/datanode-4/ratis/tmp
2025-05-12 14:24:49,609 [989f19d6-a352-4b52-85f3-a7ae8da1c7fa-impl-thread1] INFO  server.RaftServer (RaftServerProxy.java:initGroupDir(270)) - 989f19d6-a352-4b52-85f3-a7ae8da1c7fa: The directory /home/runner/work/ozone/ozone/hadoop-ozone/integration-test-s3/target/test-dir/MiniOzoneClusterImpl-3d63a36f-1eaa-4b4c-95b9-e111fcfd97b0/ozone-meta/datanode-4/ratis/tmp is not a group directory; ignoring it. 
2025-05-12 14:24:49,609 [main] INFO  replication.ReplicationServer (ReplicationServer.java:<init>(84)) - Initializing replication server with thread count = 10 queue length = 4096
2025-05-12 14:24:49,611 [main] INFO  server.XceiverServerGrpc (XceiverServerGrpc.java:<init>(131)) - GrpcServer channel type EpollServerSocketChannel
2025-05-12 14:24:49,613 [main] INFO  replication.ReplicationSupervisor (ReplicationSupervisor.java:build(169)) - Initializing replication supervisor with thread count = 10
2025-05-12 14:24:49,613 [main] INFO  replication.ReplicationSupervisor (ReplicationSupervisor.java:nodeStateUpdated(358)) - Node state updated to IN_SERVICE, scaling executor pool size to 10
2025-05-12 14:24:49,616 [main] INFO  http.BaseHttpServer (BaseHttpServer.java:newHttpServer2BuilderForOzone(229)) - Starting Web-server for hddsDatanode at: http://0.0.0.0:15034
2025-05-12 14:24:49,617 [main] INFO  http.BaseHttpServer (BaseHttpServer.java:<init>(107)) - Hadoop Security Enabled: false Ozone Security Enabled: false Ozone HTTP Security Enabled: false 
2025-05-12 14:24:49,618 [main] WARN  server.AuthenticationFilter (AuthenticationFilter.java:constructSecretProvider(240)) - Unable to initialize FileSignerSecretProvider, falling back to use random secrets. Reason: Could not read signature secret file: /home/runner/hadoop-http-auth-signature-secret
2025-05-12 14:24:49,621 [main] INFO  http.HttpServer2 (HttpServer2.java:addGlobalFilter(1042)) - Added global filter 'safety' (class=org.apache.hadoop.hdds.server.http.HttpServer2$QuotingInputFilter)
2025-05-12 14:24:49,622 [main] INFO  http.HttpServer2 (HttpServer2.java:addFilter(1018)) - Added filter static_user_filter (class=org.apache.hadoop.http.lib.StaticUserWebFilter$StaticUserFilter) to context hddsDatanode
2025-05-12 14:24:49,622 [main] INFO  http.HttpServer2 (HttpServer2.java:addFilter(1026)) - Added filter static_user_filter (class=org.apache.hadoop.http.lib.StaticUserWebFilter$StaticUserFilter) to context logs
2025-05-12 14:24:49,622 [main] INFO  http.HttpServer2 (HttpServer2.java:addFilter(1026)) - Added filter static_user_filter (class=org.apache.hadoop.http.lib.StaticUserWebFilter$StaticUserFilter) to context static
2025-05-12 14:24:49,623 [main] INFO  http.BaseHttpServer (BaseHttpServer.java:<init>(195)) - HTTP server of hddsDatanode uses base directory /home/runner/work/ozone/ozone/hadoop-ozone/integration-test-s3/target/test-dir/MiniOzoneClusterImpl-3d63a36f-1eaa-4b4c-95b9-e111fcfd97b0/ozone-meta/datanode-4/meta/webserver
2025-05-12 14:24:49,623 [main] INFO  http.HttpServer2 (HttpServer2.java:bindListener(1242)) - Jetty bound to port 15034
2025-05-12 14:24:49,623 [main] INFO  server.Server (Server.java:doStart(375)) - jetty-9.4.57.v20241219; built: 2025-01-08T21:24:30.412Z; git: df524e6b29271c2e09ba9aea83c18dc9db464a31; jvm 21.0.7+6-LTS
2025-05-12 14:24:49,626 [main] INFO  server.session (DefaultSessionIdManager.java:doStart(334)) - DefaultSessionIdManager workerName=node0
2025-05-12 14:24:49,626 [main] INFO  server.session (DefaultSessionIdManager.java:doStart(339)) - No SessionScavenger set, using defaults
2025-05-12 14:24:49,626 [main] INFO  server.session (HouseKeeper.java:startScavenging(132)) - node0 Scavenging every 660000ms
2025-05-12 14:24:49,627 [main] INFO  handler.ContextHandler (ContextHandler.java:doStart(921)) - Started o.e.j.s.ServletContextHandler@10b51115{logs,/logs,file:///home/runner/work/ozone/ozone/hadoop-ozone/integration-test-s3/target/log,AVAILABLE}
2025-05-12 14:24:49,628 [main] INFO  handler.ContextHandler (ContextHandler.java:doStart(921)) - Started o.e.j.s.ServletContextHandler@5c04d23e{static,/static,jar:file:/home/runner/work/ozone/ozone/hadoop-hdds/container-service/target/hdds-container-service-2.1.0-SNAPSHOT.jar!/webapps/static,AVAILABLE}
2025-05-12 14:24:49,713 [318d5f9c-a548-45a7-96e8-01a796af6bbe-EndpointStateMachineTaskThread-/0.0.0.0:15002-0 ] INFO  utils.DatanodeStoreCache (DatanodeStoreCache.java:addDB(70)) - Added db /home/runner/work/ozone/ozone/hadoop-ozone/integration-test-s3/target/test-dir/MiniOzoneClusterImpl-3d63a36f-1eaa-4b4c-95b9-e111fcfd97b0/ozone-meta/datanode-1/data-0/hdds/3d63a36f-1eaa-4b4c-95b9-e111fcfd97b0/DS-6b6b140f-fe01-4586-837c-fa765a1ac2ec/container.db to cache
2025-05-12 14:24:49,714 [318d5f9c-a548-45a7-96e8-01a796af6bbe-EndpointStateMachineTaskThread-/0.0.0.0:15002-0 ] INFO  volume.HddsVolume (HddsVolume.java:createDbStore(510)) - SchemaV3 db is created and loaded at /home/runner/work/ozone/ozone/hadoop-ozone/integration-test-s3/target/test-dir/MiniOzoneClusterImpl-3d63a36f-1eaa-4b4c-95b9-e111fcfd97b0/ozone-meta/datanode-1/data-0/hdds/3d63a36f-1eaa-4b4c-95b9-e111fcfd97b0/DS-6b6b140f-fe01-4586-837c-fa765a1ac2ec/container.db for volume DS-6b6b140f-fe01-4586-837c-fa765a1ac2ec
2025-05-12 14:24:49,722 [318d5f9c-a548-45a7-96e8-01a796af6bbe-ContainerReader-0] INFO  ozoneimpl.ContainerReader (ContainerReader.java:readVolume(144)) - Start to verify containers on volume /home/runner/work/ozone/ozone/hadoop-ozone/integration-test-s3/target/test-dir/MiniOzoneClusterImpl-3d63a36f-1eaa-4b4c-95b9-e111fcfd97b0/ozone-meta/datanode-1/data-0/hdds
2025-05-12 14:24:49,722 [318d5f9c-a548-45a7-96e8-01a796af6bbe-ContainerReader-0] INFO  ozoneimpl.ContainerReader (ContainerReader.java:readVolume(174)) - Finish verifying containers on volume /home/runner/work/ozone/ozone/hadoop-ozone/integration-test-s3/target/test-dir/MiniOzoneClusterImpl-3d63a36f-1eaa-4b4c-95b9-e111fcfd97b0/ozone-meta/datanode-1/data-0/hdds
2025-05-12 14:24:49,723 [318d5f9c-a548-45a7-96e8-01a796af6bbe-EndpointStateMachineTaskThread-/0.0.0.0:15002-0 ] INFO  ozoneimpl.OzoneContainer (OzoneContainer.java:buildContainerSet(364)) - Build ContainerSet costs 0s
2025-05-12 14:24:49,724 [318d5f9c-a548-45a7-96e8-01a796af6bbe-EndpointStateMachineTaskThread-/0.0.0.0:15002-0 ] INFO  volume.ThrottledAsyncChecker (ThrottledAsyncChecker.java:schedule(138)) - Scheduling a check for /home/runner/work/ozone/ozone/hadoop-ozone/integration-test-s3/target/test-dir/MiniOzoneClusterImpl-3d63a36f-1eaa-4b4c-95b9-e111fcfd97b0/ozone-meta/datanode-1/data-0/hdds
2025-05-12 14:24:49,729 [318d5f9c-a548-45a7-96e8-01a796af6bbe-EndpointStateMachineTaskThread-/0.0.0.0:15002-0 ] INFO  volume.StorageVolumeChecker (StorageVolumeChecker.java:checkAllVolumes(215)) - Scheduled health check for volume /home/runner/work/ozone/ozone/hadoop-ozone/integration-test-s3/target/test-dir/MiniOzoneClusterImpl-3d63a36f-1eaa-4b4c-95b9-e111fcfd97b0/ozone-meta/datanode-1/data-0/hdds
2025-05-12 14:24:49,735 [318d5f9c-a548-45a7-96e8-01a796af6bbe-EndpointStateMachineTaskThread-/0.0.0.0:15002-0 ] INFO  volume.ThrottledAsyncChecker (ThrottledAsyncChecker.java:schedule(138)) - Scheduling a check for /home/runner/work/ozone/ozone/hadoop-ozone/integration-test-s3/target/test-dir/MiniOzoneClusterImpl-3d63a36f-1eaa-4b4c-95b9-e111fcfd97b0/ozone-meta/datanode-1/ratis
2025-05-12 14:24:49,735 [318d5f9c-a548-45a7-96e8-01a796af6bbe-EndpointStateMachineTaskThread-/0.0.0.0:15002-0 ] INFO  volume.StorageVolumeChecker (StorageVolumeChecker.java:checkAllVolumes(215)) - Scheduled health check for volume /home/runner/work/ozone/ozone/hadoop-ozone/integration-test-s3/target/test-dir/MiniOzoneClusterImpl-3d63a36f-1eaa-4b4c-95b9-e111fcfd97b0/ozone-meta/datanode-1/ratis
2025-05-12 14:24:49,736 [318d5f9c-a548-45a7-96e8-01a796af6bbe-EndpointStateMachineTaskThread-/0.0.0.0:15002-0 ] INFO  ozoneimpl.OzoneContainer (OzoneContainer.java:start(512)) - Attempting to start container services.
2025-05-12 14:24:49,742 [ContainerMetadataScanner] INFO  ozoneimpl.AbstractBackgroundContainerScanner (AbstractBackgroundContainerScanner.java:runIteration(89)) - Completed an iteration in 0 minutes. Number of iterations (since the data-node restart) : 1, Number of containers scanned in this iteration : 0, Number of unhealthy containers found in this iteration : 0
2025-05-12 14:24:49,745 [318d5f9c-a548-45a7-96e8-01a796af6bbe-EndpointStateMachineTaskThread-/0.0.0.0:15002-0 ] INFO  replication.ReplicationServer (ReplicationServer.java:start(137)) - ReplicationServer is started using port 15017
2025-05-12 14:24:49,745 [ContainerDataScanner(/home/runner/work/ozone/ozone/hadoop-ozone/integration-test-s3/target/test-dir/MiniOzoneClusterImpl-3d63a36f-1eaa-4b4c-95b9-e111fcfd97b0/ozone-meta/datanode-1/data-0/hdds)] INFO  ozoneimpl.AbstractBackgroundContainerScanner (AbstractBackgroundContainerScanner.java:runIteration(89)) - Completed an iteration in 0 minutes. Number of iterations (since the data-node restart) : 1, Number of containers scanned in this iteration : 0, Number of unhealthy containers found in this iteration : 0
2025-05-12 14:24:49,746 [318d5f9c-a548-45a7-96e8-01a796af6bbe-EndpointStateMachineTaskThread-/0.0.0.0:15002-0 ] INFO  ratis.XceiverServerRatis (XceiverServerRatis.java:start(559)) - Starting XceiverServerRatis(318d5f9c-a548-45a7-96e8-01a796af6bbe)
2025-05-12 14:24:49,747 [318d5f9c-a548-45a7-96e8-01a796af6bbe-EndpointStateMachineTaskThread-/0.0.0.0:15002-0 ] INFO  server.RaftServer (RaftServerProxy.java:startImpl(407)) - 318d5f9c-a548-45a7-96e8-01a796af6bbe: start RPC server
2025-05-12 14:24:49,747 [318d5f9c-a548-45a7-96e8-01a796af6bbe-EndpointStateMachineTaskThread-/0.0.0.0:15002-0 ] INFO  server.GrpcService (GrpcService.java:startImpl(334)) - 318d5f9c-a548-45a7-96e8-01a796af6bbe: GrpcService started, listening on 15013
2025-05-12 14:24:49,748 [318d5f9c-a548-45a7-96e8-01a796af6bbe-EndpointStateMachineTaskThread-/0.0.0.0:15002-0 ] INFO  server.GrpcService (GrpcService.java:startImpl(334)) - 318d5f9c-a548-45a7-96e8-01a796af6bbe: GrpcService started, listening on 15015
2025-05-12 14:24:49,748 [318d5f9c-a548-45a7-96e8-01a796af6bbe-EndpointStateMachineTaskThread-/0.0.0.0:15002-0 ] INFO  server.GrpcService (GrpcService.java:startImpl(334)) - 318d5f9c-a548-45a7-96e8-01a796af6bbe: GrpcService started, listening on 15014
2025-05-12 14:24:49,748 [318d5f9c-a548-45a7-96e8-01a796af6bbe-EndpointStateMachineTaskThread-/0.0.0.0:15002-0 ] INFO  ratis.XceiverServerRatis (XceiverServerRatis.java:getRealPort(586)) - XceiverServerRatis(318d5f9c-a548-45a7-96e8-01a796af6bbe) is started using port RATIS=15013
2025-05-12 14:24:49,748 [318d5f9c-a548-45a7-96e8-01a796af6bbe-EndpointStateMachineTaskThread-/0.0.0.0:15002-0 ] INFO  ratis.XceiverServerRatis (XceiverServerRatis.java:getRealPort(586)) - XceiverServerRatis(318d5f9c-a548-45a7-96e8-01a796af6bbe) is started using port RATIS_ADMIN=15014
2025-05-12 14:24:49,749 [318d5f9c-a548-45a7-96e8-01a796af6bbe-EndpointStateMachineTaskThread-/0.0.0.0:15002-0 ] INFO  ratis.XceiverServerRatis (XceiverServerRatis.java:getRealPort(586)) - XceiverServerRatis(318d5f9c-a548-45a7-96e8-01a796af6bbe) is started using port RATIS_SERVER=15015
2025-05-12 14:24:49,749 [318d5f9c-a548-45a7-96e8-01a796af6bbe-EndpointStateMachineTaskThread-/0.0.0.0:15002-0 ] INFO  ratis.XceiverServerRatis (XceiverServerRatis.java:getRealPort(586)) - XceiverServerRatis(318d5f9c-a548-45a7-96e8-01a796af6bbe) is started using port RATIS_DATASTREAM=15016
2025-05-12 14:24:49,749 [JvmPauseMonitor3] INFO  util.JvmPauseMonitor (JvmPauseMonitor.java:run(146)) - JvmPauseMonitor-318d5f9c-a548-45a7-96e8-01a796af6bbe: Started
2025-05-12 14:24:49,752 [318d5f9c-a548-45a7-96e8-01a796af6bbe-BlockDeletingService#0] INFO  interfaces.ContainerDeletionChoosingPolicyTemplate (ContainerDeletionChoosingPolicyTemplate.java:chooseContainerForBlockDeletion(83)) - Chosen 0/5000 blocks from 0 candidate containers.
2025-05-12 14:24:49,790 [main] INFO  handler.ContextHandler (ContextHandler.java:doStart(921)) - Started o.e.j.w.WebAppContext@1d30a3d4{hddsDatanode,/,file:///home/runner/work/ozone/ozone/hadoop-ozone/integration-test-s3/target/test-dir/MiniOzoneClusterImpl-3d63a36f-1eaa-4b4c-95b9-e111fcfd97b0/ozone-meta/datanode-4/meta/webserver/jetty-0_0_0_0-15034-hdds-container-service-2_1_0-SNAPSHOT_jar-_-any-4342494408653375847/webapp/,AVAILABLE}{jar:file:/home/runner/work/ozone/ozone/hadoop-hdds/container-service/target/hdds-container-service-2.1.0-SNAPSHOT.jar!/webapps/hddsDatanode}
2025-05-12 14:24:49,791 [main] INFO  server.AbstractConnector (AbstractConnector.java:doStart(333)) - Started ServerConnector@1c7294c{HTTP/1.1, (http/1.1)}{0.0.0.0:15034}
2025-05-12 14:24:49,791 [main] INFO  server.Server (Server.java:doStart(415)) - Started @11692ms
2025-05-12 14:24:49,791 [main] WARN  impl.MetricsSystemImpl (MetricsSystemImpl.java:register(279)) - Sink prometheus already exists!
2025-05-12 14:24:49,792 [main] INFO  http.BaseHttpServer (BaseHttpServer.java:updateConnectorAddress(359)) - HTTP server of hddsDatanode listening at http://0.0.0.0:15034
2025-05-12 14:24:49,792 [main] INFO  ipc.CallQueueManager (CallQueueManager.java:<init>(93)) - Using callQueue: class java.util.concurrent.LinkedBlockingQueue, queueCapacity: 1000, scheduler: class org.apache.hadoop.ipc.DefaultRpcScheduler, ipcBackoff: false, ipcFailOver: false.
2025-05-12 14:24:49,792 [main] INFO  ipc.Server (Server.java:<init>(1438)) - Listener at 0.0.0.0:15035
2025-05-12 14:24:49,793 [Socket Reader #1 for port 15035] INFO  ipc.Server (Server.java:run(1474)) - Starting Socket Reader #1 for port 15035
2025-05-12 14:24:49,793 [Socket Reader #3 for port 15035] INFO  ipc.Server (Server.java:run(1474)) - Starting Socket Reader #3 for port 15035
2025-05-12 14:24:49,793 [Socket Reader #2 for port 15035] INFO  ipc.Server (Server.java:run(1474)) - Starting Socket Reader #2 for port 15035
2025-05-12 14:24:49,793 [Socket Reader #4 for port 15035] INFO  ipc.Server (Server.java:run(1474)) - Starting Socket Reader #4 for port 15035
2025-05-12 14:24:49,793 [Socket Reader #5 for port 15035] INFO  ipc.Server (Server.java:run(1474)) - Starting Socket Reader #5 for port 15035
2025-05-12 14:24:49,793 [Socket Reader #6 for port 15035] INFO  ipc.Server (Server.java:run(1474)) - Starting Socket Reader #6 for port 15035
2025-05-12 14:24:49,794 [Socket Reader #7 for port 15035] INFO  ipc.Server (Server.java:run(1474)) - Starting Socket Reader #7 for port 15035
2025-05-12 14:24:49,794 [Socket Reader #8 for port 15035] INFO  ipc.Server (Server.java:run(1474)) - Starting Socket Reader #8 for port 15035
2025-05-12 14:24:49,794 [Socket Reader #9 for port 15035] INFO  ipc.Server (Server.java:run(1474)) - Starting Socket Reader #9 for port 15035
2025-05-12 14:24:49,794 [Socket Reader #10 for port 15035] INFO  ipc.Server (Server.java:run(1474)) - Starting Socket Reader #10 for port 15035
2025-05-12 14:24:49,796 [main] INFO  ozone.HddsDatanodeService (HddsDatanodeService.java:start(325)) - Datanode start with admins: [runner]
2025-05-12 14:24:49,796 [main] INFO  ozone.HddsDatanodeClientProtocolServer (HddsDatanodeClientProtocolServer.java:start(76)) - RPC server for Client /0.0.0.0:15035
2025-05-12 14:24:49,797 [IPC Server Responder] INFO  ipc.Server (Server.java:run(1713)) - IPC Server Responder: starting
2025-05-12 14:24:49,797 [IPC Server listener on 15035] INFO  ipc.Server (Server.java:run(1553)) - IPC Server listener on 15035: starting
2025-05-12 14:24:49,799 [main] WARN  dropwizard3.Dm3MetricRegistriesImpl (Dm3MetricRegistriesImpl.java:addReporterRegistration(114)) - New reporters are added after registries were created. Some metrics will be missing from the reporter. Please add reporter before adding any new registry.
2025-05-12 14:24:49,799 [main] WARN  dropwizard3.Dm3MetricRegistriesImpl (Dm3MetricRegistriesImpl.java:addReporterRegistration(114)) - New reporters are added after registries were created. Some metrics will be missing from the reporter. Please add reporter before adding any new registry.
2025-05-12 14:24:49,799 [main] INFO  impl.MetricsSystemImpl (MetricsSystemImpl.java:init(158)) - HddsDatanode metrics system started (again)
2025-05-12 14:24:49,801 [989f19d6-a352-4b52-85f3-a7ae8da1c7fa-DatanodeStateMachineDaemonThread] INFO  statemachine.DatanodeStateMachine (DatanodeStateMachine.java:startStateMachineThread(340)) - Ozone container server started.
2025-05-12 14:24:49,807 [989f19d6-a352-4b52-85f3-a7ae8da1c7fa-DatanodeStateMachineTaskThread-0] INFO  datanode.InitDatanodeState (InitDatanodeState.java:persistContainerDatanodeDetails(139)) - DatanodeDetails is persisted to /home/runner/work/ozone/ozone/hadoop-ozone/integration-test-s3/target/test-dir/MiniOzoneClusterImpl-3d63a36f-1eaa-4b4c-95b9-e111fcfd97b0/ozone-meta/datanode-4/meta/datanode.id
2025-05-12 14:24:49,809 [main] INFO  protocol.DatanodeDetails (DatanodeDetails.java:validateDatanodeIpAddress(199)) - Updating IP address of datanode 5ee1c103-c487-40d5-9366-17daaab9156f(pkrvmberfyhpb9w.internal.cloudapp.net/null) to 10.1.0.200
2025-05-12 14:24:49,809 [main] INFO  ozone.HddsDatanodeService (HddsDatanodeService.java:start(234)) - HddsDatanodeService 5ee1c103-c487-40d5-9366-17daaab9156f(pkrvmberfyhpb9w.internal.cloudapp.net/10.1.0.200)
2025-05-12 14:24:49,811 [main] INFO  upgrade.AbstractLayoutVersionManager (AbstractLayoutVersionManager.java:init(80)) - Initializing Layout version manager with metadata layout = HBASE_SUPPORT (version = 8), software layout = HBASE_SUPPORT (version = 8)
2025-05-12 14:24:49,812 [main] INFO  statemachine.DatanodeStateMachine (DatanodeStateMachine.java:getEndPointTaskThreadPoolSize(298)) - Datanode State Machine Task Thread Pool size 2
2025-05-12 14:24:49,813 [main] INFO  fs.SaveSpaceUsageToFile (SaveSpaceUsageToFile.java:load(92)) - Cached usage info file /home/runner/work/ozone/ozone/hadoop-ozone/integration-test-s3/target/test-dir/MiniOzoneClusterImpl-3d63a36f-1eaa-4b4c-95b9-e111fcfd97b0/ozone-meta/datanode-5/data-0/scmUsed not found
2025-05-12 14:24:49,816 [main] INFO  volume.HddsVolume (HddsVolume.java:<init>(158)) - HddsVolume: { id=DS-6f59b93c-bf8d-44c9-a976-dcbf2b23f1db dir=/home/runner/work/ozone/ozone/hadoop-ozone/integration-test-s3/target/test-dir/MiniOzoneClusterImpl-3d63a36f-1eaa-4b4c-95b9-e111fcfd97b0/ozone-meta/datanode-5/data-0/hdds type=DISK capacity=76879465972 used=0 available=21240844288 minFree=5368709120 committed=0 }
2025-05-12 14:24:49,816 [main] INFO  volume.MutableVolumeSet (MutableVolumeSet.java:initializeVolumeSet(166)) - Added Volume : /home/runner/work/ozone/ozone/hadoop-ozone/integration-test-s3/target/test-dir/MiniOzoneClusterImpl-3d63a36f-1eaa-4b4c-95b9-e111fcfd97b0/ozone-meta/datanode-5/data-0/hdds to VolumeSet
2025-05-12 14:24:49,816 [main] INFO  fs.SaveSpaceUsageToFile (SaveSpaceUsageToFile.java:load(92)) - Cached usage info file /home/runner/work/ozone/ozone/hadoop-ozone/integration-test-s3/target/test-dir/MiniOzoneClusterImpl-3d63a36f-1eaa-4b4c-95b9-e111fcfd97b0/ozone-meta/datanode-5/ratis/scmUsed not found
2025-05-12 14:24:49,820 [main] INFO  volume.MutableVolumeSet (MutableVolumeSet.java:initializeVolumeSet(166)) - Added Volume : /home/runner/work/ozone/ozone/hadoop-ozone/integration-test-s3/target/test-dir/MiniOzoneClusterImpl-3d63a36f-1eaa-4b4c-95b9-e111fcfd97b0/ozone-meta/datanode-5/ratis to VolumeSet
2025-05-12 14:24:49,821 [main] INFO  ozoneimpl.OzoneContainer (HddsVolumeUtil.java:loadAllHddsVolumeDbStore(102)) - Load 1 volumes DbStore cost: 0ms
2025-05-12 14:24:49,822 [main] WARN  db.DBStoreBuilder (DBStoreBuilder.java:getDBDirPath(160)) - ozone.scm.datanode.id.dir is not configured. We recommend adding this setting. Falling back to ozone.metadata.dirs instead.
2025-05-12 14:24:49,823 [main] WARN  db.DBStoreBuilder (DBStoreBuilder.java:getDBDirPath(160)) - ozone.scm.datanode.id.dir is not configured. We recommend adding this setting. Falling back to ozone.metadata.dirs instead.
2025-05-12 14:24:49,841 [main] INFO  impl.FilePerChunkStrategy (FilePerChunkStrategy.java:<init>(79)) - ozone.chunk.read.mapped.buffer.max.count is load with 0
2025-05-12 14:24:49,841 [main] INFO  impl.FilePerBlockStrategy (FilePerBlockStrategy.java:<init>(87)) - ozone.chunk.read.mapped.buffer.max.count is load with 0
2025-05-12 14:24:49,842 [main] INFO  server.RaftServerConfigKeys (ConfUtils.java:logGet(46)) - raft.server.log.appender.buffer.byte-limit = 33554432 (custom)
2025-05-12 14:24:49,843 [main] INFO  server.RaftServer (ConfUtils.java:logGet(46)) - raft.rpc.type = GRPC (default)
2025-05-12 14:24:49,844 [main] INFO  grpc.GrpcConfigKeys (ConfUtils.java:logFallback(53)) - raft.grpc.admin.host = null (fallback to raft.grpc.server.host)
2025-05-12 14:24:49,844 [main] INFO  grpc.GrpcConfigKeys (ConfUtils.java:logGet(46)) - raft.grpc.admin.port = 15046 (custom)
2025-05-12 14:24:49,844 [main] INFO  grpc.GrpcConfigKeys (ConfUtils.java:logFallback(53)) - raft.grpc.client.host = null (fallback to raft.grpc.server.host)
2025-05-12 14:24:49,844 [main] INFO  grpc.GrpcConfigKeys (ConfUtils.java:logGet(46)) - raft.grpc.client.port = 15045 (custom)
2025-05-12 14:24:49,844 [main] INFO  grpc.GrpcConfigKeys (ConfUtils.java:logGet(46)) - raft.grpc.server.host = null (default)
2025-05-12 14:24:49,844 [main] INFO  grpc.GrpcConfigKeys (ConfUtils.java:logGet(46)) - raft.grpc.server.port = 15047 (custom)
2025-05-12 14:24:49,844 [main] INFO  server.GrpcService (ConfUtils.java:logGet(46)) - raft.grpc.message.size.max = 34603008 (custom)
2025-05-12 14:24:49,844 [main] INFO  server.GrpcService (ConfUtils.java:logGet(46)) - raft.grpc.flow.control.window = 5MB (=5242880) (custom)
2025-05-12 14:24:49,845 [main] INFO  server.RaftServerConfigKeys (ConfUtils.java:logGet(46)) - raft.server.rpc.request.timeout = 60s (custom)
2025-05-12 14:24:49,845 [main] INFO  grpc.GrpcConfigKeys (ConfUtils.java:logGet(46)) - raft.grpc.server.heartbeat.channel = true (default)
2025-05-12 14:24:49,845 [main] INFO  server.RaftServerConfigKeys (ConfUtils.java:logGet(46)) - raft.server.log.appender.buffer.byte-limit = 33554432 (custom)
2025-05-12 14:24:49,845 [main] INFO  grpc.GrpcConfigKeys (ConfUtils.java:logGet(46)) - raft.grpc.server.async.request.thread.pool.cached = true (default)
2025-05-12 14:24:49,845 [main] INFO  grpc.GrpcConfigKeys (ConfUtils.java:logGet(46)) - raft.grpc.server.async.request.thread.pool.size = 32 (default)
2025-05-12 14:24:49,846 [main] INFO  impl.DataStreamServerImpl (ConfUtils.java:logGet(46)) - raft.datastream.type = NETTY (custom)
2025-05-12 14:24:49,847 [main] INFO  server.RaftServerConfigKeys (ConfUtils.java:logGet(46)) - raft.server.data-stream.async.request.thread.pool.cached = false (default)
2025-05-12 14:24:49,847 [main] INFO  server.RaftServerConfigKeys (ConfUtils.java:logGet(46)) - raft.server.data-stream.async.request.thread.pool.size = 20 (custom)
2025-05-12 14:24:49,847 [main] INFO  server.RaftServerConfigKeys (ConfUtils.java:logGet(46)) - raft.server.data-stream.async.write.thread.pool.size = 16 (default)
2025-05-12 14:24:49,848 [main] INFO  netty.NettyConfigKeys$DataStream (ConfUtils.java:logGet(46)) - raft.netty.dataStream.server.channel.inactive.grace-period = 10min (default)
2025-05-12 14:24:49,848 [main] INFO  server.RaftServerConfigKeys (ConfUtils.java:logGet(46)) - raft.server.data-stream.client.pool.size = 10 (default)
2025-05-12 14:24:49,850 [main] INFO  netty.NettyConfigKeys$DataStream (ConfUtils.java:logGet(46)) - raft.netty.dataStream.server.use-epoll = true (default)
2025-05-12 14:24:49,850 [main] INFO  netty.NettyConfigKeys$DataStream (ConfUtils.java:logGet(46)) - raft.netty.dataStream.server.boss-group.size = 0 (default)
2025-05-12 14:24:49,850 [main] INFO  netty.NettyUtils (NettyUtils.java:newEventLoopGroup(74)) - Create EpollEventLoopGroup for 5ee1c103-c487-40d5-9366-17daaab9156f-NettyServerStreamRpc-bossGroup; Thread size is 0.
2025-05-12 14:24:49,851 [main] INFO  netty.NettyConfigKeys$DataStream (ConfUtils.java:logGet(46)) - raft.netty.dataStream.server.worker-group.size = 0 (default)
2025-05-12 14:24:49,851 [main] INFO  netty.NettyUtils (NettyUtils.java:newEventLoopGroup(74)) - Create EpollEventLoopGroup for 5ee1c103-c487-40d5-9366-17daaab9156f-NettyServerStreamRpc-workerGroup; Thread size is 0.
2025-05-12 14:24:49,852 [main] INFO  netty.NettyConfigKeys$DataStream (ConfUtils.java:logGet(46)) - raft.netty.dataStream.server.tls.conf = null (default)
2025-05-12 14:24:49,852 [main] INFO  netty.NettyConfigKeys$DataStream (ConfUtils.java:logGet(46)) - raft.netty.dataStream.host = null (default)
2025-05-12 14:24:49,852 [main] INFO  netty.NettyConfigKeys$DataStream (ConfUtils.java:logGet(46)) - raft.netty.dataStream.port = 15048 (custom)
2025-05-12 14:24:49,853 [main] INFO  server.RaftServerConfigKeys (ConfUtils.java:logGet(46)) - raft.server.sleep.deviation.threshold = 300ms (default)
2025-05-12 14:24:49,853 [main] INFO  server.RaftServerConfigKeys (ConfUtils.java:logGet(46)) - raft.server.close.threshold = 60s (default)
2025-05-12 14:24:49,853 [main] INFO  server.RaftServerConfigKeys (ConfUtils.java:logGet(46)) - raft.server.leaderelection.leader.step-down.wait-time = 10s (default)
2025-05-12 14:24:49,853 [main] INFO  server.RaftServerConfigKeys (ConfUtils.java:logGet(46)) - raft.server.storage.dir = [/home/runner/work/ozone/ozone/hadoop-ozone/integration-test-s3/target/test-dir/MiniOzoneClusterImpl-3d63a36f-1eaa-4b4c-95b9-e111fcfd97b0/ozone-meta/datanode-5/ratis] (custom)
2025-05-12 14:24:49,853 [5ee1c103-c487-40d5-9366-17daaab9156f-NettyServerStreamRpc-bossGroup--thread1] INFO  logging.LoggingHandler (AbstractInternalLogger.java:log(148)) - [id: 0x7d25c44c] REGISTERED
2025-05-12 14:24:49,853 [main] INFO  server.RaftServerConfigKeys (ConfUtils.java:logGet(46)) - raft.server.threadpool.proxy.cached = true (default)
2025-05-12 14:24:49,854 [5ee1c103-c487-40d5-9366-17daaab9156f-NettyServerStreamRpc-bossGroup--thread1] INFO  logging.LoggingHandler (AbstractInternalLogger.java:log(148)) - [id: 0x7d25c44c] BIND: 0.0.0.0/0.0.0.0:15048
2025-05-12 14:24:49,854 [main] INFO  server.RaftServerConfigKeys (ConfUtils.java:logGet(46)) - raft.server.threadpool.proxy.size = 0 (default)
2025-05-12 14:24:49,854 [5ee1c103-c487-40d5-9366-17daaab9156f-NettyServerStreamRpc-bossGroup--thread1] INFO  logging.LoggingHandler (AbstractInternalLogger.java:log(148)) - [id: 0x7d25c44c, L:/0.0.0.0:15048] ACTIVE
2025-05-12 14:24:49,854 [5ee1c103-c487-40d5-9366-17daaab9156f-impl-thread1] INFO  server.RaftServer (RaftServerProxy.java:initGroupDir(265)) - 5ee1c103-c487-40d5-9366-17daaab9156f: found a subdirectory /home/runner/work/ozone/ozone/hadoop-ozone/integration-test-s3/target/test-dir/MiniOzoneClusterImpl-3d63a36f-1eaa-4b4c-95b9-e111fcfd97b0/ozone-meta/datanode-5/ratis/tmp
2025-05-12 14:24:49,854 [5ee1c103-c487-40d5-9366-17daaab9156f-impl-thread1] INFO  server.RaftServer (RaftServerProxy.java:initGroupDir(270)) - 5ee1c103-c487-40d5-9366-17daaab9156f: The directory /home/runner/work/ozone/ozone/hadoop-ozone/integration-test-s3/target/test-dir/MiniOzoneClusterImpl-3d63a36f-1eaa-4b4c-95b9-e111fcfd97b0/ozone-meta/datanode-5/ratis/tmp is not a group directory; ignoring it. 
2025-05-12 14:24:49,854 [main] INFO  replication.ReplicationServer (ReplicationServer.java:<init>(84)) - Initializing replication server with thread count = 10 queue length = 4096
2025-05-12 14:24:49,855 [main] INFO  server.XceiverServerGrpc (XceiverServerGrpc.java:<init>(131)) - GrpcServer channel type EpollServerSocketChannel
2025-05-12 14:24:49,857 [main] INFO  replication.ReplicationSupervisor (ReplicationSupervisor.java:build(169)) - Initializing replication supervisor with thread count = 10
2025-05-12 14:24:49,857 [main] INFO  replication.ReplicationSupervisor (ReplicationSupervisor.java:nodeStateUpdated(358)) - Node state updated to IN_SERVICE, scaling executor pool size to 10
2025-05-12 14:24:49,860 [main] INFO  http.BaseHttpServer (BaseHttpServer.java:newHttpServer2BuilderForOzone(229)) - Starting Web-server for hddsDatanode at: http://0.0.0.0:15042
2025-05-12 14:24:49,860 [main] INFO  http.BaseHttpServer (BaseHttpServer.java:<init>(107)) - Hadoop Security Enabled: false Ozone Security Enabled: false Ozone HTTP Security Enabled: false 
2025-05-12 14:24:49,861 [main] WARN  server.AuthenticationFilter (AuthenticationFilter.java:constructSecretProvider(240)) - Unable to initialize FileSignerSecretProvider, falling back to use random secrets. Reason: Could not read signature secret file: /home/runner/hadoop-http-auth-signature-secret
2025-05-12 14:24:49,863 [main] INFO  http.HttpServer2 (HttpServer2.java:addGlobalFilter(1042)) - Added global filter 'safety' (class=org.apache.hadoop.hdds.server.http.HttpServer2$QuotingInputFilter)
2025-05-12 14:24:49,864 [main] INFO  http.HttpServer2 (HttpServer2.java:addFilter(1018)) - Added filter static_user_filter (class=org.apache.hadoop.http.lib.StaticUserWebFilter$StaticUserFilter) to context hddsDatanode
2025-05-12 14:24:49,864 [main] INFO  http.HttpServer2 (HttpServer2.java:addFilter(1026)) - Added filter static_user_filter (class=org.apache.hadoop.http.lib.StaticUserWebFilter$StaticUserFilter) to context logs
2025-05-12 14:24:49,864 [main] INFO  http.HttpServer2 (HttpServer2.java:addFilter(1026)) - Added filter static_user_filter (class=org.apache.hadoop.http.lib.StaticUserWebFilter$StaticUserFilter) to context static
2025-05-12 14:24:49,865 [main] INFO  http.BaseHttpServer (BaseHttpServer.java:<init>(195)) - HTTP server of hddsDatanode uses base directory /home/runner/work/ozone/ozone/hadoop-ozone/integration-test-s3/target/test-dir/MiniOzoneClusterImpl-3d63a36f-1eaa-4b4c-95b9-e111fcfd97b0/ozone-meta/datanode-5/meta/webserver
2025-05-12 14:24:49,865 [main] INFO  http.HttpServer2 (HttpServer2.java:bindListener(1242)) - Jetty bound to port 15042
2025-05-12 14:24:49,865 [main] INFO  server.Server (Server.java:doStart(375)) - jetty-9.4.57.v20241219; built: 2025-01-08T21:24:30.412Z; git: df524e6b29271c2e09ba9aea83c18dc9db464a31; jvm 21.0.7+6-LTS
2025-05-12 14:24:49,867 [854da54c-a3b1-4b54-a80c-9675284bfbe1-EndpointStateMachineTaskThread-/0.0.0.0:15002-0 ] INFO  utils.DatanodeStoreCache (DatanodeStoreCache.java:addDB(70)) - Added db /home/runner/work/ozone/ozone/hadoop-ozone/integration-test-s3/target/test-dir/MiniOzoneClusterImpl-3d63a36f-1eaa-4b4c-95b9-e111fcfd97b0/ozone-meta/datanode-2/data-0/hdds/3d63a36f-1eaa-4b4c-95b9-e111fcfd97b0/DS-5d4d3383-a8b8-42a1-8136-9ec097dc0d8b/container.db to cache
2025-05-12 14:24:49,867 [854da54c-a3b1-4b54-a80c-9675284bfbe1-EndpointStateMachineTaskThread-/0.0.0.0:15002-0 ] INFO  volume.HddsVolume (HddsVolume.java:createDbStore(510)) - SchemaV3 db is created and loaded at /home/runner/work/ozone/ozone/hadoop-ozone/integration-test-s3/target/test-dir/MiniOzoneClusterImpl-3d63a36f-1eaa-4b4c-95b9-e111fcfd97b0/ozone-meta/datanode-2/data-0/hdds/3d63a36f-1eaa-4b4c-95b9-e111fcfd97b0/DS-5d4d3383-a8b8-42a1-8136-9ec097dc0d8b/container.db for volume DS-5d4d3383-a8b8-42a1-8136-9ec097dc0d8b
2025-05-12 14:24:49,868 [main] INFO  server.session (DefaultSessionIdManager.java:doStart(334)) - DefaultSessionIdManager workerName=node0
2025-05-12 14:24:49,869 [main] INFO  server.session (DefaultSessionIdManager.java:doStart(339)) - No SessionScavenger set, using defaults
2025-05-12 14:24:49,870 [main] INFO  server.session (HouseKeeper.java:startScavenging(132)) - node0 Scavenging every 660000ms
2025-05-12 14:24:49,871 [main] INFO  handler.ContextHandler (ContextHandler.java:doStart(921)) - Started o.e.j.s.ServletContextHandler@398072c6{logs,/logs,file:///home/runner/work/ozone/ozone/hadoop-ozone/integration-test-s3/target/log,AVAILABLE}
2025-05-12 14:24:49,871 [854da54c-a3b1-4b54-a80c-9675284bfbe1-ContainerReader-0] INFO  ozoneimpl.ContainerReader (ContainerReader.java:readVolume(144)) - Start to verify containers on volume /home/runner/work/ozone/ozone/hadoop-ozone/integration-test-s3/target/test-dir/MiniOzoneClusterImpl-3d63a36f-1eaa-4b4c-95b9-e111fcfd97b0/ozone-meta/datanode-2/data-0/hdds
2025-05-12 14:24:49,871 [854da54c-a3b1-4b54-a80c-9675284bfbe1-ContainerReader-0] INFO  ozoneimpl.ContainerReader (ContainerReader.java:readVolume(174)) - Finish verifying containers on volume /home/runner/work/ozone/ozone/hadoop-ozone/integration-test-s3/target/test-dir/MiniOzoneClusterImpl-3d63a36f-1eaa-4b4c-95b9-e111fcfd97b0/ozone-meta/datanode-2/data-0/hdds
2025-05-12 14:24:49,871 [main] INFO  handler.ContextHandler (ContextHandler.java:doStart(921)) - Started o.e.j.s.ServletContextHandler@6c4fee11{static,/static,jar:file:/home/runner/work/ozone/ozone/hadoop-hdds/container-service/target/hdds-container-service-2.1.0-SNAPSHOT.jar!/webapps/static,AVAILABLE}
2025-05-12 14:24:49,871 [854da54c-a3b1-4b54-a80c-9675284bfbe1-EndpointStateMachineTaskThread-/0.0.0.0:15002-0 ] INFO  ozoneimpl.OzoneContainer (OzoneContainer.java:buildContainerSet(364)) - Build ContainerSet costs 0s
2025-05-12 14:24:49,873 [854da54c-a3b1-4b54-a80c-9675284bfbe1-EndpointStateMachineTaskThread-/0.0.0.0:15002-0 ] INFO  volume.ThrottledAsyncChecker (ThrottledAsyncChecker.java:schedule(138)) - Scheduling a check for /home/runner/work/ozone/ozone/hadoop-ozone/integration-test-s3/target/test-dir/MiniOzoneClusterImpl-3d63a36f-1eaa-4b4c-95b9-e111fcfd97b0/ozone-meta/datanode-2/data-0/hdds
2025-05-12 14:24:49,873 [854da54c-a3b1-4b54-a80c-9675284bfbe1-EndpointStateMachineTaskThread-/0.0.0.0:15002-0 ] INFO  volume.StorageVolumeChecker (StorageVolumeChecker.java:checkAllVolumes(215)) - Scheduled health check for volume /home/runner/work/ozone/ozone/hadoop-ozone/integration-test-s3/target/test-dir/MiniOzoneClusterImpl-3d63a36f-1eaa-4b4c-95b9-e111fcfd97b0/ozone-meta/datanode-2/data-0/hdds
2025-05-12 14:24:49,880 [854da54c-a3b1-4b54-a80c-9675284bfbe1-EndpointStateMachineTaskThread-/0.0.0.0:15002-0 ] INFO  volume.ThrottledAsyncChecker (ThrottledAsyncChecker.java:schedule(138)) - Scheduling a check for /home/runner/work/ozone/ozone/hadoop-ozone/integration-test-s3/target/test-dir/MiniOzoneClusterImpl-3d63a36f-1eaa-4b4c-95b9-e111fcfd97b0/ozone-meta/datanode-2/ratis
2025-05-12 14:24:49,880 [854da54c-a3b1-4b54-a80c-9675284bfbe1-EndpointStateMachineTaskThread-/0.0.0.0:15002-0 ] INFO  volume.StorageVolumeChecker (StorageVolumeChecker.java:checkAllVolumes(215)) - Scheduled health check for volume /home/runner/work/ozone/ozone/hadoop-ozone/integration-test-s3/target/test-dir/MiniOzoneClusterImpl-3d63a36f-1eaa-4b4c-95b9-e111fcfd97b0/ozone-meta/datanode-2/ratis
2025-05-12 14:24:49,881 [854da54c-a3b1-4b54-a80c-9675284bfbe1-EndpointStateMachineTaskThread-/0.0.0.0:15002-0 ] INFO  ozoneimpl.OzoneContainer (OzoneContainer.java:start(512)) - Attempting to start container services.
2025-05-12 14:24:49,882 [854da54c-a3b1-4b54-a80c-9675284bfbe1-EndpointStateMachineTaskThread-/0.0.0.0:15002-0 ] WARN  ozoneimpl.OnDemandContainerDataScanner (OnDemandContainerDataScanner.java:init(74)) - Trying to initialize on demand scanner a second time on a datanode.
2025-05-12 14:24:49,883 [ContainerMetadataScanner] INFO  ozoneimpl.AbstractBackgroundContainerScanner (AbstractBackgroundContainerScanner.java:runIteration(89)) - Completed an iteration in 0 minutes. Number of iterations (since the data-node restart) : 1, Number of containers scanned in this iteration : 0, Number of unhealthy containers found in this iteration : 0
2025-05-12 14:24:49,884 [ContainerDataScanner(/home/runner/work/ozone/ozone/hadoop-ozone/integration-test-s3/target/test-dir/MiniOzoneClusterImpl-3d63a36f-1eaa-4b4c-95b9-e111fcfd97b0/ozone-meta/datanode-2/data-0/hdds)] INFO  ozoneimpl.AbstractBackgroundContainerScanner (AbstractBackgroundContainerScanner.java:runIteration(89)) - Completed an iteration in 0 minutes. Number of iterations (since the data-node restart) : 1, Number of containers scanned in this iteration : 0, Number of unhealthy containers found in this iteration : 0
2025-05-12 14:24:49,886 [854da54c-a3b1-4b54-a80c-9675284bfbe1-EndpointStateMachineTaskThread-/0.0.0.0:15002-0 ] INFO  replication.ReplicationServer (ReplicationServer.java:start(137)) - ReplicationServer is started using port 15025
2025-05-12 14:24:49,886 [854da54c-a3b1-4b54-a80c-9675284bfbe1-EndpointStateMachineTaskThread-/0.0.0.0:15002-0 ] INFO  ratis.XceiverServerRatis (XceiverServerRatis.java:start(559)) - Starting XceiverServerRatis(854da54c-a3b1-4b54-a80c-9675284bfbe1)
2025-05-12 14:24:49,889 [854da54c-a3b1-4b54-a80c-9675284bfbe1-EndpointStateMachineTaskThread-/0.0.0.0:15002-0 ] INFO  server.RaftServer (RaftServerProxy.java:startImpl(407)) - 854da54c-a3b1-4b54-a80c-9675284bfbe1: start RPC server
2025-05-12 14:24:49,890 [854da54c-a3b1-4b54-a80c-9675284bfbe1-EndpointStateMachineTaskThread-/0.0.0.0:15002-0 ] INFO  server.GrpcService (GrpcService.java:startImpl(334)) - 854da54c-a3b1-4b54-a80c-9675284bfbe1: GrpcService started, listening on 15021
2025-05-12 14:24:49,890 [854da54c-a3b1-4b54-a80c-9675284bfbe1-EndpointStateMachineTaskThread-/0.0.0.0:15002-0 ] INFO  server.GrpcService (GrpcService.java:startImpl(334)) - 854da54c-a3b1-4b54-a80c-9675284bfbe1: GrpcService started, listening on 15023
2025-05-12 14:24:49,891 [854da54c-a3b1-4b54-a80c-9675284bfbe1-EndpointStateMachineTaskThread-/0.0.0.0:15002-0 ] INFO  server.GrpcService (GrpcService.java:startImpl(334)) - 854da54c-a3b1-4b54-a80c-9675284bfbe1: GrpcService started, listening on 15022
2025-05-12 14:24:49,891 [854da54c-a3b1-4b54-a80c-9675284bfbe1-EndpointStateMachineTaskThread-/0.0.0.0:15002-0 ] INFO  ratis.XceiverServerRatis (XceiverServerRatis.java:getRealPort(586)) - XceiverServerRatis(854da54c-a3b1-4b54-a80c-9675284bfbe1) is started using port RATIS=15021
2025-05-12 14:24:49,891 [854da54c-a3b1-4b54-a80c-9675284bfbe1-EndpointStateMachineTaskThread-/0.0.0.0:15002-0 ] INFO  ratis.XceiverServerRatis (XceiverServerRatis.java:getRealPort(586)) - XceiverServerRatis(854da54c-a3b1-4b54-a80c-9675284bfbe1) is started using port RATIS_ADMIN=15022
2025-05-12 14:24:49,891 [854da54c-a3b1-4b54-a80c-9675284bfbe1-EndpointStateMachineTaskThread-/0.0.0.0:15002-0 ] INFO  ratis.XceiverServerRatis (XceiverServerRatis.java:getRealPort(586)) - XceiverServerRatis(854da54c-a3b1-4b54-a80c-9675284bfbe1) is started using port RATIS_SERVER=15023
2025-05-12 14:24:49,891 [854da54c-a3b1-4b54-a80c-9675284bfbe1-EndpointStateMachineTaskThread-/0.0.0.0:15002-0 ] INFO  ratis.XceiverServerRatis (XceiverServerRatis.java:getRealPort(586)) - XceiverServerRatis(854da54c-a3b1-4b54-a80c-9675284bfbe1) is started using port RATIS_DATASTREAM=15024
2025-05-12 14:24:49,892 [JvmPauseMonitor4] INFO  util.JvmPauseMonitor (JvmPauseMonitor.java:run(146)) - JvmPauseMonitor-854da54c-a3b1-4b54-a80c-9675284bfbe1: Started
2025-05-12 14:24:49,893 [854da54c-a3b1-4b54-a80c-9675284bfbe1-BlockDeletingService#0] INFO  interfaces.ContainerDeletionChoosingPolicyTemplate (ContainerDeletionChoosingPolicyTemplate.java:chooseContainerForBlockDeletion(83)) - Chosen 0/5000 blocks from 0 candidate containers.
2025-05-12 14:24:50,011 [main] INFO  handler.ContextHandler (ContextHandler.java:doStart(921)) - Started o.e.j.w.WebAppContext@1812086{hddsDatanode,/,file:///home/runner/work/ozone/ozone/hadoop-ozone/integration-test-s3/target/test-dir/MiniOzoneClusterImpl-3d63a36f-1eaa-4b4c-95b9-e111fcfd97b0/ozone-meta/datanode-5/meta/webserver/jetty-0_0_0_0-15042-hdds-container-service-2_1_0-SNAPSHOT_jar-_-any-14910565824328869354/webapp/,AVAILABLE}{jar:file:/home/runner/work/ozone/ozone/hadoop-hdds/container-service/target/hdds-container-service-2.1.0-SNAPSHOT.jar!/webapps/hddsDatanode}
2025-05-12 14:24:50,012 [main] INFO  server.AbstractConnector (AbstractConnector.java:doStart(333)) - Started ServerConnector@24e95bd4{HTTP/1.1, (http/1.1)}{0.0.0.0:15042}
2025-05-12 14:24:50,012 [main] INFO  server.Server (Server.java:doStart(415)) - Started @11913ms
2025-05-12 14:24:50,012 [main] WARN  impl.MetricsSystemImpl (MetricsSystemImpl.java:register(279)) - Sink prometheus already exists!
2025-05-12 14:24:50,013 [main] INFO  http.BaseHttpServer (BaseHttpServer.java:updateConnectorAddress(359)) - HTTP server of hddsDatanode listening at http://0.0.0.0:15042
2025-05-12 14:24:50,013 [main] INFO  ipc.CallQueueManager (CallQueueManager.java:<init>(93)) - Using callQueue: class java.util.concurrent.LinkedBlockingQueue, queueCapacity: 1000, scheduler: class org.apache.hadoop.ipc.DefaultRpcScheduler, ipcBackoff: false, ipcFailOver: false.
2025-05-12 14:24:50,014 [main] INFO  ipc.Server (Server.java:<init>(1438)) - Listener at 0.0.0.0:15043
2025-05-12 14:24:50,014 [Socket Reader #1 for port 15043] INFO  ipc.Server (Server.java:run(1474)) - Starting Socket Reader #1 for port 15043
2025-05-12 14:24:50,014 [Socket Reader #2 for port 15043] INFO  ipc.Server (Server.java:run(1474)) - Starting Socket Reader #2 for port 15043
2025-05-12 14:24:50,014 [Socket Reader #3 for port 15043] INFO  ipc.Server (Server.java:run(1474)) - Starting Socket Reader #3 for port 15043
2025-05-12 14:24:50,015 [Socket Reader #4 for port 15043] INFO  ipc.Server (Server.java:run(1474)) - Starting Socket Reader #4 for port 15043
2025-05-12 14:24:50,015 [Socket Reader #5 for port 15043] INFO  ipc.Server (Server.java:run(1474)) - Starting Socket Reader #5 for port 15043
2025-05-12 14:24:50,015 [Socket Reader #6 for port 15043] INFO  ipc.Server (Server.java:run(1474)) - Starting Socket Reader #6 for port 15043
2025-05-12 14:24:50,015 [Socket Reader #7 for port 15043] INFO  ipc.Server (Server.java:run(1474)) - Starting Socket Reader #7 for port 15043
2025-05-12 14:24:50,015 [Socket Reader #8 for port 15043] INFO  ipc.Server (Server.java:run(1474)) - Starting Socket Reader #8 for port 15043
2025-05-12 14:24:50,015 [Socket Reader #9 for port 15043] INFO  ipc.Server (Server.java:run(1474)) - Starting Socket Reader #9 for port 15043
2025-05-12 14:24:50,016 [Socket Reader #10 for port 15043] INFO  ipc.Server (Server.java:run(1474)) - Starting Socket Reader #10 for port 15043
2025-05-12 14:24:50,017 [main] INFO  ozone.HddsDatanodeService (HddsDatanodeService.java:start(325)) - Datanode start with admins: [runner]
2025-05-12 14:24:50,018 [main] INFO  ozone.HddsDatanodeClientProtocolServer (HddsDatanodeClientProtocolServer.java:start(76)) - RPC server for Client /0.0.0.0:15043
2025-05-12 14:24:50,018 [IPC Server Responder] INFO  ipc.Server (Server.java:run(1713)) - IPC Server Responder: starting
2025-05-12 14:24:50,018 [IPC Server listener on 15043] INFO  ipc.Server (Server.java:run(1553)) - IPC Server listener on 15043: starting
2025-05-12 14:24:50,021 [5ee1c103-c487-40d5-9366-17daaab9156f-DatanodeStateMachineDaemonThread] INFO  statemachine.DatanodeStateMachine (DatanodeStateMachine.java:startStateMachineThread(340)) - Ozone container server started.
2025-05-12 14:24:50,026 [5ee1c103-c487-40d5-9366-17daaab9156f-DatanodeStateMachineTaskThread-0] INFO  datanode.InitDatanodeState (InitDatanodeState.java:persistContainerDatanodeDetails(139)) - DatanodeDetails is persisted to /home/runner/work/ozone/ozone/hadoop-ozone/integration-test-s3/target/test-dir/MiniOzoneClusterImpl-3d63a36f-1eaa-4b4c-95b9-e111fcfd97b0/ozone-meta/datanode-5/meta/datanode.id
2025-05-12 14:24:50,047 [main] INFO  http.BaseHttpServer (BaseHttpServer.java:newHttpServer2BuilderForOzone(229)) - Starting Web-server for s3gateway at: http://0.0.0.0:15050
2025-05-12 14:24:50,048 [main] INFO  http.BaseHttpServer (BaseHttpServer.java:<init>(107)) - Hadoop Security Enabled: false Ozone Security Enabled: false Ozone HTTP Security Enabled: false 
2025-05-12 14:24:50,049 [main] WARN  server.AuthenticationFilter (AuthenticationFilter.java:constructSecretProvider(240)) - Unable to initialize FileSignerSecretProvider, falling back to use random secrets. Reason: Could not read signature secret file: /home/runner/hadoop-http-auth-signature-secret
2025-05-12 14:24:50,051 [main] INFO  http.HttpServer2 (HttpServer2.java:addGlobalFilter(1042)) - Added global filter 'safety' (class=org.apache.hadoop.hdds.server.http.HttpServer2$QuotingInputFilter)
2025-05-12 14:24:50,052 [main] INFO  http.HttpServer2 (HttpServer2.java:addFilter(1018)) - Added filter static_user_filter (class=org.apache.hadoop.http.lib.StaticUserWebFilter$StaticUserFilter) to context s3gateway
2025-05-12 14:24:50,052 [main] INFO  http.BaseHttpServer (BaseHttpServer.java:<init>(195)) - HTTP server of s3gateway uses base directory /home/runner/work/ozone/ozone/hadoop-ozone/integration-test-s3/ozone_http_tmp_base_dir4276759210426169468
2025-05-12 14:24:50,053 [main] INFO  http.BaseHttpServer (BaseHttpServer.java:newHttpServer2BuilderForOzone(229)) - Starting Web-server for s3g-web at: http://0.0.0.0:19878
2025-05-12 14:24:50,053 [main] INFO  http.BaseHttpServer (BaseHttpServer.java:<init>(107)) - Hadoop Security Enabled: false Ozone Security Enabled: false Ozone HTTP Security Enabled: false 
2025-05-12 14:24:50,054 [main] WARN  server.AuthenticationFilter (AuthenticationFilter.java:constructSecretProvider(240)) - Unable to initialize FileSignerSecretProvider, falling back to use random secrets. Reason: Could not read signature secret file: /home/runner/hadoop-http-auth-signature-secret
2025-05-12 14:24:50,057 [main] INFO  http.HttpServer2 (HttpServer2.java:addGlobalFilter(1042)) - Added global filter 'safety' (class=org.apache.hadoop.hdds.server.http.HttpServer2$QuotingInputFilter)
2025-05-12 14:24:50,058 [main] INFO  http.HttpServer2 (HttpServer2.java:addFilter(1018)) - Added filter static_user_filter (class=org.apache.hadoop.http.lib.StaticUserWebFilter$StaticUserFilter) to context s3g-web
2025-05-12 14:24:50,058 [main] INFO  http.HttpServer2 (HttpServer2.java:addFilter(1026)) - Added filter static_user_filter (class=org.apache.hadoop.http.lib.StaticUserWebFilter$StaticUserFilter) to context static
2025-05-12 14:24:50,058 [main] INFO  http.HttpServer2 (HttpServer2.java:addFilter(1026)) - Added filter static_user_filter (class=org.apache.hadoop.http.lib.StaticUserWebFilter$StaticUserFilter) to context logs
2025-05-12 14:24:50,058 [main] INFO  http.BaseHttpServer (BaseHttpServer.java:<init>(195)) - HTTP server of s3g-web uses base directory /home/runner/work/ozone/ozone/hadoop-ozone/integration-test-s3/ozone_http_tmp_base_dir4276759210426169468
2025-05-12 14:24:50,110 [a991347c-fe65-440a-a23f-e482601a678a-EndpointStateMachineTaskThread-/0.0.0.0:15002-0 ] INFO  utils.DatanodeStoreCache (DatanodeStoreCache.java:addDB(70)) - Added db /home/runner/work/ozone/ozone/hadoop-ozone/integration-test-s3/target/test-dir/MiniOzoneClusterImpl-3d63a36f-1eaa-4b4c-95b9-e111fcfd97b0/ozone-meta/datanode-3/data-0/hdds/3d63a36f-1eaa-4b4c-95b9-e111fcfd97b0/DS-97cd8a70-3458-4246-88d2-95980254b20c/container.db to cache
2025-05-12 14:24:50,110 [a991347c-fe65-440a-a23f-e482601a678a-EndpointStateMachineTaskThread-/0.0.0.0:15002-0 ] INFO  volume.HddsVolume (HddsVolume.java:createDbStore(510)) - SchemaV3 db is created and loaded at /home/runner/work/ozone/ozone/hadoop-ozone/integration-test-s3/target/test-dir/MiniOzoneClusterImpl-3d63a36f-1eaa-4b4c-95b9-e111fcfd97b0/ozone-meta/datanode-3/data-0/hdds/3d63a36f-1eaa-4b4c-95b9-e111fcfd97b0/DS-97cd8a70-3458-4246-88d2-95980254b20c/container.db for volume DS-97cd8a70-3458-4246-88d2-95980254b20c
2025-05-12 14:24:50,123 [a991347c-fe65-440a-a23f-e482601a678a-ContainerReader-0] INFO  ozoneimpl.ContainerReader (ContainerReader.java:readVolume(144)) - Start to verify containers on volume /home/runner/work/ozone/ozone/hadoop-ozone/integration-test-s3/target/test-dir/MiniOzoneClusterImpl-3d63a36f-1eaa-4b4c-95b9-e111fcfd97b0/ozone-meta/datanode-3/data-0/hdds
2025-05-12 14:24:50,123 [a991347c-fe65-440a-a23f-e482601a678a-ContainerReader-0] INFO  ozoneimpl.ContainerReader (ContainerReader.java:readVolume(174)) - Finish verifying containers on volume /home/runner/work/ozone/ozone/hadoop-ozone/integration-test-s3/target/test-dir/MiniOzoneClusterImpl-3d63a36f-1eaa-4b4c-95b9-e111fcfd97b0/ozone-meta/datanode-3/data-0/hdds
2025-05-12 14:24:50,123 [a991347c-fe65-440a-a23f-e482601a678a-EndpointStateMachineTaskThread-/0.0.0.0:15002-0 ] INFO  ozoneimpl.OzoneContainer (OzoneContainer.java:buildContainerSet(364)) - Build ContainerSet costs 0s
2025-05-12 14:24:50,125 [a991347c-fe65-440a-a23f-e482601a678a-EndpointStateMachineTaskThread-/0.0.0.0:15002-0 ] INFO  volume.ThrottledAsyncChecker (ThrottledAsyncChecker.java:schedule(138)) - Scheduling a check for /home/runner/work/ozone/ozone/hadoop-ozone/integration-test-s3/target/test-dir/MiniOzoneClusterImpl-3d63a36f-1eaa-4b4c-95b9-e111fcfd97b0/ozone-meta/datanode-3/data-0/hdds
2025-05-12 14:24:50,127 [a991347c-fe65-440a-a23f-e482601a678a-EndpointStateMachineTaskThread-/0.0.0.0:15002-0 ] INFO  volume.StorageVolumeChecker (StorageVolumeChecker.java:checkAllVolumes(215)) - Scheduled health check for volume /home/runner/work/ozone/ozone/hadoop-ozone/integration-test-s3/target/test-dir/MiniOzoneClusterImpl-3d63a36f-1eaa-4b4c-95b9-e111fcfd97b0/ozone-meta/datanode-3/data-0/hdds
2025-05-12 14:24:50,135 [a991347c-fe65-440a-a23f-e482601a678a-EndpointStateMachineTaskThread-/0.0.0.0:15002-0 ] INFO  volume.ThrottledAsyncChecker (ThrottledAsyncChecker.java:schedule(138)) - Scheduling a check for /home/runner/work/ozone/ozone/hadoop-ozone/integration-test-s3/target/test-dir/MiniOzoneClusterImpl-3d63a36f-1eaa-4b4c-95b9-e111fcfd97b0/ozone-meta/datanode-3/ratis
2025-05-12 14:24:50,136 [a991347c-fe65-440a-a23f-e482601a678a-EndpointStateMachineTaskThread-/0.0.0.0:15002-0 ] INFO  volume.StorageVolumeChecker (StorageVolumeChecker.java:checkAllVolumes(215)) - Scheduled health check for volume /home/runner/work/ozone/ozone/hadoop-ozone/integration-test-s3/target/test-dir/MiniOzoneClusterImpl-3d63a36f-1eaa-4b4c-95b9-e111fcfd97b0/ozone-meta/datanode-3/ratis
2025-05-12 14:24:50,137 [a991347c-fe65-440a-a23f-e482601a678a-EndpointStateMachineTaskThread-/0.0.0.0:15002-0 ] INFO  ozoneimpl.OzoneContainer (OzoneContainer.java:start(512)) - Attempting to start container services.
2025-05-12 14:24:50,137 [a991347c-fe65-440a-a23f-e482601a678a-EndpointStateMachineTaskThread-/0.0.0.0:15002-0 ] WARN  ozoneimpl.OnDemandContainerDataScanner (OnDemandContainerDataScanner.java:init(74)) - Trying to initialize on demand scanner a second time on a datanode.
2025-05-12 14:24:50,141 [ContainerMetadataScanner] INFO  ozoneimpl.AbstractBackgroundContainerScanner (AbstractBackgroundContainerScanner.java:runIteration(89)) - Completed an iteration in 0 minutes. Number of iterations (since the data-node restart) : 1, Number of containers scanned in this iteration : 0, Number of unhealthy containers found in this iteration : 0
2025-05-12 14:24:50,142 [a991347c-fe65-440a-a23f-e482601a678a-EndpointStateMachineTaskThread-/0.0.0.0:15002-0 ] INFO  replication.ReplicationServer (ReplicationServer.java:start(137)) - ReplicationServer is started using port 15033
2025-05-12 14:24:50,141 [ContainerDataScanner(/home/runner/work/ozone/ozone/hadoop-ozone/integration-test-s3/target/test-dir/MiniOzoneClusterImpl-3d63a36f-1eaa-4b4c-95b9-e111fcfd97b0/ozone-meta/datanode-3/data-0/hdds)] INFO  ozoneimpl.AbstractBackgroundContainerScanner (AbstractBackgroundContainerScanner.java:runIteration(89)) - Completed an iteration in 0 minutes. Number of iterations (since the data-node restart) : 1, Number of containers scanned in this iteration : 0, Number of unhealthy containers found in this iteration : 0
2025-05-12 14:24:50,142 [a991347c-fe65-440a-a23f-e482601a678a-EndpointStateMachineTaskThread-/0.0.0.0:15002-0 ] INFO  ratis.XceiverServerRatis (XceiverServerRatis.java:start(559)) - Starting XceiverServerRatis(a991347c-fe65-440a-a23f-e482601a678a)
2025-05-12 14:24:50,147 [a991347c-fe65-440a-a23f-e482601a678a-EndpointStateMachineTaskThread-/0.0.0.0:15002-0 ] INFO  server.RaftServer (RaftServerProxy.java:startImpl(407)) - a991347c-fe65-440a-a23f-e482601a678a: start RPC server
2025-05-12 14:24:50,150 [a991347c-fe65-440a-a23f-e482601a678a-EndpointStateMachineTaskThread-/0.0.0.0:15002-0 ] INFO  server.GrpcService (GrpcService.java:startImpl(334)) - a991347c-fe65-440a-a23f-e482601a678a: GrpcService started, listening on 15029
2025-05-12 14:24:50,151 [a991347c-fe65-440a-a23f-e482601a678a-EndpointStateMachineTaskThread-/0.0.0.0:15002-0 ] INFO  server.GrpcService (GrpcService.java:startImpl(334)) - a991347c-fe65-440a-a23f-e482601a678a: GrpcService started, listening on 15031
2025-05-12 14:24:50,152 [a991347c-fe65-440a-a23f-e482601a678a-EndpointStateMachineTaskThread-/0.0.0.0:15002-0 ] INFO  server.GrpcService (GrpcService.java:startImpl(334)) - a991347c-fe65-440a-a23f-e482601a678a: GrpcService started, listening on 15030
2025-05-12 14:24:50,153 [IPC Server handler 2 on default port 15002] INFO  net.NetworkTopologyImpl (NetworkTopologyImpl.java:add(133)) - Added a new node: /default-rack/318d5f9c-a548-45a7-96e8-01a796af6bbe
2025-05-12 14:24:50,153 [a991347c-fe65-440a-a23f-e482601a678a-EndpointStateMachineTaskThread-/0.0.0.0:15002-0 ] INFO  ratis.XceiverServerRatis (XceiverServerRatis.java:getRealPort(586)) - XceiverServerRatis(a991347c-fe65-440a-a23f-e482601a678a) is started using port RATIS=15029
2025-05-12 14:24:50,153 [a991347c-fe65-440a-a23f-e482601a678a-EndpointStateMachineTaskThread-/0.0.0.0:15002-0 ] INFO  ratis.XceiverServerRatis (XceiverServerRatis.java:getRealPort(586)) - XceiverServerRatis(a991347c-fe65-440a-a23f-e482601a678a) is started using port RATIS_ADMIN=15030
2025-05-12 14:24:50,154 [JvmPauseMonitor5] INFO  util.JvmPauseMonitor (JvmPauseMonitor.java:run(146)) - JvmPauseMonitor-a991347c-fe65-440a-a23f-e482601a678a: Started
2025-05-12 14:24:50,154 [a991347c-fe65-440a-a23f-e482601a678a-EndpointStateMachineTaskThread-/0.0.0.0:15002-0 ] INFO  ratis.XceiverServerRatis (XceiverServerRatis.java:getRealPort(586)) - XceiverServerRatis(a991347c-fe65-440a-a23f-e482601a678a) is started using port RATIS_SERVER=15031
2025-05-12 14:24:50,154 [a991347c-fe65-440a-a23f-e482601a678a-EndpointStateMachineTaskThread-/0.0.0.0:15002-0 ] INFO  ratis.XceiverServerRatis (XceiverServerRatis.java:getRealPort(586)) - XceiverServerRatis(a991347c-fe65-440a-a23f-e482601a678a) is started using port RATIS_DATASTREAM=15032
2025-05-12 14:24:50,157 [IPC Server handler 2 on default port 15002] INFO  node.SCMNodeManager (SCMNodeManager.java:register(426)) - Registered datanode: 318d5f9c-a548-45a7-96e8-01a796af6bbe{ip: 127.0.0.1, host: localhost, ports: [HTTP=15010, CLIENT_RPC=15011, REPLICATION=15017, RATIS=15013, RATIS_ADMIN=15014, RATIS_SERVER=15015, RATIS_DATASTREAM=15016, STANDALONE=15012], networkLocation: /default-rack, certSerialId: null, persistedOpState: null, persistedOpStateExpiryEpochSec: 0}
2025-05-12 14:24:50,158 [a991347c-fe65-440a-a23f-e482601a678a-BlockDeletingService#0] INFO  interfaces.ContainerDeletionChoosingPolicyTemplate (ContainerDeletionChoosingPolicyTemplate.java:chooseContainerForBlockDeletion(83)) - Chosen 0/5000 blocks from 0 candidate containers.
2025-05-12 14:24:50,161 [EventQueue-NewNodeForNewNodeHandler] INFO  pipeline.BackgroundPipelineCreator (BackgroundPipelineCreator.java:notifyEventTriggered(290)) - trigger a one-shot run on RatisPipelineUtilsThread.
2025-05-12 14:24:50,163 [EventQueue-ContainerRegistrationReportForECContainerSafeModeRule] INFO  safemode.SCMSafeModeManager (SCMSafeModeManager.java:validateSafeModeExitRules(140)) - ECContainerSafeModeRule rule is successfully validated
2025-05-12 14:24:50,163 [EventQueue-ContainerRegistrationReportForRatisContainerSafeModeRule] INFO  safemode.SCMSafeModeManager (SCMSafeModeManager.java:validateSafeModeExitRules(140)) - RatisContainerSafeModeRule rule is successfully validated
2025-05-12 14:24:50,163 [EventQueue-NodeRegistrationContainerReportForDataNodeSafeModeRule] INFO  safemode.SCMSafeModeManager (DataNodeSafeModeRule.java:process(79)) - SCM in safe mode. 1 DataNodes registered, 3 required.
2025-05-12 14:24:50,164 [EventQueue-PipelineReportForOneReplicaPipelineSafeModeRule] INFO  safemode.SCMSafeModeManager (SCMSafeModeManager.java:validateSafeModeExitRules(140)) - AtleastOneDatanodeReportedRule rule is successfully validated
2025-05-12 14:24:50,187 [main] INFO  s3.Gateway (HddsServerUtil.java:startupShutdownMessage(683)) - STARTUP_MSG: 
/************************************************************
STARTUP_MSG: Starting Gateway
STARTUP_MSG:   host = pkrvmberfyhpb9w/10.1.0.200
STARTUP_MSG:   args = []
STARTUP_MSG:   version = 2.1.0-SNAPSHOT
STARTUP_MSG:   classpath = /home/runner/work/ozone/ozone/hadoop-ozone/integration-test-s3/target/test-classes:/home/runner/work/ozone/ozone/hadoop-ozone/integration-test-s3/target/classes:/home/runner/.m2/repository/com/amazonaws/aws-java-sdk-core/1.12.661/aws-java-sdk-core-1.12.661.jar:/home/runner/.m2/repository/commons-codec/commons-codec/1.17.1/commons-codec-1.17.1.jar:/home/runner/.m2/repository/org/apache/httpcomponents/httpclient/4.5.14/httpclient-4.5.14.jar:/home/runner/.m2/repository/com/fasterxml/jackson/core/jackson-databind/2.16.2/jackson-databind-2.16.2.jar:/home/runner/.m2/repository/com/fasterxml/jackson/dataformat/jackson-dataformat-cbor/2.16.2/jackson-dataformat-cbor-2.16.2.jar:/home/runner/.m2/repository/joda-time/joda-time/2.12.7/joda-time-2.12.7.jar:/home/runner/.m2/repository/com/amazonaws/aws-java-sdk-s3/1.12.661/aws-java-sdk-s3-1.12.661.jar:/home/runner/.m2/repository/com/amazonaws/aws-java-sdk-kms/1.12.661/aws-java-sdk-kms-1.12.661.jar:/home/runner/.m2/repository/com/amazonaws/jmespath-java/1.12.661/jmespath-java-1.12.661.jar:/home/runner/.m2/repository/jakarta/xml/bind/jakarta.xml.bind-api/2.3.3/jakarta.xml.bind-api-2.3.3.jar:/home/runner/.m2/repository/jakarta/activation/jakarta.activation-api/1.2.2/jakarta.activation-api-1.2.2.jar:/home/runner/.m2/repository/org/apache/commons/commons-lang3/3.17.0/commons-lang3-3.17.0.jar:/home/runner/work/ozone/ozone/hadoop-hdds/common/target/hdds-common-2.1.0-SNAPSHOT.jar:/home/runner/.m2/repository/com/fasterxml/jackson/core/jackson-annotations/2.16.2/jackson-annotations-2.16.2.jar:/home/runner/.m2/repository/com/fasterxml/jackson/core/jackson-core/2.16.2/jackson-core-2.16.2.jar:/home/runner/.m2/repository/com/fasterxml/jackson/datatype/jackson-datatype-jsr310/2.16.2/jackson-datatype-jsr310-2.16.2.jar:/home/runner/.m2/repository/com/github/stephenc/jcip/jcip-annotations/1.0-1/jcip-annotations-1.0-1.jar:/home/runner/.m2/repository/com/google/guava/guava/32.1.3-jre/guava-32.1.3-jre.jar:/home/runner/.m2/repository/com/google/guava/failureaccess/1.0.1/failureaccess-1.0.1.jar:/home/runner/.m2/repository/com/google/guava/listenablefuture/9999.0-empty-to-avoid-conflict-with-guava/listenablefuture-9999.0-empty-to-avoid-conflict-with-guava.jar:/home/runner/.m2/repository/org/checkerframework/checker-qual/3.37.0/checker-qual-3.37.0.jar:/home/runner/.m2/repository/com/google/errorprone/error_prone_annotations/2.29.2/error_prone_annotations-2.29.2.jar:/home/runner/.m2/repository/com/google/j2objc/j2objc-annotations/2.8/j2objc-annotations-2.8.jar:/home/runner/.m2/repository/com/google/protobuf/protobuf-java/2.5.0/protobuf-java-2.5.0.jar:/home/runner/.m2/repository/commons-collections/commons-collections/3.2.2/commons-collections-3.2.2.jar:/home/runner/.m2/repository/commons-io/commons-io/2.18.0/commons-io-2.18.0.jar:/home/runner/.m2/repository/commons-validator/commons-validator/1.6/commons-validator-1.6.jar:/home/runner/.m2/repository/commons-beanutils/commons-beanutils/1.9.4/commons-beanutils-1.9.4.jar:/home/runner/.m2/repository/commons-digester/commons-digester/1.8.1/commons-digester-1.8.1.jar:/home/runner/.m2/repository/info/picocli/picocli/4.7.7/picocli-4.7.7.jar:/home/runner/.m2/repository/io/dropwizard/metrics/metrics-core/3.2.6/metrics-core-3.2.6.jar:/home/runner/.m2/repository/io/jaegertracing/jaeger-client/1.8.1/jaeger-client-1.8.1.jar:/home/runner/.m2/repository/io/jaegertracing/jaeger-thrift/1.8.1/jaeger-thrift-1.8.1.jar:/home/runner/.m2/repository/org/apache/thrift/libthrift/0.15.0/libthrift-0.15.0.jar:/home/runner/.m2/repository/com/squareup/okhttp3/okhttp/4.12.0/okhttp-4.12.0.jar:/home/runner/.m2/repository/com/squareup/okio/okio/3.6.0/okio-3.6.0.jar:/home/runner/.m2/repository/com/squareup/okio/okio-jvm/3.6.0/okio-jvm-3.6.0.jar:/home/runner/.m2/repository/org/jetbrains/kotlin/kotlin-stdlib-common/1.9.25/kotlin-stdlib-common-1.9.25.jar:/home/runner/.m2/repository/org/jetbrains/kotlin/kotlin-stdlib-jdk8/1.9.25/kotlin-stdlib-jdk8-1.9.25.jar:/home/runner/.m2/repository/org/jetbrains/kotlin/kotlin-stdlib-jdk7/1.9.25/kotlin-stdlib-jdk7-1.9.25.jar:/home/runner/.m2/repository/io/jaegertracing/jaeger-tracerresolver/1.8.1/jaeger-tracerresolver-1.8.1.jar:/home/runner/.m2/repository/io/opentracing/contrib/opentracing-tracerresolver/0.1.8/opentracing-tracerresolver-0.1.8.jar:/home/runner/.m2/repository/io/jaegertracing/jaeger-core/1.8.1/jaeger-core-1.8.1.jar:/home/runner/.m2/repository/io/opentracing/opentracing-api/0.33.0/opentracing-api-0.33.0.jar:/home/runner/.m2/repository/io/opentracing/opentracing-util/0.33.0/opentracing-util-0.33.0.jar:/home/runner/.m2/repository/jakarta/annotation/jakarta.annotation-api/2.1.1/jakarta.annotation-api-2.1.1.jar:/home/runner/.m2/repository/javax/annotation/javax.annotation-api/1.3.2/javax.annotation-api-1.3.2.jar:/home/runner/.m2/repository/org/apache/hadoop/hadoop-common/3.4.1/hadoop-common-3.4.1.jar:/home/runner/.m2/repository/org/apache/hadoop/thirdparty/hadoop-shaded-protobuf_3_25/1.4.0/hadoop-shaded-protobuf_3_25-1.4.0.jar:/home/runner/.m2/repository/org/apache/hadoop/hadoop-annotations/3.4.1/hadoop-annotations-3.4.1.jar:/home/runner/.m2/repository/org/apache/hadoop/thirdparty/hadoop-shaded-guava/1.3.0/hadoop-shaded-guava-1.3.0.jar:/home/runner/.m2/repository/org/codehaus/jettison/jettison/1.5.4/jettison-1.5.4.jar:/home/runner/.m2/repository/org/apache/commons/commons-text/1.12.0/commons-text-1.12.0.jar:/home/runner/.m2/repository/com/google/re2j/re2j/1.7/re2j-1.7.jar:/home/runner/.m2/repository/io/netty/netty-handler/4.1.109.Final/netty-handler-4.1.109.Final.jar:/home/runner/.m2/repository/io/netty/netty-transport-native-unix-common/4.1.109.Final/netty-transport-native-unix-common-4.1.109.Final.jar:/home/runner/.m2/repository/io/netty/netty-transport-native-epoll/4.1.109.Final/netty-transport-native-epoll-4.1.109.Final.jar:/home/runner/.m2/repository/org/codehaus/woodstox/stax2-api/4.2.1/stax2-api-4.2.1.jar:/home/runner/.m2/repository/com/fasterxml/woodstox/woodstox-core/5.4.0/woodstox-core-5.4.0.jar:/home/runner/work/ozone/ozone/hadoop-hdds/annotations/target/hdds-annotation-processing-2.1.0-SNAPSHOT.jar:/home/runner/work/ozone/ozone/hadoop-hdds/interface-admin/target/hdds-interface-admin-2.1.0-SNAPSHOT.jar:/home/runner/work/ozone/ozone/hadoop-hdds/interface-client/target/hdds-interface-client-2.1.0-SNAPSHOT.jar:/home/runner/.m2/repository/org/apache/ratis/ratis-client/3.1.2/ratis-client-3.1.2.jar:/home/runner/.m2/repository/org/apache/ratis/ratis-grpc/3.1.2/ratis-grpc-3.1.2.jar:/home/runner/.m2/repository/org/apache/ratis/ratis-metrics-dropwizard3/3.1.2/ratis-metrics-dropwizard3-3.1.2.jar:/home/runner/.m2/repository/org/apache/ratis/ratis-netty/3.1.2/ratis-netty-3.1.2.jar:/home/runner/.m2/repository/org/apache/ratis/ratis-proto/3.1.2/ratis-proto-3.1.2.jar:/home/runner/.m2/repository/org/apache/ratis/ratis-server-api/3.1.2/ratis-server-api-3.1.2.jar:/home/runner/.m2/repository/org/apache/ratis/ratis-thirdparty-misc/1.0.6/ratis-thirdparty-misc-1.0.6.jar:/home/runner/.m2/repository/org/bouncycastle/bcpkix-jdk18on/1.80/bcpkix-jdk18on-1.80.jar:/home/runner/.m2/repository/org/bouncycastle/bcprov-jdk18on/1.80/bcprov-jdk18on-1.80.jar:/home/runner/.m2/repository/org/bouncycastle/bcutil-jdk18on/1.80/bcutil-jdk18on-1.80.jar:/home/runner/.m2/repository/org/jetbrains/kotlin/kotlin-stdlib/1.9.25/kotlin-stdlib-1.9.25.jar:/home/runner/.m2/repository/org/jetbrains/annotations/13.0/annotations-13.0.jar:/home/runner/.m2/repository/org/reflections/reflections/0.10.2/reflections-0.10.2.jar:/home/runner/.m2/repository/org/slf4j/jcl-over-slf4j/2.0.17/jcl-over-slf4j-2.0.17.jar:/home/runner/.m2/repository/org/yaml/snakeyaml/2.0/snakeyaml-2.0.jar:/home/runner/.m2/repository/org/slf4j/slf4j-reload4j/2.0.17/slf4j-reload4j-2.0.17.jar:/home/runner/work/ozone/ozone/hadoop-hdds/config/target/hdds-config-2.1.0-SNAPSHOT.jar:/home/runner/work/ozone/ozone/hadoop-hdds/framework/target/hdds-server-framework-2.1.0-SNAPSHOT.jar:/home/runner/.m2/repository/ch/qos/reload4j/reload4j/1.2.26/reload4j-1.2.26.jar:/home/runner/.m2/repository/com/github/jnr/jnr-constants/0.10.4/jnr-constants-0.10.4.jar:/home/runner/.m2/repository/com/github/jnr/jnr-posix/3.1.20/jnr-posix-3.1.20.jar:/home/runner/.m2/repository/com/github/jnr/jnr-ffi/2.2.17/jnr-ffi-2.2.17.jar:/home/runner/.m2/repository/com/github/jnr/jffi/1.3.13/jffi-1.3.13.jar:/home/runner/.m2/repository/com/github/jnr/jffi/1.3.13/jffi-1.3.13-native.jar:/home/runner/.m2/repository/org/ow2/asm/asm/9.7.1/asm-9.7.1.jar:/home/runner/.m2/repository/org/ow2/asm/asm-commons/9.7.1/asm-commons-9.7.1.jar:/home/runner/.m2/repository/org/ow2/asm/asm-analysis/9.7.1/asm-analysis-9.7.1.jar:/home/runner/.m2/repository/org/ow2/asm/asm-tree/9.7.1/asm-tree-9.7.1.jar:/home/runner/.m2/repository/org/ow2/asm/asm-util/9.7.1/asm-util-9.7.1.jar:/home/runner/.m2/repository/com/github/jnr/jnr-a64asm/1.0.0/jnr-a64asm-1.0.0.jar:/home/runner/.m2/repository/com/github/jnr/jnr-x86asm/1.0.2/jnr-x86asm-1.0.2.jar:/home/runner/.m2/repository/com/google/code/gson/gson/2.10.1/gson-2.10.1.jar:/home/runner/.m2/repository/commons-fileupload/commons-fileupload/1.5/commons-fileupload-1.5.jar:/home/runner/.m2/repository/io/grpc/grpc-api/1.58.0/grpc-api-1.58.0.jar:/home/runner/.m2/repository/io/prometheus/simpleclient/0.16.0/simpleclient-0.16.0.jar:/home/runner/.m2/repository/io/prometheus/simpleclient_common/0.16.0/simpleclient_common-0.16.0.jar:/home/runner/.m2/repository/io/prometheus/simpleclient_dropwizard/0.16.0/simpleclient_dropwizard-0.16.0.jar:/home/runner/.m2/repository/jakarta/ws/rs/jakarta.ws.rs-api/2.1.6/jakarta.ws.rs-api-2.1.6.jar:/home/runner/.m2/repository/javax/servlet/javax.servlet-api/3.1.0/javax.servlet-api-3.1.0.jar:/home/runner/.m2/repository/org/apache/commons/commons-compress/1.27.1/commons-compress-1.27.1.jar:/home/runner/.m2/repository/org/apache/commons/commons-configuration2/2.11.0/commons-configuration2-2.11.0.jar:/home/runner/.m2/repository/org/apache/hadoop/hadoop-auth/3.4.1/hadoop-auth-3.4.1.jar:/home/runner/.m2/repository/org/apache/logging/log4j/log4j-api/2.24.2/log4j-api-2.24.2.jar:/home/runner/.m2/repository/org/apache/logging/log4j/log4j-core/2.24.2/log4j-core-2.24.2.jar:/home/runner/work/ozone/ozone/hadoop-hdds/interface-server/target/hdds-interface-server-2.1.0-SNAPSHOT.jar:/home/runner/work/ozone/ozone/hadoop-hdds/managed-rocksdb/target/hdds-managed-rocksdb-2.1.0-SNAPSHOT.jar:/home/runner/work/ozone/ozone/hadoop-hdds/rocksdb-checkpoint-differ/target/rocksdb-checkpoint-differ-2.1.0-SNAPSHOT.jar:/home/runner/.m2/repository/com/github/vlsi/mxgraph/jgraphx/3.9.12/jgraphx-3.9.12.jar:/home/runner/work/ozone/ozone/hadoop-hdds/rocks-native/target/hdds-rocks-native-2.1.0-SNAPSHOT.jar:/home/runner/.m2/repository/org/jgrapht/jgrapht-core/1.4.0/jgrapht-core-1.4.0.jar:/home/runner/.m2/repository/org/jheaps/jheaps/0.11/jheaps-0.11.jar:/home/runner/.m2/repository/org/jgrapht/jgrapht-ext/1.4.0/jgrapht-ext-1.4.0.jar:/home/runner/.m2/repository/org/apache/ratis/ratis-metrics-api/3.1.2/ratis-metrics-api-3.1.2.jar:/home/runner/.m2/repository/org/apache/ratis/ratis-server/3.1.2/ratis-server-3.1.2.jar:/home/runner/.m2/repository/org/eclipse/jetty/jetty-http/9.4.57.v20241219/jetty-http-9.4.57.v20241219.jar:/home/runner/.m2/repository/org/eclipse/jetty/jetty-io/9.4.57.v20241219/jetty-io-9.4.57.v20241219.jar:/home/runner/.m2/repository/org/eclipse/jetty/jetty-server/9.4.57.v20241219/jetty-server-9.4.57.v20241219.jar:/home/runner/.m2/repository/org/eclipse/jetty/jetty-servlet/9.4.57.v20241219/jetty-servlet-9.4.57.v20241219.jar:/home/runner/.m2/repository/org/eclipse/jetty/jetty-security/9.4.57.v20241219/jetty-security-9.4.57.v20241219.jar:/home/runner/.m2/repository/org/eclipse/jetty/jetty-util-ajax/9.4.57.v20241219/jetty-util-ajax-9.4.57.v20241219.jar:/home/runner/.m2/repository/org/eclipse/jetty/jetty-util/9.4.57.v20241219/jetty-util-9.4.57.v20241219.jar:/home/runner/.m2/repository/org/eclipse/jetty/jetty-webapp/9.4.57.v20241219/jetty-webapp-9.4.57.v20241219.jar:/home/runner/.m2/repository/org/eclipse/jetty/jetty-xml/9.4.57.v20241219/jetty-xml-9.4.57.v20241219.jar:/home/runner/.m2/repository/org/glassfish/jersey/containers/jersey-container-servlet-core/2.46/jersey-container-servlet-core-2.46.jar:/home/runner/.m2/repository/org/glassfish/hk2/external/jakarta.inject/2.6.1/jakarta.inject-2.6.1.jar:/home/runner/.m2/repository/org/glassfish/jersey/core/jersey-server/2.46/jersey-server-2.46.jar:/home/runner/.m2/repository/org/glassfish/jersey/core/jersey-client/2.46/jersey-client-2.46.jar:/home/runner/.m2/repository/jakarta/validation/jakarta.validation-api/2.0.2/jakarta.validation-api-2.0.2.jar:/home/runner/.m2/repository/org/rocksdb/rocksdbjni/7.7.3/rocksdbjni-7.7.3.jar:/home/runner/.m2/repository/com/lmax/disruptor/3.4.4/disruptor-3.4.4.jar:/home/runner/.m2/repository/com/nimbusds/nimbus-jose-jwt/9.40/nimbus-jose-jwt-9.40.jar:/home/runner/.m2/repository/commons-cli/commons-cli/1.8.0/commons-cli-1.8.0.jar:/home/runner/.m2/repository/log4j/apache-log4j-extras/1.2.17/apache-log4j-extras-1.2.17.jar:/home/runner/.m2/repository/org/apache/kerby/kerb-core/1.0.1/kerb-core-1.0.1.jar:/home/runner/.m2/repository/org/apache/kerby/kerby-pkix/1.0.1/kerby-pkix-1.0.1.jar:/home/runner/.m2/repository/org/apache/kerby/kerby-asn1/1.0.1/kerby-asn1-1.0.1.jar:/home/runner/.m2/repository/org/apache/kerby/kerb-util/1.0.1/kerb-util-1.0.1.jar:/home/runner/.m2/repository/org/apache/kerby/kerby-config/1.0.1/kerby-config-1.0.1.jar:/home/runner/.m2/repository/org/apache/kerby/kerb-crypto/1.0.1/kerb-crypto-1.0.1.jar:/home/runner/.m2/repository/org/xerial/snappy/snappy-java/1.1.10.7/snappy-java-1.1.10.7.jar:/home/runner/work/ozone/ozone/hadoop-hdds/test-utils/target/hdds-test-utils-2.1.0-SNAPSHOT-tests.jar:/home/runner/work/ozone/ozone/hadoop-ozone/client/target/ozone-client-2.1.0-SNAPSHOT.jar:/home/runner/work/ozone/ozone/hadoop-hdds/client/target/hdds-client-2.1.0-SNAPSHOT.jar:/home/runner/work/ozone/ozone/hadoop-hdds/erasurecode/target/hdds-erasurecode-2.1.0-SNAPSHOT.jar:/home/runner/work/ozone/ozone/hadoop-ozone/common/target/ozone-common-2.1.0-SNAPSHOT.jar:/home/runner/.m2/repository/io/grpc/grpc-netty/1.58.0/grpc-netty-1.58.0.jar:/home/runner/.m2/repository/io/grpc/grpc-core/1.58.0/grpc-core-1.58.0.jar:/home/runner/.m2/repository/com/google/android/annotations/4.1.1.4/annotations-4.1.1.4.jar:/home/runner/.m2/repository/org/codehaus/mojo/animal-sniffer-annotations/1.23/animal-sniffer-annotations-1.23.jar:/home/runner/.m2/repository/io/grpc/grpc-context/1.58.0/grpc-context-1.58.0.jar:/home/runner/.m2/repository/io/grpc/grpc-util/1.58.0/grpc-util-1.58.0.jar:/home/runner/.m2/repository/io/perfmark/perfmark-api/0.26.0/perfmark-api-0.26.0.jar:/home/runner/.m2/repository/io/netty/netty-common/4.1.109.Final/netty-common-4.1.109.Final.jar:/home/runner/.m2/repository/io/netty/netty-handler-proxy/4.1.109.Final/netty-handler-proxy-4.1.109.Final.jar:/home/runner/.m2/repository/io/netty/netty-codec-socks/4.1.109.Final/netty-codec-socks-4.1.109.Final.jar:/home/runner/.m2/repository/org/apache/hadoop/hadoop-hdfs-client/3.4.1/hadoop-hdfs-client-3.4.1.jar:/home/runner/.m2/repository/io/netty/netty-tcnative-boringssl-static/2.0.65.Final/netty-tcnative-boringssl-static-2.0.65.Final.jar:/home/runner/.m2/repository/io/netty/netty-tcnative-classes/2.0.65.Final/netty-tcnative-classes-2.0.65.Final.jar:/home/runner/.m2/repository/io/netty/netty-tcnative-boringssl-static/2.0.65.Final/netty-tcnative-boringssl-static-2.0.65.Final-linux-x86_64.jar:/home/runner/.m2/repository/io/netty/netty-tcnative-boringssl-static/2.0.65.Final/netty-tcnative-boringssl-static-2.0.65.Final-linux-aarch_64.jar:/home/runner/.m2/repository/io/netty/netty-tcnative-boringssl-static/2.0.65.Final/netty-tcnative-boringssl-static-2.0.65.Final-osx-x86_64.jar:/home/runner/.m2/repository/io/netty/netty-tcnative-boringssl-static/2.0.65.Final/netty-tcnative-boringssl-static-2.0.65.Final-osx-aarch_64.jar:/home/runner/.m2/repository/io/netty/netty-tcnative-boringssl-static/2.0.65.Final/netty-tcnative-boringssl-static-2.0.65.Final-windows-x86_64.jar:/home/runner/work/ozone/ozone/hadoop-ozone/interface-client/target/ozone-interface-client-2.1.0-SNAPSHOT.jar:/home/runner/.m2/repository/io/grpc/grpc-protobuf/1.58.0/grpc-protobuf-1.58.0.jar:/home/runner/.m2/repository/com/google/api/grpc/proto-google-common-protos/2.22.0/proto-google-common-protos-2.22.0.jar:/home/runner/.m2/repository/io/grpc/grpc-protobuf-lite/1.58.0/grpc-protobuf-lite-1.58.0.jar:/home/runner/.m2/repository/io/grpc/grpc-stub/1.58.0/grpc-stub-1.58.0.jar:/home/runner/work/ozone/ozone/hadoop-ozone/mini-cluster/target/ozone-mini-cluster-2.1.0-SNAPSHOT.jar:/home/runner/work/ozone/ozone/hadoop-hdds/common/target/hdds-common-2.1.0-SNAPSHOT-tests.jar:/home/runner/work/ozone/ozone/hadoop-hdds/container-service/target/hdds-container-service-2.1.0-SNAPSHOT.jar:/home/runner/.m2/repository/com/github/luben/zstd-jni/1.5.7-3/zstd-jni-1.5.7-3.jar:/home/runner/.m2/repository/io/netty/netty-buffer/4.1.109.Final/netty-buffer-4.1.109.Final.jar:/home/runner/.m2/repository/io/netty/netty-codec/4.1.109.Final/netty-codec-4.1.109.Final.jar:/home/runner/.m2/repository/org/apache/hadoop/hadoop-hdfs/3.4.1/hadoop-hdfs-3.4.1.jar:/home/runner/.m2/repository/commons-daemon/commons-daemon/1.4.0/commons-daemon-1.4.0.jar:/home/runner/work/ozone/ozone/hadoop-hdds/server-scm/target/hdds-server-scm-2.1.0-SNAPSHOT.jar:/home/runner/work/ozone/ozone/hadoop-hdds/server-scm/target/hdds-server-scm-2.1.0-SNAPSHOT-tests.jar:/home/runner/work/ozone/ozone/hadoop-ozone/ozone-manager/target/ozone-manager-2.1.0-SNAPSHOT.jar:/home/runner/.m2/repository/com/sun/jersey/jersey-client/1.19.4/jersey-client-1.19.4.jar:/home/runner/.m2/repository/com/sun/jersey/jersey-core/1.19.4/jersey-core-1.19.4.jar:/home/runner/.m2/repository/javax/ws/rs/jsr311-api/1.1.1/jsr311-api-1.1.1.jar:/home/runner/work/ozone/ozone/hadoop-ozone/interface-storage/target/ozone-interface-storage-2.1.0-SNAPSHOT.jar:/home/runner/.m2/repository/org/apache/ranger/ranger-intg/2.6.0/ranger-intg-2.6.0.jar:/home/runner/.m2/repository/org/apache/ranger/ranger-plugins-common/2.6.0/ranger-plugins-common-2.6.0.jar:/home/runner/.m2/repository/com/fasterxml/jackson/jaxrs/jackson-jaxrs-base/2.16.2/jackson-jaxrs-base-2.16.2.jar:/home/runner/.m2/repository/com/fasterxml/jackson/jaxrs/jackson-jaxrs-json-provider/2.16.2/jackson-jaxrs-json-provider-2.16.2.jar:/home/runner/.m2/repository/com/kstruct/gethostname4j/1.0.0/gethostname4j-1.0.0.jar:/home/runner/.m2/repository/commons-lang/commons-lang/2.6/commons-lang-2.6.jar:/home/runner/.m2/repository/net/java/dev/jna/jna/5.2.0/jna-5.2.0.jar:/home/runner/.m2/repository/net/java/dev/jna/jna-platform/5.2.0/jna-platform-5.2.0.jar:/home/runner/.m2/repository/org/apache/ranger/ranger-plugin-classloader/2.6.0/ranger-plugin-classloader-2.6.0.jar:/home/runner/.m2/repository/org/apache/ranger/ranger-plugins-audit/2.6.0/ranger-plugins-audit-2.6.0.jar:/home/runner/.m2/repository/com/amazonaws/aws-java-sdk-logs/1.12.765/aws-java-sdk-logs-1.12.765.jar:/home/runner/.m2/repository/com/carrotsearch/hppc/0.8.0/hppc-0.8.0.jar:/home/runner/.m2/repository/io/airlift/aircompressor/0.27/aircompressor-0.27.jar:/home/runner/.m2/repository/org/apache/httpcomponents/httpasyncclient/4.1.4/httpasyncclient-4.1.4.jar:/home/runner/.m2/repository/org/apache/httpcomponents/httpcore-nio/4.4.16/httpcore-nio-4.4.16.jar:/home/runner/.m2/repository/org/apache/httpcomponents/httpmime/4.5.13/httpmime-4.5.13.jar:/home/runner/.m2/repository/org/apache/orc/orc-core/1.5.8/orc-core-1.5.8.jar:/home/runner/.m2/repository/org/apache/orc/orc-shims/1.5.8/orc-shims-1.5.8.jar:/home/runner/.m2/repository/org/eclipse/jetty/jetty-client/9.4.57.v20241219/jetty-client-9.4.57.v20241219.jar:/home/runner/.m2/repository/org/apache/ranger/ranger-plugins-cred/2.6.0/ranger-plugins-cred-2.6.0.jar:/home/runner/.m2/repository/org/aspectj/aspectjrt/1.9.7/aspectjrt-1.9.7.jar:/home/runner/.m2/repository/org/aspectj/aspectjweaver/1.9.7/aspectjweaver-1.9.7.jar:/home/runner/work/ozone/ozone/hadoop-ozone/recon/target/ozone-recon-2.1.0-SNAPSHOT.jar:/home/runner/.m2/repository/aopalliance/aopalliance/1.0/aopalliance-1.0.jar:/home/runner/.m2/repository/com/google/inject/guice/6.0.0/guice-6.0.0.jar:/home/runner/.m2/repository/jakarta/inject/jakarta.inject-api/2.0.1/jakarta.inject-api-2.0.1.jar:/home/runner/.m2/repository/com/google/inject/extensions/guice-assistedinject/6.0.0/guice-assistedinject-6.0.0.jar:/home/runner/.m2/repository/com/google/inject/extensions/guice-servlet/6.0.0/guice-servlet-6.0.0.jar:/home/runner/.m2/repository/com/jolbox/bonecp/0.8.0.RELEASE/bonecp-0.8.0.RELEASE.jar:/home/runner/.m2/repository/org/apache/derby/derby/10.14.2.0/derby-10.14.2.0.jar:/home/runner/work/ozone/ozone/hadoop-ozone/cli-admin/target/ozone-cli-admin-2.1.0-SNAPSHOT.jar:/home/runner/.m2/repository/org/glassfish/hk2/guice-bridge/2.6.1/guice-bridge-2.6.1.jar:/home/runner/.m2/repository/org/glassfish/jersey/containers/jersey-container-servlet/2.46/jersey-container-servlet-2.46.jar:/home/runner/.m2/repository/org/glassfish/jersey/media/jersey-media-json-jackson/2.46/jersey-media-json-jackson-2.46.jar:/home/runner/.m2/repository/org/glassfish/jersey/ext/jersey-entity-filtering/2.46/jersey-entity-filtering-2.46.jar:/home/runner/.m2/repository/org/jooq/jooq/3.11.10/jooq-3.11.10.jar:/home/runner/.m2/repository/org/jooq/jooq-codegen/3.11.10/jooq-codegen-3.11.10.jar:/home/runner/.m2/repository/org/jooq/jooq-meta/3.11.10/jooq-meta-3.11.10.jar:/home/runner/.m2/repository/org/springframework/spring-core/5.3.39/spring-core-5.3.39.jar:/home/runner/.m2/repository/org/springframework/spring-jdbc/5.3.39/spring-jdbc-5.3.39.jar:/home/runner/.m2/repository/org/springframework/spring-beans/5.3.39/spring-beans-5.3.39.jar:/home/runner/.m2/repository/org/springframework/spring-tx/5.3.39/spring-tx-5.3.39.jar:/home/runner/.m2/repository/org/xerial/sqlite-jdbc/3.49.1.0/sqlite-jdbc-3.49.1.0.jar:/home/runner/work/ozone/ozone/hadoop-ozone/recon-codegen/target/ozone-reconcodegen-2.1.0-SNAPSHOT.jar:/home/runner/work/ozone/ozone/hadoop-ozone/s3gateway/target/ozone-s3gateway-2.1.0-SNAPSHOT.jar:/home/runner/.m2/repository/com/fasterxml/jackson/dataformat/jackson-dataformat-xml/2.16.2/jackson-dataformat-xml-2.16.2.jar:/home/runner/.m2/repository/com/fasterxml/jackson/module/jackson-module-jaxb-annotations/2.16.2/jackson-module-jaxb-annotations-2.16.2.jar:/home/runner/.m2/repository/io/netty/netty-codec-http2/4.1.109.Final/netty-codec-http2-4.1.109.Final.jar:/home/runner/.m2/repository/io/netty/netty-codec-http/4.1.109.Final/netty-codec-http-4.1.109.Final.jar:/home/runner/.m2/repository/io/netty/netty-transport/4.1.109.Final/netty-transport-4.1.109.Final.jar:/home/runner/.m2/repository/io/netty/netty-resolver/4.1.109.Final/netty-resolver-4.1.109.Final.jar:/home/runner/.m2/repository/io/opentracing/opentracing-noop/0.33.0/opentracing-noop-0.33.0.jar:/home/runner/.m2/repository/javax/enterprise/cdi-api/2.0/cdi-api-2.0.jar:/home/runner/.m2/repository/javax/el/javax.el-api/3.0.0/javax.el-api-3.0.0.jar:/home/runner/.m2/repository/javax/interceptor/javax.interceptor-api/1.2/javax.interceptor-api-1.2.jar:/home/runner/.m2/repository/javax/inject/javax.inject/1/javax.inject-1.jar:/home/runner/.m2/repository/org/apache/httpcomponents/httpcore/4.4.16/httpcore-4.4.16.jar:/home/runner/.m2/repository/org/apache/kerby/kerby-util/1.0.1/kerby-util-1.0.1.jar:/home/runner/.m2/repository/org/glassfish/hk2/hk2-api/2.6.1/hk2-api-2.6.1.jar:/home/runner/.m2/repository/org/glassfish/hk2/hk2-utils/2.6.1/hk2-utils-2.6.1.jar:/home/runner/.m2/repository/org/glassfish/hk2/external/aopalliance-repackaged/2.6.1/aopalliance-repackaged-2.6.1.jar:/home/runner/.m2/repository/org/glassfish/jaxb/jaxb-runtime/2.3.9/jaxb-runtime-2.3.9.jar:/home/runner/.m2/repository/org/glassfish/jaxb/txw2/2.3.9/txw2-2.3.9.jar:/home/runner/.m2/repository/com/sun/istack/istack-commons-runtime/3.0.12/istack-commons-runtime-3.0.12.jar:/home/runner/.m2/repository/com/sun/activation/jakarta.activation/1.2.2/jakarta.activation-1.2.2.jar:/home/runner/.m2/repository/org/glassfish/jersey/core/jersey-common/2.46/jersey-common-2.46.jar:/home/runner/.m2/repository/org/glassfish/hk2/osgi-resource-locator/1.0.3/osgi-resource-locator-1.0.3.jar:/home/runner/.m2/repository/org/glassfish/jersey/ext/cdi/jersey-cdi1x/2.46/jersey-cdi1x-2.46.jar:/home/runner/.m2/repository/org/glassfish/jersey/inject/jersey-hk2/2.46/jersey-hk2-2.46.jar:/home/runner/.m2/repository/org/glassfish/hk2/hk2-locator/2.6.1/hk2-locator-2.6.1.jar:/home/runner/.m2/repository/org/glassfish/jersey/media/jersey-media-jaxb/2.46/jersey-media-jaxb-2.46.jar:/home/runner/.m2/repository/org/javassist/javassist/3.30.2-GA/javassist-3.30.2-GA.jar:/home/runner/.m2/repository/org/jboss/weld/servlet/weld-servlet-shaded/3.1.9.Final/weld-servlet-shaded-3.1.9.Final.jar:/home/runner/.m2/repository/org/apache/ratis/ratis-common/3.1.2/ratis-common-3.1.2.jar:/home/runner/.m2/repository/org/slf4j/slf4j-api/2.0.17/slf4j-api-2.0.17.jar:/home/runner/.m2/repository/software/amazon/awssdk/auth/2.31.25/auth-2.31.25.jar:/home/runner/.m2/repository/software/amazon/awssdk/annotations/2.31.25/annotations-2.31.25.jar:/home/runner/.m2/repository/software/amazon/awssdk/utils/2.31.25/utils-2.31.25.jar:/home/runner/.m2/repository/software/amazon/awssdk/identity-spi/2.31.25/identity-spi-2.31.25.jar:/home/runner/.m2/repository/software/amazon/awssdk/profiles/2.31.25/profiles-2.31.25.jar:/home/runner/.m2/repository/software/amazon/awssdk/http-client-spi/2.31.25/http-client-spi-2.31.25.jar:/home/runner/.m2/repository/software/amazon/awssdk/json-utils/2.31.25/json-utils-2.31.25.jar:/home/runner/.m2/repository/software/amazon/awssdk/third-party-jackson-core/2.31.25/third-party-jackson-core-2.31.25.jar:/home/runner/.m2/repository/software/amazon/awssdk/http-auth-aws/2.31.25/http-auth-aws-2.31.25.jar:/home/runner/.m2/repository/software/amazon/awssdk/http-auth-aws-eventstream/2.31.25/http-auth-aws-eventstream-2.31.25.jar:/home/runner/.m2/repository/software/amazon/awssdk/http-auth/2.31.25/http-auth-2.31.25.jar:/home/runner/.m2/repository/software/amazon/awssdk/http-auth-spi/2.31.25/http-auth-spi-2.31.25.jar:/home/runner/.m2/repository/software/amazon/eventstream/eventstream/1.0.1/eventstream-1.0.1.jar:/home/runner/.m2/repository/software/amazon/awssdk/aws-core/2.31.25/aws-core-2.31.25.jar:/home/runner/.m2/repository/software/amazon/awssdk/metrics-spi/2.31.25/metrics-spi-2.31.25.jar:/home/runner/.m2/repository/software/amazon/awssdk/endpoints-spi/2.31.25/endpoints-spi-2.31.25.jar:/home/runner/.m2/repository/software/amazon/awssdk/retries-spi/2.31.25/retries-spi-2.31.25.jar:/home/runner/.m2/repository/software/amazon/awssdk/retries/2.31.25/retries-2.31.25.jar:/home/runner/.m2/repository/software/amazon/awssdk/regions/2.31.25/regions-2.31.25.jar:/home/runner/.m2/repository/software/amazon/awssdk/s3/2.31.25/s3-2.31.25.jar:/home/runner/.m2/repository/software/amazon/awssdk/aws-xml-protocol/2.31.25/aws-xml-protocol-2.31.25.jar:/home/runner/.m2/repository/software/amazon/awssdk/aws-query-protocol/2.31.25/aws-query-protocol-2.31.25.jar:/home/runner/.m2/repository/software/amazon/awssdk/protocol-core/2.31.25/protocol-core-2.31.25.jar:/home/runner/.m2/repository/software/amazon/awssdk/arns/2.31.25/arns-2.31.25.jar:/home/runner/.m2/repository/software/amazon/awssdk/crt-core/2.31.25/crt-core-2.31.25.jar:/home/runner/.m2/repository/software/amazon/awssdk/checksums/2.31.25/checksums-2.31.25.jar:/home/runner/.m2/repository/software/amazon/awssdk/checksums-spi/2.31.25/checksums-spi-2.31.25.jar:/home/runner/.m2/repository/software/amazon/awssdk/apache-client/2.31.25/apache-client-2.31.25.jar:/home/runner/.m2/repository/software/amazon/awssdk/netty-nio-client/2.31.25/netty-nio-client-2.31.25.jar:/home/runner/.m2/repository/io/netty/netty-transport-classes-epoll/4.1.109.Final/netty-transport-classes-epoll-4.1.109.Final.jar:/home/runner/.m2/repository/software/amazon/awssdk/sdk-core/2.31.25/sdk-core-2.31.25.jar:/home/runner/.m2/repository/org/reactivestreams/reactive-streams/1.0.4/reactive-streams-1.0.4.jar:/home/runner/.m2/repository/org/assertj/assertj-core/3.27.3/assertj-core-3.27.3.jar:/home/runner/.m2/repository/net/bytebuddy/byte-buddy/1.15.11/byte-buddy-1.15.11.jar:/home/runner/.m2/repository/org/junit/jupiter/junit-jupiter-api/5.12.2/junit-jupiter-api-5.12.2.jar:/home/runner/.m2/repository/org/opentest4j/opentest4j/1.3.0/opentest4j-1.3.0.jar:/home/runner/.m2/repository/org/junit/platform/junit-platform-commons/1.12.2/junit-platform-commons-1.12.2.jar:/home/runner/.m2/repository/org/apiguardian/apiguardian-api/1.1.2/apiguardian-api-1.1.2.jar:/home/runner/.m2/repository/org/junit/jupiter/junit-jupiter-params/5.12.2/junit-jupiter-params-5.12.2.jar:/home/runner/.m2/repository/org/mockito/mockito-core/4.11.0/mockito-core-4.11.0.jar:/home/runner/.m2/repository/net/bytebuddy/byte-buddy-agent/1.12.19/byte-buddy-agent-1.12.19.jar:/home/runner/.m2/repository/org/objenesis/objenesis/3.3/objenesis-3.3.jar:/home/runner/.m2/repository/org/mockito/mockito-inline/4.11.0/mockito-inline-4.11.0.jar:/home/runner/.m2/repository/org/mockito/mockito-junit-jupiter/4.11.0/mockito-junit-jupiter-4.11.0.jar:/home/runner/work/ozone/ozone/hadoop-ozone/integration-test-s3/target/gradle-enterprise/test-listeners.jar:
STARTUP_MSG:   build = https://github.com/apache/ozone/d92f0ed87e7396665972628463cce3b55daa0626
STARTUP_MSG:   java = 21.0.7
STARTUP_MSG:   conf = {hadoop.hdds.db.rocksdb.WAL_size_limit_MB=0MB, hadoop.hdds.db.rocksdb.WAL_ttl_seconds=1200, hadoop.hdds.db.rocksdb.keep.log.file.num=10, hadoop.hdds.db.rocksdb.logging.enabled=false, hadoop.hdds.db.rocksdb.logging.level=INFO, hadoop.hdds.db.rocksdb.max.log.file.size=100MB, hadoop.hdds.db.rocksdb.writeoption.sync=false, hdds.block.token.enabled=false, hdds.block.token.expiry.time=1d, hdds.command.status.report.interval=30s, hdds.container.action.max.limit=20, hdds.container.balancer.balancing.iteration.interval=70m, hdds.container.balancer.datanodes.involved.max.percentage.per.iteration=20, hdds.container.balancer.iterations=10, hdds.container.balancer.move.networkTopology.enable=false, hdds.container.balancer.move.replication.timeout=50m, hdds.container.balancer.move.timeout=65m, hdds.container.balancer.size.entering.target.max=26GB, hdds.container.balancer.size.leaving.source.max=26GB, hdds.container.balancer.size.moved.max.per.iteration=500GB, hdds.container.balancer.trigger.du.before.move.enable=false, hdds.container.balancer.utilization.threshold=10, hdds.container.checksum.verification.enabled=true, hdds.container.chunk.write.sync=false, hdds.container.close.threshold=0.9f, hdds.container.ipc.port=9859, hdds.container.ipc.random.port=false, hdds.container.ratis.admin.port=9857, hdds.container.ratis.datastream.enabled=true, hdds.container.ratis.datastream.port=9855, hdds.container.ratis.datastream.random.port=false, hdds.container.ratis.enabled=false, hdds.container.ratis.ipc.port=9858, hdds.container.ratis.ipc.random.port=false, hdds.container.ratis.leader.pending.bytes.limit=1GB, hdds.container.ratis.log.appender.queue.byte-limit=32MB, hdds.container.ratis.log.appender.queue.num-elements=1024, hdds.container.ratis.log.purge.gap=1000000, hdds.container.ratis.log.queue.byte-limit=4GB, hdds.container.ratis.log.queue.num-elements=1024, hdds.container.ratis.num.container.op.executors=10, hdds.container.ratis.num.write.chunk.threads.per.volume=4, hdds.container.ratis.rpc.type=GRPC, hdds.container.ratis.segment.preallocated.size=4MB, hdds.container.ratis.segment.size=64MB, hdds.container.ratis.server.port=9856, hdds.container.ratis.statemachine.max.pending.apply-transactions=100000, hdds.container.ratis.statemachine.write.wait.interval=10m, hdds.container.ratis.statemachinedata.sync.timeout=10s, hdds.container.replication.compression=NO_COMPRESSION, hdds.container.report.interval=60m, hdds.container.scrub.data.scan.interval=7d, hdds.container.scrub.dev.data.scan.enabled=true, hdds.container.scrub.dev.metadata.scan.enabled=true, hdds.container.scrub.enabled=true, hdds.container.scrub.metadata.scan.interval=3h, hdds.container.scrub.min.gap=15m, hdds.container.scrub.on.demand.volume.bytes.per.second=5242880, hdds.container.scrub.volume.bytes.per.second=5242880, hdds.container.token.enabled=false, hdds.datanode.block.delete.command.worker.interval=2s, hdds.datanode.block.delete.max.lock.wait.timeout=100ms, hdds.datanode.block.delete.queue.limit=5, hdds.datanode.block.delete.threads.max=5, hdds.datanode.block.deleting.limit.per.interval=5000, hdds.datanode.block.deleting.max.lock.holding.time=1s, hdds.datanode.block.deleting.service.interval=60s, hdds.datanode.check.empty.container.dir.on.delete=false, hdds.datanode.chunk.data.validation.check=false, hdds.datanode.client.bind.host=0.0.0.0, hdds.datanode.client.port=19864, hdds.datanode.command.queue.limit=5000, hdds.datanode.container.close.threads.max=3, hdds.datanode.container.delete.threads.max=2, hdds.datanode.container.schema.v3.enabled=true, hdds.datanode.container.schema.v3.key.separator=|, hdds.datanode.delete.container.timeout=60s, hdds.datanode.df.refresh.period=5m, hdds.datanode.dir=file:///home/runner/work/ozone/ozone/hadoop-ozone/integration-test-s3/target/tmp/dfs/data, hdds.datanode.disk.check.io.failures.tolerated=1, hdds.datanode.disk.check.io.file.size=100B, hdds.datanode.disk.check.io.test.count=3, hdds.datanode.disk.check.min.gap=10m, hdds.datanode.disk.check.timeout=10m, hdds.datanode.dns.interface=default, hdds.datanode.dns.nameserver=default, hdds.datanode.du.refresh.period=1h, hdds.datanode.failed.data.volumes.tolerated=-1, hdds.datanode.failed.db.volumes.tolerated=-1, hdds.datanode.failed.metadata.volumes.tolerated=-1, hdds.datanode.handler.count=10, hdds.datanode.http-address=0.0.0.0:9882, hdds.datanode.http-bind-host=0.0.0.0, hdds.datanode.http.auth.kerberos.keytab=/etc/security/keytabs/HTTP.keytab, hdds.datanode.http.auth.kerberos.principal=HTTP/_HOST@REALM, hdds.datanode.http.auth.type=simple, hdds.datanode.http.enabled=true, hdds.datanode.https-address=0.0.0.0:9883, hdds.datanode.https-bind-host=0.0.0.0, hdds.datanode.metadata.rocksdb.cache.size=1GB, hdds.datanode.periodic.disk.check.interval.minutes=60, hdds.datanode.ratis.server.request.timeout=2m, hdds.datanode.read.chunk.threads.per.volume=10, hdds.datanode.read.threadpool=10, hdds.datanode.recovering.container.scrubbing.service.interval=1m, hdds.datanode.replication.outofservice.limit.factor=2.0, hdds.datanode.replication.port=9886, hdds.datanode.replication.queue.limit=4096, hdds.datanode.replication.streams.limit=10, hdds.datanode.rocksdb.auto-compaction-small-sst-file=true, hdds.datanode.rocksdb.auto-compaction-small-sst-file-num-threshold=512, hdds.datanode.rocksdb.auto-compaction-small-sst-file-size-threshold=1MB, hdds.datanode.rocksdb.auto-compaction-small-sst-file.interval.minutes=120, hdds.datanode.rocksdb.auto-compaction-small-sst-file.threads=1, hdds.datanode.rocksdb.delete-obsolete-files-period=1h, hdds.datanode.rocksdb.log.level=INFO, hdds.datanode.rocksdb.log.max-file-num=64, hdds.datanode.rocksdb.log.max-file-size=32MB, hdds.datanode.rocksdb.max-open-files=1024, hdds.datanode.slow.op.warning.threshold=500ms, hdds.datanode.storage.utilization.critical.threshold=0.95, hdds.datanode.storage.utilization.warning.threshold=0.75, hdds.datanode.use.datanode.hostname=false, hdds.datanode.volume.choosing.policy=org.apache.hadoop.ozone.container.common.volume.CapacityVolumeChoosingPolicy, hdds.datanode.volume.min.free.space=-1, hdds.datanode.volume.min.free.space.percent=-1, hdds.datanode.wait.on.all.followers=false, hdds.db.profile=DISK, hdds.grpc.tls.enabled=false, hdds.grpc.tls.provider=OPENSSL, hdds.heartbeat.initial-interval=2s, hdds.heartbeat.interval=1s, hdds.heartbeat.recon.initial-interval=60s, hdds.heartbeat.recon.interval=60s, hdds.key.algo=RSA, hdds.key.dir.name=keys, hdds.key.len=2048, hdds.node.report.interval=60000ms, hdds.pipeline.action.max.limit=20, hdds.pipeline.report.interval=60000ms, hdds.priv.key.file.name=private.pem, hdds.profiler.endpoint.enabled=false, hdds.prometheus.endpoint.enabled=true, hdds.public.key.file.name=public.pem, hdds.ratis.client.exponential.backoff.base.sleep=4s, hdds.ratis.client.exponential.backoff.max.retries=2147483647, hdds.ratis.client.exponential.backoff.max.sleep=40s, hdds.ratis.client.multilinear.random.retry.policy=5s, 5, 10s, 5, 15s, 5, 20s, 5, 25s, 5, 60s, 10, hdds.ratis.client.request.watch.timeout=3m, hdds.ratis.client.request.watch.type=ALL_COMMITTED, hdds.ratis.client.request.write.timeout=5m, hdds.ratis.client.retry.policy=org.apache.hadoop.hdds.ratis.retrypolicy.RequestTypeDependentRetryPolicyCreator, hdds.ratis.client.retrylimited.max.retries=180, hdds.ratis.client.retrylimited.retry.interval=1s, hdds.ratis.leader.election.minimum.timeout.duration=5s, hdds.ratis.raft.client.async.outstanding-requests.max=32, hdds.ratis.raft.client.rpc.request.timeout=60s, hdds.ratis.raft.client.rpc.watch.request.timeout=180s, hdds.ratis.raft.grpc.flow.control.window=5MB, hdds.ratis.raft.server.datastream.client.pool.size=10, hdds.ratis.raft.server.datastream.request.threads=20, hdds.ratis.raft.server.delete.ratis.log.directory=true, hdds.ratis.raft.server.leaderelection.pre-vote=true, hdds.ratis.raft.server.log.appender.wait-time.min=0us, hdds.ratis.raft.server.notification.no-leader.timeout=300s, hdds.ratis.raft.server.rpc.request.timeout=60s, hdds.ratis.raft.server.rpc.slowness.timeout=300s, hdds.ratis.raft.server.watch.timeout=30s, hdds.ratis.raft.server.write.element-limit=1024, hdds.ratis.server.num.snapshots.retained=5, hdds.ratis.server.retry-cache.timeout.duration=600000ms, hdds.ratis.snapshot.threshold=100000, hdds.scm.block.deleting.service.interval=60s, hdds.scm.block.deletion.per-interval.max=100000, hdds.scm.block.deletion.txn.dn.commit.map.limit=5000000, hdds.scm.ec.pipeline.choose.policy.impl=org.apache.hadoop.hdds.scm.pipeline.choose.algorithms.RandomPipelineChoosePolicy, hdds.scm.http.auth.kerberos.keytab=/etc/security/keytabs/HTTP.keytab, hdds.scm.http.auth.kerberos.principal=HTTP/_HOST@REALM, hdds.scm.http.auth.type=simple, hdds.scm.kerberos.keytab.file=/etc/security/keytabs/SCM.keytab, hdds.scm.kerberos.principal=SCM/_HOST@REALM, hdds.scm.pipeline.choose.policy.impl=org.apache.hadoop.hdds.scm.pipeline.choose.algorithms.RandomPipelineChoosePolicy, hdds.scm.replication.datanode.delete.container.limit=40, hdds.scm.replication.datanode.reconstruction.weight=3, hdds.scm.replication.datanode.replication.limit=20, hdds.scm.replication.event.timeout=12m, hdds.scm.replication.event.timeout.datanode.offset=6m, hdds.scm.replication.inflight.limit.factor=0.75, hdds.scm.replication.maintenance.remaining.redundancy=1, hdds.scm.replication.maintenance.replica.minimum=2, hdds.scm.replication.over.replicated.interval=30s, hdds.scm.replication.push=true, hdds.scm.replication.thread.interval=300s, hdds.scm.replication.under.replicated.interval=30s, hdds.scm.safemode.atleast.one.node.reported.pipeline.pct=0.90, hdds.scm.safemode.enabled=true, hdds.scm.safemode.healthy.pipeline.pct=0.10, hdds.scm.safemode.min.datanode=3, hdds.scm.safemode.pipeline.creation=true, hdds.scm.safemode.threshold.pct=0.99, hdds.scm.unknown-container.action=WARN, hdds.scm.wait.time.after.safemode.exit=3s, hdds.scmclient.failover.max.retry=15, hdds.scmclient.failover.retry.interval=2000ms, hdds.scmclient.max.retry.timeout=30000ms, hdds.scmclient.rpc.timeout=900000ms, hdds.secret.key.algorithm=HmacSHA256, hdds.secret.key.expiry.duration=7d, hdds.secret.key.file.name=secret_keys.json, hdds.secret.key.rotate.check.duration=10m, hdds.secret.key.rotate.duration=1d, hdds.security.client.datanode.container.protocol.acl=*, hdds.security.client.scm.block.protocol.acl=*, hdds.security.client.scm.certificate.protocol.acl=*, hdds.security.client.scm.container.protocol.acl=*, hdds.security.client.scm.secretkey.datanode.protocol.acl=*, hdds.security.client.scm.secretkey.om.protocol.acl=*, hdds.security.client.scm.secretkey.scm.protocol.acl=*, hdds.security.provider=BC, hdds.tracing.enabled=false, hdds.x509.ca.rotation.ack.timeout=PT15M, hdds.x509.ca.rotation.check.interval=P1D, hdds.x509.ca.rotation.enabled=false, hdds.x509.ca.rotation.time-of-day=02:00:00, hdds.x509.default.duration=P365D, hdds.x509.dir.name=certs, hdds.x509.expired.certificate.check.interval=P1D, hdds.x509.file.name=certificate.crt, hdds.x509.max.duration=P1865D, hdds.x509.renew.grace.duration=P28D, hdds.x509.rootca.certificate.polling.interval=PT2h, hdds.x509.signature.algorithm=SHA256withRSA, hdds.xframe.enabled=true, hdds.xframe.value=SAMEORIGIN, ozone.UnsafeByteOperations.enabled=true, ozone.acl.authorizer.class=org.apache.hadoop.ozone.security.acl.OzoneAccessAuthorizer, ozone.acl.enabled=false, ozone.block.deleting.service.interval=1m, ozone.block.deleting.service.timeout=300000ms, ozone.block.deleting.service.workers=10, ozone.chunk.read.buffer.default.size=1MB, ozone.chunk.read.mapped.buffer.max.count=0, ozone.chunk.read.mapped.buffer.threshold=32KB, ozone.client.bucket.replication.config.refresh.time.ms=30000, ozone.client.bytes.per.checksum=16KB, ozone.client.checksum.combine.mode=COMPOSITE_CRC, ozone.client.checksum.type=CRC32, ozone.client.connection.timeout=5000ms, ozone.client.datastream.buffer.flush.size=4MB, ozone.client.datastream.min.packet.size=256KB, ozone.client.datastream.pipeline.mode=true, ozone.client.datastream.window.size=8MB, ozone.client.ec.grpc.retries.enabled=true, ozone.client.ec.grpc.retries.max=3, ozone.client.ec.grpc.write.timeout=30s, ozone.client.ec.reconstruct.stripe.read.pool.limit=30, ozone.client.ec.reconstruct.stripe.write.pool.limit=30, ozone.client.ec.stripe.queue.size=2, ozone.client.exclude.nodes.expiry.time=600000, ozone.client.failover.max.attempts=500, ozone.client.fs.default.bucket.layout=FILE_SYSTEM_OPTIMIZED, ozone.client.hbase.enhancements.allowed=false, ozone.client.incremental.chunk.list=false, ozone.client.key.latest.version.location=true, ozone.client.key.provider.cache.expiry=10d, ozone.client.key.write.concurrency=1, ozone.client.list.cache=1000, ozone.client.max.ec.stripe.write.retries=10, ozone.client.max.retries=5, ozone.client.read.max.retries=3, ozone.client.read.retry.interval=1, ozone.client.read.timeout=30s, ozone.client.retry.interval=0, ozone.client.server-defaults.validity.period.ms=3600000, ozone.client.socket.timeout=5000ms, ozone.client.stream.buffer.flush.delay=true, ozone.client.stream.buffer.flush.size=1MB, ozone.client.stream.buffer.increment=0B, ozone.client.stream.buffer.max.size=2MB, ozone.client.stream.buffer.size=1MB, ozone.client.stream.putblock.piggybacking=false, ozone.client.verify.checksum=true, ozone.client.wait.between.retries.millis=2000, ozone.compaction.service.enabled=false, ozone.container.cache.lock.stripes=1024, ozone.container.cache.size=1024, ozone.directory.deleting.service.interval=1m, ozone.filesystem.snapshot.enabled=true, ozone.freon.http-address=0.0.0.0:9884, ozone.freon.http-bind-host=0.0.0.0, ozone.freon.http.auth.kerberos.keytab=/etc/security/keytabs/HTTP.keytab, ozone.freon.http.auth.kerberos.principal=HTTP/_HOST@REALM, ozone.freon.http.auth.type=simple, ozone.freon.http.enabled=true, ozone.freon.https-address=0.0.0.0:9885, ozone.freon.https-bind-host=0.0.0.0, ozone.fs.datastream.auto.threshold=0MB, ozone.fs.datastream.enabled=true, ozone.fs.hsync.enabled=false, ozone.fs.iterate.batch-size=100, ozone.fs.listing.page.size=1024, ozone.fs.listing.page.size.max=5000, ozone.hbase.enhancements.allowed=false, ozone.http.basedir=/home/runner/work/ozone/ozone/hadoop-ozone/integration-test-s3/ozone_http_tmp_base_dir4276759210426169468, ozone.http.policy=HTTP_ONLY, ozone.https.client.keystore.resource=ssl-client.xml, ozone.https.client.need-auth=false, ozone.https.server.keystore.resource=ssl-server.xml, ozone.key.deleting.limit.per.task=20000, ozone.key.preallocation.max.blocks=64, ozone.manager.delegation.remover.scan.interval=3600000, ozone.manager.delegation.token.max-lifetime=7d, ozone.manager.delegation.token.renew-interval=1d, ozone.metadata.dirs=/home/runner/work/ozone/ozone/hadoop-ozone/integration-test-s3/target/test-dir/MiniOzoneClusterImpl-3d63a36f-1eaa-4b4c-95b9-e111fcfd97b0/ozone-meta, ozone.metadata.dirs.permissions=750, ozone.metastore.rocksdb.cf.write.buffer.size=128MB, ozone.metastore.rocksdb.statistics=OFF, ozone.network.flexible.fqdn.resolution.enabled=false, ozone.network.jvm.address.cache.enabled=true, ozone.network.topology.aware.read=true, ozone.om.address=localhost:15006, ozone.om.admin.protocol.max.retries=20, ozone.om.admin.protocol.wait.between.retries=1000, ozone.om.client.rpc.timeout=15m, ozone.om.client.trash.core.pool.size=5, ozone.om.compaction.service.columnfamilies=keyTable,fileTable,directoryTable,deletedTable,deletedDirectoryTable,multipartInfoTable, ozone.om.compaction.service.run.interval=6h, ozone.om.compaction.service.timeout=10m, ozone.om.container.location.cache.size=100000, ozone.om.container.location.cache.ttl=360m, ozone.om.db.dirs.permissions=750, ozone.om.db.max.open.files=-1, ozone.om.delta.update.data.size.max.limit=1024MB, ozone.om.edekcacheloader.initial.delay.ms=3000, ozone.om.edekcacheloader.interval.ms=1000, ozone.om.edekcacheloader.max-retries=10, ozone.om.enable.filesystem.paths=false, ozone.om.enable.ofs.shared.tmp.dir=false, ozone.om.fs.snapshot.max.limit=1000, ozone.om.group.rights=READ, LIST, ozone.om.grpc.bossgroup.size=8, ozone.om.grpc.maximum.response.length=134217728, ozone.om.grpc.port=8981, ozone.om.grpc.read.thread.num=32, ozone.om.grpc.workergroup.size=32, ozone.om.ha.raft.server.log.appender.wait-time.min=0ms, ozone.om.ha.raft.server.retrycache.expirytime=300s, ozone.om.handler.count.key=20, ozone.om.http-address=0.0.0.0:15007, ozone.om.http-bind-host=0.0.0.0, ozone.om.http.auth.kerberos.keytab=/etc/security/keytabs/HTTP.keytab, ozone.om.http.auth.kerberos.principal=HTTP/_HOST@REALM, ozone.om.http.auth.type=simple, ozone.om.http.enabled=true, ozone.om.https-address=127.0.0.1:15008, ozone.om.https-bind-host=0.0.0.0, ozone.om.kerberos.keytab.file=/etc/security/keytabs/OM.keytab, ozone.om.kerberos.principal=OM/_HOST@REALM, ozone.om.kerberos.principal.pattern=*, ozone.om.key.path.lock.enabled=false, ozone.om.keyname.character.check.enabled=false, ozone.om.leader.election.minimum.timeout.duration=5s, ozone.om.lease.hard.limit=7d, ozone.om.lease.soft.limit=60s, ozone.om.lock.fair=false, ozone.om.max.buckets=100000, ozone.om.multitenancy.enabled=false, ozone.om.multitenancy.ranger.sync.interval=10m, ozone.om.multitenancy.ranger.sync.timeout=10s, ozone.om.namespace.s3.strict=true, ozone.om.network.topology.refresh.duration=1h, ozone.om.open.key.cleanup.limit.per.task=1000, ozone.om.open.key.cleanup.service.interval=24h, ozone.om.open.key.cleanup.service.timeout=300s, ozone.om.open.key.expire.threshold=7d, ozone.om.open.mpu.cleanup.service.interval=24h, ozone.om.open.mpu.cleanup.service.timeout=300s, ozone.om.open.mpu.expire.threshold=30d, ozone.om.open.mpu.parts.cleanup.limit.per.task=1000, ozone.om.ratis.log.appender.queue.byte-limit=4MB, ozone.om.ratis.log.appender.queue.num-elements=1024, ozone.om.ratis.log.purge.gap=1000000, ozone.om.ratis.log.purge.preservation.log.num=0, ozone.om.ratis.log.purge.upto.snapshot.index=true, ozone.om.ratis.minimum.timeout=1s, ozone.om.ratis.port=15009, ozone.om.ratis.rpc.type=GRPC, ozone.om.ratis.segment.preallocated.size=4MB, ozone.om.ratis.segment.size=4MB, ozone.om.ratis.server.close.threshold=60s, ozone.om.ratis.server.failure.timeout.duration=120s, ozone.om.ratis.server.leaderelection.pre-vote=true, ozone.om.ratis.server.request.timeout=3s, ozone.om.ratis.server.retry.cache.timeout=600000ms, ozone.om.ratis.snapshot.max.total.sst.size=100000000, ozone.om.read.threadpool=10, ozone.om.s3.grpc.server_enabled=false, ozone.om.save.metrics.interval=5m, ozone.om.security.admin.protocol.acl=*, ozone.om.security.client.protocol.acl=*, ozone.om.server.list.max.size=1000, ozone.om.snapshot.cache.cleanup.service.run.interval=1m, ozone.om.snapshot.cache.max.size=10, ozone.om.snapshot.checkpoint.dir.creation.poll.timeout=20s, ozone.om.snapshot.compaction.dag.max.time.allowed=30d, ozone.om.snapshot.compaction.dag.prune.daemon.run.interval=3600s, ozone.om.snapshot.db.max.open.files=100, ozone.om.snapshot.diff.cleanup.service.run.interval=1m, ozone.om.snapshot.diff.cleanup.service.timeout=5m, ozone.om.snapshot.diff.disable.native.libs=false, ozone.om.snapshot.diff.job.default.wait.time=1s, ozone.om.snapshot.diff.job.report.persistent.time=7d, ozone.om.snapshot.diff.max.allowed.keys.changed.per.job=10000000, ozone.om.snapshot.diff.max.jobs.purge.per.task=100, ozone.om.snapshot.diff.max.page.size=1000, ozone.om.snapshot.diff.thread.pool.size=10, ozone.om.snapshot.force.full.diff=false, ozone.om.snapshot.load.native.lib=true, ozone.om.snapshot.provider.connection.timeout=5000s, ozone.om.snapshot.provider.request.timeout=300000ms, ozone.om.snapshot.provider.socket.timeout=5000s, ozone.om.snapshot.rocksdb.metrics.enabled=false, ozone.om.transport.class=org.apache.hadoop.ozone.om.protocolPB.Hadoop3OmTransportFactory, ozone.om.unflushed.transaction.max.count=10000, ozone.om.upgrade.finalization.ratis.based.timeout=30s, ozone.om.upgrade.quota.recalculate.enabled=true, ozone.om.user.max.volume=1024, ozone.om.user.rights=ALL, ozone.om.volume.listall.allowed=true, ozone.recon.containerkey.flush.db.max.threshold=150000, ozone.recon.db.dirs.permissions=750, ozone.recon.heatmap.enable=false, ozone.recon.http-address=0.0.0.0:9888, ozone.recon.http-bind-host=0.0.0.0, ozone.recon.http.auth.kerberos.keytab=/etc/security/keytabs/HTTP.keytab, ozone.recon.http.auth.kerberos.principal=HTTP/_HOST@REALM, ozone.recon.http.auth.type=simple, ozone.recon.http.enabled=true, ozone.recon.https-address=0.0.0.0:9889, ozone.recon.https-bind-host=0.0.0.0, ozone.recon.nssummary.flush.db.max.threshold=150000, ozone.recon.om.connection.request.timeout=5000, ozone.recon.om.connection.timeout=5s, ozone.recon.om.snapshot.task.flush.param=false, ozone.recon.om.snapshot.task.initial.delay=1m, ozone.recon.om.snapshot.task.interval.delay=5s, ozone.recon.om.socket.timeout=5s, ozone.recon.scm.connection.request.timeout=5s, ozone.recon.scm.connection.timeout=5s, ozone.recon.scm.container.threshold=100, ozone.recon.scm.snapshot.enabled=true, ozone.recon.scm.snapshot.task.initial.delay=1m, ozone.recon.scm.snapshot.task.interval.delay=24h, ozone.recon.scmclient.failover.max.retry=3, ozone.recon.scmclient.max.retry.timeout=6s, ozone.recon.scmclient.rpc.timeout=1m, ozone.recon.security.client.datanode.container.protocol.acl=*, ozone.recon.sql.db.auto.commit=true, ozone.recon.sql.db.conn.idle.max.age=3600s, ozone.recon.sql.db.conn.idle.test=SELECT 1, ozone.recon.sql.db.conn.idle.test.period=60s, ozone.recon.sql.db.conn.max.active=5, ozone.recon.sql.db.conn.max.age=1800s, ozone.recon.sql.db.conn.timeout=30000ms, ozone.recon.sql.db.driver=org.apache.derby.jdbc.EmbeddedDriver, ozone.recon.sql.db.jdbc.url=jdbc:derby:${ozone.recon.db.dir}/ozone_recon_derby.db, ozone.recon.sql.db.jooq.dialect=DERBY, ozone.recon.task.containercounttask.interval=60s, ozone.recon.task.missingcontainer.interval=300s, ozone.recon.task.pipelinesync.interval=300s, ozone.recon.task.safemode.wait.threshold=300s, ozone.recon.task.thread.count=1, ozone.replication.allowed-configs=^((STANDALONE|RATIS)/(ONE|THREE))|(EC/(3-2|6-3|10-4)-(512|1024|2048|4096)k)$, ozone.rest.client.http.connection.max=100, ozone.rest.client.http.connection.per-route.max=20, ozone.s3g.client.buffer.size=4MB, ozone.s3g.default.bucket.layout=OBJECT_STORE, ozone.s3g.http-address=127.0.0.1:15050, ozone.s3g.http-bind-host=0.0.0.0, ozone.s3g.http.auth.kerberos.keytab=/etc/security/keytabs/HTTP.keytab, ozone.s3g.http.auth.kerberos.principal=HTTP/_HOST@REALM, ozone.s3g.http.auth.type=simple, ozone.s3g.http.enabled=true, ozone.s3g.https-address=127.0.0.1:15051, ozone.s3g.kerberos.keytab.file=/etc/security/keytabs/s3g.keytab, ozone.s3g.kerberos.principal=s3g/_HOST@REALM, ozone.s3g.list-keys.shallow.enabled=true, ozone.s3g.metrics.percentiles.intervals.seconds=60, ozone.s3g.secret.http.auth.type=kerberos, ozone.s3g.secret.http.enabled=false, ozone.s3g.volume.name=s3v, ozone.s3g.webadmin.http-address=0.0.0.0:19878, ozone.s3g.webadmin.http-bind-host=0.0.0.0, ozone.s3g.webadmin.http.enabled=true, ozone.s3g.webadmin.https-address=0.0.0.0:19879, ozone.scm.block.client.address=0.0.0.0:15001, ozone.scm.block.client.bind.host=0.0.0.0, ozone.scm.block.client.port=9863, ozone.scm.block.deletion.max.retry=4096, ozone.scm.block.handler.count.key=100, ozone.scm.block.read.threadpool=10, ozone.scm.block.size=4MB, ozone.scm.ca.list.retry.interval=10s, ozone.scm.chunk.size=1MB, ozone.scm.client.address=0.0.0.0:15000, ozone.scm.client.bind.host=0.0.0.0, ozone.scm.client.handler.count.key=100, ozone.scm.client.port=9860, ozone.scm.client.read.threadpool=10, ozone.scm.close.container.wait.duration=1s, ozone.scm.container.layout=FILE_PER_BLOCK, ozone.scm.container.list.max.count=4096, ozone.scm.container.lock.stripes=512, ozone.scm.container.placement.ec.impl=org.apache.hadoop.hdds.scm.container.placement.algorithms.SCMContainerPlacementRackScatter, ozone.scm.container.placement.impl=org.apache.hadoop.hdds.scm.container.placement.algorithms.SCMContainerPlacementRackAware, ozone.scm.container.size=128MB, ozone.scm.datanode.address=0.0.0.0:15002, ozone.scm.datanode.admin.monitor.interval=30s, ozone.scm.datanode.admin.monitor.logging.limit=1000, ozone.scm.datanode.disallow.same.peers=false, ozone.scm.datanode.handler.count.key=100, ozone.scm.datanode.pipeline.limit=2, ozone.scm.datanode.port=9861, ozone.scm.datanode.ratis.volume.free-space.min=1GB, ozone.scm.datanode.read.threadpool=10, ozone.scm.db.dirs.permissions=750, ozone.scm.dead.node.interval=10m, ozone.scm.ec.pipeline.minimum=5, ozone.scm.ec.pipeline.per.volume.factor=1, ozone.scm.event.ContainerReport.thread.pool.size=10, ozone.scm.expired.container.replica.op.scrub.interval=5m, ozone.scm.grpc.port=15005, ozone.scm.ha.dbtransactionbuffer.flush.interval=600s, ozone.scm.ha.grpc.deadline.interval=30m, ozone.scm.ha.raft.server.log.appender.wait-time.min=0ms, ozone.scm.ha.raft.server.rpc.first-election.timeout=1s, ozone.scm.ha.ratis.leader.election.timeout=5s, ozone.scm.ha.ratis.leader.ready.check.interval=2s, ozone.scm.ha.ratis.leader.ready.wait.timeout=60s, ozone.scm.ha.ratis.log.appender.queue.byte-limit=4MB, ozone.scm.ha.ratis.log.appender.queue.num-elements=1024, ozone.scm.ha.ratis.log.purge.enabled=false, ozone.scm.ha.ratis.log.purge.gap=1000000, ozone.scm.ha.ratis.request.timeout=30s, ozone.scm.ha.ratis.rpc.type=GRPC, ozone.scm.ha.ratis.segment.preallocated.size=4MB, ozone.scm.ha.ratis.segment.size=4MB, ozone.scm.ha.ratis.server.failure.timeout.duration=120s, ozone.scm.ha.ratis.server.leaderelection.pre-vote=true, ozone.scm.ha.ratis.server.retry.cache.timeout=60s, ozone.scm.ha.ratis.server.snapshot.creation.gap=1024, ozone.scm.ha.ratis.snapshot.threshold=1000, ozone.scm.handler.count.key=20, ozone.scm.heartbeat.log.warn.interval.count=10, ozone.scm.heartbeat.rpc-retry-count=15, ozone.scm.heartbeat.rpc-retry-interval=1s, ozone.scm.heartbeat.rpc-timeout=5s, ozone.scm.heartbeat.thread.interval=100ms, ozone.scm.http-address=0.0.0.0:15003, ozone.scm.http-bind-host=0.0.0.0, ozone.scm.http.enabled=true, ozone.scm.https-address=0.0.0.0:9877, ozone.scm.https-bind-host=0.0.0.0, ozone.scm.info.wait.duration=10m, ozone.scm.keyvalue.container.deletion-choosing.policy=org.apache.hadoop.ozone.container.common.impl.TopNOrderedContainerDeletionChoosingPolicy, ozone.scm.names=0.0.0.0:15002, ozone.scm.network.topology.schema.file=network-topology-default.xml, ozone.scm.pipeline.allocated.timeout=5m, ozone.scm.pipeline.creation.auto.factor.one=false, ozone.scm.pipeline.creation.interval=120s, ozone.scm.pipeline.destroy.timeout=66s, ozone.scm.pipeline.leader-choose.policy=org.apache.hadoop.hdds.scm.pipeline.leader.choose.algorithms.MinLeaderCountChoosePolicy, ozone.scm.pipeline.owner.container.count=3, ozone.scm.pipeline.per.metadata.disk=2, ozone.scm.pipeline.scrub.interval=5m, ozone.scm.ratis.pipeline.limit=3, ozone.scm.ratis.port=15004, ozone.scm.security.handler.count.key=2, ozone.scm.security.read.threadpool=1, ozone.scm.security.service.bind.host=0.0.0.0, ozone.scm.security.service.port=9961, ozone.scm.sequence.id.batch.size=1000, ozone.scm.skip.bootstrap.validation=false, ozone.scm.stale.node.interval=5m, ozone.security.crypto.compliance.mode=unrestricted, ozone.security.enabled=false, ozone.security.http.kerberos.enabled=false, ozone.security.reconfigure.protocol.acl=*, ozone.server.default.replication=3, ozone.server.default.replication.type=RATIS, ozone.service.shutdown.timeout=60s, ozone.snapshot.deep.cleaning.enabled=false, ozone.snapshot.deleting.limit.per.task=10, ozone.snapshot.deleting.service.interval=30s, ozone.snapshot.deleting.service.timeout=300s, ozone.snapshot.directory.service.interval=24h, ozone.snapshot.directory.service.timeout=300s, ozone.snapshot.filtering.limit.per.task=2, ozone.snapshot.filtering.service.interval=1m, ozone.snapshot.key.deleting.limit.per.task=20000, ozone.sst.filtering.service.timeout=300000ms, ozone.volume.io.percentiles.intervals.seconds=60, ozone.xceiver.client.metrics.percentiles.intervals.seconds=60, recon.om.delta.update.lag.threshold=0, recon.om.delta.update.limit=50000, rpc.engine.org.apache.hadoop.hdds.protocolPB.ReconfigureProtocolOmPB=org.apache.hadoop.ipc.ProtobufRpcEngine, rpc.engine.org.apache.hadoop.hdds.protocolPB.ReconfigureProtocolPB=org.apache.hadoop.ipc.ProtobufRpcEngine, rpc.engine.org.apache.hadoop.hdds.scm.protocolPB.ScmBlockLocationProtocolPB=org.apache.hadoop.ipc.ProtobufRpcEngine, rpc.engine.org.apache.hadoop.hdds.scm.protocolPB.StorageContainerLocationProtocolPB=org.apache.hadoop.ipc.ProtobufRpcEngine, rpc.engine.org.apache.hadoop.ozone.om.protocolPB.OMAdminProtocolPB=org.apache.hadoop.ipc.ProtobufRpcEngine, rpc.engine.org.apache.hadoop.ozone.om.protocolPB.OMInterServiceProtocolPB=org.apache.hadoop.ipc.ProtobufRpcEngine, rpc.engine.org.apache.hadoop.ozone.om.protocolPB.OzoneManagerProtocolPB=org.apache.hadoop.ipc.ProtobufRpcEngine, rpc.engine.org.apache.hadoop.ozone.protocolPB.StorageContainerDatanodeProtocolPB=org.apache.hadoop.ipc.ProtobufRpcEngine, scm.container.client.idle.threshold=10s, scm.container.client.max.size=256, test.scm.client.address=localhost, test.scm.client.bind.host=0.0.0.0, test.scm.client.class=java.lang.Object, test.scm.client.compression.enabled=true, test.scm.client.duration=1h, test.scm.client.enabled=true, test.scm.client.port=9878, test.scm.client.threshold=10, test.scm.client.wait=30m}
************************************************************/
2025-05-12 14:24:50,206 [main] INFO  s3.Gateway (SignalLogger.java:register(99)) - registered UNIX signal handlers for [SIGHUP, SIGINT, SIGTERM]
2025-05-12 14:24:50,215 [main] INFO  s3.Gateway (Gateway.java:start(102)) - Starting Ozone S3 gateway
2025-05-12 14:24:50,215 [main] INFO  impl.MetricsSystemImpl (MetricsSystemImpl.java:init(158)) - S3Gateway metrics system started (again)
2025-05-12 14:24:50,223 [JvmPauseMonitor6] INFO  util.JvmPauseMonitor (JvmPauseMonitor.java:run(146)) - JvmPauseMonitor-S3G: Started
2025-05-12 14:24:50,223 [main] INFO  http.HttpServer2 (HttpServer2.java:bindListener(1242)) - Jetty bound to port 15050
2025-05-12 14:24:50,223 [main] INFO  server.Server (Server.java:doStart(375)) - jetty-9.4.57.v20241219; built: 2025-01-08T21:24:30.412Z; git: df524e6b29271c2e09ba9aea83c18dc9db464a31; jvm 21.0.7+6-LTS
2025-05-12 14:24:50,318 [IPC Server handler 3 on default port 15002] INFO  net.NetworkTopologyImpl (NetworkTopologyImpl.java:add(133)) - Added a new node: /default-rack/854da54c-a3b1-4b54-a80c-9675284bfbe1
2025-05-12 14:24:50,319 [IPC Server handler 3 on default port 15002] INFO  node.SCMNodeManager (SCMNodeManager.java:register(426)) - Registered datanode: 854da54c-a3b1-4b54-a80c-9675284bfbe1{ip: 127.0.0.1, host: localhost, ports: [HTTP=15018, CLIENT_RPC=15019, REPLICATION=15025, RATIS=15021, RATIS_ADMIN=15022, RATIS_SERVER=15023, RATIS_DATASTREAM=15024, STANDALONE=15020], networkLocation: /default-rack, certSerialId: null, persistedOpState: null, persistedOpStateExpiryEpochSec: 0}
2025-05-12 14:24:50,319 [EventQueue-NewNodeForNewNodeHandler] INFO  pipeline.BackgroundPipelineCreator (BackgroundPipelineCreator.java:notifyEventTriggered(290)) - trigger a one-shot run on RatisPipelineUtilsThread.
2025-05-12 14:24:50,319 [EventQueue-NodeRegistrationContainerReportForDataNodeSafeModeRule] INFO  safemode.SCMSafeModeManager (DataNodeSafeModeRule.java:process(79)) - SCM in safe mode. 2 DataNodes registered, 3 required.
2025-05-12 14:24:50,320 [EventQueue-ContainerRegistrationReportForRatisContainerSafeModeRule] INFO  safemode.SCMSafeModeManager (SCMSafeModeManager.java:validateSafeModeExitRules(140)) - RatisContainerSafeModeRule rule is successfully validated
2025-05-12 14:24:50,320 [EventQueue-PipelineReportForOneReplicaPipelineSafeModeRule] INFO  safemode.SCMSafeModeManager (SCMSafeModeManager.java:validateSafeModeExitRules(140)) - AtleastOneDatanodeReportedRule rule is successfully validated
2025-05-12 14:24:50,320 [EventQueue-ContainerRegistrationReportForECContainerSafeModeRule] INFO  safemode.SCMSafeModeManager (SCMSafeModeManager.java:validateSafeModeExitRules(140)) - ECContainerSafeModeRule rule is successfully validated
2025-05-12 14:24:50,341 [989f19d6-a352-4b52-85f3-a7ae8da1c7fa-EndpointStateMachineTaskThread-/0.0.0.0:15002-0 ] INFO  utils.DatanodeStoreCache (DatanodeStoreCache.java:addDB(70)) - Added db /home/runner/work/ozone/ozone/hadoop-ozone/integration-test-s3/target/test-dir/MiniOzoneClusterImpl-3d63a36f-1eaa-4b4c-95b9-e111fcfd97b0/ozone-meta/datanode-4/data-0/hdds/3d63a36f-1eaa-4b4c-95b9-e111fcfd97b0/DS-1f04f504-360d-4fae-96cb-07c1b0a99279/container.db to cache
2025-05-12 14:24:50,341 [989f19d6-a352-4b52-85f3-a7ae8da1c7fa-EndpointStateMachineTaskThread-/0.0.0.0:15002-0 ] INFO  volume.HddsVolume (HddsVolume.java:createDbStore(510)) - SchemaV3 db is created and loaded at /home/runner/work/ozone/ozone/hadoop-ozone/integration-test-s3/target/test-dir/MiniOzoneClusterImpl-3d63a36f-1eaa-4b4c-95b9-e111fcfd97b0/ozone-meta/datanode-4/data-0/hdds/3d63a36f-1eaa-4b4c-95b9-e111fcfd97b0/DS-1f04f504-360d-4fae-96cb-07c1b0a99279/container.db for volume DS-1f04f504-360d-4fae-96cb-07c1b0a99279
2025-05-12 14:24:50,343 [main] INFO  server.session (DefaultSessionIdManager.java:doStart(334)) - DefaultSessionIdManager workerName=node0
2025-05-12 14:24:50,344 [main] INFO  server.session (DefaultSessionIdManager.java:doStart(339)) - No SessionScavenger set, using defaults
2025-05-12 14:24:50,344 [main] INFO  server.session (HouseKeeper.java:startScavenging(132)) - node0 Scavenging every 660000ms
2025-05-12 14:24:50,344 [989f19d6-a352-4b52-85f3-a7ae8da1c7fa-ContainerReader-0] INFO  ozoneimpl.ContainerReader (ContainerReader.java:readVolume(144)) - Start to verify containers on volume /home/runner/work/ozone/ozone/hadoop-ozone/integration-test-s3/target/test-dir/MiniOzoneClusterImpl-3d63a36f-1eaa-4b4c-95b9-e111fcfd97b0/ozone-meta/datanode-4/data-0/hdds
2025-05-12 14:24:50,344 [989f19d6-a352-4b52-85f3-a7ae8da1c7fa-ContainerReader-0] INFO  ozoneimpl.ContainerReader (ContainerReader.java:readVolume(174)) - Finish verifying containers on volume /home/runner/work/ozone/ozone/hadoop-ozone/integration-test-s3/target/test-dir/MiniOzoneClusterImpl-3d63a36f-1eaa-4b4c-95b9-e111fcfd97b0/ozone-meta/datanode-4/data-0/hdds
2025-05-12 14:24:50,344 [989f19d6-a352-4b52-85f3-a7ae8da1c7fa-EndpointStateMachineTaskThread-/0.0.0.0:15002-0 ] INFO  ozoneimpl.OzoneContainer (OzoneContainer.java:buildContainerSet(364)) - Build ContainerSet costs 0s
2025-05-12 14:24:50,346 [989f19d6-a352-4b52-85f3-a7ae8da1c7fa-EndpointStateMachineTaskThread-/0.0.0.0:15002-0 ] INFO  volume.ThrottledAsyncChecker (ThrottledAsyncChecker.java:schedule(138)) - Scheduling a check for /home/runner/work/ozone/ozone/hadoop-ozone/integration-test-s3/target/test-dir/MiniOzoneClusterImpl-3d63a36f-1eaa-4b4c-95b9-e111fcfd97b0/ozone-meta/datanode-4/data-0/hdds
2025-05-12 14:24:50,347 [989f19d6-a352-4b52-85f3-a7ae8da1c7fa-EndpointStateMachineTaskThread-/0.0.0.0:15002-0 ] INFO  volume.StorageVolumeChecker (StorageVolumeChecker.java:checkAllVolumes(215)) - Scheduled health check for volume /home/runner/work/ozone/ozone/hadoop-ozone/integration-test-s3/target/test-dir/MiniOzoneClusterImpl-3d63a36f-1eaa-4b4c-95b9-e111fcfd97b0/ozone-meta/datanode-4/data-0/hdds
2025-05-12 14:24:50,352 [989f19d6-a352-4b52-85f3-a7ae8da1c7fa-EndpointStateMachineTaskThread-/0.0.0.0:15002-0 ] INFO  volume.ThrottledAsyncChecker (ThrottledAsyncChecker.java:schedule(138)) - Scheduling a check for /home/runner/work/ozone/ozone/hadoop-ozone/integration-test-s3/target/test-dir/MiniOzoneClusterImpl-3d63a36f-1eaa-4b4c-95b9-e111fcfd97b0/ozone-meta/datanode-4/ratis
2025-05-12 14:24:50,352 [989f19d6-a352-4b52-85f3-a7ae8da1c7fa-EndpointStateMachineTaskThread-/0.0.0.0:15002-0 ] INFO  volume.StorageVolumeChecker (StorageVolumeChecker.java:checkAllVolumes(215)) - Scheduled health check for volume /home/runner/work/ozone/ozone/hadoop-ozone/integration-test-s3/target/test-dir/MiniOzoneClusterImpl-3d63a36f-1eaa-4b4c-95b9-e111fcfd97b0/ozone-meta/datanode-4/ratis
2025-05-12 14:24:50,353 [989f19d6-a352-4b52-85f3-a7ae8da1c7fa-EndpointStateMachineTaskThread-/0.0.0.0:15002-0 ] INFO  ozoneimpl.OzoneContainer (OzoneContainer.java:start(512)) - Attempting to start container services.
2025-05-12 14:24:50,353 [989f19d6-a352-4b52-85f3-a7ae8da1c7fa-EndpointStateMachineTaskThread-/0.0.0.0:15002-0 ] WARN  ozoneimpl.OnDemandContainerDataScanner (OnDemandContainerDataScanner.java:init(74)) - Trying to initialize on demand scanner a second time on a datanode.
2025-05-12 14:24:50,354 [ContainerMetadataScanner] INFO  ozoneimpl.AbstractBackgroundContainerScanner (AbstractBackgroundContainerScanner.java:runIteration(89)) - Completed an iteration in 0 minutes. Number of iterations (since the data-node restart) : 1, Number of containers scanned in this iteration : 0, Number of unhealthy containers found in this iteration : 0
2025-05-12 14:24:50,356 [ContainerDataScanner(/home/runner/work/ozone/ozone/hadoop-ozone/integration-test-s3/target/test-dir/MiniOzoneClusterImpl-3d63a36f-1eaa-4b4c-95b9-e111fcfd97b0/ozone-meta/datanode-4/data-0/hdds)] INFO  ozoneimpl.AbstractBackgroundContainerScanner (AbstractBackgroundContainerScanner.java:runIteration(89)) - Completed an iteration in 0 minutes. Number of iterations (since the data-node restart) : 1, Number of containers scanned in this iteration : 0, Number of unhealthy containers found in this iteration : 0
2025-05-12 14:24:50,357 [989f19d6-a352-4b52-85f3-a7ae8da1c7fa-EndpointStateMachineTaskThread-/0.0.0.0:15002-0 ] INFO  replication.ReplicationServer (ReplicationServer.java:start(137)) - ReplicationServer is started using port 15041
2025-05-12 14:24:50,357 [989f19d6-a352-4b52-85f3-a7ae8da1c7fa-EndpointStateMachineTaskThread-/0.0.0.0:15002-0 ] INFO  ratis.XceiverServerRatis (XceiverServerRatis.java:start(559)) - Starting XceiverServerRatis(989f19d6-a352-4b52-85f3-a7ae8da1c7fa)
2025-05-12 14:24:50,359 [989f19d6-a352-4b52-85f3-a7ae8da1c7fa-EndpointStateMachineTaskThread-/0.0.0.0:15002-0 ] INFO  server.RaftServer (RaftServerProxy.java:startImpl(407)) - 989f19d6-a352-4b52-85f3-a7ae8da1c7fa: start RPC server
2025-05-12 14:24:50,360 [989f19d6-a352-4b52-85f3-a7ae8da1c7fa-EndpointStateMachineTaskThread-/0.0.0.0:15002-0 ] INFO  server.GrpcService (GrpcService.java:startImpl(334)) - 989f19d6-a352-4b52-85f3-a7ae8da1c7fa: GrpcService started, listening on 15037
2025-05-12 14:24:50,360 [989f19d6-a352-4b52-85f3-a7ae8da1c7fa-EndpointStateMachineTaskThread-/0.0.0.0:15002-0 ] INFO  server.GrpcService (GrpcService.java:startImpl(334)) - 989f19d6-a352-4b52-85f3-a7ae8da1c7fa: GrpcService started, listening on 15039
2025-05-12 14:24:50,361 [989f19d6-a352-4b52-85f3-a7ae8da1c7fa-EndpointStateMachineTaskThread-/0.0.0.0:15002-0 ] INFO  server.GrpcService (GrpcService.java:startImpl(334)) - 989f19d6-a352-4b52-85f3-a7ae8da1c7fa: GrpcService started, listening on 15038
2025-05-12 14:24:50,361 [989f19d6-a352-4b52-85f3-a7ae8da1c7fa-EndpointStateMachineTaskThread-/0.0.0.0:15002-0 ] INFO  ratis.XceiverServerRatis (XceiverServerRatis.java:getRealPort(586)) - XceiverServerRatis(989f19d6-a352-4b52-85f3-a7ae8da1c7fa) is started using port RATIS=15037
2025-05-12 14:24:50,361 [989f19d6-a352-4b52-85f3-a7ae8da1c7fa-EndpointStateMachineTaskThread-/0.0.0.0:15002-0 ] INFO  ratis.XceiverServerRatis (XceiverServerRatis.java:getRealPort(586)) - XceiverServerRatis(989f19d6-a352-4b52-85f3-a7ae8da1c7fa) is started using port RATIS_ADMIN=15038
2025-05-12 14:24:50,361 [989f19d6-a352-4b52-85f3-a7ae8da1c7fa-EndpointStateMachineTaskThread-/0.0.0.0:15002-0 ] INFO  ratis.XceiverServerRatis (XceiverServerRatis.java:getRealPort(586)) - XceiverServerRatis(989f19d6-a352-4b52-85f3-a7ae8da1c7fa) is started using port RATIS_SERVER=15039
2025-05-12 14:24:50,361 [989f19d6-a352-4b52-85f3-a7ae8da1c7fa-EndpointStateMachineTaskThread-/0.0.0.0:15002-0 ] INFO  ratis.XceiverServerRatis (XceiverServerRatis.java:getRealPort(586)) - XceiverServerRatis(989f19d6-a352-4b52-85f3-a7ae8da1c7fa) is started using port RATIS_DATASTREAM=15040
2025-05-12 14:24:50,361 [JvmPauseMonitor7] INFO  util.JvmPauseMonitor (JvmPauseMonitor.java:run(146)) - JvmPauseMonitor-989f19d6-a352-4b52-85f3-a7ae8da1c7fa: Started
2025-05-12 14:24:50,362 [989f19d6-a352-4b52-85f3-a7ae8da1c7fa-BlockDeletingService#0] INFO  interfaces.ContainerDeletionChoosingPolicyTemplate (ContainerDeletionChoosingPolicyTemplate.java:chooseContainerForBlockDeletion(83)) - Chosen 0/5000 blocks from 0 candidate containers.
2025-05-12 14:24:50,558 [IPC Server handler 4 on default port 15002] INFO  net.NetworkTopologyImpl (NetworkTopologyImpl.java:add(133)) - Added a new node: /default-rack/a991347c-fe65-440a-a23f-e482601a678a
2025-05-12 14:24:50,559 [IPC Server handler 4 on default port 15002] INFO  node.SCMNodeManager (SCMNodeManager.java:register(426)) - Registered datanode: a991347c-fe65-440a-a23f-e482601a678a{ip: 127.0.0.1, host: localhost, ports: [HTTP=15026, CLIENT_RPC=15027, REPLICATION=15033, RATIS=15029, RATIS_ADMIN=15030, RATIS_SERVER=15031, RATIS_DATASTREAM=15032, STANDALONE=15028], networkLocation: /default-rack, certSerialId: null, persistedOpState: null, persistedOpStateExpiryEpochSec: 0}
2025-05-12 14:24:50,559 [EventQueue-NewNodeForNewNodeHandler] INFO  pipeline.BackgroundPipelineCreator (BackgroundPipelineCreator.java:notifyEventTriggered(290)) - trigger a one-shot run on RatisPipelineUtilsThread.
2025-05-12 14:24:50,559 [EventQueue-NodeRegistrationContainerReportForDataNodeSafeModeRule] INFO  safemode.SCMSafeModeManager (DataNodeSafeModeRule.java:process(79)) - SCM in safe mode. 3 DataNodes registered, 3 required.
2025-05-12 14:24:50,559 [EventQueue-NodeRegistrationContainerReportForDataNodeSafeModeRule] INFO  safemode.SCMSafeModeManager (SCMSafeModeManager.java:validateSafeModeExitRules(140)) - DataNodeSafeModeRule rule is successfully validated
2025-05-12 14:24:50,559 [EventQueue-NodeRegistrationContainerReportForDataNodeSafeModeRule] INFO  safemode.SCMSafeModeManager (SCMSafeModeManager.java:completePreCheck(167)) - All SCM safe mode pre check rules have passed
2025-05-12 14:24:50,559 [EventQueue-NodeRegistrationContainerReportForDataNodeSafeModeRule] INFO  ha.SCMContext (SCMContext.java:updateSafeModeStatus(224)) - Update SafeModeStatus from SafeModeStatus{safeModeStatus=true, preCheckPassed=false} to SafeModeStatus{safeModeStatus=true, preCheckPassed=true}.
2025-05-12 14:24:50,559 [EventQueue-NodeRegistrationContainerReportForDataNodeSafeModeRule] INFO  pipeline.BackgroundPipelineCreator (BackgroundPipelineCreator.java:notifyEventTriggered(290)) - trigger a one-shot run on RatisPipelineUtilsThread.
2025-05-12 14:24:50,559 [EventQueue-PipelineReportForOneReplicaPipelineSafeModeRule] INFO  safemode.SCMSafeModeManager (SCMSafeModeManager.java:validateSafeModeExitRules(140)) - AtleastOneDatanodeReportedRule rule is successfully validated
2025-05-12 14:24:50,560 [EventQueue-ContainerRegistrationReportForRatisContainerSafeModeRule] INFO  safemode.SCMSafeModeManager (SCMSafeModeManager.java:validateSafeModeExitRules(140)) - RatisContainerSafeModeRule rule is successfully validated
2025-05-12 14:24:50,560 [EventQueue-ContainerRegistrationReportForECContainerSafeModeRule] INFO  safemode.SCMSafeModeManager (SCMSafeModeManager.java:validateSafeModeExitRules(140)) - ECContainerSafeModeRule rule is successfully validated
2025-05-12 14:24:50,563 [5ee1c103-c487-40d5-9366-17daaab9156f-EndpointStateMachineTaskThread-/0.0.0.0:15002-0 ] INFO  utils.DatanodeStoreCache (DatanodeStoreCache.java:addDB(70)) - Added db /home/runner/work/ozone/ozone/hadoop-ozone/integration-test-s3/target/test-dir/MiniOzoneClusterImpl-3d63a36f-1eaa-4b4c-95b9-e111fcfd97b0/ozone-meta/datanode-5/data-0/hdds/3d63a36f-1eaa-4b4c-95b9-e111fcfd97b0/DS-b4e0651d-5643-4fa3-a8df-b01abd5630d2/container.db to cache
2025-05-12 14:24:50,564 [5ee1c103-c487-40d5-9366-17daaab9156f-EndpointStateMachineTaskThread-/0.0.0.0:15002-0 ] INFO  volume.HddsVolume (HddsVolume.java:createDbStore(510)) - SchemaV3 db is created and loaded at /home/runner/work/ozone/ozone/hadoop-ozone/integration-test-s3/target/test-dir/MiniOzoneClusterImpl-3d63a36f-1eaa-4b4c-95b9-e111fcfd97b0/ozone-meta/datanode-5/data-0/hdds/3d63a36f-1eaa-4b4c-95b9-e111fcfd97b0/DS-b4e0651d-5643-4fa3-a8df-b01abd5630d2/container.db for volume DS-b4e0651d-5643-4fa3-a8df-b01abd5630d2
2025-05-12 14:24:50,565 [RatisPipelineUtilsThread-0] INFO  pipeline.RatisPipelineProvider (RatisPipelineProvider.java:lambda$create$0(208)) - Sending CreatePipelineCommand for pipeline:PipelineID=266f1024-9bc3-4445-8562-a2f4b778c756 to datanode:854da54c-a3b1-4b54-a80c-9675284bfbe1(localhost/127.0.0.1)
2025-05-12 14:24:50,566 [RatisPipelineUtilsThread-0] INFO  pipeline.RatisPipelineProvider (RatisPipelineProvider.java:lambda$create$0(208)) - Sending CreatePipelineCommand for pipeline:PipelineID=266f1024-9bc3-4445-8562-a2f4b778c756 to datanode:318d5f9c-a548-45a7-96e8-01a796af6bbe(localhost/127.0.0.1)
2025-05-12 14:24:50,566 [RatisPipelineUtilsThread-0] INFO  pipeline.RatisPipelineProvider (RatisPipelineProvider.java:lambda$create$0(208)) - Sending CreatePipelineCommand for pipeline:PipelineID=266f1024-9bc3-4445-8562-a2f4b778c756 to datanode:a991347c-fe65-440a-a23f-e482601a678a(localhost/127.0.0.1)
2025-05-12 14:24:50,569 [5ee1c103-c487-40d5-9366-17daaab9156f-ContainerReader-0] INFO  ozoneimpl.ContainerReader (ContainerReader.java:readVolume(144)) - Start to verify containers on volume /home/runner/work/ozone/ozone/hadoop-ozone/integration-test-s3/target/test-dir/MiniOzoneClusterImpl-3d63a36f-1eaa-4b4c-95b9-e111fcfd97b0/ozone-meta/datanode-5/data-0/hdds
2025-05-12 14:24:50,570 [5ee1c103-c487-40d5-9366-17daaab9156f-ContainerReader-0] INFO  ozoneimpl.ContainerReader (ContainerReader.java:readVolume(174)) - Finish verifying containers on volume /home/runner/work/ozone/ozone/hadoop-ozone/integration-test-s3/target/test-dir/MiniOzoneClusterImpl-3d63a36f-1eaa-4b4c-95b9-e111fcfd97b0/ozone-meta/datanode-5/data-0/hdds
2025-05-12 14:24:50,570 [5ee1c103-c487-40d5-9366-17daaab9156f-EndpointStateMachineTaskThread-/0.0.0.0:15002-0 ] INFO  ozoneimpl.OzoneContainer (OzoneContainer.java:buildContainerSet(364)) - Build ContainerSet costs 0s
2025-05-12 14:24:50,571 [5ee1c103-c487-40d5-9366-17daaab9156f-EndpointStateMachineTaskThread-/0.0.0.0:15002-0 ] INFO  volume.ThrottledAsyncChecker (ThrottledAsyncChecker.java:schedule(138)) - Scheduling a check for /home/runner/work/ozone/ozone/hadoop-ozone/integration-test-s3/target/test-dir/MiniOzoneClusterImpl-3d63a36f-1eaa-4b4c-95b9-e111fcfd97b0/ozone-meta/datanode-5/data-0/hdds
2025-05-12 14:24:50,572 [5ee1c103-c487-40d5-9366-17daaab9156f-EndpointStateMachineTaskThread-/0.0.0.0:15002-0 ] INFO  volume.StorageVolumeChecker (StorageVolumeChecker.java:checkAllVolumes(215)) - Scheduled health check for volume /home/runner/work/ozone/ozone/hadoop-ozone/integration-test-s3/target/test-dir/MiniOzoneClusterImpl-3d63a36f-1eaa-4b4c-95b9-e111fcfd97b0/ozone-meta/datanode-5/data-0/hdds
2025-05-12 14:24:50,579 [5ee1c103-c487-40d5-9366-17daaab9156f-EndpointStateMachineTaskThread-/0.0.0.0:15002-0 ] INFO  volume.ThrottledAsyncChecker (ThrottledAsyncChecker.java:schedule(138)) - Scheduling a check for /home/runner/work/ozone/ozone/hadoop-ozone/integration-test-s3/target/test-dir/MiniOzoneClusterImpl-3d63a36f-1eaa-4b4c-95b9-e111fcfd97b0/ozone-meta/datanode-5/ratis
2025-05-12 14:24:50,579 [5ee1c103-c487-40d5-9366-17daaab9156f-EndpointStateMachineTaskThread-/0.0.0.0:15002-0 ] INFO  volume.StorageVolumeChecker (StorageVolumeChecker.java:checkAllVolumes(215)) - Scheduled health check for volume /home/runner/work/ozone/ozone/hadoop-ozone/integration-test-s3/target/test-dir/MiniOzoneClusterImpl-3d63a36f-1eaa-4b4c-95b9-e111fcfd97b0/ozone-meta/datanode-5/ratis
2025-05-12 14:24:50,580 [5ee1c103-c487-40d5-9366-17daaab9156f-EndpointStateMachineTaskThread-/0.0.0.0:15002-0 ] INFO  ozoneimpl.OzoneContainer (OzoneContainer.java:start(512)) - Attempting to start container services.
2025-05-12 14:24:50,581 [5ee1c103-c487-40d5-9366-17daaab9156f-EndpointStateMachineTaskThread-/0.0.0.0:15002-0 ] WARN  ozoneimpl.OnDemandContainerDataScanner (OnDemandContainerDataScanner.java:init(74)) - Trying to initialize on demand scanner a second time on a datanode.
2025-05-12 14:24:50,582 [ContainerMetadataScanner] INFO  ozoneimpl.AbstractBackgroundContainerScanner (AbstractBackgroundContainerScanner.java:runIteration(89)) - Completed an iteration in 0 minutes. Number of iterations (since the data-node restart) : 1, Number of containers scanned in this iteration : 0, Number of unhealthy containers found in this iteration : 0
2025-05-12 14:24:50,583 [ContainerDataScanner(/home/runner/work/ozone/ozone/hadoop-ozone/integration-test-s3/target/test-dir/MiniOzoneClusterImpl-3d63a36f-1eaa-4b4c-95b9-e111fcfd97b0/ozone-meta/datanode-5/data-0/hdds)] INFO  ozoneimpl.AbstractBackgroundContainerScanner (AbstractBackgroundContainerScanner.java:runIteration(89)) - Completed an iteration in 0 minutes. Number of iterations (since the data-node restart) : 1, Number of containers scanned in this iteration : 0, Number of unhealthy containers found in this iteration : 0
2025-05-12 14:24:50,584 [5ee1c103-c487-40d5-9366-17daaab9156f-EndpointStateMachineTaskThread-/0.0.0.0:15002-0 ] INFO  replication.ReplicationServer (ReplicationServer.java:start(137)) - ReplicationServer is started using port 15049
2025-05-12 14:24:50,584 [5ee1c103-c487-40d5-9366-17daaab9156f-EndpointStateMachineTaskThread-/0.0.0.0:15002-0 ] INFO  ratis.XceiverServerRatis (XceiverServerRatis.java:start(559)) - Starting XceiverServerRatis(5ee1c103-c487-40d5-9366-17daaab9156f)
2025-05-12 14:24:50,585 [5ee1c103-c487-40d5-9366-17daaab9156f-EndpointStateMachineTaskThread-/0.0.0.0:15002-0 ] INFO  server.RaftServer (RaftServerProxy.java:startImpl(407)) - 5ee1c103-c487-40d5-9366-17daaab9156f: start RPC server
2025-05-12 14:24:50,586 [5ee1c103-c487-40d5-9366-17daaab9156f-EndpointStateMachineTaskThread-/0.0.0.0:15002-0 ] INFO  server.GrpcService (GrpcService.java:startImpl(334)) - 5ee1c103-c487-40d5-9366-17daaab9156f: GrpcService started, listening on 15045
2025-05-12 14:24:50,587 [5ee1c103-c487-40d5-9366-17daaab9156f-EndpointStateMachineTaskThread-/0.0.0.0:15002-0 ] INFO  server.GrpcService (GrpcService.java:startImpl(334)) - 5ee1c103-c487-40d5-9366-17daaab9156f: GrpcService started, listening on 15047
2025-05-12 14:24:50,588 [5ee1c103-c487-40d5-9366-17daaab9156f-EndpointStateMachineTaskThread-/0.0.0.0:15002-0 ] INFO  server.GrpcService (GrpcService.java:startImpl(334)) - 5ee1c103-c487-40d5-9366-17daaab9156f: GrpcService started, listening on 15046
2025-05-12 14:24:50,588 [5ee1c103-c487-40d5-9366-17daaab9156f-EndpointStateMachineTaskThread-/0.0.0.0:15002-0 ] INFO  ratis.XceiverServerRatis (XceiverServerRatis.java:getRealPort(586)) - XceiverServerRatis(5ee1c103-c487-40d5-9366-17daaab9156f) is started using port RATIS=15045
2025-05-12 14:24:50,589 [5ee1c103-c487-40d5-9366-17daaab9156f-EndpointStateMachineTaskThread-/0.0.0.0:15002-0 ] INFO  ratis.XceiverServerRatis (XceiverServerRatis.java:getRealPort(586)) - XceiverServerRatis(5ee1c103-c487-40d5-9366-17daaab9156f) is started using port RATIS_ADMIN=15046
2025-05-12 14:24:50,589 [5ee1c103-c487-40d5-9366-17daaab9156f-EndpointStateMachineTaskThread-/0.0.0.0:15002-0 ] INFO  ratis.XceiverServerRatis (XceiverServerRatis.java:getRealPort(586)) - XceiverServerRatis(5ee1c103-c487-40d5-9366-17daaab9156f) is started using port RATIS_SERVER=15047
2025-05-12 14:24:50,589 [5ee1c103-c487-40d5-9366-17daaab9156f-EndpointStateMachineTaskThread-/0.0.0.0:15002-0 ] INFO  ratis.XceiverServerRatis (XceiverServerRatis.java:getRealPort(586)) - XceiverServerRatis(5ee1c103-c487-40d5-9366-17daaab9156f) is started using port RATIS_DATASTREAM=15048
2025-05-12 14:24:50,588 [JvmPauseMonitor8] INFO  util.JvmPauseMonitor (JvmPauseMonitor.java:run(146)) - JvmPauseMonitor-5ee1c103-c487-40d5-9366-17daaab9156f: Started
2025-05-12 14:24:50,591 [5ee1c103-c487-40d5-9366-17daaab9156f-BlockDeletingService#0] INFO  interfaces.ContainerDeletionChoosingPolicyTemplate (ContainerDeletionChoosingPolicyTemplate.java:chooseContainerForBlockDeletion(83)) - Chosen 0/5000 blocks from 0 candidate containers.
2025-05-12 14:24:50,641 [0e533e05-30c1-4787-ae28-a1adde6b7b1c@group-E111FCFD97B0-StateMachineUpdater] INFO  safemode.SCMSafeModeManager (SCMSafeModeManager.java:validateSafeModeExitRules(140)) - DataNodeSafeModeRule rule is successfully validated
2025-05-12 14:24:50,642 [0e533e05-30c1-4787-ae28-a1adde6b7b1c@group-E111FCFD97B0-StateMachineUpdater] INFO  safemode.SCMSafeModeManager (SCMSafeModeManager.java:validateSafeModeExitRules(140)) - RatisContainerSafeModeRule rule is successfully validated
2025-05-12 14:24:50,642 [0e533e05-30c1-4787-ae28-a1adde6b7b1c@group-E111FCFD97B0-StateMachineUpdater] INFO  safemode.HealthyPipelineSafeModeRule (HealthyPipelineSafeModeRule.java:initializeRule(173)) - Refreshed total pipeline count is 0, healthy pipeline threshold count is 1
2025-05-12 14:24:50,642 [0e533e05-30c1-4787-ae28-a1adde6b7b1c@group-E111FCFD97B0-StateMachineUpdater] INFO  safemode.SCMSafeModeManager (SCMSafeModeManager.java:validateSafeModeExitRules(140)) - ECContainerSafeModeRule rule is successfully validated
2025-05-12 14:24:50,642 [0e533e05-30c1-4787-ae28-a1adde6b7b1c@group-E111FCFD97B0-StateMachineUpdater] INFO  safemode.SCMSafeModeManager (SCMSafeModeManager.java:validateSafeModeExitRules(140)) - AtleastOneDatanodeReportedRule rule is successfully validated
2025-05-12 14:24:50,649 [RatisPipelineUtilsThread-0] INFO  pipeline.BackgroundPipelineCreator (BackgroundPipelineCreator.java:createPipelines(246)) - Created new pipeline Pipeline{ Id: 266f1024-9bc3-4445-8562-a2f4b778c756, Nodes: [ {854da54c-a3b1-4b54-a80c-9675284bfbe1(localhost/127.0.0.1), ReplicaIndex: 0}, {318d5f9c-a548-45a7-96e8-01a796af6bbe(localhost/127.0.0.1), ReplicaIndex: 0}, {a991347c-fe65-440a-a23f-e482601a678a(localhost/127.0.0.1), ReplicaIndex: 0},], ReplicationConfig: RATIS/THREE, State:ALLOCATED, leaderId:, CreationTimestamp2025-05-12T14:24:50.565108508Z[Etc/UTC]}
2025-05-12 14:24:50,652 [RatisPipelineUtilsThread-0] INFO  pipeline.RatisPipelineProvider (RatisPipelineProvider.java:lambda$create$0(208)) - Sending CreatePipelineCommand for pipeline:PipelineID=c78003fe-a3d2-4130-9f31-672574b3754b to datanode:854da54c-a3b1-4b54-a80c-9675284bfbe1(localhost/127.0.0.1)
2025-05-12 14:24:50,652 [RatisPipelineUtilsThread-0] INFO  pipeline.RatisPipelineProvider (RatisPipelineProvider.java:lambda$create$0(208)) - Sending CreatePipelineCommand for pipeline:PipelineID=c78003fe-a3d2-4130-9f31-672574b3754b to datanode:318d5f9c-a548-45a7-96e8-01a796af6bbe(localhost/127.0.0.1)
2025-05-12 14:24:50,652 [RatisPipelineUtilsThread-0] INFO  pipeline.RatisPipelineProvider (RatisPipelineProvider.java:lambda$create$0(208)) - Sending CreatePipelineCommand for pipeline:PipelineID=c78003fe-a3d2-4130-9f31-672574b3754b to datanode:a991347c-fe65-440a-a23f-e482601a678a(localhost/127.0.0.1)
2025-05-12 14:24:50,658 [0e533e05-30c1-4787-ae28-a1adde6b7b1c@group-E111FCFD97B0-StateMachineUpdater] INFO  safemode.SCMSafeModeManager (SCMSafeModeManager.java:validateSafeModeExitRules(140)) - DataNodeSafeModeRule rule is successfully validated
2025-05-12 14:24:50,658 [0e533e05-30c1-4787-ae28-a1adde6b7b1c@group-E111FCFD97B0-StateMachineUpdater] INFO  safemode.SCMSafeModeManager (SCMSafeModeManager.java:validateSafeModeExitRules(140)) - RatisContainerSafeModeRule rule is successfully validated
2025-05-12 14:24:50,659 [0e533e05-30c1-4787-ae28-a1adde6b7b1c@group-E111FCFD97B0-StateMachineUpdater] INFO  safemode.HealthyPipelineSafeModeRule (HealthyPipelineSafeModeRule.java:initializeRule(173)) - Refreshed total pipeline count is 0, healthy pipeline threshold count is 1
2025-05-12 14:24:50,659 [0e533e05-30c1-4787-ae28-a1adde6b7b1c@group-E111FCFD97B0-StateMachineUpdater] INFO  safemode.SCMSafeModeManager (SCMSafeModeManager.java:validateSafeModeExitRules(140)) - ECContainerSafeModeRule rule is successfully validated
2025-05-12 14:24:50,659 [0e533e05-30c1-4787-ae28-a1adde6b7b1c@group-E111FCFD97B0-StateMachineUpdater] INFO  safemode.SCMSafeModeManager (SCMSafeModeManager.java:validateSafeModeExitRules(140)) - AtleastOneDatanodeReportedRule rule is successfully validated
2025-05-12 14:24:50,659 [RatisPipelineUtilsThread-0] INFO  pipeline.PipelineManagerImpl (PipelineManagerImpl.java:recordMetricsForPipeline(907)) - Pipeline: PipelineID=c78003fe-a3d2-4130-9f31-672574b3754b contains same datanodes as previous pipelines: PipelineID=266f1024-9bc3-4445-8562-a2f4b778c756 nodeIds: 854da54c-a3b1-4b54-a80c-9675284bfbe1, 318d5f9c-a548-45a7-96e8-01a796af6bbe, a991347c-fe65-440a-a23f-e482601a678a
2025-05-12 14:24:50,659 [RatisPipelineUtilsThread-0] INFO  pipeline.BackgroundPipelineCreator (BackgroundPipelineCreator.java:createPipelines(246)) - Created new pipeline Pipeline{ Id: c78003fe-a3d2-4130-9f31-672574b3754b, Nodes: [ {854da54c-a3b1-4b54-a80c-9675284bfbe1(localhost/127.0.0.1), ReplicaIndex: 0}, {318d5f9c-a548-45a7-96e8-01a796af6bbe(localhost/127.0.0.1), ReplicaIndex: 0}, {a991347c-fe65-440a-a23f-e482601a678a(localhost/127.0.0.1), ReplicaIndex: 0},], ReplicationConfig: RATIS/THREE, State:ALLOCATED, leaderId:, CreationTimestamp2025-05-12T14:24:50.652672679Z[Etc/UTC]}
2025-05-12 14:24:50,805 [IPC Server handler 6 on default port 15002] INFO  net.NetworkTopologyImpl (NetworkTopologyImpl.java:add(133)) - Added a new node: /default-rack/989f19d6-a352-4b52-85f3-a7ae8da1c7fa
2025-05-12 14:24:50,805 [IPC Server handler 6 on default port 15002] INFO  node.SCMNodeManager (SCMNodeManager.java:register(426)) - Registered datanode: 989f19d6-a352-4b52-85f3-a7ae8da1c7fa{ip: 127.0.0.1, host: localhost, ports: [HTTP=15034, CLIENT_RPC=15035, REPLICATION=15041, RATIS=15037, RATIS_ADMIN=15038, RATIS_SERVER=15039, RATIS_DATASTREAM=15040, STANDALONE=15036], networkLocation: /default-rack, certSerialId: null, persistedOpState: null, persistedOpStateExpiryEpochSec: 0}
2025-05-12 14:24:50,806 [EventQueue-ContainerRegistrationReportForRatisContainerSafeModeRule] INFO  safemode.SCMSafeModeManager (SCMSafeModeManager.java:validateSafeModeExitRules(140)) - RatisContainerSafeModeRule rule is successfully validated
2025-05-12 14:24:50,806 [EventQueue-PipelineReportForOneReplicaPipelineSafeModeRule] INFO  safemode.SCMSafeModeManager (SCMSafeModeManager.java:validateSafeModeExitRules(140)) - AtleastOneDatanodeReportedRule rule is successfully validated
2025-05-12 14:24:50,806 [EventQueue-ContainerRegistrationReportForECContainerSafeModeRule] INFO  safemode.SCMSafeModeManager (SCMSafeModeManager.java:validateSafeModeExitRules(140)) - ECContainerSafeModeRule rule is successfully validated
2025-05-12 14:24:50,806 [EventQueue-NodeRegistrationContainerReportForDataNodeSafeModeRule] INFO  safemode.SCMSafeModeManager (SCMSafeModeManager.java:validateSafeModeExitRules(140)) - DataNodeSafeModeRule rule is successfully validated
2025-05-12 14:24:50,807 [EventQueue-NewNodeForNewNodeHandler] INFO  pipeline.BackgroundPipelineCreator (BackgroundPipelineCreator.java:notifyEventTriggered(290)) - trigger a one-shot run on RatisPipelineUtilsThread.
2025-05-12 14:24:51,027 [IPC Server handler 1 on default port 15002] INFO  net.NetworkTopologyImpl (NetworkTopologyImpl.java:add(133)) - Added a new node: /default-rack/5ee1c103-c487-40d5-9366-17daaab9156f
2025-05-12 14:24:51,027 [IPC Server handler 1 on default port 15002] INFO  node.SCMNodeManager (SCMNodeManager.java:register(426)) - Registered datanode: 5ee1c103-c487-40d5-9366-17daaab9156f{ip: 127.0.0.1, host: localhost, ports: [HTTP=15042, CLIENT_RPC=15043, REPLICATION=15049, RATIS=15045, RATIS_ADMIN=15046, RATIS_SERVER=15047, RATIS_DATASTREAM=15048, STANDALONE=15044], networkLocation: /default-rack, certSerialId: null, persistedOpState: null, persistedOpStateExpiryEpochSec: 0}
2025-05-12 14:24:51,028 [EventQueue-ContainerRegistrationReportForRatisContainerSafeModeRule] INFO  safemode.SCMSafeModeManager (SCMSafeModeManager.java:validateSafeModeExitRules(140)) - RatisContainerSafeModeRule rule is successfully validated
2025-05-12 14:24:51,028 [EventQueue-ContainerRegistrationReportForECContainerSafeModeRule] INFO  safemode.SCMSafeModeManager (SCMSafeModeManager.java:validateSafeModeExitRules(140)) - ECContainerSafeModeRule rule is successfully validated
2025-05-12 14:24:51,028 [EventQueue-NodeRegistrationContainerReportForDataNodeSafeModeRule] INFO  safemode.SCMSafeModeManager (SCMSafeModeManager.java:validateSafeModeExitRules(140)) - DataNodeSafeModeRule rule is successfully validated
2025-05-12 14:24:51,028 [EventQueue-PipelineReportForOneReplicaPipelineSafeModeRule] INFO  safemode.SCMSafeModeManager (SCMSafeModeManager.java:validateSafeModeExitRules(140)) - AtleastOneDatanodeReportedRule rule is successfully validated
2025-05-12 14:24:51,028 [EventQueue-NewNodeForNewNodeHandler] INFO  pipeline.BackgroundPipelineCreator (BackgroundPipelineCreator.java:notifyEventTriggered(290)) - trigger a one-shot run on RatisPipelineUtilsThread.
2025-05-12 14:24:51,674 [main] INFO  audit.AuditLogger (AuditLogger.java:refreshDebugCmdSet(133)) - Refresh DebugCmdSet for S3GAudit to [].
2025-05-12 14:24:51,744 [main] INFO  handler.ContextHandler (ContextHandler.java:doStart(921)) - Started o.e.j.w.WebAppContext@7f8510d3{s3gateway,/,file:///home/runner/work/ozone/ozone/hadoop-ozone/integration-test-s3/ozone_http_tmp_base_dir4276759210426169468/jetty-0_0_0_0-15050-ozone-s3gateway-2_1_0-SNAPSHOT_jar-_-any-7236980227977471521/webapp/,AVAILABLE}{jar:file:/home/runner/work/ozone/ozone/hadoop-ozone/s3gateway/target/ozone-s3gateway-2.1.0-SNAPSHOT.jar!/webapps/s3gateway}
2025-05-12 14:24:51,745 [main] INFO  server.AbstractConnector (AbstractConnector.java:doStart(333)) - Started ServerConnector@4b5455c6{HTTP/1.1, (http/1.1)}{0.0.0.0:15050}
2025-05-12 14:24:51,745 [main] INFO  server.Server (Server.java:doStart(415)) - Started @13646ms
2025-05-12 14:24:51,746 [main] INFO  http.BaseHttpServer (BaseHttpServer.java:updateConnectorAddress(359)) - HTTP server of s3gateway listening at http://0.0.0.0:15050
2025-05-12 14:24:51,746 [main] INFO  http.HttpServer2 (HttpServer2.java:bindListener(1242)) - Jetty bound to port 19878
2025-05-12 14:24:51,746 [main] INFO  server.Server (Server.java:doStart(375)) - jetty-9.4.57.v20241219; built: 2025-01-08T21:24:30.412Z; git: df524e6b29271c2e09ba9aea83c18dc9db464a31; jvm 21.0.7+6-LTS
2025-05-12 14:24:51,748 [main] INFO  server.session (DefaultSessionIdManager.java:doStart(334)) - DefaultSessionIdManager workerName=node0
2025-05-12 14:24:51,748 [main] INFO  server.session (DefaultSessionIdManager.java:doStart(339)) - No SessionScavenger set, using defaults
2025-05-12 14:24:51,748 [main] INFO  server.session (HouseKeeper.java:startScavenging(132)) - node0 Scavenging every 660000ms
2025-05-12 14:24:51,749 [main] INFO  handler.ContextHandler (ContextHandler.java:doStart(921)) - Started o.e.j.s.ServletContextHandler@28816098{logs,/logs,file:///home/runner/work/ozone/ozone/hadoop-ozone/integration-test-s3/target/log,AVAILABLE}
2025-05-12 14:24:51,750 [main] INFO  handler.ContextHandler (ContextHandler.java:doStart(921)) - Started o.e.j.s.ServletContextHandler@275d46a8{static,/static,jar:file:/home/runner/work/ozone/ozone/hadoop-ozone/s3gateway/target/ozone-s3gateway-2.1.0-SNAPSHOT.jar!/webapps/static,AVAILABLE}
2025-05-12 14:24:52,116 [main] INFO  handler.ContextHandler (ContextHandler.java:doStart(921)) - Started o.e.j.w.WebAppContext@7928e5ce{s3g-web,/,file:///home/runner/work/ozone/ozone/hadoop-ozone/integration-test-s3/ozone_http_tmp_base_dir4276759210426169468/jetty-0_0_0_0-19878-ozone-s3gateway-2_1_0-SNAPSHOT_jar-_-any-6864414692081446564/webapp/,AVAILABLE}{jar:file:/home/runner/work/ozone/ozone/hadoop-ozone/s3gateway/target/ozone-s3gateway-2.1.0-SNAPSHOT.jar!/webapps/s3g-web}
2025-05-12 14:24:52,118 [main] INFO  server.AbstractConnector (AbstractConnector.java:doStart(333)) - Started ServerConnector@4ba97a4{HTTP/1.1, (http/1.1)}{0.0.0.0:19878}
2025-05-12 14:24:52,118 [main] INFO  server.Server (Server.java:doStart(415)) - Started @14018ms
2025-05-12 14:24:52,118 [main] WARN  impl.MetricsSystemImpl (MetricsSystemImpl.java:register(279)) - Sink prometheus already exists!
2025-05-12 14:24:52,118 [main] INFO  http.BaseHttpServer (BaseHttpServer.java:updateConnectorAddress(359)) - HTTP server of s3g-web listening at http://0.0.0.0:19878
2025-05-12 14:24:52,134 [main] INFO  ozone.MiniOzoneClusterImpl (MiniOzoneClusterImpl.java:lambda$waitForClusterToBeReady$0(191)) - Nodes are ready. Got 5 of 5 DN Heartbeats.
2025-05-12 14:24:52,134 [main] INFO  ozone.MiniOzoneClusterImpl (MiniOzoneClusterImpl.java:lambda$waitForClusterToBeReady$0(194)) - Waiting for cluster to exit safe mode
2025-05-12 14:24:52,135 [main] INFO  ozone.MiniOzoneClusterImpl (MiniOzoneClusterImpl.java:lambda$waitForClusterToBeReady$0(196)) - SCM became leader
2025-05-12 14:24:52,610 [318d5f9c-a548-45a7-96e8-01a796af6bbe-PipelineCommandHandlerThread-0] INFO  server.RaftServer (RaftServerProxy.java:addNew(100)) - 318d5f9c-a548-45a7-96e8-01a796af6bbe: addNew group-A2F4B778C756:[854da54c-a3b1-4b54-a80c-9675284bfbe1|127.0.0.1:15023, 318d5f9c-a548-45a7-96e8-01a796af6bbe|127.0.0.1:15015, a991347c-fe65-440a-a23f-e482601a678a|127.0.0.1:15031] returns group-A2F4B778C756:java.util.concurrent.CompletableFuture@56a432f4[Not completed]
2025-05-12 14:24:52,616 [318d5f9c-a548-45a7-96e8-01a796af6bbe-groupManagement] INFO  server.RaftServer$Division (RaftServerImpl.java:<init>(255)) - 318d5f9c-a548-45a7-96e8-01a796af6bbe: new RaftServerImpl for group-A2F4B778C756:[854da54c-a3b1-4b54-a80c-9675284bfbe1|127.0.0.1:15023, 318d5f9c-a548-45a7-96e8-01a796af6bbe|127.0.0.1:15015, a991347c-fe65-440a-a23f-e482601a678a|127.0.0.1:15031] with ContainerStateMachine:uninitialized
2025-05-12 14:24:52,616 [318d5f9c-a548-45a7-96e8-01a796af6bbe-groupManagement] INFO  server.RaftServerConfigKeys (ConfUtils.java:logGet(46)) - raft.server.rpc.timeout.min = 5s (custom)
2025-05-12 14:24:52,616 [318d5f9c-a548-45a7-96e8-01a796af6bbe-groupManagement] INFO  server.RaftServerConfigKeys (ConfUtils.java:logGet(46)) - raft.server.rpc.timeout.max = 5200ms (custom)
2025-05-12 14:24:52,616 [318d5f9c-a548-45a7-96e8-01a796af6bbe-groupManagement] INFO  server.RaftServerConfigKeys (ConfUtils.java:logGet(46)) - raft.server.rpc.sleep.time = 25ms (default)
2025-05-12 14:24:52,616 [318d5f9c-a548-45a7-96e8-01a796af6bbe-groupManagement] INFO  server.RaftServerConfigKeys (ConfUtils.java:logGet(46)) - raft.server.rpc.slowness.timeout = 300s (custom)
2025-05-12 14:24:52,616 [318d5f9c-a548-45a7-96e8-01a796af6bbe-groupManagement] INFO  server.RaftServerConfigKeys (ConfUtils.java:logGet(46)) - raft.server.leaderelection.leader.step-down.wait-time = 10s (default)
2025-05-12 14:24:52,616 [318d5f9c-a548-45a7-96e8-01a796af6bbe-groupManagement] INFO  server.RaftServerConfigKeys (ConfUtils.java:logGet(46)) - raft.server.leaderelection.member.majority-add = false (default)
2025-05-12 14:24:52,616 [318d5f9c-a548-45a7-96e8-01a796af6bbe-groupManagement] INFO  server.RaftServerConfigKeys (ConfUtils.java:logGet(46)) - raft.server.sleep.deviation.threshold = 300ms (default)
2025-05-12 14:24:52,616 [318d5f9c-a548-45a7-96e8-01a796af6bbe-groupManagement] INFO  server.RaftServer$Division (ServerState.java:<init>(114)) - 318d5f9c-a548-45a7-96e8-01a796af6bbe@group-A2F4B778C756: ConfigurationManager, init=conf: {index: -1, cur=peers:[854da54c-a3b1-4b54-a80c-9675284bfbe1|127.0.0.1:15023, 318d5f9c-a548-45a7-96e8-01a796af6bbe|127.0.0.1:15015, a991347c-fe65-440a-a23f-e482601a678a|127.0.0.1:15031]|listeners:[], old=null}, confs=<EMPTY_MAP>
2025-05-12 14:24:52,616 [318d5f9c-a548-45a7-96e8-01a796af6bbe-groupManagement] INFO  server.RaftServerConfigKeys (ConfUtils.java:logGet(46)) - raft.server.notification.no-leader.timeout = 300s (custom)
2025-05-12 14:24:52,616 [318d5f9c-a548-45a7-96e8-01a796af6bbe-groupManagement] INFO  server.RaftServerConfigKeys (ConfUtils.java:logGet(46)) - raft.server.read.timeout = 10s (default)
2025-05-12 14:24:52,616 [318d5f9c-a548-45a7-96e8-01a796af6bbe-groupManagement] INFO  server.RaftServerConfigKeys (ConfUtils.java:logGet(46)) - raft.server.retrycache.expirytime = 600000ms (custom)
2025-05-12 14:24:52,616 [318d5f9c-a548-45a7-96e8-01a796af6bbe-groupManagement] INFO  server.RaftServerConfigKeys (ConfUtils.java:logGet(46)) - raft.server.retrycache.statistics.expirytime = 100ms (default)
2025-05-12 14:24:52,616 [318d5f9c-a548-45a7-96e8-01a796af6bbe-groupManagement] INFO  server.RaftServerConfigKeys (ConfUtils.java:logGet(46)) - raft.server.read.option = DEFAULT (default)
2025-05-12 14:24:52,617 [318d5f9c-a548-45a7-96e8-01a796af6bbe-groupManagement] INFO  server.RaftServerConfigKeys (ConfUtils.java:logGet(46)) - raft.server.read.read-after-write-consistent.write-index-cache.expiry-time = 60s (default)
2025-05-12 14:24:52,624 [318d5f9c-a548-45a7-96e8-01a796af6bbe-groupManagement] INFO  server.RaftServerConfigKeys (ConfUtils.java:logGet(46)) - raft.server.rpc.request.timeout = 60s (custom)
2025-05-12 14:24:52,624 [318d5f9c-a548-45a7-96e8-01a796af6bbe-groupManagement] INFO  server.RaftServerConfigKeys (ConfUtils.java:logGet(46)) - raft.server.log.appender.install.snapshot.enabled = false (custom)
2025-05-12 14:24:52,624 [318d5f9c-a548-45a7-96e8-01a796af6bbe-groupManagement] INFO  server.RaftServerConfigKeys (ConfUtils.java:logGet(46)) - raft.server.threadpool.server.cached = true (default)
2025-05-12 14:24:52,624 [318d5f9c-a548-45a7-96e8-01a796af6bbe-groupManagement] INFO  server.RaftServerConfigKeys (ConfUtils.java:logGet(46)) - raft.server.threadpool.server.size = 0 (default)
2025-05-12 14:24:52,625 [318d5f9c-a548-45a7-96e8-01a796af6bbe-groupManagement] INFO  server.RaftServerConfigKeys (ConfUtils.java:logGet(46)) - raft.server.threadpool.client.cached = true (default)
2025-05-12 14:24:52,625 [318d5f9c-a548-45a7-96e8-01a796af6bbe-groupManagement] INFO  server.RaftServerConfigKeys (ConfUtils.java:logGet(46)) - raft.server.threadpool.client.size = 0 (default)
2025-05-12 14:24:52,625 [318d5f9c-a548-45a7-96e8-01a796af6bbe-groupManagement] INFO  server.RaftServerConfigKeys (ConfUtils.java:logGet(46)) - raft.server.storage.free-space.min = 0MB (=0) (default)
2025-05-12 14:24:52,625 [318d5f9c-a548-45a7-96e8-01a796af6bbe-groupManagement] INFO  server.RaftServerConfigKeys (ConfUtils.java:logGet(46)) - raft.server.log.corruption.policy = EXCEPTION (default)
2025-05-12 14:24:52,625 [318d5f9c-a548-45a7-96e8-01a796af6bbe-groupManagement] INFO  server.RaftServerConfigKeys (ConfUtils.java:logGet(46)) - raft.server.storage.dir = [/home/runner/work/ozone/ozone/hadoop-ozone/integration-test-s3/target/test-dir/MiniOzoneClusterImpl-3d63a36f-1eaa-4b4c-95b9-e111fcfd97b0/ozone-meta/datanode-1/ratis] (custom)
2025-05-12 14:24:52,625 [318d5f9c-a548-45a7-96e8-01a796af6bbe-groupManagement] INFO  storage.RaftStorageDirectory (RaftStorageDirectoryImpl.java:analyzeStorage(138)) - The storage directory /home/runner/work/ozone/ozone/hadoop-ozone/integration-test-s3/target/test-dir/MiniOzoneClusterImpl-3d63a36f-1eaa-4b4c-95b9-e111fcfd97b0/ozone-meta/datanode-1/ratis/266f1024-9bc3-4445-8562-a2f4b778c756 does not exist. Creating ...
2025-05-12 14:24:52,626 [318d5f9c-a548-45a7-96e8-01a796af6bbe-groupManagement] INFO  storage.RaftStorageDirectory (RaftStorageDirectoryImpl.java:tryLock(229)) - Lock on /home/runner/work/ozone/ozone/hadoop-ozone/integration-test-s3/target/test-dir/MiniOzoneClusterImpl-3d63a36f-1eaa-4b4c-95b9-e111fcfd97b0/ozone-meta/datanode-1/ratis/266f1024-9bc3-4445-8562-a2f4b778c756/in_use.lock acquired by nodename 75962@pkrvmberfyhpb9w
2025-05-12 14:24:52,627 [318d5f9c-a548-45a7-96e8-01a796af6bbe-groupManagement] INFO  storage.RaftStorage (RaftStorageImpl.java:format(98)) - Storage directory /home/runner/work/ozone/ozone/hadoop-ozone/integration-test-s3/target/test-dir/MiniOzoneClusterImpl-3d63a36f-1eaa-4b4c-95b9-e111fcfd97b0/ozone-meta/datanode-1/ratis/266f1024-9bc3-4445-8562-a2f4b778c756 has been successfully formatted.
2025-05-12 14:24:52,630 [318d5f9c-a548-45a7-96e8-01a796af6bbe-groupManagement] INFO  ratis.ContainerStateMachine (ContainerStateMachine.java:initialize(339)) - 318d5f9c-a548-45a7-96e8-01a796af6bbe: initialize group-A2F4B778C756
2025-05-12 14:24:52,630 [318d5f9c-a548-45a7-96e8-01a796af6bbe-groupManagement] INFO  ratis.ContainerStateMachine (ContainerStateMachine.java:loadSnapshot(347)) - group-A2F4B778C756: The snapshot info is null. Setting the last applied index to:(t:0, i:~)
2025-05-12 14:24:52,630 [318d5f9c-a548-45a7-96e8-01a796af6bbe-groupManagement] INFO  server.RaftServerConfigKeys (ConfUtils.java:logGet(46)) - raft.server.log.use.memory = false (default)
2025-05-12 14:24:52,630 [318d5f9c-a548-45a7-96e8-01a796af6bbe-groupManagement] INFO  server.RaftServerConfigKeys (ConfUtils.java:logGet(46)) - raft.server.log.purge.gap = 1000000 (custom)
2025-05-12 14:24:52,630 [318d5f9c-a548-45a7-96e8-01a796af6bbe-groupManagement] INFO  server.RaftServerConfigKeys (ConfUtils.java:logGet(46)) - raft.server.log.appender.buffer.byte-limit = 33554432 (custom)
2025-05-12 14:24:52,631 [318d5f9c-a548-45a7-96e8-01a796af6bbe-groupManagement] INFO  server.RaftServerConfigKeys (ConfUtils.java:logGet(46)) - raft.server.log.statemachine.data.read.timeout = 1000ms (default)
2025-05-12 14:24:52,631 [318d5f9c-a548-45a7-96e8-01a796af6bbe-groupManagement] INFO  server.RaftServerConfigKeys (ConfUtils.java:logGet(46)) - raft.server.log.purge.preservation.log.num = 0 (default)
2025-05-12 14:24:52,633 [318d5f9c-a548-45a7-96e8-01a796af6bbe-groupManagement] INFO  server.RaftServerConfigKeys (ConfUtils.java:logGet(46)) - raft.server.log.segment.size.max = 67108864 (custom)
2025-05-12 14:24:52,634 [318d5f9c-a548-45a7-96e8-01a796af6bbe-groupManagement] INFO  server.RaftServerConfigKeys (ConfUtils.java:logGet(46)) - raft.server.log.segment.cache.num.max = 2 (custom)
2025-05-12 14:24:52,634 [318d5f9c-a548-45a7-96e8-01a796af6bbe-groupManagement] INFO  server.RaftServerConfigKeys (ConfUtils.java:logGet(46)) - raft.server.log.segment.cache.size.max = 200MB (=209715200) (default)
2025-05-12 14:24:52,634 [318d5f9c-a548-45a7-96e8-01a796af6bbe-groupManagement] INFO  server.RaftServerConfigKeys (ConfUtils.java:logGet(46)) - raft.server.log.appender.buffer.byte-limit = 33554432 (custom)
2025-05-12 14:24:52,634 [318d5f9c-a548-45a7-96e8-01a796af6bbe-groupManagement] INFO  util.AwaitToRun (AwaitToRun.java:start(81)) - Thread[#910,318d5f9c-a548-45a7-96e8-01a796af6bbe@group-A2F4B778C756-cacheEviction-AwaitToRun,5,main] started
2025-05-12 14:24:52,634 [318d5f9c-a548-45a7-96e8-01a796af6bbe-groupManagement] INFO  segmented.SegmentedRaftLogWorker (SegmentedRaftLogWorker.java:<init>(188)) - new 318d5f9c-a548-45a7-96e8-01a796af6bbe@group-A2F4B778C756-SegmentedRaftLogWorker for RaftStorageImpl:Storage Directory /home/runner/work/ozone/ozone/hadoop-ozone/integration-test-s3/target/test-dir/MiniOzoneClusterImpl-3d63a36f-1eaa-4b4c-95b9-e111fcfd97b0/ozone-meta/datanode-1/ratis/266f1024-9bc3-4445-8562-a2f4b778c756
2025-05-12 14:24:52,635 [318d5f9c-a548-45a7-96e8-01a796af6bbe-groupManagement] INFO  server.RaftServerConfigKeys (ConfUtils.java:logGet(46)) - raft.server.log.queue.byte-limit = 4294967296 (custom)
2025-05-12 14:24:52,635 [318d5f9c-a548-45a7-96e8-01a796af6bbe-groupManagement] INFO  server.RaftServerConfigKeys (ConfUtils.java:logGet(46)) - raft.server.log.queue.element-limit = 1024 (custom)
2025-05-12 14:24:52,635 [318d5f9c-a548-45a7-96e8-01a796af6bbe-groupManagement] INFO  server.RaftServerConfigKeys (ConfUtils.java:logGet(46)) - raft.server.log.segment.size.max = 67108864 (custom)
2025-05-12 14:24:52,635 [318d5f9c-a548-45a7-96e8-01a796af6bbe-groupManagement] INFO  server.RaftServerConfigKeys (ConfUtils.java:logGet(46)) - raft.server.log.preallocated.size = 4194304 (custom)
2025-05-12 14:24:52,635 [318d5f9c-a548-45a7-96e8-01a796af6bbe-groupManagement] INFO  server.RaftServerConfigKeys (ConfUtils.java:logGet(46)) - raft.server.log.force.sync.num = 128 (default)
2025-05-12 14:24:52,635 [318d5f9c-a548-45a7-96e8-01a796af6bbe-groupManagement] INFO  server.RaftServerConfigKeys (ConfUtils.java:logGet(46)) - raft.server.log.statemachine.data.sync = true (default)
2025-05-12 14:24:52,635 [318d5f9c-a548-45a7-96e8-01a796af6bbe-groupManagement] INFO  server.RaftServerConfigKeys (ConfUtils.java:logGet(46)) - raft.server.log.statemachine.data.sync.timeout = 10s (default)
2025-05-12 14:24:52,635 [318d5f9c-a548-45a7-96e8-01a796af6bbe-groupManagement] INFO  server.RaftServerConfigKeys (ConfUtils.java:logGet(46)) - raft.server.log.statemachine.data.sync.timeout.retry = 30 (custom)
2025-05-12 14:24:52,636 [318d5f9c-a548-45a7-96e8-01a796af6bbe-groupManagement] INFO  server.RaftServerConfigKeys (ConfUtils.java:logGet(46)) - raft.server.log.write.buffer.size = 33554440 (custom)
2025-05-12 14:24:52,641 [318d5f9c-a548-45a7-96e8-01a796af6bbe-groupManagement] INFO  server.RaftServerConfigKeys (ConfUtils.java:logGet(46)) - raft.server.log.appender.buffer.byte-limit = 33554432 (custom)
2025-05-12 14:24:52,642 [318d5f9c-a548-45a7-96e8-01a796af6bbe-groupManagement] INFO  server.RaftServerConfigKeys (ConfUtils.java:logGet(46)) - raft.server.log.unsafe-flush.enabled = false (default)
2025-05-12 14:24:52,642 [318d5f9c-a548-45a7-96e8-01a796af6bbe-groupManagement] INFO  server.RaftServerConfigKeys (ConfUtils.java:logGet(46)) - raft.server.log.async-flush.enabled = false (default)
2025-05-12 14:24:52,642 [318d5f9c-a548-45a7-96e8-01a796af6bbe-groupManagement] INFO  server.RaftServerConfigKeys (ConfUtils.java:logGet(46)) - raft.server.log.statemachine.data.caching.enabled = true (custom)
2025-05-12 14:24:52,642 [318d5f9c-a548-45a7-96e8-01a796af6bbe-groupManagement] INFO  segmented.SegmentedRaftLogWorker (SegmentedRaftLogWorker.java:lambda$new$0(139)) - 318d5f9c-a548-45a7-96e8-01a796af6bbe@group-A2F4B778C756-SegmentedRaftLogWorker: flushIndex: setUnconditionally 0 -> -1
2025-05-12 14:24:52,642 [318d5f9c-a548-45a7-96e8-01a796af6bbe-groupManagement] INFO  segmented.SegmentedRaftLogWorker (SegmentedRaftLogWorker.java:lambda$new$0(139)) - 318d5f9c-a548-45a7-96e8-01a796af6bbe@group-A2F4B778C756-SegmentedRaftLogWorker: safeCacheEvictIndex: setUnconditionally 0 -> -1
2025-05-12 14:24:52,642 [318d5f9c-a548-45a7-96e8-01a796af6bbe-groupManagement] INFO  server.RaftServer$Division (RaftServerImpl.java:start(391)) - 318d5f9c-a548-45a7-96e8-01a796af6bbe@group-A2F4B778C756: start as a follower, conf=conf: {index: -1, cur=peers:[854da54c-a3b1-4b54-a80c-9675284bfbe1|127.0.0.1:15023, 318d5f9c-a548-45a7-96e8-01a796af6bbe|127.0.0.1:15015, a991347c-fe65-440a-a23f-e482601a678a|127.0.0.1:15031]|listeners:[], old=null}
2025-05-12 14:24:52,643 [318d5f9c-a548-45a7-96e8-01a796af6bbe-groupManagement] INFO  server.RaftServer$Division (RaftServerImpl.java:setRole(378)) - 318d5f9c-a548-45a7-96e8-01a796af6bbe@group-A2F4B778C756: changes role from      null to FOLLOWER at term 0 for startAsFollower
2025-05-12 14:24:52,643 [318d5f9c-a548-45a7-96e8-01a796af6bbe-groupManagement] INFO  impl.RoleInfo (RoleInfo.java:updateAndGet(148)) - 318d5f9c-a548-45a7-96e8-01a796af6bbe: start 318d5f9c-a548-45a7-96e8-01a796af6bbe@group-A2F4B778C756-FollowerState
2025-05-12 14:24:52,643 [318d5f9c-a548-45a7-96e8-01a796af6bbe@group-A2F4B778C756-FollowerState] INFO  server.RaftServerConfigKeys (ConfUtils.java:logGet(46)) - raft.server.rpc.first-election.timeout.min = 1000ms (custom)
2025-05-12 14:24:52,643 [318d5f9c-a548-45a7-96e8-01a796af6bbe@group-A2F4B778C756-FollowerState] INFO  server.RaftServerConfigKeys (ConfUtils.java:logGet(46)) - raft.server.rpc.first-election.timeout.max = 1200ms (custom)
2025-05-12 14:24:52,643 [318d5f9c-a548-45a7-96e8-01a796af6bbe-groupManagement] INFO  util.JmxRegister (JmxRegister.java:tryRegister(44)) - Successfully registered JMX Bean with object name Ratis:service=RaftServer,group=group-A2F4B778C756,id=318d5f9c-a548-45a7-96e8-01a796af6bbe
2025-05-12 14:24:52,644 [318d5f9c-a548-45a7-96e8-01a796af6bbe-groupManagement] INFO  util.JmxRegister (JmxRegister.java:register(58)) - register mxBean class org.apache.ratis.server.impl.RaftServerJmxAdapter as Ratis:service=RaftServer,group=group-A2F4B778C756,id=318d5f9c-a548-45a7-96e8-01a796af6bbe
2025-05-12 14:24:52,644 [318d5f9c-a548-45a7-96e8-01a796af6bbe-groupManagement] INFO  server.RaftServerConfigKeys (ConfUtils.java:logGet(46)) - raft.server.snapshot.trigger-when-stop.enabled = true (default)
2025-05-12 14:24:52,644 [318d5f9c-a548-45a7-96e8-01a796af6bbe-groupManagement] INFO  server.RaftServerConfigKeys (ConfUtils.java:logGet(46)) - raft.server.snapshot.trigger-when-remove.enabled = true (default)
2025-05-12 14:24:52,644 [318d5f9c-a548-45a7-96e8-01a796af6bbe-groupManagement] INFO  server.RaftServerConfigKeys (ConfUtils.java:logGet(46)) - raft.server.snapshot.auto.trigger.enabled = true (custom)
2025-05-12 14:24:52,644 [318d5f9c-a548-45a7-96e8-01a796af6bbe-groupManagement] INFO  server.RaftServerConfigKeys (ConfUtils.java:logGet(46)) - raft.server.snapshot.auto.trigger.threshold = 100000 (custom)
2025-05-12 14:24:52,644 [318d5f9c-a548-45a7-96e8-01a796af6bbe-groupManagement] INFO  server.RaftServerConfigKeys (ConfUtils.java:logGet(46)) - raft.server.snapshot.retention.file.num = 5 (custom)
2025-05-12 14:24:52,644 [EventQueue-PipelineReportForOneReplicaPipelineSafeModeRule] INFO  safemode.SCMSafeModeManager (SCMSafeModeManager.java:validateSafeModeExitRules(140)) - AtleastOneDatanodeReportedRule rule is successfully validated
2025-05-12 14:24:52,644 [318d5f9c-a548-45a7-96e8-01a796af6bbe-groupManagement] INFO  server.RaftServerConfigKeys (ConfUtils.java:logGet(46)) - raft.server.log.purge.upto.snapshot.index = false (default)
2025-05-12 14:24:52,645 [318d5f9c-a548-45a7-96e8-01a796af6bbe-groupManagement] INFO  server.RaftServer$Division (RaftServerImpl.java:start(405)) - 318d5f9c-a548-45a7-96e8-01a796af6bbe@group-A2F4B778C756: Successfully started.
2025-05-12 14:24:52,646 [318d5f9c-a548-45a7-96e8-01a796af6bbe-PipelineCommandHandlerThread-0] INFO  ratis.XceiverServerRatis (XceiverServerRatis.java:addGroup(843)) - Created group PipelineID=266f1024-9bc3-4445-8562-a2f4b778c756
2025-05-12 14:24:52,819 [854da54c-a3b1-4b54-a80c-9675284bfbe1-PipelineCommandHandlerThread-0] INFO  server.RaftServer (RaftServerProxy.java:addNew(100)) - 854da54c-a3b1-4b54-a80c-9675284bfbe1: addNew group-A2F4B778C756:[854da54c-a3b1-4b54-a80c-9675284bfbe1|127.0.0.1:15023, 318d5f9c-a548-45a7-96e8-01a796af6bbe|127.0.0.1:15015, a991347c-fe65-440a-a23f-e482601a678a|127.0.0.1:15031] returns group-A2F4B778C756:java.util.concurrent.CompletableFuture@390d1f1[Not completed]
2025-05-12 14:24:52,820 [854da54c-a3b1-4b54-a80c-9675284bfbe1-groupManagement] INFO  server.RaftServer$Division (RaftServerImpl.java:<init>(255)) - 854da54c-a3b1-4b54-a80c-9675284bfbe1: new RaftServerImpl for group-A2F4B778C756:[854da54c-a3b1-4b54-a80c-9675284bfbe1|127.0.0.1:15023, 318d5f9c-a548-45a7-96e8-01a796af6bbe|127.0.0.1:15015, a991347c-fe65-440a-a23f-e482601a678a|127.0.0.1:15031] with ContainerStateMachine:uninitialized
2025-05-12 14:24:52,820 [854da54c-a3b1-4b54-a80c-9675284bfbe1-groupManagement] INFO  server.RaftServerConfigKeys (ConfUtils.java:logGet(46)) - raft.server.rpc.timeout.min = 5s (custom)
2025-05-12 14:24:52,821 [854da54c-a3b1-4b54-a80c-9675284bfbe1-groupManagement] INFO  server.RaftServerConfigKeys (ConfUtils.java:logGet(46)) - raft.server.rpc.timeout.max = 5200ms (custom)
2025-05-12 14:24:52,821 [854da54c-a3b1-4b54-a80c-9675284bfbe1-groupManagement] INFO  server.RaftServerConfigKeys (ConfUtils.java:logGet(46)) - raft.server.rpc.sleep.time = 25ms (default)
2025-05-12 14:24:52,821 [854da54c-a3b1-4b54-a80c-9675284bfbe1-groupManagement] INFO  server.RaftServerConfigKeys (ConfUtils.java:logGet(46)) - raft.server.rpc.slowness.timeout = 300s (custom)
2025-05-12 14:24:52,821 [854da54c-a3b1-4b54-a80c-9675284bfbe1-groupManagement] INFO  server.RaftServerConfigKeys (ConfUtils.java:logGet(46)) - raft.server.leaderelection.leader.step-down.wait-time = 10s (default)
2025-05-12 14:24:52,821 [854da54c-a3b1-4b54-a80c-9675284bfbe1-groupManagement] INFO  server.RaftServerConfigKeys (ConfUtils.java:logGet(46)) - raft.server.leaderelection.member.majority-add = false (default)
2025-05-12 14:24:52,821 [854da54c-a3b1-4b54-a80c-9675284bfbe1-groupManagement] INFO  server.RaftServerConfigKeys (ConfUtils.java:logGet(46)) - raft.server.sleep.deviation.threshold = 300ms (default)
2025-05-12 14:24:52,821 [854da54c-a3b1-4b54-a80c-9675284bfbe1-groupManagement] INFO  server.RaftServer$Division (ServerState.java:<init>(114)) - 854da54c-a3b1-4b54-a80c-9675284bfbe1@group-A2F4B778C756: ConfigurationManager, init=conf: {index: -1, cur=peers:[854da54c-a3b1-4b54-a80c-9675284bfbe1|127.0.0.1:15023, 318d5f9c-a548-45a7-96e8-01a796af6bbe|127.0.0.1:15015, a991347c-fe65-440a-a23f-e482601a678a|127.0.0.1:15031]|listeners:[], old=null}, confs=<EMPTY_MAP>
2025-05-12 14:24:52,821 [854da54c-a3b1-4b54-a80c-9675284bfbe1-groupManagement] INFO  server.RaftServerConfigKeys (ConfUtils.java:logGet(46)) - raft.server.notification.no-leader.timeout = 300s (custom)
2025-05-12 14:24:52,821 [854da54c-a3b1-4b54-a80c-9675284bfbe1-groupManagement] INFO  server.RaftServerConfigKeys (ConfUtils.java:logGet(46)) - raft.server.read.timeout = 10s (default)
2025-05-12 14:24:52,821 [854da54c-a3b1-4b54-a80c-9675284bfbe1-groupManagement] INFO  server.RaftServerConfigKeys (ConfUtils.java:logGet(46)) - raft.server.retrycache.expirytime = 600000ms (custom)
2025-05-12 14:24:52,822 [854da54c-a3b1-4b54-a80c-9675284bfbe1-groupManagement] INFO  server.RaftServerConfigKeys (ConfUtils.java:logGet(46)) - raft.server.retrycache.statistics.expirytime = 100ms (default)
2025-05-12 14:24:52,822 [854da54c-a3b1-4b54-a80c-9675284bfbe1-groupManagement] INFO  server.RaftServerConfigKeys (ConfUtils.java:logGet(46)) - raft.server.read.option = DEFAULT (default)
2025-05-12 14:24:52,822 [854da54c-a3b1-4b54-a80c-9675284bfbe1-groupManagement] INFO  server.RaftServerConfigKeys (ConfUtils.java:logGet(46)) - raft.server.read.read-after-write-consistent.write-index-cache.expiry-time = 60s (default)
2025-05-12 14:24:52,827 [854da54c-a3b1-4b54-a80c-9675284bfbe1-groupManagement] INFO  server.RaftServerConfigKeys (ConfUtils.java:logGet(46)) - raft.server.rpc.request.timeout = 60s (custom)
2025-05-12 14:24:52,827 [854da54c-a3b1-4b54-a80c-9675284bfbe1-groupManagement] INFO  server.RaftServerConfigKeys (ConfUtils.java:logGet(46)) - raft.server.log.appender.install.snapshot.enabled = false (custom)
2025-05-12 14:24:52,827 [854da54c-a3b1-4b54-a80c-9675284bfbe1-groupManagement] INFO  server.RaftServerConfigKeys (ConfUtils.java:logGet(46)) - raft.server.threadpool.server.cached = true (default)
2025-05-12 14:24:52,827 [854da54c-a3b1-4b54-a80c-9675284bfbe1-groupManagement] INFO  server.RaftServerConfigKeys (ConfUtils.java:logGet(46)) - raft.server.threadpool.server.size = 0 (default)
2025-05-12 14:24:52,827 [854da54c-a3b1-4b54-a80c-9675284bfbe1-groupManagement] INFO  server.RaftServerConfigKeys (ConfUtils.java:logGet(46)) - raft.server.threadpool.client.cached = true (default)
2025-05-12 14:24:52,827 [854da54c-a3b1-4b54-a80c-9675284bfbe1-groupManagement] INFO  server.RaftServerConfigKeys (ConfUtils.java:logGet(46)) - raft.server.threadpool.client.size = 0 (default)
2025-05-12 14:24:52,827 [854da54c-a3b1-4b54-a80c-9675284bfbe1-groupManagement] INFO  server.RaftServerConfigKeys (ConfUtils.java:logGet(46)) - raft.server.storage.free-space.min = 0MB (=0) (default)
2025-05-12 14:24:52,827 [854da54c-a3b1-4b54-a80c-9675284bfbe1-groupManagement] INFO  server.RaftServerConfigKeys (ConfUtils.java:logGet(46)) - raft.server.log.corruption.policy = EXCEPTION (default)
2025-05-12 14:24:52,827 [854da54c-a3b1-4b54-a80c-9675284bfbe1-groupManagement] INFO  server.RaftServerConfigKeys (ConfUtils.java:logGet(46)) - raft.server.storage.dir = [/home/runner/work/ozone/ozone/hadoop-ozone/integration-test-s3/target/test-dir/MiniOzoneClusterImpl-3d63a36f-1eaa-4b4c-95b9-e111fcfd97b0/ozone-meta/datanode-2/ratis] (custom)
2025-05-12 14:24:52,827 [854da54c-a3b1-4b54-a80c-9675284bfbe1-groupManagement] INFO  storage.RaftStorageDirectory (RaftStorageDirectoryImpl.java:analyzeStorage(138)) - The storage directory /home/runner/work/ozone/ozone/hadoop-ozone/integration-test-s3/target/test-dir/MiniOzoneClusterImpl-3d63a36f-1eaa-4b4c-95b9-e111fcfd97b0/ozone-meta/datanode-2/ratis/266f1024-9bc3-4445-8562-a2f4b778c756 does not exist. Creating ...
2025-05-12 14:24:52,829 [854da54c-a3b1-4b54-a80c-9675284bfbe1-groupManagement] INFO  storage.RaftStorageDirectory (RaftStorageDirectoryImpl.java:tryLock(229)) - Lock on /home/runner/work/ozone/ozone/hadoop-ozone/integration-test-s3/target/test-dir/MiniOzoneClusterImpl-3d63a36f-1eaa-4b4c-95b9-e111fcfd97b0/ozone-meta/datanode-2/ratis/266f1024-9bc3-4445-8562-a2f4b778c756/in_use.lock acquired by nodename 75962@pkrvmberfyhpb9w
2025-05-12 14:24:52,830 [854da54c-a3b1-4b54-a80c-9675284bfbe1-groupManagement] INFO  storage.RaftStorage (RaftStorageImpl.java:format(98)) - Storage directory /home/runner/work/ozone/ozone/hadoop-ozone/integration-test-s3/target/test-dir/MiniOzoneClusterImpl-3d63a36f-1eaa-4b4c-95b9-e111fcfd97b0/ozone-meta/datanode-2/ratis/266f1024-9bc3-4445-8562-a2f4b778c756 has been successfully formatted.
2025-05-12 14:24:52,830 [854da54c-a3b1-4b54-a80c-9675284bfbe1-groupManagement] INFO  ratis.ContainerStateMachine (ContainerStateMachine.java:initialize(339)) - 854da54c-a3b1-4b54-a80c-9675284bfbe1: initialize group-A2F4B778C756
2025-05-12 14:24:52,831 [854da54c-a3b1-4b54-a80c-9675284bfbe1-groupManagement] INFO  ratis.ContainerStateMachine (ContainerStateMachine.java:loadSnapshot(347)) - group-A2F4B778C756: The snapshot info is null. Setting the last applied index to:(t:0, i:~)
2025-05-12 14:24:52,831 [854da54c-a3b1-4b54-a80c-9675284bfbe1-groupManagement] INFO  server.RaftServerConfigKeys (ConfUtils.java:logGet(46)) - raft.server.log.use.memory = false (default)
2025-05-12 14:24:52,831 [854da54c-a3b1-4b54-a80c-9675284bfbe1-groupManagement] INFO  server.RaftServerConfigKeys (ConfUtils.java:logGet(46)) - raft.server.log.purge.gap = 1000000 (custom)
2025-05-12 14:24:52,831 [854da54c-a3b1-4b54-a80c-9675284bfbe1-groupManagement] INFO  server.RaftServerConfigKeys (ConfUtils.java:logGet(46)) - raft.server.log.appender.buffer.byte-limit = 33554432 (custom)
2025-05-12 14:24:52,831 [854da54c-a3b1-4b54-a80c-9675284bfbe1-groupManagement] INFO  server.RaftServerConfigKeys (ConfUtils.java:logGet(46)) - raft.server.log.statemachine.data.read.timeout = 1000ms (default)
2025-05-12 14:24:52,831 [854da54c-a3b1-4b54-a80c-9675284bfbe1-groupManagement] INFO  server.RaftServerConfigKeys (ConfUtils.java:logGet(46)) - raft.server.log.purge.preservation.log.num = 0 (default)
2025-05-12 14:24:52,832 [EventQueue-PipelineReportForOneReplicaPipelineSafeModeRule] INFO  safemode.SCMSafeModeManager (SCMSafeModeManager.java:validateSafeModeExitRules(140)) - AtleastOneDatanodeReportedRule rule is successfully validated
2025-05-12 14:24:52,834 [854da54c-a3b1-4b54-a80c-9675284bfbe1-groupManagement] INFO  server.RaftServerConfigKeys (ConfUtils.java:logGet(46)) - raft.server.log.segment.size.max = 67108864 (custom)
2025-05-12 14:24:52,834 [854da54c-a3b1-4b54-a80c-9675284bfbe1-groupManagement] INFO  server.RaftServerConfigKeys (ConfUtils.java:logGet(46)) - raft.server.log.segment.cache.num.max = 2 (custom)
2025-05-12 14:24:52,834 [854da54c-a3b1-4b54-a80c-9675284bfbe1-groupManagement] INFO  server.RaftServerConfigKeys (ConfUtils.java:logGet(46)) - raft.server.log.segment.cache.size.max = 200MB (=209715200) (default)
2025-05-12 14:24:52,834 [854da54c-a3b1-4b54-a80c-9675284bfbe1-groupManagement] INFO  server.RaftServerConfigKeys (ConfUtils.java:logGet(46)) - raft.server.log.appender.buffer.byte-limit = 33554432 (custom)
2025-05-12 14:24:52,835 [854da54c-a3b1-4b54-a80c-9675284bfbe1-groupManagement] INFO  util.AwaitToRun (AwaitToRun.java:start(81)) - Thread[#921,854da54c-a3b1-4b54-a80c-9675284bfbe1@group-A2F4B778C756-cacheEviction-AwaitToRun,5,main] started
2025-05-12 14:24:52,835 [854da54c-a3b1-4b54-a80c-9675284bfbe1-groupManagement] INFO  segmented.SegmentedRaftLogWorker (SegmentedRaftLogWorker.java:<init>(188)) - new 854da54c-a3b1-4b54-a80c-9675284bfbe1@group-A2F4B778C756-SegmentedRaftLogWorker for RaftStorageImpl:Storage Directory /home/runner/work/ozone/ozone/hadoop-ozone/integration-test-s3/target/test-dir/MiniOzoneClusterImpl-3d63a36f-1eaa-4b4c-95b9-e111fcfd97b0/ozone-meta/datanode-2/ratis/266f1024-9bc3-4445-8562-a2f4b778c756
2025-05-12 14:24:52,835 [854da54c-a3b1-4b54-a80c-9675284bfbe1-groupManagement] INFO  server.RaftServerConfigKeys (ConfUtils.java:logGet(46)) - raft.server.log.queue.byte-limit = 4294967296 (custom)
2025-05-12 14:24:52,835 [854da54c-a3b1-4b54-a80c-9675284bfbe1-groupManagement] INFO  server.RaftServerConfigKeys (ConfUtils.java:logGet(46)) - raft.server.log.queue.element-limit = 1024 (custom)
2025-05-12 14:24:52,836 [854da54c-a3b1-4b54-a80c-9675284bfbe1-groupManagement] INFO  server.RaftServerConfigKeys (ConfUtils.java:logGet(46)) - raft.server.log.segment.size.max = 67108864 (custom)
2025-05-12 14:24:52,836 [854da54c-a3b1-4b54-a80c-9675284bfbe1-groupManagement] INFO  server.RaftServerConfigKeys (ConfUtils.java:logGet(46)) - raft.server.log.preallocated.size = 4194304 (custom)
2025-05-12 14:24:52,836 [854da54c-a3b1-4b54-a80c-9675284bfbe1-groupManagement] INFO  server.RaftServerConfigKeys (ConfUtils.java:logGet(46)) - raft.server.log.force.sync.num = 128 (default)
2025-05-12 14:24:52,837 [854da54c-a3b1-4b54-a80c-9675284bfbe1-groupManagement] INFO  server.RaftServerConfigKeys (ConfUtils.java:logGet(46)) - raft.server.log.statemachine.data.sync = true (default)
2025-05-12 14:24:52,837 [854da54c-a3b1-4b54-a80c-9675284bfbe1-groupManagement] INFO  server.RaftServerConfigKeys (ConfUtils.java:logGet(46)) - raft.server.log.statemachine.data.sync.timeout = 10s (default)
2025-05-12 14:24:52,837 [854da54c-a3b1-4b54-a80c-9675284bfbe1-groupManagement] INFO  server.RaftServerConfigKeys (ConfUtils.java:logGet(46)) - raft.server.log.statemachine.data.sync.timeout.retry = 30 (custom)
2025-05-12 14:24:52,837 [854da54c-a3b1-4b54-a80c-9675284bfbe1-groupManagement] INFO  server.RaftServerConfigKeys (ConfUtils.java:logGet(46)) - raft.server.log.write.buffer.size = 33554440 (custom)
2025-05-12 14:24:52,843 [854da54c-a3b1-4b54-a80c-9675284bfbe1-groupManagement] INFO  server.RaftServerConfigKeys (ConfUtils.java:logGet(46)) - raft.server.log.appender.buffer.byte-limit = 33554432 (custom)
2025-05-12 14:24:52,843 [854da54c-a3b1-4b54-a80c-9675284bfbe1-groupManagement] INFO  server.RaftServerConfigKeys (ConfUtils.java:logGet(46)) - raft.server.log.unsafe-flush.enabled = false (default)
2025-05-12 14:24:52,844 [854da54c-a3b1-4b54-a80c-9675284bfbe1-groupManagement] INFO  server.RaftServerConfigKeys (ConfUtils.java:logGet(46)) - raft.server.log.async-flush.enabled = false (default)
2025-05-12 14:24:52,844 [854da54c-a3b1-4b54-a80c-9675284bfbe1-groupManagement] INFO  server.RaftServerConfigKeys (ConfUtils.java:logGet(46)) - raft.server.log.statemachine.data.caching.enabled = true (custom)
2025-05-12 14:24:52,844 [854da54c-a3b1-4b54-a80c-9675284bfbe1-groupManagement] INFO  segmented.SegmentedRaftLogWorker (SegmentedRaftLogWorker.java:lambda$new$0(139)) - 854da54c-a3b1-4b54-a80c-9675284bfbe1@group-A2F4B778C756-SegmentedRaftLogWorker: flushIndex: setUnconditionally 0 -> -1
2025-05-12 14:24:52,844 [854da54c-a3b1-4b54-a80c-9675284bfbe1-groupManagement] INFO  segmented.SegmentedRaftLogWorker (SegmentedRaftLogWorker.java:lambda$new$0(139)) - 854da54c-a3b1-4b54-a80c-9675284bfbe1@group-A2F4B778C756-SegmentedRaftLogWorker: safeCacheEvictIndex: setUnconditionally 0 -> -1
2025-05-12 14:24:52,845 [854da54c-a3b1-4b54-a80c-9675284bfbe1-groupManagement] INFO  server.RaftServer$Division (RaftServerImpl.java:start(391)) - 854da54c-a3b1-4b54-a80c-9675284bfbe1@group-A2F4B778C756: start as a follower, conf=conf: {index: -1, cur=peers:[854da54c-a3b1-4b54-a80c-9675284bfbe1|127.0.0.1:15023, 318d5f9c-a548-45a7-96e8-01a796af6bbe|127.0.0.1:15015, a991347c-fe65-440a-a23f-e482601a678a|127.0.0.1:15031]|listeners:[], old=null}
2025-05-12 14:24:52,845 [854da54c-a3b1-4b54-a80c-9675284bfbe1-groupManagement] INFO  server.RaftServer$Division (RaftServerImpl.java:setRole(378)) - 854da54c-a3b1-4b54-a80c-9675284bfbe1@group-A2F4B778C756: changes role from      null to FOLLOWER at term 0 for startAsFollower
2025-05-12 14:24:52,845 [854da54c-a3b1-4b54-a80c-9675284bfbe1-groupManagement] INFO  impl.RoleInfo (RoleInfo.java:updateAndGet(148)) - 854da54c-a3b1-4b54-a80c-9675284bfbe1: start 854da54c-a3b1-4b54-a80c-9675284bfbe1@group-A2F4B778C756-FollowerState
2025-05-12 14:24:52,845 [854da54c-a3b1-4b54-a80c-9675284bfbe1@group-A2F4B778C756-FollowerState] INFO  server.RaftServerConfigKeys (ConfUtils.java:logGet(46)) - raft.server.rpc.first-election.timeout.min = 1000ms (custom)
2025-05-12 14:24:52,845 [854da54c-a3b1-4b54-a80c-9675284bfbe1@group-A2F4B778C756-FollowerState] INFO  server.RaftServerConfigKeys (ConfUtils.java:logGet(46)) - raft.server.rpc.first-election.timeout.max = 1200ms (custom)
2025-05-12 14:24:52,846 [854da54c-a3b1-4b54-a80c-9675284bfbe1-groupManagement] INFO  util.JmxRegister (JmxRegister.java:tryRegister(44)) - Successfully registered JMX Bean with object name Ratis:service=RaftServer,group=group-A2F4B778C756,id=854da54c-a3b1-4b54-a80c-9675284bfbe1
2025-05-12 14:24:52,846 [854da54c-a3b1-4b54-a80c-9675284bfbe1-groupManagement] INFO  util.JmxRegister (JmxRegister.java:register(58)) - register mxBean class org.apache.ratis.server.impl.RaftServerJmxAdapter as Ratis:service=RaftServer,group=group-A2F4B778C756,id=854da54c-a3b1-4b54-a80c-9675284bfbe1
2025-05-12 14:24:52,846 [854da54c-a3b1-4b54-a80c-9675284bfbe1-groupManagement] INFO  server.RaftServerConfigKeys (ConfUtils.java:logGet(46)) - raft.server.snapshot.trigger-when-stop.enabled = true (default)
2025-05-12 14:24:52,846 [854da54c-a3b1-4b54-a80c-9675284bfbe1-groupManagement] INFO  server.RaftServerConfigKeys (ConfUtils.java:logGet(46)) - raft.server.snapshot.trigger-when-remove.enabled = true (default)
2025-05-12 14:24:52,846 [854da54c-a3b1-4b54-a80c-9675284bfbe1-groupManagement] INFO  server.RaftServerConfigKeys (ConfUtils.java:logGet(46)) - raft.server.snapshot.auto.trigger.enabled = true (custom)
2025-05-12 14:24:52,846 [854da54c-a3b1-4b54-a80c-9675284bfbe1-groupManagement] INFO  server.RaftServerConfigKeys (ConfUtils.java:logGet(46)) - raft.server.snapshot.auto.trigger.threshold = 100000 (custom)
2025-05-12 14:24:52,846 [854da54c-a3b1-4b54-a80c-9675284bfbe1-groupManagement] INFO  server.RaftServerConfigKeys (ConfUtils.java:logGet(46)) - raft.server.snapshot.retention.file.num = 5 (custom)
2025-05-12 14:24:52,846 [854da54c-a3b1-4b54-a80c-9675284bfbe1-groupManagement] INFO  server.RaftServerConfigKeys (ConfUtils.java:logGet(46)) - raft.server.log.purge.upto.snapshot.index = false (default)
2025-05-12 14:24:52,847 [854da54c-a3b1-4b54-a80c-9675284bfbe1-groupManagement] INFO  server.RaftServer$Division (RaftServerImpl.java:start(405)) - 854da54c-a3b1-4b54-a80c-9675284bfbe1@group-A2F4B778C756: Successfully started.
2025-05-12 14:24:52,847 [854da54c-a3b1-4b54-a80c-9675284bfbe1-PipelineCommandHandlerThread-0] INFO  ratis.XceiverServerRatis (XceiverServerRatis.java:addGroup(843)) - Created group PipelineID=266f1024-9bc3-4445-8562-a2f4b778c756
2025-05-12 14:24:52,889 [grpc-default-executor-0] INFO  server.RaftServer (RaftServerProxy.java:addNew(100)) - a991347c-fe65-440a-a23f-e482601a678a: addNew group-A2F4B778C756:[854da54c-a3b1-4b54-a80c-9675284bfbe1|127.0.0.1:15023, 318d5f9c-a548-45a7-96e8-01a796af6bbe|127.0.0.1:15015, a991347c-fe65-440a-a23f-e482601a678a|127.0.0.1:15031] returns group-A2F4B778C756:java.util.concurrent.CompletableFuture@73c600e8[Not completed]
2025-05-12 14:24:52,891 [a991347c-fe65-440a-a23f-e482601a678a-groupManagement] INFO  server.RaftServer$Division (RaftServerImpl.java:<init>(255)) - a991347c-fe65-440a-a23f-e482601a678a: new RaftServerImpl for group-A2F4B778C756:[854da54c-a3b1-4b54-a80c-9675284bfbe1|127.0.0.1:15023, 318d5f9c-a548-45a7-96e8-01a796af6bbe|127.0.0.1:15015, a991347c-fe65-440a-a23f-e482601a678a|127.0.0.1:15031] with ContainerStateMachine:uninitialized
2025-05-12 14:24:52,891 [a991347c-fe65-440a-a23f-e482601a678a-groupManagement] INFO  server.RaftServerConfigKeys (ConfUtils.java:logGet(46)) - raft.server.rpc.timeout.min = 5s (custom)
2025-05-12 14:24:52,891 [a991347c-fe65-440a-a23f-e482601a678a-groupManagement] INFO  server.RaftServerConfigKeys (ConfUtils.java:logGet(46)) - raft.server.rpc.timeout.max = 5200ms (custom)
2025-05-12 14:24:52,891 [a991347c-fe65-440a-a23f-e482601a678a-groupManagement] INFO  server.RaftServerConfigKeys (ConfUtils.java:logGet(46)) - raft.server.rpc.sleep.time = 25ms (default)
2025-05-12 14:24:52,891 [a991347c-fe65-440a-a23f-e482601a678a-groupManagement] INFO  server.RaftServerConfigKeys (ConfUtils.java:logGet(46)) - raft.server.rpc.slowness.timeout = 300s (custom)
2025-05-12 14:24:52,891 [a991347c-fe65-440a-a23f-e482601a678a-groupManagement] INFO  server.RaftServerConfigKeys (ConfUtils.java:logGet(46)) - raft.server.leaderelection.leader.step-down.wait-time = 10s (default)
2025-05-12 14:24:52,891 [a991347c-fe65-440a-a23f-e482601a678a-groupManagement] INFO  server.RaftServerConfigKeys (ConfUtils.java:logGet(46)) - raft.server.leaderelection.member.majority-add = false (default)
2025-05-12 14:24:52,891 [a991347c-fe65-440a-a23f-e482601a678a-groupManagement] INFO  server.RaftServerConfigKeys (ConfUtils.java:logGet(46)) - raft.server.sleep.deviation.threshold = 300ms (default)
2025-05-12 14:24:52,891 [a991347c-fe65-440a-a23f-e482601a678a-groupManagement] INFO  server.RaftServer$Division (ServerState.java:<init>(114)) - a991347c-fe65-440a-a23f-e482601a678a@group-A2F4B778C756: ConfigurationManager, init=conf: {index: -1, cur=peers:[854da54c-a3b1-4b54-a80c-9675284bfbe1|127.0.0.1:15023, 318d5f9c-a548-45a7-96e8-01a796af6bbe|127.0.0.1:15015, a991347c-fe65-440a-a23f-e482601a678a|127.0.0.1:15031]|listeners:[], old=null}, confs=<EMPTY_MAP>
2025-05-12 14:24:52,892 [a991347c-fe65-440a-a23f-e482601a678a-groupManagement] INFO  server.RaftServerConfigKeys (ConfUtils.java:logGet(46)) - raft.server.notification.no-leader.timeout = 300s (custom)
2025-05-12 14:24:52,892 [a991347c-fe65-440a-a23f-e482601a678a-groupManagement] INFO  server.RaftServerConfigKeys (ConfUtils.java:logGet(46)) - raft.server.read.timeout = 10s (default)
2025-05-12 14:24:52,892 [a991347c-fe65-440a-a23f-e482601a678a-groupManagement] INFO  server.RaftServerConfigKeys (ConfUtils.java:logGet(46)) - raft.server.retrycache.expirytime = 600000ms (custom)
2025-05-12 14:24:52,892 [a991347c-fe65-440a-a23f-e482601a678a-groupManagement] INFO  server.RaftServerConfigKeys (ConfUtils.java:logGet(46)) - raft.server.retrycache.statistics.expirytime = 100ms (default)
2025-05-12 14:24:52,892 [a991347c-fe65-440a-a23f-e482601a678a-groupManagement] INFO  server.RaftServerConfigKeys (ConfUtils.java:logGet(46)) - raft.server.read.option = DEFAULT (default)
2025-05-12 14:24:52,892 [a991347c-fe65-440a-a23f-e482601a678a-groupManagement] INFO  server.RaftServerConfigKeys (ConfUtils.java:logGet(46)) - raft.server.read.read-after-write-consistent.write-index-cache.expiry-time = 60s (default)
2025-05-12 14:24:52,898 [a991347c-fe65-440a-a23f-e482601a678a-groupManagement] INFO  server.RaftServerConfigKeys (ConfUtils.java:logGet(46)) - raft.server.rpc.request.timeout = 60s (custom)
2025-05-12 14:24:52,899 [a991347c-fe65-440a-a23f-e482601a678a-groupManagement] INFO  server.RaftServerConfigKeys (ConfUtils.java:logGet(46)) - raft.server.log.appender.install.snapshot.enabled = false (custom)
2025-05-12 14:24:52,899 [a991347c-fe65-440a-a23f-e482601a678a-groupManagement] INFO  server.RaftServerConfigKeys (ConfUtils.java:logGet(46)) - raft.server.threadpool.server.cached = true (default)
2025-05-12 14:24:52,899 [a991347c-fe65-440a-a23f-e482601a678a-groupManagement] INFO  server.RaftServerConfigKeys (ConfUtils.java:logGet(46)) - raft.server.threadpool.server.size = 0 (default)
2025-05-12 14:24:52,899 [a991347c-fe65-440a-a23f-e482601a678a-groupManagement] INFO  server.RaftServerConfigKeys (ConfUtils.java:logGet(46)) - raft.server.threadpool.client.cached = true (default)
2025-05-12 14:24:52,899 [a991347c-fe65-440a-a23f-e482601a678a-groupManagement] INFO  server.RaftServerConfigKeys (ConfUtils.java:logGet(46)) - raft.server.threadpool.client.size = 0 (default)
2025-05-12 14:24:52,899 [a991347c-fe65-440a-a23f-e482601a678a-groupManagement] INFO  server.RaftServerConfigKeys (ConfUtils.java:logGet(46)) - raft.server.storage.free-space.min = 0MB (=0) (default)
2025-05-12 14:24:52,899 [a991347c-fe65-440a-a23f-e482601a678a-groupManagement] INFO  server.RaftServerConfigKeys (ConfUtils.java:logGet(46)) - raft.server.log.corruption.policy = EXCEPTION (default)
2025-05-12 14:24:52,899 [a991347c-fe65-440a-a23f-e482601a678a-groupManagement] INFO  server.RaftServerConfigKeys (ConfUtils.java:logGet(46)) - raft.server.storage.dir = [/home/runner/work/ozone/ozone/hadoop-ozone/integration-test-s3/target/test-dir/MiniOzoneClusterImpl-3d63a36f-1eaa-4b4c-95b9-e111fcfd97b0/ozone-meta/datanode-3/ratis] (custom)
2025-05-12 14:24:52,899 [a991347c-fe65-440a-a23f-e482601a678a-groupManagement] INFO  storage.RaftStorageDirectory (RaftStorageDirectoryImpl.java:analyzeStorage(138)) - The storage directory /home/runner/work/ozone/ozone/hadoop-ozone/integration-test-s3/target/test-dir/MiniOzoneClusterImpl-3d63a36f-1eaa-4b4c-95b9-e111fcfd97b0/ozone-meta/datanode-3/ratis/266f1024-9bc3-4445-8562-a2f4b778c756 does not exist. Creating ...
2025-05-12 14:24:52,900 [a991347c-fe65-440a-a23f-e482601a678a-groupManagement] INFO  storage.RaftStorageDirectory (RaftStorageDirectoryImpl.java:tryLock(229)) - Lock on /home/runner/work/ozone/ozone/hadoop-ozone/integration-test-s3/target/test-dir/MiniOzoneClusterImpl-3d63a36f-1eaa-4b4c-95b9-e111fcfd97b0/ozone-meta/datanode-3/ratis/266f1024-9bc3-4445-8562-a2f4b778c756/in_use.lock acquired by nodename 75962@pkrvmberfyhpb9w
2025-05-12 14:24:52,902 [a991347c-fe65-440a-a23f-e482601a678a-groupManagement] INFO  storage.RaftStorage (RaftStorageImpl.java:format(98)) - Storage directory /home/runner/work/ozone/ozone/hadoop-ozone/integration-test-s3/target/test-dir/MiniOzoneClusterImpl-3d63a36f-1eaa-4b4c-95b9-e111fcfd97b0/ozone-meta/datanode-3/ratis/266f1024-9bc3-4445-8562-a2f4b778c756 has been successfully formatted.
2025-05-12 14:24:52,902 [854da54c-a3b1-4b54-a80c-9675284bfbe1-PipelineCommandHandlerThread-0] INFO  commandhandler.CreatePipelineCommandHandler (CreatePipelineCommandHandler.java:lambda$handle$2(128)) - Created Pipeline RATIS THREE PipelineID=266f1024-9bc3-4445-8562-a2f4b778c756.
2025-05-12 14:24:52,902 [854da54c-a3b1-4b54-a80c-9675284bfbe1-PipelineCommandHandlerThread-0] INFO  server.RaftServer (RaftServerProxy.java:addNew(100)) - 854da54c-a3b1-4b54-a80c-9675284bfbe1: addNew group-672574B3754B:[854da54c-a3b1-4b54-a80c-9675284bfbe1|127.0.0.1:15023, 318d5f9c-a548-45a7-96e8-01a796af6bbe|127.0.0.1:15015, a991347c-fe65-440a-a23f-e482601a678a|127.0.0.1:15031] returns group-672574B3754B:java.util.concurrent.CompletableFuture@318595da[Not completed]
2025-05-12 14:24:52,902 [a991347c-fe65-440a-a23f-e482601a678a-groupManagement] INFO  ratis.ContainerStateMachine (ContainerStateMachine.java:initialize(339)) - a991347c-fe65-440a-a23f-e482601a678a: initialize group-A2F4B778C756
2025-05-12 14:24:52,903 [a991347c-fe65-440a-a23f-e482601a678a-groupManagement] INFO  ratis.ContainerStateMachine (ContainerStateMachine.java:loadSnapshot(347)) - group-A2F4B778C756: The snapshot info is null. Setting the last applied index to:(t:0, i:~)
2025-05-12 14:24:52,903 [a991347c-fe65-440a-a23f-e482601a678a-groupManagement] INFO  server.RaftServerConfigKeys (ConfUtils.java:logGet(46)) - raft.server.log.use.memory = false (default)
2025-05-12 14:24:52,903 [a991347c-fe65-440a-a23f-e482601a678a-groupManagement] INFO  server.RaftServerConfigKeys (ConfUtils.java:logGet(46)) - raft.server.log.purge.gap = 1000000 (custom)
2025-05-12 14:24:52,903 [a991347c-fe65-440a-a23f-e482601a678a-groupManagement] INFO  server.RaftServerConfigKeys (ConfUtils.java:logGet(46)) - raft.server.log.appender.buffer.byte-limit = 33554432 (custom)
2025-05-12 14:24:52,903 [a991347c-fe65-440a-a23f-e482601a678a-groupManagement] INFO  server.RaftServerConfigKeys (ConfUtils.java:logGet(46)) - raft.server.log.statemachine.data.read.timeout = 1000ms (default)
2025-05-12 14:24:52,903 [a991347c-fe65-440a-a23f-e482601a678a-groupManagement] INFO  server.RaftServerConfigKeys (ConfUtils.java:logGet(46)) - raft.server.log.purge.preservation.log.num = 0 (default)
2025-05-12 14:24:52,906 [EventQueue-PipelineReportForOneReplicaPipelineSafeModeRule] INFO  safemode.SCMSafeModeManager (SCMSafeModeManager.java:validateSafeModeExitRules(140)) - AtleastOneDatanodeReportedRule rule is successfully validated
2025-05-12 14:24:52,906 [854da54c-a3b1-4b54-a80c-9675284bfbe1-groupManagement] INFO  server.RaftServer$Division (RaftServerImpl.java:<init>(255)) - 854da54c-a3b1-4b54-a80c-9675284bfbe1: new RaftServerImpl for group-672574B3754B:[854da54c-a3b1-4b54-a80c-9675284bfbe1|127.0.0.1:15023, 318d5f9c-a548-45a7-96e8-01a796af6bbe|127.0.0.1:15015, a991347c-fe65-440a-a23f-e482601a678a|127.0.0.1:15031] with ContainerStateMachine:uninitialized
2025-05-12 14:24:52,906 [854da54c-a3b1-4b54-a80c-9675284bfbe1-groupManagement] INFO  server.RaftServerConfigKeys (ConfUtils.java:logGet(46)) - raft.server.rpc.timeout.min = 5s (custom)
2025-05-12 14:24:52,906 [854da54c-a3b1-4b54-a80c-9675284bfbe1-groupManagement] INFO  server.RaftServerConfigKeys (ConfUtils.java:logGet(46)) - raft.server.rpc.timeout.max = 5200ms (custom)
2025-05-12 14:24:52,907 [854da54c-a3b1-4b54-a80c-9675284bfbe1-groupManagement] INFO  server.RaftServerConfigKeys (ConfUtils.java:logGet(46)) - raft.server.rpc.sleep.time = 25ms (default)
2025-05-12 14:24:52,907 [854da54c-a3b1-4b54-a80c-9675284bfbe1-groupManagement] INFO  server.RaftServerConfigKeys (ConfUtils.java:logGet(46)) - raft.server.rpc.slowness.timeout = 300s (custom)
2025-05-12 14:24:52,907 [854da54c-a3b1-4b54-a80c-9675284bfbe1-groupManagement] INFO  server.RaftServerConfigKeys (ConfUtils.java:logGet(46)) - raft.server.leaderelection.leader.step-down.wait-time = 10s (default)
2025-05-12 14:24:52,907 [854da54c-a3b1-4b54-a80c-9675284bfbe1-groupManagement] INFO  server.RaftServerConfigKeys (ConfUtils.java:logGet(46)) - raft.server.leaderelection.member.majority-add = false (default)
2025-05-12 14:24:52,907 [854da54c-a3b1-4b54-a80c-9675284bfbe1-groupManagement] INFO  server.RaftServerConfigKeys (ConfUtils.java:logGet(46)) - raft.server.sleep.deviation.threshold = 300ms (default)
2025-05-12 14:24:52,907 [854da54c-a3b1-4b54-a80c-9675284bfbe1-groupManagement] INFO  server.RaftServer$Division (ServerState.java:<init>(114)) - 854da54c-a3b1-4b54-a80c-9675284bfbe1@group-672574B3754B: ConfigurationManager, init=conf: {index: -1, cur=peers:[854da54c-a3b1-4b54-a80c-9675284bfbe1|127.0.0.1:15023, 318d5f9c-a548-45a7-96e8-01a796af6bbe|127.0.0.1:15015, a991347c-fe65-440a-a23f-e482601a678a|127.0.0.1:15031]|listeners:[], old=null}, confs=<EMPTY_MAP>
2025-05-12 14:24:52,907 [854da54c-a3b1-4b54-a80c-9675284bfbe1-groupManagement] INFO  server.RaftServerConfigKeys (ConfUtils.java:logGet(46)) - raft.server.notification.no-leader.timeout = 300s (custom)
2025-05-12 14:24:52,907 [854da54c-a3b1-4b54-a80c-9675284bfbe1-groupManagement] INFO  server.RaftServerConfigKeys (ConfUtils.java:logGet(46)) - raft.server.read.timeout = 10s (default)
2025-05-12 14:24:52,907 [854da54c-a3b1-4b54-a80c-9675284bfbe1-groupManagement] INFO  server.RaftServerConfigKeys (ConfUtils.java:logGet(46)) - raft.server.retrycache.expirytime = 600000ms (custom)
2025-05-12 14:24:52,907 [854da54c-a3b1-4b54-a80c-9675284bfbe1-groupManagement] INFO  server.RaftServerConfigKeys (ConfUtils.java:logGet(46)) - raft.server.retrycache.statistics.expirytime = 100ms (default)
2025-05-12 14:24:52,907 [854da54c-a3b1-4b54-a80c-9675284bfbe1-groupManagement] INFO  server.RaftServerConfigKeys (ConfUtils.java:logGet(46)) - raft.server.read.option = DEFAULT (default)
2025-05-12 14:24:52,907 [854da54c-a3b1-4b54-a80c-9675284bfbe1-groupManagement] INFO  server.RaftServerConfigKeys (ConfUtils.java:logGet(46)) - raft.server.read.read-after-write-consistent.write-index-cache.expiry-time = 60s (default)
2025-05-12 14:24:52,907 [a991347c-fe65-440a-a23f-e482601a678a-groupManagement] INFO  server.RaftServerConfigKeys (ConfUtils.java:logGet(46)) - raft.server.log.segment.size.max = 67108864 (custom)
2025-05-12 14:24:52,908 [a991347c-fe65-440a-a23f-e482601a678a-groupManagement] INFO  server.RaftServerConfigKeys (ConfUtils.java:logGet(46)) - raft.server.log.segment.cache.num.max = 2 (custom)
2025-05-12 14:24:52,909 [a991347c-fe65-440a-a23f-e482601a678a-groupManagement] INFO  server.RaftServerConfigKeys (ConfUtils.java:logGet(46)) - raft.server.log.segment.cache.size.max = 200MB (=209715200) (default)
2025-05-12 14:24:52,909 [a991347c-fe65-440a-a23f-e482601a678a-groupManagement] INFO  server.RaftServerConfigKeys (ConfUtils.java:logGet(46)) - raft.server.log.appender.buffer.byte-limit = 33554432 (custom)
2025-05-12 14:24:52,909 [a991347c-fe65-440a-a23f-e482601a678a-groupManagement] INFO  util.AwaitToRun (AwaitToRun.java:start(81)) - Thread[#936,a991347c-fe65-440a-a23f-e482601a678a@group-A2F4B778C756-cacheEviction-AwaitToRun,5,main] started
2025-05-12 14:24:52,910 [a991347c-fe65-440a-a23f-e482601a678a-groupManagement] INFO  segmented.SegmentedRaftLogWorker (SegmentedRaftLogWorker.java:<init>(188)) - new a991347c-fe65-440a-a23f-e482601a678a@group-A2F4B778C756-SegmentedRaftLogWorker for RaftStorageImpl:Storage Directory /home/runner/work/ozone/ozone/hadoop-ozone/integration-test-s3/target/test-dir/MiniOzoneClusterImpl-3d63a36f-1eaa-4b4c-95b9-e111fcfd97b0/ozone-meta/datanode-3/ratis/266f1024-9bc3-4445-8562-a2f4b778c756
2025-05-12 14:24:52,910 [a991347c-fe65-440a-a23f-e482601a678a-groupManagement] INFO  server.RaftServerConfigKeys (ConfUtils.java:logGet(46)) - raft.server.log.queue.byte-limit = 4294967296 (custom)
2025-05-12 14:24:52,910 [a991347c-fe65-440a-a23f-e482601a678a-groupManagement] INFO  server.RaftServerConfigKeys (ConfUtils.java:logGet(46)) - raft.server.log.queue.element-limit = 1024 (custom)
2025-05-12 14:24:52,910 [a991347c-fe65-440a-a23f-e482601a678a-groupManagement] INFO  server.RaftServerConfigKeys (ConfUtils.java:logGet(46)) - raft.server.log.segment.size.max = 67108864 (custom)
2025-05-12 14:24:52,910 [a991347c-fe65-440a-a23f-e482601a678a-groupManagement] INFO  server.RaftServerConfigKeys (ConfUtils.java:logGet(46)) - raft.server.log.preallocated.size = 4194304 (custom)
2025-05-12 14:24:52,910 [a991347c-fe65-440a-a23f-e482601a678a-groupManagement] INFO  server.RaftServerConfigKeys (ConfUtils.java:logGet(46)) - raft.server.log.force.sync.num = 128 (default)
2025-05-12 14:24:52,910 [a991347c-fe65-440a-a23f-e482601a678a-groupManagement] INFO  server.RaftServerConfigKeys (ConfUtils.java:logGet(46)) - raft.server.log.statemachine.data.sync = true (default)
2025-05-12 14:24:52,910 [a991347c-fe65-440a-a23f-e482601a678a-groupManagement] INFO  server.RaftServerConfigKeys (ConfUtils.java:logGet(46)) - raft.server.log.statemachine.data.sync.timeout = 10s (default)
2025-05-12 14:24:52,910 [a991347c-fe65-440a-a23f-e482601a678a-groupManagement] INFO  server.RaftServerConfigKeys (ConfUtils.java:logGet(46)) - raft.server.log.statemachine.data.sync.timeout.retry = 30 (custom)
2025-05-12 14:24:52,912 [a991347c-fe65-440a-a23f-e482601a678a-groupManagement] INFO  server.RaftServerConfigKeys (ConfUtils.java:logGet(46)) - raft.server.log.write.buffer.size = 33554440 (custom)
2025-05-12 14:24:52,913 [854da54c-a3b1-4b54-a80c-9675284bfbe1-groupManagement] INFO  server.RaftServerConfigKeys (ConfUtils.java:logGet(46)) - raft.server.rpc.request.timeout = 60s (custom)
2025-05-12 14:24:52,913 [854da54c-a3b1-4b54-a80c-9675284bfbe1-groupManagement] INFO  server.RaftServerConfigKeys (ConfUtils.java:logGet(46)) - raft.server.log.appender.install.snapshot.enabled = false (custom)
2025-05-12 14:24:52,913 [854da54c-a3b1-4b54-a80c-9675284bfbe1-groupManagement] INFO  server.RaftServerConfigKeys (ConfUtils.java:logGet(46)) - raft.server.threadpool.server.cached = true (default)
2025-05-12 14:24:52,913 [854da54c-a3b1-4b54-a80c-9675284bfbe1-groupManagement] INFO  server.RaftServerConfigKeys (ConfUtils.java:logGet(46)) - raft.server.threadpool.server.size = 0 (default)
2025-05-12 14:24:52,913 [854da54c-a3b1-4b54-a80c-9675284bfbe1-groupManagement] INFO  server.RaftServerConfigKeys (ConfUtils.java:logGet(46)) - raft.server.threadpool.client.cached = true (default)
2025-05-12 14:24:52,913 [854da54c-a3b1-4b54-a80c-9675284bfbe1-groupManagement] INFO  server.RaftServerConfigKeys (ConfUtils.java:logGet(46)) - raft.server.threadpool.client.size = 0 (default)
2025-05-12 14:24:52,914 [854da54c-a3b1-4b54-a80c-9675284bfbe1-groupManagement] INFO  server.RaftServerConfigKeys (ConfUtils.java:logGet(46)) - raft.server.storage.free-space.min = 0MB (=0) (default)
2025-05-12 14:24:52,914 [854da54c-a3b1-4b54-a80c-9675284bfbe1-groupManagement] INFO  server.RaftServerConfigKeys (ConfUtils.java:logGet(46)) - raft.server.log.corruption.policy = EXCEPTION (default)
2025-05-12 14:24:52,914 [854da54c-a3b1-4b54-a80c-9675284bfbe1-groupManagement] INFO  server.RaftServerConfigKeys (ConfUtils.java:logGet(46)) - raft.server.storage.dir = [/home/runner/work/ozone/ozone/hadoop-ozone/integration-test-s3/target/test-dir/MiniOzoneClusterImpl-3d63a36f-1eaa-4b4c-95b9-e111fcfd97b0/ozone-meta/datanode-2/ratis] (custom)
2025-05-12 14:24:52,914 [854da54c-a3b1-4b54-a80c-9675284bfbe1-groupManagement] INFO  storage.RaftStorageDirectory (RaftStorageDirectoryImpl.java:analyzeStorage(138)) - The storage directory /home/runner/work/ozone/ozone/hadoop-ozone/integration-test-s3/target/test-dir/MiniOzoneClusterImpl-3d63a36f-1eaa-4b4c-95b9-e111fcfd97b0/ozone-meta/datanode-2/ratis/c78003fe-a3d2-4130-9f31-672574b3754b does not exist. Creating ...
2025-05-12 14:24:52,915 [854da54c-a3b1-4b54-a80c-9675284bfbe1-groupManagement] INFO  storage.RaftStorageDirectory (RaftStorageDirectoryImpl.java:tryLock(229)) - Lock on /home/runner/work/ozone/ozone/hadoop-ozone/integration-test-s3/target/test-dir/MiniOzoneClusterImpl-3d63a36f-1eaa-4b4c-95b9-e111fcfd97b0/ozone-meta/datanode-2/ratis/c78003fe-a3d2-4130-9f31-672574b3754b/in_use.lock acquired by nodename 75962@pkrvmberfyhpb9w
2025-05-12 14:24:52,917 [854da54c-a3b1-4b54-a80c-9675284bfbe1-groupManagement] INFO  storage.RaftStorage (RaftStorageImpl.java:format(98)) - Storage directory /home/runner/work/ozone/ozone/hadoop-ozone/integration-test-s3/target/test-dir/MiniOzoneClusterImpl-3d63a36f-1eaa-4b4c-95b9-e111fcfd97b0/ozone-meta/datanode-2/ratis/c78003fe-a3d2-4130-9f31-672574b3754b has been successfully formatted.
2025-05-12 14:24:52,918 [854da54c-a3b1-4b54-a80c-9675284bfbe1-groupManagement] INFO  ratis.ContainerStateMachine (ContainerStateMachine.java:initialize(339)) - 854da54c-a3b1-4b54-a80c-9675284bfbe1: initialize group-672574B3754B
2025-05-12 14:24:52,918 [854da54c-a3b1-4b54-a80c-9675284bfbe1-groupManagement] INFO  ratis.ContainerStateMachine (ContainerStateMachine.java:loadSnapshot(347)) - group-672574B3754B: The snapshot info is null. Setting the last applied index to:(t:0, i:~)
2025-05-12 14:24:52,918 [854da54c-a3b1-4b54-a80c-9675284bfbe1-groupManagement] INFO  server.RaftServerConfigKeys (ConfUtils.java:logGet(46)) - raft.server.log.use.memory = false (default)
2025-05-12 14:24:52,918 [854da54c-a3b1-4b54-a80c-9675284bfbe1-groupManagement] INFO  server.RaftServerConfigKeys (ConfUtils.java:logGet(46)) - raft.server.log.purge.gap = 1000000 (custom)
2025-05-12 14:24:52,919 [854da54c-a3b1-4b54-a80c-9675284bfbe1-groupManagement] INFO  server.RaftServerConfigKeys (ConfUtils.java:logGet(46)) - raft.server.log.appender.buffer.byte-limit = 33554432 (custom)
2025-05-12 14:24:52,919 [854da54c-a3b1-4b54-a80c-9675284bfbe1-groupManagement] INFO  server.RaftServerConfigKeys (ConfUtils.java:logGet(46)) - raft.server.log.statemachine.data.read.timeout = 1000ms (default)
2025-05-12 14:24:52,919 [854da54c-a3b1-4b54-a80c-9675284bfbe1-groupManagement] INFO  server.RaftServerConfigKeys (ConfUtils.java:logGet(46)) - raft.server.log.purge.preservation.log.num = 0 (default)
2025-05-12 14:24:52,918 [a991347c-fe65-440a-a23f-e482601a678a-groupManagement] INFO  server.RaftServerConfigKeys (ConfUtils.java:logGet(46)) - raft.server.log.appender.buffer.byte-limit = 33554432 (custom)
2025-05-12 14:24:52,919 [a991347c-fe65-440a-a23f-e482601a678a-groupManagement] INFO  server.RaftServerConfigKeys (ConfUtils.java:logGet(46)) - raft.server.log.unsafe-flush.enabled = false (default)
2025-05-12 14:24:52,919 [a991347c-fe65-440a-a23f-e482601a678a-groupManagement] INFO  server.RaftServerConfigKeys (ConfUtils.java:logGet(46)) - raft.server.log.async-flush.enabled = false (default)
2025-05-12 14:24:52,919 [a991347c-fe65-440a-a23f-e482601a678a-groupManagement] INFO  server.RaftServerConfigKeys (ConfUtils.java:logGet(46)) - raft.server.log.statemachine.data.caching.enabled = true (custom)
2025-05-12 14:24:52,919 [a991347c-fe65-440a-a23f-e482601a678a-groupManagement] INFO  segmented.SegmentedRaftLogWorker (SegmentedRaftLogWorker.java:lambda$new$0(139)) - a991347c-fe65-440a-a23f-e482601a678a@group-A2F4B778C756-SegmentedRaftLogWorker: flushIndex: setUnconditionally 0 -> -1
2025-05-12 14:24:52,919 [a991347c-fe65-440a-a23f-e482601a678a-groupManagement] INFO  segmented.SegmentedRaftLogWorker (SegmentedRaftLogWorker.java:lambda$new$0(139)) - a991347c-fe65-440a-a23f-e482601a678a@group-A2F4B778C756-SegmentedRaftLogWorker: safeCacheEvictIndex: setUnconditionally 0 -> -1
2025-05-12 14:24:52,920 [a991347c-fe65-440a-a23f-e482601a678a-groupManagement] INFO  server.RaftServer$Division (RaftServerImpl.java:start(391)) - a991347c-fe65-440a-a23f-e482601a678a@group-A2F4B778C756: start as a follower, conf=conf: {index: -1, cur=peers:[854da54c-a3b1-4b54-a80c-9675284bfbe1|127.0.0.1:15023, 318d5f9c-a548-45a7-96e8-01a796af6bbe|127.0.0.1:15015, a991347c-fe65-440a-a23f-e482601a678a|127.0.0.1:15031]|listeners:[], old=null}
2025-05-12 14:24:52,920 [a991347c-fe65-440a-a23f-e482601a678a-groupManagement] INFO  server.RaftServer$Division (RaftServerImpl.java:setRole(378)) - a991347c-fe65-440a-a23f-e482601a678a@group-A2F4B778C756: changes role from      null to FOLLOWER at term 0 for startAsFollower
2025-05-12 14:24:52,921 [a991347c-fe65-440a-a23f-e482601a678a-groupManagement] INFO  impl.RoleInfo (RoleInfo.java:updateAndGet(148)) - a991347c-fe65-440a-a23f-e482601a678a: start a991347c-fe65-440a-a23f-e482601a678a@group-A2F4B778C756-FollowerState
2025-05-12 14:24:52,921 [EventQueue-PipelineReportForOneReplicaPipelineSafeModeRule] INFO  safemode.SCMSafeModeManager (SCMSafeModeManager.java:validateSafeModeExitRules(140)) - AtleastOneDatanodeReportedRule rule is successfully validated
2025-05-12 14:24:52,921 [a991347c-fe65-440a-a23f-e482601a678a-groupManagement] INFO  util.JmxRegister (JmxRegister.java:tryRegister(44)) - Successfully registered JMX Bean with object name Ratis:service=RaftServer,group=group-A2F4B778C756,id=a991347c-fe65-440a-a23f-e482601a678a
2025-05-12 14:24:52,922 [a991347c-fe65-440a-a23f-e482601a678a-groupManagement] INFO  util.JmxRegister (JmxRegister.java:register(58)) - register mxBean class org.apache.ratis.server.impl.RaftServerJmxAdapter as Ratis:service=RaftServer,group=group-A2F4B778C756,id=a991347c-fe65-440a-a23f-e482601a678a
2025-05-12 14:24:52,922 [a991347c-fe65-440a-a23f-e482601a678a@group-A2F4B778C756-FollowerState] INFO  server.RaftServerConfigKeys (ConfUtils.java:logGet(46)) - raft.server.rpc.first-election.timeout.min = 1000ms (custom)
2025-05-12 14:24:52,922 [a991347c-fe65-440a-a23f-e482601a678a@group-A2F4B778C756-FollowerState] INFO  server.RaftServerConfigKeys (ConfUtils.java:logGet(46)) - raft.server.rpc.first-election.timeout.max = 1200ms (custom)
2025-05-12 14:24:52,922 [854da54c-a3b1-4b54-a80c-9675284bfbe1-groupManagement] INFO  server.RaftServerConfigKeys (ConfUtils.java:logGet(46)) - raft.server.log.segment.size.max = 67108864 (custom)
2025-05-12 14:24:52,922 [854da54c-a3b1-4b54-a80c-9675284bfbe1-groupManagement] INFO  server.RaftServerConfigKeys (ConfUtils.java:logGet(46)) - raft.server.log.segment.cache.num.max = 2 (custom)
2025-05-12 14:24:52,922 [854da54c-a3b1-4b54-a80c-9675284bfbe1-groupManagement] INFO  server.RaftServerConfigKeys (ConfUtils.java:logGet(46)) - raft.server.log.segment.cache.size.max = 200MB (=209715200) (default)
2025-05-12 14:24:52,922 [854da54c-a3b1-4b54-a80c-9675284bfbe1-groupManagement] INFO  server.RaftServerConfigKeys (ConfUtils.java:logGet(46)) - raft.server.log.appender.buffer.byte-limit = 33554432 (custom)
2025-05-12 14:24:52,922 [a991347c-fe65-440a-a23f-e482601a678a-groupManagement] INFO  server.RaftServerConfigKeys (ConfUtils.java:logGet(46)) - raft.server.snapshot.trigger-when-stop.enabled = true (default)
2025-05-12 14:24:52,922 [854da54c-a3b1-4b54-a80c-9675284bfbe1-groupManagement] INFO  util.AwaitToRun (AwaitToRun.java:start(81)) - Thread[#939,854da54c-a3b1-4b54-a80c-9675284bfbe1@group-672574B3754B-cacheEviction-AwaitToRun,5,main] started
2025-05-12 14:24:52,922 [a991347c-fe65-440a-a23f-e482601a678a-groupManagement] INFO  server.RaftServerConfigKeys (ConfUtils.java:logGet(46)) - raft.server.snapshot.trigger-when-remove.enabled = true (default)
2025-05-12 14:24:52,923 [854da54c-a3b1-4b54-a80c-9675284bfbe1-groupManagement] INFO  segmented.SegmentedRaftLogWorker (SegmentedRaftLogWorker.java:<init>(188)) - new 854da54c-a3b1-4b54-a80c-9675284bfbe1@group-672574B3754B-SegmentedRaftLogWorker for RaftStorageImpl:Storage Directory /home/runner/work/ozone/ozone/hadoop-ozone/integration-test-s3/target/test-dir/MiniOzoneClusterImpl-3d63a36f-1eaa-4b4c-95b9-e111fcfd97b0/ozone-meta/datanode-2/ratis/c78003fe-a3d2-4130-9f31-672574b3754b
2025-05-12 14:24:52,923 [854da54c-a3b1-4b54-a80c-9675284bfbe1-groupManagement] INFO  server.RaftServerConfigKeys (ConfUtils.java:logGet(46)) - raft.server.log.queue.byte-limit = 4294967296 (custom)
2025-05-12 14:24:52,923 [854da54c-a3b1-4b54-a80c-9675284bfbe1-groupManagement] INFO  server.RaftServerConfigKeys (ConfUtils.java:logGet(46)) - raft.server.log.queue.element-limit = 1024 (custom)
2025-05-12 14:24:52,923 [a991347c-fe65-440a-a23f-e482601a678a-groupManagement] INFO  server.RaftServerConfigKeys (ConfUtils.java:logGet(46)) - raft.server.snapshot.auto.trigger.enabled = true (custom)
2025-05-12 14:24:52,923 [a991347c-fe65-440a-a23f-e482601a678a-groupManagement] INFO  server.RaftServerConfigKeys (ConfUtils.java:logGet(46)) - raft.server.snapshot.auto.trigger.threshold = 100000 (custom)
2025-05-12 14:24:52,923 [854da54c-a3b1-4b54-a80c-9675284bfbe1-groupManagement] INFO  server.RaftServerConfigKeys (ConfUtils.java:logGet(46)) - raft.server.log.segment.size.max = 67108864 (custom)
2025-05-12 14:24:52,923 [854da54c-a3b1-4b54-a80c-9675284bfbe1-groupManagement] INFO  server.RaftServerConfigKeys (ConfUtils.java:logGet(46)) - raft.server.log.preallocated.size = 4194304 (custom)
2025-05-12 14:24:52,923 [854da54c-a3b1-4b54-a80c-9675284bfbe1-groupManagement] INFO  server.RaftServerConfigKeys (ConfUtils.java:logGet(46)) - raft.server.log.force.sync.num = 128 (default)
2025-05-12 14:24:52,923 [854da54c-a3b1-4b54-a80c-9675284bfbe1-groupManagement] INFO  server.RaftServerConfigKeys (ConfUtils.java:logGet(46)) - raft.server.log.statemachine.data.sync = true (default)
2025-05-12 14:24:52,923 [854da54c-a3b1-4b54-a80c-9675284bfbe1-groupManagement] INFO  server.RaftServerConfigKeys (ConfUtils.java:logGet(46)) - raft.server.log.statemachine.data.sync.timeout = 10s (default)
2025-05-12 14:24:52,923 [a991347c-fe65-440a-a23f-e482601a678a-groupManagement] INFO  server.RaftServerConfigKeys (ConfUtils.java:logGet(46)) - raft.server.snapshot.retention.file.num = 5 (custom)
2025-05-12 14:24:52,923 [a991347c-fe65-440a-a23f-e482601a678a-groupManagement] INFO  server.RaftServerConfigKeys (ConfUtils.java:logGet(46)) - raft.server.log.purge.upto.snapshot.index = false (default)
2025-05-12 14:24:52,923 [854da54c-a3b1-4b54-a80c-9675284bfbe1-groupManagement] INFO  server.RaftServerConfigKeys (ConfUtils.java:logGet(46)) - raft.server.log.statemachine.data.sync.timeout.retry = 30 (custom)
2025-05-12 14:24:52,924 [854da54c-a3b1-4b54-a80c-9675284bfbe1-groupManagement] INFO  server.RaftServerConfigKeys (ConfUtils.java:logGet(46)) - raft.server.log.write.buffer.size = 33554440 (custom)
2025-05-12 14:24:52,925 [a991347c-fe65-440a-a23f-e482601a678a-groupManagement] INFO  server.RaftServer$Division (RaftServerImpl.java:start(405)) - a991347c-fe65-440a-a23f-e482601a678a@group-A2F4B778C756: Successfully started.
2025-05-12 14:24:52,930 [854da54c-a3b1-4b54-a80c-9675284bfbe1-groupManagement] INFO  server.RaftServerConfigKeys (ConfUtils.java:logGet(46)) - raft.server.log.appender.buffer.byte-limit = 33554432 (custom)
2025-05-12 14:24:52,930 [854da54c-a3b1-4b54-a80c-9675284bfbe1-groupManagement] INFO  server.RaftServerConfigKeys (ConfUtils.java:logGet(46)) - raft.server.log.unsafe-flush.enabled = false (default)
2025-05-12 14:24:52,930 [854da54c-a3b1-4b54-a80c-9675284bfbe1-groupManagement] INFO  server.RaftServerConfigKeys (ConfUtils.java:logGet(46)) - raft.server.log.async-flush.enabled = false (default)
2025-05-12 14:24:52,930 [854da54c-a3b1-4b54-a80c-9675284bfbe1-groupManagement] INFO  server.RaftServerConfigKeys (ConfUtils.java:logGet(46)) - raft.server.log.statemachine.data.caching.enabled = true (custom)
2025-05-12 14:24:52,931 [854da54c-a3b1-4b54-a80c-9675284bfbe1-groupManagement] INFO  segmented.SegmentedRaftLogWorker (SegmentedRaftLogWorker.java:lambda$new$0(139)) - 854da54c-a3b1-4b54-a80c-9675284bfbe1@group-672574B3754B-SegmentedRaftLogWorker: flushIndex: setUnconditionally 0 -> -1
2025-05-12 14:24:52,931 [854da54c-a3b1-4b54-a80c-9675284bfbe1-groupManagement] INFO  segmented.SegmentedRaftLogWorker (SegmentedRaftLogWorker.java:lambda$new$0(139)) - 854da54c-a3b1-4b54-a80c-9675284bfbe1@group-672574B3754B-SegmentedRaftLogWorker: safeCacheEvictIndex: setUnconditionally 0 -> -1
2025-05-12 14:24:52,932 [854da54c-a3b1-4b54-a80c-9675284bfbe1-groupManagement] INFO  server.RaftServer$Division (RaftServerImpl.java:start(391)) - 854da54c-a3b1-4b54-a80c-9675284bfbe1@group-672574B3754B: start as a follower, conf=conf: {index: -1, cur=peers:[854da54c-a3b1-4b54-a80c-9675284bfbe1|127.0.0.1:15023, 318d5f9c-a548-45a7-96e8-01a796af6bbe|127.0.0.1:15015, a991347c-fe65-440a-a23f-e482601a678a|127.0.0.1:15031]|listeners:[], old=null}
2025-05-12 14:24:52,932 [854da54c-a3b1-4b54-a80c-9675284bfbe1-groupManagement] INFO  server.RaftServer$Division (RaftServerImpl.java:setRole(378)) - 854da54c-a3b1-4b54-a80c-9675284bfbe1@group-672574B3754B: changes role from      null to FOLLOWER at term 0 for startAsFollower
2025-05-12 14:24:52,932 [854da54c-a3b1-4b54-a80c-9675284bfbe1-groupManagement] INFO  impl.RoleInfo (RoleInfo.java:updateAndGet(148)) - 854da54c-a3b1-4b54-a80c-9675284bfbe1: start 854da54c-a3b1-4b54-a80c-9675284bfbe1@group-672574B3754B-FollowerState
2025-05-12 14:24:52,933 [854da54c-a3b1-4b54-a80c-9675284bfbe1-groupManagement] INFO  util.JmxRegister (JmxRegister.java:tryRegister(44)) - Successfully registered JMX Bean with object name Ratis:service=RaftServer,group=group-672574B3754B,id=854da54c-a3b1-4b54-a80c-9675284bfbe1
2025-05-12 14:24:52,933 [854da54c-a3b1-4b54-a80c-9675284bfbe1-groupManagement] INFO  util.JmxRegister (JmxRegister.java:register(58)) - register mxBean class org.apache.ratis.server.impl.RaftServerJmxAdapter as Ratis:service=RaftServer,group=group-672574B3754B,id=854da54c-a3b1-4b54-a80c-9675284bfbe1
2025-05-12 14:24:52,933 [854da54c-a3b1-4b54-a80c-9675284bfbe1-groupManagement] INFO  server.RaftServerConfigKeys (ConfUtils.java:logGet(46)) - raft.server.snapshot.trigger-when-stop.enabled = true (default)
2025-05-12 14:24:52,933 [854da54c-a3b1-4b54-a80c-9675284bfbe1@group-672574B3754B-FollowerState] INFO  server.RaftServerConfigKeys (ConfUtils.java:logGet(46)) - raft.server.rpc.first-election.timeout.min = 1000ms (custom)
2025-05-12 14:24:52,934 [854da54c-a3b1-4b54-a80c-9675284bfbe1@group-672574B3754B-FollowerState] INFO  server.RaftServerConfigKeys (ConfUtils.java:logGet(46)) - raft.server.rpc.first-election.timeout.max = 1200ms (custom)
2025-05-12 14:24:52,934 [854da54c-a3b1-4b54-a80c-9675284bfbe1-groupManagement] INFO  server.RaftServerConfigKeys (ConfUtils.java:logGet(46)) - raft.server.snapshot.trigger-when-remove.enabled = true (default)
2025-05-12 14:24:52,934 [854da54c-a3b1-4b54-a80c-9675284bfbe1-groupManagement] INFO  server.RaftServerConfigKeys (ConfUtils.java:logGet(46)) - raft.server.snapshot.auto.trigger.enabled = true (custom)
2025-05-12 14:24:52,934 [854da54c-a3b1-4b54-a80c-9675284bfbe1-groupManagement] INFO  server.RaftServerConfigKeys (ConfUtils.java:logGet(46)) - raft.server.snapshot.auto.trigger.threshold = 100000 (custom)
2025-05-12 14:24:52,934 [854da54c-a3b1-4b54-a80c-9675284bfbe1-groupManagement] INFO  server.RaftServerConfigKeys (ConfUtils.java:logGet(46)) - raft.server.snapshot.retention.file.num = 5 (custom)
2025-05-12 14:24:52,934 [854da54c-a3b1-4b54-a80c-9675284bfbe1-groupManagement] INFO  server.RaftServerConfigKeys (ConfUtils.java:logGet(46)) - raft.server.log.purge.upto.snapshot.index = false (default)
2025-05-12 14:24:52,935 [854da54c-a3b1-4b54-a80c-9675284bfbe1-groupManagement] INFO  server.RaftServer$Division (RaftServerImpl.java:start(405)) - 854da54c-a3b1-4b54-a80c-9675284bfbe1@group-672574B3754B: Successfully started.
2025-05-12 14:24:52,937 [854da54c-a3b1-4b54-a80c-9675284bfbe1-PipelineCommandHandlerThread-0] INFO  ratis.XceiverServerRatis (XceiverServerRatis.java:addGroup(843)) - Created group PipelineID=c78003fe-a3d2-4130-9f31-672574b3754b
2025-05-12 14:24:52,950 [grpc-default-executor-0] INFO  server.RaftServer (RaftServerProxy.java:addNew(100)) - 318d5f9c-a548-45a7-96e8-01a796af6bbe: addNew group-672574B3754B:[854da54c-a3b1-4b54-a80c-9675284bfbe1|127.0.0.1:15023, 318d5f9c-a548-45a7-96e8-01a796af6bbe|127.0.0.1:15015, a991347c-fe65-440a-a23f-e482601a678a|127.0.0.1:15031] returns group-672574B3754B:java.util.concurrent.CompletableFuture@6cd07aea[Not completed]
2025-05-12 14:24:52,952 [318d5f9c-a548-45a7-96e8-01a796af6bbe-groupManagement] INFO  server.RaftServer$Division (RaftServerImpl.java:<init>(255)) - 318d5f9c-a548-45a7-96e8-01a796af6bbe: new RaftServerImpl for group-672574B3754B:[854da54c-a3b1-4b54-a80c-9675284bfbe1|127.0.0.1:15023, 318d5f9c-a548-45a7-96e8-01a796af6bbe|127.0.0.1:15015, a991347c-fe65-440a-a23f-e482601a678a|127.0.0.1:15031] with ContainerStateMachine:uninitialized
2025-05-12 14:24:52,953 [318d5f9c-a548-45a7-96e8-01a796af6bbe-PipelineCommandHandlerThread-0] INFO  commandhandler.CreatePipelineCommandHandler (CreatePipelineCommandHandler.java:lambda$handle$2(128)) - Created Pipeline RATIS THREE PipelineID=266f1024-9bc3-4445-8562-a2f4b778c756.
2025-05-12 14:24:52,953 [318d5f9c-a548-45a7-96e8-01a796af6bbe-groupManagement] INFO  server.RaftServerConfigKeys (ConfUtils.java:logGet(46)) - raft.server.rpc.timeout.min = 5s (custom)
2025-05-12 14:24:52,953 [318d5f9c-a548-45a7-96e8-01a796af6bbe-groupManagement] INFO  server.RaftServerConfigKeys (ConfUtils.java:logGet(46)) - raft.server.rpc.timeout.max = 5200ms (custom)
2025-05-12 14:24:52,953 [318d5f9c-a548-45a7-96e8-01a796af6bbe-groupManagement] INFO  server.RaftServerConfigKeys (ConfUtils.java:logGet(46)) - raft.server.rpc.sleep.time = 25ms (default)
2025-05-12 14:24:52,954 [318d5f9c-a548-45a7-96e8-01a796af6bbe-groupManagement] INFO  server.RaftServerConfigKeys (ConfUtils.java:logGet(46)) - raft.server.rpc.slowness.timeout = 300s (custom)
2025-05-12 14:24:52,954 [318d5f9c-a548-45a7-96e8-01a796af6bbe-groupManagement] INFO  server.RaftServerConfigKeys (ConfUtils.java:logGet(46)) - raft.server.leaderelection.leader.step-down.wait-time = 10s (default)
2025-05-12 14:24:52,954 [318d5f9c-a548-45a7-96e8-01a796af6bbe-groupManagement] INFO  server.RaftServerConfigKeys (ConfUtils.java:logGet(46)) - raft.server.leaderelection.member.majority-add = false (default)
2025-05-12 14:24:52,954 [318d5f9c-a548-45a7-96e8-01a796af6bbe-groupManagement] INFO  server.RaftServerConfigKeys (ConfUtils.java:logGet(46)) - raft.server.sleep.deviation.threshold = 300ms (default)
2025-05-12 14:24:52,954 [318d5f9c-a548-45a7-96e8-01a796af6bbe-groupManagement] INFO  server.RaftServer$Division (ServerState.java:<init>(114)) - 318d5f9c-a548-45a7-96e8-01a796af6bbe@group-672574B3754B: ConfigurationManager, init=conf: {index: -1, cur=peers:[854da54c-a3b1-4b54-a80c-9675284bfbe1|127.0.0.1:15023, 318d5f9c-a548-45a7-96e8-01a796af6bbe|127.0.0.1:15015, a991347c-fe65-440a-a23f-e482601a678a|127.0.0.1:15031]|listeners:[], old=null}, confs=<EMPTY_MAP>
2025-05-12 14:24:52,954 [318d5f9c-a548-45a7-96e8-01a796af6bbe-groupManagement] INFO  server.RaftServerConfigKeys (ConfUtils.java:logGet(46)) - raft.server.notification.no-leader.timeout = 300s (custom)
2025-05-12 14:24:52,954 [318d5f9c-a548-45a7-96e8-01a796af6bbe-groupManagement] INFO  server.RaftServerConfigKeys (ConfUtils.java:logGet(46)) - raft.server.read.timeout = 10s (default)
2025-05-12 14:24:52,954 [318d5f9c-a548-45a7-96e8-01a796af6bbe-groupManagement] INFO  server.RaftServerConfigKeys (ConfUtils.java:logGet(46)) - raft.server.retrycache.expirytime = 600000ms (custom)
2025-05-12 14:24:52,954 [318d5f9c-a548-45a7-96e8-01a796af6bbe-groupManagement] INFO  server.RaftServerConfigKeys (ConfUtils.java:logGet(46)) - raft.server.retrycache.statistics.expirytime = 100ms (default)
2025-05-12 14:24:52,954 [318d5f9c-a548-45a7-96e8-01a796af6bbe-groupManagement] INFO  server.RaftServerConfigKeys (ConfUtils.java:logGet(46)) - raft.server.read.option = DEFAULT (default)
2025-05-12 14:24:52,954 [318d5f9c-a548-45a7-96e8-01a796af6bbe-groupManagement] INFO  server.RaftServerConfigKeys (ConfUtils.java:logGet(46)) - raft.server.read.read-after-write-consistent.write-index-cache.expiry-time = 60s (default)
2025-05-12 14:24:52,960 [318d5f9c-a548-45a7-96e8-01a796af6bbe-groupManagement] INFO  server.RaftServerConfigKeys (ConfUtils.java:logGet(46)) - raft.server.rpc.request.timeout = 60s (custom)
2025-05-12 14:24:52,960 [318d5f9c-a548-45a7-96e8-01a796af6bbe-groupManagement] INFO  server.RaftServerConfigKeys (ConfUtils.java:logGet(46)) - raft.server.log.appender.install.snapshot.enabled = false (custom)
2025-05-12 14:24:52,960 [318d5f9c-a548-45a7-96e8-01a796af6bbe-groupManagement] INFO  server.RaftServerConfigKeys (ConfUtils.java:logGet(46)) - raft.server.threadpool.server.cached = true (default)
2025-05-12 14:24:52,960 [318d5f9c-a548-45a7-96e8-01a796af6bbe-groupManagement] INFO  server.RaftServerConfigKeys (ConfUtils.java:logGet(46)) - raft.server.threadpool.server.size = 0 (default)
2025-05-12 14:24:52,960 [318d5f9c-a548-45a7-96e8-01a796af6bbe-groupManagement] INFO  server.RaftServerConfigKeys (ConfUtils.java:logGet(46)) - raft.server.threadpool.client.cached = true (default)
2025-05-12 14:24:52,960 [318d5f9c-a548-45a7-96e8-01a796af6bbe-groupManagement] INFO  server.RaftServerConfigKeys (ConfUtils.java:logGet(46)) - raft.server.threadpool.client.size = 0 (default)
2025-05-12 14:24:52,960 [318d5f9c-a548-45a7-96e8-01a796af6bbe-groupManagement] INFO  server.RaftServerConfigKeys (ConfUtils.java:logGet(46)) - raft.server.storage.free-space.min = 0MB (=0) (default)
2025-05-12 14:24:52,960 [318d5f9c-a548-45a7-96e8-01a796af6bbe-groupManagement] INFO  server.RaftServerConfigKeys (ConfUtils.java:logGet(46)) - raft.server.log.corruption.policy = EXCEPTION (default)
2025-05-12 14:24:52,960 [318d5f9c-a548-45a7-96e8-01a796af6bbe-groupManagement] INFO  server.RaftServerConfigKeys (ConfUtils.java:logGet(46)) - raft.server.storage.dir = [/home/runner/work/ozone/ozone/hadoop-ozone/integration-test-s3/target/test-dir/MiniOzoneClusterImpl-3d63a36f-1eaa-4b4c-95b9-e111fcfd97b0/ozone-meta/datanode-1/ratis] (custom)
2025-05-12 14:24:52,960 [318d5f9c-a548-45a7-96e8-01a796af6bbe-groupManagement] INFO  storage.RaftStorageDirectory (RaftStorageDirectoryImpl.java:analyzeStorage(138)) - The storage directory /home/runner/work/ozone/ozone/hadoop-ozone/integration-test-s3/target/test-dir/MiniOzoneClusterImpl-3d63a36f-1eaa-4b4c-95b9-e111fcfd97b0/ozone-meta/datanode-1/ratis/c78003fe-a3d2-4130-9f31-672574b3754b does not exist. Creating ...
2025-05-12 14:24:52,962 [318d5f9c-a548-45a7-96e8-01a796af6bbe-groupManagement] INFO  storage.RaftStorageDirectory (RaftStorageDirectoryImpl.java:tryLock(229)) - Lock on /home/runner/work/ozone/ozone/hadoop-ozone/integration-test-s3/target/test-dir/MiniOzoneClusterImpl-3d63a36f-1eaa-4b4c-95b9-e111fcfd97b0/ozone-meta/datanode-1/ratis/c78003fe-a3d2-4130-9f31-672574b3754b/in_use.lock acquired by nodename 75962@pkrvmberfyhpb9w
2025-05-12 14:24:52,963 [318d5f9c-a548-45a7-96e8-01a796af6bbe-groupManagement] INFO  storage.RaftStorage (RaftStorageImpl.java:format(98)) - Storage directory /home/runner/work/ozone/ozone/hadoop-ozone/integration-test-s3/target/test-dir/MiniOzoneClusterImpl-3d63a36f-1eaa-4b4c-95b9-e111fcfd97b0/ozone-meta/datanode-1/ratis/c78003fe-a3d2-4130-9f31-672574b3754b has been successfully formatted.
2025-05-12 14:24:52,964 [318d5f9c-a548-45a7-96e8-01a796af6bbe-groupManagement] INFO  ratis.ContainerStateMachine (ContainerStateMachine.java:initialize(339)) - 318d5f9c-a548-45a7-96e8-01a796af6bbe: initialize group-672574B3754B
2025-05-12 14:24:52,964 [318d5f9c-a548-45a7-96e8-01a796af6bbe-groupManagement] INFO  ratis.ContainerStateMachine (ContainerStateMachine.java:loadSnapshot(347)) - group-672574B3754B: The snapshot info is null. Setting the last applied index to:(t:0, i:~)
2025-05-12 14:24:52,964 [318d5f9c-a548-45a7-96e8-01a796af6bbe-groupManagement] INFO  server.RaftServerConfigKeys (ConfUtils.java:logGet(46)) - raft.server.log.use.memory = false (default)
2025-05-12 14:24:52,964 [318d5f9c-a548-45a7-96e8-01a796af6bbe-groupManagement] INFO  server.RaftServerConfigKeys (ConfUtils.java:logGet(46)) - raft.server.log.purge.gap = 1000000 (custom)
2025-05-12 14:24:52,964 [318d5f9c-a548-45a7-96e8-01a796af6bbe-groupManagement] INFO  server.RaftServerConfigKeys (ConfUtils.java:logGet(46)) - raft.server.log.appender.buffer.byte-limit = 33554432 (custom)
2025-05-12 14:24:52,964 [318d5f9c-a548-45a7-96e8-01a796af6bbe-groupManagement] INFO  server.RaftServerConfigKeys (ConfUtils.java:logGet(46)) - raft.server.log.statemachine.data.read.timeout = 1000ms (default)
2025-05-12 14:24:52,964 [318d5f9c-a548-45a7-96e8-01a796af6bbe-groupManagement] INFO  server.RaftServerConfigKeys (ConfUtils.java:logGet(46)) - raft.server.log.purge.preservation.log.num = 0 (default)
2025-05-12 14:24:52,966 [318d5f9c-a548-45a7-96e8-01a796af6bbe-groupManagement] INFO  server.RaftServerConfigKeys (ConfUtils.java:logGet(46)) - raft.server.log.segment.size.max = 67108864 (custom)
2025-05-12 14:24:52,967 [318d5f9c-a548-45a7-96e8-01a796af6bbe-groupManagement] INFO  server.RaftServerConfigKeys (ConfUtils.java:logGet(46)) - raft.server.log.segment.cache.num.max = 2 (custom)
2025-05-12 14:24:52,967 [318d5f9c-a548-45a7-96e8-01a796af6bbe-groupManagement] INFO  server.RaftServerConfigKeys (ConfUtils.java:logGet(46)) - raft.server.log.segment.cache.size.max = 200MB (=209715200) (default)
2025-05-12 14:24:52,967 [318d5f9c-a548-45a7-96e8-01a796af6bbe-groupManagement] INFO  server.RaftServerConfigKeys (ConfUtils.java:logGet(46)) - raft.server.log.appender.buffer.byte-limit = 33554432 (custom)
2025-05-12 14:24:52,967 [318d5f9c-a548-45a7-96e8-01a796af6bbe-groupManagement] INFO  util.AwaitToRun (AwaitToRun.java:start(81)) - Thread[#947,318d5f9c-a548-45a7-96e8-01a796af6bbe@group-672574B3754B-cacheEviction-AwaitToRun,5,main] started
2025-05-12 14:24:52,967 [318d5f9c-a548-45a7-96e8-01a796af6bbe-groupManagement] INFO  segmented.SegmentedRaftLogWorker (SegmentedRaftLogWorker.java:<init>(188)) - new 318d5f9c-a548-45a7-96e8-01a796af6bbe@group-672574B3754B-SegmentedRaftLogWorker for RaftStorageImpl:Storage Directory /home/runner/work/ozone/ozone/hadoop-ozone/integration-test-s3/target/test-dir/MiniOzoneClusterImpl-3d63a36f-1eaa-4b4c-95b9-e111fcfd97b0/ozone-meta/datanode-1/ratis/c78003fe-a3d2-4130-9f31-672574b3754b
2025-05-12 14:24:52,967 [318d5f9c-a548-45a7-96e8-01a796af6bbe-groupManagement] INFO  server.RaftServerConfigKeys (ConfUtils.java:logGet(46)) - raft.server.log.queue.byte-limit = 4294967296 (custom)
2025-05-12 14:24:52,967 [318d5f9c-a548-45a7-96e8-01a796af6bbe-groupManagement] INFO  server.RaftServerConfigKeys (ConfUtils.java:logGet(46)) - raft.server.log.queue.element-limit = 1024 (custom)
2025-05-12 14:24:52,967 [318d5f9c-a548-45a7-96e8-01a796af6bbe-groupManagement] INFO  server.RaftServerConfigKeys (ConfUtils.java:logGet(46)) - raft.server.log.segment.size.max = 67108864 (custom)
2025-05-12 14:24:52,967 [318d5f9c-a548-45a7-96e8-01a796af6bbe-groupManagement] INFO  server.RaftServerConfigKeys (ConfUtils.java:logGet(46)) - raft.server.log.preallocated.size = 4194304 (custom)
2025-05-12 14:24:52,967 [318d5f9c-a548-45a7-96e8-01a796af6bbe-groupManagement] INFO  server.RaftServerConfigKeys (ConfUtils.java:logGet(46)) - raft.server.log.force.sync.num = 128 (default)
2025-05-12 14:24:52,967 [318d5f9c-a548-45a7-96e8-01a796af6bbe-groupManagement] INFO  server.RaftServerConfigKeys (ConfUtils.java:logGet(46)) - raft.server.log.statemachine.data.sync = true (default)
2025-05-12 14:24:52,968 [318d5f9c-a548-45a7-96e8-01a796af6bbe-groupManagement] INFO  server.RaftServerConfigKeys (ConfUtils.java:logGet(46)) - raft.server.log.statemachine.data.sync.timeout = 10s (default)
2025-05-12 14:24:52,968 [318d5f9c-a548-45a7-96e8-01a796af6bbe-groupManagement] INFO  server.RaftServerConfigKeys (ConfUtils.java:logGet(46)) - raft.server.log.statemachine.data.sync.timeout.retry = 30 (custom)
2025-05-12 14:24:52,968 [318d5f9c-a548-45a7-96e8-01a796af6bbe-groupManagement] INFO  server.RaftServerConfigKeys (ConfUtils.java:logGet(46)) - raft.server.log.write.buffer.size = 33554440 (custom)
2025-05-12 14:24:52,970 [EventQueue-PipelineReportForOneReplicaPipelineSafeModeRule] INFO  safemode.SCMSafeModeManager (SCMSafeModeManager.java:validateSafeModeExitRules(140)) - AtleastOneDatanodeReportedRule rule is successfully validated
2025-05-12 14:24:52,974 [318d5f9c-a548-45a7-96e8-01a796af6bbe-groupManagement] INFO  server.RaftServerConfigKeys (ConfUtils.java:logGet(46)) - raft.server.log.appender.buffer.byte-limit = 33554432 (custom)
2025-05-12 14:24:52,974 [318d5f9c-a548-45a7-96e8-01a796af6bbe-groupManagement] INFO  server.RaftServerConfigKeys (ConfUtils.java:logGet(46)) - raft.server.log.unsafe-flush.enabled = false (default)
2025-05-12 14:24:52,974 [318d5f9c-a548-45a7-96e8-01a796af6bbe-groupManagement] INFO  server.RaftServerConfigKeys (ConfUtils.java:logGet(46)) - raft.server.log.async-flush.enabled = false (default)
2025-05-12 14:24:52,974 [318d5f9c-a548-45a7-96e8-01a796af6bbe-groupManagement] INFO  server.RaftServerConfigKeys (ConfUtils.java:logGet(46)) - raft.server.log.statemachine.data.caching.enabled = true (custom)
2025-05-12 14:24:52,974 [318d5f9c-a548-45a7-96e8-01a796af6bbe-groupManagement] INFO  segmented.SegmentedRaftLogWorker (SegmentedRaftLogWorker.java:lambda$new$0(139)) - 318d5f9c-a548-45a7-96e8-01a796af6bbe@group-672574B3754B-SegmentedRaftLogWorker: flushIndex: setUnconditionally 0 -> -1
2025-05-12 14:24:52,974 [318d5f9c-a548-45a7-96e8-01a796af6bbe-groupManagement] INFO  segmented.SegmentedRaftLogWorker (SegmentedRaftLogWorker.java:lambda$new$0(139)) - 318d5f9c-a548-45a7-96e8-01a796af6bbe@group-672574B3754B-SegmentedRaftLogWorker: safeCacheEvictIndex: setUnconditionally 0 -> -1
2025-05-12 14:24:52,975 [318d5f9c-a548-45a7-96e8-01a796af6bbe-groupManagement] INFO  server.RaftServer$Division (RaftServerImpl.java:start(391)) - 318d5f9c-a548-45a7-96e8-01a796af6bbe@group-672574B3754B: start as a follower, conf=conf: {index: -1, cur=peers:[854da54c-a3b1-4b54-a80c-9675284bfbe1|127.0.0.1:15023, 318d5f9c-a548-45a7-96e8-01a796af6bbe|127.0.0.1:15015, a991347c-fe65-440a-a23f-e482601a678a|127.0.0.1:15031]|listeners:[], old=null}
2025-05-12 14:24:52,975 [318d5f9c-a548-45a7-96e8-01a796af6bbe-groupManagement] INFO  server.RaftServer$Division (RaftServerImpl.java:setRole(378)) - 318d5f9c-a548-45a7-96e8-01a796af6bbe@group-672574B3754B: changes role from      null to FOLLOWER at term 0 for startAsFollower
2025-05-12 14:24:52,975 [318d5f9c-a548-45a7-96e8-01a796af6bbe-groupManagement] INFO  impl.RoleInfo (RoleInfo.java:updateAndGet(148)) - 318d5f9c-a548-45a7-96e8-01a796af6bbe: start 318d5f9c-a548-45a7-96e8-01a796af6bbe@group-672574B3754B-FollowerState
2025-05-12 14:24:52,975 [318d5f9c-a548-45a7-96e8-01a796af6bbe@group-672574B3754B-FollowerState] INFO  server.RaftServerConfigKeys (ConfUtils.java:logGet(46)) - raft.server.rpc.first-election.timeout.min = 1000ms (custom)
2025-05-12 14:24:52,975 [318d5f9c-a548-45a7-96e8-01a796af6bbe@group-672574B3754B-FollowerState] INFO  server.RaftServerConfigKeys (ConfUtils.java:logGet(46)) - raft.server.rpc.first-election.timeout.max = 1200ms (custom)
2025-05-12 14:24:52,976 [318d5f9c-a548-45a7-96e8-01a796af6bbe-groupManagement] INFO  util.JmxRegister (JmxRegister.java:tryRegister(44)) - Successfully registered JMX Bean with object name Ratis:service=RaftServer,group=group-672574B3754B,id=318d5f9c-a548-45a7-96e8-01a796af6bbe
2025-05-12 14:24:52,976 [318d5f9c-a548-45a7-96e8-01a796af6bbe-groupManagement] INFO  util.JmxRegister (JmxRegister.java:register(58)) - register mxBean class org.apache.ratis.server.impl.RaftServerJmxAdapter as Ratis:service=RaftServer,group=group-672574B3754B,id=318d5f9c-a548-45a7-96e8-01a796af6bbe
2025-05-12 14:24:52,976 [318d5f9c-a548-45a7-96e8-01a796af6bbe-groupManagement] INFO  server.RaftServerConfigKeys (ConfUtils.java:logGet(46)) - raft.server.snapshot.trigger-when-stop.enabled = true (default)
2025-05-12 14:24:52,976 [318d5f9c-a548-45a7-96e8-01a796af6bbe-groupManagement] INFO  server.RaftServerConfigKeys (ConfUtils.java:logGet(46)) - raft.server.snapshot.trigger-when-remove.enabled = true (default)
2025-05-12 14:24:52,976 [318d5f9c-a548-45a7-96e8-01a796af6bbe-groupManagement] INFO  server.RaftServerConfigKeys (ConfUtils.java:logGet(46)) - raft.server.snapshot.auto.trigger.enabled = true (custom)
2025-05-12 14:24:52,976 [318d5f9c-a548-45a7-96e8-01a796af6bbe-groupManagement] INFO  server.RaftServerConfigKeys (ConfUtils.java:logGet(46)) - raft.server.snapshot.auto.trigger.threshold = 100000 (custom)
2025-05-12 14:24:52,976 [318d5f9c-a548-45a7-96e8-01a796af6bbe-groupManagement] INFO  server.RaftServerConfigKeys (ConfUtils.java:logGet(46)) - raft.server.snapshot.retention.file.num = 5 (custom)
2025-05-12 14:24:52,977 [318d5f9c-a548-45a7-96e8-01a796af6bbe-groupManagement] INFO  server.RaftServerConfigKeys (ConfUtils.java:logGet(46)) - raft.server.log.purge.upto.snapshot.index = false (default)
2025-05-12 14:24:52,978 [318d5f9c-a548-45a7-96e8-01a796af6bbe-groupManagement] INFO  server.RaftServer$Division (RaftServerImpl.java:start(405)) - 318d5f9c-a548-45a7-96e8-01a796af6bbe@group-672574B3754B: Successfully started.
2025-05-12 14:24:52,991 [grpc-default-executor-0] INFO  server.RaftServer (RaftServerProxy.java:addNew(100)) - a991347c-fe65-440a-a23f-e482601a678a: addNew group-672574B3754B:[854da54c-a3b1-4b54-a80c-9675284bfbe1|127.0.0.1:15023, 318d5f9c-a548-45a7-96e8-01a796af6bbe|127.0.0.1:15015, a991347c-fe65-440a-a23f-e482601a678a|127.0.0.1:15031] returns group-672574B3754B:java.util.concurrent.CompletableFuture@6b1bcdc1[Not completed]
2025-05-12 14:24:52,992 [a991347c-fe65-440a-a23f-e482601a678a-groupManagement] INFO  server.RaftServer$Division (RaftServerImpl.java:<init>(255)) - a991347c-fe65-440a-a23f-e482601a678a: new RaftServerImpl for group-672574B3754B:[854da54c-a3b1-4b54-a80c-9675284bfbe1|127.0.0.1:15023, 318d5f9c-a548-45a7-96e8-01a796af6bbe|127.0.0.1:15015, a991347c-fe65-440a-a23f-e482601a678a|127.0.0.1:15031] with ContainerStateMachine:uninitialized
2025-05-12 14:24:52,993 [a991347c-fe65-440a-a23f-e482601a678a-groupManagement] INFO  server.RaftServerConfigKeys (ConfUtils.java:logGet(46)) - raft.server.rpc.timeout.min = 5s (custom)
2025-05-12 14:24:52,993 [a991347c-fe65-440a-a23f-e482601a678a-groupManagement] INFO  server.RaftServerConfigKeys (ConfUtils.java:logGet(46)) - raft.server.rpc.timeout.max = 5200ms (custom)
2025-05-12 14:24:52,993 [a991347c-fe65-440a-a23f-e482601a678a-groupManagement] INFO  server.RaftServerConfigKeys (ConfUtils.java:logGet(46)) - raft.server.rpc.sleep.time = 25ms (default)
2025-05-12 14:24:52,993 [a991347c-fe65-440a-a23f-e482601a678a-groupManagement] INFO  server.RaftServerConfigKeys (ConfUtils.java:logGet(46)) - raft.server.rpc.slowness.timeout = 300s (custom)
2025-05-12 14:24:52,993 [a991347c-fe65-440a-a23f-e482601a678a-groupManagement] INFO  server.RaftServerConfigKeys (ConfUtils.java:logGet(46)) - raft.server.leaderelection.leader.step-down.wait-time = 10s (default)
2025-05-12 14:24:52,993 [a991347c-fe65-440a-a23f-e482601a678a-groupManagement] INFO  server.RaftServerConfigKeys (ConfUtils.java:logGet(46)) - raft.server.leaderelection.member.majority-add = false (default)
2025-05-12 14:24:52,993 [a991347c-fe65-440a-a23f-e482601a678a-groupManagement] INFO  server.RaftServerConfigKeys (ConfUtils.java:logGet(46)) - raft.server.sleep.deviation.threshold = 300ms (default)
2025-05-12 14:24:52,993 [a991347c-fe65-440a-a23f-e482601a678a-groupManagement] INFO  server.RaftServer$Division (ServerState.java:<init>(114)) - a991347c-fe65-440a-a23f-e482601a678a@group-672574B3754B: ConfigurationManager, init=conf: {index: -1, cur=peers:[854da54c-a3b1-4b54-a80c-9675284bfbe1|127.0.0.1:15023, 318d5f9c-a548-45a7-96e8-01a796af6bbe|127.0.0.1:15015, a991347c-fe65-440a-a23f-e482601a678a|127.0.0.1:15031]|listeners:[], old=null}, confs=<EMPTY_MAP>
2025-05-12 14:24:52,993 [a991347c-fe65-440a-a23f-e482601a678a-groupManagement] INFO  server.RaftServerConfigKeys (ConfUtils.java:logGet(46)) - raft.server.notification.no-leader.timeout = 300s (custom)
2025-05-12 14:24:52,993 [a991347c-fe65-440a-a23f-e482601a678a-groupManagement] INFO  server.RaftServerConfigKeys (ConfUtils.java:logGet(46)) - raft.server.read.timeout = 10s (default)
2025-05-12 14:24:52,993 [a991347c-fe65-440a-a23f-e482601a678a-groupManagement] INFO  server.RaftServerConfigKeys (ConfUtils.java:logGet(46)) - raft.server.retrycache.expirytime = 600000ms (custom)
2025-05-12 14:24:52,993 [a991347c-fe65-440a-a23f-e482601a678a-groupManagement] INFO  server.RaftServerConfigKeys (ConfUtils.java:logGet(46)) - raft.server.retrycache.statistics.expirytime = 100ms (default)
2025-05-12 14:24:52,993 [a991347c-fe65-440a-a23f-e482601a678a-groupManagement] INFO  server.RaftServerConfigKeys (ConfUtils.java:logGet(46)) - raft.server.read.option = DEFAULT (default)
2025-05-12 14:24:52,993 [a991347c-fe65-440a-a23f-e482601a678a-groupManagement] INFO  server.RaftServerConfigKeys (ConfUtils.java:logGet(46)) - raft.server.read.read-after-write-consistent.write-index-cache.expiry-time = 60s (default)
2025-05-12 14:24:52,998 [a991347c-fe65-440a-a23f-e482601a678a-groupManagement] INFO  server.RaftServerConfigKeys (ConfUtils.java:logGet(46)) - raft.server.rpc.request.timeout = 60s (custom)
2025-05-12 14:24:52,998 [a991347c-fe65-440a-a23f-e482601a678a-groupManagement] INFO  server.RaftServerConfigKeys (ConfUtils.java:logGet(46)) - raft.server.log.appender.install.snapshot.enabled = false (custom)
2025-05-12 14:24:52,998 [a991347c-fe65-440a-a23f-e482601a678a-groupManagement] INFO  server.RaftServerConfigKeys (ConfUtils.java:logGet(46)) - raft.server.threadpool.server.cached = true (default)
2025-05-12 14:24:52,998 [a991347c-fe65-440a-a23f-e482601a678a-groupManagement] INFO  server.RaftServerConfigKeys (ConfUtils.java:logGet(46)) - raft.server.threadpool.server.size = 0 (default)
2025-05-12 14:24:52,998 [a991347c-fe65-440a-a23f-e482601a678a-groupManagement] INFO  server.RaftServerConfigKeys (ConfUtils.java:logGet(46)) - raft.server.threadpool.client.cached = true (default)
2025-05-12 14:24:52,998 [a991347c-fe65-440a-a23f-e482601a678a-groupManagement] INFO  server.RaftServerConfigKeys (ConfUtils.java:logGet(46)) - raft.server.threadpool.client.size = 0 (default)
2025-05-12 14:24:52,998 [a991347c-fe65-440a-a23f-e482601a678a-groupManagement] INFO  server.RaftServerConfigKeys (ConfUtils.java:logGet(46)) - raft.server.storage.free-space.min = 0MB (=0) (default)
2025-05-12 14:24:52,998 [a991347c-fe65-440a-a23f-e482601a678a-groupManagement] INFO  server.RaftServerConfigKeys (ConfUtils.java:logGet(46)) - raft.server.log.corruption.policy = EXCEPTION (default)
2025-05-12 14:24:52,998 [a991347c-fe65-440a-a23f-e482601a678a-groupManagement] INFO  server.RaftServerConfigKeys (ConfUtils.java:logGet(46)) - raft.server.storage.dir = [/home/runner/work/ozone/ozone/hadoop-ozone/integration-test-s3/target/test-dir/MiniOzoneClusterImpl-3d63a36f-1eaa-4b4c-95b9-e111fcfd97b0/ozone-meta/datanode-3/ratis] (custom)
2025-05-12 14:24:52,998 [a991347c-fe65-440a-a23f-e482601a678a-groupManagement] INFO  storage.RaftStorageDirectory (RaftStorageDirectoryImpl.java:analyzeStorage(138)) - The storage directory /home/runner/work/ozone/ozone/hadoop-ozone/integration-test-s3/target/test-dir/MiniOzoneClusterImpl-3d63a36f-1eaa-4b4c-95b9-e111fcfd97b0/ozone-meta/datanode-3/ratis/c78003fe-a3d2-4130-9f31-672574b3754b does not exist. Creating ...
2025-05-12 14:24:53,000 [a991347c-fe65-440a-a23f-e482601a678a-groupManagement] INFO  storage.RaftStorageDirectory (RaftStorageDirectoryImpl.java:tryLock(229)) - Lock on /home/runner/work/ozone/ozone/hadoop-ozone/integration-test-s3/target/test-dir/MiniOzoneClusterImpl-3d63a36f-1eaa-4b4c-95b9-e111fcfd97b0/ozone-meta/datanode-3/ratis/c78003fe-a3d2-4130-9f31-672574b3754b/in_use.lock acquired by nodename 75962@pkrvmberfyhpb9w
2025-05-12 14:24:53,001 [a991347c-fe65-440a-a23f-e482601a678a-groupManagement] INFO  storage.RaftStorage (RaftStorageImpl.java:format(98)) - Storage directory /home/runner/work/ozone/ozone/hadoop-ozone/integration-test-s3/target/test-dir/MiniOzoneClusterImpl-3d63a36f-1eaa-4b4c-95b9-e111fcfd97b0/ozone-meta/datanode-3/ratis/c78003fe-a3d2-4130-9f31-672574b3754b has been successfully formatted.
2025-05-12 14:24:53,001 [a991347c-fe65-440a-a23f-e482601a678a-groupManagement] INFO  ratis.ContainerStateMachine (ContainerStateMachine.java:initialize(339)) - a991347c-fe65-440a-a23f-e482601a678a: initialize group-672574B3754B
2025-05-12 14:24:53,001 [a991347c-fe65-440a-a23f-e482601a678a-groupManagement] INFO  ratis.ContainerStateMachine (ContainerStateMachine.java:loadSnapshot(347)) - group-672574B3754B: The snapshot info is null. Setting the last applied index to:(t:0, i:~)
2025-05-12 14:24:53,001 [a991347c-fe65-440a-a23f-e482601a678a-groupManagement] INFO  server.RaftServerConfigKeys (ConfUtils.java:logGet(46)) - raft.server.log.use.memory = false (default)
2025-05-12 14:24:53,001 [a991347c-fe65-440a-a23f-e482601a678a-groupManagement] INFO  server.RaftServerConfigKeys (ConfUtils.java:logGet(46)) - raft.server.log.purge.gap = 1000000 (custom)
2025-05-12 14:24:53,002 [a991347c-fe65-440a-a23f-e482601a678a-groupManagement] INFO  server.RaftServerConfigKeys (ConfUtils.java:logGet(46)) - raft.server.log.appender.buffer.byte-limit = 33554432 (custom)
2025-05-12 14:24:53,002 [a991347c-fe65-440a-a23f-e482601a678a-groupManagement] INFO  server.RaftServerConfigKeys (ConfUtils.java:logGet(46)) - raft.server.log.statemachine.data.read.timeout = 1000ms (default)
2025-05-12 14:24:53,002 [a991347c-fe65-440a-a23f-e482601a678a-groupManagement] INFO  server.RaftServerConfigKeys (ConfUtils.java:logGet(46)) - raft.server.log.purge.preservation.log.num = 0 (default)
2025-05-12 14:24:53,004 [a991347c-fe65-440a-a23f-e482601a678a-groupManagement] INFO  server.RaftServerConfigKeys (ConfUtils.java:logGet(46)) - raft.server.log.segment.size.max = 67108864 (custom)
2025-05-12 14:24:53,004 [a991347c-fe65-440a-a23f-e482601a678a-groupManagement] INFO  server.RaftServerConfigKeys (ConfUtils.java:logGet(46)) - raft.server.log.segment.cache.num.max = 2 (custom)
2025-05-12 14:24:53,004 [a991347c-fe65-440a-a23f-e482601a678a-groupManagement] INFO  server.RaftServerConfigKeys (ConfUtils.java:logGet(46)) - raft.server.log.segment.cache.size.max = 200MB (=209715200) (default)
2025-05-12 14:24:53,004 [a991347c-fe65-440a-a23f-e482601a678a-groupManagement] INFO  server.RaftServerConfigKeys (ConfUtils.java:logGet(46)) - raft.server.log.appender.buffer.byte-limit = 33554432 (custom)
2025-05-12 14:24:53,005 [a991347c-fe65-440a-a23f-e482601a678a-groupManagement] INFO  util.AwaitToRun (AwaitToRun.java:start(81)) - Thread[#954,a991347c-fe65-440a-a23f-e482601a678a@group-672574B3754B-cacheEviction-AwaitToRun,5,main] started
2025-05-12 14:24:53,005 [a991347c-fe65-440a-a23f-e482601a678a-groupManagement] INFO  segmented.SegmentedRaftLogWorker (SegmentedRaftLogWorker.java:<init>(188)) - new a991347c-fe65-440a-a23f-e482601a678a@group-672574B3754B-SegmentedRaftLogWorker for RaftStorageImpl:Storage Directory /home/runner/work/ozone/ozone/hadoop-ozone/integration-test-s3/target/test-dir/MiniOzoneClusterImpl-3d63a36f-1eaa-4b4c-95b9-e111fcfd97b0/ozone-meta/datanode-3/ratis/c78003fe-a3d2-4130-9f31-672574b3754b
2025-05-12 14:24:53,005 [a991347c-fe65-440a-a23f-e482601a678a-groupManagement] INFO  server.RaftServerConfigKeys (ConfUtils.java:logGet(46)) - raft.server.log.queue.byte-limit = 4294967296 (custom)
2025-05-12 14:24:53,005 [a991347c-fe65-440a-a23f-e482601a678a-groupManagement] INFO  server.RaftServerConfigKeys (ConfUtils.java:logGet(46)) - raft.server.log.queue.element-limit = 1024 (custom)
2025-05-12 14:24:53,005 [a991347c-fe65-440a-a23f-e482601a678a-groupManagement] INFO  server.RaftServerConfigKeys (ConfUtils.java:logGet(46)) - raft.server.log.segment.size.max = 67108864 (custom)
2025-05-12 14:24:53,005 [a991347c-fe65-440a-a23f-e482601a678a-groupManagement] INFO  server.RaftServerConfigKeys (ConfUtils.java:logGet(46)) - raft.server.log.preallocated.size = 4194304 (custom)
2025-05-12 14:24:53,005 [a991347c-fe65-440a-a23f-e482601a678a-groupManagement] INFO  server.RaftServerConfigKeys (ConfUtils.java:logGet(46)) - raft.server.log.force.sync.num = 128 (default)
2025-05-12 14:24:53,005 [a991347c-fe65-440a-a23f-e482601a678a-groupManagement] INFO  server.RaftServerConfigKeys (ConfUtils.java:logGet(46)) - raft.server.log.statemachine.data.sync = true (default)
2025-05-12 14:24:53,005 [a991347c-fe65-440a-a23f-e482601a678a-groupManagement] INFO  server.RaftServerConfigKeys (ConfUtils.java:logGet(46)) - raft.server.log.statemachine.data.sync.timeout = 10s (default)
2025-05-12 14:24:53,005 [a991347c-fe65-440a-a23f-e482601a678a-groupManagement] INFO  server.RaftServerConfigKeys (ConfUtils.java:logGet(46)) - raft.server.log.statemachine.data.sync.timeout.retry = 30 (custom)
2025-05-12 14:24:53,006 [a991347c-fe65-440a-a23f-e482601a678a-groupManagement] INFO  server.RaftServerConfigKeys (ConfUtils.java:logGet(46)) - raft.server.log.write.buffer.size = 33554440 (custom)
2025-05-12 14:24:53,010 [EventQueue-PipelineReportForOneReplicaPipelineSafeModeRule] INFO  safemode.SCMSafeModeManager (SCMSafeModeManager.java:validateSafeModeExitRules(140)) - AtleastOneDatanodeReportedRule rule is successfully validated
2025-05-12 14:24:53,011 [a991347c-fe65-440a-a23f-e482601a678a-groupManagement] INFO  server.RaftServerConfigKeys (ConfUtils.java:logGet(46)) - raft.server.log.appender.buffer.byte-limit = 33554432 (custom)
2025-05-12 14:24:53,012 [a991347c-fe65-440a-a23f-e482601a678a-groupManagement] INFO  server.RaftServerConfigKeys (ConfUtils.java:logGet(46)) - raft.server.log.unsafe-flush.enabled = false (default)
2025-05-12 14:24:53,012 [a991347c-fe65-440a-a23f-e482601a678a-groupManagement] INFO  server.RaftServerConfigKeys (ConfUtils.java:logGet(46)) - raft.server.log.async-flush.enabled = false (default)
2025-05-12 14:24:53,012 [a991347c-fe65-440a-a23f-e482601a678a-groupManagement] INFO  server.RaftServerConfigKeys (ConfUtils.java:logGet(46)) - raft.server.log.statemachine.data.caching.enabled = true (custom)
2025-05-12 14:24:53,012 [a991347c-fe65-440a-a23f-e482601a678a-groupManagement] INFO  segmented.SegmentedRaftLogWorker (SegmentedRaftLogWorker.java:lambda$new$0(139)) - a991347c-fe65-440a-a23f-e482601a678a@group-672574B3754B-SegmentedRaftLogWorker: flushIndex: setUnconditionally 0 -> -1
2025-05-12 14:24:53,012 [a991347c-fe65-440a-a23f-e482601a678a-groupManagement] INFO  segmented.SegmentedRaftLogWorker (SegmentedRaftLogWorker.java:lambda$new$0(139)) - a991347c-fe65-440a-a23f-e482601a678a@group-672574B3754B-SegmentedRaftLogWorker: safeCacheEvictIndex: setUnconditionally 0 -> -1
2025-05-12 14:24:53,012 [a991347c-fe65-440a-a23f-e482601a678a-groupManagement] INFO  server.RaftServer$Division (RaftServerImpl.java:start(391)) - a991347c-fe65-440a-a23f-e482601a678a@group-672574B3754B: start as a follower, conf=conf: {index: -1, cur=peers:[854da54c-a3b1-4b54-a80c-9675284bfbe1|127.0.0.1:15023, 318d5f9c-a548-45a7-96e8-01a796af6bbe|127.0.0.1:15015, a991347c-fe65-440a-a23f-e482601a678a|127.0.0.1:15031]|listeners:[], old=null}
2025-05-12 14:24:53,013 [a991347c-fe65-440a-a23f-e482601a678a-groupManagement] INFO  server.RaftServer$Division (RaftServerImpl.java:setRole(378)) - a991347c-fe65-440a-a23f-e482601a678a@group-672574B3754B: changes role from      null to FOLLOWER at term 0 for startAsFollower
2025-05-12 14:24:53,013 [a991347c-fe65-440a-a23f-e482601a678a-groupManagement] INFO  impl.RoleInfo (RoleInfo.java:updateAndGet(148)) - a991347c-fe65-440a-a23f-e482601a678a: start a991347c-fe65-440a-a23f-e482601a678a@group-672574B3754B-FollowerState
2025-05-12 14:24:53,013 [a991347c-fe65-440a-a23f-e482601a678a-groupManagement] INFO  util.JmxRegister (JmxRegister.java:tryRegister(44)) - Successfully registered JMX Bean with object name Ratis:service=RaftServer,group=group-672574B3754B,id=a991347c-fe65-440a-a23f-e482601a678a
2025-05-12 14:24:53,013 [a991347c-fe65-440a-a23f-e482601a678a@group-672574B3754B-FollowerState] INFO  server.RaftServerConfigKeys (ConfUtils.java:logGet(46)) - raft.server.rpc.first-election.timeout.min = 1000ms (custom)
2025-05-12 14:24:53,013 [a991347c-fe65-440a-a23f-e482601a678a-groupManagement] INFO  util.JmxRegister (JmxRegister.java:register(58)) - register mxBean class org.apache.ratis.server.impl.RaftServerJmxAdapter as Ratis:service=RaftServer,group=group-672574B3754B,id=a991347c-fe65-440a-a23f-e482601a678a
2025-05-12 14:24:53,014 [a991347c-fe65-440a-a23f-e482601a678a-groupManagement] INFO  server.RaftServerConfigKeys (ConfUtils.java:logGet(46)) - raft.server.snapshot.trigger-when-stop.enabled = true (default)
2025-05-12 14:24:53,013 [a991347c-fe65-440a-a23f-e482601a678a@group-672574B3754B-FollowerState] INFO  server.RaftServerConfigKeys (ConfUtils.java:logGet(46)) - raft.server.rpc.first-election.timeout.max = 1200ms (custom)
2025-05-12 14:24:53,014 [a991347c-fe65-440a-a23f-e482601a678a-groupManagement] INFO  server.RaftServerConfigKeys (ConfUtils.java:logGet(46)) - raft.server.snapshot.trigger-when-remove.enabled = true (default)
2025-05-12 14:24:53,014 [a991347c-fe65-440a-a23f-e482601a678a-groupManagement] INFO  server.RaftServerConfigKeys (ConfUtils.java:logGet(46)) - raft.server.snapshot.auto.trigger.enabled = true (custom)
2025-05-12 14:24:53,014 [a991347c-fe65-440a-a23f-e482601a678a-groupManagement] INFO  server.RaftServerConfigKeys (ConfUtils.java:logGet(46)) - raft.server.snapshot.auto.trigger.threshold = 100000 (custom)
2025-05-12 14:24:53,014 [a991347c-fe65-440a-a23f-e482601a678a-groupManagement] INFO  server.RaftServerConfigKeys (ConfUtils.java:logGet(46)) - raft.server.snapshot.retention.file.num = 5 (custom)
2025-05-12 14:24:53,014 [a991347c-fe65-440a-a23f-e482601a678a-groupManagement] INFO  server.RaftServerConfigKeys (ConfUtils.java:logGet(46)) - raft.server.log.purge.upto.snapshot.index = false (default)
2025-05-12 14:24:53,015 [a991347c-fe65-440a-a23f-e482601a678a-groupManagement] INFO  server.RaftServer$Division (RaftServerImpl.java:start(405)) - a991347c-fe65-440a-a23f-e482601a678a@group-672574B3754B: Successfully started.
2025-05-12 14:24:53,019 [854da54c-a3b1-4b54-a80c-9675284bfbe1-PipelineCommandHandlerThread-0] INFO  commandhandler.CreatePipelineCommandHandler (CreatePipelineCommandHandler.java:lambda$handle$2(128)) - Created Pipeline RATIS THREE PipelineID=c78003fe-a3d2-4130-9f31-672574b3754b.
2025-05-12 14:24:53,135 [main] INFO  ozone.MiniOzoneClusterImpl (MiniOzoneClusterImpl.java:lambda$waitForClusterToBeReady$0(191)) - Nodes are ready. Got 5 of 5 DN Heartbeats.
2025-05-12 14:24:53,135 [main] INFO  ozone.MiniOzoneClusterImpl (MiniOzoneClusterImpl.java:lambda$waitForClusterToBeReady$0(194)) - Waiting for cluster to exit safe mode
2025-05-12 14:24:53,135 [main] INFO  ozone.MiniOzoneClusterImpl (MiniOzoneClusterImpl.java:lambda$waitForClusterToBeReady$0(196)) - SCM became leader
2025-05-12 14:24:53,720 [318d5f9c-a548-45a7-96e8-01a796af6bbe@group-A2F4B778C756-FollowerState] INFO  impl.FollowerState (FollowerState.java:runImpl(161)) - 318d5f9c-a548-45a7-96e8-01a796af6bbe@group-A2F4B778C756-FollowerState: change to CANDIDATE, lastRpcElapsedTime:1077658313ns, electionTimeout:1077ms
2025-05-12 14:24:53,720 [318d5f9c-a548-45a7-96e8-01a796af6bbe@group-A2F4B778C756-FollowerState] INFO  impl.RoleInfo (RoleInfo.java:shutdownFollowerState(121)) - 318d5f9c-a548-45a7-96e8-01a796af6bbe: shutdown 318d5f9c-a548-45a7-96e8-01a796af6bbe@group-A2F4B778C756-FollowerState
2025-05-12 14:24:53,721 [318d5f9c-a548-45a7-96e8-01a796af6bbe@group-A2F4B778C756-FollowerState] INFO  server.RaftServer$Division (RaftServerImpl.java:setRole(378)) - 318d5f9c-a548-45a7-96e8-01a796af6bbe@group-A2F4B778C756: changes role from  FOLLOWER to CANDIDATE at term 0 for changeToCandidate
2025-05-12 14:24:53,721 [318d5f9c-a548-45a7-96e8-01a796af6bbe@group-A2F4B778C756-FollowerState] INFO  server.RaftServerConfigKeys (ConfUtils.java:logGet(46)) - raft.server.leaderelection.pre-vote = true (default)
2025-05-12 14:24:53,721 [318d5f9c-a548-45a7-96e8-01a796af6bbe@group-A2F4B778C756-FollowerState] INFO  impl.RoleInfo (RoleInfo.java:updateAndGet(148)) - 318d5f9c-a548-45a7-96e8-01a796af6bbe: start 318d5f9c-a548-45a7-96e8-01a796af6bbe@group-A2F4B778C756-LeaderElection4
2025-05-12 14:24:53,721 [318d5f9c-a548-45a7-96e8-01a796af6bbe@group-A2F4B778C756-LeaderElection4] INFO  impl.LeaderElection (LeaderElection.java:askForVotes(332)) - 318d5f9c-a548-45a7-96e8-01a796af6bbe@group-A2F4B778C756-LeaderElection4 PRE_VOTE round 0: submit vote requests at term 0 for conf: {index: -1, cur=peers:[854da54c-a3b1-4b54-a80c-9675284bfbe1|127.0.0.1:15023, 318d5f9c-a548-45a7-96e8-01a796af6bbe|127.0.0.1:15015, a991347c-fe65-440a-a23f-e482601a678a|127.0.0.1:15031]|listeners:[], old=null}
2025-05-12 14:24:53,724 [318d5f9c-a548-45a7-96e8-01a796af6bbe@group-A2F4B778C756-LeaderElection4] INFO  server.RaftServerConfigKeys (ConfUtils.java:logGet(46)) - raft.server.rpc.first-election.timeout.min = 1000ms (custom)
2025-05-12 14:24:53,724 [318d5f9c-a548-45a7-96e8-01a796af6bbe@group-A2F4B778C756-LeaderElection4] INFO  server.RaftServerConfigKeys (ConfUtils.java:logGet(46)) - raft.server.rpc.first-election.timeout.max = 1200ms (custom)
2025-05-12 14:24:53,724 [318d5f9c-a548-45a7-96e8-01a796af6bbe@group-A2F4B778C756-LeaderElection4-1] INFO  server.GrpcServerProtocolClient (GrpcServerProtocolClient.java:<init>(65)) - Build channel for 854da54c-a3b1-4b54-a80c-9675284bfbe1|127.0.0.1:15023
2025-05-12 14:24:53,725 [318d5f9c-a548-45a7-96e8-01a796af6bbe@group-A2F4B778C756-LeaderElection4-2] INFO  server.GrpcServerProtocolClient (GrpcServerProtocolClient.java:<init>(65)) - Build channel for a991347c-fe65-440a-a23f-e482601a678a|127.0.0.1:15031
2025-05-12 14:24:53,732 [grpc-default-executor-0] INFO  server.RaftServer$Division (RaftServerImpl.java:requestVote(1407)) - a991347c-fe65-440a-a23f-e482601a678a@group-A2F4B778C756: receive requestVote(PRE_VOTE, 318d5f9c-a548-45a7-96e8-01a796af6bbe, group-A2F4B778C756, 0, (t:0, i:0))
2025-05-12 14:24:53,733 [grpc-default-executor-1] INFO  server.RaftServer$Division (RaftServerImpl.java:requestVote(1407)) - 854da54c-a3b1-4b54-a80c-9675284bfbe1@group-A2F4B778C756: receive requestVote(PRE_VOTE, 318d5f9c-a548-45a7-96e8-01a796af6bbe, group-A2F4B778C756, 0, (t:0, i:0))
2025-05-12 14:24:53,734 [grpc-default-executor-0] INFO  impl.VoteContext (VoteContext.java:log(49)) - a991347c-fe65-440a-a23f-e482601a678a@group-A2F4B778C756-FOLLOWER: accept PRE_VOTE from 318d5f9c-a548-45a7-96e8-01a796af6bbe: our priority 0 <= candidate's priority 1
2025-05-12 14:24:53,734 [grpc-default-executor-1] INFO  impl.VoteContext (VoteContext.java:log(49)) - 854da54c-a3b1-4b54-a80c-9675284bfbe1@group-A2F4B778C756-FOLLOWER: accept PRE_VOTE from 318d5f9c-a548-45a7-96e8-01a796af6bbe: our priority 0 <= candidate's priority 1
2025-05-12 14:24:53,736 [grpc-default-executor-0] INFO  server.RaftServer$Division (RaftServerImpl.java:requestVote(1441)) - a991347c-fe65-440a-a23f-e482601a678a@group-A2F4B778C756 replies to PRE_VOTE vote request: 318d5f9c-a548-45a7-96e8-01a796af6bbe<-a991347c-fe65-440a-a23f-e482601a678a#0:OK-t0. Peer's state: a991347c-fe65-440a-a23f-e482601a678a@group-A2F4B778C756:t0, leader=null, voted=, raftlog=Memoized:a991347c-fe65-440a-a23f-e482601a678a@group-A2F4B778C756-SegmentedRaftLog:OPENED:c-1:lastnull, conf=conf: {index: -1, cur=peers:[854da54c-a3b1-4b54-a80c-9675284bfbe1|127.0.0.1:15023, 318d5f9c-a548-45a7-96e8-01a796af6bbe|127.0.0.1:15015, a991347c-fe65-440a-a23f-e482601a678a|127.0.0.1:15031]|listeners:[], old=null}
2025-05-12 14:24:53,736 [grpc-default-executor-1] INFO  server.RaftServer$Division (RaftServerImpl.java:requestVote(1441)) - 854da54c-a3b1-4b54-a80c-9675284bfbe1@group-A2F4B778C756 replies to PRE_VOTE vote request: 318d5f9c-a548-45a7-96e8-01a796af6bbe<-854da54c-a3b1-4b54-a80c-9675284bfbe1#0:OK-t0. Peer's state: 854da54c-a3b1-4b54-a80c-9675284bfbe1@group-A2F4B778C756:t0, leader=null, voted=, raftlog=Memoized:854da54c-a3b1-4b54-a80c-9675284bfbe1@group-A2F4B778C756-SegmentedRaftLog:OPENED:c-1:lastnull, conf=conf: {index: -1, cur=peers:[854da54c-a3b1-4b54-a80c-9675284bfbe1|127.0.0.1:15023, 318d5f9c-a548-45a7-96e8-01a796af6bbe|127.0.0.1:15015, a991347c-fe65-440a-a23f-e482601a678a|127.0.0.1:15031]|listeners:[], old=null}
2025-05-12 14:24:53,738 [318d5f9c-a548-45a7-96e8-01a796af6bbe@group-A2F4B778C756-LeaderElection4] INFO  impl.LeaderElection (LeaderElection.java:logAndReturn(90)) - 318d5f9c-a548-45a7-96e8-01a796af6bbe@group-A2F4B778C756-LeaderElection4: PRE_VOTE PASSED received 1 response(s) and 0 exception(s):
2025-05-12 14:24:53,738 [318d5f9c-a548-45a7-96e8-01a796af6bbe@group-A2F4B778C756-LeaderElection4] INFO  impl.LeaderElection (LeaderElection.java:logAndReturn(94)) -   Response 0: 318d5f9c-a548-45a7-96e8-01a796af6bbe<-854da54c-a3b1-4b54-a80c-9675284bfbe1#0:OK-t0
2025-05-12 14:24:53,738 [318d5f9c-a548-45a7-96e8-01a796af6bbe@group-A2F4B778C756-LeaderElection4] INFO  impl.LeaderElection (LeaderElection.java:askForVotes(334)) - 318d5f9c-a548-45a7-96e8-01a796af6bbe@group-A2F4B778C756-LeaderElection4 PRE_VOTE round 0: result PASSED
2025-05-12 14:24:53,739 [318d5f9c-a548-45a7-96e8-01a796af6bbe@group-A2F4B778C756-LeaderElection4] INFO  impl.LeaderElection (LeaderElection.java:askForVotes(332)) - 318d5f9c-a548-45a7-96e8-01a796af6bbe@group-A2F4B778C756-LeaderElection4 ELECTION round 0: submit vote requests at term 1 for conf: {index: -1, cur=peers:[854da54c-a3b1-4b54-a80c-9675284bfbe1|127.0.0.1:15023, 318d5f9c-a548-45a7-96e8-01a796af6bbe|127.0.0.1:15015, a991347c-fe65-440a-a23f-e482601a678a|127.0.0.1:15031]|listeners:[], old=null}
2025-05-12 14:24:53,740 [318d5f9c-a548-45a7-96e8-01a796af6bbe@group-A2F4B778C756-LeaderElection4] INFO  server.RaftServerConfigKeys (ConfUtils.java:logGet(46)) - raft.server.rpc.first-election.timeout.min = 1000ms (custom)
2025-05-12 14:24:53,740 [318d5f9c-a548-45a7-96e8-01a796af6bbe@group-A2F4B778C756-LeaderElection4] INFO  server.RaftServerConfigKeys (ConfUtils.java:logGet(46)) - raft.server.rpc.first-election.timeout.max = 1200ms (custom)
2025-05-12 14:24:53,741 [grpc-default-executor-1] INFO  server.RaftServer$Division (RaftServerImpl.java:requestVote(1407)) - a991347c-fe65-440a-a23f-e482601a678a@group-A2F4B778C756: receive requestVote(ELECTION, 318d5f9c-a548-45a7-96e8-01a796af6bbe, group-A2F4B778C756, 1, (t:0, i:0))
2025-05-12 14:24:53,742 [grpc-default-executor-1] INFO  impl.VoteContext (VoteContext.java:log(49)) - a991347c-fe65-440a-a23f-e482601a678a@group-A2F4B778C756-FOLLOWER: accept ELECTION from 318d5f9c-a548-45a7-96e8-01a796af6bbe: our priority 0 <= candidate's priority 1
2025-05-12 14:24:53,742 [grpc-default-executor-1] INFO  server.RaftServer$Division (RaftServerImpl.java:setRole(378)) - a991347c-fe65-440a-a23f-e482601a678a@group-A2F4B778C756: changes role from  FOLLOWER to FOLLOWER at term 0 for candidate:318d5f9c-a548-45a7-96e8-01a796af6bbe
2025-05-12 14:24:53,742 [grpc-default-executor-1] INFO  impl.RoleInfo (RoleInfo.java:shutdownFollowerState(121)) - a991347c-fe65-440a-a23f-e482601a678a: shutdown a991347c-fe65-440a-a23f-e482601a678a@group-A2F4B778C756-FollowerState
2025-05-12 14:24:53,742 [grpc-default-executor-0] INFO  server.RaftServer$Division (RaftServerImpl.java:requestVote(1407)) - 854da54c-a3b1-4b54-a80c-9675284bfbe1@group-A2F4B778C756: receive requestVote(ELECTION, 318d5f9c-a548-45a7-96e8-01a796af6bbe, group-A2F4B778C756, 1, (t:0, i:0))
2025-05-12 14:24:53,742 [a991347c-fe65-440a-a23f-e482601a678a@group-A2F4B778C756-FollowerState] INFO  impl.FollowerState (FollowerState.java:runImpl(170)) - a991347c-fe65-440a-a23f-e482601a678a@group-A2F4B778C756-FollowerState was interrupted
2025-05-12 14:24:53,742 [grpc-default-executor-1] INFO  impl.RoleInfo (RoleInfo.java:updateAndGet(148)) - a991347c-fe65-440a-a23f-e482601a678a: start a991347c-fe65-440a-a23f-e482601a678a@group-A2F4B778C756-FollowerState
2025-05-12 14:24:53,742 [grpc-default-executor-0] INFO  impl.VoteContext (VoteContext.java:log(49)) - 854da54c-a3b1-4b54-a80c-9675284bfbe1@group-A2F4B778C756-FOLLOWER: accept ELECTION from 318d5f9c-a548-45a7-96e8-01a796af6bbe: our priority 0 <= candidate's priority 1
2025-05-12 14:24:53,742 [grpc-default-executor-0] INFO  server.RaftServer$Division (RaftServerImpl.java:setRole(378)) - 854da54c-a3b1-4b54-a80c-9675284bfbe1@group-A2F4B778C756: changes role from  FOLLOWER to FOLLOWER at term 0 for candidate:318d5f9c-a548-45a7-96e8-01a796af6bbe
2025-05-12 14:24:53,742 [grpc-default-executor-0] INFO  impl.RoleInfo (RoleInfo.java:shutdownFollowerState(121)) - 854da54c-a3b1-4b54-a80c-9675284bfbe1: shutdown 854da54c-a3b1-4b54-a80c-9675284bfbe1@group-A2F4B778C756-FollowerState
2025-05-12 14:24:53,742 [grpc-default-executor-0] INFO  impl.RoleInfo (RoleInfo.java:updateAndGet(148)) - 854da54c-a3b1-4b54-a80c-9675284bfbe1: start 854da54c-a3b1-4b54-a80c-9675284bfbe1@group-A2F4B778C756-FollowerState
2025-05-12 14:24:53,743 [854da54c-a3b1-4b54-a80c-9675284bfbe1@group-A2F4B778C756-FollowerState] INFO  impl.FollowerState (FollowerState.java:runImpl(170)) - 854da54c-a3b1-4b54-a80c-9675284bfbe1@group-A2F4B778C756-FollowerState was interrupted
2025-05-12 14:24:53,743 [grpc-default-executor-1] INFO  server.RaftServer$Division (RaftServerImpl.java:setFirstElection(562)) - a991347c-fe65-440a-a23f-e482601a678a@group-A2F4B778C756: set firstElectionSinceStartup to false for candidate:318d5f9c-a548-45a7-96e8-01a796af6bbe
2025-05-12 14:24:53,743 [grpc-default-executor-0] INFO  server.RaftServer$Division (RaftServerImpl.java:setFirstElection(562)) - 854da54c-a3b1-4b54-a80c-9675284bfbe1@group-A2F4B778C756: set firstElectionSinceStartup to false for candidate:318d5f9c-a548-45a7-96e8-01a796af6bbe
2025-05-12 14:24:53,744 [grpc-default-executor-1] INFO  server.RaftServer$Division (RaftServerImpl.java:requestVote(1441)) - a991347c-fe65-440a-a23f-e482601a678a@group-A2F4B778C756 replies to ELECTION vote request: 318d5f9c-a548-45a7-96e8-01a796af6bbe<-a991347c-fe65-440a-a23f-e482601a678a#0:OK-t1. Peer's state: a991347c-fe65-440a-a23f-e482601a678a@group-A2F4B778C756:t1, leader=null, voted=318d5f9c-a548-45a7-96e8-01a796af6bbe, raftlog=Memoized:a991347c-fe65-440a-a23f-e482601a678a@group-A2F4B778C756-SegmentedRaftLog:OPENED:c-1:lastnull, conf=conf: {index: -1, cur=peers:[854da54c-a3b1-4b54-a80c-9675284bfbe1|127.0.0.1:15023, 318d5f9c-a548-45a7-96e8-01a796af6bbe|127.0.0.1:15015, a991347c-fe65-440a-a23f-e482601a678a|127.0.0.1:15031]|listeners:[], old=null}
2025-05-12 14:24:53,745 [grpc-default-executor-0] INFO  server.RaftServer$Division (RaftServerImpl.java:requestVote(1441)) - 854da54c-a3b1-4b54-a80c-9675284bfbe1@group-A2F4B778C756 replies to ELECTION vote request: 318d5f9c-a548-45a7-96e8-01a796af6bbe<-854da54c-a3b1-4b54-a80c-9675284bfbe1#0:OK-t1. Peer's state: 854da54c-a3b1-4b54-a80c-9675284bfbe1@group-A2F4B778C756:t1, leader=null, voted=318d5f9c-a548-45a7-96e8-01a796af6bbe, raftlog=Memoized:854da54c-a3b1-4b54-a80c-9675284bfbe1@group-A2F4B778C756-SegmentedRaftLog:OPENED:c-1:lastnull, conf=conf: {index: -1, cur=peers:[854da54c-a3b1-4b54-a80c-9675284bfbe1|127.0.0.1:15023, 318d5f9c-a548-45a7-96e8-01a796af6bbe|127.0.0.1:15015, a991347c-fe65-440a-a23f-e482601a678a|127.0.0.1:15031]|listeners:[], old=null}
2025-05-12 14:24:53,746 [318d5f9c-a548-45a7-96e8-01a796af6bbe@group-A2F4B778C756-LeaderElection4] INFO  impl.LeaderElection (LeaderElection.java:logAndReturn(90)) - 318d5f9c-a548-45a7-96e8-01a796af6bbe@group-A2F4B778C756-LeaderElection4: ELECTION PASSED received 1 response(s) and 0 exception(s):
2025-05-12 14:24:53,746 [318d5f9c-a548-45a7-96e8-01a796af6bbe@group-A2F4B778C756-LeaderElection4] INFO  impl.LeaderElection (LeaderElection.java:logAndReturn(94)) -   Response 0: 318d5f9c-a548-45a7-96e8-01a796af6bbe<-a991347c-fe65-440a-a23f-e482601a678a#0:OK-t1
2025-05-12 14:24:53,746 [318d5f9c-a548-45a7-96e8-01a796af6bbe@group-A2F4B778C756-LeaderElection4] INFO  impl.LeaderElection (LeaderElection.java:askForVotes(334)) - 318d5f9c-a548-45a7-96e8-01a796af6bbe@group-A2F4B778C756-LeaderElection4 ELECTION round 0: result PASSED
2025-05-12 14:24:53,746 [318d5f9c-a548-45a7-96e8-01a796af6bbe@group-A2F4B778C756-LeaderElection4] INFO  impl.RoleInfo (RoleInfo.java:shutdownLeaderElection(141)) - 318d5f9c-a548-45a7-96e8-01a796af6bbe: shutdown 318d5f9c-a548-45a7-96e8-01a796af6bbe@group-A2F4B778C756-LeaderElection4
2025-05-12 14:24:53,746 [318d5f9c-a548-45a7-96e8-01a796af6bbe@group-A2F4B778C756-LeaderElection4] INFO  server.RaftServer$Division (RaftServerImpl.java:setRole(378)) - 318d5f9c-a548-45a7-96e8-01a796af6bbe@group-A2F4B778C756: changes role from CANDIDATE to LEADER at term 1 for changeToLeader
2025-05-12 14:24:53,746 [318d5f9c-a548-45a7-96e8-01a796af6bbe@group-A2F4B778C756-LeaderElection4] INFO  server.RaftServerConfigKeys (ConfUtils.java:logGet(46)) - raft.server.staging.catchup.gap = 1000 (default)
2025-05-12 14:24:53,746 [318d5f9c-a548-45a7-96e8-01a796af6bbe@group-A2F4B778C756-LeaderElection4] INFO  server.RaftServerConfigKeys (ConfUtils.java:logGet(46)) - raft.server.write.element-limit = 1024 (custom)
2025-05-12 14:24:53,747 [318d5f9c-a548-45a7-96e8-01a796af6bbe@group-A2F4B778C756-LeaderElection4] INFO  server.RaftServerConfigKeys (ConfUtils.java:logGet(46)) - raft.server.write.byte-limit = 1024 M (=1073741824) (custom)
2025-05-12 14:24:53,747 [318d5f9c-a548-45a7-96e8-01a796af6bbe@group-A2F4B778C756-LeaderElection4] INFO  server.RaftServerConfigKeys (ConfUtils.java:logGet(46)) - raft.server.watch.timeout = 30s (custom)
2025-05-12 14:24:53,747 [318d5f9c-a548-45a7-96e8-01a796af6bbe@group-A2F4B778C756-LeaderElection4] INFO  server.RaftServerConfigKeys (ConfUtils.java:logGet(46)) - raft.server.watch.timeout.denomination = 1s (default)
2025-05-12 14:24:53,747 [318d5f9c-a548-45a7-96e8-01a796af6bbe@group-A2F4B778C756-LeaderElection4] INFO  server.RaftServerConfigKeys (ConfUtils.java:logGet(46)) - raft.server.watch.element-limit = 65536 (default)
2025-05-12 14:24:53,748 [318d5f9c-a548-45a7-96e8-01a796af6bbe@group-A2F4B778C756-LeaderElection4] INFO  server.RaftServerConfigKeys (ConfUtils.java:logGet(46)) - raft.server.read.leader.lease.enabled = false (default)
2025-05-12 14:24:53,748 [318d5f9c-a548-45a7-96e8-01a796af6bbe@group-A2F4B778C756-LeaderElection4] INFO  server.RaftServerConfigKeys (ConfUtils.java:logGet(46)) - raft.server.read.leader.lease.timeout.ratio = 0.9 (default)
2025-05-12 14:24:53,748 [318d5f9c-a548-45a7-96e8-01a796af6bbe@group-A2F4B778C756-LeaderElection4] INFO  server.RaftServerConfigKeys (ConfUtils.java:logGet(46)) - raft.server.rpc.timeout.min = 5s (custom)
2025-05-12 14:24:53,748 [318d5f9c-a548-45a7-96e8-01a796af6bbe@group-A2F4B778C756-LeaderElection4] INFO  server.RaftServerConfigKeys (ConfUtils.java:logGet(46)) - raft.server.log.log-metadata.enabled = true (default)
2025-05-12 14:24:53,748 [318d5f9c-a548-45a7-96e8-01a796af6bbe@group-A2F4B778C756-LeaderElection4] INFO  server.RaftServerConfigKeys (ConfUtils.java:logGet(46)) - raft.server.write.element-limit = 1024 (custom)
2025-05-12 14:24:53,748 [318d5f9c-a548-45a7-96e8-01a796af6bbe@group-A2F4B778C756-LeaderElection4] INFO  server.RaftServerConfigKeys (ConfUtils.java:logGet(46)) - raft.server.write.follower.gap.ratio.max = -1.0 (default)
2025-05-12 14:24:53,753 [318d5f9c-a548-45a7-96e8-01a796af6bbe@group-A2F4B778C756-LeaderElection4] INFO  server.RaftServerConfigKeys (ConfUtils.java:logGet(46)) - raft.server.log.appender.snapshot.chunk.size.max = 16MB (=16777216) (default)
2025-05-12 14:24:53,753 [318d5f9c-a548-45a7-96e8-01a796af6bbe@group-A2F4B778C756-LeaderElection4] INFO  server.RaftServerConfigKeys (ConfUtils.java:logGet(46)) - raft.server.log.appender.buffer.byte-limit = 33554432 (custom)
2025-05-12 14:24:53,754 [318d5f9c-a548-45a7-96e8-01a796af6bbe@group-A2F4B778C756-LeaderElection4] INFO  server.RaftServerConfigKeys (ConfUtils.java:logGet(46)) - raft.server.log.appender.buffer.element-limit = 1024 (custom)
2025-05-12 14:24:53,755 [318d5f9c-a548-45a7-96e8-01a796af6bbe@group-A2F4B778C756-LeaderElection4] INFO  server.RaftServerConfigKeys (ConfUtils.java:logGet(46)) - raft.server.log.appender.wait-time.min = 0μs (custom)
2025-05-12 14:24:53,756 [318d5f9c-a548-45a7-96e8-01a796af6bbe@group-A2F4B778C756-LeaderElection4] INFO  grpc.GrpcConfigKeys (ConfUtils.java:logGet(46)) - raft.grpc.server.leader.outstanding.appends.max = 8 (default)
2025-05-12 14:24:53,756 [318d5f9c-a548-45a7-96e8-01a796af6bbe@group-A2F4B778C756-LeaderElection4] INFO  server.RaftServerConfigKeys (ConfUtils.java:logGet(46)) - raft.server.rpc.request.timeout = 60s (custom)
2025-05-12 14:24:53,756 [318d5f9c-a548-45a7-96e8-01a796af6bbe@group-A2F4B778C756-LeaderElection4] INFO  grpc.GrpcConfigKeys (ConfUtils.java:logGet(46)) - raft.grpc.server.install_snapshot.request.element-limit = 8 (default)
2025-05-12 14:24:53,756 [318d5f9c-a548-45a7-96e8-01a796af6bbe@group-A2F4B778C756-LeaderElection4] INFO  grpc.GrpcConfigKeys (ConfUtils.java:logGet(46)) - raft.grpc.server.install_snapshot.request.timeout = 3000ms (default)
2025-05-12 14:24:53,756 [318d5f9c-a548-45a7-96e8-01a796af6bbe@group-A2F4B778C756-LeaderElection4] INFO  grpc.GrpcConfigKeys (ConfUtils.java:logGet(46)) - raft.grpc.server.log-message.batch.duration = 5s (default)
2025-05-12 14:24:53,756 [318d5f9c-a548-45a7-96e8-01a796af6bbe@group-A2F4B778C756-LeaderElection4] INFO  server.RaftServerConfigKeys (ConfUtils.java:logGet(46)) - raft.server.log.appender.install.snapshot.enabled = false (custom)
2025-05-12 14:24:53,757 [318d5f9c-a548-45a7-96e8-01a796af6bbe@group-A2F4B778C756-LeaderElection4] INFO  grpc.GrpcConfigKeys (ConfUtils.java:logGet(46)) - raft.grpc.server.heartbeat.channel = true (default)
2025-05-12 14:24:53,759 [318d5f9c-a548-45a7-96e8-01a796af6bbe@group-A2F4B778C756-LeaderElection4] INFO  server.RaftServerConfigKeys (ConfUtils.java:logGet(46)) - raft.server.log.appender.snapshot.chunk.size.max = 16MB (=16777216) (default)
2025-05-12 14:24:53,759 [318d5f9c-a548-45a7-96e8-01a796af6bbe@group-A2F4B778C756-LeaderElection4] INFO  server.RaftServerConfigKeys (ConfUtils.java:logGet(46)) - raft.server.log.appender.buffer.byte-limit = 33554432 (custom)
2025-05-12 14:24:53,759 [318d5f9c-a548-45a7-96e8-01a796af6bbe@group-A2F4B778C756-LeaderElection4] INFO  server.RaftServerConfigKeys (ConfUtils.java:logGet(46)) - raft.server.log.appender.buffer.element-limit = 1024 (custom)
2025-05-12 14:24:53,759 [318d5f9c-a548-45a7-96e8-01a796af6bbe@group-A2F4B778C756-LeaderElection4] INFO  server.RaftServerConfigKeys (ConfUtils.java:logGet(46)) - raft.server.log.appender.wait-time.min = 0μs (custom)
2025-05-12 14:24:53,759 [318d5f9c-a548-45a7-96e8-01a796af6bbe@group-A2F4B778C756-LeaderElection4] INFO  grpc.GrpcConfigKeys (ConfUtils.java:logGet(46)) - raft.grpc.server.leader.outstanding.appends.max = 8 (default)
2025-05-12 14:24:53,760 [318d5f9c-a548-45a7-96e8-01a796af6bbe@group-A2F4B778C756-LeaderElection4] INFO  server.RaftServerConfigKeys (ConfUtils.java:logGet(46)) - raft.server.rpc.request.timeout = 60s (custom)
2025-05-12 14:24:53,760 [318d5f9c-a548-45a7-96e8-01a796af6bbe@group-A2F4B778C756-LeaderElection4] INFO  grpc.GrpcConfigKeys (ConfUtils.java:logGet(46)) - raft.grpc.server.install_snapshot.request.element-limit = 8 (default)
2025-05-12 14:24:53,760 [318d5f9c-a548-45a7-96e8-01a796af6bbe@group-A2F4B778C756-LeaderElection4] INFO  grpc.GrpcConfigKeys (ConfUtils.java:logGet(46)) - raft.grpc.server.install_snapshot.request.timeout = 3000ms (default)
2025-05-12 14:24:53,760 [318d5f9c-a548-45a7-96e8-01a796af6bbe@group-A2F4B778C756-LeaderElection4] INFO  grpc.GrpcConfigKeys (ConfUtils.java:logGet(46)) - raft.grpc.server.log-message.batch.duration = 5s (default)
2025-05-12 14:24:53,760 [318d5f9c-a548-45a7-96e8-01a796af6bbe@group-A2F4B778C756-LeaderElection4] INFO  server.RaftServerConfigKeys (ConfUtils.java:logGet(46)) - raft.server.log.appender.install.snapshot.enabled = false (custom)
2025-05-12 14:24:53,760 [318d5f9c-a548-45a7-96e8-01a796af6bbe@group-A2F4B778C756-LeaderElection4] INFO  grpc.GrpcConfigKeys (ConfUtils.java:logGet(46)) - raft.grpc.server.heartbeat.channel = true (default)
2025-05-12 14:24:53,761 [318d5f9c-a548-45a7-96e8-01a796af6bbe@group-A2F4B778C756-LeaderElection4] INFO  impl.RoleInfo (RoleInfo.java:updateAndGet(148)) - 318d5f9c-a548-45a7-96e8-01a796af6bbe: start 318d5f9c-a548-45a7-96e8-01a796af6bbe@group-A2F4B778C756-LeaderStateImpl
2025-05-12 14:24:53,761 [318d5f9c-a548-45a7-96e8-01a796af6bbe@group-A2F4B778C756-LeaderElection4] INFO  server.RaftServer$Division (RaftServerImpl.java:setFirstElection(562)) - 318d5f9c-a548-45a7-96e8-01a796af6bbe@group-A2F4B778C756: set firstElectionSinceStartup to false for becomeLeader
2025-05-12 14:24:53,761 [318d5f9c-a548-45a7-96e8-01a796af6bbe@group-A2F4B778C756-LeaderElection4] INFO  ratis.XceiverServerRatis (XceiverServerRatis.java:handleLeaderChangedNotification(944)) - Leader change notification received for group: group-A2F4B778C756 with new leaderId: 318d5f9c-a548-45a7-96e8-01a796af6bbe
2025-05-12 14:24:53,761 [318d5f9c-a548-45a7-96e8-01a796af6bbe@group-A2F4B778C756-LeaderElection4] INFO  server.RaftServer$Division (ServerState.java:setLeader(272)) - 318d5f9c-a548-45a7-96e8-01a796af6bbe@group-A2F4B778C756: change Leader from null to 318d5f9c-a548-45a7-96e8-01a796af6bbe at term 1 for becomeLeader, leader elected after 1144ms
2025-05-12 14:24:53,762 [318d5f9c-a548-45a7-96e8-01a796af6bbe@group-A2F4B778C756-LeaderElection4] INFO  segmented.SegmentedRaftLogWorker (SegmentedRaftLogWorker.java:startLogSegment(438)) - 318d5f9c-a548-45a7-96e8-01a796af6bbe@group-A2F4B778C756-SegmentedRaftLogWorker: Starting segment from index:0
2025-05-12 14:24:53,762 [318d5f9c-a548-45a7-96e8-01a796af6bbe@group-A2F4B778C756-LeaderElection4] INFO  server.RaftServer$Division (ServerState.java:setRaftConf(386)) - 318d5f9c-a548-45a7-96e8-01a796af6bbe@group-A2F4B778C756: set configuration conf: {index: 0, cur=peers:[854da54c-a3b1-4b54-a80c-9675284bfbe1|127.0.0.1:15023, 318d5f9c-a548-45a7-96e8-01a796af6bbe|127.0.0.1:15015, a991347c-fe65-440a-a23f-e482601a678a|127.0.0.1:15031]|listeners:[], old=null}
2025-05-12 14:24:53,763 [318d5f9c-a548-45a7-96e8-01a796af6bbe@group-A2F4B778C756-SegmentedRaftLogWorker] INFO  segmented.BufferedWriteChannel (BufferedWriteChannel.java:open(61)) - open log_inprogress_0 at position 0
2025-05-12 14:24:53,766 [EventQueue-PipelineReportForOneReplicaPipelineSafeModeRule] INFO  safemode.SCMSafeModeManager (SCMSafeModeManager.java:validateSafeModeExitRules(140)) - AtleastOneDatanodeReportedRule rule is successfully validated
2025-05-12 14:24:53,771 [318d5f9c-a548-45a7-96e8-01a796af6bbe@group-A2F4B778C756-SegmentedRaftLogWorker] INFO  segmented.SegmentedRaftLogWorker (SegmentedRaftLogWorker.java:execute(644)) - 318d5f9c-a548-45a7-96e8-01a796af6bbe@group-A2F4B778C756-SegmentedRaftLogWorker: created new log segment /home/runner/work/ozone/ozone/hadoop-ozone/integration-test-s3/target/test-dir/MiniOzoneClusterImpl-3d63a36f-1eaa-4b4c-95b9-e111fcfd97b0/ozone-meta/datanode-1/ratis/266f1024-9bc3-4445-8562-a2f4b778c756/current/log_inprogress_0
2025-05-12 14:24:53,776 [0e533e05-30c1-4787-ae28-a1adde6b7b1c@group-E111FCFD97B0-StateMachineUpdater] INFO  safemode.SCMSafeModeManager (SCMSafeModeManager.java:validateSafeModeExitRules(140)) - DataNodeSafeModeRule rule is successfully validated
2025-05-12 14:24:53,776 [0e533e05-30c1-4787-ae28-a1adde6b7b1c@group-E111FCFD97B0-StateMachineUpdater] INFO  safemode.SCMSafeModeManager (SCMSafeModeManager.java:validateSafeModeExitRules(140)) - RatisContainerSafeModeRule rule is successfully validated
2025-05-12 14:24:53,776 [0e533e05-30c1-4787-ae28-a1adde6b7b1c@group-E111FCFD97B0-StateMachineUpdater] INFO  safemode.HealthyPipelineSafeModeRule (HealthyPipelineSafeModeRule.java:initializeRule(173)) - Refreshed total pipeline count is 1, healthy pipeline threshold count is 1
2025-05-12 14:24:53,776 [0e533e05-30c1-4787-ae28-a1adde6b7b1c@group-E111FCFD97B0-StateMachineUpdater] INFO  safemode.SCMSafeModeManager (SCMSafeModeManager.java:validateSafeModeExitRules(140)) - ECContainerSafeModeRule rule is successfully validated
2025-05-12 14:24:53,776 [0e533e05-30c1-4787-ae28-a1adde6b7b1c@group-E111FCFD97B0-StateMachineUpdater] INFO  safemode.SCMSafeModeManager (SCMSafeModeManager.java:validateSafeModeExitRules(140)) - AtleastOneDatanodeReportedRule rule is successfully validated
2025-05-12 14:24:53,778 [EventQueue-PipelineReportForPipelineReportHandler] INFO  pipeline.PipelineReportHandler (PipelineReportHandler.java:processPipelineReport(134)) - Opened pipeline PipelineID=266f1024-9bc3-4445-8562-a2f4b778c756
2025-05-12 14:24:53,780 [854da54c-a3b1-4b54-a80c-9675284bfbe1-server-thread1] INFO  ratis.XceiverServerRatis (XceiverServerRatis.java:handleLeaderChangedNotification(944)) - Leader change notification received for group: group-A2F4B778C756 with new leaderId: 318d5f9c-a548-45a7-96e8-01a796af6bbe
2025-05-12 14:24:53,781 [854da54c-a3b1-4b54-a80c-9675284bfbe1-server-thread1] INFO  server.RaftServer$Division (ServerState.java:setLeader(272)) - 854da54c-a3b1-4b54-a80c-9675284bfbe1@group-A2F4B778C756: change Leader from null to 318d5f9c-a548-45a7-96e8-01a796af6bbe at term 1 for appendEntries, leader elected after 958ms
2025-05-12 14:24:53,782 [a991347c-fe65-440a-a23f-e482601a678a-server-thread1] INFO  ratis.XceiverServerRatis (XceiverServerRatis.java:handleLeaderChangedNotification(944)) - Leader change notification received for group: group-A2F4B778C756 with new leaderId: 318d5f9c-a548-45a7-96e8-01a796af6bbe
2025-05-12 14:24:53,782 [a991347c-fe65-440a-a23f-e482601a678a-server-thread1] INFO  server.RaftServer$Division (ServerState.java:setLeader(272)) - a991347c-fe65-440a-a23f-e482601a678a@group-A2F4B778C756: change Leader from null to 318d5f9c-a548-45a7-96e8-01a796af6bbe at term 1 for appendEntries, leader elected after 890ms
2025-05-12 14:24:53,786 [EventQueue-OpenPipelineForHealthyPipelineSafeModeRule] INFO  safemode.SCMSafeModeManager (HealthyPipelineSafeModeRule.java:process(141)) - SCM in safe mode. Healthy pipelines reported count is 1, required healthy pipeline reported count is 1
2025-05-12 14:24:53,786 [EventQueue-OpenPipelineForHealthyPipelineSafeModeRule] INFO  safemode.SCMSafeModeManager (SCMSafeModeManager.java:validateSafeModeExitRules(140)) - HealthyPipelineSafeModeRule rule is successfully validated
2025-05-12 14:24:53,786 [EventQueue-OpenPipelineForHealthyPipelineSafeModeRule] INFO  safemode.SCMSafeModeManager (SCMSafeModeManager.java:validateSafeModeExitRules(155)) - ScmSafeModeManager, all rules are successfully validated
2025-05-12 14:24:53,787 [EventQueue-OpenPipelineForHealthyPipelineSafeModeRule] INFO  safemode.SCMSafeModeManager (SCMSafeModeManager.java:exitSafeMode(178)) - SCM exiting safe mode.
2025-05-12 14:24:53,787 [EventQueue-OpenPipelineForHealthyPipelineSafeModeRule] INFO  ha.SCMContext (SCMContext.java:updateSafeModeStatus(224)) - Update SafeModeStatus from SafeModeStatus{safeModeStatus=true, preCheckPassed=true} to SafeModeStatus{safeModeStatus=false, preCheckPassed=true}.
2025-05-12 14:24:53,787 [EventQueue-OpenPipelineForHealthyPipelineSafeModeRule] INFO  BackgroundPipelineScrubber (BackgroundSCMService.java:notifyStatusChanged(78)) - Service BackgroundPipelineScrubber transitions to RUNNING.
2025-05-12 14:24:53,787 [EventQueue-OpenPipelineForHealthyPipelineSafeModeRule] INFO  ExpiredContainerReplicaOpScrubber (BackgroundSCMService.java:notifyStatusChanged(78)) - Service ExpiredContainerReplicaOpScrubber transitions to RUNNING.
2025-05-12 14:24:53,787 [EventQueue-OpenPipelineForHealthyPipelineSafeModeRule] INFO  block.SCMBlockDeletingService (SCMBlockDeletingService.java:notifyStatusChanged(258)) - notifyStatusChanged:RUNNING
2025-05-12 14:24:53,787 [EventQueue-OpenPipelineForHealthyPipelineSafeModeRule] INFO  replication.ReplicationManager (ReplicationManager.java:notifyStatusChanged(1387)) - Service ReplicationManager transitions to RUNNING.
2025-05-12 14:24:53,788 [a991347c-fe65-440a-a23f-e482601a678a-server-thread1] INFO  server.RaftServer$Division (ServerState.java:setRaftConf(386)) - a991347c-fe65-440a-a23f-e482601a678a@group-A2F4B778C756: set configuration conf: {index: 0, cur=peers:[854da54c-a3b1-4b54-a80c-9675284bfbe1|127.0.0.1:15023, 318d5f9c-a548-45a7-96e8-01a796af6bbe|127.0.0.1:15015, a991347c-fe65-440a-a23f-e482601a678a|127.0.0.1:15031]|listeners:[], old=null}
2025-05-12 14:24:53,786 [854da54c-a3b1-4b54-a80c-9675284bfbe1-server-thread2] INFO  server.RaftServer$Division (ServerState.java:setRaftConf(386)) - 854da54c-a3b1-4b54-a80c-9675284bfbe1@group-A2F4B778C756: set configuration conf: {index: 0, cur=peers:[854da54c-a3b1-4b54-a80c-9675284bfbe1|127.0.0.1:15023, 318d5f9c-a548-45a7-96e8-01a796af6bbe|127.0.0.1:15015, a991347c-fe65-440a-a23f-e482601a678a|127.0.0.1:15031]|listeners:[], old=null}
2025-05-12 14:24:53,789 [a991347c-fe65-440a-a23f-e482601a678a-server-thread1] INFO  segmented.SegmentedRaftLogWorker (SegmentedRaftLogWorker.java:startLogSegment(438)) - a991347c-fe65-440a-a23f-e482601a678a@group-A2F4B778C756-SegmentedRaftLogWorker: Starting segment from index:0
2025-05-12 14:24:53,790 [a991347c-fe65-440a-a23f-e482601a678a@group-A2F4B778C756-SegmentedRaftLogWorker] INFO  segmented.BufferedWriteChannel (BufferedWriteChannel.java:open(61)) - open log_inprogress_0 at position 0
2025-05-12 14:24:53,792 [854da54c-a3b1-4b54-a80c-9675284bfbe1-server-thread2] INFO  segmented.SegmentedRaftLogWorker (SegmentedRaftLogWorker.java:startLogSegment(438)) - 854da54c-a3b1-4b54-a80c-9675284bfbe1@group-A2F4B778C756-SegmentedRaftLogWorker: Starting segment from index:0
2025-05-12 14:24:53,792 [854da54c-a3b1-4b54-a80c-9675284bfbe1@group-A2F4B778C756-SegmentedRaftLogWorker] INFO  segmented.BufferedWriteChannel (BufferedWriteChannel.java:open(61)) - open log_inprogress_0 at position 0
2025-05-12 14:24:53,793 [EventQueue-OpenPipelineForHealthyPipelineSafeModeRule] WARN  balancer.ContainerBalancer (ContainerBalancer.java:shouldRun(134)) - Could not find persisted configuration for ContainerBalancer when checking if ContainerBalancer should run. ContainerBalancer should not run now.
2025-05-12 14:24:53,793 [EventQueue-OpenPipelineForHealthyPipelineSafeModeRule] INFO  SCMHATransactionMonitor (BackgroundSCMService.java:notifyStatusChanged(78)) - Service SCMHATransactionMonitor transitions to RUNNING.
2025-05-12 14:24:53,800 [854da54c-a3b1-4b54-a80c-9675284bfbe1@group-A2F4B778C756-SegmentedRaftLogWorker] INFO  segmented.SegmentedRaftLogWorker (SegmentedRaftLogWorker.java:execute(644)) - 854da54c-a3b1-4b54-a80c-9675284bfbe1@group-A2F4B778C756-SegmentedRaftLogWorker: created new log segment /home/runner/work/ozone/ozone/hadoop-ozone/integration-test-s3/target/test-dir/MiniOzoneClusterImpl-3d63a36f-1eaa-4b4c-95b9-e111fcfd97b0/ozone-meta/datanode-2/ratis/266f1024-9bc3-4445-8562-a2f4b778c756/current/log_inprogress_0
2025-05-12 14:24:53,800 [a991347c-fe65-440a-a23f-e482601a678a@group-A2F4B778C756-SegmentedRaftLogWorker] INFO  segmented.SegmentedRaftLogWorker (SegmentedRaftLogWorker.java:execute(644)) - a991347c-fe65-440a-a23f-e482601a678a@group-A2F4B778C756-SegmentedRaftLogWorker: created new log segment /home/runner/work/ozone/ozone/hadoop-ozone/integration-test-s3/target/test-dir/MiniOzoneClusterImpl-3d63a36f-1eaa-4b4c-95b9-e111fcfd97b0/ozone-meta/datanode-3/ratis/266f1024-9bc3-4445-8562-a2f4b778c756/current/log_inprogress_0
2025-05-12 14:24:53,804 [318d5f9c-a548-45a7-96e8-01a796af6bbe@group-A2F4B778C756-StateMachineUpdater] INFO  server.RaftServer$Division (LeaderStateImpl.java:checkStartIndex(313)) - Leader 318d5f9c-a548-45a7-96e8-01a796af6bbe@group-A2F4B778C756-LeaderStateImpl is ready since appliedIndex == startIndex == 0
2025-05-12 14:24:54,054 [854da54c-a3b1-4b54-a80c-9675284bfbe1@group-672574B3754B-FollowerState] INFO  impl.FollowerState (FollowerState.java:runImpl(161)) - 854da54c-a3b1-4b54-a80c-9675284bfbe1@group-672574B3754B-FollowerState: change to CANDIDATE, lastRpcElapsedTime:1121514438ns, electionTimeout:1120ms
2025-05-12 14:24:54,054 [854da54c-a3b1-4b54-a80c-9675284bfbe1@group-672574B3754B-FollowerState] INFO  impl.RoleInfo (RoleInfo.java:shutdownFollowerState(121)) - 854da54c-a3b1-4b54-a80c-9675284bfbe1: shutdown 854da54c-a3b1-4b54-a80c-9675284bfbe1@group-672574B3754B-FollowerState
2025-05-12 14:24:54,054 [854da54c-a3b1-4b54-a80c-9675284bfbe1@group-672574B3754B-FollowerState] INFO  server.RaftServer$Division (RaftServerImpl.java:setRole(378)) - 854da54c-a3b1-4b54-a80c-9675284bfbe1@group-672574B3754B: changes role from  FOLLOWER to CANDIDATE at term 0 for changeToCandidate
2025-05-12 14:24:54,054 [854da54c-a3b1-4b54-a80c-9675284bfbe1@group-672574B3754B-FollowerState] INFO  server.RaftServerConfigKeys (ConfUtils.java:logGet(46)) - raft.server.leaderelection.pre-vote = true (default)
2025-05-12 14:24:54,054 [854da54c-a3b1-4b54-a80c-9675284bfbe1@group-672574B3754B-FollowerState] INFO  impl.RoleInfo (RoleInfo.java:updateAndGet(148)) - 854da54c-a3b1-4b54-a80c-9675284bfbe1: start 854da54c-a3b1-4b54-a80c-9675284bfbe1@group-672574B3754B-LeaderElection5
2025-05-12 14:24:54,055 [854da54c-a3b1-4b54-a80c-9675284bfbe1@group-672574B3754B-LeaderElection5] INFO  impl.LeaderElection (LeaderElection.java:askForVotes(332)) - 854da54c-a3b1-4b54-a80c-9675284bfbe1@group-672574B3754B-LeaderElection5 PRE_VOTE round 0: submit vote requests at term 0 for conf: {index: -1, cur=peers:[854da54c-a3b1-4b54-a80c-9675284bfbe1|127.0.0.1:15023, 318d5f9c-a548-45a7-96e8-01a796af6bbe|127.0.0.1:15015, a991347c-fe65-440a-a23f-e482601a678a|127.0.0.1:15031]|listeners:[], old=null}
2025-05-12 14:24:54,055 [854da54c-a3b1-4b54-a80c-9675284bfbe1@group-672574B3754B-LeaderElection5-1] INFO  server.GrpcServerProtocolClient (GrpcServerProtocolClient.java:<init>(65)) - Build channel for 318d5f9c-a548-45a7-96e8-01a796af6bbe|127.0.0.1:15015
2025-05-12 14:24:54,056 [854da54c-a3b1-4b54-a80c-9675284bfbe1@group-672574B3754B-LeaderElection5-2] INFO  server.GrpcServerProtocolClient (GrpcServerProtocolClient.java:<init>(65)) - Build channel for a991347c-fe65-440a-a23f-e482601a678a|127.0.0.1:15031
2025-05-12 14:24:54,055 [854da54c-a3b1-4b54-a80c-9675284bfbe1@group-672574B3754B-LeaderElection5] INFO  server.RaftServerConfigKeys (ConfUtils.java:logGet(46)) - raft.server.rpc.first-election.timeout.min = 1000ms (custom)
2025-05-12 14:24:54,056 [854da54c-a3b1-4b54-a80c-9675284bfbe1@group-672574B3754B-LeaderElection5] INFO  server.RaftServerConfigKeys (ConfUtils.java:logGet(46)) - raft.server.rpc.first-election.timeout.max = 1200ms (custom)
2025-05-12 14:24:54,061 [grpc-default-executor-2] INFO  server.RaftServer$Division (RaftServerImpl.java:requestVote(1407)) - 318d5f9c-a548-45a7-96e8-01a796af6bbe@group-672574B3754B: receive requestVote(PRE_VOTE, 854da54c-a3b1-4b54-a80c-9675284bfbe1, group-672574B3754B, 0, (t:0, i:0))
2025-05-12 14:24:54,061 [grpc-default-executor-2] INFO  impl.VoteContext (VoteContext.java:log(49)) - 318d5f9c-a548-45a7-96e8-01a796af6bbe@group-672574B3754B-FOLLOWER: accept PRE_VOTE from 854da54c-a3b1-4b54-a80c-9675284bfbe1: our priority 0 <= candidate's priority 1
2025-05-12 14:24:54,061 [grpc-default-executor-2] INFO  server.RaftServer$Division (RaftServerImpl.java:requestVote(1441)) - 318d5f9c-a548-45a7-96e8-01a796af6bbe@group-672574B3754B replies to PRE_VOTE vote request: 854da54c-a3b1-4b54-a80c-9675284bfbe1<-318d5f9c-a548-45a7-96e8-01a796af6bbe#0:OK-t0. Peer's state: 318d5f9c-a548-45a7-96e8-01a796af6bbe@group-672574B3754B:t0, leader=null, voted=, raftlog=Memoized:318d5f9c-a548-45a7-96e8-01a796af6bbe@group-672574B3754B-SegmentedRaftLog:OPENED:c-1:lastnull, conf=conf: {index: -1, cur=peers:[854da54c-a3b1-4b54-a80c-9675284bfbe1|127.0.0.1:15023, 318d5f9c-a548-45a7-96e8-01a796af6bbe|127.0.0.1:15015, a991347c-fe65-440a-a23f-e482601a678a|127.0.0.1:15031]|listeners:[], old=null}
2025-05-12 14:24:54,061 [grpc-default-executor-1] INFO  server.RaftServer$Division (RaftServerImpl.java:requestVote(1407)) - a991347c-fe65-440a-a23f-e482601a678a@group-672574B3754B: receive requestVote(PRE_VOTE, 854da54c-a3b1-4b54-a80c-9675284bfbe1, group-672574B3754B, 0, (t:0, i:0))
2025-05-12 14:24:54,062 [grpc-default-executor-1] INFO  impl.VoteContext (VoteContext.java:log(49)) - a991347c-fe65-440a-a23f-e482601a678a@group-672574B3754B-FOLLOWER: accept PRE_VOTE from 854da54c-a3b1-4b54-a80c-9675284bfbe1: our priority 0 <= candidate's priority 1
2025-05-12 14:24:54,062 [grpc-default-executor-1] INFO  server.RaftServer$Division (RaftServerImpl.java:requestVote(1441)) - a991347c-fe65-440a-a23f-e482601a678a@group-672574B3754B replies to PRE_VOTE vote request: 854da54c-a3b1-4b54-a80c-9675284bfbe1<-a991347c-fe65-440a-a23f-e482601a678a#0:OK-t0. Peer's state: a991347c-fe65-440a-a23f-e482601a678a@group-672574B3754B:t0, leader=null, voted=, raftlog=Memoized:a991347c-fe65-440a-a23f-e482601a678a@group-672574B3754B-SegmentedRaftLog:OPENED:c-1:lastnull, conf=conf: {index: -1, cur=peers:[854da54c-a3b1-4b54-a80c-9675284bfbe1|127.0.0.1:15023, 318d5f9c-a548-45a7-96e8-01a796af6bbe|127.0.0.1:15015, a991347c-fe65-440a-a23f-e482601a678a|127.0.0.1:15031]|listeners:[], old=null}
2025-05-12 14:24:54,063 [854da54c-a3b1-4b54-a80c-9675284bfbe1@group-672574B3754B-LeaderElection5] INFO  impl.LeaderElection (LeaderElection.java:logAndReturn(90)) - 854da54c-a3b1-4b54-a80c-9675284bfbe1@group-672574B3754B-LeaderElection5: PRE_VOTE PASSED received 1 response(s) and 0 exception(s):
2025-05-12 14:24:54,063 [854da54c-a3b1-4b54-a80c-9675284bfbe1@group-672574B3754B-LeaderElection5] INFO  impl.LeaderElection (LeaderElection.java:logAndReturn(94)) -   Response 0: 854da54c-a3b1-4b54-a80c-9675284bfbe1<-318d5f9c-a548-45a7-96e8-01a796af6bbe#0:OK-t0
2025-05-12 14:24:54,063 [854da54c-a3b1-4b54-a80c-9675284bfbe1@group-672574B3754B-LeaderElection5] INFO  impl.LeaderElection (LeaderElection.java:askForVotes(334)) - 854da54c-a3b1-4b54-a80c-9675284bfbe1@group-672574B3754B-LeaderElection5 PRE_VOTE round 0: result PASSED
2025-05-12 14:24:54,065 [854da54c-a3b1-4b54-a80c-9675284bfbe1@group-672574B3754B-LeaderElection5] INFO  impl.LeaderElection (LeaderElection.java:askForVotes(332)) - 854da54c-a3b1-4b54-a80c-9675284bfbe1@group-672574B3754B-LeaderElection5 ELECTION round 0: submit vote requests at term 1 for conf: {index: -1, cur=peers:[854da54c-a3b1-4b54-a80c-9675284bfbe1|127.0.0.1:15023, 318d5f9c-a548-45a7-96e8-01a796af6bbe|127.0.0.1:15015, a991347c-fe65-440a-a23f-e482601a678a|127.0.0.1:15031]|listeners:[], old=null}
2025-05-12 14:24:54,068 [grpc-default-executor-1] INFO  server.RaftServer$Division (RaftServerImpl.java:requestVote(1407)) - 318d5f9c-a548-45a7-96e8-01a796af6bbe@group-672574B3754B: receive requestVote(ELECTION, 854da54c-a3b1-4b54-a80c-9675284bfbe1, group-672574B3754B, 1, (t:0, i:0))
2025-05-12 14:24:54,069 [grpc-default-executor-1] INFO  impl.VoteContext (VoteContext.java:log(49)) - 318d5f9c-a548-45a7-96e8-01a796af6bbe@group-672574B3754B-FOLLOWER: accept ELECTION from 854da54c-a3b1-4b54-a80c-9675284bfbe1: our priority 0 <= candidate's priority 1
2025-05-12 14:24:54,069 [grpc-default-executor-1] INFO  server.RaftServer$Division (RaftServerImpl.java:setRole(378)) - 318d5f9c-a548-45a7-96e8-01a796af6bbe@group-672574B3754B: changes role from  FOLLOWER to FOLLOWER at term 0 for candidate:854da54c-a3b1-4b54-a80c-9675284bfbe1
2025-05-12 14:24:54,069 [grpc-default-executor-1] INFO  impl.RoleInfo (RoleInfo.java:shutdownFollowerState(121)) - 318d5f9c-a548-45a7-96e8-01a796af6bbe: shutdown 318d5f9c-a548-45a7-96e8-01a796af6bbe@group-672574B3754B-FollowerState
2025-05-12 14:24:54,069 [grpc-default-executor-1] INFO  impl.RoleInfo (RoleInfo.java:updateAndGet(148)) - 318d5f9c-a548-45a7-96e8-01a796af6bbe: start 318d5f9c-a548-45a7-96e8-01a796af6bbe@group-672574B3754B-FollowerState
2025-05-12 14:24:54,069 [854da54c-a3b1-4b54-a80c-9675284bfbe1@group-672574B3754B-LeaderElection5] INFO  server.RaftServerConfigKeys (ConfUtils.java:logGet(46)) - raft.server.rpc.first-election.timeout.min = 1000ms (custom)
2025-05-12 14:24:54,069 [854da54c-a3b1-4b54-a80c-9675284bfbe1@group-672574B3754B-LeaderElection5] INFO  server.RaftServerConfigKeys (ConfUtils.java:logGet(46)) - raft.server.rpc.first-election.timeout.max = 1200ms (custom)
2025-05-12 14:24:54,070 [grpc-default-executor-1] INFO  server.RaftServer$Division (RaftServerImpl.java:setFirstElection(562)) - 318d5f9c-a548-45a7-96e8-01a796af6bbe@group-672574B3754B: set firstElectionSinceStartup to false for candidate:854da54c-a3b1-4b54-a80c-9675284bfbe1
2025-05-12 14:24:54,071 [318d5f9c-a548-45a7-96e8-01a796af6bbe@group-672574B3754B-FollowerState] INFO  impl.FollowerState (FollowerState.java:runImpl(170)) - 318d5f9c-a548-45a7-96e8-01a796af6bbe@group-672574B3754B-FollowerState was interrupted
2025-05-12 14:24:54,071 [grpc-default-executor-2] INFO  server.RaftServer$Division (RaftServerImpl.java:requestVote(1407)) - a991347c-fe65-440a-a23f-e482601a678a@group-672574B3754B: receive requestVote(ELECTION, 854da54c-a3b1-4b54-a80c-9675284bfbe1, group-672574B3754B, 1, (t:0, i:0))
2025-05-12 14:24:54,071 [grpc-default-executor-2] INFO  impl.VoteContext (VoteContext.java:log(49)) - a991347c-fe65-440a-a23f-e482601a678a@group-672574B3754B-FOLLOWER: accept ELECTION from 854da54c-a3b1-4b54-a80c-9675284bfbe1: our priority 0 <= candidate's priority 1
2025-05-12 14:24:54,071 [grpc-default-executor-2] INFO  server.RaftServer$Division (RaftServerImpl.java:setRole(378)) - a991347c-fe65-440a-a23f-e482601a678a@group-672574B3754B: changes role from  FOLLOWER to FOLLOWER at term 0 for candidate:854da54c-a3b1-4b54-a80c-9675284bfbe1
2025-05-12 14:24:54,071 [grpc-default-executor-2] INFO  impl.RoleInfo (RoleInfo.java:shutdownFollowerState(121)) - a991347c-fe65-440a-a23f-e482601a678a: shutdown a991347c-fe65-440a-a23f-e482601a678a@group-672574B3754B-FollowerState
2025-05-12 14:24:54,071 [grpc-default-executor-2] INFO  impl.RoleInfo (RoleInfo.java:updateAndGet(148)) - a991347c-fe65-440a-a23f-e482601a678a: start a991347c-fe65-440a-a23f-e482601a678a@group-672574B3754B-FollowerState
2025-05-12 14:24:54,072 [a991347c-fe65-440a-a23f-e482601a678a@group-672574B3754B-FollowerState] INFO  impl.FollowerState (FollowerState.java:runImpl(170)) - a991347c-fe65-440a-a23f-e482601a678a@group-672574B3754B-FollowerState was interrupted
2025-05-12 14:24:54,073 [grpc-default-executor-1] INFO  server.RaftServer$Division (RaftServerImpl.java:requestVote(1441)) - 318d5f9c-a548-45a7-96e8-01a796af6bbe@group-672574B3754B replies to ELECTION vote request: 854da54c-a3b1-4b54-a80c-9675284bfbe1<-318d5f9c-a548-45a7-96e8-01a796af6bbe#0:OK-t1. Peer's state: 318d5f9c-a548-45a7-96e8-01a796af6bbe@group-672574B3754B:t1, leader=null, voted=854da54c-a3b1-4b54-a80c-9675284bfbe1, raftlog=Memoized:318d5f9c-a548-45a7-96e8-01a796af6bbe@group-672574B3754B-SegmentedRaftLog:OPENED:c-1:lastnull, conf=conf: {index: -1, cur=peers:[854da54c-a3b1-4b54-a80c-9675284bfbe1|127.0.0.1:15023, 318d5f9c-a548-45a7-96e8-01a796af6bbe|127.0.0.1:15015, a991347c-fe65-440a-a23f-e482601a678a|127.0.0.1:15031]|listeners:[], old=null}
2025-05-12 14:24:54,074 [grpc-default-executor-2] INFO  server.RaftServer$Division (RaftServerImpl.java:setFirstElection(562)) - a991347c-fe65-440a-a23f-e482601a678a@group-672574B3754B: set firstElectionSinceStartup to false for candidate:854da54c-a3b1-4b54-a80c-9675284bfbe1
2025-05-12 14:24:54,075 [854da54c-a3b1-4b54-a80c-9675284bfbe1@group-672574B3754B-LeaderElection5] INFO  impl.LeaderElection (LeaderElection.java:logAndReturn(90)) - 854da54c-a3b1-4b54-a80c-9675284bfbe1@group-672574B3754B-LeaderElection5: ELECTION PASSED received 1 response(s) and 0 exception(s):
2025-05-12 14:24:54,075 [854da54c-a3b1-4b54-a80c-9675284bfbe1@group-672574B3754B-LeaderElection5] INFO  impl.LeaderElection (LeaderElection.java:logAndReturn(94)) -   Response 0: 854da54c-a3b1-4b54-a80c-9675284bfbe1<-318d5f9c-a548-45a7-96e8-01a796af6bbe#0:OK-t1
2025-05-12 14:24:54,075 [854da54c-a3b1-4b54-a80c-9675284bfbe1@group-672574B3754B-LeaderElection5] INFO  impl.LeaderElection (LeaderElection.java:askForVotes(334)) - 854da54c-a3b1-4b54-a80c-9675284bfbe1@group-672574B3754B-LeaderElection5 ELECTION round 0: result PASSED
2025-05-12 14:24:54,075 [854da54c-a3b1-4b54-a80c-9675284bfbe1@group-672574B3754B-LeaderElection5] INFO  impl.RoleInfo (RoleInfo.java:shutdownLeaderElection(141)) - 854da54c-a3b1-4b54-a80c-9675284bfbe1: shutdown 854da54c-a3b1-4b54-a80c-9675284bfbe1@group-672574B3754B-LeaderElection5
2025-05-12 14:24:54,075 [854da54c-a3b1-4b54-a80c-9675284bfbe1@group-672574B3754B-LeaderElection5] INFO  server.RaftServer$Division (RaftServerImpl.java:setRole(378)) - 854da54c-a3b1-4b54-a80c-9675284bfbe1@group-672574B3754B: changes role from CANDIDATE to LEADER at term 1 for changeToLeader
2025-05-12 14:24:54,075 [854da54c-a3b1-4b54-a80c-9675284bfbe1@group-672574B3754B-LeaderElection5] INFO  server.RaftServerConfigKeys (ConfUtils.java:logGet(46)) - raft.server.staging.catchup.gap = 1000 (default)
2025-05-12 14:24:54,076 [854da54c-a3b1-4b54-a80c-9675284bfbe1@group-672574B3754B-LeaderElection5] INFO  server.RaftServerConfigKeys (ConfUtils.java:logGet(46)) - raft.server.write.element-limit = 1024 (custom)
2025-05-12 14:24:54,076 [854da54c-a3b1-4b54-a80c-9675284bfbe1@group-672574B3754B-LeaderElection5] INFO  server.RaftServerConfigKeys (ConfUtils.java:logGet(46)) - raft.server.write.byte-limit = 1024 M (=1073741824) (custom)
2025-05-12 14:24:54,076 [854da54c-a3b1-4b54-a80c-9675284bfbe1@group-672574B3754B-LeaderElection5] INFO  server.RaftServerConfigKeys (ConfUtils.java:logGet(46)) - raft.server.watch.timeout = 30s (custom)
2025-05-12 14:24:54,076 [854da54c-a3b1-4b54-a80c-9675284bfbe1@group-672574B3754B-LeaderElection5] INFO  server.RaftServerConfigKeys (ConfUtils.java:logGet(46)) - raft.server.watch.timeout.denomination = 1s (default)
2025-05-12 14:24:54,076 [854da54c-a3b1-4b54-a80c-9675284bfbe1@group-672574B3754B-LeaderElection5] INFO  server.RaftServerConfigKeys (ConfUtils.java:logGet(46)) - raft.server.watch.element-limit = 65536 (default)
2025-05-12 14:24:54,077 [854da54c-a3b1-4b54-a80c-9675284bfbe1@group-672574B3754B-LeaderElection5] INFO  server.RaftServerConfigKeys (ConfUtils.java:logGet(46)) - raft.server.read.leader.lease.enabled = false (default)
2025-05-12 14:24:54,078 [854da54c-a3b1-4b54-a80c-9675284bfbe1@group-672574B3754B-LeaderElection5] INFO  server.RaftServerConfigKeys (ConfUtils.java:logGet(46)) - raft.server.read.leader.lease.timeout.ratio = 0.9 (default)
2025-05-12 14:24:54,078 [854da54c-a3b1-4b54-a80c-9675284bfbe1@group-672574B3754B-LeaderElection5] INFO  server.RaftServerConfigKeys (ConfUtils.java:logGet(46)) - raft.server.rpc.timeout.min = 5s (custom)
2025-05-12 14:24:54,078 [854da54c-a3b1-4b54-a80c-9675284bfbe1@group-672574B3754B-LeaderElection5] INFO  server.RaftServerConfigKeys (ConfUtils.java:logGet(46)) - raft.server.log.log-metadata.enabled = true (default)
2025-05-12 14:24:54,078 [854da54c-a3b1-4b54-a80c-9675284bfbe1@group-672574B3754B-LeaderElection5] INFO  server.RaftServerConfigKeys (ConfUtils.java:logGet(46)) - raft.server.write.element-limit = 1024 (custom)
2025-05-12 14:24:54,078 [854da54c-a3b1-4b54-a80c-9675284bfbe1@group-672574B3754B-LeaderElection5] INFO  server.RaftServerConfigKeys (ConfUtils.java:logGet(46)) - raft.server.write.follower.gap.ratio.max = -1.0 (default)
2025-05-12 14:24:54,078 [grpc-default-executor-2] INFO  server.RaftServer$Division (RaftServerImpl.java:requestVote(1441)) - a991347c-fe65-440a-a23f-e482601a678a@group-672574B3754B replies to ELECTION vote request: 854da54c-a3b1-4b54-a80c-9675284bfbe1<-a991347c-fe65-440a-a23f-e482601a678a#0:OK-t1. Peer's state: a991347c-fe65-440a-a23f-e482601a678a@group-672574B3754B:t1, leader=null, voted=854da54c-a3b1-4b54-a80c-9675284bfbe1, raftlog=Memoized:a991347c-fe65-440a-a23f-e482601a678a@group-672574B3754B-SegmentedRaftLog:OPENED:c-1:lastnull, conf=conf: {index: -1, cur=peers:[854da54c-a3b1-4b54-a80c-9675284bfbe1|127.0.0.1:15023, 318d5f9c-a548-45a7-96e8-01a796af6bbe|127.0.0.1:15015, a991347c-fe65-440a-a23f-e482601a678a|127.0.0.1:15031]|listeners:[], old=null}
2025-05-12 14:24:54,079 [854da54c-a3b1-4b54-a80c-9675284bfbe1@group-672574B3754B-LeaderElection5] INFO  server.RaftServerConfigKeys (ConfUtils.java:logGet(46)) - raft.server.log.appender.snapshot.chunk.size.max = 16MB (=16777216) (default)
2025-05-12 14:24:54,079 [854da54c-a3b1-4b54-a80c-9675284bfbe1@group-672574B3754B-LeaderElection5] INFO  server.RaftServerConfigKeys (ConfUtils.java:logGet(46)) - raft.server.log.appender.buffer.byte-limit = 33554432 (custom)
2025-05-12 14:24:54,079 [854da54c-a3b1-4b54-a80c-9675284bfbe1@group-672574B3754B-LeaderElection5] INFO  server.RaftServerConfigKeys (ConfUtils.java:logGet(46)) - raft.server.log.appender.buffer.element-limit = 1024 (custom)
2025-05-12 14:24:54,081 [854da54c-a3b1-4b54-a80c-9675284bfbe1@group-672574B3754B-LeaderElection5] INFO  server.RaftServerConfigKeys (ConfUtils.java:logGet(46)) - raft.server.log.appender.wait-time.min = 0μs (custom)
2025-05-12 14:24:54,081 [854da54c-a3b1-4b54-a80c-9675284bfbe1@group-672574B3754B-LeaderElection5] INFO  grpc.GrpcConfigKeys (ConfUtils.java:logGet(46)) - raft.grpc.server.leader.outstanding.appends.max = 8 (default)
2025-05-12 14:24:54,081 [854da54c-a3b1-4b54-a80c-9675284bfbe1@group-672574B3754B-LeaderElection5] INFO  server.RaftServerConfigKeys (ConfUtils.java:logGet(46)) - raft.server.rpc.request.timeout = 60s (custom)
2025-05-12 14:24:54,081 [854da54c-a3b1-4b54-a80c-9675284bfbe1@group-672574B3754B-LeaderElection5] INFO  grpc.GrpcConfigKeys (ConfUtils.java:logGet(46)) - raft.grpc.server.install_snapshot.request.element-limit = 8 (default)
2025-05-12 14:24:54,081 [854da54c-a3b1-4b54-a80c-9675284bfbe1@group-672574B3754B-LeaderElection5] INFO  grpc.GrpcConfigKeys (ConfUtils.java:logGet(46)) - raft.grpc.server.install_snapshot.request.timeout = 3000ms (default)
2025-05-12 14:24:54,081 [854da54c-a3b1-4b54-a80c-9675284bfbe1@group-672574B3754B-LeaderElection5] INFO  grpc.GrpcConfigKeys (ConfUtils.java:logGet(46)) - raft.grpc.server.log-message.batch.duration = 5s (default)
2025-05-12 14:24:54,081 [854da54c-a3b1-4b54-a80c-9675284bfbe1@group-672574B3754B-LeaderElection5] INFO  server.RaftServerConfigKeys (ConfUtils.java:logGet(46)) - raft.server.log.appender.install.snapshot.enabled = false (custom)
2025-05-12 14:24:54,082 [854da54c-a3b1-4b54-a80c-9675284bfbe1@group-672574B3754B-LeaderElection5] INFO  grpc.GrpcConfigKeys (ConfUtils.java:logGet(46)) - raft.grpc.server.heartbeat.channel = true (default)
2025-05-12 14:24:54,083 [854da54c-a3b1-4b54-a80c-9675284bfbe1@group-672574B3754B-LeaderElection5] INFO  server.RaftServerConfigKeys (ConfUtils.java:logGet(46)) - raft.server.log.appender.snapshot.chunk.size.max = 16MB (=16777216) (default)
2025-05-12 14:24:54,083 [854da54c-a3b1-4b54-a80c-9675284bfbe1@group-672574B3754B-LeaderElection5] INFO  server.RaftServerConfigKeys (ConfUtils.java:logGet(46)) - raft.server.log.appender.buffer.byte-limit = 33554432 (custom)
2025-05-12 14:24:54,083 [854da54c-a3b1-4b54-a80c-9675284bfbe1@group-672574B3754B-LeaderElection5] INFO  server.RaftServerConfigKeys (ConfUtils.java:logGet(46)) - raft.server.log.appender.buffer.element-limit = 1024 (custom)
2025-05-12 14:24:54,084 [854da54c-a3b1-4b54-a80c-9675284bfbe1@group-672574B3754B-LeaderElection5] INFO  server.RaftServerConfigKeys (ConfUtils.java:logGet(46)) - raft.server.log.appender.wait-time.min = 0μs (custom)
2025-05-12 14:24:54,084 [854da54c-a3b1-4b54-a80c-9675284bfbe1@group-672574B3754B-LeaderElection5] INFO  grpc.GrpcConfigKeys (ConfUtils.java:logGet(46)) - raft.grpc.server.leader.outstanding.appends.max = 8 (default)
2025-05-12 14:24:54,084 [854da54c-a3b1-4b54-a80c-9675284bfbe1@group-672574B3754B-LeaderElection5] INFO  server.RaftServerConfigKeys (ConfUtils.java:logGet(46)) - raft.server.rpc.request.timeout = 60s (custom)
2025-05-12 14:24:54,084 [854da54c-a3b1-4b54-a80c-9675284bfbe1@group-672574B3754B-LeaderElection5] INFO  grpc.GrpcConfigKeys (ConfUtils.java:logGet(46)) - raft.grpc.server.install_snapshot.request.element-limit = 8 (default)
2025-05-12 14:24:54,084 [854da54c-a3b1-4b54-a80c-9675284bfbe1@group-672574B3754B-LeaderElection5] INFO  grpc.GrpcConfigKeys (ConfUtils.java:logGet(46)) - raft.grpc.server.install_snapshot.request.timeout = 3000ms (default)
2025-05-12 14:24:54,084 [854da54c-a3b1-4b54-a80c-9675284bfbe1@group-672574B3754B-LeaderElection5] INFO  grpc.GrpcConfigKeys (ConfUtils.java:logGet(46)) - raft.grpc.server.log-message.batch.duration = 5s (default)
2025-05-12 14:24:54,084 [854da54c-a3b1-4b54-a80c-9675284bfbe1@group-672574B3754B-LeaderElection5] INFO  server.RaftServerConfigKeys (ConfUtils.java:logGet(46)) - raft.server.log.appender.install.snapshot.enabled = false (custom)
2025-05-12 14:24:54,084 [854da54c-a3b1-4b54-a80c-9675284bfbe1@group-672574B3754B-LeaderElection5] INFO  grpc.GrpcConfigKeys (ConfUtils.java:logGet(46)) - raft.grpc.server.heartbeat.channel = true (default)
2025-05-12 14:24:54,084 [854da54c-a3b1-4b54-a80c-9675284bfbe1@group-672574B3754B-LeaderElection5] INFO  impl.RoleInfo (RoleInfo.java:updateAndGet(148)) - 854da54c-a3b1-4b54-a80c-9675284bfbe1: start 854da54c-a3b1-4b54-a80c-9675284bfbe1@group-672574B3754B-LeaderStateImpl
2025-05-12 14:24:54,084 [854da54c-a3b1-4b54-a80c-9675284bfbe1@group-672574B3754B-LeaderElection5] INFO  server.RaftServer$Division (RaftServerImpl.java:setFirstElection(562)) - 854da54c-a3b1-4b54-a80c-9675284bfbe1@group-672574B3754B: set firstElectionSinceStartup to false for becomeLeader
2025-05-12 14:24:54,085 [854da54c-a3b1-4b54-a80c-9675284bfbe1@group-672574B3754B-LeaderElection5] INFO  ratis.XceiverServerRatis (XceiverServerRatis.java:handleLeaderChangedNotification(944)) - Leader change notification received for group: group-672574B3754B with new leaderId: 854da54c-a3b1-4b54-a80c-9675284bfbe1
2025-05-12 14:24:54,085 [854da54c-a3b1-4b54-a80c-9675284bfbe1@group-672574B3754B-LeaderElection5] INFO  server.RaftServer$Division (ServerState.java:setLeader(272)) - 854da54c-a3b1-4b54-a80c-9675284bfbe1@group-672574B3754B: change Leader from null to 854da54c-a3b1-4b54-a80c-9675284bfbe1 at term 1 for becomeLeader, leader elected after 1177ms
2025-05-12 14:24:54,085 [854da54c-a3b1-4b54-a80c-9675284bfbe1@group-672574B3754B-LeaderElection5] INFO  segmented.SegmentedRaftLogWorker (SegmentedRaftLogWorker.java:startLogSegment(438)) - 854da54c-a3b1-4b54-a80c-9675284bfbe1@group-672574B3754B-SegmentedRaftLogWorker: Starting segment from index:0
2025-05-12 14:24:54,085 [854da54c-a3b1-4b54-a80c-9675284bfbe1@group-672574B3754B-LeaderElection5] INFO  server.RaftServer$Division (ServerState.java:setRaftConf(386)) - 854da54c-a3b1-4b54-a80c-9675284bfbe1@group-672574B3754B: set configuration conf: {index: 0, cur=peers:[854da54c-a3b1-4b54-a80c-9675284bfbe1|127.0.0.1:15023, 318d5f9c-a548-45a7-96e8-01a796af6bbe|127.0.0.1:15015, a991347c-fe65-440a-a23f-e482601a678a|127.0.0.1:15031]|listeners:[], old=null}
2025-05-12 14:24:54,086 [854da54c-a3b1-4b54-a80c-9675284bfbe1@group-672574B3754B-SegmentedRaftLogWorker] INFO  segmented.BufferedWriteChannel (BufferedWriteChannel.java:open(61)) - open log_inprogress_0 at position 0
2025-05-12 14:24:54,098 [854da54c-a3b1-4b54-a80c-9675284bfbe1@group-672574B3754B-SegmentedRaftLogWorker] INFO  segmented.SegmentedRaftLogWorker (SegmentedRaftLogWorker.java:execute(644)) - 854da54c-a3b1-4b54-a80c-9675284bfbe1@group-672574B3754B-SegmentedRaftLogWorker: created new log segment /home/runner/work/ozone/ozone/hadoop-ozone/integration-test-s3/target/test-dir/MiniOzoneClusterImpl-3d63a36f-1eaa-4b4c-95b9-e111fcfd97b0/ozone-meta/datanode-2/ratis/c78003fe-a3d2-4130-9f31-672574b3754b/current/log_inprogress_0
2025-05-12 14:24:54,102 [318d5f9c-a548-45a7-96e8-01a796af6bbe-server-thread2] INFO  ratis.XceiverServerRatis (XceiverServerRatis.java:handleLeaderChangedNotification(944)) - Leader change notification received for group: group-672574B3754B with new leaderId: 854da54c-a3b1-4b54-a80c-9675284bfbe1
2025-05-12 14:24:54,102 [318d5f9c-a548-45a7-96e8-01a796af6bbe-server-thread2] INFO  server.RaftServer$Division (ServerState.java:setLeader(272)) - 318d5f9c-a548-45a7-96e8-01a796af6bbe@group-672574B3754B: change Leader from null to 854da54c-a3b1-4b54-a80c-9675284bfbe1 at term 1 for appendEntries, leader elected after 1147ms
2025-05-12 14:24:54,102 [318d5f9c-a548-45a7-96e8-01a796af6bbe-server-thread2] INFO  server.RaftServer$Division (ServerState.java:setRaftConf(386)) - 318d5f9c-a548-45a7-96e8-01a796af6bbe@group-672574B3754B: set configuration conf: {index: 0, cur=peers:[854da54c-a3b1-4b54-a80c-9675284bfbe1|127.0.0.1:15023, 318d5f9c-a548-45a7-96e8-01a796af6bbe|127.0.0.1:15015, a991347c-fe65-440a-a23f-e482601a678a|127.0.0.1:15031]|listeners:[], old=null}
2025-05-12 14:24:54,102 [EventQueue-PipelineReportForPipelineReportHandler] INFO  pipeline.PipelineReportHandler (PipelineReportHandler.java:processPipelineReport(134)) - Opened pipeline PipelineID=c78003fe-a3d2-4130-9f31-672574b3754b
2025-05-12 14:24:54,103 [318d5f9c-a548-45a7-96e8-01a796af6bbe-server-thread2] INFO  segmented.SegmentedRaftLogWorker (SegmentedRaftLogWorker.java:startLogSegment(438)) - 318d5f9c-a548-45a7-96e8-01a796af6bbe@group-672574B3754B-SegmentedRaftLogWorker: Starting segment from index:0
2025-05-12 14:24:54,103 [318d5f9c-a548-45a7-96e8-01a796af6bbe@group-672574B3754B-SegmentedRaftLogWorker] INFO  segmented.BufferedWriteChannel (BufferedWriteChannel.java:open(61)) - open log_inprogress_0 at position 0
2025-05-12 14:24:54,104 [a991347c-fe65-440a-a23f-e482601a678a-server-thread1] INFO  ratis.XceiverServerRatis (XceiverServerRatis.java:handleLeaderChangedNotification(944)) - Leader change notification received for group: group-672574B3754B with new leaderId: 854da54c-a3b1-4b54-a80c-9675284bfbe1
2025-05-12 14:24:54,104 [a991347c-fe65-440a-a23f-e482601a678a-server-thread1] INFO  server.RaftServer$Division (ServerState.java:setLeader(272)) - a991347c-fe65-440a-a23f-e482601a678a@group-672574B3754B: change Leader from null to 854da54c-a3b1-4b54-a80c-9675284bfbe1 at term 1 for appendEntries, leader elected after 1111ms
2025-05-12 14:24:54,105 [a991347c-fe65-440a-a23f-e482601a678a-server-thread2] INFO  server.RaftServer$Division (ServerState.java:setRaftConf(386)) - a991347c-fe65-440a-a23f-e482601a678a@group-672574B3754B: set configuration conf: {index: 0, cur=peers:[854da54c-a3b1-4b54-a80c-9675284bfbe1|127.0.0.1:15023, 318d5f9c-a548-45a7-96e8-01a796af6bbe|127.0.0.1:15015, a991347c-fe65-440a-a23f-e482601a678a|127.0.0.1:15031]|listeners:[], old=null}
2025-05-12 14:24:54,105 [a991347c-fe65-440a-a23f-e482601a678a-server-thread2] INFO  segmented.SegmentedRaftLogWorker (SegmentedRaftLogWorker.java:startLogSegment(438)) - a991347c-fe65-440a-a23f-e482601a678a@group-672574B3754B-SegmentedRaftLogWorker: Starting segment from index:0
2025-05-12 14:24:54,106 [a991347c-fe65-440a-a23f-e482601a678a@group-672574B3754B-SegmentedRaftLogWorker] INFO  segmented.BufferedWriteChannel (BufferedWriteChannel.java:open(61)) - open log_inprogress_0 at position 0
2025-05-12 14:24:54,112 [318d5f9c-a548-45a7-96e8-01a796af6bbe@group-672574B3754B-SegmentedRaftLogWorker] INFO  segmented.SegmentedRaftLogWorker (SegmentedRaftLogWorker.java:execute(644)) - 318d5f9c-a548-45a7-96e8-01a796af6bbe@group-672574B3754B-SegmentedRaftLogWorker: created new log segment /home/runner/work/ozone/ozone/hadoop-ozone/integration-test-s3/target/test-dir/MiniOzoneClusterImpl-3d63a36f-1eaa-4b4c-95b9-e111fcfd97b0/ozone-meta/datanode-1/ratis/c78003fe-a3d2-4130-9f31-672574b3754b/current/log_inprogress_0
2025-05-12 14:24:54,112 [a991347c-fe65-440a-a23f-e482601a678a@group-672574B3754B-SegmentedRaftLogWorker] INFO  segmented.SegmentedRaftLogWorker (SegmentedRaftLogWorker.java:execute(644)) - a991347c-fe65-440a-a23f-e482601a678a@group-672574B3754B-SegmentedRaftLogWorker: created new log segment /home/runner/work/ozone/ozone/hadoop-ozone/integration-test-s3/target/test-dir/MiniOzoneClusterImpl-3d63a36f-1eaa-4b4c-95b9-e111fcfd97b0/ozone-meta/datanode-3/ratis/c78003fe-a3d2-4130-9f31-672574b3754b/current/log_inprogress_0
2025-05-12 14:24:54,117 [854da54c-a3b1-4b54-a80c-9675284bfbe1@group-672574B3754B-StateMachineUpdater] INFO  server.RaftServer$Division (LeaderStateImpl.java:checkStartIndex(313)) - Leader 854da54c-a3b1-4b54-a80c-9675284bfbe1@group-672574B3754B-LeaderStateImpl is ready since appliedIndex == startIndex == 0
2025-05-12 14:24:54,136 [main] INFO  ozone.MiniOzoneClusterImpl (MiniOzoneClusterImpl.java:lambda$waitForClusterToBeReady$0(191)) - Nodes are ready. Got 5 of 5 DN Heartbeats.
2025-05-12 14:24:54,136 [main] INFO  ozone.MiniOzoneClusterImpl (MiniOzoneClusterImpl.java:lambda$waitForClusterToBeReady$0(194)) - Cluster exits safe mode
2025-05-12 14:24:54,136 [main] INFO  ozone.MiniOzoneClusterImpl (MiniOzoneClusterImpl.java:lambda$waitForClusterToBeReady$0(196)) - SCM became leader
2025-05-12 14:24:54,142 [main] INFO  s3.S3ClientFactory (S3ClientFactory.java:createS3ClientV2(150)) - S3 Endpoint is http://0.0.0.0:15050
]]></system-out>
  </testcase>
  <testcase name="testListObjectsMany" classname="org.apache.hadoop.ozone.s3.awssdk.v2.TestS3SDKV2WithRatisStreaming" time="0.162">
    <error message="Unable to execute HTTP request: Connect to 0.0.0.0:15050 [/0.0.0.0] failed: Connection refused (SDK Attempt Count: 4)" type="software.amazon.awssdk.core.exception.SdkClientException"><![CDATA[software.amazon.awssdk.core.exception.SdkClientException: Unable to execute HTTP request: Connect to 0.0.0.0:15050 [/0.0.0.0] failed: Connection refused (SDK Attempt Count: 4)
	at software.amazon.awssdk.core.exception.SdkClientException$BuilderImpl.build(SdkClientException.java:130)
	at software.amazon.awssdk.core.exception.SdkClientException$BuilderImpl.build(SdkClientException.java:95)
	at software.amazon.awssdk.core.internal.http.pipeline.stages.utils.RetryableStageHelper.retryPolicyDisallowedRetryException(RetryableStageHelper.java:168)
	at software.amazon.awssdk.core.internal.http.pipeline.stages.RetryableStage.execute(RetryableStage.java:73)
	at software.amazon.awssdk.core.internal.http.pipeline.stages.RetryableStage.execute(RetryableStage.java:36)
	at software.amazon.awssdk.core.internal.http.pipeline.RequestPipelineBuilder$ComposingRequestPipelineStage.execute(RequestPipelineBuilder.java:206)
	at software.amazon.awssdk.core.internal.http.StreamManagingStage.execute(StreamManagingStage.java:53)
	at software.amazon.awssdk.core.internal.http.StreamManagingStage.execute(StreamManagingStage.java:35)
	at software.amazon.awssdk.core.internal.http.pipeline.stages.ApiCallTimeoutTrackingStage.executeWithTimer(ApiCallTimeoutTrackingStage.java:82)
	at software.amazon.awssdk.core.internal.http.pipeline.stages.ApiCallTimeoutTrackingStage.execute(ApiCallTimeoutTrackingStage.java:62)
	at software.amazon.awssdk.core.internal.http.pipeline.stages.ApiCallTimeoutTrackingStage.execute(ApiCallTimeoutTrackingStage.java:43)
	at software.amazon.awssdk.core.internal.http.pipeline.stages.ApiCallMetricCollectionStage.execute(ApiCallMetricCollectionStage.java:50)
	at software.amazon.awssdk.core.internal.http.pipeline.stages.ApiCallMetricCollectionStage.execute(ApiCallMetricCollectionStage.java:32)
	at software.amazon.awssdk.core.internal.http.pipeline.RequestPipelineBuilder$ComposingRequestPipelineStage.execute(RequestPipelineBuilder.java:206)
	at software.amazon.awssdk.core.internal.http.pipeline.RequestPipelineBuilder$ComposingRequestPipelineStage.execute(RequestPipelineBuilder.java:206)
	at software.amazon.awssdk.core.internal.http.pipeline.stages.ExecutionFailureExceptionReportingStage.execute(ExecutionFailureExceptionReportingStage.java:37)
	at software.amazon.awssdk.core.internal.http.pipeline.stages.ExecutionFailureExceptionReportingStage.execute(ExecutionFailureExceptionReportingStage.java:26)
	at software.amazon.awssdk.core.internal.http.AmazonSyncHttpClient$RequestExecutionBuilderImpl.execute(AmazonSyncHttpClient.java:210)
	at software.amazon.awssdk.core.internal.handler.BaseSyncClientHandler.invoke(BaseSyncClientHandler.java:103)
	at software.amazon.awssdk.core.internal.handler.BaseSyncClientHandler.doExecute(BaseSyncClientHandler.java:173)
	at software.amazon.awssdk.core.internal.handler.BaseSyncClientHandler.lambda$execute$1(BaseSyncClientHandler.java:80)
	at software.amazon.awssdk.core.internal.handler.BaseSyncClientHandler.measureApiCallSuccess(BaseSyncClientHandler.java:182)
	at software.amazon.awssdk.core.internal.handler.BaseSyncClientHandler.execute(BaseSyncClientHandler.java:74)
	at software.amazon.awssdk.core.client.handler.SdkSyncClientHandler.execute(SdkSyncClientHandler.java:45)
	at software.amazon.awssdk.awscore.client.handler.AwsSyncClientHandler.execute(AwsSyncClientHandler.java:53)
	at software.amazon.awssdk.services.s3.DefaultS3Client.createBucket(DefaultS3Client.java:1261)
	at software.amazon.awssdk.services.s3.S3Client.createBucket(S3Client.java:1879)
	at org.apache.hadoop.ozone.s3.awssdk.v2.AbstractS3SDKV2Tests.testListObjectsMany(AbstractS3SDKV2Tests.java:167)
	at org.apache.hadoop.ozone.s3.awssdk.v2.AbstractS3SDKV2Tests.testListObjectsMany(AbstractS3SDKV2Tests.java:157)
	at java.base/java.lang.reflect.Method.invoke(Method.java:580)
	at java.base/java.util.ArrayList.forEach(ArrayList.java:1596)
	at java.base/java.util.ArrayList.forEach(ArrayList.java:1596)
	Suppressed: software.amazon.awssdk.core.exception.SdkClientException: Request attempt 1 failure: Unable to execute HTTP request: Connect to 0.0.0.0:15050 [/0.0.0.0] failed: Connection refused
	Suppressed: software.amazon.awssdk.core.exception.SdkClientException: Request attempt 2 failure: Unable to execute HTTP request: Connect to 0.0.0.0:15050 [/0.0.0.0] failed: Connection refused
	Suppressed: software.amazon.awssdk.core.exception.SdkClientException: Request attempt 3 failure: Unable to execute HTTP request: Connect to 0.0.0.0:15050 [/0.0.0.0] failed: Connection refused
Caused by: org.apache.http.conn.HttpHostConnectException: Connect to 0.0.0.0:15050 [/0.0.0.0] failed: Connection refused
	at org.apache.http.impl.conn.DefaultHttpClientConnectionOperator.connect(DefaultHttpClientConnectionOperator.java:156)
	at org.apache.http.impl.conn.PoolingHttpClientConnectionManager.connect(PoolingHttpClientConnectionManager.java:376)
	at software.amazon.awssdk.http.apache.internal.conn.ClientConnectionManagerFactory$DelegatingHttpClientConnectionManager.connect(ClientConnectionManagerFactory.java:86)
	at org.apache.http.impl.execchain.MainClientExec.establishRoute(MainClientExec.java:393)
	at org.apache.http.impl.execchain.MainClientExec.execute(MainClientExec.java:236)
	at org.apache.http.impl.execchain.ProtocolExec.execute(ProtocolExec.java:186)
	at org.apache.http.impl.client.InternalHttpClient.doExecute(InternalHttpClient.java:185)
	at org.apache.http.impl.client.CloseableHttpClient.execute(CloseableHttpClient.java:83)
	at org.apache.http.impl.client.CloseableHttpClient.execute(CloseableHttpClient.java:56)
	at software.amazon.awssdk.http.apache.internal.impl.ApacheSdkHttpClient.execute(ApacheSdkHttpClient.java:72)
	at software.amazon.awssdk.http.apache.ApacheHttpClient.execute(ApacheHttpClient.java:259)
	at software.amazon.awssdk.http.apache.ApacheHttpClient.access$600(ApacheHttpClient.java:104)
	at software.amazon.awssdk.http.apache.ApacheHttpClient$1.call(ApacheHttpClient.java:236)
	at software.amazon.awssdk.http.apache.ApacheHttpClient$1.call(ApacheHttpClient.java:233)
	at software.amazon.awssdk.core.internal.util.MetricUtils.measureDurationUnsafe(MetricUtils.java:102)
	at software.amazon.awssdk.core.internal.http.pipeline.stages.MakeHttpRequestStage.executeHttpRequest(MakeHttpRequestStage.java:88)
	at software.amazon.awssdk.core.internal.http.pipeline.stages.MakeHttpRequestStage.execute(MakeHttpRequestStage.java:64)
	at software.amazon.awssdk.core.internal.http.pipeline.stages.MakeHttpRequestStage.execute(MakeHttpRequestStage.java:46)
	at software.amazon.awssdk.core.internal.http.pipeline.RequestPipelineBuilder$ComposingRequestPipelineStage.execute(RequestPipelineBuilder.java:206)
	at software.amazon.awssdk.core.internal.http.pipeline.RequestPipelineBuilder$ComposingRequestPipelineStage.execute(RequestPipelineBuilder.java:206)
	at software.amazon.awssdk.core.internal.http.pipeline.RequestPipelineBuilder$ComposingRequestPipelineStage.execute(RequestPipelineBuilder.java:206)
	at software.amazon.awssdk.core.internal.http.pipeline.RequestPipelineBuilder$ComposingRequestPipelineStage.execute(RequestPipelineBuilder.java:206)
	at software.amazon.awssdk.core.internal.http.pipeline.stages.ApiCallAttemptTimeoutTrackingStage.execute(ApiCallAttemptTimeoutTrackingStage.java:74)
	at software.amazon.awssdk.core.internal.http.pipeline.stages.ApiCallAttemptTimeoutTrackingStage.execute(ApiCallAttemptTimeoutTrackingStage.java:43)
	at software.amazon.awssdk.core.internal.http.pipeline.stages.TimeoutExceptionHandlingStage.execute(TimeoutExceptionHandlingStage.java:79)
	at software.amazon.awssdk.core.internal.http.pipeline.stages.TimeoutExceptionHandlingStage.execute(TimeoutExceptionHandlingStage.java:41)
	at software.amazon.awssdk.core.internal.http.pipeline.stages.ApiCallAttemptMetricCollectionStage.execute(ApiCallAttemptMetricCollectionStage.java:55)
	at software.amazon.awssdk.core.internal.http.pipeline.stages.ApiCallAttemptMetricCollectionStage.execute(ApiCallAttemptMetricCollectionStage.java:39)
	at software.amazon.awssdk.core.internal.http.pipeline.stages.RetryableStage.executeRequest(RetryableStage.java:93)
	at software.amazon.awssdk.core.internal.http.pipeline.stages.RetryableStage.execute(RetryableStage.java:56)
	... 28 more
Caused by: java.net.ConnectException: Connection refused
	at java.base/sun.nio.ch.Net.pollConnect(Native Method)
	at java.base/sun.nio.ch.Net.pollConnectNow(Net.java:682)
	at java.base/sun.nio.ch.NioSocketImpl.timedFinishConnect(NioSocketImpl.java:549)
	at java.base/sun.nio.ch.NioSocketImpl.connect(NioSocketImpl.java:592)
	at java.base/java.net.SocksSocketImpl.connect(SocksSocketImpl.java:327)
	at java.base/java.net.Socket.connect(Socket.java:751)
	at org.apache.http.conn.socket.PlainConnectionSocketFactory.connectSocket(PlainConnectionSocketFactory.java:75)
	at org.apache.http.impl.conn.DefaultHttpClientConnectionOperator.connect(DefaultHttpClientConnectionOperator.java:142)
	... 57 more
]]></error>
  </testcase>
  <testcase name="testListObjectsManyV2" classname="org.apache.hadoop.ozone.s3.awssdk.v2.TestS3SDKV2WithRatisStreaming" time="0.246">
    <error message="Unable to execute HTTP request: Connect to 0.0.0.0:15050 [/0.0.0.0] failed: Connection refused (SDK Attempt Count: 4)" type="software.amazon.awssdk.core.exception.SdkClientException"><![CDATA[software.amazon.awssdk.core.exception.SdkClientException: Unable to execute HTTP request: Connect to 0.0.0.0:15050 [/0.0.0.0] failed: Connection refused (SDK Attempt Count: 4)
	at software.amazon.awssdk.core.exception.SdkClientException$BuilderImpl.build(SdkClientException.java:130)
	at software.amazon.awssdk.core.exception.SdkClientException$BuilderImpl.build(SdkClientException.java:95)
	at software.amazon.awssdk.core.internal.http.pipeline.stages.utils.RetryableStageHelper.retryPolicyDisallowedRetryException(RetryableStageHelper.java:168)
	at software.amazon.awssdk.core.internal.http.pipeline.stages.RetryableStage.execute(RetryableStage.java:73)
	at software.amazon.awssdk.core.internal.http.pipeline.stages.RetryableStage.execute(RetryableStage.java:36)
	at software.amazon.awssdk.core.internal.http.pipeline.RequestPipelineBuilder$ComposingRequestPipelineStage.execute(RequestPipelineBuilder.java:206)
	at software.amazon.awssdk.core.internal.http.StreamManagingStage.execute(StreamManagingStage.java:53)
	at software.amazon.awssdk.core.internal.http.StreamManagingStage.execute(StreamManagingStage.java:35)
	at software.amazon.awssdk.core.internal.http.pipeline.stages.ApiCallTimeoutTrackingStage.executeWithTimer(ApiCallTimeoutTrackingStage.java:82)
	at software.amazon.awssdk.core.internal.http.pipeline.stages.ApiCallTimeoutTrackingStage.execute(ApiCallTimeoutTrackingStage.java:62)
	at software.amazon.awssdk.core.internal.http.pipeline.stages.ApiCallTimeoutTrackingStage.execute(ApiCallTimeoutTrackingStage.java:43)
	at software.amazon.awssdk.core.internal.http.pipeline.stages.ApiCallMetricCollectionStage.execute(ApiCallMetricCollectionStage.java:50)
	at software.amazon.awssdk.core.internal.http.pipeline.stages.ApiCallMetricCollectionStage.execute(ApiCallMetricCollectionStage.java:32)
	at software.amazon.awssdk.core.internal.http.pipeline.RequestPipelineBuilder$ComposingRequestPipelineStage.execute(RequestPipelineBuilder.java:206)
	at software.amazon.awssdk.core.internal.http.pipeline.RequestPipelineBuilder$ComposingRequestPipelineStage.execute(RequestPipelineBuilder.java:206)
	at software.amazon.awssdk.core.internal.http.pipeline.stages.ExecutionFailureExceptionReportingStage.execute(ExecutionFailureExceptionReportingStage.java:37)
	at software.amazon.awssdk.core.internal.http.pipeline.stages.ExecutionFailureExceptionReportingStage.execute(ExecutionFailureExceptionReportingStage.java:26)
	at software.amazon.awssdk.core.internal.http.AmazonSyncHttpClient$RequestExecutionBuilderImpl.execute(AmazonSyncHttpClient.java:210)
	at software.amazon.awssdk.core.internal.handler.BaseSyncClientHandler.invoke(BaseSyncClientHandler.java:103)
	at software.amazon.awssdk.core.internal.handler.BaseSyncClientHandler.doExecute(BaseSyncClientHandler.java:173)
	at software.amazon.awssdk.core.internal.handler.BaseSyncClientHandler.lambda$execute$1(BaseSyncClientHandler.java:80)
	at software.amazon.awssdk.core.internal.handler.BaseSyncClientHandler.measureApiCallSuccess(BaseSyncClientHandler.java:182)
	at software.amazon.awssdk.core.internal.handler.BaseSyncClientHandler.execute(BaseSyncClientHandler.java:74)
	at software.amazon.awssdk.core.client.handler.SdkSyncClientHandler.execute(SdkSyncClientHandler.java:45)
	at software.amazon.awssdk.awscore.client.handler.AwsSyncClientHandler.execute(AwsSyncClientHandler.java:53)
	at software.amazon.awssdk.services.s3.DefaultS3Client.createBucket(DefaultS3Client.java:1261)
	at software.amazon.awssdk.services.s3.S3Client.createBucket(S3Client.java:1879)
	at org.apache.hadoop.ozone.s3.awssdk.v2.AbstractS3SDKV2Tests.testListObjectsMany(AbstractS3SDKV2Tests.java:167)
	at org.apache.hadoop.ozone.s3.awssdk.v2.AbstractS3SDKV2Tests.testListObjectsManyV2(AbstractS3SDKV2Tests.java:162)
	at java.base/java.lang.reflect.Method.invoke(Method.java:580)
	at java.base/java.util.ArrayList.forEach(ArrayList.java:1596)
	at java.base/java.util.ArrayList.forEach(ArrayList.java:1596)
	Suppressed: software.amazon.awssdk.core.exception.SdkClientException: Request attempt 1 failure: Unable to execute HTTP request: Connect to 0.0.0.0:15050 [/0.0.0.0] failed: Connection refused
	Suppressed: software.amazon.awssdk.core.exception.SdkClientException: Request attempt 2 failure: Unable to execute HTTP request: Connect to 0.0.0.0:15050 [/0.0.0.0] failed: Connection refused
	Suppressed: software.amazon.awssdk.core.exception.SdkClientException: Request attempt 3 failure: Unable to execute HTTP request: Connect to 0.0.0.0:15050 [/0.0.0.0] failed: Connection refused
Caused by: org.apache.http.conn.HttpHostConnectException: Connect to 0.0.0.0:15050 [/0.0.0.0] failed: Connection refused
	at org.apache.http.impl.conn.DefaultHttpClientConnectionOperator.connect(DefaultHttpClientConnectionOperator.java:156)
	at org.apache.http.impl.conn.PoolingHttpClientConnectionManager.connect(PoolingHttpClientConnectionManager.java:376)
	at software.amazon.awssdk.http.apache.internal.conn.ClientConnectionManagerFactory$DelegatingHttpClientConnectionManager.connect(ClientConnectionManagerFactory.java:86)
	at org.apache.http.impl.execchain.MainClientExec.establishRoute(MainClientExec.java:393)
	at org.apache.http.impl.execchain.MainClientExec.execute(MainClientExec.java:236)
	at org.apache.http.impl.execchain.ProtocolExec.execute(ProtocolExec.java:186)
	at org.apache.http.impl.client.InternalHttpClient.doExecute(InternalHttpClient.java:185)
	at org.apache.http.impl.client.CloseableHttpClient.execute(CloseableHttpClient.java:83)
	at org.apache.http.impl.client.CloseableHttpClient.execute(CloseableHttpClient.java:56)
	at software.amazon.awssdk.http.apache.internal.impl.ApacheSdkHttpClient.execute(ApacheSdkHttpClient.java:72)
	at software.amazon.awssdk.http.apache.ApacheHttpClient.execute(ApacheHttpClient.java:259)
	at software.amazon.awssdk.http.apache.ApacheHttpClient.access$600(ApacheHttpClient.java:104)
	at software.amazon.awssdk.http.apache.ApacheHttpClient$1.call(ApacheHttpClient.java:236)
	at software.amazon.awssdk.http.apache.ApacheHttpClient$1.call(ApacheHttpClient.java:233)
	at software.amazon.awssdk.core.internal.util.MetricUtils.measureDurationUnsafe(MetricUtils.java:102)
	at software.amazon.awssdk.core.internal.http.pipeline.stages.MakeHttpRequestStage.executeHttpRequest(MakeHttpRequestStage.java:88)
	at software.amazon.awssdk.core.internal.http.pipeline.stages.MakeHttpRequestStage.execute(MakeHttpRequestStage.java:64)
	at software.amazon.awssdk.core.internal.http.pipeline.stages.MakeHttpRequestStage.execute(MakeHttpRequestStage.java:46)
	at software.amazon.awssdk.core.internal.http.pipeline.RequestPipelineBuilder$ComposingRequestPipelineStage.execute(RequestPipelineBuilder.java:206)
	at software.amazon.awssdk.core.internal.http.pipeline.RequestPipelineBuilder$ComposingRequestPipelineStage.execute(RequestPipelineBuilder.java:206)
	at software.amazon.awssdk.core.internal.http.pipeline.RequestPipelineBuilder$ComposingRequestPipelineStage.execute(RequestPipelineBuilder.java:206)
	at software.amazon.awssdk.core.internal.http.pipeline.RequestPipelineBuilder$ComposingRequestPipelineStage.execute(RequestPipelineBuilder.java:206)
	at software.amazon.awssdk.core.internal.http.pipeline.stages.ApiCallAttemptTimeoutTrackingStage.execute(ApiCallAttemptTimeoutTrackingStage.java:74)
	at software.amazon.awssdk.core.internal.http.pipeline.stages.ApiCallAttemptTimeoutTrackingStage.execute(ApiCallAttemptTimeoutTrackingStage.java:43)
	at software.amazon.awssdk.core.internal.http.pipeline.stages.TimeoutExceptionHandlingStage.execute(TimeoutExceptionHandlingStage.java:79)
	at software.amazon.awssdk.core.internal.http.pipeline.stages.TimeoutExceptionHandlingStage.execute(TimeoutExceptionHandlingStage.java:41)
	at software.amazon.awssdk.core.internal.http.pipeline.stages.ApiCallAttemptMetricCollectionStage.execute(ApiCallAttemptMetricCollectionStage.java:55)
	at software.amazon.awssdk.core.internal.http.pipeline.stages.ApiCallAttemptMetricCollectionStage.execute(ApiCallAttemptMetricCollectionStage.java:39)
	at software.amazon.awssdk.core.internal.http.pipeline.stages.RetryableStage.executeRequest(RetryableStage.java:93)
	at software.amazon.awssdk.core.internal.http.pipeline.stages.RetryableStage.execute(RetryableStage.java:56)
	... 28 more
Caused by: java.net.ConnectException: Connection refused
	at java.base/sun.nio.ch.Net.pollConnect(Native Method)
	at java.base/sun.nio.ch.Net.pollConnectNow(Net.java:682)
	at java.base/sun.nio.ch.NioSocketImpl.timedFinishConnect(NioSocketImpl.java:549)
	at java.base/sun.nio.ch.NioSocketImpl.connect(NioSocketImpl.java:592)
	at java.base/java.net.SocksSocketImpl.connect(SocksSocketImpl.java:327)
	at java.base/java.net.Socket.connect(Socket.java:751)
	at org.apache.http.conn.socket.PlainConnectionSocketFactory.connectSocket(PlainConnectionSocketFactory.java:75)
	at org.apache.http.impl.conn.DefaultHttpClientConnectionOperator.connect(DefaultHttpClientConnectionOperator.java:142)
	... 57 more
]]></error>
  </testcase>
  <testcase name="testLowLevelMultipartUpload(Path)" classname="org.apache.hadoop.ozone.s3.awssdk.v2.TestS3SDKV2WithRatisStreaming" time="0.379">
    <error message="Unable to execute HTTP request: Connect to 0.0.0.0:15050 [/0.0.0.0] failed: Connection refused (SDK Attempt Count: 4)" type="software.amazon.awssdk.core.exception.SdkClientException"><![CDATA[software.amazon.awssdk.core.exception.SdkClientException: Unable to execute HTTP request: Connect to 0.0.0.0:15050 [/0.0.0.0] failed: Connection refused (SDK Attempt Count: 4)
	at software.amazon.awssdk.core.exception.SdkClientException$BuilderImpl.build(SdkClientException.java:130)
	at software.amazon.awssdk.core.exception.SdkClientException$BuilderImpl.build(SdkClientException.java:95)
	at software.amazon.awssdk.core.internal.http.pipeline.stages.utils.RetryableStageHelper.retryPolicyDisallowedRetryException(RetryableStageHelper.java:168)
	at software.amazon.awssdk.core.internal.http.pipeline.stages.RetryableStage.execute(RetryableStage.java:73)
	at software.amazon.awssdk.core.internal.http.pipeline.stages.RetryableStage.execute(RetryableStage.java:36)
	at software.amazon.awssdk.core.internal.http.pipeline.RequestPipelineBuilder$ComposingRequestPipelineStage.execute(RequestPipelineBuilder.java:206)
	at software.amazon.awssdk.core.internal.http.StreamManagingStage.execute(StreamManagingStage.java:53)
	at software.amazon.awssdk.core.internal.http.StreamManagingStage.execute(StreamManagingStage.java:35)
	at software.amazon.awssdk.core.internal.http.pipeline.stages.ApiCallTimeoutTrackingStage.executeWithTimer(ApiCallTimeoutTrackingStage.java:82)
	at software.amazon.awssdk.core.internal.http.pipeline.stages.ApiCallTimeoutTrackingStage.execute(ApiCallTimeoutTrackingStage.java:62)
	at software.amazon.awssdk.core.internal.http.pipeline.stages.ApiCallTimeoutTrackingStage.execute(ApiCallTimeoutTrackingStage.java:43)
	at software.amazon.awssdk.core.internal.http.pipeline.stages.ApiCallMetricCollectionStage.execute(ApiCallMetricCollectionStage.java:50)
	at software.amazon.awssdk.core.internal.http.pipeline.stages.ApiCallMetricCollectionStage.execute(ApiCallMetricCollectionStage.java:32)
	at software.amazon.awssdk.core.internal.http.pipeline.RequestPipelineBuilder$ComposingRequestPipelineStage.execute(RequestPipelineBuilder.java:206)
	at software.amazon.awssdk.core.internal.http.pipeline.RequestPipelineBuilder$ComposingRequestPipelineStage.execute(RequestPipelineBuilder.java:206)
	at software.amazon.awssdk.core.internal.http.pipeline.stages.ExecutionFailureExceptionReportingStage.execute(ExecutionFailureExceptionReportingStage.java:37)
	at software.amazon.awssdk.core.internal.http.pipeline.stages.ExecutionFailureExceptionReportingStage.execute(ExecutionFailureExceptionReportingStage.java:26)
	at software.amazon.awssdk.core.internal.http.AmazonSyncHttpClient$RequestExecutionBuilderImpl.execute(AmazonSyncHttpClient.java:210)
	at software.amazon.awssdk.core.internal.handler.BaseSyncClientHandler.invoke(BaseSyncClientHandler.java:103)
	at software.amazon.awssdk.core.internal.handler.BaseSyncClientHandler.doExecute(BaseSyncClientHandler.java:173)
	at software.amazon.awssdk.core.internal.handler.BaseSyncClientHandler.lambda$execute$1(BaseSyncClientHandler.java:80)
	at software.amazon.awssdk.core.internal.handler.BaseSyncClientHandler.measureApiCallSuccess(BaseSyncClientHandler.java:182)
	at software.amazon.awssdk.core.internal.handler.BaseSyncClientHandler.execute(BaseSyncClientHandler.java:74)
	at software.amazon.awssdk.core.client.handler.SdkSyncClientHandler.execute(SdkSyncClientHandler.java:45)
	at software.amazon.awssdk.awscore.client.handler.AwsSyncClientHandler.execute(AwsSyncClientHandler.java:53)
	at software.amazon.awssdk.services.s3.DefaultS3Client.createBucket(DefaultS3Client.java:1261)
	at software.amazon.awssdk.services.s3.S3Client.createBucket(S3Client.java:1879)
	at org.apache.hadoop.ozone.s3.awssdk.v2.AbstractS3SDKV2Tests.testLowLevelMultipartUpload(AbstractS3SDKV2Tests.java:306)
	at java.base/java.lang.reflect.Method.invoke(Method.java:580)
	at java.base/java.util.ArrayList.forEach(ArrayList.java:1596)
	at java.base/java.util.ArrayList.forEach(ArrayList.java:1596)
	Suppressed: software.amazon.awssdk.core.exception.SdkClientException: Request attempt 1 failure: Unable to execute HTTP request: Connect to 0.0.0.0:15050 [/0.0.0.0] failed: Connection refused
	Suppressed: software.amazon.awssdk.core.exception.SdkClientException: Request attempt 2 failure: Unable to execute HTTP request: Connect to 0.0.0.0:15050 [/0.0.0.0] failed: Connection refused
	Suppressed: software.amazon.awssdk.core.exception.SdkClientException: Request attempt 3 failure: Unable to execute HTTP request: Connect to 0.0.0.0:15050 [/0.0.0.0] failed: Connection refused
Caused by: org.apache.http.conn.HttpHostConnectException: Connect to 0.0.0.0:15050 [/0.0.0.0] failed: Connection refused
	at org.apache.http.impl.conn.DefaultHttpClientConnectionOperator.connect(DefaultHttpClientConnectionOperator.java:156)
	at org.apache.http.impl.conn.PoolingHttpClientConnectionManager.connect(PoolingHttpClientConnectionManager.java:376)
	at software.amazon.awssdk.http.apache.internal.conn.ClientConnectionManagerFactory$DelegatingHttpClientConnectionManager.connect(ClientConnectionManagerFactory.java:86)
	at org.apache.http.impl.execchain.MainClientExec.establishRoute(MainClientExec.java:393)
	at org.apache.http.impl.execchain.MainClientExec.execute(MainClientExec.java:236)
	at org.apache.http.impl.execchain.ProtocolExec.execute(ProtocolExec.java:186)
	at org.apache.http.impl.client.InternalHttpClient.doExecute(InternalHttpClient.java:185)
	at org.apache.http.impl.client.CloseableHttpClient.execute(CloseableHttpClient.java:83)
	at org.apache.http.impl.client.CloseableHttpClient.execute(CloseableHttpClient.java:56)
	at software.amazon.awssdk.http.apache.internal.impl.ApacheSdkHttpClient.execute(ApacheSdkHttpClient.java:72)
	at software.amazon.awssdk.http.apache.ApacheHttpClient.execute(ApacheHttpClient.java:259)
	at software.amazon.awssdk.http.apache.ApacheHttpClient.access$600(ApacheHttpClient.java:104)
	at software.amazon.awssdk.http.apache.ApacheHttpClient$1.call(ApacheHttpClient.java:236)
	at software.amazon.awssdk.http.apache.ApacheHttpClient$1.call(ApacheHttpClient.java:233)
	at software.amazon.awssdk.core.internal.util.MetricUtils.measureDurationUnsafe(MetricUtils.java:102)
	at software.amazon.awssdk.core.internal.http.pipeline.stages.MakeHttpRequestStage.executeHttpRequest(MakeHttpRequestStage.java:88)
	at software.amazon.awssdk.core.internal.http.pipeline.stages.MakeHttpRequestStage.execute(MakeHttpRequestStage.java:64)
	at software.amazon.awssdk.core.internal.http.pipeline.stages.MakeHttpRequestStage.execute(MakeHttpRequestStage.java:46)
	at software.amazon.awssdk.core.internal.http.pipeline.RequestPipelineBuilder$ComposingRequestPipelineStage.execute(RequestPipelineBuilder.java:206)
	at software.amazon.awssdk.core.internal.http.pipeline.RequestPipelineBuilder$ComposingRequestPipelineStage.execute(RequestPipelineBuilder.java:206)
	at software.amazon.awssdk.core.internal.http.pipeline.RequestPipelineBuilder$ComposingRequestPipelineStage.execute(RequestPipelineBuilder.java:206)
	at software.amazon.awssdk.core.internal.http.pipeline.RequestPipelineBuilder$ComposingRequestPipelineStage.execute(RequestPipelineBuilder.java:206)
	at software.amazon.awssdk.core.internal.http.pipeline.stages.ApiCallAttemptTimeoutTrackingStage.execute(ApiCallAttemptTimeoutTrackingStage.java:74)
	at software.amazon.awssdk.core.internal.http.pipeline.stages.ApiCallAttemptTimeoutTrackingStage.execute(ApiCallAttemptTimeoutTrackingStage.java:43)
	at software.amazon.awssdk.core.internal.http.pipeline.stages.TimeoutExceptionHandlingStage.execute(TimeoutExceptionHandlingStage.java:79)
	at software.amazon.awssdk.core.internal.http.pipeline.stages.TimeoutExceptionHandlingStage.execute(TimeoutExceptionHandlingStage.java:41)
	at software.amazon.awssdk.core.internal.http.pipeline.stages.ApiCallAttemptMetricCollectionStage.execute(ApiCallAttemptMetricCollectionStage.java:55)
	at software.amazon.awssdk.core.internal.http.pipeline.stages.ApiCallAttemptMetricCollectionStage.execute(ApiCallAttemptMetricCollectionStage.java:39)
	at software.amazon.awssdk.core.internal.http.pipeline.stages.RetryableStage.executeRequest(RetryableStage.java:93)
	at software.amazon.awssdk.core.internal.http.pipeline.stages.RetryableStage.execute(RetryableStage.java:56)
	... 27 more
Caused by: java.net.ConnectException: Connection refused
	at java.base/sun.nio.ch.Net.pollConnect(Native Method)
	at java.base/sun.nio.ch.Net.pollConnectNow(Net.java:682)
	at java.base/sun.nio.ch.NioSocketImpl.timedFinishConnect(NioSocketImpl.java:549)
	at java.base/sun.nio.ch.NioSocketImpl.connect(NioSocketImpl.java:592)
	at java.base/java.net.SocksSocketImpl.connect(SocksSocketImpl.java:327)
	at java.base/java.net.Socket.connect(Socket.java:751)
	at org.apache.http.conn.socket.PlainConnectionSocketFactory.connectSocket(PlainConnectionSocketFactory.java:75)
	at org.apache.http.impl.conn.DefaultHttpClientConnectionOperator.connect(DefaultHttpClientConnectionOperator.java:142)
	... 56 more
]]></error>
  </testcase>
  <testcase name="testPutObject" classname="org.apache.hadoop.ozone.s3.awssdk.v2.TestS3SDKV2WithRatisStreaming" time="0.474">
    <error message="Unable to execute HTTP request: Connect to 0.0.0.0:15050 [/0.0.0.0] failed: Connection refused (SDK Attempt Count: 4)" type="software.amazon.awssdk.core.exception.SdkClientException"><![CDATA[software.amazon.awssdk.core.exception.SdkClientException: Unable to execute HTTP request: Connect to 0.0.0.0:15050 [/0.0.0.0] failed: Connection refused (SDK Attempt Count: 4)
	at software.amazon.awssdk.core.exception.SdkClientException$BuilderImpl.build(SdkClientException.java:130)
	at software.amazon.awssdk.core.exception.SdkClientException$BuilderImpl.build(SdkClientException.java:95)
	at software.amazon.awssdk.core.internal.http.pipeline.stages.utils.RetryableStageHelper.retryPolicyDisallowedRetryException(RetryableStageHelper.java:168)
	at software.amazon.awssdk.core.internal.http.pipeline.stages.RetryableStage.execute(RetryableStage.java:73)
	at software.amazon.awssdk.core.internal.http.pipeline.stages.RetryableStage.execute(RetryableStage.java:36)
	at software.amazon.awssdk.core.internal.http.pipeline.RequestPipelineBuilder$ComposingRequestPipelineStage.execute(RequestPipelineBuilder.java:206)
	at software.amazon.awssdk.core.internal.http.StreamManagingStage.execute(StreamManagingStage.java:53)
	at software.amazon.awssdk.core.internal.http.StreamManagingStage.execute(StreamManagingStage.java:35)
	at software.amazon.awssdk.core.internal.http.pipeline.stages.ApiCallTimeoutTrackingStage.executeWithTimer(ApiCallTimeoutTrackingStage.java:82)
	at software.amazon.awssdk.core.internal.http.pipeline.stages.ApiCallTimeoutTrackingStage.execute(ApiCallTimeoutTrackingStage.java:62)
	at software.amazon.awssdk.core.internal.http.pipeline.stages.ApiCallTimeoutTrackingStage.execute(ApiCallTimeoutTrackingStage.java:43)
	at software.amazon.awssdk.core.internal.http.pipeline.stages.ApiCallMetricCollectionStage.execute(ApiCallMetricCollectionStage.java:50)
	at software.amazon.awssdk.core.internal.http.pipeline.stages.ApiCallMetricCollectionStage.execute(ApiCallMetricCollectionStage.java:32)
	at software.amazon.awssdk.core.internal.http.pipeline.RequestPipelineBuilder$ComposingRequestPipelineStage.execute(RequestPipelineBuilder.java:206)
	at software.amazon.awssdk.core.internal.http.pipeline.RequestPipelineBuilder$ComposingRequestPipelineStage.execute(RequestPipelineBuilder.java:206)
	at software.amazon.awssdk.core.internal.http.pipeline.stages.ExecutionFailureExceptionReportingStage.execute(ExecutionFailureExceptionReportingStage.java:37)
	at software.amazon.awssdk.core.internal.http.pipeline.stages.ExecutionFailureExceptionReportingStage.execute(ExecutionFailureExceptionReportingStage.java:26)
	at software.amazon.awssdk.core.internal.http.AmazonSyncHttpClient$RequestExecutionBuilderImpl.execute(AmazonSyncHttpClient.java:210)
	at software.amazon.awssdk.core.internal.handler.BaseSyncClientHandler.invoke(BaseSyncClientHandler.java:103)
	at software.amazon.awssdk.core.internal.handler.BaseSyncClientHandler.doExecute(BaseSyncClientHandler.java:173)
	at software.amazon.awssdk.core.internal.handler.BaseSyncClientHandler.lambda$execute$1(BaseSyncClientHandler.java:80)
	at software.amazon.awssdk.core.internal.handler.BaseSyncClientHandler.measureApiCallSuccess(BaseSyncClientHandler.java:182)
	at software.amazon.awssdk.core.internal.handler.BaseSyncClientHandler.execute(BaseSyncClientHandler.java:74)
	at software.amazon.awssdk.core.client.handler.SdkSyncClientHandler.execute(SdkSyncClientHandler.java:45)
	at software.amazon.awssdk.awscore.client.handler.AwsSyncClientHandler.execute(AwsSyncClientHandler.java:53)
	at software.amazon.awssdk.services.s3.DefaultS3Client.createBucket(DefaultS3Client.java:1261)
	at software.amazon.awssdk.services.s3.S3Client.createBucket(S3Client.java:1879)
	at org.apache.hadoop.ozone.s3.awssdk.v2.AbstractS3SDKV2Tests.testPutObject(AbstractS3SDKV2Tests.java:137)
	at java.base/java.lang.reflect.Method.invoke(Method.java:580)
	at java.base/java.util.ArrayList.forEach(ArrayList.java:1596)
	at java.base/java.util.ArrayList.forEach(ArrayList.java:1596)
	Suppressed: software.amazon.awssdk.core.exception.SdkClientException: Request attempt 1 failure: Unable to execute HTTP request: Connect to 0.0.0.0:15050 [/0.0.0.0] failed: Connection refused
	Suppressed: software.amazon.awssdk.core.exception.SdkClientException: Request attempt 2 failure: Unable to execute HTTP request: Connect to 0.0.0.0:15050 [/0.0.0.0] failed: Connection refused
	Suppressed: software.amazon.awssdk.core.exception.SdkClientException: Request attempt 3 failure: Unable to execute HTTP request: Connect to 0.0.0.0:15050 [/0.0.0.0] failed: Connection refused
Caused by: org.apache.http.conn.HttpHostConnectException: Connect to 0.0.0.0:15050 [/0.0.0.0] failed: Connection refused
	at org.apache.http.impl.conn.DefaultHttpClientConnectionOperator.connect(DefaultHttpClientConnectionOperator.java:156)
	at org.apache.http.impl.conn.PoolingHttpClientConnectionManager.connect(PoolingHttpClientConnectionManager.java:376)
	at software.amazon.awssdk.http.apache.internal.conn.ClientConnectionManagerFactory$DelegatingHttpClientConnectionManager.connect(ClientConnectionManagerFactory.java:86)
	at org.apache.http.impl.execchain.MainClientExec.establishRoute(MainClientExec.java:393)
	at org.apache.http.impl.execchain.MainClientExec.execute(MainClientExec.java:236)
	at org.apache.http.impl.execchain.ProtocolExec.execute(ProtocolExec.java:186)
	at org.apache.http.impl.client.InternalHttpClient.doExecute(InternalHttpClient.java:185)
	at org.apache.http.impl.client.CloseableHttpClient.execute(CloseableHttpClient.java:83)
	at org.apache.http.impl.client.CloseableHttpClient.execute(CloseableHttpClient.java:56)
	at software.amazon.awssdk.http.apache.internal.impl.ApacheSdkHttpClient.execute(ApacheSdkHttpClient.java:72)
	at software.amazon.awssdk.http.apache.ApacheHttpClient.execute(ApacheHttpClient.java:259)
	at software.amazon.awssdk.http.apache.ApacheHttpClient.access$600(ApacheHttpClient.java:104)
	at software.amazon.awssdk.http.apache.ApacheHttpClient$1.call(ApacheHttpClient.java:236)
	at software.amazon.awssdk.http.apache.ApacheHttpClient$1.call(ApacheHttpClient.java:233)
	at software.amazon.awssdk.core.internal.util.MetricUtils.measureDurationUnsafe(MetricUtils.java:102)
	at software.amazon.awssdk.core.internal.http.pipeline.stages.MakeHttpRequestStage.executeHttpRequest(MakeHttpRequestStage.java:88)
	at software.amazon.awssdk.core.internal.http.pipeline.stages.MakeHttpRequestStage.execute(MakeHttpRequestStage.java:64)
	at software.amazon.awssdk.core.internal.http.pipeline.stages.MakeHttpRequestStage.execute(MakeHttpRequestStage.java:46)
	at software.amazon.awssdk.core.internal.http.pipeline.RequestPipelineBuilder$ComposingRequestPipelineStage.execute(RequestPipelineBuilder.java:206)
	at software.amazon.awssdk.core.internal.http.pipeline.RequestPipelineBuilder$ComposingRequestPipelineStage.execute(RequestPipelineBuilder.java:206)
	at software.amazon.awssdk.core.internal.http.pipeline.RequestPipelineBuilder$ComposingRequestPipelineStage.execute(RequestPipelineBuilder.java:206)
	at software.amazon.awssdk.core.internal.http.pipeline.RequestPipelineBuilder$ComposingRequestPipelineStage.execute(RequestPipelineBuilder.java:206)
	at software.amazon.awssdk.core.internal.http.pipeline.stages.ApiCallAttemptTimeoutTrackingStage.execute(ApiCallAttemptTimeoutTrackingStage.java:74)
	at software.amazon.awssdk.core.internal.http.pipeline.stages.ApiCallAttemptTimeoutTrackingStage.execute(ApiCallAttemptTimeoutTrackingStage.java:43)
	at software.amazon.awssdk.core.internal.http.pipeline.stages.TimeoutExceptionHandlingStage.execute(TimeoutExceptionHandlingStage.java:79)
	at software.amazon.awssdk.core.internal.http.pipeline.stages.TimeoutExceptionHandlingStage.execute(TimeoutExceptionHandlingStage.java:41)
	at software.amazon.awssdk.core.internal.http.pipeline.stages.ApiCallAttemptMetricCollectionStage.execute(ApiCallAttemptMetricCollectionStage.java:55)
	at software.amazon.awssdk.core.internal.http.pipeline.stages.ApiCallAttemptMetricCollectionStage.execute(ApiCallAttemptMetricCollectionStage.java:39)
	at software.amazon.awssdk.core.internal.http.pipeline.stages.RetryableStage.executeRequest(RetryableStage.java:93)
	at software.amazon.awssdk.core.internal.http.pipeline.stages.RetryableStage.execute(RetryableStage.java:56)
	... 27 more
Caused by: java.net.ConnectException: Connection refused
	at java.base/sun.nio.ch.Net.pollConnect(Native Method)
	at java.base/sun.nio.ch.Net.pollConnectNow(Net.java:682)
	at java.base/sun.nio.ch.NioSocketImpl.timedFinishConnect(NioSocketImpl.java:549)
	at java.base/sun.nio.ch.NioSocketImpl.connect(NioSocketImpl.java:592)
	at java.base/java.net.SocksSocketImpl.connect(SocksSocketImpl.java:327)
	at java.base/java.net.Socket.connect(Socket.java:751)
	at org.apache.http.conn.socket.PlainConnectionSocketFactory.connectSocket(PlainConnectionSocketFactory.java:75)
	at org.apache.http.impl.conn.DefaultHttpClientConnectionOperator.connect(DefaultHttpClientConnectionOperator.java:142)
	... 56 more
]]></error>
  </testcase>
</testsuite>